<?xml version="1.0" encoding="UTF-8"?>
<testsuite xmlns:xsi="http://www.w3.org/2001/XMLSchema-instance" xsi:noNamespaceSchemaLocation="https://maven.apache.org/surefire/maven-surefire-plugin/xsd/surefire-test-report.xsd" name="org.apache.hadoop.ozone.om.TestOzoneManagerHAWithData" time="338.414" tests="12" errors="0" skipped="1" failures="1">
  <properties>
    <property name="awt.toolkit" value="sun.awt.X11.XToolkit"/>
    <property name="file.encoding.pkg" value="sun.io"/>
    <property name="java.specification.version" value="1.8"/>
    <property name="sun.cpu.isalist" value=""/>
    <property name="sun.jnu.encoding" value="UTF-8"/>
    <property name="java.class.path" value="/home/runner/work/ozone/ozone/mnt/ozone/hadoop-ozone/integration-test/target/test-classes:/home/runner/work/ozone/ozone/mnt/ozone/hadoop-ozone/integration-test/target/classes:/home/runner/.m2/repository/org/apache/ozone/ozone-common/1.2.0-SNAPSHOT/ozone-common-1.2.0-SNAPSHOT.jar:/home/runner/.m2/repository/org/apache/commons/commons-compress/1.20/commons-compress-1.20.jar:/home/runner/.m2/repository/org/apache/ozone/hdds-common/1.2.0-SNAPSHOT/hdds-common-1.2.0-SNAPSHOT.jar:/home/runner/.m2/repository/org/apache/ozone/hdds-client/1.2.0-SNAPSHOT/hdds-client-1.2.0-SNAPSHOT.jar:/home/runner/.m2/repository/org/apache/ozone/ozone-interface-client/1.2.0-SNAPSHOT/ozone-interface-client-1.2.0-SNAPSHOT.jar:/home/runner/.m2/repository/org/apache/ozone/hdds-test-utils/1.2.0-SNAPSHOT/hdds-test-utils-1.2.0-SNAPSHOT.jar:/home/runner/.m2/repository/com/google/guava/guava/30.1.1-jre/guava-30.1.1-jre.jar:/home/runner/.m2/repository/com/google/guava/failureaccess/1.0.1/failureaccess-1.0.1.jar:/home/runner/.m2/repository/com/google/guava/listenablefuture/9999.0-empty-to-avoid-conflict-with-guava/listenablefuture-9999.0-empty-to-avoid-conflict-with-guava.jar:/home/runner/.m2/repository/com/google/code/findbugs/jsr305/3.0.0/jsr305-3.0.0.jar:/home/runner/.m2/repository/org/checkerframework/checker-qual/3.8.0/checker-qual-3.8.0.jar:/home/runner/.m2/repository/com/google/errorprone/error_prone_annotations/2.2.0/error_prone_annotations-2.2.0.jar:/home/runner/.m2/repository/com/google/j2objc/j2objc-annotations/1.3/j2objc-annotations-1.3.jar:/home/runner/.m2/repository/commons-io/commons-io/2.8.0/commons-io-2.8.0.jar:/home/runner/.m2/repository/commons-logging/commons-logging/1.2/commons-logging-1.2.jar:/home/runner/.m2/repository/log4j/log4j/1.2.17/log4j-1.2.17.jar:/home/runner/.m2/repository/org/slf4j/slf4j-api/1.7.30/slf4j-api-1.7.30.jar:/home/runner/.m2/repository/org/apache/ozone/hdds-server-scm/1.2.0-SNAPSHOT/hdds-server-scm-1.2.0-SNAPSHOT.jar:/home/runner/.m2/repository/org/apache/ozone/hdds-container-service/1.2.0-SNAPSHOT/hdds-container-service-1.2.0-SNAPSHOT.jar:/home/runner/.m2/repository/org/apache/ozone/hdds-hadoop-dependency-server/1.2.0-SNAPSHOT/hdds-hadoop-dependency-server-1.2.0-SNAPSHOT.jar:/home/runner/.m2/repository/org/apache/hadoop/hadoop-hdfs/3.2.2/hadoop-hdfs-3.2.2.jar:/home/runner/.m2/repository/org/apache/ozone/hdds-server-framework/1.2.0-SNAPSHOT/hdds-server-framework-1.2.0-SNAPSHOT.jar:/home/runner/.m2/repository/org/apache/ozone/hdds-interface-server/1.2.0-SNAPSHOT/hdds-interface-server-1.2.0-SNAPSHOT.jar:/home/runner/.m2/repository/org/eclipse/jetty/jetty-servlet/9.4.35.v20201120/jetty-servlet-9.4.35.v20201120.jar:/home/runner/.m2/repository/org/eclipse/jetty/jetty-security/9.4.35.v20201120/jetty-security-9.4.35.v20201120.jar:/home/runner/.m2/repository/org/rocksdb/rocksdbjni/6.20.3/rocksdbjni-6.20.3.jar:/home/runner/.m2/repository/io/prometheus/simpleclient_dropwizard/0.7.0/simpleclient_dropwizard-0.7.0.jar:/home/runner/.m2/repository/io/prometheus/simpleclient/0.7.0/simpleclient-0.7.0.jar:/home/runner/.m2/repository/io/prometheus/simpleclient_common/0.7.0/simpleclient_common-0.7.0.jar:/home/runner/.m2/repository/com/fasterxml/jackson/datatype/jackson-datatype-jsr310/2.12.1/jackson-datatype-jsr310-2.12.1.jar:/home/runner/.m2/repository/io/dropwizard/metrics/metrics-core/3.2.4/metrics-core-3.2.4.jar:/home/runner/.m2/repository/org/apache/hadoop/hadoop-hdfs-client/3.2.2/hadoop-hdfs-client-3.2.2.jar:/home/runner/.m2/repository/org/bouncycastle/bcprov-jdk15on/1.67/bcprov-jdk15on-1.67.jar:/home/runner/.m2/repository/com/google/protobuf/protobuf-java/2.5.0/protobuf-java-2.5.0.jar:/home/runner/.m2/repository/org/apache/ozone/ozone-manager/1.2.0-SNAPSHOT/ozone-manager-1.2.0-SNAPSHOT.jar:/home/runner/.m2/repository/org/apache/ozone/hdds-interface-client/1.2.0-SNAPSHOT/hdds-interface-client-1.2.0-SNAPSHOT.jar:/home/runner/.m2/repository/org/apache/ratis/ratis-thirdparty-misc/0.7.0-a398b19-SNAPSHOT/ratis-thirdparty-misc-0.7.0-a398b19-SNAPSHOT.jar:/home/runner/.m2/repository/org/apache/ozone/ozone-interface-storage/1.2.0-SNAPSHOT/ozone-interface-storage-1.2.0-SNAPSHOT.jar:/home/runner/.m2/repository/org/apache/hadoop/hadoop-minikdc/3.2.2/hadoop-minikdc-3.2.2.jar:/home/runner/.m2/repository/org/apache/kerby/kerb-simplekdc/1.0.1/kerb-simplekdc-1.0.1.jar:/home/runner/.m2/repository/org/apache/kerby/kerb-client/1.0.1/kerb-client-1.0.1.jar:/home/runner/.m2/repository/org/apache/kerby/kerby-config/1.0.1/kerby-config-1.0.1.jar:/home/runner/.m2/repository/org/apache/kerby/kerb-core/1.0.1/kerb-core-1.0.1.jar:/home/runner/.m2/repository/org/apache/kerby/kerby-pkix/1.0.1/kerby-pkix-1.0.1.jar:/home/runner/.m2/repository/org/apache/kerby/kerby-asn1/1.0.1/kerby-asn1-1.0.1.jar:/home/runner/.m2/repository/org/apache/kerby/kerby-util/1.0.1/kerby-util-1.0.1.jar:/home/runner/.m2/repository/org/apache/kerby/kerb-common/1.0.1/kerb-common-1.0.1.jar:/home/runner/.m2/repository/org/apache/kerby/kerb-crypto/1.0.1/kerb-crypto-1.0.1.jar:/home/runner/.m2/repository/org/apache/kerby/kerb-util/1.0.1/kerb-util-1.0.1.jar:/home/runner/.m2/repository/org/apache/kerby/token-provider/1.0.1/token-provider-1.0.1.jar:/home/runner/.m2/repository/org/apache/kerby/kerb-admin/1.0.1/kerb-admin-1.0.1.jar:/home/runner/.m2/repository/org/apache/kerby/kerb-server/1.0.1/kerb-server-1.0.1.jar:/home/runner/.m2/repository/org/apache/kerby/kerb-identity/1.0.1/kerb-identity-1.0.1.jar:/home/runner/.m2/repository/org/apache/kerby/kerby-xdr/1.0.1/kerby-xdr-1.0.1.jar:/home/runner/.m2/repository/org/slf4j/slf4j-log4j12/1.7.30/slf4j-log4j12-1.7.30.jar:/home/runner/.m2/repository/org/apache/ozone/ozone-s3gateway/1.2.0-SNAPSHOT/ozone-s3gateway-1.2.0-SNAPSHOT.jar:/home/runner/.m2/repository/org/jboss/weld/servlet/weld-servlet/2.4.7.Final/weld-servlet-2.4.7.Final.jar:/home/runner/.m2/repository/org/glassfish/jersey/containers/jersey-container-servlet-core/2.33/jersey-container-servlet-core-2.33.jar:/home/runner/.m2/repository/org/glassfish/hk2/external/jakarta.inject/2.6.1/jakarta.inject-2.6.1.jar:/home/runner/.m2/repository/org/glassfish/jersey/core/jersey-common/2.33/jersey-common-2.33.jar:/home/runner/.m2/repository/jakarta/ws/rs/jakarta.ws.rs-api/2.1.6/jakarta.ws.rs-api-2.1.6.jar:/home/runner/.m2/repository/org/glassfish/jersey/ext/cdi/jersey-cdi1x/2.33/jersey-cdi1x-2.33.jar:/home/runner/.m2/repository/org/glassfish/jersey/inject/jersey-hk2/2.33/jersey-hk2-2.33.jar:/home/runner/.m2/repository/org/glassfish/hk2/hk2-locator/2.6.1/hk2-locator-2.6.1.jar:/home/runner/.m2/repository/org/javassist/javassist/3.25.0-GA/javassist-3.25.0-GA.jar:/home/runner/.m2/repository/org/glassfish/jersey/media/jersey-media-jaxb/2.33/jersey-media-jaxb-2.33.jar:/home/runner/.m2/repository/org/glassfish/hk2/osgi-resource-locator/1.0.3/osgi-resource-locator-1.0.3.jar:/home/runner/.m2/repository/org/glassfish/hk2/hk2-api/2.5.0/hk2-api-2.5.0.jar:/home/runner/.m2/repository/org/glassfish/hk2/hk2-utils/2.5.0/hk2-utils-2.5.0.jar:/home/runner/.m2/repository/org/glassfish/hk2/external/aopalliance-repackaged/2.5.0/aopalliance-repackaged-2.5.0.jar:/home/runner/.m2/repository/com/fasterxml/jackson/dataformat/jackson-dataformat-xml/2.12.1/jackson-dataformat-xml-2.12.1.jar:/home/runner/.m2/repository/com/fasterxml/jackson/core/jackson-core/2.12.1/jackson-core-2.12.1.jar:/home/runner/.m2/repository/com/fasterxml/jackson/module/jackson-module-jaxb-annotations/2.12.1/jackson-module-jaxb-annotations-2.12.1.jar:/home/runner/.m2/repository/jakarta/xml/bind/jakarta.xml.bind-api/2.3.2/jakarta.xml.bind-api-2.3.2.jar:/home/runner/.m2/repository/jakarta/activation/jakarta.activation-api/1.2.1/jakarta.activation-api-1.2.1.jar:/home/runner/.m2/repository/org/codehaus/woodstox/stax2-api/3.1.4/stax2-api-3.1.4.jar:/home/runner/.m2/repository/com/fasterxml/woodstox/woodstox-core/5.0.3/woodstox-core-5.0.3.jar:/home/runner/.m2/repository/javax/enterprise/cdi-api/1.2/cdi-api-1.2.jar:/home/runner/.m2/repository/javax/el/javax.el-api/3.0.0/javax.el-api-3.0.0.jar:/home/runner/.m2/repository/javax/interceptor/javax.interceptor-api/1.2/javax.interceptor-api-1.2.jar:/home/runner/.m2/repository/javax/inject/javax.inject/1/javax.inject-1.jar:/home/runner/.m2/repository/javax/xml/bind/jaxb-api/2.3.0/jaxb-api-2.3.0.jar:/home/runner/.m2/repository/org/glassfish/jaxb/jaxb-runtime/2.3.0.1/jaxb-runtime-2.3.0.1.jar:/home/runner/.m2/repository/org/glassfish/jaxb/jaxb-core/2.3.0.1/jaxb-core-2.3.0.1.jar:/home/runner/.m2/repository/org/glassfish/jaxb/txw2/2.3.0.1/txw2-2.3.0.1.jar:/home/runner/.m2/repository/com/sun/istack/istack-commons-runtime/3.0.5/istack-commons-runtime-3.0.5.jar:/home/runner/.m2/repository/org/jvnet/staxex/stax-ex/1.7.8/stax-ex-1.7.8.jar:/home/runner/.m2/repository/com/sun/xml/fastinfoset/FastInfoset/1.2.13/FastInfoset-1.2.13.jar:/home/runner/.m2/repository/javax/activation/activation/1.1.1/activation-1.1.1.jar:/home/runner/.m2/repository/org/apache/ozone/ozone-csi/1.2.0-SNAPSHOT/ozone-csi-1.2.0-SNAPSHOT.jar:/home/runner/.m2/repository/com/google/protobuf/protobuf-java-util/3.12.0/protobuf-java-util-3.12.0.jar:/home/runner/.m2/repository/com/google/code/gson/gson/2.2.4/gson-2.2.4.jar:/home/runner/.m2/repository/org/apache/ozone/hdds-config/1.2.0-SNAPSHOT/hdds-config-1.2.0-SNAPSHOT.jar:/home/runner/.m2/repository/io/grpc/grpc-netty/1.33.0/grpc-netty-1.33.0.jar:/home/runner/.m2/repository/io/grpc/grpc-core/1.33.0/grpc-core-1.33.0.jar:/home/runner/.m2/repository/com/google/android/annotations/4.1.1.4/annotations-4.1.1.4.jar:/home/runner/.m2/repository/io/netty/netty-codec-http2/4.1.51.Final/netty-codec-http2-4.1.51.Final.jar:/home/runner/.m2/repository/io/netty/netty-codec-http/4.1.51.Final/netty-codec-http-4.1.51.Final.jar:/home/runner/.m2/repository/io/netty/netty-handler-proxy/4.1.51.Final/netty-handler-proxy-4.1.51.Final.jar:/home/runner/.m2/repository/io/netty/netty-codec-socks/4.1.51.Final/netty-codec-socks-4.1.51.Final.jar:/home/runner/.m2/repository/io/perfmark/perfmark-api/0.19.0/perfmark-api-0.19.0.jar:/home/runner/.m2/repository/org/codehaus/mojo/animal-sniffer-annotations/1.18/animal-sniffer-annotations-1.18.jar:/home/runner/.m2/repository/io/netty/netty-transport-native-epoll/4.1.63.Final/netty-transport-native-epoll-4.1.63.Final.jar:/home/runner/.m2/repository/io/netty/netty-common/4.1.63.Final/netty-common-4.1.63.Final.jar:/home/runner/.m2/repository/io/netty/netty-buffer/4.1.63.Final/netty-buffer-4.1.63.Final.jar:/home/runner/.m2/repository/io/netty/netty-transport-native-unix-common/4.1.63.Final/netty-transport-native-unix-common-4.1.63.Final.jar:/home/runner/.m2/repository/io/grpc/grpc-protobuf/1.33.0/grpc-protobuf-1.33.0.jar:/home/runner/.m2/repository/io/grpc/grpc-api/1.33.0/grpc-api-1.33.0.jar:/home/runner/.m2/repository/io/grpc/grpc-context/1.33.0/grpc-context-1.33.0.jar:/home/runner/.m2/repository/com/google/api/grpc/proto-google-common-protos/1.17.0/proto-google-common-protos-1.17.0.jar:/home/runner/.m2/repository/io/grpc/grpc-protobuf-lite/1.33.0/grpc-protobuf-lite-1.33.0.jar:/home/runner/.m2/repository/io/grpc/grpc-stub/1.33.0/grpc-stub-1.33.0.jar:/home/runner/.m2/repository/org/apache/ozone/ozone-recon/1.2.0-SNAPSHOT/ozone-recon-1.2.0-SNAPSHOT.jar:/home/runner/.m2/repository/org/apache/ozone/ozone-reconcodegen/1.2.0-SNAPSHOT/ozone-reconcodegen-1.2.0-SNAPSHOT.jar:/home/runner/.m2/repository/com/google/inject/extensions/guice-multibindings/4.0/guice-multibindings-4.0.jar:/home/runner/.m2/repository/com/google/inject/guice/4.0/guice-4.0.jar:/home/runner/.m2/repository/aopalliance/aopalliance/1.0/aopalliance-1.0.jar:/home/runner/.m2/repository/com/google/inject/extensions/guice-assistedinject/4.0/guice-assistedinject-4.0.jar:/home/runner/.m2/repository/com/google/inject/extensions/guice-servlet/4.0/guice-servlet-4.0.jar:/home/runner/.m2/repository/org/glassfish/jersey/containers/jersey-container-servlet/2.33/jersey-container-servlet-2.33.jar:/home/runner/.m2/repository/org/glassfish/hk2/guice-bridge/2.5.0/guice-bridge-2.5.0.jar:/home/runner/.m2/repository/org/glassfish/jersey/core/jersey-server/2.33/jersey-server-2.33.jar:/home/runner/.m2/repository/org/glassfish/jersey/core/jersey-client/2.33/jersey-client-2.33.jar:/home/runner/.m2/repository/jakarta/annotation/jakarta.annotation-api/1.3.5/jakarta.annotation-api-1.3.5.jar:/home/runner/.m2/repository/jakarta/validation/jakarta.validation-api/2.0.2/jakarta.validation-api-2.0.2.jar:/home/runner/.m2/repository/org/glassfish/jersey/media/jersey-media-json-jackson/2.33/jersey-media-json-jackson-2.33.jar:/home/runner/.m2/repository/org/glassfish/jersey/ext/jersey-entity-filtering/2.33/jersey-entity-filtering-2.33.jar:/home/runner/.m2/repository/org/jooq/jooq/3.11.10/jooq-3.11.10.jar:/home/runner/.m2/repository/org/jooq/jooq-meta/3.11.10/jooq-meta-3.11.10.jar:/home/runner/.m2/repository/org/jooq/jooq-codegen/3.11.10/jooq-codegen-3.11.10.jar:/home/runner/.m2/repository/com/jolbox/bonecp/0.8.0.RELEASE/bonecp-0.8.0.RELEASE.jar:/home/runner/.m2/repository/org/apache/derby/derby/10.14.2.0/derby-10.14.2.0.jar:/home/runner/.m2/repository/org/xerial/sqlite-jdbc/3.25.2/sqlite-jdbc-3.25.2.jar:/home/runner/.m2/repository/org/springframework/spring-jdbc/5.2.11.RELEASE/spring-jdbc-5.2.11.RELEASE.jar:/home/runner/.m2/repository/org/springframework/spring-beans/5.2.11.RELEASE/spring-beans-5.2.11.RELEASE.jar:/home/runner/.m2/repository/org/springframework/spring-core/5.2.11.RELEASE/spring-core-5.2.11.RELEASE.jar:/home/runner/.m2/repository/org/springframework/spring-jcl/5.2.11.RELEASE/spring-jcl-5.2.11.RELEASE.jar:/home/runner/.m2/repository/org/springframework/spring-tx/5.2.11.RELEASE/spring-tx-5.2.11.RELEASE.jar:/home/runner/.m2/repository/org/apache/ozone/ozone-client/1.2.0-SNAPSHOT/ozone-client-1.2.0-SNAPSHOT.jar:/home/runner/.m2/repository/org/apache/ozone/ozone-filesystem/1.2.0-SNAPSHOT/ozone-filesystem-1.2.0-SNAPSHOT.jar:/home/runner/.m2/repository/org/apache/ozone/ozone-filesystem-common/1.2.0-SNAPSHOT/ozone-filesystem-common-1.2.0-SNAPSHOT.jar:/home/runner/.m2/repository/org/apache/ozone/ozone-tools/1.2.0-SNAPSHOT/ozone-tools-1.2.0-SNAPSHOT.jar:/home/runner/.m2/repository/org/apache/ratis/ratis-tools/2.1.0-ff8aa66-SNAPSHOT/ratis-tools-2.1.0-ff8aa66-SNAPSHOT.jar:/home/runner/.m2/repository/org/apache/ratis/ratis-proto/2.1.0-ff8aa66-SNAPSHOT/ratis-proto-2.1.0-ff8aa66-SNAPSHOT.jar:/home/runner/.m2/repository/org/apache/ratis/ratis-common/2.1.0-ff8aa66-SNAPSHOT/ratis-common-2.1.0-ff8aa66-SNAPSHOT.jar:/home/runner/.m2/repository/com/amazonaws/aws-java-sdk-core/1.11.901/aws-java-sdk-core-1.11.901.jar:/home/runner/.m2/repository/org/apache/httpcomponents/httpclient/4.5.13/httpclient-4.5.13.jar:/home/runner/.m2/repository/org/apache/httpcomponents/httpcore/4.4.13/httpcore-4.4.13.jar:/home/runner/.m2/repository/software/amazon/ion/ion-java/1.0.2/ion-java-1.0.2.jar:/home/runner/.m2/repository/com/fasterxml/jackson/dataformat/jackson-dataformat-cbor/2.12.1/jackson-dataformat-cbor-2.12.1.jar:/home/runner/.m2/repository/joda-time/joda-time/2.8.1/joda-time-2.8.1.jar:/home/runner/.m2/repository/com/amazonaws/aws-java-sdk-s3/1.11.901/aws-java-sdk-s3-1.11.901.jar:/home/runner/.m2/repository/com/amazonaws/aws-java-sdk-kms/1.11.901/aws-java-sdk-kms-1.11.901.jar:/home/runner/.m2/repository/com/amazonaws/jmespath-java/1.11.901/jmespath-java-1.11.901.jar:/home/runner/.m2/repository/org/kohsuke/metainf-services/metainf-services/1.8/metainf-services-1.8.jar:/home/runner/.m2/repository/org/apache/ozone/hdds-tools/1.2.0-SNAPSHOT/hdds-tools-1.2.0-SNAPSHOT.jar:/home/runner/.m2/repository/commons-cli/commons-cli/1.2/commons-cli-1.2.jar:/home/runner/.m2/repository/org/apache/commons/commons-lang3/3.7/commons-lang3-3.7.jar:/home/runner/.m2/repository/org/apache/ozone/ozone-manager/1.2.0-SNAPSHOT/ozone-manager-1.2.0-SNAPSHOT-tests.jar:/home/runner/.m2/repository/org/apache/ozone/hdds-common/1.2.0-SNAPSHOT/hdds-common-1.2.0-SNAPSHOT-tests.jar:/home/runner/.m2/repository/org/apache/ozone/hdds-hadoop-dependency-client/1.2.0-SNAPSHOT/hdds-hadoop-dependency-client-1.2.0-SNAPSHOT.jar:/home/runner/.m2/repository/info/picocli/picocli/4.4.0/picocli-4.4.0.jar:/home/runner/.m2/repository/com/fasterxml/jackson/core/jackson-annotations/2.12.1/jackson-annotations-2.12.1.jar:/home/runner/.m2/repository/javax/annotation/javax.annotation-api/1.2/javax.annotation-api-1.2.jar:/home/runner/.m2/repository/org/apache/ratis/ratis-server/2.1.0-ff8aa66-SNAPSHOT/ratis-server-2.1.0-ff8aa66-SNAPSHOT.jar:/home/runner/.m2/repository/org/apache/ratis/ratis-client/2.1.0-ff8aa66-SNAPSHOT/ratis-client-2.1.0-ff8aa66-SNAPSHOT.jar:/home/runner/.m2/repository/org/apache/ratis/ratis-server-api/2.1.0-ff8aa66-SNAPSHOT/ratis-server-api-2.1.0-ff8aa66-SNAPSHOT.jar:/home/runner/.m2/repository/org/apache/ratis/ratis-metrics/2.1.0-ff8aa66-SNAPSHOT/ratis-metrics-2.1.0-ff8aa66-SNAPSHOT.jar:/home/runner/.m2/repository/org/apache/ratis/ratis-netty/2.1.0-ff8aa66-SNAPSHOT/ratis-netty-2.1.0-ff8aa66-SNAPSHOT.jar:/home/runner/.m2/repository/org/apache/ratis/ratis-grpc/2.1.0-ff8aa66-SNAPSHOT/ratis-grpc-2.1.0-ff8aa66-SNAPSHOT.jar:/home/runner/.m2/repository/org/apache/logging/log4j/log4j-api/2.13.3/log4j-api-2.13.3.jar:/home/runner/.m2/repository/org/apache/logging/log4j/log4j-core/2.13.3/log4j-core-2.13.3.jar:/home/runner/.m2/repository/com/lmax/disruptor/3.4.2/disruptor-3.4.2.jar:/home/runner/.m2/repository/org/apache/commons/commons-pool2/2.6.0/commons-pool2-2.6.0.jar:/home/runner/.m2/repository/org/bouncycastle/bcpkix-jdk15on/1.67/bcpkix-jdk15on-1.67.jar:/home/runner/.m2/repository/commons-validator/commons-validator/1.6/commons-validator-1.6.jar:/home/runner/.m2/repository/commons-beanutils/commons-beanutils/1.9.4/commons-beanutils-1.9.4.jar:/home/runner/.m2/repository/commons-digester/commons-digester/1.8.1/commons-digester-1.8.1.jar:/home/runner/.m2/repository/commons-collections/commons-collections/3.2.2/commons-collections-3.2.2.jar:/home/runner/.m2/repository/io/jaegertracing/jaeger-client/1.6.0/jaeger-client-1.6.0.jar:/home/runner/.m2/repository/io/jaegertracing/jaeger-thrift/1.6.0/jaeger-thrift-1.6.0.jar:/home/runner/.m2/repository/org/apache/thrift/libthrift/0.14.1/libthrift-0.14.1.jar:/home/runner/.m2/repository/com/squareup/okhttp3/okhttp/4.9.0/okhttp-4.9.0.jar:/home/runner/.m2/repository/com/squareup/okio/okio/2.8.0/okio-2.8.0.jar:/home/runner/.m2/repository/io/jaegertracing/jaeger-core/1.6.0/jaeger-core-1.6.0.jar:/home/runner/.m2/repository/io/jaegertracing/jaeger-tracerresolver/1.6.0/jaeger-tracerresolver-1.6.0.jar:/home/runner/.m2/repository/io/opentracing/contrib/opentracing-tracerresolver/0.1.8/opentracing-tracerresolver-0.1.8.jar:/home/runner/.m2/repository/org/jetbrains/kotlin/kotlin-stdlib/1.4.31/kotlin-stdlib-1.4.31.jar:/home/runner/.m2/repository/org/jetbrains/kotlin/kotlin-stdlib-common/1.4.31/kotlin-stdlib-common-1.4.31.jar:/home/runner/.m2/repository/org/jetbrains/annotations/13.0/annotations-13.0.jar:/home/runner/.m2/repository/io/opentracing/opentracing-util/0.33.0/opentracing-util-0.33.0.jar:/home/runner/.m2/repository/io/opentracing/opentracing-api/0.33.0/opentracing-api-0.33.0.jar:/home/runner/.m2/repository/io/opentracing/opentracing-noop/0.33.0/opentracing-noop-0.33.0.jar:/home/runner/.m2/repository/org/yaml/snakeyaml/1.26/snakeyaml-1.26.jar:/home/runner/.m2/repository/org/apache/ozone/hdds-interface-admin/1.2.0-SNAPSHOT/hdds-interface-admin-1.2.0-SNAPSHOT.jar:/home/runner/.m2/repository/junit/junit/4.13.1/junit-4.13.1.jar:/home/runner/.m2/repository/org/hamcrest/hamcrest-core/1.3/hamcrest-core-1.3.jar:/home/runner/.m2/repository/org/junit/jupiter/junit-jupiter-api/5.7.0/junit-jupiter-api-5.7.0.jar:/home/runner/.m2/repository/org/apiguardian/apiguardian-api/1.1.0/apiguardian-api-1.1.0.jar:/home/runner/.m2/repository/org/opentest4j/opentest4j/1.2.0/opentest4j-1.2.0.jar:/home/runner/.m2/repository/org/junit/platform/junit-platform-commons/1.7.0/junit-platform-commons-1.7.0.jar:/home/runner/.m2/repository/org/junit/jupiter/junit-jupiter-engine/5.7.0/junit-jupiter-engine-5.7.0.jar:/home/runner/.m2/repository/org/junit/platform/junit-platform-engine/1.7.0/junit-platform-engine-1.7.0.jar:/home/runner/.m2/repository/org/junit/vintage/junit-vintage-engine/5.7.0/junit-vintage-engine-5.7.0.jar:/home/runner/.m2/repository/org/junit/platform/junit-platform-launcher/1.7.0/junit-platform-launcher-1.7.0.jar:/home/runner/.m2/repository/org/openjdk/jmh/jmh-core/1.19/jmh-core-1.19.jar:/home/runner/.m2/repository/net/sf/jopt-simple/jopt-simple/4.6/jopt-simple-4.6.jar:/home/runner/.m2/repository/org/apache/commons/commons-math3/3.1.1/commons-math3-3.1.1.jar:/home/runner/.m2/repository/org/openjdk/jmh/jmh-generator-annprocess/1.19/jmh-generator-annprocess-1.19.jar:/home/runner/.m2/repository/org/mockito/mockito-all/1.8.5/mockito-all-1.8.5.jar:/home/runner/.m2/repository/org/apache/hadoop/hadoop-kms/3.2.2/hadoop-kms-3.2.2.jar:/home/runner/.m2/repository/org/apache/hadoop/hadoop-auth/3.2.2/hadoop-auth-3.2.2.jar:/home/runner/.m2/repository/com/nimbusds/nimbus-jose-jwt/7.9/nimbus-jose-jwt-7.9.jar:/home/runner/.m2/repository/com/github/stephenc/jcip/jcip-annotations/1.0-1/jcip-annotations-1.0-1.jar:/home/runner/.m2/repository/net/minidev/json-smart/2.3/json-smart-2.3.jar:/home/runner/.m2/repository/net/minidev/accessors-smart/1.2/accessors-smart-1.2.jar:/home/runner/.m2/repository/org/ow2/asm/asm/5.0.4/asm-5.0.4.jar:/home/runner/.m2/repository/org/apache/zookeeper/zookeeper/3.4.13/zookeeper-3.4.13.jar:/home/runner/.m2/repository/org/apache/yetus/audience-annotations/0.5.0/audience-annotations-0.5.0.jar:/home/runner/.m2/repository/org/apache/curator/curator-framework/2.13.0/curator-framework-2.13.0.jar:/home/runner/.m2/repository/com/sun/jersey/jersey-core/1.19/jersey-core-1.19.jar:/home/runner/.m2/repository/javax/ws/rs/jsr311-api/1.1.1/jsr311-api-1.1.1.jar:/home/runner/.m2/repository/com/sun/jersey/jersey-server/1.19/jersey-server-1.19.jar:/home/runner/.m2/repository/javax/servlet/javax.servlet-api/3.1.0/javax.servlet-api-3.1.0.jar:/home/runner/.m2/repository/org/eclipse/jetty/jetty-server/9.4.35.v20201120/jetty-server-9.4.35.v20201120.jar:/home/runner/.m2/repository/org/eclipse/jetty/jetty-http/9.4.35.v20201120/jetty-http-9.4.35.v20201120.jar:/home/runner/.m2/repository/org/eclipse/jetty/jetty-io/9.4.35.v20201120/jetty-io-9.4.35.v20201120.jar:/home/runner/.m2/repository/org/eclipse/jetty/jetty-webapp/9.4.35.v20201120/jetty-webapp-9.4.35.v20201120.jar:/home/runner/.m2/repository/org/eclipse/jetty/jetty-xml/9.4.35.v20201120/jetty-xml-9.4.35.v20201120.jar:/home/runner/.m2/repository/org/apache/hadoop/hadoop-common/3.2.2/hadoop-common-3.2.2.jar:/home/runner/.m2/repository/commons-net/commons-net/3.6/commons-net-3.6.jar:/home/runner/.m2/repository/javax/activation/javax.activation-api/1.2.0/javax.activation-api-1.2.0.jar:/home/runner/.m2/repository/com/sun/jersey/jersey-servlet/1.19/jersey-servlet-1.19.jar:/home/runner/.m2/repository/com/sun/jersey/jersey-json/1.19/jersey-json-1.19.jar:/home/runner/.m2/repository/org/codehaus/jettison/jettison/1.1/jettison-1.1.jar:/home/runner/.m2/repository/com/sun/xml/bind/jaxb-impl/2.2.3-1/jaxb-impl-2.2.3-1.jar:/home/runner/.m2/repository/org/codehaus/jackson/jackson-jaxrs/1.9.2/jackson-jaxrs-1.9.2.jar:/home/runner/.m2/repository/org/codehaus/jackson/jackson-xc/1.9.2/jackson-xc-1.9.2.jar:/home/runner/.m2/repository/org/apache/commons/commons-configuration2/2.1.1/commons-configuration2-2.1.1.jar:/home/runner/.m2/repository/org/apache/commons/commons-text/1.4/commons-text-1.4.jar:/home/runner/.m2/repository/com/google/re2j/re2j/1.1/re2j-1.1.jar:/home/runner/.m2/repository/com/jcraft/jsch/0.1.54/jsch-0.1.54.jar:/home/runner/.m2/repository/org/apache/curator/curator-client/2.13.0/curator-client-2.13.0.jar:/home/runner/.m2/repository/org/apache/curator/curator-recipes/2.13.0/curator-recipes-2.13.0.jar:/home/runner/.m2/repository/dnsjava/dnsjava/2.1.7/dnsjava-2.1.7.jar:/home/runner/.m2/repository/org/slf4j/jul-to-slf4j/1.7.30/jul-to-slf4j-1.7.30.jar:/home/runner/.m2/repository/org/eclipse/jetty/jetty-util/9.4.35.v20201120/jetty-util-9.4.35.v20201120.jar:/home/runner/.m2/repository/com/fasterxml/jackson/core/jackson-databind/2.12.1/jackson-databind-2.12.1.jar:/home/runner/.m2/repository/org/apache/hadoop/hadoop-kms/3.2.2/hadoop-kms-3.2.2-tests.jar:/home/runner/.m2/repository/org/apache/ozone/hdds-server-scm/1.2.0-SNAPSHOT/hdds-server-scm-1.2.0-SNAPSHOT-tests.jar:/home/runner/.m2/repository/org/apache/ozone/hdds-container-service/1.2.0-SNAPSHOT/hdds-container-service-1.2.0-SNAPSHOT-tests.jar:/home/runner/.m2/repository/commons-codec/commons-codec/1.11/commons-codec-1.11.jar:/home/runner/.m2/repository/io/netty/netty-transport/4.1.63.Final/netty-transport-4.1.63.Final.jar:/home/runner/.m2/repository/io/netty/netty-resolver/4.1.63.Final/netty-resolver-4.1.63.Final.jar:/home/runner/.m2/repository/io/netty/netty-codec/4.1.63.Final/netty-codec-4.1.63.Final.jar:/home/runner/.m2/repository/io/netty/netty-handler/4.1.63.Final/netty-handler-4.1.63.Final.jar:/home/runner/.m2/repository/org/apache/ozone/hdds-hadoop-dependency-test/1.2.0-SNAPSHOT/hdds-hadoop-dependency-test-1.2.0-SNAPSHOT.jar:/home/runner/.m2/repository/org/apache/hadoop/hadoop-common/3.2.2/hadoop-common-3.2.2-tests.jar:/home/runner/.m2/repository/org/apache/hadoop/hadoop-hdfs/3.2.2/hadoop-hdfs-3.2.2-tests.jar:/home/runner/.m2/repository/org/eclipse/jetty/jetty-util-ajax/9.4.35.v20201120/jetty-util-ajax-9.4.35.v20201120.jar:/home/runner/.m2/repository/commons-daemon/commons-daemon/1.0.13/commons-daemon-1.0.13.jar:/home/runner/.m2/repository/io/netty/netty/3.10.6.Final/netty-3.10.6.Final.jar:/home/runner/.m2/repository/io/netty/netty-all/4.1.63.Final/netty-all-4.1.63.Final.jar:/home/runner/.m2/repository/org/apache/htrace/htrace-core4/4.1.0-incubating/htrace-core4-4.1.0-incubating.jar:/home/runner/.m2/repository/org/fusesource/leveldbjni/leveldbjni-all/1.8/leveldbjni-all-1.8.jar:/home/runner/.m2/repository/org/apache/hadoop/hadoop-distcp/3.2.2/hadoop-distcp-3.2.2.jar:/home/runner/.m2/repository/org/apache/hadoop/hadoop-mapreduce-client-jobclient/3.2.2/hadoop-mapreduce-client-jobclient-3.2.2.jar:/home/runner/.m2/repository/org/apache/hadoop/hadoop-mapreduce-client-common/3.2.2/hadoop-mapreduce-client-common-3.2.2.jar:/home/runner/.m2/repository/org/apache/hadoop/hadoop-yarn-common/3.2.2/hadoop-yarn-common-3.2.2.jar:/home/runner/.m2/repository/org/apache/hadoop/hadoop-yarn-api/3.2.2/hadoop-yarn-api-3.2.2.jar:/home/runner/.m2/repository/com/sun/jersey/jersey-client/1.19/jersey-client-1.19.jar:/home/runner/.m2/repository/com/sun/jersey/contribs/jersey-guice/1.19/jersey-guice-1.19.jar:/home/runner/.m2/repository/com/fasterxml/jackson/jaxrs/jackson-jaxrs-json-provider/2.12.1/jackson-jaxrs-json-provider-2.12.1.jar:/home/runner/.m2/repository/com/fasterxml/jackson/jaxrs/jackson-jaxrs-base/2.12.1/jackson-jaxrs-base-2.12.1.jar:/home/runner/.m2/repository/org/apache/hadoop/hadoop-yarn-client/3.2.2/hadoop-yarn-client-3.2.2.jar:/home/runner/.m2/repository/org/apache/hadoop/hadoop-mapreduce-client-core/3.2.2/hadoop-mapreduce-client-core-3.2.2.jar:/home/runner/.m2/repository/org/apache/avro/avro/1.7.7/avro-1.7.7.jar:/home/runner/.m2/repository/org/codehaus/jackson/jackson-core-asl/1.9.13/jackson-core-asl-1.9.13.jar:/home/runner/.m2/repository/org/codehaus/jackson/jackson-mapper-asl/1.9.13/jackson-mapper-asl-1.9.13.jar:/home/runner/.m2/repository/com/thoughtworks/paranamer/paranamer/2.3/paranamer-2.3.jar:/home/runner/.m2/repository/org/xerial/snappy/snappy-java/1.0.5/snappy-java-1.0.5.jar:/home/runner/.m2/repository/org/apache/hadoop/hadoop-annotations/3.2.2/hadoop-annotations-3.2.2.jar:/usr/lib/jvm/adoptopenjdk-8-hotspot-amd64/jre/../lib/tools.jar:/home/runner/.m2/repository/org/apache/hadoop/hadoop-distcp/3.2.2/hadoop-distcp-3.2.2-tests.jar:"/>
    <property name="java.vm.vendor" value="AdoptOpenJDK"/>
    <property name="sun.arch.data.model" value="64"/>
    <property name="test.build.dir" value="/home/runner/work/ozone/ozone/mnt/ozone/hadoop-ozone/integration-test/target/test-dir"/>
    <property name="test.cache.data" value=""/>
    <property name="java.vendor.url" value="https://adoptopenjdk.net/"/>
    <property name="user.timezone" value=""/>
    <property name="java.vm.specification.version" value="1.8"/>
    <property name="os.name" value="Linux"/>
    <property name="test.build.data" value="/home/runner/work/ozone/ozone/mnt/ozone/hadoop-ozone/integration-test/target/test-dir"/>
    <property name="sun.java.launcher" value="SUN_STANDARD"/>
    <property name="sun.boot.library.path" value="/usr/lib/jvm/adoptopenjdk-8-hotspot-amd64/jre/lib/amd64"/>
    <property name="sun.java.command" value="/home/runner/work/ozone/ozone/mnt/ozone/hadoop-ozone/integration-test/target/surefire/surefirebooter8072322010369331241.jar /home/runner/work/ozone/ozone/mnt/ozone/hadoop-ozone/integration-test/target/surefire 2021-06-06T12-54-59_944-jvmRun1 surefire5018711369539022008tmp surefire_675920030693839491589tmp"/>
    <property name="surefire.test.class.path" value="/home/runner/work/ozone/ozone/mnt/ozone/hadoop-ozone/integration-test/target/test-classes:/home/runner/work/ozone/ozone/mnt/ozone/hadoop-ozone/integration-test/target/classes:/home/runner/.m2/repository/org/apache/ozone/ozone-common/1.2.0-SNAPSHOT/ozone-common-1.2.0-SNAPSHOT.jar:/home/runner/.m2/repository/org/apache/commons/commons-compress/1.20/commons-compress-1.20.jar:/home/runner/.m2/repository/org/apache/ozone/hdds-common/1.2.0-SNAPSHOT/hdds-common-1.2.0-SNAPSHOT.jar:/home/runner/.m2/repository/org/apache/ozone/hdds-client/1.2.0-SNAPSHOT/hdds-client-1.2.0-SNAPSHOT.jar:/home/runner/.m2/repository/org/apache/ozone/ozone-interface-client/1.2.0-SNAPSHOT/ozone-interface-client-1.2.0-SNAPSHOT.jar:/home/runner/.m2/repository/org/apache/ozone/hdds-test-utils/1.2.0-SNAPSHOT/hdds-test-utils-1.2.0-SNAPSHOT.jar:/home/runner/.m2/repository/com/google/guava/guava/30.1.1-jre/guava-30.1.1-jre.jar:/home/runner/.m2/repository/com/google/guava/failureaccess/1.0.1/failureaccess-1.0.1.jar:/home/runner/.m2/repository/com/google/guava/listenablefuture/9999.0-empty-to-avoid-conflict-with-guava/listenablefuture-9999.0-empty-to-avoid-conflict-with-guava.jar:/home/runner/.m2/repository/com/google/code/findbugs/jsr305/3.0.0/jsr305-3.0.0.jar:/home/runner/.m2/repository/org/checkerframework/checker-qual/3.8.0/checker-qual-3.8.0.jar:/home/runner/.m2/repository/com/google/errorprone/error_prone_annotations/2.2.0/error_prone_annotations-2.2.0.jar:/home/runner/.m2/repository/com/google/j2objc/j2objc-annotations/1.3/j2objc-annotations-1.3.jar:/home/runner/.m2/repository/commons-io/commons-io/2.8.0/commons-io-2.8.0.jar:/home/runner/.m2/repository/commons-logging/commons-logging/1.2/commons-logging-1.2.jar:/home/runner/.m2/repository/log4j/log4j/1.2.17/log4j-1.2.17.jar:/home/runner/.m2/repository/org/slf4j/slf4j-api/1.7.30/slf4j-api-1.7.30.jar:/home/runner/.m2/repository/org/apache/ozone/hdds-server-scm/1.2.0-SNAPSHOT/hdds-server-scm-1.2.0-SNAPSHOT.jar:/home/runner/.m2/repository/org/apache/ozone/hdds-container-service/1.2.0-SNAPSHOT/hdds-container-service-1.2.0-SNAPSHOT.jar:/home/runner/.m2/repository/org/apache/ozone/hdds-hadoop-dependency-server/1.2.0-SNAPSHOT/hdds-hadoop-dependency-server-1.2.0-SNAPSHOT.jar:/home/runner/.m2/repository/org/apache/hadoop/hadoop-hdfs/3.2.2/hadoop-hdfs-3.2.2.jar:/home/runner/.m2/repository/org/apache/ozone/hdds-server-framework/1.2.0-SNAPSHOT/hdds-server-framework-1.2.0-SNAPSHOT.jar:/home/runner/.m2/repository/org/apache/ozone/hdds-interface-server/1.2.0-SNAPSHOT/hdds-interface-server-1.2.0-SNAPSHOT.jar:/home/runner/.m2/repository/org/eclipse/jetty/jetty-servlet/9.4.35.v20201120/jetty-servlet-9.4.35.v20201120.jar:/home/runner/.m2/repository/org/eclipse/jetty/jetty-security/9.4.35.v20201120/jetty-security-9.4.35.v20201120.jar:/home/runner/.m2/repository/org/rocksdb/rocksdbjni/6.20.3/rocksdbjni-6.20.3.jar:/home/runner/.m2/repository/io/prometheus/simpleclient_dropwizard/0.7.0/simpleclient_dropwizard-0.7.0.jar:/home/runner/.m2/repository/io/prometheus/simpleclient/0.7.0/simpleclient-0.7.0.jar:/home/runner/.m2/repository/io/prometheus/simpleclient_common/0.7.0/simpleclient_common-0.7.0.jar:/home/runner/.m2/repository/com/fasterxml/jackson/datatype/jackson-datatype-jsr310/2.12.1/jackson-datatype-jsr310-2.12.1.jar:/home/runner/.m2/repository/io/dropwizard/metrics/metrics-core/3.2.4/metrics-core-3.2.4.jar:/home/runner/.m2/repository/org/apache/hadoop/hadoop-hdfs-client/3.2.2/hadoop-hdfs-client-3.2.2.jar:/home/runner/.m2/repository/org/bouncycastle/bcprov-jdk15on/1.67/bcprov-jdk15on-1.67.jar:/home/runner/.m2/repository/com/google/protobuf/protobuf-java/2.5.0/protobuf-java-2.5.0.jar:/home/runner/.m2/repository/org/apache/ozone/ozone-manager/1.2.0-SNAPSHOT/ozone-manager-1.2.0-SNAPSHOT.jar:/home/runner/.m2/repository/org/apache/ozone/hdds-interface-client/1.2.0-SNAPSHOT/hdds-interface-client-1.2.0-SNAPSHOT.jar:/home/runner/.m2/repository/org/apache/ratis/ratis-thirdparty-misc/0.7.0-a398b19-SNAPSHOT/ratis-thirdparty-misc-0.7.0-a398b19-SNAPSHOT.jar:/home/runner/.m2/repository/org/apache/ozone/ozone-interface-storage/1.2.0-SNAPSHOT/ozone-interface-storage-1.2.0-SNAPSHOT.jar:/home/runner/.m2/repository/org/apache/hadoop/hadoop-minikdc/3.2.2/hadoop-minikdc-3.2.2.jar:/home/runner/.m2/repository/org/apache/kerby/kerb-simplekdc/1.0.1/kerb-simplekdc-1.0.1.jar:/home/runner/.m2/repository/org/apache/kerby/kerb-client/1.0.1/kerb-client-1.0.1.jar:/home/runner/.m2/repository/org/apache/kerby/kerby-config/1.0.1/kerby-config-1.0.1.jar:/home/runner/.m2/repository/org/apache/kerby/kerb-core/1.0.1/kerb-core-1.0.1.jar:/home/runner/.m2/repository/org/apache/kerby/kerby-pkix/1.0.1/kerby-pkix-1.0.1.jar:/home/runner/.m2/repository/org/apache/kerby/kerby-asn1/1.0.1/kerby-asn1-1.0.1.jar:/home/runner/.m2/repository/org/apache/kerby/kerby-util/1.0.1/kerby-util-1.0.1.jar:/home/runner/.m2/repository/org/apache/kerby/kerb-common/1.0.1/kerb-common-1.0.1.jar:/home/runner/.m2/repository/org/apache/kerby/kerb-crypto/1.0.1/kerb-crypto-1.0.1.jar:/home/runner/.m2/repository/org/apache/kerby/kerb-util/1.0.1/kerb-util-1.0.1.jar:/home/runner/.m2/repository/org/apache/kerby/token-provider/1.0.1/token-provider-1.0.1.jar:/home/runner/.m2/repository/org/apache/kerby/kerb-admin/1.0.1/kerb-admin-1.0.1.jar:/home/runner/.m2/repository/org/apache/kerby/kerb-server/1.0.1/kerb-server-1.0.1.jar:/home/runner/.m2/repository/org/apache/kerby/kerb-identity/1.0.1/kerb-identity-1.0.1.jar:/home/runner/.m2/repository/org/apache/kerby/kerby-xdr/1.0.1/kerby-xdr-1.0.1.jar:/home/runner/.m2/repository/org/slf4j/slf4j-log4j12/1.7.30/slf4j-log4j12-1.7.30.jar:/home/runner/.m2/repository/org/apache/ozone/ozone-s3gateway/1.2.0-SNAPSHOT/ozone-s3gateway-1.2.0-SNAPSHOT.jar:/home/runner/.m2/repository/org/jboss/weld/servlet/weld-servlet/2.4.7.Final/weld-servlet-2.4.7.Final.jar:/home/runner/.m2/repository/org/glassfish/jersey/containers/jersey-container-servlet-core/2.33/jersey-container-servlet-core-2.33.jar:/home/runner/.m2/repository/org/glassfish/hk2/external/jakarta.inject/2.6.1/jakarta.inject-2.6.1.jar:/home/runner/.m2/repository/org/glassfish/jersey/core/jersey-common/2.33/jersey-common-2.33.jar:/home/runner/.m2/repository/jakarta/ws/rs/jakarta.ws.rs-api/2.1.6/jakarta.ws.rs-api-2.1.6.jar:/home/runner/.m2/repository/org/glassfish/jersey/ext/cdi/jersey-cdi1x/2.33/jersey-cdi1x-2.33.jar:/home/runner/.m2/repository/org/glassfish/jersey/inject/jersey-hk2/2.33/jersey-hk2-2.33.jar:/home/runner/.m2/repository/org/glassfish/hk2/hk2-locator/2.6.1/hk2-locator-2.6.1.jar:/home/runner/.m2/repository/org/javassist/javassist/3.25.0-GA/javassist-3.25.0-GA.jar:/home/runner/.m2/repository/org/glassfish/jersey/media/jersey-media-jaxb/2.33/jersey-media-jaxb-2.33.jar:/home/runner/.m2/repository/org/glassfish/hk2/osgi-resource-locator/1.0.3/osgi-resource-locator-1.0.3.jar:/home/runner/.m2/repository/org/glassfish/hk2/hk2-api/2.5.0/hk2-api-2.5.0.jar:/home/runner/.m2/repository/org/glassfish/hk2/hk2-utils/2.5.0/hk2-utils-2.5.0.jar:/home/runner/.m2/repository/org/glassfish/hk2/external/aopalliance-repackaged/2.5.0/aopalliance-repackaged-2.5.0.jar:/home/runner/.m2/repository/com/fasterxml/jackson/dataformat/jackson-dataformat-xml/2.12.1/jackson-dataformat-xml-2.12.1.jar:/home/runner/.m2/repository/com/fasterxml/jackson/core/jackson-core/2.12.1/jackson-core-2.12.1.jar:/home/runner/.m2/repository/com/fasterxml/jackson/module/jackson-module-jaxb-annotations/2.12.1/jackson-module-jaxb-annotations-2.12.1.jar:/home/runner/.m2/repository/jakarta/xml/bind/jakarta.xml.bind-api/2.3.2/jakarta.xml.bind-api-2.3.2.jar:/home/runner/.m2/repository/jakarta/activation/jakarta.activation-api/1.2.1/jakarta.activation-api-1.2.1.jar:/home/runner/.m2/repository/org/codehaus/woodstox/stax2-api/3.1.4/stax2-api-3.1.4.jar:/home/runner/.m2/repository/com/fasterxml/woodstox/woodstox-core/5.0.3/woodstox-core-5.0.3.jar:/home/runner/.m2/repository/javax/enterprise/cdi-api/1.2/cdi-api-1.2.jar:/home/runner/.m2/repository/javax/el/javax.el-api/3.0.0/javax.el-api-3.0.0.jar:/home/runner/.m2/repository/javax/interceptor/javax.interceptor-api/1.2/javax.interceptor-api-1.2.jar:/home/runner/.m2/repository/javax/inject/javax.inject/1/javax.inject-1.jar:/home/runner/.m2/repository/javax/xml/bind/jaxb-api/2.3.0/jaxb-api-2.3.0.jar:/home/runner/.m2/repository/org/glassfish/jaxb/jaxb-runtime/2.3.0.1/jaxb-runtime-2.3.0.1.jar:/home/runner/.m2/repository/org/glassfish/jaxb/jaxb-core/2.3.0.1/jaxb-core-2.3.0.1.jar:/home/runner/.m2/repository/org/glassfish/jaxb/txw2/2.3.0.1/txw2-2.3.0.1.jar:/home/runner/.m2/repository/com/sun/istack/istack-commons-runtime/3.0.5/istack-commons-runtime-3.0.5.jar:/home/runner/.m2/repository/org/jvnet/staxex/stax-ex/1.7.8/stax-ex-1.7.8.jar:/home/runner/.m2/repository/com/sun/xml/fastinfoset/FastInfoset/1.2.13/FastInfoset-1.2.13.jar:/home/runner/.m2/repository/javax/activation/activation/1.1.1/activation-1.1.1.jar:/home/runner/.m2/repository/org/apache/ozone/ozone-csi/1.2.0-SNAPSHOT/ozone-csi-1.2.0-SNAPSHOT.jar:/home/runner/.m2/repository/com/google/protobuf/protobuf-java-util/3.12.0/protobuf-java-util-3.12.0.jar:/home/runner/.m2/repository/com/google/code/gson/gson/2.2.4/gson-2.2.4.jar:/home/runner/.m2/repository/org/apache/ozone/hdds-config/1.2.0-SNAPSHOT/hdds-config-1.2.0-SNAPSHOT.jar:/home/runner/.m2/repository/io/grpc/grpc-netty/1.33.0/grpc-netty-1.33.0.jar:/home/runner/.m2/repository/io/grpc/grpc-core/1.33.0/grpc-core-1.33.0.jar:/home/runner/.m2/repository/com/google/android/annotations/4.1.1.4/annotations-4.1.1.4.jar:/home/runner/.m2/repository/io/netty/netty-codec-http2/4.1.51.Final/netty-codec-http2-4.1.51.Final.jar:/home/runner/.m2/repository/io/netty/netty-codec-http/4.1.51.Final/netty-codec-http-4.1.51.Final.jar:/home/runner/.m2/repository/io/netty/netty-handler-proxy/4.1.51.Final/netty-handler-proxy-4.1.51.Final.jar:/home/runner/.m2/repository/io/netty/netty-codec-socks/4.1.51.Final/netty-codec-socks-4.1.51.Final.jar:/home/runner/.m2/repository/io/perfmark/perfmark-api/0.19.0/perfmark-api-0.19.0.jar:/home/runner/.m2/repository/org/codehaus/mojo/animal-sniffer-annotations/1.18/animal-sniffer-annotations-1.18.jar:/home/runner/.m2/repository/io/netty/netty-transport-native-epoll/4.1.63.Final/netty-transport-native-epoll-4.1.63.Final.jar:/home/runner/.m2/repository/io/netty/netty-common/4.1.63.Final/netty-common-4.1.63.Final.jar:/home/runner/.m2/repository/io/netty/netty-buffer/4.1.63.Final/netty-buffer-4.1.63.Final.jar:/home/runner/.m2/repository/io/netty/netty-transport-native-unix-common/4.1.63.Final/netty-transport-native-unix-common-4.1.63.Final.jar:/home/runner/.m2/repository/io/grpc/grpc-protobuf/1.33.0/grpc-protobuf-1.33.0.jar:/home/runner/.m2/repository/io/grpc/grpc-api/1.33.0/grpc-api-1.33.0.jar:/home/runner/.m2/repository/io/grpc/grpc-context/1.33.0/grpc-context-1.33.0.jar:/home/runner/.m2/repository/com/google/api/grpc/proto-google-common-protos/1.17.0/proto-google-common-protos-1.17.0.jar:/home/runner/.m2/repository/io/grpc/grpc-protobuf-lite/1.33.0/grpc-protobuf-lite-1.33.0.jar:/home/runner/.m2/repository/io/grpc/grpc-stub/1.33.0/grpc-stub-1.33.0.jar:/home/runner/.m2/repository/org/apache/ozone/ozone-recon/1.2.0-SNAPSHOT/ozone-recon-1.2.0-SNAPSHOT.jar:/home/runner/.m2/repository/org/apache/ozone/ozone-reconcodegen/1.2.0-SNAPSHOT/ozone-reconcodegen-1.2.0-SNAPSHOT.jar:/home/runner/.m2/repository/com/google/inject/extensions/guice-multibindings/4.0/guice-multibindings-4.0.jar:/home/runner/.m2/repository/com/google/inject/guice/4.0/guice-4.0.jar:/home/runner/.m2/repository/aopalliance/aopalliance/1.0/aopalliance-1.0.jar:/home/runner/.m2/repository/com/google/inject/extensions/guice-assistedinject/4.0/guice-assistedinject-4.0.jar:/home/runner/.m2/repository/com/google/inject/extensions/guice-servlet/4.0/guice-servlet-4.0.jar:/home/runner/.m2/repository/org/glassfish/jersey/containers/jersey-container-servlet/2.33/jersey-container-servlet-2.33.jar:/home/runner/.m2/repository/org/glassfish/hk2/guice-bridge/2.5.0/guice-bridge-2.5.0.jar:/home/runner/.m2/repository/org/glassfish/jersey/core/jersey-server/2.33/jersey-server-2.33.jar:/home/runner/.m2/repository/org/glassfish/jersey/core/jersey-client/2.33/jersey-client-2.33.jar:/home/runner/.m2/repository/jakarta/annotation/jakarta.annotation-api/1.3.5/jakarta.annotation-api-1.3.5.jar:/home/runner/.m2/repository/jakarta/validation/jakarta.validation-api/2.0.2/jakarta.validation-api-2.0.2.jar:/home/runner/.m2/repository/org/glassfish/jersey/media/jersey-media-json-jackson/2.33/jersey-media-json-jackson-2.33.jar:/home/runner/.m2/repository/org/glassfish/jersey/ext/jersey-entity-filtering/2.33/jersey-entity-filtering-2.33.jar:/home/runner/.m2/repository/org/jooq/jooq/3.11.10/jooq-3.11.10.jar:/home/runner/.m2/repository/org/jooq/jooq-meta/3.11.10/jooq-meta-3.11.10.jar:/home/runner/.m2/repository/org/jooq/jooq-codegen/3.11.10/jooq-codegen-3.11.10.jar:/home/runner/.m2/repository/com/jolbox/bonecp/0.8.0.RELEASE/bonecp-0.8.0.RELEASE.jar:/home/runner/.m2/repository/org/apache/derby/derby/10.14.2.0/derby-10.14.2.0.jar:/home/runner/.m2/repository/org/xerial/sqlite-jdbc/3.25.2/sqlite-jdbc-3.25.2.jar:/home/runner/.m2/repository/org/springframework/spring-jdbc/5.2.11.RELEASE/spring-jdbc-5.2.11.RELEASE.jar:/home/runner/.m2/repository/org/springframework/spring-beans/5.2.11.RELEASE/spring-beans-5.2.11.RELEASE.jar:/home/runner/.m2/repository/org/springframework/spring-core/5.2.11.RELEASE/spring-core-5.2.11.RELEASE.jar:/home/runner/.m2/repository/org/springframework/spring-jcl/5.2.11.RELEASE/spring-jcl-5.2.11.RELEASE.jar:/home/runner/.m2/repository/org/springframework/spring-tx/5.2.11.RELEASE/spring-tx-5.2.11.RELEASE.jar:/home/runner/.m2/repository/org/apache/ozone/ozone-client/1.2.0-SNAPSHOT/ozone-client-1.2.0-SNAPSHOT.jar:/home/runner/.m2/repository/org/apache/ozone/ozone-filesystem/1.2.0-SNAPSHOT/ozone-filesystem-1.2.0-SNAPSHOT.jar:/home/runner/.m2/repository/org/apache/ozone/ozone-filesystem-common/1.2.0-SNAPSHOT/ozone-filesystem-common-1.2.0-SNAPSHOT.jar:/home/runner/.m2/repository/org/apache/ozone/ozone-tools/1.2.0-SNAPSHOT/ozone-tools-1.2.0-SNAPSHOT.jar:/home/runner/.m2/repository/org/apache/ratis/ratis-tools/2.1.0-ff8aa66-SNAPSHOT/ratis-tools-2.1.0-ff8aa66-SNAPSHOT.jar:/home/runner/.m2/repository/org/apache/ratis/ratis-proto/2.1.0-ff8aa66-SNAPSHOT/ratis-proto-2.1.0-ff8aa66-SNAPSHOT.jar:/home/runner/.m2/repository/org/apache/ratis/ratis-common/2.1.0-ff8aa66-SNAPSHOT/ratis-common-2.1.0-ff8aa66-SNAPSHOT.jar:/home/runner/.m2/repository/com/amazonaws/aws-java-sdk-core/1.11.901/aws-java-sdk-core-1.11.901.jar:/home/runner/.m2/repository/org/apache/httpcomponents/httpclient/4.5.13/httpclient-4.5.13.jar:/home/runner/.m2/repository/org/apache/httpcomponents/httpcore/4.4.13/httpcore-4.4.13.jar:/home/runner/.m2/repository/software/amazon/ion/ion-java/1.0.2/ion-java-1.0.2.jar:/home/runner/.m2/repository/com/fasterxml/jackson/dataformat/jackson-dataformat-cbor/2.12.1/jackson-dataformat-cbor-2.12.1.jar:/home/runner/.m2/repository/joda-time/joda-time/2.8.1/joda-time-2.8.1.jar:/home/runner/.m2/repository/com/amazonaws/aws-java-sdk-s3/1.11.901/aws-java-sdk-s3-1.11.901.jar:/home/runner/.m2/repository/com/amazonaws/aws-java-sdk-kms/1.11.901/aws-java-sdk-kms-1.11.901.jar:/home/runner/.m2/repository/com/amazonaws/jmespath-java/1.11.901/jmespath-java-1.11.901.jar:/home/runner/.m2/repository/org/kohsuke/metainf-services/metainf-services/1.8/metainf-services-1.8.jar:/home/runner/.m2/repository/org/apache/ozone/hdds-tools/1.2.0-SNAPSHOT/hdds-tools-1.2.0-SNAPSHOT.jar:/home/runner/.m2/repository/commons-cli/commons-cli/1.2/commons-cli-1.2.jar:/home/runner/.m2/repository/org/apache/commons/commons-lang3/3.7/commons-lang3-3.7.jar:/home/runner/.m2/repository/org/apache/ozone/ozone-manager/1.2.0-SNAPSHOT/ozone-manager-1.2.0-SNAPSHOT-tests.jar:/home/runner/.m2/repository/org/apache/ozone/hdds-common/1.2.0-SNAPSHOT/hdds-common-1.2.0-SNAPSHOT-tests.jar:/home/runner/.m2/repository/org/apache/ozone/hdds-hadoop-dependency-client/1.2.0-SNAPSHOT/hdds-hadoop-dependency-client-1.2.0-SNAPSHOT.jar:/home/runner/.m2/repository/info/picocli/picocli/4.4.0/picocli-4.4.0.jar:/home/runner/.m2/repository/com/fasterxml/jackson/core/jackson-annotations/2.12.1/jackson-annotations-2.12.1.jar:/home/runner/.m2/repository/javax/annotation/javax.annotation-api/1.2/javax.annotation-api-1.2.jar:/home/runner/.m2/repository/org/apache/ratis/ratis-server/2.1.0-ff8aa66-SNAPSHOT/ratis-server-2.1.0-ff8aa66-SNAPSHOT.jar:/home/runner/.m2/repository/org/apache/ratis/ratis-client/2.1.0-ff8aa66-SNAPSHOT/ratis-client-2.1.0-ff8aa66-SNAPSHOT.jar:/home/runner/.m2/repository/org/apache/ratis/ratis-server-api/2.1.0-ff8aa66-SNAPSHOT/ratis-server-api-2.1.0-ff8aa66-SNAPSHOT.jar:/home/runner/.m2/repository/org/apache/ratis/ratis-metrics/2.1.0-ff8aa66-SNAPSHOT/ratis-metrics-2.1.0-ff8aa66-SNAPSHOT.jar:/home/runner/.m2/repository/org/apache/ratis/ratis-netty/2.1.0-ff8aa66-SNAPSHOT/ratis-netty-2.1.0-ff8aa66-SNAPSHOT.jar:/home/runner/.m2/repository/org/apache/ratis/ratis-grpc/2.1.0-ff8aa66-SNAPSHOT/ratis-grpc-2.1.0-ff8aa66-SNAPSHOT.jar:/home/runner/.m2/repository/org/apache/logging/log4j/log4j-api/2.13.3/log4j-api-2.13.3.jar:/home/runner/.m2/repository/org/apache/logging/log4j/log4j-core/2.13.3/log4j-core-2.13.3.jar:/home/runner/.m2/repository/com/lmax/disruptor/3.4.2/disruptor-3.4.2.jar:/home/runner/.m2/repository/org/apache/commons/commons-pool2/2.6.0/commons-pool2-2.6.0.jar:/home/runner/.m2/repository/org/bouncycastle/bcpkix-jdk15on/1.67/bcpkix-jdk15on-1.67.jar:/home/runner/.m2/repository/commons-validator/commons-validator/1.6/commons-validator-1.6.jar:/home/runner/.m2/repository/commons-beanutils/commons-beanutils/1.9.4/commons-beanutils-1.9.4.jar:/home/runner/.m2/repository/commons-digester/commons-digester/1.8.1/commons-digester-1.8.1.jar:/home/runner/.m2/repository/commons-collections/commons-collections/3.2.2/commons-collections-3.2.2.jar:/home/runner/.m2/repository/io/jaegertracing/jaeger-client/1.6.0/jaeger-client-1.6.0.jar:/home/runner/.m2/repository/io/jaegertracing/jaeger-thrift/1.6.0/jaeger-thrift-1.6.0.jar:/home/runner/.m2/repository/org/apache/thrift/libthrift/0.14.1/libthrift-0.14.1.jar:/home/runner/.m2/repository/com/squareup/okhttp3/okhttp/4.9.0/okhttp-4.9.0.jar:/home/runner/.m2/repository/com/squareup/okio/okio/2.8.0/okio-2.8.0.jar:/home/runner/.m2/repository/io/jaegertracing/jaeger-core/1.6.0/jaeger-core-1.6.0.jar:/home/runner/.m2/repository/io/jaegertracing/jaeger-tracerresolver/1.6.0/jaeger-tracerresolver-1.6.0.jar:/home/runner/.m2/repository/io/opentracing/contrib/opentracing-tracerresolver/0.1.8/opentracing-tracerresolver-0.1.8.jar:/home/runner/.m2/repository/org/jetbrains/kotlin/kotlin-stdlib/1.4.31/kotlin-stdlib-1.4.31.jar:/home/runner/.m2/repository/org/jetbrains/kotlin/kotlin-stdlib-common/1.4.31/kotlin-stdlib-common-1.4.31.jar:/home/runner/.m2/repository/org/jetbrains/annotations/13.0/annotations-13.0.jar:/home/runner/.m2/repository/io/opentracing/opentracing-util/0.33.0/opentracing-util-0.33.0.jar:/home/runner/.m2/repository/io/opentracing/opentracing-api/0.33.0/opentracing-api-0.33.0.jar:/home/runner/.m2/repository/io/opentracing/opentracing-noop/0.33.0/opentracing-noop-0.33.0.jar:/home/runner/.m2/repository/org/yaml/snakeyaml/1.26/snakeyaml-1.26.jar:/home/runner/.m2/repository/org/apache/ozone/hdds-interface-admin/1.2.0-SNAPSHOT/hdds-interface-admin-1.2.0-SNAPSHOT.jar:/home/runner/.m2/repository/junit/junit/4.13.1/junit-4.13.1.jar:/home/runner/.m2/repository/org/hamcrest/hamcrest-core/1.3/hamcrest-core-1.3.jar:/home/runner/.m2/repository/org/junit/jupiter/junit-jupiter-api/5.7.0/junit-jupiter-api-5.7.0.jar:/home/runner/.m2/repository/org/apiguardian/apiguardian-api/1.1.0/apiguardian-api-1.1.0.jar:/home/runner/.m2/repository/org/opentest4j/opentest4j/1.2.0/opentest4j-1.2.0.jar:/home/runner/.m2/repository/org/junit/platform/junit-platform-commons/1.7.0/junit-platform-commons-1.7.0.jar:/home/runner/.m2/repository/org/junit/jupiter/junit-jupiter-engine/5.7.0/junit-jupiter-engine-5.7.0.jar:/home/runner/.m2/repository/org/junit/platform/junit-platform-engine/1.7.0/junit-platform-engine-1.7.0.jar:/home/runner/.m2/repository/org/junit/vintage/junit-vintage-engine/5.7.0/junit-vintage-engine-5.7.0.jar:/home/runner/.m2/repository/org/junit/platform/junit-platform-launcher/1.7.0/junit-platform-launcher-1.7.0.jar:/home/runner/.m2/repository/org/openjdk/jmh/jmh-core/1.19/jmh-core-1.19.jar:/home/runner/.m2/repository/net/sf/jopt-simple/jopt-simple/4.6/jopt-simple-4.6.jar:/home/runner/.m2/repository/org/apache/commons/commons-math3/3.1.1/commons-math3-3.1.1.jar:/home/runner/.m2/repository/org/openjdk/jmh/jmh-generator-annprocess/1.19/jmh-generator-annprocess-1.19.jar:/home/runner/.m2/repository/org/mockito/mockito-all/1.8.5/mockito-all-1.8.5.jar:/home/runner/.m2/repository/org/apache/hadoop/hadoop-kms/3.2.2/hadoop-kms-3.2.2.jar:/home/runner/.m2/repository/org/apache/hadoop/hadoop-auth/3.2.2/hadoop-auth-3.2.2.jar:/home/runner/.m2/repository/com/nimbusds/nimbus-jose-jwt/7.9/nimbus-jose-jwt-7.9.jar:/home/runner/.m2/repository/com/github/stephenc/jcip/jcip-annotations/1.0-1/jcip-annotations-1.0-1.jar:/home/runner/.m2/repository/net/minidev/json-smart/2.3/json-smart-2.3.jar:/home/runner/.m2/repository/net/minidev/accessors-smart/1.2/accessors-smart-1.2.jar:/home/runner/.m2/repository/org/ow2/asm/asm/5.0.4/asm-5.0.4.jar:/home/runner/.m2/repository/org/apache/zookeeper/zookeeper/3.4.13/zookeeper-3.4.13.jar:/home/runner/.m2/repository/org/apache/yetus/audience-annotations/0.5.0/audience-annotations-0.5.0.jar:/home/runner/.m2/repository/org/apache/curator/curator-framework/2.13.0/curator-framework-2.13.0.jar:/home/runner/.m2/repository/com/sun/jersey/jersey-core/1.19/jersey-core-1.19.jar:/home/runner/.m2/repository/javax/ws/rs/jsr311-api/1.1.1/jsr311-api-1.1.1.jar:/home/runner/.m2/repository/com/sun/jersey/jersey-server/1.19/jersey-server-1.19.jar:/home/runner/.m2/repository/javax/servlet/javax.servlet-api/3.1.0/javax.servlet-api-3.1.0.jar:/home/runner/.m2/repository/org/eclipse/jetty/jetty-server/9.4.35.v20201120/jetty-server-9.4.35.v20201120.jar:/home/runner/.m2/repository/org/eclipse/jetty/jetty-http/9.4.35.v20201120/jetty-http-9.4.35.v20201120.jar:/home/runner/.m2/repository/org/eclipse/jetty/jetty-io/9.4.35.v20201120/jetty-io-9.4.35.v20201120.jar:/home/runner/.m2/repository/org/eclipse/jetty/jetty-webapp/9.4.35.v20201120/jetty-webapp-9.4.35.v20201120.jar:/home/runner/.m2/repository/org/eclipse/jetty/jetty-xml/9.4.35.v20201120/jetty-xml-9.4.35.v20201120.jar:/home/runner/.m2/repository/org/apache/hadoop/hadoop-common/3.2.2/hadoop-common-3.2.2.jar:/home/runner/.m2/repository/commons-net/commons-net/3.6/commons-net-3.6.jar:/home/runner/.m2/repository/javax/activation/javax.activation-api/1.2.0/javax.activation-api-1.2.0.jar:/home/runner/.m2/repository/com/sun/jersey/jersey-servlet/1.19/jersey-servlet-1.19.jar:/home/runner/.m2/repository/com/sun/jersey/jersey-json/1.19/jersey-json-1.19.jar:/home/runner/.m2/repository/org/codehaus/jettison/jettison/1.1/jettison-1.1.jar:/home/runner/.m2/repository/com/sun/xml/bind/jaxb-impl/2.2.3-1/jaxb-impl-2.2.3-1.jar:/home/runner/.m2/repository/org/codehaus/jackson/jackson-jaxrs/1.9.2/jackson-jaxrs-1.9.2.jar:/home/runner/.m2/repository/org/codehaus/jackson/jackson-xc/1.9.2/jackson-xc-1.9.2.jar:/home/runner/.m2/repository/org/apache/commons/commons-configuration2/2.1.1/commons-configuration2-2.1.1.jar:/home/runner/.m2/repository/org/apache/commons/commons-text/1.4/commons-text-1.4.jar:/home/runner/.m2/repository/com/google/re2j/re2j/1.1/re2j-1.1.jar:/home/runner/.m2/repository/com/jcraft/jsch/0.1.54/jsch-0.1.54.jar:/home/runner/.m2/repository/org/apache/curator/curator-client/2.13.0/curator-client-2.13.0.jar:/home/runner/.m2/repository/org/apache/curator/curator-recipes/2.13.0/curator-recipes-2.13.0.jar:/home/runner/.m2/repository/dnsjava/dnsjava/2.1.7/dnsjava-2.1.7.jar:/home/runner/.m2/repository/org/slf4j/jul-to-slf4j/1.7.30/jul-to-slf4j-1.7.30.jar:/home/runner/.m2/repository/org/eclipse/jetty/jetty-util/9.4.35.v20201120/jetty-util-9.4.35.v20201120.jar:/home/runner/.m2/repository/com/fasterxml/jackson/core/jackson-databind/2.12.1/jackson-databind-2.12.1.jar:/home/runner/.m2/repository/org/apache/hadoop/hadoop-kms/3.2.2/hadoop-kms-3.2.2-tests.jar:/home/runner/.m2/repository/org/apache/ozone/hdds-server-scm/1.2.0-SNAPSHOT/hdds-server-scm-1.2.0-SNAPSHOT-tests.jar:/home/runner/.m2/repository/org/apache/ozone/hdds-container-service/1.2.0-SNAPSHOT/hdds-container-service-1.2.0-SNAPSHOT-tests.jar:/home/runner/.m2/repository/commons-codec/commons-codec/1.11/commons-codec-1.11.jar:/home/runner/.m2/repository/io/netty/netty-transport/4.1.63.Final/netty-transport-4.1.63.Final.jar:/home/runner/.m2/repository/io/netty/netty-resolver/4.1.63.Final/netty-resolver-4.1.63.Final.jar:/home/runner/.m2/repository/io/netty/netty-codec/4.1.63.Final/netty-codec-4.1.63.Final.jar:/home/runner/.m2/repository/io/netty/netty-handler/4.1.63.Final/netty-handler-4.1.63.Final.jar:/home/runner/.m2/repository/org/apache/ozone/hdds-hadoop-dependency-test/1.2.0-SNAPSHOT/hdds-hadoop-dependency-test-1.2.0-SNAPSHOT.jar:/home/runner/.m2/repository/org/apache/hadoop/hadoop-common/3.2.2/hadoop-common-3.2.2-tests.jar:/home/runner/.m2/repository/org/apache/hadoop/hadoop-hdfs/3.2.2/hadoop-hdfs-3.2.2-tests.jar:/home/runner/.m2/repository/org/eclipse/jetty/jetty-util-ajax/9.4.35.v20201120/jetty-util-ajax-9.4.35.v20201120.jar:/home/runner/.m2/repository/commons-daemon/commons-daemon/1.0.13/commons-daemon-1.0.13.jar:/home/runner/.m2/repository/io/netty/netty/3.10.6.Final/netty-3.10.6.Final.jar:/home/runner/.m2/repository/io/netty/netty-all/4.1.63.Final/netty-all-4.1.63.Final.jar:/home/runner/.m2/repository/org/apache/htrace/htrace-core4/4.1.0-incubating/htrace-core4-4.1.0-incubating.jar:/home/runner/.m2/repository/org/fusesource/leveldbjni/leveldbjni-all/1.8/leveldbjni-all-1.8.jar:/home/runner/.m2/repository/org/apache/hadoop/hadoop-distcp/3.2.2/hadoop-distcp-3.2.2.jar:/home/runner/.m2/repository/org/apache/hadoop/hadoop-mapreduce-client-jobclient/3.2.2/hadoop-mapreduce-client-jobclient-3.2.2.jar:/home/runner/.m2/repository/org/apache/hadoop/hadoop-mapreduce-client-common/3.2.2/hadoop-mapreduce-client-common-3.2.2.jar:/home/runner/.m2/repository/org/apache/hadoop/hadoop-yarn-common/3.2.2/hadoop-yarn-common-3.2.2.jar:/home/runner/.m2/repository/org/apache/hadoop/hadoop-yarn-api/3.2.2/hadoop-yarn-api-3.2.2.jar:/home/runner/.m2/repository/com/sun/jersey/jersey-client/1.19/jersey-client-1.19.jar:/home/runner/.m2/repository/com/sun/jersey/contribs/jersey-guice/1.19/jersey-guice-1.19.jar:/home/runner/.m2/repository/com/fasterxml/jackson/jaxrs/jackson-jaxrs-json-provider/2.12.1/jackson-jaxrs-json-provider-2.12.1.jar:/home/runner/.m2/repository/com/fasterxml/jackson/jaxrs/jackson-jaxrs-base/2.12.1/jackson-jaxrs-base-2.12.1.jar:/home/runner/.m2/repository/org/apache/hadoop/hadoop-yarn-client/3.2.2/hadoop-yarn-client-3.2.2.jar:/home/runner/.m2/repository/org/apache/hadoop/hadoop-mapreduce-client-core/3.2.2/hadoop-mapreduce-client-core-3.2.2.jar:/home/runner/.m2/repository/org/apache/avro/avro/1.7.7/avro-1.7.7.jar:/home/runner/.m2/repository/org/codehaus/jackson/jackson-core-asl/1.9.13/jackson-core-asl-1.9.13.jar:/home/runner/.m2/repository/org/codehaus/jackson/jackson-mapper-asl/1.9.13/jackson-mapper-asl-1.9.13.jar:/home/runner/.m2/repository/com/thoughtworks/paranamer/paranamer/2.3/paranamer-2.3.jar:/home/runner/.m2/repository/org/xerial/snappy/snappy-java/1.0.5/snappy-java-1.0.5.jar:/home/runner/.m2/repository/org/apache/hadoop/hadoop-annotations/3.2.2/hadoop-annotations-3.2.2.jar:/usr/lib/jvm/adoptopenjdk-8-hotspot-amd64/jre/../lib/tools.jar:/home/runner/.m2/repository/org/apache/hadoop/hadoop-distcp/3.2.2/hadoop-distcp-3.2.2-tests.jar:"/>
    <property name="sun.cpu.endian" value="little"/>
    <property name="user.home" value="/home/runner"/>
    <property name="user.language" value="en"/>
    <property name="java.specification.vendor" value="Oracle Corporation"/>
    <property name="java.home" value="/usr/lib/jvm/adoptopenjdk-8-hotspot-amd64/jre"/>
    <property name="java.security.krb5.conf" value="/home/runner/work/ozone/ozone/mnt/ozone/hadoop-ozone/integration-test/target/test-classes/krb5.conf"/>
    <property name="basedir" value="/home/runner/work/ozone/ozone/mnt/ozone/hadoop-ozone/integration-test"/>
    <property name="file.separator" value="/"/>
    <property name="line.separator" value="&#10;"/>
    <property name="java.vm.specification.vendor" value="Oracle Corporation"/>
    <property name="java.specification.name" value="Java Platform API Specification"/>
    <property name="java.awt.graphicsenv" value="sun.awt.X11GraphicsEnvironment"/>
    <property name="skip.installnpx" value="true"/>
    <property name="surefire.real.class.path" value="/home/runner/work/ozone/ozone/mnt/ozone/hadoop-ozone/integration-test/target/surefire/surefirebooter8072322010369331241.jar:/home/runner/.m2/repository/org/jacoco/org.jacoco.agent/0.8.5/org.jacoco.agent-0.8.5-runtime.jar"/>
    <property name="hadoop.log.dir" value="/home/runner/work/ozone/ozone/mnt/ozone/hadoop-ozone/integration-test/target/log"/>
    <property name="sun.boot.class.path" value="/usr/lib/jvm/adoptopenjdk-8-hotspot-amd64/jre/lib/resources.jar:/usr/lib/jvm/adoptopenjdk-8-hotspot-amd64/jre/lib/rt.jar:/usr/lib/jvm/adoptopenjdk-8-hotspot-amd64/jre/lib/sunrsasign.jar:/usr/lib/jvm/adoptopenjdk-8-hotspot-amd64/jre/lib/jsse.jar:/usr/lib/jvm/adoptopenjdk-8-hotspot-amd64/jre/lib/jce.jar:/usr/lib/jvm/adoptopenjdk-8-hotspot-amd64/jre/lib/charsets.jar:/usr/lib/jvm/adoptopenjdk-8-hotspot-amd64/jre/lib/jfr.jar:/usr/lib/jvm/adoptopenjdk-8-hotspot-amd64/jre/classes"/>
    <property name="sun.management.compiler" value="HotSpot 64-Bit Tiered Compilers"/>
    <property name="skip.npx" value="true"/>
    <property name="java.runtime.version" value="1.8.0_292-b10"/>
    <property name="java.net.preferIPv4Stack" value="true"/>
    <property name="user.name" value="runner"/>
    <property name="path.separator" value=":"/>
    <property name="java.security.egd" value="file:///dev/urandom"/>
    <property name="os.version" value="5.4.0-1047-azure"/>
    <property name="java.endorsed.dirs" value="/usr/lib/jvm/adoptopenjdk-8-hotspot-amd64/jre/lib/endorsed"/>
    <property name="java.runtime.name" value="OpenJDK Runtime Environment"/>
    <property name="file.encoding" value="UTF-8"/>
    <property name="java.vm.name" value="OpenJDK 64-Bit Server VM"/>
    <property name="test.build.webapps" value=""/>
    <property name="localRepository" value="/home/runner/.m2/repository"/>
    <property name="java.vendor.url.bug" value="https://github.com/AdoptOpenJDK/openjdk-support/issues"/>
    <property name="java.io.tmpdir" value="/tmp"/>
    <property name="require.test.libhadoop" value=""/>
    <property name="java.version" value="1.8.0_292"/>
    <property name="user.dir" value="/home/runner/work/ozone/ozone/mnt/ozone/hadoop-ozone/integration-test"/>
    <property name="os.arch" value="amd64"/>
    <property name="java.vm.specification.name" value="Java Virtual Machine Specification"/>
    <property name="test.build.classes" value="/home/runner/work/ozone/ozone/mnt/ozone/hadoop-ozone/integration-test/target/test-classes"/>
    <property name="java.awt.printerjob" value="sun.print.PSPrinterJob"/>
    <property name="sun.os.patch.level" value="unknown"/>
    <property name="hadoop.tmp.dir" value="/home/runner/work/ozone/ozone/mnt/ozone/hadoop-ozone/integration-test/target/tmp"/>
    <property name="java.library.path" value="/usr/java/packages/lib/amd64:/usr/lib64:/lib64:/lib:/usr/lib"/>
    <property name="java.vm.info" value="mixed mode"/>
    <property name="java.vendor" value="AdoptOpenJDK"/>
    <property name="java.vm.version" value="25.292-b10"/>
    <property name="java.ext.dirs" value="/usr/lib/jvm/adoptopenjdk-8-hotspot-amd64/jre/lib/ext:/usr/java/packages/lib/ext"/>
    <property name="sun.io.unicode.encoding" value="UnicodeLittle"/>
    <property name="java.class.version" value="52.0"/>
  </properties>
  <testcase name="testMultipartUpload" classname="org.apache.hadoop.ozone.om.TestOzoneManagerHAWithData" time="30.368"/>
  <testcase name="testOMRatisSnapshot" classname="org.apache.hadoop.ozone.om.TestOzoneManagerHAWithData" time="24.272">
    <failure message="LastAppliedIndex on OM State Machine (54) is less than the saved snapshot index(55)." type="java.lang.AssertionError">java.lang.AssertionError: LastAppliedIndex on OM State Machine (54) is less than the saved snapshot index(55).
	at org.junit.Assert.fail(Assert.java:89)
	at org.junit.Assert.assertTrue(Assert.java:42)
	at org.apache.hadoop.ozone.om.TestOzoneManagerHAWithData.testOMRatisSnapshot(TestOzoneManagerHAWithData.java:466)
	at sun.reflect.NativeMethodAccessorImpl.invoke0(Native Method)
	at sun.reflect.NativeMethodAccessorImpl.invoke(NativeMethodAccessorImpl.java:62)
	at sun.reflect.DelegatingMethodAccessorImpl.invoke(DelegatingMethodAccessorImpl.java:43)
	at java.lang.reflect.Method.invoke(Method.java:498)
	at org.junit.runners.model.FrameworkMethod$1.runReflectiveCall(FrameworkMethod.java:59)
	at org.junit.internal.runners.model.ReflectiveCallable.run(ReflectiveCallable.java:12)
	at org.junit.runners.model.FrameworkMethod.invokeExplosively(FrameworkMethod.java:56)
	at org.junit.internal.runners.statements.InvokeMethod.evaluate(InvokeMethod.java:17)
	at org.junit.internal.runners.statements.RunBefores.evaluate(RunBefores.java:26)
	at org.junit.internal.runners.statements.RunAfters.evaluate(RunAfters.java:27)
	at org.junit.rules.ExpectedException$ExpectedExceptionStatement.evaluate(ExpectedException.java:258)
	at org.junit.internal.runners.statements.FailOnTimeout$CallableStatement.call(FailOnTimeout.java:288)
	at org.junit.internal.runners.statements.FailOnTimeout$CallableStatement.call(FailOnTimeout.java:282)
	at java.util.concurrent.FutureTask.run(FutureTask.java:266)
	at java.lang.Thread.run(Thread.java:748)
</failure>
    <system-out><![CDATA[2021-06-06 13:57:09,835 [Time-limited test] WARN  server.ServerUtils (ServerUtils.java:getScmDbDir(148)) - ozone.scm.db.dirs is not configured. We recommend adding this setting. Falling back to ozone.metadata.dirs instead.
2021-06-06 13:57:09,837 [Time-limited test] INFO  ha.SCMHANodeDetails (SCMHANodeDetails.java:loadSCMHAConfig(157)) - ServiceID for StorageContainerManager is null
2021-06-06 13:57:09,837 [Time-limited test] INFO  ha.SCMHANodeDetails (SCMHANodeDetails.java:loadSCMHAConfig(162)) - ozone.scm.default.service.id is not defined, falling back to ozone.scm.service.ids to find serviceID for StorageContainerManager if it is HA enabled cluster
2021-06-06 13:57:09,842 [Time-limited test] WARN  server.ServerUtils (ServerUtils.java:getScmDbDir(148)) - ozone.scm.db.dirs is not configured. We recommend adding this setting. Falling back to ozone.metadata.dirs instead.
2021-06-06 13:57:09,843 [Time-limited test] WARN  utils.HAUtils (HAUtils.java:getMetaDir(342)) - ozone.scm.db.dirs is not configured. We recommend adding this setting. Falling back to ozone.metadata.dirs instead.
2021-06-06 13:57:09,844 [Time-limited test] WARN  db.DBStoreBuilder (DBStoreBuilder.java:applyDBDefinition(145)) - ozone.scm.db.dirs is not configured. We recommend adding this setting. Falling back to ozone.metadata.dirs instead.
2021-06-06 13:57:09,921 [Time-limited test] INFO  net.NodeSchemaLoader (NodeSchemaLoader.java:loadSchemaFromFile(129)) - Loading schema from [jar:file:/home/runner/.m2/repository/org/apache/ozone/hdds-common/1.2.0-SNAPSHOT/hdds-common-1.2.0-SNAPSHOT.jar!/network-topology-default.xml]
2021-06-06 13:57:09,922 [Time-limited test] INFO  net.NodeSchemaLoader (NodeSchemaLoader.java:loadSchema(176)) - Loading network topology layer schema file
2021-06-06 13:57:09,926 [Time-limited test] INFO  ha.SequenceIdGenerator (SequenceIdGenerator.java:upgradeToSequenceId(327)) - upgrade localId to 107544261427200000
2021-06-06 13:57:09,926 [Time-limited test] INFO  ha.SequenceIdGenerator (SequenceIdGenerator.java:upgradeToSequenceId(337)) - upgrade delTxnId to 0
2021-06-06 13:57:09,926 [Time-limited test] INFO  ha.SequenceIdGenerator (SequenceIdGenerator.java:upgradeToSequenceId(351)) - upgrade containerId to 0
2021-06-06 13:57:09,926 [Time-limited test] INFO  ha.SequenceIdGenerator (SequenceIdGenerator.java:<init>(217)) - Init the HA SequenceIdGenerator.
2021-06-06 13:57:09,926 [Time-limited test] WARN  server.ServerUtils (ServerUtils.java:sanitizeUserArgs(73)) - ozone.scm.stale.node.interval value = 300000 is larger than max = 100000 based on the key value of ozone.scm.heartbeat.thread.interval, reset to the max value 100000.
2021-06-06 13:57:09,927 [Time-limited test] WARN  server.ServerUtils (ServerUtils.java:sanitizeUserArgs(73)) - ozone.scm.stale.node.interval value = 300000 is larger than max = 100000 based on the key value of ozone.scm.heartbeat.thread.interval, reset to the max value 100000.
2021-06-06 13:57:09,927 [Time-limited test] INFO  node.SCMNodeManager (SCMNodeManager.java:<init>(125)) - Entering startup safe mode.
2021-06-06 13:57:09,928 [Time-limited test] INFO  algorithms.ContainerPlacementPolicyFactory (ContainerPlacementPolicyFactory.java:getPolicy(60)) - Create container placement policy of type org.apache.hadoop.hdds.scm.container.placement.algorithms.SCMContainerPlacementRandom
2021-06-06 13:57:09,928 [Time-limited test] INFO  pipeline.PipelineStateManager (PipelineStateManagerV2Impl.java:initialize(78)) - No pipeline exists in current db
2021-06-06 13:57:09,928 [Time-limited test] INFO  algorithms.LeaderChoosePolicyFactory (LeaderChoosePolicyFactory.java:getPolicy(57)) - Create leader choose policy of type org.apache.hadoop.hdds.scm.pipeline.leader.choose.algorithms.MinLeaderCountChoosePolicy
2021-06-06 13:57:09,928 [Time-limited test] INFO  ha.SCMServiceManager (SCMServiceManager.java:register(43)) - Registering service BackgroundPipelineCreator.
2021-06-06 13:57:09,928 [Time-limited test] INFO  pipeline.BackgroundPipelineCreator (BackgroundPipelineCreatorV2.java:start(130)) - Starting RatisPipelineUtilsThread.
2021-06-06 13:57:09,929 [Time-limited test] INFO  algorithms.PipelineChoosePolicyFactory (PipelineChoosePolicyFactory.java:createPipelineChoosePolicyFromClass(73)) - Create pipeline choose policy of type org.apache.hadoop.hdds.scm.pipeline.choose.algorithms.RandomPipelineChoosePolicy
2021-06-06 13:57:09,930 [Time-limited test] INFO  ha.SCMServiceManager (SCMServiceManager.java:register(43)) - Registering service SCMBlockDeletingService.
2021-06-06 13:57:09,930 [Time-limited test] INFO  ha.SCMServiceManager (SCMServiceManager.java:register(43)) - Registering service ReplicationManager.
2021-06-06 13:57:09,930 [Time-limited test] INFO  container.ReplicationManager (ReplicationManager.java:start(227)) - Starting Replication Monitor Thread.
2021-06-06 13:57:09,933 [Time-limited test] INFO  safemode.HealthyPipelineSafeModeRule (HealthyPipelineSafeModeRule.java:<init>(90)) - Total pipeline count is 0, healthy pipeline threshold count is 0
2021-06-06 13:57:09,933 [Time-limited test] INFO  safemode.OneReplicaPipelineSafeModeRule (OneReplicaPipelineSafeModeRule.java:<init>(86)) - Total pipeline count is 0, pipeline's with at least one datanode reported threshold count is 0
2021-06-06 13:57:09,937 [Time-limited test] INFO  ipc.CallQueueManager (CallQueueManager.java:<init>(85)) - Using callQueue: class java.util.concurrent.LinkedBlockingQueue, queueCapacity: 2000, scheduler: class org.apache.hadoop.ipc.DefaultRpcScheduler, ipcBackoff: false.
2021-06-06 13:57:09,938 [ReplicationMonitor] INFO  container.ReplicationManager (ReplicationManager.java:run(291)) - Replication Monitor Thread took 0 milliseconds for processing 0 containers.
2021-06-06 13:57:09,941 [Socket Reader #1 for port 0] INFO  ipc.Server (Server.java:run(1255)) - Starting Socket Reader #1 for port 0
2021-06-06 13:57:09,942 [Listener at 0.0.0.0/35799] INFO  ipc.CallQueueManager (CallQueueManager.java:<init>(85)) - Using callQueue: class java.util.concurrent.LinkedBlockingQueue, queueCapacity: 2000, scheduler: class org.apache.hadoop.ipc.DefaultRpcScheduler, ipcBackoff: false.
2021-06-06 13:57:09,943 [Socket Reader #1 for port 0] INFO  ipc.Server (Server.java:run(1255)) - Starting Socket Reader #1 for port 0
2021-06-06 13:57:09,943 [Listener at 0.0.0.0/45375] INFO  ipc.CallQueueManager (CallQueueManager.java:<init>(85)) - Using callQueue: class java.util.concurrent.LinkedBlockingQueue, queueCapacity: 2000, scheduler: class org.apache.hadoop.ipc.DefaultRpcScheduler, ipcBackoff: false.
2021-06-06 13:57:09,944 [Socket Reader #1 for port 0] INFO  ipc.Server (Server.java:run(1255)) - Starting Socket Reader #1 for port 0
2021-06-06 13:57:09,946 [Listener at 0.0.0.0/39937] INFO  server.StorageContainerManager (StorageContainerManager.java:<init>(420)) - 
Container Balancer status:
Key                            Value
Running                        true
Container Balancer Configuration values:
Key                            Value
Threshold                      0.1
Max Datanodes to Balance       5
Max Size to Move               10737418240B

2021-06-06 13:57:09,946 [Listener at 0.0.0.0/39937] WARN  events.EventQueue (EventQueue.java:fireEvent(185)) - No event handler registered for event TypedEvent{payloadType=SafeModeStatus, name='Safe mode status'}
2021-06-06 13:57:09,946 [Listener at 0.0.0.0/39937] INFO  ha.SCMContext (SCMContext.java:updateSafeModeStatus(148)) - Update SafeModeStatus from SafeModeStatus{safeModeStatus=true, preCheckPassed=false} to SafeModeStatus{safeModeStatus=true, preCheckPassed=false}.
2021-06-06 13:57:09,946 [Listener at 0.0.0.0/39937] INFO  server.StorageContainerManager (StorageContainerManager.java:start(1208)) - StorageContainerLocationProtocol RPC server is listening at /0.0.0.0:39937
2021-06-06 13:57:09,947 [Listener at 0.0.0.0/39937] WARN  impl.MetricsConfig (MetricsConfig.java:loadFirst(136)) - Cannot locate configuration: tried hadoop-metrics2-storagecontainermanager.properties,hadoop-metrics2.properties
2021-06-06 13:57:09,953 [Listener at 0.0.0.0/39937] INFO  impl.MetricsSystemImpl (MetricsSystemImpl.java:startTimer(378)) - Scheduled Metric snapshot period at 10 second(s).
2021-06-06 13:57:09,953 [Listener at 0.0.0.0/39937] INFO  impl.MetricsSystemImpl (MetricsSystemImpl.java:start(191)) - StorageContainerManager metrics system started
2021-06-06 13:57:09,973 [Listener at 0.0.0.0/39937] INFO  impl.MetricsSinkAdapter (MetricsSinkAdapter.java:start(204)) - Sink prometheus started
2021-06-06 13:57:09,974 [Listener at 0.0.0.0/39937] INFO  impl.MetricsSystemImpl (MetricsSystemImpl.java:registerSink(305)) - Registered sink prometheus
2021-06-06 13:57:09,990 [Listener at 0.0.0.0/39937] INFO  server.SCMClientProtocolServer (SCMClientProtocolServer.java:start(157)) - RPC server for Client  is listening at /0.0.0.0:39937
2021-06-06 13:57:09,991 [IPC Server Responder] INFO  ipc.Server (Server.java:run(1497)) - IPC Server Responder: starting
2021-06-06 13:57:09,992 [IPC Server listener on 0] INFO  ipc.Server (Server.java:run(1334)) - IPC Server listener on 0: starting
2021-06-06 13:57:10,002 [Listener at 0.0.0.0/39937] INFO  server.StorageContainerManager (StorageContainerManager.java:start(1223)) - ScmBlockLocationProtocol RPC server is listening at /0.0.0.0:45375
2021-06-06 13:57:10,002 [Listener at 0.0.0.0/39937] INFO  server.SCMBlockProtocolServer (SCMBlockProtocolServer.java:start(149)) - RPC server for Block Protocol is listening at /0.0.0.0:45375
2021-06-06 13:57:10,003 [IPC Server Responder] INFO  ipc.Server (Server.java:run(1497)) - IPC Server Responder: starting
2021-06-06 13:57:10,003 [IPC Server listener on 0] INFO  ipc.Server (Server.java:run(1334)) - IPC Server listener on 0: starting
2021-06-06 13:57:10,010 [Listener at 0.0.0.0/39937] INFO  server.StorageContainerManager (StorageContainerManager.java:start(1229)) - ScmDatanodeProtocl RPC server is listening at /0.0.0.0:35799
2021-06-06 13:57:10,010 [Listener at 0.0.0.0/39937] INFO  server.SCMDatanodeProtocolServer (SCMDatanodeProtocolServer.java:start(174)) - RPC server for DataNodes is listening at /0.0.0.0:35799
2021-06-06 13:57:10,011 [IPC Server Responder] INFO  ipc.Server (Server.java:run(1497)) - IPC Server Responder: starting
2021-06-06 13:57:10,019 [Listener at 0.0.0.0/39937] INFO  http.BaseHttpServer (BaseHttpServer.java:newHttpServer2BuilderForOzone(209)) - Starting Web-server for scm at: http://0.0.0.0:0
2021-06-06 13:57:10,019 [Listener at 0.0.0.0/39937] INFO  http.BaseHttpServer (BaseHttpServer.java:<init>(107)) - Hadoop Security Enabled: false Ozone Security Enabled: false Ozone HTTP Security Enabled: false 
2021-06-06 13:57:10,020 [Listener at 0.0.0.0/39937] INFO  server.AuthenticationFilter (AuthenticationFilter.java:constructSecretProvider(240)) - Unable to initialize FileSignerSecretProvider, falling back to use random secrets.
2021-06-06 13:57:10,021 [org.apache.hadoop.util.JvmPauseMonitor$Monitor@32f72422] INFO  util.JvmPauseMonitor (JvmPauseMonitor.java:run(188)) - Starting JVM pause monitor
2021-06-06 13:57:10,021 [Listener at 0.0.0.0/39937] WARN  http.HttpRequestLog (HttpRequestLog.java:getRequestLog(103)) - Jetty request log can only be enabled using Log4j
2021-06-06 13:57:10,022 [Listener at 0.0.0.0/39937] INFO  http.HttpServer2 (HttpServer2.java:addGlobalFilter(1020)) - Added global filter 'safety' (class=org.apache.hadoop.hdds.server.http.HttpServer2$QuotingInputFilter)
2021-06-06 13:57:10,022 [Listener at 0.0.0.0/39937] INFO  http.HttpServer2 (HttpServer2.java:addFilter(996)) - Added filter static_user_filter (class=org.apache.hadoop.http.lib.StaticUserWebFilter$StaticUserFilter) to context scm
2021-06-06 13:57:10,023 [Listener at 0.0.0.0/39937] INFO  http.HttpServer2 (HttpServer2.java:addFilter(1004)) - Added filter static_user_filter (class=org.apache.hadoop.http.lib.StaticUserWebFilter$StaticUserFilter) to context logs
2021-06-06 13:57:10,023 [Listener at 0.0.0.0/39937] INFO  http.HttpServer2 (HttpServer2.java:addFilter(1004)) - Added filter static_user_filter (class=org.apache.hadoop.http.lib.StaticUserWebFilter$StaticUserFilter) to context static
2021-06-06 13:57:10,023 [Listener at 0.0.0.0/39937] INFO  http.HttpServer2 (HttpServer2.java:bindListener(1238)) - Jetty bound to port 41711
2021-06-06 13:57:10,023 [Listener at 0.0.0.0/39937] INFO  server.Server (Server.java:doStart(375)) - jetty-9.4.35.v20201120; built: 2020-11-20T21:17:03.964Z; git: bdc54f03a5e0a7e280fab27f55c3c75ee8da89fb; jvm 1.8.0_292-b10
2021-06-06 13:57:10,025 [Listener at 0.0.0.0/39937] INFO  server.session (DefaultSessionIdManager.java:doStart(334)) - DefaultSessionIdManager workerName=node0
2021-06-06 13:57:10,025 [Listener at 0.0.0.0/39937] INFO  server.session (DefaultSessionIdManager.java:doStart(339)) - No SessionScavenger set, using defaults
2021-06-06 13:57:10,025 [IPC Server listener on 0] INFO  ipc.Server (Server.java:run(1334)) - IPC Server listener on 0: starting
2021-06-06 13:57:10,025 [Listener at 0.0.0.0/39937] INFO  server.session (HouseKeeper.java:startScavenging(132)) - node0 Scavenging every 600000ms
2021-06-06 13:57:10,026 [Listener at 0.0.0.0/39937] INFO  handler.ContextHandler (ContextHandler.java:doStart(916)) - Started o.e.j.s.ServletContextHandler@c3abfbf{logs,/logs,file:///home/runner/work/ozone/ozone/mnt/ozone/hadoop-ozone/integration-test/target/log,AVAILABLE}
2021-06-06 13:57:10,026 [Listener at 0.0.0.0/39937] INFO  handler.ContextHandler (ContextHandler.java:doStart(916)) - Started o.e.j.s.ServletContextHandler@5537e662{static,/static,file:///home/runner/work/ozone/ozone/mnt/ozone/hadoop-ozone/integration-test/target/test-classes/webapps/static,AVAILABLE}
2021-06-06 13:57:10,034 [Listener at 0.0.0.0/39937] INFO  handler.ContextHandler (ContextHandler.java:doStart(916)) - Started o.e.j.w.WebAppContext@3be0b277{scm,/,file:///home/runner/work/ozone/ozone/mnt/ozone/hadoop-ozone/integration-test/target/test-classes/webapps/scm/,AVAILABLE}{file:/home/runner/work/ozone/ozone/mnt/ozone/hadoop-ozone/integration-test/target/test-classes/webapps/scm}
2021-06-06 13:57:10,035 [Listener at 0.0.0.0/39937] INFO  server.AbstractConnector (AbstractConnector.java:doStart(331)) - Started ServerConnector@557fb989{HTTP/1.1, (http/1.1)}{0.0.0.0:41711}
2021-06-06 13:57:10,035 [Listener at 0.0.0.0/39937] INFO  server.Server (Server.java:doStart(415)) - Started @31649ms
2021-06-06 13:57:10,035 [Listener at 0.0.0.0/39937] WARN  impl.MetricsSystemImpl (MetricsSystemImpl.java:register(279)) - Sink prometheus already exists!
2021-06-06 13:57:10,036 [Listener at 0.0.0.0/39937] INFO  http.BaseHttpServer (BaseHttpServer.java:updateConnectorAddress(329)) - HTTP server of scm listening at http://0.0.0.0:41711
2021-06-06 13:57:10,036 [Listener at 0.0.0.0/39937] INFO  ha.OMHANodeDetails (OMHANodeDetails.java:loadOMHAConfig(111)) - ServiceID for OzoneManager is om-service-test1
2021-06-06 13:57:10,037 [Listener at 0.0.0.0/39937] INFO  ha.OMHANodeDetails (OMHANodeDetails.java:loadOMHAConfig(187)) - Found matching OM address with OMServiceId: om-service-test1, OMNodeId: omNode-1, RPC Address: localhost:11432 and Ratis port: 11436
2021-06-06 13:57:10,037 [Listener at 0.0.0.0/39937] INFO  ha.OMHANodeDetails (ConfUtils.java:setNodeSpecificConfigs(108)) - Setting configuration key ozone.om.http-address with value of key ozone.om.http-address.om-service-test1.omNode-1: 127.0.0.1:11434
2021-06-06 13:57:10,037 [Listener at 0.0.0.0/39937] INFO  ha.OMHANodeDetails (ConfUtils.java:setNodeSpecificConfigs(108)) - Setting configuration key ozone.om.https-address with value of key ozone.om.https-address.om-service-test1.omNode-1: 127.0.0.1:11435
2021-06-06 13:57:10,037 [Listener at 0.0.0.0/39937] INFO  ha.OMHANodeDetails (ConfUtils.java:setNodeSpecificConfigs(108)) - Setting configuration key ozone.om.address with value of key ozone.om.address.om-service-test1.omNode-1: 127.0.0.1:11432
2021-06-06 13:57:10,037 [Listener at 0.0.0.0/39937] WARN  server.ServerUtils (ServerUtils.java:getDBPath(225)) - ozone.om.db.dirs is not configured. We recommend adding this setting. Falling back to ozone.metadata.dirs instead.
OM initialization succeeded.Current cluster id for sd=/home/runner/work/ozone/ozone/mnt/ozone/hadoop-ozone/integration-test/target/test-dir/MiniOzoneClusterImpl-498e09b4-d42e-43c3-9d7c-b3000502db30/omNode-1/om;cid=498e09b4-d42e-43c3-9d7c-b3000502db30;layoutVersion=0
2021-06-06 13:57:10,044 [Listener at 0.0.0.0/39937] INFO  ha.OMHANodeDetails (OMHANodeDetails.java:loadOMHAConfig(111)) - ServiceID for OzoneManager is om-service-test1
2021-06-06 13:57:10,045 [Listener at 0.0.0.0/39937] INFO  ha.OMHANodeDetails (OMHANodeDetails.java:loadOMHAConfig(187)) - Found matching OM address with OMServiceId: om-service-test1, OMNodeId: omNode-1, RPC Address: localhost:11432 and Ratis port: 11436
2021-06-06 13:57:10,045 [Listener at 0.0.0.0/39937] INFO  ha.OMHANodeDetails (ConfUtils.java:setNodeSpecificConfigs(108)) - Setting configuration key ozone.om.http-address with value of key ozone.om.http-address.om-service-test1.omNode-1: 127.0.0.1:11434
2021-06-06 13:57:10,045 [Listener at 0.0.0.0/39937] INFO  ha.OMHANodeDetails (ConfUtils.java:setNodeSpecificConfigs(108)) - Setting configuration key ozone.om.https-address with value of key ozone.om.https-address.om-service-test1.omNode-1: 127.0.0.1:11435
2021-06-06 13:57:10,045 [Listener at 0.0.0.0/39937] INFO  ha.OMHANodeDetails (ConfUtils.java:setNodeSpecificConfigs(108)) - Setting configuration key ozone.om.address with value of key ozone.om.address.om-service-test1.omNode-1: 127.0.0.1:11432
2021-06-06 13:57:10,045 [Listener at 0.0.0.0/39937] WARN  server.ServerUtils (ServerUtils.java:getDBPath(225)) - ozone.om.db.dirs is not configured. We recommend adding this setting. Falling back to ozone.metadata.dirs instead.
2021-06-06 13:57:10,045 [Listener at 0.0.0.0/39937] WARN  server.ServerUtils (ServerUtils.java:getDBPath(225)) - ozone.om.db.dirs is not configured. We recommend adding this setting. Falling back to ozone.metadata.dirs instead.
2021-06-06 13:57:10,059 [Listener at 0.0.0.0/39937] WARN  server.ServerUtils (ServerUtils.java:getDBPath(225)) - ozone.om.db.dirs is not configured. We recommend adding this setting. Falling back to ozone.metadata.dirs instead.
2021-06-06 13:57:10,060 [Listener at 0.0.0.0/39937] INFO  codec.OmKeyInfoCodec (OmKeyInfoCodec.java:<init>(43)) - OmKeyInfoCodec ignorePipeline = true
2021-06-06 13:57:10,060 [Listener at 0.0.0.0/39937] INFO  codec.RepeatedOmKeyInfoCodec (RepeatedOmKeyInfoCodec.java:<init>(42)) - RepeatedOmKeyInfoCodec ignorePipeline = true
2021-06-06 13:57:10,092 [EndpointStateMachine task thread for /0.0.0.0:35111 - 0 ] INFO  ipc.Client (Client.java:handleConnectionFailure(966)) - Retrying connect to server: 0.0.0.0/0.0.0.0:35111. Already tried 9 time(s); retry policy is RetryUpToMaximumCountWithFixedSleep(maxRetries=15, sleepTime=1000 MILLISECONDS)
2021-06-06 13:57:10,130 [Listener at 0.0.0.0/39937] INFO  om.OzoneManager (OzoneManager.java:addS3GVolumeToDB(3765)) - Created Volume s3v With Owner runner required for S3Gateway operations.
2021-06-06 13:57:10,130 [Listener at 0.0.0.0/39937] WARN  server.ServerUtils (ServerUtils.java:getDefaultRatisDirectory(237)) - Storage directory for Ratis is not configured. It is a good idea to map this to an SSD disk. Falling back to ozone.metadata.dirs
2021-06-06 13:57:10,130 [Listener at 0.0.0.0/39937] WARN  ratis.OzoneManagerRatisServer (OzoneManagerRatisServer.java:getOMRatisSnapshotDirectory(634)) - ozone.om.ratis.snapshot.dir is not configured. Falling back to ozone.metadata.dirs config
2021-06-06 13:57:10,130 [Listener at 0.0.0.0/39937] INFO  snapshot.OzoneManagerSnapshotProvider (OzoneManagerSnapshotProvider.java:<init>(77)) - Initializing OM Snapshot Provider
2021-06-06 13:57:10,132 [Listener at 0.0.0.0/39937] WARN  server.ServerUtils (ServerUtils.java:getDefaultRatisDirectory(237)) - Storage directory for Ratis is not configured. It is a good idea to map this to an SSD disk. Falling back to ozone.metadata.dirs
2021-06-06 13:57:10,133 [Listener at 0.0.0.0/39937] INFO  ratis.OzoneManagerRatisServer (OzoneManagerRatisServer.java:<init>(288)) - Instantiating OM Ratis server with GroupID: om-service-test1 and Raft Peers: localhost:11436, localhost:11442, localhost:11448
2021-06-06 13:57:10,133 [Listener at 0.0.0.0/39937] INFO  ratis.OzoneManagerStateMachine (OzoneManagerStateMachine.java:loadSnapshotInfoFromDB(520)) - LastAppliedIndex is set from TransactionInfo from OM DB as (t:0, i:~)
2021-06-06 13:57:10,134 [Listener at 0.0.0.0/39937] INFO  server.RaftServer (ConfUtils.java:logGet(44)) - raft.rpc.type = GRPC (default)
2021-06-06 13:57:10,134 [Listener at 0.0.0.0/39937] INFO  grpc.GrpcFactory (GrpcFactory.java:checkPooledByteBufAllocatorUseCacheForAllThreads(48)) - PERFORMANCE WARNING: useCacheForAllThreads is true that may cause Netty to create a lot garbage objects and, as a result, trigger GC.
	It is recommended to disable useCacheForAllThreads by setting -Dorg.apache.ratis.thirdparty.io.netty.allocator.useCacheForAllThreads=false in command line.
2021-06-06 13:57:10,135 [Listener at 0.0.0.0/39937] INFO  grpc.GrpcConfigKeys (ConfUtils.java:logGet(44)) - raft.grpc.admin.port = -1 (default)
2021-06-06 13:57:10,135 [Listener at 0.0.0.0/39937] INFO  grpc.GrpcConfigKeys (ConfUtils.java:logGet(44)) - raft.grpc.server.port = 11436 (custom)
2021-06-06 13:57:10,135 [Listener at 0.0.0.0/39937] INFO  grpc.GrpcConfigKeys (ConfUtils.java:logGet(44)) - raft.grpc.client.port = -1 (default)
2021-06-06 13:57:10,135 [Listener at 0.0.0.0/39937] INFO  grpc.GrpcConfigKeys (ConfUtils.java:logGet(44)) - raft.grpc.server.port = 11436 (custom)
2021-06-06 13:57:10,135 [Listener at 0.0.0.0/39937] INFO  grpc.GrpcConfigKeys (ConfUtils.java:logGet(44)) - raft.grpc.server.port = 11436 (custom)
2021-06-06 13:57:10,135 [Listener at 0.0.0.0/39937] INFO  server.GrpcService (ConfUtils.java:logGet(44)) - raft.grpc.message.size.max = 33554432 (custom)
2021-06-06 13:57:10,135 [Listener at 0.0.0.0/39937] INFO  server.RaftServerConfigKeys (ConfUtils.java:logGet(44)) - raft.server.log.appender.buffer.byte-limit = 33554432 (custom)
2021-06-06 13:57:10,135 [Listener at 0.0.0.0/39937] INFO  server.GrpcService (ConfUtils.java:logGet(44)) - raft.grpc.flow.control.window = 1MB (=1048576) (default)
2021-06-06 13:57:10,135 [Listener at 0.0.0.0/39937] INFO  server.RaftServerConfigKeys (ConfUtils.java:logGet(44)) - raft.server.rpc.request.timeout = 3000ms (default)
2021-06-06 13:57:10,136 [Listener at 0.0.0.0/39937] INFO  impl.DataStreamServerImpl (ConfUtils.java:logGet(44)) - raft.datastream.type = DISABLED (default)
2021-06-06 13:57:10,136 [Listener at 0.0.0.0/39937] INFO  server.RaftServerConfigKeys (ConfUtils.java:logGet(44)) - raft.server.rpc.slowness.timeout = 2s (custom)
2021-06-06 13:57:10,137 [Listener at 0.0.0.0/39937] INFO  server.RaftServerConfigKeys (ConfUtils.java:logGet(44)) - raft.server.leaderelection.leader.step-down.wait-time = 10s (default)
2021-06-06 13:57:10,137 [Listener at 0.0.0.0/39937] INFO  server.RaftServerConfigKeys (ConfUtils.java:logGet(44)) - raft.server.storage.dir = [/home/runner/work/ozone/ozone/mnt/ozone/hadoop-ozone/integration-test/target/test-dir/MiniOzoneClusterImpl-498e09b4-d42e-43c3-9d7c-b3000502db30/omNode-1/ratis] (custom)
2021-06-06 13:57:10,137 [Listener at 0.0.0.0/39937] INFO  server.RaftServer (RaftServerProxy.java:addNew(95)) - omNode-1: addNew group-523986131536:[omNode-3|rpc:localhost:11448|priority:0, omNode-1|rpc:localhost:11436|priority:0, omNode-2|rpc:localhost:11442|priority:0] returns group-523986131536:java.util.concurrent.CompletableFuture@6b92e3fc[Not completed]
2021-06-06 13:57:10,137 [pool-155-thread-1] INFO  server.RaftServer$Division (RaftServerImpl.java:<init>(180)) - omNode-1: new RaftServerImpl for group-523986131536:[omNode-3|rpc:localhost:11448|priority:0, omNode-1|rpc:localhost:11436|priority:0, omNode-2|rpc:localhost:11442|priority:0] with OzoneManagerStateMachine:uninitialized
2021-06-06 13:57:10,137 [Listener at 0.0.0.0/39937] INFO  om.OzoneManager (OzoneManager.java:initializeRatisServer(1294)) - OzoneManager Ratis server initialized at port 11436
2021-06-06 13:57:10,140 [Listener at 0.0.0.0/39937] INFO  ipc.CallQueueManager (CallQueueManager.java:<init>(85)) - Using callQueue: class java.util.concurrent.LinkedBlockingQueue, queueCapacity: 2000, scheduler: class org.apache.hadoop.ipc.DefaultRpcScheduler, ipcBackoff: false.
2021-06-06 13:57:10,141 [pool-155-thread-1] INFO  server.RaftServerConfigKeys (ConfUtils.java:logGet(44)) - raft.server.rpc.timeout.min = 1s (custom)
2021-06-06 13:57:10,141 [pool-155-thread-1] INFO  server.RaftServerConfigKeys (ConfUtils.java:logGet(44)) - raft.server.rpc.timeout.max = 1200ms (custom)
2021-06-06 13:57:10,141 [pool-155-thread-1] INFO  server.RaftServerConfigKeys (ConfUtils.java:logGet(44)) - raft.server.rpc.sleep.time = 25ms (default)
2021-06-06 13:57:10,141 [pool-155-thread-1] INFO  server.RaftServerConfigKeys (ConfUtils.java:logGet(44)) - raft.server.rpc.slowness.timeout = 2s (custom)
2021-06-06 13:57:10,141 [pool-155-thread-1] INFO  server.RaftServerConfigKeys (ConfUtils.java:logGet(44)) - raft.server.leaderelection.leader.step-down.wait-time = 10s (default)
2021-06-06 13:57:10,141 [pool-155-thread-1] INFO  server.RaftServerConfigKeys (ConfUtils.java:logGet(44)) - raft.server.sleep.deviation.threshold = 300ms (default)
2021-06-06 13:57:10,141 [pool-155-thread-1] INFO  server.RaftServerConfigKeys (ConfUtils.java:logGet(44)) - raft.server.log.appender.install.snapshot.enabled = false (custom)
2021-06-06 13:57:10,141 [pool-155-thread-1] INFO  server.RaftServer$Division (ServerState.java:<init>(105)) - omNode-1@group-523986131536: ConfigurationManager, init=-1: [omNode-3|rpc:localhost:11448|priority:0, omNode-1|rpc:localhost:11436|priority:0, omNode-2|rpc:localhost:11442|priority:0], old=null, confs=<EMPTY_MAP>
2021-06-06 13:57:10,141 [pool-155-thread-1] INFO  server.RaftServerConfigKeys (ConfUtils.java:logGet(44)) - raft.server.storage.dir = [/home/runner/work/ozone/ozone/mnt/ozone/hadoop-ozone/integration-test/target/test-dir/MiniOzoneClusterImpl-498e09b4-d42e-43c3-9d7c-b3000502db30/omNode-1/ratis] (custom)
2021-06-06 13:57:10,142 [pool-155-thread-1] INFO  server.RaftServerConfigKeys (ConfUtils.java:logGet(44)) - raft.server.log.corruption.policy = EXCEPTION (default)
2021-06-06 13:57:10,142 [pool-155-thread-1] INFO  storage.RaftStorageDirectory (RaftStorageDirectoryImpl.java:analyzeStorage(132)) - The storage directory /home/runner/work/ozone/ozone/mnt/ozone/hadoop-ozone/integration-test/target/test-dir/MiniOzoneClusterImpl-498e09b4-d42e-43c3-9d7c-b3000502db30/omNode-1/ratis/c9bc4cf4-3bc3-3c60-a66b-523986131536 does not exist. Creating ...
2021-06-06 13:57:10,142 [Socket Reader #1 for port 11432] INFO  ipc.Server (Server.java:run(1255)) - Starting Socket Reader #1 for port 11432
2021-06-06 13:57:10,149 [pool-155-thread-1] INFO  storage.RaftStorageDirectory (RaftStorageDirectoryImpl.java:tryLock(215)) - Lock on /home/runner/work/ozone/ozone/mnt/ozone/hadoop-ozone/integration-test/target/test-dir/MiniOzoneClusterImpl-498e09b4-d42e-43c3-9d7c-b3000502db30/omNode-1/ratis/c9bc4cf4-3bc3-3c60-a66b-523986131536/in_use.lock acquired by nodename 1587@fv-az148-587
2021-06-06 13:57:10,150 [pool-155-thread-1] INFO  storage.RaftStorage (RaftStorageImpl.java:format(87)) - Storage directory /home/runner/work/ozone/ozone/mnt/ozone/hadoop-ozone/integration-test/target/test-dir/MiniOzoneClusterImpl-498e09b4-d42e-43c3-9d7c-b3000502db30/omNode-1/ratis/c9bc4cf4-3bc3-3c60-a66b-523986131536 has been successfully formatted.
2021-06-06 13:57:10,150 [pool-155-thread-1] INFO  server.RaftServerConfigKeys (ConfUtils.java:logGet(44)) - raft.server.notification.no-leader.timeout = 2s (custom)
2021-06-06 13:57:10,151 [pool-155-thread-1] INFO  server.RaftServerConfigKeys (ConfUtils.java:logGet(44)) - raft.server.log.use.memory = false (default)
2021-06-06 13:57:10,151 [pool-155-thread-1] INFO  server.RaftServerConfigKeys (ConfUtils.java:logGet(44)) - raft.server.log.purge.gap = 50 (custom)
2021-06-06 13:57:10,151 [pool-155-thread-1] INFO  server.RaftServerConfigKeys (ConfUtils.java:logGet(44)) - raft.server.log.appender.buffer.byte-limit = 33554432 (custom)
2021-06-06 13:57:10,151 [pool-155-thread-1] INFO  metrics.RatisMetrics (RatisMetrics.java:lambda$create$0(36)) - Creating Metrics Registry : ratis.log_worker.omNode-1@group-523986131536
2021-06-06 13:57:10,151 [pool-155-thread-1] INFO  server.RaftServerConfigKeys (ConfUtils.java:logGet(44)) - raft.server.log.segment.size.max = 4194304 (custom)
2021-06-06 13:57:10,151 [pool-155-thread-1] INFO  server.RaftServerConfigKeys (ConfUtils.java:logGet(44)) - raft.server.log.segment.cache.num.max = 2 (custom)
2021-06-06 13:57:10,151 [pool-155-thread-1] INFO  server.RaftServerConfigKeys (ConfUtils.java:logGet(44)) - raft.server.log.segment.cache.size.max = 200MB (=209715200) (default)
2021-06-06 13:57:10,151 [pool-155-thread-1] INFO  segmented.SegmentedRaftLogWorker (SegmentedRaftLogWorker.java:<init>(182)) - new omNode-1@group-523986131536-SegmentedRaftLogWorker for RaftStorageImpl:Storage Directory /home/runner/work/ozone/ozone/mnt/ozone/hadoop-ozone/integration-test/target/test-dir/MiniOzoneClusterImpl-498e09b4-d42e-43c3-9d7c-b3000502db30/omNode-1/ratis/c9bc4cf4-3bc3-3c60-a66b-523986131536
2021-06-06 13:57:10,151 [pool-155-thread-1] INFO  server.RaftServerConfigKeys (ConfUtils.java:logGet(44)) - raft.server.log.queue.byte-limit = 64MB (=67108864) (default)
2021-06-06 13:57:10,151 [pool-155-thread-1] INFO  server.RaftServerConfigKeys (ConfUtils.java:logGet(44)) - raft.server.log.queue.element-limit = 4096 (default)
2021-06-06 13:57:10,151 [pool-155-thread-1] INFO  server.RaftServerConfigKeys (ConfUtils.java:logGet(44)) - raft.server.log.segment.size.max = 4194304 (custom)
2021-06-06 13:57:10,151 [pool-155-thread-1] INFO  server.RaftServerConfigKeys (ConfUtils.java:logGet(44)) - raft.server.log.preallocated.size = 4194304 (custom)
2021-06-06 13:57:10,152 [pool-155-thread-1] INFO  server.RaftServerConfigKeys (ConfUtils.java:logGet(44)) - raft.server.log.force.sync.num = 128 (default)
2021-06-06 13:57:10,152 [pool-155-thread-1] INFO  server.RaftServerConfigKeys (ConfUtils.java:logGet(44)) - raft.server.log.statemachine.data.sync = true (default)
2021-06-06 13:57:10,152 [pool-155-thread-1] INFO  server.RaftServerConfigKeys (ConfUtils.java:logGet(44)) - raft.server.log.statemachine.data.sync.timeout = 10s (default)
2021-06-06 13:57:10,152 [pool-155-thread-1] INFO  server.RaftServerConfigKeys (ConfUtils.java:logGet(44)) - raft.server.log.statemachine.data.sync.timeout.retry = -1 (default)
2021-06-06 13:57:10,152 [pool-155-thread-1] INFO  server.RaftServerConfigKeys (ConfUtils.java:logGet(44)) - raft.server.log.write.buffer.size = 64KB (=65536) (default)
2021-06-06 13:57:10,152 [pool-155-thread-1] INFO  server.RaftServerConfigKeys (ConfUtils.java:logGet(44)) - raft.server.log.statemachine.data.caching.enabled = false (default)
2021-06-06 13:57:10,152 [pool-155-thread-1] INFO  segmented.SegmentedRaftLogWorker (SegmentedRaftLogWorker.java:lambda$new$0(133)) - omNode-1@group-523986131536-SegmentedRaftLogWorker: flushIndex: setUnconditionally 0 -> -1
2021-06-06 13:57:10,152 [pool-155-thread-1] INFO  segmented.SegmentedRaftLogWorker (SegmentedRaftLogWorker.java:lambda$new$0(133)) - omNode-1@group-523986131536-SegmentedRaftLogWorker: safeCacheEvictIndex: setUnconditionally 0 -> -1
2021-06-06 13:57:10,157 [pool-155-thread-1] INFO  server.RaftServerConfigKeys (ConfUtils.java:logGet(44)) - raft.server.snapshot.auto.trigger.enabled = true (custom)
2021-06-06 13:57:10,157 [pool-155-thread-1] INFO  server.RaftServerConfigKeys (ConfUtils.java:logGet(44)) - raft.server.snapshot.auto.trigger.threshold = 50 (custom)
2021-06-06 13:57:10,157 [pool-155-thread-1] INFO  server.RaftServerConfigKeys (ConfUtils.java:logGet(44)) - raft.server.snapshot.retention.file.num = -1 (default)
2021-06-06 13:57:10,157 [pool-155-thread-1] INFO  server.RaftServerConfigKeys (ConfUtils.java:logGet(44)) - raft.server.log.purge.upto.snapshot.index = true (custom)
2021-06-06 13:57:10,157 [pool-155-thread-1] INFO  server.RaftServerConfigKeys (ConfUtils.java:logGet(44)) - raft.server.retrycache.expirytime = 30000ms (custom)
2021-06-06 13:57:10,157 [pool-155-thread-1] INFO  server.RaftServerConfigKeys (ConfUtils.java:logGet(44)) - raft.server.retrycache.statistics.expirytime = 100μs (default)
2021-06-06 13:57:10,157 [pool-155-thread-1] INFO  metrics.RatisMetrics (RatisMetrics.java:lambda$create$0(36)) - Creating Metrics Registry : ratis.leader_election.omNode-1@group-523986131536
2021-06-06 13:57:10,158 [pool-155-thread-1] INFO  metrics.RatisMetrics (RatisMetrics.java:lambda$create$0(36)) - Creating Metrics Registry : ratis.server.omNode-1@group-523986131536
2021-06-06 13:57:10,163 [Listener at 127.0.0.1/11432] INFO  impl.MetricsSystemImpl (MetricsSystemImpl.java:init(158)) - OzoneManager metrics system started (again)
2021-06-06 13:57:10,164 [Listener at 127.0.0.1/11432] INFO  om.OzoneManager (OzoneManager.java:start(1104)) - OzoneManager RPC server is listening at localhost/127.0.0.1:11432
2021-06-06 13:57:10,164 [Listener at 127.0.0.1/11432] INFO  ratis.OzoneManagerRatisServer (OzoneManagerRatisServer.java:start(388)) - Starting OzoneManagerRatisServer omNode-1 at port 11436
2021-06-06 13:57:10,164 [Listener at 127.0.0.1/11432] INFO  server.RaftServer$Division (RaftServerImpl.java:start(295)) - omNode-1@group-523986131536: start as a follower, conf=-1: [omNode-3|rpc:localhost:11448|priority:0, omNode-1|rpc:localhost:11436|priority:0, omNode-2|rpc:localhost:11442|priority:0], old=null
2021-06-06 13:57:10,165 [Listener at 127.0.0.1/11432] INFO  server.RaftServer$Division (RaftServerImpl.java:setRole(284)) - omNode-1@group-523986131536: changes role from      null to FOLLOWER at term 0 for startAsFollower
2021-06-06 13:57:10,165 [Listener at 127.0.0.1/11432] INFO  impl.RoleInfo (RoleInfo.java:updateAndGet(130)) - omNode-1: start omNode-1@group-523986131536-FollowerState
2021-06-06 13:57:10,169 [Listener at 127.0.0.1/11432] INFO  util.JmxRegister (JmxRegister.java:tryRegister(44)) - Successfully registered JMX Bean with object name Ratis:service=RaftServer,group=group-523986131536,id=omNode-1
2021-06-06 13:57:10,169 [Listener at 127.0.0.1/11432] INFO  metrics.RatisMetrics (RatisMetrics.java:lambda$create$0(36)) - Creating Metrics Registry : ratis.state_machine.omNode-1@group-523986131536
2021-06-06 13:57:10,170 [Listener at 127.0.0.1/11432] INFO  server.RaftServer (RaftServerProxy.java:lambda$start$5(374)) - omNode-1: start RPC server
2021-06-06 13:57:10,170 [Listener at 127.0.0.1/11432] INFO  server.GrpcService (GrpcService.java:startImpl(253)) - omNode-1: GrpcService started, listening on 11436
2021-06-06 13:57:10,171 [org.apache.ratis.util.JvmPauseMonitor$$Lambda$515/1703627717@4f72417b] INFO  util.JvmPauseMonitor (JvmPauseMonitor.java:run(103)) - JvmPauseMonitor-omNode-1: Started
2021-06-06 13:57:10,173 [Listener at 127.0.0.1/11432] INFO  http.BaseHttpServer (BaseHttpServer.java:newHttpServer2BuilderForOzone(209)) - Starting Web-server for ozoneManager at: http://0.0.0.0:11434
2021-06-06 13:57:10,173 [Listener at 127.0.0.1/11432] INFO  http.BaseHttpServer (BaseHttpServer.java:<init>(107)) - Hadoop Security Enabled: false Ozone Security Enabled: false Ozone HTTP Security Enabled: false 
2021-06-06 13:57:10,174 [Listener at 127.0.0.1/11432] INFO  server.AuthenticationFilter (AuthenticationFilter.java:constructSecretProvider(240)) - Unable to initialize FileSignerSecretProvider, falling back to use random secrets.
2021-06-06 13:57:10,177 [Listener at 127.0.0.1/11432] WARN  http.HttpRequestLog (HttpRequestLog.java:getRequestLog(103)) - Jetty request log can only be enabled using Log4j
2021-06-06 13:57:10,179 [Listener at 127.0.0.1/11432] INFO  http.HttpServer2 (HttpServer2.java:addGlobalFilter(1020)) - Added global filter 'safety' (class=org.apache.hadoop.hdds.server.http.HttpServer2$QuotingInputFilter)
2021-06-06 13:57:10,180 [Listener at 127.0.0.1/11432] INFO  http.HttpServer2 (HttpServer2.java:addFilter(996)) - Added filter static_user_filter (class=org.apache.hadoop.http.lib.StaticUserWebFilter$StaticUserFilter) to context ozoneManager
2021-06-06 13:57:10,180 [Listener at 127.0.0.1/11432] INFO  http.HttpServer2 (HttpServer2.java:addFilter(1004)) - Added filter static_user_filter (class=org.apache.hadoop.http.lib.StaticUserWebFilter$StaticUserFilter) to context logs
2021-06-06 13:57:10,180 [Listener at 127.0.0.1/11432] INFO  http.HttpServer2 (HttpServer2.java:addFilter(1004)) - Added filter static_user_filter (class=org.apache.hadoop.http.lib.StaticUserWebFilter$StaticUserFilter) to context static
2021-06-06 13:57:10,180 [Listener at 127.0.0.1/11432] INFO  http.HttpServer2 (HttpServer2.java:bindListener(1238)) - Jetty bound to port 11434
2021-06-06 13:57:10,181 [Listener at 127.0.0.1/11432] INFO  server.Server (Server.java:doStart(375)) - jetty-9.4.35.v20201120; built: 2020-11-20T21:17:03.964Z; git: bdc54f03a5e0a7e280fab27f55c3c75ee8da89fb; jvm 1.8.0_292-b10
2021-06-06 13:57:10,182 [Listener at 127.0.0.1/11432] INFO  server.session (DefaultSessionIdManager.java:doStart(334)) - DefaultSessionIdManager workerName=node0
2021-06-06 13:57:10,183 [Listener at 127.0.0.1/11432] INFO  server.session (DefaultSessionIdManager.java:doStart(339)) - No SessionScavenger set, using defaults
2021-06-06 13:57:10,183 [Listener at 127.0.0.1/11432] INFO  server.session (HouseKeeper.java:startScavenging(132)) - node0 Scavenging every 600000ms
2021-06-06 13:57:10,184 [Listener at 127.0.0.1/11432] INFO  handler.ContextHandler (ContextHandler.java:doStart(916)) - Started o.e.j.s.ServletContextHandler@1a39f213{logs,/logs,file:///home/runner/work/ozone/ozone/mnt/ozone/hadoop-ozone/integration-test/target/log,AVAILABLE}
2021-06-06 13:57:10,185 [Listener at 127.0.0.1/11432] INFO  handler.ContextHandler (ContextHandler.java:doStart(916)) - Started o.e.j.s.ServletContextHandler@6026235c{static,/static,file:///home/runner/work/ozone/ozone/mnt/ozone/hadoop-ozone/integration-test/target/test-classes/webapps/static,AVAILABLE}
2021-06-06 13:57:10,188 [Listener at 127.0.0.1/11432] INFO  handler.ContextHandler (ContextHandler.java:doStart(916)) - Started o.e.j.w.WebAppContext@5ae1161c{ozoneManager,/,file:///home/runner/work/ozone/ozone/mnt/ozone/hadoop-ozone/integration-test/target/test-classes/webapps/ozoneManager/,AVAILABLE}{file:/home/runner/work/ozone/ozone/mnt/ozone/hadoop-ozone/integration-test/target/test-classes/webapps/ozoneManager}
2021-06-06 13:57:10,189 [Listener at 127.0.0.1/11432] INFO  server.AbstractConnector (AbstractConnector.java:doStart(331)) - Started ServerConnector@f679a84{HTTP/1.1, (http/1.1)}{0.0.0.0:11434}
2021-06-06 13:57:10,189 [Listener at 127.0.0.1/11432] INFO  server.Server (Server.java:doStart(415)) - Started @31803ms
2021-06-06 13:57:10,189 [Listener at 127.0.0.1/11432] WARN  impl.MetricsSystemImpl (MetricsSystemImpl.java:register(279)) - Sink prometheus already exists!
2021-06-06 13:57:10,190 [Listener at 127.0.0.1/11432] INFO  http.BaseHttpServer (BaseHttpServer.java:updateConnectorAddress(329)) - HTTP server of ozoneManager listening at http://0.0.0.0:11434
2021-06-06 13:57:10,193 [IPC Server Responder] INFO  ipc.Server (Server.java:run(1497)) - IPC Server Responder: starting
2021-06-06 13:57:10,193 [IPC Server listener on 11432] INFO  ipc.Server (Server.java:run(1334)) - IPC Server listener on 11432: starting
2021-06-06 13:57:10,198 [Listener at 127.0.0.1/11432] INFO  om.OzoneManager (OzoneManager.java:startTrashEmptier(1234)) - Trash Interval set to 0. Files deleted will not move to trash
2021-06-06 13:57:10,199 [Listener at 127.0.0.1/11432] INFO  ozone.MiniOzoneHAClusterImpl (MiniOzoneHAClusterImpl.java:createOMService(462)) - Started OzoneManager RPC server at localhost/127.0.0.1:11432
2021-06-06 13:57:10,199 [org.apache.hadoop.util.JvmPauseMonitor$Monitor@7373fdfe] INFO  util.JvmPauseMonitor (JvmPauseMonitor.java:run(188)) - Starting JVM pause monitor
2021-06-06 13:57:10,199 [Listener at 127.0.0.1/11432] INFO  ha.OMHANodeDetails (OMHANodeDetails.java:loadOMHAConfig(111)) - ServiceID for OzoneManager is om-service-test1
2021-06-06 13:57:10,200 [Listener at 127.0.0.1/11432] INFO  ha.OMHANodeDetails (OMHANodeDetails.java:loadOMHAConfig(187)) - Found matching OM address with OMServiceId: om-service-test1, OMNodeId: omNode-2, RPC Address: localhost:11438 and Ratis port: 11442
2021-06-06 13:57:10,200 [Listener at 127.0.0.1/11432] INFO  ha.OMHANodeDetails (ConfUtils.java:setNodeSpecificConfigs(108)) - Setting configuration key ozone.om.http-address with value of key ozone.om.http-address.om-service-test1.omNode-2: 127.0.0.1:11440
2021-06-06 13:57:10,200 [Listener at 127.0.0.1/11432] INFO  ha.OMHANodeDetails (ConfUtils.java:setNodeSpecificConfigs(108)) - Setting configuration key ozone.om.https-address with value of key ozone.om.https-address.om-service-test1.omNode-2: 127.0.0.1:11441
2021-06-06 13:57:10,200 [Listener at 127.0.0.1/11432] INFO  ha.OMHANodeDetails (ConfUtils.java:setNodeSpecificConfigs(108)) - Setting configuration key ozone.om.address with value of key ozone.om.address.om-service-test1.omNode-2: 127.0.0.1:11438
2021-06-06 13:57:10,200 [Listener at 127.0.0.1/11432] WARN  server.ServerUtils (ServerUtils.java:getDBPath(225)) - ozone.om.db.dirs is not configured. We recommend adding this setting. Falling back to ozone.metadata.dirs instead.
OM initialization succeeded.Current cluster id for sd=/home/runner/work/ozone/ozone/mnt/ozone/hadoop-ozone/integration-test/target/test-dir/MiniOzoneClusterImpl-498e09b4-d42e-43c3-9d7c-b3000502db30/omNode-2/om;cid=498e09b4-d42e-43c3-9d7c-b3000502db30;layoutVersion=0
2021-06-06 13:57:10,209 [Listener at 127.0.0.1/11432] INFO  ha.OMHANodeDetails (OMHANodeDetails.java:loadOMHAConfig(111)) - ServiceID for OzoneManager is om-service-test1
2021-06-06 13:57:10,210 [Listener at 127.0.0.1/11432] INFO  ha.OMHANodeDetails (OMHANodeDetails.java:loadOMHAConfig(187)) - Found matching OM address with OMServiceId: om-service-test1, OMNodeId: omNode-2, RPC Address: localhost:11438 and Ratis port: 11442
2021-06-06 13:57:10,210 [Listener at 127.0.0.1/11432] INFO  ha.OMHANodeDetails (ConfUtils.java:setNodeSpecificConfigs(108)) - Setting configuration key ozone.om.http-address with value of key ozone.om.http-address.om-service-test1.omNode-2: 127.0.0.1:11440
2021-06-06 13:57:10,210 [Listener at 127.0.0.1/11432] INFO  ha.OMHANodeDetails (ConfUtils.java:setNodeSpecificConfigs(108)) - Setting configuration key ozone.om.https-address with value of key ozone.om.https-address.om-service-test1.omNode-2: 127.0.0.1:11441
2021-06-06 13:57:10,210 [Listener at 127.0.0.1/11432] INFO  ha.OMHANodeDetails (ConfUtils.java:setNodeSpecificConfigs(108)) - Setting configuration key ozone.om.address with value of key ozone.om.address.om-service-test1.omNode-2: 127.0.0.1:11438
2021-06-06 13:57:10,210 [Listener at 127.0.0.1/11432] WARN  server.ServerUtils (ServerUtils.java:getDBPath(225)) - ozone.om.db.dirs is not configured. We recommend adding this setting. Falling back to ozone.metadata.dirs instead.
2021-06-06 13:57:10,210 [Listener at 127.0.0.1/11432] WARN  server.ServerUtils (ServerUtils.java:getDBPath(225)) - ozone.om.db.dirs is not configured. We recommend adding this setting. Falling back to ozone.metadata.dirs instead.
2021-06-06 13:57:10,215 [Listener at 127.0.0.1/11432] WARN  server.ServerUtils (ServerUtils.java:getDBPath(225)) - ozone.om.db.dirs is not configured. We recommend adding this setting. Falling back to ozone.metadata.dirs instead.
2021-06-06 13:57:10,215 [Listener at 127.0.0.1/11432] INFO  codec.OmKeyInfoCodec (OmKeyInfoCodec.java:<init>(43)) - OmKeyInfoCodec ignorePipeline = true
2021-06-06 13:57:10,216 [Listener at 127.0.0.1/11432] INFO  codec.RepeatedOmKeyInfoCodec (RepeatedOmKeyInfoCodec.java:<init>(42)) - RepeatedOmKeyInfoCodec ignorePipeline = true
2021-06-06 13:57:10,292 [Listener at 127.0.0.1/11432] INFO  om.OzoneManager (OzoneManager.java:addS3GVolumeToDB(3765)) - Created Volume s3v With Owner runner required for S3Gateway operations.
2021-06-06 13:57:10,293 [Listener at 127.0.0.1/11432] WARN  server.ServerUtils (ServerUtils.java:getDefaultRatisDirectory(237)) - Storage directory for Ratis is not configured. It is a good idea to map this to an SSD disk. Falling back to ozone.metadata.dirs
2021-06-06 13:57:10,293 [Listener at 127.0.0.1/11432] WARN  ratis.OzoneManagerRatisServer (OzoneManagerRatisServer.java:getOMRatisSnapshotDirectory(634)) - ozone.om.ratis.snapshot.dir is not configured. Falling back to ozone.metadata.dirs config
2021-06-06 13:57:10,293 [Listener at 127.0.0.1/11432] INFO  snapshot.OzoneManagerSnapshotProvider (OzoneManagerSnapshotProvider.java:<init>(77)) - Initializing OM Snapshot Provider
2021-06-06 13:57:10,294 [Listener at 127.0.0.1/11432] WARN  server.ServerUtils (ServerUtils.java:getDefaultRatisDirectory(237)) - Storage directory for Ratis is not configured. It is a good idea to map this to an SSD disk. Falling back to ozone.metadata.dirs
2021-06-06 13:57:10,295 [Listener at 127.0.0.1/11432] INFO  ratis.OzoneManagerRatisServer (OzoneManagerRatisServer.java:<init>(288)) - Instantiating OM Ratis server with GroupID: om-service-test1 and Raft Peers: localhost:11442, localhost:11436, localhost:11448
2021-06-06 13:57:10,295 [Listener at 127.0.0.1/11432] INFO  ratis.OzoneManagerStateMachine (OzoneManagerStateMachine.java:loadSnapshotInfoFromDB(520)) - LastAppliedIndex is set from TransactionInfo from OM DB as (t:0, i:~)
2021-06-06 13:57:10,296 [Listener at 127.0.0.1/11432] INFO  server.RaftServer (ConfUtils.java:logGet(44)) - raft.rpc.type = GRPC (default)
2021-06-06 13:57:10,296 [Listener at 127.0.0.1/11432] INFO  grpc.GrpcFactory (GrpcFactory.java:checkPooledByteBufAllocatorUseCacheForAllThreads(48)) - PERFORMANCE WARNING: useCacheForAllThreads is true that may cause Netty to create a lot garbage objects and, as a result, trigger GC.
	It is recommended to disable useCacheForAllThreads by setting -Dorg.apache.ratis.thirdparty.io.netty.allocator.useCacheForAllThreads=false in command line.
2021-06-06 13:57:10,296 [Listener at 127.0.0.1/11432] INFO  grpc.GrpcConfigKeys (ConfUtils.java:logGet(44)) - raft.grpc.admin.port = -1 (default)
2021-06-06 13:57:10,296 [Listener at 127.0.0.1/11432] INFO  grpc.GrpcConfigKeys (ConfUtils.java:logGet(44)) - raft.grpc.server.port = 11442 (custom)
2021-06-06 13:57:10,296 [Listener at 127.0.0.1/11432] INFO  grpc.GrpcConfigKeys (ConfUtils.java:logGet(44)) - raft.grpc.client.port = -1 (default)
2021-06-06 13:57:10,296 [Listener at 127.0.0.1/11432] INFO  grpc.GrpcConfigKeys (ConfUtils.java:logGet(44)) - raft.grpc.server.port = 11442 (custom)
2021-06-06 13:57:10,296 [Listener at 127.0.0.1/11432] INFO  grpc.GrpcConfigKeys (ConfUtils.java:logGet(44)) - raft.grpc.server.port = 11442 (custom)
2021-06-06 13:57:10,296 [Listener at 127.0.0.1/11432] INFO  server.GrpcService (ConfUtils.java:logGet(44)) - raft.grpc.message.size.max = 33554432 (custom)
2021-06-06 13:57:10,297 [Listener at 127.0.0.1/11432] INFO  server.RaftServerConfigKeys (ConfUtils.java:logGet(44)) - raft.server.log.appender.buffer.byte-limit = 33554432 (custom)
2021-06-06 13:57:10,297 [Listener at 127.0.0.1/11432] INFO  server.GrpcService (ConfUtils.java:logGet(44)) - raft.grpc.flow.control.window = 1MB (=1048576) (default)
2021-06-06 13:57:10,297 [Listener at 127.0.0.1/11432] INFO  server.RaftServerConfigKeys (ConfUtils.java:logGet(44)) - raft.server.rpc.request.timeout = 3000ms (default)
2021-06-06 13:57:10,298 [Listener at 127.0.0.1/11432] INFO  impl.DataStreamServerImpl (ConfUtils.java:logGet(44)) - raft.datastream.type = DISABLED (default)
2021-06-06 13:57:10,298 [Listener at 127.0.0.1/11432] INFO  server.RaftServerConfigKeys (ConfUtils.java:logGet(44)) - raft.server.rpc.slowness.timeout = 2s (custom)
2021-06-06 13:57:10,298 [Listener at 127.0.0.1/11432] INFO  server.RaftServerConfigKeys (ConfUtils.java:logGet(44)) - raft.server.leaderelection.leader.step-down.wait-time = 10s (default)
2021-06-06 13:57:10,298 [Listener at 127.0.0.1/11432] INFO  server.RaftServerConfigKeys (ConfUtils.java:logGet(44)) - raft.server.storage.dir = [/home/runner/work/ozone/ozone/mnt/ozone/hadoop-ozone/integration-test/target/test-dir/MiniOzoneClusterImpl-498e09b4-d42e-43c3-9d7c-b3000502db30/omNode-2/ratis] (custom)
2021-06-06 13:57:10,299 [Listener at 127.0.0.1/11432] INFO  server.RaftServer (RaftServerProxy.java:addNew(95)) - omNode-2: addNew group-523986131536:[omNode-3|rpc:localhost:11448|priority:0, omNode-1|rpc:localhost:11436|priority:0, omNode-2|rpc:localhost:11442|priority:0] returns group-523986131536:java.util.concurrent.CompletableFuture@629ebed4[Not completed]
2021-06-06 13:57:10,299 [pool-170-thread-1] INFO  server.RaftServer$Division (RaftServerImpl.java:<init>(180)) - omNode-2: new RaftServerImpl for group-523986131536:[omNode-3|rpc:localhost:11448|priority:0, omNode-1|rpc:localhost:11436|priority:0, omNode-2|rpc:localhost:11442|priority:0] with OzoneManagerStateMachine:uninitialized
2021-06-06 13:57:10,299 [Listener at 127.0.0.1/11432] INFO  om.OzoneManager (OzoneManager.java:initializeRatisServer(1294)) - OzoneManager Ratis server initialized at port 11442
2021-06-06 13:57:10,299 [pool-170-thread-1] INFO  server.RaftServerConfigKeys (ConfUtils.java:logGet(44)) - raft.server.rpc.timeout.min = 1s (custom)
2021-06-06 13:57:10,299 [pool-170-thread-1] INFO  server.RaftServerConfigKeys (ConfUtils.java:logGet(44)) - raft.server.rpc.timeout.max = 1200ms (custom)
2021-06-06 13:57:10,299 [pool-170-thread-1] INFO  server.RaftServerConfigKeys (ConfUtils.java:logGet(44)) - raft.server.rpc.sleep.time = 25ms (default)
2021-06-06 13:57:10,300 [pool-170-thread-1] INFO  server.RaftServerConfigKeys (ConfUtils.java:logGet(44)) - raft.server.rpc.slowness.timeout = 2s (custom)
2021-06-06 13:57:10,300 [pool-170-thread-1] INFO  server.RaftServerConfigKeys (ConfUtils.java:logGet(44)) - raft.server.leaderelection.leader.step-down.wait-time = 10s (default)
2021-06-06 13:57:10,300 [pool-170-thread-1] INFO  server.RaftServerConfigKeys (ConfUtils.java:logGet(44)) - raft.server.sleep.deviation.threshold = 300ms (default)
2021-06-06 13:57:10,300 [pool-170-thread-1] INFO  server.RaftServerConfigKeys (ConfUtils.java:logGet(44)) - raft.server.log.appender.install.snapshot.enabled = false (custom)
2021-06-06 13:57:10,300 [pool-170-thread-1] INFO  server.RaftServer$Division (ServerState.java:<init>(105)) - omNode-2@group-523986131536: ConfigurationManager, init=-1: [omNode-3|rpc:localhost:11448|priority:0, omNode-1|rpc:localhost:11436|priority:0, omNode-2|rpc:localhost:11442|priority:0], old=null, confs=<EMPTY_MAP>
2021-06-06 13:57:10,300 [pool-170-thread-1] INFO  server.RaftServerConfigKeys (ConfUtils.java:logGet(44)) - raft.server.storage.dir = [/home/runner/work/ozone/ozone/mnt/ozone/hadoop-ozone/integration-test/target/test-dir/MiniOzoneClusterImpl-498e09b4-d42e-43c3-9d7c-b3000502db30/omNode-2/ratis] (custom)
2021-06-06 13:57:10,300 [pool-170-thread-1] INFO  server.RaftServerConfigKeys (ConfUtils.java:logGet(44)) - raft.server.log.corruption.policy = EXCEPTION (default)
2021-06-06 13:57:10,300 [pool-170-thread-1] INFO  storage.RaftStorageDirectory (RaftStorageDirectoryImpl.java:analyzeStorage(132)) - The storage directory /home/runner/work/ozone/ozone/mnt/ozone/hadoop-ozone/integration-test/target/test-dir/MiniOzoneClusterImpl-498e09b4-d42e-43c3-9d7c-b3000502db30/omNode-2/ratis/c9bc4cf4-3bc3-3c60-a66b-523986131536 does not exist. Creating ...
2021-06-06 13:57:10,300 [Listener at 127.0.0.1/11432] INFO  ipc.CallQueueManager (CallQueueManager.java:<init>(85)) - Using callQueue: class java.util.concurrent.LinkedBlockingQueue, queueCapacity: 2000, scheduler: class org.apache.hadoop.ipc.DefaultRpcScheduler, ipcBackoff: false.
2021-06-06 13:57:10,301 [Socket Reader #1 for port 11438] INFO  ipc.Server (Server.java:run(1255)) - Starting Socket Reader #1 for port 11438
2021-06-06 13:57:10,311 [pool-170-thread-1] INFO  storage.RaftStorageDirectory (RaftStorageDirectoryImpl.java:tryLock(215)) - Lock on /home/runner/work/ozone/ozone/mnt/ozone/hadoop-ozone/integration-test/target/test-dir/MiniOzoneClusterImpl-498e09b4-d42e-43c3-9d7c-b3000502db30/omNode-2/ratis/c9bc4cf4-3bc3-3c60-a66b-523986131536/in_use.lock acquired by nodename 1587@fv-az148-587
2021-06-06 13:57:10,317 [pool-170-thread-1] INFO  storage.RaftStorage (RaftStorageImpl.java:format(87)) - Storage directory /home/runner/work/ozone/ozone/mnt/ozone/hadoop-ozone/integration-test/target/test-dir/MiniOzoneClusterImpl-498e09b4-d42e-43c3-9d7c-b3000502db30/omNode-2/ratis/c9bc4cf4-3bc3-3c60-a66b-523986131536 has been successfully formatted.
2021-06-06 13:57:10,318 [pool-170-thread-1] INFO  server.RaftServerConfigKeys (ConfUtils.java:logGet(44)) - raft.server.notification.no-leader.timeout = 2s (custom)
2021-06-06 13:57:10,318 [pool-170-thread-1] INFO  server.RaftServerConfigKeys (ConfUtils.java:logGet(44)) - raft.server.log.use.memory = false (default)
2021-06-06 13:57:10,318 [pool-170-thread-1] INFO  server.RaftServerConfigKeys (ConfUtils.java:logGet(44)) - raft.server.log.purge.gap = 50 (custom)
2021-06-06 13:57:10,318 [pool-170-thread-1] INFO  server.RaftServerConfigKeys (ConfUtils.java:logGet(44)) - raft.server.log.appender.buffer.byte-limit = 33554432 (custom)
2021-06-06 13:57:10,318 [pool-170-thread-1] INFO  metrics.RatisMetrics (RatisMetrics.java:lambda$create$0(36)) - Creating Metrics Registry : ratis.log_worker.omNode-2@group-523986131536
2021-06-06 13:57:10,318 [pool-170-thread-1] INFO  server.RaftServerConfigKeys (ConfUtils.java:logGet(44)) - raft.server.log.segment.size.max = 4194304 (custom)
2021-06-06 13:57:10,319 [pool-170-thread-1] INFO  server.RaftServerConfigKeys (ConfUtils.java:logGet(44)) - raft.server.log.segment.cache.num.max = 2 (custom)
2021-06-06 13:57:10,319 [pool-170-thread-1] INFO  server.RaftServerConfigKeys (ConfUtils.java:logGet(44)) - raft.server.log.segment.cache.size.max = 200MB (=209715200) (default)
2021-06-06 13:57:10,319 [pool-170-thread-1] INFO  segmented.SegmentedRaftLogWorker (SegmentedRaftLogWorker.java:<init>(182)) - new omNode-2@group-523986131536-SegmentedRaftLogWorker for RaftStorageImpl:Storage Directory /home/runner/work/ozone/ozone/mnt/ozone/hadoop-ozone/integration-test/target/test-dir/MiniOzoneClusterImpl-498e09b4-d42e-43c3-9d7c-b3000502db30/omNode-2/ratis/c9bc4cf4-3bc3-3c60-a66b-523986131536
2021-06-06 13:57:10,319 [pool-170-thread-1] INFO  server.RaftServerConfigKeys (ConfUtils.java:logGet(44)) - raft.server.log.queue.byte-limit = 64MB (=67108864) (default)
2021-06-06 13:57:10,319 [pool-170-thread-1] INFO  server.RaftServerConfigKeys (ConfUtils.java:logGet(44)) - raft.server.log.queue.element-limit = 4096 (default)
2021-06-06 13:57:10,319 [pool-170-thread-1] INFO  server.RaftServerConfigKeys (ConfUtils.java:logGet(44)) - raft.server.log.segment.size.max = 4194304 (custom)
2021-06-06 13:57:10,319 [pool-170-thread-1] INFO  server.RaftServerConfigKeys (ConfUtils.java:logGet(44)) - raft.server.log.preallocated.size = 4194304 (custom)
2021-06-06 13:57:10,319 [pool-170-thread-1] INFO  server.RaftServerConfigKeys (ConfUtils.java:logGet(44)) - raft.server.log.force.sync.num = 128 (default)
2021-06-06 13:57:10,319 [pool-170-thread-1] INFO  server.RaftServerConfigKeys (ConfUtils.java:logGet(44)) - raft.server.log.statemachine.data.sync = true (default)
2021-06-06 13:57:10,319 [pool-170-thread-1] INFO  server.RaftServerConfigKeys (ConfUtils.java:logGet(44)) - raft.server.log.statemachine.data.sync.timeout = 10s (default)
2021-06-06 13:57:10,319 [pool-170-thread-1] INFO  server.RaftServerConfigKeys (ConfUtils.java:logGet(44)) - raft.server.log.statemachine.data.sync.timeout.retry = -1 (default)
2021-06-06 13:57:10,320 [pool-170-thread-1] INFO  server.RaftServerConfigKeys (ConfUtils.java:logGet(44)) - raft.server.log.write.buffer.size = 64KB (=65536) (default)
2021-06-06 13:57:10,320 [pool-170-thread-1] INFO  server.RaftServerConfigKeys (ConfUtils.java:logGet(44)) - raft.server.log.statemachine.data.caching.enabled = false (default)
2021-06-06 13:57:10,320 [Listener at 127.0.0.1/11438] INFO  impl.MetricsSystemImpl (MetricsSystemImpl.java:init(158)) - OzoneManager metrics system started (again)
2021-06-06 13:57:10,320 [pool-170-thread-1] INFO  segmented.SegmentedRaftLogWorker (SegmentedRaftLogWorker.java:lambda$new$0(133)) - omNode-2@group-523986131536-SegmentedRaftLogWorker: flushIndex: setUnconditionally 0 -> -1
2021-06-06 13:57:10,320 [pool-170-thread-1] INFO  segmented.SegmentedRaftLogWorker (SegmentedRaftLogWorker.java:lambda$new$0(133)) - omNode-2@group-523986131536-SegmentedRaftLogWorker: safeCacheEvictIndex: setUnconditionally 0 -> -1
2021-06-06 13:57:10,321 [pool-170-thread-1] INFO  server.RaftServerConfigKeys (ConfUtils.java:logGet(44)) - raft.server.snapshot.auto.trigger.enabled = true (custom)
2021-06-06 13:57:10,321 [pool-170-thread-1] INFO  server.RaftServerConfigKeys (ConfUtils.java:logGet(44)) - raft.server.snapshot.auto.trigger.threshold = 50 (custom)
2021-06-06 13:57:10,321 [pool-170-thread-1] INFO  server.RaftServerConfigKeys (ConfUtils.java:logGet(44)) - raft.server.snapshot.retention.file.num = -1 (default)
2021-06-06 13:57:10,321 [pool-170-thread-1] INFO  server.RaftServerConfigKeys (ConfUtils.java:logGet(44)) - raft.server.log.purge.upto.snapshot.index = true (custom)
2021-06-06 13:57:10,321 [pool-170-thread-1] INFO  server.RaftServerConfigKeys (ConfUtils.java:logGet(44)) - raft.server.retrycache.expirytime = 30000ms (custom)
2021-06-06 13:57:10,321 [pool-170-thread-1] INFO  server.RaftServerConfigKeys (ConfUtils.java:logGet(44)) - raft.server.retrycache.statistics.expirytime = 100μs (default)
2021-06-06 13:57:10,321 [pool-170-thread-1] INFO  metrics.RatisMetrics (RatisMetrics.java:lambda$create$0(36)) - Creating Metrics Registry : ratis.leader_election.omNode-2@group-523986131536
2021-06-06 13:57:10,321 [pool-170-thread-1] INFO  metrics.RatisMetrics (RatisMetrics.java:lambda$create$0(36)) - Creating Metrics Registry : ratis.server.omNode-2@group-523986131536
2021-06-06 13:57:10,323 [Listener at 127.0.0.1/11438] INFO  om.OzoneManager (OzoneManager.java:start(1104)) - OzoneManager RPC server is listening at localhost/127.0.0.1:11438
2021-06-06 13:57:10,323 [Listener at 127.0.0.1/11438] INFO  ratis.OzoneManagerRatisServer (OzoneManagerRatisServer.java:start(388)) - Starting OzoneManagerRatisServer omNode-2 at port 11442
2021-06-06 13:57:10,323 [Listener at 127.0.0.1/11438] INFO  server.RaftServer$Division (RaftServerImpl.java:start(295)) - omNode-2@group-523986131536: start as a follower, conf=-1: [omNode-3|rpc:localhost:11448|priority:0, omNode-1|rpc:localhost:11436|priority:0, omNode-2|rpc:localhost:11442|priority:0], old=null
2021-06-06 13:57:10,323 [Listener at 127.0.0.1/11438] INFO  server.RaftServer$Division (RaftServerImpl.java:setRole(284)) - omNode-2@group-523986131536: changes role from      null to FOLLOWER at term 0 for startAsFollower
2021-06-06 13:57:10,323 [Listener at 127.0.0.1/11438] INFO  impl.RoleInfo (RoleInfo.java:updateAndGet(130)) - omNode-2: start omNode-2@group-523986131536-FollowerState
2021-06-06 13:57:10,325 [Listener at 127.0.0.1/11438] INFO  util.JmxRegister (JmxRegister.java:tryRegister(44)) - Successfully registered JMX Bean with object name Ratis:service=RaftServer,group=group-523986131536,id=omNode-2
2021-06-06 13:57:10,325 [Listener at 127.0.0.1/11438] INFO  metrics.RatisMetrics (RatisMetrics.java:lambda$create$0(36)) - Creating Metrics Registry : ratis.state_machine.omNode-2@group-523986131536
2021-06-06 13:57:10,326 [Listener at 127.0.0.1/11438] INFO  server.RaftServer (RaftServerProxy.java:lambda$start$5(374)) - omNode-2: start RPC server
2021-06-06 13:57:10,327 [Listener at 127.0.0.1/11438] INFO  server.GrpcService (GrpcService.java:startImpl(253)) - omNode-2: GrpcService started, listening on 11442
2021-06-06 13:57:10,329 [org.apache.ratis.util.JvmPauseMonitor$$Lambda$515/1703627717@367d6c10] INFO  util.JvmPauseMonitor (JvmPauseMonitor.java:run(103)) - JvmPauseMonitor-omNode-2: Started
2021-06-06 13:57:10,331 [Listener at 127.0.0.1/11438] INFO  http.BaseHttpServer (BaseHttpServer.java:newHttpServer2BuilderForOzone(209)) - Starting Web-server for ozoneManager at: http://0.0.0.0:11440
2021-06-06 13:57:10,331 [Listener at 127.0.0.1/11438] INFO  http.BaseHttpServer (BaseHttpServer.java:<init>(107)) - Hadoop Security Enabled: false Ozone Security Enabled: false Ozone HTTP Security Enabled: false 
2021-06-06 13:57:10,332 [Listener at 127.0.0.1/11438] INFO  server.AuthenticationFilter (AuthenticationFilter.java:constructSecretProvider(240)) - Unable to initialize FileSignerSecretProvider, falling back to use random secrets.
2021-06-06 13:57:10,333 [Listener at 127.0.0.1/11438] WARN  http.HttpRequestLog (HttpRequestLog.java:getRequestLog(103)) - Jetty request log can only be enabled using Log4j
2021-06-06 13:57:10,334 [Listener at 127.0.0.1/11438] INFO  http.HttpServer2 (HttpServer2.java:addGlobalFilter(1020)) - Added global filter 'safety' (class=org.apache.hadoop.hdds.server.http.HttpServer2$QuotingInputFilter)
2021-06-06 13:57:10,335 [Listener at 127.0.0.1/11438] INFO  http.HttpServer2 (HttpServer2.java:addFilter(996)) - Added filter static_user_filter (class=org.apache.hadoop.http.lib.StaticUserWebFilter$StaticUserFilter) to context ozoneManager
2021-06-06 13:57:10,335 [Listener at 127.0.0.1/11438] INFO  http.HttpServer2 (HttpServer2.java:addFilter(1004)) - Added filter static_user_filter (class=org.apache.hadoop.http.lib.StaticUserWebFilter$StaticUserFilter) to context logs
2021-06-06 13:57:10,335 [Listener at 127.0.0.1/11438] INFO  http.HttpServer2 (HttpServer2.java:addFilter(1004)) - Added filter static_user_filter (class=org.apache.hadoop.http.lib.StaticUserWebFilter$StaticUserFilter) to context static
2021-06-06 13:57:10,336 [Listener at 127.0.0.1/11438] INFO  http.HttpServer2 (HttpServer2.java:bindListener(1238)) - Jetty bound to port 11440
2021-06-06 13:57:10,336 [Listener at 127.0.0.1/11438] INFO  server.Server (Server.java:doStart(375)) - jetty-9.4.35.v20201120; built: 2020-11-20T21:17:03.964Z; git: bdc54f03a5e0a7e280fab27f55c3c75ee8da89fb; jvm 1.8.0_292-b10
2021-06-06 13:57:10,341 [Listener at 127.0.0.1/11438] INFO  server.session (DefaultSessionIdManager.java:doStart(334)) - DefaultSessionIdManager workerName=node0
2021-06-06 13:57:10,341 [Listener at 127.0.0.1/11438] INFO  server.session (DefaultSessionIdManager.java:doStart(339)) - No SessionScavenger set, using defaults
2021-06-06 13:57:10,341 [Listener at 127.0.0.1/11438] INFO  server.session (HouseKeeper.java:startScavenging(132)) - node0 Scavenging every 600000ms
2021-06-06 13:57:10,342 [Listener at 127.0.0.1/11438] INFO  handler.ContextHandler (ContextHandler.java:doStart(916)) - Started o.e.j.s.ServletContextHandler@6f115dbe{logs,/logs,file:///home/runner/work/ozone/ozone/mnt/ozone/hadoop-ozone/integration-test/target/log,AVAILABLE}
2021-06-06 13:57:10,342 [Listener at 127.0.0.1/11438] INFO  handler.ContextHandler (ContextHandler.java:doStart(916)) - Started o.e.j.s.ServletContextHandler@357f7b60{static,/static,file:///home/runner/work/ozone/ozone/mnt/ozone/hadoop-ozone/integration-test/target/test-classes/webapps/static,AVAILABLE}
2021-06-06 13:57:10,345 [Listener at 127.0.0.1/11438] INFO  handler.ContextHandler (ContextHandler.java:doStart(916)) - Started o.e.j.w.WebAppContext@8b1b9b9{ozoneManager,/,file:///home/runner/work/ozone/ozone/mnt/ozone/hadoop-ozone/integration-test/target/test-classes/webapps/ozoneManager/,AVAILABLE}{file:/home/runner/work/ozone/ozone/mnt/ozone/hadoop-ozone/integration-test/target/test-classes/webapps/ozoneManager}
2021-06-06 13:57:10,346 [Listener at 127.0.0.1/11438] INFO  server.AbstractConnector (AbstractConnector.java:doStart(331)) - Started ServerConnector@5b1f12bd{HTTP/1.1, (http/1.1)}{0.0.0.0:11440}
2021-06-06 13:57:10,347 [Listener at 127.0.0.1/11438] INFO  server.Server (Server.java:doStart(415)) - Started @31961ms
2021-06-06 13:57:10,347 [Listener at 127.0.0.1/11438] WARN  impl.MetricsSystemImpl (MetricsSystemImpl.java:register(279)) - Sink prometheus already exists!
2021-06-06 13:57:10,347 [Listener at 127.0.0.1/11438] INFO  http.BaseHttpServer (BaseHttpServer.java:updateConnectorAddress(329)) - HTTP server of ozoneManager listening at http://0.0.0.0:11440
2021-06-06 13:57:10,347 [IPC Server Responder] INFO  ipc.Server (Server.java:run(1497)) - IPC Server Responder: starting
2021-06-06 13:57:10,348 [IPC Server listener on 11438] INFO  ipc.Server (Server.java:run(1334)) - IPC Server listener on 11438: starting
2021-06-06 13:57:10,351 [Listener at 127.0.0.1/11438] INFO  om.OzoneManager (OzoneManager.java:startTrashEmptier(1234)) - Trash Interval set to 0. Files deleted will not move to trash
2021-06-06 13:57:10,351 [Listener at 127.0.0.1/11438] INFO  ozone.MiniOzoneHAClusterImpl (MiniOzoneHAClusterImpl.java:createOMService(462)) - Started OzoneManager RPC server at localhost/127.0.0.1:11438
2021-06-06 13:57:10,351 [org.apache.hadoop.util.JvmPauseMonitor$Monitor@6745f1a8] INFO  util.JvmPauseMonitor (JvmPauseMonitor.java:run(188)) - Starting JVM pause monitor
2021-06-06 13:57:10,352 [Listener at 127.0.0.1/11438] INFO  ha.OMHANodeDetails (OMHANodeDetails.java:loadOMHAConfig(111)) - ServiceID for OzoneManager is om-service-test1
2021-06-06 13:57:10,352 [Listener at 127.0.0.1/11438] INFO  ha.OMHANodeDetails (OMHANodeDetails.java:loadOMHAConfig(187)) - Found matching OM address with OMServiceId: om-service-test1, OMNodeId: omNode-3, RPC Address: localhost:11444 and Ratis port: 11448
2021-06-06 13:57:10,352 [Listener at 127.0.0.1/11438] INFO  ha.OMHANodeDetails (ConfUtils.java:setNodeSpecificConfigs(108)) - Setting configuration key ozone.om.http-address with value of key ozone.om.http-address.om-service-test1.omNode-3: 127.0.0.1:11446
2021-06-06 13:57:10,352 [Listener at 127.0.0.1/11438] INFO  ha.OMHANodeDetails (ConfUtils.java:setNodeSpecificConfigs(108)) - Setting configuration key ozone.om.https-address with value of key ozone.om.https-address.om-service-test1.omNode-3: 127.0.0.1:11447
2021-06-06 13:57:10,353 [Listener at 127.0.0.1/11438] INFO  ha.OMHANodeDetails (ConfUtils.java:setNodeSpecificConfigs(108)) - Setting configuration key ozone.om.address with value of key ozone.om.address.om-service-test1.omNode-3: 127.0.0.1:11444
2021-06-06 13:57:10,353 [Listener at 127.0.0.1/11438] WARN  server.ServerUtils (ServerUtils.java:getDBPath(225)) - ozone.om.db.dirs is not configured. We recommend adding this setting. Falling back to ozone.metadata.dirs instead.
OM initialization succeeded.Current cluster id for sd=/home/runner/work/ozone/ozone/mnt/ozone/hadoop-ozone/integration-test/target/test-dir/MiniOzoneClusterImpl-498e09b4-d42e-43c3-9d7c-b3000502db30/omNode-3/om;cid=498e09b4-d42e-43c3-9d7c-b3000502db30;layoutVersion=0
2021-06-06 13:57:10,364 [Listener at 127.0.0.1/11438] INFO  ha.OMHANodeDetails (OMHANodeDetails.java:loadOMHAConfig(111)) - ServiceID for OzoneManager is om-service-test1
2021-06-06 13:57:10,364 [Listener at 127.0.0.1/11438] INFO  ha.OMHANodeDetails (OMHANodeDetails.java:loadOMHAConfig(187)) - Found matching OM address with OMServiceId: om-service-test1, OMNodeId: omNode-3, RPC Address: localhost:11444 and Ratis port: 11448
2021-06-06 13:57:10,364 [Listener at 127.0.0.1/11438] INFO  ha.OMHANodeDetails (ConfUtils.java:setNodeSpecificConfigs(108)) - Setting configuration key ozone.om.http-address with value of key ozone.om.http-address.om-service-test1.omNode-3: 127.0.0.1:11446
2021-06-06 13:57:10,364 [Listener at 127.0.0.1/11438] INFO  ha.OMHANodeDetails (ConfUtils.java:setNodeSpecificConfigs(108)) - Setting configuration key ozone.om.https-address with value of key ozone.om.https-address.om-service-test1.omNode-3: 127.0.0.1:11447
2021-06-06 13:57:10,364 [Listener at 127.0.0.1/11438] INFO  ha.OMHANodeDetails (ConfUtils.java:setNodeSpecificConfigs(108)) - Setting configuration key ozone.om.address with value of key ozone.om.address.om-service-test1.omNode-3: 127.0.0.1:11444
2021-06-06 13:57:10,364 [Listener at 127.0.0.1/11438] WARN  server.ServerUtils (ServerUtils.java:getDBPath(225)) - ozone.om.db.dirs is not configured. We recommend adding this setting. Falling back to ozone.metadata.dirs instead.
2021-06-06 13:57:10,364 [Listener at 127.0.0.1/11438] WARN  server.ServerUtils (ServerUtils.java:getDBPath(225)) - ozone.om.db.dirs is not configured. We recommend adding this setting. Falling back to ozone.metadata.dirs instead.
2021-06-06 13:57:10,371 [Listener at 127.0.0.1/11438] WARN  server.ServerUtils (ServerUtils.java:getDBPath(225)) - ozone.om.db.dirs is not configured. We recommend adding this setting. Falling back to ozone.metadata.dirs instead.
2021-06-06 13:57:10,371 [Listener at 127.0.0.1/11438] INFO  codec.OmKeyInfoCodec (OmKeyInfoCodec.java:<init>(43)) - OmKeyInfoCodec ignorePipeline = true
2021-06-06 13:57:10,371 [Listener at 127.0.0.1/11438] INFO  codec.RepeatedOmKeyInfoCodec (RepeatedOmKeyInfoCodec.java:<init>(42)) - RepeatedOmKeyInfoCodec ignorePipeline = true
2021-06-06 13:57:10,444 [Listener at 127.0.0.1/11438] INFO  om.OzoneManager (OzoneManager.java:addS3GVolumeToDB(3765)) - Created Volume s3v With Owner runner required for S3Gateway operations.
2021-06-06 13:57:10,445 [Listener at 127.0.0.1/11438] WARN  server.ServerUtils (ServerUtils.java:getDefaultRatisDirectory(237)) - Storage directory for Ratis is not configured. It is a good idea to map this to an SSD disk. Falling back to ozone.metadata.dirs
2021-06-06 13:57:10,445 [Listener at 127.0.0.1/11438] WARN  ratis.OzoneManagerRatisServer (OzoneManagerRatisServer.java:getOMRatisSnapshotDirectory(634)) - ozone.om.ratis.snapshot.dir is not configured. Falling back to ozone.metadata.dirs config
2021-06-06 13:57:10,445 [Listener at 127.0.0.1/11438] INFO  snapshot.OzoneManagerSnapshotProvider (OzoneManagerSnapshotProvider.java:<init>(77)) - Initializing OM Snapshot Provider
2021-06-06 13:57:10,446 [Listener at 127.0.0.1/11438] WARN  server.ServerUtils (ServerUtils.java:getDefaultRatisDirectory(237)) - Storage directory for Ratis is not configured. It is a good idea to map this to an SSD disk. Falling back to ozone.metadata.dirs
2021-06-06 13:57:10,447 [Listener at 127.0.0.1/11438] INFO  ratis.OzoneManagerRatisServer (OzoneManagerRatisServer.java:<init>(288)) - Instantiating OM Ratis server with GroupID: om-service-test1 and Raft Peers: localhost:11448, localhost:11436, localhost:11442
2021-06-06 13:57:10,447 [Listener at 127.0.0.1/11438] INFO  ratis.OzoneManagerStateMachine (OzoneManagerStateMachine.java:loadSnapshotInfoFromDB(520)) - LastAppliedIndex is set from TransactionInfo from OM DB as (t:0, i:~)
2021-06-06 13:57:10,448 [Listener at 127.0.0.1/11438] INFO  server.RaftServer (ConfUtils.java:logGet(44)) - raft.rpc.type = GRPC (default)
2021-06-06 13:57:10,448 [Listener at 127.0.0.1/11438] INFO  grpc.GrpcFactory (GrpcFactory.java:checkPooledByteBufAllocatorUseCacheForAllThreads(48)) - PERFORMANCE WARNING: useCacheForAllThreads is true that may cause Netty to create a lot garbage objects and, as a result, trigger GC.
	It is recommended to disable useCacheForAllThreads by setting -Dorg.apache.ratis.thirdparty.io.netty.allocator.useCacheForAllThreads=false in command line.
2021-06-06 13:57:10,448 [Listener at 127.0.0.1/11438] INFO  grpc.GrpcConfigKeys (ConfUtils.java:logGet(44)) - raft.grpc.admin.port = -1 (default)
2021-06-06 13:57:10,448 [Listener at 127.0.0.1/11438] INFO  grpc.GrpcConfigKeys (ConfUtils.java:logGet(44)) - raft.grpc.server.port = 11448 (custom)
2021-06-06 13:57:10,448 [Listener at 127.0.0.1/11438] INFO  grpc.GrpcConfigKeys (ConfUtils.java:logGet(44)) - raft.grpc.client.port = -1 (default)
2021-06-06 13:57:10,448 [Listener at 127.0.0.1/11438] INFO  grpc.GrpcConfigKeys (ConfUtils.java:logGet(44)) - raft.grpc.server.port = 11448 (custom)
2021-06-06 13:57:10,448 [Listener at 127.0.0.1/11438] INFO  grpc.GrpcConfigKeys (ConfUtils.java:logGet(44)) - raft.grpc.server.port = 11448 (custom)
2021-06-06 13:57:10,448 [Listener at 127.0.0.1/11438] INFO  server.GrpcService (ConfUtils.java:logGet(44)) - raft.grpc.message.size.max = 33554432 (custom)
2021-06-06 13:57:10,448 [Listener at 127.0.0.1/11438] INFO  server.RaftServerConfigKeys (ConfUtils.java:logGet(44)) - raft.server.log.appender.buffer.byte-limit = 33554432 (custom)
2021-06-06 13:57:10,448 [Listener at 127.0.0.1/11438] INFO  server.GrpcService (ConfUtils.java:logGet(44)) - raft.grpc.flow.control.window = 1MB (=1048576) (default)
2021-06-06 13:57:10,448 [Listener at 127.0.0.1/11438] INFO  server.RaftServerConfigKeys (ConfUtils.java:logGet(44)) - raft.server.rpc.request.timeout = 3000ms (default)
2021-06-06 13:57:10,449 [Listener at 127.0.0.1/11438] INFO  impl.DataStreamServerImpl (ConfUtils.java:logGet(44)) - raft.datastream.type = DISABLED (default)
2021-06-06 13:57:10,450 [Listener at 127.0.0.1/11438] INFO  server.RaftServerConfigKeys (ConfUtils.java:logGet(44)) - raft.server.rpc.slowness.timeout = 2s (custom)
2021-06-06 13:57:10,450 [Listener at 127.0.0.1/11438] INFO  server.RaftServerConfigKeys (ConfUtils.java:logGet(44)) - raft.server.leaderelection.leader.step-down.wait-time = 10s (default)
2021-06-06 13:57:10,450 [Listener at 127.0.0.1/11438] INFO  server.RaftServerConfigKeys (ConfUtils.java:logGet(44)) - raft.server.storage.dir = [/home/runner/work/ozone/ozone/mnt/ozone/hadoop-ozone/integration-test/target/test-dir/MiniOzoneClusterImpl-498e09b4-d42e-43c3-9d7c-b3000502db30/omNode-3/ratis] (custom)
2021-06-06 13:57:10,450 [Listener at 127.0.0.1/11438] INFO  server.RaftServer (RaftServerProxy.java:addNew(95)) - omNode-3: addNew group-523986131536:[omNode-3|rpc:localhost:11448|priority:0, omNode-1|rpc:localhost:11436|priority:0, omNode-2|rpc:localhost:11442|priority:0] returns group-523986131536:java.util.concurrent.CompletableFuture@1f2dd2b[Not completed]
2021-06-06 13:57:10,450 [pool-185-thread-1] INFO  server.RaftServer$Division (RaftServerImpl.java:<init>(180)) - omNode-3: new RaftServerImpl for group-523986131536:[omNode-3|rpc:localhost:11448|priority:0, omNode-1|rpc:localhost:11436|priority:0, omNode-2|rpc:localhost:11442|priority:0] with OzoneManagerStateMachine:uninitialized
2021-06-06 13:57:10,450 [Listener at 127.0.0.1/11438] INFO  om.OzoneManager (OzoneManager.java:initializeRatisServer(1294)) - OzoneManager Ratis server initialized at port 11448
2021-06-06 13:57:10,451 [Listener at 127.0.0.1/11438] INFO  ipc.CallQueueManager (CallQueueManager.java:<init>(85)) - Using callQueue: class java.util.concurrent.LinkedBlockingQueue, queueCapacity: 2000, scheduler: class org.apache.hadoop.ipc.DefaultRpcScheduler, ipcBackoff: false.
2021-06-06 13:57:10,452 [Socket Reader #1 for port 11444] INFO  ipc.Server (Server.java:run(1255)) - Starting Socket Reader #1 for port 11444
2021-06-06 13:57:10,461 [pool-185-thread-1] INFO  server.RaftServerConfigKeys (ConfUtils.java:logGet(44)) - raft.server.rpc.timeout.min = 1s (custom)
2021-06-06 13:57:10,461 [pool-185-thread-1] INFO  server.RaftServerConfigKeys (ConfUtils.java:logGet(44)) - raft.server.rpc.timeout.max = 1200ms (custom)
2021-06-06 13:57:10,461 [pool-185-thread-1] INFO  server.RaftServerConfigKeys (ConfUtils.java:logGet(44)) - raft.server.rpc.sleep.time = 25ms (default)
2021-06-06 13:57:10,462 [pool-185-thread-1] INFO  server.RaftServerConfigKeys (ConfUtils.java:logGet(44)) - raft.server.rpc.slowness.timeout = 2s (custom)
2021-06-06 13:57:10,462 [pool-185-thread-1] INFO  server.RaftServerConfigKeys (ConfUtils.java:logGet(44)) - raft.server.leaderelection.leader.step-down.wait-time = 10s (default)
2021-06-06 13:57:10,462 [pool-185-thread-1] INFO  server.RaftServerConfigKeys (ConfUtils.java:logGet(44)) - raft.server.sleep.deviation.threshold = 300ms (default)
2021-06-06 13:57:10,462 [pool-185-thread-1] INFO  server.RaftServerConfigKeys (ConfUtils.java:logGet(44)) - raft.server.log.appender.install.snapshot.enabled = false (custom)
2021-06-06 13:57:10,462 [pool-185-thread-1] INFO  server.RaftServer$Division (ServerState.java:<init>(105)) - omNode-3@group-523986131536: ConfigurationManager, init=-1: [omNode-3|rpc:localhost:11448|priority:0, omNode-1|rpc:localhost:11436|priority:0, omNode-2|rpc:localhost:11442|priority:0], old=null, confs=<EMPTY_MAP>
2021-06-06 13:57:10,462 [pool-185-thread-1] INFO  server.RaftServerConfigKeys (ConfUtils.java:logGet(44)) - raft.server.storage.dir = [/home/runner/work/ozone/ozone/mnt/ozone/hadoop-ozone/integration-test/target/test-dir/MiniOzoneClusterImpl-498e09b4-d42e-43c3-9d7c-b3000502db30/omNode-3/ratis] (custom)
2021-06-06 13:57:10,462 [pool-185-thread-1] INFO  server.RaftServerConfigKeys (ConfUtils.java:logGet(44)) - raft.server.log.corruption.policy = EXCEPTION (default)
2021-06-06 13:57:10,462 [pool-185-thread-1] INFO  storage.RaftStorageDirectory (RaftStorageDirectoryImpl.java:analyzeStorage(132)) - The storage directory /home/runner/work/ozone/ozone/mnt/ozone/hadoop-ozone/integration-test/target/test-dir/MiniOzoneClusterImpl-498e09b4-d42e-43c3-9d7c-b3000502db30/omNode-3/ratis/c9bc4cf4-3bc3-3c60-a66b-523986131536 does not exist. Creating ...
2021-06-06 13:57:10,463 [pool-185-thread-1] INFO  storage.RaftStorageDirectory (RaftStorageDirectoryImpl.java:tryLock(215)) - Lock on /home/runner/work/ozone/ozone/mnt/ozone/hadoop-ozone/integration-test/target/test-dir/MiniOzoneClusterImpl-498e09b4-d42e-43c3-9d7c-b3000502db30/omNode-3/ratis/c9bc4cf4-3bc3-3c60-a66b-523986131536/in_use.lock acquired by nodename 1587@fv-az148-587
2021-06-06 13:57:10,465 [pool-185-thread-1] INFO  storage.RaftStorage (RaftStorageImpl.java:format(87)) - Storage directory /home/runner/work/ozone/ozone/mnt/ozone/hadoop-ozone/integration-test/target/test-dir/MiniOzoneClusterImpl-498e09b4-d42e-43c3-9d7c-b3000502db30/omNode-3/ratis/c9bc4cf4-3bc3-3c60-a66b-523986131536 has been successfully formatted.
2021-06-06 13:57:10,465 [pool-185-thread-1] INFO  server.RaftServerConfigKeys (ConfUtils.java:logGet(44)) - raft.server.notification.no-leader.timeout = 2s (custom)
2021-06-06 13:57:10,465 [pool-185-thread-1] INFO  server.RaftServerConfigKeys (ConfUtils.java:logGet(44)) - raft.server.log.use.memory = false (default)
2021-06-06 13:57:10,465 [pool-185-thread-1] INFO  server.RaftServerConfigKeys (ConfUtils.java:logGet(44)) - raft.server.log.purge.gap = 50 (custom)
2021-06-06 13:57:10,465 [pool-185-thread-1] INFO  server.RaftServerConfigKeys (ConfUtils.java:logGet(44)) - raft.server.log.appender.buffer.byte-limit = 33554432 (custom)
2021-06-06 13:57:10,465 [pool-185-thread-1] INFO  metrics.RatisMetrics (RatisMetrics.java:lambda$create$0(36)) - Creating Metrics Registry : ratis.log_worker.omNode-3@group-523986131536
2021-06-06 13:57:10,472 [Listener at 127.0.0.1/11444] INFO  impl.MetricsSystemImpl (MetricsSystemImpl.java:init(158)) - OzoneManager metrics system started (again)
2021-06-06 13:57:10,472 [pool-185-thread-1] INFO  server.RaftServerConfigKeys (ConfUtils.java:logGet(44)) - raft.server.log.segment.size.max = 4194304 (custom)
2021-06-06 13:57:10,473 [pool-185-thread-1] INFO  server.RaftServerConfigKeys (ConfUtils.java:logGet(44)) - raft.server.log.segment.cache.num.max = 2 (custom)
2021-06-06 13:57:10,473 [pool-185-thread-1] INFO  server.RaftServerConfigKeys (ConfUtils.java:logGet(44)) - raft.server.log.segment.cache.size.max = 200MB (=209715200) (default)
2021-06-06 13:57:10,473 [pool-185-thread-1] INFO  segmented.SegmentedRaftLogWorker (SegmentedRaftLogWorker.java:<init>(182)) - new omNode-3@group-523986131536-SegmentedRaftLogWorker for RaftStorageImpl:Storage Directory /home/runner/work/ozone/ozone/mnt/ozone/hadoop-ozone/integration-test/target/test-dir/MiniOzoneClusterImpl-498e09b4-d42e-43c3-9d7c-b3000502db30/omNode-3/ratis/c9bc4cf4-3bc3-3c60-a66b-523986131536
2021-06-06 13:57:10,473 [pool-185-thread-1] INFO  server.RaftServerConfigKeys (ConfUtils.java:logGet(44)) - raft.server.log.queue.byte-limit = 64MB (=67108864) (default)
2021-06-06 13:57:10,473 [pool-185-thread-1] INFO  server.RaftServerConfigKeys (ConfUtils.java:logGet(44)) - raft.server.log.queue.element-limit = 4096 (default)
2021-06-06 13:57:10,473 [pool-185-thread-1] INFO  server.RaftServerConfigKeys (ConfUtils.java:logGet(44)) - raft.server.log.segment.size.max = 4194304 (custom)
2021-06-06 13:57:10,473 [Listener at 127.0.0.1/11444] INFO  om.OzoneManager (OzoneManager.java:start(1104)) - OzoneManager RPC server is listening at localhost/127.0.0.1:11444
2021-06-06 13:57:10,473 [Listener at 127.0.0.1/11444] INFO  ratis.OzoneManagerRatisServer (OzoneManagerRatisServer.java:start(388)) - Starting OzoneManagerRatisServer omNode-3 at port 11448
2021-06-06 13:57:10,473 [pool-185-thread-1] INFO  server.RaftServerConfigKeys (ConfUtils.java:logGet(44)) - raft.server.log.preallocated.size = 4194304 (custom)
2021-06-06 13:57:10,473 [pool-185-thread-1] INFO  server.RaftServerConfigKeys (ConfUtils.java:logGet(44)) - raft.server.log.force.sync.num = 128 (default)
2021-06-06 13:57:10,474 [pool-185-thread-1] INFO  server.RaftServerConfigKeys (ConfUtils.java:logGet(44)) - raft.server.log.statemachine.data.sync = true (default)
2021-06-06 13:57:10,474 [pool-185-thread-1] INFO  server.RaftServerConfigKeys (ConfUtils.java:logGet(44)) - raft.server.log.statemachine.data.sync.timeout = 10s (default)
2021-06-06 13:57:10,474 [pool-185-thread-1] INFO  server.RaftServerConfigKeys (ConfUtils.java:logGet(44)) - raft.server.log.statemachine.data.sync.timeout.retry = -1 (default)
2021-06-06 13:57:10,474 [pool-185-thread-1] INFO  server.RaftServerConfigKeys (ConfUtils.java:logGet(44)) - raft.server.log.write.buffer.size = 64KB (=65536) (default)
2021-06-06 13:57:10,474 [pool-185-thread-1] INFO  server.RaftServerConfigKeys (ConfUtils.java:logGet(44)) - raft.server.log.statemachine.data.caching.enabled = false (default)
2021-06-06 13:57:10,476 [pool-185-thread-1] INFO  segmented.SegmentedRaftLogWorker (SegmentedRaftLogWorker.java:lambda$new$0(133)) - omNode-3@group-523986131536-SegmentedRaftLogWorker: flushIndex: setUnconditionally 0 -> -1
2021-06-06 13:57:10,476 [pool-185-thread-1] INFO  segmented.SegmentedRaftLogWorker (SegmentedRaftLogWorker.java:lambda$new$0(133)) - omNode-3@group-523986131536-SegmentedRaftLogWorker: safeCacheEvictIndex: setUnconditionally 0 -> -1
2021-06-06 13:57:10,476 [pool-185-thread-1] INFO  server.RaftServerConfigKeys (ConfUtils.java:logGet(44)) - raft.server.snapshot.auto.trigger.enabled = true (custom)
2021-06-06 13:57:10,476 [pool-185-thread-1] INFO  server.RaftServerConfigKeys (ConfUtils.java:logGet(44)) - raft.server.snapshot.auto.trigger.threshold = 50 (custom)
2021-06-06 13:57:10,476 [pool-185-thread-1] INFO  server.RaftServerConfigKeys (ConfUtils.java:logGet(44)) - raft.server.snapshot.retention.file.num = -1 (default)
2021-06-06 13:57:10,477 [pool-185-thread-1] INFO  server.RaftServerConfigKeys (ConfUtils.java:logGet(44)) - raft.server.log.purge.upto.snapshot.index = true (custom)
2021-06-06 13:57:10,477 [pool-185-thread-1] INFO  server.RaftServerConfigKeys (ConfUtils.java:logGet(44)) - raft.server.retrycache.expirytime = 30000ms (custom)
2021-06-06 13:57:10,477 [pool-185-thread-1] INFO  server.RaftServerConfigKeys (ConfUtils.java:logGet(44)) - raft.server.retrycache.statistics.expirytime = 100μs (default)
2021-06-06 13:57:10,477 [pool-185-thread-1] INFO  metrics.RatisMetrics (RatisMetrics.java:lambda$create$0(36)) - Creating Metrics Registry : ratis.leader_election.omNode-3@group-523986131536
2021-06-06 13:57:10,477 [pool-185-thread-1] INFO  metrics.RatisMetrics (RatisMetrics.java:lambda$create$0(36)) - Creating Metrics Registry : ratis.server.omNode-3@group-523986131536
2021-06-06 13:57:10,478 [Listener at 127.0.0.1/11444] INFO  server.RaftServer$Division (RaftServerImpl.java:start(295)) - omNode-3@group-523986131536: start as a follower, conf=-1: [omNode-3|rpc:localhost:11448|priority:0, omNode-1|rpc:localhost:11436|priority:0, omNode-2|rpc:localhost:11442|priority:0], old=null
2021-06-06 13:57:10,478 [Listener at 127.0.0.1/11444] INFO  server.RaftServer$Division (RaftServerImpl.java:setRole(284)) - omNode-3@group-523986131536: changes role from      null to FOLLOWER at term 0 for startAsFollower
2021-06-06 13:57:10,478 [Listener at 127.0.0.1/11444] INFO  impl.RoleInfo (RoleInfo.java:updateAndGet(130)) - omNode-3: start omNode-3@group-523986131536-FollowerState
2021-06-06 13:57:10,478 [Listener at 127.0.0.1/11444] INFO  util.JmxRegister (JmxRegister.java:tryRegister(44)) - Successfully registered JMX Bean with object name Ratis:service=RaftServer,group=group-523986131536,id=omNode-3
2021-06-06 13:57:10,479 [Listener at 127.0.0.1/11444] INFO  metrics.RatisMetrics (RatisMetrics.java:lambda$create$0(36)) - Creating Metrics Registry : ratis.state_machine.omNode-3@group-523986131536
2021-06-06 13:57:10,479 [Listener at 127.0.0.1/11444] INFO  server.RaftServer (RaftServerProxy.java:lambda$start$5(374)) - omNode-3: start RPC server
2021-06-06 13:57:10,480 [Listener at 127.0.0.1/11444] INFO  server.GrpcService (GrpcService.java:startImpl(253)) - omNode-3: GrpcService started, listening on 11448
2021-06-06 13:57:10,480 [org.apache.ratis.util.JvmPauseMonitor$$Lambda$515/1703627717@d21901a] INFO  util.JvmPauseMonitor (JvmPauseMonitor.java:run(103)) - JvmPauseMonitor-omNode-3: Started
2021-06-06 13:57:10,482 [Listener at 127.0.0.1/11444] INFO  http.BaseHttpServer (BaseHttpServer.java:newHttpServer2BuilderForOzone(209)) - Starting Web-server for ozoneManager at: http://0.0.0.0:11446
2021-06-06 13:57:10,482 [Listener at 127.0.0.1/11444] INFO  http.BaseHttpServer (BaseHttpServer.java:<init>(107)) - Hadoop Security Enabled: false Ozone Security Enabled: false Ozone HTTP Security Enabled: false 
2021-06-06 13:57:10,483 [Listener at 127.0.0.1/11444] INFO  server.AuthenticationFilter (AuthenticationFilter.java:constructSecretProvider(240)) - Unable to initialize FileSignerSecretProvider, falling back to use random secrets.
2021-06-06 13:57:10,484 [Listener at 127.0.0.1/11444] WARN  http.HttpRequestLog (HttpRequestLog.java:getRequestLog(103)) - Jetty request log can only be enabled using Log4j
2021-06-06 13:57:10,484 [Listener at 127.0.0.1/11444] INFO  http.HttpServer2 (HttpServer2.java:addGlobalFilter(1020)) - Added global filter 'safety' (class=org.apache.hadoop.hdds.server.http.HttpServer2$QuotingInputFilter)
2021-06-06 13:57:10,485 [Listener at 127.0.0.1/11444] INFO  http.HttpServer2 (HttpServer2.java:addFilter(996)) - Added filter static_user_filter (class=org.apache.hadoop.http.lib.StaticUserWebFilter$StaticUserFilter) to context ozoneManager
2021-06-06 13:57:10,485 [Listener at 127.0.0.1/11444] INFO  http.HttpServer2 (HttpServer2.java:addFilter(1004)) - Added filter static_user_filter (class=org.apache.hadoop.http.lib.StaticUserWebFilter$StaticUserFilter) to context logs
2021-06-06 13:57:10,485 [Listener at 127.0.0.1/11444] INFO  http.HttpServer2 (HttpServer2.java:addFilter(1004)) - Added filter static_user_filter (class=org.apache.hadoop.http.lib.StaticUserWebFilter$StaticUserFilter) to context static
2021-06-06 13:57:10,486 [Listener at 127.0.0.1/11444] INFO  http.HttpServer2 (HttpServer2.java:bindListener(1238)) - Jetty bound to port 11446
2021-06-06 13:57:10,486 [Listener at 127.0.0.1/11444] INFO  server.Server (Server.java:doStart(375)) - jetty-9.4.35.v20201120; built: 2020-11-20T21:17:03.964Z; git: bdc54f03a5e0a7e280fab27f55c3c75ee8da89fb; jvm 1.8.0_292-b10
2021-06-06 13:57:10,489 [Listener at 127.0.0.1/11444] INFO  server.session (DefaultSessionIdManager.java:doStart(334)) - DefaultSessionIdManager workerName=node0
2021-06-06 13:57:10,489 [Listener at 127.0.0.1/11444] INFO  server.session (DefaultSessionIdManager.java:doStart(339)) - No SessionScavenger set, using defaults
2021-06-06 13:57:10,490 [Listener at 127.0.0.1/11444] INFO  server.session (HouseKeeper.java:startScavenging(132)) - node0 Scavenging every 660000ms
2021-06-06 13:57:10,497 [Listener at 127.0.0.1/11444] INFO  handler.ContextHandler (ContextHandler.java:doStart(916)) - Started o.e.j.s.ServletContextHandler@27ba3224{logs,/logs,file:///home/runner/work/ozone/ozone/mnt/ozone/hadoop-ozone/integration-test/target/log,AVAILABLE}
2021-06-06 13:57:10,497 [Listener at 127.0.0.1/11444] INFO  handler.ContextHandler (ContextHandler.java:doStart(916)) - Started o.e.j.s.ServletContextHandler@21f2892d{static,/static,file:///home/runner/work/ozone/ozone/mnt/ozone/hadoop-ozone/integration-test/target/test-classes/webapps/static,AVAILABLE}
2021-06-06 13:57:10,500 [Listener at 127.0.0.1/11444] INFO  handler.ContextHandler (ContextHandler.java:doStart(916)) - Started o.e.j.w.WebAppContext@4118edb0{ozoneManager,/,file:///home/runner/work/ozone/ozone/mnt/ozone/hadoop-ozone/integration-test/target/test-classes/webapps/ozoneManager/,AVAILABLE}{file:/home/runner/work/ozone/ozone/mnt/ozone/hadoop-ozone/integration-test/target/test-classes/webapps/ozoneManager}
2021-06-06 13:57:10,504 [Listener at 127.0.0.1/11444] INFO  server.AbstractConnector (AbstractConnector.java:doStart(331)) - Started ServerConnector@ba127ae{HTTP/1.1, (http/1.1)}{0.0.0.0:11446}
2021-06-06 13:57:10,504 [Listener at 127.0.0.1/11444] INFO  server.Server (Server.java:doStart(415)) - Started @32119ms
2021-06-06 13:57:10,505 [Listener at 127.0.0.1/11444] WARN  impl.MetricsSystemImpl (MetricsSystemImpl.java:register(279)) - Sink prometheus already exists!
2021-06-06 13:57:10,505 [Listener at 127.0.0.1/11444] INFO  http.BaseHttpServer (BaseHttpServer.java:updateConnectorAddress(329)) - HTTP server of ozoneManager listening at http://0.0.0.0:11446
2021-06-06 13:57:10,509 [IPC Server Responder] INFO  ipc.Server (Server.java:run(1497)) - IPC Server Responder: starting
2021-06-06 13:57:10,509 [IPC Server listener on 11444] INFO  ipc.Server (Server.java:run(1334)) - IPC Server listener on 11444: starting
2021-06-06 13:57:10,513 [Listener at 127.0.0.1/11444] INFO  om.OzoneManager (OzoneManager.java:startTrashEmptier(1234)) - Trash Interval set to 0. Files deleted will not move to trash
2021-06-06 13:57:10,518 [Listener at 127.0.0.1/11444] INFO  ozone.MiniOzoneHAClusterImpl (MiniOzoneHAClusterImpl.java:createOMService(462)) - Started OzoneManager RPC server at localhost/127.0.0.1:11444
2021-06-06 13:57:10,526 [Listener at 127.0.0.1/11444] INFO  impl.MetricsSystemImpl (MetricsSystemImpl.java:init(158)) - HddsDatanode metrics system started (again)
2021-06-06 13:57:10,528 [Listener at 127.0.0.1/11444] INFO  ozone.HddsDatanodeService (HddsDatanodeService.java:start(220)) - HddsDatanodeService host:fv-az148-587.bm4ck3pvxvsene1rjriu5fhcdb.bx.internal.cloudapp.net ip:10.1.0.37
2021-06-06 13:57:10,529 [org.apache.hadoop.util.JvmPauseMonitor$Monitor@a8ecc25] INFO  util.JvmPauseMonitor (JvmPauseMonitor.java:run(188)) - Starting JVM pause monitor
2021-06-06 13:57:10,554 [Listener at 127.0.0.1/11444] INFO  volume.HddsVolume (HddsVolume.java:<init>(184)) - Creating Volume: /home/runner/work/ozone/ozone/mnt/ozone/hadoop-ozone/integration-test/target/test-dir/MiniOzoneClusterImpl-498e09b4-d42e-43c3-9d7c-b3000502db30/datanode-0/data-0/containers/hdds of storage type : DISK and capacity : 9223372036854775807
2021-06-06 13:57:10,554 [Listener at 127.0.0.1/11444] INFO  volume.MutableVolumeSet (MutableVolumeSet.java:initializeVolumeSet(198)) - Added Volume : /home/runner/work/ozone/ozone/mnt/ozone/hadoop-ozone/integration-test/target/test-dir/MiniOzoneClusterImpl-498e09b4-d42e-43c3-9d7c-b3000502db30/datanode-0/data-0/containers/hdds to VolumeSet
2021-06-06 13:57:10,554 [Listener at 127.0.0.1/11444] INFO  volume.ThrottledAsyncChecker (ThrottledAsyncChecker.java:schedule(141)) - Scheduling a check for /home/runner/work/ozone/ozone/mnt/ozone/hadoop-ozone/integration-test/target/test-dir/MiniOzoneClusterImpl-498e09b4-d42e-43c3-9d7c-b3000502db30/datanode-0/data-0/containers/hdds
2021-06-06 13:57:10,555 [Listener at 127.0.0.1/11444] INFO  volume.HddsVolumeChecker (HddsVolumeChecker.java:checkAllVolumes(201)) - Scheduled health check for volume /home/runner/work/ozone/ozone/mnt/ozone/hadoop-ozone/integration-test/target/test-dir/MiniOzoneClusterImpl-498e09b4-d42e-43c3-9d7c-b3000502db30/datanode-0/data-0/containers/hdds
2021-06-06 13:57:10,568 [Listener at 127.0.0.1/11444] INFO  ozoneimpl.ContainerReader (ContainerReader.java:<init>(98)) - Running in upgrade mode:true
2021-06-06 13:57:10,569 [Thread-642] INFO  ozoneimpl.ContainerReader (ContainerReader.java:readVolume(142)) - Start to verify containers on volume /home/runner/work/ozone/ozone/mnt/ozone/hadoop-ozone/integration-test/target/test-dir/MiniOzoneClusterImpl-498e09b4-d42e-43c3-9d7c-b3000502db30/datanode-0/data-0/containers/hdds
2021-06-06 13:57:10,569 [Thread-642] INFO  ozoneimpl.ContainerReader (ContainerReader.java:readVolume(174)) - Finish verifying containers on volume /home/runner/work/ozone/ozone/mnt/ozone/hadoop-ozone/integration-test/target/test-dir/MiniOzoneClusterImpl-498e09b4-d42e-43c3-9d7c-b3000502db30/datanode-0/data-0/containers/hdds
2021-06-06 13:57:10,569 [Listener at 127.0.0.1/11444] INFO  ozoneimpl.OzoneContainer (OzoneContainer.java:buildContainerSet(228)) - Build ContainerSet costs 0s
2021-06-06 13:57:10,572 [Listener at 127.0.0.1/11444] INFO  server.RaftServer (ConfUtils.java:logGet(44)) - raft.rpc.type = GRPC (default)
2021-06-06 13:57:10,572 [Listener at 127.0.0.1/11444] INFO  grpc.GrpcFactory (GrpcFactory.java:checkPooledByteBufAllocatorUseCacheForAllThreads(48)) - PERFORMANCE WARNING: useCacheForAllThreads is true that may cause Netty to create a lot garbage objects and, as a result, trigger GC.
	It is recommended to disable useCacheForAllThreads by setting -Dorg.apache.ratis.thirdparty.io.netty.allocator.useCacheForAllThreads=false in command line.
2021-06-06 13:57:10,572 [Listener at 127.0.0.1/11444] INFO  grpc.GrpcConfigKeys (ConfUtils.java:logGet(44)) - raft.grpc.admin.port = 0 (custom)
2021-06-06 13:57:10,572 [Listener at 127.0.0.1/11444] INFO  grpc.GrpcConfigKeys (ConfUtils.java:logGet(44)) - raft.grpc.client.port = 0 (custom)
2021-06-06 13:57:10,573 [Listener at 127.0.0.1/11444] INFO  grpc.GrpcConfigKeys (ConfUtils.java:logGet(44)) - raft.grpc.server.port = 0 (default)
2021-06-06 13:57:10,573 [Listener at 127.0.0.1/11444] INFO  server.GrpcService (ConfUtils.java:logGet(44)) - raft.grpc.message.size.max = 32MB (=33554432) (custom)
2021-06-06 13:57:10,573 [Listener at 127.0.0.1/11444] INFO  server.RaftServerConfigKeys (ConfUtils.java:logGet(44)) - raft.server.log.appender.buffer.byte-limit = 33554432 (custom)
2021-06-06 13:57:10,573 [Listener at 127.0.0.1/11444] INFO  server.GrpcService (ConfUtils.java:logGet(44)) - raft.grpc.flow.control.window = 5MB (=5242880) (custom)
2021-06-06 13:57:10,573 [Listener at 127.0.0.1/11444] INFO  server.RaftServerConfigKeys (ConfUtils.java:logGet(44)) - raft.server.rpc.request.timeout = 60s (custom)
2021-06-06 13:57:10,574 [Listener at 127.0.0.1/11444] INFO  impl.DataStreamServerImpl (ConfUtils.java:logGet(44)) - raft.datastream.type = DISABLED (default)
2021-06-06 13:57:10,574 [Listener at 127.0.0.1/11444] INFO  server.RaftServerConfigKeys (ConfUtils.java:logGet(44)) - raft.server.rpc.slowness.timeout = 300s (custom)
2021-06-06 13:57:10,574 [Listener at 127.0.0.1/11444] INFO  server.RaftServerConfigKeys (ConfUtils.java:logGet(44)) - raft.server.leaderelection.leader.step-down.wait-time = 10s (default)
2021-06-06 13:57:10,574 [Listener at 127.0.0.1/11444] INFO  server.RaftServerConfigKeys (ConfUtils.java:logGet(44)) - raft.server.storage.dir = [/home/runner/work/ozone/ozone/mnt/ozone/hadoop-ozone/integration-test/target/test-dir/MiniOzoneClusterImpl-498e09b4-d42e-43c3-9d7c-b3000502db30/datanode-0/data/ratis] (custom)
2021-06-06 13:57:10,577 [Listener at 127.0.0.1/11444] INFO  http.BaseHttpServer (BaseHttpServer.java:newHttpServer2BuilderForOzone(209)) - Starting Web-server for hddsDatanode at: http://0.0.0.0:0
2021-06-06 13:57:10,577 [Listener at 127.0.0.1/11444] INFO  http.BaseHttpServer (BaseHttpServer.java:<init>(107)) - Hadoop Security Enabled: false Ozone Security Enabled: false Ozone HTTP Security Enabled: false 
2021-06-06 13:57:10,578 [Listener at 127.0.0.1/11444] INFO  server.AuthenticationFilter (AuthenticationFilter.java:constructSecretProvider(240)) - Unable to initialize FileSignerSecretProvider, falling back to use random secrets.
2021-06-06 13:57:10,579 [Listener at 127.0.0.1/11444] WARN  http.HttpRequestLog (HttpRequestLog.java:getRequestLog(103)) - Jetty request log can only be enabled using Log4j
2021-06-06 13:57:10,579 [Listener at 127.0.0.1/11444] INFO  http.HttpServer2 (HttpServer2.java:addGlobalFilter(1020)) - Added global filter 'safety' (class=org.apache.hadoop.hdds.server.http.HttpServer2$QuotingInputFilter)
2021-06-06 13:57:10,580 [Listener at 127.0.0.1/11444] INFO  http.HttpServer2 (HttpServer2.java:addFilter(996)) - Added filter static_user_filter (class=org.apache.hadoop.http.lib.StaticUserWebFilter$StaticUserFilter) to context hddsDatanode
2021-06-06 13:57:10,580 [Listener at 127.0.0.1/11444] INFO  http.HttpServer2 (HttpServer2.java:addFilter(1004)) - Added filter static_user_filter (class=org.apache.hadoop.http.lib.StaticUserWebFilter$StaticUserFilter) to context logs
2021-06-06 13:57:10,580 [Listener at 127.0.0.1/11444] INFO  http.HttpServer2 (HttpServer2.java:addFilter(1004)) - Added filter static_user_filter (class=org.apache.hadoop.http.lib.StaticUserWebFilter$StaticUserFilter) to context static
2021-06-06 13:57:10,580 [Listener at 127.0.0.1/11444] INFO  http.HttpServer2 (HttpServer2.java:bindListener(1238)) - Jetty bound to port 42531
2021-06-06 13:57:10,581 [Listener at 127.0.0.1/11444] INFO  server.Server (Server.java:doStart(375)) - jetty-9.4.35.v20201120; built: 2020-11-20T21:17:03.964Z; git: bdc54f03a5e0a7e280fab27f55c3c75ee8da89fb; jvm 1.8.0_292-b10
2021-06-06 13:57:10,582 [Listener at 127.0.0.1/11444] INFO  server.session (DefaultSessionIdManager.java:doStart(334)) - DefaultSessionIdManager workerName=node0
2021-06-06 13:57:10,582 [Listener at 127.0.0.1/11444] INFO  server.session (DefaultSessionIdManager.java:doStart(339)) - No SessionScavenger set, using defaults
2021-06-06 13:57:10,583 [Listener at 127.0.0.1/11444] INFO  server.session (HouseKeeper.java:startScavenging(132)) - node0 Scavenging every 600000ms
2021-06-06 13:57:10,583 [Listener at 127.0.0.1/11444] INFO  handler.ContextHandler (ContextHandler.java:doStart(916)) - Started o.e.j.s.ServletContextHandler@8b94f9b{logs,/logs,file:///home/runner/work/ozone/ozone/mnt/ozone/hadoop-ozone/integration-test/target/log,AVAILABLE}
2021-06-06 13:57:10,584 [Listener at 127.0.0.1/11444] INFO  handler.ContextHandler (ContextHandler.java:doStart(916)) - Started o.e.j.s.ServletContextHandler@7ae07009{static,/static,jar:file:/home/runner/.m2/repository/org/apache/ozone/hdds-container-service/1.2.0-SNAPSHOT/hdds-container-service-1.2.0-SNAPSHOT.jar!/webapps/static,AVAILABLE}
2021-06-06 13:57:10,628 [Listener at 127.0.0.1/11444] INFO  handler.ContextHandler (ContextHandler.java:doStart(916)) - Started o.e.j.w.WebAppContext@21fef168{hddsDatanode,/,file:///tmp/jetty-0_0_0_0-42531-hdds-container-service-1_2_0-SNAPSHOT_jar-_-any-2898691481687055564/webapp/,AVAILABLE}{jar:file:/home/runner/.m2/repository/org/apache/ozone/hdds-container-service/1.2.0-SNAPSHOT/hdds-container-service-1.2.0-SNAPSHOT.jar!/webapps/hddsDatanode}
2021-06-06 13:57:10,630 [Listener at 127.0.0.1/11444] INFO  server.AbstractConnector (AbstractConnector.java:doStart(331)) - Started ServerConnector@538c24c0{HTTP/1.1, (http/1.1)}{0.0.0.0:42531}
2021-06-06 13:57:10,630 [Listener at 127.0.0.1/11444] INFO  server.Server (Server.java:doStart(415)) - Started @32244ms
2021-06-06 13:57:10,630 [Listener at 127.0.0.1/11444] WARN  impl.MetricsSystemImpl (MetricsSystemImpl.java:register(279)) - Sink prometheus already exists!
2021-06-06 13:57:10,630 [Listener at 127.0.0.1/11444] INFO  http.BaseHttpServer (BaseHttpServer.java:updateConnectorAddress(329)) - HTTP server of hddsDatanode listening at http://0.0.0.0:42531
2021-06-06 13:57:10,633 [Listener at 127.0.0.1/11444] INFO  impl.MetricsSystemImpl (MetricsSystemImpl.java:init(158)) - HddsDatanode metrics system started (again)
2021-06-06 13:57:10,635 [Listener at 127.0.0.1/11444] INFO  ozone.HddsDatanodeService (HddsDatanodeService.java:start(220)) - HddsDatanodeService host:fv-az148-587.bm4ck3pvxvsene1rjriu5fhcdb.bx.internal.cloudapp.net ip:10.1.0.37
2021-06-06 13:57:10,649 [org.apache.hadoop.util.JvmPauseMonitor$Monitor@4c1392b8] INFO  util.JvmPauseMonitor (JvmPauseMonitor.java:run(188)) - Starting JVM pause monitor
2021-06-06 13:57:10,656 [Datanode State Machine Task Thread - 0] INFO  datanode.InitDatanodeState (InitDatanodeState.java:persistContainerDatanodeDetails(145)) - DatanodeDetails is persisted to /home/runner/work/ozone/ozone/mnt/ozone/hadoop-ozone/integration-test/target/test-dir/MiniOzoneClusterImpl-498e09b4-d42e-43c3-9d7c-b3000502db30/datanode-0/meta/datanode.id
2021-06-06 13:57:10,665 [Listener at 127.0.0.1/11444] INFO  volume.HddsVolume (HddsVolume.java:<init>(184)) - Creating Volume: /home/runner/work/ozone/ozone/mnt/ozone/hadoop-ozone/integration-test/target/test-dir/MiniOzoneClusterImpl-498e09b4-d42e-43c3-9d7c-b3000502db30/datanode-1/data-0/containers/hdds of storage type : DISK and capacity : 9223372036854775807
2021-06-06 13:57:10,666 [Listener at 127.0.0.1/11444] INFO  volume.MutableVolumeSet (MutableVolumeSet.java:initializeVolumeSet(198)) - Added Volume : /home/runner/work/ozone/ozone/mnt/ozone/hadoop-ozone/integration-test/target/test-dir/MiniOzoneClusterImpl-498e09b4-d42e-43c3-9d7c-b3000502db30/datanode-1/data-0/containers/hdds to VolumeSet
2021-06-06 13:57:10,666 [Listener at 127.0.0.1/11444] INFO  volume.ThrottledAsyncChecker (ThrottledAsyncChecker.java:schedule(141)) - Scheduling a check for /home/runner/work/ozone/ozone/mnt/ozone/hadoop-ozone/integration-test/target/test-dir/MiniOzoneClusterImpl-498e09b4-d42e-43c3-9d7c-b3000502db30/datanode-1/data-0/containers/hdds
2021-06-06 13:57:10,669 [Listener at 127.0.0.1/11444] INFO  volume.HddsVolumeChecker (HddsVolumeChecker.java:checkAllVolumes(201)) - Scheduled health check for volume /home/runner/work/ozone/ozone/mnt/ozone/hadoop-ozone/integration-test/target/test-dir/MiniOzoneClusterImpl-498e09b4-d42e-43c3-9d7c-b3000502db30/datanode-1/data-0/containers/hdds
2021-06-06 13:57:10,686 [Listener at 127.0.0.1/11444] INFO  ozoneimpl.ContainerReader (ContainerReader.java:<init>(98)) - Running in upgrade mode:true
2021-06-06 13:57:10,687 [Thread-653] INFO  ozoneimpl.ContainerReader (ContainerReader.java:readVolume(142)) - Start to verify containers on volume /home/runner/work/ozone/ozone/mnt/ozone/hadoop-ozone/integration-test/target/test-dir/MiniOzoneClusterImpl-498e09b4-d42e-43c3-9d7c-b3000502db30/datanode-1/data-0/containers/hdds
2021-06-06 13:57:10,687 [Thread-653] INFO  ozoneimpl.ContainerReader (ContainerReader.java:readVolume(174)) - Finish verifying containers on volume /home/runner/work/ozone/ozone/mnt/ozone/hadoop-ozone/integration-test/target/test-dir/MiniOzoneClusterImpl-498e09b4-d42e-43c3-9d7c-b3000502db30/datanode-1/data-0/containers/hdds
2021-06-06 13:57:10,687 [Listener at 127.0.0.1/11444] INFO  ozoneimpl.OzoneContainer (OzoneContainer.java:buildContainerSet(228)) - Build ContainerSet costs 0s
2021-06-06 13:57:10,690 [Listener at 127.0.0.1/11444] INFO  server.RaftServer (ConfUtils.java:logGet(44)) - raft.rpc.type = GRPC (default)
2021-06-06 13:57:10,690 [Listener at 127.0.0.1/11444] INFO  grpc.GrpcFactory (GrpcFactory.java:checkPooledByteBufAllocatorUseCacheForAllThreads(48)) - PERFORMANCE WARNING: useCacheForAllThreads is true that may cause Netty to create a lot garbage objects and, as a result, trigger GC.
	It is recommended to disable useCacheForAllThreads by setting -Dorg.apache.ratis.thirdparty.io.netty.allocator.useCacheForAllThreads=false in command line.
2021-06-06 13:57:10,690 [Listener at 127.0.0.1/11444] INFO  grpc.GrpcConfigKeys (ConfUtils.java:logGet(44)) - raft.grpc.admin.port = 0 (custom)
2021-06-06 13:57:10,690 [Listener at 127.0.0.1/11444] INFO  grpc.GrpcConfigKeys (ConfUtils.java:logGet(44)) - raft.grpc.client.port = 0 (custom)
2021-06-06 13:57:10,691 [Listener at 127.0.0.1/11444] INFO  grpc.GrpcConfigKeys (ConfUtils.java:logGet(44)) - raft.grpc.server.port = 0 (default)
2021-06-06 13:57:10,691 [Listener at 127.0.0.1/11444] INFO  server.GrpcService (ConfUtils.java:logGet(44)) - raft.grpc.message.size.max = 32MB (=33554432) (custom)
2021-06-06 13:57:10,691 [Listener at 127.0.0.1/11444] INFO  server.RaftServerConfigKeys (ConfUtils.java:logGet(44)) - raft.server.log.appender.buffer.byte-limit = 33554432 (custom)
2021-06-06 13:57:10,691 [Listener at 127.0.0.1/11444] INFO  server.GrpcService (ConfUtils.java:logGet(44)) - raft.grpc.flow.control.window = 5MB (=5242880) (custom)
2021-06-06 13:57:10,691 [Listener at 127.0.0.1/11444] INFO  server.RaftServerConfigKeys (ConfUtils.java:logGet(44)) - raft.server.rpc.request.timeout = 60s (custom)
2021-06-06 13:57:10,692 [Listener at 127.0.0.1/11444] INFO  impl.DataStreamServerImpl (ConfUtils.java:logGet(44)) - raft.datastream.type = DISABLED (default)
2021-06-06 13:57:10,692 [Listener at 127.0.0.1/11444] INFO  server.RaftServerConfigKeys (ConfUtils.java:logGet(44)) - raft.server.rpc.slowness.timeout = 300s (custom)
2021-06-06 13:57:10,692 [Listener at 127.0.0.1/11444] INFO  server.RaftServerConfigKeys (ConfUtils.java:logGet(44)) - raft.server.leaderelection.leader.step-down.wait-time = 10s (default)
2021-06-06 13:57:10,692 [Listener at 127.0.0.1/11444] INFO  server.RaftServerConfigKeys (ConfUtils.java:logGet(44)) - raft.server.storage.dir = [/home/runner/work/ozone/ozone/mnt/ozone/hadoop-ozone/integration-test/target/test-dir/MiniOzoneClusterImpl-498e09b4-d42e-43c3-9d7c-b3000502db30/datanode-1/data/ratis] (custom)
2021-06-06 13:57:10,698 [Listener at 127.0.0.1/11444] INFO  http.BaseHttpServer (BaseHttpServer.java:newHttpServer2BuilderForOzone(209)) - Starting Web-server for hddsDatanode at: http://0.0.0.0:0
2021-06-06 13:57:10,698 [Listener at 127.0.0.1/11444] INFO  http.BaseHttpServer (BaseHttpServer.java:<init>(107)) - Hadoop Security Enabled: false Ozone Security Enabled: false Ozone HTTP Security Enabled: false 
2021-06-06 13:57:10,700 [Listener at 127.0.0.1/11444] INFO  server.AuthenticationFilter (AuthenticationFilter.java:constructSecretProvider(240)) - Unable to initialize FileSignerSecretProvider, falling back to use random secrets.
2021-06-06 13:57:10,702 [Listener at 127.0.0.1/11444] WARN  http.HttpRequestLog (HttpRequestLog.java:getRequestLog(103)) - Jetty request log can only be enabled using Log4j
2021-06-06 13:57:10,703 [Listener at 127.0.0.1/11444] INFO  http.HttpServer2 (HttpServer2.java:addGlobalFilter(1020)) - Added global filter 'safety' (class=org.apache.hadoop.hdds.server.http.HttpServer2$QuotingInputFilter)
2021-06-06 13:57:10,704 [Listener at 127.0.0.1/11444] INFO  http.HttpServer2 (HttpServer2.java:addFilter(996)) - Added filter static_user_filter (class=org.apache.hadoop.http.lib.StaticUserWebFilter$StaticUserFilter) to context hddsDatanode
2021-06-06 13:57:10,705 [Listener at 127.0.0.1/11444] INFO  http.HttpServer2 (HttpServer2.java:addFilter(1004)) - Added filter static_user_filter (class=org.apache.hadoop.http.lib.StaticUserWebFilter$StaticUserFilter) to context logs
2021-06-06 13:57:10,705 [Listener at 127.0.0.1/11444] INFO  http.HttpServer2 (HttpServer2.java:addFilter(1004)) - Added filter static_user_filter (class=org.apache.hadoop.http.lib.StaticUserWebFilter$StaticUserFilter) to context static
2021-06-06 13:57:10,705 [Listener at 127.0.0.1/11444] INFO  http.HttpServer2 (HttpServer2.java:bindListener(1238)) - Jetty bound to port 34535
2021-06-06 13:57:10,706 [Listener at 127.0.0.1/11444] INFO  server.Server (Server.java:doStart(375)) - jetty-9.4.35.v20201120; built: 2020-11-20T21:17:03.964Z; git: bdc54f03a5e0a7e280fab27f55c3c75ee8da89fb; jvm 1.8.0_292-b10
2021-06-06 13:57:10,709 [Listener at 127.0.0.1/11444] INFO  server.session (DefaultSessionIdManager.java:doStart(334)) - DefaultSessionIdManager workerName=node0
2021-06-06 13:57:10,709 [Listener at 127.0.0.1/11444] INFO  server.session (DefaultSessionIdManager.java:doStart(339)) - No SessionScavenger set, using defaults
2021-06-06 13:57:10,709 [Listener at 127.0.0.1/11444] INFO  server.session (HouseKeeper.java:startScavenging(132)) - node0 Scavenging every 600000ms
2021-06-06 13:57:10,710 [Listener at 127.0.0.1/11444] INFO  handler.ContextHandler (ContextHandler.java:doStart(916)) - Started o.e.j.s.ServletContextHandler@75c8ae48{logs,/logs,file:///home/runner/work/ozone/ozone/mnt/ozone/hadoop-ozone/integration-test/target/log,AVAILABLE}
2021-06-06 13:57:10,710 [Listener at 127.0.0.1/11444] INFO  handler.ContextHandler (ContextHandler.java:doStart(916)) - Started o.e.j.s.ServletContextHandler@7e9a7594{static,/static,jar:file:/home/runner/.m2/repository/org/apache/ozone/hdds-container-service/1.2.0-SNAPSHOT/hdds-container-service-1.2.0-SNAPSHOT.jar!/webapps/static,AVAILABLE}
2021-06-06 13:57:10,755 [Listener at 127.0.0.1/11444] INFO  handler.ContextHandler (ContextHandler.java:doStart(916)) - Started o.e.j.w.WebAppContext@37f1fbdb{hddsDatanode,/,file:///tmp/jetty-0_0_0_0-34535-hdds-container-service-1_2_0-SNAPSHOT_jar-_-any-886057820244378207/webapp/,AVAILABLE}{jar:file:/home/runner/.m2/repository/org/apache/ozone/hdds-container-service/1.2.0-SNAPSHOT/hdds-container-service-1.2.0-SNAPSHOT.jar!/webapps/hddsDatanode}
2021-06-06 13:57:10,757 [Listener at 127.0.0.1/11444] INFO  server.AbstractConnector (AbstractConnector.java:doStart(331)) - Started ServerConnector@7e47251d{HTTP/1.1, (http/1.1)}{0.0.0.0:34535}
2021-06-06 13:57:10,757 [Listener at 127.0.0.1/11444] INFO  server.Server (Server.java:doStart(415)) - Started @32371ms
2021-06-06 13:57:10,761 [Listener at 127.0.0.1/11444] WARN  impl.MetricsSystemImpl (MetricsSystemImpl.java:register(279)) - Sink prometheus already exists!
2021-06-06 13:57:10,762 [Listener at 127.0.0.1/11444] INFO  http.BaseHttpServer (BaseHttpServer.java:updateConnectorAddress(329)) - HTTP server of hddsDatanode listening at http://0.0.0.0:34535
2021-06-06 13:57:10,762 [Listener at 127.0.0.1/11444] INFO  impl.MetricsSystemImpl (MetricsSystemImpl.java:init(158)) - HddsDatanode metrics system started (again)
2021-06-06 13:57:10,764 [Listener at 127.0.0.1/11444] INFO  ozone.HddsDatanodeService (HddsDatanodeService.java:start(220)) - HddsDatanodeService host:fv-az148-587.bm4ck3pvxvsene1rjriu5fhcdb.bx.internal.cloudapp.net ip:10.1.0.37
2021-06-06 13:57:10,779 [org.apache.hadoop.util.JvmPauseMonitor$Monitor@10c5766f] INFO  util.JvmPauseMonitor (JvmPauseMonitor.java:run(188)) - Starting JVM pause monitor
2021-06-06 13:57:10,792 [Datanode State Machine Task Thread - 0] INFO  datanode.InitDatanodeState (InitDatanodeState.java:persistContainerDatanodeDetails(145)) - DatanodeDetails is persisted to /home/runner/work/ozone/ozone/mnt/ozone/hadoop-ozone/integration-test/target/test-dir/MiniOzoneClusterImpl-498e09b4-d42e-43c3-9d7c-b3000502db30/datanode-1/meta/datanode.id
2021-06-06 13:57:10,796 [Listener at 127.0.0.1/11444] INFO  volume.HddsVolume (HddsVolume.java:<init>(184)) - Creating Volume: /home/runner/work/ozone/ozone/mnt/ozone/hadoop-ozone/integration-test/target/test-dir/MiniOzoneClusterImpl-498e09b4-d42e-43c3-9d7c-b3000502db30/datanode-2/data-0/containers/hdds of storage type : DISK and capacity : 9223372036854775807
2021-06-06 13:57:10,796 [Listener at 127.0.0.1/11444] INFO  volume.MutableVolumeSet (MutableVolumeSet.java:initializeVolumeSet(198)) - Added Volume : /home/runner/work/ozone/ozone/mnt/ozone/hadoop-ozone/integration-test/target/test-dir/MiniOzoneClusterImpl-498e09b4-d42e-43c3-9d7c-b3000502db30/datanode-2/data-0/containers/hdds to VolumeSet
2021-06-06 13:57:10,796 [Listener at 127.0.0.1/11444] INFO  volume.ThrottledAsyncChecker (ThrottledAsyncChecker.java:schedule(141)) - Scheduling a check for /home/runner/work/ozone/ozone/mnt/ozone/hadoop-ozone/integration-test/target/test-dir/MiniOzoneClusterImpl-498e09b4-d42e-43c3-9d7c-b3000502db30/datanode-2/data-0/containers/hdds
2021-06-06 13:57:10,797 [Listener at 127.0.0.1/11444] INFO  volume.HddsVolumeChecker (HddsVolumeChecker.java:checkAllVolumes(201)) - Scheduled health check for volume /home/runner/work/ozone/ozone/mnt/ozone/hadoop-ozone/integration-test/target/test-dir/MiniOzoneClusterImpl-498e09b4-d42e-43c3-9d7c-b3000502db30/datanode-2/data-0/containers/hdds
2021-06-06 13:57:10,810 [Listener at 127.0.0.1/11444] INFO  ozoneimpl.ContainerReader (ContainerReader.java:<init>(98)) - Running in upgrade mode:true
2021-06-06 13:57:10,811 [Thread-664] INFO  ozoneimpl.ContainerReader (ContainerReader.java:readVolume(142)) - Start to verify containers on volume /home/runner/work/ozone/ozone/mnt/ozone/hadoop-ozone/integration-test/target/test-dir/MiniOzoneClusterImpl-498e09b4-d42e-43c3-9d7c-b3000502db30/datanode-2/data-0/containers/hdds
2021-06-06 13:57:10,811 [Thread-664] INFO  ozoneimpl.ContainerReader (ContainerReader.java:readVolume(174)) - Finish verifying containers on volume /home/runner/work/ozone/ozone/mnt/ozone/hadoop-ozone/integration-test/target/test-dir/MiniOzoneClusterImpl-498e09b4-d42e-43c3-9d7c-b3000502db30/datanode-2/data-0/containers/hdds
2021-06-06 13:57:10,811 [Listener at 127.0.0.1/11444] INFO  ozoneimpl.OzoneContainer (OzoneContainer.java:buildContainerSet(228)) - Build ContainerSet costs 0s
2021-06-06 13:57:10,813 [Listener at 127.0.0.1/11444] INFO  server.RaftServer (ConfUtils.java:logGet(44)) - raft.rpc.type = GRPC (default)
2021-06-06 13:57:10,813 [Listener at 127.0.0.1/11444] INFO  grpc.GrpcFactory (GrpcFactory.java:checkPooledByteBufAllocatorUseCacheForAllThreads(48)) - PERFORMANCE WARNING: useCacheForAllThreads is true that may cause Netty to create a lot garbage objects and, as a result, trigger GC.
	It is recommended to disable useCacheForAllThreads by setting -Dorg.apache.ratis.thirdparty.io.netty.allocator.useCacheForAllThreads=false in command line.
2021-06-06 13:57:10,813 [Listener at 127.0.0.1/11444] INFO  grpc.GrpcConfigKeys (ConfUtils.java:logGet(44)) - raft.grpc.admin.port = 0 (custom)
2021-06-06 13:57:10,813 [Listener at 127.0.0.1/11444] INFO  grpc.GrpcConfigKeys (ConfUtils.java:logGet(44)) - raft.grpc.client.port = 0 (custom)
2021-06-06 13:57:10,814 [Listener at 127.0.0.1/11444] INFO  grpc.GrpcConfigKeys (ConfUtils.java:logGet(44)) - raft.grpc.server.port = 0 (default)
2021-06-06 13:57:10,814 [Listener at 127.0.0.1/11444] INFO  server.GrpcService (ConfUtils.java:logGet(44)) - raft.grpc.message.size.max = 32MB (=33554432) (custom)
2021-06-06 13:57:10,814 [Listener at 127.0.0.1/11444] INFO  server.RaftServerConfigKeys (ConfUtils.java:logGet(44)) - raft.server.log.appender.buffer.byte-limit = 33554432 (custom)
2021-06-06 13:57:10,814 [Listener at 127.0.0.1/11444] INFO  server.GrpcService (ConfUtils.java:logGet(44)) - raft.grpc.flow.control.window = 5MB (=5242880) (custom)
2021-06-06 13:57:10,814 [Listener at 127.0.0.1/11444] INFO  server.RaftServerConfigKeys (ConfUtils.java:logGet(44)) - raft.server.rpc.request.timeout = 60s (custom)
2021-06-06 13:57:10,815 [Listener at 127.0.0.1/11444] INFO  impl.DataStreamServerImpl (ConfUtils.java:logGet(44)) - raft.datastream.type = DISABLED (default)
2021-06-06 13:57:10,815 [Listener at 127.0.0.1/11444] INFO  server.RaftServerConfigKeys (ConfUtils.java:logGet(44)) - raft.server.rpc.slowness.timeout = 300s (custom)
2021-06-06 13:57:10,815 [Listener at 127.0.0.1/11444] INFO  server.RaftServerConfigKeys (ConfUtils.java:logGet(44)) - raft.server.leaderelection.leader.step-down.wait-time = 10s (default)
2021-06-06 13:57:10,815 [Listener at 127.0.0.1/11444] INFO  server.RaftServerConfigKeys (ConfUtils.java:logGet(44)) - raft.server.storage.dir = [/home/runner/work/ozone/ozone/mnt/ozone/hadoop-ozone/integration-test/target/test-dir/MiniOzoneClusterImpl-498e09b4-d42e-43c3-9d7c-b3000502db30/datanode-2/data/ratis] (custom)
2021-06-06 13:57:10,818 [Listener at 127.0.0.1/11444] INFO  http.BaseHttpServer (BaseHttpServer.java:newHttpServer2BuilderForOzone(209)) - Starting Web-server for hddsDatanode at: http://0.0.0.0:0
2021-06-06 13:57:10,818 [Listener at 127.0.0.1/11444] INFO  http.BaseHttpServer (BaseHttpServer.java:<init>(107)) - Hadoop Security Enabled: false Ozone Security Enabled: false Ozone HTTP Security Enabled: false 
2021-06-06 13:57:10,819 [Listener at 127.0.0.1/11444] INFO  server.AuthenticationFilter (AuthenticationFilter.java:constructSecretProvider(240)) - Unable to initialize FileSignerSecretProvider, falling back to use random secrets.
2021-06-06 13:57:10,819 [Listener at 127.0.0.1/11444] WARN  http.HttpRequestLog (HttpRequestLog.java:getRequestLog(103)) - Jetty request log can only be enabled using Log4j
2021-06-06 13:57:10,820 [Listener at 127.0.0.1/11444] INFO  http.HttpServer2 (HttpServer2.java:addGlobalFilter(1020)) - Added global filter 'safety' (class=org.apache.hadoop.hdds.server.http.HttpServer2$QuotingInputFilter)
2021-06-06 13:57:10,820 [Listener at 127.0.0.1/11444] INFO  http.HttpServer2 (HttpServer2.java:addFilter(996)) - Added filter static_user_filter (class=org.apache.hadoop.http.lib.StaticUserWebFilter$StaticUserFilter) to context hddsDatanode
2021-06-06 13:57:10,821 [Listener at 127.0.0.1/11444] INFO  http.HttpServer2 (HttpServer2.java:addFilter(1004)) - Added filter static_user_filter (class=org.apache.hadoop.http.lib.StaticUserWebFilter$StaticUserFilter) to context static
2021-06-06 13:57:10,821 [Listener at 127.0.0.1/11444] INFO  http.HttpServer2 (HttpServer2.java:addFilter(1004)) - Added filter static_user_filter (class=org.apache.hadoop.http.lib.StaticUserWebFilter$StaticUserFilter) to context logs
2021-06-06 13:57:10,821 [Listener at 127.0.0.1/11444] INFO  http.HttpServer2 (HttpServer2.java:bindListener(1238)) - Jetty bound to port 42721
2021-06-06 13:57:10,821 [Listener at 127.0.0.1/11444] INFO  server.Server (Server.java:doStart(375)) - jetty-9.4.35.v20201120; built: 2020-11-20T21:17:03.964Z; git: bdc54f03a5e0a7e280fab27f55c3c75ee8da89fb; jvm 1.8.0_292-b10
2021-06-06 13:57:10,824 [Listener at 127.0.0.1/11444] INFO  server.session (DefaultSessionIdManager.java:doStart(334)) - DefaultSessionIdManager workerName=node0
2021-06-06 13:57:10,824 [Listener at 127.0.0.1/11444] INFO  server.session (DefaultSessionIdManager.java:doStart(339)) - No SessionScavenger set, using defaults
2021-06-06 13:57:10,824 [Listener at 127.0.0.1/11444] INFO  server.session (HouseKeeper.java:startScavenging(132)) - node0 Scavenging every 660000ms
2021-06-06 13:57:10,825 [Listener at 127.0.0.1/11444] INFO  handler.ContextHandler (ContextHandler.java:doStart(916)) - Started o.e.j.s.ServletContextHandler@62a9a523{logs,/logs,file:///home/runner/work/ozone/ozone/mnt/ozone/hadoop-ozone/integration-test/target/log,AVAILABLE}
2021-06-06 13:57:10,825 [Listener at 127.0.0.1/11444] INFO  handler.ContextHandler (ContextHandler.java:doStart(916)) - Started o.e.j.s.ServletContextHandler@35e445a1{static,/static,jar:file:/home/runner/.m2/repository/org/apache/ozone/hdds-container-service/1.2.0-SNAPSHOT/hdds-container-service-1.2.0-SNAPSHOT.jar!/webapps/static,AVAILABLE}
2021-06-06 13:57:10,869 [Listener at 127.0.0.1/11444] INFO  handler.ContextHandler (ContextHandler.java:doStart(916)) - Started o.e.j.w.WebAppContext@62064379{hddsDatanode,/,file:///tmp/jetty-0_0_0_0-42721-hdds-container-service-1_2_0-SNAPSHOT_jar-_-any-1739387874561544873/webapp/,AVAILABLE}{jar:file:/home/runner/.m2/repository/org/apache/ozone/hdds-container-service/1.2.0-SNAPSHOT/hdds-container-service-1.2.0-SNAPSHOT.jar!/webapps/hddsDatanode}
2021-06-06 13:57:10,870 [Listener at 127.0.0.1/11444] INFO  server.AbstractConnector (AbstractConnector.java:doStart(331)) - Started ServerConnector@29491f9e{HTTP/1.1, (http/1.1)}{0.0.0.0:42721}
2021-06-06 13:57:10,870 [Listener at 127.0.0.1/11444] INFO  server.Server (Server.java:doStart(415)) - Started @32484ms
2021-06-06 13:57:10,870 [Listener at 127.0.0.1/11444] WARN  impl.MetricsSystemImpl (MetricsSystemImpl.java:register(279)) - Sink prometheus already exists!
2021-06-06 13:57:10,871 [Listener at 127.0.0.1/11444] INFO  http.BaseHttpServer (BaseHttpServer.java:updateConnectorAddress(329)) - HTTP server of hddsDatanode listening at http://0.0.0.0:42721
2021-06-06 13:57:10,878 [Listener at 127.0.0.1/11444] INFO  ozone.MiniOzoneClusterImpl (MiniOzoneClusterImpl.java:lambda$waitForClusterToBeReady$0(224)) - Waiting for nodes to be ready. Got 0 of 3 DN Heartbeats.
2021-06-06 13:57:10,878 [Listener at 127.0.0.1/11444] INFO  ozone.MiniOzoneClusterImpl (MiniOzoneClusterImpl.java:lambda$waitForClusterToBeReady$0(227)) - Waiting for cluster to exit safe mode
2021-06-06 13:57:10,878 [Listener at 127.0.0.1/11444] INFO  ozone.MiniOzoneClusterImpl (MiniOzoneClusterImpl.java:lambda$waitForClusterToBeReady$0(230)) - SCM became leader
2021-06-06 13:57:10,881 [org.apache.hadoop.util.JvmPauseMonitor$Monitor@7bf2c304] INFO  util.JvmPauseMonitor (JvmPauseMonitor.java:run(188)) - Starting JVM pause monitor
2021-06-06 13:57:10,883 [Datanode State Machine Task Thread - 0] INFO  datanode.InitDatanodeState (InitDatanodeState.java:persistContainerDatanodeDetails(145)) - DatanodeDetails is persisted to /home/runner/work/ozone/ozone/mnt/ozone/hadoop-ozone/integration-test/target/test-dir/MiniOzoneClusterImpl-498e09b4-d42e-43c3-9d7c-b3000502db30/datanode-2/meta/datanode.id
2021-06-06 13:57:11,093 [EndpointStateMachine task thread for /0.0.0.0:35111 - 0 ] INFO  ipc.Client (Client.java:handleConnectionFailure(966)) - Retrying connect to server: 0.0.0.0/0.0.0.0:35111. Already tried 10 time(s); retry policy is RetryUpToMaximumCountWithFixedSleep(maxRetries=15, sleepTime=1000 MILLISECONDS)
2021-06-06 13:57:11,245 [omNode-1@group-523986131536-FollowerState] INFO  impl.FollowerState (FollowerState.java:run(134)) - omNode-1@group-523986131536-FollowerState: change to CANDIDATE, lastRpcElapsedTime:1080463514ns, electionTimeout:1076ms
2021-06-06 13:57:11,245 [omNode-1@group-523986131536-FollowerState] INFO  impl.RoleInfo (RoleInfo.java:shutdownFollowerState(108)) - omNode-1: shutdown omNode-1@group-523986131536-FollowerState
2021-06-06 13:57:11,245 [omNode-1@group-523986131536-FollowerState] INFO  server.RaftServer$Division (RaftServerImpl.java:setRole(284)) - omNode-1@group-523986131536: changes role from  FOLLOWER to CANDIDATE at term 0 for changeToCandidate
2021-06-06 13:57:11,246 [omNode-1@group-523986131536-FollowerState] INFO  server.RaftServerConfigKeys (ConfUtils.java:logGet(44)) - raft.server.leaderelection.pre-vote = false (custom)
2021-06-06 13:57:11,246 [omNode-1@group-523986131536-FollowerState] INFO  impl.RoleInfo (RoleInfo.java:updateAndGet(130)) - omNode-1: start omNode-1@group-523986131536-LeaderElection15
2021-06-06 13:57:11,249 [omNode-1@group-523986131536-LeaderElection15] INFO  impl.LeaderElection (LeaderElection.java:askForVotes(306)) - omNode-1@group-523986131536-LeaderElection15 ELECTION round 0: submit vote requests at term 1 for -1: [omNode-3|rpc:localhost:11448|priority:0, omNode-1|rpc:localhost:11436|priority:0, omNode-2|rpc:localhost:11442|priority:0], old=null
2021-06-06 13:57:11,257 [grpc-default-executor-1] INFO  server.RaftServer$Division (RaftServerImpl.java:requestVote(1042)) - omNode-3@group-523986131536: receive requestVote(ELECTION, omNode-1, group-523986131536, 1, (t:0, i:~))
2021-06-06 13:57:11,257 [grpc-default-executor-1] INFO  impl.VoteContext (VoteContext.java:log(48)) - omNode-3@group-523986131536-FOLLOWER: accept ELECTION from omNode-1: our priority 0 <= candidate's priority 0
2021-06-06 13:57:11,257 [grpc-default-executor-1] INFO  server.RaftServer$Division (RaftServerImpl.java:setRole(284)) - omNode-3@group-523986131536: changes role from  FOLLOWER to FOLLOWER at term 1 for candidate:omNode-1
2021-06-06 13:57:11,257 [grpc-default-executor-1] INFO  impl.RoleInfo (RoleInfo.java:shutdownFollowerState(108)) - omNode-3: shutdown omNode-3@group-523986131536-FollowerState
2021-06-06 13:57:11,257 [grpc-default-executor-1] INFO  impl.RoleInfo (RoleInfo.java:updateAndGet(130)) - omNode-3: start omNode-3@group-523986131536-FollowerState
2021-06-06 13:57:11,257 [omNode-3@group-523986131536-FollowerState] INFO  impl.FollowerState (FollowerState.java:run(143)) - omNode-3@group-523986131536-FollowerState was interrupted: {}
java.lang.InterruptedException: sleep interrupted
	at java.lang.Thread.sleep(Native Method)
	at java.lang.Thread.sleep(Thread.java:340)
	at java.util.concurrent.TimeUnit.sleep(TimeUnit.java:386)
	at org.apache.ratis.util.TimeDuration.sleep(TimeDuration.java:324)
	at org.apache.ratis.util.TimeDuration.sleep(TimeDuration.java:309)
	at org.apache.ratis.server.impl.FollowerState.run(FollowerState.java:118)
2021-06-06 13:57:11,262 [grpc-default-executor-1] INFO  server.RaftServer$Division (RaftServerImpl.java:requestVote(1074)) - omNode-3@group-523986131536 replies to ELECTION vote request: omNode-1<-omNode-3#0:OK-t1. Peer's state: omNode-3@group-523986131536:t1, leader=null, voted=omNode-1, raftlog=omNode-3@group-523986131536-SegmentedRaftLog:OPENED:c-1,f-1,i0, conf=-1: [omNode-3|rpc:localhost:11448|priority:0, omNode-1|rpc:localhost:11436|priority:0, omNode-2|rpc:localhost:11442|priority:0], old=null
2021-06-06 13:57:11,263 [omNode-1@group-523986131536-LeaderElection15] INFO  impl.LeaderElection (LeaderElection.java:logAndReturn(89)) - omNode-1@group-523986131536-LeaderElection15: ELECTION PASSED received 1 response(s) and 0 exception(s):
2021-06-06 13:57:11,263 [omNode-1@group-523986131536-LeaderElection15] INFO  impl.LeaderElection (LeaderElection.java:logAndReturn(93)) -   Response 0: omNode-1<-omNode-3#0:OK-t1
2021-06-06 13:57:11,263 [omNode-1@group-523986131536-LeaderElection15] INFO  impl.LeaderElection (LeaderElection.java:askForVotes(308)) - omNode-1@group-523986131536-LeaderElection15 ELECTION round 0: result PASSED
2021-06-06 13:57:11,263 [omNode-1@group-523986131536-LeaderElection15] INFO  impl.RoleInfo (RoleInfo.java:shutdownLeaderElection(121)) - omNode-1: shutdown omNode-1@group-523986131536-LeaderElection15
2021-06-06 13:57:11,263 [omNode-1@group-523986131536-LeaderElection15] INFO  server.RaftServer$Division (RaftServerImpl.java:setRole(284)) - omNode-1@group-523986131536: changes role from CANDIDATE to LEADER at term 1 for changeToLeader
2021-06-06 13:57:11,263 [omNode-1@group-523986131536-LeaderElection15] INFO  server.RaftServer$Division (ServerState.java:setLeader(271)) - omNode-1@group-523986131536: change Leader from null to omNode-1 at term 1 for becomeLeader, leader elected after 1112ms
2021-06-06 13:57:11,263 [omNode-1@group-523986131536-LeaderElection15] INFO  server.RaftServerConfigKeys (ConfUtils.java:logGet(44)) - raft.server.staging.catchup.gap = 1000 (default)
2021-06-06 13:57:11,263 [omNode-1@group-523986131536-LeaderElection15] INFO  metrics.RatisMetrics (RatisMetrics.java:lambda$create$0(36)) - Creating Metrics Registry : ratis.log_appender.omNode-1@group-523986131536
2021-06-06 13:57:11,263 [omNode-1@group-523986131536-LeaderElection15] INFO  server.RaftServerConfigKeys (ConfUtils.java:logGet(44)) - raft.server.write.element-limit = 4096 (default)
2021-06-06 13:57:11,264 [omNode-1@group-523986131536-LeaderElection15] INFO  server.RaftServerConfigKeys (ConfUtils.java:logGet(44)) - raft.server.write.byte-limit = 64MB (=67108864) (default)
2021-06-06 13:57:11,264 [omNode-1@group-523986131536-LeaderElection15] INFO  server.RaftServerConfigKeys (ConfUtils.java:logGet(44)) - raft.server.watch.timeout = 10s (default)
2021-06-06 13:57:11,264 [omNode-1@group-523986131536-LeaderElection15] INFO  server.RaftServerConfigKeys (ConfUtils.java:logGet(44)) - raft.server.watch.timeout.denomination = 1s (default)
2021-06-06 13:57:11,264 [omNode-1@group-523986131536-LeaderElection15] INFO  server.RaftServerConfigKeys (ConfUtils.java:logGet(44)) - raft.server.watch.element-limit = 65536 (default)
2021-06-06 13:57:11,264 [omNode-1@group-523986131536-LeaderElection15] INFO  server.RaftServerConfigKeys (ConfUtils.java:logGet(44)) - raft.server.log.appender.snapshot.chunk.size.max = 16MB (=16777216) (default)
2021-06-06 13:57:11,264 [omNode-1@group-523986131536-LeaderElection15] INFO  server.RaftServerConfigKeys (ConfUtils.java:logGet(44)) - raft.server.log.appender.buffer.byte-limit = 33554432 (custom)
2021-06-06 13:57:11,264 [omNode-1@group-523986131536-LeaderElection15] INFO  server.RaftServerConfigKeys (ConfUtils.java:logGet(44)) - raft.server.log.appender.buffer.element-limit = 1024 (custom)
2021-06-06 13:57:11,264 [omNode-1@group-523986131536-LeaderElection15] INFO  grpc.GrpcConfigKeys (ConfUtils.java:logGet(44)) - raft.grpc.server.leader.outstanding.appends.max = 128 (default)
2021-06-06 13:57:11,264 [omNode-1@group-523986131536-LeaderElection15] INFO  server.RaftServerConfigKeys (ConfUtils.java:logGet(44)) - raft.server.rpc.request.timeout = 3000ms (default)
2021-06-06 13:57:11,264 [omNode-1@group-523986131536-LeaderElection15] INFO  server.RaftServerConfigKeys (ConfUtils.java:logGet(44)) - raft.server.log.appender.install.snapshot.enabled = false (custom)
2021-06-06 13:57:11,264 [omNode-1@group-523986131536-LeaderElection15] INFO  metrics.RatisMetrics (RatisMetrics.java:lambda$create$0(36)) - Creating Metrics Registry : ratis_grpc.log_appender.omNode-1@group-523986131536
2021-06-06 13:57:11,265 [omNode-1@group-523986131536-LeaderElection15] INFO  server.RaftServerConfigKeys (ConfUtils.java:logGet(44)) - raft.server.log.appender.snapshot.chunk.size.max = 16MB (=16777216) (default)
2021-06-06 13:57:11,265 [omNode-1@group-523986131536-LeaderElection15] INFO  server.RaftServerConfigKeys (ConfUtils.java:logGet(44)) - raft.server.log.appender.buffer.byte-limit = 33554432 (custom)
2021-06-06 13:57:11,265 [omNode-1@group-523986131536-LeaderElection15] INFO  server.RaftServerConfigKeys (ConfUtils.java:logGet(44)) - raft.server.log.appender.buffer.element-limit = 1024 (custom)
2021-06-06 13:57:11,266 [omNode-1@group-523986131536-LeaderElection15] INFO  grpc.GrpcConfigKeys (ConfUtils.java:logGet(44)) - raft.grpc.server.leader.outstanding.appends.max = 128 (default)
2021-06-06 13:57:11,266 [omNode-1@group-523986131536-LeaderElection15] INFO  server.RaftServerConfigKeys (ConfUtils.java:logGet(44)) - raft.server.rpc.request.timeout = 3000ms (default)
2021-06-06 13:57:11,266 [omNode-1@group-523986131536-LeaderElection15] INFO  server.RaftServerConfigKeys (ConfUtils.java:logGet(44)) - raft.server.log.appender.install.snapshot.enabled = false (custom)
2021-06-06 13:57:11,266 [omNode-1@group-523986131536-LeaderElection15] INFO  impl.RoleInfo (RoleInfo.java:updateAndGet(130)) - omNode-1: start omNode-1@group-523986131536-LeaderStateImpl
2021-06-06 13:57:11,267 [omNode-1@group-523986131536-LeaderElection15] INFO  segmented.SegmentedRaftLogWorker (SegmentedRaftLogWorker.java:startLogSegment(394)) - omNode-1@group-523986131536-SegmentedRaftLogWorker: Starting segment from index:0
2021-06-06 13:57:11,271 [grpc-default-executor-1] INFO  server.RaftServer$Division (RaftServerImpl.java:requestVote(1042)) - omNode-2@group-523986131536: receive requestVote(ELECTION, omNode-1, group-523986131536, 1, (t:0, i:~))
2021-06-06 13:57:11,271 [grpc-default-executor-1] INFO  impl.VoteContext (VoteContext.java:log(48)) - omNode-2@group-523986131536-FOLLOWER: accept ELECTION from omNode-1: our priority 0 <= candidate's priority 0
2021-06-06 13:57:11,271 [grpc-default-executor-1] INFO  server.RaftServer$Division (RaftServerImpl.java:setRole(284)) - omNode-2@group-523986131536: changes role from  FOLLOWER to FOLLOWER at term 1 for candidate:omNode-1
2021-06-06 13:57:11,271 [grpc-default-executor-1] INFO  impl.RoleInfo (RoleInfo.java:shutdownFollowerState(108)) - omNode-2: shutdown omNode-2@group-523986131536-FollowerState
2021-06-06 13:57:11,272 [grpc-default-executor-1] INFO  impl.RoleInfo (RoleInfo.java:updateAndGet(130)) - omNode-2: start omNode-2@group-523986131536-FollowerState
2021-06-06 13:57:11,272 [omNode-2@group-523986131536-FollowerState] INFO  impl.FollowerState (FollowerState.java:run(143)) - omNode-2@group-523986131536-FollowerState was interrupted: {}
java.lang.InterruptedException: sleep interrupted
	at java.lang.Thread.sleep(Native Method)
	at java.lang.Thread.sleep(Thread.java:340)
	at java.util.concurrent.TimeUnit.sleep(TimeUnit.java:386)
	at org.apache.ratis.util.TimeDuration.sleep(TimeDuration.java:324)
	at org.apache.ratis.util.TimeDuration.sleep(TimeDuration.java:309)
	at org.apache.ratis.server.impl.FollowerState.run(FollowerState.java:118)
2021-06-06 13:57:11,282 [omNode-1@group-523986131536-SegmentedRaftLogWorker] INFO  segmented.SegmentedRaftLogWorker (SegmentedRaftLogWorker.java:execute(601)) - omNode-1@group-523986131536-SegmentedRaftLogWorker: created new log segment /home/runner/work/ozone/ozone/mnt/ozone/hadoop-ozone/integration-test/target/test-dir/MiniOzoneClusterImpl-498e09b4-d42e-43c3-9d7c-b3000502db30/omNode-1/ratis/c9bc4cf4-3bc3-3c60-a66b-523986131536/current/log_inprogress_0
2021-06-06 13:57:11,282 [omNode-1@group-523986131536-LeaderElection15] INFO  server.RaftServer$Division (ServerState.java:setRaftConf(373)) - omNode-1@group-523986131536: set configuration 0: [omNode-3|rpc:localhost:11448|admin:|client:|dataStream:|priority:0, omNode-1|rpc:localhost:11436|admin:|client:|dataStream:|priority:0, omNode-2|rpc:localhost:11442|admin:|client:|dataStream:|priority:0], old=null
2021-06-06 13:57:11,282 [grpc-default-executor-0] INFO  server.RaftServer$Division (ServerState.java:setLeader(271)) - omNode-3@group-523986131536: change Leader from null to omNode-1 at term 1 for appendEntries, leader elected after 817ms
2021-06-06 13:57:11,283 [grpc-default-executor-1] INFO  server.RaftServer$Division (RaftServerImpl.java:requestVote(1074)) - omNode-2@group-523986131536 replies to ELECTION vote request: omNode-1<-omNode-2#0:OK-t1. Peer's state: omNode-2@group-523986131536:t1, leader=null, voted=omNode-1, raftlog=omNode-2@group-523986131536-SegmentedRaftLog:OPENED:c-1,f-1,i0, conf=-1: [omNode-3|rpc:localhost:11448|priority:0, omNode-1|rpc:localhost:11436|priority:0, omNode-2|rpc:localhost:11442|priority:0], old=null
2021-06-06 13:57:11,293 [grpc-default-executor-1] INFO  server.RaftServer$Division (ServerState.java:setLeader(271)) - omNode-2@group-523986131536: change Leader from null to omNode-1 at term 1 for appendEntries, leader elected after 975ms
2021-06-06 13:57:11,300 [grpc-default-executor-0] INFO  server.RaftServer$Division (ServerState.java:setRaftConf(373)) - omNode-2@group-523986131536: set configuration 0: [omNode-3|rpc:localhost:11448|admin:|client:|dataStream:|priority:0, omNode-1|rpc:localhost:11436|admin:|client:|dataStream:|priority:0, omNode-2|rpc:localhost:11442|admin:|client:|dataStream:|priority:0], old=null
2021-06-06 13:57:11,300 [grpc-default-executor-0] INFO  segmented.SegmentedRaftLogWorker (SegmentedRaftLogWorker.java:startLogSegment(394)) - omNode-2@group-523986131536-SegmentedRaftLogWorker: Starting segment from index:0
2021-06-06 13:57:11,301 [grpc-default-executor-1] INFO  server.RaftServer$Division (ServerState.java:setRaftConf(373)) - omNode-3@group-523986131536: set configuration 0: [omNode-3|rpc:localhost:11448|admin:|client:|dataStream:|priority:0, omNode-1|rpc:localhost:11436|admin:|client:|dataStream:|priority:0, omNode-2|rpc:localhost:11442|admin:|client:|dataStream:|priority:0], old=null
2021-06-06 13:57:11,301 [grpc-default-executor-1] INFO  segmented.SegmentedRaftLogWorker (SegmentedRaftLogWorker.java:startLogSegment(394)) - omNode-3@group-523986131536-SegmentedRaftLogWorker: Starting segment from index:0
2021-06-06 13:57:11,313 [omNode-3@group-523986131536-SegmentedRaftLogWorker] INFO  segmented.SegmentedRaftLogWorker (SegmentedRaftLogWorker.java:execute(601)) - omNode-3@group-523986131536-SegmentedRaftLogWorker: created new log segment /home/runner/work/ozone/ozone/mnt/ozone/hadoop-ozone/integration-test/target/test-dir/MiniOzoneClusterImpl-498e09b4-d42e-43c3-9d7c-b3000502db30/omNode-3/ratis/c9bc4cf4-3bc3-3c60-a66b-523986131536/current/log_inprogress_0
2021-06-06 13:57:11,313 [omNode-2@group-523986131536-SegmentedRaftLogWorker] INFO  segmented.SegmentedRaftLogWorker (SegmentedRaftLogWorker.java:execute(601)) - omNode-2@group-523986131536-SegmentedRaftLogWorker: created new log segment /home/runner/work/ozone/ozone/mnt/ozone/hadoop-ozone/integration-test/target/test-dir/MiniOzoneClusterImpl-498e09b4-d42e-43c3-9d7c-b3000502db30/omNode-2/ratis/c9bc4cf4-3bc3-3c60-a66b-523986131536/current/log_inprogress_0
2021-06-06 13:57:11,878 [Listener at 127.0.0.1/11444] INFO  ozone.MiniOzoneClusterImpl (MiniOzoneClusterImpl.java:lambda$waitForClusterToBeReady$0(224)) - Waiting for nodes to be ready. Got 0 of 3 DN Heartbeats.
2021-06-06 13:57:11,878 [Listener at 127.0.0.1/11444] INFO  ozone.MiniOzoneClusterImpl (MiniOzoneClusterImpl.java:lambda$waitForClusterToBeReady$0(227)) - Waiting for cluster to exit safe mode
2021-06-06 13:57:11,878 [Listener at 127.0.0.1/11444] INFO  ozone.MiniOzoneClusterImpl (MiniOzoneClusterImpl.java:lambda$waitForClusterToBeReady$0(230)) - SCM became leader
2021-06-06 13:57:12,094 [EndpointStateMachine task thread for /0.0.0.0:35111 - 0 ] INFO  ipc.Client (Client.java:handleConnectionFailure(966)) - Retrying connect to server: 0.0.0.0/0.0.0.0:35111. Already tried 11 time(s); retry policy is RetryUpToMaximumCountWithFixedSleep(maxRetries=15, sleepTime=1000 MILLISECONDS)
2021-06-06 13:57:12,656 [EndpointStateMachine task thread for /0.0.0.0:35799 - 0 ] INFO  ozoneimpl.OzoneContainer (OzoneContainer.java:start(295)) - Attempting to start container services.
2021-06-06 13:57:12,656 [EndpointStateMachine task thread for /0.0.0.0:35799 - 0 ] INFO  ozoneimpl.OzoneContainer (OzoneContainer.java:startContainerScrub(241)) - Background container scanner has been disabled.
2021-06-06 13:57:12,657 [EndpointStateMachine task thread for /0.0.0.0:35799 - 0 ] INFO  replication.ReplicationServer (ReplicationServer.java:start(106)) - ReplicationServer is started using port 42995
2021-06-06 13:57:12,658 [EndpointStateMachine task thread for /0.0.0.0:35799 - 0 ] INFO  ratis.XceiverServerRatis (XceiverServerRatis.java:start(490)) - Starting XceiverServerRatis f60ce0a5-af9c-4134-abee-27c495795ec5
2021-06-06 13:57:12,658 [EndpointStateMachine task thread for /0.0.0.0:35799 - 0 ] INFO  server.RaftServer (RaftServerProxy.java:lambda$start$5(374)) - f60ce0a5-af9c-4134-abee-27c495795ec5: start RPC server
2021-06-06 13:57:12,658 [EndpointStateMachine task thread for /0.0.0.0:35799 - 0 ] INFO  server.GrpcService (GrpcService.java:startImpl(253)) - f60ce0a5-af9c-4134-abee-27c495795ec5: GrpcService started, listening on 33789
2021-06-06 13:57:12,659 [EndpointStateMachine task thread for /0.0.0.0:35799 - 0 ] INFO  ratis.XceiverServerRatis (XceiverServerRatis.java:getRealPort(511)) - XceiverServerRatis f60ce0a5-af9c-4134-abee-27c495795ec5 is started using port 33789 for RATIS
2021-06-06 13:57:12,659 [org.apache.ratis.util.JvmPauseMonitor$$Lambda$515/1703627717@3112683a] INFO  util.JvmPauseMonitor (JvmPauseMonitor.java:run(103)) - JvmPauseMonitor-f60ce0a5-af9c-4134-abee-27c495795ec5: Started
2021-06-06 13:57:12,659 [EndpointStateMachine task thread for /0.0.0.0:35799 - 0 ] INFO  ratis.XceiverServerRatis (XceiverServerRatis.java:getRealPort(511)) - XceiverServerRatis f60ce0a5-af9c-4134-abee-27c495795ec5 is started using port 33789 for RATIS_ADMIN
2021-06-06 13:57:12,659 [EndpointStateMachine task thread for /0.0.0.0:35799 - 0 ] INFO  ratis.XceiverServerRatis (XceiverServerRatis.java:getRealPort(511)) - XceiverServerRatis f60ce0a5-af9c-4134-abee-27c495795ec5 is started using port 33789 for RATIS_SERVER
2021-06-06 13:57:12,659 [EndpointStateMachine task thread for /0.0.0.0:35799 - 0 ] INFO  server.XceiverServerGrpc (XceiverServerGrpc.java:start(135)) - XceiverServerGrpc f60ce0a5-af9c-4134-abee-27c495795ec5 is started using port 38369
2021-06-06 13:57:12,785 [EndpointStateMachine task thread for /0.0.0.0:35799 - 0 ] INFO  ozoneimpl.OzoneContainer (OzoneContainer.java:start(295)) - Attempting to start container services.
2021-06-06 13:57:12,785 [EndpointStateMachine task thread for /0.0.0.0:35799 - 0 ] INFO  ozoneimpl.OzoneContainer (OzoneContainer.java:startContainerScrub(241)) - Background container scanner has been disabled.
2021-06-06 13:57:12,788 [EndpointStateMachine task thread for /0.0.0.0:35799 - 0 ] INFO  replication.ReplicationServer (ReplicationServer.java:start(106)) - ReplicationServer is started using port 42661
2021-06-06 13:57:12,789 [EndpointStateMachine task thread for /0.0.0.0:35799 - 0 ] INFO  ratis.XceiverServerRatis (XceiverServerRatis.java:start(490)) - Starting XceiverServerRatis 4f861c42-39d3-4f63-85a9-51f112b48038
2021-06-06 13:57:12,791 [EndpointStateMachine task thread for /0.0.0.0:35799 - 0 ] INFO  server.RaftServer (RaftServerProxy.java:lambda$start$5(374)) - 4f861c42-39d3-4f63-85a9-51f112b48038: start RPC server
2021-06-06 13:57:12,792 [EndpointStateMachine task thread for /0.0.0.0:35799 - 0 ] INFO  server.GrpcService (GrpcService.java:startImpl(253)) - 4f861c42-39d3-4f63-85a9-51f112b48038: GrpcService started, listening on 43869
2021-06-06 13:57:12,792 [EndpointStateMachine task thread for /0.0.0.0:35799 - 0 ] INFO  ratis.XceiverServerRatis (XceiverServerRatis.java:getRealPort(511)) - XceiverServerRatis 4f861c42-39d3-4f63-85a9-51f112b48038 is started using port 43869 for RATIS
2021-06-06 13:57:12,792 [EndpointStateMachine task thread for /0.0.0.0:35799 - 0 ] INFO  ratis.XceiverServerRatis (XceiverServerRatis.java:getRealPort(511)) - XceiverServerRatis 4f861c42-39d3-4f63-85a9-51f112b48038 is started using port 43869 for RATIS_ADMIN
2021-06-06 13:57:12,792 [org.apache.ratis.util.JvmPauseMonitor$$Lambda$515/1703627717@79b7a9e7] INFO  util.JvmPauseMonitor (JvmPauseMonitor.java:run(103)) - JvmPauseMonitor-4f861c42-39d3-4f63-85a9-51f112b48038: Started
2021-06-06 13:57:12,792 [EndpointStateMachine task thread for /0.0.0.0:35799 - 0 ] INFO  ratis.XceiverServerRatis (XceiverServerRatis.java:getRealPort(511)) - XceiverServerRatis 4f861c42-39d3-4f63-85a9-51f112b48038 is started using port 43869 for RATIS_SERVER
2021-06-06 13:57:12,792 [EndpointStateMachine task thread for /0.0.0.0:35799 - 0 ] INFO  server.XceiverServerGrpc (XceiverServerGrpc.java:start(135)) - XceiverServerGrpc 4f861c42-39d3-4f63-85a9-51f112b48038 is started using port 45033
2021-06-06 13:57:12,879 [Listener at 127.0.0.1/11444] INFO  ozone.MiniOzoneClusterImpl (MiniOzoneClusterImpl.java:lambda$waitForClusterToBeReady$0(224)) - Waiting for nodes to be ready. Got 0 of 3 DN Heartbeats.
2021-06-06 13:57:12,879 [Listener at 127.0.0.1/11444] INFO  ozone.MiniOzoneClusterImpl (MiniOzoneClusterImpl.java:lambda$waitForClusterToBeReady$0(227)) - Waiting for cluster to exit safe mode
2021-06-06 13:57:12,879 [Listener at 127.0.0.1/11444] INFO  ozone.MiniOzoneClusterImpl (MiniOzoneClusterImpl.java:lambda$waitForClusterToBeReady$0(230)) - SCM became leader
2021-06-06 13:57:12,887 [EndpointStateMachine task thread for /0.0.0.0:35799 - 0 ] INFO  ozoneimpl.OzoneContainer (OzoneContainer.java:start(295)) - Attempting to start container services.
2021-06-06 13:57:12,887 [EndpointStateMachine task thread for /0.0.0.0:35799 - 0 ] INFO  ozoneimpl.OzoneContainer (OzoneContainer.java:startContainerScrub(241)) - Background container scanner has been disabled.
2021-06-06 13:57:12,888 [EndpointStateMachine task thread for /0.0.0.0:35799 - 0 ] INFO  replication.ReplicationServer (ReplicationServer.java:start(106)) - ReplicationServer is started using port 36813
2021-06-06 13:57:12,889 [EndpointStateMachine task thread for /0.0.0.0:35799 - 0 ] INFO  ratis.XceiverServerRatis (XceiverServerRatis.java:start(490)) - Starting XceiverServerRatis 0df3d903-2160-49f6-b3f1-a0b58e05c8a8
2021-06-06 13:57:12,891 [EndpointStateMachine task thread for /0.0.0.0:35799 - 0 ] INFO  server.RaftServer (RaftServerProxy.java:lambda$start$5(374)) - 0df3d903-2160-49f6-b3f1-a0b58e05c8a8: start RPC server
2021-06-06 13:57:12,893 [EndpointStateMachine task thread for /0.0.0.0:35799 - 0 ] INFO  server.GrpcService (GrpcService.java:startImpl(253)) - 0df3d903-2160-49f6-b3f1-a0b58e05c8a8: GrpcService started, listening on 38015
2021-06-06 13:57:12,896 [EndpointStateMachine task thread for /0.0.0.0:35799 - 0 ] INFO  ratis.XceiverServerRatis (XceiverServerRatis.java:getRealPort(511)) - XceiverServerRatis 0df3d903-2160-49f6-b3f1-a0b58e05c8a8 is started using port 38015 for RATIS
2021-06-06 13:57:12,896 [org.apache.ratis.util.JvmPauseMonitor$$Lambda$515/1703627717@74a770f8] INFO  util.JvmPauseMonitor (JvmPauseMonitor.java:run(103)) - JvmPauseMonitor-0df3d903-2160-49f6-b3f1-a0b58e05c8a8: Started
2021-06-06 13:57:12,896 [EndpointStateMachine task thread for /0.0.0.0:35799 - 0 ] INFO  ratis.XceiverServerRatis (XceiverServerRatis.java:getRealPort(511)) - XceiverServerRatis 0df3d903-2160-49f6-b3f1-a0b58e05c8a8 is started using port 38015 for RATIS_ADMIN
2021-06-06 13:57:12,896 [EndpointStateMachine task thread for /0.0.0.0:35799 - 0 ] INFO  ratis.XceiverServerRatis (XceiverServerRatis.java:getRealPort(511)) - XceiverServerRatis 0df3d903-2160-49f6-b3f1-a0b58e05c8a8 is started using port 38015 for RATIS_SERVER
2021-06-06 13:57:12,897 [EndpointStateMachine task thread for /0.0.0.0:35799 - 0 ] INFO  server.XceiverServerGrpc (XceiverServerGrpc.java:start(135)) - XceiverServerGrpc 0df3d903-2160-49f6-b3f1-a0b58e05c8a8 is started using port 37405
2021-06-06 13:57:13,095 [EndpointStateMachine task thread for /0.0.0.0:35111 - 0 ] INFO  ipc.Client (Client.java:handleConnectionFailure(966)) - Retrying connect to server: 0.0.0.0/0.0.0.0:35111. Already tried 12 time(s); retry policy is RetryUpToMaximumCountWithFixedSleep(maxRetries=15, sleepTime=1000 MILLISECONDS)
2021-06-06 13:57:13,879 [Listener at 127.0.0.1/11444] INFO  ozone.MiniOzoneClusterImpl (MiniOzoneClusterImpl.java:lambda$waitForClusterToBeReady$0(224)) - Waiting for nodes to be ready. Got 0 of 3 DN Heartbeats.
2021-06-06 13:57:13,880 [Listener at 127.0.0.1/11444] INFO  ozone.MiniOzoneClusterImpl (MiniOzoneClusterImpl.java:lambda$waitForClusterToBeReady$0(227)) - Waiting for cluster to exit safe mode
2021-06-06 13:57:13,880 [Listener at 127.0.0.1/11444] INFO  ozone.MiniOzoneClusterImpl (MiniOzoneClusterImpl.java:lambda$waitForClusterToBeReady$0(230)) - SCM became leader
2021-06-06 13:57:14,096 [EndpointStateMachine task thread for /0.0.0.0:35111 - 0 ] INFO  ipc.Client (Client.java:handleConnectionFailure(966)) - Retrying connect to server: 0.0.0.0/0.0.0.0:35111. Already tried 13 time(s); retry policy is RetryUpToMaximumCountWithFixedSleep(maxRetries=15, sleepTime=1000 MILLISECONDS)
2021-06-06 13:57:14,651 [IPC Server handler 0 on default port 35799] INFO  net.NetworkTopologyImpl (NetworkTopologyImpl.java:add(112)) - Added a new node: /default-rack/f60ce0a5-af9c-4134-abee-27c495795ec5
2021-06-06 13:57:14,652 [IPC Server handler 0 on default port 35799] INFO  node.SCMNodeManager (SCMNodeManager.java:register(348)) - Registered Data node : f60ce0a5-af9c-4134-abee-27c495795ec5{ip: 10.1.0.37, host: fv-az148-587.bm4ck3pvxvsene1rjriu5fhcdb.bx.internal.cloudapp.net, ports: [REPLICATION=42995, RATIS=33789, RATIS_ADMIN=33789, RATIS_SERVER=33789, STANDALONE=38369], networkLocation: /default-rack, certSerialId: null, persistedOpState: null, persistedOpStateExpiryEpochSec: 0}
2021-06-06 13:57:14,653 [EventQueue-NodeRegistrationContainerReportForContainerSafeModeRule] INFO  safemode.SCMSafeModeManager (SCMSafeModeManager.java:validateSafeModeExitRules(201)) - ContainerSafeModeRule rule is successfully validated
2021-06-06 13:57:14,653 [EventQueue-NodeRegistrationContainerReportForDataNodeSafeModeRule] INFO  safemode.SCMSafeModeManager (DataNodeSafeModeRule.java:process(71)) - SCM in safe mode. 1 DataNodes registered, 1 required.
2021-06-06 13:57:14,660 [EventQueue-NodeRegistrationContainerReportForDataNodeSafeModeRule] INFO  safemode.SCMSafeModeManager (SCMSafeModeManager.java:validateSafeModeExitRules(201)) - DataNodeSafeModeRule rule is successfully validated
2021-06-06 13:57:14,660 [EventQueue-NewNodeForNewNodeHandler] INFO  pipeline.BackgroundPipelineCreator (BackgroundPipelineCreatorV2.java:notifyEventTriggered(282)) - trigger a one-shot run on RatisPipelineUtilsThread.
2021-06-06 13:57:14,661 [RatisPipelineUtilsThread - 0] INFO  pipeline.RatisPipelineProvider (RatisPipelineProvider.java:lambda$create$0(170)) - Sending CreatePipelineCommand for pipeline:PipelineID=354aefe5-a4c3-42fd-8cfc-08fbdb4e5f94 to datanode:f60ce0a5-af9c-4134-abee-27c495795ec5
2021-06-06 13:57:14,661 [EventQueue-NodeRegistrationContainerReportForDataNodeSafeModeRule] INFO  safemode.SCMSafeModeManager (SCMSafeModeManager.java:completePreCheck(229)) - All SCM safe mode pre check rules have passed
2021-06-06 13:57:14,661 [EventQueue-NodeRegistrationContainerReportForDataNodeSafeModeRule] WARN  events.EventQueue (EventQueue.java:fireEvent(185)) - No event handler registered for event TypedEvent{payloadType=SafeModeStatus, name='Safe mode status'}
2021-06-06 13:57:14,661 [EventQueue-NodeRegistrationContainerReportForDataNodeSafeModeRule] INFO  ha.SCMContext (SCMContext.java:updateSafeModeStatus(148)) - Update SafeModeStatus from SafeModeStatus{safeModeStatus=true, preCheckPassed=false} to SafeModeStatus{safeModeStatus=true, preCheckPassed=true}.
2021-06-06 13:57:14,661 [EventQueue-NodeRegistrationContainerReportForDataNodeSafeModeRule] INFO  pipeline.BackgroundPipelineCreator (BackgroundPipelineCreatorV2.java:notifyEventTriggered(282)) - trigger a one-shot run on RatisPipelineUtilsThread.
2021-06-06 13:57:14,662 [EventQueue-PipelineReportForOneReplicaPipelineSafeModeRule] INFO  safemode.SCMSafeModeManager (SCMSafeModeManager.java:validateSafeModeExitRules(201)) - AtleastOneDatanodeReportedRule rule is successfully validated
2021-06-06 13:57:14,662 [RatisPipelineUtilsThread - 0] INFO  pipeline.PipelineStateManager (PipelineStateManagerV2Impl.java:addPipeline(101)) - Created pipeline Pipeline[ Id: 354aefe5-a4c3-42fd-8cfc-08fbdb4e5f94, Nodes: f60ce0a5-af9c-4134-abee-27c495795ec5{ip: 10.1.0.37, host: fv-az148-587.bm4ck3pvxvsene1rjriu5fhcdb.bx.internal.cloudapp.net, ports: [REPLICATION=42995, RATIS=33789, RATIS_ADMIN=33789, RATIS_SERVER=33789, STANDALONE=38369], networkLocation: /default-rack, certSerialId: null, persistedOpState: IN_SERVICE, persistedOpStateExpiryEpochSec: 0}, ReplicationConfig: RATIS/ONE, State:ALLOCATED, leaderId:, CreationTimestamp2021-06-06T13:57:14.661Z].
2021-06-06 13:57:14,662 [RatisPipelineUtilsThread - 0] WARN  pipeline.PipelinePlacementPolicy (PipelinePlacementPolicy.java:filterViableNodes(151)) - Pipeline creation failed due to no sufficient healthy datanodes. Required 3. Found 1.
2021-06-06 13:57:14,781 [IPC Server handler 1 on default port 35799] INFO  net.NetworkTopologyImpl (NetworkTopologyImpl.java:add(112)) - Added a new node: /default-rack/4f861c42-39d3-4f63-85a9-51f112b48038
2021-06-06 13:57:14,782 [IPC Server handler 1 on default port 35799] INFO  node.SCMNodeManager (SCMNodeManager.java:register(348)) - Registered Data node : 4f861c42-39d3-4f63-85a9-51f112b48038{ip: 10.1.0.37, host: fv-az148-587.bm4ck3pvxvsene1rjriu5fhcdb.bx.internal.cloudapp.net, ports: [REPLICATION=42661, RATIS=43869, RATIS_ADMIN=43869, RATIS_SERVER=43869, STANDALONE=45033], networkLocation: /default-rack, certSerialId: null, persistedOpState: null, persistedOpStateExpiryEpochSec: 0}
2021-06-06 13:57:14,782 [EventQueue-NewNodeForNewNodeHandler] INFO  pipeline.BackgroundPipelineCreator (BackgroundPipelineCreatorV2.java:notifyEventTriggered(282)) - trigger a one-shot run on RatisPipelineUtilsThread.
2021-06-06 13:57:14,782 [EventQueue-NodeRegistrationContainerReportForContainerSafeModeRule] INFO  safemode.SCMSafeModeManager (SCMSafeModeManager.java:validateSafeModeExitRules(201)) - ContainerSafeModeRule rule is successfully validated
2021-06-06 13:57:14,782 [EventQueue-PipelineReportForOneReplicaPipelineSafeModeRule] INFO  safemode.SCMSafeModeManager (SCMSafeModeManager.java:validateSafeModeExitRules(201)) - AtleastOneDatanodeReportedRule rule is successfully validated
2021-06-06 13:57:14,782 [RatisPipelineUtilsThread - 0] INFO  pipeline.RatisPipelineProvider (RatisPipelineProvider.java:lambda$create$0(170)) - Sending CreatePipelineCommand for pipeline:PipelineID=b838fe8f-04e7-40d3-a92a-69731bd46a4b to datanode:4f861c42-39d3-4f63-85a9-51f112b48038
2021-06-06 13:57:14,783 [RatisPipelineUtilsThread - 0] INFO  pipeline.PipelineStateManager (PipelineStateManagerV2Impl.java:addPipeline(101)) - Created pipeline Pipeline[ Id: b838fe8f-04e7-40d3-a92a-69731bd46a4b, Nodes: 4f861c42-39d3-4f63-85a9-51f112b48038{ip: 10.1.0.37, host: fv-az148-587.bm4ck3pvxvsene1rjriu5fhcdb.bx.internal.cloudapp.net, ports: [REPLICATION=42661, RATIS=43869, RATIS_ADMIN=43869, RATIS_SERVER=43869, STANDALONE=45033], networkLocation: /default-rack, certSerialId: null, persistedOpState: IN_SERVICE, persistedOpStateExpiryEpochSec: 0}, ReplicationConfig: RATIS/ONE, State:ALLOCATED, leaderId:, CreationTimestamp2021-06-06T13:57:14.782Z].
2021-06-06 13:57:14,783 [RatisPipelineUtilsThread - 0] WARN  pipeline.PipelinePlacementPolicy (PipelinePlacementPolicy.java:filterViableNodes(151)) - Pipeline creation failed due to no sufficient healthy datanodes. Required 3. Found 2.
2021-06-06 13:57:14,783 [EventQueue-NodeRegistrationContainerReportForDataNodeSafeModeRule] INFO  safemode.SCMSafeModeManager (SCMSafeModeManager.java:validateSafeModeExitRules(201)) - DataNodeSafeModeRule rule is successfully validated
2021-06-06 13:57:14,880 [Listener at 127.0.0.1/11444] INFO  ozone.MiniOzoneClusterImpl (MiniOzoneClusterImpl.java:lambda$waitForClusterToBeReady$0(224)) - Waiting for nodes to be ready. Got 2 of 3 DN Heartbeats.
2021-06-06 13:57:14,880 [Listener at 127.0.0.1/11444] INFO  ozone.MiniOzoneClusterImpl (MiniOzoneClusterImpl.java:lambda$waitForClusterToBeReady$0(227)) - Waiting for cluster to exit safe mode
2021-06-06 13:57:14,880 [Listener at 127.0.0.1/11444] INFO  ozone.MiniOzoneClusterImpl (MiniOzoneClusterImpl.java:lambda$waitForClusterToBeReady$0(230)) - SCM became leader
2021-06-06 13:57:14,884 [IPC Server handler 2 on default port 35799] INFO  net.NetworkTopologyImpl (NetworkTopologyImpl.java:add(112)) - Added a new node: /default-rack/0df3d903-2160-49f6-b3f1-a0b58e05c8a8
2021-06-06 13:57:14,884 [IPC Server handler 2 on default port 35799] INFO  node.SCMNodeManager (SCMNodeManager.java:register(348)) - Registered Data node : 0df3d903-2160-49f6-b3f1-a0b58e05c8a8{ip: 10.1.0.37, host: fv-az148-587.bm4ck3pvxvsene1rjriu5fhcdb.bx.internal.cloudapp.net, ports: [REPLICATION=36813, RATIS=38015, RATIS_ADMIN=38015, RATIS_SERVER=38015, STANDALONE=37405], networkLocation: /default-rack, certSerialId: null, persistedOpState: null, persistedOpStateExpiryEpochSec: 0}
2021-06-06 13:57:14,884 [EventQueue-NewNodeForNewNodeHandler] INFO  pipeline.BackgroundPipelineCreator (BackgroundPipelineCreatorV2.java:notifyEventTriggered(282)) - trigger a one-shot run on RatisPipelineUtilsThread.
2021-06-06 13:57:14,884 [EventQueue-NodeRegistrationContainerReportForContainerSafeModeRule] INFO  safemode.SCMSafeModeManager (SCMSafeModeManager.java:validateSafeModeExitRules(201)) - ContainerSafeModeRule rule is successfully validated
2021-06-06 13:57:14,884 [RatisPipelineUtilsThread - 0] INFO  pipeline.RatisPipelineProvider (RatisPipelineProvider.java:lambda$create$0(170)) - Sending CreatePipelineCommand for pipeline:PipelineID=7ef2b6a9-ca9e-4708-b745-4b6324d71ec0 to datanode:0df3d903-2160-49f6-b3f1-a0b58e05c8a8
2021-06-06 13:57:14,885 [EventQueue-PipelineReportForOneReplicaPipelineSafeModeRule] INFO  safemode.SCMSafeModeManager (SCMSafeModeManager.java:validateSafeModeExitRules(201)) - AtleastOneDatanodeReportedRule rule is successfully validated
2021-06-06 13:57:14,885 [EventQueue-NodeRegistrationContainerReportForDataNodeSafeModeRule] INFO  safemode.SCMSafeModeManager (SCMSafeModeManager.java:validateSafeModeExitRules(201)) - DataNodeSafeModeRule rule is successfully validated
2021-06-06 13:57:14,885 [RatisPipelineUtilsThread - 0] INFO  pipeline.PipelineStateManager (PipelineStateManagerV2Impl.java:addPipeline(101)) - Created pipeline Pipeline[ Id: 7ef2b6a9-ca9e-4708-b745-4b6324d71ec0, Nodes: 0df3d903-2160-49f6-b3f1-a0b58e05c8a8{ip: 10.1.0.37, host: fv-az148-587.bm4ck3pvxvsene1rjriu5fhcdb.bx.internal.cloudapp.net, ports: [REPLICATION=36813, RATIS=38015, RATIS_ADMIN=38015, RATIS_SERVER=38015, STANDALONE=37405], networkLocation: /default-rack, certSerialId: null, persistedOpState: IN_SERVICE, persistedOpStateExpiryEpochSec: 0}, ReplicationConfig: RATIS/ONE, State:ALLOCATED, leaderId:, CreationTimestamp2021-06-06T13:57:14.884Z].
2021-06-06 13:57:14,885 [RatisPipelineUtilsThread - 0] INFO  pipeline.RatisPipelineProvider (RatisPipelineProvider.java:lambda$create$0(170)) - Sending CreatePipelineCommand for pipeline:PipelineID=12fbcb27-0b97-42a7-82ca-b9655ebf1251 to datanode:4f861c42-39d3-4f63-85a9-51f112b48038
2021-06-06 13:57:14,886 [RatisPipelineUtilsThread - 0] INFO  pipeline.RatisPipelineProvider (RatisPipelineProvider.java:lambda$create$0(170)) - Sending CreatePipelineCommand for pipeline:PipelineID=12fbcb27-0b97-42a7-82ca-b9655ebf1251 to datanode:f60ce0a5-af9c-4134-abee-27c495795ec5
2021-06-06 13:57:14,886 [RatisPipelineUtilsThread - 0] INFO  pipeline.RatisPipelineProvider (RatisPipelineProvider.java:lambda$create$0(170)) - Sending CreatePipelineCommand for pipeline:PipelineID=12fbcb27-0b97-42a7-82ca-b9655ebf1251 to datanode:0df3d903-2160-49f6-b3f1-a0b58e05c8a8
2021-06-06 13:57:14,886 [RatisPipelineUtilsThread - 0] INFO  pipeline.PipelineStateManager (PipelineStateManagerV2Impl.java:addPipeline(101)) - Created pipeline Pipeline[ Id: 12fbcb27-0b97-42a7-82ca-b9655ebf1251, Nodes: 4f861c42-39d3-4f63-85a9-51f112b48038{ip: 10.1.0.37, host: fv-az148-587.bm4ck3pvxvsene1rjriu5fhcdb.bx.internal.cloudapp.net, ports: [REPLICATION=42661, RATIS=43869, RATIS_ADMIN=43869, RATIS_SERVER=43869, STANDALONE=45033], networkLocation: /default-rack, certSerialId: null, persistedOpState: IN_SERVICE, persistedOpStateExpiryEpochSec: 0}f60ce0a5-af9c-4134-abee-27c495795ec5{ip: 10.1.0.37, host: fv-az148-587.bm4ck3pvxvsene1rjriu5fhcdb.bx.internal.cloudapp.net, ports: [REPLICATION=42995, RATIS=33789, RATIS_ADMIN=33789, RATIS_SERVER=33789, STANDALONE=38369], networkLocation: /default-rack, certSerialId: null, persistedOpState: IN_SERVICE, persistedOpStateExpiryEpochSec: 0}0df3d903-2160-49f6-b3f1-a0b58e05c8a8{ip: 10.1.0.37, host: fv-az148-587.bm4ck3pvxvsene1rjriu5fhcdb.bx.internal.cloudapp.net, ports: [REPLICATION=36813, RATIS=38015, RATIS_ADMIN=38015, RATIS_SERVER=38015, STANDALONE=37405], networkLocation: /default-rack, certSerialId: null, persistedOpState: IN_SERVICE, persistedOpStateExpiryEpochSec: 0}, ReplicationConfig: RATIS/THREE, State:ALLOCATED, leaderId:, CreationTimestamp2021-06-06T13:57:14.885Z].
2021-06-06 13:57:14,887 [RatisPipelineUtilsThread - 0] INFO  pipeline.RatisPipelineProvider (RatisPipelineProvider.java:lambda$create$0(170)) - Sending CreatePipelineCommand for pipeline:PipelineID=a552dffb-5387-4cef-9ba5-8c6a9ecf6a76 to datanode:4f861c42-39d3-4f63-85a9-51f112b48038
2021-06-06 13:57:14,887 [RatisPipelineUtilsThread - 0] INFO  pipeline.RatisPipelineProvider (RatisPipelineProvider.java:lambda$create$0(170)) - Sending CreatePipelineCommand for pipeline:PipelineID=a552dffb-5387-4cef-9ba5-8c6a9ecf6a76 to datanode:f60ce0a5-af9c-4134-abee-27c495795ec5
2021-06-06 13:57:14,887 [RatisPipelineUtilsThread - 0] INFO  pipeline.RatisPipelineProvider (RatisPipelineProvider.java:lambda$create$0(170)) - Sending CreatePipelineCommand for pipeline:PipelineID=a552dffb-5387-4cef-9ba5-8c6a9ecf6a76 to datanode:0df3d903-2160-49f6-b3f1-a0b58e05c8a8
2021-06-06 13:57:14,888 [RatisPipelineUtilsThread - 0] INFO  pipeline.PipelineStateManager (PipelineStateManagerV2Impl.java:addPipeline(101)) - Created pipeline Pipeline[ Id: a552dffb-5387-4cef-9ba5-8c6a9ecf6a76, Nodes: 4f861c42-39d3-4f63-85a9-51f112b48038{ip: 10.1.0.37, host: fv-az148-587.bm4ck3pvxvsene1rjriu5fhcdb.bx.internal.cloudapp.net, ports: [REPLICATION=42661, RATIS=43869, RATIS_ADMIN=43869, RATIS_SERVER=43869, STANDALONE=45033], networkLocation: /default-rack, certSerialId: null, persistedOpState: IN_SERVICE, persistedOpStateExpiryEpochSec: 0}f60ce0a5-af9c-4134-abee-27c495795ec5{ip: 10.1.0.37, host: fv-az148-587.bm4ck3pvxvsene1rjriu5fhcdb.bx.internal.cloudapp.net, ports: [REPLICATION=42995, RATIS=33789, RATIS_ADMIN=33789, RATIS_SERVER=33789, STANDALONE=38369], networkLocation: /default-rack, certSerialId: null, persistedOpState: IN_SERVICE, persistedOpStateExpiryEpochSec: 0}0df3d903-2160-49f6-b3f1-a0b58e05c8a8{ip: 10.1.0.37, host: fv-az148-587.bm4ck3pvxvsene1rjriu5fhcdb.bx.internal.cloudapp.net, ports: [REPLICATION=36813, RATIS=38015, RATIS_ADMIN=38015, RATIS_SERVER=38015, STANDALONE=37405], networkLocation: /default-rack, certSerialId: null, persistedOpState: IN_SERVICE, persistedOpStateExpiryEpochSec: 0}, ReplicationConfig: RATIS/THREE, State:ALLOCATED, leaderId:, CreationTimestamp2021-06-06T13:57:14.887Z].
2021-06-06 13:57:14,888 [RatisPipelineUtilsThread - 0] INFO  pipeline.PipelineManagerV2Impl (PipelineManagerV2Impl.java:recordMetricsForPipeline(589)) - Pipeline: PipelineID=a552dffb-5387-4cef-9ba5-8c6a9ecf6a76 contains same datanodes as previous pipelines: PipelineID=12fbcb27-0b97-42a7-82ca-b9655ebf1251 nodeIds: 4f861c42-39d3-4f63-85a9-51f112b48038, f60ce0a5-af9c-4134-abee-27c495795ec5, 0df3d903-2160-49f6-b3f1-a0b58e05c8a8
2021-06-06 13:57:15,096 [EndpointStateMachine task thread for /0.0.0.0:35111 - 0 ] INFO  ipc.Client (Client.java:handleConnectionFailure(966)) - Retrying connect to server: 0.0.0.0/0.0.0.0:35111. Already tried 14 time(s); retry policy is RetryUpToMaximumCountWithFixedSleep(maxRetries=15, sleepTime=1000 MILLISECONDS)
2021-06-06 13:57:15,098 [EndpointStateMachine task thread for /0.0.0.0:35111 - 0 ] WARN  statemachine.EndpointStateMachine (EndpointStateMachine.java:logIfNeeded(236)) - Unable to communicate to SCM server at 0.0.0.0:35111 for past 0 seconds.
java.net.ConnectException: Your endpoint configuration is wrong; For more details see:  http://wiki.apache.org/hadoop/UnsetHostnameOrPort
	at sun.reflect.NativeConstructorAccessorImpl.newInstance0(Native Method)
	at sun.reflect.NativeConstructorAccessorImpl.newInstance(NativeConstructorAccessorImpl.java:62)
	at sun.reflect.DelegatingConstructorAccessorImpl.newInstance(DelegatingConstructorAccessorImpl.java:45)
	at java.lang.reflect.Constructor.newInstance(Constructor.java:423)
	at org.apache.hadoop.net.NetUtils.wrapWithMessage(NetUtils.java:836)
	at org.apache.hadoop.net.NetUtils.wrapException(NetUtils.java:756)
	at org.apache.hadoop.ipc.Client.getRpcResponse(Client.java:1566)
	at org.apache.hadoop.ipc.Client.call(Client.java:1508)
	at org.apache.hadoop.ipc.Client.call(Client.java:1405)
	at org.apache.hadoop.ipc.ProtobufRpcEngine$Invoker.invoke(ProtobufRpcEngine.java:233)
	at org.apache.hadoop.ipc.ProtobufRpcEngine$Invoker.invoke(ProtobufRpcEngine.java:118)
	at com.sun.proxy.$Proxy46.submitRequest(Unknown Source)
	at org.apache.hadoop.ozone.protocolPB.StorageContainerDatanodeProtocolClientSideTranslatorPB.submitRequest(StorageContainerDatanodeProtocolClientSideTranslatorPB.java:117)
	at org.apache.hadoop.ozone.protocolPB.StorageContainerDatanodeProtocolClientSideTranslatorPB.sendHeartbeat(StorageContainerDatanodeProtocolClientSideTranslatorPB.java:149)
	at org.apache.hadoop.ozone.container.common.states.endpoint.HeartbeatEndpointTask.call(HeartbeatEndpointTask.java:146)
	at org.apache.hadoop.ozone.container.common.states.endpoint.HeartbeatEndpointTask.call(HeartbeatEndpointTask.java:77)
	at java.util.concurrent.FutureTask.run(FutureTask.java:266)
	at java.util.concurrent.ThreadPoolExecutor.runWorker(ThreadPoolExecutor.java:1149)
	at java.util.concurrent.ThreadPoolExecutor$Worker.run(ThreadPoolExecutor.java:624)
	at java.lang.Thread.run(Thread.java:748)
Caused by: java.net.ConnectException: Connection refused
	at sun.nio.ch.SocketChannelImpl.checkConnect(Native Method)
	at sun.nio.ch.SocketChannelImpl.finishConnect(SocketChannelImpl.java:716)
	at org.apache.hadoop.net.SocketIOWithTimeout.connect(SocketIOWithTimeout.java:206)
	at org.apache.hadoop.net.NetUtils.connect(NetUtils.java:534)
	at org.apache.hadoop.ipc.Client$Connection.setupConnection(Client.java:699)
	at org.apache.hadoop.ipc.Client$Connection.setupIOstreams(Client.java:812)
	at org.apache.hadoop.ipc.Client$Connection.access$3800(Client.java:413)
	at org.apache.hadoop.ipc.Client.getConnection(Client.java:1636)
	at org.apache.hadoop.ipc.Client.call(Client.java:1452)
	... 12 more
2021-06-06 13:57:15,880 [Listener at 127.0.0.1/11444] INFO  ozone.MiniOzoneClusterImpl (MiniOzoneClusterImpl.java:lambda$waitForClusterToBeReady$0(224)) - Nodes are ready. Got 3 of 3 DN Heartbeats.
2021-06-06 13:57:15,881 [Listener at 127.0.0.1/11444] INFO  ozone.MiniOzoneClusterImpl (MiniOzoneClusterImpl.java:lambda$waitForClusterToBeReady$0(227)) - Waiting for cluster to exit safe mode
2021-06-06 13:57:15,881 [Listener at 127.0.0.1/11444] INFO  ozone.MiniOzoneClusterImpl (MiniOzoneClusterImpl.java:lambda$waitForClusterToBeReady$0(230)) - SCM became leader
2021-06-06 13:57:16,099 [EndpointStateMachine task thread for /0.0.0.0:35111 - 0 ] INFO  ipc.Client (Client.java:handleConnectionFailure(966)) - Retrying connect to server: 0.0.0.0/0.0.0.0:35111. Already tried 0 time(s); retry policy is RetryUpToMaximumCountWithFixedSleep(maxRetries=15, sleepTime=1000 MILLISECONDS)
2021-06-06 13:57:16,881 [Listener at 127.0.0.1/11444] INFO  ozone.MiniOzoneClusterImpl (MiniOzoneClusterImpl.java:lambda$waitForClusterToBeReady$0(224)) - Nodes are ready. Got 3 of 3 DN Heartbeats.
2021-06-06 13:57:16,881 [Listener at 127.0.0.1/11444] INFO  ozone.MiniOzoneClusterImpl (MiniOzoneClusterImpl.java:lambda$waitForClusterToBeReady$0(227)) - Waiting for cluster to exit safe mode
2021-06-06 13:57:16,881 [Listener at 127.0.0.1/11444] INFO  ozone.MiniOzoneClusterImpl (MiniOzoneClusterImpl.java:lambda$waitForClusterToBeReady$0(230)) - SCM became leader
2021-06-06 13:57:17,100 [EndpointStateMachine task thread for /0.0.0.0:35111 - 0 ] INFO  ipc.Client (Client.java:handleConnectionFailure(966)) - Retrying connect to server: 0.0.0.0/0.0.0.0:35111. Already tried 1 time(s); retry policy is RetryUpToMaximumCountWithFixedSleep(maxRetries=15, sleepTime=1000 MILLISECONDS)
2021-06-06 13:57:17,650 [Command processor thread] INFO  server.RaftServer (RaftServerProxy.java:addNew(95)) - f60ce0a5-af9c-4134-abee-27c495795ec5: addNew group-08FBDB4E5F94:[f60ce0a5-af9c-4134-abee-27c495795ec5|rpc:10.1.0.37:33789|priority:1] returns group-08FBDB4E5F94:java.util.concurrent.CompletableFuture@49f4803b[Not completed]
2021-06-06 13:57:17,653 [pool-198-thread-1] INFO  server.RaftServer$Division (RaftServerImpl.java:<init>(180)) - f60ce0a5-af9c-4134-abee-27c495795ec5: new RaftServerImpl for group-08FBDB4E5F94:[f60ce0a5-af9c-4134-abee-27c495795ec5|rpc:10.1.0.37:33789|priority:1] with ContainerStateMachine:uninitialized
2021-06-06 13:57:17,654 [pool-198-thread-1] INFO  server.RaftServerConfigKeys (ConfUtils.java:logGet(44)) - raft.server.rpc.timeout.min = 5s (custom)
2021-06-06 13:57:17,654 [pool-198-thread-1] INFO  server.RaftServerConfigKeys (ConfUtils.java:logGet(44)) - raft.server.rpc.timeout.max = 5200ms (custom)
2021-06-06 13:57:17,654 [pool-198-thread-1] INFO  server.RaftServerConfigKeys (ConfUtils.java:logGet(44)) - raft.server.rpc.sleep.time = 25ms (default)
2021-06-06 13:57:17,654 [pool-198-thread-1] INFO  server.RaftServerConfigKeys (ConfUtils.java:logGet(44)) - raft.server.rpc.slowness.timeout = 300s (custom)
2021-06-06 13:57:17,654 [pool-198-thread-1] INFO  server.RaftServerConfigKeys (ConfUtils.java:logGet(44)) - raft.server.leaderelection.leader.step-down.wait-time = 10s (default)
2021-06-06 13:57:17,654 [pool-198-thread-1] INFO  server.RaftServerConfigKeys (ConfUtils.java:logGet(44)) - raft.server.sleep.deviation.threshold = 300ms (default)
2021-06-06 13:57:17,654 [pool-198-thread-1] INFO  server.RaftServerConfigKeys (ConfUtils.java:logGet(44)) - raft.server.log.appender.install.snapshot.enabled = false (custom)
2021-06-06 13:57:17,654 [pool-198-thread-1] INFO  server.RaftServer$Division (ServerState.java:<init>(105)) - f60ce0a5-af9c-4134-abee-27c495795ec5@group-08FBDB4E5F94: ConfigurationManager, init=-1: [f60ce0a5-af9c-4134-abee-27c495795ec5|rpc:10.1.0.37:33789|priority:1], old=null, confs=<EMPTY_MAP>
2021-06-06 13:57:17,655 [pool-198-thread-1] INFO  server.RaftServerConfigKeys (ConfUtils.java:logGet(44)) - raft.server.storage.dir = [/home/runner/work/ozone/ozone/mnt/ozone/hadoop-ozone/integration-test/target/test-dir/MiniOzoneClusterImpl-498e09b4-d42e-43c3-9d7c-b3000502db30/datanode-0/data/ratis] (custom)
2021-06-06 13:57:17,655 [pool-198-thread-1] INFO  server.RaftServerConfigKeys (ConfUtils.java:logGet(44)) - raft.server.log.corruption.policy = EXCEPTION (default)
2021-06-06 13:57:17,655 [pool-198-thread-1] INFO  storage.RaftStorageDirectory (RaftStorageDirectoryImpl.java:analyzeStorage(132)) - The storage directory /home/runner/work/ozone/ozone/mnt/ozone/hadoop-ozone/integration-test/target/test-dir/MiniOzoneClusterImpl-498e09b4-d42e-43c3-9d7c-b3000502db30/datanode-0/data/ratis/354aefe5-a4c3-42fd-8cfc-08fbdb4e5f94 does not exist. Creating ...
2021-06-06 13:57:17,656 [pool-198-thread-1] INFO  storage.RaftStorageDirectory (RaftStorageDirectoryImpl.java:tryLock(215)) - Lock on /home/runner/work/ozone/ozone/mnt/ozone/hadoop-ozone/integration-test/target/test-dir/MiniOzoneClusterImpl-498e09b4-d42e-43c3-9d7c-b3000502db30/datanode-0/data/ratis/354aefe5-a4c3-42fd-8cfc-08fbdb4e5f94/in_use.lock acquired by nodename 1587@fv-az148-587
2021-06-06 13:57:17,657 [pool-198-thread-1] INFO  storage.RaftStorage (RaftStorageImpl.java:format(87)) - Storage directory /home/runner/work/ozone/ozone/mnt/ozone/hadoop-ozone/integration-test/target/test-dir/MiniOzoneClusterImpl-498e09b4-d42e-43c3-9d7c-b3000502db30/datanode-0/data/ratis/354aefe5-a4c3-42fd-8cfc-08fbdb4e5f94 has been successfully formatted.
2021-06-06 13:57:17,658 [pool-198-thread-1] INFO  ratis.ContainerStateMachine (ContainerStateMachine.java:loadSnapshot(224)) - group-08FBDB4E5F94: The snapshot info is null. Setting the last applied indexto:(t:0, i:~)
2021-06-06 13:57:17,658 [pool-198-thread-1] INFO  server.RaftServerConfigKeys (ConfUtils.java:logGet(44)) - raft.server.notification.no-leader.timeout = 300s (custom)
2021-06-06 13:57:17,658 [pool-198-thread-1] INFO  server.RaftServerConfigKeys (ConfUtils.java:logGet(44)) - raft.server.log.use.memory = false (default)
2021-06-06 13:57:17,658 [pool-198-thread-1] INFO  server.RaftServerConfigKeys (ConfUtils.java:logGet(44)) - raft.server.log.purge.gap = 1000000 (custom)
2021-06-06 13:57:17,658 [pool-198-thread-1] INFO  server.RaftServerConfigKeys (ConfUtils.java:logGet(44)) - raft.server.log.appender.buffer.byte-limit = 33554432 (custom)
2021-06-06 13:57:17,658 [pool-198-thread-1] INFO  metrics.RatisMetrics (RatisMetrics.java:lambda$create$0(36)) - Creating Metrics Registry : ratis.log_worker.f60ce0a5-af9c-4134-abee-27c495795ec5@group-08FBDB4E5F94
2021-06-06 13:57:17,658 [pool-198-thread-1] INFO  server.RaftServerConfigKeys (ConfUtils.java:logGet(44)) - raft.server.log.segment.size.max = 1048576 (custom)
2021-06-06 13:57:17,659 [EventQueue-PipelineReportForPipelineReportHandler] INFO  pipeline.PipelineManagerV2Impl (PipelineManagerV2Impl.java:openPipeline(270)) - Pipeline Pipeline[ Id: 354aefe5-a4c3-42fd-8cfc-08fbdb4e5f94, Nodes: f60ce0a5-af9c-4134-abee-27c495795ec5{ip: 10.1.0.37, host: fv-az148-587.bm4ck3pvxvsene1rjriu5fhcdb.bx.internal.cloudapp.net, ports: [REPLICATION=42995, RATIS=33789, RATIS_ADMIN=33789, RATIS_SERVER=33789, STANDALONE=38369], networkLocation: /default-rack, certSerialId: null, persistedOpState: IN_SERVICE, persistedOpStateExpiryEpochSec: 0}, ReplicationConfig: RATIS/ONE, State:ALLOCATED, leaderId:f60ce0a5-af9c-4134-abee-27c495795ec5, CreationTimestamp2021-06-06T13:57:14.661Z] moved to OPEN state
2021-06-06 13:57:17,659 [pool-198-thread-1] INFO  server.RaftServerConfigKeys (ConfUtils.java:logGet(44)) - raft.server.log.segment.cache.num.max = 2 (custom)
2021-06-06 13:57:17,659 [pool-198-thread-1] INFO  server.RaftServerConfigKeys (ConfUtils.java:logGet(44)) - raft.server.log.segment.cache.size.max = 200MB (=209715200) (default)
2021-06-06 13:57:17,659 [pool-198-thread-1] INFO  segmented.SegmentedRaftLogWorker (SegmentedRaftLogWorker.java:<init>(182)) - new f60ce0a5-af9c-4134-abee-27c495795ec5@group-08FBDB4E5F94-SegmentedRaftLogWorker for RaftStorageImpl:Storage Directory /home/runner/work/ozone/ozone/mnt/ozone/hadoop-ozone/integration-test/target/test-dir/MiniOzoneClusterImpl-498e09b4-d42e-43c3-9d7c-b3000502db30/datanode-0/data/ratis/354aefe5-a4c3-42fd-8cfc-08fbdb4e5f94
2021-06-06 13:57:17,659 [pool-198-thread-1] INFO  server.RaftServerConfigKeys (ConfUtils.java:logGet(44)) - raft.server.log.queue.byte-limit = 2147483647 (custom)
2021-06-06 13:57:17,659 [pool-198-thread-1] INFO  server.RaftServerConfigKeys (ConfUtils.java:logGet(44)) - raft.server.log.queue.element-limit = 1024 (custom)
2021-06-06 13:57:17,659 [EventQueue-PipelineReportForOneReplicaPipelineSafeModeRule] INFO  safemode.SCMSafeModeManager (SCMSafeModeManager.java:validateSafeModeExitRules(201)) - AtleastOneDatanodeReportedRule rule is successfully validated
2021-06-06 13:57:17,659 [pool-198-thread-1] INFO  server.RaftServerConfigKeys (ConfUtils.java:logGet(44)) - raft.server.log.segment.size.max = 1048576 (custom)
2021-06-06 13:57:17,660 [pool-198-thread-1] INFO  server.RaftServerConfigKeys (ConfUtils.java:logGet(44)) - raft.server.log.preallocated.size = 16384 (custom)
2021-06-06 13:57:17,660 [pool-198-thread-1] INFO  server.RaftServerConfigKeys (ConfUtils.java:logGet(44)) - raft.server.log.force.sync.num = 128 (default)
2021-06-06 13:57:17,660 [pool-198-thread-1] INFO  server.RaftServerConfigKeys (ConfUtils.java:logGet(44)) - raft.server.log.statemachine.data.sync = true (default)
2021-06-06 13:57:17,660 [pool-198-thread-1] INFO  server.RaftServerConfigKeys (ConfUtils.java:logGet(44)) - raft.server.log.statemachine.data.sync.timeout = 10s (default)
2021-06-06 13:57:17,660 [pool-198-thread-1] INFO  server.RaftServerConfigKeys (ConfUtils.java:logGet(44)) - raft.server.log.statemachine.data.sync.timeout.retry = -1 (default)
2021-06-06 13:57:17,661 [pool-198-thread-1] INFO  server.RaftServerConfigKeys (ConfUtils.java:logGet(44)) - raft.server.log.write.buffer.size = 1048576 (custom)
2021-06-06 13:57:17,662 [pool-198-thread-1] INFO  server.RaftServerConfigKeys (ConfUtils.java:logGet(44)) - raft.server.log.statemachine.data.caching.enabled = true (custom)
2021-06-06 13:57:17,662 [pool-198-thread-1] INFO  segmented.SegmentedRaftLogWorker (SegmentedRaftLogWorker.java:lambda$new$0(133)) - f60ce0a5-af9c-4134-abee-27c495795ec5@group-08FBDB4E5F94-SegmentedRaftLogWorker: flushIndex: setUnconditionally 0 -> -1
2021-06-06 13:57:17,662 [pool-198-thread-1] INFO  segmented.SegmentedRaftLogWorker (SegmentedRaftLogWorker.java:lambda$new$0(133)) - f60ce0a5-af9c-4134-abee-27c495795ec5@group-08FBDB4E5F94-SegmentedRaftLogWorker: safeCacheEvictIndex: setUnconditionally 0 -> -1
2021-06-06 13:57:17,662 [EventQueue-OpenPipelineForHealthyPipelineSafeModeRule] INFO  safemode.SCMSafeModeManager (HealthyPipelineSafeModeRule.java:process(130)) - SCM in safe mode. Healthy pipelines reported count is 0, required healthy pipeline reported count is 1
2021-06-06 13:57:17,662 [pool-198-thread-1] INFO  server.RaftServerConfigKeys (ConfUtils.java:logGet(44)) - raft.server.snapshot.auto.trigger.enabled = true (custom)
2021-06-06 13:57:17,662 [pool-198-thread-1] INFO  server.RaftServerConfigKeys (ConfUtils.java:logGet(44)) - raft.server.snapshot.auto.trigger.threshold = 10000 (custom)
2021-06-06 13:57:17,662 [pool-198-thread-1] INFO  server.RaftServerConfigKeys (ConfUtils.java:logGet(44)) - raft.server.snapshot.retention.file.num = 5 (custom)
2021-06-06 13:57:17,662 [pool-198-thread-1] INFO  server.RaftServerConfigKeys (ConfUtils.java:logGet(44)) - raft.server.log.purge.upto.snapshot.index = false (default)
2021-06-06 13:57:17,662 [pool-198-thread-1] INFO  server.RaftServerConfigKeys (ConfUtils.java:logGet(44)) - raft.server.retrycache.expirytime = 600000ms (custom)
2021-06-06 13:57:17,663 [pool-198-thread-1] INFO  server.RaftServerConfigKeys (ConfUtils.java:logGet(44)) - raft.server.retrycache.statistics.expirytime = 100μs (default)
2021-06-06 13:57:17,663 [pool-198-thread-1] INFO  metrics.RatisMetrics (RatisMetrics.java:lambda$create$0(36)) - Creating Metrics Registry : ratis.leader_election.f60ce0a5-af9c-4134-abee-27c495795ec5@group-08FBDB4E5F94
2021-06-06 13:57:17,663 [pool-198-thread-1] INFO  metrics.RatisMetrics (RatisMetrics.java:lambda$create$0(36)) - Creating Metrics Registry : ratis.server.f60ce0a5-af9c-4134-abee-27c495795ec5@group-08FBDB4E5F94
2021-06-06 13:57:17,664 [pool-198-thread-1] INFO  server.RaftServer$Division (RaftServerImpl.java:start(295)) - f60ce0a5-af9c-4134-abee-27c495795ec5@group-08FBDB4E5F94: start as a follower, conf=-1: [f60ce0a5-af9c-4134-abee-27c495795ec5|rpc:10.1.0.37:33789|priority:1], old=null
2021-06-06 13:57:17,664 [pool-198-thread-1] INFO  server.RaftServer$Division (RaftServerImpl.java:setRole(284)) - f60ce0a5-af9c-4134-abee-27c495795ec5@group-08FBDB4E5F94: changes role from      null to FOLLOWER at term 0 for startAsFollower
2021-06-06 13:57:17,664 [pool-198-thread-1] INFO  impl.RoleInfo (RoleInfo.java:updateAndGet(130)) - f60ce0a5-af9c-4134-abee-27c495795ec5: start f60ce0a5-af9c-4134-abee-27c495795ec5@group-08FBDB4E5F94-FollowerState
2021-06-06 13:57:17,666 [pool-198-thread-1] INFO  util.JmxRegister (JmxRegister.java:tryRegister(44)) - Successfully registered JMX Bean with object name Ratis:service=RaftServer,group=group-08FBDB4E5F94,id=f60ce0a5-af9c-4134-abee-27c495795ec5
2021-06-06 13:57:17,666 [pool-198-thread-1] INFO  metrics.RatisMetrics (RatisMetrics.java:lambda$create$0(36)) - Creating Metrics Registry : ratis.state_machine.f60ce0a5-af9c-4134-abee-27c495795ec5@group-08FBDB4E5F94
2021-06-06 13:57:17,667 [Command processor thread] INFO  ratis.XceiverServerRatis (XceiverServerRatis.java:addGroup(808)) - Created group PipelineID=354aefe5-a4c3-42fd-8cfc-08fbdb4e5f94
2021-06-06 13:57:17,667 [Command processor thread] INFO  commandhandler.CreatePipelineCommandHandler (CreatePipelineCommandHandler.java:handle(106)) - Created Pipeline RATIS ONE PipelineID=354aefe5-a4c3-42fd-8cfc-08fbdb4e5f94.
2021-06-06 13:57:17,668 [Command processor thread] INFO  server.RaftServer (RaftServerProxy.java:addNew(95)) - f60ce0a5-af9c-4134-abee-27c495795ec5: addNew group-B9655EBF1251:[0df3d903-2160-49f6-b3f1-a0b58e05c8a8|rpc:10.1.0.37:38015|priority:0, 4f861c42-39d3-4f63-85a9-51f112b48038|rpc:10.1.0.37:43869|priority:1, f60ce0a5-af9c-4134-abee-27c495795ec5|rpc:10.1.0.37:33789|priority:0] returns group-B9655EBF1251:java.util.concurrent.CompletableFuture@4dcb0ddd[Not completed]
2021-06-06 13:57:17,669 [pool-198-thread-1] INFO  server.RaftServer$Division (RaftServerImpl.java:<init>(180)) - f60ce0a5-af9c-4134-abee-27c495795ec5: new RaftServerImpl for group-B9655EBF1251:[0df3d903-2160-49f6-b3f1-a0b58e05c8a8|rpc:10.1.0.37:38015|priority:0, 4f861c42-39d3-4f63-85a9-51f112b48038|rpc:10.1.0.37:43869|priority:1, f60ce0a5-af9c-4134-abee-27c495795ec5|rpc:10.1.0.37:33789|priority:0] with ContainerStateMachine:uninitialized
2021-06-06 13:57:17,669 [pool-198-thread-1] INFO  server.RaftServerConfigKeys (ConfUtils.java:logGet(44)) - raft.server.rpc.timeout.min = 5s (custom)
2021-06-06 13:57:17,669 [pool-198-thread-1] INFO  server.RaftServerConfigKeys (ConfUtils.java:logGet(44)) - raft.server.rpc.timeout.max = 5200ms (custom)
2021-06-06 13:57:17,669 [pool-198-thread-1] INFO  server.RaftServerConfigKeys (ConfUtils.java:logGet(44)) - raft.server.rpc.sleep.time = 25ms (default)
2021-06-06 13:57:17,669 [pool-198-thread-1] INFO  server.RaftServerConfigKeys (ConfUtils.java:logGet(44)) - raft.server.rpc.slowness.timeout = 300s (custom)
2021-06-06 13:57:17,669 [pool-198-thread-1] INFO  server.RaftServerConfigKeys (ConfUtils.java:logGet(44)) - raft.server.leaderelection.leader.step-down.wait-time = 10s (default)
2021-06-06 13:57:17,669 [pool-198-thread-1] INFO  server.RaftServerConfigKeys (ConfUtils.java:logGet(44)) - raft.server.sleep.deviation.threshold = 300ms (default)
2021-06-06 13:57:17,669 [pool-198-thread-1] INFO  server.RaftServerConfigKeys (ConfUtils.java:logGet(44)) - raft.server.log.appender.install.snapshot.enabled = false (custom)
2021-06-06 13:57:17,669 [pool-198-thread-1] INFO  server.RaftServer$Division (ServerState.java:<init>(105)) - f60ce0a5-af9c-4134-abee-27c495795ec5@group-B9655EBF1251: ConfigurationManager, init=-1: [0df3d903-2160-49f6-b3f1-a0b58e05c8a8|rpc:10.1.0.37:38015|priority:0, 4f861c42-39d3-4f63-85a9-51f112b48038|rpc:10.1.0.37:43869|priority:1, f60ce0a5-af9c-4134-abee-27c495795ec5|rpc:10.1.0.37:33789|priority:0], old=null, confs=<EMPTY_MAP>
2021-06-06 13:57:17,669 [pool-198-thread-1] INFO  server.RaftServerConfigKeys (ConfUtils.java:logGet(44)) - raft.server.storage.dir = [/home/runner/work/ozone/ozone/mnt/ozone/hadoop-ozone/integration-test/target/test-dir/MiniOzoneClusterImpl-498e09b4-d42e-43c3-9d7c-b3000502db30/datanode-0/data/ratis] (custom)
2021-06-06 13:57:17,669 [pool-198-thread-1] INFO  server.RaftServerConfigKeys (ConfUtils.java:logGet(44)) - raft.server.log.corruption.policy = EXCEPTION (default)
2021-06-06 13:57:17,669 [pool-198-thread-1] INFO  storage.RaftStorageDirectory (RaftStorageDirectoryImpl.java:analyzeStorage(132)) - The storage directory /home/runner/work/ozone/ozone/mnt/ozone/hadoop-ozone/integration-test/target/test-dir/MiniOzoneClusterImpl-498e09b4-d42e-43c3-9d7c-b3000502db30/datanode-0/data/ratis/12fbcb27-0b97-42a7-82ca-b9655ebf1251 does not exist. Creating ...
2021-06-06 13:57:17,671 [pool-198-thread-1] INFO  storage.RaftStorageDirectory (RaftStorageDirectoryImpl.java:tryLock(215)) - Lock on /home/runner/work/ozone/ozone/mnt/ozone/hadoop-ozone/integration-test/target/test-dir/MiniOzoneClusterImpl-498e09b4-d42e-43c3-9d7c-b3000502db30/datanode-0/data/ratis/12fbcb27-0b97-42a7-82ca-b9655ebf1251/in_use.lock acquired by nodename 1587@fv-az148-587
2021-06-06 13:57:17,672 [pool-198-thread-1] INFO  storage.RaftStorage (RaftStorageImpl.java:format(87)) - Storage directory /home/runner/work/ozone/ozone/mnt/ozone/hadoop-ozone/integration-test/target/test-dir/MiniOzoneClusterImpl-498e09b4-d42e-43c3-9d7c-b3000502db30/datanode-0/data/ratis/12fbcb27-0b97-42a7-82ca-b9655ebf1251 has been successfully formatted.
2021-06-06 13:57:17,672 [pool-198-thread-1] INFO  ratis.ContainerStateMachine (ContainerStateMachine.java:loadSnapshot(224)) - group-B9655EBF1251: The snapshot info is null. Setting the last applied indexto:(t:0, i:~)
2021-06-06 13:57:17,673 [pool-198-thread-1] INFO  server.RaftServerConfigKeys (ConfUtils.java:logGet(44)) - raft.server.notification.no-leader.timeout = 300s (custom)
2021-06-06 13:57:17,673 [pool-198-thread-1] INFO  server.RaftServerConfigKeys (ConfUtils.java:logGet(44)) - raft.server.log.use.memory = false (default)
2021-06-06 13:57:17,673 [pool-198-thread-1] INFO  server.RaftServerConfigKeys (ConfUtils.java:logGet(44)) - raft.server.log.purge.gap = 1000000 (custom)
2021-06-06 13:57:17,673 [pool-198-thread-1] INFO  server.RaftServerConfigKeys (ConfUtils.java:logGet(44)) - raft.server.log.appender.buffer.byte-limit = 33554432 (custom)
2021-06-06 13:57:17,673 [pool-198-thread-1] INFO  metrics.RatisMetrics (RatisMetrics.java:lambda$create$0(36)) - Creating Metrics Registry : ratis.log_worker.f60ce0a5-af9c-4134-abee-27c495795ec5@group-B9655EBF1251
2021-06-06 13:57:17,673 [pool-198-thread-1] INFO  server.RaftServerConfigKeys (ConfUtils.java:logGet(44)) - raft.server.log.segment.size.max = 1048576 (custom)
2021-06-06 13:57:17,674 [EventQueue-PipelineReportForOneReplicaPipelineSafeModeRule] INFO  safemode.SCMSafeModeManager (SCMSafeModeManager.java:validateSafeModeExitRules(201)) - AtleastOneDatanodeReportedRule rule is successfully validated
2021-06-06 13:57:17,673 [EventQueue-OpenPipelineForHealthyPipelineSafeModeRule] INFO  safemode.SCMSafeModeManager (HealthyPipelineSafeModeRule.java:process(130)) - SCM in safe mode. Healthy pipelines reported count is 0, required healthy pipeline reported count is 1
2021-06-06 13:57:17,674 [pool-198-thread-1] INFO  server.RaftServerConfigKeys (ConfUtils.java:logGet(44)) - raft.server.log.segment.cache.num.max = 2 (custom)
2021-06-06 13:57:17,674 [pool-198-thread-1] INFO  server.RaftServerConfigKeys (ConfUtils.java:logGet(44)) - raft.server.log.segment.cache.size.max = 200MB (=209715200) (default)
2021-06-06 13:57:17,674 [pool-198-thread-1] INFO  segmented.SegmentedRaftLogWorker (SegmentedRaftLogWorker.java:<init>(182)) - new f60ce0a5-af9c-4134-abee-27c495795ec5@group-B9655EBF1251-SegmentedRaftLogWorker for RaftStorageImpl:Storage Directory /home/runner/work/ozone/ozone/mnt/ozone/hadoop-ozone/integration-test/target/test-dir/MiniOzoneClusterImpl-498e09b4-d42e-43c3-9d7c-b3000502db30/datanode-0/data/ratis/12fbcb27-0b97-42a7-82ca-b9655ebf1251
2021-06-06 13:57:17,674 [pool-198-thread-1] INFO  server.RaftServerConfigKeys (ConfUtils.java:logGet(44)) - raft.server.log.queue.byte-limit = 2147483647 (custom)
2021-06-06 13:57:17,674 [pool-198-thread-1] INFO  server.RaftServerConfigKeys (ConfUtils.java:logGet(44)) - raft.server.log.queue.element-limit = 1024 (custom)
2021-06-06 13:57:17,674 [pool-198-thread-1] INFO  server.RaftServerConfigKeys (ConfUtils.java:logGet(44)) - raft.server.log.segment.size.max = 1048576 (custom)
2021-06-06 13:57:17,674 [pool-198-thread-1] INFO  server.RaftServerConfigKeys (ConfUtils.java:logGet(44)) - raft.server.log.preallocated.size = 16384 (custom)
2021-06-06 13:57:17,674 [pool-198-thread-1] INFO  server.RaftServerConfigKeys (ConfUtils.java:logGet(44)) - raft.server.log.force.sync.num = 128 (default)
2021-06-06 13:57:17,675 [pool-198-thread-1] INFO  server.RaftServerConfigKeys (ConfUtils.java:logGet(44)) - raft.server.log.statemachine.data.sync = true (default)
2021-06-06 13:57:17,675 [pool-198-thread-1] INFO  server.RaftServerConfigKeys (ConfUtils.java:logGet(44)) - raft.server.log.statemachine.data.sync.timeout = 10s (default)
2021-06-06 13:57:17,675 [pool-198-thread-1] INFO  server.RaftServerConfigKeys (ConfUtils.java:logGet(44)) - raft.server.log.statemachine.data.sync.timeout.retry = -1 (default)
2021-06-06 13:57:17,675 [pool-198-thread-1] INFO  server.RaftServerConfigKeys (ConfUtils.java:logGet(44)) - raft.server.log.write.buffer.size = 1048576 (custom)
2021-06-06 13:57:17,676 [pool-198-thread-1] INFO  server.RaftServerConfigKeys (ConfUtils.java:logGet(44)) - raft.server.log.statemachine.data.caching.enabled = true (custom)
2021-06-06 13:57:17,676 [pool-198-thread-1] INFO  segmented.SegmentedRaftLogWorker (SegmentedRaftLogWorker.java:lambda$new$0(133)) - f60ce0a5-af9c-4134-abee-27c495795ec5@group-B9655EBF1251-SegmentedRaftLogWorker: flushIndex: setUnconditionally 0 -> -1
2021-06-06 13:57:17,676 [pool-198-thread-1] INFO  segmented.SegmentedRaftLogWorker (SegmentedRaftLogWorker.java:lambda$new$0(133)) - f60ce0a5-af9c-4134-abee-27c495795ec5@group-B9655EBF1251-SegmentedRaftLogWorker: safeCacheEvictIndex: setUnconditionally 0 -> -1
2021-06-06 13:57:17,676 [pool-198-thread-1] INFO  server.RaftServerConfigKeys (ConfUtils.java:logGet(44)) - raft.server.snapshot.auto.trigger.enabled = true (custom)
2021-06-06 13:57:17,676 [pool-198-thread-1] INFO  server.RaftServerConfigKeys (ConfUtils.java:logGet(44)) - raft.server.snapshot.auto.trigger.threshold = 10000 (custom)
2021-06-06 13:57:17,677 [pool-198-thread-1] INFO  server.RaftServerConfigKeys (ConfUtils.java:logGet(44)) - raft.server.snapshot.retention.file.num = 5 (custom)
2021-06-06 13:57:17,677 [pool-198-thread-1] INFO  server.RaftServerConfigKeys (ConfUtils.java:logGet(44)) - raft.server.log.purge.upto.snapshot.index = false (default)
2021-06-06 13:57:17,677 [pool-198-thread-1] INFO  server.RaftServerConfigKeys (ConfUtils.java:logGet(44)) - raft.server.retrycache.expirytime = 600000ms (custom)
2021-06-06 13:57:17,677 [pool-198-thread-1] INFO  server.RaftServerConfigKeys (ConfUtils.java:logGet(44)) - raft.server.retrycache.statistics.expirytime = 100μs (default)
2021-06-06 13:57:17,677 [pool-198-thread-1] INFO  metrics.RatisMetrics (RatisMetrics.java:lambda$create$0(36)) - Creating Metrics Registry : ratis.leader_election.f60ce0a5-af9c-4134-abee-27c495795ec5@group-B9655EBF1251
2021-06-06 13:57:17,677 [pool-198-thread-1] INFO  metrics.RatisMetrics (RatisMetrics.java:lambda$create$0(36)) - Creating Metrics Registry : ratis.server.f60ce0a5-af9c-4134-abee-27c495795ec5@group-B9655EBF1251
2021-06-06 13:57:17,678 [pool-198-thread-1] INFO  server.RaftServer$Division (RaftServerImpl.java:start(295)) - f60ce0a5-af9c-4134-abee-27c495795ec5@group-B9655EBF1251: start as a follower, conf=-1: [0df3d903-2160-49f6-b3f1-a0b58e05c8a8|rpc:10.1.0.37:38015|priority:0, 4f861c42-39d3-4f63-85a9-51f112b48038|rpc:10.1.0.37:43869|priority:1, f60ce0a5-af9c-4134-abee-27c495795ec5|rpc:10.1.0.37:33789|priority:0], old=null
2021-06-06 13:57:17,678 [pool-198-thread-1] INFO  server.RaftServer$Division (RaftServerImpl.java:setRole(284)) - f60ce0a5-af9c-4134-abee-27c495795ec5@group-B9655EBF1251: changes role from      null to FOLLOWER at term 0 for startAsFollower
2021-06-06 13:57:17,678 [pool-198-thread-1] INFO  impl.RoleInfo (RoleInfo.java:updateAndGet(130)) - f60ce0a5-af9c-4134-abee-27c495795ec5: start f60ce0a5-af9c-4134-abee-27c495795ec5@group-B9655EBF1251-FollowerState
2021-06-06 13:57:17,678 [pool-198-thread-1] INFO  util.JmxRegister (JmxRegister.java:tryRegister(44)) - Successfully registered JMX Bean with object name Ratis:service=RaftServer,group=group-B9655EBF1251,id=f60ce0a5-af9c-4134-abee-27c495795ec5
2021-06-06 13:57:17,678 [pool-198-thread-1] INFO  metrics.RatisMetrics (RatisMetrics.java:lambda$create$0(36)) - Creating Metrics Registry : ratis.state_machine.f60ce0a5-af9c-4134-abee-27c495795ec5@group-B9655EBF1251
2021-06-06 13:57:17,679 [Command processor thread] INFO  ratis.XceiverServerRatis (XceiverServerRatis.java:addGroup(808)) - Created group PipelineID=12fbcb27-0b97-42a7-82ca-b9655ebf1251
2021-06-06 13:57:17,680 [Command processor thread] INFO  metrics.RatisMetrics (RatisMetrics.java:lambda$create$0(36)) - Creating Metrics Registry : ratis.client_message_metrics.client-AC881E6BE763->4f861c42-39d3-4f63-85a9-51f112b48038
2021-06-06 13:57:17,686 [grpc-default-executor-1] INFO  metrics.RatisMetrics (RatisMetrics.java:lambda$create$0(36)) - Creating Metrics Registry : ratis.server_message_metrics.4f861c42-39d3-4f63-85a9-51f112b48038
2021-06-06 13:57:17,689 [grpc-default-executor-1] INFO  server.RaftServer (RaftServerProxy.java:addNew(95)) - 4f861c42-39d3-4f63-85a9-51f112b48038: addNew group-B9655EBF1251:[0df3d903-2160-49f6-b3f1-a0b58e05c8a8|rpc:10.1.0.37:38015|dataStream:|priority:0, 4f861c42-39d3-4f63-85a9-51f112b48038|rpc:10.1.0.37:43869|dataStream:|priority:1, f60ce0a5-af9c-4134-abee-27c495795ec5|rpc:10.1.0.37:33789|dataStream:|priority:0] returns group-B9655EBF1251:java.util.concurrent.CompletableFuture@4cb791c8[Not completed]
2021-06-06 13:57:17,695 [pool-216-thread-1] INFO  server.RaftServer$Division (RaftServerImpl.java:<init>(180)) - 4f861c42-39d3-4f63-85a9-51f112b48038: new RaftServerImpl for group-B9655EBF1251:[0df3d903-2160-49f6-b3f1-a0b58e05c8a8|rpc:10.1.0.37:38015|dataStream:|priority:0, 4f861c42-39d3-4f63-85a9-51f112b48038|rpc:10.1.0.37:43869|dataStream:|priority:1, f60ce0a5-af9c-4134-abee-27c495795ec5|rpc:10.1.0.37:33789|dataStream:|priority:0] with ContainerStateMachine:uninitialized
2021-06-06 13:57:17,696 [pool-216-thread-1] INFO  server.RaftServerConfigKeys (ConfUtils.java:logGet(44)) - raft.server.rpc.timeout.min = 5s (custom)
2021-06-06 13:57:17,696 [pool-216-thread-1] INFO  server.RaftServerConfigKeys (ConfUtils.java:logGet(44)) - raft.server.rpc.timeout.max = 5200ms (custom)
2021-06-06 13:57:17,696 [pool-216-thread-1] INFO  server.RaftServerConfigKeys (ConfUtils.java:logGet(44)) - raft.server.rpc.sleep.time = 25ms (default)
2021-06-06 13:57:17,696 [pool-216-thread-1] INFO  server.RaftServerConfigKeys (ConfUtils.java:logGet(44)) - raft.server.rpc.slowness.timeout = 300s (custom)
2021-06-06 13:57:17,696 [pool-216-thread-1] INFO  server.RaftServerConfigKeys (ConfUtils.java:logGet(44)) - raft.server.leaderelection.leader.step-down.wait-time = 10s (default)
2021-06-06 13:57:17,696 [pool-216-thread-1] INFO  server.RaftServerConfigKeys (ConfUtils.java:logGet(44)) - raft.server.sleep.deviation.threshold = 300ms (default)
2021-06-06 13:57:17,696 [pool-216-thread-1] INFO  server.RaftServerConfigKeys (ConfUtils.java:logGet(44)) - raft.server.log.appender.install.snapshot.enabled = false (custom)
2021-06-06 13:57:17,696 [pool-216-thread-1] INFO  server.RaftServer$Division (ServerState.java:<init>(105)) - 4f861c42-39d3-4f63-85a9-51f112b48038@group-B9655EBF1251: ConfigurationManager, init=-1: [0df3d903-2160-49f6-b3f1-a0b58e05c8a8|rpc:10.1.0.37:38015|dataStream:|priority:0, 4f861c42-39d3-4f63-85a9-51f112b48038|rpc:10.1.0.37:43869|dataStream:|priority:1, f60ce0a5-af9c-4134-abee-27c495795ec5|rpc:10.1.0.37:33789|dataStream:|priority:0], old=null, confs=<EMPTY_MAP>
2021-06-06 13:57:17,696 [pool-216-thread-1] INFO  server.RaftServerConfigKeys (ConfUtils.java:logGet(44)) - raft.server.storage.dir = [/home/runner/work/ozone/ozone/mnt/ozone/hadoop-ozone/integration-test/target/test-dir/MiniOzoneClusterImpl-498e09b4-d42e-43c3-9d7c-b3000502db30/datanode-1/data/ratis] (custom)
2021-06-06 13:57:17,696 [pool-216-thread-1] INFO  server.RaftServerConfigKeys (ConfUtils.java:logGet(44)) - raft.server.log.corruption.policy = EXCEPTION (default)
2021-06-06 13:57:17,696 [pool-216-thread-1] INFO  storage.RaftStorageDirectory (RaftStorageDirectoryImpl.java:analyzeStorage(132)) - The storage directory /home/runner/work/ozone/ozone/mnt/ozone/hadoop-ozone/integration-test/target/test-dir/MiniOzoneClusterImpl-498e09b4-d42e-43c3-9d7c-b3000502db30/datanode-1/data/ratis/12fbcb27-0b97-42a7-82ca-b9655ebf1251 does not exist. Creating ...
2021-06-06 13:57:17,697 [pool-216-thread-1] INFO  storage.RaftStorageDirectory (RaftStorageDirectoryImpl.java:tryLock(215)) - Lock on /home/runner/work/ozone/ozone/mnt/ozone/hadoop-ozone/integration-test/target/test-dir/MiniOzoneClusterImpl-498e09b4-d42e-43c3-9d7c-b3000502db30/datanode-1/data/ratis/12fbcb27-0b97-42a7-82ca-b9655ebf1251/in_use.lock acquired by nodename 1587@fv-az148-587
2021-06-06 13:57:17,698 [pool-216-thread-1] INFO  storage.RaftStorage (RaftStorageImpl.java:format(87)) - Storage directory /home/runner/work/ozone/ozone/mnt/ozone/hadoop-ozone/integration-test/target/test-dir/MiniOzoneClusterImpl-498e09b4-d42e-43c3-9d7c-b3000502db30/datanode-1/data/ratis/12fbcb27-0b97-42a7-82ca-b9655ebf1251 has been successfully formatted.
2021-06-06 13:57:17,699 [pool-216-thread-1] INFO  ratis.ContainerStateMachine (ContainerStateMachine.java:loadSnapshot(224)) - group-B9655EBF1251: The snapshot info is null. Setting the last applied indexto:(t:0, i:~)
2021-06-06 13:57:17,699 [pool-216-thread-1] INFO  server.RaftServerConfigKeys (ConfUtils.java:logGet(44)) - raft.server.notification.no-leader.timeout = 300s (custom)
2021-06-06 13:57:17,700 [EventQueue-PipelineReportForOneReplicaPipelineSafeModeRule] INFO  safemode.SCMSafeModeManager (SCMSafeModeManager.java:validateSafeModeExitRules(201)) - AtleastOneDatanodeReportedRule rule is successfully validated
2021-06-06 13:57:17,700 [pool-216-thread-1] INFO  server.RaftServerConfigKeys (ConfUtils.java:logGet(44)) - raft.server.log.use.memory = false (default)
2021-06-06 13:57:17,700 [pool-216-thread-1] INFO  server.RaftServerConfigKeys (ConfUtils.java:logGet(44)) - raft.server.log.purge.gap = 1000000 (custom)
2021-06-06 13:57:17,701 [pool-216-thread-1] INFO  server.RaftServerConfigKeys (ConfUtils.java:logGet(44)) - raft.server.log.appender.buffer.byte-limit = 33554432 (custom)
2021-06-06 13:57:17,701 [pool-216-thread-1] INFO  metrics.RatisMetrics (RatisMetrics.java:lambda$create$0(36)) - Creating Metrics Registry : ratis.log_worker.4f861c42-39d3-4f63-85a9-51f112b48038@group-B9655EBF1251
2021-06-06 13:57:17,701 [pool-216-thread-1] INFO  server.RaftServerConfigKeys (ConfUtils.java:logGet(44)) - raft.server.log.segment.size.max = 1048576 (custom)
2021-06-06 13:57:17,701 [pool-216-thread-1] INFO  server.RaftServerConfigKeys (ConfUtils.java:logGet(44)) - raft.server.log.segment.cache.num.max = 2 (custom)
2021-06-06 13:57:17,701 [pool-216-thread-1] INFO  server.RaftServerConfigKeys (ConfUtils.java:logGet(44)) - raft.server.log.segment.cache.size.max = 200MB (=209715200) (default)
2021-06-06 13:57:17,701 [pool-216-thread-1] INFO  segmented.SegmentedRaftLogWorker (SegmentedRaftLogWorker.java:<init>(182)) - new 4f861c42-39d3-4f63-85a9-51f112b48038@group-B9655EBF1251-SegmentedRaftLogWorker for RaftStorageImpl:Storage Directory /home/runner/work/ozone/ozone/mnt/ozone/hadoop-ozone/integration-test/target/test-dir/MiniOzoneClusterImpl-498e09b4-d42e-43c3-9d7c-b3000502db30/datanode-1/data/ratis/12fbcb27-0b97-42a7-82ca-b9655ebf1251
2021-06-06 13:57:17,702 [pool-216-thread-1] INFO  server.RaftServerConfigKeys (ConfUtils.java:logGet(44)) - raft.server.log.queue.byte-limit = 2147483647 (custom)
2021-06-06 13:57:17,702 [pool-216-thread-1] INFO  server.RaftServerConfigKeys (ConfUtils.java:logGet(44)) - raft.server.log.queue.element-limit = 1024 (custom)
2021-06-06 13:57:17,702 [pool-216-thread-1] INFO  server.RaftServerConfigKeys (ConfUtils.java:logGet(44)) - raft.server.log.segment.size.max = 1048576 (custom)
2021-06-06 13:57:17,702 [pool-216-thread-1] INFO  server.RaftServerConfigKeys (ConfUtils.java:logGet(44)) - raft.server.log.preallocated.size = 16384 (custom)
2021-06-06 13:57:17,702 [pool-216-thread-1] INFO  server.RaftServerConfigKeys (ConfUtils.java:logGet(44)) - raft.server.log.force.sync.num = 128 (default)
2021-06-06 13:57:17,702 [pool-216-thread-1] INFO  server.RaftServerConfigKeys (ConfUtils.java:logGet(44)) - raft.server.log.statemachine.data.sync = true (default)
2021-06-06 13:57:17,702 [pool-216-thread-1] INFO  server.RaftServerConfigKeys (ConfUtils.java:logGet(44)) - raft.server.log.statemachine.data.sync.timeout = 10s (default)
2021-06-06 13:57:17,702 [pool-216-thread-1] INFO  server.RaftServerConfigKeys (ConfUtils.java:logGet(44)) - raft.server.log.statemachine.data.sync.timeout.retry = -1 (default)
2021-06-06 13:57:17,703 [pool-216-thread-1] INFO  server.RaftServerConfigKeys (ConfUtils.java:logGet(44)) - raft.server.log.write.buffer.size = 1048576 (custom)
2021-06-06 13:57:17,704 [pool-216-thread-1] INFO  server.RaftServerConfigKeys (ConfUtils.java:logGet(44)) - raft.server.log.statemachine.data.caching.enabled = true (custom)
2021-06-06 13:57:17,704 [pool-216-thread-1] INFO  segmented.SegmentedRaftLogWorker (SegmentedRaftLogWorker.java:lambda$new$0(133)) - 4f861c42-39d3-4f63-85a9-51f112b48038@group-B9655EBF1251-SegmentedRaftLogWorker: flushIndex: setUnconditionally 0 -> -1
2021-06-06 13:57:17,704 [pool-216-thread-1] INFO  segmented.SegmentedRaftLogWorker (SegmentedRaftLogWorker.java:lambda$new$0(133)) - 4f861c42-39d3-4f63-85a9-51f112b48038@group-B9655EBF1251-SegmentedRaftLogWorker: safeCacheEvictIndex: setUnconditionally 0 -> -1
2021-06-06 13:57:17,704 [pool-216-thread-1] INFO  server.RaftServerConfigKeys (ConfUtils.java:logGet(44)) - raft.server.snapshot.auto.trigger.enabled = true (custom)
2021-06-06 13:57:17,704 [pool-216-thread-1] INFO  server.RaftServerConfigKeys (ConfUtils.java:logGet(44)) - raft.server.snapshot.auto.trigger.threshold = 10000 (custom)
2021-06-06 13:57:17,704 [pool-216-thread-1] INFO  server.RaftServerConfigKeys (ConfUtils.java:logGet(44)) - raft.server.snapshot.retention.file.num = 5 (custom)
2021-06-06 13:57:17,704 [pool-216-thread-1] INFO  server.RaftServerConfigKeys (ConfUtils.java:logGet(44)) - raft.server.log.purge.upto.snapshot.index = false (default)
2021-06-06 13:57:17,704 [pool-216-thread-1] INFO  server.RaftServerConfigKeys (ConfUtils.java:logGet(44)) - raft.server.retrycache.expirytime = 600000ms (custom)
2021-06-06 13:57:17,704 [pool-216-thread-1] INFO  server.RaftServerConfigKeys (ConfUtils.java:logGet(44)) - raft.server.retrycache.statistics.expirytime = 100μs (default)
2021-06-06 13:57:17,704 [pool-216-thread-1] INFO  metrics.RatisMetrics (RatisMetrics.java:lambda$create$0(36)) - Creating Metrics Registry : ratis.leader_election.4f861c42-39d3-4f63-85a9-51f112b48038@group-B9655EBF1251
2021-06-06 13:57:17,705 [pool-216-thread-1] INFO  metrics.RatisMetrics (RatisMetrics.java:lambda$create$0(36)) - Creating Metrics Registry : ratis.server.4f861c42-39d3-4f63-85a9-51f112b48038@group-B9655EBF1251
2021-06-06 13:57:17,706 [pool-216-thread-1] INFO  server.RaftServer$Division (RaftServerImpl.java:start(295)) - 4f861c42-39d3-4f63-85a9-51f112b48038@group-B9655EBF1251: start as a follower, conf=-1: [0df3d903-2160-49f6-b3f1-a0b58e05c8a8|rpc:10.1.0.37:38015|dataStream:|priority:0, 4f861c42-39d3-4f63-85a9-51f112b48038|rpc:10.1.0.37:43869|dataStream:|priority:1, f60ce0a5-af9c-4134-abee-27c495795ec5|rpc:10.1.0.37:33789|dataStream:|priority:0], old=null
2021-06-06 13:57:17,706 [pool-216-thread-1] INFO  server.RaftServer$Division (RaftServerImpl.java:setRole(284)) - 4f861c42-39d3-4f63-85a9-51f112b48038@group-B9655EBF1251: changes role from      null to FOLLOWER at term 0 for startAsFollower
2021-06-06 13:57:17,706 [pool-216-thread-1] INFO  impl.RoleInfo (RoleInfo.java:updateAndGet(130)) - 4f861c42-39d3-4f63-85a9-51f112b48038: start 4f861c42-39d3-4f63-85a9-51f112b48038@group-B9655EBF1251-FollowerState
2021-06-06 13:57:17,706 [pool-216-thread-1] INFO  util.JmxRegister (JmxRegister.java:tryRegister(44)) - Successfully registered JMX Bean with object name Ratis:service=RaftServer,group=group-B9655EBF1251,id=4f861c42-39d3-4f63-85a9-51f112b48038
2021-06-06 13:57:17,706 [pool-216-thread-1] INFO  metrics.RatisMetrics (RatisMetrics.java:lambda$create$0(36)) - Creating Metrics Registry : ratis.state_machine.4f861c42-39d3-4f63-85a9-51f112b48038@group-B9655EBF1251
2021-06-06 13:57:17,711 [Command processor thread] INFO  metrics.RatisMetrics (RatisMetrics.java:lambda$create$0(36)) - Creating Metrics Registry : ratis.client_message_metrics.client-1D435EB4D324->0df3d903-2160-49f6-b3f1-a0b58e05c8a8
2021-06-06 13:57:17,716 [grpc-default-executor-1] INFO  metrics.RatisMetrics (RatisMetrics.java:lambda$create$0(36)) - Creating Metrics Registry : ratis.server_message_metrics.0df3d903-2160-49f6-b3f1-a0b58e05c8a8
2021-06-06 13:57:17,721 [grpc-default-executor-1] INFO  server.RaftServer (RaftServerProxy.java:addNew(95)) - 0df3d903-2160-49f6-b3f1-a0b58e05c8a8: addNew group-B9655EBF1251:[0df3d903-2160-49f6-b3f1-a0b58e05c8a8|rpc:10.1.0.37:38015|dataStream:|priority:0, 4f861c42-39d3-4f63-85a9-51f112b48038|rpc:10.1.0.37:43869|dataStream:|priority:1, f60ce0a5-af9c-4134-abee-27c495795ec5|rpc:10.1.0.37:33789|dataStream:|priority:0] returns group-B9655EBF1251:java.util.concurrent.CompletableFuture@47b485ad[Not completed]
2021-06-06 13:57:17,722 [pool-234-thread-1] INFO  server.RaftServer$Division (RaftServerImpl.java:<init>(180)) - 0df3d903-2160-49f6-b3f1-a0b58e05c8a8: new RaftServerImpl for group-B9655EBF1251:[0df3d903-2160-49f6-b3f1-a0b58e05c8a8|rpc:10.1.0.37:38015|dataStream:|priority:0, 4f861c42-39d3-4f63-85a9-51f112b48038|rpc:10.1.0.37:43869|dataStream:|priority:1, f60ce0a5-af9c-4134-abee-27c495795ec5|rpc:10.1.0.37:33789|dataStream:|priority:0] with ContainerStateMachine:uninitialized
2021-06-06 13:57:17,722 [pool-234-thread-1] INFO  server.RaftServerConfigKeys (ConfUtils.java:logGet(44)) - raft.server.rpc.timeout.min = 5s (custom)
2021-06-06 13:57:17,722 [pool-234-thread-1] INFO  server.RaftServerConfigKeys (ConfUtils.java:logGet(44)) - raft.server.rpc.timeout.max = 5200ms (custom)
2021-06-06 13:57:17,722 [pool-234-thread-1] INFO  server.RaftServerConfigKeys (ConfUtils.java:logGet(44)) - raft.server.rpc.sleep.time = 25ms (default)
2021-06-06 13:57:17,722 [pool-234-thread-1] INFO  server.RaftServerConfigKeys (ConfUtils.java:logGet(44)) - raft.server.rpc.slowness.timeout = 300s (custom)
2021-06-06 13:57:17,723 [pool-234-thread-1] INFO  server.RaftServerConfigKeys (ConfUtils.java:logGet(44)) - raft.server.leaderelection.leader.step-down.wait-time = 10s (default)
2021-06-06 13:57:17,723 [pool-234-thread-1] INFO  server.RaftServerConfigKeys (ConfUtils.java:logGet(44)) - raft.server.sleep.deviation.threshold = 300ms (default)
2021-06-06 13:57:17,723 [pool-234-thread-1] INFO  server.RaftServerConfigKeys (ConfUtils.java:logGet(44)) - raft.server.log.appender.install.snapshot.enabled = false (custom)
2021-06-06 13:57:17,723 [pool-234-thread-1] INFO  server.RaftServer$Division (ServerState.java:<init>(105)) - 0df3d903-2160-49f6-b3f1-a0b58e05c8a8@group-B9655EBF1251: ConfigurationManager, init=-1: [0df3d903-2160-49f6-b3f1-a0b58e05c8a8|rpc:10.1.0.37:38015|dataStream:|priority:0, 4f861c42-39d3-4f63-85a9-51f112b48038|rpc:10.1.0.37:43869|dataStream:|priority:1, f60ce0a5-af9c-4134-abee-27c495795ec5|rpc:10.1.0.37:33789|dataStream:|priority:0], old=null, confs=<EMPTY_MAP>
2021-06-06 13:57:17,723 [pool-234-thread-1] INFO  server.RaftServerConfigKeys (ConfUtils.java:logGet(44)) - raft.server.storage.dir = [/home/runner/work/ozone/ozone/mnt/ozone/hadoop-ozone/integration-test/target/test-dir/MiniOzoneClusterImpl-498e09b4-d42e-43c3-9d7c-b3000502db30/datanode-2/data/ratis] (custom)
2021-06-06 13:57:17,723 [pool-234-thread-1] INFO  server.RaftServerConfigKeys (ConfUtils.java:logGet(44)) - raft.server.log.corruption.policy = EXCEPTION (default)
2021-06-06 13:57:17,723 [pool-234-thread-1] INFO  storage.RaftStorageDirectory (RaftStorageDirectoryImpl.java:analyzeStorage(132)) - The storage directory /home/runner/work/ozone/ozone/mnt/ozone/hadoop-ozone/integration-test/target/test-dir/MiniOzoneClusterImpl-498e09b4-d42e-43c3-9d7c-b3000502db30/datanode-2/data/ratis/12fbcb27-0b97-42a7-82ca-b9655ebf1251 does not exist. Creating ...
2021-06-06 13:57:17,725 [pool-234-thread-1] INFO  storage.RaftStorageDirectory (RaftStorageDirectoryImpl.java:tryLock(215)) - Lock on /home/runner/work/ozone/ozone/mnt/ozone/hadoop-ozone/integration-test/target/test-dir/MiniOzoneClusterImpl-498e09b4-d42e-43c3-9d7c-b3000502db30/datanode-2/data/ratis/12fbcb27-0b97-42a7-82ca-b9655ebf1251/in_use.lock acquired by nodename 1587@fv-az148-587
2021-06-06 13:57:17,726 [pool-234-thread-1] INFO  storage.RaftStorage (RaftStorageImpl.java:format(87)) - Storage directory /home/runner/work/ozone/ozone/mnt/ozone/hadoop-ozone/integration-test/target/test-dir/MiniOzoneClusterImpl-498e09b4-d42e-43c3-9d7c-b3000502db30/datanode-2/data/ratis/12fbcb27-0b97-42a7-82ca-b9655ebf1251 has been successfully formatted.
2021-06-06 13:57:17,726 [pool-234-thread-1] INFO  ratis.ContainerStateMachine (ContainerStateMachine.java:loadSnapshot(224)) - group-B9655EBF1251: The snapshot info is null. Setting the last applied indexto:(t:0, i:~)
2021-06-06 13:57:17,727 [EventQueue-PipelineReportForOneReplicaPipelineSafeModeRule] INFO  safemode.SCMSafeModeManager (SCMSafeModeManager.java:validateSafeModeExitRules(201)) - AtleastOneDatanodeReportedRule rule is successfully validated
2021-06-06 13:57:17,729 [pool-234-thread-1] INFO  server.RaftServerConfigKeys (ConfUtils.java:logGet(44)) - raft.server.notification.no-leader.timeout = 300s (custom)
2021-06-06 13:57:17,729 [pool-234-thread-1] INFO  server.RaftServerConfigKeys (ConfUtils.java:logGet(44)) - raft.server.log.use.memory = false (default)
2021-06-06 13:57:17,729 [pool-234-thread-1] INFO  server.RaftServerConfigKeys (ConfUtils.java:logGet(44)) - raft.server.log.purge.gap = 1000000 (custom)
2021-06-06 13:57:17,729 [pool-234-thread-1] INFO  server.RaftServerConfigKeys (ConfUtils.java:logGet(44)) - raft.server.log.appender.buffer.byte-limit = 33554432 (custom)
2021-06-06 13:57:17,729 [pool-234-thread-1] INFO  metrics.RatisMetrics (RatisMetrics.java:lambda$create$0(36)) - Creating Metrics Registry : ratis.log_worker.0df3d903-2160-49f6-b3f1-a0b58e05c8a8@group-B9655EBF1251
2021-06-06 13:57:17,729 [pool-234-thread-1] INFO  server.RaftServerConfigKeys (ConfUtils.java:logGet(44)) - raft.server.log.segment.size.max = 1048576 (custom)
2021-06-06 13:57:17,730 [pool-234-thread-1] INFO  server.RaftServerConfigKeys (ConfUtils.java:logGet(44)) - raft.server.log.segment.cache.num.max = 2 (custom)
2021-06-06 13:57:17,730 [pool-234-thread-1] INFO  server.RaftServerConfigKeys (ConfUtils.java:logGet(44)) - raft.server.log.segment.cache.size.max = 200MB (=209715200) (default)
2021-06-06 13:57:17,730 [pool-234-thread-1] INFO  segmented.SegmentedRaftLogWorker (SegmentedRaftLogWorker.java:<init>(182)) - new 0df3d903-2160-49f6-b3f1-a0b58e05c8a8@group-B9655EBF1251-SegmentedRaftLogWorker for RaftStorageImpl:Storage Directory /home/runner/work/ozone/ozone/mnt/ozone/hadoop-ozone/integration-test/target/test-dir/MiniOzoneClusterImpl-498e09b4-d42e-43c3-9d7c-b3000502db30/datanode-2/data/ratis/12fbcb27-0b97-42a7-82ca-b9655ebf1251
2021-06-06 13:57:17,730 [pool-234-thread-1] INFO  server.RaftServerConfigKeys (ConfUtils.java:logGet(44)) - raft.server.log.queue.byte-limit = 2147483647 (custom)
2021-06-06 13:57:17,730 [pool-234-thread-1] INFO  server.RaftServerConfigKeys (ConfUtils.java:logGet(44)) - raft.server.log.queue.element-limit = 1024 (custom)
2021-06-06 13:57:17,730 [pool-234-thread-1] INFO  server.RaftServerConfigKeys (ConfUtils.java:logGet(44)) - raft.server.log.segment.size.max = 1048576 (custom)
2021-06-06 13:57:17,730 [pool-234-thread-1] INFO  server.RaftServerConfigKeys (ConfUtils.java:logGet(44)) - raft.server.log.preallocated.size = 16384 (custom)
2021-06-06 13:57:17,730 [pool-234-thread-1] INFO  server.RaftServerConfigKeys (ConfUtils.java:logGet(44)) - raft.server.log.force.sync.num = 128 (default)
2021-06-06 13:57:17,730 [pool-234-thread-1] INFO  server.RaftServerConfigKeys (ConfUtils.java:logGet(44)) - raft.server.log.statemachine.data.sync = true (default)
2021-06-06 13:57:17,730 [pool-234-thread-1] INFO  server.RaftServerConfigKeys (ConfUtils.java:logGet(44)) - raft.server.log.statemachine.data.sync.timeout = 10s (default)
2021-06-06 13:57:17,730 [pool-234-thread-1] INFO  server.RaftServerConfigKeys (ConfUtils.java:logGet(44)) - raft.server.log.statemachine.data.sync.timeout.retry = -1 (default)
2021-06-06 13:57:17,731 [pool-234-thread-1] INFO  server.RaftServerConfigKeys (ConfUtils.java:logGet(44)) - raft.server.log.write.buffer.size = 1048576 (custom)
2021-06-06 13:57:17,731 [pool-234-thread-1] INFO  server.RaftServerConfigKeys (ConfUtils.java:logGet(44)) - raft.server.log.statemachine.data.caching.enabled = true (custom)
2021-06-06 13:57:17,732 [pool-234-thread-1] INFO  segmented.SegmentedRaftLogWorker (SegmentedRaftLogWorker.java:lambda$new$0(133)) - 0df3d903-2160-49f6-b3f1-a0b58e05c8a8@group-B9655EBF1251-SegmentedRaftLogWorker: flushIndex: setUnconditionally 0 -> -1
2021-06-06 13:57:17,732 [pool-234-thread-1] INFO  segmented.SegmentedRaftLogWorker (SegmentedRaftLogWorker.java:lambda$new$0(133)) - 0df3d903-2160-49f6-b3f1-a0b58e05c8a8@group-B9655EBF1251-SegmentedRaftLogWorker: safeCacheEvictIndex: setUnconditionally 0 -> -1
2021-06-06 13:57:17,732 [pool-234-thread-1] INFO  server.RaftServerConfigKeys (ConfUtils.java:logGet(44)) - raft.server.snapshot.auto.trigger.enabled = true (custom)
2021-06-06 13:57:17,732 [pool-234-thread-1] INFO  server.RaftServerConfigKeys (ConfUtils.java:logGet(44)) - raft.server.snapshot.auto.trigger.threshold = 10000 (custom)
2021-06-06 13:57:17,732 [pool-234-thread-1] INFO  server.RaftServerConfigKeys (ConfUtils.java:logGet(44)) - raft.server.snapshot.retention.file.num = 5 (custom)
2021-06-06 13:57:17,732 [pool-234-thread-1] INFO  server.RaftServerConfigKeys (ConfUtils.java:logGet(44)) - raft.server.log.purge.upto.snapshot.index = false (default)
2021-06-06 13:57:17,732 [pool-234-thread-1] INFO  server.RaftServerConfigKeys (ConfUtils.java:logGet(44)) - raft.server.retrycache.expirytime = 600000ms (custom)
2021-06-06 13:57:17,732 [pool-234-thread-1] INFO  server.RaftServerConfigKeys (ConfUtils.java:logGet(44)) - raft.server.retrycache.statistics.expirytime = 100μs (default)
2021-06-06 13:57:17,732 [pool-234-thread-1] INFO  metrics.RatisMetrics (RatisMetrics.java:lambda$create$0(36)) - Creating Metrics Registry : ratis.leader_election.0df3d903-2160-49f6-b3f1-a0b58e05c8a8@group-B9655EBF1251
2021-06-06 13:57:17,732 [pool-234-thread-1] INFO  metrics.RatisMetrics (RatisMetrics.java:lambda$create$0(36)) - Creating Metrics Registry : ratis.server.0df3d903-2160-49f6-b3f1-a0b58e05c8a8@group-B9655EBF1251
2021-06-06 13:57:17,733 [pool-234-thread-1] INFO  server.RaftServer$Division (RaftServerImpl.java:start(295)) - 0df3d903-2160-49f6-b3f1-a0b58e05c8a8@group-B9655EBF1251: start as a follower, conf=-1: [0df3d903-2160-49f6-b3f1-a0b58e05c8a8|rpc:10.1.0.37:38015|dataStream:|priority:0, 4f861c42-39d3-4f63-85a9-51f112b48038|rpc:10.1.0.37:43869|dataStream:|priority:1, f60ce0a5-af9c-4134-abee-27c495795ec5|rpc:10.1.0.37:33789|dataStream:|priority:0], old=null
2021-06-06 13:57:17,733 [pool-234-thread-1] INFO  server.RaftServer$Division (RaftServerImpl.java:setRole(284)) - 0df3d903-2160-49f6-b3f1-a0b58e05c8a8@group-B9655EBF1251: changes role from      null to FOLLOWER at term 0 for startAsFollower
2021-06-06 13:57:17,733 [pool-234-thread-1] INFO  impl.RoleInfo (RoleInfo.java:updateAndGet(130)) - 0df3d903-2160-49f6-b3f1-a0b58e05c8a8: start 0df3d903-2160-49f6-b3f1-a0b58e05c8a8@group-B9655EBF1251-FollowerState
2021-06-06 13:57:17,737 [pool-234-thread-1] INFO  util.JmxRegister (JmxRegister.java:tryRegister(44)) - Successfully registered JMX Bean with object name Ratis:service=RaftServer,group=group-B9655EBF1251,id=0df3d903-2160-49f6-b3f1-a0b58e05c8a8
2021-06-06 13:57:17,737 [pool-234-thread-1] INFO  metrics.RatisMetrics (RatisMetrics.java:lambda$create$0(36)) - Creating Metrics Registry : ratis.state_machine.0df3d903-2160-49f6-b3f1-a0b58e05c8a8@group-B9655EBF1251
2021-06-06 13:57:17,743 [Command processor thread] INFO  commandhandler.CreatePipelineCommandHandler (CreatePipelineCommandHandler.java:handle(106)) - Created Pipeline RATIS THREE PipelineID=12fbcb27-0b97-42a7-82ca-b9655ebf1251.
2021-06-06 13:57:17,744 [Command processor thread] INFO  server.RaftServer (RaftServerProxy.java:addNew(95)) - f60ce0a5-af9c-4134-abee-27c495795ec5: addNew group-8C6A9ECF6A76:[0df3d903-2160-49f6-b3f1-a0b58e05c8a8|rpc:10.1.0.37:38015|priority:0, 4f861c42-39d3-4f63-85a9-51f112b48038|rpc:10.1.0.37:43869|priority:0, f60ce0a5-af9c-4134-abee-27c495795ec5|rpc:10.1.0.37:33789|priority:1] returns group-8C6A9ECF6A76:java.util.concurrent.CompletableFuture@e3dacb2[Not completed]
2021-06-06 13:57:17,746 [pool-198-thread-1] INFO  server.RaftServer$Division (RaftServerImpl.java:<init>(180)) - f60ce0a5-af9c-4134-abee-27c495795ec5: new RaftServerImpl for group-8C6A9ECF6A76:[0df3d903-2160-49f6-b3f1-a0b58e05c8a8|rpc:10.1.0.37:38015|priority:0, 4f861c42-39d3-4f63-85a9-51f112b48038|rpc:10.1.0.37:43869|priority:0, f60ce0a5-af9c-4134-abee-27c495795ec5|rpc:10.1.0.37:33789|priority:1] with ContainerStateMachine:uninitialized
2021-06-06 13:57:17,746 [pool-198-thread-1] INFO  server.RaftServerConfigKeys (ConfUtils.java:logGet(44)) - raft.server.rpc.timeout.min = 5s (custom)
2021-06-06 13:57:17,746 [pool-198-thread-1] INFO  server.RaftServerConfigKeys (ConfUtils.java:logGet(44)) - raft.server.rpc.timeout.max = 5200ms (custom)
2021-06-06 13:57:17,746 [pool-198-thread-1] INFO  server.RaftServerConfigKeys (ConfUtils.java:logGet(44)) - raft.server.rpc.sleep.time = 25ms (default)
2021-06-06 13:57:17,746 [pool-198-thread-1] INFO  server.RaftServerConfigKeys (ConfUtils.java:logGet(44)) - raft.server.rpc.slowness.timeout = 300s (custom)
2021-06-06 13:57:17,746 [pool-198-thread-1] INFO  server.RaftServerConfigKeys (ConfUtils.java:logGet(44)) - raft.server.leaderelection.leader.step-down.wait-time = 10s (default)
2021-06-06 13:57:17,746 [pool-198-thread-1] INFO  server.RaftServerConfigKeys (ConfUtils.java:logGet(44)) - raft.server.sleep.deviation.threshold = 300ms (default)
2021-06-06 13:57:17,746 [pool-198-thread-1] INFO  server.RaftServerConfigKeys (ConfUtils.java:logGet(44)) - raft.server.log.appender.install.snapshot.enabled = false (custom)
2021-06-06 13:57:17,746 [pool-198-thread-1] INFO  server.RaftServer$Division (ServerState.java:<init>(105)) - f60ce0a5-af9c-4134-abee-27c495795ec5@group-8C6A9ECF6A76: ConfigurationManager, init=-1: [0df3d903-2160-49f6-b3f1-a0b58e05c8a8|rpc:10.1.0.37:38015|priority:0, 4f861c42-39d3-4f63-85a9-51f112b48038|rpc:10.1.0.37:43869|priority:0, f60ce0a5-af9c-4134-abee-27c495795ec5|rpc:10.1.0.37:33789|priority:1], old=null, confs=<EMPTY_MAP>
2021-06-06 13:57:17,747 [pool-198-thread-1] INFO  server.RaftServerConfigKeys (ConfUtils.java:logGet(44)) - raft.server.storage.dir = [/home/runner/work/ozone/ozone/mnt/ozone/hadoop-ozone/integration-test/target/test-dir/MiniOzoneClusterImpl-498e09b4-d42e-43c3-9d7c-b3000502db30/datanode-0/data/ratis] (custom)
2021-06-06 13:57:17,747 [pool-198-thread-1] INFO  server.RaftServerConfigKeys (ConfUtils.java:logGet(44)) - raft.server.log.corruption.policy = EXCEPTION (default)
2021-06-06 13:57:17,747 [pool-198-thread-1] INFO  storage.RaftStorageDirectory (RaftStorageDirectoryImpl.java:analyzeStorage(132)) - The storage directory /home/runner/work/ozone/ozone/mnt/ozone/hadoop-ozone/integration-test/target/test-dir/MiniOzoneClusterImpl-498e09b4-d42e-43c3-9d7c-b3000502db30/datanode-0/data/ratis/a552dffb-5387-4cef-9ba5-8c6a9ecf6a76 does not exist. Creating ...
2021-06-06 13:57:17,749 [pool-198-thread-1] INFO  storage.RaftStorageDirectory (RaftStorageDirectoryImpl.java:tryLock(215)) - Lock on /home/runner/work/ozone/ozone/mnt/ozone/hadoop-ozone/integration-test/target/test-dir/MiniOzoneClusterImpl-498e09b4-d42e-43c3-9d7c-b3000502db30/datanode-0/data/ratis/a552dffb-5387-4cef-9ba5-8c6a9ecf6a76/in_use.lock acquired by nodename 1587@fv-az148-587
2021-06-06 13:57:17,751 [pool-198-thread-1] INFO  storage.RaftStorage (RaftStorageImpl.java:format(87)) - Storage directory /home/runner/work/ozone/ozone/mnt/ozone/hadoop-ozone/integration-test/target/test-dir/MiniOzoneClusterImpl-498e09b4-d42e-43c3-9d7c-b3000502db30/datanode-0/data/ratis/a552dffb-5387-4cef-9ba5-8c6a9ecf6a76 has been successfully formatted.
2021-06-06 13:57:17,751 [pool-198-thread-1] INFO  ratis.ContainerStateMachine (ContainerStateMachine.java:loadSnapshot(224)) - group-8C6A9ECF6A76: The snapshot info is null. Setting the last applied indexto:(t:0, i:~)
2021-06-06 13:57:17,751 [pool-198-thread-1] INFO  server.RaftServerConfigKeys (ConfUtils.java:logGet(44)) - raft.server.notification.no-leader.timeout = 300s (custom)
2021-06-06 13:57:17,751 [pool-198-thread-1] INFO  server.RaftServerConfigKeys (ConfUtils.java:logGet(44)) - raft.server.log.use.memory = false (default)
2021-06-06 13:57:17,751 [pool-198-thread-1] INFO  server.RaftServerConfigKeys (ConfUtils.java:logGet(44)) - raft.server.log.purge.gap = 1000000 (custom)
2021-06-06 13:57:17,751 [pool-198-thread-1] INFO  server.RaftServerConfigKeys (ConfUtils.java:logGet(44)) - raft.server.log.appender.buffer.byte-limit = 33554432 (custom)
2021-06-06 13:57:17,752 [pool-198-thread-1] INFO  metrics.RatisMetrics (RatisMetrics.java:lambda$create$0(36)) - Creating Metrics Registry : ratis.log_worker.f60ce0a5-af9c-4134-abee-27c495795ec5@group-8C6A9ECF6A76
2021-06-06 13:57:17,752 [EventQueue-OpenPipelineForHealthyPipelineSafeModeRule] INFO  safemode.SCMSafeModeManager (HealthyPipelineSafeModeRule.java:process(130)) - SCM in safe mode. Healthy pipelines reported count is 0, required healthy pipeline reported count is 1
2021-06-06 13:57:17,753 [pool-198-thread-1] INFO  server.RaftServerConfigKeys (ConfUtils.java:logGet(44)) - raft.server.log.segment.size.max = 1048576 (custom)
2021-06-06 13:57:17,752 [EventQueue-PipelineReportForOneReplicaPipelineSafeModeRule] INFO  safemode.SCMSafeModeManager (SCMSafeModeManager.java:validateSafeModeExitRules(201)) - AtleastOneDatanodeReportedRule rule is successfully validated
2021-06-06 13:57:17,753 [pool-198-thread-1] INFO  server.RaftServerConfigKeys (ConfUtils.java:logGet(44)) - raft.server.log.segment.cache.num.max = 2 (custom)
2021-06-06 13:57:17,753 [pool-198-thread-1] INFO  server.RaftServerConfigKeys (ConfUtils.java:logGet(44)) - raft.server.log.segment.cache.size.max = 200MB (=209715200) (default)
2021-06-06 13:57:17,753 [pool-198-thread-1] INFO  segmented.SegmentedRaftLogWorker (SegmentedRaftLogWorker.java:<init>(182)) - new f60ce0a5-af9c-4134-abee-27c495795ec5@group-8C6A9ECF6A76-SegmentedRaftLogWorker for RaftStorageImpl:Storage Directory /home/runner/work/ozone/ozone/mnt/ozone/hadoop-ozone/integration-test/target/test-dir/MiniOzoneClusterImpl-498e09b4-d42e-43c3-9d7c-b3000502db30/datanode-0/data/ratis/a552dffb-5387-4cef-9ba5-8c6a9ecf6a76
2021-06-06 13:57:17,753 [pool-198-thread-1] INFO  server.RaftServerConfigKeys (ConfUtils.java:logGet(44)) - raft.server.log.queue.byte-limit = 2147483647 (custom)
2021-06-06 13:57:17,753 [pool-198-thread-1] INFO  server.RaftServerConfigKeys (ConfUtils.java:logGet(44)) - raft.server.log.queue.element-limit = 1024 (custom)
2021-06-06 13:57:17,754 [pool-198-thread-1] INFO  server.RaftServerConfigKeys (ConfUtils.java:logGet(44)) - raft.server.log.segment.size.max = 1048576 (custom)
2021-06-06 13:57:17,754 [pool-198-thread-1] INFO  server.RaftServerConfigKeys (ConfUtils.java:logGet(44)) - raft.server.log.preallocated.size = 16384 (custom)
2021-06-06 13:57:17,754 [pool-198-thread-1] INFO  server.RaftServerConfigKeys (ConfUtils.java:logGet(44)) - raft.server.log.force.sync.num = 128 (default)
2021-06-06 13:57:17,754 [pool-198-thread-1] INFO  server.RaftServerConfigKeys (ConfUtils.java:logGet(44)) - raft.server.log.statemachine.data.sync = true (default)
2021-06-06 13:57:17,754 [pool-198-thread-1] INFO  server.RaftServerConfigKeys (ConfUtils.java:logGet(44)) - raft.server.log.statemachine.data.sync.timeout = 10s (default)
2021-06-06 13:57:17,754 [pool-198-thread-1] INFO  server.RaftServerConfigKeys (ConfUtils.java:logGet(44)) - raft.server.log.statemachine.data.sync.timeout.retry = -1 (default)
2021-06-06 13:57:17,755 [pool-198-thread-1] INFO  server.RaftServerConfigKeys (ConfUtils.java:logGet(44)) - raft.server.log.write.buffer.size = 1048576 (custom)
2021-06-06 13:57:17,755 [pool-198-thread-1] INFO  server.RaftServerConfigKeys (ConfUtils.java:logGet(44)) - raft.server.log.statemachine.data.caching.enabled = true (custom)
2021-06-06 13:57:17,756 [pool-198-thread-1] INFO  segmented.SegmentedRaftLogWorker (SegmentedRaftLogWorker.java:lambda$new$0(133)) - f60ce0a5-af9c-4134-abee-27c495795ec5@group-8C6A9ECF6A76-SegmentedRaftLogWorker: flushIndex: setUnconditionally 0 -> -1
2021-06-06 13:57:17,756 [pool-198-thread-1] INFO  segmented.SegmentedRaftLogWorker (SegmentedRaftLogWorker.java:lambda$new$0(133)) - f60ce0a5-af9c-4134-abee-27c495795ec5@group-8C6A9ECF6A76-SegmentedRaftLogWorker: safeCacheEvictIndex: setUnconditionally 0 -> -1
2021-06-06 13:57:17,756 [pool-198-thread-1] INFO  server.RaftServerConfigKeys (ConfUtils.java:logGet(44)) - raft.server.snapshot.auto.trigger.enabled = true (custom)
2021-06-06 13:57:17,756 [pool-198-thread-1] INFO  server.RaftServerConfigKeys (ConfUtils.java:logGet(44)) - raft.server.snapshot.auto.trigger.threshold = 10000 (custom)
2021-06-06 13:57:17,756 [pool-198-thread-1] INFO  server.RaftServerConfigKeys (ConfUtils.java:logGet(44)) - raft.server.snapshot.retention.file.num = 5 (custom)
2021-06-06 13:57:17,756 [pool-198-thread-1] INFO  server.RaftServerConfigKeys (ConfUtils.java:logGet(44)) - raft.server.log.purge.upto.snapshot.index = false (default)
2021-06-06 13:57:17,756 [pool-198-thread-1] INFO  server.RaftServerConfigKeys (ConfUtils.java:logGet(44)) - raft.server.retrycache.expirytime = 600000ms (custom)
2021-06-06 13:57:17,756 [pool-198-thread-1] INFO  server.RaftServerConfigKeys (ConfUtils.java:logGet(44)) - raft.server.retrycache.statistics.expirytime = 100μs (default)
2021-06-06 13:57:17,756 [pool-198-thread-1] INFO  metrics.RatisMetrics (RatisMetrics.java:lambda$create$0(36)) - Creating Metrics Registry : ratis.leader_election.f60ce0a5-af9c-4134-abee-27c495795ec5@group-8C6A9ECF6A76
2021-06-06 13:57:17,757 [pool-198-thread-1] INFO  metrics.RatisMetrics (RatisMetrics.java:lambda$create$0(36)) - Creating Metrics Registry : ratis.server.f60ce0a5-af9c-4134-abee-27c495795ec5@group-8C6A9ECF6A76
2021-06-06 13:57:17,757 [pool-198-thread-1] INFO  server.RaftServer$Division (RaftServerImpl.java:start(295)) - f60ce0a5-af9c-4134-abee-27c495795ec5@group-8C6A9ECF6A76: start as a follower, conf=-1: [0df3d903-2160-49f6-b3f1-a0b58e05c8a8|rpc:10.1.0.37:38015|priority:0, 4f861c42-39d3-4f63-85a9-51f112b48038|rpc:10.1.0.37:43869|priority:0, f60ce0a5-af9c-4134-abee-27c495795ec5|rpc:10.1.0.37:33789|priority:1], old=null
2021-06-06 13:57:17,757 [pool-198-thread-1] INFO  server.RaftServer$Division (RaftServerImpl.java:setRole(284)) - f60ce0a5-af9c-4134-abee-27c495795ec5@group-8C6A9ECF6A76: changes role from      null to FOLLOWER at term 0 for startAsFollower
2021-06-06 13:57:17,757 [pool-198-thread-1] INFO  impl.RoleInfo (RoleInfo.java:updateAndGet(130)) - f60ce0a5-af9c-4134-abee-27c495795ec5: start f60ce0a5-af9c-4134-abee-27c495795ec5@group-8C6A9ECF6A76-FollowerState
2021-06-06 13:57:17,763 [pool-198-thread-1] INFO  util.JmxRegister (JmxRegister.java:tryRegister(44)) - Successfully registered JMX Bean with object name Ratis:service=RaftServer,group=group-8C6A9ECF6A76,id=f60ce0a5-af9c-4134-abee-27c495795ec5
2021-06-06 13:57:17,763 [pool-198-thread-1] INFO  metrics.RatisMetrics (RatisMetrics.java:lambda$create$0(36)) - Creating Metrics Registry : ratis.state_machine.f60ce0a5-af9c-4134-abee-27c495795ec5@group-8C6A9ECF6A76
2021-06-06 13:57:17,764 [Command processor thread] INFO  ratis.XceiverServerRatis (XceiverServerRatis.java:addGroup(808)) - Created group PipelineID=a552dffb-5387-4cef-9ba5-8c6a9ecf6a76
2021-06-06 13:57:17,765 [Command processor thread] INFO  metrics.RatisMetrics (RatisMetrics.java:lambda$create$0(36)) - Creating Metrics Registry : ratis.client_message_metrics.client-846D8BEDF060->4f861c42-39d3-4f63-85a9-51f112b48038
2021-06-06 13:57:17,773 [grpc-default-executor-1] INFO  server.RaftServer (RaftServerProxy.java:addNew(95)) - 4f861c42-39d3-4f63-85a9-51f112b48038: addNew group-8C6A9ECF6A76:[0df3d903-2160-49f6-b3f1-a0b58e05c8a8|rpc:10.1.0.37:38015|dataStream:|priority:0, 4f861c42-39d3-4f63-85a9-51f112b48038|rpc:10.1.0.37:43869|dataStream:|priority:0, f60ce0a5-af9c-4134-abee-27c495795ec5|rpc:10.1.0.37:33789|dataStream:|priority:1] returns group-8C6A9ECF6A76:java.util.concurrent.CompletableFuture@680b4077[Not completed]
2021-06-06 13:57:17,773 [pool-216-thread-1] INFO  server.RaftServer$Division (RaftServerImpl.java:<init>(180)) - 4f861c42-39d3-4f63-85a9-51f112b48038: new RaftServerImpl for group-8C6A9ECF6A76:[0df3d903-2160-49f6-b3f1-a0b58e05c8a8|rpc:10.1.0.37:38015|dataStream:|priority:0, 4f861c42-39d3-4f63-85a9-51f112b48038|rpc:10.1.0.37:43869|dataStream:|priority:0, f60ce0a5-af9c-4134-abee-27c495795ec5|rpc:10.1.0.37:33789|dataStream:|priority:1] with ContainerStateMachine:uninitialized
2021-06-06 13:57:17,773 [pool-216-thread-1] INFO  server.RaftServerConfigKeys (ConfUtils.java:logGet(44)) - raft.server.rpc.timeout.min = 5s (custom)
2021-06-06 13:57:17,774 [pool-216-thread-1] INFO  server.RaftServerConfigKeys (ConfUtils.java:logGet(44)) - raft.server.rpc.timeout.max = 5200ms (custom)
2021-06-06 13:57:17,774 [pool-216-thread-1] INFO  server.RaftServerConfigKeys (ConfUtils.java:logGet(44)) - raft.server.rpc.sleep.time = 25ms (default)
2021-06-06 13:57:17,774 [pool-216-thread-1] INFO  server.RaftServerConfigKeys (ConfUtils.java:logGet(44)) - raft.server.rpc.slowness.timeout = 300s (custom)
2021-06-06 13:57:17,774 [pool-216-thread-1] INFO  server.RaftServerConfigKeys (ConfUtils.java:logGet(44)) - raft.server.leaderelection.leader.step-down.wait-time = 10s (default)
2021-06-06 13:57:17,774 [pool-216-thread-1] INFO  server.RaftServerConfigKeys (ConfUtils.java:logGet(44)) - raft.server.sleep.deviation.threshold = 300ms (default)
2021-06-06 13:57:17,774 [pool-216-thread-1] INFO  server.RaftServerConfigKeys (ConfUtils.java:logGet(44)) - raft.server.log.appender.install.snapshot.enabled = false (custom)
2021-06-06 13:57:17,774 [pool-216-thread-1] INFO  server.RaftServer$Division (ServerState.java:<init>(105)) - 4f861c42-39d3-4f63-85a9-51f112b48038@group-8C6A9ECF6A76: ConfigurationManager, init=-1: [0df3d903-2160-49f6-b3f1-a0b58e05c8a8|rpc:10.1.0.37:38015|dataStream:|priority:0, 4f861c42-39d3-4f63-85a9-51f112b48038|rpc:10.1.0.37:43869|dataStream:|priority:0, f60ce0a5-af9c-4134-abee-27c495795ec5|rpc:10.1.0.37:33789|dataStream:|priority:1], old=null, confs=<EMPTY_MAP>
2021-06-06 13:57:17,774 [pool-216-thread-1] INFO  server.RaftServerConfigKeys (ConfUtils.java:logGet(44)) - raft.server.storage.dir = [/home/runner/work/ozone/ozone/mnt/ozone/hadoop-ozone/integration-test/target/test-dir/MiniOzoneClusterImpl-498e09b4-d42e-43c3-9d7c-b3000502db30/datanode-1/data/ratis] (custom)
2021-06-06 13:57:17,774 [pool-216-thread-1] INFO  server.RaftServerConfigKeys (ConfUtils.java:logGet(44)) - raft.server.log.corruption.policy = EXCEPTION (default)
2021-06-06 13:57:17,774 [pool-216-thread-1] INFO  storage.RaftStorageDirectory (RaftStorageDirectoryImpl.java:analyzeStorage(132)) - The storage directory /home/runner/work/ozone/ozone/mnt/ozone/hadoop-ozone/integration-test/target/test-dir/MiniOzoneClusterImpl-498e09b4-d42e-43c3-9d7c-b3000502db30/datanode-1/data/ratis/a552dffb-5387-4cef-9ba5-8c6a9ecf6a76 does not exist. Creating ...
2021-06-06 13:57:17,776 [pool-216-thread-1] INFO  storage.RaftStorageDirectory (RaftStorageDirectoryImpl.java:tryLock(215)) - Lock on /home/runner/work/ozone/ozone/mnt/ozone/hadoop-ozone/integration-test/target/test-dir/MiniOzoneClusterImpl-498e09b4-d42e-43c3-9d7c-b3000502db30/datanode-1/data/ratis/a552dffb-5387-4cef-9ba5-8c6a9ecf6a76/in_use.lock acquired by nodename 1587@fv-az148-587
2021-06-06 13:57:17,777 [pool-216-thread-1] INFO  storage.RaftStorage (RaftStorageImpl.java:format(87)) - Storage directory /home/runner/work/ozone/ozone/mnt/ozone/hadoop-ozone/integration-test/target/test-dir/MiniOzoneClusterImpl-498e09b4-d42e-43c3-9d7c-b3000502db30/datanode-1/data/ratis/a552dffb-5387-4cef-9ba5-8c6a9ecf6a76 has been successfully formatted.
2021-06-06 13:57:17,779 [EventQueue-PipelineReportForOneReplicaPipelineSafeModeRule] INFO  safemode.SCMSafeModeManager (SCMSafeModeManager.java:validateSafeModeExitRules(201)) - AtleastOneDatanodeReportedRule rule is successfully validated
2021-06-06 13:57:17,779 [Command processor thread] INFO  server.RaftServer (RaftServerProxy.java:addNew(95)) - 4f861c42-39d3-4f63-85a9-51f112b48038: addNew group-69731BD46A4B:[4f861c42-39d3-4f63-85a9-51f112b48038|rpc:10.1.0.37:43869|priority:1] returns group-69731BD46A4B:java.util.concurrent.CompletableFuture@72b57654[Not completed]
2021-06-06 13:57:17,779 [pool-216-thread-1] INFO  ratis.ContainerStateMachine (ContainerStateMachine.java:loadSnapshot(224)) - group-8C6A9ECF6A76: The snapshot info is null. Setting the last applied indexto:(t:0, i:~)
2021-06-06 13:57:17,780 [pool-216-thread-1] INFO  server.RaftServerConfigKeys (ConfUtils.java:logGet(44)) - raft.server.notification.no-leader.timeout = 300s (custom)
2021-06-06 13:57:17,780 [pool-216-thread-1] INFO  server.RaftServerConfigKeys (ConfUtils.java:logGet(44)) - raft.server.log.use.memory = false (default)
2021-06-06 13:57:17,780 [pool-216-thread-1] INFO  server.RaftServerConfigKeys (ConfUtils.java:logGet(44)) - raft.server.log.purge.gap = 1000000 (custom)
2021-06-06 13:57:17,780 [pool-216-thread-1] INFO  server.RaftServerConfigKeys (ConfUtils.java:logGet(44)) - raft.server.log.appender.buffer.byte-limit = 33554432 (custom)
2021-06-06 13:57:17,780 [pool-216-thread-1] INFO  metrics.RatisMetrics (RatisMetrics.java:lambda$create$0(36)) - Creating Metrics Registry : ratis.log_worker.4f861c42-39d3-4f63-85a9-51f112b48038@group-8C6A9ECF6A76
2021-06-06 13:57:17,780 [pool-216-thread-1] INFO  server.RaftServerConfigKeys (ConfUtils.java:logGet(44)) - raft.server.log.segment.size.max = 1048576 (custom)
2021-06-06 13:57:17,781 [pool-216-thread-1] INFO  server.RaftServerConfigKeys (ConfUtils.java:logGet(44)) - raft.server.log.segment.cache.num.max = 2 (custom)
2021-06-06 13:57:17,781 [pool-216-thread-1] INFO  server.RaftServerConfigKeys (ConfUtils.java:logGet(44)) - raft.server.log.segment.cache.size.max = 200MB (=209715200) (default)
2021-06-06 13:57:17,781 [pool-216-thread-1] INFO  segmented.SegmentedRaftLogWorker (SegmentedRaftLogWorker.java:<init>(182)) - new 4f861c42-39d3-4f63-85a9-51f112b48038@group-8C6A9ECF6A76-SegmentedRaftLogWorker for RaftStorageImpl:Storage Directory /home/runner/work/ozone/ozone/mnt/ozone/hadoop-ozone/integration-test/target/test-dir/MiniOzoneClusterImpl-498e09b4-d42e-43c3-9d7c-b3000502db30/datanode-1/data/ratis/a552dffb-5387-4cef-9ba5-8c6a9ecf6a76
2021-06-06 13:57:17,781 [pool-216-thread-1] INFO  server.RaftServerConfigKeys (ConfUtils.java:logGet(44)) - raft.server.log.queue.byte-limit = 2147483647 (custom)
2021-06-06 13:57:17,781 [pool-216-thread-1] INFO  server.RaftServerConfigKeys (ConfUtils.java:logGet(44)) - raft.server.log.queue.element-limit = 1024 (custom)
2021-06-06 13:57:17,781 [pool-216-thread-1] INFO  server.RaftServerConfigKeys (ConfUtils.java:logGet(44)) - raft.server.log.segment.size.max = 1048576 (custom)
2021-06-06 13:57:17,781 [pool-216-thread-1] INFO  server.RaftServerConfigKeys (ConfUtils.java:logGet(44)) - raft.server.log.preallocated.size = 16384 (custom)
2021-06-06 13:57:17,781 [pool-216-thread-1] INFO  server.RaftServerConfigKeys (ConfUtils.java:logGet(44)) - raft.server.log.force.sync.num = 128 (default)
2021-06-06 13:57:17,781 [pool-216-thread-1] INFO  server.RaftServerConfigKeys (ConfUtils.java:logGet(44)) - raft.server.log.statemachine.data.sync = true (default)
2021-06-06 13:57:17,781 [pool-216-thread-1] INFO  server.RaftServerConfigKeys (ConfUtils.java:logGet(44)) - raft.server.log.statemachine.data.sync.timeout = 10s (default)
2021-06-06 13:57:17,781 [pool-216-thread-1] INFO  server.RaftServerConfigKeys (ConfUtils.java:logGet(44)) - raft.server.log.statemachine.data.sync.timeout.retry = -1 (default)
2021-06-06 13:57:17,782 [pool-216-thread-1] INFO  server.RaftServerConfigKeys (ConfUtils.java:logGet(44)) - raft.server.log.write.buffer.size = 1048576 (custom)
2021-06-06 13:57:17,783 [pool-216-thread-1] INFO  server.RaftServerConfigKeys (ConfUtils.java:logGet(44)) - raft.server.log.statemachine.data.caching.enabled = true (custom)
2021-06-06 13:57:17,783 [pool-216-thread-1] INFO  segmented.SegmentedRaftLogWorker (SegmentedRaftLogWorker.java:lambda$new$0(133)) - 4f861c42-39d3-4f63-85a9-51f112b48038@group-8C6A9ECF6A76-SegmentedRaftLogWorker: flushIndex: setUnconditionally 0 -> -1
2021-06-06 13:57:17,784 [pool-216-thread-1] INFO  segmented.SegmentedRaftLogWorker (SegmentedRaftLogWorker.java:lambda$new$0(133)) - 4f861c42-39d3-4f63-85a9-51f112b48038@group-8C6A9ECF6A76-SegmentedRaftLogWorker: safeCacheEvictIndex: setUnconditionally 0 -> -1
2021-06-06 13:57:17,784 [pool-216-thread-1] INFO  server.RaftServerConfigKeys (ConfUtils.java:logGet(44)) - raft.server.snapshot.auto.trigger.enabled = true (custom)
2021-06-06 13:57:17,784 [pool-216-thread-1] INFO  server.RaftServerConfigKeys (ConfUtils.java:logGet(44)) - raft.server.snapshot.auto.trigger.threshold = 10000 (custom)
2021-06-06 13:57:17,784 [pool-216-thread-1] INFO  server.RaftServerConfigKeys (ConfUtils.java:logGet(44)) - raft.server.snapshot.retention.file.num = 5 (custom)
2021-06-06 13:57:17,784 [pool-216-thread-1] INFO  server.RaftServerConfigKeys (ConfUtils.java:logGet(44)) - raft.server.log.purge.upto.snapshot.index = false (default)
2021-06-06 13:57:17,784 [pool-216-thread-1] INFO  server.RaftServerConfigKeys (ConfUtils.java:logGet(44)) - raft.server.retrycache.expirytime = 600000ms (custom)
2021-06-06 13:57:17,784 [pool-216-thread-1] INFO  server.RaftServerConfigKeys (ConfUtils.java:logGet(44)) - raft.server.retrycache.statistics.expirytime = 100μs (default)
2021-06-06 13:57:17,784 [pool-216-thread-1] INFO  metrics.RatisMetrics (RatisMetrics.java:lambda$create$0(36)) - Creating Metrics Registry : ratis.leader_election.4f861c42-39d3-4f63-85a9-51f112b48038@group-8C6A9ECF6A76
2021-06-06 13:57:17,784 [pool-216-thread-1] INFO  metrics.RatisMetrics (RatisMetrics.java:lambda$create$0(36)) - Creating Metrics Registry : ratis.server.4f861c42-39d3-4f63-85a9-51f112b48038@group-8C6A9ECF6A76
2021-06-06 13:57:17,786 [pool-216-thread-1] INFO  server.RaftServer$Division (RaftServerImpl.java:<init>(180)) - 4f861c42-39d3-4f63-85a9-51f112b48038: new RaftServerImpl for group-69731BD46A4B:[4f861c42-39d3-4f63-85a9-51f112b48038|rpc:10.1.0.37:43869|priority:1] with ContainerStateMachine:uninitialized
2021-06-06 13:57:17,786 [pool-216-thread-1] INFO  server.RaftServerConfigKeys (ConfUtils.java:logGet(44)) - raft.server.rpc.timeout.min = 5s (custom)
2021-06-06 13:57:17,786 [pool-216-thread-1] INFO  server.RaftServerConfigKeys (ConfUtils.java:logGet(44)) - raft.server.rpc.timeout.max = 5200ms (custom)
2021-06-06 13:57:17,786 [pool-216-thread-1] INFO  server.RaftServerConfigKeys (ConfUtils.java:logGet(44)) - raft.server.rpc.sleep.time = 25ms (default)
2021-06-06 13:57:17,786 [pool-216-thread-1] INFO  server.RaftServerConfigKeys (ConfUtils.java:logGet(44)) - raft.server.rpc.slowness.timeout = 300s (custom)
2021-06-06 13:57:17,786 [pool-216-thread-1] INFO  server.RaftServerConfigKeys (ConfUtils.java:logGet(44)) - raft.server.leaderelection.leader.step-down.wait-time = 10s (default)
2021-06-06 13:57:17,786 [pool-216-thread-1] INFO  server.RaftServerConfigKeys (ConfUtils.java:logGet(44)) - raft.server.sleep.deviation.threshold = 300ms (default)
2021-06-06 13:57:17,786 [pool-216-thread-1] INFO  server.RaftServerConfigKeys (ConfUtils.java:logGet(44)) - raft.server.log.appender.install.snapshot.enabled = false (custom)
2021-06-06 13:57:17,786 [pool-216-thread-1] INFO  server.RaftServer$Division (ServerState.java:<init>(105)) - 4f861c42-39d3-4f63-85a9-51f112b48038@group-69731BD46A4B: ConfigurationManager, init=-1: [4f861c42-39d3-4f63-85a9-51f112b48038|rpc:10.1.0.37:43869|priority:1], old=null, confs=<EMPTY_MAP>
2021-06-06 13:57:17,787 [pool-216-thread-1] INFO  server.RaftServerConfigKeys (ConfUtils.java:logGet(44)) - raft.server.storage.dir = [/home/runner/work/ozone/ozone/mnt/ozone/hadoop-ozone/integration-test/target/test-dir/MiniOzoneClusterImpl-498e09b4-d42e-43c3-9d7c-b3000502db30/datanode-1/data/ratis] (custom)
2021-06-06 13:57:17,787 [pool-216-thread-1] INFO  server.RaftServerConfigKeys (ConfUtils.java:logGet(44)) - raft.server.log.corruption.policy = EXCEPTION (default)
2021-06-06 13:57:17,787 [pool-216-thread-1] INFO  storage.RaftStorageDirectory (RaftStorageDirectoryImpl.java:analyzeStorage(132)) - The storage directory /home/runner/work/ozone/ozone/mnt/ozone/hadoop-ozone/integration-test/target/test-dir/MiniOzoneClusterImpl-498e09b4-d42e-43c3-9d7c-b3000502db30/datanode-1/data/ratis/b838fe8f-04e7-40d3-a92a-69731bd46a4b does not exist. Creating ...
2021-06-06 13:57:17,788 [pool-216-thread-1] INFO  storage.RaftStorageDirectory (RaftStorageDirectoryImpl.java:tryLock(215)) - Lock on /home/runner/work/ozone/ozone/mnt/ozone/hadoop-ozone/integration-test/target/test-dir/MiniOzoneClusterImpl-498e09b4-d42e-43c3-9d7c-b3000502db30/datanode-1/data/ratis/b838fe8f-04e7-40d3-a92a-69731bd46a4b/in_use.lock acquired by nodename 1587@fv-az148-587
2021-06-06 13:57:17,789 [pool-216-thread-1] INFO  storage.RaftStorage (RaftStorageImpl.java:format(87)) - Storage directory /home/runner/work/ozone/ozone/mnt/ozone/hadoop-ozone/integration-test/target/test-dir/MiniOzoneClusterImpl-498e09b4-d42e-43c3-9d7c-b3000502db30/datanode-1/data/ratis/b838fe8f-04e7-40d3-a92a-69731bd46a4b has been successfully formatted.
2021-06-06 13:57:17,790 [pool-216-thread-1] INFO  ratis.ContainerStateMachine (ContainerStateMachine.java:loadSnapshot(224)) - group-69731BD46A4B: The snapshot info is null. Setting the last applied indexto:(t:0, i:~)
2021-06-06 13:57:17,791 [pool-216-thread-1] INFO  server.RaftServerConfigKeys (ConfUtils.java:logGet(44)) - raft.server.notification.no-leader.timeout = 300s (custom)
2021-06-06 13:57:17,791 [pool-216-thread-1] INFO  server.RaftServerConfigKeys (ConfUtils.java:logGet(44)) - raft.server.log.use.memory = false (default)
2021-06-06 13:57:17,791 [EventQueue-PipelineReportForPipelineReportHandler] INFO  pipeline.PipelineManagerV2Impl (PipelineManagerV2Impl.java:openPipeline(270)) - Pipeline Pipeline[ Id: b838fe8f-04e7-40d3-a92a-69731bd46a4b, Nodes: 4f861c42-39d3-4f63-85a9-51f112b48038{ip: 10.1.0.37, host: fv-az148-587.bm4ck3pvxvsene1rjriu5fhcdb.bx.internal.cloudapp.net, ports: [REPLICATION=42661, RATIS=43869, RATIS_ADMIN=43869, RATIS_SERVER=43869, STANDALONE=45033], networkLocation: /default-rack, certSerialId: null, persistedOpState: IN_SERVICE, persistedOpStateExpiryEpochSec: 0}, ReplicationConfig: RATIS/ONE, State:ALLOCATED, leaderId:4f861c42-39d3-4f63-85a9-51f112b48038, CreationTimestamp2021-06-06T13:57:14.782Z] moved to OPEN state
2021-06-06 13:57:17,791 [EventQueue-PipelineReportForOneReplicaPipelineSafeModeRule] INFO  safemode.SCMSafeModeManager (SCMSafeModeManager.java:validateSafeModeExitRules(201)) - AtleastOneDatanodeReportedRule rule is successfully validated
2021-06-06 13:57:17,792 [EventQueue-OpenPipelineForHealthyPipelineSafeModeRule] INFO  safemode.SCMSafeModeManager (HealthyPipelineSafeModeRule.java:process(130)) - SCM in safe mode. Healthy pipelines reported count is 0, required healthy pipeline reported count is 1
2021-06-06 13:57:17,798 [pool-216-thread-1] INFO  server.RaftServerConfigKeys (ConfUtils.java:logGet(44)) - raft.server.log.purge.gap = 1000000 (custom)
2021-06-06 13:57:17,798 [pool-216-thread-1] INFO  server.RaftServerConfigKeys (ConfUtils.java:logGet(44)) - raft.server.log.appender.buffer.byte-limit = 33554432 (custom)
2021-06-06 13:57:17,799 [pool-216-thread-1] INFO  metrics.RatisMetrics (RatisMetrics.java:lambda$create$0(36)) - Creating Metrics Registry : ratis.log_worker.4f861c42-39d3-4f63-85a9-51f112b48038@group-69731BD46A4B
2021-06-06 13:57:17,799 [pool-216-thread-1] INFO  server.RaftServerConfigKeys (ConfUtils.java:logGet(44)) - raft.server.log.segment.size.max = 1048576 (custom)
2021-06-06 13:57:17,800 [pool-216-thread-1] INFO  server.RaftServerConfigKeys (ConfUtils.java:logGet(44)) - raft.server.log.segment.cache.num.max = 2 (custom)
2021-06-06 13:57:17,800 [pool-216-thread-1] INFO  server.RaftServerConfigKeys (ConfUtils.java:logGet(44)) - raft.server.log.segment.cache.size.max = 200MB (=209715200) (default)
2021-06-06 13:57:17,800 [pool-216-thread-1] INFO  segmented.SegmentedRaftLogWorker (SegmentedRaftLogWorker.java:<init>(182)) - new 4f861c42-39d3-4f63-85a9-51f112b48038@group-69731BD46A4B-SegmentedRaftLogWorker for RaftStorageImpl:Storage Directory /home/runner/work/ozone/ozone/mnt/ozone/hadoop-ozone/integration-test/target/test-dir/MiniOzoneClusterImpl-498e09b4-d42e-43c3-9d7c-b3000502db30/datanode-1/data/ratis/b838fe8f-04e7-40d3-a92a-69731bd46a4b
2021-06-06 13:57:17,800 [pool-216-thread-1] INFO  server.RaftServerConfigKeys (ConfUtils.java:logGet(44)) - raft.server.log.queue.byte-limit = 2147483647 (custom)
2021-06-06 13:57:17,801 [pool-216-thread-1] INFO  server.RaftServerConfigKeys (ConfUtils.java:logGet(44)) - raft.server.log.queue.element-limit = 1024 (custom)
2021-06-06 13:57:17,801 [pool-216-thread-1] INFO  server.RaftServerConfigKeys (ConfUtils.java:logGet(44)) - raft.server.log.segment.size.max = 1048576 (custom)
2021-06-06 13:57:17,801 [pool-216-thread-1] INFO  server.RaftServerConfigKeys (ConfUtils.java:logGet(44)) - raft.server.log.preallocated.size = 16384 (custom)
2021-06-06 13:57:17,801 [pool-216-thread-1] INFO  server.RaftServerConfigKeys (ConfUtils.java:logGet(44)) - raft.server.log.force.sync.num = 128 (default)
2021-06-06 13:57:17,801 [pool-216-thread-1] INFO  server.RaftServerConfigKeys (ConfUtils.java:logGet(44)) - raft.server.log.statemachine.data.sync = true (default)
2021-06-06 13:57:17,801 [pool-216-thread-1] INFO  server.RaftServerConfigKeys (ConfUtils.java:logGet(44)) - raft.server.log.statemachine.data.sync.timeout = 10s (default)
2021-06-06 13:57:17,801 [pool-216-thread-1] INFO  server.RaftServerConfigKeys (ConfUtils.java:logGet(44)) - raft.server.log.statemachine.data.sync.timeout.retry = -1 (default)
2021-06-06 13:57:17,802 [pool-216-thread-1] INFO  server.RaftServerConfigKeys (ConfUtils.java:logGet(44)) - raft.server.log.write.buffer.size = 1048576 (custom)
2021-06-06 13:57:17,803 [pool-216-thread-1] INFO  server.RaftServerConfigKeys (ConfUtils.java:logGet(44)) - raft.server.log.statemachine.data.caching.enabled = true (custom)
2021-06-06 13:57:17,803 [pool-216-thread-1] INFO  segmented.SegmentedRaftLogWorker (SegmentedRaftLogWorker.java:lambda$new$0(133)) - 4f861c42-39d3-4f63-85a9-51f112b48038@group-69731BD46A4B-SegmentedRaftLogWorker: flushIndex: setUnconditionally 0 -> -1
2021-06-06 13:57:17,803 [pool-216-thread-1] INFO  segmented.SegmentedRaftLogWorker (SegmentedRaftLogWorker.java:lambda$new$0(133)) - 4f861c42-39d3-4f63-85a9-51f112b48038@group-69731BD46A4B-SegmentedRaftLogWorker: safeCacheEvictIndex: setUnconditionally 0 -> -1
2021-06-06 13:57:17,803 [pool-216-thread-1] INFO  server.RaftServerConfigKeys (ConfUtils.java:logGet(44)) - raft.server.snapshot.auto.trigger.enabled = true (custom)
2021-06-06 13:57:17,803 [pool-216-thread-1] INFO  server.RaftServerConfigKeys (ConfUtils.java:logGet(44)) - raft.server.snapshot.auto.trigger.threshold = 10000 (custom)
2021-06-06 13:57:17,803 [pool-216-thread-1] INFO  server.RaftServerConfigKeys (ConfUtils.java:logGet(44)) - raft.server.snapshot.retention.file.num = 5 (custom)
2021-06-06 13:57:17,803 [pool-216-thread-1] INFO  server.RaftServerConfigKeys (ConfUtils.java:logGet(44)) - raft.server.log.purge.upto.snapshot.index = false (default)
2021-06-06 13:57:17,803 [pool-216-thread-1] INFO  server.RaftServerConfigKeys (ConfUtils.java:logGet(44)) - raft.server.retrycache.expirytime = 600000ms (custom)
2021-06-06 13:57:17,803 [pool-216-thread-1] INFO  server.RaftServerConfigKeys (ConfUtils.java:logGet(44)) - raft.server.retrycache.statistics.expirytime = 100μs (default)
2021-06-06 13:57:17,804 [pool-216-thread-1] INFO  metrics.RatisMetrics (RatisMetrics.java:lambda$create$0(36)) - Creating Metrics Registry : ratis.leader_election.4f861c42-39d3-4f63-85a9-51f112b48038@group-69731BD46A4B
2021-06-06 13:57:17,804 [pool-216-thread-1] INFO  metrics.RatisMetrics (RatisMetrics.java:lambda$create$0(36)) - Creating Metrics Registry : ratis.server.4f861c42-39d3-4f63-85a9-51f112b48038@group-69731BD46A4B
2021-06-06 13:57:17,805 [pool-216-thread-1] INFO  server.RaftServer$Division (RaftServerImpl.java:start(295)) - 4f861c42-39d3-4f63-85a9-51f112b48038@group-8C6A9ECF6A76: start as a follower, conf=-1: [0df3d903-2160-49f6-b3f1-a0b58e05c8a8|rpc:10.1.0.37:38015|dataStream:|priority:0, 4f861c42-39d3-4f63-85a9-51f112b48038|rpc:10.1.0.37:43869|dataStream:|priority:0, f60ce0a5-af9c-4134-abee-27c495795ec5|rpc:10.1.0.37:33789|dataStream:|priority:1], old=null
2021-06-06 13:57:17,805 [pool-216-thread-1] INFO  server.RaftServer$Division (RaftServerImpl.java:setRole(284)) - 4f861c42-39d3-4f63-85a9-51f112b48038@group-8C6A9ECF6A76: changes role from      null to FOLLOWER at term 0 for startAsFollower
2021-06-06 13:57:17,805 [pool-216-thread-1] INFO  impl.RoleInfo (RoleInfo.java:updateAndGet(130)) - 4f861c42-39d3-4f63-85a9-51f112b48038: start 4f861c42-39d3-4f63-85a9-51f112b48038@group-8C6A9ECF6A76-FollowerState
2021-06-06 13:57:17,809 [pool-216-thread-1] INFO  util.JmxRegister (JmxRegister.java:tryRegister(44)) - Successfully registered JMX Bean with object name Ratis:service=RaftServer,group=group-8C6A9ECF6A76,id=4f861c42-39d3-4f63-85a9-51f112b48038
2021-06-06 13:57:17,809 [pool-216-thread-1] INFO  metrics.RatisMetrics (RatisMetrics.java:lambda$create$0(36)) - Creating Metrics Registry : ratis.state_machine.4f861c42-39d3-4f63-85a9-51f112b48038@group-8C6A9ECF6A76
2021-06-06 13:57:17,809 [pool-216-thread-1] INFO  server.RaftServer$Division (RaftServerImpl.java:start(295)) - 4f861c42-39d3-4f63-85a9-51f112b48038@group-69731BD46A4B: start as a follower, conf=-1: [4f861c42-39d3-4f63-85a9-51f112b48038|rpc:10.1.0.37:43869|priority:1], old=null
2021-06-06 13:57:17,810 [pool-216-thread-1] INFO  server.RaftServer$Division (RaftServerImpl.java:setRole(284)) - 4f861c42-39d3-4f63-85a9-51f112b48038@group-69731BD46A4B: changes role from      null to FOLLOWER at term 0 for startAsFollower
2021-06-06 13:57:17,810 [pool-216-thread-1] INFO  impl.RoleInfo (RoleInfo.java:updateAndGet(130)) - 4f861c42-39d3-4f63-85a9-51f112b48038: start 4f861c42-39d3-4f63-85a9-51f112b48038@group-69731BD46A4B-FollowerState
2021-06-06 13:57:17,810 [pool-216-thread-1] INFO  util.JmxRegister (JmxRegister.java:tryRegister(44)) - Successfully registered JMX Bean with object name Ratis:service=RaftServer,group=group-69731BD46A4B,id=4f861c42-39d3-4f63-85a9-51f112b48038
2021-06-06 13:57:17,810 [pool-216-thread-1] INFO  metrics.RatisMetrics (RatisMetrics.java:lambda$create$0(36)) - Creating Metrics Registry : ratis.state_machine.4f861c42-39d3-4f63-85a9-51f112b48038@group-69731BD46A4B
2021-06-06 13:57:17,815 [Command processor thread] INFO  ratis.XceiverServerRatis (XceiverServerRatis.java:addGroup(808)) - Created group PipelineID=b838fe8f-04e7-40d3-a92a-69731bd46a4b
2021-06-06 13:57:17,815 [Command processor thread] INFO  commandhandler.CreatePipelineCommandHandler (CreatePipelineCommandHandler.java:handle(106)) - Created Pipeline RATIS ONE PipelineID=b838fe8f-04e7-40d3-a92a-69731bd46a4b.
2021-06-06 13:57:17,818 [Command processor thread] INFO  metrics.RatisMetrics (RatisMetrics.java:lambda$create$0(36)) - Creating Metrics Registry : ratis.client_message_metrics.client-203149F70F06->0df3d903-2160-49f6-b3f1-a0b58e05c8a8
2021-06-06 13:57:17,824 [grpc-default-executor-1] INFO  server.RaftServer (RaftServerProxy.java:addNew(95)) - 0df3d903-2160-49f6-b3f1-a0b58e05c8a8: addNew group-8C6A9ECF6A76:[0df3d903-2160-49f6-b3f1-a0b58e05c8a8|rpc:10.1.0.37:38015|dataStream:|priority:0, 4f861c42-39d3-4f63-85a9-51f112b48038|rpc:10.1.0.37:43869|dataStream:|priority:0, f60ce0a5-af9c-4134-abee-27c495795ec5|rpc:10.1.0.37:33789|dataStream:|priority:1] returns group-8C6A9ECF6A76:java.util.concurrent.CompletableFuture@378ae622[Not completed]
2021-06-06 13:57:17,825 [pool-234-thread-1] INFO  server.RaftServer$Division (RaftServerImpl.java:<init>(180)) - 0df3d903-2160-49f6-b3f1-a0b58e05c8a8: new RaftServerImpl for group-8C6A9ECF6A76:[0df3d903-2160-49f6-b3f1-a0b58e05c8a8|rpc:10.1.0.37:38015|dataStream:|priority:0, 4f861c42-39d3-4f63-85a9-51f112b48038|rpc:10.1.0.37:43869|dataStream:|priority:0, f60ce0a5-af9c-4134-abee-27c495795ec5|rpc:10.1.0.37:33789|dataStream:|priority:1] with ContainerStateMachine:uninitialized
2021-06-06 13:57:17,825 [pool-234-thread-1] INFO  server.RaftServerConfigKeys (ConfUtils.java:logGet(44)) - raft.server.rpc.timeout.min = 5s (custom)
2021-06-06 13:57:17,825 [pool-234-thread-1] INFO  server.RaftServerConfigKeys (ConfUtils.java:logGet(44)) - raft.server.rpc.timeout.max = 5200ms (custom)
2021-06-06 13:57:17,826 [pool-234-thread-1] INFO  server.RaftServerConfigKeys (ConfUtils.java:logGet(44)) - raft.server.rpc.sleep.time = 25ms (default)
2021-06-06 13:57:17,826 [pool-234-thread-1] INFO  server.RaftServerConfigKeys (ConfUtils.java:logGet(44)) - raft.server.rpc.slowness.timeout = 300s (custom)
2021-06-06 13:57:17,826 [pool-234-thread-1] INFO  server.RaftServerConfigKeys (ConfUtils.java:logGet(44)) - raft.server.leaderelection.leader.step-down.wait-time = 10s (default)
2021-06-06 13:57:17,826 [pool-234-thread-1] INFO  server.RaftServerConfigKeys (ConfUtils.java:logGet(44)) - raft.server.sleep.deviation.threshold = 300ms (default)
2021-06-06 13:57:17,826 [pool-234-thread-1] INFO  server.RaftServerConfigKeys (ConfUtils.java:logGet(44)) - raft.server.log.appender.install.snapshot.enabled = false (custom)
2021-06-06 13:57:17,826 [pool-234-thread-1] INFO  server.RaftServer$Division (ServerState.java:<init>(105)) - 0df3d903-2160-49f6-b3f1-a0b58e05c8a8@group-8C6A9ECF6A76: ConfigurationManager, init=-1: [0df3d903-2160-49f6-b3f1-a0b58e05c8a8|rpc:10.1.0.37:38015|dataStream:|priority:0, 4f861c42-39d3-4f63-85a9-51f112b48038|rpc:10.1.0.37:43869|dataStream:|priority:0, f60ce0a5-af9c-4134-abee-27c495795ec5|rpc:10.1.0.37:33789|dataStream:|priority:1], old=null, confs=<EMPTY_MAP>
2021-06-06 13:57:17,826 [pool-234-thread-1] INFO  server.RaftServerConfigKeys (ConfUtils.java:logGet(44)) - raft.server.storage.dir = [/home/runner/work/ozone/ozone/mnt/ozone/hadoop-ozone/integration-test/target/test-dir/MiniOzoneClusterImpl-498e09b4-d42e-43c3-9d7c-b3000502db30/datanode-2/data/ratis] (custom)
2021-06-06 13:57:17,826 [pool-234-thread-1] INFO  server.RaftServerConfigKeys (ConfUtils.java:logGet(44)) - raft.server.log.corruption.policy = EXCEPTION (default)
2021-06-06 13:57:17,826 [pool-234-thread-1] INFO  storage.RaftStorageDirectory (RaftStorageDirectoryImpl.java:analyzeStorage(132)) - The storage directory /home/runner/work/ozone/ozone/mnt/ozone/hadoop-ozone/integration-test/target/test-dir/MiniOzoneClusterImpl-498e09b4-d42e-43c3-9d7c-b3000502db30/datanode-2/data/ratis/a552dffb-5387-4cef-9ba5-8c6a9ecf6a76 does not exist. Creating ...
2021-06-06 13:57:17,828 [pool-234-thread-1] INFO  storage.RaftStorageDirectory (RaftStorageDirectoryImpl.java:tryLock(215)) - Lock on /home/runner/work/ozone/ozone/mnt/ozone/hadoop-ozone/integration-test/target/test-dir/MiniOzoneClusterImpl-498e09b4-d42e-43c3-9d7c-b3000502db30/datanode-2/data/ratis/a552dffb-5387-4cef-9ba5-8c6a9ecf6a76/in_use.lock acquired by nodename 1587@fv-az148-587
2021-06-06 13:57:17,829 [pool-234-thread-1] INFO  storage.RaftStorage (RaftStorageImpl.java:format(87)) - Storage directory /home/runner/work/ozone/ozone/mnt/ozone/hadoop-ozone/integration-test/target/test-dir/MiniOzoneClusterImpl-498e09b4-d42e-43c3-9d7c-b3000502db30/datanode-2/data/ratis/a552dffb-5387-4cef-9ba5-8c6a9ecf6a76 has been successfully formatted.
2021-06-06 13:57:17,830 [pool-234-thread-1] INFO  ratis.ContainerStateMachine (ContainerStateMachine.java:loadSnapshot(224)) - group-8C6A9ECF6A76: The snapshot info is null. Setting the last applied indexto:(t:0, i:~)
2021-06-06 13:57:17,831 [pool-234-thread-1] INFO  server.RaftServerConfigKeys (ConfUtils.java:logGet(44)) - raft.server.notification.no-leader.timeout = 300s (custom)
2021-06-06 13:57:17,831 [EventQueue-PipelineReportForOneReplicaPipelineSafeModeRule] INFO  safemode.SCMSafeModeManager (SCMSafeModeManager.java:validateSafeModeExitRules(201)) - AtleastOneDatanodeReportedRule rule is successfully validated
2021-06-06 13:57:17,831 [pool-234-thread-1] INFO  server.RaftServerConfigKeys (ConfUtils.java:logGet(44)) - raft.server.log.use.memory = false (default)
2021-06-06 13:57:17,831 [pool-234-thread-1] INFO  server.RaftServerConfigKeys (ConfUtils.java:logGet(44)) - raft.server.log.purge.gap = 1000000 (custom)
2021-06-06 13:57:17,831 [pool-234-thread-1] INFO  server.RaftServerConfigKeys (ConfUtils.java:logGet(44)) - raft.server.log.appender.buffer.byte-limit = 33554432 (custom)
2021-06-06 13:57:17,831 [pool-234-thread-1] INFO  metrics.RatisMetrics (RatisMetrics.java:lambda$create$0(36)) - Creating Metrics Registry : ratis.log_worker.0df3d903-2160-49f6-b3f1-a0b58e05c8a8@group-8C6A9ECF6A76
2021-06-06 13:57:17,832 [pool-234-thread-1] INFO  server.RaftServerConfigKeys (ConfUtils.java:logGet(44)) - raft.server.log.segment.size.max = 1048576 (custom)
2021-06-06 13:57:17,832 [pool-234-thread-1] INFO  server.RaftServerConfigKeys (ConfUtils.java:logGet(44)) - raft.server.log.segment.cache.num.max = 2 (custom)
2021-06-06 13:57:17,832 [pool-234-thread-1] INFO  server.RaftServerConfigKeys (ConfUtils.java:logGet(44)) - raft.server.log.segment.cache.size.max = 200MB (=209715200) (default)
2021-06-06 13:57:17,832 [pool-234-thread-1] INFO  segmented.SegmentedRaftLogWorker (SegmentedRaftLogWorker.java:<init>(182)) - new 0df3d903-2160-49f6-b3f1-a0b58e05c8a8@group-8C6A9ECF6A76-SegmentedRaftLogWorker for RaftStorageImpl:Storage Directory /home/runner/work/ozone/ozone/mnt/ozone/hadoop-ozone/integration-test/target/test-dir/MiniOzoneClusterImpl-498e09b4-d42e-43c3-9d7c-b3000502db30/datanode-2/data/ratis/a552dffb-5387-4cef-9ba5-8c6a9ecf6a76
2021-06-06 13:57:17,832 [pool-234-thread-1] INFO  server.RaftServerConfigKeys (ConfUtils.java:logGet(44)) - raft.server.log.queue.byte-limit = 2147483647 (custom)
2021-06-06 13:57:17,832 [pool-234-thread-1] INFO  server.RaftServerConfigKeys (ConfUtils.java:logGet(44)) - raft.server.log.queue.element-limit = 1024 (custom)
2021-06-06 13:57:17,832 [pool-234-thread-1] INFO  server.RaftServerConfigKeys (ConfUtils.java:logGet(44)) - raft.server.log.segment.size.max = 1048576 (custom)
2021-06-06 13:57:17,832 [pool-234-thread-1] INFO  server.RaftServerConfigKeys (ConfUtils.java:logGet(44)) - raft.server.log.preallocated.size = 16384 (custom)
2021-06-06 13:57:17,832 [pool-234-thread-1] INFO  server.RaftServerConfigKeys (ConfUtils.java:logGet(44)) - raft.server.log.force.sync.num = 128 (default)
2021-06-06 13:57:17,832 [pool-234-thread-1] INFO  server.RaftServerConfigKeys (ConfUtils.java:logGet(44)) - raft.server.log.statemachine.data.sync = true (default)
2021-06-06 13:57:17,832 [pool-234-thread-1] INFO  server.RaftServerConfigKeys (ConfUtils.java:logGet(44)) - raft.server.log.statemachine.data.sync.timeout = 10s (default)
2021-06-06 13:57:17,833 [pool-234-thread-1] INFO  server.RaftServerConfigKeys (ConfUtils.java:logGet(44)) - raft.server.log.statemachine.data.sync.timeout.retry = -1 (default)
2021-06-06 13:57:17,833 [pool-234-thread-1] INFO  server.RaftServerConfigKeys (ConfUtils.java:logGet(44)) - raft.server.log.write.buffer.size = 1048576 (custom)
2021-06-06 13:57:17,834 [pool-234-thread-1] INFO  server.RaftServerConfigKeys (ConfUtils.java:logGet(44)) - raft.server.log.statemachine.data.caching.enabled = true (custom)
2021-06-06 13:57:17,834 [pool-234-thread-1] INFO  segmented.SegmentedRaftLogWorker (SegmentedRaftLogWorker.java:lambda$new$0(133)) - 0df3d903-2160-49f6-b3f1-a0b58e05c8a8@group-8C6A9ECF6A76-SegmentedRaftLogWorker: flushIndex: setUnconditionally 0 -> -1
2021-06-06 13:57:17,834 [pool-234-thread-1] INFO  segmented.SegmentedRaftLogWorker (SegmentedRaftLogWorker.java:lambda$new$0(133)) - 0df3d903-2160-49f6-b3f1-a0b58e05c8a8@group-8C6A9ECF6A76-SegmentedRaftLogWorker: safeCacheEvictIndex: setUnconditionally 0 -> -1
2021-06-06 13:57:17,834 [pool-234-thread-1] INFO  server.RaftServerConfigKeys (ConfUtils.java:logGet(44)) - raft.server.snapshot.auto.trigger.enabled = true (custom)
2021-06-06 13:57:17,834 [pool-234-thread-1] INFO  server.RaftServerConfigKeys (ConfUtils.java:logGet(44)) - raft.server.snapshot.auto.trigger.threshold = 10000 (custom)
2021-06-06 13:57:17,834 [pool-234-thread-1] INFO  server.RaftServerConfigKeys (ConfUtils.java:logGet(44)) - raft.server.snapshot.retention.file.num = 5 (custom)
2021-06-06 13:57:17,834 [pool-234-thread-1] INFO  server.RaftServerConfigKeys (ConfUtils.java:logGet(44)) - raft.server.log.purge.upto.snapshot.index = false (default)
2021-06-06 13:57:17,834 [pool-234-thread-1] INFO  server.RaftServerConfigKeys (ConfUtils.java:logGet(44)) - raft.server.retrycache.expirytime = 600000ms (custom)
2021-06-06 13:57:17,834 [pool-234-thread-1] INFO  server.RaftServerConfigKeys (ConfUtils.java:logGet(44)) - raft.server.retrycache.statistics.expirytime = 100μs (default)
2021-06-06 13:57:17,834 [pool-234-thread-1] INFO  metrics.RatisMetrics (RatisMetrics.java:lambda$create$0(36)) - Creating Metrics Registry : ratis.leader_election.0df3d903-2160-49f6-b3f1-a0b58e05c8a8@group-8C6A9ECF6A76
2021-06-06 13:57:17,835 [pool-234-thread-1] INFO  metrics.RatisMetrics (RatisMetrics.java:lambda$create$0(36)) - Creating Metrics Registry : ratis.server.0df3d903-2160-49f6-b3f1-a0b58e05c8a8@group-8C6A9ECF6A76
2021-06-06 13:57:17,835 [pool-234-thread-1] INFO  server.RaftServer$Division (RaftServerImpl.java:start(295)) - 0df3d903-2160-49f6-b3f1-a0b58e05c8a8@group-8C6A9ECF6A76: start as a follower, conf=-1: [0df3d903-2160-49f6-b3f1-a0b58e05c8a8|rpc:10.1.0.37:38015|dataStream:|priority:0, 4f861c42-39d3-4f63-85a9-51f112b48038|rpc:10.1.0.37:43869|dataStream:|priority:0, f60ce0a5-af9c-4134-abee-27c495795ec5|rpc:10.1.0.37:33789|dataStream:|priority:1], old=null
2021-06-06 13:57:17,835 [pool-234-thread-1] INFO  server.RaftServer$Division (RaftServerImpl.java:setRole(284)) - 0df3d903-2160-49f6-b3f1-a0b58e05c8a8@group-8C6A9ECF6A76: changes role from      null to FOLLOWER at term 0 for startAsFollower
2021-06-06 13:57:17,835 [pool-234-thread-1] INFO  impl.RoleInfo (RoleInfo.java:updateAndGet(130)) - 0df3d903-2160-49f6-b3f1-a0b58e05c8a8: start 0df3d903-2160-49f6-b3f1-a0b58e05c8a8@group-8C6A9ECF6A76-FollowerState
2021-06-06 13:57:17,837 [pool-234-thread-1] INFO  util.JmxRegister (JmxRegister.java:tryRegister(44)) - Successfully registered JMX Bean with object name Ratis:service=RaftServer,group=group-8C6A9ECF6A76,id=0df3d903-2160-49f6-b3f1-a0b58e05c8a8
2021-06-06 13:57:17,837 [pool-234-thread-1] INFO  metrics.RatisMetrics (RatisMetrics.java:lambda$create$0(36)) - Creating Metrics Registry : ratis.state_machine.0df3d903-2160-49f6-b3f1-a0b58e05c8a8@group-8C6A9ECF6A76
2021-06-06 13:57:17,841 [Command processor thread] INFO  commandhandler.CreatePipelineCommandHandler (CreatePipelineCommandHandler.java:handle(106)) - Created Pipeline RATIS THREE PipelineID=a552dffb-5387-4cef-9ba5-8c6a9ecf6a76.
2021-06-06 13:57:17,881 [Listener at 127.0.0.1/11444] INFO  ozone.MiniOzoneClusterImpl (MiniOzoneClusterImpl.java:lambda$waitForClusterToBeReady$0(224)) - Nodes are ready. Got 3 of 3 DN Heartbeats.
2021-06-06 13:57:17,881 [Listener at 127.0.0.1/11444] INFO  ozone.MiniOzoneClusterImpl (MiniOzoneClusterImpl.java:lambda$waitForClusterToBeReady$0(227)) - Waiting for cluster to exit safe mode
2021-06-06 13:57:17,881 [Listener at 127.0.0.1/11444] INFO  ozone.MiniOzoneClusterImpl (MiniOzoneClusterImpl.java:lambda$waitForClusterToBeReady$0(230)) - SCM became leader
2021-06-06 13:57:17,883 [Command processor thread] INFO  server.RaftServer (RaftServerProxy.java:addNew(95)) - 0df3d903-2160-49f6-b3f1-a0b58e05c8a8: addNew group-4B6324D71EC0:[0df3d903-2160-49f6-b3f1-a0b58e05c8a8|rpc:10.1.0.37:38015|priority:1] returns group-4B6324D71EC0:java.util.concurrent.CompletableFuture@562e294a[Not completed]
2021-06-06 13:57:17,885 [pool-234-thread-1] INFO  server.RaftServer$Division (RaftServerImpl.java:<init>(180)) - 0df3d903-2160-49f6-b3f1-a0b58e05c8a8: new RaftServerImpl for group-4B6324D71EC0:[0df3d903-2160-49f6-b3f1-a0b58e05c8a8|rpc:10.1.0.37:38015|priority:1] with ContainerStateMachine:uninitialized
2021-06-06 13:57:17,885 [pool-234-thread-1] INFO  server.RaftServerConfigKeys (ConfUtils.java:logGet(44)) - raft.server.rpc.timeout.min = 5s (custom)
2021-06-06 13:57:17,885 [pool-234-thread-1] INFO  server.RaftServerConfigKeys (ConfUtils.java:logGet(44)) - raft.server.rpc.timeout.max = 5200ms (custom)
2021-06-06 13:57:17,885 [pool-234-thread-1] INFO  server.RaftServerConfigKeys (ConfUtils.java:logGet(44)) - raft.server.rpc.sleep.time = 25ms (default)
2021-06-06 13:57:17,885 [pool-234-thread-1] INFO  server.RaftServerConfigKeys (ConfUtils.java:logGet(44)) - raft.server.rpc.slowness.timeout = 300s (custom)
2021-06-06 13:57:17,885 [pool-234-thread-1] INFO  server.RaftServerConfigKeys (ConfUtils.java:logGet(44)) - raft.server.leaderelection.leader.step-down.wait-time = 10s (default)
2021-06-06 13:57:17,885 [pool-234-thread-1] INFO  server.RaftServerConfigKeys (ConfUtils.java:logGet(44)) - raft.server.sleep.deviation.threshold = 300ms (default)
2021-06-06 13:57:17,885 [pool-234-thread-1] INFO  server.RaftServerConfigKeys (ConfUtils.java:logGet(44)) - raft.server.log.appender.install.snapshot.enabled = false (custom)
2021-06-06 13:57:17,885 [pool-234-thread-1] INFO  server.RaftServer$Division (ServerState.java:<init>(105)) - 0df3d903-2160-49f6-b3f1-a0b58e05c8a8@group-4B6324D71EC0: ConfigurationManager, init=-1: [0df3d903-2160-49f6-b3f1-a0b58e05c8a8|rpc:10.1.0.37:38015|priority:1], old=null, confs=<EMPTY_MAP>
2021-06-06 13:57:17,885 [pool-234-thread-1] INFO  server.RaftServerConfigKeys (ConfUtils.java:logGet(44)) - raft.server.storage.dir = [/home/runner/work/ozone/ozone/mnt/ozone/hadoop-ozone/integration-test/target/test-dir/MiniOzoneClusterImpl-498e09b4-d42e-43c3-9d7c-b3000502db30/datanode-2/data/ratis] (custom)
2021-06-06 13:57:17,886 [pool-234-thread-1] INFO  server.RaftServerConfigKeys (ConfUtils.java:logGet(44)) - raft.server.log.corruption.policy = EXCEPTION (default)
2021-06-06 13:57:17,886 [pool-234-thread-1] INFO  storage.RaftStorageDirectory (RaftStorageDirectoryImpl.java:analyzeStorage(132)) - The storage directory /home/runner/work/ozone/ozone/mnt/ozone/hadoop-ozone/integration-test/target/test-dir/MiniOzoneClusterImpl-498e09b4-d42e-43c3-9d7c-b3000502db30/datanode-2/data/ratis/7ef2b6a9-ca9e-4708-b745-4b6324d71ec0 does not exist. Creating ...
2021-06-06 13:57:17,887 [pool-234-thread-1] INFO  storage.RaftStorageDirectory (RaftStorageDirectoryImpl.java:tryLock(215)) - Lock on /home/runner/work/ozone/ozone/mnt/ozone/hadoop-ozone/integration-test/target/test-dir/MiniOzoneClusterImpl-498e09b4-d42e-43c3-9d7c-b3000502db30/datanode-2/data/ratis/7ef2b6a9-ca9e-4708-b745-4b6324d71ec0/in_use.lock acquired by nodename 1587@fv-az148-587
2021-06-06 13:57:17,888 [pool-234-thread-1] INFO  storage.RaftStorage (RaftStorageImpl.java:format(87)) - Storage directory /home/runner/work/ozone/ozone/mnt/ozone/hadoop-ozone/integration-test/target/test-dir/MiniOzoneClusterImpl-498e09b4-d42e-43c3-9d7c-b3000502db30/datanode-2/data/ratis/7ef2b6a9-ca9e-4708-b745-4b6324d71ec0 has been successfully formatted.
2021-06-06 13:57:17,889 [pool-234-thread-1] INFO  ratis.ContainerStateMachine (ContainerStateMachine.java:loadSnapshot(224)) - group-4B6324D71EC0: The snapshot info is null. Setting the last applied indexto:(t:0, i:~)
2021-06-06 13:57:17,890 [EventQueue-PipelineReportForPipelineReportHandler] INFO  pipeline.PipelineManagerV2Impl (PipelineManagerV2Impl.java:openPipeline(270)) - Pipeline Pipeline[ Id: 7ef2b6a9-ca9e-4708-b745-4b6324d71ec0, Nodes: 0df3d903-2160-49f6-b3f1-a0b58e05c8a8{ip: 10.1.0.37, host: fv-az148-587.bm4ck3pvxvsene1rjriu5fhcdb.bx.internal.cloudapp.net, ports: [REPLICATION=36813, RATIS=38015, RATIS_ADMIN=38015, RATIS_SERVER=38015, STANDALONE=37405], networkLocation: /default-rack, certSerialId: null, persistedOpState: IN_SERVICE, persistedOpStateExpiryEpochSec: 0}, ReplicationConfig: RATIS/ONE, State:ALLOCATED, leaderId:0df3d903-2160-49f6-b3f1-a0b58e05c8a8, CreationTimestamp2021-06-06T13:57:14.884Z] moved to OPEN state
2021-06-06 13:57:17,891 [EventQueue-PipelineReportForOneReplicaPipelineSafeModeRule] INFO  safemode.SCMSafeModeManager (SCMSafeModeManager.java:validateSafeModeExitRules(201)) - AtleastOneDatanodeReportedRule rule is successfully validated
2021-06-06 13:57:17,891 [EventQueue-OpenPipelineForHealthyPipelineSafeModeRule] INFO  safemode.SCMSafeModeManager (HealthyPipelineSafeModeRule.java:process(130)) - SCM in safe mode. Healthy pipelines reported count is 0, required healthy pipeline reported count is 1
2021-06-06 13:57:17,892 [pool-234-thread-1] INFO  server.RaftServerConfigKeys (ConfUtils.java:logGet(44)) - raft.server.notification.no-leader.timeout = 300s (custom)
2021-06-06 13:57:17,892 [pool-234-thread-1] INFO  server.RaftServerConfigKeys (ConfUtils.java:logGet(44)) - raft.server.log.use.memory = false (default)
2021-06-06 13:57:17,892 [pool-234-thread-1] INFO  server.RaftServerConfigKeys (ConfUtils.java:logGet(44)) - raft.server.log.purge.gap = 1000000 (custom)
2021-06-06 13:57:17,893 [pool-234-thread-1] INFO  server.RaftServerConfigKeys (ConfUtils.java:logGet(44)) - raft.server.log.appender.buffer.byte-limit = 33554432 (custom)
2021-06-06 13:57:17,893 [pool-234-thread-1] INFO  metrics.RatisMetrics (RatisMetrics.java:lambda$create$0(36)) - Creating Metrics Registry : ratis.log_worker.0df3d903-2160-49f6-b3f1-a0b58e05c8a8@group-4B6324D71EC0
2021-06-06 13:57:17,893 [pool-234-thread-1] INFO  server.RaftServerConfigKeys (ConfUtils.java:logGet(44)) - raft.server.log.segment.size.max = 1048576 (custom)
2021-06-06 13:57:17,893 [pool-234-thread-1] INFO  server.RaftServerConfigKeys (ConfUtils.java:logGet(44)) - raft.server.log.segment.cache.num.max = 2 (custom)
2021-06-06 13:57:17,893 [pool-234-thread-1] INFO  server.RaftServerConfigKeys (ConfUtils.java:logGet(44)) - raft.server.log.segment.cache.size.max = 200MB (=209715200) (default)
2021-06-06 13:57:17,893 [pool-234-thread-1] INFO  segmented.SegmentedRaftLogWorker (SegmentedRaftLogWorker.java:<init>(182)) - new 0df3d903-2160-49f6-b3f1-a0b58e05c8a8@group-4B6324D71EC0-SegmentedRaftLogWorker for RaftStorageImpl:Storage Directory /home/runner/work/ozone/ozone/mnt/ozone/hadoop-ozone/integration-test/target/test-dir/MiniOzoneClusterImpl-498e09b4-d42e-43c3-9d7c-b3000502db30/datanode-2/data/ratis/7ef2b6a9-ca9e-4708-b745-4b6324d71ec0
2021-06-06 13:57:17,893 [pool-234-thread-1] INFO  server.RaftServerConfigKeys (ConfUtils.java:logGet(44)) - raft.server.log.queue.byte-limit = 2147483647 (custom)
2021-06-06 13:57:17,894 [pool-234-thread-1] INFO  server.RaftServerConfigKeys (ConfUtils.java:logGet(44)) - raft.server.log.queue.element-limit = 1024 (custom)
2021-06-06 13:57:17,894 [pool-234-thread-1] INFO  server.RaftServerConfigKeys (ConfUtils.java:logGet(44)) - raft.server.log.segment.size.max = 1048576 (custom)
2021-06-06 13:57:17,894 [pool-234-thread-1] INFO  server.RaftServerConfigKeys (ConfUtils.java:logGet(44)) - raft.server.log.preallocated.size = 16384 (custom)
2021-06-06 13:57:17,894 [pool-234-thread-1] INFO  server.RaftServerConfigKeys (ConfUtils.java:logGet(44)) - raft.server.log.force.sync.num = 128 (default)
2021-06-06 13:57:17,894 [pool-234-thread-1] INFO  server.RaftServerConfigKeys (ConfUtils.java:logGet(44)) - raft.server.log.statemachine.data.sync = true (default)
2021-06-06 13:57:17,894 [pool-234-thread-1] INFO  server.RaftServerConfigKeys (ConfUtils.java:logGet(44)) - raft.server.log.statemachine.data.sync.timeout = 10s (default)
2021-06-06 13:57:17,894 [pool-234-thread-1] INFO  server.RaftServerConfigKeys (ConfUtils.java:logGet(44)) - raft.server.log.statemachine.data.sync.timeout.retry = -1 (default)
2021-06-06 13:57:17,894 [pool-234-thread-1] INFO  server.RaftServerConfigKeys (ConfUtils.java:logGet(44)) - raft.server.log.write.buffer.size = 1048576 (custom)
2021-06-06 13:57:17,895 [pool-234-thread-1] INFO  server.RaftServerConfigKeys (ConfUtils.java:logGet(44)) - raft.server.log.statemachine.data.caching.enabled = true (custom)
2021-06-06 13:57:17,895 [pool-234-thread-1] INFO  segmented.SegmentedRaftLogWorker (SegmentedRaftLogWorker.java:lambda$new$0(133)) - 0df3d903-2160-49f6-b3f1-a0b58e05c8a8@group-4B6324D71EC0-SegmentedRaftLogWorker: flushIndex: setUnconditionally 0 -> -1
2021-06-06 13:57:17,895 [pool-234-thread-1] INFO  segmented.SegmentedRaftLogWorker (SegmentedRaftLogWorker.java:lambda$new$0(133)) - 0df3d903-2160-49f6-b3f1-a0b58e05c8a8@group-4B6324D71EC0-SegmentedRaftLogWorker: safeCacheEvictIndex: setUnconditionally 0 -> -1
2021-06-06 13:57:17,896 [pool-234-thread-1] INFO  server.RaftServerConfigKeys (ConfUtils.java:logGet(44)) - raft.server.snapshot.auto.trigger.enabled = true (custom)
2021-06-06 13:57:17,896 [pool-234-thread-1] INFO  server.RaftServerConfigKeys (ConfUtils.java:logGet(44)) - raft.server.snapshot.auto.trigger.threshold = 10000 (custom)
2021-06-06 13:57:17,896 [pool-234-thread-1] INFO  server.RaftServerConfigKeys (ConfUtils.java:logGet(44)) - raft.server.snapshot.retention.file.num = 5 (custom)
2021-06-06 13:57:17,896 [pool-234-thread-1] INFO  server.RaftServerConfigKeys (ConfUtils.java:logGet(44)) - raft.server.log.purge.upto.snapshot.index = false (default)
2021-06-06 13:57:17,896 [pool-234-thread-1] INFO  server.RaftServerConfigKeys (ConfUtils.java:logGet(44)) - raft.server.retrycache.expirytime = 600000ms (custom)
2021-06-06 13:57:17,896 [pool-234-thread-1] INFO  server.RaftServerConfigKeys (ConfUtils.java:logGet(44)) - raft.server.retrycache.statistics.expirytime = 100μs (default)
2021-06-06 13:57:17,896 [pool-234-thread-1] INFO  metrics.RatisMetrics (RatisMetrics.java:lambda$create$0(36)) - Creating Metrics Registry : ratis.leader_election.0df3d903-2160-49f6-b3f1-a0b58e05c8a8@group-4B6324D71EC0
2021-06-06 13:57:17,896 [pool-234-thread-1] INFO  metrics.RatisMetrics (RatisMetrics.java:lambda$create$0(36)) - Creating Metrics Registry : ratis.server.0df3d903-2160-49f6-b3f1-a0b58e05c8a8@group-4B6324D71EC0
2021-06-06 13:57:17,897 [pool-234-thread-1] INFO  server.RaftServer$Division (RaftServerImpl.java:start(295)) - 0df3d903-2160-49f6-b3f1-a0b58e05c8a8@group-4B6324D71EC0: start as a follower, conf=-1: [0df3d903-2160-49f6-b3f1-a0b58e05c8a8|rpc:10.1.0.37:38015|priority:1], old=null
2021-06-06 13:57:17,897 [pool-234-thread-1] INFO  server.RaftServer$Division (RaftServerImpl.java:setRole(284)) - 0df3d903-2160-49f6-b3f1-a0b58e05c8a8@group-4B6324D71EC0: changes role from      null to FOLLOWER at term 0 for startAsFollower
2021-06-06 13:57:17,897 [pool-234-thread-1] INFO  impl.RoleInfo (RoleInfo.java:updateAndGet(130)) - 0df3d903-2160-49f6-b3f1-a0b58e05c8a8: start 0df3d903-2160-49f6-b3f1-a0b58e05c8a8@group-4B6324D71EC0-FollowerState
2021-06-06 13:57:17,901 [pool-234-thread-1] INFO  util.JmxRegister (JmxRegister.java:tryRegister(44)) - Successfully registered JMX Bean with object name Ratis:service=RaftServer,group=group-4B6324D71EC0,id=0df3d903-2160-49f6-b3f1-a0b58e05c8a8
2021-06-06 13:57:17,901 [pool-234-thread-1] INFO  metrics.RatisMetrics (RatisMetrics.java:lambda$create$0(36)) - Creating Metrics Registry : ratis.state_machine.0df3d903-2160-49f6-b3f1-a0b58e05c8a8@group-4B6324D71EC0
2021-06-06 13:57:17,902 [Command processor thread] INFO  ratis.XceiverServerRatis (XceiverServerRatis.java:addGroup(808)) - Created group PipelineID=7ef2b6a9-ca9e-4708-b745-4b6324d71ec0
2021-06-06 13:57:17,902 [Command processor thread] INFO  commandhandler.CreatePipelineCommandHandler (CreatePipelineCommandHandler.java:handle(106)) - Created Pipeline RATIS ONE PipelineID=7ef2b6a9-ca9e-4708-b745-4b6324d71ec0.
2021-06-06 13:57:18,101 [EndpointStateMachine task thread for /0.0.0.0:35111 - 0 ] INFO  ipc.Client (Client.java:handleConnectionFailure(966)) - Retrying connect to server: 0.0.0.0/0.0.0.0:35111. Already tried 2 time(s); retry policy is RetryUpToMaximumCountWithFixedSleep(maxRetries=15, sleepTime=1000 MILLISECONDS)
2021-06-06 13:57:18,752 [EventQueue-PipelineReportForOneReplicaPipelineSafeModeRule] INFO  safemode.SCMSafeModeManager (SCMSafeModeManager.java:validateSafeModeExitRules(201)) - AtleastOneDatanodeReportedRule rule is successfully validated
2021-06-06 13:57:18,753 [EventQueue-OpenPipelineForHealthyPipelineSafeModeRule] INFO  safemode.SCMSafeModeManager (HealthyPipelineSafeModeRule.java:process(130)) - SCM in safe mode. Healthy pipelines reported count is 0, required healthy pipeline reported count is 1
2021-06-06 13:57:18,791 [EventQueue-PipelineReportForOneReplicaPipelineSafeModeRule] INFO  safemode.SCMSafeModeManager (SCMSafeModeManager.java:validateSafeModeExitRules(201)) - AtleastOneDatanodeReportedRule rule is successfully validated
2021-06-06 13:57:18,791 [EventQueue-OpenPipelineForHealthyPipelineSafeModeRule] INFO  safemode.SCMSafeModeManager (HealthyPipelineSafeModeRule.java:process(130)) - SCM in safe mode. Healthy pipelines reported count is 0, required healthy pipeline reported count is 1
2021-06-06 13:57:18,882 [Listener at 127.0.0.1/11444] INFO  ozone.MiniOzoneClusterImpl (MiniOzoneClusterImpl.java:lambda$waitForClusterToBeReady$0(224)) - Nodes are ready. Got 3 of 3 DN Heartbeats.
2021-06-06 13:57:18,882 [Listener at 127.0.0.1/11444] INFO  ozone.MiniOzoneClusterImpl (MiniOzoneClusterImpl.java:lambda$waitForClusterToBeReady$0(227)) - Waiting for cluster to exit safe mode
2021-06-06 13:57:18,882 [Listener at 127.0.0.1/11444] INFO  ozone.MiniOzoneClusterImpl (MiniOzoneClusterImpl.java:lambda$waitForClusterToBeReady$0(230)) - SCM became leader
2021-06-06 13:57:18,890 [EventQueue-OpenPipelineForHealthyPipelineSafeModeRule] INFO  safemode.SCMSafeModeManager (HealthyPipelineSafeModeRule.java:process(130)) - SCM in safe mode. Healthy pipelines reported count is 0, required healthy pipeline reported count is 1
2021-06-06 13:57:18,890 [EventQueue-PipelineReportForOneReplicaPipelineSafeModeRule] INFO  safemode.SCMSafeModeManager (SCMSafeModeManager.java:validateSafeModeExitRules(201)) - AtleastOneDatanodeReportedRule rule is successfully validated
2021-06-06 13:57:19,102 [EndpointStateMachine task thread for /0.0.0.0:35111 - 0 ] INFO  ipc.Client (Client.java:handleConnectionFailure(966)) - Retrying connect to server: 0.0.0.0/0.0.0.0:35111. Already tried 3 time(s); retry policy is RetryUpToMaximumCountWithFixedSleep(maxRetries=15, sleepTime=1000 MILLISECONDS)
2021-06-06 13:57:19,753 [EventQueue-PipelineReportForOneReplicaPipelineSafeModeRule] INFO  safemode.SCMSafeModeManager (SCMSafeModeManager.java:validateSafeModeExitRules(201)) - AtleastOneDatanodeReportedRule rule is successfully validated
2021-06-06 13:57:19,753 [EventQueue-OpenPipelineForHealthyPipelineSafeModeRule] INFO  safemode.SCMSafeModeManager (HealthyPipelineSafeModeRule.java:process(130)) - SCM in safe mode. Healthy pipelines reported count is 0, required healthy pipeline reported count is 1
2021-06-06 13:57:19,792 [EventQueue-PipelineReportForOneReplicaPipelineSafeModeRule] INFO  safemode.SCMSafeModeManager (SCMSafeModeManager.java:validateSafeModeExitRules(201)) - AtleastOneDatanodeReportedRule rule is successfully validated
2021-06-06 13:57:19,792 [EventQueue-OpenPipelineForHealthyPipelineSafeModeRule] INFO  safemode.SCMSafeModeManager (HealthyPipelineSafeModeRule.java:process(130)) - SCM in safe mode. Healthy pipelines reported count is 0, required healthy pipeline reported count is 1
2021-06-06 13:57:19,882 [Listener at 127.0.0.1/11444] INFO  ozone.MiniOzoneClusterImpl (MiniOzoneClusterImpl.java:lambda$waitForClusterToBeReady$0(224)) - Nodes are ready. Got 3 of 3 DN Heartbeats.
2021-06-06 13:57:19,882 [Listener at 127.0.0.1/11444] INFO  ozone.MiniOzoneClusterImpl (MiniOzoneClusterImpl.java:lambda$waitForClusterToBeReady$0(227)) - Waiting for cluster to exit safe mode
2021-06-06 13:57:19,882 [Listener at 127.0.0.1/11444] INFO  ozone.MiniOzoneClusterImpl (MiniOzoneClusterImpl.java:lambda$waitForClusterToBeReady$0(230)) - SCM became leader
2021-06-06 13:57:19,890 [EventQueue-OpenPipelineForHealthyPipelineSafeModeRule] INFO  safemode.SCMSafeModeManager (HealthyPipelineSafeModeRule.java:process(130)) - SCM in safe mode. Healthy pipelines reported count is 0, required healthy pipeline reported count is 1
2021-06-06 13:57:19,890 [EventQueue-PipelineReportForOneReplicaPipelineSafeModeRule] INFO  safemode.SCMSafeModeManager (SCMSafeModeManager.java:validateSafeModeExitRules(201)) - AtleastOneDatanodeReportedRule rule is successfully validated
2021-06-06 13:57:20,103 [EndpointStateMachine task thread for /0.0.0.0:35111 - 0 ] INFO  ipc.Client (Client.java:handleConnectionFailure(966)) - Retrying connect to server: 0.0.0.0/0.0.0.0:35111. Already tried 4 time(s); retry policy is RetryUpToMaximumCountWithFixedSleep(maxRetries=15, sleepTime=1000 MILLISECONDS)
2021-06-06 13:57:20,753 [EventQueue-PipelineReportForOneReplicaPipelineSafeModeRule] INFO  safemode.SCMSafeModeManager (SCMSafeModeManager.java:validateSafeModeExitRules(201)) - AtleastOneDatanodeReportedRule rule is successfully validated
2021-06-06 13:57:20,753 [EventQueue-OpenPipelineForHealthyPipelineSafeModeRule] INFO  safemode.SCMSafeModeManager (HealthyPipelineSafeModeRule.java:process(130)) - SCM in safe mode. Healthy pipelines reported count is 0, required healthy pipeline reported count is 1
2021-06-06 13:57:20,792 [EventQueue-PipelineReportForOneReplicaPipelineSafeModeRule] INFO  safemode.SCMSafeModeManager (SCMSafeModeManager.java:validateSafeModeExitRules(201)) - AtleastOneDatanodeReportedRule rule is successfully validated
2021-06-06 13:57:20,792 [EventQueue-OpenPipelineForHealthyPipelineSafeModeRule] INFO  safemode.SCMSafeModeManager (HealthyPipelineSafeModeRule.java:process(130)) - SCM in safe mode. Healthy pipelines reported count is 0, required healthy pipeline reported count is 1
2021-06-06 13:57:20,883 [Listener at 127.0.0.1/11444] INFO  ozone.MiniOzoneClusterImpl (MiniOzoneClusterImpl.java:lambda$waitForClusterToBeReady$0(224)) - Nodes are ready. Got 3 of 3 DN Heartbeats.
2021-06-06 13:57:20,883 [Listener at 127.0.0.1/11444] INFO  ozone.MiniOzoneClusterImpl (MiniOzoneClusterImpl.java:lambda$waitForClusterToBeReady$0(227)) - Waiting for cluster to exit safe mode
2021-06-06 13:57:20,883 [Listener at 127.0.0.1/11444] INFO  ozone.MiniOzoneClusterImpl (MiniOzoneClusterImpl.java:lambda$waitForClusterToBeReady$0(230)) - SCM became leader
2021-06-06 13:57:20,890 [EventQueue-PipelineReportForOneReplicaPipelineSafeModeRule] INFO  safemode.SCMSafeModeManager (SCMSafeModeManager.java:validateSafeModeExitRules(201)) - AtleastOneDatanodeReportedRule rule is successfully validated
2021-06-06 13:57:20,890 [EventQueue-OpenPipelineForHealthyPipelineSafeModeRule] INFO  safemode.SCMSafeModeManager (HealthyPipelineSafeModeRule.java:process(130)) - SCM in safe mode. Healthy pipelines reported count is 0, required healthy pipeline reported count is 1
2021-06-06 13:57:21,103 [EndpointStateMachine task thread for /0.0.0.0:35111 - 0 ] INFO  ipc.Client (Client.java:handleConnectionFailure(966)) - Retrying connect to server: 0.0.0.0/0.0.0.0:35111. Already tried 5 time(s); retry policy is RetryUpToMaximumCountWithFixedSleep(maxRetries=15, sleepTime=1000 MILLISECONDS)
2021-06-06 13:57:21,752 [EventQueue-OpenPipelineForHealthyPipelineSafeModeRule] INFO  safemode.SCMSafeModeManager (HealthyPipelineSafeModeRule.java:process(130)) - SCM in safe mode. Healthy pipelines reported count is 0, required healthy pipeline reported count is 1
2021-06-06 13:57:21,752 [EventQueue-PipelineReportForOneReplicaPipelineSafeModeRule] INFO  safemode.SCMSafeModeManager (SCMSafeModeManager.java:validateSafeModeExitRules(201)) - AtleastOneDatanodeReportedRule rule is successfully validated
2021-06-06 13:57:21,792 [EventQueue-PipelineReportForOneReplicaPipelineSafeModeRule] INFO  safemode.SCMSafeModeManager (SCMSafeModeManager.java:validateSafeModeExitRules(201)) - AtleastOneDatanodeReportedRule rule is successfully validated
2021-06-06 13:57:21,792 [EventQueue-OpenPipelineForHealthyPipelineSafeModeRule] INFO  safemode.SCMSafeModeManager (HealthyPipelineSafeModeRule.java:process(130)) - SCM in safe mode. Healthy pipelines reported count is 0, required healthy pipeline reported count is 1
2021-06-06 13:57:21,883 [Listener at 127.0.0.1/11444] INFO  ozone.MiniOzoneClusterImpl (MiniOzoneClusterImpl.java:lambda$waitForClusterToBeReady$0(224)) - Nodes are ready. Got 3 of 3 DN Heartbeats.
2021-06-06 13:57:21,883 [Listener at 127.0.0.1/11444] INFO  ozone.MiniOzoneClusterImpl (MiniOzoneClusterImpl.java:lambda$waitForClusterToBeReady$0(227)) - Waiting for cluster to exit safe mode
2021-06-06 13:57:21,884 [Listener at 127.0.0.1/11444] INFO  ozone.MiniOzoneClusterImpl (MiniOzoneClusterImpl.java:lambda$waitForClusterToBeReady$0(230)) - SCM became leader
2021-06-06 13:57:21,890 [EventQueue-OpenPipelineForHealthyPipelineSafeModeRule] INFO  safemode.SCMSafeModeManager (HealthyPipelineSafeModeRule.java:process(130)) - SCM in safe mode. Healthy pipelines reported count is 0, required healthy pipeline reported count is 1
2021-06-06 13:57:21,890 [EventQueue-PipelineReportForOneReplicaPipelineSafeModeRule] INFO  safemode.SCMSafeModeManager (SCMSafeModeManager.java:validateSafeModeExitRules(201)) - AtleastOneDatanodeReportedRule rule is successfully validated
2021-06-06 13:57:22,104 [EndpointStateMachine task thread for /0.0.0.0:35111 - 0 ] INFO  ipc.Client (Client.java:handleConnectionFailure(966)) - Retrying connect to server: 0.0.0.0/0.0.0.0:35111. Already tried 6 time(s); retry policy is RetryUpToMaximumCountWithFixedSleep(maxRetries=15, sleepTime=1000 MILLISECONDS)
2021-06-06 13:57:22,693 [f60ce0a5-af9c-4134-abee-27c495795ec5@group-B9655EBF1251-FollowerState] INFO  impl.FollowerState (FollowerState.java:run(134)) - f60ce0a5-af9c-4134-abee-27c495795ec5@group-B9655EBF1251-FollowerState: change to CANDIDATE, lastRpcElapsedTime:5014975852ns, electionTimeout:5014ms
2021-06-06 13:57:22,693 [f60ce0a5-af9c-4134-abee-27c495795ec5@group-B9655EBF1251-FollowerState] INFO  impl.RoleInfo (RoleInfo.java:shutdownFollowerState(108)) - f60ce0a5-af9c-4134-abee-27c495795ec5: shutdown f60ce0a5-af9c-4134-abee-27c495795ec5@group-B9655EBF1251-FollowerState
2021-06-06 13:57:22,693 [f60ce0a5-af9c-4134-abee-27c495795ec5@group-B9655EBF1251-FollowerState] INFO  server.RaftServer$Division (RaftServerImpl.java:setRole(284)) - f60ce0a5-af9c-4134-abee-27c495795ec5@group-B9655EBF1251: changes role from  FOLLOWER to CANDIDATE at term 0 for changeToCandidate
2021-06-06 13:57:22,693 [f60ce0a5-af9c-4134-abee-27c495795ec5@group-B9655EBF1251-FollowerState] INFO  server.RaftServerConfigKeys (ConfUtils.java:logGet(44)) - raft.server.leaderelection.pre-vote = false (custom)
2021-06-06 13:57:22,694 [f60ce0a5-af9c-4134-abee-27c495795ec5@group-B9655EBF1251-FollowerState] INFO  impl.RoleInfo (RoleInfo.java:updateAndGet(130)) - f60ce0a5-af9c-4134-abee-27c495795ec5: start f60ce0a5-af9c-4134-abee-27c495795ec5@group-B9655EBF1251-LeaderElection16
2021-06-06 13:57:22,700 [f60ce0a5-af9c-4134-abee-27c495795ec5@group-B9655EBF1251-LeaderElection16] INFO  impl.LeaderElection (LeaderElection.java:askForVotes(306)) - f60ce0a5-af9c-4134-abee-27c495795ec5@group-B9655EBF1251-LeaderElection16 ELECTION round 0: submit vote requests at term 1 for -1: [0df3d903-2160-49f6-b3f1-a0b58e05c8a8|rpc:10.1.0.37:38015|priority:0, 4f861c42-39d3-4f63-85a9-51f112b48038|rpc:10.1.0.37:43869|priority:1, f60ce0a5-af9c-4134-abee-27c495795ec5|rpc:10.1.0.37:33789|priority:0], old=null
2021-06-06 13:57:22,708 [grpc-default-executor-1] INFO  server.RaftServer$Division (RaftServerImpl.java:requestVote(1042)) - 0df3d903-2160-49f6-b3f1-a0b58e05c8a8@group-B9655EBF1251: receive requestVote(ELECTION, f60ce0a5-af9c-4134-abee-27c495795ec5, group-B9655EBF1251, 1, (t:0, i:0))
2021-06-06 13:57:22,708 [grpc-default-executor-1] INFO  impl.VoteContext (VoteContext.java:log(48)) - 0df3d903-2160-49f6-b3f1-a0b58e05c8a8@group-B9655EBF1251-FOLLOWER: accept ELECTION from f60ce0a5-af9c-4134-abee-27c495795ec5: our priority 0 <= candidate's priority 0
2021-06-06 13:57:22,708 [grpc-default-executor-1] INFO  server.RaftServer$Division (RaftServerImpl.java:setRole(284)) - 0df3d903-2160-49f6-b3f1-a0b58e05c8a8@group-B9655EBF1251: changes role from  FOLLOWER to FOLLOWER at term 1 for candidate:f60ce0a5-af9c-4134-abee-27c495795ec5
2021-06-06 13:57:22,708 [grpc-default-executor-1] INFO  impl.RoleInfo (RoleInfo.java:shutdownFollowerState(108)) - 0df3d903-2160-49f6-b3f1-a0b58e05c8a8: shutdown 0df3d903-2160-49f6-b3f1-a0b58e05c8a8@group-B9655EBF1251-FollowerState
2021-06-06 13:57:22,708 [grpc-default-executor-1] INFO  impl.RoleInfo (RoleInfo.java:updateAndGet(130)) - 0df3d903-2160-49f6-b3f1-a0b58e05c8a8: start 0df3d903-2160-49f6-b3f1-a0b58e05c8a8@group-B9655EBF1251-FollowerState
2021-06-06 13:57:22,710 [0df3d903-2160-49f6-b3f1-a0b58e05c8a8@group-B9655EBF1251-FollowerState] INFO  impl.FollowerState (FollowerState.java:run(143)) - 0df3d903-2160-49f6-b3f1-a0b58e05c8a8@group-B9655EBF1251-FollowerState was interrupted: {}
java.lang.InterruptedException: sleep interrupted
	at java.lang.Thread.sleep(Native Method)
	at java.lang.Thread.sleep(Thread.java:340)
	at java.util.concurrent.TimeUnit.sleep(TimeUnit.java:386)
	at org.apache.ratis.util.TimeDuration.sleep(TimeDuration.java:324)
	at org.apache.ratis.util.TimeDuration.sleep(TimeDuration.java:309)
	at org.apache.ratis.server.impl.FollowerState.run(FollowerState.java:118)
2021-06-06 13:57:22,711 [grpc-default-executor-1] INFO  server.RaftServer$Division (RaftServerImpl.java:requestVote(1074)) - 0df3d903-2160-49f6-b3f1-a0b58e05c8a8@group-B9655EBF1251 replies to ELECTION vote request: f60ce0a5-af9c-4134-abee-27c495795ec5<-0df3d903-2160-49f6-b3f1-a0b58e05c8a8#0:OK-t1. Peer's state: 0df3d903-2160-49f6-b3f1-a0b58e05c8a8@group-B9655EBF1251:t1, leader=null, voted=f60ce0a5-af9c-4134-abee-27c495795ec5, raftlog=0df3d903-2160-49f6-b3f1-a0b58e05c8a8@group-B9655EBF1251-SegmentedRaftLog:OPENED:c-1,f-1,i0, conf=-1: [0df3d903-2160-49f6-b3f1-a0b58e05c8a8|rpc:10.1.0.37:38015|dataStream:|priority:0, 4f861c42-39d3-4f63-85a9-51f112b48038|rpc:10.1.0.37:43869|dataStream:|priority:1, f60ce0a5-af9c-4134-abee-27c495795ec5|rpc:10.1.0.37:33789|dataStream:|priority:0], old=null
2021-06-06 13:57:22,712 [grpc-default-executor-0] INFO  server.RaftServer$Division (RaftServerImpl.java:requestVote(1042)) - 4f861c42-39d3-4f63-85a9-51f112b48038@group-B9655EBF1251: receive requestVote(ELECTION, f60ce0a5-af9c-4134-abee-27c495795ec5, group-B9655EBF1251, 1, (t:0, i:0))
2021-06-06 13:57:22,712 [grpc-default-executor-0] INFO  impl.VoteContext (VoteContext.java:log(48)) - 4f861c42-39d3-4f63-85a9-51f112b48038@group-B9655EBF1251-FOLLOWER: reject ELECTION from f60ce0a5-af9c-4134-abee-27c495795ec5: our priority 1 > candidate's priority 0
2021-06-06 13:57:22,713 [grpc-default-executor-0] INFO  server.RaftServer$Division (RaftServerImpl.java:setRole(284)) - 4f861c42-39d3-4f63-85a9-51f112b48038@group-B9655EBF1251: changes role from  FOLLOWER to FOLLOWER at term 1 for candidate:f60ce0a5-af9c-4134-abee-27c495795ec5
2021-06-06 13:57:22,713 [grpc-default-executor-0] INFO  impl.RoleInfo (RoleInfo.java:shutdownFollowerState(108)) - 4f861c42-39d3-4f63-85a9-51f112b48038: shutdown 4f861c42-39d3-4f63-85a9-51f112b48038@group-B9655EBF1251-FollowerState
2021-06-06 13:57:22,713 [grpc-default-executor-0] INFO  impl.RoleInfo (RoleInfo.java:updateAndGet(130)) - 4f861c42-39d3-4f63-85a9-51f112b48038: start 4f861c42-39d3-4f63-85a9-51f112b48038@group-B9655EBF1251-FollowerState
2021-06-06 13:57:22,713 [4f861c42-39d3-4f63-85a9-51f112b48038@group-B9655EBF1251-FollowerState] INFO  impl.FollowerState (FollowerState.java:run(143)) - 4f861c42-39d3-4f63-85a9-51f112b48038@group-B9655EBF1251-FollowerState was interrupted: {}
java.lang.InterruptedException: sleep interrupted
	at java.lang.Thread.sleep(Native Method)
	at java.lang.Thread.sleep(Thread.java:340)
	at java.util.concurrent.TimeUnit.sleep(TimeUnit.java:386)
	at org.apache.ratis.util.TimeDuration.sleep(TimeDuration.java:324)
	at org.apache.ratis.util.TimeDuration.sleep(TimeDuration.java:309)
	at org.apache.ratis.server.impl.FollowerState.run(FollowerState.java:118)
2021-06-06 13:57:22,716 [grpc-default-executor-0] INFO  server.RaftServer$Division (RaftServerImpl.java:requestVote(1074)) - 4f861c42-39d3-4f63-85a9-51f112b48038@group-B9655EBF1251 replies to ELECTION vote request: f60ce0a5-af9c-4134-abee-27c495795ec5<-4f861c42-39d3-4f63-85a9-51f112b48038#0:FAIL-t1. Peer's state: 4f861c42-39d3-4f63-85a9-51f112b48038@group-B9655EBF1251:t1, leader=null, voted=null, raftlog=4f861c42-39d3-4f63-85a9-51f112b48038@group-B9655EBF1251-SegmentedRaftLog:OPENED:c-1,f-1,i0, conf=-1: [0df3d903-2160-49f6-b3f1-a0b58e05c8a8|rpc:10.1.0.37:38015|dataStream:|priority:0, 4f861c42-39d3-4f63-85a9-51f112b48038|rpc:10.1.0.37:43869|dataStream:|priority:1, f60ce0a5-af9c-4134-abee-27c495795ec5|rpc:10.1.0.37:33789|dataStream:|priority:0], old=null
2021-06-06 13:57:22,717 [f60ce0a5-af9c-4134-abee-27c495795ec5@group-B9655EBF1251-LeaderElection16] INFO  impl.LeaderElection (LeaderElection.java:logAndReturn(89)) - f60ce0a5-af9c-4134-abee-27c495795ec5@group-B9655EBF1251-LeaderElection16: ELECTION REJECTED received 2 response(s) and 0 exception(s):
2021-06-06 13:57:22,717 [f60ce0a5-af9c-4134-abee-27c495795ec5@group-B9655EBF1251-LeaderElection16] INFO  impl.LeaderElection (LeaderElection.java:logAndReturn(93)) -   Response 0: f60ce0a5-af9c-4134-abee-27c495795ec5<-0df3d903-2160-49f6-b3f1-a0b58e05c8a8#0:OK-t1
2021-06-06 13:57:22,717 [f60ce0a5-af9c-4134-abee-27c495795ec5@group-B9655EBF1251-LeaderElection16] INFO  impl.LeaderElection (LeaderElection.java:logAndReturn(93)) -   Response 1: f60ce0a5-af9c-4134-abee-27c495795ec5<-4f861c42-39d3-4f63-85a9-51f112b48038#0:FAIL-t1
2021-06-06 13:57:22,717 [f60ce0a5-af9c-4134-abee-27c495795ec5@group-B9655EBF1251-LeaderElection16] INFO  impl.LeaderElection (LeaderElection.java:askForVotes(308)) - f60ce0a5-af9c-4134-abee-27c495795ec5@group-B9655EBF1251-LeaderElection16 ELECTION round 0: result REJECTED
2021-06-06 13:57:22,717 [f60ce0a5-af9c-4134-abee-27c495795ec5@group-B9655EBF1251-LeaderElection16] INFO  server.RaftServer$Division (RaftServerImpl.java:setRole(284)) - f60ce0a5-af9c-4134-abee-27c495795ec5@group-B9655EBF1251: changes role from CANDIDATE to FOLLOWER at term 1 for REJECTED
2021-06-06 13:57:22,717 [f60ce0a5-af9c-4134-abee-27c495795ec5@group-B9655EBF1251-LeaderElection16] INFO  impl.RoleInfo (RoleInfo.java:shutdownLeaderElection(121)) - f60ce0a5-af9c-4134-abee-27c495795ec5: shutdown f60ce0a5-af9c-4134-abee-27c495795ec5@group-B9655EBF1251-LeaderElection16
2021-06-06 13:57:22,717 [f60ce0a5-af9c-4134-abee-27c495795ec5@group-B9655EBF1251-LeaderElection16] INFO  impl.RoleInfo (RoleInfo.java:updateAndGet(130)) - f60ce0a5-af9c-4134-abee-27c495795ec5: start f60ce0a5-af9c-4134-abee-27c495795ec5@group-B9655EBF1251-FollowerState
2021-06-06 13:57:22,752 [EventQueue-PipelineReportForOneReplicaPipelineSafeModeRule] INFO  safemode.SCMSafeModeManager (SCMSafeModeManager.java:validateSafeModeExitRules(201)) - AtleastOneDatanodeReportedRule rule is successfully validated
2021-06-06 13:57:22,752 [EventQueue-OpenPipelineForHealthyPipelineSafeModeRule] INFO  safemode.SCMSafeModeManager (HealthyPipelineSafeModeRule.java:process(130)) - SCM in safe mode. Healthy pipelines reported count is 0, required healthy pipeline reported count is 1
2021-06-06 13:57:22,793 [EventQueue-PipelineReportForOneReplicaPipelineSafeModeRule] INFO  safemode.SCMSafeModeManager (SCMSafeModeManager.java:validateSafeModeExitRules(201)) - AtleastOneDatanodeReportedRule rule is successfully validated
2021-06-06 13:57:22,793 [EventQueue-OpenPipelineForHealthyPipelineSafeModeRule] INFO  safemode.SCMSafeModeManager (HealthyPipelineSafeModeRule.java:process(130)) - SCM in safe mode. Healthy pipelines reported count is 0, required healthy pipeline reported count is 1
2021-06-06 13:57:22,804 [f60ce0a5-af9c-4134-abee-27c495795ec5@group-8C6A9ECF6A76-FollowerState] INFO  impl.FollowerState (FollowerState.java:run(134)) - f60ce0a5-af9c-4134-abee-27c495795ec5@group-8C6A9ECF6A76-FollowerState: change to CANDIDATE, lastRpcElapsedTime:5046572374ns, electionTimeout:5037ms
2021-06-06 13:57:22,804 [f60ce0a5-af9c-4134-abee-27c495795ec5@group-08FBDB4E5F94-FollowerState] INFO  impl.FollowerState (FollowerState.java:run(134)) - f60ce0a5-af9c-4134-abee-27c495795ec5@group-08FBDB4E5F94-FollowerState: change to CANDIDATE, lastRpcElapsedTime:5140285709ns, electionTimeout:5137ms
2021-06-06 13:57:22,804 [f60ce0a5-af9c-4134-abee-27c495795ec5@group-8C6A9ECF6A76-FollowerState] INFO  impl.RoleInfo (RoleInfo.java:shutdownFollowerState(108)) - f60ce0a5-af9c-4134-abee-27c495795ec5: shutdown f60ce0a5-af9c-4134-abee-27c495795ec5@group-8C6A9ECF6A76-FollowerState
2021-06-06 13:57:22,805 [f60ce0a5-af9c-4134-abee-27c495795ec5@group-8C6A9ECF6A76-FollowerState] INFO  server.RaftServer$Division (RaftServerImpl.java:setRole(284)) - f60ce0a5-af9c-4134-abee-27c495795ec5@group-8C6A9ECF6A76: changes role from  FOLLOWER to CANDIDATE at term 0 for changeToCandidate
2021-06-06 13:57:22,805 [f60ce0a5-af9c-4134-abee-27c495795ec5@group-08FBDB4E5F94-FollowerState] INFO  impl.RoleInfo (RoleInfo.java:shutdownFollowerState(108)) - f60ce0a5-af9c-4134-abee-27c495795ec5: shutdown f60ce0a5-af9c-4134-abee-27c495795ec5@group-08FBDB4E5F94-FollowerState
2021-06-06 13:57:22,805 [f60ce0a5-af9c-4134-abee-27c495795ec5@group-8C6A9ECF6A76-FollowerState] INFO  server.RaftServerConfigKeys (ConfUtils.java:logGet(44)) - raft.server.leaderelection.pre-vote = false (custom)
2021-06-06 13:57:22,805 [f60ce0a5-af9c-4134-abee-27c495795ec5@group-08FBDB4E5F94-FollowerState] INFO  server.RaftServer$Division (RaftServerImpl.java:setRole(284)) - f60ce0a5-af9c-4134-abee-27c495795ec5@group-08FBDB4E5F94: changes role from  FOLLOWER to CANDIDATE at term 0 for changeToCandidate
2021-06-06 13:57:22,805 [f60ce0a5-af9c-4134-abee-27c495795ec5@group-8C6A9ECF6A76-FollowerState] INFO  impl.RoleInfo (RoleInfo.java:updateAndGet(130)) - f60ce0a5-af9c-4134-abee-27c495795ec5: start f60ce0a5-af9c-4134-abee-27c495795ec5@group-8C6A9ECF6A76-LeaderElection17
2021-06-06 13:57:22,805 [f60ce0a5-af9c-4134-abee-27c495795ec5@group-08FBDB4E5F94-FollowerState] INFO  server.RaftServerConfigKeys (ConfUtils.java:logGet(44)) - raft.server.leaderelection.pre-vote = false (custom)
2021-06-06 13:57:22,805 [f60ce0a5-af9c-4134-abee-27c495795ec5@group-08FBDB4E5F94-FollowerState] INFO  impl.RoleInfo (RoleInfo.java:updateAndGet(130)) - f60ce0a5-af9c-4134-abee-27c495795ec5: start f60ce0a5-af9c-4134-abee-27c495795ec5@group-08FBDB4E5F94-LeaderElection18
2021-06-06 13:57:22,808 [f60ce0a5-af9c-4134-abee-27c495795ec5@group-8C6A9ECF6A76-LeaderElection17] INFO  impl.LeaderElection (LeaderElection.java:askForVotes(306)) - f60ce0a5-af9c-4134-abee-27c495795ec5@group-8C6A9ECF6A76-LeaderElection17 ELECTION round 0: submit vote requests at term 1 for -1: [0df3d903-2160-49f6-b3f1-a0b58e05c8a8|rpc:10.1.0.37:38015|priority:0, 4f861c42-39d3-4f63-85a9-51f112b48038|rpc:10.1.0.37:43869|priority:0, f60ce0a5-af9c-4134-abee-27c495795ec5|rpc:10.1.0.37:33789|priority:1], old=null
2021-06-06 13:57:22,810 [f60ce0a5-af9c-4134-abee-27c495795ec5@group-08FBDB4E5F94-LeaderElection18] INFO  impl.LeaderElection (LeaderElection.java:askForVotes(306)) - f60ce0a5-af9c-4134-abee-27c495795ec5@group-08FBDB4E5F94-LeaderElection18 ELECTION round 0: submit vote requests at term 1 for -1: [f60ce0a5-af9c-4134-abee-27c495795ec5|rpc:10.1.0.37:33789|priority:1], old=null
2021-06-06 13:57:22,810 [f60ce0a5-af9c-4134-abee-27c495795ec5@group-08FBDB4E5F94-LeaderElection18] INFO  impl.LeaderElection (LeaderElection.java:askForVotes(308)) - f60ce0a5-af9c-4134-abee-27c495795ec5@group-08FBDB4E5F94-LeaderElection18 ELECTION round 0: result PASSED (term=1)
2021-06-06 13:57:22,810 [f60ce0a5-af9c-4134-abee-27c495795ec5@group-08FBDB4E5F94-LeaderElection18] INFO  impl.RoleInfo (RoleInfo.java:shutdownLeaderElection(121)) - f60ce0a5-af9c-4134-abee-27c495795ec5: shutdown f60ce0a5-af9c-4134-abee-27c495795ec5@group-08FBDB4E5F94-LeaderElection18
2021-06-06 13:57:22,810 [f60ce0a5-af9c-4134-abee-27c495795ec5@group-08FBDB4E5F94-LeaderElection18] INFO  server.RaftServer$Division (RaftServerImpl.java:setRole(284)) - f60ce0a5-af9c-4134-abee-27c495795ec5@group-08FBDB4E5F94: changes role from CANDIDATE to LEADER at term 1 for changeToLeader
2021-06-06 13:57:22,810 [f60ce0a5-af9c-4134-abee-27c495795ec5@group-08FBDB4E5F94-LeaderElection18] INFO  ratis.XceiverServerRatis (XceiverServerRatis.java:handleLeaderChangedNotification(906)) - Leader change notification received for group: group-08FBDB4E5F94 with new leaderId: f60ce0a5-af9c-4134-abee-27c495795ec5
2021-06-06 13:57:22,813 [f60ce0a5-af9c-4134-abee-27c495795ec5@group-08FBDB4E5F94-LeaderElection18] INFO  server.RaftServer$Division (ServerState.java:setLeader(271)) - f60ce0a5-af9c-4134-abee-27c495795ec5@group-08FBDB4E5F94: change Leader from null to f60ce0a5-af9c-4134-abee-27c495795ec5 at term 1 for becomeLeader, leader elected after 5152ms
2021-06-06 13:57:22,813 [f60ce0a5-af9c-4134-abee-27c495795ec5@group-08FBDB4E5F94-LeaderElection18] INFO  server.RaftServerConfigKeys (ConfUtils.java:logGet(44)) - raft.server.staging.catchup.gap = 1000 (default)
2021-06-06 13:57:22,813 [grpc-default-executor-0] INFO  server.RaftServer$Division (RaftServerImpl.java:requestVote(1042)) - 0df3d903-2160-49f6-b3f1-a0b58e05c8a8@group-8C6A9ECF6A76: receive requestVote(ELECTION, f60ce0a5-af9c-4134-abee-27c495795ec5, group-8C6A9ECF6A76, 1, (t:0, i:0))
2021-06-06 13:57:22,814 [f60ce0a5-af9c-4134-abee-27c495795ec5@group-08FBDB4E5F94-LeaderElection18] INFO  metrics.RatisMetrics (RatisMetrics.java:lambda$create$0(36)) - Creating Metrics Registry : ratis.log_appender.f60ce0a5-af9c-4134-abee-27c495795ec5@group-08FBDB4E5F94
2021-06-06 13:57:22,814 [f60ce0a5-af9c-4134-abee-27c495795ec5@group-08FBDB4E5F94-LeaderElection18] INFO  server.RaftServerConfigKeys (ConfUtils.java:logGet(44)) - raft.server.write.element-limit = 1024 (custom)
2021-06-06 13:57:22,814 [f60ce0a5-af9c-4134-abee-27c495795ec5@group-08FBDB4E5F94-LeaderElection18] INFO  server.RaftServerConfigKeys (ConfUtils.java:logGet(44)) - raft.server.write.byte-limit = 1073741824 (custom)
2021-06-06 13:57:22,814 [f60ce0a5-af9c-4134-abee-27c495795ec5@group-08FBDB4E5F94-LeaderElection18] INFO  server.RaftServerConfigKeys (ConfUtils.java:logGet(44)) - raft.server.watch.timeout = 180s (custom)
2021-06-06 13:57:22,814 [grpc-default-executor-0] INFO  impl.VoteContext (VoteContext.java:log(48)) - 0df3d903-2160-49f6-b3f1-a0b58e05c8a8@group-8C6A9ECF6A76-FOLLOWER: accept ELECTION from f60ce0a5-af9c-4134-abee-27c495795ec5: our priority 0 <= candidate's priority 1
2021-06-06 13:57:22,814 [grpc-default-executor-0] INFO  server.RaftServer$Division (RaftServerImpl.java:setRole(284)) - 0df3d903-2160-49f6-b3f1-a0b58e05c8a8@group-8C6A9ECF6A76: changes role from  FOLLOWER to FOLLOWER at term 1 for candidate:f60ce0a5-af9c-4134-abee-27c495795ec5
2021-06-06 13:57:22,814 [grpc-default-executor-0] INFO  impl.RoleInfo (RoleInfo.java:shutdownFollowerState(108)) - 0df3d903-2160-49f6-b3f1-a0b58e05c8a8: shutdown 0df3d903-2160-49f6-b3f1-a0b58e05c8a8@group-8C6A9ECF6A76-FollowerState
2021-06-06 13:57:22,814 [grpc-default-executor-0] INFO  impl.RoleInfo (RoleInfo.java:updateAndGet(130)) - 0df3d903-2160-49f6-b3f1-a0b58e05c8a8: start 0df3d903-2160-49f6-b3f1-a0b58e05c8a8@group-8C6A9ECF6A76-FollowerState
2021-06-06 13:57:22,814 [f60ce0a5-af9c-4134-abee-27c495795ec5@group-08FBDB4E5F94-LeaderElection18] INFO  server.RaftServerConfigKeys (ConfUtils.java:logGet(44)) - raft.server.watch.timeout.denomination = 1s (default)
2021-06-06 13:57:22,814 [f60ce0a5-af9c-4134-abee-27c495795ec5@group-08FBDB4E5F94-LeaderElection18] INFO  server.RaftServerConfigKeys (ConfUtils.java:logGet(44)) - raft.server.watch.element-limit = 65536 (default)
2021-06-06 13:57:22,815 [f60ce0a5-af9c-4134-abee-27c495795ec5@group-08FBDB4E5F94-LeaderElection18] INFO  impl.RoleInfo (RoleInfo.java:updateAndGet(130)) - f60ce0a5-af9c-4134-abee-27c495795ec5: start f60ce0a5-af9c-4134-abee-27c495795ec5@group-08FBDB4E5F94-LeaderStateImpl
2021-06-06 13:57:22,815 [f60ce0a5-af9c-4134-abee-27c495795ec5@group-08FBDB4E5F94-LeaderElection18] INFO  segmented.SegmentedRaftLogWorker (SegmentedRaftLogWorker.java:startLogSegment(394)) - f60ce0a5-af9c-4134-abee-27c495795ec5@group-08FBDB4E5F94-SegmentedRaftLogWorker: Starting segment from index:0
2021-06-06 13:57:22,815 [EventQueue-PipelineReportForOneReplicaPipelineSafeModeRule] INFO  safemode.SCMSafeModeManager (SCMSafeModeManager.java:validateSafeModeExitRules(201)) - AtleastOneDatanodeReportedRule rule is successfully validated
2021-06-06 13:57:22,814 [4f861c42-39d3-4f63-85a9-51f112b48038@group-69731BD46A4B-FollowerState] INFO  impl.FollowerState (FollowerState.java:run(134)) - 4f861c42-39d3-4f63-85a9-51f112b48038@group-69731BD46A4B-FollowerState: change to CANDIDATE, lastRpcElapsedTime:5004505225ns, electionTimeout:5003ms
2021-06-06 13:57:22,815 [EventQueue-OpenPipelineForHealthyPipelineSafeModeRule] INFO  safemode.SCMSafeModeManager (HealthyPipelineSafeModeRule.java:process(130)) - SCM in safe mode. Healthy pipelines reported count is 0, required healthy pipeline reported count is 1
2021-06-06 13:57:22,815 [4f861c42-39d3-4f63-85a9-51f112b48038@group-69731BD46A4B-FollowerState] INFO  impl.RoleInfo (RoleInfo.java:shutdownFollowerState(108)) - 4f861c42-39d3-4f63-85a9-51f112b48038: shutdown 4f861c42-39d3-4f63-85a9-51f112b48038@group-69731BD46A4B-FollowerState
2021-06-06 13:57:22,815 [4f861c42-39d3-4f63-85a9-51f112b48038@group-69731BD46A4B-FollowerState] INFO  server.RaftServer$Division (RaftServerImpl.java:setRole(284)) - 4f861c42-39d3-4f63-85a9-51f112b48038@group-69731BD46A4B: changes role from  FOLLOWER to CANDIDATE at term 0 for changeToCandidate
2021-06-06 13:57:22,814 [0df3d903-2160-49f6-b3f1-a0b58e05c8a8@group-8C6A9ECF6A76-FollowerState] INFO  impl.FollowerState (FollowerState.java:run(143)) - 0df3d903-2160-49f6-b3f1-a0b58e05c8a8@group-8C6A9ECF6A76-FollowerState was interrupted: {}
java.lang.InterruptedException: sleep interrupted
	at java.lang.Thread.sleep(Native Method)
	at java.lang.Thread.sleep(Thread.java:340)
	at java.util.concurrent.TimeUnit.sleep(TimeUnit.java:386)
	at org.apache.ratis.util.TimeDuration.sleep(TimeDuration.java:324)
	at org.apache.ratis.util.TimeDuration.sleep(TimeDuration.java:309)
	at org.apache.ratis.server.impl.FollowerState.run(FollowerState.java:118)
2021-06-06 13:57:22,817 [4f861c42-39d3-4f63-85a9-51f112b48038@group-69731BD46A4B-FollowerState] INFO  server.RaftServerConfigKeys (ConfUtils.java:logGet(44)) - raft.server.leaderelection.pre-vote = false (custom)
2021-06-06 13:57:22,817 [4f861c42-39d3-4f63-85a9-51f112b48038@group-69731BD46A4B-FollowerState] INFO  impl.RoleInfo (RoleInfo.java:updateAndGet(130)) - 4f861c42-39d3-4f63-85a9-51f112b48038: start 4f861c42-39d3-4f63-85a9-51f112b48038@group-69731BD46A4B-LeaderElection19
2021-06-06 13:57:22,818 [f60ce0a5-af9c-4134-abee-27c495795ec5@group-08FBDB4E5F94-LeaderElection18] INFO  server.RaftServer$Division (ServerState.java:setRaftConf(373)) - f60ce0a5-af9c-4134-abee-27c495795ec5@group-08FBDB4E5F94: set configuration 0: [f60ce0a5-af9c-4134-abee-27c495795ec5|rpc:10.1.0.37:33789|dataStream:|priority:1], old=null
2021-06-06 13:57:22,819 [grpc-default-executor-1] INFO  server.RaftServer$Division (RaftServerImpl.java:requestVote(1042)) - 4f861c42-39d3-4f63-85a9-51f112b48038@group-8C6A9ECF6A76: receive requestVote(ELECTION, f60ce0a5-af9c-4134-abee-27c495795ec5, group-8C6A9ECF6A76, 1, (t:0, i:0))
2021-06-06 13:57:22,819 [grpc-default-executor-1] INFO  impl.VoteContext (VoteContext.java:log(48)) - 4f861c42-39d3-4f63-85a9-51f112b48038@group-8C6A9ECF6A76-FOLLOWER: accept ELECTION from f60ce0a5-af9c-4134-abee-27c495795ec5: our priority 0 <= candidate's priority 1
2021-06-06 13:57:22,819 [grpc-default-executor-1] INFO  server.RaftServer$Division (RaftServerImpl.java:setRole(284)) - 4f861c42-39d3-4f63-85a9-51f112b48038@group-8C6A9ECF6A76: changes role from  FOLLOWER to FOLLOWER at term 1 for candidate:f60ce0a5-af9c-4134-abee-27c495795ec5
2021-06-06 13:57:22,819 [grpc-default-executor-1] INFO  impl.RoleInfo (RoleInfo.java:shutdownFollowerState(108)) - 4f861c42-39d3-4f63-85a9-51f112b48038: shutdown 4f861c42-39d3-4f63-85a9-51f112b48038@group-8C6A9ECF6A76-FollowerState
2021-06-06 13:57:22,819 [grpc-default-executor-1] INFO  impl.RoleInfo (RoleInfo.java:updateAndGet(130)) - 4f861c42-39d3-4f63-85a9-51f112b48038: start 4f861c42-39d3-4f63-85a9-51f112b48038@group-8C6A9ECF6A76-FollowerState
2021-06-06 13:57:22,820 [4f861c42-39d3-4f63-85a9-51f112b48038@group-8C6A9ECF6A76-FollowerState] INFO  impl.FollowerState (FollowerState.java:run(143)) - 4f861c42-39d3-4f63-85a9-51f112b48038@group-8C6A9ECF6A76-FollowerState was interrupted: {}
java.lang.InterruptedException: sleep interrupted
	at java.lang.Thread.sleep(Native Method)
	at java.lang.Thread.sleep(Thread.java:340)
	at java.util.concurrent.TimeUnit.sleep(TimeUnit.java:386)
	at org.apache.ratis.util.TimeDuration.sleep(TimeDuration.java:324)
	at org.apache.ratis.util.TimeDuration.sleep(TimeDuration.java:309)
	at org.apache.ratis.server.impl.FollowerState.run(FollowerState.java:118)
2021-06-06 13:57:22,822 [f60ce0a5-af9c-4134-abee-27c495795ec5@group-08FBDB4E5F94-SegmentedRaftLogWorker] INFO  segmented.SegmentedRaftLogWorker (SegmentedRaftLogWorker.java:execute(601)) - f60ce0a5-af9c-4134-abee-27c495795ec5@group-08FBDB4E5F94-SegmentedRaftLogWorker: created new log segment /home/runner/work/ozone/ozone/mnt/ozone/hadoop-ozone/integration-test/target/test-dir/MiniOzoneClusterImpl-498e09b4-d42e-43c3-9d7c-b3000502db30/datanode-0/data/ratis/354aefe5-a4c3-42fd-8cfc-08fbdb4e5f94/current/log_inprogress_0
2021-06-06 13:57:22,823 [grpc-default-executor-0] INFO  server.RaftServer$Division (RaftServerImpl.java:requestVote(1074)) - 0df3d903-2160-49f6-b3f1-a0b58e05c8a8@group-8C6A9ECF6A76 replies to ELECTION vote request: f60ce0a5-af9c-4134-abee-27c495795ec5<-0df3d903-2160-49f6-b3f1-a0b58e05c8a8#0:OK-t1. Peer's state: 0df3d903-2160-49f6-b3f1-a0b58e05c8a8@group-8C6A9ECF6A76:t1, leader=null, voted=f60ce0a5-af9c-4134-abee-27c495795ec5, raftlog=0df3d903-2160-49f6-b3f1-a0b58e05c8a8@group-8C6A9ECF6A76-SegmentedRaftLog:OPENED:c-1,f-1,i0, conf=-1: [0df3d903-2160-49f6-b3f1-a0b58e05c8a8|rpc:10.1.0.37:38015|dataStream:|priority:0, 4f861c42-39d3-4f63-85a9-51f112b48038|rpc:10.1.0.37:43869|dataStream:|priority:0, f60ce0a5-af9c-4134-abee-27c495795ec5|rpc:10.1.0.37:33789|dataStream:|priority:1], old=null
2021-06-06 13:57:22,831 [grpc-default-executor-1] INFO  server.RaftServer$Division (RaftServerImpl.java:requestVote(1074)) - 4f861c42-39d3-4f63-85a9-51f112b48038@group-8C6A9ECF6A76 replies to ELECTION vote request: f60ce0a5-af9c-4134-abee-27c495795ec5<-4f861c42-39d3-4f63-85a9-51f112b48038#0:OK-t1. Peer's state: 4f861c42-39d3-4f63-85a9-51f112b48038@group-8C6A9ECF6A76:t1, leader=null, voted=f60ce0a5-af9c-4134-abee-27c495795ec5, raftlog=4f861c42-39d3-4f63-85a9-51f112b48038@group-8C6A9ECF6A76-SegmentedRaftLog:OPENED:c-1,f-1,i0, conf=-1: [0df3d903-2160-49f6-b3f1-a0b58e05c8a8|rpc:10.1.0.37:38015|dataStream:|priority:0, 4f861c42-39d3-4f63-85a9-51f112b48038|rpc:10.1.0.37:43869|dataStream:|priority:0, f60ce0a5-af9c-4134-abee-27c495795ec5|rpc:10.1.0.37:33789|dataStream:|priority:1], old=null
2021-06-06 13:57:22,832 [f60ce0a5-af9c-4134-abee-27c495795ec5@group-8C6A9ECF6A76-LeaderElection17] INFO  impl.LeaderElection (LeaderElection.java:logAndReturn(89)) - f60ce0a5-af9c-4134-abee-27c495795ec5@group-8C6A9ECF6A76-LeaderElection17: ELECTION PASSED received 1 response(s) and 0 exception(s):
2021-06-06 13:57:22,833 [f60ce0a5-af9c-4134-abee-27c495795ec5@group-8C6A9ECF6A76-LeaderElection17] INFO  impl.LeaderElection (LeaderElection.java:logAndReturn(93)) -   Response 0: f60ce0a5-af9c-4134-abee-27c495795ec5<-0df3d903-2160-49f6-b3f1-a0b58e05c8a8#0:OK-t1
2021-06-06 13:57:22,833 [f60ce0a5-af9c-4134-abee-27c495795ec5@group-8C6A9ECF6A76-LeaderElection17] INFO  impl.LeaderElection (LeaderElection.java:askForVotes(308)) - f60ce0a5-af9c-4134-abee-27c495795ec5@group-8C6A9ECF6A76-LeaderElection17 ELECTION round 0: result PASSED
2021-06-06 13:57:22,833 [f60ce0a5-af9c-4134-abee-27c495795ec5@group-8C6A9ECF6A76-LeaderElection17] INFO  impl.RoleInfo (RoleInfo.java:shutdownLeaderElection(121)) - f60ce0a5-af9c-4134-abee-27c495795ec5: shutdown f60ce0a5-af9c-4134-abee-27c495795ec5@group-8C6A9ECF6A76-LeaderElection17
2021-06-06 13:57:22,833 [f60ce0a5-af9c-4134-abee-27c495795ec5@group-8C6A9ECF6A76-LeaderElection17] INFO  server.RaftServer$Division (RaftServerImpl.java:setRole(284)) - f60ce0a5-af9c-4134-abee-27c495795ec5@group-8C6A9ECF6A76: changes role from CANDIDATE to LEADER at term 1 for changeToLeader
2021-06-06 13:57:22,833 [f60ce0a5-af9c-4134-abee-27c495795ec5@group-8C6A9ECF6A76-LeaderElection17] INFO  ratis.XceiverServerRatis (XceiverServerRatis.java:handleLeaderChangedNotification(906)) - Leader change notification received for group: group-8C6A9ECF6A76 with new leaderId: f60ce0a5-af9c-4134-abee-27c495795ec5
2021-06-06 13:57:22,833 [f60ce0a5-af9c-4134-abee-27c495795ec5@group-8C6A9ECF6A76-LeaderElection17] INFO  server.RaftServer$Division (ServerState.java:setLeader(271)) - f60ce0a5-af9c-4134-abee-27c495795ec5@group-8C6A9ECF6A76: change Leader from null to f60ce0a5-af9c-4134-abee-27c495795ec5 at term 1 for becomeLeader, leader elected after 5082ms
2021-06-06 13:57:22,833 [f60ce0a5-af9c-4134-abee-27c495795ec5@group-8C6A9ECF6A76-LeaderElection17] INFO  server.RaftServerConfigKeys (ConfUtils.java:logGet(44)) - raft.server.staging.catchup.gap = 1000 (default)
2021-06-06 13:57:22,834 [f60ce0a5-af9c-4134-abee-27c495795ec5@group-8C6A9ECF6A76-LeaderElection17] INFO  metrics.RatisMetrics (RatisMetrics.java:lambda$create$0(36)) - Creating Metrics Registry : ratis.log_appender.f60ce0a5-af9c-4134-abee-27c495795ec5@group-8C6A9ECF6A76
2021-06-06 13:57:22,834 [f60ce0a5-af9c-4134-abee-27c495795ec5@group-8C6A9ECF6A76-LeaderElection17] INFO  server.RaftServerConfigKeys (ConfUtils.java:logGet(44)) - raft.server.write.element-limit = 1024 (custom)
2021-06-06 13:57:22,834 [f60ce0a5-af9c-4134-abee-27c495795ec5@group-8C6A9ECF6A76-LeaderElection17] INFO  server.RaftServerConfigKeys (ConfUtils.java:logGet(44)) - raft.server.write.byte-limit = 1073741824 (custom)
2021-06-06 13:57:22,834 [f60ce0a5-af9c-4134-abee-27c495795ec5@group-8C6A9ECF6A76-LeaderElection17] INFO  server.RaftServerConfigKeys (ConfUtils.java:logGet(44)) - raft.server.watch.timeout = 180s (custom)
2021-06-06 13:57:22,834 [f60ce0a5-af9c-4134-abee-27c495795ec5@group-8C6A9ECF6A76-LeaderElection17] INFO  server.RaftServerConfigKeys (ConfUtils.java:logGet(44)) - raft.server.watch.timeout.denomination = 1s (default)
2021-06-06 13:57:22,834 [f60ce0a5-af9c-4134-abee-27c495795ec5@group-8C6A9ECF6A76-LeaderElection17] INFO  server.RaftServerConfigKeys (ConfUtils.java:logGet(44)) - raft.server.watch.element-limit = 65536 (default)
2021-06-06 13:57:22,834 [f60ce0a5-af9c-4134-abee-27c495795ec5@group-8C6A9ECF6A76-LeaderElection17] INFO  server.RaftServerConfigKeys (ConfUtils.java:logGet(44)) - raft.server.log.appender.snapshot.chunk.size.max = 16MB (=16777216) (default)
2021-06-06 13:57:22,834 [f60ce0a5-af9c-4134-abee-27c495795ec5@group-8C6A9ECF6A76-LeaderElection17] INFO  server.RaftServerConfigKeys (ConfUtils.java:logGet(44)) - raft.server.log.appender.buffer.byte-limit = 33554432 (custom)
2021-06-06 13:57:22,834 [f60ce0a5-af9c-4134-abee-27c495795ec5@group-8C6A9ECF6A76-LeaderElection17] INFO  server.RaftServerConfigKeys (ConfUtils.java:logGet(44)) - raft.server.log.appender.buffer.element-limit = 1 (custom)
2021-06-06 13:57:22,834 [f60ce0a5-af9c-4134-abee-27c495795ec5@group-8C6A9ECF6A76-LeaderElection17] INFO  grpc.GrpcConfigKeys (ConfUtils.java:logGet(44)) - raft.grpc.server.leader.outstanding.appends.max = 128 (default)
2021-06-06 13:57:22,834 [f60ce0a5-af9c-4134-abee-27c495795ec5@group-8C6A9ECF6A76-LeaderElection17] INFO  server.RaftServerConfigKeys (ConfUtils.java:logGet(44)) - raft.server.rpc.request.timeout = 60s (custom)
2021-06-06 13:57:22,834 [f60ce0a5-af9c-4134-abee-27c495795ec5@group-8C6A9ECF6A76-LeaderElection17] INFO  server.RaftServerConfigKeys (ConfUtils.java:logGet(44)) - raft.server.log.appender.install.snapshot.enabled = false (custom)
2021-06-06 13:57:22,835 [f60ce0a5-af9c-4134-abee-27c495795ec5@group-8C6A9ECF6A76-LeaderElection17] INFO  metrics.RatisMetrics (RatisMetrics.java:lambda$create$0(36)) - Creating Metrics Registry : ratis_grpc.log_appender.f60ce0a5-af9c-4134-abee-27c495795ec5@group-8C6A9ECF6A76
2021-06-06 13:57:22,835 [f60ce0a5-af9c-4134-abee-27c495795ec5@group-8C6A9ECF6A76-LeaderElection17] INFO  server.RaftServerConfigKeys (ConfUtils.java:logGet(44)) - raft.server.log.appender.snapshot.chunk.size.max = 16MB (=16777216) (default)
2021-06-06 13:57:22,835 [f60ce0a5-af9c-4134-abee-27c495795ec5@group-8C6A9ECF6A76-LeaderElection17] INFO  server.RaftServerConfigKeys (ConfUtils.java:logGet(44)) - raft.server.log.appender.buffer.byte-limit = 33554432 (custom)
2021-06-06 13:57:22,835 [f60ce0a5-af9c-4134-abee-27c495795ec5@group-8C6A9ECF6A76-LeaderElection17] INFO  server.RaftServerConfigKeys (ConfUtils.java:logGet(44)) - raft.server.log.appender.buffer.element-limit = 1 (custom)
2021-06-06 13:57:22,835 [f60ce0a5-af9c-4134-abee-27c495795ec5@group-8C6A9ECF6A76-LeaderElection17] INFO  grpc.GrpcConfigKeys (ConfUtils.java:logGet(44)) - raft.grpc.server.leader.outstanding.appends.max = 128 (default)
2021-06-06 13:57:22,835 [f60ce0a5-af9c-4134-abee-27c495795ec5@group-8C6A9ECF6A76-LeaderElection17] INFO  server.RaftServerConfigKeys (ConfUtils.java:logGet(44)) - raft.server.rpc.request.timeout = 60s (custom)
2021-06-06 13:57:22,836 [f60ce0a5-af9c-4134-abee-27c495795ec5@group-8C6A9ECF6A76-LeaderElection17] INFO  server.RaftServerConfigKeys (ConfUtils.java:logGet(44)) - raft.server.log.appender.install.snapshot.enabled = false (custom)
2021-06-06 13:57:22,836 [f60ce0a5-af9c-4134-abee-27c495795ec5@group-8C6A9ECF6A76-LeaderElection17] INFO  impl.RoleInfo (RoleInfo.java:updateAndGet(130)) - f60ce0a5-af9c-4134-abee-27c495795ec5: start f60ce0a5-af9c-4134-abee-27c495795ec5@group-8C6A9ECF6A76-LeaderStateImpl
2021-06-06 13:57:22,837 [f60ce0a5-af9c-4134-abee-27c495795ec5@group-8C6A9ECF6A76-LeaderElection17] INFO  segmented.SegmentedRaftLogWorker (SegmentedRaftLogWorker.java:startLogSegment(394)) - f60ce0a5-af9c-4134-abee-27c495795ec5@group-8C6A9ECF6A76-SegmentedRaftLogWorker: Starting segment from index:0
2021-06-06 13:57:22,838 [f60ce0a5-af9c-4134-abee-27c495795ec5@group-8C6A9ECF6A76-SegmentedRaftLogWorker] INFO  segmented.SegmentedRaftLogWorker (SegmentedRaftLogWorker.java:execute(601)) - f60ce0a5-af9c-4134-abee-27c495795ec5@group-8C6A9ECF6A76-SegmentedRaftLogWorker: created new log segment /home/runner/work/ozone/ozone/mnt/ozone/hadoop-ozone/integration-test/target/test-dir/MiniOzoneClusterImpl-498e09b4-d42e-43c3-9d7c-b3000502db30/datanode-0/data/ratis/a552dffb-5387-4cef-9ba5-8c6a9ecf6a76/current/log_inprogress_0
2021-06-06 13:57:22,857 [grpc-default-executor-1] INFO  ratis.XceiverServerRatis (XceiverServerRatis.java:handleLeaderChangedNotification(906)) - Leader change notification received for group: group-8C6A9ECF6A76 with new leaderId: f60ce0a5-af9c-4134-abee-27c495795ec5
2021-06-06 13:57:22,839 [4f861c42-39d3-4f63-85a9-51f112b48038@group-69731BD46A4B-LeaderElection19] INFO  impl.LeaderElection (LeaderElection.java:askForVotes(306)) - 4f861c42-39d3-4f63-85a9-51f112b48038@group-69731BD46A4B-LeaderElection19 ELECTION round 0: submit vote requests at term 1 for -1: [4f861c42-39d3-4f63-85a9-51f112b48038|rpc:10.1.0.37:43869|priority:1], old=null
2021-06-06 13:57:22,863 [4f861c42-39d3-4f63-85a9-51f112b48038@group-69731BD46A4B-LeaderElection19] INFO  impl.LeaderElection (LeaderElection.java:askForVotes(308)) - 4f861c42-39d3-4f63-85a9-51f112b48038@group-69731BD46A4B-LeaderElection19 ELECTION round 0: result PASSED (term=1)
2021-06-06 13:57:22,863 [4f861c42-39d3-4f63-85a9-51f112b48038@group-69731BD46A4B-LeaderElection19] INFO  impl.RoleInfo (RoleInfo.java:shutdownLeaderElection(121)) - 4f861c42-39d3-4f63-85a9-51f112b48038: shutdown 4f861c42-39d3-4f63-85a9-51f112b48038@group-69731BD46A4B-LeaderElection19
2021-06-06 13:57:22,863 [4f861c42-39d3-4f63-85a9-51f112b48038@group-69731BD46A4B-LeaderElection19] INFO  server.RaftServer$Division (RaftServerImpl.java:setRole(284)) - 4f861c42-39d3-4f63-85a9-51f112b48038@group-69731BD46A4B: changes role from CANDIDATE to LEADER at term 1 for changeToLeader
2021-06-06 13:57:22,863 [4f861c42-39d3-4f63-85a9-51f112b48038@group-69731BD46A4B-LeaderElection19] INFO  ratis.XceiverServerRatis (XceiverServerRatis.java:handleLeaderChangedNotification(906)) - Leader change notification received for group: group-69731BD46A4B with new leaderId: 4f861c42-39d3-4f63-85a9-51f112b48038
2021-06-06 13:57:22,863 [4f861c42-39d3-4f63-85a9-51f112b48038@group-69731BD46A4B-LeaderElection19] INFO  server.RaftServer$Division (ServerState.java:setLeader(271)) - 4f861c42-39d3-4f63-85a9-51f112b48038@group-69731BD46A4B: change Leader from null to 4f861c42-39d3-4f63-85a9-51f112b48038 at term 1 for becomeLeader, leader elected after 5072ms
2021-06-06 13:57:22,863 [grpc-default-executor-5] INFO  ratis.XceiverServerRatis (XceiverServerRatis.java:handleLeaderChangedNotification(906)) - Leader change notification received for group: group-8C6A9ECF6A76 with new leaderId: f60ce0a5-af9c-4134-abee-27c495795ec5
2021-06-06 13:57:22,864 [grpc-default-executor-5] INFO  server.RaftServer$Division (ServerState.java:setLeader(271)) - 4f861c42-39d3-4f63-85a9-51f112b48038@group-8C6A9ECF6A76: change Leader from null to f60ce0a5-af9c-4134-abee-27c495795ec5 at term 1 for appendEntries, leader elected after 5083ms
2021-06-06 13:57:22,858 [grpc-default-executor-1] INFO  server.RaftServer$Division (ServerState.java:setLeader(271)) - 0df3d903-2160-49f6-b3f1-a0b58e05c8a8@group-8C6A9ECF6A76: change Leader from null to f60ce0a5-af9c-4134-abee-27c495795ec5 at term 1 for appendEntries, leader elected after 5026ms
2021-06-06 13:57:22,858 [EventQueue-PipelineReportForPipelineReportHandler] INFO  pipeline.PipelineManagerV2Impl (PipelineManagerV2Impl.java:openPipeline(270)) - Pipeline Pipeline[ Id: a552dffb-5387-4cef-9ba5-8c6a9ecf6a76, Nodes: 4f861c42-39d3-4f63-85a9-51f112b48038{ip: 10.1.0.37, host: fv-az148-587.bm4ck3pvxvsene1rjriu5fhcdb.bx.internal.cloudapp.net, ports: [REPLICATION=42661, RATIS=43869, RATIS_ADMIN=43869, RATIS_SERVER=43869, STANDALONE=45033], networkLocation: /default-rack, certSerialId: null, persistedOpState: IN_SERVICE, persistedOpStateExpiryEpochSec: 0}f60ce0a5-af9c-4134-abee-27c495795ec5{ip: 10.1.0.37, host: fv-az148-587.bm4ck3pvxvsene1rjriu5fhcdb.bx.internal.cloudapp.net, ports: [REPLICATION=42995, RATIS=33789, RATIS_ADMIN=33789, RATIS_SERVER=33789, STANDALONE=38369], networkLocation: /default-rack, certSerialId: null, persistedOpState: IN_SERVICE, persistedOpStateExpiryEpochSec: 0}0df3d903-2160-49f6-b3f1-a0b58e05c8a8{ip: 10.1.0.37, host: fv-az148-587.bm4ck3pvxvsene1rjriu5fhcdb.bx.internal.cloudapp.net, ports: [REPLICATION=36813, RATIS=38015, RATIS_ADMIN=38015, RATIS_SERVER=38015, STANDALONE=37405], networkLocation: /default-rack, certSerialId: null, persistedOpState: IN_SERVICE, persistedOpStateExpiryEpochSec: 0}, ReplicationConfig: RATIS/THREE, State:ALLOCATED, leaderId:f60ce0a5-af9c-4134-abee-27c495795ec5, CreationTimestamp2021-06-06T13:57:14.887Z] moved to OPEN state
2021-06-06 13:57:22,857 [EventQueue-PipelineReportForOneReplicaPipelineSafeModeRule] INFO  safemode.SCMSafeModeManager (SCMSafeModeManager.java:validateSafeModeExitRules(201)) - AtleastOneDatanodeReportedRule rule is successfully validated
2021-06-06 13:57:22,857 [f60ce0a5-af9c-4134-abee-27c495795ec5@group-8C6A9ECF6A76-LeaderElection17] INFO  server.RaftServer$Division (ServerState.java:setRaftConf(373)) - f60ce0a5-af9c-4134-abee-27c495795ec5@group-8C6A9ECF6A76: set configuration 0: [0df3d903-2160-49f6-b3f1-a0b58e05c8a8|rpc:10.1.0.37:38015|dataStream:|priority:0, 4f861c42-39d3-4f63-85a9-51f112b48038|rpc:10.1.0.37:43869|dataStream:|priority:0, f60ce0a5-af9c-4134-abee-27c495795ec5|rpc:10.1.0.37:33789|dataStream:|priority:1], old=null
2021-06-06 13:57:22,865 [EventQueue-OpenPipelineForHealthyPipelineSafeModeRule] INFO  safemode.SCMSafeModeManager (HealthyPipelineSafeModeRule.java:process(130)) - SCM in safe mode. Healthy pipelines reported count is 1, required healthy pipeline reported count is 1
2021-06-06 13:57:22,865 [EventQueue-OpenPipelineForHealthyPipelineSafeModeRule] INFO  safemode.SCMSafeModeManager (SCMSafeModeManager.java:validateSafeModeExitRules(201)) - HealthyPipelineSafeModeRule rule is successfully validated
2021-06-06 13:57:22,865 [EventQueue-OpenPipelineForHealthyPipelineSafeModeRule] INFO  safemode.SCMSafeModeManager (SCMSafeModeManager.java:validateSafeModeExitRules(215)) - ScmSafeModeManager, all rules are successfully validated
2021-06-06 13:57:22,865 [EventQueue-OpenPipelineForHealthyPipelineSafeModeRule] INFO  safemode.SCMSafeModeManager (SCMSafeModeManager.java:exitSafeMode(244)) - SCM exiting safe mode.
2021-06-06 13:57:22,865 [EventQueue-OpenPipelineForHealthyPipelineSafeModeRule] WARN  events.EventQueue (EventQueue.java:fireEvent(185)) - No event handler registered for event TypedEvent{payloadType=SafeModeStatus, name='Safe mode status'}
2021-06-06 13:57:22,865 [EventQueue-OpenPipelineForHealthyPipelineSafeModeRule] INFO  ha.SCMContext (SCMContext.java:updateSafeModeStatus(148)) - Update SafeModeStatus from SafeModeStatus{safeModeStatus=true, preCheckPassed=true} to SafeModeStatus{safeModeStatus=false, preCheckPassed=true}.
2021-06-06 13:57:22,865 [EventQueue-OpenPipelineForHealthyPipelineSafeModeRule] INFO  pipeline.BackgroundPipelineCreator (BackgroundPipelineCreatorV2.java:notifyStatusChanged(261)) - Service BackgroundPipelineCreator transitions to RUNNING.
2021-06-06 13:57:22,865 [EventQueue-OpenPipelineForHealthyPipelineSafeModeRule] INFO  container.ReplicationManager (ReplicationManager.java:notifyStatusChanged(1289)) - Service ReplicationManager transitions to RUNNING.
2021-06-06 13:57:22,863 [4f861c42-39d3-4f63-85a9-51f112b48038@group-69731BD46A4B-LeaderElection19] INFO  server.RaftServerConfigKeys (ConfUtils.java:logGet(44)) - raft.server.staging.catchup.gap = 1000 (default)
2021-06-06 13:57:22,866 [4f861c42-39d3-4f63-85a9-51f112b48038@group-69731BD46A4B-LeaderElection19] INFO  metrics.RatisMetrics (RatisMetrics.java:lambda$create$0(36)) - Creating Metrics Registry : ratis.log_appender.4f861c42-39d3-4f63-85a9-51f112b48038@group-69731BD46A4B
2021-06-06 13:57:22,867 [grpc-default-executor-5] INFO  server.RaftServer$Division (ServerState.java:setRaftConf(373)) - 4f861c42-39d3-4f63-85a9-51f112b48038@group-8C6A9ECF6A76: set configuration 0: [0df3d903-2160-49f6-b3f1-a0b58e05c8a8|rpc:10.1.0.37:38015|dataStream:|priority:0, 4f861c42-39d3-4f63-85a9-51f112b48038|rpc:10.1.0.37:43869|dataStream:|priority:0, f60ce0a5-af9c-4134-abee-27c495795ec5|rpc:10.1.0.37:33789|dataStream:|priority:1], old=null
2021-06-06 13:57:22,867 [4f861c42-39d3-4f63-85a9-51f112b48038@group-69731BD46A4B-LeaderElection19] INFO  server.RaftServerConfigKeys (ConfUtils.java:logGet(44)) - raft.server.write.element-limit = 1024 (custom)
2021-06-06 13:57:22,867 [4f861c42-39d3-4f63-85a9-51f112b48038@group-69731BD46A4B-LeaderElection19] INFO  server.RaftServerConfigKeys (ConfUtils.java:logGet(44)) - raft.server.write.byte-limit = 1073741824 (custom)
2021-06-06 13:57:22,867 [grpc-default-executor-5] INFO  segmented.SegmentedRaftLogWorker (SegmentedRaftLogWorker.java:startLogSegment(394)) - 4f861c42-39d3-4f63-85a9-51f112b48038@group-8C6A9ECF6A76-SegmentedRaftLogWorker: Starting segment from index:0
2021-06-06 13:57:22,867 [4f861c42-39d3-4f63-85a9-51f112b48038@group-69731BD46A4B-LeaderElection19] INFO  server.RaftServerConfigKeys (ConfUtils.java:logGet(44)) - raft.server.watch.timeout = 180s (custom)
2021-06-06 13:57:22,867 [4f861c42-39d3-4f63-85a9-51f112b48038@group-69731BD46A4B-LeaderElection19] INFO  server.RaftServerConfigKeys (ConfUtils.java:logGet(44)) - raft.server.watch.timeout.denomination = 1s (default)
2021-06-06 13:57:22,867 [grpc-default-executor-1] INFO  server.RaftServer$Division (ServerState.java:setRaftConf(373)) - 0df3d903-2160-49f6-b3f1-a0b58e05c8a8@group-8C6A9ECF6A76: set configuration 0: [0df3d903-2160-49f6-b3f1-a0b58e05c8a8|rpc:10.1.0.37:38015|dataStream:|priority:0, 4f861c42-39d3-4f63-85a9-51f112b48038|rpc:10.1.0.37:43869|dataStream:|priority:0, f60ce0a5-af9c-4134-abee-27c495795ec5|rpc:10.1.0.37:33789|dataStream:|priority:1], old=null
2021-06-06 13:57:22,867 [grpc-default-executor-1] INFO  segmented.SegmentedRaftLogWorker (SegmentedRaftLogWorker.java:startLogSegment(394)) - 0df3d903-2160-49f6-b3f1-a0b58e05c8a8@group-8C6A9ECF6A76-SegmentedRaftLogWorker: Starting segment from index:0
2021-06-06 13:57:22,867 [4f861c42-39d3-4f63-85a9-51f112b48038@group-69731BD46A4B-LeaderElection19] INFO  server.RaftServerConfigKeys (ConfUtils.java:logGet(44)) - raft.server.watch.element-limit = 65536 (default)
2021-06-06 13:57:22,873 [4f861c42-39d3-4f63-85a9-51f112b48038@group-8C6A9ECF6A76-SegmentedRaftLogWorker] INFO  segmented.SegmentedRaftLogWorker (SegmentedRaftLogWorker.java:execute(601)) - 4f861c42-39d3-4f63-85a9-51f112b48038@group-8C6A9ECF6A76-SegmentedRaftLogWorker: created new log segment /home/runner/work/ozone/ozone/mnt/ozone/hadoop-ozone/integration-test/target/test-dir/MiniOzoneClusterImpl-498e09b4-d42e-43c3-9d7c-b3000502db30/datanode-1/data/ratis/a552dffb-5387-4cef-9ba5-8c6a9ecf6a76/current/log_inprogress_0
2021-06-06 13:57:22,873 [4f861c42-39d3-4f63-85a9-51f112b48038@group-69731BD46A4B-LeaderElection19] INFO  impl.RoleInfo (RoleInfo.java:updateAndGet(130)) - 4f861c42-39d3-4f63-85a9-51f112b48038: start 4f861c42-39d3-4f63-85a9-51f112b48038@group-69731BD46A4B-LeaderStateImpl
2021-06-06 13:57:22,873 [0df3d903-2160-49f6-b3f1-a0b58e05c8a8@group-8C6A9ECF6A76-SegmentedRaftLogWorker] INFO  segmented.SegmentedRaftLogWorker (SegmentedRaftLogWorker.java:execute(601)) - 0df3d903-2160-49f6-b3f1-a0b58e05c8a8@group-8C6A9ECF6A76-SegmentedRaftLogWorker: created new log segment /home/runner/work/ozone/ozone/mnt/ozone/hadoop-ozone/integration-test/target/test-dir/MiniOzoneClusterImpl-498e09b4-d42e-43c3-9d7c-b3000502db30/datanode-2/data/ratis/a552dffb-5387-4cef-9ba5-8c6a9ecf6a76/current/log_inprogress_0
2021-06-06 13:57:22,874 [4f861c42-39d3-4f63-85a9-51f112b48038@group-69731BD46A4B-LeaderElection19] INFO  segmented.SegmentedRaftLogWorker (SegmentedRaftLogWorker.java:startLogSegment(394)) - 4f861c42-39d3-4f63-85a9-51f112b48038@group-69731BD46A4B-SegmentedRaftLogWorker: Starting segment from index:0
2021-06-06 13:57:22,876 [4f861c42-39d3-4f63-85a9-51f112b48038@group-69731BD46A4B-SegmentedRaftLogWorker] INFO  segmented.SegmentedRaftLogWorker (SegmentedRaftLogWorker.java:execute(601)) - 4f861c42-39d3-4f63-85a9-51f112b48038@group-69731BD46A4B-SegmentedRaftLogWorker: created new log segment /home/runner/work/ozone/ozone/mnt/ozone/hadoop-ozone/integration-test/target/test-dir/MiniOzoneClusterImpl-498e09b4-d42e-43c3-9d7c-b3000502db30/datanode-1/data/ratis/b838fe8f-04e7-40d3-a92a-69731bd46a4b/current/log_inprogress_0
2021-06-06 13:57:22,880 [4f861c42-39d3-4f63-85a9-51f112b48038@group-69731BD46A4B-LeaderElection19] INFO  server.RaftServer$Division (ServerState.java:setRaftConf(373)) - 4f861c42-39d3-4f63-85a9-51f112b48038@group-69731BD46A4B: set configuration 0: [4f861c42-39d3-4f63-85a9-51f112b48038|rpc:10.1.0.37:43869|dataStream:|priority:1], old=null
2021-06-06 13:57:22,884 [Listener at 127.0.0.1/11444] INFO  ozone.MiniOzoneClusterImpl (MiniOzoneClusterImpl.java:lambda$waitForClusterToBeReady$0(224)) - Nodes are ready. Got 3 of 3 DN Heartbeats.
2021-06-06 13:57:22,884 [Listener at 127.0.0.1/11444] INFO  ozone.MiniOzoneClusterImpl (MiniOzoneClusterImpl.java:lambda$waitForClusterToBeReady$0(227)) - Cluster exits safe mode
2021-06-06 13:57:22,884 [Listener at 127.0.0.1/11444] INFO  ozone.MiniOzoneClusterImpl (MiniOzoneClusterImpl.java:lambda$waitForClusterToBeReady$0(230)) - SCM became leader
2021-06-06 13:57:22,909 [Listener at 127.0.0.1/11444] INFO  rpc.RpcClient (RpcClient.java:createVolume(337)) - Creating Volume: volume96361, with user72879 as owner and space quota set to -1 bytes, counts quota set to -1
2021-06-06 13:57:22,925 [OM StateMachine ApplyTransaction Thread - 0] INFO  volume.OMVolumeCreateRequest (OMVolumeCreateRequest.java:validateAndUpdateCache(195)) - created volume:volume96361 for user:user72879
2021-06-06 13:57:22,933 [OM StateMachine ApplyTransaction Thread - 0] INFO  volume.OMVolumeCreateRequest (OMVolumeCreateRequest.java:validateAndUpdateCache(195)) - created volume:volume96361 for user:user72879
2021-06-06 13:57:22,934 [OM StateMachine ApplyTransaction Thread - 0] INFO  volume.OMVolumeCreateRequest (OMVolumeCreateRequest.java:validateAndUpdateCache(195)) - created volume:volume96361 for user:user72879
2021-06-06 13:57:22,942 [0df3d903-2160-49f6-b3f1-a0b58e05c8a8@group-4B6324D71EC0-FollowerState] INFO  impl.FollowerState (FollowerState.java:run(134)) - 0df3d903-2160-49f6-b3f1-a0b58e05c8a8@group-4B6324D71EC0-FollowerState: change to CANDIDATE, lastRpcElapsedTime:5044530448ns, electionTimeout:5039ms
2021-06-06 13:57:22,942 [0df3d903-2160-49f6-b3f1-a0b58e05c8a8@group-4B6324D71EC0-FollowerState] INFO  impl.RoleInfo (RoleInfo.java:shutdownFollowerState(108)) - 0df3d903-2160-49f6-b3f1-a0b58e05c8a8: shutdown 0df3d903-2160-49f6-b3f1-a0b58e05c8a8@group-4B6324D71EC0-FollowerState
2021-06-06 13:57:22,942 [0df3d903-2160-49f6-b3f1-a0b58e05c8a8@group-4B6324D71EC0-FollowerState] INFO  server.RaftServer$Division (RaftServerImpl.java:setRole(284)) - 0df3d903-2160-49f6-b3f1-a0b58e05c8a8@group-4B6324D71EC0: changes role from  FOLLOWER to CANDIDATE at term 0 for changeToCandidate
2021-06-06 13:57:22,942 [0df3d903-2160-49f6-b3f1-a0b58e05c8a8@group-4B6324D71EC0-FollowerState] INFO  server.RaftServerConfigKeys (ConfUtils.java:logGet(44)) - raft.server.leaderelection.pre-vote = false (custom)
2021-06-06 13:57:22,942 [0df3d903-2160-49f6-b3f1-a0b58e05c8a8@group-4B6324D71EC0-FollowerState] INFO  impl.RoleInfo (RoleInfo.java:updateAndGet(130)) - 0df3d903-2160-49f6-b3f1-a0b58e05c8a8: start 0df3d903-2160-49f6-b3f1-a0b58e05c8a8@group-4B6324D71EC0-LeaderElection20
2021-06-06 13:57:22,951 [Listener at 127.0.0.1/11444] INFO  rpc.RpcClient (RpcClient.java:createBucket(496)) - Creating Bucket: volume96361/bucket00369, with Versioning false and Storage Type set to DISK and Encryption set to false 
2021-06-06 13:57:22,952 [0df3d903-2160-49f6-b3f1-a0b58e05c8a8@group-4B6324D71EC0-LeaderElection20] INFO  impl.LeaderElection (LeaderElection.java:askForVotes(306)) - 0df3d903-2160-49f6-b3f1-a0b58e05c8a8@group-4B6324D71EC0-LeaderElection20 ELECTION round 0: submit vote requests at term 1 for -1: [0df3d903-2160-49f6-b3f1-a0b58e05c8a8|rpc:10.1.0.37:38015|priority:1], old=null
2021-06-06 13:57:22,952 [0df3d903-2160-49f6-b3f1-a0b58e05c8a8@group-4B6324D71EC0-LeaderElection20] INFO  impl.LeaderElection (LeaderElection.java:askForVotes(308)) - 0df3d903-2160-49f6-b3f1-a0b58e05c8a8@group-4B6324D71EC0-LeaderElection20 ELECTION round 0: result PASSED (term=1)
2021-06-06 13:57:22,952 [0df3d903-2160-49f6-b3f1-a0b58e05c8a8@group-4B6324D71EC0-LeaderElection20] INFO  impl.RoleInfo (RoleInfo.java:shutdownLeaderElection(121)) - 0df3d903-2160-49f6-b3f1-a0b58e05c8a8: shutdown 0df3d903-2160-49f6-b3f1-a0b58e05c8a8@group-4B6324D71EC0-LeaderElection20
2021-06-06 13:57:22,952 [0df3d903-2160-49f6-b3f1-a0b58e05c8a8@group-4B6324D71EC0-LeaderElection20] INFO  server.RaftServer$Division (RaftServerImpl.java:setRole(284)) - 0df3d903-2160-49f6-b3f1-a0b58e05c8a8@group-4B6324D71EC0: changes role from CANDIDATE to LEADER at term 1 for changeToLeader
2021-06-06 13:57:22,952 [0df3d903-2160-49f6-b3f1-a0b58e05c8a8@group-4B6324D71EC0-LeaderElection20] INFO  ratis.XceiverServerRatis (XceiverServerRatis.java:handleLeaderChangedNotification(906)) - Leader change notification received for group: group-4B6324D71EC0 with new leaderId: 0df3d903-2160-49f6-b3f1-a0b58e05c8a8
2021-06-06 13:57:22,953 [0df3d903-2160-49f6-b3f1-a0b58e05c8a8@group-4B6324D71EC0-LeaderElection20] INFO  server.RaftServer$Division (ServerState.java:setLeader(271)) - 0df3d903-2160-49f6-b3f1-a0b58e05c8a8@group-4B6324D71EC0: change Leader from null to 0df3d903-2160-49f6-b3f1-a0b58e05c8a8 at term 1 for becomeLeader, leader elected after 5063ms
2021-06-06 13:57:22,954 [0df3d903-2160-49f6-b3f1-a0b58e05c8a8@group-4B6324D71EC0-LeaderElection20] INFO  server.RaftServerConfigKeys (ConfUtils.java:logGet(44)) - raft.server.staging.catchup.gap = 1000 (default)
2021-06-06 13:57:22,954 [0df3d903-2160-49f6-b3f1-a0b58e05c8a8@group-4B6324D71EC0-LeaderElection20] INFO  metrics.RatisMetrics (RatisMetrics.java:lambda$create$0(36)) - Creating Metrics Registry : ratis.log_appender.0df3d903-2160-49f6-b3f1-a0b58e05c8a8@group-4B6324D71EC0
2021-06-06 13:57:22,955 [0df3d903-2160-49f6-b3f1-a0b58e05c8a8@group-4B6324D71EC0-LeaderElection20] INFO  server.RaftServerConfigKeys (ConfUtils.java:logGet(44)) - raft.server.write.element-limit = 1024 (custom)
2021-06-06 13:57:22,955 [0df3d903-2160-49f6-b3f1-a0b58e05c8a8@group-4B6324D71EC0-LeaderElection20] INFO  server.RaftServerConfigKeys (ConfUtils.java:logGet(44)) - raft.server.write.byte-limit = 1073741824 (custom)
2021-06-06 13:57:22,955 [0df3d903-2160-49f6-b3f1-a0b58e05c8a8@group-4B6324D71EC0-LeaderElection20] INFO  server.RaftServerConfigKeys (ConfUtils.java:logGet(44)) - raft.server.watch.timeout = 180s (custom)
2021-06-06 13:57:22,955 [0df3d903-2160-49f6-b3f1-a0b58e05c8a8@group-4B6324D71EC0-LeaderElection20] INFO  server.RaftServerConfigKeys (ConfUtils.java:logGet(44)) - raft.server.watch.timeout.denomination = 1s (default)
2021-06-06 13:57:22,955 [0df3d903-2160-49f6-b3f1-a0b58e05c8a8@group-4B6324D71EC0-LeaderElection20] INFO  server.RaftServerConfigKeys (ConfUtils.java:logGet(44)) - raft.server.watch.element-limit = 65536 (default)
2021-06-06 13:57:22,955 [0df3d903-2160-49f6-b3f1-a0b58e05c8a8@group-4B6324D71EC0-LeaderElection20] INFO  impl.RoleInfo (RoleInfo.java:updateAndGet(130)) - 0df3d903-2160-49f6-b3f1-a0b58e05c8a8: start 0df3d903-2160-49f6-b3f1-a0b58e05c8a8@group-4B6324D71EC0-LeaderStateImpl
2021-06-06 13:57:22,956 [0df3d903-2160-49f6-b3f1-a0b58e05c8a8@group-4B6324D71EC0-LeaderElection20] INFO  segmented.SegmentedRaftLogWorker (SegmentedRaftLogWorker.java:startLogSegment(394)) - 0df3d903-2160-49f6-b3f1-a0b58e05c8a8@group-4B6324D71EC0-SegmentedRaftLogWorker: Starting segment from index:0
2021-06-06 13:57:22,957 [0df3d903-2160-49f6-b3f1-a0b58e05c8a8@group-4B6324D71EC0-SegmentedRaftLogWorker] INFO  segmented.SegmentedRaftLogWorker (SegmentedRaftLogWorker.java:execute(601)) - 0df3d903-2160-49f6-b3f1-a0b58e05c8a8@group-4B6324D71EC0-SegmentedRaftLogWorker: created new log segment /home/runner/work/ozone/ozone/mnt/ozone/hadoop-ozone/integration-test/target/test-dir/MiniOzoneClusterImpl-498e09b4-d42e-43c3-9d7c-b3000502db30/datanode-2/data/ratis/7ef2b6a9-ca9e-4708-b745-4b6324d71ec0/current/log_inprogress_0
2021-06-06 13:57:22,965 [0df3d903-2160-49f6-b3f1-a0b58e05c8a8@group-4B6324D71EC0-LeaderElection20] INFO  server.RaftServer$Division (ServerState.java:setRaftConf(373)) - 0df3d903-2160-49f6-b3f1-a0b58e05c8a8@group-4B6324D71EC0: set configuration 0: [0df3d903-2160-49f6-b3f1-a0b58e05c8a8|rpc:10.1.0.37:38015|dataStream:|priority:1], old=null
2021-06-06 13:57:23,009 [IPC Server handler 11 on default port 45375] INFO  pipeline.PipelineStateManager (PipelineStateManagerV2Impl.java:addPipeline(101)) - Created pipeline Pipeline[ Id: c68deca2-124c-447c-aefc-f463d6ac25c8, Nodes: 4f861c42-39d3-4f63-85a9-51f112b48038{ip: 10.1.0.37, host: fv-az148-587.bm4ck3pvxvsene1rjriu5fhcdb.bx.internal.cloudapp.net, ports: [REPLICATION=42661, RATIS=43869, RATIS_ADMIN=43869, RATIS_SERVER=43869, STANDALONE=45033], networkLocation: /default-rack, certSerialId: null, persistedOpState: IN_SERVICE, persistedOpStateExpiryEpochSec: 0}, ReplicationConfig: STANDALONE/ONE, State:OPEN, leaderId:, CreationTimestamp2021-06-06T13:57:23.004Z].
2021-06-06 13:57:23,010 [IPC Server handler 11 on default port 45375] INFO  ha.SequenceIdGenerator (SequenceIdGenerator.java:getNextId(127)) - Allocate a batch for containerId, change lastId from 0 to 1000.
2021-06-06 13:57:23,010 [IPC Server handler 11 on default port 45375] WARN  ha.SequenceIdGenerator (SequenceIdGenerator.java:allocateBatch(234)) - Failed to allocate a batch for localId, expected lastId is 0, actual lastId is 107544261427200000.
2021-06-06 13:57:23,010 [IPC Server handler 11 on default port 45375] INFO  ha.SequenceIdGenerator (SequenceIdGenerator.java:getNextId(127)) - Allocate a batch for localId, change lastId from 107544261427200000 to 107544261427201000.
2021-06-06 13:57:23,105 [EndpointStateMachine task thread for /0.0.0.0:35111 - 0 ] INFO  ipc.Client (Client.java:handleConnectionFailure(966)) - Retrying connect to server: 0.0.0.0/0.0.0.0:35111. Already tried 7 time(s); retry policy is RetryUpToMaximumCountWithFixedSleep(maxRetries=15, sleepTime=1000 MILLISECONDS)
2021-06-06 13:57:23,635 [omNode-1@group-523986131536-StateMachineUpdater] INFO  ratis.OzoneManagerStateMachine (OzoneManagerStateMachine.java:takeSnapshot(347)) - Current Snapshot Index (t:1, i:49)
2021-06-06 13:57:23,636 [omNode-1@group-523986131536-StateMachineUpdater] INFO  impl.StateMachineUpdater (StateMachineUpdater.java:takeSnapshot(281)) - omNode-1@group-523986131536-StateMachineUpdater: Took a snapshot at index 49
2021-06-06 13:57:23,636 [omNode-1@group-523986131536-StateMachineUpdater] INFO  impl.StateMachineUpdater (StateMachineUpdater.java:lambda$new$0(89)) - omNode-1@group-523986131536-StateMachineUpdater: snapshotIndex: updateIncreasingly -1 -> 49
2021-06-06 13:57:23,636 [omNode-1@group-523986131536-StateMachineUpdater] INFO  raftlog.RaftLog (RaftLogBase.java:purge(306)) - omNode-1@group-523986131536-SegmentedRaftLog: purge 49
2021-06-06 13:57:23,636 [omNode-1@group-523986131536-StateMachineUpdater] INFO  raftlog.RaftLog (RaftLogBase.java:lambda$new$0(53)) - omNode-1@group-523986131536-SegmentedRaftLog: snapshotIndex: updateIncreasingly -1 -> 49
2021-06-06 13:57:23,637 [omNode-1@group-523986131536-StateMachineUpdater] INFO  raftlog.RaftLog (RaftLogBase.java:lambda$new$0(53)) - omNode-1@group-523986131536-SegmentedRaftLog: purgeIndex: updateToMax old=-1, new=49, updated? true
2021-06-06 13:57:23,650 [omNode-3@group-523986131536-StateMachineUpdater] INFO  ratis.OzoneManagerStateMachine (OzoneManagerStateMachine.java:takeSnapshot(347)) - Current Snapshot Index (t:1, i:49)
2021-06-06 13:57:23,650 [omNode-3@group-523986131536-StateMachineUpdater] INFO  impl.StateMachineUpdater (StateMachineUpdater.java:takeSnapshot(281)) - omNode-3@group-523986131536-StateMachineUpdater: Took a snapshot at index 49
2021-06-06 13:57:23,650 [omNode-3@group-523986131536-StateMachineUpdater] INFO  impl.StateMachineUpdater (StateMachineUpdater.java:lambda$new$0(89)) - omNode-3@group-523986131536-StateMachineUpdater: snapshotIndex: updateIncreasingly -1 -> 49
2021-06-06 13:57:23,650 [omNode-3@group-523986131536-StateMachineUpdater] INFO  raftlog.RaftLog (RaftLogBase.java:purge(306)) - omNode-3@group-523986131536-SegmentedRaftLog: purge 49
2021-06-06 13:57:23,652 [omNode-3@group-523986131536-StateMachineUpdater] INFO  raftlog.RaftLog (RaftLogBase.java:lambda$new$0(53)) - omNode-3@group-523986131536-SegmentedRaftLog: snapshotIndex: updateIncreasingly -1 -> 49
2021-06-06 13:57:23,652 [omNode-3@group-523986131536-StateMachineUpdater] INFO  raftlog.RaftLog (RaftLogBase.java:lambda$new$0(53)) - omNode-3@group-523986131536-SegmentedRaftLog: purgeIndex: updateToMax old=-1, new=49, updated? true
2021-06-06 13:57:23,657 [omNode-2@group-523986131536-StateMachineUpdater] INFO  ratis.OzoneManagerStateMachine (OzoneManagerStateMachine.java:takeSnapshot(347)) - Current Snapshot Index (t:1, i:49)
2021-06-06 13:57:23,657 [omNode-2@group-523986131536-StateMachineUpdater] INFO  impl.StateMachineUpdater (StateMachineUpdater.java:takeSnapshot(281)) - omNode-2@group-523986131536-StateMachineUpdater: Took a snapshot at index 49
2021-06-06 13:57:23,657 [omNode-2@group-523986131536-StateMachineUpdater] INFO  impl.StateMachineUpdater (StateMachineUpdater.java:lambda$new$0(89)) - omNode-2@group-523986131536-StateMachineUpdater: snapshotIndex: updateIncreasingly -1 -> 49
2021-06-06 13:57:23,657 [omNode-2@group-523986131536-StateMachineUpdater] INFO  raftlog.RaftLog (RaftLogBase.java:purge(306)) - omNode-2@group-523986131536-SegmentedRaftLog: purge 49
2021-06-06 13:57:23,657 [omNode-2@group-523986131536-StateMachineUpdater] INFO  raftlog.RaftLog (RaftLogBase.java:lambda$new$0(53)) - omNode-2@group-523986131536-SegmentedRaftLog: snapshotIndex: updateIncreasingly -1 -> 49
2021-06-06 13:57:23,657 [omNode-2@group-523986131536-StateMachineUpdater] INFO  raftlog.RaftLog (RaftLogBase.java:lambda$new$0(53)) - omNode-2@group-523986131536-SegmentedRaftLog: purgeIndex: updateToMax old=-1, new=49, updated? true
2021-06-06 13:57:23,769 [Listener at 127.0.0.1/11444] INFO  ozone.MiniOzoneClusterImpl (MiniOzoneClusterImpl.java:shutdown(443)) - Shutting down the Mini Ozone Cluster
2021-06-06 13:57:23,769 [Listener at 127.0.0.1/11444] INFO  ozone.MiniOzoneHAClusterImpl (MiniOzoneHAClusterImpl.java:stop(288)) - Stopping the OzoneManager omNode-3
2021-06-06 13:57:23,769 [Listener at 127.0.0.1/11444] INFO  ipc.Server (Server.java:stop(3403)) - Stopping server on 11444
2021-06-06 13:57:23,792 [IPC Server listener on 11444] INFO  ipc.Server (Server.java:run(1366)) - Stopping IPC Server listener on 11444
2021-06-06 13:57:23,792 [IPC Server Responder] INFO  ipc.Server (Server.java:run(1502)) - Stopping IPC Server Responder
2021-06-06 13:57:23,792 [Listener at 127.0.0.1/11444] INFO  server.RaftServer (RaftServerProxy.java:lambda$close$6(391)) - omNode-3: close
2021-06-06 13:57:23,793 [Listener at 127.0.0.1/11444] INFO  server.RaftServer$Division (RaftServerImpl.java:lambda$close$4(406)) - omNode-3@group-523986131536: shutdown
2021-06-06 13:57:23,793 [Listener at 127.0.0.1/11444] INFO  util.JmxRegister (JmxRegister.java:unregister(73)) - Successfully un-registered JMX Bean with object name Ratis:service=RaftServer,group=group-523986131536,id=omNode-3
2021-06-06 13:57:23,793 [Listener at 127.0.0.1/11444] INFO  impl.RoleInfo (RoleInfo.java:shutdownFollowerState(108)) - omNode-3: shutdown omNode-3@group-523986131536-FollowerState
2021-06-06 13:57:23,794 [Listener at 127.0.0.1/11444] INFO  impl.StateMachineUpdater (StateMachineUpdater.java:stopAndJoin(149)) - omNode-3@group-523986131536-StateMachineUpdater: set stopIndex = 55
2021-06-06 13:57:23,794 [omNode-3@group-523986131536-FollowerState] INFO  impl.FollowerState (FollowerState.java:run(143)) - omNode-3@group-523986131536-FollowerState was interrupted: {}
java.lang.InterruptedException: sleep interrupted
	at java.lang.Thread.sleep(Native Method)
	at java.lang.Thread.sleep(Thread.java:340)
	at java.util.concurrent.TimeUnit.sleep(TimeUnit.java:386)
	at org.apache.ratis.util.TimeDuration.sleep(TimeDuration.java:324)
	at org.apache.ratis.util.TimeDuration.sleep(TimeDuration.java:309)
	at org.apache.ratis.server.impl.FollowerState.run(FollowerState.java:118)
2021-06-06 13:57:23,794 [omNode-3@group-523986131536-StateMachineUpdater] INFO  ratis.OzoneManagerStateMachine (OzoneManagerStateMachine.java:takeSnapshot(347)) - Current Snapshot Index (t:1, i:55)
2021-06-06 13:57:23,799 [omNode-3@group-523986131536-StateMachineUpdater] INFO  impl.StateMachineUpdater (StateMachineUpdater.java:takeSnapshot(281)) - omNode-3@group-523986131536-StateMachineUpdater: Took a snapshot at index 55
2021-06-06 13:57:23,799 [omNode-3@group-523986131536-StateMachineUpdater] INFO  impl.StateMachineUpdater (StateMachineUpdater.java:lambda$new$0(89)) - omNode-3@group-523986131536-StateMachineUpdater: snapshotIndex: updateIncreasingly 49 -> 55
2021-06-06 13:57:23,799 [omNode-3@group-523986131536-StateMachineUpdater] INFO  metrics.RatisMetrics (RatisMetrics.java:unregister(43)) - Unregistering Metrics Registry : ratis.state_machine.omNode-3@group-523986131536
2021-06-06 13:57:23,799 [Listener at 127.0.0.1/11444] INFO  server.RaftServer$Division (ServerState.java:close(405)) - omNode-3@group-523986131536: closes. applyIndex: 55
2021-06-06 13:57:23,799 [omNode-3@group-523986131536-SegmentedRaftLogWorker] INFO  segmented.SegmentedRaftLogWorker (SegmentedRaftLogWorker.java:run(327)) - omNode-3@group-523986131536-SegmentedRaftLogWorker was interrupted, exiting. There are 0 tasks remaining in the queue.
2021-06-06 13:57:23,802 [Listener at 127.0.0.1/11444] INFO  segmented.SegmentedRaftLogWorker (SegmentedRaftLogWorker.java:close(237)) - omNode-3@group-523986131536-SegmentedRaftLogWorker close()
2021-06-06 13:57:23,803 [Listener at 127.0.0.1/11444] INFO  metrics.RatisMetrics (RatisMetrics.java:unregister(43)) - Unregistering Metrics Registry : ratis.log_worker.omNode-3@group-523986131536
2021-06-06 13:57:23,803 [Listener at 127.0.0.1/11444] INFO  metrics.RatisMetrics (RatisMetrics.java:unregister(43)) - Unregistering Metrics Registry : ratis.leader_election.omNode-3@group-523986131536
2021-06-06 13:57:23,803 [Listener at 127.0.0.1/11444] INFO  metrics.RatisMetrics (RatisMetrics.java:unregister(43)) - Unregistering Metrics Registry : ratis.server.omNode-3@group-523986131536
2021-06-06 13:57:23,803 [Listener at 127.0.0.1/11444] INFO  server.GrpcService (GrpcService.java:closeImpl(262)) - omNode-3: shutdown server with port 11448 now
2021-06-06 13:57:23,814 [grpc-default-executor-0] WARN  server.GrpcServerProtocolService (LogUtils.java:warn(122)) - omNode-3: installSnapshot onError, lastRequest: omNode-1->omNode-3#216-t1,previous=(t:1, i:55),leaderCommit=55,initializing? true,entries: size=1, first=(t:1, i:56), METADATAENTRY(c:55): org.apache.ratis.thirdparty.io.grpc.StatusRuntimeException: CANCELLED: client cancelled
2021-06-06 13:57:23,814 [Listener at 127.0.0.1/11444] INFO  server.GrpcService (GrpcService.java:closeImpl(271)) - omNode-3: shutdown server with port 11448 successfully
2021-06-06 13:57:23,815 [grpc-default-executor-5] WARN  server.GrpcLogAppender (LogUtils.java:warn(122)) - omNode-1@group-523986131536->omNode-3-AppendLogResponseHandler: Failed appendEntries: org.apache.ratis.thirdparty.io.grpc.StatusRuntimeException: CANCELLED: HTTP/2 error code: CANCEL
Received Rst Stream
2021-06-06 13:57:23,815 [grpc-default-executor-5] INFO  leader.FollowerInfo (FollowerInfoImpl.java:lambda$new$0(46)) - omNode-1@group-523986131536->omNode-3: nextIndex: updateUnconditionally 57 -> 56
2021-06-06 13:57:23,815 [org.apache.ratis.util.JvmPauseMonitor$$Lambda$515/1703627717@d21901a] INFO  util.JvmPauseMonitor (JvmPauseMonitor.java:run(109)) - JvmPauseMonitor-omNode-3: Stopped
2021-06-06 13:57:23,816 [Listener at 127.0.0.1/11444] INFO  ratis.OzoneManagerDoubleBuffer (OzoneManagerDoubleBuffer.java:stop(426)) - Stopping OMDoubleBuffer flush thread
2021-06-06 13:57:23,816 [OMDoubleBufferFlushThread] INFO  ratis.OzoneManagerDoubleBuffer (OzoneManagerDoubleBuffer.java:flushTransactions(353)) - OMDoubleBuffer flush thread OMDoubleBufferFlushThread is interrupted and will exit. OMDoubleBufferFlushThread
2021-06-06 13:57:23,817 [Listener at 127.0.0.1/11444] INFO  ratis.OzoneManagerStateMachine (HadoopExecutors.java:shutdown(118)) - Gracefully shutting down executor service. Waiting max 5 SECONDS
2021-06-06 13:57:23,817 [Listener at 127.0.0.1/11444] INFO  ratis.OzoneManagerStateMachine (HadoopExecutors.java:shutdown(129)) - Succesfully shutdown executor service
2021-06-06 13:57:23,817 [Listener at 127.0.0.1/11444] INFO  ratis.OzoneManagerStateMachine (HadoopExecutors.java:shutdown(118)) - Gracefully shutting down executor service. Waiting max 5 SECONDS
2021-06-06 13:57:23,817 [Listener at 127.0.0.1/11444] INFO  ratis.OzoneManagerStateMachine (HadoopExecutors.java:shutdown(129)) - Succesfully shutdown executor service
2021-06-06 13:57:23,817 [Listener at 127.0.0.1/11444] INFO  utils.BackgroundService (BackgroundService.java:shutdown(132)) - Shutting down service KeyDeletingService
2021-06-06 13:57:23,817 [Listener at 127.0.0.1/11444] INFO  handler.ContextHandler (ContextHandler.java:doStop(1154)) - Stopped o.e.j.w.WebAppContext@4118edb0{ozoneManager,/,null,STOPPED}{file:/home/runner/work/ozone/ozone/mnt/ozone/hadoop-ozone/integration-test/target/test-classes/webapps/ozoneManager}
2021-06-06 13:57:23,818 [grpc-default-executor-0] WARN  server.GrpcLogAppender (LogUtils.java:warn(122)) - omNode-1@group-523986131536->omNode-3-AppendLogResponseHandler: Failed appendEntries: org.apache.ratis.thirdparty.io.grpc.StatusRuntimeException: UNAVAILABLE: io exception
2021-06-06 13:57:23,818 [grpc-default-executor-0] INFO  leader.FollowerInfo (FollowerInfoImpl.java:lambda$new$0(46)) - omNode-1@group-523986131536->omNode-3: nextIndex: updateUnconditionally 57 -> 56
2021-06-06 13:57:23,820 [Listener at 127.0.0.1/11444] INFO  server.AbstractConnector (AbstractConnector.java:doStop(381)) - Stopped ServerConnector@ba127ae{HTTP/1.1, (http/1.1)}{0.0.0.0:11446}
2021-06-06 13:57:23,820 [Listener at 127.0.0.1/11444] INFO  server.session (HouseKeeper.java:stopScavenging(149)) - node0 Stopped scavenging
2021-06-06 13:57:23,820 [Listener at 127.0.0.1/11444] INFO  handler.ContextHandler (ContextHandler.java:doStop(1154)) - Stopped o.e.j.s.ServletContextHandler@21f2892d{static,/static,file:///home/runner/work/ozone/ozone/mnt/ozone/hadoop-ozone/integration-test/target/test-classes/webapps/static,STOPPED}
2021-06-06 13:57:23,821 [Listener at 127.0.0.1/11444] INFO  handler.ContextHandler (ContextHandler.java:doStop(1154)) - Stopped o.e.j.s.ServletContextHandler@27ba3224{logs,/logs,file:///home/runner/work/ozone/ozone/mnt/ozone/hadoop-ozone/integration-test/target/log,STOPPED}
2021-06-06 13:57:23,826 [Listener at 127.0.0.1/11444] INFO  ozone.MiniOzoneHAClusterImpl (MiniOzoneHAClusterImpl.java:stop(288)) - Stopping the OzoneManager omNode-1
2021-06-06 13:57:23,826 [Listener at 127.0.0.1/11444] INFO  ipc.Server (Server.java:stop(3403)) - Stopping server on 11432
2021-06-06 13:57:23,827 [IPC Server listener on 11432] INFO  ipc.Server (Server.java:run(1366)) - Stopping IPC Server listener on 11432
2021-06-06 13:57:23,831 [IPC Server Responder] INFO  ipc.Server (Server.java:run(1502)) - Stopping IPC Server Responder
2021-06-06 13:57:23,831 [Listener at 127.0.0.1/11444] INFO  server.RaftServer (RaftServerProxy.java:lambda$close$6(391)) - omNode-1: close
2021-06-06 13:57:23,831 [Listener at 127.0.0.1/11444] INFO  server.RaftServer$Division (RaftServerImpl.java:lambda$close$4(406)) - omNode-1@group-523986131536: shutdown
2021-06-06 13:57:23,831 [Listener at 127.0.0.1/11444] INFO  util.JmxRegister (JmxRegister.java:unregister(73)) - Successfully un-registered JMX Bean with object name Ratis:service=RaftServer,group=group-523986131536,id=omNode-1
2021-06-06 13:57:23,831 [Listener at 127.0.0.1/11444] INFO  impl.RoleInfo (RoleInfo.java:shutdownLeaderState(91)) - omNode-1: shutdown omNode-1@group-523986131536-LeaderStateImpl
2021-06-06 13:57:23,831 [Listener at 127.0.0.1/11444] INFO  metrics.RatisMetrics (RatisMetrics.java:unregister(43)) - Unregistering Metrics Registry : ratis_grpc.log_appender.omNode-1@group-523986131536
2021-06-06 13:57:23,831 [Listener at 127.0.0.1/11444] INFO  metrics.RatisMetrics (RatisMetrics.java:unregister(43)) - Unregistering Metrics Registry : ratis_grpc.log_appender.omNode-1@group-523986131536
2021-06-06 13:57:23,832 [omNode-1@group-523986131536->omNode-3-GrpcLogAppender-LogAppenderDaemon] WARN  server.GrpcLogAppender (GrpcLogAppender.java:mayWait(175)) - omNode-1@group-523986131536->omNode-3-GrpcLogAppender: Wait interrupted by java.lang.InterruptedException
2021-06-06 13:57:23,832 [omNode-1@group-523986131536->omNode-2-GrpcLogAppender-LogAppenderDaemon] WARN  server.GrpcLogAppender (GrpcLogAppender.java:mayWait(175)) - omNode-1@group-523986131536->omNode-2-GrpcLogAppender: Wait interrupted by java.lang.InterruptedException
2021-06-06 13:57:23,832 [Listener at 127.0.0.1/11444] INFO  impl.PendingRequests (PendingRequests.java:sendNotLeaderResponses(249)) - omNode-1@group-523986131536-PendingRequests: sendNotLeaderResponses
2021-06-06 13:57:23,833 [grpc-default-executor-0] INFO  server.GrpcServerProtocolService (GrpcServerProtocolService.java:onCompleted(140)) - omNode-2: Completed APPEND_ENTRIES, lastRequest: omNode-1->omNode-2#198-t1,previous=(t:1, i:55),leaderCommit=55,initializing? true,entries: size=1, first=(t:1, i:56), METADATAENTRY(c:55)
2021-06-06 13:57:23,833 [grpc-default-executor-0] INFO  server.GrpcLogAppender (GrpcLogAppender.java:onCompleted(344)) - omNode-1@group-523986131536->omNode-2-AppendLogResponseHandler: follower responses appendEntries COMPLETED
2021-06-06 13:57:23,833 [grpc-default-executor-0] INFO  leader.FollowerInfo (FollowerInfoImpl.java:lambda$new$0(46)) - omNode-1@group-523986131536->omNode-2: nextIndex: updateUnconditionally 57 -> 56
2021-06-06 13:57:23,833 [Listener at 127.0.0.1/11444] INFO  metrics.RatisMetrics (RatisMetrics.java:unregister(43)) - Unregistering Metrics Registry : ratis.log_appender.omNode-1@group-523986131536
2021-06-06 13:57:23,834 [Listener at 127.0.0.1/11444] INFO  metrics.RatisMetrics (RatisMetrics.java:unregister(43)) - Unregistering Metrics Registry : ratis.server.omNode-1@group-523986131536
2021-06-06 13:57:23,834 [omNode-1@group-523986131536-StateMachineUpdater] INFO  ratis.OzoneManagerStateMachine (OzoneManagerStateMachine.java:takeSnapshot(347)) - Current Snapshot Index (t:1, i:56)
2021-06-06 13:57:23,834 [omNode-1@group-523986131536-StateMachineUpdater] INFO  impl.StateMachineUpdater (StateMachineUpdater.java:takeSnapshot(281)) - omNode-1@group-523986131536-StateMachineUpdater: Took a snapshot at index 56
2021-06-06 13:57:23,834 [omNode-1@group-523986131536-StateMachineUpdater] INFO  impl.StateMachineUpdater (StateMachineUpdater.java:lambda$new$0(89)) - omNode-1@group-523986131536-StateMachineUpdater: snapshotIndex: updateIncreasingly 49 -> 56
2021-06-06 13:57:23,834 [omNode-1@group-523986131536-StateMachineUpdater] INFO  metrics.RatisMetrics (RatisMetrics.java:unregister(43)) - Unregistering Metrics Registry : ratis.state_machine.omNode-1@group-523986131536
2021-06-06 13:57:23,834 [Listener at 127.0.0.1/11444] INFO  impl.StateMachineUpdater (StateMachineUpdater.java:stopAndJoin(149)) - omNode-1@group-523986131536-StateMachineUpdater: set stopIndex = 56
2021-06-06 13:57:23,835 [Listener at 127.0.0.1/11444] INFO  server.RaftServer$Division (ServerState.java:close(405)) - omNode-1@group-523986131536: closes. applyIndex: 56
2021-06-06 13:57:23,835 [omNode-1@group-523986131536-SegmentedRaftLogWorker] INFO  segmented.SegmentedRaftLogWorker (SegmentedRaftLogWorker.java:run(327)) - omNode-1@group-523986131536-SegmentedRaftLogWorker was interrupted, exiting. There are 0 tasks remaining in the queue.
2021-06-06 13:57:23,837 [Listener at 127.0.0.1/11444] INFO  segmented.SegmentedRaftLogWorker (SegmentedRaftLogWorker.java:close(237)) - omNode-1@group-523986131536-SegmentedRaftLogWorker close()
2021-06-06 13:57:23,839 [Listener at 127.0.0.1/11444] INFO  metrics.RatisMetrics (RatisMetrics.java:unregister(43)) - Unregistering Metrics Registry : ratis.log_worker.omNode-1@group-523986131536
2021-06-06 13:57:23,839 [Listener at 127.0.0.1/11444] INFO  metrics.RatisMetrics (RatisMetrics.java:unregister(43)) - Unregistering Metrics Registry : ratis.leader_election.omNode-1@group-523986131536
2021-06-06 13:57:23,840 [Listener at 127.0.0.1/11444] INFO  metrics.RatisMetrics (RatisMetrics.java:unregister(43)) - Unregistering Metrics Registry : ratis.server.omNode-1@group-523986131536
2021-06-06 13:57:23,840 [Listener at 127.0.0.1/11444] INFO  server.GrpcService (GrpcService.java:closeImpl(262)) - omNode-1: shutdown server with port 11436 now
2021-06-06 13:57:23,844 [Listener at 127.0.0.1/11444] INFO  server.GrpcService (GrpcService.java:closeImpl(271)) - omNode-1: shutdown server with port 11436 successfully
2021-06-06 13:57:23,844 [org.apache.ratis.util.JvmPauseMonitor$$Lambda$515/1703627717@4f72417b] INFO  util.JvmPauseMonitor (JvmPauseMonitor.java:run(109)) - JvmPauseMonitor-omNode-1: Stopped
2021-06-06 13:57:23,844 [Listener at 127.0.0.1/11444] INFO  ratis.OzoneManagerDoubleBuffer (OzoneManagerDoubleBuffer.java:stop(426)) - Stopping OMDoubleBuffer flush thread
2021-06-06 13:57:23,844 [OMDoubleBufferFlushThread] INFO  ratis.OzoneManagerDoubleBuffer (OzoneManagerDoubleBuffer.java:flushTransactions(353)) - OMDoubleBuffer flush thread OMDoubleBufferFlushThread is interrupted and will exit. OMDoubleBufferFlushThread
2021-06-06 13:57:23,845 [Listener at 127.0.0.1/11444] INFO  ratis.OzoneManagerStateMachine (HadoopExecutors.java:shutdown(118)) - Gracefully shutting down executor service. Waiting max 5 SECONDS
2021-06-06 13:57:23,845 [Listener at 127.0.0.1/11444] INFO  ratis.OzoneManagerStateMachine (HadoopExecutors.java:shutdown(129)) - Succesfully shutdown executor service
2021-06-06 13:57:23,845 [Listener at 127.0.0.1/11444] INFO  ratis.OzoneManagerStateMachine (HadoopExecutors.java:shutdown(118)) - Gracefully shutting down executor service. Waiting max 5 SECONDS
2021-06-06 13:57:23,845 [Listener at 127.0.0.1/11444] INFO  ratis.OzoneManagerStateMachine (HadoopExecutors.java:shutdown(129)) - Succesfully shutdown executor service
2021-06-06 13:57:23,845 [Listener at 127.0.0.1/11444] INFO  utils.BackgroundService (BackgroundService.java:shutdown(132)) - Shutting down service KeyDeletingService
2021-06-06 13:57:23,846 [Listener at 127.0.0.1/11444] INFO  handler.ContextHandler (ContextHandler.java:doStop(1154)) - Stopped o.e.j.w.WebAppContext@5ae1161c{ozoneManager,/,null,STOPPED}{file:/home/runner/work/ozone/ozone/mnt/ozone/hadoop-ozone/integration-test/target/test-classes/webapps/ozoneManager}
2021-06-06 13:57:23,850 [Listener at 127.0.0.1/11444] INFO  server.AbstractConnector (AbstractConnector.java:doStop(381)) - Stopped ServerConnector@f679a84{HTTP/1.1, (http/1.1)}{0.0.0.0:11434}
2021-06-06 13:57:23,850 [Listener at 127.0.0.1/11444] INFO  server.session (HouseKeeper.java:stopScavenging(149)) - node0 Stopped scavenging
2021-06-06 13:57:23,850 [Listener at 127.0.0.1/11444] INFO  handler.ContextHandler (ContextHandler.java:doStop(1154)) - Stopped o.e.j.s.ServletContextHandler@6026235c{static,/static,file:///home/runner/work/ozone/ozone/mnt/ozone/hadoop-ozone/integration-test/target/test-classes/webapps/static,STOPPED}
2021-06-06 13:57:23,850 [Listener at 127.0.0.1/11444] INFO  handler.ContextHandler (ContextHandler.java:doStop(1154)) - Stopped o.e.j.s.ServletContextHandler@1a39f213{logs,/logs,file:///home/runner/work/ozone/ozone/mnt/ozone/hadoop-ozone/integration-test/target/log,STOPPED}
2021-06-06 13:57:23,853 [Listener at 127.0.0.1/11444] INFO  ozone.MiniOzoneHAClusterImpl (MiniOzoneHAClusterImpl.java:stop(288)) - Stopping the OzoneManager omNode-2
2021-06-06 13:57:23,854 [Listener at 127.0.0.1/11444] INFO  ipc.Server (Server.java:stop(3403)) - Stopping server on 11438
2021-06-06 13:57:23,856 [IPC Server listener on 11438] INFO  ipc.Server (Server.java:run(1366)) - Stopping IPC Server listener on 11438
2021-06-06 13:57:23,856 [IPC Server Responder] INFO  ipc.Server (Server.java:run(1502)) - Stopping IPC Server Responder
2021-06-06 13:57:23,858 [Listener at 127.0.0.1/11444] INFO  server.RaftServer (RaftServerProxy.java:lambda$close$6(391)) - omNode-2: close
2021-06-06 13:57:23,858 [Listener at 127.0.0.1/11444] INFO  server.RaftServer$Division (RaftServerImpl.java:lambda$close$4(406)) - omNode-2@group-523986131536: shutdown
2021-06-06 13:57:23,858 [Listener at 127.0.0.1/11444] INFO  util.JmxRegister (JmxRegister.java:unregister(73)) - Successfully un-registered JMX Bean with object name Ratis:service=RaftServer,group=group-523986131536,id=omNode-2
2021-06-06 13:57:23,858 [Listener at 127.0.0.1/11444] INFO  impl.RoleInfo (RoleInfo.java:shutdownFollowerState(108)) - omNode-2: shutdown omNode-2@group-523986131536-FollowerState
2021-06-06 13:57:23,858 [omNode-2@group-523986131536-FollowerState] INFO  impl.FollowerState (FollowerState.java:run(143)) - omNode-2@group-523986131536-FollowerState was interrupted: {}
java.lang.InterruptedException: sleep interrupted
	at java.lang.Thread.sleep(Native Method)
	at java.lang.Thread.sleep(Thread.java:340)
	at java.util.concurrent.TimeUnit.sleep(TimeUnit.java:386)
	at org.apache.ratis.util.TimeDuration.sleep(TimeDuration.java:324)
	at org.apache.ratis.util.TimeDuration.sleep(TimeDuration.java:309)
	at org.apache.ratis.server.impl.FollowerState.run(FollowerState.java:118)
2021-06-06 13:57:23,858 [Listener at 127.0.0.1/11444] INFO  impl.StateMachineUpdater (StateMachineUpdater.java:stopAndJoin(149)) - omNode-2@group-523986131536-StateMachineUpdater: set stopIndex = 55
2021-06-06 13:57:23,858 [omNode-2@group-523986131536-StateMachineUpdater] INFO  ratis.OzoneManagerStateMachine (OzoneManagerStateMachine.java:takeSnapshot(347)) - Current Snapshot Index (t:1, i:55)
2021-06-06 13:57:23,859 [omNode-2@group-523986131536-StateMachineUpdater] INFO  impl.StateMachineUpdater (StateMachineUpdater.java:takeSnapshot(281)) - omNode-2@group-523986131536-StateMachineUpdater: Took a snapshot at index 55
2021-06-06 13:57:23,859 [omNode-2@group-523986131536-StateMachineUpdater] INFO  impl.StateMachineUpdater (StateMachineUpdater.java:lambda$new$0(89)) - omNode-2@group-523986131536-StateMachineUpdater: snapshotIndex: updateIncreasingly 49 -> 55
2021-06-06 13:57:23,859 [omNode-2@group-523986131536-StateMachineUpdater] INFO  metrics.RatisMetrics (RatisMetrics.java:unregister(43)) - Unregistering Metrics Registry : ratis.state_machine.omNode-2@group-523986131536
2021-06-06 13:57:23,859 [Listener at 127.0.0.1/11444] INFO  server.RaftServer$Division (ServerState.java:close(405)) - omNode-2@group-523986131536: closes. applyIndex: 55
2021-06-06 13:57:23,859 [omNode-2@group-523986131536-SegmentedRaftLogWorker] INFO  segmented.SegmentedRaftLogWorker (SegmentedRaftLogWorker.java:run(327)) - omNode-2@group-523986131536-SegmentedRaftLogWorker was interrupted, exiting. There are 0 tasks remaining in the queue.
2021-06-06 13:57:23,860 [Listener at 127.0.0.1/11444] INFO  segmented.SegmentedRaftLogWorker (SegmentedRaftLogWorker.java:close(237)) - omNode-2@group-523986131536-SegmentedRaftLogWorker close()
2021-06-06 13:57:23,861 [Listener at 127.0.0.1/11444] INFO  metrics.RatisMetrics (RatisMetrics.java:unregister(43)) - Unregistering Metrics Registry : ratis.log_worker.omNode-2@group-523986131536
2021-06-06 13:57:23,861 [Listener at 127.0.0.1/11444] INFO  metrics.RatisMetrics (RatisMetrics.java:unregister(43)) - Unregistering Metrics Registry : ratis.leader_election.omNode-2@group-523986131536
2021-06-06 13:57:23,861 [Listener at 127.0.0.1/11444] INFO  metrics.RatisMetrics (RatisMetrics.java:unregister(43)) - Unregistering Metrics Registry : ratis.server.omNode-2@group-523986131536
2021-06-06 13:57:23,862 [Listener at 127.0.0.1/11444] INFO  server.GrpcService (GrpcService.java:closeImpl(262)) - omNode-2: shutdown server with port 11442 now
2021-06-06 13:57:23,862 [Listener at 127.0.0.1/11444] INFO  server.GrpcService (GrpcService.java:closeImpl(271)) - omNode-2: shutdown server with port 11442 successfully
2021-06-06 13:57:23,862 [org.apache.ratis.util.JvmPauseMonitor$$Lambda$515/1703627717@367d6c10] INFO  util.JvmPauseMonitor (JvmPauseMonitor.java:run(109)) - JvmPauseMonitor-omNode-2: Stopped
2021-06-06 13:57:23,862 [Listener at 127.0.0.1/11444] INFO  ratis.OzoneManagerDoubleBuffer (OzoneManagerDoubleBuffer.java:stop(426)) - Stopping OMDoubleBuffer flush thread
2021-06-06 13:57:23,863 [OMDoubleBufferFlushThread] INFO  ratis.OzoneManagerDoubleBuffer (OzoneManagerDoubleBuffer.java:flushTransactions(353)) - OMDoubleBuffer flush thread OMDoubleBufferFlushThread is interrupted and will exit. OMDoubleBufferFlushThread
2021-06-06 13:57:23,863 [Listener at 127.0.0.1/11444] INFO  ratis.OzoneManagerStateMachine (HadoopExecutors.java:shutdown(118)) - Gracefully shutting down executor service. Waiting max 5 SECONDS
2021-06-06 13:57:23,863 [Listener at 127.0.0.1/11444] INFO  ratis.OzoneManagerStateMachine (HadoopExecutors.java:shutdown(129)) - Succesfully shutdown executor service
2021-06-06 13:57:23,863 [Listener at 127.0.0.1/11444] INFO  ratis.OzoneManagerStateMachine (HadoopExecutors.java:shutdown(118)) - Gracefully shutting down executor service. Waiting max 5 SECONDS
2021-06-06 13:57:23,863 [Listener at 127.0.0.1/11444] INFO  ratis.OzoneManagerStateMachine (HadoopExecutors.java:shutdown(129)) - Succesfully shutdown executor service
2021-06-06 13:57:23,863 [Listener at 127.0.0.1/11444] INFO  utils.BackgroundService (BackgroundService.java:shutdown(132)) - Shutting down service KeyDeletingService
2021-06-06 13:57:23,864 [Listener at 127.0.0.1/11444] INFO  handler.ContextHandler (ContextHandler.java:doStop(1154)) - Stopped o.e.j.w.WebAppContext@8b1b9b9{ozoneManager,/,null,STOPPED}{file:/home/runner/work/ozone/ozone/mnt/ozone/hadoop-ozone/integration-test/target/test-classes/webapps/ozoneManager}
2021-06-06 13:57:23,865 [Listener at 127.0.0.1/11444] INFO  server.AbstractConnector (AbstractConnector.java:doStop(381)) - Stopped ServerConnector@5b1f12bd{HTTP/1.1, (http/1.1)}{0.0.0.0:11440}
2021-06-06 13:57:23,865 [Listener at 127.0.0.1/11444] INFO  server.session (HouseKeeper.java:stopScavenging(149)) - node0 Stopped scavenging
2021-06-06 13:57:23,865 [Listener at 127.0.0.1/11444] INFO  handler.ContextHandler (ContextHandler.java:doStop(1154)) - Stopped o.e.j.s.ServletContextHandler@357f7b60{static,/static,file:///home/runner/work/ozone/ozone/mnt/ozone/hadoop-ozone/integration-test/target/test-classes/webapps/static,STOPPED}
2021-06-06 13:57:23,865 [Listener at 127.0.0.1/11444] INFO  handler.ContextHandler (ContextHandler.java:doStop(1154)) - Stopped o.e.j.s.ServletContextHandler@6f115dbe{logs,/logs,file:///home/runner/work/ozone/ozone/mnt/ozone/hadoop-ozone/integration-test/target/log,STOPPED}
2021-06-06 13:57:23,867 [Listener at 127.0.0.1/11444] INFO  ozone.MiniOzoneHAClusterImpl (MiniOzoneHAClusterImpl.java:stop(296)) - Stopping the StorageContainerManager 0cc68008-418d-4d11-b63f-312d858ad573
2021-06-06 13:57:23,867 [Listener at 127.0.0.1/11444] INFO  server.StorageContainerManager (StorageContainerManager.java:stop(1296)) - Stopping Replication Manager Service.
2021-06-06 13:57:23,867 [Listener at 127.0.0.1/11444] INFO  container.ReplicationManager (ReplicationManager.java:stop(268)) - Stopping Replication Monitor Thread.
2021-06-06 13:57:23,867 [Listener at 127.0.0.1/11444] INFO  server.StorageContainerManager (StorageContainerManager.java:stop(1303)) - Stopping the Datanode Admin Monitor.
2021-06-06 13:57:23,867 [Listener at 127.0.0.1/11444] INFO  server.StorageContainerManager (StorageContainerManager.java:stop(1310)) - Stopping Lease Manager of the command watchers
2021-06-06 13:57:23,867 [Listener at 127.0.0.1/11444] INFO  server.StorageContainerManager (StorageContainerManager.java:stop(1317)) - Stopping datanode service RPC server
2021-06-06 13:57:23,868 [Listener at 127.0.0.1/11444] INFO  server.SCMDatanodeProtocolServer (SCMDatanodeProtocolServer.java:stop(374)) - Stopping the RPC server for DataNodes
2021-06-06 13:57:23,868 [Listener at 127.0.0.1/11444] INFO  ipc.Server (Server.java:stop(3403)) - Stopping server on 35799
2021-06-06 13:57:23,869 [IPC Server listener on 0] INFO  ipc.Server (Server.java:run(1366)) - Stopping IPC Server listener on 0
2021-06-06 13:57:23,873 [IPC Server Responder] INFO  ipc.Server (Server.java:run(1502)) - Stopping IPC Server Responder
2021-06-06 13:57:23,955 [EndpointStateMachine task thread for /0.0.0.0:35799 - 0 ] WARN  statemachine.EndpointStateMachine (EndpointStateMachine.java:logIfNeeded(236)) - Unable to communicate to SCM server at 0.0.0.0:35799 for past 0 seconds.
java.io.EOFException: End of File Exception between local host is: "fv-az148-587/10.1.0.37"; destination host is: "0.0.0.0":35799; : java.io.EOFException; For more details see:  http://wiki.apache.org/hadoop/EOFException
	at sun.reflect.NativeConstructorAccessorImpl.newInstance0(Native Method)
	at sun.reflect.NativeConstructorAccessorImpl.newInstance(NativeConstructorAccessorImpl.java:62)
	at sun.reflect.DelegatingConstructorAccessorImpl.newInstance(DelegatingConstructorAccessorImpl.java:45)
	at java.lang.reflect.Constructor.newInstance(Constructor.java:423)
	at org.apache.hadoop.net.NetUtils.wrapWithMessage(NetUtils.java:836)
	at org.apache.hadoop.net.NetUtils.wrapException(NetUtils.java:794)
	at org.apache.hadoop.ipc.Client.getRpcResponse(Client.java:1566)
	at org.apache.hadoop.ipc.Client.call(Client.java:1508)
	at org.apache.hadoop.ipc.Client.call(Client.java:1405)
	at org.apache.hadoop.ipc.ProtobufRpcEngine$Invoker.invoke(ProtobufRpcEngine.java:233)
	at org.apache.hadoop.ipc.ProtobufRpcEngine$Invoker.invoke(ProtobufRpcEngine.java:118)
	at com.sun.proxy.$Proxy46.submitRequest(Unknown Source)
	at org.apache.hadoop.ozone.protocolPB.StorageContainerDatanodeProtocolClientSideTranslatorPB.submitRequest(StorageContainerDatanodeProtocolClientSideTranslatorPB.java:117)
	at org.apache.hadoop.ozone.protocolPB.StorageContainerDatanodeProtocolClientSideTranslatorPB.sendHeartbeat(StorageContainerDatanodeProtocolClientSideTranslatorPB.java:149)
	at org.apache.hadoop.ozone.container.common.states.endpoint.HeartbeatEndpointTask.call(HeartbeatEndpointTask.java:146)
	at org.apache.hadoop.ozone.container.common.states.endpoint.HeartbeatEndpointTask.call(HeartbeatEndpointTask.java:77)
	at java.util.concurrent.FutureTask.run(FutureTask.java:266)
	at java.util.concurrent.ThreadPoolExecutor.runWorker(ThreadPoolExecutor.java:1149)
	at java.util.concurrent.ThreadPoolExecutor$Worker.run(ThreadPoolExecutor.java:624)
	at java.lang.Thread.run(Thread.java:748)
Caused by: java.io.EOFException
	at java.io.DataInputStream.readInt(DataInputStream.java:392)
	at org.apache.hadoop.ipc.Client$IpcStreams.readResponse(Client.java:1880)
	at org.apache.hadoop.ipc.Client$Connection.receiveRpcResponse(Client.java:1191)
	at org.apache.hadoop.ipc.Client$Connection.run(Client.java:1087)
2021-06-06 13:57:23,963 [SCM Heartbeat Processing Thread - 0] WARN  node.NodeStateManager (NodeStateManager.java:scheduleNextHealthCheck(688)) - Current Thread is interrupted, shutting down HB processing thread for Node Manager.
2021-06-06 13:57:23,963 [Listener at 127.0.0.1/11444] INFO  server.StorageContainerManager (StorageContainerManager.java:stop(1325)) - Stopping block service RPC server
2021-06-06 13:57:23,963 [Listener at 127.0.0.1/11444] INFO  server.SCMBlockProtocolServer (SCMBlockProtocolServer.java:stop(158)) - Stopping the RPC server for Block Protocol
2021-06-06 13:57:23,963 [Listener at 127.0.0.1/11444] INFO  ipc.Server (Server.java:stop(3403)) - Stopping server on 45375
2021-06-06 13:57:23,965 [Listener at 127.0.0.1/11444] INFO  server.StorageContainerManager (StorageContainerManager.java:stop(1332)) - Stopping the StorageContainerLocationProtocol RPC server
2021-06-06 13:57:23,966 [Listener at 127.0.0.1/11444] INFO  server.SCMClientProtocolServer (SCMClientProtocolServer.java:stop(166)) - Stopping the RPC server for Client Protocol
2021-06-06 13:57:23,966 [Listener at 127.0.0.1/11444] INFO  ipc.Server (Server.java:stop(3403)) - Stopping server on 39937
2021-06-06 13:57:23,966 [IPC Server listener on 0] INFO  ipc.Server (Server.java:run(1366)) - Stopping IPC Server listener on 0
2021-06-06 13:57:23,966 [IPC Server Responder] INFO  ipc.Server (Server.java:run(1502)) - Stopping IPC Server Responder
2021-06-06 13:57:23,968 [Listener at 127.0.0.1/11444] INFO  server.StorageContainerManager (StorageContainerManager.java:stop(1339)) - Stopping Storage Container Manager HTTP server.
2021-06-06 13:57:23,969 [Listener at 127.0.0.1/11444] INFO  handler.ContextHandler (ContextHandler.java:doStop(1154)) - Stopped o.e.j.w.WebAppContext@3be0b277{scm,/,null,STOPPED}{file:/home/runner/work/ozone/ozone/mnt/ozone/hadoop-ozone/integration-test/target/test-classes/webapps/scm}
2021-06-06 13:57:23,969 [IPC Server listener on 0] INFO  ipc.Server (Server.java:run(1366)) - Stopping IPC Server listener on 0
2021-06-06 13:57:23,969 [IPC Server Responder] INFO  ipc.Server (Server.java:run(1502)) - Stopping IPC Server Responder
2021-06-06 13:57:23,971 [Listener at 127.0.0.1/11444] INFO  server.AbstractConnector (AbstractConnector.java:doStop(381)) - Stopped ServerConnector@557fb989{HTTP/1.1, (http/1.1)}{0.0.0.0:0}
2021-06-06 13:57:23,971 [Listener at 127.0.0.1/11444] INFO  server.session (HouseKeeper.java:stopScavenging(149)) - node0 Stopped scavenging
2021-06-06 13:57:23,971 [Listener at 127.0.0.1/11444] INFO  handler.ContextHandler (ContextHandler.java:doStop(1154)) - Stopped o.e.j.s.ServletContextHandler@5537e662{static,/static,file:///home/runner/work/ozone/ozone/mnt/ozone/hadoop-ozone/integration-test/target/test-classes/webapps/static,STOPPED}
2021-06-06 13:57:23,971 [Listener at 127.0.0.1/11444] INFO  handler.ContextHandler (ContextHandler.java:doStop(1154)) - Stopped o.e.j.s.ServletContextHandler@c3abfbf{logs,/logs,file:///home/runner/work/ozone/ozone/mnt/ozone/hadoop-ozone/integration-test/target/log,STOPPED}
2021-06-06 13:57:23,972 [Listener at 127.0.0.1/11444] INFO  server.StorageContainerManager (StorageContainerManager.java:stop(1350)) - Stopping Block Manager Service.
2021-06-06 13:57:23,972 [Listener at 127.0.0.1/11444] INFO  utils.BackgroundService (BackgroundService.java:shutdown(132)) - Shutting down service SCMBlockDeletingService
2021-06-06 13:57:23,972 [Listener at 127.0.0.1/11444] INFO  utils.BackgroundService (BackgroundService.java:shutdown(132)) - Shutting down service SCMBlockDeletingService
2021-06-06 13:57:23,972 [Listener at 127.0.0.1/11444] INFO  server.StorageContainerManager (StorageContainerManager.java:stop(1377)) - Stopping SCM Event Queue.
2021-06-06 13:57:23,974 [Listener at 127.0.0.1/11444] WARN  pipeline.BackgroundPipelineCreator (BackgroundPipelineCreatorV2.java:stop(154)) - RatisPipelineUtilsThread is not running, just ignore.
2021-06-06 13:57:23,975 [Listener at 127.0.0.1/11444] INFO  impl.MetricsSystemImpl (MetricsSystemImpl.java:stop(210)) - Stopping HddsDatanode metrics system...
2021-06-06 13:57:23,982 [prometheus] INFO  impl.MetricsSinkAdapter (MetricsSinkAdapter.java:publishMetricsFromQueue(141)) - prometheus thread interrupted.
2021-06-06 13:57:23,982 [Listener at 127.0.0.1/11444] INFO  impl.MetricsSystemImpl (MetricsSystemImpl.java:stop(216)) - HddsDatanode metrics system stopped.
2021-06-06 13:57:23,982 [Listener at 127.0.0.1/11444] INFO  ozone.MiniOzoneClusterImpl (MiniOzoneClusterImpl.java:stop(458)) - Stopping the Mini Ozone Cluster
2021-06-06 13:57:23,982 [Listener at 127.0.0.1/11444] INFO  ozone.MiniOzoneClusterImpl (MiniOzoneClusterImpl.java:stopDatanodes(517)) - Stopping the HddsDatanodes
2021-06-06 13:57:24,105 [EndpointStateMachine task thread for /0.0.0.0:35111 - 0 ] INFO  ipc.Client (Client.java:handleConnectionFailure(966)) - Retrying connect to server: 0.0.0.0/0.0.0.0:35111. Already tried 8 time(s); retry policy is RetryUpToMaximumCountWithFixedSleep(maxRetries=15, sleepTime=1000 MILLISECONDS)
2021-06-06 13:57:24,216 [Datanode State Machine Thread - 0] INFO  statemachine.DatanodeStateMachine (DatanodeStateMachine.java:lambda$startDaemon$0(428)) - Ozone container server started.
2021-06-06 13:57:24,837 [Datanode State Machine Thread - 0] INFO  statemachine.DatanodeStateMachine (DatanodeStateMachine.java:lambda$startDaemon$0(428)) - Ozone container server started.
2021-06-06 13:57:25,106 [EndpointStateMachine task thread for /0.0.0.0:35111 - 0 ] INFO  ipc.Client (Client.java:handleConnectionFailure(966)) - Retrying connect to server: 0.0.0.0/0.0.0.0:35111. Already tried 9 time(s); retry policy is RetryUpToMaximumCountWithFixedSleep(maxRetries=15, sleepTime=1000 MILLISECONDS)
2021-06-06 13:57:25,956 [EndpointStateMachine task thread for /0.0.0.0:35799 - 0 ] INFO  ipc.Client (Client.java:handleConnectionFailure(966)) - Retrying connect to server: 0.0.0.0/0.0.0.0:35799. Already tried 0 time(s); retry policy is RetryUpToMaximumCountWithFixedSleep(maxRetries=15, sleepTime=1000 MILLISECONDS)
2021-06-06 13:57:26,107 [EndpointStateMachine task thread for /0.0.0.0:35111 - 0 ] INFO  ipc.Client (Client.java:handleConnectionFailure(966)) - Retrying connect to server: 0.0.0.0/0.0.0.0:35111. Already tried 10 time(s); retry policy is RetryUpToMaximumCountWithFixedSleep(maxRetries=15, sleepTime=1000 MILLISECONDS)
2021-06-06 13:57:26,957 [EndpointStateMachine task thread for /0.0.0.0:35799 - 0 ] INFO  ipc.Client (Client.java:handleConnectionFailure(966)) - Retrying connect to server: 0.0.0.0/0.0.0.0:35799. Already tried 1 time(s); retry policy is RetryUpToMaximumCountWithFixedSleep(maxRetries=15, sleepTime=1000 MILLISECONDS)
2021-06-06 13:57:27,108 [EndpointStateMachine task thread for /0.0.0.0:35111 - 0 ] INFO  ipc.Client (Client.java:handleConnectionFailure(966)) - Retrying connect to server: 0.0.0.0/0.0.0.0:35111. Already tried 11 time(s); retry policy is RetryUpToMaximumCountWithFixedSleep(maxRetries=15, sleepTime=1000 MILLISECONDS)
2021-06-06 13:57:27,896 [f60ce0a5-af9c-4134-abee-27c495795ec5@group-B9655EBF1251-FollowerState] INFO  impl.FollowerState (FollowerState.java:run(134)) - f60ce0a5-af9c-4134-abee-27c495795ec5@group-B9655EBF1251-FollowerState: change to CANDIDATE, lastRpcElapsedTime:5178928036ns, electionTimeout:5175ms
2021-06-06 13:57:27,896 [f60ce0a5-af9c-4134-abee-27c495795ec5@group-B9655EBF1251-FollowerState] INFO  impl.RoleInfo (RoleInfo.java:shutdownFollowerState(108)) - f60ce0a5-af9c-4134-abee-27c495795ec5: shutdown f60ce0a5-af9c-4134-abee-27c495795ec5@group-B9655EBF1251-FollowerState
2021-06-06 13:57:27,897 [f60ce0a5-af9c-4134-abee-27c495795ec5@group-B9655EBF1251-FollowerState] INFO  server.RaftServer$Division (RaftServerImpl.java:setRole(284)) - f60ce0a5-af9c-4134-abee-27c495795ec5@group-B9655EBF1251: changes role from  FOLLOWER to CANDIDATE at term 1 for changeToCandidate
2021-06-06 13:57:27,897 [f60ce0a5-af9c-4134-abee-27c495795ec5@group-B9655EBF1251-FollowerState] INFO  server.RaftServerConfigKeys (ConfUtils.java:logGet(44)) - raft.server.leaderelection.pre-vote = false (custom)
2021-06-06 13:57:27,897 [f60ce0a5-af9c-4134-abee-27c495795ec5@group-B9655EBF1251-FollowerState] INFO  impl.RoleInfo (RoleInfo.java:updateAndGet(130)) - f60ce0a5-af9c-4134-abee-27c495795ec5: start f60ce0a5-af9c-4134-abee-27c495795ec5@group-B9655EBF1251-LeaderElection21
2021-06-06 13:57:27,898 [4f861c42-39d3-4f63-85a9-51f112b48038@group-B9655EBF1251-FollowerState] INFO  impl.FollowerState (FollowerState.java:run(134)) - 4f861c42-39d3-4f63-85a9-51f112b48038@group-B9655EBF1251-FollowerState: change to CANDIDATE, lastRpcElapsedTime:5185603931ns, electionTimeout:5177ms
2021-06-06 13:57:27,898 [4f861c42-39d3-4f63-85a9-51f112b48038@group-B9655EBF1251-FollowerState] INFO  impl.RoleInfo (RoleInfo.java:shutdownFollowerState(108)) - 4f861c42-39d3-4f63-85a9-51f112b48038: shutdown 4f861c42-39d3-4f63-85a9-51f112b48038@group-B9655EBF1251-FollowerState
2021-06-06 13:57:27,899 [4f861c42-39d3-4f63-85a9-51f112b48038@group-B9655EBF1251-FollowerState] INFO  server.RaftServer$Division (RaftServerImpl.java:setRole(284)) - 4f861c42-39d3-4f63-85a9-51f112b48038@group-B9655EBF1251: changes role from  FOLLOWER to CANDIDATE at term 1 for changeToCandidate
2021-06-06 13:57:27,899 [4f861c42-39d3-4f63-85a9-51f112b48038@group-B9655EBF1251-FollowerState] INFO  server.RaftServerConfigKeys (ConfUtils.java:logGet(44)) - raft.server.leaderelection.pre-vote = false (custom)
2021-06-06 13:57:27,899 [4f861c42-39d3-4f63-85a9-51f112b48038@group-B9655EBF1251-FollowerState] INFO  impl.RoleInfo (RoleInfo.java:updateAndGet(130)) - 4f861c42-39d3-4f63-85a9-51f112b48038: start 4f861c42-39d3-4f63-85a9-51f112b48038@group-B9655EBF1251-LeaderElection22
2021-06-06 13:57:27,901 [f60ce0a5-af9c-4134-abee-27c495795ec5@group-B9655EBF1251-LeaderElection21] INFO  impl.LeaderElection (LeaderElection.java:askForVotes(306)) - f60ce0a5-af9c-4134-abee-27c495795ec5@group-B9655EBF1251-LeaderElection21 ELECTION round 0: submit vote requests at term 2 for -1: [0df3d903-2160-49f6-b3f1-a0b58e05c8a8|rpc:10.1.0.37:38015|priority:0, 4f861c42-39d3-4f63-85a9-51f112b48038|rpc:10.1.0.37:43869|priority:1, f60ce0a5-af9c-4134-abee-27c495795ec5|rpc:10.1.0.37:33789|priority:0], old=null
2021-06-06 13:57:27,904 [grpc-default-executor-0] INFO  server.RaftServer$Division (RaftServerImpl.java:requestVote(1042)) - 0df3d903-2160-49f6-b3f1-a0b58e05c8a8@group-B9655EBF1251: receive requestVote(ELECTION, f60ce0a5-af9c-4134-abee-27c495795ec5, group-B9655EBF1251, 2, (t:0, i:0))
2021-06-06 13:57:27,909 [grpc-default-executor-0] INFO  impl.VoteContext (VoteContext.java:log(48)) - 0df3d903-2160-49f6-b3f1-a0b58e05c8a8@group-B9655EBF1251-FOLLOWER: accept ELECTION from f60ce0a5-af9c-4134-abee-27c495795ec5: our priority 0 <= candidate's priority 0
2021-06-06 13:57:27,909 [grpc-default-executor-0] INFO  server.RaftServer$Division (RaftServerImpl.java:setRole(284)) - 0df3d903-2160-49f6-b3f1-a0b58e05c8a8@group-B9655EBF1251: changes role from  FOLLOWER to FOLLOWER at term 2 for candidate:f60ce0a5-af9c-4134-abee-27c495795ec5
2021-06-06 13:57:27,909 [grpc-default-executor-0] INFO  impl.RoleInfo (RoleInfo.java:shutdownFollowerState(108)) - 0df3d903-2160-49f6-b3f1-a0b58e05c8a8: shutdown 0df3d903-2160-49f6-b3f1-a0b58e05c8a8@group-B9655EBF1251-FollowerState
2021-06-06 13:57:27,909 [grpc-default-executor-0] INFO  impl.RoleInfo (RoleInfo.java:updateAndGet(130)) - 0df3d903-2160-49f6-b3f1-a0b58e05c8a8: start 0df3d903-2160-49f6-b3f1-a0b58e05c8a8@group-B9655EBF1251-FollowerState
2021-06-06 13:57:27,909 [0df3d903-2160-49f6-b3f1-a0b58e05c8a8@group-B9655EBF1251-FollowerState] INFO  impl.FollowerState (FollowerState.java:run(143)) - 0df3d903-2160-49f6-b3f1-a0b58e05c8a8@group-B9655EBF1251-FollowerState was interrupted: {}
java.lang.InterruptedException: sleep interrupted
	at java.lang.Thread.sleep(Native Method)
	at java.lang.Thread.sleep(Thread.java:340)
	at java.util.concurrent.TimeUnit.sleep(TimeUnit.java:386)
	at org.apache.ratis.util.TimeDuration.sleep(TimeDuration.java:324)
	at org.apache.ratis.util.TimeDuration.sleep(TimeDuration.java:309)
	at org.apache.ratis.server.impl.FollowerState.run(FollowerState.java:118)
2021-06-06 13:57:27,915 [grpc-default-executor-0] INFO  server.RaftServer$Division (RaftServerImpl.java:requestVote(1074)) - 0df3d903-2160-49f6-b3f1-a0b58e05c8a8@group-B9655EBF1251 replies to ELECTION vote request: f60ce0a5-af9c-4134-abee-27c495795ec5<-0df3d903-2160-49f6-b3f1-a0b58e05c8a8#0:OK-t2. Peer's state: 0df3d903-2160-49f6-b3f1-a0b58e05c8a8@group-B9655EBF1251:t2, leader=null, voted=f60ce0a5-af9c-4134-abee-27c495795ec5, raftlog=0df3d903-2160-49f6-b3f1-a0b58e05c8a8@group-B9655EBF1251-SegmentedRaftLog:OPENED:c-1,f-1,i0, conf=-1: [0df3d903-2160-49f6-b3f1-a0b58e05c8a8|rpc:10.1.0.37:38015|dataStream:|priority:0, 4f861c42-39d3-4f63-85a9-51f112b48038|rpc:10.1.0.37:43869|dataStream:|priority:1, f60ce0a5-af9c-4134-abee-27c495795ec5|rpc:10.1.0.37:33789|dataStream:|priority:0], old=null
2021-06-06 13:57:27,916 [grpc-default-executor-5] INFO  server.RaftServer$Division (RaftServerImpl.java:requestVote(1042)) - 4f861c42-39d3-4f63-85a9-51f112b48038@group-B9655EBF1251: receive requestVote(ELECTION, f60ce0a5-af9c-4134-abee-27c495795ec5, group-B9655EBF1251, 2, (t:0, i:0))
2021-06-06 13:57:27,916 [4f861c42-39d3-4f63-85a9-51f112b48038@group-B9655EBF1251-LeaderElection22] INFO  impl.LeaderElection (LeaderElection.java:askForVotes(306)) - 4f861c42-39d3-4f63-85a9-51f112b48038@group-B9655EBF1251-LeaderElection22 ELECTION round 0: submit vote requests at term 2 for -1: [0df3d903-2160-49f6-b3f1-a0b58e05c8a8|rpc:10.1.0.37:38015|dataStream:|priority:0, 4f861c42-39d3-4f63-85a9-51f112b48038|rpc:10.1.0.37:43869|dataStream:|priority:1, f60ce0a5-af9c-4134-abee-27c495795ec5|rpc:10.1.0.37:33789|dataStream:|priority:0], old=null
2021-06-06 13:57:27,916 [grpc-default-executor-5] INFO  impl.VoteContext (VoteContext.java:log(48)) - 4f861c42-39d3-4f63-85a9-51f112b48038@group-B9655EBF1251-CANDIDATE: reject ELECTION from f60ce0a5-af9c-4134-abee-27c495795ec5: already has voted for 4f861c42-39d3-4f63-85a9-51f112b48038 at current term 2
2021-06-06 13:57:27,917 [grpc-default-executor-5] INFO  server.RaftServer$Division (RaftServerImpl.java:requestVote(1074)) - 4f861c42-39d3-4f63-85a9-51f112b48038@group-B9655EBF1251 replies to ELECTION vote request: f60ce0a5-af9c-4134-abee-27c495795ec5<-4f861c42-39d3-4f63-85a9-51f112b48038#0:FAIL-t2. Peer's state: 4f861c42-39d3-4f63-85a9-51f112b48038@group-B9655EBF1251:t2, leader=null, voted=4f861c42-39d3-4f63-85a9-51f112b48038, raftlog=4f861c42-39d3-4f63-85a9-51f112b48038@group-B9655EBF1251-SegmentedRaftLog:OPENED:c-1,f-1,i0, conf=-1: [0df3d903-2160-49f6-b3f1-a0b58e05c8a8|rpc:10.1.0.37:38015|dataStream:|priority:0, 4f861c42-39d3-4f63-85a9-51f112b48038|rpc:10.1.0.37:43869|dataStream:|priority:1, f60ce0a5-af9c-4134-abee-27c495795ec5|rpc:10.1.0.37:33789|dataStream:|priority:0], old=null
2021-06-06 13:57:27,918 [f60ce0a5-af9c-4134-abee-27c495795ec5@group-B9655EBF1251-LeaderElection21] INFO  impl.LeaderElection (LeaderElection.java:logAndReturn(89)) - f60ce0a5-af9c-4134-abee-27c495795ec5@group-B9655EBF1251-LeaderElection21: ELECTION REJECTED received 2 response(s) and 0 exception(s):
2021-06-06 13:57:27,918 [f60ce0a5-af9c-4134-abee-27c495795ec5@group-B9655EBF1251-LeaderElection21] INFO  impl.LeaderElection (LeaderElection.java:logAndReturn(93)) -   Response 0: f60ce0a5-af9c-4134-abee-27c495795ec5<-0df3d903-2160-49f6-b3f1-a0b58e05c8a8#0:OK-t2
2021-06-06 13:57:27,918 [f60ce0a5-af9c-4134-abee-27c495795ec5@group-B9655EBF1251-LeaderElection21] INFO  impl.LeaderElection (LeaderElection.java:logAndReturn(93)) -   Response 1: f60ce0a5-af9c-4134-abee-27c495795ec5<-4f861c42-39d3-4f63-85a9-51f112b48038#0:FAIL-t2
2021-06-06 13:57:27,919 [f60ce0a5-af9c-4134-abee-27c495795ec5@group-B9655EBF1251-LeaderElection21] INFO  impl.LeaderElection (LeaderElection.java:askForVotes(308)) - f60ce0a5-af9c-4134-abee-27c495795ec5@group-B9655EBF1251-LeaderElection21 ELECTION round 0: result REJECTED
2021-06-06 13:57:27,919 [f60ce0a5-af9c-4134-abee-27c495795ec5@group-B9655EBF1251-LeaderElection21] INFO  server.RaftServer$Division (RaftServerImpl.java:setRole(284)) - f60ce0a5-af9c-4134-abee-27c495795ec5@group-B9655EBF1251: changes role from CANDIDATE to FOLLOWER at term 2 for REJECTED
2021-06-06 13:57:27,919 [f60ce0a5-af9c-4134-abee-27c495795ec5@group-B9655EBF1251-LeaderElection21] INFO  impl.RoleInfo (RoleInfo.java:shutdownLeaderElection(121)) - f60ce0a5-af9c-4134-abee-27c495795ec5: shutdown f60ce0a5-af9c-4134-abee-27c495795ec5@group-B9655EBF1251-LeaderElection21
2021-06-06 13:57:27,919 [f60ce0a5-af9c-4134-abee-27c495795ec5@group-B9655EBF1251-LeaderElection21] INFO  impl.RoleInfo (RoleInfo.java:updateAndGet(130)) - f60ce0a5-af9c-4134-abee-27c495795ec5: start f60ce0a5-af9c-4134-abee-27c495795ec5@group-B9655EBF1251-FollowerState
2021-06-06 13:57:27,922 [grpc-default-executor-5] INFO  server.RaftServer$Division (RaftServerImpl.java:requestVote(1042)) - 0df3d903-2160-49f6-b3f1-a0b58e05c8a8@group-B9655EBF1251: receive requestVote(ELECTION, 4f861c42-39d3-4f63-85a9-51f112b48038, group-B9655EBF1251, 2, (t:0, i:0))
2021-06-06 13:57:27,922 [grpc-default-executor-5] INFO  impl.VoteContext (VoteContext.java:log(48)) - 0df3d903-2160-49f6-b3f1-a0b58e05c8a8@group-B9655EBF1251-FOLLOWER: reject ELECTION from 4f861c42-39d3-4f63-85a9-51f112b48038: already has voted for f60ce0a5-af9c-4134-abee-27c495795ec5 at current term 2
2021-06-06 13:57:27,922 [grpc-default-executor-5] INFO  server.RaftServer$Division (RaftServerImpl.java:requestVote(1074)) - 0df3d903-2160-49f6-b3f1-a0b58e05c8a8@group-B9655EBF1251 replies to ELECTION vote request: 4f861c42-39d3-4f63-85a9-51f112b48038<-0df3d903-2160-49f6-b3f1-a0b58e05c8a8#0:FAIL-t2. Peer's state: 0df3d903-2160-49f6-b3f1-a0b58e05c8a8@group-B9655EBF1251:t2, leader=null, voted=f60ce0a5-af9c-4134-abee-27c495795ec5, raftlog=0df3d903-2160-49f6-b3f1-a0b58e05c8a8@group-B9655EBF1251-SegmentedRaftLog:OPENED:c-1,f-1,i0, conf=-1: [0df3d903-2160-49f6-b3f1-a0b58e05c8a8|rpc:10.1.0.37:38015|dataStream:|priority:0, 4f861c42-39d3-4f63-85a9-51f112b48038|rpc:10.1.0.37:43869|dataStream:|priority:1, f60ce0a5-af9c-4134-abee-27c495795ec5|rpc:10.1.0.37:33789|dataStream:|priority:0], old=null
2021-06-06 13:57:27,931 [grpc-default-executor-5] INFO  metrics.RatisMetrics (RatisMetrics.java:lambda$create$0(36)) - Creating Metrics Registry : ratis.server_message_metrics.f60ce0a5-af9c-4134-abee-27c495795ec5
2021-06-06 13:57:27,932 [grpc-default-executor-5] INFO  server.RaftServer$Division (RaftServerImpl.java:requestVote(1042)) - f60ce0a5-af9c-4134-abee-27c495795ec5@group-B9655EBF1251: receive requestVote(ELECTION, 4f861c42-39d3-4f63-85a9-51f112b48038, group-B9655EBF1251, 2, (t:0, i:0))
2021-06-06 13:57:27,933 [grpc-default-executor-5] INFO  impl.VoteContext (VoteContext.java:log(48)) - f60ce0a5-af9c-4134-abee-27c495795ec5@group-B9655EBF1251-FOLLOWER: reject ELECTION from 4f861c42-39d3-4f63-85a9-51f112b48038: already has voted for f60ce0a5-af9c-4134-abee-27c495795ec5 at current term 2
2021-06-06 13:57:27,933 [grpc-default-executor-5] INFO  server.RaftServer$Division (RaftServerImpl.java:requestVote(1074)) - f60ce0a5-af9c-4134-abee-27c495795ec5@group-B9655EBF1251 replies to ELECTION vote request: 4f861c42-39d3-4f63-85a9-51f112b48038<-f60ce0a5-af9c-4134-abee-27c495795ec5#0:FAIL-t2. Peer's state: f60ce0a5-af9c-4134-abee-27c495795ec5@group-B9655EBF1251:t2, leader=null, voted=f60ce0a5-af9c-4134-abee-27c495795ec5, raftlog=f60ce0a5-af9c-4134-abee-27c495795ec5@group-B9655EBF1251-SegmentedRaftLog:OPENED:c-1,f-1,i0, conf=-1: [0df3d903-2160-49f6-b3f1-a0b58e05c8a8|rpc:10.1.0.37:38015|priority:0, 4f861c42-39d3-4f63-85a9-51f112b48038|rpc:10.1.0.37:43869|priority:1, f60ce0a5-af9c-4134-abee-27c495795ec5|rpc:10.1.0.37:33789|priority:0], old=null
2021-06-06 13:57:27,935 [4f861c42-39d3-4f63-85a9-51f112b48038@group-B9655EBF1251-LeaderElection22] INFO  impl.LeaderElection (LeaderElection.java:logAndReturn(89)) - 4f861c42-39d3-4f63-85a9-51f112b48038@group-B9655EBF1251-LeaderElection22: ELECTION REJECTED received 2 response(s) and 0 exception(s):
2021-06-06 13:57:27,935 [4f861c42-39d3-4f63-85a9-51f112b48038@group-B9655EBF1251-LeaderElection22] INFO  impl.LeaderElection (LeaderElection.java:logAndReturn(93)) -   Response 0: 4f861c42-39d3-4f63-85a9-51f112b48038<-0df3d903-2160-49f6-b3f1-a0b58e05c8a8#0:FAIL-t2
2021-06-06 13:57:27,935 [4f861c42-39d3-4f63-85a9-51f112b48038@group-B9655EBF1251-LeaderElection22] INFO  impl.LeaderElection (LeaderElection.java:logAndReturn(93)) -   Response 1: 4f861c42-39d3-4f63-85a9-51f112b48038<-f60ce0a5-af9c-4134-abee-27c495795ec5#0:FAIL-t2
2021-06-06 13:57:27,935 [4f861c42-39d3-4f63-85a9-51f112b48038@group-B9655EBF1251-LeaderElection22] INFO  impl.LeaderElection (LeaderElection.java:askForVotes(308)) - 4f861c42-39d3-4f63-85a9-51f112b48038@group-B9655EBF1251-LeaderElection22 ELECTION round 0: result REJECTED
2021-06-06 13:57:27,935 [4f861c42-39d3-4f63-85a9-51f112b48038@group-B9655EBF1251-LeaderElection22] INFO  server.RaftServer$Division (RaftServerImpl.java:setRole(284)) - 4f861c42-39d3-4f63-85a9-51f112b48038@group-B9655EBF1251: changes role from CANDIDATE to FOLLOWER at term 2 for REJECTED
2021-06-06 13:57:27,935 [4f861c42-39d3-4f63-85a9-51f112b48038@group-B9655EBF1251-LeaderElection22] INFO  impl.RoleInfo (RoleInfo.java:shutdownLeaderElection(121)) - 4f861c42-39d3-4f63-85a9-51f112b48038: shutdown 4f861c42-39d3-4f63-85a9-51f112b48038@group-B9655EBF1251-LeaderElection22
2021-06-06 13:57:27,935 [4f861c42-39d3-4f63-85a9-51f112b48038@group-B9655EBF1251-LeaderElection22] INFO  impl.RoleInfo (RoleInfo.java:updateAndGet(130)) - 4f861c42-39d3-4f63-85a9-51f112b48038: start 4f861c42-39d3-4f63-85a9-51f112b48038@group-B9655EBF1251-FollowerState
2021-06-06 13:57:27,958 [EndpointStateMachine task thread for /0.0.0.0:35799 - 0 ] INFO  ipc.Client (Client.java:handleConnectionFailure(966)) - Retrying connect to server: 0.0.0.0/0.0.0.0:35799. Already tried 2 time(s); retry policy is RetryUpToMaximumCountWithFixedSleep(maxRetries=15, sleepTime=1000 MILLISECONDS)
2021-06-06 13:57:28,109 [EndpointStateMachine task thread for /0.0.0.0:35111 - 0 ] INFO  ipc.Client (Client.java:handleConnectionFailure(966)) - Retrying connect to server: 0.0.0.0/0.0.0.0:35111. Already tried 12 time(s); retry policy is RetryUpToMaximumCountWithFixedSleep(maxRetries=15, sleepTime=1000 MILLISECONDS)
2021-06-06 13:57:28,958 [EndpointStateMachine task thread for /0.0.0.0:35799 - 0 ] INFO  ipc.Client (Client.java:handleConnectionFailure(966)) - Retrying connect to server: 0.0.0.0/0.0.0.0:35799. Already tried 3 time(s); retry policy is RetryUpToMaximumCountWithFixedSleep(maxRetries=15, sleepTime=1000 MILLISECONDS)
2021-06-06 13:57:28,983 [Listener at 127.0.0.1/11444] INFO  ozoneimpl.OzoneContainer (OzoneContainer.java:stop(316)) - Attempting to stop container services.
2021-06-06 13:57:28,983 [ForkJoinPool.commonPool-worker-1] INFO  ozoneimpl.OzoneContainer (OzoneContainer.java:stop(316)) - Attempting to stop container services.
2021-06-06 13:57:28,984 [Listener at 127.0.0.1/11444] INFO  server.RaftServer (RaftServerProxy.java:lambda$close$6(391)) - 4f861c42-39d3-4f63-85a9-51f112b48038: close
2021-06-06 13:57:28,984 [Listener at 127.0.0.1/11444] INFO  server.RaftServer$Division (RaftServerImpl.java:lambda$close$4(406)) - 4f861c42-39d3-4f63-85a9-51f112b48038@group-69731BD46A4B: shutdown
2021-06-06 13:57:28,984 [Listener at 127.0.0.1/11444] INFO  util.JmxRegister (JmxRegister.java:unregister(73)) - Successfully un-registered JMX Bean with object name Ratis:service=RaftServer,group=group-69731BD46A4B,id=4f861c42-39d3-4f63-85a9-51f112b48038
2021-06-06 13:57:28,984 [Listener at 127.0.0.1/11444] INFO  impl.RoleInfo (RoleInfo.java:shutdownLeaderState(91)) - 4f861c42-39d3-4f63-85a9-51f112b48038: shutdown 4f861c42-39d3-4f63-85a9-51f112b48038@group-69731BD46A4B-LeaderStateImpl
2021-06-06 13:57:28,985 [Listener at 127.0.0.1/11444] INFO  impl.PendingRequests (PendingRequests.java:sendNotLeaderResponses(249)) - 4f861c42-39d3-4f63-85a9-51f112b48038@group-69731BD46A4B-PendingRequests: sendNotLeaderResponses
2021-06-06 13:57:28,985 [ForkJoinPool.commonPool-worker-1] INFO  server.RaftServer (RaftServerProxy.java:lambda$close$6(391)) - f60ce0a5-af9c-4134-abee-27c495795ec5: close
2021-06-06 13:57:28,985 [Listener at 127.0.0.1/11444] INFO  metrics.RatisMetrics (RatisMetrics.java:unregister(43)) - Unregistering Metrics Registry : ratis.log_appender.4f861c42-39d3-4f63-85a9-51f112b48038@group-69731BD46A4B
2021-06-06 13:57:28,985 [Listener at 127.0.0.1/11444] INFO  metrics.RatisMetrics (RatisMetrics.java:unregister(43)) - Unregistering Metrics Registry : ratis.server.4f861c42-39d3-4f63-85a9-51f112b48038@group-69731BD46A4B
2021-06-06 13:57:28,985 [ForkJoinPool.commonPool-worker-1] INFO  server.RaftServer$Division (RaftServerImpl.java:lambda$close$4(406)) - f60ce0a5-af9c-4134-abee-27c495795ec5@group-8C6A9ECF6A76: shutdown
2021-06-06 13:57:28,985 [ForkJoinPool.commonPool-worker-1] INFO  util.JmxRegister (JmxRegister.java:unregister(73)) - Successfully un-registered JMX Bean with object name Ratis:service=RaftServer,group=group-8C6A9ECF6A76,id=f60ce0a5-af9c-4134-abee-27c495795ec5
2021-06-06 13:57:28,985 [ForkJoinPool.commonPool-worker-1] INFO  impl.RoleInfo (RoleInfo.java:shutdownLeaderState(91)) - f60ce0a5-af9c-4134-abee-27c495795ec5: shutdown f60ce0a5-af9c-4134-abee-27c495795ec5@group-8C6A9ECF6A76-LeaderStateImpl
2021-06-06 13:57:28,985 [ForkJoinPool.commonPool-worker-1] INFO  metrics.RatisMetrics (RatisMetrics.java:unregister(43)) - Unregistering Metrics Registry : ratis_grpc.log_appender.f60ce0a5-af9c-4134-abee-27c495795ec5@group-8C6A9ECF6A76
2021-06-06 13:57:28,986 [ForkJoinPool.commonPool-worker-1] INFO  metrics.RatisMetrics (RatisMetrics.java:unregister(43)) - Unregistering Metrics Registry : ratis_grpc.log_appender.f60ce0a5-af9c-4134-abee-27c495795ec5@group-8C6A9ECF6A76
2021-06-06 13:57:28,986 [4f861c42-39d3-4f63-85a9-51f112b48038@group-69731BD46A4B-StateMachineUpdater] INFO  ratis.ContainerStateMachine (ContainerStateMachine.java:takeSnapshot(292)) - group-69731BD46A4B: Taking a snapshot at:(t:1, i:0) file /home/runner/work/ozone/ozone/mnt/ozone/hadoop-ozone/integration-test/target/test-dir/MiniOzoneClusterImpl-498e09b4-d42e-43c3-9d7c-b3000502db30/datanode-1/data/ratis/b838fe8f-04e7-40d3-a92a-69731bd46a4b/sm/snapshot.1_0
2021-06-06 13:57:28,986 [ForkJoinPool.commonPool-worker-1] INFO  impl.PendingRequests (PendingRequests.java:sendNotLeaderResponses(249)) - f60ce0a5-af9c-4134-abee-27c495795ec5@group-8C6A9ECF6A76-PendingRequests: sendNotLeaderResponses
2021-06-06 13:57:28,986 [f60ce0a5-af9c-4134-abee-27c495795ec5@group-8C6A9ECF6A76->4f861c42-39d3-4f63-85a9-51f112b48038-GrpcLogAppender-LogAppenderDaemon] WARN  server.GrpcLogAppender (GrpcLogAppender.java:mayWait(175)) - f60ce0a5-af9c-4134-abee-27c495795ec5@group-8C6A9ECF6A76->4f861c42-39d3-4f63-85a9-51f112b48038-GrpcLogAppender: Wait interrupted by java.lang.InterruptedException
2021-06-06 13:57:28,987 [grpc-default-executor-5] INFO  server.GrpcServerProtocolService (GrpcServerProtocolService.java:onCompleted(140)) - 4f861c42-39d3-4f63-85a9-51f112b48038: Completed APPEND_ENTRIES, lastRequest: f60ce0a5-af9c-4134-abee-27c495795ec5->4f861c42-39d3-4f63-85a9-51f112b48038#1-t1,previous=(t:0, i:0),leaderCommit=-1,initializing? true,entries: size=1, first=(t:1, i:0), CONFIGURATIONENTRY
2021-06-06 13:57:28,987 [grpc-default-executor-0] INFO  server.GrpcLogAppender (GrpcLogAppender.java:onCompleted(344)) - f60ce0a5-af9c-4134-abee-27c495795ec5@group-8C6A9ECF6A76->4f861c42-39d3-4f63-85a9-51f112b48038-AppendLogResponseHandler: follower responses appendEntries COMPLETED
2021-06-06 13:57:28,987 [grpc-default-executor-0] INFO  leader.FollowerInfo (FollowerInfoImpl.java:lambda$new$0(46)) - f60ce0a5-af9c-4134-abee-27c495795ec5@group-8C6A9ECF6A76->4f861c42-39d3-4f63-85a9-51f112b48038: nextIndex: updateUnconditionally 1 -> 0
2021-06-06 13:57:28,987 [Listener at 127.0.0.1/11444] INFO  impl.StateMachineUpdater (StateMachineUpdater.java:stopAndJoin(149)) - 4f861c42-39d3-4f63-85a9-51f112b48038@group-69731BD46A4B-StateMachineUpdater: set stopIndex = 0
2021-06-06 13:57:28,988 [4f861c42-39d3-4f63-85a9-51f112b48038@group-69731BD46A4B-StateMachineUpdater] INFO  ratis.ContainerStateMachine (ContainerStateMachine.java:takeSnapshot(303)) - group-69731BD46A4B: Finished taking a snapshot at:(t:1, i:0) file:/home/runner/work/ozone/ozone/mnt/ozone/hadoop-ozone/integration-test/target/test-dir/MiniOzoneClusterImpl-498e09b4-d42e-43c3-9d7c-b3000502db30/datanode-1/data/ratis/b838fe8f-04e7-40d3-a92a-69731bd46a4b/sm/snapshot.1_0 took: 2 ms
2021-06-06 13:57:28,988 [f60ce0a5-af9c-4134-abee-27c495795ec5@group-8C6A9ECF6A76->0df3d903-2160-49f6-b3f1-a0b58e05c8a8-GrpcLogAppender-LogAppenderDaemon] WARN  server.GrpcLogAppender (GrpcLogAppender.java:mayWait(175)) - f60ce0a5-af9c-4134-abee-27c495795ec5@group-8C6A9ECF6A76->0df3d903-2160-49f6-b3f1-a0b58e05c8a8-GrpcLogAppender: Wait interrupted by java.lang.InterruptedException
2021-06-06 13:57:28,988 [4f861c42-39d3-4f63-85a9-51f112b48038@group-69731BD46A4B-StateMachineUpdater] INFO  impl.StateMachineUpdater (StateMachineUpdater.java:takeSnapshot(281)) - 4f861c42-39d3-4f63-85a9-51f112b48038@group-69731BD46A4B-StateMachineUpdater: Took a snapshot at index 0
2021-06-06 13:57:28,988 [4f861c42-39d3-4f63-85a9-51f112b48038@group-69731BD46A4B-StateMachineUpdater] INFO  impl.StateMachineUpdater (StateMachineUpdater.java:lambda$new$0(89)) - 4f861c42-39d3-4f63-85a9-51f112b48038@group-69731BD46A4B-StateMachineUpdater: snapshotIndex: updateIncreasingly -1 -> 0
2021-06-06 13:57:28,988 [4f861c42-39d3-4f63-85a9-51f112b48038@group-69731BD46A4B-StateMachineUpdater] INFO  metrics.RatisMetrics (RatisMetrics.java:unregister(43)) - Unregistering Metrics Registry : ratis.state_machine.4f861c42-39d3-4f63-85a9-51f112b48038@group-69731BD46A4B
2021-06-06 13:57:28,988 [ForkJoinPool.commonPool-worker-1] INFO  metrics.RatisMetrics (RatisMetrics.java:unregister(43)) - Unregistering Metrics Registry : ratis.log_appender.f60ce0a5-af9c-4134-abee-27c495795ec5@group-8C6A9ECF6A76
2021-06-06 13:57:28,988 [grpc-default-executor-5] INFO  server.GrpcServerProtocolService (GrpcServerProtocolService.java:onCompleted(140)) - 0df3d903-2160-49f6-b3f1-a0b58e05c8a8: Completed APPEND_ENTRIES, lastRequest: f60ce0a5-af9c-4134-abee-27c495795ec5->0df3d903-2160-49f6-b3f1-a0b58e05c8a8#1-t1,previous=(t:0, i:0),leaderCommit=-1,initializing? true,entries: size=1, first=(t:1, i:0), CONFIGURATIONENTRY
2021-06-06 13:57:28,989 [Listener at 127.0.0.1/11444] INFO  server.RaftServer$Division (ServerState.java:close(405)) - 4f861c42-39d3-4f63-85a9-51f112b48038@group-69731BD46A4B: closes. applyIndex: 0
2021-06-06 13:57:28,989 [grpc-default-executor-5] INFO  server.GrpcLogAppender (GrpcLogAppender.java:onCompleted(344)) - f60ce0a5-af9c-4134-abee-27c495795ec5@group-8C6A9ECF6A76->0df3d903-2160-49f6-b3f1-a0b58e05c8a8-AppendLogResponseHandler: follower responses appendEntries COMPLETED
2021-06-06 13:57:28,989 [4f861c42-39d3-4f63-85a9-51f112b48038@group-69731BD46A4B-SegmentedRaftLogWorker] INFO  segmented.SegmentedRaftLogWorker (SegmentedRaftLogWorker.java:run(327)) - 4f861c42-39d3-4f63-85a9-51f112b48038@group-69731BD46A4B-SegmentedRaftLogWorker was interrupted, exiting. There are 0 tasks remaining in the queue.
2021-06-06 13:57:28,988 [ForkJoinPool.commonPool-worker-1] INFO  metrics.RatisMetrics (RatisMetrics.java:unregister(43)) - Unregistering Metrics Registry : ratis.server.f60ce0a5-af9c-4134-abee-27c495795ec5@group-8C6A9ECF6A76
2021-06-06 13:57:28,989 [grpc-default-executor-5] INFO  leader.FollowerInfo (FollowerInfoImpl.java:lambda$new$0(46)) - f60ce0a5-af9c-4134-abee-27c495795ec5@group-8C6A9ECF6A76->0df3d903-2160-49f6-b3f1-a0b58e05c8a8: nextIndex: updateUnconditionally 1 -> 0
2021-06-06 13:57:28,990 [Listener at 127.0.0.1/11444] INFO  segmented.SegmentedRaftLogWorker (SegmentedRaftLogWorker.java:close(237)) - 4f861c42-39d3-4f63-85a9-51f112b48038@group-69731BD46A4B-SegmentedRaftLogWorker close()
2021-06-06 13:57:28,992 [Listener at 127.0.0.1/11444] INFO  metrics.RatisMetrics (RatisMetrics.java:unregister(43)) - Unregistering Metrics Registry : ratis.log_worker.4f861c42-39d3-4f63-85a9-51f112b48038@group-69731BD46A4B
2021-06-06 13:57:28,992 [Listener at 127.0.0.1/11444] INFO  metrics.RatisMetrics (RatisMetrics.java:unregister(43)) - Unregistering Metrics Registry : ratis.leader_election.4f861c42-39d3-4f63-85a9-51f112b48038@group-69731BD46A4B
2021-06-06 13:57:28,992 [Listener at 127.0.0.1/11444] INFO  metrics.RatisMetrics (RatisMetrics.java:unregister(43)) - Unregistering Metrics Registry : ratis.server.4f861c42-39d3-4f63-85a9-51f112b48038@group-69731BD46A4B
2021-06-06 13:57:28,992 [Listener at 127.0.0.1/11444] INFO  server.RaftServer$Division (RaftServerImpl.java:lambda$close$4(406)) - 4f861c42-39d3-4f63-85a9-51f112b48038@group-8C6A9ECF6A76: shutdown
2021-06-06 13:57:28,993 [Listener at 127.0.0.1/11444] INFO  util.JmxRegister (JmxRegister.java:unregister(73)) - Successfully un-registered JMX Bean with object name Ratis:service=RaftServer,group=group-8C6A9ECF6A76,id=4f861c42-39d3-4f63-85a9-51f112b48038
2021-06-06 13:57:28,993 [Listener at 127.0.0.1/11444] INFO  impl.RoleInfo (RoleInfo.java:shutdownFollowerState(108)) - 4f861c42-39d3-4f63-85a9-51f112b48038: shutdown 4f861c42-39d3-4f63-85a9-51f112b48038@group-8C6A9ECF6A76-FollowerState
2021-06-06 13:57:28,993 [4f861c42-39d3-4f63-85a9-51f112b48038@group-8C6A9ECF6A76-FollowerState] INFO  impl.FollowerState (FollowerState.java:run(143)) - 4f861c42-39d3-4f63-85a9-51f112b48038@group-8C6A9ECF6A76-FollowerState was interrupted: {}
java.lang.InterruptedException: sleep interrupted
	at java.lang.Thread.sleep(Native Method)
	at java.lang.Thread.sleep(Thread.java:340)
	at java.util.concurrent.TimeUnit.sleep(TimeUnit.java:386)
	at org.apache.ratis.util.TimeDuration.sleep(TimeDuration.java:324)
	at org.apache.ratis.util.TimeDuration.sleep(TimeDuration.java:309)
	at org.apache.ratis.server.impl.FollowerState.run(FollowerState.java:118)
2021-06-06 13:57:28,993 [Listener at 127.0.0.1/11444] INFO  impl.StateMachineUpdater (StateMachineUpdater.java:stopAndJoin(149)) - 4f861c42-39d3-4f63-85a9-51f112b48038@group-8C6A9ECF6A76-StateMachineUpdater: set stopIndex = 0
2021-06-06 13:57:28,993 [4f861c42-39d3-4f63-85a9-51f112b48038@group-8C6A9ECF6A76-StateMachineUpdater] INFO  ratis.ContainerStateMachine (ContainerStateMachine.java:takeSnapshot(292)) - group-8C6A9ECF6A76: Taking a snapshot at:(t:1, i:0) file /home/runner/work/ozone/ozone/mnt/ozone/hadoop-ozone/integration-test/target/test-dir/MiniOzoneClusterImpl-498e09b4-d42e-43c3-9d7c-b3000502db30/datanode-1/data/ratis/a552dffb-5387-4cef-9ba5-8c6a9ecf6a76/sm/snapshot.1_0
2021-06-06 13:57:28,994 [4f861c42-39d3-4f63-85a9-51f112b48038@group-8C6A9ECF6A76-StateMachineUpdater] INFO  ratis.ContainerStateMachine (ContainerStateMachine.java:takeSnapshot(303)) - group-8C6A9ECF6A76: Finished taking a snapshot at:(t:1, i:0) file:/home/runner/work/ozone/ozone/mnt/ozone/hadoop-ozone/integration-test/target/test-dir/MiniOzoneClusterImpl-498e09b4-d42e-43c3-9d7c-b3000502db30/datanode-1/data/ratis/a552dffb-5387-4cef-9ba5-8c6a9ecf6a76/sm/snapshot.1_0 took: 1 ms
2021-06-06 13:57:28,995 [ForkJoinPool.commonPool-worker-1] INFO  impl.StateMachineUpdater (StateMachineUpdater.java:stopAndJoin(149)) - f60ce0a5-af9c-4134-abee-27c495795ec5@group-8C6A9ECF6A76-StateMachineUpdater: set stopIndex = 0
2021-06-06 13:57:28,995 [f60ce0a5-af9c-4134-abee-27c495795ec5@group-8C6A9ECF6A76-StateMachineUpdater] INFO  ratis.ContainerStateMachine (ContainerStateMachine.java:takeSnapshot(292)) - group-8C6A9ECF6A76: Taking a snapshot at:(t:1, i:0) file /home/runner/work/ozone/ozone/mnt/ozone/hadoop-ozone/integration-test/target/test-dir/MiniOzoneClusterImpl-498e09b4-d42e-43c3-9d7c-b3000502db30/datanode-0/data/ratis/a552dffb-5387-4cef-9ba5-8c6a9ecf6a76/sm/snapshot.1_0
2021-06-06 13:57:29,001 [f60ce0a5-af9c-4134-abee-27c495795ec5@group-8C6A9ECF6A76-StateMachineUpdater] INFO  ratis.ContainerStateMachine (ContainerStateMachine.java:takeSnapshot(303)) - group-8C6A9ECF6A76: Finished taking a snapshot at:(t:1, i:0) file:/home/runner/work/ozone/ozone/mnt/ozone/hadoop-ozone/integration-test/target/test-dir/MiniOzoneClusterImpl-498e09b4-d42e-43c3-9d7c-b3000502db30/datanode-0/data/ratis/a552dffb-5387-4cef-9ba5-8c6a9ecf6a76/sm/snapshot.1_0 took: 6 ms
2021-06-06 13:57:29,001 [4f861c42-39d3-4f63-85a9-51f112b48038@group-8C6A9ECF6A76-StateMachineUpdater] INFO  impl.StateMachineUpdater (StateMachineUpdater.java:takeSnapshot(281)) - 4f861c42-39d3-4f63-85a9-51f112b48038@group-8C6A9ECF6A76-StateMachineUpdater: Took a snapshot at index 0
2021-06-06 13:57:29,001 [4f861c42-39d3-4f63-85a9-51f112b48038@group-8C6A9ECF6A76-StateMachineUpdater] INFO  impl.StateMachineUpdater (StateMachineUpdater.java:lambda$new$0(89)) - 4f861c42-39d3-4f63-85a9-51f112b48038@group-8C6A9ECF6A76-StateMachineUpdater: snapshotIndex: updateIncreasingly -1 -> 0
2021-06-06 13:57:29,001 [f60ce0a5-af9c-4134-abee-27c495795ec5@group-8C6A9ECF6A76-StateMachineUpdater] INFO  impl.StateMachineUpdater (StateMachineUpdater.java:takeSnapshot(281)) - f60ce0a5-af9c-4134-abee-27c495795ec5@group-8C6A9ECF6A76-StateMachineUpdater: Took a snapshot at index 0
2021-06-06 13:57:29,001 [f60ce0a5-af9c-4134-abee-27c495795ec5@group-8C6A9ECF6A76-StateMachineUpdater] INFO  impl.StateMachineUpdater (StateMachineUpdater.java:lambda$new$0(89)) - f60ce0a5-af9c-4134-abee-27c495795ec5@group-8C6A9ECF6A76-StateMachineUpdater: snapshotIndex: updateIncreasingly -1 -> 0
2021-06-06 13:57:29,001 [4f861c42-39d3-4f63-85a9-51f112b48038@group-8C6A9ECF6A76-StateMachineUpdater] INFO  metrics.RatisMetrics (RatisMetrics.java:unregister(43)) - Unregistering Metrics Registry : ratis.state_machine.4f861c42-39d3-4f63-85a9-51f112b48038@group-8C6A9ECF6A76
2021-06-06 13:57:29,001 [f60ce0a5-af9c-4134-abee-27c495795ec5@group-8C6A9ECF6A76-StateMachineUpdater] INFO  metrics.RatisMetrics (RatisMetrics.java:unregister(43)) - Unregistering Metrics Registry : ratis.state_machine.f60ce0a5-af9c-4134-abee-27c495795ec5@group-8C6A9ECF6A76
2021-06-06 13:57:29,002 [ForkJoinPool.commonPool-worker-1] INFO  server.RaftServer$Division (ServerState.java:close(405)) - f60ce0a5-af9c-4134-abee-27c495795ec5@group-8C6A9ECF6A76: closes. applyIndex: 0
2021-06-06 13:57:29,001 [Listener at 127.0.0.1/11444] INFO  server.RaftServer$Division (ServerState.java:close(405)) - 4f861c42-39d3-4f63-85a9-51f112b48038@group-8C6A9ECF6A76: closes. applyIndex: 0
2021-06-06 13:57:29,002 [f60ce0a5-af9c-4134-abee-27c495795ec5@group-8C6A9ECF6A76-SegmentedRaftLogWorker] INFO  segmented.SegmentedRaftLogWorker (SegmentedRaftLogWorker.java:run(327)) - f60ce0a5-af9c-4134-abee-27c495795ec5@group-8C6A9ECF6A76-SegmentedRaftLogWorker was interrupted, exiting. There are 0 tasks remaining in the queue.
2021-06-06 13:57:29,002 [4f861c42-39d3-4f63-85a9-51f112b48038@group-8C6A9ECF6A76-SegmentedRaftLogWorker] INFO  segmented.SegmentedRaftLogWorker (SegmentedRaftLogWorker.java:run(327)) - 4f861c42-39d3-4f63-85a9-51f112b48038@group-8C6A9ECF6A76-SegmentedRaftLogWorker was interrupted, exiting. There are 0 tasks remaining in the queue.
2021-06-06 13:57:29,003 [ForkJoinPool.commonPool-worker-1] INFO  segmented.SegmentedRaftLogWorker (SegmentedRaftLogWorker.java:close(237)) - f60ce0a5-af9c-4134-abee-27c495795ec5@group-8C6A9ECF6A76-SegmentedRaftLogWorker close()
2021-06-06 13:57:29,003 [ForkJoinPool.commonPool-worker-1] INFO  metrics.RatisMetrics (RatisMetrics.java:unregister(43)) - Unregistering Metrics Registry : ratis.log_worker.f60ce0a5-af9c-4134-abee-27c495795ec5@group-8C6A9ECF6A76
2021-06-06 13:57:29,003 [ForkJoinPool.commonPool-worker-1] INFO  metrics.RatisMetrics (RatisMetrics.java:unregister(43)) - Unregistering Metrics Registry : ratis.leader_election.f60ce0a5-af9c-4134-abee-27c495795ec5@group-8C6A9ECF6A76
2021-06-06 13:57:29,003 [ForkJoinPool.commonPool-worker-1] INFO  metrics.RatisMetrics (RatisMetrics.java:unregister(43)) - Unregistering Metrics Registry : ratis.server.f60ce0a5-af9c-4134-abee-27c495795ec5@group-8C6A9ECF6A76
2021-06-06 13:57:29,004 [ForkJoinPool.commonPool-worker-1] INFO  server.RaftServer$Division (RaftServerImpl.java:lambda$close$4(406)) - f60ce0a5-af9c-4134-abee-27c495795ec5@group-08FBDB4E5F94: shutdown
2021-06-06 13:57:29,004 [ForkJoinPool.commonPool-worker-1] INFO  util.JmxRegister (JmxRegister.java:unregister(73)) - Successfully un-registered JMX Bean with object name Ratis:service=RaftServer,group=group-08FBDB4E5F94,id=f60ce0a5-af9c-4134-abee-27c495795ec5
2021-06-06 13:57:29,004 [ForkJoinPool.commonPool-worker-1] INFO  impl.RoleInfo (RoleInfo.java:shutdownLeaderState(91)) - f60ce0a5-af9c-4134-abee-27c495795ec5: shutdown f60ce0a5-af9c-4134-abee-27c495795ec5@group-08FBDB4E5F94-LeaderStateImpl
2021-06-06 13:57:29,004 [ForkJoinPool.commonPool-worker-1] INFO  impl.PendingRequests (PendingRequests.java:sendNotLeaderResponses(249)) - f60ce0a5-af9c-4134-abee-27c495795ec5@group-08FBDB4E5F94-PendingRequests: sendNotLeaderResponses
2021-06-06 13:57:29,004 [ForkJoinPool.commonPool-worker-1] INFO  metrics.RatisMetrics (RatisMetrics.java:unregister(43)) - Unregistering Metrics Registry : ratis.log_appender.f60ce0a5-af9c-4134-abee-27c495795ec5@group-08FBDB4E5F94
2021-06-06 13:57:29,004 [ForkJoinPool.commonPool-worker-1] INFO  metrics.RatisMetrics (RatisMetrics.java:unregister(43)) - Unregistering Metrics Registry : ratis.server.f60ce0a5-af9c-4134-abee-27c495795ec5@group-08FBDB4E5F94
2021-06-06 13:57:29,006 [f60ce0a5-af9c-4134-abee-27c495795ec5@group-08FBDB4E5F94-StateMachineUpdater] INFO  ratis.ContainerStateMachine (ContainerStateMachine.java:takeSnapshot(292)) - group-08FBDB4E5F94: Taking a snapshot at:(t:1, i:0) file /home/runner/work/ozone/ozone/mnt/ozone/hadoop-ozone/integration-test/target/test-dir/MiniOzoneClusterImpl-498e09b4-d42e-43c3-9d7c-b3000502db30/datanode-0/data/ratis/354aefe5-a4c3-42fd-8cfc-08fbdb4e5f94/sm/snapshot.1_0
2021-06-06 13:57:29,006 [ForkJoinPool.commonPool-worker-1] INFO  impl.StateMachineUpdater (StateMachineUpdater.java:stopAndJoin(149)) - f60ce0a5-af9c-4134-abee-27c495795ec5@group-08FBDB4E5F94-StateMachineUpdater: set stopIndex = 0
2021-06-06 13:57:29,006 [Listener at 127.0.0.1/11444] INFO  segmented.SegmentedRaftLogWorker (SegmentedRaftLogWorker.java:close(237)) - 4f861c42-39d3-4f63-85a9-51f112b48038@group-8C6A9ECF6A76-SegmentedRaftLogWorker close()
2021-06-06 13:57:29,007 [f60ce0a5-af9c-4134-abee-27c495795ec5@group-08FBDB4E5F94-StateMachineUpdater] INFO  ratis.ContainerStateMachine (ContainerStateMachine.java:takeSnapshot(303)) - group-08FBDB4E5F94: Finished taking a snapshot at:(t:1, i:0) file:/home/runner/work/ozone/ozone/mnt/ozone/hadoop-ozone/integration-test/target/test-dir/MiniOzoneClusterImpl-498e09b4-d42e-43c3-9d7c-b3000502db30/datanode-0/data/ratis/354aefe5-a4c3-42fd-8cfc-08fbdb4e5f94/sm/snapshot.1_0 took: 1 ms
2021-06-06 13:57:29,007 [f60ce0a5-af9c-4134-abee-27c495795ec5@group-08FBDB4E5F94-StateMachineUpdater] INFO  impl.StateMachineUpdater (StateMachineUpdater.java:takeSnapshot(281)) - f60ce0a5-af9c-4134-abee-27c495795ec5@group-08FBDB4E5F94-StateMachineUpdater: Took a snapshot at index 0
2021-06-06 13:57:29,007 [f60ce0a5-af9c-4134-abee-27c495795ec5@group-08FBDB4E5F94-StateMachineUpdater] INFO  impl.StateMachineUpdater (StateMachineUpdater.java:lambda$new$0(89)) - f60ce0a5-af9c-4134-abee-27c495795ec5@group-08FBDB4E5F94-StateMachineUpdater: snapshotIndex: updateIncreasingly -1 -> 0
2021-06-06 13:57:29,007 [f60ce0a5-af9c-4134-abee-27c495795ec5@group-08FBDB4E5F94-StateMachineUpdater] INFO  metrics.RatisMetrics (RatisMetrics.java:unregister(43)) - Unregistering Metrics Registry : ratis.state_machine.f60ce0a5-af9c-4134-abee-27c495795ec5@group-08FBDB4E5F94
2021-06-06 13:57:29,007 [ForkJoinPool.commonPool-worker-1] INFO  server.RaftServer$Division (ServerState.java:close(405)) - f60ce0a5-af9c-4134-abee-27c495795ec5@group-08FBDB4E5F94: closes. applyIndex: 0
2021-06-06 13:57:29,007 [Listener at 127.0.0.1/11444] INFO  metrics.RatisMetrics (RatisMetrics.java:unregister(43)) - Unregistering Metrics Registry : ratis.log_worker.4f861c42-39d3-4f63-85a9-51f112b48038@group-8C6A9ECF6A76
2021-06-06 13:57:29,007 [f60ce0a5-af9c-4134-abee-27c495795ec5@group-08FBDB4E5F94-SegmentedRaftLogWorker] INFO  segmented.SegmentedRaftLogWorker (SegmentedRaftLogWorker.java:run(327)) - f60ce0a5-af9c-4134-abee-27c495795ec5@group-08FBDB4E5F94-SegmentedRaftLogWorker was interrupted, exiting. There are 0 tasks remaining in the queue.
2021-06-06 13:57:29,008 [Listener at 127.0.0.1/11444] INFO  metrics.RatisMetrics (RatisMetrics.java:unregister(43)) - Unregistering Metrics Registry : ratis.leader_election.4f861c42-39d3-4f63-85a9-51f112b48038@group-8C6A9ECF6A76
2021-06-06 13:57:29,008 [Listener at 127.0.0.1/11444] INFO  metrics.RatisMetrics (RatisMetrics.java:unregister(43)) - Unregistering Metrics Registry : ratis.server.4f861c42-39d3-4f63-85a9-51f112b48038@group-8C6A9ECF6A76
2021-06-06 13:57:29,008 [Listener at 127.0.0.1/11444] INFO  server.RaftServer$Division (RaftServerImpl.java:lambda$close$4(406)) - 4f861c42-39d3-4f63-85a9-51f112b48038@group-B9655EBF1251: shutdown
2021-06-06 13:57:29,008 [Listener at 127.0.0.1/11444] INFO  util.JmxRegister (JmxRegister.java:unregister(73)) - Successfully un-registered JMX Bean with object name Ratis:service=RaftServer,group=group-B9655EBF1251,id=4f861c42-39d3-4f63-85a9-51f112b48038
2021-06-06 13:57:29,008 [Listener at 127.0.0.1/11444] INFO  impl.RoleInfo (RoleInfo.java:shutdownFollowerState(108)) - 4f861c42-39d3-4f63-85a9-51f112b48038: shutdown 4f861c42-39d3-4f63-85a9-51f112b48038@group-B9655EBF1251-FollowerState
2021-06-06 13:57:29,008 [4f861c42-39d3-4f63-85a9-51f112b48038@group-B9655EBF1251-FollowerState] INFO  impl.FollowerState (FollowerState.java:run(143)) - 4f861c42-39d3-4f63-85a9-51f112b48038@group-B9655EBF1251-FollowerState was interrupted: {}
java.lang.InterruptedException: sleep interrupted
	at java.lang.Thread.sleep(Native Method)
	at java.lang.Thread.sleep(Thread.java:340)
	at java.util.concurrent.TimeUnit.sleep(TimeUnit.java:386)
	at org.apache.ratis.util.TimeDuration.sleep(TimeDuration.java:324)
	at org.apache.ratis.util.TimeDuration.sleep(TimeDuration.java:309)
	at org.apache.ratis.server.impl.FollowerState.run(FollowerState.java:118)
2021-06-06 13:57:29,008 [4f861c42-39d3-4f63-85a9-51f112b48038@group-B9655EBF1251-StateMachineUpdater] INFO  metrics.RatisMetrics (RatisMetrics.java:unregister(43)) - Unregistering Metrics Registry : ratis.state_machine.4f861c42-39d3-4f63-85a9-51f112b48038@group-B9655EBF1251
2021-06-06 13:57:29,008 [ForkJoinPool.commonPool-worker-1] INFO  segmented.SegmentedRaftLogWorker (SegmentedRaftLogWorker.java:close(237)) - f60ce0a5-af9c-4134-abee-27c495795ec5@group-08FBDB4E5F94-SegmentedRaftLogWorker close()
2021-06-06 13:57:29,013 [Listener at 127.0.0.1/11444] INFO  impl.StateMachineUpdater (StateMachineUpdater.java:stopAndJoin(149)) - 4f861c42-39d3-4f63-85a9-51f112b48038@group-B9655EBF1251-StateMachineUpdater: set stopIndex = -1
2021-06-06 13:57:29,014 [Listener at 127.0.0.1/11444] INFO  server.RaftServer$Division (ServerState.java:close(405)) - 4f861c42-39d3-4f63-85a9-51f112b48038@group-B9655EBF1251: closes. applyIndex: -1
2021-06-06 13:57:29,015 [4f861c42-39d3-4f63-85a9-51f112b48038@group-B9655EBF1251-SegmentedRaftLogWorker] INFO  segmented.SegmentedRaftLogWorker (SegmentedRaftLogWorker.java:run(327)) - 4f861c42-39d3-4f63-85a9-51f112b48038@group-B9655EBF1251-SegmentedRaftLogWorker was interrupted, exiting. There are 0 tasks remaining in the queue.
2021-06-06 13:57:29,015 [ForkJoinPool.commonPool-worker-1] INFO  metrics.RatisMetrics (RatisMetrics.java:unregister(43)) - Unregistering Metrics Registry : ratis.log_worker.f60ce0a5-af9c-4134-abee-27c495795ec5@group-08FBDB4E5F94
2021-06-06 13:57:29,015 [Listener at 127.0.0.1/11444] INFO  segmented.SegmentedRaftLogWorker (SegmentedRaftLogWorker.java:close(237)) - 4f861c42-39d3-4f63-85a9-51f112b48038@group-B9655EBF1251-SegmentedRaftLogWorker close()
2021-06-06 13:57:29,015 [ForkJoinPool.commonPool-worker-1] INFO  metrics.RatisMetrics (RatisMetrics.java:unregister(43)) - Unregistering Metrics Registry : ratis.leader_election.f60ce0a5-af9c-4134-abee-27c495795ec5@group-08FBDB4E5F94
2021-06-06 13:57:29,017 [ForkJoinPool.commonPool-worker-1] INFO  metrics.RatisMetrics (RatisMetrics.java:unregister(43)) - Unregistering Metrics Registry : ratis.server.f60ce0a5-af9c-4134-abee-27c495795ec5@group-08FBDB4E5F94
2021-06-06 13:57:29,018 [ForkJoinPool.commonPool-worker-1] INFO  server.RaftServer$Division (RaftServerImpl.java:lambda$close$4(406)) - f60ce0a5-af9c-4134-abee-27c495795ec5@group-B9655EBF1251: shutdown
2021-06-06 13:57:29,018 [Listener at 127.0.0.1/11444] INFO  metrics.RatisMetrics (RatisMetrics.java:unregister(43)) - Unregistering Metrics Registry : ratis.log_worker.4f861c42-39d3-4f63-85a9-51f112b48038@group-B9655EBF1251
2021-06-06 13:57:29,018 [ForkJoinPool.commonPool-worker-1] INFO  util.JmxRegister (JmxRegister.java:unregister(73)) - Successfully un-registered JMX Bean with object name Ratis:service=RaftServer,group=group-B9655EBF1251,id=f60ce0a5-af9c-4134-abee-27c495795ec5
2021-06-06 13:57:29,018 [ForkJoinPool.commonPool-worker-1] INFO  impl.RoleInfo (RoleInfo.java:shutdownFollowerState(108)) - f60ce0a5-af9c-4134-abee-27c495795ec5: shutdown f60ce0a5-af9c-4134-abee-27c495795ec5@group-B9655EBF1251-FollowerState
2021-06-06 13:57:29,018 [Listener at 127.0.0.1/11444] INFO  metrics.RatisMetrics (RatisMetrics.java:unregister(43)) - Unregistering Metrics Registry : ratis.leader_election.4f861c42-39d3-4f63-85a9-51f112b48038@group-B9655EBF1251
2021-06-06 13:57:29,019 [f60ce0a5-af9c-4134-abee-27c495795ec5@group-B9655EBF1251-StateMachineUpdater] INFO  metrics.RatisMetrics (RatisMetrics.java:unregister(43)) - Unregistering Metrics Registry : ratis.state_machine.f60ce0a5-af9c-4134-abee-27c495795ec5@group-B9655EBF1251
2021-06-06 13:57:29,019 [Listener at 127.0.0.1/11444] INFO  metrics.RatisMetrics (RatisMetrics.java:unregister(43)) - Unregistering Metrics Registry : ratis.server.4f861c42-39d3-4f63-85a9-51f112b48038@group-B9655EBF1251
2021-06-06 13:57:29,019 [Listener at 127.0.0.1/11444] INFO  server.GrpcService (GrpcService.java:closeImpl(262)) - 4f861c42-39d3-4f63-85a9-51f112b48038: shutdown server with port 43869 now
2021-06-06 13:57:29,019 [ForkJoinPool.commonPool-worker-1] INFO  impl.StateMachineUpdater (StateMachineUpdater.java:stopAndJoin(149)) - f60ce0a5-af9c-4134-abee-27c495795ec5@group-B9655EBF1251-StateMachineUpdater: set stopIndex = -1
2021-06-06 13:57:29,018 [f60ce0a5-af9c-4134-abee-27c495795ec5@group-B9655EBF1251-FollowerState] INFO  impl.FollowerState (FollowerState.java:run(143)) - f60ce0a5-af9c-4134-abee-27c495795ec5@group-B9655EBF1251-FollowerState was interrupted: {}
java.lang.InterruptedException: sleep interrupted
	at java.lang.Thread.sleep(Native Method)
	at java.lang.Thread.sleep(Thread.java:340)
	at java.util.concurrent.TimeUnit.sleep(TimeUnit.java:386)
	at org.apache.ratis.util.TimeDuration.sleep(TimeDuration.java:324)
	at org.apache.ratis.util.TimeDuration.sleep(TimeDuration.java:309)
	at org.apache.ratis.server.impl.FollowerState.run(FollowerState.java:118)
2021-06-06 13:57:29,021 [ForkJoinPool.commonPool-worker-1] INFO  server.RaftServer$Division (ServerState.java:close(405)) - f60ce0a5-af9c-4134-abee-27c495795ec5@group-B9655EBF1251: closes. applyIndex: -1
2021-06-06 13:57:29,021 [f60ce0a5-af9c-4134-abee-27c495795ec5@group-B9655EBF1251-SegmentedRaftLogWorker] INFO  segmented.SegmentedRaftLogWorker (SegmentedRaftLogWorker.java:run(327)) - f60ce0a5-af9c-4134-abee-27c495795ec5@group-B9655EBF1251-SegmentedRaftLogWorker was interrupted, exiting. There are 0 tasks remaining in the queue.
2021-06-06 13:57:29,021 [ForkJoinPool.commonPool-worker-1] INFO  segmented.SegmentedRaftLogWorker (SegmentedRaftLogWorker.java:close(237)) - f60ce0a5-af9c-4134-abee-27c495795ec5@group-B9655EBF1251-SegmentedRaftLogWorker close()
2021-06-06 13:57:29,021 [ForkJoinPool.commonPool-worker-1] INFO  metrics.RatisMetrics (RatisMetrics.java:unregister(43)) - Unregistering Metrics Registry : ratis.log_worker.f60ce0a5-af9c-4134-abee-27c495795ec5@group-B9655EBF1251
2021-06-06 13:57:29,022 [ForkJoinPool.commonPool-worker-1] INFO  metrics.RatisMetrics (RatisMetrics.java:unregister(43)) - Unregistering Metrics Registry : ratis.leader_election.f60ce0a5-af9c-4134-abee-27c495795ec5@group-B9655EBF1251
2021-06-06 13:57:29,022 [ForkJoinPool.commonPool-worker-1] INFO  metrics.RatisMetrics (RatisMetrics.java:unregister(43)) - Unregistering Metrics Registry : ratis.server.f60ce0a5-af9c-4134-abee-27c495795ec5@group-B9655EBF1251
2021-06-06 13:57:29,022 [ForkJoinPool.commonPool-worker-1] INFO  server.GrpcService (GrpcService.java:closeImpl(262)) - f60ce0a5-af9c-4134-abee-27c495795ec5: shutdown server with port 33789 now
2021-06-06 13:57:29,022 [Listener at 127.0.0.1/11444] INFO  server.GrpcService (GrpcService.java:closeImpl(271)) - 4f861c42-39d3-4f63-85a9-51f112b48038: shutdown server with port 43869 successfully
2021-06-06 13:57:29,023 [org.apache.ratis.util.JvmPauseMonitor$$Lambda$515/1703627717@79b7a9e7] INFO  util.JvmPauseMonitor (JvmPauseMonitor.java:run(109)) - JvmPauseMonitor-4f861c42-39d3-4f63-85a9-51f112b48038: Stopped
2021-06-06 13:57:29,024 [Listener at 127.0.0.1/11444] INFO  utils.BackgroundService (BackgroundService.java:shutdown(132)) - Shutting down service BlockDeletingService
2021-06-06 13:57:29,026 [Listener at 127.0.0.1/11444] INFO  statemachine.DatanodeStateMachine (DatanodeStateMachine.java:stopDaemon(486)) - Ozone container server stopped.
2021-06-06 13:57:29,026 [ForkJoinPool.commonPool-worker-1] INFO  server.GrpcService (GrpcService.java:closeImpl(271)) - f60ce0a5-af9c-4134-abee-27c495795ec5: shutdown server with port 33789 successfully
2021-06-06 13:57:29,026 [org.apache.ratis.util.JvmPauseMonitor$$Lambda$515/1703627717@3112683a] INFO  util.JvmPauseMonitor (JvmPauseMonitor.java:run(109)) - JvmPauseMonitor-f60ce0a5-af9c-4134-abee-27c495795ec5: Stopped
2021-06-06 13:57:29,027 [Listener at 127.0.0.1/11444] INFO  handler.ContextHandler (ContextHandler.java:doStop(1154)) - Stopped o.e.j.w.WebAppContext@37f1fbdb{hddsDatanode,/,null,STOPPED}{jar:file:/home/runner/.m2/repository/org/apache/ozone/hdds-container-service/1.2.0-SNAPSHOT/hdds-container-service-1.2.0-SNAPSHOT.jar!/webapps/hddsDatanode}
2021-06-06 13:57:29,027 [ForkJoinPool.commonPool-worker-1] INFO  utils.BackgroundService (BackgroundService.java:shutdown(132)) - Shutting down service BlockDeletingService
2021-06-06 13:57:29,032 [Listener at 127.0.0.1/11444] INFO  server.AbstractConnector (AbstractConnector.java:doStop(381)) - Stopped ServerConnector@7e47251d{HTTP/1.1, (http/1.1)}{0.0.0.0:0}
2021-06-06 13:57:29,033 [Listener at 127.0.0.1/11444] INFO  server.session (HouseKeeper.java:stopScavenging(149)) - node0 Stopped scavenging
2021-06-06 13:57:29,033 [ForkJoinPool.commonPool-worker-1] INFO  statemachine.DatanodeStateMachine (DatanodeStateMachine.java:stopDaemon(486)) - Ozone container server stopped.
2021-06-06 13:57:29,033 [Listener at 127.0.0.1/11444] INFO  handler.ContextHandler (ContextHandler.java:doStop(1154)) - Stopped o.e.j.s.ServletContextHandler@7e9a7594{static,/static,jar:file:/home/runner/.m2/repository/org/apache/ozone/hdds-container-service/1.2.0-SNAPSHOT/hdds-container-service-1.2.0-SNAPSHOT.jar!/webapps/static,STOPPED}
2021-06-06 13:57:29,033 [Listener at 127.0.0.1/11444] INFO  handler.ContextHandler (ContextHandler.java:doStop(1154)) - Stopped o.e.j.s.ServletContextHandler@75c8ae48{logs,/logs,file:///home/runner/work/ozone/ozone/mnt/ozone/hadoop-ozone/integration-test/target/log,STOPPED}
2021-06-06 13:57:29,036 [ForkJoinPool.commonPool-worker-1] INFO  handler.ContextHandler (ContextHandler.java:doStop(1154)) - Stopped o.e.j.w.WebAppContext@21fef168{hddsDatanode,/,null,STOPPED}{jar:file:/home/runner/.m2/repository/org/apache/ozone/hdds-container-service/1.2.0-SNAPSHOT/hdds-container-service-1.2.0-SNAPSHOT.jar!/webapps/hddsDatanode}
2021-06-06 13:57:29,037 [ForkJoinPool.commonPool-worker-1] INFO  server.AbstractConnector (AbstractConnector.java:doStop(381)) - Stopped ServerConnector@538c24c0{HTTP/1.1, (http/1.1)}{0.0.0.0:0}
2021-06-06 13:57:29,037 [ForkJoinPool.commonPool-worker-1] INFO  server.session (HouseKeeper.java:stopScavenging(149)) - node0 Stopped scavenging
2021-06-06 13:57:29,040 [ForkJoinPool.commonPool-worker-1] INFO  handler.ContextHandler (ContextHandler.java:doStop(1154)) - Stopped o.e.j.s.ServletContextHandler@7ae07009{static,/static,jar:file:/home/runner/.m2/repository/org/apache/ozone/hdds-container-service/1.2.0-SNAPSHOT/hdds-container-service-1.2.0-SNAPSHOT.jar!/webapps/static,STOPPED}
2021-06-06 13:57:29,041 [ForkJoinPool.commonPool-worker-1] INFO  handler.ContextHandler (ContextHandler.java:doStop(1154)) - Stopped o.e.j.s.ServletContextHandler@8b94f9b{logs,/logs,file:///home/runner/work/ozone/ozone/mnt/ozone/hadoop-ozone/integration-test/target/log,STOPPED}
2021-06-06 13:57:29,110 [EndpointStateMachine task thread for /0.0.0.0:35111 - 0 ] INFO  ipc.Client (Client.java:handleConnectionFailure(966)) - Retrying connect to server: 0.0.0.0/0.0.0.0:35111. Already tried 13 time(s); retry policy is RetryUpToMaximumCountWithFixedSleep(maxRetries=15, sleepTime=1000 MILLISECONDS)
2021-06-06 13:57:29,956 [Datanode State Machine Thread - 0] WARN  statemachine.StateContext (StateContext.java:setState(223)) - Ignore disallowed transition from SHUTDOWN to RUNNING
2021-06-06 13:57:29,956 [Datanode State Machine Thread - 0] INFO  statemachine.DatanodeStateMachine (DatanodeStateMachine.java:lambda$startDaemon$0(428)) - Ozone container server started.
2021-06-06 13:57:29,959 [EndpointStateMachine task thread for /0.0.0.0:35799 - 0 ] INFO  ipc.Client (Client.java:handleConnectionFailure(966)) - Retrying connect to server: 0.0.0.0/0.0.0.0:35799. Already tried 4 time(s); retry policy is RetryUpToMaximumCountWithFixedSleep(maxRetries=15, sleepTime=1000 MILLISECONDS)
2021-06-06 13:57:30,111 [EndpointStateMachine task thread for /0.0.0.0:35111 - 0 ] INFO  ipc.Client (Client.java:handleConnectionFailure(966)) - Retrying connect to server: 0.0.0.0/0.0.0.0:35111. Already tried 14 time(s); retry policy is RetryUpToMaximumCountWithFixedSleep(maxRetries=15, sleepTime=1000 MILLISECONDS)
2021-06-06 13:57:30,960 [EndpointStateMachine task thread for /0.0.0.0:35799 - 0 ] INFO  ipc.Client (Client.java:handleConnectionFailure(966)) - Retrying connect to server: 0.0.0.0/0.0.0.0:35799. Already tried 5 time(s); retry policy is RetryUpToMaximumCountWithFixedSleep(maxRetries=15, sleepTime=1000 MILLISECONDS)
2021-06-06 13:57:31,112 [EndpointStateMachine task thread for /0.0.0.0:35111 - 0 ] INFO  ipc.Client (Client.java:handleConnectionFailure(966)) - Retrying connect to server: 0.0.0.0/0.0.0.0:35111. Already tried 0 time(s); retry policy is RetryUpToMaximumCountWithFixedSleep(maxRetries=15, sleepTime=1000 MILLISECONDS)
2021-06-06 13:57:31,960 [EndpointStateMachine task thread for /0.0.0.0:35799 - 0 ] INFO  ipc.Client (Client.java:handleConnectionFailure(966)) - Retrying connect to server: 0.0.0.0/0.0.0.0:35799. Already tried 6 time(s); retry policy is RetryUpToMaximumCountWithFixedSleep(maxRetries=15, sleepTime=1000 MILLISECONDS)
2021-06-06 13:57:32,113 [EndpointStateMachine task thread for /0.0.0.0:35111 - 0 ] INFO  ipc.Client (Client.java:handleConnectionFailure(966)) - Retrying connect to server: 0.0.0.0/0.0.0.0:35111. Already tried 1 time(s); retry policy is RetryUpToMaximumCountWithFixedSleep(maxRetries=15, sleepTime=1000 MILLISECONDS)
2021-06-06 13:57:32,961 [EndpointStateMachine task thread for /0.0.0.0:35799 - 0 ] INFO  ipc.Client (Client.java:handleConnectionFailure(966)) - Retrying connect to server: 0.0.0.0/0.0.0.0:35799. Already tried 7 time(s); retry policy is RetryUpToMaximumCountWithFixedSleep(maxRetries=15, sleepTime=1000 MILLISECONDS)
2021-06-06 13:57:33,000 [0df3d903-2160-49f6-b3f1-a0b58e05c8a8@group-8C6A9ECF6A76-FollowerState] INFO  impl.FollowerState (FollowerState.java:run(134)) - 0df3d903-2160-49f6-b3f1-a0b58e05c8a8@group-8C6A9ECF6A76-FollowerState: change to CANDIDATE, lastRpcElapsedTime:5106994223ns, electionTimeout:5080ms
2021-06-06 13:57:33,000 [0df3d903-2160-49f6-b3f1-a0b58e05c8a8@group-8C6A9ECF6A76-FollowerState] INFO  impl.RoleInfo (RoleInfo.java:shutdownFollowerState(108)) - 0df3d903-2160-49f6-b3f1-a0b58e05c8a8: shutdown 0df3d903-2160-49f6-b3f1-a0b58e05c8a8@group-8C6A9ECF6A76-FollowerState
2021-06-06 13:57:33,000 [0df3d903-2160-49f6-b3f1-a0b58e05c8a8@group-8C6A9ECF6A76-FollowerState] INFO  server.RaftServer$Division (RaftServerImpl.java:setRole(284)) - 0df3d903-2160-49f6-b3f1-a0b58e05c8a8@group-8C6A9ECF6A76: changes role from  FOLLOWER to CANDIDATE at term 1 for changeToCandidate
2021-06-06 13:57:33,000 [0df3d903-2160-49f6-b3f1-a0b58e05c8a8@group-8C6A9ECF6A76-FollowerState] INFO  server.RaftServerConfigKeys (ConfUtils.java:logGet(44)) - raft.server.leaderelection.pre-vote = false (custom)
2021-06-06 13:57:33,000 [0df3d903-2160-49f6-b3f1-a0b58e05c8a8@group-8C6A9ECF6A76-FollowerState] INFO  impl.RoleInfo (RoleInfo.java:updateAndGet(130)) - 0df3d903-2160-49f6-b3f1-a0b58e05c8a8: start 0df3d903-2160-49f6-b3f1-a0b58e05c8a8@group-8C6A9ECF6A76-LeaderElection23
2021-06-06 13:57:33,005 [0df3d903-2160-49f6-b3f1-a0b58e05c8a8@group-8C6A9ECF6A76-LeaderElection23] INFO  server.RaftServer$Division (ServerState.java:setLeader(271)) - 0df3d903-2160-49f6-b3f1-a0b58e05c8a8@group-8C6A9ECF6A76: change Leader from f60ce0a5-af9c-4134-abee-27c495795ec5 to null at term 1 for ELECTION
2021-06-06 13:57:33,007 [0df3d903-2160-49f6-b3f1-a0b58e05c8a8@group-8C6A9ECF6A76-LeaderElection23] INFO  impl.LeaderElection (LeaderElection.java:askForVotes(306)) - 0df3d903-2160-49f6-b3f1-a0b58e05c8a8@group-8C6A9ECF6A76-LeaderElection23 ELECTION round 0: submit vote requests at term 2 for 0: [0df3d903-2160-49f6-b3f1-a0b58e05c8a8|rpc:10.1.0.37:38015|dataStream:|priority:0, 4f861c42-39d3-4f63-85a9-51f112b48038|rpc:10.1.0.37:43869|dataStream:|priority:0, f60ce0a5-af9c-4134-abee-27c495795ec5|rpc:10.1.0.37:33789|dataStream:|priority:1], old=null
2021-06-06 13:57:33,011 [0df3d903-2160-49f6-b3f1-a0b58e05c8a8@group-8C6A9ECF6A76-LeaderElection23] INFO  impl.LeaderElection (LogUtils.java:infoOrTrace(137)) - 0df3d903-2160-49f6-b3f1-a0b58e05c8a8@group-8C6A9ECF6A76-LeaderElection23 got exception when requesting votes: java.util.concurrent.ExecutionException: org.apache.ratis.thirdparty.io.grpc.StatusRuntimeException: UNAVAILABLE: io exception
2021-06-06 13:57:33,012 [0df3d903-2160-49f6-b3f1-a0b58e05c8a8@group-8C6A9ECF6A76-LeaderElection23] INFO  impl.LeaderElection (LogUtils.java:infoOrTrace(137)) - 0df3d903-2160-49f6-b3f1-a0b58e05c8a8@group-8C6A9ECF6A76-LeaderElection23 got exception when requesting votes: java.util.concurrent.ExecutionException: org.apache.ratis.thirdparty.io.grpc.StatusRuntimeException: UNAVAILABLE: io exception
2021-06-06 13:57:33,012 [0df3d903-2160-49f6-b3f1-a0b58e05c8a8@group-8C6A9ECF6A76-LeaderElection23] INFO  impl.LeaderElection (LeaderElection.java:logAndReturn(89)) - 0df3d903-2160-49f6-b3f1-a0b58e05c8a8@group-8C6A9ECF6A76-LeaderElection23: ELECTION REJECTED received 0 response(s) and 2 exception(s):
2021-06-06 13:57:33,012 [0df3d903-2160-49f6-b3f1-a0b58e05c8a8@group-8C6A9ECF6A76-LeaderElection23] INFO  impl.LeaderElection (LogUtils.java:infoOrTrace(137)) -   Exception 0: java.util.concurrent.ExecutionException: org.apache.ratis.thirdparty.io.grpc.StatusRuntimeException: UNAVAILABLE: io exception
2021-06-06 13:57:33,012 [0df3d903-2160-49f6-b3f1-a0b58e05c8a8@group-8C6A9ECF6A76-LeaderElection23] INFO  impl.LeaderElection (LogUtils.java:infoOrTrace(137)) -   Exception 1: java.util.concurrent.ExecutionException: org.apache.ratis.thirdparty.io.grpc.StatusRuntimeException: UNAVAILABLE: io exception
2021-06-06 13:57:33,012 [0df3d903-2160-49f6-b3f1-a0b58e05c8a8@group-8C6A9ECF6A76-LeaderElection23] INFO  impl.LeaderElection (LeaderElection.java:askForVotes(308)) - 0df3d903-2160-49f6-b3f1-a0b58e05c8a8@group-8C6A9ECF6A76-LeaderElection23 ELECTION round 0: result REJECTED
2021-06-06 13:57:33,012 [0df3d903-2160-49f6-b3f1-a0b58e05c8a8@group-8C6A9ECF6A76-LeaderElection23] INFO  server.RaftServer$Division (RaftServerImpl.java:setRole(284)) - 0df3d903-2160-49f6-b3f1-a0b58e05c8a8@group-8C6A9ECF6A76: changes role from CANDIDATE to FOLLOWER at term 2 for REJECTED
2021-06-06 13:57:33,012 [0df3d903-2160-49f6-b3f1-a0b58e05c8a8@group-8C6A9ECF6A76-LeaderElection23] INFO  impl.RoleInfo (RoleInfo.java:shutdownLeaderElection(121)) - 0df3d903-2160-49f6-b3f1-a0b58e05c8a8: shutdown 0df3d903-2160-49f6-b3f1-a0b58e05c8a8@group-8C6A9ECF6A76-LeaderElection23
2021-06-06 13:57:33,013 [0df3d903-2160-49f6-b3f1-a0b58e05c8a8@group-8C6A9ECF6A76-LeaderElection23] INFO  impl.RoleInfo (RoleInfo.java:updateAndGet(130)) - 0df3d903-2160-49f6-b3f1-a0b58e05c8a8: start 0df3d903-2160-49f6-b3f1-a0b58e05c8a8@group-8C6A9ECF6A76-FollowerState
2021-06-06 13:57:33,114 [EndpointStateMachine task thread for /0.0.0.0:35111 - 0 ] INFO  ipc.Client (Client.java:handleConnectionFailure(966)) - Retrying connect to server: 0.0.0.0/0.0.0.0:35111. Already tried 2 time(s); retry policy is RetryUpToMaximumCountWithFixedSleep(maxRetries=15, sleepTime=1000 MILLISECONDS)
2021-06-06 13:57:33,962 [EndpointStateMachine task thread for /0.0.0.0:35799 - 0 ] INFO  ipc.Client (Client.java:handleConnectionFailure(966)) - Retrying connect to server: 0.0.0.0/0.0.0.0:35799. Already tried 8 time(s); retry policy is RetryUpToMaximumCountWithFixedSleep(maxRetries=15, sleepTime=1000 MILLISECONDS)
2021-06-06 13:57:34,037 [Listener at 127.0.0.1/11444] INFO  ozoneimpl.OzoneContainer (OzoneContainer.java:stop(316)) - Attempting to stop container services.
2021-06-06 13:57:34,038 [Listener at 127.0.0.1/11444] INFO  server.RaftServer (RaftServerProxy.java:lambda$close$6(391)) - 0df3d903-2160-49f6-b3f1-a0b58e05c8a8: close
2021-06-06 13:57:34,038 [Listener at 127.0.0.1/11444] INFO  server.RaftServer$Division (RaftServerImpl.java:lambda$close$4(406)) - 0df3d903-2160-49f6-b3f1-a0b58e05c8a8@group-8C6A9ECF6A76: shutdown
2021-06-06 13:57:34,038 [Listener at 127.0.0.1/11444] INFO  util.JmxRegister (JmxRegister.java:unregister(73)) - Successfully un-registered JMX Bean with object name Ratis:service=RaftServer,group=group-8C6A9ECF6A76,id=0df3d903-2160-49f6-b3f1-a0b58e05c8a8
2021-06-06 13:57:34,038 [Listener at 127.0.0.1/11444] INFO  impl.RoleInfo (RoleInfo.java:shutdownFollowerState(108)) - 0df3d903-2160-49f6-b3f1-a0b58e05c8a8: shutdown 0df3d903-2160-49f6-b3f1-a0b58e05c8a8@group-8C6A9ECF6A76-FollowerState
2021-06-06 13:57:34,038 [Listener at 127.0.0.1/11444] INFO  impl.StateMachineUpdater (StateMachineUpdater.java:stopAndJoin(149)) - 0df3d903-2160-49f6-b3f1-a0b58e05c8a8@group-8C6A9ECF6A76-StateMachineUpdater: set stopIndex = 0
2021-06-06 13:57:34,038 [0df3d903-2160-49f6-b3f1-a0b58e05c8a8@group-8C6A9ECF6A76-FollowerState] INFO  impl.FollowerState (FollowerState.java:run(143)) - 0df3d903-2160-49f6-b3f1-a0b58e05c8a8@group-8C6A9ECF6A76-FollowerState was interrupted: {}
java.lang.InterruptedException: sleep interrupted
	at java.lang.Thread.sleep(Native Method)
	at java.lang.Thread.sleep(Thread.java:340)
	at java.util.concurrent.TimeUnit.sleep(TimeUnit.java:386)
	at org.apache.ratis.util.TimeDuration.sleep(TimeDuration.java:324)
	at org.apache.ratis.util.TimeDuration.sleep(TimeDuration.java:309)
	at org.apache.ratis.server.impl.FollowerState.run(FollowerState.java:118)
2021-06-06 13:57:34,039 [0df3d903-2160-49f6-b3f1-a0b58e05c8a8@group-8C6A9ECF6A76-StateMachineUpdater] INFO  ratis.ContainerStateMachine (ContainerStateMachine.java:takeSnapshot(292)) - group-8C6A9ECF6A76: Taking a snapshot at:(t:1, i:0) file /home/runner/work/ozone/ozone/mnt/ozone/hadoop-ozone/integration-test/target/test-dir/MiniOzoneClusterImpl-498e09b4-d42e-43c3-9d7c-b3000502db30/datanode-2/data/ratis/a552dffb-5387-4cef-9ba5-8c6a9ecf6a76/sm/snapshot.1_0
2021-06-06 13:57:34,040 [ForkJoinPool.commonPool-worker-0] INFO  server.RaftServer$Division (RaftServerImpl.java:lambda$close$4(406)) - 0df3d903-2160-49f6-b3f1-a0b58e05c8a8@group-4B6324D71EC0: shutdown
2021-06-06 13:57:34,040 [ForkJoinPool.commonPool-worker-0] INFO  util.JmxRegister (JmxRegister.java:unregister(73)) - Successfully un-registered JMX Bean with object name Ratis:service=RaftServer,group=group-4B6324D71EC0,id=0df3d903-2160-49f6-b3f1-a0b58e05c8a8
2021-06-06 13:57:34,040 [ForkJoinPool.commonPool-worker-0] INFO  impl.RoleInfo (RoleInfo.java:shutdownLeaderState(91)) - 0df3d903-2160-49f6-b3f1-a0b58e05c8a8: shutdown 0df3d903-2160-49f6-b3f1-a0b58e05c8a8@group-4B6324D71EC0-LeaderStateImpl
2021-06-06 13:57:34,040 [ForkJoinPool.commonPool-worker-0] INFO  impl.PendingRequests (PendingRequests.java:sendNotLeaderResponses(249)) - 0df3d903-2160-49f6-b3f1-a0b58e05c8a8@group-4B6324D71EC0-PendingRequests: sendNotLeaderResponses
2021-06-06 13:57:34,040 [ForkJoinPool.commonPool-worker-0] INFO  metrics.RatisMetrics (RatisMetrics.java:unregister(43)) - Unregistering Metrics Registry : ratis.log_appender.0df3d903-2160-49f6-b3f1-a0b58e05c8a8@group-4B6324D71EC0
2021-06-06 13:57:34,040 [0df3d903-2160-49f6-b3f1-a0b58e05c8a8@group-8C6A9ECF6A76-StateMachineUpdater] INFO  ratis.ContainerStateMachine (ContainerStateMachine.java:takeSnapshot(303)) - group-8C6A9ECF6A76: Finished taking a snapshot at:(t:1, i:0) file:/home/runner/work/ozone/ozone/mnt/ozone/hadoop-ozone/integration-test/target/test-dir/MiniOzoneClusterImpl-498e09b4-d42e-43c3-9d7c-b3000502db30/datanode-2/data/ratis/a552dffb-5387-4cef-9ba5-8c6a9ecf6a76/sm/snapshot.1_0 took: 0 ms
2021-06-06 13:57:34,040 [0df3d903-2160-49f6-b3f1-a0b58e05c8a8@group-8C6A9ECF6A76-StateMachineUpdater] INFO  impl.StateMachineUpdater (StateMachineUpdater.java:takeSnapshot(281)) - 0df3d903-2160-49f6-b3f1-a0b58e05c8a8@group-8C6A9ECF6A76-StateMachineUpdater: Took a snapshot at index 0
2021-06-06 13:57:34,040 [0df3d903-2160-49f6-b3f1-a0b58e05c8a8@group-8C6A9ECF6A76-StateMachineUpdater] INFO  impl.StateMachineUpdater (StateMachineUpdater.java:lambda$new$0(89)) - 0df3d903-2160-49f6-b3f1-a0b58e05c8a8@group-8C6A9ECF6A76-StateMachineUpdater: snapshotIndex: updateIncreasingly -1 -> 0
2021-06-06 13:57:34,041 [0df3d903-2160-49f6-b3f1-a0b58e05c8a8@group-8C6A9ECF6A76-StateMachineUpdater] INFO  metrics.RatisMetrics (RatisMetrics.java:unregister(43)) - Unregistering Metrics Registry : ratis.state_machine.0df3d903-2160-49f6-b3f1-a0b58e05c8a8@group-8C6A9ECF6A76
2021-06-06 13:57:34,041 [Listener at 127.0.0.1/11444] INFO  server.RaftServer$Division (ServerState.java:close(405)) - 0df3d903-2160-49f6-b3f1-a0b58e05c8a8@group-8C6A9ECF6A76: closes. applyIndex: 0
2021-06-06 13:57:34,041 [ForkJoinPool.commonPool-worker-0] INFO  metrics.RatisMetrics (RatisMetrics.java:unregister(43)) - Unregistering Metrics Registry : ratis.server.0df3d903-2160-49f6-b3f1-a0b58e05c8a8@group-4B6324D71EC0
2021-06-06 13:57:34,041 [0df3d903-2160-49f6-b3f1-a0b58e05c8a8@group-8C6A9ECF6A76-SegmentedRaftLogWorker] INFO  segmented.SegmentedRaftLogWorker (SegmentedRaftLogWorker.java:run(327)) - 0df3d903-2160-49f6-b3f1-a0b58e05c8a8@group-8C6A9ECF6A76-SegmentedRaftLogWorker was interrupted, exiting. There are 0 tasks remaining in the queue.
2021-06-06 13:57:34,041 [Listener at 127.0.0.1/11444] INFO  segmented.SegmentedRaftLogWorker (SegmentedRaftLogWorker.java:close(237)) - 0df3d903-2160-49f6-b3f1-a0b58e05c8a8@group-8C6A9ECF6A76-SegmentedRaftLogWorker close()
2021-06-06 13:57:34,042 [Listener at 127.0.0.1/11444] INFO  metrics.RatisMetrics (RatisMetrics.java:unregister(43)) - Unregistering Metrics Registry : ratis.log_worker.0df3d903-2160-49f6-b3f1-a0b58e05c8a8@group-8C6A9ECF6A76
2021-06-06 13:57:34,042 [Listener at 127.0.0.1/11444] INFO  metrics.RatisMetrics (RatisMetrics.java:unregister(43)) - Unregistering Metrics Registry : ratis.leader_election.0df3d903-2160-49f6-b3f1-a0b58e05c8a8@group-8C6A9ECF6A76
2021-06-06 13:57:34,042 [Listener at 127.0.0.1/11444] INFO  metrics.RatisMetrics (RatisMetrics.java:unregister(43)) - Unregistering Metrics Registry : ratis.server.0df3d903-2160-49f6-b3f1-a0b58e05c8a8@group-8C6A9ECF6A76
2021-06-06 13:57:34,042 [ForkJoinPool.commonPool-worker-0] INFO  impl.StateMachineUpdater (StateMachineUpdater.java:stopAndJoin(149)) - 0df3d903-2160-49f6-b3f1-a0b58e05c8a8@group-4B6324D71EC0-StateMachineUpdater: set stopIndex = 0
2021-06-06 13:57:34,042 [0df3d903-2160-49f6-b3f1-a0b58e05c8a8@group-4B6324D71EC0-StateMachineUpdater] INFO  ratis.ContainerStateMachine (ContainerStateMachine.java:takeSnapshot(292)) - group-4B6324D71EC0: Taking a snapshot at:(t:1, i:0) file /home/runner/work/ozone/ozone/mnt/ozone/hadoop-ozone/integration-test/target/test-dir/MiniOzoneClusterImpl-498e09b4-d42e-43c3-9d7c-b3000502db30/datanode-2/data/ratis/7ef2b6a9-ca9e-4708-b745-4b6324d71ec0/sm/snapshot.1_0
2021-06-06 13:57:34,043 [0df3d903-2160-49f6-b3f1-a0b58e05c8a8@group-4B6324D71EC0-StateMachineUpdater] INFO  ratis.ContainerStateMachine (ContainerStateMachine.java:takeSnapshot(303)) - group-4B6324D71EC0: Finished taking a snapshot at:(t:1, i:0) file:/home/runner/work/ozone/ozone/mnt/ozone/hadoop-ozone/integration-test/target/test-dir/MiniOzoneClusterImpl-498e09b4-d42e-43c3-9d7c-b3000502db30/datanode-2/data/ratis/7ef2b6a9-ca9e-4708-b745-4b6324d71ec0/sm/snapshot.1_0 took: 1 ms
2021-06-06 13:57:34,043 [0df3d903-2160-49f6-b3f1-a0b58e05c8a8@group-4B6324D71EC0-StateMachineUpdater] INFO  impl.StateMachineUpdater (StateMachineUpdater.java:takeSnapshot(281)) - 0df3d903-2160-49f6-b3f1-a0b58e05c8a8@group-4B6324D71EC0-StateMachineUpdater: Took a snapshot at index 0
2021-06-06 13:57:34,043 [0df3d903-2160-49f6-b3f1-a0b58e05c8a8@group-4B6324D71EC0-StateMachineUpdater] INFO  impl.StateMachineUpdater (StateMachineUpdater.java:lambda$new$0(89)) - 0df3d903-2160-49f6-b3f1-a0b58e05c8a8@group-4B6324D71EC0-StateMachineUpdater: snapshotIndex: updateIncreasingly -1 -> 0
2021-06-06 13:57:34,043 [0df3d903-2160-49f6-b3f1-a0b58e05c8a8@group-4B6324D71EC0-StateMachineUpdater] INFO  metrics.RatisMetrics (RatisMetrics.java:unregister(43)) - Unregistering Metrics Registry : ratis.state_machine.0df3d903-2160-49f6-b3f1-a0b58e05c8a8@group-4B6324D71EC0
2021-06-06 13:57:34,043 [ForkJoinPool.commonPool-worker-0] INFO  server.RaftServer$Division (ServerState.java:close(405)) - 0df3d903-2160-49f6-b3f1-a0b58e05c8a8@group-4B6324D71EC0: closes. applyIndex: 0
2021-06-06 13:57:34,043 [0df3d903-2160-49f6-b3f1-a0b58e05c8a8@group-4B6324D71EC0-SegmentedRaftLogWorker] INFO  segmented.SegmentedRaftLogWorker (SegmentedRaftLogWorker.java:run(327)) - 0df3d903-2160-49f6-b3f1-a0b58e05c8a8@group-4B6324D71EC0-SegmentedRaftLogWorker was interrupted, exiting. There are 0 tasks remaining in the queue.
2021-06-06 13:57:34,043 [ForkJoinPool.commonPool-worker-0] INFO  segmented.SegmentedRaftLogWorker (SegmentedRaftLogWorker.java:close(237)) - 0df3d903-2160-49f6-b3f1-a0b58e05c8a8@group-4B6324D71EC0-SegmentedRaftLogWorker close()
2021-06-06 13:57:34,043 [ForkJoinPool.commonPool-worker-0] INFO  metrics.RatisMetrics (RatisMetrics.java:unregister(43)) - Unregistering Metrics Registry : ratis.log_worker.0df3d903-2160-49f6-b3f1-a0b58e05c8a8@group-4B6324D71EC0
2021-06-06 13:57:34,043 [ForkJoinPool.commonPool-worker-0] INFO  metrics.RatisMetrics (RatisMetrics.java:unregister(43)) - Unregistering Metrics Registry : ratis.leader_election.0df3d903-2160-49f6-b3f1-a0b58e05c8a8@group-4B6324D71EC0
2021-06-06 13:57:34,044 [ForkJoinPool.commonPool-worker-0] INFO  metrics.RatisMetrics (RatisMetrics.java:unregister(43)) - Unregistering Metrics Registry : ratis.server.0df3d903-2160-49f6-b3f1-a0b58e05c8a8@group-4B6324D71EC0
2021-06-06 13:57:34,044 [ForkJoinPool.commonPool-worker-0] INFO  server.RaftServer$Division (RaftServerImpl.java:lambda$close$4(406)) - 0df3d903-2160-49f6-b3f1-a0b58e05c8a8@group-B9655EBF1251: shutdown
2021-06-06 13:57:34,044 [ForkJoinPool.commonPool-worker-0] INFO  util.JmxRegister (JmxRegister.java:unregister(73)) - Successfully un-registered JMX Bean with object name Ratis:service=RaftServer,group=group-B9655EBF1251,id=0df3d903-2160-49f6-b3f1-a0b58e05c8a8
2021-06-06 13:57:34,044 [ForkJoinPool.commonPool-worker-0] INFO  impl.RoleInfo (RoleInfo.java:shutdownFollowerState(108)) - 0df3d903-2160-49f6-b3f1-a0b58e05c8a8: shutdown 0df3d903-2160-49f6-b3f1-a0b58e05c8a8@group-B9655EBF1251-FollowerState
2021-06-06 13:57:34,044 [0df3d903-2160-49f6-b3f1-a0b58e05c8a8@group-B9655EBF1251-FollowerState] INFO  impl.FollowerState (FollowerState.java:run(143)) - 0df3d903-2160-49f6-b3f1-a0b58e05c8a8@group-B9655EBF1251-FollowerState was interrupted: {}
java.lang.InterruptedException: sleep interrupted
	at java.lang.Thread.sleep(Native Method)
	at java.lang.Thread.sleep(Thread.java:340)
	at java.util.concurrent.TimeUnit.sleep(TimeUnit.java:386)
	at org.apache.ratis.util.TimeDuration.sleep(TimeDuration.java:324)
	at org.apache.ratis.util.TimeDuration.sleep(TimeDuration.java:309)
	at org.apache.ratis.server.impl.FollowerState.run(FollowerState.java:118)
2021-06-06 13:57:34,044 [0df3d903-2160-49f6-b3f1-a0b58e05c8a8@group-B9655EBF1251-StateMachineUpdater] INFO  metrics.RatisMetrics (RatisMetrics.java:unregister(43)) - Unregistering Metrics Registry : ratis.state_machine.0df3d903-2160-49f6-b3f1-a0b58e05c8a8@group-B9655EBF1251
2021-06-06 13:57:34,044 [ForkJoinPool.commonPool-worker-0] INFO  impl.StateMachineUpdater (StateMachineUpdater.java:stopAndJoin(149)) - 0df3d903-2160-49f6-b3f1-a0b58e05c8a8@group-B9655EBF1251-StateMachineUpdater: set stopIndex = -1
2021-06-06 13:57:34,045 [ForkJoinPool.commonPool-worker-0] INFO  server.RaftServer$Division (ServerState.java:close(405)) - 0df3d903-2160-49f6-b3f1-a0b58e05c8a8@group-B9655EBF1251: closes. applyIndex: -1
2021-06-06 13:57:34,045 [0df3d903-2160-49f6-b3f1-a0b58e05c8a8@group-B9655EBF1251-SegmentedRaftLogWorker] INFO  segmented.SegmentedRaftLogWorker (SegmentedRaftLogWorker.java:run(327)) - 0df3d903-2160-49f6-b3f1-a0b58e05c8a8@group-B9655EBF1251-SegmentedRaftLogWorker was interrupted, exiting. There are 0 tasks remaining in the queue.
2021-06-06 13:57:34,045 [ForkJoinPool.commonPool-worker-0] INFO  segmented.SegmentedRaftLogWorker (SegmentedRaftLogWorker.java:close(237)) - 0df3d903-2160-49f6-b3f1-a0b58e05c8a8@group-B9655EBF1251-SegmentedRaftLogWorker close()
2021-06-06 13:57:34,045 [ForkJoinPool.commonPool-worker-0] INFO  metrics.RatisMetrics (RatisMetrics.java:unregister(43)) - Unregistering Metrics Registry : ratis.log_worker.0df3d903-2160-49f6-b3f1-a0b58e05c8a8@group-B9655EBF1251
2021-06-06 13:57:34,045 [ForkJoinPool.commonPool-worker-0] INFO  metrics.RatisMetrics (RatisMetrics.java:unregister(43)) - Unregistering Metrics Registry : ratis.leader_election.0df3d903-2160-49f6-b3f1-a0b58e05c8a8@group-B9655EBF1251
2021-06-06 13:57:34,045 [ForkJoinPool.commonPool-worker-0] INFO  metrics.RatisMetrics (RatisMetrics.java:unregister(43)) - Unregistering Metrics Registry : ratis.server.0df3d903-2160-49f6-b3f1-a0b58e05c8a8@group-B9655EBF1251
2021-06-06 13:57:34,045 [Listener at 127.0.0.1/11444] INFO  server.GrpcService (GrpcService.java:closeImpl(262)) - 0df3d903-2160-49f6-b3f1-a0b58e05c8a8: shutdown server with port 38015 now
2021-06-06 13:57:34,047 [Listener at 127.0.0.1/11444] INFO  server.GrpcService (GrpcService.java:closeImpl(271)) - 0df3d903-2160-49f6-b3f1-a0b58e05c8a8: shutdown server with port 38015 successfully
2021-06-06 13:57:34,047 [org.apache.ratis.util.JvmPauseMonitor$$Lambda$515/1703627717@74a770f8] INFO  util.JvmPauseMonitor (JvmPauseMonitor.java:run(109)) - JvmPauseMonitor-0df3d903-2160-49f6-b3f1-a0b58e05c8a8: Stopped
2021-06-06 13:57:34,048 [Listener at 127.0.0.1/11444] INFO  utils.BackgroundService (BackgroundService.java:shutdown(132)) - Shutting down service BlockDeletingService
2021-06-06 13:57:34,049 [Listener at 127.0.0.1/11444] INFO  statemachine.DatanodeStateMachine (DatanodeStateMachine.java:stopDaemon(486)) - Ozone container server stopped.
2021-06-06 13:57:34,050 [Listener at 127.0.0.1/11444] INFO  handler.ContextHandler (ContextHandler.java:doStop(1154)) - Stopped o.e.j.w.WebAppContext@62064379{hddsDatanode,/,null,STOPPED}{jar:file:/home/runner/.m2/repository/org/apache/ozone/hdds-container-service/1.2.0-SNAPSHOT/hdds-container-service-1.2.0-SNAPSHOT.jar!/webapps/hddsDatanode}
2021-06-06 13:57:34,050 [Listener at 127.0.0.1/11444] INFO  server.AbstractConnector (AbstractConnector.java:doStop(381)) - Stopped ServerConnector@29491f9e{HTTP/1.1, (http/1.1)}{0.0.0.0:0}
2021-06-06 13:57:34,052 [Listener at 127.0.0.1/11444] INFO  server.session (HouseKeeper.java:stopScavenging(149)) - node0 Stopped scavenging
2021-06-06 13:57:34,052 [Listener at 127.0.0.1/11444] INFO  handler.ContextHandler (ContextHandler.java:doStop(1154)) - Stopped o.e.j.s.ServletContextHandler@35e445a1{static,/static,jar:file:/home/runner/.m2/repository/org/apache/ozone/hdds-container-service/1.2.0-SNAPSHOT/hdds-container-service-1.2.0-SNAPSHOT.jar!/webapps/static,STOPPED}
2021-06-06 13:57:34,053 [Listener at 127.0.0.1/11444] INFO  handler.ContextHandler (ContextHandler.java:doStop(1154)) - Stopped o.e.j.s.ServletContextHandler@62a9a523{logs,/logs,file:///home/runner/work/ozone/ozone/mnt/ozone/hadoop-ozone/integration-test/target/log,STOPPED}
]]></system-out>
  </testcase>
  <testcase name="testFileOperationsWithRecursive" classname="org.apache.hadoop.ozone.om.TestOzoneManagerHAWithData" time="23.935"/>
  <testcase name="testMultipartUploadWithOneOmNodeDown" classname="org.apache.hadoop.ozone.om.TestOzoneManagerHAWithData" time="37.638"/>
  <testcase name="testKeysDelete" classname="org.apache.hadoop.ozone.om.TestOzoneManagerHAWithData" time="34.858"/>
  <testcase name="testAllOMNodesRunning" classname="org.apache.hadoop.ozone.om.TestOzoneManagerHAWithData" time="23.491"/>
  <testcase name="testIncrementalWaitTimeWithSameNodeFailover" classname="org.apache.hadoop.ozone.om.TestOzoneManagerHAWithData" time="31.524"/>
  <testcase name="testListParts" classname="org.apache.hadoop.ozone.om.TestOzoneManagerHAWithData" time="42.776"/>
  <testcase name="testFileOperationsWithNonRecursive" classname="org.apache.hadoop.ozone.om.TestOzoneManagerHAWithData" time="23.947"/>
  <testcase name="testOneOMNodeDown" classname="org.apache.hadoop.ozone.om.TestOzoneManagerHAWithData" time="36.493"/>
  <testcase name="testTwoOMNodesDown" classname="org.apache.hadoop.ozone.om.TestOzoneManagerHAWithData" time="0">
    <skipped message="This test is failing randomly. It will be enabled after fixing it."/>
  </testcase>
  <testcase name="testOMRestart" classname="org.apache.hadoop.ozone.om.TestOzoneManagerHAWithData" time="29.097"/>
</testsuite>