<?xml version="1.0" encoding="UTF-8"?>
<testsuite xmlns:xsi="http://www.w3.org/2001/XMLSchema-instance" xsi:noNamespaceSchemaLocation="https://maven.apache.org/surefire/maven-surefire-plugin/xsd/surefire-test-report.xsd" name="org.apache.hadoop.ozone.scm.TestSCMInstallSnapshotWithHA" time="202.706" tests="3" errors="0" skipped="0" failures="1">
  <properties>
    <property name="awt.toolkit" value="sun.awt.X11.XToolkit"/>
    <property name="file.encoding.pkg" value="sun.io"/>
    <property name="java.specification.version" value="1.8"/>
    <property name="sun.cpu.isalist" value=""/>
    <property name="sun.jnu.encoding" value="UTF-8"/>
    <property name="java.class.path" value="/home/runner/work/ozone/ozone/hadoop-ozone/integration-test/target/test-classes:/home/runner/work/ozone/ozone/hadoop-ozone/integration-test/target/classes:/home/runner/.m2/repository/org/apache/ozone/ozone-common/1.3.0-SNAPSHOT/ozone-common-1.3.0-SNAPSHOT.jar:/home/runner/.m2/repository/org/apache/commons/commons-compress/1.21/commons-compress-1.21.jar:/home/runner/.m2/repository/org/apache/ozone/hdds-common/1.3.0-SNAPSHOT/hdds-common-1.3.0-SNAPSHOT.jar:/home/runner/.m2/repository/org/apache/ozone/hdds-client/1.3.0-SNAPSHOT/hdds-client-1.3.0-SNAPSHOT.jar:/home/runner/.m2/repository/org/apache/ozone/ozone-interface-client/1.3.0-SNAPSHOT/ozone-interface-client-1.3.0-SNAPSHOT.jar:/home/runner/.m2/repository/org/apache/ozone/hdds-test-utils/1.3.0-SNAPSHOT/hdds-test-utils-1.3.0-SNAPSHOT.jar:/home/runner/.m2/repository/com/google/guava/guava/30.1.1-jre/guava-30.1.1-jre.jar:/home/runner/.m2/repository/com/google/guava/failureaccess/1.0.1/failureaccess-1.0.1.jar:/home/runner/.m2/repository/com/google/guava/listenablefuture/9999.0-empty-to-avoid-conflict-with-guava/listenablefuture-9999.0-empty-to-avoid-conflict-with-guava.jar:/home/runner/.m2/repository/com/google/code/findbugs/jsr305/3.0.0/jsr305-3.0.0.jar:/home/runner/.m2/repository/org/checkerframework/checker-qual/3.8.0/checker-qual-3.8.0.jar:/home/runner/.m2/repository/com/google/errorprone/error_prone_annotations/2.2.0/error_prone_annotations-2.2.0.jar:/home/runner/.m2/repository/com/google/j2objc/j2objc-annotations/1.3/j2objc-annotations-1.3.jar:/home/runner/.m2/repository/commons-io/commons-io/2.11.0/commons-io-2.11.0.jar:/home/runner/.m2/repository/commons-logging/commons-logging/1.2/commons-logging-1.2.jar:/home/runner/.m2/repository/log4j/log4j/1.2.17/log4j-1.2.17.jar:/home/runner/.m2/repository/org/slf4j/slf4j-api/1.7.30/slf4j-api-1.7.30.jar:/home/runner/.m2/repository/org/apache/ozone/hdds-server-scm/1.3.0-SNAPSHOT/hdds-server-scm-1.3.0-SNAPSHOT.jar:/home/runner/.m2/repository/org/apache/ozone/hdds-container-service/1.3.0-SNAPSHOT/hdds-container-service-1.3.0-SNAPSHOT.jar:/home/runner/.m2/repository/org/apache/ozone/hdds-hadoop-dependency-server/1.3.0-SNAPSHOT/hdds-hadoop-dependency-server-1.3.0-SNAPSHOT.jar:/home/runner/.m2/repository/org/apache/hadoop/hadoop-hdfs/3.3.1/hadoop-hdfs-3.3.1.jar:/home/runner/.m2/repository/org/apache/ozone/hdds-server-framework/1.3.0-SNAPSHOT/hdds-server-framework-1.3.0-SNAPSHOT.jar:/home/runner/.m2/repository/org/apache/ozone/hdds-interface-server/1.3.0-SNAPSHOT/hdds-interface-server-1.3.0-SNAPSHOT.jar:/home/runner/.m2/repository/org/eclipse/jetty/jetty-servlet/9.4.43.v20210629/jetty-servlet-9.4.43.v20210629.jar:/home/runner/.m2/repository/org/eclipse/jetty/jetty-security/9.4.43.v20210629/jetty-security-9.4.43.v20210629.jar:/home/runner/.m2/repository/org/rocksdb/rocksdbjni/6.25.3/rocksdbjni-6.25.3.jar:/home/runner/.m2/repository/io/prometheus/simpleclient_dropwizard/0.7.0/simpleclient_dropwizard-0.7.0.jar:/home/runner/.m2/repository/io/prometheus/simpleclient/0.7.0/simpleclient-0.7.0.jar:/home/runner/.m2/repository/io/prometheus/simpleclient_common/0.7.0/simpleclient_common-0.7.0.jar:/home/runner/.m2/repository/com/fasterxml/jackson/datatype/jackson-datatype-jsr310/2.12.1/jackson-datatype-jsr310-2.12.1.jar:/home/runner/.m2/repository/io/dropwizard/metrics/metrics-core/3.2.4/metrics-core-3.2.4.jar:/home/runner/.m2/repository/org/apache/hadoop/hadoop-hdfs-client/3.3.1/hadoop-hdfs-client-3.3.1.jar:/home/runner/.m2/repository/org/bouncycastle/bcprov-jdk15on/1.67/bcprov-jdk15on-1.67.jar:/home/runner/.m2/repository/com/google/protobuf/protobuf-java/2.5.0/protobuf-java-2.5.0.jar:/home/runner/.m2/repository/org/apache/ozone/ozone-manager/1.3.0-SNAPSHOT/ozone-manager-1.3.0-SNAPSHOT.jar:/home/runner/.m2/repository/org/aspectj/aspectjrt/1.9.7/aspectjrt-1.9.7.jar:/home/runner/.m2/repository/org/aspectj/aspectjweaver/1.9.7/aspectjweaver-1.9.7.jar:/home/runner/.m2/repository/org/apache/ozone/hdds-interface-client/1.3.0-SNAPSHOT/hdds-interface-client-1.3.0-SNAPSHOT.jar:/home/runner/.m2/repository/org/apache/hadoop/thirdparty/hadoop-shaded-protobuf_3_7/1.1.1/hadoop-shaded-protobuf_3_7-1.1.1.jar:/home/runner/.m2/repository/org/apache/ozone/ozone-interface-storage/1.3.0-SNAPSHOT/ozone-interface-storage-1.3.0-SNAPSHOT.jar:/home/runner/.m2/repository/org/reflections/reflections/0.9.11/reflections-0.9.11.jar:/home/runner/.m2/repository/org/apache/hadoop/hadoop-minikdc/3.3.1/hadoop-minikdc-3.3.1.jar:/home/runner/.m2/repository/org/apache/kerby/kerb-simplekdc/1.0.1/kerb-simplekdc-1.0.1.jar:/home/runner/.m2/repository/org/apache/kerby/kerb-client/1.0.1/kerb-client-1.0.1.jar:/home/runner/.m2/repository/org/apache/kerby/kerby-config/1.0.1/kerby-config-1.0.1.jar:/home/runner/.m2/repository/org/apache/kerby/kerb-common/1.0.1/kerb-common-1.0.1.jar:/home/runner/.m2/repository/org/apache/kerby/kerb-crypto/1.0.1/kerb-crypto-1.0.1.jar:/home/runner/.m2/repository/org/apache/kerby/kerb-util/1.0.1/kerb-util-1.0.1.jar:/home/runner/.m2/repository/org/apache/kerby/token-provider/1.0.1/token-provider-1.0.1.jar:/home/runner/.m2/repository/org/apache/kerby/kerb-admin/1.0.1/kerb-admin-1.0.1.jar:/home/runner/.m2/repository/org/apache/kerby/kerb-server/1.0.1/kerb-server-1.0.1.jar:/home/runner/.m2/repository/org/apache/kerby/kerb-identity/1.0.1/kerb-identity-1.0.1.jar:/home/runner/.m2/repository/org/apache/kerby/kerby-xdr/1.0.1/kerby-xdr-1.0.1.jar:/home/runner/.m2/repository/org/slf4j/slf4j-log4j12/1.7.30/slf4j-log4j12-1.7.30.jar:/home/runner/.m2/repository/org/apache/ozone/ozone-s3gateway/1.3.0-SNAPSHOT/ozone-s3gateway-1.3.0-SNAPSHOT.jar:/home/runner/.m2/repository/org/javassist/javassist/3.21.0-GA/javassist-3.21.0-GA.jar:/home/runner/.m2/repository/org/jboss/weld/servlet/weld-servlet/2.4.7.Final/weld-servlet-2.4.7.Final.jar:/home/runner/.m2/repository/org/glassfish/jersey/containers/jersey-container-servlet-core/2.33/jersey-container-servlet-core-2.33.jar:/home/runner/.m2/repository/org/glassfish/hk2/external/jakarta.inject/2.6.1/jakarta.inject-2.6.1.jar:/home/runner/.m2/repository/org/glassfish/jersey/core/jersey-common/2.33/jersey-common-2.33.jar:/home/runner/.m2/repository/jakarta/ws/rs/jakarta.ws.rs-api/2.1.6/jakarta.ws.rs-api-2.1.6.jar:/home/runner/.m2/repository/org/glassfish/jersey/ext/cdi/jersey-cdi1x/2.33/jersey-cdi1x-2.33.jar:/home/runner/.m2/repository/org/glassfish/jersey/inject/jersey-hk2/2.33/jersey-hk2-2.33.jar:/home/runner/.m2/repository/org/glassfish/hk2/hk2-locator/2.6.1/hk2-locator-2.6.1.jar:/home/runner/.m2/repository/org/glassfish/jersey/media/jersey-media-jaxb/2.33/jersey-media-jaxb-2.33.jar:/home/runner/.m2/repository/org/glassfish/hk2/osgi-resource-locator/1.0.3/osgi-resource-locator-1.0.3.jar:/home/runner/.m2/repository/org/glassfish/hk2/hk2-api/2.5.0/hk2-api-2.5.0.jar:/home/runner/.m2/repository/org/glassfish/hk2/hk2-utils/2.5.0/hk2-utils-2.5.0.jar:/home/runner/.m2/repository/org/glassfish/hk2/external/aopalliance-repackaged/2.5.0/aopalliance-repackaged-2.5.0.jar:/home/runner/.m2/repository/com/fasterxml/jackson/dataformat/jackson-dataformat-xml/2.12.1/jackson-dataformat-xml-2.12.1.jar:/home/runner/.m2/repository/com/fasterxml/jackson/core/jackson-core/2.12.1/jackson-core-2.12.1.jar:/home/runner/.m2/repository/com/fasterxml/jackson/module/jackson-module-jaxb-annotations/2.12.1/jackson-module-jaxb-annotations-2.12.1.jar:/home/runner/.m2/repository/jakarta/xml/bind/jakarta.xml.bind-api/2.3.2/jakarta.xml.bind-api-2.3.2.jar:/home/runner/.m2/repository/org/codehaus/woodstox/stax2-api/3.1.4/stax2-api-3.1.4.jar:/home/runner/.m2/repository/com/fasterxml/woodstox/woodstox-core/5.0.3/woodstox-core-5.0.3.jar:/home/runner/.m2/repository/javax/enterprise/cdi-api/1.2/cdi-api-1.2.jar:/home/runner/.m2/repository/javax/el/javax.el-api/3.0.0/javax.el-api-3.0.0.jar:/home/runner/.m2/repository/javax/interceptor/javax.interceptor-api/1.2/javax.interceptor-api-1.2.jar:/home/runner/.m2/repository/javax/inject/javax.inject/1/javax.inject-1.jar:/home/runner/.m2/repository/javax/xml/bind/jaxb-api/2.3.0/jaxb-api-2.3.0.jar:/home/runner/.m2/repository/org/glassfish/jaxb/jaxb-runtime/2.3.0.1/jaxb-runtime-2.3.0.1.jar:/home/runner/.m2/repository/org/glassfish/jaxb/jaxb-core/2.3.0.1/jaxb-core-2.3.0.1.jar:/home/runner/.m2/repository/org/glassfish/jaxb/txw2/2.3.0.1/txw2-2.3.0.1.jar:/home/runner/.m2/repository/com/sun/istack/istack-commons-runtime/3.0.5/istack-commons-runtime-3.0.5.jar:/home/runner/.m2/repository/org/jvnet/staxex/stax-ex/1.7.8/stax-ex-1.7.8.jar:/home/runner/.m2/repository/com/sun/xml/fastinfoset/FastInfoset/1.2.13/FastInfoset-1.2.13.jar:/home/runner/.m2/repository/javax/activation/activation/1.1.1/activation-1.1.1.jar:/home/runner/.m2/repository/org/apache/ozone/ozone-csi/1.3.0-SNAPSHOT/ozone-csi-1.3.0-SNAPSHOT.jar:/home/runner/.m2/repository/com/google/protobuf/protobuf-java-util/3.12.0/protobuf-java-util-3.12.0.jar:/home/runner/.m2/repository/com/google/code/gson/gson/2.2.4/gson-2.2.4.jar:/home/runner/.m2/repository/org/apache/ozone/hdds-config/1.3.0-SNAPSHOT/hdds-config-1.3.0-SNAPSHOT.jar:/home/runner/.m2/repository/io/grpc/grpc-netty/1.33.0/grpc-netty-1.33.0.jar:/home/runner/.m2/repository/io/grpc/grpc-core/1.33.0/grpc-core-1.33.0.jar:/home/runner/.m2/repository/com/google/android/annotations/4.1.1.4/annotations-4.1.1.4.jar:/home/runner/.m2/repository/io/netty/netty-codec-http2/4.1.63.Final/netty-codec-http2-4.1.63.Final.jar:/home/runner/.m2/repository/io/netty/netty-codec-http/4.1.63.Final/netty-codec-http-4.1.63.Final.jar:/home/runner/.m2/repository/io/netty/netty-handler-proxy/4.1.63.Final/netty-handler-proxy-4.1.63.Final.jar:/home/runner/.m2/repository/io/netty/netty-codec-socks/4.1.63.Final/netty-codec-socks-4.1.63.Final.jar:/home/runner/.m2/repository/io/perfmark/perfmark-api/0.19.0/perfmark-api-0.19.0.jar:/home/runner/.m2/repository/org/codehaus/mojo/animal-sniffer-annotations/1.18/animal-sniffer-annotations-1.18.jar:/home/runner/.m2/repository/io/netty/netty-transport-native-epoll/4.1.63.Final/netty-transport-native-epoll-4.1.63.Final.jar:/home/runner/.m2/repository/io/netty/netty-common/4.1.63.Final/netty-common-4.1.63.Final.jar:/home/runner/.m2/repository/io/netty/netty-buffer/4.1.63.Final/netty-buffer-4.1.63.Final.jar:/home/runner/.m2/repository/io/netty/netty-transport-native-unix-common/4.1.63.Final/netty-transport-native-unix-common-4.1.63.Final.jar:/home/runner/.m2/repository/io/grpc/grpc-protobuf/1.33.0/grpc-protobuf-1.33.0.jar:/home/runner/.m2/repository/io/grpc/grpc-api/1.33.0/grpc-api-1.33.0.jar:/home/runner/.m2/repository/io/grpc/grpc-context/1.33.0/grpc-context-1.33.0.jar:/home/runner/.m2/repository/com/google/api/grpc/proto-google-common-protos/1.17.0/proto-google-common-protos-1.17.0.jar:/home/runner/.m2/repository/io/grpc/grpc-protobuf-lite/1.33.0/grpc-protobuf-lite-1.33.0.jar:/home/runner/.m2/repository/io/grpc/grpc-stub/1.33.0/grpc-stub-1.33.0.jar:/home/runner/.m2/repository/org/apache/ozone/ozone-recon/1.3.0-SNAPSHOT/ozone-recon-1.3.0-SNAPSHOT.jar:/home/runner/.m2/repository/org/apache/ozone/ozone-reconcodegen/1.3.0-SNAPSHOT/ozone-reconcodegen-1.3.0-SNAPSHOT.jar:/home/runner/.m2/repository/com/google/inject/extensions/guice-multibindings/4.0/guice-multibindings-4.0.jar:/home/runner/.m2/repository/com/google/inject/guice/4.0/guice-4.0.jar:/home/runner/.m2/repository/aopalliance/aopalliance/1.0/aopalliance-1.0.jar:/home/runner/.m2/repository/com/google/inject/extensions/guice-assistedinject/4.0/guice-assistedinject-4.0.jar:/home/runner/.m2/repository/com/google/inject/extensions/guice-servlet/4.0/guice-servlet-4.0.jar:/home/runner/.m2/repository/org/glassfish/jersey/containers/jersey-container-servlet/2.33/jersey-container-servlet-2.33.jar:/home/runner/.m2/repository/org/glassfish/hk2/guice-bridge/2.5.0/guice-bridge-2.5.0.jar:/home/runner/.m2/repository/org/glassfish/jersey/core/jersey-server/2.33/jersey-server-2.33.jar:/home/runner/.m2/repository/org/glassfish/jersey/core/jersey-client/2.33/jersey-client-2.33.jar:/home/runner/.m2/repository/jakarta/annotation/jakarta.annotation-api/1.3.5/jakarta.annotation-api-1.3.5.jar:/home/runner/.m2/repository/jakarta/validation/jakarta.validation-api/2.0.2/jakarta.validation-api-2.0.2.jar:/home/runner/.m2/repository/org/glassfish/jersey/media/jersey-media-json-jackson/2.33/jersey-media-json-jackson-2.33.jar:/home/runner/.m2/repository/org/glassfish/jersey/ext/jersey-entity-filtering/2.33/jersey-entity-filtering-2.33.jar:/home/runner/.m2/repository/org/jooq/jooq/3.11.10/jooq-3.11.10.jar:/home/runner/.m2/repository/org/jooq/jooq-meta/3.11.10/jooq-meta-3.11.10.jar:/home/runner/.m2/repository/org/jooq/jooq-codegen/3.11.10/jooq-codegen-3.11.10.jar:/home/runner/.m2/repository/com/jolbox/bonecp/0.8.0.RELEASE/bonecp-0.8.0.RELEASE.jar:/home/runner/.m2/repository/org/apache/derby/derby/10.14.2.0/derby-10.14.2.0.jar:/home/runner/.m2/repository/org/xerial/sqlite-jdbc/3.25.2/sqlite-jdbc-3.25.2.jar:/home/runner/.m2/repository/org/springframework/spring-jdbc/5.2.18.RELEASE/spring-jdbc-5.2.18.RELEASE.jar:/home/runner/.m2/repository/org/springframework/spring-beans/5.2.18.RELEASE/spring-beans-5.2.18.RELEASE.jar:/home/runner/.m2/repository/org/springframework/spring-core/5.2.18.RELEASE/spring-core-5.2.18.RELEASE.jar:/home/runner/.m2/repository/org/springframework/spring-jcl/5.2.18.RELEASE/spring-jcl-5.2.18.RELEASE.jar:/home/runner/.m2/repository/org/springframework/spring-tx/5.2.18.RELEASE/spring-tx-5.2.18.RELEASE.jar:/home/runner/.m2/repository/org/apache/ozone/ozone-client/1.3.0-SNAPSHOT/ozone-client-1.3.0-SNAPSHOT.jar:/home/runner/.m2/repository/org/apache/ozone/ozone-filesystem/1.3.0-SNAPSHOT/ozone-filesystem-1.3.0-SNAPSHOT.jar:/home/runner/.m2/repository/org/apache/ozone/ozone-filesystem-common/1.3.0-SNAPSHOT/ozone-filesystem-common-1.3.0-SNAPSHOT.jar:/home/runner/.m2/repository/org/apache/ozone/ozone-tools/1.3.0-SNAPSHOT/ozone-tools-1.3.0-SNAPSHOT.jar:/home/runner/.m2/repository/org/apache/ratis/ratis-tools/2.2.0/ratis-tools-2.2.0.jar:/home/runner/.m2/repository/com/amazonaws/aws-java-sdk-core/1.12.124/aws-java-sdk-core-1.12.124.jar:/home/runner/.m2/repository/org/apache/httpcomponents/httpclient/4.5.13/httpclient-4.5.13.jar:/home/runner/.m2/repository/org/apache/httpcomponents/httpcore/4.4.13/httpcore-4.4.13.jar:/home/runner/.m2/repository/software/amazon/ion/ion-java/1.0.2/ion-java-1.0.2.jar:/home/runner/.m2/repository/com/fasterxml/jackson/dataformat/jackson-dataformat-cbor/2.12.1/jackson-dataformat-cbor-2.12.1.jar:/home/runner/.m2/repository/joda-time/joda-time/2.8.1/joda-time-2.8.1.jar:/home/runner/.m2/repository/com/amazonaws/aws-java-sdk-s3/1.12.124/aws-java-sdk-s3-1.12.124.jar:/home/runner/.m2/repository/com/amazonaws/aws-java-sdk-kms/1.12.124/aws-java-sdk-kms-1.12.124.jar:/home/runner/.m2/repository/com/amazonaws/jmespath-java/1.12.124/jmespath-java-1.12.124.jar:/home/runner/.m2/repository/org/kohsuke/metainf-services/metainf-services/1.8/metainf-services-1.8.jar:/home/runner/.m2/repository/org/apache/ozone/hdds-tools/1.3.0-SNAPSHOT/hdds-tools-1.3.0-SNAPSHOT.jar:/home/runner/.m2/repository/commons-cli/commons-cli/1.2/commons-cli-1.2.jar:/home/runner/.m2/repository/org/apache/commons/commons-lang3/3.7/commons-lang3-3.7.jar:/home/runner/.m2/repository/org/apache/ozone/ozone-manager/1.3.0-SNAPSHOT/ozone-manager-1.3.0-SNAPSHOT-tests.jar:/home/runner/.m2/repository/org/apache/ozone/hdds-common/1.3.0-SNAPSHOT/hdds-common-1.3.0-SNAPSHOT-tests.jar:/home/runner/.m2/repository/org/apache/ozone/hdds-hadoop-dependency-client/1.3.0-SNAPSHOT/hdds-hadoop-dependency-client-1.3.0-SNAPSHOT.jar:/home/runner/.m2/repository/info/picocli/picocli/4.6.1/picocli-4.6.1.jar:/home/runner/.m2/repository/com/fasterxml/jackson/core/jackson-annotations/2.12.1/jackson-annotations-2.12.1.jar:/home/runner/.m2/repository/javax/annotation/javax.annotation-api/1.2/javax.annotation-api-1.2.jar:/home/runner/.m2/repository/org/apache/ratis/ratis-server/2.2.0/ratis-server-2.2.0.jar:/home/runner/.m2/repository/org/apache/ratis/ratis-client/2.2.0/ratis-client-2.2.0.jar:/home/runner/.m2/repository/org/apache/ratis/ratis-server-api/2.2.0/ratis-server-api-2.2.0.jar:/home/runner/.m2/repository/org/apache/ratis/ratis-metrics/2.2.0/ratis-metrics-2.2.0.jar:/home/runner/.m2/repository/org/apache/ratis/ratis-netty/2.2.0/ratis-netty-2.2.0.jar:/home/runner/.m2/repository/org/apache/ratis/ratis-grpc/2.2.0/ratis-grpc-2.2.0.jar:/home/runner/.m2/repository/org/apache/logging/log4j/log4j-api/2.17.1/log4j-api-2.17.1.jar:/home/runner/.m2/repository/org/apache/logging/log4j/log4j-core/2.17.1/log4j-core-2.17.1.jar:/home/runner/.m2/repository/com/lmax/disruptor/3.4.2/disruptor-3.4.2.jar:/home/runner/.m2/repository/org/apache/commons/commons-pool2/2.6.0/commons-pool2-2.6.0.jar:/home/runner/.m2/repository/org/bouncycastle/bcpkix-jdk15on/1.67/bcpkix-jdk15on-1.67.jar:/home/runner/.m2/repository/commons-validator/commons-validator/1.6/commons-validator-1.6.jar:/home/runner/.m2/repository/commons-beanutils/commons-beanutils/1.9.4/commons-beanutils-1.9.4.jar:/home/runner/.m2/repository/commons-digester/commons-digester/1.8.1/commons-digester-1.8.1.jar:/home/runner/.m2/repository/commons-collections/commons-collections/3.2.2/commons-collections-3.2.2.jar:/home/runner/.m2/repository/io/jaegertracing/jaeger-client/1.6.0/jaeger-client-1.6.0.jar:/home/runner/.m2/repository/io/jaegertracing/jaeger-thrift/1.6.0/jaeger-thrift-1.6.0.jar:/home/runner/.m2/repository/org/apache/thrift/libthrift/0.14.1/libthrift-0.14.1.jar:/home/runner/.m2/repository/com/squareup/okhttp3/okhttp/4.9.0/okhttp-4.9.0.jar:/home/runner/.m2/repository/com/squareup/okio/okio/2.8.0/okio-2.8.0.jar:/home/runner/.m2/repository/io/jaegertracing/jaeger-core/1.6.0/jaeger-core-1.6.0.jar:/home/runner/.m2/repository/io/jaegertracing/jaeger-tracerresolver/1.6.0/jaeger-tracerresolver-1.6.0.jar:/home/runner/.m2/repository/io/opentracing/contrib/opentracing-tracerresolver/0.1.8/opentracing-tracerresolver-0.1.8.jar:/home/runner/.m2/repository/org/jetbrains/kotlin/kotlin-stdlib/1.4.31/kotlin-stdlib-1.4.31.jar:/home/runner/.m2/repository/org/jetbrains/kotlin/kotlin-stdlib-common/1.4.31/kotlin-stdlib-common-1.4.31.jar:/home/runner/.m2/repository/org/jetbrains/annotations/13.0/annotations-13.0.jar:/home/runner/.m2/repository/io/opentracing/opentracing-util/0.33.0/opentracing-util-0.33.0.jar:/home/runner/.m2/repository/io/opentracing/opentracing-api/0.33.0/opentracing-api-0.33.0.jar:/home/runner/.m2/repository/io/opentracing/opentracing-noop/0.33.0/opentracing-noop-0.33.0.jar:/home/runner/.m2/repository/org/yaml/snakeyaml/1.26/snakeyaml-1.26.jar:/home/runner/.m2/repository/org/apache/ozone/hdds-interface-admin/1.3.0-SNAPSHOT/hdds-interface-admin-1.3.0-SNAPSHOT.jar:/home/runner/.m2/repository/junit/junit/4.13.1/junit-4.13.1.jar:/home/runner/.m2/repository/org/hamcrest/hamcrest-core/1.3/hamcrest-core-1.3.jar:/home/runner/.m2/repository/org/junit/jupiter/junit-jupiter-api/5.7.0/junit-jupiter-api-5.7.0.jar:/home/runner/.m2/repository/org/apiguardian/apiguardian-api/1.1.0/apiguardian-api-1.1.0.jar:/home/runner/.m2/repository/org/opentest4j/opentest4j/1.2.0/opentest4j-1.2.0.jar:/home/runner/.m2/repository/org/junit/platform/junit-platform-commons/1.7.0/junit-platform-commons-1.7.0.jar:/home/runner/.m2/repository/org/junit/jupiter/junit-jupiter-engine/5.7.0/junit-jupiter-engine-5.7.0.jar:/home/runner/.m2/repository/org/junit/platform/junit-platform-engine/1.7.0/junit-platform-engine-1.7.0.jar:/home/runner/.m2/repository/org/junit/vintage/junit-vintage-engine/5.7.0/junit-vintage-engine-5.7.0.jar:/home/runner/.m2/repository/org/junit/platform/junit-platform-launcher/1.7.0/junit-platform-launcher-1.7.0.jar:/home/runner/.m2/repository/org/mockito/mockito-core/2.28.2/mockito-core-2.28.2.jar:/home/runner/.m2/repository/net/bytebuddy/byte-buddy/1.9.10/byte-buddy-1.9.10.jar:/home/runner/.m2/repository/net/bytebuddy/byte-buddy-agent/1.9.10/byte-buddy-agent-1.9.10.jar:/home/runner/.m2/repository/org/objenesis/objenesis/1.0/objenesis-1.0.jar:/home/runner/.m2/repository/org/apache/hadoop/hadoop-kms/3.3.1/hadoop-kms-3.3.1.jar:/home/runner/.m2/repository/org/apache/hadoop/hadoop-auth/3.3.1/hadoop-auth-3.3.1.jar:/home/runner/.m2/repository/com/nimbusds/nimbus-jose-jwt/7.9/nimbus-jose-jwt-7.9.jar:/home/runner/.m2/repository/com/github/stephenc/jcip/jcip-annotations/1.0-1/jcip-annotations-1.0-1.jar:/home/runner/.m2/repository/net/minidev/json-smart/2.3.1/json-smart-2.3.1.jar:/home/runner/.m2/repository/net/minidev/accessors-smart/2.3.1/accessors-smart-2.3.1.jar:/home/runner/.m2/repository/org/ow2/asm/asm/5.0.4/asm-5.0.4.jar:/home/runner/.m2/repository/org/apache/zookeeper/zookeeper/3.5.6/zookeeper-3.5.6.jar:/home/runner/.m2/repository/org/apache/zookeeper/zookeeper-jute/3.5.6/zookeeper-jute-3.5.6.jar:/home/runner/.m2/repository/org/apache/yetus/audience-annotations/0.5.0/audience-annotations-0.5.0.jar:/home/runner/.m2/repository/org/apache/curator/curator-framework/4.2.0/curator-framework-4.2.0.jar:/home/runner/.m2/repository/org/apache/hadoop/thirdparty/hadoop-shaded-guava/1.1.1/hadoop-shaded-guava-1.1.1.jar:/home/runner/.m2/repository/com/sun/jersey/jersey-core/1.19/jersey-core-1.19.jar:/home/runner/.m2/repository/javax/ws/rs/jsr311-api/1.1.1/jsr311-api-1.1.1.jar:/home/runner/.m2/repository/com/sun/jersey/jersey-server/1.19/jersey-server-1.19.jar:/home/runner/.m2/repository/javax/servlet/javax.servlet-api/3.1.0/javax.servlet-api-3.1.0.jar:/home/runner/.m2/repository/org/eclipse/jetty/jetty-server/9.4.43.v20210629/jetty-server-9.4.43.v20210629.jar:/home/runner/.m2/repository/org/eclipse/jetty/jetty-http/9.4.43.v20210629/jetty-http-9.4.43.v20210629.jar:/home/runner/.m2/repository/org/eclipse/jetty/jetty-io/9.4.43.v20210629/jetty-io-9.4.43.v20210629.jar:/home/runner/.m2/repository/org/eclipse/jetty/jetty-webapp/9.4.43.v20210629/jetty-webapp-9.4.43.v20210629.jar:/home/runner/.m2/repository/org/eclipse/jetty/jetty-xml/9.4.43.v20210629/jetty-xml-9.4.43.v20210629.jar:/home/runner/.m2/repository/org/apache/hadoop/hadoop-common/3.3.1/hadoop-common-3.3.1.jar:/home/runner/.m2/repository/org/apache/commons/commons-math3/3.1.1/commons-math3-3.1.1.jar:/home/runner/.m2/repository/commons-net/commons-net/3.6/commons-net-3.6.jar:/home/runner/.m2/repository/jakarta/activation/jakarta.activation-api/1.2.1/jakarta.activation-api-1.2.1.jar:/home/runner/.m2/repository/com/sun/jersey/jersey-servlet/1.19/jersey-servlet-1.19.jar:/home/runner/.m2/repository/com/sun/jersey/jersey-json/1.19/jersey-json-1.19.jar:/home/runner/.m2/repository/org/codehaus/jettison/jettison/1.1/jettison-1.1.jar:/home/runner/.m2/repository/com/sun/xml/bind/jaxb-impl/2.2.3-1/jaxb-impl-2.2.3-1.jar:/home/runner/.m2/repository/org/codehaus/jackson/jackson-jaxrs/1.9.2/jackson-jaxrs-1.9.2.jar:/home/runner/.m2/repository/org/codehaus/jackson/jackson-xc/1.9.2/jackson-xc-1.9.2.jar:/home/runner/.m2/repository/org/apache/commons/commons-configuration2/2.1.1/commons-configuration2-2.1.1.jar:/home/runner/.m2/repository/org/apache/commons/commons-text/1.4/commons-text-1.4.jar:/home/runner/.m2/repository/com/google/re2j/re2j/1.1/re2j-1.1.jar:/home/runner/.m2/repository/com/jcraft/jsch/0.1.54/jsch-0.1.54.jar:/home/runner/.m2/repository/org/apache/curator/curator-client/4.2.0/curator-client-4.2.0.jar:/home/runner/.m2/repository/org/apache/curator/curator-recipes/4.2.0/curator-recipes-4.2.0.jar:/home/runner/.m2/repository/org/apache/kerby/kerb-core/1.0.1/kerb-core-1.0.1.jar:/home/runner/.m2/repository/org/apache/kerby/kerby-pkix/1.0.1/kerby-pkix-1.0.1.jar:/home/runner/.m2/repository/org/apache/kerby/kerby-asn1/1.0.1/kerby-asn1-1.0.1.jar:/home/runner/.m2/repository/org/apache/kerby/kerby-util/1.0.1/kerby-util-1.0.1.jar:/home/runner/.m2/repository/dnsjava/dnsjava/2.1.7/dnsjava-2.1.7.jar:/home/runner/.m2/repository/org/xerial/snappy/snappy-java/1.1.8.2/snappy-java-1.1.8.2.jar:/home/runner/.m2/repository/org/slf4j/jul-to-slf4j/1.7.30/jul-to-slf4j-1.7.30.jar:/home/runner/.m2/repository/org/eclipse/jetty/jetty-util/9.4.43.v20210629/jetty-util-9.4.43.v20210629.jar:/home/runner/.m2/repository/com/fasterxml/jackson/core/jackson-databind/2.12.1/jackson-databind-2.12.1.jar:/home/runner/.m2/repository/org/apache/hadoop/hadoop-kms/3.3.1/hadoop-kms-3.3.1-tests.jar:/home/runner/.m2/repository/org/apache/ozone/hdds-server-scm/1.3.0-SNAPSHOT/hdds-server-scm-1.3.0-SNAPSHOT-tests.jar:/home/runner/.m2/repository/org/apache/ozone/hdds-container-service/1.3.0-SNAPSHOT/hdds-container-service-1.3.0-SNAPSHOT-tests.jar:/home/runner/.m2/repository/commons-codec/commons-codec/1.11/commons-codec-1.11.jar:/home/runner/.m2/repository/io/netty/netty-transport/4.1.63.Final/netty-transport-4.1.63.Final.jar:/home/runner/.m2/repository/io/netty/netty-resolver/4.1.63.Final/netty-resolver-4.1.63.Final.jar:/home/runner/.m2/repository/io/netty/netty-codec/4.1.63.Final/netty-codec-4.1.63.Final.jar:/home/runner/.m2/repository/io/netty/netty-handler/4.1.63.Final/netty-handler-4.1.63.Final.jar:/home/runner/.m2/repository/org/apache/ozone/hdds-hadoop-dependency-test/1.3.0-SNAPSHOT/hdds-hadoop-dependency-test-1.3.0-SNAPSHOT.jar:/home/runner/.m2/repository/org/apache/hadoop/hadoop-common/3.3.1/hadoop-common-3.3.1-tests.jar:/home/runner/.m2/repository/org/assertj/assertj-core/3.12.2/assertj-core-3.12.2.jar:/home/runner/.m2/repository/org/apache/hadoop/hadoop-hdfs/3.3.1/hadoop-hdfs-3.3.1-tests.jar:/home/runner/.m2/repository/org/eclipse/jetty/jetty-util-ajax/9.4.43.v20210629/jetty-util-ajax-9.4.43.v20210629.jar:/home/runner/.m2/repository/commons-daemon/commons-daemon/1.0.13/commons-daemon-1.0.13.jar:/home/runner/.m2/repository/io/netty/netty/3.10.6.Final/netty-3.10.6.Final.jar:/home/runner/.m2/repository/io/netty/netty-all/4.1.63.Final/netty-all-4.1.63.Final.jar:/home/runner/.m2/repository/org/apache/htrace/htrace-core4/4.1.0-incubating/htrace-core4-4.1.0-incubating.jar:/home/runner/.m2/repository/org/fusesource/leveldbjni/leveldbjni-all/1.8/leveldbjni-all-1.8.jar:/home/runner/.m2/repository/org/apache/hadoop/hadoop-distcp/3.3.1/hadoop-distcp-3.3.1.jar:/home/runner/.m2/repository/org/apache/hadoop/hadoop-mapreduce-client-jobclient/3.3.1/hadoop-mapreduce-client-jobclient-3.3.1.jar:/home/runner/.m2/repository/org/apache/hadoop/hadoop-mapreduce-client-common/3.3.1/hadoop-mapreduce-client-common-3.3.1.jar:/home/runner/.m2/repository/org/apache/hadoop/hadoop-yarn-common/3.3.1/hadoop-yarn-common-3.3.1.jar:/home/runner/.m2/repository/org/apache/hadoop/hadoop-yarn-api/3.3.1/hadoop-yarn-api-3.3.1.jar:/home/runner/.m2/repository/com/sun/jersey/jersey-client/1.19/jersey-client-1.19.jar:/home/runner/.m2/repository/com/sun/jersey/contribs/jersey-guice/1.19/jersey-guice-1.19.jar:/home/runner/.m2/repository/com/fasterxml/jackson/jaxrs/jackson-jaxrs-json-provider/2.12.1/jackson-jaxrs-json-provider-2.12.1.jar:/home/runner/.m2/repository/com/fasterxml/jackson/jaxrs/jackson-jaxrs-base/2.12.1/jackson-jaxrs-base-2.12.1.jar:/home/runner/.m2/repository/org/apache/hadoop/hadoop-yarn-client/3.3.1/hadoop-yarn-client-3.3.1.jar:/home/runner/.m2/repository/org/eclipse/jetty/websocket/websocket-client/9.4.40.v20210413/websocket-client-9.4.40.v20210413.jar:/home/runner/.m2/repository/org/eclipse/jetty/jetty-client/9.4.40.v20210413/jetty-client-9.4.40.v20210413.jar:/home/runner/.m2/repository/org/eclipse/jetty/websocket/websocket-common/9.4.40.v20210413/websocket-common-9.4.40.v20210413.jar:/home/runner/.m2/repository/org/eclipse/jetty/websocket/websocket-api/9.4.40.v20210413/websocket-api-9.4.40.v20210413.jar:/home/runner/.m2/repository/org/jline/jline/3.9.0/jline-3.9.0.jar:/home/runner/.m2/repository/org/apache/hadoop/hadoop-mapreduce-client-core/3.3.1/hadoop-mapreduce-client-core-3.3.1.jar:/home/runner/.m2/repository/org/apache/avro/avro/1.7.7/avro-1.7.7.jar:/home/runner/.m2/repository/org/codehaus/jackson/jackson-core-asl/1.9.13/jackson-core-asl-1.9.13.jar:/home/runner/.m2/repository/org/codehaus/jackson/jackson-mapper-asl/1.9.13/jackson-mapper-asl-1.9.13.jar:/home/runner/.m2/repository/com/thoughtworks/paranamer/paranamer/2.3/paranamer-2.3.jar:/home/runner/.m2/repository/org/apache/hadoop/hadoop-annotations/3.3.1/hadoop-annotations-3.3.1.jar:/usr/lib/jvm/temurin-8-jdk-amd64/jre/../lib/tools.jar:/home/runner/.m2/repository/org/apache/hadoop/hadoop-distcp/3.3.1/hadoop-distcp-3.3.1-tests.jar:/home/runner/.m2/repository/org/apache/ratis/ratis-common/2.2.0/ratis-common-2.2.0.jar:/home/runner/.m2/repository/org/apache/ratis/ratis-thirdparty-misc/0.7.0/ratis-thirdparty-misc-0.7.0.jar:/home/runner/.m2/repository/org/apache/ratis/ratis-proto/2.2.0/ratis-proto-2.2.0.jar:"/>
    <property name="java.vm.vendor" value="Temurin"/>
    <property name="sun.arch.data.model" value="64"/>
    <property name="test.build.dir" value="/home/runner/work/ozone/ozone/hadoop-ozone/integration-test/target/test-dir"/>
    <property name="test.cache.data" value=""/>
    <property name="java.vendor.url" value="https://adoptium.net/"/>
    <property name="user.timezone" value=""/>
    <property name="java.vm.specification.version" value="1.8"/>
    <property name="os.name" value="Linux"/>
    <property name="test.build.data" value="/home/runner/work/ozone/ozone/hadoop-ozone/integration-test/target/test-dir"/>
    <property name="sun.java.launcher" value="SUN_STANDARD"/>
    <property name="sun.boot.library.path" value="/usr/lib/jvm/temurin-8-jdk-amd64/jre/lib/amd64"/>
    <property name="sun.java.command" value="/home/runner/work/ozone/ozone/hadoop-ozone/integration-test/target/surefire/surefirebooter5237180262965359807.jar /home/runner/work/ozone/ozone/hadoop-ozone/integration-test/target/surefire 2022-02-08T14-41-40_564-jvmRun1 surefire6354092317277936052tmp surefire_647335506710705378433tmp"/>
    <property name="surefire.test.class.path" value="/home/runner/work/ozone/ozone/hadoop-ozone/integration-test/target/test-classes:/home/runner/work/ozone/ozone/hadoop-ozone/integration-test/target/classes:/home/runner/.m2/repository/org/apache/ozone/ozone-common/1.3.0-SNAPSHOT/ozone-common-1.3.0-SNAPSHOT.jar:/home/runner/.m2/repository/org/apache/commons/commons-compress/1.21/commons-compress-1.21.jar:/home/runner/.m2/repository/org/apache/ozone/hdds-common/1.3.0-SNAPSHOT/hdds-common-1.3.0-SNAPSHOT.jar:/home/runner/.m2/repository/org/apache/ozone/hdds-client/1.3.0-SNAPSHOT/hdds-client-1.3.0-SNAPSHOT.jar:/home/runner/.m2/repository/org/apache/ozone/ozone-interface-client/1.3.0-SNAPSHOT/ozone-interface-client-1.3.0-SNAPSHOT.jar:/home/runner/.m2/repository/org/apache/ozone/hdds-test-utils/1.3.0-SNAPSHOT/hdds-test-utils-1.3.0-SNAPSHOT.jar:/home/runner/.m2/repository/com/google/guava/guava/30.1.1-jre/guava-30.1.1-jre.jar:/home/runner/.m2/repository/com/google/guava/failureaccess/1.0.1/failureaccess-1.0.1.jar:/home/runner/.m2/repository/com/google/guava/listenablefuture/9999.0-empty-to-avoid-conflict-with-guava/listenablefuture-9999.0-empty-to-avoid-conflict-with-guava.jar:/home/runner/.m2/repository/com/google/code/findbugs/jsr305/3.0.0/jsr305-3.0.0.jar:/home/runner/.m2/repository/org/checkerframework/checker-qual/3.8.0/checker-qual-3.8.0.jar:/home/runner/.m2/repository/com/google/errorprone/error_prone_annotations/2.2.0/error_prone_annotations-2.2.0.jar:/home/runner/.m2/repository/com/google/j2objc/j2objc-annotations/1.3/j2objc-annotations-1.3.jar:/home/runner/.m2/repository/commons-io/commons-io/2.11.0/commons-io-2.11.0.jar:/home/runner/.m2/repository/commons-logging/commons-logging/1.2/commons-logging-1.2.jar:/home/runner/.m2/repository/log4j/log4j/1.2.17/log4j-1.2.17.jar:/home/runner/.m2/repository/org/slf4j/slf4j-api/1.7.30/slf4j-api-1.7.30.jar:/home/runner/.m2/repository/org/apache/ozone/hdds-server-scm/1.3.0-SNAPSHOT/hdds-server-scm-1.3.0-SNAPSHOT.jar:/home/runner/.m2/repository/org/apache/ozone/hdds-container-service/1.3.0-SNAPSHOT/hdds-container-service-1.3.0-SNAPSHOT.jar:/home/runner/.m2/repository/org/apache/ozone/hdds-hadoop-dependency-server/1.3.0-SNAPSHOT/hdds-hadoop-dependency-server-1.3.0-SNAPSHOT.jar:/home/runner/.m2/repository/org/apache/hadoop/hadoop-hdfs/3.3.1/hadoop-hdfs-3.3.1.jar:/home/runner/.m2/repository/org/apache/ozone/hdds-server-framework/1.3.0-SNAPSHOT/hdds-server-framework-1.3.0-SNAPSHOT.jar:/home/runner/.m2/repository/org/apache/ozone/hdds-interface-server/1.3.0-SNAPSHOT/hdds-interface-server-1.3.0-SNAPSHOT.jar:/home/runner/.m2/repository/org/eclipse/jetty/jetty-servlet/9.4.43.v20210629/jetty-servlet-9.4.43.v20210629.jar:/home/runner/.m2/repository/org/eclipse/jetty/jetty-security/9.4.43.v20210629/jetty-security-9.4.43.v20210629.jar:/home/runner/.m2/repository/org/rocksdb/rocksdbjni/6.25.3/rocksdbjni-6.25.3.jar:/home/runner/.m2/repository/io/prometheus/simpleclient_dropwizard/0.7.0/simpleclient_dropwizard-0.7.0.jar:/home/runner/.m2/repository/io/prometheus/simpleclient/0.7.0/simpleclient-0.7.0.jar:/home/runner/.m2/repository/io/prometheus/simpleclient_common/0.7.0/simpleclient_common-0.7.0.jar:/home/runner/.m2/repository/com/fasterxml/jackson/datatype/jackson-datatype-jsr310/2.12.1/jackson-datatype-jsr310-2.12.1.jar:/home/runner/.m2/repository/io/dropwizard/metrics/metrics-core/3.2.4/metrics-core-3.2.4.jar:/home/runner/.m2/repository/org/apache/hadoop/hadoop-hdfs-client/3.3.1/hadoop-hdfs-client-3.3.1.jar:/home/runner/.m2/repository/org/bouncycastle/bcprov-jdk15on/1.67/bcprov-jdk15on-1.67.jar:/home/runner/.m2/repository/com/google/protobuf/protobuf-java/2.5.0/protobuf-java-2.5.0.jar:/home/runner/.m2/repository/org/apache/ozone/ozone-manager/1.3.0-SNAPSHOT/ozone-manager-1.3.0-SNAPSHOT.jar:/home/runner/.m2/repository/org/aspectj/aspectjrt/1.9.7/aspectjrt-1.9.7.jar:/home/runner/.m2/repository/org/aspectj/aspectjweaver/1.9.7/aspectjweaver-1.9.7.jar:/home/runner/.m2/repository/org/apache/ozone/hdds-interface-client/1.3.0-SNAPSHOT/hdds-interface-client-1.3.0-SNAPSHOT.jar:/home/runner/.m2/repository/org/apache/hadoop/thirdparty/hadoop-shaded-protobuf_3_7/1.1.1/hadoop-shaded-protobuf_3_7-1.1.1.jar:/home/runner/.m2/repository/org/apache/ozone/ozone-interface-storage/1.3.0-SNAPSHOT/ozone-interface-storage-1.3.0-SNAPSHOT.jar:/home/runner/.m2/repository/org/reflections/reflections/0.9.11/reflections-0.9.11.jar:/home/runner/.m2/repository/org/apache/hadoop/hadoop-minikdc/3.3.1/hadoop-minikdc-3.3.1.jar:/home/runner/.m2/repository/org/apache/kerby/kerb-simplekdc/1.0.1/kerb-simplekdc-1.0.1.jar:/home/runner/.m2/repository/org/apache/kerby/kerb-client/1.0.1/kerb-client-1.0.1.jar:/home/runner/.m2/repository/org/apache/kerby/kerby-config/1.0.1/kerby-config-1.0.1.jar:/home/runner/.m2/repository/org/apache/kerby/kerb-common/1.0.1/kerb-common-1.0.1.jar:/home/runner/.m2/repository/org/apache/kerby/kerb-crypto/1.0.1/kerb-crypto-1.0.1.jar:/home/runner/.m2/repository/org/apache/kerby/kerb-util/1.0.1/kerb-util-1.0.1.jar:/home/runner/.m2/repository/org/apache/kerby/token-provider/1.0.1/token-provider-1.0.1.jar:/home/runner/.m2/repository/org/apache/kerby/kerb-admin/1.0.1/kerb-admin-1.0.1.jar:/home/runner/.m2/repository/org/apache/kerby/kerb-server/1.0.1/kerb-server-1.0.1.jar:/home/runner/.m2/repository/org/apache/kerby/kerb-identity/1.0.1/kerb-identity-1.0.1.jar:/home/runner/.m2/repository/org/apache/kerby/kerby-xdr/1.0.1/kerby-xdr-1.0.1.jar:/home/runner/.m2/repository/org/slf4j/slf4j-log4j12/1.7.30/slf4j-log4j12-1.7.30.jar:/home/runner/.m2/repository/org/apache/ozone/ozone-s3gateway/1.3.0-SNAPSHOT/ozone-s3gateway-1.3.0-SNAPSHOT.jar:/home/runner/.m2/repository/org/javassist/javassist/3.21.0-GA/javassist-3.21.0-GA.jar:/home/runner/.m2/repository/org/jboss/weld/servlet/weld-servlet/2.4.7.Final/weld-servlet-2.4.7.Final.jar:/home/runner/.m2/repository/org/glassfish/jersey/containers/jersey-container-servlet-core/2.33/jersey-container-servlet-core-2.33.jar:/home/runner/.m2/repository/org/glassfish/hk2/external/jakarta.inject/2.6.1/jakarta.inject-2.6.1.jar:/home/runner/.m2/repository/org/glassfish/jersey/core/jersey-common/2.33/jersey-common-2.33.jar:/home/runner/.m2/repository/jakarta/ws/rs/jakarta.ws.rs-api/2.1.6/jakarta.ws.rs-api-2.1.6.jar:/home/runner/.m2/repository/org/glassfish/jersey/ext/cdi/jersey-cdi1x/2.33/jersey-cdi1x-2.33.jar:/home/runner/.m2/repository/org/glassfish/jersey/inject/jersey-hk2/2.33/jersey-hk2-2.33.jar:/home/runner/.m2/repository/org/glassfish/hk2/hk2-locator/2.6.1/hk2-locator-2.6.1.jar:/home/runner/.m2/repository/org/glassfish/jersey/media/jersey-media-jaxb/2.33/jersey-media-jaxb-2.33.jar:/home/runner/.m2/repository/org/glassfish/hk2/osgi-resource-locator/1.0.3/osgi-resource-locator-1.0.3.jar:/home/runner/.m2/repository/org/glassfish/hk2/hk2-api/2.5.0/hk2-api-2.5.0.jar:/home/runner/.m2/repository/org/glassfish/hk2/hk2-utils/2.5.0/hk2-utils-2.5.0.jar:/home/runner/.m2/repository/org/glassfish/hk2/external/aopalliance-repackaged/2.5.0/aopalliance-repackaged-2.5.0.jar:/home/runner/.m2/repository/com/fasterxml/jackson/dataformat/jackson-dataformat-xml/2.12.1/jackson-dataformat-xml-2.12.1.jar:/home/runner/.m2/repository/com/fasterxml/jackson/core/jackson-core/2.12.1/jackson-core-2.12.1.jar:/home/runner/.m2/repository/com/fasterxml/jackson/module/jackson-module-jaxb-annotations/2.12.1/jackson-module-jaxb-annotations-2.12.1.jar:/home/runner/.m2/repository/jakarta/xml/bind/jakarta.xml.bind-api/2.3.2/jakarta.xml.bind-api-2.3.2.jar:/home/runner/.m2/repository/org/codehaus/woodstox/stax2-api/3.1.4/stax2-api-3.1.4.jar:/home/runner/.m2/repository/com/fasterxml/woodstox/woodstox-core/5.0.3/woodstox-core-5.0.3.jar:/home/runner/.m2/repository/javax/enterprise/cdi-api/1.2/cdi-api-1.2.jar:/home/runner/.m2/repository/javax/el/javax.el-api/3.0.0/javax.el-api-3.0.0.jar:/home/runner/.m2/repository/javax/interceptor/javax.interceptor-api/1.2/javax.interceptor-api-1.2.jar:/home/runner/.m2/repository/javax/inject/javax.inject/1/javax.inject-1.jar:/home/runner/.m2/repository/javax/xml/bind/jaxb-api/2.3.0/jaxb-api-2.3.0.jar:/home/runner/.m2/repository/org/glassfish/jaxb/jaxb-runtime/2.3.0.1/jaxb-runtime-2.3.0.1.jar:/home/runner/.m2/repository/org/glassfish/jaxb/jaxb-core/2.3.0.1/jaxb-core-2.3.0.1.jar:/home/runner/.m2/repository/org/glassfish/jaxb/txw2/2.3.0.1/txw2-2.3.0.1.jar:/home/runner/.m2/repository/com/sun/istack/istack-commons-runtime/3.0.5/istack-commons-runtime-3.0.5.jar:/home/runner/.m2/repository/org/jvnet/staxex/stax-ex/1.7.8/stax-ex-1.7.8.jar:/home/runner/.m2/repository/com/sun/xml/fastinfoset/FastInfoset/1.2.13/FastInfoset-1.2.13.jar:/home/runner/.m2/repository/javax/activation/activation/1.1.1/activation-1.1.1.jar:/home/runner/.m2/repository/org/apache/ozone/ozone-csi/1.3.0-SNAPSHOT/ozone-csi-1.3.0-SNAPSHOT.jar:/home/runner/.m2/repository/com/google/protobuf/protobuf-java-util/3.12.0/protobuf-java-util-3.12.0.jar:/home/runner/.m2/repository/com/google/code/gson/gson/2.2.4/gson-2.2.4.jar:/home/runner/.m2/repository/org/apache/ozone/hdds-config/1.3.0-SNAPSHOT/hdds-config-1.3.0-SNAPSHOT.jar:/home/runner/.m2/repository/io/grpc/grpc-netty/1.33.0/grpc-netty-1.33.0.jar:/home/runner/.m2/repository/io/grpc/grpc-core/1.33.0/grpc-core-1.33.0.jar:/home/runner/.m2/repository/com/google/android/annotations/4.1.1.4/annotations-4.1.1.4.jar:/home/runner/.m2/repository/io/netty/netty-codec-http2/4.1.63.Final/netty-codec-http2-4.1.63.Final.jar:/home/runner/.m2/repository/io/netty/netty-codec-http/4.1.63.Final/netty-codec-http-4.1.63.Final.jar:/home/runner/.m2/repository/io/netty/netty-handler-proxy/4.1.63.Final/netty-handler-proxy-4.1.63.Final.jar:/home/runner/.m2/repository/io/netty/netty-codec-socks/4.1.63.Final/netty-codec-socks-4.1.63.Final.jar:/home/runner/.m2/repository/io/perfmark/perfmark-api/0.19.0/perfmark-api-0.19.0.jar:/home/runner/.m2/repository/org/codehaus/mojo/animal-sniffer-annotations/1.18/animal-sniffer-annotations-1.18.jar:/home/runner/.m2/repository/io/netty/netty-transport-native-epoll/4.1.63.Final/netty-transport-native-epoll-4.1.63.Final.jar:/home/runner/.m2/repository/io/netty/netty-common/4.1.63.Final/netty-common-4.1.63.Final.jar:/home/runner/.m2/repository/io/netty/netty-buffer/4.1.63.Final/netty-buffer-4.1.63.Final.jar:/home/runner/.m2/repository/io/netty/netty-transport-native-unix-common/4.1.63.Final/netty-transport-native-unix-common-4.1.63.Final.jar:/home/runner/.m2/repository/io/grpc/grpc-protobuf/1.33.0/grpc-protobuf-1.33.0.jar:/home/runner/.m2/repository/io/grpc/grpc-api/1.33.0/grpc-api-1.33.0.jar:/home/runner/.m2/repository/io/grpc/grpc-context/1.33.0/grpc-context-1.33.0.jar:/home/runner/.m2/repository/com/google/api/grpc/proto-google-common-protos/1.17.0/proto-google-common-protos-1.17.0.jar:/home/runner/.m2/repository/io/grpc/grpc-protobuf-lite/1.33.0/grpc-protobuf-lite-1.33.0.jar:/home/runner/.m2/repository/io/grpc/grpc-stub/1.33.0/grpc-stub-1.33.0.jar:/home/runner/.m2/repository/org/apache/ozone/ozone-recon/1.3.0-SNAPSHOT/ozone-recon-1.3.0-SNAPSHOT.jar:/home/runner/.m2/repository/org/apache/ozone/ozone-reconcodegen/1.3.0-SNAPSHOT/ozone-reconcodegen-1.3.0-SNAPSHOT.jar:/home/runner/.m2/repository/com/google/inject/extensions/guice-multibindings/4.0/guice-multibindings-4.0.jar:/home/runner/.m2/repository/com/google/inject/guice/4.0/guice-4.0.jar:/home/runner/.m2/repository/aopalliance/aopalliance/1.0/aopalliance-1.0.jar:/home/runner/.m2/repository/com/google/inject/extensions/guice-assistedinject/4.0/guice-assistedinject-4.0.jar:/home/runner/.m2/repository/com/google/inject/extensions/guice-servlet/4.0/guice-servlet-4.0.jar:/home/runner/.m2/repository/org/glassfish/jersey/containers/jersey-container-servlet/2.33/jersey-container-servlet-2.33.jar:/home/runner/.m2/repository/org/glassfish/hk2/guice-bridge/2.5.0/guice-bridge-2.5.0.jar:/home/runner/.m2/repository/org/glassfish/jersey/core/jersey-server/2.33/jersey-server-2.33.jar:/home/runner/.m2/repository/org/glassfish/jersey/core/jersey-client/2.33/jersey-client-2.33.jar:/home/runner/.m2/repository/jakarta/annotation/jakarta.annotation-api/1.3.5/jakarta.annotation-api-1.3.5.jar:/home/runner/.m2/repository/jakarta/validation/jakarta.validation-api/2.0.2/jakarta.validation-api-2.0.2.jar:/home/runner/.m2/repository/org/glassfish/jersey/media/jersey-media-json-jackson/2.33/jersey-media-json-jackson-2.33.jar:/home/runner/.m2/repository/org/glassfish/jersey/ext/jersey-entity-filtering/2.33/jersey-entity-filtering-2.33.jar:/home/runner/.m2/repository/org/jooq/jooq/3.11.10/jooq-3.11.10.jar:/home/runner/.m2/repository/org/jooq/jooq-meta/3.11.10/jooq-meta-3.11.10.jar:/home/runner/.m2/repository/org/jooq/jooq-codegen/3.11.10/jooq-codegen-3.11.10.jar:/home/runner/.m2/repository/com/jolbox/bonecp/0.8.0.RELEASE/bonecp-0.8.0.RELEASE.jar:/home/runner/.m2/repository/org/apache/derby/derby/10.14.2.0/derby-10.14.2.0.jar:/home/runner/.m2/repository/org/xerial/sqlite-jdbc/3.25.2/sqlite-jdbc-3.25.2.jar:/home/runner/.m2/repository/org/springframework/spring-jdbc/5.2.18.RELEASE/spring-jdbc-5.2.18.RELEASE.jar:/home/runner/.m2/repository/org/springframework/spring-beans/5.2.18.RELEASE/spring-beans-5.2.18.RELEASE.jar:/home/runner/.m2/repository/org/springframework/spring-core/5.2.18.RELEASE/spring-core-5.2.18.RELEASE.jar:/home/runner/.m2/repository/org/springframework/spring-jcl/5.2.18.RELEASE/spring-jcl-5.2.18.RELEASE.jar:/home/runner/.m2/repository/org/springframework/spring-tx/5.2.18.RELEASE/spring-tx-5.2.18.RELEASE.jar:/home/runner/.m2/repository/org/apache/ozone/ozone-client/1.3.0-SNAPSHOT/ozone-client-1.3.0-SNAPSHOT.jar:/home/runner/.m2/repository/org/apache/ozone/ozone-filesystem/1.3.0-SNAPSHOT/ozone-filesystem-1.3.0-SNAPSHOT.jar:/home/runner/.m2/repository/org/apache/ozone/ozone-filesystem-common/1.3.0-SNAPSHOT/ozone-filesystem-common-1.3.0-SNAPSHOT.jar:/home/runner/.m2/repository/org/apache/ozone/ozone-tools/1.3.0-SNAPSHOT/ozone-tools-1.3.0-SNAPSHOT.jar:/home/runner/.m2/repository/org/apache/ratis/ratis-tools/2.2.0/ratis-tools-2.2.0.jar:/home/runner/.m2/repository/com/amazonaws/aws-java-sdk-core/1.12.124/aws-java-sdk-core-1.12.124.jar:/home/runner/.m2/repository/org/apache/httpcomponents/httpclient/4.5.13/httpclient-4.5.13.jar:/home/runner/.m2/repository/org/apache/httpcomponents/httpcore/4.4.13/httpcore-4.4.13.jar:/home/runner/.m2/repository/software/amazon/ion/ion-java/1.0.2/ion-java-1.0.2.jar:/home/runner/.m2/repository/com/fasterxml/jackson/dataformat/jackson-dataformat-cbor/2.12.1/jackson-dataformat-cbor-2.12.1.jar:/home/runner/.m2/repository/joda-time/joda-time/2.8.1/joda-time-2.8.1.jar:/home/runner/.m2/repository/com/amazonaws/aws-java-sdk-s3/1.12.124/aws-java-sdk-s3-1.12.124.jar:/home/runner/.m2/repository/com/amazonaws/aws-java-sdk-kms/1.12.124/aws-java-sdk-kms-1.12.124.jar:/home/runner/.m2/repository/com/amazonaws/jmespath-java/1.12.124/jmespath-java-1.12.124.jar:/home/runner/.m2/repository/org/kohsuke/metainf-services/metainf-services/1.8/metainf-services-1.8.jar:/home/runner/.m2/repository/org/apache/ozone/hdds-tools/1.3.0-SNAPSHOT/hdds-tools-1.3.0-SNAPSHOT.jar:/home/runner/.m2/repository/commons-cli/commons-cli/1.2/commons-cli-1.2.jar:/home/runner/.m2/repository/org/apache/commons/commons-lang3/3.7/commons-lang3-3.7.jar:/home/runner/.m2/repository/org/apache/ozone/ozone-manager/1.3.0-SNAPSHOT/ozone-manager-1.3.0-SNAPSHOT-tests.jar:/home/runner/.m2/repository/org/apache/ozone/hdds-common/1.3.0-SNAPSHOT/hdds-common-1.3.0-SNAPSHOT-tests.jar:/home/runner/.m2/repository/org/apache/ozone/hdds-hadoop-dependency-client/1.3.0-SNAPSHOT/hdds-hadoop-dependency-client-1.3.0-SNAPSHOT.jar:/home/runner/.m2/repository/info/picocli/picocli/4.6.1/picocli-4.6.1.jar:/home/runner/.m2/repository/com/fasterxml/jackson/core/jackson-annotations/2.12.1/jackson-annotations-2.12.1.jar:/home/runner/.m2/repository/javax/annotation/javax.annotation-api/1.2/javax.annotation-api-1.2.jar:/home/runner/.m2/repository/org/apache/ratis/ratis-server/2.2.0/ratis-server-2.2.0.jar:/home/runner/.m2/repository/org/apache/ratis/ratis-client/2.2.0/ratis-client-2.2.0.jar:/home/runner/.m2/repository/org/apache/ratis/ratis-server-api/2.2.0/ratis-server-api-2.2.0.jar:/home/runner/.m2/repository/org/apache/ratis/ratis-metrics/2.2.0/ratis-metrics-2.2.0.jar:/home/runner/.m2/repository/org/apache/ratis/ratis-netty/2.2.0/ratis-netty-2.2.0.jar:/home/runner/.m2/repository/org/apache/ratis/ratis-grpc/2.2.0/ratis-grpc-2.2.0.jar:/home/runner/.m2/repository/org/apache/logging/log4j/log4j-api/2.17.1/log4j-api-2.17.1.jar:/home/runner/.m2/repository/org/apache/logging/log4j/log4j-core/2.17.1/log4j-core-2.17.1.jar:/home/runner/.m2/repository/com/lmax/disruptor/3.4.2/disruptor-3.4.2.jar:/home/runner/.m2/repository/org/apache/commons/commons-pool2/2.6.0/commons-pool2-2.6.0.jar:/home/runner/.m2/repository/org/bouncycastle/bcpkix-jdk15on/1.67/bcpkix-jdk15on-1.67.jar:/home/runner/.m2/repository/commons-validator/commons-validator/1.6/commons-validator-1.6.jar:/home/runner/.m2/repository/commons-beanutils/commons-beanutils/1.9.4/commons-beanutils-1.9.4.jar:/home/runner/.m2/repository/commons-digester/commons-digester/1.8.1/commons-digester-1.8.1.jar:/home/runner/.m2/repository/commons-collections/commons-collections/3.2.2/commons-collections-3.2.2.jar:/home/runner/.m2/repository/io/jaegertracing/jaeger-client/1.6.0/jaeger-client-1.6.0.jar:/home/runner/.m2/repository/io/jaegertracing/jaeger-thrift/1.6.0/jaeger-thrift-1.6.0.jar:/home/runner/.m2/repository/org/apache/thrift/libthrift/0.14.1/libthrift-0.14.1.jar:/home/runner/.m2/repository/com/squareup/okhttp3/okhttp/4.9.0/okhttp-4.9.0.jar:/home/runner/.m2/repository/com/squareup/okio/okio/2.8.0/okio-2.8.0.jar:/home/runner/.m2/repository/io/jaegertracing/jaeger-core/1.6.0/jaeger-core-1.6.0.jar:/home/runner/.m2/repository/io/jaegertracing/jaeger-tracerresolver/1.6.0/jaeger-tracerresolver-1.6.0.jar:/home/runner/.m2/repository/io/opentracing/contrib/opentracing-tracerresolver/0.1.8/opentracing-tracerresolver-0.1.8.jar:/home/runner/.m2/repository/org/jetbrains/kotlin/kotlin-stdlib/1.4.31/kotlin-stdlib-1.4.31.jar:/home/runner/.m2/repository/org/jetbrains/kotlin/kotlin-stdlib-common/1.4.31/kotlin-stdlib-common-1.4.31.jar:/home/runner/.m2/repository/org/jetbrains/annotations/13.0/annotations-13.0.jar:/home/runner/.m2/repository/io/opentracing/opentracing-util/0.33.0/opentracing-util-0.33.0.jar:/home/runner/.m2/repository/io/opentracing/opentracing-api/0.33.0/opentracing-api-0.33.0.jar:/home/runner/.m2/repository/io/opentracing/opentracing-noop/0.33.0/opentracing-noop-0.33.0.jar:/home/runner/.m2/repository/org/yaml/snakeyaml/1.26/snakeyaml-1.26.jar:/home/runner/.m2/repository/org/apache/ozone/hdds-interface-admin/1.3.0-SNAPSHOT/hdds-interface-admin-1.3.0-SNAPSHOT.jar:/home/runner/.m2/repository/junit/junit/4.13.1/junit-4.13.1.jar:/home/runner/.m2/repository/org/hamcrest/hamcrest-core/1.3/hamcrest-core-1.3.jar:/home/runner/.m2/repository/org/junit/jupiter/junit-jupiter-api/5.7.0/junit-jupiter-api-5.7.0.jar:/home/runner/.m2/repository/org/apiguardian/apiguardian-api/1.1.0/apiguardian-api-1.1.0.jar:/home/runner/.m2/repository/org/opentest4j/opentest4j/1.2.0/opentest4j-1.2.0.jar:/home/runner/.m2/repository/org/junit/platform/junit-platform-commons/1.7.0/junit-platform-commons-1.7.0.jar:/home/runner/.m2/repository/org/junit/jupiter/junit-jupiter-engine/5.7.0/junit-jupiter-engine-5.7.0.jar:/home/runner/.m2/repository/org/junit/platform/junit-platform-engine/1.7.0/junit-platform-engine-1.7.0.jar:/home/runner/.m2/repository/org/junit/vintage/junit-vintage-engine/5.7.0/junit-vintage-engine-5.7.0.jar:/home/runner/.m2/repository/org/junit/platform/junit-platform-launcher/1.7.0/junit-platform-launcher-1.7.0.jar:/home/runner/.m2/repository/org/mockito/mockito-core/2.28.2/mockito-core-2.28.2.jar:/home/runner/.m2/repository/net/bytebuddy/byte-buddy/1.9.10/byte-buddy-1.9.10.jar:/home/runner/.m2/repository/net/bytebuddy/byte-buddy-agent/1.9.10/byte-buddy-agent-1.9.10.jar:/home/runner/.m2/repository/org/objenesis/objenesis/1.0/objenesis-1.0.jar:/home/runner/.m2/repository/org/apache/hadoop/hadoop-kms/3.3.1/hadoop-kms-3.3.1.jar:/home/runner/.m2/repository/org/apache/hadoop/hadoop-auth/3.3.1/hadoop-auth-3.3.1.jar:/home/runner/.m2/repository/com/nimbusds/nimbus-jose-jwt/7.9/nimbus-jose-jwt-7.9.jar:/home/runner/.m2/repository/com/github/stephenc/jcip/jcip-annotations/1.0-1/jcip-annotations-1.0-1.jar:/home/runner/.m2/repository/net/minidev/json-smart/2.3.1/json-smart-2.3.1.jar:/home/runner/.m2/repository/net/minidev/accessors-smart/2.3.1/accessors-smart-2.3.1.jar:/home/runner/.m2/repository/org/ow2/asm/asm/5.0.4/asm-5.0.4.jar:/home/runner/.m2/repository/org/apache/zookeeper/zookeeper/3.5.6/zookeeper-3.5.6.jar:/home/runner/.m2/repository/org/apache/zookeeper/zookeeper-jute/3.5.6/zookeeper-jute-3.5.6.jar:/home/runner/.m2/repository/org/apache/yetus/audience-annotations/0.5.0/audience-annotations-0.5.0.jar:/home/runner/.m2/repository/org/apache/curator/curator-framework/4.2.0/curator-framework-4.2.0.jar:/home/runner/.m2/repository/org/apache/hadoop/thirdparty/hadoop-shaded-guava/1.1.1/hadoop-shaded-guava-1.1.1.jar:/home/runner/.m2/repository/com/sun/jersey/jersey-core/1.19/jersey-core-1.19.jar:/home/runner/.m2/repository/javax/ws/rs/jsr311-api/1.1.1/jsr311-api-1.1.1.jar:/home/runner/.m2/repository/com/sun/jersey/jersey-server/1.19/jersey-server-1.19.jar:/home/runner/.m2/repository/javax/servlet/javax.servlet-api/3.1.0/javax.servlet-api-3.1.0.jar:/home/runner/.m2/repository/org/eclipse/jetty/jetty-server/9.4.43.v20210629/jetty-server-9.4.43.v20210629.jar:/home/runner/.m2/repository/org/eclipse/jetty/jetty-http/9.4.43.v20210629/jetty-http-9.4.43.v20210629.jar:/home/runner/.m2/repository/org/eclipse/jetty/jetty-io/9.4.43.v20210629/jetty-io-9.4.43.v20210629.jar:/home/runner/.m2/repository/org/eclipse/jetty/jetty-webapp/9.4.43.v20210629/jetty-webapp-9.4.43.v20210629.jar:/home/runner/.m2/repository/org/eclipse/jetty/jetty-xml/9.4.43.v20210629/jetty-xml-9.4.43.v20210629.jar:/home/runner/.m2/repository/org/apache/hadoop/hadoop-common/3.3.1/hadoop-common-3.3.1.jar:/home/runner/.m2/repository/org/apache/commons/commons-math3/3.1.1/commons-math3-3.1.1.jar:/home/runner/.m2/repository/commons-net/commons-net/3.6/commons-net-3.6.jar:/home/runner/.m2/repository/jakarta/activation/jakarta.activation-api/1.2.1/jakarta.activation-api-1.2.1.jar:/home/runner/.m2/repository/com/sun/jersey/jersey-servlet/1.19/jersey-servlet-1.19.jar:/home/runner/.m2/repository/com/sun/jersey/jersey-json/1.19/jersey-json-1.19.jar:/home/runner/.m2/repository/org/codehaus/jettison/jettison/1.1/jettison-1.1.jar:/home/runner/.m2/repository/com/sun/xml/bind/jaxb-impl/2.2.3-1/jaxb-impl-2.2.3-1.jar:/home/runner/.m2/repository/org/codehaus/jackson/jackson-jaxrs/1.9.2/jackson-jaxrs-1.9.2.jar:/home/runner/.m2/repository/org/codehaus/jackson/jackson-xc/1.9.2/jackson-xc-1.9.2.jar:/home/runner/.m2/repository/org/apache/commons/commons-configuration2/2.1.1/commons-configuration2-2.1.1.jar:/home/runner/.m2/repository/org/apache/commons/commons-text/1.4/commons-text-1.4.jar:/home/runner/.m2/repository/com/google/re2j/re2j/1.1/re2j-1.1.jar:/home/runner/.m2/repository/com/jcraft/jsch/0.1.54/jsch-0.1.54.jar:/home/runner/.m2/repository/org/apache/curator/curator-client/4.2.0/curator-client-4.2.0.jar:/home/runner/.m2/repository/org/apache/curator/curator-recipes/4.2.0/curator-recipes-4.2.0.jar:/home/runner/.m2/repository/org/apache/kerby/kerb-core/1.0.1/kerb-core-1.0.1.jar:/home/runner/.m2/repository/org/apache/kerby/kerby-pkix/1.0.1/kerby-pkix-1.0.1.jar:/home/runner/.m2/repository/org/apache/kerby/kerby-asn1/1.0.1/kerby-asn1-1.0.1.jar:/home/runner/.m2/repository/org/apache/kerby/kerby-util/1.0.1/kerby-util-1.0.1.jar:/home/runner/.m2/repository/dnsjava/dnsjava/2.1.7/dnsjava-2.1.7.jar:/home/runner/.m2/repository/org/xerial/snappy/snappy-java/1.1.8.2/snappy-java-1.1.8.2.jar:/home/runner/.m2/repository/org/slf4j/jul-to-slf4j/1.7.30/jul-to-slf4j-1.7.30.jar:/home/runner/.m2/repository/org/eclipse/jetty/jetty-util/9.4.43.v20210629/jetty-util-9.4.43.v20210629.jar:/home/runner/.m2/repository/com/fasterxml/jackson/core/jackson-databind/2.12.1/jackson-databind-2.12.1.jar:/home/runner/.m2/repository/org/apache/hadoop/hadoop-kms/3.3.1/hadoop-kms-3.3.1-tests.jar:/home/runner/.m2/repository/org/apache/ozone/hdds-server-scm/1.3.0-SNAPSHOT/hdds-server-scm-1.3.0-SNAPSHOT-tests.jar:/home/runner/.m2/repository/org/apache/ozone/hdds-container-service/1.3.0-SNAPSHOT/hdds-container-service-1.3.0-SNAPSHOT-tests.jar:/home/runner/.m2/repository/commons-codec/commons-codec/1.11/commons-codec-1.11.jar:/home/runner/.m2/repository/io/netty/netty-transport/4.1.63.Final/netty-transport-4.1.63.Final.jar:/home/runner/.m2/repository/io/netty/netty-resolver/4.1.63.Final/netty-resolver-4.1.63.Final.jar:/home/runner/.m2/repository/io/netty/netty-codec/4.1.63.Final/netty-codec-4.1.63.Final.jar:/home/runner/.m2/repository/io/netty/netty-handler/4.1.63.Final/netty-handler-4.1.63.Final.jar:/home/runner/.m2/repository/org/apache/ozone/hdds-hadoop-dependency-test/1.3.0-SNAPSHOT/hdds-hadoop-dependency-test-1.3.0-SNAPSHOT.jar:/home/runner/.m2/repository/org/apache/hadoop/hadoop-common/3.3.1/hadoop-common-3.3.1-tests.jar:/home/runner/.m2/repository/org/assertj/assertj-core/3.12.2/assertj-core-3.12.2.jar:/home/runner/.m2/repository/org/apache/hadoop/hadoop-hdfs/3.3.1/hadoop-hdfs-3.3.1-tests.jar:/home/runner/.m2/repository/org/eclipse/jetty/jetty-util-ajax/9.4.43.v20210629/jetty-util-ajax-9.4.43.v20210629.jar:/home/runner/.m2/repository/commons-daemon/commons-daemon/1.0.13/commons-daemon-1.0.13.jar:/home/runner/.m2/repository/io/netty/netty/3.10.6.Final/netty-3.10.6.Final.jar:/home/runner/.m2/repository/io/netty/netty-all/4.1.63.Final/netty-all-4.1.63.Final.jar:/home/runner/.m2/repository/org/apache/htrace/htrace-core4/4.1.0-incubating/htrace-core4-4.1.0-incubating.jar:/home/runner/.m2/repository/org/fusesource/leveldbjni/leveldbjni-all/1.8/leveldbjni-all-1.8.jar:/home/runner/.m2/repository/org/apache/hadoop/hadoop-distcp/3.3.1/hadoop-distcp-3.3.1.jar:/home/runner/.m2/repository/org/apache/hadoop/hadoop-mapreduce-client-jobclient/3.3.1/hadoop-mapreduce-client-jobclient-3.3.1.jar:/home/runner/.m2/repository/org/apache/hadoop/hadoop-mapreduce-client-common/3.3.1/hadoop-mapreduce-client-common-3.3.1.jar:/home/runner/.m2/repository/org/apache/hadoop/hadoop-yarn-common/3.3.1/hadoop-yarn-common-3.3.1.jar:/home/runner/.m2/repository/org/apache/hadoop/hadoop-yarn-api/3.3.1/hadoop-yarn-api-3.3.1.jar:/home/runner/.m2/repository/com/sun/jersey/jersey-client/1.19/jersey-client-1.19.jar:/home/runner/.m2/repository/com/sun/jersey/contribs/jersey-guice/1.19/jersey-guice-1.19.jar:/home/runner/.m2/repository/com/fasterxml/jackson/jaxrs/jackson-jaxrs-json-provider/2.12.1/jackson-jaxrs-json-provider-2.12.1.jar:/home/runner/.m2/repository/com/fasterxml/jackson/jaxrs/jackson-jaxrs-base/2.12.1/jackson-jaxrs-base-2.12.1.jar:/home/runner/.m2/repository/org/apache/hadoop/hadoop-yarn-client/3.3.1/hadoop-yarn-client-3.3.1.jar:/home/runner/.m2/repository/org/eclipse/jetty/websocket/websocket-client/9.4.40.v20210413/websocket-client-9.4.40.v20210413.jar:/home/runner/.m2/repository/org/eclipse/jetty/jetty-client/9.4.40.v20210413/jetty-client-9.4.40.v20210413.jar:/home/runner/.m2/repository/org/eclipse/jetty/websocket/websocket-common/9.4.40.v20210413/websocket-common-9.4.40.v20210413.jar:/home/runner/.m2/repository/org/eclipse/jetty/websocket/websocket-api/9.4.40.v20210413/websocket-api-9.4.40.v20210413.jar:/home/runner/.m2/repository/org/jline/jline/3.9.0/jline-3.9.0.jar:/home/runner/.m2/repository/org/apache/hadoop/hadoop-mapreduce-client-core/3.3.1/hadoop-mapreduce-client-core-3.3.1.jar:/home/runner/.m2/repository/org/apache/avro/avro/1.7.7/avro-1.7.7.jar:/home/runner/.m2/repository/org/codehaus/jackson/jackson-core-asl/1.9.13/jackson-core-asl-1.9.13.jar:/home/runner/.m2/repository/org/codehaus/jackson/jackson-mapper-asl/1.9.13/jackson-mapper-asl-1.9.13.jar:/home/runner/.m2/repository/com/thoughtworks/paranamer/paranamer/2.3/paranamer-2.3.jar:/home/runner/.m2/repository/org/apache/hadoop/hadoop-annotations/3.3.1/hadoop-annotations-3.3.1.jar:/usr/lib/jvm/temurin-8-jdk-amd64/jre/../lib/tools.jar:/home/runner/.m2/repository/org/apache/hadoop/hadoop-distcp/3.3.1/hadoop-distcp-3.3.1-tests.jar:/home/runner/.m2/repository/org/apache/ratis/ratis-common/2.2.0/ratis-common-2.2.0.jar:/home/runner/.m2/repository/org/apache/ratis/ratis-thirdparty-misc/0.7.0/ratis-thirdparty-misc-0.7.0.jar:/home/runner/.m2/repository/org/apache/ratis/ratis-proto/2.2.0/ratis-proto-2.2.0.jar:"/>
    <property name="sun.cpu.endian" value="little"/>
    <property name="user.home" value="/home/runner"/>
    <property name="user.language" value="en"/>
    <property name="java.specification.vendor" value="Oracle Corporation"/>
    <property name="java.home" value="/usr/lib/jvm/temurin-8-jdk-amd64/jre"/>
    <property name="java.security.krb5.conf" value="/home/runner/work/ozone/ozone/hadoop-ozone/integration-test/target/test-classes/krb5.conf"/>
    <property name="basedir" value="/home/runner/work/ozone/ozone/hadoop-ozone/integration-test"/>
    <property name="file.separator" value="/"/>
    <property name="line.separator" value="&#10;"/>
    <property name="java.vm.specification.vendor" value="Oracle Corporation"/>
    <property name="java.specification.name" value="Java Platform API Specification"/>
    <property name="java.awt.graphicsenv" value="sun.awt.X11GraphicsEnvironment"/>
    <property name="skip.installnpx" value="true"/>
    <property name="surefire.real.class.path" value="/home/runner/work/ozone/ozone/hadoop-ozone/integration-test/target/surefire/surefirebooter5237180262965359807.jar:/home/runner/.m2/repository/org/jacoco/org.jacoco.agent/0.8.5/org.jacoco.agent-0.8.5-runtime.jar"/>
    <property name="hadoop.log.dir" value="/home/runner/work/ozone/ozone/hadoop-ozone/integration-test/target/log"/>
    <property name="sun.boot.class.path" value="/usr/lib/jvm/temurin-8-jdk-amd64/jre/lib/resources.jar:/usr/lib/jvm/temurin-8-jdk-amd64/jre/lib/rt.jar:/usr/lib/jvm/temurin-8-jdk-amd64/jre/lib/sunrsasign.jar:/usr/lib/jvm/temurin-8-jdk-amd64/jre/lib/jsse.jar:/usr/lib/jvm/temurin-8-jdk-amd64/jre/lib/jce.jar:/usr/lib/jvm/temurin-8-jdk-amd64/jre/lib/charsets.jar:/usr/lib/jvm/temurin-8-jdk-amd64/jre/lib/jfr.jar:/usr/lib/jvm/temurin-8-jdk-amd64/jre/classes"/>
    <property name="sun.management.compiler" value="HotSpot 64-Bit Tiered Compilers"/>
    <property name="skip.npx" value="true"/>
    <property name="java.runtime.version" value="1.8.0_312-b07"/>
    <property name="java.net.preferIPv4Stack" value="true"/>
    <property name="user.name" value="runner"/>
    <property name="path.separator" value=":"/>
    <property name="java.security.egd" value="file:///dev/urandom"/>
    <property name="os.version" value="5.4.0-1068-azure"/>
    <property name="java.endorsed.dirs" value="/usr/lib/jvm/temurin-8-jdk-amd64/jre/lib/endorsed"/>
    <property name="java.runtime.name" value="OpenJDK Runtime Environment"/>
    <property name="file.encoding" value="UTF-8"/>
    <property name="java.vm.name" value="OpenJDK 64-Bit Server VM"/>
    <property name="test.build.webapps" value=""/>
    <property name="localRepository" value="/home/runner/.m2/repository"/>
    <property name="java.vendor.url.bug" value="https://github.com/adoptium/adoptium-support/issues"/>
    <property name="java.io.tmpdir" value="/tmp"/>
    <property name="require.test.libhadoop" value=""/>
    <property name="java.version" value="1.8.0_312"/>
    <property name="user.dir" value="/home/runner/work/ozone/ozone/hadoop-ozone/integration-test"/>
    <property name="os.arch" value="amd64"/>
    <property name="java.vm.specification.name" value="Java Virtual Machine Specification"/>
    <property name="test.build.classes" value="/home/runner/work/ozone/ozone/hadoop-ozone/integration-test/target/test-classes"/>
    <property name="java.awt.printerjob" value="sun.print.PSPrinterJob"/>
    <property name="sun.os.patch.level" value="unknown"/>
    <property name="hadoop.tmp.dir" value="/home/runner/work/ozone/ozone/hadoop-ozone/integration-test/target/tmp"/>
    <property name="java.library.path" value="/usr/java/packages/lib/amd64:/usr/lib64:/lib64:/lib:/usr/lib"/>
    <property name="java.vm.info" value="mixed mode"/>
    <property name="java.vendor" value="Temurin"/>
    <property name="java.vm.version" value="25.312-b07"/>
    <property name="java.ext.dirs" value="/usr/lib/jvm/temurin-8-jdk-amd64/jre/lib/ext:/usr/java/packages/lib/ext"/>
    <property name="sun.io.unicode.encoding" value="UnicodeLittle"/>
    <property name="java.class.version" value="52.0"/>
  </properties>
  <testcase name="testInstallSnapshot" classname="org.apache.hadoop.ozone.scm.TestSCMInstallSnapshotWithHA" time="76.813"/>
  <testcase name="testInstallOldCheckpointFailure" classname="org.apache.hadoop.ozone.scm.TestSCMInstallSnapshotWithHA" time="65.863">
    <failure message="expected:&lt;(t:2, i:128)&gt; but was:&lt;(t:2, i:28)&gt;" type="java.lang.AssertionError"><![CDATA[java.lang.AssertionError: expected:<(t:2, i:128)> but was:<(t:2, i:28)>
	at org.junit.Assert.fail(Assert.java:89)
	at org.junit.Assert.failNotEquals(Assert.java:835)
	at org.junit.Assert.assertEquals(Assert.java:120)
	at org.junit.Assert.assertEquals(Assert.java:146)
	at org.apache.hadoop.ozone.scm.TestSCMInstallSnapshotWithHA.testInstallOldCheckpointFailure(TestSCMInstallSnapshotWithHA.java:208)
	at sun.reflect.NativeMethodAccessorImpl.invoke0(Native Method)
	at sun.reflect.NativeMethodAccessorImpl.invoke(NativeMethodAccessorImpl.java:62)
	at sun.reflect.DelegatingMethodAccessorImpl.invoke(DelegatingMethodAccessorImpl.java:43)
	at java.lang.reflect.Method.invoke(Method.java:498)
	at org.junit.platform.commons.util.ReflectionUtils.invokeMethod(ReflectionUtils.java:688)
	at org.junit.jupiter.engine.execution.MethodInvocation.proceed(MethodInvocation.java:60)
	at org.junit.jupiter.engine.execution.InvocationInterceptorChain$ValidatingInvocation.proceed(InvocationInterceptorChain.java:131)
	at org.junit.jupiter.engine.extension.TimeoutInvocation.proceed(TimeoutInvocation.java:46)
	at org.junit.jupiter.engine.extension.TimeoutExtension.intercept(TimeoutExtension.java:149)
	at org.junit.jupiter.engine.extension.TimeoutExtension.interceptTestableMethod(TimeoutExtension.java:140)
	at org.junit.jupiter.engine.extension.TimeoutExtension.interceptTestMethod(TimeoutExtension.java:84)
	at org.junit.jupiter.engine.execution.ExecutableInvoker$ReflectiveInterceptorCall.lambda$ofVoidMethod$0(ExecutableInvoker.java:115)
	at org.junit.jupiter.engine.execution.ExecutableInvoker.lambda$invoke$0(ExecutableInvoker.java:105)
	at org.junit.jupiter.engine.execution.InvocationInterceptorChain$InterceptedInvocation.proceed(InvocationInterceptorChain.java:106)
	at org.junit.jupiter.engine.execution.InvocationInterceptorChain.proceed(InvocationInterceptorChain.java:64)
	at org.junit.jupiter.engine.execution.InvocationInterceptorChain.chainAndInvoke(InvocationInterceptorChain.java:45)
	at org.junit.jupiter.engine.execution.InvocationInterceptorChain.invoke(InvocationInterceptorChain.java:37)
	at org.junit.jupiter.engine.execution.ExecutableInvoker.invoke(ExecutableInvoker.java:104)
	at org.junit.jupiter.engine.execution.ExecutableInvoker.invoke(ExecutableInvoker.java:98)
	at org.junit.jupiter.engine.descriptor.TestMethodTestDescriptor.lambda$invokeTestMethod$6(TestMethodTestDescriptor.java:210)
	at org.junit.platform.engine.support.hierarchical.ThrowableCollector.execute(ThrowableCollector.java:73)
	at org.junit.jupiter.engine.descriptor.TestMethodTestDescriptor.invokeTestMethod(TestMethodTestDescriptor.java:206)
	at org.junit.jupiter.engine.descriptor.TestMethodTestDescriptor.execute(TestMethodTestDescriptor.java:131)
	at org.junit.jupiter.engine.descriptor.TestMethodTestDescriptor.execute(TestMethodTestDescriptor.java:65)
	at org.junit.platform.engine.support.hierarchical.NodeTestTask.lambda$executeRecursively$5(NodeTestTask.java:139)
	at org.junit.platform.engine.support.hierarchical.ThrowableCollector.execute(ThrowableCollector.java:73)
	at org.junit.platform.engine.support.hierarchical.NodeTestTask.lambda$executeRecursively$7(NodeTestTask.java:129)
	at org.junit.platform.engine.support.hierarchical.Node.around(Node.java:137)
	at org.junit.platform.engine.support.hierarchical.NodeTestTask.lambda$executeRecursively$8(NodeTestTask.java:127)
	at org.junit.platform.engine.support.hierarchical.ThrowableCollector.execute(ThrowableCollector.java:73)
	at org.junit.platform.engine.support.hierarchical.NodeTestTask.executeRecursively(NodeTestTask.java:126)
	at org.junit.platform.engine.support.hierarchical.NodeTestTask.execute(NodeTestTask.java:84)
	at java.util.ArrayList.forEach(ArrayList.java:1259)
	at org.junit.platform.engine.support.hierarchical.SameThreadHierarchicalTestExecutorService.invokeAll(SameThreadHierarchicalTestExecutorService.java:38)
	at org.junit.platform.engine.support.hierarchical.NodeTestTask.lambda$executeRecursively$5(NodeTestTask.java:143)
	at org.junit.platform.engine.support.hierarchical.ThrowableCollector.execute(ThrowableCollector.java:73)
	at org.junit.platform.engine.support.hierarchical.NodeTestTask.lambda$executeRecursively$7(NodeTestTask.java:129)
	at org.junit.platform.engine.support.hierarchical.Node.around(Node.java:137)
	at org.junit.platform.engine.support.hierarchical.NodeTestTask.lambda$executeRecursively$8(NodeTestTask.java:127)
	at org.junit.platform.engine.support.hierarchical.ThrowableCollector.execute(ThrowableCollector.java:73)
	at org.junit.platform.engine.support.hierarchical.NodeTestTask.executeRecursively(NodeTestTask.java:126)
	at org.junit.platform.engine.support.hierarchical.NodeTestTask.execute(NodeTestTask.java:84)
	at java.util.ArrayList.forEach(ArrayList.java:1259)
	at org.junit.platform.engine.support.hierarchical.SameThreadHierarchicalTestExecutorService.invokeAll(SameThreadHierarchicalTestExecutorService.java:38)
	at org.junit.platform.engine.support.hierarchical.NodeTestTask.lambda$executeRecursively$5(NodeTestTask.java:143)
	at org.junit.platform.engine.support.hierarchical.ThrowableCollector.execute(ThrowableCollector.java:73)
	at org.junit.platform.engine.support.hierarchical.NodeTestTask.lambda$executeRecursively$7(NodeTestTask.java:129)
	at org.junit.platform.engine.support.hierarchical.Node.around(Node.java:137)
	at org.junit.platform.engine.support.hierarchical.NodeTestTask.lambda$executeRecursively$8(NodeTestTask.java:127)
	at org.junit.platform.engine.support.hierarchical.ThrowableCollector.execute(ThrowableCollector.java:73)
	at org.junit.platform.engine.support.hierarchical.NodeTestTask.executeRecursively(NodeTestTask.java:126)
	at org.junit.platform.engine.support.hierarchical.NodeTestTask.execute(NodeTestTask.java:84)
	at org.junit.platform.engine.support.hierarchical.SameThreadHierarchicalTestExecutorService.submit(SameThreadHierarchicalTestExecutorService.java:32)
	at org.junit.platform.engine.support.hierarchical.HierarchicalTestExecutor.execute(HierarchicalTestExecutor.java:57)
	at org.junit.platform.engine.support.hierarchical.HierarchicalTestEngine.execute(HierarchicalTestEngine.java:51)
	at org.junit.platform.launcher.core.EngineExecutionOrchestrator.execute(EngineExecutionOrchestrator.java:108)
	at org.junit.platform.launcher.core.EngineExecutionOrchestrator.execute(EngineExecutionOrchestrator.java:88)
	at org.junit.platform.launcher.core.EngineExecutionOrchestrator.lambda$execute$0(EngineExecutionOrchestrator.java:54)
	at org.junit.platform.launcher.core.EngineExecutionOrchestrator.withInterceptedStreams(EngineExecutionOrchestrator.java:67)
	at org.junit.platform.launcher.core.EngineExecutionOrchestrator.execute(EngineExecutionOrchestrator.java:52)
	at org.junit.platform.launcher.core.DefaultLauncher.execute(DefaultLauncher.java:96)
	at org.junit.platform.launcher.core.DefaultLauncher.execute(DefaultLauncher.java:75)
	at org.apache.maven.surefire.junitplatform.JUnitPlatformProvider.invokeAllTests(JUnitPlatformProvider.java:142)
	at org.apache.maven.surefire.junitplatform.JUnitPlatformProvider.invoke(JUnitPlatformProvider.java:113)
	at org.apache.maven.surefire.booter.ForkedBooter.invokeProviderInSameClassLoader(ForkedBooter.java:384)
	at org.apache.maven.surefire.booter.ForkedBooter.runSuitesInProcess(ForkedBooter.java:345)
	at org.apache.maven.surefire.booter.ForkedBooter.execute(ForkedBooter.java:126)
	at org.apache.maven.surefire.booter.ForkedBooter.main(ForkedBooter.java:418)
]]></failure>
    <system-out><![CDATA[2022-02-08 16:06:07,037 [Listener at 127.0.0.1/46615] WARN  server.ServerUtils (ServerUtils.java:getScmDbDir(148)) - ozone.scm.db.dirs is not configured. We recommend adding this setting. Falling back to ozone.metadata.dirs instead.
2022-02-08 16:06:07,040 [Listener at 127.0.0.1/46615] INFO  ha.SCMHANodeDetails (SCMHANodeDetails.java:loadSCMHAConfig(157)) - ServiceID for StorageContainerManager is scm-service-test1
2022-02-08 16:06:07,040 [Listener at 127.0.0.1/46615] INFO  ha.SCMHANodeDetails (SCMHANodeDetails.java:loadSCMHAConfig(168)) - ServiceID for StorageContainerManager is scm-service-test1
2022-02-08 16:06:07,040 [Listener at 127.0.0.1/46615] WARN  scm.ScmUtils (ScmUtils.java:logWarn(179)) - ConfigKey ozone.scm.block.client.address is deprecated, For configuring different ports for each SCM use PortConfigKey ozone.scm.block.client.port appended with serviceId and nodeId. If want to configure same port configure ozone.scm.block.client.port
2022-02-08 16:06:07,041 [Listener at 127.0.0.1/46615] WARN  scm.ScmUtils (ScmUtils.java:logWarn(179)) - ConfigKey ozone.scm.client.address is deprecated, For configuring different ports for each SCM use PortConfigKey ozone.scm.client.port appended with serviceId and nodeId. If want to configure same port configure ozone.scm.client.port
2022-02-08 16:06:07,041 [Listener at 127.0.0.1/46615] WARN  scm.ScmUtils (ScmUtils.java:logWarn(179)) - ConfigKey ozone.scm.datanode.address is deprecated, For configuring different ports for each SCM use PortConfigKey ozone.scm.datanode.port appended with serviceId and nodeId. If want to configure same port configure ozone.scm.datanode.port
2022-02-08 16:06:07,041 [Listener at 127.0.0.1/46615] WARN  scm.ScmUtils (ScmUtils.java:logWarn(179)) - ConfigKey ozone.scm.block.client.address is deprecated, For configuring different ports for each SCM use PortConfigKey ozone.scm.block.client.port appended with serviceId and nodeId. If want to configure same port configure ozone.scm.block.client.port
2022-02-08 16:06:07,041 [Listener at 127.0.0.1/46615] WARN  scm.ScmUtils (ScmUtils.java:logWarn(179)) - ConfigKey ozone.scm.client.address is deprecated, For configuring different ports for each SCM use PortConfigKey ozone.scm.client.port appended with serviceId and nodeId. If want to configure same port configure ozone.scm.client.port
2022-02-08 16:06:07,041 [Listener at 127.0.0.1/46615] WARN  scm.ScmUtils (ScmUtils.java:logWarn(179)) - ConfigKey ozone.scm.datanode.address is deprecated, For configuring different ports for each SCM use PortConfigKey ozone.scm.datanode.port appended with serviceId and nodeId. If want to configure same port configure ozone.scm.datanode.port
2022-02-08 16:06:07,041 [Listener at 127.0.0.1/46615] INFO  ha.SCMHANodeDetails (SCMHANodeDetails.java:loadSCMHAConfig(250)) - Found matching SCM address with SCMServiceId: scm-service-test1, SCMNodeId: scmNode-1, RPC Address: localhost:32791 and Ratis port: 32791
2022-02-08 16:06:07,042 [Listener at 127.0.0.1/46615] INFO  ha.SCMHANodeDetails (ConfUtils.java:setNodeSpecificConfigs(108)) - Setting configuration key ozone.scm.datanode.address with value of key ozone.scm.datanode.address.scm-service-test1.scmNode-1: 127.0.0.1:34411
2022-02-08 16:06:07,042 [Listener at 127.0.0.1/46615] INFO  ha.SCMHANodeDetails (ConfUtils.java:setNodeSpecificConfigs(108)) - Setting configuration key ozone.scm.block.client.address with value of key ozone.scm.block.client.address.scm-service-test1.scmNode-1: 127.0.0.1:44177
2022-02-08 16:06:07,047 [Listener at 127.0.0.1/46615] INFO  ha.SCMHANodeDetails (ConfUtils.java:setNodeSpecificConfigs(108)) - Setting configuration key ozone.scm.client.address with value of key ozone.scm.client.address.scm-service-test1.scmNode-1: 127.0.0.1:40003
2022-02-08 16:06:07,047 [Listener at 127.0.0.1/46615] INFO  ha.SCMHANodeDetails (ConfUtils.java:setNodeSpecificConfigs(108)) - Setting configuration key ozone.scm.ratis.port with value of key ozone.scm.ratis.port.scm-service-test1.scmNode-1: 32791
2022-02-08 16:06:07,047 [Listener at 127.0.0.1/46615] INFO  ha.SCMHANodeDetails (ConfUtils.java:setNodeSpecificConfigs(108)) - Setting configuration key ozone.scm.grpc.port with value of key ozone.scm.grpc.port.scm-service-test1.scmNode-1: 38249
2022-02-08 16:06:07,047 [Listener at 127.0.0.1/46615] INFO  ha.SCMHANodeDetails (ConfUtils.java:setNodeSpecificConfigs(108)) - Setting configuration key ozone.scm.http-address with value of key ozone.scm.http-address.scm-service-test1.scmNode-1: 127.0.0.1:38717
2022-02-08 16:06:07,047 [Listener at 127.0.0.1/46615] INFO  ha.SCMHANodeDetails (ConfUtils.java:setNodeSpecificConfigs(108)) - Setting configuration key ozone.scm.https-address with value of key ozone.scm.https-address.scm-service-test1.scmNode-1: 127.0.0.1:46331
2022-02-08 16:06:07,047 [Listener at 127.0.0.1/46615] INFO  ha.SCMHANodeDetails (ConfUtils.java:setNodeSpecificConfigs(108)) - Setting configuration key ozone.scm.address with value of key ozone.scm.address.scm-service-test1.scmNode-1: 127.0.0.1
2022-02-08 16:06:07,047 [Listener at 127.0.0.1/46615] WARN  scm.ScmUtils (ScmUtils.java:logWarn(179)) - ConfigKey ozone.scm.block.client.address is deprecated, For configuring different ports for each SCM use PortConfigKey ozone.scm.block.client.port appended with serviceId and nodeId. If want to configure same port configure ozone.scm.block.client.port
2022-02-08 16:06:07,047 [Listener at 127.0.0.1/46615] WARN  scm.ScmUtils (ScmUtils.java:logWarn(179)) - ConfigKey ozone.scm.client.address is deprecated, For configuring different ports for each SCM use PortConfigKey ozone.scm.client.port appended with serviceId and nodeId. If want to configure same port configure ozone.scm.client.port
2022-02-08 16:06:07,048 [Listener at 127.0.0.1/46615] WARN  scm.ScmUtils (ScmUtils.java:logWarn(179)) - ConfigKey ozone.scm.datanode.address is deprecated, For configuring different ports for each SCM use PortConfigKey ozone.scm.datanode.port appended with serviceId and nodeId. If want to configure same port configure ozone.scm.datanode.port
2022-02-08 16:06:07,051 [EndpointStateMachine task thread for /127.0.0.1:36421 - 0 ] INFO  ipc.Client (Client.java:handleConnectionFailure(977)) - Retrying connect to server: localhost/127.0.0.1:36421. Already tried 6 time(s); retry policy is RetryUpToMaximumCountWithFixedSleep(maxRetries=15, sleepTime=1000 MILLISECONDS)
2022-02-08 16:06:07,057 [EndpointStateMachine task thread for /127.0.0.1:42215 - 0 ] INFO  ipc.Client (Client.java:handleConnectionFailure(977)) - Retrying connect to server: localhost/127.0.0.1:42215. Already tried 6 time(s); retry policy is RetryUpToMaximumCountWithFixedSleep(maxRetries=15, sleepTime=1000 MILLISECONDS)
2022-02-08 16:06:07,066 [Listener at 127.0.0.1/46615] INFO  server.RaftServer (ConfUtils.java:logGet(44)) - raft.rpc.type = GRPC (default)
2022-02-08 16:06:07,067 [Listener at 127.0.0.1/46615] INFO  grpc.GrpcFactory (GrpcFactory.java:checkPooledByteBufAllocatorUseCacheForAllThreads(48)) - PERFORMANCE WARNING: useCacheForAllThreads is true that may cause Netty to create a lot garbage objects and, as a result, trigger GC.
	It is recommended to disable useCacheForAllThreads by setting -Dorg.apache.ratis.thirdparty.io.netty.allocator.useCacheForAllThreads=false in command line.
2022-02-08 16:06:07,067 [Listener at 127.0.0.1/46615] INFO  grpc.GrpcConfigKeys (ConfUtils.java:logGet(44)) - raft.grpc.admin.port = -1 (default)
2022-02-08 16:06:07,067 [Listener at 127.0.0.1/46615] INFO  grpc.GrpcConfigKeys (ConfUtils.java:logGet(44)) - raft.grpc.server.port = 32791 (custom)
2022-02-08 16:06:07,067 [Listener at 127.0.0.1/46615] INFO  grpc.GrpcConfigKeys (ConfUtils.java:logGet(44)) - raft.grpc.client.port = -1 (default)
2022-02-08 16:06:07,067 [Listener at 127.0.0.1/46615] INFO  grpc.GrpcConfigKeys (ConfUtils.java:logGet(44)) - raft.grpc.server.port = 32791 (custom)
2022-02-08 16:06:07,067 [Listener at 127.0.0.1/46615] INFO  grpc.GrpcConfigKeys (ConfUtils.java:logGet(44)) - raft.grpc.server.port = 32791 (custom)
2022-02-08 16:06:07,067 [Listener at 127.0.0.1/46615] INFO  server.GrpcService (ConfUtils.java:logGet(44)) - raft.grpc.message.size.max = 32m (=33554432) (custom)
2022-02-08 16:06:07,068 [EndpointStateMachine task thread for /127.0.0.1:40425 - 0 ] INFO  ipc.Client (Client.java:handleConnectionFailure(977)) - Retrying connect to server: localhost/127.0.0.1:40425. Already tried 6 time(s); retry policy is RetryUpToMaximumCountWithFixedSleep(maxRetries=15, sleepTime=1000 MILLISECONDS)
2022-02-08 16:06:07,068 [Listener at 127.0.0.1/46615] INFO  server.RaftServerConfigKeys (ConfUtils.java:logGet(44)) - raft.server.log.appender.buffer.byte-limit = 33554432 (custom)
2022-02-08 16:06:07,068 [Listener at 127.0.0.1/46615] INFO  server.GrpcService (ConfUtils.java:logGet(44)) - raft.grpc.flow.control.window = 1MB (=1048576) (default)
2022-02-08 16:06:07,069 [Listener at 127.0.0.1/46615] INFO  server.RaftServerConfigKeys (ConfUtils.java:logGet(44)) - raft.server.rpc.request.timeout = 30000ms (custom)
2022-02-08 16:06:07,070 [Listener at 127.0.0.1/46615] INFO  impl.DataStreamServerImpl (ConfUtils.java:logGet(44)) - raft.datastream.type = DISABLED (default)
2022-02-08 16:06:07,070 [Listener at 127.0.0.1/46615] INFO  server.RaftServerConfigKeys (ConfUtils.java:logGet(44)) - raft.server.rpc.slowness.timeout = 120000ms (custom)
2022-02-08 16:06:07,070 [Listener at 127.0.0.1/46615] INFO  server.RaftServerConfigKeys (ConfUtils.java:logGet(44)) - raft.server.leaderelection.leader.step-down.wait-time = 10s (default)
2022-02-08 16:06:07,071 [Listener at 127.0.0.1/46615] INFO  server.RaftServerConfigKeys (ConfUtils.java:logGet(44)) - raft.server.storage.dir = [/home/runner/work/ozone/ozone/hadoop-ozone/integration-test/target/test-dir/MiniOzoneClusterImpl-a5c83128-e0a7-4ff9-8358-8aced9f265d2/scmNode-1/scm-ha] (custom)
2022-02-08 16:06:07,080 [Listener at 127.0.0.1/46615] INFO  server.RaftServer (RaftServerProxy.java:addNew(95)) - 97fdbb42-98dd-4737-a292-80a7798b14c1: addNew group-8ACED9F265D2:[97fdbb42-98dd-4737-a292-80a7798b14c1|rpc:localhost:32791|priority:0] returns group-8ACED9F265D2:java.util.concurrent.CompletableFuture@70d49a95[Not completed]
2022-02-08 16:06:07,081 [pool-195-thread-1] INFO  server.RaftServer$Division (RaftServerImpl.java:<init>(184)) - 97fdbb42-98dd-4737-a292-80a7798b14c1: new RaftServerImpl for group-8ACED9F265D2:[97fdbb42-98dd-4737-a292-80a7798b14c1|rpc:localhost:32791|priority:0] with SCMStateMachine:uninitialized
2022-02-08 16:06:07,088 [pool-195-thread-1] INFO  server.RaftServerConfigKeys (ConfUtils.java:logGet(44)) - raft.server.rpc.timeout.min = 5000ms (custom)
2022-02-08 16:06:07,088 [pool-195-thread-1] INFO  server.RaftServerConfigKeys (ConfUtils.java:logGet(44)) - raft.server.rpc.timeout.max = 5200ms (custom)
2022-02-08 16:06:07,088 [pool-195-thread-1] INFO  server.RaftServerConfigKeys (ConfUtils.java:logGet(44)) - raft.server.rpc.sleep.time = 25ms (default)
2022-02-08 16:06:07,088 [pool-195-thread-1] INFO  server.RaftServerConfigKeys (ConfUtils.java:logGet(44)) - raft.server.rpc.slowness.timeout = 120000ms (custom)
2022-02-08 16:06:07,088 [pool-195-thread-1] INFO  server.RaftServerConfigKeys (ConfUtils.java:logGet(44)) - raft.server.leaderelection.leader.step-down.wait-time = 10s (default)
2022-02-08 16:06:07,088 [pool-195-thread-1] INFO  server.RaftServerConfigKeys (ConfUtils.java:logGet(44)) - raft.server.sleep.deviation.threshold = 300ms (default)
2022-02-08 16:06:07,088 [pool-195-thread-1] INFO  server.RaftServerConfigKeys (ConfUtils.java:logGet(44)) - raft.server.log.appender.install.snapshot.enabled = false (custom)
2022-02-08 16:06:07,088 [pool-195-thread-1] INFO  server.RaftServer$Division (ServerState.java:<init>(105)) - 97fdbb42-98dd-4737-a292-80a7798b14c1@group-8ACED9F265D2: ConfigurationManager, init=-1: [97fdbb42-98dd-4737-a292-80a7798b14c1|rpc:localhost:32791|priority:0], old=null, confs=<EMPTY_MAP>
2022-02-08 16:06:07,088 [pool-195-thread-1] INFO  server.RaftServerConfigKeys (ConfUtils.java:logGet(44)) - raft.server.storage.dir = [/home/runner/work/ozone/ozone/hadoop-ozone/integration-test/target/test-dir/MiniOzoneClusterImpl-a5c83128-e0a7-4ff9-8358-8aced9f265d2/scmNode-1/scm-ha] (custom)
2022-02-08 16:06:07,088 [pool-195-thread-1] INFO  server.RaftServerConfigKeys (ConfUtils.java:logGet(44)) - raft.server.log.corruption.policy = EXCEPTION (default)
2022-02-08 16:06:07,088 [pool-195-thread-1] INFO  server.RaftServerConfigKeys (ConfUtils.java:logGet(44)) - raft.server.storage.free-space.min = 0MB (=0) (default)
2022-02-08 16:06:07,089 [pool-195-thread-1] INFO  storage.RaftStorageDirectory (RaftStorageDirectoryImpl.java:analyzeStorage(135)) - The storage directory /home/runner/work/ozone/ozone/hadoop-ozone/integration-test/target/test-dir/MiniOzoneClusterImpl-a5c83128-e0a7-4ff9-8358-8aced9f265d2/scmNode-1/scm-ha/a5c83128-e0a7-4ff9-8358-8aced9f265d2 does not exist. Creating ...
2022-02-08 16:06:07,090 [pool-195-thread-1] INFO  storage.RaftStorageDirectory (RaftStorageDirectoryImpl.java:tryLock(230)) - Lock on /home/runner/work/ozone/ozone/hadoop-ozone/integration-test/target/test-dir/MiniOzoneClusterImpl-a5c83128-e0a7-4ff9-8358-8aced9f265d2/scmNode-1/scm-ha/a5c83128-e0a7-4ff9-8358-8aced9f265d2/in_use.lock acquired by nodename 14435@fv-az131-167
2022-02-08 16:06:07,091 [pool-195-thread-1] INFO  storage.RaftStorage (RaftStorageImpl.java:format(89)) - Storage directory /home/runner/work/ozone/ozone/hadoop-ozone/integration-test/target/test-dir/MiniOzoneClusterImpl-a5c83128-e0a7-4ff9-8358-8aced9f265d2/scmNode-1/scm-ha/a5c83128-e0a7-4ff9-8358-8aced9f265d2 has been successfully formatted.
2022-02-08 16:06:07,091 [pool-195-thread-1] INFO  server.RaftServerConfigKeys (ConfUtils.java:logGet(44)) - raft.server.notification.no-leader.timeout = 60s (default)
2022-02-08 16:06:07,091 [pool-195-thread-1] INFO  server.RaftServerConfigKeys (ConfUtils.java:logGet(44)) - raft.server.log.use.memory = false (default)
2022-02-08 16:06:07,091 [pool-195-thread-1] INFO  server.RaftServerConfigKeys (ConfUtils.java:logGet(44)) - raft.server.log.purge.gap = 5 (custom)
2022-02-08 16:06:07,091 [pool-195-thread-1] INFO  server.RaftServerConfigKeys (ConfUtils.java:logGet(44)) - raft.server.log.appender.buffer.byte-limit = 33554432 (custom)
2022-02-08 16:06:07,092 [pool-195-thread-1] INFO  server.RaftServerConfigKeys (ConfUtils.java:logGet(44)) - raft.server.log.segment.size.max = 4194304 (custom)
2022-02-08 16:06:07,092 [pool-195-thread-1] INFO  server.RaftServerConfigKeys (ConfUtils.java:logGet(44)) - raft.server.log.segment.cache.num.max = 2 (custom)
2022-02-08 16:06:07,092 [pool-195-thread-1] INFO  server.RaftServerConfigKeys (ConfUtils.java:logGet(44)) - raft.server.log.segment.cache.size.max = 200MB (=209715200) (default)
2022-02-08 16:06:07,093 [pool-195-thread-1] INFO  segmented.SegmentedRaftLogWorker (SegmentedRaftLogWorker.java:<init>(182)) - new 97fdbb42-98dd-4737-a292-80a7798b14c1@group-8ACED9F265D2-SegmentedRaftLogWorker for RaftStorageImpl:Storage Directory /home/runner/work/ozone/ozone/hadoop-ozone/integration-test/target/test-dir/MiniOzoneClusterImpl-a5c83128-e0a7-4ff9-8358-8aced9f265d2/scmNode-1/scm-ha/a5c83128-e0a7-4ff9-8358-8aced9f265d2
2022-02-08 16:06:07,093 [pool-195-thread-1] INFO  server.RaftServerConfigKeys (ConfUtils.java:logGet(44)) - raft.server.log.queue.byte-limit = 64MB (=67108864) (default)
2022-02-08 16:06:07,093 [pool-195-thread-1] INFO  server.RaftServerConfigKeys (ConfUtils.java:logGet(44)) - raft.server.log.queue.element-limit = 4096 (default)
2022-02-08 16:06:07,093 [pool-195-thread-1] INFO  server.RaftServerConfigKeys (ConfUtils.java:logGet(44)) - raft.server.log.segment.size.max = 4194304 (custom)
2022-02-08 16:06:07,093 [pool-195-thread-1] INFO  server.RaftServerConfigKeys (ConfUtils.java:logGet(44)) - raft.server.log.preallocated.size = 4194304 (custom)
2022-02-08 16:06:07,093 [pool-195-thread-1] INFO  server.RaftServerConfigKeys (ConfUtils.java:logGet(44)) - raft.server.log.force.sync.num = 128 (default)
2022-02-08 16:06:07,093 [pool-195-thread-1] INFO  server.RaftServerConfigKeys (ConfUtils.java:logGet(44)) - raft.server.log.statemachine.data.sync = true (default)
2022-02-08 16:06:07,093 [pool-195-thread-1] INFO  server.RaftServerConfigKeys (ConfUtils.java:logGet(44)) - raft.server.log.statemachine.data.sync.timeout = 10s (default)
2022-02-08 16:06:07,093 [pool-195-thread-1] INFO  server.RaftServerConfigKeys (ConfUtils.java:logGet(44)) - raft.server.log.statemachine.data.sync.timeout.retry = -1 (default)
2022-02-08 16:06:07,094 [pool-195-thread-1] INFO  server.RaftServerConfigKeys (ConfUtils.java:logGet(44)) - raft.server.log.write.buffer.size = 64KB (=65536) (default)
2022-02-08 16:06:07,094 [pool-195-thread-1] INFO  server.RaftServerConfigKeys (ConfUtils.java:logGet(44)) - raft.server.log.statemachine.data.caching.enabled = false (default)
2022-02-08 16:06:07,094 [pool-195-thread-1] INFO  segmented.SegmentedRaftLogWorker (SegmentedRaftLogWorker.java:lambda$new$0(133)) - 97fdbb42-98dd-4737-a292-80a7798b14c1@group-8ACED9F265D2-SegmentedRaftLogWorker: flushIndex: setUnconditionally 0 -> -1
2022-02-08 16:06:07,094 [pool-195-thread-1] INFO  segmented.SegmentedRaftLogWorker (SegmentedRaftLogWorker.java:lambda$new$0(133)) - 97fdbb42-98dd-4737-a292-80a7798b14c1@group-8ACED9F265D2-SegmentedRaftLogWorker: safeCacheEvictIndex: setUnconditionally 0 -> -1
2022-02-08 16:06:07,104 [pool-195-thread-1] INFO  server.RaftServerConfigKeys (ConfUtils.java:logGet(44)) - raft.server.snapshot.auto.trigger.enabled = true (custom)
2022-02-08 16:06:07,104 [pool-195-thread-1] INFO  server.RaftServerConfigKeys (ConfUtils.java:logGet(44)) - raft.server.snapshot.auto.trigger.threshold = 5 (custom)
2022-02-08 16:06:07,104 [pool-195-thread-1] INFO  server.RaftServerConfigKeys (ConfUtils.java:logGet(44)) - raft.server.snapshot.retention.file.num = -1 (default)
2022-02-08 16:06:07,104 [pool-195-thread-1] INFO  server.RaftServerConfigKeys (ConfUtils.java:logGet(44)) - raft.server.log.purge.upto.snapshot.index = true (custom)
2022-02-08 16:06:07,104 [pool-195-thread-1] INFO  server.RaftServerConfigKeys (ConfUtils.java:logGet(44)) - raft.server.retrycache.expirytime = 60000ms (default)
2022-02-08 16:06:07,104 [pool-195-thread-1] INFO  server.RaftServerConfigKeys (ConfUtils.java:logGet(44)) - raft.server.retrycache.statistics.expirytime = 100μs (default)
2022-02-08 16:06:07,105 [Listener at 127.0.0.1/46615] INFO  server.RaftServer$Division (RaftServerImpl.java:start(301)) - 97fdbb42-98dd-4737-a292-80a7798b14c1@group-8ACED9F265D2: start as a follower, conf=-1: [97fdbb42-98dd-4737-a292-80a7798b14c1|rpc:localhost:32791|priority:0], old=null
2022-02-08 16:06:07,105 [Listener at 127.0.0.1/46615] INFO  server.RaftServer$Division (RaftServerImpl.java:setRole(290)) - 97fdbb42-98dd-4737-a292-80a7798b14c1@group-8ACED9F265D2: changes role from      null to FOLLOWER at term 0 for startAsFollower
2022-02-08 16:06:07,105 [Listener at 127.0.0.1/46615] INFO  impl.RoleInfo (RoleInfo.java:updateAndGet(130)) - 97fdbb42-98dd-4737-a292-80a7798b14c1: start 97fdbb42-98dd-4737-a292-80a7798b14c1@group-8ACED9F265D2-FollowerState
2022-02-08 16:06:07,116 [Listener at 127.0.0.1/46615] INFO  util.JmxRegister (JmxRegister.java:tryRegister(44)) - Successfully registered JMX Bean with object name Ratis:service=RaftServer,group=group-8ACED9F265D2,id=97fdbb42-98dd-4737-a292-80a7798b14c1
2022-02-08 16:06:07,130 [Listener at 127.0.0.1/46615] INFO  server.RaftServer (RaftServerProxy.java:lambda$start$5(374)) - 97fdbb42-98dd-4737-a292-80a7798b14c1: start RPC server
2022-02-08 16:06:07,144 [Listener at 127.0.0.1/46615] INFO  server.GrpcService (GrpcService.java:startImpl(253)) - 97fdbb42-98dd-4737-a292-80a7798b14c1: GrpcService started, listening on 32791
2022-02-08 16:06:07,154 [org.apache.ratis.util.JvmPauseMonitor$$Lambda$503/1122118227@5a95c52d] INFO  util.JvmPauseMonitor (JvmPauseMonitor.java:run(103)) - JvmPauseMonitor-97fdbb42-98dd-4737-a292-80a7798b14c1: Started
2022-02-08 16:06:08,051 [EndpointStateMachine task thread for /127.0.0.1:36421 - 0 ] INFO  ipc.Client (Client.java:handleConnectionFailure(977)) - Retrying connect to server: localhost/127.0.0.1:36421. Already tried 7 time(s); retry policy is RetryUpToMaximumCountWithFixedSleep(maxRetries=15, sleepTime=1000 MILLISECONDS)
2022-02-08 16:06:08,057 [EndpointStateMachine task thread for /127.0.0.1:42215 - 0 ] INFO  ipc.Client (Client.java:handleConnectionFailure(977)) - Retrying connect to server: localhost/127.0.0.1:42215. Already tried 7 time(s); retry policy is RetryUpToMaximumCountWithFixedSleep(maxRetries=15, sleepTime=1000 MILLISECONDS)
2022-02-08 16:06:08,068 [EndpointStateMachine task thread for /127.0.0.1:40425 - 0 ] INFO  ipc.Client (Client.java:handleConnectionFailure(977)) - Retrying connect to server: localhost/127.0.0.1:40425. Already tried 7 time(s); retry policy is RetryUpToMaximumCountWithFixedSleep(maxRetries=15, sleepTime=1000 MILLISECONDS)
2022-02-08 16:06:09,052 [EndpointStateMachine task thread for /127.0.0.1:36421 - 0 ] INFO  ipc.Client (Client.java:handleConnectionFailure(977)) - Retrying connect to server: localhost/127.0.0.1:36421. Already tried 8 time(s); retry policy is RetryUpToMaximumCountWithFixedSleep(maxRetries=15, sleepTime=1000 MILLISECONDS)
2022-02-08 16:06:09,058 [EndpointStateMachine task thread for /127.0.0.1:42215 - 0 ] INFO  ipc.Client (Client.java:handleConnectionFailure(977)) - Retrying connect to server: localhost/127.0.0.1:42215. Already tried 8 time(s); retry policy is RetryUpToMaximumCountWithFixedSleep(maxRetries=15, sleepTime=1000 MILLISECONDS)
2022-02-08 16:06:09,069 [EndpointStateMachine task thread for /127.0.0.1:40425 - 0 ] INFO  ipc.Client (Client.java:handleConnectionFailure(977)) - Retrying connect to server: localhost/127.0.0.1:40425. Already tried 8 time(s); retry policy is RetryUpToMaximumCountWithFixedSleep(maxRetries=15, sleepTime=1000 MILLISECONDS)
2022-02-08 16:06:10,053 [EndpointStateMachine task thread for /127.0.0.1:36421 - 0 ] INFO  ipc.Client (Client.java:handleConnectionFailure(977)) - Retrying connect to server: localhost/127.0.0.1:36421. Already tried 9 time(s); retry policy is RetryUpToMaximumCountWithFixedSleep(maxRetries=15, sleepTime=1000 MILLISECONDS)
2022-02-08 16:06:10,058 [EndpointStateMachine task thread for /127.0.0.1:42215 - 0 ] INFO  ipc.Client (Client.java:handleConnectionFailure(977)) - Retrying connect to server: localhost/127.0.0.1:42215. Already tried 9 time(s); retry policy is RetryUpToMaximumCountWithFixedSleep(maxRetries=15, sleepTime=1000 MILLISECONDS)
2022-02-08 16:06:10,069 [EndpointStateMachine task thread for /127.0.0.1:40425 - 0 ] INFO  ipc.Client (Client.java:handleConnectionFailure(977)) - Retrying connect to server: localhost/127.0.0.1:40425. Already tried 9 time(s); retry policy is RetryUpToMaximumCountWithFixedSleep(maxRetries=15, sleepTime=1000 MILLISECONDS)
2022-02-08 16:06:11,053 [EndpointStateMachine task thread for /127.0.0.1:36421 - 0 ] INFO  ipc.Client (Client.java:handleConnectionFailure(977)) - Retrying connect to server: localhost/127.0.0.1:36421. Already tried 10 time(s); retry policy is RetryUpToMaximumCountWithFixedSleep(maxRetries=15, sleepTime=1000 MILLISECONDS)
2022-02-08 16:06:11,059 [EndpointStateMachine task thread for /127.0.0.1:42215 - 0 ] INFO  ipc.Client (Client.java:handleConnectionFailure(977)) - Retrying connect to server: localhost/127.0.0.1:42215. Already tried 10 time(s); retry policy is RetryUpToMaximumCountWithFixedSleep(maxRetries=15, sleepTime=1000 MILLISECONDS)
2022-02-08 16:06:11,070 [EndpointStateMachine task thread for /127.0.0.1:40425 - 0 ] INFO  ipc.Client (Client.java:handleConnectionFailure(977)) - Retrying connect to server: localhost/127.0.0.1:40425. Already tried 10 time(s); retry policy is RetryUpToMaximumCountWithFixedSleep(maxRetries=15, sleepTime=1000 MILLISECONDS)
2022-02-08 16:06:12,054 [EndpointStateMachine task thread for /127.0.0.1:36421 - 0 ] INFO  ipc.Client (Client.java:handleConnectionFailure(977)) - Retrying connect to server: localhost/127.0.0.1:36421. Already tried 11 time(s); retry policy is RetryUpToMaximumCountWithFixedSleep(maxRetries=15, sleepTime=1000 MILLISECONDS)
2022-02-08 16:06:12,059 [EndpointStateMachine task thread for /127.0.0.1:42215 - 0 ] INFO  ipc.Client (Client.java:handleConnectionFailure(977)) - Retrying connect to server: localhost/127.0.0.1:42215. Already tried 11 time(s); retry policy is RetryUpToMaximumCountWithFixedSleep(maxRetries=15, sleepTime=1000 MILLISECONDS)
2022-02-08 16:06:12,070 [EndpointStateMachine task thread for /127.0.0.1:40425 - 0 ] INFO  ipc.Client (Client.java:handleConnectionFailure(977)) - Retrying connect to server: localhost/127.0.0.1:40425. Already tried 11 time(s); retry policy is RetryUpToMaximumCountWithFixedSleep(maxRetries=15, sleepTime=1000 MILLISECONDS)
2022-02-08 16:06:12,150 [97fdbb42-98dd-4737-a292-80a7798b14c1@group-8ACED9F265D2-FollowerState] INFO  impl.FollowerState (FollowerState.java:run(134)) - 97fdbb42-98dd-4737-a292-80a7798b14c1@group-8ACED9F265D2-FollowerState: change to CANDIDATE, lastRpcElapsedTime:5044975938ns, electionTimeout:5034ms
2022-02-08 16:06:12,151 [97fdbb42-98dd-4737-a292-80a7798b14c1@group-8ACED9F265D2-FollowerState] INFO  impl.RoleInfo (RoleInfo.java:shutdownFollowerState(108)) - 97fdbb42-98dd-4737-a292-80a7798b14c1: shutdown 97fdbb42-98dd-4737-a292-80a7798b14c1@group-8ACED9F265D2-FollowerState
2022-02-08 16:06:12,151 [97fdbb42-98dd-4737-a292-80a7798b14c1@group-8ACED9F265D2-FollowerState] INFO  server.RaftServer$Division (RaftServerImpl.java:setRole(290)) - 97fdbb42-98dd-4737-a292-80a7798b14c1@group-8ACED9F265D2: changes role from  FOLLOWER to CANDIDATE at term 0 for changeToCandidate
2022-02-08 16:06:12,151 [97fdbb42-98dd-4737-a292-80a7798b14c1@group-8ACED9F265D2-FollowerState] INFO  server.RaftServerConfigKeys (ConfUtils.java:logGet(44)) - raft.server.leaderelection.pre-vote = false (custom)
2022-02-08 16:06:12,151 [97fdbb42-98dd-4737-a292-80a7798b14c1@group-8ACED9F265D2-FollowerState] INFO  impl.RoleInfo (RoleInfo.java:updateAndGet(130)) - 97fdbb42-98dd-4737-a292-80a7798b14c1: start 97fdbb42-98dd-4737-a292-80a7798b14c1@group-8ACED9F265D2-LeaderElection14
2022-02-08 16:06:12,163 [97fdbb42-98dd-4737-a292-80a7798b14c1@group-8ACED9F265D2-LeaderElection14] INFO  impl.LeaderElection (LeaderElection.java:askForVotes(306)) - 97fdbb42-98dd-4737-a292-80a7798b14c1@group-8ACED9F265D2-LeaderElection14 ELECTION round 0: submit vote requests at term 1 for -1: [97fdbb42-98dd-4737-a292-80a7798b14c1|rpc:localhost:32791|priority:0], old=null
2022-02-08 16:06:12,163 [97fdbb42-98dd-4737-a292-80a7798b14c1@group-8ACED9F265D2-LeaderElection14] INFO  impl.LeaderElection (LeaderElection.java:askForVotes(308)) - 97fdbb42-98dd-4737-a292-80a7798b14c1@group-8ACED9F265D2-LeaderElection14 ELECTION round 0: result PASSED (term=1)
2022-02-08 16:06:12,163 [97fdbb42-98dd-4737-a292-80a7798b14c1@group-8ACED9F265D2-LeaderElection14] INFO  impl.RoleInfo (RoleInfo.java:shutdownLeaderElection(121)) - 97fdbb42-98dd-4737-a292-80a7798b14c1: shutdown 97fdbb42-98dd-4737-a292-80a7798b14c1@group-8ACED9F265D2-LeaderElection14
2022-02-08 16:06:12,163 [97fdbb42-98dd-4737-a292-80a7798b14c1@group-8ACED9F265D2-LeaderElection14] INFO  server.RaftServer$Division (RaftServerImpl.java:setRole(290)) - 97fdbb42-98dd-4737-a292-80a7798b14c1@group-8ACED9F265D2: changes role from CANDIDATE to LEADER at term 1 for changeToLeader
2022-02-08 16:06:12,163 [97fdbb42-98dd-4737-a292-80a7798b14c1@group-8ACED9F265D2-LeaderElection14] INFO  server.RaftServer$Division (ServerState.java:setLeader(285)) - 97fdbb42-98dd-4737-a292-80a7798b14c1@group-8ACED9F265D2: change Leader from null to 97fdbb42-98dd-4737-a292-80a7798b14c1 at term 1 for becomeLeader, leader elected after 5071ms
2022-02-08 16:06:12,163 [97fdbb42-98dd-4737-a292-80a7798b14c1@group-8ACED9F265D2-LeaderElection14] INFO  server.RaftServerConfigKeys (ConfUtils.java:logGet(44)) - raft.server.staging.catchup.gap = 1000 (default)
2022-02-08 16:06:12,163 [97fdbb42-98dd-4737-a292-80a7798b14c1@group-8ACED9F265D2-LeaderElection14] INFO  server.RaftServerConfigKeys (ConfUtils.java:logGet(44)) - raft.server.write.element-limit = 4096 (default)
2022-02-08 16:06:12,164 [97fdbb42-98dd-4737-a292-80a7798b14c1@group-8ACED9F265D2-LeaderElection14] INFO  server.RaftServerConfigKeys (ConfUtils.java:logGet(44)) - raft.server.write.byte-limit = 64MB (=67108864) (default)
2022-02-08 16:06:12,164 [97fdbb42-98dd-4737-a292-80a7798b14c1@group-8ACED9F265D2-LeaderElection14] INFO  server.RaftServerConfigKeys (ConfUtils.java:logGet(44)) - raft.server.watch.timeout = 10s (default)
2022-02-08 16:06:12,164 [97fdbb42-98dd-4737-a292-80a7798b14c1@group-8ACED9F265D2-LeaderElection14] INFO  server.RaftServerConfigKeys (ConfUtils.java:logGet(44)) - raft.server.watch.timeout.denomination = 1s (default)
2022-02-08 16:06:12,164 [97fdbb42-98dd-4737-a292-80a7798b14c1@group-8ACED9F265D2-LeaderElection14] INFO  server.RaftServerConfigKeys (ConfUtils.java:logGet(44)) - raft.server.watch.element-limit = 65536 (default)
2022-02-08 16:06:12,164 [97fdbb42-98dd-4737-a292-80a7798b14c1@group-8ACED9F265D2-LeaderElection14] INFO  server.RaftServerConfigKeys (ConfUtils.java:logGet(44)) - raft.server.write.element-limit = 4096 (default)
2022-02-08 16:06:12,164 [97fdbb42-98dd-4737-a292-80a7798b14c1@group-8ACED9F265D2-LeaderElection14] INFO  server.RaftServerConfigKeys (ConfUtils.java:logGet(44)) - raft.server.write.follower.gap.ratio.max = -1.0 (default)
2022-02-08 16:06:12,164 [97fdbb42-98dd-4737-a292-80a7798b14c1@group-8ACED9F265D2-LeaderElection14] INFO  impl.RoleInfo (RoleInfo.java:updateAndGet(130)) - 97fdbb42-98dd-4737-a292-80a7798b14c1: start 97fdbb42-98dd-4737-a292-80a7798b14c1@group-8ACED9F265D2-LeaderStateImpl
2022-02-08 16:06:12,165 [97fdbb42-98dd-4737-a292-80a7798b14c1@group-8ACED9F265D2-LeaderElection14] INFO  segmented.SegmentedRaftLogWorker (SegmentedRaftLogWorker.java:startLogSegment(394)) - 97fdbb42-98dd-4737-a292-80a7798b14c1@group-8ACED9F265D2-SegmentedRaftLogWorker: Starting segment from index:0
2022-02-08 16:06:12,172 [97fdbb42-98dd-4737-a292-80a7798b14c1@group-8ACED9F265D2-LeaderElection14] INFO  server.RaftServer$Division (ServerState.java:setRaftConf(387)) - 97fdbb42-98dd-4737-a292-80a7798b14c1@group-8ACED9F265D2: set configuration 0: [97fdbb42-98dd-4737-a292-80a7798b14c1|rpc:localhost:32791|admin:|client:|dataStream:|priority:0], old=null
2022-02-08 16:06:12,177 [97fdbb42-98dd-4737-a292-80a7798b14c1@group-8ACED9F265D2-SegmentedRaftLogWorker] INFO  segmented.SegmentedRaftLogWorker (SegmentedRaftLogWorker.java:execute(601)) - 97fdbb42-98dd-4737-a292-80a7798b14c1@group-8ACED9F265D2-SegmentedRaftLogWorker: created new log segment /home/runner/work/ozone/ozone/hadoop-ozone/integration-test/target/test-dir/MiniOzoneClusterImpl-a5c83128-e0a7-4ff9-8358-8aced9f265d2/scmNode-1/scm-ha/a5c83128-e0a7-4ff9-8358-8aced9f265d2/current/log_inprogress_0
2022-02-08 16:06:13,055 [EndpointStateMachine task thread for /127.0.0.1:36421 - 0 ] INFO  ipc.Client (Client.java:handleConnectionFailure(977)) - Retrying connect to server: localhost/127.0.0.1:36421. Already tried 12 time(s); retry policy is RetryUpToMaximumCountWithFixedSleep(maxRetries=15, sleepTime=1000 MILLISECONDS)
2022-02-08 16:06:13,060 [EndpointStateMachine task thread for /127.0.0.1:42215 - 0 ] INFO  ipc.Client (Client.java:handleConnectionFailure(977)) - Retrying connect to server: localhost/127.0.0.1:42215. Already tried 12 time(s); retry policy is RetryUpToMaximumCountWithFixedSleep(maxRetries=15, sleepTime=1000 MILLISECONDS)
2022-02-08 16:06:13,071 [EndpointStateMachine task thread for /127.0.0.1:40425 - 0 ] INFO  ipc.Client (Client.java:handleConnectionFailure(977)) - Retrying connect to server: localhost/127.0.0.1:40425. Already tried 12 time(s); retry policy is RetryUpToMaximumCountWithFixedSleep(maxRetries=15, sleepTime=1000 MILLISECONDS)
2022-02-08 16:06:13,151 [Listener at 127.0.0.1/46615] INFO  server.RaftServer (RaftServerProxy.java:lambda$close$6(391)) - 97fdbb42-98dd-4737-a292-80a7798b14c1: close
2022-02-08 16:06:13,152 [Listener at 127.0.0.1/46615] INFO  server.RaftServer$Division (RaftServerImpl.java:lambda$close$4(412)) - 97fdbb42-98dd-4737-a292-80a7798b14c1@group-8ACED9F265D2: shutdown
2022-02-08 16:06:13,152 [Listener at 127.0.0.1/46615] INFO  util.JmxRegister (JmxRegister.java:unregister(73)) - Successfully un-registered JMX Bean with object name Ratis:service=RaftServer,group=group-8ACED9F265D2,id=97fdbb42-98dd-4737-a292-80a7798b14c1
2022-02-08 16:06:13,152 [Listener at 127.0.0.1/46615] INFO  impl.RoleInfo (RoleInfo.java:shutdownLeaderState(91)) - 97fdbb42-98dd-4737-a292-80a7798b14c1: shutdown 97fdbb42-98dd-4737-a292-80a7798b14c1@group-8ACED9F265D2-LeaderStateImpl
2022-02-08 16:06:13,152 [Listener at 127.0.0.1/46615] INFO  impl.PendingRequests (PendingRequests.java:sendNotLeaderResponses(282)) - 97fdbb42-98dd-4737-a292-80a7798b14c1@group-8ACED9F265D2-PendingRequests: sendNotLeaderResponses
2022-02-08 16:06:13,153 [Listener at 127.0.0.1/46615] INFO  impl.StateMachineUpdater (StateMachineUpdater.java:stopAndJoin(149)) - 97fdbb42-98dd-4737-a292-80a7798b14c1@group-8ACED9F265D2-StateMachineUpdater: set stopIndex = 0
2022-02-08 16:06:13,153 [97fdbb42-98dd-4737-a292-80a7798b14c1@group-8ACED9F265D2-StateMachineUpdater] INFO  impl.StateMachineUpdater (StateMachineUpdater.java:takeSnapshot(281)) - 97fdbb42-98dd-4737-a292-80a7798b14c1@group-8ACED9F265D2-StateMachineUpdater: Took a snapshot at index 0
2022-02-08 16:06:13,153 [97fdbb42-98dd-4737-a292-80a7798b14c1@group-8ACED9F265D2-StateMachineUpdater] INFO  impl.StateMachineUpdater (StateMachineUpdater.java:lambda$new$0(89)) - 97fdbb42-98dd-4737-a292-80a7798b14c1@group-8ACED9F265D2-StateMachineUpdater: snapshotIndex: updateIncreasingly -1 -> 0
2022-02-08 16:06:13,153 [Listener at 127.0.0.1/46615] INFO  server.RaftServer$Division (ServerState.java:close(419)) - 97fdbb42-98dd-4737-a292-80a7798b14c1@group-8ACED9F265D2: closes. applyIndex: 0
2022-02-08 16:06:13,154 [97fdbb42-98dd-4737-a292-80a7798b14c1@group-8ACED9F265D2-SegmentedRaftLogWorker] INFO  segmented.SegmentedRaftLogWorker (SegmentedRaftLogWorker.java:run(327)) - 97fdbb42-98dd-4737-a292-80a7798b14c1@group-8ACED9F265D2-SegmentedRaftLogWorker was interrupted, exiting. There are 0 tasks remaining in the queue.
2022-02-08 16:06:13,155 [Listener at 127.0.0.1/46615] INFO  segmented.SegmentedRaftLogWorker (SegmentedRaftLogWorker.java:close(237)) - 97fdbb42-98dd-4737-a292-80a7798b14c1@group-8ACED9F265D2-SegmentedRaftLogWorker close()
2022-02-08 16:06:13,155 [Listener at 127.0.0.1/46615] INFO  server.GrpcService (GrpcService.java:closeImpl(262)) - 97fdbb42-98dd-4737-a292-80a7798b14c1: shutdown server with port 32791 now
2022-02-08 16:06:13,156 [Listener at 127.0.0.1/46615] INFO  server.GrpcService (GrpcService.java:closeImpl(271)) - 97fdbb42-98dd-4737-a292-80a7798b14c1: shutdown server with port 32791 successfully
2022-02-08 16:06:13,156 [org.apache.ratis.util.JvmPauseMonitor$$Lambda$503/1122118227@5a95c52d] INFO  util.JvmPauseMonitor (JvmPauseMonitor.java:run(109)) - JvmPauseMonitor-97fdbb42-98dd-4737-a292-80a7798b14c1: Stopped
2022-02-08 16:06:13,157 [Listener at 127.0.0.1/46615] WARN  server.ServerUtils (ServerUtils.java:getScmDbDir(148)) - ozone.scm.db.dirs is not configured. We recommend adding this setting. Falling back to ozone.metadata.dirs instead.
2022-02-08 16:06:13,158 [Listener at 127.0.0.1/46615] INFO  server.StorageContainerManager (StorageContainerManager.java:scmInit(1083)) - SCM initialization succeeded. Current cluster id for sd=/home/runner/work/ozone/ozone/hadoop-ozone/integration-test/target/test-dir/MiniOzoneClusterImpl-a5c83128-e0a7-4ff9-8358-8aced9f265d2/scmNode-1/scm; cid=a5c83128-e0a7-4ff9-8358-8aced9f265d2; layoutVersion=2; scmId=97fdbb42-98dd-4737-a292-80a7798b14c1
2022-02-08 16:06:13,158 [Listener at 127.0.0.1/46615] INFO  ha.SCMHANodeDetails (SCMHANodeDetails.java:loadSCMHAConfig(157)) - ServiceID for StorageContainerManager is scm-service-test1
2022-02-08 16:06:13,159 [Listener at 127.0.0.1/46615] INFO  ha.SCMHANodeDetails (SCMHANodeDetails.java:loadSCMHAConfig(168)) - ServiceID for StorageContainerManager is scm-service-test1
2022-02-08 16:06:13,159 [Listener at 127.0.0.1/46615] WARN  scm.ScmUtils (ScmUtils.java:logWarn(179)) - ConfigKey ozone.scm.block.client.address is deprecated, For configuring different ports for each SCM use PortConfigKey ozone.scm.block.client.port appended with serviceId and nodeId. If want to configure same port configure ozone.scm.block.client.port
2022-02-08 16:06:13,159 [Listener at 127.0.0.1/46615] WARN  scm.ScmUtils (ScmUtils.java:logWarn(179)) - ConfigKey ozone.scm.client.address is deprecated, For configuring different ports for each SCM use PortConfigKey ozone.scm.client.port appended with serviceId and nodeId. If want to configure same port configure ozone.scm.client.port
2022-02-08 16:06:13,159 [Listener at 127.0.0.1/46615] WARN  scm.ScmUtils (ScmUtils.java:logWarn(179)) - ConfigKey ozone.scm.datanode.address is deprecated, For configuring different ports for each SCM use PortConfigKey ozone.scm.datanode.port appended with serviceId and nodeId. If want to configure same port configure ozone.scm.datanode.port
2022-02-08 16:06:13,159 [Listener at 127.0.0.1/46615] WARN  scm.ScmUtils (ScmUtils.java:logWarn(179)) - ConfigKey ozone.scm.block.client.address is deprecated, For configuring different ports for each SCM use PortConfigKey ozone.scm.block.client.port appended with serviceId and nodeId. If want to configure same port configure ozone.scm.block.client.port
2022-02-08 16:06:13,159 [Listener at 127.0.0.1/46615] WARN  scm.ScmUtils (ScmUtils.java:logWarn(179)) - ConfigKey ozone.scm.client.address is deprecated, For configuring different ports for each SCM use PortConfigKey ozone.scm.client.port appended with serviceId and nodeId. If want to configure same port configure ozone.scm.client.port
2022-02-08 16:06:13,159 [Listener at 127.0.0.1/46615] WARN  scm.ScmUtils (ScmUtils.java:logWarn(179)) - ConfigKey ozone.scm.datanode.address is deprecated, For configuring different ports for each SCM use PortConfigKey ozone.scm.datanode.port appended with serviceId and nodeId. If want to configure same port configure ozone.scm.datanode.port
2022-02-08 16:06:13,160 [Listener at 127.0.0.1/46615] INFO  ha.SCMHANodeDetails (SCMHANodeDetails.java:loadSCMHAConfig(250)) - Found matching SCM address with SCMServiceId: scm-service-test1, SCMNodeId: scmNode-1, RPC Address: localhost:32791 and Ratis port: 32791
2022-02-08 16:06:13,160 [Listener at 127.0.0.1/46615] INFO  ha.SCMHANodeDetails (ConfUtils.java:setNodeSpecificConfigs(108)) - Setting configuration key ozone.scm.datanode.address with value of key ozone.scm.datanode.address.scm-service-test1.scmNode-1: 127.0.0.1:34411
2022-02-08 16:06:13,160 [Listener at 127.0.0.1/46615] INFO  ha.SCMHANodeDetails (ConfUtils.java:setNodeSpecificConfigs(108)) - Setting configuration key ozone.scm.block.client.address with value of key ozone.scm.block.client.address.scm-service-test1.scmNode-1: 127.0.0.1:44177
2022-02-08 16:06:13,160 [Listener at 127.0.0.1/46615] INFO  ha.SCMHANodeDetails (ConfUtils.java:setNodeSpecificConfigs(108)) - Setting configuration key ozone.scm.client.address with value of key ozone.scm.client.address.scm-service-test1.scmNode-1: 127.0.0.1:40003
2022-02-08 16:06:13,160 [Listener at 127.0.0.1/46615] INFO  ha.SCMHANodeDetails (ConfUtils.java:setNodeSpecificConfigs(108)) - Setting configuration key ozone.scm.ratis.port with value of key ozone.scm.ratis.port.scm-service-test1.scmNode-1: 32791
2022-02-08 16:06:13,160 [Listener at 127.0.0.1/46615] INFO  ha.SCMHANodeDetails (ConfUtils.java:setNodeSpecificConfigs(108)) - Setting configuration key ozone.scm.grpc.port with value of key ozone.scm.grpc.port.scm-service-test1.scmNode-1: 38249
2022-02-08 16:06:13,160 [Listener at 127.0.0.1/46615] INFO  ha.SCMHANodeDetails (ConfUtils.java:setNodeSpecificConfigs(108)) - Setting configuration key ozone.scm.http-address with value of key ozone.scm.http-address.scm-service-test1.scmNode-1: 127.0.0.1:38717
2022-02-08 16:06:13,160 [Listener at 127.0.0.1/46615] INFO  ha.SCMHANodeDetails (ConfUtils.java:setNodeSpecificConfigs(108)) - Setting configuration key ozone.scm.https-address with value of key ozone.scm.https-address.scm-service-test1.scmNode-1: 127.0.0.1:46331
2022-02-08 16:06:13,160 [Listener at 127.0.0.1/46615] INFO  ha.SCMHANodeDetails (ConfUtils.java:setNodeSpecificConfigs(108)) - Setting configuration key ozone.scm.address with value of key ozone.scm.address.scm-service-test1.scmNode-1: 127.0.0.1
2022-02-08 16:06:13,160 [Listener at 127.0.0.1/46615] WARN  scm.ScmUtils (ScmUtils.java:logWarn(179)) - ConfigKey ozone.scm.block.client.address is deprecated, For configuring different ports for each SCM use PortConfigKey ozone.scm.block.client.port appended with serviceId and nodeId. If want to configure same port configure ozone.scm.block.client.port
2022-02-08 16:06:13,161 [Listener at 127.0.0.1/46615] WARN  scm.ScmUtils (ScmUtils.java:logWarn(179)) - ConfigKey ozone.scm.client.address is deprecated, For configuring different ports for each SCM use PortConfigKey ozone.scm.client.port appended with serviceId and nodeId. If want to configure same port configure ozone.scm.client.port
2022-02-08 16:06:13,161 [Listener at 127.0.0.1/46615] WARN  scm.ScmUtils (ScmUtils.java:logWarn(179)) - ConfigKey ozone.scm.datanode.address is deprecated, For configuring different ports for each SCM use PortConfigKey ozone.scm.datanode.port appended with serviceId and nodeId. If want to configure same port configure ozone.scm.datanode.port
2022-02-08 16:06:13,161 [Listener at 127.0.0.1/46615] WARN  server.ServerUtils (ServerUtils.java:getScmDbDir(148)) - ozone.scm.db.dirs is not configured. We recommend adding this setting. Falling back to ozone.metadata.dirs instead.
2022-02-08 16:06:13,161 [Listener at 127.0.0.1/46615] INFO  upgrade.AbstractLayoutVersionManager (AbstractLayoutVersionManager.java:init(79)) - Initializing Layout version manager with metadata layout = SCM_HA (version = 2), software layout = SCM_HA (version = 2)
2022-02-08 16:06:13,250 [Listener at 127.0.0.1/46615] INFO  reflections.Reflections (Reflections.java:scan(232)) - Reflections took 87 ms to scan 7 urls, producing 119 keys and 279 values 
2022-02-08 16:06:13,257 [Listener at 127.0.0.1/46615] WARN  utils.HAUtils (HAUtils.java:getMetaDir(342)) - ozone.scm.db.dirs is not configured. We recommend adding this setting. Falling back to ozone.metadata.dirs instead.
2022-02-08 16:06:13,258 [Listener at 127.0.0.1/46615] WARN  db.DBStoreBuilder (DBStoreBuilder.java:applyDBDefinition(145)) - ozone.scm.db.dirs is not configured. We recommend adding this setting. Falling back to ozone.metadata.dirs instead.
2022-02-08 16:06:13,442 [Listener at 127.0.0.1/46615] INFO  net.NodeSchemaLoader (NodeSchemaLoader.java:loadSchemaFromFile(129)) - Loading schema from [jar:file:/home/runner/.m2/repository/org/apache/ozone/hdds-common/1.3.0-SNAPSHOT/hdds-common-1.3.0-SNAPSHOT.jar!/network-topology-default.xml]
2022-02-08 16:06:13,443 [Listener at 127.0.0.1/46615] INFO  net.NodeSchemaLoader (NodeSchemaLoader.java:loadSchema(176)) - Loading network topology layer schema file
2022-02-08 16:06:13,455 [Listener at 127.0.0.1/46615] INFO  ha.SCMRatisServerImpl (SCMRatisServerImpl.java:<init>(87)) - starting Raft server for scm:97fdbb42-98dd-4737-a292-80a7798b14c1
2022-02-08 16:06:13,468 [Listener at 127.0.0.1/46615] INFO  server.RaftServer (ConfUtils.java:logGet(44)) - raft.rpc.type = GRPC (default)
2022-02-08 16:06:13,469 [Listener at 127.0.0.1/46615] INFO  grpc.GrpcFactory (GrpcFactory.java:checkPooledByteBufAllocatorUseCacheForAllThreads(48)) - PERFORMANCE WARNING: useCacheForAllThreads is true that may cause Netty to create a lot garbage objects and, as a result, trigger GC.
	It is recommended to disable useCacheForAllThreads by setting -Dorg.apache.ratis.thirdparty.io.netty.allocator.useCacheForAllThreads=false in command line.
2022-02-08 16:06:13,469 [Listener at 127.0.0.1/46615] INFO  grpc.GrpcConfigKeys (ConfUtils.java:logGet(44)) - raft.grpc.admin.port = -1 (default)
2022-02-08 16:06:13,469 [Listener at 127.0.0.1/46615] INFO  grpc.GrpcConfigKeys (ConfUtils.java:logGet(44)) - raft.grpc.server.port = 32791 (custom)
2022-02-08 16:06:13,470 [Listener at 127.0.0.1/46615] INFO  grpc.GrpcConfigKeys (ConfUtils.java:logGet(44)) - raft.grpc.client.port = -1 (default)
2022-02-08 16:06:13,470 [Listener at 127.0.0.1/46615] INFO  grpc.GrpcConfigKeys (ConfUtils.java:logGet(44)) - raft.grpc.server.port = 32791 (custom)
2022-02-08 16:06:13,470 [Listener at 127.0.0.1/46615] INFO  grpc.GrpcConfigKeys (ConfUtils.java:logGet(44)) - raft.grpc.server.port = 32791 (custom)
2022-02-08 16:06:13,470 [Listener at 127.0.0.1/46615] INFO  server.GrpcService (ConfUtils.java:logGet(44)) - raft.grpc.message.size.max = 32m (=33554432) (custom)
2022-02-08 16:06:13,470 [Listener at 127.0.0.1/46615] INFO  server.RaftServerConfigKeys (ConfUtils.java:logGet(44)) - raft.server.log.appender.buffer.byte-limit = 33554432 (custom)
2022-02-08 16:06:13,471 [Listener at 127.0.0.1/46615] INFO  server.GrpcService (ConfUtils.java:logGet(44)) - raft.grpc.flow.control.window = 1MB (=1048576) (default)
2022-02-08 16:06:13,471 [Listener at 127.0.0.1/46615] INFO  server.RaftServerConfigKeys (ConfUtils.java:logGet(44)) - raft.server.rpc.request.timeout = 30000ms (custom)
2022-02-08 16:06:13,473 [Listener at 127.0.0.1/46615] INFO  impl.DataStreamServerImpl (ConfUtils.java:logGet(44)) - raft.datastream.type = DISABLED (default)
2022-02-08 16:06:13,473 [Listener at 127.0.0.1/46615] INFO  server.RaftServerConfigKeys (ConfUtils.java:logGet(44)) - raft.server.rpc.slowness.timeout = 120000ms (custom)
2022-02-08 16:06:13,473 [Listener at 127.0.0.1/46615] INFO  server.RaftServerConfigKeys (ConfUtils.java:logGet(44)) - raft.server.leaderelection.leader.step-down.wait-time = 10s (default)
2022-02-08 16:06:13,473 [Listener at 127.0.0.1/46615] INFO  server.RaftServerConfigKeys (ConfUtils.java:logGet(44)) - raft.server.storage.dir = [/home/runner/work/ozone/ozone/hadoop-ozone/integration-test/target/test-dir/MiniOzoneClusterImpl-a5c83128-e0a7-4ff9-8358-8aced9f265d2/scmNode-1/scm-ha] (custom)
2022-02-08 16:06:13,473 [Listener at 127.0.0.1/46615] INFO  server.RaftServer (RaftServerProxy.java:lambda$null$1(235)) - 97fdbb42-98dd-4737-a292-80a7798b14c1: found a subdirectory /home/runner/work/ozone/ozone/hadoop-ozone/integration-test/target/test-dir/MiniOzoneClusterImpl-a5c83128-e0a7-4ff9-8358-8aced9f265d2/scmNode-1/scm-ha/a5c83128-e0a7-4ff9-8358-8aced9f265d2
2022-02-08 16:06:13,476 [Listener at 127.0.0.1/46615] INFO  server.RaftServer (RaftServerProxy.java:addNew(95)) - 97fdbb42-98dd-4737-a292-80a7798b14c1: addNew group-8ACED9F265D2:[] returns group-8ACED9F265D2:java.util.concurrent.CompletableFuture@5dce3e[Not completed]
2022-02-08 16:06:13,476 [pool-210-thread-1] INFO  server.RaftServer$Division (RaftServerImpl.java:<init>(184)) - 97fdbb42-98dd-4737-a292-80a7798b14c1: new RaftServerImpl for group-8ACED9F265D2:[] with SCMStateMachine:uninitialized
2022-02-08 16:06:13,480 [pool-210-thread-1] INFO  server.RaftServerConfigKeys (ConfUtils.java:logGet(44)) - raft.server.rpc.timeout.min = 5000ms (custom)
2022-02-08 16:06:13,480 [pool-210-thread-1] INFO  server.RaftServerConfigKeys (ConfUtils.java:logGet(44)) - raft.server.rpc.timeout.max = 5200ms (custom)
2022-02-08 16:06:13,480 [pool-210-thread-1] INFO  server.RaftServerConfigKeys (ConfUtils.java:logGet(44)) - raft.server.rpc.sleep.time = 25ms (default)
2022-02-08 16:06:13,480 [pool-210-thread-1] INFO  server.RaftServerConfigKeys (ConfUtils.java:logGet(44)) - raft.server.rpc.slowness.timeout = 120000ms (custom)
2022-02-08 16:06:13,480 [pool-210-thread-1] INFO  server.RaftServerConfigKeys (ConfUtils.java:logGet(44)) - raft.server.leaderelection.leader.step-down.wait-time = 10s (default)
2022-02-08 16:06:13,480 [pool-210-thread-1] INFO  server.RaftServerConfigKeys (ConfUtils.java:logGet(44)) - raft.server.sleep.deviation.threshold = 300ms (default)
2022-02-08 16:06:13,480 [pool-210-thread-1] INFO  server.RaftServerConfigKeys (ConfUtils.java:logGet(44)) - raft.server.log.appender.install.snapshot.enabled = false (custom)
2022-02-08 16:06:13,480 [pool-210-thread-1] INFO  server.RaftServer$Division (ServerState.java:<init>(105)) - 97fdbb42-98dd-4737-a292-80a7798b14c1@group-8ACED9F265D2: ConfigurationManager, init=-1: [], old=null, confs=<EMPTY_MAP>
2022-02-08 16:06:13,480 [pool-210-thread-1] INFO  server.RaftServerConfigKeys (ConfUtils.java:logGet(44)) - raft.server.storage.dir = [/home/runner/work/ozone/ozone/hadoop-ozone/integration-test/target/test-dir/MiniOzoneClusterImpl-a5c83128-e0a7-4ff9-8358-8aced9f265d2/scmNode-1/scm-ha] (custom)
2022-02-08 16:06:13,481 [pool-210-thread-1] INFO  server.RaftServerConfigKeys (ConfUtils.java:logGet(44)) - raft.server.log.corruption.policy = EXCEPTION (default)
2022-02-08 16:06:13,481 [pool-210-thread-1] INFO  server.RaftServerConfigKeys (ConfUtils.java:logGet(44)) - raft.server.storage.free-space.min = 0MB (=0) (default)
2022-02-08 16:06:13,483 [pool-210-thread-1] INFO  storage.RaftStorageDirectory (RaftStorageDirectoryImpl.java:tryLock(230)) - Lock on /home/runner/work/ozone/ozone/hadoop-ozone/integration-test/target/test-dir/MiniOzoneClusterImpl-a5c83128-e0a7-4ff9-8358-8aced9f265d2/scmNode-1/scm-ha/a5c83128-e0a7-4ff9-8358-8aced9f265d2/in_use.lock acquired by nodename 14435@fv-az131-167
2022-02-08 16:06:13,483 [pool-210-thread-1] INFO  storage.RaftStorage (RaftStorageImpl.java:analyzeAndRecoverStorage(110)) - Read RaftStorageMetadata{term=1, votedFor=97fdbb42-98dd-4737-a292-80a7798b14c1} from /home/runner/work/ozone/ozone/hadoop-ozone/integration-test/target/test-dir/MiniOzoneClusterImpl-a5c83128-e0a7-4ff9-8358-8aced9f265d2/scmNode-1/scm-ha/a5c83128-e0a7-4ff9-8358-8aced9f265d2/current/raft-meta
2022-02-08 16:06:13,483 [pool-210-thread-1] INFO  server.RaftServer$Division (ServerState.java:setRaftConf(387)) - 97fdbb42-98dd-4737-a292-80a7798b14c1@group-8ACED9F265D2: set configuration 0: [97fdbb42-98dd-4737-a292-80a7798b14c1|rpc:localhost:32791|admin:|client:|dataStream:|priority:0], old=null
2022-02-08 16:06:13,483 [pool-210-thread-1] INFO  server.RaftServerConfigKeys (ConfUtils.java:logGet(44)) - raft.server.notification.no-leader.timeout = 60s (default)
2022-02-08 16:06:13,483 [pool-210-thread-1] INFO  server.RaftServerConfigKeys (ConfUtils.java:logGet(44)) - raft.server.log.use.memory = false (default)
2022-02-08 16:06:13,484 [pool-210-thread-1] INFO  server.RaftServerConfigKeys (ConfUtils.java:logGet(44)) - raft.server.log.purge.gap = 5 (custom)
2022-02-08 16:06:13,484 [pool-210-thread-1] INFO  server.RaftServerConfigKeys (ConfUtils.java:logGet(44)) - raft.server.log.appender.buffer.byte-limit = 33554432 (custom)
2022-02-08 16:06:13,484 [pool-210-thread-1] INFO  server.RaftServerConfigKeys (ConfUtils.java:logGet(44)) - raft.server.log.segment.size.max = 4194304 (custom)
2022-02-08 16:06:13,484 [pool-210-thread-1] INFO  server.RaftServerConfigKeys (ConfUtils.java:logGet(44)) - raft.server.log.segment.cache.num.max = 2 (custom)
2022-02-08 16:06:13,484 [pool-210-thread-1] INFO  server.RaftServerConfigKeys (ConfUtils.java:logGet(44)) - raft.server.log.segment.cache.size.max = 200MB (=209715200) (default)
2022-02-08 16:06:13,484 [pool-210-thread-1] INFO  segmented.SegmentedRaftLogWorker (SegmentedRaftLogWorker.java:<init>(182)) - new 97fdbb42-98dd-4737-a292-80a7798b14c1@group-8ACED9F265D2-SegmentedRaftLogWorker for RaftStorageImpl:Storage Directory /home/runner/work/ozone/ozone/hadoop-ozone/integration-test/target/test-dir/MiniOzoneClusterImpl-a5c83128-e0a7-4ff9-8358-8aced9f265d2/scmNode-1/scm-ha/a5c83128-e0a7-4ff9-8358-8aced9f265d2
2022-02-08 16:06:13,484 [pool-210-thread-1] INFO  server.RaftServerConfigKeys (ConfUtils.java:logGet(44)) - raft.server.log.queue.byte-limit = 64MB (=67108864) (default)
2022-02-08 16:06:13,484 [pool-210-thread-1] INFO  server.RaftServerConfigKeys (ConfUtils.java:logGet(44)) - raft.server.log.queue.element-limit = 4096 (default)
2022-02-08 16:06:13,484 [pool-210-thread-1] INFO  server.RaftServerConfigKeys (ConfUtils.java:logGet(44)) - raft.server.log.segment.size.max = 4194304 (custom)
2022-02-08 16:06:13,484 [pool-210-thread-1] INFO  server.RaftServerConfigKeys (ConfUtils.java:logGet(44)) - raft.server.log.preallocated.size = 4194304 (custom)
2022-02-08 16:06:13,484 [pool-210-thread-1] INFO  server.RaftServerConfigKeys (ConfUtils.java:logGet(44)) - raft.server.log.force.sync.num = 128 (default)
2022-02-08 16:06:13,484 [pool-210-thread-1] INFO  server.RaftServerConfigKeys (ConfUtils.java:logGet(44)) - raft.server.log.statemachine.data.sync = true (default)
2022-02-08 16:06:13,484 [pool-210-thread-1] INFO  server.RaftServerConfigKeys (ConfUtils.java:logGet(44)) - raft.server.log.statemachine.data.sync.timeout = 10s (default)
2022-02-08 16:06:13,485 [pool-210-thread-1] INFO  server.RaftServerConfigKeys (ConfUtils.java:logGet(44)) - raft.server.log.statemachine.data.sync.timeout.retry = -1 (default)
2022-02-08 16:06:13,485 [pool-210-thread-1] INFO  server.RaftServerConfigKeys (ConfUtils.java:logGet(44)) - raft.server.log.write.buffer.size = 64KB (=65536) (default)
2022-02-08 16:06:13,485 [pool-210-thread-1] INFO  server.RaftServerConfigKeys (ConfUtils.java:logGet(44)) - raft.server.log.statemachine.data.caching.enabled = false (default)
2022-02-08 16:06:13,486 [pool-210-thread-1] INFO  server.RaftServer$Division (ServerState.java:setRaftConf(387)) - 97fdbb42-98dd-4737-a292-80a7798b14c1@group-8ACED9F265D2: set configuration 0: [97fdbb42-98dd-4737-a292-80a7798b14c1|rpc:localhost:32791|admin:|client:|dataStream:|priority:0], old=null
2022-02-08 16:06:13,486 [pool-210-thread-1] INFO  segmented.LogSegment (LogSegment.java:loadSegment(173)) - Successfully read 1 entries from segment file /home/runner/work/ozone/ozone/hadoop-ozone/integration-test/target/test-dir/MiniOzoneClusterImpl-a5c83128-e0a7-4ff9-8358-8aced9f265d2/scmNode-1/scm-ha/a5c83128-e0a7-4ff9-8358-8aced9f265d2/current/log_inprogress_0
2022-02-08 16:06:13,486 [pool-210-thread-1] INFO  segmented.SegmentedRaftLogWorker (SegmentedRaftLogWorker.java:lambda$new$0(133)) - 97fdbb42-98dd-4737-a292-80a7798b14c1@group-8ACED9F265D2-SegmentedRaftLogWorker: flushIndex: setUnconditionally 0 -> 0
2022-02-08 16:06:13,486 [pool-210-thread-1] INFO  segmented.SegmentedRaftLogWorker (SegmentedRaftLogWorker.java:lambda$new$0(133)) - 97fdbb42-98dd-4737-a292-80a7798b14c1@group-8ACED9F265D2-SegmentedRaftLogWorker: safeCacheEvictIndex: setUnconditionally 0 -> -1
2022-02-08 16:06:13,500 [pool-210-thread-1] INFO  server.RaftServerConfigKeys (ConfUtils.java:logGet(44)) - raft.server.snapshot.auto.trigger.enabled = true (custom)
2022-02-08 16:06:13,500 [pool-210-thread-1] INFO  server.RaftServerConfigKeys (ConfUtils.java:logGet(44)) - raft.server.snapshot.auto.trigger.threshold = 5 (custom)
2022-02-08 16:06:13,500 [pool-210-thread-1] INFO  server.RaftServerConfigKeys (ConfUtils.java:logGet(44)) - raft.server.snapshot.retention.file.num = -1 (default)
2022-02-08 16:06:13,500 [pool-210-thread-1] INFO  server.RaftServerConfigKeys (ConfUtils.java:logGet(44)) - raft.server.log.purge.upto.snapshot.index = true (custom)
2022-02-08 16:06:13,500 [pool-210-thread-1] INFO  server.RaftServerConfigKeys (ConfUtils.java:logGet(44)) - raft.server.retrycache.expirytime = 60000ms (default)
2022-02-08 16:06:13,500 [pool-210-thread-1] INFO  server.RaftServerConfigKeys (ConfUtils.java:logGet(44)) - raft.server.retrycache.statistics.expirytime = 100μs (default)
2022-02-08 16:06:13,503 [Listener at 127.0.0.1/46615] INFO  ha.SCMSnapshotProvider (SCMSnapshotProvider.java:<init>(66)) - Initializing SCM Snapshot Provider
2022-02-08 16:06:13,503 [Listener at 127.0.0.1/46615] WARN  server.ServerUtils (ServerUtils.java:getDefaultRatisDirectory(237)) - Storage directory for Ratis is not configured. It is a good idea to map this to an SSD disk. Falling back to ozone.metadata.dirs
2022-02-08 16:06:13,503 [Listener at 127.0.0.1/46615] WARN  ha.SCMHAUtils (SCMHAUtils.java:getSCMRatisSnapshotDirectory(146)) - SCM snapshot dir is not configured. Falling back to ozone.metadata.dirs config
2022-02-08 16:06:13,505 [Listener at 127.0.0.1/46615] INFO  ha.SequenceIdGenerator (SequenceIdGenerator.java:upgradeToSequenceId(347)) - upgrade localId to 109611004723200000
2022-02-08 16:06:13,505 [Listener at 127.0.0.1/46615] INFO  ha.SequenceIdGenerator (SequenceIdGenerator.java:upgradeToSequenceId(357)) - upgrade delTxnId to 0
2022-02-08 16:06:13,505 [Listener at 127.0.0.1/46615] INFO  ha.SequenceIdGenerator (SequenceIdGenerator.java:upgradeToSequenceId(371)) - upgrade containerId to 0
2022-02-08 16:06:13,505 [Listener at 127.0.0.1/46615] INFO  ha.SequenceIdGenerator (SequenceIdGenerator.java:<init>(218)) - Init the HA SequenceIdGenerator.
2022-02-08 16:06:13,512 [Listener at 127.0.0.1/46615] INFO  node.SCMNodeManager (SCMNodeManager.java:<init>(144)) - Entering startup safe mode.
2022-02-08 16:06:13,512 [Listener at 127.0.0.1/46615] INFO  algorithms.ContainerPlacementPolicyFactory (ContainerPlacementPolicyFactory.java:getPolicy(60)) - Create container placement policy of type org.apache.hadoop.hdds.scm.container.placement.algorithms.SCMContainerPlacementRandom
2022-02-08 16:06:13,512 [Listener at 127.0.0.1/46615] INFO  pipeline.PipelineStateManagerImpl (PipelineStateManagerImpl.java:initialize(78)) - No pipeline exists in current db
2022-02-08 16:06:13,513 [Listener at 127.0.0.1/46615] INFO  algorithms.LeaderChoosePolicyFactory (LeaderChoosePolicyFactory.java:getPolicy(57)) - Create leader choose policy of type org.apache.hadoop.hdds.scm.pipeline.leader.choose.algorithms.MinLeaderCountChoosePolicy
2022-02-08 16:06:13,513 [Listener at 127.0.0.1/46615] INFO  ha.SCMServiceManager (SCMServiceManager.java:register(43)) - Registering service BackgroundPipelineCreator.
2022-02-08 16:06:13,513 [Listener at 127.0.0.1/46615] INFO  pipeline.BackgroundPipelineCreator (BackgroundPipelineCreator.java:start(130)) - Starting RatisPipelineUtilsThread.
2022-02-08 16:06:13,524 [Listener at 127.0.0.1/46615] INFO  algorithms.PipelineChoosePolicyFactory (PipelineChoosePolicyFactory.java:createPipelineChoosePolicyFromClass(73)) - Create pipeline choose policy of type org.apache.hadoop.hdds.scm.pipeline.choose.algorithms.RandomPipelineChoosePolicy
2022-02-08 16:06:13,525 [Listener at 127.0.0.1/46615] INFO  ha.SCMServiceManager (SCMServiceManager.java:register(43)) - Registering service SCMBlockDeletingService.
2022-02-08 16:06:13,525 [Listener at 127.0.0.1/46615] INFO  ha.SCMServiceManager (SCMServiceManager.java:register(43)) - Registering service ReplicationManager.
2022-02-08 16:06:13,525 [Listener at 127.0.0.1/46615] INFO  container.ReplicationManager (ReplicationManager.java:start(326)) - Starting Replication Monitor Thread.
2022-02-08 16:06:13,527 [Listener at 127.0.0.1/46615] INFO  safemode.ContainerSafeModeRule (ContainerSafeModeRule.java:<init>(89)) - containers with one replica threshold count 0
2022-02-08 16:06:13,527 [Listener at 127.0.0.1/46615] INFO  safemode.HealthyPipelineSafeModeRule (HealthyPipelineSafeModeRule.java:initializeRule(156)) - Total pipeline count is 0, healthy pipeline threshold count is 1
2022-02-08 16:06:13,527 [Listener at 127.0.0.1/46615] INFO  safemode.OneReplicaPipelineSafeModeRule (OneReplicaPipelineSafeModeRule.java:initializeRule(180)) - Total pipeline count is 0, pipeline's with at least one datanode reported threshold count is 0
2022-02-08 16:06:13,528 [ReplicationMonitor] INFO  container.ReplicationManager (ReplicationManager.java:processAll(374)) - Replication Manager is not ready to run until 300000ms after safemode exit
2022-02-08 16:06:13,532 [Listener at 127.0.0.1/46615] INFO  ipc.CallQueueManager (CallQueueManager.java:<init>(90)) - Using callQueue: class java.util.concurrent.LinkedBlockingQueue, queueCapacity: 10000, scheduler: class org.apache.hadoop.ipc.DefaultRpcScheduler, ipcBackoff: false.
2022-02-08 16:06:13,540 [Socket Reader #1 for port 34411] INFO  ipc.Server (Server.java:run(1265)) - Starting Socket Reader #1 for port 34411
2022-02-08 16:06:13,548 [Listener at 0.0.0.0/34411] INFO  ipc.CallQueueManager (CallQueueManager.java:<init>(90)) - Using callQueue: class java.util.concurrent.LinkedBlockingQueue, queueCapacity: 10000, scheduler: class org.apache.hadoop.ipc.DefaultRpcScheduler, ipcBackoff: false.
2022-02-08 16:06:13,560 [Socket Reader #1 for port 44177] INFO  ipc.Server (Server.java:run(1265)) - Starting Socket Reader #1 for port 44177
2022-02-08 16:06:13,560 [Listener at 0.0.0.0/44177] INFO  ipc.CallQueueManager (CallQueueManager.java:<init>(90)) - Using callQueue: class java.util.concurrent.LinkedBlockingQueue, queueCapacity: 10000, scheduler: class org.apache.hadoop.ipc.DefaultRpcScheduler, ipcBackoff: false.
2022-02-08 16:06:13,576 [Socket Reader #1 for port 40003] INFO  ipc.Server (Server.java:run(1265)) - Starting Socket Reader #1 for port 40003
2022-02-08 16:06:13,616 [Listener at 0.0.0.0/40003] INFO  algorithms.ContainerPlacementPolicyFactory (ContainerPlacementPolicyFactory.java:getPolicy(60)) - Create container placement policy of type org.apache.hadoop.hdds.scm.container.placement.algorithms.SCMContainerPlacementRandom
2022-02-08 16:06:13,626 [Listener at 0.0.0.0/40003] INFO  server.StorageContainerManager (StorageContainerManager.java:<init>(388)) - 
Container Balancer status:
Key                            Value
Running                        false
Container Balancer Configuration values:
Key                                                Value
Threshold                                          10
Max Datanodes to Involve per Iteration(percent)    20
Max Size to Move per Iteration                     500GB
Max Size Entering Target per Iteration             26GB
Max Size Leaving Source per Iteration              26GB

2022-02-08 16:06:13,628 [Listener at 0.0.0.0/40003] WARN  events.EventQueue (EventQueue.java:fireEvent(194)) - No event handler registered for event TypedEvent{payloadType=SafeModeStatus, name='Safe mode status'}
2022-02-08 16:06:13,628 [Listener at 0.0.0.0/40003] INFO  ha.SCMContext (SCMContext.java:updateSafeModeStatus(211)) - Update SafeModeStatus from SafeModeStatus{safeModeStatus=true, preCheckPassed=false} to SafeModeStatus{safeModeStatus=true, preCheckPassed=false}.
2022-02-08 16:06:13,628 [Listener at 0.0.0.0/40003] INFO  server.StorageContainerManager (StorageContainerManager.java:start(1303)) - StorageContainerLocationProtocol RPC server is listening at /0.0.0.0:40003
2022-02-08 16:06:13,636 [Listener at 0.0.0.0/40003] INFO  ha.SCMRatisServerImpl (SCMRatisServerImpl.java:start(177)) - starting ratis server 0.0.0.0:32791
2022-02-08 16:06:13,636 [Listener at 0.0.0.0/40003] INFO  server.RaftServer$Division (RaftServerImpl.java:start(301)) - 97fdbb42-98dd-4737-a292-80a7798b14c1@group-8ACED9F265D2: start as a follower, conf=0: [97fdbb42-98dd-4737-a292-80a7798b14c1|rpc:localhost:32791|admin:|client:|dataStream:|priority:0], old=null
2022-02-08 16:06:13,636 [Listener at 0.0.0.0/40003] INFO  server.RaftServer$Division (RaftServerImpl.java:setRole(290)) - 97fdbb42-98dd-4737-a292-80a7798b14c1@group-8ACED9F265D2: changes role from      null to FOLLOWER at term 1 for startAsFollower
2022-02-08 16:06:13,636 [Listener at 0.0.0.0/40003] INFO  impl.RoleInfo (RoleInfo.java:updateAndGet(130)) - 97fdbb42-98dd-4737-a292-80a7798b14c1: start 97fdbb42-98dd-4737-a292-80a7798b14c1@group-8ACED9F265D2-FollowerState
2022-02-08 16:06:13,650 [Listener at 0.0.0.0/40003] INFO  util.JmxRegister (JmxRegister.java:tryRegister(44)) - Successfully registered JMX Bean with object name Ratis:service=RaftServer,group=group-8ACED9F265D2,id=97fdbb42-98dd-4737-a292-80a7798b14c1
2022-02-08 16:06:13,652 [Listener at 0.0.0.0/40003] INFO  server.RaftServer (RaftServerProxy.java:lambda$start$5(374)) - 97fdbb42-98dd-4737-a292-80a7798b14c1: start RPC server
2022-02-08 16:06:13,653 [Listener at 0.0.0.0/40003] INFO  server.GrpcService (GrpcService.java:startImpl(253)) - 97fdbb42-98dd-4737-a292-80a7798b14c1: GrpcService started, listening on 32791
2022-02-08 16:06:13,653 [Listener at 0.0.0.0/40003] INFO  ha.SCMHAManagerImpl (SCMHAManagerImpl.java:start(121)) -  scm role is FOLLOWER peers [97fdbb42-98dd-4737-a292-80a7798b14c1|rpc:localhost:32791|admin:|client:|dataStream:|priority:0]
2022-02-08 16:06:13,653 [Listener at 0.0.0.0/40003] INFO  ha.InterSCMGrpcService (InterSCMGrpcProtocolService.java:start(94)) - Starting SCM Grpc Service at port 38249
2022-02-08 16:06:13,656 [Listener at 0.0.0.0/40003] WARN  impl.MetricsConfig (MetricsConfig.java:loadFirst(136)) - Cannot locate configuration: tried hadoop-metrics2-storagecontainermanager.properties,hadoop-metrics2.properties
2022-02-08 16:06:13,668 [org.apache.ratis.util.JvmPauseMonitor$$Lambda$503/1122118227@6086b885] INFO  util.JvmPauseMonitor (JvmPauseMonitor.java:run(103)) - JvmPauseMonitor-97fdbb42-98dd-4737-a292-80a7798b14c1: Started
2022-02-08 16:06:13,668 [Listener at 0.0.0.0/40003] INFO  impl.MetricsSystemImpl (MetricsSystemImpl.java:startTimer(378)) - Scheduled Metric snapshot period at 10 second(s).
2022-02-08 16:06:13,668 [Listener at 0.0.0.0/40003] INFO  impl.MetricsSystemImpl (MetricsSystemImpl.java:start(191)) - StorageContainerManager metrics system started
2022-02-08 16:06:13,685 [Listener at 0.0.0.0/40003] INFO  impl.MetricsSinkAdapter (MetricsSinkAdapter.java:start(204)) - Sink prometheus started
2022-02-08 16:06:13,687 [Listener at 0.0.0.0/40003] INFO  impl.MetricsSystemImpl (MetricsSystemImpl.java:registerSink(305)) - Registered sink prometheus
2022-02-08 16:06:13,724 [Listener at 0.0.0.0/40003] INFO  server.SCMClientProtocolServer (SCMClientProtocolServer.java:start(165)) - RPC server for Client  is listening at /0.0.0.0:40003
2022-02-08 16:06:13,736 [IPC Server Responder] INFO  ipc.Server (Server.java:run(1507)) - IPC Server Responder: starting
2022-02-08 16:06:13,788 [Listener at 0.0.0.0/40003] INFO  server.StorageContainerManager (StorageContainerManager.java:start(1318)) - ScmBlockLocationProtocol RPC server is listening at /0.0.0.0:44177
2022-02-08 16:06:13,789 [Listener at 0.0.0.0/40003] INFO  server.SCMBlockProtocolServer (SCMBlockProtocolServer.java:start(151)) - RPC server for Block Protocol is listening at /0.0.0.0:44177
2022-02-08 16:06:13,789 [IPC Server Responder] INFO  ipc.Server (Server.java:run(1507)) - IPC Server Responder: starting
2022-02-08 16:06:13,789 [IPC Server listener on 44177] INFO  ipc.Server (Server.java:run(1344)) - IPC Server listener on 44177: starting
2022-02-08 16:06:13,804 [IPC Server listener on 40003] INFO  ipc.Server (Server.java:run(1344)) - IPC Server listener on 40003: starting
2022-02-08 16:06:13,805 [Listener at 0.0.0.0/40003] INFO  http.BaseHttpServer (BaseHttpServer.java:newHttpServer2BuilderForOzone(209)) - Starting Web-server for scm at: http://0.0.0.0:38717
2022-02-08 16:06:13,806 [Listener at 0.0.0.0/40003] INFO  http.BaseHttpServer (BaseHttpServer.java:<init>(107)) - Hadoop Security Enabled: false Ozone Security Enabled: false Ozone HTTP Security Enabled: false 
2022-02-08 16:06:13,807 [Listener at 0.0.0.0/40003] INFO  server.AuthenticationFilter (AuthenticationFilter.java:constructSecretProvider(240)) - Unable to initialize FileSignerSecretProvider, falling back to use random secrets.
2022-02-08 16:06:13,816 [Listener at 0.0.0.0/40003] WARN  http.HttpRequestLog (HttpRequestLog.java:getRequestLog(103)) - Jetty request log can only be enabled using Log4j
2022-02-08 16:06:13,817 [Listener at 0.0.0.0/40003] INFO  http.HttpServer2 (HttpServer2.java:addGlobalFilter(1030)) - Added global filter 'safety' (class=org.apache.hadoop.hdds.server.http.HttpServer2$QuotingInputFilter)
2022-02-08 16:06:13,818 [Listener at 0.0.0.0/40003] INFO  http.HttpServer2 (HttpServer2.java:addFilter(1006)) - Added filter static_user_filter (class=org.apache.hadoop.http.lib.StaticUserWebFilter$StaticUserFilter) to context scm
2022-02-08 16:06:13,818 [Listener at 0.0.0.0/40003] INFO  http.HttpServer2 (HttpServer2.java:addFilter(1014)) - Added filter static_user_filter (class=org.apache.hadoop.http.lib.StaticUserWebFilter$StaticUserFilter) to context logs
2022-02-08 16:06:13,818 [Listener at 0.0.0.0/40003] INFO  http.HttpServer2 (HttpServer2.java:addFilter(1014)) - Added filter static_user_filter (class=org.apache.hadoop.http.lib.StaticUserWebFilter$StaticUserFilter) to context static
2022-02-08 16:06:13,820 [Listener at 0.0.0.0/40003] INFO  http.HttpServer2 (HttpServer2.java:bindListener(1249)) - Jetty bound to port 38717
2022-02-08 16:06:13,822 [Listener at 0.0.0.0/40003] INFO  server.Server (Server.java:doStart(375)) - jetty-9.4.43.v20210629; built: 2021-06-30T11:07:22.254Z; git: 526006ecfa3af7f1a27ef3a288e2bef7ea9dd7e8; jvm 1.8.0_312-b07
2022-02-08 16:06:13,844 [Listener at 0.0.0.0/40003] INFO  server.session (DefaultSessionIdManager.java:doStart(334)) - DefaultSessionIdManager workerName=node0
2022-02-08 16:06:13,844 [Listener at 0.0.0.0/40003] INFO  server.session (DefaultSessionIdManager.java:doStart(339)) - No SessionScavenger set, using defaults
2022-02-08 16:06:13,844 [Listener at 0.0.0.0/40003] INFO  server.session (HouseKeeper.java:startScavenging(132)) - node0 Scavenging every 660000ms
2022-02-08 16:06:13,845 [Listener at 0.0.0.0/40003] INFO  handler.ContextHandler (ContextHandler.java:doStart(915)) - Started o.e.j.s.ServletContextHandler@2cc78e6a{logs,/logs,file:///home/runner/work/ozone/ozone/hadoop-ozone/integration-test/target/log,AVAILABLE}
2022-02-08 16:06:13,846 [Listener at 0.0.0.0/40003] INFO  handler.ContextHandler (ContextHandler.java:doStart(915)) - Started o.e.j.s.ServletContextHandler@363801b5{static,/static,file:///home/runner/work/ozone/ozone/hadoop-ozone/integration-test/target/test-classes/webapps/static,AVAILABLE}
2022-02-08 16:06:13,848 [org.apache.hadoop.util.JvmPauseMonitor$Monitor@77bd9821] INFO  util.JvmPauseMonitor (JvmPauseMonitor.java:run(188)) - Starting JVM pause monitor
2022-02-08 16:06:13,858 [Listener at 0.0.0.0/40003] INFO  handler.ContextHandler (ContextHandler.java:doStart(915)) - Started o.e.j.w.WebAppContext@4112e47b{scm,/,file:///home/runner/work/ozone/ozone/hadoop-ozone/integration-test/target/test-classes/webapps/scm/,AVAILABLE}{file:/home/runner/work/ozone/ozone/hadoop-ozone/integration-test/target/test-classes/webapps/scm}
2022-02-08 16:06:13,863 [Listener at 0.0.0.0/40003] INFO  server.AbstractConnector (AbstractConnector.java:doStart(331)) - Started ServerConnector@69f1887c{HTTP/1.1, (http/1.1)}{0.0.0.0:38717}
2022-02-08 16:06:13,863 [Listener at 0.0.0.0/40003] INFO  server.Server (Server.java:doStart(415)) - Started @84718ms
2022-02-08 16:06:13,863 [Listener at 0.0.0.0/40003] WARN  impl.MetricsSystemImpl (MetricsSystemImpl.java:register(279)) - Sink prometheus already exists!
2022-02-08 16:06:13,864 [Listener at 0.0.0.0/40003] INFO  http.BaseHttpServer (BaseHttpServer.java:updateConnectorAddress(329)) - HTTP server of scm listening at http://0.0.0.0:38717
2022-02-08 16:06:13,864 [Listener at 0.0.0.0/40003] INFO  ozone.MiniOzoneHAClusterImpl (MiniOzoneHAClusterImpl.java:createSCMService(600)) - Started SCM RPC server at /0.0.0.0:40003
2022-02-08 16:06:13,865 [Listener at 0.0.0.0/40003] INFO  ha.SCMHANodeDetails (SCMHANodeDetails.java:loadSCMHAConfig(157)) - ServiceID for StorageContainerManager is scm-service-test1
2022-02-08 16:06:13,865 [Listener at 0.0.0.0/40003] INFO  ha.SCMHANodeDetails (SCMHANodeDetails.java:loadSCMHAConfig(168)) - ServiceID for StorageContainerManager is scm-service-test1
2022-02-08 16:06:13,865 [Listener at 0.0.0.0/40003] WARN  scm.ScmUtils (ScmUtils.java:logWarn(179)) - ConfigKey ozone.scm.block.client.address is deprecated, For configuring different ports for each SCM use PortConfigKey ozone.scm.block.client.port appended with serviceId and nodeId. If want to configure same port configure ozone.scm.block.client.port
2022-02-08 16:06:13,865 [Listener at 0.0.0.0/40003] WARN  scm.ScmUtils (ScmUtils.java:logWarn(179)) - ConfigKey ozone.scm.client.address is deprecated, For configuring different ports for each SCM use PortConfigKey ozone.scm.client.port appended with serviceId and nodeId. If want to configure same port configure ozone.scm.client.port
2022-02-08 16:06:13,865 [Listener at 0.0.0.0/40003] WARN  scm.ScmUtils (ScmUtils.java:logWarn(179)) - ConfigKey ozone.scm.datanode.address is deprecated, For configuring different ports for each SCM use PortConfigKey ozone.scm.datanode.port appended with serviceId and nodeId. If want to configure same port configure ozone.scm.datanode.port
2022-02-08 16:06:13,866 [Listener at 0.0.0.0/40003] WARN  scm.ScmUtils (ScmUtils.java:logWarn(179)) - ConfigKey ozone.scm.block.client.address is deprecated, For configuring different ports for each SCM use PortConfigKey ozone.scm.block.client.port appended with serviceId and nodeId. If want to configure same port configure ozone.scm.block.client.port
2022-02-08 16:06:13,868 [Listener at 0.0.0.0/40003] WARN  scm.ScmUtils (ScmUtils.java:logWarn(179)) - ConfigKey ozone.scm.client.address is deprecated, For configuring different ports for each SCM use PortConfigKey ozone.scm.client.port appended with serviceId and nodeId. If want to configure same port configure ozone.scm.client.port
2022-02-08 16:06:13,868 [Listener at 0.0.0.0/40003] WARN  scm.ScmUtils (ScmUtils.java:logWarn(179)) - ConfigKey ozone.scm.datanode.address is deprecated, For configuring different ports for each SCM use PortConfigKey ozone.scm.datanode.port appended with serviceId and nodeId. If want to configure same port configure ozone.scm.datanode.port
2022-02-08 16:06:13,868 [Listener at 0.0.0.0/40003] INFO  ha.SCMHANodeDetails (SCMHANodeDetails.java:loadSCMHAConfig(250)) - Found matching SCM address with SCMServiceId: scm-service-test1, SCMNodeId: scmNode-2, RPC Address: localhost:42399 and Ratis port: 42399
2022-02-08 16:06:13,868 [Listener at 0.0.0.0/40003] INFO  ha.SCMHANodeDetails (ConfUtils.java:setNodeSpecificConfigs(108)) - Setting configuration key ozone.scm.datanode.address with value of key ozone.scm.datanode.address.scm-service-test1.scmNode-2: 127.0.0.1:44977
2022-02-08 16:06:13,868 [Listener at 0.0.0.0/40003] INFO  ha.SCMHANodeDetails (ConfUtils.java:setNodeSpecificConfigs(108)) - Setting configuration key ozone.scm.block.client.address with value of key ozone.scm.block.client.address.scm-service-test1.scmNode-2: 127.0.0.1:40911
2022-02-08 16:06:13,869 [Listener at 0.0.0.0/40003] INFO  ha.SCMHANodeDetails (ConfUtils.java:setNodeSpecificConfigs(108)) - Setting configuration key ozone.scm.client.address with value of key ozone.scm.client.address.scm-service-test1.scmNode-2: 127.0.0.1:40119
2022-02-08 16:06:13,869 [Listener at 0.0.0.0/40003] INFO  ha.SCMHANodeDetails (ConfUtils.java:setNodeSpecificConfigs(108)) - Setting configuration key ozone.scm.ratis.port with value of key ozone.scm.ratis.port.scm-service-test1.scmNode-2: 42399
2022-02-08 16:06:13,869 [Listener at 0.0.0.0/40003] INFO  ha.SCMHANodeDetails (ConfUtils.java:setNodeSpecificConfigs(108)) - Setting configuration key ozone.scm.grpc.port with value of key ozone.scm.grpc.port.scm-service-test1.scmNode-2: 45627
2022-02-08 16:06:13,869 [Listener at 0.0.0.0/40003] INFO  ha.SCMHANodeDetails (ConfUtils.java:setNodeSpecificConfigs(108)) - Setting configuration key ozone.scm.http-address with value of key ozone.scm.http-address.scm-service-test1.scmNode-2: 127.0.0.1:40077
2022-02-08 16:06:13,869 [Listener at 0.0.0.0/40003] INFO  ha.SCMHANodeDetails (ConfUtils.java:setNodeSpecificConfigs(108)) - Setting configuration key ozone.scm.https-address with value of key ozone.scm.https-address.scm-service-test1.scmNode-2: 127.0.0.1:44633
2022-02-08 16:06:13,869 [Listener at 0.0.0.0/40003] INFO  ha.SCMHANodeDetails (ConfUtils.java:setNodeSpecificConfigs(108)) - Setting configuration key ozone.scm.address with value of key ozone.scm.address.scm-service-test1.scmNode-2: 127.0.0.1
2022-02-08 16:06:13,869 [Listener at 0.0.0.0/40003] WARN  scm.ScmUtils (ScmUtils.java:logWarn(179)) - ConfigKey ozone.scm.block.client.address is deprecated, For configuring different ports for each SCM use PortConfigKey ozone.scm.block.client.port appended with serviceId and nodeId. If want to configure same port configure ozone.scm.block.client.port
2022-02-08 16:06:13,870 [Listener at 0.0.0.0/40003] WARN  scm.ScmUtils (ScmUtils.java:logWarn(179)) - ConfigKey ozone.scm.client.address is deprecated, For configuring different ports for each SCM use PortConfigKey ozone.scm.client.port appended with serviceId and nodeId. If want to configure same port configure ozone.scm.client.port
2022-02-08 16:06:13,870 [Listener at 0.0.0.0/40003] WARN  scm.ScmUtils (ScmUtils.java:logWarn(179)) - ConfigKey ozone.scm.datanode.address is deprecated, For configuring different ports for each SCM use PortConfigKey ozone.scm.datanode.port appended with serviceId and nodeId. If want to configure same port configure ozone.scm.datanode.port
2022-02-08 16:06:13,870 [Listener at 0.0.0.0/40003] WARN  server.ServerUtils (ServerUtils.java:getScmDbDir(148)) - ozone.scm.db.dirs is not configured. We recommend adding this setting. Falling back to ozone.metadata.dirs instead.
2022-02-08 16:06:13,871 [Listener at 0.0.0.0/40003] INFO  ha.SCMNodeInfo (SCMNodeInfo.java:getPort(197)) - ConfigKey ozone.scm.client.address is deprecated, For configuring different ports for each SCM use PortConfigKey ozone.scm.client.port appended with serviceId and nodeId
2022-02-08 16:06:13,871 [Listener at 0.0.0.0/40003] INFO  ha.SCMNodeInfo (SCMNodeInfo.java:getPort(197)) - ConfigKey ozone.scm.block.client.address is deprecated, For configuring different ports for each SCM use PortConfigKey ozone.scm.block.client.port appended with serviceId and nodeId
2022-02-08 16:06:13,872 [Listener at 0.0.0.0/40003] INFO  ha.SCMNodeInfo (SCMNodeInfo.java:getPort(197)) - ConfigKey ozone.scm.datanode.address is deprecated, For configuring different ports for each SCM use PortConfigKey ozone.scm.datanode.port appended with serviceId and nodeId
2022-02-08 16:06:13,872 [Listener at 0.0.0.0/40003] INFO  ha.SCMNodeInfo (SCMNodeInfo.java:getPort(197)) - ConfigKey ozone.scm.client.address is deprecated, For configuring different ports for each SCM use PortConfigKey ozone.scm.client.port appended with serviceId and nodeId
2022-02-08 16:06:13,872 [Listener at 0.0.0.0/40003] INFO  ha.SCMNodeInfo (SCMNodeInfo.java:getPort(197)) - ConfigKey ozone.scm.block.client.address is deprecated, For configuring different ports for each SCM use PortConfigKey ozone.scm.block.client.port appended with serviceId and nodeId
2022-02-08 16:06:13,872 [Listener at 0.0.0.0/40003] INFO  ha.SCMNodeInfo (SCMNodeInfo.java:getPort(197)) - ConfigKey ozone.scm.datanode.address is deprecated, For configuring different ports for each SCM use PortConfigKey ozone.scm.datanode.port appended with serviceId and nodeId
2022-02-08 16:06:13,872 [Listener at 0.0.0.0/40003] INFO  ha.SCMNodeInfo (SCMNodeInfo.java:getPort(197)) - ConfigKey ozone.scm.client.address is deprecated, For configuring different ports for each SCM use PortConfigKey ozone.scm.client.port appended with serviceId and nodeId
2022-02-08 16:06:13,872 [Listener at 0.0.0.0/40003] INFO  ha.SCMNodeInfo (SCMNodeInfo.java:getPort(197)) - ConfigKey ozone.scm.block.client.address is deprecated, For configuring different ports for each SCM use PortConfigKey ozone.scm.block.client.port appended with serviceId and nodeId
2022-02-08 16:06:13,872 [Listener at 0.0.0.0/40003] INFO  ha.SCMNodeInfo (SCMNodeInfo.java:getPort(197)) - ConfigKey ozone.scm.datanode.address is deprecated, For configuring different ports for each SCM use PortConfigKey ozone.scm.datanode.port appended with serviceId and nodeId
2022-02-08 16:06:14,055 [EndpointStateMachine task thread for /127.0.0.1:36421 - 0 ] INFO  ipc.Client (Client.java:handleConnectionFailure(977)) - Retrying connect to server: localhost/127.0.0.1:36421. Already tried 13 time(s); retry policy is RetryUpToMaximumCountWithFixedSleep(maxRetries=15, sleepTime=1000 MILLISECONDS)
2022-02-08 16:06:14,060 [EndpointStateMachine task thread for /127.0.0.1:42215 - 0 ] INFO  ipc.Client (Client.java:handleConnectionFailure(977)) - Retrying connect to server: localhost/127.0.0.1:42215. Already tried 13 time(s); retry policy is RetryUpToMaximumCountWithFixedSleep(maxRetries=15, sleepTime=1000 MILLISECONDS)
2022-02-08 16:06:14,071 [EndpointStateMachine task thread for /127.0.0.1:40425 - 0 ] INFO  ipc.Client (Client.java:handleConnectionFailure(977)) - Retrying connect to server: localhost/127.0.0.1:40425. Already tried 13 time(s); retry policy is RetryUpToMaximumCountWithFixedSleep(maxRetries=15, sleepTime=1000 MILLISECONDS)
2022-02-08 16:06:15,056 [EndpointStateMachine task thread for /127.0.0.1:36421 - 0 ] INFO  ipc.Client (Client.java:handleConnectionFailure(977)) - Retrying connect to server: localhost/127.0.0.1:36421. Already tried 14 time(s); retry policy is RetryUpToMaximumCountWithFixedSleep(maxRetries=15, sleepTime=1000 MILLISECONDS)
2022-02-08 16:06:15,061 [EndpointStateMachine task thread for /127.0.0.1:42215 - 0 ] INFO  ipc.Client (Client.java:handleConnectionFailure(977)) - Retrying connect to server: localhost/127.0.0.1:42215. Already tried 14 time(s); retry policy is RetryUpToMaximumCountWithFixedSleep(maxRetries=15, sleepTime=1000 MILLISECONDS)
2022-02-08 16:06:15,072 [EndpointStateMachine task thread for /127.0.0.1:40425 - 0 ] INFO  ipc.Client (Client.java:handleConnectionFailure(977)) - Retrying connect to server: localhost/127.0.0.1:40425. Already tried 14 time(s); retry policy is RetryUpToMaximumCountWithFixedSleep(maxRetries=15, sleepTime=1000 MILLISECONDS)
2022-02-08 16:06:15,900 [Listener at 0.0.0.0/40003] INFO  retry.RetryInvocationHandler (RetryInvocationHandler.java:log(411)) - com.google.protobuf.ServiceException: java.net.ConnectException: Call From fv-az131-167/10.1.0.12 to localhost:40911 failed on connection exception: java.net.ConnectException: Connection refused; For more details see:  http://wiki.apache.org/hadoop/ConnectionRefused, while invoking $Proxy39.send over nodeId=scmNode-2,nodeAddress=/127.0.0.1:40911 after 1 failover attempts. Trying to failover after sleeping for 2000ms.
2022-02-08 16:06:16,057 [EndpointStateMachine task thread for /127.0.0.1:36421 - 0 ] INFO  ipc.Client (Client.java:handleConnectionFailure(977)) - Retrying connect to server: localhost/127.0.0.1:36421. Already tried 0 time(s); retry policy is RetryUpToMaximumCountWithFixedSleep(maxRetries=15, sleepTime=1000 MILLISECONDS)
2022-02-08 16:06:16,062 [EndpointStateMachine task thread for /127.0.0.1:42215 - 0 ] INFO  ipc.Client (Client.java:handleConnectionFailure(977)) - Retrying connect to server: localhost/127.0.0.1:42215. Already tried 0 time(s); retry policy is RetryUpToMaximumCountWithFixedSleep(maxRetries=15, sleepTime=1000 MILLISECONDS)
2022-02-08 16:06:16,072 [EndpointStateMachine task thread for /127.0.0.1:40425 - 0 ] INFO  ipc.Client (Client.java:handleConnectionFailure(977)) - Retrying connect to server: localhost/127.0.0.1:40425. Already tried 0 time(s); retry policy is RetryUpToMaximumCountWithFixedSleep(maxRetries=15, sleepTime=1000 MILLISECONDS)
2022-02-08 16:06:17,058 [EndpointStateMachine task thread for /127.0.0.1:36421 - 0 ] INFO  ipc.Client (Client.java:handleConnectionFailure(977)) - Retrying connect to server: localhost/127.0.0.1:36421. Already tried 1 time(s); retry policy is RetryUpToMaximumCountWithFixedSleep(maxRetries=15, sleepTime=1000 MILLISECONDS)
2022-02-08 16:06:17,062 [EndpointStateMachine task thread for /127.0.0.1:42215 - 0 ] INFO  ipc.Client (Client.java:handleConnectionFailure(977)) - Retrying connect to server: localhost/127.0.0.1:42215. Already tried 1 time(s); retry policy is RetryUpToMaximumCountWithFixedSleep(maxRetries=15, sleepTime=1000 MILLISECONDS)
2022-02-08 16:06:17,073 [EndpointStateMachine task thread for /127.0.0.1:40425 - 0 ] INFO  ipc.Client (Client.java:handleConnectionFailure(977)) - Retrying connect to server: localhost/127.0.0.1:40425. Already tried 1 time(s); retry policy is RetryUpToMaximumCountWithFixedSleep(maxRetries=15, sleepTime=1000 MILLISECONDS)
2022-02-08 16:06:17,901 [Listener at 0.0.0.0/40003] INFO  retry.RetryInvocationHandler (RetryInvocationHandler.java:log(411)) - com.google.protobuf.ServiceException: java.net.ConnectException: Call From fv-az131-167/10.1.0.12 to localhost:35673 failed on connection exception: java.net.ConnectException: Connection refused; For more details see:  http://wiki.apache.org/hadoop/ConnectionRefused, while invoking $Proxy39.send over nodeId=scmNode-3,nodeAddress=/127.0.0.1:35673 after 2 failover attempts. Trying to failover after sleeping for 2000ms.
2022-02-08 16:06:18,058 [EndpointStateMachine task thread for /127.0.0.1:36421 - 0 ] INFO  ipc.Client (Client.java:handleConnectionFailure(977)) - Retrying connect to server: localhost/127.0.0.1:36421. Already tried 2 time(s); retry policy is RetryUpToMaximumCountWithFixedSleep(maxRetries=15, sleepTime=1000 MILLISECONDS)
2022-02-08 16:06:18,063 [EndpointStateMachine task thread for /127.0.0.1:42215 - 0 ] INFO  ipc.Client (Client.java:handleConnectionFailure(977)) - Retrying connect to server: localhost/127.0.0.1:42215. Already tried 2 time(s); retry policy is RetryUpToMaximumCountWithFixedSleep(maxRetries=15, sleepTime=1000 MILLISECONDS)
2022-02-08 16:06:18,073 [EndpointStateMachine task thread for /127.0.0.1:40425 - 0 ] INFO  ipc.Client (Client.java:handleConnectionFailure(977)) - Retrying connect to server: localhost/127.0.0.1:40425. Already tried 2 time(s); retry policy is RetryUpToMaximumCountWithFixedSleep(maxRetries=15, sleepTime=1000 MILLISECONDS)
2022-02-08 16:06:18,739 [97fdbb42-98dd-4737-a292-80a7798b14c1@group-8ACED9F265D2-FollowerState] INFO  impl.FollowerState (FollowerState.java:run(134)) - 97fdbb42-98dd-4737-a292-80a7798b14c1@group-8ACED9F265D2-FollowerState: change to CANDIDATE, lastRpcElapsedTime:5102839586ns, electionTimeout:5071ms
2022-02-08 16:06:18,739 [97fdbb42-98dd-4737-a292-80a7798b14c1@group-8ACED9F265D2-FollowerState] INFO  impl.RoleInfo (RoleInfo.java:shutdownFollowerState(108)) - 97fdbb42-98dd-4737-a292-80a7798b14c1: shutdown 97fdbb42-98dd-4737-a292-80a7798b14c1@group-8ACED9F265D2-FollowerState
2022-02-08 16:06:18,740 [97fdbb42-98dd-4737-a292-80a7798b14c1@group-8ACED9F265D2-FollowerState] INFO  server.RaftServer$Division (RaftServerImpl.java:setRole(290)) - 97fdbb42-98dd-4737-a292-80a7798b14c1@group-8ACED9F265D2: changes role from  FOLLOWER to CANDIDATE at term 1 for changeToCandidate
2022-02-08 16:06:18,740 [97fdbb42-98dd-4737-a292-80a7798b14c1@group-8ACED9F265D2-FollowerState] INFO  server.RaftServerConfigKeys (ConfUtils.java:logGet(44)) - raft.server.leaderelection.pre-vote = false (custom)
2022-02-08 16:06:18,740 [97fdbb42-98dd-4737-a292-80a7798b14c1@group-8ACED9F265D2-FollowerState] INFO  impl.RoleInfo (RoleInfo.java:updateAndGet(130)) - 97fdbb42-98dd-4737-a292-80a7798b14c1: start 97fdbb42-98dd-4737-a292-80a7798b14c1@group-8ACED9F265D2-LeaderElection15
2022-02-08 16:06:18,762 [97fdbb42-98dd-4737-a292-80a7798b14c1@group-8ACED9F265D2-LeaderElection15] INFO  impl.LeaderElection (LeaderElection.java:askForVotes(306)) - 97fdbb42-98dd-4737-a292-80a7798b14c1@group-8ACED9F265D2-LeaderElection15 ELECTION round 0: submit vote requests at term 2 for 0: [97fdbb42-98dd-4737-a292-80a7798b14c1|rpc:localhost:32791|admin:|client:|dataStream:|priority:0], old=null
2022-02-08 16:06:18,763 [97fdbb42-98dd-4737-a292-80a7798b14c1@group-8ACED9F265D2-LeaderElection15] INFO  impl.LeaderElection (LeaderElection.java:askForVotes(308)) - 97fdbb42-98dd-4737-a292-80a7798b14c1@group-8ACED9F265D2-LeaderElection15 ELECTION round 0: result PASSED (term=2)
2022-02-08 16:06:18,763 [97fdbb42-98dd-4737-a292-80a7798b14c1@group-8ACED9F265D2-LeaderElection15] INFO  impl.RoleInfo (RoleInfo.java:shutdownLeaderElection(121)) - 97fdbb42-98dd-4737-a292-80a7798b14c1: shutdown 97fdbb42-98dd-4737-a292-80a7798b14c1@group-8ACED9F265D2-LeaderElection15
2022-02-08 16:06:18,763 [97fdbb42-98dd-4737-a292-80a7798b14c1@group-8ACED9F265D2-LeaderElection15] INFO  server.RaftServer$Division (RaftServerImpl.java:setRole(290)) - 97fdbb42-98dd-4737-a292-80a7798b14c1@group-8ACED9F265D2: changes role from CANDIDATE to LEADER at term 2 for changeToLeader
2022-02-08 16:06:18,763 [97fdbb42-98dd-4737-a292-80a7798b14c1@group-8ACED9F265D2-LeaderElection15] INFO  ha.SCMStateMachine (SCMStateMachine.java:notifyLeaderChanged(259)) - current SCM becomes leader of term 2.
2022-02-08 16:06:18,763 [97fdbb42-98dd-4737-a292-80a7798b14c1@group-8ACED9F265D2-LeaderElection15] INFO  ha.SCMContext (SCMContext.java:updateLeaderAndTerm(90)) - update <isLeader,term> from <false,0> to <true,2>
2022-02-08 16:06:18,763 [97fdbb42-98dd-4737-a292-80a7798b14c1@group-8ACED9F265D2-LeaderElection15] INFO  server.RaftServer$Division (ServerState.java:setLeader(285)) - 97fdbb42-98dd-4737-a292-80a7798b14c1@group-8ACED9F265D2: change Leader from null to 97fdbb42-98dd-4737-a292-80a7798b14c1 at term 2 for becomeLeader, leader elected after 5279ms
2022-02-08 16:06:18,763 [97fdbb42-98dd-4737-a292-80a7798b14c1@group-8ACED9F265D2-LeaderElection15] INFO  server.RaftServerConfigKeys (ConfUtils.java:logGet(44)) - raft.server.staging.catchup.gap = 1000 (default)
2022-02-08 16:06:18,763 [97fdbb42-98dd-4737-a292-80a7798b14c1@group-8ACED9F265D2-LeaderElection15] INFO  server.RaftServerConfigKeys (ConfUtils.java:logGet(44)) - raft.server.write.element-limit = 4096 (default)
2022-02-08 16:06:18,768 [97fdbb42-98dd-4737-a292-80a7798b14c1@group-8ACED9F265D2-LeaderElection15] INFO  server.RaftServerConfigKeys (ConfUtils.java:logGet(44)) - raft.server.write.byte-limit = 64MB (=67108864) (default)
2022-02-08 16:06:18,769 [97fdbb42-98dd-4737-a292-80a7798b14c1@group-8ACED9F265D2-LeaderElection15] INFO  server.RaftServerConfigKeys (ConfUtils.java:logGet(44)) - raft.server.watch.timeout = 10s (default)
2022-02-08 16:06:18,769 [97fdbb42-98dd-4737-a292-80a7798b14c1@group-8ACED9F265D2-LeaderElection15] INFO  server.RaftServerConfigKeys (ConfUtils.java:logGet(44)) - raft.server.watch.timeout.denomination = 1s (default)
2022-02-08 16:06:18,769 [97fdbb42-98dd-4737-a292-80a7798b14c1@group-8ACED9F265D2-LeaderElection15] INFO  server.RaftServerConfigKeys (ConfUtils.java:logGet(44)) - raft.server.watch.element-limit = 65536 (default)
2022-02-08 16:06:18,769 [97fdbb42-98dd-4737-a292-80a7798b14c1@group-8ACED9F265D2-LeaderElection15] INFO  server.RaftServerConfigKeys (ConfUtils.java:logGet(44)) - raft.server.write.element-limit = 4096 (default)
2022-02-08 16:06:18,769 [97fdbb42-98dd-4737-a292-80a7798b14c1@group-8ACED9F265D2-LeaderElection15] INFO  server.RaftServerConfigKeys (ConfUtils.java:logGet(44)) - raft.server.write.follower.gap.ratio.max = -1.0 (default)
2022-02-08 16:06:18,769 [97fdbb42-98dd-4737-a292-80a7798b14c1@group-8ACED9F265D2-LeaderElection15] INFO  impl.RoleInfo (RoleInfo.java:updateAndGet(130)) - 97fdbb42-98dd-4737-a292-80a7798b14c1: start 97fdbb42-98dd-4737-a292-80a7798b14c1@group-8ACED9F265D2-LeaderStateImpl
2022-02-08 16:06:18,769 [97fdbb42-98dd-4737-a292-80a7798b14c1@group-8ACED9F265D2-LeaderElection15] INFO  segmented.SegmentedRaftLogWorker (SegmentedRaftLogWorker.java:rollLogSegment(399)) - 97fdbb42-98dd-4737-a292-80a7798b14c1@group-8ACED9F265D2-SegmentedRaftLogWorker: Rolling segment log-0_0 to index:0
2022-02-08 16:06:18,775 [97fdbb42-98dd-4737-a292-80a7798b14c1@group-8ACED9F265D2-LeaderElection15] INFO  server.RaftServer$Division (ServerState.java:setRaftConf(387)) - 97fdbb42-98dd-4737-a292-80a7798b14c1@group-8ACED9F265D2: set configuration 1: [97fdbb42-98dd-4737-a292-80a7798b14c1|rpc:localhost:32791|admin:|client:|dataStream:|priority:0], old=null
2022-02-08 16:06:18,775 [97fdbb42-98dd-4737-a292-80a7798b14c1@group-8ACED9F265D2-SegmentedRaftLogWorker] INFO  segmented.SegmentedRaftLogWorker (SegmentedRaftLogWorker.java:execute(558)) - 97fdbb42-98dd-4737-a292-80a7798b14c1@group-8ACED9F265D2-SegmentedRaftLogWorker: Rolled log segment from /home/runner/work/ozone/ozone/hadoop-ozone/integration-test/target/test-dir/MiniOzoneClusterImpl-a5c83128-e0a7-4ff9-8358-8aced9f265d2/scmNode-1/scm-ha/a5c83128-e0a7-4ff9-8358-8aced9f265d2/current/log_inprogress_0 to /home/runner/work/ozone/ozone/hadoop-ozone/integration-test/target/test-dir/MiniOzoneClusterImpl-a5c83128-e0a7-4ff9-8358-8aced9f265d2/scmNode-1/scm-ha/a5c83128-e0a7-4ff9-8358-8aced9f265d2/current/log_0-0
2022-02-08 16:06:18,793 [97fdbb42-98dd-4737-a292-80a7798b14c1@group-8ACED9F265D2-SegmentedRaftLogWorker] INFO  segmented.SegmentedRaftLogWorker (SegmentedRaftLogWorker.java:execute(601)) - 97fdbb42-98dd-4737-a292-80a7798b14c1@group-8ACED9F265D2-SegmentedRaftLogWorker: created new log segment /home/runner/work/ozone/ozone/hadoop-ozone/integration-test/target/test-dir/MiniOzoneClusterImpl-a5c83128-e0a7-4ff9-8358-8aced9f265d2/scmNode-1/scm-ha/a5c83128-e0a7-4ff9-8358-8aced9f265d2/current/log_inprogress_1
2022-02-08 16:06:18,794 [97fdbb42-98dd-4737-a292-80a7798b14c1@group-8ACED9F265D2-StateMachineUpdater] INFO  ha.SCMContext (SCMContext.java:setLeaderReady(117)) - update <isLeaderReady> from <false> to <true>
2022-02-08 16:06:18,796 [97fdbb42-98dd-4737-a292-80a7798b14c1@group-8ACED9F265D2-StateMachineUpdater] INFO  pipeline.BackgroundPipelineCreator (BackgroundPipelineCreator.java:notifyStatusChanged(264)) - Service BackgroundPipelineCreator transitions to RUNNING.
2022-02-08 16:06:18,797 [97fdbb42-98dd-4737-a292-80a7798b14c1@group-8ACED9F265D2-StateMachineUpdater] INFO  safemode.HealthyPipelineSafeModeRule (HealthyPipelineSafeModeRule.java:initializeRule(152)) - Refreshed total pipeline count is 0, healthy pipeline threshold count is 1
2022-02-08 16:06:18,797 [97fdbb42-98dd-4737-a292-80a7798b14c1@group-8ACED9F265D2-StateMachineUpdater] INFO  safemode.ContainerSafeModeRule (ContainerSafeModeRule.java:reInitializeRule(177)) - Refreshed one replica container threshold 0, currentThreshold 0
2022-02-08 16:06:18,797 [97fdbb42-98dd-4737-a292-80a7798b14c1@group-8ACED9F265D2-StateMachineUpdater] INFO  safemode.OneReplicaPipelineSafeModeRule (OneReplicaPipelineSafeModeRule.java:initializeRule(176)) - Refreshed Total pipeline count is 0, pipeline's with at least one datanode reported threshold count is 0
2022-02-08 16:06:18,797 [97fdbb42-98dd-4737-a292-80a7798b14c1@group-8ACED9F265D2-StateMachineUpdater] INFO  server.SCMDatanodeProtocolServer (SCMDatanodeProtocolServer.java:start(181)) - ScmDatanodeProtocol RPC server for DataNodes is listening at /0.0.0.0:34411
2022-02-08 16:06:18,812 [IPC Server listener on 34411] INFO  ipc.Server (Server.java:run(1344)) - IPC Server listener on 34411: starting
2022-02-08 16:06:18,832 [IPC Server Responder] INFO  ipc.Server (Server.java:run(1507)) - IPC Server Responder: starting
2022-02-08 16:06:19,059 [EndpointStateMachine task thread for /127.0.0.1:36421 - 0 ] INFO  ipc.Client (Client.java:handleConnectionFailure(977)) - Retrying connect to server: localhost/127.0.0.1:36421. Already tried 3 time(s); retry policy is RetryUpToMaximumCountWithFixedSleep(maxRetries=15, sleepTime=1000 MILLISECONDS)
2022-02-08 16:06:19,063 [EndpointStateMachine task thread for /127.0.0.1:42215 - 0 ] INFO  ipc.Client (Client.java:handleConnectionFailure(977)) - Retrying connect to server: localhost/127.0.0.1:42215. Already tried 3 time(s); retry policy is RetryUpToMaximumCountWithFixedSleep(maxRetries=15, sleepTime=1000 MILLISECONDS)
2022-02-08 16:06:19,074 [EndpointStateMachine task thread for /127.0.0.1:40425 - 0 ] INFO  ipc.Client (Client.java:handleConnectionFailure(977)) - Retrying connect to server: localhost/127.0.0.1:40425. Already tried 3 time(s); retry policy is RetryUpToMaximumCountWithFixedSleep(maxRetries=15, sleepTime=1000 MILLISECONDS)
2022-02-08 16:06:19,913 [Listener at 0.0.0.0/40003] INFO  server.StorageContainerManager (StorageContainerManager.java:scmBootstrap(987)) - SCM BootStrap  is successful for ClusterID a5c83128-e0a7-4ff9-8358-8aced9f265d2, SCMID fdd19f4e-50ca-4edc-8a7e-48b923a90088
2022-02-08 16:06:19,913 [Listener at 0.0.0.0/40003] INFO  server.StorageContainerManager (StorageContainerManager.java:scmBootstrap(989)) - Primary SCM Node ID 97fdbb42-98dd-4737-a292-80a7798b14c1
2022-02-08 16:06:19,913 [Listener at 0.0.0.0/40003] INFO  ha.SCMHANodeDetails (SCMHANodeDetails.java:loadSCMHAConfig(157)) - ServiceID for StorageContainerManager is scm-service-test1
2022-02-08 16:06:19,913 [Listener at 0.0.0.0/40003] INFO  ha.SCMHANodeDetails (SCMHANodeDetails.java:loadSCMHAConfig(168)) - ServiceID for StorageContainerManager is scm-service-test1
2022-02-08 16:06:19,913 [Listener at 0.0.0.0/40003] WARN  scm.ScmUtils (ScmUtils.java:logWarn(179)) - ConfigKey ozone.scm.block.client.address is deprecated, For configuring different ports for each SCM use PortConfigKey ozone.scm.block.client.port appended with serviceId and nodeId. If want to configure same port configure ozone.scm.block.client.port
2022-02-08 16:06:19,914 [Listener at 0.0.0.0/40003] WARN  scm.ScmUtils (ScmUtils.java:logWarn(179)) - ConfigKey ozone.scm.client.address is deprecated, For configuring different ports for each SCM use PortConfigKey ozone.scm.client.port appended with serviceId and nodeId. If want to configure same port configure ozone.scm.client.port
2022-02-08 16:06:19,914 [Listener at 0.0.0.0/40003] WARN  scm.ScmUtils (ScmUtils.java:logWarn(179)) - ConfigKey ozone.scm.datanode.address is deprecated, For configuring different ports for each SCM use PortConfigKey ozone.scm.datanode.port appended with serviceId and nodeId. If want to configure same port configure ozone.scm.datanode.port
2022-02-08 16:06:19,914 [Listener at 0.0.0.0/40003] WARN  scm.ScmUtils (ScmUtils.java:logWarn(179)) - ConfigKey ozone.scm.block.client.address is deprecated, For configuring different ports for each SCM use PortConfigKey ozone.scm.block.client.port appended with serviceId and nodeId. If want to configure same port configure ozone.scm.block.client.port
2022-02-08 16:06:19,914 [Listener at 0.0.0.0/40003] WARN  scm.ScmUtils (ScmUtils.java:logWarn(179)) - ConfigKey ozone.scm.client.address is deprecated, For configuring different ports for each SCM use PortConfigKey ozone.scm.client.port appended with serviceId and nodeId. If want to configure same port configure ozone.scm.client.port
2022-02-08 16:06:19,914 [Listener at 0.0.0.0/40003] WARN  scm.ScmUtils (ScmUtils.java:logWarn(179)) - ConfigKey ozone.scm.datanode.address is deprecated, For configuring different ports for each SCM use PortConfigKey ozone.scm.datanode.port appended with serviceId and nodeId. If want to configure same port configure ozone.scm.datanode.port
2022-02-08 16:06:19,914 [Listener at 0.0.0.0/40003] INFO  ha.SCMHANodeDetails (SCMHANodeDetails.java:loadSCMHAConfig(250)) - Found matching SCM address with SCMServiceId: scm-service-test1, SCMNodeId: scmNode-2, RPC Address: localhost:42399 and Ratis port: 42399
2022-02-08 16:06:19,914 [Listener at 0.0.0.0/40003] INFO  ha.SCMHANodeDetails (ConfUtils.java:setNodeSpecificConfigs(108)) - Setting configuration key ozone.scm.datanode.address with value of key ozone.scm.datanode.address.scm-service-test1.scmNode-2: 127.0.0.1:44977
2022-02-08 16:06:19,915 [Listener at 0.0.0.0/40003] INFO  ha.SCMHANodeDetails (ConfUtils.java:setNodeSpecificConfigs(108)) - Setting configuration key ozone.scm.block.client.address with value of key ozone.scm.block.client.address.scm-service-test1.scmNode-2: 127.0.0.1:40911
2022-02-08 16:06:19,915 [Listener at 0.0.0.0/40003] INFO  ha.SCMHANodeDetails (ConfUtils.java:setNodeSpecificConfigs(108)) - Setting configuration key ozone.scm.client.address with value of key ozone.scm.client.address.scm-service-test1.scmNode-2: 127.0.0.1:40119
2022-02-08 16:06:19,915 [Listener at 0.0.0.0/40003] INFO  ha.SCMHANodeDetails (ConfUtils.java:setNodeSpecificConfigs(108)) - Setting configuration key ozone.scm.ratis.port with value of key ozone.scm.ratis.port.scm-service-test1.scmNode-2: 42399
2022-02-08 16:06:19,915 [Listener at 0.0.0.0/40003] INFO  ha.SCMHANodeDetails (ConfUtils.java:setNodeSpecificConfigs(108)) - Setting configuration key ozone.scm.grpc.port with value of key ozone.scm.grpc.port.scm-service-test1.scmNode-2: 45627
2022-02-08 16:06:19,915 [Listener at 0.0.0.0/40003] INFO  ha.SCMHANodeDetails (ConfUtils.java:setNodeSpecificConfigs(108)) - Setting configuration key ozone.scm.http-address with value of key ozone.scm.http-address.scm-service-test1.scmNode-2: 127.0.0.1:40077
2022-02-08 16:06:19,915 [Listener at 0.0.0.0/40003] INFO  ha.SCMHANodeDetails (ConfUtils.java:setNodeSpecificConfigs(108)) - Setting configuration key ozone.scm.https-address with value of key ozone.scm.https-address.scm-service-test1.scmNode-2: 127.0.0.1:44633
2022-02-08 16:06:19,915 [Listener at 0.0.0.0/40003] INFO  ha.SCMHANodeDetails (ConfUtils.java:setNodeSpecificConfigs(108)) - Setting configuration key ozone.scm.address with value of key ozone.scm.address.scm-service-test1.scmNode-2: 127.0.0.1
2022-02-08 16:06:19,915 [Listener at 0.0.0.0/40003] WARN  scm.ScmUtils (ScmUtils.java:logWarn(179)) - ConfigKey ozone.scm.block.client.address is deprecated, For configuring different ports for each SCM use PortConfigKey ozone.scm.block.client.port appended with serviceId and nodeId. If want to configure same port configure ozone.scm.block.client.port
2022-02-08 16:06:19,915 [Listener at 0.0.0.0/40003] WARN  scm.ScmUtils (ScmUtils.java:logWarn(179)) - ConfigKey ozone.scm.client.address is deprecated, For configuring different ports for each SCM use PortConfigKey ozone.scm.client.port appended with serviceId and nodeId. If want to configure same port configure ozone.scm.client.port
2022-02-08 16:06:19,915 [Listener at 0.0.0.0/40003] WARN  scm.ScmUtils (ScmUtils.java:logWarn(179)) - ConfigKey ozone.scm.datanode.address is deprecated, For configuring different ports for each SCM use PortConfigKey ozone.scm.datanode.port appended with serviceId and nodeId. If want to configure same port configure ozone.scm.datanode.port
2022-02-08 16:06:19,916 [Listener at 0.0.0.0/40003] WARN  server.ServerUtils (ServerUtils.java:getScmDbDir(148)) - ozone.scm.db.dirs is not configured. We recommend adding this setting. Falling back to ozone.metadata.dirs instead.
2022-02-08 16:06:19,916 [Listener at 0.0.0.0/40003] INFO  upgrade.AbstractLayoutVersionManager (AbstractLayoutVersionManager.java:init(79)) - Initializing Layout version manager with metadata layout = SCM_HA (version = 2), software layout = SCM_HA (version = 2)
2022-02-08 16:06:19,988 [Listener at 0.0.0.0/40003] INFO  reflections.Reflections (Reflections.java:scan(232)) - Reflections took 70 ms to scan 7 urls, producing 119 keys and 279 values 
2022-02-08 16:06:19,991 [Listener at 0.0.0.0/40003] WARN  utils.HAUtils (HAUtils.java:getMetaDir(342)) - ozone.scm.db.dirs is not configured. We recommend adding this setting. Falling back to ozone.metadata.dirs instead.
2022-02-08 16:06:19,992 [Listener at 0.0.0.0/40003] WARN  db.DBStoreBuilder (DBStoreBuilder.java:applyDBDefinition(145)) - ozone.scm.db.dirs is not configured. We recommend adding this setting. Falling back to ozone.metadata.dirs instead.
2022-02-08 16:06:20,060 [EndpointStateMachine task thread for /127.0.0.1:36421 - 0 ] INFO  ipc.Client (Client.java:handleConnectionFailure(977)) - Retrying connect to server: localhost/127.0.0.1:36421. Already tried 4 time(s); retry policy is RetryUpToMaximumCountWithFixedSleep(maxRetries=15, sleepTime=1000 MILLISECONDS)
2022-02-08 16:06:20,064 [EndpointStateMachine task thread for /127.0.0.1:42215 - 0 ] INFO  ipc.Client (Client.java:handleConnectionFailure(977)) - Retrying connect to server: localhost/127.0.0.1:42215. Already tried 4 time(s); retry policy is RetryUpToMaximumCountWithFixedSleep(maxRetries=15, sleepTime=1000 MILLISECONDS)
2022-02-08 16:06:20,074 [EndpointStateMachine task thread for /127.0.0.1:40425 - 0 ] INFO  ipc.Client (Client.java:handleConnectionFailure(977)) - Retrying connect to server: localhost/127.0.0.1:40425. Already tried 4 time(s); retry policy is RetryUpToMaximumCountWithFixedSleep(maxRetries=15, sleepTime=1000 MILLISECONDS)
2022-02-08 16:06:20,171 [Listener at 0.0.0.0/40003] INFO  net.NodeSchemaLoader (NodeSchemaLoader.java:loadSchemaFromFile(129)) - Loading schema from [jar:file:/home/runner/.m2/repository/org/apache/ozone/hdds-common/1.3.0-SNAPSHOT/hdds-common-1.3.0-SNAPSHOT.jar!/network-topology-default.xml]
2022-02-08 16:06:20,171 [Listener at 0.0.0.0/40003] INFO  net.NodeSchemaLoader (NodeSchemaLoader.java:loadSchema(176)) - Loading network topology layer schema file
2022-02-08 16:06:20,174 [Listener at 0.0.0.0/40003] WARN  impl.MetricRegistriesImpl (MetricRegistriesImpl.java:addReporterRegistration(111)) - New reporters are added after registries were created. Some metrics will be missing from the reporter. Please add reporter before adding any new registry.
2022-02-08 16:06:20,188 [Listener at 0.0.0.0/40003] WARN  impl.MetricRegistriesImpl (MetricRegistriesImpl.java:addReporterRegistration(111)) - New reporters are added after registries were created. Some metrics will be missing from the reporter. Please add reporter before adding any new registry.
2022-02-08 16:06:20,189 [Listener at 0.0.0.0/40003] INFO  ha.SCMRatisServerImpl (SCMRatisServerImpl.java:<init>(87)) - starting Raft server for scm:fdd19f4e-50ca-4edc-8a7e-48b923a90088
2022-02-08 16:06:20,190 [Listener at 0.0.0.0/40003] INFO  server.RaftServer (ConfUtils.java:logGet(44)) - raft.rpc.type = GRPC (default)
2022-02-08 16:06:20,190 [Listener at 0.0.0.0/40003] INFO  grpc.GrpcFactory (GrpcFactory.java:checkPooledByteBufAllocatorUseCacheForAllThreads(48)) - PERFORMANCE WARNING: useCacheForAllThreads is true that may cause Netty to create a lot garbage objects and, as a result, trigger GC.
	It is recommended to disable useCacheForAllThreads by setting -Dorg.apache.ratis.thirdparty.io.netty.allocator.useCacheForAllThreads=false in command line.
2022-02-08 16:06:20,190 [Listener at 0.0.0.0/40003] INFO  grpc.GrpcConfigKeys (ConfUtils.java:logGet(44)) - raft.grpc.admin.port = -1 (default)
2022-02-08 16:06:20,190 [Listener at 0.0.0.0/40003] INFO  grpc.GrpcConfigKeys (ConfUtils.java:logGet(44)) - raft.grpc.server.port = 42399 (custom)
2022-02-08 16:06:20,191 [Listener at 0.0.0.0/40003] INFO  grpc.GrpcConfigKeys (ConfUtils.java:logGet(44)) - raft.grpc.client.port = -1 (default)
2022-02-08 16:06:20,191 [Listener at 0.0.0.0/40003] INFO  grpc.GrpcConfigKeys (ConfUtils.java:logGet(44)) - raft.grpc.server.port = 42399 (custom)
2022-02-08 16:06:20,191 [Listener at 0.0.0.0/40003] INFO  grpc.GrpcConfigKeys (ConfUtils.java:logGet(44)) - raft.grpc.server.port = 42399 (custom)
2022-02-08 16:06:20,191 [Listener at 0.0.0.0/40003] INFO  server.GrpcService (ConfUtils.java:logGet(44)) - raft.grpc.message.size.max = 32m (=33554432) (custom)
2022-02-08 16:06:20,191 [Listener at 0.0.0.0/40003] INFO  server.RaftServerConfigKeys (ConfUtils.java:logGet(44)) - raft.server.log.appender.buffer.byte-limit = 33554432 (custom)
2022-02-08 16:06:20,191 [Listener at 0.0.0.0/40003] INFO  server.GrpcService (ConfUtils.java:logGet(44)) - raft.grpc.flow.control.window = 1MB (=1048576) (default)
2022-02-08 16:06:20,191 [Listener at 0.0.0.0/40003] INFO  server.RaftServerConfigKeys (ConfUtils.java:logGet(44)) - raft.server.rpc.request.timeout = 30000ms (custom)
2022-02-08 16:06:20,193 [Listener at 0.0.0.0/40003] INFO  impl.DataStreamServerImpl (ConfUtils.java:logGet(44)) - raft.datastream.type = DISABLED (default)
2022-02-08 16:06:20,196 [Listener at 0.0.0.0/40003] INFO  server.RaftServerConfigKeys (ConfUtils.java:logGet(44)) - raft.server.rpc.slowness.timeout = 120000ms (custom)
2022-02-08 16:06:20,196 [Listener at 0.0.0.0/40003] INFO  server.RaftServerConfigKeys (ConfUtils.java:logGet(44)) - raft.server.leaderelection.leader.step-down.wait-time = 10s (default)
2022-02-08 16:06:20,196 [Listener at 0.0.0.0/40003] INFO  server.RaftServerConfigKeys (ConfUtils.java:logGet(44)) - raft.server.storage.dir = [/home/runner/work/ozone/ozone/hadoop-ozone/integration-test/target/test-dir/MiniOzoneClusterImpl-a5c83128-e0a7-4ff9-8358-8aced9f265d2/scmNode-2/scm-ha] (custom)
2022-02-08 16:06:20,200 [Listener at 0.0.0.0/40003] INFO  server.RaftServer (RaftServerProxy.java:addNew(95)) - fdd19f4e-50ca-4edc-8a7e-48b923a90088: addNew group-8ACED9F265D2:[] returns group-8ACED9F265D2:java.util.concurrent.CompletableFuture@6eecd951[Not completed]
2022-02-08 16:06:20,204 [pool-229-thread-1] INFO  server.RaftServer$Division (RaftServerImpl.java:<init>(184)) - fdd19f4e-50ca-4edc-8a7e-48b923a90088: new RaftServerImpl for group-8ACED9F265D2:[] with SCMStateMachine:uninitialized
2022-02-08 16:06:20,212 [pool-229-thread-1] INFO  server.RaftServerConfigKeys (ConfUtils.java:logGet(44)) - raft.server.rpc.timeout.min = 5000ms (custom)
2022-02-08 16:06:20,212 [pool-229-thread-1] INFO  server.RaftServerConfigKeys (ConfUtils.java:logGet(44)) - raft.server.rpc.timeout.max = 5200ms (custom)
2022-02-08 16:06:20,212 [pool-229-thread-1] INFO  server.RaftServerConfigKeys (ConfUtils.java:logGet(44)) - raft.server.rpc.sleep.time = 25ms (default)
2022-02-08 16:06:20,212 [pool-229-thread-1] INFO  server.RaftServerConfigKeys (ConfUtils.java:logGet(44)) - raft.server.rpc.slowness.timeout = 120000ms (custom)
2022-02-08 16:06:20,212 [pool-229-thread-1] INFO  server.RaftServerConfigKeys (ConfUtils.java:logGet(44)) - raft.server.leaderelection.leader.step-down.wait-time = 10s (default)
2022-02-08 16:06:20,212 [pool-229-thread-1] INFO  server.RaftServerConfigKeys (ConfUtils.java:logGet(44)) - raft.server.sleep.deviation.threshold = 300ms (default)
2022-02-08 16:06:20,212 [pool-229-thread-1] INFO  server.RaftServerConfigKeys (ConfUtils.java:logGet(44)) - raft.server.log.appender.install.snapshot.enabled = false (custom)
2022-02-08 16:06:20,212 [pool-229-thread-1] INFO  server.RaftServer$Division (ServerState.java:<init>(105)) - fdd19f4e-50ca-4edc-8a7e-48b923a90088@group-8ACED9F265D2: ConfigurationManager, init=-1: [], old=null, confs=<EMPTY_MAP>
2022-02-08 16:06:20,212 [pool-229-thread-1] INFO  server.RaftServerConfigKeys (ConfUtils.java:logGet(44)) - raft.server.storage.dir = [/home/runner/work/ozone/ozone/hadoop-ozone/integration-test/target/test-dir/MiniOzoneClusterImpl-a5c83128-e0a7-4ff9-8358-8aced9f265d2/scmNode-2/scm-ha] (custom)
2022-02-08 16:06:20,212 [pool-229-thread-1] INFO  server.RaftServerConfigKeys (ConfUtils.java:logGet(44)) - raft.server.log.corruption.policy = EXCEPTION (default)
2022-02-08 16:06:20,212 [pool-229-thread-1] INFO  server.RaftServerConfigKeys (ConfUtils.java:logGet(44)) - raft.server.storage.free-space.min = 0MB (=0) (default)
2022-02-08 16:06:20,212 [pool-229-thread-1] INFO  storage.RaftStorageDirectory (RaftStorageDirectoryImpl.java:analyzeStorage(135)) - The storage directory /home/runner/work/ozone/ozone/hadoop-ozone/integration-test/target/test-dir/MiniOzoneClusterImpl-a5c83128-e0a7-4ff9-8358-8aced9f265d2/scmNode-2/scm-ha/a5c83128-e0a7-4ff9-8358-8aced9f265d2 does not exist. Creating ...
2022-02-08 16:06:20,214 [pool-229-thread-1] INFO  storage.RaftStorageDirectory (RaftStorageDirectoryImpl.java:tryLock(230)) - Lock on /home/runner/work/ozone/ozone/hadoop-ozone/integration-test/target/test-dir/MiniOzoneClusterImpl-a5c83128-e0a7-4ff9-8358-8aced9f265d2/scmNode-2/scm-ha/a5c83128-e0a7-4ff9-8358-8aced9f265d2/in_use.lock acquired by nodename 14435@fv-az131-167
2022-02-08 16:06:20,215 [pool-229-thread-1] INFO  storage.RaftStorage (RaftStorageImpl.java:format(89)) - Storage directory /home/runner/work/ozone/ozone/hadoop-ozone/integration-test/target/test-dir/MiniOzoneClusterImpl-a5c83128-e0a7-4ff9-8358-8aced9f265d2/scmNode-2/scm-ha/a5c83128-e0a7-4ff9-8358-8aced9f265d2 has been successfully formatted.
2022-02-08 16:06:20,216 [pool-229-thread-1] INFO  server.RaftServerConfigKeys (ConfUtils.java:logGet(44)) - raft.server.notification.no-leader.timeout = 60s (default)
2022-02-08 16:06:20,216 [pool-229-thread-1] INFO  server.RaftServerConfigKeys (ConfUtils.java:logGet(44)) - raft.server.log.use.memory = false (default)
2022-02-08 16:06:20,216 [pool-229-thread-1] INFO  server.RaftServerConfigKeys (ConfUtils.java:logGet(44)) - raft.server.log.purge.gap = 5 (custom)
2022-02-08 16:06:20,216 [pool-229-thread-1] INFO  server.RaftServerConfigKeys (ConfUtils.java:logGet(44)) - raft.server.log.appender.buffer.byte-limit = 33554432 (custom)
2022-02-08 16:06:20,216 [pool-229-thread-1] INFO  server.RaftServerConfigKeys (ConfUtils.java:logGet(44)) - raft.server.log.segment.size.max = 4194304 (custom)
2022-02-08 16:06:20,216 [pool-229-thread-1] INFO  server.RaftServerConfigKeys (ConfUtils.java:logGet(44)) - raft.server.log.segment.cache.num.max = 2 (custom)
2022-02-08 16:06:20,216 [pool-229-thread-1] INFO  server.RaftServerConfigKeys (ConfUtils.java:logGet(44)) - raft.server.log.segment.cache.size.max = 200MB (=209715200) (default)
2022-02-08 16:06:20,216 [pool-229-thread-1] INFO  segmented.SegmentedRaftLogWorker (SegmentedRaftLogWorker.java:<init>(182)) - new fdd19f4e-50ca-4edc-8a7e-48b923a90088@group-8ACED9F265D2-SegmentedRaftLogWorker for RaftStorageImpl:Storage Directory /home/runner/work/ozone/ozone/hadoop-ozone/integration-test/target/test-dir/MiniOzoneClusterImpl-a5c83128-e0a7-4ff9-8358-8aced9f265d2/scmNode-2/scm-ha/a5c83128-e0a7-4ff9-8358-8aced9f265d2
2022-02-08 16:06:20,217 [pool-229-thread-1] INFO  server.RaftServerConfigKeys (ConfUtils.java:logGet(44)) - raft.server.log.queue.byte-limit = 64MB (=67108864) (default)
2022-02-08 16:06:20,217 [pool-229-thread-1] INFO  server.RaftServerConfigKeys (ConfUtils.java:logGet(44)) - raft.server.log.queue.element-limit = 4096 (default)
2022-02-08 16:06:20,217 [pool-229-thread-1] INFO  server.RaftServerConfigKeys (ConfUtils.java:logGet(44)) - raft.server.log.segment.size.max = 4194304 (custom)
2022-02-08 16:06:20,217 [pool-229-thread-1] INFO  server.RaftServerConfigKeys (ConfUtils.java:logGet(44)) - raft.server.log.preallocated.size = 4194304 (custom)
2022-02-08 16:06:20,217 [pool-229-thread-1] INFO  server.RaftServerConfigKeys (ConfUtils.java:logGet(44)) - raft.server.log.force.sync.num = 128 (default)
2022-02-08 16:06:20,217 [pool-229-thread-1] INFO  server.RaftServerConfigKeys (ConfUtils.java:logGet(44)) - raft.server.log.statemachine.data.sync = true (default)
2022-02-08 16:06:20,217 [pool-229-thread-1] INFO  server.RaftServerConfigKeys (ConfUtils.java:logGet(44)) - raft.server.log.statemachine.data.sync.timeout = 10s (default)
2022-02-08 16:06:20,217 [pool-229-thread-1] INFO  server.RaftServerConfigKeys (ConfUtils.java:logGet(44)) - raft.server.log.statemachine.data.sync.timeout.retry = -1 (default)
2022-02-08 16:06:20,217 [pool-229-thread-1] INFO  server.RaftServerConfigKeys (ConfUtils.java:logGet(44)) - raft.server.log.write.buffer.size = 64KB (=65536) (default)
2022-02-08 16:06:20,217 [pool-229-thread-1] INFO  server.RaftServerConfigKeys (ConfUtils.java:logGet(44)) - raft.server.log.statemachine.data.caching.enabled = false (default)
2022-02-08 16:06:20,218 [pool-229-thread-1] INFO  segmented.SegmentedRaftLogWorker (SegmentedRaftLogWorker.java:lambda$new$0(133)) - fdd19f4e-50ca-4edc-8a7e-48b923a90088@group-8ACED9F265D2-SegmentedRaftLogWorker: flushIndex: setUnconditionally 0 -> -1
2022-02-08 16:06:20,218 [pool-229-thread-1] INFO  segmented.SegmentedRaftLogWorker (SegmentedRaftLogWorker.java:lambda$new$0(133)) - fdd19f4e-50ca-4edc-8a7e-48b923a90088@group-8ACED9F265D2-SegmentedRaftLogWorker: safeCacheEvictIndex: setUnconditionally 0 -> -1
2022-02-08 16:06:20,220 [pool-229-thread-1] INFO  server.RaftServerConfigKeys (ConfUtils.java:logGet(44)) - raft.server.snapshot.auto.trigger.enabled = true (custom)
2022-02-08 16:06:20,220 [pool-229-thread-1] INFO  server.RaftServerConfigKeys (ConfUtils.java:logGet(44)) - raft.server.snapshot.auto.trigger.threshold = 5 (custom)
2022-02-08 16:06:20,220 [pool-229-thread-1] INFO  server.RaftServerConfigKeys (ConfUtils.java:logGet(44)) - raft.server.snapshot.retention.file.num = -1 (default)
2022-02-08 16:06:20,220 [pool-229-thread-1] INFO  server.RaftServerConfigKeys (ConfUtils.java:logGet(44)) - raft.server.log.purge.upto.snapshot.index = true (custom)
2022-02-08 16:06:20,220 [pool-229-thread-1] INFO  server.RaftServerConfigKeys (ConfUtils.java:logGet(44)) - raft.server.retrycache.expirytime = 60000ms (default)
2022-02-08 16:06:20,220 [pool-229-thread-1] INFO  server.RaftServerConfigKeys (ConfUtils.java:logGet(44)) - raft.server.retrycache.statistics.expirytime = 100μs (default)
2022-02-08 16:06:20,221 [Listener at 0.0.0.0/40003] INFO  ha.SCMSnapshotProvider (SCMSnapshotProvider.java:<init>(66)) - Initializing SCM Snapshot Provider
2022-02-08 16:06:20,221 [Listener at 0.0.0.0/40003] WARN  server.ServerUtils (ServerUtils.java:getDefaultRatisDirectory(237)) - Storage directory for Ratis is not configured. It is a good idea to map this to an SSD disk. Falling back to ozone.metadata.dirs
2022-02-08 16:06:20,221 [Listener at 0.0.0.0/40003] WARN  ha.SCMHAUtils (SCMHAUtils.java:getSCMRatisSnapshotDirectory(146)) - SCM snapshot dir is not configured. Falling back to ozone.metadata.dirs config
2022-02-08 16:06:20,223 [Listener at 0.0.0.0/40003] INFO  ha.SequenceIdGenerator (SequenceIdGenerator.java:upgradeToSequenceId(347)) - upgrade localId to 109611004723200000
2022-02-08 16:06:20,223 [Listener at 0.0.0.0/40003] INFO  ha.SequenceIdGenerator (SequenceIdGenerator.java:upgradeToSequenceId(357)) - upgrade delTxnId to 0
2022-02-08 16:06:20,223 [Listener at 0.0.0.0/40003] INFO  ha.SequenceIdGenerator (SequenceIdGenerator.java:upgradeToSequenceId(371)) - upgrade containerId to 0
2022-02-08 16:06:20,223 [Listener at 0.0.0.0/40003] INFO  ha.SequenceIdGenerator (SequenceIdGenerator.java:<init>(218)) - Init the HA SequenceIdGenerator.
2022-02-08 16:06:20,224 [Listener at 0.0.0.0/40003] WARN  server.ServerUtils (ServerUtils.java:sanitizeUserArgs(73)) - ozone.scm.stale.node.interval value = 300000 is larger than max = 100000 based on the key value of ozone.scm.heartbeat.thread.interval, reset to the max value 100000.
2022-02-08 16:06:20,224 [Listener at 0.0.0.0/40003] WARN  server.ServerUtils (ServerUtils.java:sanitizeUserArgs(73)) - ozone.scm.stale.node.interval value = 300000 is larger than max = 100000 based on the key value of ozone.scm.heartbeat.thread.interval, reset to the max value 100000.
2022-02-08 16:06:20,228 [Listener at 0.0.0.0/40003] INFO  node.SCMNodeManager (SCMNodeManager.java:<init>(144)) - Entering startup safe mode.
2022-02-08 16:06:20,229 [Listener at 0.0.0.0/40003] INFO  algorithms.ContainerPlacementPolicyFactory (ContainerPlacementPolicyFactory.java:getPolicy(60)) - Create container placement policy of type org.apache.hadoop.hdds.scm.container.placement.algorithms.SCMContainerPlacementRandom
2022-02-08 16:06:20,229 [Listener at 0.0.0.0/40003] INFO  pipeline.PipelineStateManagerImpl (PipelineStateManagerImpl.java:initialize(78)) - No pipeline exists in current db
2022-02-08 16:06:20,229 [Listener at 0.0.0.0/40003] INFO  algorithms.LeaderChoosePolicyFactory (LeaderChoosePolicyFactory.java:getPolicy(57)) - Create leader choose policy of type org.apache.hadoop.hdds.scm.pipeline.leader.choose.algorithms.MinLeaderCountChoosePolicy
2022-02-08 16:06:20,229 [Listener at 0.0.0.0/40003] INFO  ha.SCMServiceManager (SCMServiceManager.java:register(43)) - Registering service BackgroundPipelineCreator.
2022-02-08 16:06:20,229 [Listener at 0.0.0.0/40003] INFO  pipeline.BackgroundPipelineCreator (BackgroundPipelineCreator.java:start(130)) - Starting RatisPipelineUtilsThread.
2022-02-08 16:06:20,238 [Listener at 0.0.0.0/40003] INFO  algorithms.PipelineChoosePolicyFactory (PipelineChoosePolicyFactory.java:createPipelineChoosePolicyFromClass(73)) - Create pipeline choose policy of type org.apache.hadoop.hdds.scm.pipeline.choose.algorithms.RandomPipelineChoosePolicy
2022-02-08 16:06:20,239 [Listener at 0.0.0.0/40003] INFO  ha.SCMServiceManager (SCMServiceManager.java:register(43)) - Registering service SCMBlockDeletingService.
2022-02-08 16:06:20,239 [Listener at 0.0.0.0/40003] INFO  ha.SCMServiceManager (SCMServiceManager.java:register(43)) - Registering service ReplicationManager.
2022-02-08 16:06:20,240 [Listener at 0.0.0.0/40003] INFO  container.ReplicationManager (ReplicationManager.java:start(326)) - Starting Replication Monitor Thread.
2022-02-08 16:06:20,240 [Listener at 0.0.0.0/40003] INFO  safemode.ContainerSafeModeRule (ContainerSafeModeRule.java:<init>(89)) - containers with one replica threshold count 0
2022-02-08 16:06:20,241 [Listener at 0.0.0.0/40003] INFO  safemode.HealthyPipelineSafeModeRule (HealthyPipelineSafeModeRule.java:initializeRule(156)) - Total pipeline count is 0, healthy pipeline threshold count is 1
2022-02-08 16:06:20,241 [Listener at 0.0.0.0/40003] INFO  safemode.OneReplicaPipelineSafeModeRule (OneReplicaPipelineSafeModeRule.java:initializeRule(180)) - Total pipeline count is 0, pipeline's with at least one datanode reported threshold count is 0
2022-02-08 16:06:20,248 [Listener at 0.0.0.0/40003] INFO  ipc.CallQueueManager (CallQueueManager.java:<init>(90)) - Using callQueue: class java.util.concurrent.LinkedBlockingQueue, queueCapacity: 2000, scheduler: class org.apache.hadoop.ipc.DefaultRpcScheduler, ipcBackoff: false.
2022-02-08 16:06:20,256 [Socket Reader #1 for port 44977] INFO  ipc.Server (Server.java:run(1265)) - Starting Socket Reader #1 for port 44977
2022-02-08 16:06:20,257 [Listener at 0.0.0.0/44977] INFO  ipc.CallQueueManager (CallQueueManager.java:<init>(90)) - Using callQueue: class java.util.concurrent.LinkedBlockingQueue, queueCapacity: 2000, scheduler: class org.apache.hadoop.ipc.DefaultRpcScheduler, ipcBackoff: false.
2022-02-08 16:06:20,259 [Socket Reader #1 for port 40911] INFO  ipc.Server (Server.java:run(1265)) - Starting Socket Reader #1 for port 40911
2022-02-08 16:06:20,263 [Listener at 0.0.0.0/40911] INFO  ipc.CallQueueManager (CallQueueManager.java:<init>(90)) - Using callQueue: class java.util.concurrent.LinkedBlockingQueue, queueCapacity: 2000, scheduler: class org.apache.hadoop.ipc.DefaultRpcScheduler, ipcBackoff: false.
2022-02-08 16:06:20,265 [Socket Reader #1 for port 40119] INFO  ipc.Server (Server.java:run(1265)) - Starting Socket Reader #1 for port 40119
2022-02-08 16:06:20,277 [ReplicationMonitor] INFO  container.ReplicationManager (ReplicationManager.java:processAll(374)) - Replication Manager is not ready to run until 3000ms after safemode exit
2022-02-08 16:06:20,314 [Listener at 0.0.0.0/40119] INFO  algorithms.ContainerPlacementPolicyFactory (ContainerPlacementPolicyFactory.java:getPolicy(60)) - Create container placement policy of type org.apache.hadoop.hdds.scm.container.placement.algorithms.SCMContainerPlacementRandom
2022-02-08 16:06:20,321 [Listener at 0.0.0.0/40119] INFO  server.StorageContainerManager (StorageContainerManager.java:<init>(388)) - 
Container Balancer status:
Key                            Value
Running                        false
Container Balancer Configuration values:
Key                                                Value
Threshold                                          10
Max Datanodes to Involve per Iteration(percent)    20
Max Size to Move per Iteration                     500GB
Max Size Entering Target per Iteration             26GB
Max Size Leaving Source per Iteration              26GB

2022-02-08 16:06:20,321 [Listener at 0.0.0.0/40119] WARN  events.EventQueue (EventQueue.java:fireEvent(194)) - No event handler registered for event TypedEvent{payloadType=SafeModeStatus, name='Safe mode status'}
2022-02-08 16:06:20,321 [Listener at 0.0.0.0/40119] INFO  ha.SCMContext (SCMContext.java:updateSafeModeStatus(211)) - Update SafeModeStatus from SafeModeStatus{safeModeStatus=true, preCheckPassed=false} to SafeModeStatus{safeModeStatus=true, preCheckPassed=false}.
2022-02-08 16:06:20,322 [Listener at 0.0.0.0/40119] INFO  server.StorageContainerManager (StorageContainerManager.java:start(1303)) - StorageContainerLocationProtocol RPC server is listening at /0.0.0.0:40119
2022-02-08 16:06:20,322 [Listener at 0.0.0.0/40119] INFO  ha.SCMRatisServerImpl (SCMRatisServerImpl.java:start(177)) - starting ratis server 0.0.0.0:42399
2022-02-08 16:06:20,322 [Listener at 0.0.0.0/40119] INFO  server.RaftServer$Division (RaftServerImpl.java:start(304)) - fdd19f4e-50ca-4edc-8a7e-48b923a90088@group-8ACED9F265D2: start with initializing state, conf=-1: [], old=null
2022-02-08 16:06:20,324 [Listener at 0.0.0.0/40119] INFO  server.RaftServer$Division (RaftServerImpl.java:setRole(290)) - fdd19f4e-50ca-4edc-8a7e-48b923a90088@group-8ACED9F265D2: changes role from      null to FOLLOWER at term 0 for startInitializing
2022-02-08 16:06:20,324 [Listener at 0.0.0.0/40119] INFO  util.JmxRegister (JmxRegister.java:tryRegister(44)) - Successfully registered JMX Bean with object name Ratis:service=RaftServer,group=group-8ACED9F265D2,id=fdd19f4e-50ca-4edc-8a7e-48b923a90088
2022-02-08 16:06:20,347 [Listener at 0.0.0.0/40119] INFO  server.RaftServer (RaftServerProxy.java:lambda$start$5(374)) - fdd19f4e-50ca-4edc-8a7e-48b923a90088: start RPC server
2022-02-08 16:06:20,351 [Listener at 0.0.0.0/40119] INFO  server.GrpcService (GrpcService.java:startImpl(253)) - fdd19f4e-50ca-4edc-8a7e-48b923a90088: GrpcService started, listening on 42399
2022-02-08 16:06:20,352 [Listener at 0.0.0.0/40119] INFO  ha.SCMNodeInfo (SCMNodeInfo.java:getPort(197)) - ConfigKey ozone.scm.client.address is deprecated, For configuring different ports for each SCM use PortConfigKey ozone.scm.client.port appended with serviceId and nodeId
2022-02-08 16:06:20,352 [Listener at 0.0.0.0/40119] INFO  ha.SCMNodeInfo (SCMNodeInfo.java:getPort(197)) - ConfigKey ozone.scm.block.client.address is deprecated, For configuring different ports for each SCM use PortConfigKey ozone.scm.block.client.port appended with serviceId and nodeId
2022-02-08 16:06:20,352 [Listener at 0.0.0.0/40119] INFO  ha.SCMNodeInfo (SCMNodeInfo.java:getPort(197)) - ConfigKey ozone.scm.datanode.address is deprecated, For configuring different ports for each SCM use PortConfigKey ozone.scm.datanode.port appended with serviceId and nodeId
2022-02-08 16:06:20,352 [Listener at 0.0.0.0/40119] INFO  ha.SCMNodeInfo (SCMNodeInfo.java:getPort(197)) - ConfigKey ozone.scm.client.address is deprecated, For configuring different ports for each SCM use PortConfigKey ozone.scm.client.port appended with serviceId and nodeId
2022-02-08 16:06:20,353 [Listener at 0.0.0.0/40119] INFO  ha.SCMNodeInfo (SCMNodeInfo.java:getPort(197)) - ConfigKey ozone.scm.block.client.address is deprecated, For configuring different ports for each SCM use PortConfigKey ozone.scm.block.client.port appended with serviceId and nodeId
2022-02-08 16:06:20,353 [Listener at 0.0.0.0/40119] INFO  ha.SCMNodeInfo (SCMNodeInfo.java:getPort(197)) - ConfigKey ozone.scm.datanode.address is deprecated, For configuring different ports for each SCM use PortConfigKey ozone.scm.datanode.port appended with serviceId and nodeId
2022-02-08 16:06:20,353 [Listener at 0.0.0.0/40119] INFO  ha.SCMNodeInfo (SCMNodeInfo.java:getPort(197)) - ConfigKey ozone.scm.client.address is deprecated, For configuring different ports for each SCM use PortConfigKey ozone.scm.client.port appended with serviceId and nodeId
2022-02-08 16:06:20,353 [Listener at 0.0.0.0/40119] INFO  ha.SCMNodeInfo (SCMNodeInfo.java:getPort(197)) - ConfigKey ozone.scm.block.client.address is deprecated, For configuring different ports for each SCM use PortConfigKey ozone.scm.block.client.port appended with serviceId and nodeId
2022-02-08 16:06:20,353 [Listener at 0.0.0.0/40119] INFO  ha.SCMNodeInfo (SCMNodeInfo.java:getPort(197)) - ConfigKey ozone.scm.datanode.address is deprecated, For configuring different ports for each SCM use PortConfigKey ozone.scm.datanode.port appended with serviceId and nodeId
2022-02-08 16:06:20,355 [org.apache.ratis.util.JvmPauseMonitor$$Lambda$503/1122118227@b979091] INFO  util.JvmPauseMonitor (JvmPauseMonitor.java:run(103)) - JvmPauseMonitor-fdd19f4e-50ca-4edc-8a7e-48b923a90088: Started
2022-02-08 16:06:20,404 [IPC Server handler 1 on default port 44177] INFO  ha.SCMRatisServerImpl (SCMRatisServerImpl.java:addSCM(292)) - 97fdbb42-98dd-4737-a292-80a7798b14c1: Submitting SetConfiguration request to Ratis server with new SCM peers list: [97fdbb42-98dd-4737-a292-80a7798b14c1|rpc:localhost:32791|admin:|client:|dataStream:|priority:0, fdd19f4e-50ca-4edc-8a7e-48b923a90088|rpc:localhost:42399|priority:0]
2022-02-08 16:06:20,405 [IPC Server handler 1 on default port 44177] INFO  server.RaftServer$Division (RaftServerImpl.java:setConfigurationAsync(974)) - 97fdbb42-98dd-4737-a292-80a7798b14c1@group-8ACED9F265D2: receive setConfiguration SetConfigurationRequest:client-087955336F36->97fdbb42-98dd-4737-a292-80a7798b14c1@group-8ACED9F265D2, cid=0, seq=0, RW, null, peers:[97fdbb42-98dd-4737-a292-80a7798b14c1|rpc:localhost:32791|admin:|client:|dataStream:|priority:0, fdd19f4e-50ca-4edc-8a7e-48b923a90088|rpc:localhost:42399|priority:0]
2022-02-08 16:06:20,405 [IPC Server handler 1 on default port 44177] INFO  server.RaftServer$Division (LeaderStateImpl.java:startSetConfiguration(358)) - 97fdbb42-98dd-4737-a292-80a7798b14c1@group-8ACED9F265D2-LeaderStateImpl: startSetConfiguration SetConfigurationRequest:client-087955336F36->97fdbb42-98dd-4737-a292-80a7798b14c1@group-8ACED9F265D2, cid=0, seq=0, RW, null, peers:[97fdbb42-98dd-4737-a292-80a7798b14c1|rpc:localhost:32791|admin:|client:|dataStream:|priority:0, fdd19f4e-50ca-4edc-8a7e-48b923a90088|rpc:localhost:42399|priority:0]
2022-02-08 16:06:20,405 [IPC Server handler 1 on default port 44177] INFO  server.RaftServerConfigKeys (ConfUtils.java:logGet(44)) - raft.server.log.appender.snapshot.chunk.size.max = 16MB (=16777216) (default)
2022-02-08 16:06:20,405 [IPC Server handler 1 on default port 44177] INFO  server.RaftServerConfigKeys (ConfUtils.java:logGet(44)) - raft.server.log.appender.buffer.byte-limit = 33554432 (custom)
2022-02-08 16:06:20,405 [IPC Server handler 1 on default port 44177] INFO  server.RaftServerConfigKeys (ConfUtils.java:logGet(44)) - raft.server.log.appender.buffer.element-limit = 1024 (custom)
2022-02-08 16:06:20,408 [IPC Server handler 1 on default port 44177] INFO  grpc.GrpcConfigKeys (ConfUtils.java:logGet(44)) - raft.grpc.server.leader.outstanding.appends.max = 128 (default)
2022-02-08 16:06:20,408 [IPC Server handler 1 on default port 44177] INFO  server.RaftServerConfigKeys (ConfUtils.java:logGet(44)) - raft.server.rpc.request.timeout = 30000ms (custom)
2022-02-08 16:06:20,408 [IPC Server handler 1 on default port 44177] INFO  server.RaftServerConfigKeys (ConfUtils.java:logGet(44)) - raft.server.log.appender.install.snapshot.enabled = false (custom)
2022-02-08 16:06:20,423 [97fdbb42-98dd-4737-a292-80a7798b14c1@group-8ACED9F265D2->fdd19f4e-50ca-4edc-8a7e-48b923a90088-GrpcLogAppender-LogAppenderDaemon] INFO  server.GrpcLogAppender (GrpcLogAppender.java:installSnapshot(550)) - 97fdbb42-98dd-4737-a292-80a7798b14c1@group-8ACED9F265D2->fdd19f4e-50ca-4edc-8a7e-48b923a90088-GrpcLogAppender: followerNextIndex = 0 but logStartIndex = 0, notify follower to install snapshot-(t:2, i:2)
2022-02-08 16:06:20,424 [97fdbb42-98dd-4737-a292-80a7798b14c1@group-8ACED9F265D2->fdd19f4e-50ca-4edc-8a7e-48b923a90088-GrpcLogAppender-LogAppenderDaemon] INFO  server.GrpcLogAppender (GrpcLogAppender.java:installSnapshot(558)) - 97fdbb42-98dd-4737-a292-80a7798b14c1@group-8ACED9F265D2->fdd19f4e-50ca-4edc-8a7e-48b923a90088-GrpcLogAppender: send 97fdbb42-98dd-4737-a292-80a7798b14c1->fdd19f4e-50ca-4edc-8a7e-48b923a90088#0-t2,notify:(t:2, i:2)
2022-02-08 16:06:20,465 [grpc-default-executor-0] INFO  server.RaftServer$Division (RaftServerImpl.java:installSnapshot(1332)) - fdd19f4e-50ca-4edc-8a7e-48b923a90088@group-8ACED9F265D2: receive installSnapshot: 97fdbb42-98dd-4737-a292-80a7798b14c1->fdd19f4e-50ca-4edc-8a7e-48b923a90088#0-t2,notify:(t:2, i:2)
2022-02-08 16:06:20,466 [grpc-default-executor-0] INFO  ha.SCMStateMachine (SCMStateMachine.java:notifyLeaderChanged(255)) - leader changed, yet current SCM is still follower.
2022-02-08 16:06:20,467 [grpc-default-executor-0] INFO  server.RaftServer$Division (ServerState.java:setLeader(285)) - fdd19f4e-50ca-4edc-8a7e-48b923a90088@group-8ACED9F265D2: change Leader from null to 97fdbb42-98dd-4737-a292-80a7798b14c1 at term 2 for installSnapshot, leader elected after 250ms
2022-02-08 16:06:20,467 [grpc-default-executor-0] INFO  server.RaftServer$Division (RaftServerImpl.java:notifyStateMachineToInstallSnapshot(1551)) - fdd19f4e-50ca-4edc-8a7e-48b923a90088@group-8ACED9F265D2: Received notification to install snapshot at index 2
2022-02-08 16:06:20,467 [grpc-default-executor-0] INFO  server.RaftServer$Division (RaftServerImpl.java:notifyStateMachineToInstallSnapshot(1582)) - fdd19f4e-50ca-4edc-8a7e-48b923a90088@group-8ACED9F265D2: notifyInstallSnapshot: nextIndex is 0 but the leader's first available index is 2.
2022-02-08 16:06:20,467 [grpc-default-executor-0] INFO  ha.SCMStateMachine (SCMStateMachine.java:notifyInstallSnapshotFromLeader(219)) - Received install snapshot notification from SCM leader: localhost:32791 with term index: (t:2, i:2)
2022-02-08 16:06:20,484 [pool-230-thread-1] INFO  ha.SCMHAManagerImpl (SCMHAManagerImpl.java:getDBCheckpointFromLeader(207)) - Downloading checkpoint from leader SCM scmNode-1 and reloading state from the checkpoint.
2022-02-08 16:06:20,509 [grpc-default-executor-1] INFO  ha.SCMDBCheckpointProvider (SCMDBCheckpointProvider.java:writeDBCheckPointToSream(48)) - Received request to obtain SCM DB checkpoint snapshot
2022-02-08 16:06:20,521 [grpc-default-executor-1] INFO  db.RDBCheckpointManager (RDBCheckpointManager.java:createCheckpoint(86)) - Created checkpoint at /home/runner/work/ozone/ozone/hadoop-ozone/integration-test/target/test-dir/MiniOzoneClusterImpl-a5c83128-e0a7-4ff9-8358-8aced9f265d2/scmNode-1/db.checkpoints/scm.db_checkpoint_1644336380514 in 7 milliseconds
2022-02-08 16:06:20,525 [grpc-default-executor-1] INFO  ha.SCMGrpcOutputStream (SCMGrpcOutputStream.java:close(111)) - Sent 4436 bytes for cluster a5c83128-e0a7-4ff9-8358-8aced9f265d2
2022-02-08 16:06:20,527 [grpc-default-executor-1] INFO  ha.SCMDBCheckpointProvider (SCMDBCheckpointProvider.java:writeDBCheckPointToSream(73)) - Time taken to write the checkpoint to response output stream: 5 milliseconds
2022-02-08 16:06:20,527 [grpc-default-executor-1] INFO  db.RocksDBCheckpoint (RocksDBCheckpoint.java:cleanupCheckpoint(78)) - Cleaning up RocksDB checkpoint at /home/runner/work/ozone/ozone/hadoop-ozone/integration-test/target/test-dir/MiniOzoneClusterImpl-a5c83128-e0a7-4ff9-8358-8aced9f265d2/scmNode-1/db.checkpoints/scm.db_checkpoint_1644336380514
2022-02-08 16:06:20,533 [grpc-default-executor-1] INFO  ha.InterSCMGrpcClient (InterSCMGrpcClient.java:onCompleted(173)) - Checkpoint is downloaded to /home/runner/work/ozone/ozone/hadoop-ozone/integration-test/target/test-dir/MiniOzoneClusterImpl-a5c83128-e0a7-4ff9-8358-8aced9f265d2/scmNode-2/snapshot/scm.db-scmNode-1-1644336380484.tar.gz
2022-02-08 16:06:20,572 [pool-230-thread-1] INFO  ha.SCMSnapshotProvider (SCMSnapshotProvider.java:getSCMDBSnapshot(131)) - Successfully downloaded latest checkpoint from leader SCM: scmNode-1 path /home/runner/work/ozone/ozone/hadoop-ozone/integration-test/target/test-dir/MiniOzoneClusterImpl-a5c83128-e0a7-4ff9-8358-8aced9f265d2/scmNode-2/snapshot/scm.db-scmNode-1-1644336380484
2022-02-08 16:06:20,572 [pool-230-thread-1] INFO  ha.SCMHAManagerImpl (SCMHAManagerImpl.java:downloadCheckpointFromLeader(159)) - Downloaded checkpoint from Leader scmNode-1 to the location /home/runner/work/ozone/ozone/hadoop-ozone/integration-test/target/test-dir/MiniOzoneClusterImpl-a5c83128-e0a7-4ff9-8358-8aced9f265d2/scmNode-2/snapshot/scm.db-scmNode-1-1644336380484
2022-02-08 16:06:20,644 [pool-230-thread-1] INFO  ha.SCMHAManagerImpl (SCMHAManagerImpl.java:verifyCheckpointFromLeader(173)) - Installing checkpoint with SCMTransactionInfo 2#2
2022-02-08 16:06:20,644 [pool-230-thread-1] INFO  server.RaftServer$Division (RaftServerImpl.java:lambda$notifyStateMachineToInstallSnapshot$30(1595)) - fdd19f4e-50ca-4edc-8a7e-48b923a90088@group-8ACED9F265D2: StateMachine successfully installed snapshot index 2. Reloading the StateMachine.
2022-02-08 16:06:20,644 [pool-230-thread-1] INFO  segmented.SegmentedRaftLogWorker (SegmentedRaftLogWorker.java:lambda$new$0(133)) - fdd19f4e-50ca-4edc-8a7e-48b923a90088@group-8ACED9F265D2-SegmentedRaftLogWorker: flushIndex: setUnconditionally -1 -> 2
2022-02-08 16:06:20,644 [pool-230-thread-1] INFO  segmented.SegmentedRaftLogWorker (SegmentedRaftLogWorker.java:lambda$new$0(133)) - fdd19f4e-50ca-4edc-8a7e-48b923a90088@group-8ACED9F265D2-SegmentedRaftLogWorker: safeCacheEvictIndex: setUnconditionally -1 -> 2
2022-02-08 16:06:20,645 [pool-230-thread-1] INFO  raftlog.RaftLog (RaftLogBase.java:lambda$new$0(53)) - fdd19f4e-50ca-4edc-8a7e-48b923a90088@group-8ACED9F265D2-SegmentedRaftLog: snapshotIndex: updateIncreasingly -1 -> 2
2022-02-08 16:06:20,648 [grpc-default-executor-0] INFO  server.RaftServer$Division (RaftServerImpl.java:notifyStateMachineToInstallSnapshot(1638)) - fdd19f4e-50ca-4edc-8a7e-48b923a90088@group-8ACED9F265D2: InstallSnapshot notification result: SNAPSHOT_INSTALLED, at index: 2
2022-02-08 16:06:20,648 [grpc-default-executor-0] INFO  server.RaftServer$Division (RaftServerImpl.java:installSnapshotImpl(1462)) - fdd19f4e-50ca-4edc-8a7e-48b923a90088@group-8ACED9F265D2: set new configuration index: 1
configurationEntry {
  peers {
    id: "97fdbb42-98dd-4737-a292-80a7798b14c1"
    address: "localhost:32791"
  }
}
 from snapshot
2022-02-08 16:06:20,650 [grpc-default-executor-0] INFO  server.RaftServer$Division (ServerState.java:setRaftConf(387)) - fdd19f4e-50ca-4edc-8a7e-48b923a90088@group-8ACED9F265D2: set configuration 1: [97fdbb42-98dd-4737-a292-80a7798b14c1|rpc:localhost:32791|admin:|client:|dataStream:|priority:0], old=null
2022-02-08 16:06:20,651 [grpc-default-executor-0] INFO  server.RaftServer$Division (RaftServerImpl.java:installSnapshot(1343)) - fdd19f4e-50ca-4edc-8a7e-48b923a90088@group-8ACED9F265D2: reply installSnapshot: 97fdbb42-98dd-4737-a292-80a7798b14c1<-fdd19f4e-50ca-4edc-8a7e-48b923a90088#0:FAIL-t0,SNAPSHOT_INSTALLED,snapshotIndex=2
2022-02-08 16:06:20,651 [grpc-default-executor-0] INFO  server.GrpcServerProtocolService (GrpcServerProtocolService.java:onCompleted(140)) - fdd19f4e-50ca-4edc-8a7e-48b923a90088: Completed INSTALL_SNAPSHOT, lastRequest: 97fdbb42-98dd-4737-a292-80a7798b14c1->fdd19f4e-50ca-4edc-8a7e-48b923a90088#0-t2,notify:(t:2, i:2)
2022-02-08 16:06:20,656 [grpc-default-executor-0] INFO  server.GrpcLogAppender (GrpcLogAppender.java:onNext(410)) - 97fdbb42-98dd-4737-a292-80a7798b14c1@group-8ACED9F265D2->fdd19f4e-50ca-4edc-8a7e-48b923a90088-InstallSnapshotResponseHandler: received the first reply 97fdbb42-98dd-4737-a292-80a7798b14c1<-fdd19f4e-50ca-4edc-8a7e-48b923a90088#0:FAIL-t0,SNAPSHOT_INSTALLED,snapshotIndex=2
2022-02-08 16:06:20,656 [grpc-default-executor-0] INFO  server.GrpcLogAppender (GrpcLogAppender.java:onNext(450)) - 97fdbb42-98dd-4737-a292-80a7798b14c1@group-8ACED9F265D2->fdd19f4e-50ca-4edc-8a7e-48b923a90088-InstallSnapshotResponseHandler: Follower installed snapshot at index 2
2022-02-08 16:06:20,656 [grpc-default-executor-0] INFO  leader.FollowerInfo (FollowerInfoImpl.java:lambda$new$0(47)) - 97fdbb42-98dd-4737-a292-80a7798b14c1@group-8ACED9F265D2->fdd19f4e-50ca-4edc-8a7e-48b923a90088: snapshotIndex: setUnconditionally 0 -> 2
2022-02-08 16:06:20,656 [grpc-default-executor-0] INFO  leader.FollowerInfo (FollowerInfoImpl.java:lambda$new$0(47)) - 97fdbb42-98dd-4737-a292-80a7798b14c1@group-8ACED9F265D2->fdd19f4e-50ca-4edc-8a7e-48b923a90088: matchIndex: setUnconditionally 0 -> 2
2022-02-08 16:06:20,656 [grpc-default-executor-0] INFO  leader.FollowerInfo (FollowerInfoImpl.java:lambda$new$0(47)) - 97fdbb42-98dd-4737-a292-80a7798b14c1@group-8ACED9F265D2->fdd19f4e-50ca-4edc-8a7e-48b923a90088: nextIndex: setUnconditionally 0 -> 3
2022-02-08 16:06:20,656 [grpc-default-executor-0] INFO  leader.FollowerInfo (FollowerInfoImpl.java:setAttemptedToInstallSnapshot(116)) - Follower 97fdbb42-98dd-4737-a292-80a7798b14c1@group-8ACED9F265D2->fdd19f4e-50ca-4edc-8a7e-48b923a90088 acknowledged installing snapshot
2022-02-08 16:06:20,656 [grpc-default-executor-0] INFO  leader.FollowerInfo (FollowerInfoImpl.java:lambda$new$0(47)) - 97fdbb42-98dd-4737-a292-80a7798b14c1@group-8ACED9F265D2->fdd19f4e-50ca-4edc-8a7e-48b923a90088: nextIndex: updateToMax old=3, new=3, updated? false
2022-02-08 16:06:20,668 [grpc-default-executor-0] INFO  impl.RoleInfo (RoleInfo.java:updateAndGet(130)) - fdd19f4e-50ca-4edc-8a7e-48b923a90088: start fdd19f4e-50ca-4edc-8a7e-48b923a90088@group-8ACED9F265D2-FollowerState
2022-02-08 16:06:20,711 [fdd19f4e-50ca-4edc-8a7e-48b923a90088@group-8ACED9F265D2-StateMachineUpdater] INFO  ha.SCMHAManagerImpl (SCMHAManagerImpl.java:installCheckpoint(228)) - Installing checkpoint with SCMTransactionInfo 2#2
2022-02-08 16:06:20,712 [fdd19f4e-50ca-4edc-8a7e-48b923a90088@group-8ACED9F265D2-StateMachineUpdater] INFO  ha.SCMHAManagerImpl (SCMHAManagerImpl.java:installCheckpoint(267)) - Replaced DB with checkpoint, term: 2, index: 2
2022-02-08 16:06:20,712 [fdd19f4e-50ca-4edc-8a7e-48b923a90088@group-8ACED9F265D2-StateMachineUpdater] WARN  utils.HAUtils (HAUtils.java:getMetaDir(342)) - ozone.scm.db.dirs is not configured. We recommend adding this setting. Falling back to ozone.metadata.dirs instead.
2022-02-08 16:06:20,713 [fdd19f4e-50ca-4edc-8a7e-48b923a90088@group-8ACED9F265D2-StateMachineUpdater] WARN  db.DBStoreBuilder (DBStoreBuilder.java:applyDBDefinition(145)) - ozone.scm.db.dirs is not configured. We recommend adding this setting. Falling back to ozone.metadata.dirs instead.
2022-02-08 16:06:20,809 [fdd19f4e-50ca-4edc-8a7e-48b923a90088@group-8ACED9F265D2-StateMachineUpdater] INFO  ha.SequenceIdGenerator (SequenceIdGenerator.java:reinitialize(166)) - reinitialize SequenceIdGenerator.
2022-02-08 16:06:20,809 [fdd19f4e-50ca-4edc-8a7e-48b923a90088@group-8ACED9F265D2-StateMachineUpdater] INFO  pipeline.PipelineStateManagerImpl (PipelineStateManagerImpl.java:initialize(78)) - No pipeline exists in current db
2022-02-08 16:06:20,809 [fdd19f4e-50ca-4edc-8a7e-48b923a90088@group-8ACED9F265D2-StateMachineUpdater] INFO  ha.SCMHAManagerImpl (SCMHAManagerImpl.java:installCheckpoint(282)) - Reloaded SCM state with Term: 2 and Index: 2
2022-02-08 16:06:20,810 [fdd19f4e-50ca-4edc-8a7e-48b923a90088@group-8ACED9F265D2-StateMachineUpdater] INFO  impl.StateMachineUpdater (StateMachineUpdater.java:lambda$new$0(89)) - fdd19f4e-50ca-4edc-8a7e-48b923a90088@group-8ACED9F265D2-StateMachineUpdater: snapshotIndex: setUnconditionally -1 -> 2
2022-02-08 16:06:20,810 [fdd19f4e-50ca-4edc-8a7e-48b923a90088@group-8ACED9F265D2-StateMachineUpdater] INFO  impl.StateMachineUpdater (StateMachineUpdater.java:lambda$new$0(89)) - fdd19f4e-50ca-4edc-8a7e-48b923a90088@group-8ACED9F265D2-StateMachineUpdater: appliedIndex: setUnconditionally -1 -> 2
2022-02-08 16:06:21,060 [EndpointStateMachine task thread for /127.0.0.1:36421 - 0 ] INFO  ipc.Client (Client.java:handleConnectionFailure(977)) - Retrying connect to server: localhost/127.0.0.1:36421. Already tried 5 time(s); retry policy is RetryUpToMaximumCountWithFixedSleep(maxRetries=15, sleepTime=1000 MILLISECONDS)
2022-02-08 16:06:21,064 [EndpointStateMachine task thread for /127.0.0.1:42215 - 0 ] INFO  ipc.Client (Client.java:handleConnectionFailure(977)) - Retrying connect to server: localhost/127.0.0.1:42215. Already tried 5 time(s); retry policy is RetryUpToMaximumCountWithFixedSleep(maxRetries=15, sleepTime=1000 MILLISECONDS)
2022-02-08 16:06:21,075 [EndpointStateMachine task thread for /127.0.0.1:40425 - 0 ] INFO  ipc.Client (Client.java:handleConnectionFailure(977)) - Retrying connect to server: localhost/127.0.0.1:40425. Already tried 5 time(s); retry policy is RetryUpToMaximumCountWithFixedSleep(maxRetries=15, sleepTime=1000 MILLISECONDS)
2022-02-08 16:06:22,061 [EndpointStateMachine task thread for /127.0.0.1:36421 - 0 ] INFO  ipc.Client (Client.java:handleConnectionFailure(977)) - Retrying connect to server: localhost/127.0.0.1:36421. Already tried 6 time(s); retry policy is RetryUpToMaximumCountWithFixedSleep(maxRetries=15, sleepTime=1000 MILLISECONDS)
2022-02-08 16:06:22,067 [EndpointStateMachine task thread for /127.0.0.1:42215 - 0 ] INFO  ipc.Client (Client.java:handleConnectionFailure(977)) - Retrying connect to server: localhost/127.0.0.1:42215. Already tried 6 time(s); retry policy is RetryUpToMaximumCountWithFixedSleep(maxRetries=15, sleepTime=1000 MILLISECONDS)
2022-02-08 16:06:22,075 [EndpointStateMachine task thread for /127.0.0.1:40425 - 0 ] INFO  ipc.Client (Client.java:handleConnectionFailure(977)) - Retrying connect to server: localhost/127.0.0.1:40425. Already tried 6 time(s); retry policy is RetryUpToMaximumCountWithFixedSleep(maxRetries=15, sleepTime=1000 MILLISECONDS)
2022-02-08 16:06:23,062 [EndpointStateMachine task thread for /127.0.0.1:36421 - 0 ] INFO  ipc.Client (Client.java:handleConnectionFailure(977)) - Retrying connect to server: localhost/127.0.0.1:36421. Already tried 7 time(s); retry policy is RetryUpToMaximumCountWithFixedSleep(maxRetries=15, sleepTime=1000 MILLISECONDS)
2022-02-08 16:06:23,067 [EndpointStateMachine task thread for /127.0.0.1:42215 - 0 ] INFO  ipc.Client (Client.java:handleConnectionFailure(977)) - Retrying connect to server: localhost/127.0.0.1:42215. Already tried 7 time(s); retry policy is RetryUpToMaximumCountWithFixedSleep(maxRetries=15, sleepTime=1000 MILLISECONDS)
2022-02-08 16:06:23,076 [EndpointStateMachine task thread for /127.0.0.1:40425 - 0 ] INFO  ipc.Client (Client.java:handleConnectionFailure(977)) - Retrying connect to server: localhost/127.0.0.1:40425. Already tried 7 time(s); retry policy is RetryUpToMaximumCountWithFixedSleep(maxRetries=15, sleepTime=1000 MILLISECONDS)
2022-02-08 16:06:24,000 [97fdbb42-98dd-4737-a292-80a7798b14c1@group-8ACED9F265D2-LeaderStateImpl] INFO  server.RaftServer$Division (ServerState.java:setRaftConf(387)) - 97fdbb42-98dd-4737-a292-80a7798b14c1@group-8ACED9F265D2: set configuration 3: [97fdbb42-98dd-4737-a292-80a7798b14c1|rpc:localhost:32791|admin:|client:|dataStream:|priority:0, fdd19f4e-50ca-4edc-8a7e-48b923a90088|rpc:localhost:42399|priority:0], old=[97fdbb42-98dd-4737-a292-80a7798b14c1|rpc:localhost:32791|admin:|client:|dataStream:|priority:0]
2022-02-08 16:06:24,002 [grpc-default-executor-0] INFO  server.RaftServer$Division (ServerState.java:setRaftConf(387)) - fdd19f4e-50ca-4edc-8a7e-48b923a90088@group-8ACED9F265D2: set configuration 3: [97fdbb42-98dd-4737-a292-80a7798b14c1|rpc:localhost:32791|admin:|client:|dataStream:|priority:0, fdd19f4e-50ca-4edc-8a7e-48b923a90088|rpc:localhost:42399|admin:|client:|dataStream:|priority:0], old=[97fdbb42-98dd-4737-a292-80a7798b14c1|rpc:localhost:32791|admin:|client:|dataStream:|priority:0]
2022-02-08 16:06:24,003 [grpc-default-executor-0] INFO  segmented.SegmentedRaftLogWorker (SegmentedRaftLogWorker.java:startLogSegment(394)) - fdd19f4e-50ca-4edc-8a7e-48b923a90088@group-8ACED9F265D2-SegmentedRaftLogWorker: Starting segment from index:3
2022-02-08 16:06:24,013 [fdd19f4e-50ca-4edc-8a7e-48b923a90088@group-8ACED9F265D2-SegmentedRaftLogWorker] INFO  segmented.SegmentedRaftLogWorker (SegmentedRaftLogWorker.java:execute(601)) - fdd19f4e-50ca-4edc-8a7e-48b923a90088@group-8ACED9F265D2-SegmentedRaftLogWorker: created new log segment /home/runner/work/ozone/ozone/hadoop-ozone/integration-test/target/test-dir/MiniOzoneClusterImpl-a5c83128-e0a7-4ff9-8358-8aced9f265d2/scmNode-2/scm-ha/a5c83128-e0a7-4ff9-8358-8aced9f265d2/current/log_inprogress_3
2022-02-08 16:06:24,015 [97fdbb42-98dd-4737-a292-80a7798b14c1@group-8ACED9F265D2-LeaderStateImpl] INFO  server.RaftServer$Division (ServerState.java:setRaftConf(387)) - 97fdbb42-98dd-4737-a292-80a7798b14c1@group-8ACED9F265D2: set configuration 5: [97fdbb42-98dd-4737-a292-80a7798b14c1|rpc:localhost:32791|admin:|client:|dataStream:|priority:0, fdd19f4e-50ca-4edc-8a7e-48b923a90088|rpc:localhost:42399|priority:0], old=null
2022-02-08 16:06:24,017 [grpc-default-executor-0] INFO  server.RaftServer$Division (ServerState.java:setRaftConf(387)) - fdd19f4e-50ca-4edc-8a7e-48b923a90088@group-8ACED9F265D2: set configuration 5: [97fdbb42-98dd-4737-a292-80a7798b14c1|rpc:localhost:32791|admin:|client:|dataStream:|priority:0, fdd19f4e-50ca-4edc-8a7e-48b923a90088|rpc:localhost:42399|admin:|client:|dataStream:|priority:0], old=null
2022-02-08 16:06:24,031 [fdd19f4e-50ca-4edc-8a7e-48b923a90088@group-8ACED9F265D2-StateMachineUpdater] INFO  safemode.HealthyPipelineSafeModeRule (HealthyPipelineSafeModeRule.java:initializeRule(152)) - Refreshed total pipeline count is 0, healthy pipeline threshold count is 1
2022-02-08 16:06:24,031 [fdd19f4e-50ca-4edc-8a7e-48b923a90088@group-8ACED9F265D2-StateMachineUpdater] INFO  safemode.ContainerSafeModeRule (ContainerSafeModeRule.java:reInitializeRule(177)) - Refreshed one replica container threshold 0, currentThreshold 0
2022-02-08 16:06:24,031 [fdd19f4e-50ca-4edc-8a7e-48b923a90088@group-8ACED9F265D2-StateMachineUpdater] INFO  safemode.OneReplicaPipelineSafeModeRule (OneReplicaPipelineSafeModeRule.java:initializeRule(176)) - Refreshed Total pipeline count is 0, pipeline's with at least one datanode reported threshold count is 0
2022-02-08 16:06:24,031 [fdd19f4e-50ca-4edc-8a7e-48b923a90088@group-8ACED9F265D2-StateMachineUpdater] INFO  server.SCMDatanodeProtocolServer (SCMDatanodeProtocolServer.java:start(181)) - ScmDatanodeProtocol RPC server for DataNodes is listening at /0.0.0.0:44977
2022-02-08 16:06:24,034 [IPC Server handler 1 on default port 44177] INFO  ha.SCMRatisServerImpl (SCMRatisServerImpl.java:addSCM(303)) - Successfully added new SCM: fdd19f4e-50ca-4edc-8a7e-48b923a90088.
2022-02-08 16:06:24,034 [Listener at 0.0.0.0/40119] INFO  ha.SCMHAManagerImpl (SCMHAManagerImpl.java:start(117)) - Successfully added SCM scmNode-2 to group group-8ACED9F265D2:[97fdbb42-98dd-4737-a292-80a7798b14c1|rpc:localhost:32791|admin:|client:|dataStream:|priority:0, fdd19f4e-50ca-4edc-8a7e-48b923a90088|rpc:localhost:42399|admin:|client:|dataStream:|priority:0]
2022-02-08 16:06:24,034 [Listener at 0.0.0.0/40119] INFO  ha.InterSCMGrpcService (InterSCMGrpcProtocolService.java:start(94)) - Starting SCM Grpc Service at port 45627
2022-02-08 16:06:24,036 [97fdbb42-98dd-4737-a292-80a7798b14c1@group-8ACED9F265D2-StateMachineUpdater] INFO  ha.SCMStateMachine (SCMStateMachine.java:takeSnapshot(297)) - Current Snapshot Index 5, takeSnapshot took 1 ms
2022-02-08 16:06:24,036 [97fdbb42-98dd-4737-a292-80a7798b14c1@group-8ACED9F265D2-StateMachineUpdater] INFO  impl.StateMachineUpdater (StateMachineUpdater.java:takeSnapshot(281)) - 97fdbb42-98dd-4737-a292-80a7798b14c1@group-8ACED9F265D2-StateMachineUpdater: Took a snapshot at index 5
2022-02-08 16:06:24,037 [97fdbb42-98dd-4737-a292-80a7798b14c1@group-8ACED9F265D2-StateMachineUpdater] INFO  impl.StateMachineUpdater (StateMachineUpdater.java:lambda$new$0(89)) - 97fdbb42-98dd-4737-a292-80a7798b14c1@group-8ACED9F265D2-StateMachineUpdater: snapshotIndex: updateIncreasingly -1 -> 5
2022-02-08 16:06:24,037 [97fdbb42-98dd-4737-a292-80a7798b14c1@group-8ACED9F265D2-StateMachineUpdater] INFO  raftlog.RaftLog (RaftLogBase.java:purge(306)) - 97fdbb42-98dd-4737-a292-80a7798b14c1@group-8ACED9F265D2-SegmentedRaftLog: purge 5
2022-02-08 16:06:24,037 [97fdbb42-98dd-4737-a292-80a7798b14c1@group-8ACED9F265D2-StateMachineUpdater] INFO  raftlog.RaftLog (RaftLogBase.java:lambda$new$0(53)) - 97fdbb42-98dd-4737-a292-80a7798b14c1@group-8ACED9F265D2-SegmentedRaftLog: snapshotIndex: updateIncreasingly -1 -> 5
2022-02-08 16:06:24,037 [Listener at 0.0.0.0/40119] INFO  impl.MetricsSystemImpl (MetricsSystemImpl.java:init(158)) - StorageContainerManager metrics system started (again)
2022-02-08 16:06:24,041 [97fdbb42-98dd-4737-a292-80a7798b14c1@group-8ACED9F265D2-SegmentedRaftLogWorker] INFO  raftlog.RaftLog (RaftLogBase.java:lambda$new$0(53)) - 97fdbb42-98dd-4737-a292-80a7798b14c1@group-8ACED9F265D2-SegmentedRaftLog: purgeIndex: updateToMax old=-1, new=0, updated? true
2022-02-08 16:06:24,046 [IPC Server listener on 44977] INFO  ipc.Server (Server.java:run(1344)) - IPC Server listener on 44977: starting
2022-02-08 16:06:24,048 [IPC Server Responder] INFO  ipc.Server (Server.java:run(1507)) - IPC Server Responder: starting
2022-02-08 16:06:24,062 [EndpointStateMachine task thread for /127.0.0.1:36421 - 0 ] INFO  ipc.Client (Client.java:handleConnectionFailure(977)) - Retrying connect to server: localhost/127.0.0.1:36421. Already tried 8 time(s); retry policy is RetryUpToMaximumCountWithFixedSleep(maxRetries=15, sleepTime=1000 MILLISECONDS)
2022-02-08 16:06:24,068 [EndpointStateMachine task thread for /127.0.0.1:42215 - 0 ] INFO  ipc.Client (Client.java:handleConnectionFailure(977)) - Retrying connect to server: localhost/127.0.0.1:42215. Already tried 8 time(s); retry policy is RetryUpToMaximumCountWithFixedSleep(maxRetries=15, sleepTime=1000 MILLISECONDS)
2022-02-08 16:06:24,078 [EndpointStateMachine task thread for /127.0.0.1:40425 - 0 ] INFO  ipc.Client (Client.java:handleConnectionFailure(977)) - Retrying connect to server: localhost/127.0.0.1:40425. Already tried 8 time(s); retry policy is RetryUpToMaximumCountWithFixedSleep(maxRetries=15, sleepTime=1000 MILLISECONDS)
2022-02-08 16:06:24,082 [Listener at 0.0.0.0/40119] INFO  server.SCMClientProtocolServer (SCMClientProtocolServer.java:start(165)) - RPC server for Client  is listening at /0.0.0.0:40119
2022-02-08 16:06:24,088 [IPC Server Responder] INFO  ipc.Server (Server.java:run(1507)) - IPC Server Responder: starting
2022-02-08 16:06:24,091 [IPC Server listener on 40119] INFO  ipc.Server (Server.java:run(1344)) - IPC Server listener on 40119: starting
2022-02-08 16:06:24,095 [Listener at 0.0.0.0/40119] INFO  server.StorageContainerManager (StorageContainerManager.java:start(1318)) - ScmBlockLocationProtocol RPC server is listening at /0.0.0.0:40911
2022-02-08 16:06:24,096 [Listener at 0.0.0.0/40119] INFO  server.SCMBlockProtocolServer (SCMBlockProtocolServer.java:start(151)) - RPC server for Block Protocol is listening at /0.0.0.0:40911
2022-02-08 16:06:24,106 [IPC Server Responder] INFO  ipc.Server (Server.java:run(1507)) - IPC Server Responder: starting
2022-02-08 16:06:24,106 [IPC Server listener on 40911] INFO  ipc.Server (Server.java:run(1344)) - IPC Server listener on 40911: starting
2022-02-08 16:06:24,146 [org.apache.hadoop.util.JvmPauseMonitor$Monitor@c334f3b] INFO  util.JvmPauseMonitor (JvmPauseMonitor.java:run(188)) - Starting JVM pause monitor
2022-02-08 16:06:24,146 [Listener at 0.0.0.0/40119] INFO  http.BaseHttpServer (BaseHttpServer.java:newHttpServer2BuilderForOzone(209)) - Starting Web-server for scm at: http://0.0.0.0:40077
2022-02-08 16:06:24,146 [Listener at 0.0.0.0/40119] INFO  http.BaseHttpServer (BaseHttpServer.java:<init>(107)) - Hadoop Security Enabled: false Ozone Security Enabled: false Ozone HTTP Security Enabled: false 
2022-02-08 16:06:24,148 [Listener at 0.0.0.0/40119] INFO  server.AuthenticationFilter (AuthenticationFilter.java:constructSecretProvider(240)) - Unable to initialize FileSignerSecretProvider, falling back to use random secrets.
2022-02-08 16:06:24,156 [Listener at 0.0.0.0/40119] WARN  http.HttpRequestLog (HttpRequestLog.java:getRequestLog(103)) - Jetty request log can only be enabled using Log4j
2022-02-08 16:06:24,160 [Listener at 0.0.0.0/40119] INFO  http.HttpServer2 (HttpServer2.java:addGlobalFilter(1030)) - Added global filter 'safety' (class=org.apache.hadoop.hdds.server.http.HttpServer2$QuotingInputFilter)
2022-02-08 16:06:24,163 [Listener at 0.0.0.0/40119] INFO  http.HttpServer2 (HttpServer2.java:addFilter(1006)) - Added filter static_user_filter (class=org.apache.hadoop.http.lib.StaticUserWebFilter$StaticUserFilter) to context scm
2022-02-08 16:06:24,163 [Listener at 0.0.0.0/40119] INFO  http.HttpServer2 (HttpServer2.java:addFilter(1014)) - Added filter static_user_filter (class=org.apache.hadoop.http.lib.StaticUserWebFilter$StaticUserFilter) to context logs
2022-02-08 16:06:24,163 [Listener at 0.0.0.0/40119] INFO  http.HttpServer2 (HttpServer2.java:addFilter(1014)) - Added filter static_user_filter (class=org.apache.hadoop.http.lib.StaticUserWebFilter$StaticUserFilter) to context static
2022-02-08 16:06:24,165 [Listener at 0.0.0.0/40119] INFO  http.HttpServer2 (HttpServer2.java:bindListener(1249)) - Jetty bound to port 40077
2022-02-08 16:06:24,165 [Listener at 0.0.0.0/40119] INFO  server.Server (Server.java:doStart(375)) - jetty-9.4.43.v20210629; built: 2021-06-30T11:07:22.254Z; git: 526006ecfa3af7f1a27ef3a288e2bef7ea9dd7e8; jvm 1.8.0_312-b07
2022-02-08 16:06:24,166 [Listener at 0.0.0.0/40119] INFO  server.session (DefaultSessionIdManager.java:doStart(334)) - DefaultSessionIdManager workerName=node0
2022-02-08 16:06:24,167 [Listener at 0.0.0.0/40119] INFO  server.session (DefaultSessionIdManager.java:doStart(339)) - No SessionScavenger set, using defaults
2022-02-08 16:06:24,167 [Listener at 0.0.0.0/40119] INFO  server.session (HouseKeeper.java:startScavenging(132)) - node0 Scavenging every 600000ms
2022-02-08 16:06:24,168 [Listener at 0.0.0.0/40119] INFO  handler.ContextHandler (ContextHandler.java:doStart(915)) - Started o.e.j.s.ServletContextHandler@1df2d986{logs,/logs,file:///home/runner/work/ozone/ozone/hadoop-ozone/integration-test/target/log,AVAILABLE}
2022-02-08 16:06:24,168 [Listener at 0.0.0.0/40119] INFO  handler.ContextHandler (ContextHandler.java:doStart(915)) - Started o.e.j.s.ServletContextHandler@52214284{static,/static,file:///home/runner/work/ozone/ozone/hadoop-ozone/integration-test/target/test-classes/webapps/static,AVAILABLE}
2022-02-08 16:06:24,171 [Listener at 0.0.0.0/40119] INFO  handler.ContextHandler (ContextHandler.java:doStart(915)) - Started o.e.j.w.WebAppContext@3edb7be5{scm,/,file:///home/runner/work/ozone/ozone/hadoop-ozone/integration-test/target/test-classes/webapps/scm/,AVAILABLE}{file:/home/runner/work/ozone/ozone/hadoop-ozone/integration-test/target/test-classes/webapps/scm}
2022-02-08 16:06:24,180 [Listener at 0.0.0.0/40119] INFO  server.AbstractConnector (AbstractConnector.java:doStart(331)) - Started ServerConnector@6216b817{HTTP/1.1, (http/1.1)}{0.0.0.0:40077}
2022-02-08 16:06:24,180 [Listener at 0.0.0.0/40119] INFO  server.Server (Server.java:doStart(415)) - Started @95035ms
2022-02-08 16:06:24,180 [Listener at 0.0.0.0/40119] WARN  impl.MetricsSystemImpl (MetricsSystemImpl.java:register(279)) - Sink prometheus already exists!
2022-02-08 16:06:24,181 [Listener at 0.0.0.0/40119] INFO  http.BaseHttpServer (BaseHttpServer.java:updateConnectorAddress(329)) - HTTP server of scm listening at http://0.0.0.0:40077
2022-02-08 16:06:24,181 [Listener at 0.0.0.0/40119] INFO  ozone.MiniOzoneHAClusterImpl (MiniOzoneHAClusterImpl.java:createSCMService(600)) - Started SCM RPC server at /0.0.0.0:40119
2022-02-08 16:06:24,190 [Listener at 0.0.0.0/40119] INFO  ha.SCMHANodeDetails (SCMHANodeDetails.java:loadSCMHAConfig(157)) - ServiceID for StorageContainerManager is scm-service-test1
2022-02-08 16:06:24,190 [Listener at 0.0.0.0/40119] INFO  ha.SCMHANodeDetails (SCMHANodeDetails.java:loadSCMHAConfig(168)) - ServiceID for StorageContainerManager is scm-service-test1
2022-02-08 16:06:24,190 [Listener at 0.0.0.0/40119] WARN  scm.ScmUtils (ScmUtils.java:logWarn(179)) - ConfigKey ozone.scm.block.client.address is deprecated, For configuring different ports for each SCM use PortConfigKey ozone.scm.block.client.port appended with serviceId and nodeId. If want to configure same port configure ozone.scm.block.client.port
2022-02-08 16:06:24,191 [Listener at 0.0.0.0/40119] WARN  scm.ScmUtils (ScmUtils.java:logWarn(179)) - ConfigKey ozone.scm.client.address is deprecated, For configuring different ports for each SCM use PortConfigKey ozone.scm.client.port appended with serviceId and nodeId. If want to configure same port configure ozone.scm.client.port
2022-02-08 16:06:24,191 [Listener at 0.0.0.0/40119] WARN  scm.ScmUtils (ScmUtils.java:logWarn(179)) - ConfigKey ozone.scm.datanode.address is deprecated, For configuring different ports for each SCM use PortConfigKey ozone.scm.datanode.port appended with serviceId and nodeId. If want to configure same port configure ozone.scm.datanode.port
2022-02-08 16:06:24,192 [Listener at 0.0.0.0/40119] WARN  scm.ScmUtils (ScmUtils.java:logWarn(179)) - ConfigKey ozone.scm.block.client.address is deprecated, For configuring different ports for each SCM use PortConfigKey ozone.scm.block.client.port appended with serviceId and nodeId. If want to configure same port configure ozone.scm.block.client.port
2022-02-08 16:06:24,200 [Listener at 0.0.0.0/40119] WARN  scm.ScmUtils (ScmUtils.java:logWarn(179)) - ConfigKey ozone.scm.client.address is deprecated, For configuring different ports for each SCM use PortConfigKey ozone.scm.client.port appended with serviceId and nodeId. If want to configure same port configure ozone.scm.client.port
2022-02-08 16:06:24,200 [Listener at 0.0.0.0/40119] WARN  scm.ScmUtils (ScmUtils.java:logWarn(179)) - ConfigKey ozone.scm.datanode.address is deprecated, For configuring different ports for each SCM use PortConfigKey ozone.scm.datanode.port appended with serviceId and nodeId. If want to configure same port configure ozone.scm.datanode.port
2022-02-08 16:06:24,200 [Listener at 0.0.0.0/40119] INFO  ha.SCMHANodeDetails (SCMHANodeDetails.java:loadSCMHAConfig(250)) - Found matching SCM address with SCMServiceId: scm-service-test1, SCMNodeId: scmNode-3, RPC Address: localhost:33237 and Ratis port: 33237
2022-02-08 16:06:24,200 [Listener at 0.0.0.0/40119] INFO  ha.SCMHANodeDetails (ConfUtils.java:setNodeSpecificConfigs(108)) - Setting configuration key ozone.scm.datanode.address with value of key ozone.scm.datanode.address.scm-service-test1.scmNode-3: 127.0.0.1:35925
2022-02-08 16:06:24,201 [Listener at 0.0.0.0/40119] INFO  ha.SCMHANodeDetails (ConfUtils.java:setNodeSpecificConfigs(108)) - Setting configuration key ozone.scm.block.client.address with value of key ozone.scm.block.client.address.scm-service-test1.scmNode-3: 127.0.0.1:35673
2022-02-08 16:06:24,201 [Listener at 0.0.0.0/40119] INFO  ha.SCMHANodeDetails (ConfUtils.java:setNodeSpecificConfigs(108)) - Setting configuration key ozone.scm.client.address with value of key ozone.scm.client.address.scm-service-test1.scmNode-3: 127.0.0.1:33239
2022-02-08 16:06:24,201 [Listener at 0.0.0.0/40119] INFO  ha.SCMHANodeDetails (ConfUtils.java:setNodeSpecificConfigs(108)) - Setting configuration key ozone.scm.ratis.port with value of key ozone.scm.ratis.port.scm-service-test1.scmNode-3: 33237
2022-02-08 16:06:24,201 [Listener at 0.0.0.0/40119] INFO  ha.SCMHANodeDetails (ConfUtils.java:setNodeSpecificConfigs(108)) - Setting configuration key ozone.scm.grpc.port with value of key ozone.scm.grpc.port.scm-service-test1.scmNode-3: 41813
2022-02-08 16:06:24,201 [Listener at 0.0.0.0/40119] INFO  ha.SCMHANodeDetails (ConfUtils.java:setNodeSpecificConfigs(108)) - Setting configuration key ozone.scm.http-address with value of key ozone.scm.http-address.scm-service-test1.scmNode-3: 127.0.0.1:38355
2022-02-08 16:06:24,201 [Listener at 0.0.0.0/40119] INFO  ha.SCMHANodeDetails (ConfUtils.java:setNodeSpecificConfigs(108)) - Setting configuration key ozone.scm.https-address with value of key ozone.scm.https-address.scm-service-test1.scmNode-3: 127.0.0.1:41545
2022-02-08 16:06:24,201 [Listener at 0.0.0.0/40119] INFO  ha.SCMHANodeDetails (ConfUtils.java:setNodeSpecificConfigs(108)) - Setting configuration key ozone.scm.address with value of key ozone.scm.address.scm-service-test1.scmNode-3: 127.0.0.1
2022-02-08 16:06:24,201 [Listener at 0.0.0.0/40119] WARN  scm.ScmUtils (ScmUtils.java:logWarn(179)) - ConfigKey ozone.scm.block.client.address is deprecated, For configuring different ports for each SCM use PortConfigKey ozone.scm.block.client.port appended with serviceId and nodeId. If want to configure same port configure ozone.scm.block.client.port
2022-02-08 16:06:24,201 [Listener at 0.0.0.0/40119] WARN  scm.ScmUtils (ScmUtils.java:logWarn(179)) - ConfigKey ozone.scm.client.address is deprecated, For configuring different ports for each SCM use PortConfigKey ozone.scm.client.port appended with serviceId and nodeId. If want to configure same port configure ozone.scm.client.port
2022-02-08 16:06:24,202 [Listener at 0.0.0.0/40119] WARN  scm.ScmUtils (ScmUtils.java:logWarn(179)) - ConfigKey ozone.scm.datanode.address is deprecated, For configuring different ports for each SCM use PortConfigKey ozone.scm.datanode.port appended with serviceId and nodeId. If want to configure same port configure ozone.scm.datanode.port
2022-02-08 16:06:24,202 [Listener at 0.0.0.0/40119] WARN  server.ServerUtils (ServerUtils.java:getScmDbDir(148)) - ozone.scm.db.dirs is not configured. We recommend adding this setting. Falling back to ozone.metadata.dirs instead.
2022-02-08 16:06:24,203 [Listener at 0.0.0.0/40119] INFO  ha.SCMNodeInfo (SCMNodeInfo.java:getPort(197)) - ConfigKey ozone.scm.client.address is deprecated, For configuring different ports for each SCM use PortConfigKey ozone.scm.client.port appended with serviceId and nodeId
2022-02-08 16:06:24,203 [Listener at 0.0.0.0/40119] INFO  ha.SCMNodeInfo (SCMNodeInfo.java:getPort(197)) - ConfigKey ozone.scm.block.client.address is deprecated, For configuring different ports for each SCM use PortConfigKey ozone.scm.block.client.port appended with serviceId and nodeId
2022-02-08 16:06:24,203 [Listener at 0.0.0.0/40119] INFO  ha.SCMNodeInfo (SCMNodeInfo.java:getPort(197)) - ConfigKey ozone.scm.datanode.address is deprecated, For configuring different ports for each SCM use PortConfigKey ozone.scm.datanode.port appended with serviceId and nodeId
2022-02-08 16:06:24,204 [Listener at 0.0.0.0/40119] INFO  ha.SCMNodeInfo (SCMNodeInfo.java:getPort(197)) - ConfigKey ozone.scm.client.address is deprecated, For configuring different ports for each SCM use PortConfigKey ozone.scm.client.port appended with serviceId and nodeId
2022-02-08 16:06:24,208 [Listener at 0.0.0.0/40119] INFO  ha.SCMNodeInfo (SCMNodeInfo.java:getPort(197)) - ConfigKey ozone.scm.block.client.address is deprecated, For configuring different ports for each SCM use PortConfigKey ozone.scm.block.client.port appended with serviceId and nodeId
2022-02-08 16:06:24,208 [Listener at 0.0.0.0/40119] INFO  ha.SCMNodeInfo (SCMNodeInfo.java:getPort(197)) - ConfigKey ozone.scm.datanode.address is deprecated, For configuring different ports for each SCM use PortConfigKey ozone.scm.datanode.port appended with serviceId and nodeId
2022-02-08 16:06:24,208 [Listener at 0.0.0.0/40119] INFO  ha.SCMNodeInfo (SCMNodeInfo.java:getPort(197)) - ConfigKey ozone.scm.client.address is deprecated, For configuring different ports for each SCM use PortConfigKey ozone.scm.client.port appended with serviceId and nodeId
2022-02-08 16:06:24,208 [Listener at 0.0.0.0/40119] INFO  ha.SCMNodeInfo (SCMNodeInfo.java:getPort(197)) - ConfigKey ozone.scm.block.client.address is deprecated, For configuring different ports for each SCM use PortConfigKey ozone.scm.block.client.port appended with serviceId and nodeId
2022-02-08 16:06:24,211 [Listener at 0.0.0.0/40119] INFO  ha.SCMNodeInfo (SCMNodeInfo.java:getPort(197)) - ConfigKey ozone.scm.datanode.address is deprecated, For configuring different ports for each SCM use PortConfigKey ozone.scm.datanode.port appended with serviceId and nodeId
2022-02-08 16:06:24,234 [Listener at 0.0.0.0/40119] INFO  server.StorageContainerManager (StorageContainerManager.java:scmBootstrap(987)) - SCM BootStrap  is successful for ClusterID a5c83128-e0a7-4ff9-8358-8aced9f265d2, SCMID 9952a163-e333-4619-8cfb-f928b6e512fa
2022-02-08 16:06:24,234 [Listener at 0.0.0.0/40119] INFO  server.StorageContainerManager (StorageContainerManager.java:scmBootstrap(989)) - Primary SCM Node ID 97fdbb42-98dd-4737-a292-80a7798b14c1
2022-02-08 16:06:24,234 [Listener at 0.0.0.0/40119] INFO  ha.SCMHANodeDetails (SCMHANodeDetails.java:loadSCMHAConfig(157)) - ServiceID for StorageContainerManager is scm-service-test1
2022-02-08 16:06:24,234 [Listener at 0.0.0.0/40119] INFO  ha.SCMHANodeDetails (SCMHANodeDetails.java:loadSCMHAConfig(168)) - ServiceID for StorageContainerManager is scm-service-test1
2022-02-08 16:06:24,234 [Listener at 0.0.0.0/40119] WARN  scm.ScmUtils (ScmUtils.java:logWarn(179)) - ConfigKey ozone.scm.block.client.address is deprecated, For configuring different ports for each SCM use PortConfigKey ozone.scm.block.client.port appended with serviceId and nodeId. If want to configure same port configure ozone.scm.block.client.port
2022-02-08 16:06:24,235 [Listener at 0.0.0.0/40119] WARN  scm.ScmUtils (ScmUtils.java:logWarn(179)) - ConfigKey ozone.scm.client.address is deprecated, For configuring different ports for each SCM use PortConfigKey ozone.scm.client.port appended with serviceId and nodeId. If want to configure same port configure ozone.scm.client.port
2022-02-08 16:06:24,235 [Listener at 0.0.0.0/40119] WARN  scm.ScmUtils (ScmUtils.java:logWarn(179)) - ConfigKey ozone.scm.datanode.address is deprecated, For configuring different ports for each SCM use PortConfigKey ozone.scm.datanode.port appended with serviceId and nodeId. If want to configure same port configure ozone.scm.datanode.port
2022-02-08 16:06:24,235 [Listener at 0.0.0.0/40119] WARN  scm.ScmUtils (ScmUtils.java:logWarn(179)) - ConfigKey ozone.scm.block.client.address is deprecated, For configuring different ports for each SCM use PortConfigKey ozone.scm.block.client.port appended with serviceId and nodeId. If want to configure same port configure ozone.scm.block.client.port
2022-02-08 16:06:24,235 [Listener at 0.0.0.0/40119] WARN  scm.ScmUtils (ScmUtils.java:logWarn(179)) - ConfigKey ozone.scm.client.address is deprecated, For configuring different ports for each SCM use PortConfigKey ozone.scm.client.port appended with serviceId and nodeId. If want to configure same port configure ozone.scm.client.port
2022-02-08 16:06:24,235 [Listener at 0.0.0.0/40119] WARN  scm.ScmUtils (ScmUtils.java:logWarn(179)) - ConfigKey ozone.scm.datanode.address is deprecated, For configuring different ports for each SCM use PortConfigKey ozone.scm.datanode.port appended with serviceId and nodeId. If want to configure same port configure ozone.scm.datanode.port
2022-02-08 16:06:24,235 [Listener at 0.0.0.0/40119] INFO  ha.SCMHANodeDetails (SCMHANodeDetails.java:loadSCMHAConfig(250)) - Found matching SCM address with SCMServiceId: scm-service-test1, SCMNodeId: scmNode-3, RPC Address: localhost:33237 and Ratis port: 33237
2022-02-08 16:06:24,236 [Listener at 0.0.0.0/40119] INFO  ha.SCMHANodeDetails (ConfUtils.java:setNodeSpecificConfigs(108)) - Setting configuration key ozone.scm.datanode.address with value of key ozone.scm.datanode.address.scm-service-test1.scmNode-3: 127.0.0.1:35925
2022-02-08 16:06:24,236 [Listener at 0.0.0.0/40119] INFO  ha.SCMHANodeDetails (ConfUtils.java:setNodeSpecificConfigs(108)) - Setting configuration key ozone.scm.block.client.address with value of key ozone.scm.block.client.address.scm-service-test1.scmNode-3: 127.0.0.1:35673
2022-02-08 16:06:24,236 [Listener at 0.0.0.0/40119] INFO  ha.SCMHANodeDetails (ConfUtils.java:setNodeSpecificConfigs(108)) - Setting configuration key ozone.scm.client.address with value of key ozone.scm.client.address.scm-service-test1.scmNode-3: 127.0.0.1:33239
2022-02-08 16:06:24,236 [Listener at 0.0.0.0/40119] INFO  ha.SCMHANodeDetails (ConfUtils.java:setNodeSpecificConfigs(108)) - Setting configuration key ozone.scm.ratis.port with value of key ozone.scm.ratis.port.scm-service-test1.scmNode-3: 33237
2022-02-08 16:06:24,236 [Listener at 0.0.0.0/40119] INFO  ha.SCMHANodeDetails (ConfUtils.java:setNodeSpecificConfigs(108)) - Setting configuration key ozone.scm.grpc.port with value of key ozone.scm.grpc.port.scm-service-test1.scmNode-3: 41813
2022-02-08 16:06:24,237 [Listener at 0.0.0.0/40119] INFO  ha.SCMHANodeDetails (ConfUtils.java:setNodeSpecificConfigs(108)) - Setting configuration key ozone.scm.http-address with value of key ozone.scm.http-address.scm-service-test1.scmNode-3: 127.0.0.1:38355
2022-02-08 16:06:24,238 [Listener at 0.0.0.0/40119] INFO  ha.SCMHANodeDetails (ConfUtils.java:setNodeSpecificConfigs(108)) - Setting configuration key ozone.scm.https-address with value of key ozone.scm.https-address.scm-service-test1.scmNode-3: 127.0.0.1:41545
2022-02-08 16:06:24,238 [Listener at 0.0.0.0/40119] INFO  ha.SCMHANodeDetails (ConfUtils.java:setNodeSpecificConfigs(108)) - Setting configuration key ozone.scm.address with value of key ozone.scm.address.scm-service-test1.scmNode-3: 127.0.0.1
2022-02-08 16:06:24,238 [Listener at 0.0.0.0/40119] WARN  scm.ScmUtils (ScmUtils.java:logWarn(179)) - ConfigKey ozone.scm.block.client.address is deprecated, For configuring different ports for each SCM use PortConfigKey ozone.scm.block.client.port appended with serviceId and nodeId. If want to configure same port configure ozone.scm.block.client.port
2022-02-08 16:06:24,238 [Listener at 0.0.0.0/40119] WARN  scm.ScmUtils (ScmUtils.java:logWarn(179)) - ConfigKey ozone.scm.client.address is deprecated, For configuring different ports for each SCM use PortConfigKey ozone.scm.client.port appended with serviceId and nodeId. If want to configure same port configure ozone.scm.client.port
2022-02-08 16:06:24,239 [Listener at 0.0.0.0/40119] WARN  scm.ScmUtils (ScmUtils.java:logWarn(179)) - ConfigKey ozone.scm.datanode.address is deprecated, For configuring different ports for each SCM use PortConfigKey ozone.scm.datanode.port appended with serviceId and nodeId. If want to configure same port configure ozone.scm.datanode.port
2022-02-08 16:06:24,239 [Listener at 0.0.0.0/40119] WARN  server.ServerUtils (ServerUtils.java:getScmDbDir(148)) - ozone.scm.db.dirs is not configured. We recommend adding this setting. Falling back to ozone.metadata.dirs instead.
2022-02-08 16:06:24,240 [Listener at 0.0.0.0/40119] INFO  upgrade.AbstractLayoutVersionManager (AbstractLayoutVersionManager.java:init(79)) - Initializing Layout version manager with metadata layout = SCM_HA (version = 2), software layout = SCM_HA (version = 2)
2022-02-08 16:06:24,321 [Listener at 0.0.0.0/40119] INFO  reflections.Reflections (Reflections.java:scan(232)) - Reflections took 79 ms to scan 7 urls, producing 119 keys and 279 values 
2022-02-08 16:06:24,324 [Listener at 0.0.0.0/40119] WARN  utils.HAUtils (HAUtils.java:getMetaDir(342)) - ozone.scm.db.dirs is not configured. We recommend adding this setting. Falling back to ozone.metadata.dirs instead.
2022-02-08 16:06:24,325 [Listener at 0.0.0.0/40119] WARN  db.DBStoreBuilder (DBStoreBuilder.java:applyDBDefinition(145)) - ozone.scm.db.dirs is not configured. We recommend adding this setting. Falling back to ozone.metadata.dirs instead.
2022-02-08 16:06:24,485 [Listener at 0.0.0.0/40119] INFO  net.NodeSchemaLoader (NodeSchemaLoader.java:loadSchemaFromFile(129)) - Loading schema from [jar:file:/home/runner/.m2/repository/org/apache/ozone/hdds-common/1.3.0-SNAPSHOT/hdds-common-1.3.0-SNAPSHOT.jar!/network-topology-default.xml]
2022-02-08 16:06:24,485 [Listener at 0.0.0.0/40119] INFO  net.NodeSchemaLoader (NodeSchemaLoader.java:loadSchema(176)) - Loading network topology layer schema file
2022-02-08 16:06:24,489 [Listener at 0.0.0.0/40119] WARN  impl.MetricRegistriesImpl (MetricRegistriesImpl.java:addReporterRegistration(111)) - New reporters are added after registries were created. Some metrics will be missing from the reporter. Please add reporter before adding any new registry.
2022-02-08 16:06:24,489 [Listener at 0.0.0.0/40119] WARN  impl.MetricRegistriesImpl (MetricRegistriesImpl.java:addReporterRegistration(111)) - New reporters are added after registries were created. Some metrics will be missing from the reporter. Please add reporter before adding any new registry.
2022-02-08 16:06:24,490 [Listener at 0.0.0.0/40119] INFO  ha.SCMRatisServerImpl (SCMRatisServerImpl.java:<init>(87)) - starting Raft server for scm:9952a163-e333-4619-8cfb-f928b6e512fa
2022-02-08 16:06:24,490 [Listener at 0.0.0.0/40119] INFO  server.RaftServer (ConfUtils.java:logGet(44)) - raft.rpc.type = GRPC (default)
2022-02-08 16:06:24,491 [Listener at 0.0.0.0/40119] INFO  grpc.GrpcFactory (GrpcFactory.java:checkPooledByteBufAllocatorUseCacheForAllThreads(48)) - PERFORMANCE WARNING: useCacheForAllThreads is true that may cause Netty to create a lot garbage objects and, as a result, trigger GC.
	It is recommended to disable useCacheForAllThreads by setting -Dorg.apache.ratis.thirdparty.io.netty.allocator.useCacheForAllThreads=false in command line.
2022-02-08 16:06:24,491 [Listener at 0.0.0.0/40119] INFO  grpc.GrpcConfigKeys (ConfUtils.java:logGet(44)) - raft.grpc.admin.port = -1 (default)
2022-02-08 16:06:24,491 [Listener at 0.0.0.0/40119] INFO  grpc.GrpcConfigKeys (ConfUtils.java:logGet(44)) - raft.grpc.server.port = 33237 (custom)
2022-02-08 16:06:24,491 [Listener at 0.0.0.0/40119] INFO  grpc.GrpcConfigKeys (ConfUtils.java:logGet(44)) - raft.grpc.client.port = -1 (default)
2022-02-08 16:06:24,491 [Listener at 0.0.0.0/40119] INFO  grpc.GrpcConfigKeys (ConfUtils.java:logGet(44)) - raft.grpc.server.port = 33237 (custom)
2022-02-08 16:06:24,491 [Listener at 0.0.0.0/40119] INFO  grpc.GrpcConfigKeys (ConfUtils.java:logGet(44)) - raft.grpc.server.port = 33237 (custom)
2022-02-08 16:06:24,491 [Listener at 0.0.0.0/40119] INFO  server.GrpcService (ConfUtils.java:logGet(44)) - raft.grpc.message.size.max = 32m (=33554432) (custom)
2022-02-08 16:06:24,491 [Listener at 0.0.0.0/40119] INFO  server.RaftServerConfigKeys (ConfUtils.java:logGet(44)) - raft.server.log.appender.buffer.byte-limit = 33554432 (custom)
2022-02-08 16:06:24,492 [Listener at 0.0.0.0/40119] INFO  server.GrpcService (ConfUtils.java:logGet(44)) - raft.grpc.flow.control.window = 1MB (=1048576) (default)
2022-02-08 16:06:24,492 [Listener at 0.0.0.0/40119] INFO  server.RaftServerConfigKeys (ConfUtils.java:logGet(44)) - raft.server.rpc.request.timeout = 30000ms (custom)
2022-02-08 16:06:24,493 [Listener at 0.0.0.0/40119] INFO  impl.DataStreamServerImpl (ConfUtils.java:logGet(44)) - raft.datastream.type = DISABLED (default)
2022-02-08 16:06:24,493 [Listener at 0.0.0.0/40119] INFO  server.RaftServerConfigKeys (ConfUtils.java:logGet(44)) - raft.server.rpc.slowness.timeout = 120000ms (custom)
2022-02-08 16:06:24,494 [Listener at 0.0.0.0/40119] INFO  server.RaftServerConfigKeys (ConfUtils.java:logGet(44)) - raft.server.leaderelection.leader.step-down.wait-time = 10s (default)
2022-02-08 16:06:24,494 [Listener at 0.0.0.0/40119] INFO  server.RaftServerConfigKeys (ConfUtils.java:logGet(44)) - raft.server.storage.dir = [/home/runner/work/ozone/ozone/hadoop-ozone/integration-test/target/test-dir/MiniOzoneClusterImpl-a5c83128-e0a7-4ff9-8358-8aced9f265d2/scmNode-3/scm-ha] (custom)
2022-02-08 16:06:24,495 [Listener at 0.0.0.0/40119] INFO  server.RaftServer (RaftServerProxy.java:addNew(95)) - 9952a163-e333-4619-8cfb-f928b6e512fa: addNew group-8ACED9F265D2:[] returns group-8ACED9F265D2:java.util.concurrent.CompletableFuture@2325b28f[Not completed]
2022-02-08 16:06:24,495 [pool-263-thread-1] INFO  server.RaftServer$Division (RaftServerImpl.java:<init>(184)) - 9952a163-e333-4619-8cfb-f928b6e512fa: new RaftServerImpl for group-8ACED9F265D2:[] with SCMStateMachine:uninitialized
2022-02-08 16:06:24,502 [pool-263-thread-1] INFO  server.RaftServerConfigKeys (ConfUtils.java:logGet(44)) - raft.server.rpc.timeout.min = 5000ms (custom)
2022-02-08 16:06:24,502 [pool-263-thread-1] INFO  server.RaftServerConfigKeys (ConfUtils.java:logGet(44)) - raft.server.rpc.timeout.max = 5200ms (custom)
2022-02-08 16:06:24,502 [pool-263-thread-1] INFO  server.RaftServerConfigKeys (ConfUtils.java:logGet(44)) - raft.server.rpc.sleep.time = 25ms (default)
2022-02-08 16:06:24,502 [pool-263-thread-1] INFO  server.RaftServerConfigKeys (ConfUtils.java:logGet(44)) - raft.server.rpc.slowness.timeout = 120000ms (custom)
2022-02-08 16:06:24,502 [pool-263-thread-1] INFO  server.RaftServerConfigKeys (ConfUtils.java:logGet(44)) - raft.server.leaderelection.leader.step-down.wait-time = 10s (default)
2022-02-08 16:06:24,502 [pool-263-thread-1] INFO  server.RaftServerConfigKeys (ConfUtils.java:logGet(44)) - raft.server.sleep.deviation.threshold = 300ms (default)
2022-02-08 16:06:24,502 [pool-263-thread-1] INFO  server.RaftServerConfigKeys (ConfUtils.java:logGet(44)) - raft.server.log.appender.install.snapshot.enabled = false (custom)
2022-02-08 16:06:24,502 [pool-263-thread-1] INFO  server.RaftServer$Division (ServerState.java:<init>(105)) - 9952a163-e333-4619-8cfb-f928b6e512fa@group-8ACED9F265D2: ConfigurationManager, init=-1: [], old=null, confs=<EMPTY_MAP>
2022-02-08 16:06:24,502 [pool-263-thread-1] INFO  server.RaftServerConfigKeys (ConfUtils.java:logGet(44)) - raft.server.storage.dir = [/home/runner/work/ozone/ozone/hadoop-ozone/integration-test/target/test-dir/MiniOzoneClusterImpl-a5c83128-e0a7-4ff9-8358-8aced9f265d2/scmNode-3/scm-ha] (custom)
2022-02-08 16:06:24,502 [pool-263-thread-1] INFO  server.RaftServerConfigKeys (ConfUtils.java:logGet(44)) - raft.server.log.corruption.policy = EXCEPTION (default)
2022-02-08 16:06:24,502 [pool-263-thread-1] INFO  server.RaftServerConfigKeys (ConfUtils.java:logGet(44)) - raft.server.storage.free-space.min = 0MB (=0) (default)
2022-02-08 16:06:24,502 [pool-263-thread-1] INFO  storage.RaftStorageDirectory (RaftStorageDirectoryImpl.java:analyzeStorage(135)) - The storage directory /home/runner/work/ozone/ozone/hadoop-ozone/integration-test/target/test-dir/MiniOzoneClusterImpl-a5c83128-e0a7-4ff9-8358-8aced9f265d2/scmNode-3/scm-ha/a5c83128-e0a7-4ff9-8358-8aced9f265d2 does not exist. Creating ...
2022-02-08 16:06:24,504 [pool-263-thread-1] INFO  storage.RaftStorageDirectory (RaftStorageDirectoryImpl.java:tryLock(230)) - Lock on /home/runner/work/ozone/ozone/hadoop-ozone/integration-test/target/test-dir/MiniOzoneClusterImpl-a5c83128-e0a7-4ff9-8358-8aced9f265d2/scmNode-3/scm-ha/a5c83128-e0a7-4ff9-8358-8aced9f265d2/in_use.lock acquired by nodename 14435@fv-az131-167
2022-02-08 16:06:24,505 [pool-263-thread-1] INFO  storage.RaftStorage (RaftStorageImpl.java:format(89)) - Storage directory /home/runner/work/ozone/ozone/hadoop-ozone/integration-test/target/test-dir/MiniOzoneClusterImpl-a5c83128-e0a7-4ff9-8358-8aced9f265d2/scmNode-3/scm-ha/a5c83128-e0a7-4ff9-8358-8aced9f265d2 has been successfully formatted.
2022-02-08 16:06:24,506 [pool-263-thread-1] INFO  server.RaftServerConfigKeys (ConfUtils.java:logGet(44)) - raft.server.notification.no-leader.timeout = 60s (default)
2022-02-08 16:06:24,506 [pool-263-thread-1] INFO  server.RaftServerConfigKeys (ConfUtils.java:logGet(44)) - raft.server.log.use.memory = false (default)
2022-02-08 16:06:24,506 [pool-263-thread-1] INFO  server.RaftServerConfigKeys (ConfUtils.java:logGet(44)) - raft.server.log.purge.gap = 5 (custom)
2022-02-08 16:06:24,506 [pool-263-thread-1] INFO  server.RaftServerConfigKeys (ConfUtils.java:logGet(44)) - raft.server.log.appender.buffer.byte-limit = 33554432 (custom)
2022-02-08 16:06:24,506 [pool-263-thread-1] INFO  server.RaftServerConfigKeys (ConfUtils.java:logGet(44)) - raft.server.log.segment.size.max = 4194304 (custom)
2022-02-08 16:06:24,506 [pool-263-thread-1] INFO  server.RaftServerConfigKeys (ConfUtils.java:logGet(44)) - raft.server.log.segment.cache.num.max = 2 (custom)
2022-02-08 16:06:24,506 [pool-263-thread-1] INFO  server.RaftServerConfigKeys (ConfUtils.java:logGet(44)) - raft.server.log.segment.cache.size.max = 200MB (=209715200) (default)
2022-02-08 16:06:24,506 [pool-263-thread-1] INFO  segmented.SegmentedRaftLogWorker (SegmentedRaftLogWorker.java:<init>(182)) - new 9952a163-e333-4619-8cfb-f928b6e512fa@group-8ACED9F265D2-SegmentedRaftLogWorker for RaftStorageImpl:Storage Directory /home/runner/work/ozone/ozone/hadoop-ozone/integration-test/target/test-dir/MiniOzoneClusterImpl-a5c83128-e0a7-4ff9-8358-8aced9f265d2/scmNode-3/scm-ha/a5c83128-e0a7-4ff9-8358-8aced9f265d2
2022-02-08 16:06:24,506 [pool-263-thread-1] INFO  server.RaftServerConfigKeys (ConfUtils.java:logGet(44)) - raft.server.log.queue.byte-limit = 64MB (=67108864) (default)
2022-02-08 16:06:24,506 [pool-263-thread-1] INFO  server.RaftServerConfigKeys (ConfUtils.java:logGet(44)) - raft.server.log.queue.element-limit = 4096 (default)
2022-02-08 16:06:24,506 [pool-263-thread-1] INFO  server.RaftServerConfigKeys (ConfUtils.java:logGet(44)) - raft.server.log.segment.size.max = 4194304 (custom)
2022-02-08 16:06:24,507 [pool-263-thread-1] INFO  server.RaftServerConfigKeys (ConfUtils.java:logGet(44)) - raft.server.log.preallocated.size = 4194304 (custom)
2022-02-08 16:06:24,507 [pool-263-thread-1] INFO  server.RaftServerConfigKeys (ConfUtils.java:logGet(44)) - raft.server.log.force.sync.num = 128 (default)
2022-02-08 16:06:24,507 [pool-263-thread-1] INFO  server.RaftServerConfigKeys (ConfUtils.java:logGet(44)) - raft.server.log.statemachine.data.sync = true (default)
2022-02-08 16:06:24,507 [pool-263-thread-1] INFO  server.RaftServerConfigKeys (ConfUtils.java:logGet(44)) - raft.server.log.statemachine.data.sync.timeout = 10s (default)
2022-02-08 16:06:24,507 [pool-263-thread-1] INFO  server.RaftServerConfigKeys (ConfUtils.java:logGet(44)) - raft.server.log.statemachine.data.sync.timeout.retry = -1 (default)
2022-02-08 16:06:24,507 [pool-263-thread-1] INFO  server.RaftServerConfigKeys (ConfUtils.java:logGet(44)) - raft.server.log.write.buffer.size = 64KB (=65536) (default)
2022-02-08 16:06:24,507 [pool-263-thread-1] INFO  server.RaftServerConfigKeys (ConfUtils.java:logGet(44)) - raft.server.log.statemachine.data.caching.enabled = false (default)
2022-02-08 16:06:24,508 [pool-263-thread-1] INFO  segmented.SegmentedRaftLogWorker (SegmentedRaftLogWorker.java:lambda$new$0(133)) - 9952a163-e333-4619-8cfb-f928b6e512fa@group-8ACED9F265D2-SegmentedRaftLogWorker: flushIndex: setUnconditionally 0 -> -1
2022-02-08 16:06:24,508 [pool-263-thread-1] INFO  segmented.SegmentedRaftLogWorker (SegmentedRaftLogWorker.java:lambda$new$0(133)) - 9952a163-e333-4619-8cfb-f928b6e512fa@group-8ACED9F265D2-SegmentedRaftLogWorker: safeCacheEvictIndex: setUnconditionally 0 -> -1
2022-02-08 16:06:24,516 [pool-263-thread-1] INFO  server.RaftServerConfigKeys (ConfUtils.java:logGet(44)) - raft.server.snapshot.auto.trigger.enabled = true (custom)
2022-02-08 16:06:24,516 [pool-263-thread-1] INFO  server.RaftServerConfigKeys (ConfUtils.java:logGet(44)) - raft.server.snapshot.auto.trigger.threshold = 5 (custom)
2022-02-08 16:06:24,516 [pool-263-thread-1] INFO  server.RaftServerConfigKeys (ConfUtils.java:logGet(44)) - raft.server.snapshot.retention.file.num = -1 (default)
2022-02-08 16:06:24,516 [pool-263-thread-1] INFO  server.RaftServerConfigKeys (ConfUtils.java:logGet(44)) - raft.server.log.purge.upto.snapshot.index = true (custom)
2022-02-08 16:06:24,516 [pool-263-thread-1] INFO  server.RaftServerConfigKeys (ConfUtils.java:logGet(44)) - raft.server.retrycache.expirytime = 60000ms (default)
2022-02-08 16:06:24,516 [pool-263-thread-1] INFO  server.RaftServerConfigKeys (ConfUtils.java:logGet(44)) - raft.server.retrycache.statistics.expirytime = 100μs (default)
2022-02-08 16:06:24,517 [Listener at 0.0.0.0/40119] INFO  ha.SCMSnapshotProvider (SCMSnapshotProvider.java:<init>(66)) - Initializing SCM Snapshot Provider
2022-02-08 16:06:24,517 [Listener at 0.0.0.0/40119] WARN  server.ServerUtils (ServerUtils.java:getDefaultRatisDirectory(237)) - Storage directory for Ratis is not configured. It is a good idea to map this to an SSD disk. Falling back to ozone.metadata.dirs
2022-02-08 16:06:24,518 [Listener at 0.0.0.0/40119] WARN  ha.SCMHAUtils (SCMHAUtils.java:getSCMRatisSnapshotDirectory(146)) - SCM snapshot dir is not configured. Falling back to ozone.metadata.dirs config
2022-02-08 16:06:24,519 [Listener at 0.0.0.0/40119] INFO  ha.SequenceIdGenerator (SequenceIdGenerator.java:upgradeToSequenceId(347)) - upgrade localId to 109611004723200000
2022-02-08 16:06:24,519 [Listener at 0.0.0.0/40119] INFO  ha.SequenceIdGenerator (SequenceIdGenerator.java:upgradeToSequenceId(357)) - upgrade delTxnId to 0
2022-02-08 16:06:24,519 [Listener at 0.0.0.0/40119] INFO  ha.SequenceIdGenerator (SequenceIdGenerator.java:upgradeToSequenceId(371)) - upgrade containerId to 0
2022-02-08 16:06:24,519 [Listener at 0.0.0.0/40119] INFO  ha.SequenceIdGenerator (SequenceIdGenerator.java:<init>(218)) - Init the HA SequenceIdGenerator.
2022-02-08 16:06:24,520 [Listener at 0.0.0.0/40119] WARN  server.ServerUtils (ServerUtils.java:sanitizeUserArgs(73)) - ozone.scm.stale.node.interval value = 300000 is larger than max = 100000 based on the key value of ozone.scm.heartbeat.thread.interval, reset to the max value 100000.
2022-02-08 16:06:24,520 [Listener at 0.0.0.0/40119] WARN  server.ServerUtils (ServerUtils.java:sanitizeUserArgs(73)) - ozone.scm.stale.node.interval value = 300000 is larger than max = 100000 based on the key value of ozone.scm.heartbeat.thread.interval, reset to the max value 100000.
2022-02-08 16:06:24,532 [Listener at 0.0.0.0/40119] INFO  node.SCMNodeManager (SCMNodeManager.java:<init>(144)) - Entering startup safe mode.
2022-02-08 16:06:24,533 [Listener at 0.0.0.0/40119] INFO  algorithms.ContainerPlacementPolicyFactory (ContainerPlacementPolicyFactory.java:getPolicy(60)) - Create container placement policy of type org.apache.hadoop.hdds.scm.container.placement.algorithms.SCMContainerPlacementRandom
2022-02-08 16:06:24,533 [Listener at 0.0.0.0/40119] INFO  pipeline.PipelineStateManagerImpl (PipelineStateManagerImpl.java:initialize(78)) - No pipeline exists in current db
2022-02-08 16:06:24,533 [Listener at 0.0.0.0/40119] INFO  algorithms.LeaderChoosePolicyFactory (LeaderChoosePolicyFactory.java:getPolicy(57)) - Create leader choose policy of type org.apache.hadoop.hdds.scm.pipeline.leader.choose.algorithms.MinLeaderCountChoosePolicy
2022-02-08 16:06:24,534 [Listener at 0.0.0.0/40119] INFO  ha.SCMServiceManager (SCMServiceManager.java:register(43)) - Registering service BackgroundPipelineCreator.
2022-02-08 16:06:24,534 [Listener at 0.0.0.0/40119] INFO  pipeline.BackgroundPipelineCreator (BackgroundPipelineCreator.java:start(130)) - Starting RatisPipelineUtilsThread.
2022-02-08 16:06:24,543 [Listener at 0.0.0.0/40119] INFO  algorithms.PipelineChoosePolicyFactory (PipelineChoosePolicyFactory.java:createPipelineChoosePolicyFromClass(73)) - Create pipeline choose policy of type org.apache.hadoop.hdds.scm.pipeline.choose.algorithms.RandomPipelineChoosePolicy
2022-02-08 16:06:24,543 [Listener at 0.0.0.0/40119] INFO  ha.SCMServiceManager (SCMServiceManager.java:register(43)) - Registering service SCMBlockDeletingService.
2022-02-08 16:06:24,543 [Listener at 0.0.0.0/40119] INFO  ha.SCMServiceManager (SCMServiceManager.java:register(43)) - Registering service ReplicationManager.
2022-02-08 16:06:24,544 [Listener at 0.0.0.0/40119] INFO  container.ReplicationManager (ReplicationManager.java:start(326)) - Starting Replication Monitor Thread.
2022-02-08 16:06:24,552 [Listener at 0.0.0.0/40119] INFO  safemode.ContainerSafeModeRule (ContainerSafeModeRule.java:<init>(89)) - containers with one replica threshold count 0
2022-02-08 16:06:24,552 [Listener at 0.0.0.0/40119] INFO  safemode.HealthyPipelineSafeModeRule (HealthyPipelineSafeModeRule.java:initializeRule(156)) - Total pipeline count is 0, healthy pipeline threshold count is 1
2022-02-08 16:06:24,553 [Listener at 0.0.0.0/40119] INFO  safemode.OneReplicaPipelineSafeModeRule (OneReplicaPipelineSafeModeRule.java:initializeRule(180)) - Total pipeline count is 0, pipeline's with at least one datanode reported threshold count is 0
2022-02-08 16:06:24,560 [Listener at 0.0.0.0/40119] INFO  ipc.CallQueueManager (CallQueueManager.java:<init>(90)) - Using callQueue: class java.util.concurrent.LinkedBlockingQueue, queueCapacity: 2000, scheduler: class org.apache.hadoop.ipc.DefaultRpcScheduler, ipcBackoff: false.
2022-02-08 16:06:24,563 [Socket Reader #1 for port 35925] INFO  ipc.Server (Server.java:run(1265)) - Starting Socket Reader #1 for port 35925
2022-02-08 16:06:24,570 [Listener at 0.0.0.0/35925] INFO  ipc.CallQueueManager (CallQueueManager.java:<init>(90)) - Using callQueue: class java.util.concurrent.LinkedBlockingQueue, queueCapacity: 2000, scheduler: class org.apache.hadoop.ipc.DefaultRpcScheduler, ipcBackoff: false.
2022-02-08 16:06:24,576 [Socket Reader #1 for port 35673] INFO  ipc.Server (Server.java:run(1265)) - Starting Socket Reader #1 for port 35673
2022-02-08 16:06:24,583 [Listener at 0.0.0.0/35673] INFO  ipc.CallQueueManager (CallQueueManager.java:<init>(90)) - Using callQueue: class java.util.concurrent.LinkedBlockingQueue, queueCapacity: 2000, scheduler: class org.apache.hadoop.ipc.DefaultRpcScheduler, ipcBackoff: false.
2022-02-08 16:06:24,598 [ReplicationMonitor] INFO  container.ReplicationManager (ReplicationManager.java:processAll(374)) - Replication Manager is not ready to run until 3000ms after safemode exit
2022-02-08 16:06:24,599 [Socket Reader #1 for port 33239] INFO  ipc.Server (Server.java:run(1265)) - Starting Socket Reader #1 for port 33239
2022-02-08 16:06:24,664 [Listener at 0.0.0.0/33239] INFO  algorithms.ContainerPlacementPolicyFactory (ContainerPlacementPolicyFactory.java:getPolicy(60)) - Create container placement policy of type org.apache.hadoop.hdds.scm.container.placement.algorithms.SCMContainerPlacementRandom
2022-02-08 16:06:24,666 [Listener at 0.0.0.0/33239] INFO  server.StorageContainerManager (StorageContainerManager.java:<init>(388)) - 
Container Balancer status:
Key                            Value
Running                        false
Container Balancer Configuration values:
Key                                                Value
Threshold                                          10
Max Datanodes to Involve per Iteration(percent)    20
Max Size to Move per Iteration                     500GB
Max Size Entering Target per Iteration             26GB
Max Size Leaving Source per Iteration              26GB

2022-02-08 16:06:24,666 [Listener at 0.0.0.0/33239] WARN  events.EventQueue (EventQueue.java:fireEvent(194)) - No event handler registered for event TypedEvent{payloadType=SafeModeStatus, name='Safe mode status'}
2022-02-08 16:06:24,667 [Listener at 0.0.0.0/33239] INFO  ha.SCMContext (SCMContext.java:updateSafeModeStatus(211)) - Update SafeModeStatus from SafeModeStatus{safeModeStatus=true, preCheckPassed=false} to SafeModeStatus{safeModeStatus=true, preCheckPassed=false}.
2022-02-08 16:06:24,667 [Listener at 0.0.0.0/33239] INFO  ozone.MiniOzoneHAClusterImpl (MiniOzoneHAClusterImpl.java:createSCMService(604)) - Intialized SCM at /0.0.0.0:33239. This SCM is currently inactive (not running).
2022-02-08 16:06:24,668 [Listener at 0.0.0.0/33239] INFO  ha.OMHANodeDetails (OMHANodeDetails.java:loadOMHAConfig(118)) - ServiceID for OzoneManager is om-service-test1
2022-02-08 16:06:24,668 [Listener at 0.0.0.0/33239] INFO  ha.OMHANodeDetails (OMHANodeDetails.java:loadOMHAConfig(193)) - Found matching OM address with OMServiceId: om-service-test1, OMNodeId: omNode-1, RPC Address: localhost:39187 and Ratis port: 33555
2022-02-08 16:06:24,668 [Listener at 0.0.0.0/33239] INFO  ha.OMHANodeDetails (ConfUtils.java:setNodeSpecificConfigs(108)) - Setting configuration key ozone.om.http-address with value of key ozone.om.http-address.om-service-test1.omNode-1: 127.0.0.1:45019
2022-02-08 16:06:24,668 [Listener at 0.0.0.0/33239] INFO  ha.OMHANodeDetails (ConfUtils.java:setNodeSpecificConfigs(108)) - Setting configuration key ozone.om.https-address with value of key ozone.om.https-address.om-service-test1.omNode-1: 127.0.0.1:43833
2022-02-08 16:06:24,669 [Listener at 0.0.0.0/33239] INFO  ha.OMHANodeDetails (ConfUtils.java:setNodeSpecificConfigs(108)) - Setting configuration key ozone.om.address with value of key ozone.om.address.om-service-test1.omNode-1: 127.0.0.1:39187
2022-02-08 16:06:24,669 [Listener at 0.0.0.0/33239] WARN  server.ServerUtils (ServerUtils.java:getDBPath(225)) - ozone.om.db.dirs is not configured. We recommend adding this setting. Falling back to ozone.metadata.dirs instead.
2022-02-08 16:06:24,671 [Listener at 0.0.0.0/33239] INFO  ha.SCMNodeInfo (SCMNodeInfo.java:getPort(197)) - ConfigKey ozone.scm.client.address is deprecated, For configuring different ports for each SCM use PortConfigKey ozone.scm.client.port appended with serviceId and nodeId
2022-02-08 16:06:24,671 [Listener at 0.0.0.0/33239] INFO  ha.SCMNodeInfo (SCMNodeInfo.java:getPort(197)) - ConfigKey ozone.scm.block.client.address is deprecated, For configuring different ports for each SCM use PortConfigKey ozone.scm.block.client.port appended with serviceId and nodeId
2022-02-08 16:06:24,671 [Listener at 0.0.0.0/33239] INFO  ha.SCMNodeInfo (SCMNodeInfo.java:getPort(197)) - ConfigKey ozone.scm.datanode.address is deprecated, For configuring different ports for each SCM use PortConfigKey ozone.scm.datanode.port appended with serviceId and nodeId
2022-02-08 16:06:24,672 [Listener at 0.0.0.0/33239] INFO  ha.SCMNodeInfo (SCMNodeInfo.java:getPort(197)) - ConfigKey ozone.scm.client.address is deprecated, For configuring different ports for each SCM use PortConfigKey ozone.scm.client.port appended with serviceId and nodeId
2022-02-08 16:06:24,672 [Listener at 0.0.0.0/33239] INFO  ha.SCMNodeInfo (SCMNodeInfo.java:getPort(197)) - ConfigKey ozone.scm.block.client.address is deprecated, For configuring different ports for each SCM use PortConfigKey ozone.scm.block.client.port appended with serviceId and nodeId
2022-02-08 16:06:24,672 [Listener at 0.0.0.0/33239] INFO  ha.SCMNodeInfo (SCMNodeInfo.java:getPort(197)) - ConfigKey ozone.scm.datanode.address is deprecated, For configuring different ports for each SCM use PortConfigKey ozone.scm.datanode.port appended with serviceId and nodeId
2022-02-08 16:06:24,672 [Listener at 0.0.0.0/33239] INFO  ha.SCMNodeInfo (SCMNodeInfo.java:getPort(197)) - ConfigKey ozone.scm.client.address is deprecated, For configuring different ports for each SCM use PortConfigKey ozone.scm.client.port appended with serviceId and nodeId
2022-02-08 16:06:24,672 [Listener at 0.0.0.0/33239] INFO  ha.SCMNodeInfo (SCMNodeInfo.java:getPort(197)) - ConfigKey ozone.scm.block.client.address is deprecated, For configuring different ports for each SCM use PortConfigKey ozone.scm.block.client.port appended with serviceId and nodeId
2022-02-08 16:06:24,673 [Listener at 0.0.0.0/33239] INFO  ha.SCMNodeInfo (SCMNodeInfo.java:getPort(197)) - ConfigKey ozone.scm.datanode.address is deprecated, For configuring different ports for each SCM use PortConfigKey ozone.scm.datanode.port appended with serviceId and nodeId
OM initialization succeeded.Current cluster id for sd=/home/runner/work/ozone/ozone/hadoop-ozone/integration-test/target/test-dir/MiniOzoneClusterImpl-a5c83128-e0a7-4ff9-8358-8aced9f265d2/omNode-1/om;cid=a5c83128-e0a7-4ff9-8358-8aced9f265d2;layoutVersion=0
2022-02-08 16:06:24,697 [Listener at 0.0.0.0/33239] INFO  ha.OMHANodeDetails (OMHANodeDetails.java:loadOMHAConfig(118)) - ServiceID for OzoneManager is om-service-test1
2022-02-08 16:06:24,698 [Listener at 0.0.0.0/33239] INFO  ha.OMHANodeDetails (OMHANodeDetails.java:loadOMHAConfig(193)) - Found matching OM address with OMServiceId: om-service-test1, OMNodeId: omNode-1, RPC Address: localhost:39187 and Ratis port: 33555
2022-02-08 16:06:24,698 [Listener at 0.0.0.0/33239] INFO  ha.OMHANodeDetails (ConfUtils.java:setNodeSpecificConfigs(108)) - Setting configuration key ozone.om.http-address with value of key ozone.om.http-address.om-service-test1.omNode-1: 127.0.0.1:45019
2022-02-08 16:06:24,698 [Listener at 0.0.0.0/33239] INFO  ha.OMHANodeDetails (ConfUtils.java:setNodeSpecificConfigs(108)) - Setting configuration key ozone.om.https-address with value of key ozone.om.https-address.om-service-test1.omNode-1: 127.0.0.1:43833
2022-02-08 16:06:24,698 [Listener at 0.0.0.0/33239] INFO  ha.OMHANodeDetails (ConfUtils.java:setNodeSpecificConfigs(108)) - Setting configuration key ozone.om.address with value of key ozone.om.address.om-service-test1.omNode-1: 127.0.0.1:39187
2022-02-08 16:06:24,698 [Listener at 0.0.0.0/33239] WARN  server.ServerUtils (ServerUtils.java:getDBPath(225)) - ozone.om.db.dirs is not configured. We recommend adding this setting. Falling back to ozone.metadata.dirs instead.
2022-02-08 16:06:24,698 [Listener at 0.0.0.0/33239] INFO  upgrade.AbstractLayoutVersionManager (AbstractLayoutVersionManager.java:init(79)) - Initializing Layout version manager with metadata layout = INITIAL_VERSION (version = 0), software layout = INITIAL_VERSION (version = 0)
2022-02-08 16:06:24,774 [Listener at 0.0.0.0/33239] INFO  reflections.Reflections (Reflections.java:scan(232)) - Reflections took 75 ms to scan 2 urls, producing 133 keys and 348 values [using 2 cores]
2022-02-08 16:06:24,775 [Listener at 0.0.0.0/33239] INFO  upgrade.OMLayoutVersionManager (OMLayoutVersionManager.java:lambda$0(115)) - Skipping Upgrade Action MockOmUpgradeAction since it has been finalized.
2022-02-08 16:06:24,775 [Listener at 0.0.0.0/33239] WARN  server.ServerUtils (ServerUtils.java:getDBPath(225)) - ozone.om.db.dirs is not configured. We recommend adding this setting. Falling back to ozone.metadata.dirs instead.
2022-02-08 16:06:24,775 [Listener at 0.0.0.0/33239] INFO  ha.SCMNodeInfo (SCMNodeInfo.java:getPort(197)) - ConfigKey ozone.scm.client.address is deprecated, For configuring different ports for each SCM use PortConfigKey ozone.scm.client.port appended with serviceId and nodeId
2022-02-08 16:06:24,775 [Listener at 0.0.0.0/33239] INFO  ha.SCMNodeInfo (SCMNodeInfo.java:getPort(197)) - ConfigKey ozone.scm.block.client.address is deprecated, For configuring different ports for each SCM use PortConfigKey ozone.scm.block.client.port appended with serviceId and nodeId
2022-02-08 16:06:24,775 [Listener at 0.0.0.0/33239] INFO  ha.SCMNodeInfo (SCMNodeInfo.java:getPort(197)) - ConfigKey ozone.scm.datanode.address is deprecated, For configuring different ports for each SCM use PortConfigKey ozone.scm.datanode.port appended with serviceId and nodeId
2022-02-08 16:06:24,775 [Listener at 0.0.0.0/33239] INFO  ha.SCMNodeInfo (SCMNodeInfo.java:getPort(197)) - ConfigKey ozone.scm.client.address is deprecated, For configuring different ports for each SCM use PortConfigKey ozone.scm.client.port appended with serviceId and nodeId
2022-02-08 16:06:24,776 [Listener at 0.0.0.0/33239] INFO  ha.SCMNodeInfo (SCMNodeInfo.java:getPort(197)) - ConfigKey ozone.scm.block.client.address is deprecated, For configuring different ports for each SCM use PortConfigKey ozone.scm.block.client.port appended with serviceId and nodeId
2022-02-08 16:06:24,776 [Listener at 0.0.0.0/33239] INFO  ha.SCMNodeInfo (SCMNodeInfo.java:getPort(197)) - ConfigKey ozone.scm.datanode.address is deprecated, For configuring different ports for each SCM use PortConfigKey ozone.scm.datanode.port appended with serviceId and nodeId
2022-02-08 16:06:24,776 [Listener at 0.0.0.0/33239] INFO  ha.SCMNodeInfo (SCMNodeInfo.java:getPort(197)) - ConfigKey ozone.scm.client.address is deprecated, For configuring different ports for each SCM use PortConfigKey ozone.scm.client.port appended with serviceId and nodeId
2022-02-08 16:06:24,776 [Listener at 0.0.0.0/33239] INFO  ha.SCMNodeInfo (SCMNodeInfo.java:getPort(197)) - ConfigKey ozone.scm.block.client.address is deprecated, For configuring different ports for each SCM use PortConfigKey ozone.scm.block.client.port appended with serviceId and nodeId
2022-02-08 16:06:24,776 [Listener at 0.0.0.0/33239] INFO  ha.SCMNodeInfo (SCMNodeInfo.java:getPort(197)) - ConfigKey ozone.scm.datanode.address is deprecated, For configuring different ports for each SCM use PortConfigKey ozone.scm.datanode.port appended with serviceId and nodeId
2022-02-08 16:06:24,776 [Listener at 0.0.0.0/33239] INFO  ha.SCMNodeInfo (SCMNodeInfo.java:getPort(197)) - ConfigKey ozone.scm.client.address is deprecated, For configuring different ports for each SCM use PortConfigKey ozone.scm.client.port appended with serviceId and nodeId
2022-02-08 16:06:24,776 [Listener at 0.0.0.0/33239] INFO  ha.SCMNodeInfo (SCMNodeInfo.java:getPort(197)) - ConfigKey ozone.scm.block.client.address is deprecated, For configuring different ports for each SCM use PortConfigKey ozone.scm.block.client.port appended with serviceId and nodeId
2022-02-08 16:06:24,777 [Listener at 0.0.0.0/33239] INFO  ha.SCMNodeInfo (SCMNodeInfo.java:getPort(197)) - ConfigKey ozone.scm.datanode.address is deprecated, For configuring different ports for each SCM use PortConfigKey ozone.scm.datanode.port appended with serviceId and nodeId
2022-02-08 16:06:24,777 [Listener at 0.0.0.0/33239] INFO  ha.SCMNodeInfo (SCMNodeInfo.java:getPort(197)) - ConfigKey ozone.scm.client.address is deprecated, For configuring different ports for each SCM use PortConfigKey ozone.scm.client.port appended with serviceId and nodeId
2022-02-08 16:06:24,777 [Listener at 0.0.0.0/33239] INFO  ha.SCMNodeInfo (SCMNodeInfo.java:getPort(197)) - ConfigKey ozone.scm.block.client.address is deprecated, For configuring different ports for each SCM use PortConfigKey ozone.scm.block.client.port appended with serviceId and nodeId
2022-02-08 16:06:24,777 [Listener at 0.0.0.0/33239] INFO  ha.SCMNodeInfo (SCMNodeInfo.java:getPort(197)) - ConfigKey ozone.scm.datanode.address is deprecated, For configuring different ports for each SCM use PortConfigKey ozone.scm.datanode.port appended with serviceId and nodeId
2022-02-08 16:06:24,777 [Listener at 0.0.0.0/33239] INFO  ha.SCMNodeInfo (SCMNodeInfo.java:getPort(197)) - ConfigKey ozone.scm.client.address is deprecated, For configuring different ports for each SCM use PortConfigKey ozone.scm.client.port appended with serviceId and nodeId
2022-02-08 16:06:24,777 [Listener at 0.0.0.0/33239] INFO  ha.SCMNodeInfo (SCMNodeInfo.java:getPort(197)) - ConfigKey ozone.scm.block.client.address is deprecated, For configuring different ports for each SCM use PortConfigKey ozone.scm.block.client.port appended with serviceId and nodeId
2022-02-08 16:06:24,777 [Listener at 0.0.0.0/33239] INFO  ha.SCMNodeInfo (SCMNodeInfo.java:getPort(197)) - ConfigKey ozone.scm.datanode.address is deprecated, For configuring different ports for each SCM use PortConfigKey ozone.scm.datanode.port appended with serviceId and nodeId
2022-02-08 16:06:24,778 [Listener at 0.0.0.0/33239] INFO  ha.SCMNodeInfo (SCMNodeInfo.java:getPort(197)) - ConfigKey ozone.scm.client.address is deprecated, For configuring different ports for each SCM use PortConfigKey ozone.scm.client.port appended with serviceId and nodeId
2022-02-08 16:06:24,778 [Listener at 0.0.0.0/33239] INFO  ha.SCMNodeInfo (SCMNodeInfo.java:getPort(197)) - ConfigKey ozone.scm.block.client.address is deprecated, For configuring different ports for each SCM use PortConfigKey ozone.scm.block.client.port appended with serviceId and nodeId
2022-02-08 16:06:24,782 [Listener at 0.0.0.0/33239] INFO  ha.SCMNodeInfo (SCMNodeInfo.java:getPort(197)) - ConfigKey ozone.scm.datanode.address is deprecated, For configuring different ports for each SCM use PortConfigKey ozone.scm.datanode.port appended with serviceId and nodeId
2022-02-08 16:06:24,783 [Listener at 0.0.0.0/33239] INFO  ha.SCMNodeInfo (SCMNodeInfo.java:getPort(197)) - ConfigKey ozone.scm.client.address is deprecated, For configuring different ports for each SCM use PortConfigKey ozone.scm.client.port appended with serviceId and nodeId
2022-02-08 16:06:24,783 [Listener at 0.0.0.0/33239] INFO  ha.SCMNodeInfo (SCMNodeInfo.java:getPort(197)) - ConfigKey ozone.scm.block.client.address is deprecated, For configuring different ports for each SCM use PortConfigKey ozone.scm.block.client.port appended with serviceId and nodeId
2022-02-08 16:06:24,783 [Listener at 0.0.0.0/33239] INFO  ha.SCMNodeInfo (SCMNodeInfo.java:getPort(197)) - ConfigKey ozone.scm.datanode.address is deprecated, For configuring different ports for each SCM use PortConfigKey ozone.scm.datanode.port appended with serviceId and nodeId
2022-02-08 16:06:24,783 [Listener at 0.0.0.0/33239] INFO  ha.SCMNodeInfo (SCMNodeInfo.java:getPort(197)) - ConfigKey ozone.scm.client.address is deprecated, For configuring different ports for each SCM use PortConfigKey ozone.scm.client.port appended with serviceId and nodeId
2022-02-08 16:06:24,783 [Listener at 0.0.0.0/33239] INFO  ha.SCMNodeInfo (SCMNodeInfo.java:getPort(197)) - ConfigKey ozone.scm.block.client.address is deprecated, For configuring different ports for each SCM use PortConfigKey ozone.scm.block.client.port appended with serviceId and nodeId
2022-02-08 16:06:24,783 [Listener at 0.0.0.0/33239] INFO  ha.SCMNodeInfo (SCMNodeInfo.java:getPort(197)) - ConfigKey ozone.scm.datanode.address is deprecated, For configuring different ports for each SCM use PortConfigKey ozone.scm.datanode.port appended with serviceId and nodeId
2022-02-08 16:06:24,811 [Listener at 0.0.0.0/33239] WARN  server.ServerUtils (ServerUtils.java:getDBPath(225)) - ozone.om.db.dirs is not configured. We recommend adding this setting. Falling back to ozone.metadata.dirs instead.
2022-02-08 16:06:24,812 [Listener at 0.0.0.0/33239] INFO  codec.OmKeyInfoCodec (OmKeyInfoCodec.java:<init>(50)) - OmKeyInfoCodec ignorePipeline = true
2022-02-08 16:06:24,812 [Listener at 0.0.0.0/33239] INFO  codec.RepeatedOmKeyInfoCodec (RepeatedOmKeyInfoCodec.java:<init>(42)) - RepeatedOmKeyInfoCodec ignorePipeline = true
2022-02-08 16:06:25,057 [Listener at 0.0.0.0/33239] INFO  om.OzoneManager (OzoneManager.java:addS3GVolumeToDB(3732)) - Created Volume s3v With Owner runner required for S3Gateway operations.
2022-02-08 16:06:25,063 [EndpointStateMachine task thread for /127.0.0.1:36421 - 0 ] INFO  ipc.Client (Client.java:handleConnectionFailure(977)) - Retrying connect to server: localhost/127.0.0.1:36421. Already tried 9 time(s); retry policy is RetryUpToMaximumCountWithFixedSleep(maxRetries=15, sleepTime=1000 MILLISECONDS)
2022-02-08 16:06:25,064 [Listener at 0.0.0.0/33239] WARN  server.ServerUtils (ServerUtils.java:getDefaultRatisDirectory(237)) - Storage directory for Ratis is not configured. It is a good idea to map this to an SSD disk. Falling back to ozone.metadata.dirs
2022-02-08 16:06:25,064 [Listener at 0.0.0.0/33239] WARN  utils.OzoneManagerRatisUtils (OzoneManagerRatisUtils.java:getOMRatisSnapshotDirectory(330)) - ozone.om.ratis.snapshot.dir is not configured. Falling back to ozone.metadata.dirs config
2022-02-08 16:06:25,065 [Listener at 0.0.0.0/33239] WARN  impl.MetricRegistriesImpl (MetricRegistriesImpl.java:addReporterRegistration(111)) - New reporters are added after registries were created. Some metrics will be missing from the reporter. Please add reporter before adding any new registry.
2022-02-08 16:06:25,065 [Listener at 0.0.0.0/33239] WARN  impl.MetricRegistriesImpl (MetricRegistriesImpl.java:addReporterRegistration(111)) - New reporters are added after registries were created. Some metrics will be missing from the reporter. Please add reporter before adding any new registry.
2022-02-08 16:06:25,065 [Listener at 0.0.0.0/33239] WARN  server.ServerUtils (ServerUtils.java:getDefaultRatisDirectory(237)) - Storage directory for Ratis is not configured. It is a good idea to map this to an SSD disk. Falling back to ozone.metadata.dirs
2022-02-08 16:06:25,068 [EndpointStateMachine task thread for /127.0.0.1:42215 - 0 ] INFO  ipc.Client (Client.java:handleConnectionFailure(977)) - Retrying connect to server: localhost/127.0.0.1:42215. Already tried 9 time(s); retry policy is RetryUpToMaximumCountWithFixedSleep(maxRetries=15, sleepTime=1000 MILLISECONDS)
2022-02-08 16:06:25,070 [Listener at 0.0.0.0/33239] INFO  ratis.OzoneManagerRatisServer (OzoneManagerRatisServer.java:<init>(159)) - Instantiating OM Ratis server with groupID: om-service-test1 and peers: localhost:33555
2022-02-08 16:06:25,070 [Listener at 0.0.0.0/33239] INFO  ratis.OzoneManagerStateMachine (OzoneManagerStateMachine.java:loadSnapshotInfoFromDB(605)) - LastAppliedIndex is set from TransactionInfo from OM DB as (t:0, i:~)
2022-02-08 16:06:25,074 [Listener at 0.0.0.0/33239] INFO  server.RaftServer (ConfUtils.java:logGet(44)) - raft.rpc.type = GRPC (default)
2022-02-08 16:06:25,074 [Listener at 0.0.0.0/33239] INFO  grpc.GrpcFactory (GrpcFactory.java:checkPooledByteBufAllocatorUseCacheForAllThreads(48)) - PERFORMANCE WARNING: useCacheForAllThreads is true that may cause Netty to create a lot garbage objects and, as a result, trigger GC.
	It is recommended to disable useCacheForAllThreads by setting -Dorg.apache.ratis.thirdparty.io.netty.allocator.useCacheForAllThreads=false in command line.
2022-02-08 16:06:25,074 [Listener at 0.0.0.0/33239] INFO  grpc.GrpcConfigKeys (ConfUtils.java:logGet(44)) - raft.grpc.admin.port = -1 (default)
2022-02-08 16:06:25,074 [Listener at 0.0.0.0/33239] INFO  grpc.GrpcConfigKeys (ConfUtils.java:logGet(44)) - raft.grpc.server.port = 33555 (custom)
2022-02-08 16:06:25,074 [Listener at 0.0.0.0/33239] INFO  grpc.GrpcConfigKeys (ConfUtils.java:logGet(44)) - raft.grpc.client.port = -1 (default)
2022-02-08 16:06:25,074 [Listener at 0.0.0.0/33239] INFO  grpc.GrpcConfigKeys (ConfUtils.java:logGet(44)) - raft.grpc.server.port = 33555 (custom)
2022-02-08 16:06:25,074 [Listener at 0.0.0.0/33239] INFO  grpc.GrpcConfigKeys (ConfUtils.java:logGet(44)) - raft.grpc.server.port = 33555 (custom)
2022-02-08 16:06:25,074 [Listener at 0.0.0.0/33239] INFO  server.GrpcService (ConfUtils.java:logGet(44)) - raft.grpc.message.size.max = 33554432 (custom)
2022-02-08 16:06:25,075 [Listener at 0.0.0.0/33239] INFO  server.RaftServerConfigKeys (ConfUtils.java:logGet(44)) - raft.server.log.appender.buffer.byte-limit = 33554432 (custom)
2022-02-08 16:06:25,075 [Listener at 0.0.0.0/33239] INFO  server.GrpcService (ConfUtils.java:logGet(44)) - raft.grpc.flow.control.window = 1MB (=1048576) (default)
2022-02-08 16:06:25,075 [Listener at 0.0.0.0/33239] INFO  server.RaftServerConfigKeys (ConfUtils.java:logGet(44)) - raft.server.rpc.request.timeout = 3000ms (default)
2022-02-08 16:06:25,076 [Listener at 0.0.0.0/33239] INFO  impl.DataStreamServerImpl (ConfUtils.java:logGet(44)) - raft.datastream.type = DISABLED (default)
2022-02-08 16:06:25,076 [Listener at 0.0.0.0/33239] INFO  server.RaftServerConfigKeys (ConfUtils.java:logGet(44)) - raft.server.rpc.slowness.timeout = 2s (custom)
2022-02-08 16:06:25,076 [Listener at 0.0.0.0/33239] INFO  server.RaftServerConfigKeys (ConfUtils.java:logGet(44)) - raft.server.leaderelection.leader.step-down.wait-time = 10s (default)
2022-02-08 16:06:25,077 [Listener at 0.0.0.0/33239] INFO  server.RaftServerConfigKeys (ConfUtils.java:logGet(44)) - raft.server.storage.dir = [/home/runner/work/ozone/ozone/hadoop-ozone/integration-test/target/test-dir/MiniOzoneClusterImpl-a5c83128-e0a7-4ff9-8358-8aced9f265d2/omNode-1/ratis] (custom)
2022-02-08 16:06:25,083 [EndpointStateMachine task thread for /127.0.0.1:40425 - 0 ] INFO  ipc.Client (Client.java:handleConnectionFailure(977)) - Retrying connect to server: localhost/127.0.0.1:40425. Already tried 9 time(s); retry policy is RetryUpToMaximumCountWithFixedSleep(maxRetries=15, sleepTime=1000 MILLISECONDS)
2022-02-08 16:06:25,088 [Listener at 0.0.0.0/33239] INFO  server.RaftServer (RaftServerProxy.java:addNew(95)) - omNode-1: addNew group-523986131536:[omNode-1|rpc:localhost:33555|priority:0] returns group-523986131536:java.util.concurrent.CompletableFuture@6c65578d[Not completed]
2022-02-08 16:06:25,088 [Listener at 0.0.0.0/33239] INFO  om.OzoneManager (OzoneManager.java:initializeRatisServer(1834)) - OzoneManager Ratis server initialized at port 33555
2022-02-08 16:06:25,093 [Listener at 0.0.0.0/33239] INFO  ipc.CallQueueManager (CallQueueManager.java:<init>(90)) - Using callQueue: class java.util.concurrent.LinkedBlockingQueue, queueCapacity: 2000, scheduler: class org.apache.hadoop.ipc.DefaultRpcScheduler, ipcBackoff: false.
2022-02-08 16:06:25,100 [pool-287-thread-1] INFO  server.RaftServer$Division (RaftServerImpl.java:<init>(184)) - omNode-1: new RaftServerImpl for group-523986131536:[omNode-1|rpc:localhost:33555|priority:0] with OzoneManagerStateMachine:uninitialized
2022-02-08 16:06:25,100 [Socket Reader #1 for port 39187] INFO  ipc.Server (Server.java:run(1265)) - Starting Socket Reader #1 for port 39187
2022-02-08 16:06:25,116 [pool-287-thread-1] INFO  server.RaftServerConfigKeys (ConfUtils.java:logGet(44)) - raft.server.rpc.timeout.min = 1s (custom)
2022-02-08 16:06:25,116 [pool-287-thread-1] INFO  server.RaftServerConfigKeys (ConfUtils.java:logGet(44)) - raft.server.rpc.timeout.max = 1200ms (custom)
2022-02-08 16:06:25,116 [pool-287-thread-1] INFO  server.RaftServerConfigKeys (ConfUtils.java:logGet(44)) - raft.server.rpc.sleep.time = 25ms (default)
2022-02-08 16:06:25,116 [pool-287-thread-1] INFO  server.RaftServerConfigKeys (ConfUtils.java:logGet(44)) - raft.server.rpc.slowness.timeout = 2s (custom)
2022-02-08 16:06:25,116 [pool-287-thread-1] INFO  server.RaftServerConfigKeys (ConfUtils.java:logGet(44)) - raft.server.leaderelection.leader.step-down.wait-time = 10s (default)
2022-02-08 16:06:25,116 [pool-287-thread-1] INFO  server.RaftServerConfigKeys (ConfUtils.java:logGet(44)) - raft.server.sleep.deviation.threshold = 300ms (default)
2022-02-08 16:06:25,116 [pool-287-thread-1] INFO  server.RaftServerConfigKeys (ConfUtils.java:logGet(44)) - raft.server.log.appender.install.snapshot.enabled = false (custom)
2022-02-08 16:06:25,116 [pool-287-thread-1] INFO  server.RaftServer$Division (ServerState.java:<init>(105)) - omNode-1@group-523986131536: ConfigurationManager, init=-1: [omNode-1|rpc:localhost:33555|priority:0], old=null, confs=<EMPTY_MAP>
2022-02-08 16:06:25,116 [pool-287-thread-1] INFO  server.RaftServerConfigKeys (ConfUtils.java:logGet(44)) - raft.server.storage.dir = [/home/runner/work/ozone/ozone/hadoop-ozone/integration-test/target/test-dir/MiniOzoneClusterImpl-a5c83128-e0a7-4ff9-8358-8aced9f265d2/omNode-1/ratis] (custom)
2022-02-08 16:06:25,117 [pool-287-thread-1] INFO  server.RaftServerConfigKeys (ConfUtils.java:logGet(44)) - raft.server.log.corruption.policy = EXCEPTION (default)
2022-02-08 16:06:25,117 [pool-287-thread-1] INFO  server.RaftServerConfigKeys (ConfUtils.java:logGet(44)) - raft.server.storage.free-space.min = 0MB (=0) (default)
2022-02-08 16:06:25,117 [pool-287-thread-1] INFO  storage.RaftStorageDirectory (RaftStorageDirectoryImpl.java:analyzeStorage(135)) - The storage directory /home/runner/work/ozone/ozone/hadoop-ozone/integration-test/target/test-dir/MiniOzoneClusterImpl-a5c83128-e0a7-4ff9-8358-8aced9f265d2/omNode-1/ratis/c9bc4cf4-3bc3-3c60-a66b-523986131536 does not exist. Creating ...
2022-02-08 16:06:25,120 [pool-287-thread-1] INFO  storage.RaftStorageDirectory (RaftStorageDirectoryImpl.java:tryLock(230)) - Lock on /home/runner/work/ozone/ozone/hadoop-ozone/integration-test/target/test-dir/MiniOzoneClusterImpl-a5c83128-e0a7-4ff9-8358-8aced9f265d2/omNode-1/ratis/c9bc4cf4-3bc3-3c60-a66b-523986131536/in_use.lock acquired by nodename 14435@fv-az131-167
2022-02-08 16:06:25,121 [pool-287-thread-1] INFO  storage.RaftStorage (RaftStorageImpl.java:format(89)) - Storage directory /home/runner/work/ozone/ozone/hadoop-ozone/integration-test/target/test-dir/MiniOzoneClusterImpl-a5c83128-e0a7-4ff9-8358-8aced9f265d2/omNode-1/ratis/c9bc4cf4-3bc3-3c60-a66b-523986131536 has been successfully formatted.
2022-02-08 16:06:25,121 [pool-287-thread-1] INFO  server.RaftServerConfigKeys (ConfUtils.java:logGet(44)) - raft.server.notification.no-leader.timeout = 2s (custom)
2022-02-08 16:06:25,121 [pool-287-thread-1] INFO  server.RaftServerConfigKeys (ConfUtils.java:logGet(44)) - raft.server.log.use.memory = false (default)
2022-02-08 16:06:25,121 [pool-287-thread-1] INFO  server.RaftServerConfigKeys (ConfUtils.java:logGet(44)) - raft.server.log.purge.gap = 1000000 (custom)
2022-02-08 16:06:25,121 [pool-287-thread-1] INFO  server.RaftServerConfigKeys (ConfUtils.java:logGet(44)) - raft.server.log.appender.buffer.byte-limit = 33554432 (custom)
2022-02-08 16:06:25,122 [pool-287-thread-1] INFO  server.RaftServerConfigKeys (ConfUtils.java:logGet(44)) - raft.server.log.segment.size.max = 4194304 (custom)
2022-02-08 16:06:25,122 [pool-287-thread-1] INFO  server.RaftServerConfigKeys (ConfUtils.java:logGet(44)) - raft.server.log.segment.cache.num.max = 2 (custom)
2022-02-08 16:06:25,122 [pool-287-thread-1] INFO  server.RaftServerConfigKeys (ConfUtils.java:logGet(44)) - raft.server.log.segment.cache.size.max = 200MB (=209715200) (default)
2022-02-08 16:06:25,122 [pool-287-thread-1] INFO  segmented.SegmentedRaftLogWorker (SegmentedRaftLogWorker.java:<init>(182)) - new omNode-1@group-523986131536-SegmentedRaftLogWorker for RaftStorageImpl:Storage Directory /home/runner/work/ozone/ozone/hadoop-ozone/integration-test/target/test-dir/MiniOzoneClusterImpl-a5c83128-e0a7-4ff9-8358-8aced9f265d2/omNode-1/ratis/c9bc4cf4-3bc3-3c60-a66b-523986131536
2022-02-08 16:06:25,122 [pool-287-thread-1] INFO  server.RaftServerConfigKeys (ConfUtils.java:logGet(44)) - raft.server.log.queue.byte-limit = 64MB (=67108864) (default)
2022-02-08 16:06:25,122 [pool-287-thread-1] INFO  server.RaftServerConfigKeys (ConfUtils.java:logGet(44)) - raft.server.log.queue.element-limit = 4096 (default)
2022-02-08 16:06:25,122 [pool-287-thread-1] INFO  server.RaftServerConfigKeys (ConfUtils.java:logGet(44)) - raft.server.log.segment.size.max = 4194304 (custom)
2022-02-08 16:06:25,122 [pool-287-thread-1] INFO  server.RaftServerConfigKeys (ConfUtils.java:logGet(44)) - raft.server.log.preallocated.size = 4194304 (custom)
2022-02-08 16:06:25,122 [pool-287-thread-1] INFO  server.RaftServerConfigKeys (ConfUtils.java:logGet(44)) - raft.server.log.force.sync.num = 128 (default)
2022-02-08 16:06:25,122 [pool-287-thread-1] INFO  server.RaftServerConfigKeys (ConfUtils.java:logGet(44)) - raft.server.log.statemachine.data.sync = true (default)
2022-02-08 16:06:25,122 [pool-287-thread-1] INFO  server.RaftServerConfigKeys (ConfUtils.java:logGet(44)) - raft.server.log.statemachine.data.sync.timeout = 10s (default)
2022-02-08 16:06:25,122 [pool-287-thread-1] INFO  server.RaftServerConfigKeys (ConfUtils.java:logGet(44)) - raft.server.log.statemachine.data.sync.timeout.retry = -1 (default)
2022-02-08 16:06:25,123 [pool-287-thread-1] INFO  server.RaftServerConfigKeys (ConfUtils.java:logGet(44)) - raft.server.log.write.buffer.size = 64KB (=65536) (default)
2022-02-08 16:06:25,123 [pool-287-thread-1] INFO  server.RaftServerConfigKeys (ConfUtils.java:logGet(44)) - raft.server.log.statemachine.data.caching.enabled = false (default)
2022-02-08 16:06:25,123 [pool-287-thread-1] INFO  segmented.SegmentedRaftLogWorker (SegmentedRaftLogWorker.java:lambda$new$0(133)) - omNode-1@group-523986131536-SegmentedRaftLogWorker: flushIndex: setUnconditionally 0 -> -1
2022-02-08 16:06:25,123 [pool-287-thread-1] INFO  segmented.SegmentedRaftLogWorker (SegmentedRaftLogWorker.java:lambda$new$0(133)) - omNode-1@group-523986131536-SegmentedRaftLogWorker: safeCacheEvictIndex: setUnconditionally 0 -> -1
2022-02-08 16:06:25,134 [pool-287-thread-1] INFO  server.RaftServerConfigKeys (ConfUtils.java:logGet(44)) - raft.server.snapshot.auto.trigger.enabled = true (custom)
2022-02-08 16:06:25,134 [pool-287-thread-1] INFO  server.RaftServerConfigKeys (ConfUtils.java:logGet(44)) - raft.server.snapshot.auto.trigger.threshold = 400000 (default)
2022-02-08 16:06:25,134 [pool-287-thread-1] INFO  server.RaftServerConfigKeys (ConfUtils.java:logGet(44)) - raft.server.snapshot.retention.file.num = -1 (default)
2022-02-08 16:06:25,134 [pool-287-thread-1] INFO  server.RaftServerConfigKeys (ConfUtils.java:logGet(44)) - raft.server.log.purge.upto.snapshot.index = true (custom)
2022-02-08 16:06:25,134 [pool-287-thread-1] INFO  server.RaftServerConfigKeys (ConfUtils.java:logGet(44)) - raft.server.retrycache.expirytime = 300s (custom)
2022-02-08 16:06:25,134 [pool-287-thread-1] INFO  server.RaftServerConfigKeys (ConfUtils.java:logGet(44)) - raft.server.retrycache.statistics.expirytime = 100μs (default)
2022-02-08 16:06:25,142 [Listener at 127.0.0.1/39187] INFO  impl.MetricsSystemImpl (MetricsSystemImpl.java:init(158)) - OzoneManager metrics system started (again)
2022-02-08 16:06:25,164 [Listener at 127.0.0.1/39187] INFO  om.OzoneManager (OzoneManager.java:start(1365)) - OzoneManager RPC server is listening at localhost/127.0.0.1:39187
2022-02-08 16:06:25,164 [Listener at 127.0.0.1/39187] INFO  ratis.OzoneManagerRatisServer (OzoneManagerRatisServer.java:start(554)) - Starting OzoneManagerRatisServer omNode-1 at port 33555
2022-02-08 16:06:25,164 [Listener at 127.0.0.1/39187] INFO  server.RaftServer$Division (RaftServerImpl.java:start(301)) - omNode-1@group-523986131536: start as a follower, conf=-1: [omNode-1|rpc:localhost:33555|priority:0], old=null
2022-02-08 16:06:25,164 [Listener at 127.0.0.1/39187] INFO  server.RaftServer$Division (RaftServerImpl.java:setRole(290)) - omNode-1@group-523986131536: changes role from      null to FOLLOWER at term 0 for startAsFollower
2022-02-08 16:06:25,165 [Listener at 127.0.0.1/39187] INFO  impl.RoleInfo (RoleInfo.java:updateAndGet(130)) - omNode-1: start omNode-1@group-523986131536-FollowerState
2022-02-08 16:06:25,171 [Listener at 127.0.0.1/39187] INFO  util.JmxRegister (JmxRegister.java:tryRegister(44)) - Successfully registered JMX Bean with object name Ratis:service=RaftServer,group=group-523986131536,id=omNode-1
2022-02-08 16:06:25,186 [Listener at 127.0.0.1/39187] INFO  server.RaftServer (RaftServerProxy.java:lambda$start$5(374)) - omNode-1: start RPC server
2022-02-08 16:06:25,187 [Listener at 127.0.0.1/39187] INFO  server.GrpcService (GrpcService.java:startImpl(253)) - omNode-1: GrpcService started, listening on 33555
2022-02-08 16:06:25,188 [Listener at 127.0.0.1/39187] INFO  om.OzoneManager (OzoneManager.java:start(1381)) - Version File has different layout version (0) than OM DB (null). That is expected if this OM has never been finalized to a newer layout version.
2022-02-08 16:06:25,188 [org.apache.ratis.util.JvmPauseMonitor$$Lambda$503/1122118227@1748e38e] INFO  util.JvmPauseMonitor (JvmPauseMonitor.java:run(103)) - JvmPauseMonitor-omNode-1: Started
2022-02-08 16:06:25,207 [Listener at 127.0.0.1/39187] INFO  http.BaseHttpServer (BaseHttpServer.java:newHttpServer2BuilderForOzone(209)) - Starting Web-server for ozoneManager at: http://0.0.0.0:45019
2022-02-08 16:06:25,207 [Listener at 127.0.0.1/39187] INFO  http.BaseHttpServer (BaseHttpServer.java:<init>(107)) - Hadoop Security Enabled: false Ozone Security Enabled: false Ozone HTTP Security Enabled: false 
2022-02-08 16:06:25,208 [Listener at 127.0.0.1/39187] INFO  server.AuthenticationFilter (AuthenticationFilter.java:constructSecretProvider(240)) - Unable to initialize FileSignerSecretProvider, falling back to use random secrets.
2022-02-08 16:06:25,220 [Listener at 127.0.0.1/39187] WARN  http.HttpRequestLog (HttpRequestLog.java:getRequestLog(103)) - Jetty request log can only be enabled using Log4j
2022-02-08 16:06:25,221 [Listener at 127.0.0.1/39187] INFO  http.HttpServer2 (HttpServer2.java:addGlobalFilter(1030)) - Added global filter 'safety' (class=org.apache.hadoop.hdds.server.http.HttpServer2$QuotingInputFilter)
2022-02-08 16:06:25,222 [Listener at 127.0.0.1/39187] INFO  http.HttpServer2 (HttpServer2.java:addFilter(1006)) - Added filter static_user_filter (class=org.apache.hadoop.http.lib.StaticUserWebFilter$StaticUserFilter) to context ozoneManager
2022-02-08 16:06:25,222 [Listener at 127.0.0.1/39187] INFO  http.HttpServer2 (HttpServer2.java:addFilter(1014)) - Added filter static_user_filter (class=org.apache.hadoop.http.lib.StaticUserWebFilter$StaticUserFilter) to context logs
2022-02-08 16:06:25,222 [Listener at 127.0.0.1/39187] INFO  http.HttpServer2 (HttpServer2.java:addFilter(1014)) - Added filter static_user_filter (class=org.apache.hadoop.http.lib.StaticUserWebFilter$StaticUserFilter) to context static
2022-02-08 16:06:25,223 [Listener at 127.0.0.1/39187] INFO  http.HttpServer2 (HttpServer2.java:bindListener(1249)) - Jetty bound to port 45019
2022-02-08 16:06:25,223 [Listener at 127.0.0.1/39187] INFO  server.Server (Server.java:doStart(375)) - jetty-9.4.43.v20210629; built: 2021-06-30T11:07:22.254Z; git: 526006ecfa3af7f1a27ef3a288e2bef7ea9dd7e8; jvm 1.8.0_312-b07
2022-02-08 16:06:25,306 [Listener at 127.0.0.1/39187] INFO  server.session (DefaultSessionIdManager.java:doStart(334)) - DefaultSessionIdManager workerName=node0
2022-02-08 16:06:25,306 [Listener at 127.0.0.1/39187] INFO  server.session (DefaultSessionIdManager.java:doStart(339)) - No SessionScavenger set, using defaults
2022-02-08 16:06:25,307 [Listener at 127.0.0.1/39187] INFO  server.session (HouseKeeper.java:startScavenging(132)) - node0 Scavenging every 660000ms
2022-02-08 16:06:25,314 [Listener at 127.0.0.1/39187] INFO  handler.ContextHandler (ContextHandler.java:doStart(915)) - Started o.e.j.s.ServletContextHandler@57ba286d{logs,/logs,file:///home/runner/work/ozone/ozone/hadoop-ozone/integration-test/target/log,AVAILABLE}
2022-02-08 16:06:25,315 [Listener at 127.0.0.1/39187] INFO  handler.ContextHandler (ContextHandler.java:doStart(915)) - Started o.e.j.s.ServletContextHandler@8e5090a{static,/static,file:///home/runner/work/ozone/ozone/hadoop-ozone/integration-test/target/test-classes/webapps/static,AVAILABLE}
2022-02-08 16:06:25,321 [Listener at 127.0.0.1/39187] INFO  handler.ContextHandler (ContextHandler.java:doStart(915)) - Started o.e.j.w.WebAppContext@55023ead{ozoneManager,/,file:///home/runner/work/ozone/ozone/hadoop-ozone/integration-test/target/test-classes/webapps/ozoneManager/,AVAILABLE}{file:/home/runner/work/ozone/ozone/hadoop-ozone/integration-test/target/test-classes/webapps/ozoneManager}
2022-02-08 16:06:25,325 [Listener at 127.0.0.1/39187] INFO  server.AbstractConnector (AbstractConnector.java:doStart(331)) - Started ServerConnector@4d0dc8b8{HTTP/1.1, (http/1.1)}{0.0.0.0:45019}
2022-02-08 16:06:25,325 [Listener at 127.0.0.1/39187] INFO  server.Server (Server.java:doStart(415)) - Started @96180ms
2022-02-08 16:06:25,325 [Listener at 127.0.0.1/39187] WARN  impl.MetricsSystemImpl (MetricsSystemImpl.java:register(279)) - Sink prometheus already exists!
2022-02-08 16:06:25,326 [Listener at 127.0.0.1/39187] INFO  http.BaseHttpServer (BaseHttpServer.java:updateConnectorAddress(329)) - HTTP server of ozoneManager listening at http://0.0.0.0:45019
2022-02-08 16:06:25,336 [IPC Server Responder] INFO  ipc.Server (Server.java:run(1507)) - IPC Server Responder: starting
2022-02-08 16:06:25,396 [IPC Server listener on 39187] INFO  ipc.Server (Server.java:run(1344)) - IPC Server listener on 39187: starting
2022-02-08 16:06:25,410 [Listener at 127.0.0.1/39187] INFO  om.OzoneManager (OzoneManager.java:startTrashEmptier(1792)) - Trash Interval set to 0. Files deleted will not move to trash
2022-02-08 16:06:25,411 [Listener at 127.0.0.1/39187] INFO  ozone.MiniOzoneHAClusterImpl (MiniOzoneHAClusterImpl.java:createOMService(522)) - Started OzoneManager omNode-1 RPC server at localhost/127.0.0.1:39187
2022-02-08 16:06:25,432 [org.apache.hadoop.util.JvmPauseMonitor$Monitor@3a784248] INFO  util.JvmPauseMonitor (JvmPauseMonitor.java:run(188)) - Starting JVM pause monitor
2022-02-08 16:06:25,449 [Listener at 127.0.0.1/39187] WARN  impl.MetricRegistriesImpl (MetricRegistriesImpl.java:addReporterRegistration(111)) - New reporters are added after registries were created. Some metrics will be missing from the reporter. Please add reporter before adding any new registry.
2022-02-08 16:06:25,456 [Listener at 127.0.0.1/39187] WARN  impl.MetricRegistriesImpl (MetricRegistriesImpl.java:addReporterRegistration(111)) - New reporters are added after registries were created. Some metrics will be missing from the reporter. Please add reporter before adding any new registry.
2022-02-08 16:06:25,456 [Listener at 127.0.0.1/39187] INFO  impl.MetricsSystemImpl (MetricsSystemImpl.java:init(158)) - HddsDatanode metrics system started (again)
2022-02-08 16:06:25,497 [Listener at 127.0.0.1/39187] INFO  ozone.HddsDatanodeService (HddsDatanodeService.java:start(234)) - HddsDatanodeService host:fv-az131-167.auewytzlwegeflj1x524eayoxd.phxx.internal.cloudapp.net ip:10.1.0.12
2022-02-08 16:06:25,537 [Listener at 127.0.0.1/39187] INFO  upgrade.AbstractLayoutVersionManager (AbstractLayoutVersionManager.java:init(79)) - Initializing Layout version manager with metadata layout = SCM_HA (version = 2), software layout = SCM_HA (version = 2)
2022-02-08 16:06:25,668 [Listener at 127.0.0.1/39187] INFO  reflections.Reflections (Reflections.java:scan(232)) - Reflections took 130 ms to scan 7 urls, producing 119 keys and 279 values 
2022-02-08 16:06:25,670 [Listener at 127.0.0.1/39187] INFO  ha.SCMNodeInfo (SCMNodeInfo.java:getPort(197)) - ConfigKey ozone.scm.client.address is deprecated, For configuring different ports for each SCM use PortConfigKey ozone.scm.client.port appended with serviceId and nodeId
2022-02-08 16:06:25,671 [Listener at 127.0.0.1/39187] INFO  ha.SCMNodeInfo (SCMNodeInfo.java:getPort(197)) - ConfigKey ozone.scm.block.client.address is deprecated, For configuring different ports for each SCM use PortConfigKey ozone.scm.block.client.port appended with serviceId and nodeId
2022-02-08 16:06:25,676 [Listener at 127.0.0.1/39187] INFO  ha.SCMNodeInfo (SCMNodeInfo.java:getPort(197)) - ConfigKey ozone.scm.datanode.address is deprecated, For configuring different ports for each SCM use PortConfigKey ozone.scm.datanode.port appended with serviceId and nodeId
2022-02-08 16:06:25,676 [Listener at 127.0.0.1/39187] INFO  ha.SCMNodeInfo (SCMNodeInfo.java:getPort(197)) - ConfigKey ozone.scm.client.address is deprecated, For configuring different ports for each SCM use PortConfigKey ozone.scm.client.port appended with serviceId and nodeId
2022-02-08 16:06:25,676 [Listener at 127.0.0.1/39187] INFO  ha.SCMNodeInfo (SCMNodeInfo.java:getPort(197)) - ConfigKey ozone.scm.block.client.address is deprecated, For configuring different ports for each SCM use PortConfigKey ozone.scm.block.client.port appended with serviceId and nodeId
2022-02-08 16:06:25,676 [Listener at 127.0.0.1/39187] INFO  ha.SCMNodeInfo (SCMNodeInfo.java:getPort(197)) - ConfigKey ozone.scm.datanode.address is deprecated, For configuring different ports for each SCM use PortConfigKey ozone.scm.datanode.port appended with serviceId and nodeId
2022-02-08 16:06:25,676 [Listener at 127.0.0.1/39187] INFO  ha.SCMNodeInfo (SCMNodeInfo.java:getPort(197)) - ConfigKey ozone.scm.client.address is deprecated, For configuring different ports for each SCM use PortConfigKey ozone.scm.client.port appended with serviceId and nodeId
2022-02-08 16:06:25,676 [Listener at 127.0.0.1/39187] INFO  ha.SCMNodeInfo (SCMNodeInfo.java:getPort(197)) - ConfigKey ozone.scm.block.client.address is deprecated, For configuring different ports for each SCM use PortConfigKey ozone.scm.block.client.port appended with serviceId and nodeId
2022-02-08 16:06:25,676 [Listener at 127.0.0.1/39187] INFO  ha.SCMNodeInfo (SCMNodeInfo.java:getPort(197)) - ConfigKey ozone.scm.datanode.address is deprecated, For configuring different ports for each SCM use PortConfigKey ozone.scm.datanode.port appended with serviceId and nodeId
2022-02-08 16:06:25,677 [Listener at 127.0.0.1/39187] INFO  statemachine.DatanodeStateMachine (DatanodeStateMachine.java:getEndPointTaskThreadPoolSize(222)) - Datanode State Machine Task Thread Pool size 4
2022-02-08 16:06:25,687 [Listener at 127.0.0.1/39187] INFO  volume.HddsVolume (HddsVolume.java:<init>(120)) - Creating HddsVolume: /home/runner/work/ozone/ozone/hadoop-ozone/integration-test/target/test-dir/MiniOzoneClusterImpl-a5c83128-e0a7-4ff9-8358-8aced9f265d2/datanode-0/data-0/containers/hdds of storage type : DISK capacity : 9223372036854775807
2022-02-08 16:06:25,688 [Listener at 127.0.0.1/39187] INFO  volume.MutableVolumeSet (MutableVolumeSet.java:initializeVolumeSet(168)) - Added Volume : /home/runner/work/ozone/ozone/hadoop-ozone/integration-test/target/test-dir/MiniOzoneClusterImpl-a5c83128-e0a7-4ff9-8358-8aced9f265d2/datanode-0/data-0/containers/hdds to VolumeSet
2022-02-08 16:06:25,688 [Listener at 127.0.0.1/39187] INFO  volume.ThrottledAsyncChecker (ThrottledAsyncChecker.java:schedule(141)) - Scheduling a check for /home/runner/work/ozone/ozone/hadoop-ozone/integration-test/target/test-dir/MiniOzoneClusterImpl-a5c83128-e0a7-4ff9-8358-8aced9f265d2/datanode-0/data-0/containers/hdds
2022-02-08 16:06:25,704 [Listener at 127.0.0.1/39187] INFO  volume.StorageVolumeChecker (StorageVolumeChecker.java:checkAllVolumes(202)) - Scheduled health check for volume /home/runner/work/ozone/ozone/hadoop-ozone/integration-test/target/test-dir/MiniOzoneClusterImpl-a5c83128-e0a7-4ff9-8358-8aced9f265d2/datanode-0/data-0/containers/hdds
2022-02-08 16:06:25,720 [Listener at 127.0.0.1/39187] INFO  volume.MutableVolumeSet (MutableVolumeSet.java:initializeVolumeSet(168)) - Added Volume : /home/runner/work/ozone/ozone/hadoop-ozone/integration-test/target/test-dir/MiniOzoneClusterImpl-a5c83128-e0a7-4ff9-8358-8aced9f265d2/datanode-0/data/ratis to VolumeSet
2022-02-08 16:06:25,729 [Listener at 127.0.0.1/39187] INFO  volume.ThrottledAsyncChecker (ThrottledAsyncChecker.java:schedule(141)) - Scheduling a check for /home/runner/work/ozone/ozone/hadoop-ozone/integration-test/target/test-dir/MiniOzoneClusterImpl-a5c83128-e0a7-4ff9-8358-8aced9f265d2/datanode-0/data/ratis
2022-02-08 16:06:25,730 [Listener at 127.0.0.1/39187] INFO  volume.StorageVolumeChecker (StorageVolumeChecker.java:checkAllVolumes(202)) - Scheduled health check for volume /home/runner/work/ozone/ozone/hadoop-ozone/integration-test/target/test-dir/MiniOzoneClusterImpl-a5c83128-e0a7-4ff9-8358-8aced9f265d2/datanode-0/data/ratis
2022-02-08 16:06:25,786 [Thread-1459] INFO  ozoneimpl.ContainerReader (ContainerReader.java:readVolume(172)) - Finish verifying containers on volume /home/runner/work/ozone/ozone/hadoop-ozone/integration-test/target/test-dir/MiniOzoneClusterImpl-a5c83128-e0a7-4ff9-8358-8aced9f265d2/datanode-0/data-0/containers/hdds
2022-02-08 16:06:25,786 [Listener at 127.0.0.1/39187] INFO  ozoneimpl.OzoneContainer (OzoneContainer.java:buildContainerSet(237)) - Build ContainerSet costs 0s
2022-02-08 16:06:25,788 [Listener at 127.0.0.1/39187] INFO  server.RaftServer (ConfUtils.java:logGet(44)) - raft.rpc.type = GRPC (default)
2022-02-08 16:06:25,789 [Listener at 127.0.0.1/39187] INFO  grpc.GrpcFactory (GrpcFactory.java:checkPooledByteBufAllocatorUseCacheForAllThreads(48)) - PERFORMANCE WARNING: useCacheForAllThreads is true that may cause Netty to create a lot garbage objects and, as a result, trigger GC.
	It is recommended to disable useCacheForAllThreads by setting -Dorg.apache.ratis.thirdparty.io.netty.allocator.useCacheForAllThreads=false in command line.
2022-02-08 16:06:25,789 [Listener at 127.0.0.1/39187] INFO  grpc.GrpcConfigKeys (ConfUtils.java:logGet(44)) - raft.grpc.admin.port = 0 (custom)
2022-02-08 16:06:25,789 [Listener at 127.0.0.1/39187] INFO  grpc.GrpcConfigKeys (ConfUtils.java:logGet(44)) - raft.grpc.client.port = 0 (custom)
2022-02-08 16:06:25,789 [Listener at 127.0.0.1/39187] INFO  grpc.GrpcConfigKeys (ConfUtils.java:logGet(44)) - raft.grpc.server.port = 0 (default)
2022-02-08 16:06:25,789 [Listener at 127.0.0.1/39187] INFO  server.GrpcService (ConfUtils.java:logGet(44)) - raft.grpc.message.size.max = 32MB (=33554432) (custom)
2022-02-08 16:06:25,789 [Listener at 127.0.0.1/39187] INFO  server.RaftServerConfigKeys (ConfUtils.java:logGet(44)) - raft.server.log.appender.buffer.byte-limit = 33554432 (custom)
2022-02-08 16:06:25,789 [Listener at 127.0.0.1/39187] INFO  server.GrpcService (ConfUtils.java:logGet(44)) - raft.grpc.flow.control.window = 5MB (=5242880) (custom)
2022-02-08 16:06:25,790 [Listener at 127.0.0.1/39187] INFO  server.RaftServerConfigKeys (ConfUtils.java:logGet(44)) - raft.server.rpc.request.timeout = 60s (custom)
2022-02-08 16:06:25,805 [Listener at 127.0.0.1/39187] INFO  impl.DataStreamServerImpl (ConfUtils.java:logGet(44)) - raft.datastream.type = DISABLED (default)
2022-02-08 16:06:25,805 [Listener at 127.0.0.1/39187] INFO  server.RaftServerConfigKeys (ConfUtils.java:logGet(44)) - raft.server.rpc.slowness.timeout = 300s (custom)
2022-02-08 16:06:25,805 [Listener at 127.0.0.1/39187] INFO  server.RaftServerConfigKeys (ConfUtils.java:logGet(44)) - raft.server.leaderelection.leader.step-down.wait-time = 10s (default)
2022-02-08 16:06:25,805 [Listener at 127.0.0.1/39187] INFO  server.RaftServerConfigKeys (ConfUtils.java:logGet(44)) - raft.server.storage.dir = [/home/runner/work/ozone/ozone/hadoop-ozone/integration-test/target/test-dir/MiniOzoneClusterImpl-a5c83128-e0a7-4ff9-8358-8aced9f265d2/datanode-0/data/ratis] (custom)
2022-02-08 16:06:25,813 [Listener at 127.0.0.1/39187] INFO  server.XceiverServerGrpc (XceiverServerGrpc.java:<init>(132)) - GrpcServer channel type EpollServerSocketChannel
2022-02-08 16:06:25,821 [Listener at 127.0.0.1/39187] INFO  http.BaseHttpServer (BaseHttpServer.java:newHttpServer2BuilderForOzone(209)) - Starting Web-server for hddsDatanode at: http://0.0.0.0:0
2022-02-08 16:06:25,822 [Listener at 127.0.0.1/39187] INFO  http.BaseHttpServer (BaseHttpServer.java:<init>(107)) - Hadoop Security Enabled: false Ozone Security Enabled: false Ozone HTTP Security Enabled: false 
2022-02-08 16:06:25,823 [Listener at 127.0.0.1/39187] INFO  server.AuthenticationFilter (AuthenticationFilter.java:constructSecretProvider(240)) - Unable to initialize FileSignerSecretProvider, falling back to use random secrets.
2022-02-08 16:06:25,830 [Listener at 127.0.0.1/39187] WARN  http.HttpRequestLog (HttpRequestLog.java:getRequestLog(103)) - Jetty request log can only be enabled using Log4j
2022-02-08 16:06:25,831 [Listener at 127.0.0.1/39187] INFO  http.HttpServer2 (HttpServer2.java:addGlobalFilter(1030)) - Added global filter 'safety' (class=org.apache.hadoop.hdds.server.http.HttpServer2$QuotingInputFilter)
2022-02-08 16:06:25,832 [Listener at 127.0.0.1/39187] INFO  http.HttpServer2 (HttpServer2.java:addFilter(1006)) - Added filter static_user_filter (class=org.apache.hadoop.http.lib.StaticUserWebFilter$StaticUserFilter) to context hddsDatanode
2022-02-08 16:06:25,832 [Listener at 127.0.0.1/39187] INFO  http.HttpServer2 (HttpServer2.java:addFilter(1014)) - Added filter static_user_filter (class=org.apache.hadoop.http.lib.StaticUserWebFilter$StaticUserFilter) to context logs
2022-02-08 16:06:25,832 [Listener at 127.0.0.1/39187] INFO  http.HttpServer2 (HttpServer2.java:addFilter(1014)) - Added filter static_user_filter (class=org.apache.hadoop.http.lib.StaticUserWebFilter$StaticUserFilter) to context static
2022-02-08 16:06:25,833 [Listener at 127.0.0.1/39187] INFO  http.HttpServer2 (HttpServer2.java:bindListener(1249)) - Jetty bound to port 34957
2022-02-08 16:06:25,834 [Listener at 127.0.0.1/39187] INFO  server.Server (Server.java:doStart(375)) - jetty-9.4.43.v20210629; built: 2021-06-30T11:07:22.254Z; git: 526006ecfa3af7f1a27ef3a288e2bef7ea9dd7e8; jvm 1.8.0_312-b07
2022-02-08 16:06:25,878 [Listener at 127.0.0.1/39187] INFO  server.session (DefaultSessionIdManager.java:doStart(334)) - DefaultSessionIdManager workerName=node0
2022-02-08 16:06:25,878 [Listener at 127.0.0.1/39187] INFO  server.session (DefaultSessionIdManager.java:doStart(339)) - No SessionScavenger set, using defaults
2022-02-08 16:06:25,878 [Listener at 127.0.0.1/39187] INFO  server.session (HouseKeeper.java:startScavenging(132)) - node0 Scavenging every 660000ms
2022-02-08 16:06:25,880 [Listener at 127.0.0.1/39187] INFO  handler.ContextHandler (ContextHandler.java:doStart(915)) - Started o.e.j.s.ServletContextHandler@1e2abb0c{logs,/logs,file:///home/runner/work/ozone/ozone/hadoop-ozone/integration-test/target/log,AVAILABLE}
2022-02-08 16:06:25,880 [Listener at 127.0.0.1/39187] INFO  handler.ContextHandler (ContextHandler.java:doStart(915)) - Started o.e.j.s.ServletContextHandler@13cd4784{static,/static,jar:file:/home/runner/.m2/repository/org/apache/ozone/hdds-container-service/1.3.0-SNAPSHOT/hdds-container-service-1.3.0-SNAPSHOT.jar!/webapps/static,AVAILABLE}
2022-02-08 16:06:25,993 [Listener at 127.0.0.1/39187] INFO  handler.ContextHandler (ContextHandler.java:doStart(915)) - Started o.e.j.w.WebAppContext@1eec2dcb{hddsDatanode,/,file:///tmp/jetty-0_0_0_0-34957-hdds-container-service-1_3_0-SNAPSHOT_jar-_-any-1267181185629436808/webapp/,AVAILABLE}{jar:file:/home/runner/.m2/repository/org/apache/ozone/hdds-container-service/1.3.0-SNAPSHOT/hdds-container-service-1.3.0-SNAPSHOT.jar!/webapps/hddsDatanode}
2022-02-08 16:06:26,000 [Listener at 127.0.0.1/39187] INFO  server.AbstractConnector (AbstractConnector.java:doStart(331)) - Started ServerConnector@3097f11f{HTTP/1.1, (http/1.1)}{0.0.0.0:34957}
2022-02-08 16:06:26,000 [Listener at 127.0.0.1/39187] INFO  server.Server (Server.java:doStart(415)) - Started @96855ms
2022-02-08 16:06:26,000 [Listener at 127.0.0.1/39187] WARN  impl.MetricsSystemImpl (MetricsSystemImpl.java:register(279)) - Sink prometheus already exists!
2022-02-08 16:06:26,008 [Listener at 127.0.0.1/39187] INFO  http.BaseHttpServer (BaseHttpServer.java:updateConnectorAddress(329)) - HTTP server of hddsDatanode listening at http://0.0.0.0:34957
2022-02-08 16:06:26,016 [Listener at 127.0.0.1/39187] WARN  impl.MetricRegistriesImpl (MetricRegistriesImpl.java:addReporterRegistration(111)) - New reporters are added after registries were created. Some metrics will be missing from the reporter. Please add reporter before adding any new registry.
2022-02-08 16:06:26,016 [Listener at 127.0.0.1/39187] WARN  impl.MetricRegistriesImpl (MetricRegistriesImpl.java:addReporterRegistration(111)) - New reporters are added after registries were created. Some metrics will be missing from the reporter. Please add reporter before adding any new registry.
2022-02-08 16:06:26,016 [Listener at 127.0.0.1/39187] INFO  impl.MetricsSystemImpl (MetricsSystemImpl.java:init(158)) - HddsDatanode metrics system started (again)
2022-02-08 16:06:26,020 [Datanode State Machine Daemon Thread] INFO  statemachine.DatanodeStateMachine (DatanodeStateMachine.java:lambda$startDaemon$0(470)) - Ozone container server started.
2022-02-08 16:06:26,064 [EndpointStateMachine task thread for /127.0.0.1:36421 - 0 ] INFO  ipc.Client (Client.java:handleConnectionFailure(977)) - Retrying connect to server: localhost/127.0.0.1:36421. Already tried 10 time(s); retry policy is RetryUpToMaximumCountWithFixedSleep(maxRetries=15, sleepTime=1000 MILLISECONDS)
2022-02-08 16:06:26,068 [Listener at 127.0.0.1/39187] INFO  ozone.HddsDatanodeService (HddsDatanodeService.java:start(234)) - HddsDatanodeService host:fv-az131-167.auewytzlwegeflj1x524eayoxd.phxx.internal.cloudapp.net ip:10.1.0.12
2022-02-08 16:06:26,083 [EndpointStateMachine task thread for /127.0.0.1:40425 - 0 ] INFO  ipc.Client (Client.java:handleConnectionFailure(977)) - Retrying connect to server: localhost/127.0.0.1:40425. Already tried 10 time(s); retry policy is RetryUpToMaximumCountWithFixedSleep(maxRetries=15, sleepTime=1000 MILLISECONDS)
2022-02-08 16:06:26,084 [EndpointStateMachine task thread for /127.0.0.1:42215 - 0 ] INFO  ipc.Client (Client.java:handleConnectionFailure(977)) - Retrying connect to server: localhost/127.0.0.1:42215. Already tried 10 time(s); retry policy is RetryUpToMaximumCountWithFixedSleep(maxRetries=15, sleepTime=1000 MILLISECONDS)
2022-02-08 16:06:26,105 [org.apache.hadoop.util.JvmPauseMonitor$Monitor@35061f20] INFO  util.JvmPauseMonitor (JvmPauseMonitor.java:run(188)) - Starting JVM pause monitor
2022-02-08 16:06:26,108 [Datanode State Machine Task Thread - 0] INFO  ha.SCMNodeInfo (SCMNodeInfo.java:getPort(197)) - ConfigKey ozone.scm.client.address is deprecated, For configuring different ports for each SCM use PortConfigKey ozone.scm.client.port appended with serviceId and nodeId
2022-02-08 16:06:26,110 [Datanode State Machine Task Thread - 0] INFO  ha.SCMNodeInfo (SCMNodeInfo.java:getPort(197)) - ConfigKey ozone.scm.block.client.address is deprecated, For configuring different ports for each SCM use PortConfigKey ozone.scm.block.client.port appended with serviceId and nodeId
2022-02-08 16:06:26,110 [Datanode State Machine Task Thread - 0] INFO  ha.SCMNodeInfo (SCMNodeInfo.java:getPort(197)) - ConfigKey ozone.scm.datanode.address is deprecated, For configuring different ports for each SCM use PortConfigKey ozone.scm.datanode.port appended with serviceId and nodeId
2022-02-08 16:06:26,110 [Datanode State Machine Task Thread - 0] INFO  ha.SCMNodeInfo (SCMNodeInfo.java:getPort(197)) - ConfigKey ozone.scm.client.address is deprecated, For configuring different ports for each SCM use PortConfigKey ozone.scm.client.port appended with serviceId and nodeId
2022-02-08 16:06:26,110 [Datanode State Machine Task Thread - 0] INFO  ha.SCMNodeInfo (SCMNodeInfo.java:getPort(197)) - ConfigKey ozone.scm.block.client.address is deprecated, For configuring different ports for each SCM use PortConfigKey ozone.scm.block.client.port appended with serviceId and nodeId
2022-02-08 16:06:26,110 [Datanode State Machine Task Thread - 0] INFO  ha.SCMNodeInfo (SCMNodeInfo.java:getPort(197)) - ConfigKey ozone.scm.datanode.address is deprecated, For configuring different ports for each SCM use PortConfigKey ozone.scm.datanode.port appended with serviceId and nodeId
2022-02-08 16:06:26,110 [Datanode State Machine Task Thread - 0] INFO  ha.SCMNodeInfo (SCMNodeInfo.java:getPort(197)) - ConfigKey ozone.scm.client.address is deprecated, For configuring different ports for each SCM use PortConfigKey ozone.scm.client.port appended with serviceId and nodeId
2022-02-08 16:06:26,110 [Datanode State Machine Task Thread - 0] INFO  ha.SCMNodeInfo (SCMNodeInfo.java:getPort(197)) - ConfigKey ozone.scm.block.client.address is deprecated, For configuring different ports for each SCM use PortConfigKey ozone.scm.block.client.port appended with serviceId and nodeId
2022-02-08 16:06:26,110 [Datanode State Machine Task Thread - 0] INFO  ha.SCMNodeInfo (SCMNodeInfo.java:getPort(197)) - ConfigKey ozone.scm.datanode.address is deprecated, For configuring different ports for each SCM use PortConfigKey ozone.scm.datanode.port appended with serviceId and nodeId
2022-02-08 16:06:26,115 [Listener at 127.0.0.1/39187] INFO  upgrade.AbstractLayoutVersionManager (AbstractLayoutVersionManager.java:init(79)) - Initializing Layout version manager with metadata layout = SCM_HA (version = 2), software layout = SCM_HA (version = 2)
2022-02-08 16:06:26,125 [Datanode State Machine Task Thread - 0] INFO  datanode.InitDatanodeState (InitDatanodeState.java:persistContainerDatanodeDetails(145)) - DatanodeDetails is persisted to /home/runner/work/ozone/ozone/hadoop-ozone/integration-test/target/test-dir/MiniOzoneClusterImpl-a5c83128-e0a7-4ff9-8358-8aced9f265d2/datanode-0/meta/datanode.id
2022-02-08 16:06:26,186 [Listener at 127.0.0.1/39187] INFO  reflections.Reflections (Reflections.java:scan(232)) - Reflections took 70 ms to scan 7 urls, producing 119 keys and 279 values 
2022-02-08 16:06:26,187 [Listener at 127.0.0.1/39187] INFO  ha.SCMNodeInfo (SCMNodeInfo.java:getPort(197)) - ConfigKey ozone.scm.client.address is deprecated, For configuring different ports for each SCM use PortConfigKey ozone.scm.client.port appended with serviceId and nodeId
2022-02-08 16:06:26,188 [Listener at 127.0.0.1/39187] INFO  ha.SCMNodeInfo (SCMNodeInfo.java:getPort(197)) - ConfigKey ozone.scm.block.client.address is deprecated, For configuring different ports for each SCM use PortConfigKey ozone.scm.block.client.port appended with serviceId and nodeId
2022-02-08 16:06:26,188 [Listener at 127.0.0.1/39187] INFO  ha.SCMNodeInfo (SCMNodeInfo.java:getPort(197)) - ConfigKey ozone.scm.datanode.address is deprecated, For configuring different ports for each SCM use PortConfigKey ozone.scm.datanode.port appended with serviceId and nodeId
2022-02-08 16:06:26,188 [Listener at 127.0.0.1/39187] INFO  ha.SCMNodeInfo (SCMNodeInfo.java:getPort(197)) - ConfigKey ozone.scm.client.address is deprecated, For configuring different ports for each SCM use PortConfigKey ozone.scm.client.port appended with serviceId and nodeId
2022-02-08 16:06:26,188 [Listener at 127.0.0.1/39187] INFO  ha.SCMNodeInfo (SCMNodeInfo.java:getPort(197)) - ConfigKey ozone.scm.block.client.address is deprecated, For configuring different ports for each SCM use PortConfigKey ozone.scm.block.client.port appended with serviceId and nodeId
2022-02-08 16:06:26,189 [Listener at 127.0.0.1/39187] INFO  ha.SCMNodeInfo (SCMNodeInfo.java:getPort(197)) - ConfigKey ozone.scm.datanode.address is deprecated, For configuring different ports for each SCM use PortConfigKey ozone.scm.datanode.port appended with serviceId and nodeId
2022-02-08 16:06:26,189 [Listener at 127.0.0.1/39187] INFO  ha.SCMNodeInfo (SCMNodeInfo.java:getPort(197)) - ConfigKey ozone.scm.client.address is deprecated, For configuring different ports for each SCM use PortConfigKey ozone.scm.client.port appended with serviceId and nodeId
2022-02-08 16:06:26,189 [Listener at 127.0.0.1/39187] INFO  ha.SCMNodeInfo (SCMNodeInfo.java:getPort(197)) - ConfigKey ozone.scm.block.client.address is deprecated, For configuring different ports for each SCM use PortConfigKey ozone.scm.block.client.port appended with serviceId and nodeId
2022-02-08 16:06:26,194 [Listener at 127.0.0.1/39187] INFO  ha.SCMNodeInfo (SCMNodeInfo.java:getPort(197)) - ConfigKey ozone.scm.datanode.address is deprecated, For configuring different ports for each SCM use PortConfigKey ozone.scm.datanode.port appended with serviceId and nodeId
2022-02-08 16:06:26,194 [Listener at 127.0.0.1/39187] INFO  statemachine.DatanodeStateMachine (DatanodeStateMachine.java:getEndPointTaskThreadPoolSize(222)) - Datanode State Machine Task Thread Pool size 4
2022-02-08 16:06:26,196 [Listener at 127.0.0.1/39187] INFO  volume.HddsVolume (HddsVolume.java:<init>(120)) - Creating HddsVolume: /home/runner/work/ozone/ozone/hadoop-ozone/integration-test/target/test-dir/MiniOzoneClusterImpl-a5c83128-e0a7-4ff9-8358-8aced9f265d2/datanode-1/data-0/containers/hdds of storage type : DISK capacity : 9223372036854775807
2022-02-08 16:06:26,196 [Listener at 127.0.0.1/39187] INFO  volume.MutableVolumeSet (MutableVolumeSet.java:initializeVolumeSet(168)) - Added Volume : /home/runner/work/ozone/ozone/hadoop-ozone/integration-test/target/test-dir/MiniOzoneClusterImpl-a5c83128-e0a7-4ff9-8358-8aced9f265d2/datanode-1/data-0/containers/hdds to VolumeSet
2022-02-08 16:06:26,197 [Listener at 127.0.0.1/39187] INFO  volume.ThrottledAsyncChecker (ThrottledAsyncChecker.java:schedule(141)) - Scheduling a check for /home/runner/work/ozone/ozone/hadoop-ozone/integration-test/target/test-dir/MiniOzoneClusterImpl-a5c83128-e0a7-4ff9-8358-8aced9f265d2/datanode-1/data-0/containers/hdds
2022-02-08 16:06:26,226 [Listener at 127.0.0.1/39187] INFO  volume.StorageVolumeChecker (StorageVolumeChecker.java:checkAllVolumes(202)) - Scheduled health check for volume /home/runner/work/ozone/ozone/hadoop-ozone/integration-test/target/test-dir/MiniOzoneClusterImpl-a5c83128-e0a7-4ff9-8358-8aced9f265d2/datanode-1/data-0/containers/hdds
2022-02-08 16:06:26,233 [omNode-1@group-523986131536-FollowerState] INFO  impl.FollowerState (FollowerState.java:run(134)) - omNode-1@group-523986131536-FollowerState: change to CANDIDATE, lastRpcElapsedTime:1068604117ns, electionTimeout:1046ms
2022-02-08 16:06:26,233 [omNode-1@group-523986131536-FollowerState] INFO  impl.RoleInfo (RoleInfo.java:shutdownFollowerState(108)) - omNode-1: shutdown omNode-1@group-523986131536-FollowerState
2022-02-08 16:06:26,234 [omNode-1@group-523986131536-FollowerState] INFO  server.RaftServer$Division (RaftServerImpl.java:setRole(290)) - omNode-1@group-523986131536: changes role from  FOLLOWER to CANDIDATE at term 0 for changeToCandidate
2022-02-08 16:06:26,234 [omNode-1@group-523986131536-FollowerState] INFO  server.RaftServerConfigKeys (ConfUtils.java:logGet(44)) - raft.server.leaderelection.pre-vote = false (custom)
2022-02-08 16:06:26,234 [omNode-1@group-523986131536-FollowerState] INFO  impl.RoleInfo (RoleInfo.java:updateAndGet(130)) - omNode-1: start omNode-1@group-523986131536-LeaderElection16
2022-02-08 16:06:26,239 [Listener at 127.0.0.1/39187] INFO  volume.MutableVolumeSet (MutableVolumeSet.java:initializeVolumeSet(168)) - Added Volume : /home/runner/work/ozone/ozone/hadoop-ozone/integration-test/target/test-dir/MiniOzoneClusterImpl-a5c83128-e0a7-4ff9-8358-8aced9f265d2/datanode-1/data/ratis to VolumeSet
2022-02-08 16:06:26,256 [omNode-1@group-523986131536-LeaderElection16] INFO  impl.LeaderElection (LeaderElection.java:askForVotes(306)) - omNode-1@group-523986131536-LeaderElection16 ELECTION round 0: submit vote requests at term 1 for -1: [omNode-1|rpc:localhost:33555|priority:0], old=null
2022-02-08 16:06:26,256 [omNode-1@group-523986131536-LeaderElection16] INFO  impl.LeaderElection (LeaderElection.java:askForVotes(308)) - omNode-1@group-523986131536-LeaderElection16 ELECTION round 0: result PASSED (term=1)
2022-02-08 16:06:26,256 [omNode-1@group-523986131536-LeaderElection16] INFO  impl.RoleInfo (RoleInfo.java:shutdownLeaderElection(121)) - omNode-1: shutdown omNode-1@group-523986131536-LeaderElection16
2022-02-08 16:06:26,257 [omNode-1@group-523986131536-LeaderElection16] INFO  server.RaftServer$Division (RaftServerImpl.java:setRole(290)) - omNode-1@group-523986131536: changes role from CANDIDATE to LEADER at term 1 for changeToLeader
2022-02-08 16:06:26,257 [omNode-1@group-523986131536-LeaderElection16] INFO  server.RaftServer$Division (ServerState.java:setLeader(285)) - omNode-1@group-523986131536: change Leader from null to omNode-1 at term 1 for becomeLeader, leader elected after 1135ms
2022-02-08 16:06:26,257 [omNode-1@group-523986131536-LeaderElection16] INFO  server.RaftServerConfigKeys (ConfUtils.java:logGet(44)) - raft.server.staging.catchup.gap = 1000 (default)
2022-02-08 16:06:26,257 [omNode-1@group-523986131536-LeaderElection16] INFO  server.RaftServerConfigKeys (ConfUtils.java:logGet(44)) - raft.server.write.element-limit = 4096 (default)
2022-02-08 16:06:26,257 [omNode-1@group-523986131536-LeaderElection16] INFO  server.RaftServerConfigKeys (ConfUtils.java:logGet(44)) - raft.server.write.byte-limit = 64MB (=67108864) (default)
2022-02-08 16:06:26,257 [omNode-1@group-523986131536-LeaderElection16] INFO  server.RaftServerConfigKeys (ConfUtils.java:logGet(44)) - raft.server.watch.timeout = 10s (default)
2022-02-08 16:06:26,257 [omNode-1@group-523986131536-LeaderElection16] INFO  server.RaftServerConfigKeys (ConfUtils.java:logGet(44)) - raft.server.watch.timeout.denomination = 1s (default)
2022-02-08 16:06:26,257 [omNode-1@group-523986131536-LeaderElection16] INFO  server.RaftServerConfigKeys (ConfUtils.java:logGet(44)) - raft.server.watch.element-limit = 65536 (default)
2022-02-08 16:06:26,257 [omNode-1@group-523986131536-LeaderElection16] INFO  server.RaftServerConfigKeys (ConfUtils.java:logGet(44)) - raft.server.write.element-limit = 4096 (default)
2022-02-08 16:06:26,258 [omNode-1@group-523986131536-LeaderElection16] INFO  server.RaftServerConfigKeys (ConfUtils.java:logGet(44)) - raft.server.write.follower.gap.ratio.max = -1.0 (default)
2022-02-08 16:06:26,258 [omNode-1@group-523986131536-LeaderElection16] INFO  impl.RoleInfo (RoleInfo.java:updateAndGet(130)) - omNode-1: start omNode-1@group-523986131536-LeaderStateImpl
2022-02-08 16:06:26,258 [omNode-1@group-523986131536-LeaderElection16] INFO  segmented.SegmentedRaftLogWorker (SegmentedRaftLogWorker.java:startLogSegment(394)) - omNode-1@group-523986131536-SegmentedRaftLogWorker: Starting segment from index:0
2022-02-08 16:06:26,268 [omNode-1@group-523986131536-LeaderElection16] INFO  server.RaftServer$Division (ServerState.java:setRaftConf(387)) - omNode-1@group-523986131536: set configuration 0: [omNode-1|rpc:localhost:33555|admin:|client:|dataStream:|priority:0], old=null
2022-02-08 16:06:26,268 [omNode-1@group-523986131536-SegmentedRaftLogWorker] INFO  segmented.SegmentedRaftLogWorker (SegmentedRaftLogWorker.java:execute(601)) - omNode-1@group-523986131536-SegmentedRaftLogWorker: created new log segment /home/runner/work/ozone/ozone/hadoop-ozone/integration-test/target/test-dir/MiniOzoneClusterImpl-a5c83128-e0a7-4ff9-8358-8aced9f265d2/omNode-1/ratis/c9bc4cf4-3bc3-3c60-a66b-523986131536/current/log_inprogress_0
2022-02-08 16:06:26,268 [Listener at 127.0.0.1/39187] INFO  volume.ThrottledAsyncChecker (ThrottledAsyncChecker.java:schedule(141)) - Scheduling a check for /home/runner/work/ozone/ozone/hadoop-ozone/integration-test/target/test-dir/MiniOzoneClusterImpl-a5c83128-e0a7-4ff9-8358-8aced9f265d2/datanode-1/data/ratis
2022-02-08 16:06:26,272 [Listener at 127.0.0.1/39187] INFO  volume.StorageVolumeChecker (StorageVolumeChecker.java:checkAllVolumes(202)) - Scheduled health check for volume /home/runner/work/ozone/ozone/hadoop-ozone/integration-test/target/test-dir/MiniOzoneClusterImpl-a5c83128-e0a7-4ff9-8358-8aced9f265d2/datanode-1/data/ratis
2022-02-08 16:06:26,280 [omNode-1@group-523986131536-StateMachineUpdater] INFO  ratis.OzoneManagerStateMachine (OzoneManagerStateMachine.java:notifyConfigurationChanged(188)) - Received Configuration change notification from Ratis. New Peer list:
[id: "omNode-1"
address: "localhost:33555"
]
2022-02-08 16:06:26,286 [Thread-1473] INFO  ozoneimpl.ContainerReader (ContainerReader.java:readVolume(172)) - Finish verifying containers on volume /home/runner/work/ozone/ozone/hadoop-ozone/integration-test/target/test-dir/MiniOzoneClusterImpl-a5c83128-e0a7-4ff9-8358-8aced9f265d2/datanode-1/data-0/containers/hdds
2022-02-08 16:06:26,286 [Listener at 127.0.0.1/39187] INFO  ozoneimpl.OzoneContainer (OzoneContainer.java:buildContainerSet(237)) - Build ContainerSet costs 0s
2022-02-08 16:06:26,288 [Listener at 127.0.0.1/39187] INFO  server.RaftServer (ConfUtils.java:logGet(44)) - raft.rpc.type = GRPC (default)
2022-02-08 16:06:26,288 [Listener at 127.0.0.1/39187] INFO  grpc.GrpcFactory (GrpcFactory.java:checkPooledByteBufAllocatorUseCacheForAllThreads(48)) - PERFORMANCE WARNING: useCacheForAllThreads is true that may cause Netty to create a lot garbage objects and, as a result, trigger GC.
	It is recommended to disable useCacheForAllThreads by setting -Dorg.apache.ratis.thirdparty.io.netty.allocator.useCacheForAllThreads=false in command line.
2022-02-08 16:06:26,288 [Listener at 127.0.0.1/39187] INFO  grpc.GrpcConfigKeys (ConfUtils.java:logGet(44)) - raft.grpc.admin.port = 0 (custom)
2022-02-08 16:06:26,289 [Listener at 127.0.0.1/39187] INFO  grpc.GrpcConfigKeys (ConfUtils.java:logGet(44)) - raft.grpc.client.port = 0 (custom)
2022-02-08 16:06:26,289 [Listener at 127.0.0.1/39187] INFO  grpc.GrpcConfigKeys (ConfUtils.java:logGet(44)) - raft.grpc.server.port = 0 (default)
2022-02-08 16:06:26,289 [Listener at 127.0.0.1/39187] INFO  server.GrpcService (ConfUtils.java:logGet(44)) - raft.grpc.message.size.max = 32MB (=33554432) (custom)
2022-02-08 16:06:26,289 [Listener at 127.0.0.1/39187] INFO  server.RaftServerConfigKeys (ConfUtils.java:logGet(44)) - raft.server.log.appender.buffer.byte-limit = 33554432 (custom)
2022-02-08 16:06:26,289 [Listener at 127.0.0.1/39187] INFO  server.GrpcService (ConfUtils.java:logGet(44)) - raft.grpc.flow.control.window = 5MB (=5242880) (custom)
2022-02-08 16:06:26,289 [Listener at 127.0.0.1/39187] INFO  server.RaftServerConfigKeys (ConfUtils.java:logGet(44)) - raft.server.rpc.request.timeout = 60s (custom)
2022-02-08 16:06:26,290 [Listener at 127.0.0.1/39187] INFO  impl.DataStreamServerImpl (ConfUtils.java:logGet(44)) - raft.datastream.type = DISABLED (default)
2022-02-08 16:06:26,291 [Listener at 127.0.0.1/39187] INFO  server.RaftServerConfigKeys (ConfUtils.java:logGet(44)) - raft.server.rpc.slowness.timeout = 300s (custom)
2022-02-08 16:06:26,291 [Listener at 127.0.0.1/39187] INFO  server.RaftServerConfigKeys (ConfUtils.java:logGet(44)) - raft.server.leaderelection.leader.step-down.wait-time = 10s (default)
2022-02-08 16:06:26,291 [Listener at 127.0.0.1/39187] INFO  server.RaftServerConfigKeys (ConfUtils.java:logGet(44)) - raft.server.storage.dir = [/home/runner/work/ozone/ozone/hadoop-ozone/integration-test/target/test-dir/MiniOzoneClusterImpl-a5c83128-e0a7-4ff9-8358-8aced9f265d2/datanode-1/data/ratis] (custom)
2022-02-08 16:06:26,292 [Listener at 127.0.0.1/39187] INFO  server.XceiverServerGrpc (XceiverServerGrpc.java:<init>(132)) - GrpcServer channel type EpollServerSocketChannel
2022-02-08 16:06:26,311 [Listener at 127.0.0.1/39187] INFO  http.BaseHttpServer (BaseHttpServer.java:newHttpServer2BuilderForOzone(209)) - Starting Web-server for hddsDatanode at: http://0.0.0.0:0
2022-02-08 16:06:26,311 [Listener at 127.0.0.1/39187] INFO  http.BaseHttpServer (BaseHttpServer.java:<init>(107)) - Hadoop Security Enabled: false Ozone Security Enabled: false Ozone HTTP Security Enabled: false 
2022-02-08 16:06:26,312 [Listener at 127.0.0.1/39187] INFO  server.AuthenticationFilter (AuthenticationFilter.java:constructSecretProvider(240)) - Unable to initialize FileSignerSecretProvider, falling back to use random secrets.
2022-02-08 16:06:26,320 [Listener at 127.0.0.1/39187] WARN  http.HttpRequestLog (HttpRequestLog.java:getRequestLog(103)) - Jetty request log can only be enabled using Log4j
2022-02-08 16:06:26,321 [Listener at 127.0.0.1/39187] INFO  http.HttpServer2 (HttpServer2.java:addGlobalFilter(1030)) - Added global filter 'safety' (class=org.apache.hadoop.hdds.server.http.HttpServer2$QuotingInputFilter)
2022-02-08 16:06:26,321 [Listener at 127.0.0.1/39187] INFO  http.HttpServer2 (HttpServer2.java:addFilter(1006)) - Added filter static_user_filter (class=org.apache.hadoop.http.lib.StaticUserWebFilter$StaticUserFilter) to context hddsDatanode
2022-02-08 16:06:26,322 [Listener at 127.0.0.1/39187] INFO  http.HttpServer2 (HttpServer2.java:addFilter(1014)) - Added filter static_user_filter (class=org.apache.hadoop.http.lib.StaticUserWebFilter$StaticUserFilter) to context logs
2022-02-08 16:06:26,322 [Listener at 127.0.0.1/39187] INFO  http.HttpServer2 (HttpServer2.java:addFilter(1014)) - Added filter static_user_filter (class=org.apache.hadoop.http.lib.StaticUserWebFilter$StaticUserFilter) to context static
2022-02-08 16:06:26,322 [Listener at 127.0.0.1/39187] INFO  http.HttpServer2 (HttpServer2.java:bindListener(1249)) - Jetty bound to port 39053
2022-02-08 16:06:26,323 [Listener at 127.0.0.1/39187] INFO  server.Server (Server.java:doStart(375)) - jetty-9.4.43.v20210629; built: 2021-06-30T11:07:22.254Z; git: 526006ecfa3af7f1a27ef3a288e2bef7ea9dd7e8; jvm 1.8.0_312-b07
2022-02-08 16:06:26,363 [Listener at 127.0.0.1/39187] INFO  server.session (DefaultSessionIdManager.java:doStart(334)) - DefaultSessionIdManager workerName=node0
2022-02-08 16:06:26,363 [Listener at 127.0.0.1/39187] INFO  server.session (DefaultSessionIdManager.java:doStart(339)) - No SessionScavenger set, using defaults
2022-02-08 16:06:26,363 [Listener at 127.0.0.1/39187] INFO  server.session (HouseKeeper.java:startScavenging(132)) - node0 Scavenging every 600000ms
2022-02-08 16:06:26,369 [Listener at 127.0.0.1/39187] INFO  handler.ContextHandler (ContextHandler.java:doStart(915)) - Started o.e.j.s.ServletContextHandler@16a5bf77{logs,/logs,file:///home/runner/work/ozone/ozone/hadoop-ozone/integration-test/target/log,AVAILABLE}
2022-02-08 16:06:26,370 [Listener at 127.0.0.1/39187] INFO  handler.ContextHandler (ContextHandler.java:doStart(915)) - Started o.e.j.s.ServletContextHandler@243b6f27{static,/static,jar:file:/home/runner/.m2/repository/org/apache/ozone/hdds-container-service/1.3.0-SNAPSHOT/hdds-container-service-1.3.0-SNAPSHOT.jar!/webapps/static,AVAILABLE}
2022-02-08 16:06:26,456 [Listener at 127.0.0.1/39187] INFO  handler.ContextHandler (ContextHandler.java:doStart(915)) - Started o.e.j.w.WebAppContext@59000ae5{hddsDatanode,/,file:///tmp/jetty-0_0_0_0-39053-hdds-container-service-1_3_0-SNAPSHOT_jar-_-any-7252327438711131458/webapp/,AVAILABLE}{jar:file:/home/runner/.m2/repository/org/apache/ozone/hdds-container-service/1.3.0-SNAPSHOT/hdds-container-service-1.3.0-SNAPSHOT.jar!/webapps/hddsDatanode}
2022-02-08 16:06:26,458 [Listener at 127.0.0.1/39187] INFO  server.AbstractConnector (AbstractConnector.java:doStart(331)) - Started ServerConnector@15e281ee{HTTP/1.1, (http/1.1)}{0.0.0.0:39053}
2022-02-08 16:06:26,458 [Listener at 127.0.0.1/39187] INFO  server.Server (Server.java:doStart(415)) - Started @97313ms
2022-02-08 16:06:26,458 [Listener at 127.0.0.1/39187] WARN  impl.MetricsSystemImpl (MetricsSystemImpl.java:register(279)) - Sink prometheus already exists!
2022-02-08 16:06:26,459 [Listener at 127.0.0.1/39187] INFO  http.BaseHttpServer (BaseHttpServer.java:updateConnectorAddress(329)) - HTTP server of hddsDatanode listening at http://0.0.0.0:39053
2022-02-08 16:06:26,463 [Listener at 127.0.0.1/39187] WARN  impl.MetricRegistriesImpl (MetricRegistriesImpl.java:addReporterRegistration(111)) - New reporters are added after registries were created. Some metrics will be missing from the reporter. Please add reporter before adding any new registry.
2022-02-08 16:06:26,463 [Listener at 127.0.0.1/39187] WARN  impl.MetricRegistriesImpl (MetricRegistriesImpl.java:addReporterRegistration(111)) - New reporters are added after registries were created. Some metrics will be missing from the reporter. Please add reporter before adding any new registry.
2022-02-08 16:06:26,463 [Listener at 127.0.0.1/39187] INFO  impl.MetricsSystemImpl (MetricsSystemImpl.java:init(158)) - HddsDatanode metrics system started (again)
2022-02-08 16:06:26,475 [Listener at 127.0.0.1/39187] INFO  ozone.HddsDatanodeService (HddsDatanodeService.java:start(234)) - HddsDatanodeService host:fv-az131-167.auewytzlwegeflj1x524eayoxd.phxx.internal.cloudapp.net ip:10.1.0.12
2022-02-08 16:06:26,475 [Datanode State Machine Daemon Thread] INFO  statemachine.DatanodeStateMachine (DatanodeStateMachine.java:lambda$startDaemon$0(470)) - Ozone container server started.
2022-02-08 16:06:26,519 [Listener at 127.0.0.1/39187] INFO  upgrade.AbstractLayoutVersionManager (AbstractLayoutVersionManager.java:init(79)) - Initializing Layout version manager with metadata layout = SCM_HA (version = 2), software layout = SCM_HA (version = 2)
2022-02-08 16:06:26,544 [org.apache.hadoop.util.JvmPauseMonitor$Monitor@f7cecd3] INFO  util.JvmPauseMonitor (JvmPauseMonitor.java:run(188)) - Starting JVM pause monitor
2022-02-08 16:06:26,544 [Datanode State Machine Task Thread - 0] INFO  ha.SCMNodeInfo (SCMNodeInfo.java:getPort(197)) - ConfigKey ozone.scm.client.address is deprecated, For configuring different ports for each SCM use PortConfigKey ozone.scm.client.port appended with serviceId and nodeId
2022-02-08 16:06:26,544 [Datanode State Machine Task Thread - 0] INFO  ha.SCMNodeInfo (SCMNodeInfo.java:getPort(197)) - ConfigKey ozone.scm.block.client.address is deprecated, For configuring different ports for each SCM use PortConfigKey ozone.scm.block.client.port appended with serviceId and nodeId
2022-02-08 16:06:26,544 [Datanode State Machine Task Thread - 0] INFO  ha.SCMNodeInfo (SCMNodeInfo.java:getPort(197)) - ConfigKey ozone.scm.datanode.address is deprecated, For configuring different ports for each SCM use PortConfigKey ozone.scm.datanode.port appended with serviceId and nodeId
2022-02-08 16:06:26,544 [Datanode State Machine Task Thread - 0] INFO  ha.SCMNodeInfo (SCMNodeInfo.java:getPort(197)) - ConfigKey ozone.scm.client.address is deprecated, For configuring different ports for each SCM use PortConfigKey ozone.scm.client.port appended with serviceId and nodeId
2022-02-08 16:06:26,545 [Datanode State Machine Task Thread - 0] INFO  ha.SCMNodeInfo (SCMNodeInfo.java:getPort(197)) - ConfigKey ozone.scm.block.client.address is deprecated, For configuring different ports for each SCM use PortConfigKey ozone.scm.block.client.port appended with serviceId and nodeId
2022-02-08 16:06:26,546 [Datanode State Machine Task Thread - 0] INFO  ha.SCMNodeInfo (SCMNodeInfo.java:getPort(197)) - ConfigKey ozone.scm.datanode.address is deprecated, For configuring different ports for each SCM use PortConfigKey ozone.scm.datanode.port appended with serviceId and nodeId
2022-02-08 16:06:26,546 [Datanode State Machine Task Thread - 0] INFO  ha.SCMNodeInfo (SCMNodeInfo.java:getPort(197)) - ConfigKey ozone.scm.client.address is deprecated, For configuring different ports for each SCM use PortConfigKey ozone.scm.client.port appended with serviceId and nodeId
2022-02-08 16:06:26,551 [Datanode State Machine Task Thread - 0] INFO  ha.SCMNodeInfo (SCMNodeInfo.java:getPort(197)) - ConfigKey ozone.scm.block.client.address is deprecated, For configuring different ports for each SCM use PortConfigKey ozone.scm.block.client.port appended with serviceId and nodeId
2022-02-08 16:06:26,551 [Datanode State Machine Task Thread - 0] INFO  ha.SCMNodeInfo (SCMNodeInfo.java:getPort(197)) - ConfigKey ozone.scm.datanode.address is deprecated, For configuring different ports for each SCM use PortConfigKey ozone.scm.datanode.port appended with serviceId and nodeId
2022-02-08 16:06:26,567 [Datanode State Machine Task Thread - 0] INFO  datanode.InitDatanodeState (InitDatanodeState.java:persistContainerDatanodeDetails(145)) - DatanodeDetails is persisted to /home/runner/work/ozone/ozone/hadoop-ozone/integration-test/target/test-dir/MiniOzoneClusterImpl-a5c83128-e0a7-4ff9-8358-8aced9f265d2/datanode-1/meta/datanode.id
2022-02-08 16:06:26,634 [Listener at 127.0.0.1/39187] INFO  reflections.Reflections (Reflections.java:scan(232)) - Reflections took 113 ms to scan 7 urls, producing 119 keys and 279 values 
2022-02-08 16:06:26,640 [Listener at 127.0.0.1/39187] INFO  ha.SCMNodeInfo (SCMNodeInfo.java:getPort(197)) - ConfigKey ozone.scm.client.address is deprecated, For configuring different ports for each SCM use PortConfigKey ozone.scm.client.port appended with serviceId and nodeId
2022-02-08 16:06:26,641 [Listener at 127.0.0.1/39187] INFO  ha.SCMNodeInfo (SCMNodeInfo.java:getPort(197)) - ConfigKey ozone.scm.block.client.address is deprecated, For configuring different ports for each SCM use PortConfigKey ozone.scm.block.client.port appended with serviceId and nodeId
2022-02-08 16:06:26,641 [Listener at 127.0.0.1/39187] INFO  ha.SCMNodeInfo (SCMNodeInfo.java:getPort(197)) - ConfigKey ozone.scm.datanode.address is deprecated, For configuring different ports for each SCM use PortConfigKey ozone.scm.datanode.port appended with serviceId and nodeId
2022-02-08 16:06:26,641 [Listener at 127.0.0.1/39187] INFO  ha.SCMNodeInfo (SCMNodeInfo.java:getPort(197)) - ConfigKey ozone.scm.client.address is deprecated, For configuring different ports for each SCM use PortConfigKey ozone.scm.client.port appended with serviceId and nodeId
2022-02-08 16:06:26,641 [Listener at 127.0.0.1/39187] INFO  ha.SCMNodeInfo (SCMNodeInfo.java:getPort(197)) - ConfigKey ozone.scm.block.client.address is deprecated, For configuring different ports for each SCM use PortConfigKey ozone.scm.block.client.port appended with serviceId and nodeId
2022-02-08 16:06:26,641 [Listener at 127.0.0.1/39187] INFO  ha.SCMNodeInfo (SCMNodeInfo.java:getPort(197)) - ConfigKey ozone.scm.datanode.address is deprecated, For configuring different ports for each SCM use PortConfigKey ozone.scm.datanode.port appended with serviceId and nodeId
2022-02-08 16:06:26,641 [Listener at 127.0.0.1/39187] INFO  ha.SCMNodeInfo (SCMNodeInfo.java:getPort(197)) - ConfigKey ozone.scm.client.address is deprecated, For configuring different ports for each SCM use PortConfigKey ozone.scm.client.port appended with serviceId and nodeId
2022-02-08 16:06:26,642 [Listener at 127.0.0.1/39187] INFO  ha.SCMNodeInfo (SCMNodeInfo.java:getPort(197)) - ConfigKey ozone.scm.block.client.address is deprecated, For configuring different ports for each SCM use PortConfigKey ozone.scm.block.client.port appended with serviceId and nodeId
2022-02-08 16:06:26,642 [Listener at 127.0.0.1/39187] INFO  ha.SCMNodeInfo (SCMNodeInfo.java:getPort(197)) - ConfigKey ozone.scm.datanode.address is deprecated, For configuring different ports for each SCM use PortConfigKey ozone.scm.datanode.port appended with serviceId and nodeId
2022-02-08 16:06:26,642 [Listener at 127.0.0.1/39187] INFO  statemachine.DatanodeStateMachine (DatanodeStateMachine.java:getEndPointTaskThreadPoolSize(222)) - Datanode State Machine Task Thread Pool size 4
2022-02-08 16:06:26,644 [Listener at 127.0.0.1/39187] INFO  volume.HddsVolume (HddsVolume.java:<init>(120)) - Creating HddsVolume: /home/runner/work/ozone/ozone/hadoop-ozone/integration-test/target/test-dir/MiniOzoneClusterImpl-a5c83128-e0a7-4ff9-8358-8aced9f265d2/datanode-2/data-0/containers/hdds of storage type : DISK capacity : 9223372036854775807
2022-02-08 16:06:26,644 [Listener at 127.0.0.1/39187] INFO  volume.MutableVolumeSet (MutableVolumeSet.java:initializeVolumeSet(168)) - Added Volume : /home/runner/work/ozone/ozone/hadoop-ozone/integration-test/target/test-dir/MiniOzoneClusterImpl-a5c83128-e0a7-4ff9-8358-8aced9f265d2/datanode-2/data-0/containers/hdds to VolumeSet
2022-02-08 16:06:26,644 [Listener at 127.0.0.1/39187] INFO  volume.ThrottledAsyncChecker (ThrottledAsyncChecker.java:schedule(141)) - Scheduling a check for /home/runner/work/ozone/ozone/hadoop-ozone/integration-test/target/test-dir/MiniOzoneClusterImpl-a5c83128-e0a7-4ff9-8358-8aced9f265d2/datanode-2/data-0/containers/hdds
2022-02-08 16:06:26,652 [Listener at 127.0.0.1/39187] INFO  volume.StorageVolumeChecker (StorageVolumeChecker.java:checkAllVolumes(202)) - Scheduled health check for volume /home/runner/work/ozone/ozone/hadoop-ozone/integration-test/target/test-dir/MiniOzoneClusterImpl-a5c83128-e0a7-4ff9-8358-8aced9f265d2/datanode-2/data-0/containers/hdds
2022-02-08 16:06:26,673 [Listener at 127.0.0.1/39187] INFO  volume.MutableVolumeSet (MutableVolumeSet.java:initializeVolumeSet(168)) - Added Volume : /home/runner/work/ozone/ozone/hadoop-ozone/integration-test/target/test-dir/MiniOzoneClusterImpl-a5c83128-e0a7-4ff9-8358-8aced9f265d2/datanode-2/data/ratis to VolumeSet
2022-02-08 16:06:26,675 [Listener at 127.0.0.1/39187] INFO  volume.ThrottledAsyncChecker (ThrottledAsyncChecker.java:schedule(141)) - Scheduling a check for /home/runner/work/ozone/ozone/hadoop-ozone/integration-test/target/test-dir/MiniOzoneClusterImpl-a5c83128-e0a7-4ff9-8358-8aced9f265d2/datanode-2/data/ratis
2022-02-08 16:06:26,675 [Listener at 127.0.0.1/39187] INFO  volume.StorageVolumeChecker (StorageVolumeChecker.java:checkAllVolumes(202)) - Scheduled health check for volume /home/runner/work/ozone/ozone/hadoop-ozone/integration-test/target/test-dir/MiniOzoneClusterImpl-a5c83128-e0a7-4ff9-8358-8aced9f265d2/datanode-2/data/ratis
2022-02-08 16:06:26,716 [Thread-1486] INFO  ozoneimpl.ContainerReader (ContainerReader.java:readVolume(172)) - Finish verifying containers on volume /home/runner/work/ozone/ozone/hadoop-ozone/integration-test/target/test-dir/MiniOzoneClusterImpl-a5c83128-e0a7-4ff9-8358-8aced9f265d2/datanode-2/data-0/containers/hdds
2022-02-08 16:06:26,716 [Listener at 127.0.0.1/39187] INFO  ozoneimpl.OzoneContainer (OzoneContainer.java:buildContainerSet(237)) - Build ContainerSet costs 0s
2022-02-08 16:06:26,719 [Listener at 127.0.0.1/39187] INFO  server.RaftServer (ConfUtils.java:logGet(44)) - raft.rpc.type = GRPC (default)
2022-02-08 16:06:26,719 [Listener at 127.0.0.1/39187] INFO  grpc.GrpcFactory (GrpcFactory.java:checkPooledByteBufAllocatorUseCacheForAllThreads(48)) - PERFORMANCE WARNING: useCacheForAllThreads is true that may cause Netty to create a lot garbage objects and, as a result, trigger GC.
	It is recommended to disable useCacheForAllThreads by setting -Dorg.apache.ratis.thirdparty.io.netty.allocator.useCacheForAllThreads=false in command line.
2022-02-08 16:06:26,719 [Listener at 127.0.0.1/39187] INFO  grpc.GrpcConfigKeys (ConfUtils.java:logGet(44)) - raft.grpc.admin.port = 0 (custom)
2022-02-08 16:06:26,719 [Listener at 127.0.0.1/39187] INFO  grpc.GrpcConfigKeys (ConfUtils.java:logGet(44)) - raft.grpc.client.port = 0 (custom)
2022-02-08 16:06:26,719 [Listener at 127.0.0.1/39187] INFO  grpc.GrpcConfigKeys (ConfUtils.java:logGet(44)) - raft.grpc.server.port = 0 (default)
2022-02-08 16:06:26,720 [Listener at 127.0.0.1/39187] INFO  server.GrpcService (ConfUtils.java:logGet(44)) - raft.grpc.message.size.max = 32MB (=33554432) (custom)
2022-02-08 16:06:26,720 [Listener at 127.0.0.1/39187] INFO  server.RaftServerConfigKeys (ConfUtils.java:logGet(44)) - raft.server.log.appender.buffer.byte-limit = 33554432 (custom)
2022-02-08 16:06:26,720 [Listener at 127.0.0.1/39187] INFO  server.GrpcService (ConfUtils.java:logGet(44)) - raft.grpc.flow.control.window = 5MB (=5242880) (custom)
2022-02-08 16:06:26,720 [Listener at 127.0.0.1/39187] INFO  server.RaftServerConfigKeys (ConfUtils.java:logGet(44)) - raft.server.rpc.request.timeout = 60s (custom)
2022-02-08 16:06:26,721 [Listener at 127.0.0.1/39187] INFO  impl.DataStreamServerImpl (ConfUtils.java:logGet(44)) - raft.datastream.type = DISABLED (default)
2022-02-08 16:06:26,722 [Listener at 127.0.0.1/39187] INFO  server.RaftServerConfigKeys (ConfUtils.java:logGet(44)) - raft.server.rpc.slowness.timeout = 300s (custom)
2022-02-08 16:06:26,722 [Listener at 127.0.0.1/39187] INFO  server.RaftServerConfigKeys (ConfUtils.java:logGet(44)) - raft.server.leaderelection.leader.step-down.wait-time = 10s (default)
2022-02-08 16:06:26,722 [Listener at 127.0.0.1/39187] INFO  server.RaftServerConfigKeys (ConfUtils.java:logGet(44)) - raft.server.storage.dir = [/home/runner/work/ozone/ozone/hadoop-ozone/integration-test/target/test-dir/MiniOzoneClusterImpl-a5c83128-e0a7-4ff9-8358-8aced9f265d2/datanode-2/data/ratis] (custom)
2022-02-08 16:06:26,723 [Listener at 127.0.0.1/39187] INFO  server.XceiverServerGrpc (XceiverServerGrpc.java:<init>(132)) - GrpcServer channel type EpollServerSocketChannel
2022-02-08 16:06:26,749 [Listener at 127.0.0.1/39187] INFO  http.BaseHttpServer (BaseHttpServer.java:newHttpServer2BuilderForOzone(209)) - Starting Web-server for hddsDatanode at: http://0.0.0.0:0
2022-02-08 16:06:26,749 [Listener at 127.0.0.1/39187] INFO  http.BaseHttpServer (BaseHttpServer.java:<init>(107)) - Hadoop Security Enabled: false Ozone Security Enabled: false Ozone HTTP Security Enabled: false 
2022-02-08 16:06:26,750 [Listener at 127.0.0.1/39187] INFO  server.AuthenticationFilter (AuthenticationFilter.java:constructSecretProvider(240)) - Unable to initialize FileSignerSecretProvider, falling back to use random secrets.
2022-02-08 16:06:26,754 [Listener at 127.0.0.1/39187] WARN  http.HttpRequestLog (HttpRequestLog.java:getRequestLog(103)) - Jetty request log can only be enabled using Log4j
2022-02-08 16:06:26,755 [Listener at 127.0.0.1/39187] INFO  http.HttpServer2 (HttpServer2.java:addGlobalFilter(1030)) - Added global filter 'safety' (class=org.apache.hadoop.hdds.server.http.HttpServer2$QuotingInputFilter)
2022-02-08 16:06:26,755 [Listener at 127.0.0.1/39187] INFO  http.HttpServer2 (HttpServer2.java:addFilter(1006)) - Added filter static_user_filter (class=org.apache.hadoop.http.lib.StaticUserWebFilter$StaticUserFilter) to context hddsDatanode
2022-02-08 16:06:26,755 [Listener at 127.0.0.1/39187] INFO  http.HttpServer2 (HttpServer2.java:addFilter(1014)) - Added filter static_user_filter (class=org.apache.hadoop.http.lib.StaticUserWebFilter$StaticUserFilter) to context logs
2022-02-08 16:06:26,755 [Listener at 127.0.0.1/39187] INFO  http.HttpServer2 (HttpServer2.java:addFilter(1014)) - Added filter static_user_filter (class=org.apache.hadoop.http.lib.StaticUserWebFilter$StaticUserFilter) to context static
2022-02-08 16:06:26,757 [Listener at 127.0.0.1/39187] INFO  http.HttpServer2 (HttpServer2.java:bindListener(1249)) - Jetty bound to port 45357
2022-02-08 16:06:26,757 [Listener at 127.0.0.1/39187] INFO  server.Server (Server.java:doStart(375)) - jetty-9.4.43.v20210629; built: 2021-06-30T11:07:22.254Z; git: 526006ecfa3af7f1a27ef3a288e2bef7ea9dd7e8; jvm 1.8.0_312-b07
2022-02-08 16:06:26,828 [Listener at 127.0.0.1/39187] INFO  server.session (DefaultSessionIdManager.java:doStart(334)) - DefaultSessionIdManager workerName=node0
2022-02-08 16:06:26,829 [Listener at 127.0.0.1/39187] INFO  server.session (DefaultSessionIdManager.java:doStart(339)) - No SessionScavenger set, using defaults
2022-02-08 16:06:26,829 [Listener at 127.0.0.1/39187] INFO  server.session (HouseKeeper.java:startScavenging(132)) - node0 Scavenging every 600000ms
2022-02-08 16:06:26,836 [Listener at 127.0.0.1/39187] INFO  handler.ContextHandler (ContextHandler.java:doStart(915)) - Started o.e.j.s.ServletContextHandler@25df80f7{logs,/logs,file:///home/runner/work/ozone/ozone/hadoop-ozone/integration-test/target/log,AVAILABLE}
2022-02-08 16:06:26,837 [Listener at 127.0.0.1/39187] INFO  handler.ContextHandler (ContextHandler.java:doStart(915)) - Started o.e.j.s.ServletContextHandler@1717167e{static,/static,jar:file:/home/runner/.m2/repository/org/apache/ozone/hdds-container-service/1.3.0-SNAPSHOT/hdds-container-service-1.3.0-SNAPSHOT.jar!/webapps/static,AVAILABLE}
2022-02-08 16:06:26,919 [Listener at 127.0.0.1/39187] INFO  handler.ContextHandler (ContextHandler.java:doStart(915)) - Started o.e.j.w.WebAppContext@24378e1d{hddsDatanode,/,file:///tmp/jetty-0_0_0_0-45357-hdds-container-service-1_3_0-SNAPSHOT_jar-_-any-628388620129008069/webapp/,AVAILABLE}{jar:file:/home/runner/.m2/repository/org/apache/ozone/hdds-container-service/1.3.0-SNAPSHOT/hdds-container-service-1.3.0-SNAPSHOT.jar!/webapps/hddsDatanode}
2022-02-08 16:06:26,939 [Listener at 127.0.0.1/39187] INFO  server.AbstractConnector (AbstractConnector.java:doStart(331)) - Started ServerConnector@291bd851{HTTP/1.1, (http/1.1)}{0.0.0.0:45357}
2022-02-08 16:06:26,940 [Listener at 127.0.0.1/39187] INFO  server.Server (Server.java:doStart(415)) - Started @97795ms
2022-02-08 16:06:26,940 [Listener at 127.0.0.1/39187] WARN  impl.MetricsSystemImpl (MetricsSystemImpl.java:register(279)) - Sink prometheus already exists!
2022-02-08 16:06:26,941 [Listener at 127.0.0.1/39187] INFO  http.BaseHttpServer (BaseHttpServer.java:updateConnectorAddress(329)) - HTTP server of hddsDatanode listening at http://0.0.0.0:45357
2022-02-08 16:06:26,948 [Listener at 127.0.0.1/39187] INFO  ozone.MiniOzoneClusterImpl (MiniOzoneClusterImpl.java:lambda$waitForClusterToBeReady$0(219)) - Waiting for nodes to be ready. Got 0 of 3 DN Heartbeats.
2022-02-08 16:06:26,948 [Listener at 127.0.0.1/39187] INFO  ozone.MiniOzoneClusterImpl (MiniOzoneClusterImpl.java:lambda$waitForClusterToBeReady$0(222)) - Waiting for cluster to exit safe mode
2022-02-08 16:06:26,948 [Listener at 127.0.0.1/39187] INFO  ozone.MiniOzoneClusterImpl (MiniOzoneClusterImpl.java:lambda$waitForClusterToBeReady$0(224)) - SCM became leader
2022-02-08 16:06:26,948 [Datanode State Machine Daemon Thread] INFO  statemachine.DatanodeStateMachine (DatanodeStateMachine.java:lambda$startDaemon$0(470)) - Ozone container server started.
2022-02-08 16:06:27,039 [org.apache.hadoop.util.JvmPauseMonitor$Monitor@12f38d34] INFO  util.JvmPauseMonitor (JvmPauseMonitor.java:run(188)) - Starting JVM pause monitor
2022-02-08 16:06:27,063 [Datanode State Machine Task Thread - 0] INFO  ha.SCMNodeInfo (SCMNodeInfo.java:getPort(197)) - ConfigKey ozone.scm.client.address is deprecated, For configuring different ports for each SCM use PortConfigKey ozone.scm.client.port appended with serviceId and nodeId
2022-02-08 16:06:27,064 [Datanode State Machine Task Thread - 0] INFO  ha.SCMNodeInfo (SCMNodeInfo.java:getPort(197)) - ConfigKey ozone.scm.block.client.address is deprecated, For configuring different ports for each SCM use PortConfigKey ozone.scm.block.client.port appended with serviceId and nodeId
2022-02-08 16:06:27,064 [Datanode State Machine Task Thread - 0] INFO  ha.SCMNodeInfo (SCMNodeInfo.java:getPort(197)) - ConfigKey ozone.scm.datanode.address is deprecated, For configuring different ports for each SCM use PortConfigKey ozone.scm.datanode.port appended with serviceId and nodeId
2022-02-08 16:06:27,064 [Datanode State Machine Task Thread - 0] INFO  ha.SCMNodeInfo (SCMNodeInfo.java:getPort(197)) - ConfigKey ozone.scm.client.address is deprecated, For configuring different ports for each SCM use PortConfigKey ozone.scm.client.port appended with serviceId and nodeId
2022-02-08 16:06:27,064 [Datanode State Machine Task Thread - 0] INFO  ha.SCMNodeInfo (SCMNodeInfo.java:getPort(197)) - ConfigKey ozone.scm.block.client.address is deprecated, For configuring different ports for each SCM use PortConfigKey ozone.scm.block.client.port appended with serviceId and nodeId
2022-02-08 16:06:27,064 [Datanode State Machine Task Thread - 0] INFO  ha.SCMNodeInfo (SCMNodeInfo.java:getPort(197)) - ConfigKey ozone.scm.datanode.address is deprecated, For configuring different ports for each SCM use PortConfigKey ozone.scm.datanode.port appended with serviceId and nodeId
2022-02-08 16:06:27,064 [Datanode State Machine Task Thread - 0] INFO  ha.SCMNodeInfo (SCMNodeInfo.java:getPort(197)) - ConfigKey ozone.scm.client.address is deprecated, For configuring different ports for each SCM use PortConfigKey ozone.scm.client.port appended with serviceId and nodeId
2022-02-08 16:06:27,064 [Datanode State Machine Task Thread - 0] INFO  ha.SCMNodeInfo (SCMNodeInfo.java:getPort(197)) - ConfigKey ozone.scm.block.client.address is deprecated, For configuring different ports for each SCM use PortConfigKey ozone.scm.block.client.port appended with serviceId and nodeId
2022-02-08 16:06:27,064 [Datanode State Machine Task Thread - 0] INFO  ha.SCMNodeInfo (SCMNodeInfo.java:getPort(197)) - ConfigKey ozone.scm.datanode.address is deprecated, For configuring different ports for each SCM use PortConfigKey ozone.scm.datanode.port appended with serviceId and nodeId
2022-02-08 16:06:27,065 [EndpointStateMachine task thread for /127.0.0.1:36421 - 0 ] INFO  ipc.Client (Client.java:handleConnectionFailure(977)) - Retrying connect to server: localhost/127.0.0.1:36421. Already tried 11 time(s); retry policy is RetryUpToMaximumCountWithFixedSleep(maxRetries=15, sleepTime=1000 MILLISECONDS)
2022-02-08 16:06:27,066 [Datanode State Machine Task Thread - 0] INFO  datanode.InitDatanodeState (InitDatanodeState.java:persistContainerDatanodeDetails(145)) - DatanodeDetails is persisted to /home/runner/work/ozone/ozone/hadoop-ozone/integration-test/target/test-dir/MiniOzoneClusterImpl-a5c83128-e0a7-4ff9-8358-8aced9f265d2/datanode-2/meta/datanode.id
2022-02-08 16:06:27,084 [EndpointStateMachine task thread for /127.0.0.1:40425 - 0 ] INFO  ipc.Client (Client.java:handleConnectionFailure(977)) - Retrying connect to server: localhost/127.0.0.1:40425. Already tried 11 time(s); retry policy is RetryUpToMaximumCountWithFixedSleep(maxRetries=15, sleepTime=1000 MILLISECONDS)
2022-02-08 16:06:27,084 [EndpointStateMachine task thread for /127.0.0.1:42215 - 0 ] INFO  ipc.Client (Client.java:handleConnectionFailure(977)) - Retrying connect to server: localhost/127.0.0.1:42215. Already tried 11 time(s); retry policy is RetryUpToMaximumCountWithFixedSleep(maxRetries=15, sleepTime=1000 MILLISECONDS)
2022-02-08 16:06:27,948 [Listener at 127.0.0.1/39187] INFO  ozone.MiniOzoneClusterImpl (MiniOzoneClusterImpl.java:lambda$waitForClusterToBeReady$0(219)) - Waiting for nodes to be ready. Got 0 of 3 DN Heartbeats.
2022-02-08 16:06:27,949 [Listener at 127.0.0.1/39187] INFO  ozone.MiniOzoneClusterImpl (MiniOzoneClusterImpl.java:lambda$waitForClusterToBeReady$0(222)) - Waiting for cluster to exit safe mode
2022-02-08 16:06:27,949 [Listener at 127.0.0.1/39187] INFO  ozone.MiniOzoneClusterImpl (MiniOzoneClusterImpl.java:lambda$waitForClusterToBeReady$0(224)) - SCM became leader
2022-02-08 16:06:28,065 [EndpointStateMachine task thread for /127.0.0.1:36421 - 0 ] INFO  ipc.Client (Client.java:handleConnectionFailure(977)) - Retrying connect to server: localhost/127.0.0.1:36421. Already tried 12 time(s); retry policy is RetryUpToMaximumCountWithFixedSleep(maxRetries=15, sleepTime=1000 MILLISECONDS)
2022-02-08 16:06:28,084 [EndpointStateMachine task thread for /127.0.0.1:40425 - 0 ] INFO  ipc.Client (Client.java:handleConnectionFailure(977)) - Retrying connect to server: localhost/127.0.0.1:40425. Already tried 12 time(s); retry policy is RetryUpToMaximumCountWithFixedSleep(maxRetries=15, sleepTime=1000 MILLISECONDS)
2022-02-08 16:06:28,085 [EndpointStateMachine task thread for /127.0.0.1:42215 - 0 ] INFO  ipc.Client (Client.java:handleConnectionFailure(977)) - Retrying connect to server: localhost/127.0.0.1:42215. Already tried 12 time(s); retry policy is RetryUpToMaximumCountWithFixedSleep(maxRetries=15, sleepTime=1000 MILLISECONDS)
2022-02-08 16:06:28,133 [EndpointStateMachine task thread for /127.0.0.1:44977 - 0 ] INFO  ozoneimpl.OzoneContainer (OzoneContainer.java:start(315)) - Attempting to start container services.
2022-02-08 16:06:28,133 [EndpointStateMachine task thread for /127.0.0.1:44977 - 0 ] INFO  ozoneimpl.OzoneContainer (OzoneContainer.java:startContainerScrub(250)) - Background container scanner has been disabled.
2022-02-08 16:06:28,133 [EndpointStateMachine task thread for /127.0.0.1:44977 - 0 ] INFO  replication.ReplicationServer (ReplicationServer.java:start(111)) - ReplicationServer is started using port 41995
2022-02-08 16:06:28,134 [EndpointStateMachine task thread for /127.0.0.1:44977 - 0 ] INFO  ratis.XceiverServerRatis (XceiverServerRatis.java:start(484)) - Starting XceiverServerRatis bd23528b-4f24-4cbd-9fbb-986ea08237bf
2022-02-08 16:06:28,139 [EndpointStateMachine task thread for /127.0.0.1:44977 - 0 ] INFO  server.RaftServer (RaftServerProxy.java:lambda$start$5(374)) - bd23528b-4f24-4cbd-9fbb-986ea08237bf: start RPC server
2022-02-08 16:06:28,140 [EndpointStateMachine task thread for /127.0.0.1:44977 - 0 ] INFO  server.GrpcService (GrpcService.java:startImpl(253)) - bd23528b-4f24-4cbd-9fbb-986ea08237bf: GrpcService started, listening on 42777
2022-02-08 16:06:28,140 [EndpointStateMachine task thread for /127.0.0.1:44977 - 0 ] INFO  ratis.XceiverServerRatis (XceiverServerRatis.java:getRealPort(505)) - XceiverServerRatis bd23528b-4f24-4cbd-9fbb-986ea08237bf is started using port 42777 for RATIS
2022-02-08 16:06:28,140 [EndpointStateMachine task thread for /127.0.0.1:44977 - 0 ] INFO  ratis.XceiverServerRatis (XceiverServerRatis.java:getRealPort(505)) - XceiverServerRatis bd23528b-4f24-4cbd-9fbb-986ea08237bf is started using port 42777 for RATIS_ADMIN
2022-02-08 16:06:28,140 [EndpointStateMachine task thread for /127.0.0.1:44977 - 0 ] INFO  ratis.XceiverServerRatis (XceiverServerRatis.java:getRealPort(505)) - XceiverServerRatis bd23528b-4f24-4cbd-9fbb-986ea08237bf is started using port 42777 for RATIS_SERVER
2022-02-08 16:06:28,141 [org.apache.ratis.util.JvmPauseMonitor$$Lambda$503/1122118227@577a9b88] INFO  util.JvmPauseMonitor (JvmPauseMonitor.java:run(103)) - JvmPauseMonitor-bd23528b-4f24-4cbd-9fbb-986ea08237bf: Started
2022-02-08 16:06:28,157 [EndpointStateMachine task thread for /127.0.0.1:44977 - 0 ] INFO  server.XceiverServerGrpc (XceiverServerGrpc.java:start(180)) - XceiverServerGrpc bd23528b-4f24-4cbd-9fbb-986ea08237bf is started using port 41959
2022-02-08 16:06:28,169 [EndpointStateMachine task thread for /127.0.0.1:34411 - 0 ] INFO  ozoneimpl.OzoneContainer (OzoneContainer.java:start(311)) - Ignore. OzoneContainer already started.
2022-02-08 16:06:28,560 [EndpointStateMachine task thread for /127.0.0.1:44977 - 0 ] INFO  ozoneimpl.OzoneContainer (OzoneContainer.java:start(315)) - Attempting to start container services.
2022-02-08 16:06:28,560 [EndpointStateMachine task thread for /127.0.0.1:44977 - 0 ] INFO  ozoneimpl.OzoneContainer (OzoneContainer.java:startContainerScrub(250)) - Background container scanner has been disabled.
2022-02-08 16:06:28,561 [EndpointStateMachine task thread for /127.0.0.1:44977 - 0 ] INFO  replication.ReplicationServer (ReplicationServer.java:start(111)) - ReplicationServer is started using port 35897
2022-02-08 16:06:28,564 [EndpointStateMachine task thread for /127.0.0.1:44977 - 0 ] INFO  ratis.XceiverServerRatis (XceiverServerRatis.java:start(484)) - Starting XceiverServerRatis a5a2a086-d6c9-4c8e-8312-624683563c73
2022-02-08 16:06:28,565 [EndpointStateMachine task thread for /127.0.0.1:44977 - 0 ] INFO  server.RaftServer (RaftServerProxy.java:lambda$start$5(374)) - a5a2a086-d6c9-4c8e-8312-624683563c73: start RPC server
2022-02-08 16:06:28,566 [EndpointStateMachine task thread for /127.0.0.1:44977 - 0 ] INFO  server.GrpcService (GrpcService.java:startImpl(253)) - a5a2a086-d6c9-4c8e-8312-624683563c73: GrpcService started, listening on 46253
2022-02-08 16:06:28,566 [EndpointStateMachine task thread for /127.0.0.1:44977 - 0 ] INFO  ratis.XceiverServerRatis (XceiverServerRatis.java:getRealPort(505)) - XceiverServerRatis a5a2a086-d6c9-4c8e-8312-624683563c73 is started using port 46253 for RATIS
2022-02-08 16:06:28,566 [EndpointStateMachine task thread for /127.0.0.1:44977 - 0 ] INFO  ratis.XceiverServerRatis (XceiverServerRatis.java:getRealPort(505)) - XceiverServerRatis a5a2a086-d6c9-4c8e-8312-624683563c73 is started using port 46253 for RATIS_ADMIN
2022-02-08 16:06:28,566 [EndpointStateMachine task thread for /127.0.0.1:44977 - 0 ] INFO  ratis.XceiverServerRatis (XceiverServerRatis.java:getRealPort(505)) - XceiverServerRatis a5a2a086-d6c9-4c8e-8312-624683563c73 is started using port 46253 for RATIS_SERVER
2022-02-08 16:06:28,567 [org.apache.ratis.util.JvmPauseMonitor$$Lambda$503/1122118227@5ccbc02] INFO  util.JvmPauseMonitor (JvmPauseMonitor.java:run(103)) - JvmPauseMonitor-a5a2a086-d6c9-4c8e-8312-624683563c73: Started
2022-02-08 16:06:28,567 [EndpointStateMachine task thread for /127.0.0.1:44977 - 0 ] INFO  server.XceiverServerGrpc (XceiverServerGrpc.java:start(180)) - XceiverServerGrpc a5a2a086-d6c9-4c8e-8312-624683563c73 is started using port 43179
2022-02-08 16:06:28,585 [EndpointStateMachine task thread for /127.0.0.1:34411 - 0 ] INFO  ozoneimpl.OzoneContainer (OzoneContainer.java:start(311)) - Ignore. OzoneContainer already started.
2022-02-08 16:06:28,949 [Listener at 127.0.0.1/39187] INFO  ozone.MiniOzoneClusterImpl (MiniOzoneClusterImpl.java:lambda$waitForClusterToBeReady$0(219)) - Waiting for nodes to be ready. Got 0 of 3 DN Heartbeats.
2022-02-08 16:06:28,949 [Listener at 127.0.0.1/39187] INFO  ozone.MiniOzoneClusterImpl (MiniOzoneClusterImpl.java:lambda$waitForClusterToBeReady$0(222)) - Waiting for cluster to exit safe mode
2022-02-08 16:06:28,949 [Listener at 127.0.0.1/39187] INFO  ozone.MiniOzoneClusterImpl (MiniOzoneClusterImpl.java:lambda$waitForClusterToBeReady$0(224)) - SCM became leader
2022-02-08 16:06:29,062 [EndpointStateMachine task thread for /127.0.0.1:34411 - 0 ] INFO  ozoneimpl.OzoneContainer (OzoneContainer.java:start(315)) - Attempting to start container services.
2022-02-08 16:06:29,063 [EndpointStateMachine task thread for /127.0.0.1:34411 - 0 ] INFO  ozoneimpl.OzoneContainer (OzoneContainer.java:startContainerScrub(250)) - Background container scanner has been disabled.
2022-02-08 16:06:29,064 [EndpointStateMachine task thread for /127.0.0.1:34411 - 0 ] INFO  replication.ReplicationServer (ReplicationServer.java:start(111)) - ReplicationServer is started using port 44937
2022-02-08 16:06:29,066 [EndpointStateMachine task thread for /127.0.0.1:36421 - 0 ] INFO  ipc.Client (Client.java:handleConnectionFailure(977)) - Retrying connect to server: localhost/127.0.0.1:36421. Already tried 13 time(s); retry policy is RetryUpToMaximumCountWithFixedSleep(maxRetries=15, sleepTime=1000 MILLISECONDS)
2022-02-08 16:06:29,068 [EndpointStateMachine task thread for /127.0.0.1:34411 - 0 ] INFO  ratis.XceiverServerRatis (XceiverServerRatis.java:start(484)) - Starting XceiverServerRatis e1d33aab-103b-40d3-b11e-cca6cb4bf5ea
2022-02-08 16:06:29,083 [EndpointStateMachine task thread for /127.0.0.1:34411 - 0 ] INFO  server.RaftServer (RaftServerProxy.java:lambda$start$5(374)) - e1d33aab-103b-40d3-b11e-cca6cb4bf5ea: start RPC server
2022-02-08 16:06:29,084 [EndpointStateMachine task thread for /127.0.0.1:34411 - 0 ] INFO  server.GrpcService (GrpcService.java:startImpl(253)) - e1d33aab-103b-40d3-b11e-cca6cb4bf5ea: GrpcService started, listening on 37863
2022-02-08 16:06:29,085 [EndpointStateMachine task thread for /127.0.0.1:40425 - 0 ] INFO  ipc.Client (Client.java:handleConnectionFailure(977)) - Retrying connect to server: localhost/127.0.0.1:40425. Already tried 13 time(s); retry policy is RetryUpToMaximumCountWithFixedSleep(maxRetries=15, sleepTime=1000 MILLISECONDS)
2022-02-08 16:06:29,085 [EndpointStateMachine task thread for /127.0.0.1:42215 - 0 ] INFO  ipc.Client (Client.java:handleConnectionFailure(977)) - Retrying connect to server: localhost/127.0.0.1:42215. Already tried 13 time(s); retry policy is RetryUpToMaximumCountWithFixedSleep(maxRetries=15, sleepTime=1000 MILLISECONDS)
2022-02-08 16:06:29,086 [EndpointStateMachine task thread for /127.0.0.1:34411 - 0 ] INFO  ratis.XceiverServerRatis (XceiverServerRatis.java:getRealPort(505)) - XceiverServerRatis e1d33aab-103b-40d3-b11e-cca6cb4bf5ea is started using port 37863 for RATIS
2022-02-08 16:06:29,086 [EndpointStateMachine task thread for /127.0.0.1:34411 - 0 ] INFO  ratis.XceiverServerRatis (XceiverServerRatis.java:getRealPort(505)) - XceiverServerRatis e1d33aab-103b-40d3-b11e-cca6cb4bf5ea is started using port 37863 for RATIS_ADMIN
2022-02-08 16:06:29,086 [EndpointStateMachine task thread for /127.0.0.1:34411 - 0 ] INFO  ratis.XceiverServerRatis (XceiverServerRatis.java:getRealPort(505)) - XceiverServerRatis e1d33aab-103b-40d3-b11e-cca6cb4bf5ea is started using port 37863 for RATIS_SERVER
2022-02-08 16:06:29,086 [org.apache.ratis.util.JvmPauseMonitor$$Lambda$503/1122118227@5ee0e022] INFO  util.JvmPauseMonitor (JvmPauseMonitor.java:run(103)) - JvmPauseMonitor-e1d33aab-103b-40d3-b11e-cca6cb4bf5ea: Started
2022-02-08 16:06:29,095 [EndpointStateMachine task thread for /127.0.0.1:34411 - 0 ] INFO  server.XceiverServerGrpc (XceiverServerGrpc.java:start(180)) - XceiverServerGrpc e1d33aab-103b-40d3-b11e-cca6cb4bf5ea is started using port 33547
2022-02-08 16:06:29,097 [EndpointStateMachine task thread for /127.0.0.1:44977 - 0 ] INFO  ozoneimpl.OzoneContainer (OzoneContainer.java:start(311)) - Ignore. OzoneContainer already started.
2022-02-08 16:06:29,950 [Listener at 127.0.0.1/39187] INFO  ozone.MiniOzoneClusterImpl (MiniOzoneClusterImpl.java:lambda$waitForClusterToBeReady$0(219)) - Waiting for nodes to be ready. Got 0 of 3 DN Heartbeats.
2022-02-08 16:06:29,950 [Listener at 127.0.0.1/39187] INFO  ozone.MiniOzoneClusterImpl (MiniOzoneClusterImpl.java:lambda$waitForClusterToBeReady$0(222)) - Waiting for cluster to exit safe mode
2022-02-08 16:06:29,950 [Listener at 127.0.0.1/39187] INFO  ozone.MiniOzoneClusterImpl (MiniOzoneClusterImpl.java:lambda$waitForClusterToBeReady$0(224)) - SCM became leader
2022-02-08 16:06:30,066 [EndpointStateMachine task thread for /127.0.0.1:36421 - 0 ] INFO  ipc.Client (Client.java:handleConnectionFailure(977)) - Retrying connect to server: localhost/127.0.0.1:36421. Already tried 14 time(s); retry policy is RetryUpToMaximumCountWithFixedSleep(maxRetries=15, sleepTime=1000 MILLISECONDS)
2022-02-08 16:06:30,086 [EndpointStateMachine task thread for /127.0.0.1:40425 - 0 ] INFO  ipc.Client (Client.java:handleConnectionFailure(977)) - Retrying connect to server: localhost/127.0.0.1:40425. Already tried 14 time(s); retry policy is RetryUpToMaximumCountWithFixedSleep(maxRetries=15, sleepTime=1000 MILLISECONDS)
2022-02-08 16:06:30,086 [EndpointStateMachine task thread for /127.0.0.1:42215 - 0 ] INFO  ipc.Client (Client.java:handleConnectionFailure(977)) - Retrying connect to server: localhost/127.0.0.1:42215. Already tried 14 time(s); retry policy is RetryUpToMaximumCountWithFixedSleep(maxRetries=15, sleepTime=1000 MILLISECONDS)
2022-02-08 16:06:30,109 [IPC Server handler 1 on default port 44977] INFO  net.NetworkTopologyImpl (NetworkTopologyImpl.java:add(112)) - Added a new node: /default-rack/bd23528b-4f24-4cbd-9fbb-986ea08237bf
2022-02-08 16:06:30,109 [IPC Server handler 1 on default port 44977] INFO  node.SCMNodeManager (SCMNodeManager.java:register(389)) - Registered Data node : bd23528b-4f24-4cbd-9fbb-986ea08237bf{ip: 127.0.0.1, host: localhost, ports: [REPLICATION=41995, RATIS=42777, RATIS_ADMIN=42777, RATIS_SERVER=42777, STANDALONE=41959], networkLocation: /default-rack, certSerialId: null, persistedOpState: null, persistedOpStateExpiryEpochSec: 0}
2022-02-08 16:06:30,111 [EventQueue-NodeRegistrationContainerReportForDataNodeSafeModeRule] INFO  safemode.SCMSafeModeManager (DataNodeSafeModeRule.java:process(71)) - SCM in safe mode. 1 DataNodes registered, 3 required.
2022-02-08 16:06:30,113 [EventQueue-NewNodeForNewNodeHandler] INFO  pipeline.BackgroundPipelineCreator (BackgroundPipelineCreator.java:notifyEventTriggered(279)) - ignore, not leader SCM.
2022-02-08 16:06:30,113 [EventQueue-NodeRegistrationContainerReportForContainerSafeModeRule] INFO  safemode.SCMSafeModeManager (SCMSafeModeManager.java:validateSafeModeExitRules(204)) - ContainerSafeModeRule rule is successfully validated
2022-02-08 16:06:30,116 [IPC Server handler 3 on default port 34411] INFO  net.NetworkTopologyImpl (NetworkTopologyImpl.java:add(112)) - Added a new node: /default-rack/bd23528b-4f24-4cbd-9fbb-986ea08237bf
2022-02-08 16:06:30,116 [IPC Server handler 3 on default port 34411] INFO  node.SCMNodeManager (SCMNodeManager.java:register(389)) - Registered Data node : bd23528b-4f24-4cbd-9fbb-986ea08237bf{ip: 127.0.0.1, host: localhost, ports: [REPLICATION=41995, RATIS=42777, RATIS_ADMIN=42777, RATIS_SERVER=42777, STANDALONE=41959], networkLocation: /default-rack, certSerialId: null, persistedOpState: null, persistedOpStateExpiryEpochSec: 0}
2022-02-08 16:06:30,123 [EventQueue-PipelineReportForOneReplicaPipelineSafeModeRule] INFO  safemode.SCMSafeModeManager (SCMSafeModeManager.java:validateSafeModeExitRules(204)) - AtleastOneDatanodeReportedRule rule is successfully validated
2022-02-08 16:06:30,125 [EventQueue-NewNodeForNewNodeHandler] INFO  pipeline.BackgroundPipelineCreator (BackgroundPipelineCreator.java:notifyEventTriggered(285)) - trigger a one-shot run on RatisPipelineUtilsThread.
2022-02-08 16:06:30,127 [EventQueue-NodeRegistrationContainerReportForDataNodeSafeModeRule] INFO  safemode.SCMSafeModeManager (DataNodeSafeModeRule.java:process(71)) - SCM in safe mode. 1 DataNodes registered, 3 required.
2022-02-08 16:06:30,126 [RatisPipelineUtilsThread - 0] INFO  pipeline.RatisPipelineProvider (RatisPipelineProvider.java:lambda$create$0(183)) - Sending CreatePipelineCommand for pipeline:PipelineID=0002e120-1ed1-4029-bbfe-08d508d7d11f to datanode:bd23528b-4f24-4cbd-9fbb-986ea08237bf
2022-02-08 16:06:30,133 [EventQueue-NodeRegistrationContainerReportForContainerSafeModeRule] INFO  safemode.SCMSafeModeManager (SCMSafeModeManager.java:validateSafeModeExitRules(204)) - ContainerSafeModeRule rule is successfully validated
2022-02-08 16:06:30,161 [EventQueue-PipelineReportForOneReplicaPipelineSafeModeRule] INFO  safemode.SCMSafeModeManager (SCMSafeModeManager.java:validateSafeModeExitRules(204)) - AtleastOneDatanodeReportedRule rule is successfully validated
2022-02-08 16:06:30,214 [97fdbb42-98dd-4737-a292-80a7798b14c1@group-8ACED9F265D2-StateMachineUpdater] INFO  pipeline.PipelineStateManagerImpl (PipelineStateManagerImpl.java:addPipeline(101)) - Created pipeline Pipeline[ Id: 0002e120-1ed1-4029-bbfe-08d508d7d11f, Nodes: bd23528b-4f24-4cbd-9fbb-986ea08237bf{ip: 127.0.0.1, host: localhost, ports: [REPLICATION=41995, RATIS=42777, RATIS_ADMIN=42777, RATIS_SERVER=42777, STANDALONE=41959], networkLocation: /default-rack, certSerialId: null, persistedOpState: IN_SERVICE, persistedOpStateExpiryEpochSec: 0}, ReplicationConfig: RATIS/ONE, State:ALLOCATED, leaderId:, CreationTimestamp2022-02-08T16:06:30.126Z[Etc/UTC]].
2022-02-08 16:06:30,214 [97fdbb42-98dd-4737-a292-80a7798b14c1@group-8ACED9F265D2-StateMachineUpdater] INFO  safemode.HealthyPipelineSafeModeRule (HealthyPipelineSafeModeRule.java:initializeRule(152)) - Refreshed total pipeline count is 0, healthy pipeline threshold count is 1
2022-02-08 16:06:30,220 [fdd19f4e-50ca-4edc-8a7e-48b923a90088@group-8ACED9F265D2-StateMachineUpdater] INFO  pipeline.PipelineStateManagerImpl (PipelineStateManagerImpl.java:addPipeline(101)) - Created pipeline Pipeline[ Id: 0002e120-1ed1-4029-bbfe-08d508d7d11f, Nodes: bd23528b-4f24-4cbd-9fbb-986ea08237bf{ip: 127.0.0.1, host: localhost, ports: [REPLICATION=41995, RATIS=42777, RATIS_ADMIN=42777, RATIS_SERVER=42777, STANDALONE=41959], networkLocation: /default-rack, certSerialId: null, persistedOpState: IN_SERVICE, persistedOpStateExpiryEpochSec: 0}, ReplicationConfig: RATIS/ONE, State:ALLOCATED, leaderId:, CreationTimestamp2022-02-08T16:06:30.126Z[Etc/UTC]].
2022-02-08 16:06:30,220 [fdd19f4e-50ca-4edc-8a7e-48b923a90088@group-8ACED9F265D2-StateMachineUpdater] INFO  safemode.HealthyPipelineSafeModeRule (HealthyPipelineSafeModeRule.java:initializeRule(152)) - Refreshed total pipeline count is 0, healthy pipeline threshold count is 1
2022-02-08 16:06:30,221 [fdd19f4e-50ca-4edc-8a7e-48b923a90088@group-8ACED9F265D2-StateMachineUpdater] INFO  ha.SCMStateMachine (SCMStateMachine.java:takeSnapshot(297)) - Current Snapshot Index 7, takeSnapshot took 0 ms
2022-02-08 16:06:30,221 [fdd19f4e-50ca-4edc-8a7e-48b923a90088@group-8ACED9F265D2-StateMachineUpdater] INFO  impl.StateMachineUpdater (StateMachineUpdater.java:takeSnapshot(281)) - fdd19f4e-50ca-4edc-8a7e-48b923a90088@group-8ACED9F265D2-StateMachineUpdater: Took a snapshot at index 7
2022-02-08 16:06:30,221 [fdd19f4e-50ca-4edc-8a7e-48b923a90088@group-8ACED9F265D2-StateMachineUpdater] INFO  impl.StateMachineUpdater (StateMachineUpdater.java:lambda$new$0(89)) - fdd19f4e-50ca-4edc-8a7e-48b923a90088@group-8ACED9F265D2-StateMachineUpdater: snapshotIndex: updateIncreasingly 2 -> 7
2022-02-08 16:06:30,221 [fdd19f4e-50ca-4edc-8a7e-48b923a90088@group-8ACED9F265D2-StateMachineUpdater] INFO  raftlog.RaftLog (RaftLogBase.java:purge(306)) - fdd19f4e-50ca-4edc-8a7e-48b923a90088@group-8ACED9F265D2-SegmentedRaftLog: purge 7
2022-02-08 16:06:30,221 [fdd19f4e-50ca-4edc-8a7e-48b923a90088@group-8ACED9F265D2-StateMachineUpdater] INFO  raftlog.RaftLog (RaftLogBase.java:lambda$new$0(53)) - fdd19f4e-50ca-4edc-8a7e-48b923a90088@group-8ACED9F265D2-SegmentedRaftLog: snapshotIndex: updateIncreasingly 2 -> 7
2022-02-08 16:06:30,221 [fdd19f4e-50ca-4edc-8a7e-48b923a90088@group-8ACED9F265D2-StateMachineUpdater] INFO  raftlog.RaftLog (RaftLogBase.java:lambda$new$0(53)) - fdd19f4e-50ca-4edc-8a7e-48b923a90088@group-8ACED9F265D2-SegmentedRaftLog: purgeIndex: updateToMax old=-1, new=7, updated? true
2022-02-08 16:06:30,553 [IPC Server handler 18 on default port 44977] INFO  net.NetworkTopologyImpl (NetworkTopologyImpl.java:add(112)) - Added a new node: /default-rack/a5a2a086-d6c9-4c8e-8312-624683563c73
2022-02-08 16:06:30,553 [IPC Server handler 18 on default port 44977] INFO  node.SCMNodeManager (SCMNodeManager.java:register(389)) - Registered Data node : a5a2a086-d6c9-4c8e-8312-624683563c73{ip: 127.0.0.1, host: localhost, ports: [REPLICATION=35897, RATIS=46253, RATIS_ADMIN=46253, RATIS_SERVER=46253, STANDALONE=43179], networkLocation: /default-rack, certSerialId: null, persistedOpState: null, persistedOpStateExpiryEpochSec: 0}
2022-02-08 16:06:30,553 [EventQueue-NewNodeForNewNodeHandler] INFO  pipeline.BackgroundPipelineCreator (BackgroundPipelineCreator.java:notifyEventTriggered(279)) - ignore, not leader SCM.
2022-02-08 16:06:30,553 [EventQueue-NodeRegistrationContainerReportForDataNodeSafeModeRule] INFO  safemode.SCMSafeModeManager (DataNodeSafeModeRule.java:process(71)) - SCM in safe mode. 2 DataNodes registered, 3 required.
2022-02-08 16:06:30,555 [IPC Server handler 2 on default port 34411] INFO  net.NetworkTopologyImpl (NetworkTopologyImpl.java:add(112)) - Added a new node: /default-rack/a5a2a086-d6c9-4c8e-8312-624683563c73
2022-02-08 16:06:30,555 [IPC Server handler 2 on default port 34411] INFO  node.SCMNodeManager (SCMNodeManager.java:register(389)) - Registered Data node : a5a2a086-d6c9-4c8e-8312-624683563c73{ip: 127.0.0.1, host: localhost, ports: [REPLICATION=35897, RATIS=46253, RATIS_ADMIN=46253, RATIS_SERVER=46253, STANDALONE=43179], networkLocation: /default-rack, certSerialId: null, persistedOpState: null, persistedOpStateExpiryEpochSec: 0}
2022-02-08 16:06:30,555 [EventQueue-NewNodeForNewNodeHandler] INFO  pipeline.BackgroundPipelineCreator (BackgroundPipelineCreator.java:notifyEventTriggered(285)) - trigger a one-shot run on RatisPipelineUtilsThread.
2022-02-08 16:06:30,564 [EventQueue-NodeRegistrationContainerReportForDataNodeSafeModeRule] INFO  safemode.SCMSafeModeManager (DataNodeSafeModeRule.java:process(71)) - SCM in safe mode. 2 DataNodes registered, 3 required.
2022-02-08 16:06:30,566 [RatisPipelineUtilsThread - 0] INFO  pipeline.RatisPipelineProvider (RatisPipelineProvider.java:lambda$create$0(183)) - Sending CreatePipelineCommand for pipeline:PipelineID=cf020e3a-4f3d-4fc9-a27b-bf7b0c1f8aaf to datanode:a5a2a086-d6c9-4c8e-8312-624683563c73
2022-02-08 16:06:30,572 [97fdbb42-98dd-4737-a292-80a7798b14c1@group-8ACED9F265D2-StateMachineUpdater] INFO  pipeline.PipelineStateManagerImpl (PipelineStateManagerImpl.java:addPipeline(101)) - Created pipeline Pipeline[ Id: cf020e3a-4f3d-4fc9-a27b-bf7b0c1f8aaf, Nodes: a5a2a086-d6c9-4c8e-8312-624683563c73{ip: 127.0.0.1, host: localhost, ports: [REPLICATION=35897, RATIS=46253, RATIS_ADMIN=46253, RATIS_SERVER=46253, STANDALONE=43179], networkLocation: /default-rack, certSerialId: null, persistedOpState: IN_SERVICE, persistedOpStateExpiryEpochSec: 0}, ReplicationConfig: RATIS/ONE, State:ALLOCATED, leaderId:, CreationTimestamp2022-02-08T16:06:30.566Z[Etc/UTC]].
2022-02-08 16:06:30,572 [97fdbb42-98dd-4737-a292-80a7798b14c1@group-8ACED9F265D2-StateMachineUpdater] INFO  safemode.HealthyPipelineSafeModeRule (HealthyPipelineSafeModeRule.java:initializeRule(152)) - Refreshed total pipeline count is 0, healthy pipeline threshold count is 1
2022-02-08 16:06:30,581 [fdd19f4e-50ca-4edc-8a7e-48b923a90088@group-8ACED9F265D2-StateMachineUpdater] INFO  pipeline.PipelineStateManagerImpl (PipelineStateManagerImpl.java:addPipeline(101)) - Created pipeline Pipeline[ Id: cf020e3a-4f3d-4fc9-a27b-bf7b0c1f8aaf, Nodes: a5a2a086-d6c9-4c8e-8312-624683563c73{ip: 127.0.0.1, host: localhost, ports: [REPLICATION=35897, RATIS=46253, RATIS_ADMIN=46253, RATIS_SERVER=46253, STANDALONE=43179], networkLocation: /default-rack, certSerialId: null, persistedOpState: IN_SERVICE, persistedOpStateExpiryEpochSec: 0}, ReplicationConfig: RATIS/ONE, State:ALLOCATED, leaderId:, CreationTimestamp2022-02-08T16:06:30.566Z[Etc/UTC]].
2022-02-08 16:06:30,581 [fdd19f4e-50ca-4edc-8a7e-48b923a90088@group-8ACED9F265D2-StateMachineUpdater] INFO  safemode.HealthyPipelineSafeModeRule (HealthyPipelineSafeModeRule.java:initializeRule(152)) - Refreshed total pipeline count is 0, healthy pipeline threshold count is 1
2022-02-08 16:06:30,583 [97fdbb42-98dd-4737-a292-80a7798b14c1@group-8ACED9F265D2-StateMachineUpdater] INFO  ha.SCMStateMachine (SCMStateMachine.java:takeSnapshot(297)) - Current Snapshot Index 10, takeSnapshot took 0 ms
2022-02-08 16:06:30,583 [97fdbb42-98dd-4737-a292-80a7798b14c1@group-8ACED9F265D2-StateMachineUpdater] INFO  impl.StateMachineUpdater (StateMachineUpdater.java:takeSnapshot(281)) - 97fdbb42-98dd-4737-a292-80a7798b14c1@group-8ACED9F265D2-StateMachineUpdater: Took a snapshot at index 10
2022-02-08 16:06:30,583 [97fdbb42-98dd-4737-a292-80a7798b14c1@group-8ACED9F265D2-StateMachineUpdater] INFO  impl.StateMachineUpdater (StateMachineUpdater.java:lambda$new$0(89)) - 97fdbb42-98dd-4737-a292-80a7798b14c1@group-8ACED9F265D2-StateMachineUpdater: snapshotIndex: updateIncreasingly 5 -> 10
2022-02-08 16:06:30,583 [97fdbb42-98dd-4737-a292-80a7798b14c1@group-8ACED9F265D2-StateMachineUpdater] INFO  raftlog.RaftLog (RaftLogBase.java:purge(306)) - 97fdbb42-98dd-4737-a292-80a7798b14c1@group-8ACED9F265D2-SegmentedRaftLog: purge 10
2022-02-08 16:06:30,583 [97fdbb42-98dd-4737-a292-80a7798b14c1@group-8ACED9F265D2-StateMachineUpdater] INFO  raftlog.RaftLog (RaftLogBase.java:lambda$new$0(53)) - 97fdbb42-98dd-4737-a292-80a7798b14c1@group-8ACED9F265D2-SegmentedRaftLog: snapshotIndex: updateIncreasingly 5 -> 10
2022-02-08 16:06:30,583 [97fdbb42-98dd-4737-a292-80a7798b14c1@group-8ACED9F265D2-StateMachineUpdater] INFO  raftlog.RaftLog (RaftLogBase.java:lambda$new$0(53)) - 97fdbb42-98dd-4737-a292-80a7798b14c1@group-8ACED9F265D2-SegmentedRaftLog: purgeIndex: updateToMax old=0, new=10, updated? true
2022-02-08 16:06:30,950 [Listener at 127.0.0.1/39187] INFO  ozone.MiniOzoneClusterImpl (MiniOzoneClusterImpl.java:lambda$waitForClusterToBeReady$0(219)) - Waiting for nodes to be ready. Got 2 of 3 DN Heartbeats.
2022-02-08 16:06:30,950 [Listener at 127.0.0.1/39187] INFO  ozone.MiniOzoneClusterImpl (MiniOzoneClusterImpl.java:lambda$waitForClusterToBeReady$0(222)) - Waiting for cluster to exit safe mode
2022-02-08 16:06:30,951 [Listener at 127.0.0.1/39187] INFO  ozone.MiniOzoneClusterImpl (MiniOzoneClusterImpl.java:lambda$waitForClusterToBeReady$0(224)) - SCM became leader
2022-02-08 16:06:31,042 [Datanode State Machine Daemon Thread] ERROR datanode.RunningDatanodeState (RunningDatanodeState.java:computeNextContainerState(199)) - Error in executing end point task.
java.util.concurrent.ExecutionException: java.util.concurrent.TimeoutException
	at java.util.concurrent.FutureTask.report(FutureTask.java:122)
	at java.util.concurrent.FutureTask.get(FutureTask.java:192)
	at org.apache.hadoop.ozone.container.common.states.datanode.RunningDatanodeState.computeNextContainerState(RunningDatanodeState.java:191)
	at org.apache.hadoop.ozone.container.common.states.datanode.RunningDatanodeState.await(RunningDatanodeState.java:231)
	at org.apache.hadoop.ozone.container.common.states.datanode.RunningDatanodeState.await(RunningDatanodeState.java:50)
	at org.apache.hadoop.ozone.container.common.statemachine.StateContext.execute(StateContext.java:633)
	at org.apache.hadoop.ozone.container.common.statemachine.DatanodeStateMachine.start(DatanodeStateMachine.java:283)
	at org.apache.hadoop.ozone.container.common.statemachine.DatanodeStateMachine.lambda$startDaemon$0(DatanodeStateMachine.java:471)
	at java.lang.Thread.run(Thread.java:748)
Caused by: java.util.concurrent.TimeoutException
	at java.util.concurrent.FutureTask.get(FutureTask.java:205)
	at org.apache.hadoop.ozone.container.common.states.datanode.RunningDatanodeState.lambda$execute$0(RunningDatanodeState.java:149)
	at java.util.concurrent.FutureTask.run(FutureTask.java:266)
	at java.util.concurrent.Executors$RunnableAdapter.call(Executors.java:511)
	at java.util.concurrent.FutureTask.run(FutureTask.java:266)
	at java.util.concurrent.ThreadPoolExecutor.runWorker(ThreadPoolExecutor.java:1149)
	at java.util.concurrent.ThreadPoolExecutor$Worker.run(ThreadPoolExecutor.java:624)
	... 1 more
2022-02-08 16:06:31,048 [IPC Server handler 4 on default port 34411] INFO  net.NetworkTopologyImpl (NetworkTopologyImpl.java:add(112)) - Added a new node: /default-rack/e1d33aab-103b-40d3-b11e-cca6cb4bf5ea
2022-02-08 16:06:31,048 [IPC Server handler 4 on default port 34411] INFO  node.SCMNodeManager (SCMNodeManager.java:register(389)) - Registered Data node : e1d33aab-103b-40d3-b11e-cca6cb4bf5ea{ip: 127.0.0.1, host: localhost, ports: [REPLICATION=44937, RATIS=37863, RATIS_ADMIN=37863, RATIS_SERVER=37863, STANDALONE=33547], networkLocation: /default-rack, certSerialId: null, persistedOpState: null, persistedOpStateExpiryEpochSec: 0}
2022-02-08 16:06:31,049 [EventQueue-NewNodeForNewNodeHandler] INFO  pipeline.BackgroundPipelineCreator (BackgroundPipelineCreator.java:notifyEventTriggered(285)) - trigger a one-shot run on RatisPipelineUtilsThread.
2022-02-08 16:06:31,049 [RatisPipelineUtilsThread - 0] INFO  pipeline.RatisPipelineProvider (RatisPipelineProvider.java:lambda$create$0(183)) - Sending CreatePipelineCommand for pipeline:PipelineID=12825c7f-6e69-4e3c-b105-6c9f5428a155 to datanode:e1d33aab-103b-40d3-b11e-cca6cb4bf5ea
2022-02-08 16:06:31,057 [EventQueue-NodeRegistrationContainerReportForDataNodeSafeModeRule] INFO  safemode.SCMSafeModeManager (DataNodeSafeModeRule.java:process(71)) - SCM in safe mode. 3 DataNodes registered, 3 required.
2022-02-08 16:06:31,057 [EventQueue-NodeRegistrationContainerReportForDataNodeSafeModeRule] INFO  safemode.SCMSafeModeManager (SCMSafeModeManager.java:validateSafeModeExitRules(204)) - DataNodeSafeModeRule rule is successfully validated
2022-02-08 16:06:31,057 [EventQueue-NodeRegistrationContainerReportForDataNodeSafeModeRule] INFO  safemode.SCMSafeModeManager (SCMSafeModeManager.java:completePreCheck(233)) - All SCM safe mode pre check rules have passed
2022-02-08 16:06:31,058 [EventQueue-NodeRegistrationContainerReportForDataNodeSafeModeRule] WARN  events.EventQueue (EventQueue.java:fireEvent(194)) - No event handler registered for event TypedEvent{payloadType=SafeModeStatus, name='Safe mode status'}
2022-02-08 16:06:31,058 [EventQueue-NodeRegistrationContainerReportForDataNodeSafeModeRule] INFO  ha.SCMContext (SCMContext.java:updateSafeModeStatus(211)) - Update SafeModeStatus from SafeModeStatus{safeModeStatus=true, preCheckPassed=false} to SafeModeStatus{safeModeStatus=true, preCheckPassed=true}.
2022-02-08 16:06:31,058 [EventQueue-NodeRegistrationContainerReportForDataNodeSafeModeRule] INFO  pipeline.BackgroundPipelineCreator (BackgroundPipelineCreator.java:notifyEventTriggered(285)) - trigger a one-shot run on RatisPipelineUtilsThread.
2022-02-08 16:06:31,061 [IPC Server handler 17 on default port 44977] INFO  net.NetworkTopologyImpl (NetworkTopologyImpl.java:add(112)) - Added a new node: /default-rack/e1d33aab-103b-40d3-b11e-cca6cb4bf5ea
2022-02-08 16:06:31,061 [IPC Server handler 17 on default port 44977] INFO  node.SCMNodeManager (SCMNodeManager.java:register(389)) - Registered Data node : e1d33aab-103b-40d3-b11e-cca6cb4bf5ea{ip: 127.0.0.1, host: localhost, ports: [REPLICATION=44937, RATIS=37863, RATIS_ADMIN=37863, RATIS_SERVER=37863, STANDALONE=33547], networkLocation: /default-rack, certSerialId: null, persistedOpState: null, persistedOpStateExpiryEpochSec: 0}
2022-02-08 16:06:31,061 [EventQueue-NewNodeForNewNodeHandler] INFO  pipeline.BackgroundPipelineCreator (BackgroundPipelineCreator.java:notifyEventTriggered(279)) - ignore, not leader SCM.
2022-02-08 16:06:31,065 [EventQueue-NodeRegistrationContainerReportForDataNodeSafeModeRule] INFO  safemode.SCMSafeModeManager (DataNodeSafeModeRule.java:process(71)) - SCM in safe mode. 3 DataNodes registered, 3 required.
2022-02-08 16:06:31,065 [EventQueue-NodeRegistrationContainerReportForDataNodeSafeModeRule] INFO  safemode.SCMSafeModeManager (SCMSafeModeManager.java:validateSafeModeExitRules(204)) - DataNodeSafeModeRule rule is successfully validated
2022-02-08 16:06:31,065 [EventQueue-NodeRegistrationContainerReportForDataNodeSafeModeRule] INFO  safemode.SCMSafeModeManager (SCMSafeModeManager.java:completePreCheck(233)) - All SCM safe mode pre check rules have passed
2022-02-08 16:06:31,065 [EventQueue-NodeRegistrationContainerReportForDataNodeSafeModeRule] WARN  events.EventQueue (EventQueue.java:fireEvent(194)) - No event handler registered for event TypedEvent{payloadType=SafeModeStatus, name='Safe mode status'}
2022-02-08 16:06:31,065 [EventQueue-NodeRegistrationContainerReportForDataNodeSafeModeRule] INFO  ha.SCMContext (SCMContext.java:updateSafeModeStatus(211)) - Update SafeModeStatus from SafeModeStatus{safeModeStatus=true, preCheckPassed=false} to SafeModeStatus{safeModeStatus=true, preCheckPassed=true}.
2022-02-08 16:06:31,065 [EventQueue-NodeRegistrationContainerReportForDataNodeSafeModeRule] INFO  pipeline.BackgroundPipelineCreator (BackgroundPipelineCreator.java:notifyEventTriggered(279)) - ignore, not leader SCM.
2022-02-08 16:06:31,068 [EndpointStateMachine task thread for /127.0.0.1:36421 - 0 ] INFO  ipc.Client (Client.java:handleConnectionFailure(977)) - Retrying connect to server: localhost/127.0.0.1:36421. Already tried 0 time(s); retry policy is RetryUpToMaximumCountWithFixedSleep(maxRetries=15, sleepTime=1000 MILLISECONDS)
2022-02-08 16:06:31,078 [97fdbb42-98dd-4737-a292-80a7798b14c1@group-8ACED9F265D2-StateMachineUpdater] INFO  pipeline.PipelineStateManagerImpl (PipelineStateManagerImpl.java:addPipeline(101)) - Created pipeline Pipeline[ Id: 12825c7f-6e69-4e3c-b105-6c9f5428a155, Nodes: e1d33aab-103b-40d3-b11e-cca6cb4bf5ea{ip: 127.0.0.1, host: localhost, ports: [REPLICATION=44937, RATIS=37863, RATIS_ADMIN=37863, RATIS_SERVER=37863, STANDALONE=33547], networkLocation: /default-rack, certSerialId: null, persistedOpState: IN_SERVICE, persistedOpStateExpiryEpochSec: 0}, ReplicationConfig: RATIS/ONE, State:ALLOCATED, leaderId:, CreationTimestamp2022-02-08T16:06:31.049Z[Etc/UTC]].
2022-02-08 16:06:31,078 [97fdbb42-98dd-4737-a292-80a7798b14c1@group-8ACED9F265D2-StateMachineUpdater] INFO  safemode.HealthyPipelineSafeModeRule (HealthyPipelineSafeModeRule.java:initializeRule(152)) - Refreshed total pipeline count is 0, healthy pipeline threshold count is 1
2022-02-08 16:06:31,079 [RatisPipelineUtilsThread - 0] INFO  pipeline.RatisPipelineProvider (RatisPipelineProvider.java:lambda$create$0(183)) - Sending CreatePipelineCommand for pipeline:PipelineID=290cafec-cd7a-45f1-8fd2-ef770cc483a9 to datanode:bd23528b-4f24-4cbd-9fbb-986ea08237bf
2022-02-08 16:06:31,079 [RatisPipelineUtilsThread - 0] INFO  pipeline.RatisPipelineProvider (RatisPipelineProvider.java:lambda$create$0(183)) - Sending CreatePipelineCommand for pipeline:PipelineID=290cafec-cd7a-45f1-8fd2-ef770cc483a9 to datanode:a5a2a086-d6c9-4c8e-8312-624683563c73
2022-02-08 16:06:31,079 [RatisPipelineUtilsThread - 0] INFO  pipeline.RatisPipelineProvider (RatisPipelineProvider.java:lambda$create$0(183)) - Sending CreatePipelineCommand for pipeline:PipelineID=290cafec-cd7a-45f1-8fd2-ef770cc483a9 to datanode:e1d33aab-103b-40d3-b11e-cca6cb4bf5ea
2022-02-08 16:06:31,087 [EndpointStateMachine task thread for /127.0.0.1:42215 - 0 ] INFO  ipc.Client (Client.java:handleConnectionFailure(977)) - Retrying connect to server: localhost/127.0.0.1:42215. Already tried 0 time(s); retry policy is RetryUpToMaximumCountWithFixedSleep(maxRetries=15, sleepTime=1000 MILLISECONDS)
2022-02-08 16:06:31,087 [EndpointStateMachine task thread for /127.0.0.1:40425 - 0 ] INFO  ipc.Client (Client.java:handleConnectionFailure(977)) - Retrying connect to server: localhost/127.0.0.1:40425. Already tried 0 time(s); retry policy is RetryUpToMaximumCountWithFixedSleep(maxRetries=15, sleepTime=1000 MILLISECONDS)
2022-02-08 16:06:31,088 [fdd19f4e-50ca-4edc-8a7e-48b923a90088@group-8ACED9F265D2-StateMachineUpdater] INFO  pipeline.PipelineStateManagerImpl (PipelineStateManagerImpl.java:addPipeline(101)) - Created pipeline Pipeline[ Id: 12825c7f-6e69-4e3c-b105-6c9f5428a155, Nodes: e1d33aab-103b-40d3-b11e-cca6cb4bf5ea{ip: 127.0.0.1, host: localhost, ports: [REPLICATION=44937, RATIS=37863, RATIS_ADMIN=37863, RATIS_SERVER=37863, STANDALONE=33547], networkLocation: /default-rack, certSerialId: null, persistedOpState: IN_SERVICE, persistedOpStateExpiryEpochSec: 0}, ReplicationConfig: RATIS/ONE, State:ALLOCATED, leaderId:, CreationTimestamp2022-02-08T16:06:31.049Z[Etc/UTC]].
2022-02-08 16:06:31,089 [fdd19f4e-50ca-4edc-8a7e-48b923a90088@group-8ACED9F265D2-StateMachineUpdater] INFO  safemode.HealthyPipelineSafeModeRule (HealthyPipelineSafeModeRule.java:initializeRule(152)) - Refreshed total pipeline count is 0, healthy pipeline threshold count is 1
2022-02-08 16:06:31,093 [97fdbb42-98dd-4737-a292-80a7798b14c1@group-8ACED9F265D2-StateMachineUpdater] INFO  pipeline.PipelineStateManagerImpl (PipelineStateManagerImpl.java:addPipeline(101)) - Created pipeline Pipeline[ Id: 290cafec-cd7a-45f1-8fd2-ef770cc483a9, Nodes: bd23528b-4f24-4cbd-9fbb-986ea08237bf{ip: 127.0.0.1, host: localhost, ports: [REPLICATION=41995, RATIS=42777, RATIS_ADMIN=42777, RATIS_SERVER=42777, STANDALONE=41959], networkLocation: /default-rack, certSerialId: null, persistedOpState: IN_SERVICE, persistedOpStateExpiryEpochSec: 0}a5a2a086-d6c9-4c8e-8312-624683563c73{ip: 127.0.0.1, host: localhost, ports: [REPLICATION=35897, RATIS=46253, RATIS_ADMIN=46253, RATIS_SERVER=46253, STANDALONE=43179], networkLocation: /default-rack, certSerialId: null, persistedOpState: IN_SERVICE, persistedOpStateExpiryEpochSec: 0}e1d33aab-103b-40d3-b11e-cca6cb4bf5ea{ip: 127.0.0.1, host: localhost, ports: [REPLICATION=44937, RATIS=37863, RATIS_ADMIN=37863, RATIS_SERVER=37863, STANDALONE=33547], networkLocation: /default-rack, certSerialId: null, persistedOpState: IN_SERVICE, persistedOpStateExpiryEpochSec: 0}, ReplicationConfig: RATIS/THREE, State:ALLOCATED, leaderId:, CreationTimestamp2022-02-08T16:06:31.079Z[Etc/UTC]].
2022-02-08 16:06:31,094 [97fdbb42-98dd-4737-a292-80a7798b14c1@group-8ACED9F265D2-StateMachineUpdater] INFO  safemode.HealthyPipelineSafeModeRule (HealthyPipelineSafeModeRule.java:initializeRule(152)) - Refreshed total pipeline count is 0, healthy pipeline threshold count is 1
2022-02-08 16:06:31,094 [RatisPipelineUtilsThread - 0] INFO  pipeline.RatisPipelineProvider (RatisPipelineProvider.java:lambda$create$0(183)) - Sending CreatePipelineCommand for pipeline:PipelineID=da59a702-20e4-476a-a133-814509aa7368 to datanode:a5a2a086-d6c9-4c8e-8312-624683563c73
2022-02-08 16:06:31,094 [RatisPipelineUtilsThread - 0] INFO  pipeline.RatisPipelineProvider (RatisPipelineProvider.java:lambda$create$0(183)) - Sending CreatePipelineCommand for pipeline:PipelineID=da59a702-20e4-476a-a133-814509aa7368 to datanode:e1d33aab-103b-40d3-b11e-cca6cb4bf5ea
2022-02-08 16:06:31,094 [RatisPipelineUtilsThread - 0] INFO  pipeline.RatisPipelineProvider (RatisPipelineProvider.java:lambda$create$0(183)) - Sending CreatePipelineCommand for pipeline:PipelineID=da59a702-20e4-476a-a133-814509aa7368 to datanode:bd23528b-4f24-4cbd-9fbb-986ea08237bf
2022-02-08 16:06:31,107 [fdd19f4e-50ca-4edc-8a7e-48b923a90088@group-8ACED9F265D2-StateMachineUpdater] INFO  pipeline.PipelineStateManagerImpl (PipelineStateManagerImpl.java:addPipeline(101)) - Created pipeline Pipeline[ Id: 290cafec-cd7a-45f1-8fd2-ef770cc483a9, Nodes: bd23528b-4f24-4cbd-9fbb-986ea08237bf{ip: 127.0.0.1, host: localhost, ports: [REPLICATION=41995, RATIS=42777, RATIS_ADMIN=42777, RATIS_SERVER=42777, STANDALONE=41959], networkLocation: /default-rack, certSerialId: null, persistedOpState: IN_SERVICE, persistedOpStateExpiryEpochSec: 0}a5a2a086-d6c9-4c8e-8312-624683563c73{ip: 127.0.0.1, host: localhost, ports: [REPLICATION=35897, RATIS=46253, RATIS_ADMIN=46253, RATIS_SERVER=46253, STANDALONE=43179], networkLocation: /default-rack, certSerialId: null, persistedOpState: IN_SERVICE, persistedOpStateExpiryEpochSec: 0}e1d33aab-103b-40d3-b11e-cca6cb4bf5ea{ip: 127.0.0.1, host: localhost, ports: [REPLICATION=44937, RATIS=37863, RATIS_ADMIN=37863, RATIS_SERVER=37863, STANDALONE=33547], networkLocation: /default-rack, certSerialId: null, persistedOpState: IN_SERVICE, persistedOpStateExpiryEpochSec: 0}, ReplicationConfig: RATIS/THREE, State:ALLOCATED, leaderId:, CreationTimestamp2022-02-08T16:06:31.079Z[Etc/UTC]].
2022-02-08 16:06:31,107 [fdd19f4e-50ca-4edc-8a7e-48b923a90088@group-8ACED9F265D2-StateMachineUpdater] INFO  safemode.HealthyPipelineSafeModeRule (HealthyPipelineSafeModeRule.java:initializeRule(152)) - Refreshed total pipeline count is 0, healthy pipeline threshold count is 1
2022-02-08 16:06:31,112 [fdd19f4e-50ca-4edc-8a7e-48b923a90088@group-8ACED9F265D2-StateMachineUpdater] INFO  ha.SCMStateMachine (SCMStateMachine.java:takeSnapshot(297)) - Current Snapshot Index 13, takeSnapshot took 4 ms
2022-02-08 16:06:31,112 [fdd19f4e-50ca-4edc-8a7e-48b923a90088@group-8ACED9F265D2-StateMachineUpdater] INFO  impl.StateMachineUpdater (StateMachineUpdater.java:takeSnapshot(281)) - fdd19f4e-50ca-4edc-8a7e-48b923a90088@group-8ACED9F265D2-StateMachineUpdater: Took a snapshot at index 13
2022-02-08 16:06:31,112 [fdd19f4e-50ca-4edc-8a7e-48b923a90088@group-8ACED9F265D2-StateMachineUpdater] INFO  impl.StateMachineUpdater (StateMachineUpdater.java:lambda$new$0(89)) - fdd19f4e-50ca-4edc-8a7e-48b923a90088@group-8ACED9F265D2-StateMachineUpdater: snapshotIndex: updateIncreasingly 7 -> 13
2022-02-08 16:06:31,112 [fdd19f4e-50ca-4edc-8a7e-48b923a90088@group-8ACED9F265D2-StateMachineUpdater] INFO  raftlog.RaftLog (RaftLogBase.java:purge(306)) - fdd19f4e-50ca-4edc-8a7e-48b923a90088@group-8ACED9F265D2-SegmentedRaftLog: purge 13
2022-02-08 16:06:31,112 [fdd19f4e-50ca-4edc-8a7e-48b923a90088@group-8ACED9F265D2-StateMachineUpdater] INFO  raftlog.RaftLog (RaftLogBase.java:lambda$new$0(53)) - fdd19f4e-50ca-4edc-8a7e-48b923a90088@group-8ACED9F265D2-SegmentedRaftLog: snapshotIndex: updateIncreasingly 7 -> 13
2022-02-08 16:06:31,112 [fdd19f4e-50ca-4edc-8a7e-48b923a90088@group-8ACED9F265D2-StateMachineUpdater] INFO  raftlog.RaftLog (RaftLogBase.java:lambda$new$0(53)) - fdd19f4e-50ca-4edc-8a7e-48b923a90088@group-8ACED9F265D2-SegmentedRaftLog: purgeIndex: updateToMax old=7, new=13, updated? true
2022-02-08 16:06:31,125 [97fdbb42-98dd-4737-a292-80a7798b14c1@group-8ACED9F265D2-StateMachineUpdater] INFO  pipeline.PipelineStateManagerImpl (PipelineStateManagerImpl.java:addPipeline(101)) - Created pipeline Pipeline[ Id: da59a702-20e4-476a-a133-814509aa7368, Nodes: a5a2a086-d6c9-4c8e-8312-624683563c73{ip: 127.0.0.1, host: localhost, ports: [REPLICATION=35897, RATIS=46253, RATIS_ADMIN=46253, RATIS_SERVER=46253, STANDALONE=43179], networkLocation: /default-rack, certSerialId: null, persistedOpState: IN_SERVICE, persistedOpStateExpiryEpochSec: 0}e1d33aab-103b-40d3-b11e-cca6cb4bf5ea{ip: 127.0.0.1, host: localhost, ports: [REPLICATION=44937, RATIS=37863, RATIS_ADMIN=37863, RATIS_SERVER=37863, STANDALONE=33547], networkLocation: /default-rack, certSerialId: null, persistedOpState: IN_SERVICE, persistedOpStateExpiryEpochSec: 0}bd23528b-4f24-4cbd-9fbb-986ea08237bf{ip: 127.0.0.1, host: localhost, ports: [REPLICATION=41995, RATIS=42777, RATIS_ADMIN=42777, RATIS_SERVER=42777, STANDALONE=41959], networkLocation: /default-rack, certSerialId: null, persistedOpState: IN_SERVICE, persistedOpStateExpiryEpochSec: 0}, ReplicationConfig: RATIS/THREE, State:ALLOCATED, leaderId:, CreationTimestamp2022-02-08T16:06:31.094Z[Etc/UTC]].
2022-02-08 16:06:31,125 [97fdbb42-98dd-4737-a292-80a7798b14c1@group-8ACED9F265D2-StateMachineUpdater] INFO  safemode.HealthyPipelineSafeModeRule (HealthyPipelineSafeModeRule.java:initializeRule(152)) - Refreshed total pipeline count is 0, healthy pipeline threshold count is 1
2022-02-08 16:06:31,125 [RatisPipelineUtilsThread - 0] INFO  pipeline.PipelineManagerImpl (PipelineManagerImpl.java:recordMetricsForPipeline(639)) - Pipeline: PipelineID=da59a702-20e4-476a-a133-814509aa7368 contains same datanodes as previous pipelines: PipelineID=290cafec-cd7a-45f1-8fd2-ef770cc483a9 nodeIds: a5a2a086-d6c9-4c8e-8312-624683563c73, e1d33aab-103b-40d3-b11e-cca6cb4bf5ea, bd23528b-4f24-4cbd-9fbb-986ea08237bf
2022-02-08 16:06:31,125 [97fdbb42-98dd-4737-a292-80a7798b14c1@group-8ACED9F265D2-StateMachineUpdater] INFO  ha.SCMStateMachine (SCMStateMachine.java:takeSnapshot(297)) - Current Snapshot Index 15, takeSnapshot took 0 ms
2022-02-08 16:06:31,125 [97fdbb42-98dd-4737-a292-80a7798b14c1@group-8ACED9F265D2-StateMachineUpdater] INFO  impl.StateMachineUpdater (StateMachineUpdater.java:takeSnapshot(281)) - 97fdbb42-98dd-4737-a292-80a7798b14c1@group-8ACED9F265D2-StateMachineUpdater: Took a snapshot at index 15
2022-02-08 16:06:31,125 [97fdbb42-98dd-4737-a292-80a7798b14c1@group-8ACED9F265D2-StateMachineUpdater] INFO  impl.StateMachineUpdater (StateMachineUpdater.java:lambda$new$0(89)) - 97fdbb42-98dd-4737-a292-80a7798b14c1@group-8ACED9F265D2-StateMachineUpdater: snapshotIndex: updateIncreasingly 10 -> 15
2022-02-08 16:06:31,125 [97fdbb42-98dd-4737-a292-80a7798b14c1@group-8ACED9F265D2-StateMachineUpdater] INFO  raftlog.RaftLog (RaftLogBase.java:purge(306)) - 97fdbb42-98dd-4737-a292-80a7798b14c1@group-8ACED9F265D2-SegmentedRaftLog: purge 15
2022-02-08 16:06:31,125 [97fdbb42-98dd-4737-a292-80a7798b14c1@group-8ACED9F265D2-StateMachineUpdater] INFO  raftlog.RaftLog (RaftLogBase.java:lambda$new$0(53)) - 97fdbb42-98dd-4737-a292-80a7798b14c1@group-8ACED9F265D2-SegmentedRaftLog: snapshotIndex: updateIncreasingly 10 -> 15
2022-02-08 16:06:31,126 [97fdbb42-98dd-4737-a292-80a7798b14c1@group-8ACED9F265D2-StateMachineUpdater] INFO  raftlog.RaftLog (RaftLogBase.java:lambda$new$0(53)) - 97fdbb42-98dd-4737-a292-80a7798b14c1@group-8ACED9F265D2-SegmentedRaftLog: purgeIndex: updateToMax old=10, new=15, updated? true
2022-02-08 16:06:31,133 [fdd19f4e-50ca-4edc-8a7e-48b923a90088@group-8ACED9F265D2-StateMachineUpdater] INFO  pipeline.PipelineStateManagerImpl (PipelineStateManagerImpl.java:addPipeline(101)) - Created pipeline Pipeline[ Id: da59a702-20e4-476a-a133-814509aa7368, Nodes: a5a2a086-d6c9-4c8e-8312-624683563c73{ip: 127.0.0.1, host: localhost, ports: [REPLICATION=35897, RATIS=46253, RATIS_ADMIN=46253, RATIS_SERVER=46253, STANDALONE=43179], networkLocation: /default-rack, certSerialId: null, persistedOpState: IN_SERVICE, persistedOpStateExpiryEpochSec: 0}e1d33aab-103b-40d3-b11e-cca6cb4bf5ea{ip: 127.0.0.1, host: localhost, ports: [REPLICATION=44937, RATIS=37863, RATIS_ADMIN=37863, RATIS_SERVER=37863, STANDALONE=33547], networkLocation: /default-rack, certSerialId: null, persistedOpState: IN_SERVICE, persistedOpStateExpiryEpochSec: 0}bd23528b-4f24-4cbd-9fbb-986ea08237bf{ip: 127.0.0.1, host: localhost, ports: [REPLICATION=41995, RATIS=42777, RATIS_ADMIN=42777, RATIS_SERVER=42777, STANDALONE=41959], networkLocation: /default-rack, certSerialId: null, persistedOpState: IN_SERVICE, persistedOpStateExpiryEpochSec: 0}, ReplicationConfig: RATIS/THREE, State:ALLOCATED, leaderId:, CreationTimestamp2022-02-08T16:06:31.094Z[Etc/UTC]].
2022-02-08 16:06:31,133 [fdd19f4e-50ca-4edc-8a7e-48b923a90088@group-8ACED9F265D2-StateMachineUpdater] INFO  safemode.HealthyPipelineSafeModeRule (HealthyPipelineSafeModeRule.java:initializeRule(152)) - Refreshed total pipeline count is 0, healthy pipeline threshold count is 1
2022-02-08 16:06:31,951 [Listener at 127.0.0.1/39187] INFO  ozone.MiniOzoneClusterImpl (MiniOzoneClusterImpl.java:lambda$waitForClusterToBeReady$0(219)) - Nodes are ready. Got 3 of 3 DN Heartbeats.
2022-02-08 16:06:31,951 [Listener at 127.0.0.1/39187] INFO  ozone.MiniOzoneClusterImpl (MiniOzoneClusterImpl.java:lambda$waitForClusterToBeReady$0(222)) - Waiting for cluster to exit safe mode
2022-02-08 16:06:31,951 [Listener at 127.0.0.1/39187] INFO  ozone.MiniOzoneClusterImpl (MiniOzoneClusterImpl.java:lambda$waitForClusterToBeReady$0(224)) - SCM became leader
2022-02-08 16:06:32,069 [EndpointStateMachine task thread for /127.0.0.1:36421 - 0 ] INFO  ipc.Client (Client.java:handleConnectionFailure(977)) - Retrying connect to server: localhost/127.0.0.1:36421. Already tried 1 time(s); retry policy is RetryUpToMaximumCountWithFixedSleep(maxRetries=15, sleepTime=1000 MILLISECONDS)
2022-02-08 16:06:32,087 [EndpointStateMachine task thread for /127.0.0.1:42215 - 0 ] INFO  ipc.Client (Client.java:handleConnectionFailure(977)) - Retrying connect to server: localhost/127.0.0.1:42215. Already tried 1 time(s); retry policy is RetryUpToMaximumCountWithFixedSleep(maxRetries=15, sleepTime=1000 MILLISECONDS)
2022-02-08 16:06:32,088 [EndpointStateMachine task thread for /127.0.0.1:40425 - 0 ] INFO  ipc.Client (Client.java:handleConnectionFailure(977)) - Retrying connect to server: localhost/127.0.0.1:40425. Already tried 1 time(s); retry policy is RetryUpToMaximumCountWithFixedSleep(maxRetries=15, sleepTime=1000 MILLISECONDS)
2022-02-08 16:06:32,106 [Datanode State Machine Daemon Thread] ERROR datanode.RunningDatanodeState (RunningDatanodeState.java:computeNextContainerState(199)) - Error in executing end point task.
java.util.concurrent.ExecutionException: java.util.concurrent.TimeoutException
	at java.util.concurrent.FutureTask.report(FutureTask.java:122)
	at java.util.concurrent.FutureTask.get(FutureTask.java:192)
	at org.apache.hadoop.ozone.container.common.states.datanode.RunningDatanodeState.computeNextContainerState(RunningDatanodeState.java:191)
	at org.apache.hadoop.ozone.container.common.states.datanode.RunningDatanodeState.await(RunningDatanodeState.java:231)
	at org.apache.hadoop.ozone.container.common.states.datanode.RunningDatanodeState.await(RunningDatanodeState.java:50)
	at org.apache.hadoop.ozone.container.common.statemachine.StateContext.execute(StateContext.java:633)
	at org.apache.hadoop.ozone.container.common.statemachine.DatanodeStateMachine.start(DatanodeStateMachine.java:283)
	at org.apache.hadoop.ozone.container.common.statemachine.DatanodeStateMachine.lambda$startDaemon$0(DatanodeStateMachine.java:471)
	at java.lang.Thread.run(Thread.java:748)
Caused by: java.util.concurrent.TimeoutException
	at java.util.concurrent.FutureTask.get(FutureTask.java:205)
	at org.apache.hadoop.ozone.container.common.states.datanode.RunningDatanodeState.lambda$execute$0(RunningDatanodeState.java:149)
	at java.util.concurrent.FutureTask.run(FutureTask.java:266)
	at java.util.concurrent.Executors$RunnableAdapter.call(Executors.java:511)
	at java.util.concurrent.FutureTask.run(FutureTask.java:266)
	at java.util.concurrent.ThreadPoolExecutor.runWorker(ThreadPoolExecutor.java:1149)
	at java.util.concurrent.ThreadPoolExecutor$Worker.run(ThreadPoolExecutor.java:624)
	... 1 more
2022-02-08 16:06:32,951 [Listener at 127.0.0.1/39187] INFO  ozone.MiniOzoneClusterImpl (MiniOzoneClusterImpl.java:lambda$waitForClusterToBeReady$0(219)) - Nodes are ready. Got 3 of 3 DN Heartbeats.
2022-02-08 16:06:32,952 [Listener at 127.0.0.1/39187] INFO  ozone.MiniOzoneClusterImpl (MiniOzoneClusterImpl.java:lambda$waitForClusterToBeReady$0(222)) - Waiting for cluster to exit safe mode
2022-02-08 16:06:32,952 [Listener at 127.0.0.1/39187] INFO  ozone.MiniOzoneClusterImpl (MiniOzoneClusterImpl.java:lambda$waitForClusterToBeReady$0(224)) - SCM became leader
2022-02-08 16:06:33,069 [EndpointStateMachine task thread for /127.0.0.1:36421 - 0 ] INFO  ipc.Client (Client.java:handleConnectionFailure(977)) - Retrying connect to server: localhost/127.0.0.1:36421. Already tried 2 time(s); retry policy is RetryUpToMaximumCountWithFixedSleep(maxRetries=15, sleepTime=1000 MILLISECONDS)
2022-02-08 16:06:33,088 [EndpointStateMachine task thread for /127.0.0.1:42215 - 0 ] INFO  ipc.Client (Client.java:handleConnectionFailure(977)) - Retrying connect to server: localhost/127.0.0.1:42215. Already tried 2 time(s); retry policy is RetryUpToMaximumCountWithFixedSleep(maxRetries=15, sleepTime=1000 MILLISECONDS)
2022-02-08 16:06:33,088 [EndpointStateMachine task thread for /127.0.0.1:40425 - 0 ] INFO  ipc.Client (Client.java:handleConnectionFailure(977)) - Retrying connect to server: localhost/127.0.0.1:40425. Already tried 2 time(s); retry policy is RetryUpToMaximumCountWithFixedSleep(maxRetries=15, sleepTime=1000 MILLISECONDS)
2022-02-08 16:06:33,120 [EndpointStateMachine task thread for /127.0.0.1:35925 - 0 ] WARN  statemachine.EndpointStateMachine (EndpointStateMachine.java:logIfNeeded(236)) - Unable to communicate to SCM server at 127.0.0.1:35925 for past 0 seconds.
java.net.SocketTimeoutException: Call From fv-az131-167/10.1.0.12 to localhost:35925 failed on socket timeout exception: java.net.SocketTimeoutException: 5000 millis timeout while waiting for channel to be ready for read. ch : java.nio.channels.SocketChannel[connected local=/127.0.0.1:60302 remote=/127.0.0.1:35925]; For more details see:  http://wiki.apache.org/hadoop/SocketTimeout
	at sun.reflect.GeneratedConstructorAccessor35.newInstance(Unknown Source)
	at sun.reflect.DelegatingConstructorAccessorImpl.newInstance(DelegatingConstructorAccessorImpl.java:45)
	at java.lang.reflect.Constructor.newInstance(Constructor.java:423)
	at org.apache.hadoop.net.NetUtils.wrapWithMessage(NetUtils.java:913)
	at org.apache.hadoop.net.NetUtils.wrapException(NetUtils.java:848)
	at org.apache.hadoop.ipc.Client.getRpcResponse(Client.java:1577)
	at org.apache.hadoop.ipc.Client.call(Client.java:1519)
	at org.apache.hadoop.ipc.Client.call(Client.java:1416)
	at org.apache.hadoop.ipc.ProtobufRpcEngine$Invoker.invoke(ProtobufRpcEngine.java:236)
	at org.apache.hadoop.ipc.ProtobufRpcEngine$Invoker.invoke(ProtobufRpcEngine.java:123)
	at com.sun.proxy.$Proxy48.submitRequest(Unknown Source)
	at org.apache.hadoop.ozone.protocolPB.StorageContainerDatanodeProtocolClientSideTranslatorPB.submitRequest(StorageContainerDatanodeProtocolClientSideTranslatorPB.java:117)
	at org.apache.hadoop.ozone.protocolPB.StorageContainerDatanodeProtocolClientSideTranslatorPB.getVersion(StorageContainerDatanodeProtocolClientSideTranslatorPB.java:133)
	at org.apache.hadoop.ozone.container.common.states.endpoint.VersionEndpointTask.call(VersionEndpointTask.java:71)
	at org.apache.hadoop.ozone.container.common.states.endpoint.VersionEndpointTask.call(VersionEndpointTask.java:42)
	at java.util.concurrent.FutureTask.run(FutureTask.java:266)
	at java.util.concurrent.ThreadPoolExecutor.runWorker(ThreadPoolExecutor.java:1149)
	at java.util.concurrent.ThreadPoolExecutor$Worker.run(ThreadPoolExecutor.java:624)
	at java.lang.Thread.run(Thread.java:748)
Caused by: java.net.SocketTimeoutException: 5000 millis timeout while waiting for channel to be ready for read. ch : java.nio.channels.SocketChannel[connected local=/127.0.0.1:60302 remote=/127.0.0.1:35925]
	at org.apache.hadoop.net.SocketIOWithTimeout.doIO(SocketIOWithTimeout.java:164)
	at org.apache.hadoop.net.SocketInputStream.read(SocketInputStream.java:161)
	at org.apache.hadoop.net.SocketInputStream.read(SocketInputStream.java:131)
	at java.io.FilterInputStream.read(FilterInputStream.java:133)
	at java.io.BufferedInputStream.fill(BufferedInputStream.java:246)
	at java.io.BufferedInputStream.read(BufferedInputStream.java:265)
	at java.io.FilterInputStream.read(FilterInputStream.java:83)
	at java.io.FilterInputStream.read(FilterInputStream.java:83)
	at org.apache.hadoop.ipc.Client$Connection$PingInputStream.read(Client.java:563)
	at java.io.DataInputStream.readInt(DataInputStream.java:387)
	at org.apache.hadoop.ipc.Client$IpcStreams.readResponse(Client.java:1892)
	at org.apache.hadoop.ipc.Client$Connection.receiveRpcResponse(Client.java:1202)
	at org.apache.hadoop.ipc.Client$Connection.run(Client.java:1098)
2022-02-08 16:06:33,122 [Command processor thread] INFO  server.RaftServer (RaftServerProxy.java:addNew(95)) - bd23528b-4f24-4cbd-9fbb-986ea08237bf: addNew group-08D508D7D11F:[bd23528b-4f24-4cbd-9fbb-986ea08237bf|rpc:127.0.0.1:42777|priority:1] returns group-08D508D7D11F:java.util.concurrent.CompletableFuture@65a6f2fd[Not completed]
2022-02-08 16:06:33,120 [EndpointStateMachine task thread for /127.0.0.1:35925 - 0 ] WARN  statemachine.EndpointStateMachine (EndpointStateMachine.java:logIfNeeded(236)) - Unable to communicate to SCM server at localhost:35925 for past 0 seconds.
java.net.SocketTimeoutException: Call From fv-az131-167/10.1.0.12 to localhost:35925 failed on socket timeout exception: java.net.SocketTimeoutException: 5000 millis timeout while waiting for channel to be ready for read. ch : java.nio.channels.SocketChannel[connected local=/127.0.0.1:60302 remote=/127.0.0.1:35925]; For more details see:  http://wiki.apache.org/hadoop/SocketTimeout
	at sun.reflect.GeneratedConstructorAccessor35.newInstance(Unknown Source)
	at sun.reflect.DelegatingConstructorAccessorImpl.newInstance(DelegatingConstructorAccessorImpl.java:45)
	at java.lang.reflect.Constructor.newInstance(Constructor.java:423)
	at org.apache.hadoop.net.NetUtils.wrapWithMessage(NetUtils.java:913)
	at org.apache.hadoop.net.NetUtils.wrapException(NetUtils.java:848)
	at org.apache.hadoop.ipc.Client.getRpcResponse(Client.java:1577)
	at org.apache.hadoop.ipc.Client.call(Client.java:1519)
	at org.apache.hadoop.ipc.Client.call(Client.java:1416)
	at org.apache.hadoop.ipc.ProtobufRpcEngine$Invoker.invoke(ProtobufRpcEngine.java:236)
	at org.apache.hadoop.ipc.ProtobufRpcEngine$Invoker.invoke(ProtobufRpcEngine.java:123)
	at com.sun.proxy.$Proxy48.submitRequest(Unknown Source)
	at org.apache.hadoop.ozone.protocolPB.StorageContainerDatanodeProtocolClientSideTranslatorPB.submitRequest(StorageContainerDatanodeProtocolClientSideTranslatorPB.java:117)
	at org.apache.hadoop.ozone.protocolPB.StorageContainerDatanodeProtocolClientSideTranslatorPB.getVersion(StorageContainerDatanodeProtocolClientSideTranslatorPB.java:133)
	at org.apache.hadoop.ozone.container.common.states.endpoint.VersionEndpointTask.call(VersionEndpointTask.java:71)
	at org.apache.hadoop.ozone.container.common.states.endpoint.VersionEndpointTask.call(VersionEndpointTask.java:42)
	at java.util.concurrent.FutureTask.run(FutureTask.java:266)
	at java.util.concurrent.ThreadPoolExecutor.runWorker(ThreadPoolExecutor.java:1149)
	at java.util.concurrent.ThreadPoolExecutor$Worker.run(ThreadPoolExecutor.java:624)
	at java.lang.Thread.run(Thread.java:748)
Caused by: java.net.SocketTimeoutException: 5000 millis timeout while waiting for channel to be ready for read. ch : java.nio.channels.SocketChannel[connected local=/127.0.0.1:60302 remote=/127.0.0.1:35925]
	at org.apache.hadoop.net.SocketIOWithTimeout.doIO(SocketIOWithTimeout.java:164)
	at org.apache.hadoop.net.SocketInputStream.read(SocketInputStream.java:161)
	at org.apache.hadoop.net.SocketInputStream.read(SocketInputStream.java:131)
	at java.io.FilterInputStream.read(FilterInputStream.java:133)
	at java.io.BufferedInputStream.fill(BufferedInputStream.java:246)
	at java.io.BufferedInputStream.read(BufferedInputStream.java:265)
	at java.io.FilterInputStream.read(FilterInputStream.java:83)
	at java.io.FilterInputStream.read(FilterInputStream.java:83)
	at org.apache.hadoop.ipc.Client$Connection$PingInputStream.read(Client.java:563)
	at java.io.DataInputStream.readInt(DataInputStream.java:387)
	at org.apache.hadoop.ipc.Client$IpcStreams.readResponse(Client.java:1892)
	at org.apache.hadoop.ipc.Client$Connection.receiveRpcResponse(Client.java:1202)
	at org.apache.hadoop.ipc.Client$Connection.run(Client.java:1098)
2022-02-08 16:06:33,120 [EndpointStateMachine task thread for /127.0.0.1:35925 - 0 ] WARN  statemachine.EndpointStateMachine (EndpointStateMachine.java:logIfNeeded(236)) - Unable to communicate to SCM server at 127.0.0.1:35925 for past 0 seconds.
java.net.SocketTimeoutException: Call From fv-az131-167/10.1.0.12 to localhost:35925 failed on socket timeout exception: java.net.SocketTimeoutException: 5000 millis timeout while waiting for channel to be ready for read. ch : java.nio.channels.SocketChannel[connected local=/127.0.0.1:60302 remote=/127.0.0.1:35925]; For more details see:  http://wiki.apache.org/hadoop/SocketTimeout
	at sun.reflect.GeneratedConstructorAccessor35.newInstance(Unknown Source)
	at sun.reflect.DelegatingConstructorAccessorImpl.newInstance(DelegatingConstructorAccessorImpl.java:45)
	at java.lang.reflect.Constructor.newInstance(Constructor.java:423)
	at org.apache.hadoop.net.NetUtils.wrapWithMessage(NetUtils.java:913)
	at org.apache.hadoop.net.NetUtils.wrapException(NetUtils.java:848)
	at org.apache.hadoop.ipc.Client.getRpcResponse(Client.java:1577)
	at org.apache.hadoop.ipc.Client.call(Client.java:1519)
	at org.apache.hadoop.ipc.Client.call(Client.java:1416)
	at org.apache.hadoop.ipc.ProtobufRpcEngine$Invoker.invoke(ProtobufRpcEngine.java:236)
	at org.apache.hadoop.ipc.ProtobufRpcEngine$Invoker.invoke(ProtobufRpcEngine.java:123)
	at com.sun.proxy.$Proxy48.submitRequest(Unknown Source)
	at org.apache.hadoop.ozone.protocolPB.StorageContainerDatanodeProtocolClientSideTranslatorPB.submitRequest(StorageContainerDatanodeProtocolClientSideTranslatorPB.java:117)
	at org.apache.hadoop.ozone.protocolPB.StorageContainerDatanodeProtocolClientSideTranslatorPB.getVersion(StorageContainerDatanodeProtocolClientSideTranslatorPB.java:133)
	at org.apache.hadoop.ozone.container.common.states.endpoint.VersionEndpointTask.call(VersionEndpointTask.java:71)
	at org.apache.hadoop.ozone.container.common.states.endpoint.VersionEndpointTask.call(VersionEndpointTask.java:42)
	at java.util.concurrent.FutureTask.run(FutureTask.java:266)
	at java.util.concurrent.ThreadPoolExecutor.runWorker(ThreadPoolExecutor.java:1149)
	at java.util.concurrent.ThreadPoolExecutor$Worker.run(ThreadPoolExecutor.java:624)
	at java.lang.Thread.run(Thread.java:748)
Caused by: java.net.SocketTimeoutException: 5000 millis timeout while waiting for channel to be ready for read. ch : java.nio.channels.SocketChannel[connected local=/127.0.0.1:60302 remote=/127.0.0.1:35925]
	at org.apache.hadoop.net.SocketIOWithTimeout.doIO(SocketIOWithTimeout.java:164)
	at org.apache.hadoop.net.SocketInputStream.read(SocketInputStream.java:161)
	at org.apache.hadoop.net.SocketInputStream.read(SocketInputStream.java:131)
	at java.io.FilterInputStream.read(FilterInputStream.java:133)
	at java.io.BufferedInputStream.fill(BufferedInputStream.java:246)
	at java.io.BufferedInputStream.read(BufferedInputStream.java:265)
	at java.io.FilterInputStream.read(FilterInputStream.java:83)
	at java.io.FilterInputStream.read(FilterInputStream.java:83)
	at org.apache.hadoop.ipc.Client$Connection$PingInputStream.read(Client.java:563)
	at java.io.DataInputStream.readInt(DataInputStream.java:387)
	at org.apache.hadoop.ipc.Client$IpcStreams.readResponse(Client.java:1892)
	at org.apache.hadoop.ipc.Client$Connection.receiveRpcResponse(Client.java:1202)
	at org.apache.hadoop.ipc.Client$Connection.run(Client.java:1098)
2022-02-08 16:06:33,161 [pool-300-thread-1] INFO  server.RaftServer$Division (RaftServerImpl.java:<init>(184)) - bd23528b-4f24-4cbd-9fbb-986ea08237bf: new RaftServerImpl for group-08D508D7D11F:[bd23528b-4f24-4cbd-9fbb-986ea08237bf|rpc:127.0.0.1:42777|priority:1] with ContainerStateMachine:uninitialized
2022-02-08 16:06:33,165 [pool-300-thread-1] INFO  server.RaftServerConfigKeys (ConfUtils.java:logGet(44)) - raft.server.rpc.timeout.min = 5s (custom)
2022-02-08 16:06:33,165 [pool-300-thread-1] INFO  server.RaftServerConfigKeys (ConfUtils.java:logGet(44)) - raft.server.rpc.timeout.max = 5200ms (custom)
2022-02-08 16:06:33,165 [pool-300-thread-1] INFO  server.RaftServerConfigKeys (ConfUtils.java:logGet(44)) - raft.server.rpc.sleep.time = 25ms (default)
2022-02-08 16:06:33,165 [pool-300-thread-1] INFO  server.RaftServerConfigKeys (ConfUtils.java:logGet(44)) - raft.server.rpc.slowness.timeout = 300s (custom)
2022-02-08 16:06:33,172 [pool-300-thread-1] INFO  server.RaftServerConfigKeys (ConfUtils.java:logGet(44)) - raft.server.leaderelection.leader.step-down.wait-time = 10s (default)
2022-02-08 16:06:33,172 [pool-300-thread-1] INFO  server.RaftServerConfigKeys (ConfUtils.java:logGet(44)) - raft.server.sleep.deviation.threshold = 300ms (default)
2022-02-08 16:06:33,172 [pool-300-thread-1] INFO  server.RaftServerConfigKeys (ConfUtils.java:logGet(44)) - raft.server.log.appender.install.snapshot.enabled = false (custom)
2022-02-08 16:06:33,172 [pool-300-thread-1] INFO  server.RaftServer$Division (ServerState.java:<init>(105)) - bd23528b-4f24-4cbd-9fbb-986ea08237bf@group-08D508D7D11F: ConfigurationManager, init=-1: [bd23528b-4f24-4cbd-9fbb-986ea08237bf|rpc:127.0.0.1:42777|priority:1], old=null, confs=<EMPTY_MAP>
2022-02-08 16:06:33,172 [pool-300-thread-1] INFO  server.RaftServerConfigKeys (ConfUtils.java:logGet(44)) - raft.server.storage.dir = [/home/runner/work/ozone/ozone/hadoop-ozone/integration-test/target/test-dir/MiniOzoneClusterImpl-a5c83128-e0a7-4ff9-8358-8aced9f265d2/datanode-0/data/ratis] (custom)
2022-02-08 16:06:33,172 [pool-300-thread-1] INFO  server.RaftServerConfigKeys (ConfUtils.java:logGet(44)) - raft.server.log.corruption.policy = EXCEPTION (default)
2022-02-08 16:06:33,172 [pool-300-thread-1] INFO  server.RaftServerConfigKeys (ConfUtils.java:logGet(44)) - raft.server.storage.free-space.min = 0MB (=0) (default)
2022-02-08 16:06:33,172 [pool-300-thread-1] INFO  storage.RaftStorageDirectory (RaftStorageDirectoryImpl.java:analyzeStorage(135)) - The storage directory /home/runner/work/ozone/ozone/hadoop-ozone/integration-test/target/test-dir/MiniOzoneClusterImpl-a5c83128-e0a7-4ff9-8358-8aced9f265d2/datanode-0/data/ratis/0002e120-1ed1-4029-bbfe-08d508d7d11f does not exist. Creating ...
2022-02-08 16:06:33,174 [pool-300-thread-1] INFO  storage.RaftStorageDirectory (RaftStorageDirectoryImpl.java:tryLock(230)) - Lock on /home/runner/work/ozone/ozone/hadoop-ozone/integration-test/target/test-dir/MiniOzoneClusterImpl-a5c83128-e0a7-4ff9-8358-8aced9f265d2/datanode-0/data/ratis/0002e120-1ed1-4029-bbfe-08d508d7d11f/in_use.lock acquired by nodename 14435@fv-az131-167
2022-02-08 16:06:33,180 [pool-300-thread-1] INFO  storage.RaftStorage (RaftStorageImpl.java:format(89)) - Storage directory /home/runner/work/ozone/ozone/hadoop-ozone/integration-test/target/test-dir/MiniOzoneClusterImpl-a5c83128-e0a7-4ff9-8358-8aced9f265d2/datanode-0/data/ratis/0002e120-1ed1-4029-bbfe-08d508d7d11f has been successfully formatted.
2022-02-08 16:06:33,180 [pool-300-thread-1] INFO  ratis.ContainerStateMachine (ContainerStateMachine.java:loadSnapshot(231)) - group-08D508D7D11F: The snapshot info is null. Setting the last applied indexto:(t:0, i:~)
2022-02-08 16:06:33,181 [pool-300-thread-1] INFO  server.RaftServerConfigKeys (ConfUtils.java:logGet(44)) - raft.server.notification.no-leader.timeout = 300s (custom)
2022-02-08 16:06:33,181 [pool-300-thread-1] INFO  server.RaftServerConfigKeys (ConfUtils.java:logGet(44)) - raft.server.log.use.memory = false (default)
2022-02-08 16:06:33,181 [pool-300-thread-1] INFO  server.RaftServerConfigKeys (ConfUtils.java:logGet(44)) - raft.server.log.purge.gap = 1000000 (custom)
2022-02-08 16:06:33,181 [pool-300-thread-1] INFO  server.RaftServerConfigKeys (ConfUtils.java:logGet(44)) - raft.server.log.appender.buffer.byte-limit = 33554432 (custom)
2022-02-08 16:06:33,181 [pool-300-thread-1] INFO  server.RaftServerConfigKeys (ConfUtils.java:logGet(44)) - raft.server.log.segment.size.max = 1048576 (custom)
2022-02-08 16:06:33,181 [pool-300-thread-1] INFO  server.RaftServerConfigKeys (ConfUtils.java:logGet(44)) - raft.server.log.segment.cache.num.max = 2 (custom)
2022-02-08 16:06:33,182 [pool-300-thread-1] INFO  server.RaftServerConfigKeys (ConfUtils.java:logGet(44)) - raft.server.log.segment.cache.size.max = 200MB (=209715200) (default)
2022-02-08 16:06:33,182 [pool-300-thread-1] INFO  segmented.SegmentedRaftLogWorker (SegmentedRaftLogWorker.java:<init>(182)) - new bd23528b-4f24-4cbd-9fbb-986ea08237bf@group-08D508D7D11F-SegmentedRaftLogWorker for RaftStorageImpl:Storage Directory /home/runner/work/ozone/ozone/hadoop-ozone/integration-test/target/test-dir/MiniOzoneClusterImpl-a5c83128-e0a7-4ff9-8358-8aced9f265d2/datanode-0/data/ratis/0002e120-1ed1-4029-bbfe-08d508d7d11f
2022-02-08 16:06:33,182 [pool-300-thread-1] INFO  server.RaftServerConfigKeys (ConfUtils.java:logGet(44)) - raft.server.log.queue.byte-limit = 2147483647 (custom)
2022-02-08 16:06:33,182 [pool-300-thread-1] INFO  server.RaftServerConfigKeys (ConfUtils.java:logGet(44)) - raft.server.log.queue.element-limit = 1024 (custom)
2022-02-08 16:06:33,182 [pool-300-thread-1] INFO  server.RaftServerConfigKeys (ConfUtils.java:logGet(44)) - raft.server.log.segment.size.max = 1048576 (custom)
2022-02-08 16:06:33,182 [pool-300-thread-1] INFO  server.RaftServerConfigKeys (ConfUtils.java:logGet(44)) - raft.server.log.preallocated.size = 16384 (custom)
2022-02-08 16:06:33,182 [pool-300-thread-1] INFO  server.RaftServerConfigKeys (ConfUtils.java:logGet(44)) - raft.server.log.force.sync.num = 128 (default)
2022-02-08 16:06:33,182 [pool-300-thread-1] INFO  server.RaftServerConfigKeys (ConfUtils.java:logGet(44)) - raft.server.log.statemachine.data.sync = true (default)
2022-02-08 16:06:33,182 [pool-300-thread-1] INFO  server.RaftServerConfigKeys (ConfUtils.java:logGet(44)) - raft.server.log.statemachine.data.sync.timeout = 10s (default)
2022-02-08 16:06:33,182 [pool-300-thread-1] INFO  server.RaftServerConfigKeys (ConfUtils.java:logGet(44)) - raft.server.log.statemachine.data.sync.timeout.retry = -1 (default)
2022-02-08 16:06:33,183 [pool-300-thread-1] INFO  server.RaftServerConfigKeys (ConfUtils.java:logGet(44)) - raft.server.log.write.buffer.size = 1048576 (custom)
2022-02-08 16:06:33,183 [pool-300-thread-1] INFO  server.RaftServerConfigKeys (ConfUtils.java:logGet(44)) - raft.server.log.statemachine.data.caching.enabled = true (custom)
2022-02-08 16:06:33,183 [pool-300-thread-1] INFO  segmented.SegmentedRaftLogWorker (SegmentedRaftLogWorker.java:lambda$new$0(133)) - bd23528b-4f24-4cbd-9fbb-986ea08237bf@group-08D508D7D11F-SegmentedRaftLogWorker: flushIndex: setUnconditionally 0 -> -1
2022-02-08 16:06:33,183 [pool-300-thread-1] INFO  segmented.SegmentedRaftLogWorker (SegmentedRaftLogWorker.java:lambda$new$0(133)) - bd23528b-4f24-4cbd-9fbb-986ea08237bf@group-08D508D7D11F-SegmentedRaftLogWorker: safeCacheEvictIndex: setUnconditionally 0 -> -1
2022-02-08 16:06:33,185 [EventQueue-PipelineReportForPipelineReportHandler] INFO  pipeline.PipelineManagerImpl (PipelineManagerImpl.java:openPipeline(291)) - Pipeline Pipeline[ Id: 0002e120-1ed1-4029-bbfe-08d508d7d11f, Nodes: bd23528b-4f24-4cbd-9fbb-986ea08237bf{ip: 127.0.0.1, host: localhost, ports: [REPLICATION=41995, RATIS=42777, RATIS_ADMIN=42777, RATIS_SERVER=42777, STANDALONE=41959], networkLocation: /default-rack, certSerialId: null, persistedOpState: IN_SERVICE, persistedOpStateExpiryEpochSec: 0}, ReplicationConfig: RATIS/ONE, State:ALLOCATED, leaderId:bd23528b-4f24-4cbd-9fbb-986ea08237bf, CreationTimestamp2022-02-08T16:06:30.126Z[Etc/UTC]] moved to OPEN state
2022-02-08 16:06:33,185 [EventQueue-PipelineReportForPipelineReportHandler] INFO  pipeline.PipelineManagerImpl (PipelineManagerImpl.java:openPipeline(291)) - Pipeline Pipeline[ Id: 0002e120-1ed1-4029-bbfe-08d508d7d11f, Nodes: bd23528b-4f24-4cbd-9fbb-986ea08237bf{ip: 127.0.0.1, host: localhost, ports: [REPLICATION=41995, RATIS=42777, RATIS_ADMIN=42777, RATIS_SERVER=42777, STANDALONE=41959], networkLocation: /default-rack, certSerialId: null, persistedOpState: IN_SERVICE, persistedOpStateExpiryEpochSec: 0}, ReplicationConfig: RATIS/ONE, State:ALLOCATED, leaderId:bd23528b-4f24-4cbd-9fbb-986ea08237bf, CreationTimestamp2022-02-08T16:06:30.126Z[Etc/UTC]] moved to OPEN state
2022-02-08 16:06:33,218 [pool-300-thread-1] INFO  server.RaftServerConfigKeys (ConfUtils.java:logGet(44)) - raft.server.snapshot.auto.trigger.enabled = true (custom)
2022-02-08 16:06:33,219 [pool-300-thread-1] INFO  server.RaftServerConfigKeys (ConfUtils.java:logGet(44)) - raft.server.snapshot.auto.trigger.threshold = 10000 (custom)
2022-02-08 16:06:33,219 [pool-300-thread-1] INFO  server.RaftServerConfigKeys (ConfUtils.java:logGet(44)) - raft.server.snapshot.retention.file.num = 5 (custom)
2022-02-08 16:06:33,219 [pool-300-thread-1] INFO  server.RaftServerConfigKeys (ConfUtils.java:logGet(44)) - raft.server.log.purge.upto.snapshot.index = false (default)
2022-02-08 16:06:33,219 [pool-300-thread-1] INFO  server.RaftServerConfigKeys (ConfUtils.java:logGet(44)) - raft.server.retrycache.expirytime = 600000ms (custom)
2022-02-08 16:06:33,219 [pool-300-thread-1] INFO  server.RaftServerConfigKeys (ConfUtils.java:logGet(44)) - raft.server.retrycache.statistics.expirytime = 100μs (default)
2022-02-08 16:06:33,232 [pool-300-thread-1] INFO  server.RaftServer$Division (RaftServerImpl.java:start(301)) - bd23528b-4f24-4cbd-9fbb-986ea08237bf@group-08D508D7D11F: start as a follower, conf=-1: [bd23528b-4f24-4cbd-9fbb-986ea08237bf|rpc:127.0.0.1:42777|priority:1], old=null
2022-02-08 16:06:33,232 [pool-300-thread-1] INFO  server.RaftServer$Division (RaftServerImpl.java:setRole(290)) - bd23528b-4f24-4cbd-9fbb-986ea08237bf@group-08D508D7D11F: changes role from      null to FOLLOWER at term 0 for startAsFollower
2022-02-08 16:06:33,240 [pool-300-thread-1] INFO  impl.RoleInfo (RoleInfo.java:updateAndGet(130)) - bd23528b-4f24-4cbd-9fbb-986ea08237bf: start bd23528b-4f24-4cbd-9fbb-986ea08237bf@group-08D508D7D11F-FollowerState
2022-02-08 16:06:33,244 [97fdbb42-98dd-4737-a292-80a7798b14c1@group-8ACED9F265D2-StateMachineUpdater] INFO  safemode.HealthyPipelineSafeModeRule (HealthyPipelineSafeModeRule.java:initializeRule(152)) - Refreshed total pipeline count is 0, healthy pipeline threshold count is 1
2022-02-08 16:06:33,247 [pool-300-thread-1] INFO  util.JmxRegister (JmxRegister.java:tryRegister(44)) - Successfully registered JMX Bean with object name Ratis:service=RaftServer,group=group-08D508D7D11F,id=bd23528b-4f24-4cbd-9fbb-986ea08237bf
2022-02-08 16:06:33,260 [Command processor thread] INFO  ratis.XceiverServerRatis (XceiverServerRatis.java:addGroup(768)) - Created group PipelineID=0002e120-1ed1-4029-bbfe-08d508d7d11f
2022-02-08 16:06:33,260 [Command processor thread] INFO  commandhandler.CreatePipelineCommandHandler (CreatePipelineCommandHandler.java:handle(106)) - Created Pipeline RATIS ONE PipelineID=0002e120-1ed1-4029-bbfe-08d508d7d11f.
2022-02-08 16:06:33,260 [Command processor thread] INFO  server.RaftServer (RaftServerProxy.java:addNew(95)) - bd23528b-4f24-4cbd-9fbb-986ea08237bf: addNew group-EF770CC483A9:[a5a2a086-d6c9-4c8e-8312-624683563c73|rpc:127.0.0.1:46253|priority:1, e1d33aab-103b-40d3-b11e-cca6cb4bf5ea|rpc:127.0.0.1:37863|priority:0, bd23528b-4f24-4cbd-9fbb-986ea08237bf|rpc:127.0.0.1:42777|priority:0] returns group-EF770CC483A9:java.util.concurrent.CompletableFuture@61996a91[Not completed]
2022-02-08 16:06:33,260 [fdd19f4e-50ca-4edc-8a7e-48b923a90088@group-8ACED9F265D2-StateMachineUpdater] INFO  safemode.HealthyPipelineSafeModeRule (HealthyPipelineSafeModeRule.java:initializeRule(152)) - Refreshed total pipeline count is 0, healthy pipeline threshold count is 1
2022-02-08 16:06:33,261 [pool-300-thread-1] INFO  server.RaftServer$Division (RaftServerImpl.java:<init>(184)) - bd23528b-4f24-4cbd-9fbb-986ea08237bf: new RaftServerImpl for group-EF770CC483A9:[a5a2a086-d6c9-4c8e-8312-624683563c73|rpc:127.0.0.1:46253|priority:1, e1d33aab-103b-40d3-b11e-cca6cb4bf5ea|rpc:127.0.0.1:37863|priority:0, bd23528b-4f24-4cbd-9fbb-986ea08237bf|rpc:127.0.0.1:42777|priority:0] with ContainerStateMachine:uninitialized
2022-02-08 16:06:33,261 [pool-300-thread-1] INFO  server.RaftServerConfigKeys (ConfUtils.java:logGet(44)) - raft.server.rpc.timeout.min = 5s (custom)
2022-02-08 16:06:33,261 [pool-300-thread-1] INFO  server.RaftServerConfigKeys (ConfUtils.java:logGet(44)) - raft.server.rpc.timeout.max = 5200ms (custom)
2022-02-08 16:06:33,261 [pool-300-thread-1] INFO  server.RaftServerConfigKeys (ConfUtils.java:logGet(44)) - raft.server.rpc.sleep.time = 25ms (default)
2022-02-08 16:06:33,261 [pool-300-thread-1] INFO  server.RaftServerConfigKeys (ConfUtils.java:logGet(44)) - raft.server.rpc.slowness.timeout = 300s (custom)
2022-02-08 16:06:33,261 [pool-300-thread-1] INFO  server.RaftServerConfigKeys (ConfUtils.java:logGet(44)) - raft.server.leaderelection.leader.step-down.wait-time = 10s (default)
2022-02-08 16:06:33,261 [pool-300-thread-1] INFO  server.RaftServerConfigKeys (ConfUtils.java:logGet(44)) - raft.server.sleep.deviation.threshold = 300ms (default)
2022-02-08 16:06:33,261 [pool-300-thread-1] INFO  server.RaftServerConfigKeys (ConfUtils.java:logGet(44)) - raft.server.log.appender.install.snapshot.enabled = false (custom)
2022-02-08 16:06:33,261 [pool-300-thread-1] INFO  server.RaftServer$Division (ServerState.java:<init>(105)) - bd23528b-4f24-4cbd-9fbb-986ea08237bf@group-EF770CC483A9: ConfigurationManager, init=-1: [a5a2a086-d6c9-4c8e-8312-624683563c73|rpc:127.0.0.1:46253|priority:1, e1d33aab-103b-40d3-b11e-cca6cb4bf5ea|rpc:127.0.0.1:37863|priority:0, bd23528b-4f24-4cbd-9fbb-986ea08237bf|rpc:127.0.0.1:42777|priority:0], old=null, confs=<EMPTY_MAP>
2022-02-08 16:06:33,261 [pool-300-thread-1] INFO  server.RaftServerConfigKeys (ConfUtils.java:logGet(44)) - raft.server.storage.dir = [/home/runner/work/ozone/ozone/hadoop-ozone/integration-test/target/test-dir/MiniOzoneClusterImpl-a5c83128-e0a7-4ff9-8358-8aced9f265d2/datanode-0/data/ratis] (custom)
2022-02-08 16:06:33,262 [pool-300-thread-1] INFO  server.RaftServerConfigKeys (ConfUtils.java:logGet(44)) - raft.server.log.corruption.policy = EXCEPTION (default)
2022-02-08 16:06:33,262 [pool-300-thread-1] INFO  server.RaftServerConfigKeys (ConfUtils.java:logGet(44)) - raft.server.storage.free-space.min = 0MB (=0) (default)
2022-02-08 16:06:33,262 [pool-300-thread-1] INFO  storage.RaftStorageDirectory (RaftStorageDirectoryImpl.java:analyzeStorage(135)) - The storage directory /home/runner/work/ozone/ozone/hadoop-ozone/integration-test/target/test-dir/MiniOzoneClusterImpl-a5c83128-e0a7-4ff9-8358-8aced9f265d2/datanode-0/data/ratis/290cafec-cd7a-45f1-8fd2-ef770cc483a9 does not exist. Creating ...
2022-02-08 16:06:33,263 [EventQueue-OpenPipelineForHealthyPipelineSafeModeRule] INFO  safemode.SCMSafeModeManager (HealthyPipelineSafeModeRule.java:process(124)) - SCM in safe mode. Healthy pipelines reported count is 0, required healthy pipeline reported count is 1
2022-02-08 16:06:33,264 [pool-300-thread-1] INFO  storage.RaftStorageDirectory (RaftStorageDirectoryImpl.java:tryLock(230)) - Lock on /home/runner/work/ozone/ozone/hadoop-ozone/integration-test/target/test-dir/MiniOzoneClusterImpl-a5c83128-e0a7-4ff9-8358-8aced9f265d2/datanode-0/data/ratis/290cafec-cd7a-45f1-8fd2-ef770cc483a9/in_use.lock acquired by nodename 14435@fv-az131-167
2022-02-08 16:06:33,265 [pool-300-thread-1] INFO  storage.RaftStorage (RaftStorageImpl.java:format(89)) - Storage directory /home/runner/work/ozone/ozone/hadoop-ozone/integration-test/target/test-dir/MiniOzoneClusterImpl-a5c83128-e0a7-4ff9-8358-8aced9f265d2/datanode-0/data/ratis/290cafec-cd7a-45f1-8fd2-ef770cc483a9 has been successfully formatted.
2022-02-08 16:06:33,265 [pool-300-thread-1] INFO  ratis.ContainerStateMachine (ContainerStateMachine.java:loadSnapshot(231)) - group-EF770CC483A9: The snapshot info is null. Setting the last applied indexto:(t:0, i:~)
2022-02-08 16:06:33,265 [pool-300-thread-1] INFO  server.RaftServerConfigKeys (ConfUtils.java:logGet(44)) - raft.server.notification.no-leader.timeout = 300s (custom)
2022-02-08 16:06:33,265 [pool-300-thread-1] INFO  server.RaftServerConfigKeys (ConfUtils.java:logGet(44)) - raft.server.log.use.memory = false (default)
2022-02-08 16:06:33,266 [pool-300-thread-1] INFO  server.RaftServerConfigKeys (ConfUtils.java:logGet(44)) - raft.server.log.purge.gap = 1000000 (custom)
2022-02-08 16:06:33,266 [pool-300-thread-1] INFO  server.RaftServerConfigKeys (ConfUtils.java:logGet(44)) - raft.server.log.appender.buffer.byte-limit = 33554432 (custom)
2022-02-08 16:06:33,266 [pool-300-thread-1] INFO  server.RaftServerConfigKeys (ConfUtils.java:logGet(44)) - raft.server.log.segment.size.max = 1048576 (custom)
2022-02-08 16:06:33,280 [pool-300-thread-1] INFO  server.RaftServerConfigKeys (ConfUtils.java:logGet(44)) - raft.server.log.segment.cache.num.max = 2 (custom)
2022-02-08 16:06:33,280 [pool-300-thread-1] INFO  server.RaftServerConfigKeys (ConfUtils.java:logGet(44)) - raft.server.log.segment.cache.size.max = 200MB (=209715200) (default)
2022-02-08 16:06:33,280 [pool-300-thread-1] INFO  segmented.SegmentedRaftLogWorker (SegmentedRaftLogWorker.java:<init>(182)) - new bd23528b-4f24-4cbd-9fbb-986ea08237bf@group-EF770CC483A9-SegmentedRaftLogWorker for RaftStorageImpl:Storage Directory /home/runner/work/ozone/ozone/hadoop-ozone/integration-test/target/test-dir/MiniOzoneClusterImpl-a5c83128-e0a7-4ff9-8358-8aced9f265d2/datanode-0/data/ratis/290cafec-cd7a-45f1-8fd2-ef770cc483a9
2022-02-08 16:06:33,280 [pool-300-thread-1] INFO  server.RaftServerConfigKeys (ConfUtils.java:logGet(44)) - raft.server.log.queue.byte-limit = 2147483647 (custom)
2022-02-08 16:06:33,280 [pool-300-thread-1] INFO  server.RaftServerConfigKeys (ConfUtils.java:logGet(44)) - raft.server.log.queue.element-limit = 1024 (custom)
2022-02-08 16:06:33,281 [pool-300-thread-1] INFO  server.RaftServerConfigKeys (ConfUtils.java:logGet(44)) - raft.server.log.segment.size.max = 1048576 (custom)
2022-02-08 16:06:33,281 [pool-300-thread-1] INFO  server.RaftServerConfigKeys (ConfUtils.java:logGet(44)) - raft.server.log.preallocated.size = 16384 (custom)
2022-02-08 16:06:33,281 [pool-300-thread-1] INFO  server.RaftServerConfigKeys (ConfUtils.java:logGet(44)) - raft.server.log.force.sync.num = 128 (default)
2022-02-08 16:06:33,281 [pool-300-thread-1] INFO  server.RaftServerConfigKeys (ConfUtils.java:logGet(44)) - raft.server.log.statemachine.data.sync = true (default)
2022-02-08 16:06:33,281 [pool-300-thread-1] INFO  server.RaftServerConfigKeys (ConfUtils.java:logGet(44)) - raft.server.log.statemachine.data.sync.timeout = 10s (default)
2022-02-08 16:06:33,281 [pool-300-thread-1] INFO  server.RaftServerConfigKeys (ConfUtils.java:logGet(44)) - raft.server.log.statemachine.data.sync.timeout.retry = -1 (default)
2022-02-08 16:06:33,282 [pool-300-thread-1] INFO  server.RaftServerConfigKeys (ConfUtils.java:logGet(44)) - raft.server.log.write.buffer.size = 1048576 (custom)
2022-02-08 16:06:33,282 [pool-300-thread-1] INFO  server.RaftServerConfigKeys (ConfUtils.java:logGet(44)) - raft.server.log.statemachine.data.caching.enabled = true (custom)
2022-02-08 16:06:33,282 [pool-300-thread-1] INFO  segmented.SegmentedRaftLogWorker (SegmentedRaftLogWorker.java:lambda$new$0(133)) - bd23528b-4f24-4cbd-9fbb-986ea08237bf@group-EF770CC483A9-SegmentedRaftLogWorker: flushIndex: setUnconditionally 0 -> -1
2022-02-08 16:06:33,282 [pool-300-thread-1] INFO  segmented.SegmentedRaftLogWorker (SegmentedRaftLogWorker.java:lambda$new$0(133)) - bd23528b-4f24-4cbd-9fbb-986ea08237bf@group-EF770CC483A9-SegmentedRaftLogWorker: safeCacheEvictIndex: setUnconditionally 0 -> -1
2022-02-08 16:06:33,279 [EventQueue-OpenPipelineForHealthyPipelineSafeModeRule] INFO  safemode.SCMSafeModeManager (HealthyPipelineSafeModeRule.java:process(124)) - SCM in safe mode. Healthy pipelines reported count is 0, required healthy pipeline reported count is 1
2022-02-08 16:06:33,276 [EventQueue-OpenPipelineForHealthyPipelineSafeModeRule] INFO  safemode.SCMSafeModeManager (HealthyPipelineSafeModeRule.java:process(124)) - SCM in safe mode. Healthy pipelines reported count is 0, required healthy pipeline reported count is 1
2022-02-08 16:06:33,289 [pool-300-thread-1] INFO  server.RaftServerConfigKeys (ConfUtils.java:logGet(44)) - raft.server.snapshot.auto.trigger.enabled = true (custom)
2022-02-08 16:06:33,289 [pool-300-thread-1] INFO  server.RaftServerConfigKeys (ConfUtils.java:logGet(44)) - raft.server.snapshot.auto.trigger.threshold = 10000 (custom)
2022-02-08 16:06:33,289 [pool-300-thread-1] INFO  server.RaftServerConfigKeys (ConfUtils.java:logGet(44)) - raft.server.snapshot.retention.file.num = 5 (custom)
2022-02-08 16:06:33,289 [pool-300-thread-1] INFO  server.RaftServerConfigKeys (ConfUtils.java:logGet(44)) - raft.server.log.purge.upto.snapshot.index = false (default)
2022-02-08 16:06:33,289 [pool-300-thread-1] INFO  server.RaftServerConfigKeys (ConfUtils.java:logGet(44)) - raft.server.retrycache.expirytime = 600000ms (custom)
2022-02-08 16:06:33,289 [pool-300-thread-1] INFO  server.RaftServerConfigKeys (ConfUtils.java:logGet(44)) - raft.server.retrycache.statistics.expirytime = 100μs (default)
2022-02-08 16:06:33,290 [pool-300-thread-1] INFO  server.RaftServer$Division (RaftServerImpl.java:start(301)) - bd23528b-4f24-4cbd-9fbb-986ea08237bf@group-EF770CC483A9: start as a follower, conf=-1: [a5a2a086-d6c9-4c8e-8312-624683563c73|rpc:127.0.0.1:46253|priority:1, e1d33aab-103b-40d3-b11e-cca6cb4bf5ea|rpc:127.0.0.1:37863|priority:0, bd23528b-4f24-4cbd-9fbb-986ea08237bf|rpc:127.0.0.1:42777|priority:0], old=null
2022-02-08 16:06:33,290 [pool-300-thread-1] INFO  server.RaftServer$Division (RaftServerImpl.java:setRole(290)) - bd23528b-4f24-4cbd-9fbb-986ea08237bf@group-EF770CC483A9: changes role from      null to FOLLOWER at term 0 for startAsFollower
2022-02-08 16:06:33,290 [pool-300-thread-1] INFO  impl.RoleInfo (RoleInfo.java:updateAndGet(130)) - bd23528b-4f24-4cbd-9fbb-986ea08237bf: start bd23528b-4f24-4cbd-9fbb-986ea08237bf@group-EF770CC483A9-FollowerState
2022-02-08 16:06:33,291 [pool-300-thread-1] INFO  util.JmxRegister (JmxRegister.java:tryRegister(44)) - Successfully registered JMX Bean with object name Ratis:service=RaftServer,group=group-EF770CC483A9,id=bd23528b-4f24-4cbd-9fbb-986ea08237bf
2022-02-08 16:06:33,295 [Command processor thread] INFO  ratis.XceiverServerRatis (XceiverServerRatis.java:addGroup(768)) - Created group PipelineID=290cafec-cd7a-45f1-8fd2-ef770cc483a9
2022-02-08 16:06:33,311 [grpc-default-executor-0] INFO  server.RaftServer (RaftServerProxy.java:addNew(95)) - a5a2a086-d6c9-4c8e-8312-624683563c73: addNew group-EF770CC483A9:[a5a2a086-d6c9-4c8e-8312-624683563c73|rpc:127.0.0.1:46253|dataStream:|priority:1, e1d33aab-103b-40d3-b11e-cca6cb4bf5ea|rpc:127.0.0.1:37863|dataStream:|priority:0, bd23528b-4f24-4cbd-9fbb-986ea08237bf|rpc:127.0.0.1:42777|dataStream:|priority:0] returns group-EF770CC483A9:java.util.concurrent.CompletableFuture@51f4ba9b[Not completed]
2022-02-08 16:06:33,313 [pool-323-thread-1] INFO  server.RaftServer$Division (RaftServerImpl.java:<init>(184)) - a5a2a086-d6c9-4c8e-8312-624683563c73: new RaftServerImpl for group-EF770CC483A9:[a5a2a086-d6c9-4c8e-8312-624683563c73|rpc:127.0.0.1:46253|dataStream:|priority:1, e1d33aab-103b-40d3-b11e-cca6cb4bf5ea|rpc:127.0.0.1:37863|dataStream:|priority:0, bd23528b-4f24-4cbd-9fbb-986ea08237bf|rpc:127.0.0.1:42777|dataStream:|priority:0] with ContainerStateMachine:uninitialized
2022-02-08 16:06:33,320 [pool-323-thread-1] INFO  server.RaftServerConfigKeys (ConfUtils.java:logGet(44)) - raft.server.rpc.timeout.min = 5s (custom)
2022-02-08 16:06:33,320 [pool-323-thread-1] INFO  server.RaftServerConfigKeys (ConfUtils.java:logGet(44)) - raft.server.rpc.timeout.max = 5200ms (custom)
2022-02-08 16:06:33,320 [pool-323-thread-1] INFO  server.RaftServerConfigKeys (ConfUtils.java:logGet(44)) - raft.server.rpc.sleep.time = 25ms (default)
2022-02-08 16:06:33,320 [pool-323-thread-1] INFO  server.RaftServerConfigKeys (ConfUtils.java:logGet(44)) - raft.server.rpc.slowness.timeout = 300s (custom)
2022-02-08 16:06:33,320 [pool-323-thread-1] INFO  server.RaftServerConfigKeys (ConfUtils.java:logGet(44)) - raft.server.leaderelection.leader.step-down.wait-time = 10s (default)
2022-02-08 16:06:33,320 [pool-323-thread-1] INFO  server.RaftServerConfigKeys (ConfUtils.java:logGet(44)) - raft.server.sleep.deviation.threshold = 300ms (default)
2022-02-08 16:06:33,320 [pool-323-thread-1] INFO  server.RaftServerConfigKeys (ConfUtils.java:logGet(44)) - raft.server.log.appender.install.snapshot.enabled = false (custom)
2022-02-08 16:06:33,320 [pool-323-thread-1] INFO  server.RaftServer$Division (ServerState.java:<init>(105)) - a5a2a086-d6c9-4c8e-8312-624683563c73@group-EF770CC483A9: ConfigurationManager, init=-1: [a5a2a086-d6c9-4c8e-8312-624683563c73|rpc:127.0.0.1:46253|dataStream:|priority:1, e1d33aab-103b-40d3-b11e-cca6cb4bf5ea|rpc:127.0.0.1:37863|dataStream:|priority:0, bd23528b-4f24-4cbd-9fbb-986ea08237bf|rpc:127.0.0.1:42777|dataStream:|priority:0], old=null, confs=<EMPTY_MAP>
2022-02-08 16:06:33,320 [pool-323-thread-1] INFO  server.RaftServerConfigKeys (ConfUtils.java:logGet(44)) - raft.server.storage.dir = [/home/runner/work/ozone/ozone/hadoop-ozone/integration-test/target/test-dir/MiniOzoneClusterImpl-a5c83128-e0a7-4ff9-8358-8aced9f265d2/datanode-1/data/ratis] (custom)
2022-02-08 16:06:33,321 [pool-323-thread-1] INFO  server.RaftServerConfigKeys (ConfUtils.java:logGet(44)) - raft.server.log.corruption.policy = EXCEPTION (default)
2022-02-08 16:06:33,321 [pool-323-thread-1] INFO  server.RaftServerConfigKeys (ConfUtils.java:logGet(44)) - raft.server.storage.free-space.min = 0MB (=0) (default)
2022-02-08 16:06:33,321 [pool-323-thread-1] INFO  storage.RaftStorageDirectory (RaftStorageDirectoryImpl.java:analyzeStorage(135)) - The storage directory /home/runner/work/ozone/ozone/hadoop-ozone/integration-test/target/test-dir/MiniOzoneClusterImpl-a5c83128-e0a7-4ff9-8358-8aced9f265d2/datanode-1/data/ratis/290cafec-cd7a-45f1-8fd2-ef770cc483a9 does not exist. Creating ...
2022-02-08 16:06:33,322 [pool-323-thread-1] INFO  storage.RaftStorageDirectory (RaftStorageDirectoryImpl.java:tryLock(230)) - Lock on /home/runner/work/ozone/ozone/hadoop-ozone/integration-test/target/test-dir/MiniOzoneClusterImpl-a5c83128-e0a7-4ff9-8358-8aced9f265d2/datanode-1/data/ratis/290cafec-cd7a-45f1-8fd2-ef770cc483a9/in_use.lock acquired by nodename 14435@fv-az131-167
2022-02-08 16:06:33,329 [pool-323-thread-1] INFO  storage.RaftStorage (RaftStorageImpl.java:format(89)) - Storage directory /home/runner/work/ozone/ozone/hadoop-ozone/integration-test/target/test-dir/MiniOzoneClusterImpl-a5c83128-e0a7-4ff9-8358-8aced9f265d2/datanode-1/data/ratis/290cafec-cd7a-45f1-8fd2-ef770cc483a9 has been successfully formatted.
2022-02-08 16:06:33,329 [pool-323-thread-1] INFO  ratis.ContainerStateMachine (ContainerStateMachine.java:loadSnapshot(231)) - group-EF770CC483A9: The snapshot info is null. Setting the last applied indexto:(t:0, i:~)
2022-02-08 16:06:33,330 [pool-323-thread-1] INFO  server.RaftServerConfigKeys (ConfUtils.java:logGet(44)) - raft.server.notification.no-leader.timeout = 300s (custom)
2022-02-08 16:06:33,330 [pool-323-thread-1] INFO  server.RaftServerConfigKeys (ConfUtils.java:logGet(44)) - raft.server.log.use.memory = false (default)
2022-02-08 16:06:33,330 [pool-323-thread-1] INFO  server.RaftServerConfigKeys (ConfUtils.java:logGet(44)) - raft.server.log.purge.gap = 1000000 (custom)
2022-02-08 16:06:33,330 [pool-323-thread-1] INFO  server.RaftServerConfigKeys (ConfUtils.java:logGet(44)) - raft.server.log.appender.buffer.byte-limit = 33554432 (custom)
2022-02-08 16:06:33,330 [pool-323-thread-1] INFO  server.RaftServerConfigKeys (ConfUtils.java:logGet(44)) - raft.server.log.segment.size.max = 1048576 (custom)
2022-02-08 16:06:33,333 [pool-323-thread-1] INFO  server.RaftServerConfigKeys (ConfUtils.java:logGet(44)) - raft.server.log.segment.cache.num.max = 2 (custom)
2022-02-08 16:06:33,333 [pool-323-thread-1] INFO  server.RaftServerConfigKeys (ConfUtils.java:logGet(44)) - raft.server.log.segment.cache.size.max = 200MB (=209715200) (default)
2022-02-08 16:06:33,333 [pool-323-thread-1] INFO  segmented.SegmentedRaftLogWorker (SegmentedRaftLogWorker.java:<init>(182)) - new a5a2a086-d6c9-4c8e-8312-624683563c73@group-EF770CC483A9-SegmentedRaftLogWorker for RaftStorageImpl:Storage Directory /home/runner/work/ozone/ozone/hadoop-ozone/integration-test/target/test-dir/MiniOzoneClusterImpl-a5c83128-e0a7-4ff9-8358-8aced9f265d2/datanode-1/data/ratis/290cafec-cd7a-45f1-8fd2-ef770cc483a9
2022-02-08 16:06:33,336 [pool-323-thread-1] INFO  server.RaftServerConfigKeys (ConfUtils.java:logGet(44)) - raft.server.log.queue.byte-limit = 2147483647 (custom)
2022-02-08 16:06:33,336 [pool-323-thread-1] INFO  server.RaftServerConfigKeys (ConfUtils.java:logGet(44)) - raft.server.log.queue.element-limit = 1024 (custom)
2022-02-08 16:06:33,336 [pool-323-thread-1] INFO  server.RaftServerConfigKeys (ConfUtils.java:logGet(44)) - raft.server.log.segment.size.max = 1048576 (custom)
2022-02-08 16:06:33,336 [pool-323-thread-1] INFO  server.RaftServerConfigKeys (ConfUtils.java:logGet(44)) - raft.server.log.preallocated.size = 16384 (custom)
2022-02-08 16:06:33,337 [pool-323-thread-1] INFO  server.RaftServerConfigKeys (ConfUtils.java:logGet(44)) - raft.server.log.force.sync.num = 128 (default)
2022-02-08 16:06:33,337 [pool-323-thread-1] INFO  server.RaftServerConfigKeys (ConfUtils.java:logGet(44)) - raft.server.log.statemachine.data.sync = true (default)
2022-02-08 16:06:33,337 [pool-323-thread-1] INFO  server.RaftServerConfigKeys (ConfUtils.java:logGet(44)) - raft.server.log.statemachine.data.sync.timeout = 10s (default)
2022-02-08 16:06:33,337 [pool-323-thread-1] INFO  server.RaftServerConfigKeys (ConfUtils.java:logGet(44)) - raft.server.log.statemachine.data.sync.timeout.retry = -1 (default)
2022-02-08 16:06:33,338 [pool-323-thread-1] INFO  server.RaftServerConfigKeys (ConfUtils.java:logGet(44)) - raft.server.log.write.buffer.size = 1048576 (custom)
2022-02-08 16:06:33,339 [pool-323-thread-1] INFO  server.RaftServerConfigKeys (ConfUtils.java:logGet(44)) - raft.server.log.statemachine.data.caching.enabled = true (custom)
2022-02-08 16:06:33,339 [pool-323-thread-1] INFO  segmented.SegmentedRaftLogWorker (SegmentedRaftLogWorker.java:lambda$new$0(133)) - a5a2a086-d6c9-4c8e-8312-624683563c73@group-EF770CC483A9-SegmentedRaftLogWorker: flushIndex: setUnconditionally 0 -> -1
2022-02-08 16:06:33,339 [pool-323-thread-1] INFO  segmented.SegmentedRaftLogWorker (SegmentedRaftLogWorker.java:lambda$new$0(133)) - a5a2a086-d6c9-4c8e-8312-624683563c73@group-EF770CC483A9-SegmentedRaftLogWorker: safeCacheEvictIndex: setUnconditionally 0 -> -1
2022-02-08 16:06:33,348 [pool-323-thread-1] INFO  server.RaftServerConfigKeys (ConfUtils.java:logGet(44)) - raft.server.snapshot.auto.trigger.enabled = true (custom)
2022-02-08 16:06:33,348 [pool-323-thread-1] INFO  server.RaftServerConfigKeys (ConfUtils.java:logGet(44)) - raft.server.snapshot.auto.trigger.threshold = 10000 (custom)
2022-02-08 16:06:33,348 [pool-323-thread-1] INFO  server.RaftServerConfigKeys (ConfUtils.java:logGet(44)) - raft.server.snapshot.retention.file.num = 5 (custom)
2022-02-08 16:06:33,348 [pool-323-thread-1] INFO  server.RaftServerConfigKeys (ConfUtils.java:logGet(44)) - raft.server.log.purge.upto.snapshot.index = false (default)
2022-02-08 16:06:33,348 [pool-323-thread-1] INFO  server.RaftServerConfigKeys (ConfUtils.java:logGet(44)) - raft.server.retrycache.expirytime = 600000ms (custom)
2022-02-08 16:06:33,348 [pool-323-thread-1] INFO  server.RaftServerConfigKeys (ConfUtils.java:logGet(44)) - raft.server.retrycache.statistics.expirytime = 100μs (default)
2022-02-08 16:06:33,349 [pool-323-thread-1] INFO  server.RaftServer$Division (RaftServerImpl.java:start(301)) - a5a2a086-d6c9-4c8e-8312-624683563c73@group-EF770CC483A9: start as a follower, conf=-1: [a5a2a086-d6c9-4c8e-8312-624683563c73|rpc:127.0.0.1:46253|dataStream:|priority:1, e1d33aab-103b-40d3-b11e-cca6cb4bf5ea|rpc:127.0.0.1:37863|dataStream:|priority:0, bd23528b-4f24-4cbd-9fbb-986ea08237bf|rpc:127.0.0.1:42777|dataStream:|priority:0], old=null
2022-02-08 16:06:33,350 [pool-323-thread-1] INFO  server.RaftServer$Division (RaftServerImpl.java:setRole(290)) - a5a2a086-d6c9-4c8e-8312-624683563c73@group-EF770CC483A9: changes role from      null to FOLLOWER at term 0 for startAsFollower
2022-02-08 16:06:33,350 [pool-323-thread-1] INFO  impl.RoleInfo (RoleInfo.java:updateAndGet(130)) - a5a2a086-d6c9-4c8e-8312-624683563c73: start a5a2a086-d6c9-4c8e-8312-624683563c73@group-EF770CC483A9-FollowerState
2022-02-08 16:06:33,362 [pool-323-thread-1] INFO  util.JmxRegister (JmxRegister.java:tryRegister(44)) - Successfully registered JMX Bean with object name Ratis:service=RaftServer,group=group-EF770CC483A9,id=a5a2a086-d6c9-4c8e-8312-624683563c73
2022-02-08 16:06:33,429 [grpc-default-executor-0] INFO  server.RaftServer (RaftServerProxy.java:addNew(95)) - e1d33aab-103b-40d3-b11e-cca6cb4bf5ea: addNew group-EF770CC483A9:[a5a2a086-d6c9-4c8e-8312-624683563c73|rpc:127.0.0.1:46253|dataStream:|priority:1, e1d33aab-103b-40d3-b11e-cca6cb4bf5ea|rpc:127.0.0.1:37863|dataStream:|priority:0, bd23528b-4f24-4cbd-9fbb-986ea08237bf|rpc:127.0.0.1:42777|dataStream:|priority:0] returns group-EF770CC483A9:java.util.concurrent.CompletableFuture@29804b78[Not completed]
2022-02-08 16:06:33,440 [pool-346-thread-1] INFO  server.RaftServer$Division (RaftServerImpl.java:<init>(184)) - e1d33aab-103b-40d3-b11e-cca6cb4bf5ea: new RaftServerImpl for group-EF770CC483A9:[a5a2a086-d6c9-4c8e-8312-624683563c73|rpc:127.0.0.1:46253|dataStream:|priority:1, e1d33aab-103b-40d3-b11e-cca6cb4bf5ea|rpc:127.0.0.1:37863|dataStream:|priority:0, bd23528b-4f24-4cbd-9fbb-986ea08237bf|rpc:127.0.0.1:42777|dataStream:|priority:0] with ContainerStateMachine:uninitialized
2022-02-08 16:06:33,440 [pool-346-thread-1] INFO  server.RaftServerConfigKeys (ConfUtils.java:logGet(44)) - raft.server.rpc.timeout.min = 5s (custom)
2022-02-08 16:06:33,440 [pool-346-thread-1] INFO  server.RaftServerConfigKeys (ConfUtils.java:logGet(44)) - raft.server.rpc.timeout.max = 5200ms (custom)
2022-02-08 16:06:33,440 [pool-346-thread-1] INFO  server.RaftServerConfigKeys (ConfUtils.java:logGet(44)) - raft.server.rpc.sleep.time = 25ms (default)
2022-02-08 16:06:33,440 [pool-346-thread-1] INFO  server.RaftServerConfigKeys (ConfUtils.java:logGet(44)) - raft.server.rpc.slowness.timeout = 300s (custom)
2022-02-08 16:06:33,440 [pool-346-thread-1] INFO  server.RaftServerConfigKeys (ConfUtils.java:logGet(44)) - raft.server.leaderelection.leader.step-down.wait-time = 10s (default)
2022-02-08 16:06:33,440 [pool-346-thread-1] INFO  server.RaftServerConfigKeys (ConfUtils.java:logGet(44)) - raft.server.sleep.deviation.threshold = 300ms (default)
2022-02-08 16:06:33,440 [pool-346-thread-1] INFO  server.RaftServerConfigKeys (ConfUtils.java:logGet(44)) - raft.server.log.appender.install.snapshot.enabled = false (custom)
2022-02-08 16:06:33,440 [pool-346-thread-1] INFO  server.RaftServer$Division (ServerState.java:<init>(105)) - e1d33aab-103b-40d3-b11e-cca6cb4bf5ea@group-EF770CC483A9: ConfigurationManager, init=-1: [a5a2a086-d6c9-4c8e-8312-624683563c73|rpc:127.0.0.1:46253|dataStream:|priority:1, e1d33aab-103b-40d3-b11e-cca6cb4bf5ea|rpc:127.0.0.1:37863|dataStream:|priority:0, bd23528b-4f24-4cbd-9fbb-986ea08237bf|rpc:127.0.0.1:42777|dataStream:|priority:0], old=null, confs=<EMPTY_MAP>
2022-02-08 16:06:33,441 [pool-346-thread-1] INFO  server.RaftServerConfigKeys (ConfUtils.java:logGet(44)) - raft.server.storage.dir = [/home/runner/work/ozone/ozone/hadoop-ozone/integration-test/target/test-dir/MiniOzoneClusterImpl-a5c83128-e0a7-4ff9-8358-8aced9f265d2/datanode-2/data/ratis] (custom)
2022-02-08 16:06:33,441 [pool-346-thread-1] INFO  server.RaftServerConfigKeys (ConfUtils.java:logGet(44)) - raft.server.log.corruption.policy = EXCEPTION (default)
2022-02-08 16:06:33,441 [pool-346-thread-1] INFO  server.RaftServerConfigKeys (ConfUtils.java:logGet(44)) - raft.server.storage.free-space.min = 0MB (=0) (default)
2022-02-08 16:06:33,441 [pool-346-thread-1] INFO  storage.RaftStorageDirectory (RaftStorageDirectoryImpl.java:analyzeStorage(135)) - The storage directory /home/runner/work/ozone/ozone/hadoop-ozone/integration-test/target/test-dir/MiniOzoneClusterImpl-a5c83128-e0a7-4ff9-8358-8aced9f265d2/datanode-2/data/ratis/290cafec-cd7a-45f1-8fd2-ef770cc483a9 does not exist. Creating ...
2022-02-08 16:06:33,442 [pool-346-thread-1] INFO  storage.RaftStorageDirectory (RaftStorageDirectoryImpl.java:tryLock(230)) - Lock on /home/runner/work/ozone/ozone/hadoop-ozone/integration-test/target/test-dir/MiniOzoneClusterImpl-a5c83128-e0a7-4ff9-8358-8aced9f265d2/datanode-2/data/ratis/290cafec-cd7a-45f1-8fd2-ef770cc483a9/in_use.lock acquired by nodename 14435@fv-az131-167
2022-02-08 16:06:33,444 [pool-346-thread-1] INFO  storage.RaftStorage (RaftStorageImpl.java:format(89)) - Storage directory /home/runner/work/ozone/ozone/hadoop-ozone/integration-test/target/test-dir/MiniOzoneClusterImpl-a5c83128-e0a7-4ff9-8358-8aced9f265d2/datanode-2/data/ratis/290cafec-cd7a-45f1-8fd2-ef770cc483a9 has been successfully formatted.
2022-02-08 16:06:33,444 [pool-346-thread-1] INFO  ratis.ContainerStateMachine (ContainerStateMachine.java:loadSnapshot(231)) - group-EF770CC483A9: The snapshot info is null. Setting the last applied indexto:(t:0, i:~)
2022-02-08 16:06:33,444 [pool-346-thread-1] INFO  server.RaftServerConfigKeys (ConfUtils.java:logGet(44)) - raft.server.notification.no-leader.timeout = 300s (custom)
2022-02-08 16:06:33,444 [pool-346-thread-1] INFO  server.RaftServerConfigKeys (ConfUtils.java:logGet(44)) - raft.server.log.use.memory = false (default)
2022-02-08 16:06:33,444 [pool-346-thread-1] INFO  server.RaftServerConfigKeys (ConfUtils.java:logGet(44)) - raft.server.log.purge.gap = 1000000 (custom)
2022-02-08 16:06:33,444 [pool-346-thread-1] INFO  server.RaftServerConfigKeys (ConfUtils.java:logGet(44)) - raft.server.log.appender.buffer.byte-limit = 33554432 (custom)
2022-02-08 16:06:33,445 [pool-346-thread-1] INFO  server.RaftServerConfigKeys (ConfUtils.java:logGet(44)) - raft.server.log.segment.size.max = 1048576 (custom)
2022-02-08 16:06:33,445 [pool-346-thread-1] INFO  server.RaftServerConfigKeys (ConfUtils.java:logGet(44)) - raft.server.log.segment.cache.num.max = 2 (custom)
2022-02-08 16:06:33,445 [pool-346-thread-1] INFO  server.RaftServerConfigKeys (ConfUtils.java:logGet(44)) - raft.server.log.segment.cache.size.max = 200MB (=209715200) (default)
2022-02-08 16:06:33,445 [pool-346-thread-1] INFO  segmented.SegmentedRaftLogWorker (SegmentedRaftLogWorker.java:<init>(182)) - new e1d33aab-103b-40d3-b11e-cca6cb4bf5ea@group-EF770CC483A9-SegmentedRaftLogWorker for RaftStorageImpl:Storage Directory /home/runner/work/ozone/ozone/hadoop-ozone/integration-test/target/test-dir/MiniOzoneClusterImpl-a5c83128-e0a7-4ff9-8358-8aced9f265d2/datanode-2/data/ratis/290cafec-cd7a-45f1-8fd2-ef770cc483a9
2022-02-08 16:06:33,445 [pool-346-thread-1] INFO  server.RaftServerConfigKeys (ConfUtils.java:logGet(44)) - raft.server.log.queue.byte-limit = 2147483647 (custom)
2022-02-08 16:06:33,445 [pool-346-thread-1] INFO  server.RaftServerConfigKeys (ConfUtils.java:logGet(44)) - raft.server.log.queue.element-limit = 1024 (custom)
2022-02-08 16:06:33,445 [pool-346-thread-1] INFO  server.RaftServerConfigKeys (ConfUtils.java:logGet(44)) - raft.server.log.segment.size.max = 1048576 (custom)
2022-02-08 16:06:33,445 [pool-346-thread-1] INFO  server.RaftServerConfigKeys (ConfUtils.java:logGet(44)) - raft.server.log.preallocated.size = 16384 (custom)
2022-02-08 16:06:33,445 [pool-346-thread-1] INFO  server.RaftServerConfigKeys (ConfUtils.java:logGet(44)) - raft.server.log.force.sync.num = 128 (default)
2022-02-08 16:06:33,445 [pool-346-thread-1] INFO  server.RaftServerConfigKeys (ConfUtils.java:logGet(44)) - raft.server.log.statemachine.data.sync = true (default)
2022-02-08 16:06:33,445 [pool-346-thread-1] INFO  server.RaftServerConfigKeys (ConfUtils.java:logGet(44)) - raft.server.log.statemachine.data.sync.timeout = 10s (default)
2022-02-08 16:06:33,445 [pool-346-thread-1] INFO  server.RaftServerConfigKeys (ConfUtils.java:logGet(44)) - raft.server.log.statemachine.data.sync.timeout.retry = -1 (default)
2022-02-08 16:06:33,451 [pool-346-thread-1] INFO  server.RaftServerConfigKeys (ConfUtils.java:logGet(44)) - raft.server.log.write.buffer.size = 1048576 (custom)
2022-02-08 16:06:33,453 [pool-346-thread-1] INFO  server.RaftServerConfigKeys (ConfUtils.java:logGet(44)) - raft.server.log.statemachine.data.caching.enabled = true (custom)
2022-02-08 16:06:33,453 [pool-346-thread-1] INFO  segmented.SegmentedRaftLogWorker (SegmentedRaftLogWorker.java:lambda$new$0(133)) - e1d33aab-103b-40d3-b11e-cca6cb4bf5ea@group-EF770CC483A9-SegmentedRaftLogWorker: flushIndex: setUnconditionally 0 -> -1
2022-02-08 16:06:33,453 [pool-346-thread-1] INFO  segmented.SegmentedRaftLogWorker (SegmentedRaftLogWorker.java:lambda$new$0(133)) - e1d33aab-103b-40d3-b11e-cca6cb4bf5ea@group-EF770CC483A9-SegmentedRaftLogWorker: safeCacheEvictIndex: setUnconditionally 0 -> -1
2022-02-08 16:06:33,460 [pool-346-thread-1] INFO  server.RaftServerConfigKeys (ConfUtils.java:logGet(44)) - raft.server.snapshot.auto.trigger.enabled = true (custom)
2022-02-08 16:06:33,460 [pool-346-thread-1] INFO  server.RaftServerConfigKeys (ConfUtils.java:logGet(44)) - raft.server.snapshot.auto.trigger.threshold = 10000 (custom)
2022-02-08 16:06:33,460 [pool-346-thread-1] INFO  server.RaftServerConfigKeys (ConfUtils.java:logGet(44)) - raft.server.snapshot.retention.file.num = 5 (custom)
2022-02-08 16:06:33,460 [pool-346-thread-1] INFO  server.RaftServerConfigKeys (ConfUtils.java:logGet(44)) - raft.server.log.purge.upto.snapshot.index = false (default)
2022-02-08 16:06:33,460 [pool-346-thread-1] INFO  server.RaftServerConfigKeys (ConfUtils.java:logGet(44)) - raft.server.retrycache.expirytime = 600000ms (custom)
2022-02-08 16:06:33,460 [pool-346-thread-1] INFO  server.RaftServerConfigKeys (ConfUtils.java:logGet(44)) - raft.server.retrycache.statistics.expirytime = 100μs (default)
2022-02-08 16:06:33,461 [pool-346-thread-1] INFO  server.RaftServer$Division (RaftServerImpl.java:start(301)) - e1d33aab-103b-40d3-b11e-cca6cb4bf5ea@group-EF770CC483A9: start as a follower, conf=-1: [a5a2a086-d6c9-4c8e-8312-624683563c73|rpc:127.0.0.1:46253|dataStream:|priority:1, e1d33aab-103b-40d3-b11e-cca6cb4bf5ea|rpc:127.0.0.1:37863|dataStream:|priority:0, bd23528b-4f24-4cbd-9fbb-986ea08237bf|rpc:127.0.0.1:42777|dataStream:|priority:0], old=null
2022-02-08 16:06:33,461 [pool-346-thread-1] INFO  server.RaftServer$Division (RaftServerImpl.java:setRole(290)) - e1d33aab-103b-40d3-b11e-cca6cb4bf5ea@group-EF770CC483A9: changes role from      null to FOLLOWER at term 0 for startAsFollower
2022-02-08 16:06:33,461 [pool-346-thread-1] INFO  impl.RoleInfo (RoleInfo.java:updateAndGet(130)) - e1d33aab-103b-40d3-b11e-cca6cb4bf5ea: start e1d33aab-103b-40d3-b11e-cca6cb4bf5ea@group-EF770CC483A9-FollowerState
2022-02-08 16:06:33,469 [pool-346-thread-1] INFO  util.JmxRegister (JmxRegister.java:tryRegister(44)) - Successfully registered JMX Bean with object name Ratis:service=RaftServer,group=group-EF770CC483A9,id=e1d33aab-103b-40d3-b11e-cca6cb4bf5ea
2022-02-08 16:06:33,497 [Command processor thread] INFO  commandhandler.CreatePipelineCommandHandler (CreatePipelineCommandHandler.java:handle(106)) - Created Pipeline RATIS THREE PipelineID=290cafec-cd7a-45f1-8fd2-ef770cc483a9.
2022-02-08 16:06:33,498 [Command processor thread] INFO  server.RaftServer (RaftServerProxy.java:addNew(95)) - bd23528b-4f24-4cbd-9fbb-986ea08237bf: addNew group-814509AA7368:[a5a2a086-d6c9-4c8e-8312-624683563c73|rpc:127.0.0.1:46253|priority:0, e1d33aab-103b-40d3-b11e-cca6cb4bf5ea|rpc:127.0.0.1:37863|priority:1, bd23528b-4f24-4cbd-9fbb-986ea08237bf|rpc:127.0.0.1:42777|priority:0] returns group-814509AA7368:java.util.concurrent.CompletableFuture@68b4f388[Not completed]
2022-02-08 16:06:33,499 [pool-300-thread-1] INFO  server.RaftServer$Division (RaftServerImpl.java:<init>(184)) - bd23528b-4f24-4cbd-9fbb-986ea08237bf: new RaftServerImpl for group-814509AA7368:[a5a2a086-d6c9-4c8e-8312-624683563c73|rpc:127.0.0.1:46253|priority:0, e1d33aab-103b-40d3-b11e-cca6cb4bf5ea|rpc:127.0.0.1:37863|priority:1, bd23528b-4f24-4cbd-9fbb-986ea08237bf|rpc:127.0.0.1:42777|priority:0] with ContainerStateMachine:uninitialized
2022-02-08 16:06:33,499 [pool-300-thread-1] INFO  server.RaftServerConfigKeys (ConfUtils.java:logGet(44)) - raft.server.rpc.timeout.min = 5s (custom)
2022-02-08 16:06:33,499 [pool-300-thread-1] INFO  server.RaftServerConfigKeys (ConfUtils.java:logGet(44)) - raft.server.rpc.timeout.max = 5200ms (custom)
2022-02-08 16:06:33,499 [pool-300-thread-1] INFO  server.RaftServerConfigKeys (ConfUtils.java:logGet(44)) - raft.server.rpc.sleep.time = 25ms (default)
2022-02-08 16:06:33,499 [pool-300-thread-1] INFO  server.RaftServerConfigKeys (ConfUtils.java:logGet(44)) - raft.server.rpc.slowness.timeout = 300s (custom)
2022-02-08 16:06:33,499 [pool-300-thread-1] INFO  server.RaftServerConfigKeys (ConfUtils.java:logGet(44)) - raft.server.leaderelection.leader.step-down.wait-time = 10s (default)
2022-02-08 16:06:33,499 [pool-300-thread-1] INFO  server.RaftServerConfigKeys (ConfUtils.java:logGet(44)) - raft.server.sleep.deviation.threshold = 300ms (default)
2022-02-08 16:06:33,499 [pool-300-thread-1] INFO  server.RaftServerConfigKeys (ConfUtils.java:logGet(44)) - raft.server.log.appender.install.snapshot.enabled = false (custom)
2022-02-08 16:06:33,499 [pool-300-thread-1] INFO  server.RaftServer$Division (ServerState.java:<init>(105)) - bd23528b-4f24-4cbd-9fbb-986ea08237bf@group-814509AA7368: ConfigurationManager, init=-1: [a5a2a086-d6c9-4c8e-8312-624683563c73|rpc:127.0.0.1:46253|priority:0, e1d33aab-103b-40d3-b11e-cca6cb4bf5ea|rpc:127.0.0.1:37863|priority:1, bd23528b-4f24-4cbd-9fbb-986ea08237bf|rpc:127.0.0.1:42777|priority:0], old=null, confs=<EMPTY_MAP>
2022-02-08 16:06:33,499 [pool-300-thread-1] INFO  server.RaftServerConfigKeys (ConfUtils.java:logGet(44)) - raft.server.storage.dir = [/home/runner/work/ozone/ozone/hadoop-ozone/integration-test/target/test-dir/MiniOzoneClusterImpl-a5c83128-e0a7-4ff9-8358-8aced9f265d2/datanode-0/data/ratis] (custom)
2022-02-08 16:06:33,499 [pool-300-thread-1] INFO  server.RaftServerConfigKeys (ConfUtils.java:logGet(44)) - raft.server.log.corruption.policy = EXCEPTION (default)
2022-02-08 16:06:33,499 [pool-300-thread-1] INFO  server.RaftServerConfigKeys (ConfUtils.java:logGet(44)) - raft.server.storage.free-space.min = 0MB (=0) (default)
2022-02-08 16:06:33,499 [pool-300-thread-1] INFO  storage.RaftStorageDirectory (RaftStorageDirectoryImpl.java:analyzeStorage(135)) - The storage directory /home/runner/work/ozone/ozone/hadoop-ozone/integration-test/target/test-dir/MiniOzoneClusterImpl-a5c83128-e0a7-4ff9-8358-8aced9f265d2/datanode-0/data/ratis/da59a702-20e4-476a-a133-814509aa7368 does not exist. Creating ...
2022-02-08 16:06:33,501 [pool-300-thread-1] INFO  storage.RaftStorageDirectory (RaftStorageDirectoryImpl.java:tryLock(230)) - Lock on /home/runner/work/ozone/ozone/hadoop-ozone/integration-test/target/test-dir/MiniOzoneClusterImpl-a5c83128-e0a7-4ff9-8358-8aced9f265d2/datanode-0/data/ratis/da59a702-20e4-476a-a133-814509aa7368/in_use.lock acquired by nodename 14435@fv-az131-167
2022-02-08 16:06:33,502 [pool-300-thread-1] INFO  storage.RaftStorage (RaftStorageImpl.java:format(89)) - Storage directory /home/runner/work/ozone/ozone/hadoop-ozone/integration-test/target/test-dir/MiniOzoneClusterImpl-a5c83128-e0a7-4ff9-8358-8aced9f265d2/datanode-0/data/ratis/da59a702-20e4-476a-a133-814509aa7368 has been successfully formatted.
2022-02-08 16:06:33,502 [pool-300-thread-1] INFO  ratis.ContainerStateMachine (ContainerStateMachine.java:loadSnapshot(231)) - group-814509AA7368: The snapshot info is null. Setting the last applied indexto:(t:0, i:~)
2022-02-08 16:06:33,502 [pool-300-thread-1] INFO  server.RaftServerConfigKeys (ConfUtils.java:logGet(44)) - raft.server.notification.no-leader.timeout = 300s (custom)
2022-02-08 16:06:33,502 [pool-300-thread-1] INFO  server.RaftServerConfigKeys (ConfUtils.java:logGet(44)) - raft.server.log.use.memory = false (default)
2022-02-08 16:06:33,502 [pool-300-thread-1] INFO  server.RaftServerConfigKeys (ConfUtils.java:logGet(44)) - raft.server.log.purge.gap = 1000000 (custom)
2022-02-08 16:06:33,502 [pool-300-thread-1] INFO  server.RaftServerConfigKeys (ConfUtils.java:logGet(44)) - raft.server.log.appender.buffer.byte-limit = 33554432 (custom)
2022-02-08 16:06:33,503 [pool-300-thread-1] INFO  server.RaftServerConfigKeys (ConfUtils.java:logGet(44)) - raft.server.log.segment.size.max = 1048576 (custom)
2022-02-08 16:06:33,504 [EventQueue-OpenPipelineForHealthyPipelineSafeModeRule] INFO  safemode.SCMSafeModeManager (HealthyPipelineSafeModeRule.java:process(124)) - SCM in safe mode. Healthy pipelines reported count is 0, required healthy pipeline reported count is 1
2022-02-08 16:06:33,504 [pool-300-thread-1] INFO  server.RaftServerConfigKeys (ConfUtils.java:logGet(44)) - raft.server.log.segment.cache.num.max = 2 (custom)
2022-02-08 16:06:33,504 [pool-300-thread-1] INFO  server.RaftServerConfigKeys (ConfUtils.java:logGet(44)) - raft.server.log.segment.cache.size.max = 200MB (=209715200) (default)
2022-02-08 16:06:33,504 [pool-300-thread-1] INFO  segmented.SegmentedRaftLogWorker (SegmentedRaftLogWorker.java:<init>(182)) - new bd23528b-4f24-4cbd-9fbb-986ea08237bf@group-814509AA7368-SegmentedRaftLogWorker for RaftStorageImpl:Storage Directory /home/runner/work/ozone/ozone/hadoop-ozone/integration-test/target/test-dir/MiniOzoneClusterImpl-a5c83128-e0a7-4ff9-8358-8aced9f265d2/datanode-0/data/ratis/da59a702-20e4-476a-a133-814509aa7368
2022-02-08 16:06:33,504 [pool-300-thread-1] INFO  server.RaftServerConfigKeys (ConfUtils.java:logGet(44)) - raft.server.log.queue.byte-limit = 2147483647 (custom)
2022-02-08 16:06:33,504 [pool-300-thread-1] INFO  server.RaftServerConfigKeys (ConfUtils.java:logGet(44)) - raft.server.log.queue.element-limit = 1024 (custom)
2022-02-08 16:06:33,504 [pool-300-thread-1] INFO  server.RaftServerConfigKeys (ConfUtils.java:logGet(44)) - raft.server.log.segment.size.max = 1048576 (custom)
2022-02-08 16:06:33,504 [pool-300-thread-1] INFO  server.RaftServerConfigKeys (ConfUtils.java:logGet(44)) - raft.server.log.preallocated.size = 16384 (custom)
2022-02-08 16:06:33,504 [pool-300-thread-1] INFO  server.RaftServerConfigKeys (ConfUtils.java:logGet(44)) - raft.server.log.force.sync.num = 128 (default)
2022-02-08 16:06:33,505 [pool-300-thread-1] INFO  server.RaftServerConfigKeys (ConfUtils.java:logGet(44)) - raft.server.log.statemachine.data.sync = true (default)
2022-02-08 16:06:33,505 [pool-300-thread-1] INFO  server.RaftServerConfigKeys (ConfUtils.java:logGet(44)) - raft.server.log.statemachine.data.sync.timeout = 10s (default)
2022-02-08 16:06:33,505 [pool-300-thread-1] INFO  server.RaftServerConfigKeys (ConfUtils.java:logGet(44)) - raft.server.log.statemachine.data.sync.timeout.retry = -1 (default)
2022-02-08 16:06:33,505 [pool-300-thread-1] INFO  server.RaftServerConfigKeys (ConfUtils.java:logGet(44)) - raft.server.log.write.buffer.size = 1048576 (custom)
2022-02-08 16:06:33,506 [pool-300-thread-1] INFO  server.RaftServerConfigKeys (ConfUtils.java:logGet(44)) - raft.server.log.statemachine.data.caching.enabled = true (custom)
2022-02-08 16:06:33,506 [pool-300-thread-1] INFO  segmented.SegmentedRaftLogWorker (SegmentedRaftLogWorker.java:lambda$new$0(133)) - bd23528b-4f24-4cbd-9fbb-986ea08237bf@group-814509AA7368-SegmentedRaftLogWorker: flushIndex: setUnconditionally 0 -> -1
2022-02-08 16:06:33,506 [pool-300-thread-1] INFO  segmented.SegmentedRaftLogWorker (SegmentedRaftLogWorker.java:lambda$new$0(133)) - bd23528b-4f24-4cbd-9fbb-986ea08237bf@group-814509AA7368-SegmentedRaftLogWorker: safeCacheEvictIndex: setUnconditionally 0 -> -1
2022-02-08 16:06:33,516 [pool-300-thread-1] INFO  server.RaftServerConfigKeys (ConfUtils.java:logGet(44)) - raft.server.snapshot.auto.trigger.enabled = true (custom)
2022-02-08 16:06:33,516 [pool-300-thread-1] INFO  server.RaftServerConfigKeys (ConfUtils.java:logGet(44)) - raft.server.snapshot.auto.trigger.threshold = 10000 (custom)
2022-02-08 16:06:33,516 [pool-300-thread-1] INFO  server.RaftServerConfigKeys (ConfUtils.java:logGet(44)) - raft.server.snapshot.retention.file.num = 5 (custom)
2022-02-08 16:06:33,516 [pool-300-thread-1] INFO  server.RaftServerConfigKeys (ConfUtils.java:logGet(44)) - raft.server.log.purge.upto.snapshot.index = false (default)
2022-02-08 16:06:33,516 [pool-300-thread-1] INFO  server.RaftServerConfigKeys (ConfUtils.java:logGet(44)) - raft.server.retrycache.expirytime = 600000ms (custom)
2022-02-08 16:06:33,516 [pool-300-thread-1] INFO  server.RaftServerConfigKeys (ConfUtils.java:logGet(44)) - raft.server.retrycache.statistics.expirytime = 100μs (default)
2022-02-08 16:06:33,517 [pool-300-thread-1] INFO  server.RaftServer$Division (RaftServerImpl.java:start(301)) - bd23528b-4f24-4cbd-9fbb-986ea08237bf@group-814509AA7368: start as a follower, conf=-1: [a5a2a086-d6c9-4c8e-8312-624683563c73|rpc:127.0.0.1:46253|priority:0, e1d33aab-103b-40d3-b11e-cca6cb4bf5ea|rpc:127.0.0.1:37863|priority:1, bd23528b-4f24-4cbd-9fbb-986ea08237bf|rpc:127.0.0.1:42777|priority:0], old=null
2022-02-08 16:06:33,517 [pool-300-thread-1] INFO  server.RaftServer$Division (RaftServerImpl.java:setRole(290)) - bd23528b-4f24-4cbd-9fbb-986ea08237bf@group-814509AA7368: changes role from      null to FOLLOWER at term 0 for startAsFollower
2022-02-08 16:06:33,517 [pool-300-thread-1] INFO  impl.RoleInfo (RoleInfo.java:updateAndGet(130)) - bd23528b-4f24-4cbd-9fbb-986ea08237bf: start bd23528b-4f24-4cbd-9fbb-986ea08237bf@group-814509AA7368-FollowerState
2022-02-08 16:06:33,524 [pool-300-thread-1] INFO  util.JmxRegister (JmxRegister.java:tryRegister(44)) - Successfully registered JMX Bean with object name Ratis:service=RaftServer,group=group-814509AA7368,id=bd23528b-4f24-4cbd-9fbb-986ea08237bf
2022-02-08 16:06:33,526 [Command processor thread] INFO  ratis.XceiverServerRatis (XceiverServerRatis.java:addGroup(768)) - Created group PipelineID=da59a702-20e4-476a-a133-814509aa7368
2022-02-08 16:06:33,545 [Command processor thread] INFO  server.RaftServer (RaftServerProxy.java:addNew(95)) - a5a2a086-d6c9-4c8e-8312-624683563c73: addNew group-BF7B0C1F8AAF:[a5a2a086-d6c9-4c8e-8312-624683563c73|rpc:127.0.0.1:46253|priority:1] returns group-BF7B0C1F8AAF:java.util.concurrent.CompletableFuture@7b257ecd[Not completed]
2022-02-08 16:06:33,546 [pool-323-thread-1] INFO  server.RaftServer$Division (RaftServerImpl.java:<init>(184)) - a5a2a086-d6c9-4c8e-8312-624683563c73: new RaftServerImpl for group-BF7B0C1F8AAF:[a5a2a086-d6c9-4c8e-8312-624683563c73|rpc:127.0.0.1:46253|priority:1] with ContainerStateMachine:uninitialized
2022-02-08 16:06:33,546 [pool-323-thread-1] INFO  server.RaftServerConfigKeys (ConfUtils.java:logGet(44)) - raft.server.rpc.timeout.min = 5s (custom)
2022-02-08 16:06:33,546 [pool-323-thread-1] INFO  server.RaftServerConfigKeys (ConfUtils.java:logGet(44)) - raft.server.rpc.timeout.max = 5200ms (custom)
2022-02-08 16:06:33,546 [pool-323-thread-1] INFO  server.RaftServerConfigKeys (ConfUtils.java:logGet(44)) - raft.server.rpc.sleep.time = 25ms (default)
2022-02-08 16:06:33,546 [pool-323-thread-1] INFO  server.RaftServerConfigKeys (ConfUtils.java:logGet(44)) - raft.server.rpc.slowness.timeout = 300s (custom)
2022-02-08 16:06:33,546 [pool-323-thread-1] INFO  server.RaftServerConfigKeys (ConfUtils.java:logGet(44)) - raft.server.leaderelection.leader.step-down.wait-time = 10s (default)
2022-02-08 16:06:33,546 [pool-323-thread-1] INFO  server.RaftServerConfigKeys (ConfUtils.java:logGet(44)) - raft.server.sleep.deviation.threshold = 300ms (default)
2022-02-08 16:06:33,546 [pool-323-thread-1] INFO  server.RaftServerConfigKeys (ConfUtils.java:logGet(44)) - raft.server.log.appender.install.snapshot.enabled = false (custom)
2022-02-08 16:06:33,546 [pool-323-thread-1] INFO  server.RaftServer$Division (ServerState.java:<init>(105)) - a5a2a086-d6c9-4c8e-8312-624683563c73@group-BF7B0C1F8AAF: ConfigurationManager, init=-1: [a5a2a086-d6c9-4c8e-8312-624683563c73|rpc:127.0.0.1:46253|priority:1], old=null, confs=<EMPTY_MAP>
2022-02-08 16:06:33,546 [pool-323-thread-1] INFO  server.RaftServerConfigKeys (ConfUtils.java:logGet(44)) - raft.server.storage.dir = [/home/runner/work/ozone/ozone/hadoop-ozone/integration-test/target/test-dir/MiniOzoneClusterImpl-a5c83128-e0a7-4ff9-8358-8aced9f265d2/datanode-1/data/ratis] (custom)
2022-02-08 16:06:33,546 [pool-323-thread-1] INFO  server.RaftServerConfigKeys (ConfUtils.java:logGet(44)) - raft.server.log.corruption.policy = EXCEPTION (default)
2022-02-08 16:06:33,546 [pool-323-thread-1] INFO  server.RaftServerConfigKeys (ConfUtils.java:logGet(44)) - raft.server.storage.free-space.min = 0MB (=0) (default)
2022-02-08 16:06:33,547 [pool-323-thread-1] INFO  storage.RaftStorageDirectory (RaftStorageDirectoryImpl.java:analyzeStorage(135)) - The storage directory /home/runner/work/ozone/ozone/hadoop-ozone/integration-test/target/test-dir/MiniOzoneClusterImpl-a5c83128-e0a7-4ff9-8358-8aced9f265d2/datanode-1/data/ratis/cf020e3a-4f3d-4fc9-a27b-bf7b0c1f8aaf does not exist. Creating ...
2022-02-08 16:06:33,552 [pool-323-thread-1] INFO  storage.RaftStorageDirectory (RaftStorageDirectoryImpl.java:tryLock(230)) - Lock on /home/runner/work/ozone/ozone/hadoop-ozone/integration-test/target/test-dir/MiniOzoneClusterImpl-a5c83128-e0a7-4ff9-8358-8aced9f265d2/datanode-1/data/ratis/cf020e3a-4f3d-4fc9-a27b-bf7b0c1f8aaf/in_use.lock acquired by nodename 14435@fv-az131-167
2022-02-08 16:06:33,552 [grpc-default-executor-0] INFO  server.RaftServer (RaftServerProxy.java:addNew(95)) - a5a2a086-d6c9-4c8e-8312-624683563c73: addNew group-814509AA7368:[a5a2a086-d6c9-4c8e-8312-624683563c73|rpc:127.0.0.1:46253|dataStream:|priority:0, e1d33aab-103b-40d3-b11e-cca6cb4bf5ea|rpc:127.0.0.1:37863|dataStream:|priority:1, bd23528b-4f24-4cbd-9fbb-986ea08237bf|rpc:127.0.0.1:42777|dataStream:|priority:0] returns group-814509AA7368:java.util.concurrent.CompletableFuture@2f848b69[Not completed]
2022-02-08 16:06:33,553 [pool-323-thread-1] INFO  storage.RaftStorage (RaftStorageImpl.java:format(89)) - Storage directory /home/runner/work/ozone/ozone/hadoop-ozone/integration-test/target/test-dir/MiniOzoneClusterImpl-a5c83128-e0a7-4ff9-8358-8aced9f265d2/datanode-1/data/ratis/cf020e3a-4f3d-4fc9-a27b-bf7b0c1f8aaf has been successfully formatted.
2022-02-08 16:06:33,554 [pool-323-thread-1] INFO  ratis.ContainerStateMachine (ContainerStateMachine.java:loadSnapshot(231)) - group-BF7B0C1F8AAF: The snapshot info is null. Setting the last applied indexto:(t:0, i:~)
2022-02-08 16:06:33,554 [pool-323-thread-1] INFO  server.RaftServerConfigKeys (ConfUtils.java:logGet(44)) - raft.server.notification.no-leader.timeout = 300s (custom)
2022-02-08 16:06:33,554 [pool-323-thread-1] INFO  server.RaftServerConfigKeys (ConfUtils.java:logGet(44)) - raft.server.log.use.memory = false (default)
2022-02-08 16:06:33,554 [pool-323-thread-1] INFO  server.RaftServerConfigKeys (ConfUtils.java:logGet(44)) - raft.server.log.purge.gap = 1000000 (custom)
2022-02-08 16:06:33,554 [pool-323-thread-1] INFO  server.RaftServerConfigKeys (ConfUtils.java:logGet(44)) - raft.server.log.appender.buffer.byte-limit = 33554432 (custom)
2022-02-08 16:06:33,554 [pool-323-thread-1] INFO  server.RaftServerConfigKeys (ConfUtils.java:logGet(44)) - raft.server.log.segment.size.max = 1048576 (custom)
2022-02-08 16:06:33,555 [pool-323-thread-1] INFO  server.RaftServerConfigKeys (ConfUtils.java:logGet(44)) - raft.server.log.segment.cache.num.max = 2 (custom)
2022-02-08 16:06:33,555 [pool-323-thread-1] INFO  server.RaftServerConfigKeys (ConfUtils.java:logGet(44)) - raft.server.log.segment.cache.size.max = 200MB (=209715200) (default)
2022-02-08 16:06:33,555 [pool-323-thread-1] INFO  segmented.SegmentedRaftLogWorker (SegmentedRaftLogWorker.java:<init>(182)) - new a5a2a086-d6c9-4c8e-8312-624683563c73@group-BF7B0C1F8AAF-SegmentedRaftLogWorker for RaftStorageImpl:Storage Directory /home/runner/work/ozone/ozone/hadoop-ozone/integration-test/target/test-dir/MiniOzoneClusterImpl-a5c83128-e0a7-4ff9-8358-8aced9f265d2/datanode-1/data/ratis/cf020e3a-4f3d-4fc9-a27b-bf7b0c1f8aaf
2022-02-08 16:06:33,555 [pool-323-thread-1] INFO  server.RaftServerConfigKeys (ConfUtils.java:logGet(44)) - raft.server.log.queue.byte-limit = 2147483647 (custom)
2022-02-08 16:06:33,555 [pool-323-thread-1] INFO  server.RaftServerConfigKeys (ConfUtils.java:logGet(44)) - raft.server.log.queue.element-limit = 1024 (custom)
2022-02-08 16:06:33,555 [pool-323-thread-1] INFO  server.RaftServerConfigKeys (ConfUtils.java:logGet(44)) - raft.server.log.segment.size.max = 1048576 (custom)
2022-02-08 16:06:33,555 [pool-323-thread-1] INFO  server.RaftServerConfigKeys (ConfUtils.java:logGet(44)) - raft.server.log.preallocated.size = 16384 (custom)
2022-02-08 16:06:33,555 [pool-323-thread-1] INFO  server.RaftServerConfigKeys (ConfUtils.java:logGet(44)) - raft.server.log.force.sync.num = 128 (default)
2022-02-08 16:06:33,555 [pool-323-thread-1] INFO  server.RaftServerConfigKeys (ConfUtils.java:logGet(44)) - raft.server.log.statemachine.data.sync = true (default)
2022-02-08 16:06:33,555 [pool-323-thread-1] INFO  server.RaftServerConfigKeys (ConfUtils.java:logGet(44)) - raft.server.log.statemachine.data.sync.timeout = 10s (default)
2022-02-08 16:06:33,555 [pool-323-thread-1] INFO  server.RaftServerConfigKeys (ConfUtils.java:logGet(44)) - raft.server.log.statemachine.data.sync.timeout.retry = -1 (default)
2022-02-08 16:06:33,557 [EventQueue-PipelineReportForPipelineReportHandler] INFO  pipeline.PipelineManagerImpl (PipelineManagerImpl.java:openPipeline(291)) - Pipeline Pipeline[ Id: cf020e3a-4f3d-4fc9-a27b-bf7b0c1f8aaf, Nodes: a5a2a086-d6c9-4c8e-8312-624683563c73{ip: 127.0.0.1, host: localhost, ports: [REPLICATION=35897, RATIS=46253, RATIS_ADMIN=46253, RATIS_SERVER=46253, STANDALONE=43179], networkLocation: /default-rack, certSerialId: null, persistedOpState: IN_SERVICE, persistedOpStateExpiryEpochSec: 0}, ReplicationConfig: RATIS/ONE, State:ALLOCATED, leaderId:a5a2a086-d6c9-4c8e-8312-624683563c73, CreationTimestamp2022-02-08T16:06:30.566Z[Etc/UTC]] moved to OPEN state
2022-02-08 16:06:33,558 [EventQueue-PipelineReportForPipelineReportHandler] INFO  pipeline.PipelineManagerImpl (PipelineManagerImpl.java:openPipeline(291)) - Pipeline Pipeline[ Id: cf020e3a-4f3d-4fc9-a27b-bf7b0c1f8aaf, Nodes: a5a2a086-d6c9-4c8e-8312-624683563c73{ip: 127.0.0.1, host: localhost, ports: [REPLICATION=35897, RATIS=46253, RATIS_ADMIN=46253, RATIS_SERVER=46253, STANDALONE=43179], networkLocation: /default-rack, certSerialId: null, persistedOpState: IN_SERVICE, persistedOpStateExpiryEpochSec: 0}, ReplicationConfig: RATIS/ONE, State:ALLOCATED, leaderId:a5a2a086-d6c9-4c8e-8312-624683563c73, CreationTimestamp2022-02-08T16:06:30.566Z[Etc/UTC]] moved to OPEN state
2022-02-08 16:06:33,559 [pool-323-thread-1] INFO  server.RaftServerConfigKeys (ConfUtils.java:logGet(44)) - raft.server.log.write.buffer.size = 1048576 (custom)
2022-02-08 16:06:33,560 [pool-323-thread-1] INFO  server.RaftServerConfigKeys (ConfUtils.java:logGet(44)) - raft.server.log.statemachine.data.caching.enabled = true (custom)
2022-02-08 16:06:33,561 [pool-323-thread-1] INFO  segmented.SegmentedRaftLogWorker (SegmentedRaftLogWorker.java:lambda$new$0(133)) - a5a2a086-d6c9-4c8e-8312-624683563c73@group-BF7B0C1F8AAF-SegmentedRaftLogWorker: flushIndex: setUnconditionally 0 -> -1
2022-02-08 16:06:33,561 [pool-323-thread-1] INFO  segmented.SegmentedRaftLogWorker (SegmentedRaftLogWorker.java:lambda$new$0(133)) - a5a2a086-d6c9-4c8e-8312-624683563c73@group-BF7B0C1F8AAF-SegmentedRaftLogWorker: safeCacheEvictIndex: setUnconditionally 0 -> -1
2022-02-08 16:06:33,568 [pool-323-thread-1] INFO  server.RaftServerConfigKeys (ConfUtils.java:logGet(44)) - raft.server.snapshot.auto.trigger.enabled = true (custom)
2022-02-08 16:06:33,568 [pool-323-thread-1] INFO  server.RaftServerConfigKeys (ConfUtils.java:logGet(44)) - raft.server.snapshot.auto.trigger.threshold = 10000 (custom)
2022-02-08 16:06:33,568 [pool-323-thread-1] INFO  server.RaftServerConfigKeys (ConfUtils.java:logGet(44)) - raft.server.snapshot.retention.file.num = 5 (custom)
2022-02-08 16:06:33,568 [pool-323-thread-1] INFO  server.RaftServerConfigKeys (ConfUtils.java:logGet(44)) - raft.server.log.purge.upto.snapshot.index = false (default)
2022-02-08 16:06:33,568 [pool-323-thread-1] INFO  server.RaftServerConfigKeys (ConfUtils.java:logGet(44)) - raft.server.retrycache.expirytime = 600000ms (custom)
2022-02-08 16:06:33,568 [pool-323-thread-1] INFO  server.RaftServerConfigKeys (ConfUtils.java:logGet(44)) - raft.server.retrycache.statistics.expirytime = 100μs (default)
2022-02-08 16:06:33,570 [pool-323-thread-1] INFO  server.RaftServer$Division (RaftServerImpl.java:<init>(184)) - a5a2a086-d6c9-4c8e-8312-624683563c73: new RaftServerImpl for group-814509AA7368:[a5a2a086-d6c9-4c8e-8312-624683563c73|rpc:127.0.0.1:46253|dataStream:|priority:0, e1d33aab-103b-40d3-b11e-cca6cb4bf5ea|rpc:127.0.0.1:37863|dataStream:|priority:1, bd23528b-4f24-4cbd-9fbb-986ea08237bf|rpc:127.0.0.1:42777|dataStream:|priority:0] with ContainerStateMachine:uninitialized
2022-02-08 16:06:33,570 [pool-323-thread-1] INFO  server.RaftServerConfigKeys (ConfUtils.java:logGet(44)) - raft.server.rpc.timeout.min = 5s (custom)
2022-02-08 16:06:33,570 [pool-323-thread-1] INFO  server.RaftServerConfigKeys (ConfUtils.java:logGet(44)) - raft.server.rpc.timeout.max = 5200ms (custom)
2022-02-08 16:06:33,570 [pool-323-thread-1] INFO  server.RaftServerConfigKeys (ConfUtils.java:logGet(44)) - raft.server.rpc.sleep.time = 25ms (default)
2022-02-08 16:06:33,570 [pool-323-thread-1] INFO  server.RaftServerConfigKeys (ConfUtils.java:logGet(44)) - raft.server.rpc.slowness.timeout = 300s (custom)
2022-02-08 16:06:33,570 [pool-323-thread-1] INFO  server.RaftServerConfigKeys (ConfUtils.java:logGet(44)) - raft.server.leaderelection.leader.step-down.wait-time = 10s (default)
2022-02-08 16:06:33,570 [pool-323-thread-1] INFO  server.RaftServerConfigKeys (ConfUtils.java:logGet(44)) - raft.server.sleep.deviation.threshold = 300ms (default)
2022-02-08 16:06:33,570 [pool-323-thread-1] INFO  server.RaftServerConfigKeys (ConfUtils.java:logGet(44)) - raft.server.log.appender.install.snapshot.enabled = false (custom)
2022-02-08 16:06:33,570 [pool-323-thread-1] INFO  server.RaftServer$Division (ServerState.java:<init>(105)) - a5a2a086-d6c9-4c8e-8312-624683563c73@group-814509AA7368: ConfigurationManager, init=-1: [a5a2a086-d6c9-4c8e-8312-624683563c73|rpc:127.0.0.1:46253|dataStream:|priority:0, e1d33aab-103b-40d3-b11e-cca6cb4bf5ea|rpc:127.0.0.1:37863|dataStream:|priority:1, bd23528b-4f24-4cbd-9fbb-986ea08237bf|rpc:127.0.0.1:42777|dataStream:|priority:0], old=null, confs=<EMPTY_MAP>
2022-02-08 16:06:33,570 [pool-323-thread-1] INFO  server.RaftServerConfigKeys (ConfUtils.java:logGet(44)) - raft.server.storage.dir = [/home/runner/work/ozone/ozone/hadoop-ozone/integration-test/target/test-dir/MiniOzoneClusterImpl-a5c83128-e0a7-4ff9-8358-8aced9f265d2/datanode-1/data/ratis] (custom)
2022-02-08 16:06:33,571 [pool-323-thread-1] INFO  server.RaftServerConfigKeys (ConfUtils.java:logGet(44)) - raft.server.log.corruption.policy = EXCEPTION (default)
2022-02-08 16:06:33,571 [pool-323-thread-1] INFO  server.RaftServerConfigKeys (ConfUtils.java:logGet(44)) - raft.server.storage.free-space.min = 0MB (=0) (default)
2022-02-08 16:06:33,571 [pool-323-thread-1] INFO  storage.RaftStorageDirectory (RaftStorageDirectoryImpl.java:analyzeStorage(135)) - The storage directory /home/runner/work/ozone/ozone/hadoop-ozone/integration-test/target/test-dir/MiniOzoneClusterImpl-a5c83128-e0a7-4ff9-8358-8aced9f265d2/datanode-1/data/ratis/da59a702-20e4-476a-a133-814509aa7368 does not exist. Creating ...
2022-02-08 16:06:33,576 [fdd19f4e-50ca-4edc-8a7e-48b923a90088@group-8ACED9F265D2-StateMachineUpdater] INFO  ha.SCMStateMachine (SCMStateMachine.java:takeSnapshot(297)) - Current Snapshot Index 18, takeSnapshot took 0 ms
2022-02-08 16:06:33,576 [fdd19f4e-50ca-4edc-8a7e-48b923a90088@group-8ACED9F265D2-StateMachineUpdater] INFO  impl.StateMachineUpdater (StateMachineUpdater.java:takeSnapshot(281)) - fdd19f4e-50ca-4edc-8a7e-48b923a90088@group-8ACED9F265D2-StateMachineUpdater: Took a snapshot at index 18
2022-02-08 16:06:33,576 [fdd19f4e-50ca-4edc-8a7e-48b923a90088@group-8ACED9F265D2-StateMachineUpdater] INFO  impl.StateMachineUpdater (StateMachineUpdater.java:lambda$new$0(89)) - fdd19f4e-50ca-4edc-8a7e-48b923a90088@group-8ACED9F265D2-StateMachineUpdater: snapshotIndex: updateIncreasingly 13 -> 18
2022-02-08 16:06:33,576 [fdd19f4e-50ca-4edc-8a7e-48b923a90088@group-8ACED9F265D2-StateMachineUpdater] INFO  raftlog.RaftLog (RaftLogBase.java:purge(306)) - fdd19f4e-50ca-4edc-8a7e-48b923a90088@group-8ACED9F265D2-SegmentedRaftLog: purge 18
2022-02-08 16:06:33,576 [fdd19f4e-50ca-4edc-8a7e-48b923a90088@group-8ACED9F265D2-StateMachineUpdater] INFO  raftlog.RaftLog (RaftLogBase.java:lambda$new$0(53)) - fdd19f4e-50ca-4edc-8a7e-48b923a90088@group-8ACED9F265D2-SegmentedRaftLog: snapshotIndex: updateIncreasingly 13 -> 18
2022-02-08 16:06:33,576 [fdd19f4e-50ca-4edc-8a7e-48b923a90088@group-8ACED9F265D2-StateMachineUpdater] INFO  raftlog.RaftLog (RaftLogBase.java:lambda$new$0(53)) - fdd19f4e-50ca-4edc-8a7e-48b923a90088@group-8ACED9F265D2-SegmentedRaftLog: purgeIndex: updateToMax old=13, new=18, updated? true
2022-02-08 16:06:33,579 [97fdbb42-98dd-4737-a292-80a7798b14c1@group-8ACED9F265D2-StateMachineUpdater] INFO  safemode.HealthyPipelineSafeModeRule (HealthyPipelineSafeModeRule.java:initializeRule(152)) - Refreshed total pipeline count is 0, healthy pipeline threshold count is 1
2022-02-08 16:06:33,580 [pool-323-thread-1] INFO  storage.RaftStorageDirectory (RaftStorageDirectoryImpl.java:tryLock(230)) - Lock on /home/runner/work/ozone/ozone/hadoop-ozone/integration-test/target/test-dir/MiniOzoneClusterImpl-a5c83128-e0a7-4ff9-8358-8aced9f265d2/datanode-1/data/ratis/da59a702-20e4-476a-a133-814509aa7368/in_use.lock acquired by nodename 14435@fv-az131-167
2022-02-08 16:06:33,580 [EventQueue-OpenPipelineForHealthyPipelineSafeModeRule] INFO  safemode.SCMSafeModeManager (HealthyPipelineSafeModeRule.java:process(124)) - SCM in safe mode. Healthy pipelines reported count is 0, required healthy pipeline reported count is 1
2022-02-08 16:06:33,581 [pool-323-thread-1] INFO  storage.RaftStorage (RaftStorageImpl.java:format(89)) - Storage directory /home/runner/work/ozone/ozone/hadoop-ozone/integration-test/target/test-dir/MiniOzoneClusterImpl-a5c83128-e0a7-4ff9-8358-8aced9f265d2/datanode-1/data/ratis/da59a702-20e4-476a-a133-814509aa7368 has been successfully formatted.
2022-02-08 16:06:33,600 [pool-323-thread-1] INFO  ratis.ContainerStateMachine (ContainerStateMachine.java:loadSnapshot(231)) - group-814509AA7368: The snapshot info is null. Setting the last applied indexto:(t:0, i:~)
2022-02-08 16:06:33,600 [pool-323-thread-1] INFO  server.RaftServerConfigKeys (ConfUtils.java:logGet(44)) - raft.server.notification.no-leader.timeout = 300s (custom)
2022-02-08 16:06:33,600 [pool-323-thread-1] INFO  server.RaftServerConfigKeys (ConfUtils.java:logGet(44)) - raft.server.log.use.memory = false (default)
2022-02-08 16:06:33,600 [pool-323-thread-1] INFO  server.RaftServerConfigKeys (ConfUtils.java:logGet(44)) - raft.server.log.purge.gap = 1000000 (custom)
2022-02-08 16:06:33,600 [pool-323-thread-1] INFO  server.RaftServerConfigKeys (ConfUtils.java:logGet(44)) - raft.server.log.appender.buffer.byte-limit = 33554432 (custom)
2022-02-08 16:06:33,600 [pool-323-thread-1] INFO  server.RaftServerConfigKeys (ConfUtils.java:logGet(44)) - raft.server.log.segment.size.max = 1048576 (custom)
2022-02-08 16:06:33,601 [pool-323-thread-1] INFO  server.RaftServerConfigKeys (ConfUtils.java:logGet(44)) - raft.server.log.segment.cache.num.max = 2 (custom)
2022-02-08 16:06:33,601 [pool-323-thread-1] INFO  server.RaftServerConfigKeys (ConfUtils.java:logGet(44)) - raft.server.log.segment.cache.size.max = 200MB (=209715200) (default)
2022-02-08 16:06:33,601 [pool-323-thread-1] INFO  segmented.SegmentedRaftLogWorker (SegmentedRaftLogWorker.java:<init>(182)) - new a5a2a086-d6c9-4c8e-8312-624683563c73@group-814509AA7368-SegmentedRaftLogWorker for RaftStorageImpl:Storage Directory /home/runner/work/ozone/ozone/hadoop-ozone/integration-test/target/test-dir/MiniOzoneClusterImpl-a5c83128-e0a7-4ff9-8358-8aced9f265d2/datanode-1/data/ratis/da59a702-20e4-476a-a133-814509aa7368
2022-02-08 16:06:33,601 [pool-323-thread-1] INFO  server.RaftServerConfigKeys (ConfUtils.java:logGet(44)) - raft.server.log.queue.byte-limit = 2147483647 (custom)
2022-02-08 16:06:33,601 [pool-323-thread-1] INFO  server.RaftServerConfigKeys (ConfUtils.java:logGet(44)) - raft.server.log.queue.element-limit = 1024 (custom)
2022-02-08 16:06:33,601 [pool-323-thread-1] INFO  server.RaftServerConfigKeys (ConfUtils.java:logGet(44)) - raft.server.log.segment.size.max = 1048576 (custom)
2022-02-08 16:06:33,601 [pool-323-thread-1] INFO  server.RaftServerConfigKeys (ConfUtils.java:logGet(44)) - raft.server.log.preallocated.size = 16384 (custom)
2022-02-08 16:06:33,601 [pool-323-thread-1] INFO  server.RaftServerConfigKeys (ConfUtils.java:logGet(44)) - raft.server.log.force.sync.num = 128 (default)
2022-02-08 16:06:33,601 [pool-323-thread-1] INFO  server.RaftServerConfigKeys (ConfUtils.java:logGet(44)) - raft.server.log.statemachine.data.sync = true (default)
2022-02-08 16:06:33,601 [pool-323-thread-1] INFO  server.RaftServerConfigKeys (ConfUtils.java:logGet(44)) - raft.server.log.statemachine.data.sync.timeout = 10s (default)
2022-02-08 16:06:33,601 [pool-323-thread-1] INFO  server.RaftServerConfigKeys (ConfUtils.java:logGet(44)) - raft.server.log.statemachine.data.sync.timeout.retry = -1 (default)
2022-02-08 16:06:33,602 [pool-323-thread-1] INFO  server.RaftServerConfigKeys (ConfUtils.java:logGet(44)) - raft.server.log.write.buffer.size = 1048576 (custom)
2022-02-08 16:06:33,604 [EventQueue-PipelineReportForPipelineReportHandler] INFO  pipeline.PipelineManagerImpl (PipelineManagerImpl.java:openPipeline(291)) - Pipeline Pipeline[ Id: cf020e3a-4f3d-4fc9-a27b-bf7b0c1f8aaf, Nodes: a5a2a086-d6c9-4c8e-8312-624683563c73{ip: 127.0.0.1, host: localhost, ports: [REPLICATION=35897, RATIS=46253, RATIS_ADMIN=46253, RATIS_SERVER=46253, STANDALONE=43179], networkLocation: /default-rack, certSerialId: null, persistedOpState: IN_SERVICE, persistedOpStateExpiryEpochSec: 0}, ReplicationConfig: RATIS/ONE, State:ALLOCATED, leaderId:a5a2a086-d6c9-4c8e-8312-624683563c73, CreationTimestamp2022-02-08T16:06:30.566Z[Etc/UTC]] moved to OPEN state
2022-02-08 16:06:33,607 [EventQueue-OpenPipelineForHealthyPipelineSafeModeRule] INFO  safemode.SCMSafeModeManager (HealthyPipelineSafeModeRule.java:process(124)) - SCM in safe mode. Healthy pipelines reported count is 0, required healthy pipeline reported count is 1
2022-02-08 16:06:33,607 [pool-323-thread-1] INFO  server.RaftServerConfigKeys (ConfUtils.java:logGet(44)) - raft.server.log.statemachine.data.caching.enabled = true (custom)
2022-02-08 16:06:33,608 [pool-323-thread-1] INFO  segmented.SegmentedRaftLogWorker (SegmentedRaftLogWorker.java:lambda$new$0(133)) - a5a2a086-d6c9-4c8e-8312-624683563c73@group-814509AA7368-SegmentedRaftLogWorker: flushIndex: setUnconditionally 0 -> -1
2022-02-08 16:06:33,608 [pool-323-thread-1] INFO  segmented.SegmentedRaftLogWorker (SegmentedRaftLogWorker.java:lambda$new$0(133)) - a5a2a086-d6c9-4c8e-8312-624683563c73@group-814509AA7368-SegmentedRaftLogWorker: safeCacheEvictIndex: setUnconditionally 0 -> -1
2022-02-08 16:06:33,608 [fdd19f4e-50ca-4edc-8a7e-48b923a90088@group-8ACED9F265D2-StateMachineUpdater] INFO  safemode.HealthyPipelineSafeModeRule (HealthyPipelineSafeModeRule.java:initializeRule(152)) - Refreshed total pipeline count is 0, healthy pipeline threshold count is 1
2022-02-08 16:06:33,610 [97fdbb42-98dd-4737-a292-80a7798b14c1@group-8ACED9F265D2-StateMachineUpdater] INFO  ha.SCMStateMachine (SCMStateMachine.java:takeSnapshot(297)) - Current Snapshot Index 20, takeSnapshot took 0 ms
2022-02-08 16:06:33,610 [97fdbb42-98dd-4737-a292-80a7798b14c1@group-8ACED9F265D2-StateMachineUpdater] INFO  impl.StateMachineUpdater (StateMachineUpdater.java:takeSnapshot(281)) - 97fdbb42-98dd-4737-a292-80a7798b14c1@group-8ACED9F265D2-StateMachineUpdater: Took a snapshot at index 20
2022-02-08 16:06:33,610 [97fdbb42-98dd-4737-a292-80a7798b14c1@group-8ACED9F265D2-StateMachineUpdater] INFO  impl.StateMachineUpdater (StateMachineUpdater.java:lambda$new$0(89)) - 97fdbb42-98dd-4737-a292-80a7798b14c1@group-8ACED9F265D2-StateMachineUpdater: snapshotIndex: updateIncreasingly 15 -> 20
2022-02-08 16:06:33,610 [97fdbb42-98dd-4737-a292-80a7798b14c1@group-8ACED9F265D2-StateMachineUpdater] INFO  raftlog.RaftLog (RaftLogBase.java:purge(306)) - 97fdbb42-98dd-4737-a292-80a7798b14c1@group-8ACED9F265D2-SegmentedRaftLog: purge 20
2022-02-08 16:06:33,610 [97fdbb42-98dd-4737-a292-80a7798b14c1@group-8ACED9F265D2-StateMachineUpdater] INFO  raftlog.RaftLog (RaftLogBase.java:lambda$new$0(53)) - 97fdbb42-98dd-4737-a292-80a7798b14c1@group-8ACED9F265D2-SegmentedRaftLog: snapshotIndex: updateIncreasingly 15 -> 20
2022-02-08 16:06:33,610 [97fdbb42-98dd-4737-a292-80a7798b14c1@group-8ACED9F265D2-StateMachineUpdater] INFO  raftlog.RaftLog (RaftLogBase.java:lambda$new$0(53)) - 97fdbb42-98dd-4737-a292-80a7798b14c1@group-8ACED9F265D2-SegmentedRaftLog: purgeIndex: updateToMax old=15, new=20, updated? true
2022-02-08 16:06:33,624 [pool-323-thread-1] INFO  server.RaftServerConfigKeys (ConfUtils.java:logGet(44)) - raft.server.snapshot.auto.trigger.enabled = true (custom)
2022-02-08 16:06:33,624 [pool-323-thread-1] INFO  server.RaftServerConfigKeys (ConfUtils.java:logGet(44)) - raft.server.snapshot.auto.trigger.threshold = 10000 (custom)
2022-02-08 16:06:33,624 [pool-323-thread-1] INFO  server.RaftServerConfigKeys (ConfUtils.java:logGet(44)) - raft.server.snapshot.retention.file.num = 5 (custom)
2022-02-08 16:06:33,624 [pool-323-thread-1] INFO  server.RaftServerConfigKeys (ConfUtils.java:logGet(44)) - raft.server.log.purge.upto.snapshot.index = false (default)
2022-02-08 16:06:33,624 [pool-323-thread-1] INFO  server.RaftServerConfigKeys (ConfUtils.java:logGet(44)) - raft.server.retrycache.expirytime = 600000ms (custom)
2022-02-08 16:06:33,624 [pool-323-thread-1] INFO  server.RaftServerConfigKeys (ConfUtils.java:logGet(44)) - raft.server.retrycache.statistics.expirytime = 100μs (default)
2022-02-08 16:06:33,625 [pool-323-thread-1] INFO  server.RaftServer$Division (RaftServerImpl.java:start(301)) - a5a2a086-d6c9-4c8e-8312-624683563c73@group-BF7B0C1F8AAF: start as a follower, conf=-1: [a5a2a086-d6c9-4c8e-8312-624683563c73|rpc:127.0.0.1:46253|priority:1], old=null
2022-02-08 16:06:33,626 [pool-323-thread-1] INFO  server.RaftServer$Division (RaftServerImpl.java:setRole(290)) - a5a2a086-d6c9-4c8e-8312-624683563c73@group-BF7B0C1F8AAF: changes role from      null to FOLLOWER at term 0 for startAsFollower
2022-02-08 16:06:33,626 [pool-323-thread-1] INFO  impl.RoleInfo (RoleInfo.java:updateAndGet(130)) - a5a2a086-d6c9-4c8e-8312-624683563c73: start a5a2a086-d6c9-4c8e-8312-624683563c73@group-BF7B0C1F8AAF-FollowerState
2022-02-08 16:06:33,630 [pool-323-thread-1] INFO  util.JmxRegister (JmxRegister.java:tryRegister(44)) - Successfully registered JMX Bean with object name Ratis:service=RaftServer,group=group-BF7B0C1F8AAF,id=a5a2a086-d6c9-4c8e-8312-624683563c73
2022-02-08 16:06:33,636 [pool-323-thread-1] INFO  server.RaftServer$Division (RaftServerImpl.java:start(301)) - a5a2a086-d6c9-4c8e-8312-624683563c73@group-814509AA7368: start as a follower, conf=-1: [a5a2a086-d6c9-4c8e-8312-624683563c73|rpc:127.0.0.1:46253|dataStream:|priority:0, e1d33aab-103b-40d3-b11e-cca6cb4bf5ea|rpc:127.0.0.1:37863|dataStream:|priority:1, bd23528b-4f24-4cbd-9fbb-986ea08237bf|rpc:127.0.0.1:42777|dataStream:|priority:0], old=null
2022-02-08 16:06:33,636 [pool-323-thread-1] INFO  server.RaftServer$Division (RaftServerImpl.java:setRole(290)) - a5a2a086-d6c9-4c8e-8312-624683563c73@group-814509AA7368: changes role from      null to FOLLOWER at term 0 for startAsFollower
2022-02-08 16:06:33,636 [pool-323-thread-1] INFO  impl.RoleInfo (RoleInfo.java:updateAndGet(130)) - a5a2a086-d6c9-4c8e-8312-624683563c73: start a5a2a086-d6c9-4c8e-8312-624683563c73@group-814509AA7368-FollowerState
2022-02-08 16:06:33,636 [Command processor thread] INFO  ratis.XceiverServerRatis (XceiverServerRatis.java:addGroup(768)) - Created group PipelineID=cf020e3a-4f3d-4fc9-a27b-bf7b0c1f8aaf
2022-02-08 16:06:33,636 [Command processor thread] INFO  commandhandler.CreatePipelineCommandHandler (CreatePipelineCommandHandler.java:handle(106)) - Created Pipeline RATIS ONE PipelineID=cf020e3a-4f3d-4fc9-a27b-bf7b0c1f8aaf.
2022-02-08 16:06:33,641 [pool-323-thread-1] INFO  util.JmxRegister (JmxRegister.java:tryRegister(44)) - Successfully registered JMX Bean with object name Ratis:service=RaftServer,group=group-814509AA7368,id=a5a2a086-d6c9-4c8e-8312-624683563c73
2022-02-08 16:06:33,711 [grpc-default-executor-0] INFO  server.RaftServer (RaftServerProxy.java:addNew(95)) - e1d33aab-103b-40d3-b11e-cca6cb4bf5ea: addNew group-814509AA7368:[a5a2a086-d6c9-4c8e-8312-624683563c73|rpc:127.0.0.1:46253|dataStream:|priority:0, e1d33aab-103b-40d3-b11e-cca6cb4bf5ea|rpc:127.0.0.1:37863|dataStream:|priority:1, bd23528b-4f24-4cbd-9fbb-986ea08237bf|rpc:127.0.0.1:42777|dataStream:|priority:0] returns group-814509AA7368:java.util.concurrent.CompletableFuture@321e0c1c[Not completed]
2022-02-08 16:06:33,722 [pool-346-thread-1] INFO  server.RaftServer$Division (RaftServerImpl.java:<init>(184)) - e1d33aab-103b-40d3-b11e-cca6cb4bf5ea: new RaftServerImpl for group-814509AA7368:[a5a2a086-d6c9-4c8e-8312-624683563c73|rpc:127.0.0.1:46253|dataStream:|priority:0, e1d33aab-103b-40d3-b11e-cca6cb4bf5ea|rpc:127.0.0.1:37863|dataStream:|priority:1, bd23528b-4f24-4cbd-9fbb-986ea08237bf|rpc:127.0.0.1:42777|dataStream:|priority:0] with ContainerStateMachine:uninitialized
2022-02-08 16:06:33,722 [pool-346-thread-1] INFO  server.RaftServerConfigKeys (ConfUtils.java:logGet(44)) - raft.server.rpc.timeout.min = 5s (custom)
2022-02-08 16:06:33,722 [pool-346-thread-1] INFO  server.RaftServerConfigKeys (ConfUtils.java:logGet(44)) - raft.server.rpc.timeout.max = 5200ms (custom)
2022-02-08 16:06:33,722 [pool-346-thread-1] INFO  server.RaftServerConfigKeys (ConfUtils.java:logGet(44)) - raft.server.rpc.sleep.time = 25ms (default)
2022-02-08 16:06:33,722 [pool-346-thread-1] INFO  server.RaftServerConfigKeys (ConfUtils.java:logGet(44)) - raft.server.rpc.slowness.timeout = 300s (custom)
2022-02-08 16:06:33,722 [pool-346-thread-1] INFO  server.RaftServerConfigKeys (ConfUtils.java:logGet(44)) - raft.server.leaderelection.leader.step-down.wait-time = 10s (default)
2022-02-08 16:06:33,722 [pool-346-thread-1] INFO  server.RaftServerConfigKeys (ConfUtils.java:logGet(44)) - raft.server.sleep.deviation.threshold = 300ms (default)
2022-02-08 16:06:33,722 [pool-346-thread-1] INFO  server.RaftServerConfigKeys (ConfUtils.java:logGet(44)) - raft.server.log.appender.install.snapshot.enabled = false (custom)
2022-02-08 16:06:33,722 [pool-346-thread-1] INFO  server.RaftServer$Division (ServerState.java:<init>(105)) - e1d33aab-103b-40d3-b11e-cca6cb4bf5ea@group-814509AA7368: ConfigurationManager, init=-1: [a5a2a086-d6c9-4c8e-8312-624683563c73|rpc:127.0.0.1:46253|dataStream:|priority:0, e1d33aab-103b-40d3-b11e-cca6cb4bf5ea|rpc:127.0.0.1:37863|dataStream:|priority:1, bd23528b-4f24-4cbd-9fbb-986ea08237bf|rpc:127.0.0.1:42777|dataStream:|priority:0], old=null, confs=<EMPTY_MAP>
2022-02-08 16:06:33,723 [pool-346-thread-1] INFO  server.RaftServerConfigKeys (ConfUtils.java:logGet(44)) - raft.server.storage.dir = [/home/runner/work/ozone/ozone/hadoop-ozone/integration-test/target/test-dir/MiniOzoneClusterImpl-a5c83128-e0a7-4ff9-8358-8aced9f265d2/datanode-2/data/ratis] (custom)
2022-02-08 16:06:33,723 [pool-346-thread-1] INFO  server.RaftServerConfigKeys (ConfUtils.java:logGet(44)) - raft.server.log.corruption.policy = EXCEPTION (default)
2022-02-08 16:06:33,723 [pool-346-thread-1] INFO  server.RaftServerConfigKeys (ConfUtils.java:logGet(44)) - raft.server.storage.free-space.min = 0MB (=0) (default)
2022-02-08 16:06:33,723 [pool-346-thread-1] INFO  storage.RaftStorageDirectory (RaftStorageDirectoryImpl.java:analyzeStorage(135)) - The storage directory /home/runner/work/ozone/ozone/hadoop-ozone/integration-test/target/test-dir/MiniOzoneClusterImpl-a5c83128-e0a7-4ff9-8358-8aced9f265d2/datanode-2/data/ratis/da59a702-20e4-476a-a133-814509aa7368 does not exist. Creating ...
2022-02-08 16:06:33,724 [pool-346-thread-1] INFO  storage.RaftStorageDirectory (RaftStorageDirectoryImpl.java:tryLock(230)) - Lock on /home/runner/work/ozone/ozone/hadoop-ozone/integration-test/target/test-dir/MiniOzoneClusterImpl-a5c83128-e0a7-4ff9-8358-8aced9f265d2/datanode-2/data/ratis/da59a702-20e4-476a-a133-814509aa7368/in_use.lock acquired by nodename 14435@fv-az131-167
2022-02-08 16:06:33,730 [pool-346-thread-1] INFO  storage.RaftStorage (RaftStorageImpl.java:format(89)) - Storage directory /home/runner/work/ozone/ozone/hadoop-ozone/integration-test/target/test-dir/MiniOzoneClusterImpl-a5c83128-e0a7-4ff9-8358-8aced9f265d2/datanode-2/data/ratis/da59a702-20e4-476a-a133-814509aa7368 has been successfully formatted.
2022-02-08 16:06:33,730 [pool-346-thread-1] INFO  ratis.ContainerStateMachine (ContainerStateMachine.java:loadSnapshot(231)) - group-814509AA7368: The snapshot info is null. Setting the last applied indexto:(t:0, i:~)
2022-02-08 16:06:33,730 [pool-346-thread-1] INFO  server.RaftServerConfigKeys (ConfUtils.java:logGet(44)) - raft.server.notification.no-leader.timeout = 300s (custom)
2022-02-08 16:06:33,730 [pool-346-thread-1] INFO  server.RaftServerConfigKeys (ConfUtils.java:logGet(44)) - raft.server.log.use.memory = false (default)
2022-02-08 16:06:33,730 [pool-346-thread-1] INFO  server.RaftServerConfigKeys (ConfUtils.java:logGet(44)) - raft.server.log.purge.gap = 1000000 (custom)
2022-02-08 16:06:33,731 [pool-346-thread-1] INFO  server.RaftServerConfigKeys (ConfUtils.java:logGet(44)) - raft.server.log.appender.buffer.byte-limit = 33554432 (custom)
2022-02-08 16:06:33,731 [pool-346-thread-1] INFO  server.RaftServerConfigKeys (ConfUtils.java:logGet(44)) - raft.server.log.segment.size.max = 1048576 (custom)
2022-02-08 16:06:33,731 [pool-346-thread-1] INFO  server.RaftServerConfigKeys (ConfUtils.java:logGet(44)) - raft.server.log.segment.cache.num.max = 2 (custom)
2022-02-08 16:06:33,731 [pool-346-thread-1] INFO  server.RaftServerConfigKeys (ConfUtils.java:logGet(44)) - raft.server.log.segment.cache.size.max = 200MB (=209715200) (default)
2022-02-08 16:06:33,731 [pool-346-thread-1] INFO  segmented.SegmentedRaftLogWorker (SegmentedRaftLogWorker.java:<init>(182)) - new e1d33aab-103b-40d3-b11e-cca6cb4bf5ea@group-814509AA7368-SegmentedRaftLogWorker for RaftStorageImpl:Storage Directory /home/runner/work/ozone/ozone/hadoop-ozone/integration-test/target/test-dir/MiniOzoneClusterImpl-a5c83128-e0a7-4ff9-8358-8aced9f265d2/datanode-2/data/ratis/da59a702-20e4-476a-a133-814509aa7368
2022-02-08 16:06:33,731 [pool-346-thread-1] INFO  server.RaftServerConfigKeys (ConfUtils.java:logGet(44)) - raft.server.log.queue.byte-limit = 2147483647 (custom)
2022-02-08 16:06:33,731 [pool-346-thread-1] INFO  server.RaftServerConfigKeys (ConfUtils.java:logGet(44)) - raft.server.log.queue.element-limit = 1024 (custom)
2022-02-08 16:06:33,731 [pool-346-thread-1] INFO  server.RaftServerConfigKeys (ConfUtils.java:logGet(44)) - raft.server.log.segment.size.max = 1048576 (custom)
2022-02-08 16:06:33,731 [pool-346-thread-1] INFO  server.RaftServerConfigKeys (ConfUtils.java:logGet(44)) - raft.server.log.preallocated.size = 16384 (custom)
2022-02-08 16:06:33,731 [pool-346-thread-1] INFO  server.RaftServerConfigKeys (ConfUtils.java:logGet(44)) - raft.server.log.force.sync.num = 128 (default)
2022-02-08 16:06:33,731 [pool-346-thread-1] INFO  server.RaftServerConfigKeys (ConfUtils.java:logGet(44)) - raft.server.log.statemachine.data.sync = true (default)
2022-02-08 16:06:33,731 [pool-346-thread-1] INFO  server.RaftServerConfigKeys (ConfUtils.java:logGet(44)) - raft.server.log.statemachine.data.sync.timeout = 10s (default)
2022-02-08 16:06:33,731 [pool-346-thread-1] INFO  server.RaftServerConfigKeys (ConfUtils.java:logGet(44)) - raft.server.log.statemachine.data.sync.timeout.retry = -1 (default)
2022-02-08 16:06:33,736 [pool-346-thread-1] INFO  server.RaftServerConfigKeys (ConfUtils.java:logGet(44)) - raft.server.log.write.buffer.size = 1048576 (custom)
2022-02-08 16:06:33,738 [pool-346-thread-1] INFO  server.RaftServerConfigKeys (ConfUtils.java:logGet(44)) - raft.server.log.statemachine.data.caching.enabled = true (custom)
2022-02-08 16:06:33,738 [pool-346-thread-1] INFO  segmented.SegmentedRaftLogWorker (SegmentedRaftLogWorker.java:lambda$new$0(133)) - e1d33aab-103b-40d3-b11e-cca6cb4bf5ea@group-814509AA7368-SegmentedRaftLogWorker: flushIndex: setUnconditionally 0 -> -1
2022-02-08 16:06:33,738 [pool-346-thread-1] INFO  segmented.SegmentedRaftLogWorker (SegmentedRaftLogWorker.java:lambda$new$0(133)) - e1d33aab-103b-40d3-b11e-cca6cb4bf5ea@group-814509AA7368-SegmentedRaftLogWorker: safeCacheEvictIndex: setUnconditionally 0 -> -1
2022-02-08 16:06:33,753 [pool-346-thread-1] INFO  server.RaftServerConfigKeys (ConfUtils.java:logGet(44)) - raft.server.snapshot.auto.trigger.enabled = true (custom)
2022-02-08 16:06:33,753 [pool-346-thread-1] INFO  server.RaftServerConfigKeys (ConfUtils.java:logGet(44)) - raft.server.snapshot.auto.trigger.threshold = 10000 (custom)
2022-02-08 16:06:33,753 [pool-346-thread-1] INFO  server.RaftServerConfigKeys (ConfUtils.java:logGet(44)) - raft.server.snapshot.retention.file.num = 5 (custom)
2022-02-08 16:06:33,753 [pool-346-thread-1] INFO  server.RaftServerConfigKeys (ConfUtils.java:logGet(44)) - raft.server.log.purge.upto.snapshot.index = false (default)
2022-02-08 16:06:33,754 [pool-346-thread-1] INFO  server.RaftServerConfigKeys (ConfUtils.java:logGet(44)) - raft.server.retrycache.expirytime = 600000ms (custom)
2022-02-08 16:06:33,754 [pool-346-thread-1] INFO  server.RaftServerConfigKeys (ConfUtils.java:logGet(44)) - raft.server.retrycache.statistics.expirytime = 100μs (default)
2022-02-08 16:06:33,755 [pool-346-thread-1] INFO  server.RaftServer$Division (RaftServerImpl.java:start(301)) - e1d33aab-103b-40d3-b11e-cca6cb4bf5ea@group-814509AA7368: start as a follower, conf=-1: [a5a2a086-d6c9-4c8e-8312-624683563c73|rpc:127.0.0.1:46253|dataStream:|priority:0, e1d33aab-103b-40d3-b11e-cca6cb4bf5ea|rpc:127.0.0.1:37863|dataStream:|priority:1, bd23528b-4f24-4cbd-9fbb-986ea08237bf|rpc:127.0.0.1:42777|dataStream:|priority:0], old=null
2022-02-08 16:06:33,755 [pool-346-thread-1] INFO  server.RaftServer$Division (RaftServerImpl.java:setRole(290)) - e1d33aab-103b-40d3-b11e-cca6cb4bf5ea@group-814509AA7368: changes role from      null to FOLLOWER at term 0 for startAsFollower
2022-02-08 16:06:33,755 [pool-346-thread-1] INFO  impl.RoleInfo (RoleInfo.java:updateAndGet(130)) - e1d33aab-103b-40d3-b11e-cca6cb4bf5ea: start e1d33aab-103b-40d3-b11e-cca6cb4bf5ea@group-814509AA7368-FollowerState
2022-02-08 16:06:33,756 [pool-346-thread-1] INFO  util.JmxRegister (JmxRegister.java:tryRegister(44)) - Successfully registered JMX Bean with object name Ratis:service=RaftServer,group=group-814509AA7368,id=e1d33aab-103b-40d3-b11e-cca6cb4bf5ea
2022-02-08 16:06:33,791 [Command processor thread] INFO  commandhandler.CreatePipelineCommandHandler (CreatePipelineCommandHandler.java:handle(106)) - Created Pipeline RATIS THREE PipelineID=da59a702-20e4-476a-a133-814509aa7368.
2022-02-08 16:06:33,952 [Listener at 127.0.0.1/39187] INFO  ozone.MiniOzoneClusterImpl (MiniOzoneClusterImpl.java:lambda$waitForClusterToBeReady$0(219)) - Nodes are ready. Got 3 of 3 DN Heartbeats.
2022-02-08 16:06:33,952 [Listener at 127.0.0.1/39187] INFO  ozone.MiniOzoneClusterImpl (MiniOzoneClusterImpl.java:lambda$waitForClusterToBeReady$0(222)) - Waiting for cluster to exit safe mode
2022-02-08 16:06:33,953 [Listener at 127.0.0.1/39187] INFO  ozone.MiniOzoneClusterImpl (MiniOzoneClusterImpl.java:lambda$waitForClusterToBeReady$0(224)) - SCM became leader
2022-02-08 16:06:34,044 [Command processor thread] INFO  server.RaftServer (RaftServerProxy.java:addNew(95)) - e1d33aab-103b-40d3-b11e-cca6cb4bf5ea: addNew group-6C9F5428A155:[e1d33aab-103b-40d3-b11e-cca6cb4bf5ea|rpc:127.0.0.1:37863|priority:1] returns group-6C9F5428A155:java.util.concurrent.CompletableFuture@57559271[Not completed]
2022-02-08 16:06:34,045 [pool-346-thread-1] INFO  server.RaftServer$Division (RaftServerImpl.java:<init>(184)) - e1d33aab-103b-40d3-b11e-cca6cb4bf5ea: new RaftServerImpl for group-6C9F5428A155:[e1d33aab-103b-40d3-b11e-cca6cb4bf5ea|rpc:127.0.0.1:37863|priority:1] with ContainerStateMachine:uninitialized
2022-02-08 16:06:34,045 [pool-346-thread-1] INFO  server.RaftServerConfigKeys (ConfUtils.java:logGet(44)) - raft.server.rpc.timeout.min = 5s (custom)
2022-02-08 16:06:34,045 [pool-346-thread-1] INFO  server.RaftServerConfigKeys (ConfUtils.java:logGet(44)) - raft.server.rpc.timeout.max = 5200ms (custom)
2022-02-08 16:06:34,045 [pool-346-thread-1] INFO  server.RaftServerConfigKeys (ConfUtils.java:logGet(44)) - raft.server.rpc.sleep.time = 25ms (default)
2022-02-08 16:06:34,045 [pool-346-thread-1] INFO  server.RaftServerConfigKeys (ConfUtils.java:logGet(44)) - raft.server.rpc.slowness.timeout = 300s (custom)
2022-02-08 16:06:34,045 [pool-346-thread-1] INFO  server.RaftServerConfigKeys (ConfUtils.java:logGet(44)) - raft.server.leaderelection.leader.step-down.wait-time = 10s (default)
2022-02-08 16:06:34,045 [pool-346-thread-1] INFO  server.RaftServerConfigKeys (ConfUtils.java:logGet(44)) - raft.server.sleep.deviation.threshold = 300ms (default)
2022-02-08 16:06:34,045 [pool-346-thread-1] INFO  server.RaftServerConfigKeys (ConfUtils.java:logGet(44)) - raft.server.log.appender.install.snapshot.enabled = false (custom)
2022-02-08 16:06:34,045 [pool-346-thread-1] INFO  server.RaftServer$Division (ServerState.java:<init>(105)) - e1d33aab-103b-40d3-b11e-cca6cb4bf5ea@group-6C9F5428A155: ConfigurationManager, init=-1: [e1d33aab-103b-40d3-b11e-cca6cb4bf5ea|rpc:127.0.0.1:37863|priority:1], old=null, confs=<EMPTY_MAP>
2022-02-08 16:06:34,046 [pool-346-thread-1] INFO  server.RaftServerConfigKeys (ConfUtils.java:logGet(44)) - raft.server.storage.dir = [/home/runner/work/ozone/ozone/hadoop-ozone/integration-test/target/test-dir/MiniOzoneClusterImpl-a5c83128-e0a7-4ff9-8358-8aced9f265d2/datanode-2/data/ratis] (custom)
2022-02-08 16:06:34,046 [pool-346-thread-1] INFO  server.RaftServerConfigKeys (ConfUtils.java:logGet(44)) - raft.server.log.corruption.policy = EXCEPTION (default)
2022-02-08 16:06:34,046 [pool-346-thread-1] INFO  server.RaftServerConfigKeys (ConfUtils.java:logGet(44)) - raft.server.storage.free-space.min = 0MB (=0) (default)
2022-02-08 16:06:34,046 [pool-346-thread-1] INFO  storage.RaftStorageDirectory (RaftStorageDirectoryImpl.java:analyzeStorage(135)) - The storage directory /home/runner/work/ozone/ozone/hadoop-ozone/integration-test/target/test-dir/MiniOzoneClusterImpl-a5c83128-e0a7-4ff9-8358-8aced9f265d2/datanode-2/data/ratis/12825c7f-6e69-4e3c-b105-6c9f5428a155 does not exist. Creating ...
2022-02-08 16:06:34,047 [pool-346-thread-1] INFO  storage.RaftStorageDirectory (RaftStorageDirectoryImpl.java:tryLock(230)) - Lock on /home/runner/work/ozone/ozone/hadoop-ozone/integration-test/target/test-dir/MiniOzoneClusterImpl-a5c83128-e0a7-4ff9-8358-8aced9f265d2/datanode-2/data/ratis/12825c7f-6e69-4e3c-b105-6c9f5428a155/in_use.lock acquired by nodename 14435@fv-az131-167
2022-02-08 16:06:34,048 [pool-346-thread-1] INFO  storage.RaftStorage (RaftStorageImpl.java:format(89)) - Storage directory /home/runner/work/ozone/ozone/hadoop-ozone/integration-test/target/test-dir/MiniOzoneClusterImpl-a5c83128-e0a7-4ff9-8358-8aced9f265d2/datanode-2/data/ratis/12825c7f-6e69-4e3c-b105-6c9f5428a155 has been successfully formatted.
2022-02-08 16:06:34,048 [pool-346-thread-1] INFO  ratis.ContainerStateMachine (ContainerStateMachine.java:loadSnapshot(231)) - group-6C9F5428A155: The snapshot info is null. Setting the last applied indexto:(t:0, i:~)
2022-02-08 16:06:34,050 [EventQueue-PipelineReportForPipelineReportHandler] INFO  pipeline.PipelineManagerImpl (PipelineManagerImpl.java:openPipeline(291)) - Pipeline Pipeline[ Id: 12825c7f-6e69-4e3c-b105-6c9f5428a155, Nodes: e1d33aab-103b-40d3-b11e-cca6cb4bf5ea{ip: 127.0.0.1, host: localhost, ports: [REPLICATION=44937, RATIS=37863, RATIS_ADMIN=37863, RATIS_SERVER=37863, STANDALONE=33547], networkLocation: /default-rack, certSerialId: null, persistedOpState: IN_SERVICE, persistedOpStateExpiryEpochSec: 0}, ReplicationConfig: RATIS/ONE, State:ALLOCATED, leaderId:e1d33aab-103b-40d3-b11e-cca6cb4bf5ea, CreationTimestamp2022-02-08T16:06:31.049Z[Etc/UTC]] moved to OPEN state
2022-02-08 16:06:34,055 [EventQueue-PipelineReportForPipelineReportHandler] INFO  pipeline.PipelineManagerImpl (PipelineManagerImpl.java:openPipeline(291)) - Pipeline Pipeline[ Id: 12825c7f-6e69-4e3c-b105-6c9f5428a155, Nodes: e1d33aab-103b-40d3-b11e-cca6cb4bf5ea{ip: 127.0.0.1, host: localhost, ports: [REPLICATION=44937, RATIS=37863, RATIS_ADMIN=37863, RATIS_SERVER=37863, STANDALONE=33547], networkLocation: /default-rack, certSerialId: null, persistedOpState: IN_SERVICE, persistedOpStateExpiryEpochSec: 0}, ReplicationConfig: RATIS/ONE, State:ALLOCATED, leaderId:e1d33aab-103b-40d3-b11e-cca6cb4bf5ea, CreationTimestamp2022-02-08T16:06:31.049Z[Etc/UTC]] moved to OPEN state
2022-02-08 16:06:34,056 [pool-346-thread-1] INFO  server.RaftServerConfigKeys (ConfUtils.java:logGet(44)) - raft.server.notification.no-leader.timeout = 300s (custom)
2022-02-08 16:06:34,056 [pool-346-thread-1] INFO  server.RaftServerConfigKeys (ConfUtils.java:logGet(44)) - raft.server.log.use.memory = false (default)
2022-02-08 16:06:34,056 [pool-346-thread-1] INFO  server.RaftServerConfigKeys (ConfUtils.java:logGet(44)) - raft.server.log.purge.gap = 1000000 (custom)
2022-02-08 16:06:34,056 [pool-346-thread-1] INFO  server.RaftServerConfigKeys (ConfUtils.java:logGet(44)) - raft.server.log.appender.buffer.byte-limit = 33554432 (custom)
2022-02-08 16:06:34,056 [pool-346-thread-1] INFO  server.RaftServerConfigKeys (ConfUtils.java:logGet(44)) - raft.server.log.segment.size.max = 1048576 (custom)
2022-02-08 16:06:34,058 [pool-346-thread-1] INFO  server.RaftServerConfigKeys (ConfUtils.java:logGet(44)) - raft.server.log.segment.cache.num.max = 2 (custom)
2022-02-08 16:06:34,058 [pool-346-thread-1] INFO  server.RaftServerConfigKeys (ConfUtils.java:logGet(44)) - raft.server.log.segment.cache.size.max = 200MB (=209715200) (default)
2022-02-08 16:06:34,058 [pool-346-thread-1] INFO  segmented.SegmentedRaftLogWorker (SegmentedRaftLogWorker.java:<init>(182)) - new e1d33aab-103b-40d3-b11e-cca6cb4bf5ea@group-6C9F5428A155-SegmentedRaftLogWorker for RaftStorageImpl:Storage Directory /home/runner/work/ozone/ozone/hadoop-ozone/integration-test/target/test-dir/MiniOzoneClusterImpl-a5c83128-e0a7-4ff9-8358-8aced9f265d2/datanode-2/data/ratis/12825c7f-6e69-4e3c-b105-6c9f5428a155
2022-02-08 16:06:34,058 [pool-346-thread-1] INFO  server.RaftServerConfigKeys (ConfUtils.java:logGet(44)) - raft.server.log.queue.byte-limit = 2147483647 (custom)
2022-02-08 16:06:34,058 [pool-346-thread-1] INFO  server.RaftServerConfigKeys (ConfUtils.java:logGet(44)) - raft.server.log.queue.element-limit = 1024 (custom)
2022-02-08 16:06:34,058 [pool-346-thread-1] INFO  server.RaftServerConfigKeys (ConfUtils.java:logGet(44)) - raft.server.log.segment.size.max = 1048576 (custom)
2022-02-08 16:06:34,058 [pool-346-thread-1] INFO  server.RaftServerConfigKeys (ConfUtils.java:logGet(44)) - raft.server.log.preallocated.size = 16384 (custom)
2022-02-08 16:06:34,058 [pool-346-thread-1] INFO  server.RaftServerConfigKeys (ConfUtils.java:logGet(44)) - raft.server.log.force.sync.num = 128 (default)
2022-02-08 16:06:34,058 [pool-346-thread-1] INFO  server.RaftServerConfigKeys (ConfUtils.java:logGet(44)) - raft.server.log.statemachine.data.sync = true (default)
2022-02-08 16:06:34,058 [pool-346-thread-1] INFO  server.RaftServerConfigKeys (ConfUtils.java:logGet(44)) - raft.server.log.statemachine.data.sync.timeout = 10s (default)
2022-02-08 16:06:34,058 [pool-346-thread-1] INFO  server.RaftServerConfigKeys (ConfUtils.java:logGet(44)) - raft.server.log.statemachine.data.sync.timeout.retry = -1 (default)
2022-02-08 16:06:34,067 [pool-346-thread-1] INFO  server.RaftServerConfigKeys (ConfUtils.java:logGet(44)) - raft.server.log.write.buffer.size = 1048576 (custom)
2022-02-08 16:06:34,068 [pool-346-thread-1] INFO  server.RaftServerConfigKeys (ConfUtils.java:logGet(44)) - raft.server.log.statemachine.data.caching.enabled = true (custom)
2022-02-08 16:06:34,068 [pool-346-thread-1] INFO  segmented.SegmentedRaftLogWorker (SegmentedRaftLogWorker.java:lambda$new$0(133)) - e1d33aab-103b-40d3-b11e-cca6cb4bf5ea@group-6C9F5428A155-SegmentedRaftLogWorker: flushIndex: setUnconditionally 0 -> -1
2022-02-08 16:06:34,068 [pool-346-thread-1] INFO  segmented.SegmentedRaftLogWorker (SegmentedRaftLogWorker.java:lambda$new$0(133)) - e1d33aab-103b-40d3-b11e-cca6cb4bf5ea@group-6C9F5428A155-SegmentedRaftLogWorker: safeCacheEvictIndex: setUnconditionally 0 -> -1
2022-02-08 16:06:34,070 [EndpointStateMachine task thread for /127.0.0.1:36421 - 0 ] INFO  ipc.Client (Client.java:handleConnectionFailure(977)) - Retrying connect to server: localhost/127.0.0.1:36421. Already tried 3 time(s); retry policy is RetryUpToMaximumCountWithFixedSleep(maxRetries=15, sleepTime=1000 MILLISECONDS)
2022-02-08 16:06:34,071 [97fdbb42-98dd-4737-a292-80a7798b14c1@group-8ACED9F265D2-StateMachineUpdater] INFO  safemode.HealthyPipelineSafeModeRule (HealthyPipelineSafeModeRule.java:initializeRule(152)) - Refreshed total pipeline count is 0, healthy pipeline threshold count is 1
2022-02-08 16:06:34,072 [EventQueue-OpenPipelineForHealthyPipelineSafeModeRule] INFO  safemode.SCMSafeModeManager (HealthyPipelineSafeModeRule.java:process(124)) - SCM in safe mode. Healthy pipelines reported count is 0, required healthy pipeline reported count is 1
2022-02-08 16:06:34,075 [pool-346-thread-1] INFO  server.RaftServerConfigKeys (ConfUtils.java:logGet(44)) - raft.server.snapshot.auto.trigger.enabled = true (custom)
2022-02-08 16:06:34,075 [pool-346-thread-1] INFO  server.RaftServerConfigKeys (ConfUtils.java:logGet(44)) - raft.server.snapshot.auto.trigger.threshold = 10000 (custom)
2022-02-08 16:06:34,075 [pool-346-thread-1] INFO  server.RaftServerConfigKeys (ConfUtils.java:logGet(44)) - raft.server.snapshot.retention.file.num = 5 (custom)
2022-02-08 16:06:34,075 [pool-346-thread-1] INFO  server.RaftServerConfigKeys (ConfUtils.java:logGet(44)) - raft.server.log.purge.upto.snapshot.index = false (default)
2022-02-08 16:06:34,075 [pool-346-thread-1] INFO  server.RaftServerConfigKeys (ConfUtils.java:logGet(44)) - raft.server.retrycache.expirytime = 600000ms (custom)
2022-02-08 16:06:34,075 [pool-346-thread-1] INFO  server.RaftServerConfigKeys (ConfUtils.java:logGet(44)) - raft.server.retrycache.statistics.expirytime = 100μs (default)
2022-02-08 16:06:34,076 [pool-346-thread-1] INFO  server.RaftServer$Division (RaftServerImpl.java:start(301)) - e1d33aab-103b-40d3-b11e-cca6cb4bf5ea@group-6C9F5428A155: start as a follower, conf=-1: [e1d33aab-103b-40d3-b11e-cca6cb4bf5ea|rpc:127.0.0.1:37863|priority:1], old=null
2022-02-08 16:06:34,076 [pool-346-thread-1] INFO  server.RaftServer$Division (RaftServerImpl.java:setRole(290)) - e1d33aab-103b-40d3-b11e-cca6cb4bf5ea@group-6C9F5428A155: changes role from      null to FOLLOWER at term 0 for startAsFollower
2022-02-08 16:06:34,077 [pool-346-thread-1] INFO  impl.RoleInfo (RoleInfo.java:updateAndGet(130)) - e1d33aab-103b-40d3-b11e-cca6cb4bf5ea: start e1d33aab-103b-40d3-b11e-cca6cb4bf5ea@group-6C9F5428A155-FollowerState
2022-02-08 16:06:34,082 [pool-346-thread-1] INFO  util.JmxRegister (JmxRegister.java:tryRegister(44)) - Successfully registered JMX Bean with object name Ratis:service=RaftServer,group=group-6C9F5428A155,id=e1d33aab-103b-40d3-b11e-cca6cb4bf5ea
2022-02-08 16:06:34,089 [EndpointStateMachine task thread for /127.0.0.1:42215 - 0 ] INFO  ipc.Client (Client.java:handleConnectionFailure(977)) - Retrying connect to server: localhost/127.0.0.1:42215. Already tried 3 time(s); retry policy is RetryUpToMaximumCountWithFixedSleep(maxRetries=15, sleepTime=1000 MILLISECONDS)
2022-02-08 16:06:34,089 [EndpointStateMachine task thread for /127.0.0.1:40425 - 0 ] INFO  ipc.Client (Client.java:handleConnectionFailure(977)) - Retrying connect to server: localhost/127.0.0.1:40425. Already tried 3 time(s); retry policy is RetryUpToMaximumCountWithFixedSleep(maxRetries=15, sleepTime=1000 MILLISECONDS)
2022-02-08 16:06:34,090 [fdd19f4e-50ca-4edc-8a7e-48b923a90088@group-8ACED9F265D2-StateMachineUpdater] INFO  safemode.HealthyPipelineSafeModeRule (HealthyPipelineSafeModeRule.java:initializeRule(152)) - Refreshed total pipeline count is 0, healthy pipeline threshold count is 1
2022-02-08 16:06:34,100 [Command processor thread] INFO  ratis.XceiverServerRatis (XceiverServerRatis.java:addGroup(768)) - Created group PipelineID=12825c7f-6e69-4e3c-b105-6c9f5428a155
2022-02-08 16:06:34,100 [Command processor thread] INFO  commandhandler.CreatePipelineCommandHandler (CreatePipelineCommandHandler.java:handle(106)) - Created Pipeline RATIS ONE PipelineID=12825c7f-6e69-4e3c-b105-6c9f5428a155.
2022-02-08 16:06:34,110 [EventQueue-OpenPipelineForHealthyPipelineSafeModeRule] INFO  safemode.SCMSafeModeManager (HealthyPipelineSafeModeRule.java:process(124)) - SCM in safe mode. Healthy pipelines reported count is 0, required healthy pipeline reported count is 1
2022-02-08 16:06:34,953 [Listener at 127.0.0.1/39187] INFO  ozone.MiniOzoneClusterImpl (MiniOzoneClusterImpl.java:lambda$waitForClusterToBeReady$0(219)) - Nodes are ready. Got 3 of 3 DN Heartbeats.
2022-02-08 16:06:34,953 [Listener at 127.0.0.1/39187] INFO  ozone.MiniOzoneClusterImpl (MiniOzoneClusterImpl.java:lambda$waitForClusterToBeReady$0(222)) - Waiting for cluster to exit safe mode
2022-02-08 16:06:34,953 [Listener at 127.0.0.1/39187] INFO  ozone.MiniOzoneClusterImpl (MiniOzoneClusterImpl.java:lambda$waitForClusterToBeReady$0(224)) - SCM became leader
2022-02-08 16:06:35,049 [Datanode State Machine Daemon Thread] ERROR datanode.RunningDatanodeState (RunningDatanodeState.java:computeNextContainerState(199)) - Error in executing end point task.
java.util.concurrent.ExecutionException: java.util.concurrent.TimeoutException
	at java.util.concurrent.FutureTask.report(FutureTask.java:122)
	at java.util.concurrent.FutureTask.get(FutureTask.java:192)
	at org.apache.hadoop.ozone.container.common.states.datanode.RunningDatanodeState.computeNextContainerState(RunningDatanodeState.java:191)
	at org.apache.hadoop.ozone.container.common.states.datanode.RunningDatanodeState.await(RunningDatanodeState.java:231)
	at org.apache.hadoop.ozone.container.common.states.datanode.RunningDatanodeState.await(RunningDatanodeState.java:50)
	at org.apache.hadoop.ozone.container.common.statemachine.StateContext.execute(StateContext.java:633)
	at org.apache.hadoop.ozone.container.common.statemachine.DatanodeStateMachine.start(DatanodeStateMachine.java:283)
	at org.apache.hadoop.ozone.container.common.statemachine.DatanodeStateMachine.lambda$startDaemon$0(DatanodeStateMachine.java:471)
	at java.lang.Thread.run(Thread.java:748)
Caused by: java.util.concurrent.TimeoutException
	at java.util.concurrent.FutureTask.get(FutureTask.java:205)
	at org.apache.hadoop.ozone.container.common.states.datanode.RunningDatanodeState.lambda$execute$0(RunningDatanodeState.java:149)
	at java.util.concurrent.FutureTask.run(FutureTask.java:266)
	at java.util.concurrent.Executors$RunnableAdapter.call(Executors.java:511)
	at java.util.concurrent.FutureTask.run(FutureTask.java:266)
	at java.util.concurrent.ThreadPoolExecutor.runWorker(ThreadPoolExecutor.java:1149)
	at java.util.concurrent.ThreadPoolExecutor$Worker.run(ThreadPoolExecutor.java:624)
	... 1 more
2022-02-08 16:06:35,070 [EndpointStateMachine task thread for /127.0.0.1:36421 - 0 ] INFO  ipc.Client (Client.java:handleConnectionFailure(977)) - Retrying connect to server: localhost/127.0.0.1:36421. Already tried 4 time(s); retry policy is RetryUpToMaximumCountWithFixedSleep(maxRetries=15, sleepTime=1000 MILLISECONDS)
2022-02-08 16:06:35,089 [EndpointStateMachine task thread for /127.0.0.1:42215 - 0 ] INFO  ipc.Client (Client.java:handleConnectionFailure(977)) - Retrying connect to server: localhost/127.0.0.1:42215. Already tried 4 time(s); retry policy is RetryUpToMaximumCountWithFixedSleep(maxRetries=15, sleepTime=1000 MILLISECONDS)
2022-02-08 16:06:35,090 [EndpointStateMachine task thread for /127.0.0.1:40425 - 0 ] INFO  ipc.Client (Client.java:handleConnectionFailure(977)) - Retrying connect to server: localhost/127.0.0.1:40425. Already tried 4 time(s); retry policy is RetryUpToMaximumCountWithFixedSleep(maxRetries=15, sleepTime=1000 MILLISECONDS)
2022-02-08 16:06:35,504 [Datanode State Machine Daemon Thread] ERROR datanode.RunningDatanodeState (RunningDatanodeState.java:computeNextContainerState(199)) - Error in executing end point task.
java.util.concurrent.ExecutionException: java.util.concurrent.TimeoutException
	at java.util.concurrent.FutureTask.report(FutureTask.java:122)
	at java.util.concurrent.FutureTask.get(FutureTask.java:192)
	at org.apache.hadoop.ozone.container.common.states.datanode.RunningDatanodeState.computeNextContainerState(RunningDatanodeState.java:191)
	at org.apache.hadoop.ozone.container.common.states.datanode.RunningDatanodeState.await(RunningDatanodeState.java:231)
	at org.apache.hadoop.ozone.container.common.states.datanode.RunningDatanodeState.await(RunningDatanodeState.java:50)
	at org.apache.hadoop.ozone.container.common.statemachine.StateContext.execute(StateContext.java:633)
	at org.apache.hadoop.ozone.container.common.statemachine.DatanodeStateMachine.start(DatanodeStateMachine.java:283)
	at org.apache.hadoop.ozone.container.common.statemachine.DatanodeStateMachine.lambda$startDaemon$0(DatanodeStateMachine.java:471)
	at java.lang.Thread.run(Thread.java:748)
Caused by: java.util.concurrent.TimeoutException
	at java.util.concurrent.FutureTask.get(FutureTask.java:205)
	at org.apache.hadoop.ozone.container.common.states.datanode.RunningDatanodeState.lambda$execute$0(RunningDatanodeState.java:149)
	at java.util.concurrent.FutureTask.run(FutureTask.java:266)
	at java.util.concurrent.Executors$RunnableAdapter.call(Executors.java:511)
	at java.util.concurrent.FutureTask.run(FutureTask.java:266)
	at java.util.concurrent.ThreadPoolExecutor.runWorker(ThreadPoolExecutor.java:1149)
	at java.util.concurrent.ThreadPoolExecutor$Worker.run(ThreadPoolExecutor.java:624)
	... 1 more
2022-02-08 16:06:35,953 [Listener at 127.0.0.1/39187] INFO  ozone.MiniOzoneClusterImpl (MiniOzoneClusterImpl.java:lambda$waitForClusterToBeReady$0(219)) - Nodes are ready. Got 3 of 3 DN Heartbeats.
2022-02-08 16:06:35,954 [Listener at 127.0.0.1/39187] INFO  ozone.MiniOzoneClusterImpl (MiniOzoneClusterImpl.java:lambda$waitForClusterToBeReady$0(222)) - Waiting for cluster to exit safe mode
2022-02-08 16:06:35,954 [Listener at 127.0.0.1/39187] INFO  ozone.MiniOzoneClusterImpl (MiniOzoneClusterImpl.java:lambda$waitForClusterToBeReady$0(224)) - SCM became leader
2022-02-08 16:06:36,051 [Datanode State Machine Daemon Thread] ERROR datanode.RunningDatanodeState (RunningDatanodeState.java:computeNextContainerState(199)) - Error in executing end point task.
java.util.concurrent.ExecutionException: java.util.concurrent.TimeoutException
	at java.util.concurrent.FutureTask.report(FutureTask.java:122)
	at java.util.concurrent.FutureTask.get(FutureTask.java:192)
	at org.apache.hadoop.ozone.container.common.states.datanode.RunningDatanodeState.computeNextContainerState(RunningDatanodeState.java:191)
	at org.apache.hadoop.ozone.container.common.states.datanode.RunningDatanodeState.await(RunningDatanodeState.java:231)
	at org.apache.hadoop.ozone.container.common.states.datanode.RunningDatanodeState.await(RunningDatanodeState.java:50)
	at org.apache.hadoop.ozone.container.common.statemachine.StateContext.execute(StateContext.java:633)
	at org.apache.hadoop.ozone.container.common.statemachine.DatanodeStateMachine.start(DatanodeStateMachine.java:283)
	at org.apache.hadoop.ozone.container.common.statemachine.DatanodeStateMachine.lambda$startDaemon$0(DatanodeStateMachine.java:471)
	at java.lang.Thread.run(Thread.java:748)
Caused by: java.util.concurrent.TimeoutException
	at java.util.concurrent.FutureTask.get(FutureTask.java:205)
	at org.apache.hadoop.ozone.container.common.states.datanode.RunningDatanodeState.lambda$execute$0(RunningDatanodeState.java:149)
	at java.util.concurrent.FutureTask.run(FutureTask.java:266)
	at java.util.concurrent.Executors$RunnableAdapter.call(Executors.java:511)
	at java.util.concurrent.FutureTask.run(FutureTask.java:266)
	at java.util.concurrent.ThreadPoolExecutor.runWorker(ThreadPoolExecutor.java:1149)
	at java.util.concurrent.ThreadPoolExecutor$Worker.run(ThreadPoolExecutor.java:624)
	... 1 more
2022-02-08 16:06:36,071 [EndpointStateMachine task thread for /127.0.0.1:36421 - 0 ] INFO  ipc.Client (Client.java:handleConnectionFailure(977)) - Retrying connect to server: localhost/127.0.0.1:36421. Already tried 5 time(s); retry policy is RetryUpToMaximumCountWithFixedSleep(maxRetries=15, sleepTime=1000 MILLISECONDS)
2022-02-08 16:06:36,090 [EndpointStateMachine task thread for /127.0.0.1:42215 - 0 ] INFO  ipc.Client (Client.java:handleConnectionFailure(977)) - Retrying connect to server: localhost/127.0.0.1:42215. Already tried 5 time(s); retry policy is RetryUpToMaximumCountWithFixedSleep(maxRetries=15, sleepTime=1000 MILLISECONDS)
2022-02-08 16:06:36,091 [EndpointStateMachine task thread for /127.0.0.1:40425 - 0 ] INFO  ipc.Client (Client.java:handleConnectionFailure(977)) - Retrying connect to server: localhost/127.0.0.1:40425. Already tried 5 time(s); retry policy is RetryUpToMaximumCountWithFixedSleep(maxRetries=15, sleepTime=1000 MILLISECONDS)
2022-02-08 16:06:36,507 [Datanode State Machine Daemon Thread] ERROR datanode.RunningDatanodeState (RunningDatanodeState.java:computeNextContainerState(199)) - Error in executing end point task.
java.util.concurrent.ExecutionException: java.util.concurrent.TimeoutException
	at java.util.concurrent.FutureTask.report(FutureTask.java:122)
	at java.util.concurrent.FutureTask.get(FutureTask.java:192)
	at org.apache.hadoop.ozone.container.common.states.datanode.RunningDatanodeState.computeNextContainerState(RunningDatanodeState.java:191)
	at org.apache.hadoop.ozone.container.common.states.datanode.RunningDatanodeState.await(RunningDatanodeState.java:231)
	at org.apache.hadoop.ozone.container.common.states.datanode.RunningDatanodeState.await(RunningDatanodeState.java:50)
	at org.apache.hadoop.ozone.container.common.statemachine.StateContext.execute(StateContext.java:633)
	at org.apache.hadoop.ozone.container.common.statemachine.DatanodeStateMachine.start(DatanodeStateMachine.java:283)
	at org.apache.hadoop.ozone.container.common.statemachine.DatanodeStateMachine.lambda$startDaemon$0(DatanodeStateMachine.java:471)
	at java.lang.Thread.run(Thread.java:748)
Caused by: java.util.concurrent.TimeoutException
	at java.util.concurrent.FutureTask.get(FutureTask.java:205)
	at org.apache.hadoop.ozone.container.common.states.datanode.RunningDatanodeState.lambda$execute$0(RunningDatanodeState.java:149)
	at java.util.concurrent.FutureTask.run(FutureTask.java:266)
	at java.util.concurrent.Executors$RunnableAdapter.call(Executors.java:511)
	at java.util.concurrent.FutureTask.run(FutureTask.java:266)
	at java.util.concurrent.ThreadPoolExecutor.runWorker(ThreadPoolExecutor.java:1149)
	at java.util.concurrent.ThreadPoolExecutor$Worker.run(ThreadPoolExecutor.java:624)
	... 1 more
2022-02-08 16:06:36,604 [Datanode State Machine Daemon Thread] ERROR datanode.RunningDatanodeState (RunningDatanodeState.java:computeNextContainerState(199)) - Error in executing end point task.
java.util.concurrent.ExecutionException: java.util.concurrent.TimeoutException
	at java.util.concurrent.FutureTask.report(FutureTask.java:122)
	at java.util.concurrent.FutureTask.get(FutureTask.java:192)
	at org.apache.hadoop.ozone.container.common.states.datanode.RunningDatanodeState.computeNextContainerState(RunningDatanodeState.java:191)
	at org.apache.hadoop.ozone.container.common.states.datanode.RunningDatanodeState.await(RunningDatanodeState.java:231)
	at org.apache.hadoop.ozone.container.common.states.datanode.RunningDatanodeState.await(RunningDatanodeState.java:50)
	at org.apache.hadoop.ozone.container.common.statemachine.StateContext.execute(StateContext.java:633)
	at org.apache.hadoop.ozone.container.common.statemachine.DatanodeStateMachine.start(DatanodeStateMachine.java:283)
	at org.apache.hadoop.ozone.container.common.statemachine.DatanodeStateMachine.lambda$startDaemon$0(DatanodeStateMachine.java:471)
	at java.lang.Thread.run(Thread.java:748)
Caused by: java.util.concurrent.TimeoutException
	at java.util.concurrent.FutureTask.get(FutureTask.java:205)
	at org.apache.hadoop.ozone.container.common.states.datanode.RunningDatanodeState.lambda$execute$0(RunningDatanodeState.java:149)
	at java.util.concurrent.FutureTask.run(FutureTask.java:266)
	at java.util.concurrent.Executors$RunnableAdapter.call(Executors.java:511)
	at java.util.concurrent.FutureTask.run(FutureTask.java:266)
	at java.util.concurrent.ThreadPoolExecutor.runWorker(ThreadPoolExecutor.java:1149)
	at java.util.concurrent.ThreadPoolExecutor$Worker.run(ThreadPoolExecutor.java:624)
	... 1 more
2022-02-08 16:06:36,954 [Listener at 127.0.0.1/39187] INFO  ozone.MiniOzoneClusterImpl (MiniOzoneClusterImpl.java:lambda$waitForClusterToBeReady$0(219)) - Nodes are ready. Got 3 of 3 DN Heartbeats.
2022-02-08 16:06:36,954 [Listener at 127.0.0.1/39187] INFO  ozone.MiniOzoneClusterImpl (MiniOzoneClusterImpl.java:lambda$waitForClusterToBeReady$0(222)) - Waiting for cluster to exit safe mode
2022-02-08 16:06:36,954 [Listener at 127.0.0.1/39187] INFO  ozone.MiniOzoneClusterImpl (MiniOzoneClusterImpl.java:lambda$waitForClusterToBeReady$0(224)) - SCM became leader
2022-02-08 16:06:37,053 [Datanode State Machine Daemon Thread] ERROR datanode.RunningDatanodeState (RunningDatanodeState.java:computeNextContainerState(199)) - Error in executing end point task.
java.util.concurrent.ExecutionException: java.util.concurrent.TimeoutException
	at java.util.concurrent.FutureTask.report(FutureTask.java:122)
	at java.util.concurrent.FutureTask.get(FutureTask.java:192)
	at org.apache.hadoop.ozone.container.common.states.datanode.RunningDatanodeState.computeNextContainerState(RunningDatanodeState.java:191)
	at org.apache.hadoop.ozone.container.common.states.datanode.RunningDatanodeState.await(RunningDatanodeState.java:231)
	at org.apache.hadoop.ozone.container.common.states.datanode.RunningDatanodeState.await(RunningDatanodeState.java:50)
	at org.apache.hadoop.ozone.container.common.statemachine.StateContext.execute(StateContext.java:633)
	at org.apache.hadoop.ozone.container.common.statemachine.DatanodeStateMachine.start(DatanodeStateMachine.java:283)
	at org.apache.hadoop.ozone.container.common.statemachine.DatanodeStateMachine.lambda$startDaemon$0(DatanodeStateMachine.java:471)
	at java.lang.Thread.run(Thread.java:748)
Caused by: java.util.concurrent.TimeoutException
	at java.util.concurrent.FutureTask.get(FutureTask.java:205)
	at org.apache.hadoop.ozone.container.common.states.datanode.RunningDatanodeState.lambda$execute$0(RunningDatanodeState.java:149)
	at java.util.concurrent.FutureTask.run(FutureTask.java:266)
	at java.util.concurrent.Executors$RunnableAdapter.call(Executors.java:511)
	at java.util.concurrent.FutureTask.run(FutureTask.java:266)
	at java.util.concurrent.ThreadPoolExecutor.runWorker(ThreadPoolExecutor.java:1149)
	at java.util.concurrent.ThreadPoolExecutor$Worker.run(ThreadPoolExecutor.java:624)
	... 1 more
2022-02-08 16:06:37,071 [EndpointStateMachine task thread for /127.0.0.1:36421 - 0 ] INFO  ipc.Client (Client.java:handleConnectionFailure(977)) - Retrying connect to server: localhost/127.0.0.1:36421. Already tried 6 time(s); retry policy is RetryUpToMaximumCountWithFixedSleep(maxRetries=15, sleepTime=1000 MILLISECONDS)
2022-02-08 16:06:37,090 [EndpointStateMachine task thread for /127.0.0.1:42215 - 0 ] INFO  ipc.Client (Client.java:handleConnectionFailure(977)) - Retrying connect to server: localhost/127.0.0.1:42215. Already tried 6 time(s); retry policy is RetryUpToMaximumCountWithFixedSleep(maxRetries=15, sleepTime=1000 MILLISECONDS)
2022-02-08 16:06:37,091 [EndpointStateMachine task thread for /127.0.0.1:40425 - 0 ] INFO  ipc.Client (Client.java:handleConnectionFailure(977)) - Retrying connect to server: localhost/127.0.0.1:40425. Already tried 6 time(s); retry policy is RetryUpToMaximumCountWithFixedSleep(maxRetries=15, sleepTime=1000 MILLISECONDS)
2022-02-08 16:06:37,510 [Datanode State Machine Daemon Thread] ERROR datanode.RunningDatanodeState (RunningDatanodeState.java:computeNextContainerState(199)) - Error in executing end point task.
java.util.concurrent.ExecutionException: java.util.concurrent.TimeoutException
	at java.util.concurrent.FutureTask.report(FutureTask.java:122)
	at java.util.concurrent.FutureTask.get(FutureTask.java:192)
	at org.apache.hadoop.ozone.container.common.states.datanode.RunningDatanodeState.computeNextContainerState(RunningDatanodeState.java:191)
	at org.apache.hadoop.ozone.container.common.states.datanode.RunningDatanodeState.await(RunningDatanodeState.java:231)
	at org.apache.hadoop.ozone.container.common.states.datanode.RunningDatanodeState.await(RunningDatanodeState.java:50)
	at org.apache.hadoop.ozone.container.common.statemachine.StateContext.execute(StateContext.java:633)
	at org.apache.hadoop.ozone.container.common.statemachine.DatanodeStateMachine.start(DatanodeStateMachine.java:283)
	at org.apache.hadoop.ozone.container.common.statemachine.DatanodeStateMachine.lambda$startDaemon$0(DatanodeStateMachine.java:471)
	at java.lang.Thread.run(Thread.java:748)
Caused by: java.util.concurrent.TimeoutException
	at java.util.concurrent.FutureTask.get(FutureTask.java:205)
	at org.apache.hadoop.ozone.container.common.states.datanode.RunningDatanodeState.lambda$execute$0(RunningDatanodeState.java:149)
	at java.util.concurrent.FutureTask.run(FutureTask.java:266)
	at java.util.concurrent.Executors$RunnableAdapter.call(Executors.java:511)
	at java.util.concurrent.FutureTask.run(FutureTask.java:266)
	at java.util.concurrent.ThreadPoolExecutor.runWorker(ThreadPoolExecutor.java:1149)
	at java.util.concurrent.ThreadPoolExecutor$Worker.run(ThreadPoolExecutor.java:624)
	... 1 more
2022-02-08 16:06:37,955 [Listener at 127.0.0.1/39187] INFO  ozone.MiniOzoneClusterImpl (MiniOzoneClusterImpl.java:lambda$waitForClusterToBeReady$0(219)) - Nodes are ready. Got 3 of 3 DN Heartbeats.
2022-02-08 16:06:37,955 [Listener at 127.0.0.1/39187] INFO  ozone.MiniOzoneClusterImpl (MiniOzoneClusterImpl.java:lambda$waitForClusterToBeReady$0(222)) - Waiting for cluster to exit safe mode
2022-02-08 16:06:37,955 [Listener at 127.0.0.1/39187] INFO  ozone.MiniOzoneClusterImpl (MiniOzoneClusterImpl.java:lambda$waitForClusterToBeReady$0(224)) - SCM became leader
2022-02-08 16:06:38,055 [Datanode State Machine Daemon Thread] ERROR datanode.RunningDatanodeState (RunningDatanodeState.java:computeNextContainerState(199)) - Error in executing end point task.
java.util.concurrent.ExecutionException: java.util.concurrent.TimeoutException
	at java.util.concurrent.FutureTask.report(FutureTask.java:122)
	at java.util.concurrent.FutureTask.get(FutureTask.java:192)
	at org.apache.hadoop.ozone.container.common.states.datanode.RunningDatanodeState.computeNextContainerState(RunningDatanodeState.java:191)
	at org.apache.hadoop.ozone.container.common.states.datanode.RunningDatanodeState.await(RunningDatanodeState.java:231)
	at org.apache.hadoop.ozone.container.common.states.datanode.RunningDatanodeState.await(RunningDatanodeState.java:50)
	at org.apache.hadoop.ozone.container.common.statemachine.StateContext.execute(StateContext.java:633)
	at org.apache.hadoop.ozone.container.common.statemachine.DatanodeStateMachine.start(DatanodeStateMachine.java:283)
	at org.apache.hadoop.ozone.container.common.statemachine.DatanodeStateMachine.lambda$startDaemon$0(DatanodeStateMachine.java:471)
	at java.lang.Thread.run(Thread.java:748)
Caused by: java.util.concurrent.TimeoutException
	at java.util.concurrent.FutureTask.get(FutureTask.java:205)
	at org.apache.hadoop.ozone.container.common.states.datanode.RunningDatanodeState.lambda$execute$0(RunningDatanodeState.java:149)
	at java.util.concurrent.FutureTask.run(FutureTask.java:266)
	at java.util.concurrent.Executors$RunnableAdapter.call(Executors.java:511)
	at java.util.concurrent.FutureTask.run(FutureTask.java:266)
	at java.util.concurrent.ThreadPoolExecutor.runWorker(ThreadPoolExecutor.java:1149)
	at java.util.concurrent.ThreadPoolExecutor$Worker.run(ThreadPoolExecutor.java:624)
	... 1 more
2022-02-08 16:06:38,072 [EndpointStateMachine task thread for /127.0.0.1:36421 - 0 ] INFO  ipc.Client (Client.java:handleConnectionFailure(977)) - Retrying connect to server: localhost/127.0.0.1:36421. Already tried 7 time(s); retry policy is RetryUpToMaximumCountWithFixedSleep(maxRetries=15, sleepTime=1000 MILLISECONDS)
2022-02-08 16:06:38,091 [EndpointStateMachine task thread for /127.0.0.1:42215 - 0 ] INFO  ipc.Client (Client.java:handleConnectionFailure(977)) - Retrying connect to server: localhost/127.0.0.1:42215. Already tried 7 time(s); retry policy is RetryUpToMaximumCountWithFixedSleep(maxRetries=15, sleepTime=1000 MILLISECONDS)
2022-02-08 16:06:38,092 [EndpointStateMachine task thread for /127.0.0.1:40425 - 0 ] INFO  ipc.Client (Client.java:handleConnectionFailure(977)) - Retrying connect to server: localhost/127.0.0.1:40425. Already tried 7 time(s); retry policy is RetryUpToMaximumCountWithFixedSleep(maxRetries=15, sleepTime=1000 MILLISECONDS)
2022-02-08 16:06:38,296 [bd23528b-4f24-4cbd-9fbb-986ea08237bf@group-08D508D7D11F-FollowerState] INFO  impl.FollowerState (FollowerState.java:run(134)) - bd23528b-4f24-4cbd-9fbb-986ea08237bf@group-08D508D7D11F-FollowerState: change to CANDIDATE, lastRpcElapsedTime:5056616571ns, electionTimeout:5049ms
2022-02-08 16:06:38,297 [bd23528b-4f24-4cbd-9fbb-986ea08237bf@group-08D508D7D11F-FollowerState] INFO  impl.RoleInfo (RoleInfo.java:shutdownFollowerState(108)) - bd23528b-4f24-4cbd-9fbb-986ea08237bf: shutdown bd23528b-4f24-4cbd-9fbb-986ea08237bf@group-08D508D7D11F-FollowerState
2022-02-08 16:06:38,297 [bd23528b-4f24-4cbd-9fbb-986ea08237bf@group-08D508D7D11F-FollowerState] INFO  server.RaftServer$Division (RaftServerImpl.java:setRole(290)) - bd23528b-4f24-4cbd-9fbb-986ea08237bf@group-08D508D7D11F: changes role from  FOLLOWER to CANDIDATE at term 0 for changeToCandidate
2022-02-08 16:06:38,299 [bd23528b-4f24-4cbd-9fbb-986ea08237bf@group-08D508D7D11F-FollowerState] INFO  server.RaftServerConfigKeys (ConfUtils.java:logGet(44)) - raft.server.leaderelection.pre-vote = false (custom)
2022-02-08 16:06:38,299 [bd23528b-4f24-4cbd-9fbb-986ea08237bf@group-08D508D7D11F-FollowerState] INFO  impl.RoleInfo (RoleInfo.java:updateAndGet(130)) - bd23528b-4f24-4cbd-9fbb-986ea08237bf: start bd23528b-4f24-4cbd-9fbb-986ea08237bf@group-08D508D7D11F-LeaderElection17
2022-02-08 16:06:38,318 [bd23528b-4f24-4cbd-9fbb-986ea08237bf@group-08D508D7D11F-LeaderElection17] INFO  impl.LeaderElection (LeaderElection.java:askForVotes(306)) - bd23528b-4f24-4cbd-9fbb-986ea08237bf@group-08D508D7D11F-LeaderElection17 ELECTION round 0: submit vote requests at term 1 for -1: [bd23528b-4f24-4cbd-9fbb-986ea08237bf|rpc:127.0.0.1:42777|priority:1], old=null
2022-02-08 16:06:38,318 [bd23528b-4f24-4cbd-9fbb-986ea08237bf@group-08D508D7D11F-LeaderElection17] INFO  impl.LeaderElection (LeaderElection.java:askForVotes(308)) - bd23528b-4f24-4cbd-9fbb-986ea08237bf@group-08D508D7D11F-LeaderElection17 ELECTION round 0: result PASSED (term=1)
2022-02-08 16:06:38,318 [bd23528b-4f24-4cbd-9fbb-986ea08237bf@group-08D508D7D11F-LeaderElection17] INFO  impl.RoleInfo (RoleInfo.java:shutdownLeaderElection(121)) - bd23528b-4f24-4cbd-9fbb-986ea08237bf: shutdown bd23528b-4f24-4cbd-9fbb-986ea08237bf@group-08D508D7D11F-LeaderElection17
2022-02-08 16:06:38,318 [bd23528b-4f24-4cbd-9fbb-986ea08237bf@group-08D508D7D11F-LeaderElection17] INFO  server.RaftServer$Division (RaftServerImpl.java:setRole(290)) - bd23528b-4f24-4cbd-9fbb-986ea08237bf@group-08D508D7D11F: changes role from CANDIDATE to LEADER at term 1 for changeToLeader
2022-02-08 16:06:38,318 [bd23528b-4f24-4cbd-9fbb-986ea08237bf@group-08D508D7D11F-LeaderElection17] INFO  ratis.XceiverServerRatis (XceiverServerRatis.java:handleLeaderChangedNotification(866)) - Leader change notification received for group: group-08D508D7D11F with new leaderId: bd23528b-4f24-4cbd-9fbb-986ea08237bf
2022-02-08 16:06:38,322 [EventQueue-OpenPipelineForHealthyPipelineSafeModeRule] INFO  safemode.SCMSafeModeManager (HealthyPipelineSafeModeRule.java:process(124)) - SCM in safe mode. Healthy pipelines reported count is 0, required healthy pipeline reported count is 1
2022-02-08 16:06:38,322 [EventQueue-OpenPipelineForHealthyPipelineSafeModeRule] INFO  safemode.SCMSafeModeManager (HealthyPipelineSafeModeRule.java:process(124)) - SCM in safe mode. Healthy pipelines reported count is 0, required healthy pipeline reported count is 1
2022-02-08 16:06:38,324 [bd23528b-4f24-4cbd-9fbb-986ea08237bf@group-08D508D7D11F-LeaderElection17] INFO  server.RaftServer$Division (ServerState.java:setLeader(285)) - bd23528b-4f24-4cbd-9fbb-986ea08237bf@group-08D508D7D11F: change Leader from null to bd23528b-4f24-4cbd-9fbb-986ea08237bf at term 1 for becomeLeader, leader elected after 5137ms
2022-02-08 16:06:38,324 [bd23528b-4f24-4cbd-9fbb-986ea08237bf@group-08D508D7D11F-LeaderElection17] INFO  server.RaftServerConfigKeys (ConfUtils.java:logGet(44)) - raft.server.staging.catchup.gap = 1000 (default)
2022-02-08 16:06:38,324 [bd23528b-4f24-4cbd-9fbb-986ea08237bf@group-08D508D7D11F-LeaderElection17] INFO  server.RaftServerConfigKeys (ConfUtils.java:logGet(44)) - raft.server.write.element-limit = 1024 (custom)
2022-02-08 16:06:38,324 [bd23528b-4f24-4cbd-9fbb-986ea08237bf@group-08D508D7D11F-LeaderElection17] INFO  server.RaftServerConfigKeys (ConfUtils.java:logGet(44)) - raft.server.write.byte-limit = 1024 M (=1073741824) (custom)
2022-02-08 16:06:38,325 [bd23528b-4f24-4cbd-9fbb-986ea08237bf@group-08D508D7D11F-LeaderElection17] INFO  server.RaftServerConfigKeys (ConfUtils.java:logGet(44)) - raft.server.watch.timeout = 180s (custom)
2022-02-08 16:06:38,325 [bd23528b-4f24-4cbd-9fbb-986ea08237bf@group-08D508D7D11F-LeaderElection17] INFO  server.RaftServerConfigKeys (ConfUtils.java:logGet(44)) - raft.server.watch.timeout.denomination = 1s (default)
2022-02-08 16:06:38,325 [bd23528b-4f24-4cbd-9fbb-986ea08237bf@group-08D508D7D11F-LeaderElection17] INFO  server.RaftServerConfigKeys (ConfUtils.java:logGet(44)) - raft.server.watch.element-limit = 65536 (default)
2022-02-08 16:06:38,325 [bd23528b-4f24-4cbd-9fbb-986ea08237bf@group-08D508D7D11F-LeaderElection17] INFO  server.RaftServerConfigKeys (ConfUtils.java:logGet(44)) - raft.server.write.element-limit = 1024 (custom)
2022-02-08 16:06:38,325 [bd23528b-4f24-4cbd-9fbb-986ea08237bf@group-08D508D7D11F-LeaderElection17] INFO  server.RaftServerConfigKeys (ConfUtils.java:logGet(44)) - raft.server.write.follower.gap.ratio.max = -1.0 (default)
2022-02-08 16:06:38,325 [bd23528b-4f24-4cbd-9fbb-986ea08237bf@group-08D508D7D11F-LeaderElection17] INFO  impl.RoleInfo (RoleInfo.java:updateAndGet(130)) - bd23528b-4f24-4cbd-9fbb-986ea08237bf: start bd23528b-4f24-4cbd-9fbb-986ea08237bf@group-08D508D7D11F-LeaderStateImpl
2022-02-08 16:06:38,325 [bd23528b-4f24-4cbd-9fbb-986ea08237bf@group-08D508D7D11F-LeaderElection17] INFO  segmented.SegmentedRaftLogWorker (SegmentedRaftLogWorker.java:startLogSegment(394)) - bd23528b-4f24-4cbd-9fbb-986ea08237bf@group-08D508D7D11F-SegmentedRaftLogWorker: Starting segment from index:0
2022-02-08 16:06:38,327 [bd23528b-4f24-4cbd-9fbb-986ea08237bf@group-08D508D7D11F-SegmentedRaftLogWorker] INFO  segmented.SegmentedRaftLogWorker (SegmentedRaftLogWorker.java:execute(601)) - bd23528b-4f24-4cbd-9fbb-986ea08237bf@group-08D508D7D11F-SegmentedRaftLogWorker: created new log segment /home/runner/work/ozone/ozone/hadoop-ozone/integration-test/target/test-dir/MiniOzoneClusterImpl-a5c83128-e0a7-4ff9-8358-8aced9f265d2/datanode-0/data/ratis/0002e120-1ed1-4029-bbfe-08d508d7d11f/current/log_inprogress_0
2022-02-08 16:06:38,335 [bd23528b-4f24-4cbd-9fbb-986ea08237bf@group-08D508D7D11F-LeaderElection17] INFO  server.RaftServer$Division (ServerState.java:setRaftConf(387)) - bd23528b-4f24-4cbd-9fbb-986ea08237bf@group-08D508D7D11F: set configuration 0: [bd23528b-4f24-4cbd-9fbb-986ea08237bf|rpc:127.0.0.1:42777|dataStream:|priority:1], old=null
2022-02-08 16:06:38,383 [bd23528b-4f24-4cbd-9fbb-986ea08237bf@group-EF770CC483A9-FollowerState] INFO  impl.FollowerState (FollowerState.java:run(134)) - bd23528b-4f24-4cbd-9fbb-986ea08237bf@group-EF770CC483A9-FollowerState: change to CANDIDATE, lastRpcElapsedTime:5092600877ns, electionTimeout:5091ms
2022-02-08 16:06:38,383 [bd23528b-4f24-4cbd-9fbb-986ea08237bf@group-EF770CC483A9-FollowerState] INFO  impl.RoleInfo (RoleInfo.java:shutdownFollowerState(108)) - bd23528b-4f24-4cbd-9fbb-986ea08237bf: shutdown bd23528b-4f24-4cbd-9fbb-986ea08237bf@group-EF770CC483A9-FollowerState
2022-02-08 16:06:38,383 [bd23528b-4f24-4cbd-9fbb-986ea08237bf@group-EF770CC483A9-FollowerState] INFO  server.RaftServer$Division (RaftServerImpl.java:setRole(290)) - bd23528b-4f24-4cbd-9fbb-986ea08237bf@group-EF770CC483A9: changes role from  FOLLOWER to CANDIDATE at term 0 for changeToCandidate
2022-02-08 16:06:38,384 [bd23528b-4f24-4cbd-9fbb-986ea08237bf@group-EF770CC483A9-FollowerState] INFO  server.RaftServerConfigKeys (ConfUtils.java:logGet(44)) - raft.server.leaderelection.pre-vote = false (custom)
2022-02-08 16:06:38,384 [bd23528b-4f24-4cbd-9fbb-986ea08237bf@group-EF770CC483A9-FollowerState] INFO  impl.RoleInfo (RoleInfo.java:updateAndGet(130)) - bd23528b-4f24-4cbd-9fbb-986ea08237bf: start bd23528b-4f24-4cbd-9fbb-986ea08237bf@group-EF770CC483A9-LeaderElection18
2022-02-08 16:06:38,409 [bd23528b-4f24-4cbd-9fbb-986ea08237bf@group-EF770CC483A9-LeaderElection18] INFO  impl.LeaderElection (LeaderElection.java:askForVotes(306)) - bd23528b-4f24-4cbd-9fbb-986ea08237bf@group-EF770CC483A9-LeaderElection18 ELECTION round 0: submit vote requests at term 1 for -1: [a5a2a086-d6c9-4c8e-8312-624683563c73|rpc:127.0.0.1:46253|priority:1, e1d33aab-103b-40d3-b11e-cca6cb4bf5ea|rpc:127.0.0.1:37863|priority:0, bd23528b-4f24-4cbd-9fbb-986ea08237bf|rpc:127.0.0.1:42777|priority:0], old=null
2022-02-08 16:06:38,435 [grpc-default-executor-1] INFO  server.RaftServer$Division (RaftServerImpl.java:requestVote(1046)) - a5a2a086-d6c9-4c8e-8312-624683563c73@group-EF770CC483A9: receive requestVote(ELECTION, bd23528b-4f24-4cbd-9fbb-986ea08237bf, group-EF770CC483A9, 1, (t:0, i:0))
2022-02-08 16:06:38,435 [grpc-default-executor-0] INFO  server.RaftServer$Division (RaftServerImpl.java:requestVote(1046)) - e1d33aab-103b-40d3-b11e-cca6cb4bf5ea@group-EF770CC483A9: receive requestVote(ELECTION, bd23528b-4f24-4cbd-9fbb-986ea08237bf, group-EF770CC483A9, 1, (t:0, i:0))
2022-02-08 16:06:38,435 [grpc-default-executor-1] INFO  impl.VoteContext (VoteContext.java:log(48)) - a5a2a086-d6c9-4c8e-8312-624683563c73@group-EF770CC483A9-FOLLOWER: reject ELECTION from bd23528b-4f24-4cbd-9fbb-986ea08237bf: our priority 1 > candidate's priority 0
2022-02-08 16:06:38,435 [grpc-default-executor-0] INFO  impl.VoteContext (VoteContext.java:log(48)) - e1d33aab-103b-40d3-b11e-cca6cb4bf5ea@group-EF770CC483A9-FOLLOWER: accept ELECTION from bd23528b-4f24-4cbd-9fbb-986ea08237bf: our priority 0 <= candidate's priority 0
2022-02-08 16:06:38,435 [grpc-default-executor-1] INFO  server.RaftServer$Division (RaftServerImpl.java:setRole(290)) - a5a2a086-d6c9-4c8e-8312-624683563c73@group-EF770CC483A9: changes role from  FOLLOWER to FOLLOWER at term 1 for candidate:bd23528b-4f24-4cbd-9fbb-986ea08237bf
2022-02-08 16:06:38,435 [grpc-default-executor-0] INFO  server.RaftServer$Division (RaftServerImpl.java:setRole(290)) - e1d33aab-103b-40d3-b11e-cca6cb4bf5ea@group-EF770CC483A9: changes role from  FOLLOWER to FOLLOWER at term 1 for candidate:bd23528b-4f24-4cbd-9fbb-986ea08237bf
2022-02-08 16:06:38,435 [grpc-default-executor-0] INFO  impl.RoleInfo (RoleInfo.java:shutdownFollowerState(108)) - e1d33aab-103b-40d3-b11e-cca6cb4bf5ea: shutdown e1d33aab-103b-40d3-b11e-cca6cb4bf5ea@group-EF770CC483A9-FollowerState
2022-02-08 16:06:38,435 [e1d33aab-103b-40d3-b11e-cca6cb4bf5ea@group-EF770CC483A9-FollowerState] INFO  impl.FollowerState (FollowerState.java:run(143)) - e1d33aab-103b-40d3-b11e-cca6cb4bf5ea@group-EF770CC483A9-FollowerState was interrupted: {}
java.lang.InterruptedException: sleep interrupted
	at java.lang.Thread.sleep(Native Method)
	at java.lang.Thread.sleep(Thread.java:340)
	at java.util.concurrent.TimeUnit.sleep(TimeUnit.java:386)
	at org.apache.ratis.util.TimeDuration.sleep(TimeDuration.java:324)
	at org.apache.ratis.util.TimeDuration.sleep(TimeDuration.java:309)
	at org.apache.ratis.server.impl.FollowerState.run(FollowerState.java:118)
2022-02-08 16:06:38,435 [grpc-default-executor-1] INFO  impl.RoleInfo (RoleInfo.java:shutdownFollowerState(108)) - a5a2a086-d6c9-4c8e-8312-624683563c73: shutdown a5a2a086-d6c9-4c8e-8312-624683563c73@group-EF770CC483A9-FollowerState
2022-02-08 16:06:38,435 [grpc-default-executor-0] INFO  impl.RoleInfo (RoleInfo.java:updateAndGet(130)) - e1d33aab-103b-40d3-b11e-cca6cb4bf5ea: start e1d33aab-103b-40d3-b11e-cca6cb4bf5ea@group-EF770CC483A9-FollowerState
2022-02-08 16:06:38,435 [grpc-default-executor-1] INFO  impl.RoleInfo (RoleInfo.java:updateAndGet(130)) - a5a2a086-d6c9-4c8e-8312-624683563c73: start a5a2a086-d6c9-4c8e-8312-624683563c73@group-EF770CC483A9-FollowerState
2022-02-08 16:06:38,435 [a5a2a086-d6c9-4c8e-8312-624683563c73@group-EF770CC483A9-FollowerState] INFO  impl.FollowerState (FollowerState.java:run(143)) - a5a2a086-d6c9-4c8e-8312-624683563c73@group-EF770CC483A9-FollowerState was interrupted: {}
java.lang.InterruptedException: sleep interrupted
	at java.lang.Thread.sleep(Native Method)
	at java.lang.Thread.sleep(Thread.java:340)
	at java.util.concurrent.TimeUnit.sleep(TimeUnit.java:386)
	at org.apache.ratis.util.TimeDuration.sleep(TimeDuration.java:324)
	at org.apache.ratis.util.TimeDuration.sleep(TimeDuration.java:309)
	at org.apache.ratis.server.impl.FollowerState.run(FollowerState.java:118)
2022-02-08 16:06:38,453 [grpc-default-executor-1] INFO  server.RaftServer$Division (RaftServerImpl.java:requestVote(1078)) - a5a2a086-d6c9-4c8e-8312-624683563c73@group-EF770CC483A9 replies to ELECTION vote request: bd23528b-4f24-4cbd-9fbb-986ea08237bf<-a5a2a086-d6c9-4c8e-8312-624683563c73#0:FAIL-t1. Peer's state: a5a2a086-d6c9-4c8e-8312-624683563c73@group-EF770CC483A9:t1, leader=null, voted=null, raftlog=a5a2a086-d6c9-4c8e-8312-624683563c73@group-EF770CC483A9-SegmentedRaftLog:OPENED:c-1, conf=-1: [a5a2a086-d6c9-4c8e-8312-624683563c73|rpc:127.0.0.1:46253|dataStream:|priority:1, e1d33aab-103b-40d3-b11e-cca6cb4bf5ea|rpc:127.0.0.1:37863|dataStream:|priority:0, bd23528b-4f24-4cbd-9fbb-986ea08237bf|rpc:127.0.0.1:42777|dataStream:|priority:0], old=null
2022-02-08 16:06:38,454 [bd23528b-4f24-4cbd-9fbb-986ea08237bf@group-EF770CC483A9-LeaderElection18] INFO  impl.LeaderElection (LeaderElection.java:logAndReturn(89)) - bd23528b-4f24-4cbd-9fbb-986ea08237bf@group-EF770CC483A9-LeaderElection18: ELECTION REJECTED received 1 response(s) and 0 exception(s):
2022-02-08 16:06:38,454 [bd23528b-4f24-4cbd-9fbb-986ea08237bf@group-EF770CC483A9-LeaderElection18] INFO  impl.LeaderElection (LeaderElection.java:logAndReturn(93)) -   Response 0: bd23528b-4f24-4cbd-9fbb-986ea08237bf<-a5a2a086-d6c9-4c8e-8312-624683563c73#0:FAIL-t1
2022-02-08 16:06:38,454 [bd23528b-4f24-4cbd-9fbb-986ea08237bf@group-EF770CC483A9-LeaderElection18] INFO  impl.LeaderElection (LeaderElection.java:askForVotes(308)) - bd23528b-4f24-4cbd-9fbb-986ea08237bf@group-EF770CC483A9-LeaderElection18 ELECTION round 0: result REJECTED
2022-02-08 16:06:38,454 [bd23528b-4f24-4cbd-9fbb-986ea08237bf@group-EF770CC483A9-LeaderElection18] INFO  server.RaftServer$Division (RaftServerImpl.java:setRole(290)) - bd23528b-4f24-4cbd-9fbb-986ea08237bf@group-EF770CC483A9: changes role from CANDIDATE to FOLLOWER at term 1 for REJECTED
2022-02-08 16:06:38,454 [bd23528b-4f24-4cbd-9fbb-986ea08237bf@group-EF770CC483A9-LeaderElection18] INFO  impl.RoleInfo (RoleInfo.java:shutdownLeaderElection(121)) - bd23528b-4f24-4cbd-9fbb-986ea08237bf: shutdown bd23528b-4f24-4cbd-9fbb-986ea08237bf@group-EF770CC483A9-LeaderElection18
2022-02-08 16:06:38,454 [bd23528b-4f24-4cbd-9fbb-986ea08237bf@group-EF770CC483A9-LeaderElection18] INFO  impl.RoleInfo (RoleInfo.java:updateAndGet(130)) - bd23528b-4f24-4cbd-9fbb-986ea08237bf: start bd23528b-4f24-4cbd-9fbb-986ea08237bf@group-EF770CC483A9-FollowerState
2022-02-08 16:06:38,455 [grpc-default-executor-0] INFO  server.RaftServer$Division (RaftServerImpl.java:requestVote(1078)) - e1d33aab-103b-40d3-b11e-cca6cb4bf5ea@group-EF770CC483A9 replies to ELECTION vote request: bd23528b-4f24-4cbd-9fbb-986ea08237bf<-e1d33aab-103b-40d3-b11e-cca6cb4bf5ea#0:OK-t1. Peer's state: e1d33aab-103b-40d3-b11e-cca6cb4bf5ea@group-EF770CC483A9:t1, leader=null, voted=bd23528b-4f24-4cbd-9fbb-986ea08237bf, raftlog=e1d33aab-103b-40d3-b11e-cca6cb4bf5ea@group-EF770CC483A9-SegmentedRaftLog:OPENED:c-1, conf=-1: [a5a2a086-d6c9-4c8e-8312-624683563c73|rpc:127.0.0.1:46253|dataStream:|priority:1, e1d33aab-103b-40d3-b11e-cca6cb4bf5ea|rpc:127.0.0.1:37863|dataStream:|priority:0, bd23528b-4f24-4cbd-9fbb-986ea08237bf|rpc:127.0.0.1:42777|dataStream:|priority:0], old=null
2022-02-08 16:06:38,551 [bd23528b-4f24-4cbd-9fbb-986ea08237bf@group-814509AA7368-FollowerState] INFO  impl.FollowerState (FollowerState.java:run(134)) - bd23528b-4f24-4cbd-9fbb-986ea08237bf@group-814509AA7368-FollowerState: change to CANDIDATE, lastRpcElapsedTime:5033090836ns, electionTimeout:5026ms
2022-02-08 16:06:38,551 [bd23528b-4f24-4cbd-9fbb-986ea08237bf@group-814509AA7368-FollowerState] INFO  impl.RoleInfo (RoleInfo.java:shutdownFollowerState(108)) - bd23528b-4f24-4cbd-9fbb-986ea08237bf: shutdown bd23528b-4f24-4cbd-9fbb-986ea08237bf@group-814509AA7368-FollowerState
2022-02-08 16:06:38,551 [bd23528b-4f24-4cbd-9fbb-986ea08237bf@group-814509AA7368-FollowerState] INFO  server.RaftServer$Division (RaftServerImpl.java:setRole(290)) - bd23528b-4f24-4cbd-9fbb-986ea08237bf@group-814509AA7368: changes role from  FOLLOWER to CANDIDATE at term 0 for changeToCandidate
2022-02-08 16:06:38,551 [bd23528b-4f24-4cbd-9fbb-986ea08237bf@group-814509AA7368-FollowerState] INFO  server.RaftServerConfigKeys (ConfUtils.java:logGet(44)) - raft.server.leaderelection.pre-vote = false (custom)
2022-02-08 16:06:38,551 [bd23528b-4f24-4cbd-9fbb-986ea08237bf@group-814509AA7368-FollowerState] INFO  impl.RoleInfo (RoleInfo.java:updateAndGet(130)) - bd23528b-4f24-4cbd-9fbb-986ea08237bf: start bd23528b-4f24-4cbd-9fbb-986ea08237bf@group-814509AA7368-LeaderElection19
2022-02-08 16:06:38,565 [bd23528b-4f24-4cbd-9fbb-986ea08237bf@group-814509AA7368-LeaderElection19] INFO  impl.LeaderElection (LeaderElection.java:askForVotes(306)) - bd23528b-4f24-4cbd-9fbb-986ea08237bf@group-814509AA7368-LeaderElection19 ELECTION round 0: submit vote requests at term 1 for -1: [a5a2a086-d6c9-4c8e-8312-624683563c73|rpc:127.0.0.1:46253|priority:0, e1d33aab-103b-40d3-b11e-cca6cb4bf5ea|rpc:127.0.0.1:37863|priority:1, bd23528b-4f24-4cbd-9fbb-986ea08237bf|rpc:127.0.0.1:42777|priority:0], old=null
2022-02-08 16:06:38,569 [grpc-default-executor-0] INFO  server.RaftServer$Division (RaftServerImpl.java:requestVote(1046)) - a5a2a086-d6c9-4c8e-8312-624683563c73@group-814509AA7368: receive requestVote(ELECTION, bd23528b-4f24-4cbd-9fbb-986ea08237bf, group-814509AA7368, 1, (t:0, i:0))
2022-02-08 16:06:38,569 [grpc-default-executor-0] INFO  impl.VoteContext (VoteContext.java:log(48)) - a5a2a086-d6c9-4c8e-8312-624683563c73@group-814509AA7368-FOLLOWER: accept ELECTION from bd23528b-4f24-4cbd-9fbb-986ea08237bf: our priority 0 <= candidate's priority 0
2022-02-08 16:06:38,569 [grpc-default-executor-0] INFO  server.RaftServer$Division (RaftServerImpl.java:setRole(290)) - a5a2a086-d6c9-4c8e-8312-624683563c73@group-814509AA7368: changes role from  FOLLOWER to FOLLOWER at term 1 for candidate:bd23528b-4f24-4cbd-9fbb-986ea08237bf
2022-02-08 16:06:38,569 [grpc-default-executor-0] INFO  impl.RoleInfo (RoleInfo.java:shutdownFollowerState(108)) - a5a2a086-d6c9-4c8e-8312-624683563c73: shutdown a5a2a086-d6c9-4c8e-8312-624683563c73@group-814509AA7368-FollowerState
2022-02-08 16:06:38,569 [grpc-default-executor-0] INFO  impl.RoleInfo (RoleInfo.java:updateAndGet(130)) - a5a2a086-d6c9-4c8e-8312-624683563c73: start a5a2a086-d6c9-4c8e-8312-624683563c73@group-814509AA7368-FollowerState
2022-02-08 16:06:38,569 [a5a2a086-d6c9-4c8e-8312-624683563c73@group-814509AA7368-FollowerState] INFO  impl.FollowerState (FollowerState.java:run(143)) - a5a2a086-d6c9-4c8e-8312-624683563c73@group-814509AA7368-FollowerState was interrupted: {}
java.lang.InterruptedException: sleep interrupted
	at java.lang.Thread.sleep(Native Method)
	at java.lang.Thread.sleep(Thread.java:340)
	at java.util.concurrent.TimeUnit.sleep(TimeUnit.java:386)
	at org.apache.ratis.util.TimeDuration.sleep(TimeDuration.java:324)
	at org.apache.ratis.util.TimeDuration.sleep(TimeDuration.java:309)
	at org.apache.ratis.server.impl.FollowerState.run(FollowerState.java:118)
2022-02-08 16:06:38,588 [grpc-default-executor-1] INFO  server.RaftServer$Division (RaftServerImpl.java:requestVote(1046)) - e1d33aab-103b-40d3-b11e-cca6cb4bf5ea@group-814509AA7368: receive requestVote(ELECTION, bd23528b-4f24-4cbd-9fbb-986ea08237bf, group-814509AA7368, 1, (t:0, i:0))
2022-02-08 16:06:38,588 [grpc-default-executor-1] INFO  impl.VoteContext (VoteContext.java:log(48)) - e1d33aab-103b-40d3-b11e-cca6cb4bf5ea@group-814509AA7368-FOLLOWER: reject ELECTION from bd23528b-4f24-4cbd-9fbb-986ea08237bf: our priority 1 > candidate's priority 0
2022-02-08 16:06:38,588 [grpc-default-executor-1] INFO  server.RaftServer$Division (RaftServerImpl.java:setRole(290)) - e1d33aab-103b-40d3-b11e-cca6cb4bf5ea@group-814509AA7368: changes role from  FOLLOWER to FOLLOWER at term 1 for candidate:bd23528b-4f24-4cbd-9fbb-986ea08237bf
2022-02-08 16:06:38,588 [grpc-default-executor-1] INFO  impl.RoleInfo (RoleInfo.java:shutdownFollowerState(108)) - e1d33aab-103b-40d3-b11e-cca6cb4bf5ea: shutdown e1d33aab-103b-40d3-b11e-cca6cb4bf5ea@group-814509AA7368-FollowerState
2022-02-08 16:06:38,588 [e1d33aab-103b-40d3-b11e-cca6cb4bf5ea@group-814509AA7368-FollowerState] INFO  impl.FollowerState (FollowerState.java:run(143)) - e1d33aab-103b-40d3-b11e-cca6cb4bf5ea@group-814509AA7368-FollowerState was interrupted: {}
java.lang.InterruptedException: sleep interrupted
	at java.lang.Thread.sleep(Native Method)
	at java.lang.Thread.sleep(Thread.java:340)
	at java.util.concurrent.TimeUnit.sleep(TimeUnit.java:386)
	at org.apache.ratis.util.TimeDuration.sleep(TimeDuration.java:324)
	at org.apache.ratis.util.TimeDuration.sleep(TimeDuration.java:309)
	at org.apache.ratis.server.impl.FollowerState.run(FollowerState.java:118)
2022-02-08 16:06:38,585 [grpc-default-executor-0] INFO  server.RaftServer$Division (RaftServerImpl.java:requestVote(1078)) - a5a2a086-d6c9-4c8e-8312-624683563c73@group-814509AA7368 replies to ELECTION vote request: bd23528b-4f24-4cbd-9fbb-986ea08237bf<-a5a2a086-d6c9-4c8e-8312-624683563c73#0:OK-t1. Peer's state: a5a2a086-d6c9-4c8e-8312-624683563c73@group-814509AA7368:t1, leader=null, voted=bd23528b-4f24-4cbd-9fbb-986ea08237bf, raftlog=a5a2a086-d6c9-4c8e-8312-624683563c73@group-814509AA7368-SegmentedRaftLog:OPENED:c-1, conf=-1: [a5a2a086-d6c9-4c8e-8312-624683563c73|rpc:127.0.0.1:46253|dataStream:|priority:0, e1d33aab-103b-40d3-b11e-cca6cb4bf5ea|rpc:127.0.0.1:37863|dataStream:|priority:1, bd23528b-4f24-4cbd-9fbb-986ea08237bf|rpc:127.0.0.1:42777|dataStream:|priority:0], old=null
2022-02-08 16:06:38,588 [grpc-default-executor-1] INFO  impl.RoleInfo (RoleInfo.java:updateAndGet(130)) - e1d33aab-103b-40d3-b11e-cca6cb4bf5ea: start e1d33aab-103b-40d3-b11e-cca6cb4bf5ea@group-814509AA7368-FollowerState
2022-02-08 16:06:38,600 [grpc-default-executor-1] INFO  server.RaftServer$Division (RaftServerImpl.java:requestVote(1078)) - e1d33aab-103b-40d3-b11e-cca6cb4bf5ea@group-814509AA7368 replies to ELECTION vote request: bd23528b-4f24-4cbd-9fbb-986ea08237bf<-e1d33aab-103b-40d3-b11e-cca6cb4bf5ea#0:FAIL-t1. Peer's state: e1d33aab-103b-40d3-b11e-cca6cb4bf5ea@group-814509AA7368:t1, leader=null, voted=null, raftlog=e1d33aab-103b-40d3-b11e-cca6cb4bf5ea@group-814509AA7368-SegmentedRaftLog:OPENED:c-1, conf=-1: [a5a2a086-d6c9-4c8e-8312-624683563c73|rpc:127.0.0.1:46253|dataStream:|priority:0, e1d33aab-103b-40d3-b11e-cca6cb4bf5ea|rpc:127.0.0.1:37863|dataStream:|priority:1, bd23528b-4f24-4cbd-9fbb-986ea08237bf|rpc:127.0.0.1:42777|dataStream:|priority:0], old=null
2022-02-08 16:06:38,601 [bd23528b-4f24-4cbd-9fbb-986ea08237bf@group-814509AA7368-LeaderElection19] INFO  impl.LeaderElection (LeaderElection.java:logAndReturn(89)) - bd23528b-4f24-4cbd-9fbb-986ea08237bf@group-814509AA7368-LeaderElection19: ELECTION REJECTED received 2 response(s) and 0 exception(s):
2022-02-08 16:06:38,602 [bd23528b-4f24-4cbd-9fbb-986ea08237bf@group-814509AA7368-LeaderElection19] INFO  impl.LeaderElection (LeaderElection.java:logAndReturn(93)) -   Response 0: bd23528b-4f24-4cbd-9fbb-986ea08237bf<-a5a2a086-d6c9-4c8e-8312-624683563c73#0:OK-t1
2022-02-08 16:06:38,602 [bd23528b-4f24-4cbd-9fbb-986ea08237bf@group-814509AA7368-LeaderElection19] INFO  impl.LeaderElection (LeaderElection.java:logAndReturn(93)) -   Response 1: bd23528b-4f24-4cbd-9fbb-986ea08237bf<-e1d33aab-103b-40d3-b11e-cca6cb4bf5ea#0:FAIL-t1
2022-02-08 16:06:38,602 [bd23528b-4f24-4cbd-9fbb-986ea08237bf@group-814509AA7368-LeaderElection19] INFO  impl.LeaderElection (LeaderElection.java:askForVotes(308)) - bd23528b-4f24-4cbd-9fbb-986ea08237bf@group-814509AA7368-LeaderElection19 ELECTION round 0: result REJECTED
2022-02-08 16:06:38,602 [bd23528b-4f24-4cbd-9fbb-986ea08237bf@group-814509AA7368-LeaderElection19] INFO  server.RaftServer$Division (RaftServerImpl.java:setRole(290)) - bd23528b-4f24-4cbd-9fbb-986ea08237bf@group-814509AA7368: changes role from CANDIDATE to FOLLOWER at term 1 for REJECTED
2022-02-08 16:06:38,602 [bd23528b-4f24-4cbd-9fbb-986ea08237bf@group-814509AA7368-LeaderElection19] INFO  impl.RoleInfo (RoleInfo.java:shutdownLeaderElection(121)) - bd23528b-4f24-4cbd-9fbb-986ea08237bf: shutdown bd23528b-4f24-4cbd-9fbb-986ea08237bf@group-814509AA7368-LeaderElection19
2022-02-08 16:06:38,602 [bd23528b-4f24-4cbd-9fbb-986ea08237bf@group-814509AA7368-LeaderElection19] INFO  impl.RoleInfo (RoleInfo.java:updateAndGet(130)) - bd23528b-4f24-4cbd-9fbb-986ea08237bf: start bd23528b-4f24-4cbd-9fbb-986ea08237bf@group-814509AA7368-FollowerState
2022-02-08 16:06:38,606 [Datanode State Machine Daemon Thread] ERROR datanode.RunningDatanodeState (RunningDatanodeState.java:computeNextContainerState(199)) - Error in executing end point task.
java.util.concurrent.ExecutionException: java.util.concurrent.TimeoutException
	at java.util.concurrent.FutureTask.report(FutureTask.java:122)
	at java.util.concurrent.FutureTask.get(FutureTask.java:192)
	at org.apache.hadoop.ozone.container.common.states.datanode.RunningDatanodeState.computeNextContainerState(RunningDatanodeState.java:191)
	at org.apache.hadoop.ozone.container.common.states.datanode.RunningDatanodeState.await(RunningDatanodeState.java:231)
	at org.apache.hadoop.ozone.container.common.states.datanode.RunningDatanodeState.await(RunningDatanodeState.java:50)
	at org.apache.hadoop.ozone.container.common.statemachine.StateContext.execute(StateContext.java:633)
	at org.apache.hadoop.ozone.container.common.statemachine.DatanodeStateMachine.start(DatanodeStateMachine.java:283)
	at org.apache.hadoop.ozone.container.common.statemachine.DatanodeStateMachine.lambda$startDaemon$0(DatanodeStateMachine.java:471)
	at java.lang.Thread.run(Thread.java:748)
Caused by: java.util.concurrent.TimeoutException
	at java.util.concurrent.FutureTask.get(FutureTask.java:205)
	at org.apache.hadoop.ozone.container.common.states.datanode.RunningDatanodeState.lambda$execute$0(RunningDatanodeState.java:149)
	at java.util.concurrent.FutureTask.run(FutureTask.java:266)
	at java.util.concurrent.Executors$RunnableAdapter.call(Executors.java:511)
	at java.util.concurrent.FutureTask.run(FutureTask.java:266)
	at java.util.concurrent.ThreadPoolExecutor.runWorker(ThreadPoolExecutor.java:1149)
	at java.util.concurrent.ThreadPoolExecutor$Worker.run(ThreadPoolExecutor.java:624)
	... 1 more
2022-02-08 16:06:38,805 [a5a2a086-d6c9-4c8e-8312-624683563c73@group-BF7B0C1F8AAF-FollowerState] INFO  impl.FollowerState (FollowerState.java:run(134)) - a5a2a086-d6c9-4c8e-8312-624683563c73@group-BF7B0C1F8AAF-FollowerState: change to CANDIDATE, lastRpcElapsedTime:5179624277ns, electionTimeout:5174ms
2022-02-08 16:06:38,806 [a5a2a086-d6c9-4c8e-8312-624683563c73@group-BF7B0C1F8AAF-FollowerState] INFO  impl.RoleInfo (RoleInfo.java:shutdownFollowerState(108)) - a5a2a086-d6c9-4c8e-8312-624683563c73: shutdown a5a2a086-d6c9-4c8e-8312-624683563c73@group-BF7B0C1F8AAF-FollowerState
2022-02-08 16:06:38,806 [a5a2a086-d6c9-4c8e-8312-624683563c73@group-BF7B0C1F8AAF-FollowerState] INFO  server.RaftServer$Division (RaftServerImpl.java:setRole(290)) - a5a2a086-d6c9-4c8e-8312-624683563c73@group-BF7B0C1F8AAF: changes role from  FOLLOWER to CANDIDATE at term 0 for changeToCandidate
2022-02-08 16:06:38,808 [a5a2a086-d6c9-4c8e-8312-624683563c73@group-BF7B0C1F8AAF-FollowerState] INFO  server.RaftServerConfigKeys (ConfUtils.java:logGet(44)) - raft.server.leaderelection.pre-vote = false (custom)
2022-02-08 16:06:38,808 [a5a2a086-d6c9-4c8e-8312-624683563c73@group-BF7B0C1F8AAF-FollowerState] INFO  impl.RoleInfo (RoleInfo.java:updateAndGet(130)) - a5a2a086-d6c9-4c8e-8312-624683563c73: start a5a2a086-d6c9-4c8e-8312-624683563c73@group-BF7B0C1F8AAF-LeaderElection20
2022-02-08 16:06:38,824 [a5a2a086-d6c9-4c8e-8312-624683563c73@group-BF7B0C1F8AAF-LeaderElection20] INFO  impl.LeaderElection (LeaderElection.java:askForVotes(306)) - a5a2a086-d6c9-4c8e-8312-624683563c73@group-BF7B0C1F8AAF-LeaderElection20 ELECTION round 0: submit vote requests at term 1 for -1: [a5a2a086-d6c9-4c8e-8312-624683563c73|rpc:127.0.0.1:46253|priority:1], old=null
2022-02-08 16:06:38,824 [a5a2a086-d6c9-4c8e-8312-624683563c73@group-BF7B0C1F8AAF-LeaderElection20] INFO  impl.LeaderElection (LeaderElection.java:askForVotes(308)) - a5a2a086-d6c9-4c8e-8312-624683563c73@group-BF7B0C1F8AAF-LeaderElection20 ELECTION round 0: result PASSED (term=1)
2022-02-08 16:06:38,824 [a5a2a086-d6c9-4c8e-8312-624683563c73@group-BF7B0C1F8AAF-LeaderElection20] INFO  impl.RoleInfo (RoleInfo.java:shutdownLeaderElection(121)) - a5a2a086-d6c9-4c8e-8312-624683563c73: shutdown a5a2a086-d6c9-4c8e-8312-624683563c73@group-BF7B0C1F8AAF-LeaderElection20
2022-02-08 16:06:38,825 [a5a2a086-d6c9-4c8e-8312-624683563c73@group-BF7B0C1F8AAF-LeaderElection20] INFO  server.RaftServer$Division (RaftServerImpl.java:setRole(290)) - a5a2a086-d6c9-4c8e-8312-624683563c73@group-BF7B0C1F8AAF: changes role from CANDIDATE to LEADER at term 1 for changeToLeader
2022-02-08 16:06:38,825 [a5a2a086-d6c9-4c8e-8312-624683563c73@group-BF7B0C1F8AAF-LeaderElection20] INFO  ratis.XceiverServerRatis (XceiverServerRatis.java:handleLeaderChangedNotification(866)) - Leader change notification received for group: group-BF7B0C1F8AAF with new leaderId: a5a2a086-d6c9-4c8e-8312-624683563c73
2022-02-08 16:06:38,825 [a5a2a086-d6c9-4c8e-8312-624683563c73@group-BF7B0C1F8AAF-LeaderElection20] INFO  server.RaftServer$Division (ServerState.java:setLeader(285)) - a5a2a086-d6c9-4c8e-8312-624683563c73@group-BF7B0C1F8AAF: change Leader from null to a5a2a086-d6c9-4c8e-8312-624683563c73 at term 1 for becomeLeader, leader elected after 5270ms
2022-02-08 16:06:38,825 [a5a2a086-d6c9-4c8e-8312-624683563c73@group-BF7B0C1F8AAF-LeaderElection20] INFO  server.RaftServerConfigKeys (ConfUtils.java:logGet(44)) - raft.server.staging.catchup.gap = 1000 (default)
2022-02-08 16:06:38,825 [a5a2a086-d6c9-4c8e-8312-624683563c73@group-BF7B0C1F8AAF-LeaderElection20] INFO  server.RaftServerConfigKeys (ConfUtils.java:logGet(44)) - raft.server.write.element-limit = 1024 (custom)
2022-02-08 16:06:38,826 [a5a2a086-d6c9-4c8e-8312-624683563c73@group-BF7B0C1F8AAF-LeaderElection20] INFO  server.RaftServerConfigKeys (ConfUtils.java:logGet(44)) - raft.server.write.byte-limit = 1024 M (=1073741824) (custom)
2022-02-08 16:06:38,826 [a5a2a086-d6c9-4c8e-8312-624683563c73@group-BF7B0C1F8AAF-LeaderElection20] INFO  server.RaftServerConfigKeys (ConfUtils.java:logGet(44)) - raft.server.watch.timeout = 180s (custom)
2022-02-08 16:06:38,826 [a5a2a086-d6c9-4c8e-8312-624683563c73@group-BF7B0C1F8AAF-LeaderElection20] INFO  server.RaftServerConfigKeys (ConfUtils.java:logGet(44)) - raft.server.watch.timeout.denomination = 1s (default)
2022-02-08 16:06:38,826 [a5a2a086-d6c9-4c8e-8312-624683563c73@group-BF7B0C1F8AAF-LeaderElection20] INFO  server.RaftServerConfigKeys (ConfUtils.java:logGet(44)) - raft.server.watch.element-limit = 65536 (default)
2022-02-08 16:06:38,826 [a5a2a086-d6c9-4c8e-8312-624683563c73@group-BF7B0C1F8AAF-LeaderElection20] INFO  server.RaftServerConfigKeys (ConfUtils.java:logGet(44)) - raft.server.write.element-limit = 1024 (custom)
2022-02-08 16:06:38,827 [a5a2a086-d6c9-4c8e-8312-624683563c73@group-BF7B0C1F8AAF-LeaderElection20] INFO  server.RaftServerConfigKeys (ConfUtils.java:logGet(44)) - raft.server.write.follower.gap.ratio.max = -1.0 (default)
2022-02-08 16:06:38,827 [a5a2a086-d6c9-4c8e-8312-624683563c73@group-BF7B0C1F8AAF-LeaderElection20] INFO  impl.RoleInfo (RoleInfo.java:updateAndGet(130)) - a5a2a086-d6c9-4c8e-8312-624683563c73: start a5a2a086-d6c9-4c8e-8312-624683563c73@group-BF7B0C1F8AAF-LeaderStateImpl
2022-02-08 16:06:38,828 [a5a2a086-d6c9-4c8e-8312-624683563c73@group-BF7B0C1F8AAF-LeaderElection20] INFO  segmented.SegmentedRaftLogWorker (SegmentedRaftLogWorker.java:startLogSegment(394)) - a5a2a086-d6c9-4c8e-8312-624683563c73@group-BF7B0C1F8AAF-SegmentedRaftLogWorker: Starting segment from index:0
2022-02-08 16:06:38,830 [EventQueue-OpenPipelineForHealthyPipelineSafeModeRule] INFO  safemode.SCMSafeModeManager (HealthyPipelineSafeModeRule.java:process(124)) - SCM in safe mode. Healthy pipelines reported count is 0, required healthy pipeline reported count is 1
2022-02-08 16:06:38,830 [a5a2a086-d6c9-4c8e-8312-624683563c73@group-BF7B0C1F8AAF-SegmentedRaftLogWorker] INFO  segmented.SegmentedRaftLogWorker (SegmentedRaftLogWorker.java:execute(601)) - a5a2a086-d6c9-4c8e-8312-624683563c73@group-BF7B0C1F8AAF-SegmentedRaftLogWorker: created new log segment /home/runner/work/ozone/ozone/hadoop-ozone/integration-test/target/test-dir/MiniOzoneClusterImpl-a5c83128-e0a7-4ff9-8358-8aced9f265d2/datanode-1/data/ratis/cf020e3a-4f3d-4fc9-a27b-bf7b0c1f8aaf/current/log_inprogress_0
2022-02-08 16:06:38,830 [EventQueue-OpenPipelineForHealthyPipelineSafeModeRule] INFO  safemode.SCMSafeModeManager (HealthyPipelineSafeModeRule.java:process(124)) - SCM in safe mode. Healthy pipelines reported count is 0, required healthy pipeline reported count is 1
2022-02-08 16:06:38,844 [a5a2a086-d6c9-4c8e-8312-624683563c73@group-BF7B0C1F8AAF-LeaderElection20] INFO  server.RaftServer$Division (ServerState.java:setRaftConf(387)) - a5a2a086-d6c9-4c8e-8312-624683563c73@group-BF7B0C1F8AAF: set configuration 0: [a5a2a086-d6c9-4c8e-8312-624683563c73|rpc:127.0.0.1:46253|dataStream:|priority:1], old=null
2022-02-08 16:06:38,955 [Listener at 127.0.0.1/39187] INFO  ozone.MiniOzoneClusterImpl (MiniOzoneClusterImpl.java:lambda$waitForClusterToBeReady$0(219)) - Nodes are ready. Got 3 of 3 DN Heartbeats.
2022-02-08 16:06:38,956 [Listener at 127.0.0.1/39187] INFO  ozone.MiniOzoneClusterImpl (MiniOzoneClusterImpl.java:lambda$waitForClusterToBeReady$0(222)) - Waiting for cluster to exit safe mode
2022-02-08 16:06:38,956 [Listener at 127.0.0.1/39187] INFO  ozone.MiniOzoneClusterImpl (MiniOzoneClusterImpl.java:lambda$waitForClusterToBeReady$0(224)) - SCM became leader
2022-02-08 16:06:39,073 [EndpointStateMachine task thread for /127.0.0.1:36421 - 0 ] INFO  ipc.Client (Client.java:handleConnectionFailure(977)) - Retrying connect to server: localhost/127.0.0.1:36421. Already tried 8 time(s); retry policy is RetryUpToMaximumCountWithFixedSleep(maxRetries=15, sleepTime=1000 MILLISECONDS)
2022-02-08 16:06:39,091 [EndpointStateMachine task thread for /127.0.0.1:42215 - 0 ] INFO  ipc.Client (Client.java:handleConnectionFailure(977)) - Retrying connect to server: localhost/127.0.0.1:42215. Already tried 8 time(s); retry policy is RetryUpToMaximumCountWithFixedSleep(maxRetries=15, sleepTime=1000 MILLISECONDS)
2022-02-08 16:06:39,092 [EndpointStateMachine task thread for /127.0.0.1:40425 - 0 ] INFO  ipc.Client (Client.java:handleConnectionFailure(977)) - Retrying connect to server: localhost/127.0.0.1:40425. Already tried 8 time(s); retry policy is RetryUpToMaximumCountWithFixedSleep(maxRetries=15, sleepTime=1000 MILLISECONDS)
2022-02-08 16:06:39,208 [e1d33aab-103b-40d3-b11e-cca6cb4bf5ea@group-6C9F5428A155-FollowerState] INFO  impl.FollowerState (FollowerState.java:run(134)) - e1d33aab-103b-40d3-b11e-cca6cb4bf5ea@group-6C9F5428A155-FollowerState: change to CANDIDATE, lastRpcElapsedTime:5130945598ns, electionTimeout:5125ms
2022-02-08 16:06:39,208 [e1d33aab-103b-40d3-b11e-cca6cb4bf5ea@group-6C9F5428A155-FollowerState] INFO  impl.RoleInfo (RoleInfo.java:shutdownFollowerState(108)) - e1d33aab-103b-40d3-b11e-cca6cb4bf5ea: shutdown e1d33aab-103b-40d3-b11e-cca6cb4bf5ea@group-6C9F5428A155-FollowerState
2022-02-08 16:06:39,208 [e1d33aab-103b-40d3-b11e-cca6cb4bf5ea@group-6C9F5428A155-FollowerState] INFO  server.RaftServer$Division (RaftServerImpl.java:setRole(290)) - e1d33aab-103b-40d3-b11e-cca6cb4bf5ea@group-6C9F5428A155: changes role from  FOLLOWER to CANDIDATE at term 0 for changeToCandidate
2022-02-08 16:06:39,210 [e1d33aab-103b-40d3-b11e-cca6cb4bf5ea@group-6C9F5428A155-FollowerState] INFO  server.RaftServerConfigKeys (ConfUtils.java:logGet(44)) - raft.server.leaderelection.pre-vote = false (custom)
2022-02-08 16:06:39,210 [e1d33aab-103b-40d3-b11e-cca6cb4bf5ea@group-6C9F5428A155-FollowerState] INFO  impl.RoleInfo (RoleInfo.java:updateAndGet(130)) - e1d33aab-103b-40d3-b11e-cca6cb4bf5ea: start e1d33aab-103b-40d3-b11e-cca6cb4bf5ea@group-6C9F5428A155-LeaderElection21
2022-02-08 16:06:39,227 [e1d33aab-103b-40d3-b11e-cca6cb4bf5ea@group-6C9F5428A155-LeaderElection21] INFO  impl.LeaderElection (LeaderElection.java:askForVotes(306)) - e1d33aab-103b-40d3-b11e-cca6cb4bf5ea@group-6C9F5428A155-LeaderElection21 ELECTION round 0: submit vote requests at term 1 for -1: [e1d33aab-103b-40d3-b11e-cca6cb4bf5ea|rpc:127.0.0.1:37863|priority:1], old=null
2022-02-08 16:06:39,227 [e1d33aab-103b-40d3-b11e-cca6cb4bf5ea@group-6C9F5428A155-LeaderElection21] INFO  impl.LeaderElection (LeaderElection.java:askForVotes(308)) - e1d33aab-103b-40d3-b11e-cca6cb4bf5ea@group-6C9F5428A155-LeaderElection21 ELECTION round 0: result PASSED (term=1)
2022-02-08 16:06:39,227 [e1d33aab-103b-40d3-b11e-cca6cb4bf5ea@group-6C9F5428A155-LeaderElection21] INFO  impl.RoleInfo (RoleInfo.java:shutdownLeaderElection(121)) - e1d33aab-103b-40d3-b11e-cca6cb4bf5ea: shutdown e1d33aab-103b-40d3-b11e-cca6cb4bf5ea@group-6C9F5428A155-LeaderElection21
2022-02-08 16:06:39,228 [e1d33aab-103b-40d3-b11e-cca6cb4bf5ea@group-6C9F5428A155-LeaderElection21] INFO  server.RaftServer$Division (RaftServerImpl.java:setRole(290)) - e1d33aab-103b-40d3-b11e-cca6cb4bf5ea@group-6C9F5428A155: changes role from CANDIDATE to LEADER at term 1 for changeToLeader
2022-02-08 16:06:39,228 [e1d33aab-103b-40d3-b11e-cca6cb4bf5ea@group-6C9F5428A155-LeaderElection21] INFO  ratis.XceiverServerRatis (XceiverServerRatis.java:handleLeaderChangedNotification(866)) - Leader change notification received for group: group-6C9F5428A155 with new leaderId: e1d33aab-103b-40d3-b11e-cca6cb4bf5ea
2022-02-08 16:06:39,228 [e1d33aab-103b-40d3-b11e-cca6cb4bf5ea@group-6C9F5428A155-LeaderElection21] INFO  server.RaftServer$Division (ServerState.java:setLeader(285)) - e1d33aab-103b-40d3-b11e-cca6cb4bf5ea@group-6C9F5428A155: change Leader from null to e1d33aab-103b-40d3-b11e-cca6cb4bf5ea at term 1 for becomeLeader, leader elected after 5172ms
2022-02-08 16:06:39,228 [e1d33aab-103b-40d3-b11e-cca6cb4bf5ea@group-6C9F5428A155-LeaderElection21] INFO  server.RaftServerConfigKeys (ConfUtils.java:logGet(44)) - raft.server.staging.catchup.gap = 1000 (default)
2022-02-08 16:06:39,228 [e1d33aab-103b-40d3-b11e-cca6cb4bf5ea@group-6C9F5428A155-LeaderElection21] INFO  server.RaftServerConfigKeys (ConfUtils.java:logGet(44)) - raft.server.write.element-limit = 1024 (custom)
2022-02-08 16:06:39,233 [EventQueue-OpenPipelineForHealthyPipelineSafeModeRule] INFO  safemode.SCMSafeModeManager (HealthyPipelineSafeModeRule.java:process(124)) - SCM in safe mode. Healthy pipelines reported count is 0, required healthy pipeline reported count is 1
2022-02-08 16:06:39,233 [EventQueue-OpenPipelineForHealthyPipelineSafeModeRule] INFO  safemode.SCMSafeModeManager (HealthyPipelineSafeModeRule.java:process(124)) - SCM in safe mode. Healthy pipelines reported count is 0, required healthy pipeline reported count is 1
2022-02-08 16:06:39,236 [e1d33aab-103b-40d3-b11e-cca6cb4bf5ea@group-6C9F5428A155-LeaderElection21] INFO  server.RaftServerConfigKeys (ConfUtils.java:logGet(44)) - raft.server.write.byte-limit = 1024 M (=1073741824) (custom)
2022-02-08 16:06:39,236 [e1d33aab-103b-40d3-b11e-cca6cb4bf5ea@group-6C9F5428A155-LeaderElection21] INFO  server.RaftServerConfigKeys (ConfUtils.java:logGet(44)) - raft.server.watch.timeout = 180s (custom)
2022-02-08 16:06:39,236 [e1d33aab-103b-40d3-b11e-cca6cb4bf5ea@group-6C9F5428A155-LeaderElection21] INFO  server.RaftServerConfigKeys (ConfUtils.java:logGet(44)) - raft.server.watch.timeout.denomination = 1s (default)
2022-02-08 16:06:39,236 [e1d33aab-103b-40d3-b11e-cca6cb4bf5ea@group-6C9F5428A155-LeaderElection21] INFO  server.RaftServerConfigKeys (ConfUtils.java:logGet(44)) - raft.server.watch.element-limit = 65536 (default)
2022-02-08 16:06:39,236 [e1d33aab-103b-40d3-b11e-cca6cb4bf5ea@group-6C9F5428A155-LeaderElection21] INFO  server.RaftServerConfigKeys (ConfUtils.java:logGet(44)) - raft.server.write.element-limit = 1024 (custom)
2022-02-08 16:06:39,236 [e1d33aab-103b-40d3-b11e-cca6cb4bf5ea@group-6C9F5428A155-LeaderElection21] INFO  server.RaftServerConfigKeys (ConfUtils.java:logGet(44)) - raft.server.write.follower.gap.ratio.max = -1.0 (default)
2022-02-08 16:06:39,236 [e1d33aab-103b-40d3-b11e-cca6cb4bf5ea@group-6C9F5428A155-LeaderElection21] INFO  impl.RoleInfo (RoleInfo.java:updateAndGet(130)) - e1d33aab-103b-40d3-b11e-cca6cb4bf5ea: start e1d33aab-103b-40d3-b11e-cca6cb4bf5ea@group-6C9F5428A155-LeaderStateImpl
2022-02-08 16:06:39,237 [e1d33aab-103b-40d3-b11e-cca6cb4bf5ea@group-6C9F5428A155-LeaderElection21] INFO  segmented.SegmentedRaftLogWorker (SegmentedRaftLogWorker.java:startLogSegment(394)) - e1d33aab-103b-40d3-b11e-cca6cb4bf5ea@group-6C9F5428A155-SegmentedRaftLogWorker: Starting segment from index:0
2022-02-08 16:06:39,238 [e1d33aab-103b-40d3-b11e-cca6cb4bf5ea@group-6C9F5428A155-SegmentedRaftLogWorker] INFO  segmented.SegmentedRaftLogWorker (SegmentedRaftLogWorker.java:execute(601)) - e1d33aab-103b-40d3-b11e-cca6cb4bf5ea@group-6C9F5428A155-SegmentedRaftLogWorker: created new log segment /home/runner/work/ozone/ozone/hadoop-ozone/integration-test/target/test-dir/MiniOzoneClusterImpl-a5c83128-e0a7-4ff9-8358-8aced9f265d2/datanode-2/data/ratis/12825c7f-6e69-4e3c-b105-6c9f5428a155/current/log_inprogress_0
2022-02-08 16:06:39,261 [e1d33aab-103b-40d3-b11e-cca6cb4bf5ea@group-6C9F5428A155-LeaderElection21] INFO  server.RaftServer$Division (ServerState.java:setRaftConf(387)) - e1d33aab-103b-40d3-b11e-cca6cb4bf5ea@group-6C9F5428A155: set configuration 0: [e1d33aab-103b-40d3-b11e-cca6cb4bf5ea|rpc:127.0.0.1:37863|dataStream:|priority:1], old=null
2022-02-08 16:06:39,825 [Datanode State Machine Daemon Thread] ERROR datanode.RunningDatanodeState (RunningDatanodeState.java:computeNextContainerState(199)) - Error in executing end point task.
java.util.concurrent.ExecutionException: java.util.concurrent.TimeoutException
	at java.util.concurrent.FutureTask.report(FutureTask.java:122)
	at java.util.concurrent.FutureTask.get(FutureTask.java:192)
	at org.apache.hadoop.ozone.container.common.states.datanode.RunningDatanodeState.computeNextContainerState(RunningDatanodeState.java:191)
	at org.apache.hadoop.ozone.container.common.states.datanode.RunningDatanodeState.await(RunningDatanodeState.java:231)
	at org.apache.hadoop.ozone.container.common.states.datanode.RunningDatanodeState.await(RunningDatanodeState.java:50)
	at org.apache.hadoop.ozone.container.common.statemachine.StateContext.execute(StateContext.java:633)
	at org.apache.hadoop.ozone.container.common.statemachine.DatanodeStateMachine.start(DatanodeStateMachine.java:283)
	at org.apache.hadoop.ozone.container.common.statemachine.DatanodeStateMachine.lambda$startDaemon$0(DatanodeStateMachine.java:471)
	at java.lang.Thread.run(Thread.java:748)
Caused by: java.util.concurrent.TimeoutException
	at java.util.concurrent.FutureTask.get(FutureTask.java:205)
	at org.apache.hadoop.ozone.container.common.states.datanode.RunningDatanodeState.lambda$execute$0(RunningDatanodeState.java:149)
	at java.util.concurrent.FutureTask.run(FutureTask.java:266)
	at java.util.concurrent.Executors$RunnableAdapter.call(Executors.java:511)
	at java.util.concurrent.FutureTask.run(FutureTask.java:266)
	at java.util.concurrent.ThreadPoolExecutor.runWorker(ThreadPoolExecutor.java:1149)
	at java.util.concurrent.ThreadPoolExecutor$Worker.run(ThreadPoolExecutor.java:624)
	... 1 more
2022-02-08 16:06:39,956 [Listener at 127.0.0.1/39187] INFO  ozone.MiniOzoneClusterImpl (MiniOzoneClusterImpl.java:lambda$waitForClusterToBeReady$0(219)) - Nodes are ready. Got 3 of 3 DN Heartbeats.
2022-02-08 16:06:39,956 [Listener at 127.0.0.1/39187] INFO  ozone.MiniOzoneClusterImpl (MiniOzoneClusterImpl.java:lambda$waitForClusterToBeReady$0(222)) - Waiting for cluster to exit safe mode
2022-02-08 16:06:39,956 [Listener at 127.0.0.1/39187] INFO  ozone.MiniOzoneClusterImpl (MiniOzoneClusterImpl.java:lambda$waitForClusterToBeReady$0(224)) - SCM became leader
2022-02-08 16:06:40,073 [EndpointStateMachine task thread for /127.0.0.1:36421 - 0 ] INFO  ipc.Client (Client.java:handleConnectionFailure(977)) - Retrying connect to server: localhost/127.0.0.1:36421. Already tried 9 time(s); retry policy is RetryUpToMaximumCountWithFixedSleep(maxRetries=15, sleepTime=1000 MILLISECONDS)
2022-02-08 16:06:40,092 [EndpointStateMachine task thread for /127.0.0.1:42215 - 0 ] INFO  ipc.Client (Client.java:handleConnectionFailure(977)) - Retrying connect to server: localhost/127.0.0.1:42215. Already tried 9 time(s); retry policy is RetryUpToMaximumCountWithFixedSleep(maxRetries=15, sleepTime=1000 MILLISECONDS)
2022-02-08 16:06:40,093 [EndpointStateMachine task thread for /127.0.0.1:40425 - 0 ] INFO  ipc.Client (Client.java:handleConnectionFailure(977)) - Retrying connect to server: localhost/127.0.0.1:40425. Already tried 9 time(s); retry policy is RetryUpToMaximumCountWithFixedSleep(maxRetries=15, sleepTime=1000 MILLISECONDS)
2022-02-08 16:06:40,829 [Datanode State Machine Daemon Thread] ERROR datanode.RunningDatanodeState (RunningDatanodeState.java:computeNextContainerState(199)) - Error in executing end point task.
java.util.concurrent.ExecutionException: java.util.concurrent.TimeoutException
	at java.util.concurrent.FutureTask.report(FutureTask.java:122)
	at java.util.concurrent.FutureTask.get(FutureTask.java:192)
	at org.apache.hadoop.ozone.container.common.states.datanode.RunningDatanodeState.computeNextContainerState(RunningDatanodeState.java:191)
	at org.apache.hadoop.ozone.container.common.states.datanode.RunningDatanodeState.await(RunningDatanodeState.java:231)
	at org.apache.hadoop.ozone.container.common.states.datanode.RunningDatanodeState.await(RunningDatanodeState.java:50)
	at org.apache.hadoop.ozone.container.common.statemachine.StateContext.execute(StateContext.java:633)
	at org.apache.hadoop.ozone.container.common.statemachine.DatanodeStateMachine.start(DatanodeStateMachine.java:283)
	at org.apache.hadoop.ozone.container.common.statemachine.DatanodeStateMachine.lambda$startDaemon$0(DatanodeStateMachine.java:471)
	at java.lang.Thread.run(Thread.java:748)
Caused by: java.util.concurrent.TimeoutException
	at java.util.concurrent.FutureTask.get(FutureTask.java:205)
	at org.apache.hadoop.ozone.container.common.states.datanode.RunningDatanodeState.lambda$execute$0(RunningDatanodeState.java:149)
	at java.util.concurrent.FutureTask.run(FutureTask.java:266)
	at java.util.concurrent.Executors$RunnableAdapter.call(Executors.java:511)
	at java.util.concurrent.FutureTask.run(FutureTask.java:266)
	at java.util.concurrent.ThreadPoolExecutor.runWorker(ThreadPoolExecutor.java:1149)
	at java.util.concurrent.ThreadPoolExecutor$Worker.run(ThreadPoolExecutor.java:624)
	... 1 more
2022-02-08 16:06:40,957 [Listener at 127.0.0.1/39187] INFO  ozone.MiniOzoneClusterImpl (MiniOzoneClusterImpl.java:lambda$waitForClusterToBeReady$0(219)) - Nodes are ready. Got 3 of 3 DN Heartbeats.
2022-02-08 16:06:40,957 [Listener at 127.0.0.1/39187] INFO  ozone.MiniOzoneClusterImpl (MiniOzoneClusterImpl.java:lambda$waitForClusterToBeReady$0(222)) - Waiting for cluster to exit safe mode
2022-02-08 16:06:40,957 [Listener at 127.0.0.1/39187] INFO  ozone.MiniOzoneClusterImpl (MiniOzoneClusterImpl.java:lambda$waitForClusterToBeReady$0(224)) - SCM became leader
2022-02-08 16:06:41,074 [EndpointStateMachine task thread for /127.0.0.1:36421 - 0 ] INFO  ipc.Client (Client.java:handleConnectionFailure(977)) - Retrying connect to server: localhost/127.0.0.1:36421. Already tried 10 time(s); retry policy is RetryUpToMaximumCountWithFixedSleep(maxRetries=15, sleepTime=1000 MILLISECONDS)
2022-02-08 16:06:41,093 [EndpointStateMachine task thread for /127.0.0.1:42215 - 0 ] INFO  ipc.Client (Client.java:handleConnectionFailure(977)) - Retrying connect to server: localhost/127.0.0.1:42215. Already tried 10 time(s); retry policy is RetryUpToMaximumCountWithFixedSleep(maxRetries=15, sleepTime=1000 MILLISECONDS)
2022-02-08 16:06:41,093 [EndpointStateMachine task thread for /127.0.0.1:40425 - 0 ] INFO  ipc.Client (Client.java:handleConnectionFailure(977)) - Retrying connect to server: localhost/127.0.0.1:40425. Already tried 10 time(s); retry policy is RetryUpToMaximumCountWithFixedSleep(maxRetries=15, sleepTime=1000 MILLISECONDS)
2022-02-08 16:06:41,229 [Datanode State Machine Daemon Thread] ERROR datanode.RunningDatanodeState (RunningDatanodeState.java:computeNextContainerState(199)) - Error in executing end point task.
java.util.concurrent.ExecutionException: java.util.concurrent.TimeoutException
	at java.util.concurrent.FutureTask.report(FutureTask.java:122)
	at java.util.concurrent.FutureTask.get(FutureTask.java:192)
	at org.apache.hadoop.ozone.container.common.states.datanode.RunningDatanodeState.computeNextContainerState(RunningDatanodeState.java:191)
	at org.apache.hadoop.ozone.container.common.states.datanode.RunningDatanodeState.await(RunningDatanodeState.java:231)
	at org.apache.hadoop.ozone.container.common.states.datanode.RunningDatanodeState.await(RunningDatanodeState.java:50)
	at org.apache.hadoop.ozone.container.common.statemachine.StateContext.execute(StateContext.java:633)
	at org.apache.hadoop.ozone.container.common.statemachine.DatanodeStateMachine.start(DatanodeStateMachine.java:283)
	at org.apache.hadoop.ozone.container.common.statemachine.DatanodeStateMachine.lambda$startDaemon$0(DatanodeStateMachine.java:471)
	at java.lang.Thread.run(Thread.java:748)
Caused by: java.util.concurrent.TimeoutException
	at java.util.concurrent.FutureTask.get(FutureTask.java:205)
	at org.apache.hadoop.ozone.container.common.states.datanode.RunningDatanodeState.lambda$execute$0(RunningDatanodeState.java:149)
	at java.util.concurrent.FutureTask.run(FutureTask.java:266)
	at java.util.concurrent.Executors$RunnableAdapter.call(Executors.java:511)
	at java.util.concurrent.FutureTask.run(FutureTask.java:266)
	at java.util.concurrent.ThreadPoolExecutor.runWorker(ThreadPoolExecutor.java:1149)
	at java.util.concurrent.ThreadPoolExecutor$Worker.run(ThreadPoolExecutor.java:624)
	... 1 more
2022-02-08 16:06:41,957 [Listener at 127.0.0.1/39187] INFO  ozone.MiniOzoneClusterImpl (MiniOzoneClusterImpl.java:lambda$waitForClusterToBeReady$0(219)) - Nodes are ready. Got 3 of 3 DN Heartbeats.
2022-02-08 16:06:41,958 [Listener at 127.0.0.1/39187] INFO  ozone.MiniOzoneClusterImpl (MiniOzoneClusterImpl.java:lambda$waitForClusterToBeReady$0(222)) - Waiting for cluster to exit safe mode
2022-02-08 16:06:41,958 [Listener at 127.0.0.1/39187] INFO  ozone.MiniOzoneClusterImpl (MiniOzoneClusterImpl.java:lambda$waitForClusterToBeReady$0(224)) - SCM became leader
2022-02-08 16:06:42,074 [EndpointStateMachine task thread for /127.0.0.1:36421 - 0 ] INFO  ipc.Client (Client.java:handleConnectionFailure(977)) - Retrying connect to server: localhost/127.0.0.1:36421. Already tried 11 time(s); retry policy is RetryUpToMaximumCountWithFixedSleep(maxRetries=15, sleepTime=1000 MILLISECONDS)
2022-02-08 16:06:42,093 [EndpointStateMachine task thread for /127.0.0.1:42215 - 0 ] INFO  ipc.Client (Client.java:handleConnectionFailure(977)) - Retrying connect to server: localhost/127.0.0.1:42215. Already tried 11 time(s); retry policy is RetryUpToMaximumCountWithFixedSleep(maxRetries=15, sleepTime=1000 MILLISECONDS)
2022-02-08 16:06:42,094 [EndpointStateMachine task thread for /127.0.0.1:40425 - 0 ] INFO  ipc.Client (Client.java:handleConnectionFailure(977)) - Retrying connect to server: localhost/127.0.0.1:40425. Already tried 11 time(s); retry policy is RetryUpToMaximumCountWithFixedSleep(maxRetries=15, sleepTime=1000 MILLISECONDS)
2022-02-08 16:06:42,830 [Datanode State Machine Daemon Thread] ERROR datanode.RunningDatanodeState (RunningDatanodeState.java:computeNextContainerState(199)) - Error in executing end point task.
java.util.concurrent.ExecutionException: java.util.concurrent.TimeoutException
	at java.util.concurrent.FutureTask.report(FutureTask.java:122)
	at java.util.concurrent.FutureTask.get(FutureTask.java:192)
	at org.apache.hadoop.ozone.container.common.states.datanode.RunningDatanodeState.computeNextContainerState(RunningDatanodeState.java:191)
	at org.apache.hadoop.ozone.container.common.states.datanode.RunningDatanodeState.await(RunningDatanodeState.java:231)
	at org.apache.hadoop.ozone.container.common.states.datanode.RunningDatanodeState.await(RunningDatanodeState.java:50)
	at org.apache.hadoop.ozone.container.common.statemachine.StateContext.execute(StateContext.java:633)
	at org.apache.hadoop.ozone.container.common.statemachine.DatanodeStateMachine.start(DatanodeStateMachine.java:283)
	at org.apache.hadoop.ozone.container.common.statemachine.DatanodeStateMachine.lambda$startDaemon$0(DatanodeStateMachine.java:471)
	at java.lang.Thread.run(Thread.java:748)
Caused by: java.util.concurrent.TimeoutException
	at java.util.concurrent.FutureTask.get(FutureTask.java:205)
	at org.apache.hadoop.ozone.container.common.states.datanode.RunningDatanodeState.lambda$execute$0(RunningDatanodeState.java:149)
	at java.util.concurrent.FutureTask.run(FutureTask.java:266)
	at java.util.concurrent.Executors$RunnableAdapter.call(Executors.java:511)
	at java.util.concurrent.FutureTask.run(FutureTask.java:266)
	at java.util.concurrent.ThreadPoolExecutor.runWorker(ThreadPoolExecutor.java:1149)
	at java.util.concurrent.ThreadPoolExecutor$Worker.run(ThreadPoolExecutor.java:624)
	... 1 more
2022-02-08 16:06:42,958 [Listener at 127.0.0.1/39187] INFO  ozone.MiniOzoneClusterImpl (MiniOzoneClusterImpl.java:lambda$waitForClusterToBeReady$0(219)) - Nodes are ready. Got 3 of 3 DN Heartbeats.
2022-02-08 16:06:42,958 [Listener at 127.0.0.1/39187] INFO  ozone.MiniOzoneClusterImpl (MiniOzoneClusterImpl.java:lambda$waitForClusterToBeReady$0(222)) - Waiting for cluster to exit safe mode
2022-02-08 16:06:42,958 [Listener at 127.0.0.1/39187] INFO  ozone.MiniOzoneClusterImpl (MiniOzoneClusterImpl.java:lambda$waitForClusterToBeReady$0(224)) - SCM became leader
2022-02-08 16:06:43,075 [EndpointStateMachine task thread for /127.0.0.1:36421 - 0 ] INFO  ipc.Client (Client.java:handleConnectionFailure(977)) - Retrying connect to server: localhost/127.0.0.1:36421. Already tried 12 time(s); retry policy is RetryUpToMaximumCountWithFixedSleep(maxRetries=15, sleepTime=1000 MILLISECONDS)
2022-02-08 16:06:43,094 [EndpointStateMachine task thread for /127.0.0.1:42215 - 0 ] INFO  ipc.Client (Client.java:handleConnectionFailure(977)) - Retrying connect to server: localhost/127.0.0.1:42215. Already tried 12 time(s); retry policy is RetryUpToMaximumCountWithFixedSleep(maxRetries=15, sleepTime=1000 MILLISECONDS)
2022-02-08 16:06:43,094 [EndpointStateMachine task thread for /127.0.0.1:40425 - 0 ] INFO  ipc.Client (Client.java:handleConnectionFailure(977)) - Retrying connect to server: localhost/127.0.0.1:40425. Already tried 12 time(s); retry policy is RetryUpToMaximumCountWithFixedSleep(maxRetries=15, sleepTime=1000 MILLISECONDS)
2022-02-08 16:06:43,494 [a5a2a086-d6c9-4c8e-8312-624683563c73@group-EF770CC483A9-FollowerState] INFO  impl.FollowerState (FollowerState.java:run(134)) - a5a2a086-d6c9-4c8e-8312-624683563c73@group-EF770CC483A9-FollowerState: change to CANDIDATE, lastRpcElapsedTime:5058454293ns, electionTimeout:5042ms
2022-02-08 16:06:43,494 [a5a2a086-d6c9-4c8e-8312-624683563c73@group-EF770CC483A9-FollowerState] INFO  impl.RoleInfo (RoleInfo.java:shutdownFollowerState(108)) - a5a2a086-d6c9-4c8e-8312-624683563c73: shutdown a5a2a086-d6c9-4c8e-8312-624683563c73@group-EF770CC483A9-FollowerState
2022-02-08 16:06:43,494 [a5a2a086-d6c9-4c8e-8312-624683563c73@group-EF770CC483A9-FollowerState] INFO  server.RaftServer$Division (RaftServerImpl.java:setRole(290)) - a5a2a086-d6c9-4c8e-8312-624683563c73@group-EF770CC483A9: changes role from  FOLLOWER to CANDIDATE at term 1 for changeToCandidate
2022-02-08 16:06:43,494 [a5a2a086-d6c9-4c8e-8312-624683563c73@group-EF770CC483A9-FollowerState] INFO  server.RaftServerConfigKeys (ConfUtils.java:logGet(44)) - raft.server.leaderelection.pre-vote = false (custom)
2022-02-08 16:06:43,494 [a5a2a086-d6c9-4c8e-8312-624683563c73@group-EF770CC483A9-FollowerState] INFO  impl.RoleInfo (RoleInfo.java:updateAndGet(130)) - a5a2a086-d6c9-4c8e-8312-624683563c73: start a5a2a086-d6c9-4c8e-8312-624683563c73@group-EF770CC483A9-LeaderElection22
2022-02-08 16:06:43,508 [a5a2a086-d6c9-4c8e-8312-624683563c73@group-EF770CC483A9-LeaderElection22] INFO  impl.LeaderElection (LeaderElection.java:askForVotes(306)) - a5a2a086-d6c9-4c8e-8312-624683563c73@group-EF770CC483A9-LeaderElection22 ELECTION round 0: submit vote requests at term 2 for -1: [a5a2a086-d6c9-4c8e-8312-624683563c73|rpc:127.0.0.1:46253|dataStream:|priority:1, e1d33aab-103b-40d3-b11e-cca6cb4bf5ea|rpc:127.0.0.1:37863|dataStream:|priority:0, bd23528b-4f24-4cbd-9fbb-986ea08237bf|rpc:127.0.0.1:42777|dataStream:|priority:0], old=null
2022-02-08 16:06:43,524 [bd23528b-4f24-4cbd-9fbb-986ea08237bf@group-EF770CC483A9-FollowerState] INFO  impl.FollowerState (FollowerState.java:run(134)) - bd23528b-4f24-4cbd-9fbb-986ea08237bf@group-EF770CC483A9-FollowerState: change to CANDIDATE, lastRpcElapsedTime:5069854059ns, electionTimeout:5053ms
2022-02-08 16:06:43,524 [bd23528b-4f24-4cbd-9fbb-986ea08237bf@group-EF770CC483A9-FollowerState] INFO  impl.RoleInfo (RoleInfo.java:shutdownFollowerState(108)) - bd23528b-4f24-4cbd-9fbb-986ea08237bf: shutdown bd23528b-4f24-4cbd-9fbb-986ea08237bf@group-EF770CC483A9-FollowerState
2022-02-08 16:06:43,524 [bd23528b-4f24-4cbd-9fbb-986ea08237bf@group-EF770CC483A9-FollowerState] INFO  server.RaftServer$Division (RaftServerImpl.java:setRole(290)) - bd23528b-4f24-4cbd-9fbb-986ea08237bf@group-EF770CC483A9: changes role from  FOLLOWER to CANDIDATE at term 1 for changeToCandidate
2022-02-08 16:06:43,524 [bd23528b-4f24-4cbd-9fbb-986ea08237bf@group-EF770CC483A9-FollowerState] INFO  server.RaftServerConfigKeys (ConfUtils.java:logGet(44)) - raft.server.leaderelection.pre-vote = false (custom)
2022-02-08 16:06:43,524 [bd23528b-4f24-4cbd-9fbb-986ea08237bf@group-EF770CC483A9-FollowerState] INFO  impl.RoleInfo (RoleInfo.java:updateAndGet(130)) - bd23528b-4f24-4cbd-9fbb-986ea08237bf: start bd23528b-4f24-4cbd-9fbb-986ea08237bf@group-EF770CC483A9-LeaderElection23
2022-02-08 16:06:43,542 [grpc-default-executor-0] INFO  server.RaftServer$Division (RaftServerImpl.java:requestVote(1046)) - bd23528b-4f24-4cbd-9fbb-986ea08237bf@group-EF770CC483A9: receive requestVote(ELECTION, a5a2a086-d6c9-4c8e-8312-624683563c73, group-EF770CC483A9, 2, (t:0, i:0))
2022-02-08 16:06:43,542 [grpc-default-executor-0] INFO  impl.VoteContext (VoteContext.java:log(48)) - bd23528b-4f24-4cbd-9fbb-986ea08237bf@group-EF770CC483A9-CANDIDATE: accept ELECTION from a5a2a086-d6c9-4c8e-8312-624683563c73: our priority 0 <= candidate's priority 1
2022-02-08 16:06:43,542 [grpc-default-executor-0] INFO  server.RaftServer$Division (RaftServerImpl.java:setRole(290)) - bd23528b-4f24-4cbd-9fbb-986ea08237bf@group-EF770CC483A9: changes role from CANDIDATE to FOLLOWER at term 2 for candidate:a5a2a086-d6c9-4c8e-8312-624683563c73
2022-02-08 16:06:43,542 [grpc-default-executor-0] INFO  impl.RoleInfo (RoleInfo.java:shutdownLeaderElection(121)) - bd23528b-4f24-4cbd-9fbb-986ea08237bf: shutdown bd23528b-4f24-4cbd-9fbb-986ea08237bf@group-EF770CC483A9-LeaderElection23
2022-02-08 16:06:43,542 [grpc-default-executor-0] INFO  impl.RoleInfo (RoleInfo.java:updateAndGet(130)) - bd23528b-4f24-4cbd-9fbb-986ea08237bf: start bd23528b-4f24-4cbd-9fbb-986ea08237bf@group-EF770CC483A9-FollowerState
2022-02-08 16:06:43,551 [grpc-default-executor-1] INFO  server.RaftServer$Division (RaftServerImpl.java:requestVote(1046)) - e1d33aab-103b-40d3-b11e-cca6cb4bf5ea@group-EF770CC483A9: receive requestVote(ELECTION, a5a2a086-d6c9-4c8e-8312-624683563c73, group-EF770CC483A9, 2, (t:0, i:0))
2022-02-08 16:06:43,551 [grpc-default-executor-0] INFO  server.RaftServer$Division (RaftServerImpl.java:requestVote(1078)) - bd23528b-4f24-4cbd-9fbb-986ea08237bf@group-EF770CC483A9 replies to ELECTION vote request: a5a2a086-d6c9-4c8e-8312-624683563c73<-bd23528b-4f24-4cbd-9fbb-986ea08237bf#0:OK-t2. Peer's state: bd23528b-4f24-4cbd-9fbb-986ea08237bf@group-EF770CC483A9:t2, leader=null, voted=a5a2a086-d6c9-4c8e-8312-624683563c73, raftlog=bd23528b-4f24-4cbd-9fbb-986ea08237bf@group-EF770CC483A9-SegmentedRaftLog:OPENED:c-1, conf=-1: [a5a2a086-d6c9-4c8e-8312-624683563c73|rpc:127.0.0.1:46253|priority:1, e1d33aab-103b-40d3-b11e-cca6cb4bf5ea|rpc:127.0.0.1:37863|priority:0, bd23528b-4f24-4cbd-9fbb-986ea08237bf|rpc:127.0.0.1:42777|priority:0], old=null
2022-02-08 16:06:43,552 [bd23528b-4f24-4cbd-9fbb-986ea08237bf@group-EF770CC483A9-LeaderElection23] INFO  impl.LeaderElection (LeaderElection.java:run(230)) - bd23528b-4f24-4cbd-9fbb-986ea08237bf@group-EF770CC483A9-LeaderElection23: skip running since this is already CLOSING
2022-02-08 16:06:43,553 [a5a2a086-d6c9-4c8e-8312-624683563c73@group-EF770CC483A9-LeaderElection22] INFO  impl.LeaderElection (LeaderElection.java:logAndReturn(89)) - a5a2a086-d6c9-4c8e-8312-624683563c73@group-EF770CC483A9-LeaderElection22: ELECTION PASSED received 1 response(s) and 0 exception(s):
2022-02-08 16:06:43,553 [a5a2a086-d6c9-4c8e-8312-624683563c73@group-EF770CC483A9-LeaderElection22] INFO  impl.LeaderElection (LeaderElection.java:logAndReturn(93)) -   Response 0: a5a2a086-d6c9-4c8e-8312-624683563c73<-bd23528b-4f24-4cbd-9fbb-986ea08237bf#0:OK-t2
2022-02-08 16:06:43,553 [a5a2a086-d6c9-4c8e-8312-624683563c73@group-EF770CC483A9-LeaderElection22] INFO  impl.LeaderElection (LeaderElection.java:askForVotes(308)) - a5a2a086-d6c9-4c8e-8312-624683563c73@group-EF770CC483A9-LeaderElection22 ELECTION round 0: result PASSED
2022-02-08 16:06:43,553 [a5a2a086-d6c9-4c8e-8312-624683563c73@group-EF770CC483A9-LeaderElection22] INFO  impl.RoleInfo (RoleInfo.java:shutdownLeaderElection(121)) - a5a2a086-d6c9-4c8e-8312-624683563c73: shutdown a5a2a086-d6c9-4c8e-8312-624683563c73@group-EF770CC483A9-LeaderElection22
2022-02-08 16:06:43,553 [a5a2a086-d6c9-4c8e-8312-624683563c73@group-EF770CC483A9-LeaderElection22] INFO  server.RaftServer$Division (RaftServerImpl.java:setRole(290)) - a5a2a086-d6c9-4c8e-8312-624683563c73@group-EF770CC483A9: changes role from CANDIDATE to LEADER at term 2 for changeToLeader
2022-02-08 16:06:43,553 [a5a2a086-d6c9-4c8e-8312-624683563c73@group-EF770CC483A9-LeaderElection22] INFO  ratis.XceiverServerRatis (XceiverServerRatis.java:handleLeaderChangedNotification(866)) - Leader change notification received for group: group-EF770CC483A9 with new leaderId: a5a2a086-d6c9-4c8e-8312-624683563c73
2022-02-08 16:06:43,553 [a5a2a086-d6c9-4c8e-8312-624683563c73@group-EF770CC483A9-LeaderElection22] INFO  server.RaftServer$Division (ServerState.java:setLeader(285)) - a5a2a086-d6c9-4c8e-8312-624683563c73@group-EF770CC483A9: change Leader from null to a5a2a086-d6c9-4c8e-8312-624683563c73 at term 2 for becomeLeader, leader elected after 10223ms
2022-02-08 16:06:43,553 [a5a2a086-d6c9-4c8e-8312-624683563c73@group-EF770CC483A9-LeaderElection22] INFO  server.RaftServerConfigKeys (ConfUtils.java:logGet(44)) - raft.server.staging.catchup.gap = 1000 (default)
2022-02-08 16:06:43,554 [a5a2a086-d6c9-4c8e-8312-624683563c73@group-EF770CC483A9-LeaderElection22] INFO  server.RaftServerConfigKeys (ConfUtils.java:logGet(44)) - raft.server.write.element-limit = 1024 (custom)
2022-02-08 16:06:43,554 [a5a2a086-d6c9-4c8e-8312-624683563c73@group-EF770CC483A9-LeaderElection22] INFO  server.RaftServerConfigKeys (ConfUtils.java:logGet(44)) - raft.server.write.byte-limit = 1024 M (=1073741824) (custom)
2022-02-08 16:06:43,554 [a5a2a086-d6c9-4c8e-8312-624683563c73@group-EF770CC483A9-LeaderElection22] INFO  server.RaftServerConfigKeys (ConfUtils.java:logGet(44)) - raft.server.watch.timeout = 180s (custom)
2022-02-08 16:06:43,554 [a5a2a086-d6c9-4c8e-8312-624683563c73@group-EF770CC483A9-LeaderElection22] INFO  server.RaftServerConfigKeys (ConfUtils.java:logGet(44)) - raft.server.watch.timeout.denomination = 1s (default)
2022-02-08 16:06:43,554 [a5a2a086-d6c9-4c8e-8312-624683563c73@group-EF770CC483A9-LeaderElection22] INFO  server.RaftServerConfigKeys (ConfUtils.java:logGet(44)) - raft.server.watch.element-limit = 65536 (default)
2022-02-08 16:06:43,554 [a5a2a086-d6c9-4c8e-8312-624683563c73@group-EF770CC483A9-LeaderElection22] INFO  server.RaftServerConfigKeys (ConfUtils.java:logGet(44)) - raft.server.write.element-limit = 1024 (custom)
2022-02-08 16:06:43,554 [a5a2a086-d6c9-4c8e-8312-624683563c73@group-EF770CC483A9-LeaderElection22] INFO  server.RaftServerConfigKeys (ConfUtils.java:logGet(44)) - raft.server.write.follower.gap.ratio.max = -1.0 (default)
2022-02-08 16:06:43,554 [a5a2a086-d6c9-4c8e-8312-624683563c73@group-EF770CC483A9-LeaderElection22] INFO  server.RaftServerConfigKeys (ConfUtils.java:logGet(44)) - raft.server.log.appender.snapshot.chunk.size.max = 16MB (=16777216) (default)
2022-02-08 16:06:43,554 [a5a2a086-d6c9-4c8e-8312-624683563c73@group-EF770CC483A9-LeaderElection22] INFO  server.RaftServerConfigKeys (ConfUtils.java:logGet(44)) - raft.server.log.appender.buffer.byte-limit = 33554432 (custom)
2022-02-08 16:06:43,554 [a5a2a086-d6c9-4c8e-8312-624683563c73@group-EF770CC483A9-LeaderElection22] INFO  server.RaftServerConfigKeys (ConfUtils.java:logGet(44)) - raft.server.log.appender.buffer.element-limit = 1 (custom)
2022-02-08 16:06:43,554 [a5a2a086-d6c9-4c8e-8312-624683563c73@group-EF770CC483A9-LeaderElection22] INFO  grpc.GrpcConfigKeys (ConfUtils.java:logGet(44)) - raft.grpc.server.leader.outstanding.appends.max = 128 (default)
2022-02-08 16:06:43,554 [a5a2a086-d6c9-4c8e-8312-624683563c73@group-EF770CC483A9-LeaderElection22] INFO  server.RaftServerConfigKeys (ConfUtils.java:logGet(44)) - raft.server.rpc.request.timeout = 60s (custom)
2022-02-08 16:06:43,555 [a5a2a086-d6c9-4c8e-8312-624683563c73@group-EF770CC483A9-LeaderElection22] INFO  server.RaftServerConfigKeys (ConfUtils.java:logGet(44)) - raft.server.log.appender.install.snapshot.enabled = false (custom)
2022-02-08 16:06:43,555 [EventQueue-PipelineReportForPipelineReportHandler] INFO  pipeline.PipelineManagerImpl (PipelineManagerImpl.java:openPipeline(291)) - Pipeline Pipeline[ Id: 290cafec-cd7a-45f1-8fd2-ef770cc483a9, Nodes: bd23528b-4f24-4cbd-9fbb-986ea08237bf{ip: 127.0.0.1, host: localhost, ports: [REPLICATION=41995, RATIS=42777, RATIS_ADMIN=42777, RATIS_SERVER=42777, STANDALONE=41959], networkLocation: /default-rack, certSerialId: null, persistedOpState: IN_SERVICE, persistedOpStateExpiryEpochSec: 0}a5a2a086-d6c9-4c8e-8312-624683563c73{ip: 127.0.0.1, host: localhost, ports: [REPLICATION=35897, RATIS=46253, RATIS_ADMIN=46253, RATIS_SERVER=46253, STANDALONE=43179], networkLocation: /default-rack, certSerialId: null, persistedOpState: IN_SERVICE, persistedOpStateExpiryEpochSec: 0}e1d33aab-103b-40d3-b11e-cca6cb4bf5ea{ip: 127.0.0.1, host: localhost, ports: [REPLICATION=44937, RATIS=37863, RATIS_ADMIN=37863, RATIS_SERVER=37863, STANDALONE=33547], networkLocation: /default-rack, certSerialId: null, persistedOpState: IN_SERVICE, persistedOpStateExpiryEpochSec: 0}, ReplicationConfig: RATIS/THREE, State:ALLOCATED, leaderId:a5a2a086-d6c9-4c8e-8312-624683563c73, CreationTimestamp2022-02-08T16:06:31.079Z[Etc/UTC]] moved to OPEN state
2022-02-08 16:06:43,555 [a5a2a086-d6c9-4c8e-8312-624683563c73@group-EF770CC483A9-LeaderElection22] INFO  server.RaftServerConfigKeys (ConfUtils.java:logGet(44)) - raft.server.log.appender.snapshot.chunk.size.max = 16MB (=16777216) (default)
2022-02-08 16:06:43,555 [a5a2a086-d6c9-4c8e-8312-624683563c73@group-EF770CC483A9-LeaderElection22] INFO  server.RaftServerConfigKeys (ConfUtils.java:logGet(44)) - raft.server.log.appender.buffer.byte-limit = 33554432 (custom)
2022-02-08 16:06:43,555 [a5a2a086-d6c9-4c8e-8312-624683563c73@group-EF770CC483A9-LeaderElection22] INFO  server.RaftServerConfigKeys (ConfUtils.java:logGet(44)) - raft.server.log.appender.buffer.element-limit = 1 (custom)
2022-02-08 16:06:43,555 [a5a2a086-d6c9-4c8e-8312-624683563c73@group-EF770CC483A9-LeaderElection22] INFO  grpc.GrpcConfigKeys (ConfUtils.java:logGet(44)) - raft.grpc.server.leader.outstanding.appends.max = 128 (default)
2022-02-08 16:06:43,555 [a5a2a086-d6c9-4c8e-8312-624683563c73@group-EF770CC483A9-LeaderElection22] INFO  server.RaftServerConfigKeys (ConfUtils.java:logGet(44)) - raft.server.rpc.request.timeout = 60s (custom)
2022-02-08 16:06:43,569 [a5a2a086-d6c9-4c8e-8312-624683563c73@group-EF770CC483A9-LeaderElection22] INFO  server.RaftServerConfigKeys (ConfUtils.java:logGet(44)) - raft.server.log.appender.install.snapshot.enabled = false (custom)
2022-02-08 16:06:43,570 [a5a2a086-d6c9-4c8e-8312-624683563c73@group-EF770CC483A9-LeaderElection22] INFO  impl.RoleInfo (RoleInfo.java:updateAndGet(130)) - a5a2a086-d6c9-4c8e-8312-624683563c73: start a5a2a086-d6c9-4c8e-8312-624683563c73@group-EF770CC483A9-LeaderStateImpl
2022-02-08 16:06:43,570 [a5a2a086-d6c9-4c8e-8312-624683563c73@group-EF770CC483A9-LeaderElection22] INFO  segmented.SegmentedRaftLogWorker (SegmentedRaftLogWorker.java:startLogSegment(394)) - a5a2a086-d6c9-4c8e-8312-624683563c73@group-EF770CC483A9-SegmentedRaftLogWorker: Starting segment from index:0
2022-02-08 16:06:43,559 [grpc-default-executor-1] INFO  impl.VoteContext (VoteContext.java:log(48)) - e1d33aab-103b-40d3-b11e-cca6cb4bf5ea@group-EF770CC483A9-FOLLOWER: accept ELECTION from a5a2a086-d6c9-4c8e-8312-624683563c73: our priority 0 <= candidate's priority 1
2022-02-08 16:06:43,556 [EventQueue-PipelineReportForPipelineReportHandler] INFO  pipeline.PipelineManagerImpl (PipelineManagerImpl.java:openPipeline(291)) - Pipeline Pipeline[ Id: 290cafec-cd7a-45f1-8fd2-ef770cc483a9, Nodes: bd23528b-4f24-4cbd-9fbb-986ea08237bf{ip: 127.0.0.1, host: localhost, ports: [REPLICATION=41995, RATIS=42777, RATIS_ADMIN=42777, RATIS_SERVER=42777, STANDALONE=41959], networkLocation: /default-rack, certSerialId: null, persistedOpState: IN_SERVICE, persistedOpStateExpiryEpochSec: 0}a5a2a086-d6c9-4c8e-8312-624683563c73{ip: 127.0.0.1, host: localhost, ports: [REPLICATION=35897, RATIS=46253, RATIS_ADMIN=46253, RATIS_SERVER=46253, STANDALONE=43179], networkLocation: /default-rack, certSerialId: null, persistedOpState: IN_SERVICE, persistedOpStateExpiryEpochSec: 0}e1d33aab-103b-40d3-b11e-cca6cb4bf5ea{ip: 127.0.0.1, host: localhost, ports: [REPLICATION=44937, RATIS=37863, RATIS_ADMIN=37863, RATIS_SERVER=37863, STANDALONE=33547], networkLocation: /default-rack, certSerialId: null, persistedOpState: IN_SERVICE, persistedOpStateExpiryEpochSec: 0}, ReplicationConfig: RATIS/THREE, State:ALLOCATED, leaderId:a5a2a086-d6c9-4c8e-8312-624683563c73, CreationTimestamp2022-02-08T16:06:31.079Z[Etc/UTC]] moved to OPEN state
2022-02-08 16:06:43,570 [grpc-default-executor-1] INFO  server.RaftServer$Division (RaftServerImpl.java:setRole(290)) - e1d33aab-103b-40d3-b11e-cca6cb4bf5ea@group-EF770CC483A9: changes role from  FOLLOWER to FOLLOWER at term 2 for candidate:a5a2a086-d6c9-4c8e-8312-624683563c73
2022-02-08 16:06:43,571 [EventQueue-OpenPipelineForHealthyPipelineSafeModeRule] INFO  safemode.SCMSafeModeManager (HealthyPipelineSafeModeRule.java:process(124)) - SCM in safe mode. Healthy pipelines reported count is 0, required healthy pipeline reported count is 1
2022-02-08 16:06:43,571 [grpc-default-executor-1] INFO  impl.RoleInfo (RoleInfo.java:shutdownFollowerState(108)) - e1d33aab-103b-40d3-b11e-cca6cb4bf5ea: shutdown e1d33aab-103b-40d3-b11e-cca6cb4bf5ea@group-EF770CC483A9-FollowerState
2022-02-08 16:06:43,572 [a5a2a086-d6c9-4c8e-8312-624683563c73@group-EF770CC483A9-SegmentedRaftLogWorker] INFO  segmented.SegmentedRaftLogWorker (SegmentedRaftLogWorker.java:execute(601)) - a5a2a086-d6c9-4c8e-8312-624683563c73@group-EF770CC483A9-SegmentedRaftLogWorker: created new log segment /home/runner/work/ozone/ozone/hadoop-ozone/integration-test/target/test-dir/MiniOzoneClusterImpl-a5c83128-e0a7-4ff9-8358-8aced9f265d2/datanode-1/data/ratis/290cafec-cd7a-45f1-8fd2-ef770cc483a9/current/log_inprogress_0
2022-02-08 16:06:43,573 [97fdbb42-98dd-4737-a292-80a7798b14c1@group-8ACED9F265D2-StateMachineUpdater] INFO  safemode.HealthyPipelineSafeModeRule (HealthyPipelineSafeModeRule.java:initializeRule(152)) - Refreshed total pipeline count is 1, healthy pipeline threshold count is 1
2022-02-08 16:06:43,574 [EventQueue-OpenPipelineForHealthyPipelineSafeModeRule] INFO  safemode.SCMSafeModeManager (HealthyPipelineSafeModeRule.java:process(124)) - SCM in safe mode. Healthy pipelines reported count is 1, required healthy pipeline reported count is 1
2022-02-08 16:06:43,574 [EventQueue-OpenPipelineForHealthyPipelineSafeModeRule] INFO  safemode.SCMSafeModeManager (SCMSafeModeManager.java:validateSafeModeExitRules(204)) - HealthyPipelineSafeModeRule rule is successfully validated
2022-02-08 16:06:43,574 [EventQueue-OpenPipelineForHealthyPipelineSafeModeRule] INFO  safemode.SCMSafeModeManager (SCMSafeModeManager.java:validateSafeModeExitRules(219)) - ScmSafeModeManager, all rules are successfully validated
2022-02-08 16:06:43,574 [EventQueue-OpenPipelineForHealthyPipelineSafeModeRule] INFO  safemode.SCMSafeModeManager (SCMSafeModeManager.java:exitSafeMode(248)) - SCM exiting safe mode.
2022-02-08 16:06:43,574 [EventQueue-OpenPipelineForHealthyPipelineSafeModeRule] WARN  events.EventQueue (EventQueue.java:fireEvent(194)) - No event handler registered for event TypedEvent{payloadType=SafeModeStatus, name='Safe mode status'}
2022-02-08 16:06:43,574 [EventQueue-OpenPipelineForHealthyPipelineSafeModeRule] INFO  ha.SCMContext (SCMContext.java:updateSafeModeStatus(211)) - Update SafeModeStatus from SafeModeStatus{safeModeStatus=true, preCheckPassed=true} to SafeModeStatus{safeModeStatus=false, preCheckPassed=true}.
2022-02-08 16:06:43,574 [EventQueue-OpenPipelineForHealthyPipelineSafeModeRule] INFO  container.ReplicationManager (ReplicationManager.java:notifyStatusChanged(1807)) - Service ReplicationManager transitions to RUNNING.
2022-02-08 16:06:43,595 [grpc-default-executor-2] INFO  ratis.XceiverServerRatis (XceiverServerRatis.java:handleLeaderChangedNotification(866)) - Leader change notification received for group: group-EF770CC483A9 with new leaderId: a5a2a086-d6c9-4c8e-8312-624683563c73
2022-02-08 16:06:43,595 [grpc-default-executor-2] INFO  server.RaftServer$Division (ServerState.java:setLeader(285)) - bd23528b-4f24-4cbd-9fbb-986ea08237bf@group-EF770CC483A9: change Leader from null to a5a2a086-d6c9-4c8e-8312-624683563c73 at term 2 for appendEntries, leader elected after 10329ms
2022-02-08 16:06:43,600 [e1d33aab-103b-40d3-b11e-cca6cb4bf5ea@group-EF770CC483A9-FollowerState] INFO  impl.FollowerState (FollowerState.java:run(143)) - e1d33aab-103b-40d3-b11e-cca6cb4bf5ea@group-EF770CC483A9-FollowerState was interrupted: {}
java.lang.InterruptedException: sleep interrupted
	at java.lang.Thread.sleep(Native Method)
	at java.lang.Thread.sleep(Thread.java:340)
	at java.util.concurrent.TimeUnit.sleep(TimeUnit.java:386)
	at org.apache.ratis.util.TimeDuration.sleep(TimeDuration.java:324)
	at org.apache.ratis.util.TimeDuration.sleep(TimeDuration.java:309)
	at org.apache.ratis.server.impl.FollowerState.run(FollowerState.java:118)
2022-02-08 16:06:43,600 [grpc-default-executor-1] INFO  impl.RoleInfo (RoleInfo.java:updateAndGet(130)) - e1d33aab-103b-40d3-b11e-cca6cb4bf5ea: start e1d33aab-103b-40d3-b11e-cca6cb4bf5ea@group-EF770CC483A9-FollowerState
2022-02-08 16:06:43,600 [fdd19f4e-50ca-4edc-8a7e-48b923a90088@group-8ACED9F265D2-StateMachineUpdater] INFO  safemode.HealthyPipelineSafeModeRule (HealthyPipelineSafeModeRule.java:initializeRule(152)) - Refreshed total pipeline count is 1, healthy pipeline threshold count is 1
2022-02-08 16:06:43,601 [fdd19f4e-50ca-4edc-8a7e-48b923a90088@group-8ACED9F265D2-StateMachineUpdater] INFO  ha.SCMStateMachine (SCMStateMachine.java:takeSnapshot(297)) - Current Snapshot Index 23, takeSnapshot took 0 ms
2022-02-08 16:06:43,601 [fdd19f4e-50ca-4edc-8a7e-48b923a90088@group-8ACED9F265D2-StateMachineUpdater] INFO  impl.StateMachineUpdater (StateMachineUpdater.java:takeSnapshot(281)) - fdd19f4e-50ca-4edc-8a7e-48b923a90088@group-8ACED9F265D2-StateMachineUpdater: Took a snapshot at index 23
2022-02-08 16:06:43,601 [fdd19f4e-50ca-4edc-8a7e-48b923a90088@group-8ACED9F265D2-StateMachineUpdater] INFO  impl.StateMachineUpdater (StateMachineUpdater.java:lambda$new$0(89)) - fdd19f4e-50ca-4edc-8a7e-48b923a90088@group-8ACED9F265D2-StateMachineUpdater: snapshotIndex: updateIncreasingly 18 -> 23
2022-02-08 16:06:43,601 [fdd19f4e-50ca-4edc-8a7e-48b923a90088@group-8ACED9F265D2-StateMachineUpdater] INFO  raftlog.RaftLog (RaftLogBase.java:purge(306)) - fdd19f4e-50ca-4edc-8a7e-48b923a90088@group-8ACED9F265D2-SegmentedRaftLog: purge 23
2022-02-08 16:06:43,601 [fdd19f4e-50ca-4edc-8a7e-48b923a90088@group-8ACED9F265D2-StateMachineUpdater] INFO  raftlog.RaftLog (RaftLogBase.java:lambda$new$0(53)) - fdd19f4e-50ca-4edc-8a7e-48b923a90088@group-8ACED9F265D2-SegmentedRaftLog: snapshotIndex: updateIncreasingly 18 -> 23
2022-02-08 16:06:43,601 [fdd19f4e-50ca-4edc-8a7e-48b923a90088@group-8ACED9F265D2-StateMachineUpdater] INFO  raftlog.RaftLog (RaftLogBase.java:lambda$new$0(53)) - fdd19f4e-50ca-4edc-8a7e-48b923a90088@group-8ACED9F265D2-SegmentedRaftLog: purgeIndex: updateToMax old=18, new=23, updated? true
2022-02-08 16:06:43,609 [a5a2a086-d6c9-4c8e-8312-624683563c73@group-EF770CC483A9-LeaderElection22] INFO  server.RaftServer$Division (ServerState.java:setRaftConf(387)) - a5a2a086-d6c9-4c8e-8312-624683563c73@group-EF770CC483A9: set configuration 0: [a5a2a086-d6c9-4c8e-8312-624683563c73|rpc:127.0.0.1:46253|dataStream:|priority:1, e1d33aab-103b-40d3-b11e-cca6cb4bf5ea|rpc:127.0.0.1:37863|dataStream:|priority:0, bd23528b-4f24-4cbd-9fbb-986ea08237bf|rpc:127.0.0.1:42777|dataStream:|priority:0], old=null
2022-02-08 16:06:43,626 [grpc-default-executor-2] INFO  server.RaftServer$Division (ServerState.java:setRaftConf(387)) - bd23528b-4f24-4cbd-9fbb-986ea08237bf@group-EF770CC483A9: set configuration 0: [a5a2a086-d6c9-4c8e-8312-624683563c73|rpc:127.0.0.1:46253|dataStream:|priority:1, e1d33aab-103b-40d3-b11e-cca6cb4bf5ea|rpc:127.0.0.1:37863|dataStream:|priority:0, bd23528b-4f24-4cbd-9fbb-986ea08237bf|rpc:127.0.0.1:42777|dataStream:|priority:0], old=null
2022-02-08 16:06:43,626 [grpc-default-executor-2] INFO  segmented.SegmentedRaftLogWorker (SegmentedRaftLogWorker.java:startLogSegment(394)) - bd23528b-4f24-4cbd-9fbb-986ea08237bf@group-EF770CC483A9-SegmentedRaftLogWorker: Starting segment from index:0
2022-02-08 16:06:43,628 [bd23528b-4f24-4cbd-9fbb-986ea08237bf@group-EF770CC483A9-SegmentedRaftLogWorker] INFO  segmented.SegmentedRaftLogWorker (SegmentedRaftLogWorker.java:execute(601)) - bd23528b-4f24-4cbd-9fbb-986ea08237bf@group-EF770CC483A9-SegmentedRaftLogWorker: created new log segment /home/runner/work/ozone/ozone/hadoop-ozone/integration-test/target/test-dir/MiniOzoneClusterImpl-a5c83128-e0a7-4ff9-8358-8aced9f265d2/datanode-0/data/ratis/290cafec-cd7a-45f1-8fd2-ef770cc483a9/current/log_inprogress_0
2022-02-08 16:06:43,628 [grpc-default-executor-1] INFO  server.RaftServer$Division (RaftServerImpl.java:requestVote(1078)) - e1d33aab-103b-40d3-b11e-cca6cb4bf5ea@group-EF770CC483A9 replies to ELECTION vote request: a5a2a086-d6c9-4c8e-8312-624683563c73<-e1d33aab-103b-40d3-b11e-cca6cb4bf5ea#0:OK-t2. Peer's state: e1d33aab-103b-40d3-b11e-cca6cb4bf5ea@group-EF770CC483A9:t2, leader=null, voted=a5a2a086-d6c9-4c8e-8312-624683563c73, raftlog=e1d33aab-103b-40d3-b11e-cca6cb4bf5ea@group-EF770CC483A9-SegmentedRaftLog:OPENED:c-1, conf=-1: [a5a2a086-d6c9-4c8e-8312-624683563c73|rpc:127.0.0.1:46253|dataStream:|priority:1, e1d33aab-103b-40d3-b11e-cca6cb4bf5ea|rpc:127.0.0.1:37863|dataStream:|priority:0, bd23528b-4f24-4cbd-9fbb-986ea08237bf|rpc:127.0.0.1:42777|dataStream:|priority:0], old=null
2022-02-08 16:06:43,633 [grpc-default-executor-2] INFO  ratis.XceiverServerRatis (XceiverServerRatis.java:handleLeaderChangedNotification(866)) - Leader change notification received for group: group-EF770CC483A9 with new leaderId: a5a2a086-d6c9-4c8e-8312-624683563c73
2022-02-08 16:06:43,633 [grpc-default-executor-2] INFO  server.RaftServer$Division (ServerState.java:setLeader(285)) - e1d33aab-103b-40d3-b11e-cca6cb4bf5ea@group-EF770CC483A9: change Leader from null to a5a2a086-d6c9-4c8e-8312-624683563c73 at term 2 for appendEntries, leader elected after 10188ms
2022-02-08 16:06:43,650 [grpc-default-executor-2] INFO  server.RaftServer$Division (ServerState.java:setRaftConf(387)) - e1d33aab-103b-40d3-b11e-cca6cb4bf5ea@group-EF770CC483A9: set configuration 0: [a5a2a086-d6c9-4c8e-8312-624683563c73|rpc:127.0.0.1:46253|dataStream:|priority:1, e1d33aab-103b-40d3-b11e-cca6cb4bf5ea|rpc:127.0.0.1:37863|dataStream:|priority:0, bd23528b-4f24-4cbd-9fbb-986ea08237bf|rpc:127.0.0.1:42777|dataStream:|priority:0], old=null
2022-02-08 16:06:43,650 [grpc-default-executor-2] INFO  segmented.SegmentedRaftLogWorker (SegmentedRaftLogWorker.java:startLogSegment(394)) - e1d33aab-103b-40d3-b11e-cca6cb4bf5ea@group-EF770CC483A9-SegmentedRaftLogWorker: Starting segment from index:0
2022-02-08 16:06:43,654 [bd23528b-4f24-4cbd-9fbb-986ea08237bf@group-814509AA7368-FollowerState] INFO  impl.FollowerState (FollowerState.java:run(134)) - bd23528b-4f24-4cbd-9fbb-986ea08237bf@group-814509AA7368-FollowerState: change to CANDIDATE, lastRpcElapsedTime:5052318559ns, electionTimeout:5026ms
2022-02-08 16:06:43,654 [bd23528b-4f24-4cbd-9fbb-986ea08237bf@group-814509AA7368-FollowerState] INFO  impl.RoleInfo (RoleInfo.java:shutdownFollowerState(108)) - bd23528b-4f24-4cbd-9fbb-986ea08237bf: shutdown bd23528b-4f24-4cbd-9fbb-986ea08237bf@group-814509AA7368-FollowerState
2022-02-08 16:06:43,654 [bd23528b-4f24-4cbd-9fbb-986ea08237bf@group-814509AA7368-FollowerState] INFO  server.RaftServer$Division (RaftServerImpl.java:setRole(290)) - bd23528b-4f24-4cbd-9fbb-986ea08237bf@group-814509AA7368: changes role from  FOLLOWER to CANDIDATE at term 1 for changeToCandidate
2022-02-08 16:06:43,654 [bd23528b-4f24-4cbd-9fbb-986ea08237bf@group-814509AA7368-FollowerState] INFO  server.RaftServerConfigKeys (ConfUtils.java:logGet(44)) - raft.server.leaderelection.pre-vote = false (custom)
2022-02-08 16:06:43,654 [bd23528b-4f24-4cbd-9fbb-986ea08237bf@group-814509AA7368-FollowerState] INFO  impl.RoleInfo (RoleInfo.java:updateAndGet(130)) - bd23528b-4f24-4cbd-9fbb-986ea08237bf: start bd23528b-4f24-4cbd-9fbb-986ea08237bf@group-814509AA7368-LeaderElection24
2022-02-08 16:06:43,669 [e1d33aab-103b-40d3-b11e-cca6cb4bf5ea@group-EF770CC483A9-SegmentedRaftLogWorker] INFO  segmented.SegmentedRaftLogWorker (SegmentedRaftLogWorker.java:execute(601)) - e1d33aab-103b-40d3-b11e-cca6cb4bf5ea@group-EF770CC483A9-SegmentedRaftLogWorker: created new log segment /home/runner/work/ozone/ozone/hadoop-ozone/integration-test/target/test-dir/MiniOzoneClusterImpl-a5c83128-e0a7-4ff9-8358-8aced9f265d2/datanode-2/data/ratis/290cafec-cd7a-45f1-8fd2-ef770cc483a9/current/log_inprogress_0
2022-02-08 16:06:43,682 [bd23528b-4f24-4cbd-9fbb-986ea08237bf@group-814509AA7368-LeaderElection24] INFO  impl.LeaderElection (LeaderElection.java:askForVotes(306)) - bd23528b-4f24-4cbd-9fbb-986ea08237bf@group-814509AA7368-LeaderElection24 ELECTION round 0: submit vote requests at term 2 for -1: [a5a2a086-d6c9-4c8e-8312-624683563c73|rpc:127.0.0.1:46253|priority:0, e1d33aab-103b-40d3-b11e-cca6cb4bf5ea|rpc:127.0.0.1:37863|priority:1, bd23528b-4f24-4cbd-9fbb-986ea08237bf|rpc:127.0.0.1:42777|priority:0], old=null
2022-02-08 16:06:43,709 [grpc-default-executor-1] INFO  server.RaftServer$Division (RaftServerImpl.java:requestVote(1046)) - a5a2a086-d6c9-4c8e-8312-624683563c73@group-814509AA7368: receive requestVote(ELECTION, bd23528b-4f24-4cbd-9fbb-986ea08237bf, group-814509AA7368, 2, (t:0, i:0))
2022-02-08 16:06:43,710 [grpc-default-executor-1] INFO  impl.VoteContext (VoteContext.java:log(48)) - a5a2a086-d6c9-4c8e-8312-624683563c73@group-814509AA7368-FOLLOWER: accept ELECTION from bd23528b-4f24-4cbd-9fbb-986ea08237bf: our priority 0 <= candidate's priority 0
2022-02-08 16:06:43,710 [grpc-default-executor-1] INFO  server.RaftServer$Division (RaftServerImpl.java:setRole(290)) - a5a2a086-d6c9-4c8e-8312-624683563c73@group-814509AA7368: changes role from  FOLLOWER to FOLLOWER at term 2 for candidate:bd23528b-4f24-4cbd-9fbb-986ea08237bf
2022-02-08 16:06:43,710 [grpc-default-executor-1] INFO  impl.RoleInfo (RoleInfo.java:shutdownFollowerState(108)) - a5a2a086-d6c9-4c8e-8312-624683563c73: shutdown a5a2a086-d6c9-4c8e-8312-624683563c73@group-814509AA7368-FollowerState
2022-02-08 16:06:43,710 [grpc-default-executor-1] INFO  impl.RoleInfo (RoleInfo.java:updateAndGet(130)) - a5a2a086-d6c9-4c8e-8312-624683563c73: start a5a2a086-d6c9-4c8e-8312-624683563c73@group-814509AA7368-FollowerState
2022-02-08 16:06:43,711 [a5a2a086-d6c9-4c8e-8312-624683563c73@group-814509AA7368-FollowerState] INFO  impl.FollowerState (FollowerState.java:run(143)) - a5a2a086-d6c9-4c8e-8312-624683563c73@group-814509AA7368-FollowerState was interrupted: {}
java.lang.InterruptedException: sleep interrupted
	at java.lang.Thread.sleep(Native Method)
	at java.lang.Thread.sleep(Thread.java:340)
	at java.util.concurrent.TimeUnit.sleep(TimeUnit.java:386)
	at org.apache.ratis.util.TimeDuration.sleep(TimeDuration.java:324)
	at org.apache.ratis.util.TimeDuration.sleep(TimeDuration.java:309)
	at org.apache.ratis.server.impl.FollowerState.run(FollowerState.java:118)
2022-02-08 16:06:43,723 [grpc-default-executor-1] INFO  server.RaftServer$Division (RaftServerImpl.java:requestVote(1078)) - a5a2a086-d6c9-4c8e-8312-624683563c73@group-814509AA7368 replies to ELECTION vote request: bd23528b-4f24-4cbd-9fbb-986ea08237bf<-a5a2a086-d6c9-4c8e-8312-624683563c73#0:OK-t2. Peer's state: a5a2a086-d6c9-4c8e-8312-624683563c73@group-814509AA7368:t2, leader=null, voted=bd23528b-4f24-4cbd-9fbb-986ea08237bf, raftlog=a5a2a086-d6c9-4c8e-8312-624683563c73@group-814509AA7368-SegmentedRaftLog:OPENED:c-1, conf=-1: [a5a2a086-d6c9-4c8e-8312-624683563c73|rpc:127.0.0.1:46253|dataStream:|priority:0, e1d33aab-103b-40d3-b11e-cca6cb4bf5ea|rpc:127.0.0.1:37863|dataStream:|priority:1, bd23528b-4f24-4cbd-9fbb-986ea08237bf|rpc:127.0.0.1:42777|dataStream:|priority:0], old=null
2022-02-08 16:06:43,730 [grpc-default-executor-2] INFO  server.RaftServer$Division (RaftServerImpl.java:requestVote(1046)) - e1d33aab-103b-40d3-b11e-cca6cb4bf5ea@group-814509AA7368: receive requestVote(ELECTION, bd23528b-4f24-4cbd-9fbb-986ea08237bf, group-814509AA7368, 2, (t:0, i:0))
2022-02-08 16:06:43,740 [grpc-default-executor-2] INFO  impl.VoteContext (VoteContext.java:log(48)) - e1d33aab-103b-40d3-b11e-cca6cb4bf5ea@group-814509AA7368-FOLLOWER: reject ELECTION from bd23528b-4f24-4cbd-9fbb-986ea08237bf: our priority 1 > candidate's priority 0
2022-02-08 16:06:43,740 [grpc-default-executor-2] INFO  server.RaftServer$Division (RaftServerImpl.java:setRole(290)) - e1d33aab-103b-40d3-b11e-cca6cb4bf5ea@group-814509AA7368: changes role from  FOLLOWER to FOLLOWER at term 2 for candidate:bd23528b-4f24-4cbd-9fbb-986ea08237bf
2022-02-08 16:06:43,740 [grpc-default-executor-2] INFO  impl.RoleInfo (RoleInfo.java:shutdownFollowerState(108)) - e1d33aab-103b-40d3-b11e-cca6cb4bf5ea: shutdown e1d33aab-103b-40d3-b11e-cca6cb4bf5ea@group-814509AA7368-FollowerState
2022-02-08 16:06:43,740 [grpc-default-executor-2] INFO  impl.RoleInfo (RoleInfo.java:updateAndGet(130)) - e1d33aab-103b-40d3-b11e-cca6cb4bf5ea: start e1d33aab-103b-40d3-b11e-cca6cb4bf5ea@group-814509AA7368-FollowerState
2022-02-08 16:06:43,740 [e1d33aab-103b-40d3-b11e-cca6cb4bf5ea@group-814509AA7368-FollowerState] INFO  impl.FollowerState (FollowerState.java:run(143)) - e1d33aab-103b-40d3-b11e-cca6cb4bf5ea@group-814509AA7368-FollowerState was interrupted: {}
java.lang.InterruptedException: sleep interrupted
	at java.lang.Thread.sleep(Native Method)
	at java.lang.Thread.sleep(Thread.java:340)
	at java.util.concurrent.TimeUnit.sleep(TimeUnit.java:386)
	at org.apache.ratis.util.TimeDuration.sleep(TimeDuration.java:324)
	at org.apache.ratis.util.TimeDuration.sleep(TimeDuration.java:309)
	at org.apache.ratis.server.impl.FollowerState.run(FollowerState.java:118)
2022-02-08 16:06:43,744 [grpc-default-executor-2] INFO  server.RaftServer$Division (RaftServerImpl.java:requestVote(1078)) - e1d33aab-103b-40d3-b11e-cca6cb4bf5ea@group-814509AA7368 replies to ELECTION vote request: bd23528b-4f24-4cbd-9fbb-986ea08237bf<-e1d33aab-103b-40d3-b11e-cca6cb4bf5ea#0:FAIL-t2. Peer's state: e1d33aab-103b-40d3-b11e-cca6cb4bf5ea@group-814509AA7368:t2, leader=null, voted=null, raftlog=e1d33aab-103b-40d3-b11e-cca6cb4bf5ea@group-814509AA7368-SegmentedRaftLog:OPENED:c-1, conf=-1: [a5a2a086-d6c9-4c8e-8312-624683563c73|rpc:127.0.0.1:46253|dataStream:|priority:0, e1d33aab-103b-40d3-b11e-cca6cb4bf5ea|rpc:127.0.0.1:37863|dataStream:|priority:1, bd23528b-4f24-4cbd-9fbb-986ea08237bf|rpc:127.0.0.1:42777|dataStream:|priority:0], old=null
2022-02-08 16:06:43,745 [bd23528b-4f24-4cbd-9fbb-986ea08237bf@group-814509AA7368-LeaderElection24] INFO  impl.LeaderElection (LeaderElection.java:logAndReturn(89)) - bd23528b-4f24-4cbd-9fbb-986ea08237bf@group-814509AA7368-LeaderElection24: ELECTION REJECTED received 2 response(s) and 0 exception(s):
2022-02-08 16:06:43,745 [bd23528b-4f24-4cbd-9fbb-986ea08237bf@group-814509AA7368-LeaderElection24] INFO  impl.LeaderElection (LeaderElection.java:logAndReturn(93)) -   Response 0: bd23528b-4f24-4cbd-9fbb-986ea08237bf<-a5a2a086-d6c9-4c8e-8312-624683563c73#0:OK-t2
2022-02-08 16:06:43,745 [bd23528b-4f24-4cbd-9fbb-986ea08237bf@group-814509AA7368-LeaderElection24] INFO  impl.LeaderElection (LeaderElection.java:logAndReturn(93)) -   Response 1: bd23528b-4f24-4cbd-9fbb-986ea08237bf<-e1d33aab-103b-40d3-b11e-cca6cb4bf5ea#0:FAIL-t2
2022-02-08 16:06:43,745 [bd23528b-4f24-4cbd-9fbb-986ea08237bf@group-814509AA7368-LeaderElection24] INFO  impl.LeaderElection (LeaderElection.java:askForVotes(308)) - bd23528b-4f24-4cbd-9fbb-986ea08237bf@group-814509AA7368-LeaderElection24 ELECTION round 0: result REJECTED
2022-02-08 16:06:43,745 [bd23528b-4f24-4cbd-9fbb-986ea08237bf@group-814509AA7368-LeaderElection24] INFO  server.RaftServer$Division (RaftServerImpl.java:setRole(290)) - bd23528b-4f24-4cbd-9fbb-986ea08237bf@group-814509AA7368: changes role from CANDIDATE to FOLLOWER at term 2 for REJECTED
2022-02-08 16:06:43,746 [bd23528b-4f24-4cbd-9fbb-986ea08237bf@group-814509AA7368-LeaderElection24] INFO  impl.RoleInfo (RoleInfo.java:shutdownLeaderElection(121)) - bd23528b-4f24-4cbd-9fbb-986ea08237bf: shutdown bd23528b-4f24-4cbd-9fbb-986ea08237bf@group-814509AA7368-LeaderElection24
2022-02-08 16:06:43,746 [bd23528b-4f24-4cbd-9fbb-986ea08237bf@group-814509AA7368-LeaderElection24] INFO  impl.RoleInfo (RoleInfo.java:updateAndGet(130)) - bd23528b-4f24-4cbd-9fbb-986ea08237bf: start bd23528b-4f24-4cbd-9fbb-986ea08237bf@group-814509AA7368-FollowerState
2022-02-08 16:06:43,959 [Listener at 127.0.0.1/39187] INFO  ozone.MiniOzoneClusterImpl (MiniOzoneClusterImpl.java:lambda$waitForClusterToBeReady$0(219)) - Nodes are ready. Got 3 of 3 DN Heartbeats.
2022-02-08 16:06:43,959 [Listener at 127.0.0.1/39187] INFO  ozone.MiniOzoneClusterImpl (MiniOzoneClusterImpl.java:lambda$waitForClusterToBeReady$0(222)) - Cluster exits safe mode
2022-02-08 16:06:43,959 [Listener at 127.0.0.1/39187] INFO  ozone.MiniOzoneClusterImpl (MiniOzoneClusterImpl.java:lambda$waitForClusterToBeReady$0(224)) - SCM became leader
2022-02-08 16:06:43,959 [Listener at 127.0.0.1/39187] INFO  server.StorageContainerManager (StorageContainerManager.java:start(1303)) - StorageContainerLocationProtocol RPC server is listening at /0.0.0.0:33239
2022-02-08 16:06:43,960 [Listener at 127.0.0.1/39187] INFO  ha.SCMRatisServerImpl (SCMRatisServerImpl.java:start(177)) - starting ratis server 0.0.0.0:33237
2022-02-08 16:06:43,960 [Listener at 127.0.0.1/39187] INFO  server.RaftServer$Division (RaftServerImpl.java:start(304)) - 9952a163-e333-4619-8cfb-f928b6e512fa@group-8ACED9F265D2: start with initializing state, conf=-1: [], old=null
2022-02-08 16:06:43,960 [Listener at 127.0.0.1/39187] INFO  server.RaftServer$Division (RaftServerImpl.java:setRole(290)) - 9952a163-e333-4619-8cfb-f928b6e512fa@group-8ACED9F265D2: changes role from      null to FOLLOWER at term 0 for startInitializing
2022-02-08 16:06:43,960 [Listener at 127.0.0.1/39187] INFO  util.JmxRegister (JmxRegister.java:tryRegister(44)) - Successfully registered JMX Bean with object name Ratis:service=RaftServer,group=group-8ACED9F265D2,id=9952a163-e333-4619-8cfb-f928b6e512fa
2022-02-08 16:06:43,964 [Listener at 127.0.0.1/39187] INFO  server.RaftServer (RaftServerProxy.java:lambda$start$5(374)) - 9952a163-e333-4619-8cfb-f928b6e512fa: start RPC server
2022-02-08 16:06:43,965 [Listener at 127.0.0.1/39187] INFO  server.GrpcService (GrpcService.java:startImpl(253)) - 9952a163-e333-4619-8cfb-f928b6e512fa: GrpcService started, listening on 33237
2022-02-08 16:06:43,967 [Listener at 127.0.0.1/39187] INFO  ha.SCMNodeInfo (SCMNodeInfo.java:getPort(197)) - ConfigKey ozone.scm.client.address is deprecated, For configuring different ports for each SCM use PortConfigKey ozone.scm.client.port appended with serviceId and nodeId
2022-02-08 16:06:43,968 [Listener at 127.0.0.1/39187] INFO  ha.SCMNodeInfo (SCMNodeInfo.java:getPort(197)) - ConfigKey ozone.scm.block.client.address is deprecated, For configuring different ports for each SCM use PortConfigKey ozone.scm.block.client.port appended with serviceId and nodeId
2022-02-08 16:06:43,968 [Listener at 127.0.0.1/39187] INFO  ha.SCMNodeInfo (SCMNodeInfo.java:getPort(197)) - ConfigKey ozone.scm.datanode.address is deprecated, For configuring different ports for each SCM use PortConfigKey ozone.scm.datanode.port appended with serviceId and nodeId
2022-02-08 16:06:43,968 [Listener at 127.0.0.1/39187] INFO  ha.SCMNodeInfo (SCMNodeInfo.java:getPort(197)) - ConfigKey ozone.scm.client.address is deprecated, For configuring different ports for each SCM use PortConfigKey ozone.scm.client.port appended with serviceId and nodeId
2022-02-08 16:06:43,968 [Listener at 127.0.0.1/39187] INFO  ha.SCMNodeInfo (SCMNodeInfo.java:getPort(197)) - ConfigKey ozone.scm.block.client.address is deprecated, For configuring different ports for each SCM use PortConfigKey ozone.scm.block.client.port appended with serviceId and nodeId
2022-02-08 16:06:43,968 [Listener at 127.0.0.1/39187] INFO  ha.SCMNodeInfo (SCMNodeInfo.java:getPort(197)) - ConfigKey ozone.scm.datanode.address is deprecated, For configuring different ports for each SCM use PortConfigKey ozone.scm.datanode.port appended with serviceId and nodeId
2022-02-08 16:06:43,968 [Listener at 127.0.0.1/39187] INFO  ha.SCMNodeInfo (SCMNodeInfo.java:getPort(197)) - ConfigKey ozone.scm.client.address is deprecated, For configuring different ports for each SCM use PortConfigKey ozone.scm.client.port appended with serviceId and nodeId
2022-02-08 16:06:43,968 [Listener at 127.0.0.1/39187] INFO  ha.SCMNodeInfo (SCMNodeInfo.java:getPort(197)) - ConfigKey ozone.scm.block.client.address is deprecated, For configuring different ports for each SCM use PortConfigKey ozone.scm.block.client.port appended with serviceId and nodeId
2022-02-08 16:06:43,968 [Listener at 127.0.0.1/39187] INFO  ha.SCMNodeInfo (SCMNodeInfo.java:getPort(197)) - ConfigKey ozone.scm.datanode.address is deprecated, For configuring different ports for each SCM use PortConfigKey ozone.scm.datanode.port appended with serviceId and nodeId
2022-02-08 16:06:43,980 [IPC Server handler 1 on default port 44177] INFO  ha.SCMRatisServerImpl (SCMRatisServerImpl.java:addSCM(292)) - 97fdbb42-98dd-4737-a292-80a7798b14c1: Submitting SetConfiguration request to Ratis server with new SCM peers list: [97fdbb42-98dd-4737-a292-80a7798b14c1|rpc:localhost:32791|admin:|client:|dataStream:|priority:0, fdd19f4e-50ca-4edc-8a7e-48b923a90088|rpc:localhost:42399|priority:0, 9952a163-e333-4619-8cfb-f928b6e512fa|rpc:localhost:33237|priority:0]
2022-02-08 16:06:43,980 [IPC Server handler 1 on default port 44177] INFO  server.RaftServer$Division (RaftServerImpl.java:setConfigurationAsync(974)) - 97fdbb42-98dd-4737-a292-80a7798b14c1@group-8ACED9F265D2: receive setConfiguration SetConfigurationRequest:client-087955336F36->97fdbb42-98dd-4737-a292-80a7798b14c1@group-8ACED9F265D2, cid=10, seq=0, RW, null, peers:[97fdbb42-98dd-4737-a292-80a7798b14c1|rpc:localhost:32791|admin:|client:|dataStream:|priority:0, fdd19f4e-50ca-4edc-8a7e-48b923a90088|rpc:localhost:42399|priority:0, 9952a163-e333-4619-8cfb-f928b6e512fa|rpc:localhost:33237|priority:0]
2022-02-08 16:06:43,980 [IPC Server handler 1 on default port 44177] INFO  server.RaftServer$Division (LeaderStateImpl.java:startSetConfiguration(358)) - 97fdbb42-98dd-4737-a292-80a7798b14c1@group-8ACED9F265D2-LeaderStateImpl: startSetConfiguration SetConfigurationRequest:client-087955336F36->97fdbb42-98dd-4737-a292-80a7798b14c1@group-8ACED9F265D2, cid=10, seq=0, RW, null, peers:[97fdbb42-98dd-4737-a292-80a7798b14c1|rpc:localhost:32791|admin:|client:|dataStream:|priority:0, fdd19f4e-50ca-4edc-8a7e-48b923a90088|rpc:localhost:42399|priority:0, 9952a163-e333-4619-8cfb-f928b6e512fa|rpc:localhost:33237|priority:0]
2022-02-08 16:06:43,981 [IPC Server handler 1 on default port 44177] INFO  server.RaftServerConfigKeys (ConfUtils.java:logGet(44)) - raft.server.log.appender.snapshot.chunk.size.max = 16MB (=16777216) (default)
2022-02-08 16:06:43,981 [IPC Server handler 1 on default port 44177] INFO  server.RaftServerConfigKeys (ConfUtils.java:logGet(44)) - raft.server.log.appender.buffer.byte-limit = 33554432 (custom)
2022-02-08 16:06:43,981 [IPC Server handler 1 on default port 44177] INFO  server.RaftServerConfigKeys (ConfUtils.java:logGet(44)) - raft.server.log.appender.buffer.element-limit = 1024 (custom)
2022-02-08 16:06:43,982 [IPC Server handler 1 on default port 44177] INFO  grpc.GrpcConfigKeys (ConfUtils.java:logGet(44)) - raft.grpc.server.leader.outstanding.appends.max = 128 (default)
2022-02-08 16:06:43,982 [IPC Server handler 1 on default port 44177] INFO  server.RaftServerConfigKeys (ConfUtils.java:logGet(44)) - raft.server.rpc.request.timeout = 30000ms (custom)
2022-02-08 16:06:43,982 [IPC Server handler 1 on default port 44177] INFO  server.RaftServerConfigKeys (ConfUtils.java:logGet(44)) - raft.server.log.appender.install.snapshot.enabled = false (custom)
2022-02-08 16:06:43,992 [97fdbb42-98dd-4737-a292-80a7798b14c1@group-8ACED9F265D2->9952a163-e333-4619-8cfb-f928b6e512fa-GrpcLogAppender-LogAppenderDaemon] INFO  server.GrpcLogAppender (GrpcLogAppender.java:installSnapshot(550)) - 97fdbb42-98dd-4737-a292-80a7798b14c1@group-8ACED9F265D2->9952a163-e333-4619-8cfb-f928b6e512fa-GrpcLogAppender: followerNextIndex = 0 but logStartIndex = 1, notify follower to install snapshot-(t:2, i:24)
2022-02-08 16:06:43,992 [97fdbb42-98dd-4737-a292-80a7798b14c1@group-8ACED9F265D2->9952a163-e333-4619-8cfb-f928b6e512fa-GrpcLogAppender-LogAppenderDaemon] INFO  server.GrpcLogAppender (GrpcLogAppender.java:installSnapshot(558)) - 97fdbb42-98dd-4737-a292-80a7798b14c1@group-8ACED9F265D2->9952a163-e333-4619-8cfb-f928b6e512fa-GrpcLogAppender: send 97fdbb42-98dd-4737-a292-80a7798b14c1->9952a163-e333-4619-8cfb-f928b6e512fa#0-t2,notify:(t:2, i:24)
2022-02-08 16:06:44,002 [org.apache.ratis.util.JvmPauseMonitor$$Lambda$503/1122118227@24546c9e] INFO  util.JvmPauseMonitor (JvmPauseMonitor.java:run(103)) - JvmPauseMonitor-9952a163-e333-4619-8cfb-f928b6e512fa: Started
2022-02-08 16:06:44,025 [grpc-default-executor-2] INFO  server.RaftServer$Division (RaftServerImpl.java:installSnapshot(1332)) - 9952a163-e333-4619-8cfb-f928b6e512fa@group-8ACED9F265D2: receive installSnapshot: 97fdbb42-98dd-4737-a292-80a7798b14c1->9952a163-e333-4619-8cfb-f928b6e512fa#0-t2,notify:(t:2, i:24)
2022-02-08 16:06:44,029 [grpc-default-executor-2] INFO  ha.SCMStateMachine (SCMStateMachine.java:notifyLeaderChanged(255)) - leader changed, yet current SCM is still follower.
2022-02-08 16:06:44,029 [grpc-default-executor-2] INFO  server.RaftServer$Division (ServerState.java:setLeader(285)) - 9952a163-e333-4619-8cfb-f928b6e512fa@group-8ACED9F265D2: change Leader from null to 97fdbb42-98dd-4737-a292-80a7798b14c1 at term 2 for installSnapshot, leader elected after 19522ms
2022-02-08 16:06:44,029 [grpc-default-executor-2] INFO  server.RaftServer$Division (RaftServerImpl.java:notifyStateMachineToInstallSnapshot(1551)) - 9952a163-e333-4619-8cfb-f928b6e512fa@group-8ACED9F265D2: Received notification to install snapshot at index 24
2022-02-08 16:06:44,029 [grpc-default-executor-2] INFO  server.RaftServer$Division (RaftServerImpl.java:notifyStateMachineToInstallSnapshot(1582)) - 9952a163-e333-4619-8cfb-f928b6e512fa@group-8ACED9F265D2: notifyInstallSnapshot: nextIndex is 0 but the leader's first available index is 24.
2022-02-08 16:06:44,029 [grpc-default-executor-2] INFO  ha.SCMStateMachine (SCMStateMachine.java:notifyInstallSnapshotFromLeader(219)) - Received install snapshot notification from SCM leader: localhost:32791 with term index: (t:2, i:24)
2022-02-08 16:06:44,034 [pool-264-thread-1] INFO  ha.SCMHAManagerImpl (SCMHAManagerImpl.java:getDBCheckpointFromLeader(207)) - Downloading checkpoint from leader SCM scmNode-1 and reloading state from the checkpoint.
2022-02-08 16:06:44,048 [grpc-default-executor-1] INFO  ha.SCMDBCheckpointProvider (SCMDBCheckpointProvider.java:writeDBCheckPointToSream(48)) - Received request to obtain SCM DB checkpoint snapshot
2022-02-08 16:06:44,060 [grpc-default-executor-1] INFO  db.RDBCheckpointManager (RDBCheckpointManager.java:createCheckpoint(86)) - Created checkpoint at /home/runner/work/ozone/ozone/hadoop-ozone/integration-test/target/test-dir/MiniOzoneClusterImpl-a5c83128-e0a7-4ff9-8358-8aced9f265d2/scmNode-1/db.checkpoints/scm.db_checkpoint_1644336404048 in 12 milliseconds
2022-02-08 16:06:44,064 [grpc-default-executor-1] INFO  ha.SCMGrpcOutputStream (SCMGrpcOutputStream.java:close(111)) - Sent 5817 bytes for cluster a5c83128-e0a7-4ff9-8358-8aced9f265d2
2022-02-08 16:06:44,064 [grpc-default-executor-1] INFO  ha.SCMDBCheckpointProvider (SCMDBCheckpointProvider.java:writeDBCheckPointToSream(73)) - Time taken to write the checkpoint to response output stream: 4 milliseconds
2022-02-08 16:06:44,064 [grpc-default-executor-1] INFO  db.RocksDBCheckpoint (RocksDBCheckpoint.java:cleanupCheckpoint(78)) - Cleaning up RocksDB checkpoint at /home/runner/work/ozone/ozone/hadoop-ozone/integration-test/target/test-dir/MiniOzoneClusterImpl-a5c83128-e0a7-4ff9-8358-8aced9f265d2/scmNode-1/db.checkpoints/scm.db_checkpoint_1644336404048
2022-02-08 16:06:44,069 [grpc-default-executor-1] INFO  ha.InterSCMGrpcClient (InterSCMGrpcClient.java:onCompleted(173)) - Checkpoint is downloaded to /home/runner/work/ozone/ozone/hadoop-ozone/integration-test/target/test-dir/MiniOzoneClusterImpl-a5c83128-e0a7-4ff9-8358-8aced9f265d2/scmNode-3/snapshot/scm.db-scmNode-1-1644336404034.tar.gz
2022-02-08 16:06:44,076 [EndpointStateMachine task thread for /127.0.0.1:36421 - 0 ] INFO  ipc.Client (Client.java:handleConnectionFailure(977)) - Retrying connect to server: localhost/127.0.0.1:36421. Already tried 13 time(s); retry policy is RetryUpToMaximumCountWithFixedSleep(maxRetries=15, sleepTime=1000 MILLISECONDS)
2022-02-08 16:06:44,095 [EndpointStateMachine task thread for /127.0.0.1:40425 - 0 ] INFO  ipc.Client (Client.java:handleConnectionFailure(977)) - Retrying connect to server: localhost/127.0.0.1:40425. Already tried 13 time(s); retry policy is RetryUpToMaximumCountWithFixedSleep(maxRetries=15, sleepTime=1000 MILLISECONDS)
2022-02-08 16:06:44,096 [EndpointStateMachine task thread for /127.0.0.1:42215 - 0 ] INFO  ipc.Client (Client.java:handleConnectionFailure(977)) - Retrying connect to server: localhost/127.0.0.1:42215. Already tried 13 time(s); retry policy is RetryUpToMaximumCountWithFixedSleep(maxRetries=15, sleepTime=1000 MILLISECONDS)
2022-02-08 16:06:44,104 [pool-264-thread-1] INFO  ha.SCMSnapshotProvider (SCMSnapshotProvider.java:getSCMDBSnapshot(131)) - Successfully downloaded latest checkpoint from leader SCM: scmNode-1 path /home/runner/work/ozone/ozone/hadoop-ozone/integration-test/target/test-dir/MiniOzoneClusterImpl-a5c83128-e0a7-4ff9-8358-8aced9f265d2/scmNode-3/snapshot/scm.db-scmNode-1-1644336404034
2022-02-08 16:06:44,104 [pool-264-thread-1] INFO  ha.SCMHAManagerImpl (SCMHAManagerImpl.java:downloadCheckpointFromLeader(159)) - Downloaded checkpoint from Leader scmNode-1 to the location /home/runner/work/ozone/ozone/hadoop-ozone/integration-test/target/test-dir/MiniOzoneClusterImpl-a5c83128-e0a7-4ff9-8358-8aced9f265d2/scmNode-3/snapshot/scm.db-scmNode-1-1644336404034
2022-02-08 16:06:44,178 [pool-264-thread-1] INFO  ha.SCMHAManagerImpl (SCMHAManagerImpl.java:verifyCheckpointFromLeader(173)) - Installing checkpoint with SCMTransactionInfo 2#24
2022-02-08 16:06:44,178 [pool-264-thread-1] INFO  server.RaftServer$Division (RaftServerImpl.java:lambda$notifyStateMachineToInstallSnapshot$30(1595)) - 9952a163-e333-4619-8cfb-f928b6e512fa@group-8ACED9F265D2: StateMachine successfully installed snapshot index 24. Reloading the StateMachine.
2022-02-08 16:06:44,178 [pool-264-thread-1] INFO  segmented.SegmentedRaftLogWorker (SegmentedRaftLogWorker.java:lambda$new$0(133)) - 9952a163-e333-4619-8cfb-f928b6e512fa@group-8ACED9F265D2-SegmentedRaftLogWorker: flushIndex: setUnconditionally -1 -> 24
2022-02-08 16:06:44,178 [pool-264-thread-1] INFO  segmented.SegmentedRaftLogWorker (SegmentedRaftLogWorker.java:lambda$new$0(133)) - 9952a163-e333-4619-8cfb-f928b6e512fa@group-8ACED9F265D2-SegmentedRaftLogWorker: safeCacheEvictIndex: setUnconditionally -1 -> 24
2022-02-08 16:06:44,178 [pool-264-thread-1] INFO  raftlog.RaftLog (RaftLogBase.java:lambda$new$0(53)) - 9952a163-e333-4619-8cfb-f928b6e512fa@group-8ACED9F265D2-SegmentedRaftLog: snapshotIndex: updateIncreasingly -1 -> 24
2022-02-08 16:06:44,183 [grpc-default-executor-2] INFO  server.RaftServer$Division (RaftServerImpl.java:notifyStateMachineToInstallSnapshot(1638)) - 9952a163-e333-4619-8cfb-f928b6e512fa@group-8ACED9F265D2: InstallSnapshot notification result: SNAPSHOT_INSTALLED, at index: 24
2022-02-08 16:06:44,184 [grpc-default-executor-2] INFO  server.RaftServer$Division (RaftServerImpl.java:installSnapshotImpl(1462)) - 9952a163-e333-4619-8cfb-f928b6e512fa@group-8ACED9F265D2: set new configuration index: 5
configurationEntry {
  peers {
    id: "97fdbb42-98dd-4737-a292-80a7798b14c1"
    address: "localhost:32791"
  }
  peers {
    id: "fdd19f4e-50ca-4edc-8a7e-48b923a90088"
    address: "localhost:42399"
  }
}
 from snapshot
2022-02-08 16:06:44,185 [grpc-default-executor-2] INFO  server.RaftServer$Division (ServerState.java:setRaftConf(387)) - 9952a163-e333-4619-8cfb-f928b6e512fa@group-8ACED9F265D2: set configuration 5: [97fdbb42-98dd-4737-a292-80a7798b14c1|rpc:localhost:32791|admin:|client:|dataStream:|priority:0, fdd19f4e-50ca-4edc-8a7e-48b923a90088|rpc:localhost:42399|admin:|client:|dataStream:|priority:0], old=null
2022-02-08 16:06:44,185 [grpc-default-executor-2] INFO  server.RaftServer$Division (RaftServerImpl.java:installSnapshot(1343)) - 9952a163-e333-4619-8cfb-f928b6e512fa@group-8ACED9F265D2: reply installSnapshot: 97fdbb42-98dd-4737-a292-80a7798b14c1<-9952a163-e333-4619-8cfb-f928b6e512fa#0:FAIL-t0,SNAPSHOT_INSTALLED,snapshotIndex=24
2022-02-08 16:06:44,185 [grpc-default-executor-2] INFO  server.GrpcServerProtocolService (GrpcServerProtocolService.java:onCompleted(140)) - 9952a163-e333-4619-8cfb-f928b6e512fa: Completed INSTALL_SNAPSHOT, lastRequest: 97fdbb42-98dd-4737-a292-80a7798b14c1->9952a163-e333-4619-8cfb-f928b6e512fa#0-t2,notify:(t:2, i:24)
2022-02-08 16:06:44,186 [grpc-default-executor-1] INFO  server.GrpcLogAppender (GrpcLogAppender.java:onNext(410)) - 97fdbb42-98dd-4737-a292-80a7798b14c1@group-8ACED9F265D2->9952a163-e333-4619-8cfb-f928b6e512fa-InstallSnapshotResponseHandler: received the first reply 97fdbb42-98dd-4737-a292-80a7798b14c1<-9952a163-e333-4619-8cfb-f928b6e512fa#0:FAIL-t0,SNAPSHOT_INSTALLED,snapshotIndex=24
2022-02-08 16:06:44,186 [grpc-default-executor-1] INFO  server.GrpcLogAppender (GrpcLogAppender.java:onNext(450)) - 97fdbb42-98dd-4737-a292-80a7798b14c1@group-8ACED9F265D2->9952a163-e333-4619-8cfb-f928b6e512fa-InstallSnapshotResponseHandler: Follower installed snapshot at index 24
2022-02-08 16:06:44,186 [grpc-default-executor-1] INFO  leader.FollowerInfo (FollowerInfoImpl.java:lambda$new$0(47)) - 97fdbb42-98dd-4737-a292-80a7798b14c1@group-8ACED9F265D2->9952a163-e333-4619-8cfb-f928b6e512fa: snapshotIndex: setUnconditionally 0 -> 24
2022-02-08 16:06:44,186 [grpc-default-executor-1] INFO  leader.FollowerInfo (FollowerInfoImpl.java:lambda$new$0(47)) - 97fdbb42-98dd-4737-a292-80a7798b14c1@group-8ACED9F265D2->9952a163-e333-4619-8cfb-f928b6e512fa: matchIndex: setUnconditionally 0 -> 24
2022-02-08 16:06:44,186 [grpc-default-executor-1] INFO  leader.FollowerInfo (FollowerInfoImpl.java:lambda$new$0(47)) - 97fdbb42-98dd-4737-a292-80a7798b14c1@group-8ACED9F265D2->9952a163-e333-4619-8cfb-f928b6e512fa: nextIndex: setUnconditionally 0 -> 25
2022-02-08 16:06:44,186 [grpc-default-executor-1] INFO  leader.FollowerInfo (FollowerInfoImpl.java:setAttemptedToInstallSnapshot(116)) - Follower 97fdbb42-98dd-4737-a292-80a7798b14c1@group-8ACED9F265D2->9952a163-e333-4619-8cfb-f928b6e512fa acknowledged installing snapshot
2022-02-08 16:06:44,187 [grpc-default-executor-1] INFO  leader.FollowerInfo (FollowerInfoImpl.java:lambda$new$0(47)) - 97fdbb42-98dd-4737-a292-80a7798b14c1@group-8ACED9F265D2->9952a163-e333-4619-8cfb-f928b6e512fa: nextIndex: updateToMax old=25, new=25, updated? false
2022-02-08 16:06:44,191 [grpc-default-executor-1] INFO  impl.RoleInfo (RoleInfo.java:updateAndGet(130)) - 9952a163-e333-4619-8cfb-f928b6e512fa: start 9952a163-e333-4619-8cfb-f928b6e512fa@group-8ACED9F265D2-FollowerState
2022-02-08 16:06:44,229 [9952a163-e333-4619-8cfb-f928b6e512fa@group-8ACED9F265D2-StateMachineUpdater] INFO  ha.SCMHAManagerImpl (SCMHAManagerImpl.java:installCheckpoint(228)) - Installing checkpoint with SCMTransactionInfo 2#24
2022-02-08 16:06:44,232 [9952a163-e333-4619-8cfb-f928b6e512fa@group-8ACED9F265D2-StateMachineUpdater] INFO  ha.SCMHAManagerImpl (SCMHAManagerImpl.java:installCheckpoint(267)) - Replaced DB with checkpoint, term: 2, index: 24
2022-02-08 16:06:44,232 [9952a163-e333-4619-8cfb-f928b6e512fa@group-8ACED9F265D2-StateMachineUpdater] WARN  utils.HAUtils (HAUtils.java:getMetaDir(342)) - ozone.scm.db.dirs is not configured. We recommend adding this setting. Falling back to ozone.metadata.dirs instead.
2022-02-08 16:06:44,233 [9952a163-e333-4619-8cfb-f928b6e512fa@group-8ACED9F265D2-StateMachineUpdater] WARN  db.DBStoreBuilder (DBStoreBuilder.java:applyDBDefinition(145)) - ozone.scm.db.dirs is not configured. We recommend adding this setting. Falling back to ozone.metadata.dirs instead.
2022-02-08 16:06:44,279 [9952a163-e333-4619-8cfb-f928b6e512fa@group-8ACED9F265D2-StateMachineUpdater] INFO  ha.SequenceIdGenerator (SequenceIdGenerator.java:reinitialize(166)) - reinitialize SequenceIdGenerator.
2022-02-08 16:06:44,284 [9952a163-e333-4619-8cfb-f928b6e512fa@group-8ACED9F265D2-StateMachineUpdater] INFO  ha.SCMHAManagerImpl (SCMHAManagerImpl.java:installCheckpoint(282)) - Reloaded SCM state with Term: 2 and Index: 24
2022-02-08 16:06:44,290 [9952a163-e333-4619-8cfb-f928b6e512fa@group-8ACED9F265D2-StateMachineUpdater] INFO  impl.StateMachineUpdater (StateMachineUpdater.java:lambda$new$0(89)) - 9952a163-e333-4619-8cfb-f928b6e512fa@group-8ACED9F265D2-StateMachineUpdater: snapshotIndex: setUnconditionally -1 -> 24
2022-02-08 16:06:44,291 [9952a163-e333-4619-8cfb-f928b6e512fa@group-8ACED9F265D2-StateMachineUpdater] INFO  impl.StateMachineUpdater (StateMachineUpdater.java:lambda$new$0(89)) - 9952a163-e333-4619-8cfb-f928b6e512fa@group-8ACED9F265D2-StateMachineUpdater: appliedIndex: setUnconditionally -1 -> 24
2022-02-08 16:06:44,554 [Datanode State Machine Daemon Thread] ERROR datanode.RunningDatanodeState (RunningDatanodeState.java:computeNextContainerState(199)) - Error in executing end point task.
java.util.concurrent.ExecutionException: java.util.concurrent.TimeoutException
	at java.util.concurrent.FutureTask.report(FutureTask.java:122)
	at java.util.concurrent.FutureTask.get(FutureTask.java:192)
	at org.apache.hadoop.ozone.container.common.states.datanode.RunningDatanodeState.computeNextContainerState(RunningDatanodeState.java:191)
	at org.apache.hadoop.ozone.container.common.states.datanode.RunningDatanodeState.await(RunningDatanodeState.java:231)
	at org.apache.hadoop.ozone.container.common.states.datanode.RunningDatanodeState.await(RunningDatanodeState.java:50)
	at org.apache.hadoop.ozone.container.common.statemachine.StateContext.execute(StateContext.java:633)
	at org.apache.hadoop.ozone.container.common.statemachine.DatanodeStateMachine.start(DatanodeStateMachine.java:283)
	at org.apache.hadoop.ozone.container.common.statemachine.DatanodeStateMachine.lambda$startDaemon$0(DatanodeStateMachine.java:471)
	at java.lang.Thread.run(Thread.java:748)
Caused by: java.util.concurrent.TimeoutException
	at java.util.concurrent.FutureTask.get(FutureTask.java:205)
	at org.apache.hadoop.ozone.container.common.states.datanode.RunningDatanodeState.lambda$execute$0(RunningDatanodeState.java:149)
	at java.util.concurrent.FutureTask.run(FutureTask.java:266)
	at java.util.concurrent.Executors$RunnableAdapter.call(Executors.java:511)
	at java.util.concurrent.FutureTask.run(FutureTask.java:266)
	at java.util.concurrent.ThreadPoolExecutor.runWorker(ThreadPoolExecutor.java:1149)
	at java.util.concurrent.ThreadPoolExecutor$Worker.run(ThreadPoolExecutor.java:624)
	... 1 more
2022-02-08 16:06:45,076 [EndpointStateMachine task thread for /127.0.0.1:36421 - 0 ] INFO  ipc.Client (Client.java:handleConnectionFailure(977)) - Retrying connect to server: localhost/127.0.0.1:36421. Already tried 14 time(s); retry policy is RetryUpToMaximumCountWithFixedSleep(maxRetries=15, sleepTime=1000 MILLISECONDS)
2022-02-08 16:06:45,095 [EndpointStateMachine task thread for /127.0.0.1:40425 - 0 ] INFO  ipc.Client (Client.java:handleConnectionFailure(977)) - Retrying connect to server: localhost/127.0.0.1:40425. Already tried 14 time(s); retry policy is RetryUpToMaximumCountWithFixedSleep(maxRetries=15, sleepTime=1000 MILLISECONDS)
2022-02-08 16:06:45,096 [EndpointStateMachine task thread for /127.0.0.1:40425 - 0 ] WARN  statemachine.EndpointStateMachine (EndpointStateMachine.java:logIfNeeded(236)) - Unable to communicate to SCM server at localhost:40425 for past 0 seconds.
java.net.ConnectException: Call From fv-az131-167/10.1.0.12 to localhost:40425 failed on connection exception: java.net.ConnectException: Connection refused; For more details see:  http://wiki.apache.org/hadoop/ConnectionRefused
	at sun.reflect.NativeConstructorAccessorImpl.newInstance0(Native Method)
	at sun.reflect.NativeConstructorAccessorImpl.newInstance(NativeConstructorAccessorImpl.java:62)
	at sun.reflect.DelegatingConstructorAccessorImpl.newInstance(DelegatingConstructorAccessorImpl.java:45)
	at java.lang.reflect.Constructor.newInstance(Constructor.java:423)
	at org.apache.hadoop.net.NetUtils.wrapWithMessage(NetUtils.java:913)
	at org.apache.hadoop.net.NetUtils.wrapException(NetUtils.java:828)
	at org.apache.hadoop.ipc.Client.getRpcResponse(Client.java:1577)
	at org.apache.hadoop.ipc.Client.call(Client.java:1519)
	at org.apache.hadoop.ipc.Client.call(Client.java:1416)
	at org.apache.hadoop.ipc.ProtobufRpcEngine$Invoker.invoke(ProtobufRpcEngine.java:236)
	at org.apache.hadoop.ipc.ProtobufRpcEngine$Invoker.invoke(ProtobufRpcEngine.java:123)
	at com.sun.proxy.$Proxy48.submitRequest(Unknown Source)
	at org.apache.hadoop.ozone.protocolPB.StorageContainerDatanodeProtocolClientSideTranslatorPB.submitRequest(StorageContainerDatanodeProtocolClientSideTranslatorPB.java:117)
	at org.apache.hadoop.ozone.protocolPB.StorageContainerDatanodeProtocolClientSideTranslatorPB.register(StorageContainerDatanodeProtocolClientSideTranslatorPB.java:180)
	at org.apache.hadoop.ozone.container.common.states.endpoint.RegisterEndpointTask.call(RegisterEndpointTask.java:158)
	at org.apache.hadoop.ozone.container.common.states.endpoint.RegisterEndpointTask.call(RegisterEndpointTask.java:52)
	at java.util.concurrent.FutureTask.run(FutureTask.java:266)
	at java.util.concurrent.ThreadPoolExecutor.runWorker(ThreadPoolExecutor.java:1149)
	at java.util.concurrent.ThreadPoolExecutor$Worker.run(ThreadPoolExecutor.java:624)
	at java.lang.Thread.run(Thread.java:748)
Caused by: java.net.ConnectException: Connection refused
	at sun.nio.ch.SocketChannelImpl.checkConnect(Native Method)
	at sun.nio.ch.SocketChannelImpl.finishConnect(SocketChannelImpl.java:716)
	at org.apache.hadoop.net.SocketIOWithTimeout.connect(SocketIOWithTimeout.java:206)
	at org.apache.hadoop.net.NetUtils.connect(NetUtils.java:586)
	at org.apache.hadoop.ipc.Client$Connection.setupConnection(Client.java:701)
	at org.apache.hadoop.ipc.Client$Connection.setupIOstreams(Client.java:822)
	at org.apache.hadoop.ipc.Client$Connection.access$3800(Client.java:414)
	at org.apache.hadoop.ipc.Client.getConnection(Client.java:1647)
	at org.apache.hadoop.ipc.Client.call(Client.java:1463)
	... 12 more
2022-02-08 16:06:45,097 [EndpointStateMachine task thread for /127.0.0.1:42215 - 0 ] INFO  ipc.Client (Client.java:handleConnectionFailure(977)) - Retrying connect to server: localhost/127.0.0.1:42215. Already tried 14 time(s); retry policy is RetryUpToMaximumCountWithFixedSleep(maxRetries=15, sleepTime=1000 MILLISECONDS)
2022-02-08 16:06:45,098 [EndpointStateMachine task thread for /127.0.0.1:42215 - 0 ] WARN  statemachine.EndpointStateMachine (EndpointStateMachine.java:logIfNeeded(236)) - Unable to communicate to SCM server at localhost:42215 for past 0 seconds.
java.net.ConnectException: Call From fv-az131-167/10.1.0.12 to localhost:42215 failed on connection exception: java.net.ConnectException: Connection refused; For more details see:  http://wiki.apache.org/hadoop/ConnectionRefused
	at sun.reflect.NativeConstructorAccessorImpl.newInstance0(Native Method)
	at sun.reflect.NativeConstructorAccessorImpl.newInstance(NativeConstructorAccessorImpl.java:62)
	at sun.reflect.DelegatingConstructorAccessorImpl.newInstance(DelegatingConstructorAccessorImpl.java:45)
	at java.lang.reflect.Constructor.newInstance(Constructor.java:423)
	at org.apache.hadoop.net.NetUtils.wrapWithMessage(NetUtils.java:913)
	at org.apache.hadoop.net.NetUtils.wrapException(NetUtils.java:828)
	at org.apache.hadoop.ipc.Client.getRpcResponse(Client.java:1577)
	at org.apache.hadoop.ipc.Client.call(Client.java:1519)
	at org.apache.hadoop.ipc.Client.call(Client.java:1416)
	at org.apache.hadoop.ipc.ProtobufRpcEngine$Invoker.invoke(ProtobufRpcEngine.java:236)
	at org.apache.hadoop.ipc.ProtobufRpcEngine$Invoker.invoke(ProtobufRpcEngine.java:123)
	at com.sun.proxy.$Proxy48.submitRequest(Unknown Source)
	at org.apache.hadoop.ozone.protocolPB.StorageContainerDatanodeProtocolClientSideTranslatorPB.submitRequest(StorageContainerDatanodeProtocolClientSideTranslatorPB.java:117)
	at org.apache.hadoop.ozone.protocolPB.StorageContainerDatanodeProtocolClientSideTranslatorPB.sendHeartbeat(StorageContainerDatanodeProtocolClientSideTranslatorPB.java:149)
	at org.apache.hadoop.ozone.container.common.states.endpoint.HeartbeatEndpointTask.call(HeartbeatEndpointTask.java:179)
	at org.apache.hadoop.ozone.container.common.states.endpoint.HeartbeatEndpointTask.call(HeartbeatEndpointTask.java:82)
	at java.util.concurrent.FutureTask.run(FutureTask.java:266)
	at java.util.concurrent.ThreadPoolExecutor.runWorker(ThreadPoolExecutor.java:1149)
	at java.util.concurrent.ThreadPoolExecutor$Worker.run(ThreadPoolExecutor.java:624)
	at java.lang.Thread.run(Thread.java:748)
Caused by: java.net.ConnectException: Connection refused
	at sun.nio.ch.SocketChannelImpl.checkConnect(Native Method)
	at sun.nio.ch.SocketChannelImpl.finishConnect(SocketChannelImpl.java:716)
	at org.apache.hadoop.net.SocketIOWithTimeout.connect(SocketIOWithTimeout.java:206)
	at org.apache.hadoop.net.NetUtils.connect(NetUtils.java:586)
	at org.apache.hadoop.ipc.Client$Connection.setupConnection(Client.java:701)
	at org.apache.hadoop.ipc.Client$Connection.setupIOstreams(Client.java:822)
	at org.apache.hadoop.ipc.Client$Connection.access$3800(Client.java:414)
	at org.apache.hadoop.ipc.Client.getConnection(Client.java:1647)
	at org.apache.hadoop.ipc.Client.call(Client.java:1463)
	... 12 more
2022-02-08 16:06:45,332 [Datanode State Machine Daemon Thread] ERROR datanode.RunningDatanodeState (RunningDatanodeState.java:computeNextContainerState(199)) - Error in executing end point task.
java.util.concurrent.ExecutionException: java.util.concurrent.TimeoutException
	at java.util.concurrent.FutureTask.report(FutureTask.java:122)
	at java.util.concurrent.FutureTask.get(FutureTask.java:192)
	at org.apache.hadoop.ozone.container.common.states.datanode.RunningDatanodeState.computeNextContainerState(RunningDatanodeState.java:191)
	at org.apache.hadoop.ozone.container.common.states.datanode.RunningDatanodeState.await(RunningDatanodeState.java:231)
	at org.apache.hadoop.ozone.container.common.states.datanode.RunningDatanodeState.await(RunningDatanodeState.java:50)
	at org.apache.hadoop.ozone.container.common.statemachine.StateContext.execute(StateContext.java:633)
	at org.apache.hadoop.ozone.container.common.statemachine.DatanodeStateMachine.start(DatanodeStateMachine.java:283)
	at org.apache.hadoop.ozone.container.common.statemachine.DatanodeStateMachine.lambda$startDaemon$0(DatanodeStateMachine.java:471)
	at java.lang.Thread.run(Thread.java:748)
Caused by: java.util.concurrent.TimeoutException
	at java.util.concurrent.FutureTask.get(FutureTask.java:205)
	at org.apache.hadoop.ozone.container.common.states.datanode.RunningDatanodeState.lambda$execute$0(RunningDatanodeState.java:149)
	at java.util.concurrent.FutureTask.run(FutureTask.java:266)
	at java.util.concurrent.Executors$RunnableAdapter.call(Executors.java:511)
	at java.util.concurrent.FutureTask.run(FutureTask.java:266)
	at java.util.concurrent.ThreadPoolExecutor.runWorker(ThreadPoolExecutor.java:1149)
	at java.util.concurrent.ThreadPoolExecutor$Worker.run(ThreadPoolExecutor.java:624)
	... 1 more
2022-02-08 16:06:45,556 [Datanode State Machine Daemon Thread] ERROR datanode.RunningDatanodeState (RunningDatanodeState.java:computeNextContainerState(199)) - Error in executing end point task.
java.util.concurrent.ExecutionException: java.util.concurrent.TimeoutException
	at java.util.concurrent.FutureTask.report(FutureTask.java:122)
	at java.util.concurrent.FutureTask.get(FutureTask.java:192)
	at org.apache.hadoop.ozone.container.common.states.datanode.RunningDatanodeState.computeNextContainerState(RunningDatanodeState.java:191)
	at org.apache.hadoop.ozone.container.common.states.datanode.RunningDatanodeState.await(RunningDatanodeState.java:231)
	at org.apache.hadoop.ozone.container.common.states.datanode.RunningDatanodeState.await(RunningDatanodeState.java:50)
	at org.apache.hadoop.ozone.container.common.statemachine.StateContext.execute(StateContext.java:633)
	at org.apache.hadoop.ozone.container.common.statemachine.DatanodeStateMachine.start(DatanodeStateMachine.java:283)
	at org.apache.hadoop.ozone.container.common.statemachine.DatanodeStateMachine.lambda$startDaemon$0(DatanodeStateMachine.java:471)
	at java.lang.Thread.run(Thread.java:748)
Caused by: java.util.concurrent.TimeoutException
	at java.util.concurrent.FutureTask.get(FutureTask.java:205)
	at org.apache.hadoop.ozone.container.common.states.datanode.RunningDatanodeState.lambda$execute$0(RunningDatanodeState.java:149)
	at java.util.concurrent.FutureTask.run(FutureTask.java:266)
	at java.util.concurrent.Executors$RunnableAdapter.call(Executors.java:511)
	at java.util.concurrent.FutureTask.run(FutureTask.java:266)
	at java.util.concurrent.ThreadPoolExecutor.runWorker(ThreadPoolExecutor.java:1149)
	at java.util.concurrent.ThreadPoolExecutor$Worker.run(ThreadPoolExecutor.java:624)
	... 1 more
2022-02-08 16:06:46,077 [EndpointStateMachine task thread for /127.0.0.1:36421 - 0 ] INFO  ipc.Client (Client.java:handleConnectionFailure(977)) - Retrying connect to server: localhost/127.0.0.1:36421. Already tried 0 time(s); retry policy is RetryUpToMaximumCountWithFixedSleep(maxRetries=15, sleepTime=1000 MILLISECONDS)
2022-02-08 16:06:46,097 [EndpointStateMachine task thread for /127.0.0.1:40425 - 0 ] INFO  ipc.Client (Client.java:handleConnectionFailure(977)) - Retrying connect to server: localhost/127.0.0.1:40425. Already tried 0 time(s); retry policy is RetryUpToMaximumCountWithFixedSleep(maxRetries=15, sleepTime=1000 MILLISECONDS)
2022-02-08 16:06:46,098 [EndpointStateMachine task thread for /127.0.0.1:42215 - 0 ] INFO  ipc.Client (Client.java:handleConnectionFailure(977)) - Retrying connect to server: localhost/127.0.0.1:42215. Already tried 0 time(s); retry policy is RetryUpToMaximumCountWithFixedSleep(maxRetries=15, sleepTime=1000 MILLISECONDS)
2022-02-08 16:06:47,078 [EndpointStateMachine task thread for /127.0.0.1:36421 - 0 ] INFO  ipc.Client (Client.java:handleConnectionFailure(977)) - Retrying connect to server: localhost/127.0.0.1:36421. Already tried 1 time(s); retry policy is RetryUpToMaximumCountWithFixedSleep(maxRetries=15, sleepTime=1000 MILLISECONDS)
2022-02-08 16:06:47,103 [EndpointStateMachine task thread for /127.0.0.1:42215 - 0 ] INFO  ipc.Client (Client.java:handleConnectionFailure(977)) - Retrying connect to server: localhost/127.0.0.1:42215. Already tried 1 time(s); retry policy is RetryUpToMaximumCountWithFixedSleep(maxRetries=15, sleepTime=1000 MILLISECONDS)
2022-02-08 16:06:47,103 [EndpointStateMachine task thread for /127.0.0.1:40425 - 0 ] INFO  ipc.Client (Client.java:handleConnectionFailure(977)) - Retrying connect to server: localhost/127.0.0.1:40425. Already tried 1 time(s); retry policy is RetryUpToMaximumCountWithFixedSleep(maxRetries=15, sleepTime=1000 MILLISECONDS)
2022-02-08 16:06:48,079 [EndpointStateMachine task thread for /127.0.0.1:36421 - 0 ] INFO  ipc.Client (Client.java:handleConnectionFailure(977)) - Retrying connect to server: localhost/127.0.0.1:36421. Already tried 2 time(s); retry policy is RetryUpToMaximumCountWithFixedSleep(maxRetries=15, sleepTime=1000 MILLISECONDS)
2022-02-08 16:06:48,104 [EndpointStateMachine task thread for /127.0.0.1:42215 - 0 ] INFO  ipc.Client (Client.java:handleConnectionFailure(977)) - Retrying connect to server: localhost/127.0.0.1:42215. Already tried 2 time(s); retry policy is RetryUpToMaximumCountWithFixedSleep(maxRetries=15, sleepTime=1000 MILLISECONDS)
2022-02-08 16:06:48,104 [EndpointStateMachine task thread for /127.0.0.1:40425 - 0 ] INFO  ipc.Client (Client.java:handleConnectionFailure(977)) - Retrying connect to server: localhost/127.0.0.1:40425. Already tried 2 time(s); retry policy is RetryUpToMaximumCountWithFixedSleep(maxRetries=15, sleepTime=1000 MILLISECONDS)
2022-02-08 16:06:48,802 [97fdbb42-98dd-4737-a292-80a7798b14c1@group-8ACED9F265D2-LeaderStateImpl] INFO  server.RaftServer$Division (ServerState.java:setRaftConf(387)) - 97fdbb42-98dd-4737-a292-80a7798b14c1@group-8ACED9F265D2: set configuration 25: [97fdbb42-98dd-4737-a292-80a7798b14c1|rpc:localhost:32791|admin:|client:|dataStream:|priority:0, fdd19f4e-50ca-4edc-8a7e-48b923a90088|rpc:localhost:42399|priority:0, 9952a163-e333-4619-8cfb-f928b6e512fa|rpc:localhost:33237|priority:0], old=[97fdbb42-98dd-4737-a292-80a7798b14c1|rpc:localhost:32791|admin:|client:|dataStream:|priority:0, fdd19f4e-50ca-4edc-8a7e-48b923a90088|rpc:localhost:42399|priority:0]
2022-02-08 16:06:48,804 [grpc-default-executor-1] INFO  server.RaftServer$Division (ServerState.java:setRaftConf(387)) - fdd19f4e-50ca-4edc-8a7e-48b923a90088@group-8ACED9F265D2: set configuration 25: [97fdbb42-98dd-4737-a292-80a7798b14c1|rpc:localhost:32791|admin:|client:|dataStream:|priority:0, fdd19f4e-50ca-4edc-8a7e-48b923a90088|rpc:localhost:42399|admin:|client:|dataStream:|priority:0, 9952a163-e333-4619-8cfb-f928b6e512fa|rpc:localhost:33237|admin:|client:|dataStream:|priority:0], old=[97fdbb42-98dd-4737-a292-80a7798b14c1|rpc:localhost:32791|admin:|client:|dataStream:|priority:0, fdd19f4e-50ca-4edc-8a7e-48b923a90088|rpc:localhost:42399|admin:|client:|dataStream:|priority:0]
2022-02-08 16:06:48,807 [grpc-default-executor-1] INFO  server.RaftServer$Division (ServerState.java:setRaftConf(387)) - 9952a163-e333-4619-8cfb-f928b6e512fa@group-8ACED9F265D2: set configuration 25: [97fdbb42-98dd-4737-a292-80a7798b14c1|rpc:localhost:32791|admin:|client:|dataStream:|priority:0, fdd19f4e-50ca-4edc-8a7e-48b923a90088|rpc:localhost:42399|admin:|client:|dataStream:|priority:0, 9952a163-e333-4619-8cfb-f928b6e512fa|rpc:localhost:33237|admin:|client:|dataStream:|priority:0], old=[97fdbb42-98dd-4737-a292-80a7798b14c1|rpc:localhost:32791|admin:|client:|dataStream:|priority:0, fdd19f4e-50ca-4edc-8a7e-48b923a90088|rpc:localhost:42399|admin:|client:|dataStream:|priority:0]
2022-02-08 16:06:48,807 [grpc-default-executor-1] INFO  segmented.SegmentedRaftLogWorker (SegmentedRaftLogWorker.java:startLogSegment(394)) - 9952a163-e333-4619-8cfb-f928b6e512fa@group-8ACED9F265D2-SegmentedRaftLogWorker: Starting segment from index:25
2022-02-08 16:06:48,818 [9952a163-e333-4619-8cfb-f928b6e512fa@group-8ACED9F265D2-SegmentedRaftLogWorker] INFO  segmented.SegmentedRaftLogWorker (SegmentedRaftLogWorker.java:execute(601)) - 9952a163-e333-4619-8cfb-f928b6e512fa@group-8ACED9F265D2-SegmentedRaftLogWorker: created new log segment /home/runner/work/ozone/ozone/hadoop-ozone/integration-test/target/test-dir/MiniOzoneClusterImpl-a5c83128-e0a7-4ff9-8358-8aced9f265d2/scmNode-3/scm-ha/a5c83128-e0a7-4ff9-8358-8aced9f265d2/current/log_inprogress_25
2022-02-08 16:06:48,820 [97fdbb42-98dd-4737-a292-80a7798b14c1@group-8ACED9F265D2-StateMachineUpdater] INFO  ha.SCMStateMachine (SCMStateMachine.java:takeSnapshot(297)) - Current Snapshot Index 25, takeSnapshot took 1 ms
2022-02-08 16:06:48,821 [97fdbb42-98dd-4737-a292-80a7798b14c1@group-8ACED9F265D2-StateMachineUpdater] INFO  impl.StateMachineUpdater (StateMachineUpdater.java:takeSnapshot(281)) - 97fdbb42-98dd-4737-a292-80a7798b14c1@group-8ACED9F265D2-StateMachineUpdater: Took a snapshot at index 25
2022-02-08 16:06:48,821 [97fdbb42-98dd-4737-a292-80a7798b14c1@group-8ACED9F265D2-StateMachineUpdater] INFO  impl.StateMachineUpdater (StateMachineUpdater.java:lambda$new$0(89)) - 97fdbb42-98dd-4737-a292-80a7798b14c1@group-8ACED9F265D2-StateMachineUpdater: snapshotIndex: updateIncreasingly 20 -> 25
2022-02-08 16:06:48,821 [97fdbb42-98dd-4737-a292-80a7798b14c1@group-8ACED9F265D2-StateMachineUpdater] INFO  raftlog.RaftLog (RaftLogBase.java:purge(306)) - 97fdbb42-98dd-4737-a292-80a7798b14c1@group-8ACED9F265D2-SegmentedRaftLog: purge 25
2022-02-08 16:06:48,821 [97fdbb42-98dd-4737-a292-80a7798b14c1@group-8ACED9F265D2-StateMachineUpdater] INFO  raftlog.RaftLog (RaftLogBase.java:lambda$new$0(53)) - 97fdbb42-98dd-4737-a292-80a7798b14c1@group-8ACED9F265D2-SegmentedRaftLog: snapshotIndex: updateIncreasingly 20 -> 25
2022-02-08 16:06:48,821 [97fdbb42-98dd-4737-a292-80a7798b14c1@group-8ACED9F265D2-StateMachineUpdater] INFO  raftlog.RaftLog (RaftLogBase.java:lambda$new$0(53)) - 97fdbb42-98dd-4737-a292-80a7798b14c1@group-8ACED9F265D2-SegmentedRaftLog: purgeIndex: updateToMax old=20, new=25, updated? true
2022-02-08 16:06:48,829 [97fdbb42-98dd-4737-a292-80a7798b14c1@group-8ACED9F265D2-LeaderStateImpl] INFO  server.RaftServer$Division (ServerState.java:setRaftConf(387)) - 97fdbb42-98dd-4737-a292-80a7798b14c1@group-8ACED9F265D2: set configuration 27: [97fdbb42-98dd-4737-a292-80a7798b14c1|rpc:localhost:32791|admin:|client:|dataStream:|priority:0, fdd19f4e-50ca-4edc-8a7e-48b923a90088|rpc:localhost:42399|priority:0, 9952a163-e333-4619-8cfb-f928b6e512fa|rpc:localhost:33237|priority:0], old=null
2022-02-08 16:06:48,830 [grpc-default-executor-1] INFO  server.RaftServer$Division (ServerState.java:setRaftConf(387)) - 9952a163-e333-4619-8cfb-f928b6e512fa@group-8ACED9F265D2: set configuration 27: [97fdbb42-98dd-4737-a292-80a7798b14c1|rpc:localhost:32791|admin:|client:|dataStream:|priority:0, fdd19f4e-50ca-4edc-8a7e-48b923a90088|rpc:localhost:42399|admin:|client:|dataStream:|priority:0, 9952a163-e333-4619-8cfb-f928b6e512fa|rpc:localhost:33237|admin:|client:|dataStream:|priority:0], old=null
2022-02-08 16:06:48,831 [grpc-default-executor-1] INFO  server.RaftServer$Division (ServerState.java:setRaftConf(387)) - fdd19f4e-50ca-4edc-8a7e-48b923a90088@group-8ACED9F265D2: set configuration 27: [97fdbb42-98dd-4737-a292-80a7798b14c1|rpc:localhost:32791|admin:|client:|dataStream:|priority:0, fdd19f4e-50ca-4edc-8a7e-48b923a90088|rpc:localhost:42399|admin:|client:|dataStream:|priority:0, 9952a163-e333-4619-8cfb-f928b6e512fa|rpc:localhost:33237|admin:|client:|dataStream:|priority:0], old=null
2022-02-08 16:06:48,838 [IPC Server handler 1 on default port 44177] INFO  ha.SCMRatisServerImpl (SCMRatisServerImpl.java:addSCM(303)) - Successfully added new SCM: 9952a163-e333-4619-8cfb-f928b6e512fa.
2022-02-08 16:06:48,841 [Listener at 127.0.0.1/39187] INFO  ha.SCMHAManagerImpl (SCMHAManagerImpl.java:start(117)) - Successfully added SCM scmNode-3 to group group-8ACED9F265D2:[97fdbb42-98dd-4737-a292-80a7798b14c1|rpc:localhost:32791|admin:|client:|dataStream:|priority:0, fdd19f4e-50ca-4edc-8a7e-48b923a90088|rpc:localhost:42399|admin:|client:|dataStream:|priority:0, 9952a163-e333-4619-8cfb-f928b6e512fa|rpc:localhost:33237|admin:|client:|dataStream:|priority:0]
2022-02-08 16:06:48,841 [Listener at 127.0.0.1/39187] INFO  ha.InterSCMGrpcService (InterSCMGrpcProtocolService.java:start(94)) - Starting SCM Grpc Service at port 41813
2022-02-08 16:06:48,842 [Listener at 127.0.0.1/39187] INFO  impl.MetricsSystemImpl (MetricsSystemImpl.java:init(158)) - StorageContainerManager metrics system started (again)
2022-02-08 16:06:48,862 [9952a163-e333-4619-8cfb-f928b6e512fa@group-8ACED9F265D2-StateMachineUpdater] INFO  safemode.HealthyPipelineSafeModeRule (HealthyPipelineSafeModeRule.java:initializeRule(152)) - Refreshed total pipeline count is 1, healthy pipeline threshold count is 1
2022-02-08 16:06:48,862 [9952a163-e333-4619-8cfb-f928b6e512fa@group-8ACED9F265D2-StateMachineUpdater] INFO  safemode.ContainerSafeModeRule (ContainerSafeModeRule.java:reInitializeRule(177)) - Refreshed one replica container threshold 0, currentThreshold 0
2022-02-08 16:06:48,862 [9952a163-e333-4619-8cfb-f928b6e512fa@group-8ACED9F265D2-StateMachineUpdater] INFO  safemode.OneReplicaPipelineSafeModeRule (OneReplicaPipelineSafeModeRule.java:initializeRule(176)) - Refreshed Total pipeline count is 1, pipeline's with at least one datanode reported threshold count is 1
2022-02-08 16:06:48,862 [9952a163-e333-4619-8cfb-f928b6e512fa@group-8ACED9F265D2-StateMachineUpdater] INFO  server.SCMDatanodeProtocolServer (SCMDatanodeProtocolServer.java:start(181)) - ScmDatanodeProtocol RPC server for DataNodes is listening at /0.0.0.0:35925
2022-02-08 16:06:48,870 [IPC Server listener on 35925] INFO  ipc.Server (Server.java:run(1344)) - IPC Server listener on 35925: starting
2022-02-08 16:06:48,892 [IPC Server Responder] INFO  ipc.Server (Server.java:run(1507)) - IPC Server Responder: starting
2022-02-08 16:06:48,896 [IPC Server handler 0 on default port 35925] INFO  ipc.Server (Server.java:run(1026)) - IPC Server handler 0 on default port 35925: skipped Call#269 Retry#0 org.apache.hadoop.ozone.protocol.StorageContainerDatanodeProtocol.submitRequest from 127.0.0.1:60350
2022-02-08 16:06:48,896 [IPC Server handler 0 on default port 35925] INFO  ipc.Server (Server.java:run(1026)) - IPC Server handler 0 on default port 35925: skipped Call#244 Retry#0 org.apache.hadoop.ozone.protocol.StorageContainerDatanodeProtocol.submitRequest from 127.0.0.1:60302
2022-02-08 16:06:48,896 [IPC Server handler 0 on default port 35925] INFO  ipc.Server (Server.java:run(1026)) - IPC Server handler 0 on default port 35925: skipped Call#349 Retry#0 org.apache.hadoop.ozone.protocol.StorageContainerDatanodeProtocol.submitRequest from 127.0.0.1:60444
2022-02-08 16:06:48,896 [IPC Server handler 0 on default port 35925] INFO  ipc.Server (Server.java:run(1026)) - IPC Server handler 0 on default port 35925: skipped Call#314 Retry#0 org.apache.hadoop.ozone.protocol.StorageContainerDatanodeProtocol.submitRequest from 127.0.0.1:60398
2022-02-08 16:06:48,896 [IPC Server handler 0 on default port 35925] INFO  ipc.Server (Server.java:run(1026)) - IPC Server handler 0 on default port 35925: skipped Call#270 Retry#0 org.apache.hadoop.ozone.protocol.StorageContainerDatanodeProtocol.submitRequest from 127.0.0.1:60350
2022-02-08 16:06:48,896 [IPC Server handler 0 on default port 35925] INFO  ipc.Server (Server.java:run(1026)) - IPC Server handler 0 on default port 35925: skipped Call#247 Retry#0 org.apache.hadoop.ozone.protocol.StorageContainerDatanodeProtocol.submitRequest from 127.0.0.1:60302
2022-02-08 16:06:48,896 [IPC Server handler 0 on default port 35925] INFO  ipc.Server (Server.java:run(1026)) - IPC Server handler 0 on default port 35925: skipped Call#350 Retry#0 org.apache.hadoop.ozone.protocol.StorageContainerDatanodeProtocol.submitRequest from 127.0.0.1:60444
2022-02-08 16:06:48,896 [IPC Server handler 0 on default port 35925] INFO  ipc.Server (Server.java:run(1026)) - IPC Server handler 0 on default port 35925: skipped Call#316 Retry#0 org.apache.hadoop.ozone.protocol.StorageContainerDatanodeProtocol.submitRequest from 127.0.0.1:60398
2022-02-08 16:06:48,896 [IPC Server handler 1 on default port 35925] INFO  ipc.Server (Server.java:run(1026)) - IPC Server handler 1 on default port 35925: skipped Call#271 Retry#0 org.apache.hadoop.ozone.protocol.StorageContainerDatanodeProtocol.submitRequest from 127.0.0.1:60350
2022-02-08 16:06:48,896 [IPC Server handler 1 on default port 35925] INFO  ipc.Server (Server.java:run(1026)) - IPC Server handler 1 on default port 35925: skipped Call#249 Retry#0 org.apache.hadoop.ozone.protocol.StorageContainerDatanodeProtocol.submitRequest from 127.0.0.1:60302
2022-02-08 16:06:48,897 [IPC Server handler 1 on default port 35925] INFO  ipc.Server (Server.java:run(1026)) - IPC Server handler 1 on default port 35925: skipped Call#351 Retry#0 org.apache.hadoop.ozone.protocol.StorageContainerDatanodeProtocol.submitRequest from 127.0.0.1:60444
2022-02-08 16:06:48,897 [IPC Server handler 1 on default port 35925] INFO  ipc.Server (Server.java:run(1026)) - IPC Server handler 1 on default port 35925: skipped Call#315 Retry#0 org.apache.hadoop.ozone.protocol.StorageContainerDatanodeProtocol.submitRequest from 127.0.0.1:60398
2022-02-08 16:06:48,899 [e1d33aab-103b-40d3-b11e-cca6cb4bf5ea@group-814509AA7368-FollowerState] INFO  impl.FollowerState (FollowerState.java:run(134)) - e1d33aab-103b-40d3-b11e-cca6cb4bf5ea@group-814509AA7368-FollowerState: change to CANDIDATE, lastRpcElapsedTime:5159225784ns, electionTimeout:5157ms
2022-02-08 16:06:48,899 [e1d33aab-103b-40d3-b11e-cca6cb4bf5ea@group-814509AA7368-FollowerState] INFO  impl.RoleInfo (RoleInfo.java:shutdownFollowerState(108)) - e1d33aab-103b-40d3-b11e-cca6cb4bf5ea: shutdown e1d33aab-103b-40d3-b11e-cca6cb4bf5ea@group-814509AA7368-FollowerState
2022-02-08 16:06:48,900 [e1d33aab-103b-40d3-b11e-cca6cb4bf5ea@group-814509AA7368-FollowerState] INFO  server.RaftServer$Division (RaftServerImpl.java:setRole(290)) - e1d33aab-103b-40d3-b11e-cca6cb4bf5ea@group-814509AA7368: changes role from  FOLLOWER to CANDIDATE at term 2 for changeToCandidate
2022-02-08 16:06:48,900 [e1d33aab-103b-40d3-b11e-cca6cb4bf5ea@group-814509AA7368-FollowerState] INFO  server.RaftServerConfigKeys (ConfUtils.java:logGet(44)) - raft.server.leaderelection.pre-vote = false (custom)
2022-02-08 16:06:48,900 [e1d33aab-103b-40d3-b11e-cca6cb4bf5ea@group-814509AA7368-FollowerState] INFO  impl.RoleInfo (RoleInfo.java:updateAndGet(130)) - e1d33aab-103b-40d3-b11e-cca6cb4bf5ea: start e1d33aab-103b-40d3-b11e-cca6cb4bf5ea@group-814509AA7368-LeaderElection25
2022-02-08 16:06:48,902 [bd23528b-4f24-4cbd-9fbb-986ea08237bf@group-814509AA7368-FollowerState] INFO  impl.FollowerState (FollowerState.java:run(134)) - bd23528b-4f24-4cbd-9fbb-986ea08237bf@group-814509AA7368-FollowerState: change to CANDIDATE, lastRpcElapsedTime:5156481468ns, electionTimeout:5136ms
2022-02-08 16:06:48,902 [bd23528b-4f24-4cbd-9fbb-986ea08237bf@group-814509AA7368-FollowerState] INFO  impl.RoleInfo (RoleInfo.java:shutdownFollowerState(108)) - bd23528b-4f24-4cbd-9fbb-986ea08237bf: shutdown bd23528b-4f24-4cbd-9fbb-986ea08237bf@group-814509AA7368-FollowerState
2022-02-08 16:06:48,902 [bd23528b-4f24-4cbd-9fbb-986ea08237bf@group-814509AA7368-FollowerState] INFO  server.RaftServer$Division (RaftServerImpl.java:setRole(290)) - bd23528b-4f24-4cbd-9fbb-986ea08237bf@group-814509AA7368: changes role from  FOLLOWER to CANDIDATE at term 2 for changeToCandidate
2022-02-08 16:06:48,909 [a5a2a086-d6c9-4c8e-8312-624683563c73@group-814509AA7368-FollowerState] INFO  impl.FollowerState (FollowerState.java:run(134)) - a5a2a086-d6c9-4c8e-8312-624683563c73@group-814509AA7368-FollowerState: change to CANDIDATE, lastRpcElapsedTime:5186576941ns, electionTimeout:5183ms
2022-02-08 16:06:48,909 [a5a2a086-d6c9-4c8e-8312-624683563c73@group-814509AA7368-FollowerState] INFO  impl.RoleInfo (RoleInfo.java:shutdownFollowerState(108)) - a5a2a086-d6c9-4c8e-8312-624683563c73: shutdown a5a2a086-d6c9-4c8e-8312-624683563c73@group-814509AA7368-FollowerState
2022-02-08 16:06:48,910 [a5a2a086-d6c9-4c8e-8312-624683563c73@group-814509AA7368-FollowerState] INFO  server.RaftServer$Division (RaftServerImpl.java:setRole(290)) - a5a2a086-d6c9-4c8e-8312-624683563c73@group-814509AA7368: changes role from  FOLLOWER to CANDIDATE at term 2 for changeToCandidate
2022-02-08 16:06:48,913 [e1d33aab-103b-40d3-b11e-cca6cb4bf5ea@group-814509AA7368-LeaderElection25] INFO  impl.LeaderElection (LeaderElection.java:askForVotes(306)) - e1d33aab-103b-40d3-b11e-cca6cb4bf5ea@group-814509AA7368-LeaderElection25 ELECTION round 0: submit vote requests at term 3 for -1: [a5a2a086-d6c9-4c8e-8312-624683563c73|rpc:127.0.0.1:46253|dataStream:|priority:0, e1d33aab-103b-40d3-b11e-cca6cb4bf5ea|rpc:127.0.0.1:37863|dataStream:|priority:1, bd23528b-4f24-4cbd-9fbb-986ea08237bf|rpc:127.0.0.1:42777|dataStream:|priority:0], old=null
2022-02-08 16:06:48,914 [Listener at 127.0.0.1/39187] INFO  server.SCMClientProtocolServer (SCMClientProtocolServer.java:start(165)) - RPC server for Client  is listening at /0.0.0.0:33239
2022-02-08 16:06:48,918 [IPC Server Responder] INFO  ipc.Server (Server.java:run(1507)) - IPC Server Responder: starting
2022-02-08 16:06:48,921 [IPC Server listener on 33239] INFO  ipc.Server (Server.java:run(1344)) - IPC Server listener on 33239: starting
2022-02-08 16:06:48,929 [Listener at 127.0.0.1/39187] INFO  server.StorageContainerManager (StorageContainerManager.java:start(1318)) - ScmBlockLocationProtocol RPC server is listening at /0.0.0.0:35673
2022-02-08 16:06:48,930 [Listener at 127.0.0.1/39187] INFO  server.SCMBlockProtocolServer (SCMBlockProtocolServer.java:start(151)) - RPC server for Block Protocol is listening at /0.0.0.0:35673
2022-02-08 16:06:48,930 [IPC Server Responder] INFO  ipc.Server (Server.java:run(1507)) - IPC Server Responder: starting
2022-02-08 16:06:48,930 [IPC Server listener on 35673] INFO  ipc.Server (Server.java:run(1344)) - IPC Server listener on 35673: starting
2022-02-08 16:06:48,967 [a5a2a086-d6c9-4c8e-8312-624683563c73@group-814509AA7368-FollowerState] INFO  server.RaftServerConfigKeys (ConfUtils.java:logGet(44)) - raft.server.leaderelection.pre-vote = false (custom)
2022-02-08 16:06:48,967 [a5a2a086-d6c9-4c8e-8312-624683563c73@group-814509AA7368-FollowerState] INFO  impl.RoleInfo (RoleInfo.java:updateAndGet(130)) - a5a2a086-d6c9-4c8e-8312-624683563c73: start a5a2a086-d6c9-4c8e-8312-624683563c73@group-814509AA7368-LeaderElection27
2022-02-08 16:06:48,988 [grpc-default-executor-1] INFO  server.RaftServer$Division (RaftServerImpl.java:requestVote(1046)) - a5a2a086-d6c9-4c8e-8312-624683563c73@group-814509AA7368: receive requestVote(ELECTION, e1d33aab-103b-40d3-b11e-cca6cb4bf5ea, group-814509AA7368, 3, (t:0, i:0))
2022-02-08 16:06:48,990 [grpc-default-executor-1] INFO  impl.VoteContext (VoteContext.java:log(48)) - a5a2a086-d6c9-4c8e-8312-624683563c73@group-814509AA7368-CANDIDATE: accept ELECTION from e1d33aab-103b-40d3-b11e-cca6cb4bf5ea: our priority 0 <= candidate's priority 1
2022-02-08 16:06:48,990 [grpc-default-executor-1] INFO  server.RaftServer$Division (RaftServerImpl.java:setRole(290)) - a5a2a086-d6c9-4c8e-8312-624683563c73@group-814509AA7368: changes role from CANDIDATE to FOLLOWER at term 3 for candidate:e1d33aab-103b-40d3-b11e-cca6cb4bf5ea
2022-02-08 16:06:48,990 [grpc-default-executor-1] INFO  impl.RoleInfo (RoleInfo.java:shutdownLeaderElection(121)) - a5a2a086-d6c9-4c8e-8312-624683563c73: shutdown a5a2a086-d6c9-4c8e-8312-624683563c73@group-814509AA7368-LeaderElection27
2022-02-08 16:06:48,990 [grpc-default-executor-1] INFO  impl.RoleInfo (RoleInfo.java:updateAndGet(130)) - a5a2a086-d6c9-4c8e-8312-624683563c73: start a5a2a086-d6c9-4c8e-8312-624683563c73@group-814509AA7368-FollowerState
2022-02-08 16:06:48,988 [grpc-default-executor-2] INFO  server.RaftServer$Division (RaftServerImpl.java:requestVote(1046)) - bd23528b-4f24-4cbd-9fbb-986ea08237bf@group-814509AA7368: receive requestVote(ELECTION, e1d33aab-103b-40d3-b11e-cca6cb4bf5ea, group-814509AA7368, 3, (t:0, i:0))
2022-02-08 16:06:48,989 [EndpointStateMachine task thread for /127.0.0.1:35925 - 0 ] INFO  ozoneimpl.OzoneContainer (OzoneContainer.java:start(311)) - Ignore. OzoneContainer already started.
2022-02-08 16:06:48,989 [EndpointStateMachine task thread for /127.0.0.1:35925 - 0 ] INFO  ozoneimpl.OzoneContainer (OzoneContainer.java:start(311)) - Ignore. OzoneContainer already started.
2022-02-08 16:06:48,989 [EndpointStateMachine task thread for /127.0.0.1:35925 - 0 ] INFO  ozoneimpl.OzoneContainer (OzoneContainer.java:start(311)) - Ignore. OzoneContainer already started.
2022-02-08 16:06:48,989 [bd23528b-4f24-4cbd-9fbb-986ea08237bf@group-814509AA7368-FollowerState] INFO  server.RaftServerConfigKeys (ConfUtils.java:logGet(44)) - raft.server.leaderelection.pre-vote = false (custom)
2022-02-08 16:06:48,990 [bd23528b-4f24-4cbd-9fbb-986ea08237bf@group-814509AA7368-FollowerState] INFO  impl.RoleInfo (RoleInfo.java:updateAndGet(130)) - bd23528b-4f24-4cbd-9fbb-986ea08237bf: start bd23528b-4f24-4cbd-9fbb-986ea08237bf@group-814509AA7368-LeaderElection26
2022-02-08 16:06:48,995 [grpc-default-executor-1] INFO  server.RaftServer$Division (RaftServerImpl.java:requestVote(1078)) - a5a2a086-d6c9-4c8e-8312-624683563c73@group-814509AA7368 replies to ELECTION vote request: e1d33aab-103b-40d3-b11e-cca6cb4bf5ea<-a5a2a086-d6c9-4c8e-8312-624683563c73#0:OK-t3. Peer's state: a5a2a086-d6c9-4c8e-8312-624683563c73@group-814509AA7368:t3, leader=null, voted=e1d33aab-103b-40d3-b11e-cca6cb4bf5ea, raftlog=a5a2a086-d6c9-4c8e-8312-624683563c73@group-814509AA7368-SegmentedRaftLog:OPENED:c-1, conf=-1: [a5a2a086-d6c9-4c8e-8312-624683563c73|rpc:127.0.0.1:46253|dataStream:|priority:0, e1d33aab-103b-40d3-b11e-cca6cb4bf5ea|rpc:127.0.0.1:37863|dataStream:|priority:1, bd23528b-4f24-4cbd-9fbb-986ea08237bf|rpc:127.0.0.1:42777|dataStream:|priority:0], old=null
2022-02-08 16:06:49,007 [grpc-default-executor-2] INFO  impl.VoteContext (VoteContext.java:log(48)) - bd23528b-4f24-4cbd-9fbb-986ea08237bf@group-814509AA7368-CANDIDATE: accept ELECTION from e1d33aab-103b-40d3-b11e-cca6cb4bf5ea: our priority 0 <= candidate's priority 1
2022-02-08 16:06:49,007 [grpc-default-executor-2] INFO  server.RaftServer$Division (RaftServerImpl.java:setRole(290)) - bd23528b-4f24-4cbd-9fbb-986ea08237bf@group-814509AA7368: changes role from CANDIDATE to FOLLOWER at term 3 for candidate:e1d33aab-103b-40d3-b11e-cca6cb4bf5ea
2022-02-08 16:06:49,007 [grpc-default-executor-2] INFO  impl.RoleInfo (RoleInfo.java:shutdownLeaderElection(121)) - bd23528b-4f24-4cbd-9fbb-986ea08237bf: shutdown bd23528b-4f24-4cbd-9fbb-986ea08237bf@group-814509AA7368-LeaderElection26
2022-02-08 16:06:49,008 [grpc-default-executor-2] INFO  impl.RoleInfo (RoleInfo.java:updateAndGet(130)) - bd23528b-4f24-4cbd-9fbb-986ea08237bf: start bd23528b-4f24-4cbd-9fbb-986ea08237bf@group-814509AA7368-FollowerState
2022-02-08 16:06:49,008 [bd23528b-4f24-4cbd-9fbb-986ea08237bf@group-814509AA7368-LeaderElection26] INFO  impl.LeaderElection (LeaderElection.java:run(230)) - bd23528b-4f24-4cbd-9fbb-986ea08237bf@group-814509AA7368-LeaderElection26: skip running since this is already CLOSING
2022-02-08 16:06:49,015 [org.apache.hadoop.util.JvmPauseMonitor$Monitor@10b5c86f] INFO  util.JvmPauseMonitor (JvmPauseMonitor.java:run(188)) - Starting JVM pause monitor
2022-02-08 16:06:49,015 [Listener at 127.0.0.1/39187] INFO  http.BaseHttpServer (BaseHttpServer.java:newHttpServer2BuilderForOzone(209)) - Starting Web-server for scm at: http://0.0.0.0:38355
2022-02-08 16:06:49,015 [Listener at 127.0.0.1/39187] INFO  http.BaseHttpServer (BaseHttpServer.java:<init>(107)) - Hadoop Security Enabled: false Ozone Security Enabled: false Ozone HTTP Security Enabled: false 
2022-02-08 16:06:49,018 [grpc-default-executor-2] INFO  server.RaftServer$Division (RaftServerImpl.java:requestVote(1078)) - bd23528b-4f24-4cbd-9fbb-986ea08237bf@group-814509AA7368 replies to ELECTION vote request: e1d33aab-103b-40d3-b11e-cca6cb4bf5ea<-bd23528b-4f24-4cbd-9fbb-986ea08237bf#0:OK-t3. Peer's state: bd23528b-4f24-4cbd-9fbb-986ea08237bf@group-814509AA7368:t3, leader=null, voted=e1d33aab-103b-40d3-b11e-cca6cb4bf5ea, raftlog=bd23528b-4f24-4cbd-9fbb-986ea08237bf@group-814509AA7368-SegmentedRaftLog:OPENED:c-1, conf=-1: [a5a2a086-d6c9-4c8e-8312-624683563c73|rpc:127.0.0.1:46253|priority:0, e1d33aab-103b-40d3-b11e-cca6cb4bf5ea|rpc:127.0.0.1:37863|priority:1, bd23528b-4f24-4cbd-9fbb-986ea08237bf|rpc:127.0.0.1:42777|priority:0], old=null
2022-02-08 16:06:49,019 [e1d33aab-103b-40d3-b11e-cca6cb4bf5ea@group-814509AA7368-LeaderElection25] INFO  impl.LeaderElection (LeaderElection.java:logAndReturn(89)) - e1d33aab-103b-40d3-b11e-cca6cb4bf5ea@group-814509AA7368-LeaderElection25: ELECTION PASSED received 1 response(s) and 0 exception(s):
2022-02-08 16:06:49,019 [e1d33aab-103b-40d3-b11e-cca6cb4bf5ea@group-814509AA7368-LeaderElection25] INFO  impl.LeaderElection (LeaderElection.java:logAndReturn(93)) -   Response 0: e1d33aab-103b-40d3-b11e-cca6cb4bf5ea<-bd23528b-4f24-4cbd-9fbb-986ea08237bf#0:OK-t3
2022-02-08 16:06:49,020 [Listener at 127.0.0.1/39187] INFO  server.AuthenticationFilter (AuthenticationFilter.java:constructSecretProvider(240)) - Unable to initialize FileSignerSecretProvider, falling back to use random secrets.
2022-02-08 16:06:49,028 [Listener at 127.0.0.1/39187] WARN  http.HttpRequestLog (HttpRequestLog.java:getRequestLog(103)) - Jetty request log can only be enabled using Log4j
2022-02-08 16:06:49,029 [Listener at 127.0.0.1/39187] INFO  http.HttpServer2 (HttpServer2.java:addGlobalFilter(1030)) - Added global filter 'safety' (class=org.apache.hadoop.hdds.server.http.HttpServer2$QuotingInputFilter)
2022-02-08 16:06:49,029 [Listener at 127.0.0.1/39187] INFO  http.HttpServer2 (HttpServer2.java:addFilter(1006)) - Added filter static_user_filter (class=org.apache.hadoop.http.lib.StaticUserWebFilter$StaticUserFilter) to context scm
2022-02-08 16:06:49,030 [Listener at 127.0.0.1/39187] INFO  http.HttpServer2 (HttpServer2.java:addFilter(1014)) - Added filter static_user_filter (class=org.apache.hadoop.http.lib.StaticUserWebFilter$StaticUserFilter) to context logs
2022-02-08 16:06:49,030 [Listener at 127.0.0.1/39187] INFO  http.HttpServer2 (HttpServer2.java:addFilter(1014)) - Added filter static_user_filter (class=org.apache.hadoop.http.lib.StaticUserWebFilter$StaticUserFilter) to context static
2022-02-08 16:06:49,030 [Listener at 127.0.0.1/39187] INFO  http.HttpServer2 (HttpServer2.java:bindListener(1249)) - Jetty bound to port 38355
2022-02-08 16:06:49,030 [Listener at 127.0.0.1/39187] INFO  server.Server (Server.java:doStart(375)) - jetty-9.4.43.v20210629; built: 2021-06-30T11:07:22.254Z; git: 526006ecfa3af7f1a27ef3a288e2bef7ea9dd7e8; jvm 1.8.0_312-b07
2022-02-08 16:06:49,048 [Listener at 127.0.0.1/39187] INFO  server.session (DefaultSessionIdManager.java:doStart(334)) - DefaultSessionIdManager workerName=node0
2022-02-08 16:06:49,048 [Listener at 127.0.0.1/39187] INFO  server.session (DefaultSessionIdManager.java:doStart(339)) - No SessionScavenger set, using defaults
2022-02-08 16:06:49,048 [Listener at 127.0.0.1/39187] INFO  server.session (HouseKeeper.java:startScavenging(132)) - node0 Scavenging every 660000ms
2022-02-08 16:06:49,049 [Listener at 127.0.0.1/39187] INFO  handler.ContextHandler (ContextHandler.java:doStart(915)) - Started o.e.j.s.ServletContextHandler@251b3e8a{logs,/logs,file:///home/runner/work/ozone/ozone/hadoop-ozone/integration-test/target/log,AVAILABLE}
2022-02-08 16:06:49,049 [Listener at 127.0.0.1/39187] INFO  handler.ContextHandler (ContextHandler.java:doStart(915)) - Started o.e.j.s.ServletContextHandler@7a97e7f{static,/static,file:///home/runner/work/ozone/ozone/hadoop-ozone/integration-test/target/test-classes/webapps/static,AVAILABLE}
2022-02-08 16:06:49,052 [Listener at 127.0.0.1/39187] INFO  handler.ContextHandler (ContextHandler.java:doStart(915)) - Started o.e.j.w.WebAppContext@18121865{scm,/,file:///home/runner/work/ozone/ozone/hadoop-ozone/integration-test/target/test-classes/webapps/scm/,AVAILABLE}{file:/home/runner/work/ozone/ozone/hadoop-ozone/integration-test/target/test-classes/webapps/scm}
2022-02-08 16:06:49,064 [e1d33aab-103b-40d3-b11e-cca6cb4bf5ea@group-814509AA7368-LeaderElection25] INFO  impl.LeaderElection (LeaderElection.java:askForVotes(308)) - e1d33aab-103b-40d3-b11e-cca6cb4bf5ea@group-814509AA7368-LeaderElection25 ELECTION round 0: result PASSED
2022-02-08 16:06:49,064 [e1d33aab-103b-40d3-b11e-cca6cb4bf5ea@group-814509AA7368-LeaderElection25] INFO  impl.RoleInfo (RoleInfo.java:shutdownLeaderElection(121)) - e1d33aab-103b-40d3-b11e-cca6cb4bf5ea: shutdown e1d33aab-103b-40d3-b11e-cca6cb4bf5ea@group-814509AA7368-LeaderElection25
2022-02-08 16:06:49,064 [e1d33aab-103b-40d3-b11e-cca6cb4bf5ea@group-814509AA7368-LeaderElection25] INFO  server.RaftServer$Division (RaftServerImpl.java:setRole(290)) - e1d33aab-103b-40d3-b11e-cca6cb4bf5ea@group-814509AA7368: changes role from CANDIDATE to LEADER at term 3 for changeToLeader
2022-02-08 16:06:49,064 [e1d33aab-103b-40d3-b11e-cca6cb4bf5ea@group-814509AA7368-LeaderElection25] INFO  ratis.XceiverServerRatis (XceiverServerRatis.java:handleLeaderChangedNotification(866)) - Leader change notification received for group: group-814509AA7368 with new leaderId: e1d33aab-103b-40d3-b11e-cca6cb4bf5ea
2022-02-08 16:06:49,064 [e1d33aab-103b-40d3-b11e-cca6cb4bf5ea@group-814509AA7368-LeaderElection25] INFO  server.RaftServer$Division (ServerState.java:setLeader(285)) - e1d33aab-103b-40d3-b11e-cca6cb4bf5ea@group-814509AA7368: change Leader from null to e1d33aab-103b-40d3-b11e-cca6cb4bf5ea at term 3 for becomeLeader, leader elected after 15333ms
2022-02-08 16:06:49,064 [e1d33aab-103b-40d3-b11e-cca6cb4bf5ea@group-814509AA7368-LeaderElection25] INFO  server.RaftServerConfigKeys (ConfUtils.java:logGet(44)) - raft.server.staging.catchup.gap = 1000 (default)
2022-02-08 16:06:49,065 [e1d33aab-103b-40d3-b11e-cca6cb4bf5ea@group-814509AA7368-LeaderElection25] INFO  server.RaftServerConfigKeys (ConfUtils.java:logGet(44)) - raft.server.write.element-limit = 1024 (custom)
2022-02-08 16:06:49,065 [e1d33aab-103b-40d3-b11e-cca6cb4bf5ea@group-814509AA7368-LeaderElection25] INFO  server.RaftServerConfigKeys (ConfUtils.java:logGet(44)) - raft.server.write.byte-limit = 1024 M (=1073741824) (custom)
2022-02-08 16:06:49,065 [Listener at 127.0.0.1/39187] INFO  server.AbstractConnector (AbstractConnector.java:doStart(331)) - Started ServerConnector@235632a6{HTTP/1.1, (http/1.1)}{0.0.0.0:38355}
2022-02-08 16:06:49,065 [e1d33aab-103b-40d3-b11e-cca6cb4bf5ea@group-814509AA7368-LeaderElection25] INFO  server.RaftServerConfigKeys (ConfUtils.java:logGet(44)) - raft.server.watch.timeout = 180s (custom)
2022-02-08 16:06:49,065 [e1d33aab-103b-40d3-b11e-cca6cb4bf5ea@group-814509AA7368-LeaderElection25] INFO  server.RaftServerConfigKeys (ConfUtils.java:logGet(44)) - raft.server.watch.timeout.denomination = 1s (default)
2022-02-08 16:06:49,065 [e1d33aab-103b-40d3-b11e-cca6cb4bf5ea@group-814509AA7368-LeaderElection25] INFO  server.RaftServerConfigKeys (ConfUtils.java:logGet(44)) - raft.server.watch.element-limit = 65536 (default)
2022-02-08 16:06:49,065 [e1d33aab-103b-40d3-b11e-cca6cb4bf5ea@group-814509AA7368-LeaderElection25] INFO  server.RaftServerConfigKeys (ConfUtils.java:logGet(44)) - raft.server.write.element-limit = 1024 (custom)
2022-02-08 16:06:49,065 [e1d33aab-103b-40d3-b11e-cca6cb4bf5ea@group-814509AA7368-LeaderElection25] INFO  server.RaftServerConfigKeys (ConfUtils.java:logGet(44)) - raft.server.write.follower.gap.ratio.max = -1.0 (default)
2022-02-08 16:06:49,065 [e1d33aab-103b-40d3-b11e-cca6cb4bf5ea@group-814509AA7368-LeaderElection25] INFO  server.RaftServerConfigKeys (ConfUtils.java:logGet(44)) - raft.server.log.appender.snapshot.chunk.size.max = 16MB (=16777216) (default)
2022-02-08 16:06:49,072 [e1d33aab-103b-40d3-b11e-cca6cb4bf5ea@group-814509AA7368-LeaderElection25] INFO  server.RaftServerConfigKeys (ConfUtils.java:logGet(44)) - raft.server.log.appender.buffer.byte-limit = 33554432 (custom)
2022-02-08 16:06:49,072 [e1d33aab-103b-40d3-b11e-cca6cb4bf5ea@group-814509AA7368-LeaderElection25] INFO  server.RaftServerConfigKeys (ConfUtils.java:logGet(44)) - raft.server.log.appender.buffer.element-limit = 1 (custom)
2022-02-08 16:06:49,072 [e1d33aab-103b-40d3-b11e-cca6cb4bf5ea@group-814509AA7368-LeaderElection25] INFO  grpc.GrpcConfigKeys (ConfUtils.java:logGet(44)) - raft.grpc.server.leader.outstanding.appends.max = 128 (default)
2022-02-08 16:06:49,072 [e1d33aab-103b-40d3-b11e-cca6cb4bf5ea@group-814509AA7368-LeaderElection25] INFO  server.RaftServerConfigKeys (ConfUtils.java:logGet(44)) - raft.server.rpc.request.timeout = 60s (custom)
2022-02-08 16:06:49,072 [e1d33aab-103b-40d3-b11e-cca6cb4bf5ea@group-814509AA7368-LeaderElection25] INFO  server.RaftServerConfigKeys (ConfUtils.java:logGet(44)) - raft.server.log.appender.install.snapshot.enabled = false (custom)
2022-02-08 16:06:49,073 [e1d33aab-103b-40d3-b11e-cca6cb4bf5ea@group-814509AA7368-LeaderElection25] INFO  server.RaftServerConfigKeys (ConfUtils.java:logGet(44)) - raft.server.log.appender.snapshot.chunk.size.max = 16MB (=16777216) (default)
2022-02-08 16:06:49,073 [e1d33aab-103b-40d3-b11e-cca6cb4bf5ea@group-814509AA7368-LeaderElection25] INFO  server.RaftServerConfigKeys (ConfUtils.java:logGet(44)) - raft.server.log.appender.buffer.byte-limit = 33554432 (custom)
2022-02-08 16:06:49,073 [e1d33aab-103b-40d3-b11e-cca6cb4bf5ea@group-814509AA7368-LeaderElection25] INFO  server.RaftServerConfigKeys (ConfUtils.java:logGet(44)) - raft.server.log.appender.buffer.element-limit = 1 (custom)
2022-02-08 16:06:49,073 [e1d33aab-103b-40d3-b11e-cca6cb4bf5ea@group-814509AA7368-LeaderElection25] INFO  grpc.GrpcConfigKeys (ConfUtils.java:logGet(44)) - raft.grpc.server.leader.outstanding.appends.max = 128 (default)
2022-02-08 16:06:49,073 [e1d33aab-103b-40d3-b11e-cca6cb4bf5ea@group-814509AA7368-LeaderElection25] INFO  server.RaftServerConfigKeys (ConfUtils.java:logGet(44)) - raft.server.rpc.request.timeout = 60s (custom)
2022-02-08 16:06:49,073 [e1d33aab-103b-40d3-b11e-cca6cb4bf5ea@group-814509AA7368-LeaderElection25] INFO  server.RaftServerConfigKeys (ConfUtils.java:logGet(44)) - raft.server.log.appender.install.snapshot.enabled = false (custom)
2022-02-08 16:06:49,074 [e1d33aab-103b-40d3-b11e-cca6cb4bf5ea@group-814509AA7368-LeaderElection25] INFO  impl.RoleInfo (RoleInfo.java:updateAndGet(130)) - e1d33aab-103b-40d3-b11e-cca6cb4bf5ea: start e1d33aab-103b-40d3-b11e-cca6cb4bf5ea@group-814509AA7368-LeaderStateImpl
2022-02-08 16:06:49,074 [e1d33aab-103b-40d3-b11e-cca6cb4bf5ea@group-814509AA7368-LeaderElection25] INFO  segmented.SegmentedRaftLogWorker (SegmentedRaftLogWorker.java:startLogSegment(394)) - e1d33aab-103b-40d3-b11e-cca6cb4bf5ea@group-814509AA7368-SegmentedRaftLogWorker: Starting segment from index:0
2022-02-08 16:06:49,075 [EventQueue-PipelineReportForPipelineReportHandler] INFO  pipeline.PipelineManagerImpl (PipelineManagerImpl.java:openPipeline(291)) - Pipeline Pipeline[ Id: da59a702-20e4-476a-a133-814509aa7368, Nodes: a5a2a086-d6c9-4c8e-8312-624683563c73{ip: 127.0.0.1, host: localhost, ports: [REPLICATION=35897, RATIS=46253, RATIS_ADMIN=46253, RATIS_SERVER=46253, STANDALONE=43179], networkLocation: /default-rack, certSerialId: null, persistedOpState: IN_SERVICE, persistedOpStateExpiryEpochSec: 0}e1d33aab-103b-40d3-b11e-cca6cb4bf5ea{ip: 127.0.0.1, host: localhost, ports: [REPLICATION=44937, RATIS=37863, RATIS_ADMIN=37863, RATIS_SERVER=37863, STANDALONE=33547], networkLocation: /default-rack, certSerialId: null, persistedOpState: IN_SERVICE, persistedOpStateExpiryEpochSec: 0}bd23528b-4f24-4cbd-9fbb-986ea08237bf{ip: 127.0.0.1, host: localhost, ports: [REPLICATION=41995, RATIS=42777, RATIS_ADMIN=42777, RATIS_SERVER=42777, STANDALONE=41959], networkLocation: /default-rack, certSerialId: null, persistedOpState: IN_SERVICE, persistedOpStateExpiryEpochSec: 0}, ReplicationConfig: RATIS/THREE, State:ALLOCATED, leaderId:e1d33aab-103b-40d3-b11e-cca6cb4bf5ea, CreationTimestamp2022-02-08T16:06:31.094Z[Etc/UTC]] moved to OPEN state
2022-02-08 16:06:49,076 [EventQueue-PipelineReportForPipelineReportHandler] INFO  pipeline.PipelineManagerImpl (PipelineManagerImpl.java:openPipeline(291)) - Pipeline Pipeline[ Id: da59a702-20e4-476a-a133-814509aa7368, Nodes: a5a2a086-d6c9-4c8e-8312-624683563c73{ip: 127.0.0.1, host: localhost, ports: [REPLICATION=35897, RATIS=46253, RATIS_ADMIN=46253, RATIS_SERVER=46253, STANDALONE=43179], networkLocation: /default-rack, certSerialId: null, persistedOpState: IN_SERVICE, persistedOpStateExpiryEpochSec: 0}e1d33aab-103b-40d3-b11e-cca6cb4bf5ea{ip: 127.0.0.1, host: localhost, ports: [REPLICATION=44937, RATIS=37863, RATIS_ADMIN=37863, RATIS_SERVER=37863, STANDALONE=33547], networkLocation: /default-rack, certSerialId: null, persistedOpState: IN_SERVICE, persistedOpStateExpiryEpochSec: 0}bd23528b-4f24-4cbd-9fbb-986ea08237bf{ip: 127.0.0.1, host: localhost, ports: [REPLICATION=41995, RATIS=42777, RATIS_ADMIN=42777, RATIS_SERVER=42777, STANDALONE=41959], networkLocation: /default-rack, certSerialId: null, persistedOpState: IN_SERVICE, persistedOpStateExpiryEpochSec: 0}, ReplicationConfig: RATIS/THREE, State:ALLOCATED, leaderId:e1d33aab-103b-40d3-b11e-cca6cb4bf5ea, CreationTimestamp2022-02-08T16:06:31.094Z[Etc/UTC]] moved to OPEN state
2022-02-08 16:06:49,076 [EventQueue-OpenPipelineForHealthyPipelineSafeModeRule] INFO  safemode.SCMSafeModeManager (HealthyPipelineSafeModeRule.java:process(124)) - SCM in safe mode. Healthy pipelines reported count is 1, required healthy pipeline reported count is 1
2022-02-08 16:06:49,076 [EventQueue-OpenPipelineForHealthyPipelineSafeModeRule] INFO  safemode.SCMSafeModeManager (SCMSafeModeManager.java:validateSafeModeExitRules(204)) - HealthyPipelineSafeModeRule rule is successfully validated
2022-02-08 16:06:49,076 [EventQueue-OpenPipelineForHealthyPipelineSafeModeRule] INFO  safemode.SCMSafeModeManager (SCMSafeModeManager.java:validateSafeModeExitRules(219)) - ScmSafeModeManager, all rules are successfully validated
2022-02-08 16:06:49,076 [EventQueue-OpenPipelineForHealthyPipelineSafeModeRule] INFO  safemode.SCMSafeModeManager (SCMSafeModeManager.java:exitSafeMode(248)) - SCM exiting safe mode.
2022-02-08 16:06:49,076 [EventQueue-OpenPipelineForHealthyPipelineSafeModeRule] WARN  events.EventQueue (EventQueue.java:fireEvent(194)) - No event handler registered for event TypedEvent{payloadType=SafeModeStatus, name='Safe mode status'}
2022-02-08 16:06:49,076 [EventQueue-OpenPipelineForHealthyPipelineSafeModeRule] INFO  ha.SCMContext (SCMContext.java:updateSafeModeStatus(211)) - Update SafeModeStatus from SafeModeStatus{safeModeStatus=true, preCheckPassed=true} to SafeModeStatus{safeModeStatus=false, preCheckPassed=true}.
2022-02-08 16:06:49,077 [e1d33aab-103b-40d3-b11e-cca6cb4bf5ea@group-814509AA7368-SegmentedRaftLogWorker] INFO  segmented.SegmentedRaftLogWorker (SegmentedRaftLogWorker.java:execute(601)) - e1d33aab-103b-40d3-b11e-cca6cb4bf5ea@group-814509AA7368-SegmentedRaftLogWorker: created new log segment /home/runner/work/ozone/ozone/hadoop-ozone/integration-test/target/test-dir/MiniOzoneClusterImpl-a5c83128-e0a7-4ff9-8358-8aced9f265d2/datanode-2/data/ratis/da59a702-20e4-476a-a133-814509aa7368/current/log_inprogress_0
2022-02-08 16:06:49,071 [Listener at 127.0.0.1/39187] INFO  server.Server (Server.java:doStart(415)) - Started @119926ms
2022-02-08 16:06:49,078 [Listener at 127.0.0.1/39187] WARN  impl.MetricsSystemImpl (MetricsSystemImpl.java:register(279)) - Sink prometheus already exists!
2022-02-08 16:06:49,079 [Listener at 127.0.0.1/39187] INFO  http.BaseHttpServer (BaseHttpServer.java:updateConnectorAddress(329)) - HTTP server of scm listening at http://0.0.0.0:38355
2022-02-08 16:06:49,079 [Listener at 127.0.0.1/39187] INFO  safemode.SCMSafeModeManager (SCMSafeModeManager.java:exitSafeMode(248)) - SCM exiting safe mode.
2022-02-08 16:06:49,079 [Listener at 127.0.0.1/39187] WARN  events.EventQueue (EventQueue.java:fireEvent(194)) - No event handler registered for event TypedEvent{payloadType=SafeModeStatus, name='Safe mode status'}
2022-02-08 16:06:49,079 [Listener at 127.0.0.1/39187] INFO  ha.SCMContext (SCMContext.java:updateSafeModeStatus(211)) - Update SafeModeStatus from SafeModeStatus{safeModeStatus=true, preCheckPassed=false} to SafeModeStatus{safeModeStatus=false, preCheckPassed=true}.
2022-02-08 16:06:49,079 [EndpointStateMachine task thread for /127.0.0.1:36421 - 0 ] INFO  ipc.Client (Client.java:handleConnectionFailure(977)) - Retrying connect to server: localhost/127.0.0.1:36421. Already tried 3 time(s); retry policy is RetryUpToMaximumCountWithFixedSleep(maxRetries=15, sleepTime=1000 MILLISECONDS)
2022-02-08 16:06:49,088 [fdd19f4e-50ca-4edc-8a7e-48b923a90088@group-8ACED9F265D2-StateMachineUpdater] INFO  ha.SCMStateMachine (SCMStateMachine.java:takeSnapshot(297)) - Current Snapshot Index 28, takeSnapshot took 0 ms
2022-02-08 16:06:49,088 [fdd19f4e-50ca-4edc-8a7e-48b923a90088@group-8ACED9F265D2-StateMachineUpdater] INFO  impl.StateMachineUpdater (StateMachineUpdater.java:takeSnapshot(281)) - fdd19f4e-50ca-4edc-8a7e-48b923a90088@group-8ACED9F265D2-StateMachineUpdater: Took a snapshot at index 28
2022-02-08 16:06:49,088 [fdd19f4e-50ca-4edc-8a7e-48b923a90088@group-8ACED9F265D2-StateMachineUpdater] INFO  impl.StateMachineUpdater (StateMachineUpdater.java:lambda$new$0(89)) - fdd19f4e-50ca-4edc-8a7e-48b923a90088@group-8ACED9F265D2-StateMachineUpdater: snapshotIndex: updateIncreasingly 23 -> 28
2022-02-08 16:06:49,088 [fdd19f4e-50ca-4edc-8a7e-48b923a90088@group-8ACED9F265D2-StateMachineUpdater] INFO  raftlog.RaftLog (RaftLogBase.java:purge(306)) - fdd19f4e-50ca-4edc-8a7e-48b923a90088@group-8ACED9F265D2-SegmentedRaftLog: purge 28
2022-02-08 16:06:49,088 [IPC Server handler 15 on default port 35925] INFO  net.NetworkTopologyImpl (NetworkTopologyImpl.java:add(112)) - Added a new node: /default-rack/e1d33aab-103b-40d3-b11e-cca6cb4bf5ea
2022-02-08 16:06:49,088 [fdd19f4e-50ca-4edc-8a7e-48b923a90088@group-8ACED9F265D2-StateMachineUpdater] INFO  raftlog.RaftLog (RaftLogBase.java:lambda$new$0(53)) - fdd19f4e-50ca-4edc-8a7e-48b923a90088@group-8ACED9F265D2-SegmentedRaftLog: snapshotIndex: updateIncreasingly 23 -> 28
2022-02-08 16:06:49,089 [IPC Server handler 15 on default port 35925] INFO  node.SCMNodeManager (SCMNodeManager.java:register(389)) - Registered Data node : e1d33aab-103b-40d3-b11e-cca6cb4bf5ea{ip: 127.0.0.1, host: localhost, ports: [REPLICATION=44937, RATIS=37863, RATIS_ADMIN=37863, RATIS_SERVER=37863, STANDALONE=33547], networkLocation: /default-rack, certSerialId: null, persistedOpState: null, persistedOpStateExpiryEpochSec: 0}
2022-02-08 16:06:49,089 [fdd19f4e-50ca-4edc-8a7e-48b923a90088@group-8ACED9F265D2-StateMachineUpdater] INFO  raftlog.RaftLog (RaftLogBase.java:lambda$new$0(53)) - fdd19f4e-50ca-4edc-8a7e-48b923a90088@group-8ACED9F265D2-SegmentedRaftLog: purgeIndex: updateToMax old=23, new=28, updated? true
2022-02-08 16:06:49,090 [Listener at 127.0.0.1/39187] INFO  db.RDBCheckpointManager (RDBCheckpointManager.java:createCheckpoint(86)) - Created checkpoint at /home/runner/work/ozone/ozone/hadoop-ozone/integration-test/target/test-dir/MiniOzoneClusterImpl-a5c83128-e0a7-4ff9-8358-8aced9f265d2/scmNode-1/db.checkpoints/scm.db_checkpoint_1644336409079 in 11 milliseconds
2022-02-08 16:06:49,096 [9952a163-e333-4619-8cfb-f928b6e512fa@group-8ACED9F265D2-StateMachineUpdater] ERROR impl.StateMachineUpdater (StateMachineUpdater.java:run(191)) - 9952a163-e333-4619-8cfb-f928b6e512fa@group-8ACED9F265D2-StateMachineUpdater caught a Throwable.
java.lang.IllegalStateException: 9952a163-e333-4619-8cfb-f928b6e512fa: Failed updateLastAppliedTermIndex: newTI = (t:2, i:28) < oldTI = (t:2, i:128)
	at org.apache.ratis.util.Preconditions.assertTrue(Preconditions.java:72)
	at org.apache.ratis.statemachine.impl.BaseStateMachine.updateLastAppliedTermIndex(BaseStateMachine.java:142)
	at org.apache.hadoop.hdds.scm.ha.SCMStateMachine.notifyTermIndexUpdated(SCMStateMachine.java:310)
	at org.apache.ratis.server.impl.RaftServerImpl.applyLogToStateMachine(RaftServerImpl.java:1701)
	at org.apache.ratis.server.impl.StateMachineUpdater.applyLog(StateMachineUpdater.java:234)
	at org.apache.ratis.server.impl.StateMachineUpdater.run(StateMachineUpdater.java:179)
	at java.lang.Thread.run(Thread.java:748)
2022-02-08 16:06:49,096 [9952a163-e333-4619-8cfb-f928b6e512fa@group-8ACED9F265D2-StateMachineUpdater] INFO  server.RaftServer$Division (RaftServerImpl.java:lambda$close$4(412)) - 9952a163-e333-4619-8cfb-f928b6e512fa@group-8ACED9F265D2: shutdown
2022-02-08 16:06:49,096 [9952a163-e333-4619-8cfb-f928b6e512fa@group-8ACED9F265D2-StateMachineUpdater] INFO  util.JmxRegister (JmxRegister.java:unregister(73)) - Successfully un-registered JMX Bean with object name Ratis:service=RaftServer,group=group-8ACED9F265D2,id=9952a163-e333-4619-8cfb-f928b6e512fa
2022-02-08 16:06:49,096 [9952a163-e333-4619-8cfb-f928b6e512fa@group-8ACED9F265D2-StateMachineUpdater] INFO  impl.RoleInfo (RoleInfo.java:shutdownFollowerState(108)) - 9952a163-e333-4619-8cfb-f928b6e512fa: shutdown 9952a163-e333-4619-8cfb-f928b6e512fa@group-8ACED9F265D2-FollowerState
2022-02-08 16:06:49,102 [grpc-default-executor-1] INFO  ratis.XceiverServerRatis (XceiverServerRatis.java:handleLeaderChangedNotification(866)) - Leader change notification received for group: group-814509AA7368 with new leaderId: e1d33aab-103b-40d3-b11e-cca6cb4bf5ea
2022-02-08 16:06:49,102 [grpc-default-executor-1] INFO  server.RaftServer$Division (ServerState.java:setLeader(285)) - bd23528b-4f24-4cbd-9fbb-986ea08237bf@group-814509AA7368: change Leader from null to e1d33aab-103b-40d3-b11e-cca6cb4bf5ea at term 3 for appendEntries, leader elected after 15600ms
2022-02-08 16:06:49,104 [e1d33aab-103b-40d3-b11e-cca6cb4bf5ea@group-814509AA7368-LeaderElection25] INFO  server.RaftServer$Division (ServerState.java:setRaftConf(387)) - e1d33aab-103b-40d3-b11e-cca6cb4bf5ea@group-814509AA7368: set configuration 0: [a5a2a086-d6c9-4c8e-8312-624683563c73|rpc:127.0.0.1:46253|dataStream:|priority:0, e1d33aab-103b-40d3-b11e-cca6cb4bf5ea|rpc:127.0.0.1:37863|dataStream:|priority:1, bd23528b-4f24-4cbd-9fbb-986ea08237bf|rpc:127.0.0.1:42777|dataStream:|priority:0], old=null
2022-02-08 16:06:49,105 [EndpointStateMachine task thread for /127.0.0.1:42215 - 0 ] INFO  ipc.Client (Client.java:handleConnectionFailure(977)) - Retrying connect to server: localhost/127.0.0.1:42215. Already tried 3 time(s); retry policy is RetryUpToMaximumCountWithFixedSleep(maxRetries=15, sleepTime=1000 MILLISECONDS)
2022-02-08 16:06:49,105 [EndpointStateMachine task thread for /127.0.0.1:40425 - 0 ] INFO  ipc.Client (Client.java:handleConnectionFailure(977)) - Retrying connect to server: localhost/127.0.0.1:40425. Already tried 3 time(s); retry policy is RetryUpToMaximumCountWithFixedSleep(maxRetries=15, sleepTime=1000 MILLISECONDS)
2022-02-08 16:06:49,111 [grpc-default-executor-0] INFO  ratis.XceiverServerRatis (XceiverServerRatis.java:handleLeaderChangedNotification(866)) - Leader change notification received for group: group-814509AA7368 with new leaderId: e1d33aab-103b-40d3-b11e-cca6cb4bf5ea
2022-02-08 16:06:49,111 [grpc-default-executor-0] INFO  server.RaftServer$Division (ServerState.java:setLeader(285)) - a5a2a086-d6c9-4c8e-8312-624683563c73@group-814509AA7368: change Leader from null to e1d33aab-103b-40d3-b11e-cca6cb4bf5ea at term 3 for appendEntries, leader elected after 15511ms
2022-02-08 16:06:49,120 [grpc-default-executor-1] INFO  server.RaftServer$Division (ServerState.java:setRaftConf(387)) - bd23528b-4f24-4cbd-9fbb-986ea08237bf@group-814509AA7368: set configuration 0: [a5a2a086-d6c9-4c8e-8312-624683563c73|rpc:127.0.0.1:46253|dataStream:|priority:0, e1d33aab-103b-40d3-b11e-cca6cb4bf5ea|rpc:127.0.0.1:37863|dataStream:|priority:1, bd23528b-4f24-4cbd-9fbb-986ea08237bf|rpc:127.0.0.1:42777|dataStream:|priority:0], old=null
2022-02-08 16:06:49,120 [grpc-default-executor-1] INFO  segmented.SegmentedRaftLogWorker (SegmentedRaftLogWorker.java:startLogSegment(394)) - bd23528b-4f24-4cbd-9fbb-986ea08237bf@group-814509AA7368-SegmentedRaftLogWorker: Starting segment from index:0
2022-02-08 16:06:49,126 [97fdbb42-98dd-4737-a292-80a7798b14c1@group-8ACED9F265D2-StateMachineUpdater] INFO  ha.SCMStateMachine (SCMStateMachine.java:takeSnapshot(297)) - Current Snapshot Index 30, takeSnapshot took 2 ms
2022-02-08 16:06:49,126 [97fdbb42-98dd-4737-a292-80a7798b14c1@group-8ACED9F265D2-StateMachineUpdater] INFO  impl.StateMachineUpdater (StateMachineUpdater.java:takeSnapshot(281)) - 97fdbb42-98dd-4737-a292-80a7798b14c1@group-8ACED9F265D2-StateMachineUpdater: Took a snapshot at index 30
2022-02-08 16:06:49,126 [97fdbb42-98dd-4737-a292-80a7798b14c1@group-8ACED9F265D2-StateMachineUpdater] INFO  impl.StateMachineUpdater (StateMachineUpdater.java:lambda$new$0(89)) - 97fdbb42-98dd-4737-a292-80a7798b14c1@group-8ACED9F265D2-StateMachineUpdater: snapshotIndex: updateIncreasingly 25 -> 30
2022-02-08 16:06:49,126 [97fdbb42-98dd-4737-a292-80a7798b14c1@group-8ACED9F265D2-StateMachineUpdater] INFO  raftlog.RaftLog (RaftLogBase.java:purge(306)) - 97fdbb42-98dd-4737-a292-80a7798b14c1@group-8ACED9F265D2-SegmentedRaftLog: purge 30
2022-02-08 16:06:49,126 [97fdbb42-98dd-4737-a292-80a7798b14c1@group-8ACED9F265D2-StateMachineUpdater] INFO  raftlog.RaftLog (RaftLogBase.java:lambda$new$0(53)) - 97fdbb42-98dd-4737-a292-80a7798b14c1@group-8ACED9F265D2-SegmentedRaftLog: snapshotIndex: updateIncreasingly 25 -> 30
2022-02-08 16:06:49,126 [97fdbb42-98dd-4737-a292-80a7798b14c1@group-8ACED9F265D2-StateMachineUpdater] INFO  raftlog.RaftLog (RaftLogBase.java:lambda$new$0(53)) - 97fdbb42-98dd-4737-a292-80a7798b14c1@group-8ACED9F265D2-SegmentedRaftLog: purgeIndex: updateToMax old=25, new=30, updated? true
2022-02-08 16:06:49,132 [9952a163-e333-4619-8cfb-f928b6e512fa@group-8ACED9F265D2-FollowerState] INFO  impl.FollowerState (FollowerState.java:run(143)) - 9952a163-e333-4619-8cfb-f928b6e512fa@group-8ACED9F265D2-FollowerState was interrupted: {}
java.lang.InterruptedException: sleep interrupted
	at java.lang.Thread.sleep(Native Method)
	at java.lang.Thread.sleep(Thread.java:340)
	at java.util.concurrent.TimeUnit.sleep(TimeUnit.java:386)
	at org.apache.ratis.util.TimeDuration.sleep(TimeDuration.java:324)
	at org.apache.ratis.util.TimeDuration.sleep(TimeDuration.java:309)
	at org.apache.ratis.server.impl.FollowerState.run(FollowerState.java:118)
2022-02-08 16:06:49,140 [bd23528b-4f24-4cbd-9fbb-986ea08237bf@group-814509AA7368-SegmentedRaftLogWorker] INFO  segmented.SegmentedRaftLogWorker (SegmentedRaftLogWorker.java:execute(601)) - bd23528b-4f24-4cbd-9fbb-986ea08237bf@group-814509AA7368-SegmentedRaftLogWorker: created new log segment /home/runner/work/ozone/ozone/hadoop-ozone/integration-test/target/test-dir/MiniOzoneClusterImpl-a5c83128-e0a7-4ff9-8358-8aced9f265d2/datanode-0/data/ratis/da59a702-20e4-476a-a133-814509aa7368/current/log_inprogress_0
2022-02-08 16:06:49,154 [grpc-default-executor-0] INFO  server.RaftServer$Division (ServerState.java:setRaftConf(387)) - a5a2a086-d6c9-4c8e-8312-624683563c73@group-814509AA7368: set configuration 0: [a5a2a086-d6c9-4c8e-8312-624683563c73|rpc:127.0.0.1:46253|dataStream:|priority:0, e1d33aab-103b-40d3-b11e-cca6cb4bf5ea|rpc:127.0.0.1:37863|dataStream:|priority:1, bd23528b-4f24-4cbd-9fbb-986ea08237bf|rpc:127.0.0.1:42777|dataStream:|priority:0], old=null
2022-02-08 16:06:49,155 [grpc-default-executor-0] INFO  segmented.SegmentedRaftLogWorker (SegmentedRaftLogWorker.java:startLogSegment(394)) - a5a2a086-d6c9-4c8e-8312-624683563c73@group-814509AA7368-SegmentedRaftLogWorker: Starting segment from index:0
2022-02-08 16:06:49,160 [9952a163-e333-4619-8cfb-f928b6e512fa@group-8ACED9F265D2-StateMachineUpdater] INFO  server.RaftServer$Division (ServerState.java:close(419)) - 9952a163-e333-4619-8cfb-f928b6e512fa@group-8ACED9F265D2: closes. applyIndex: 28
2022-02-08 16:06:49,166 [9952a163-e333-4619-8cfb-f928b6e512fa@group-8ACED9F265D2-SegmentedRaftLogWorker] INFO  segmented.SegmentedRaftLogWorker (SegmentedRaftLogWorker.java:run(327)) - 9952a163-e333-4619-8cfb-f928b6e512fa@group-8ACED9F265D2-SegmentedRaftLogWorker was interrupted, exiting. There are 0 tasks remaining in the queue.
2022-02-08 16:06:49,166 [Listener at 127.0.0.1/39187] INFO  ha.SCMHAManagerImpl (SCMHAManagerImpl.java:installCheckpoint(228)) - Installing checkpoint with SCMTransactionInfo 2#25
2022-02-08 16:06:49,167 [Listener at 127.0.0.1/39187] WARN  ha.SCMHAManagerImpl (SCMHAManagerImpl.java:installCheckpoint(241)) - Cannot proceed with InstallSnapshot as SCM is at TermIndex (t:2, i:28) and checkpoint has lower TermIndex (t:2, i:25). Reloading old state of SCM.
2022-02-08 16:06:49,165 [EventQueue-NewNodeForNewNodeHandler] INFO  pipeline.BackgroundPipelineCreator (BackgroundPipelineCreator.java:notifyEventTriggered(279)) - ignore, not leader SCM.
2022-02-08 16:06:49,171 [9952a163-e333-4619-8cfb-f928b6e512fa@group-8ACED9F265D2-StateMachineUpdater] INFO  segmented.SegmentedRaftLogWorker (SegmentedRaftLogWorker.java:close(237)) - 9952a163-e333-4619-8cfb-f928b6e512fa@group-8ACED9F265D2-SegmentedRaftLogWorker close()
2022-02-08 16:06:49,176 [a5a2a086-d6c9-4c8e-8312-624683563c73@group-814509AA7368-SegmentedRaftLogWorker] INFO  segmented.SegmentedRaftLogWorker (SegmentedRaftLogWorker.java:execute(601)) - a5a2a086-d6c9-4c8e-8312-624683563c73@group-814509AA7368-SegmentedRaftLogWorker: created new log segment /home/runner/work/ozone/ozone/hadoop-ozone/integration-test/target/test-dir/MiniOzoneClusterImpl-a5c83128-e0a7-4ff9-8358-8aced9f265d2/datanode-1/data/ratis/da59a702-20e4-476a-a133-814509aa7368/current/log_inprogress_0
2022-02-08 16:06:49,177 [Listener at 127.0.0.1/39187] INFO  ozone.MiniOzoneClusterImpl (MiniOzoneClusterImpl.java:shutdown(437)) - Shutting down the Mini Ozone Cluster
2022-02-08 16:06:49,178 [Listener at 127.0.0.1/39187] INFO  ozone.MiniOzoneHAClusterImpl (MiniOzoneHAClusterImpl.java:stop(308)) - Stopping the OzoneManager omNode-1
2022-02-08 16:06:49,178 [Listener at 127.0.0.1/39187] INFO  om.OzoneManager (OzoneManager.java:stop(1893)) - omNode-1[localhost:39187]: Stopping Ozone Manager
2022-02-08 16:06:49,178 [Listener at 127.0.0.1/39187] INFO  ipc.Server (Server.java:stop(3414)) - Stopping server on 39187
2022-02-08 16:06:49,210 [IPC Server listener on 39187] INFO  ipc.Server (Server.java:run(1376)) - Stopping IPC Server listener on 39187
2022-02-08 16:06:49,210 [IPC Server Responder] INFO  ipc.Server (Server.java:run(1512)) - Stopping IPC Server Responder
2022-02-08 16:06:49,211 [Listener at 127.0.0.1/39187] INFO  server.RaftServer (RaftServerProxy.java:lambda$close$6(391)) - omNode-1: close
2022-02-08 16:06:49,211 [Listener at 127.0.0.1/39187] INFO  server.RaftServer$Division (RaftServerImpl.java:lambda$close$4(412)) - omNode-1@group-523986131536: shutdown
2022-02-08 16:06:49,211 [Listener at 127.0.0.1/39187] INFO  util.JmxRegister (JmxRegister.java:unregister(73)) - Successfully un-registered JMX Bean with object name Ratis:service=RaftServer,group=group-523986131536,id=omNode-1
2022-02-08 16:06:49,212 [Listener at 127.0.0.1/39187] INFO  impl.RoleInfo (RoleInfo.java:shutdownLeaderState(91)) - omNode-1: shutdown omNode-1@group-523986131536-LeaderStateImpl
2022-02-08 16:06:49,212 [Listener at 127.0.0.1/39187] INFO  impl.PendingRequests (PendingRequests.java:sendNotLeaderResponses(282)) - omNode-1@group-523986131536-PendingRequests: sendNotLeaderResponses
2022-02-08 16:06:49,212 [Listener at 127.0.0.1/39187] INFO  impl.StateMachineUpdater (StateMachineUpdater.java:stopAndJoin(149)) - omNode-1@group-523986131536-StateMachineUpdater: set stopIndex = 0
2022-02-08 16:06:49,213 [omNode-1@group-523986131536-StateMachineUpdater] INFO  ratis.OzoneManagerStateMachine (OzoneManagerStateMachine.java:takeSnapshot(417)) - Current Snapshot Index (t:1, i:0)
2022-02-08 16:06:49,213 [omNode-1@group-523986131536-StateMachineUpdater] INFO  impl.StateMachineUpdater (StateMachineUpdater.java:takeSnapshot(281)) - omNode-1@group-523986131536-StateMachineUpdater: Took a snapshot at index 0
2022-02-08 16:06:49,213 [omNode-1@group-523986131536-StateMachineUpdater] INFO  impl.StateMachineUpdater (StateMachineUpdater.java:lambda$new$0(89)) - omNode-1@group-523986131536-StateMachineUpdater: snapshotIndex: updateIncreasingly -1 -> 0
2022-02-08 16:06:49,213 [omNode-1@group-523986131536-StateMachineUpdater] INFO  ratis.OzoneManagerStateMachine (OzoneManagerStateMachine.java:close(471)) - StateMachine has shutdown. Shutdown OzoneManager if not already shutdown.
2022-02-08 16:06:49,216 [Listener at 127.0.0.1/39187] INFO  server.RaftServer$Division (ServerState.java:close(419)) - omNode-1@group-523986131536: closes. applyIndex: 0
2022-02-08 16:06:49,216 [omNode-1@group-523986131536-SegmentedRaftLogWorker] INFO  segmented.SegmentedRaftLogWorker (SegmentedRaftLogWorker.java:run(327)) - omNode-1@group-523986131536-SegmentedRaftLogWorker was interrupted, exiting. There are 0 tasks remaining in the queue.
2022-02-08 16:06:49,221 [Listener at 127.0.0.1/39187] INFO  segmented.SegmentedRaftLogWorker (SegmentedRaftLogWorker.java:close(237)) - omNode-1@group-523986131536-SegmentedRaftLogWorker close()
2022-02-08 16:06:49,223 [Listener at 127.0.0.1/39187] INFO  server.GrpcService (GrpcService.java:closeImpl(262)) - omNode-1: shutdown server with port 33555 now
2022-02-08 16:06:49,224 [Listener at 127.0.0.1/39187] INFO  server.GrpcService (GrpcService.java:closeImpl(271)) - omNode-1: shutdown server with port 33555 successfully
2022-02-08 16:06:49,224 [org.apache.ratis.util.JvmPauseMonitor$$Lambda$503/1122118227@1748e38e] INFO  util.JvmPauseMonitor (JvmPauseMonitor.java:run(109)) - JvmPauseMonitor-omNode-1: Stopped
2022-02-08 16:06:49,224 [Listener at 127.0.0.1/39187] INFO  ratis.OzoneManagerDoubleBuffer (OzoneManagerDoubleBuffer.java:stop(437)) - Stopping OMDoubleBuffer flush thread
2022-02-08 16:06:49,224 [OMDoubleBufferFlushThread] INFO  ratis.OzoneManagerDoubleBuffer (OzoneManagerDoubleBuffer.java:flushTransactions(356)) - OMDoubleBuffer flush thread OMDoubleBufferFlushThread is interrupted and will exit. OMDoubleBufferFlushThread
2022-02-08 16:06:49,224 [Listener at 127.0.0.1/39187] INFO  utils.BackgroundService (BackgroundService.java:shutdown(132)) - Shutting down service KeyDeletingService
2022-02-08 16:06:49,224 [Listener at 127.0.0.1/39187] INFO  utils.BackgroundService (BackgroundService.java:shutdown(132)) - Shutting down service DirectoryDeletingService
2022-02-08 16:06:49,227 [Listener at 127.0.0.1/39187] INFO  handler.ContextHandler (ContextHandler.java:doStop(1153)) - Stopped o.e.j.w.WebAppContext@55023ead{ozoneManager,/,null,STOPPED}{file:/home/runner/work/ozone/ozone/hadoop-ozone/integration-test/target/test-classes/webapps/ozoneManager}
2022-02-08 16:06:49,228 [Listener at 127.0.0.1/39187] INFO  server.AbstractConnector (AbstractConnector.java:doStop(381)) - Stopped ServerConnector@4d0dc8b8{HTTP/1.1, (http/1.1)}{0.0.0.0:45019}
2022-02-08 16:06:49,228 [Listener at 127.0.0.1/39187] INFO  server.session (HouseKeeper.java:stopScavenging(149)) - node0 Stopped scavenging
2022-02-08 16:06:49,229 [Listener at 127.0.0.1/39187] INFO  handler.ContextHandler (ContextHandler.java:doStop(1153)) - Stopped o.e.j.s.ServletContextHandler@8e5090a{static,/static,file:///home/runner/work/ozone/ozone/hadoop-ozone/integration-test/target/test-classes/webapps/static,STOPPED}
2022-02-08 16:06:49,229 [Listener at 127.0.0.1/39187] INFO  handler.ContextHandler (ContextHandler.java:doStop(1153)) - Stopped o.e.j.s.ServletContextHandler@57ba286d{logs,/logs,file:///home/runner/work/ozone/ozone/hadoop-ozone/integration-test/target/log,STOPPED}
2022-02-08 16:06:49,233 [Listener at 127.0.0.1/39187] INFO  ozone.MiniOzoneHAClusterImpl (MiniOzoneHAClusterImpl.java:stop(316)) - Stopping the StorageContainerManager fdd19f4e-50ca-4edc-8a7e-48b923a90088
2022-02-08 16:06:49,233 [Listener at 127.0.0.1/39187] INFO  server.StorageContainerManager (StorageContainerManager.java:stop(1390)) - Stopping Container Balancer service.
2022-02-08 16:06:49,234 [Listener at 127.0.0.1/39187] INFO  balancer.ContainerBalancer (ContainerBalancer.java:stop(751)) - Container Balancer is not running.
2022-02-08 16:06:49,234 [Listener at 127.0.0.1/39187] INFO  server.StorageContainerManager (StorageContainerManager.java:stop(1397)) - Stopping Replication Manager Service.
2022-02-08 16:06:49,234 [Listener at 127.0.0.1/39187] INFO  container.ReplicationManager (ReplicationManager.java:stop(357)) - Stopping Replication Monitor Thread.
2022-02-08 16:06:49,234 [Listener at 127.0.0.1/39187] INFO  server.StorageContainerManager (StorageContainerManager.java:stop(1404)) - Stopping the Datanode Admin Monitor.
2022-02-08 16:06:49,235 [Listener at 127.0.0.1/39187] INFO  server.StorageContainerManager (StorageContainerManager.java:stop(1411)) - Stopping Lease Manager of the command watchers
2022-02-08 16:06:49,236 [Listener at 127.0.0.1/39187] INFO  server.StorageContainerManager (StorageContainerManager.java:stop(1418)) - Stopping datanode service RPC server
2022-02-08 16:06:49,236 [Listener at 127.0.0.1/39187] INFO  server.SCMDatanodeProtocolServer (SCMDatanodeProtocolServer.java:stop(390)) - Stopping the RPC server for DataNodes
2022-02-08 16:06:49,236 [Listener at 127.0.0.1/39187] INFO  ipc.Server (Server.java:stop(3414)) - Stopping server on 44977
2022-02-08 16:06:49,237 [IPC Server listener on 44977] INFO  ipc.Server (Server.java:run(1376)) - Stopping IPC Server listener on 44977
2022-02-08 16:06:49,240 [IPC Server Responder] INFO  ipc.Server (Server.java:run(1512)) - Stopping IPC Server Responder
2022-02-08 16:06:49,288 [SCM Heartbeat Processing Thread - 0] WARN  node.NodeStateManager (NodeStateManager.java:scheduleNextHealthCheck(799)) - Current Thread is interrupted, shutting down HB processing thread for Node Manager.
2022-02-08 16:06:49,289 [Listener at 127.0.0.1/39187] INFO  server.StorageContainerManager (StorageContainerManager.java:stop(1426)) - Stopping block service RPC server
2022-02-08 16:06:49,289 [Listener at 127.0.0.1/39187] INFO  server.SCMBlockProtocolServer (SCMBlockProtocolServer.java:stop(160)) - Stopping the RPC server for Block Protocol
2022-02-08 16:06:49,289 [Listener at 127.0.0.1/39187] INFO  ipc.Server (Server.java:stop(3414)) - Stopping server on 40911
2022-02-08 16:06:49,292 [IPC Server listener on 40911] INFO  ipc.Server (Server.java:run(1376)) - Stopping IPC Server listener on 40911
2022-02-08 16:06:49,295 [IPC Server Responder] INFO  ipc.Server (Server.java:run(1512)) - Stopping IPC Server Responder
2022-02-08 16:06:49,295 [Listener at 127.0.0.1/39187] INFO  server.StorageContainerManager (StorageContainerManager.java:stop(1433)) - Stopping the StorageContainerLocationProtocol RPC server
2022-02-08 16:06:49,295 [Listener at 127.0.0.1/39187] INFO  server.SCMClientProtocolServer (SCMClientProtocolServer.java:stop(174)) - Stopping the RPC server for Client Protocol
2022-02-08 16:06:49,295 [Listener at 127.0.0.1/39187] INFO  ipc.Server (Server.java:stop(3414)) - Stopping server on 40119
2022-02-08 16:06:49,304 [IPC Server listener on 40119] INFO  ipc.Server (Server.java:run(1376)) - Stopping IPC Server listener on 40119
2022-02-08 16:06:49,304 [Listener at 127.0.0.1/39187] INFO  server.StorageContainerManager (StorageContainerManager.java:stop(1440)) - Stopping Storage Container Manager HTTP server.
2022-02-08 16:06:49,304 [IPC Server Responder] INFO  ipc.Server (Server.java:run(1512)) - Stopping IPC Server Responder
2022-02-08 16:06:49,305 [Listener at 127.0.0.1/39187] INFO  handler.ContextHandler (ContextHandler.java:doStop(1153)) - Stopped o.e.j.w.WebAppContext@3edb7be5{scm,/,null,STOPPED}{file:/home/runner/work/ozone/ozone/hadoop-ozone/integration-test/target/test-classes/webapps/scm}
2022-02-08 16:06:49,306 [Listener at 127.0.0.1/39187] INFO  server.AbstractConnector (AbstractConnector.java:doStop(381)) - Stopped ServerConnector@6216b817{HTTP/1.1, (http/1.1)}{0.0.0.0:40077}
2022-02-08 16:06:49,306 [Listener at 127.0.0.1/39187] INFO  server.session (HouseKeeper.java:stopScavenging(149)) - node0 Stopped scavenging
2022-02-08 16:06:49,306 [Listener at 127.0.0.1/39187] INFO  handler.ContextHandler (ContextHandler.java:doStop(1153)) - Stopped o.e.j.s.ServletContextHandler@52214284{static,/static,file:///home/runner/work/ozone/ozone/hadoop-ozone/integration-test/target/test-classes/webapps/static,STOPPED}
2022-02-08 16:06:49,307 [Listener at 127.0.0.1/39187] INFO  handler.ContextHandler (ContextHandler.java:doStop(1153)) - Stopped o.e.j.s.ServletContextHandler@1df2d986{logs,/logs,file:///home/runner/work/ozone/ozone/hadoop-ozone/integration-test/target/log,STOPPED}
2022-02-08 16:06:49,312 [Listener at 127.0.0.1/39187] INFO  server.StorageContainerManager (StorageContainerManager.java:stop(1451)) - Stopping Block Manager Service.
2022-02-08 16:06:49,312 [Listener at 127.0.0.1/39187] INFO  utils.BackgroundService (BackgroundService.java:shutdown(132)) - Shutting down service SCMBlockDeletingService
2022-02-08 16:06:49,312 [Listener at 127.0.0.1/39187] INFO  utils.BackgroundService (BackgroundService.java:shutdown(132)) - Shutting down service SCMBlockDeletingService
2022-02-08 16:06:49,316 [Listener at 127.0.0.1/39187] INFO  server.StorageContainerManager (StorageContainerManager.java:stop(1478)) - Stopping SCM Event Queue.
2022-02-08 16:06:49,327 [Listener at 127.0.0.1/39187] INFO  server.StorageContainerManager (StorageContainerManager.java:stop(1489)) - Stopping SCM HA services.
2022-02-08 16:06:49,327 [Listener at 127.0.0.1/39187] INFO  ha.SCMRatisServerImpl (SCMRatisServerImpl.java:stop(236)) - stopping ratis server 0.0.0.0:42399
2022-02-08 16:06:49,328 [Listener at 127.0.0.1/39187] INFO  server.RaftServer (RaftServerProxy.java:lambda$close$6(391)) - fdd19f4e-50ca-4edc-8a7e-48b923a90088: close
2022-02-08 16:06:49,328 [Listener at 127.0.0.1/39187] INFO  server.RaftServer$Division (RaftServerImpl.java:lambda$close$4(412)) - fdd19f4e-50ca-4edc-8a7e-48b923a90088@group-8ACED9F265D2: shutdown
2022-02-08 16:06:49,328 [Listener at 127.0.0.1/39187] INFO  util.JmxRegister (JmxRegister.java:unregister(73)) - Successfully un-registered JMX Bean with object name Ratis:service=RaftServer,group=group-8ACED9F265D2,id=fdd19f4e-50ca-4edc-8a7e-48b923a90088
2022-02-08 16:06:49,328 [Listener at 127.0.0.1/39187] INFO  impl.RoleInfo (RoleInfo.java:shutdownFollowerState(108)) - fdd19f4e-50ca-4edc-8a7e-48b923a90088: shutdown fdd19f4e-50ca-4edc-8a7e-48b923a90088@group-8ACED9F265D2-FollowerState
2022-02-08 16:06:49,328 [Listener at 127.0.0.1/39187] INFO  impl.StateMachineUpdater (StateMachineUpdater.java:stopAndJoin(149)) - fdd19f4e-50ca-4edc-8a7e-48b923a90088@group-8ACED9F265D2-StateMachineUpdater: set stopIndex = 29
2022-02-08 16:06:49,328 [fdd19f4e-50ca-4edc-8a7e-48b923a90088@group-8ACED9F265D2-FollowerState] INFO  impl.FollowerState (FollowerState.java:run(143)) - fdd19f4e-50ca-4edc-8a7e-48b923a90088@group-8ACED9F265D2-FollowerState was interrupted: {}
java.lang.InterruptedException: sleep interrupted
	at java.lang.Thread.sleep(Native Method)
	at java.lang.Thread.sleep(Thread.java:340)
	at java.util.concurrent.TimeUnit.sleep(TimeUnit.java:386)
	at org.apache.ratis.util.TimeDuration.sleep(TimeDuration.java:324)
	at org.apache.ratis.util.TimeDuration.sleep(TimeDuration.java:309)
	at org.apache.ratis.server.impl.FollowerState.run(FollowerState.java:118)
2022-02-08 16:06:49,328 [fdd19f4e-50ca-4edc-8a7e-48b923a90088@group-8ACED9F265D2-StateMachineUpdater] INFO  ha.SCMStateMachine (SCMStateMachine.java:takeSnapshot(297)) - Current Snapshot Index 29, takeSnapshot took 1 ms
2022-02-08 16:06:49,329 [fdd19f4e-50ca-4edc-8a7e-48b923a90088@group-8ACED9F265D2-StateMachineUpdater] INFO  impl.StateMachineUpdater (StateMachineUpdater.java:takeSnapshot(281)) - fdd19f4e-50ca-4edc-8a7e-48b923a90088@group-8ACED9F265D2-StateMachineUpdater: Took a snapshot at index 29
2022-02-08 16:06:49,329 [fdd19f4e-50ca-4edc-8a7e-48b923a90088@group-8ACED9F265D2-StateMachineUpdater] INFO  impl.StateMachineUpdater (StateMachineUpdater.java:lambda$new$0(89)) - fdd19f4e-50ca-4edc-8a7e-48b923a90088@group-8ACED9F265D2-StateMachineUpdater: snapshotIndex: updateIncreasingly 28 -> 29
2022-02-08 16:06:49,337 [IPC Server handler 16 on default port 35925] INFO  net.NetworkTopologyImpl (NetworkTopologyImpl.java:add(112)) - Added a new node: /default-rack/bd23528b-4f24-4cbd-9fbb-986ea08237bf
2022-02-08 16:06:49,337 [IPC Server handler 16 on default port 35925] INFO  node.SCMNodeManager (SCMNodeManager.java:register(389)) - Registered Data node : bd23528b-4f24-4cbd-9fbb-986ea08237bf{ip: 127.0.0.1, host: localhost, ports: [REPLICATION=41995, RATIS=42777, RATIS_ADMIN=42777, RATIS_SERVER=42777, STANDALONE=41959], networkLocation: /default-rack, certSerialId: null, persistedOpState: null, persistedOpStateExpiryEpochSec: 0}
2022-02-08 16:06:49,337 [EventQueue-NewNodeForNewNodeHandler] INFO  pipeline.BackgroundPipelineCreator (BackgroundPipelineCreator.java:notifyEventTriggered(279)) - ignore, not leader SCM.
2022-02-08 16:06:49,337 [EndpointStateMachine task thread for /127.0.0.1:44977 - 0 ] WARN  statemachine.EndpointStateMachine (EndpointStateMachine.java:logIfNeeded(236)) - Unable to communicate to SCM server at localhost:44977 for past 0 seconds.
java.io.EOFException: End of File Exception between local host is: "fv-az131-167/10.1.0.12"; destination host is: "localhost":44977; : java.io.EOFException; For more details see:  http://wiki.apache.org/hadoop/EOFException
	at sun.reflect.NativeConstructorAccessorImpl.newInstance0(Native Method)
	at sun.reflect.NativeConstructorAccessorImpl.newInstance(NativeConstructorAccessorImpl.java:62)
	at sun.reflect.DelegatingConstructorAccessorImpl.newInstance(DelegatingConstructorAccessorImpl.java:45)
	at java.lang.reflect.Constructor.newInstance(Constructor.java:423)
	at org.apache.hadoop.net.NetUtils.wrapWithMessage(NetUtils.java:913)
	at org.apache.hadoop.net.NetUtils.wrapException(NetUtils.java:862)
	at org.apache.hadoop.ipc.Client.getRpcResponse(Client.java:1577)
	at org.apache.hadoop.ipc.Client.call(Client.java:1519)
	at org.apache.hadoop.ipc.Client.call(Client.java:1416)
	at org.apache.hadoop.ipc.ProtobufRpcEngine$Invoker.invoke(ProtobufRpcEngine.java:236)
	at org.apache.hadoop.ipc.ProtobufRpcEngine$Invoker.invoke(ProtobufRpcEngine.java:123)
	at com.sun.proxy.$Proxy48.submitRequest(Unknown Source)
	at org.apache.hadoop.ozone.protocolPB.StorageContainerDatanodeProtocolClientSideTranslatorPB.submitRequest(StorageContainerDatanodeProtocolClientSideTranslatorPB.java:117)
	at org.apache.hadoop.ozone.protocolPB.StorageContainerDatanodeProtocolClientSideTranslatorPB.sendHeartbeat(StorageContainerDatanodeProtocolClientSideTranslatorPB.java:149)
	at org.apache.hadoop.ozone.container.common.states.endpoint.HeartbeatEndpointTask.call(HeartbeatEndpointTask.java:179)
	at org.apache.hadoop.ozone.container.common.states.endpoint.HeartbeatEndpointTask.call(HeartbeatEndpointTask.java:82)
	at java.util.concurrent.FutureTask.run(FutureTask.java:266)
	at java.util.concurrent.ThreadPoolExecutor.runWorker(ThreadPoolExecutor.java:1149)
	at java.util.concurrent.ThreadPoolExecutor$Worker.run(ThreadPoolExecutor.java:624)
	at java.lang.Thread.run(Thread.java:748)
Caused by: java.io.EOFException
	at java.io.DataInputStream.readInt(DataInputStream.java:392)
	at org.apache.hadoop.ipc.Client$IpcStreams.readResponse(Client.java:1892)
	at org.apache.hadoop.ipc.Client$Connection.receiveRpcResponse(Client.java:1202)
	at org.apache.hadoop.ipc.Client$Connection.run(Client.java:1098)
2022-02-08 16:06:49,337 [Listener at 127.0.0.1/39187] INFO  server.RaftServer$Division (ServerState.java:close(419)) - fdd19f4e-50ca-4edc-8a7e-48b923a90088@group-8ACED9F265D2: closes. applyIndex: 28
2022-02-08 16:06:49,351 [fdd19f4e-50ca-4edc-8a7e-48b923a90088@group-8ACED9F265D2-SegmentedRaftLogWorker] INFO  segmented.SegmentedRaftLogWorker (SegmentedRaftLogWorker.java:run(327)) - fdd19f4e-50ca-4edc-8a7e-48b923a90088@group-8ACED9F265D2-SegmentedRaftLogWorker was interrupted, exiting. There are 0 tasks remaining in the queue.
2022-02-08 16:06:49,366 [Listener at 127.0.0.1/39187] INFO  segmented.SegmentedRaftLogWorker (SegmentedRaftLogWorker.java:close(237)) - fdd19f4e-50ca-4edc-8a7e-48b923a90088@group-8ACED9F265D2-SegmentedRaftLogWorker close()
2022-02-08 16:06:49,368 [Listener at 127.0.0.1/39187] INFO  server.GrpcService (GrpcService.java:closeImpl(262)) - fdd19f4e-50ca-4edc-8a7e-48b923a90088: shutdown server with port 42399 now
2022-02-08 16:06:49,373 [grpc-default-executor-1] WARN  server.GrpcServerProtocolService (LogUtils.java:warn(122)) - fdd19f4e-50ca-4edc-8a7e-48b923a90088: installSnapshot onError, lastRequest: 97fdbb42-98dd-4737-a292-80a7798b14c1->fdd19f4e-50ca-4edc-8a7e-48b923a90088#1153-t2,previous=(t:2, i:29),leaderCommit=29,initializing? true,entries: size=1, first=(t:2, i:30), METADATAENTRY(c:29): org.apache.ratis.thirdparty.io.grpc.StatusRuntimeException: CANCELLED: client cancelled
2022-02-08 16:06:49,378 [Listener at 127.0.0.1/39187] INFO  server.GrpcService (GrpcService.java:closeImpl(271)) - fdd19f4e-50ca-4edc-8a7e-48b923a90088: shutdown server with port 42399 successfully
2022-02-08 16:06:49,379 [grpc-default-executor-2] WARN  server.GrpcLogAppender (LogUtils.java:warn(122)) - 97fdbb42-98dd-4737-a292-80a7798b14c1@group-8ACED9F265D2->fdd19f4e-50ca-4edc-8a7e-48b923a90088-AppendLogResponseHandler: Failed appendEntries: org.apache.ratis.thirdparty.io.grpc.StatusRuntimeException: CANCELLED: HTTP/2 error code: CANCEL
Received Rst Stream
2022-02-08 16:06:49,379 [grpc-default-executor-2] INFO  leader.FollowerInfo (FollowerInfoImpl.java:lambda$new$0(47)) - 97fdbb42-98dd-4737-a292-80a7798b14c1@group-8ACED9F265D2->fdd19f4e-50ca-4edc-8a7e-48b923a90088: nextIndex: updateUnconditionally 31 -> 30
2022-02-08 16:06:49,379 [org.apache.ratis.util.JvmPauseMonitor$$Lambda$503/1122118227@b979091] INFO  util.JvmPauseMonitor (JvmPauseMonitor.java:run(109)) - JvmPauseMonitor-fdd19f4e-50ca-4edc-8a7e-48b923a90088: Stopped
2022-02-08 16:06:49,380 [Listener at 127.0.0.1/39187] INFO  pipeline.BackgroundPipelineCreator (BackgroundPipelineCreator.java:stop(158)) - Stopping RatisPipelineUtilsThread.
2022-02-08 16:06:49,380 [Listener at 127.0.0.1/39187] INFO  server.StorageContainerManager (StorageContainerManager.java:stop(1499)) - Stopping SCM MetadataStore.
2022-02-08 16:06:49,381 [Listener at 127.0.0.1/39187] INFO  impl.MetricsSystemImpl (MetricsSystemImpl.java:stop(210)) - Stopping StorageContainerManager metrics system...
2022-02-08 16:06:49,390 [prometheus] INFO  impl.MetricsSinkAdapter (MetricsSinkAdapter.java:publishMetricsFromQueue(141)) - prometheus thread interrupted.
2022-02-08 16:06:49,390 [Listener at 127.0.0.1/39187] INFO  impl.MetricsSystemImpl (MetricsSystemImpl.java:stop(216)) - StorageContainerManager metrics system stopped.
2022-02-08 16:06:49,390 [Listener at 127.0.0.1/39187] INFO  ozone.MiniOzoneHAClusterImpl (MiniOzoneHAClusterImpl.java:stop(316)) - Stopping the StorageContainerManager 9952a163-e333-4619-8cfb-f928b6e512fa
2022-02-08 16:06:49,390 [Listener at 127.0.0.1/39187] INFO  server.StorageContainerManager (StorageContainerManager.java:stop(1390)) - Stopping Container Balancer service.
2022-02-08 16:06:49,390 [Listener at 127.0.0.1/39187] INFO  balancer.ContainerBalancer (ContainerBalancer.java:stop(751)) - Container Balancer is not running.
2022-02-08 16:06:49,390 [Listener at 127.0.0.1/39187] INFO  server.StorageContainerManager (StorageContainerManager.java:stop(1397)) - Stopping Replication Manager Service.
2022-02-08 16:06:49,390 [Listener at 127.0.0.1/39187] INFO  container.ReplicationManager (ReplicationManager.java:stop(357)) - Stopping Replication Monitor Thread.
2022-02-08 16:06:49,391 [Listener at 127.0.0.1/39187] INFO  server.StorageContainerManager (StorageContainerManager.java:stop(1404)) - Stopping the Datanode Admin Monitor.
2022-02-08 16:06:49,391 [Listener at 127.0.0.1/39187] INFO  server.StorageContainerManager (StorageContainerManager.java:stop(1411)) - Stopping Lease Manager of the command watchers
2022-02-08 16:06:49,391 [Listener at 127.0.0.1/39187] INFO  server.StorageContainerManager (StorageContainerManager.java:stop(1418)) - Stopping datanode service RPC server
2022-02-08 16:06:49,391 [Listener at 127.0.0.1/39187] INFO  server.SCMDatanodeProtocolServer (SCMDatanodeProtocolServer.java:stop(390)) - Stopping the RPC server for DataNodes
2022-02-08 16:06:49,391 [Listener at 127.0.0.1/39187] INFO  ipc.Server (Server.java:stop(3414)) - Stopping server on 35925
2022-02-08 16:06:49,398 [grpc-default-executor-1] WARN  server.GrpcLogAppender (LogUtils.java:warn(122)) - 97fdbb42-98dd-4737-a292-80a7798b14c1@group-8ACED9F265D2->fdd19f4e-50ca-4edc-8a7e-48b923a90088-AppendLogResponseHandler: Failed appendEntries: org.apache.ratis.thirdparty.io.grpc.StatusRuntimeException: UNAVAILABLE: io exception
2022-02-08 16:06:49,398 [grpc-default-executor-1] INFO  leader.FollowerInfo (FollowerInfoImpl.java:lambda$new$0(47)) - 97fdbb42-98dd-4737-a292-80a7798b14c1@group-8ACED9F265D2->fdd19f4e-50ca-4edc-8a7e-48b923a90088: nextIndex: updateUnconditionally 31 -> 30
2022-02-08 16:06:49,403 [IPC Server listener on 35925] INFO  ipc.Server (Server.java:run(1376)) - Stopping IPC Server listener on 35925
2022-02-08 16:06:49,411 [IPC Server Responder] INFO  ipc.Server (Server.java:run(1512)) - Stopping IPC Server Responder
2022-02-08 16:06:49,492 [SCM Heartbeat Processing Thread - 0] WARN  node.NodeStateManager (NodeStateManager.java:scheduleNextHealthCheck(799)) - Current Thread is interrupted, shutting down HB processing thread for Node Manager.
2022-02-08 16:06:49,492 [Listener at 127.0.0.1/39187] INFO  server.StorageContainerManager (StorageContainerManager.java:stop(1426)) - Stopping block service RPC server
2022-02-08 16:06:49,492 [Listener at 127.0.0.1/39187] INFO  server.SCMBlockProtocolServer (SCMBlockProtocolServer.java:stop(160)) - Stopping the RPC server for Block Protocol
2022-02-08 16:06:49,492 [Listener at 127.0.0.1/39187] INFO  ipc.Server (Server.java:stop(3414)) - Stopping server on 35673
2022-02-08 16:06:49,494 [Listener at 127.0.0.1/39187] INFO  server.StorageContainerManager (StorageContainerManager.java:stop(1433)) - Stopping the StorageContainerLocationProtocol RPC server
2022-02-08 16:06:49,495 [Listener at 127.0.0.1/39187] INFO  server.SCMClientProtocolServer (SCMClientProtocolServer.java:stop(174)) - Stopping the RPC server for Client Protocol
2022-02-08 16:06:49,495 [IPC Server Responder] INFO  ipc.Server (Server.java:run(1512)) - Stopping IPC Server Responder
2022-02-08 16:06:49,497 [Listener at 127.0.0.1/39187] INFO  ipc.Server (Server.java:stop(3414)) - Stopping server on 33239
2022-02-08 16:06:49,496 [IPC Server listener on 35673] INFO  ipc.Server (Server.java:run(1376)) - Stopping IPC Server listener on 35673
2022-02-08 16:06:49,502 [IPC Server listener on 33239] INFO  ipc.Server (Server.java:run(1376)) - Stopping IPC Server listener on 33239
2022-02-08 16:06:49,502 [Listener at 127.0.0.1/39187] INFO  server.StorageContainerManager (StorageContainerManager.java:stop(1440)) - Stopping Storage Container Manager HTTP server.
2022-02-08 16:06:49,502 [Listener at 127.0.0.1/39187] INFO  handler.ContextHandler (ContextHandler.java:doStop(1153)) - Stopped o.e.j.w.WebAppContext@18121865{scm,/,null,STOPPED}{file:/home/runner/work/ozone/ozone/hadoop-ozone/integration-test/target/test-classes/webapps/scm}
2022-02-08 16:06:49,503 [IPC Server Responder] INFO  ipc.Server (Server.java:run(1512)) - Stopping IPC Server Responder
2022-02-08 16:06:49,504 [Listener at 127.0.0.1/39187] INFO  server.AbstractConnector (AbstractConnector.java:doStop(381)) - Stopped ServerConnector@235632a6{HTTP/1.1, (http/1.1)}{0.0.0.0:38355}
2022-02-08 16:06:49,504 [Listener at 127.0.0.1/39187] INFO  server.session (HouseKeeper.java:stopScavenging(149)) - node0 Stopped scavenging
2022-02-08 16:06:49,506 [Listener at 127.0.0.1/39187] INFO  handler.ContextHandler (ContextHandler.java:doStop(1153)) - Stopped o.e.j.s.ServletContextHandler@7a97e7f{static,/static,file:///home/runner/work/ozone/ozone/hadoop-ozone/integration-test/target/test-classes/webapps/static,STOPPED}
2022-02-08 16:06:49,506 [Listener at 127.0.0.1/39187] INFO  handler.ContextHandler (ContextHandler.java:doStop(1153)) - Stopped o.e.j.s.ServletContextHandler@251b3e8a{logs,/logs,file:///home/runner/work/ozone/ozone/hadoop-ozone/integration-test/target/log,STOPPED}
2022-02-08 16:06:49,509 [Listener at 127.0.0.1/39187] INFO  server.StorageContainerManager (StorageContainerManager.java:stop(1451)) - Stopping Block Manager Service.
2022-02-08 16:06:49,509 [Listener at 127.0.0.1/39187] INFO  utils.BackgroundService (BackgroundService.java:shutdown(132)) - Shutting down service SCMBlockDeletingService
2022-02-08 16:06:49,509 [Listener at 127.0.0.1/39187] INFO  utils.BackgroundService (BackgroundService.java:shutdown(132)) - Shutting down service SCMBlockDeletingService
2022-02-08 16:06:49,510 [Listener at 127.0.0.1/39187] INFO  server.StorageContainerManager (StorageContainerManager.java:stop(1478)) - Stopping SCM Event Queue.
2022-02-08 16:06:49,510 [Listener at 127.0.0.1/39187] INFO  server.StorageContainerManager (StorageContainerManager.java:stop(1489)) - Stopping SCM HA services.
2022-02-08 16:06:49,510 [Listener at 127.0.0.1/39187] INFO  ha.SCMRatisServerImpl (SCMRatisServerImpl.java:stop(236)) - stopping ratis server 0.0.0.0:33237
2022-02-08 16:06:49,511 [Listener at 127.0.0.1/39187] INFO  server.RaftServer (RaftServerProxy.java:lambda$close$6(391)) - 9952a163-e333-4619-8cfb-f928b6e512fa: close
2022-02-08 16:06:49,511 [Listener at 127.0.0.1/39187] INFO  server.GrpcService (GrpcService.java:closeImpl(262)) - 9952a163-e333-4619-8cfb-f928b6e512fa: shutdown server with port 33237 now
2022-02-08 16:06:49,514 [Listener at 127.0.0.1/39187] INFO  server.GrpcService (GrpcService.java:closeImpl(271)) - 9952a163-e333-4619-8cfb-f928b6e512fa: shutdown server with port 33237 successfully
2022-02-08 16:06:49,515 [grpc-default-executor-0] WARN  server.GrpcLogAppender (LogUtils.java:warn(122)) - 97fdbb42-98dd-4737-a292-80a7798b14c1@group-8ACED9F265D2->9952a163-e333-4619-8cfb-f928b6e512fa-AppendLogResponseHandler: Failed appendEntries: org.apache.ratis.thirdparty.io.grpc.StatusRuntimeException: CANCELLED: HTTP/2 error code: CANCEL
Received Rst Stream
2022-02-08 16:06:49,515 [grpc-default-executor-0] INFO  leader.FollowerInfo (FollowerInfoImpl.java:lambda$new$0(47)) - 97fdbb42-98dd-4737-a292-80a7798b14c1@group-8ACED9F265D2->9952a163-e333-4619-8cfb-f928b6e512fa: nextIndex: updateUnconditionally 31 -> 30
2022-02-08 16:06:49,515 [grpc-default-executor-2] WARN  server.GrpcServerProtocolService (LogUtils.java:warn(122)) - 9952a163-e333-4619-8cfb-f928b6e512fa: installSnapshot onError, lastRequest: 97fdbb42-98dd-4737-a292-80a7798b14c1->9952a163-e333-4619-8cfb-f928b6e512fa#30-t2,previous=(t:2, i:29),leaderCommit=29,initializing? true,entries: size=1, first=(t:2, i:30), METADATAENTRY(c:29): org.apache.ratis.thirdparty.io.grpc.StatusRuntimeException: CANCELLED: client cancelled
2022-02-08 16:06:49,515 [org.apache.ratis.util.JvmPauseMonitor$$Lambda$503/1122118227@24546c9e] INFO  util.JvmPauseMonitor (JvmPauseMonitor.java:run(109)) - JvmPauseMonitor-9952a163-e333-4619-8cfb-f928b6e512fa: Stopped
2022-02-08 16:06:49,522 [grpc-default-executor-1] WARN  server.GrpcLogAppender (LogUtils.java:warn(122)) - 97fdbb42-98dd-4737-a292-80a7798b14c1@group-8ACED9F265D2->9952a163-e333-4619-8cfb-f928b6e512fa-AppendLogResponseHandler: Failed appendEntries: org.apache.ratis.thirdparty.io.grpc.StatusRuntimeException: UNAVAILABLE: io exception
2022-02-08 16:06:49,522 [grpc-default-executor-1] INFO  leader.FollowerInfo (FollowerInfoImpl.java:lambda$new$0(47)) - 97fdbb42-98dd-4737-a292-80a7798b14c1@group-8ACED9F265D2->9952a163-e333-4619-8cfb-f928b6e512fa: nextIndex: updateUnconditionally 31 -> 30
2022-02-08 16:06:49,523 [Listener at 127.0.0.1/39187] INFO  pipeline.BackgroundPipelineCreator (BackgroundPipelineCreator.java:stop(158)) - Stopping RatisPipelineUtilsThread.
2022-02-08 16:06:49,524 [Listener at 127.0.0.1/39187] INFO  server.StorageContainerManager (StorageContainerManager.java:stop(1499)) - Stopping SCM MetadataStore.
2022-02-08 16:06:49,528 [Listener at 127.0.0.1/39187] INFO  impl.MetricsSystemImpl (MetricsSystemImpl.java:stop(205)) - StorageContainerManager metrics system stopped (again)
2022-02-08 16:06:49,529 [Listener at 127.0.0.1/39187] INFO  ozone.MiniOzoneHAClusterImpl (MiniOzoneHAClusterImpl.java:stop(316)) - Stopping the StorageContainerManager 97fdbb42-98dd-4737-a292-80a7798b14c1
2022-02-08 16:06:49,529 [Listener at 127.0.0.1/39187] INFO  server.StorageContainerManager (StorageContainerManager.java:stop(1390)) - Stopping Container Balancer service.
2022-02-08 16:06:49,529 [Listener at 127.0.0.1/39187] INFO  balancer.ContainerBalancer (ContainerBalancer.java:stop(751)) - Container Balancer is not running.
2022-02-08 16:06:49,529 [Listener at 127.0.0.1/39187] INFO  server.StorageContainerManager (StorageContainerManager.java:stop(1397)) - Stopping Replication Manager Service.
2022-02-08 16:06:49,529 [Listener at 127.0.0.1/39187] INFO  container.ReplicationManager (ReplicationManager.java:stop(357)) - Stopping Replication Monitor Thread.
2022-02-08 16:06:49,529 [Listener at 127.0.0.1/39187] INFO  server.StorageContainerManager (StorageContainerManager.java:stop(1404)) - Stopping the Datanode Admin Monitor.
2022-02-08 16:06:49,530 [Listener at 127.0.0.1/39187] INFO  server.StorageContainerManager (StorageContainerManager.java:stop(1411)) - Stopping Lease Manager of the command watchers
2022-02-08 16:06:49,530 [Listener at 127.0.0.1/39187] INFO  server.StorageContainerManager (StorageContainerManager.java:stop(1418)) - Stopping datanode service RPC server
2022-02-08 16:06:49,530 [Listener at 127.0.0.1/39187] INFO  server.SCMDatanodeProtocolServer (SCMDatanodeProtocolServer.java:stop(390)) - Stopping the RPC server for DataNodes
2022-02-08 16:06:49,530 [Listener at 127.0.0.1/39187] INFO  ipc.Server (Server.java:stop(3414)) - Stopping server on 34411
2022-02-08 16:06:49,539 [IPC Server listener on 34411] INFO  ipc.Server (Server.java:run(1376)) - Stopping IPC Server listener on 34411
2022-02-08 16:06:49,542 [IPC Server Responder] INFO  ipc.Server (Server.java:run(1512)) - Stopping IPC Server Responder
2022-02-08 16:06:49,560 [EndpointStateMachine task thread for /127.0.0.1:34411 - 0 ] WARN  statemachine.EndpointStateMachine (EndpointStateMachine.java:logIfNeeded(236)) - Unable to communicate to SCM server at 127.0.0.1:34411 for past 0 seconds.
java.io.EOFException: End of File Exception between local host is: "fv-az131-167/10.1.0.12"; destination host is: "localhost":34411; : java.io.EOFException; For more details see:  http://wiki.apache.org/hadoop/EOFException
	at sun.reflect.NativeConstructorAccessorImpl.newInstance0(Native Method)
	at sun.reflect.NativeConstructorAccessorImpl.newInstance(NativeConstructorAccessorImpl.java:62)
	at sun.reflect.DelegatingConstructorAccessorImpl.newInstance(DelegatingConstructorAccessorImpl.java:45)
	at java.lang.reflect.Constructor.newInstance(Constructor.java:423)
	at org.apache.hadoop.net.NetUtils.wrapWithMessage(NetUtils.java:913)
	at org.apache.hadoop.net.NetUtils.wrapException(NetUtils.java:862)
	at org.apache.hadoop.ipc.Client.getRpcResponse(Client.java:1577)
	at org.apache.hadoop.ipc.Client.call(Client.java:1519)
	at org.apache.hadoop.ipc.Client.call(Client.java:1416)
	at org.apache.hadoop.ipc.ProtobufRpcEngine$Invoker.invoke(ProtobufRpcEngine.java:236)
	at org.apache.hadoop.ipc.ProtobufRpcEngine$Invoker.invoke(ProtobufRpcEngine.java:123)
	at com.sun.proxy.$Proxy48.submitRequest(Unknown Source)
	at org.apache.hadoop.ozone.protocolPB.StorageContainerDatanodeProtocolClientSideTranslatorPB.submitRequest(StorageContainerDatanodeProtocolClientSideTranslatorPB.java:117)
	at org.apache.hadoop.ozone.protocolPB.StorageContainerDatanodeProtocolClientSideTranslatorPB.sendHeartbeat(StorageContainerDatanodeProtocolClientSideTranslatorPB.java:149)
	at org.apache.hadoop.ozone.container.common.states.endpoint.HeartbeatEndpointTask.call(HeartbeatEndpointTask.java:179)
	at org.apache.hadoop.ozone.container.common.states.endpoint.HeartbeatEndpointTask.call(HeartbeatEndpointTask.java:82)
	at java.util.concurrent.FutureTask.run(FutureTask.java:266)
	at java.util.concurrent.ThreadPoolExecutor.runWorker(ThreadPoolExecutor.java:1149)
	at java.util.concurrent.ThreadPoolExecutor$Worker.run(ThreadPoolExecutor.java:624)
	at java.lang.Thread.run(Thread.java:748)
Caused by: java.io.EOFException
	at java.io.DataInputStream.readInt(DataInputStream.java:392)
	at org.apache.hadoop.ipc.Client$IpcStreams.readResponse(Client.java:1892)
	at org.apache.hadoop.ipc.Client$Connection.receiveRpcResponse(Client.java:1202)
	at org.apache.hadoop.ipc.Client$Connection.run(Client.java:1098)
2022-02-08 16:06:49,563 [EndpointStateMachine task thread for /127.0.0.1:35925 - 0 ] WARN  statemachine.EndpointStateMachine (EndpointStateMachine.java:logIfNeeded(236)) - Unable to communicate to SCM server at localhost:35925 for past 0 seconds.
java.io.EOFException: End of File Exception between local host is: "fv-az131-167/10.1.0.12"; destination host is: "localhost":35925; : java.io.EOFException; For more details see:  http://wiki.apache.org/hadoop/EOFException
	at sun.reflect.NativeConstructorAccessorImpl.newInstance0(Native Method)
	at sun.reflect.NativeConstructorAccessorImpl.newInstance(NativeConstructorAccessorImpl.java:62)
	at sun.reflect.DelegatingConstructorAccessorImpl.newInstance(DelegatingConstructorAccessorImpl.java:45)
	at java.lang.reflect.Constructor.newInstance(Constructor.java:423)
	at org.apache.hadoop.net.NetUtils.wrapWithMessage(NetUtils.java:913)
	at org.apache.hadoop.net.NetUtils.wrapException(NetUtils.java:862)
	at org.apache.hadoop.ipc.Client.getRpcResponse(Client.java:1577)
	at org.apache.hadoop.ipc.Client.call(Client.java:1519)
	at org.apache.hadoop.ipc.Client.call(Client.java:1416)
	at org.apache.hadoop.ipc.ProtobufRpcEngine$Invoker.invoke(ProtobufRpcEngine.java:236)
	at org.apache.hadoop.ipc.ProtobufRpcEngine$Invoker.invoke(ProtobufRpcEngine.java:123)
	at com.sun.proxy.$Proxy48.submitRequest(Unknown Source)
	at org.apache.hadoop.ozone.protocolPB.StorageContainerDatanodeProtocolClientSideTranslatorPB.submitRequest(StorageContainerDatanodeProtocolClientSideTranslatorPB.java:117)
	at org.apache.hadoop.ozone.protocolPB.StorageContainerDatanodeProtocolClientSideTranslatorPB.register(StorageContainerDatanodeProtocolClientSideTranslatorPB.java:180)
	at org.apache.hadoop.ozone.container.common.states.endpoint.RegisterEndpointTask.call(RegisterEndpointTask.java:158)
	at org.apache.hadoop.ozone.container.common.states.endpoint.RegisterEndpointTask.call(RegisterEndpointTask.java:52)
	at java.util.concurrent.FutureTask.run(FutureTask.java:266)
	at java.util.concurrent.ThreadPoolExecutor.runWorker(ThreadPoolExecutor.java:1149)
	at java.util.concurrent.ThreadPoolExecutor$Worker.run(ThreadPoolExecutor.java:624)
	at java.lang.Thread.run(Thread.java:748)
Caused by: java.io.EOFException
	at java.io.DataInputStream.readInt(DataInputStream.java:392)
	at org.apache.hadoop.ipc.Client$IpcStreams.readResponse(Client.java:1892)
	at org.apache.hadoop.ipc.Client$Connection.receiveRpcResponse(Client.java:1202)
	at org.apache.hadoop.ipc.Client$Connection.run(Client.java:1098)
2022-02-08 16:06:50,080 [EndpointStateMachine task thread for /127.0.0.1:36421 - 0 ] INFO  ipc.Client (Client.java:handleConnectionFailure(977)) - Retrying connect to server: localhost/127.0.0.1:36421. Already tried 4 time(s); retry policy is RetryUpToMaximumCountWithFixedSleep(maxRetries=15, sleepTime=1000 MILLISECONDS)
2022-02-08 16:06:50,105 [EndpointStateMachine task thread for /127.0.0.1:42215 - 0 ] INFO  ipc.Client (Client.java:handleConnectionFailure(977)) - Retrying connect to server: localhost/127.0.0.1:42215. Already tried 4 time(s); retry policy is RetryUpToMaximumCountWithFixedSleep(maxRetries=15, sleepTime=1000 MILLISECONDS)
2022-02-08 16:06:50,105 [EndpointStateMachine task thread for /127.0.0.1:40425 - 0 ] INFO  ipc.Client (Client.java:handleConnectionFailure(977)) - Retrying connect to server: localhost/127.0.0.1:40425. Already tried 4 time(s); retry policy is RetryUpToMaximumCountWithFixedSleep(maxRetries=15, sleepTime=1000 MILLISECONDS)
2022-02-08 16:06:50,559 [Datanode State Machine Daemon Thread] ERROR datanode.RunningDatanodeState (RunningDatanodeState.java:computeNextContainerState(199)) - Error in executing end point task.
java.util.concurrent.ExecutionException: java.util.concurrent.TimeoutException
	at java.util.concurrent.FutureTask.report(FutureTask.java:122)
	at java.util.concurrent.FutureTask.get(FutureTask.java:192)
	at org.apache.hadoop.ozone.container.common.states.datanode.RunningDatanodeState.computeNextContainerState(RunningDatanodeState.java:191)
	at org.apache.hadoop.ozone.container.common.states.datanode.RunningDatanodeState.await(RunningDatanodeState.java:231)
	at org.apache.hadoop.ozone.container.common.states.datanode.RunningDatanodeState.await(RunningDatanodeState.java:50)
	at org.apache.hadoop.ozone.container.common.statemachine.StateContext.execute(StateContext.java:633)
	at org.apache.hadoop.ozone.container.common.statemachine.DatanodeStateMachine.start(DatanodeStateMachine.java:283)
	at org.apache.hadoop.ozone.container.common.statemachine.DatanodeStateMachine.lambda$startDaemon$0(DatanodeStateMachine.java:471)
	at java.lang.Thread.run(Thread.java:748)
Caused by: java.util.concurrent.TimeoutException
	at java.util.concurrent.FutureTask.get(FutureTask.java:205)
	at org.apache.hadoop.ozone.container.common.states.datanode.RunningDatanodeState.lambda$execute$0(RunningDatanodeState.java:149)
	at java.util.concurrent.FutureTask.run(FutureTask.java:266)
	at java.util.concurrent.Executors$RunnableAdapter.call(Executors.java:511)
	at java.util.concurrent.FutureTask.run(FutureTask.java:266)
	at java.util.concurrent.ThreadPoolExecutor.runWorker(ThreadPoolExecutor.java:1149)
	at java.util.concurrent.ThreadPoolExecutor$Worker.run(ThreadPoolExecutor.java:624)
	... 1 more
2022-02-08 16:06:50,560 [EndpointStateMachine task thread for /127.0.0.1:44977 - 0 ] INFO  ipc.Client (Client.java:handleConnectionFailure(977)) - Retrying connect to server: localhost/127.0.0.1:44977. Already tried 0 time(s); retry policy is RetryUpToMaximumCountWithFixedSleep(maxRetries=15, sleepTime=1000 MILLISECONDS)
2022-02-08 16:06:51,066 [EndpointStateMachine task thread for /127.0.0.1:35925 - 0 ] INFO  ipc.Client (Client.java:handleConnectionFailure(977)) - Retrying connect to server: localhost/127.0.0.1:35925. Already tried 0 time(s); retry policy is RetryUpToMaximumCountWithFixedSleep(maxRetries=15, sleepTime=1000 MILLISECONDS)
2022-02-08 16:06:51,067 [EndpointStateMachine task thread for /127.0.0.1:34411 - 0 ] INFO  ipc.Client (Client.java:handleConnectionFailure(977)) - Retrying connect to server: localhost/127.0.0.1:34411. Already tried 0 time(s); retry policy is RetryUpToMaximumCountWithFixedSleep(maxRetries=15, sleepTime=1000 MILLISECONDS)
2022-02-08 16:06:51,080 [EndpointStateMachine task thread for /127.0.0.1:36421 - 0 ] INFO  ipc.Client (Client.java:handleConnectionFailure(977)) - Retrying connect to server: localhost/127.0.0.1:36421. Already tried 5 time(s); retry policy is RetryUpToMaximumCountWithFixedSleep(maxRetries=15, sleepTime=1000 MILLISECONDS)
2022-02-08 16:06:51,106 [EndpointStateMachine task thread for /127.0.0.1:42215 - 0 ] INFO  ipc.Client (Client.java:handleConnectionFailure(977)) - Retrying connect to server: localhost/127.0.0.1:42215. Already tried 5 time(s); retry policy is RetryUpToMaximumCountWithFixedSleep(maxRetries=15, sleepTime=1000 MILLISECONDS)
2022-02-08 16:06:51,106 [EndpointStateMachine task thread for /127.0.0.1:40425 - 0 ] INFO  ipc.Client (Client.java:handleConnectionFailure(977)) - Retrying connect to server: localhost/127.0.0.1:40425. Already tried 5 time(s); retry policy is RetryUpToMaximumCountWithFixedSleep(maxRetries=15, sleepTime=1000 MILLISECONDS)
2022-02-08 16:06:51,561 [EndpointStateMachine task thread for /127.0.0.1:44977 - 0 ] INFO  ipc.Client (Client.java:handleConnectionFailure(977)) - Retrying connect to server: localhost/127.0.0.1:44977. Already tried 1 time(s); retry policy is RetryUpToMaximumCountWithFixedSleep(maxRetries=15, sleepTime=1000 MILLISECONDS)
2022-02-08 16:06:51,897 [grpc-default-executor-1] WARN  server.GrpcLogAppender (LogUtils.java:warn(122)) - 97fdbb42-98dd-4737-a292-80a7798b14c1@group-8ACED9F265D2->fdd19f4e-50ca-4edc-8a7e-48b923a90088-AppendLogResponseHandler: Failed appendEntries: org.apache.ratis.thirdparty.io.grpc.StatusRuntimeException: UNAVAILABLE: io exception
2022-02-08 16:06:51,898 [grpc-default-executor-1] INFO  leader.FollowerInfo (FollowerInfoImpl.java:lambda$new$0(47)) - 97fdbb42-98dd-4737-a292-80a7798b14c1@group-8ACED9F265D2->fdd19f4e-50ca-4edc-8a7e-48b923a90088: nextIndex: updateUnconditionally 31 -> 30
2022-02-08 16:06:52,021 [grpc-default-executor-1] WARN  server.GrpcLogAppender (LogUtils.java:warn(122)) - 97fdbb42-98dd-4737-a292-80a7798b14c1@group-8ACED9F265D2->9952a163-e333-4619-8cfb-f928b6e512fa-AppendLogResponseHandler: Failed appendEntries: org.apache.ratis.thirdparty.io.grpc.StatusRuntimeException: UNAVAILABLE: io exception
2022-02-08 16:06:52,022 [grpc-default-executor-1] INFO  leader.FollowerInfo (FollowerInfoImpl.java:lambda$new$0(47)) - 97fdbb42-98dd-4737-a292-80a7798b14c1@group-8ACED9F265D2->9952a163-e333-4619-8cfb-f928b6e512fa: nextIndex: updateUnconditionally 31 -> 30
2022-02-08 16:06:52,067 [EndpointStateMachine task thread for /127.0.0.1:35925 - 0 ] INFO  ipc.Client (Client.java:handleConnectionFailure(977)) - Retrying connect to server: localhost/127.0.0.1:35925. Already tried 1 time(s); retry policy is RetryUpToMaximumCountWithFixedSleep(maxRetries=15, sleepTime=1000 MILLISECONDS)
2022-02-08 16:06:52,068 [EndpointStateMachine task thread for /127.0.0.1:34411 - 0 ] INFO  ipc.Client (Client.java:handleConnectionFailure(977)) - Retrying connect to server: localhost/127.0.0.1:34411. Already tried 1 time(s); retry policy is RetryUpToMaximumCountWithFixedSleep(maxRetries=15, sleepTime=1000 MILLISECONDS)
2022-02-08 16:06:52,081 [EndpointStateMachine task thread for /127.0.0.1:36421 - 0 ] INFO  ipc.Client (Client.java:handleConnectionFailure(977)) - Retrying connect to server: localhost/127.0.0.1:36421. Already tried 6 time(s); retry policy is RetryUpToMaximumCountWithFixedSleep(maxRetries=15, sleepTime=1000 MILLISECONDS)
2022-02-08 16:06:52,106 [EndpointStateMachine task thread for /127.0.0.1:42215 - 0 ] INFO  ipc.Client (Client.java:handleConnectionFailure(977)) - Retrying connect to server: localhost/127.0.0.1:42215. Already tried 6 time(s); retry policy is RetryUpToMaximumCountWithFixedSleep(maxRetries=15, sleepTime=1000 MILLISECONDS)
2022-02-08 16:06:52,106 [EndpointStateMachine task thread for /127.0.0.1:40425 - 0 ] INFO  ipc.Client (Client.java:handleConnectionFailure(977)) - Retrying connect to server: localhost/127.0.0.1:40425. Already tried 6 time(s); retry policy is RetryUpToMaximumCountWithFixedSleep(maxRetries=15, sleepTime=1000 MILLISECONDS)
2022-02-08 16:06:52,507 [SCM Heartbeat Processing Thread - 0] WARN  node.NodeStateManager (NodeStateManager.java:scheduleNextHealthCheck(799)) - Current Thread is interrupted, shutting down HB processing thread for Node Manager.
2022-02-08 16:06:52,507 [Listener at 127.0.0.1/39187] INFO  server.StorageContainerManager (StorageContainerManager.java:stop(1426)) - Stopping block service RPC server
2022-02-08 16:06:52,508 [Listener at 127.0.0.1/39187] INFO  server.SCMBlockProtocolServer (SCMBlockProtocolServer.java:stop(160)) - Stopping the RPC server for Block Protocol
2022-02-08 16:06:52,508 [Listener at 127.0.0.1/39187] INFO  ipc.Server (Server.java:stop(3414)) - Stopping server on 44177
2022-02-08 16:06:52,515 [IPC Server Responder] INFO  ipc.Server (Server.java:run(1512)) - Stopping IPC Server Responder
2022-02-08 16:06:52,515 [Listener at 127.0.0.1/39187] INFO  server.StorageContainerManager (StorageContainerManager.java:stop(1433)) - Stopping the StorageContainerLocationProtocol RPC server
2022-02-08 16:06:52,516 [Listener at 127.0.0.1/39187] INFO  server.SCMClientProtocolServer (SCMClientProtocolServer.java:stop(174)) - Stopping the RPC server for Client Protocol
2022-02-08 16:06:52,516 [Listener at 127.0.0.1/39187] INFO  ipc.Server (Server.java:stop(3414)) - Stopping server on 40003
2022-02-08 16:06:52,516 [IPC Server listener on 44177] INFO  ipc.Server (Server.java:run(1376)) - Stopping IPC Server listener on 44177
2022-02-08 16:06:52,525 [IPC Server listener on 40003] INFO  ipc.Server (Server.java:run(1376)) - Stopping IPC Server listener on 40003
2022-02-08 16:06:52,526 [IPC Server Responder] INFO  ipc.Server (Server.java:run(1512)) - Stopping IPC Server Responder
2022-02-08 16:06:52,528 [Listener at 127.0.0.1/39187] INFO  server.StorageContainerManager (StorageContainerManager.java:stop(1440)) - Stopping Storage Container Manager HTTP server.
2022-02-08 16:06:52,529 [Listener at 127.0.0.1/39187] INFO  handler.ContextHandler (ContextHandler.java:doStop(1153)) - Stopped o.e.j.w.WebAppContext@4112e47b{scm,/,null,STOPPED}{file:/home/runner/work/ozone/ozone/hadoop-ozone/integration-test/target/test-classes/webapps/scm}
2022-02-08 16:06:52,529 [Listener at 127.0.0.1/39187] INFO  server.AbstractConnector (AbstractConnector.java:doStop(381)) - Stopped ServerConnector@69f1887c{HTTP/1.1, (http/1.1)}{0.0.0.0:38717}
2022-02-08 16:06:52,529 [Listener at 127.0.0.1/39187] INFO  server.session (HouseKeeper.java:stopScavenging(149)) - node0 Stopped scavenging
2022-02-08 16:06:52,530 [Listener at 127.0.0.1/39187] INFO  handler.ContextHandler (ContextHandler.java:doStop(1153)) - Stopped o.e.j.s.ServletContextHandler@363801b5{static,/static,file:///home/runner/work/ozone/ozone/hadoop-ozone/integration-test/target/test-classes/webapps/static,STOPPED}
2022-02-08 16:06:52,530 [Listener at 127.0.0.1/39187] INFO  handler.ContextHandler (ContextHandler.java:doStop(1153)) - Stopped o.e.j.s.ServletContextHandler@2cc78e6a{logs,/logs,file:///home/runner/work/ozone/ozone/hadoop-ozone/integration-test/target/log,STOPPED}
2022-02-08 16:06:52,531 [Listener at 127.0.0.1/39187] INFO  server.StorageContainerManager (StorageContainerManager.java:stop(1451)) - Stopping Block Manager Service.
2022-02-08 16:06:52,531 [Listener at 127.0.0.1/39187] INFO  utils.BackgroundService (BackgroundService.java:shutdown(132)) - Shutting down service SCMBlockDeletingService
2022-02-08 16:06:52,531 [Listener at 127.0.0.1/39187] INFO  utils.BackgroundService (BackgroundService.java:shutdown(132)) - Shutting down service SCMBlockDeletingService
2022-02-08 16:06:52,531 [Listener at 127.0.0.1/39187] INFO  server.StorageContainerManager (StorageContainerManager.java:stop(1478)) - Stopping SCM Event Queue.
2022-02-08 16:06:52,533 [Listener at 127.0.0.1/39187] INFO  server.StorageContainerManager (StorageContainerManager.java:stop(1489)) - Stopping SCM HA services.
2022-02-08 16:06:52,533 [Listener at 127.0.0.1/39187] INFO  ha.SCMRatisServerImpl (SCMRatisServerImpl.java:stop(236)) - stopping ratis server 0.0.0.0:32791
2022-02-08 16:06:52,534 [Listener at 127.0.0.1/39187] INFO  server.RaftServer (RaftServerProxy.java:lambda$close$6(391)) - 97fdbb42-98dd-4737-a292-80a7798b14c1: close
2022-02-08 16:06:52,534 [Listener at 127.0.0.1/39187] INFO  server.RaftServer$Division (RaftServerImpl.java:lambda$close$4(412)) - 97fdbb42-98dd-4737-a292-80a7798b14c1@group-8ACED9F265D2: shutdown
2022-02-08 16:06:52,534 [Listener at 127.0.0.1/39187] INFO  util.JmxRegister (JmxRegister.java:unregister(73)) - Successfully un-registered JMX Bean with object name Ratis:service=RaftServer,group=group-8ACED9F265D2,id=97fdbb42-98dd-4737-a292-80a7798b14c1
2022-02-08 16:06:52,534 [Listener at 127.0.0.1/39187] INFO  impl.RoleInfo (RoleInfo.java:shutdownLeaderState(91)) - 97fdbb42-98dd-4737-a292-80a7798b14c1: shutdown 97fdbb42-98dd-4737-a292-80a7798b14c1@group-8ACED9F265D2-LeaderStateImpl
2022-02-08 16:06:52,540 [Listener at 127.0.0.1/39187] INFO  impl.PendingRequests (PendingRequests.java:sendNotLeaderResponses(282)) - 97fdbb42-98dd-4737-a292-80a7798b14c1@group-8ACED9F265D2-PendingRequests: sendNotLeaderResponses
2022-02-08 16:06:52,540 [97fdbb42-98dd-4737-a292-80a7798b14c1@group-8ACED9F265D2->fdd19f4e-50ca-4edc-8a7e-48b923a90088-GrpcLogAppender-LogAppenderDaemon] WARN  server.GrpcLogAppender (GrpcLogAppender.java:mayWait(177)) - 97fdbb42-98dd-4737-a292-80a7798b14c1@group-8ACED9F265D2->fdd19f4e-50ca-4edc-8a7e-48b923a90088-GrpcLogAppender: Wait interrupted by java.lang.InterruptedException
2022-02-08 16:06:52,540 [97fdbb42-98dd-4737-a292-80a7798b14c1@group-8ACED9F265D2->9952a163-e333-4619-8cfb-f928b6e512fa-GrpcLogAppender-LogAppenderDaemon] WARN  server.GrpcLogAppender (GrpcLogAppender.java:mayWait(177)) - 97fdbb42-98dd-4737-a292-80a7798b14c1@group-8ACED9F265D2->9952a163-e333-4619-8cfb-f928b6e512fa-GrpcLogAppender: Wait interrupted by java.lang.InterruptedException
2022-02-08 16:06:52,540 [Listener at 127.0.0.1/39187] INFO  ha.SCMStateMachine (SCMStateMachine.java:notifyNotLeader(190)) - current leader SCM steps down.
2022-02-08 16:06:52,540 [Listener at 127.0.0.1/39187] INFO  ha.SCMContext (SCMContext.java:updateLeaderAndTerm(90)) - update <isLeader,term> from <true,2> to <false,0>
2022-02-08 16:06:52,541 [Listener at 127.0.0.1/39187] INFO  ha.SCMContext (SCMContext.java:updateLeaderAndTerm(97)) - update <isLeaderReady> from <false> to <false>
2022-02-08 16:06:52,546 [Listener at 127.0.0.1/39187] INFO  impl.StateMachineUpdater (StateMachineUpdater.java:stopAndJoin(149)) - 97fdbb42-98dd-4737-a292-80a7798b14c1@group-8ACED9F265D2-StateMachineUpdater: set stopIndex = 30
2022-02-08 16:06:52,546 [Listener at 127.0.0.1/39187] INFO  server.RaftServer$Division (ServerState.java:close(419)) - 97fdbb42-98dd-4737-a292-80a7798b14c1@group-8ACED9F265D2: closes. applyIndex: 30
2022-02-08 16:06:52,547 [97fdbb42-98dd-4737-a292-80a7798b14c1@group-8ACED9F265D2-SegmentedRaftLogWorker] INFO  segmented.SegmentedRaftLogWorker (SegmentedRaftLogWorker.java:run(327)) - 97fdbb42-98dd-4737-a292-80a7798b14c1@group-8ACED9F265D2-SegmentedRaftLogWorker was interrupted, exiting. There are 0 tasks remaining in the queue.
2022-02-08 16:06:52,548 [Listener at 127.0.0.1/39187] INFO  segmented.SegmentedRaftLogWorker (SegmentedRaftLogWorker.java:close(237)) - 97fdbb42-98dd-4737-a292-80a7798b14c1@group-8ACED9F265D2-SegmentedRaftLogWorker close()
2022-02-08 16:06:52,549 [Listener at 127.0.0.1/39187] INFO  server.GrpcService (GrpcService.java:closeImpl(262)) - 97fdbb42-98dd-4737-a292-80a7798b14c1: shutdown server with port 32791 now
2022-02-08 16:06:52,551 [Listener at 127.0.0.1/39187] INFO  server.GrpcService (GrpcService.java:closeImpl(271)) - 97fdbb42-98dd-4737-a292-80a7798b14c1: shutdown server with port 32791 successfully
2022-02-08 16:06:52,552 [org.apache.ratis.util.JvmPauseMonitor$$Lambda$503/1122118227@6086b885] INFO  util.JvmPauseMonitor (JvmPauseMonitor.java:run(109)) - JvmPauseMonitor-97fdbb42-98dd-4737-a292-80a7798b14c1: Stopped
2022-02-08 16:06:52,552 [Listener at 127.0.0.1/39187] INFO  pipeline.BackgroundPipelineCreator (BackgroundPipelineCreator.java:stop(158)) - Stopping RatisPipelineUtilsThread.
2022-02-08 16:06:52,556 [Listener at 127.0.0.1/39187] INFO  server.StorageContainerManager (StorageContainerManager.java:stop(1499)) - Stopping SCM MetadataStore.
2022-02-08 16:06:52,557 [Listener at 127.0.0.1/39187] INFO  impl.MetricsSystemImpl (MetricsSystemImpl.java:stop(205)) - StorageContainerManager metrics system stopped (again)
2022-02-08 16:06:52,557 [Listener at 127.0.0.1/39187] INFO  ozone.MiniOzoneClusterImpl (MiniOzoneClusterImpl.java:stop(452)) - Stopping the Mini Ozone Cluster
2022-02-08 16:06:52,557 [Listener at 127.0.0.1/39187] INFO  ozone.MiniOzoneClusterImpl (MiniOzoneClusterImpl.java:stopDatanodes(511)) - Stopping the HddsDatanodes
2022-02-08 16:06:52,561 [Datanode State Machine Daemon Thread] WARN  statemachine.StateContext (StateContext.java:setState(249)) - Ignore disallowed transition from SHUTDOWN to RUNNING
2022-02-08 16:06:52,562 [EndpointStateMachine task thread for /127.0.0.1:44977 - 0 ] INFO  ipc.Client (Client.java:handleConnectionFailure(977)) - Retrying connect to server: localhost/127.0.0.1:44977. Already tried 2 time(s); retry policy is RetryUpToMaximumCountWithFixedSleep(maxRetries=15, sleepTime=1000 MILLISECONDS)
2022-02-08 16:06:53,068 [EndpointStateMachine task thread for /127.0.0.1:35925 - 0 ] INFO  ipc.Client (Client.java:handleConnectionFailure(977)) - Retrying connect to server: localhost/127.0.0.1:35925. Already tried 2 time(s); retry policy is RetryUpToMaximumCountWithFixedSleep(maxRetries=15, sleepTime=1000 MILLISECONDS)
2022-02-08 16:06:53,068 [EndpointStateMachine task thread for /127.0.0.1:34411 - 0 ] INFO  ipc.Client (Client.java:handleConnectionFailure(977)) - Retrying connect to server: localhost/127.0.0.1:34411. Already tried 2 time(s); retry policy is RetryUpToMaximumCountWithFixedSleep(maxRetries=15, sleepTime=1000 MILLISECONDS)
2022-02-08 16:06:53,081 [EndpointStateMachine task thread for /127.0.0.1:36421 - 0 ] INFO  ipc.Client (Client.java:handleConnectionFailure(977)) - Retrying connect to server: localhost/127.0.0.1:36421. Already tried 7 time(s); retry policy is RetryUpToMaximumCountWithFixedSleep(maxRetries=15, sleepTime=1000 MILLISECONDS)
2022-02-08 16:06:53,107 [EndpointStateMachine task thread for /127.0.0.1:42215 - 0 ] INFO  ipc.Client (Client.java:handleConnectionFailure(977)) - Retrying connect to server: localhost/127.0.0.1:42215. Already tried 7 time(s); retry policy is RetryUpToMaximumCountWithFixedSleep(maxRetries=15, sleepTime=1000 MILLISECONDS)
2022-02-08 16:06:53,109 [EndpointStateMachine task thread for /127.0.0.1:40425 - 0 ] INFO  ipc.Client (Client.java:handleConnectionFailure(977)) - Retrying connect to server: localhost/127.0.0.1:40425. Already tried 7 time(s); retry policy is RetryUpToMaximumCountWithFixedSleep(maxRetries=15, sleepTime=1000 MILLISECONDS)
2022-02-08 16:06:53,334 [Datanode State Machine Daemon Thread] WARN  statemachine.StateContext (StateContext.java:setState(249)) - Ignore disallowed transition from SHUTDOWN to RUNNING
2022-02-08 16:06:53,562 [EndpointStateMachine task thread for /127.0.0.1:44977 - 0 ] INFO  ipc.Client (Client.java:handleConnectionFailure(977)) - Retrying connect to server: localhost/127.0.0.1:44977. Already tried 3 time(s); retry policy is RetryUpToMaximumCountWithFixedSleep(maxRetries=15, sleepTime=1000 MILLISECONDS)
2022-02-08 16:06:54,067 [Datanode State Machine Daemon Thread] ERROR datanode.RunningDatanodeState (RunningDatanodeState.java:computeNextContainerState(199)) - Error in executing end point task.
java.util.concurrent.ExecutionException: java.util.concurrent.TimeoutException
	at java.util.concurrent.FutureTask.report(FutureTask.java:122)
	at java.util.concurrent.FutureTask.get(FutureTask.java:192)
	at org.apache.hadoop.ozone.container.common.states.datanode.RunningDatanodeState.computeNextContainerState(RunningDatanodeState.java:191)
	at org.apache.hadoop.ozone.container.common.states.datanode.RunningDatanodeState.await(RunningDatanodeState.java:231)
	at org.apache.hadoop.ozone.container.common.states.datanode.RunningDatanodeState.await(RunningDatanodeState.java:50)
	at org.apache.hadoop.ozone.container.common.statemachine.StateContext.execute(StateContext.java:633)
	at org.apache.hadoop.ozone.container.common.statemachine.DatanodeStateMachine.start(DatanodeStateMachine.java:283)
	at org.apache.hadoop.ozone.container.common.statemachine.DatanodeStateMachine.lambda$startDaemon$0(DatanodeStateMachine.java:471)
	at java.lang.Thread.run(Thread.java:748)
Caused by: java.util.concurrent.TimeoutException
	at java.util.concurrent.FutureTask.get(FutureTask.java:205)
	at org.apache.hadoop.ozone.container.common.states.datanode.RunningDatanodeState.lambda$execute$0(RunningDatanodeState.java:149)
	at java.util.concurrent.FutureTask.run(FutureTask.java:266)
	at java.util.concurrent.Executors$RunnableAdapter.call(Executors.java:511)
	at java.util.concurrent.FutureTask.run(FutureTask.java:266)
	at java.util.concurrent.ThreadPoolExecutor.runWorker(ThreadPoolExecutor.java:1149)
	at java.util.concurrent.ThreadPoolExecutor$Worker.run(ThreadPoolExecutor.java:624)
	... 1 more
2022-02-08 16:06:54,070 [EndpointStateMachine task thread for /127.0.0.1:35925 - 0 ] INFO  ipc.Client (Client.java:handleConnectionFailure(977)) - Retrying connect to server: localhost/127.0.0.1:35925. Already tried 3 time(s); retry policy is RetryUpToMaximumCountWithFixedSleep(maxRetries=15, sleepTime=1000 MILLISECONDS)
2022-02-08 16:06:54,069 [EndpointStateMachine task thread for /127.0.0.1:34411 - 0 ] INFO  ipc.Client (Client.java:handleConnectionFailure(977)) - Retrying connect to server: localhost/127.0.0.1:34411. Already tried 3 time(s); retry policy is RetryUpToMaximumCountWithFixedSleep(maxRetries=15, sleepTime=1000 MILLISECONDS)
2022-02-08 16:06:54,082 [EndpointStateMachine task thread for /127.0.0.1:36421 - 0 ] INFO  ipc.Client (Client.java:handleConnectionFailure(977)) - Retrying connect to server: localhost/127.0.0.1:36421. Already tried 8 time(s); retry policy is RetryUpToMaximumCountWithFixedSleep(maxRetries=15, sleepTime=1000 MILLISECONDS)
2022-02-08 16:06:54,107 [EndpointStateMachine task thread for /127.0.0.1:42215 - 0 ] INFO  ipc.Client (Client.java:handleConnectionFailure(977)) - Retrying connect to server: localhost/127.0.0.1:42215. Already tried 8 time(s); retry policy is RetryUpToMaximumCountWithFixedSleep(maxRetries=15, sleepTime=1000 MILLISECONDS)
2022-02-08 16:06:54,109 [EndpointStateMachine task thread for /127.0.0.1:40425 - 0 ] INFO  ipc.Client (Client.java:handleConnectionFailure(977)) - Retrying connect to server: localhost/127.0.0.1:40425. Already tried 8 time(s); retry policy is RetryUpToMaximumCountWithFixedSleep(maxRetries=15, sleepTime=1000 MILLISECONDS)
2022-02-08 16:06:54,563 [EndpointStateMachine task thread for /127.0.0.1:44977 - 0 ] INFO  ipc.Client (Client.java:handleConnectionFailure(977)) - Retrying connect to server: localhost/127.0.0.1:44977. Already tried 4 time(s); retry policy is RetryUpToMaximumCountWithFixedSleep(maxRetries=15, sleepTime=1000 MILLISECONDS)
2022-02-08 16:06:55,071 [EndpointStateMachine task thread for /127.0.0.1:35925 - 0 ] INFO  ipc.Client (Client.java:handleConnectionFailure(977)) - Retrying connect to server: localhost/127.0.0.1:35925. Already tried 4 time(s); retry policy is RetryUpToMaximumCountWithFixedSleep(maxRetries=15, sleepTime=1000 MILLISECONDS)
2022-02-08 16:06:55,072 [EndpointStateMachine task thread for /127.0.0.1:34411 - 0 ] INFO  ipc.Client (Client.java:handleConnectionFailure(977)) - Retrying connect to server: localhost/127.0.0.1:34411. Already tried 4 time(s); retry policy is RetryUpToMaximumCountWithFixedSleep(maxRetries=15, sleepTime=1000 MILLISECONDS)
2022-02-08 16:06:55,082 [EndpointStateMachine task thread for /127.0.0.1:36421 - 0 ] INFO  ipc.Client (Client.java:handleConnectionFailure(977)) - Retrying connect to server: localhost/127.0.0.1:36421. Already tried 9 time(s); retry policy is RetryUpToMaximumCountWithFixedSleep(maxRetries=15, sleepTime=1000 MILLISECONDS)
2022-02-08 16:06:55,108 [EndpointStateMachine task thread for /127.0.0.1:42215 - 0 ] INFO  ipc.Client (Client.java:handleConnectionFailure(977)) - Retrying connect to server: localhost/127.0.0.1:42215. Already tried 9 time(s); retry policy is RetryUpToMaximumCountWithFixedSleep(maxRetries=15, sleepTime=1000 MILLISECONDS)
2022-02-08 16:06:55,109 [EndpointStateMachine task thread for /127.0.0.1:40425 - 0 ] INFO  ipc.Client (Client.java:handleConnectionFailure(977)) - Retrying connect to server: localhost/127.0.0.1:40425. Already tried 9 time(s); retry policy is RetryUpToMaximumCountWithFixedSleep(maxRetries=15, sleepTime=1000 MILLISECONDS)
2022-02-08 16:06:55,563 [EndpointStateMachine task thread for /127.0.0.1:44977 - 0 ] INFO  ipc.Client (Client.java:handleConnectionFailure(977)) - Retrying connect to server: localhost/127.0.0.1:44977. Already tried 5 time(s); retry policy is RetryUpToMaximumCountWithFixedSleep(maxRetries=15, sleepTime=1000 MILLISECONDS)
2022-02-08 16:06:56,072 [EndpointStateMachine task thread for /127.0.0.1:34411 - 0 ] INFO  ipc.Client (Client.java:handleConnectionFailure(977)) - Retrying connect to server: localhost/127.0.0.1:34411. Already tried 5 time(s); retry policy is RetryUpToMaximumCountWithFixedSleep(maxRetries=15, sleepTime=1000 MILLISECONDS)
2022-02-08 16:06:56,073 [EndpointStateMachine task thread for /127.0.0.1:35925 - 0 ] INFO  ipc.Client (Client.java:handleConnectionFailure(977)) - Retrying connect to server: localhost/127.0.0.1:35925. Already tried 5 time(s); retry policy is RetryUpToMaximumCountWithFixedSleep(maxRetries=15, sleepTime=1000 MILLISECONDS)
2022-02-08 16:06:56,083 [EndpointStateMachine task thread for /127.0.0.1:36421 - 0 ] INFO  ipc.Client (Client.java:handleConnectionFailure(977)) - Retrying connect to server: localhost/127.0.0.1:36421. Already tried 10 time(s); retry policy is RetryUpToMaximumCountWithFixedSleep(maxRetries=15, sleepTime=1000 MILLISECONDS)
2022-02-08 16:06:56,109 [EndpointStateMachine task thread for /127.0.0.1:42215 - 0 ] INFO  ipc.Client (Client.java:handleConnectionFailure(977)) - Retrying connect to server: localhost/127.0.0.1:42215. Already tried 10 time(s); retry policy is RetryUpToMaximumCountWithFixedSleep(maxRetries=15, sleepTime=1000 MILLISECONDS)
2022-02-08 16:06:56,110 [EndpointStateMachine task thread for /127.0.0.1:40425 - 0 ] INFO  ipc.Client (Client.java:handleConnectionFailure(977)) - Retrying connect to server: localhost/127.0.0.1:40425. Already tried 10 time(s); retry policy is RetryUpToMaximumCountWithFixedSleep(maxRetries=15, sleepTime=1000 MILLISECONDS)
2022-02-08 16:06:56,564 [EndpointStateMachine task thread for /127.0.0.1:44977 - 0 ] INFO  ipc.Client (Client.java:handleConnectionFailure(977)) - Retrying connect to server: localhost/127.0.0.1:44977. Already tried 6 time(s); retry policy is RetryUpToMaximumCountWithFixedSleep(maxRetries=15, sleepTime=1000 MILLISECONDS)
2022-02-08 16:06:57,073 [EndpointStateMachine task thread for /127.0.0.1:35925 - 0 ] INFO  ipc.Client (Client.java:handleConnectionFailure(977)) - Retrying connect to server: localhost/127.0.0.1:35925. Already tried 6 time(s); retry policy is RetryUpToMaximumCountWithFixedSleep(maxRetries=15, sleepTime=1000 MILLISECONDS)
2022-02-08 16:06:57,074 [EndpointStateMachine task thread for /127.0.0.1:34411 - 0 ] INFO  ipc.Client (Client.java:handleConnectionFailure(977)) - Retrying connect to server: localhost/127.0.0.1:34411. Already tried 6 time(s); retry policy is RetryUpToMaximumCountWithFixedSleep(maxRetries=15, sleepTime=1000 MILLISECONDS)
2022-02-08 16:06:57,083 [EndpointStateMachine task thread for /127.0.0.1:36421 - 0 ] INFO  ipc.Client (Client.java:handleConnectionFailure(977)) - Retrying connect to server: localhost/127.0.0.1:36421. Already tried 11 time(s); retry policy is RetryUpToMaximumCountWithFixedSleep(maxRetries=15, sleepTime=1000 MILLISECONDS)
2022-02-08 16:06:57,109 [EndpointStateMachine task thread for /127.0.0.1:42215 - 0 ] INFO  ipc.Client (Client.java:handleConnectionFailure(977)) - Retrying connect to server: localhost/127.0.0.1:42215. Already tried 11 time(s); retry policy is RetryUpToMaximumCountWithFixedSleep(maxRetries=15, sleepTime=1000 MILLISECONDS)
2022-02-08 16:06:57,110 [EndpointStateMachine task thread for /127.0.0.1:40425 - 0 ] INFO  ipc.Client (Client.java:handleConnectionFailure(977)) - Retrying connect to server: localhost/127.0.0.1:40425. Already tried 11 time(s); retry policy is RetryUpToMaximumCountWithFixedSleep(maxRetries=15, sleepTime=1000 MILLISECONDS)
2022-02-08 16:06:57,558 [Listener at 127.0.0.1/39187] INFO  ozoneimpl.OzoneContainer (OzoneContainer.java:stop(336)) - Attempting to stop container services.
2022-02-08 16:06:57,559 [Listener at 127.0.0.1/39187] INFO  server.RaftServer (RaftServerProxy.java:lambda$close$6(391)) - a5a2a086-d6c9-4c8e-8312-624683563c73: close
2022-02-08 16:06:57,559 [Listener at 127.0.0.1/39187] INFO  server.RaftServer$Division (RaftServerImpl.java:lambda$close$4(412)) - a5a2a086-d6c9-4c8e-8312-624683563c73@group-814509AA7368: shutdown
2022-02-08 16:06:57,559 [Listener at 127.0.0.1/39187] INFO  util.JmxRegister (JmxRegister.java:unregister(73)) - Successfully un-registered JMX Bean with object name Ratis:service=RaftServer,group=group-814509AA7368,id=a5a2a086-d6c9-4c8e-8312-624683563c73
2022-02-08 16:06:57,559 [Listener at 127.0.0.1/39187] INFO  impl.RoleInfo (RoleInfo.java:shutdownFollowerState(108)) - a5a2a086-d6c9-4c8e-8312-624683563c73: shutdown a5a2a086-d6c9-4c8e-8312-624683563c73@group-814509AA7368-FollowerState
2022-02-08 16:06:57,559 [a5a2a086-d6c9-4c8e-8312-624683563c73@group-814509AA7368-FollowerState] INFO  impl.FollowerState (FollowerState.java:run(143)) - a5a2a086-d6c9-4c8e-8312-624683563c73@group-814509AA7368-FollowerState was interrupted: {}
java.lang.InterruptedException: sleep interrupted
	at java.lang.Thread.sleep(Native Method)
	at java.lang.Thread.sleep(Thread.java:340)
	at java.util.concurrent.TimeUnit.sleep(TimeUnit.java:386)
	at org.apache.ratis.util.TimeDuration.sleep(TimeDuration.java:324)
	at org.apache.ratis.util.TimeDuration.sleep(TimeDuration.java:309)
	at org.apache.ratis.server.impl.FollowerState.run(FollowerState.java:118)
2022-02-08 16:06:57,560 [a5a2a086-d6c9-4c8e-8312-624683563c73@group-814509AA7368-StateMachineUpdater] INFO  ratis.ContainerStateMachine (ContainerStateMachine.java:takeSnapshot(299)) - group-814509AA7368: Taking a snapshot at:(t:3, i:0) file /home/runner/work/ozone/ozone/hadoop-ozone/integration-test/target/test-dir/MiniOzoneClusterImpl-a5c83128-e0a7-4ff9-8358-8aced9f265d2/datanode-1/data/ratis/da59a702-20e4-476a-a133-814509aa7368/sm/snapshot.3_0
2022-02-08 16:06:57,559 [Listener at 127.0.0.1/39187] INFO  impl.StateMachineUpdater (StateMachineUpdater.java:stopAndJoin(149)) - a5a2a086-d6c9-4c8e-8312-624683563c73@group-814509AA7368-StateMachineUpdater: set stopIndex = 0
2022-02-08 16:06:57,562 [ForkJoinPool.commonPool-worker-1] INFO  ozoneimpl.OzoneContainer (OzoneContainer.java:stop(336)) - Attempting to stop container services.
2022-02-08 16:06:57,564 [a5a2a086-d6c9-4c8e-8312-624683563c73@group-814509AA7368-StateMachineUpdater] INFO  ratis.ContainerStateMachine (ContainerStateMachine.java:takeSnapshot(310)) - group-814509AA7368: Finished taking a snapshot at:(t:3, i:0) file:/home/runner/work/ozone/ozone/hadoop-ozone/integration-test/target/test-dir/MiniOzoneClusterImpl-a5c83128-e0a7-4ff9-8358-8aced9f265d2/datanode-1/data/ratis/da59a702-20e4-476a-a133-814509aa7368/sm/snapshot.3_0 took: 4 ms
2022-02-08 16:06:57,564 [ForkJoinPool.commonPool-worker-1] INFO  server.RaftServer (RaftServerProxy.java:lambda$close$6(391)) - bd23528b-4f24-4cbd-9fbb-986ea08237bf: close
2022-02-08 16:06:57,564 [ForkJoinPool.commonPool-worker-1] INFO  server.RaftServer$Division (RaftServerImpl.java:lambda$close$4(412)) - bd23528b-4f24-4cbd-9fbb-986ea08237bf@group-814509AA7368: shutdown
2022-02-08 16:06:57,564 [a5a2a086-d6c9-4c8e-8312-624683563c73@group-814509AA7368-StateMachineUpdater] INFO  impl.StateMachineUpdater (StateMachineUpdater.java:takeSnapshot(281)) - a5a2a086-d6c9-4c8e-8312-624683563c73@group-814509AA7368-StateMachineUpdater: Took a snapshot at index 0
2022-02-08 16:06:57,564 [a5a2a086-d6c9-4c8e-8312-624683563c73@group-814509AA7368-StateMachineUpdater] INFO  impl.StateMachineUpdater (StateMachineUpdater.java:lambda$new$0(89)) - a5a2a086-d6c9-4c8e-8312-624683563c73@group-814509AA7368-StateMachineUpdater: snapshotIndex: updateIncreasingly -1 -> 0
2022-02-08 16:06:57,564 [ForkJoinPool.commonPool-worker-1] INFO  util.JmxRegister (JmxRegister.java:unregister(73)) - Successfully un-registered JMX Bean with object name Ratis:service=RaftServer,group=group-814509AA7368,id=bd23528b-4f24-4cbd-9fbb-986ea08237bf
2022-02-08 16:06:57,564 [ForkJoinPool.commonPool-worker-1] INFO  impl.RoleInfo (RoleInfo.java:shutdownFollowerState(108)) - bd23528b-4f24-4cbd-9fbb-986ea08237bf: shutdown bd23528b-4f24-4cbd-9fbb-986ea08237bf@group-814509AA7368-FollowerState
2022-02-08 16:06:57,565 [ForkJoinPool.commonPool-worker-1] INFO  impl.StateMachineUpdater (StateMachineUpdater.java:stopAndJoin(149)) - bd23528b-4f24-4cbd-9fbb-986ea08237bf@group-814509AA7368-StateMachineUpdater: set stopIndex = 0
2022-02-08 16:06:57,565 [bd23528b-4f24-4cbd-9fbb-986ea08237bf@group-814509AA7368-FollowerState] INFO  impl.FollowerState (FollowerState.java:run(143)) - bd23528b-4f24-4cbd-9fbb-986ea08237bf@group-814509AA7368-FollowerState was interrupted: {}
java.lang.InterruptedException: sleep interrupted
	at java.lang.Thread.sleep(Native Method)
	at java.lang.Thread.sleep(Thread.java:340)
	at java.util.concurrent.TimeUnit.sleep(TimeUnit.java:386)
	at org.apache.ratis.util.TimeDuration.sleep(TimeDuration.java:324)
	at org.apache.ratis.util.TimeDuration.sleep(TimeDuration.java:309)
	at org.apache.ratis.server.impl.FollowerState.run(FollowerState.java:118)
2022-02-08 16:06:57,565 [bd23528b-4f24-4cbd-9fbb-986ea08237bf@group-814509AA7368-StateMachineUpdater] INFO  ratis.ContainerStateMachine (ContainerStateMachine.java:takeSnapshot(299)) - group-814509AA7368: Taking a snapshot at:(t:3, i:0) file /home/runner/work/ozone/ozone/hadoop-ozone/integration-test/target/test-dir/MiniOzoneClusterImpl-a5c83128-e0a7-4ff9-8358-8aced9f265d2/datanode-0/data/ratis/da59a702-20e4-476a-a133-814509aa7368/sm/snapshot.3_0
2022-02-08 16:06:57,565 [EndpointStateMachine task thread for /127.0.0.1:44977 - 0 ] INFO  ipc.Client (Client.java:handleConnectionFailure(977)) - Retrying connect to server: localhost/127.0.0.1:44977. Already tried 7 time(s); retry policy is RetryUpToMaximumCountWithFixedSleep(maxRetries=15, sleepTime=1000 MILLISECONDS)
2022-02-08 16:06:57,566 [bd23528b-4f24-4cbd-9fbb-986ea08237bf@group-814509AA7368-StateMachineUpdater] INFO  ratis.ContainerStateMachine (ContainerStateMachine.java:takeSnapshot(310)) - group-814509AA7368: Finished taking a snapshot at:(t:3, i:0) file:/home/runner/work/ozone/ozone/hadoop-ozone/integration-test/target/test-dir/MiniOzoneClusterImpl-a5c83128-e0a7-4ff9-8358-8aced9f265d2/datanode-0/data/ratis/da59a702-20e4-476a-a133-814509aa7368/sm/snapshot.3_0 took: 2 ms
2022-02-08 16:06:57,567 [bd23528b-4f24-4cbd-9fbb-986ea08237bf@group-814509AA7368-StateMachineUpdater] INFO  impl.StateMachineUpdater (StateMachineUpdater.java:takeSnapshot(281)) - bd23528b-4f24-4cbd-9fbb-986ea08237bf@group-814509AA7368-StateMachineUpdater: Took a snapshot at index 0
2022-02-08 16:06:57,567 [bd23528b-4f24-4cbd-9fbb-986ea08237bf@group-814509AA7368-StateMachineUpdater] INFO  impl.StateMachineUpdater (StateMachineUpdater.java:lambda$new$0(89)) - bd23528b-4f24-4cbd-9fbb-986ea08237bf@group-814509AA7368-StateMachineUpdater: snapshotIndex: updateIncreasingly -1 -> 0
2022-02-08 16:06:57,567 [ForkJoinPool.commonPool-worker-1] INFO  server.RaftServer$Division (ServerState.java:close(419)) - bd23528b-4f24-4cbd-9fbb-986ea08237bf@group-814509AA7368: closes. applyIndex: 0
2022-02-08 16:06:57,567 [bd23528b-4f24-4cbd-9fbb-986ea08237bf@group-814509AA7368-SegmentedRaftLogWorker] INFO  segmented.SegmentedRaftLogWorker (SegmentedRaftLogWorker.java:run(327)) - bd23528b-4f24-4cbd-9fbb-986ea08237bf@group-814509AA7368-SegmentedRaftLogWorker was interrupted, exiting. There are 0 tasks remaining in the queue.
2022-02-08 16:06:57,567 [Listener at 127.0.0.1/39187] INFO  server.RaftServer$Division (ServerState.java:close(419)) - a5a2a086-d6c9-4c8e-8312-624683563c73@group-814509AA7368: closes. applyIndex: 0
2022-02-08 16:06:57,568 [a5a2a086-d6c9-4c8e-8312-624683563c73@group-814509AA7368-SegmentedRaftLogWorker] INFO  segmented.SegmentedRaftLogWorker (SegmentedRaftLogWorker.java:run(327)) - a5a2a086-d6c9-4c8e-8312-624683563c73@group-814509AA7368-SegmentedRaftLogWorker was interrupted, exiting. There are 0 tasks remaining in the queue.
2022-02-08 16:06:57,568 [ForkJoinPool.commonPool-worker-1] INFO  segmented.SegmentedRaftLogWorker (SegmentedRaftLogWorker.java:close(237)) - bd23528b-4f24-4cbd-9fbb-986ea08237bf@group-814509AA7368-SegmentedRaftLogWorker close()
2022-02-08 16:06:57,569 [Listener at 127.0.0.1/39187] INFO  segmented.SegmentedRaftLogWorker (SegmentedRaftLogWorker.java:close(237)) - a5a2a086-d6c9-4c8e-8312-624683563c73@group-814509AA7368-SegmentedRaftLogWorker close()
2022-02-08 16:06:57,570 [ForkJoinPool.commonPool-worker-1] INFO  server.RaftServer$Division (RaftServerImpl.java:lambda$close$4(412)) - bd23528b-4f24-4cbd-9fbb-986ea08237bf@group-EF770CC483A9: shutdown
2022-02-08 16:06:57,570 [ForkJoinPool.commonPool-worker-1] INFO  util.JmxRegister (JmxRegister.java:unregister(73)) - Successfully un-registered JMX Bean with object name Ratis:service=RaftServer,group=group-EF770CC483A9,id=bd23528b-4f24-4cbd-9fbb-986ea08237bf
2022-02-08 16:06:57,570 [ForkJoinPool.commonPool-worker-1] INFO  impl.RoleInfo (RoleInfo.java:shutdownFollowerState(108)) - bd23528b-4f24-4cbd-9fbb-986ea08237bf: shutdown bd23528b-4f24-4cbd-9fbb-986ea08237bf@group-EF770CC483A9-FollowerState
2022-02-08 16:06:57,570 [ForkJoinPool.commonPool-worker-1] INFO  impl.StateMachineUpdater (StateMachineUpdater.java:stopAndJoin(149)) - bd23528b-4f24-4cbd-9fbb-986ea08237bf@group-EF770CC483A9-StateMachineUpdater: set stopIndex = 0
2022-02-08 16:06:57,570 [bd23528b-4f24-4cbd-9fbb-986ea08237bf@group-EF770CC483A9-FollowerState] INFO  impl.FollowerState (FollowerState.java:run(143)) - bd23528b-4f24-4cbd-9fbb-986ea08237bf@group-EF770CC483A9-FollowerState was interrupted: {}
java.lang.InterruptedException: sleep interrupted
	at java.lang.Thread.sleep(Native Method)
	at java.lang.Thread.sleep(Thread.java:340)
	at java.util.concurrent.TimeUnit.sleep(TimeUnit.java:386)
	at org.apache.ratis.util.TimeDuration.sleep(TimeDuration.java:324)
	at org.apache.ratis.util.TimeDuration.sleep(TimeDuration.java:309)
	at org.apache.ratis.server.impl.FollowerState.run(FollowerState.java:118)
2022-02-08 16:06:57,570 [bd23528b-4f24-4cbd-9fbb-986ea08237bf@group-EF770CC483A9-StateMachineUpdater] INFO  ratis.ContainerStateMachine (ContainerStateMachine.java:takeSnapshot(299)) - group-EF770CC483A9: Taking a snapshot at:(t:2, i:0) file /home/runner/work/ozone/ozone/hadoop-ozone/integration-test/target/test-dir/MiniOzoneClusterImpl-a5c83128-e0a7-4ff9-8358-8aced9f265d2/datanode-0/data/ratis/290cafec-cd7a-45f1-8fd2-ef770cc483a9/sm/snapshot.2_0
2022-02-08 16:06:57,572 [bd23528b-4f24-4cbd-9fbb-986ea08237bf@group-EF770CC483A9-StateMachineUpdater] INFO  ratis.ContainerStateMachine (ContainerStateMachine.java:takeSnapshot(310)) - group-EF770CC483A9: Finished taking a snapshot at:(t:2, i:0) file:/home/runner/work/ozone/ozone/hadoop-ozone/integration-test/target/test-dir/MiniOzoneClusterImpl-a5c83128-e0a7-4ff9-8358-8aced9f265d2/datanode-0/data/ratis/290cafec-cd7a-45f1-8fd2-ef770cc483a9/sm/snapshot.2_0 took: 2 ms
2022-02-08 16:06:57,572 [bd23528b-4f24-4cbd-9fbb-986ea08237bf@group-EF770CC483A9-StateMachineUpdater] INFO  impl.StateMachineUpdater (StateMachineUpdater.java:takeSnapshot(281)) - bd23528b-4f24-4cbd-9fbb-986ea08237bf@group-EF770CC483A9-StateMachineUpdater: Took a snapshot at index 0
2022-02-08 16:06:57,572 [bd23528b-4f24-4cbd-9fbb-986ea08237bf@group-EF770CC483A9-StateMachineUpdater] INFO  impl.StateMachineUpdater (StateMachineUpdater.java:lambda$new$0(89)) - bd23528b-4f24-4cbd-9fbb-986ea08237bf@group-EF770CC483A9-StateMachineUpdater: snapshotIndex: updateIncreasingly -1 -> 0
2022-02-08 16:06:57,573 [Listener at 127.0.0.1/39187] INFO  server.RaftServer$Division (RaftServerImpl.java:lambda$close$4(412)) - a5a2a086-d6c9-4c8e-8312-624683563c73@group-EF770CC483A9: shutdown
2022-02-08 16:06:57,573 [Listener at 127.0.0.1/39187] INFO  util.JmxRegister (JmxRegister.java:unregister(73)) - Successfully un-registered JMX Bean with object name Ratis:service=RaftServer,group=group-EF770CC483A9,id=a5a2a086-d6c9-4c8e-8312-624683563c73
2022-02-08 16:06:57,573 [Listener at 127.0.0.1/39187] INFO  impl.RoleInfo (RoleInfo.java:shutdownLeaderState(91)) - a5a2a086-d6c9-4c8e-8312-624683563c73: shutdown a5a2a086-d6c9-4c8e-8312-624683563c73@group-EF770CC483A9-LeaderStateImpl
2022-02-08 16:06:57,573 [a5a2a086-d6c9-4c8e-8312-624683563c73@group-EF770CC483A9->bd23528b-4f24-4cbd-9fbb-986ea08237bf-GrpcLogAppender-LogAppenderDaemon] WARN  server.GrpcLogAppender (GrpcLogAppender.java:mayWait(177)) - a5a2a086-d6c9-4c8e-8312-624683563c73@group-EF770CC483A9->bd23528b-4f24-4cbd-9fbb-986ea08237bf-GrpcLogAppender: Wait interrupted by java.lang.InterruptedException
2022-02-08 16:06:57,573 [Listener at 127.0.0.1/39187] INFO  impl.PendingRequests (PendingRequests.java:sendNotLeaderResponses(282)) - a5a2a086-d6c9-4c8e-8312-624683563c73@group-EF770CC483A9-PendingRequests: sendNotLeaderResponses
2022-02-08 16:06:57,573 [a5a2a086-d6c9-4c8e-8312-624683563c73@group-EF770CC483A9->e1d33aab-103b-40d3-b11e-cca6cb4bf5ea-GrpcLogAppender-LogAppenderDaemon] WARN  server.GrpcLogAppender (GrpcLogAppender.java:mayWait(177)) - a5a2a086-d6c9-4c8e-8312-624683563c73@group-EF770CC483A9->e1d33aab-103b-40d3-b11e-cca6cb4bf5ea-GrpcLogAppender: Wait interrupted by java.lang.InterruptedException
2022-02-08 16:06:57,574 [Listener at 127.0.0.1/39187] INFO  impl.StateMachineUpdater (StateMachineUpdater.java:stopAndJoin(149)) - a5a2a086-d6c9-4c8e-8312-624683563c73@group-EF770CC483A9-StateMachineUpdater: set stopIndex = 0
2022-02-08 16:06:57,575 [grpc-default-executor-1] INFO  server.GrpcServerProtocolService (GrpcServerProtocolService.java:onCompleted(140)) - bd23528b-4f24-4cbd-9fbb-986ea08237bf: Completed APPEND_ENTRIES, lastRequest: a5a2a086-d6c9-4c8e-8312-624683563c73->bd23528b-4f24-4cbd-9fbb-986ea08237bf#1-t2,previous=(t:0, i:0),leaderCommit=-1,initializing? true,entries: size=1, first=(t:2, i:0), CONFIGURATIONENTRY
2022-02-08 16:06:57,576 [grpc-default-executor-2] INFO  server.GrpcServerProtocolService (GrpcServerProtocolService.java:onCompleted(140)) - e1d33aab-103b-40d3-b11e-cca6cb4bf5ea: Completed APPEND_ENTRIES, lastRequest: a5a2a086-d6c9-4c8e-8312-624683563c73->e1d33aab-103b-40d3-b11e-cca6cb4bf5ea#1-t2,previous=(t:0, i:0),leaderCommit=0,initializing? true,entries: size=1, first=(t:2, i:0), CONFIGURATIONENTRY
2022-02-08 16:06:57,576 [a5a2a086-d6c9-4c8e-8312-624683563c73@group-EF770CC483A9-StateMachineUpdater] INFO  ratis.ContainerStateMachine (ContainerStateMachine.java:takeSnapshot(299)) - group-EF770CC483A9: Taking a snapshot at:(t:2, i:0) file /home/runner/work/ozone/ozone/hadoop-ozone/integration-test/target/test-dir/MiniOzoneClusterImpl-a5c83128-e0a7-4ff9-8358-8aced9f265d2/datanode-1/data/ratis/290cafec-cd7a-45f1-8fd2-ef770cc483a9/sm/snapshot.2_0
2022-02-08 16:06:57,577 [grpc-default-executor-2] INFO  server.GrpcLogAppender (GrpcLogAppender.java:onCompleted(346)) - a5a2a086-d6c9-4c8e-8312-624683563c73@group-EF770CC483A9->bd23528b-4f24-4cbd-9fbb-986ea08237bf-AppendLogResponseHandler: follower responses appendEntries COMPLETED
2022-02-08 16:06:57,577 [grpc-default-executor-2] INFO  leader.FollowerInfo (FollowerInfoImpl.java:lambda$new$0(47)) - a5a2a086-d6c9-4c8e-8312-624683563c73@group-EF770CC483A9->bd23528b-4f24-4cbd-9fbb-986ea08237bf: nextIndex: updateUnconditionally 1 -> 0
2022-02-08 16:06:57,577 [a5a2a086-d6c9-4c8e-8312-624683563c73@group-EF770CC483A9-StateMachineUpdater] INFO  ratis.ContainerStateMachine (ContainerStateMachine.java:takeSnapshot(310)) - group-EF770CC483A9: Finished taking a snapshot at:(t:2, i:0) file:/home/runner/work/ozone/ozone/hadoop-ozone/integration-test/target/test-dir/MiniOzoneClusterImpl-a5c83128-e0a7-4ff9-8358-8aced9f265d2/datanode-1/data/ratis/290cafec-cd7a-45f1-8fd2-ef770cc483a9/sm/snapshot.2_0 took: 1 ms
2022-02-08 16:06:57,577 [a5a2a086-d6c9-4c8e-8312-624683563c73@group-EF770CC483A9-StateMachineUpdater] INFO  impl.StateMachineUpdater (StateMachineUpdater.java:takeSnapshot(281)) - a5a2a086-d6c9-4c8e-8312-624683563c73@group-EF770CC483A9-StateMachineUpdater: Took a snapshot at index 0
2022-02-08 16:06:57,577 [a5a2a086-d6c9-4c8e-8312-624683563c73@group-EF770CC483A9-StateMachineUpdater] INFO  impl.StateMachineUpdater (StateMachineUpdater.java:lambda$new$0(89)) - a5a2a086-d6c9-4c8e-8312-624683563c73@group-EF770CC483A9-StateMachineUpdater: snapshotIndex: updateIncreasingly -1 -> 0
2022-02-08 16:06:57,578 [grpc-default-executor-2] INFO  server.GrpcLogAppender (GrpcLogAppender.java:onCompleted(346)) - a5a2a086-d6c9-4c8e-8312-624683563c73@group-EF770CC483A9->e1d33aab-103b-40d3-b11e-cca6cb4bf5ea-AppendLogResponseHandler: follower responses appendEntries COMPLETED
2022-02-08 16:06:57,578 [grpc-default-executor-2] INFO  leader.FollowerInfo (FollowerInfoImpl.java:lambda$new$0(47)) - a5a2a086-d6c9-4c8e-8312-624683563c73@group-EF770CC483A9->e1d33aab-103b-40d3-b11e-cca6cb4bf5ea: nextIndex: updateUnconditionally 1 -> 0
2022-02-08 16:06:57,578 [ForkJoinPool.commonPool-worker-1] INFO  server.RaftServer$Division (ServerState.java:close(419)) - bd23528b-4f24-4cbd-9fbb-986ea08237bf@group-EF770CC483A9: closes. applyIndex: 0
2022-02-08 16:06:57,578 [bd23528b-4f24-4cbd-9fbb-986ea08237bf@group-EF770CC483A9-SegmentedRaftLogWorker] INFO  segmented.SegmentedRaftLogWorker (SegmentedRaftLogWorker.java:run(327)) - bd23528b-4f24-4cbd-9fbb-986ea08237bf@group-EF770CC483A9-SegmentedRaftLogWorker was interrupted, exiting. There are 0 tasks remaining in the queue.
2022-02-08 16:06:57,578 [Listener at 127.0.0.1/39187] INFO  server.RaftServer$Division (ServerState.java:close(419)) - a5a2a086-d6c9-4c8e-8312-624683563c73@group-EF770CC483A9: closes. applyIndex: 0
2022-02-08 16:06:57,579 [a5a2a086-d6c9-4c8e-8312-624683563c73@group-EF770CC483A9-SegmentedRaftLogWorker] INFO  segmented.SegmentedRaftLogWorker (SegmentedRaftLogWorker.java:run(327)) - a5a2a086-d6c9-4c8e-8312-624683563c73@group-EF770CC483A9-SegmentedRaftLogWorker was interrupted, exiting. There are 0 tasks remaining in the queue.
2022-02-08 16:06:57,579 [ForkJoinPool.commonPool-worker-1] INFO  segmented.SegmentedRaftLogWorker (SegmentedRaftLogWorker.java:close(237)) - bd23528b-4f24-4cbd-9fbb-986ea08237bf@group-EF770CC483A9-SegmentedRaftLogWorker close()
2022-02-08 16:06:57,579 [Listener at 127.0.0.1/39187] INFO  segmented.SegmentedRaftLogWorker (SegmentedRaftLogWorker.java:close(237)) - a5a2a086-d6c9-4c8e-8312-624683563c73@group-EF770CC483A9-SegmentedRaftLogWorker close()
2022-02-08 16:06:57,580 [ForkJoinPool.commonPool-worker-1] INFO  server.RaftServer$Division (RaftServerImpl.java:lambda$close$4(412)) - bd23528b-4f24-4cbd-9fbb-986ea08237bf@group-08D508D7D11F: shutdown
2022-02-08 16:06:57,580 [ForkJoinPool.commonPool-worker-1] INFO  util.JmxRegister (JmxRegister.java:unregister(73)) - Successfully un-registered JMX Bean with object name Ratis:service=RaftServer,group=group-08D508D7D11F,id=bd23528b-4f24-4cbd-9fbb-986ea08237bf
2022-02-08 16:06:57,580 [ForkJoinPool.commonPool-worker-1] INFO  impl.RoleInfo (RoleInfo.java:shutdownLeaderState(91)) - bd23528b-4f24-4cbd-9fbb-986ea08237bf: shutdown bd23528b-4f24-4cbd-9fbb-986ea08237bf@group-08D508D7D11F-LeaderStateImpl
2022-02-08 16:06:57,580 [ForkJoinPool.commonPool-worker-1] INFO  impl.PendingRequests (PendingRequests.java:sendNotLeaderResponses(282)) - bd23528b-4f24-4cbd-9fbb-986ea08237bf@group-08D508D7D11F-PendingRequests: sendNotLeaderResponses
2022-02-08 16:06:57,581 [ForkJoinPool.commonPool-worker-1] INFO  impl.StateMachineUpdater (StateMachineUpdater.java:stopAndJoin(149)) - bd23528b-4f24-4cbd-9fbb-986ea08237bf@group-08D508D7D11F-StateMachineUpdater: set stopIndex = 0
2022-02-08 16:06:57,581 [bd23528b-4f24-4cbd-9fbb-986ea08237bf@group-08D508D7D11F-StateMachineUpdater] INFO  ratis.ContainerStateMachine (ContainerStateMachine.java:takeSnapshot(299)) - group-08D508D7D11F: Taking a snapshot at:(t:1, i:0) file /home/runner/work/ozone/ozone/hadoop-ozone/integration-test/target/test-dir/MiniOzoneClusterImpl-a5c83128-e0a7-4ff9-8358-8aced9f265d2/datanode-0/data/ratis/0002e120-1ed1-4029-bbfe-08d508d7d11f/sm/snapshot.1_0
2022-02-08 16:06:57,582 [Listener at 127.0.0.1/39187] INFO  server.RaftServer$Division (RaftServerImpl.java:lambda$close$4(412)) - a5a2a086-d6c9-4c8e-8312-624683563c73@group-BF7B0C1F8AAF: shutdown
2022-02-08 16:06:57,582 [Listener at 127.0.0.1/39187] INFO  util.JmxRegister (JmxRegister.java:unregister(73)) - Successfully un-registered JMX Bean with object name Ratis:service=RaftServer,group=group-BF7B0C1F8AAF,id=a5a2a086-d6c9-4c8e-8312-624683563c73
2022-02-08 16:06:57,582 [bd23528b-4f24-4cbd-9fbb-986ea08237bf@group-08D508D7D11F-StateMachineUpdater] INFO  ratis.ContainerStateMachine (ContainerStateMachine.java:takeSnapshot(310)) - group-08D508D7D11F: Finished taking a snapshot at:(t:1, i:0) file:/home/runner/work/ozone/ozone/hadoop-ozone/integration-test/target/test-dir/MiniOzoneClusterImpl-a5c83128-e0a7-4ff9-8358-8aced9f265d2/datanode-0/data/ratis/0002e120-1ed1-4029-bbfe-08d508d7d11f/sm/snapshot.1_0 took: 1 ms
2022-02-08 16:06:57,582 [bd23528b-4f24-4cbd-9fbb-986ea08237bf@group-08D508D7D11F-StateMachineUpdater] INFO  impl.StateMachineUpdater (StateMachineUpdater.java:takeSnapshot(281)) - bd23528b-4f24-4cbd-9fbb-986ea08237bf@group-08D508D7D11F-StateMachineUpdater: Took a snapshot at index 0
2022-02-08 16:06:57,582 [bd23528b-4f24-4cbd-9fbb-986ea08237bf@group-08D508D7D11F-StateMachineUpdater] INFO  impl.StateMachineUpdater (StateMachineUpdater.java:lambda$new$0(89)) - bd23528b-4f24-4cbd-9fbb-986ea08237bf@group-08D508D7D11F-StateMachineUpdater: snapshotIndex: updateIncreasingly -1 -> 0
2022-02-08 16:06:57,583 [ForkJoinPool.commonPool-worker-1] INFO  server.RaftServer$Division (ServerState.java:close(419)) - bd23528b-4f24-4cbd-9fbb-986ea08237bf@group-08D508D7D11F: closes. applyIndex: 0
2022-02-08 16:06:57,583 [bd23528b-4f24-4cbd-9fbb-986ea08237bf@group-08D508D7D11F-SegmentedRaftLogWorker] INFO  segmented.SegmentedRaftLogWorker (SegmentedRaftLogWorker.java:run(327)) - bd23528b-4f24-4cbd-9fbb-986ea08237bf@group-08D508D7D11F-SegmentedRaftLogWorker was interrupted, exiting. There are 0 tasks remaining in the queue.
2022-02-08 16:06:57,583 [Listener at 127.0.0.1/39187] INFO  impl.RoleInfo (RoleInfo.java:shutdownLeaderState(91)) - a5a2a086-d6c9-4c8e-8312-624683563c73: shutdown a5a2a086-d6c9-4c8e-8312-624683563c73@group-BF7B0C1F8AAF-LeaderStateImpl
2022-02-08 16:06:57,584 [Listener at 127.0.0.1/39187] INFO  impl.PendingRequests (PendingRequests.java:sendNotLeaderResponses(282)) - a5a2a086-d6c9-4c8e-8312-624683563c73@group-BF7B0C1F8AAF-PendingRequests: sendNotLeaderResponses
2022-02-08 16:06:57,592 [Listener at 127.0.0.1/39187] INFO  impl.StateMachineUpdater (StateMachineUpdater.java:stopAndJoin(149)) - a5a2a086-d6c9-4c8e-8312-624683563c73@group-BF7B0C1F8AAF-StateMachineUpdater: set stopIndex = 0
2022-02-08 16:06:57,585 [ForkJoinPool.commonPool-worker-1] INFO  segmented.SegmentedRaftLogWorker (SegmentedRaftLogWorker.java:close(237)) - bd23528b-4f24-4cbd-9fbb-986ea08237bf@group-08D508D7D11F-SegmentedRaftLogWorker close()
2022-02-08 16:06:57,593 [ForkJoinPool.commonPool-worker-1] INFO  server.GrpcService (GrpcService.java:closeImpl(262)) - bd23528b-4f24-4cbd-9fbb-986ea08237bf: shutdown server with port 42777 now
2022-02-08 16:06:57,595 [a5a2a086-d6c9-4c8e-8312-624683563c73@group-BF7B0C1F8AAF-StateMachineUpdater] INFO  ratis.ContainerStateMachine (ContainerStateMachine.java:takeSnapshot(299)) - group-BF7B0C1F8AAF: Taking a snapshot at:(t:1, i:0) file /home/runner/work/ozone/ozone/hadoop-ozone/integration-test/target/test-dir/MiniOzoneClusterImpl-a5c83128-e0a7-4ff9-8358-8aced9f265d2/datanode-1/data/ratis/cf020e3a-4f3d-4fc9-a27b-bf7b0c1f8aaf/sm/snapshot.1_0
2022-02-08 16:06:57,596 [a5a2a086-d6c9-4c8e-8312-624683563c73@group-BF7B0C1F8AAF-StateMachineUpdater] INFO  ratis.ContainerStateMachine (ContainerStateMachine.java:takeSnapshot(310)) - group-BF7B0C1F8AAF: Finished taking a snapshot at:(t:1, i:0) file:/home/runner/work/ozone/ozone/hadoop-ozone/integration-test/target/test-dir/MiniOzoneClusterImpl-a5c83128-e0a7-4ff9-8358-8aced9f265d2/datanode-1/data/ratis/cf020e3a-4f3d-4fc9-a27b-bf7b0c1f8aaf/sm/snapshot.1_0 took: 1 ms
2022-02-08 16:06:57,596 [a5a2a086-d6c9-4c8e-8312-624683563c73@group-BF7B0C1F8AAF-StateMachineUpdater] INFO  impl.StateMachineUpdater (StateMachineUpdater.java:takeSnapshot(281)) - a5a2a086-d6c9-4c8e-8312-624683563c73@group-BF7B0C1F8AAF-StateMachineUpdater: Took a snapshot at index 0
2022-02-08 16:06:57,596 [a5a2a086-d6c9-4c8e-8312-624683563c73@group-BF7B0C1F8AAF-StateMachineUpdater] INFO  impl.StateMachineUpdater (StateMachineUpdater.java:lambda$new$0(89)) - a5a2a086-d6c9-4c8e-8312-624683563c73@group-BF7B0C1F8AAF-StateMachineUpdater: snapshotIndex: updateIncreasingly -1 -> 0
2022-02-08 16:06:57,597 [grpc-default-executor-1] WARN  server.GrpcServerProtocolService (LogUtils.java:warn(122)) - bd23528b-4f24-4cbd-9fbb-986ea08237bf: installSnapshot onError, lastRequest: e1d33aab-103b-40d3-b11e-cca6cb4bf5ea->bd23528b-4f24-4cbd-9fbb-986ea08237bf#1-t3,previous=(t:0, i:0),leaderCommit=-1,initializing? true,entries: size=1, first=(t:3, i:0), CONFIGURATIONENTRY: org.apache.ratis.thirdparty.io.grpc.StatusRuntimeException: CANCELLED: client cancelled
2022-02-08 16:06:57,597 [grpc-default-executor-0] WARN  server.GrpcLogAppender (LogUtils.java:warn(122)) - e1d33aab-103b-40d3-b11e-cca6cb4bf5ea@group-814509AA7368->bd23528b-4f24-4cbd-9fbb-986ea08237bf-AppendLogResponseHandler: Failed appendEntries: org.apache.ratis.thirdparty.io.grpc.StatusRuntimeException: CANCELLED: HTTP/2 error code: CANCEL
Received Rst Stream
2022-02-08 16:06:57,597 [grpc-default-executor-0] WARN  server.GrpcLogAppender (GrpcLogAppender.java:resetClient(110)) - e1d33aab-103b-40d3-b11e-cca6cb4bf5ea@group-814509AA7368->bd23528b-4f24-4cbd-9fbb-986ea08237bf-GrpcLogAppender: Leader has not got in touch with Follower e1d33aab-103b-40d3-b11e-cca6cb4bf5ea@group-814509AA7368->bd23528b-4f24-4cbd-9fbb-986ea08237bf(c0,m0,n1, attendVote=true, lastRpcSendTime=905, lastRpcResponseTime=904) yet, just keep nextIndex unchanged and retry.
2022-02-08 16:06:57,599 [Listener at 127.0.0.1/39187] INFO  server.RaftServer$Division (ServerState.java:close(419)) - a5a2a086-d6c9-4c8e-8312-624683563c73@group-BF7B0C1F8AAF: closes. applyIndex: 0
2022-02-08 16:06:57,600 [a5a2a086-d6c9-4c8e-8312-624683563c73@group-BF7B0C1F8AAF-SegmentedRaftLogWorker] INFO  segmented.SegmentedRaftLogWorker (SegmentedRaftLogWorker.java:run(327)) - a5a2a086-d6c9-4c8e-8312-624683563c73@group-BF7B0C1F8AAF-SegmentedRaftLogWorker was interrupted, exiting. There are 0 tasks remaining in the queue.
2022-02-08 16:06:57,602 [Listener at 127.0.0.1/39187] INFO  segmented.SegmentedRaftLogWorker (SegmentedRaftLogWorker.java:close(237)) - a5a2a086-d6c9-4c8e-8312-624683563c73@group-BF7B0C1F8AAF-SegmentedRaftLogWorker close()
2022-02-08 16:06:57,602 [Listener at 127.0.0.1/39187] INFO  server.GrpcService (GrpcService.java:closeImpl(262)) - a5a2a086-d6c9-4c8e-8312-624683563c73: shutdown server with port 46253 now
2022-02-08 16:06:57,603 [grpc-default-executor-0] WARN  server.GrpcServerProtocolService (LogUtils.java:warn(122)) - a5a2a086-d6c9-4c8e-8312-624683563c73: installSnapshot onError, lastRequest: e1d33aab-103b-40d3-b11e-cca6cb4bf5ea->a5a2a086-d6c9-4c8e-8312-624683563c73#1-t3,previous=(t:0, i:0),leaderCommit=0,initializing? true,entries: size=1, first=(t:3, i:0), CONFIGURATIONENTRY: org.apache.ratis.thirdparty.io.grpc.StatusRuntimeException: CANCELLED: client cancelled
2022-02-08 16:06:57,603 [ForkJoinPool.commonPool-worker-1] INFO  server.GrpcService (GrpcService.java:closeImpl(271)) - bd23528b-4f24-4cbd-9fbb-986ea08237bf: shutdown server with port 42777 successfully
2022-02-08 16:06:57,604 [grpc-default-executor-1] WARN  server.GrpcLogAppender (LogUtils.java:warn(122)) - e1d33aab-103b-40d3-b11e-cca6cb4bf5ea@group-814509AA7368->a5a2a086-d6c9-4c8e-8312-624683563c73-AppendLogResponseHandler: Failed appendEntries: org.apache.ratis.thirdparty.io.grpc.StatusRuntimeException: CANCELLED: HTTP/2 error code: CANCEL
Received Rst Stream
2022-02-08 16:06:57,604 [grpc-default-executor-1] WARN  server.GrpcLogAppender (GrpcLogAppender.java:resetClient(110)) - e1d33aab-103b-40d3-b11e-cca6cb4bf5ea@group-814509AA7368->a5a2a086-d6c9-4c8e-8312-624683563c73-GrpcLogAppender: Leader has not got in touch with Follower e1d33aab-103b-40d3-b11e-cca6cb4bf5ea@group-814509AA7368->a5a2a086-d6c9-4c8e-8312-624683563c73(c0,m0,n1, attendVote=true, lastRpcSendTime=881, lastRpcResponseTime=874) yet, just keep nextIndex unchanged and retry.
2022-02-08 16:06:57,608 [org.apache.ratis.util.JvmPauseMonitor$$Lambda$503/1122118227@577a9b88] INFO  util.JvmPauseMonitor (JvmPauseMonitor.java:run(109)) - JvmPauseMonitor-bd23528b-4f24-4cbd-9fbb-986ea08237bf: Stopped
2022-02-08 16:06:57,639 [Listener at 127.0.0.1/39187] INFO  server.GrpcService (GrpcService.java:closeImpl(271)) - a5a2a086-d6c9-4c8e-8312-624683563c73: shutdown server with port 46253 successfully
2022-02-08 16:06:57,640 [org.apache.ratis.util.JvmPauseMonitor$$Lambda$503/1122118227@5ccbc02] INFO  util.JvmPauseMonitor (JvmPauseMonitor.java:run(109)) - JvmPauseMonitor-a5a2a086-d6c9-4c8e-8312-624683563c73: Stopped
2022-02-08 16:06:58,073 [EndpointStateMachine task thread for /127.0.0.1:35925 - 0 ] INFO  ipc.Client (Client.java:handleConnectionFailure(977)) - Retrying connect to server: localhost/127.0.0.1:35925. Already tried 7 time(s); retry policy is RetryUpToMaximumCountWithFixedSleep(maxRetries=15, sleepTime=1000 MILLISECONDS)
2022-02-08 16:06:58,074 [EndpointStateMachine task thread for /127.0.0.1:34411 - 0 ] INFO  ipc.Client (Client.java:handleConnectionFailure(977)) - Retrying connect to server: localhost/127.0.0.1:34411. Already tried 7 time(s); retry policy is RetryUpToMaximumCountWithFixedSleep(maxRetries=15, sleepTime=1000 MILLISECONDS)
2022-02-08 16:06:58,084 [EndpointStateMachine task thread for /127.0.0.1:36421 - 0 ] INFO  ipc.Client (Client.java:handleConnectionFailure(977)) - Retrying connect to server: localhost/127.0.0.1:36421. Already tried 12 time(s); retry policy is RetryUpToMaximumCountWithFixedSleep(maxRetries=15, sleepTime=1000 MILLISECONDS)
2022-02-08 16:06:58,110 [EndpointStateMachine task thread for /127.0.0.1:42215 - 0 ] INFO  ipc.Client (Client.java:handleConnectionFailure(977)) - Retrying connect to server: localhost/127.0.0.1:42215. Already tried 12 time(s); retry policy is RetryUpToMaximumCountWithFixedSleep(maxRetries=15, sleepTime=1000 MILLISECONDS)
2022-02-08 16:06:58,110 [EndpointStateMachine task thread for /127.0.0.1:40425 - 0 ] INFO  ipc.Client (Client.java:handleConnectionFailure(977)) - Retrying connect to server: localhost/127.0.0.1:40425. Already tried 12 time(s); retry policy is RetryUpToMaximumCountWithFixedSleep(maxRetries=15, sleepTime=1000 MILLISECONDS)
2022-02-08 16:06:58,569 [EndpointStateMachine task thread for /127.0.0.1:44977 - 0 ] INFO  ipc.Client (Client.java:handleConnectionFailure(977)) - Retrying connect to server: localhost/127.0.0.1:44977. Already tried 8 time(s); retry policy is RetryUpToMaximumCountWithFixedSleep(maxRetries=15, sleepTime=1000 MILLISECONDS)
2022-02-08 16:06:59,076 [EndpointStateMachine task thread for /127.0.0.1:35925 - 0 ] INFO  ipc.Client (Client.java:handleConnectionFailure(977)) - Retrying connect to server: localhost/127.0.0.1:35925. Already tried 8 time(s); retry policy is RetryUpToMaximumCountWithFixedSleep(maxRetries=15, sleepTime=1000 MILLISECONDS)
2022-02-08 16:06:59,076 [EndpointStateMachine task thread for /127.0.0.1:34411 - 0 ] INFO  ipc.Client (Client.java:handleConnectionFailure(977)) - Retrying connect to server: localhost/127.0.0.1:34411. Already tried 8 time(s); retry policy is RetryUpToMaximumCountWithFixedSleep(maxRetries=15, sleepTime=1000 MILLISECONDS)
2022-02-08 16:06:59,085 [EndpointStateMachine task thread for /127.0.0.1:36421 - 0 ] INFO  ipc.Client (Client.java:handleConnectionFailure(977)) - Retrying connect to server: localhost/127.0.0.1:36421. Already tried 13 time(s); retry policy is RetryUpToMaximumCountWithFixedSleep(maxRetries=15, sleepTime=1000 MILLISECONDS)
2022-02-08 16:06:59,110 [EndpointStateMachine task thread for /127.0.0.1:42215 - 0 ] INFO  ipc.Client (Client.java:handleConnectionFailure(977)) - Retrying connect to server: localhost/127.0.0.1:42215. Already tried 13 time(s); retry policy is RetryUpToMaximumCountWithFixedSleep(maxRetries=15, sleepTime=1000 MILLISECONDS)
2022-02-08 16:06:59,111 [EndpointStateMachine task thread for /127.0.0.1:40425 - 0 ] INFO  ipc.Client (Client.java:handleConnectionFailure(977)) - Retrying connect to server: localhost/127.0.0.1:40425. Already tried 13 time(s); retry policy is RetryUpToMaximumCountWithFixedSleep(maxRetries=15, sleepTime=1000 MILLISECONDS)
2022-02-08 16:06:59,205 [grpc-default-executor-1] WARN  server.GrpcLogAppender (LogUtils.java:warn(122)) - e1d33aab-103b-40d3-b11e-cca6cb4bf5ea@group-814509AA7368->bd23528b-4f24-4cbd-9fbb-986ea08237bf-AppendLogResponseHandler: Failed appendEntries: org.apache.ratis.thirdparty.io.grpc.StatusRuntimeException: UNAVAILABLE: io exception
2022-02-08 16:06:59,206 [grpc-default-executor-1] WARN  server.GrpcLogAppender (GrpcLogAppender.java:resetClient(110)) - e1d33aab-103b-40d3-b11e-cca6cb4bf5ea@group-814509AA7368->bd23528b-4f24-4cbd-9fbb-986ea08237bf-GrpcLogAppender: Leader has not got in touch with Follower e1d33aab-103b-40d3-b11e-cca6cb4bf5ea@group-814509AA7368->bd23528b-4f24-4cbd-9fbb-986ea08237bf(c0,m0,n1, attendVote=true, lastRpcSendTime=1, lastRpcResponseTime=2512) yet, just keep nextIndex unchanged and retry.
2022-02-08 16:06:59,249 [grpc-default-executor-1] WARN  server.GrpcLogAppender (LogUtils.java:warn(122)) - e1d33aab-103b-40d3-b11e-cca6cb4bf5ea@group-814509AA7368->a5a2a086-d6c9-4c8e-8312-624683563c73-AppendLogResponseHandler: Failed appendEntries: org.apache.ratis.thirdparty.io.grpc.StatusRuntimeException: UNAVAILABLE: io exception
2022-02-08 16:06:59,250 [grpc-default-executor-1] WARN  server.GrpcLogAppender (GrpcLogAppender.java:resetClient(110)) - e1d33aab-103b-40d3-b11e-cca6cb4bf5ea@group-814509AA7368->a5a2a086-d6c9-4c8e-8312-624683563c73-GrpcLogAppender: Leader has not got in touch with Follower e1d33aab-103b-40d3-b11e-cca6cb4bf5ea@group-814509AA7368->a5a2a086-d6c9-4c8e-8312-624683563c73(c0,m0,n1, attendVote=true, lastRpcSendTime=1, lastRpcResponseTime=2520) yet, just keep nextIndex unchanged and retry.
2022-02-08 16:06:59,582 [EndpointStateMachine task thread for /127.0.0.1:44977 - 0 ] INFO  ipc.Client (Client.java:handleConnectionFailure(977)) - Retrying connect to server: localhost/127.0.0.1:44977. Already tried 9 time(s); retry policy is RetryUpToMaximumCountWithFixedSleep(maxRetries=15, sleepTime=1000 MILLISECONDS)
2022-02-08 16:06:59,659 [ForkJoinPool.commonPool-worker-1] INFO  utils.BackgroundService (BackgroundService.java:shutdown(132)) - Shutting down service BlockDeletingService
2022-02-08 16:06:59,664 [Listener at 127.0.0.1/39187] INFO  utils.BackgroundService (BackgroundService.java:shutdown(132)) - Shutting down service BlockDeletingService
2022-02-08 16:07:00,076 [EndpointStateMachine task thread for /127.0.0.1:35925 - 0 ] INFO  ipc.Client (Client.java:handleConnectionFailure(977)) - Retrying connect to server: localhost/127.0.0.1:35925. Already tried 9 time(s); retry policy is RetryUpToMaximumCountWithFixedSleep(maxRetries=15, sleepTime=1000 MILLISECONDS)
2022-02-08 16:07:00,077 [EndpointStateMachine task thread for /127.0.0.1:34411 - 0 ] INFO  ipc.Client (Client.java:handleConnectionFailure(977)) - Retrying connect to server: localhost/127.0.0.1:34411. Already tried 9 time(s); retry policy is RetryUpToMaximumCountWithFixedSleep(maxRetries=15, sleepTime=1000 MILLISECONDS)
2022-02-08 16:07:00,085 [EndpointStateMachine task thread for /127.0.0.1:36421 - 0 ] INFO  ipc.Client (Client.java:handleConnectionFailure(977)) - Retrying connect to server: localhost/127.0.0.1:36421. Already tried 14 time(s); retry policy is RetryUpToMaximumCountWithFixedSleep(maxRetries=15, sleepTime=1000 MILLISECONDS)
2022-02-08 16:07:00,111 [EndpointStateMachine task thread for /127.0.0.1:42215 - 0 ] INFO  ipc.Client (Client.java:handleConnectionFailure(977)) - Retrying connect to server: localhost/127.0.0.1:42215. Already tried 14 time(s); retry policy is RetryUpToMaximumCountWithFixedSleep(maxRetries=15, sleepTime=1000 MILLISECONDS)
2022-02-08 16:07:00,112 [EndpointStateMachine task thread for /127.0.0.1:40425 - 0 ] INFO  ipc.Client (Client.java:handleConnectionFailure(977)) - Retrying connect to server: localhost/127.0.0.1:40425. Already tried 14 time(s); retry policy is RetryUpToMaximumCountWithFixedSleep(maxRetries=15, sleepTime=1000 MILLISECONDS)
2022-02-08 16:07:00,583 [EndpointStateMachine task thread for /127.0.0.1:44977 - 0 ] INFO  ipc.Client (Client.java:handleConnectionFailure(977)) - Retrying connect to server: localhost/127.0.0.1:44977. Already tried 10 time(s); retry policy is RetryUpToMaximumCountWithFixedSleep(maxRetries=15, sleepTime=1000 MILLISECONDS)
2022-02-08 16:07:01,077 [EndpointStateMachine task thread for /127.0.0.1:35925 - 0 ] INFO  ipc.Client (Client.java:handleConnectionFailure(977)) - Retrying connect to server: localhost/127.0.0.1:35925. Already tried 10 time(s); retry policy is RetryUpToMaximumCountWithFixedSleep(maxRetries=15, sleepTime=1000 MILLISECONDS)
2022-02-08 16:07:01,078 [EndpointStateMachine task thread for /127.0.0.1:34411 - 0 ] INFO  ipc.Client (Client.java:handleConnectionFailure(977)) - Retrying connect to server: localhost/127.0.0.1:34411. Already tried 10 time(s); retry policy is RetryUpToMaximumCountWithFixedSleep(maxRetries=15, sleepTime=1000 MILLISECONDS)
2022-02-08 16:07:01,086 [EndpointStateMachine task thread for /127.0.0.1:36421 - 0 ] INFO  ipc.Client (Client.java:handleConnectionFailure(977)) - Retrying connect to server: localhost/127.0.0.1:36421. Already tried 0 time(s); retry policy is RetryUpToMaximumCountWithFixedSleep(maxRetries=15, sleepTime=1000 MILLISECONDS)
2022-02-08 16:07:01,112 [EndpointStateMachine task thread for /127.0.0.1:42215 - 0 ] INFO  ipc.Client (Client.java:handleConnectionFailure(977)) - Retrying connect to server: localhost/127.0.0.1:42215. Already tried 0 time(s); retry policy is RetryUpToMaximumCountWithFixedSleep(maxRetries=15, sleepTime=1000 MILLISECONDS)
2022-02-08 16:07:01,113 [EndpointStateMachine task thread for /127.0.0.1:40425 - 0 ] INFO  ipc.Client (Client.java:handleConnectionFailure(977)) - Retrying connect to server: localhost/127.0.0.1:40425. Already tried 0 time(s); retry policy is RetryUpToMaximumCountWithFixedSleep(maxRetries=15, sleepTime=1000 MILLISECONDS)
2022-02-08 16:07:01,583 [EndpointStateMachine task thread for /127.0.0.1:44977 - 0 ] INFO  ipc.Client (Client.java:handleConnectionFailure(977)) - Retrying connect to server: localhost/127.0.0.1:44977. Already tried 11 time(s); retry policy is RetryUpToMaximumCountWithFixedSleep(maxRetries=15, sleepTime=1000 MILLISECONDS)
2022-02-08 16:07:01,705 [grpc-default-executor-1] WARN  server.GrpcLogAppender (LogUtils.java:warn(122)) - e1d33aab-103b-40d3-b11e-cca6cb4bf5ea@group-814509AA7368->bd23528b-4f24-4cbd-9fbb-986ea08237bf-AppendLogResponseHandler: Failed appendEntries: org.apache.ratis.thirdparty.io.grpc.StatusRuntimeException: UNAVAILABLE: io exception
2022-02-08 16:07:01,706 [grpc-default-executor-1] WARN  server.GrpcLogAppender (GrpcLogAppender.java:resetClient(110)) - e1d33aab-103b-40d3-b11e-cca6cb4bf5ea@group-814509AA7368->bd23528b-4f24-4cbd-9fbb-986ea08237bf-GrpcLogAppender: Leader has not got in touch with Follower e1d33aab-103b-40d3-b11e-cca6cb4bf5ea@group-814509AA7368->bd23528b-4f24-4cbd-9fbb-986ea08237bf(c0,m0,n1, attendVote=true, lastRpcSendTime=2501, lastRpcResponseTime=5012) yet, just keep nextIndex unchanged and retry.
2022-02-08 16:07:01,760 [grpc-default-executor-1] WARN  server.GrpcLogAppender (LogUtils.java:warn(122)) - e1d33aab-103b-40d3-b11e-cca6cb4bf5ea@group-814509AA7368->a5a2a086-d6c9-4c8e-8312-624683563c73-AppendLogResponseHandler: Failed appendEntries: org.apache.ratis.thirdparty.io.grpc.StatusRuntimeException: UNAVAILABLE: io exception
2022-02-08 16:07:01,760 [grpc-default-executor-1] WARN  server.GrpcLogAppender (GrpcLogAppender.java:resetClient(110)) - e1d33aab-103b-40d3-b11e-cca6cb4bf5ea@group-814509AA7368->a5a2a086-d6c9-4c8e-8312-624683563c73-GrpcLogAppender: Leader has not got in touch with Follower e1d33aab-103b-40d3-b11e-cca6cb4bf5ea@group-814509AA7368->a5a2a086-d6c9-4c8e-8312-624683563c73(c0,m0,n1, attendVote=true, lastRpcSendTime=0, lastRpcResponseTime=5031) yet, just keep nextIndex unchanged and retry.
2022-02-08 16:07:02,078 [EndpointStateMachine task thread for /127.0.0.1:35925 - 0 ] INFO  ipc.Client (Client.java:handleConnectionFailure(977)) - Retrying connect to server: localhost/127.0.0.1:35925. Already tried 11 time(s); retry policy is RetryUpToMaximumCountWithFixedSleep(maxRetries=15, sleepTime=1000 MILLISECONDS)
2022-02-08 16:07:02,078 [EndpointStateMachine task thread for /127.0.0.1:34411 - 0 ] INFO  ipc.Client (Client.java:handleConnectionFailure(977)) - Retrying connect to server: localhost/127.0.0.1:34411. Already tried 11 time(s); retry policy is RetryUpToMaximumCountWithFixedSleep(maxRetries=15, sleepTime=1000 MILLISECONDS)
2022-02-08 16:07:02,086 [EndpointStateMachine task thread for /127.0.0.1:36421 - 0 ] INFO  ipc.Client (Client.java:handleConnectionFailure(977)) - Retrying connect to server: localhost/127.0.0.1:36421. Already tried 1 time(s); retry policy is RetryUpToMaximumCountWithFixedSleep(maxRetries=15, sleepTime=1000 MILLISECONDS)
2022-02-08 16:07:02,113 [EndpointStateMachine task thread for /127.0.0.1:42215 - 0 ] INFO  ipc.Client (Client.java:handleConnectionFailure(977)) - Retrying connect to server: localhost/127.0.0.1:42215. Already tried 1 time(s); retry policy is RetryUpToMaximumCountWithFixedSleep(maxRetries=15, sleepTime=1000 MILLISECONDS)
2022-02-08 16:07:02,113 [EndpointStateMachine task thread for /127.0.0.1:40425 - 0 ] INFO  ipc.Client (Client.java:handleConnectionFailure(977)) - Retrying connect to server: localhost/127.0.0.1:40425. Already tried 1 time(s); retry policy is RetryUpToMaximumCountWithFixedSleep(maxRetries=15, sleepTime=1000 MILLISECONDS)
2022-02-08 16:07:02,584 [EndpointStateMachine task thread for /127.0.0.1:44977 - 0 ] INFO  ipc.Client (Client.java:handleConnectionFailure(977)) - Retrying connect to server: localhost/127.0.0.1:44977. Already tried 12 time(s); retry policy is RetryUpToMaximumCountWithFixedSleep(maxRetries=15, sleepTime=1000 MILLISECONDS)
2022-02-08 16:07:02,675 [ForkJoinPool.commonPool-worker-1] INFO  statemachine.DatanodeStateMachine (DatanodeStateMachine.java:stopDaemon(529)) - Ozone container server stopped.
2022-02-08 16:07:02,685 [Listener at 127.0.0.1/39187] INFO  statemachine.DatanodeStateMachine (DatanodeStateMachine.java:stopDaemon(529)) - Ozone container server stopped.
2022-02-08 16:07:02,697 [Listener at 127.0.0.1/39187] INFO  handler.ContextHandler (ContextHandler.java:doStop(1153)) - Stopped o.e.j.w.WebAppContext@59000ae5{hddsDatanode,/,null,STOPPED}{jar:file:/home/runner/.m2/repository/org/apache/ozone/hdds-container-service/1.3.0-SNAPSHOT/hdds-container-service-1.3.0-SNAPSHOT.jar!/webapps/hddsDatanode}
2022-02-08 16:07:02,700 [Listener at 127.0.0.1/39187] INFO  server.AbstractConnector (AbstractConnector.java:doStop(381)) - Stopped ServerConnector@15e281ee{HTTP/1.1, (http/1.1)}{0.0.0.0:0}
2022-02-08 16:07:02,700 [Listener at 127.0.0.1/39187] INFO  server.session (HouseKeeper.java:stopScavenging(149)) - node0 Stopped scavenging
2022-02-08 16:07:02,700 [Listener at 127.0.0.1/39187] INFO  handler.ContextHandler (ContextHandler.java:doStop(1153)) - Stopped o.e.j.s.ServletContextHandler@243b6f27{static,/static,jar:file:/home/runner/.m2/repository/org/apache/ozone/hdds-container-service/1.3.0-SNAPSHOT/hdds-container-service-1.3.0-SNAPSHOT.jar!/webapps/static,STOPPED}
2022-02-08 16:07:02,701 [Listener at 127.0.0.1/39187] INFO  handler.ContextHandler (ContextHandler.java:doStop(1153)) - Stopped o.e.j.s.ServletContextHandler@16a5bf77{logs,/logs,file:///home/runner/work/ozone/ozone/hadoop-ozone/integration-test/target/log,STOPPED}
2022-02-08 16:07:02,708 [ForkJoinPool.commonPool-worker-1] INFO  handler.ContextHandler (ContextHandler.java:doStop(1153)) - Stopped o.e.j.w.WebAppContext@1eec2dcb{hddsDatanode,/,null,STOPPED}{jar:file:/home/runner/.m2/repository/org/apache/ozone/hdds-container-service/1.3.0-SNAPSHOT/hdds-container-service-1.3.0-SNAPSHOT.jar!/webapps/hddsDatanode}
2022-02-08 16:07:02,708 [ForkJoinPool.commonPool-worker-1] INFO  server.AbstractConnector (AbstractConnector.java:doStop(381)) - Stopped ServerConnector@3097f11f{HTTP/1.1, (http/1.1)}{0.0.0.0:0}
2022-02-08 16:07:02,708 [ForkJoinPool.commonPool-worker-1] INFO  server.session (HouseKeeper.java:stopScavenging(149)) - node0 Stopped scavenging
2022-02-08 16:07:02,709 [ForkJoinPool.commonPool-worker-1] INFO  handler.ContextHandler (ContextHandler.java:doStop(1153)) - Stopped o.e.j.s.ServletContextHandler@13cd4784{static,/static,jar:file:/home/runner/.m2/repository/org/apache/ozone/hdds-container-service/1.3.0-SNAPSHOT/hdds-container-service-1.3.0-SNAPSHOT.jar!/webapps/static,STOPPED}
2022-02-08 16:07:02,710 [ForkJoinPool.commonPool-worker-1] INFO  handler.ContextHandler (ContextHandler.java:doStop(1153)) - Stopped o.e.j.s.ServletContextHandler@1e2abb0c{logs,/logs,file:///home/runner/work/ozone/ozone/hadoop-ozone/integration-test/target/log,STOPPED}
2022-02-08 16:07:03,078 [EndpointStateMachine task thread for /127.0.0.1:35925 - 0 ] INFO  ipc.Client (Client.java:handleConnectionFailure(977)) - Retrying connect to server: localhost/127.0.0.1:35925. Already tried 12 time(s); retry policy is RetryUpToMaximumCountWithFixedSleep(maxRetries=15, sleepTime=1000 MILLISECONDS)
2022-02-08 16:07:03,079 [Datanode State Machine Daemon Thread] WARN  statemachine.StateContext (StateContext.java:setState(249)) - Ignore disallowed transition from SHUTDOWN to RUNNING
2022-02-08 16:07:03,079 [EndpointStateMachine task thread for /127.0.0.1:34411 - 0 ] INFO  ipc.Client (Client.java:handleConnectionFailure(977)) - Retrying connect to server: localhost/127.0.0.1:34411. Already tried 12 time(s); retry policy is RetryUpToMaximumCountWithFixedSleep(maxRetries=15, sleepTime=1000 MILLISECONDS)
2022-02-08 16:07:03,087 [EndpointStateMachine task thread for /127.0.0.1:36421 - 0 ] INFO  ipc.Client (Client.java:handleConnectionFailure(977)) - Retrying connect to server: localhost/127.0.0.1:36421. Already tried 2 time(s); retry policy is RetryUpToMaximumCountWithFixedSleep(maxRetries=15, sleepTime=1000 MILLISECONDS)
2022-02-08 16:07:03,116 [EndpointStateMachine task thread for /127.0.0.1:40425 - 0 ] INFO  ipc.Client (Client.java:handleConnectionFailure(977)) - Retrying connect to server: localhost/127.0.0.1:40425. Already tried 2 time(s); retry policy is RetryUpToMaximumCountWithFixedSleep(maxRetries=15, sleepTime=1000 MILLISECONDS)
2022-02-08 16:07:03,121 [EndpointStateMachine task thread for /127.0.0.1:42215 - 0 ] INFO  ipc.Client (Client.java:handleConnectionFailure(977)) - Retrying connect to server: localhost/127.0.0.1:42215. Already tried 2 time(s); retry policy is RetryUpToMaximumCountWithFixedSleep(maxRetries=15, sleepTime=1000 MILLISECONDS)
2022-02-08 16:07:03,585 [EndpointStateMachine task thread for /127.0.0.1:44977 - 0 ] INFO  ipc.Client (Client.java:handleConnectionFailure(977)) - Retrying connect to server: localhost/127.0.0.1:44977. Already tried 13 time(s); retry policy is RetryUpToMaximumCountWithFixedSleep(maxRetries=15, sleepTime=1000 MILLISECONDS)
2022-02-08 16:07:04,081 [EndpointStateMachine task thread for /127.0.0.1:34411 - 0 ] INFO  ipc.Client (Client.java:handleConnectionFailure(977)) - Retrying connect to server: localhost/127.0.0.1:34411. Already tried 13 time(s); retry policy is RetryUpToMaximumCountWithFixedSleep(maxRetries=15, sleepTime=1000 MILLISECONDS)
2022-02-08 16:07:04,087 [EndpointStateMachine task thread for /127.0.0.1:36421 - 0 ] INFO  ipc.Client (Client.java:handleConnectionFailure(977)) - Retrying connect to server: localhost/127.0.0.1:36421. Already tried 3 time(s); retry policy is RetryUpToMaximumCountWithFixedSleep(maxRetries=15, sleepTime=1000 MILLISECONDS)
2022-02-08 16:07:04,089 [EndpointStateMachine task thread for /127.0.0.1:35925 - 0 ] INFO  ipc.Client (Client.java:handleConnectionFailure(977)) - Retrying connect to server: localhost/127.0.0.1:35925. Already tried 13 time(s); retry policy is RetryUpToMaximumCountWithFixedSleep(maxRetries=15, sleepTime=1000 MILLISECONDS)
2022-02-08 16:07:04,144 [EndpointStateMachine task thread for /127.0.0.1:42215 - 0 ] INFO  ipc.Client (Client.java:handleConnectionFailure(977)) - Retrying connect to server: localhost/127.0.0.1:42215. Already tried 3 time(s); retry policy is RetryUpToMaximumCountWithFixedSleep(maxRetries=15, sleepTime=1000 MILLISECONDS)
2022-02-08 16:07:04,144 [EndpointStateMachine task thread for /127.0.0.1:40425 - 0 ] INFO  ipc.Client (Client.java:handleConnectionFailure(977)) - Retrying connect to server: localhost/127.0.0.1:40425. Already tried 3 time(s); retry policy is RetryUpToMaximumCountWithFixedSleep(maxRetries=15, sleepTime=1000 MILLISECONDS)
2022-02-08 16:07:04,154 [e1d33aab-103b-40d3-b11e-cca6cb4bf5ea@group-EF770CC483A9-FollowerState] INFO  impl.FollowerState (FollowerState.java:run(134)) - e1d33aab-103b-40d3-b11e-cca6cb4bf5ea@group-EF770CC483A9-FollowerState: change to CANDIDATE, lastRpcElapsedTime:7900569456ns, electionTimeout:5115ms
2022-02-08 16:07:04,154 [e1d33aab-103b-40d3-b11e-cca6cb4bf5ea@group-EF770CC483A9-FollowerState] INFO  impl.RoleInfo (RoleInfo.java:shutdownFollowerState(108)) - e1d33aab-103b-40d3-b11e-cca6cb4bf5ea: shutdown e1d33aab-103b-40d3-b11e-cca6cb4bf5ea@group-EF770CC483A9-FollowerState
2022-02-08 16:07:04,154 [e1d33aab-103b-40d3-b11e-cca6cb4bf5ea@group-EF770CC483A9-FollowerState] INFO  server.RaftServer$Division (RaftServerImpl.java:setRole(290)) - e1d33aab-103b-40d3-b11e-cca6cb4bf5ea@group-EF770CC483A9: changes role from  FOLLOWER to CANDIDATE at term 2 for changeToCandidate
2022-02-08 16:07:04,154 [e1d33aab-103b-40d3-b11e-cca6cb4bf5ea@group-EF770CC483A9-FollowerState] INFO  server.RaftServerConfigKeys (ConfUtils.java:logGet(44)) - raft.server.leaderelection.pre-vote = false (custom)
2022-02-08 16:07:04,154 [e1d33aab-103b-40d3-b11e-cca6cb4bf5ea@group-EF770CC483A9-FollowerState] INFO  impl.RoleInfo (RoleInfo.java:updateAndGet(130)) - e1d33aab-103b-40d3-b11e-cca6cb4bf5ea: start e1d33aab-103b-40d3-b11e-cca6cb4bf5ea@group-EF770CC483A9-LeaderElection28
2022-02-08 16:07:04,161 [e1d33aab-103b-40d3-b11e-cca6cb4bf5ea@group-EF770CC483A9-LeaderElection28] INFO  server.RaftServer$Division (ServerState.java:setLeader(285)) - e1d33aab-103b-40d3-b11e-cca6cb4bf5ea@group-EF770CC483A9: change Leader from a5a2a086-d6c9-4c8e-8312-624683563c73 to null at term 2 for ELECTION
2022-02-08 16:07:04,173 [e1d33aab-103b-40d3-b11e-cca6cb4bf5ea@group-EF770CC483A9-LeaderElection28] INFO  impl.LeaderElection (LeaderElection.java:askForVotes(306)) - e1d33aab-103b-40d3-b11e-cca6cb4bf5ea@group-EF770CC483A9-LeaderElection28 ELECTION round 0: submit vote requests at term 3 for 0: [a5a2a086-d6c9-4c8e-8312-624683563c73|rpc:127.0.0.1:46253|dataStream:|priority:1, e1d33aab-103b-40d3-b11e-cca6cb4bf5ea|rpc:127.0.0.1:37863|dataStream:|priority:0, bd23528b-4f24-4cbd-9fbb-986ea08237bf|rpc:127.0.0.1:42777|dataStream:|priority:0], old=null
2022-02-08 16:07:04,193 [e1d33aab-103b-40d3-b11e-cca6cb4bf5ea@group-EF770CC483A9-LeaderElection28] INFO  impl.LeaderElection (LogUtils.java:infoOrTrace(137)) - e1d33aab-103b-40d3-b11e-cca6cb4bf5ea@group-EF770CC483A9-LeaderElection28 got exception when requesting votes: java.util.concurrent.ExecutionException: org.apache.ratis.thirdparty.io.grpc.StatusRuntimeException: UNAVAILABLE: io exception
2022-02-08 16:07:04,204 [e1d33aab-103b-40d3-b11e-cca6cb4bf5ea@group-EF770CC483A9-LeaderElection28] INFO  impl.LeaderElection (LogUtils.java:infoOrTrace(137)) - e1d33aab-103b-40d3-b11e-cca6cb4bf5ea@group-EF770CC483A9-LeaderElection28 got exception when requesting votes: java.util.concurrent.ExecutionException: org.apache.ratis.thirdparty.io.grpc.StatusRuntimeException: UNAVAILABLE: io exception
2022-02-08 16:07:04,204 [e1d33aab-103b-40d3-b11e-cca6cb4bf5ea@group-EF770CC483A9-LeaderElection28] INFO  impl.LeaderElection (LeaderElection.java:logAndReturn(89)) - e1d33aab-103b-40d3-b11e-cca6cb4bf5ea@group-EF770CC483A9-LeaderElection28: ELECTION REJECTED received 0 response(s) and 2 exception(s):
2022-02-08 16:07:04,204 [e1d33aab-103b-40d3-b11e-cca6cb4bf5ea@group-EF770CC483A9-LeaderElection28] INFO  impl.LeaderElection (LogUtils.java:infoOrTrace(137)) -   Exception 0: java.util.concurrent.ExecutionException: org.apache.ratis.thirdparty.io.grpc.StatusRuntimeException: UNAVAILABLE: io exception
2022-02-08 16:07:04,204 [e1d33aab-103b-40d3-b11e-cca6cb4bf5ea@group-EF770CC483A9-LeaderElection28] INFO  impl.LeaderElection (LogUtils.java:infoOrTrace(137)) -   Exception 1: java.util.concurrent.ExecutionException: org.apache.ratis.thirdparty.io.grpc.StatusRuntimeException: UNAVAILABLE: io exception
2022-02-08 16:07:04,204 [e1d33aab-103b-40d3-b11e-cca6cb4bf5ea@group-EF770CC483A9-LeaderElection28] INFO  impl.LeaderElection (LeaderElection.java:askForVotes(308)) - e1d33aab-103b-40d3-b11e-cca6cb4bf5ea@group-EF770CC483A9-LeaderElection28 ELECTION round 0: result REJECTED
2022-02-08 16:07:04,204 [e1d33aab-103b-40d3-b11e-cca6cb4bf5ea@group-EF770CC483A9-LeaderElection28] INFO  server.RaftServer$Division (RaftServerImpl.java:setRole(290)) - e1d33aab-103b-40d3-b11e-cca6cb4bf5ea@group-EF770CC483A9: changes role from CANDIDATE to FOLLOWER at term 3 for REJECTED
2022-02-08 16:07:04,204 [e1d33aab-103b-40d3-b11e-cca6cb4bf5ea@group-EF770CC483A9-LeaderElection28] INFO  impl.RoleInfo (RoleInfo.java:shutdownLeaderElection(121)) - e1d33aab-103b-40d3-b11e-cca6cb4bf5ea: shutdown e1d33aab-103b-40d3-b11e-cca6cb4bf5ea@group-EF770CC483A9-LeaderElection28
2022-02-08 16:07:04,204 [e1d33aab-103b-40d3-b11e-cca6cb4bf5ea@group-EF770CC483A9-LeaderElection28] INFO  impl.RoleInfo (RoleInfo.java:updateAndGet(130)) - e1d33aab-103b-40d3-b11e-cca6cb4bf5ea: start e1d33aab-103b-40d3-b11e-cca6cb4bf5ea@group-EF770CC483A9-FollowerState
2022-02-08 16:07:04,212 [grpc-default-executor-1] WARN  server.GrpcLogAppender (LogUtils.java:warn(122)) - e1d33aab-103b-40d3-b11e-cca6cb4bf5ea@group-814509AA7368->bd23528b-4f24-4cbd-9fbb-986ea08237bf-AppendLogResponseHandler: Failed appendEntries: org.apache.ratis.thirdparty.io.grpc.StatusRuntimeException: UNAVAILABLE: io exception
2022-02-08 16:07:04,213 [grpc-default-executor-1] WARN  server.GrpcLogAppender (GrpcLogAppender.java:resetClient(110)) - e1d33aab-103b-40d3-b11e-cca6cb4bf5ea@group-814509AA7368->bd23528b-4f24-4cbd-9fbb-986ea08237bf-GrpcLogAppender: Leader has not got in touch with Follower e1d33aab-103b-40d3-b11e-cca6cb4bf5ea@group-814509AA7368->bd23528b-4f24-4cbd-9fbb-986ea08237bf(c0,m0,n1, attendVote=true, lastRpcSendTime=0, lastRpcResponseTime=7519) yet, just keep nextIndex unchanged and retry.
2022-02-08 16:07:04,260 [grpc-default-executor-1] WARN  server.GrpcLogAppender (LogUtils.java:warn(122)) - e1d33aab-103b-40d3-b11e-cca6cb4bf5ea@group-814509AA7368->a5a2a086-d6c9-4c8e-8312-624683563c73-AppendLogResponseHandler: Failed appendEntries: org.apache.ratis.thirdparty.io.grpc.StatusRuntimeException: UNAVAILABLE: io exception
2022-02-08 16:07:04,261 [grpc-default-executor-1] WARN  server.GrpcLogAppender (GrpcLogAppender.java:resetClient(110)) - e1d33aab-103b-40d3-b11e-cca6cb4bf5ea@group-814509AA7368->a5a2a086-d6c9-4c8e-8312-624683563c73-GrpcLogAppender: Leader has not got in touch with Follower e1d33aab-103b-40d3-b11e-cca6cb4bf5ea@group-814509AA7368->a5a2a086-d6c9-4c8e-8312-624683563c73(c0,m0,n1, attendVote=true, lastRpcSendTime=0, lastRpcResponseTime=7531) yet, just keep nextIndex unchanged and retry.
2022-02-08 16:07:04,585 [EndpointStateMachine task thread for /127.0.0.1:44977 - 0 ] INFO  ipc.Client (Client.java:handleConnectionFailure(977)) - Retrying connect to server: localhost/127.0.0.1:44977. Already tried 14 time(s); retry policy is RetryUpToMaximumCountWithFixedSleep(maxRetries=15, sleepTime=1000 MILLISECONDS)
2022-02-08 16:07:04,586 [EndpointStateMachine task thread for /127.0.0.1:44977 - 0 ] WARN  statemachine.EndpointStateMachine (EndpointStateMachine.java:logIfNeeded(236)) - Unable to communicate to SCM server at localhost:44977 for past 0 seconds.
java.net.ConnectException: Call From fv-az131-167/10.1.0.12 to localhost:44977 failed on connection exception: java.net.ConnectException: Connection refused; For more details see:  http://wiki.apache.org/hadoop/ConnectionRefused
	at sun.reflect.GeneratedConstructorAccessor43.newInstance(Unknown Source)
	at sun.reflect.DelegatingConstructorAccessorImpl.newInstance(DelegatingConstructorAccessorImpl.java:45)
	at java.lang.reflect.Constructor.newInstance(Constructor.java:423)
	at org.apache.hadoop.net.NetUtils.wrapWithMessage(NetUtils.java:913)
	at org.apache.hadoop.net.NetUtils.wrapException(NetUtils.java:828)
	at org.apache.hadoop.ipc.Client.getRpcResponse(Client.java:1577)
	at org.apache.hadoop.ipc.Client.call(Client.java:1519)
	at org.apache.hadoop.ipc.Client.call(Client.java:1416)
	at org.apache.hadoop.ipc.ProtobufRpcEngine$Invoker.invoke(ProtobufRpcEngine.java:236)
	at org.apache.hadoop.ipc.ProtobufRpcEngine$Invoker.invoke(ProtobufRpcEngine.java:123)
	at com.sun.proxy.$Proxy48.submitRequest(Unknown Source)
	at org.apache.hadoop.ozone.protocolPB.StorageContainerDatanodeProtocolClientSideTranslatorPB.submitRequest(StorageContainerDatanodeProtocolClientSideTranslatorPB.java:117)
	at org.apache.hadoop.ozone.protocolPB.StorageContainerDatanodeProtocolClientSideTranslatorPB.sendHeartbeat(StorageContainerDatanodeProtocolClientSideTranslatorPB.java:149)
	at org.apache.hadoop.ozone.container.common.states.endpoint.HeartbeatEndpointTask.call(HeartbeatEndpointTask.java:179)
	at org.apache.hadoop.ozone.container.common.states.endpoint.HeartbeatEndpointTask.call(HeartbeatEndpointTask.java:82)
	at java.util.concurrent.FutureTask.run(FutureTask.java:266)
	at java.util.concurrent.ThreadPoolExecutor.runWorker(ThreadPoolExecutor.java:1149)
	at java.util.concurrent.ThreadPoolExecutor$Worker.run(ThreadPoolExecutor.java:624)
	at java.lang.Thread.run(Thread.java:748)
Caused by: java.net.ConnectException: Connection refused
	at sun.nio.ch.SocketChannelImpl.checkConnect(Native Method)
	at sun.nio.ch.SocketChannelImpl.finishConnect(SocketChannelImpl.java:716)
	at org.apache.hadoop.net.SocketIOWithTimeout.connect(SocketIOWithTimeout.java:206)
	at org.apache.hadoop.net.NetUtils.connect(NetUtils.java:586)
	at org.apache.hadoop.ipc.Client$Connection.setupConnection(Client.java:701)
	at org.apache.hadoop.ipc.Client$Connection.setupIOstreams(Client.java:822)
	at org.apache.hadoop.ipc.Client$Connection.access$3800(Client.java:414)
	at org.apache.hadoop.ipc.Client.getConnection(Client.java:1647)
	at org.apache.hadoop.ipc.Client.call(Client.java:1463)
	... 12 more
2022-02-08 16:07:04,728 [e1d33aab-103b-40d3-b11e-cca6cb4bf5ea@group-814509AA7368-LeaderStateImpl] WARN  server.RaftServer$Division (LeaderStateImpl.java:checkLeadership(974)) - e1d33aab-103b-40d3-b11e-cca6cb4bf5ea@group-814509AA7368-LeaderStateImpl: Lost leadership on term: 3. Election timeout: 5200ms. In charge for: 15663ms. Conf: 0: [a5a2a086-d6c9-4c8e-8312-624683563c73|rpc:127.0.0.1:46253|dataStream:|priority:0, e1d33aab-103b-40d3-b11e-cca6cb4bf5ea|rpc:127.0.0.1:37863|dataStream:|priority:1, bd23528b-4f24-4cbd-9fbb-986ea08237bf|rpc:127.0.0.1:42777|dataStream:|priority:0], old=null
2022-02-08 16:07:04,728 [e1d33aab-103b-40d3-b11e-cca6cb4bf5ea@group-814509AA7368-LeaderStateImpl] WARN  server.RaftServer$Division (LeaderStateImpl.java:lambda$checkLeadership$15(978)) - Follower e1d33aab-103b-40d3-b11e-cca6cb4bf5ea@group-814509AA7368->a5a2a086-d6c9-4c8e-8312-624683563c73(c0,m0,n1, attendVote=true, lastRpcSendTime=468, lastRpcResponseTime=7999)
2022-02-08 16:07:04,728 [e1d33aab-103b-40d3-b11e-cca6cb4bf5ea@group-814509AA7368-LeaderStateImpl] WARN  server.RaftServer$Division (LeaderStateImpl.java:lambda$checkLeadership$15(978)) - Follower e1d33aab-103b-40d3-b11e-cca6cb4bf5ea@group-814509AA7368->bd23528b-4f24-4cbd-9fbb-986ea08237bf(c0,m0,n1, attendVote=true, lastRpcSendTime=516, lastRpcResponseTime=8035)
2022-02-08 16:07:04,728 [e1d33aab-103b-40d3-b11e-cca6cb4bf5ea@group-814509AA7368-LeaderStateImpl] INFO  server.RaftServer$Division (RaftServerImpl.java:setRole(290)) - e1d33aab-103b-40d3-b11e-cca6cb4bf5ea@group-814509AA7368: changes role from    LEADER to FOLLOWER at term 3 for StepDownReason:LOST_MAJORITY_HEARTBEATS
2022-02-08 16:07:04,728 [e1d33aab-103b-40d3-b11e-cca6cb4bf5ea@group-814509AA7368-LeaderStateImpl] INFO  impl.RoleInfo (RoleInfo.java:shutdownLeaderState(91)) - e1d33aab-103b-40d3-b11e-cca6cb4bf5ea: shutdown e1d33aab-103b-40d3-b11e-cca6cb4bf5ea@group-814509AA7368-LeaderStateImpl
2022-02-08 16:07:04,732 [e1d33aab-103b-40d3-b11e-cca6cb4bf5ea@group-814509AA7368-LeaderStateImpl] INFO  impl.PendingRequests (PendingRequests.java:sendNotLeaderResponses(282)) - e1d33aab-103b-40d3-b11e-cca6cb4bf5ea@group-814509AA7368-PendingRequests: sendNotLeaderResponses
2022-02-08 16:07:04,732 [e1d33aab-103b-40d3-b11e-cca6cb4bf5ea@group-814509AA7368-LeaderStateImpl] INFO  impl.RoleInfo (RoleInfo.java:updateAndGet(130)) - e1d33aab-103b-40d3-b11e-cca6cb4bf5ea: start e1d33aab-103b-40d3-b11e-cca6cb4bf5ea@group-814509AA7368-FollowerState
2022-02-08 16:07:05,081 [EndpointStateMachine task thread for /127.0.0.1:34411 - 0 ] INFO  ipc.Client (Client.java:handleConnectionFailure(977)) - Retrying connect to server: localhost/127.0.0.1:34411. Already tried 14 time(s); retry policy is RetryUpToMaximumCountWithFixedSleep(maxRetries=15, sleepTime=1000 MILLISECONDS)
2022-02-08 16:07:05,082 [EndpointStateMachine task thread for /127.0.0.1:34411 - 0 ] WARN  statemachine.EndpointStateMachine (EndpointStateMachine.java:logIfNeeded(236)) - Unable to communicate to SCM server at localhost:34411 for past 0 seconds.
java.net.ConnectException: Call From fv-az131-167/10.1.0.12 to localhost:34411 failed on connection exception: java.net.ConnectException: Connection refused; For more details see:  http://wiki.apache.org/hadoop/ConnectionRefused
	at sun.reflect.GeneratedConstructorAccessor43.newInstance(Unknown Source)
	at sun.reflect.DelegatingConstructorAccessorImpl.newInstance(DelegatingConstructorAccessorImpl.java:45)
	at java.lang.reflect.Constructor.newInstance(Constructor.java:423)
	at org.apache.hadoop.net.NetUtils.wrapWithMessage(NetUtils.java:913)
	at org.apache.hadoop.net.NetUtils.wrapException(NetUtils.java:828)
	at org.apache.hadoop.ipc.Client.getRpcResponse(Client.java:1577)
	at org.apache.hadoop.ipc.Client.call(Client.java:1519)
	at org.apache.hadoop.ipc.Client.call(Client.java:1416)
	at org.apache.hadoop.ipc.ProtobufRpcEngine$Invoker.invoke(ProtobufRpcEngine.java:236)
	at org.apache.hadoop.ipc.ProtobufRpcEngine$Invoker.invoke(ProtobufRpcEngine.java:123)
	at com.sun.proxy.$Proxy48.submitRequest(Unknown Source)
	at org.apache.hadoop.ozone.protocolPB.StorageContainerDatanodeProtocolClientSideTranslatorPB.submitRequest(StorageContainerDatanodeProtocolClientSideTranslatorPB.java:117)
	at org.apache.hadoop.ozone.protocolPB.StorageContainerDatanodeProtocolClientSideTranslatorPB.sendHeartbeat(StorageContainerDatanodeProtocolClientSideTranslatorPB.java:149)
	at org.apache.hadoop.ozone.container.common.states.endpoint.HeartbeatEndpointTask.call(HeartbeatEndpointTask.java:179)
	at org.apache.hadoop.ozone.container.common.states.endpoint.HeartbeatEndpointTask.call(HeartbeatEndpointTask.java:82)
	at java.util.concurrent.FutureTask.run(FutureTask.java:266)
	at java.util.concurrent.ThreadPoolExecutor.runWorker(ThreadPoolExecutor.java:1149)
	at java.util.concurrent.ThreadPoolExecutor$Worker.run(ThreadPoolExecutor.java:624)
	at java.lang.Thread.run(Thread.java:748)
Caused by: java.net.ConnectException: Connection refused
	at sun.nio.ch.SocketChannelImpl.checkConnect(Native Method)
	at sun.nio.ch.SocketChannelImpl.finishConnect(SocketChannelImpl.java:716)
	at org.apache.hadoop.net.SocketIOWithTimeout.connect(SocketIOWithTimeout.java:206)
	at org.apache.hadoop.net.NetUtils.connect(NetUtils.java:586)
	at org.apache.hadoop.ipc.Client$Connection.setupConnection(Client.java:701)
	at org.apache.hadoop.ipc.Client$Connection.setupIOstreams(Client.java:822)
	at org.apache.hadoop.ipc.Client$Connection.access$3800(Client.java:414)
	at org.apache.hadoop.ipc.Client.getConnection(Client.java:1647)
	at org.apache.hadoop.ipc.Client.call(Client.java:1463)
	... 12 more
2022-02-08 16:07:05,088 [EndpointStateMachine task thread for /127.0.0.1:36421 - 0 ] INFO  ipc.Client (Client.java:handleConnectionFailure(977)) - Retrying connect to server: localhost/127.0.0.1:36421. Already tried 4 time(s); retry policy is RetryUpToMaximumCountWithFixedSleep(maxRetries=15, sleepTime=1000 MILLISECONDS)
2022-02-08 16:07:05,089 [EndpointStateMachine task thread for /127.0.0.1:35925 - 0 ] INFO  ipc.Client (Client.java:handleConnectionFailure(977)) - Retrying connect to server: localhost/127.0.0.1:35925. Already tried 14 time(s); retry policy is RetryUpToMaximumCountWithFixedSleep(maxRetries=15, sleepTime=1000 MILLISECONDS)
2022-02-08 16:07:05,090 [EndpointStateMachine task thread for /127.0.0.1:35925 - 0 ] WARN  statemachine.EndpointStateMachine (EndpointStateMachine.java:logIfNeeded(236)) - Unable to communicate to SCM server at localhost:35925 for past 0 seconds.
java.net.ConnectException: Call From fv-az131-167/10.1.0.12 to localhost:35925 failed on connection exception: java.net.ConnectException: Connection refused; For more details see:  http://wiki.apache.org/hadoop/ConnectionRefused
	at sun.reflect.GeneratedConstructorAccessor43.newInstance(Unknown Source)
	at sun.reflect.DelegatingConstructorAccessorImpl.newInstance(DelegatingConstructorAccessorImpl.java:45)
	at java.lang.reflect.Constructor.newInstance(Constructor.java:423)
	at org.apache.hadoop.net.NetUtils.wrapWithMessage(NetUtils.java:913)
	at org.apache.hadoop.net.NetUtils.wrapException(NetUtils.java:828)
	at org.apache.hadoop.ipc.Client.getRpcResponse(Client.java:1577)
	at org.apache.hadoop.ipc.Client.call(Client.java:1519)
	at org.apache.hadoop.ipc.Client.call(Client.java:1416)
	at org.apache.hadoop.ipc.ProtobufRpcEngine$Invoker.invoke(ProtobufRpcEngine.java:236)
	at org.apache.hadoop.ipc.ProtobufRpcEngine$Invoker.invoke(ProtobufRpcEngine.java:123)
	at com.sun.proxy.$Proxy48.submitRequest(Unknown Source)
	at org.apache.hadoop.ozone.protocolPB.StorageContainerDatanodeProtocolClientSideTranslatorPB.submitRequest(StorageContainerDatanodeProtocolClientSideTranslatorPB.java:117)
	at org.apache.hadoop.ozone.protocolPB.StorageContainerDatanodeProtocolClientSideTranslatorPB.sendHeartbeat(StorageContainerDatanodeProtocolClientSideTranslatorPB.java:149)
	at org.apache.hadoop.ozone.container.common.states.endpoint.HeartbeatEndpointTask.call(HeartbeatEndpointTask.java:179)
	at org.apache.hadoop.ozone.container.common.states.endpoint.HeartbeatEndpointTask.call(HeartbeatEndpointTask.java:82)
	at java.util.concurrent.FutureTask.run(FutureTask.java:266)
	at java.util.concurrent.ThreadPoolExecutor.runWorker(ThreadPoolExecutor.java:1149)
	at java.util.concurrent.ThreadPoolExecutor$Worker.run(ThreadPoolExecutor.java:624)
	at java.lang.Thread.run(Thread.java:748)
Caused by: java.net.ConnectException: Connection refused
	at sun.nio.ch.SocketChannelImpl.checkConnect(Native Method)
	at sun.nio.ch.SocketChannelImpl.finishConnect(SocketChannelImpl.java:716)
	at org.apache.hadoop.net.SocketIOWithTimeout.connect(SocketIOWithTimeout.java:206)
	at org.apache.hadoop.net.NetUtils.connect(NetUtils.java:586)
	at org.apache.hadoop.ipc.Client$Connection.setupConnection(Client.java:701)
	at org.apache.hadoop.ipc.Client$Connection.setupIOstreams(Client.java:822)
	at org.apache.hadoop.ipc.Client$Connection.access$3800(Client.java:414)
	at org.apache.hadoop.ipc.Client.getConnection(Client.java:1647)
	at org.apache.hadoop.ipc.Client.call(Client.java:1463)
	... 12 more
2022-02-08 16:07:05,144 [EndpointStateMachine task thread for /127.0.0.1:42215 - 0 ] INFO  ipc.Client (Client.java:handleConnectionFailure(977)) - Retrying connect to server: localhost/127.0.0.1:42215. Already tried 4 time(s); retry policy is RetryUpToMaximumCountWithFixedSleep(maxRetries=15, sleepTime=1000 MILLISECONDS)
2022-02-08 16:07:05,145 [EndpointStateMachine task thread for /127.0.0.1:40425 - 0 ] INFO  ipc.Client (Client.java:handleConnectionFailure(977)) - Retrying connect to server: localhost/127.0.0.1:40425. Already tried 4 time(s); retry policy is RetryUpToMaximumCountWithFixedSleep(maxRetries=15, sleepTime=1000 MILLISECONDS)
2022-02-08 16:07:05,586 [EndpointStateMachine task thread for /127.0.0.1:44977 - 0 ] INFO  ipc.Client (Client.java:handleConnectionFailure(977)) - Retrying connect to server: localhost/127.0.0.1:44977. Already tried 0 time(s); retry policy is RetryUpToMaximumCountWithFixedSleep(maxRetries=15, sleepTime=1000 MILLISECONDS)
2022-02-08 16:07:06,086 [EndpointStateMachine task thread for /127.0.0.1:34411 - 0 ] INFO  ipc.Client (Client.java:handleConnectionFailure(977)) - Retrying connect to server: localhost/127.0.0.1:34411. Already tried 0 time(s); retry policy is RetryUpToMaximumCountWithFixedSleep(maxRetries=15, sleepTime=1000 MILLISECONDS)
2022-02-08 16:07:06,088 [EndpointStateMachine task thread for /127.0.0.1:36421 - 0 ] INFO  ipc.Client (Client.java:handleConnectionFailure(977)) - Retrying connect to server: localhost/127.0.0.1:36421. Already tried 5 time(s); retry policy is RetryUpToMaximumCountWithFixedSleep(maxRetries=15, sleepTime=1000 MILLISECONDS)
2022-02-08 16:07:06,090 [EndpointStateMachine task thread for /127.0.0.1:35925 - 0 ] INFO  ipc.Client (Client.java:handleConnectionFailure(977)) - Retrying connect to server: localhost/127.0.0.1:35925. Already tried 0 time(s); retry policy is RetryUpToMaximumCountWithFixedSleep(maxRetries=15, sleepTime=1000 MILLISECONDS)
2022-02-08 16:07:06,145 [EndpointStateMachine task thread for /127.0.0.1:42215 - 0 ] INFO  ipc.Client (Client.java:handleConnectionFailure(977)) - Retrying connect to server: localhost/127.0.0.1:42215. Already tried 5 time(s); retry policy is RetryUpToMaximumCountWithFixedSleep(maxRetries=15, sleepTime=1000 MILLISECONDS)
2022-02-08 16:07:06,145 [EndpointStateMachine task thread for /127.0.0.1:40425 - 0 ] INFO  ipc.Client (Client.java:handleConnectionFailure(977)) - Retrying connect to server: localhost/127.0.0.1:40425. Already tried 5 time(s); retry policy is RetryUpToMaximumCountWithFixedSleep(maxRetries=15, sleepTime=1000 MILLISECONDS)
2022-02-08 16:07:06,587 [EndpointStateMachine task thread for /127.0.0.1:44977 - 0 ] INFO  ipc.Client (Client.java:handleConnectionFailure(977)) - Retrying connect to server: localhost/127.0.0.1:44977. Already tried 1 time(s); retry policy is RetryUpToMaximumCountWithFixedSleep(maxRetries=15, sleepTime=1000 MILLISECONDS)
2022-02-08 16:07:07,087 [EndpointStateMachine task thread for /127.0.0.1:34411 - 0 ] INFO  ipc.Client (Client.java:handleConnectionFailure(977)) - Retrying connect to server: localhost/127.0.0.1:34411. Already tried 1 time(s); retry policy is RetryUpToMaximumCountWithFixedSleep(maxRetries=15, sleepTime=1000 MILLISECONDS)
2022-02-08 16:07:07,089 [EndpointStateMachine task thread for /127.0.0.1:36421 - 0 ] INFO  ipc.Client (Client.java:handleConnectionFailure(977)) - Retrying connect to server: localhost/127.0.0.1:36421. Already tried 6 time(s); retry policy is RetryUpToMaximumCountWithFixedSleep(maxRetries=15, sleepTime=1000 MILLISECONDS)
2022-02-08 16:07:07,090 [EndpointStateMachine task thread for /127.0.0.1:35925 - 0 ] INFO  ipc.Client (Client.java:handleConnectionFailure(977)) - Retrying connect to server: localhost/127.0.0.1:35925. Already tried 1 time(s); retry policy is RetryUpToMaximumCountWithFixedSleep(maxRetries=15, sleepTime=1000 MILLISECONDS)
2022-02-08 16:07:07,145 [EndpointStateMachine task thread for /127.0.0.1:42215 - 0 ] INFO  ipc.Client (Client.java:handleConnectionFailure(977)) - Retrying connect to server: localhost/127.0.0.1:42215. Already tried 6 time(s); retry policy is RetryUpToMaximumCountWithFixedSleep(maxRetries=15, sleepTime=1000 MILLISECONDS)
2022-02-08 16:07:07,146 [EndpointStateMachine task thread for /127.0.0.1:40425 - 0 ] INFO  ipc.Client (Client.java:handleConnectionFailure(977)) - Retrying connect to server: localhost/127.0.0.1:40425. Already tried 6 time(s); retry policy is RetryUpToMaximumCountWithFixedSleep(maxRetries=15, sleepTime=1000 MILLISECONDS)
2022-02-08 16:07:07,591 [EndpointStateMachine task thread for /127.0.0.1:44977 - 0 ] INFO  ipc.Client (Client.java:handleConnectionFailure(977)) - Retrying connect to server: localhost/127.0.0.1:44977. Already tried 2 time(s); retry policy is RetryUpToMaximumCountWithFixedSleep(maxRetries=15, sleepTime=1000 MILLISECONDS)
2022-02-08 16:07:07,703 [Listener at 127.0.0.1/39187] INFO  ozoneimpl.OzoneContainer (OzoneContainer.java:stop(336)) - Attempting to stop container services.
2022-02-08 16:07:07,704 [Listener at 127.0.0.1/39187] INFO  server.RaftServer (RaftServerProxy.java:lambda$close$6(391)) - e1d33aab-103b-40d3-b11e-cca6cb4bf5ea: close
2022-02-08 16:07:07,708 [Listener at 127.0.0.1/39187] INFO  server.RaftServer$Division (RaftServerImpl.java:lambda$close$4(412)) - e1d33aab-103b-40d3-b11e-cca6cb4bf5ea@group-814509AA7368: shutdown
2022-02-08 16:07:07,708 [Listener at 127.0.0.1/39187] INFO  util.JmxRegister (JmxRegister.java:unregister(73)) - Successfully un-registered JMX Bean with object name Ratis:service=RaftServer,group=group-814509AA7368,id=e1d33aab-103b-40d3-b11e-cca6cb4bf5ea
2022-02-08 16:07:07,708 [Listener at 127.0.0.1/39187] INFO  impl.RoleInfo (RoleInfo.java:shutdownFollowerState(108)) - e1d33aab-103b-40d3-b11e-cca6cb4bf5ea: shutdown e1d33aab-103b-40d3-b11e-cca6cb4bf5ea@group-814509AA7368-FollowerState
2022-02-08 16:07:07,708 [Listener at 127.0.0.1/39187] INFO  impl.StateMachineUpdater (StateMachineUpdater.java:stopAndJoin(149)) - e1d33aab-103b-40d3-b11e-cca6cb4bf5ea@group-814509AA7368-StateMachineUpdater: set stopIndex = 0
2022-02-08 16:07:07,709 [e1d33aab-103b-40d3-b11e-cca6cb4bf5ea@group-814509AA7368-StateMachineUpdater] INFO  ratis.ContainerStateMachine (ContainerStateMachine.java:takeSnapshot(299)) - group-814509AA7368: Taking a snapshot at:(t:3, i:0) file /home/runner/work/ozone/ozone/hadoop-ozone/integration-test/target/test-dir/MiniOzoneClusterImpl-a5c83128-e0a7-4ff9-8358-8aced9f265d2/datanode-2/data/ratis/da59a702-20e4-476a-a133-814509aa7368/sm/snapshot.3_0
2022-02-08 16:07:07,708 [e1d33aab-103b-40d3-b11e-cca6cb4bf5ea@group-814509AA7368-FollowerState] INFO  impl.FollowerState (FollowerState.java:run(143)) - e1d33aab-103b-40d3-b11e-cca6cb4bf5ea@group-814509AA7368-FollowerState was interrupted: {}
java.lang.InterruptedException: sleep interrupted
	at java.lang.Thread.sleep(Native Method)
	at java.lang.Thread.sleep(Thread.java:340)
	at java.util.concurrent.TimeUnit.sleep(TimeUnit.java:386)
	at org.apache.ratis.util.TimeDuration.sleep(TimeDuration.java:324)
	at org.apache.ratis.util.TimeDuration.sleep(TimeDuration.java:309)
	at org.apache.ratis.server.impl.FollowerState.run(FollowerState.java:118)
2022-02-08 16:07:07,723 [e1d33aab-103b-40d3-b11e-cca6cb4bf5ea@group-814509AA7368-StateMachineUpdater] INFO  ratis.ContainerStateMachine (ContainerStateMachine.java:takeSnapshot(310)) - group-814509AA7368: Finished taking a snapshot at:(t:3, i:0) file:/home/runner/work/ozone/ozone/hadoop-ozone/integration-test/target/test-dir/MiniOzoneClusterImpl-a5c83128-e0a7-4ff9-8358-8aced9f265d2/datanode-2/data/ratis/da59a702-20e4-476a-a133-814509aa7368/sm/snapshot.3_0 took: 14 ms
2022-02-08 16:07:07,723 [e1d33aab-103b-40d3-b11e-cca6cb4bf5ea@group-814509AA7368-StateMachineUpdater] INFO  impl.StateMachineUpdater (StateMachineUpdater.java:takeSnapshot(281)) - e1d33aab-103b-40d3-b11e-cca6cb4bf5ea@group-814509AA7368-StateMachineUpdater: Took a snapshot at index 0
2022-02-08 16:07:07,723 [e1d33aab-103b-40d3-b11e-cca6cb4bf5ea@group-814509AA7368-StateMachineUpdater] INFO  impl.StateMachineUpdater (StateMachineUpdater.java:lambda$new$0(89)) - e1d33aab-103b-40d3-b11e-cca6cb4bf5ea@group-814509AA7368-StateMachineUpdater: snapshotIndex: updateIncreasingly -1 -> 0
2022-02-08 16:07:07,723 [Listener at 127.0.0.1/39187] INFO  server.RaftServer$Division (ServerState.java:close(419)) - e1d33aab-103b-40d3-b11e-cca6cb4bf5ea@group-814509AA7368: closes. applyIndex: 0
2022-02-08 16:07:07,724 [e1d33aab-103b-40d3-b11e-cca6cb4bf5ea@group-814509AA7368-SegmentedRaftLogWorker] INFO  segmented.SegmentedRaftLogWorker (SegmentedRaftLogWorker.java:run(327)) - e1d33aab-103b-40d3-b11e-cca6cb4bf5ea@group-814509AA7368-SegmentedRaftLogWorker was interrupted, exiting. There are 0 tasks remaining in the queue.
2022-02-08 16:07:07,724 [Listener at 127.0.0.1/39187] INFO  segmented.SegmentedRaftLogWorker (SegmentedRaftLogWorker.java:close(237)) - e1d33aab-103b-40d3-b11e-cca6cb4bf5ea@group-814509AA7368-SegmentedRaftLogWorker close()
2022-02-08 16:07:07,725 [Listener at 127.0.0.1/39187] INFO  server.RaftServer$Division (RaftServerImpl.java:lambda$close$4(412)) - e1d33aab-103b-40d3-b11e-cca6cb4bf5ea@group-EF770CC483A9: shutdown
2022-02-08 16:07:07,725 [Listener at 127.0.0.1/39187] INFO  util.JmxRegister (JmxRegister.java:unregister(73)) - Successfully un-registered JMX Bean with object name Ratis:service=RaftServer,group=group-EF770CC483A9,id=e1d33aab-103b-40d3-b11e-cca6cb4bf5ea
2022-02-08 16:07:07,725 [Listener at 127.0.0.1/39187] INFO  impl.RoleInfo (RoleInfo.java:shutdownFollowerState(108)) - e1d33aab-103b-40d3-b11e-cca6cb4bf5ea: shutdown e1d33aab-103b-40d3-b11e-cca6cb4bf5ea@group-EF770CC483A9-FollowerState
2022-02-08 16:07:07,723 [ForkJoinPool.commonPool-worker-1] INFO  server.RaftServer$Division (RaftServerImpl.java:lambda$close$4(412)) - e1d33aab-103b-40d3-b11e-cca6cb4bf5ea@group-6C9F5428A155: shutdown
2022-02-08 16:07:07,725 [e1d33aab-103b-40d3-b11e-cca6cb4bf5ea@group-EF770CC483A9-StateMachineUpdater] INFO  ratis.ContainerStateMachine (ContainerStateMachine.java:takeSnapshot(299)) - group-EF770CC483A9: Taking a snapshot at:(t:2, i:0) file /home/runner/work/ozone/ozone/hadoop-ozone/integration-test/target/test-dir/MiniOzoneClusterImpl-a5c83128-e0a7-4ff9-8358-8aced9f265d2/datanode-2/data/ratis/290cafec-cd7a-45f1-8fd2-ef770cc483a9/sm/snapshot.2_0
2022-02-08 16:07:07,725 [e1d33aab-103b-40d3-b11e-cca6cb4bf5ea@group-EF770CC483A9-FollowerState] INFO  impl.FollowerState (FollowerState.java:run(143)) - e1d33aab-103b-40d3-b11e-cca6cb4bf5ea@group-EF770CC483A9-FollowerState was interrupted: {}
java.lang.InterruptedException: sleep interrupted
	at java.lang.Thread.sleep(Native Method)
	at java.lang.Thread.sleep(Thread.java:340)
	at java.util.concurrent.TimeUnit.sleep(TimeUnit.java:386)
	at org.apache.ratis.util.TimeDuration.sleep(TimeDuration.java:324)
	at org.apache.ratis.util.TimeDuration.sleep(TimeDuration.java:309)
	at org.apache.ratis.server.impl.FollowerState.run(FollowerState.java:118)
2022-02-08 16:07:07,725 [Listener at 127.0.0.1/39187] INFO  impl.StateMachineUpdater (StateMachineUpdater.java:stopAndJoin(149)) - e1d33aab-103b-40d3-b11e-cca6cb4bf5ea@group-EF770CC483A9-StateMachineUpdater: set stopIndex = 0
2022-02-08 16:07:07,727 [e1d33aab-103b-40d3-b11e-cca6cb4bf5ea@group-EF770CC483A9-StateMachineUpdater] INFO  ratis.ContainerStateMachine (ContainerStateMachine.java:takeSnapshot(310)) - group-EF770CC483A9: Finished taking a snapshot at:(t:2, i:0) file:/home/runner/work/ozone/ozone/hadoop-ozone/integration-test/target/test-dir/MiniOzoneClusterImpl-a5c83128-e0a7-4ff9-8358-8aced9f265d2/datanode-2/data/ratis/290cafec-cd7a-45f1-8fd2-ef770cc483a9/sm/snapshot.2_0 took: 1 ms
2022-02-08 16:07:07,732 [e1d33aab-103b-40d3-b11e-cca6cb4bf5ea@group-EF770CC483A9-StateMachineUpdater] INFO  impl.StateMachineUpdater (StateMachineUpdater.java:takeSnapshot(281)) - e1d33aab-103b-40d3-b11e-cca6cb4bf5ea@group-EF770CC483A9-StateMachineUpdater: Took a snapshot at index 0
2022-02-08 16:07:07,732 [e1d33aab-103b-40d3-b11e-cca6cb4bf5ea@group-EF770CC483A9-StateMachineUpdater] INFO  impl.StateMachineUpdater (StateMachineUpdater.java:lambda$new$0(89)) - e1d33aab-103b-40d3-b11e-cca6cb4bf5ea@group-EF770CC483A9-StateMachineUpdater: snapshotIndex: updateIncreasingly -1 -> 0
2022-02-08 16:07:07,732 [Listener at 127.0.0.1/39187] INFO  server.RaftServer$Division (ServerState.java:close(419)) - e1d33aab-103b-40d3-b11e-cca6cb4bf5ea@group-EF770CC483A9: closes. applyIndex: 0
2022-02-08 16:07:07,733 [e1d33aab-103b-40d3-b11e-cca6cb4bf5ea@group-EF770CC483A9-SegmentedRaftLogWorker] INFO  segmented.SegmentedRaftLogWorker (SegmentedRaftLogWorker.java:run(327)) - e1d33aab-103b-40d3-b11e-cca6cb4bf5ea@group-EF770CC483A9-SegmentedRaftLogWorker was interrupted, exiting. There are 0 tasks remaining in the queue.
2022-02-08 16:07:07,733 [Listener at 127.0.0.1/39187] INFO  segmented.SegmentedRaftLogWorker (SegmentedRaftLogWorker.java:close(237)) - e1d33aab-103b-40d3-b11e-cca6cb4bf5ea@group-EF770CC483A9-SegmentedRaftLogWorker close()
2022-02-08 16:07:07,726 [ForkJoinPool.commonPool-worker-1] INFO  util.JmxRegister (JmxRegister.java:unregister(73)) - Successfully un-registered JMX Bean with object name Ratis:service=RaftServer,group=group-6C9F5428A155,id=e1d33aab-103b-40d3-b11e-cca6cb4bf5ea
2022-02-08 16:07:07,733 [ForkJoinPool.commonPool-worker-1] INFO  impl.RoleInfo (RoleInfo.java:shutdownLeaderState(91)) - e1d33aab-103b-40d3-b11e-cca6cb4bf5ea: shutdown e1d33aab-103b-40d3-b11e-cca6cb4bf5ea@group-6C9F5428A155-LeaderStateImpl
2022-02-08 16:07:07,733 [ForkJoinPool.commonPool-worker-1] INFO  impl.PendingRequests (PendingRequests.java:sendNotLeaderResponses(282)) - e1d33aab-103b-40d3-b11e-cca6cb4bf5ea@group-6C9F5428A155-PendingRequests: sendNotLeaderResponses
2022-02-08 16:07:07,734 [ForkJoinPool.commonPool-worker-1] INFO  impl.StateMachineUpdater (StateMachineUpdater.java:stopAndJoin(149)) - e1d33aab-103b-40d3-b11e-cca6cb4bf5ea@group-6C9F5428A155-StateMachineUpdater: set stopIndex = 0
2022-02-08 16:07:07,734 [e1d33aab-103b-40d3-b11e-cca6cb4bf5ea@group-6C9F5428A155-StateMachineUpdater] INFO  ratis.ContainerStateMachine (ContainerStateMachine.java:takeSnapshot(299)) - group-6C9F5428A155: Taking a snapshot at:(t:1, i:0) file /home/runner/work/ozone/ozone/hadoop-ozone/integration-test/target/test-dir/MiniOzoneClusterImpl-a5c83128-e0a7-4ff9-8358-8aced9f265d2/datanode-2/data/ratis/12825c7f-6e69-4e3c-b105-6c9f5428a155/sm/snapshot.1_0
2022-02-08 16:07:07,736 [e1d33aab-103b-40d3-b11e-cca6cb4bf5ea@group-6C9F5428A155-StateMachineUpdater] INFO  ratis.ContainerStateMachine (ContainerStateMachine.java:takeSnapshot(310)) - group-6C9F5428A155: Finished taking a snapshot at:(t:1, i:0) file:/home/runner/work/ozone/ozone/hadoop-ozone/integration-test/target/test-dir/MiniOzoneClusterImpl-a5c83128-e0a7-4ff9-8358-8aced9f265d2/datanode-2/data/ratis/12825c7f-6e69-4e3c-b105-6c9f5428a155/sm/snapshot.1_0 took: 2 ms
2022-02-08 16:07:07,736 [e1d33aab-103b-40d3-b11e-cca6cb4bf5ea@group-6C9F5428A155-StateMachineUpdater] INFO  impl.StateMachineUpdater (StateMachineUpdater.java:takeSnapshot(281)) - e1d33aab-103b-40d3-b11e-cca6cb4bf5ea@group-6C9F5428A155-StateMachineUpdater: Took a snapshot at index 0
2022-02-08 16:07:07,736 [e1d33aab-103b-40d3-b11e-cca6cb4bf5ea@group-6C9F5428A155-StateMachineUpdater] INFO  impl.StateMachineUpdater (StateMachineUpdater.java:lambda$new$0(89)) - e1d33aab-103b-40d3-b11e-cca6cb4bf5ea@group-6C9F5428A155-StateMachineUpdater: snapshotIndex: updateIncreasingly -1 -> 0
2022-02-08 16:07:07,740 [ForkJoinPool.commonPool-worker-1] INFO  server.RaftServer$Division (ServerState.java:close(419)) - e1d33aab-103b-40d3-b11e-cca6cb4bf5ea@group-6C9F5428A155: closes. applyIndex: 0
2022-02-08 16:07:07,740 [e1d33aab-103b-40d3-b11e-cca6cb4bf5ea@group-6C9F5428A155-SegmentedRaftLogWorker] INFO  segmented.SegmentedRaftLogWorker (SegmentedRaftLogWorker.java:run(327)) - e1d33aab-103b-40d3-b11e-cca6cb4bf5ea@group-6C9F5428A155-SegmentedRaftLogWorker was interrupted, exiting. There are 0 tasks remaining in the queue.
2022-02-08 16:07:07,740 [ForkJoinPool.commonPool-worker-1] INFO  segmented.SegmentedRaftLogWorker (SegmentedRaftLogWorker.java:close(237)) - e1d33aab-103b-40d3-b11e-cca6cb4bf5ea@group-6C9F5428A155-SegmentedRaftLogWorker close()
2022-02-08 16:07:07,740 [Listener at 127.0.0.1/39187] INFO  server.GrpcService (GrpcService.java:closeImpl(262)) - e1d33aab-103b-40d3-b11e-cca6cb4bf5ea: shutdown server with port 37863 now
2022-02-08 16:07:07,742 [Listener at 127.0.0.1/39187] INFO  server.GrpcService (GrpcService.java:closeImpl(271)) - e1d33aab-103b-40d3-b11e-cca6cb4bf5ea: shutdown server with port 37863 successfully
2022-02-08 16:07:07,742 [org.apache.ratis.util.JvmPauseMonitor$$Lambda$503/1122118227@5ee0e022] INFO  util.JvmPauseMonitor (JvmPauseMonitor.java:run(109)) - JvmPauseMonitor-e1d33aab-103b-40d3-b11e-cca6cb4bf5ea: Stopped
2022-02-08 16:07:08,087 [EndpointStateMachine task thread for /127.0.0.1:34411 - 0 ] INFO  ipc.Client (Client.java:handleConnectionFailure(977)) - Retrying connect to server: localhost/127.0.0.1:34411. Already tried 2 time(s); retry policy is RetryUpToMaximumCountWithFixedSleep(maxRetries=15, sleepTime=1000 MILLISECONDS)
2022-02-08 16:07:08,089 [EndpointStateMachine task thread for /127.0.0.1:36421 - 0 ] INFO  ipc.Client (Client.java:handleConnectionFailure(977)) - Retrying connect to server: localhost/127.0.0.1:36421. Already tried 7 time(s); retry policy is RetryUpToMaximumCountWithFixedSleep(maxRetries=15, sleepTime=1000 MILLISECONDS)
2022-02-08 16:07:08,091 [EndpointStateMachine task thread for /127.0.0.1:35925 - 0 ] INFO  ipc.Client (Client.java:handleConnectionFailure(977)) - Retrying connect to server: localhost/127.0.0.1:35925. Already tried 2 time(s); retry policy is RetryUpToMaximumCountWithFixedSleep(maxRetries=15, sleepTime=1000 MILLISECONDS)
2022-02-08 16:07:08,146 [EndpointStateMachine task thread for /127.0.0.1:42215 - 0 ] INFO  ipc.Client (Client.java:handleConnectionFailure(977)) - Retrying connect to server: localhost/127.0.0.1:42215. Already tried 7 time(s); retry policy is RetryUpToMaximumCountWithFixedSleep(maxRetries=15, sleepTime=1000 MILLISECONDS)
2022-02-08 16:07:08,147 [EndpointStateMachine task thread for /127.0.0.1:40425 - 0 ] INFO  ipc.Client (Client.java:handleConnectionFailure(977)) - Retrying connect to server: localhost/127.0.0.1:40425. Already tried 7 time(s); retry policy is RetryUpToMaximumCountWithFixedSleep(maxRetries=15, sleepTime=1000 MILLISECONDS)
2022-02-08 16:07:08,592 [EndpointStateMachine task thread for /127.0.0.1:44977 - 0 ] INFO  ipc.Client (Client.java:handleConnectionFailure(977)) - Retrying connect to server: localhost/127.0.0.1:44977. Already tried 3 time(s); retry policy is RetryUpToMaximumCountWithFixedSleep(maxRetries=15, sleepTime=1000 MILLISECONDS)
2022-02-08 16:07:09,090 [EndpointStateMachine task thread for /127.0.0.1:36421 - 0 ] INFO  ipc.Client (Client.java:handleConnectionFailure(977)) - Retrying connect to server: localhost/127.0.0.1:36421. Already tried 8 time(s); retry policy is RetryUpToMaximumCountWithFixedSleep(maxRetries=15, sleepTime=1000 MILLISECONDS)
2022-02-08 16:07:09,090 [EndpointStateMachine task thread for /127.0.0.1:34411 - 0 ] INFO  ipc.Client (Client.java:handleConnectionFailure(977)) - Retrying connect to server: localhost/127.0.0.1:34411. Already tried 3 time(s); retry policy is RetryUpToMaximumCountWithFixedSleep(maxRetries=15, sleepTime=1000 MILLISECONDS)
2022-02-08 16:07:09,092 [EndpointStateMachine task thread for /127.0.0.1:35925 - 0 ] INFO  ipc.Client (Client.java:handleConnectionFailure(977)) - Retrying connect to server: localhost/127.0.0.1:35925. Already tried 3 time(s); retry policy is RetryUpToMaximumCountWithFixedSleep(maxRetries=15, sleepTime=1000 MILLISECONDS)
2022-02-08 16:07:09,147 [EndpointStateMachine task thread for /127.0.0.1:42215 - 0 ] INFO  ipc.Client (Client.java:handleConnectionFailure(977)) - Retrying connect to server: localhost/127.0.0.1:42215. Already tried 8 time(s); retry policy is RetryUpToMaximumCountWithFixedSleep(maxRetries=15, sleepTime=1000 MILLISECONDS)
2022-02-08 16:07:09,147 [EndpointStateMachine task thread for /127.0.0.1:40425 - 0 ] INFO  ipc.Client (Client.java:handleConnectionFailure(977)) - Retrying connect to server: localhost/127.0.0.1:40425. Already tried 8 time(s); retry policy is RetryUpToMaximumCountWithFixedSleep(maxRetries=15, sleepTime=1000 MILLISECONDS)
2022-02-08 16:07:09,592 [EndpointStateMachine task thread for /127.0.0.1:44977 - 0 ] INFO  ipc.Client (Client.java:handleConnectionFailure(977)) - Retrying connect to server: localhost/127.0.0.1:44977. Already tried 4 time(s); retry policy is RetryUpToMaximumCountWithFixedSleep(maxRetries=15, sleepTime=1000 MILLISECONDS)
2022-02-08 16:07:09,778 [Listener at 127.0.0.1/39187] INFO  utils.BackgroundService (BackgroundService.java:shutdown(132)) - Shutting down service BlockDeletingService
2022-02-08 16:07:10,092 [EndpointStateMachine task thread for /127.0.0.1:35925 - 0 ] INFO  ipc.Client (Client.java:handleConnectionFailure(977)) - Retrying connect to server: localhost/127.0.0.1:35925. Already tried 4 time(s); retry policy is RetryUpToMaximumCountWithFixedSleep(maxRetries=15, sleepTime=1000 MILLISECONDS)
2022-02-08 16:07:10,093 [EndpointStateMachine task thread for /127.0.0.1:36421 - 0 ] INFO  ipc.Client (Client.java:handleConnectionFailure(977)) - Retrying connect to server: localhost/127.0.0.1:36421. Already tried 9 time(s); retry policy is RetryUpToMaximumCountWithFixedSleep(maxRetries=15, sleepTime=1000 MILLISECONDS)
2022-02-08 16:07:10,093 [EndpointStateMachine task thread for /127.0.0.1:34411 - 0 ] INFO  ipc.Client (Client.java:handleConnectionFailure(977)) - Retrying connect to server: localhost/127.0.0.1:34411. Already tried 4 time(s); retry policy is RetryUpToMaximumCountWithFixedSleep(maxRetries=15, sleepTime=1000 MILLISECONDS)
2022-02-08 16:07:10,147 [EndpointStateMachine task thread for /127.0.0.1:42215 - 0 ] INFO  ipc.Client (Client.java:handleConnectionFailure(977)) - Retrying connect to server: localhost/127.0.0.1:42215. Already tried 9 time(s); retry policy is RetryUpToMaximumCountWithFixedSleep(maxRetries=15, sleepTime=1000 MILLISECONDS)
2022-02-08 16:07:10,148 [EndpointStateMachine task thread for /127.0.0.1:40425 - 0 ] INFO  ipc.Client (Client.java:handleConnectionFailure(977)) - Retrying connect to server: localhost/127.0.0.1:40425. Already tried 9 time(s); retry policy is RetryUpToMaximumCountWithFixedSleep(maxRetries=15, sleepTime=1000 MILLISECONDS)
2022-02-08 16:07:10,593 [EndpointStateMachine task thread for /127.0.0.1:44977 - 0 ] INFO  ipc.Client (Client.java:handleConnectionFailure(977)) - Retrying connect to server: localhost/127.0.0.1:44977. Already tried 5 time(s); retry policy is RetryUpToMaximumCountWithFixedSleep(maxRetries=15, sleepTime=1000 MILLISECONDS)
2022-02-08 16:07:11,093 [EndpointStateMachine task thread for /127.0.0.1:35925 - 0 ] INFO  ipc.Client (Client.java:handleConnectionFailure(977)) - Retrying connect to server: localhost/127.0.0.1:35925. Already tried 5 time(s); retry policy is RetryUpToMaximumCountWithFixedSleep(maxRetries=15, sleepTime=1000 MILLISECONDS)
2022-02-08 16:07:11,093 [EndpointStateMachine task thread for /127.0.0.1:36421 - 0 ] INFO  ipc.Client (Client.java:handleConnectionFailure(977)) - Retrying connect to server: localhost/127.0.0.1:36421. Already tried 10 time(s); retry policy is RetryUpToMaximumCountWithFixedSleep(maxRetries=15, sleepTime=1000 MILLISECONDS)
2022-02-08 16:07:11,094 [EndpointStateMachine task thread for /127.0.0.1:34411 - 0 ] INFO  ipc.Client (Client.java:handleConnectionFailure(977)) - Retrying connect to server: localhost/127.0.0.1:34411. Already tried 5 time(s); retry policy is RetryUpToMaximumCountWithFixedSleep(maxRetries=15, sleepTime=1000 MILLISECONDS)
2022-02-08 16:07:11,148 [EndpointStateMachine task thread for /127.0.0.1:42215 - 0 ] INFO  ipc.Client (Client.java:handleConnectionFailure(977)) - Retrying connect to server: localhost/127.0.0.1:42215. Already tried 10 time(s); retry policy is RetryUpToMaximumCountWithFixedSleep(maxRetries=15, sleepTime=1000 MILLISECONDS)
2022-02-08 16:07:11,148 [EndpointStateMachine task thread for /127.0.0.1:40425 - 0 ] INFO  ipc.Client (Client.java:handleConnectionFailure(977)) - Retrying connect to server: localhost/127.0.0.1:40425. Already tried 10 time(s); retry policy is RetryUpToMaximumCountWithFixedSleep(maxRetries=15, sleepTime=1000 MILLISECONDS)
2022-02-08 16:07:11,593 [EndpointStateMachine task thread for /127.0.0.1:44977 - 0 ] INFO  ipc.Client (Client.java:handleConnectionFailure(977)) - Retrying connect to server: localhost/127.0.0.1:44977. Already tried 6 time(s); retry policy is RetryUpToMaximumCountWithFixedSleep(maxRetries=15, sleepTime=1000 MILLISECONDS)
2022-02-08 16:07:12,093 [EndpointStateMachine task thread for /127.0.0.1:35925 - 0 ] INFO  ipc.Client (Client.java:handleConnectionFailure(977)) - Retrying connect to server: localhost/127.0.0.1:35925. Already tried 6 time(s); retry policy is RetryUpToMaximumCountWithFixedSleep(maxRetries=15, sleepTime=1000 MILLISECONDS)
2022-02-08 16:07:12,094 [EndpointStateMachine task thread for /127.0.0.1:36421 - 0 ] INFO  ipc.Client (Client.java:handleConnectionFailure(977)) - Retrying connect to server: localhost/127.0.0.1:36421. Already tried 11 time(s); retry policy is RetryUpToMaximumCountWithFixedSleep(maxRetries=15, sleepTime=1000 MILLISECONDS)
2022-02-08 16:07:12,094 [EndpointStateMachine task thread for /127.0.0.1:34411 - 0 ] INFO  ipc.Client (Client.java:handleConnectionFailure(977)) - Retrying connect to server: localhost/127.0.0.1:34411. Already tried 6 time(s); retry policy is RetryUpToMaximumCountWithFixedSleep(maxRetries=15, sleepTime=1000 MILLISECONDS)
2022-02-08 16:07:12,148 [EndpointStateMachine task thread for /127.0.0.1:42215 - 0 ] INFO  ipc.Client (Client.java:handleConnectionFailure(977)) - Retrying connect to server: localhost/127.0.0.1:42215. Already tried 11 time(s); retry policy is RetryUpToMaximumCountWithFixedSleep(maxRetries=15, sleepTime=1000 MILLISECONDS)
2022-02-08 16:07:12,149 [EndpointStateMachine task thread for /127.0.0.1:40425 - 0 ] INFO  ipc.Client (Client.java:handleConnectionFailure(977)) - Retrying connect to server: localhost/127.0.0.1:40425. Already tried 11 time(s); retry policy is RetryUpToMaximumCountWithFixedSleep(maxRetries=15, sleepTime=1000 MILLISECONDS)
2022-02-08 16:07:12,594 [EndpointStateMachine task thread for /127.0.0.1:44977 - 0 ] INFO  ipc.Client (Client.java:handleConnectionFailure(977)) - Retrying connect to server: localhost/127.0.0.1:44977. Already tried 7 time(s); retry policy is RetryUpToMaximumCountWithFixedSleep(maxRetries=15, sleepTime=1000 MILLISECONDS)
2022-02-08 16:07:12,788 [Listener at 127.0.0.1/39187] INFO  statemachine.DatanodeStateMachine (DatanodeStateMachine.java:stopDaemon(529)) - Ozone container server stopped.
2022-02-08 16:07:12,789 [Listener at 127.0.0.1/39187] INFO  handler.ContextHandler (ContextHandler.java:doStop(1153)) - Stopped o.e.j.w.WebAppContext@24378e1d{hddsDatanode,/,null,STOPPED}{jar:file:/home/runner/.m2/repository/org/apache/ozone/hdds-container-service/1.3.0-SNAPSHOT/hdds-container-service-1.3.0-SNAPSHOT.jar!/webapps/hddsDatanode}
2022-02-08 16:07:12,791 [Listener at 127.0.0.1/39187] INFO  server.AbstractConnector (AbstractConnector.java:doStop(381)) - Stopped ServerConnector@291bd851{HTTP/1.1, (http/1.1)}{0.0.0.0:0}
2022-02-08 16:07:12,791 [Listener at 127.0.0.1/39187] INFO  server.session (HouseKeeper.java:stopScavenging(149)) - node0 Stopped scavenging
2022-02-08 16:07:12,792 [Listener at 127.0.0.1/39187] INFO  handler.ContextHandler (ContextHandler.java:doStop(1153)) - Stopped o.e.j.s.ServletContextHandler@1717167e{static,/static,jar:file:/home/runner/.m2/repository/org/apache/ozone/hdds-container-service/1.3.0-SNAPSHOT/hdds-container-service-1.3.0-SNAPSHOT.jar!/webapps/static,STOPPED}
2022-02-08 16:07:12,792 [Listener at 127.0.0.1/39187] INFO  handler.ContextHandler (ContextHandler.java:doStop(1153)) - Stopped o.e.j.s.ServletContextHandler@25df80f7{logs,/logs,file:///home/runner/work/ozone/ozone/hadoop-ozone/integration-test/target/log,STOPPED}
]]></system-out>
  </testcase>
  <testcase name="testInstallCorruptedCheckpointFailure" classname="org.apache.hadoop.ozone.scm.TestSCMInstallSnapshotWithHA" time="59.98"/>
</testsuite>