<?xml version="1.0" encoding="UTF-8"?>
<testsuite xmlns:xsi="http://www.w3.org/2001/XMLSchema-instance" xsi:noNamespaceSchemaLocation="https://maven.apache.org/surefire/maven-surefire-plugin/xsd/surefire-test-report.xsd" name="org.apache.hadoop.ozone.client.rpc.TestOzoneRpcClient" time="223.601" tests="84" errors="1" skipped="0" failures="0">
  <properties>
    <property name="awt.toolkit" value="sun.awt.X11.XToolkit"/>
    <property name="file.encoding.pkg" value="sun.io"/>
    <property name="java.specification.version" value="1.8"/>
    <property name="sun.cpu.isalist" value=""/>
    <property name="sun.jnu.encoding" value="UTF-8"/>
    <property name="java.class.path" value="/home/runner/work/ozone/ozone/hadoop-ozone/integration-test/target/test-classes:/home/runner/work/ozone/ozone/hadoop-ozone/integration-test/target/classes:/home/runner/.m2/repository/org/apache/ozone/ozone-common/1.3.0-SNAPSHOT/ozone-common-1.3.0-SNAPSHOT.jar:/home/runner/.m2/repository/org/apache/commons/commons-compress/1.21/commons-compress-1.21.jar:/home/runner/.m2/repository/org/apache/ozone/hdds-common/1.3.0-SNAPSHOT/hdds-common-1.3.0-SNAPSHOT.jar:/home/runner/.m2/repository/org/apache/ozone/hdds-client/1.3.0-SNAPSHOT/hdds-client-1.3.0-SNAPSHOT.jar:/home/runner/.m2/repository/org/apache/ozone/ozone-interface-client/1.3.0-SNAPSHOT/ozone-interface-client-1.3.0-SNAPSHOT.jar:/home/runner/.m2/repository/org/apache/ozone/hdds-test-utils/1.3.0-SNAPSHOT/hdds-test-utils-1.3.0-SNAPSHOT.jar:/home/runner/.m2/repository/com/google/guava/guava/30.1.1-jre/guava-30.1.1-jre.jar:/home/runner/.m2/repository/com/google/guava/failureaccess/1.0.1/failureaccess-1.0.1.jar:/home/runner/.m2/repository/com/google/guava/listenablefuture/9999.0-empty-to-avoid-conflict-with-guava/listenablefuture-9999.0-empty-to-avoid-conflict-with-guava.jar:/home/runner/.m2/repository/com/google/code/findbugs/jsr305/3.0.0/jsr305-3.0.0.jar:/home/runner/.m2/repository/org/checkerframework/checker-qual/3.8.0/checker-qual-3.8.0.jar:/home/runner/.m2/repository/com/google/errorprone/error_prone_annotations/2.2.0/error_prone_annotations-2.2.0.jar:/home/runner/.m2/repository/com/google/j2objc/j2objc-annotations/1.3/j2objc-annotations-1.3.jar:/home/runner/.m2/repository/commons-io/commons-io/2.11.0/commons-io-2.11.0.jar:/home/runner/.m2/repository/commons-logging/commons-logging/1.2/commons-logging-1.2.jar:/home/runner/.m2/repository/log4j/log4j/1.2.17/log4j-1.2.17.jar:/home/runner/.m2/repository/org/slf4j/slf4j-api/1.7.30/slf4j-api-1.7.30.jar:/home/runner/.m2/repository/org/apache/ozone/hdds-server-scm/1.3.0-SNAPSHOT/hdds-server-scm-1.3.0-SNAPSHOT.jar:/home/runner/.m2/repository/org/apache/ozone/hdds-container-service/1.3.0-SNAPSHOT/hdds-container-service-1.3.0-SNAPSHOT.jar:/home/runner/.m2/repository/org/apache/ozone/hdds-hadoop-dependency-server/1.3.0-SNAPSHOT/hdds-hadoop-dependency-server-1.3.0-SNAPSHOT.jar:/home/runner/.m2/repository/org/apache/hadoop/hadoop-hdfs/3.3.1/hadoop-hdfs-3.3.1.jar:/home/runner/.m2/repository/org/apache/ozone/hdds-server-framework/1.3.0-SNAPSHOT/hdds-server-framework-1.3.0-SNAPSHOT.jar:/home/runner/.m2/repository/org/apache/ozone/hdds-interface-server/1.3.0-SNAPSHOT/hdds-interface-server-1.3.0-SNAPSHOT.jar:/home/runner/.m2/repository/org/eclipse/jetty/jetty-servlet/9.4.43.v20210629/jetty-servlet-9.4.43.v20210629.jar:/home/runner/.m2/repository/org/eclipse/jetty/jetty-security/9.4.43.v20210629/jetty-security-9.4.43.v20210629.jar:/home/runner/.m2/repository/org/rocksdb/rocksdbjni/6.25.3/rocksdbjni-6.25.3.jar:/home/runner/.m2/repository/io/prometheus/simpleclient_dropwizard/0.7.0/simpleclient_dropwizard-0.7.0.jar:/home/runner/.m2/repository/io/prometheus/simpleclient/0.7.0/simpleclient-0.7.0.jar:/home/runner/.m2/repository/io/prometheus/simpleclient_common/0.7.0/simpleclient_common-0.7.0.jar:/home/runner/.m2/repository/com/fasterxml/jackson/datatype/jackson-datatype-jsr310/2.12.1/jackson-datatype-jsr310-2.12.1.jar:/home/runner/.m2/repository/io/dropwizard/metrics/metrics-core/3.2.4/metrics-core-3.2.4.jar:/home/runner/.m2/repository/org/apache/hadoop/hadoop-hdfs-client/3.3.1/hadoop-hdfs-client-3.3.1.jar:/home/runner/.m2/repository/org/bouncycastle/bcprov-jdk15on/1.67/bcprov-jdk15on-1.67.jar:/home/runner/.m2/repository/com/google/protobuf/protobuf-java/2.5.0/protobuf-java-2.5.0.jar:/home/runner/.m2/repository/org/apache/ozone/ozone-manager/1.3.0-SNAPSHOT/ozone-manager-1.3.0-SNAPSHOT.jar:/home/runner/.m2/repository/org/aspectj/aspectjrt/1.9.7/aspectjrt-1.9.7.jar:/home/runner/.m2/repository/org/aspectj/aspectjweaver/1.9.7/aspectjweaver-1.9.7.jar:/home/runner/.m2/repository/org/apache/ozone/hdds-interface-client/1.3.0-SNAPSHOT/hdds-interface-client-1.3.0-SNAPSHOT.jar:/home/runner/.m2/repository/org/apache/hadoop/thirdparty/hadoop-shaded-protobuf_3_7/1.1.1/hadoop-shaded-protobuf_3_7-1.1.1.jar:/home/runner/.m2/repository/org/apache/ozone/ozone-interface-storage/1.3.0-SNAPSHOT/ozone-interface-storage-1.3.0-SNAPSHOT.jar:/home/runner/.m2/repository/org/reflections/reflections/0.9.11/reflections-0.9.11.jar:/home/runner/.m2/repository/org/apache/hadoop/hadoop-minikdc/3.3.1/hadoop-minikdc-3.3.1.jar:/home/runner/.m2/repository/org/apache/kerby/kerb-simplekdc/1.0.1/kerb-simplekdc-1.0.1.jar:/home/runner/.m2/repository/org/apache/kerby/kerb-client/1.0.1/kerb-client-1.0.1.jar:/home/runner/.m2/repository/org/apache/kerby/kerby-config/1.0.1/kerby-config-1.0.1.jar:/home/runner/.m2/repository/org/apache/kerby/kerb-common/1.0.1/kerb-common-1.0.1.jar:/home/runner/.m2/repository/org/apache/kerby/kerb-crypto/1.0.1/kerb-crypto-1.0.1.jar:/home/runner/.m2/repository/org/apache/kerby/kerb-util/1.0.1/kerb-util-1.0.1.jar:/home/runner/.m2/repository/org/apache/kerby/token-provider/1.0.1/token-provider-1.0.1.jar:/home/runner/.m2/repository/org/apache/kerby/kerb-admin/1.0.1/kerb-admin-1.0.1.jar:/home/runner/.m2/repository/org/apache/kerby/kerb-server/1.0.1/kerb-server-1.0.1.jar:/home/runner/.m2/repository/org/apache/kerby/kerb-identity/1.0.1/kerb-identity-1.0.1.jar:/home/runner/.m2/repository/org/apache/kerby/kerby-xdr/1.0.1/kerby-xdr-1.0.1.jar:/home/runner/.m2/repository/org/slf4j/slf4j-log4j12/1.7.30/slf4j-log4j12-1.7.30.jar:/home/runner/.m2/repository/org/apache/ozone/ozone-s3gateway/1.3.0-SNAPSHOT/ozone-s3gateway-1.3.0-SNAPSHOT.jar:/home/runner/.m2/repository/org/javassist/javassist/3.21.0-GA/javassist-3.21.0-GA.jar:/home/runner/.m2/repository/org/jboss/weld/servlet/weld-servlet/2.4.7.Final/weld-servlet-2.4.7.Final.jar:/home/runner/.m2/repository/org/glassfish/jersey/containers/jersey-container-servlet-core/2.33/jersey-container-servlet-core-2.33.jar:/home/runner/.m2/repository/org/glassfish/hk2/external/jakarta.inject/2.6.1/jakarta.inject-2.6.1.jar:/home/runner/.m2/repository/org/glassfish/jersey/core/jersey-common/2.33/jersey-common-2.33.jar:/home/runner/.m2/repository/jakarta/ws/rs/jakarta.ws.rs-api/2.1.6/jakarta.ws.rs-api-2.1.6.jar:/home/runner/.m2/repository/org/glassfish/jersey/ext/cdi/jersey-cdi1x/2.33/jersey-cdi1x-2.33.jar:/home/runner/.m2/repository/org/glassfish/jersey/inject/jersey-hk2/2.33/jersey-hk2-2.33.jar:/home/runner/.m2/repository/org/glassfish/hk2/hk2-locator/2.6.1/hk2-locator-2.6.1.jar:/home/runner/.m2/repository/org/glassfish/jersey/media/jersey-media-jaxb/2.33/jersey-media-jaxb-2.33.jar:/home/runner/.m2/repository/org/glassfish/hk2/osgi-resource-locator/1.0.3/osgi-resource-locator-1.0.3.jar:/home/runner/.m2/repository/org/glassfish/hk2/hk2-api/2.5.0/hk2-api-2.5.0.jar:/home/runner/.m2/repository/org/glassfish/hk2/hk2-utils/2.5.0/hk2-utils-2.5.0.jar:/home/runner/.m2/repository/org/glassfish/hk2/external/aopalliance-repackaged/2.5.0/aopalliance-repackaged-2.5.0.jar:/home/runner/.m2/repository/com/fasterxml/jackson/dataformat/jackson-dataformat-xml/2.12.1/jackson-dataformat-xml-2.12.1.jar:/home/runner/.m2/repository/com/fasterxml/jackson/core/jackson-core/2.12.1/jackson-core-2.12.1.jar:/home/runner/.m2/repository/com/fasterxml/jackson/module/jackson-module-jaxb-annotations/2.12.1/jackson-module-jaxb-annotations-2.12.1.jar:/home/runner/.m2/repository/jakarta/xml/bind/jakarta.xml.bind-api/2.3.2/jakarta.xml.bind-api-2.3.2.jar:/home/runner/.m2/repository/org/codehaus/woodstox/stax2-api/3.1.4/stax2-api-3.1.4.jar:/home/runner/.m2/repository/com/fasterxml/woodstox/woodstox-core/5.0.3/woodstox-core-5.0.3.jar:/home/runner/.m2/repository/javax/enterprise/cdi-api/1.2/cdi-api-1.2.jar:/home/runner/.m2/repository/javax/el/javax.el-api/3.0.0/javax.el-api-3.0.0.jar:/home/runner/.m2/repository/javax/interceptor/javax.interceptor-api/1.2/javax.interceptor-api-1.2.jar:/home/runner/.m2/repository/javax/inject/javax.inject/1/javax.inject-1.jar:/home/runner/.m2/repository/javax/xml/bind/jaxb-api/2.3.0/jaxb-api-2.3.0.jar:/home/runner/.m2/repository/org/glassfish/jaxb/jaxb-runtime/2.3.0.1/jaxb-runtime-2.3.0.1.jar:/home/runner/.m2/repository/org/glassfish/jaxb/jaxb-core/2.3.0.1/jaxb-core-2.3.0.1.jar:/home/runner/.m2/repository/org/glassfish/jaxb/txw2/2.3.0.1/txw2-2.3.0.1.jar:/home/runner/.m2/repository/com/sun/istack/istack-commons-runtime/3.0.5/istack-commons-runtime-3.0.5.jar:/home/runner/.m2/repository/org/jvnet/staxex/stax-ex/1.7.8/stax-ex-1.7.8.jar:/home/runner/.m2/repository/com/sun/xml/fastinfoset/FastInfoset/1.2.13/FastInfoset-1.2.13.jar:/home/runner/.m2/repository/javax/activation/activation/1.1.1/activation-1.1.1.jar:/home/runner/.m2/repository/org/apache/ozone/ozone-csi/1.3.0-SNAPSHOT/ozone-csi-1.3.0-SNAPSHOT.jar:/home/runner/.m2/repository/com/google/protobuf/protobuf-java-util/3.12.0/protobuf-java-util-3.12.0.jar:/home/runner/.m2/repository/com/google/code/gson/gson/2.2.4/gson-2.2.4.jar:/home/runner/.m2/repository/org/apache/ozone/hdds-config/1.3.0-SNAPSHOT/hdds-config-1.3.0-SNAPSHOT.jar:/home/runner/.m2/repository/io/grpc/grpc-netty/1.33.0/grpc-netty-1.33.0.jar:/home/runner/.m2/repository/io/grpc/grpc-core/1.33.0/grpc-core-1.33.0.jar:/home/runner/.m2/repository/com/google/android/annotations/4.1.1.4/annotations-4.1.1.4.jar:/home/runner/.m2/repository/io/netty/netty-codec-http2/4.1.63.Final/netty-codec-http2-4.1.63.Final.jar:/home/runner/.m2/repository/io/netty/netty-codec-http/4.1.63.Final/netty-codec-http-4.1.63.Final.jar:/home/runner/.m2/repository/io/netty/netty-handler-proxy/4.1.63.Final/netty-handler-proxy-4.1.63.Final.jar:/home/runner/.m2/repository/io/netty/netty-codec-socks/4.1.63.Final/netty-codec-socks-4.1.63.Final.jar:/home/runner/.m2/repository/io/perfmark/perfmark-api/0.19.0/perfmark-api-0.19.0.jar:/home/runner/.m2/repository/org/codehaus/mojo/animal-sniffer-annotations/1.18/animal-sniffer-annotations-1.18.jar:/home/runner/.m2/repository/io/netty/netty-transport-native-epoll/4.1.63.Final/netty-transport-native-epoll-4.1.63.Final.jar:/home/runner/.m2/repository/io/netty/netty-common/4.1.63.Final/netty-common-4.1.63.Final.jar:/home/runner/.m2/repository/io/netty/netty-buffer/4.1.63.Final/netty-buffer-4.1.63.Final.jar:/home/runner/.m2/repository/io/netty/netty-transport-native-unix-common/4.1.63.Final/netty-transport-native-unix-common-4.1.63.Final.jar:/home/runner/.m2/repository/io/grpc/grpc-protobuf/1.33.0/grpc-protobuf-1.33.0.jar:/home/runner/.m2/repository/io/grpc/grpc-api/1.33.0/grpc-api-1.33.0.jar:/home/runner/.m2/repository/io/grpc/grpc-context/1.33.0/grpc-context-1.33.0.jar:/home/runner/.m2/repository/com/google/api/grpc/proto-google-common-protos/1.17.0/proto-google-common-protos-1.17.0.jar:/home/runner/.m2/repository/io/grpc/grpc-protobuf-lite/1.33.0/grpc-protobuf-lite-1.33.0.jar:/home/runner/.m2/repository/io/grpc/grpc-stub/1.33.0/grpc-stub-1.33.0.jar:/home/runner/.m2/repository/org/apache/ozone/ozone-recon/1.3.0-SNAPSHOT/ozone-recon-1.3.0-SNAPSHOT.jar:/home/runner/.m2/repository/org/apache/ozone/ozone-reconcodegen/1.3.0-SNAPSHOT/ozone-reconcodegen-1.3.0-SNAPSHOT.jar:/home/runner/.m2/repository/com/google/inject/extensions/guice-multibindings/4.0/guice-multibindings-4.0.jar:/home/runner/.m2/repository/com/google/inject/guice/4.0/guice-4.0.jar:/home/runner/.m2/repository/aopalliance/aopalliance/1.0/aopalliance-1.0.jar:/home/runner/.m2/repository/com/google/inject/extensions/guice-assistedinject/4.0/guice-assistedinject-4.0.jar:/home/runner/.m2/repository/com/google/inject/extensions/guice-servlet/4.0/guice-servlet-4.0.jar:/home/runner/.m2/repository/org/glassfish/jersey/containers/jersey-container-servlet/2.33/jersey-container-servlet-2.33.jar:/home/runner/.m2/repository/org/glassfish/hk2/guice-bridge/2.5.0/guice-bridge-2.5.0.jar:/home/runner/.m2/repository/org/glassfish/jersey/core/jersey-server/2.33/jersey-server-2.33.jar:/home/runner/.m2/repository/org/glassfish/jersey/core/jersey-client/2.33/jersey-client-2.33.jar:/home/runner/.m2/repository/jakarta/annotation/jakarta.annotation-api/1.3.5/jakarta.annotation-api-1.3.5.jar:/home/runner/.m2/repository/jakarta/validation/jakarta.validation-api/2.0.2/jakarta.validation-api-2.0.2.jar:/home/runner/.m2/repository/org/glassfish/jersey/media/jersey-media-json-jackson/2.33/jersey-media-json-jackson-2.33.jar:/home/runner/.m2/repository/org/glassfish/jersey/ext/jersey-entity-filtering/2.33/jersey-entity-filtering-2.33.jar:/home/runner/.m2/repository/org/jooq/jooq/3.11.10/jooq-3.11.10.jar:/home/runner/.m2/repository/org/jooq/jooq-meta/3.11.10/jooq-meta-3.11.10.jar:/home/runner/.m2/repository/org/jooq/jooq-codegen/3.11.10/jooq-codegen-3.11.10.jar:/home/runner/.m2/repository/com/jolbox/bonecp/0.8.0.RELEASE/bonecp-0.8.0.RELEASE.jar:/home/runner/.m2/repository/org/apache/derby/derby/10.14.2.0/derby-10.14.2.0.jar:/home/runner/.m2/repository/org/xerial/sqlite-jdbc/3.25.2/sqlite-jdbc-3.25.2.jar:/home/runner/.m2/repository/org/springframework/spring-jdbc/5.2.18.RELEASE/spring-jdbc-5.2.18.RELEASE.jar:/home/runner/.m2/repository/org/springframework/spring-beans/5.2.18.RELEASE/spring-beans-5.2.18.RELEASE.jar:/home/runner/.m2/repository/org/springframework/spring-core/5.2.18.RELEASE/spring-core-5.2.18.RELEASE.jar:/home/runner/.m2/repository/org/springframework/spring-jcl/5.2.18.RELEASE/spring-jcl-5.2.18.RELEASE.jar:/home/runner/.m2/repository/org/springframework/spring-tx/5.2.18.RELEASE/spring-tx-5.2.18.RELEASE.jar:/home/runner/.m2/repository/org/apache/ozone/ozone-client/1.3.0-SNAPSHOT/ozone-client-1.3.0-SNAPSHOT.jar:/home/runner/.m2/repository/org/apache/ozone/ozone-filesystem/1.3.0-SNAPSHOT/ozone-filesystem-1.3.0-SNAPSHOT.jar:/home/runner/.m2/repository/org/apache/ozone/ozone-filesystem-common/1.3.0-SNAPSHOT/ozone-filesystem-common-1.3.0-SNAPSHOT.jar:/home/runner/.m2/repository/org/apache/ozone/ozone-tools/1.3.0-SNAPSHOT/ozone-tools-1.3.0-SNAPSHOT.jar:/home/runner/.m2/repository/org/apache/ratis/ratis-tools/2.2.0/ratis-tools-2.2.0.jar:/home/runner/.m2/repository/com/amazonaws/aws-java-sdk-core/1.12.124/aws-java-sdk-core-1.12.124.jar:/home/runner/.m2/repository/org/apache/httpcomponents/httpclient/4.5.13/httpclient-4.5.13.jar:/home/runner/.m2/repository/org/apache/httpcomponents/httpcore/4.4.13/httpcore-4.4.13.jar:/home/runner/.m2/repository/software/amazon/ion/ion-java/1.0.2/ion-java-1.0.2.jar:/home/runner/.m2/repository/com/fasterxml/jackson/dataformat/jackson-dataformat-cbor/2.12.1/jackson-dataformat-cbor-2.12.1.jar:/home/runner/.m2/repository/joda-time/joda-time/2.8.1/joda-time-2.8.1.jar:/home/runner/.m2/repository/com/amazonaws/aws-java-sdk-s3/1.12.124/aws-java-sdk-s3-1.12.124.jar:/home/runner/.m2/repository/com/amazonaws/aws-java-sdk-kms/1.12.124/aws-java-sdk-kms-1.12.124.jar:/home/runner/.m2/repository/com/amazonaws/jmespath-java/1.12.124/jmespath-java-1.12.124.jar:/home/runner/.m2/repository/org/kohsuke/metainf-services/metainf-services/1.8/metainf-services-1.8.jar:/home/runner/.m2/repository/org/apache/ozone/hdds-tools/1.3.0-SNAPSHOT/hdds-tools-1.3.0-SNAPSHOT.jar:/home/runner/.m2/repository/commons-cli/commons-cli/1.2/commons-cli-1.2.jar:/home/runner/.m2/repository/org/apache/commons/commons-lang3/3.7/commons-lang3-3.7.jar:/home/runner/.m2/repository/org/apache/ozone/ozone-manager/1.3.0-SNAPSHOT/ozone-manager-1.3.0-SNAPSHOT-tests.jar:/home/runner/.m2/repository/org/apache/ozone/hdds-common/1.3.0-SNAPSHOT/hdds-common-1.3.0-SNAPSHOT-tests.jar:/home/runner/.m2/repository/org/apache/ozone/hdds-hadoop-dependency-client/1.3.0-SNAPSHOT/hdds-hadoop-dependency-client-1.3.0-SNAPSHOT.jar:/home/runner/.m2/repository/info/picocli/picocli/4.6.1/picocli-4.6.1.jar:/home/runner/.m2/repository/com/fasterxml/jackson/core/jackson-annotations/2.12.1/jackson-annotations-2.12.1.jar:/home/runner/.m2/repository/javax/annotation/javax.annotation-api/1.2/javax.annotation-api-1.2.jar:/home/runner/.m2/repository/org/apache/ratis/ratis-server/2.2.0/ratis-server-2.2.0.jar:/home/runner/.m2/repository/org/apache/ratis/ratis-client/2.2.0/ratis-client-2.2.0.jar:/home/runner/.m2/repository/org/apache/ratis/ratis-server-api/2.2.0/ratis-server-api-2.2.0.jar:/home/runner/.m2/repository/org/apache/ratis/ratis-metrics/2.2.0/ratis-metrics-2.2.0.jar:/home/runner/.m2/repository/org/apache/ratis/ratis-netty/2.2.0/ratis-netty-2.2.0.jar:/home/runner/.m2/repository/org/apache/ratis/ratis-grpc/2.2.0/ratis-grpc-2.2.0.jar:/home/runner/.m2/repository/org/apache/logging/log4j/log4j-api/2.17.1/log4j-api-2.17.1.jar:/home/runner/.m2/repository/org/apache/logging/log4j/log4j-core/2.17.1/log4j-core-2.17.1.jar:/home/runner/.m2/repository/com/lmax/disruptor/3.4.2/disruptor-3.4.2.jar:/home/runner/.m2/repository/org/apache/commons/commons-pool2/2.6.0/commons-pool2-2.6.0.jar:/home/runner/.m2/repository/org/bouncycastle/bcpkix-jdk15on/1.67/bcpkix-jdk15on-1.67.jar:/home/runner/.m2/repository/commons-validator/commons-validator/1.6/commons-validator-1.6.jar:/home/runner/.m2/repository/commons-beanutils/commons-beanutils/1.9.4/commons-beanutils-1.9.4.jar:/home/runner/.m2/repository/commons-digester/commons-digester/1.8.1/commons-digester-1.8.1.jar:/home/runner/.m2/repository/commons-collections/commons-collections/3.2.2/commons-collections-3.2.2.jar:/home/runner/.m2/repository/io/jaegertracing/jaeger-client/1.6.0/jaeger-client-1.6.0.jar:/home/runner/.m2/repository/io/jaegertracing/jaeger-thrift/1.6.0/jaeger-thrift-1.6.0.jar:/home/runner/.m2/repository/org/apache/thrift/libthrift/0.14.1/libthrift-0.14.1.jar:/home/runner/.m2/repository/com/squareup/okhttp3/okhttp/4.9.0/okhttp-4.9.0.jar:/home/runner/.m2/repository/com/squareup/okio/okio/2.8.0/okio-2.8.0.jar:/home/runner/.m2/repository/io/jaegertracing/jaeger-core/1.6.0/jaeger-core-1.6.0.jar:/home/runner/.m2/repository/io/jaegertracing/jaeger-tracerresolver/1.6.0/jaeger-tracerresolver-1.6.0.jar:/home/runner/.m2/repository/io/opentracing/contrib/opentracing-tracerresolver/0.1.8/opentracing-tracerresolver-0.1.8.jar:/home/runner/.m2/repository/org/jetbrains/kotlin/kotlin-stdlib/1.4.31/kotlin-stdlib-1.4.31.jar:/home/runner/.m2/repository/org/jetbrains/kotlin/kotlin-stdlib-common/1.4.31/kotlin-stdlib-common-1.4.31.jar:/home/runner/.m2/repository/org/jetbrains/annotations/13.0/annotations-13.0.jar:/home/runner/.m2/repository/io/opentracing/opentracing-util/0.33.0/opentracing-util-0.33.0.jar:/home/runner/.m2/repository/io/opentracing/opentracing-api/0.33.0/opentracing-api-0.33.0.jar:/home/runner/.m2/repository/io/opentracing/opentracing-noop/0.33.0/opentracing-noop-0.33.0.jar:/home/runner/.m2/repository/org/yaml/snakeyaml/1.26/snakeyaml-1.26.jar:/home/runner/.m2/repository/org/apache/ozone/hdds-interface-admin/1.3.0-SNAPSHOT/hdds-interface-admin-1.3.0-SNAPSHOT.jar:/home/runner/.m2/repository/junit/junit/4.13.1/junit-4.13.1.jar:/home/runner/.m2/repository/org/hamcrest/hamcrest-core/1.3/hamcrest-core-1.3.jar:/home/runner/.m2/repository/org/junit/jupiter/junit-jupiter-api/5.7.0/junit-jupiter-api-5.7.0.jar:/home/runner/.m2/repository/org/apiguardian/apiguardian-api/1.1.0/apiguardian-api-1.1.0.jar:/home/runner/.m2/repository/org/opentest4j/opentest4j/1.2.0/opentest4j-1.2.0.jar:/home/runner/.m2/repository/org/junit/platform/junit-platform-commons/1.7.0/junit-platform-commons-1.7.0.jar:/home/runner/.m2/repository/org/junit/jupiter/junit-jupiter-engine/5.7.0/junit-jupiter-engine-5.7.0.jar:/home/runner/.m2/repository/org/junit/platform/junit-platform-engine/1.7.0/junit-platform-engine-1.7.0.jar:/home/runner/.m2/repository/org/junit/vintage/junit-vintage-engine/5.7.0/junit-vintage-engine-5.7.0.jar:/home/runner/.m2/repository/org/junit/platform/junit-platform-launcher/1.7.0/junit-platform-launcher-1.7.0.jar:/home/runner/.m2/repository/org/mockito/mockito-core/2.28.2/mockito-core-2.28.2.jar:/home/runner/.m2/repository/net/bytebuddy/byte-buddy/1.9.10/byte-buddy-1.9.10.jar:/home/runner/.m2/repository/net/bytebuddy/byte-buddy-agent/1.9.10/byte-buddy-agent-1.9.10.jar:/home/runner/.m2/repository/org/objenesis/objenesis/1.0/objenesis-1.0.jar:/home/runner/.m2/repository/org/apache/hadoop/hadoop-kms/3.3.1/hadoop-kms-3.3.1.jar:/home/runner/.m2/repository/org/apache/hadoop/hadoop-auth/3.3.1/hadoop-auth-3.3.1.jar:/home/runner/.m2/repository/com/nimbusds/nimbus-jose-jwt/7.9/nimbus-jose-jwt-7.9.jar:/home/runner/.m2/repository/com/github/stephenc/jcip/jcip-annotations/1.0-1/jcip-annotations-1.0-1.jar:/home/runner/.m2/repository/net/minidev/json-smart/2.3.1/json-smart-2.3.1.jar:/home/runner/.m2/repository/net/minidev/accessors-smart/2.3.1/accessors-smart-2.3.1.jar:/home/runner/.m2/repository/org/ow2/asm/asm/5.0.4/asm-5.0.4.jar:/home/runner/.m2/repository/org/apache/zookeeper/zookeeper/3.5.6/zookeeper-3.5.6.jar:/home/runner/.m2/repository/org/apache/zookeeper/zookeeper-jute/3.5.6/zookeeper-jute-3.5.6.jar:/home/runner/.m2/repository/org/apache/yetus/audience-annotations/0.5.0/audience-annotations-0.5.0.jar:/home/runner/.m2/repository/org/apache/curator/curator-framework/4.2.0/curator-framework-4.2.0.jar:/home/runner/.m2/repository/org/apache/hadoop/thirdparty/hadoop-shaded-guava/1.1.1/hadoop-shaded-guava-1.1.1.jar:/home/runner/.m2/repository/com/sun/jersey/jersey-core/1.19/jersey-core-1.19.jar:/home/runner/.m2/repository/javax/ws/rs/jsr311-api/1.1.1/jsr311-api-1.1.1.jar:/home/runner/.m2/repository/com/sun/jersey/jersey-server/1.19/jersey-server-1.19.jar:/home/runner/.m2/repository/javax/servlet/javax.servlet-api/3.1.0/javax.servlet-api-3.1.0.jar:/home/runner/.m2/repository/org/eclipse/jetty/jetty-server/9.4.43.v20210629/jetty-server-9.4.43.v20210629.jar:/home/runner/.m2/repository/org/eclipse/jetty/jetty-http/9.4.43.v20210629/jetty-http-9.4.43.v20210629.jar:/home/runner/.m2/repository/org/eclipse/jetty/jetty-io/9.4.43.v20210629/jetty-io-9.4.43.v20210629.jar:/home/runner/.m2/repository/org/eclipse/jetty/jetty-webapp/9.4.43.v20210629/jetty-webapp-9.4.43.v20210629.jar:/home/runner/.m2/repository/org/eclipse/jetty/jetty-xml/9.4.43.v20210629/jetty-xml-9.4.43.v20210629.jar:/home/runner/.m2/repository/org/apache/hadoop/hadoop-common/3.3.1/hadoop-common-3.3.1.jar:/home/runner/.m2/repository/org/apache/commons/commons-math3/3.1.1/commons-math3-3.1.1.jar:/home/runner/.m2/repository/commons-net/commons-net/3.6/commons-net-3.6.jar:/home/runner/.m2/repository/jakarta/activation/jakarta.activation-api/1.2.1/jakarta.activation-api-1.2.1.jar:/home/runner/.m2/repository/com/sun/jersey/jersey-servlet/1.19/jersey-servlet-1.19.jar:/home/runner/.m2/repository/com/sun/jersey/jersey-json/1.19/jersey-json-1.19.jar:/home/runner/.m2/repository/org/codehaus/jettison/jettison/1.1/jettison-1.1.jar:/home/runner/.m2/repository/com/sun/xml/bind/jaxb-impl/2.2.3-1/jaxb-impl-2.2.3-1.jar:/home/runner/.m2/repository/org/codehaus/jackson/jackson-jaxrs/1.9.2/jackson-jaxrs-1.9.2.jar:/home/runner/.m2/repository/org/codehaus/jackson/jackson-xc/1.9.2/jackson-xc-1.9.2.jar:/home/runner/.m2/repository/org/apache/commons/commons-configuration2/2.1.1/commons-configuration2-2.1.1.jar:/home/runner/.m2/repository/org/apache/commons/commons-text/1.4/commons-text-1.4.jar:/home/runner/.m2/repository/com/google/re2j/re2j/1.1/re2j-1.1.jar:/home/runner/.m2/repository/com/jcraft/jsch/0.1.54/jsch-0.1.54.jar:/home/runner/.m2/repository/org/apache/curator/curator-client/4.2.0/curator-client-4.2.0.jar:/home/runner/.m2/repository/org/apache/curator/curator-recipes/4.2.0/curator-recipes-4.2.0.jar:/home/runner/.m2/repository/org/apache/kerby/kerb-core/1.0.1/kerb-core-1.0.1.jar:/home/runner/.m2/repository/org/apache/kerby/kerby-pkix/1.0.1/kerby-pkix-1.0.1.jar:/home/runner/.m2/repository/org/apache/kerby/kerby-asn1/1.0.1/kerby-asn1-1.0.1.jar:/home/runner/.m2/repository/org/apache/kerby/kerby-util/1.0.1/kerby-util-1.0.1.jar:/home/runner/.m2/repository/dnsjava/dnsjava/2.1.7/dnsjava-2.1.7.jar:/home/runner/.m2/repository/org/xerial/snappy/snappy-java/1.1.8.2/snappy-java-1.1.8.2.jar:/home/runner/.m2/repository/org/slf4j/jul-to-slf4j/1.7.30/jul-to-slf4j-1.7.30.jar:/home/runner/.m2/repository/org/eclipse/jetty/jetty-util/9.4.43.v20210629/jetty-util-9.4.43.v20210629.jar:/home/runner/.m2/repository/com/fasterxml/jackson/core/jackson-databind/2.12.1/jackson-databind-2.12.1.jar:/home/runner/.m2/repository/org/apache/hadoop/hadoop-kms/3.3.1/hadoop-kms-3.3.1-tests.jar:/home/runner/.m2/repository/org/apache/ozone/hdds-server-scm/1.3.0-SNAPSHOT/hdds-server-scm-1.3.0-SNAPSHOT-tests.jar:/home/runner/.m2/repository/org/apache/ozone/hdds-container-service/1.3.0-SNAPSHOT/hdds-container-service-1.3.0-SNAPSHOT-tests.jar:/home/runner/.m2/repository/commons-codec/commons-codec/1.11/commons-codec-1.11.jar:/home/runner/.m2/repository/io/netty/netty-transport/4.1.63.Final/netty-transport-4.1.63.Final.jar:/home/runner/.m2/repository/io/netty/netty-resolver/4.1.63.Final/netty-resolver-4.1.63.Final.jar:/home/runner/.m2/repository/io/netty/netty-codec/4.1.63.Final/netty-codec-4.1.63.Final.jar:/home/runner/.m2/repository/io/netty/netty-handler/4.1.63.Final/netty-handler-4.1.63.Final.jar:/home/runner/.m2/repository/org/apache/ozone/hdds-hadoop-dependency-test/1.3.0-SNAPSHOT/hdds-hadoop-dependency-test-1.3.0-SNAPSHOT.jar:/home/runner/.m2/repository/org/apache/hadoop/hadoop-common/3.3.1/hadoop-common-3.3.1-tests.jar:/home/runner/.m2/repository/org/assertj/assertj-core/3.12.2/assertj-core-3.12.2.jar:/home/runner/.m2/repository/org/apache/hadoop/hadoop-hdfs/3.3.1/hadoop-hdfs-3.3.1-tests.jar:/home/runner/.m2/repository/org/eclipse/jetty/jetty-util-ajax/9.4.43.v20210629/jetty-util-ajax-9.4.43.v20210629.jar:/home/runner/.m2/repository/commons-daemon/commons-daemon/1.0.13/commons-daemon-1.0.13.jar:/home/runner/.m2/repository/io/netty/netty/3.10.6.Final/netty-3.10.6.Final.jar:/home/runner/.m2/repository/io/netty/netty-all/4.1.63.Final/netty-all-4.1.63.Final.jar:/home/runner/.m2/repository/org/apache/htrace/htrace-core4/4.1.0-incubating/htrace-core4-4.1.0-incubating.jar:/home/runner/.m2/repository/org/fusesource/leveldbjni/leveldbjni-all/1.8/leveldbjni-all-1.8.jar:/home/runner/.m2/repository/org/apache/hadoop/hadoop-distcp/3.3.1/hadoop-distcp-3.3.1.jar:/home/runner/.m2/repository/org/apache/hadoop/hadoop-mapreduce-client-jobclient/3.3.1/hadoop-mapreduce-client-jobclient-3.3.1.jar:/home/runner/.m2/repository/org/apache/hadoop/hadoop-mapreduce-client-common/3.3.1/hadoop-mapreduce-client-common-3.3.1.jar:/home/runner/.m2/repository/org/apache/hadoop/hadoop-yarn-common/3.3.1/hadoop-yarn-common-3.3.1.jar:/home/runner/.m2/repository/org/apache/hadoop/hadoop-yarn-api/3.3.1/hadoop-yarn-api-3.3.1.jar:/home/runner/.m2/repository/com/sun/jersey/jersey-client/1.19/jersey-client-1.19.jar:/home/runner/.m2/repository/com/sun/jersey/contribs/jersey-guice/1.19/jersey-guice-1.19.jar:/home/runner/.m2/repository/com/fasterxml/jackson/jaxrs/jackson-jaxrs-json-provider/2.12.1/jackson-jaxrs-json-provider-2.12.1.jar:/home/runner/.m2/repository/com/fasterxml/jackson/jaxrs/jackson-jaxrs-base/2.12.1/jackson-jaxrs-base-2.12.1.jar:/home/runner/.m2/repository/org/apache/hadoop/hadoop-yarn-client/3.3.1/hadoop-yarn-client-3.3.1.jar:/home/runner/.m2/repository/org/eclipse/jetty/websocket/websocket-client/9.4.40.v20210413/websocket-client-9.4.40.v20210413.jar:/home/runner/.m2/repository/org/eclipse/jetty/jetty-client/9.4.40.v20210413/jetty-client-9.4.40.v20210413.jar:/home/runner/.m2/repository/org/eclipse/jetty/websocket/websocket-common/9.4.40.v20210413/websocket-common-9.4.40.v20210413.jar:/home/runner/.m2/repository/org/eclipse/jetty/websocket/websocket-api/9.4.40.v20210413/websocket-api-9.4.40.v20210413.jar:/home/runner/.m2/repository/org/jline/jline/3.9.0/jline-3.9.0.jar:/home/runner/.m2/repository/org/apache/hadoop/hadoop-mapreduce-client-core/3.3.1/hadoop-mapreduce-client-core-3.3.1.jar:/home/runner/.m2/repository/org/apache/avro/avro/1.7.7/avro-1.7.7.jar:/home/runner/.m2/repository/org/codehaus/jackson/jackson-core-asl/1.9.13/jackson-core-asl-1.9.13.jar:/home/runner/.m2/repository/org/codehaus/jackson/jackson-mapper-asl/1.9.13/jackson-mapper-asl-1.9.13.jar:/home/runner/.m2/repository/com/thoughtworks/paranamer/paranamer/2.3/paranamer-2.3.jar:/home/runner/.m2/repository/org/apache/hadoop/hadoop-annotations/3.3.1/hadoop-annotations-3.3.1.jar:/usr/lib/jvm/temurin-8-jdk-amd64/jre/../lib/tools.jar:/home/runner/.m2/repository/org/apache/hadoop/hadoop-distcp/3.3.1/hadoop-distcp-3.3.1-tests.jar:/home/runner/.m2/repository/org/apache/ratis/ratis-common/2.2.0/ratis-common-2.2.0.jar:/home/runner/.m2/repository/org/apache/ratis/ratis-thirdparty-misc/0.7.0/ratis-thirdparty-misc-0.7.0.jar:/home/runner/.m2/repository/org/apache/ratis/ratis-proto/2.2.0/ratis-proto-2.2.0.jar:"/>
    <property name="java.vm.vendor" value="Temurin"/>
    <property name="sun.arch.data.model" value="64"/>
    <property name="test.build.dir" value="/home/runner/work/ozone/ozone/hadoop-ozone/integration-test/target/test-dir"/>
    <property name="test.cache.data" value=""/>
    <property name="java.vendor.url" value="https://adoptium.net/"/>
    <property name="user.timezone" value=""/>
    <property name="java.vm.specification.version" value="1.8"/>
    <property name="os.name" value="Linux"/>
    <property name="test.build.data" value="/home/runner/work/ozone/ozone/hadoop-ozone/integration-test/target/test-dir"/>
    <property name="sun.java.launcher" value="SUN_STANDARD"/>
    <property name="sun.boot.library.path" value="/usr/lib/jvm/temurin-8-jdk-amd64/jre/lib/amd64"/>
    <property name="sun.java.command" value="/home/runner/work/ozone/ozone/hadoop-ozone/integration-test/target/surefire/surefirebooter4560083083099110694.jar /home/runner/work/ozone/ozone/hadoop-ozone/integration-test/target/surefire 2022-02-12T05-20-09_546-jvmRun1 surefire3199395454166285293tmp surefire_319018534049352546177tmp"/>
    <property name="surefire.test.class.path" value="/home/runner/work/ozone/ozone/hadoop-ozone/integration-test/target/test-classes:/home/runner/work/ozone/ozone/hadoop-ozone/integration-test/target/classes:/home/runner/.m2/repository/org/apache/ozone/ozone-common/1.3.0-SNAPSHOT/ozone-common-1.3.0-SNAPSHOT.jar:/home/runner/.m2/repository/org/apache/commons/commons-compress/1.21/commons-compress-1.21.jar:/home/runner/.m2/repository/org/apache/ozone/hdds-common/1.3.0-SNAPSHOT/hdds-common-1.3.0-SNAPSHOT.jar:/home/runner/.m2/repository/org/apache/ozone/hdds-client/1.3.0-SNAPSHOT/hdds-client-1.3.0-SNAPSHOT.jar:/home/runner/.m2/repository/org/apache/ozone/ozone-interface-client/1.3.0-SNAPSHOT/ozone-interface-client-1.3.0-SNAPSHOT.jar:/home/runner/.m2/repository/org/apache/ozone/hdds-test-utils/1.3.0-SNAPSHOT/hdds-test-utils-1.3.0-SNAPSHOT.jar:/home/runner/.m2/repository/com/google/guava/guava/30.1.1-jre/guava-30.1.1-jre.jar:/home/runner/.m2/repository/com/google/guava/failureaccess/1.0.1/failureaccess-1.0.1.jar:/home/runner/.m2/repository/com/google/guava/listenablefuture/9999.0-empty-to-avoid-conflict-with-guava/listenablefuture-9999.0-empty-to-avoid-conflict-with-guava.jar:/home/runner/.m2/repository/com/google/code/findbugs/jsr305/3.0.0/jsr305-3.0.0.jar:/home/runner/.m2/repository/org/checkerframework/checker-qual/3.8.0/checker-qual-3.8.0.jar:/home/runner/.m2/repository/com/google/errorprone/error_prone_annotations/2.2.0/error_prone_annotations-2.2.0.jar:/home/runner/.m2/repository/com/google/j2objc/j2objc-annotations/1.3/j2objc-annotations-1.3.jar:/home/runner/.m2/repository/commons-io/commons-io/2.11.0/commons-io-2.11.0.jar:/home/runner/.m2/repository/commons-logging/commons-logging/1.2/commons-logging-1.2.jar:/home/runner/.m2/repository/log4j/log4j/1.2.17/log4j-1.2.17.jar:/home/runner/.m2/repository/org/slf4j/slf4j-api/1.7.30/slf4j-api-1.7.30.jar:/home/runner/.m2/repository/org/apache/ozone/hdds-server-scm/1.3.0-SNAPSHOT/hdds-server-scm-1.3.0-SNAPSHOT.jar:/home/runner/.m2/repository/org/apache/ozone/hdds-container-service/1.3.0-SNAPSHOT/hdds-container-service-1.3.0-SNAPSHOT.jar:/home/runner/.m2/repository/org/apache/ozone/hdds-hadoop-dependency-server/1.3.0-SNAPSHOT/hdds-hadoop-dependency-server-1.3.0-SNAPSHOT.jar:/home/runner/.m2/repository/org/apache/hadoop/hadoop-hdfs/3.3.1/hadoop-hdfs-3.3.1.jar:/home/runner/.m2/repository/org/apache/ozone/hdds-server-framework/1.3.0-SNAPSHOT/hdds-server-framework-1.3.0-SNAPSHOT.jar:/home/runner/.m2/repository/org/apache/ozone/hdds-interface-server/1.3.0-SNAPSHOT/hdds-interface-server-1.3.0-SNAPSHOT.jar:/home/runner/.m2/repository/org/eclipse/jetty/jetty-servlet/9.4.43.v20210629/jetty-servlet-9.4.43.v20210629.jar:/home/runner/.m2/repository/org/eclipse/jetty/jetty-security/9.4.43.v20210629/jetty-security-9.4.43.v20210629.jar:/home/runner/.m2/repository/org/rocksdb/rocksdbjni/6.25.3/rocksdbjni-6.25.3.jar:/home/runner/.m2/repository/io/prometheus/simpleclient_dropwizard/0.7.0/simpleclient_dropwizard-0.7.0.jar:/home/runner/.m2/repository/io/prometheus/simpleclient/0.7.0/simpleclient-0.7.0.jar:/home/runner/.m2/repository/io/prometheus/simpleclient_common/0.7.0/simpleclient_common-0.7.0.jar:/home/runner/.m2/repository/com/fasterxml/jackson/datatype/jackson-datatype-jsr310/2.12.1/jackson-datatype-jsr310-2.12.1.jar:/home/runner/.m2/repository/io/dropwizard/metrics/metrics-core/3.2.4/metrics-core-3.2.4.jar:/home/runner/.m2/repository/org/apache/hadoop/hadoop-hdfs-client/3.3.1/hadoop-hdfs-client-3.3.1.jar:/home/runner/.m2/repository/org/bouncycastle/bcprov-jdk15on/1.67/bcprov-jdk15on-1.67.jar:/home/runner/.m2/repository/com/google/protobuf/protobuf-java/2.5.0/protobuf-java-2.5.0.jar:/home/runner/.m2/repository/org/apache/ozone/ozone-manager/1.3.0-SNAPSHOT/ozone-manager-1.3.0-SNAPSHOT.jar:/home/runner/.m2/repository/org/aspectj/aspectjrt/1.9.7/aspectjrt-1.9.7.jar:/home/runner/.m2/repository/org/aspectj/aspectjweaver/1.9.7/aspectjweaver-1.9.7.jar:/home/runner/.m2/repository/org/apache/ozone/hdds-interface-client/1.3.0-SNAPSHOT/hdds-interface-client-1.3.0-SNAPSHOT.jar:/home/runner/.m2/repository/org/apache/hadoop/thirdparty/hadoop-shaded-protobuf_3_7/1.1.1/hadoop-shaded-protobuf_3_7-1.1.1.jar:/home/runner/.m2/repository/org/apache/ozone/ozone-interface-storage/1.3.0-SNAPSHOT/ozone-interface-storage-1.3.0-SNAPSHOT.jar:/home/runner/.m2/repository/org/reflections/reflections/0.9.11/reflections-0.9.11.jar:/home/runner/.m2/repository/org/apache/hadoop/hadoop-minikdc/3.3.1/hadoop-minikdc-3.3.1.jar:/home/runner/.m2/repository/org/apache/kerby/kerb-simplekdc/1.0.1/kerb-simplekdc-1.0.1.jar:/home/runner/.m2/repository/org/apache/kerby/kerb-client/1.0.1/kerb-client-1.0.1.jar:/home/runner/.m2/repository/org/apache/kerby/kerby-config/1.0.1/kerby-config-1.0.1.jar:/home/runner/.m2/repository/org/apache/kerby/kerb-common/1.0.1/kerb-common-1.0.1.jar:/home/runner/.m2/repository/org/apache/kerby/kerb-crypto/1.0.1/kerb-crypto-1.0.1.jar:/home/runner/.m2/repository/org/apache/kerby/kerb-util/1.0.1/kerb-util-1.0.1.jar:/home/runner/.m2/repository/org/apache/kerby/token-provider/1.0.1/token-provider-1.0.1.jar:/home/runner/.m2/repository/org/apache/kerby/kerb-admin/1.0.1/kerb-admin-1.0.1.jar:/home/runner/.m2/repository/org/apache/kerby/kerb-server/1.0.1/kerb-server-1.0.1.jar:/home/runner/.m2/repository/org/apache/kerby/kerb-identity/1.0.1/kerb-identity-1.0.1.jar:/home/runner/.m2/repository/org/apache/kerby/kerby-xdr/1.0.1/kerby-xdr-1.0.1.jar:/home/runner/.m2/repository/org/slf4j/slf4j-log4j12/1.7.30/slf4j-log4j12-1.7.30.jar:/home/runner/.m2/repository/org/apache/ozone/ozone-s3gateway/1.3.0-SNAPSHOT/ozone-s3gateway-1.3.0-SNAPSHOT.jar:/home/runner/.m2/repository/org/javassist/javassist/3.21.0-GA/javassist-3.21.0-GA.jar:/home/runner/.m2/repository/org/jboss/weld/servlet/weld-servlet/2.4.7.Final/weld-servlet-2.4.7.Final.jar:/home/runner/.m2/repository/org/glassfish/jersey/containers/jersey-container-servlet-core/2.33/jersey-container-servlet-core-2.33.jar:/home/runner/.m2/repository/org/glassfish/hk2/external/jakarta.inject/2.6.1/jakarta.inject-2.6.1.jar:/home/runner/.m2/repository/org/glassfish/jersey/core/jersey-common/2.33/jersey-common-2.33.jar:/home/runner/.m2/repository/jakarta/ws/rs/jakarta.ws.rs-api/2.1.6/jakarta.ws.rs-api-2.1.6.jar:/home/runner/.m2/repository/org/glassfish/jersey/ext/cdi/jersey-cdi1x/2.33/jersey-cdi1x-2.33.jar:/home/runner/.m2/repository/org/glassfish/jersey/inject/jersey-hk2/2.33/jersey-hk2-2.33.jar:/home/runner/.m2/repository/org/glassfish/hk2/hk2-locator/2.6.1/hk2-locator-2.6.1.jar:/home/runner/.m2/repository/org/glassfish/jersey/media/jersey-media-jaxb/2.33/jersey-media-jaxb-2.33.jar:/home/runner/.m2/repository/org/glassfish/hk2/osgi-resource-locator/1.0.3/osgi-resource-locator-1.0.3.jar:/home/runner/.m2/repository/org/glassfish/hk2/hk2-api/2.5.0/hk2-api-2.5.0.jar:/home/runner/.m2/repository/org/glassfish/hk2/hk2-utils/2.5.0/hk2-utils-2.5.0.jar:/home/runner/.m2/repository/org/glassfish/hk2/external/aopalliance-repackaged/2.5.0/aopalliance-repackaged-2.5.0.jar:/home/runner/.m2/repository/com/fasterxml/jackson/dataformat/jackson-dataformat-xml/2.12.1/jackson-dataformat-xml-2.12.1.jar:/home/runner/.m2/repository/com/fasterxml/jackson/core/jackson-core/2.12.1/jackson-core-2.12.1.jar:/home/runner/.m2/repository/com/fasterxml/jackson/module/jackson-module-jaxb-annotations/2.12.1/jackson-module-jaxb-annotations-2.12.1.jar:/home/runner/.m2/repository/jakarta/xml/bind/jakarta.xml.bind-api/2.3.2/jakarta.xml.bind-api-2.3.2.jar:/home/runner/.m2/repository/org/codehaus/woodstox/stax2-api/3.1.4/stax2-api-3.1.4.jar:/home/runner/.m2/repository/com/fasterxml/woodstox/woodstox-core/5.0.3/woodstox-core-5.0.3.jar:/home/runner/.m2/repository/javax/enterprise/cdi-api/1.2/cdi-api-1.2.jar:/home/runner/.m2/repository/javax/el/javax.el-api/3.0.0/javax.el-api-3.0.0.jar:/home/runner/.m2/repository/javax/interceptor/javax.interceptor-api/1.2/javax.interceptor-api-1.2.jar:/home/runner/.m2/repository/javax/inject/javax.inject/1/javax.inject-1.jar:/home/runner/.m2/repository/javax/xml/bind/jaxb-api/2.3.0/jaxb-api-2.3.0.jar:/home/runner/.m2/repository/org/glassfish/jaxb/jaxb-runtime/2.3.0.1/jaxb-runtime-2.3.0.1.jar:/home/runner/.m2/repository/org/glassfish/jaxb/jaxb-core/2.3.0.1/jaxb-core-2.3.0.1.jar:/home/runner/.m2/repository/org/glassfish/jaxb/txw2/2.3.0.1/txw2-2.3.0.1.jar:/home/runner/.m2/repository/com/sun/istack/istack-commons-runtime/3.0.5/istack-commons-runtime-3.0.5.jar:/home/runner/.m2/repository/org/jvnet/staxex/stax-ex/1.7.8/stax-ex-1.7.8.jar:/home/runner/.m2/repository/com/sun/xml/fastinfoset/FastInfoset/1.2.13/FastInfoset-1.2.13.jar:/home/runner/.m2/repository/javax/activation/activation/1.1.1/activation-1.1.1.jar:/home/runner/.m2/repository/org/apache/ozone/ozone-csi/1.3.0-SNAPSHOT/ozone-csi-1.3.0-SNAPSHOT.jar:/home/runner/.m2/repository/com/google/protobuf/protobuf-java-util/3.12.0/protobuf-java-util-3.12.0.jar:/home/runner/.m2/repository/com/google/code/gson/gson/2.2.4/gson-2.2.4.jar:/home/runner/.m2/repository/org/apache/ozone/hdds-config/1.3.0-SNAPSHOT/hdds-config-1.3.0-SNAPSHOT.jar:/home/runner/.m2/repository/io/grpc/grpc-netty/1.33.0/grpc-netty-1.33.0.jar:/home/runner/.m2/repository/io/grpc/grpc-core/1.33.0/grpc-core-1.33.0.jar:/home/runner/.m2/repository/com/google/android/annotations/4.1.1.4/annotations-4.1.1.4.jar:/home/runner/.m2/repository/io/netty/netty-codec-http2/4.1.63.Final/netty-codec-http2-4.1.63.Final.jar:/home/runner/.m2/repository/io/netty/netty-codec-http/4.1.63.Final/netty-codec-http-4.1.63.Final.jar:/home/runner/.m2/repository/io/netty/netty-handler-proxy/4.1.63.Final/netty-handler-proxy-4.1.63.Final.jar:/home/runner/.m2/repository/io/netty/netty-codec-socks/4.1.63.Final/netty-codec-socks-4.1.63.Final.jar:/home/runner/.m2/repository/io/perfmark/perfmark-api/0.19.0/perfmark-api-0.19.0.jar:/home/runner/.m2/repository/org/codehaus/mojo/animal-sniffer-annotations/1.18/animal-sniffer-annotations-1.18.jar:/home/runner/.m2/repository/io/netty/netty-transport-native-epoll/4.1.63.Final/netty-transport-native-epoll-4.1.63.Final.jar:/home/runner/.m2/repository/io/netty/netty-common/4.1.63.Final/netty-common-4.1.63.Final.jar:/home/runner/.m2/repository/io/netty/netty-buffer/4.1.63.Final/netty-buffer-4.1.63.Final.jar:/home/runner/.m2/repository/io/netty/netty-transport-native-unix-common/4.1.63.Final/netty-transport-native-unix-common-4.1.63.Final.jar:/home/runner/.m2/repository/io/grpc/grpc-protobuf/1.33.0/grpc-protobuf-1.33.0.jar:/home/runner/.m2/repository/io/grpc/grpc-api/1.33.0/grpc-api-1.33.0.jar:/home/runner/.m2/repository/io/grpc/grpc-context/1.33.0/grpc-context-1.33.0.jar:/home/runner/.m2/repository/com/google/api/grpc/proto-google-common-protos/1.17.0/proto-google-common-protos-1.17.0.jar:/home/runner/.m2/repository/io/grpc/grpc-protobuf-lite/1.33.0/grpc-protobuf-lite-1.33.0.jar:/home/runner/.m2/repository/io/grpc/grpc-stub/1.33.0/grpc-stub-1.33.0.jar:/home/runner/.m2/repository/org/apache/ozone/ozone-recon/1.3.0-SNAPSHOT/ozone-recon-1.3.0-SNAPSHOT.jar:/home/runner/.m2/repository/org/apache/ozone/ozone-reconcodegen/1.3.0-SNAPSHOT/ozone-reconcodegen-1.3.0-SNAPSHOT.jar:/home/runner/.m2/repository/com/google/inject/extensions/guice-multibindings/4.0/guice-multibindings-4.0.jar:/home/runner/.m2/repository/com/google/inject/guice/4.0/guice-4.0.jar:/home/runner/.m2/repository/aopalliance/aopalliance/1.0/aopalliance-1.0.jar:/home/runner/.m2/repository/com/google/inject/extensions/guice-assistedinject/4.0/guice-assistedinject-4.0.jar:/home/runner/.m2/repository/com/google/inject/extensions/guice-servlet/4.0/guice-servlet-4.0.jar:/home/runner/.m2/repository/org/glassfish/jersey/containers/jersey-container-servlet/2.33/jersey-container-servlet-2.33.jar:/home/runner/.m2/repository/org/glassfish/hk2/guice-bridge/2.5.0/guice-bridge-2.5.0.jar:/home/runner/.m2/repository/org/glassfish/jersey/core/jersey-server/2.33/jersey-server-2.33.jar:/home/runner/.m2/repository/org/glassfish/jersey/core/jersey-client/2.33/jersey-client-2.33.jar:/home/runner/.m2/repository/jakarta/annotation/jakarta.annotation-api/1.3.5/jakarta.annotation-api-1.3.5.jar:/home/runner/.m2/repository/jakarta/validation/jakarta.validation-api/2.0.2/jakarta.validation-api-2.0.2.jar:/home/runner/.m2/repository/org/glassfish/jersey/media/jersey-media-json-jackson/2.33/jersey-media-json-jackson-2.33.jar:/home/runner/.m2/repository/org/glassfish/jersey/ext/jersey-entity-filtering/2.33/jersey-entity-filtering-2.33.jar:/home/runner/.m2/repository/org/jooq/jooq/3.11.10/jooq-3.11.10.jar:/home/runner/.m2/repository/org/jooq/jooq-meta/3.11.10/jooq-meta-3.11.10.jar:/home/runner/.m2/repository/org/jooq/jooq-codegen/3.11.10/jooq-codegen-3.11.10.jar:/home/runner/.m2/repository/com/jolbox/bonecp/0.8.0.RELEASE/bonecp-0.8.0.RELEASE.jar:/home/runner/.m2/repository/org/apache/derby/derby/10.14.2.0/derby-10.14.2.0.jar:/home/runner/.m2/repository/org/xerial/sqlite-jdbc/3.25.2/sqlite-jdbc-3.25.2.jar:/home/runner/.m2/repository/org/springframework/spring-jdbc/5.2.18.RELEASE/spring-jdbc-5.2.18.RELEASE.jar:/home/runner/.m2/repository/org/springframework/spring-beans/5.2.18.RELEASE/spring-beans-5.2.18.RELEASE.jar:/home/runner/.m2/repository/org/springframework/spring-core/5.2.18.RELEASE/spring-core-5.2.18.RELEASE.jar:/home/runner/.m2/repository/org/springframework/spring-jcl/5.2.18.RELEASE/spring-jcl-5.2.18.RELEASE.jar:/home/runner/.m2/repository/org/springframework/spring-tx/5.2.18.RELEASE/spring-tx-5.2.18.RELEASE.jar:/home/runner/.m2/repository/org/apache/ozone/ozone-client/1.3.0-SNAPSHOT/ozone-client-1.3.0-SNAPSHOT.jar:/home/runner/.m2/repository/org/apache/ozone/ozone-filesystem/1.3.0-SNAPSHOT/ozone-filesystem-1.3.0-SNAPSHOT.jar:/home/runner/.m2/repository/org/apache/ozone/ozone-filesystem-common/1.3.0-SNAPSHOT/ozone-filesystem-common-1.3.0-SNAPSHOT.jar:/home/runner/.m2/repository/org/apache/ozone/ozone-tools/1.3.0-SNAPSHOT/ozone-tools-1.3.0-SNAPSHOT.jar:/home/runner/.m2/repository/org/apache/ratis/ratis-tools/2.2.0/ratis-tools-2.2.0.jar:/home/runner/.m2/repository/com/amazonaws/aws-java-sdk-core/1.12.124/aws-java-sdk-core-1.12.124.jar:/home/runner/.m2/repository/org/apache/httpcomponents/httpclient/4.5.13/httpclient-4.5.13.jar:/home/runner/.m2/repository/org/apache/httpcomponents/httpcore/4.4.13/httpcore-4.4.13.jar:/home/runner/.m2/repository/software/amazon/ion/ion-java/1.0.2/ion-java-1.0.2.jar:/home/runner/.m2/repository/com/fasterxml/jackson/dataformat/jackson-dataformat-cbor/2.12.1/jackson-dataformat-cbor-2.12.1.jar:/home/runner/.m2/repository/joda-time/joda-time/2.8.1/joda-time-2.8.1.jar:/home/runner/.m2/repository/com/amazonaws/aws-java-sdk-s3/1.12.124/aws-java-sdk-s3-1.12.124.jar:/home/runner/.m2/repository/com/amazonaws/aws-java-sdk-kms/1.12.124/aws-java-sdk-kms-1.12.124.jar:/home/runner/.m2/repository/com/amazonaws/jmespath-java/1.12.124/jmespath-java-1.12.124.jar:/home/runner/.m2/repository/org/kohsuke/metainf-services/metainf-services/1.8/metainf-services-1.8.jar:/home/runner/.m2/repository/org/apache/ozone/hdds-tools/1.3.0-SNAPSHOT/hdds-tools-1.3.0-SNAPSHOT.jar:/home/runner/.m2/repository/commons-cli/commons-cli/1.2/commons-cli-1.2.jar:/home/runner/.m2/repository/org/apache/commons/commons-lang3/3.7/commons-lang3-3.7.jar:/home/runner/.m2/repository/org/apache/ozone/ozone-manager/1.3.0-SNAPSHOT/ozone-manager-1.3.0-SNAPSHOT-tests.jar:/home/runner/.m2/repository/org/apache/ozone/hdds-common/1.3.0-SNAPSHOT/hdds-common-1.3.0-SNAPSHOT-tests.jar:/home/runner/.m2/repository/org/apache/ozone/hdds-hadoop-dependency-client/1.3.0-SNAPSHOT/hdds-hadoop-dependency-client-1.3.0-SNAPSHOT.jar:/home/runner/.m2/repository/info/picocli/picocli/4.6.1/picocli-4.6.1.jar:/home/runner/.m2/repository/com/fasterxml/jackson/core/jackson-annotations/2.12.1/jackson-annotations-2.12.1.jar:/home/runner/.m2/repository/javax/annotation/javax.annotation-api/1.2/javax.annotation-api-1.2.jar:/home/runner/.m2/repository/org/apache/ratis/ratis-server/2.2.0/ratis-server-2.2.0.jar:/home/runner/.m2/repository/org/apache/ratis/ratis-client/2.2.0/ratis-client-2.2.0.jar:/home/runner/.m2/repository/org/apache/ratis/ratis-server-api/2.2.0/ratis-server-api-2.2.0.jar:/home/runner/.m2/repository/org/apache/ratis/ratis-metrics/2.2.0/ratis-metrics-2.2.0.jar:/home/runner/.m2/repository/org/apache/ratis/ratis-netty/2.2.0/ratis-netty-2.2.0.jar:/home/runner/.m2/repository/org/apache/ratis/ratis-grpc/2.2.0/ratis-grpc-2.2.0.jar:/home/runner/.m2/repository/org/apache/logging/log4j/log4j-api/2.17.1/log4j-api-2.17.1.jar:/home/runner/.m2/repository/org/apache/logging/log4j/log4j-core/2.17.1/log4j-core-2.17.1.jar:/home/runner/.m2/repository/com/lmax/disruptor/3.4.2/disruptor-3.4.2.jar:/home/runner/.m2/repository/org/apache/commons/commons-pool2/2.6.0/commons-pool2-2.6.0.jar:/home/runner/.m2/repository/org/bouncycastle/bcpkix-jdk15on/1.67/bcpkix-jdk15on-1.67.jar:/home/runner/.m2/repository/commons-validator/commons-validator/1.6/commons-validator-1.6.jar:/home/runner/.m2/repository/commons-beanutils/commons-beanutils/1.9.4/commons-beanutils-1.9.4.jar:/home/runner/.m2/repository/commons-digester/commons-digester/1.8.1/commons-digester-1.8.1.jar:/home/runner/.m2/repository/commons-collections/commons-collections/3.2.2/commons-collections-3.2.2.jar:/home/runner/.m2/repository/io/jaegertracing/jaeger-client/1.6.0/jaeger-client-1.6.0.jar:/home/runner/.m2/repository/io/jaegertracing/jaeger-thrift/1.6.0/jaeger-thrift-1.6.0.jar:/home/runner/.m2/repository/org/apache/thrift/libthrift/0.14.1/libthrift-0.14.1.jar:/home/runner/.m2/repository/com/squareup/okhttp3/okhttp/4.9.0/okhttp-4.9.0.jar:/home/runner/.m2/repository/com/squareup/okio/okio/2.8.0/okio-2.8.0.jar:/home/runner/.m2/repository/io/jaegertracing/jaeger-core/1.6.0/jaeger-core-1.6.0.jar:/home/runner/.m2/repository/io/jaegertracing/jaeger-tracerresolver/1.6.0/jaeger-tracerresolver-1.6.0.jar:/home/runner/.m2/repository/io/opentracing/contrib/opentracing-tracerresolver/0.1.8/opentracing-tracerresolver-0.1.8.jar:/home/runner/.m2/repository/org/jetbrains/kotlin/kotlin-stdlib/1.4.31/kotlin-stdlib-1.4.31.jar:/home/runner/.m2/repository/org/jetbrains/kotlin/kotlin-stdlib-common/1.4.31/kotlin-stdlib-common-1.4.31.jar:/home/runner/.m2/repository/org/jetbrains/annotations/13.0/annotations-13.0.jar:/home/runner/.m2/repository/io/opentracing/opentracing-util/0.33.0/opentracing-util-0.33.0.jar:/home/runner/.m2/repository/io/opentracing/opentracing-api/0.33.0/opentracing-api-0.33.0.jar:/home/runner/.m2/repository/io/opentracing/opentracing-noop/0.33.0/opentracing-noop-0.33.0.jar:/home/runner/.m2/repository/org/yaml/snakeyaml/1.26/snakeyaml-1.26.jar:/home/runner/.m2/repository/org/apache/ozone/hdds-interface-admin/1.3.0-SNAPSHOT/hdds-interface-admin-1.3.0-SNAPSHOT.jar:/home/runner/.m2/repository/junit/junit/4.13.1/junit-4.13.1.jar:/home/runner/.m2/repository/org/hamcrest/hamcrest-core/1.3/hamcrest-core-1.3.jar:/home/runner/.m2/repository/org/junit/jupiter/junit-jupiter-api/5.7.0/junit-jupiter-api-5.7.0.jar:/home/runner/.m2/repository/org/apiguardian/apiguardian-api/1.1.0/apiguardian-api-1.1.0.jar:/home/runner/.m2/repository/org/opentest4j/opentest4j/1.2.0/opentest4j-1.2.0.jar:/home/runner/.m2/repository/org/junit/platform/junit-platform-commons/1.7.0/junit-platform-commons-1.7.0.jar:/home/runner/.m2/repository/org/junit/jupiter/junit-jupiter-engine/5.7.0/junit-jupiter-engine-5.7.0.jar:/home/runner/.m2/repository/org/junit/platform/junit-platform-engine/1.7.0/junit-platform-engine-1.7.0.jar:/home/runner/.m2/repository/org/junit/vintage/junit-vintage-engine/5.7.0/junit-vintage-engine-5.7.0.jar:/home/runner/.m2/repository/org/junit/platform/junit-platform-launcher/1.7.0/junit-platform-launcher-1.7.0.jar:/home/runner/.m2/repository/org/mockito/mockito-core/2.28.2/mockito-core-2.28.2.jar:/home/runner/.m2/repository/net/bytebuddy/byte-buddy/1.9.10/byte-buddy-1.9.10.jar:/home/runner/.m2/repository/net/bytebuddy/byte-buddy-agent/1.9.10/byte-buddy-agent-1.9.10.jar:/home/runner/.m2/repository/org/objenesis/objenesis/1.0/objenesis-1.0.jar:/home/runner/.m2/repository/org/apache/hadoop/hadoop-kms/3.3.1/hadoop-kms-3.3.1.jar:/home/runner/.m2/repository/org/apache/hadoop/hadoop-auth/3.3.1/hadoop-auth-3.3.1.jar:/home/runner/.m2/repository/com/nimbusds/nimbus-jose-jwt/7.9/nimbus-jose-jwt-7.9.jar:/home/runner/.m2/repository/com/github/stephenc/jcip/jcip-annotations/1.0-1/jcip-annotations-1.0-1.jar:/home/runner/.m2/repository/net/minidev/json-smart/2.3.1/json-smart-2.3.1.jar:/home/runner/.m2/repository/net/minidev/accessors-smart/2.3.1/accessors-smart-2.3.1.jar:/home/runner/.m2/repository/org/ow2/asm/asm/5.0.4/asm-5.0.4.jar:/home/runner/.m2/repository/org/apache/zookeeper/zookeeper/3.5.6/zookeeper-3.5.6.jar:/home/runner/.m2/repository/org/apache/zookeeper/zookeeper-jute/3.5.6/zookeeper-jute-3.5.6.jar:/home/runner/.m2/repository/org/apache/yetus/audience-annotations/0.5.0/audience-annotations-0.5.0.jar:/home/runner/.m2/repository/org/apache/curator/curator-framework/4.2.0/curator-framework-4.2.0.jar:/home/runner/.m2/repository/org/apache/hadoop/thirdparty/hadoop-shaded-guava/1.1.1/hadoop-shaded-guava-1.1.1.jar:/home/runner/.m2/repository/com/sun/jersey/jersey-core/1.19/jersey-core-1.19.jar:/home/runner/.m2/repository/javax/ws/rs/jsr311-api/1.1.1/jsr311-api-1.1.1.jar:/home/runner/.m2/repository/com/sun/jersey/jersey-server/1.19/jersey-server-1.19.jar:/home/runner/.m2/repository/javax/servlet/javax.servlet-api/3.1.0/javax.servlet-api-3.1.0.jar:/home/runner/.m2/repository/org/eclipse/jetty/jetty-server/9.4.43.v20210629/jetty-server-9.4.43.v20210629.jar:/home/runner/.m2/repository/org/eclipse/jetty/jetty-http/9.4.43.v20210629/jetty-http-9.4.43.v20210629.jar:/home/runner/.m2/repository/org/eclipse/jetty/jetty-io/9.4.43.v20210629/jetty-io-9.4.43.v20210629.jar:/home/runner/.m2/repository/org/eclipse/jetty/jetty-webapp/9.4.43.v20210629/jetty-webapp-9.4.43.v20210629.jar:/home/runner/.m2/repository/org/eclipse/jetty/jetty-xml/9.4.43.v20210629/jetty-xml-9.4.43.v20210629.jar:/home/runner/.m2/repository/org/apache/hadoop/hadoop-common/3.3.1/hadoop-common-3.3.1.jar:/home/runner/.m2/repository/org/apache/commons/commons-math3/3.1.1/commons-math3-3.1.1.jar:/home/runner/.m2/repository/commons-net/commons-net/3.6/commons-net-3.6.jar:/home/runner/.m2/repository/jakarta/activation/jakarta.activation-api/1.2.1/jakarta.activation-api-1.2.1.jar:/home/runner/.m2/repository/com/sun/jersey/jersey-servlet/1.19/jersey-servlet-1.19.jar:/home/runner/.m2/repository/com/sun/jersey/jersey-json/1.19/jersey-json-1.19.jar:/home/runner/.m2/repository/org/codehaus/jettison/jettison/1.1/jettison-1.1.jar:/home/runner/.m2/repository/com/sun/xml/bind/jaxb-impl/2.2.3-1/jaxb-impl-2.2.3-1.jar:/home/runner/.m2/repository/org/codehaus/jackson/jackson-jaxrs/1.9.2/jackson-jaxrs-1.9.2.jar:/home/runner/.m2/repository/org/codehaus/jackson/jackson-xc/1.9.2/jackson-xc-1.9.2.jar:/home/runner/.m2/repository/org/apache/commons/commons-configuration2/2.1.1/commons-configuration2-2.1.1.jar:/home/runner/.m2/repository/org/apache/commons/commons-text/1.4/commons-text-1.4.jar:/home/runner/.m2/repository/com/google/re2j/re2j/1.1/re2j-1.1.jar:/home/runner/.m2/repository/com/jcraft/jsch/0.1.54/jsch-0.1.54.jar:/home/runner/.m2/repository/org/apache/curator/curator-client/4.2.0/curator-client-4.2.0.jar:/home/runner/.m2/repository/org/apache/curator/curator-recipes/4.2.0/curator-recipes-4.2.0.jar:/home/runner/.m2/repository/org/apache/kerby/kerb-core/1.0.1/kerb-core-1.0.1.jar:/home/runner/.m2/repository/org/apache/kerby/kerby-pkix/1.0.1/kerby-pkix-1.0.1.jar:/home/runner/.m2/repository/org/apache/kerby/kerby-asn1/1.0.1/kerby-asn1-1.0.1.jar:/home/runner/.m2/repository/org/apache/kerby/kerby-util/1.0.1/kerby-util-1.0.1.jar:/home/runner/.m2/repository/dnsjava/dnsjava/2.1.7/dnsjava-2.1.7.jar:/home/runner/.m2/repository/org/xerial/snappy/snappy-java/1.1.8.2/snappy-java-1.1.8.2.jar:/home/runner/.m2/repository/org/slf4j/jul-to-slf4j/1.7.30/jul-to-slf4j-1.7.30.jar:/home/runner/.m2/repository/org/eclipse/jetty/jetty-util/9.4.43.v20210629/jetty-util-9.4.43.v20210629.jar:/home/runner/.m2/repository/com/fasterxml/jackson/core/jackson-databind/2.12.1/jackson-databind-2.12.1.jar:/home/runner/.m2/repository/org/apache/hadoop/hadoop-kms/3.3.1/hadoop-kms-3.3.1-tests.jar:/home/runner/.m2/repository/org/apache/ozone/hdds-server-scm/1.3.0-SNAPSHOT/hdds-server-scm-1.3.0-SNAPSHOT-tests.jar:/home/runner/.m2/repository/org/apache/ozone/hdds-container-service/1.3.0-SNAPSHOT/hdds-container-service-1.3.0-SNAPSHOT-tests.jar:/home/runner/.m2/repository/commons-codec/commons-codec/1.11/commons-codec-1.11.jar:/home/runner/.m2/repository/io/netty/netty-transport/4.1.63.Final/netty-transport-4.1.63.Final.jar:/home/runner/.m2/repository/io/netty/netty-resolver/4.1.63.Final/netty-resolver-4.1.63.Final.jar:/home/runner/.m2/repository/io/netty/netty-codec/4.1.63.Final/netty-codec-4.1.63.Final.jar:/home/runner/.m2/repository/io/netty/netty-handler/4.1.63.Final/netty-handler-4.1.63.Final.jar:/home/runner/.m2/repository/org/apache/ozone/hdds-hadoop-dependency-test/1.3.0-SNAPSHOT/hdds-hadoop-dependency-test-1.3.0-SNAPSHOT.jar:/home/runner/.m2/repository/org/apache/hadoop/hadoop-common/3.3.1/hadoop-common-3.3.1-tests.jar:/home/runner/.m2/repository/org/assertj/assertj-core/3.12.2/assertj-core-3.12.2.jar:/home/runner/.m2/repository/org/apache/hadoop/hadoop-hdfs/3.3.1/hadoop-hdfs-3.3.1-tests.jar:/home/runner/.m2/repository/org/eclipse/jetty/jetty-util-ajax/9.4.43.v20210629/jetty-util-ajax-9.4.43.v20210629.jar:/home/runner/.m2/repository/commons-daemon/commons-daemon/1.0.13/commons-daemon-1.0.13.jar:/home/runner/.m2/repository/io/netty/netty/3.10.6.Final/netty-3.10.6.Final.jar:/home/runner/.m2/repository/io/netty/netty-all/4.1.63.Final/netty-all-4.1.63.Final.jar:/home/runner/.m2/repository/org/apache/htrace/htrace-core4/4.1.0-incubating/htrace-core4-4.1.0-incubating.jar:/home/runner/.m2/repository/org/fusesource/leveldbjni/leveldbjni-all/1.8/leveldbjni-all-1.8.jar:/home/runner/.m2/repository/org/apache/hadoop/hadoop-distcp/3.3.1/hadoop-distcp-3.3.1.jar:/home/runner/.m2/repository/org/apache/hadoop/hadoop-mapreduce-client-jobclient/3.3.1/hadoop-mapreduce-client-jobclient-3.3.1.jar:/home/runner/.m2/repository/org/apache/hadoop/hadoop-mapreduce-client-common/3.3.1/hadoop-mapreduce-client-common-3.3.1.jar:/home/runner/.m2/repository/org/apache/hadoop/hadoop-yarn-common/3.3.1/hadoop-yarn-common-3.3.1.jar:/home/runner/.m2/repository/org/apache/hadoop/hadoop-yarn-api/3.3.1/hadoop-yarn-api-3.3.1.jar:/home/runner/.m2/repository/com/sun/jersey/jersey-client/1.19/jersey-client-1.19.jar:/home/runner/.m2/repository/com/sun/jersey/contribs/jersey-guice/1.19/jersey-guice-1.19.jar:/home/runner/.m2/repository/com/fasterxml/jackson/jaxrs/jackson-jaxrs-json-provider/2.12.1/jackson-jaxrs-json-provider-2.12.1.jar:/home/runner/.m2/repository/com/fasterxml/jackson/jaxrs/jackson-jaxrs-base/2.12.1/jackson-jaxrs-base-2.12.1.jar:/home/runner/.m2/repository/org/apache/hadoop/hadoop-yarn-client/3.3.1/hadoop-yarn-client-3.3.1.jar:/home/runner/.m2/repository/org/eclipse/jetty/websocket/websocket-client/9.4.40.v20210413/websocket-client-9.4.40.v20210413.jar:/home/runner/.m2/repository/org/eclipse/jetty/jetty-client/9.4.40.v20210413/jetty-client-9.4.40.v20210413.jar:/home/runner/.m2/repository/org/eclipse/jetty/websocket/websocket-common/9.4.40.v20210413/websocket-common-9.4.40.v20210413.jar:/home/runner/.m2/repository/org/eclipse/jetty/websocket/websocket-api/9.4.40.v20210413/websocket-api-9.4.40.v20210413.jar:/home/runner/.m2/repository/org/jline/jline/3.9.0/jline-3.9.0.jar:/home/runner/.m2/repository/org/apache/hadoop/hadoop-mapreduce-client-core/3.3.1/hadoop-mapreduce-client-core-3.3.1.jar:/home/runner/.m2/repository/org/apache/avro/avro/1.7.7/avro-1.7.7.jar:/home/runner/.m2/repository/org/codehaus/jackson/jackson-core-asl/1.9.13/jackson-core-asl-1.9.13.jar:/home/runner/.m2/repository/org/codehaus/jackson/jackson-mapper-asl/1.9.13/jackson-mapper-asl-1.9.13.jar:/home/runner/.m2/repository/com/thoughtworks/paranamer/paranamer/2.3/paranamer-2.3.jar:/home/runner/.m2/repository/org/apache/hadoop/hadoop-annotations/3.3.1/hadoop-annotations-3.3.1.jar:/usr/lib/jvm/temurin-8-jdk-amd64/jre/../lib/tools.jar:/home/runner/.m2/repository/org/apache/hadoop/hadoop-distcp/3.3.1/hadoop-distcp-3.3.1-tests.jar:/home/runner/.m2/repository/org/apache/ratis/ratis-common/2.2.0/ratis-common-2.2.0.jar:/home/runner/.m2/repository/org/apache/ratis/ratis-thirdparty-misc/0.7.0/ratis-thirdparty-misc-0.7.0.jar:/home/runner/.m2/repository/org/apache/ratis/ratis-proto/2.2.0/ratis-proto-2.2.0.jar:"/>
    <property name="sun.cpu.endian" value="little"/>
    <property name="user.home" value="/home/runner"/>
    <property name="user.language" value="en"/>
    <property name="java.specification.vendor" value="Oracle Corporation"/>
    <property name="java.home" value="/usr/lib/jvm/temurin-8-jdk-amd64/jre"/>
    <property name="java.security.krb5.conf" value="/home/runner/work/ozone/ozone/hadoop-ozone/integration-test/target/test-classes/krb5.conf"/>
    <property name="basedir" value="/home/runner/work/ozone/ozone/hadoop-ozone/integration-test"/>
    <property name="file.separator" value="/"/>
    <property name="line.separator" value="&#10;"/>
    <property name="java.vm.specification.vendor" value="Oracle Corporation"/>
    <property name="java.specification.name" value="Java Platform API Specification"/>
    <property name="java.awt.graphicsenv" value="sun.awt.X11GraphicsEnvironment"/>
    <property name="skip.installnpx" value="true"/>
    <property name="surefire.real.class.path" value="/home/runner/work/ozone/ozone/hadoop-ozone/integration-test/target/surefire/surefirebooter4560083083099110694.jar:/home/runner/.m2/repository/org/jacoco/org.jacoco.agent/0.8.5/org.jacoco.agent-0.8.5-runtime.jar"/>
    <property name="hadoop.log.dir" value="/home/runner/work/ozone/ozone/hadoop-ozone/integration-test/target/log"/>
    <property name="sun.boot.class.path" value="/usr/lib/jvm/temurin-8-jdk-amd64/jre/lib/resources.jar:/usr/lib/jvm/temurin-8-jdk-amd64/jre/lib/rt.jar:/usr/lib/jvm/temurin-8-jdk-amd64/jre/lib/sunrsasign.jar:/usr/lib/jvm/temurin-8-jdk-amd64/jre/lib/jsse.jar:/usr/lib/jvm/temurin-8-jdk-amd64/jre/lib/jce.jar:/usr/lib/jvm/temurin-8-jdk-amd64/jre/lib/charsets.jar:/usr/lib/jvm/temurin-8-jdk-amd64/jre/lib/jfr.jar:/usr/lib/jvm/temurin-8-jdk-amd64/jre/classes"/>
    <property name="sun.management.compiler" value="HotSpot 64-Bit Tiered Compilers"/>
    <property name="skip.npx" value="true"/>
    <property name="java.runtime.version" value="1.8.0_312-b07"/>
    <property name="java.net.preferIPv4Stack" value="true"/>
    <property name="user.name" value="runner"/>
    <property name="path.separator" value=":"/>
    <property name="java.security.egd" value="file:///dev/urandom"/>
    <property name="os.version" value="5.4.0-1068-azure"/>
    <property name="java.endorsed.dirs" value="/usr/lib/jvm/temurin-8-jdk-amd64/jre/lib/endorsed"/>
    <property name="java.runtime.name" value="OpenJDK Runtime Environment"/>
    <property name="file.encoding" value="UTF-8"/>
    <property name="java.vm.name" value="OpenJDK 64-Bit Server VM"/>
    <property name="test.build.webapps" value=""/>
    <property name="localRepository" value="/home/runner/.m2/repository"/>
    <property name="java.vendor.url.bug" value="https://github.com/adoptium/adoptium-support/issues"/>
    <property name="java.io.tmpdir" value="/tmp"/>
    <property name="require.test.libhadoop" value=""/>
    <property name="java.version" value="1.8.0_312"/>
    <property name="user.dir" value="/home/runner/work/ozone/ozone/hadoop-ozone/integration-test"/>
    <property name="os.arch" value="amd64"/>
    <property name="java.vm.specification.name" value="Java Virtual Machine Specification"/>
    <property name="test.build.classes" value="/home/runner/work/ozone/ozone/hadoop-ozone/integration-test/target/test-classes"/>
    <property name="java.awt.printerjob" value="sun.print.PSPrinterJob"/>
    <property name="sun.os.patch.level" value="unknown"/>
    <property name="hadoop.tmp.dir" value="/home/runner/work/ozone/ozone/hadoop-ozone/integration-test/target/tmp"/>
    <property name="java.library.path" value="/usr/java/packages/lib/amd64:/usr/lib64:/lib64:/lib:/usr/lib"/>
    <property name="java.vm.info" value="mixed mode"/>
    <property name="java.vendor" value="Temurin"/>
    <property name="java.vm.version" value="25.312-b07"/>
    <property name="java.ext.dirs" value="/usr/lib/jvm/temurin-8-jdk-amd64/jre/lib/ext:/usr/java/packages/lib/ext"/>
    <property name="sun.io.unicode.encoding" value="UnicodeLittle"/>
    <property name="java.class.version" value="52.0"/>
  </properties>
  <testcase name="testAbortUploadFail" classname="org.apache.hadoop.ozone.client.rpc.TestOzoneRpcClient" time="0.386"/>
  <testcase name="testAbortUploadFailWithInProgressPartUpload" classname="org.apache.hadoop.ozone.client.rpc.TestOzoneRpcClient" time="0.574"/>
  <testcase name="testAbortUploadSuccessWithOutAnyParts" classname="org.apache.hadoop.ozone.client.rpc.TestOzoneRpcClient" time="0.039"/>
  <testcase name="testAbortUploadSuccessWithParts" classname="org.apache.hadoop.ozone.client.rpc.TestOzoneRpcClient" time="0.165"/>
  <testcase name="testAclsAfterCallingSetBucketProperty" classname="org.apache.hadoop.ozone.client.rpc.TestOzoneRpcClient" time="0.049"/>
  <testcase name="testAddBucketAcl" classname="org.apache.hadoop.ozone.client.rpc.TestOzoneRpcClient" time="0.04"/>
  <testcase name="testBucketSetOwner" classname="org.apache.hadoop.ozone.client.rpc.TestOzoneRpcClient" time="0.052"/>
  <testcase name="testBucketUsedBytes" classname="org.apache.hadoop.ozone.client.rpc.TestOzoneRpcClient" time="0.136"/>
  <testcase name="testBucketUsedNamespace" classname="org.apache.hadoop.ozone.client.rpc.TestOzoneRpcClient" time="0.211"/>
  <testcase name="testCheckUsedBytesQuota" classname="org.apache.hadoop.ozone.client.rpc.TestOzoneRpcClient" time="0.926"/>
  <testcase name="testCommitPartAfterCompleteUpload" classname="org.apache.hadoop.ozone.client.rpc.TestOzoneRpcClient" time="0.704"/>
  <testcase name="testCreateBucket" classname="org.apache.hadoop.ozone.client.rpc.TestOzoneRpcClient" time="0.019"/>
  <testcase name="testCreateBucketWithAcls" classname="org.apache.hadoop.ozone.client.rpc.TestOzoneRpcClient" time="0.014"/>
  <testcase name="testCreateBucketWithAllArgument" classname="org.apache.hadoop.ozone.client.rpc.TestOzoneRpcClient" time="0.017"/>
  <testcase name="testCreateBucketWithMetadata" classname="org.apache.hadoop.ozone.client.rpc.TestOzoneRpcClient" time="0.021"/>
  <testcase name="testCreateBucketWithStorageType" classname="org.apache.hadoop.ozone.client.rpc.TestOzoneRpcClient" time="0.019"/>
  <testcase name="testCreateBucketWithVersioning" classname="org.apache.hadoop.ozone.client.rpc.TestOzoneRpcClient" time="0.018"/>
  <testcase name="testCreateS3Bucket" classname="org.apache.hadoop.ozone.client.rpc.TestOzoneRpcClient" time="0.023"/>
  <testcase name="testCreateVolumeWithMetadata" classname="org.apache.hadoop.ozone.client.rpc.TestOzoneRpcClient" time="0.009"/>
  <testcase name="testDefaultS3GVolumeExists" classname="org.apache.hadoop.ozone.client.rpc.TestOzoneRpcClient" time="0.006"/>
  <testcase name="testDeleteBucket" classname="org.apache.hadoop.ozone.client.rpc.TestOzoneRpcClient" time="0.023"/>
  <testcase name="testDeleteKey" classname="org.apache.hadoop.ozone.client.rpc.TestOzoneRpcClient" time="0.068"/>
  <testcase name="testDeleteS3Bucket" classname="org.apache.hadoop.ozone.client.rpc.TestOzoneRpcClient" time="0.02"/>
  <testcase name="testDeleteS3NonExistingBucket" classname="org.apache.hadoop.ozone.client.rpc.TestOzoneRpcClient" time="0.008"/>
  <testcase name="testDeleteVolume" classname="org.apache.hadoop.ozone.client.rpc.TestOzoneRpcClient" time="0.018"/>
  <testcase name="testDeletedKeyForGDPR" classname="org.apache.hadoop.ozone.client.rpc.TestOzoneRpcClient" time="0.137"/>
  <testcase name="testGetKeyDetails" classname="org.apache.hadoop.ozone.client.rpc.TestOzoneRpcClient" time="0.082"/>
  <testcase name="testHeadObject" classname="org.apache.hadoop.ozone.client.rpc.TestOzoneRpcClient" time="0.232"/>
  <testcase name="testInitiateMultipartUploadWithDefaultReplication" classname="org.apache.hadoop.ozone.client.rpc.TestOzoneRpcClient" time="0.032"/>
  <testcase name="testInitiateMultipartUploadWithReplicationInformationSet" classname="org.apache.hadoop.ozone.client.rpc.TestOzoneRpcClient" time="0.021"/>
  <testcase name="testInvalidBucketCreation" classname="org.apache.hadoop.ozone.client.rpc.TestOzoneRpcClient" time="0.011"/>
  <testcase name="testKeyReadWriteForGDPR" classname="org.apache.hadoop.ozone.client.rpc.TestOzoneRpcClient" time="0.103"/>
  <testcase name="testKeysRename" classname="org.apache.hadoop.ozone.client.rpc.TestOzoneRpcClient" time="0.109"/>
  <testcase name="testKeysRenameFail" classname="org.apache.hadoop.ozone.client.rpc.TestOzoneRpcClient" time="0.062"/>
  <testcase name="testListBucket" classname="org.apache.hadoop.ozone.client.rpc.TestOzoneRpcClient" time="0.177"/>
  <testcase name="testListBucketsOnEmptyVolume" classname="org.apache.hadoop.ozone.client.rpc.TestOzoneRpcClient" time="0.012"/>
  <testcase name="testListKey" classname="org.apache.hadoop.ozone.client.rpc.TestOzoneRpcClient" time="1.929"/>
  <testcase name="testListKeyOnEmptyBucket" classname="org.apache.hadoop.ozone.client.rpc.TestOzoneRpcClient" time="0.022"/>
  <testcase name="testListMultipartUploadParts" classname="org.apache.hadoop.ozone.client.rpc.TestOzoneRpcClient" time="0.339"/>
  <testcase name="testListMultipartUploadPartsWithContinuation" classname="org.apache.hadoop.ozone.client.rpc.TestOzoneRpcClient" time="0.289"/>
  <testcase name="testListPartsInvalidMaxParts" classname="org.apache.hadoop.ozone.client.rpc.TestOzoneRpcClient" time="0.008"/>
  <testcase name="testListPartsInvalidPartMarker" classname="org.apache.hadoop.ozone.client.rpc.TestOzoneRpcClient" time="0.012"/>
  <testcase name="testListPartsWithInvalidUploadID" classname="org.apache.hadoop.ozone.client.rpc.TestOzoneRpcClient" time="0.013"/>
  <testcase name="testListPartsWithPartMarkerGreaterThanPartCount" classname="org.apache.hadoop.ozone.client.rpc.TestOzoneRpcClient" time="0.114"/>
  <testcase name="testListVolume" classname="org.apache.hadoop.ozone.client.rpc.TestOzoneRpcClient" time="0.094"/>
  <testcase name="testMultipartUploadOverride" classname="org.apache.hadoop.ozone.client.rpc.TestOzoneRpcClient" time="1.508"/>
  <testcase name="testMultipartUploadWithACL" classname="org.apache.hadoop.ozone.client.rpc.TestOzoneRpcClient" time="0.976"/>
  <testcase name="testMultipartUploadWithMissingParts" classname="org.apache.hadoop.ozone.client.rpc.TestOzoneRpcClient" time="0.039"/>
  <testcase name="testMultipartUploadWithPartsLessThanMinSize" classname="org.apache.hadoop.ozone.client.rpc.TestOzoneRpcClient" time="0.067"/>
  <testcase name="testMultipartUploadWithPartsMisMatchWithIncorrectPartName" classname="org.apache.hadoop.ozone.client.rpc.TestOzoneRpcClient" time="0.043"/>
  <testcase name="testMultipartUploadWithPartsMisMatchWithListSizeDifferent" classname="org.apache.hadoop.ozone.client.rpc.TestOzoneRpcClient" time="0.017"/>
  <testcase name="testNativeAclsForBucket" classname="org.apache.hadoop.ozone.client.rpc.TestOzoneRpcClient" time="0.113"/>
  <testcase name="testNativeAclsForKey" classname="org.apache.hadoop.ozone.client.rpc.TestOzoneRpcClient" time="0.23"/>
  <testcase name="testNativeAclsForPrefix" classname="org.apache.hadoop.ozone.client.rpc.TestOzoneRpcClient" time="0.109"/>
  <testcase name="testNativeAclsForVolume" classname="org.apache.hadoop.ozone.client.rpc.TestOzoneRpcClient" time="0.075"/>
  <testcase name="testNoSuchUploadError" classname="org.apache.hadoop.ozone.client.rpc.TestOzoneRpcClient" time="0.012"/>
  <testcase name="testOMClientProxyProvider" classname="org.apache.hadoop.ozone.client.rpc.TestOzoneRpcClient" time="0.001"/>
  <testcase name="testOverWriteKeyWithAndWithOutVersioning" classname="org.apache.hadoop.ozone.client.rpc.TestOzoneRpcClient" time="0.189"/>
  <testcase name="testPutKey" classname="org.apache.hadoop.ozone.client.rpc.TestOzoneRpcClient" time="0.345"/>
  <testcase name="testPutKeyRatisOneNode" classname="org.apache.hadoop.ozone.client.rpc.TestOzoneRpcClient" time="0.304"/>
  <testcase name="testPutKeyRatisThreeNodes" classname="org.apache.hadoop.ozone.client.rpc.TestOzoneRpcClient" time="0.525"/>
  <testcase name="testPutKeyRatisThreeNodesParallel" classname="org.apache.hadoop.ozone.client.rpc.TestOzoneRpcClient" time="7.819"/>
  <testcase name="testReadKeyWithCorruptedData" classname="org.apache.hadoop.ozone.client.rpc.TestOzoneRpcClient" time="0.1"/>
  <testcase name="testReadKeyWithCorruptedDataWithMutiNodes" classname="org.apache.hadoop.ozone.client.rpc.TestOzoneRpcClient" time="0.175"/>
  <testcase name="testReadKeyWithVerifyChecksumFlagDisable" classname="org.apache.hadoop.ozone.client.rpc.TestOzoneRpcClient" time="0.065"/>
  <testcase name="testReadKeyWithVerifyChecksumFlagEnable" classname="org.apache.hadoop.ozone.client.rpc.TestOzoneRpcClient" time="0.074"/>
  <testcase name="testRemoveBucketAcl" classname="org.apache.hadoop.ozone.client.rpc.TestOzoneRpcClient" time="0.017"/>
  <testcase name="testRemoveBucketAclUsingRpcClientRemoveAcl" classname="org.apache.hadoop.ozone.client.rpc.TestOzoneRpcClient" time="0.018"/>
  <testcase name="testRenameKey" classname="org.apache.hadoop.ozone.client.rpc.TestOzoneRpcClient" time="0.05"/>
  <testcase name="testSetAndClrQuota" classname="org.apache.hadoop.ozone.client.rpc.TestOzoneRpcClient" time="0.074"/>
  <testcase name="testSetBucketQuotaIllegal" classname="org.apache.hadoop.ozone.client.rpc.TestOzoneRpcClient" time="0.029"/>
  <testcase name="testSetBucketStorageType" classname="org.apache.hadoop.ozone.client.rpc.TestOzoneRpcClient" time="0.014"/>
  <testcase name="testSetBucketVersioning" classname="org.apache.hadoop.ozone.client.rpc.TestOzoneRpcClient" time="0.017"/>
  <testcase name="testSetS3VolumeAcl" classname="org.apache.hadoop.ozone.client.rpc.TestOzoneRpcClient" time="0.009"/>
  <testcase name="testSetVolumeQuota" classname="org.apache.hadoop.ozone.client.rpc.TestOzoneRpcClient" time="0.012"/>
  <testcase name="testSetVolumeQuotaIllegal" classname="org.apache.hadoop.ozone.client.rpc.TestOzoneRpcClient" time="0.015"/>
  <testcase name="testUploadPartOverrideWithRatis" classname="org.apache.hadoop.ozone.client.rpc.TestOzoneRpcClient" time="0.114"/>
  <testcase name="testUploadPartOverrideWithStandAlone" classname="org.apache.hadoop.ozone.client.rpc.TestOzoneRpcClient" time="0.07"/>
  <testcase name="testUploadPartWithNoOverride" classname="org.apache.hadoop.ozone.client.rpc.TestOzoneRpcClient" time="0.052"/>
  <testcase name="testUsedBytesWithUploadPart" classname="org.apache.hadoop.ozone.client.rpc.TestOzoneRpcClient" time="0.276"/>
  <testcase name="testValidateBlockLengthWithCommitKey" classname="org.apache.hadoop.ozone.client.rpc.TestOzoneRpcClient" time="0.032"/>
  <testcase name="testVolumeSetOwner" classname="org.apache.hadoop.ozone.client.rpc.TestOzoneRpcClient" time="0.014"/>
  <testcase name="testVolumeUsedNamespace" classname="org.apache.hadoop.ozone.client.rpc.TestOzoneRpcClient" time="0.034"/>
  <testcase name="testZReadKeyWithUnhealthyContainerReplica" classname="org.apache.hadoop.ozone.client.rpc.TestOzoneRpcClient" time="152.171">
    <error message="Timed out waiting for condition. Thread diagnostics:&#10;Timestamp: 2022-02-12 06:47:50,703&#10;&#10;&quot;qtp1118795039-143&quot; daemon prio=5 tid=143 runnable&#10;java.lang.Thread.State: RUNNABLE&#10;        at sun.nio.ch.EPollArrayWrapper.epollWait(Native Method)&#10;        at sun.nio.ch.EPollArrayWrapper.poll(EPollArrayWrapper.java:269)&#10;        at sun.nio.ch.EPollSelectorImpl.doSelect(EPollSelectorImpl.java:93)&#10;        at sun.nio.ch.SelectorImpl.lockAndDoSelect(SelectorImpl.java:86)&#10;        at sun.nio.ch.SelectorImpl.select(SelectorImpl.java:97)&#10;        at sun.nio.ch.SelectorImpl.select(SelectorImpl.java:101)&#10;        at org.eclipse.jetty.io.ManagedSelector.nioSelect(ManagedSelector.java:183)&#10;        at org.eclipse.jetty.io.ManagedSelector.select(ManagedSelector.java:190)&#10;        at org.eclipse.jetty.io.ManagedSelector$SelectorProducer.select(ManagedSelector.java:606)&#10;        at org.eclipse.jetty.io.ManagedSelector$SelectorProducer.produce(ManagedSelector.java:543)&#10;        at org.eclipse.jetty.util.thread.strategy.EatWhatYouKill.produceTask(EatWhatYouKill.java:362)&#10;        at org.eclipse.jetty.util.thread.strategy.EatWhatYouKill.doProduce(EatWhatYouKill.java:186)&#10;        at org.eclipse.jetty.util.thread.strategy.EatWhatYouKill.tryProduce(EatWhatYouKill.java:173)&#10;        at org.eclipse.jetty.util.thread.strategy.EatWhatYouKill.produce(EatWhatYouKill.java:137)&#10;        at org.eclipse.jetty.io.ManagedSelector$$Lambda$644/155934691.run(Unknown Source)&#10;        at org.eclipse.jetty.util.thread.QueuedThreadPool.runJob(QueuedThreadPool.java:883)&#10;        at org.eclipse.jetty.util.thread.QueuedThreadPool$Runner.run(QueuedThreadPool.java:1034)&#10;        at java.lang.Thread.run(Thread.java:748)&#10;&quot;ReplicationMonitor&quot; daemon prio=5 tid=29 timed_waiting&#10;java.lang.Thread.State: TIMED_WAITING&#10;        at java.lang.Object.wait(Native Method)&#10;        at org.apache.hadoop.hdds.scm.container.ReplicationManager.run(ReplicationManager.java:404)&#10;        at org.apache.hadoop.hdds.scm.container.ReplicationManager$$Lambda$573/1750404486.run(Unknown Source)&#10;        at java.lang.Thread.run(Thread.java:748)&#10;&quot;2db57d0a-e0a4-4c64-8073-50a45d71dc35@group-4E9D75D0D1DD-SegmentedRaftLogWorker&quot;  prio=5 tid=4004 timed_waiting&#10;java.lang.Thread.State: TIMED_WAITING&#10;        at sun.misc.Unsafe.park(Native Method)&#10;        at java.util.concurrent.locks.LockSupport.parkNanos(LockSupport.java:215)&#10;        at java.util.concurrent.locks.AbstractQueuedSynchronizer$ConditionObject.awaitNanos(AbstractQueuedSynchronizer.java:2078)&#10;        at org.apache.ratis.util.DataBlockingQueue.poll(DataBlockingQueue.java:137)&#10;        at org.apache.ratis.server.raftlog.segmented.SegmentedRaftLogWorker.run(SegmentedRaftLogWorker.java:292)&#10;        at org.apache.ratis.server.raftlog.segmented.SegmentedRaftLogWorker$$Lambda$358/3735854.run(Unknown Source)&#10;        at java.lang.Thread.run(Thread.java:748)&#10;&quot;qtp224406115-3869&quot; daemon prio=5 tid=3869 timed_waiting&#10;java.lang.Thread.State: TIMED_WAITING&#10;        at sun.misc.Unsafe.park(Native Method)&#10;        at java.util.concurrent.locks.LockSupport.parkNanos(LockSupport.java:215)&#10;        at java.util.concurrent.locks.AbstractQueuedSynchronizer$ConditionObject.awaitNanos(AbstractQueuedSynchronizer.java:2078)&#10;        at org.eclipse.jetty.util.BlockingArrayQueue.poll(BlockingArrayQueue.java:382)&#10;        at org.eclipse.jetty.util.thread.QueuedThreadPool$Runner.idleJobPoll(QueuedThreadPool.java:974)&#10;        at org.eclipse.jetty.util.thread.QueuedThreadPool$Runner.run(QueuedThreadPool.java:1018)&#10;        at java.lang.Thread.run(Thread.java:748)&#10;&quot;fbc88013-4e58-4ce2-8f92-86967c0fe77f@group-391B68ECE783-LeaderStateImpl&quot; daemon prio=5 tid=3964 timed_waiting&#10;java.lang.Thread.State: TIMED_WAITING&#10;        at sun.misc.Unsafe.park(Native Method)&#10;        at java.util.concurrent.locks.LockSupport.parkNanos(LockSupport.java:215)&#10;        at java.util.concurrent.locks.AbstractQueuedSynchronizer$ConditionObject.awaitNanos(AbstractQueuedSynchronizer.java:2078)&#10;        at java.util.concurrent.ArrayBlockingQueue.poll(ArrayBlockingQueue.java:418)&#10;        at org.apache.ratis.server.impl.LeaderStateImpl$EventQueue.poll(LeaderStateImpl.java:156)&#10;        at org.apache.ratis.server.impl.LeaderStateImpl$EventProcessor.run(LeaderStateImpl.java:600)&#10;&quot;2db57d0a-e0a4-4c64-8073-50a45d71dc35@group-6C01376EE677-SegmentedRaftLogWorker&quot;  prio=5 tid=3937 timed_waiting&#10;java.lang.Thread.State: TIMED_WAITING&#10;        at sun.misc.Unsafe.park(Native Method)&#10;        at java.util.concurrent.locks.LockSupport.parkNanos(LockSupport.java:215)&#10;        at java.util.concurrent.locks.AbstractQueuedSynchronizer$ConditionObject.awaitNanos(AbstractQueuedSynchronizer.java:2078)&#10;        at org.apache.ratis.util.DataBlockingQueue.poll(DataBlockingQueue.java:137)&#10;        at org.apache.ratis.server.raftlog.segmented.SegmentedRaftLogWorker.run(SegmentedRaftLogWorker.java:292)&#10;        at org.apache.ratis.server.raftlog.segmented.SegmentedRaftLogWorker$$Lambda$358/3735854.run(Unknown Source)&#10;        at java.lang.Thread.run(Thread.java:748)&#10;&quot;Datanode ReportManager Thread - 3&quot; daemon prio=5 tid=3992 in Object.wait()&#10;java.lang.Thread.State: WAITING (on object monitor)&#10;        at sun.misc.Unsafe.park(Native Method)&#10;        at java.util.concurrent.locks.LockSupport.park(LockSupport.java:175)&#10;        at java.util.concurrent.locks.AbstractQueuedSynchronizer$ConditionObject.await(AbstractQueuedSynchronizer.java:2039)&#10;        at java.util.concurrent.ScheduledThreadPoolExecutor$DelayedWorkQueue.take(ScheduledThreadPoolExecutor.java:1088)&#10;        at java.util.concurrent.ScheduledThreadPoolExecutor$DelayedWorkQueue.take(ScheduledThreadPoolExecutor.java:809)&#10;        at java.util.concurrent.ThreadPoolExecutor.getTask(ThreadPoolExecutor.java:1074)&#10;        at java.util.concurrent.ThreadPoolExecutor.runWorker(ThreadPoolExecutor.java:1134)&#10;        at java.util.concurrent.ThreadPoolExecutor$Worker.run(ThreadPoolExecutor.java:624)&#10;        at java.lang.Thread.run(Thread.java:748)&#10;&quot;ChunkWriter-2-0&quot; daemon prio=5 tid=4002 in Object.wait()&#10;java.lang.Thread.State: WAITING (on object monitor)&#10;        at sun.misc.Unsafe.park(Native Method)&#10;        at java.util.concurrent.locks.LockSupport.park(LockSupport.java:175)&#10;        at java.util.concurrent.locks.AbstractQueuedSynchronizer$ConditionObject.await(AbstractQueuedSynchronizer.java:2039)&#10;        at java.util.concurrent.LinkedBlockingDeque.takeFirst(LinkedBlockingDeque.java:492)&#10;        at java.util.concurrent.LinkedBlockingDeque.take(LinkedBlockingDeque.java:680)&#10;        at java.util.concurrent.ThreadPoolExecutor.getTask(ThreadPoolExecutor.java:1074)&#10;        at java.util.concurrent.ThreadPoolExecutor.runWorker(ThreadPoolExecutor.java:1134)&#10;        at java.util.concurrent.ThreadPoolExecutor$Worker.run(ThreadPoolExecutor.java:624)&#10;        at java.lang.Thread.run(Thread.java:748)&#10;&quot;IPC Server handler 7 on default port 33951&quot; daemon prio=5 tid=159 timed_waiting&#10;java.lang.Thread.State: TIMED_WAITING&#10;        at sun.misc.Unsafe.park(Native Method)&#10;        at java.util.concurrent.locks.LockSupport.parkNanos(LockSupport.java:215)&#10;        at java.util.concurrent.locks.AbstractQueuedSynchronizer$ConditionObject.awaitNanos(AbstractQueuedSynchronizer.java:2078)&#10;        at java.util.concurrent.LinkedBlockingQueue.poll(LinkedBlockingQueue.java:467)&#10;        at org.apache.hadoop.ipc.CallQueueManager.take(CallQueueManager.java:317)&#10;        at org.apache.hadoop.ipc.Server$Handler.run(Server.java:2932)&#10;&quot;qtp224406115-3864&quot; daemon prio=5 tid=3864 timed_waiting&#10;java.lang.Thread.State: TIMED_WAITING&#10;        at sun.misc.Unsafe.park(Native Method)&#10;        at java.util.concurrent.locks.LockSupport.parkNanos(LockSupport.java:215)&#10;        at java.util.concurrent.locks.AbstractQueuedSynchronizer$ConditionObject.awaitNanos(AbstractQueuedSynchronizer.java:2078)&#10;        at org.eclipse.jetty.util.BlockingArrayQueue.poll(BlockingArrayQueue.java:382)&#10;        at org.eclipse.jetty.util.thread.QueuedThreadPool$Runner.idleJobPoll(QueuedThreadPool.java:974)&#10;        at org.eclipse.jetty.util.thread.QueuedThreadPool$Runner.run(QueuedThreadPool.java:1018)&#10;        at java.lang.Thread.run(Thread.java:748)&#10;&quot;Datanode ReportManager Thread - 0&quot; daemon prio=5 tid=216 in Object.wait()&#10;java.lang.Thread.State: WAITING (on object monitor)&#10;        at sun.misc.Unsafe.park(Native Method)&#10;        at java.util.concurrent.locks.LockSupport.park(LockSupport.java:175)&#10;        at java.util.concurrent.locks.AbstractQueuedSynchronizer$ConditionObject.await(AbstractQueuedSynchronizer.java:2039)&#10;        at java.util.concurrent.ScheduledThreadPoolExecutor$DelayedWorkQueue.take(ScheduledThreadPoolExecutor.java:1088)&#10;        at java.util.concurrent.ScheduledThreadPoolExecutor$DelayedWorkQueue.take(ScheduledThreadPoolExecutor.java:809)&#10;        at java.util.concurrent.ThreadPoolExecutor.getTask(ThreadPoolExecutor.java:1074)&#10;        at java.util.concurrent.ThreadPoolExecutor.runWorker(ThreadPoolExecutor.java:1134)&#10;        at java.util.concurrent.ThreadPoolExecutor$Worker.run(ThreadPoolExecutor.java:624)&#10;        at java.lang.Thread.run(Thread.java:748)&#10;&quot;ac1ecc7d-e450-4f4f-aef6-4be964bb036f@group-4E713CE930C0-StateMachineUpdater&quot; daemon prio=5 tid=26 in Object.wait()&#10;java.lang.Thread.State: WAITING (on object monitor)&#10;        at java.lang.Object.wait(Native Method)&#10;        at java.lang.Object.wait(Object.java:502)&#10;        at org.apache.ratis.server.impl.StateMachineUpdater.waitForCommit(StateMachineUpdater.java:204)&#10;        at org.apache.ratis.server.impl.StateMachineUpdater.run(StateMachineUpdater.java:173)&#10;        at java.lang.Thread.run(Thread.java:748)&#10;&quot;pool-468-thread-1&quot;  prio=5 tid=3972 timed_waiting&#10;java.lang.Thread.State: TIMED_WAITING&#10;        at sun.misc.Unsafe.park(Native Method)&#10;        at java.util.concurrent.locks.LockSupport.parkNanos(LockSupport.java:215)&#10;        at java.util.concurrent.locks.AbstractQueuedSynchronizer$ConditionObject.awaitNanos(AbstractQueuedSynchronizer.java:2078)&#10;        at java.util.concurrent.ScheduledThreadPoolExecutor$DelayedWorkQueue.take(ScheduledThreadPoolExecutor.java:1093)&#10;        at java.util.concurrent.ScheduledThreadPoolExecutor$DelayedWorkQueue.take(ScheduledThreadPoolExecutor.java:809)&#10;        at java.util.concurrent.ThreadPoolExecutor.getTask(ThreadPoolExecutor.java:1074)&#10;        at java.util.concurrent.ThreadPoolExecutor.runWorker(ThreadPoolExecutor.java:1134)&#10;        at java.util.concurrent.ThreadPoolExecutor$Worker.run(ThreadPoolExecutor.java:624)&#10;        at java.lang.Thread.run(Thread.java:748)&#10;&quot;Signal Dispatcher&quot; daemon prio=9 tid=4 runnable&#10;java.lang.Thread.State: RUNNABLE&#10;&quot;om1@group-C5BA1605619E-LeaderStateImpl&quot; daemon prio=5 tid=225 timed_waiting&#10;java.lang.Thread.State: TIMED_WAITING&#10;        at sun.misc.Unsafe.park(Native Method)&#10;        at java.util.concurrent.locks.LockSupport.parkNanos(LockSupport.java:215)&#10;        at java.util.concurrent.locks.AbstractQueuedSynchronizer$ConditionObject.awaitNanos(AbstractQueuedSynchronizer.java:2078)&#10;        at java.util.concurrent.ArrayBlockingQueue.poll(ArrayBlockingQueue.java:418)&#10;        at org.apache.ratis.server.impl.LeaderStateImpl$EventQueue.poll(LeaderStateImpl.java:156)&#10;        at org.apache.ratis.server.impl.LeaderStateImpl$EventProcessor.run(LeaderStateImpl.java:600)&#10;&quot;surefire-forkedjvm-ping-30s&quot; daemon prio=5 tid=10 timed_waiting&#10;java.lang.Thread.State: TIMED_WAITING&#10;        at sun.misc.Unsafe.park(Native Method)&#10;        at java.util.concurrent.locks.LockSupport.parkNanos(LockSupport.java:215)&#10;        at java.util.concurrent.locks.AbstractQueuedSynchronizer$ConditionObject.awaitNanos(AbstractQueuedSynchronizer.java:2078)&#10;        at java.util.concurrent.ScheduledThreadPoolExecutor$DelayedWorkQueue.take(ScheduledThreadPoolExecutor.java:1093)&#10;        at java.util.concurrent.ScheduledThreadPoolExecutor$DelayedWorkQueue.take(ScheduledThreadPoolExecutor.java:809)&#10;        at java.util.concurrent.ThreadPoolExecutor.getTask(ThreadPoolExecutor.java:1074)&#10;        at java.util.concurrent.ThreadPoolExecutor.runWorker(ThreadPoolExecutor.java:1134)&#10;        at java.util.concurrent.ThreadPoolExecutor$Worker.run(ThreadPoolExecutor.java:624)&#10;        at java.lang.Thread.run(Thread.java:748)&#10;&quot;FullTableCache Cleanup Thread - 0&quot; daemon prio=5 tid=400 in Object.wait()&#10;java.lang.Thread.State: WAITING (on object monitor)&#10;        at sun.misc.Unsafe.park(Native Method)&#10;        at java.util.concurrent.locks.LockSupport.park(LockSupport.java:175)&#10;        at java.util.concurrent.locks.AbstractQueuedSynchronizer$ConditionObject.await(AbstractQueuedSynchronizer.java:2039)&#10;        at java.util.concurrent.LinkedBlockingQueue.take(LinkedBlockingQueue.java:442)&#10;        at java.util.concurrent.ThreadPoolExecutor.getTask(ThreadPoolExecutor.java:1074)&#10;        at java.util.concurrent.ThreadPoolExecutor.runWorker(ThreadPoolExecutor.java:1134)&#10;        at java.util.concurrent.ThreadPoolExecutor$Worker.run(ThreadPoolExecutor.java:624)&#10;        at java.lang.Thread.run(Thread.java:748)&#10;&quot;Datanode ReportManager Thread - 1&quot; daemon prio=5 tid=3879 in Object.wait()&#10;java.lang.Thread.State: WAITING (on object monitor)&#10;        at sun.misc.Unsafe.park(Native Method)&#10;        at java.util.concurrent.locks.LockSupport.park(LockSupport.java:175)&#10;        at java.util.concurrent.locks.AbstractQueuedSynchronizer$ConditionObject.await(AbstractQueuedSynchronizer.java:2039)&#10;        at java.util.concurrent.ScheduledThreadPoolExecutor$DelayedWorkQueue.take(ScheduledThreadPoolExecutor.java:1088)&#10;        at java.util.concurrent.ScheduledThreadPoolExecutor$DelayedWorkQueue.take(ScheduledThreadPoolExecutor.java:809)&#10;        at java.util.concurrent.ThreadPoolExecutor.getTask(ThreadPoolExecutor.java:1074)&#10;        at java.util.concurrent.ThreadPoolExecutor.runWorker(ThreadPoolExecutor.java:1134)&#10;        at java.util.concurrent.ThreadPoolExecutor$Worker.run(ThreadPoolExecutor.java:624)&#10;        at java.lang.Thread.run(Thread.java:748)&#10;&quot;qtp1684038962-3978&quot; daemon prio=5 tid=3978 timed_waiting&#10;java.lang.Thread.State: TIMED_WAITING&#10;        at sun.misc.Unsafe.park(Native Method)&#10;        at java.util.concurrent.locks.LockSupport.parkNanos(LockSupport.java:215)&#10;        at java.util.concurrent.locks.AbstractQueuedSynchronizer$ConditionObject.awaitNanos(AbstractQueuedSynchronizer.java:2078)&#10;        at org.eclipse.jetty.util.BlockingArrayQueue.poll(BlockingArrayQueue.java:382)&#10;        at org.eclipse.jetty.util.thread.QueuedThreadPool$Runner.idleJobPoll(QueuedThreadPool.java:974)&#10;        at org.eclipse.jetty.util.thread.QueuedThreadPool$Runner.run(QueuedThreadPool.java:1018)&#10;        at java.lang.Thread.run(Thread.java:748)&#10;&quot;IPC Server handler 10 on default port 44723&quot; daemon prio=5 tid=78 timed_waiting&#10;java.lang.Thread.State: TIMED_WAITING&#10;        at sun.misc.Unsafe.park(Native Method)&#10;        at java.util.concurrent.locks.LockSupport.parkNanos(LockSupport.java:215)&#10;        at java.util.concurrent.locks.AbstractQueuedSynchronizer$ConditionObject.awaitNanos(AbstractQueuedSynchronizer.java:2078)&#10;        at java.util.concurrent.LinkedBlockingQueue.poll(LinkedBlockingQueue.java:467)&#10;        at org.apache.hadoop.ipc.CallQueueManager.take(CallQueueManager.java:317)&#10;        at org.apache.hadoop.ipc.Server$Handler.run(Server.java:2932)&#10;&quot;Command processor thread&quot; daemon prio=5 tid=3883 timed_waiting&#10;java.lang.Thread.State: TIMED_WAITING&#10;        at java.lang.Thread.sleep(Native Method)&#10;        at org.apache.hadoop.ozone.container.common.statemachine.DatanodeStateMachine.lambda$initCommandHandlerThread$2(DatanodeStateMachine.java:577)&#10;        at org.apache.hadoop.ozone.container.common.statemachine.DatanodeStateMachine$$Lambda$712/1433067593.run(Unknown Source)&#10;        at java.lang.Thread.run(Thread.java:748)&#10;&quot;IPC Server handler 2 on default port 34953&quot; daemon prio=5 tid=50 timed_waiting&#10;java.lang.Thread.State: TIMED_WAITING&#10;        at sun.misc.Unsafe.park(Native Method)&#10;        at java.util.concurrent.locks.LockSupport.parkNanos(LockSupport.java:215)&#10;        at java.util.concurrent.locks.AbstractQueuedSynchronizer$ConditionObject.awaitNanos(AbstractQueuedSynchronizer.java:2078)&#10;        at java.util.concurrent.LinkedBlockingQueue.poll(LinkedBlockingQueue.java:467)&#10;        at org.apache.hadoop.ipc.CallQueueManager.take(CallQueueManager.java:317)&#10;        at org.apache.hadoop.ipc.Server$Handler.run(Server.java:2932)&#10;&quot;Datanode State Machine Daemon Thread&quot; daemon prio=5 tid=3988 timed_waiting&#10;java.lang.Thread.State: TIMED_WAITING&#10;        at sun.misc.Unsafe.park(Native Method)&#10;        at java.util.concurrent.locks.LockSupport.parkNanos(LockSupport.java:215)&#10;        at java.util.concurrent.locks.AbstractQueuedSynchronizer$ConditionObject.awaitNanos(AbstractQueuedSynchronizer.java:2078)&#10;        at java.util.concurrent.LinkedBlockingQueue.poll(LinkedBlockingQueue.java:467)&#10;        at java.util.concurrent.ExecutorCompletionService.poll(ExecutorCompletionService.java:202)&#10;        at org.apache.hadoop.ozone.container.common.states.datanode.RunningDatanodeState.await(RunningDatanodeState.java:224)&#10;        at org.apache.hadoop.ozone.container.common.states.datanode.RunningDatanodeState.await(RunningDatanodeState.java:50)&#10;        at org.apache.hadoop.ozone.container.common.statemachine.StateContext.execute(StateContext.java:633)&#10;        at org.apache.hadoop.ozone.container.common.statemachine.DatanodeStateMachine.start(DatanodeStateMachine.java:283)&#10;        at org.apache.hadoop.ozone.container.common.statemachine.DatanodeStateMachine.lambda$startDaemon$0(DatanodeStateMachine.java:471)&#10;        at org.apache.hadoop.ozone.container.common.statemachine.DatanodeStateMachine$$Lambda$710/143249555.run(Unknown Source)&#10;        at java.lang.Thread.run(Thread.java:748)&#10;&quot;IPC Server handler 2 on default port 44723&quot; daemon prio=5 tid=70 timed_waiting&#10;java.lang.Thread.State: TIMED_WAITING&#10;        at sun.misc.Unsafe.park(Native Method)&#10;        at java.util.concurrent.locks.LockSupport.parkNanos(LockSupport.java:215)&#10;        at java.util.concurrent.locks.AbstractQueuedSynchronizer$ConditionObject.awaitNanos(AbstractQueuedSynchronizer.java:2078)&#10;        at java.util.concurrent.LinkedBlockingQueue.poll(LinkedBlockingQueue.java:467)&#10;        at org.apache.hadoop.ipc.CallQueueManager.take(CallQueueManager.java:317)&#10;        at org.apache.hadoop.ipc.Server$Handler.run(Server.java:2932)&#10;&quot;EventQueue-NodeRegistrationContainerReportForDataNodeSafeModeRule&quot; daemon prio=5 tid=285 in Object.wait()&#10;java.lang.Thread.State: WAITING (on object monitor)&#10;        at sun.misc.Unsafe.park(Native Method)&#10;        at java.util.concurrent.locks.LockSupport.park(LockSupport.java:175)&#10;        at java.util.concurrent.locks.AbstractQueuedSynchronizer$ConditionObject.await(AbstractQueuedSynchronizer.java:2039)&#10;        at java.util.concurrent.LinkedBlockingQueue.take(LinkedBlockingQueue.java:442)&#10;        at java.util.concurrent.ThreadPoolExecutor.getTask(ThreadPoolExecutor.java:1074)&#10;        at java.util.concurrent.ThreadPoolExecutor.runWorker(ThreadPoolExecutor.java:1134)&#10;        at java.util.concurrent.ThreadPoolExecutor$Worker.run(ThreadPoolExecutor.java:624)&#10;        at java.lang.Thread.run(Thread.java:748)&#10;&quot;IPC Server handler 11 on default port 45219&quot; daemon prio=5 tid=118 timed_waiting&#10;java.lang.Thread.State: TIMED_WAITING&#10;        at sun.misc.Unsafe.park(Native Method)&#10;        at java.util.concurrent.locks.LockSupport.parkNanos(LockSupport.java:215)&#10;        at java.util.concurrent.locks.AbstractQueuedSynchronizer$ConditionObject.awaitNanos(AbstractQueuedSynchronizer.java:2078)&#10;        at java.util.concurrent.LinkedBlockingQueue.poll(LinkedBlockingQueue.java:467)&#10;        at org.apache.hadoop.ipc.CallQueueManager.take(CallQueueManager.java:317)&#10;        at org.apache.hadoop.ipc.Server$Handler.run(Server.java:2932)&#10;&quot;IPC Server handler 6 on default port 33951&quot; daemon prio=5 tid=158 timed_waiting&#10;java.lang.Thread.State: TIMED_WAITING&#10;        at sun.misc.Unsafe.park(Native Method)&#10;        at java.util.concurrent.locks.LockSupport.parkNanos(LockSupport.java:215)&#10;        at java.util.concurrent.locks.AbstractQueuedSynchronizer$ConditionObject.awaitNanos(AbstractQueuedSynchronizer.java:2078)&#10;        at java.util.concurrent.LinkedBlockingQueue.poll(LinkedBlockingQueue.java:467)&#10;        at org.apache.hadoop.ipc.CallQueueManager.take(CallQueueManager.java:317)&#10;        at org.apache.hadoop.ipc.Server$Handler.run(Server.java:2932)&#10;&quot;IPC Server handler 13 on default port 34953&quot; daemon prio=5 tid=61 timed_waiting&#10;java.lang.Thread.State: TIMED_WAITING&#10;        at sun.misc.Unsafe.park(Native Method)&#10;        at java.util.concurrent.locks.LockSupport.parkNanos(LockSupport.java:215)&#10;        at java.util.concurrent.locks.AbstractQueuedSynchronizer$ConditionObject.awaitNanos(AbstractQueuedSynchronizer.java:2078)&#10;        at java.util.concurrent.LinkedBlockingQueue.poll(LinkedBlockingQueue.java:467)&#10;        at org.apache.hadoop.ipc.CallQueueManager.take(CallQueueManager.java:317)&#10;        at org.apache.hadoop.ipc.Server$Handler.run(Server.java:2932)&#10;&quot;IPC Server handler 11 on default port 44723&quot; daemon prio=5 tid=79 timed_waiting&#10;java.lang.Thread.State: TIMED_WAITING&#10;        at sun.misc.Unsafe.park(Native Method)&#10;        at java.util.concurrent.locks.LockSupport.parkNanos(LockSupport.java:215)&#10;        at java.util.concurrent.locks.AbstractQueuedSynchronizer$ConditionObject.awaitNanos(AbstractQueuedSynchronizer.java:2078)&#10;        at java.util.concurrent.LinkedBlockingQueue.poll(LinkedBlockingQueue.java:467)&#10;        at org.apache.hadoop.ipc.CallQueueManager.take(CallQueueManager.java:317)&#10;        at org.apache.hadoop.ipc.Server$Handler.run(Server.java:2932)&#10;&quot;IPC Server handler 9 on default port 34953&quot; daemon prio=5 tid=57 timed_waiting&#10;java.lang.Thread.State: TIMED_WAITING&#10;        at sun.misc.Unsafe.park(Native Method)&#10;        at java.util.concurrent.locks.LockSupport.parkNanos(LockSupport.java:215)&#10;        at java.util.concurrent.locks.AbstractQueuedSynchronizer$ConditionObject.awaitNanos(AbstractQueuedSynchronizer.java:2078)&#10;        at java.util.concurrent.LinkedBlockingQueue.poll(LinkedBlockingQueue.java:467)&#10;        at org.apache.hadoop.ipc.CallQueueManager.take(CallQueueManager.java:317)&#10;        at org.apache.hadoop.ipc.Server$Handler.run(Server.java:2932)&#10;&quot;IPC Server handler 14 on default port 44723&quot; daemon prio=5 tid=82 timed_waiting&#10;java.lang.Thread.State: TIMED_WAITING&#10;        at sun.misc.Unsafe.park(Native Method)&#10;        at java.util.concurrent.locks.LockSupport.parkNanos(LockSupport.java:215)&#10;        at java.util.concurrent.locks.AbstractQueuedSynchronizer$ConditionObject.awaitNanos(AbstractQueuedSynchronizer.java:2078)&#10;        at java.util.concurrent.LinkedBlockingQueue.poll(LinkedBlockingQueue.java:467)&#10;        at org.apache.hadoop.ipc.CallQueueManager.take(CallQueueManager.java:317)&#10;        at org.apache.hadoop.ipc.Server$Handler.run(Server.java:2932)&#10;&quot;org.apache.hadoop.util.JvmPauseMonitor$Monitor@18e59cdb&quot; daemon prio=5 tid=3995 timed_waiting&#10;java.lang.Thread.State: TIMED_WAITING&#10;        at java.lang.Thread.sleep(Native Method)&#10;        at org.apache.hadoop.util.JvmPauseMonitor$Monitor.run(JvmPauseMonitor.java:192)&#10;        at java.lang.Thread.run(Thread.java:748)&#10;&quot;RatisPipelineUtilsThread - 0&quot;  prio=5 tid=28 timed_waiting&#10;java.lang.Thread.State: TIMED_WAITING&#10;        at java.lang.Object.wait(Native Method)&#10;        at org.apache.hadoop.hdds.scm.pipeline.BackgroundPipelineCreator.run(BackgroundPipelineCreator.java:183)&#10;        at org.apache.hadoop.hdds.scm.pipeline.BackgroundPipelineCreator$$Lambda$570/6987253.run(Unknown Source)&#10;        at java.lang.Thread.run(Thread.java:748)&#10;&quot;BlockDeletingService#3&quot; daemon prio=5 tid=4174 in Object.wait()&#10;java.lang.Thread.State: WAITING (on object monitor)&#10;        at sun.misc.Unsafe.park(Native Method)&#10;        at java.util.concurrent.locks.LockSupport.park(LockSupport.java:175)&#10;        at java.util.concurrent.locks.AbstractQueuedSynchronizer$ConditionObject.await(AbstractQueuedSynchronizer.java:2039)&#10;        at java.util.concurrent.ScheduledThreadPoolExecutor$DelayedWorkQueue.take(ScheduledThreadPoolExecutor.java:1088)&#10;        at java.util.concurrent.ScheduledThreadPoolExecutor$DelayedWorkQueue.take(ScheduledThreadPoolExecutor.java:809)&#10;        at java.util.concurrent.ThreadPoolExecutor.getTask(ThreadPoolExecutor.java:1074)&#10;        at java.util.concurrent.ThreadPoolExecutor.runWorker(ThreadPoolExecutor.java:1134)&#10;        at java.util.concurrent.ThreadPoolExecutor$Worker.run(ThreadPoolExecutor.java:624)&#10;        at java.lang.Thread.run(Thread.java:748)&#10;&quot;IPC Server handler 12 on default port 34953&quot; daemon prio=5 tid=60 timed_waiting&#10;java.lang.Thread.State: TIMED_WAITING&#10;        at sun.misc.Unsafe.park(Native Method)&#10;        at java.util.concurrent.locks.LockSupport.parkNanos(LockSupport.java:215)&#10;        at java.util.concurrent.locks.AbstractQueuedSynchronizer$ConditionObject.awaitNanos(AbstractQueuedSynchronizer.java:2078)&#10;        at java.util.concurrent.LinkedBlockingQueue.poll(LinkedBlockingQueue.java:467)&#10;        at org.apache.hadoop.ipc.CallQueueManager.take(CallQueueManager.java:317)&#10;        at org.apache.hadoop.ipc.Server$Handler.run(Server.java:2932)&#10;&quot;IPC Server handler 4 on default port 45219&quot; daemon prio=5 tid=111 timed_waiting&#10;java.lang.Thread.State: TIMED_WAITING&#10;        at sun.misc.Unsafe.park(Native Method)&#10;        at java.util.concurrent.locks.LockSupport.parkNanos(LockSupport.java:215)&#10;        at java.util.concurrent.locks.AbstractQueuedSynchronizer$ConditionObject.awaitNanos(AbstractQueuedSynchronizer.java:2078)&#10;        at java.util.concurrent.LinkedBlockingQueue.poll(LinkedBlockingQueue.java:467)&#10;        at org.apache.hadoop.ipc.CallQueueManager.take(CallQueueManager.java:317)&#10;        at org.apache.hadoop.ipc.Server$Handler.run(Server.java:2932)&#10;&quot;java.util.concurrent.ThreadPoolExecutor$Worker@5c86f420[State = -1, empty queue]&quot; daemon prio=5 tid=3955 in Object.wait()&#10;java.lang.Thread.State: WAITING (on object monitor)&#10;        at sun.misc.Unsafe.park(Native Method)&#10;        at java.util.concurrent.locks.LockSupport.park(LockSupport.java:175)&#10;        at java.util.concurrent.locks.AbstractQueuedSynchronizer$ConditionObject.await(AbstractQueuedSynchronizer.java:2039)&#10;        at java.util.concurrent.ScheduledThreadPoolExecutor$DelayedWorkQueue.take(ScheduledThreadPoolExecutor.java:1081)&#10;        at java.util.concurrent.ScheduledThreadPoolExecutor$DelayedWorkQueue.take(ScheduledThreadPoolExecutor.java:809)&#10;        at java.util.concurrent.ThreadPoolExecutor.getTask(ThreadPoolExecutor.java:1074)&#10;        at java.util.concurrent.ThreadPoolExecutor.runWorker(ThreadPoolExecutor.java:1134)&#10;        at java.util.concurrent.ThreadPoolExecutor$Worker.run(ThreadPoolExecutor.java:624)&#10;        at java.lang.Thread.run(Thread.java:748)&#10;&quot;ChunkWriter-3-0&quot; daemon prio=5 tid=3894 in Object.wait()&#10;java.lang.Thread.State: WAITING (on object monitor)&#10;        at sun.misc.Unsafe.park(Native Method)&#10;        at java.util.concurrent.locks.LockSupport.park(LockSupport.java:175)&#10;        at java.util.concurrent.locks.AbstractQueuedSynchronizer$ConditionObject.await(AbstractQueuedSynchronizer.java:2039)&#10;        at java.util.concurrent.LinkedBlockingDeque.takeFirst(LinkedBlockingDeque.java:492)&#10;        at java.util.concurrent.LinkedBlockingDeque.take(LinkedBlockingDeque.java:680)&#10;        at java.util.concurrent.ThreadPoolExecutor.getTask(ThreadPoolExecutor.java:1074)&#10;        at java.util.concurrent.ThreadPoolExecutor.runWorker(ThreadPoolExecutor.java:1134)&#10;        at java.util.concurrent.ThreadPoolExecutor$Worker.run(ThreadPoolExecutor.java:624)&#10;        at java.lang.Thread.run(Thread.java:748)&#10;&quot;IPC Server handler 18 on default port 34953&quot; daemon prio=5 tid=66 timed_waiting&#10;java.lang.Thread.State: TIMED_WAITING&#10;        at sun.misc.Unsafe.park(Native Method)&#10;        at java.util.concurrent.locks.LockSupport.parkNanos(LockSupport.java:215)&#10;        at java.util.concurrent.locks.AbstractQueuedSynchronizer$ConditionObject.awaitNanos(AbstractQueuedSynchronizer.java:2078)&#10;        at java.util.concurrent.LinkedBlockingQueue.poll(LinkedBlockingQueue.java:467)&#10;        at org.apache.hadoop.ipc.CallQueueManager.take(CallQueueManager.java:317)&#10;        at org.apache.hadoop.ipc.Server$Handler.run(Server.java:2932)&#10;&quot;ChunkWriter-3-0&quot; daemon prio=5 tid=4003 in Object.wait()&#10;java.lang.Thread.State: WAITING (on object monitor)&#10;        at sun.misc.Unsafe.park(Native Method)&#10;        at java.util.concurrent.locks.LockSupport.park(LockSupport.java:175)&#10;        at java.util.concurrent.locks.AbstractQueuedSynchronizer$ConditionObject.await(AbstractQueuedSynchronizer.java:2039)&#10;        at java.util.concurrent.LinkedBlockingDeque.takeFirst(LinkedBlockingDeque.java:492)&#10;        at java.util.concurrent.LinkedBlockingDeque.take(LinkedBlockingDeque.java:680)&#10;        at java.util.concurrent.ThreadPoolExecutor.getTask(ThreadPoolExecutor.java:1074)&#10;        at java.util.concurrent.ThreadPoolExecutor.runWorker(ThreadPoolExecutor.java:1134)&#10;        at java.util.concurrent.ThreadPoolExecutor$Worker.run(ThreadPoolExecutor.java:624)&#10;        at java.lang.Thread.run(Thread.java:748)&#10;&quot;IPC Server handler 19 on default port 33951&quot; daemon prio=5 tid=171 timed_waiting&#10;java.lang.Thread.State: TIMED_WAITING&#10;        at sun.misc.Unsafe.park(Native Method)&#10;        at java.util.concurrent.locks.LockSupport.parkNanos(LockSupport.java:215)&#10;        at java.util.concurrent.locks.AbstractQueuedSynchronizer$ConditionObject.awaitNanos(AbstractQueuedSynchronizer.java:2078)&#10;        at java.util.concurrent.LinkedBlockingQueue.poll(LinkedBlockingQueue.java:467)&#10;        at org.apache.hadoop.ipc.CallQueueManager.take(CallQueueManager.java:317)&#10;        at org.apache.hadoop.ipc.Server$Handler.run(Server.java:2932)&#10;&quot;IPC Server listener on 0&quot; daemon prio=5 tid=32 runnable&#10;java.lang.Thread.State: RUNNABLE&#10;        at sun.nio.ch.EPollArrayWrapper.epollWait(Native Method)&#10;        at sun.nio.ch.EPollArrayWrapper.poll(EPollArrayWrapper.java:269)&#10;        at sun.nio.ch.EPollSelectorImpl.doSelect(EPollSelectorImpl.java:93)&#10;        at sun.nio.ch.SelectorImpl.lockAndDoSelect(SelectorImpl.java:86)&#10;        at sun.nio.ch.SelectorImpl.select(SelectorImpl.java:97)&#10;        at sun.nio.ch.SelectorImpl.select(SelectorImpl.java:101)&#10;        at org.apache.hadoop.ipc.Server$Listener.run(Server.java:1350)&#10;&quot;IPC Server handler 10 on default port 34953&quot; daemon prio=5 tid=58 timed_waiting&#10;java.lang.Thread.State: TIMED_WAITING&#10;        at sun.misc.Unsafe.park(Native Method)&#10;        at java.util.concurrent.locks.LockSupport.parkNanos(LockSupport.java:215)&#10;        at java.util.concurrent.locks.AbstractQueuedSynchronizer$ConditionObject.awaitNanos(AbstractQueuedSynchronizer.java:2078)&#10;        at java.util.concurrent.LinkedBlockingQueue.poll(LinkedBlockingQueue.java:467)&#10;        at org.apache.hadoop.ipc.CallQueueManager.take(CallQueueManager.java:317)&#10;        at org.apache.hadoop.ipc.Server$Handler.run(Server.java:2932)&#10;&quot;IPC Server handler 12 on default port 45219&quot; daemon prio=5 tid=119 timed_waiting&#10;java.lang.Thread.State: TIMED_WAITING&#10;        at sun.misc.Unsafe.park(Native Method)&#10;        at java.util.concurrent.locks.LockSupport.parkNanos(LockSupport.java:215)&#10;        at java.util.concurrent.locks.AbstractQueuedSynchronizer$ConditionObject.awaitNanos(AbstractQueuedSynchronizer.java:2078)&#10;        at java.util.concurrent.LinkedBlockingQueue.poll(LinkedBlockingQueue.java:467)&#10;        at org.apache.hadoop.ipc.CallQueueManager.take(CallQueueManager.java:317)&#10;        at org.apache.hadoop.ipc.Server$Handler.run(Server.java:2932)&#10;&quot;org.apache.ratis.util.JvmPauseMonitor$$Lambda$422/823775087@7b9866c6&quot; daemon prio=5 tid=138 timed_waiting&#10;java.lang.Thread.State: TIMED_WAITING&#10;        at java.lang.Thread.sleep(Native Method)&#10;        at java.lang.Thread.sleep(Thread.java:340)&#10;        at java.util.concurrent.TimeUnit.sleep(TimeUnit.java:386)&#10;        at org.apache.ratis.util.TimeDuration.sleep(TimeDuration.java:324)&#10;        at org.apache.ratis.util.TimeDuration.sleep(TimeDuration.java:309)&#10;        at org.apache.ratis.util.JvmPauseMonitor.detectPause(JvmPauseMonitor.java:117)&#10;        at org.apache.ratis.util.JvmPauseMonitor.run(JvmPauseMonitor.java:106)&#10;        at org.apache.ratis.util.JvmPauseMonitor$$Lambda$422/823775087.run(Unknown Source)&#10;        at java.lang.Thread.run(Thread.java:748)&#10;&quot;IPC Server handler 14 on default port 34953&quot; daemon prio=5 tid=62 timed_waiting&#10;java.lang.Thread.State: TIMED_WAITING&#10;        at sun.misc.Unsafe.park(Native Method)&#10;        at java.util.concurrent.locks.LockSupport.parkNanos(LockSupport.java:215)&#10;        at java.util.concurrent.locks.AbstractQueuedSynchronizer$ConditionObject.awaitNanos(AbstractQueuedSynchronizer.java:2078)&#10;        at java.util.concurrent.LinkedBlockingQueue.poll(LinkedBlockingQueue.java:467)&#10;        at org.apache.hadoop.ipc.CallQueueManager.take(CallQueueManager.java:317)&#10;        at org.apache.hadoop.ipc.Server$Handler.run(Server.java:2932)&#10;&quot;qtp1118795039-146&quot; daemon prio=5 tid=146 timed_waiting&#10;java.lang.Thread.State: TIMED_WAITING&#10;        at sun.misc.Unsafe.park(Native Method)&#10;        at java.util.concurrent.locks.LockSupport.parkNanos(LockSupport.java:215)&#10;        at java.util.concurrent.locks.AbstractQueuedSynchronizer$ConditionObject.awaitNanos(AbstractQueuedSynchronizer.java:2078)&#10;        at org.eclipse.jetty.util.BlockingArrayQueue.poll(BlockingArrayQueue.java:382)&#10;        at org.eclipse.jetty.util.thread.QueuedThreadPool$Runner.idleJobPoll(QueuedThreadPool.java:974)&#10;        at org.eclipse.jetty.util.thread.QueuedThreadPool$Runner.run(QueuedThreadPool.java:1018)&#10;        at java.lang.Thread.run(Thread.java:748)&#10;&quot;FullTableCache Cleanup Thread - 0&quot; daemon prio=5 tid=399 in Object.wait()&#10;java.lang.Thread.State: WAITING (on object monitor)&#10;        at sun.misc.Unsafe.park(Native Method)&#10;        at java.util.concurrent.locks.LockSupport.park(LockSupport.java:175)&#10;        at java.util.concurrent.locks.AbstractQueuedSynchronizer$ConditionObject.await(AbstractQueuedSynchronizer.java:2039)&#10;        at java.util.concurrent.LinkedBlockingQueue.take(LinkedBlockingQueue.java:442)&#10;        at java.util.concurrent.ThreadPoolExecutor.getTask(ThreadPoolExecutor.java:1074)&#10;        at java.util.concurrent.ThreadPoolExecutor.runWorker(ThreadPoolExecutor.java:1134)&#10;        at java.util.concurrent.ThreadPoolExecutor$Worker.run(ThreadPoolExecutor.java:624)&#10;        at java.lang.Thread.run(Thread.java:748)&#10;&quot;EventQueue-NodeRegistrationContainerReportForContainerSafeModeRule&quot; daemon prio=5 tid=284 in Object.wait()&#10;java.lang.Thread.State: WAITING (on object monitor)&#10;        at sun.misc.Unsafe.park(Native Method)&#10;        at java.util.concurrent.locks.LockSupport.park(LockSupport.java:175)&#10;        at java.util.concurrent.locks.AbstractQueuedSynchronizer$ConditionObject.await(AbstractQueuedSynchronizer.java:2039)&#10;        at java.util.concurrent.LinkedBlockingQueue.take(LinkedBlockingQueue.java:442)&#10;        at java.util.concurrent.ThreadPoolExecutor.getTask(ThreadPoolExecutor.java:1074)&#10;        at java.util.concurrent.ThreadPoolExecutor.runWorker(ThreadPoolExecutor.java:1134)&#10;        at java.util.concurrent.ThreadPoolExecutor$Worker.run(ThreadPoolExecutor.java:624)&#10;        at java.lang.Thread.run(Thread.java:748)&#10;&quot;IPC Server handler 11 on default port 33951&quot; daemon prio=5 tid=163 timed_waiting&#10;java.lang.Thread.State: TIMED_WAITING&#10;        at sun.misc.Unsafe.park(Native Method)&#10;        at java.util.concurrent.locks.LockSupport.parkNanos(LockSupport.java:215)&#10;        at java.util.concurrent.locks.AbstractQueuedSynchronizer$ConditionObject.awaitNanos(AbstractQueuedSynchronizer.java:2078)&#10;        at java.util.concurrent.LinkedBlockingQueue.poll(LinkedBlockingQueue.java:467)&#10;        at org.apache.hadoop.ipc.CallQueueManager.take(CallQueueManager.java:317)&#10;        at org.apache.hadoop.ipc.Server$Handler.run(Server.java:2932)&#10;&quot;ChunkWriter-2-0&quot; daemon prio=5 tid=3893 in Object.wait()&#10;java.lang.Thread.State: WAITING (on object monitor)&#10;        at sun.misc.Unsafe.park(Native Method)&#10;        at java.util.concurrent.locks.LockSupport.park(LockSupport.java:175)&#10;        at java.util.concurrent.locks.AbstractQueuedSynchronizer$ConditionObject.await(AbstractQueuedSynchronizer.java:2039)&#10;        at java.util.concurrent.LinkedBlockingDeque.takeFirst(LinkedBlockingDeque.java:492)&#10;        at java.util.concurrent.LinkedBlockingDeque.take(LinkedBlockingDeque.java:680)&#10;        at java.util.concurrent.ThreadPoolExecutor.getTask(ThreadPoolExecutor.java:1074)&#10;        at java.util.concurrent.ThreadPoolExecutor.runWorker(ThreadPoolExecutor.java:1134)&#10;        at java.util.concurrent.ThreadPoolExecutor$Worker.run(ThreadPoolExecutor.java:624)&#10;        at java.lang.Thread.run(Thread.java:748)&#10;&quot;2db57d0a-e0a4-4c64-8073-50a45d71dc35@group-07E8C718409E-SegmentedRaftLogWorker&quot;  prio=5 tid=3981 timed_waiting&#10;java.lang.Thread.State: TIMED_WAITING&#10;        at sun.misc.Unsafe.park(Native Method)&#10;        at java.util.concurrent.locks.LockSupport.parkNanos(LockSupport.java:215)&#10;        at java.util.concurrent.locks.AbstractQueuedSynchronizer$ConditionObject.awaitNanos(AbstractQueuedSynchronizer.java:2078)&#10;        at org.apache.ratis.util.DataBlockingQueue.poll(DataBlockingQueue.java:137)&#10;        at org.apache.ratis.server.raftlog.segmented.SegmentedRaftLogWorker.run(SegmentedRaftLogWorker.java:292)&#10;        at org.apache.ratis.server.raftlog.segmented.SegmentedRaftLogWorker$$Lambda$358/3735854.run(Unknown Source)&#10;        at java.lang.Thread.run(Thread.java:748)&#10;&quot;IPC Server handler 12 on default port 33951&quot; daemon prio=5 tid=164 timed_waiting&#10;java.lang.Thread.State: TIMED_WAITING&#10;        at sun.misc.Unsafe.park(Native Method)&#10;        at java.util.concurrent.locks.LockSupport.parkNanos(LockSupport.java:215)&#10;        at java.util.concurrent.locks.AbstractQueuedSynchronizer$ConditionObject.awaitNanos(AbstractQueuedSynchronizer.java:2078)&#10;        at java.util.concurrent.LinkedBlockingQueue.poll(LinkedBlockingQueue.java:467)&#10;        at org.apache.hadoop.ipc.CallQueueManager.take(CallQueueManager.java:317)&#10;        at org.apache.hadoop.ipc.Server$Handler.run(Server.java:2932)&#10;&quot;pool-441-thread-1&quot; daemon prio=5 tid=3968 timed_waiting&#10;java.lang.Thread.State: TIMED_WAITING&#10;        at sun.misc.Unsafe.park(Native Method)&#10;        at java.util.concurrent.locks.LockSupport.parkNanos(LockSupport.java:215)&#10;        at java.util.concurrent.locks.AbstractQueuedSynchronizer$ConditionObject.awaitNanos(AbstractQueuedSynchronizer.java:2078)&#10;        at java.util.concurrent.ScheduledThreadPoolExecutor$DelayedWorkQueue.take(ScheduledThreadPoolExecutor.java:1093)&#10;        at java.util.concurrent.ScheduledThreadPoolExecutor$DelayedWorkQueue.take(ScheduledThreadPoolExecutor.java:809)&#10;        at java.util.concurrent.ThreadPoolExecutor.getTask(ThreadPoolExecutor.java:1074)&#10;        at java.util.concurrent.ThreadPoolExecutor.runWorker(ThreadPoolExecutor.java:1134)&#10;        at java.util.concurrent.ThreadPoolExecutor$Worker.run(ThreadPoolExecutor.java:624)&#10;        at java.lang.Thread.run(Thread.java:748)&#10;&quot;org.apache.hadoop.util.JvmPauseMonitor$Monitor@20f918f4&quot; daemon prio=5 tid=3884 timed_waiting&#10;java.lang.Thread.State: TIMED_WAITING&#10;        at java.lang.Thread.sleep(Native Method)&#10;        at org.apache.hadoop.util.JvmPauseMonitor$Monitor.run(JvmPauseMonitor.java:192)&#10;        at java.lang.Thread.run(Thread.java:748)&#10;&quot;IPC Server handler 3 on default port 33951&quot; daemon prio=5 tid=155 timed_waiting&#10;java.lang.Thread.State: TIMED_WAITING&#10;        at sun.misc.Unsafe.park(Native Method)&#10;        at java.util.concurrent.locks.LockSupport.parkNanos(LockSupport.java:215)&#10;        at java.util.concurrent.locks.AbstractQueuedSynchronizer$ConditionObject.awaitNanos(AbstractQueuedSynchronizer.java:2078)&#10;        at java.util.concurrent.LinkedBlockingQueue.poll(LinkedBlockingQueue.java:467)&#10;        at org.apache.hadoop.ipc.CallQueueManager.take(CallQueueManager.java:317)&#10;        at org.apache.hadoop.ipc.Server$Handler.run(Server.java:2932)&#10;&quot;Datanode ReportManager Thread - 4&quot; daemon prio=5 tid=195 timed_waiting&#10;java.lang.Thread.State: TIMED_WAITING&#10;        at sun.misc.Unsafe.park(Native Method)&#10;        at java.util.concurrent.locks.LockSupport.parkNanos(LockSupport.java:215)&#10;        at java.util.concurrent.locks.AbstractQueuedSynchronizer$ConditionObject.awaitNanos(AbstractQueuedSynchronizer.java:2078)&#10;        at java.util.concurrent.ScheduledThreadPoolExecutor$DelayedWorkQueue.take(ScheduledThreadPoolExecutor.java:1093)&#10;        at java.util.concurrent.ScheduledThreadPoolExecutor$DelayedWorkQueue.take(ScheduledThreadPoolExecutor.java:809)&#10;        at java.util.concurrent.ThreadPoolExecutor.getTask(ThreadPoolExecutor.java:1074)&#10;        at java.util.concurrent.ThreadPoolExecutor.runWorker(ThreadPoolExecutor.java:1134)&#10;        at java.util.concurrent.ThreadPoolExecutor$Worker.run(ThreadPoolExecutor.java:624)&#10;        at java.lang.Thread.run(Thread.java:748)&#10;&quot;IPC Server handler 17 on default port 33951&quot; daemon prio=5 tid=169 timed_waiting&#10;java.lang.Thread.State: TIMED_WAITING&#10;        at sun.misc.Unsafe.park(Native Method)&#10;        at java.util.concurrent.locks.LockSupport.parkNanos(LockSupport.java:215)&#10;        at java.util.concurrent.locks.AbstractQueuedSynchronizer$ConditionObject.awaitNanos(AbstractQueuedSynchronizer.java:2078)&#10;        at java.util.concurrent.LinkedBlockingQueue.poll(LinkedBlockingQueue.java:467)&#10;        at org.apache.hadoop.ipc.CallQueueManager.take(CallQueueManager.java:317)&#10;        at org.apache.hadoop.ipc.Server$Handler.run(Server.java:2932)&#10;&quot;Datanode ReportManager Thread - 0&quot; daemon prio=5 tid=3989 in Object.wait()&#10;java.lang.Thread.State: WAITING (on object monitor)&#10;        at sun.misc.Unsafe.park(Native Method)&#10;        at java.util.concurrent.locks.LockSupport.park(LockSupport.java:175)&#10;        at java.util.concurrent.locks.AbstractQueuedSynchronizer$ConditionObject.await(AbstractQueuedSynchronizer.java:2039)&#10;        at java.util.concurrent.ScheduledThreadPoolExecutor$DelayedWorkQueue.take(ScheduledThreadPoolExecutor.java:1088)&#10;        at java.util.concurrent.ScheduledThreadPoolExecutor$DelayedWorkQueue.take(ScheduledThreadPoolExecutor.java:809)&#10;        at java.util.concurrent.ThreadPoolExecutor.getTask(ThreadPoolExecutor.java:1074)&#10;        at java.util.concurrent.ThreadPoolExecutor.runWorker(ThreadPoolExecutor.java:1134)&#10;        at java.util.concurrent.ThreadPoolExecutor$Worker.run(ThreadPoolExecutor.java:624)&#10;        at java.lang.Thread.run(Thread.java:748)&#10;&quot;IPC Server Responder&quot; daemon prio=5 tid=43 runnable&#10;java.lang.Thread.State: RUNNABLE&#10;        at sun.nio.ch.EPollArrayWrapper.epollWait(Native Method)&#10;        at sun.nio.ch.EPollArrayWrapper.poll(EPollArrayWrapper.java:269)&#10;        at sun.nio.ch.EPollSelectorImpl.doSelect(EPollSelectorImpl.java:93)&#10;        at sun.nio.ch.SelectorImpl.lockAndDoSelect(SelectorImpl.java:86)&#10;        at sun.nio.ch.SelectorImpl.select(SelectorImpl.java:97)&#10;        at org.apache.hadoop.ipc.Server$Responder.doRunLoop(Server.java:1527)&#10;        at org.apache.hadoop.ipc.Server$Responder.run(Server.java:1510)&#10;&quot;IPC Server handler 5 on default port 33951&quot; daemon prio=5 tid=157 timed_waiting&#10;java.lang.Thread.State: TIMED_WAITING&#10;        at sun.misc.Unsafe.park(Native Method)&#10;        at java.util.concurrent.locks.LockSupport.parkNanos(LockSupport.java:215)&#10;        at java.util.concurrent.locks.AbstractQueuedSynchronizer$ConditionObject.awaitNanos(AbstractQueuedSynchronizer.java:2078)&#10;        at java.util.concurrent.LinkedBlockingQueue.poll(LinkedBlockingQueue.java:467)&#10;        at org.apache.hadoop.ipc.CallQueueManager.take(CallQueueManager.java:317)&#10;        at org.apache.hadoop.ipc.Server$Handler.run(Server.java:2932)&#10;&quot;IPC Server handler 11 on default port 34953&quot; daemon prio=5 tid=59 timed_waiting&#10;java.lang.Thread.State: TIMED_WAITING&#10;        at sun.misc.Unsafe.park(Native Method)&#10;        at java.util.concurrent.locks.LockSupport.parkNanos(LockSupport.java:215)&#10;        at java.util.concurrent.locks.AbstractQueuedSynchronizer$ConditionObject.awaitNanos(AbstractQueuedSynchronizer.java:2078)&#10;        at java.util.concurrent.LinkedBlockingQueue.poll(LinkedBlockingQueue.java:467)&#10;        at org.apache.hadoop.ipc.CallQueueManager.take(CallQueueManager.java:317)&#10;        at org.apache.hadoop.ipc.Server$Handler.run(Server.java:2932)&#10;&quot;EventQueue-StaleNodeForStaleNodeHandler&quot; daemon prio=5 tid=3852 in Object.wait()&#10;java.lang.Thread.State: WAITING (on object monitor)&#10;        at sun.misc.Unsafe.park(Native Method)&#10;        at java.util.concurrent.locks.LockSupport.park(LockSupport.java:175)&#10;        at java.util.concurrent.locks.AbstractQueuedSynchronizer$ConditionObject.await(AbstractQueuedSynchronizer.java:2039)&#10;        at java.util.concurrent.LinkedBlockingQueue.take(LinkedBlockingQueue.java:442)&#10;        at java.util.concurrent.ThreadPoolExecutor.getTask(ThreadPoolExecutor.java:1074)&#10;        at java.util.concurrent.ThreadPoolExecutor.runWorker(ThreadPoolExecutor.java:1134)&#10;        at java.util.concurrent.ThreadPoolExecutor$Worker.run(ThreadPoolExecutor.java:624)&#10;        at java.lang.Thread.run(Thread.java:748)&#10;&quot;IPC Server handler 13 on default port 33951&quot; daemon prio=5 tid=165 timed_waiting&#10;java.lang.Thread.State: TIMED_WAITING&#10;        at sun.misc.Unsafe.park(Native Method)&#10;        at java.util.concurrent.locks.LockSupport.parkNanos(LockSupport.java:215)&#10;        at java.util.concurrent.locks.AbstractQueuedSynchronizer$ConditionObject.awaitNanos(AbstractQueuedSynchronizer.java:2078)&#10;        at java.util.concurrent.LinkedBlockingQueue.poll(LinkedBlockingQueue.java:467)&#10;        at org.apache.hadoop.ipc.CallQueueManager.take(CallQueueManager.java:317)&#10;        at org.apache.hadoop.ipc.Server$Handler.run(Server.java:2932)&#10;&quot;EndpointStateMachine task thread for /0.0.0.0:45219 - 0 &quot;  prio=5 tid=273 in Object.wait()&#10;java.lang.Thread.State: WAITING (on object monitor)&#10;        at sun.misc.Unsafe.park(Native Method)&#10;        at java.util.concurrent.locks.LockSupport.park(LockSupport.java:175)&#10;        at java.util.concurrent.locks.AbstractQueuedSynchronizer$ConditionObject.await(AbstractQueuedSynchronizer.java:2039)&#10;        at java.util.concurrent.LinkedBlockingQueue.take(LinkedBlockingQueue.java:442)&#10;        at java.util.concurrent.ThreadPoolExecutor.getTask(ThreadPoolExecutor.java:1074)&#10;        at java.util.concurrent.ThreadPoolExecutor.runWorker(ThreadPoolExecutor.java:1134)&#10;        at java.util.concurrent.ThreadPoolExecutor$Worker.run(ThreadPoolExecutor.java:624)&#10;        at java.lang.Thread.run(Thread.java:748)&#10;&quot;Listener at 127.0.0.1/33951&quot;  prio=5 tid=1 timed_waiting&#10;java.lang.Thread.State: TIMED_WAITING&#10;        at sun.misc.Unsafe.park(Native Method)&#10;        at java.util.concurrent.locks.LockSupport.parkNanos(LockSupport.java:215)&#10;        at java.util.concurrent.FutureTask.awaitDone(FutureTask.java:426)&#10;        at java.util.concurrent.FutureTask.get(FutureTask.java:204)&#10;        at org.junit.internal.runners.statements.FailOnTimeout.getResult(FailOnTimeout.java:156)&#10;        at org.junit.internal.runners.statements.FailOnTimeout.evaluate(FailOnTimeout.java:129)&#10;        at org.junit.runners.ParentRunner$3.evaluate(ParentRunner.java:306)&#10;        at org.junit.runners.BlockJUnit4ClassRunner$1.evaluate(BlockJUnit4ClassRunner.java:100)&#10;        at org.junit.runners.ParentRunner.runLeaf(ParentRunner.java:366)&#10;        at org.junit.runners.BlockJUnit4ClassRunner.runChild(BlockJUnit4ClassRunner.java:103)&#10;        at org.junit.runners.BlockJUnit4ClassRunner.runChild(BlockJUnit4ClassRunner.java:63)&#10;        at org.junit.runners.ParentRunner$4.run(ParentRunner.java:331)&#10;        at org.junit.runners.ParentRunner$1.schedule(ParentRunner.java:79)&#10;        at org.junit.runners.ParentRunner.runChildren(ParentRunner.java:329)&#10;        at org.junit.runners.ParentRunner.access$100(ParentRunner.java:66)&#10;        at org.junit.runners.ParentRunner$2.evaluate(ParentRunner.java:293)&#10;        at org.junit.internal.runners.statements.RunBefores.evaluate(RunBefores.java:26)&#10;        at org.junit.internal.runners.statements.RunAfters.evaluate(RunAfters.java:27)&#10;        at org.junit.runners.ParentRunner$3.evaluate(ParentRunner.java:306)&#10;        at org.junit.runners.ParentRunner.run(ParentRunner.java:413)&#10;        at org.junit.runner.JUnitCore.run(JUnitCore.java:137)&#10;        at org.junit.runner.JUnitCore.run(JUnitCore.java:115)&#10;        at org.junit.vintage.engine.execution.RunnerExecutor.execute(RunnerExecutor.java:43)&#10;        at org.junit.vintage.engine.VintageTestEngine$$Lambda$194/1415545023.accept(Unknown Source)&#10;        at java.util.stream.ForEachOps$ForEachOp$OfRef.accept(ForEachOps.java:183)&#10;        at java.util.stream.ReferencePipeline$3$1.accept(ReferencePipeline.java:193)&#10;        at java.util.Iterator.forEachRemaining(Iterator.java:116)&#10;        at java.util.Spliterators$IteratorSpliterator.forEachRemaining(Spliterators.java:1801)&#10;        at java.util.stream.AbstractPipeline.copyInto(AbstractPipeline.java:482)&#10;        at java.util.stream.AbstractPipeline.wrapAndCopyInto(AbstractPipeline.java:472)&#10;        at java.util.stream.ForEachOps$ForEachOp.evaluateSequential(ForEachOps.java:150)&#10;        at java.util.stream.ForEachOps$ForEachOp$OfRef.evaluateSequential(ForEachOps.java:173)&#10;        at java.util.stream.AbstractPipeline.evaluate(AbstractPipeline.java:234)&#10;        at java.util.stream.ReferencePipeline.forEach(ReferencePipeline.java:485)&#10;        at org.junit.vintage.engine.VintageTestEngine.executeAllChildren(VintageTestEngine.java:82)&#10;        at org.junit.vintage.engine.VintageTestEngine.execute(VintageTestEngine.java:73)&#10;        at org.junit.platform.launcher.core.EngineExecutionOrchestrator.execute(EngineExecutionOrchestrator.java:108)&#10;        at org.junit.platform.launcher.core.EngineExecutionOrchestrator.execute(EngineExecutionOrchestrator.java:88)&#10;        at org.junit.platform.launcher.core.EngineExecutionOrchestrator.lambda$execute$0(EngineExecutionOrchestrator.java:54)&#10;        at org.junit.platform.launcher.core.EngineExecutionOrchestrator$$Lambda$142/842957574.accept(Unknown Source)&#10;        at org.junit.platform.launcher.core.EngineExecutionOrchestrator.withInterceptedStreams(EngineExecutionOrchestrator.java:67)&#10;        at org.junit.platform.launcher.core.EngineExecutionOrchestrator.execute(EngineExecutionOrchestrator.java:52)&#10;        at org.junit.platform.launcher.core.DefaultLauncher.execute(DefaultLauncher.java:96)&#10;        at org.junit.platform.launcher.core.DefaultLauncher.execute(DefaultLauncher.java:75)&#10;        at org.apache.maven.surefire.junitplatform.JUnitPlatformProvider.invokeAllTests(JUnitPlatformProvider.java:142)&#10;        at org.apache.maven.surefire.junitplatform.JUnitPlatformProvider.invoke(JUnitPlatformProvider.java:113)&#10;        at org.apache.maven.surefire.booter.ForkedBooter.invokeProviderInSameClassLoader(ForkedBooter.java:384)&#10;        at org.apache.maven.surefire.booter.ForkedBooter.runSuitesInProcess(ForkedBooter.java:345)&#10;        at org.apache.maven.surefire.booter.ForkedBooter.execute(ForkedBooter.java:126)&#10;        at org.apache.maven.surefire.booter.ForkedBooter.main(ForkedBooter.java:418)&#10;&quot;BlockDeletingService#0&quot; daemon prio=5 tid=3900 timed_waiting&#10;java.lang.Thread.State: TIMED_WAITING&#10;        at sun.misc.Unsafe.park(Native Method)&#10;        at java.util.concurrent.locks.LockSupport.parkNanos(LockSupport.java:215)&#10;        at java.util.concurrent.locks.AbstractQueuedSynchronizer$ConditionObject.awaitNanos(AbstractQueuedSynchronizer.java:2078)&#10;        at java.util.concurrent.ScheduledThreadPoolExecutor$DelayedWorkQueue.take(ScheduledThreadPoolExecutor.java:1093)&#10;        at java.util.concurrent.ScheduledThreadPoolExecutor$DelayedWorkQueue.take(ScheduledThreadPoolExecutor.java:809)&#10;        at java.util.concurrent.ThreadPoolExecutor.getTask(ThreadPoolExecutor.java:1074)&#10;        at java.util.concurrent.ThreadPoolExecutor.runWorker(ThreadPoolExecutor.java:1134)&#10;        at java.util.concurrent.ThreadPoolExecutor$Worker.run(ThreadPoolExecutor.java:624)&#10;        at java.lang.Thread.run(Thread.java:748)&#10;&quot;ChunkWriter-0-0&quot; daemon prio=5 tid=3891 in Object.wait()&#10;java.lang.Thread.State: WAITING (on object monitor)&#10;        at sun.misc.Unsafe.park(Native Method)&#10;        at java.util.concurrent.locks.LockSupport.park(LockSupport.java:175)&#10;        at java.util.concurrent.locks.AbstractQueuedSynchronizer$ConditionObject.await(AbstractQueuedSynchronizer.java:2039)&#10;        at java.util.concurrent.LinkedBlockingDeque.takeFirst(LinkedBlockingDeque.java:492)&#10;        at java.util.concurrent.LinkedBlockingDeque.take(LinkedBlockingDeque.java:680)&#10;        at java.util.concurrent.ThreadPoolExecutor.getTask(ThreadPoolExecutor.java:1074)&#10;        at java.util.concurrent.ThreadPoolExecutor.runWorker(ThreadPoolExecutor.java:1134)&#10;        at java.util.concurrent.ThreadPoolExecutor$Worker.run(ThreadPoolExecutor.java:624)&#10;        at java.lang.Thread.run(Thread.java:748)&#10;&quot;EventQueue-NewNodeForNewNodeHandler&quot; daemon prio=5 tid=282 in Object.wait()&#10;java.lang.Thread.State: WAITING (on object monitor)&#10;        at sun.misc.Unsafe.park(Native Method)&#10;        at java.util.concurrent.locks.LockSupport.park(LockSupport.java:175)&#10;        at java.util.concurrent.locks.AbstractQueuedSynchronizer$ConditionObject.await(AbstractQueuedSynchronizer.java:2039)&#10;        at java.util.concurrent.LinkedBlockingQueue.take(LinkedBlockingQueue.java:442)&#10;        at java.util.concurrent.ThreadPoolExecutor.getTask(ThreadPoolExecutor.java:1074)&#10;        at java.util.concurrent.ThreadPoolExecutor.runWorker(ThreadPoolExecutor.java:1134)&#10;        at java.util.concurrent.ThreadPoolExecutor$Worker.run(ThreadPoolExecutor.java:624)&#10;        at java.lang.Thread.run(Thread.java:748)&#10;&quot;EventQueue-ContainerReportForContainerReportHandler&quot; daemon prio=5 tid=291 in Object.wait()&#10;java.lang.Thread.State: WAITING (on object monitor)&#10;        at sun.misc.Unsafe.park(Native Method)&#10;        at java.util.concurrent.locks.LockSupport.park(LockSupport.java:175)&#10;        at java.util.concurrent.locks.AbstractQueuedSynchronizer$ConditionObject.await(AbstractQueuedSynchronizer.java:2039)&#10;        at java.util.concurrent.LinkedBlockingQueue.take(LinkedBlockingQueue.java:442)&#10;        at java.util.concurrent.ThreadPoolExecutor.getTask(ThreadPoolExecutor.java:1074)&#10;        at java.util.concurrent.ThreadPoolExecutor.runWorker(ThreadPoolExecutor.java:1134)&#10;        at java.util.concurrent.ThreadPoolExecutor$Worker.run(ThreadPoolExecutor.java:624)&#10;        at java.lang.Thread.run(Thread.java:748)&#10;&quot;IPC Server idle connection scanner for port 44723&quot; daemon prio=5 tid=38 timed_waiting&#10;java.lang.Thread.State: TIMED_WAITING&#10;        at java.lang.Object.wait(Native Method)&#10;        at java.util.TimerThread.mainLoop(Timer.java:552)&#10;        at java.util.TimerThread.run(Timer.java:505)&#10;&quot;pool-460-thread-1&quot;  prio=5 tid=3970 in Object.wait()&#10;java.lang.Thread.State: WAITING (on object monitor)&#10;        at sun.misc.Unsafe.park(Native Method)&#10;        at java.util.concurrent.locks.LockSupport.park(LockSupport.java:175)&#10;        at java.util.concurrent.locks.AbstractQueuedSynchronizer$ConditionObject.await(AbstractQueuedSynchronizer.java:2039)&#10;        at java.util.concurrent.LinkedBlockingQueue.take(LinkedBlockingQueue.java:442)&#10;        at java.util.concurrent.ThreadPoolExecutor.getTask(ThreadPoolExecutor.java:1074)&#10;        at java.util.concurrent.ThreadPoolExecutor.runWorker(ThreadPoolExecutor.java:1134)&#10;        at java.util.concurrent.ThreadPoolExecutor$Worker.run(ThreadPoolExecutor.java:624)&#10;        at java.lang.Thread.run(Thread.java:748)&#10;&quot;IPC Server handler 8 on default port 45219&quot; daemon prio=5 tid=115 timed_waiting&#10;java.lang.Thread.State: TIMED_WAITING&#10;        at sun.misc.Unsafe.park(Native Method)&#10;        at java.util.concurrent.locks.LockSupport.parkNanos(LockSupport.java:215)&#10;        at java.util.concurrent.locks.AbstractQueuedSynchronizer$ConditionObject.awaitNanos(AbstractQueuedSynchronizer.java:2078)&#10;        at java.util.concurrent.LinkedBlockingQueue.poll(LinkedBlockingQueue.java:467)&#10;        at org.apache.hadoop.ipc.CallQueueManager.take(CallQueueManager.java:317)&#10;        at org.apache.hadoop.ipc.Server$Handler.run(Server.java:2932)&#10;&quot;IPC Server handler 18 on default port 44723&quot; daemon prio=5 tid=86 timed_waiting&#10;java.lang.Thread.State: TIMED_WAITING&#10;        at sun.misc.Unsafe.park(Native Method)&#10;        at java.util.concurrent.locks.LockSupport.parkNanos(LockSupport.java:215)&#10;        at java.util.concurrent.locks.AbstractQueuedSynchronizer$ConditionObject.awaitNanos(AbstractQueuedSynchronizer.java:2078)&#10;        at java.util.concurrent.LinkedBlockingQueue.poll(LinkedBlockingQueue.java:467)&#10;        at org.apache.hadoop.ipc.CallQueueManager.take(CallQueueManager.java:317)&#10;        at org.apache.hadoop.ipc.Server$Handler.run(Server.java:2932)&#10;&quot;PartialTableCache Cleanup Thread - 0&quot; daemon prio=5 tid=1583 in Object.wait()&#10;java.lang.Thread.State: WAITING (on object monitor)&#10;        at sun.misc.Unsafe.park(Native Method)&#10;        at java.util.concurrent.locks.LockSupport.park(LockSupport.java:175)&#10;        at java.util.concurrent.locks.AbstractQueuedSynchronizer$ConditionObject.await(AbstractQueuedSynchronizer.java:2039)&#10;        at java.util.concurrent.LinkedBlockingQueue.take(LinkedBlockingQueue.java:442)&#10;        at java.util.concurrent.ThreadPoolExecutor.getTask(ThreadPoolExecutor.java:1074)&#10;        at java.util.concurrent.ThreadPoolExecutor.runWorker(ThreadPoolExecutor.java:1134)&#10;        at java.util.concurrent.ThreadPoolExecutor$Worker.run(ThreadPoolExecutor.java:624)&#10;        at java.lang.Thread.run(Thread.java:748)&#10;&quot;om1@group-C5BA1605619E-StateMachineUpdater&quot; daemon prio=5 tid=131 in Object.wait()&#10;java.lang.Thread.State: WAITING (on object monitor)&#10;        at java.lang.Object.wait(Native Method)&#10;        at java.lang.Object.wait(Object.java:502)&#10;        at org.apache.ratis.server.impl.StateMachineUpdater.waitForCommit(StateMachineUpdater.java:204)&#10;        at org.apache.ratis.server.impl.StateMachineUpdater.run(StateMachineUpdater.java:173)&#10;        at java.lang.Thread.run(Thread.java:748)&#10;&quot;IPC Server idle connection scanner for port 33951&quot; daemon prio=5 tid=134 timed_waiting&#10;java.lang.Thread.State: TIMED_WAITING&#10;        at java.lang.Object.wait(Native Method)&#10;        at java.util.TimerThread.mainLoop(Timer.java:552)&#10;        at java.util.TimerThread.run(Timer.java:505)&#10;&quot;Time-limited test&quot; daemon prio=5 tid=3813 runnable&#10;java.lang.Thread.State: RUNNABLE&#10;        at java.lang.Thread.dumpThreads(Native Method)&#10;        at java.lang.Thread.getAllStackTraces(Thread.java:1610)&#10;        at org.apache.ozone.test.TimedOutTestsListener.buildThreadDump(TimedOutTestsListener.java:93)&#10;        at org.apache.ozone.test.TimedOutTestsListener.buildThreadDiagnosticString(TimedOutTestsListener.java:79)&#10;        at org.apache.ozone.test.GenericTestUtils.waitFor(GenericTestUtils.java:225)&#10;        at org.apache.hadoop.ozone.MiniOzoneClusterImpl.waitForHddsDatanodesStop(MiniOzoneClusterImpl.java:369)&#10;        at org.apache.hadoop.ozone.MiniOzoneClusterImpl.restartHddsDatanode(MiniOzoneClusterImpl.java:401)&#10;        at org.apache.hadoop.ozone.MiniOzoneClusterImpl.restartHddsDatanode(MiniOzoneClusterImpl.java:417)&#10;        at org.apache.hadoop.ozone.client.rpc.TestOzoneRpcClientAbstract.testZReadKeyWithUnhealthyContainerReplica(TestOzoneRpcClientAbstract.java:1617)&#10;        at sun.reflect.NativeMethodAccessorImpl.invoke0(Native Method)&#10;        at sun.reflect.NativeMethodAccessorImpl.invoke(NativeMethodAccessorImpl.java:62)&#10;        at sun.reflect.DelegatingMethodAccessorImpl.invoke(DelegatingMethodAccessorImpl.java:43)&#10;        at java.lang.reflect.Method.invoke(Method.java:498)&#10;        at org.junit.runners.model.FrameworkMethod$1.runReflectiveCall(FrameworkMethod.java:59)&#10;        at org.junit.internal.runners.model.ReflectiveCallable.run(ReflectiveCallable.java:12)&#10;        at org.junit.runners.model.FrameworkMethod.invokeExplosively(FrameworkMethod.java:56)&#10;        at org.junit.internal.runners.statements.InvokeMethod.evaluate(InvokeMethod.java:17)&#10;        at org.junit.internal.runners.statements.FailOnTimeout$CallableStatement.call(FailOnTimeout.java:288)&#10;        at org.junit.internal.runners.statements.FailOnTimeout$CallableStatement.call(FailOnTimeout.java:282)&#10;        at java.util.concurrent.FutureTask.run(FutureTask.java:266)&#10;        at java.lang.Thread.run(Thread.java:748)&#10;&quot;qtp1532850076-93&quot; daemon prio=5 tid=93 timed_waiting&#10;java.lang.Thread.State: TIMED_WAITING&#10;        at sun.misc.Unsafe.park(Native Method)&#10;        at java.util.concurrent.locks.LockSupport.parkNanos(LockSupport.java:215)&#10;        at java.util.concurrent.locks.AbstractQueuedSynchronizer$ConditionObject.awaitNanos(AbstractQueuedSynchronizer.java:2078)&#10;        at org.eclipse.jetty.util.BlockingArrayQueue.poll(BlockingArrayQueue.java:382)&#10;        at org.eclipse.jetty.util.thread.QueuedThreadPool$Runner.idleJobPoll(QueuedThreadPool.java:974)&#10;        at org.eclipse.jetty.util.thread.QueuedThreadPool$Runner.run(QueuedThreadPool.java:1018)&#10;        at java.lang.Thread.run(Thread.java:748)&#10;&quot;IPC Server Responder&quot; daemon prio=5 tid=135 runnable&#10;java.lang.Thread.State: RUNNABLE&#10;        at sun.nio.ch.EPollArrayWrapper.epollWait(Native Method)&#10;        at sun.nio.ch.EPollArrayWrapper.poll(EPollArrayWrapper.java:269)&#10;        at sun.nio.ch.EPollSelectorImpl.doSelect(EPollSelectorImpl.java:93)&#10;        at sun.nio.ch.SelectorImpl.lockAndDoSelect(SelectorImpl.java:86)&#10;        at sun.nio.ch.SelectorImpl.select(SelectorImpl.java:97)&#10;        at org.apache.hadoop.ipc.Server$Responder.doRunLoop(Server.java:1527)&#10;        at org.apache.hadoop.ipc.Server$Responder.run(Server.java:1510)&#10;&quot;qtp1532850076-95&quot; daemon prio=5 tid=95 timed_waiting&#10;java.lang.Thread.State: TIMED_WAITING&#10;        at sun.misc.Unsafe.park(Native Method)&#10;        at java.util.concurrent.locks.LockSupport.parkNanos(LockSupport.java:215)&#10;        at java.util.concurrent.locks.AbstractQueuedSynchronizer$ConditionObject.awaitNanos(AbstractQueuedSynchronizer.java:2078)&#10;        at org.eclipse.jetty.util.BlockingArrayQueue.poll(BlockingArrayQueue.java:382)&#10;        at org.eclipse.jetty.util.thread.QueuedThreadPool$Runner.idleJobPoll(QueuedThreadPool.java:974)&#10;        at org.eclipse.jetty.util.thread.QueuedThreadPool$Runner.run(QueuedThreadPool.java:1018)&#10;        at java.lang.Thread.run(Thread.java:748)&#10;&quot;IPC Server handler 8 on default port 44723&quot; daemon prio=5 tid=76 timed_waiting&#10;java.lang.Thread.State: TIMED_WAITING&#10;        at sun.misc.Unsafe.park(Native Method)&#10;        at java.util.concurrent.locks.LockSupport.parkNanos(LockSupport.java:215)&#10;        at java.util.concurrent.locks.AbstractQueuedSynchronizer$ConditionObject.awaitNanos(AbstractQueuedSynchronizer.java:2078)&#10;        at java.util.concurrent.LinkedBlockingQueue.poll(LinkedBlockingQueue.java:467)&#10;        at org.apache.hadoop.ipc.CallQueueManager.take(CallQueueManager.java:317)&#10;        at org.apache.hadoop.ipc.Server$Handler.run(Server.java:2932)&#10;&quot;ac1ecc7d-e450-4f4f-aef6-4be964bb036f@group-4E713CE930C0-LeaderStateImpl&quot; daemon prio=5 tid=106 timed_waiting&#10;java.lang.Thread.State: TIMED_WAITING&#10;        at sun.misc.Unsafe.park(Native Method)&#10;        at java.util.concurrent.locks.LockSupport.parkNanos(LockSupport.java:215)&#10;        at java.util.concurrent.locks.AbstractQueuedSynchronizer$ConditionObject.awaitNanos(AbstractQueuedSynchronizer.java:2078)&#10;        at java.util.concurrent.ArrayBlockingQueue.poll(ArrayBlockingQueue.java:418)&#10;        at org.apache.ratis.server.impl.LeaderStateImpl$EventQueue.poll(LeaderStateImpl.java:156)&#10;        at org.apache.ratis.server.impl.LeaderStateImpl$EventProcessor.run(LeaderStateImpl.java:600)&#10;&quot;process reaper&quot; daemon prio=10 tid=11 timed_waiting&#10;java.lang.Thread.State: TIMED_WAITING&#10;        at sun.misc.Unsafe.park(Native Method)&#10;        at java.util.concurrent.locks.LockSupport.parkNanos(LockSupport.java:215)&#10;        at java.util.concurrent.SynchronousQueue$TransferStack.awaitFulfill(SynchronousQueue.java:460)&#10;        at java.util.concurrent.SynchronousQueue$TransferStack.transfer(SynchronousQueue.java:362)&#10;        at java.util.concurrent.SynchronousQueue.poll(SynchronousQueue.java:941)&#10;        at java.util.concurrent.ThreadPoolExecutor.getTask(ThreadPoolExecutor.java:1073)&#10;        at java.util.concurrent.ThreadPoolExecutor.runWorker(ThreadPoolExecutor.java:1134)&#10;        at java.util.concurrent.ThreadPoolExecutor$Worker.run(ThreadPoolExecutor.java:624)&#10;        at java.lang.Thread.run(Thread.java:748)&#10;&quot;IPC Server listener on 0&quot; daemon prio=5 tid=40 runnable&#10;java.lang.Thread.State: RUNNABLE&#10;        at sun.nio.ch.EPollArrayWrapper.epollWait(Native Method)&#10;        at sun.nio.ch.EPollArrayWrapper.poll(EPollArrayWrapper.java:269)&#10;        at sun.nio.ch.EPollSelectorImpl.doSelect(EPollSelectorImpl.java:93)&#10;        at sun.nio.ch.SelectorImpl.lockAndDoSelect(SelectorImpl.java:86)&#10;        at sun.nio.ch.SelectorImpl.select(SelectorImpl.java:97)&#10;        at sun.nio.ch.SelectorImpl.select(SelectorImpl.java:101)&#10;        at org.apache.hadoop.ipc.Server$Listener.run(Server.java:1350)&#10;&quot;IPC Server handler 16 on default port 34953&quot; daemon prio=5 tid=64 timed_waiting&#10;java.lang.Thread.State: TIMED_WAITING&#10;        at sun.misc.Unsafe.park(Native Method)&#10;        at java.util.concurrent.locks.LockSupport.parkNanos(LockSupport.java:215)&#10;        at java.util.concurrent.locks.AbstractQueuedSynchronizer$ConditionObject.awaitNanos(AbstractQueuedSynchronizer.java:2078)&#10;        at java.util.concurrent.LinkedBlockingQueue.poll(LinkedBlockingQueue.java:467)&#10;        at org.apache.hadoop.ipc.CallQueueManager.take(CallQueueManager.java:317)&#10;        at org.apache.hadoop.ipc.Server$Handler.run(Server.java:2932)&#10;&quot;BlockDeletingService#2&quot; daemon prio=5 tid=4085 in Object.wait()&#10;java.lang.Thread.State: WAITING (on object monitor)&#10;        at sun.misc.Unsafe.park(Native Method)&#10;        at java.util.concurrent.locks.LockSupport.park(LockSupport.java:175)&#10;        at java.util.concurrent.locks.AbstractQueuedSynchronizer$ConditionObject.await(AbstractQueuedSynchronizer.java:2039)&#10;        at java.util.concurrent.ScheduledThreadPoolExecutor$DelayedWorkQueue.take(ScheduledThreadPoolExecutor.java:1088)&#10;        at java.util.concurrent.ScheduledThreadPoolExecutor$DelayedWorkQueue.take(ScheduledThreadPoolExecutor.java:809)&#10;        at java.util.concurrent.ThreadPoolExecutor.getTask(ThreadPoolExecutor.java:1074)&#10;        at java.util.concurrent.ThreadPoolExecutor.runWorker(ThreadPoolExecutor.java:1134)&#10;        at java.util.concurrent.ThreadPoolExecutor$Worker.run(ThreadPoolExecutor.java:624)&#10;        at java.lang.Thread.run(Thread.java:748)&#10;&quot;Command processor thread&quot; daemon prio=5 tid=3994 timed_waiting&#10;java.lang.Thread.State: TIMED_WAITING&#10;        at java.lang.Thread.sleep(Native Method)&#10;        at org.apache.hadoop.ozone.container.common.statemachine.DatanodeStateMachine.lambda$initCommandHandlerThread$2(DatanodeStateMachine.java:577)&#10;        at org.apache.hadoop.ozone.container.common.statemachine.DatanodeStateMachine$$Lambda$712/1433067593.run(Unknown Source)&#10;        at java.lang.Thread.run(Thread.java:748)&#10;&quot;IPC Server handler 6 on default port 44723&quot; daemon prio=5 tid=74 timed_waiting&#10;java.lang.Thread.State: TIMED_WAITING&#10;        at sun.misc.Unsafe.park(Native Method)&#10;        at java.util.concurrent.locks.LockSupport.parkNanos(LockSupport.java:215)&#10;        at java.util.concurrent.locks.AbstractQueuedSynchronizer$ConditionObject.awaitNanos(AbstractQueuedSynchronizer.java:2078)&#10;        at java.util.concurrent.LinkedBlockingQueue.poll(LinkedBlockingQueue.java:467)&#10;        at org.apache.hadoop.ipc.CallQueueManager.take(CallQueueManager.java:317)&#10;        at org.apache.hadoop.ipc.Server$Handler.run(Server.java:2932)&#10;&quot;pool-24-thread-1&quot;  prio=5 tid=90 timed_waiting&#10;java.lang.Thread.State: TIMED_WAITING&#10;        at sun.misc.Unsafe.park(Native Method)&#10;        at java.util.concurrent.locks.LockSupport.parkNanos(LockSupport.java:215)&#10;        at java.util.concurrent.locks.AbstractQueuedSynchronizer$ConditionObject.awaitNanos(AbstractQueuedSynchronizer.java:2078)&#10;        at java.util.concurrent.ScheduledThreadPoolExecutor$DelayedWorkQueue.take(ScheduledThreadPoolExecutor.java:1093)&#10;        at java.util.concurrent.ScheduledThreadPoolExecutor$DelayedWorkQueue.take(ScheduledThreadPoolExecutor.java:809)&#10;        at java.util.concurrent.ThreadPoolExecutor.getTask(ThreadPoolExecutor.java:1074)&#10;        at java.util.concurrent.ThreadPoolExecutor.runWorker(ThreadPoolExecutor.java:1134)&#10;        at java.util.concurrent.ThreadPoolExecutor$Worker.run(ThreadPoolExecutor.java:624)&#10;        at java.lang.Thread.run(Thread.java:748)&#10;&quot;qtp1684038962-3982&quot; daemon prio=5 tid=3982 timed_waiting&#10;java.lang.Thread.State: TIMED_WAITING&#10;        at sun.misc.Unsafe.park(Native Method)&#10;        at java.util.concurrent.locks.LockSupport.parkNanos(LockSupport.java:215)&#10;        at java.util.concurrent.locks.AbstractQueuedSynchronizer$ConditionObject.awaitNanos(AbstractQueuedSynchronizer.java:2078)&#10;        at org.eclipse.jetty.util.BlockingArrayQueue.poll(BlockingArrayQueue.java:382)&#10;        at org.eclipse.jetty.util.thread.QueuedThreadPool$Runner.idleJobPoll(QueuedThreadPool.java:974)&#10;        at org.eclipse.jetty.util.thread.QueuedThreadPool$Runner.run(QueuedThreadPool.java:1018)&#10;        at java.lang.Thread.run(Thread.java:748)&#10;&quot;pool-417-thread-1&quot;  prio=5 tid=3859 in Object.wait()&#10;java.lang.Thread.State: WAITING (on object monitor)&#10;        at sun.misc.Unsafe.park(Native Method)&#10;        at java.util.concurrent.locks.LockSupport.park(LockSupport.java:175)&#10;        at java.util.concurrent.locks.AbstractQueuedSynchronizer$ConditionObject.await(AbstractQueuedSynchronizer.java:2039)&#10;        at java.util.concurrent.LinkedBlockingQueue.take(LinkedBlockingQueue.java:442)&#10;        at java.util.concurrent.ThreadPoolExecutor.getTask(ThreadPoolExecutor.java:1074)&#10;        at java.util.concurrent.ThreadPoolExecutor.runWorker(ThreadPoolExecutor.java:1134)&#10;        at java.util.concurrent.ThreadPoolExecutor$Worker.run(ThreadPoolExecutor.java:624)&#10;        at java.lang.Thread.run(Thread.java:748)&#10;&quot;qtp1532850076-98&quot; daemon prio=5 tid=98 timed_waiting&#10;java.lang.Thread.State: TIMED_WAITING&#10;        at sun.misc.Unsafe.park(Native Method)&#10;        at java.util.concurrent.locks.LockSupport.parkNanos(LockSupport.java:215)&#10;        at java.util.concurrent.locks.AbstractQueuedSynchronizer$ConditionObject.awaitNanos(AbstractQueuedSynchronizer.java:2078)&#10;        at org.eclipse.jetty.util.BlockingArrayQueue.poll(BlockingArrayQueue.java:382)&#10;        at org.eclipse.jetty.util.thread.QueuedThreadPool$Runner.idleJobPoll(QueuedThreadPool.java:974)&#10;        at org.eclipse.jetty.util.thread.QueuedThreadPool$Runner.run(QueuedThreadPool.java:1018)&#10;        at java.lang.Thread.run(Thread.java:748)&#10;&quot;qtp224406115-3866&quot; daemon prio=5 tid=3866 timed_waiting&#10;java.lang.Thread.State: TIMED_WAITING&#10;        at sun.misc.Unsafe.park(Native Method)&#10;        at java.util.concurrent.locks.LockSupport.parkNanos(LockSupport.java:215)&#10;        at java.util.concurrent.locks.AbstractQueuedSynchronizer$ConditionObject.awaitNanos(AbstractQueuedSynchronizer.java:2078)&#10;        at org.eclipse.jetty.util.BlockingArrayQueue.poll(BlockingArrayQueue.java:382)&#10;        at org.eclipse.jetty.util.thread.QueuedThreadPool$Runner.idleJobPoll(QueuedThreadPool.java:974)&#10;        at org.eclipse.jetty.util.thread.QueuedThreadPool$Runner.run(QueuedThreadPool.java:1018)&#10;        at java.lang.Thread.run(Thread.java:748)&#10;&quot;qtp1684038962-3977&quot; daemon prio=5 tid=3977 timed_waiting&#10;java.lang.Thread.State: TIMED_WAITING&#10;        at sun.misc.Unsafe.park(Native Method)&#10;        at java.util.concurrent.locks.LockSupport.parkNanos(LockSupport.java:215)&#10;        at java.util.concurrent.locks.AbstractQueuedSynchronizer$ConditionObject.awaitNanos(AbstractQueuedSynchronizer.java:2078)&#10;        at org.eclipse.jetty.util.BlockingArrayQueue.poll(BlockingArrayQueue.java:382)&#10;        at org.eclipse.jetty.util.thread.QueuedThreadPool$Runner.idleJobPoll(QueuedThreadPool.java:974)&#10;        at org.eclipse.jetty.util.thread.QueuedThreadPool$Runner.run(QueuedThreadPool.java:1018)&#10;        at java.lang.Thread.run(Thread.java:748)&#10;&quot;EventQueue-PipelineReportForOneReplicaPipelineSafeModeRule&quot; daemon prio=5 tid=287 in Object.wait()&#10;java.lang.Thread.State: WAITING (on object monitor)&#10;        at sun.misc.Unsafe.park(Native Method)&#10;        at java.util.concurrent.locks.LockSupport.park(LockSupport.java:175)&#10;        at java.util.concurrent.locks.AbstractQueuedSynchronizer$ConditionObject.await(AbstractQueuedSynchronizer.java:2039)&#10;        at java.util.concurrent.LinkedBlockingQueue.take(LinkedBlockingQueue.java:442)&#10;        at java.util.concurrent.ThreadPoolExecutor.getTask(ThreadPoolExecutor.java:1074)&#10;        at java.util.concurrent.ThreadPoolExecutor.runWorker(ThreadPoolExecutor.java:1134)&#10;        at java.util.concurrent.ThreadPoolExecutor$Worker.run(ThreadPoolExecutor.java:624)&#10;        at java.lang.Thread.run(Thread.java:748)&#10;&quot;IPC Server handler 18 on default port 33951&quot; daemon prio=5 tid=170 timed_waiting&#10;java.lang.Thread.State: TIMED_WAITING&#10;        at sun.misc.Unsafe.park(Native Method)&#10;        at java.util.concurrent.locks.LockSupport.parkNanos(LockSupport.java:215)&#10;        at java.util.concurrent.locks.AbstractQueuedSynchronizer$ConditionObject.awaitNanos(AbstractQueuedSynchronizer.java:2078)&#10;        at java.util.concurrent.LinkedBlockingQueue.poll(LinkedBlockingQueue.java:467)&#10;        at org.apache.hadoop.ipc.CallQueueManager.take(CallQueueManager.java:317)&#10;        at org.apache.hadoop.ipc.Server$Handler.run(Server.java:2932)&#10;&quot;org.apache.ratis.util.JvmPauseMonitor$$Lambda$422/823775087@47cf65f1&quot; daemon prio=5 tid=45 timed_waiting&#10;java.lang.Thread.State: TIMED_WAITING&#10;        at java.lang.Thread.sleep(Native Method)&#10;        at java.lang.Thread.sleep(Thread.java:340)&#10;        at java.util.concurrent.TimeUnit.sleep(TimeUnit.java:386)&#10;        at org.apache.ratis.util.TimeDuration.sleep(TimeDuration.java:324)&#10;        at org.apache.ratis.util.TimeDuration.sleep(TimeDuration.java:309)&#10;        at org.apache.ratis.util.JvmPauseMonitor.detectPause(JvmPauseMonitor.java:117)&#10;        at org.apache.ratis.util.JvmPauseMonitor.run(JvmPauseMonitor.java:106)&#10;        at org.apache.ratis.util.JvmPauseMonitor$$Lambda$422/823775087.run(Unknown Source)&#10;        at java.lang.Thread.run(Thread.java:748)&#10;&quot;IPC Server handler 17 on default port 45219&quot; daemon prio=5 tid=124 timed_waiting&#10;java.lang.Thread.State: TIMED_WAITING&#10;        at sun.misc.Unsafe.park(Native Method)&#10;        at java.util.concurrent.locks.LockSupport.parkNanos(LockSupport.java:215)&#10;        at java.util.concurrent.locks.AbstractQueuedSynchronizer$ConditionObject.awaitNanos(AbstractQueuedSynchronizer.java:2078)&#10;        at java.util.concurrent.LinkedBlockingQueue.poll(LinkedBlockingQueue.java:467)&#10;        at org.apache.hadoop.ipc.CallQueueManager.take(CallQueueManager.java:317)&#10;        at org.apache.hadoop.ipc.Server$Handler.run(Server.java:2932)&#10;&quot;pool-16-thread-1&quot;  prio=5 tid=24 in Object.wait()&#10;java.lang.Thread.State: WAITING (on object monitor)&#10;        at sun.misc.Unsafe.park(Native Method)&#10;        at java.util.concurrent.locks.LockSupport.park(LockSupport.java:175)&#10;        at java.util.concurrent.locks.AbstractQueuedSynchronizer$ConditionObject.await(AbstractQueuedSynchronizer.java:2039)&#10;        at java.util.concurrent.LinkedBlockingQueue.take(LinkedBlockingQueue.java:442)&#10;        at java.util.concurrent.ThreadPoolExecutor.getTask(ThreadPoolExecutor.java:1074)&#10;        at java.util.concurrent.ThreadPoolExecutor.runWorker(ThreadPoolExecutor.java:1134)&#10;        at java.util.concurrent.ThreadPoolExecutor$Worker.run(ThreadPoolExecutor.java:624)&#10;        at java.lang.Thread.run(Thread.java:748)&#10;&quot;Session-HouseKeeper-27949299-1&quot;  prio=5 tid=3985 timed_waiting&#10;java.lang.Thread.State: TIMED_WAITING&#10;        at sun.misc.Unsafe.park(Native Method)&#10;        at java.util.concurrent.locks.LockSupport.parkNanos(LockSupport.java:215)&#10;        at java.util.concurrent.locks.AbstractQueuedSynchronizer$ConditionObject.awaitNanos(AbstractQueuedSynchronizer.java:2078)&#10;        at java.util.concurrent.ScheduledThreadPoolExecutor$DelayedWorkQueue.take(ScheduledThreadPoolExecutor.java:1093)&#10;        at java.util.concurrent.ScheduledThreadPoolExecutor$DelayedWorkQueue.take(ScheduledThreadPoolExecutor.java:809)&#10;        at java.util.concurrent.ThreadPoolExecutor.getTask(ThreadPoolExecutor.java:1074)&#10;        at java.util.concurrent.ThreadPoolExecutor.runWorker(ThreadPoolExecutor.java:1134)&#10;        at java.util.concurrent.ThreadPoolExecutor$Worker.run(ThreadPoolExecutor.java:624)&#10;        at java.lang.Thread.run(Thread.java:748)&#10;&quot;IPC Server handler 3 on default port 45219&quot; daemon prio=5 tid=110 timed_waiting&#10;java.lang.Thread.State: TIMED_WAITING&#10;        at sun.misc.Unsafe.park(Native Method)&#10;        at java.util.concurrent.locks.LockSupport.parkNanos(LockSupport.java:215)&#10;        at java.util.concurrent.locks.AbstractQueuedSynchronizer$ConditionObject.awaitNanos(AbstractQueuedSynchronizer.java:2078)&#10;        at java.util.concurrent.LinkedBlockingQueue.poll(LinkedBlockingQueue.java:467)&#10;        at org.apache.hadoop.ipc.CallQueueManager.take(CallQueueManager.java:317)&#10;        at org.apache.hadoop.ipc.Server$Handler.run(Server.java:2932)&#10;&quot;grpc-default-boss-ELG-1-1&quot; daemon prio=5 tid=19 runnable&#10;java.lang.Thread.State: RUNNABLE&#10;        at org.apache.ratis.thirdparty.io.netty.channel.epoll.Native.epollWait(Native Method)&#10;        at org.apache.ratis.thirdparty.io.netty.channel.epoll.Native.epollWait(Native.java:177)&#10;        at org.apache.ratis.thirdparty.io.netty.channel.epoll.Native.epollWait(Native.java:170)&#10;        at org.apache.ratis.thirdparty.io.netty.channel.epoll.EpollEventLoop.epollWaitNoTimerChange(EpollEventLoop.java:290)&#10;        at org.apache.ratis.thirdparty.io.netty.channel.epoll.EpollEventLoop.run(EpollEventLoop.java:347)&#10;        at org.apache.ratis.thirdparty.io.netty.util.concurrent.SingleThreadEventExecutor$4.run(SingleThreadEventExecutor.java:989)&#10;        at org.apache.ratis.thirdparty.io.netty.util.internal.ThreadExecutorMap$2.run(ThreadExecutorMap.java:74)&#10;        at org.apache.ratis.thirdparty.io.netty.util.concurrent.FastThreadLocalRunnable.run(FastThreadLocalRunnable.java:30)&#10;        at java.lang.Thread.run(Thread.java:748)&#10;&quot;Timer-0&quot;  prio=5 tid=139 timed_waiting&#10;java.lang.Thread.State: TIMED_WAITING&#10;        at java.lang.Object.wait(Native Method)&#10;        at java.util.TimerThread.mainLoop(Timer.java:552)&#10;        at java.util.TimerThread.run(Timer.java:505)&#10;&quot;pool-398-thread-1&quot; daemon prio=5 tid=3857 timed_waiting&#10;java.lang.Thread.State: TIMED_WAITING&#10;        at sun.misc.Unsafe.park(Native Method)&#10;        at java.util.concurrent.locks.LockSupport.parkNanos(LockSupport.java:215)&#10;        at java.util.concurrent.locks.AbstractQueuedSynchronizer$ConditionObject.awaitNanos(AbstractQueuedSynchronizer.java:2078)&#10;        at java.util.concurrent.ScheduledThreadPoolExecutor$DelayedWorkQueue.take(ScheduledThreadPoolExecutor.java:1093)&#10;        at java.util.concurrent.ScheduledThreadPoolExecutor$DelayedWorkQueue.take(ScheduledThreadPoolExecutor.java:809)&#10;        at java.util.concurrent.ThreadPoolExecutor.getTask(ThreadPoolExecutor.java:1074)&#10;        at java.util.concurrent.ThreadPoolExecutor.runWorker(ThreadPoolExecutor.java:1134)&#10;        at java.util.concurrent.ThreadPoolExecutor$Worker.run(ThreadPoolExecutor.java:624)&#10;        at java.lang.Thread.run(Thread.java:748)&#10;&quot;IPC Server handler 9 on default port 33951&quot; daemon prio=5 tid=161 timed_waiting&#10;java.lang.Thread.State: TIMED_WAITING&#10;        at sun.misc.Unsafe.park(Native Method)&#10;        at java.util.concurrent.locks.LockSupport.parkNanos(LockSupport.java:215)&#10;        at java.util.concurrent.locks.AbstractQueuedSynchronizer$ConditionObject.awaitNanos(AbstractQueuedSynchronizer.java:2078)&#10;        at java.util.concurrent.LinkedBlockingQueue.poll(LinkedBlockingQueue.java:467)&#10;        at org.apache.hadoop.ipc.CallQueueManager.take(CallQueueManager.java:317)&#10;        at org.apache.hadoop.ipc.Server$Handler.run(Server.java:2932)&#10;&quot;IPC Server handler 2 on default port 33951&quot; daemon prio=5 tid=154 timed_waiting&#10;java.lang.Thread.State: TIMED_WAITING&#10;        at sun.misc.Unsafe.park(Native Method)&#10;        at java.util.concurrent.locks.LockSupport.parkNanos(LockSupport.java:215)&#10;        at java.util.concurrent.locks.AbstractQueuedSynchronizer$ConditionObject.awaitNanos(AbstractQueuedSynchronizer.java:2078)&#10;        at java.util.concurrent.LinkedBlockingQueue.poll(LinkedBlockingQueue.java:467)&#10;        at org.apache.hadoop.ipc.CallQueueManager.take(CallQueueManager.java:317)&#10;        at org.apache.hadoop.ipc.Server$Handler.run(Server.java:2932)&#10;&quot;IPC Server handler 5 on default port 34953&quot; daemon prio=5 tid=53 timed_waiting&#10;java.lang.Thread.State: TIMED_WAITING&#10;        at sun.misc.Unsafe.park(Native Method)&#10;        at java.util.concurrent.locks.LockSupport.parkNanos(LockSupport.java:215)&#10;        at java.util.concurrent.locks.AbstractQueuedSynchronizer$ConditionObject.awaitNanos(AbstractQueuedSynchronizer.java:2078)&#10;        at java.util.concurrent.LinkedBlockingQueue.poll(LinkedBlockingQueue.java:467)&#10;        at org.apache.hadoop.ipc.CallQueueManager.take(CallQueueManager.java:317)&#10;        at org.apache.hadoop.ipc.Server$Handler.run(Server.java:2932)&#10;&quot;surefire-forkedjvm-command-thread&quot; daemon prio=5 tid=9 runnable&#10;java.lang.Thread.State: RUNNABLE&#10;        at java.io.FileInputStream.readBytes(Native Method)&#10;        at java.io.FileInputStream.read(FileInputStream.java:255)&#10;        at java.io.BufferedInputStream.fill(BufferedInputStream.java:246)&#10;        at java.io.BufferedInputStream.read(BufferedInputStream.java:265)&#10;        at java.io.DataInputStream.readInt(DataInputStream.java:387)&#10;        at org.apache.maven.surefire.booter.MasterProcessCommand.decode(MasterProcessCommand.java:115)&#10;        at org.apache.maven.surefire.booter.CommandReader$CommandRunnable.run(CommandReader.java:390)&#10;        at java.lang.Thread.run(Thread.java:748)&#10;&quot;fbc88013-4e58-4ce2-8f92-86967c0fe77f@group-391B68ECE783-StateMachineUpdater&quot; daemon prio=5 tid=3941 in Object.wait()&#10;java.lang.Thread.State: WAITING (on object monitor)&#10;        at java.lang.Object.wait(Native Method)&#10;        at java.lang.Object.wait(Object.java:502)&#10;        at org.apache.ratis.server.impl.StateMachineUpdater.waitForCommit(StateMachineUpdater.java:204)&#10;        at org.apache.ratis.server.impl.StateMachineUpdater.run(StateMachineUpdater.java:173)&#10;        at java.lang.Thread.run(Thread.java:748)&#10;&quot;Datanode ReportManager Thread - 2&quot; daemon prio=5 tid=3880 in Object.wait()&#10;java.lang.Thread.State: WAITING (on object monitor)&#10;        at sun.misc.Unsafe.park(Native Method)&#10;        at java.util.concurrent.locks.LockSupport.park(LockSupport.java:175)&#10;        at java.util.concurrent.locks.AbstractQueuedSynchronizer$ConditionObject.await(AbstractQueuedSynchronizer.java:2039)&#10;        at java.util.concurrent.ScheduledThreadPoolExecutor$DelayedWorkQueue.take(ScheduledThreadPoolExecutor.java:1088)&#10;        at java.util.concurrent.ScheduledThreadPoolExecutor$DelayedWorkQueue.take(ScheduledThreadPoolExecutor.java:809)&#10;        at java.util.concurrent.ThreadPoolExecutor.getTask(ThreadPoolExecutor.java:1074)&#10;        at java.util.concurrent.ThreadPoolExecutor.runWorker(ThreadPoolExecutor.java:1134)&#10;        at java.util.concurrent.ThreadPoolExecutor$Worker.run(ThreadPoolExecutor.java:624)&#10;        at java.lang.Thread.run(Thread.java:748)&#10;&quot;IPC Server handler 1 on default port 33951&quot; daemon prio=5 tid=153 timed_waiting&#10;java.lang.Thread.State: TIMED_WAITING&#10;        at sun.misc.Unsafe.park(Native Method)&#10;        at java.util.concurrent.locks.LockSupport.parkNanos(LockSupport.java:215)&#10;        at java.util.concurrent.locks.AbstractQueuedSynchronizer$ConditionObject.awaitNanos(AbstractQueuedSynchronizer.java:2078)&#10;        at java.util.concurrent.LinkedBlockingQueue.poll(LinkedBlockingQueue.java:467)&#10;        at org.apache.hadoop.ipc.CallQueueManager.take(CallQueueManager.java:317)&#10;        at org.apache.hadoop.ipc.Server$Handler.run(Server.java:2932)&#10;&quot;IPC Server handler 0 on default port 45219&quot; daemon prio=5 tid=107 timed_waiting&#10;java.lang.Thread.State: TIMED_WAITING&#10;        at sun.misc.Unsafe.park(Native Method)&#10;        at java.util.concurrent.locks.LockSupport.parkNanos(LockSupport.java:215)&#10;        at java.util.concurrent.locks.AbstractQueuedSynchronizer$ConditionObject.awaitNanos(AbstractQueuedSynchronizer.java:2078)&#10;        at java.util.concurrent.LinkedBlockingQueue.poll(LinkedBlockingQueue.java:467)&#10;        at org.apache.hadoop.ipc.CallQueueManager.take(CallQueueManager.java:317)&#10;        at org.apache.hadoop.ipc.Server$Handler.run(Server.java:2932)&#10;&quot;OMDoubleBufferFlushThread&quot; daemon prio=5 tid=128 timed_waiting&#10;java.lang.Thread.State: TIMED_WAITING&#10;        at java.lang.Object.wait(Native Method)&#10;        at org.apache.hadoop.ozone.om.ratis.OzoneManagerDoubleBuffer.canFlush(OzoneManagerDoubleBuffer.java:509)&#10;        at org.apache.hadoop.ozone.om.ratis.OzoneManagerDoubleBuffer.flushTransactions(OzoneManagerDoubleBuffer.java:241)&#10;        at org.apache.hadoop.ozone.om.ratis.OzoneManagerDoubleBuffer$$Lambda$674/136916074.run(Unknown Source)&#10;        at java.lang.Thread.run(Thread.java:748)&#10;&quot;EventQueue-NodeReportForNodeReportHandler&quot; daemon prio=5 tid=3929 in Object.wait()&#10;java.lang.Thread.State: WAITING (on object monitor)&#10;        at sun.misc.Unsafe.park(Native Method)&#10;        at java.util.concurrent.locks.LockSupport.park(LockSupport.java:175)&#10;        at java.util.concurrent.locks.AbstractQueuedSynchronizer$ConditionObject.await(AbstractQueuedSynchronizer.java:2039)&#10;        at java.util.concurrent.LinkedBlockingQueue.take(LinkedBlockingQueue.java:442)&#10;        at java.util.concurrent.ThreadPoolExecutor.getTask(ThreadPoolExecutor.java:1074)&#10;        at java.util.concurrent.ThreadPoolExecutor.runWorker(ThreadPoolExecutor.java:1134)&#10;        at java.util.concurrent.ThreadPoolExecutor$Worker.run(ThreadPoolExecutor.java:624)&#10;        at java.lang.Thread.run(Thread.java:748)&#10;&quot;qtp224406115-3865&quot; daemon prio=5 tid=3865 timed_waiting&#10;java.lang.Thread.State: TIMED_WAITING&#10;        at sun.misc.Unsafe.park(Native Method)&#10;        at java.util.concurrent.locks.LockSupport.parkNanos(LockSupport.java:215)&#10;        at java.util.concurrent.locks.AbstractQueuedSynchronizer$ConditionObject.awaitNanos(AbstractQueuedSynchronizer.java:2078)&#10;        at org.eclipse.jetty.util.BlockingArrayQueue.poll(BlockingArrayQueue.java:382)&#10;        at org.eclipse.jetty.util.thread.QueuedThreadPool$Runner.idleJobPoll(QueuedThreadPool.java:974)&#10;        at org.eclipse.jetty.util.thread.QueuedThreadPool$Runner.run(QueuedThreadPool.java:1018)&#10;        at java.lang.Thread.run(Thread.java:748)&#10;&quot;Datanode ReportManager Thread - 1&quot; daemon prio=5 tid=3990 in Object.wait()&#10;java.lang.Thread.State: WAITING (on object monitor)&#10;        at sun.misc.Unsafe.park(Native Method)&#10;        at java.util.concurrent.locks.LockSupport.park(LockSupport.java:175)&#10;        at java.util.concurrent.locks.AbstractQueuedSynchronizer$ConditionObject.await(AbstractQueuedSynchronizer.java:2039)&#10;        at java.util.concurrent.ScheduledThreadPoolExecutor$DelayedWorkQueue.take(ScheduledThreadPoolExecutor.java:1088)&#10;        at java.util.concurrent.ScheduledThreadPoolExecutor$DelayedWorkQueue.take(ScheduledThreadPoolExecutor.java:809)&#10;        at java.util.concurrent.ThreadPoolExecutor.getTask(ThreadPoolExecutor.java:1074)&#10;        at java.util.concurrent.ThreadPoolExecutor.runWorker(ThreadPoolExecutor.java:1134)&#10;        at java.util.concurrent.ThreadPoolExecutor$Worker.run(ThreadPoolExecutor.java:624)&#10;        at java.lang.Thread.run(Thread.java:748)&#10;&quot;qtp1532850076-92-acceptor-0@16f34550-ServerConnector@701bd6e8{HTTP/1.1, (http/1.1)}{0.0.0.0:35161}&quot; daemon prio=3 tid=92 runnable&#10;java.lang.Thread.State: RUNNABLE&#10;        at sun.nio.ch.ServerSocketChannelImpl.accept0(Native Method)&#10;        at sun.nio.ch.ServerSocketChannelImpl.accept(ServerSocketChannelImpl.java:421)&#10;        at sun.nio.ch.ServerSocketChannelImpl.accept(ServerSocketChannelImpl.java:249)&#10;        at org.eclipse.jetty.server.ServerConnector.accept(ServerConnector.java:388)&#10;        at org.eclipse.jetty.server.AbstractConnector$Acceptor.run(AbstractConnector.java:702)&#10;        at org.eclipse.jetty.util.thread.QueuedThreadPool.runJob(QueuedThreadPool.java:883)&#10;        at org.eclipse.jetty.util.thread.QueuedThreadPool$Runner.run(QueuedThreadPool.java:1034)&#10;        at java.lang.Thread.run(Thread.java:748)&#10;&quot;Datanode ReportManager Thread - 3&quot; daemon prio=5 tid=246 in Object.wait()&#10;java.lang.Thread.State: WAITING (on object monitor)&#10;        at sun.misc.Unsafe.park(Native Method)&#10;        at java.util.concurrent.locks.LockSupport.park(LockSupport.java:175)&#10;        at java.util.concurrent.locks.AbstractQueuedSynchronizer$ConditionObject.await(AbstractQueuedSynchronizer.java:2039)&#10;        at java.util.concurrent.ScheduledThreadPoolExecutor$DelayedWorkQueue.take(ScheduledThreadPoolExecutor.java:1088)&#10;        at java.util.concurrent.ScheduledThreadPoolExecutor$DelayedWorkQueue.take(ScheduledThreadPoolExecutor.java:809)&#10;        at java.util.concurrent.ThreadPoolExecutor.getTask(ThreadPoolExecutor.java:1074)&#10;        at java.util.concurrent.ThreadPoolExecutor.runWorker(ThreadPoolExecutor.java:1134)&#10;        at java.util.concurrent.ThreadPoolExecutor$Worker.run(ThreadPoolExecutor.java:624)&#10;        at java.lang.Thread.run(Thread.java:748)&#10;&quot;IPC Server handler 9 on default port 45219&quot; daemon prio=5 tid=116 timed_waiting&#10;java.lang.Thread.State: TIMED_WAITING&#10;        at sun.misc.Unsafe.park(Native Method)&#10;        at java.util.concurrent.locks.LockSupport.parkNanos(LockSupport.java:215)&#10;        at java.util.concurrent.locks.AbstractQueuedSynchronizer$ConditionObject.awaitNanos(AbstractQueuedSynchronizer.java:2078)&#10;        at java.util.concurrent.LinkedBlockingQueue.poll(LinkedBlockingQueue.java:467)&#10;        at org.apache.hadoop.ipc.CallQueueManager.take(CallQueueManager.java:317)&#10;        at org.apache.hadoop.ipc.Server$Handler.run(Server.java:2932)&#10;&quot;EndpointStateMachine task thread for /0.0.0.0:45219 - 0 &quot;  prio=5 tid=263 in Object.wait()&#10;java.lang.Thread.State: WAITING (on object monitor)&#10;        at sun.misc.Unsafe.park(Native Method)&#10;        at java.util.concurrent.locks.LockSupport.park(LockSupport.java:175)&#10;        at java.util.concurrent.locks.AbstractQueuedSynchronizer$ConditionObject.await(AbstractQueuedSynchronizer.java:2039)&#10;        at java.util.concurrent.LinkedBlockingQueue.take(LinkedBlockingQueue.java:442)&#10;        at java.util.concurrent.ThreadPoolExecutor.getTask(ThreadPoolExecutor.java:1074)&#10;        at java.util.concurrent.ThreadPoolExecutor.runWorker(ThreadPoolExecutor.java:1134)&#10;        at java.util.concurrent.ThreadPoolExecutor$Worker.run(ThreadPoolExecutor.java:624)&#10;        at java.lang.Thread.run(Thread.java:748)&#10;&quot;EventQueue-ContainerReportForContainerReportHandler&quot; daemon prio=5 tid=289 in Object.wait()&#10;java.lang.Thread.State: WAITING (on object monitor)&#10;        at sun.misc.Unsafe.park(Native Method)&#10;        at java.util.concurrent.locks.LockSupport.park(LockSupport.java:175)&#10;        at java.util.concurrent.locks.AbstractQueuedSynchronizer$ConditionObject.await(AbstractQueuedSynchronizer.java:2039)&#10;        at java.util.concurrent.LinkedBlockingQueue.take(LinkedBlockingQueue.java:442)&#10;        at java.util.concurrent.ThreadPoolExecutor.getTask(ThreadPoolExecutor.java:1074)&#10;        at java.util.concurrent.ThreadPoolExecutor.runWorker(ThreadPoolExecutor.java:1134)&#10;        at java.util.concurrent.ThreadPoolExecutor$Worker.run(ThreadPoolExecutor.java:624)&#10;        at java.lang.Thread.run(Thread.java:748)&#10;&quot;IPC Server idle connection scanner for port 45219&quot; daemon prio=5 tid=34 timed_waiting&#10;java.lang.Thread.State: TIMED_WAITING&#10;        at java.lang.Object.wait(Native Method)&#10;        at java.util.TimerThread.mainLoop(Timer.java:552)&#10;        at java.util.TimerThread.run(Timer.java:505)&#10;&quot;qtp1118795039-149&quot; daemon prio=5 tid=149 timed_waiting&#10;java.lang.Thread.State: TIMED_WAITING&#10;        at sun.misc.Unsafe.park(Native Method)&#10;        at java.util.concurrent.locks.LockSupport.parkNanos(LockSupport.java:215)&#10;        at java.util.concurrent.locks.AbstractQueuedSynchronizer$ConditionObject.awaitNanos(AbstractQueuedSynchronizer.java:2078)&#10;        at org.eclipse.jetty.util.BlockingArrayQueue.poll(BlockingArrayQueue.java:382)&#10;        at org.eclipse.jetty.util.thread.QueuedThreadPool$Runner.idleJobPoll(QueuedThreadPool.java:974)&#10;        at org.eclipse.jetty.util.thread.QueuedThreadPool$Runner.run(QueuedThreadPool.java:1018)&#10;        at java.lang.Thread.run(Thread.java:748)&#10;&quot;qtp1118795039-147&quot; daemon prio=5 tid=147 timed_waiting&#10;java.lang.Thread.State: TIMED_WAITING&#10;        at sun.misc.Unsafe.park(Native Method)&#10;        at java.util.concurrent.locks.LockSupport.parkNanos(LockSupport.java:215)&#10;        at java.util.concurrent.locks.AbstractQueuedSynchronizer$ConditionObject.awaitNanos(AbstractQueuedSynchronizer.java:2078)&#10;        at org.eclipse.jetty.util.BlockingArrayQueue.poll(BlockingArrayQueue.java:382)&#10;        at org.eclipse.jetty.util.thread.QueuedThreadPool$Runner.idleJobPoll(QueuedThreadPool.java:974)&#10;        at org.eclipse.jetty.util.thread.QueuedThreadPool$Runner.run(QueuedThreadPool.java:1018)&#10;        at java.lang.Thread.run(Thread.java:748)&#10;&quot;IPC Server handler 19 on default port 44723&quot; daemon prio=5 tid=87 timed_waiting&#10;java.lang.Thread.State: TIMED_WAITING&#10;        at sun.misc.Unsafe.park(Native Method)&#10;        at java.util.concurrent.locks.LockSupport.parkNanos(LockSupport.java:215)&#10;        at java.util.concurrent.locks.AbstractQueuedSynchronizer$ConditionObject.awaitNanos(AbstractQueuedSynchronizer.java:2078)&#10;        at java.util.concurrent.LinkedBlockingQueue.poll(LinkedBlockingQueue.java:467)&#10;        at org.apache.hadoop.ipc.CallQueueManager.take(CallQueueManager.java:317)&#10;        at org.apache.hadoop.ipc.Server$Handler.run(Server.java:2932)&#10;&quot;ChunkWriter-1-0&quot; daemon prio=5 tid=4001 in Object.wait()&#10;java.lang.Thread.State: WAITING (on object monitor)&#10;        at sun.misc.Unsafe.park(Native Method)&#10;        at java.util.concurrent.locks.LockSupport.park(LockSupport.java:175)&#10;        at java.util.concurrent.locks.AbstractQueuedSynchronizer$ConditionObject.await(AbstractQueuedSynchronizer.java:2039)&#10;        at java.util.concurrent.LinkedBlockingDeque.takeFirst(LinkedBlockingDeque.java:492)&#10;        at java.util.concurrent.LinkedBlockingDeque.take(LinkedBlockingDeque.java:680)&#10;        at java.util.concurrent.ThreadPoolExecutor.getTask(ThreadPoolExecutor.java:1074)&#10;        at java.util.concurrent.ThreadPoolExecutor.runWorker(ThreadPoolExecutor.java:1134)&#10;        at java.util.concurrent.ThreadPoolExecutor$Worker.run(ThreadPoolExecutor.java:624)&#10;        at java.lang.Thread.run(Thread.java:748)&#10;&quot;qtp1684038962-3974&quot; daemon prio=5 tid=3974 runnable&#10;java.lang.Thread.State: RUNNABLE&#10;        at sun.nio.ch.EPollArrayWrapper.epollWait(Native Method)&#10;        at sun.nio.ch.EPollArrayWrapper.poll(EPollArrayWrapper.java:269)&#10;        at sun.nio.ch.EPollSelectorImpl.doSelect(EPollSelectorImpl.java:93)&#10;        at sun.nio.ch.SelectorImpl.lockAndDoSelect(SelectorImpl.java:86)&#10;        at sun.nio.ch.SelectorImpl.select(SelectorImpl.java:97)&#10;        at sun.nio.ch.SelectorImpl.select(SelectorImpl.java:101)&#10;        at org.eclipse.jetty.io.ManagedSelector.nioSelect(ManagedSelector.java:183)&#10;        at org.eclipse.jetty.io.ManagedSelector.select(ManagedSelector.java:190)&#10;        at org.eclipse.jetty.io.ManagedSelector$SelectorProducer.select(ManagedSelector.java:606)&#10;        at org.eclipse.jetty.io.ManagedSelector$SelectorProducer.produce(ManagedSelector.java:543)&#10;        at org.eclipse.jetty.util.thread.strategy.EatWhatYouKill.produceTask(EatWhatYouKill.java:362)&#10;        at org.eclipse.jetty.util.thread.strategy.EatWhatYouKill.doProduce(EatWhatYouKill.java:186)&#10;        at org.eclipse.jetty.util.thread.strategy.EatWhatYouKill.tryProduce(EatWhatYouKill.java:173)&#10;        at org.eclipse.jetty.util.thread.strategy.EatWhatYouKill.produce(EatWhatYouKill.java:137)&#10;        at org.eclipse.jetty.io.ManagedSelector$$Lambda$644/155934691.run(Unknown Source)&#10;        at org.eclipse.jetty.util.thread.QueuedThreadPool.runJob(QueuedThreadPool.java:883)&#10;        at org.eclipse.jetty.util.thread.QueuedThreadPool$Runner.run(QueuedThreadPool.java:1034)&#10;        at java.lang.Thread.run(Thread.java:748)&#10;&quot;qtp224406115-3863-acceptor-0@2cd8595f-ServerConnector@233278f2{HTTP/1.1, (http/1.1)}{0.0.0.0:42655}&quot; daemon prio=3 tid=3863 runnable&#10;java.lang.Thread.State: RUNNABLE&#10;        at sun.nio.ch.ServerSocketChannelImpl.accept0(Native Method)&#10;        at sun.nio.ch.ServerSocketChannelImpl.accept(ServerSocketChannelImpl.java:421)&#10;        at sun.nio.ch.ServerSocketChannelImpl.accept(ServerSocketChannelImpl.java:249)&#10;        at org.eclipse.jetty.server.ServerConnector.accept(ServerConnector.java:388)&#10;        at org.eclipse.jetty.server.AbstractConnector$Acceptor.run(AbstractConnector.java:702)&#10;        at org.eclipse.jetty.util.thread.QueuedThreadPool.runJob(QueuedThreadPool.java:883)&#10;        at org.eclipse.jetty.util.thread.QueuedThreadPool$Runner.run(QueuedThreadPool.java:1034)&#10;        at java.lang.Thread.run(Thread.java:748)&#10;&quot;grpc-shared-destroyer-0&quot; daemon prio=5 tid=23 in Object.wait()&#10;java.lang.Thread.State: WAITING (on object monitor)&#10;        at sun.misc.Unsafe.park(Native Method)&#10;        at java.util.concurrent.locks.LockSupport.park(LockSupport.java:175)&#10;        at java.util.concurrent.locks.AbstractQueuedSynchronizer$ConditionObject.await(AbstractQueuedSynchronizer.java:2039)&#10;        at java.util.concurrent.ScheduledThreadPoolExecutor$DelayedWorkQueue.take(ScheduledThreadPoolExecutor.java:1081)&#10;        at java.util.concurrent.ScheduledThreadPoolExecutor$DelayedWorkQueue.take(ScheduledThreadPoolExecutor.java:809)&#10;        at java.util.concurrent.ThreadPoolExecutor.getTask(ThreadPoolExecutor.java:1074)&#10;        at java.util.concurrent.ThreadPoolExecutor.runWorker(ThreadPoolExecutor.java:1134)&#10;        at java.util.concurrent.ThreadPoolExecutor$Worker.run(ThreadPoolExecutor.java:624)&#10;        at java.lang.Thread.run(Thread.java:748)&#10;&quot;IPC Server handler 8 on default port 34953&quot; daemon prio=5 tid=56 timed_waiting&#10;java.lang.Thread.State: TIMED_WAITING&#10;        at sun.misc.Unsafe.park(Native Method)&#10;        at java.util.concurrent.locks.LockSupport.parkNanos(LockSupport.java:215)&#10;        at java.util.concurrent.locks.AbstractQueuedSynchronizer$ConditionObject.awaitNanos(AbstractQueuedSynchronizer.java:2078)&#10;        at java.util.concurrent.LinkedBlockingQueue.poll(LinkedBlockingQueue.java:467)&#10;        at org.apache.hadoop.ipc.CallQueueManager.take(CallQueueManager.java:317)&#10;        at org.apache.hadoop.ipc.Server$Handler.run(Server.java:2932)&#10;&quot;IPC Server handler 0 on default port 34953&quot; daemon prio=5 tid=48 timed_waiting&#10;java.lang.Thread.State: TIMED_WAITING&#10;        at sun.misc.Unsafe.park(Native Method)&#10;        at java.util.concurrent.locks.LockSupport.parkNanos(LockSupport.java:215)&#10;        at java.util.concurrent.locks.AbstractQueuedSynchronizer$ConditionObject.awaitNanos(AbstractQueuedSynchronizer.java:2078)&#10;        at java.util.concurrent.LinkedBlockingQueue.poll(LinkedBlockingQueue.java:467)&#10;        at org.apache.hadoop.ipc.CallQueueManager.take(CallQueueManager.java:317)&#10;        at org.apache.hadoop.ipc.Server$Handler.run(Server.java:2932)&#10;&quot;Reference Handler&quot; daemon prio=10 tid=2 in Object.wait()&#10;java.lang.Thread.State: WAITING (on object monitor)&#10;        at java.lang.Object.wait(Native Method)&#10;        at java.lang.Object.wait(Object.java:502)&#10;        at java.lang.ref.Reference.tryHandlePending(Reference.java:191)&#10;        at java.lang.ref.Reference$ReferenceHandler.run(Reference.java:153)&#10;&quot;Periodic HDDS volume checker&quot; daemon prio=5 tid=3966 timed_waiting&#10;java.lang.Thread.State: TIMED_WAITING&#10;        at sun.misc.Unsafe.park(Native Method)&#10;        at java.util.concurrent.locks.LockSupport.parkNanos(LockSupport.java:215)&#10;        at java.util.concurrent.locks.AbstractQueuedSynchronizer$ConditionObject.awaitNanos(AbstractQueuedSynchronizer.java:2078)&#10;        at java.util.concurrent.ScheduledThreadPoolExecutor$DelayedWorkQueue.take(ScheduledThreadPoolExecutor.java:1093)&#10;        at java.util.concurrent.ScheduledThreadPoolExecutor$DelayedWorkQueue.take(ScheduledThreadPoolExecutor.java:809)&#10;        at java.util.concurrent.ThreadPoolExecutor.getTask(ThreadPoolExecutor.java:1074)&#10;        at java.util.concurrent.ThreadPoolExecutor.runWorker(ThreadPoolExecutor.java:1134)&#10;        at java.util.concurrent.ThreadPoolExecutor$Worker.run(ThreadPoolExecutor.java:624)&#10;        at java.lang.Thread.run(Thread.java:748)&#10;&quot;qtp1684038962-3980&quot; daemon prio=5 tid=3980 timed_waiting&#10;java.lang.Thread.State: TIMED_WAITING&#10;        at sun.misc.Unsafe.park(Native Method)&#10;        at java.util.concurrent.locks.LockSupport.parkNanos(LockSupport.java:215)&#10;        at java.util.concurrent.locks.AbstractQueuedSynchronizer$ConditionObject.awaitNanos(AbstractQueuedSynchronizer.java:2078)&#10;        at org.eclipse.jetty.util.BlockingArrayQueue.poll(BlockingArrayQueue.java:382)&#10;        at org.eclipse.jetty.util.thread.QueuedThreadPool$Runner.idleJobPoll(QueuedThreadPool.java:974)&#10;        at org.eclipse.jetty.util.thread.QueuedThreadPool$Runner.run(QueuedThreadPool.java:1018)&#10;        at java.lang.Thread.run(Thread.java:748)&#10;&quot;EventQueue-PipelineReportForPipelineReportHandler&quot; daemon prio=5 tid=286 in Object.wait()&#10;java.lang.Thread.State: WAITING (on object monitor)&#10;        at sun.misc.Unsafe.park(Native Method)&#10;        at java.util.concurrent.locks.LockSupport.park(LockSupport.java:175)&#10;        at java.util.concurrent.locks.AbstractQueuedSynchronizer$ConditionObject.await(AbstractQueuedSynchronizer.java:2039)&#10;        at java.util.concurrent.LinkedBlockingQueue.take(LinkedBlockingQueue.java:442)&#10;        at java.util.concurrent.ThreadPoolExecutor.getTask(ThreadPoolExecutor.java:1074)&#10;        at java.util.concurrent.ThreadPoolExecutor.runWorker(ThreadPoolExecutor.java:1134)&#10;        at java.util.concurrent.ThreadPoolExecutor$Worker.run(ThreadPoolExecutor.java:624)&#10;        at java.lang.Thread.run(Thread.java:748)&#10;&quot;qtp1118795039-144-acceptor-0@7c1c4cf0-ServerConnector@1933e1dc{HTTP/1.1, (http/1.1)}{0.0.0.0:40441}&quot; daemon prio=3 tid=144 runnable&#10;java.lang.Thread.State: RUNNABLE&#10;        at sun.nio.ch.ServerSocketChannelImpl.accept0(Native Method)&#10;        at sun.nio.ch.ServerSocketChannelImpl.accept(ServerSocketChannelImpl.java:421)&#10;        at sun.nio.ch.ServerSocketChannelImpl.accept(ServerSocketChannelImpl.java:249)&#10;        at org.eclipse.jetty.server.ServerConnector.accept(ServerConnector.java:388)&#10;        at org.eclipse.jetty.server.AbstractConnector$Acceptor.run(AbstractConnector.java:702)&#10;        at org.eclipse.jetty.util.thread.QueuedThreadPool.runJob(QueuedThreadPool.java:883)&#10;        at org.eclipse.jetty.util.thread.QueuedThreadPool$Runner.run(QueuedThreadPool.java:1034)&#10;        at java.lang.Thread.run(Thread.java:748)&#10;&quot;IPC Server handler 4 on default port 44723&quot; daemon prio=5 tid=72 timed_waiting&#10;java.lang.Thread.State: TIMED_WAITING&#10;        at sun.misc.Unsafe.park(Native Method)&#10;        at java.util.concurrent.locks.LockSupport.parkNanos(LockSupport.java:215)&#10;        at java.util.concurrent.locks.AbstractQueuedSynchronizer$ConditionObject.awaitNanos(AbstractQueuedSynchronizer.java:2078)&#10;        at java.util.concurrent.LinkedBlockingQueue.poll(LinkedBlockingQueue.java:467)&#10;        at org.apache.hadoop.ipc.CallQueueManager.take(CallQueueManager.java:317)&#10;        at org.apache.hadoop.ipc.Server$Handler.run(Server.java:2932)&#10;&quot;IPC Server handler 6 on default port 34953&quot; daemon prio=5 tid=54 timed_waiting&#10;java.lang.Thread.State: TIMED_WAITING&#10;        at sun.misc.Unsafe.park(Native Method)&#10;        at java.util.concurrent.locks.LockSupport.parkNanos(LockSupport.java:215)&#10;        at java.util.concurrent.locks.AbstractQueuedSynchronizer$ConditionObject.awaitNanos(AbstractQueuedSynchronizer.java:2078)&#10;        at java.util.concurrent.LinkedBlockingQueue.poll(LinkedBlockingQueue.java:467)&#10;        at org.apache.hadoop.ipc.CallQueueManager.take(CallQueueManager.java:317)&#10;        at org.apache.hadoop.ipc.Server$Handler.run(Server.java:2932)&#10;&quot;qtp224406115-3867&quot; daemon prio=5 tid=3867 timed_waiting&#10;java.lang.Thread.State: TIMED_WAITING&#10;        at sun.misc.Unsafe.park(Native Method)&#10;        at java.util.concurrent.locks.LockSupport.parkNanos(LockSupport.java:215)&#10;        at java.util.concurrent.locks.AbstractQueuedSynchronizer$ConditionObject.awaitNanos(AbstractQueuedSynchronizer.java:2078)&#10;        at org.eclipse.jetty.util.BlockingArrayQueue.poll(BlockingArrayQueue.java:382)&#10;        at org.eclipse.jetty.util.thread.QueuedThreadPool$Runner.idleJobPoll(QueuedThreadPool.java:974)&#10;        at org.eclipse.jetty.util.thread.QueuedThreadPool$Runner.run(QueuedThreadPool.java:1018)&#10;        at java.lang.Thread.run(Thread.java:748)&#10;&quot;KeyDeletingService#0&quot; daemon prio=5 tid=140 timed_waiting&#10;java.lang.Thread.State: TIMED_WAITING&#10;        at sun.misc.Unsafe.park(Native Method)&#10;        at java.util.concurrent.locks.LockSupport.parkNanos(LockSupport.java:215)&#10;        at java.util.concurrent.locks.AbstractQueuedSynchronizer$ConditionObject.awaitNanos(AbstractQueuedSynchronizer.java:2078)&#10;        at java.util.concurrent.ScheduledThreadPoolExecutor$DelayedWorkQueue.take(ScheduledThreadPoolExecutor.java:1093)&#10;        at java.util.concurrent.ScheduledThreadPoolExecutor$DelayedWorkQueue.take(ScheduledThreadPoolExecutor.java:809)&#10;        at java.util.concurrent.ThreadPoolExecutor.getTask(ThreadPoolExecutor.java:1074)&#10;        at java.util.concurrent.ThreadPoolExecutor.runWorker(ThreadPoolExecutor.java:1134)&#10;        at java.util.concurrent.ThreadPoolExecutor$Worker.run(ThreadPoolExecutor.java:624)&#10;        at java.lang.Thread.run(Thread.java:748)&#10;&quot;IPC Server handler 16 on default port 33951&quot; daemon prio=5 tid=168 timed_waiting&#10;java.lang.Thread.State: TIMED_WAITING&#10;        at sun.misc.Unsafe.park(Native Method)&#10;        at java.util.concurrent.locks.LockSupport.parkNanos(LockSupport.java:215)&#10;        at java.util.concurrent.locks.AbstractQueuedSynchronizer$ConditionObject.awaitNanos(AbstractQueuedSynchronizer.java:2078)&#10;        at java.util.concurrent.LinkedBlockingQueue.poll(LinkedBlockingQueue.java:467)&#10;        at org.apache.hadoop.ipc.CallQueueManager.take(CallQueueManager.java:317)&#10;        at org.apache.hadoop.ipc.Server$Handler.run(Server.java:2932)&#10;&quot;Datanode ReportManager Thread - 1&quot; daemon prio=5 tid=217 in Object.wait()&#10;java.lang.Thread.State: WAITING (on object monitor)&#10;        at sun.misc.Unsafe.park(Native Method)&#10;        at java.util.concurrent.locks.LockSupport.park(LockSupport.java:175)&#10;        at java.util.concurrent.locks.AbstractQueuedSynchronizer$ConditionObject.await(AbstractQueuedSynchronizer.java:2039)&#10;        at java.util.concurrent.ScheduledThreadPoolExecutor$DelayedWorkQueue.take(ScheduledThreadPoolExecutor.java:1088)&#10;        at java.util.concurrent.ScheduledThreadPoolExecutor$DelayedWorkQueue.take(ScheduledThreadPoolExecutor.java:809)&#10;        at java.util.concurrent.ThreadPoolExecutor.getTask(ThreadPoolExecutor.java:1074)&#10;        at java.util.concurrent.ThreadPoolExecutor.runWorker(ThreadPoolExecutor.java:1134)&#10;        at java.util.concurrent.ThreadPoolExecutor$Worker.run(ThreadPoolExecutor.java:624)&#10;        at java.lang.Thread.run(Thread.java:748)&#10;&quot;qtp1118795039-150&quot; daemon prio=5 tid=150 timed_waiting&#10;java.lang.Thread.State: TIMED_WAITING&#10;        at sun.misc.Unsafe.park(Native Method)&#10;        at java.util.concurrent.locks.LockSupport.parkNanos(LockSupport.java:215)&#10;        at java.util.concurrent.locks.AbstractQueuedSynchronizer$ConditionObject.awaitNanos(AbstractQueuedSynchronizer.java:2078)&#10;        at org.eclipse.jetty.util.BlockingArrayQueue.poll(BlockingArrayQueue.java:382)&#10;        at org.eclipse.jetty.util.thread.QueuedThreadPool$Runner.idleJobPoll(QueuedThreadPool.java:974)&#10;        at org.eclipse.jetty.util.thread.QueuedThreadPool$Runner.run(QueuedThreadPool.java:1018)&#10;        at java.lang.Thread.run(Thread.java:748)&#10;&quot;EventQueue-ContainerReportForContainerReportHandler&quot; daemon prio=5 tid=283 in Object.wait()&#10;java.lang.Thread.State: WAITING (on object monitor)&#10;        at sun.misc.Unsafe.park(Native Method)&#10;        at java.util.concurrent.locks.LockSupport.park(LockSupport.java:175)&#10;        at java.util.concurrent.locks.AbstractQueuedSynchronizer$ConditionObject.await(AbstractQueuedSynchronizer.java:2039)&#10;        at java.util.concurrent.LinkedBlockingQueue.take(LinkedBlockingQueue.java:442)&#10;        at java.util.concurrent.ThreadPoolExecutor.getTask(ThreadPoolExecutor.java:1074)&#10;        at java.util.concurrent.ThreadPoolExecutor.runWorker(ThreadPoolExecutor.java:1134)&#10;        at java.util.concurrent.ThreadPoolExecutor$Worker.run(ThreadPoolExecutor.java:624)&#10;        at java.lang.Thread.run(Thread.java:748)&#10;&quot;Timer for &apos;StorageContainerManager&apos; metrics system&quot; daemon prio=5 tid=46 timed_waiting&#10;java.lang.Thread.State: TIMED_WAITING&#10;        at java.lang.Object.wait(Native Method)&#10;        at java.util.TimerThread.mainLoop(Timer.java:552)&#10;        at java.util.TimerThread.run(Timer.java:505)&#10;&quot;SCMBlockDeletingService#0&quot; daemon prio=5 tid=88 timed_waiting&#10;java.lang.Thread.State: TIMED_WAITING&#10;        at sun.misc.Unsafe.park(Native Method)&#10;        at java.util.concurrent.locks.LockSupport.parkNanos(LockSupport.java:215)&#10;        at java.util.concurrent.locks.AbstractQueuedSynchronizer$ConditionObject.awaitNanos(AbstractQueuedSynchronizer.java:2078)&#10;        at java.util.concurrent.ScheduledThreadPoolExecutor$DelayedWorkQueue.take(ScheduledThreadPoolExecutor.java:1093)&#10;        at java.util.concurrent.ScheduledThreadPoolExecutor$DelayedWorkQueue.take(ScheduledThreadPoolExecutor.java:809)&#10;        at java.util.concurrent.ThreadPoolExecutor.getTask(ThreadPoolExecutor.java:1074)&#10;        at java.util.concurrent.ThreadPoolExecutor.runWorker(ThreadPoolExecutor.java:1134)&#10;        at java.util.concurrent.ThreadPoolExecutor$Worker.run(ThreadPoolExecutor.java:624)&#10;        at java.lang.Thread.run(Thread.java:748)&#10;&quot;CommandWatcher-LeaseManager#LeaseMonitor&quot; daemon prio=5 tid=47 timed_waiting&#10;java.lang.Thread.State: TIMED_WAITING&#10;        at java.lang.Object.wait(Native Method)&#10;        at org.apache.hadoop.ozone.lease.LeaseManager$LeaseMonitor.run(LeaseManager.java:238)&#10;        at java.lang.Thread.run(Thread.java:748)&#10;&quot;IPC Server handler 19 on default port 45219&quot; daemon prio=5 tid=126 timed_waiting&#10;java.lang.Thread.State: TIMED_WAITING&#10;        at sun.misc.Unsafe.park(Native Method)&#10;        at java.util.concurrent.locks.LockSupport.parkNanos(LockSupport.java:215)&#10;        at java.util.concurrent.locks.AbstractQueuedSynchronizer$ConditionObject.awaitNanos(AbstractQueuedSynchronizer.java:2078)&#10;        at java.util.concurrent.LinkedBlockingQueue.poll(LinkedBlockingQueue.java:467)&#10;        at org.apache.hadoop.ipc.CallQueueManager.take(CallQueueManager.java:317)&#10;        at org.apache.hadoop.ipc.Server$Handler.run(Server.java:2932)&#10;&quot;Socket Reader #1 for port 0&quot;  prio=5 tid=41 runnable&#10;java.lang.Thread.State: RUNNABLE&#10;        at sun.nio.ch.EPollArrayWrapper.epollWait(Native Method)&#10;        at sun.nio.ch.EPollArrayWrapper.poll(EPollArrayWrapper.java:269)&#10;        at sun.nio.ch.EPollSelectorImpl.doSelect(EPollSelectorImpl.java:93)&#10;        at sun.nio.ch.SelectorImpl.lockAndDoSelect(SelectorImpl.java:86)&#10;        at sun.nio.ch.SelectorImpl.select(SelectorImpl.java:97)&#10;        at sun.nio.ch.SelectorImpl.select(SelectorImpl.java:101)&#10;        at org.apache.hadoop.ipc.Server$Listener$Reader.doRunLoop(Server.java:1288)&#10;        at org.apache.hadoop.ipc.Server$Listener$Reader.run(Server.java:1267)&#10;&quot;org.apache.hadoop.ozone.container.common.statemachine.commandhandler.DeleteBlocksCommandHandler$DeleteCmdWorker@2ca08d94&quot; daemon prio=5 tid=3971 timed_waiting&#10;java.lang.Thread.State: TIMED_WAITING&#10;        at java.lang.Thread.sleep(Native Method)&#10;        at org.apache.hadoop.ozone.container.common.statemachine.commandhandler.DeleteBlocksCommandHandler$DeleteCmdWorker.run(DeleteBlocksCommandHandler.java:175)&#10;        at java.lang.Thread.run(Thread.java:748)&#10;&quot;qtp1532850076-94&quot; daemon prio=5 tid=94 timed_waiting&#10;java.lang.Thread.State: TIMED_WAITING&#10;        at sun.misc.Unsafe.park(Native Method)&#10;        at java.util.concurrent.locks.LockSupport.parkNanos(LockSupport.java:215)&#10;        at java.util.concurrent.locks.AbstractQueuedSynchronizer$ConditionObject.awaitNanos(AbstractQueuedSynchronizer.java:2078)&#10;        at org.eclipse.jetty.util.BlockingArrayQueue.poll(BlockingArrayQueue.java:382)&#10;        at org.eclipse.jetty.util.thread.QueuedThreadPool$Runner.idleJobPoll(QueuedThreadPool.java:974)&#10;        at org.eclipse.jetty.util.thread.QueuedThreadPool$Runner.run(QueuedThreadPool.java:1018)&#10;        at java.lang.Thread.run(Thread.java:748)&#10;&quot;BlockDeletingService#1&quot; daemon prio=5 tid=3901 in Object.wait()&#10;java.lang.Thread.State: WAITING (on object monitor)&#10;        at sun.misc.Unsafe.park(Native Method)&#10;        at java.util.concurrent.locks.LockSupport.park(LockSupport.java:175)&#10;        at java.util.concurrent.locks.AbstractQueuedSynchronizer$ConditionObject.await(AbstractQueuedSynchronizer.java:2039)&#10;        at java.util.concurrent.ScheduledThreadPoolExecutor$DelayedWorkQueue.take(ScheduledThreadPoolExecutor.java:1088)&#10;        at java.util.concurrent.ScheduledThreadPoolExecutor$DelayedWorkQueue.take(ScheduledThreadPoolExecutor.java:809)&#10;        at java.util.concurrent.ThreadPoolExecutor.getTask(ThreadPoolExecutor.java:1074)&#10;        at java.util.concurrent.ThreadPoolExecutor.runWorker(ThreadPoolExecutor.java:1134)&#10;        at java.util.concurrent.ThreadPoolExecutor$Worker.run(ThreadPoolExecutor.java:624)&#10;        at java.lang.Thread.run(Thread.java:748)&#10;&quot;ac1ecc7d-e450-4f4f-aef6-4be964bb036f@group-4E713CE930C0-SegmentedRaftLogWorker&quot;  prio=5 tid=25 timed_waiting&#10;java.lang.Thread.State: TIMED_WAITING&#10;        at sun.misc.Unsafe.park(Native Method)&#10;        at java.util.concurrent.locks.LockSupport.parkNanos(LockSupport.java:215)&#10;        at java.util.concurrent.locks.AbstractQueuedSynchronizer$ConditionObject.awaitNanos(AbstractQueuedSynchronizer.java:2078)&#10;        at org.apache.ratis.util.DataBlockingQueue.poll(DataBlockingQueue.java:137)&#10;        at org.apache.ratis.server.raftlog.segmented.SegmentedRaftLogWorker.run(SegmentedRaftLogWorker.java:292)&#10;        at org.apache.ratis.server.raftlog.segmented.SegmentedRaftLogWorker$$Lambda$358/3735854.run(Unknown Source)&#10;        at java.lang.Thread.run(Thread.java:748)&#10;&quot;qtp224406115-3862&quot; daemon prio=5 tid=3862 runnable&#10;java.lang.Thread.State: RUNNABLE&#10;        at sun.nio.ch.EPollArrayWrapper.epollWait(Native Method)&#10;        at sun.nio.ch.EPollArrayWrapper.poll(EPollArrayWrapper.java:269)&#10;        at sun.nio.ch.EPollSelectorImpl.doSelect(EPollSelectorImpl.java:93)&#10;        at sun.nio.ch.SelectorImpl.lockAndDoSelect(SelectorImpl.java:86)&#10;        at sun.nio.ch.SelectorImpl.select(SelectorImpl.java:97)&#10;        at sun.nio.ch.SelectorImpl.select(SelectorImpl.java:101)&#10;        at org.eclipse.jetty.io.ManagedSelector.nioSelect(ManagedSelector.java:183)&#10;        at org.eclipse.jetty.io.ManagedSelector.select(ManagedSelector.java:190)&#10;        at org.eclipse.jetty.io.ManagedSelector$SelectorProducer.select(ManagedSelector.java:606)&#10;        at org.eclipse.jetty.io.ManagedSelector$SelectorProducer.produce(ManagedSelector.java:543)&#10;        at org.eclipse.jetty.util.thread.strategy.EatWhatYouKill.produceTask(EatWhatYouKill.java:362)&#10;        at org.eclipse.jetty.util.thread.strategy.EatWhatYouKill.doProduce(EatWhatYouKill.java:186)&#10;        at org.eclipse.jetty.util.thread.strategy.EatWhatYouKill.tryProduce(EatWhatYouKill.java:173)&#10;        at org.eclipse.jetty.util.thread.strategy.EatWhatYouKill.produce(EatWhatYouKill.java:137)&#10;        at org.eclipse.jetty.io.ManagedSelector$$Lambda$644/155934691.run(Unknown Source)&#10;        at org.eclipse.jetty.util.thread.QueuedThreadPool.runJob(QueuedThreadPool.java:883)&#10;        at org.eclipse.jetty.util.thread.QueuedThreadPool$Runner.run(QueuedThreadPool.java:1034)&#10;        at java.lang.Thread.run(Thread.java:748)&#10;&quot;org.apache.hadoop.util.JvmPauseMonitor$Monitor@949f0d&quot; daemon prio=5 tid=89 timed_waiting&#10;java.lang.Thread.State: TIMED_WAITING&#10;        at java.lang.Thread.sleep(Native Method)&#10;        at org.apache.hadoop.util.JvmPauseMonitor$Monitor.run(JvmPauseMonitor.java:192)&#10;        at java.lang.Thread.run(Thread.java:748)&#10;&quot;Datanode ReportManager Thread - 4&quot; daemon prio=5 tid=247 in Object.wait()&#10;java.lang.Thread.State: WAITING (on object monitor)&#10;        at sun.misc.Unsafe.park(Native Method)&#10;        at java.util.concurrent.locks.LockSupport.park(LockSupport.java:175)&#10;        at java.util.concurrent.locks.AbstractQueuedSynchronizer$ConditionObject.await(AbstractQueuedSynchronizer.java:2039)&#10;        at java.util.concurrent.ScheduledThreadPoolExecutor$DelayedWorkQueue.take(ScheduledThreadPoolExecutor.java:1088)&#10;        at java.util.concurrent.ScheduledThreadPoolExecutor$DelayedWorkQueue.take(ScheduledThreadPoolExecutor.java:809)&#10;        at java.util.concurrent.ThreadPoolExecutor.getTask(ThreadPoolExecutor.java:1074)&#10;        at java.util.concurrent.ThreadPoolExecutor.runWorker(ThreadPoolExecutor.java:1134)&#10;        at java.util.concurrent.ThreadPoolExecutor$Worker.run(ThreadPoolExecutor.java:624)&#10;        at java.lang.Thread.run(Thread.java:748)&#10;&quot;IPC Server handler 6 on default port 45219&quot; daemon prio=5 tid=113 timed_waiting&#10;java.lang.Thread.State: TIMED_WAITING&#10;        at sun.misc.Unsafe.park(Native Method)&#10;        at java.util.concurrent.locks.LockSupport.parkNanos(LockSupport.java:215)&#10;        at java.util.concurrent.locks.AbstractQueuedSynchronizer$ConditionObject.awaitNanos(AbstractQueuedSynchronizer.java:2078)&#10;        at java.util.concurrent.LinkedBlockingQueue.poll(LinkedBlockingQueue.java:467)&#10;        at org.apache.hadoop.ipc.CallQueueManager.take(CallQueueManager.java:317)&#10;        at org.apache.hadoop.ipc.Server$Handler.run(Server.java:2932)&#10;&quot;EndpointStateMachine task thread for /0.0.0.0:45219 - 0 &quot;  prio=5 tid=3890 in Object.wait()&#10;java.lang.Thread.State: WAITING (on object monitor)&#10;        at sun.misc.Unsafe.park(Native Method)&#10;        at java.util.concurrent.locks.LockSupport.park(LockSupport.java:175)&#10;        at java.util.concurrent.locks.AbstractQueuedSynchronizer$ConditionObject.await(AbstractQueuedSynchronizer.java:2039)&#10;        at java.util.concurrent.LinkedBlockingQueue.take(LinkedBlockingQueue.java:442)&#10;        at java.util.concurrent.ThreadPoolExecutor.getTask(ThreadPoolExecutor.java:1074)&#10;        at java.util.concurrent.ThreadPoolExecutor.runWorker(ThreadPoolExecutor.java:1134)&#10;        at java.util.concurrent.ThreadPoolExecutor$Worker.run(ThreadPoolExecutor.java:624)&#10;        at java.lang.Thread.run(Thread.java:748)&#10;&quot;2db57d0a-e0a4-4c64-8073-50a45d71dc35@group-EDBCDB998DC6-SegmentedRaftLogWorker&quot;  prio=5 tid=3986 timed_waiting&#10;java.lang.Thread.State: TIMED_WAITING&#10;        at sun.misc.Unsafe.park(Native Method)&#10;        at java.util.concurrent.locks.LockSupport.parkNanos(LockSupport.java:215)&#10;        at java.util.concurrent.locks.AbstractQueuedSynchronizer$ConditionObject.awaitNanos(AbstractQueuedSynchronizer.java:2078)&#10;        at org.apache.ratis.util.DataBlockingQueue.poll(DataBlockingQueue.java:137)&#10;        at org.apache.ratis.server.raftlog.segmented.SegmentedRaftLogWorker.run(SegmentedRaftLogWorker.java:292)&#10;        at org.apache.ratis.server.raftlog.segmented.SegmentedRaftLogWorker$$Lambda$358/3735854.run(Unknown Source)&#10;        at java.lang.Thread.run(Thread.java:748)&#10;&quot;IPC Server handler 13 on default port 45219&quot; daemon prio=5 tid=120 timed_waiting&#10;java.lang.Thread.State: TIMED_WAITING&#10;        at sun.misc.Unsafe.park(Native Method)&#10;        at java.util.concurrent.locks.LockSupport.parkNanos(LockSupport.java:215)&#10;        at java.util.concurrent.locks.AbstractQueuedSynchronizer$ConditionObject.awaitNanos(AbstractQueuedSynchronizer.java:2078)&#10;        at java.util.concurrent.LinkedBlockingQueue.poll(LinkedBlockingQueue.java:467)&#10;        at org.apache.hadoop.ipc.CallQueueManager.take(CallQueueManager.java:317)&#10;        at org.apache.hadoop.ipc.Server$Handler.run(Server.java:2932)&#10;&quot;prometheus&quot; daemon prio=5 tid=100 in Object.wait()&#10;java.lang.Thread.State: WAITING (on object monitor)&#10;        at java.lang.Object.wait(Native Method)&#10;        at java.lang.Object.wait(Object.java:502)&#10;        at org.apache.hadoop.metrics2.impl.SinkQueue.waitForData(SinkQueue.java:114)&#10;        at org.apache.hadoop.metrics2.impl.SinkQueue.consumeAll(SinkQueue.java:83)&#10;        at org.apache.hadoop.metrics2.impl.MetricsSinkAdapter.publishMetricsFromQueue(MetricsSinkAdapter.java:135)&#10;        at org.apache.hadoop.metrics2.impl.MetricsSinkAdapter$1.run(MetricsSinkAdapter.java:89)&#10;&quot;IPC Server handler 15 on default port 45219&quot; daemon prio=5 tid=122 timed_waiting&#10;java.lang.Thread.State: TIMED_WAITING&#10;        at sun.misc.Unsafe.park(Native Method)&#10;        at java.util.concurrent.locks.LockSupport.parkNanos(LockSupport.java:215)&#10;        at java.util.concurrent.locks.AbstractQueuedSynchronizer$ConditionObject.awaitNanos(AbstractQueuedSynchronizer.java:2078)&#10;        at java.util.concurrent.LinkedBlockingQueue.poll(LinkedBlockingQueue.java:467)&#10;        at org.apache.hadoop.ipc.CallQueueManager.take(CallQueueManager.java:317)&#10;        at org.apache.hadoop.ipc.Server$Handler.run(Server.java:2932)&#10;&quot;EventQueue-ContainerReportForContainerReportHandler&quot; daemon prio=5 tid=3914 in Object.wait()&#10;java.lang.Thread.State: WAITING (on object monitor)&#10;        at sun.misc.Unsafe.park(Native Method)&#10;        at java.util.concurrent.locks.LockSupport.park(LockSupport.java:175)&#10;        at java.util.concurrent.locks.AbstractQueuedSynchronizer$ConditionObject.await(AbstractQueuedSynchronizer.java:2039)&#10;        at java.util.concurrent.LinkedBlockingQueue.take(LinkedBlockingQueue.java:442)&#10;        at java.util.concurrent.ThreadPoolExecutor.getTask(ThreadPoolExecutor.java:1074)&#10;        at java.util.concurrent.ThreadPoolExecutor.runWorker(ThreadPoolExecutor.java:1134)&#10;        at java.util.concurrent.ThreadPoolExecutor$Worker.run(ThreadPoolExecutor.java:624)&#10;        at java.lang.Thread.run(Thread.java:748)&#10;&quot;Session-HouseKeeper-442a1923-1&quot;  prio=5 tid=3871 timed_waiting&#10;java.lang.Thread.State: TIMED_WAITING&#10;        at sun.misc.Unsafe.park(Native Method)&#10;        at java.util.concurrent.locks.LockSupport.parkNanos(LockSupport.java:215)&#10;        at java.util.concurrent.locks.AbstractQueuedSynchronizer$ConditionObject.awaitNanos(AbstractQueuedSynchronizer.java:2078)&#10;        at java.util.concurrent.ScheduledThreadPoolExecutor$DelayedWorkQueue.take(ScheduledThreadPoolExecutor.java:1093)&#10;        at java.util.concurrent.ScheduledThreadPoolExecutor$DelayedWorkQueue.take(ScheduledThreadPoolExecutor.java:809)&#10;        at java.util.concurrent.ThreadPoolExecutor.getTask(ThreadPoolExecutor.java:1074)&#10;        at java.util.concurrent.ThreadPoolExecutor.runWorker(ThreadPoolExecutor.java:1134)&#10;        at java.util.concurrent.ThreadPoolExecutor$Worker.run(ThreadPoolExecutor.java:624)&#10;        at java.lang.Thread.run(Thread.java:748)&#10;&quot;IPC Server handler 5 on default port 45219&quot; daemon prio=5 tid=112 timed_waiting&#10;java.lang.Thread.State: TIMED_WAITING&#10;        at sun.misc.Unsafe.park(Native Method)&#10;        at java.util.concurrent.locks.LockSupport.parkNanos(LockSupport.java:215)&#10;        at java.util.concurrent.locks.AbstractQueuedSynchronizer$ConditionObject.awaitNanos(AbstractQueuedSynchronizer.java:2078)&#10;        at java.util.concurrent.LinkedBlockingQueue.poll(LinkedBlockingQueue.java:467)&#10;        at org.apache.hadoop.ipc.CallQueueManager.take(CallQueueManager.java:317)&#10;        at org.apache.hadoop.ipc.Server$Handler.run(Server.java:2932)&#10;&quot;Socket Reader #1 for port 0&quot;  prio=5 tid=33 runnable&#10;java.lang.Thread.State: RUNNABLE&#10;        at sun.nio.ch.EPollArrayWrapper.epollWait(Native Method)&#10;        at sun.nio.ch.EPollArrayWrapper.poll(EPollArrayWrapper.java:269)&#10;        at sun.nio.ch.EPollSelectorImpl.doSelect(EPollSelectorImpl.java:93)&#10;        at sun.nio.ch.SelectorImpl.lockAndDoSelect(SelectorImpl.java:86)&#10;        at sun.nio.ch.SelectorImpl.select(SelectorImpl.java:97)&#10;        at sun.nio.ch.SelectorImpl.select(SelectorImpl.java:101)&#10;        at org.apache.hadoop.ipc.Server$Listener$Reader.doRunLoop(Server.java:1288)&#10;        at org.apache.hadoop.ipc.Server$Listener$Reader.run(Server.java:1267)&#10;&quot;org.apache.hadoop.ozone.container.common.statemachine.commandhandler.DeleteBlocksCommandHandler$DeleteCmdWorker@54fe40e0&quot; daemon prio=5 tid=204 runnable&#10;java.lang.Thread.State: RUNNABLE&#10;        at java.lang.Thread.sleep(Native Method)&#10;        at org.apache.hadoop.ozone.container.common.statemachine.commandhandler.DeleteBlocksCommandHandler$DeleteCmdWorker.run(DeleteBlocksCommandHandler.java:175)&#10;        at java.lang.Thread.run(Thread.java:748)&#10;&quot;Datanode ReportManager Thread - 0&quot; daemon prio=5 tid=3878 in Object.wait()&#10;java.lang.Thread.State: WAITING (on object monitor)&#10;        at sun.misc.Unsafe.park(Native Method)&#10;        at java.util.concurrent.locks.LockSupport.park(LockSupport.java:175)&#10;        at java.util.concurrent.locks.AbstractQueuedSynchronizer$ConditionObject.await(AbstractQueuedSynchronizer.java:2039)&#10;        at java.util.concurrent.ScheduledThreadPoolExecutor$DelayedWorkQueue.take(ScheduledThreadPoolExecutor.java:1088)&#10;        at java.util.concurrent.ScheduledThreadPoolExecutor$DelayedWorkQueue.take(ScheduledThreadPoolExecutor.java:809)&#10;        at java.util.concurrent.ThreadPoolExecutor.getTask(ThreadPoolExecutor.java:1074)&#10;        at java.util.concurrent.ThreadPoolExecutor.runWorker(ThreadPoolExecutor.java:1134)&#10;        at java.util.concurrent.ThreadPoolExecutor$Worker.run(ThreadPoolExecutor.java:624)&#10;        at java.lang.Thread.run(Thread.java:748)&#10;&quot;IPC Server handler 0 on default port 33951&quot; daemon prio=5 tid=152 timed_waiting&#10;java.lang.Thread.State: TIMED_WAITING&#10;        at sun.misc.Unsafe.park(Native Method)&#10;        at java.util.concurrent.locks.LockSupport.parkNanos(LockSupport.java:215)&#10;        at java.util.concurrent.locks.AbstractQueuedSynchronizer$ConditionObject.awaitNanos(AbstractQueuedSynchronizer.java:2078)&#10;        at java.util.concurrent.LinkedBlockingQueue.poll(LinkedBlockingQueue.java:467)&#10;        at org.apache.hadoop.ipc.CallQueueManager.take(CallQueueManager.java:317)&#10;        at org.apache.hadoop.ipc.Server$Handler.run(Server.java:2932)&#10;&quot;IPC Server Responder&quot; daemon prio=5 tid=39 runnable&#10;java.lang.Thread.State: RUNNABLE&#10;        at sun.nio.ch.EPollArrayWrapper.epollWait(Native Method)&#10;        at sun.nio.ch.EPollArrayWrapper.poll(EPollArrayWrapper.java:269)&#10;        at sun.nio.ch.EPollSelectorImpl.doSelect(EPollSelectorImpl.java:93)&#10;        at sun.nio.ch.SelectorImpl.lockAndDoSelect(SelectorImpl.java:86)&#10;        at sun.nio.ch.SelectorImpl.select(SelectorImpl.java:97)&#10;        at org.apache.hadoop.ipc.Server$Responder.doRunLoop(Server.java:1527)&#10;        at org.apache.hadoop.ipc.Server$Responder.run(Server.java:1510)&#10;&quot;Datanode State Machine Task Thread - 1&quot;  prio=5 tid=3889 in Object.wait()&#10;java.lang.Thread.State: WAITING (on object monitor)&#10;        at sun.misc.Unsafe.park(Native Method)&#10;        at java.util.concurrent.locks.LockSupport.park(LockSupport.java:175)&#10;        at java.util.concurrent.locks.AbstractQueuedSynchronizer$ConditionObject.await(AbstractQueuedSynchronizer.java:2039)&#10;        at java.util.concurrent.LinkedBlockingQueue.take(LinkedBlockingQueue.java:442)&#10;        at java.util.concurrent.ThreadPoolExecutor.getTask(ThreadPoolExecutor.java:1074)&#10;        at java.util.concurrent.ThreadPoolExecutor.runWorker(ThreadPoolExecutor.java:1134)&#10;        at java.util.concurrent.ThreadPoolExecutor$Worker.run(ThreadPoolExecutor.java:624)&#10;        at java.lang.Thread.run(Thread.java:748)&#10;&quot;om1@group-C5BA1605619E-SegmentedRaftLogWorker&quot;  prio=5 tid=130 timed_waiting&#10;java.lang.Thread.State: TIMED_WAITING&#10;        at sun.misc.Unsafe.park(Native Method)&#10;        at java.util.concurrent.locks.LockSupport.parkNanos(LockSupport.java:215)&#10;        at java.util.concurrent.locks.AbstractQueuedSynchronizer$ConditionObject.awaitNanos(AbstractQueuedSynchronizer.java:2078)&#10;        at org.apache.ratis.util.DataBlockingQueue.poll(DataBlockingQueue.java:137)&#10;        at org.apache.ratis.server.raftlog.segmented.SegmentedRaftLogWorker.run(SegmentedRaftLogWorker.java:292)&#10;        at org.apache.ratis.server.raftlog.segmented.SegmentedRaftLogWorker$$Lambda$358/3735854.run(Unknown Source)&#10;        at java.lang.Thread.run(Thread.java:748)&#10;&quot;qtp1118795039-148&quot; daemon prio=5 tid=148 timed_waiting&#10;java.lang.Thread.State: TIMED_WAITING&#10;        at sun.misc.Unsafe.park(Native Method)&#10;        at java.util.concurrent.locks.LockSupport.parkNanos(LockSupport.java:215)&#10;        at java.util.concurrent.locks.AbstractQueuedSynchronizer$ConditionObject.awaitNanos(AbstractQueuedSynchronizer.java:2078)&#10;        at org.eclipse.jetty.util.BlockingArrayQueue.poll(BlockingArrayQueue.java:382)&#10;        at org.eclipse.jetty.util.thread.QueuedThreadPool$Runner.idleJobPoll(QueuedThreadPool.java:974)&#10;        at org.eclipse.jetty.util.thread.QueuedThreadPool$Runner.run(QueuedThreadPool.java:1018)&#10;        at java.lang.Thread.run(Thread.java:748)&#10;&quot;EventQueue-HealthyReadonlyToHealthyNodeForReadOnlyHealthyToHealthyNodeHandler&quot; daemon prio=5 tid=3916 in Object.wait()&#10;java.lang.Thread.State: WAITING (on object monitor)&#10;        at sun.misc.Unsafe.park(Native Method)&#10;        at java.util.concurrent.locks.LockSupport.park(LockSupport.java:175)&#10;        at java.util.concurrent.locks.AbstractQueuedSynchronizer$ConditionObject.await(AbstractQueuedSynchronizer.java:2039)&#10;        at java.util.concurrent.LinkedBlockingQueue.take(LinkedBlockingQueue.java:442)&#10;        at java.util.concurrent.ThreadPoolExecutor.getTask(ThreadPoolExecutor.java:1074)&#10;        at java.util.concurrent.ThreadPoolExecutor.runWorker(ThreadPoolExecutor.java:1134)&#10;        at java.util.concurrent.ThreadPoolExecutor$Worker.run(ThreadPoolExecutor.java:624)&#10;        at java.lang.Thread.run(Thread.java:748)&#10;&quot;Datanode ReportManager Thread - 3&quot; daemon prio=5 tid=219 in Object.wait()&#10;java.lang.Thread.State: WAITING (on object monitor)&#10;        at sun.misc.Unsafe.park(Native Method)&#10;        at java.util.concurrent.locks.LockSupport.park(LockSupport.java:175)&#10;        at java.util.concurrent.locks.AbstractQueuedSynchronizer$ConditionObject.await(AbstractQueuedSynchronizer.java:2039)&#10;        at java.util.concurrent.ScheduledThreadPoolExecutor$DelayedWorkQueue.take(ScheduledThreadPoolExecutor.java:1088)&#10;        at java.util.concurrent.ScheduledThreadPoolExecutor$DelayedWorkQueue.take(ScheduledThreadPoolExecutor.java:809)&#10;        at java.util.concurrent.ThreadPoolExecutor.getTask(ThreadPoolExecutor.java:1074)&#10;        at java.util.concurrent.ThreadPoolExecutor.runWorker(ThreadPoolExecutor.java:1134)&#10;        at java.util.concurrent.ThreadPoolExecutor$Worker.run(ThreadPoolExecutor.java:624)&#10;        at java.lang.Thread.run(Thread.java:748)&#10;&quot;qtp1532850076-96&quot; daemon prio=5 tid=96 timed_waiting&#10;java.lang.Thread.State: TIMED_WAITING&#10;        at sun.misc.Unsafe.park(Native Method)&#10;        at java.util.concurrent.locks.LockSupport.parkNanos(LockSupport.java:215)&#10;        at java.util.concurrent.locks.AbstractQueuedSynchronizer$ConditionObject.awaitNanos(AbstractQueuedSynchronizer.java:2078)&#10;        at org.eclipse.jetty.util.BlockingArrayQueue.poll(BlockingArrayQueue.java:382)&#10;        at org.eclipse.jetty.util.thread.QueuedThreadPool$Runner.idleJobPoll(QueuedThreadPool.java:974)&#10;        at org.eclipse.jetty.util.thread.QueuedThreadPool$Runner.run(QueuedThreadPool.java:1018)&#10;        at java.lang.Thread.run(Thread.java:748)&#10;&quot;EndpointStateMachine task thread for /0.0.0.0:45219 - 0 &quot;  prio=5 tid=252 in Object.wait()&#10;java.lang.Thread.State: WAITING (on object monitor)&#10;        at sun.misc.Unsafe.park(Native Method)&#10;        at java.util.concurrent.locks.LockSupport.park(LockSupport.java:175)&#10;        at java.util.concurrent.locks.AbstractQueuedSynchronizer$ConditionObject.await(AbstractQueuedSynchronizer.java:2039)&#10;        at java.util.concurrent.LinkedBlockingQueue.take(LinkedBlockingQueue.java:442)&#10;        at java.util.concurrent.ThreadPoolExecutor.getTask(ThreadPoolExecutor.java:1074)&#10;        at java.util.concurrent.ThreadPoolExecutor.runWorker(ThreadPoolExecutor.java:1134)&#10;        at java.util.concurrent.ThreadPoolExecutor$Worker.run(ThreadPoolExecutor.java:624)&#10;        at java.lang.Thread.run(Thread.java:748)&#10;&quot;IPC Server handler 10 on default port 45219&quot; daemon prio=5 tid=117 timed_waiting&#10;java.lang.Thread.State: TIMED_WAITING&#10;        at sun.misc.Unsafe.park(Native Method)&#10;        at java.util.concurrent.locks.LockSupport.parkNanos(LockSupport.java:215)&#10;        at java.util.concurrent.locks.AbstractQueuedSynchronizer$ConditionObject.awaitNanos(AbstractQueuedSynchronizer.java:2078)&#10;        at java.util.concurrent.LinkedBlockingQueue.poll(LinkedBlockingQueue.java:467)&#10;        at org.apache.hadoop.ipc.CallQueueManager.take(CallQueueManager.java:317)&#10;        at org.apache.hadoop.ipc.Server$Handler.run(Server.java:2932)&#10;&quot;Datanode State Machine Task Thread - 0&quot;  prio=5 tid=3996 timed_waiting&#10;java.lang.Thread.State: TIMED_WAITING&#10;        at sun.misc.Unsafe.park(Native Method)&#10;        at java.util.concurrent.locks.LockSupport.parkNanos(LockSupport.java:215)&#10;        at java.util.concurrent.FutureTask.awaitDone(FutureTask.java:426)&#10;        at java.util.concurrent.FutureTask.get(FutureTask.java:204)&#10;        at org.apache.hadoop.ozone.container.common.states.datanode.RunningDatanodeState.lambda$execute$0(RunningDatanodeState.java:149)&#10;        at org.apache.hadoop.ozone.container.common.states.datanode.RunningDatanodeState$$Lambda$723/1509246041.call(Unknown Source)&#10;        at java.util.concurrent.FutureTask.run(FutureTask.java:266)&#10;        at java.util.concurrent.Executors$RunnableAdapter.call(Executors.java:511)&#10;        at java.util.concurrent.FutureTask.run(FutureTask.java:266)&#10;        at java.util.concurrent.ThreadPoolExecutor.runWorker(ThreadPoolExecutor.java:1149)&#10;        at java.util.concurrent.ThreadPoolExecutor$Worker.run(ThreadPoolExecutor.java:624)&#10;        at java.lang.Thread.run(Thread.java:748)&#10;&quot;grpc-default-worker-ELG-3-1&quot; daemon prio=5 tid=300 runnable&#10;java.lang.Thread.State: RUNNABLE&#10;        at org.apache.ratis.thirdparty.io.netty.channel.epoll.Native.epollWait0(Native Method)&#10;        at org.apache.ratis.thirdparty.io.netty.channel.epoll.Native.epollWait(Native.java:161)&#10;        at org.apache.ratis.thirdparty.io.netty.channel.epoll.EpollEventLoop.epollWait(EpollEventLoop.java:286)&#10;        at org.apache.ratis.thirdparty.io.netty.channel.epoll.EpollEventLoop.run(EpollEventLoop.java:351)&#10;        at org.apache.ratis.thirdparty.io.netty.util.concurrent.SingleThreadEventExecutor$4.run(SingleThreadEventExecutor.java:989)&#10;        at org.apache.ratis.thirdparty.io.netty.util.internal.ThreadExecutorMap$2.run(ThreadExecutorMap.java:74)&#10;        at org.apache.ratis.thirdparty.io.netty.util.concurrent.FastThreadLocalRunnable.run(FastThreadLocalRunnable.java:30)&#10;        at java.lang.Thread.run(Thread.java:748)&#10;&quot;IPC Server handler 14 on default port 45219&quot; daemon prio=5 tid=121 timed_waiting&#10;java.lang.Thread.State: TIMED_WAITING&#10;        at sun.misc.Unsafe.park(Native Method)&#10;        at java.util.concurrent.locks.LockSupport.parkNanos(LockSupport.java:215)&#10;        at java.util.concurrent.locks.AbstractQueuedSynchronizer$ConditionObject.awaitNanos(AbstractQueuedSynchronizer.java:2078)&#10;        at java.util.concurrent.LinkedBlockingQueue.poll(LinkedBlockingQueue.java:467)&#10;        at org.apache.hadoop.ipc.CallQueueManager.take(CallQueueManager.java:317)&#10;        at org.apache.hadoop.ipc.Server$Handler.run(Server.java:2932)&#10;&quot;Datanode ReportManager Thread - 2&quot; daemon prio=5 tid=218 in Object.wait()&#10;java.lang.Thread.State: WAITING (on object monitor)&#10;        at sun.misc.Unsafe.park(Native Method)&#10;        at java.util.concurrent.locks.LockSupport.park(LockSupport.java:175)&#10;        at java.util.concurrent.locks.AbstractQueuedSynchronizer$ConditionObject.await(AbstractQueuedSynchronizer.java:2039)&#10;        at java.util.concurrent.ScheduledThreadPoolExecutor$DelayedWorkQueue.take(ScheduledThreadPoolExecutor.java:1088)&#10;        at java.util.concurrent.ScheduledThreadPoolExecutor$DelayedWorkQueue.take(ScheduledThreadPoolExecutor.java:809)&#10;        at java.util.concurrent.ThreadPoolExecutor.getTask(ThreadPoolExecutor.java:1074)&#10;        at java.util.concurrent.ThreadPoolExecutor.runWorker(ThreadPoolExecutor.java:1134)&#10;        at java.util.concurrent.ThreadPoolExecutor$Worker.run(ThreadPoolExecutor.java:624)&#10;        at java.lang.Thread.run(Thread.java:748)&#10;&quot;Datanode State Machine Task Thread - 1&quot;  prio=5 tid=3998 in Object.wait()&#10;java.lang.Thread.State: WAITING (on object monitor)&#10;        at sun.misc.Unsafe.park(Native Method)&#10;        at java.util.concurrent.locks.LockSupport.park(LockSupport.java:175)&#10;        at java.util.concurrent.locks.AbstractQueuedSynchronizer$ConditionObject.await(AbstractQueuedSynchronizer.java:2039)&#10;        at java.util.concurrent.LinkedBlockingQueue.take(LinkedBlockingQueue.java:442)&#10;        at java.util.concurrent.ThreadPoolExecutor.getTask(ThreadPoolExecutor.java:1074)&#10;        at java.util.concurrent.ThreadPoolExecutor.runWorker(ThreadPoolExecutor.java:1134)&#10;        at java.util.concurrent.ThreadPoolExecutor$Worker.run(ThreadPoolExecutor.java:624)&#10;        at java.lang.Thread.run(Thread.java:748)&#10;&quot;org.apache.hadoop.ozone.container.common.statemachine.commandhandler.DeleteBlocksCommandHandler$DeleteCmdWorker@4c44ed49&quot; daemon prio=5 tid=179 runnable&#10;java.lang.Thread.State: RUNNABLE&#10;        at java.lang.Thread.sleep(Native Method)&#10;        at org.apache.hadoop.ozone.container.common.statemachine.commandhandler.DeleteBlocksCommandHandler$DeleteCmdWorker.run(DeleteBlocksCommandHandler.java:175)&#10;        at java.lang.Thread.run(Thread.java:748)&#10;&quot;Socket Reader #1 for port 0&quot;  prio=5 tid=37 runnable&#10;java.lang.Thread.State: RUNNABLE&#10;        at sun.nio.ch.EPollArrayWrapper.epollWait(Native Method)&#10;        at sun.nio.ch.EPollArrayWrapper.poll(EPollArrayWrapper.java:269)&#10;        at sun.nio.ch.EPollSelectorImpl.doSelect(EPollSelectorImpl.java:93)&#10;        at sun.nio.ch.SelectorImpl.lockAndDoSelect(SelectorImpl.java:86)&#10;        at sun.nio.ch.SelectorImpl.select(SelectorImpl.java:97)&#10;        at sun.nio.ch.SelectorImpl.select(SelectorImpl.java:101)&#10;        at org.apache.hadoop.ipc.Server$Listener$Reader.doRunLoop(Server.java:1288)&#10;        at org.apache.hadoop.ipc.Server$Listener$Reader.run(Server.java:1267)&#10;&quot;qtp224406115-3868&quot; daemon prio=5 tid=3868 timed_waiting&#10;java.lang.Thread.State: TIMED_WAITING&#10;        at sun.misc.Unsafe.park(Native Method)&#10;        at java.util.concurrent.locks.LockSupport.parkNanos(LockSupport.java:215)&#10;        at java.util.concurrent.locks.AbstractQueuedSynchronizer$ConditionObject.awaitNanos(AbstractQueuedSynchronizer.java:2078)&#10;        at org.eclipse.jetty.util.BlockingArrayQueue.poll(BlockingArrayQueue.java:382)&#10;        at org.eclipse.jetty.util.thread.QueuedThreadPool$Runner.idleJobPoll(QueuedThreadPool.java:974)&#10;        at org.eclipse.jetty.util.thread.QueuedThreadPool$Runner.run(QueuedThreadPool.java:1018)&#10;        at java.lang.Thread.run(Thread.java:748)&#10;&quot;org.apache.hadoop.ozone.container.common.statemachine.commandhandler.DeleteBlocksCommandHandler$DeleteCmdWorker@6c83c686&quot; daemon prio=5 tid=231 runnable&#10;java.lang.Thread.State: RUNNABLE&#10;        at java.lang.Thread.sleep(Native Method)&#10;        at org.apache.hadoop.ozone.container.common.statemachine.commandhandler.DeleteBlocksCommandHandler$DeleteCmdWorker.run(DeleteBlocksCommandHandler.java:175)&#10;        at java.lang.Thread.run(Thread.java:748)&#10;&quot;IPC Server handler 1 on default port 34953&quot; daemon prio=5 tid=49 timed_waiting&#10;java.lang.Thread.State: TIMED_WAITING&#10;        at sun.misc.Unsafe.park(Native Method)&#10;        at java.util.concurrent.locks.LockSupport.parkNanos(LockSupport.java:215)&#10;        at java.util.concurrent.locks.AbstractQueuedSynchronizer$ConditionObject.awaitNanos(AbstractQueuedSynchronizer.java:2078)&#10;        at java.util.concurrent.LinkedBlockingQueue.poll(LinkedBlockingQueue.java:467)&#10;        at org.apache.hadoop.ipc.CallQueueManager.take(CallQueueManager.java:317)&#10;        at org.apache.hadoop.ipc.Server$Handler.run(Server.java:2932)&#10;&quot;qtp1684038962-3983&quot; daemon prio=5 tid=3983 timed_waiting&#10;java.lang.Thread.State: TIMED_WAITING&#10;        at sun.misc.Unsafe.park(Native Method)&#10;        at java.util.concurrent.locks.LockSupport.parkNanos(LockSupport.java:215)&#10;        at java.util.concurrent.locks.AbstractQueuedSynchronizer$ConditionObject.awaitNanos(AbstractQueuedSynchronizer.java:2078)&#10;        at org.eclipse.jetty.util.BlockingArrayQueue.poll(BlockingArrayQueue.java:382)&#10;        at org.eclipse.jetty.util.thread.QueuedThreadPool$Runner.idleJobPoll(QueuedThreadPool.java:974)&#10;        at org.eclipse.jetty.util.thread.QueuedThreadPool$Runner.run(QueuedThreadPool.java:1018)&#10;        at java.lang.Thread.run(Thread.java:748)&#10;&quot;IPC Server handler 2 on default port 45219&quot; daemon prio=5 tid=109 timed_waiting&#10;java.lang.Thread.State: TIMED_WAITING&#10;        at sun.misc.Unsafe.park(Native Method)&#10;        at java.util.concurrent.locks.LockSupport.parkNanos(LockSupport.java:215)&#10;        at java.util.concurrent.locks.AbstractQueuedSynchronizer$ConditionObject.awaitNanos(AbstractQueuedSynchronizer.java:2078)&#10;        at java.util.concurrent.LinkedBlockingQueue.poll(LinkedBlockingQueue.java:467)&#10;        at org.apache.hadoop.ipc.CallQueueManager.take(CallQueueManager.java:317)&#10;        at org.apache.hadoop.ipc.Server$Handler.run(Server.java:2932)&#10;&quot;IPC Server handler 7 on default port 44723&quot; daemon prio=5 tid=75 timed_waiting&#10;java.lang.Thread.State: TIMED_WAITING&#10;        at sun.misc.Unsafe.park(Native Method)&#10;        at java.util.concurrent.locks.LockSupport.parkNanos(LockSupport.java:215)&#10;        at java.util.concurrent.locks.AbstractQueuedSynchronizer$ConditionObject.awaitNanos(AbstractQueuedSynchronizer.java:2078)&#10;        at java.util.concurrent.LinkedBlockingQueue.poll(LinkedBlockingQueue.java:467)&#10;        at org.apache.hadoop.ipc.CallQueueManager.take(CallQueueManager.java:317)&#10;        at org.apache.hadoop.ipc.Server$Handler.run(Server.java:2932)&#10;&quot;IPC Client (1673413960) connection to /0.0.0.0:45219 from runner&quot; daemon prio=5 tid=253 timed_waiting&#10;java.lang.Thread.State: TIMED_WAITING&#10;        at java.lang.Object.wait(Native Method)&#10;        at org.apache.hadoop.ipc.Client$Connection.waitForWork(Client.java:1053)&#10;        at org.apache.hadoop.ipc.Client$Connection.run(Client.java:1097)&#10;&quot;Datanode ReportManager Thread - 3&quot; daemon prio=5 tid=194 in Object.wait()&#10;java.lang.Thread.State: WAITING (on object monitor)&#10;        at sun.misc.Unsafe.park(Native Method)&#10;        at java.util.concurrent.locks.LockSupport.park(LockSupport.java:175)&#10;        at java.util.concurrent.locks.AbstractQueuedSynchronizer$ConditionObject.await(AbstractQueuedSynchronizer.java:2039)&#10;        at java.util.concurrent.ScheduledThreadPoolExecutor$DelayedWorkQueue.take(ScheduledThreadPoolExecutor.java:1088)&#10;        at java.util.concurrent.ScheduledThreadPoolExecutor$DelayedWorkQueue.take(ScheduledThreadPoolExecutor.java:809)&#10;        at java.util.concurrent.ThreadPoolExecutor.getTask(ThreadPoolExecutor.java:1074)&#10;        at java.util.concurrent.ThreadPoolExecutor.runWorker(ThreadPoolExecutor.java:1134)&#10;        at java.util.concurrent.ThreadPoolExecutor$Worker.run(ThreadPoolExecutor.java:624)&#10;        at java.lang.Thread.run(Thread.java:748)&#10;&quot;qtp1532850076-91&quot; daemon prio=5 tid=91 runnable&#10;java.lang.Thread.State: RUNNABLE&#10;        at sun.nio.ch.EPollArrayWrapper.epollWait(Native Method)&#10;        at sun.nio.ch.EPollArrayWrapper.poll(EPollArrayWrapper.java:269)&#10;        at sun.nio.ch.EPollSelectorImpl.doSelect(EPollSelectorImpl.java:93)&#10;        at sun.nio.ch.SelectorImpl.lockAndDoSelect(SelectorImpl.java:86)&#10;        at sun.nio.ch.SelectorImpl.select(SelectorImpl.java:97)&#10;        at sun.nio.ch.SelectorImpl.select(SelectorImpl.java:101)&#10;        at org.eclipse.jetty.io.ManagedSelector.nioSelect(ManagedSelector.java:183)&#10;        at org.eclipse.jetty.io.ManagedSelector.select(ManagedSelector.java:190)&#10;        at org.eclipse.jetty.io.ManagedSelector$SelectorProducer.select(ManagedSelector.java:606)&#10;        at org.eclipse.jetty.io.ManagedSelector$SelectorProducer.produce(ManagedSelector.java:543)&#10;        at org.eclipse.jetty.util.thread.strategy.EatWhatYouKill.produceTask(EatWhatYouKill.java:362)&#10;        at org.eclipse.jetty.util.thread.strategy.EatWhatYouKill.doProduce(EatWhatYouKill.java:186)&#10;        at org.eclipse.jetty.util.thread.strategy.EatWhatYouKill.tryProduce(EatWhatYouKill.java:173)&#10;        at org.eclipse.jetty.util.thread.strategy.EatWhatYouKill.produce(EatWhatYouKill.java:137)&#10;        at org.eclipse.jetty.io.ManagedSelector$$Lambda$644/155934691.run(Unknown Source)&#10;        at org.eclipse.jetty.util.thread.QueuedThreadPool.runJob(QueuedThreadPool.java:883)&#10;        at org.eclipse.jetty.util.thread.QueuedThreadPool$Runner.run(QueuedThreadPool.java:1034)&#10;        at java.lang.Thread.run(Thread.java:748)&#10;&quot;qtp1684038962-3976&quot; daemon prio=5 tid=3976 timed_waiting&#10;java.lang.Thread.State: TIMED_WAITING&#10;        at sun.misc.Unsafe.park(Native Method)&#10;        at java.util.concurrent.locks.LockSupport.parkNanos(LockSupport.java:215)&#10;        at java.util.concurrent.locks.AbstractQueuedSynchronizer$ConditionObject.awaitNanos(AbstractQueuedSynchronizer.java:2078)&#10;        at org.eclipse.jetty.util.BlockingArrayQueue.poll(BlockingArrayQueue.java:382)&#10;        at org.eclipse.jetty.util.thread.QueuedThreadPool$Runner.idleJobPoll(QueuedThreadPool.java:974)&#10;        at org.eclipse.jetty.util.thread.QueuedThreadPool$Runner.run(QueuedThreadPool.java:1018)&#10;        at java.lang.Thread.run(Thread.java:748)&#10;&quot;Session-HouseKeeper-16160a37-1&quot;  prio=5 tid=99 timed_waiting&#10;java.lang.Thread.State: TIMED_WAITING&#10;        at sun.misc.Unsafe.park(Native Method)&#10;        at java.util.concurrent.locks.LockSupport.parkNanos(LockSupport.java:215)&#10;        at java.util.concurrent.locks.AbstractQueuedSynchronizer$ConditionObject.awaitNanos(AbstractQueuedSynchronizer.java:2078)&#10;        at java.util.concurrent.ScheduledThreadPoolExecutor$DelayedWorkQueue.take(ScheduledThreadPoolExecutor.java:1093)&#10;        at java.util.concurrent.ScheduledThreadPoolExecutor$DelayedWorkQueue.take(ScheduledThreadPoolExecutor.java:809)&#10;        at java.util.concurrent.ThreadPoolExecutor.getTask(ThreadPoolExecutor.java:1074)&#10;        at java.util.concurrent.ThreadPoolExecutor.runWorker(ThreadPoolExecutor.java:1134)&#10;        at java.util.concurrent.ThreadPoolExecutor$Worker.run(ThreadPoolExecutor.java:624)&#10;        at java.lang.Thread.run(Thread.java:748)&#10;&quot;Periodic HDDS volume checker&quot; daemon prio=5 tid=3855 timed_waiting&#10;java.lang.Thread.State: TIMED_WAITING&#10;        at sun.misc.Unsafe.park(Native Method)&#10;        at java.util.concurrent.locks.LockSupport.parkNanos(LockSupport.java:215)&#10;        at java.util.concurrent.locks.AbstractQueuedSynchronizer$ConditionObject.awaitNanos(AbstractQueuedSynchronizer.java:2078)&#10;        at java.util.concurrent.ScheduledThreadPoolExecutor$DelayedWorkQueue.take(ScheduledThreadPoolExecutor.java:1093)&#10;        at java.util.concurrent.ScheduledThreadPoolExecutor$DelayedWorkQueue.take(ScheduledThreadPoolExecutor.java:809)&#10;        at java.util.concurrent.ThreadPoolExecutor.getTask(ThreadPoolExecutor.java:1074)&#10;        at java.util.concurrent.ThreadPoolExecutor.runWorker(ThreadPoolExecutor.java:1134)&#10;        at java.util.concurrent.ThreadPoolExecutor$Worker.run(ThreadPoolExecutor.java:624)&#10;        at java.lang.Thread.run(Thread.java:748)&#10;&quot;EventQueue-CloseContainerForCloseContainerEventHandler&quot; daemon prio=5 tid=3853 in Object.wait()&#10;java.lang.Thread.State: WAITING (on object monitor)&#10;        at sun.misc.Unsafe.park(Native Method)&#10;        at java.util.concurrent.locks.LockSupport.park(LockSupport.java:175)&#10;        at java.util.concurrent.locks.AbstractQueuedSynchronizer$ConditionObject.await(AbstractQueuedSynchronizer.java:2039)&#10;        at java.util.concurrent.LinkedBlockingQueue.take(LinkedBlockingQueue.java:442)&#10;        at java.util.concurrent.ThreadPoolExecutor.getTask(ThreadPoolExecutor.java:1074)&#10;        at java.util.concurrent.ThreadPoolExecutor.runWorker(ThreadPoolExecutor.java:1134)&#10;        at java.util.concurrent.ThreadPoolExecutor$Worker.run(ThreadPoolExecutor.java:624)&#10;        at java.lang.Thread.run(Thread.java:748)&#10;&quot;IPC Server handler 9 on default port 44723&quot; daemon prio=5 tid=77 timed_waiting&#10;java.lang.Thread.State: TIMED_WAITING&#10;        at sun.misc.Unsafe.park(Native Method)&#10;        at java.util.concurrent.locks.LockSupport.parkNanos(LockSupport.java:215)&#10;        at java.util.concurrent.locks.AbstractQueuedSynchronizer$ConditionObject.awaitNanos(AbstractQueuedSynchronizer.java:2078)&#10;        at java.util.concurrent.LinkedBlockingQueue.poll(LinkedBlockingQueue.java:467)&#10;        at org.apache.hadoop.ipc.CallQueueManager.take(CallQueueManager.java:317)&#10;        at org.apache.hadoop.ipc.Server$Handler.run(Server.java:2932)&#10;&quot;IPC Server listener on 0&quot; daemon prio=5 tid=36 runnable&#10;java.lang.Thread.State: RUNNABLE&#10;        at sun.nio.ch.EPollArrayWrapper.epollWait(Native Method)&#10;        at sun.nio.ch.EPollArrayWrapper.poll(EPollArrayWrapper.java:269)&#10;        at sun.nio.ch.EPollSelectorImpl.doSelect(EPollSelectorImpl.java:93)&#10;        at sun.nio.ch.SelectorImpl.lockAndDoSelect(SelectorImpl.java:86)&#10;        at sun.nio.ch.SelectorImpl.select(SelectorImpl.java:97)&#10;        at sun.nio.ch.SelectorImpl.select(SelectorImpl.java:101)&#10;        at org.apache.hadoop.ipc.Server$Listener.run(Server.java:1350)&#10;&quot;IPC Server handler 0 on default port 44723&quot; daemon prio=5 tid=68 timed_waiting&#10;java.lang.Thread.State: TIMED_WAITING&#10;        at sun.misc.Unsafe.park(Native Method)&#10;        at java.util.concurrent.locks.LockSupport.parkNanos(LockSupport.java:215)&#10;        at java.util.concurrent.locks.AbstractQueuedSynchronizer$ConditionObject.awaitNanos(AbstractQueuedSynchronizer.java:2078)&#10;        at java.util.concurrent.LinkedBlockingQueue.poll(LinkedBlockingQueue.java:467)&#10;        at org.apache.hadoop.ipc.CallQueueManager.take(CallQueueManager.java:317)&#10;        at org.apache.hadoop.ipc.Server$Handler.run(Server.java:2932)&#10;&quot;grpc-default-worker-ELG-3-2&quot; daemon prio=5 tid=303 runnable&#10;java.lang.Thread.State: RUNNABLE&#10;        at org.apache.ratis.thirdparty.io.netty.channel.epoll.Native.epollWait0(Native Method)&#10;        at org.apache.ratis.thirdparty.io.netty.channel.epoll.Native.epollWait(Native.java:161)&#10;        at org.apache.ratis.thirdparty.io.netty.channel.epoll.EpollEventLoop.epollWait(EpollEventLoop.java:286)&#10;        at org.apache.ratis.thirdparty.io.netty.channel.epoll.EpollEventLoop.run(EpollEventLoop.java:351)&#10;        at org.apache.ratis.thirdparty.io.netty.util.concurrent.SingleThreadEventExecutor$4.run(SingleThreadEventExecutor.java:989)&#10;        at org.apache.ratis.thirdparty.io.netty.util.internal.ThreadExecutorMap$2.run(ThreadExecutorMap.java:74)&#10;        at org.apache.ratis.thirdparty.io.netty.util.concurrent.FastThreadLocalRunnable.run(FastThreadLocalRunnable.java:30)&#10;        at java.lang.Thread.run(Thread.java:748)&#10;&quot;IPC Server handler 14 on default port 33951&quot; daemon prio=5 tid=166 timed_waiting&#10;java.lang.Thread.State: TIMED_WAITING&#10;        at sun.misc.Unsafe.park(Native Method)&#10;        at java.util.concurrent.locks.LockSupport.parkNanos(LockSupport.java:215)&#10;        at java.util.concurrent.locks.AbstractQueuedSynchronizer$ConditionObject.awaitNanos(AbstractQueuedSynchronizer.java:2078)&#10;        at java.util.concurrent.LinkedBlockingQueue.poll(LinkedBlockingQueue.java:467)&#10;        at org.apache.hadoop.ipc.CallQueueManager.take(CallQueueManager.java:317)&#10;        at org.apache.hadoop.ipc.Server$Handler.run(Server.java:2932)&#10;&quot;Datanode ReportManager Thread - 2&quot; daemon prio=5 tid=3991 timed_waiting&#10;java.lang.Thread.State: TIMED_WAITING&#10;        at sun.misc.Unsafe.park(Native Method)&#10;        at java.util.concurrent.locks.LockSupport.parkNanos(LockSupport.java:215)&#10;        at java.util.concurrent.locks.AbstractQueuedSynchronizer$ConditionObject.awaitNanos(AbstractQueuedSynchronizer.java:2078)&#10;        at java.util.concurrent.ScheduledThreadPoolExecutor$DelayedWorkQueue.take(ScheduledThreadPoolExecutor.java:1093)&#10;        at java.util.concurrent.ScheduledThreadPoolExecutor$DelayedWorkQueue.take(ScheduledThreadPoolExecutor.java:809)&#10;        at java.util.concurrent.ThreadPoolExecutor.getTask(ThreadPoolExecutor.java:1074)&#10;        at java.util.concurrent.ThreadPoolExecutor.runWorker(ThreadPoolExecutor.java:1134)&#10;        at java.util.concurrent.ThreadPoolExecutor$Worker.run(ThreadPoolExecutor.java:624)&#10;        at java.lang.Thread.run(Thread.java:748)&#10;&quot;OM StateMachine ApplyTransaction Thread - 0&quot; daemon prio=5 tid=398 in Object.wait()&#10;java.lang.Thread.State: WAITING (on object monitor)&#10;        at sun.misc.Unsafe.park(Native Method)&#10;        at java.util.concurrent.locks.LockSupport.park(LockSupport.java:175)&#10;        at java.util.concurrent.locks.AbstractQueuedSynchronizer$ConditionObject.await(AbstractQueuedSynchronizer.java:2039)&#10;        at java.util.concurrent.LinkedBlockingQueue.take(LinkedBlockingQueue.java:442)&#10;        at java.util.concurrent.ThreadPoolExecutor.getTask(ThreadPoolExecutor.java:1074)&#10;        at java.util.concurrent.ThreadPoolExecutor.runWorker(ThreadPoolExecutor.java:1134)&#10;        at java.util.concurrent.ThreadPoolExecutor$Worker.run(ThreadPoolExecutor.java:624)&#10;        at java.lang.Thread.run(Thread.java:748)&#10;&quot;EventQueue-DatanodeCommandForSCMNodeManager&quot;  prio=5 tid=288 in Object.wait()&#10;java.lang.Thread.State: WAITING (on object monitor)&#10;        at sun.misc.Unsafe.park(Native Method)&#10;        at java.util.concurrent.locks.LockSupport.park(LockSupport.java:175)&#10;        at java.util.concurrent.locks.AbstractQueuedSynchronizer$ConditionObject.await(AbstractQueuedSynchronizer.java:2039)&#10;        at java.util.concurrent.LinkedBlockingQueue.take(LinkedBlockingQueue.java:442)&#10;        at java.util.concurrent.ThreadPoolExecutor.getTask(ThreadPoolExecutor.java:1074)&#10;        at java.util.concurrent.ThreadPoolExecutor.runWorker(ThreadPoolExecutor.java:1134)&#10;        at java.util.concurrent.ThreadPoolExecutor$Worker.run(ThreadPoolExecutor.java:624)&#10;        at java.lang.Thread.run(Thread.java:748)&#10;&quot;IPC Server handler 15 on default port 33951&quot; daemon prio=5 tid=167 timed_waiting&#10;java.lang.Thread.State: TIMED_WAITING&#10;        at sun.misc.Unsafe.park(Native Method)&#10;        at java.util.concurrent.locks.LockSupport.parkNanos(LockSupport.java:215)&#10;        at java.util.concurrent.locks.AbstractQueuedSynchronizer$ConditionObject.awaitNanos(AbstractQueuedSynchronizer.java:2078)&#10;        at java.util.concurrent.LinkedBlockingQueue.poll(LinkedBlockingQueue.java:467)&#10;        at org.apache.hadoop.ipc.CallQueueManager.take(CallQueueManager.java:317)&#10;        at org.apache.hadoop.ipc.Server$Handler.run(Server.java:2932)&#10;&quot;IPC Server listener on 0&quot; daemon prio=5 tid=132 runnable&#10;java.lang.Thread.State: RUNNABLE&#10;        at sun.nio.ch.EPollArrayWrapper.epollWait(Native Method)&#10;        at sun.nio.ch.EPollArrayWrapper.poll(EPollArrayWrapper.java:269)&#10;        at sun.nio.ch.EPollSelectorImpl.doSelect(EPollSelectorImpl.java:93)&#10;        at sun.nio.ch.SelectorImpl.lockAndDoSelect(SelectorImpl.java:86)&#10;        at sun.nio.ch.SelectorImpl.select(SelectorImpl.java:97)&#10;        at sun.nio.ch.SelectorImpl.select(SelectorImpl.java:101)&#10;        at org.apache.hadoop.ipc.Server$Listener.run(Server.java:1350)&#10;&quot;Datanode ReportManager Thread - 0&quot; daemon prio=5 tid=191 in Object.wait()&#10;java.lang.Thread.State: WAITING (on object monitor)&#10;        at sun.misc.Unsafe.park(Native Method)&#10;        at java.util.concurrent.locks.LockSupport.park(LockSupport.java:175)&#10;        at java.util.concurrent.locks.AbstractQueuedSynchronizer$ConditionObject.await(AbstractQueuedSynchronizer.java:2039)&#10;        at java.util.concurrent.ScheduledThreadPoolExecutor$DelayedWorkQueue.take(ScheduledThreadPoolExecutor.java:1088)&#10;        at java.util.concurrent.ScheduledThreadPoolExecutor$DelayedWorkQueue.take(ScheduledThreadPoolExecutor.java:809)&#10;        at java.util.concurrent.ThreadPoolExecutor.getTask(ThreadPoolExecutor.java:1074)&#10;        at java.util.concurrent.ThreadPoolExecutor.runWorker(ThreadPoolExecutor.java:1134)&#10;        at java.util.concurrent.ThreadPoolExecutor$Worker.run(ThreadPoolExecutor.java:624)&#10;        at java.lang.Thread.run(Thread.java:748)&#10;&quot;IPC Server handler 16 on default port 44723&quot; daemon prio=5 tid=84 timed_waiting&#10;java.lang.Thread.State: TIMED_WAITING&#10;        at sun.misc.Unsafe.park(Native Method)&#10;        at java.util.concurrent.locks.LockSupport.parkNanos(LockSupport.java:215)&#10;        at java.util.concurrent.locks.AbstractQueuedSynchronizer$ConditionObject.awaitNanos(AbstractQueuedSynchronizer.java:2078)&#10;        at java.util.concurrent.LinkedBlockingQueue.poll(LinkedBlockingQueue.java:467)&#10;        at org.apache.hadoop.ipc.CallQueueManager.take(CallQueueManager.java:317)&#10;        at org.apache.hadoop.ipc.Server$Handler.run(Server.java:2932)&#10;&quot;qtp1532850076-97&quot; daemon prio=5 tid=97 timed_waiting&#10;java.lang.Thread.State: TIMED_WAITING&#10;        at sun.misc.Unsafe.park(Native Method)&#10;        at java.util.concurrent.locks.LockSupport.parkNanos(LockSupport.java:215)&#10;        at java.util.concurrent.locks.AbstractQueuedSynchronizer$ConditionObject.awaitNanos(AbstractQueuedSynchronizer.java:2078)&#10;        at org.eclipse.jetty.util.BlockingArrayQueue.poll(BlockingArrayQueue.java:382)&#10;        at org.eclipse.jetty.util.thread.QueuedThreadPool$Runner.idleJobPoll(QueuedThreadPool.java:974)&#10;        at org.eclipse.jetty.util.thread.QueuedThreadPool$Runner.run(QueuedThreadPool.java:1018)&#10;        at java.lang.Thread.run(Thread.java:748)&#10;&quot;IPC Server handler 18 on default port 45219&quot; daemon prio=5 tid=125 timed_waiting&#10;java.lang.Thread.State: TIMED_WAITING&#10;        at sun.misc.Unsafe.park(Native Method)&#10;        at java.util.concurrent.locks.LockSupport.parkNanos(LockSupport.java:215)&#10;        at java.util.concurrent.locks.AbstractQueuedSynchronizer$ConditionObject.awaitNanos(AbstractQueuedSynchronizer.java:2078)&#10;        at java.util.concurrent.LinkedBlockingQueue.poll(LinkedBlockingQueue.java:467)&#10;        at org.apache.hadoop.ipc.CallQueueManager.take(CallQueueManager.java:317)&#10;        at org.apache.hadoop.ipc.Server$Handler.run(Server.java:2932)&#10;&quot;org.apache.ratis.util.JvmPauseMonitor$$Lambda$422/823775087@72700c3a&quot; daemon prio=5 tid=3898 timed_waiting&#10;java.lang.Thread.State: TIMED_WAITING&#10;        at java.lang.Thread.sleep(Native Method)&#10;        at java.lang.Thread.sleep(Thread.java:340)&#10;        at java.util.concurrent.TimeUnit.sleep(TimeUnit.java:386)&#10;        at org.apache.ratis.util.TimeDuration.sleep(TimeDuration.java:324)&#10;        at org.apache.ratis.util.TimeDuration.sleep(TimeDuration.java:309)&#10;        at org.apache.ratis.util.JvmPauseMonitor.detectPause(JvmPauseMonitor.java:117)&#10;        at org.apache.ratis.util.JvmPauseMonitor.run(JvmPauseMonitor.java:106)&#10;        at org.apache.ratis.util.JvmPauseMonitor$$Lambda$422/823775087.run(Unknown Source)&#10;        at java.lang.Thread.run(Thread.java:748)&#10;&quot;Datanode ReportManager Thread - 4&quot; daemon prio=5 tid=220 timed_waiting&#10;java.lang.Thread.State: TIMED_WAITING&#10;        at sun.misc.Unsafe.park(Native Method)&#10;        at java.util.concurrent.locks.LockSupport.parkNanos(LockSupport.java:215)&#10;        at java.util.concurrent.locks.AbstractQueuedSynchronizer$ConditionObject.awaitNanos(AbstractQueuedSynchronizer.java:2078)&#10;        at java.util.concurrent.ScheduledThreadPoolExecutor$DelayedWorkQueue.take(ScheduledThreadPoolExecutor.java:1093)&#10;        at java.util.concurrent.ScheduledThreadPoolExecutor$DelayedWorkQueue.take(ScheduledThreadPoolExecutor.java:809)&#10;        at java.util.concurrent.ThreadPoolExecutor.getTask(ThreadPoolExecutor.java:1074)&#10;        at java.util.concurrent.ThreadPoolExecutor.runWorker(ThreadPoolExecutor.java:1134)&#10;        at java.util.concurrent.ThreadPoolExecutor$Worker.run(ThreadPoolExecutor.java:624)&#10;        at java.lang.Thread.run(Thread.java:748)&#10;&quot;IPC Server handler 1 on default port 45219&quot; daemon prio=5 tid=108 timed_waiting&#10;java.lang.Thread.State: TIMED_WAITING&#10;        at sun.misc.Unsafe.park(Native Method)&#10;        at java.util.concurrent.locks.LockSupport.parkNanos(LockSupport.java:215)&#10;        at java.util.concurrent.locks.AbstractQueuedSynchronizer$ConditionObject.awaitNanos(AbstractQueuedSynchronizer.java:2078)&#10;        at java.util.concurrent.LinkedBlockingQueue.poll(LinkedBlockingQueue.java:467)&#10;        at org.apache.hadoop.ipc.CallQueueManager.take(CallQueueManager.java:317)&#10;        at org.apache.hadoop.ipc.Server$Handler.run(Server.java:2932)&#10;&quot;Datanode State Machine Task Thread - 0&quot;  prio=5 tid=3885 in Object.wait()&#10;java.lang.Thread.State: WAITING (on object monitor)&#10;        at sun.misc.Unsafe.park(Native Method)&#10;        at java.util.concurrent.locks.LockSupport.park(LockSupport.java:175)&#10;        at java.util.concurrent.locks.AbstractQueuedSynchronizer$ConditionObject.await(AbstractQueuedSynchronizer.java:2039)&#10;        at java.util.concurrent.LinkedBlockingQueue.take(LinkedBlockingQueue.java:442)&#10;        at java.util.concurrent.ThreadPoolExecutor.getTask(ThreadPoolExecutor.java:1074)&#10;        at java.util.concurrent.ThreadPoolExecutor.runWorker(ThreadPoolExecutor.java:1134)&#10;        at java.util.concurrent.ThreadPoolExecutor$Worker.run(ThreadPoolExecutor.java:624)&#10;        at java.lang.Thread.run(Thread.java:748)&#10;&quot;IPC Server handler 7 on default port 45219&quot; daemon prio=5 tid=114 timed_waiting&#10;java.lang.Thread.State: TIMED_WAITING&#10;        at sun.misc.Unsafe.park(Native Method)&#10;        at java.util.concurrent.locks.LockSupport.parkNanos(LockSupport.java:215)&#10;        at java.util.concurrent.locks.AbstractQueuedSynchronizer$ConditionObject.awaitNanos(AbstractQueuedSynchronizer.java:2078)&#10;        at java.util.concurrent.LinkedBlockingQueue.poll(LinkedBlockingQueue.java:467)&#10;        at org.apache.hadoop.ipc.CallQueueManager.take(CallQueueManager.java:317)&#10;        at org.apache.hadoop.ipc.Server$Handler.run(Server.java:2932)&#10;&quot;DirectoryDeletingService#0&quot; daemon prio=5 tid=141 timed_waiting&#10;java.lang.Thread.State: TIMED_WAITING&#10;        at sun.misc.Unsafe.park(Native Method)&#10;        at java.util.concurrent.locks.LockSupport.parkNanos(LockSupport.java:215)&#10;        at java.util.concurrent.locks.AbstractQueuedSynchronizer$ConditionObject.awaitNanos(AbstractQueuedSynchronizer.java:2078)&#10;        at java.util.concurrent.ScheduledThreadPoolExecutor$DelayedWorkQueue.take(ScheduledThreadPoolExecutor.java:1093)&#10;        at java.util.concurrent.ScheduledThreadPoolExecutor$DelayedWorkQueue.take(ScheduledThreadPoolExecutor.java:809)&#10;        at java.util.concurrent.ThreadPoolExecutor.getTask(ThreadPoolExecutor.java:1074)&#10;        at java.util.concurrent.ThreadPoolExecutor.runWorker(ThreadPoolExecutor.java:1134)&#10;        at java.util.concurrent.ThreadPoolExecutor$Worker.run(ThreadPoolExecutor.java:624)&#10;        at java.lang.Thread.run(Thread.java:748)&#10;&quot;PartialTableCache Cleanup Thread - 0&quot; daemon prio=5 tid=405 in Object.wait()&#10;java.lang.Thread.State: WAITING (on object monitor)&#10;        at sun.misc.Unsafe.park(Native Method)&#10;        at java.util.concurrent.locks.LockSupport.park(LockSupport.java:175)&#10;        at java.util.concurrent.locks.AbstractQueuedSynchronizer$ConditionObject.await(AbstractQueuedSynchronizer.java:2039)&#10;        at java.util.concurrent.LinkedBlockingQueue.take(LinkedBlockingQueue.java:442)&#10;        at java.util.concurrent.ThreadPoolExecutor.getTask(ThreadPoolExecutor.java:1074)&#10;        at java.util.concurrent.ThreadPoolExecutor.runWorker(ThreadPoolExecutor.java:1134)&#10;        at java.util.concurrent.ThreadPoolExecutor$Worker.run(ThreadPoolExecutor.java:624)&#10;        at java.lang.Thread.run(Thread.java:748)&#10;&quot;Datanode ReportManager Thread - 4&quot; daemon prio=5 tid=3993 in Object.wait()&#10;java.lang.Thread.State: WAITING (on object monitor)&#10;        at sun.misc.Unsafe.park(Native Method)&#10;        at java.util.concurrent.locks.LockSupport.park(LockSupport.java:175)&#10;        at java.util.concurrent.locks.AbstractQueuedSynchronizer$ConditionObject.await(AbstractQueuedSynchronizer.java:2039)&#10;        at java.util.concurrent.ScheduledThreadPoolExecutor$DelayedWorkQueue.take(ScheduledThreadPoolExecutor.java:1088)&#10;        at java.util.concurrent.ScheduledThreadPoolExecutor$DelayedWorkQueue.take(ScheduledThreadPoolExecutor.java:809)&#10;        at java.util.concurrent.ThreadPoolExecutor.getTask(ThreadPoolExecutor.java:1074)&#10;        at java.util.concurrent.ThreadPoolExecutor.runWorker(ThreadPoolExecutor.java:1134)&#10;        at java.util.concurrent.ThreadPoolExecutor$Worker.run(ThreadPoolExecutor.java:624)&#10;        at java.lang.Thread.run(Thread.java:748)&#10;&quot;org.apache.hadoop.ozone.container.common.statemachine.commandhandler.DeleteBlocksCommandHandler$DeleteCmdWorker@7ceb2233&quot; daemon prio=5 tid=3860 timed_waiting&#10;java.lang.Thread.State: TIMED_WAITING&#10;        at java.lang.Thread.sleep(Native Method)&#10;        at org.apache.hadoop.ozone.container.common.statemachine.commandhandler.DeleteBlocksCommandHandler$DeleteCmdWorker.run(DeleteBlocksCommandHandler.java:175)&#10;        at java.lang.Thread.run(Thread.java:748)&#10;&quot;IPC Server handler 17 on default port 34953&quot; daemon prio=5 tid=65 timed_waiting&#10;java.lang.Thread.State: TIMED_WAITING&#10;        at sun.misc.Unsafe.park(Native Method)&#10;        at java.util.concurrent.locks.LockSupport.parkNanos(LockSupport.java:215)&#10;        at java.util.concurrent.locks.AbstractQueuedSynchronizer$ConditionObject.awaitNanos(AbstractQueuedSynchronizer.java:2078)&#10;        at java.util.concurrent.LinkedBlockingQueue.poll(LinkedBlockingQueue.java:467)&#10;        at org.apache.hadoop.ipc.CallQueueManager.take(CallQueueManager.java:317)&#10;        at org.apache.hadoop.ipc.Server$Handler.run(Server.java:2932)&#10;&quot;EventQueue-OpenPipelineForHealthyPipelineSafeModeRule&quot; daemon prio=5 tid=296 in Object.wait()&#10;java.lang.Thread.State: WAITING (on object monitor)&#10;        at sun.misc.Unsafe.park(Native Method)&#10;        at java.util.concurrent.locks.LockSupport.park(LockSupport.java:175)&#10;        at java.util.concurrent.locks.AbstractQueuedSynchronizer$ConditionObject.await(AbstractQueuedSynchronizer.java:2039)&#10;        at java.util.concurrent.LinkedBlockingQueue.take(LinkedBlockingQueue.java:442)&#10;        at java.util.concurrent.ThreadPoolExecutor.getTask(ThreadPoolExecutor.java:1074)&#10;        at java.util.concurrent.ThreadPoolExecutor.runWorker(ThreadPoolExecutor.java:1134)&#10;        at java.util.concurrent.ThreadPoolExecutor$Worker.run(ThreadPoolExecutor.java:624)&#10;        at java.lang.Thread.run(Thread.java:748)&#10;&quot;qtp1684038962-3975-acceptor-0@383571f9-ServerConnector@4437f434{HTTP/1.1, (http/1.1)}{0.0.0.0:42545}&quot; daemon prio=3 tid=3975 runnable&#10;java.lang.Thread.State: RUNNABLE&#10;        at sun.nio.ch.ServerSocketChannelImpl.accept0(Native Method)&#10;        at sun.nio.ch.ServerSocketChannelImpl.accept(ServerSocketChannelImpl.java:421)&#10;        at sun.nio.ch.ServerSocketChannelImpl.accept(ServerSocketChannelImpl.java:249)&#10;        at org.eclipse.jetty.server.ServerConnector.accept(ServerConnector.java:388)&#10;        at org.eclipse.jetty.server.AbstractConnector$Acceptor.run(AbstractConnector.java:702)&#10;        at org.eclipse.jetty.util.thread.QueuedThreadPool.runJob(QueuedThreadPool.java:883)&#10;        at org.eclipse.jetty.util.thread.QueuedThreadPool$Runner.run(QueuedThreadPool.java:1034)&#10;        at java.lang.Thread.run(Thread.java:748)&#10;&quot;Datanode State Machine Daemon Thread&quot; daemon prio=5 tid=3877 timed_waiting&#10;java.lang.Thread.State: TIMED_WAITING&#10;        at java.lang.Thread.sleep(Native Method)&#10;        at org.apache.hadoop.ozone.container.common.statemachine.DatanodeStateMachine.start(DatanodeStateMachine.java:298)&#10;        at org.apache.hadoop.ozone.container.common.statemachine.DatanodeStateMachine.lambda$startDaemon$0(DatanodeStateMachine.java:471)&#10;        at org.apache.hadoop.ozone.container.common.statemachine.DatanodeStateMachine$$Lambda$710/143249555.run(Unknown Source)&#10;        at java.lang.Thread.run(Thread.java:748)&#10;&quot;grpc-default-executor-7&quot; daemon prio=5 tid=4183 timed_waiting&#10;java.lang.Thread.State: TIMED_WAITING&#10;        at sun.misc.Unsafe.park(Native Method)&#10;        at java.util.concurrent.locks.LockSupport.parkNanos(LockSupport.java:215)&#10;        at java.util.concurrent.SynchronousQueue$TransferStack.awaitFulfill(SynchronousQueue.java:460)&#10;        at java.util.concurrent.SynchronousQueue$TransferStack.transfer(SynchronousQueue.java:362)&#10;        at java.util.concurrent.SynchronousQueue.poll(SynchronousQueue.java:941)&#10;        at java.util.concurrent.ThreadPoolExecutor.getTask(ThreadPoolExecutor.java:1073)&#10;        at java.util.concurrent.ThreadPoolExecutor.runWorker(ThreadPoolExecutor.java:1134)&#10;        at java.util.concurrent.ThreadPoolExecutor$Worker.run(ThreadPoolExecutor.java:624)&#10;        at java.lang.Thread.run(Thread.java:748)&#10;&quot;IPC Server handler 4 on default port 33951&quot; daemon prio=5 tid=156 timed_waiting&#10;java.lang.Thread.State: TIMED_WAITING&#10;        at sun.misc.Unsafe.park(Native Method)&#10;        at java.util.concurrent.locks.LockSupport.parkNanos(LockSupport.java:215)&#10;        at java.util.concurrent.locks.AbstractQueuedSynchronizer$ConditionObject.awaitNanos(AbstractQueuedSynchronizer.java:2078)&#10;        at java.util.concurrent.LinkedBlockingQueue.poll(LinkedBlockingQueue.java:467)&#10;        at org.apache.hadoop.ipc.CallQueueManager.take(CallQueueManager.java:317)&#10;        at org.apache.hadoop.ipc.Server$Handler.run(Server.java:2932)&#10;&quot;IPC Server handler 13 on default port 44723&quot; daemon prio=5 tid=81 timed_waiting&#10;java.lang.Thread.State: TIMED_WAITING&#10;        at sun.misc.Unsafe.park(Native Method)&#10;        at java.util.concurrent.locks.LockSupport.parkNanos(LockSupport.java:215)&#10;        at java.util.concurrent.locks.AbstractQueuedSynchronizer$ConditionObject.awaitNanos(AbstractQueuedSynchronizer.java:2078)&#10;        at java.util.concurrent.LinkedBlockingQueue.poll(LinkedBlockingQueue.java:467)&#10;        at org.apache.hadoop.ipc.CallQueueManager.take(CallQueueManager.java:317)&#10;        at org.apache.hadoop.ipc.Server$Handler.run(Server.java:2932)&#10;&quot;IPC Server handler 1 on default port 44723&quot; daemon prio=5 tid=69 timed_waiting&#10;java.lang.Thread.State: TIMED_WAITING&#10;        at sun.misc.Unsafe.park(Native Method)&#10;        at java.util.concurrent.locks.LockSupport.parkNanos(LockSupport.java:215)&#10;        at java.util.concurrent.locks.AbstractQueuedSynchronizer$ConditionObject.awaitNanos(AbstractQueuedSynchronizer.java:2078)&#10;        at java.util.concurrent.LinkedBlockingQueue.poll(LinkedBlockingQueue.java:467)&#10;        at org.apache.hadoop.ipc.CallQueueManager.take(CallQueueManager.java:317)&#10;        at org.apache.hadoop.ipc.Server$Handler.run(Server.java:2932)&#10;&quot;Socket Reader #1 for port 0&quot;  prio=5 tid=133 runnable&#10;java.lang.Thread.State: RUNNABLE&#10;        at sun.nio.ch.EPollArrayWrapper.epollWait(Native Method)&#10;        at sun.nio.ch.EPollArrayWrapper.poll(EPollArrayWrapper.java:269)&#10;        at sun.nio.ch.EPollSelectorImpl.doSelect(EPollSelectorImpl.java:93)&#10;        at sun.nio.ch.SelectorImpl.lockAndDoSelect(SelectorImpl.java:86)&#10;        at sun.nio.ch.SelectorImpl.select(SelectorImpl.java:97)&#10;        at sun.nio.ch.SelectorImpl.select(SelectorImpl.java:101)&#10;        at org.apache.hadoop.ipc.Server$Listener$Reader.doRunLoop(Server.java:1288)&#10;        at org.apache.hadoop.ipc.Server$Listener$Reader.run(Server.java:1267)&#10;&quot;Datanode ReportManager Thread - 4&quot; daemon prio=5 tid=3882 in Object.wait()&#10;java.lang.Thread.State: WAITING (on object monitor)&#10;        at sun.misc.Unsafe.park(Native Method)&#10;        at java.util.concurrent.locks.LockSupport.park(LockSupport.java:175)&#10;        at java.util.concurrent.locks.AbstractQueuedSynchronizer$ConditionObject.await(AbstractQueuedSynchronizer.java:2039)&#10;        at java.util.concurrent.ScheduledThreadPoolExecutor$DelayedWorkQueue.take(ScheduledThreadPoolExecutor.java:1088)&#10;        at java.util.concurrent.ScheduledThreadPoolExecutor$DelayedWorkQueue.take(ScheduledThreadPoolExecutor.java:809)&#10;        at java.util.concurrent.ThreadPoolExecutor.getTask(ThreadPoolExecutor.java:1074)&#10;        at java.util.concurrent.ThreadPoolExecutor.runWorker(ThreadPoolExecutor.java:1134)&#10;        at java.util.concurrent.ThreadPoolExecutor$Worker.run(ThreadPoolExecutor.java:624)&#10;        at java.lang.Thread.run(Thread.java:748)&#10;&quot;DatanodeAdminManager-0&quot; daemon prio=5 tid=30 timed_waiting&#10;java.lang.Thread.State: TIMED_WAITING&#10;        at sun.misc.Unsafe.park(Native Method)&#10;        at java.util.concurrent.locks.LockSupport.parkNanos(LockSupport.java:215)&#10;        at java.util.concurrent.locks.AbstractQueuedSynchronizer$ConditionObject.awaitNanos(AbstractQueuedSynchronizer.java:2078)&#10;        at java.util.concurrent.ScheduledThreadPoolExecutor$DelayedWorkQueue.take(ScheduledThreadPoolExecutor.java:1093)&#10;        at java.util.concurrent.ScheduledThreadPoolExecutor$DelayedWorkQueue.take(ScheduledThreadPoolExecutor.java:809)&#10;        at java.util.concurrent.ThreadPoolExecutor.getTask(ThreadPoolExecutor.java:1074)&#10;        at java.util.concurrent.ThreadPoolExecutor.runWorker(ThreadPoolExecutor.java:1134)&#10;        at java.util.concurrent.ThreadPoolExecutor$Worker.run(ThreadPoolExecutor.java:624)&#10;        at java.lang.Thread.run(Thread.java:748)&#10;&quot;java.util.concurrent.ThreadPoolExecutor$Worker@2c622732[State = -1, empty queue]&quot; daemon prio=5 tid=392 timed_waiting&#10;java.lang.Thread.State: TIMED_WAITING&#10;        at sun.misc.Unsafe.park(Native Method)&#10;        at java.util.concurrent.locks.LockSupport.parkNanos(LockSupport.java:215)&#10;        at java.util.concurrent.locks.AbstractQueuedSynchronizer$ConditionObject.awaitNanos(AbstractQueuedSynchronizer.java:2078)&#10;        at java.util.concurrent.ScheduledThreadPoolExecutor$DelayedWorkQueue.take(ScheduledThreadPoolExecutor.java:1093)&#10;        at java.util.concurrent.ScheduledThreadPoolExecutor$DelayedWorkQueue.take(ScheduledThreadPoolExecutor.java:809)&#10;        at java.util.concurrent.ThreadPoolExecutor.getTask(ThreadPoolExecutor.java:1074)&#10;        at java.util.concurrent.ThreadPoolExecutor.runWorker(ThreadPoolExecutor.java:1134)&#10;        at java.util.concurrent.ThreadPoolExecutor$Worker.run(ThreadPoolExecutor.java:624)&#10;        at java.lang.Thread.run(Thread.java:748)&#10;&quot;IPC Server handler 5 on default port 44723&quot; daemon prio=5 tid=73 timed_waiting&#10;java.lang.Thread.State: TIMED_WAITING&#10;        at sun.misc.Unsafe.park(Native Method)&#10;        at java.util.concurrent.locks.LockSupport.parkNanos(LockSupport.java:215)&#10;        at java.util.concurrent.locks.AbstractQueuedSynchronizer$ConditionObject.awaitNanos(AbstractQueuedSynchronizer.java:2078)&#10;        at java.util.concurrent.LinkedBlockingQueue.poll(LinkedBlockingQueue.java:467)&#10;        at org.apache.hadoop.ipc.CallQueueManager.take(CallQueueManager.java:317)&#10;        at org.apache.hadoop.ipc.Server$Handler.run(Server.java:2932)&#10;&quot;Datanode ReportManager Thread - 0&quot; daemon prio=5 tid=243 timed_waiting&#10;java.lang.Thread.State: TIMED_WAITING&#10;        at sun.misc.Unsafe.park(Native Method)&#10;        at java.util.concurrent.locks.LockSupport.parkNanos(LockSupport.java:215)&#10;        at java.util.concurrent.locks.AbstractQueuedSynchronizer$ConditionObject.awaitNanos(AbstractQueuedSynchronizer.java:2078)&#10;        at java.util.concurrent.ScheduledThreadPoolExecutor$DelayedWorkQueue.take(ScheduledThreadPoolExecutor.java:1093)&#10;        at java.util.concurrent.ScheduledThreadPoolExecutor$DelayedWorkQueue.take(ScheduledThreadPoolExecutor.java:809)&#10;        at java.util.concurrent.ThreadPoolExecutor.getTask(ThreadPoolExecutor.java:1074)&#10;        at java.util.concurrent.ThreadPoolExecutor.runWorker(ThreadPoolExecutor.java:1134)&#10;        at java.util.concurrent.ThreadPoolExecutor$Worker.run(ThreadPoolExecutor.java:624)&#10;        at java.lang.Thread.run(Thread.java:748)&#10;&quot;IPC Server idle connection scanner for port 34953&quot; daemon prio=5 tid=42 timed_waiting&#10;java.lang.Thread.State: TIMED_WAITING&#10;        at java.lang.Object.wait(Native Method)&#10;        at java.util.TimerThread.mainLoop(Timer.java:552)&#10;        at java.util.TimerThread.run(Timer.java:505)&#10;&quot;PartialTableCache Cleanup Thread - 0&quot; daemon prio=5 tid=403 in Object.wait()&#10;java.lang.Thread.State: WAITING (on object monitor)&#10;        at sun.misc.Unsafe.park(Native Method)&#10;        at java.util.concurrent.locks.LockSupport.park(LockSupport.java:175)&#10;        at java.util.concurrent.locks.AbstractQueuedSynchronizer$ConditionObject.await(AbstractQueuedSynchronizer.java:2039)&#10;        at java.util.concurrent.LinkedBlockingQueue.take(LinkedBlockingQueue.java:442)&#10;        at java.util.concurrent.ThreadPoolExecutor.getTask(ThreadPoolExecutor.java:1074)&#10;        at java.util.concurrent.ThreadPoolExecutor.runWorker(ThreadPoolExecutor.java:1134)&#10;        at java.util.concurrent.ThreadPoolExecutor$Worker.run(ThreadPoolExecutor.java:624)&#10;        at java.lang.Thread.run(Thread.java:748)&#10;&quot;PartialTableCache Cleanup Thread - 0&quot; daemon prio=5 tid=401 in Object.wait()&#10;java.lang.Thread.State: WAITING (on object monitor)&#10;        at sun.misc.Unsafe.park(Native Method)&#10;        at java.util.concurrent.locks.LockSupport.park(LockSupport.java:175)&#10;        at java.util.concurrent.locks.AbstractQueuedSynchronizer$ConditionObject.await(AbstractQueuedSynchronizer.java:2039)&#10;        at java.util.concurrent.LinkedBlockingQueue.take(LinkedBlockingQueue.java:442)&#10;        at java.util.concurrent.ThreadPoolExecutor.getTask(ThreadPoolExecutor.java:1074)&#10;        at java.util.concurrent.ThreadPoolExecutor.runWorker(ThreadPoolExecutor.java:1134)&#10;        at java.util.concurrent.ThreadPoolExecutor$Worker.run(ThreadPoolExecutor.java:624)&#10;        at java.lang.Thread.run(Thread.java:748)&#10;&quot;Finalizer&quot; daemon prio=8 tid=3 in Object.wait()&#10;java.lang.Thread.State: WAITING (on object monitor)&#10;        at java.lang.Object.wait(Native Method)&#10;        at java.lang.ref.ReferenceQueue.remove(ReferenceQueue.java:144)&#10;        at java.lang.ref.ReferenceQueue.remove(ReferenceQueue.java:165)&#10;        at java.lang.ref.Finalizer$FinalizerThread.run(Finalizer.java:216)&#10;&quot;Datanode ReportManager Thread - 1&quot; daemon prio=5 tid=244 in Object.wait()&#10;java.lang.Thread.State: WAITING (on object monitor)&#10;        at sun.misc.Unsafe.park(Native Method)&#10;        at java.util.concurrent.locks.LockSupport.park(LockSupport.java:175)&#10;        at java.util.concurrent.locks.AbstractQueuedSynchronizer$ConditionObject.await(AbstractQueuedSynchronizer.java:2039)&#10;        at java.util.concurrent.ScheduledThreadPoolExecutor$DelayedWorkQueue.take(ScheduledThreadPoolExecutor.java:1088)&#10;        at java.util.concurrent.ScheduledThreadPoolExecutor$DelayedWorkQueue.take(ScheduledThreadPoolExecutor.java:809)&#10;        at java.util.concurrent.ThreadPoolExecutor.getTask(ThreadPoolExecutor.java:1074)&#10;        at java.util.concurrent.ThreadPoolExecutor.runWorker(ThreadPoolExecutor.java:1134)&#10;        at java.util.concurrent.ThreadPoolExecutor$Worker.run(ThreadPoolExecutor.java:624)&#10;        at java.lang.Thread.run(Thread.java:748)&#10;&quot;EndpointStateMachine task thread for /0.0.0.0:45219 - 0 &quot;  prio=5 tid=3999 timed_waiting&#10;java.lang.Thread.State: TIMED_WAITING&#10;        at java.lang.Thread.sleep(Native Method)&#10;        at org.apache.hadoop.ozone.container.ozoneimpl.OzoneContainer.start(OzoneContainer.java:306)&#10;        at org.apache.hadoop.ozone.container.common.states.endpoint.VersionEndpointTask.call(VersionEndpointTask.java:113)&#10;        at org.apache.hadoop.ozone.container.common.states.endpoint.VersionEndpointTask.call(VersionEndpointTask.java:42)&#10;        at java.util.concurrent.FutureTask.run(FutureTask.java:266)&#10;        at java.util.concurrent.ThreadPoolExecutor.runWorker(ThreadPoolExecutor.java:1149)&#10;        at java.util.concurrent.ThreadPoolExecutor$Worker.run(ThreadPoolExecutor.java:624)&#10;        at java.lang.Thread.run(Thread.java:748)&#10;&quot;org.apache.hadoop.util.JvmPauseMonitor$Monitor@3033bb96&quot; daemon prio=5 tid=172 timed_waiting&#10;java.lang.Thread.State: TIMED_WAITING&#10;        at java.lang.Thread.sleep(Native Method)&#10;        at org.apache.hadoop.util.JvmPauseMonitor$Monitor.run(JvmPauseMonitor.java:192)&#10;        at java.lang.Thread.run(Thread.java:748)&#10;&quot;SCM Heartbeat Processing Thread - 0&quot; daemon prio=5 tid=27 timed_waiting&#10;java.lang.Thread.State: TIMED_WAITING&#10;        at sun.misc.Unsafe.park(Native Method)&#10;        at java.util.concurrent.locks.LockSupport.parkNanos(LockSupport.java:215)&#10;        at java.util.concurrent.locks.AbstractQueuedSynchronizer$ConditionObject.awaitNanos(AbstractQueuedSynchronizer.java:2078)&#10;        at java.util.concurrent.ScheduledThreadPoolExecutor$DelayedWorkQueue.take(ScheduledThreadPoolExecutor.java:1093)&#10;        at java.util.concurrent.ScheduledThreadPoolExecutor$DelayedWorkQueue.take(ScheduledThreadPoolExecutor.java:809)&#10;        at java.util.concurrent.ThreadPoolExecutor.getTask(ThreadPoolExecutor.java:1074)&#10;        at java.util.concurrent.ThreadPoolExecutor.runWorker(ThreadPoolExecutor.java:1134)&#10;        at java.util.concurrent.ThreadPoolExecutor$Worker.run(ThreadPoolExecutor.java:624)&#10;        at java.lang.Thread.run(Thread.java:748)&#10;&quot;IPC Parameter Sending Thread #0&quot; daemon prio=5 tid=104 timed_waiting&#10;java.lang.Thread.State: TIMED_WAITING&#10;        at sun.misc.Unsafe.park(Native Method)&#10;        at java.util.concurrent.locks.LockSupport.parkNanos(LockSupport.java:215)&#10;        at java.util.concurrent.SynchronousQueue$TransferStack.awaitFulfill(SynchronousQueue.java:460)&#10;        at java.util.concurrent.SynchronousQueue$TransferStack.transfer(SynchronousQueue.java:362)&#10;        at java.util.concurrent.SynchronousQueue.poll(SynchronousQueue.java:941)&#10;        at java.util.concurrent.ThreadPoolExecutor.getTask(ThreadPoolExecutor.java:1073)&#10;        at java.util.concurrent.ThreadPoolExecutor.runWorker(ThreadPoolExecutor.java:1134)&#10;        at java.util.concurrent.ThreadPoolExecutor$Worker.run(ThreadPoolExecutor.java:624)&#10;        at java.lang.Thread.run(Thread.java:748)&#10;&quot;IPC Server handler 7 on default port 34953&quot; daemon prio=5 tid=55 timed_waiting&#10;java.lang.Thread.State: TIMED_WAITING&#10;        at sun.misc.Unsafe.park(Native Method)&#10;        at java.util.concurrent.locks.LockSupport.parkNanos(LockSupport.java:215)&#10;        at java.util.concurrent.locks.AbstractQueuedSynchronizer$ConditionObject.awaitNanos(AbstractQueuedSynchronizer.java:2078)&#10;        at java.util.concurrent.LinkedBlockingQueue.poll(LinkedBlockingQueue.java:467)&#10;        at org.apache.hadoop.ipc.CallQueueManager.take(CallQueueManager.java:317)&#10;        at org.apache.hadoop.ipc.Server$Handler.run(Server.java:2932)&#10;&quot;qtp1118795039-145&quot; daemon prio=5 tid=145 timed_waiting&#10;java.lang.Thread.State: TIMED_WAITING&#10;        at sun.misc.Unsafe.park(Native Method)&#10;        at java.util.concurrent.locks.LockSupport.parkNanos(LockSupport.java:215)&#10;        at java.util.concurrent.locks.AbstractQueuedSynchronizer$ConditionObject.awaitNanos(AbstractQueuedSynchronizer.java:2078)&#10;        at org.eclipse.jetty.util.BlockingArrayQueue.poll(BlockingArrayQueue.java:382)&#10;        at org.eclipse.jetty.util.thread.QueuedThreadPool$Runner.idleJobPoll(QueuedThreadPool.java:974)&#10;        at org.eclipse.jetty.util.thread.QueuedThreadPool$Runner.run(QueuedThreadPool.java:1018)&#10;        at java.lang.Thread.run(Thread.java:748)&#10;&quot;IPC Server handler 8 on default port 33951&quot; daemon prio=5 tid=160 timed_waiting&#10;java.lang.Thread.State: TIMED_WAITING&#10;        at sun.misc.Unsafe.park(Native Method)&#10;        at java.util.concurrent.locks.LockSupport.parkNanos(LockSupport.java:215)&#10;        at java.util.concurrent.locks.AbstractQueuedSynchronizer$ConditionObject.awaitNanos(AbstractQueuedSynchronizer.java:2078)&#10;        at java.util.concurrent.LinkedBlockingQueue.poll(LinkedBlockingQueue.java:467)&#10;        at org.apache.hadoop.ipc.CallQueueManager.take(CallQueueManager.java:317)&#10;        at org.apache.hadoop.ipc.Server$Handler.run(Server.java:2932)&#10;&quot;IPC Server handler 15 on default port 44723&quot; daemon prio=5 tid=83 timed_waiting&#10;java.lang.Thread.State: TIMED_WAITING&#10;        at sun.misc.Unsafe.park(Native Method)&#10;        at java.util.concurrent.locks.LockSupport.parkNanos(LockSupport.java:215)&#10;        at java.util.concurrent.locks.AbstractQueuedSynchronizer$ConditionObject.awaitNanos(AbstractQueuedSynchronizer.java:2078)&#10;        at java.util.concurrent.LinkedBlockingQueue.poll(LinkedBlockingQueue.java:467)&#10;        at org.apache.hadoop.ipc.CallQueueManager.take(CallQueueManager.java:317)&#10;        at org.apache.hadoop.ipc.Server$Handler.run(Server.java:2932)&#10;&quot;Datanode ReportManager Thread - 3&quot; daemon prio=5 tid=3881 timed_waiting&#10;java.lang.Thread.State: TIMED_WAITING&#10;        at sun.misc.Unsafe.park(Native Method)&#10;        at java.util.concurrent.locks.LockSupport.parkNanos(LockSupport.java:215)&#10;        at java.util.concurrent.locks.AbstractQueuedSynchronizer$ConditionObject.awaitNanos(AbstractQueuedSynchronizer.java:2078)&#10;        at java.util.concurrent.ScheduledThreadPoolExecutor$DelayedWorkQueue.take(ScheduledThreadPoolExecutor.java:1093)&#10;        at java.util.concurrent.ScheduledThreadPoolExecutor$DelayedWorkQueue.take(ScheduledThreadPoolExecutor.java:809)&#10;        at java.util.concurrent.ThreadPoolExecutor.getTask(ThreadPoolExecutor.java:1074)&#10;        at java.util.concurrent.ThreadPoolExecutor.runWorker(ThreadPoolExecutor.java:1134)&#10;        at java.util.concurrent.ThreadPoolExecutor$Worker.run(ThreadPoolExecutor.java:624)&#10;        at java.lang.Thread.run(Thread.java:748)&#10;&quot;EventQueue-IncrementalContainerReportForIncrementalContainerReportHandler&quot; daemon prio=5 tid=408 in Object.wait()&#10;java.lang.Thread.State: WAITING (on object monitor)&#10;        at sun.misc.Unsafe.park(Native Method)&#10;        at java.util.concurrent.locks.LockSupport.park(LockSupport.java:175)&#10;        at java.util.concurrent.locks.AbstractQueuedSynchronizer$ConditionObject.await(AbstractQueuedSynchronizer.java:2039)&#10;        at java.util.concurrent.LinkedBlockingQueue.take(LinkedBlockingQueue.java:442)&#10;        at java.util.concurrent.ThreadPoolExecutor.getTask(ThreadPoolExecutor.java:1074)&#10;        at java.util.concurrent.ThreadPoolExecutor.runWorker(ThreadPoolExecutor.java:1134)&#10;        at java.util.concurrent.ThreadPoolExecutor$Worker.run(ThreadPoolExecutor.java:624)&#10;        at java.lang.Thread.run(Thread.java:748)&#10;&quot;ChunkReader-ELG-0&quot; daemon prio=5 tid=3899 runnable&#10;java.lang.Thread.State: RUNNABLE&#10;        at org.apache.ratis.thirdparty.io.netty.channel.epoll.Native.epollWait(Native Method)&#10;        at org.apache.ratis.thirdparty.io.netty.channel.epoll.Native.epollWait(Native.java:177)&#10;        at org.apache.ratis.thirdparty.io.netty.channel.epoll.Native.epollWait(Native.java:170)&#10;        at org.apache.ratis.thirdparty.io.netty.channel.epoll.EpollEventLoop.epollWaitNoTimerChange(EpollEventLoop.java:290)&#10;        at org.apache.ratis.thirdparty.io.netty.channel.epoll.EpollEventLoop.run(EpollEventLoop.java:347)&#10;        at org.apache.ratis.thirdparty.io.netty.util.concurrent.SingleThreadEventExecutor$4.run(SingleThreadEventExecutor.java:989)&#10;        at org.apache.ratis.thirdparty.io.netty.util.internal.ThreadExecutorMap$2.run(ThreadExecutorMap.java:74)&#10;        at java.lang.Thread.run(Thread.java:748)&#10;&quot;IPC Server handler 3 on default port 44723&quot; daemon prio=5 tid=71 timed_waiting&#10;java.lang.Thread.State: TIMED_WAITING&#10;        at sun.misc.Unsafe.park(Native Method)&#10;        at java.util.concurrent.locks.LockSupport.parkNanos(LockSupport.java:215)&#10;        at java.util.concurrent.locks.AbstractQueuedSynchronizer$ConditionObject.awaitNanos(AbstractQueuedSynchronizer.java:2078)&#10;        at java.util.concurrent.LinkedBlockingQueue.poll(LinkedBlockingQueue.java:467)&#10;        at org.apache.hadoop.ipc.CallQueueManager.take(CallQueueManager.java:317)&#10;        at org.apache.hadoop.ipc.Server$Handler.run(Server.java:2932)&#10;&quot;IPC Server handler 12 on default port 44723&quot; daemon prio=5 tid=80 timed_waiting&#10;java.lang.Thread.State: TIMED_WAITING&#10;        at sun.misc.Unsafe.park(Native Method)&#10;        at java.util.concurrent.locks.LockSupport.parkNanos(LockSupport.java:215)&#10;        at java.util.concurrent.locks.AbstractQueuedSynchronizer$ConditionObject.awaitNanos(AbstractQueuedSynchronizer.java:2078)&#10;        at java.util.concurrent.LinkedBlockingQueue.poll(LinkedBlockingQueue.java:467)&#10;        at org.apache.hadoop.ipc.CallQueueManager.take(CallQueueManager.java:317)&#10;        at org.apache.hadoop.ipc.Server$Handler.run(Server.java:2932)&#10;&quot;2db57d0a-e0a4-4c64-8073-50a45d71dc35@group-AD6F77E61740-SegmentedRaftLogWorker&quot;  prio=5 tid=3973 timed_waiting&#10;java.lang.Thread.State: TIMED_WAITING&#10;        at sun.misc.Unsafe.park(Native Method)&#10;        at java.util.concurrent.locks.LockSupport.parkNanos(LockSupport.java:215)&#10;        at java.util.concurrent.locks.AbstractQueuedSynchronizer$ConditionObject.awaitNanos(AbstractQueuedSynchronizer.java:2078)&#10;        at org.apache.ratis.util.DataBlockingQueue.poll(DataBlockingQueue.java:137)&#10;        at org.apache.ratis.server.raftlog.segmented.SegmentedRaftLogWorker.run(SegmentedRaftLogWorker.java:292)&#10;        at org.apache.ratis.server.raftlog.segmented.SegmentedRaftLogWorker$$Lambda$358/3735854.run(Unknown Source)&#10;        at java.lang.Thread.run(Thread.java:748)&#10;&quot;IPC Server handler 4 on default port 34953&quot; daemon prio=5 tid=52 timed_waiting&#10;java.lang.Thread.State: TIMED_WAITING&#10;        at sun.misc.Unsafe.park(Native Method)&#10;        at java.util.concurrent.locks.LockSupport.parkNanos(LockSupport.java:215)&#10;        at java.util.concurrent.locks.AbstractQueuedSynchronizer$ConditionObject.awaitNanos(AbstractQueuedSynchronizer.java:2078)&#10;        at java.util.concurrent.LinkedBlockingQueue.poll(LinkedBlockingQueue.java:467)&#10;        at org.apache.hadoop.ipc.CallQueueManager.take(CallQueueManager.java:317)&#10;        at org.apache.hadoop.ipc.Server$Handler.run(Server.java:2932)&#10;&quot;Datanode ReportManager Thread - 1&quot; daemon prio=5 tid=192 in Object.wait()&#10;java.lang.Thread.State: WAITING (on object monitor)&#10;        at sun.misc.Unsafe.park(Native Method)&#10;        at java.util.concurrent.locks.LockSupport.park(LockSupport.java:175)&#10;        at java.util.concurrent.locks.AbstractQueuedSynchronizer$ConditionObject.await(AbstractQueuedSynchronizer.java:2039)&#10;        at java.util.concurrent.ScheduledThreadPoolExecutor$DelayedWorkQueue.take(ScheduledThreadPoolExecutor.java:1088)&#10;        at java.util.concurrent.ScheduledThreadPoolExecutor$DelayedWorkQueue.take(ScheduledThreadPoolExecutor.java:809)&#10;        at java.util.concurrent.ThreadPoolExecutor.getTask(ThreadPoolExecutor.java:1074)&#10;        at java.util.concurrent.ThreadPoolExecutor.runWorker(ThreadPoolExecutor.java:1134)&#10;        at java.util.concurrent.ThreadPoolExecutor$Worker.run(ThreadPoolExecutor.java:624)&#10;        at java.lang.Thread.run(Thread.java:748)&#10;&quot;IPC Server handler 19 on default port 34953&quot; daemon prio=5 tid=67 timed_waiting&#10;java.lang.Thread.State: TIMED_WAITING&#10;        at sun.misc.Unsafe.park(Native Method)&#10;        at java.util.concurrent.locks.LockSupport.parkNanos(LockSupport.java:215)&#10;        at java.util.concurrent.locks.AbstractQueuedSynchronizer$ConditionObject.awaitNanos(AbstractQueuedSynchronizer.java:2078)&#10;        at java.util.concurrent.LinkedBlockingQueue.poll(LinkedBlockingQueue.java:467)&#10;        at org.apache.hadoop.ipc.CallQueueManager.take(CallQueueManager.java:317)&#10;        at org.apache.hadoop.ipc.Server$Handler.run(Server.java:2932)&#10;&quot;pool-45-thread-1&quot;  prio=5 tid=129 in Object.wait()&#10;java.lang.Thread.State: WAITING (on object monitor)&#10;        at sun.misc.Unsafe.park(Native Method)&#10;        at java.util.concurrent.locks.LockSupport.park(LockSupport.java:175)&#10;        at java.util.concurrent.locks.AbstractQueuedSynchronizer$ConditionObject.await(AbstractQueuedSynchronizer.java:2039)&#10;        at java.util.concurrent.LinkedBlockingQueue.take(LinkedBlockingQueue.java:442)&#10;        at java.util.concurrent.ThreadPoolExecutor.getTask(ThreadPoolExecutor.java:1074)&#10;        at java.util.concurrent.ThreadPoolExecutor.runWorker(ThreadPoolExecutor.java:1134)&#10;        at java.util.concurrent.ThreadPoolExecutor$Worker.run(ThreadPoolExecutor.java:624)&#10;        at java.lang.Thread.run(Thread.java:748)&#10;&quot;pool-425-thread-1&quot;  prio=5 tid=3861 timed_waiting&#10;java.lang.Thread.State: TIMED_WAITING&#10;        at sun.misc.Unsafe.park(Native Method)&#10;        at java.util.concurrent.locks.LockSupport.parkNanos(LockSupport.java:215)&#10;        at java.util.concurrent.locks.AbstractQueuedSynchronizer$ConditionObject.awaitNanos(AbstractQueuedSynchronizer.java:2078)&#10;        at java.util.concurrent.ScheduledThreadPoolExecutor$DelayedWorkQueue.take(ScheduledThreadPoolExecutor.java:1093)&#10;        at java.util.concurrent.ScheduledThreadPoolExecutor$DelayedWorkQueue.take(ScheduledThreadPoolExecutor.java:809)&#10;        at java.util.concurrent.ThreadPoolExecutor.getTask(ThreadPoolExecutor.java:1074)&#10;        at java.util.concurrent.ThreadPoolExecutor.runWorker(ThreadPoolExecutor.java:1134)&#10;        at java.util.concurrent.ThreadPoolExecutor$Worker.run(ThreadPoolExecutor.java:624)&#10;        at java.lang.Thread.run(Thread.java:748)&#10;&quot;pool-47-thread-1&quot;  prio=5 tid=142 timed_waiting&#10;java.lang.Thread.State: TIMED_WAITING&#10;        at sun.misc.Unsafe.park(Native Method)&#10;        at java.util.concurrent.locks.LockSupport.parkNanos(LockSupport.java:215)&#10;        at java.util.concurrent.locks.AbstractQueuedSynchronizer$ConditionObject.awaitNanos(AbstractQueuedSynchronizer.java:2078)&#10;        at java.util.concurrent.ScheduledThreadPoolExecutor$DelayedWorkQueue.take(ScheduledThreadPoolExecutor.java:1093)&#10;        at java.util.concurrent.ScheduledThreadPoolExecutor$DelayedWorkQueue.take(ScheduledThreadPoolExecutor.java:809)&#10;        at java.util.concurrent.ThreadPoolExecutor.getTask(ThreadPoolExecutor.java:1074)&#10;        at java.util.concurrent.ThreadPoolExecutor.runWorker(ThreadPoolExecutor.java:1134)&#10;        at java.util.concurrent.ThreadPoolExecutor$Worker.run(ThreadPoolExecutor.java:624)&#10;        at java.lang.Thread.run(Thread.java:748)&#10;&quot;IPC Server handler 17 on default port 44723&quot; daemon prio=5 tid=85 timed_waiting&#10;java.lang.Thread.State: TIMED_WAITING&#10;        at sun.misc.Unsafe.park(Native Method)&#10;        at java.util.concurrent.locks.LockSupport.parkNanos(LockSupport.java:215)&#10;        at java.util.concurrent.locks.AbstractQueuedSynchronizer$ConditionObject.awaitNanos(AbstractQueuedSynchronizer.java:2078)&#10;        at java.util.concurrent.LinkedBlockingQueue.poll(LinkedBlockingQueue.java:467)&#10;        at org.apache.hadoop.ipc.CallQueueManager.take(CallQueueManager.java:317)&#10;        at org.apache.hadoop.ipc.Server$Handler.run(Server.java:2932)&#10;&quot;fbc88013-4e58-4ce2-8f92-86967c0fe77f@group-391B68ECE783-SegmentedRaftLogWorker&quot;  prio=5 tid=3940 timed_waiting&#10;java.lang.Thread.State: TIMED_WAITING&#10;        at sun.misc.Unsafe.park(Native Method)&#10;        at java.util.concurrent.locks.LockSupport.parkNanos(LockSupport.java:215)&#10;        at java.util.concurrent.locks.AbstractQueuedSynchronizer$ConditionObject.awaitNanos(AbstractQueuedSynchronizer.java:2078)&#10;        at org.apache.ratis.util.DataBlockingQueue.poll(DataBlockingQueue.java:137)&#10;        at org.apache.ratis.server.raftlog.segmented.SegmentedRaftLogWorker.run(SegmentedRaftLogWorker.java:292)&#10;        at org.apache.ratis.server.raftlog.segmented.SegmentedRaftLogWorker$$Lambda$358/3735854.run(Unknown Source)&#10;        at java.lang.Thread.run(Thread.java:748)&#10;&quot;EventQueue-HealthyReadonlyNodeForHealthyReadOnlyNodeHandler&quot; daemon prio=5 tid=3915 in Object.wait()&#10;java.lang.Thread.State: WAITING (on object monitor)&#10;        at sun.misc.Unsafe.park(Native Method)&#10;        at java.util.concurrent.locks.LockSupport.park(LockSupport.java:175)&#10;        at java.util.concurrent.locks.AbstractQueuedSynchronizer$ConditionObject.await(AbstractQueuedSynchronizer.java:2039)&#10;        at java.util.concurrent.LinkedBlockingQueue.take(LinkedBlockingQueue.java:442)&#10;        at java.util.concurrent.ThreadPoolExecutor.getTask(ThreadPoolExecutor.java:1074)&#10;        at java.util.concurrent.ThreadPoolExecutor.runWorker(ThreadPoolExecutor.java:1134)&#10;        at java.util.concurrent.ThreadPoolExecutor$Worker.run(ThreadPoolExecutor.java:624)&#10;        at java.lang.Thread.run(Thread.java:748)&#10;&quot;IPC Server handler 3 on default port 34953&quot; daemon prio=5 tid=51 timed_waiting&#10;java.lang.Thread.State: TIMED_WAITING&#10;        at sun.misc.Unsafe.park(Native Method)&#10;        at java.util.concurrent.locks.LockSupport.parkNanos(LockSupport.java:215)&#10;        at java.util.concurrent.locks.AbstractQueuedSynchronizer$ConditionObject.awaitNanos(AbstractQueuedSynchronizer.java:2078)&#10;        at java.util.concurrent.LinkedBlockingQueue.poll(LinkedBlockingQueue.java:467)&#10;        at org.apache.hadoop.ipc.CallQueueManager.take(CallQueueManager.java:317)&#10;        at org.apache.hadoop.ipc.Server$Handler.run(Server.java:2932)&#10;&quot;PartialTableCache Cleanup Thread - 0&quot; daemon prio=5 tid=402 in Object.wait()&#10;java.lang.Thread.State: WAITING (on object monitor)&#10;        at sun.misc.Unsafe.park(Native Method)&#10;        at java.util.concurrent.locks.LockSupport.park(LockSupport.java:175)&#10;        at java.util.concurrent.locks.AbstractQueuedSynchronizer$ConditionObject.await(AbstractQueuedSynchronizer.java:2039)&#10;        at java.util.concurrent.LinkedBlockingQueue.take(LinkedBlockingQueue.java:442)&#10;        at java.util.concurrent.ThreadPoolExecutor.getTask(ThreadPoolExecutor.java:1074)&#10;        at java.util.concurrent.ThreadPoolExecutor.runWorker(ThreadPoolExecutor.java:1134)&#10;        at java.util.concurrent.ThreadPoolExecutor$Worker.run(ThreadPoolExecutor.java:624)&#10;        at java.lang.Thread.run(Thread.java:748)&#10;&quot;Datanode ReportManager Thread - 2&quot; daemon prio=5 tid=245 in Object.wait()&#10;java.lang.Thread.State: WAITING (on object monitor)&#10;        at sun.misc.Unsafe.park(Native Method)&#10;        at java.util.concurrent.locks.LockSupport.park(LockSupport.java:175)&#10;        at java.util.concurrent.locks.AbstractQueuedSynchronizer$ConditionObject.await(AbstractQueuedSynchronizer.java:2039)&#10;        at java.util.concurrent.ScheduledThreadPoolExecutor$DelayedWorkQueue.take(ScheduledThreadPoolExecutor.java:1088)&#10;        at java.util.concurrent.ScheduledThreadPoolExecutor$DelayedWorkQueue.take(ScheduledThreadPoolExecutor.java:809)&#10;        at java.util.concurrent.ThreadPoolExecutor.getTask(ThreadPoolExecutor.java:1074)&#10;        at java.util.concurrent.ThreadPoolExecutor.runWorker(ThreadPoolExecutor.java:1134)&#10;        at java.util.concurrent.ThreadPoolExecutor$Worker.run(ThreadPoolExecutor.java:624)&#10;        at java.lang.Thread.run(Thread.java:748)&#10;&quot;Datanode ReportManager Thread - 2&quot; daemon prio=5 tid=193 in Object.wait()&#10;java.lang.Thread.State: WAITING (on object monitor)&#10;        at sun.misc.Unsafe.park(Native Method)&#10;        at java.util.concurrent.locks.LockSupport.park(LockSupport.java:175)&#10;        at java.util.concurrent.locks.AbstractQueuedSynchronizer$ConditionObject.await(AbstractQueuedSynchronizer.java:2039)&#10;        at java.util.concurrent.ScheduledThreadPoolExecutor$DelayedWorkQueue.take(ScheduledThreadPoolExecutor.java:1088)&#10;        at java.util.concurrent.ScheduledThreadPoolExecutor$DelayedWorkQueue.take(ScheduledThreadPoolExecutor.java:809)&#10;        at java.util.concurrent.ThreadPoolExecutor.getTask(ThreadPoolExecutor.java:1074)&#10;        at java.util.concurrent.ThreadPoolExecutor.runWorker(ThreadPoolExecutor.java:1134)&#10;        at java.util.concurrent.ThreadPoolExecutor$Worker.run(ThreadPoolExecutor.java:624)&#10;        at java.lang.Thread.run(Thread.java:748)&#10;&quot;ChunkWriter-1-0&quot; daemon prio=5 tid=3892 in Object.wait()&#10;java.lang.Thread.State: WAITING (on object monitor)&#10;        at sun.misc.Unsafe.park(Native Method)&#10;        at java.util.concurrent.locks.LockSupport.park(LockSupport.java:175)&#10;        at java.util.concurrent.locks.AbstractQueuedSynchronizer$ConditionObject.await(AbstractQueuedSynchronizer.java:2039)&#10;        at java.util.concurrent.LinkedBlockingDeque.takeFirst(LinkedBlockingDeque.java:492)&#10;        at java.util.concurrent.LinkedBlockingDeque.take(LinkedBlockingDeque.java:680)&#10;        at java.util.concurrent.ThreadPoolExecutor.getTask(ThreadPoolExecutor.java:1074)&#10;        at java.util.concurrent.ThreadPoolExecutor.runWorker(ThreadPoolExecutor.java:1134)&#10;        at java.util.concurrent.ThreadPoolExecutor$Worker.run(ThreadPoolExecutor.java:624)&#10;        at java.lang.Thread.run(Thread.java:748)&#10;&quot;IPC Server handler 10 on default port 33951&quot; daemon prio=5 tid=162 timed_waiting&#10;java.lang.Thread.State: TIMED_WAITING&#10;        at sun.misc.Unsafe.park(Native Method)&#10;        at java.util.concurrent.locks.LockSupport.parkNanos(LockSupport.java:215)&#10;        at java.util.concurrent.locks.AbstractQueuedSynchronizer$ConditionObject.awaitNanos(AbstractQueuedSynchronizer.java:2078)&#10;        at java.util.concurrent.LinkedBlockingQueue.poll(LinkedBlockingQueue.java:467)&#10;        at org.apache.hadoop.ipc.CallQueueManager.take(CallQueueManager.java:317)&#10;        at org.apache.hadoop.ipc.Server$Handler.run(Server.java:2932)&#10;&quot;IPC Server handler 15 on default port 34953&quot; daemon prio=5 tid=63 timed_waiting&#10;java.lang.Thread.State: TIMED_WAITING&#10;        at sun.misc.Unsafe.park(Native Method)&#10;        at java.util.concurrent.locks.LockSupport.parkNanos(LockSupport.java:215)&#10;        at java.util.concurrent.locks.AbstractQueuedSynchronizer$ConditionObject.awaitNanos(AbstractQueuedSynchronizer.java:2078)&#10;        at java.util.concurrent.LinkedBlockingQueue.poll(LinkedBlockingQueue.java:467)&#10;        at org.apache.hadoop.ipc.CallQueueManager.take(CallQueueManager.java:317)&#10;        at org.apache.hadoop.ipc.Server$Handler.run(Server.java:2932)&#10;&quot;IPC Server handler 16 on default port 45219&quot; daemon prio=5 tid=123 timed_waiting&#10;java.lang.Thread.State: TIMED_WAITING&#10;        at sun.misc.Unsafe.park(Native Method)&#10;        at java.util.concurrent.locks.LockSupport.parkNanos(LockSupport.java:215)&#10;        at java.util.concurrent.locks.AbstractQueuedSynchronizer$ConditionObject.awaitNanos(AbstractQueuedSynchronizer.java:2078)&#10;        at java.util.concurrent.LinkedBlockingQueue.poll(LinkedBlockingQueue.java:467)&#10;        at org.apache.hadoop.ipc.CallQueueManager.take(CallQueueManager.java:317)&#10;        at org.apache.hadoop.ipc.Server$Handler.run(Server.java:2932)&#10;&quot;ChunkWriter-0-0&quot; daemon prio=5 tid=4000 in Object.wait()&#10;java.lang.Thread.State: WAITING (on object monitor)&#10;        at sun.misc.Unsafe.park(Native Method)&#10;        at java.util.concurrent.locks.LockSupport.park(LockSupport.java:175)&#10;        at java.util.concurrent.locks.AbstractQueuedSynchronizer$ConditionObject.await(AbstractQueuedSynchronizer.java:2039)&#10;        at java.util.concurrent.LinkedBlockingDeque.takeFirst(LinkedBlockingDeque.java:492)&#10;        at java.util.concurrent.LinkedBlockingDeque.take(LinkedBlockingDeque.java:680)&#10;        at java.util.concurrent.ThreadPoolExecutor.getTask(ThreadPoolExecutor.java:1074)&#10;        at java.util.concurrent.ThreadPoolExecutor.runWorker(ThreadPoolExecutor.java:1134)&#10;        at java.util.concurrent.ThreadPoolExecutor$Worker.run(ThreadPoolExecutor.java:624)&#10;        at java.lang.Thread.run(Thread.java:748)&#10;&quot;Session-HouseKeeper-d476a21-1&quot;  prio=5 tid=151 timed_waiting&#10;java.lang.Thread.State: TIMED_WAITING&#10;        at sun.misc.Unsafe.park(Native Method)&#10;        at java.util.concurrent.locks.LockSupport.parkNanos(LockSupport.java:215)&#10;        at java.util.concurrent.locks.AbstractQueuedSynchronizer$ConditionObject.awaitNanos(AbstractQueuedSynchronizer.java:2078)&#10;        at java.util.concurrent.ScheduledThreadPoolExecutor$DelayedWorkQueue.take(ScheduledThreadPoolExecutor.java:1093)&#10;        at java.util.concurrent.ScheduledThreadPoolExecutor$DelayedWorkQueue.take(ScheduledThreadPoolExecutor.java:809)&#10;        at java.util.concurrent.ThreadPoolExecutor.getTask(ThreadPoolExecutor.java:1074)&#10;        at java.util.concurrent.ThreadPoolExecutor.runWorker(ThreadPoolExecutor.java:1134)&#10;        at java.util.concurrent.ThreadPoolExecutor$Worker.run(ThreadPoolExecutor.java:624)&#10;        at java.lang.Thread.run(Thread.java:748)&#10;&quot;IPC Server Responder&quot; daemon prio=5 tid=35 runnable&#10;java.lang.Thread.State: RUNNABLE&#10;        at sun.nio.ch.EPollArrayWrapper.epollWait(Native Method)&#10;        at sun.nio.ch.EPollArrayWrapper.poll(EPollArrayWrapper.java:269)&#10;        at sun.nio.ch.EPollSelectorImpl.doSelect(EPollSelectorImpl.java:93)&#10;        at sun.nio.ch.SelectorImpl.lockAndDoSelect(SelectorImpl.java:86)&#10;        at sun.nio.ch.SelectorImpl.select(SelectorImpl.java:97)&#10;        at org.apache.hadoop.ipc.Server$Responder.doRunLoop(Server.java:1527)&#10;        at org.apache.hadoop.ipc.Server$Responder.run(Server.java:1510)&#10;&#10;" type="java.util.concurrent.TimeoutException">java.util.concurrent.TimeoutException: 
Timed out waiting for condition. Thread diagnostics:
Timestamp: 2022-02-12 06:47:50,703

"qtp1118795039-143" daemon prio=5 tid=143 runnable
java.lang.Thread.State: RUNNABLE
        at sun.nio.ch.EPollArrayWrapper.epollWait(Native Method)
        at sun.nio.ch.EPollArrayWrapper.poll(EPollArrayWrapper.java:269)
        at sun.nio.ch.EPollSelectorImpl.doSelect(EPollSelectorImpl.java:93)
        at sun.nio.ch.SelectorImpl.lockAndDoSelect(SelectorImpl.java:86)
        at sun.nio.ch.SelectorImpl.select(SelectorImpl.java:97)
        at sun.nio.ch.SelectorImpl.select(SelectorImpl.java:101)
        at org.eclipse.jetty.io.ManagedSelector.nioSelect(ManagedSelector.java:183)
        at org.eclipse.jetty.io.ManagedSelector.select(ManagedSelector.java:190)
        at org.eclipse.jetty.io.ManagedSelector$SelectorProducer.select(ManagedSelector.java:606)
        at org.eclipse.jetty.io.ManagedSelector$SelectorProducer.produce(ManagedSelector.java:543)
        at org.eclipse.jetty.util.thread.strategy.EatWhatYouKill.produceTask(EatWhatYouKill.java:362)
        at org.eclipse.jetty.util.thread.strategy.EatWhatYouKill.doProduce(EatWhatYouKill.java:186)
        at org.eclipse.jetty.util.thread.strategy.EatWhatYouKill.tryProduce(EatWhatYouKill.java:173)
        at org.eclipse.jetty.util.thread.strategy.EatWhatYouKill.produce(EatWhatYouKill.java:137)
        at org.eclipse.jetty.io.ManagedSelector$$Lambda$644/155934691.run(Unknown Source)
        at org.eclipse.jetty.util.thread.QueuedThreadPool.runJob(QueuedThreadPool.java:883)
        at org.eclipse.jetty.util.thread.QueuedThreadPool$Runner.run(QueuedThreadPool.java:1034)
        at java.lang.Thread.run(Thread.java:748)
"ReplicationMonitor" daemon prio=5 tid=29 timed_waiting
java.lang.Thread.State: TIMED_WAITING
        at java.lang.Object.wait(Native Method)
        at org.apache.hadoop.hdds.scm.container.ReplicationManager.run(ReplicationManager.java:404)
        at org.apache.hadoop.hdds.scm.container.ReplicationManager$$Lambda$573/1750404486.run(Unknown Source)
        at java.lang.Thread.run(Thread.java:748)
"2db57d0a-e0a4-4c64-8073-50a45d71dc35@group-4E9D75D0D1DD-SegmentedRaftLogWorker"  prio=5 tid=4004 timed_waiting
java.lang.Thread.State: TIMED_WAITING
        at sun.misc.Unsafe.park(Native Method)
        at java.util.concurrent.locks.LockSupport.parkNanos(LockSupport.java:215)
        at java.util.concurrent.locks.AbstractQueuedSynchronizer$ConditionObject.awaitNanos(AbstractQueuedSynchronizer.java:2078)
        at org.apache.ratis.util.DataBlockingQueue.poll(DataBlockingQueue.java:137)
        at org.apache.ratis.server.raftlog.segmented.SegmentedRaftLogWorker.run(SegmentedRaftLogWorker.java:292)
        at org.apache.ratis.server.raftlog.segmented.SegmentedRaftLogWorker$$Lambda$358/3735854.run(Unknown Source)
        at java.lang.Thread.run(Thread.java:748)
"qtp224406115-3869" daemon prio=5 tid=3869 timed_waiting
java.lang.Thread.State: TIMED_WAITING
        at sun.misc.Unsafe.park(Native Method)
        at java.util.concurrent.locks.LockSupport.parkNanos(LockSupport.java:215)
        at java.util.concurrent.locks.AbstractQueuedSynchronizer$ConditionObject.awaitNanos(AbstractQueuedSynchronizer.java:2078)
        at org.eclipse.jetty.util.BlockingArrayQueue.poll(BlockingArrayQueue.java:382)
        at org.eclipse.jetty.util.thread.QueuedThreadPool$Runner.idleJobPoll(QueuedThreadPool.java:974)
        at org.eclipse.jetty.util.thread.QueuedThreadPool$Runner.run(QueuedThreadPool.java:1018)
        at java.lang.Thread.run(Thread.java:748)
"fbc88013-4e58-4ce2-8f92-86967c0fe77f@group-391B68ECE783-LeaderStateImpl" daemon prio=5 tid=3964 timed_waiting
java.lang.Thread.State: TIMED_WAITING
        at sun.misc.Unsafe.park(Native Method)
        at java.util.concurrent.locks.LockSupport.parkNanos(LockSupport.java:215)
        at java.util.concurrent.locks.AbstractQueuedSynchronizer$ConditionObject.awaitNanos(AbstractQueuedSynchronizer.java:2078)
        at java.util.concurrent.ArrayBlockingQueue.poll(ArrayBlockingQueue.java:418)
        at org.apache.ratis.server.impl.LeaderStateImpl$EventQueue.poll(LeaderStateImpl.java:156)
        at org.apache.ratis.server.impl.LeaderStateImpl$EventProcessor.run(LeaderStateImpl.java:600)
"2db57d0a-e0a4-4c64-8073-50a45d71dc35@group-6C01376EE677-SegmentedRaftLogWorker"  prio=5 tid=3937 timed_waiting
java.lang.Thread.State: TIMED_WAITING
        at sun.misc.Unsafe.park(Native Method)
        at java.util.concurrent.locks.LockSupport.parkNanos(LockSupport.java:215)
        at java.util.concurrent.locks.AbstractQueuedSynchronizer$ConditionObject.awaitNanos(AbstractQueuedSynchronizer.java:2078)
        at org.apache.ratis.util.DataBlockingQueue.poll(DataBlockingQueue.java:137)
        at org.apache.ratis.server.raftlog.segmented.SegmentedRaftLogWorker.run(SegmentedRaftLogWorker.java:292)
        at org.apache.ratis.server.raftlog.segmented.SegmentedRaftLogWorker$$Lambda$358/3735854.run(Unknown Source)
        at java.lang.Thread.run(Thread.java:748)
"Datanode ReportManager Thread - 3" daemon prio=5 tid=3992 in Object.wait()
java.lang.Thread.State: WAITING (on object monitor)
        at sun.misc.Unsafe.park(Native Method)
        at java.util.concurrent.locks.LockSupport.park(LockSupport.java:175)
        at java.util.concurrent.locks.AbstractQueuedSynchronizer$ConditionObject.await(AbstractQueuedSynchronizer.java:2039)
        at java.util.concurrent.ScheduledThreadPoolExecutor$DelayedWorkQueue.take(ScheduledThreadPoolExecutor.java:1088)
        at java.util.concurrent.ScheduledThreadPoolExecutor$DelayedWorkQueue.take(ScheduledThreadPoolExecutor.java:809)
        at java.util.concurrent.ThreadPoolExecutor.getTask(ThreadPoolExecutor.java:1074)
        at java.util.concurrent.ThreadPoolExecutor.runWorker(ThreadPoolExecutor.java:1134)
        at java.util.concurrent.ThreadPoolExecutor$Worker.run(ThreadPoolExecutor.java:624)
        at java.lang.Thread.run(Thread.java:748)
"ChunkWriter-2-0" daemon prio=5 tid=4002 in Object.wait()
java.lang.Thread.State: WAITING (on object monitor)
        at sun.misc.Unsafe.park(Native Method)
        at java.util.concurrent.locks.LockSupport.park(LockSupport.java:175)
        at java.util.concurrent.locks.AbstractQueuedSynchronizer$ConditionObject.await(AbstractQueuedSynchronizer.java:2039)
        at java.util.concurrent.LinkedBlockingDeque.takeFirst(LinkedBlockingDeque.java:492)
        at java.util.concurrent.LinkedBlockingDeque.take(LinkedBlockingDeque.java:680)
        at java.util.concurrent.ThreadPoolExecutor.getTask(ThreadPoolExecutor.java:1074)
        at java.util.concurrent.ThreadPoolExecutor.runWorker(ThreadPoolExecutor.java:1134)
        at java.util.concurrent.ThreadPoolExecutor$Worker.run(ThreadPoolExecutor.java:624)
        at java.lang.Thread.run(Thread.java:748)
"IPC Server handler 7 on default port 33951" daemon prio=5 tid=159 timed_waiting
java.lang.Thread.State: TIMED_WAITING
        at sun.misc.Unsafe.park(Native Method)
        at java.util.concurrent.locks.LockSupport.parkNanos(LockSupport.java:215)
        at java.util.concurrent.locks.AbstractQueuedSynchronizer$ConditionObject.awaitNanos(AbstractQueuedSynchronizer.java:2078)
        at java.util.concurrent.LinkedBlockingQueue.poll(LinkedBlockingQueue.java:467)
        at org.apache.hadoop.ipc.CallQueueManager.take(CallQueueManager.java:317)
        at org.apache.hadoop.ipc.Server$Handler.run(Server.java:2932)
"qtp224406115-3864" daemon prio=5 tid=3864 timed_waiting
java.lang.Thread.State: TIMED_WAITING
        at sun.misc.Unsafe.park(Native Method)
        at java.util.concurrent.locks.LockSupport.parkNanos(LockSupport.java:215)
        at java.util.concurrent.locks.AbstractQueuedSynchronizer$ConditionObject.awaitNanos(AbstractQueuedSynchronizer.java:2078)
        at org.eclipse.jetty.util.BlockingArrayQueue.poll(BlockingArrayQueue.java:382)
        at org.eclipse.jetty.util.thread.QueuedThreadPool$Runner.idleJobPoll(QueuedThreadPool.java:974)
        at org.eclipse.jetty.util.thread.QueuedThreadPool$Runner.run(QueuedThreadPool.java:1018)
        at java.lang.Thread.run(Thread.java:748)
"Datanode ReportManager Thread - 0" daemon prio=5 tid=216 in Object.wait()
java.lang.Thread.State: WAITING (on object monitor)
        at sun.misc.Unsafe.park(Native Method)
        at java.util.concurrent.locks.LockSupport.park(LockSupport.java:175)
        at java.util.concurrent.locks.AbstractQueuedSynchronizer$ConditionObject.await(AbstractQueuedSynchronizer.java:2039)
        at java.util.concurrent.ScheduledThreadPoolExecutor$DelayedWorkQueue.take(ScheduledThreadPoolExecutor.java:1088)
        at java.util.concurrent.ScheduledThreadPoolExecutor$DelayedWorkQueue.take(ScheduledThreadPoolExecutor.java:809)
        at java.util.concurrent.ThreadPoolExecutor.getTask(ThreadPoolExecutor.java:1074)
        at java.util.concurrent.ThreadPoolExecutor.runWorker(ThreadPoolExecutor.java:1134)
        at java.util.concurrent.ThreadPoolExecutor$Worker.run(ThreadPoolExecutor.java:624)
        at java.lang.Thread.run(Thread.java:748)
"ac1ecc7d-e450-4f4f-aef6-4be964bb036f@group-4E713CE930C0-StateMachineUpdater" daemon prio=5 tid=26 in Object.wait()
java.lang.Thread.State: WAITING (on object monitor)
        at java.lang.Object.wait(Native Method)
        at java.lang.Object.wait(Object.java:502)
        at org.apache.ratis.server.impl.StateMachineUpdater.waitForCommit(StateMachineUpdater.java:204)
        at org.apache.ratis.server.impl.StateMachineUpdater.run(StateMachineUpdater.java:173)
        at java.lang.Thread.run(Thread.java:748)
"pool-468-thread-1"  prio=5 tid=3972 timed_waiting
java.lang.Thread.State: TIMED_WAITING
        at sun.misc.Unsafe.park(Native Method)
        at java.util.concurrent.locks.LockSupport.parkNanos(LockSupport.java:215)
        at java.util.concurrent.locks.AbstractQueuedSynchronizer$ConditionObject.awaitNanos(AbstractQueuedSynchronizer.java:2078)
        at java.util.concurrent.ScheduledThreadPoolExecutor$DelayedWorkQueue.take(ScheduledThreadPoolExecutor.java:1093)
        at java.util.concurrent.ScheduledThreadPoolExecutor$DelayedWorkQueue.take(ScheduledThreadPoolExecutor.java:809)
        at java.util.concurrent.ThreadPoolExecutor.getTask(ThreadPoolExecutor.java:1074)
        at java.util.concurrent.ThreadPoolExecutor.runWorker(ThreadPoolExecutor.java:1134)
        at java.util.concurrent.ThreadPoolExecutor$Worker.run(ThreadPoolExecutor.java:624)
        at java.lang.Thread.run(Thread.java:748)
"Signal Dispatcher" daemon prio=9 tid=4 runnable
java.lang.Thread.State: RUNNABLE
"om1@group-C5BA1605619E-LeaderStateImpl" daemon prio=5 tid=225 timed_waiting
java.lang.Thread.State: TIMED_WAITING
        at sun.misc.Unsafe.park(Native Method)
        at java.util.concurrent.locks.LockSupport.parkNanos(LockSupport.java:215)
        at java.util.concurrent.locks.AbstractQueuedSynchronizer$ConditionObject.awaitNanos(AbstractQueuedSynchronizer.java:2078)
        at java.util.concurrent.ArrayBlockingQueue.poll(ArrayBlockingQueue.java:418)
        at org.apache.ratis.server.impl.LeaderStateImpl$EventQueue.poll(LeaderStateImpl.java:156)
        at org.apache.ratis.server.impl.LeaderStateImpl$EventProcessor.run(LeaderStateImpl.java:600)
"surefire-forkedjvm-ping-30s" daemon prio=5 tid=10 timed_waiting
java.lang.Thread.State: TIMED_WAITING
        at sun.misc.Unsafe.park(Native Method)
        at java.util.concurrent.locks.LockSupport.parkNanos(LockSupport.java:215)
        at java.util.concurrent.locks.AbstractQueuedSynchronizer$ConditionObject.awaitNanos(AbstractQueuedSynchronizer.java:2078)
        at java.util.concurrent.ScheduledThreadPoolExecutor$DelayedWorkQueue.take(ScheduledThreadPoolExecutor.java:1093)
        at java.util.concurrent.ScheduledThreadPoolExecutor$DelayedWorkQueue.take(ScheduledThreadPoolExecutor.java:809)
        at java.util.concurrent.ThreadPoolExecutor.getTask(ThreadPoolExecutor.java:1074)
        at java.util.concurrent.ThreadPoolExecutor.runWorker(ThreadPoolExecutor.java:1134)
        at java.util.concurrent.ThreadPoolExecutor$Worker.run(ThreadPoolExecutor.java:624)
        at java.lang.Thread.run(Thread.java:748)
"FullTableCache Cleanup Thread - 0" daemon prio=5 tid=400 in Object.wait()
java.lang.Thread.State: WAITING (on object monitor)
        at sun.misc.Unsafe.park(Native Method)
        at java.util.concurrent.locks.LockSupport.park(LockSupport.java:175)
        at java.util.concurrent.locks.AbstractQueuedSynchronizer$ConditionObject.await(AbstractQueuedSynchronizer.java:2039)
        at java.util.concurrent.LinkedBlockingQueue.take(LinkedBlockingQueue.java:442)
        at java.util.concurrent.ThreadPoolExecutor.getTask(ThreadPoolExecutor.java:1074)
        at java.util.concurrent.ThreadPoolExecutor.runWorker(ThreadPoolExecutor.java:1134)
        at java.util.concurrent.ThreadPoolExecutor$Worker.run(ThreadPoolExecutor.java:624)
        at java.lang.Thread.run(Thread.java:748)
"Datanode ReportManager Thread - 1" daemon prio=5 tid=3879 in Object.wait()
java.lang.Thread.State: WAITING (on object monitor)
        at sun.misc.Unsafe.park(Native Method)
        at java.util.concurrent.locks.LockSupport.park(LockSupport.java:175)
        at java.util.concurrent.locks.AbstractQueuedSynchronizer$ConditionObject.await(AbstractQueuedSynchronizer.java:2039)
        at java.util.concurrent.ScheduledThreadPoolExecutor$DelayedWorkQueue.take(ScheduledThreadPoolExecutor.java:1088)
        at java.util.concurrent.ScheduledThreadPoolExecutor$DelayedWorkQueue.take(ScheduledThreadPoolExecutor.java:809)
        at java.util.concurrent.ThreadPoolExecutor.getTask(ThreadPoolExecutor.java:1074)
        at java.util.concurrent.ThreadPoolExecutor.runWorker(ThreadPoolExecutor.java:1134)
        at java.util.concurrent.ThreadPoolExecutor$Worker.run(ThreadPoolExecutor.java:624)
        at java.lang.Thread.run(Thread.java:748)
"qtp1684038962-3978" daemon prio=5 tid=3978 timed_waiting
java.lang.Thread.State: TIMED_WAITING
        at sun.misc.Unsafe.park(Native Method)
        at java.util.concurrent.locks.LockSupport.parkNanos(LockSupport.java:215)
        at java.util.concurrent.locks.AbstractQueuedSynchronizer$ConditionObject.awaitNanos(AbstractQueuedSynchronizer.java:2078)
        at org.eclipse.jetty.util.BlockingArrayQueue.poll(BlockingArrayQueue.java:382)
        at org.eclipse.jetty.util.thread.QueuedThreadPool$Runner.idleJobPoll(QueuedThreadPool.java:974)
        at org.eclipse.jetty.util.thread.QueuedThreadPool$Runner.run(QueuedThreadPool.java:1018)
        at java.lang.Thread.run(Thread.java:748)
"IPC Server handler 10 on default port 44723" daemon prio=5 tid=78 timed_waiting
java.lang.Thread.State: TIMED_WAITING
        at sun.misc.Unsafe.park(Native Method)
        at java.util.concurrent.locks.LockSupport.parkNanos(LockSupport.java:215)
        at java.util.concurrent.locks.AbstractQueuedSynchronizer$ConditionObject.awaitNanos(AbstractQueuedSynchronizer.java:2078)
        at java.util.concurrent.LinkedBlockingQueue.poll(LinkedBlockingQueue.java:467)
        at org.apache.hadoop.ipc.CallQueueManager.take(CallQueueManager.java:317)
        at org.apache.hadoop.ipc.Server$Handler.run(Server.java:2932)
"Command processor thread" daemon prio=5 tid=3883 timed_waiting
java.lang.Thread.State: TIMED_WAITING
        at java.lang.Thread.sleep(Native Method)
        at org.apache.hadoop.ozone.container.common.statemachine.DatanodeStateMachine.lambda$initCommandHandlerThread$2(DatanodeStateMachine.java:577)
        at org.apache.hadoop.ozone.container.common.statemachine.DatanodeStateMachine$$Lambda$712/1433067593.run(Unknown Source)
        at java.lang.Thread.run(Thread.java:748)
"IPC Server handler 2 on default port 34953" daemon prio=5 tid=50 timed_waiting
java.lang.Thread.State: TIMED_WAITING
        at sun.misc.Unsafe.park(Native Method)
        at java.util.concurrent.locks.LockSupport.parkNanos(LockSupport.java:215)
        at java.util.concurrent.locks.AbstractQueuedSynchronizer$ConditionObject.awaitNanos(AbstractQueuedSynchronizer.java:2078)
        at java.util.concurrent.LinkedBlockingQueue.poll(LinkedBlockingQueue.java:467)
        at org.apache.hadoop.ipc.CallQueueManager.take(CallQueueManager.java:317)
        at org.apache.hadoop.ipc.Server$Handler.run(Server.java:2932)
"Datanode State Machine Daemon Thread" daemon prio=5 tid=3988 timed_waiting
java.lang.Thread.State: TIMED_WAITING
        at sun.misc.Unsafe.park(Native Method)
        at java.util.concurrent.locks.LockSupport.parkNanos(LockSupport.java:215)
        at java.util.concurrent.locks.AbstractQueuedSynchronizer$ConditionObject.awaitNanos(AbstractQueuedSynchronizer.java:2078)
        at java.util.concurrent.LinkedBlockingQueue.poll(LinkedBlockingQueue.java:467)
        at java.util.concurrent.ExecutorCompletionService.poll(ExecutorCompletionService.java:202)
        at org.apache.hadoop.ozone.container.common.states.datanode.RunningDatanodeState.await(RunningDatanodeState.java:224)
        at org.apache.hadoop.ozone.container.common.states.datanode.RunningDatanodeState.await(RunningDatanodeState.java:50)
        at org.apache.hadoop.ozone.container.common.statemachine.StateContext.execute(StateContext.java:633)
        at org.apache.hadoop.ozone.container.common.statemachine.DatanodeStateMachine.start(DatanodeStateMachine.java:283)
        at org.apache.hadoop.ozone.container.common.statemachine.DatanodeStateMachine.lambda$startDaemon$0(DatanodeStateMachine.java:471)
        at org.apache.hadoop.ozone.container.common.statemachine.DatanodeStateMachine$$Lambda$710/143249555.run(Unknown Source)
        at java.lang.Thread.run(Thread.java:748)
"IPC Server handler 2 on default port 44723" daemon prio=5 tid=70 timed_waiting
java.lang.Thread.State: TIMED_WAITING
        at sun.misc.Unsafe.park(Native Method)
        at java.util.concurrent.locks.LockSupport.parkNanos(LockSupport.java:215)
        at java.util.concurrent.locks.AbstractQueuedSynchronizer$ConditionObject.awaitNanos(AbstractQueuedSynchronizer.java:2078)
        at java.util.concurrent.LinkedBlockingQueue.poll(LinkedBlockingQueue.java:467)
        at org.apache.hadoop.ipc.CallQueueManager.take(CallQueueManager.java:317)
        at org.apache.hadoop.ipc.Server$Handler.run(Server.java:2932)
"EventQueue-NodeRegistrationContainerReportForDataNodeSafeModeRule" daemon prio=5 tid=285 in Object.wait()
java.lang.Thread.State: WAITING (on object monitor)
        at sun.misc.Unsafe.park(Native Method)
        at java.util.concurrent.locks.LockSupport.park(LockSupport.java:175)
        at java.util.concurrent.locks.AbstractQueuedSynchronizer$ConditionObject.await(AbstractQueuedSynchronizer.java:2039)
        at java.util.concurrent.LinkedBlockingQueue.take(LinkedBlockingQueue.java:442)
        at java.util.concurrent.ThreadPoolExecutor.getTask(ThreadPoolExecutor.java:1074)
        at java.util.concurrent.ThreadPoolExecutor.runWorker(ThreadPoolExecutor.java:1134)
        at java.util.concurrent.ThreadPoolExecutor$Worker.run(ThreadPoolExecutor.java:624)
        at java.lang.Thread.run(Thread.java:748)
"IPC Server handler 11 on default port 45219" daemon prio=5 tid=118 timed_waiting
java.lang.Thread.State: TIMED_WAITING
        at sun.misc.Unsafe.park(Native Method)
        at java.util.concurrent.locks.LockSupport.parkNanos(LockSupport.java:215)
        at java.util.concurrent.locks.AbstractQueuedSynchronizer$ConditionObject.awaitNanos(AbstractQueuedSynchronizer.java:2078)
        at java.util.concurrent.LinkedBlockingQueue.poll(LinkedBlockingQueue.java:467)
        at org.apache.hadoop.ipc.CallQueueManager.take(CallQueueManager.java:317)
        at org.apache.hadoop.ipc.Server$Handler.run(Server.java:2932)
"IPC Server handler 6 on default port 33951" daemon prio=5 tid=158 timed_waiting
java.lang.Thread.State: TIMED_WAITING
        at sun.misc.Unsafe.park(Native Method)
        at java.util.concurrent.locks.LockSupport.parkNanos(LockSupport.java:215)
        at java.util.concurrent.locks.AbstractQueuedSynchronizer$ConditionObject.awaitNanos(AbstractQueuedSynchronizer.java:2078)
        at java.util.concurrent.LinkedBlockingQueue.poll(LinkedBlockingQueue.java:467)
        at org.apache.hadoop.ipc.CallQueueManager.take(CallQueueManager.java:317)
        at org.apache.hadoop.ipc.Server$Handler.run(Server.java:2932)
"IPC Server handler 13 on default port 34953" daemon prio=5 tid=61 timed_waiting
java.lang.Thread.State: TIMED_WAITING
        at sun.misc.Unsafe.park(Native Method)
        at java.util.concurrent.locks.LockSupport.parkNanos(LockSupport.java:215)
        at java.util.concurrent.locks.AbstractQueuedSynchronizer$ConditionObject.awaitNanos(AbstractQueuedSynchronizer.java:2078)
        at java.util.concurrent.LinkedBlockingQueue.poll(LinkedBlockingQueue.java:467)
        at org.apache.hadoop.ipc.CallQueueManager.take(CallQueueManager.java:317)
        at org.apache.hadoop.ipc.Server$Handler.run(Server.java:2932)
"IPC Server handler 11 on default port 44723" daemon prio=5 tid=79 timed_waiting
java.lang.Thread.State: TIMED_WAITING
        at sun.misc.Unsafe.park(Native Method)
        at java.util.concurrent.locks.LockSupport.parkNanos(LockSupport.java:215)
        at java.util.concurrent.locks.AbstractQueuedSynchronizer$ConditionObject.awaitNanos(AbstractQueuedSynchronizer.java:2078)
        at java.util.concurrent.LinkedBlockingQueue.poll(LinkedBlockingQueue.java:467)
        at org.apache.hadoop.ipc.CallQueueManager.take(CallQueueManager.java:317)
        at org.apache.hadoop.ipc.Server$Handler.run(Server.java:2932)
"IPC Server handler 9 on default port 34953" daemon prio=5 tid=57 timed_waiting
java.lang.Thread.State: TIMED_WAITING
        at sun.misc.Unsafe.park(Native Method)
        at java.util.concurrent.locks.LockSupport.parkNanos(LockSupport.java:215)
        at java.util.concurrent.locks.AbstractQueuedSynchronizer$ConditionObject.awaitNanos(AbstractQueuedSynchronizer.java:2078)
        at java.util.concurrent.LinkedBlockingQueue.poll(LinkedBlockingQueue.java:467)
        at org.apache.hadoop.ipc.CallQueueManager.take(CallQueueManager.java:317)
        at org.apache.hadoop.ipc.Server$Handler.run(Server.java:2932)
"IPC Server handler 14 on default port 44723" daemon prio=5 tid=82 timed_waiting
java.lang.Thread.State: TIMED_WAITING
        at sun.misc.Unsafe.park(Native Method)
        at java.util.concurrent.locks.LockSupport.parkNanos(LockSupport.java:215)
        at java.util.concurrent.locks.AbstractQueuedSynchronizer$ConditionObject.awaitNanos(AbstractQueuedSynchronizer.java:2078)
        at java.util.concurrent.LinkedBlockingQueue.poll(LinkedBlockingQueue.java:467)
        at org.apache.hadoop.ipc.CallQueueManager.take(CallQueueManager.java:317)
        at org.apache.hadoop.ipc.Server$Handler.run(Server.java:2932)
"org.apache.hadoop.util.JvmPauseMonitor$Monitor@18e59cdb" daemon prio=5 tid=3995 timed_waiting
java.lang.Thread.State: TIMED_WAITING
        at java.lang.Thread.sleep(Native Method)
        at org.apache.hadoop.util.JvmPauseMonitor$Monitor.run(JvmPauseMonitor.java:192)
        at java.lang.Thread.run(Thread.java:748)
"RatisPipelineUtilsThread - 0"  prio=5 tid=28 timed_waiting
java.lang.Thread.State: TIMED_WAITING
        at java.lang.Object.wait(Native Method)
        at org.apache.hadoop.hdds.scm.pipeline.BackgroundPipelineCreator.run(BackgroundPipelineCreator.java:183)
        at org.apache.hadoop.hdds.scm.pipeline.BackgroundPipelineCreator$$Lambda$570/6987253.run(Unknown Source)
        at java.lang.Thread.run(Thread.java:748)
"BlockDeletingService#3" daemon prio=5 tid=4174 in Object.wait()
java.lang.Thread.State: WAITING (on object monitor)
        at sun.misc.Unsafe.park(Native Method)
        at java.util.concurrent.locks.LockSupport.park(LockSupport.java:175)
        at java.util.concurrent.locks.AbstractQueuedSynchronizer$ConditionObject.await(AbstractQueuedSynchronizer.java:2039)
        at java.util.concurrent.ScheduledThreadPoolExecutor$DelayedWorkQueue.take(ScheduledThreadPoolExecutor.java:1088)
        at java.util.concurrent.ScheduledThreadPoolExecutor$DelayedWorkQueue.take(ScheduledThreadPoolExecutor.java:809)
        at java.util.concurrent.ThreadPoolExecutor.getTask(ThreadPoolExecutor.java:1074)
        at java.util.concurrent.ThreadPoolExecutor.runWorker(ThreadPoolExecutor.java:1134)
        at java.util.concurrent.ThreadPoolExecutor$Worker.run(ThreadPoolExecutor.java:624)
        at java.lang.Thread.run(Thread.java:748)
"IPC Server handler 12 on default port 34953" daemon prio=5 tid=60 timed_waiting
java.lang.Thread.State: TIMED_WAITING
        at sun.misc.Unsafe.park(Native Method)
        at java.util.concurrent.locks.LockSupport.parkNanos(LockSupport.java:215)
        at java.util.concurrent.locks.AbstractQueuedSynchronizer$ConditionObject.awaitNanos(AbstractQueuedSynchronizer.java:2078)
        at java.util.concurrent.LinkedBlockingQueue.poll(LinkedBlockingQueue.java:467)
        at org.apache.hadoop.ipc.CallQueueManager.take(CallQueueManager.java:317)
        at org.apache.hadoop.ipc.Server$Handler.run(Server.java:2932)
"IPC Server handler 4 on default port 45219" daemon prio=5 tid=111 timed_waiting
java.lang.Thread.State: TIMED_WAITING
        at sun.misc.Unsafe.park(Native Method)
        at java.util.concurrent.locks.LockSupport.parkNanos(LockSupport.java:215)
        at java.util.concurrent.locks.AbstractQueuedSynchronizer$ConditionObject.awaitNanos(AbstractQueuedSynchronizer.java:2078)
        at java.util.concurrent.LinkedBlockingQueue.poll(LinkedBlockingQueue.java:467)
        at org.apache.hadoop.ipc.CallQueueManager.take(CallQueueManager.java:317)
        at org.apache.hadoop.ipc.Server$Handler.run(Server.java:2932)
"java.util.concurrent.ThreadPoolExecutor$Worker@5c86f420[State = -1, empty queue]" daemon prio=5 tid=3955 in Object.wait()
java.lang.Thread.State: WAITING (on object monitor)
        at sun.misc.Unsafe.park(Native Method)
        at java.util.concurrent.locks.LockSupport.park(LockSupport.java:175)
        at java.util.concurrent.locks.AbstractQueuedSynchronizer$ConditionObject.await(AbstractQueuedSynchronizer.java:2039)
        at java.util.concurrent.ScheduledThreadPoolExecutor$DelayedWorkQueue.take(ScheduledThreadPoolExecutor.java:1081)
        at java.util.concurrent.ScheduledThreadPoolExecutor$DelayedWorkQueue.take(ScheduledThreadPoolExecutor.java:809)
        at java.util.concurrent.ThreadPoolExecutor.getTask(ThreadPoolExecutor.java:1074)
        at java.util.concurrent.ThreadPoolExecutor.runWorker(ThreadPoolExecutor.java:1134)
        at java.util.concurrent.ThreadPoolExecutor$Worker.run(ThreadPoolExecutor.java:624)
        at java.lang.Thread.run(Thread.java:748)
"ChunkWriter-3-0" daemon prio=5 tid=3894 in Object.wait()
java.lang.Thread.State: WAITING (on object monitor)
        at sun.misc.Unsafe.park(Native Method)
        at java.util.concurrent.locks.LockSupport.park(LockSupport.java:175)
        at java.util.concurrent.locks.AbstractQueuedSynchronizer$ConditionObject.await(AbstractQueuedSynchronizer.java:2039)
        at java.util.concurrent.LinkedBlockingDeque.takeFirst(LinkedBlockingDeque.java:492)
        at java.util.concurrent.LinkedBlockingDeque.take(LinkedBlockingDeque.java:680)
        at java.util.concurrent.ThreadPoolExecutor.getTask(ThreadPoolExecutor.java:1074)
        at java.util.concurrent.ThreadPoolExecutor.runWorker(ThreadPoolExecutor.java:1134)
        at java.util.concurrent.ThreadPoolExecutor$Worker.run(ThreadPoolExecutor.java:624)
        at java.lang.Thread.run(Thread.java:748)
"IPC Server handler 18 on default port 34953" daemon prio=5 tid=66 timed_waiting
java.lang.Thread.State: TIMED_WAITING
        at sun.misc.Unsafe.park(Native Method)
        at java.util.concurrent.locks.LockSupport.parkNanos(LockSupport.java:215)
        at java.util.concurrent.locks.AbstractQueuedSynchronizer$ConditionObject.awaitNanos(AbstractQueuedSynchronizer.java:2078)
        at java.util.concurrent.LinkedBlockingQueue.poll(LinkedBlockingQueue.java:467)
        at org.apache.hadoop.ipc.CallQueueManager.take(CallQueueManager.java:317)
        at org.apache.hadoop.ipc.Server$Handler.run(Server.java:2932)
"ChunkWriter-3-0" daemon prio=5 tid=4003 in Object.wait()
java.lang.Thread.State: WAITING (on object monitor)
        at sun.misc.Unsafe.park(Native Method)
        at java.util.concurrent.locks.LockSupport.park(LockSupport.java:175)
        at java.util.concurrent.locks.AbstractQueuedSynchronizer$ConditionObject.await(AbstractQueuedSynchronizer.java:2039)
        at java.util.concurrent.LinkedBlockingDeque.takeFirst(LinkedBlockingDeque.java:492)
        at java.util.concurrent.LinkedBlockingDeque.take(LinkedBlockingDeque.java:680)
        at java.util.concurrent.ThreadPoolExecutor.getTask(ThreadPoolExecutor.java:1074)
        at java.util.concurrent.ThreadPoolExecutor.runWorker(ThreadPoolExecutor.java:1134)
        at java.util.concurrent.ThreadPoolExecutor$Worker.run(ThreadPoolExecutor.java:624)
        at java.lang.Thread.run(Thread.java:748)
"IPC Server handler 19 on default port 33951" daemon prio=5 tid=171 timed_waiting
java.lang.Thread.State: TIMED_WAITING
        at sun.misc.Unsafe.park(Native Method)
        at java.util.concurrent.locks.LockSupport.parkNanos(LockSupport.java:215)
        at java.util.concurrent.locks.AbstractQueuedSynchronizer$ConditionObject.awaitNanos(AbstractQueuedSynchronizer.java:2078)
        at java.util.concurrent.LinkedBlockingQueue.poll(LinkedBlockingQueue.java:467)
        at org.apache.hadoop.ipc.CallQueueManager.take(CallQueueManager.java:317)
        at org.apache.hadoop.ipc.Server$Handler.run(Server.java:2932)
"IPC Server listener on 0" daemon prio=5 tid=32 runnable
java.lang.Thread.State: RUNNABLE
        at sun.nio.ch.EPollArrayWrapper.epollWait(Native Method)
        at sun.nio.ch.EPollArrayWrapper.poll(EPollArrayWrapper.java:269)
        at sun.nio.ch.EPollSelectorImpl.doSelect(EPollSelectorImpl.java:93)
        at sun.nio.ch.SelectorImpl.lockAndDoSelect(SelectorImpl.java:86)
        at sun.nio.ch.SelectorImpl.select(SelectorImpl.java:97)
        at sun.nio.ch.SelectorImpl.select(SelectorImpl.java:101)
        at org.apache.hadoop.ipc.Server$Listener.run(Server.java:1350)
"IPC Server handler 10 on default port 34953" daemon prio=5 tid=58 timed_waiting
java.lang.Thread.State: TIMED_WAITING
        at sun.misc.Unsafe.park(Native Method)
        at java.util.concurrent.locks.LockSupport.parkNanos(LockSupport.java:215)
        at java.util.concurrent.locks.AbstractQueuedSynchronizer$ConditionObject.awaitNanos(AbstractQueuedSynchronizer.java:2078)
        at java.util.concurrent.LinkedBlockingQueue.poll(LinkedBlockingQueue.java:467)
        at org.apache.hadoop.ipc.CallQueueManager.take(CallQueueManager.java:317)
        at org.apache.hadoop.ipc.Server$Handler.run(Server.java:2932)
"IPC Server handler 12 on default port 45219" daemon prio=5 tid=119 timed_waiting
java.lang.Thread.State: TIMED_WAITING
        at sun.misc.Unsafe.park(Native Method)
        at java.util.concurrent.locks.LockSupport.parkNanos(LockSupport.java:215)
        at java.util.concurrent.locks.AbstractQueuedSynchronizer$ConditionObject.awaitNanos(AbstractQueuedSynchronizer.java:2078)
        at java.util.concurrent.LinkedBlockingQueue.poll(LinkedBlockingQueue.java:467)
        at org.apache.hadoop.ipc.CallQueueManager.take(CallQueueManager.java:317)
        at org.apache.hadoop.ipc.Server$Handler.run(Server.java:2932)
"org.apache.ratis.util.JvmPauseMonitor$$Lambda$422/823775087@7b9866c6" daemon prio=5 tid=138 timed_waiting
java.lang.Thread.State: TIMED_WAITING
        at java.lang.Thread.sleep(Native Method)
        at java.lang.Thread.sleep(Thread.java:340)
        at java.util.concurrent.TimeUnit.sleep(TimeUnit.java:386)
        at org.apache.ratis.util.TimeDuration.sleep(TimeDuration.java:324)
        at org.apache.ratis.util.TimeDuration.sleep(TimeDuration.java:309)
        at org.apache.ratis.util.JvmPauseMonitor.detectPause(JvmPauseMonitor.java:117)
        at org.apache.ratis.util.JvmPauseMonitor.run(JvmPauseMonitor.java:106)
        at org.apache.ratis.util.JvmPauseMonitor$$Lambda$422/823775087.run(Unknown Source)
        at java.lang.Thread.run(Thread.java:748)
"IPC Server handler 14 on default port 34953" daemon prio=5 tid=62 timed_waiting
java.lang.Thread.State: TIMED_WAITING
        at sun.misc.Unsafe.park(Native Method)
        at java.util.concurrent.locks.LockSupport.parkNanos(LockSupport.java:215)
        at java.util.concurrent.locks.AbstractQueuedSynchronizer$ConditionObject.awaitNanos(AbstractQueuedSynchronizer.java:2078)
        at java.util.concurrent.LinkedBlockingQueue.poll(LinkedBlockingQueue.java:467)
        at org.apache.hadoop.ipc.CallQueueManager.take(CallQueueManager.java:317)
        at org.apache.hadoop.ipc.Server$Handler.run(Server.java:2932)
"qtp1118795039-146" daemon prio=5 tid=146 timed_waiting
java.lang.Thread.State: TIMED_WAITING
        at sun.misc.Unsafe.park(Native Method)
        at java.util.concurrent.locks.LockSupport.parkNanos(LockSupport.java:215)
        at java.util.concurrent.locks.AbstractQueuedSynchronizer$ConditionObject.awaitNanos(AbstractQueuedSynchronizer.java:2078)
        at org.eclipse.jetty.util.BlockingArrayQueue.poll(BlockingArrayQueue.java:382)
        at org.eclipse.jetty.util.thread.QueuedThreadPool$Runner.idleJobPoll(QueuedThreadPool.java:974)
        at org.eclipse.jetty.util.thread.QueuedThreadPool$Runner.run(QueuedThreadPool.java:1018)
        at java.lang.Thread.run(Thread.java:748)
"FullTableCache Cleanup Thread - 0" daemon prio=5 tid=399 in Object.wait()
java.lang.Thread.State: WAITING (on object monitor)
        at sun.misc.Unsafe.park(Native Method)
        at java.util.concurrent.locks.LockSupport.park(LockSupport.java:175)
        at java.util.concurrent.locks.AbstractQueuedSynchronizer$ConditionObject.await(AbstractQueuedSynchronizer.java:2039)
        at java.util.concurrent.LinkedBlockingQueue.take(LinkedBlockingQueue.java:442)
        at java.util.concurrent.ThreadPoolExecutor.getTask(ThreadPoolExecutor.java:1074)
        at java.util.concurrent.ThreadPoolExecutor.runWorker(ThreadPoolExecutor.java:1134)
        at java.util.concurrent.ThreadPoolExecutor$Worker.run(ThreadPoolExecutor.java:624)
        at java.lang.Thread.run(Thread.java:748)
"EventQueue-NodeRegistrationContainerReportForContainerSafeModeRule" daemon prio=5 tid=284 in Object.wait()
java.lang.Thread.State: WAITING (on object monitor)
        at sun.misc.Unsafe.park(Native Method)
        at java.util.concurrent.locks.LockSupport.park(LockSupport.java:175)
        at java.util.concurrent.locks.AbstractQueuedSynchronizer$ConditionObject.await(AbstractQueuedSynchronizer.java:2039)
        at java.util.concurrent.LinkedBlockingQueue.take(LinkedBlockingQueue.java:442)
        at java.util.concurrent.ThreadPoolExecutor.getTask(ThreadPoolExecutor.java:1074)
        at java.util.concurrent.ThreadPoolExecutor.runWorker(ThreadPoolExecutor.java:1134)
        at java.util.concurrent.ThreadPoolExecutor$Worker.run(ThreadPoolExecutor.java:624)
        at java.lang.Thread.run(Thread.java:748)
"IPC Server handler 11 on default port 33951" daemon prio=5 tid=163 timed_waiting
java.lang.Thread.State: TIMED_WAITING
        at sun.misc.Unsafe.park(Native Method)
        at java.util.concurrent.locks.LockSupport.parkNanos(LockSupport.java:215)
        at java.util.concurrent.locks.AbstractQueuedSynchronizer$ConditionObject.awaitNanos(AbstractQueuedSynchronizer.java:2078)
        at java.util.concurrent.LinkedBlockingQueue.poll(LinkedBlockingQueue.java:467)
        at org.apache.hadoop.ipc.CallQueueManager.take(CallQueueManager.java:317)
        at org.apache.hadoop.ipc.Server$Handler.run(Server.java:2932)
"ChunkWriter-2-0" daemon prio=5 tid=3893 in Object.wait()
java.lang.Thread.State: WAITING (on object monitor)
        at sun.misc.Unsafe.park(Native Method)
        at java.util.concurrent.locks.LockSupport.park(LockSupport.java:175)
        at java.util.concurrent.locks.AbstractQueuedSynchronizer$ConditionObject.await(AbstractQueuedSynchronizer.java:2039)
        at java.util.concurrent.LinkedBlockingDeque.takeFirst(LinkedBlockingDeque.java:492)
        at java.util.concurrent.LinkedBlockingDeque.take(LinkedBlockingDeque.java:680)
        at java.util.concurrent.ThreadPoolExecutor.getTask(ThreadPoolExecutor.java:1074)
        at java.util.concurrent.ThreadPoolExecutor.runWorker(ThreadPoolExecutor.java:1134)
        at java.util.concurrent.ThreadPoolExecutor$Worker.run(ThreadPoolExecutor.java:624)
        at java.lang.Thread.run(Thread.java:748)
"2db57d0a-e0a4-4c64-8073-50a45d71dc35@group-07E8C718409E-SegmentedRaftLogWorker"  prio=5 tid=3981 timed_waiting
java.lang.Thread.State: TIMED_WAITING
        at sun.misc.Unsafe.park(Native Method)
        at java.util.concurrent.locks.LockSupport.parkNanos(LockSupport.java:215)
        at java.util.concurrent.locks.AbstractQueuedSynchronizer$ConditionObject.awaitNanos(AbstractQueuedSynchronizer.java:2078)
        at org.apache.ratis.util.DataBlockingQueue.poll(DataBlockingQueue.java:137)
        at org.apache.ratis.server.raftlog.segmented.SegmentedRaftLogWorker.run(SegmentedRaftLogWorker.java:292)
        at org.apache.ratis.server.raftlog.segmented.SegmentedRaftLogWorker$$Lambda$358/3735854.run(Unknown Source)
        at java.lang.Thread.run(Thread.java:748)
"IPC Server handler 12 on default port 33951" daemon prio=5 tid=164 timed_waiting
java.lang.Thread.State: TIMED_WAITING
        at sun.misc.Unsafe.park(Native Method)
        at java.util.concurrent.locks.LockSupport.parkNanos(LockSupport.java:215)
        at java.util.concurrent.locks.AbstractQueuedSynchronizer$ConditionObject.awaitNanos(AbstractQueuedSynchronizer.java:2078)
        at java.util.concurrent.LinkedBlockingQueue.poll(LinkedBlockingQueue.java:467)
        at org.apache.hadoop.ipc.CallQueueManager.take(CallQueueManager.java:317)
        at org.apache.hadoop.ipc.Server$Handler.run(Server.java:2932)
"pool-441-thread-1" daemon prio=5 tid=3968 timed_waiting
java.lang.Thread.State: TIMED_WAITING
        at sun.misc.Unsafe.park(Native Method)
        at java.util.concurrent.locks.LockSupport.parkNanos(LockSupport.java:215)
        at java.util.concurrent.locks.AbstractQueuedSynchronizer$ConditionObject.awaitNanos(AbstractQueuedSynchronizer.java:2078)
        at java.util.concurrent.ScheduledThreadPoolExecutor$DelayedWorkQueue.take(ScheduledThreadPoolExecutor.java:1093)
        at java.util.concurrent.ScheduledThreadPoolExecutor$DelayedWorkQueue.take(ScheduledThreadPoolExecutor.java:809)
        at java.util.concurrent.ThreadPoolExecutor.getTask(ThreadPoolExecutor.java:1074)
        at java.util.concurrent.ThreadPoolExecutor.runWorker(ThreadPoolExecutor.java:1134)
        at java.util.concurrent.ThreadPoolExecutor$Worker.run(ThreadPoolExecutor.java:624)
        at java.lang.Thread.run(Thread.java:748)
"org.apache.hadoop.util.JvmPauseMonitor$Monitor@20f918f4" daemon prio=5 tid=3884 timed_waiting
java.lang.Thread.State: TIMED_WAITING
        at java.lang.Thread.sleep(Native Method)
        at org.apache.hadoop.util.JvmPauseMonitor$Monitor.run(JvmPauseMonitor.java:192)
        at java.lang.Thread.run(Thread.java:748)
"IPC Server handler 3 on default port 33951" daemon prio=5 tid=155 timed_waiting
java.lang.Thread.State: TIMED_WAITING
        at sun.misc.Unsafe.park(Native Method)
        at java.util.concurrent.locks.LockSupport.parkNanos(LockSupport.java:215)
        at java.util.concurrent.locks.AbstractQueuedSynchronizer$ConditionObject.awaitNanos(AbstractQueuedSynchronizer.java:2078)
        at java.util.concurrent.LinkedBlockingQueue.poll(LinkedBlockingQueue.java:467)
        at org.apache.hadoop.ipc.CallQueueManager.take(CallQueueManager.java:317)
        at org.apache.hadoop.ipc.Server$Handler.run(Server.java:2932)
"Datanode ReportManager Thread - 4" daemon prio=5 tid=195 timed_waiting
java.lang.Thread.State: TIMED_WAITING
        at sun.misc.Unsafe.park(Native Method)
        at java.util.concurrent.locks.LockSupport.parkNanos(LockSupport.java:215)
        at java.util.concurrent.locks.AbstractQueuedSynchronizer$ConditionObject.awaitNanos(AbstractQueuedSynchronizer.java:2078)
        at java.util.concurrent.ScheduledThreadPoolExecutor$DelayedWorkQueue.take(ScheduledThreadPoolExecutor.java:1093)
        at java.util.concurrent.ScheduledThreadPoolExecutor$DelayedWorkQueue.take(ScheduledThreadPoolExecutor.java:809)
        at java.util.concurrent.ThreadPoolExecutor.getTask(ThreadPoolExecutor.java:1074)
        at java.util.concurrent.ThreadPoolExecutor.runWorker(ThreadPoolExecutor.java:1134)
        at java.util.concurrent.ThreadPoolExecutor$Worker.run(ThreadPoolExecutor.java:624)
        at java.lang.Thread.run(Thread.java:748)
"IPC Server handler 17 on default port 33951" daemon prio=5 tid=169 timed_waiting
java.lang.Thread.State: TIMED_WAITING
        at sun.misc.Unsafe.park(Native Method)
        at java.util.concurrent.locks.LockSupport.parkNanos(LockSupport.java:215)
        at java.util.concurrent.locks.AbstractQueuedSynchronizer$ConditionObject.awaitNanos(AbstractQueuedSynchronizer.java:2078)
        at java.util.concurrent.LinkedBlockingQueue.poll(LinkedBlockingQueue.java:467)
        at org.apache.hadoop.ipc.CallQueueManager.take(CallQueueManager.java:317)
        at org.apache.hadoop.ipc.Server$Handler.run(Server.java:2932)
"Datanode ReportManager Thread - 0" daemon prio=5 tid=3989 in Object.wait()
java.lang.Thread.State: WAITING (on object monitor)
        at sun.misc.Unsafe.park(Native Method)
        at java.util.concurrent.locks.LockSupport.park(LockSupport.java:175)
        at java.util.concurrent.locks.AbstractQueuedSynchronizer$ConditionObject.await(AbstractQueuedSynchronizer.java:2039)
        at java.util.concurrent.ScheduledThreadPoolExecutor$DelayedWorkQueue.take(ScheduledThreadPoolExecutor.java:1088)
        at java.util.concurrent.ScheduledThreadPoolExecutor$DelayedWorkQueue.take(ScheduledThreadPoolExecutor.java:809)
        at java.util.concurrent.ThreadPoolExecutor.getTask(ThreadPoolExecutor.java:1074)
        at java.util.concurrent.ThreadPoolExecutor.runWorker(ThreadPoolExecutor.java:1134)
        at java.util.concurrent.ThreadPoolExecutor$Worker.run(ThreadPoolExecutor.java:624)
        at java.lang.Thread.run(Thread.java:748)
"IPC Server Responder" daemon prio=5 tid=43 runnable
java.lang.Thread.State: RUNNABLE
        at sun.nio.ch.EPollArrayWrapper.epollWait(Native Method)
        at sun.nio.ch.EPollArrayWrapper.poll(EPollArrayWrapper.java:269)
        at sun.nio.ch.EPollSelectorImpl.doSelect(EPollSelectorImpl.java:93)
        at sun.nio.ch.SelectorImpl.lockAndDoSelect(SelectorImpl.java:86)
        at sun.nio.ch.SelectorImpl.select(SelectorImpl.java:97)
        at org.apache.hadoop.ipc.Server$Responder.doRunLoop(Server.java:1527)
        at org.apache.hadoop.ipc.Server$Responder.run(Server.java:1510)
"IPC Server handler 5 on default port 33951" daemon prio=5 tid=157 timed_waiting
java.lang.Thread.State: TIMED_WAITING
        at sun.misc.Unsafe.park(Native Method)
        at java.util.concurrent.locks.LockSupport.parkNanos(LockSupport.java:215)
        at java.util.concurrent.locks.AbstractQueuedSynchronizer$ConditionObject.awaitNanos(AbstractQueuedSynchronizer.java:2078)
        at java.util.concurrent.LinkedBlockingQueue.poll(LinkedBlockingQueue.java:467)
        at org.apache.hadoop.ipc.CallQueueManager.take(CallQueueManager.java:317)
        at org.apache.hadoop.ipc.Server$Handler.run(Server.java:2932)
"IPC Server handler 11 on default port 34953" daemon prio=5 tid=59 timed_waiting
java.lang.Thread.State: TIMED_WAITING
        at sun.misc.Unsafe.park(Native Method)
        at java.util.concurrent.locks.LockSupport.parkNanos(LockSupport.java:215)
        at java.util.concurrent.locks.AbstractQueuedSynchronizer$ConditionObject.awaitNanos(AbstractQueuedSynchronizer.java:2078)
        at java.util.concurrent.LinkedBlockingQueue.poll(LinkedBlockingQueue.java:467)
        at org.apache.hadoop.ipc.CallQueueManager.take(CallQueueManager.java:317)
        at org.apache.hadoop.ipc.Server$Handler.run(Server.java:2932)
"EventQueue-StaleNodeForStaleNodeHandler" daemon prio=5 tid=3852 in Object.wait()
java.lang.Thread.State: WAITING (on object monitor)
        at sun.misc.Unsafe.park(Native Method)
        at java.util.concurrent.locks.LockSupport.park(LockSupport.java:175)
        at java.util.concurrent.locks.AbstractQueuedSynchronizer$ConditionObject.await(AbstractQueuedSynchronizer.java:2039)
        at java.util.concurrent.LinkedBlockingQueue.take(LinkedBlockingQueue.java:442)
        at java.util.concurrent.ThreadPoolExecutor.getTask(ThreadPoolExecutor.java:1074)
        at java.util.concurrent.ThreadPoolExecutor.runWorker(ThreadPoolExecutor.java:1134)
        at java.util.concurrent.ThreadPoolExecutor$Worker.run(ThreadPoolExecutor.java:624)
        at java.lang.Thread.run(Thread.java:748)
"IPC Server handler 13 on default port 33951" daemon prio=5 tid=165 timed_waiting
java.lang.Thread.State: TIMED_WAITING
        at sun.misc.Unsafe.park(Native Method)
        at java.util.concurrent.locks.LockSupport.parkNanos(LockSupport.java:215)
        at java.util.concurrent.locks.AbstractQueuedSynchronizer$ConditionObject.awaitNanos(AbstractQueuedSynchronizer.java:2078)
        at java.util.concurrent.LinkedBlockingQueue.poll(LinkedBlockingQueue.java:467)
        at org.apache.hadoop.ipc.CallQueueManager.take(CallQueueManager.java:317)
        at org.apache.hadoop.ipc.Server$Handler.run(Server.java:2932)
"EndpointStateMachine task thread for /0.0.0.0:45219 - 0 "  prio=5 tid=273 in Object.wait()
java.lang.Thread.State: WAITING (on object monitor)
        at sun.misc.Unsafe.park(Native Method)
        at java.util.concurrent.locks.LockSupport.park(LockSupport.java:175)
        at java.util.concurrent.locks.AbstractQueuedSynchronizer$ConditionObject.await(AbstractQueuedSynchronizer.java:2039)
        at java.util.concurrent.LinkedBlockingQueue.take(LinkedBlockingQueue.java:442)
        at java.util.concurrent.ThreadPoolExecutor.getTask(ThreadPoolExecutor.java:1074)
        at java.util.concurrent.ThreadPoolExecutor.runWorker(ThreadPoolExecutor.java:1134)
        at java.util.concurrent.ThreadPoolExecutor$Worker.run(ThreadPoolExecutor.java:624)
        at java.lang.Thread.run(Thread.java:748)
"Listener at 127.0.0.1/33951"  prio=5 tid=1 timed_waiting
java.lang.Thread.State: TIMED_WAITING
        at sun.misc.Unsafe.park(Native Method)
        at java.util.concurrent.locks.LockSupport.parkNanos(LockSupport.java:215)
        at java.util.concurrent.FutureTask.awaitDone(FutureTask.java:426)
        at java.util.concurrent.FutureTask.get(FutureTask.java:204)
        at org.junit.internal.runners.statements.FailOnTimeout.getResult(FailOnTimeout.java:156)
        at org.junit.internal.runners.statements.FailOnTimeout.evaluate(FailOnTimeout.java:129)
        at org.junit.runners.ParentRunner$3.evaluate(ParentRunner.java:306)
        at org.junit.runners.BlockJUnit4ClassRunner$1.evaluate(BlockJUnit4ClassRunner.java:100)
        at org.junit.runners.ParentRunner.runLeaf(ParentRunner.java:366)
        at org.junit.runners.BlockJUnit4ClassRunner.runChild(BlockJUnit4ClassRunner.java:103)
        at org.junit.runners.BlockJUnit4ClassRunner.runChild(BlockJUnit4ClassRunner.java:63)
        at org.junit.runners.ParentRunner$4.run(ParentRunner.java:331)
        at org.junit.runners.ParentRunner$1.schedule(ParentRunner.java:79)
        at org.junit.runners.ParentRunner.runChildren(ParentRunner.java:329)
        at org.junit.runners.ParentRunner.access$100(ParentRunner.java:66)
        at org.junit.runners.ParentRunner$2.evaluate(ParentRunner.java:293)
        at org.junit.internal.runners.statements.RunBefores.evaluate(RunBefores.java:26)
        at org.junit.internal.runners.statements.RunAfters.evaluate(RunAfters.java:27)
        at org.junit.runners.ParentRunner$3.evaluate(ParentRunner.java:306)
        at org.junit.runners.ParentRunner.run(ParentRunner.java:413)
        at org.junit.runner.JUnitCore.run(JUnitCore.java:137)
        at org.junit.runner.JUnitCore.run(JUnitCore.java:115)
        at org.junit.vintage.engine.execution.RunnerExecutor.execute(RunnerExecutor.java:43)
        at org.junit.vintage.engine.VintageTestEngine$$Lambda$194/1415545023.accept(Unknown Source)
        at java.util.stream.ForEachOps$ForEachOp$OfRef.accept(ForEachOps.java:183)
        at java.util.stream.ReferencePipeline$3$1.accept(ReferencePipeline.java:193)
        at java.util.Iterator.forEachRemaining(Iterator.java:116)
        at java.util.Spliterators$IteratorSpliterator.forEachRemaining(Spliterators.java:1801)
        at java.util.stream.AbstractPipeline.copyInto(AbstractPipeline.java:482)
        at java.util.stream.AbstractPipeline.wrapAndCopyInto(AbstractPipeline.java:472)
        at java.util.stream.ForEachOps$ForEachOp.evaluateSequential(ForEachOps.java:150)
        at java.util.stream.ForEachOps$ForEachOp$OfRef.evaluateSequential(ForEachOps.java:173)
        at java.util.stream.AbstractPipeline.evaluate(AbstractPipeline.java:234)
        at java.util.stream.ReferencePipeline.forEach(ReferencePipeline.java:485)
        at org.junit.vintage.engine.VintageTestEngine.executeAllChildren(VintageTestEngine.java:82)
        at org.junit.vintage.engine.VintageTestEngine.execute(VintageTestEngine.java:73)
        at org.junit.platform.launcher.core.EngineExecutionOrchestrator.execute(EngineExecutionOrchestrator.java:108)
        at org.junit.platform.launcher.core.EngineExecutionOrchestrator.execute(EngineExecutionOrchestrator.java:88)
        at org.junit.platform.launcher.core.EngineExecutionOrchestrator.lambda$execute$0(EngineExecutionOrchestrator.java:54)
        at org.junit.platform.launcher.core.EngineExecutionOrchestrator$$Lambda$142/842957574.accept(Unknown Source)
        at org.junit.platform.launcher.core.EngineExecutionOrchestrator.withInterceptedStreams(EngineExecutionOrchestrator.java:67)
        at org.junit.platform.launcher.core.EngineExecutionOrchestrator.execute(EngineExecutionOrchestrator.java:52)
        at org.junit.platform.launcher.core.DefaultLauncher.execute(DefaultLauncher.java:96)
        at org.junit.platform.launcher.core.DefaultLauncher.execute(DefaultLauncher.java:75)
        at org.apache.maven.surefire.junitplatform.JUnitPlatformProvider.invokeAllTests(JUnitPlatformProvider.java:142)
        at org.apache.maven.surefire.junitplatform.JUnitPlatformProvider.invoke(JUnitPlatformProvider.java:113)
        at org.apache.maven.surefire.booter.ForkedBooter.invokeProviderInSameClassLoader(ForkedBooter.java:384)
        at org.apache.maven.surefire.booter.ForkedBooter.runSuitesInProcess(ForkedBooter.java:345)
        at org.apache.maven.surefire.booter.ForkedBooter.execute(ForkedBooter.java:126)
        at org.apache.maven.surefire.booter.ForkedBooter.main(ForkedBooter.java:418)
"BlockDeletingService#0" daemon prio=5 tid=3900 timed_waiting
java.lang.Thread.State: TIMED_WAITING
        at sun.misc.Unsafe.park(Native Method)
        at java.util.concurrent.locks.LockSupport.parkNanos(LockSupport.java:215)
        at java.util.concurrent.locks.AbstractQueuedSynchronizer$ConditionObject.awaitNanos(AbstractQueuedSynchronizer.java:2078)
        at java.util.concurrent.ScheduledThreadPoolExecutor$DelayedWorkQueue.take(ScheduledThreadPoolExecutor.java:1093)
        at java.util.concurrent.ScheduledThreadPoolExecutor$DelayedWorkQueue.take(ScheduledThreadPoolExecutor.java:809)
        at java.util.concurrent.ThreadPoolExecutor.getTask(ThreadPoolExecutor.java:1074)
        at java.util.concurrent.ThreadPoolExecutor.runWorker(ThreadPoolExecutor.java:1134)
        at java.util.concurrent.ThreadPoolExecutor$Worker.run(ThreadPoolExecutor.java:624)
        at java.lang.Thread.run(Thread.java:748)
"ChunkWriter-0-0" daemon prio=5 tid=3891 in Object.wait()
java.lang.Thread.State: WAITING (on object monitor)
        at sun.misc.Unsafe.park(Native Method)
        at java.util.concurrent.locks.LockSupport.park(LockSupport.java:175)
        at java.util.concurrent.locks.AbstractQueuedSynchronizer$ConditionObject.await(AbstractQueuedSynchronizer.java:2039)
        at java.util.concurrent.LinkedBlockingDeque.takeFirst(LinkedBlockingDeque.java:492)
        at java.util.concurrent.LinkedBlockingDeque.take(LinkedBlockingDeque.java:680)
        at java.util.concurrent.ThreadPoolExecutor.getTask(ThreadPoolExecutor.java:1074)
        at java.util.concurrent.ThreadPoolExecutor.runWorker(ThreadPoolExecutor.java:1134)
        at java.util.concurrent.ThreadPoolExecutor$Worker.run(ThreadPoolExecutor.java:624)
        at java.lang.Thread.run(Thread.java:748)
"EventQueue-NewNodeForNewNodeHandler" daemon prio=5 tid=282 in Object.wait()
java.lang.Thread.State: WAITING (on object monitor)
        at sun.misc.Unsafe.park(Native Method)
        at java.util.concurrent.locks.LockSupport.park(LockSupport.java:175)
        at java.util.concurrent.locks.AbstractQueuedSynchronizer$ConditionObject.await(AbstractQueuedSynchronizer.java:2039)
        at java.util.concurrent.LinkedBlockingQueue.take(LinkedBlockingQueue.java:442)
        at java.util.concurrent.ThreadPoolExecutor.getTask(ThreadPoolExecutor.java:1074)
        at java.util.concurrent.ThreadPoolExecutor.runWorker(ThreadPoolExecutor.java:1134)
        at java.util.concurrent.ThreadPoolExecutor$Worker.run(ThreadPoolExecutor.java:624)
        at java.lang.Thread.run(Thread.java:748)
"EventQueue-ContainerReportForContainerReportHandler" daemon prio=5 tid=291 in Object.wait()
java.lang.Thread.State: WAITING (on object monitor)
        at sun.misc.Unsafe.park(Native Method)
        at java.util.concurrent.locks.LockSupport.park(LockSupport.java:175)
        at java.util.concurrent.locks.AbstractQueuedSynchronizer$ConditionObject.await(AbstractQueuedSynchronizer.java:2039)
        at java.util.concurrent.LinkedBlockingQueue.take(LinkedBlockingQueue.java:442)
        at java.util.concurrent.ThreadPoolExecutor.getTask(ThreadPoolExecutor.java:1074)
        at java.util.concurrent.ThreadPoolExecutor.runWorker(ThreadPoolExecutor.java:1134)
        at java.util.concurrent.ThreadPoolExecutor$Worker.run(ThreadPoolExecutor.java:624)
        at java.lang.Thread.run(Thread.java:748)
"IPC Server idle connection scanner for port 44723" daemon prio=5 tid=38 timed_waiting
java.lang.Thread.State: TIMED_WAITING
        at java.lang.Object.wait(Native Method)
        at java.util.TimerThread.mainLoop(Timer.java:552)
        at java.util.TimerThread.run(Timer.java:505)
"pool-460-thread-1"  prio=5 tid=3970 in Object.wait()
java.lang.Thread.State: WAITING (on object monitor)
        at sun.misc.Unsafe.park(Native Method)
        at java.util.concurrent.locks.LockSupport.park(LockSupport.java:175)
        at java.util.concurrent.locks.AbstractQueuedSynchronizer$ConditionObject.await(AbstractQueuedSynchronizer.java:2039)
        at java.util.concurrent.LinkedBlockingQueue.take(LinkedBlockingQueue.java:442)
        at java.util.concurrent.ThreadPoolExecutor.getTask(ThreadPoolExecutor.java:1074)
        at java.util.concurrent.ThreadPoolExecutor.runWorker(ThreadPoolExecutor.java:1134)
        at java.util.concurrent.ThreadPoolExecutor$Worker.run(ThreadPoolExecutor.java:624)
        at java.lang.Thread.run(Thread.java:748)
"IPC Server handler 8 on default port 45219" daemon prio=5 tid=115 timed_waiting
java.lang.Thread.State: TIMED_WAITING
        at sun.misc.Unsafe.park(Native Method)
        at java.util.concurrent.locks.LockSupport.parkNanos(LockSupport.java:215)
        at java.util.concurrent.locks.AbstractQueuedSynchronizer$ConditionObject.awaitNanos(AbstractQueuedSynchronizer.java:2078)
        at java.util.concurrent.LinkedBlockingQueue.poll(LinkedBlockingQueue.java:467)
        at org.apache.hadoop.ipc.CallQueueManager.take(CallQueueManager.java:317)
        at org.apache.hadoop.ipc.Server$Handler.run(Server.java:2932)
"IPC Server handler 18 on default port 44723" daemon prio=5 tid=86 timed_waiting
java.lang.Thread.State: TIMED_WAITING
        at sun.misc.Unsafe.park(Native Method)
        at java.util.concurrent.locks.LockSupport.parkNanos(LockSupport.java:215)
        at java.util.concurrent.locks.AbstractQueuedSynchronizer$ConditionObject.awaitNanos(AbstractQueuedSynchronizer.java:2078)
        at java.util.concurrent.LinkedBlockingQueue.poll(LinkedBlockingQueue.java:467)
        at org.apache.hadoop.ipc.CallQueueManager.take(CallQueueManager.java:317)
        at org.apache.hadoop.ipc.Server$Handler.run(Server.java:2932)
"PartialTableCache Cleanup Thread - 0" daemon prio=5 tid=1583 in Object.wait()
java.lang.Thread.State: WAITING (on object monitor)
        at sun.misc.Unsafe.park(Native Method)
        at java.util.concurrent.locks.LockSupport.park(LockSupport.java:175)
        at java.util.concurrent.locks.AbstractQueuedSynchronizer$ConditionObject.await(AbstractQueuedSynchronizer.java:2039)
        at java.util.concurrent.LinkedBlockingQueue.take(LinkedBlockingQueue.java:442)
        at java.util.concurrent.ThreadPoolExecutor.getTask(ThreadPoolExecutor.java:1074)
        at java.util.concurrent.ThreadPoolExecutor.runWorker(ThreadPoolExecutor.java:1134)
        at java.util.concurrent.ThreadPoolExecutor$Worker.run(ThreadPoolExecutor.java:624)
        at java.lang.Thread.run(Thread.java:748)
"om1@group-C5BA1605619E-StateMachineUpdater" daemon prio=5 tid=131 in Object.wait()
java.lang.Thread.State: WAITING (on object monitor)
        at java.lang.Object.wait(Native Method)
        at java.lang.Object.wait(Object.java:502)
        at org.apache.ratis.server.impl.StateMachineUpdater.waitForCommit(StateMachineUpdater.java:204)
        at org.apache.ratis.server.impl.StateMachineUpdater.run(StateMachineUpdater.java:173)
        at java.lang.Thread.run(Thread.java:748)
"IPC Server idle connection scanner for port 33951" daemon prio=5 tid=134 timed_waiting
java.lang.Thread.State: TIMED_WAITING
        at java.lang.Object.wait(Native Method)
        at java.util.TimerThread.mainLoop(Timer.java:552)
        at java.util.TimerThread.run(Timer.java:505)
"Time-limited test" daemon prio=5 tid=3813 runnable
java.lang.Thread.State: RUNNABLE
        at java.lang.Thread.dumpThreads(Native Method)
        at java.lang.Thread.getAllStackTraces(Thread.java:1610)
        at org.apache.ozone.test.TimedOutTestsListener.buildThreadDump(TimedOutTestsListener.java:93)
        at org.apache.ozone.test.TimedOutTestsListener.buildThreadDiagnosticString(TimedOutTestsListener.java:79)
        at org.apache.ozone.test.GenericTestUtils.waitFor(GenericTestUtils.java:225)
        at org.apache.hadoop.ozone.MiniOzoneClusterImpl.waitForHddsDatanodesStop(MiniOzoneClusterImpl.java:369)
        at org.apache.hadoop.ozone.MiniOzoneClusterImpl.restartHddsDatanode(MiniOzoneClusterImpl.java:401)
        at org.apache.hadoop.ozone.MiniOzoneClusterImpl.restartHddsDatanode(MiniOzoneClusterImpl.java:417)
        at org.apache.hadoop.ozone.client.rpc.TestOzoneRpcClientAbstract.testZReadKeyWithUnhealthyContainerReplica(TestOzoneRpcClientAbstract.java:1617)
        at sun.reflect.NativeMethodAccessorImpl.invoke0(Native Method)
        at sun.reflect.NativeMethodAccessorImpl.invoke(NativeMethodAccessorImpl.java:62)
        at sun.reflect.DelegatingMethodAccessorImpl.invoke(DelegatingMethodAccessorImpl.java:43)
        at java.lang.reflect.Method.invoke(Method.java:498)
        at org.junit.runners.model.FrameworkMethod$1.runReflectiveCall(FrameworkMethod.java:59)
        at org.junit.internal.runners.model.ReflectiveCallable.run(ReflectiveCallable.java:12)
        at org.junit.runners.model.FrameworkMethod.invokeExplosively(FrameworkMethod.java:56)
        at org.junit.internal.runners.statements.InvokeMethod.evaluate(InvokeMethod.java:17)
        at org.junit.internal.runners.statements.FailOnTimeout$CallableStatement.call(FailOnTimeout.java:288)
        at org.junit.internal.runners.statements.FailOnTimeout$CallableStatement.call(FailOnTimeout.java:282)
        at java.util.concurrent.FutureTask.run(FutureTask.java:266)
        at java.lang.Thread.run(Thread.java:748)
"qtp1532850076-93" daemon prio=5 tid=93 timed_waiting
java.lang.Thread.State: TIMED_WAITING
        at sun.misc.Unsafe.park(Native Method)
        at java.util.concurrent.locks.LockSupport.parkNanos(LockSupport.java:215)
        at java.util.concurrent.locks.AbstractQueuedSynchronizer$ConditionObject.awaitNanos(AbstractQueuedSynchronizer.java:2078)
        at org.eclipse.jetty.util.BlockingArrayQueue.poll(BlockingArrayQueue.java:382)
        at org.eclipse.jetty.util.thread.QueuedThreadPool$Runner.idleJobPoll(QueuedThreadPool.java:974)
        at org.eclipse.jetty.util.thread.QueuedThreadPool$Runner.run(QueuedThreadPool.java:1018)
        at java.lang.Thread.run(Thread.java:748)
"IPC Server Responder" daemon prio=5 tid=135 runnable
java.lang.Thread.State: RUNNABLE
        at sun.nio.ch.EPollArrayWrapper.epollWait(Native Method)
        at sun.nio.ch.EPollArrayWrapper.poll(EPollArrayWrapper.java:269)
        at sun.nio.ch.EPollSelectorImpl.doSelect(EPollSelectorImpl.java:93)
        at sun.nio.ch.SelectorImpl.lockAndDoSelect(SelectorImpl.java:86)
        at sun.nio.ch.SelectorImpl.select(SelectorImpl.java:97)
        at org.apache.hadoop.ipc.Server$Responder.doRunLoop(Server.java:1527)
        at org.apache.hadoop.ipc.Server$Responder.run(Server.java:1510)
"qtp1532850076-95" daemon prio=5 tid=95 timed_waiting
java.lang.Thread.State: TIMED_WAITING
        at sun.misc.Unsafe.park(Native Method)
        at java.util.concurrent.locks.LockSupport.parkNanos(LockSupport.java:215)
        at java.util.concurrent.locks.AbstractQueuedSynchronizer$ConditionObject.awaitNanos(AbstractQueuedSynchronizer.java:2078)
        at org.eclipse.jetty.util.BlockingArrayQueue.poll(BlockingArrayQueue.java:382)
        at org.eclipse.jetty.util.thread.QueuedThreadPool$Runner.idleJobPoll(QueuedThreadPool.java:974)
        at org.eclipse.jetty.util.thread.QueuedThreadPool$Runner.run(QueuedThreadPool.java:1018)
        at java.lang.Thread.run(Thread.java:748)
"IPC Server handler 8 on default port 44723" daemon prio=5 tid=76 timed_waiting
java.lang.Thread.State: TIMED_WAITING
        at sun.misc.Unsafe.park(Native Method)
        at java.util.concurrent.locks.LockSupport.parkNanos(LockSupport.java:215)
        at java.util.concurrent.locks.AbstractQueuedSynchronizer$ConditionObject.awaitNanos(AbstractQueuedSynchronizer.java:2078)
        at java.util.concurrent.LinkedBlockingQueue.poll(LinkedBlockingQueue.java:467)
        at org.apache.hadoop.ipc.CallQueueManager.take(CallQueueManager.java:317)
        at org.apache.hadoop.ipc.Server$Handler.run(Server.java:2932)
"ac1ecc7d-e450-4f4f-aef6-4be964bb036f@group-4E713CE930C0-LeaderStateImpl" daemon prio=5 tid=106 timed_waiting
java.lang.Thread.State: TIMED_WAITING
        at sun.misc.Unsafe.park(Native Method)
        at java.util.concurrent.locks.LockSupport.parkNanos(LockSupport.java:215)
        at java.util.concurrent.locks.AbstractQueuedSynchronizer$ConditionObject.awaitNanos(AbstractQueuedSynchronizer.java:2078)
        at java.util.concurrent.ArrayBlockingQueue.poll(ArrayBlockingQueue.java:418)
        at org.apache.ratis.server.impl.LeaderStateImpl$EventQueue.poll(LeaderStateImpl.java:156)
        at org.apache.ratis.server.impl.LeaderStateImpl$EventProcessor.run(LeaderStateImpl.java:600)
"process reaper" daemon prio=10 tid=11 timed_waiting
java.lang.Thread.State: TIMED_WAITING
        at sun.misc.Unsafe.park(Native Method)
        at java.util.concurrent.locks.LockSupport.parkNanos(LockSupport.java:215)
        at java.util.concurrent.SynchronousQueue$TransferStack.awaitFulfill(SynchronousQueue.java:460)
        at java.util.concurrent.SynchronousQueue$TransferStack.transfer(SynchronousQueue.java:362)
        at java.util.concurrent.SynchronousQueue.poll(SynchronousQueue.java:941)
        at java.util.concurrent.ThreadPoolExecutor.getTask(ThreadPoolExecutor.java:1073)
        at java.util.concurrent.ThreadPoolExecutor.runWorker(ThreadPoolExecutor.java:1134)
        at java.util.concurrent.ThreadPoolExecutor$Worker.run(ThreadPoolExecutor.java:624)
        at java.lang.Thread.run(Thread.java:748)
"IPC Server listener on 0" daemon prio=5 tid=40 runnable
java.lang.Thread.State: RUNNABLE
        at sun.nio.ch.EPollArrayWrapper.epollWait(Native Method)
        at sun.nio.ch.EPollArrayWrapper.poll(EPollArrayWrapper.java:269)
        at sun.nio.ch.EPollSelectorImpl.doSelect(EPollSelectorImpl.java:93)
        at sun.nio.ch.SelectorImpl.lockAndDoSelect(SelectorImpl.java:86)
        at sun.nio.ch.SelectorImpl.select(SelectorImpl.java:97)
        at sun.nio.ch.SelectorImpl.select(SelectorImpl.java:101)
        at org.apache.hadoop.ipc.Server$Listener.run(Server.java:1350)
"IPC Server handler 16 on default port 34953" daemon prio=5 tid=64 timed_waiting
java.lang.Thread.State: TIMED_WAITING
        at sun.misc.Unsafe.park(Native Method)
        at java.util.concurrent.locks.LockSupport.parkNanos(LockSupport.java:215)
        at java.util.concurrent.locks.AbstractQueuedSynchronizer$ConditionObject.awaitNanos(AbstractQueuedSynchronizer.java:2078)
        at java.util.concurrent.LinkedBlockingQueue.poll(LinkedBlockingQueue.java:467)
        at org.apache.hadoop.ipc.CallQueueManager.take(CallQueueManager.java:317)
        at org.apache.hadoop.ipc.Server$Handler.run(Server.java:2932)
"BlockDeletingService#2" daemon prio=5 tid=4085 in Object.wait()
java.lang.Thread.State: WAITING (on object monitor)
        at sun.misc.Unsafe.park(Native Method)
        at java.util.concurrent.locks.LockSupport.park(LockSupport.java:175)
        at java.util.concurrent.locks.AbstractQueuedSynchronizer$ConditionObject.await(AbstractQueuedSynchronizer.java:2039)
        at java.util.concurrent.ScheduledThreadPoolExecutor$DelayedWorkQueue.take(ScheduledThreadPoolExecutor.java:1088)
        at java.util.concurrent.ScheduledThreadPoolExecutor$DelayedWorkQueue.take(ScheduledThreadPoolExecutor.java:809)
        at java.util.concurrent.ThreadPoolExecutor.getTask(ThreadPoolExecutor.java:1074)
        at java.util.concurrent.ThreadPoolExecutor.runWorker(ThreadPoolExecutor.java:1134)
        at java.util.concurrent.ThreadPoolExecutor$Worker.run(ThreadPoolExecutor.java:624)
        at java.lang.Thread.run(Thread.java:748)
"Command processor thread" daemon prio=5 tid=3994 timed_waiting
java.lang.Thread.State: TIMED_WAITING
        at java.lang.Thread.sleep(Native Method)
        at org.apache.hadoop.ozone.container.common.statemachine.DatanodeStateMachine.lambda$initCommandHandlerThread$2(DatanodeStateMachine.java:577)
        at org.apache.hadoop.ozone.container.common.statemachine.DatanodeStateMachine$$Lambda$712/1433067593.run(Unknown Source)
        at java.lang.Thread.run(Thread.java:748)
"IPC Server handler 6 on default port 44723" daemon prio=5 tid=74 timed_waiting
java.lang.Thread.State: TIMED_WAITING
        at sun.misc.Unsafe.park(Native Method)
        at java.util.concurrent.locks.LockSupport.parkNanos(LockSupport.java:215)
        at java.util.concurrent.locks.AbstractQueuedSynchronizer$ConditionObject.awaitNanos(AbstractQueuedSynchronizer.java:2078)
        at java.util.concurrent.LinkedBlockingQueue.poll(LinkedBlockingQueue.java:467)
        at org.apache.hadoop.ipc.CallQueueManager.take(CallQueueManager.java:317)
        at org.apache.hadoop.ipc.Server$Handler.run(Server.java:2932)
"pool-24-thread-1"  prio=5 tid=90 timed_waiting
java.lang.Thread.State: TIMED_WAITING
        at sun.misc.Unsafe.park(Native Method)
        at java.util.concurrent.locks.LockSupport.parkNanos(LockSupport.java:215)
        at java.util.concurrent.locks.AbstractQueuedSynchronizer$ConditionObject.awaitNanos(AbstractQueuedSynchronizer.java:2078)
        at java.util.concurrent.ScheduledThreadPoolExecutor$DelayedWorkQueue.take(ScheduledThreadPoolExecutor.java:1093)
        at java.util.concurrent.ScheduledThreadPoolExecutor$DelayedWorkQueue.take(ScheduledThreadPoolExecutor.java:809)
        at java.util.concurrent.ThreadPoolExecutor.getTask(ThreadPoolExecutor.java:1074)
        at java.util.concurrent.ThreadPoolExecutor.runWorker(ThreadPoolExecutor.java:1134)
        at java.util.concurrent.ThreadPoolExecutor$Worker.run(ThreadPoolExecutor.java:624)
        at java.lang.Thread.run(Thread.java:748)
"qtp1684038962-3982" daemon prio=5 tid=3982 timed_waiting
java.lang.Thread.State: TIMED_WAITING
        at sun.misc.Unsafe.park(Native Method)
        at java.util.concurrent.locks.LockSupport.parkNanos(LockSupport.java:215)
        at java.util.concurrent.locks.AbstractQueuedSynchronizer$ConditionObject.awaitNanos(AbstractQueuedSynchronizer.java:2078)
        at org.eclipse.jetty.util.BlockingArrayQueue.poll(BlockingArrayQueue.java:382)
        at org.eclipse.jetty.util.thread.QueuedThreadPool$Runner.idleJobPoll(QueuedThreadPool.java:974)
        at org.eclipse.jetty.util.thread.QueuedThreadPool$Runner.run(QueuedThreadPool.java:1018)
        at java.lang.Thread.run(Thread.java:748)
"pool-417-thread-1"  prio=5 tid=3859 in Object.wait()
java.lang.Thread.State: WAITING (on object monitor)
        at sun.misc.Unsafe.park(Native Method)
        at java.util.concurrent.locks.LockSupport.park(LockSupport.java:175)
        at java.util.concurrent.locks.AbstractQueuedSynchronizer$ConditionObject.await(AbstractQueuedSynchronizer.java:2039)
        at java.util.concurrent.LinkedBlockingQueue.take(LinkedBlockingQueue.java:442)
        at java.util.concurrent.ThreadPoolExecutor.getTask(ThreadPoolExecutor.java:1074)
        at java.util.concurrent.ThreadPoolExecutor.runWorker(ThreadPoolExecutor.java:1134)
        at java.util.concurrent.ThreadPoolExecutor$Worker.run(ThreadPoolExecutor.java:624)
        at java.lang.Thread.run(Thread.java:748)
"qtp1532850076-98" daemon prio=5 tid=98 timed_waiting
java.lang.Thread.State: TIMED_WAITING
        at sun.misc.Unsafe.park(Native Method)
        at java.util.concurrent.locks.LockSupport.parkNanos(LockSupport.java:215)
        at java.util.concurrent.locks.AbstractQueuedSynchronizer$ConditionObject.awaitNanos(AbstractQueuedSynchronizer.java:2078)
        at org.eclipse.jetty.util.BlockingArrayQueue.poll(BlockingArrayQueue.java:382)
        at org.eclipse.jetty.util.thread.QueuedThreadPool$Runner.idleJobPoll(QueuedThreadPool.java:974)
        at org.eclipse.jetty.util.thread.QueuedThreadPool$Runner.run(QueuedThreadPool.java:1018)
        at java.lang.Thread.run(Thread.java:748)
"qtp224406115-3866" daemon prio=5 tid=3866 timed_waiting
java.lang.Thread.State: TIMED_WAITING
        at sun.misc.Unsafe.park(Native Method)
        at java.util.concurrent.locks.LockSupport.parkNanos(LockSupport.java:215)
        at java.util.concurrent.locks.AbstractQueuedSynchronizer$ConditionObject.awaitNanos(AbstractQueuedSynchronizer.java:2078)
        at org.eclipse.jetty.util.BlockingArrayQueue.poll(BlockingArrayQueue.java:382)
        at org.eclipse.jetty.util.thread.QueuedThreadPool$Runner.idleJobPoll(QueuedThreadPool.java:974)
        at org.eclipse.jetty.util.thread.QueuedThreadPool$Runner.run(QueuedThreadPool.java:1018)
        at java.lang.Thread.run(Thread.java:748)
"qtp1684038962-3977" daemon prio=5 tid=3977 timed_waiting
java.lang.Thread.State: TIMED_WAITING
        at sun.misc.Unsafe.park(Native Method)
        at java.util.concurrent.locks.LockSupport.parkNanos(LockSupport.java:215)
        at java.util.concurrent.locks.AbstractQueuedSynchronizer$ConditionObject.awaitNanos(AbstractQueuedSynchronizer.java:2078)
        at org.eclipse.jetty.util.BlockingArrayQueue.poll(BlockingArrayQueue.java:382)
        at org.eclipse.jetty.util.thread.QueuedThreadPool$Runner.idleJobPoll(QueuedThreadPool.java:974)
        at org.eclipse.jetty.util.thread.QueuedThreadPool$Runner.run(QueuedThreadPool.java:1018)
        at java.lang.Thread.run(Thread.java:748)
"EventQueue-PipelineReportForOneReplicaPipelineSafeModeRule" daemon prio=5 tid=287 in Object.wait()
java.lang.Thread.State: WAITING (on object monitor)
        at sun.misc.Unsafe.park(Native Method)
        at java.util.concurrent.locks.LockSupport.park(LockSupport.java:175)
        at java.util.concurrent.locks.AbstractQueuedSynchronizer$ConditionObject.await(AbstractQueuedSynchronizer.java:2039)
        at java.util.concurrent.LinkedBlockingQueue.take(LinkedBlockingQueue.java:442)
        at java.util.concurrent.ThreadPoolExecutor.getTask(ThreadPoolExecutor.java:1074)
        at java.util.concurrent.ThreadPoolExecutor.runWorker(ThreadPoolExecutor.java:1134)
        at java.util.concurrent.ThreadPoolExecutor$Worker.run(ThreadPoolExecutor.java:624)
        at java.lang.Thread.run(Thread.java:748)
"IPC Server handler 18 on default port 33951" daemon prio=5 tid=170 timed_waiting
java.lang.Thread.State: TIMED_WAITING
        at sun.misc.Unsafe.park(Native Method)
        at java.util.concurrent.locks.LockSupport.parkNanos(LockSupport.java:215)
        at java.util.concurrent.locks.AbstractQueuedSynchronizer$ConditionObject.awaitNanos(AbstractQueuedSynchronizer.java:2078)
        at java.util.concurrent.LinkedBlockingQueue.poll(LinkedBlockingQueue.java:467)
        at org.apache.hadoop.ipc.CallQueueManager.take(CallQueueManager.java:317)
        at org.apache.hadoop.ipc.Server$Handler.run(Server.java:2932)
"org.apache.ratis.util.JvmPauseMonitor$$Lambda$422/823775087@47cf65f1" daemon prio=5 tid=45 timed_waiting
java.lang.Thread.State: TIMED_WAITING
        at java.lang.Thread.sleep(Native Method)
        at java.lang.Thread.sleep(Thread.java:340)
        at java.util.concurrent.TimeUnit.sleep(TimeUnit.java:386)
        at org.apache.ratis.util.TimeDuration.sleep(TimeDuration.java:324)
        at org.apache.ratis.util.TimeDuration.sleep(TimeDuration.java:309)
        at org.apache.ratis.util.JvmPauseMonitor.detectPause(JvmPauseMonitor.java:117)
        at org.apache.ratis.util.JvmPauseMonitor.run(JvmPauseMonitor.java:106)
        at org.apache.ratis.util.JvmPauseMonitor$$Lambda$422/823775087.run(Unknown Source)
        at java.lang.Thread.run(Thread.java:748)
"IPC Server handler 17 on default port 45219" daemon prio=5 tid=124 timed_waiting
java.lang.Thread.State: TIMED_WAITING
        at sun.misc.Unsafe.park(Native Method)
        at java.util.concurrent.locks.LockSupport.parkNanos(LockSupport.java:215)
        at java.util.concurrent.locks.AbstractQueuedSynchronizer$ConditionObject.awaitNanos(AbstractQueuedSynchronizer.java:2078)
        at java.util.concurrent.LinkedBlockingQueue.poll(LinkedBlockingQueue.java:467)
        at org.apache.hadoop.ipc.CallQueueManager.take(CallQueueManager.java:317)
        at org.apache.hadoop.ipc.Server$Handler.run(Server.java:2932)
"pool-16-thread-1"  prio=5 tid=24 in Object.wait()
java.lang.Thread.State: WAITING (on object monitor)
        at sun.misc.Unsafe.park(Native Method)
        at java.util.concurrent.locks.LockSupport.park(LockSupport.java:175)
        at java.util.concurrent.locks.AbstractQueuedSynchronizer$ConditionObject.await(AbstractQueuedSynchronizer.java:2039)
        at java.util.concurrent.LinkedBlockingQueue.take(LinkedBlockingQueue.java:442)
        at java.util.concurrent.ThreadPoolExecutor.getTask(ThreadPoolExecutor.java:1074)
        at java.util.concurrent.ThreadPoolExecutor.runWorker(ThreadPoolExecutor.java:1134)
        at java.util.concurrent.ThreadPoolExecutor$Worker.run(ThreadPoolExecutor.java:624)
        at java.lang.Thread.run(Thread.java:748)
"Session-HouseKeeper-27949299-1"  prio=5 tid=3985 timed_waiting
java.lang.Thread.State: TIMED_WAITING
        at sun.misc.Unsafe.park(Native Method)
        at java.util.concurrent.locks.LockSupport.parkNanos(LockSupport.java:215)
        at java.util.concurrent.locks.AbstractQueuedSynchronizer$ConditionObject.awaitNanos(AbstractQueuedSynchronizer.java:2078)
        at java.util.concurrent.ScheduledThreadPoolExecutor$DelayedWorkQueue.take(ScheduledThreadPoolExecutor.java:1093)
        at java.util.concurrent.ScheduledThreadPoolExecutor$DelayedWorkQueue.take(ScheduledThreadPoolExecutor.java:809)
        at java.util.concurrent.ThreadPoolExecutor.getTask(ThreadPoolExecutor.java:1074)
        at java.util.concurrent.ThreadPoolExecutor.runWorker(ThreadPoolExecutor.java:1134)
        at java.util.concurrent.ThreadPoolExecutor$Worker.run(ThreadPoolExecutor.java:624)
        at java.lang.Thread.run(Thread.java:748)
"IPC Server handler 3 on default port 45219" daemon prio=5 tid=110 timed_waiting
java.lang.Thread.State: TIMED_WAITING
        at sun.misc.Unsafe.park(Native Method)
        at java.util.concurrent.locks.LockSupport.parkNanos(LockSupport.java:215)
        at java.util.concurrent.locks.AbstractQueuedSynchronizer$ConditionObject.awaitNanos(AbstractQueuedSynchronizer.java:2078)
        at java.util.concurrent.LinkedBlockingQueue.poll(LinkedBlockingQueue.java:467)
        at org.apache.hadoop.ipc.CallQueueManager.take(CallQueueManager.java:317)
        at org.apache.hadoop.ipc.Server$Handler.run(Server.java:2932)
"grpc-default-boss-ELG-1-1" daemon prio=5 tid=19 runnable
java.lang.Thread.State: RUNNABLE
        at org.apache.ratis.thirdparty.io.netty.channel.epoll.Native.epollWait(Native Method)
        at org.apache.ratis.thirdparty.io.netty.channel.epoll.Native.epollWait(Native.java:177)
        at org.apache.ratis.thirdparty.io.netty.channel.epoll.Native.epollWait(Native.java:170)
        at org.apache.ratis.thirdparty.io.netty.channel.epoll.EpollEventLoop.epollWaitNoTimerChange(EpollEventLoop.java:290)
        at org.apache.ratis.thirdparty.io.netty.channel.epoll.EpollEventLoop.run(EpollEventLoop.java:347)
        at org.apache.ratis.thirdparty.io.netty.util.concurrent.SingleThreadEventExecutor$4.run(SingleThreadEventExecutor.java:989)
        at org.apache.ratis.thirdparty.io.netty.util.internal.ThreadExecutorMap$2.run(ThreadExecutorMap.java:74)
        at org.apache.ratis.thirdparty.io.netty.util.concurrent.FastThreadLocalRunnable.run(FastThreadLocalRunnable.java:30)
        at java.lang.Thread.run(Thread.java:748)
"Timer-0"  prio=5 tid=139 timed_waiting
java.lang.Thread.State: TIMED_WAITING
        at java.lang.Object.wait(Native Method)
        at java.util.TimerThread.mainLoop(Timer.java:552)
        at java.util.TimerThread.run(Timer.java:505)
"pool-398-thread-1" daemon prio=5 tid=3857 timed_waiting
java.lang.Thread.State: TIMED_WAITING
        at sun.misc.Unsafe.park(Native Method)
        at java.util.concurrent.locks.LockSupport.parkNanos(LockSupport.java:215)
        at java.util.concurrent.locks.AbstractQueuedSynchronizer$ConditionObject.awaitNanos(AbstractQueuedSynchronizer.java:2078)
        at java.util.concurrent.ScheduledThreadPoolExecutor$DelayedWorkQueue.take(ScheduledThreadPoolExecutor.java:1093)
        at java.util.concurrent.ScheduledThreadPoolExecutor$DelayedWorkQueue.take(ScheduledThreadPoolExecutor.java:809)
        at java.util.concurrent.ThreadPoolExecutor.getTask(ThreadPoolExecutor.java:1074)
        at java.util.concurrent.ThreadPoolExecutor.runWorker(ThreadPoolExecutor.java:1134)
        at java.util.concurrent.ThreadPoolExecutor$Worker.run(ThreadPoolExecutor.java:624)
        at java.lang.Thread.run(Thread.java:748)
"IPC Server handler 9 on default port 33951" daemon prio=5 tid=161 timed_waiting
java.lang.Thread.State: TIMED_WAITING
        at sun.misc.Unsafe.park(Native Method)
        at java.util.concurrent.locks.LockSupport.parkNanos(LockSupport.java:215)
        at java.util.concurrent.locks.AbstractQueuedSynchronizer$ConditionObject.awaitNanos(AbstractQueuedSynchronizer.java:2078)
        at java.util.concurrent.LinkedBlockingQueue.poll(LinkedBlockingQueue.java:467)
        at org.apache.hadoop.ipc.CallQueueManager.take(CallQueueManager.java:317)
        at org.apache.hadoop.ipc.Server$Handler.run(Server.java:2932)
"IPC Server handler 2 on default port 33951" daemon prio=5 tid=154 timed_waiting
java.lang.Thread.State: TIMED_WAITING
        at sun.misc.Unsafe.park(Native Method)
        at java.util.concurrent.locks.LockSupport.parkNanos(LockSupport.java:215)
        at java.util.concurrent.locks.AbstractQueuedSynchronizer$ConditionObject.awaitNanos(AbstractQueuedSynchronizer.java:2078)
        at java.util.concurrent.LinkedBlockingQueue.poll(LinkedBlockingQueue.java:467)
        at org.apache.hadoop.ipc.CallQueueManager.take(CallQueueManager.java:317)
        at org.apache.hadoop.ipc.Server$Handler.run(Server.java:2932)
"IPC Server handler 5 on default port 34953" daemon prio=5 tid=53 timed_waiting
java.lang.Thread.State: TIMED_WAITING
        at sun.misc.Unsafe.park(Native Method)
        at java.util.concurrent.locks.LockSupport.parkNanos(LockSupport.java:215)
        at java.util.concurrent.locks.AbstractQueuedSynchronizer$ConditionObject.awaitNanos(AbstractQueuedSynchronizer.java:2078)
        at java.util.concurrent.LinkedBlockingQueue.poll(LinkedBlockingQueue.java:467)
        at org.apache.hadoop.ipc.CallQueueManager.take(CallQueueManager.java:317)
        at org.apache.hadoop.ipc.Server$Handler.run(Server.java:2932)
"surefire-forkedjvm-command-thread" daemon prio=5 tid=9 runnable
java.lang.Thread.State: RUNNABLE
        at java.io.FileInputStream.readBytes(Native Method)
        at java.io.FileInputStream.read(FileInputStream.java:255)
        at java.io.BufferedInputStream.fill(BufferedInputStream.java:246)
        at java.io.BufferedInputStream.read(BufferedInputStream.java:265)
        at java.io.DataInputStream.readInt(DataInputStream.java:387)
        at org.apache.maven.surefire.booter.MasterProcessCommand.decode(MasterProcessCommand.java:115)
        at org.apache.maven.surefire.booter.CommandReader$CommandRunnable.run(CommandReader.java:390)
        at java.lang.Thread.run(Thread.java:748)
"fbc88013-4e58-4ce2-8f92-86967c0fe77f@group-391B68ECE783-StateMachineUpdater" daemon prio=5 tid=3941 in Object.wait()
java.lang.Thread.State: WAITING (on object monitor)
        at java.lang.Object.wait(Native Method)
        at java.lang.Object.wait(Object.java:502)
        at org.apache.ratis.server.impl.StateMachineUpdater.waitForCommit(StateMachineUpdater.java:204)
        at org.apache.ratis.server.impl.StateMachineUpdater.run(StateMachineUpdater.java:173)
        at java.lang.Thread.run(Thread.java:748)
"Datanode ReportManager Thread - 2" daemon prio=5 tid=3880 in Object.wait()
java.lang.Thread.State: WAITING (on object monitor)
        at sun.misc.Unsafe.park(Native Method)
        at java.util.concurrent.locks.LockSupport.park(LockSupport.java:175)
        at java.util.concurrent.locks.AbstractQueuedSynchronizer$ConditionObject.await(AbstractQueuedSynchronizer.java:2039)
        at java.util.concurrent.ScheduledThreadPoolExecutor$DelayedWorkQueue.take(ScheduledThreadPoolExecutor.java:1088)
        at java.util.concurrent.ScheduledThreadPoolExecutor$DelayedWorkQueue.take(ScheduledThreadPoolExecutor.java:809)
        at java.util.concurrent.ThreadPoolExecutor.getTask(ThreadPoolExecutor.java:1074)
        at java.util.concurrent.ThreadPoolExecutor.runWorker(ThreadPoolExecutor.java:1134)
        at java.util.concurrent.ThreadPoolExecutor$Worker.run(ThreadPoolExecutor.java:624)
        at java.lang.Thread.run(Thread.java:748)
"IPC Server handler 1 on default port 33951" daemon prio=5 tid=153 timed_waiting
java.lang.Thread.State: TIMED_WAITING
        at sun.misc.Unsafe.park(Native Method)
        at java.util.concurrent.locks.LockSupport.parkNanos(LockSupport.java:215)
        at java.util.concurrent.locks.AbstractQueuedSynchronizer$ConditionObject.awaitNanos(AbstractQueuedSynchronizer.java:2078)
        at java.util.concurrent.LinkedBlockingQueue.poll(LinkedBlockingQueue.java:467)
        at org.apache.hadoop.ipc.CallQueueManager.take(CallQueueManager.java:317)
        at org.apache.hadoop.ipc.Server$Handler.run(Server.java:2932)
"IPC Server handler 0 on default port 45219" daemon prio=5 tid=107 timed_waiting
java.lang.Thread.State: TIMED_WAITING
        at sun.misc.Unsafe.park(Native Method)
        at java.util.concurrent.locks.LockSupport.parkNanos(LockSupport.java:215)
        at java.util.concurrent.locks.AbstractQueuedSynchronizer$ConditionObject.awaitNanos(AbstractQueuedSynchronizer.java:2078)
        at java.util.concurrent.LinkedBlockingQueue.poll(LinkedBlockingQueue.java:467)
        at org.apache.hadoop.ipc.CallQueueManager.take(CallQueueManager.java:317)
        at org.apache.hadoop.ipc.Server$Handler.run(Server.java:2932)
"OMDoubleBufferFlushThread" daemon prio=5 tid=128 timed_waiting
java.lang.Thread.State: TIMED_WAITING
        at java.lang.Object.wait(Native Method)
        at org.apache.hadoop.ozone.om.ratis.OzoneManagerDoubleBuffer.canFlush(OzoneManagerDoubleBuffer.java:509)
        at org.apache.hadoop.ozone.om.ratis.OzoneManagerDoubleBuffer.flushTransactions(OzoneManagerDoubleBuffer.java:241)
        at org.apache.hadoop.ozone.om.ratis.OzoneManagerDoubleBuffer$$Lambda$674/136916074.run(Unknown Source)
        at java.lang.Thread.run(Thread.java:748)
"EventQueue-NodeReportForNodeReportHandler" daemon prio=5 tid=3929 in Object.wait()
java.lang.Thread.State: WAITING (on object monitor)
        at sun.misc.Unsafe.park(Native Method)
        at java.util.concurrent.locks.LockSupport.park(LockSupport.java:175)
        at java.util.concurrent.locks.AbstractQueuedSynchronizer$ConditionObject.await(AbstractQueuedSynchronizer.java:2039)
        at java.util.concurrent.LinkedBlockingQueue.take(LinkedBlockingQueue.java:442)
        at java.util.concurrent.ThreadPoolExecutor.getTask(ThreadPoolExecutor.java:1074)
        at java.util.concurrent.ThreadPoolExecutor.runWorker(ThreadPoolExecutor.java:1134)
        at java.util.concurrent.ThreadPoolExecutor$Worker.run(ThreadPoolExecutor.java:624)
        at java.lang.Thread.run(Thread.java:748)
"qtp224406115-3865" daemon prio=5 tid=3865 timed_waiting
java.lang.Thread.State: TIMED_WAITING
        at sun.misc.Unsafe.park(Native Method)
        at java.util.concurrent.locks.LockSupport.parkNanos(LockSupport.java:215)
        at java.util.concurrent.locks.AbstractQueuedSynchronizer$ConditionObject.awaitNanos(AbstractQueuedSynchronizer.java:2078)
        at org.eclipse.jetty.util.BlockingArrayQueue.poll(BlockingArrayQueue.java:382)
        at org.eclipse.jetty.util.thread.QueuedThreadPool$Runner.idleJobPoll(QueuedThreadPool.java:974)
        at org.eclipse.jetty.util.thread.QueuedThreadPool$Runner.run(QueuedThreadPool.java:1018)
        at java.lang.Thread.run(Thread.java:748)
"Datanode ReportManager Thread - 1" daemon prio=5 tid=3990 in Object.wait()
java.lang.Thread.State: WAITING (on object monitor)
        at sun.misc.Unsafe.park(Native Method)
        at java.util.concurrent.locks.LockSupport.park(LockSupport.java:175)
        at java.util.concurrent.locks.AbstractQueuedSynchronizer$ConditionObject.await(AbstractQueuedSynchronizer.java:2039)
        at java.util.concurrent.ScheduledThreadPoolExecutor$DelayedWorkQueue.take(ScheduledThreadPoolExecutor.java:1088)
        at java.util.concurrent.ScheduledThreadPoolExecutor$DelayedWorkQueue.take(ScheduledThreadPoolExecutor.java:809)
        at java.util.concurrent.ThreadPoolExecutor.getTask(ThreadPoolExecutor.java:1074)
        at java.util.concurrent.ThreadPoolExecutor.runWorker(ThreadPoolExecutor.java:1134)
        at java.util.concurrent.ThreadPoolExecutor$Worker.run(ThreadPoolExecutor.java:624)
        at java.lang.Thread.run(Thread.java:748)
"qtp1532850076-92-acceptor-0@16f34550-ServerConnector@701bd6e8{HTTP/1.1, (http/1.1)}{0.0.0.0:35161}" daemon prio=3 tid=92 runnable
java.lang.Thread.State: RUNNABLE
        at sun.nio.ch.ServerSocketChannelImpl.accept0(Native Method)
        at sun.nio.ch.ServerSocketChannelImpl.accept(ServerSocketChannelImpl.java:421)
        at sun.nio.ch.ServerSocketChannelImpl.accept(ServerSocketChannelImpl.java:249)
        at org.eclipse.jetty.server.ServerConnector.accept(ServerConnector.java:388)
        at org.eclipse.jetty.server.AbstractConnector$Acceptor.run(AbstractConnector.java:702)
        at org.eclipse.jetty.util.thread.QueuedThreadPool.runJob(QueuedThreadPool.java:883)
        at org.eclipse.jetty.util.thread.QueuedThreadPool$Runner.run(QueuedThreadPool.java:1034)
        at java.lang.Thread.run(Thread.java:748)
"Datanode ReportManager Thread - 3" daemon prio=5 tid=246 in Object.wait()
java.lang.Thread.State: WAITING (on object monitor)
        at sun.misc.Unsafe.park(Native Method)
        at java.util.concurrent.locks.LockSupport.park(LockSupport.java:175)
        at java.util.concurrent.locks.AbstractQueuedSynchronizer$ConditionObject.await(AbstractQueuedSynchronizer.java:2039)
        at java.util.concurrent.ScheduledThreadPoolExecutor$DelayedWorkQueue.take(ScheduledThreadPoolExecutor.java:1088)
        at java.util.concurrent.ScheduledThreadPoolExecutor$DelayedWorkQueue.take(ScheduledThreadPoolExecutor.java:809)
        at java.util.concurrent.ThreadPoolExecutor.getTask(ThreadPoolExecutor.java:1074)
        at java.util.concurrent.ThreadPoolExecutor.runWorker(ThreadPoolExecutor.java:1134)
        at java.util.concurrent.ThreadPoolExecutor$Worker.run(ThreadPoolExecutor.java:624)
        at java.lang.Thread.run(Thread.java:748)
"IPC Server handler 9 on default port 45219" daemon prio=5 tid=116 timed_waiting
java.lang.Thread.State: TIMED_WAITING
        at sun.misc.Unsafe.park(Native Method)
        at java.util.concurrent.locks.LockSupport.parkNanos(LockSupport.java:215)
        at java.util.concurrent.locks.AbstractQueuedSynchronizer$ConditionObject.awaitNanos(AbstractQueuedSynchronizer.java:2078)
        at java.util.concurrent.LinkedBlockingQueue.poll(LinkedBlockingQueue.java:467)
        at org.apache.hadoop.ipc.CallQueueManager.take(CallQueueManager.java:317)
        at org.apache.hadoop.ipc.Server$Handler.run(Server.java:2932)
"EndpointStateMachine task thread for /0.0.0.0:45219 - 0 "  prio=5 tid=263 in Object.wait()
java.lang.Thread.State: WAITING (on object monitor)
        at sun.misc.Unsafe.park(Native Method)
        at java.util.concurrent.locks.LockSupport.park(LockSupport.java:175)
        at java.util.concurrent.locks.AbstractQueuedSynchronizer$ConditionObject.await(AbstractQueuedSynchronizer.java:2039)
        at java.util.concurrent.LinkedBlockingQueue.take(LinkedBlockingQueue.java:442)
        at java.util.concurrent.ThreadPoolExecutor.getTask(ThreadPoolExecutor.java:1074)
        at java.util.concurrent.ThreadPoolExecutor.runWorker(ThreadPoolExecutor.java:1134)
        at java.util.concurrent.ThreadPoolExecutor$Worker.run(ThreadPoolExecutor.java:624)
        at java.lang.Thread.run(Thread.java:748)
"EventQueue-ContainerReportForContainerReportHandler" daemon prio=5 tid=289 in Object.wait()
java.lang.Thread.State: WAITING (on object monitor)
        at sun.misc.Unsafe.park(Native Method)
        at java.util.concurrent.locks.LockSupport.park(LockSupport.java:175)
        at java.util.concurrent.locks.AbstractQueuedSynchronizer$ConditionObject.await(AbstractQueuedSynchronizer.java:2039)
        at java.util.concurrent.LinkedBlockingQueue.take(LinkedBlockingQueue.java:442)
        at java.util.concurrent.ThreadPoolExecutor.getTask(ThreadPoolExecutor.java:1074)
        at java.util.concurrent.ThreadPoolExecutor.runWorker(ThreadPoolExecutor.java:1134)
        at java.util.concurrent.ThreadPoolExecutor$Worker.run(ThreadPoolExecutor.java:624)
        at java.lang.Thread.run(Thread.java:748)
"IPC Server idle connection scanner for port 45219" daemon prio=5 tid=34 timed_waiting
java.lang.Thread.State: TIMED_WAITING
        at java.lang.Object.wait(Native Method)
        at java.util.TimerThread.mainLoop(Timer.java:552)
        at java.util.TimerThread.run(Timer.java:505)
"qtp1118795039-149" daemon prio=5 tid=149 timed_waiting
java.lang.Thread.State: TIMED_WAITING
        at sun.misc.Unsafe.park(Native Method)
        at java.util.concurrent.locks.LockSupport.parkNanos(LockSupport.java:215)
        at java.util.concurrent.locks.AbstractQueuedSynchronizer$ConditionObject.awaitNanos(AbstractQueuedSynchronizer.java:2078)
        at org.eclipse.jetty.util.BlockingArrayQueue.poll(BlockingArrayQueue.java:382)
        at org.eclipse.jetty.util.thread.QueuedThreadPool$Runner.idleJobPoll(QueuedThreadPool.java:974)
        at org.eclipse.jetty.util.thread.QueuedThreadPool$Runner.run(QueuedThreadPool.java:1018)
        at java.lang.Thread.run(Thread.java:748)
"qtp1118795039-147" daemon prio=5 tid=147 timed_waiting
java.lang.Thread.State: TIMED_WAITING
        at sun.misc.Unsafe.park(Native Method)
        at java.util.concurrent.locks.LockSupport.parkNanos(LockSupport.java:215)
        at java.util.concurrent.locks.AbstractQueuedSynchronizer$ConditionObject.awaitNanos(AbstractQueuedSynchronizer.java:2078)
        at org.eclipse.jetty.util.BlockingArrayQueue.poll(BlockingArrayQueue.java:382)
        at org.eclipse.jetty.util.thread.QueuedThreadPool$Runner.idleJobPoll(QueuedThreadPool.java:974)
        at org.eclipse.jetty.util.thread.QueuedThreadPool$Runner.run(QueuedThreadPool.java:1018)
        at java.lang.Thread.run(Thread.java:748)
"IPC Server handler 19 on default port 44723" daemon prio=5 tid=87 timed_waiting
java.lang.Thread.State: TIMED_WAITING
        at sun.misc.Unsafe.park(Native Method)
        at java.util.concurrent.locks.LockSupport.parkNanos(LockSupport.java:215)
        at java.util.concurrent.locks.AbstractQueuedSynchronizer$ConditionObject.awaitNanos(AbstractQueuedSynchronizer.java:2078)
        at java.util.concurrent.LinkedBlockingQueue.poll(LinkedBlockingQueue.java:467)
        at org.apache.hadoop.ipc.CallQueueManager.take(CallQueueManager.java:317)
        at org.apache.hadoop.ipc.Server$Handler.run(Server.java:2932)
"ChunkWriter-1-0" daemon prio=5 tid=4001 in Object.wait()
java.lang.Thread.State: WAITING (on object monitor)
        at sun.misc.Unsafe.park(Native Method)
        at java.util.concurrent.locks.LockSupport.park(LockSupport.java:175)
        at java.util.concurrent.locks.AbstractQueuedSynchronizer$ConditionObject.await(AbstractQueuedSynchronizer.java:2039)
        at java.util.concurrent.LinkedBlockingDeque.takeFirst(LinkedBlockingDeque.java:492)
        at java.util.concurrent.LinkedBlockingDeque.take(LinkedBlockingDeque.java:680)
        at java.util.concurrent.ThreadPoolExecutor.getTask(ThreadPoolExecutor.java:1074)
        at java.util.concurrent.ThreadPoolExecutor.runWorker(ThreadPoolExecutor.java:1134)
        at java.util.concurrent.ThreadPoolExecutor$Worker.run(ThreadPoolExecutor.java:624)
        at java.lang.Thread.run(Thread.java:748)
"qtp1684038962-3974" daemon prio=5 tid=3974 runnable
java.lang.Thread.State: RUNNABLE
        at sun.nio.ch.EPollArrayWrapper.epollWait(Native Method)
        at sun.nio.ch.EPollArrayWrapper.poll(EPollArrayWrapper.java:269)
        at sun.nio.ch.EPollSelectorImpl.doSelect(EPollSelectorImpl.java:93)
        at sun.nio.ch.SelectorImpl.lockAndDoSelect(SelectorImpl.java:86)
        at sun.nio.ch.SelectorImpl.select(SelectorImpl.java:97)
        at sun.nio.ch.SelectorImpl.select(SelectorImpl.java:101)
        at org.eclipse.jetty.io.ManagedSelector.nioSelect(ManagedSelector.java:183)
        at org.eclipse.jetty.io.ManagedSelector.select(ManagedSelector.java:190)
        at org.eclipse.jetty.io.ManagedSelector$SelectorProducer.select(ManagedSelector.java:606)
        at org.eclipse.jetty.io.ManagedSelector$SelectorProducer.produce(ManagedSelector.java:543)
        at org.eclipse.jetty.util.thread.strategy.EatWhatYouKill.produceTask(EatWhatYouKill.java:362)
        at org.eclipse.jetty.util.thread.strategy.EatWhatYouKill.doProduce(EatWhatYouKill.java:186)
        at org.eclipse.jetty.util.thread.strategy.EatWhatYouKill.tryProduce(EatWhatYouKill.java:173)
        at org.eclipse.jetty.util.thread.strategy.EatWhatYouKill.produce(EatWhatYouKill.java:137)
        at org.eclipse.jetty.io.ManagedSelector$$Lambda$644/155934691.run(Unknown Source)
        at org.eclipse.jetty.util.thread.QueuedThreadPool.runJob(QueuedThreadPool.java:883)
        at org.eclipse.jetty.util.thread.QueuedThreadPool$Runner.run(QueuedThreadPool.java:1034)
        at java.lang.Thread.run(Thread.java:748)
"qtp224406115-3863-acceptor-0@2cd8595f-ServerConnector@233278f2{HTTP/1.1, (http/1.1)}{0.0.0.0:42655}" daemon prio=3 tid=3863 runnable
java.lang.Thread.State: RUNNABLE
        at sun.nio.ch.ServerSocketChannelImpl.accept0(Native Method)
        at sun.nio.ch.ServerSocketChannelImpl.accept(ServerSocketChannelImpl.java:421)
        at sun.nio.ch.ServerSocketChannelImpl.accept(ServerSocketChannelImpl.java:249)
        at org.eclipse.jetty.server.ServerConnector.accept(ServerConnector.java:388)
        at org.eclipse.jetty.server.AbstractConnector$Acceptor.run(AbstractConnector.java:702)
        at org.eclipse.jetty.util.thread.QueuedThreadPool.runJob(QueuedThreadPool.java:883)
        at org.eclipse.jetty.util.thread.QueuedThreadPool$Runner.run(QueuedThreadPool.java:1034)
        at java.lang.Thread.run(Thread.java:748)
"grpc-shared-destroyer-0" daemon prio=5 tid=23 in Object.wait()
java.lang.Thread.State: WAITING (on object monitor)
        at sun.misc.Unsafe.park(Native Method)
        at java.util.concurrent.locks.LockSupport.park(LockSupport.java:175)
        at java.util.concurrent.locks.AbstractQueuedSynchronizer$ConditionObject.await(AbstractQueuedSynchronizer.java:2039)
        at java.util.concurrent.ScheduledThreadPoolExecutor$DelayedWorkQueue.take(ScheduledThreadPoolExecutor.java:1081)
        at java.util.concurrent.ScheduledThreadPoolExecutor$DelayedWorkQueue.take(ScheduledThreadPoolExecutor.java:809)
        at java.util.concurrent.ThreadPoolExecutor.getTask(ThreadPoolExecutor.java:1074)
        at java.util.concurrent.ThreadPoolExecutor.runWorker(ThreadPoolExecutor.java:1134)
        at java.util.concurrent.ThreadPoolExecutor$Worker.run(ThreadPoolExecutor.java:624)
        at java.lang.Thread.run(Thread.java:748)
"IPC Server handler 8 on default port 34953" daemon prio=5 tid=56 timed_waiting
java.lang.Thread.State: TIMED_WAITING
        at sun.misc.Unsafe.park(Native Method)
        at java.util.concurrent.locks.LockSupport.parkNanos(LockSupport.java:215)
        at java.util.concurrent.locks.AbstractQueuedSynchronizer$ConditionObject.awaitNanos(AbstractQueuedSynchronizer.java:2078)
        at java.util.concurrent.LinkedBlockingQueue.poll(LinkedBlockingQueue.java:467)
        at org.apache.hadoop.ipc.CallQueueManager.take(CallQueueManager.java:317)
        at org.apache.hadoop.ipc.Server$Handler.run(Server.java:2932)
"IPC Server handler 0 on default port 34953" daemon prio=5 tid=48 timed_waiting
java.lang.Thread.State: TIMED_WAITING
        at sun.misc.Unsafe.park(Native Method)
        at java.util.concurrent.locks.LockSupport.parkNanos(LockSupport.java:215)
        at java.util.concurrent.locks.AbstractQueuedSynchronizer$ConditionObject.awaitNanos(AbstractQueuedSynchronizer.java:2078)
        at java.util.concurrent.LinkedBlockingQueue.poll(LinkedBlockingQueue.java:467)
        at org.apache.hadoop.ipc.CallQueueManager.take(CallQueueManager.java:317)
        at org.apache.hadoop.ipc.Server$Handler.run(Server.java:2932)
"Reference Handler" daemon prio=10 tid=2 in Object.wait()
java.lang.Thread.State: WAITING (on object monitor)
        at java.lang.Object.wait(Native Method)
        at java.lang.Object.wait(Object.java:502)
        at java.lang.ref.Reference.tryHandlePending(Reference.java:191)
        at java.lang.ref.Reference$ReferenceHandler.run(Reference.java:153)
"Periodic HDDS volume checker" daemon prio=5 tid=3966 timed_waiting
java.lang.Thread.State: TIMED_WAITING
        at sun.misc.Unsafe.park(Native Method)
        at java.util.concurrent.locks.LockSupport.parkNanos(LockSupport.java:215)
        at java.util.concurrent.locks.AbstractQueuedSynchronizer$ConditionObject.awaitNanos(AbstractQueuedSynchronizer.java:2078)
        at java.util.concurrent.ScheduledThreadPoolExecutor$DelayedWorkQueue.take(ScheduledThreadPoolExecutor.java:1093)
        at java.util.concurrent.ScheduledThreadPoolExecutor$DelayedWorkQueue.take(ScheduledThreadPoolExecutor.java:809)
        at java.util.concurrent.ThreadPoolExecutor.getTask(ThreadPoolExecutor.java:1074)
        at java.util.concurrent.ThreadPoolExecutor.runWorker(ThreadPoolExecutor.java:1134)
        at java.util.concurrent.ThreadPoolExecutor$Worker.run(ThreadPoolExecutor.java:624)
        at java.lang.Thread.run(Thread.java:748)
"qtp1684038962-3980" daemon prio=5 tid=3980 timed_waiting
java.lang.Thread.State: TIMED_WAITING
        at sun.misc.Unsafe.park(Native Method)
        at java.util.concurrent.locks.LockSupport.parkNanos(LockSupport.java:215)
        at java.util.concurrent.locks.AbstractQueuedSynchronizer$ConditionObject.awaitNanos(AbstractQueuedSynchronizer.java:2078)
        at org.eclipse.jetty.util.BlockingArrayQueue.poll(BlockingArrayQueue.java:382)
        at org.eclipse.jetty.util.thread.QueuedThreadPool$Runner.idleJobPoll(QueuedThreadPool.java:974)
        at org.eclipse.jetty.util.thread.QueuedThreadPool$Runner.run(QueuedThreadPool.java:1018)
        at java.lang.Thread.run(Thread.java:748)
"EventQueue-PipelineReportForPipelineReportHandler" daemon prio=5 tid=286 in Object.wait()
java.lang.Thread.State: WAITING (on object monitor)
        at sun.misc.Unsafe.park(Native Method)
        at java.util.concurrent.locks.LockSupport.park(LockSupport.java:175)
        at java.util.concurrent.locks.AbstractQueuedSynchronizer$ConditionObject.await(AbstractQueuedSynchronizer.java:2039)
        at java.util.concurrent.LinkedBlockingQueue.take(LinkedBlockingQueue.java:442)
        at java.util.concurrent.ThreadPoolExecutor.getTask(ThreadPoolExecutor.java:1074)
        at java.util.concurrent.ThreadPoolExecutor.runWorker(ThreadPoolExecutor.java:1134)
        at java.util.concurrent.ThreadPoolExecutor$Worker.run(ThreadPoolExecutor.java:624)
        at java.lang.Thread.run(Thread.java:748)
"qtp1118795039-144-acceptor-0@7c1c4cf0-ServerConnector@1933e1dc{HTTP/1.1, (http/1.1)}{0.0.0.0:40441}" daemon prio=3 tid=144 runnable
java.lang.Thread.State: RUNNABLE
        at sun.nio.ch.ServerSocketChannelImpl.accept0(Native Method)
        at sun.nio.ch.ServerSocketChannelImpl.accept(ServerSocketChannelImpl.java:421)
        at sun.nio.ch.ServerSocketChannelImpl.accept(ServerSocketChannelImpl.java:249)
        at org.eclipse.jetty.server.ServerConnector.accept(ServerConnector.java:388)
        at org.eclipse.jetty.server.AbstractConnector$Acceptor.run(AbstractConnector.java:702)
        at org.eclipse.jetty.util.thread.QueuedThreadPool.runJob(QueuedThreadPool.java:883)
        at org.eclipse.jetty.util.thread.QueuedThreadPool$Runner.run(QueuedThreadPool.java:1034)
        at java.lang.Thread.run(Thread.java:748)
"IPC Server handler 4 on default port 44723" daemon prio=5 tid=72 timed_waiting
java.lang.Thread.State: TIMED_WAITING
        at sun.misc.Unsafe.park(Native Method)
        at java.util.concurrent.locks.LockSupport.parkNanos(LockSupport.java:215)
        at java.util.concurrent.locks.AbstractQueuedSynchronizer$ConditionObject.awaitNanos(AbstractQueuedSynchronizer.java:2078)
        at java.util.concurrent.LinkedBlockingQueue.poll(LinkedBlockingQueue.java:467)
        at org.apache.hadoop.ipc.CallQueueManager.take(CallQueueManager.java:317)
        at org.apache.hadoop.ipc.Server$Handler.run(Server.java:2932)
"IPC Server handler 6 on default port 34953" daemon prio=5 tid=54 timed_waiting
java.lang.Thread.State: TIMED_WAITING
        at sun.misc.Unsafe.park(Native Method)
        at java.util.concurrent.locks.LockSupport.parkNanos(LockSupport.java:215)
        at java.util.concurrent.locks.AbstractQueuedSynchronizer$ConditionObject.awaitNanos(AbstractQueuedSynchronizer.java:2078)
        at java.util.concurrent.LinkedBlockingQueue.poll(LinkedBlockingQueue.java:467)
        at org.apache.hadoop.ipc.CallQueueManager.take(CallQueueManager.java:317)
        at org.apache.hadoop.ipc.Server$Handler.run(Server.java:2932)
"qtp224406115-3867" daemon prio=5 tid=3867 timed_waiting
java.lang.Thread.State: TIMED_WAITING
        at sun.misc.Unsafe.park(Native Method)
        at java.util.concurrent.locks.LockSupport.parkNanos(LockSupport.java:215)
        at java.util.concurrent.locks.AbstractQueuedSynchronizer$ConditionObject.awaitNanos(AbstractQueuedSynchronizer.java:2078)
        at org.eclipse.jetty.util.BlockingArrayQueue.poll(BlockingArrayQueue.java:382)
        at org.eclipse.jetty.util.thread.QueuedThreadPool$Runner.idleJobPoll(QueuedThreadPool.java:974)
        at org.eclipse.jetty.util.thread.QueuedThreadPool$Runner.run(QueuedThreadPool.java:1018)
        at java.lang.Thread.run(Thread.java:748)
"KeyDeletingService#0" daemon prio=5 tid=140 timed_waiting
java.lang.Thread.State: TIMED_WAITING
        at sun.misc.Unsafe.park(Native Method)
        at java.util.concurrent.locks.LockSupport.parkNanos(LockSupport.java:215)
        at java.util.concurrent.locks.AbstractQueuedSynchronizer$ConditionObject.awaitNanos(AbstractQueuedSynchronizer.java:2078)
        at java.util.concurrent.ScheduledThreadPoolExecutor$DelayedWorkQueue.take(ScheduledThreadPoolExecutor.java:1093)
        at java.util.concurrent.ScheduledThreadPoolExecutor$DelayedWorkQueue.take(ScheduledThreadPoolExecutor.java:809)
        at java.util.concurrent.ThreadPoolExecutor.getTask(ThreadPoolExecutor.java:1074)
        at java.util.concurrent.ThreadPoolExecutor.runWorker(ThreadPoolExecutor.java:1134)
        at java.util.concurrent.ThreadPoolExecutor$Worker.run(ThreadPoolExecutor.java:624)
        at java.lang.Thread.run(Thread.java:748)
"IPC Server handler 16 on default port 33951" daemon prio=5 tid=168 timed_waiting
java.lang.Thread.State: TIMED_WAITING
        at sun.misc.Unsafe.park(Native Method)
        at java.util.concurrent.locks.LockSupport.parkNanos(LockSupport.java:215)
        at java.util.concurrent.locks.AbstractQueuedSynchronizer$ConditionObject.awaitNanos(AbstractQueuedSynchronizer.java:2078)
        at java.util.concurrent.LinkedBlockingQueue.poll(LinkedBlockingQueue.java:467)
        at org.apache.hadoop.ipc.CallQueueManager.take(CallQueueManager.java:317)
        at org.apache.hadoop.ipc.Server$Handler.run(Server.java:2932)
"Datanode ReportManager Thread - 1" daemon prio=5 tid=217 in Object.wait()
java.lang.Thread.State: WAITING (on object monitor)
        at sun.misc.Unsafe.park(Native Method)
        at java.util.concurrent.locks.LockSupport.park(LockSupport.java:175)
        at java.util.concurrent.locks.AbstractQueuedSynchronizer$ConditionObject.await(AbstractQueuedSynchronizer.java:2039)
        at java.util.concurrent.ScheduledThreadPoolExecutor$DelayedWorkQueue.take(ScheduledThreadPoolExecutor.java:1088)
        at java.util.concurrent.ScheduledThreadPoolExecutor$DelayedWorkQueue.take(ScheduledThreadPoolExecutor.java:809)
        at java.util.concurrent.ThreadPoolExecutor.getTask(ThreadPoolExecutor.java:1074)
        at java.util.concurrent.ThreadPoolExecutor.runWorker(ThreadPoolExecutor.java:1134)
        at java.util.concurrent.ThreadPoolExecutor$Worker.run(ThreadPoolExecutor.java:624)
        at java.lang.Thread.run(Thread.java:748)
"qtp1118795039-150" daemon prio=5 tid=150 timed_waiting
java.lang.Thread.State: TIMED_WAITING
        at sun.misc.Unsafe.park(Native Method)
        at java.util.concurrent.locks.LockSupport.parkNanos(LockSupport.java:215)
        at java.util.concurrent.locks.AbstractQueuedSynchronizer$ConditionObject.awaitNanos(AbstractQueuedSynchronizer.java:2078)
        at org.eclipse.jetty.util.BlockingArrayQueue.poll(BlockingArrayQueue.java:382)
        at org.eclipse.jetty.util.thread.QueuedThreadPool$Runner.idleJobPoll(QueuedThreadPool.java:974)
        at org.eclipse.jetty.util.thread.QueuedThreadPool$Runner.run(QueuedThreadPool.java:1018)
        at java.lang.Thread.run(Thread.java:748)
"EventQueue-ContainerReportForContainerReportHandler" daemon prio=5 tid=283 in Object.wait()
java.lang.Thread.State: WAITING (on object monitor)
        at sun.misc.Unsafe.park(Native Method)
        at java.util.concurrent.locks.LockSupport.park(LockSupport.java:175)
        at java.util.concurrent.locks.AbstractQueuedSynchronizer$ConditionObject.await(AbstractQueuedSynchronizer.java:2039)
        at java.util.concurrent.LinkedBlockingQueue.take(LinkedBlockingQueue.java:442)
        at java.util.concurrent.ThreadPoolExecutor.getTask(ThreadPoolExecutor.java:1074)
        at java.util.concurrent.ThreadPoolExecutor.runWorker(ThreadPoolExecutor.java:1134)
        at java.util.concurrent.ThreadPoolExecutor$Worker.run(ThreadPoolExecutor.java:624)
        at java.lang.Thread.run(Thread.java:748)
"Timer for 'StorageContainerManager' metrics system" daemon prio=5 tid=46 timed_waiting
java.lang.Thread.State: TIMED_WAITING
        at java.lang.Object.wait(Native Method)
        at java.util.TimerThread.mainLoop(Timer.java:552)
        at java.util.TimerThread.run(Timer.java:505)
"SCMBlockDeletingService#0" daemon prio=5 tid=88 timed_waiting
java.lang.Thread.State: TIMED_WAITING
        at sun.misc.Unsafe.park(Native Method)
        at java.util.concurrent.locks.LockSupport.parkNanos(LockSupport.java:215)
        at java.util.concurrent.locks.AbstractQueuedSynchronizer$ConditionObject.awaitNanos(AbstractQueuedSynchronizer.java:2078)
        at java.util.concurrent.ScheduledThreadPoolExecutor$DelayedWorkQueue.take(ScheduledThreadPoolExecutor.java:1093)
        at java.util.concurrent.ScheduledThreadPoolExecutor$DelayedWorkQueue.take(ScheduledThreadPoolExecutor.java:809)
        at java.util.concurrent.ThreadPoolExecutor.getTask(ThreadPoolExecutor.java:1074)
        at java.util.concurrent.ThreadPoolExecutor.runWorker(ThreadPoolExecutor.java:1134)
        at java.util.concurrent.ThreadPoolExecutor$Worker.run(ThreadPoolExecutor.java:624)
        at java.lang.Thread.run(Thread.java:748)
"CommandWatcher-LeaseManager#LeaseMonitor" daemon prio=5 tid=47 timed_waiting
java.lang.Thread.State: TIMED_WAITING
        at java.lang.Object.wait(Native Method)
        at org.apache.hadoop.ozone.lease.LeaseManager$LeaseMonitor.run(LeaseManager.java:238)
        at java.lang.Thread.run(Thread.java:748)
"IPC Server handler 19 on default port 45219" daemon prio=5 tid=126 timed_waiting
java.lang.Thread.State: TIMED_WAITING
        at sun.misc.Unsafe.park(Native Method)
        at java.util.concurrent.locks.LockSupport.parkNanos(LockSupport.java:215)
        at java.util.concurrent.locks.AbstractQueuedSynchronizer$ConditionObject.awaitNanos(AbstractQueuedSynchronizer.java:2078)
        at java.util.concurrent.LinkedBlockingQueue.poll(LinkedBlockingQueue.java:467)
        at org.apache.hadoop.ipc.CallQueueManager.take(CallQueueManager.java:317)
        at org.apache.hadoop.ipc.Server$Handler.run(Server.java:2932)
"Socket Reader #1 for port 0"  prio=5 tid=41 runnable
java.lang.Thread.State: RUNNABLE
        at sun.nio.ch.EPollArrayWrapper.epollWait(Native Method)
        at sun.nio.ch.EPollArrayWrapper.poll(EPollArrayWrapper.java:269)
        at sun.nio.ch.EPollSelectorImpl.doSelect(EPollSelectorImpl.java:93)
        at sun.nio.ch.SelectorImpl.lockAndDoSelect(SelectorImpl.java:86)
        at sun.nio.ch.SelectorImpl.select(SelectorImpl.java:97)
        at sun.nio.ch.SelectorImpl.select(SelectorImpl.java:101)
        at org.apache.hadoop.ipc.Server$Listener$Reader.doRunLoop(Server.java:1288)
        at org.apache.hadoop.ipc.Server$Listener$Reader.run(Server.java:1267)
"org.apache.hadoop.ozone.container.common.statemachine.commandhandler.DeleteBlocksCommandHandler$DeleteCmdWorker@2ca08d94" daemon prio=5 tid=3971 timed_waiting
java.lang.Thread.State: TIMED_WAITING
        at java.lang.Thread.sleep(Native Method)
        at org.apache.hadoop.ozone.container.common.statemachine.commandhandler.DeleteBlocksCommandHandler$DeleteCmdWorker.run(DeleteBlocksCommandHandler.java:175)
        at java.lang.Thread.run(Thread.java:748)
"qtp1532850076-94" daemon prio=5 tid=94 timed_waiting
java.lang.Thread.State: TIMED_WAITING
        at sun.misc.Unsafe.park(Native Method)
        at java.util.concurrent.locks.LockSupport.parkNanos(LockSupport.java:215)
        at java.util.concurrent.locks.AbstractQueuedSynchronizer$ConditionObject.awaitNanos(AbstractQueuedSynchronizer.java:2078)
        at org.eclipse.jetty.util.BlockingArrayQueue.poll(BlockingArrayQueue.java:382)
        at org.eclipse.jetty.util.thread.QueuedThreadPool$Runner.idleJobPoll(QueuedThreadPool.java:974)
        at org.eclipse.jetty.util.thread.QueuedThreadPool$Runner.run(QueuedThreadPool.java:1018)
        at java.lang.Thread.run(Thread.java:748)
"BlockDeletingService#1" daemon prio=5 tid=3901 in Object.wait()
java.lang.Thread.State: WAITING (on object monitor)
        at sun.misc.Unsafe.park(Native Method)
        at java.util.concurrent.locks.LockSupport.park(LockSupport.java:175)
        at java.util.concurrent.locks.AbstractQueuedSynchronizer$ConditionObject.await(AbstractQueuedSynchronizer.java:2039)
        at java.util.concurrent.ScheduledThreadPoolExecutor$DelayedWorkQueue.take(ScheduledThreadPoolExecutor.java:1088)
        at java.util.concurrent.ScheduledThreadPoolExecutor$DelayedWorkQueue.take(ScheduledThreadPoolExecutor.java:809)
        at java.util.concurrent.ThreadPoolExecutor.getTask(ThreadPoolExecutor.java:1074)
        at java.util.concurrent.ThreadPoolExecutor.runWorker(ThreadPoolExecutor.java:1134)
        at java.util.concurrent.ThreadPoolExecutor$Worker.run(ThreadPoolExecutor.java:624)
        at java.lang.Thread.run(Thread.java:748)
"ac1ecc7d-e450-4f4f-aef6-4be964bb036f@group-4E713CE930C0-SegmentedRaftLogWorker"  prio=5 tid=25 timed_waiting
java.lang.Thread.State: TIMED_WAITING
        at sun.misc.Unsafe.park(Native Method)
        at java.util.concurrent.locks.LockSupport.parkNanos(LockSupport.java:215)
        at java.util.concurrent.locks.AbstractQueuedSynchronizer$ConditionObject.awaitNanos(AbstractQueuedSynchronizer.java:2078)
        at org.apache.ratis.util.DataBlockingQueue.poll(DataBlockingQueue.java:137)
        at org.apache.ratis.server.raftlog.segmented.SegmentedRaftLogWorker.run(SegmentedRaftLogWorker.java:292)
        at org.apache.ratis.server.raftlog.segmented.SegmentedRaftLogWorker$$Lambda$358/3735854.run(Unknown Source)
        at java.lang.Thread.run(Thread.java:748)
"qtp224406115-3862" daemon prio=5 tid=3862 runnable
java.lang.Thread.State: RUNNABLE
        at sun.nio.ch.EPollArrayWrapper.epollWait(Native Method)
        at sun.nio.ch.EPollArrayWrapper.poll(EPollArrayWrapper.java:269)
        at sun.nio.ch.EPollSelectorImpl.doSelect(EPollSelectorImpl.java:93)
        at sun.nio.ch.SelectorImpl.lockAndDoSelect(SelectorImpl.java:86)
        at sun.nio.ch.SelectorImpl.select(SelectorImpl.java:97)
        at sun.nio.ch.SelectorImpl.select(SelectorImpl.java:101)
        at org.eclipse.jetty.io.ManagedSelector.nioSelect(ManagedSelector.java:183)
        at org.eclipse.jetty.io.ManagedSelector.select(ManagedSelector.java:190)
        at org.eclipse.jetty.io.ManagedSelector$SelectorProducer.select(ManagedSelector.java:606)
        at org.eclipse.jetty.io.ManagedSelector$SelectorProducer.produce(ManagedSelector.java:543)
        at org.eclipse.jetty.util.thread.strategy.EatWhatYouKill.produceTask(EatWhatYouKill.java:362)
        at org.eclipse.jetty.util.thread.strategy.EatWhatYouKill.doProduce(EatWhatYouKill.java:186)
        at org.eclipse.jetty.util.thread.strategy.EatWhatYouKill.tryProduce(EatWhatYouKill.java:173)
        at org.eclipse.jetty.util.thread.strategy.EatWhatYouKill.produce(EatWhatYouKill.java:137)
        at org.eclipse.jetty.io.ManagedSelector$$Lambda$644/155934691.run(Unknown Source)
        at org.eclipse.jetty.util.thread.QueuedThreadPool.runJob(QueuedThreadPool.java:883)
        at org.eclipse.jetty.util.thread.QueuedThreadPool$Runner.run(QueuedThreadPool.java:1034)
        at java.lang.Thread.run(Thread.java:748)
"org.apache.hadoop.util.JvmPauseMonitor$Monitor@949f0d" daemon prio=5 tid=89 timed_waiting
java.lang.Thread.State: TIMED_WAITING
        at java.lang.Thread.sleep(Native Method)
        at org.apache.hadoop.util.JvmPauseMonitor$Monitor.run(JvmPauseMonitor.java:192)
        at java.lang.Thread.run(Thread.java:748)
"Datanode ReportManager Thread - 4" daemon prio=5 tid=247 in Object.wait()
java.lang.Thread.State: WAITING (on object monitor)
        at sun.misc.Unsafe.park(Native Method)
        at java.util.concurrent.locks.LockSupport.park(LockSupport.java:175)
        at java.util.concurrent.locks.AbstractQueuedSynchronizer$ConditionObject.await(AbstractQueuedSynchronizer.java:2039)
        at java.util.concurrent.ScheduledThreadPoolExecutor$DelayedWorkQueue.take(ScheduledThreadPoolExecutor.java:1088)
        at java.util.concurrent.ScheduledThreadPoolExecutor$DelayedWorkQueue.take(ScheduledThreadPoolExecutor.java:809)
        at java.util.concurrent.ThreadPoolExecutor.getTask(ThreadPoolExecutor.java:1074)
        at java.util.concurrent.ThreadPoolExecutor.runWorker(ThreadPoolExecutor.java:1134)
        at java.util.concurrent.ThreadPoolExecutor$Worker.run(ThreadPoolExecutor.java:624)
        at java.lang.Thread.run(Thread.java:748)
"IPC Server handler 6 on default port 45219" daemon prio=5 tid=113 timed_waiting
java.lang.Thread.State: TIMED_WAITING
        at sun.misc.Unsafe.park(Native Method)
        at java.util.concurrent.locks.LockSupport.parkNanos(LockSupport.java:215)
        at java.util.concurrent.locks.AbstractQueuedSynchronizer$ConditionObject.awaitNanos(AbstractQueuedSynchronizer.java:2078)
        at java.util.concurrent.LinkedBlockingQueue.poll(LinkedBlockingQueue.java:467)
        at org.apache.hadoop.ipc.CallQueueManager.take(CallQueueManager.java:317)
        at org.apache.hadoop.ipc.Server$Handler.run(Server.java:2932)
"EndpointStateMachine task thread for /0.0.0.0:45219 - 0 "  prio=5 tid=3890 in Object.wait()
java.lang.Thread.State: WAITING (on object monitor)
        at sun.misc.Unsafe.park(Native Method)
        at java.util.concurrent.locks.LockSupport.park(LockSupport.java:175)
        at java.util.concurrent.locks.AbstractQueuedSynchronizer$ConditionObject.await(AbstractQueuedSynchronizer.java:2039)
        at java.util.concurrent.LinkedBlockingQueue.take(LinkedBlockingQueue.java:442)
        at java.util.concurrent.ThreadPoolExecutor.getTask(ThreadPoolExecutor.java:1074)
        at java.util.concurrent.ThreadPoolExecutor.runWorker(ThreadPoolExecutor.java:1134)
        at java.util.concurrent.ThreadPoolExecutor$Worker.run(ThreadPoolExecutor.java:624)
        at java.lang.Thread.run(Thread.java:748)
"2db57d0a-e0a4-4c64-8073-50a45d71dc35@group-EDBCDB998DC6-SegmentedRaftLogWorker"  prio=5 tid=3986 timed_waiting
java.lang.Thread.State: TIMED_WAITING
        at sun.misc.Unsafe.park(Native Method)
        at java.util.concurrent.locks.LockSupport.parkNanos(LockSupport.java:215)
        at java.util.concurrent.locks.AbstractQueuedSynchronizer$ConditionObject.awaitNanos(AbstractQueuedSynchronizer.java:2078)
        at org.apache.ratis.util.DataBlockingQueue.poll(DataBlockingQueue.java:137)
        at org.apache.ratis.server.raftlog.segmented.SegmentedRaftLogWorker.run(SegmentedRaftLogWorker.java:292)
        at org.apache.ratis.server.raftlog.segmented.SegmentedRaftLogWorker$$Lambda$358/3735854.run(Unknown Source)
        at java.lang.Thread.run(Thread.java:748)
"IPC Server handler 13 on default port 45219" daemon prio=5 tid=120 timed_waiting
java.lang.Thread.State: TIMED_WAITING
        at sun.misc.Unsafe.park(Native Method)
        at java.util.concurrent.locks.LockSupport.parkNanos(LockSupport.java:215)
        at java.util.concurrent.locks.AbstractQueuedSynchronizer$ConditionObject.awaitNanos(AbstractQueuedSynchronizer.java:2078)
        at java.util.concurrent.LinkedBlockingQueue.poll(LinkedBlockingQueue.java:467)
        at org.apache.hadoop.ipc.CallQueueManager.take(CallQueueManager.java:317)
        at org.apache.hadoop.ipc.Server$Handler.run(Server.java:2932)
"prometheus" daemon prio=5 tid=100 in Object.wait()
java.lang.Thread.State: WAITING (on object monitor)
        at java.lang.Object.wait(Native Method)
        at java.lang.Object.wait(Object.java:502)
        at org.apache.hadoop.metrics2.impl.SinkQueue.waitForData(SinkQueue.java:114)
        at org.apache.hadoop.metrics2.impl.SinkQueue.consumeAll(SinkQueue.java:83)
        at org.apache.hadoop.metrics2.impl.MetricsSinkAdapter.publishMetricsFromQueue(MetricsSinkAdapter.java:135)
        at org.apache.hadoop.metrics2.impl.MetricsSinkAdapter$1.run(MetricsSinkAdapter.java:89)
"IPC Server handler 15 on default port 45219" daemon prio=5 tid=122 timed_waiting
java.lang.Thread.State: TIMED_WAITING
        at sun.misc.Unsafe.park(Native Method)
        at java.util.concurrent.locks.LockSupport.parkNanos(LockSupport.java:215)
        at java.util.concurrent.locks.AbstractQueuedSynchronizer$ConditionObject.awaitNanos(AbstractQueuedSynchronizer.java:2078)
        at java.util.concurrent.LinkedBlockingQueue.poll(LinkedBlockingQueue.java:467)
        at org.apache.hadoop.ipc.CallQueueManager.take(CallQueueManager.java:317)
        at org.apache.hadoop.ipc.Server$Handler.run(Server.java:2932)
"EventQueue-ContainerReportForContainerReportHandler" daemon prio=5 tid=3914 in Object.wait()
java.lang.Thread.State: WAITING (on object monitor)
        at sun.misc.Unsafe.park(Native Method)
        at java.util.concurrent.locks.LockSupport.park(LockSupport.java:175)
        at java.util.concurrent.locks.AbstractQueuedSynchronizer$ConditionObject.await(AbstractQueuedSynchronizer.java:2039)
        at java.util.concurrent.LinkedBlockingQueue.take(LinkedBlockingQueue.java:442)
        at java.util.concurrent.ThreadPoolExecutor.getTask(ThreadPoolExecutor.java:1074)
        at java.util.concurrent.ThreadPoolExecutor.runWorker(ThreadPoolExecutor.java:1134)
        at java.util.concurrent.ThreadPoolExecutor$Worker.run(ThreadPoolExecutor.java:624)
        at java.lang.Thread.run(Thread.java:748)
"Session-HouseKeeper-442a1923-1"  prio=5 tid=3871 timed_waiting
java.lang.Thread.State: TIMED_WAITING
        at sun.misc.Unsafe.park(Native Method)
        at java.util.concurrent.locks.LockSupport.parkNanos(LockSupport.java:215)
        at java.util.concurrent.locks.AbstractQueuedSynchronizer$ConditionObject.awaitNanos(AbstractQueuedSynchronizer.java:2078)
        at java.util.concurrent.ScheduledThreadPoolExecutor$DelayedWorkQueue.take(ScheduledThreadPoolExecutor.java:1093)
        at java.util.concurrent.ScheduledThreadPoolExecutor$DelayedWorkQueue.take(ScheduledThreadPoolExecutor.java:809)
        at java.util.concurrent.ThreadPoolExecutor.getTask(ThreadPoolExecutor.java:1074)
        at java.util.concurrent.ThreadPoolExecutor.runWorker(ThreadPoolExecutor.java:1134)
        at java.util.concurrent.ThreadPoolExecutor$Worker.run(ThreadPoolExecutor.java:624)
        at java.lang.Thread.run(Thread.java:748)
"IPC Server handler 5 on default port 45219" daemon prio=5 tid=112 timed_waiting
java.lang.Thread.State: TIMED_WAITING
        at sun.misc.Unsafe.park(Native Method)
        at java.util.concurrent.locks.LockSupport.parkNanos(LockSupport.java:215)
        at java.util.concurrent.locks.AbstractQueuedSynchronizer$ConditionObject.awaitNanos(AbstractQueuedSynchronizer.java:2078)
        at java.util.concurrent.LinkedBlockingQueue.poll(LinkedBlockingQueue.java:467)
        at org.apache.hadoop.ipc.CallQueueManager.take(CallQueueManager.java:317)
        at org.apache.hadoop.ipc.Server$Handler.run(Server.java:2932)
"Socket Reader #1 for port 0"  prio=5 tid=33 runnable
java.lang.Thread.State: RUNNABLE
        at sun.nio.ch.EPollArrayWrapper.epollWait(Native Method)
        at sun.nio.ch.EPollArrayWrapper.poll(EPollArrayWrapper.java:269)
        at sun.nio.ch.EPollSelectorImpl.doSelect(EPollSelectorImpl.java:93)
        at sun.nio.ch.SelectorImpl.lockAndDoSelect(SelectorImpl.java:86)
        at sun.nio.ch.SelectorImpl.select(SelectorImpl.java:97)
        at sun.nio.ch.SelectorImpl.select(SelectorImpl.java:101)
        at org.apache.hadoop.ipc.Server$Listener$Reader.doRunLoop(Server.java:1288)
        at org.apache.hadoop.ipc.Server$Listener$Reader.run(Server.java:1267)
"org.apache.hadoop.ozone.container.common.statemachine.commandhandler.DeleteBlocksCommandHandler$DeleteCmdWorker@54fe40e0" daemon prio=5 tid=204 runnable
java.lang.Thread.State: RUNNABLE
        at java.lang.Thread.sleep(Native Method)
        at org.apache.hadoop.ozone.container.common.statemachine.commandhandler.DeleteBlocksCommandHandler$DeleteCmdWorker.run(DeleteBlocksCommandHandler.java:175)
        at java.lang.Thread.run(Thread.java:748)
"Datanode ReportManager Thread - 0" daemon prio=5 tid=3878 in Object.wait()
java.lang.Thread.State: WAITING (on object monitor)
        at sun.misc.Unsafe.park(Native Method)
        at java.util.concurrent.locks.LockSupport.park(LockSupport.java:175)
        at java.util.concurrent.locks.AbstractQueuedSynchronizer$ConditionObject.await(AbstractQueuedSynchronizer.java:2039)
        at java.util.concurrent.ScheduledThreadPoolExecutor$DelayedWorkQueue.take(ScheduledThreadPoolExecutor.java:1088)
        at java.util.concurrent.ScheduledThreadPoolExecutor$DelayedWorkQueue.take(ScheduledThreadPoolExecutor.java:809)
        at java.util.concurrent.ThreadPoolExecutor.getTask(ThreadPoolExecutor.java:1074)
        at java.util.concurrent.ThreadPoolExecutor.runWorker(ThreadPoolExecutor.java:1134)
        at java.util.concurrent.ThreadPoolExecutor$Worker.run(ThreadPoolExecutor.java:624)
        at java.lang.Thread.run(Thread.java:748)
"IPC Server handler 0 on default port 33951" daemon prio=5 tid=152 timed_waiting
java.lang.Thread.State: TIMED_WAITING
        at sun.misc.Unsafe.park(Native Method)
        at java.util.concurrent.locks.LockSupport.parkNanos(LockSupport.java:215)
        at java.util.concurrent.locks.AbstractQueuedSynchronizer$ConditionObject.awaitNanos(AbstractQueuedSynchronizer.java:2078)
        at java.util.concurrent.LinkedBlockingQueue.poll(LinkedBlockingQueue.java:467)
        at org.apache.hadoop.ipc.CallQueueManager.take(CallQueueManager.java:317)
        at org.apache.hadoop.ipc.Server$Handler.run(Server.java:2932)
"IPC Server Responder" daemon prio=5 tid=39 runnable
java.lang.Thread.State: RUNNABLE
        at sun.nio.ch.EPollArrayWrapper.epollWait(Native Method)
        at sun.nio.ch.EPollArrayWrapper.poll(EPollArrayWrapper.java:269)
        at sun.nio.ch.EPollSelectorImpl.doSelect(EPollSelectorImpl.java:93)
        at sun.nio.ch.SelectorImpl.lockAndDoSelect(SelectorImpl.java:86)
        at sun.nio.ch.SelectorImpl.select(SelectorImpl.java:97)
        at org.apache.hadoop.ipc.Server$Responder.doRunLoop(Server.java:1527)
        at org.apache.hadoop.ipc.Server$Responder.run(Server.java:1510)
"Datanode State Machine Task Thread - 1"  prio=5 tid=3889 in Object.wait()
java.lang.Thread.State: WAITING (on object monitor)
        at sun.misc.Unsafe.park(Native Method)
        at java.util.concurrent.locks.LockSupport.park(LockSupport.java:175)
        at java.util.concurrent.locks.AbstractQueuedSynchronizer$ConditionObject.await(AbstractQueuedSynchronizer.java:2039)
        at java.util.concurrent.LinkedBlockingQueue.take(LinkedBlockingQueue.java:442)
        at java.util.concurrent.ThreadPoolExecutor.getTask(ThreadPoolExecutor.java:1074)
        at java.util.concurrent.ThreadPoolExecutor.runWorker(ThreadPoolExecutor.java:1134)
        at java.util.concurrent.ThreadPoolExecutor$Worker.run(ThreadPoolExecutor.java:624)
        at java.lang.Thread.run(Thread.java:748)
"om1@group-C5BA1605619E-SegmentedRaftLogWorker"  prio=5 tid=130 timed_waiting
java.lang.Thread.State: TIMED_WAITING
        at sun.misc.Unsafe.park(Native Method)
        at java.util.concurrent.locks.LockSupport.parkNanos(LockSupport.java:215)
        at java.util.concurrent.locks.AbstractQueuedSynchronizer$ConditionObject.awaitNanos(AbstractQueuedSynchronizer.java:2078)
        at org.apache.ratis.util.DataBlockingQueue.poll(DataBlockingQueue.java:137)
        at org.apache.ratis.server.raftlog.segmented.SegmentedRaftLogWorker.run(SegmentedRaftLogWorker.java:292)
        at org.apache.ratis.server.raftlog.segmented.SegmentedRaftLogWorker$$Lambda$358/3735854.run(Unknown Source)
        at java.lang.Thread.run(Thread.java:748)
"qtp1118795039-148" daemon prio=5 tid=148 timed_waiting
java.lang.Thread.State: TIMED_WAITING
        at sun.misc.Unsafe.park(Native Method)
        at java.util.concurrent.locks.LockSupport.parkNanos(LockSupport.java:215)
        at java.util.concurrent.locks.AbstractQueuedSynchronizer$ConditionObject.awaitNanos(AbstractQueuedSynchronizer.java:2078)
        at org.eclipse.jetty.util.BlockingArrayQueue.poll(BlockingArrayQueue.java:382)
        at org.eclipse.jetty.util.thread.QueuedThreadPool$Runner.idleJobPoll(QueuedThreadPool.java:974)
        at org.eclipse.jetty.util.thread.QueuedThreadPool$Runner.run(QueuedThreadPool.java:1018)
        at java.lang.Thread.run(Thread.java:748)
"EventQueue-HealthyReadonlyToHealthyNodeForReadOnlyHealthyToHealthyNodeHandler" daemon prio=5 tid=3916 in Object.wait()
java.lang.Thread.State: WAITING (on object monitor)
        at sun.misc.Unsafe.park(Native Method)
        at java.util.concurrent.locks.LockSupport.park(LockSupport.java:175)
        at java.util.concurrent.locks.AbstractQueuedSynchronizer$ConditionObject.await(AbstractQueuedSynchronizer.java:2039)
        at java.util.concurrent.LinkedBlockingQueue.take(LinkedBlockingQueue.java:442)
        at java.util.concurrent.ThreadPoolExecutor.getTask(ThreadPoolExecutor.java:1074)
        at java.util.concurrent.ThreadPoolExecutor.runWorker(ThreadPoolExecutor.java:1134)
        at java.util.concurrent.ThreadPoolExecutor$Worker.run(ThreadPoolExecutor.java:624)
        at java.lang.Thread.run(Thread.java:748)
"Datanode ReportManager Thread - 3" daemon prio=5 tid=219 in Object.wait()
java.lang.Thread.State: WAITING (on object monitor)
        at sun.misc.Unsafe.park(Native Method)
        at java.util.concurrent.locks.LockSupport.park(LockSupport.java:175)
        at java.util.concurrent.locks.AbstractQueuedSynchronizer$ConditionObject.await(AbstractQueuedSynchronizer.java:2039)
        at java.util.concurrent.ScheduledThreadPoolExecutor$DelayedWorkQueue.take(ScheduledThreadPoolExecutor.java:1088)
        at java.util.concurrent.ScheduledThreadPoolExecutor$DelayedWorkQueue.take(ScheduledThreadPoolExecutor.java:809)
        at java.util.concurrent.ThreadPoolExecutor.getTask(ThreadPoolExecutor.java:1074)
        at java.util.concurrent.ThreadPoolExecutor.runWorker(ThreadPoolExecutor.java:1134)
        at java.util.concurrent.ThreadPoolExecutor$Worker.run(ThreadPoolExecutor.java:624)
        at java.lang.Thread.run(Thread.java:748)
"qtp1532850076-96" daemon prio=5 tid=96 timed_waiting
java.lang.Thread.State: TIMED_WAITING
        at sun.misc.Unsafe.park(Native Method)
        at java.util.concurrent.locks.LockSupport.parkNanos(LockSupport.java:215)
        at java.util.concurrent.locks.AbstractQueuedSynchronizer$ConditionObject.awaitNanos(AbstractQueuedSynchronizer.java:2078)
        at org.eclipse.jetty.util.BlockingArrayQueue.poll(BlockingArrayQueue.java:382)
        at org.eclipse.jetty.util.thread.QueuedThreadPool$Runner.idleJobPoll(QueuedThreadPool.java:974)
        at org.eclipse.jetty.util.thread.QueuedThreadPool$Runner.run(QueuedThreadPool.java:1018)
        at java.lang.Thread.run(Thread.java:748)
"EndpointStateMachine task thread for /0.0.0.0:45219 - 0 "  prio=5 tid=252 in Object.wait()
java.lang.Thread.State: WAITING (on object monitor)
        at sun.misc.Unsafe.park(Native Method)
        at java.util.concurrent.locks.LockSupport.park(LockSupport.java:175)
        at java.util.concurrent.locks.AbstractQueuedSynchronizer$ConditionObject.await(AbstractQueuedSynchronizer.java:2039)
        at java.util.concurrent.LinkedBlockingQueue.take(LinkedBlockingQueue.java:442)
        at java.util.concurrent.ThreadPoolExecutor.getTask(ThreadPoolExecutor.java:1074)
        at java.util.concurrent.ThreadPoolExecutor.runWorker(ThreadPoolExecutor.java:1134)
        at java.util.concurrent.ThreadPoolExecutor$Worker.run(ThreadPoolExecutor.java:624)
        at java.lang.Thread.run(Thread.java:748)
"IPC Server handler 10 on default port 45219" daemon prio=5 tid=117 timed_waiting
java.lang.Thread.State: TIMED_WAITING
        at sun.misc.Unsafe.park(Native Method)
        at java.util.concurrent.locks.LockSupport.parkNanos(LockSupport.java:215)
        at java.util.concurrent.locks.AbstractQueuedSynchronizer$ConditionObject.awaitNanos(AbstractQueuedSynchronizer.java:2078)
        at java.util.concurrent.LinkedBlockingQueue.poll(LinkedBlockingQueue.java:467)
        at org.apache.hadoop.ipc.CallQueueManager.take(CallQueueManager.java:317)
        at org.apache.hadoop.ipc.Server$Handler.run(Server.java:2932)
"Datanode State Machine Task Thread - 0"  prio=5 tid=3996 timed_waiting
java.lang.Thread.State: TIMED_WAITING
        at sun.misc.Unsafe.park(Native Method)
        at java.util.concurrent.locks.LockSupport.parkNanos(LockSupport.java:215)
        at java.util.concurrent.FutureTask.awaitDone(FutureTask.java:426)
        at java.util.concurrent.FutureTask.get(FutureTask.java:204)
        at org.apache.hadoop.ozone.container.common.states.datanode.RunningDatanodeState.lambda$execute$0(RunningDatanodeState.java:149)
        at org.apache.hadoop.ozone.container.common.states.datanode.RunningDatanodeState$$Lambda$723/1509246041.call(Unknown Source)
        at java.util.concurrent.FutureTask.run(FutureTask.java:266)
        at java.util.concurrent.Executors$RunnableAdapter.call(Executors.java:511)
        at java.util.concurrent.FutureTask.run(FutureTask.java:266)
        at java.util.concurrent.ThreadPoolExecutor.runWorker(ThreadPoolExecutor.java:1149)
        at java.util.concurrent.ThreadPoolExecutor$Worker.run(ThreadPoolExecutor.java:624)
        at java.lang.Thread.run(Thread.java:748)
"grpc-default-worker-ELG-3-1" daemon prio=5 tid=300 runnable
java.lang.Thread.State: RUNNABLE
        at org.apache.ratis.thirdparty.io.netty.channel.epoll.Native.epollWait0(Native Method)
        at org.apache.ratis.thirdparty.io.netty.channel.epoll.Native.epollWait(Native.java:161)
        at org.apache.ratis.thirdparty.io.netty.channel.epoll.EpollEventLoop.epollWait(EpollEventLoop.java:286)
        at org.apache.ratis.thirdparty.io.netty.channel.epoll.EpollEventLoop.run(EpollEventLoop.java:351)
        at org.apache.ratis.thirdparty.io.netty.util.concurrent.SingleThreadEventExecutor$4.run(SingleThreadEventExecutor.java:989)
        at org.apache.ratis.thirdparty.io.netty.util.internal.ThreadExecutorMap$2.run(ThreadExecutorMap.java:74)
        at org.apache.ratis.thirdparty.io.netty.util.concurrent.FastThreadLocalRunnable.run(FastThreadLocalRunnable.java:30)
        at java.lang.Thread.run(Thread.java:748)
"IPC Server handler 14 on default port 45219" daemon prio=5 tid=121 timed_waiting
java.lang.Thread.State: TIMED_WAITING
        at sun.misc.Unsafe.park(Native Method)
        at java.util.concurrent.locks.LockSupport.parkNanos(LockSupport.java:215)
        at java.util.concurrent.locks.AbstractQueuedSynchronizer$ConditionObject.awaitNanos(AbstractQueuedSynchronizer.java:2078)
        at java.util.concurrent.LinkedBlockingQueue.poll(LinkedBlockingQueue.java:467)
        at org.apache.hadoop.ipc.CallQueueManager.take(CallQueueManager.java:317)
        at org.apache.hadoop.ipc.Server$Handler.run(Server.java:2932)
"Datanode ReportManager Thread - 2" daemon prio=5 tid=218 in Object.wait()
java.lang.Thread.State: WAITING (on object monitor)
        at sun.misc.Unsafe.park(Native Method)
        at java.util.concurrent.locks.LockSupport.park(LockSupport.java:175)
        at java.util.concurrent.locks.AbstractQueuedSynchronizer$ConditionObject.await(AbstractQueuedSynchronizer.java:2039)
        at java.util.concurrent.ScheduledThreadPoolExecutor$DelayedWorkQueue.take(ScheduledThreadPoolExecutor.java:1088)
        at java.util.concurrent.ScheduledThreadPoolExecutor$DelayedWorkQueue.take(ScheduledThreadPoolExecutor.java:809)
        at java.util.concurrent.ThreadPoolExecutor.getTask(ThreadPoolExecutor.java:1074)
        at java.util.concurrent.ThreadPoolExecutor.runWorker(ThreadPoolExecutor.java:1134)
        at java.util.concurrent.ThreadPoolExecutor$Worker.run(ThreadPoolExecutor.java:624)
        at java.lang.Thread.run(Thread.java:748)
"Datanode State Machine Task Thread - 1"  prio=5 tid=3998 in Object.wait()
java.lang.Thread.State: WAITING (on object monitor)
        at sun.misc.Unsafe.park(Native Method)
        at java.util.concurrent.locks.LockSupport.park(LockSupport.java:175)
        at java.util.concurrent.locks.AbstractQueuedSynchronizer$ConditionObject.await(AbstractQueuedSynchronizer.java:2039)
        at java.util.concurrent.LinkedBlockingQueue.take(LinkedBlockingQueue.java:442)
        at java.util.concurrent.ThreadPoolExecutor.getTask(ThreadPoolExecutor.java:1074)
        at java.util.concurrent.ThreadPoolExecutor.runWorker(ThreadPoolExecutor.java:1134)
        at java.util.concurrent.ThreadPoolExecutor$Worker.run(ThreadPoolExecutor.java:624)
        at java.lang.Thread.run(Thread.java:748)
"org.apache.hadoop.ozone.container.common.statemachine.commandhandler.DeleteBlocksCommandHandler$DeleteCmdWorker@4c44ed49" daemon prio=5 tid=179 runnable
java.lang.Thread.State: RUNNABLE
        at java.lang.Thread.sleep(Native Method)
        at org.apache.hadoop.ozone.container.common.statemachine.commandhandler.DeleteBlocksCommandHandler$DeleteCmdWorker.run(DeleteBlocksCommandHandler.java:175)
        at java.lang.Thread.run(Thread.java:748)
"Socket Reader #1 for port 0"  prio=5 tid=37 runnable
java.lang.Thread.State: RUNNABLE
        at sun.nio.ch.EPollArrayWrapper.epollWait(Native Method)
        at sun.nio.ch.EPollArrayWrapper.poll(EPollArrayWrapper.java:269)
        at sun.nio.ch.EPollSelectorImpl.doSelect(EPollSelectorImpl.java:93)
        at sun.nio.ch.SelectorImpl.lockAndDoSelect(SelectorImpl.java:86)
        at sun.nio.ch.SelectorImpl.select(SelectorImpl.java:97)
        at sun.nio.ch.SelectorImpl.select(SelectorImpl.java:101)
        at org.apache.hadoop.ipc.Server$Listener$Reader.doRunLoop(Server.java:1288)
        at org.apache.hadoop.ipc.Server$Listener$Reader.run(Server.java:1267)
"qtp224406115-3868" daemon prio=5 tid=3868 timed_waiting
java.lang.Thread.State: TIMED_WAITING
        at sun.misc.Unsafe.park(Native Method)
        at java.util.concurrent.locks.LockSupport.parkNanos(LockSupport.java:215)
        at java.util.concurrent.locks.AbstractQueuedSynchronizer$ConditionObject.awaitNanos(AbstractQueuedSynchronizer.java:2078)
        at org.eclipse.jetty.util.BlockingArrayQueue.poll(BlockingArrayQueue.java:382)
        at org.eclipse.jetty.util.thread.QueuedThreadPool$Runner.idleJobPoll(QueuedThreadPool.java:974)
        at org.eclipse.jetty.util.thread.QueuedThreadPool$Runner.run(QueuedThreadPool.java:1018)
        at java.lang.Thread.run(Thread.java:748)
"org.apache.hadoop.ozone.container.common.statemachine.commandhandler.DeleteBlocksCommandHandler$DeleteCmdWorker@6c83c686" daemon prio=5 tid=231 runnable
java.lang.Thread.State: RUNNABLE
        at java.lang.Thread.sleep(Native Method)
        at org.apache.hadoop.ozone.container.common.statemachine.commandhandler.DeleteBlocksCommandHandler$DeleteCmdWorker.run(DeleteBlocksCommandHandler.java:175)
        at java.lang.Thread.run(Thread.java:748)
"IPC Server handler 1 on default port 34953" daemon prio=5 tid=49 timed_waiting
java.lang.Thread.State: TIMED_WAITING
        at sun.misc.Unsafe.park(Native Method)
        at java.util.concurrent.locks.LockSupport.parkNanos(LockSupport.java:215)
        at java.util.concurrent.locks.AbstractQueuedSynchronizer$ConditionObject.awaitNanos(AbstractQueuedSynchronizer.java:2078)
        at java.util.concurrent.LinkedBlockingQueue.poll(LinkedBlockingQueue.java:467)
        at org.apache.hadoop.ipc.CallQueueManager.take(CallQueueManager.java:317)
        at org.apache.hadoop.ipc.Server$Handler.run(Server.java:2932)
"qtp1684038962-3983" daemon prio=5 tid=3983 timed_waiting
java.lang.Thread.State: TIMED_WAITING
        at sun.misc.Unsafe.park(Native Method)
        at java.util.concurrent.locks.LockSupport.parkNanos(LockSupport.java:215)
        at java.util.concurrent.locks.AbstractQueuedSynchronizer$ConditionObject.awaitNanos(AbstractQueuedSynchronizer.java:2078)
        at org.eclipse.jetty.util.BlockingArrayQueue.poll(BlockingArrayQueue.java:382)
        at org.eclipse.jetty.util.thread.QueuedThreadPool$Runner.idleJobPoll(QueuedThreadPool.java:974)
        at org.eclipse.jetty.util.thread.QueuedThreadPool$Runner.run(QueuedThreadPool.java:1018)
        at java.lang.Thread.run(Thread.java:748)
"IPC Server handler 2 on default port 45219" daemon prio=5 tid=109 timed_waiting
java.lang.Thread.State: TIMED_WAITING
        at sun.misc.Unsafe.park(Native Method)
        at java.util.concurrent.locks.LockSupport.parkNanos(LockSupport.java:215)
        at java.util.concurrent.locks.AbstractQueuedSynchronizer$ConditionObject.awaitNanos(AbstractQueuedSynchronizer.java:2078)
        at java.util.concurrent.LinkedBlockingQueue.poll(LinkedBlockingQueue.java:467)
        at org.apache.hadoop.ipc.CallQueueManager.take(CallQueueManager.java:317)
        at org.apache.hadoop.ipc.Server$Handler.run(Server.java:2932)
"IPC Server handler 7 on default port 44723" daemon prio=5 tid=75 timed_waiting
java.lang.Thread.State: TIMED_WAITING
        at sun.misc.Unsafe.park(Native Method)
        at java.util.concurrent.locks.LockSupport.parkNanos(LockSupport.java:215)
        at java.util.concurrent.locks.AbstractQueuedSynchronizer$ConditionObject.awaitNanos(AbstractQueuedSynchronizer.java:2078)
        at java.util.concurrent.LinkedBlockingQueue.poll(LinkedBlockingQueue.java:467)
        at org.apache.hadoop.ipc.CallQueueManager.take(CallQueueManager.java:317)
        at org.apache.hadoop.ipc.Server$Handler.run(Server.java:2932)
"IPC Client (1673413960) connection to /0.0.0.0:45219 from runner" daemon prio=5 tid=253 timed_waiting
java.lang.Thread.State: TIMED_WAITING
        at java.lang.Object.wait(Native Method)
        at org.apache.hadoop.ipc.Client$Connection.waitForWork(Client.java:1053)
        at org.apache.hadoop.ipc.Client$Connection.run(Client.java:1097)
"Datanode ReportManager Thread - 3" daemon prio=5 tid=194 in Object.wait()
java.lang.Thread.State: WAITING (on object monitor)
        at sun.misc.Unsafe.park(Native Method)
        at java.util.concurrent.locks.LockSupport.park(LockSupport.java:175)
        at java.util.concurrent.locks.AbstractQueuedSynchronizer$ConditionObject.await(AbstractQueuedSynchronizer.java:2039)
        at java.util.concurrent.ScheduledThreadPoolExecutor$DelayedWorkQueue.take(ScheduledThreadPoolExecutor.java:1088)
        at java.util.concurrent.ScheduledThreadPoolExecutor$DelayedWorkQueue.take(ScheduledThreadPoolExecutor.java:809)
        at java.util.concurrent.ThreadPoolExecutor.getTask(ThreadPoolExecutor.java:1074)
        at java.util.concurrent.ThreadPoolExecutor.runWorker(ThreadPoolExecutor.java:1134)
        at java.util.concurrent.ThreadPoolExecutor$Worker.run(ThreadPoolExecutor.java:624)
        at java.lang.Thread.run(Thread.java:748)
"qtp1532850076-91" daemon prio=5 tid=91 runnable
java.lang.Thread.State: RUNNABLE
        at sun.nio.ch.EPollArrayWrapper.epollWait(Native Method)
        at sun.nio.ch.EPollArrayWrapper.poll(EPollArrayWrapper.java:269)
        at sun.nio.ch.EPollSelectorImpl.doSelect(EPollSelectorImpl.java:93)
        at sun.nio.ch.SelectorImpl.lockAndDoSelect(SelectorImpl.java:86)
        at sun.nio.ch.SelectorImpl.select(SelectorImpl.java:97)
        at sun.nio.ch.SelectorImpl.select(SelectorImpl.java:101)
        at org.eclipse.jetty.io.ManagedSelector.nioSelect(ManagedSelector.java:183)
        at org.eclipse.jetty.io.ManagedSelector.select(ManagedSelector.java:190)
        at org.eclipse.jetty.io.ManagedSelector$SelectorProducer.select(ManagedSelector.java:606)
        at org.eclipse.jetty.io.ManagedSelector$SelectorProducer.produce(ManagedSelector.java:543)
        at org.eclipse.jetty.util.thread.strategy.EatWhatYouKill.produceTask(EatWhatYouKill.java:362)
        at org.eclipse.jetty.util.thread.strategy.EatWhatYouKill.doProduce(EatWhatYouKill.java:186)
        at org.eclipse.jetty.util.thread.strategy.EatWhatYouKill.tryProduce(EatWhatYouKill.java:173)
        at org.eclipse.jetty.util.thread.strategy.EatWhatYouKill.produce(EatWhatYouKill.java:137)
        at org.eclipse.jetty.io.ManagedSelector$$Lambda$644/155934691.run(Unknown Source)
        at org.eclipse.jetty.util.thread.QueuedThreadPool.runJob(QueuedThreadPool.java:883)
        at org.eclipse.jetty.util.thread.QueuedThreadPool$Runner.run(QueuedThreadPool.java:1034)
        at java.lang.Thread.run(Thread.java:748)
"qtp1684038962-3976" daemon prio=5 tid=3976 timed_waiting
java.lang.Thread.State: TIMED_WAITING
        at sun.misc.Unsafe.park(Native Method)
        at java.util.concurrent.locks.LockSupport.parkNanos(LockSupport.java:215)
        at java.util.concurrent.locks.AbstractQueuedSynchronizer$ConditionObject.awaitNanos(AbstractQueuedSynchronizer.java:2078)
        at org.eclipse.jetty.util.BlockingArrayQueue.poll(BlockingArrayQueue.java:382)
        at org.eclipse.jetty.util.thread.QueuedThreadPool$Runner.idleJobPoll(QueuedThreadPool.java:974)
        at org.eclipse.jetty.util.thread.QueuedThreadPool$Runner.run(QueuedThreadPool.java:1018)
        at java.lang.Thread.run(Thread.java:748)
"Session-HouseKeeper-16160a37-1"  prio=5 tid=99 timed_waiting
java.lang.Thread.State: TIMED_WAITING
        at sun.misc.Unsafe.park(Native Method)
        at java.util.concurrent.locks.LockSupport.parkNanos(LockSupport.java:215)
        at java.util.concurrent.locks.AbstractQueuedSynchronizer$ConditionObject.awaitNanos(AbstractQueuedSynchronizer.java:2078)
        at java.util.concurrent.ScheduledThreadPoolExecutor$DelayedWorkQueue.take(ScheduledThreadPoolExecutor.java:1093)
        at java.util.concurrent.ScheduledThreadPoolExecutor$DelayedWorkQueue.take(ScheduledThreadPoolExecutor.java:809)
        at java.util.concurrent.ThreadPoolExecutor.getTask(ThreadPoolExecutor.java:1074)
        at java.util.concurrent.ThreadPoolExecutor.runWorker(ThreadPoolExecutor.java:1134)
        at java.util.concurrent.ThreadPoolExecutor$Worker.run(ThreadPoolExecutor.java:624)
        at java.lang.Thread.run(Thread.java:748)
"Periodic HDDS volume checker" daemon prio=5 tid=3855 timed_waiting
java.lang.Thread.State: TIMED_WAITING
        at sun.misc.Unsafe.park(Native Method)
        at java.util.concurrent.locks.LockSupport.parkNanos(LockSupport.java:215)
        at java.util.concurrent.locks.AbstractQueuedSynchronizer$ConditionObject.awaitNanos(AbstractQueuedSynchronizer.java:2078)
        at java.util.concurrent.ScheduledThreadPoolExecutor$DelayedWorkQueue.take(ScheduledThreadPoolExecutor.java:1093)
        at java.util.concurrent.ScheduledThreadPoolExecutor$DelayedWorkQueue.take(ScheduledThreadPoolExecutor.java:809)
        at java.util.concurrent.ThreadPoolExecutor.getTask(ThreadPoolExecutor.java:1074)
        at java.util.concurrent.ThreadPoolExecutor.runWorker(ThreadPoolExecutor.java:1134)
        at java.util.concurrent.ThreadPoolExecutor$Worker.run(ThreadPoolExecutor.java:624)
        at java.lang.Thread.run(Thread.java:748)
"EventQueue-CloseContainerForCloseContainerEventHandler" daemon prio=5 tid=3853 in Object.wait()
java.lang.Thread.State: WAITING (on object monitor)
        at sun.misc.Unsafe.park(Native Method)
        at java.util.concurrent.locks.LockSupport.park(LockSupport.java:175)
        at java.util.concurrent.locks.AbstractQueuedSynchronizer$ConditionObject.await(AbstractQueuedSynchronizer.java:2039)
        at java.util.concurrent.LinkedBlockingQueue.take(LinkedBlockingQueue.java:442)
        at java.util.concurrent.ThreadPoolExecutor.getTask(ThreadPoolExecutor.java:1074)
        at java.util.concurrent.ThreadPoolExecutor.runWorker(ThreadPoolExecutor.java:1134)
        at java.util.concurrent.ThreadPoolExecutor$Worker.run(ThreadPoolExecutor.java:624)
        at java.lang.Thread.run(Thread.java:748)
"IPC Server handler 9 on default port 44723" daemon prio=5 tid=77 timed_waiting
java.lang.Thread.State: TIMED_WAITING
        at sun.misc.Unsafe.park(Native Method)
        at java.util.concurrent.locks.LockSupport.parkNanos(LockSupport.java:215)
        at java.util.concurrent.locks.AbstractQueuedSynchronizer$ConditionObject.awaitNanos(AbstractQueuedSynchronizer.java:2078)
        at java.util.concurrent.LinkedBlockingQueue.poll(LinkedBlockingQueue.java:467)
        at org.apache.hadoop.ipc.CallQueueManager.take(CallQueueManager.java:317)
        at org.apache.hadoop.ipc.Server$Handler.run(Server.java:2932)
"IPC Server listener on 0" daemon prio=5 tid=36 runnable
java.lang.Thread.State: RUNNABLE
        at sun.nio.ch.EPollArrayWrapper.epollWait(Native Method)
        at sun.nio.ch.EPollArrayWrapper.poll(EPollArrayWrapper.java:269)
        at sun.nio.ch.EPollSelectorImpl.doSelect(EPollSelectorImpl.java:93)
        at sun.nio.ch.SelectorImpl.lockAndDoSelect(SelectorImpl.java:86)
        at sun.nio.ch.SelectorImpl.select(SelectorImpl.java:97)
        at sun.nio.ch.SelectorImpl.select(SelectorImpl.java:101)
        at org.apache.hadoop.ipc.Server$Listener.run(Server.java:1350)
"IPC Server handler 0 on default port 44723" daemon prio=5 tid=68 timed_waiting
java.lang.Thread.State: TIMED_WAITING
        at sun.misc.Unsafe.park(Native Method)
        at java.util.concurrent.locks.LockSupport.parkNanos(LockSupport.java:215)
        at java.util.concurrent.locks.AbstractQueuedSynchronizer$ConditionObject.awaitNanos(AbstractQueuedSynchronizer.java:2078)
        at java.util.concurrent.LinkedBlockingQueue.poll(LinkedBlockingQueue.java:467)
        at org.apache.hadoop.ipc.CallQueueManager.take(CallQueueManager.java:317)
        at org.apache.hadoop.ipc.Server$Handler.run(Server.java:2932)
"grpc-default-worker-ELG-3-2" daemon prio=5 tid=303 runnable
java.lang.Thread.State: RUNNABLE
        at org.apache.ratis.thirdparty.io.netty.channel.epoll.Native.epollWait0(Native Method)
        at org.apache.ratis.thirdparty.io.netty.channel.epoll.Native.epollWait(Native.java:161)
        at org.apache.ratis.thirdparty.io.netty.channel.epoll.EpollEventLoop.epollWait(EpollEventLoop.java:286)
        at org.apache.ratis.thirdparty.io.netty.channel.epoll.EpollEventLoop.run(EpollEventLoop.java:351)
        at org.apache.ratis.thirdparty.io.netty.util.concurrent.SingleThreadEventExecutor$4.run(SingleThreadEventExecutor.java:989)
        at org.apache.ratis.thirdparty.io.netty.util.internal.ThreadExecutorMap$2.run(ThreadExecutorMap.java:74)
        at org.apache.ratis.thirdparty.io.netty.util.concurrent.FastThreadLocalRunnable.run(FastThreadLocalRunnable.java:30)
        at java.lang.Thread.run(Thread.java:748)
"IPC Server handler 14 on default port 33951" daemon prio=5 tid=166 timed_waiting
java.lang.Thread.State: TIMED_WAITING
        at sun.misc.Unsafe.park(Native Method)
        at java.util.concurrent.locks.LockSupport.parkNanos(LockSupport.java:215)
        at java.util.concurrent.locks.AbstractQueuedSynchronizer$ConditionObject.awaitNanos(AbstractQueuedSynchronizer.java:2078)
        at java.util.concurrent.LinkedBlockingQueue.poll(LinkedBlockingQueue.java:467)
        at org.apache.hadoop.ipc.CallQueueManager.take(CallQueueManager.java:317)
        at org.apache.hadoop.ipc.Server$Handler.run(Server.java:2932)
"Datanode ReportManager Thread - 2" daemon prio=5 tid=3991 timed_waiting
java.lang.Thread.State: TIMED_WAITING
        at sun.misc.Unsafe.park(Native Method)
        at java.util.concurrent.locks.LockSupport.parkNanos(LockSupport.java:215)
        at java.util.concurrent.locks.AbstractQueuedSynchronizer$ConditionObject.awaitNanos(AbstractQueuedSynchronizer.java:2078)
        at java.util.concurrent.ScheduledThreadPoolExecutor$DelayedWorkQueue.take(ScheduledThreadPoolExecutor.java:1093)
        at java.util.concurrent.ScheduledThreadPoolExecutor$DelayedWorkQueue.take(ScheduledThreadPoolExecutor.java:809)
        at java.util.concurrent.ThreadPoolExecutor.getTask(ThreadPoolExecutor.java:1074)
        at java.util.concurrent.ThreadPoolExecutor.runWorker(ThreadPoolExecutor.java:1134)
        at java.util.concurrent.ThreadPoolExecutor$Worker.run(ThreadPoolExecutor.java:624)
        at java.lang.Thread.run(Thread.java:748)
"OM StateMachine ApplyTransaction Thread - 0" daemon prio=5 tid=398 in Object.wait()
java.lang.Thread.State: WAITING (on object monitor)
        at sun.misc.Unsafe.park(Native Method)
        at java.util.concurrent.locks.LockSupport.park(LockSupport.java:175)
        at java.util.concurrent.locks.AbstractQueuedSynchronizer$ConditionObject.await(AbstractQueuedSynchronizer.java:2039)
        at java.util.concurrent.LinkedBlockingQueue.take(LinkedBlockingQueue.java:442)
        at java.util.concurrent.ThreadPoolExecutor.getTask(ThreadPoolExecutor.java:1074)
        at java.util.concurrent.ThreadPoolExecutor.runWorker(ThreadPoolExecutor.java:1134)
        at java.util.concurrent.ThreadPoolExecutor$Worker.run(ThreadPoolExecutor.java:624)
        at java.lang.Thread.run(Thread.java:748)
"EventQueue-DatanodeCommandForSCMNodeManager"  prio=5 tid=288 in Object.wait()
java.lang.Thread.State: WAITING (on object monitor)
        at sun.misc.Unsafe.park(Native Method)
        at java.util.concurrent.locks.LockSupport.park(LockSupport.java:175)
        at java.util.concurrent.locks.AbstractQueuedSynchronizer$ConditionObject.await(AbstractQueuedSynchronizer.java:2039)
        at java.util.concurrent.LinkedBlockingQueue.take(LinkedBlockingQueue.java:442)
        at java.util.concurrent.ThreadPoolExecutor.getTask(ThreadPoolExecutor.java:1074)
        at java.util.concurrent.ThreadPoolExecutor.runWorker(ThreadPoolExecutor.java:1134)
        at java.util.concurrent.ThreadPoolExecutor$Worker.run(ThreadPoolExecutor.java:624)
        at java.lang.Thread.run(Thread.java:748)
"IPC Server handler 15 on default port 33951" daemon prio=5 tid=167 timed_waiting
java.lang.Thread.State: TIMED_WAITING
        at sun.misc.Unsafe.park(Native Method)
        at java.util.concurrent.locks.LockSupport.parkNanos(LockSupport.java:215)
        at java.util.concurrent.locks.AbstractQueuedSynchronizer$ConditionObject.awaitNanos(AbstractQueuedSynchronizer.java:2078)
        at java.util.concurrent.LinkedBlockingQueue.poll(LinkedBlockingQueue.java:467)
        at org.apache.hadoop.ipc.CallQueueManager.take(CallQueueManager.java:317)
        at org.apache.hadoop.ipc.Server$Handler.run(Server.java:2932)
"IPC Server listener on 0" daemon prio=5 tid=132 runnable
java.lang.Thread.State: RUNNABLE
        at sun.nio.ch.EPollArrayWrapper.epollWait(Native Method)
        at sun.nio.ch.EPollArrayWrapper.poll(EPollArrayWrapper.java:269)
        at sun.nio.ch.EPollSelectorImpl.doSelect(EPollSelectorImpl.java:93)
        at sun.nio.ch.SelectorImpl.lockAndDoSelect(SelectorImpl.java:86)
        at sun.nio.ch.SelectorImpl.select(SelectorImpl.java:97)
        at sun.nio.ch.SelectorImpl.select(SelectorImpl.java:101)
        at org.apache.hadoop.ipc.Server$Listener.run(Server.java:1350)
"Datanode ReportManager Thread - 0" daemon prio=5 tid=191 in Object.wait()
java.lang.Thread.State: WAITING (on object monitor)
        at sun.misc.Unsafe.park(Native Method)
        at java.util.concurrent.locks.LockSupport.park(LockSupport.java:175)
        at java.util.concurrent.locks.AbstractQueuedSynchronizer$ConditionObject.await(AbstractQueuedSynchronizer.java:2039)
        at java.util.concurrent.ScheduledThreadPoolExecutor$DelayedWorkQueue.take(ScheduledThreadPoolExecutor.java:1088)
        at java.util.concurrent.ScheduledThreadPoolExecutor$DelayedWorkQueue.take(ScheduledThreadPoolExecutor.java:809)
        at java.util.concurrent.ThreadPoolExecutor.getTask(ThreadPoolExecutor.java:1074)
        at java.util.concurrent.ThreadPoolExecutor.runWorker(ThreadPoolExecutor.java:1134)
        at java.util.concurrent.ThreadPoolExecutor$Worker.run(ThreadPoolExecutor.java:624)
        at java.lang.Thread.run(Thread.java:748)
"IPC Server handler 16 on default port 44723" daemon prio=5 tid=84 timed_waiting
java.lang.Thread.State: TIMED_WAITING
        at sun.misc.Unsafe.park(Native Method)
        at java.util.concurrent.locks.LockSupport.parkNanos(LockSupport.java:215)
        at java.util.concurrent.locks.AbstractQueuedSynchronizer$ConditionObject.awaitNanos(AbstractQueuedSynchronizer.java:2078)
        at java.util.concurrent.LinkedBlockingQueue.poll(LinkedBlockingQueue.java:467)
        at org.apache.hadoop.ipc.CallQueueManager.take(CallQueueManager.java:317)
        at org.apache.hadoop.ipc.Server$Handler.run(Server.java:2932)
"qtp1532850076-97" daemon prio=5 tid=97 timed_waiting
java.lang.Thread.State: TIMED_WAITING
        at sun.misc.Unsafe.park(Native Method)
        at java.util.concurrent.locks.LockSupport.parkNanos(LockSupport.java:215)
        at java.util.concurrent.locks.AbstractQueuedSynchronizer$ConditionObject.awaitNanos(AbstractQueuedSynchronizer.java:2078)
        at org.eclipse.jetty.util.BlockingArrayQueue.poll(BlockingArrayQueue.java:382)
        at org.eclipse.jetty.util.thread.QueuedThreadPool$Runner.idleJobPoll(QueuedThreadPool.java:974)
        at org.eclipse.jetty.util.thread.QueuedThreadPool$Runner.run(QueuedThreadPool.java:1018)
        at java.lang.Thread.run(Thread.java:748)
"IPC Server handler 18 on default port 45219" daemon prio=5 tid=125 timed_waiting
java.lang.Thread.State: TIMED_WAITING
        at sun.misc.Unsafe.park(Native Method)
        at java.util.concurrent.locks.LockSupport.parkNanos(LockSupport.java:215)
        at java.util.concurrent.locks.AbstractQueuedSynchronizer$ConditionObject.awaitNanos(AbstractQueuedSynchronizer.java:2078)
        at java.util.concurrent.LinkedBlockingQueue.poll(LinkedBlockingQueue.java:467)
        at org.apache.hadoop.ipc.CallQueueManager.take(CallQueueManager.java:317)
        at org.apache.hadoop.ipc.Server$Handler.run(Server.java:2932)
"org.apache.ratis.util.JvmPauseMonitor$$Lambda$422/823775087@72700c3a" daemon prio=5 tid=3898 timed_waiting
java.lang.Thread.State: TIMED_WAITING
        at java.lang.Thread.sleep(Native Method)
        at java.lang.Thread.sleep(Thread.java:340)
        at java.util.concurrent.TimeUnit.sleep(TimeUnit.java:386)
        at org.apache.ratis.util.TimeDuration.sleep(TimeDuration.java:324)
        at org.apache.ratis.util.TimeDuration.sleep(TimeDuration.java:309)
        at org.apache.ratis.util.JvmPauseMonitor.detectPause(JvmPauseMonitor.java:117)
        at org.apache.ratis.util.JvmPauseMonitor.run(JvmPauseMonitor.java:106)
        at org.apache.ratis.util.JvmPauseMonitor$$Lambda$422/823775087.run(Unknown Source)
        at java.lang.Thread.run(Thread.java:748)
"Datanode ReportManager Thread - 4" daemon prio=5 tid=220 timed_waiting
java.lang.Thread.State: TIMED_WAITING
        at sun.misc.Unsafe.park(Native Method)
        at java.util.concurrent.locks.LockSupport.parkNanos(LockSupport.java:215)
        at java.util.concurrent.locks.AbstractQueuedSynchronizer$ConditionObject.awaitNanos(AbstractQueuedSynchronizer.java:2078)
        at java.util.concurrent.ScheduledThreadPoolExecutor$DelayedWorkQueue.take(ScheduledThreadPoolExecutor.java:1093)
        at java.util.concurrent.ScheduledThreadPoolExecutor$DelayedWorkQueue.take(ScheduledThreadPoolExecutor.java:809)
        at java.util.concurrent.ThreadPoolExecutor.getTask(ThreadPoolExecutor.java:1074)
        at java.util.concurrent.ThreadPoolExecutor.runWorker(ThreadPoolExecutor.java:1134)
        at java.util.concurrent.ThreadPoolExecutor$Worker.run(ThreadPoolExecutor.java:624)
        at java.lang.Thread.run(Thread.java:748)
"IPC Server handler 1 on default port 45219" daemon prio=5 tid=108 timed_waiting
java.lang.Thread.State: TIMED_WAITING
        at sun.misc.Unsafe.park(Native Method)
        at java.util.concurrent.locks.LockSupport.parkNanos(LockSupport.java:215)
        at java.util.concurrent.locks.AbstractQueuedSynchronizer$ConditionObject.awaitNanos(AbstractQueuedSynchronizer.java:2078)
        at java.util.concurrent.LinkedBlockingQueue.poll(LinkedBlockingQueue.java:467)
        at org.apache.hadoop.ipc.CallQueueManager.take(CallQueueManager.java:317)
        at org.apache.hadoop.ipc.Server$Handler.run(Server.java:2932)
"Datanode State Machine Task Thread - 0"  prio=5 tid=3885 in Object.wait()
java.lang.Thread.State: WAITING (on object monitor)
        at sun.misc.Unsafe.park(Native Method)
        at java.util.concurrent.locks.LockSupport.park(LockSupport.java:175)
        at java.util.concurrent.locks.AbstractQueuedSynchronizer$ConditionObject.await(AbstractQueuedSynchronizer.java:2039)
        at java.util.concurrent.LinkedBlockingQueue.take(LinkedBlockingQueue.java:442)
        at java.util.concurrent.ThreadPoolExecutor.getTask(ThreadPoolExecutor.java:1074)
        at java.util.concurrent.ThreadPoolExecutor.runWorker(ThreadPoolExecutor.java:1134)
        at java.util.concurrent.ThreadPoolExecutor$Worker.run(ThreadPoolExecutor.java:624)
        at java.lang.Thread.run(Thread.java:748)
"IPC Server handler 7 on default port 45219" daemon prio=5 tid=114 timed_waiting
java.lang.Thread.State: TIMED_WAITING
        at sun.misc.Unsafe.park(Native Method)
        at java.util.concurrent.locks.LockSupport.parkNanos(LockSupport.java:215)
        at java.util.concurrent.locks.AbstractQueuedSynchronizer$ConditionObject.awaitNanos(AbstractQueuedSynchronizer.java:2078)
        at java.util.concurrent.LinkedBlockingQueue.poll(LinkedBlockingQueue.java:467)
        at org.apache.hadoop.ipc.CallQueueManager.take(CallQueueManager.java:317)
        at org.apache.hadoop.ipc.Server$Handler.run(Server.java:2932)
"DirectoryDeletingService#0" daemon prio=5 tid=141 timed_waiting
java.lang.Thread.State: TIMED_WAITING
        at sun.misc.Unsafe.park(Native Method)
        at java.util.concurrent.locks.LockSupport.parkNanos(LockSupport.java:215)
        at java.util.concurrent.locks.AbstractQueuedSynchronizer$ConditionObject.awaitNanos(AbstractQueuedSynchronizer.java:2078)
        at java.util.concurrent.ScheduledThreadPoolExecutor$DelayedWorkQueue.take(ScheduledThreadPoolExecutor.java:1093)
        at java.util.concurrent.ScheduledThreadPoolExecutor$DelayedWorkQueue.take(ScheduledThreadPoolExecutor.java:809)
        at java.util.concurrent.ThreadPoolExecutor.getTask(ThreadPoolExecutor.java:1074)
        at java.util.concurrent.ThreadPoolExecutor.runWorker(ThreadPoolExecutor.java:1134)
        at java.util.concurrent.ThreadPoolExecutor$Worker.run(ThreadPoolExecutor.java:624)
        at java.lang.Thread.run(Thread.java:748)
"PartialTableCache Cleanup Thread - 0" daemon prio=5 tid=405 in Object.wait()
java.lang.Thread.State: WAITING (on object monitor)
        at sun.misc.Unsafe.park(Native Method)
        at java.util.concurrent.locks.LockSupport.park(LockSupport.java:175)
        at java.util.concurrent.locks.AbstractQueuedSynchronizer$ConditionObject.await(AbstractQueuedSynchronizer.java:2039)
        at java.util.concurrent.LinkedBlockingQueue.take(LinkedBlockingQueue.java:442)
        at java.util.concurrent.ThreadPoolExecutor.getTask(ThreadPoolExecutor.java:1074)
        at java.util.concurrent.ThreadPoolExecutor.runWorker(ThreadPoolExecutor.java:1134)
        at java.util.concurrent.ThreadPoolExecutor$Worker.run(ThreadPoolExecutor.java:624)
        at java.lang.Thread.run(Thread.java:748)
"Datanode ReportManager Thread - 4" daemon prio=5 tid=3993 in Object.wait()
java.lang.Thread.State: WAITING (on object monitor)
        at sun.misc.Unsafe.park(Native Method)
        at java.util.concurrent.locks.LockSupport.park(LockSupport.java:175)
        at java.util.concurrent.locks.AbstractQueuedSynchronizer$ConditionObject.await(AbstractQueuedSynchronizer.java:2039)
        at java.util.concurrent.ScheduledThreadPoolExecutor$DelayedWorkQueue.take(ScheduledThreadPoolExecutor.java:1088)
        at java.util.concurrent.ScheduledThreadPoolExecutor$DelayedWorkQueue.take(ScheduledThreadPoolExecutor.java:809)
        at java.util.concurrent.ThreadPoolExecutor.getTask(ThreadPoolExecutor.java:1074)
        at java.util.concurrent.ThreadPoolExecutor.runWorker(ThreadPoolExecutor.java:1134)
        at java.util.concurrent.ThreadPoolExecutor$Worker.run(ThreadPoolExecutor.java:624)
        at java.lang.Thread.run(Thread.java:748)
"org.apache.hadoop.ozone.container.common.statemachine.commandhandler.DeleteBlocksCommandHandler$DeleteCmdWorker@7ceb2233" daemon prio=5 tid=3860 timed_waiting
java.lang.Thread.State: TIMED_WAITING
        at java.lang.Thread.sleep(Native Method)
        at org.apache.hadoop.ozone.container.common.statemachine.commandhandler.DeleteBlocksCommandHandler$DeleteCmdWorker.run(DeleteBlocksCommandHandler.java:175)
        at java.lang.Thread.run(Thread.java:748)
"IPC Server handler 17 on default port 34953" daemon prio=5 tid=65 timed_waiting
java.lang.Thread.State: TIMED_WAITING
        at sun.misc.Unsafe.park(Native Method)
        at java.util.concurrent.locks.LockSupport.parkNanos(LockSupport.java:215)
        at java.util.concurrent.locks.AbstractQueuedSynchronizer$ConditionObject.awaitNanos(AbstractQueuedSynchronizer.java:2078)
        at java.util.concurrent.LinkedBlockingQueue.poll(LinkedBlockingQueue.java:467)
        at org.apache.hadoop.ipc.CallQueueManager.take(CallQueueManager.java:317)
        at org.apache.hadoop.ipc.Server$Handler.run(Server.java:2932)
"EventQueue-OpenPipelineForHealthyPipelineSafeModeRule" daemon prio=5 tid=296 in Object.wait()
java.lang.Thread.State: WAITING (on object monitor)
        at sun.misc.Unsafe.park(Native Method)
        at java.util.concurrent.locks.LockSupport.park(LockSupport.java:175)
        at java.util.concurrent.locks.AbstractQueuedSynchronizer$ConditionObject.await(AbstractQueuedSynchronizer.java:2039)
        at java.util.concurrent.LinkedBlockingQueue.take(LinkedBlockingQueue.java:442)
        at java.util.concurrent.ThreadPoolExecutor.getTask(ThreadPoolExecutor.java:1074)
        at java.util.concurrent.ThreadPoolExecutor.runWorker(ThreadPoolExecutor.java:1134)
        at java.util.concurrent.ThreadPoolExecutor$Worker.run(ThreadPoolExecutor.java:624)
        at java.lang.Thread.run(Thread.java:748)
"qtp1684038962-3975-acceptor-0@383571f9-ServerConnector@4437f434{HTTP/1.1, (http/1.1)}{0.0.0.0:42545}" daemon prio=3 tid=3975 runnable
java.lang.Thread.State: RUNNABLE
        at sun.nio.ch.ServerSocketChannelImpl.accept0(Native Method)
        at sun.nio.ch.ServerSocketChannelImpl.accept(ServerSocketChannelImpl.java:421)
        at sun.nio.ch.ServerSocketChannelImpl.accept(ServerSocketChannelImpl.java:249)
        at org.eclipse.jetty.server.ServerConnector.accept(ServerConnector.java:388)
        at org.eclipse.jetty.server.AbstractConnector$Acceptor.run(AbstractConnector.java:702)
        at org.eclipse.jetty.util.thread.QueuedThreadPool.runJob(QueuedThreadPool.java:883)
        at org.eclipse.jetty.util.thread.QueuedThreadPool$Runner.run(QueuedThreadPool.java:1034)
        at java.lang.Thread.run(Thread.java:748)
"Datanode State Machine Daemon Thread" daemon prio=5 tid=3877 timed_waiting
java.lang.Thread.State: TIMED_WAITING
        at java.lang.Thread.sleep(Native Method)
        at org.apache.hadoop.ozone.container.common.statemachine.DatanodeStateMachine.start(DatanodeStateMachine.java:298)
        at org.apache.hadoop.ozone.container.common.statemachine.DatanodeStateMachine.lambda$startDaemon$0(DatanodeStateMachine.java:471)
        at org.apache.hadoop.ozone.container.common.statemachine.DatanodeStateMachine$$Lambda$710/143249555.run(Unknown Source)
        at java.lang.Thread.run(Thread.java:748)
"grpc-default-executor-7" daemon prio=5 tid=4183 timed_waiting
java.lang.Thread.State: TIMED_WAITING
        at sun.misc.Unsafe.park(Native Method)
        at java.util.concurrent.locks.LockSupport.parkNanos(LockSupport.java:215)
        at java.util.concurrent.SynchronousQueue$TransferStack.awaitFulfill(SynchronousQueue.java:460)
        at java.util.concurrent.SynchronousQueue$TransferStack.transfer(SynchronousQueue.java:362)
        at java.util.concurrent.SynchronousQueue.poll(SynchronousQueue.java:941)
        at java.util.concurrent.ThreadPoolExecutor.getTask(ThreadPoolExecutor.java:1073)
        at java.util.concurrent.ThreadPoolExecutor.runWorker(ThreadPoolExecutor.java:1134)
        at java.util.concurrent.ThreadPoolExecutor$Worker.run(ThreadPoolExecutor.java:624)
        at java.lang.Thread.run(Thread.java:748)
"IPC Server handler 4 on default port 33951" daemon prio=5 tid=156 timed_waiting
java.lang.Thread.State: TIMED_WAITING
        at sun.misc.Unsafe.park(Native Method)
        at java.util.concurrent.locks.LockSupport.parkNanos(LockSupport.java:215)
        at java.util.concurrent.locks.AbstractQueuedSynchronizer$ConditionObject.awaitNanos(AbstractQueuedSynchronizer.java:2078)
        at java.util.concurrent.LinkedBlockingQueue.poll(LinkedBlockingQueue.java:467)
        at org.apache.hadoop.ipc.CallQueueManager.take(CallQueueManager.java:317)
        at org.apache.hadoop.ipc.Server$Handler.run(Server.java:2932)
"IPC Server handler 13 on default port 44723" daemon prio=5 tid=81 timed_waiting
java.lang.Thread.State: TIMED_WAITING
        at sun.misc.Unsafe.park(Native Method)
        at java.util.concurrent.locks.LockSupport.parkNanos(LockSupport.java:215)
        at java.util.concurrent.locks.AbstractQueuedSynchronizer$ConditionObject.awaitNanos(AbstractQueuedSynchronizer.java:2078)
        at java.util.concurrent.LinkedBlockingQueue.poll(LinkedBlockingQueue.java:467)
        at org.apache.hadoop.ipc.CallQueueManager.take(CallQueueManager.java:317)
        at org.apache.hadoop.ipc.Server$Handler.run(Server.java:2932)
"IPC Server handler 1 on default port 44723" daemon prio=5 tid=69 timed_waiting
java.lang.Thread.State: TIMED_WAITING
        at sun.misc.Unsafe.park(Native Method)
        at java.util.concurrent.locks.LockSupport.parkNanos(LockSupport.java:215)
        at java.util.concurrent.locks.AbstractQueuedSynchronizer$ConditionObject.awaitNanos(AbstractQueuedSynchronizer.java:2078)
        at java.util.concurrent.LinkedBlockingQueue.poll(LinkedBlockingQueue.java:467)
        at org.apache.hadoop.ipc.CallQueueManager.take(CallQueueManager.java:317)
        at org.apache.hadoop.ipc.Server$Handler.run(Server.java:2932)
"Socket Reader #1 for port 0"  prio=5 tid=133 runnable
java.lang.Thread.State: RUNNABLE
        at sun.nio.ch.EPollArrayWrapper.epollWait(Native Method)
        at sun.nio.ch.EPollArrayWrapper.poll(EPollArrayWrapper.java:269)
        at sun.nio.ch.EPollSelectorImpl.doSelect(EPollSelectorImpl.java:93)
        at sun.nio.ch.SelectorImpl.lockAndDoSelect(SelectorImpl.java:86)
        at sun.nio.ch.SelectorImpl.select(SelectorImpl.java:97)
        at sun.nio.ch.SelectorImpl.select(SelectorImpl.java:101)
        at org.apache.hadoop.ipc.Server$Listener$Reader.doRunLoop(Server.java:1288)
        at org.apache.hadoop.ipc.Server$Listener$Reader.run(Server.java:1267)
"Datanode ReportManager Thread - 4" daemon prio=5 tid=3882 in Object.wait()
java.lang.Thread.State: WAITING (on object monitor)
        at sun.misc.Unsafe.park(Native Method)
        at java.util.concurrent.locks.LockSupport.park(LockSupport.java:175)
        at java.util.concurrent.locks.AbstractQueuedSynchronizer$ConditionObject.await(AbstractQueuedSynchronizer.java:2039)
        at java.util.concurrent.ScheduledThreadPoolExecutor$DelayedWorkQueue.take(ScheduledThreadPoolExecutor.java:1088)
        at java.util.concurrent.ScheduledThreadPoolExecutor$DelayedWorkQueue.take(ScheduledThreadPoolExecutor.java:809)
        at java.util.concurrent.ThreadPoolExecutor.getTask(ThreadPoolExecutor.java:1074)
        at java.util.concurrent.ThreadPoolExecutor.runWorker(ThreadPoolExecutor.java:1134)
        at java.util.concurrent.ThreadPoolExecutor$Worker.run(ThreadPoolExecutor.java:624)
        at java.lang.Thread.run(Thread.java:748)
"DatanodeAdminManager-0" daemon prio=5 tid=30 timed_waiting
java.lang.Thread.State: TIMED_WAITING
        at sun.misc.Unsafe.park(Native Method)
        at java.util.concurrent.locks.LockSupport.parkNanos(LockSupport.java:215)
        at java.util.concurrent.locks.AbstractQueuedSynchronizer$ConditionObject.awaitNanos(AbstractQueuedSynchronizer.java:2078)
        at java.util.concurrent.ScheduledThreadPoolExecutor$DelayedWorkQueue.take(ScheduledThreadPoolExecutor.java:1093)
        at java.util.concurrent.ScheduledThreadPoolExecutor$DelayedWorkQueue.take(ScheduledThreadPoolExecutor.java:809)
        at java.util.concurrent.ThreadPoolExecutor.getTask(ThreadPoolExecutor.java:1074)
        at java.util.concurrent.ThreadPoolExecutor.runWorker(ThreadPoolExecutor.java:1134)
        at java.util.concurrent.ThreadPoolExecutor$Worker.run(ThreadPoolExecutor.java:624)
        at java.lang.Thread.run(Thread.java:748)
"java.util.concurrent.ThreadPoolExecutor$Worker@2c622732[State = -1, empty queue]" daemon prio=5 tid=392 timed_waiting
java.lang.Thread.State: TIMED_WAITING
        at sun.misc.Unsafe.park(Native Method)
        at java.util.concurrent.locks.LockSupport.parkNanos(LockSupport.java:215)
        at java.util.concurrent.locks.AbstractQueuedSynchronizer$ConditionObject.awaitNanos(AbstractQueuedSynchronizer.java:2078)
        at java.util.concurrent.ScheduledThreadPoolExecutor$DelayedWorkQueue.take(ScheduledThreadPoolExecutor.java:1093)
        at java.util.concurrent.ScheduledThreadPoolExecutor$DelayedWorkQueue.take(ScheduledThreadPoolExecutor.java:809)
        at java.util.concurrent.ThreadPoolExecutor.getTask(ThreadPoolExecutor.java:1074)
        at java.util.concurrent.ThreadPoolExecutor.runWorker(ThreadPoolExecutor.java:1134)
        at java.util.concurrent.ThreadPoolExecutor$Worker.run(ThreadPoolExecutor.java:624)
        at java.lang.Thread.run(Thread.java:748)
"IPC Server handler 5 on default port 44723" daemon prio=5 tid=73 timed_waiting
java.lang.Thread.State: TIMED_WAITING
        at sun.misc.Unsafe.park(Native Method)
        at java.util.concurrent.locks.LockSupport.parkNanos(LockSupport.java:215)
        at java.util.concurrent.locks.AbstractQueuedSynchronizer$ConditionObject.awaitNanos(AbstractQueuedSynchronizer.java:2078)
        at java.util.concurrent.LinkedBlockingQueue.poll(LinkedBlockingQueue.java:467)
        at org.apache.hadoop.ipc.CallQueueManager.take(CallQueueManager.java:317)
        at org.apache.hadoop.ipc.Server$Handler.run(Server.java:2932)
"Datanode ReportManager Thread - 0" daemon prio=5 tid=243 timed_waiting
java.lang.Thread.State: TIMED_WAITING
        at sun.misc.Unsafe.park(Native Method)
        at java.util.concurrent.locks.LockSupport.parkNanos(LockSupport.java:215)
        at java.util.concurrent.locks.AbstractQueuedSynchronizer$ConditionObject.awaitNanos(AbstractQueuedSynchronizer.java:2078)
        at java.util.concurrent.ScheduledThreadPoolExecutor$DelayedWorkQueue.take(ScheduledThreadPoolExecutor.java:1093)
        at java.util.concurrent.ScheduledThreadPoolExecutor$DelayedWorkQueue.take(ScheduledThreadPoolExecutor.java:809)
        at java.util.concurrent.ThreadPoolExecutor.getTask(ThreadPoolExecutor.java:1074)
        at java.util.concurrent.ThreadPoolExecutor.runWorker(ThreadPoolExecutor.java:1134)
        at java.util.concurrent.ThreadPoolExecutor$Worker.run(ThreadPoolExecutor.java:624)
        at java.lang.Thread.run(Thread.java:748)
"IPC Server idle connection scanner for port 34953" daemon prio=5 tid=42 timed_waiting
java.lang.Thread.State: TIMED_WAITING
        at java.lang.Object.wait(Native Method)
        at java.util.TimerThread.mainLoop(Timer.java:552)
        at java.util.TimerThread.run(Timer.java:505)
"PartialTableCache Cleanup Thread - 0" daemon prio=5 tid=403 in Object.wait()
java.lang.Thread.State: WAITING (on object monitor)
        at sun.misc.Unsafe.park(Native Method)
        at java.util.concurrent.locks.LockSupport.park(LockSupport.java:175)
        at java.util.concurrent.locks.AbstractQueuedSynchronizer$ConditionObject.await(AbstractQueuedSynchronizer.java:2039)
        at java.util.concurrent.LinkedBlockingQueue.take(LinkedBlockingQueue.java:442)
        at java.util.concurrent.ThreadPoolExecutor.getTask(ThreadPoolExecutor.java:1074)
        at java.util.concurrent.ThreadPoolExecutor.runWorker(ThreadPoolExecutor.java:1134)
        at java.util.concurrent.ThreadPoolExecutor$Worker.run(ThreadPoolExecutor.java:624)
        at java.lang.Thread.run(Thread.java:748)
"PartialTableCache Cleanup Thread - 0" daemon prio=5 tid=401 in Object.wait()
java.lang.Thread.State: WAITING (on object monitor)
        at sun.misc.Unsafe.park(Native Method)
        at java.util.concurrent.locks.LockSupport.park(LockSupport.java:175)
        at java.util.concurrent.locks.AbstractQueuedSynchronizer$ConditionObject.await(AbstractQueuedSynchronizer.java:2039)
        at java.util.concurrent.LinkedBlockingQueue.take(LinkedBlockingQueue.java:442)
        at java.util.concurrent.ThreadPoolExecutor.getTask(ThreadPoolExecutor.java:1074)
        at java.util.concurrent.ThreadPoolExecutor.runWorker(ThreadPoolExecutor.java:1134)
        at java.util.concurrent.ThreadPoolExecutor$Worker.run(ThreadPoolExecutor.java:624)
        at java.lang.Thread.run(Thread.java:748)
"Finalizer" daemon prio=8 tid=3 in Object.wait()
java.lang.Thread.State: WAITING (on object monitor)
        at java.lang.Object.wait(Native Method)
        at java.lang.ref.ReferenceQueue.remove(ReferenceQueue.java:144)
        at java.lang.ref.ReferenceQueue.remove(ReferenceQueue.java:165)
        at java.lang.ref.Finalizer$FinalizerThread.run(Finalizer.java:216)
"Datanode ReportManager Thread - 1" daemon prio=5 tid=244 in Object.wait()
java.lang.Thread.State: WAITING (on object monitor)
        at sun.misc.Unsafe.park(Native Method)
        at java.util.concurrent.locks.LockSupport.park(LockSupport.java:175)
        at java.util.concurrent.locks.AbstractQueuedSynchronizer$ConditionObject.await(AbstractQueuedSynchronizer.java:2039)
        at java.util.concurrent.ScheduledThreadPoolExecutor$DelayedWorkQueue.take(ScheduledThreadPoolExecutor.java:1088)
        at java.util.concurrent.ScheduledThreadPoolExecutor$DelayedWorkQueue.take(ScheduledThreadPoolExecutor.java:809)
        at java.util.concurrent.ThreadPoolExecutor.getTask(ThreadPoolExecutor.java:1074)
        at java.util.concurrent.ThreadPoolExecutor.runWorker(ThreadPoolExecutor.java:1134)
        at java.util.concurrent.ThreadPoolExecutor$Worker.run(ThreadPoolExecutor.java:624)
        at java.lang.Thread.run(Thread.java:748)
"EndpointStateMachine task thread for /0.0.0.0:45219 - 0 "  prio=5 tid=3999 timed_waiting
java.lang.Thread.State: TIMED_WAITING
        at java.lang.Thread.sleep(Native Method)
        at org.apache.hadoop.ozone.container.ozoneimpl.OzoneContainer.start(OzoneContainer.java:306)
        at org.apache.hadoop.ozone.container.common.states.endpoint.VersionEndpointTask.call(VersionEndpointTask.java:113)
        at org.apache.hadoop.ozone.container.common.states.endpoint.VersionEndpointTask.call(VersionEndpointTask.java:42)
        at java.util.concurrent.FutureTask.run(FutureTask.java:266)
        at java.util.concurrent.ThreadPoolExecutor.runWorker(ThreadPoolExecutor.java:1149)
        at java.util.concurrent.ThreadPoolExecutor$Worker.run(ThreadPoolExecutor.java:624)
        at java.lang.Thread.run(Thread.java:748)
"org.apache.hadoop.util.JvmPauseMonitor$Monitor@3033bb96" daemon prio=5 tid=172 timed_waiting
java.lang.Thread.State: TIMED_WAITING
        at java.lang.Thread.sleep(Native Method)
        at org.apache.hadoop.util.JvmPauseMonitor$Monitor.run(JvmPauseMonitor.java:192)
        at java.lang.Thread.run(Thread.java:748)
"SCM Heartbeat Processing Thread - 0" daemon prio=5 tid=27 timed_waiting
java.lang.Thread.State: TIMED_WAITING
        at sun.misc.Unsafe.park(Native Method)
        at java.util.concurrent.locks.LockSupport.parkNanos(LockSupport.java:215)
        at java.util.concurrent.locks.AbstractQueuedSynchronizer$ConditionObject.awaitNanos(AbstractQueuedSynchronizer.java:2078)
        at java.util.concurrent.ScheduledThreadPoolExecutor$DelayedWorkQueue.take(ScheduledThreadPoolExecutor.java:1093)
        at java.util.concurrent.ScheduledThreadPoolExecutor$DelayedWorkQueue.take(ScheduledThreadPoolExecutor.java:809)
        at java.util.concurrent.ThreadPoolExecutor.getTask(ThreadPoolExecutor.java:1074)
        at java.util.concurrent.ThreadPoolExecutor.runWorker(ThreadPoolExecutor.java:1134)
        at java.util.concurrent.ThreadPoolExecutor$Worker.run(ThreadPoolExecutor.java:624)
        at java.lang.Thread.run(Thread.java:748)
"IPC Parameter Sending Thread #0" daemon prio=5 tid=104 timed_waiting
java.lang.Thread.State: TIMED_WAITING
        at sun.misc.Unsafe.park(Native Method)
        at java.util.concurrent.locks.LockSupport.parkNanos(LockSupport.java:215)
        at java.util.concurrent.SynchronousQueue$TransferStack.awaitFulfill(SynchronousQueue.java:460)
        at java.util.concurrent.SynchronousQueue$TransferStack.transfer(SynchronousQueue.java:362)
        at java.util.concurrent.SynchronousQueue.poll(SynchronousQueue.java:941)
        at java.util.concurrent.ThreadPoolExecutor.getTask(ThreadPoolExecutor.java:1073)
        at java.util.concurrent.ThreadPoolExecutor.runWorker(ThreadPoolExecutor.java:1134)
        at java.util.concurrent.ThreadPoolExecutor$Worker.run(ThreadPoolExecutor.java:624)
        at java.lang.Thread.run(Thread.java:748)
"IPC Server handler 7 on default port 34953" daemon prio=5 tid=55 timed_waiting
java.lang.Thread.State: TIMED_WAITING
        at sun.misc.Unsafe.park(Native Method)
        at java.util.concurrent.locks.LockSupport.parkNanos(LockSupport.java:215)
        at java.util.concurrent.locks.AbstractQueuedSynchronizer$ConditionObject.awaitNanos(AbstractQueuedSynchronizer.java:2078)
        at java.util.concurrent.LinkedBlockingQueue.poll(LinkedBlockingQueue.java:467)
        at org.apache.hadoop.ipc.CallQueueManager.take(CallQueueManager.java:317)
        at org.apache.hadoop.ipc.Server$Handler.run(Server.java:2932)
"qtp1118795039-145" daemon prio=5 tid=145 timed_waiting
java.lang.Thread.State: TIMED_WAITING
        at sun.misc.Unsafe.park(Native Method)
        at java.util.concurrent.locks.LockSupport.parkNanos(LockSupport.java:215)
        at java.util.concurrent.locks.AbstractQueuedSynchronizer$ConditionObject.awaitNanos(AbstractQueuedSynchronizer.java:2078)
        at org.eclipse.jetty.util.BlockingArrayQueue.poll(BlockingArrayQueue.java:382)
        at org.eclipse.jetty.util.thread.QueuedThreadPool$Runner.idleJobPoll(QueuedThreadPool.java:974)
        at org.eclipse.jetty.util.thread.QueuedThreadPool$Runner.run(QueuedThreadPool.java:1018)
        at java.lang.Thread.run(Thread.java:748)
"IPC Server handler 8 on default port 33951" daemon prio=5 tid=160 timed_waiting
java.lang.Thread.State: TIMED_WAITING
        at sun.misc.Unsafe.park(Native Method)
        at java.util.concurrent.locks.LockSupport.parkNanos(LockSupport.java:215)
        at java.util.concurrent.locks.AbstractQueuedSynchronizer$ConditionObject.awaitNanos(AbstractQueuedSynchronizer.java:2078)
        at java.util.concurrent.LinkedBlockingQueue.poll(LinkedBlockingQueue.java:467)
        at org.apache.hadoop.ipc.CallQueueManager.take(CallQueueManager.java:317)
        at org.apache.hadoop.ipc.Server$Handler.run(Server.java:2932)
"IPC Server handler 15 on default port 44723" daemon prio=5 tid=83 timed_waiting
java.lang.Thread.State: TIMED_WAITING
        at sun.misc.Unsafe.park(Native Method)
        at java.util.concurrent.locks.LockSupport.parkNanos(LockSupport.java:215)
        at java.util.concurrent.locks.AbstractQueuedSynchronizer$ConditionObject.awaitNanos(AbstractQueuedSynchronizer.java:2078)
        at java.util.concurrent.LinkedBlockingQueue.poll(LinkedBlockingQueue.java:467)
        at org.apache.hadoop.ipc.CallQueueManager.take(CallQueueManager.java:317)
        at org.apache.hadoop.ipc.Server$Handler.run(Server.java:2932)
"Datanode ReportManager Thread - 3" daemon prio=5 tid=3881 timed_waiting
java.lang.Thread.State: TIMED_WAITING
        at sun.misc.Unsafe.park(Native Method)
        at java.util.concurrent.locks.LockSupport.parkNanos(LockSupport.java:215)
        at java.util.concurrent.locks.AbstractQueuedSynchronizer$ConditionObject.awaitNanos(AbstractQueuedSynchronizer.java:2078)
        at java.util.concurrent.ScheduledThreadPoolExecutor$DelayedWorkQueue.take(ScheduledThreadPoolExecutor.java:1093)
        at java.util.concurrent.ScheduledThreadPoolExecutor$DelayedWorkQueue.take(ScheduledThreadPoolExecutor.java:809)
        at java.util.concurrent.ThreadPoolExecutor.getTask(ThreadPoolExecutor.java:1074)
        at java.util.concurrent.ThreadPoolExecutor.runWorker(ThreadPoolExecutor.java:1134)
        at java.util.concurrent.ThreadPoolExecutor$Worker.run(ThreadPoolExecutor.java:624)
        at java.lang.Thread.run(Thread.java:748)
"EventQueue-IncrementalContainerReportForIncrementalContainerReportHandler" daemon prio=5 tid=408 in Object.wait()
java.lang.Thread.State: WAITING (on object monitor)
        at sun.misc.Unsafe.park(Native Method)
        at java.util.concurrent.locks.LockSupport.park(LockSupport.java:175)
        at java.util.concurrent.locks.AbstractQueuedSynchronizer$ConditionObject.await(AbstractQueuedSynchronizer.java:2039)
        at java.util.concurrent.LinkedBlockingQueue.take(LinkedBlockingQueue.java:442)
        at java.util.concurrent.ThreadPoolExecutor.getTask(ThreadPoolExecutor.java:1074)
        at java.util.concurrent.ThreadPoolExecutor.runWorker(ThreadPoolExecutor.java:1134)
        at java.util.concurrent.ThreadPoolExecutor$Worker.run(ThreadPoolExecutor.java:624)
        at java.lang.Thread.run(Thread.java:748)
"ChunkReader-ELG-0" daemon prio=5 tid=3899 runnable
java.lang.Thread.State: RUNNABLE
        at org.apache.ratis.thirdparty.io.netty.channel.epoll.Native.epollWait(Native Method)
        at org.apache.ratis.thirdparty.io.netty.channel.epoll.Native.epollWait(Native.java:177)
        at org.apache.ratis.thirdparty.io.netty.channel.epoll.Native.epollWait(Native.java:170)
        at org.apache.ratis.thirdparty.io.netty.channel.epoll.EpollEventLoop.epollWaitNoTimerChange(EpollEventLoop.java:290)
        at org.apache.ratis.thirdparty.io.netty.channel.epoll.EpollEventLoop.run(EpollEventLoop.java:347)
        at org.apache.ratis.thirdparty.io.netty.util.concurrent.SingleThreadEventExecutor$4.run(SingleThreadEventExecutor.java:989)
        at org.apache.ratis.thirdparty.io.netty.util.internal.ThreadExecutorMap$2.run(ThreadExecutorMap.java:74)
        at java.lang.Thread.run(Thread.java:748)
"IPC Server handler 3 on default port 44723" daemon prio=5 tid=71 timed_waiting
java.lang.Thread.State: TIMED_WAITING
        at sun.misc.Unsafe.park(Native Method)
        at java.util.concurrent.locks.LockSupport.parkNanos(LockSupport.java:215)
        at java.util.concurrent.locks.AbstractQueuedSynchronizer$ConditionObject.awaitNanos(AbstractQueuedSynchronizer.java:2078)
        at java.util.concurrent.LinkedBlockingQueue.poll(LinkedBlockingQueue.java:467)
        at org.apache.hadoop.ipc.CallQueueManager.take(CallQueueManager.java:317)
        at org.apache.hadoop.ipc.Server$Handler.run(Server.java:2932)
"IPC Server handler 12 on default port 44723" daemon prio=5 tid=80 timed_waiting
java.lang.Thread.State: TIMED_WAITING
        at sun.misc.Unsafe.park(Native Method)
        at java.util.concurrent.locks.LockSupport.parkNanos(LockSupport.java:215)
        at java.util.concurrent.locks.AbstractQueuedSynchronizer$ConditionObject.awaitNanos(AbstractQueuedSynchronizer.java:2078)
        at java.util.concurrent.LinkedBlockingQueue.poll(LinkedBlockingQueue.java:467)
        at org.apache.hadoop.ipc.CallQueueManager.take(CallQueueManager.java:317)
        at org.apache.hadoop.ipc.Server$Handler.run(Server.java:2932)
"2db57d0a-e0a4-4c64-8073-50a45d71dc35@group-AD6F77E61740-SegmentedRaftLogWorker"  prio=5 tid=3973 timed_waiting
java.lang.Thread.State: TIMED_WAITING
        at sun.misc.Unsafe.park(Native Method)
        at java.util.concurrent.locks.LockSupport.parkNanos(LockSupport.java:215)
        at java.util.concurrent.locks.AbstractQueuedSynchronizer$ConditionObject.awaitNanos(AbstractQueuedSynchronizer.java:2078)
        at org.apache.ratis.util.DataBlockingQueue.poll(DataBlockingQueue.java:137)
        at org.apache.ratis.server.raftlog.segmented.SegmentedRaftLogWorker.run(SegmentedRaftLogWorker.java:292)
        at org.apache.ratis.server.raftlog.segmented.SegmentedRaftLogWorker$$Lambda$358/3735854.run(Unknown Source)
        at java.lang.Thread.run(Thread.java:748)
"IPC Server handler 4 on default port 34953" daemon prio=5 tid=52 timed_waiting
java.lang.Thread.State: TIMED_WAITING
        at sun.misc.Unsafe.park(Native Method)
        at java.util.concurrent.locks.LockSupport.parkNanos(LockSupport.java:215)
        at java.util.concurrent.locks.AbstractQueuedSynchronizer$ConditionObject.awaitNanos(AbstractQueuedSynchronizer.java:2078)
        at java.util.concurrent.LinkedBlockingQueue.poll(LinkedBlockingQueue.java:467)
        at org.apache.hadoop.ipc.CallQueueManager.take(CallQueueManager.java:317)
        at org.apache.hadoop.ipc.Server$Handler.run(Server.java:2932)
"Datanode ReportManager Thread - 1" daemon prio=5 tid=192 in Object.wait()
java.lang.Thread.State: WAITING (on object monitor)
        at sun.misc.Unsafe.park(Native Method)
        at java.util.concurrent.locks.LockSupport.park(LockSupport.java:175)
        at java.util.concurrent.locks.AbstractQueuedSynchronizer$ConditionObject.await(AbstractQueuedSynchronizer.java:2039)
        at java.util.concurrent.ScheduledThreadPoolExecutor$DelayedWorkQueue.take(ScheduledThreadPoolExecutor.java:1088)
        at java.util.concurrent.ScheduledThreadPoolExecutor$DelayedWorkQueue.take(ScheduledThreadPoolExecutor.java:809)
        at java.util.concurrent.ThreadPoolExecutor.getTask(ThreadPoolExecutor.java:1074)
        at java.util.concurrent.ThreadPoolExecutor.runWorker(ThreadPoolExecutor.java:1134)
        at java.util.concurrent.ThreadPoolExecutor$Worker.run(ThreadPoolExecutor.java:624)
        at java.lang.Thread.run(Thread.java:748)
"IPC Server handler 19 on default port 34953" daemon prio=5 tid=67 timed_waiting
java.lang.Thread.State: TIMED_WAITING
        at sun.misc.Unsafe.park(Native Method)
        at java.util.concurrent.locks.LockSupport.parkNanos(LockSupport.java:215)
        at java.util.concurrent.locks.AbstractQueuedSynchronizer$ConditionObject.awaitNanos(AbstractQueuedSynchronizer.java:2078)
        at java.util.concurrent.LinkedBlockingQueue.poll(LinkedBlockingQueue.java:467)
        at org.apache.hadoop.ipc.CallQueueManager.take(CallQueueManager.java:317)
        at org.apache.hadoop.ipc.Server$Handler.run(Server.java:2932)
"pool-45-thread-1"  prio=5 tid=129 in Object.wait()
java.lang.Thread.State: WAITING (on object monitor)
        at sun.misc.Unsafe.park(Native Method)
        at java.util.concurrent.locks.LockSupport.park(LockSupport.java:175)
        at java.util.concurrent.locks.AbstractQueuedSynchronizer$ConditionObject.await(AbstractQueuedSynchronizer.java:2039)
        at java.util.concurrent.LinkedBlockingQueue.take(LinkedBlockingQueue.java:442)
        at java.util.concurrent.ThreadPoolExecutor.getTask(ThreadPoolExecutor.java:1074)
        at java.util.concurrent.ThreadPoolExecutor.runWorker(ThreadPoolExecutor.java:1134)
        at java.util.concurrent.ThreadPoolExecutor$Worker.run(ThreadPoolExecutor.java:624)
        at java.lang.Thread.run(Thread.java:748)
"pool-425-thread-1"  prio=5 tid=3861 timed_waiting
java.lang.Thread.State: TIMED_WAITING
        at sun.misc.Unsafe.park(Native Method)
        at java.util.concurrent.locks.LockSupport.parkNanos(LockSupport.java:215)
        at java.util.concurrent.locks.AbstractQueuedSynchronizer$ConditionObject.awaitNanos(AbstractQueuedSynchronizer.java:2078)
        at java.util.concurrent.ScheduledThreadPoolExecutor$DelayedWorkQueue.take(ScheduledThreadPoolExecutor.java:1093)
        at java.util.concurrent.ScheduledThreadPoolExecutor$DelayedWorkQueue.take(ScheduledThreadPoolExecutor.java:809)
        at java.util.concurrent.ThreadPoolExecutor.getTask(ThreadPoolExecutor.java:1074)
        at java.util.concurrent.ThreadPoolExecutor.runWorker(ThreadPoolExecutor.java:1134)
        at java.util.concurrent.ThreadPoolExecutor$Worker.run(ThreadPoolExecutor.java:624)
        at java.lang.Thread.run(Thread.java:748)
"pool-47-thread-1"  prio=5 tid=142 timed_waiting
java.lang.Thread.State: TIMED_WAITING
        at sun.misc.Unsafe.park(Native Method)
        at java.util.concurrent.locks.LockSupport.parkNanos(LockSupport.java:215)
        at java.util.concurrent.locks.AbstractQueuedSynchronizer$ConditionObject.awaitNanos(AbstractQueuedSynchronizer.java:2078)
        at java.util.concurrent.ScheduledThreadPoolExecutor$DelayedWorkQueue.take(ScheduledThreadPoolExecutor.java:1093)
        at java.util.concurrent.ScheduledThreadPoolExecutor$DelayedWorkQueue.take(ScheduledThreadPoolExecutor.java:809)
        at java.util.concurrent.ThreadPoolExecutor.getTask(ThreadPoolExecutor.java:1074)
        at java.util.concurrent.ThreadPoolExecutor.runWorker(ThreadPoolExecutor.java:1134)
        at java.util.concurrent.ThreadPoolExecutor$Worker.run(ThreadPoolExecutor.java:624)
        at java.lang.Thread.run(Thread.java:748)
"IPC Server handler 17 on default port 44723" daemon prio=5 tid=85 timed_waiting
java.lang.Thread.State: TIMED_WAITING
        at sun.misc.Unsafe.park(Native Method)
        at java.util.concurrent.locks.LockSupport.parkNanos(LockSupport.java:215)
        at java.util.concurrent.locks.AbstractQueuedSynchronizer$ConditionObject.awaitNanos(AbstractQueuedSynchronizer.java:2078)
        at java.util.concurrent.LinkedBlockingQueue.poll(LinkedBlockingQueue.java:467)
        at org.apache.hadoop.ipc.CallQueueManager.take(CallQueueManager.java:317)
        at org.apache.hadoop.ipc.Server$Handler.run(Server.java:2932)
"fbc88013-4e58-4ce2-8f92-86967c0fe77f@group-391B68ECE783-SegmentedRaftLogWorker"  prio=5 tid=3940 timed_waiting
java.lang.Thread.State: TIMED_WAITING
        at sun.misc.Unsafe.park(Native Method)
        at java.util.concurrent.locks.LockSupport.parkNanos(LockSupport.java:215)
        at java.util.concurrent.locks.AbstractQueuedSynchronizer$ConditionObject.awaitNanos(AbstractQueuedSynchronizer.java:2078)
        at org.apache.ratis.util.DataBlockingQueue.poll(DataBlockingQueue.java:137)
        at org.apache.ratis.server.raftlog.segmented.SegmentedRaftLogWorker.run(SegmentedRaftLogWorker.java:292)
        at org.apache.ratis.server.raftlog.segmented.SegmentedRaftLogWorker$$Lambda$358/3735854.run(Unknown Source)
        at java.lang.Thread.run(Thread.java:748)
"EventQueue-HealthyReadonlyNodeForHealthyReadOnlyNodeHandler" daemon prio=5 tid=3915 in Object.wait()
java.lang.Thread.State: WAITING (on object monitor)
        at sun.misc.Unsafe.park(Native Method)
        at java.util.concurrent.locks.LockSupport.park(LockSupport.java:175)
        at java.util.concurrent.locks.AbstractQueuedSynchronizer$ConditionObject.await(AbstractQueuedSynchronizer.java:2039)
        at java.util.concurrent.LinkedBlockingQueue.take(LinkedBlockingQueue.java:442)
        at java.util.concurrent.ThreadPoolExecutor.getTask(ThreadPoolExecutor.java:1074)
        at java.util.concurrent.ThreadPoolExecutor.runWorker(ThreadPoolExecutor.java:1134)
        at java.util.concurrent.ThreadPoolExecutor$Worker.run(ThreadPoolExecutor.java:624)
        at java.lang.Thread.run(Thread.java:748)
"IPC Server handler 3 on default port 34953" daemon prio=5 tid=51 timed_waiting
java.lang.Thread.State: TIMED_WAITING
        at sun.misc.Unsafe.park(Native Method)
        at java.util.concurrent.locks.LockSupport.parkNanos(LockSupport.java:215)
        at java.util.concurrent.locks.AbstractQueuedSynchronizer$ConditionObject.awaitNanos(AbstractQueuedSynchronizer.java:2078)
        at java.util.concurrent.LinkedBlockingQueue.poll(LinkedBlockingQueue.java:467)
        at org.apache.hadoop.ipc.CallQueueManager.take(CallQueueManager.java:317)
        at org.apache.hadoop.ipc.Server$Handler.run(Server.java:2932)
"PartialTableCache Cleanup Thread - 0" daemon prio=5 tid=402 in Object.wait()
java.lang.Thread.State: WAITING (on object monitor)
        at sun.misc.Unsafe.park(Native Method)
        at java.util.concurrent.locks.LockSupport.park(LockSupport.java:175)
        at java.util.concurrent.locks.AbstractQueuedSynchronizer$ConditionObject.await(AbstractQueuedSynchronizer.java:2039)
        at java.util.concurrent.LinkedBlockingQueue.take(LinkedBlockingQueue.java:442)
        at java.util.concurrent.ThreadPoolExecutor.getTask(ThreadPoolExecutor.java:1074)
        at java.util.concurrent.ThreadPoolExecutor.runWorker(ThreadPoolExecutor.java:1134)
        at java.util.concurrent.ThreadPoolExecutor$Worker.run(ThreadPoolExecutor.java:624)
        at java.lang.Thread.run(Thread.java:748)
"Datanode ReportManager Thread - 2" daemon prio=5 tid=245 in Object.wait()
java.lang.Thread.State: WAITING (on object monitor)
        at sun.misc.Unsafe.park(Native Method)
        at java.util.concurrent.locks.LockSupport.park(LockSupport.java:175)
        at java.util.concurrent.locks.AbstractQueuedSynchronizer$ConditionObject.await(AbstractQueuedSynchronizer.java:2039)
        at java.util.concurrent.ScheduledThreadPoolExecutor$DelayedWorkQueue.take(ScheduledThreadPoolExecutor.java:1088)
        at java.util.concurrent.ScheduledThreadPoolExecutor$DelayedWorkQueue.take(ScheduledThreadPoolExecutor.java:809)
        at java.util.concurrent.ThreadPoolExecutor.getTask(ThreadPoolExecutor.java:1074)
        at java.util.concurrent.ThreadPoolExecutor.runWorker(ThreadPoolExecutor.java:1134)
        at java.util.concurrent.ThreadPoolExecutor$Worker.run(ThreadPoolExecutor.java:624)
        at java.lang.Thread.run(Thread.java:748)
"Datanode ReportManager Thread - 2" daemon prio=5 tid=193 in Object.wait()
java.lang.Thread.State: WAITING (on object monitor)
        at sun.misc.Unsafe.park(Native Method)
        at java.util.concurrent.locks.LockSupport.park(LockSupport.java:175)
        at java.util.concurrent.locks.AbstractQueuedSynchronizer$ConditionObject.await(AbstractQueuedSynchronizer.java:2039)
        at java.util.concurrent.ScheduledThreadPoolExecutor$DelayedWorkQueue.take(ScheduledThreadPoolExecutor.java:1088)
        at java.util.concurrent.ScheduledThreadPoolExecutor$DelayedWorkQueue.take(ScheduledThreadPoolExecutor.java:809)
        at java.util.concurrent.ThreadPoolExecutor.getTask(ThreadPoolExecutor.java:1074)
        at java.util.concurrent.ThreadPoolExecutor.runWorker(ThreadPoolExecutor.java:1134)
        at java.util.concurrent.ThreadPoolExecutor$Worker.run(ThreadPoolExecutor.java:624)
        at java.lang.Thread.run(Thread.java:748)
"ChunkWriter-1-0" daemon prio=5 tid=3892 in Object.wait()
java.lang.Thread.State: WAITING (on object monitor)
        at sun.misc.Unsafe.park(Native Method)
        at java.util.concurrent.locks.LockSupport.park(LockSupport.java:175)
        at java.util.concurrent.locks.AbstractQueuedSynchronizer$ConditionObject.await(AbstractQueuedSynchronizer.java:2039)
        at java.util.concurrent.LinkedBlockingDeque.takeFirst(LinkedBlockingDeque.java:492)
        at java.util.concurrent.LinkedBlockingDeque.take(LinkedBlockingDeque.java:680)
        at java.util.concurrent.ThreadPoolExecutor.getTask(ThreadPoolExecutor.java:1074)
        at java.util.concurrent.ThreadPoolExecutor.runWorker(ThreadPoolExecutor.java:1134)
        at java.util.concurrent.ThreadPoolExecutor$Worker.run(ThreadPoolExecutor.java:624)
        at java.lang.Thread.run(Thread.java:748)
"IPC Server handler 10 on default port 33951" daemon prio=5 tid=162 timed_waiting
java.lang.Thread.State: TIMED_WAITING
        at sun.misc.Unsafe.park(Native Method)
        at java.util.concurrent.locks.LockSupport.parkNanos(LockSupport.java:215)
        at java.util.concurrent.locks.AbstractQueuedSynchronizer$ConditionObject.awaitNanos(AbstractQueuedSynchronizer.java:2078)
        at java.util.concurrent.LinkedBlockingQueue.poll(LinkedBlockingQueue.java:467)
        at org.apache.hadoop.ipc.CallQueueManager.take(CallQueueManager.java:317)
        at org.apache.hadoop.ipc.Server$Handler.run(Server.java:2932)
"IPC Server handler 15 on default port 34953" daemon prio=5 tid=63 timed_waiting
java.lang.Thread.State: TIMED_WAITING
        at sun.misc.Unsafe.park(Native Method)
        at java.util.concurrent.locks.LockSupport.parkNanos(LockSupport.java:215)
        at java.util.concurrent.locks.AbstractQueuedSynchronizer$ConditionObject.awaitNanos(AbstractQueuedSynchronizer.java:2078)
        at java.util.concurrent.LinkedBlockingQueue.poll(LinkedBlockingQueue.java:467)
        at org.apache.hadoop.ipc.CallQueueManager.take(CallQueueManager.java:317)
        at org.apache.hadoop.ipc.Server$Handler.run(Server.java:2932)
"IPC Server handler 16 on default port 45219" daemon prio=5 tid=123 timed_waiting
java.lang.Thread.State: TIMED_WAITING
        at sun.misc.Unsafe.park(Native Method)
        at java.util.concurrent.locks.LockSupport.parkNanos(LockSupport.java:215)
        at java.util.concurrent.locks.AbstractQueuedSynchronizer$ConditionObject.awaitNanos(AbstractQueuedSynchronizer.java:2078)
        at java.util.concurrent.LinkedBlockingQueue.poll(LinkedBlockingQueue.java:467)
        at org.apache.hadoop.ipc.CallQueueManager.take(CallQueueManager.java:317)
        at org.apache.hadoop.ipc.Server$Handler.run(Server.java:2932)
"ChunkWriter-0-0" daemon prio=5 tid=4000 in Object.wait()
java.lang.Thread.State: WAITING (on object monitor)
        at sun.misc.Unsafe.park(Native Method)
        at java.util.concurrent.locks.LockSupport.park(LockSupport.java:175)
        at java.util.concurrent.locks.AbstractQueuedSynchronizer$ConditionObject.await(AbstractQueuedSynchronizer.java:2039)
        at java.util.concurrent.LinkedBlockingDeque.takeFirst(LinkedBlockingDeque.java:492)
        at java.util.concurrent.LinkedBlockingDeque.take(LinkedBlockingDeque.java:680)
        at java.util.concurrent.ThreadPoolExecutor.getTask(ThreadPoolExecutor.java:1074)
        at java.util.concurrent.ThreadPoolExecutor.runWorker(ThreadPoolExecutor.java:1134)
        at java.util.concurrent.ThreadPoolExecutor$Worker.run(ThreadPoolExecutor.java:624)
        at java.lang.Thread.run(Thread.java:748)
"Session-HouseKeeper-d476a21-1"  prio=5 tid=151 timed_waiting
java.lang.Thread.State: TIMED_WAITING
        at sun.misc.Unsafe.park(Native Method)
        at java.util.concurrent.locks.LockSupport.parkNanos(LockSupport.java:215)
        at java.util.concurrent.locks.AbstractQueuedSynchronizer$ConditionObject.awaitNanos(AbstractQueuedSynchronizer.java:2078)
        at java.util.concurrent.ScheduledThreadPoolExecutor$DelayedWorkQueue.take(ScheduledThreadPoolExecutor.java:1093)
        at java.util.concurrent.ScheduledThreadPoolExecutor$DelayedWorkQueue.take(ScheduledThreadPoolExecutor.java:809)
        at java.util.concurrent.ThreadPoolExecutor.getTask(ThreadPoolExecutor.java:1074)
        at java.util.concurrent.ThreadPoolExecutor.runWorker(ThreadPoolExecutor.java:1134)
        at java.util.concurrent.ThreadPoolExecutor$Worker.run(ThreadPoolExecutor.java:624)
        at java.lang.Thread.run(Thread.java:748)
"IPC Server Responder" daemon prio=5 tid=35 runnable
java.lang.Thread.State: RUNNABLE
        at sun.nio.ch.EPollArrayWrapper.epollWait(Native Method)
        at sun.nio.ch.EPollArrayWrapper.poll(EPollArrayWrapper.java:269)
        at sun.nio.ch.EPollSelectorImpl.doSelect(EPollSelectorImpl.java:93)
        at sun.nio.ch.SelectorImpl.lockAndDoSelect(SelectorImpl.java:86)
        at sun.nio.ch.SelectorImpl.select(SelectorImpl.java:97)
        at org.apache.hadoop.ipc.Server$Responder.doRunLoop(Server.java:1527)
        at org.apache.hadoop.ipc.Server$Responder.run(Server.java:1510)


	at org.apache.ozone.test.GenericTestUtils.waitFor(GenericTestUtils.java:225)
	at org.apache.hadoop.ozone.MiniOzoneClusterImpl.waitForHddsDatanodesStop(MiniOzoneClusterImpl.java:369)
	at org.apache.hadoop.ozone.MiniOzoneClusterImpl.restartHddsDatanode(MiniOzoneClusterImpl.java:401)
	at org.apache.hadoop.ozone.MiniOzoneClusterImpl.restartHddsDatanode(MiniOzoneClusterImpl.java:417)
	at org.apache.hadoop.ozone.client.rpc.TestOzoneRpcClientAbstract.testZReadKeyWithUnhealthyContainerReplica(TestOzoneRpcClientAbstract.java:1617)
	at sun.reflect.NativeMethodAccessorImpl.invoke0(Native Method)
	at sun.reflect.NativeMethodAccessorImpl.invoke(NativeMethodAccessorImpl.java:62)
	at sun.reflect.DelegatingMethodAccessorImpl.invoke(DelegatingMethodAccessorImpl.java:43)
	at java.lang.reflect.Method.invoke(Method.java:498)
	at org.junit.runners.model.FrameworkMethod$1.runReflectiveCall(FrameworkMethod.java:59)
	at org.junit.internal.runners.model.ReflectiveCallable.run(ReflectiveCallable.java:12)
	at org.junit.runners.model.FrameworkMethod.invokeExplosively(FrameworkMethod.java:56)
	at org.junit.internal.runners.statements.InvokeMethod.evaluate(InvokeMethod.java:17)
	at org.junit.internal.runners.statements.FailOnTimeout$CallableStatement.call(FailOnTimeout.java:288)
	at org.junit.internal.runners.statements.FailOnTimeout$CallableStatement.call(FailOnTimeout.java:282)
	at java.util.concurrent.FutureTask.run(FutureTask.java:266)
	at java.lang.Thread.run(Thread.java:748)
</error>
    <system-out><![CDATA[2022-02-12 06:45:18,680 [Time-limited test] INFO  rpc.RpcClient (RpcClient.java:createVolume(399)) - Creating Volume: 90cf43ed-12b0-488a-b32d-18578d0c3c8c, with runner as owner and space quota set to -1 bytes, counts quota set to -1
2022-02-12 06:45:18,686 [OM StateMachine ApplyTransaction Thread - 0] INFO  volume.OMVolumeCreateRequest (OMVolumeCreateRequest.java:validateAndUpdateCache(195)) - created volume:90cf43ed-12b0-488a-b32d-18578d0c3c8c for user:runner
2022-02-12 06:45:18,690 [Time-limited test] INFO  rpc.RpcClient (RpcClient.java:createBucket(562)) - Creating Bucket: 90cf43ed-12b0-488a-b32d-18578d0c3c8c/00eb8ed5-156a-4144-8e9d-dbfec4003141, with runner as owner and Versioning false and Storage Type set to DISK and Encryption set to false 
2022-02-12 06:45:18,752 [Time-limited test] WARN  keyvalue.KeyValueContainer (KeyValueContainer.java:markContainerUnhealthy(303)) - Moving container /home/runner/work/ozone/ozone/hadoop-ozone/integration-test/target/test-dir/MiniOzoneClusterImpl-82593cca-502f-46a3-a597-4e713ce930c0/datanode-0/data-0/containers/hdds/82593cca-502f-46a3-a597-4e713ce930c0/current/containerDir0/4 to state UNHEALTHY from state:UNHEALTHY Trace:java.lang.Thread.getStackTrace(Thread.java:1559)
org.apache.hadoop.util.StringUtils.getStackTrace(StringUtils.java:1060)
org.apache.hadoop.ozone.container.keyvalue.KeyValueContainer.markContainerUnhealthy(KeyValueContainer.java:305)
org.apache.hadoop.ozone.client.rpc.TestOzoneRpcClientAbstract.testZReadKeyWithUnhealthyContainerReplica(TestOzoneRpcClientAbstract.java:1597)
sun.reflect.NativeMethodAccessorImpl.invoke0(Native Method)
sun.reflect.NativeMethodAccessorImpl.invoke(NativeMethodAccessorImpl.java:62)
sun.reflect.DelegatingMethodAccessorImpl.invoke(DelegatingMethodAccessorImpl.java:43)
java.lang.reflect.Method.invoke(Method.java:498)
org.junit.runners.model.FrameworkMethod$1.runReflectiveCall(FrameworkMethod.java:59)
org.junit.internal.runners.model.ReflectiveCallable.run(ReflectiveCallable.java:12)
org.junit.runners.model.FrameworkMethod.invokeExplosively(FrameworkMethod.java:56)
org.junit.internal.runners.statements.InvokeMethod.evaluate(InvokeMethod.java:17)
org.junit.internal.runners.statements.FailOnTimeout$CallableStatement.call(FailOnTimeout.java:288)
org.junit.internal.runners.statements.FailOnTimeout$CallableStatement.call(FailOnTimeout.java:282)
java.util.concurrent.FutureTask.run(FutureTask.java:266)
java.lang.Thread.run(Thread.java:748)

2022-02-12 06:45:18,755 [Time-limited test] WARN  keyvalue.KeyValueContainer (KeyValueContainer.java:markContainerUnhealthy(303)) - Moving container /home/runner/work/ozone/ozone/hadoop-ozone/integration-test/target/test-dir/MiniOzoneClusterImpl-82593cca-502f-46a3-a597-4e713ce930c0/datanode-1/data-0/containers/hdds/82593cca-502f-46a3-a597-4e713ce930c0/current/containerDir0/4 to state UNHEALTHY from state:UNHEALTHY Trace:java.lang.Thread.getStackTrace(Thread.java:1559)
org.apache.hadoop.util.StringUtils.getStackTrace(StringUtils.java:1060)
org.apache.hadoop.ozone.container.keyvalue.KeyValueContainer.markContainerUnhealthy(KeyValueContainer.java:305)
org.apache.hadoop.ozone.client.rpc.TestOzoneRpcClientAbstract.testZReadKeyWithUnhealthyContainerReplica(TestOzoneRpcClientAbstract.java:1597)
sun.reflect.NativeMethodAccessorImpl.invoke0(Native Method)
sun.reflect.NativeMethodAccessorImpl.invoke(NativeMethodAccessorImpl.java:62)
sun.reflect.DelegatingMethodAccessorImpl.invoke(DelegatingMethodAccessorImpl.java:43)
java.lang.reflect.Method.invoke(Method.java:498)
org.junit.runners.model.FrameworkMethod$1.runReflectiveCall(FrameworkMethod.java:59)
org.junit.internal.runners.model.ReflectiveCallable.run(ReflectiveCallable.java:12)
org.junit.runners.model.FrameworkMethod.invokeExplosively(FrameworkMethod.java:56)
org.junit.internal.runners.statements.InvokeMethod.evaluate(InvokeMethod.java:17)
org.junit.internal.runners.statements.FailOnTimeout$CallableStatement.call(FailOnTimeout.java:288)
org.junit.internal.runners.statements.FailOnTimeout$CallableStatement.call(FailOnTimeout.java:282)
java.util.concurrent.FutureTask.run(FutureTask.java:266)
java.lang.Thread.run(Thread.java:748)

2022-02-12 06:45:18,758 [Time-limited test] WARN  keyvalue.KeyValueContainer (KeyValueContainer.java:markContainerUnhealthy(303)) - Moving container /home/runner/work/ozone/ozone/hadoop-ozone/integration-test/target/test-dir/MiniOzoneClusterImpl-82593cca-502f-46a3-a597-4e713ce930c0/datanode-2/data-0/containers/hdds/82593cca-502f-46a3-a597-4e713ce930c0/current/containerDir0/4 to state UNHEALTHY from state:UNHEALTHY Trace:java.lang.Thread.getStackTrace(Thread.java:1559)
org.apache.hadoop.util.StringUtils.getStackTrace(StringUtils.java:1060)
org.apache.hadoop.ozone.container.keyvalue.KeyValueContainer.markContainerUnhealthy(KeyValueContainer.java:305)
org.apache.hadoop.ozone.client.rpc.TestOzoneRpcClientAbstract.testZReadKeyWithUnhealthyContainerReplica(TestOzoneRpcClientAbstract.java:1597)
sun.reflect.NativeMethodAccessorImpl.invoke0(Native Method)
sun.reflect.NativeMethodAccessorImpl.invoke(NativeMethodAccessorImpl.java:62)
sun.reflect.DelegatingMethodAccessorImpl.invoke(DelegatingMethodAccessorImpl.java:43)
java.lang.reflect.Method.invoke(Method.java:498)
org.junit.runners.model.FrameworkMethod$1.runReflectiveCall(FrameworkMethod.java:59)
org.junit.internal.runners.model.ReflectiveCallable.run(ReflectiveCallable.java:12)
org.junit.runners.model.FrameworkMethod.invokeExplosively(FrameworkMethod.java:56)
org.junit.internal.runners.statements.InvokeMethod.evaluate(InvokeMethod.java:17)
org.junit.internal.runners.statements.FailOnTimeout$CallableStatement.call(FailOnTimeout.java:288)
org.junit.internal.runners.statements.FailOnTimeout$CallableStatement.call(FailOnTimeout.java:282)
java.util.concurrent.FutureTask.run(FutureTask.java:266)
java.lang.Thread.run(Thread.java:748)

2022-02-12 06:45:23,764 [Time-limited test] INFO  ozoneimpl.OzoneContainer (OzoneContainer.java:stop(336)) - Attempting to stop container services.
2022-02-12 06:45:23,764 [Time-limited test] INFO  server.RaftServer (RaftServerProxy.java:lambda$close$6(391)) - fbc88013-4e58-4ce2-8f92-86967c0fe77f: close
2022-02-12 06:45:23,765 [Time-limited test] INFO  server.RaftServer$Division (RaftServerImpl.java:lambda$close$4(412)) - fbc88013-4e58-4ce2-8f92-86967c0fe77f@group-121F44CFAE00: shutdown
2022-02-12 06:45:23,765 [Time-limited test] INFO  util.JmxRegister (JmxRegister.java:unregister(73)) - Successfully un-registered JMX Bean with object name Ratis:service=RaftServer,group=group-121F44CFAE00,id=fbc88013-4e58-4ce2-8f92-86967c0fe77f
2022-02-12 06:45:23,765 [Time-limited test] INFO  impl.RoleInfo (RoleInfo.java:shutdownLeaderState(91)) - fbc88013-4e58-4ce2-8f92-86967c0fe77f: shutdown fbc88013-4e58-4ce2-8f92-86967c0fe77f@group-121F44CFAE00-LeaderStateImpl
2022-02-12 06:45:23,765 [Time-limited test] INFO  impl.PendingRequests (PendingRequests.java:sendNotLeaderResponses(282)) - fbc88013-4e58-4ce2-8f92-86967c0fe77f@group-121F44CFAE00-PendingRequests: sendNotLeaderResponses
2022-02-12 06:45:23,770 [fbc88013-4e58-4ce2-8f92-86967c0fe77f@group-121F44CFAE00-StateMachineUpdater] INFO  ratis.ContainerStateMachine (ContainerStateMachine.java:takeSnapshot(299)) - group-121F44CFAE00: Taking a snapshot at:(t:1, i:252) file /home/runner/work/ozone/ozone/hadoop-ozone/integration-test/target/test-dir/MiniOzoneClusterImpl-82593cca-502f-46a3-a597-4e713ce930c0/datanode-0/data/ratis/dc9c6eaf-5f19-4c16-aa47-121f44cfae00/sm/snapshot.1_252
2022-02-12 06:45:23,770 [Time-limited test] INFO  impl.StateMachineUpdater (StateMachineUpdater.java:stopAndJoin(149)) - fbc88013-4e58-4ce2-8f92-86967c0fe77f@group-121F44CFAE00-StateMachineUpdater: set stopIndex = 252
2022-02-12 06:45:23,790 [fbc88013-4e58-4ce2-8f92-86967c0fe77f@group-121F44CFAE00-StateMachineUpdater] INFO  ratis.ContainerStateMachine (ContainerStateMachine.java:takeSnapshot(310)) - group-121F44CFAE00: Finished taking a snapshot at:(t:1, i:252) file:/home/runner/work/ozone/ozone/hadoop-ozone/integration-test/target/test-dir/MiniOzoneClusterImpl-82593cca-502f-46a3-a597-4e713ce930c0/datanode-0/data/ratis/dc9c6eaf-5f19-4c16-aa47-121f44cfae00/sm/snapshot.1_252 took: 20 ms
2022-02-12 06:45:23,792 [fbc88013-4e58-4ce2-8f92-86967c0fe77f@group-121F44CFAE00-StateMachineUpdater] INFO  impl.StateMachineUpdater (StateMachineUpdater.java:takeSnapshot(281)) - fbc88013-4e58-4ce2-8f92-86967c0fe77f@group-121F44CFAE00-StateMachineUpdater: Took a snapshot at index 252
2022-02-12 06:45:23,792 [fbc88013-4e58-4ce2-8f92-86967c0fe77f@group-121F44CFAE00-StateMachineUpdater] INFO  impl.StateMachineUpdater (StateMachineUpdater.java:lambda$new$0(89)) - fbc88013-4e58-4ce2-8f92-86967c0fe77f@group-121F44CFAE00-StateMachineUpdater: snapshotIndex: updateIncreasingly -1 -> 252
2022-02-12 06:45:23,796 [Time-limited test] INFO  server.RaftServer$Division (ServerState.java:close(419)) - fbc88013-4e58-4ce2-8f92-86967c0fe77f@group-121F44CFAE00: closes. applyIndex: 252
2022-02-12 06:45:23,797 [fbc88013-4e58-4ce2-8f92-86967c0fe77f@group-121F44CFAE00-SegmentedRaftLogWorker] INFO  segmented.SegmentedRaftLogWorker (SegmentedRaftLogWorker.java:run(327)) - fbc88013-4e58-4ce2-8f92-86967c0fe77f@group-121F44CFAE00-SegmentedRaftLogWorker was interrupted, exiting. There are 0 tasks remaining in the queue.
2022-02-12 06:45:23,797 [Time-limited test] INFO  segmented.SegmentedRaftLogWorker (SegmentedRaftLogWorker.java:close(237)) - fbc88013-4e58-4ce2-8f92-86967c0fe77f@group-121F44CFAE00-SegmentedRaftLogWorker close()
2022-02-12 06:45:23,799 [Time-limited test] INFO  server.RaftServer$Division (RaftServerImpl.java:lambda$close$4(412)) - fbc88013-4e58-4ce2-8f92-86967c0fe77f@group-AD6F77E61740: shutdown
2022-02-12 06:45:23,799 [Time-limited test] INFO  util.JmxRegister (JmxRegister.java:unregister(73)) - Successfully un-registered JMX Bean with object name Ratis:service=RaftServer,group=group-AD6F77E61740,id=fbc88013-4e58-4ce2-8f92-86967c0fe77f
2022-02-12 06:45:23,800 [Time-limited test] INFO  impl.RoleInfo (RoleInfo.java:shutdownFollowerState(108)) - fbc88013-4e58-4ce2-8f92-86967c0fe77f: shutdown fbc88013-4e58-4ce2-8f92-86967c0fe77f@group-AD6F77E61740-FollowerState
2022-02-12 06:45:23,800 [fbc88013-4e58-4ce2-8f92-86967c0fe77f@group-AD6F77E61740-FollowerState] INFO  impl.FollowerState (FollowerState.java:run(143)) - fbc88013-4e58-4ce2-8f92-86967c0fe77f@group-AD6F77E61740-FollowerState was interrupted: {}
java.lang.InterruptedException: sleep interrupted
	at java.lang.Thread.sleep(Native Method)
	at java.lang.Thread.sleep(Thread.java:340)
	at java.util.concurrent.TimeUnit.sleep(TimeUnit.java:386)
	at org.apache.ratis.util.TimeDuration.sleep(TimeDuration.java:324)
	at org.apache.ratis.util.TimeDuration.sleep(TimeDuration.java:309)
	at org.apache.ratis.server.impl.FollowerState.run(FollowerState.java:118)
2022-02-12 06:45:23,801 [Time-limited test] INFO  impl.StateMachineUpdater (StateMachineUpdater.java:stopAndJoin(149)) - fbc88013-4e58-4ce2-8f92-86967c0fe77f@group-AD6F77E61740-StateMachineUpdater: set stopIndex = 496
2022-02-12 06:45:23,802 [fbc88013-4e58-4ce2-8f92-86967c0fe77f@group-AD6F77E61740-StateMachineUpdater] INFO  ratis.ContainerStateMachine (ContainerStateMachine.java:takeSnapshot(299)) - group-AD6F77E61740: Taking a snapshot at:(t:4, i:496) file /home/runner/work/ozone/ozone/hadoop-ozone/integration-test/target/test-dir/MiniOzoneClusterImpl-82593cca-502f-46a3-a597-4e713ce930c0/datanode-0/data/ratis/6d9ef404-b106-488a-b221-ad6f77e61740/sm/snapshot.4_496
2022-02-12 06:45:23,804 [fbc88013-4e58-4ce2-8f92-86967c0fe77f@group-AD6F77E61740-StateMachineUpdater] INFO  ratis.ContainerStateMachine (ContainerStateMachine.java:takeSnapshot(310)) - group-AD6F77E61740: Finished taking a snapshot at:(t:4, i:496) file:/home/runner/work/ozone/ozone/hadoop-ozone/integration-test/target/test-dir/MiniOzoneClusterImpl-82593cca-502f-46a3-a597-4e713ce930c0/datanode-0/data/ratis/6d9ef404-b106-488a-b221-ad6f77e61740/sm/snapshot.4_496 took: 2 ms
2022-02-12 06:45:23,804 [fbc88013-4e58-4ce2-8f92-86967c0fe77f@group-AD6F77E61740-StateMachineUpdater] INFO  impl.StateMachineUpdater (StateMachineUpdater.java:takeSnapshot(281)) - fbc88013-4e58-4ce2-8f92-86967c0fe77f@group-AD6F77E61740-StateMachineUpdater: Took a snapshot at index 496
2022-02-12 06:45:23,804 [fbc88013-4e58-4ce2-8f92-86967c0fe77f@group-AD6F77E61740-StateMachineUpdater] INFO  impl.StateMachineUpdater (StateMachineUpdater.java:lambda$new$0(89)) - fbc88013-4e58-4ce2-8f92-86967c0fe77f@group-AD6F77E61740-StateMachineUpdater: snapshotIndex: updateIncreasingly -1 -> 496
2022-02-12 06:45:23,805 [Time-limited test] INFO  server.RaftServer$Division (ServerState.java:close(419)) - fbc88013-4e58-4ce2-8f92-86967c0fe77f@group-AD6F77E61740: closes. applyIndex: 496
2022-02-12 06:45:23,806 [fbc88013-4e58-4ce2-8f92-86967c0fe77f@group-AD6F77E61740-SegmentedRaftLogWorker] INFO  segmented.SegmentedRaftLogWorker (SegmentedRaftLogWorker.java:run(327)) - fbc88013-4e58-4ce2-8f92-86967c0fe77f@group-AD6F77E61740-SegmentedRaftLogWorker was interrupted, exiting. There are 0 tasks remaining in the queue.
2022-02-12 06:45:23,806 [Time-limited test] INFO  segmented.SegmentedRaftLogWorker (SegmentedRaftLogWorker.java:close(237)) - fbc88013-4e58-4ce2-8f92-86967c0fe77f@group-AD6F77E61740-SegmentedRaftLogWorker close()
2022-02-12 06:45:23,807 [Time-limited test] INFO  server.RaftServer$Division (RaftServerImpl.java:lambda$close$4(412)) - fbc88013-4e58-4ce2-8f92-86967c0fe77f@group-EDBCDB998DC6: shutdown
2022-02-12 06:45:23,807 [Time-limited test] INFO  util.JmxRegister (JmxRegister.java:unregister(73)) - Successfully un-registered JMX Bean with object name Ratis:service=RaftServer,group=group-EDBCDB998DC6,id=fbc88013-4e58-4ce2-8f92-86967c0fe77f
2022-02-12 06:45:23,808 [Time-limited test] INFO  impl.RoleInfo (RoleInfo.java:shutdownLeaderState(91)) - fbc88013-4e58-4ce2-8f92-86967c0fe77f: shutdown fbc88013-4e58-4ce2-8f92-86967c0fe77f@group-EDBCDB998DC6-LeaderStateImpl
2022-02-12 06:45:23,808 [Time-limited test] INFO  impl.PendingRequests (PendingRequests.java:sendNotLeaderResponses(282)) - fbc88013-4e58-4ce2-8f92-86967c0fe77f@group-EDBCDB998DC6-PendingRequests: sendNotLeaderResponses
2022-02-12 06:45:23,809 [fbc88013-4e58-4ce2-8f92-86967c0fe77f@group-EDBCDB998DC6->2db57d0a-e0a4-4c64-8073-50a45d71dc35-GrpcLogAppender-LogAppenderDaemon] WARN  server.GrpcLogAppender (GrpcLogAppender.java:mayWait(177)) - fbc88013-4e58-4ce2-8f92-86967c0fe77f@group-EDBCDB998DC6->2db57d0a-e0a4-4c64-8073-50a45d71dc35-GrpcLogAppender: Wait interrupted by java.lang.InterruptedException
2022-02-12 06:45:23,811 [grpc-default-executor-0] INFO  server.GrpcServerProtocolService (GrpcServerProtocolService.java:onCompleted(140)) - 2db57d0a-e0a4-4c64-8073-50a45d71dc35: Completed APPEND_ENTRIES, lastRequest: fbc88013-4e58-4ce2-8f92-86967c0fe77f->2db57d0a-e0a4-4c64-8073-50a45d71dc35#2417-t3,previous=(t:3, i:433),leaderCommit=432,initializing? true,entries: size=1, first=(t:3, i:434), METADATAENTRY(c:432)
2022-02-12 06:45:23,810 [fbc88013-4e58-4ce2-8f92-86967c0fe77f@group-EDBCDB998DC6->6b353d4f-0834-494e-9b42-b1853adf5598-GrpcLogAppender-LogAppenderDaemon] WARN  server.GrpcLogAppender (GrpcLogAppender.java:mayWait(177)) - fbc88013-4e58-4ce2-8f92-86967c0fe77f@group-EDBCDB998DC6->6b353d4f-0834-494e-9b42-b1853adf5598-GrpcLogAppender: Wait interrupted by java.lang.InterruptedException
2022-02-12 06:45:23,811 [grpc-default-executor-2] INFO  server.GrpcLogAppender (GrpcLogAppender.java:onCompleted(346)) - fbc88013-4e58-4ce2-8f92-86967c0fe77f@group-EDBCDB998DC6->2db57d0a-e0a4-4c64-8073-50a45d71dc35-AppendLogResponseHandler: follower responses appendEntries COMPLETED
2022-02-12 06:45:23,817 [grpc-default-executor-0] INFO  server.GrpcServerProtocolService (GrpcServerProtocolService.java:onCompleted(140)) - 6b353d4f-0834-494e-9b42-b1853adf5598: Completed APPEND_ENTRIES, lastRequest: fbc88013-4e58-4ce2-8f92-86967c0fe77f->6b353d4f-0834-494e-9b42-b1853adf5598#2430-t3,previous=(t:3, i:433),leaderCommit=432,initializing? true,entries: size=1, first=(t:3, i:434), METADATAENTRY(c:432)
2022-02-12 06:45:23,817 [grpc-default-executor-3] INFO  server.GrpcLogAppender (GrpcLogAppender.java:onCompleted(346)) - fbc88013-4e58-4ce2-8f92-86967c0fe77f@group-EDBCDB998DC6->6b353d4f-0834-494e-9b42-b1853adf5598-AppendLogResponseHandler: follower responses appendEntries COMPLETED
2022-02-12 06:45:23,818 [grpc-default-executor-2] INFO  leader.FollowerInfo (FollowerInfoImpl.java:lambda$new$0(47)) - fbc88013-4e58-4ce2-8f92-86967c0fe77f@group-EDBCDB998DC6->2db57d0a-e0a4-4c64-8073-50a45d71dc35: nextIndex: updateUnconditionally 435 -> 434
2022-02-12 06:45:23,818 [grpc-default-executor-3] INFO  leader.FollowerInfo (FollowerInfoImpl.java:lambda$new$0(47)) - fbc88013-4e58-4ce2-8f92-86967c0fe77f@group-EDBCDB998DC6->6b353d4f-0834-494e-9b42-b1853adf5598: nextIndex: updateUnconditionally 435 -> 434
2022-02-12 06:45:23,819 [Time-limited test] INFO  impl.StateMachineUpdater (StateMachineUpdater.java:stopAndJoin(149)) - fbc88013-4e58-4ce2-8f92-86967c0fe77f@group-EDBCDB998DC6-StateMachineUpdater: set stopIndex = 434
2022-02-12 06:45:23,820 [fbc88013-4e58-4ce2-8f92-86967c0fe77f@group-EDBCDB998DC6-StateMachineUpdater] INFO  ratis.ContainerStateMachine (ContainerStateMachine.java:takeSnapshot(299)) - group-EDBCDB998DC6: Taking a snapshot at:(t:3, i:434) file /home/runner/work/ozone/ozone/hadoop-ozone/integration-test/target/test-dir/MiniOzoneClusterImpl-82593cca-502f-46a3-a597-4e713ce930c0/datanode-0/data/ratis/cc405141-49e9-43a6-8452-edbcdb998dc6/sm/snapshot.3_434
2022-02-12 06:45:23,821 [fbc88013-4e58-4ce2-8f92-86967c0fe77f@group-EDBCDB998DC6-StateMachineUpdater] INFO  ratis.ContainerStateMachine (ContainerStateMachine.java:takeSnapshot(310)) - group-EDBCDB998DC6: Finished taking a snapshot at:(t:3, i:434) file:/home/runner/work/ozone/ozone/hadoop-ozone/integration-test/target/test-dir/MiniOzoneClusterImpl-82593cca-502f-46a3-a597-4e713ce930c0/datanode-0/data/ratis/cc405141-49e9-43a6-8452-edbcdb998dc6/sm/snapshot.3_434 took: 1 ms
2022-02-12 06:45:23,822 [fbc88013-4e58-4ce2-8f92-86967c0fe77f@group-EDBCDB998DC6-StateMachineUpdater] INFO  impl.StateMachineUpdater (StateMachineUpdater.java:takeSnapshot(281)) - fbc88013-4e58-4ce2-8f92-86967c0fe77f@group-EDBCDB998DC6-StateMachineUpdater: Took a snapshot at index 434
2022-02-12 06:45:23,822 [fbc88013-4e58-4ce2-8f92-86967c0fe77f@group-EDBCDB998DC6-StateMachineUpdater] INFO  impl.StateMachineUpdater (StateMachineUpdater.java:lambda$new$0(89)) - fbc88013-4e58-4ce2-8f92-86967c0fe77f@group-EDBCDB998DC6-StateMachineUpdater: snapshotIndex: updateIncreasingly -1 -> 434
2022-02-12 06:45:23,822 [Time-limited test] INFO  server.RaftServer$Division (ServerState.java:close(419)) - fbc88013-4e58-4ce2-8f92-86967c0fe77f@group-EDBCDB998DC6: closes. applyIndex: 434
2022-02-12 06:45:23,823 [fbc88013-4e58-4ce2-8f92-86967c0fe77f@group-EDBCDB998DC6-SegmentedRaftLogWorker] INFO  segmented.SegmentedRaftLogWorker (SegmentedRaftLogWorker.java:run(327)) - fbc88013-4e58-4ce2-8f92-86967c0fe77f@group-EDBCDB998DC6-SegmentedRaftLogWorker was interrupted, exiting. There are 0 tasks remaining in the queue.
2022-02-12 06:45:23,823 [Time-limited test] INFO  segmented.SegmentedRaftLogWorker (SegmentedRaftLogWorker.java:close(237)) - fbc88013-4e58-4ce2-8f92-86967c0fe77f@group-EDBCDB998DC6-SegmentedRaftLogWorker close()
2022-02-12 06:45:23,825 [Time-limited test] INFO  server.GrpcService (GrpcService.java:closeImpl(262)) - fbc88013-4e58-4ce2-8f92-86967c0fe77f: shutdown server with port 45123 now
2022-02-12 06:45:23,838 [grpc-default-executor-0] WARN  client.GrpcClientProtocolService (LogUtils.java:warn(122)) - 2-UnorderedRequestStreamObserver2: onError: org.apache.ratis.thirdparty.io.grpc.StatusRuntimeException: CANCELLED: client cancelled
2022-02-12 06:45:23,838 [grpc-default-executor-1] WARN  server.GrpcServerProtocolService (LogUtils.java:warn(122)) - fbc88013-4e58-4ce2-8f92-86967c0fe77f: installSnapshot onError, lastRequest: 6b353d4f-0834-494e-9b42-b1853adf5598->fbc88013-4e58-4ce2-8f92-86967c0fe77f#2293-t4,previous=(t:4, i:495),leaderCommit=494,initializing? true,entries: size=1, first=(t:4, i:496), METADATAENTRY(c:494): org.apache.ratis.thirdparty.io.grpc.StatusRuntimeException: CANCELLED: client cancelled
2022-02-12 06:45:23,844 [grpc-default-executor-1] WARN  server.GrpcLogAppender (LogUtils.java:warn(122)) - 6b353d4f-0834-494e-9b42-b1853adf5598@group-AD6F77E61740->fbc88013-4e58-4ce2-8f92-86967c0fe77f-AppendLogResponseHandler: Failed appendEntries: org.apache.ratis.thirdparty.io.grpc.StatusRuntimeException: CANCELLED: HTTP/2 error code: CANCEL
Received Rst Stream
2022-02-12 06:45:23,845 [grpc-default-executor-1] INFO  leader.FollowerInfo (FollowerInfoImpl.java:lambda$new$0(47)) - 6b353d4f-0834-494e-9b42-b1853adf5598@group-AD6F77E61740->fbc88013-4e58-4ce2-8f92-86967c0fe77f: nextIndex: updateUnconditionally 497 -> 496
2022-02-12 06:45:23,848 [Time-limited test] INFO  server.GrpcService (GrpcService.java:closeImpl(271)) - fbc88013-4e58-4ce2-8f92-86967c0fe77f: shutdown server with port 45123 successfully
2022-02-12 06:45:23,850 [org.apache.ratis.util.JvmPauseMonitor$$Lambda$422/823775087@2a4072ce] INFO  util.JvmPauseMonitor (JvmPauseMonitor.java:run(109)) - JvmPauseMonitor-fbc88013-4e58-4ce2-8f92-86967c0fe77f: Stopped
2022-02-12 06:45:23,862 [grpc-default-executor-5] WARN  server.GrpcLogAppender (LogUtils.java:warn(122)) - 6b353d4f-0834-494e-9b42-b1853adf5598@group-AD6F77E61740->fbc88013-4e58-4ce2-8f92-86967c0fe77f-AppendLogResponseHandler: Failed appendEntries: org.apache.ratis.thirdparty.io.grpc.StatusRuntimeException: UNAVAILABLE: io exception
2022-02-12 06:45:23,863 [grpc-default-executor-5] INFO  leader.FollowerInfo (FollowerInfoImpl.java:lambda$new$0(47)) - 6b353d4f-0834-494e-9b42-b1853adf5598@group-AD6F77E61740->fbc88013-4e58-4ce2-8f92-86967c0fe77f: nextIndex: updateUnconditionally 497 -> 496
2022-02-12 06:45:25,886 [Time-limited test] INFO  utils.BackgroundService (BackgroundService.java:shutdown(132)) - Shutting down service BlockDeletingService
2022-02-12 06:45:26,351 [grpc-default-executor-5] WARN  server.GrpcLogAppender (LogUtils.java:warn(122)) - 6b353d4f-0834-494e-9b42-b1853adf5598@group-AD6F77E61740->fbc88013-4e58-4ce2-8f92-86967c0fe77f-AppendLogResponseHandler: Failed appendEntries: org.apache.ratis.thirdparty.io.grpc.StatusRuntimeException: UNAVAILABLE: io exception
2022-02-12 06:45:26,351 [grpc-default-executor-5] INFO  leader.FollowerInfo (FollowerInfoImpl.java:lambda$new$0(47)) - 6b353d4f-0834-494e-9b42-b1853adf5598@group-AD6F77E61740->fbc88013-4e58-4ce2-8f92-86967c0fe77f: nextIndex: updateUnconditionally 497 -> 496
2022-02-12 06:45:28,244 [EventQueue-StaleNodeForStaleNodeHandler] INFO  node.StaleNodeHandler (StaleNodeHandler.java:onMessage(58)) - Datanode fbc88013-4e58-4ce2-8f92-86967c0fe77f{ip: 10.1.0.21, host: fv-az59-317.csjynl4pkq3e1pkirw3ssqjfoh.cx.internal.cloudapp.net, ports: [REPLICATION=33825, RATIS=45123, RATIS_ADMIN=45123, RATIS_SERVER=45123, STANDALONE=38911], networkLocation: /default-rack, certSerialId: null, persistedOpState: IN_SERVICE, persistedOpStateExpiryEpochSec: 0} moved to stale state. Finalizing its pipelines [PipelineID=dc9c6eaf-5f19-4c16-aa47-121f44cfae00, PipelineID=6d9ef404-b106-488a-b221-ad6f77e61740, PipelineID=cc405141-49e9-43a6-8452-edbcdb998dc6]
2022-02-12 06:45:28,255 [EventQueue-StaleNodeForStaleNodeHandler] INFO  pipeline.PipelineManagerImpl (PipelineManagerImpl.java:closeContainersForPipeline(344)) - Container #3 closed for pipeline=PipelineID=dc9c6eaf-5f19-4c16-aa47-121f44cfae00
2022-02-12 06:45:28,258 [EventQueue-StaleNodeForStaleNodeHandler] INFO  pipeline.PipelineManagerImpl (PipelineManagerImpl.java:closePipeline(365)) - Pipeline Pipeline[ Id: dc9c6eaf-5f19-4c16-aa47-121f44cfae00, Nodes: fbc88013-4e58-4ce2-8f92-86967c0fe77f{ip: 10.1.0.21, host: fv-az59-317.csjynl4pkq3e1pkirw3ssqjfoh.cx.internal.cloudapp.net, ports: [REPLICATION=33825, RATIS=45123, RATIS_ADMIN=45123, RATIS_SERVER=45123, STANDALONE=38911], networkLocation: /default-rack, certSerialId: null, persistedOpState: IN_SERVICE, persistedOpStateExpiryEpochSec: 0}, ReplicationConfig: RATIS/ONE, State:OPEN, leaderId:fbc88013-4e58-4ce2-8f92-86967c0fe77f, CreationTimestamp2022-02-12T06:44:37.900Z[Etc/UTC]] moved to CLOSED state
2022-02-12 06:45:28,259 [EventQueue-CloseContainerForCloseContainerEventHandler] INFO  container.CloseContainerEventHandler (CloseContainerEventHandler.java:onMessage(69)) - Close container Event triggered for container : #3
2022-02-12 06:45:28,261 [EventQueue-StaleNodeForStaleNodeHandler] INFO  pipeline.PipelineManagerImpl (PipelineManagerImpl.java:closeContainersForPipeline(344)) - Container #5 closed for pipeline=PipelineID=6d9ef404-b106-488a-b221-ad6f77e61740
2022-02-12 06:45:28,271 [EventQueue-StaleNodeForStaleNodeHandler] INFO  pipeline.PipelineManagerImpl (PipelineManagerImpl.java:closePipeline(365)) - Pipeline Pipeline[ Id: 6d9ef404-b106-488a-b221-ad6f77e61740, Nodes: 2db57d0a-e0a4-4c64-8073-50a45d71dc35{ip: 10.1.0.21, host: fv-az59-317.csjynl4pkq3e1pkirw3ssqjfoh.cx.internal.cloudapp.net, ports: [REPLICATION=33371, RATIS=37195, RATIS_ADMIN=37195, RATIS_SERVER=37195, STANDALONE=34803], networkLocation: /default-rack, certSerialId: null, persistedOpState: IN_SERVICE, persistedOpStateExpiryEpochSec: 0}6b353d4f-0834-494e-9b42-b1853adf5598{ip: 10.1.0.21, host: fv-az59-317.csjynl4pkq3e1pkirw3ssqjfoh.cx.internal.cloudapp.net, ports: [REPLICATION=46087, RATIS=46567, RATIS_ADMIN=46567, RATIS_SERVER=46567, STANDALONE=35525], networkLocation: /default-rack, certSerialId: null, persistedOpState: IN_SERVICE, persistedOpStateExpiryEpochSec: 0}fbc88013-4e58-4ce2-8f92-86967c0fe77f{ip: 10.1.0.21, host: fv-az59-317.csjynl4pkq3e1pkirw3ssqjfoh.cx.internal.cloudapp.net, ports: [REPLICATION=33825, RATIS=45123, RATIS_ADMIN=45123, RATIS_SERVER=45123, STANDALONE=38911], networkLocation: /default-rack, certSerialId: null, persistedOpState: IN_SERVICE, persistedOpStateExpiryEpochSec: 0}, ReplicationConfig: RATIS/THREE, State:OPEN, leaderId:6b353d4f-0834-494e-9b42-b1853adf5598, CreationTimestamp2022-02-12T06:44:38.360Z[Etc/UTC]] moved to CLOSED state
2022-02-12 06:45:28,272 [EventQueue-StaleNodeForStaleNodeHandler] INFO  pipeline.PipelineManagerImpl (PipelineManagerImpl.java:closeContainersForPipeline(344)) - Container #4 closed for pipeline=PipelineID=cc405141-49e9-43a6-8452-edbcdb998dc6
2022-02-12 06:45:28,273 [EventQueue-StaleNodeForStaleNodeHandler] INFO  pipeline.PipelineManagerImpl (PipelineManagerImpl.java:closePipeline(365)) - Pipeline Pipeline[ Id: cc405141-49e9-43a6-8452-edbcdb998dc6, Nodes: 6b353d4f-0834-494e-9b42-b1853adf5598{ip: 10.1.0.21, host: fv-az59-317.csjynl4pkq3e1pkirw3ssqjfoh.cx.internal.cloudapp.net, ports: [REPLICATION=46087, RATIS=46567, RATIS_ADMIN=46567, RATIS_SERVER=46567, STANDALONE=35525], networkLocation: /default-rack, certSerialId: null, persistedOpState: IN_SERVICE, persistedOpStateExpiryEpochSec: 0}fbc88013-4e58-4ce2-8f92-86967c0fe77f{ip: 10.1.0.21, host: fv-az59-317.csjynl4pkq3e1pkirw3ssqjfoh.cx.internal.cloudapp.net, ports: [REPLICATION=33825, RATIS=45123, RATIS_ADMIN=45123, RATIS_SERVER=45123, STANDALONE=38911], networkLocation: /default-rack, certSerialId: null, persistedOpState: IN_SERVICE, persistedOpStateExpiryEpochSec: 0}2db57d0a-e0a4-4c64-8073-50a45d71dc35{ip: 10.1.0.21, host: fv-az59-317.csjynl4pkq3e1pkirw3ssqjfoh.cx.internal.cloudapp.net, ports: [REPLICATION=33371, RATIS=37195, RATIS_ADMIN=37195, RATIS_SERVER=37195, STANDALONE=34803], networkLocation: /default-rack, certSerialId: null, persistedOpState: IN_SERVICE, persistedOpStateExpiryEpochSec: 0}, ReplicationConfig: RATIS/THREE, State:OPEN, leaderId:fbc88013-4e58-4ce2-8f92-86967c0fe77f, CreationTimestamp2022-02-12T06:44:38.368Z[Etc/UTC]] moved to CLOSED state
2022-02-12 06:45:28,276 [EventQueue-CloseContainerForCloseContainerEventHandler] INFO  container.CloseContainerEventHandler (CloseContainerEventHandler.java:onMessage(69)) - Close container Event triggered for container : #5
2022-02-12 06:45:28,277 [EventQueue-CloseContainerForCloseContainerEventHandler] INFO  container.CloseContainerEventHandler (CloseContainerEventHandler.java:onMessage(69)) - Close container Event triggered for container : #4
2022-02-12 06:45:28,851 [grpc-default-executor-5] WARN  server.GrpcLogAppender (LogUtils.java:warn(122)) - 6b353d4f-0834-494e-9b42-b1853adf5598@group-AD6F77E61740->fbc88013-4e58-4ce2-8f92-86967c0fe77f-AppendLogResponseHandler: Failed appendEntries: org.apache.ratis.thirdparty.io.grpc.StatusRuntimeException: UNAVAILABLE: io exception
2022-02-12 06:45:28,853 [grpc-default-executor-5] INFO  leader.FollowerInfo (FollowerInfoImpl.java:lambda$new$0(47)) - 6b353d4f-0834-494e-9b42-b1853adf5598@group-AD6F77E61740->fbc88013-4e58-4ce2-8f92-86967c0fe77f: nextIndex: updateUnconditionally 497 -> 496
2022-02-12 06:45:28,894 [Time-limited test] INFO  statemachine.DatanodeStateMachine (DatanodeStateMachine.java:stopDaemon(529)) - Ozone container server stopped.
2022-02-12 06:45:28,901 [Time-limited test] INFO  handler.ContextHandler (ContextHandler.java:doStop(1153)) - Stopped o.e.j.w.WebAppContext@4377e40a{hddsDatanode,/,null,STOPPED}{jar:file:/home/runner/.m2/repository/org/apache/ozone/hdds-container-service/1.3.0-SNAPSHOT/hdds-container-service-1.3.0-SNAPSHOT.jar!/webapps/hddsDatanode}
2022-02-12 06:45:28,906 [Time-limited test] INFO  server.AbstractConnector (AbstractConnector.java:doStop(381)) - Stopped ServerConnector@a739cd9{HTTP/1.1, (http/1.1)}{0.0.0.0:0}
2022-02-12 06:45:28,906 [Time-limited test] INFO  server.session (HouseKeeper.java:stopScavenging(149)) - node0 Stopped scavenging
2022-02-12 06:45:28,908 [Time-limited test] INFO  handler.ContextHandler (ContextHandler.java:doStop(1153)) - Stopped o.e.j.s.ServletContextHandler@7e8e2fc7{static,/static,jar:file:/home/runner/.m2/repository/org/apache/ozone/hdds-container-service/1.3.0-SNAPSHOT/hdds-container-service-1.3.0-SNAPSHOT.jar!/webapps/static,STOPPED}
2022-02-12 06:45:28,909 [Time-limited test] INFO  handler.ContextHandler (ContextHandler.java:doStop(1153)) - Stopped o.e.j.s.ServletContextHandler@57f60b5e{logs,/logs,file:///home/runner/work/ozone/ozone/hadoop-ozone/integration-test/target/log,STOPPED}
2022-02-12 06:45:28,920 [Time-limited test] WARN  impl.MetricRegistriesImpl (MetricRegistriesImpl.java:addReporterRegistration(111)) - New reporters are added after registries were created. Some metrics will be missing from the reporter. Please add reporter before adding any new registry.
2022-02-12 06:45:28,921 [Time-limited test] WARN  impl.MetricRegistriesImpl (MetricRegistriesImpl.java:addReporterRegistration(111)) - New reporters are added after registries were created. Some metrics will be missing from the reporter. Please add reporter before adding any new registry.
2022-02-12 06:45:28,921 [Time-limited test] INFO  impl.MetricsSystemImpl (MetricsSystemImpl.java:init(158)) - HddsDatanode metrics system started (again)
2022-02-12 06:45:28,976 [Time-limited test] INFO  ozone.HddsDatanodeService (HddsDatanodeService.java:start(234)) - HddsDatanodeService host:fv-az59-317.csjynl4pkq3e1pkirw3ssqjfoh.cx.internal.cloudapp.net ip:10.1.0.21
2022-02-12 06:45:29,007 [Time-limited test] INFO  upgrade.AbstractLayoutVersionManager (AbstractLayoutVersionManager.java:init(79)) - Initializing Layout version manager with metadata layout = SCM_HA (version = 2), software layout = SCM_HA (version = 2)
2022-02-12 06:45:29,088 [Time-limited test] INFO  reflections.Reflections (Reflections.java:scan(232)) - Reflections took 79 ms to scan 7 urls, producing 119 keys and 279 values 
2022-02-12 06:45:29,090 [Time-limited test] INFO  statemachine.DatanodeStateMachine (DatanodeStateMachine.java:getEndPointTaskThreadPoolSize(222)) - Datanode State Machine Task Thread Pool size 2
2022-02-12 06:45:29,096 [Time-limited test] INFO  volume.HddsVolume (HddsVolume.java:<init>(120)) - Creating HddsVolume: /home/runner/work/ozone/ozone/hadoop-ozone/integration-test/target/test-dir/MiniOzoneClusterImpl-82593cca-502f-46a3-a597-4e713ce930c0/datanode-0/data-0/containers/hdds of storage type : DISK capacity : 9223372036854775807
2022-02-12 06:45:29,097 [Time-limited test] INFO  volume.MutableVolumeSet (MutableVolumeSet.java:initializeVolumeSet(168)) - Added Volume : /home/runner/work/ozone/ozone/hadoop-ozone/integration-test/target/test-dir/MiniOzoneClusterImpl-82593cca-502f-46a3-a597-4e713ce930c0/datanode-0/data-0/containers/hdds to VolumeSet
2022-02-12 06:45:29,097 [Time-limited test] INFO  volume.ThrottledAsyncChecker (ThrottledAsyncChecker.java:schedule(141)) - Scheduling a check for /home/runner/work/ozone/ozone/hadoop-ozone/integration-test/target/test-dir/MiniOzoneClusterImpl-82593cca-502f-46a3-a597-4e713ce930c0/datanode-0/data-0/containers/hdds
2022-02-12 06:45:29,103 [Time-limited test] INFO  volume.StorageVolumeChecker (StorageVolumeChecker.java:checkAllVolumes(202)) - Scheduled health check for volume /home/runner/work/ozone/ozone/hadoop-ozone/integration-test/target/test-dir/MiniOzoneClusterImpl-82593cca-502f-46a3-a597-4e713ce930c0/datanode-0/data-0/containers/hdds
2022-02-12 06:45:29,146 [Time-limited test] INFO  volume.MutableVolumeSet (MutableVolumeSet.java:initializeVolumeSet(168)) - Added Volume : /home/runner/work/ozone/ozone/hadoop-ozone/integration-test/target/test-dir/MiniOzoneClusterImpl-82593cca-502f-46a3-a597-4e713ce930c0/datanode-0/data/ratis to VolumeSet
2022-02-12 06:45:29,146 [Time-limited test] INFO  volume.ThrottledAsyncChecker (ThrottledAsyncChecker.java:schedule(141)) - Scheduling a check for /home/runner/work/ozone/ozone/hadoop-ozone/integration-test/target/test-dir/MiniOzoneClusterImpl-82593cca-502f-46a3-a597-4e713ce930c0/datanode-0/data/ratis
2022-02-12 06:45:29,146 [Time-limited test] INFO  volume.StorageVolumeChecker (StorageVolumeChecker.java:checkAllVolumes(202)) - Scheduled health check for volume /home/runner/work/ozone/ozone/hadoop-ozone/integration-test/target/test-dir/MiniOzoneClusterImpl-82593cca-502f-46a3-a597-4e713ce930c0/datanode-0/data/ratis
2022-02-12 06:45:29,182 [Thread-3281] INFO  ozoneimpl.ContainerReader (ContainerReader.java:readVolume(142)) - Start to verify containers on volume /home/runner/work/ozone/ozone/hadoop-ozone/integration-test/target/test-dir/MiniOzoneClusterImpl-82593cca-502f-46a3-a597-4e713ce930c0/datanode-0/data-0/containers/hdds
2022-02-12 06:45:29,277 [Thread-3281] INFO  ozoneimpl.ContainerReader (ContainerReader.java:readVolume(172)) - Finish verifying containers on volume /home/runner/work/ozone/ozone/hadoop-ozone/integration-test/target/test-dir/MiniOzoneClusterImpl-82593cca-502f-46a3-a597-4e713ce930c0/datanode-0/data-0/containers/hdds
2022-02-12 06:45:29,278 [Time-limited test] INFO  ozoneimpl.OzoneContainer (OzoneContainer.java:buildContainerSet(237)) - Build ContainerSet costs 0s
2022-02-12 06:45:29,281 [Time-limited test] INFO  server.RaftServer (ConfUtils.java:logGet(44)) - raft.rpc.type = GRPC (default)
2022-02-12 06:45:29,281 [Time-limited test] INFO  grpc.GrpcFactory (GrpcFactory.java:checkPooledByteBufAllocatorUseCacheForAllThreads(48)) - PERFORMANCE WARNING: useCacheForAllThreads is true that may cause Netty to create a lot garbage objects and, as a result, trigger GC.
	It is recommended to disable useCacheForAllThreads by setting -Dorg.apache.ratis.thirdparty.io.netty.allocator.useCacheForAllThreads=false in command line.
2022-02-12 06:45:29,281 [Time-limited test] INFO  grpc.GrpcConfigKeys (ConfUtils.java:logGet(44)) - raft.grpc.admin.port = 45123 (custom)
2022-02-12 06:45:29,281 [Time-limited test] INFO  grpc.GrpcConfigKeys (ConfUtils.java:logGet(44)) - raft.grpc.client.port = 45123 (custom)
2022-02-12 06:45:29,281 [Time-limited test] INFO  grpc.GrpcConfigKeys (ConfUtils.java:logGet(44)) - raft.grpc.server.port = 45123 (custom)
2022-02-12 06:45:29,281 [Time-limited test] INFO  server.GrpcService (ConfUtils.java:logGet(44)) - raft.grpc.message.size.max = 32MB (=33554432) (custom)
2022-02-12 06:45:29,282 [Time-limited test] INFO  server.RaftServerConfigKeys (ConfUtils.java:logGet(44)) - raft.server.log.appender.buffer.byte-limit = 33554432 (custom)
2022-02-12 06:45:29,282 [Time-limited test] INFO  server.GrpcService (ConfUtils.java:logGet(44)) - raft.grpc.flow.control.window = 5MB (=5242880) (custom)
2022-02-12 06:45:29,282 [Time-limited test] INFO  server.RaftServerConfigKeys (ConfUtils.java:logGet(44)) - raft.server.rpc.request.timeout = 60s (custom)
2022-02-12 06:45:29,283 [Time-limited test] INFO  impl.DataStreamServerImpl (ConfUtils.java:logGet(44)) - raft.datastream.type = DISABLED (default)
2022-02-12 06:45:29,283 [Time-limited test] INFO  server.RaftServerConfigKeys (ConfUtils.java:logGet(44)) - raft.server.rpc.slowness.timeout = 300s (custom)
2022-02-12 06:45:29,283 [Time-limited test] INFO  server.RaftServerConfigKeys (ConfUtils.java:logGet(44)) - raft.server.leaderelection.leader.step-down.wait-time = 10s (default)
2022-02-12 06:45:29,283 [Time-limited test] INFO  server.RaftServerConfigKeys (ConfUtils.java:logGet(44)) - raft.server.storage.dir = [/home/runner/work/ozone/ozone/hadoop-ozone/integration-test/target/test-dir/MiniOzoneClusterImpl-82593cca-502f-46a3-a597-4e713ce930c0/datanode-0/data/ratis] (custom)
2022-02-12 06:45:29,284 [Time-limited test] INFO  server.RaftServer (RaftServerProxy.java:lambda$null$1(235)) - fbc88013-4e58-4ce2-8f92-86967c0fe77f: found a subdirectory /home/runner/work/ozone/ozone/hadoop-ozone/integration-test/target/test-dir/MiniOzoneClusterImpl-82593cca-502f-46a3-a597-4e713ce930c0/datanode-0/data/ratis/6d9ef404-b106-488a-b221-ad6f77e61740
2022-02-12 06:45:29,288 [Time-limited test] INFO  server.RaftServer (RaftServerProxy.java:addNew(95)) - fbc88013-4e58-4ce2-8f92-86967c0fe77f: addNew group-AD6F77E61740:[] returns group-AD6F77E61740:java.util.concurrent.CompletableFuture@49dd71c[Not completed]
2022-02-12 06:45:29,290 [Time-limited test] INFO  server.RaftServer (RaftServerProxy.java:lambda$null$1(235)) - fbc88013-4e58-4ce2-8f92-86967c0fe77f: found a subdirectory /home/runner/work/ozone/ozone/hadoop-ozone/integration-test/target/test-dir/MiniOzoneClusterImpl-82593cca-502f-46a3-a597-4e713ce930c0/datanode-0/data/ratis/dc9c6eaf-5f19-4c16-aa47-121f44cfae00
2022-02-12 06:45:29,290 [Time-limited test] INFO  server.RaftServer (RaftServerProxy.java:addNew(95)) - fbc88013-4e58-4ce2-8f92-86967c0fe77f: addNew group-121F44CFAE00:[] returns group-121F44CFAE00:java.util.concurrent.CompletableFuture@6826b325[Not completed]
2022-02-12 06:45:29,290 [Time-limited test] INFO  server.RaftServer (RaftServerProxy.java:lambda$null$1(235)) - fbc88013-4e58-4ce2-8f92-86967c0fe77f: found a subdirectory /home/runner/work/ozone/ozone/hadoop-ozone/integration-test/target/test-dir/MiniOzoneClusterImpl-82593cca-502f-46a3-a597-4e713ce930c0/datanode-0/data/ratis/cc405141-49e9-43a6-8452-edbcdb998dc6
2022-02-12 06:45:29,290 [Time-limited test] INFO  server.RaftServer (RaftServerProxy.java:addNew(95)) - fbc88013-4e58-4ce2-8f92-86967c0fe77f: addNew group-EDBCDB998DC6:[] returns group-EDBCDB998DC6:java.util.concurrent.CompletableFuture@b54e230[Not completed]
2022-02-12 06:45:29,290 [pool-417-thread-1] INFO  server.RaftServer$Division (RaftServerImpl.java:<init>(184)) - fbc88013-4e58-4ce2-8f92-86967c0fe77f: new RaftServerImpl for group-AD6F77E61740:[] with ContainerStateMachine:uninitialized
2022-02-12 06:45:29,294 [Time-limited test] INFO  server.XceiverServerGrpc (XceiverServerGrpc.java:<init>(132)) - GrpcServer channel type EpollServerSocketChannel
2022-02-12 06:45:29,296 [pool-417-thread-1] INFO  server.RaftServerConfigKeys (ConfUtils.java:logGet(44)) - raft.server.rpc.timeout.min = 5s (custom)
2022-02-12 06:45:29,296 [pool-417-thread-1] INFO  server.RaftServerConfigKeys (ConfUtils.java:logGet(44)) - raft.server.rpc.timeout.max = 5200ms (custom)
2022-02-12 06:45:29,296 [pool-417-thread-1] INFO  server.RaftServerConfigKeys (ConfUtils.java:logGet(44)) - raft.server.rpc.sleep.time = 25ms (default)
2022-02-12 06:45:29,296 [pool-417-thread-1] INFO  server.RaftServerConfigKeys (ConfUtils.java:logGet(44)) - raft.server.rpc.slowness.timeout = 300s (custom)
2022-02-12 06:45:29,296 [pool-417-thread-1] INFO  server.RaftServerConfigKeys (ConfUtils.java:logGet(44)) - raft.server.leaderelection.leader.step-down.wait-time = 10s (default)
2022-02-12 06:45:29,297 [pool-417-thread-1] INFO  server.RaftServerConfigKeys (ConfUtils.java:logGet(44)) - raft.server.sleep.deviation.threshold = 300ms (default)
2022-02-12 06:45:29,297 [pool-417-thread-1] INFO  server.RaftServerConfigKeys (ConfUtils.java:logGet(44)) - raft.server.log.appender.install.snapshot.enabled = false (custom)
2022-02-12 06:45:29,297 [pool-417-thread-1] INFO  server.RaftServer$Division (ServerState.java:<init>(105)) - fbc88013-4e58-4ce2-8f92-86967c0fe77f@group-AD6F77E61740: ConfigurationManager, init=-1: [], old=null, confs=<EMPTY_MAP>
2022-02-12 06:45:29,297 [pool-417-thread-1] INFO  server.RaftServerConfigKeys (ConfUtils.java:logGet(44)) - raft.server.storage.dir = [/home/runner/work/ozone/ozone/hadoop-ozone/integration-test/target/test-dir/MiniOzoneClusterImpl-82593cca-502f-46a3-a597-4e713ce930c0/datanode-0/data/ratis] (custom)
2022-02-12 06:45:29,297 [pool-417-thread-1] INFO  server.RaftServerConfigKeys (ConfUtils.java:logGet(44)) - raft.server.log.corruption.policy = EXCEPTION (default)
2022-02-12 06:45:29,297 [pool-417-thread-1] INFO  server.RaftServerConfigKeys (ConfUtils.java:logGet(44)) - raft.server.storage.free-space.min = 0MB (=0) (default)
2022-02-12 06:45:29,301 [pool-417-thread-1] INFO  storage.RaftStorageDirectory (RaftStorageDirectoryImpl.java:tryLock(230)) - Lock on /home/runner/work/ozone/ozone/hadoop-ozone/integration-test/target/test-dir/MiniOzoneClusterImpl-82593cca-502f-46a3-a597-4e713ce930c0/datanode-0/data/ratis/6d9ef404-b106-488a-b221-ad6f77e61740/in_use.lock acquired by nodename 26950@fv-az59-317
2022-02-12 06:45:29,302 [pool-417-thread-1] INFO  storage.RaftStorage (RaftStorageImpl.java:analyzeAndRecoverStorage(110)) - Read RaftStorageMetadata{term=4, votedFor=6b353d4f-0834-494e-9b42-b1853adf5598} from /home/runner/work/ozone/ozone/hadoop-ozone/integration-test/target/test-dir/MiniOzoneClusterImpl-82593cca-502f-46a3-a597-4e713ce930c0/datanode-0/data/ratis/6d9ef404-b106-488a-b221-ad6f77e61740/current/raft-meta
2022-02-12 06:45:29,310 [Time-limited test] INFO  http.BaseHttpServer (BaseHttpServer.java:newHttpServer2BuilderForOzone(209)) - Starting Web-server for hddsDatanode at: http://0.0.0.0:42655
2022-02-12 06:45:29,310 [pool-417-thread-1] INFO  ratis.ContainerStateMachine (ContainerStateMachine.java:loadSnapshot(240)) - group-AD6F77E61740: Setting the last applied index to (t:4, i:496)
2022-02-12 06:45:29,310 [Time-limited test] INFO  http.BaseHttpServer (BaseHttpServer.java:<init>(107)) - Hadoop Security Enabled: false Ozone Security Enabled: false Ozone HTTP Security Enabled: false 
2022-02-12 06:45:29,312 [Time-limited test] INFO  server.AuthenticationFilter (AuthenticationFilter.java:constructSecretProvider(240)) - Unable to initialize FileSignerSecretProvider, falling back to use random secrets.
2022-02-12 06:45:29,315 [pool-417-thread-1] INFO  server.RaftServer$Division (ServerState.java:setRaftConf(387)) - fbc88013-4e58-4ce2-8f92-86967c0fe77f@group-AD6F77E61740: set configuration 0: [2db57d0a-e0a4-4c64-8073-50a45d71dc35|rpc:10.1.0.21:37195|dataStream:|priority:0, 6b353d4f-0834-494e-9b42-b1853adf5598|rpc:10.1.0.21:46567|dataStream:|priority:1, fbc88013-4e58-4ce2-8f92-86967c0fe77f|rpc:10.1.0.21:45123|dataStream:|priority:0], old=null
2022-02-12 06:45:29,315 [pool-417-thread-1] INFO  server.RaftServerConfigKeys (ConfUtils.java:logGet(44)) - raft.server.notification.no-leader.timeout = 300s (custom)
2022-02-12 06:45:29,315 [pool-417-thread-1] INFO  server.RaftServerConfigKeys (ConfUtils.java:logGet(44)) - raft.server.log.use.memory = false (default)
2022-02-12 06:45:29,315 [pool-417-thread-1] INFO  server.RaftServerConfigKeys (ConfUtils.java:logGet(44)) - raft.server.log.purge.gap = 1000000 (custom)
2022-02-12 06:45:29,315 [pool-417-thread-1] INFO  server.RaftServerConfigKeys (ConfUtils.java:logGet(44)) - raft.server.log.appender.buffer.byte-limit = 33554432 (custom)
2022-02-12 06:45:29,317 [Time-limited test] WARN  http.HttpRequestLog (HttpRequestLog.java:getRequestLog(103)) - Jetty request log can only be enabled using Log4j
2022-02-12 06:45:29,318 [Time-limited test] INFO  http.HttpServer2 (HttpServer2.java:addGlobalFilter(1030)) - Added global filter 'safety' (class=org.apache.hadoop.hdds.server.http.HttpServer2$QuotingInputFilter)
2022-02-12 06:45:29,319 [Time-limited test] INFO  http.HttpServer2 (HttpServer2.java:addFilter(1006)) - Added filter static_user_filter (class=org.apache.hadoop.http.lib.StaticUserWebFilter$StaticUserFilter) to context hddsDatanode
2022-02-12 06:45:29,319 [Time-limited test] INFO  http.HttpServer2 (HttpServer2.java:addFilter(1014)) - Added filter static_user_filter (class=org.apache.hadoop.http.lib.StaticUserWebFilter$StaticUserFilter) to context logs
2022-02-12 06:45:29,319 [Time-limited test] INFO  http.HttpServer2 (HttpServer2.java:addFilter(1014)) - Added filter static_user_filter (class=org.apache.hadoop.http.lib.StaticUserWebFilter$StaticUserFilter) to context static
2022-02-12 06:45:29,320 [Time-limited test] INFO  http.HttpServer2 (HttpServer2.java:bindListener(1249)) - Jetty bound to port 42655
2022-02-12 06:45:29,320 [Time-limited test] INFO  server.Server (Server.java:doStart(375)) - jetty-9.4.43.v20210629; built: 2021-06-30T11:07:22.254Z; git: 526006ecfa3af7f1a27ef3a288e2bef7ea9dd7e8; jvm 1.8.0_312-b07
2022-02-12 06:45:29,323 [pool-417-thread-1] INFO  server.RaftServerConfigKeys (ConfUtils.java:logGet(44)) - raft.server.log.segment.size.max = 1048576 (custom)
2022-02-12 06:45:29,323 [pool-417-thread-1] INFO  server.RaftServerConfigKeys (ConfUtils.java:logGet(44)) - raft.server.log.segment.cache.num.max = 2 (custom)
2022-02-12 06:45:29,323 [pool-417-thread-1] INFO  server.RaftServerConfigKeys (ConfUtils.java:logGet(44)) - raft.server.log.segment.cache.size.max = 200MB (=209715200) (default)
2022-02-12 06:45:29,323 [pool-417-thread-1] INFO  segmented.SegmentedRaftLogWorker (SegmentedRaftLogWorker.java:<init>(182)) - new fbc88013-4e58-4ce2-8f92-86967c0fe77f@group-AD6F77E61740-SegmentedRaftLogWorker for RaftStorageImpl:Storage Directory /home/runner/work/ozone/ozone/hadoop-ozone/integration-test/target/test-dir/MiniOzoneClusterImpl-82593cca-502f-46a3-a597-4e713ce930c0/datanode-0/data/ratis/6d9ef404-b106-488a-b221-ad6f77e61740
2022-02-12 06:45:29,324 [pool-417-thread-1] INFO  server.RaftServerConfigKeys (ConfUtils.java:logGet(44)) - raft.server.log.queue.byte-limit = 2147483647 (custom)
2022-02-12 06:45:29,324 [pool-417-thread-1] INFO  server.RaftServerConfigKeys (ConfUtils.java:logGet(44)) - raft.server.log.queue.element-limit = 1024 (custom)
2022-02-12 06:45:29,324 [pool-417-thread-1] INFO  server.RaftServerConfigKeys (ConfUtils.java:logGet(44)) - raft.server.log.segment.size.max = 1048576 (custom)
2022-02-12 06:45:29,324 [pool-417-thread-1] INFO  server.RaftServerConfigKeys (ConfUtils.java:logGet(44)) - raft.server.log.preallocated.size = 16384 (custom)
2022-02-12 06:45:29,324 [pool-417-thread-1] INFO  server.RaftServerConfigKeys (ConfUtils.java:logGet(44)) - raft.server.log.force.sync.num = 128 (default)
2022-02-12 06:45:29,324 [pool-417-thread-1] INFO  server.RaftServerConfigKeys (ConfUtils.java:logGet(44)) - raft.server.log.statemachine.data.sync = true (default)
2022-02-12 06:45:29,324 [pool-417-thread-1] INFO  server.RaftServerConfigKeys (ConfUtils.java:logGet(44)) - raft.server.log.statemachine.data.sync.timeout = 10s (default)
2022-02-12 06:45:29,324 [pool-417-thread-1] INFO  server.RaftServerConfigKeys (ConfUtils.java:logGet(44)) - raft.server.log.statemachine.data.sync.timeout.retry = -1 (default)
2022-02-12 06:45:29,324 [pool-417-thread-1] INFO  server.RaftServerConfigKeys (ConfUtils.java:logGet(44)) - raft.server.log.write.buffer.size = 1048576 (custom)
2022-02-12 06:45:29,325 [pool-417-thread-1] INFO  server.RaftServerConfigKeys (ConfUtils.java:logGet(44)) - raft.server.log.statemachine.data.caching.enabled = true (custom)
2022-02-12 06:45:29,326 [pool-417-thread-1] INFO  server.RaftServer$Division (ServerState.java:setRaftConf(387)) - fbc88013-4e58-4ce2-8f92-86967c0fe77f@group-AD6F77E61740: set configuration 0: [2db57d0a-e0a4-4c64-8073-50a45d71dc35|rpc:10.1.0.21:37195|dataStream:|priority:0, 6b353d4f-0834-494e-9b42-b1853adf5598|rpc:10.1.0.21:46567|dataStream:|priority:1, fbc88013-4e58-4ce2-8f92-86967c0fe77f|rpc:10.1.0.21:45123|dataStream:|priority:0], old=null
2022-02-12 06:45:29,331 [Time-limited test] INFO  server.session (DefaultSessionIdManager.java:doStart(334)) - DefaultSessionIdManager workerName=node0
2022-02-12 06:45:29,332 [Time-limited test] INFO  server.session (DefaultSessionIdManager.java:doStart(339)) - No SessionScavenger set, using defaults
2022-02-12 06:45:29,332 [Time-limited test] INFO  server.session (HouseKeeper.java:startScavenging(132)) - node0 Scavenging every 660000ms
2022-02-12 06:45:29,341 [Time-limited test] INFO  handler.ContextHandler (ContextHandler.java:doStart(915)) - Started o.e.j.s.ServletContextHandler@7612577a{logs,/logs,file:///home/runner/work/ozone/ozone/hadoop-ozone/integration-test/target/log,AVAILABLE}
2022-02-12 06:45:29,341 [Time-limited test] INFO  handler.ContextHandler (ContextHandler.java:doStart(915)) - Started o.e.j.s.ServletContextHandler@6e823f2e{static,/static,jar:file:/home/runner/.m2/repository/org/apache/ozone/hdds-container-service/1.3.0-SNAPSHOT/hdds-container-service-1.3.0-SNAPSHOT.jar!/webapps/static,AVAILABLE}
2022-02-12 06:45:29,349 [pool-417-thread-1] INFO  segmented.LogSegment (LogSegment.java:loadSegment(173)) - Successfully read 497 entries from segment file /home/runner/work/ozone/ozone/hadoop-ozone/integration-test/target/test-dir/MiniOzoneClusterImpl-82593cca-502f-46a3-a597-4e713ce930c0/datanode-0/data/ratis/6d9ef404-b106-488a-b221-ad6f77e61740/current/log_inprogress_0
2022-02-12 06:45:29,349 [pool-417-thread-1] INFO  segmented.SegmentedRaftLogWorker (SegmentedRaftLogWorker.java:lambda$new$0(133)) - fbc88013-4e58-4ce2-8f92-86967c0fe77f@group-AD6F77E61740-SegmentedRaftLogWorker: flushIndex: setUnconditionally 0 -> 496
2022-02-12 06:45:29,349 [pool-417-thread-1] INFO  segmented.SegmentedRaftLogWorker (SegmentedRaftLogWorker.java:lambda$new$0(133)) - fbc88013-4e58-4ce2-8f92-86967c0fe77f@group-AD6F77E61740-SegmentedRaftLogWorker: safeCacheEvictIndex: setUnconditionally 0 -> -1
2022-02-12 06:45:29,356 [pool-417-thread-1] INFO  raftlog.RaftLog (RaftLogBase.java:lambda$new$0(53)) - fbc88013-4e58-4ce2-8f92-86967c0fe77f@group-AD6F77E61740-SegmentedRaftLog: commitIndex: updateToMax old=496, new=494, updated? false
2022-02-12 06:45:29,356 [pool-417-thread-1] INFO  server.RaftServerConfigKeys (ConfUtils.java:logGet(44)) - raft.server.snapshot.auto.trigger.enabled = true (custom)
2022-02-12 06:45:29,356 [pool-417-thread-1] INFO  server.RaftServerConfigKeys (ConfUtils.java:logGet(44)) - raft.server.snapshot.auto.trigger.threshold = 10000 (custom)
2022-02-12 06:45:29,356 [pool-417-thread-1] INFO  server.RaftServerConfigKeys (ConfUtils.java:logGet(44)) - raft.server.snapshot.retention.file.num = 5 (custom)
2022-02-12 06:45:29,356 [pool-417-thread-1] INFO  server.RaftServerConfigKeys (ConfUtils.java:logGet(44)) - raft.server.log.purge.upto.snapshot.index = false (default)
2022-02-12 06:45:29,356 [pool-417-thread-1] INFO  server.RaftServerConfigKeys (ConfUtils.java:logGet(44)) - raft.server.retrycache.expirytime = 600000ms (custom)
2022-02-12 06:45:29,357 [pool-417-thread-1] INFO  server.RaftServerConfigKeys (ConfUtils.java:logGet(44)) - raft.server.retrycache.statistics.expirytime = 100μs (default)
2022-02-12 06:45:29,359 [pool-417-thread-1] INFO  server.RaftServer$Division (RaftServerImpl.java:<init>(184)) - fbc88013-4e58-4ce2-8f92-86967c0fe77f: new RaftServerImpl for group-121F44CFAE00:[] with ContainerStateMachine:uninitialized
2022-02-12 06:45:29,359 [pool-417-thread-1] INFO  server.RaftServerConfigKeys (ConfUtils.java:logGet(44)) - raft.server.rpc.timeout.min = 5s (custom)
2022-02-12 06:45:29,359 [pool-417-thread-1] INFO  server.RaftServerConfigKeys (ConfUtils.java:logGet(44)) - raft.server.rpc.timeout.max = 5200ms (custom)
2022-02-12 06:45:29,359 [pool-417-thread-1] INFO  server.RaftServerConfigKeys (ConfUtils.java:logGet(44)) - raft.server.rpc.sleep.time = 25ms (default)
2022-02-12 06:45:29,359 [pool-417-thread-1] INFO  server.RaftServerConfigKeys (ConfUtils.java:logGet(44)) - raft.server.rpc.slowness.timeout = 300s (custom)
2022-02-12 06:45:29,359 [pool-417-thread-1] INFO  server.RaftServerConfigKeys (ConfUtils.java:logGet(44)) - raft.server.leaderelection.leader.step-down.wait-time = 10s (default)
2022-02-12 06:45:29,359 [pool-417-thread-1] INFO  server.RaftServerConfigKeys (ConfUtils.java:logGet(44)) - raft.server.sleep.deviation.threshold = 300ms (default)
2022-02-12 06:45:29,359 [pool-417-thread-1] INFO  server.RaftServerConfigKeys (ConfUtils.java:logGet(44)) - raft.server.log.appender.install.snapshot.enabled = false (custom)
2022-02-12 06:45:29,359 [pool-417-thread-1] INFO  server.RaftServer$Division (ServerState.java:<init>(105)) - fbc88013-4e58-4ce2-8f92-86967c0fe77f@group-121F44CFAE00: ConfigurationManager, init=-1: [], old=null, confs=<EMPTY_MAP>
2022-02-12 06:45:29,359 [pool-417-thread-1] INFO  server.RaftServerConfigKeys (ConfUtils.java:logGet(44)) - raft.server.storage.dir = [/home/runner/work/ozone/ozone/hadoop-ozone/integration-test/target/test-dir/MiniOzoneClusterImpl-82593cca-502f-46a3-a597-4e713ce930c0/datanode-0/data/ratis] (custom)
2022-02-12 06:45:29,359 [pool-417-thread-1] INFO  server.RaftServerConfigKeys (ConfUtils.java:logGet(44)) - raft.server.log.corruption.policy = EXCEPTION (default)
2022-02-12 06:45:29,360 [pool-417-thread-1] INFO  server.RaftServerConfigKeys (ConfUtils.java:logGet(44)) - raft.server.storage.free-space.min = 0MB (=0) (default)
2022-02-12 06:45:29,361 [pool-417-thread-1] INFO  storage.RaftStorageDirectory (RaftStorageDirectoryImpl.java:tryLock(230)) - Lock on /home/runner/work/ozone/ozone/hadoop-ozone/integration-test/target/test-dir/MiniOzoneClusterImpl-82593cca-502f-46a3-a597-4e713ce930c0/datanode-0/data/ratis/dc9c6eaf-5f19-4c16-aa47-121f44cfae00/in_use.lock acquired by nodename 26950@fv-az59-317
2022-02-12 06:45:29,361 [pool-417-thread-1] INFO  storage.RaftStorage (RaftStorageImpl.java:analyzeAndRecoverStorage(110)) - Read RaftStorageMetadata{term=1, votedFor=fbc88013-4e58-4ce2-8f92-86967c0fe77f} from /home/runner/work/ozone/ozone/hadoop-ozone/integration-test/target/test-dir/MiniOzoneClusterImpl-82593cca-502f-46a3-a597-4e713ce930c0/datanode-0/data/ratis/dc9c6eaf-5f19-4c16-aa47-121f44cfae00/current/raft-meta
2022-02-12 06:45:29,362 [pool-417-thread-1] INFO  ratis.ContainerStateMachine (ContainerStateMachine.java:loadSnapshot(240)) - group-121F44CFAE00: Setting the last applied index to (t:1, i:252)
2022-02-12 06:45:29,362 [pool-417-thread-1] INFO  server.RaftServer$Division (ServerState.java:setRaftConf(387)) - fbc88013-4e58-4ce2-8f92-86967c0fe77f@group-121F44CFAE00: set configuration 0: [fbc88013-4e58-4ce2-8f92-86967c0fe77f|rpc:10.1.0.21:45123|dataStream:|priority:1], old=null
2022-02-12 06:45:29,362 [pool-417-thread-1] INFO  server.RaftServerConfigKeys (ConfUtils.java:logGet(44)) - raft.server.notification.no-leader.timeout = 300s (custom)
2022-02-12 06:45:29,362 [pool-417-thread-1] INFO  server.RaftServerConfigKeys (ConfUtils.java:logGet(44)) - raft.server.log.use.memory = false (default)
2022-02-12 06:45:29,362 [pool-417-thread-1] INFO  server.RaftServerConfigKeys (ConfUtils.java:logGet(44)) - raft.server.log.purge.gap = 1000000 (custom)
2022-02-12 06:45:29,362 [pool-417-thread-1] INFO  server.RaftServerConfigKeys (ConfUtils.java:logGet(44)) - raft.server.log.appender.buffer.byte-limit = 33554432 (custom)
2022-02-12 06:45:29,363 [pool-417-thread-1] INFO  server.RaftServerConfigKeys (ConfUtils.java:logGet(44)) - raft.server.log.segment.size.max = 1048576 (custom)
2022-02-12 06:45:29,363 [pool-417-thread-1] INFO  server.RaftServerConfigKeys (ConfUtils.java:logGet(44)) - raft.server.log.segment.cache.num.max = 2 (custom)
2022-02-12 06:45:29,363 [pool-417-thread-1] INFO  server.RaftServerConfigKeys (ConfUtils.java:logGet(44)) - raft.server.log.segment.cache.size.max = 200MB (=209715200) (default)
2022-02-12 06:45:29,363 [pool-417-thread-1] INFO  segmented.SegmentedRaftLogWorker (SegmentedRaftLogWorker.java:<init>(182)) - new fbc88013-4e58-4ce2-8f92-86967c0fe77f@group-121F44CFAE00-SegmentedRaftLogWorker for RaftStorageImpl:Storage Directory /home/runner/work/ozone/ozone/hadoop-ozone/integration-test/target/test-dir/MiniOzoneClusterImpl-82593cca-502f-46a3-a597-4e713ce930c0/datanode-0/data/ratis/dc9c6eaf-5f19-4c16-aa47-121f44cfae00
2022-02-12 06:45:29,363 [pool-417-thread-1] INFO  server.RaftServerConfigKeys (ConfUtils.java:logGet(44)) - raft.server.log.queue.byte-limit = 2147483647 (custom)
2022-02-12 06:45:29,363 [pool-417-thread-1] INFO  server.RaftServerConfigKeys (ConfUtils.java:logGet(44)) - raft.server.log.queue.element-limit = 1024 (custom)
2022-02-12 06:45:29,363 [pool-417-thread-1] INFO  server.RaftServerConfigKeys (ConfUtils.java:logGet(44)) - raft.server.log.segment.size.max = 1048576 (custom)
2022-02-12 06:45:29,363 [pool-417-thread-1] INFO  server.RaftServerConfigKeys (ConfUtils.java:logGet(44)) - raft.server.log.preallocated.size = 16384 (custom)
2022-02-12 06:45:29,363 [pool-417-thread-1] INFO  server.RaftServerConfigKeys (ConfUtils.java:logGet(44)) - raft.server.log.force.sync.num = 128 (default)
2022-02-12 06:45:29,363 [pool-417-thread-1] INFO  server.RaftServerConfigKeys (ConfUtils.java:logGet(44)) - raft.server.log.statemachine.data.sync = true (default)
2022-02-12 06:45:29,363 [pool-417-thread-1] INFO  server.RaftServerConfigKeys (ConfUtils.java:logGet(44)) - raft.server.log.statemachine.data.sync.timeout = 10s (default)
2022-02-12 06:45:29,363 [pool-417-thread-1] INFO  server.RaftServerConfigKeys (ConfUtils.java:logGet(44)) - raft.server.log.statemachine.data.sync.timeout.retry = -1 (default)
2022-02-12 06:45:29,364 [pool-417-thread-1] INFO  server.RaftServerConfigKeys (ConfUtils.java:logGet(44)) - raft.server.log.write.buffer.size = 1048576 (custom)
2022-02-12 06:45:29,365 [pool-417-thread-1] INFO  server.RaftServerConfigKeys (ConfUtils.java:logGet(44)) - raft.server.log.statemachine.data.caching.enabled = true (custom)
2022-02-12 06:45:29,365 [pool-417-thread-1] INFO  server.RaftServer$Division (ServerState.java:setRaftConf(387)) - fbc88013-4e58-4ce2-8f92-86967c0fe77f@group-121F44CFAE00: set configuration 0: [fbc88013-4e58-4ce2-8f92-86967c0fe77f|rpc:10.1.0.21:45123|dataStream:|priority:1], old=null
2022-02-12 06:45:29,367 [pool-417-thread-1] INFO  segmented.LogSegment (LogSegment.java:loadSegment(173)) - Successfully read 253 entries from segment file /home/runner/work/ozone/ozone/hadoop-ozone/integration-test/target/test-dir/MiniOzoneClusterImpl-82593cca-502f-46a3-a597-4e713ce930c0/datanode-0/data/ratis/dc9c6eaf-5f19-4c16-aa47-121f44cfae00/current/log_inprogress_0
2022-02-12 06:45:29,372 [pool-417-thread-1] INFO  segmented.SegmentedRaftLogWorker (SegmentedRaftLogWorker.java:lambda$new$0(133)) - fbc88013-4e58-4ce2-8f92-86967c0fe77f@group-121F44CFAE00-SegmentedRaftLogWorker: flushIndex: setUnconditionally 0 -> 252
2022-02-12 06:45:29,372 [pool-417-thread-1] INFO  segmented.SegmentedRaftLogWorker (SegmentedRaftLogWorker.java:lambda$new$0(133)) - fbc88013-4e58-4ce2-8f92-86967c0fe77f@group-121F44CFAE00-SegmentedRaftLogWorker: safeCacheEvictIndex: setUnconditionally 0 -> -1
2022-02-12 06:45:29,372 [pool-417-thread-1] INFO  raftlog.RaftLog (RaftLogBase.java:lambda$new$0(53)) - fbc88013-4e58-4ce2-8f92-86967c0fe77f@group-121F44CFAE00-SegmentedRaftLog: commitIndex: updateToMax old=252, new=250, updated? false
2022-02-12 06:45:29,373 [pool-417-thread-1] INFO  server.RaftServerConfigKeys (ConfUtils.java:logGet(44)) - raft.server.snapshot.auto.trigger.enabled = true (custom)
2022-02-12 06:45:29,373 [pool-417-thread-1] INFO  server.RaftServerConfigKeys (ConfUtils.java:logGet(44)) - raft.server.snapshot.auto.trigger.threshold = 10000 (custom)
2022-02-12 06:45:29,373 [pool-417-thread-1] INFO  server.RaftServerConfigKeys (ConfUtils.java:logGet(44)) - raft.server.snapshot.retention.file.num = 5 (custom)
2022-02-12 06:45:29,373 [pool-417-thread-1] INFO  server.RaftServerConfigKeys (ConfUtils.java:logGet(44)) - raft.server.log.purge.upto.snapshot.index = false (default)
2022-02-12 06:45:29,373 [pool-417-thread-1] INFO  server.RaftServerConfigKeys (ConfUtils.java:logGet(44)) - raft.server.retrycache.expirytime = 600000ms (custom)
2022-02-12 06:45:29,373 [pool-417-thread-1] INFO  server.RaftServerConfigKeys (ConfUtils.java:logGet(44)) - raft.server.retrycache.statistics.expirytime = 100μs (default)
2022-02-12 06:45:29,375 [pool-417-thread-1] INFO  server.RaftServer$Division (RaftServerImpl.java:<init>(184)) - fbc88013-4e58-4ce2-8f92-86967c0fe77f: new RaftServerImpl for group-EDBCDB998DC6:[] with ContainerStateMachine:uninitialized
2022-02-12 06:45:29,375 [pool-417-thread-1] INFO  server.RaftServerConfigKeys (ConfUtils.java:logGet(44)) - raft.server.rpc.timeout.min = 5s (custom)
2022-02-12 06:45:29,375 [pool-417-thread-1] INFO  server.RaftServerConfigKeys (ConfUtils.java:logGet(44)) - raft.server.rpc.timeout.max = 5200ms (custom)
2022-02-12 06:45:29,375 [pool-417-thread-1] INFO  server.RaftServerConfigKeys (ConfUtils.java:logGet(44)) - raft.server.rpc.sleep.time = 25ms (default)
2022-02-12 06:45:29,375 [pool-417-thread-1] INFO  server.RaftServerConfigKeys (ConfUtils.java:logGet(44)) - raft.server.rpc.slowness.timeout = 300s (custom)
2022-02-12 06:45:29,375 [pool-417-thread-1] INFO  server.RaftServerConfigKeys (ConfUtils.java:logGet(44)) - raft.server.leaderelection.leader.step-down.wait-time = 10s (default)
2022-02-12 06:45:29,375 [pool-417-thread-1] INFO  server.RaftServerConfigKeys (ConfUtils.java:logGet(44)) - raft.server.sleep.deviation.threshold = 300ms (default)
2022-02-12 06:45:29,375 [pool-417-thread-1] INFO  server.RaftServerConfigKeys (ConfUtils.java:logGet(44)) - raft.server.log.appender.install.snapshot.enabled = false (custom)
2022-02-12 06:45:29,375 [pool-417-thread-1] INFO  server.RaftServer$Division (ServerState.java:<init>(105)) - fbc88013-4e58-4ce2-8f92-86967c0fe77f@group-EDBCDB998DC6: ConfigurationManager, init=-1: [], old=null, confs=<EMPTY_MAP>
2022-02-12 06:45:29,376 [pool-417-thread-1] INFO  server.RaftServerConfigKeys (ConfUtils.java:logGet(44)) - raft.server.storage.dir = [/home/runner/work/ozone/ozone/hadoop-ozone/integration-test/target/test-dir/MiniOzoneClusterImpl-82593cca-502f-46a3-a597-4e713ce930c0/datanode-0/data/ratis] (custom)
2022-02-12 06:45:29,376 [pool-417-thread-1] INFO  server.RaftServerConfigKeys (ConfUtils.java:logGet(44)) - raft.server.log.corruption.policy = EXCEPTION (default)
2022-02-12 06:45:29,376 [pool-417-thread-1] INFO  server.RaftServerConfigKeys (ConfUtils.java:logGet(44)) - raft.server.storage.free-space.min = 0MB (=0) (default)
2022-02-12 06:45:29,383 [pool-417-thread-1] INFO  storage.RaftStorageDirectory (RaftStorageDirectoryImpl.java:tryLock(230)) - Lock on /home/runner/work/ozone/ozone/hadoop-ozone/integration-test/target/test-dir/MiniOzoneClusterImpl-82593cca-502f-46a3-a597-4e713ce930c0/datanode-0/data/ratis/cc405141-49e9-43a6-8452-edbcdb998dc6/in_use.lock acquired by nodename 26950@fv-az59-317
2022-02-12 06:45:29,384 [pool-417-thread-1] INFO  storage.RaftStorage (RaftStorageImpl.java:analyzeAndRecoverStorage(110)) - Read RaftStorageMetadata{term=3, votedFor=fbc88013-4e58-4ce2-8f92-86967c0fe77f} from /home/runner/work/ozone/ozone/hadoop-ozone/integration-test/target/test-dir/MiniOzoneClusterImpl-82593cca-502f-46a3-a597-4e713ce930c0/datanode-0/data/ratis/cc405141-49e9-43a6-8452-edbcdb998dc6/current/raft-meta
2022-02-12 06:45:29,384 [pool-417-thread-1] INFO  ratis.ContainerStateMachine (ContainerStateMachine.java:loadSnapshot(240)) - group-EDBCDB998DC6: Setting the last applied index to (t:3, i:434)
2022-02-12 06:45:29,384 [pool-417-thread-1] WARN  impl.ContainerSet (ContainerSet.java:lambda$buildMissingContainerSetAndValidate$2(279)) - Marking container 4 unhealthy as reported BCSID 431 is smaller than ratis snapshot recorded value 432
2022-02-12 06:45:29,389 [pool-417-thread-1] WARN  keyvalue.KeyValueContainer (KeyValueContainer.java:markContainerUnhealthy(303)) - Moving container /home/runner/work/ozone/ozone/hadoop-ozone/integration-test/target/test-dir/MiniOzoneClusterImpl-82593cca-502f-46a3-a597-4e713ce930c0/datanode-0/data-0/containers/hdds/82593cca-502f-46a3-a597-4e713ce930c0/current/containerDir0/4 to state UNHEALTHY from state:UNHEALTHY Trace:java.lang.Thread.getStackTrace(Thread.java:1559)
org.apache.hadoop.util.StringUtils.getStackTrace(StringUtils.java:1060)
org.apache.hadoop.ozone.container.keyvalue.KeyValueContainer.markContainerUnhealthy(KeyValueContainer.java:305)
org.apache.hadoop.ozone.container.common.impl.ContainerSet.lambda$buildMissingContainerSetAndValidate$2(ContainerSet.java:287)
java.util.stream.ForEachOps$ForEachOp$OfRef.accept(ForEachOps.java:183)
java.util.concurrent.ConcurrentHashMap$EntrySpliterator.forEachRemaining(ConcurrentHashMap.java:3606)
java.util.stream.AbstractPipeline.copyInto(AbstractPipeline.java:482)
java.util.stream.ForEachOps$ForEachTask.compute(ForEachOps.java:290)
java.util.concurrent.CountedCompleter.exec(CountedCompleter.java:731)
java.util.concurrent.ForkJoinTask.doExec(ForkJoinTask.java:289)
java.util.concurrent.ForkJoinTask.doInvoke(ForkJoinTask.java:401)
java.util.concurrent.ForkJoinTask.invoke(ForkJoinTask.java:734)
java.util.stream.ForEachOps$ForEachOp.evaluateParallel(ForEachOps.java:159)
java.util.stream.ForEachOps$ForEachOp$OfRef.evaluateParallel(ForEachOps.java:173)
java.util.stream.AbstractPipeline.evaluate(AbstractPipeline.java:233)
java.util.stream.ReferencePipeline.forEach(ReferencePipeline.java:485)
java.util.stream.ReferencePipeline$Head.forEach(ReferencePipeline.java:650)
org.apache.hadoop.ozone.container.common.impl.ContainerSet.buildMissingContainerSetAndValidate(ContainerSet.java:269)
org.apache.hadoop.ozone.container.common.impl.HddsDispatcher.buildMissingContainerSetAndValidate(HddsDispatcher.java:161)
org.apache.hadoop.ozone.container.common.transport.server.ratis.ContainerStateMachine.buildMissingContainerSet(ContainerStateMachine.java:261)
org.apache.hadoop.ozone.container.common.transport.server.ratis.ContainerStateMachine.loadSnapshot(ContainerStateMachine.java:245)
org.apache.hadoop.ozone.container.common.transport.server.ratis.ContainerStateMachine.initialize(ContainerStateMachine.java:224)
org.apache.ratis.server.impl.ServerState.<init>(ServerState.java:134)
org.apache.ratis.server.impl.RaftServerImpl.<init>(RaftServerImpl.java:197)
org.apache.ratis.server.impl.RaftServerProxy.lambda$newRaftServerImpl$4(RaftServerProxy.java:266)
java.util.concurrent.CompletableFuture$AsyncSupply.run(CompletableFuture.java:1604)
java.util.concurrent.ThreadPoolExecutor.runWorker(ThreadPoolExecutor.java:1149)
java.util.concurrent.ThreadPoolExecutor$Worker.run(ThreadPoolExecutor.java:624)
java.lang.Thread.run(Thread.java:748)

2022-02-12 06:45:29,402 [pool-417-thread-1] INFO  server.RaftServer$Division (ServerState.java:setRaftConf(387)) - fbc88013-4e58-4ce2-8f92-86967c0fe77f@group-EDBCDB998DC6: set configuration 0: [2db57d0a-e0a4-4c64-8073-50a45d71dc35|rpc:10.1.0.21:37195|dataStream:|priority:0, 6b353d4f-0834-494e-9b42-b1853adf5598|rpc:10.1.0.21:46567|dataStream:|priority:0, fbc88013-4e58-4ce2-8f92-86967c0fe77f|rpc:10.1.0.21:45123|dataStream:|priority:1], old=null
2022-02-12 06:45:29,402 [pool-417-thread-1] INFO  server.RaftServerConfigKeys (ConfUtils.java:logGet(44)) - raft.server.notification.no-leader.timeout = 300s (custom)
2022-02-12 06:45:29,402 [pool-417-thread-1] INFO  server.RaftServerConfigKeys (ConfUtils.java:logGet(44)) - raft.server.log.use.memory = false (default)
2022-02-12 06:45:29,402 [pool-417-thread-1] INFO  server.RaftServerConfigKeys (ConfUtils.java:logGet(44)) - raft.server.log.purge.gap = 1000000 (custom)
2022-02-12 06:45:29,402 [pool-417-thread-1] INFO  server.RaftServerConfigKeys (ConfUtils.java:logGet(44)) - raft.server.log.appender.buffer.byte-limit = 33554432 (custom)
2022-02-12 06:45:29,402 [pool-417-thread-1] INFO  server.RaftServerConfigKeys (ConfUtils.java:logGet(44)) - raft.server.log.segment.size.max = 1048576 (custom)
2022-02-12 06:45:29,403 [pool-417-thread-1] INFO  server.RaftServerConfigKeys (ConfUtils.java:logGet(44)) - raft.server.log.segment.cache.num.max = 2 (custom)
2022-02-12 06:45:29,403 [pool-417-thread-1] INFO  server.RaftServerConfigKeys (ConfUtils.java:logGet(44)) - raft.server.log.segment.cache.size.max = 200MB (=209715200) (default)
2022-02-12 06:45:29,403 [pool-417-thread-1] INFO  segmented.SegmentedRaftLogWorker (SegmentedRaftLogWorker.java:<init>(182)) - new fbc88013-4e58-4ce2-8f92-86967c0fe77f@group-EDBCDB998DC6-SegmentedRaftLogWorker for RaftStorageImpl:Storage Directory /home/runner/work/ozone/ozone/hadoop-ozone/integration-test/target/test-dir/MiniOzoneClusterImpl-82593cca-502f-46a3-a597-4e713ce930c0/datanode-0/data/ratis/cc405141-49e9-43a6-8452-edbcdb998dc6
2022-02-12 06:45:29,403 [pool-417-thread-1] INFO  server.RaftServerConfigKeys (ConfUtils.java:logGet(44)) - raft.server.log.queue.byte-limit = 2147483647 (custom)
2022-02-12 06:45:29,403 [pool-417-thread-1] INFO  server.RaftServerConfigKeys (ConfUtils.java:logGet(44)) - raft.server.log.queue.element-limit = 1024 (custom)
2022-02-12 06:45:29,403 [pool-417-thread-1] INFO  server.RaftServerConfigKeys (ConfUtils.java:logGet(44)) - raft.server.log.segment.size.max = 1048576 (custom)
2022-02-12 06:45:29,403 [pool-417-thread-1] INFO  server.RaftServerConfigKeys (ConfUtils.java:logGet(44)) - raft.server.log.preallocated.size = 16384 (custom)
2022-02-12 06:45:29,403 [pool-417-thread-1] INFO  server.RaftServerConfigKeys (ConfUtils.java:logGet(44)) - raft.server.log.force.sync.num = 128 (default)
2022-02-12 06:45:29,403 [pool-417-thread-1] INFO  server.RaftServerConfigKeys (ConfUtils.java:logGet(44)) - raft.server.log.statemachine.data.sync = true (default)
2022-02-12 06:45:29,403 [pool-417-thread-1] INFO  server.RaftServerConfigKeys (ConfUtils.java:logGet(44)) - raft.server.log.statemachine.data.sync.timeout = 10s (default)
2022-02-12 06:45:29,403 [pool-417-thread-1] INFO  server.RaftServerConfigKeys (ConfUtils.java:logGet(44)) - raft.server.log.statemachine.data.sync.timeout.retry = -1 (default)
2022-02-12 06:45:29,404 [pool-417-thread-1] INFO  server.RaftServerConfigKeys (ConfUtils.java:logGet(44)) - raft.server.log.write.buffer.size = 1048576 (custom)
2022-02-12 06:45:29,405 [pool-417-thread-1] INFO  server.RaftServerConfigKeys (ConfUtils.java:logGet(44)) - raft.server.log.statemachine.data.caching.enabled = true (custom)
2022-02-12 06:45:29,406 [pool-417-thread-1] INFO  server.RaftServer$Division (ServerState.java:setRaftConf(387)) - fbc88013-4e58-4ce2-8f92-86967c0fe77f@group-EDBCDB998DC6: set configuration 0: [2db57d0a-e0a4-4c64-8073-50a45d71dc35|rpc:10.1.0.21:37195|dataStream:|priority:0, 6b353d4f-0834-494e-9b42-b1853adf5598|rpc:10.1.0.21:46567|dataStream:|priority:0, fbc88013-4e58-4ce2-8f92-86967c0fe77f|rpc:10.1.0.21:45123|dataStream:|priority:1], old=null
2022-02-12 06:45:29,419 [pool-417-thread-1] INFO  segmented.LogSegment (LogSegment.java:loadSegment(173)) - Successfully read 435 entries from segment file /home/runner/work/ozone/ozone/hadoop-ozone/integration-test/target/test-dir/MiniOzoneClusterImpl-82593cca-502f-46a3-a597-4e713ce930c0/datanode-0/data/ratis/cc405141-49e9-43a6-8452-edbcdb998dc6/current/log_inprogress_0
2022-02-12 06:45:29,420 [pool-417-thread-1] INFO  segmented.SegmentedRaftLogWorker (SegmentedRaftLogWorker.java:lambda$new$0(133)) - fbc88013-4e58-4ce2-8f92-86967c0fe77f@group-EDBCDB998DC6-SegmentedRaftLogWorker: flushIndex: setUnconditionally 0 -> 434
2022-02-12 06:45:29,420 [pool-417-thread-1] INFO  segmented.SegmentedRaftLogWorker (SegmentedRaftLogWorker.java:lambda$new$0(133)) - fbc88013-4e58-4ce2-8f92-86967c0fe77f@group-EDBCDB998DC6-SegmentedRaftLogWorker: safeCacheEvictIndex: setUnconditionally 0 -> -1
2022-02-12 06:45:29,424 [pool-417-thread-1] INFO  raftlog.RaftLog (RaftLogBase.java:lambda$new$0(53)) - fbc88013-4e58-4ce2-8f92-86967c0fe77f@group-EDBCDB998DC6-SegmentedRaftLog: commitIndex: updateToMax old=434, new=432, updated? false
2022-02-12 06:45:29,424 [pool-417-thread-1] INFO  server.RaftServerConfigKeys (ConfUtils.java:logGet(44)) - raft.server.snapshot.auto.trigger.enabled = true (custom)
2022-02-12 06:45:29,424 [pool-417-thread-1] INFO  server.RaftServerConfigKeys (ConfUtils.java:logGet(44)) - raft.server.snapshot.auto.trigger.threshold = 10000 (custom)
2022-02-12 06:45:29,424 [pool-417-thread-1] INFO  server.RaftServerConfigKeys (ConfUtils.java:logGet(44)) - raft.server.snapshot.retention.file.num = 5 (custom)
2022-02-12 06:45:29,424 [pool-417-thread-1] INFO  server.RaftServerConfigKeys (ConfUtils.java:logGet(44)) - raft.server.log.purge.upto.snapshot.index = false (default)
2022-02-12 06:45:29,424 [pool-417-thread-1] INFO  server.RaftServerConfigKeys (ConfUtils.java:logGet(44)) - raft.server.retrycache.expirytime = 600000ms (custom)
2022-02-12 06:45:29,425 [pool-417-thread-1] INFO  server.RaftServerConfigKeys (ConfUtils.java:logGet(44)) - raft.server.retrycache.statistics.expirytime = 100μs (default)
2022-02-12 06:45:29,469 [Time-limited test] INFO  handler.ContextHandler (ContextHandler.java:doStart(915)) - Started o.e.j.w.WebAppContext@6a780d9{hddsDatanode,/,file:///tmp/jetty-0_0_0_0-42655-hdds-container-service-1_3_0-SNAPSHOT_jar-_-any-8926876803638455787/webapp/,AVAILABLE}{jar:file:/home/runner/.m2/repository/org/apache/ozone/hdds-container-service/1.3.0-SNAPSHOT/hdds-container-service-1.3.0-SNAPSHOT.jar!/webapps/hddsDatanode}
2022-02-12 06:45:29,476 [Time-limited test] INFO  server.AbstractConnector (AbstractConnector.java:doStart(331)) - Started ServerConnector@233278f2{HTTP/1.1, (http/1.1)}{0.0.0.0:42655}
2022-02-12 06:45:29,476 [Time-limited test] INFO  server.Server (Server.java:doStart(415)) - Started @73063ms
2022-02-12 06:45:29,476 [Time-limited test] WARN  impl.MetricsSystemImpl (MetricsSystemImpl.java:register(279)) - Sink prometheus already exists!
2022-02-12 06:45:29,477 [Time-limited test] INFO  http.BaseHttpServer (BaseHttpServer.java:updateConnectorAddress(329)) - HTTP server of hddsDatanode listening at http://0.0.0.0:42655
2022-02-12 06:45:29,488 [Datanode State Machine Daemon Thread] INFO  statemachine.DatanodeStateMachine (DatanodeStateMachine.java:lambda$startDaemon$0(470)) - Ozone container server started.
2022-02-12 06:45:29,536 [org.apache.hadoop.util.JvmPauseMonitor$Monitor@20f918f4] INFO  util.JvmPauseMonitor (JvmPauseMonitor.java:run(188)) - Starting JVM pause monitor
2022-02-12 06:45:30,226 [grpc-default-executor-5] WARN  server.GrpcLogAppender (LogUtils.java:warn(122)) - 6b353d4f-0834-494e-9b42-b1853adf5598@group-AD6F77E61740->fbc88013-4e58-4ce2-8f92-86967c0fe77f-AppendLogResponseHandler: Failed appendEntries: org.apache.ratis.thirdparty.io.grpc.StatusRuntimeException: UNAVAILABLE: io exception
2022-02-12 06:45:30,227 [grpc-default-executor-5] INFO  leader.FollowerInfo (FollowerInfoImpl.java:lambda$new$0(47)) - 6b353d4f-0834-494e-9b42-b1853adf5598@group-AD6F77E61740->fbc88013-4e58-4ce2-8f92-86967c0fe77f: nextIndex: updateUnconditionally 497 -> 496
2022-02-12 06:45:30,230 [grpc-default-executor-1] WARN  server.GrpcLogAppender (LogUtils.java:warn(122)) - 6b353d4f-0834-494e-9b42-b1853adf5598@group-AD6F77E61740->fbc88013-4e58-4ce2-8f92-86967c0fe77f-AppendLogResponseHandler: Failed appendEntries: org.apache.ratis.thirdparty.io.grpc.StatusRuntimeException: UNAVAILABLE: io exception
2022-02-12 06:45:30,231 [grpc-default-executor-1] INFO  leader.FollowerInfo (FollowerInfoImpl.java:lambda$new$0(47)) - 6b353d4f-0834-494e-9b42-b1853adf5598@group-AD6F77E61740->fbc88013-4e58-4ce2-8f92-86967c0fe77f: nextIndex: updateUnconditionally 497 -> 496
2022-02-12 06:45:30,232 [pool-117-thread-2] INFO  keyvalue.KeyValueContainer (KeyValueContainer.java:flushAndSyncDB(401)) - Container 5 is synced with bcsId 494.
2022-02-12 06:45:30,232 [pool-117-thread-2] INFO  keyvalue.KeyValueContainer (KeyValueContainer.java:flushAndSyncDB(401)) - Container 5 is synced with bcsId 494.
2022-02-12 06:45:30,232 [grpc-default-executor-1] WARN  server.GrpcLogAppender (LogUtils.java:warn(122)) - 6b353d4f-0834-494e-9b42-b1853adf5598@group-AD6F77E61740->fbc88013-4e58-4ce2-8f92-86967c0fe77f-AppendLogResponseHandler: Failed appendEntries: org.apache.ratis.thirdparty.io.grpc.StatusRuntimeException: UNAVAILABLE: io exception
2022-02-12 06:45:30,233 [grpc-default-executor-1] INFO  leader.FollowerInfo (FollowerInfoImpl.java:lambda$new$0(47)) - 6b353d4f-0834-494e-9b42-b1853adf5598@group-AD6F77E61740->fbc88013-4e58-4ce2-8f92-86967c0fe77f: nextIndex: updateUnconditionally 497 -> 496
2022-02-12 06:45:30,236 [pool-117-thread-2] INFO  keyvalue.KeyValueContainer (KeyValueContainer.java:close(338)) - Container 5 is closed with bcsId 494.
2022-02-12 06:45:30,238 [EventQueue-IncrementalContainerReportForIncrementalContainerReportHandler] INFO  container.IncrementalContainerReportHandler (AbstractContainerReportHandler.java:updateContainerState(223)) - Moving container #5 to CLOSED state, datanode 6b353d4f-0834-494e-9b42-b1853adf5598{ip: 10.1.0.21, host: fv-az59-317.csjynl4pkq3e1pkirw3ssqjfoh.cx.internal.cloudapp.net, ports: [REPLICATION=46087, RATIS=46567, RATIS_ADMIN=46567, RATIS_SERVER=46567, STANDALONE=35525], networkLocation: /default-rack, certSerialId: null, persistedOpState: IN_SERVICE, persistedOpStateExpiryEpochSec: 0} reported CLOSED replica.
2022-02-12 06:45:30,238 [grpc-default-executor-5] WARN  server.GrpcLogAppender (LogUtils.java:warn(122)) - 6b353d4f-0834-494e-9b42-b1853adf5598@group-AD6F77E61740->fbc88013-4e58-4ce2-8f92-86967c0fe77f-AppendLogResponseHandler: Failed appendEntries: org.apache.ratis.thirdparty.io.grpc.StatusRuntimeException: UNAVAILABLE: io exception
2022-02-12 06:45:30,239 [grpc-default-executor-5] INFO  leader.FollowerInfo (FollowerInfoImpl.java:lambda$new$0(47)) - 6b353d4f-0834-494e-9b42-b1853adf5598@group-AD6F77E61740->fbc88013-4e58-4ce2-8f92-86967c0fe77f: nextIndex: updateUnconditionally 497 -> 496
2022-02-12 06:45:30,241 [pool-115-thread-3] INFO  keyvalue.KeyValueContainer (KeyValueContainer.java:flushAndSyncDB(401)) - Container 5 is synced with bcsId 494.
2022-02-12 06:45:30,244 [pool-115-thread-3] INFO  keyvalue.KeyValueContainer (KeyValueContainer.java:flushAndSyncDB(401)) - Container 5 is synced with bcsId 494.
2022-02-12 06:45:30,254 [pool-115-thread-3] INFO  keyvalue.KeyValueContainer (KeyValueContainer.java:close(338)) - Container 5 is closed with bcsId 494.
2022-02-12 06:45:31,541 [EndpointStateMachine task thread for /0.0.0.0:45219 - 0 ] INFO  ozoneimpl.OzoneContainer (OzoneContainer.java:start(315)) - Attempting to start container services.
2022-02-12 06:45:31,541 [EndpointStateMachine task thread for /0.0.0.0:45219 - 0 ] INFO  ozoneimpl.OzoneContainer (OzoneContainer.java:startContainerScrub(250)) - Background container scanner has been disabled.
2022-02-12 06:45:31,542 [EndpointStateMachine task thread for /0.0.0.0:45219 - 0 ] INFO  replication.ReplicationServer (ReplicationServer.java:start(111)) - ReplicationServer is started using port 41375
2022-02-12 06:45:31,542 [EndpointStateMachine task thread for /0.0.0.0:45219 - 0 ] INFO  ratis.XceiverServerRatis (XceiverServerRatis.java:start(484)) - Starting XceiverServerRatis fbc88013-4e58-4ce2-8f92-86967c0fe77f
2022-02-12 06:45:31,543 [EndpointStateMachine task thread for /0.0.0.0:45219 - 0 ] INFO  server.RaftServer$Division (RaftServerImpl.java:start(301)) - fbc88013-4e58-4ce2-8f92-86967c0fe77f@group-AD6F77E61740: start as a follower, conf=0: [2db57d0a-e0a4-4c64-8073-50a45d71dc35|rpc:10.1.0.21:37195|dataStream:|priority:0, 6b353d4f-0834-494e-9b42-b1853adf5598|rpc:10.1.0.21:46567|dataStream:|priority:1, fbc88013-4e58-4ce2-8f92-86967c0fe77f|rpc:10.1.0.21:45123|dataStream:|priority:0], old=null
2022-02-12 06:45:31,543 [ForkJoinPool.commonPool-worker-1] INFO  server.RaftServer$Division (RaftServerImpl.java:start(301)) - fbc88013-4e58-4ce2-8f92-86967c0fe77f@group-121F44CFAE00: start as a follower, conf=0: [fbc88013-4e58-4ce2-8f92-86967c0fe77f|rpc:10.1.0.21:45123|dataStream:|priority:1], old=null
2022-02-12 06:45:31,543 [EndpointStateMachine task thread for /0.0.0.0:45219 - 0 ] INFO  server.RaftServer$Division (RaftServerImpl.java:setRole(290)) - fbc88013-4e58-4ce2-8f92-86967c0fe77f@group-AD6F77E61740: changes role from      null to FOLLOWER at term 4 for startAsFollower
2022-02-12 06:45:31,543 [ForkJoinPool.commonPool-worker-1] INFO  server.RaftServer$Division (RaftServerImpl.java:setRole(290)) - fbc88013-4e58-4ce2-8f92-86967c0fe77f@group-121F44CFAE00: changes role from      null to FOLLOWER at term 1 for startAsFollower
2022-02-12 06:45:31,543 [EndpointStateMachine task thread for /0.0.0.0:45219 - 0 ] INFO  impl.RoleInfo (RoleInfo.java:updateAndGet(130)) - fbc88013-4e58-4ce2-8f92-86967c0fe77f: start fbc88013-4e58-4ce2-8f92-86967c0fe77f@group-AD6F77E61740-FollowerState
2022-02-12 06:45:31,543 [ForkJoinPool.commonPool-worker-1] INFO  impl.RoleInfo (RoleInfo.java:updateAndGet(130)) - fbc88013-4e58-4ce2-8f92-86967c0fe77f: start fbc88013-4e58-4ce2-8f92-86967c0fe77f@group-121F44CFAE00-FollowerState
2022-02-12 06:45:31,543 [EndpointStateMachine task thread for /0.0.0.0:45219 - 0 ] INFO  util.JmxRegister (JmxRegister.java:tryRegister(44)) - Successfully registered JMX Bean with object name Ratis:service=RaftServer,group=group-AD6F77E61740,id=fbc88013-4e58-4ce2-8f92-86967c0fe77f
2022-02-12 06:45:31,554 [ForkJoinPool.commonPool-worker-1] INFO  util.JmxRegister (JmxRegister.java:tryRegister(44)) - Successfully registered JMX Bean with object name Ratis:service=RaftServer,group=group-121F44CFAE00,id=fbc88013-4e58-4ce2-8f92-86967c0fe77f
2022-02-12 06:45:31,555 [EndpointStateMachine task thread for /0.0.0.0:45219 - 0 ] INFO  server.RaftServer$Division (RaftServerImpl.java:start(301)) - fbc88013-4e58-4ce2-8f92-86967c0fe77f@group-EDBCDB998DC6: start as a follower, conf=0: [2db57d0a-e0a4-4c64-8073-50a45d71dc35|rpc:10.1.0.21:37195|dataStream:|priority:0, 6b353d4f-0834-494e-9b42-b1853adf5598|rpc:10.1.0.21:46567|dataStream:|priority:0, fbc88013-4e58-4ce2-8f92-86967c0fe77f|rpc:10.1.0.21:45123|dataStream:|priority:1], old=null
2022-02-12 06:45:31,557 [EndpointStateMachine task thread for /0.0.0.0:45219 - 0 ] INFO  server.RaftServer$Division (RaftServerImpl.java:setRole(290)) - fbc88013-4e58-4ce2-8f92-86967c0fe77f@group-EDBCDB998DC6: changes role from      null to FOLLOWER at term 3 for startAsFollower
2022-02-12 06:45:31,557 [EndpointStateMachine task thread for /0.0.0.0:45219 - 0 ] INFO  impl.RoleInfo (RoleInfo.java:updateAndGet(130)) - fbc88013-4e58-4ce2-8f92-86967c0fe77f: start fbc88013-4e58-4ce2-8f92-86967c0fe77f@group-EDBCDB998DC6-FollowerState
2022-02-12 06:45:31,557 [EndpointStateMachine task thread for /0.0.0.0:45219 - 0 ] INFO  util.JmxRegister (JmxRegister.java:tryRegister(44)) - Successfully registered JMX Bean with object name Ratis:service=RaftServer,group=group-EDBCDB998DC6,id=fbc88013-4e58-4ce2-8f92-86967c0fe77f
2022-02-12 06:45:31,560 [EndpointStateMachine task thread for /0.0.0.0:45219 - 0 ] INFO  server.RaftServer (RaftServerProxy.java:lambda$start$5(374)) - fbc88013-4e58-4ce2-8f92-86967c0fe77f: start RPC server
2022-02-12 06:45:31,561 [EndpointStateMachine task thread for /0.0.0.0:45219 - 0 ] INFO  server.GrpcService (GrpcService.java:startImpl(253)) - fbc88013-4e58-4ce2-8f92-86967c0fe77f: GrpcService started, listening on 45123
2022-02-12 06:45:31,561 [EndpointStateMachine task thread for /0.0.0.0:45219 - 0 ] INFO  ratis.XceiverServerRatis (XceiverServerRatis.java:getRealPort(505)) - XceiverServerRatis fbc88013-4e58-4ce2-8f92-86967c0fe77f is started using port 45123 for RATIS
2022-02-12 06:45:31,561 [EndpointStateMachine task thread for /0.0.0.0:45219 - 0 ] INFO  ratis.XceiverServerRatis (XceiverServerRatis.java:getRealPort(505)) - XceiverServerRatis fbc88013-4e58-4ce2-8f92-86967c0fe77f is started using port 45123 for RATIS_ADMIN
2022-02-12 06:45:31,561 [EndpointStateMachine task thread for /0.0.0.0:45219 - 0 ] INFO  ratis.XceiverServerRatis (XceiverServerRatis.java:getRealPort(505)) - XceiverServerRatis fbc88013-4e58-4ce2-8f92-86967c0fe77f is started using port 45123 for RATIS_SERVER
2022-02-12 06:45:31,562 [org.apache.ratis.util.JvmPauseMonitor$$Lambda$422/823775087@72700c3a] INFO  util.JvmPauseMonitor (JvmPauseMonitor.java:run(103)) - JvmPauseMonitor-fbc88013-4e58-4ce2-8f92-86967c0fe77f: Started
2022-02-12 06:45:32,703 [6b353d4f-0834-494e-9b42-b1853adf5598@group-EDBCDB998DC6-FollowerState] INFO  impl.FollowerState (FollowerState.java:run(134)) - 6b353d4f-0834-494e-9b42-b1853adf5598@group-EDBCDB998DC6-FollowerState: change to CANDIDATE, lastRpcElapsedTime:8960981584ns, electionTimeout:5114ms
2022-02-12 06:45:32,704 [6b353d4f-0834-494e-9b42-b1853adf5598@group-EDBCDB998DC6-FollowerState] INFO  impl.RoleInfo (RoleInfo.java:shutdownFollowerState(108)) - 6b353d4f-0834-494e-9b42-b1853adf5598: shutdown 6b353d4f-0834-494e-9b42-b1853adf5598@group-EDBCDB998DC6-FollowerState
2022-02-12 06:45:32,704 [6b353d4f-0834-494e-9b42-b1853adf5598@group-EDBCDB998DC6-FollowerState] INFO  server.RaftServer$Division (RaftServerImpl.java:setRole(290)) - 6b353d4f-0834-494e-9b42-b1853adf5598@group-EDBCDB998DC6: changes role from  FOLLOWER to CANDIDATE at term 3 for changeToCandidate
2022-02-12 06:45:32,704 [6b353d4f-0834-494e-9b42-b1853adf5598@group-EDBCDB998DC6-FollowerState] INFO  server.RaftServerConfigKeys (ConfUtils.java:logGet(44)) - raft.server.leaderelection.pre-vote = false (custom)
2022-02-12 06:45:32,704 [6b353d4f-0834-494e-9b42-b1853adf5598@group-EDBCDB998DC6-FollowerState] INFO  impl.RoleInfo (RoleInfo.java:updateAndGet(130)) - 6b353d4f-0834-494e-9b42-b1853adf5598: start 6b353d4f-0834-494e-9b42-b1853adf5598@group-EDBCDB998DC6-LeaderElection16
2022-02-12 06:45:32,712 [6b353d4f-0834-494e-9b42-b1853adf5598@group-EDBCDB998DC6-LeaderElection16] INFO  server.RaftServer$Division (ServerState.java:setLeader(285)) - 6b353d4f-0834-494e-9b42-b1853adf5598@group-EDBCDB998DC6: change Leader from fbc88013-4e58-4ce2-8f92-86967c0fe77f to null at term 3 for ELECTION
2022-02-12 06:45:32,713 [6b353d4f-0834-494e-9b42-b1853adf5598@group-EDBCDB998DC6-LeaderElection16] INFO  impl.LeaderElection (LeaderElection.java:askForVotes(306)) - 6b353d4f-0834-494e-9b42-b1853adf5598@group-EDBCDB998DC6-LeaderElection16 ELECTION round 0: submit vote requests at term 4 for 0: [2db57d0a-e0a4-4c64-8073-50a45d71dc35|rpc:10.1.0.21:37195|dataStream:|priority:0, 6b353d4f-0834-494e-9b42-b1853adf5598|rpc:10.1.0.21:46567|dataStream:|priority:0, fbc88013-4e58-4ce2-8f92-86967c0fe77f|rpc:10.1.0.21:45123|dataStream:|priority:1], old=null
2022-02-12 06:45:32,720 [grpc-default-executor-5] INFO  server.RaftServer$Division (RaftServerImpl.java:requestVote(1046)) - 2db57d0a-e0a4-4c64-8073-50a45d71dc35@group-EDBCDB998DC6: receive requestVote(ELECTION, 6b353d4f-0834-494e-9b42-b1853adf5598, group-EDBCDB998DC6, 4, (t:3, i:434))
2022-02-12 06:45:32,720 [grpc-default-executor-5] INFO  impl.VoteContext (VoteContext.java:log(48)) - 2db57d0a-e0a4-4c64-8073-50a45d71dc35@group-EDBCDB998DC6-FOLLOWER: accept ELECTION from 6b353d4f-0834-494e-9b42-b1853adf5598: our priority 0 <= candidate's priority 0
2022-02-12 06:45:32,720 [grpc-default-executor-5] INFO  server.RaftServer$Division (ServerState.java:setLeader(285)) - 2db57d0a-e0a4-4c64-8073-50a45d71dc35@group-EDBCDB998DC6: change Leader from fbc88013-4e58-4ce2-8f92-86967c0fe77f to null at term 4 for updateCurrentTerm
2022-02-12 06:45:32,720 [grpc-default-executor-5] INFO  server.RaftServer$Division (RaftServerImpl.java:setRole(290)) - 2db57d0a-e0a4-4c64-8073-50a45d71dc35@group-EDBCDB998DC6: changes role from  FOLLOWER to FOLLOWER at term 4 for candidate:6b353d4f-0834-494e-9b42-b1853adf5598
2022-02-12 06:45:32,721 [grpc-default-executor-5] INFO  impl.RoleInfo (RoleInfo.java:shutdownFollowerState(108)) - 2db57d0a-e0a4-4c64-8073-50a45d71dc35: shutdown 2db57d0a-e0a4-4c64-8073-50a45d71dc35@group-EDBCDB998DC6-FollowerState
2022-02-12 06:45:32,721 [grpc-default-executor-5] INFO  impl.RoleInfo (RoleInfo.java:updateAndGet(130)) - 2db57d0a-e0a4-4c64-8073-50a45d71dc35: start 2db57d0a-e0a4-4c64-8073-50a45d71dc35@group-EDBCDB998DC6-FollowerState
2022-02-12 06:45:32,721 [2db57d0a-e0a4-4c64-8073-50a45d71dc35@group-EDBCDB998DC6-FollowerState] INFO  impl.FollowerState (FollowerState.java:run(143)) - 2db57d0a-e0a4-4c64-8073-50a45d71dc35@group-EDBCDB998DC6-FollowerState was interrupted: {}
java.lang.InterruptedException: sleep interrupted
	at java.lang.Thread.sleep(Native Method)
	at java.lang.Thread.sleep(Thread.java:340)
	at java.util.concurrent.TimeUnit.sleep(TimeUnit.java:386)
	at org.apache.ratis.util.TimeDuration.sleep(TimeDuration.java:324)
	at org.apache.ratis.util.TimeDuration.sleep(TimeDuration.java:309)
	at org.apache.ratis.server.impl.FollowerState.run(FollowerState.java:118)
2022-02-12 06:45:32,733 [grpc-default-executor-1] INFO  server.RaftServer$Division (RaftServerImpl.java:requestVote(1046)) - fbc88013-4e58-4ce2-8f92-86967c0fe77f@group-EDBCDB998DC6: receive requestVote(ELECTION, 6b353d4f-0834-494e-9b42-b1853adf5598, group-EDBCDB998DC6, 4, (t:3, i:434))
2022-02-12 06:45:32,734 [grpc-default-executor-1] INFO  impl.VoteContext (VoteContext.java:log(48)) - fbc88013-4e58-4ce2-8f92-86967c0fe77f@group-EDBCDB998DC6-FOLLOWER: reject ELECTION from 6b353d4f-0834-494e-9b42-b1853adf5598: our priority 1 > candidate's priority 0
2022-02-12 06:45:32,734 [grpc-default-executor-1] INFO  server.RaftServer$Division (RaftServerImpl.java:setRole(290)) - fbc88013-4e58-4ce2-8f92-86967c0fe77f@group-EDBCDB998DC6: changes role from  FOLLOWER to FOLLOWER at term 4 for candidate:6b353d4f-0834-494e-9b42-b1853adf5598
2022-02-12 06:45:32,734 [grpc-default-executor-1] INFO  impl.RoleInfo (RoleInfo.java:shutdownFollowerState(108)) - fbc88013-4e58-4ce2-8f92-86967c0fe77f: shutdown fbc88013-4e58-4ce2-8f92-86967c0fe77f@group-EDBCDB998DC6-FollowerState
2022-02-12 06:45:32,735 [grpc-default-executor-5] INFO  server.RaftServer$Division (RaftServerImpl.java:requestVote(1078)) - 2db57d0a-e0a4-4c64-8073-50a45d71dc35@group-EDBCDB998DC6 replies to ELECTION vote request: 6b353d4f-0834-494e-9b42-b1853adf5598<-2db57d0a-e0a4-4c64-8073-50a45d71dc35#0:OK-t4. Peer's state: 2db57d0a-e0a4-4c64-8073-50a45d71dc35@group-EDBCDB998DC6:t4, leader=null, voted=6b353d4f-0834-494e-9b42-b1853adf5598, raftlog=2db57d0a-e0a4-4c64-8073-50a45d71dc35@group-EDBCDB998DC6-SegmentedRaftLog:OPENED:c434, conf=0: [2db57d0a-e0a4-4c64-8073-50a45d71dc35|rpc:10.1.0.21:37195|dataStream:|priority:0, 6b353d4f-0834-494e-9b42-b1853adf5598|rpc:10.1.0.21:46567|dataStream:|priority:0, fbc88013-4e58-4ce2-8f92-86967c0fe77f|rpc:10.1.0.21:45123|dataStream:|priority:1], old=null
2022-02-12 06:45:32,739 [grpc-default-executor-1] INFO  impl.RoleInfo (RoleInfo.java:updateAndGet(130)) - fbc88013-4e58-4ce2-8f92-86967c0fe77f: start fbc88013-4e58-4ce2-8f92-86967c0fe77f@group-EDBCDB998DC6-FollowerState
2022-02-12 06:45:32,739 [fbc88013-4e58-4ce2-8f92-86967c0fe77f@group-EDBCDB998DC6-FollowerState] INFO  impl.FollowerState (FollowerState.java:run(143)) - fbc88013-4e58-4ce2-8f92-86967c0fe77f@group-EDBCDB998DC6-FollowerState was interrupted: {}
java.lang.InterruptedException: sleep interrupted
	at java.lang.Thread.sleep(Native Method)
	at java.lang.Thread.sleep(Thread.java:340)
	at java.util.concurrent.TimeUnit.sleep(TimeUnit.java:386)
	at org.apache.ratis.util.TimeDuration.sleep(TimeDuration.java:324)
	at org.apache.ratis.util.TimeDuration.sleep(TimeDuration.java:309)
	at org.apache.ratis.server.impl.FollowerState.run(FollowerState.java:118)
2022-02-12 06:45:32,740 [grpc-default-executor-5] INFO  ratis.XceiverServerRatis (XceiverServerRatis.java:handleLeaderChangedNotification(866)) - Leader change notification received for group: group-AD6F77E61740 with new leaderId: 6b353d4f-0834-494e-9b42-b1853adf5598
2022-02-12 06:45:32,746 [grpc-default-executor-5] INFO  server.RaftServer$Division (ServerState.java:setLeader(285)) - fbc88013-4e58-4ce2-8f92-86967c0fe77f@group-AD6F77E61740: change Leader from null to 6b353d4f-0834-494e-9b42-b1853adf5598 at term 4 for appendEntries, leader elected after 3425ms
2022-02-12 06:45:32,746 [grpc-default-executor-1] INFO  server.RaftServer$Division (RaftServerImpl.java:requestVote(1078)) - fbc88013-4e58-4ce2-8f92-86967c0fe77f@group-EDBCDB998DC6 replies to ELECTION vote request: 6b353d4f-0834-494e-9b42-b1853adf5598<-fbc88013-4e58-4ce2-8f92-86967c0fe77f#0:FAIL-t4. Peer's state: fbc88013-4e58-4ce2-8f92-86967c0fe77f@group-EDBCDB998DC6:t4, leader=null, voted=null, raftlog=fbc88013-4e58-4ce2-8f92-86967c0fe77f@group-EDBCDB998DC6-SegmentedRaftLog:OPENED:c434, conf=0: [2db57d0a-e0a4-4c64-8073-50a45d71dc35|rpc:10.1.0.21:37195|dataStream:|priority:0, 6b353d4f-0834-494e-9b42-b1853adf5598|rpc:10.1.0.21:46567|dataStream:|priority:0, fbc88013-4e58-4ce2-8f92-86967c0fe77f|rpc:10.1.0.21:45123|dataStream:|priority:1], old=null
2022-02-12 06:45:32,747 [grpc-default-executor-5] INFO  server.RaftServer$Division (RaftServerImpl.java:checkInconsistentAppendEntries(1306)) - fbc88013-4e58-4ce2-8f92-86967c0fe77f@group-AD6F77E61740: Failed appendEntries: the first entry (index 496) is already in snapshot (snapshot index: 496)
2022-02-12 06:45:32,747 [grpc-default-executor-5] INFO  server.RaftServer$Division (RaftServerImpl.java:checkInconsistentAppendEntries(1288)) - fbc88013-4e58-4ce2-8f92-86967c0fe77f@group-AD6F77E61740: inconsistency entries. Reply:6b353d4f-0834-494e-9b42-b1853adf5598<-fbc88013-4e58-4ce2-8f92-86967c0fe77f#2558:FAIL-t4,INCONSISTENCY,nextIndex=497,followerCommit=496
2022-02-12 06:45:32,749 [6b353d4f-0834-494e-9b42-b1853adf5598@group-EDBCDB998DC6-LeaderElection16] INFO  impl.LeaderElection (LeaderElection.java:logAndReturn(89)) - 6b353d4f-0834-494e-9b42-b1853adf5598@group-EDBCDB998DC6-LeaderElection16: ELECTION REJECTED received 2 response(s) and 0 exception(s):
2022-02-12 06:45:32,750 [6b353d4f-0834-494e-9b42-b1853adf5598@group-EDBCDB998DC6-LeaderElection16] INFO  impl.LeaderElection (LeaderElection.java:logAndReturn(93)) -   Response 0: 6b353d4f-0834-494e-9b42-b1853adf5598<-2db57d0a-e0a4-4c64-8073-50a45d71dc35#0:OK-t4
2022-02-12 06:45:32,750 [6b353d4f-0834-494e-9b42-b1853adf5598@group-EDBCDB998DC6-LeaderElection16] INFO  impl.LeaderElection (LeaderElection.java:logAndReturn(93)) -   Response 1: 6b353d4f-0834-494e-9b42-b1853adf5598<-fbc88013-4e58-4ce2-8f92-86967c0fe77f#0:FAIL-t4
2022-02-12 06:45:32,750 [6b353d4f-0834-494e-9b42-b1853adf5598@group-EDBCDB998DC6-LeaderElection16] INFO  impl.LeaderElection (LeaderElection.java:askForVotes(308)) - 6b353d4f-0834-494e-9b42-b1853adf5598@group-EDBCDB998DC6-LeaderElection16 ELECTION round 0: result REJECTED
2022-02-12 06:45:32,750 [6b353d4f-0834-494e-9b42-b1853adf5598@group-EDBCDB998DC6-LeaderElection16] INFO  server.RaftServer$Division (RaftServerImpl.java:setRole(290)) - 6b353d4f-0834-494e-9b42-b1853adf5598@group-EDBCDB998DC6: changes role from CANDIDATE to FOLLOWER at term 4 for REJECTED
2022-02-12 06:45:32,750 [6b353d4f-0834-494e-9b42-b1853adf5598@group-EDBCDB998DC6-LeaderElection16] INFO  impl.RoleInfo (RoleInfo.java:shutdownLeaderElection(121)) - 6b353d4f-0834-494e-9b42-b1853adf5598: shutdown 6b353d4f-0834-494e-9b42-b1853adf5598@group-EDBCDB998DC6-LeaderElection16
2022-02-12 06:45:32,750 [6b353d4f-0834-494e-9b42-b1853adf5598@group-EDBCDB998DC6-LeaderElection16] INFO  impl.RoleInfo (RoleInfo.java:updateAndGet(130)) - 6b353d4f-0834-494e-9b42-b1853adf5598: start 6b353d4f-0834-494e-9b42-b1853adf5598@group-EDBCDB998DC6-FollowerState
2022-02-12 06:45:32,753 [grpc-default-executor-1] INFO  leader.FollowerInfo (FollowerInfoImpl.java:lambda$new$0(47)) - 6b353d4f-0834-494e-9b42-b1853adf5598@group-AD6F77E61740->fbc88013-4e58-4ce2-8f92-86967c0fe77f: nextIndex: updateUnconditionally 497 -> 497
2022-02-12 06:45:32,790 [pool-418-thread-1] INFO  keyvalue.KeyValueContainer (KeyValueContainer.java:flushAndSyncDB(401)) - Container 5 is synced with bcsId 494.
2022-02-12 06:45:32,791 [pool-418-thread-1] INFO  keyvalue.KeyValueContainer (KeyValueContainer.java:flushAndSyncDB(401)) - Container 5 is synced with bcsId 494.
2022-02-12 06:45:32,801 [pool-418-thread-1] INFO  keyvalue.KeyValueContainer (KeyValueContainer.java:close(338)) - Container 5 is closed with bcsId 494.
2022-02-12 06:45:32,854 [EventQueue-HealthyReadonlyNodeForHealthyReadOnlyNodeHandler] INFO  node.HealthyReadOnlyNodeHandler (HealthyReadOnlyNodeHandler.java:onMessage(58)) - Datanode fbc88013-4e58-4ce2-8f92-86967c0fe77f{ip: 10.1.0.21, host: fv-az59-317.csjynl4pkq3e1pkirw3ssqjfoh.cx.internal.cloudapp.net, ports: [REPLICATION=33825, RATIS=45123, RATIS_ADMIN=45123, RATIS_SERVER=45123, STANDALONE=38911], networkLocation: /default-rack, certSerialId: null, persistedOpState: IN_SERVICE, persistedOpStateExpiryEpochSec: 0} moved to HEALTHY READONLY state.
2022-02-12 06:45:32,854 [EventQueue-HealthyReadonlyNodeForHealthyReadOnlyNodeHandler] INFO  node.HealthyReadOnlyNodeHandler (HealthyReadOnlyNodeHandler.java:onMessage(62)) - Closing pipeline PipelineID=dc9c6eaf-5f19-4c16-aa47-121f44cfae00 which uses HEALTHY READONLY datanode fbc88013-4e58-4ce2-8f92-86967c0fe77f{ip: 10.1.0.21, host: fv-az59-317.csjynl4pkq3e1pkirw3ssqjfoh.cx.internal.cloudapp.net, ports: [REPLICATION=33825, RATIS=45123, RATIS_ADMIN=45123, RATIS_SERVER=45123, STANDALONE=38911], networkLocation: /default-rack, certSerialId: null, persistedOpState: IN_SERVICE, persistedOpStateExpiryEpochSec: 0} 
2022-02-12 06:45:32,855 [EventQueue-HealthyReadonlyNodeForHealthyReadOnlyNodeHandler] INFO  pipeline.RatisPipelineProvider (RatisPipelineProvider.java:lambda$close$1(222)) - Send pipeline:PipelineID=dc9c6eaf-5f19-4c16-aa47-121f44cfae00 close command to datanode fbc88013-4e58-4ce2-8f92-86967c0fe77f
2022-02-12 06:45:32,859 [ac1ecc7d-e450-4f4f-aef6-4be964bb036f@group-4E713CE930C0-StateMachineUpdater] INFO  pipeline.PipelineStateManagerImpl (PipelineStateManagerImpl.java:removePipeline(223)) - Pipeline Pipeline[ Id: dc9c6eaf-5f19-4c16-aa47-121f44cfae00, Nodes: fbc88013-4e58-4ce2-8f92-86967c0fe77f{ip: 10.1.0.21, host: fv-az59-317.csjynl4pkq3e1pkirw3ssqjfoh.cx.internal.cloudapp.net, ports: [REPLICATION=33825, RATIS=45123, RATIS_ADMIN=45123, RATIS_SERVER=45123, STANDALONE=38911], networkLocation: /default-rack, certSerialId: null, persistedOpState: IN_SERVICE, persistedOpStateExpiryEpochSec: 0}, ReplicationConfig: RATIS/ONE, State:CLOSED, leaderId:fbc88013-4e58-4ce2-8f92-86967c0fe77f, CreationTimestamp2022-02-12T06:44:37.900Z[Etc/UTC]] removed.
2022-02-12 06:45:32,863 [EventQueue-HealthyReadonlyNodeForHealthyReadOnlyNodeHandler] INFO  node.HealthyReadOnlyNodeHandler (HealthyReadOnlyNodeHandler.java:onMessage(62)) - Closing pipeline PipelineID=6d9ef404-b106-488a-b221-ad6f77e61740 which uses HEALTHY READONLY datanode fbc88013-4e58-4ce2-8f92-86967c0fe77f{ip: 10.1.0.21, host: fv-az59-317.csjynl4pkq3e1pkirw3ssqjfoh.cx.internal.cloudapp.net, ports: [REPLICATION=33825, RATIS=45123, RATIS_ADMIN=45123, RATIS_SERVER=45123, STANDALONE=38911], networkLocation: /default-rack, certSerialId: null, persistedOpState: IN_SERVICE, persistedOpStateExpiryEpochSec: 0} 
2022-02-12 06:45:32,863 [EventQueue-HealthyReadonlyNodeForHealthyReadOnlyNodeHandler] INFO  pipeline.RatisPipelineProvider (RatisPipelineProvider.java:lambda$close$1(222)) - Send pipeline:PipelineID=6d9ef404-b106-488a-b221-ad6f77e61740 close command to datanode 2db57d0a-e0a4-4c64-8073-50a45d71dc35
2022-02-12 06:45:32,864 [EventQueue-HealthyReadonlyNodeForHealthyReadOnlyNodeHandler] INFO  pipeline.RatisPipelineProvider (RatisPipelineProvider.java:lambda$close$1(222)) - Send pipeline:PipelineID=6d9ef404-b106-488a-b221-ad6f77e61740 close command to datanode 6b353d4f-0834-494e-9b42-b1853adf5598
2022-02-12 06:45:32,864 [EventQueue-HealthyReadonlyNodeForHealthyReadOnlyNodeHandler] INFO  pipeline.RatisPipelineProvider (RatisPipelineProvider.java:lambda$close$1(222)) - Send pipeline:PipelineID=6d9ef404-b106-488a-b221-ad6f77e61740 close command to datanode fbc88013-4e58-4ce2-8f92-86967c0fe77f
2022-02-12 06:45:32,865 [ac1ecc7d-e450-4f4f-aef6-4be964bb036f@group-4E713CE930C0-StateMachineUpdater] INFO  pipeline.PipelineStateManagerImpl (PipelineStateManagerImpl.java:removePipeline(223)) - Pipeline Pipeline[ Id: 6d9ef404-b106-488a-b221-ad6f77e61740, Nodes: 2db57d0a-e0a4-4c64-8073-50a45d71dc35{ip: 10.1.0.21, host: fv-az59-317.csjynl4pkq3e1pkirw3ssqjfoh.cx.internal.cloudapp.net, ports: [REPLICATION=33371, RATIS=37195, RATIS_ADMIN=37195, RATIS_SERVER=37195, STANDALONE=34803], networkLocation: /default-rack, certSerialId: null, persistedOpState: IN_SERVICE, persistedOpStateExpiryEpochSec: 0}6b353d4f-0834-494e-9b42-b1853adf5598{ip: 10.1.0.21, host: fv-az59-317.csjynl4pkq3e1pkirw3ssqjfoh.cx.internal.cloudapp.net, ports: [REPLICATION=46087, RATIS=46567, RATIS_ADMIN=46567, RATIS_SERVER=46567, STANDALONE=35525], networkLocation: /default-rack, certSerialId: null, persistedOpState: IN_SERVICE, persistedOpStateExpiryEpochSec: 0}fbc88013-4e58-4ce2-8f92-86967c0fe77f{ip: 10.1.0.21, host: fv-az59-317.csjynl4pkq3e1pkirw3ssqjfoh.cx.internal.cloudapp.net, ports: [REPLICATION=33825, RATIS=45123, RATIS_ADMIN=45123, RATIS_SERVER=45123, STANDALONE=38911], networkLocation: /default-rack, certSerialId: null, persistedOpState: IN_SERVICE, persistedOpStateExpiryEpochSec: 0}, ReplicationConfig: RATIS/THREE, State:CLOSED, leaderId:6b353d4f-0834-494e-9b42-b1853adf5598, CreationTimestamp2022-02-12T06:44:38.360Z[Etc/UTC]] removed.
2022-02-12 06:45:32,866 [EventQueue-HealthyReadonlyNodeForHealthyReadOnlyNodeHandler] INFO  node.HealthyReadOnlyNodeHandler (HealthyReadOnlyNodeHandler.java:onMessage(62)) - Closing pipeline PipelineID=cc405141-49e9-43a6-8452-edbcdb998dc6 which uses HEALTHY READONLY datanode fbc88013-4e58-4ce2-8f92-86967c0fe77f{ip: 10.1.0.21, host: fv-az59-317.csjynl4pkq3e1pkirw3ssqjfoh.cx.internal.cloudapp.net, ports: [REPLICATION=33825, RATIS=45123, RATIS_ADMIN=45123, RATIS_SERVER=45123, STANDALONE=38911], networkLocation: /default-rack, certSerialId: null, persistedOpState: IN_SERVICE, persistedOpStateExpiryEpochSec: 0} 
2022-02-12 06:45:32,866 [EventQueue-HealthyReadonlyNodeForHealthyReadOnlyNodeHandler] INFO  pipeline.RatisPipelineProvider (RatisPipelineProvider.java:lambda$close$1(222)) - Send pipeline:PipelineID=cc405141-49e9-43a6-8452-edbcdb998dc6 close command to datanode 6b353d4f-0834-494e-9b42-b1853adf5598
2022-02-12 06:45:32,867 [EventQueue-HealthyReadonlyNodeForHealthyReadOnlyNodeHandler] INFO  pipeline.RatisPipelineProvider (RatisPipelineProvider.java:lambda$close$1(222)) - Send pipeline:PipelineID=cc405141-49e9-43a6-8452-edbcdb998dc6 close command to datanode fbc88013-4e58-4ce2-8f92-86967c0fe77f
2022-02-12 06:45:32,880 [EventQueue-HealthyReadonlyNodeForHealthyReadOnlyNodeHandler] INFO  pipeline.RatisPipelineProvider (RatisPipelineProvider.java:lambda$close$1(222)) - Send pipeline:PipelineID=cc405141-49e9-43a6-8452-edbcdb998dc6 close command to datanode 2db57d0a-e0a4-4c64-8073-50a45d71dc35
2022-02-12 06:45:32,882 [ac1ecc7d-e450-4f4f-aef6-4be964bb036f@group-4E713CE930C0-StateMachineUpdater] INFO  pipeline.PipelineStateManagerImpl (PipelineStateManagerImpl.java:removePipeline(223)) - Pipeline Pipeline[ Id: cc405141-49e9-43a6-8452-edbcdb998dc6, Nodes: 6b353d4f-0834-494e-9b42-b1853adf5598{ip: 10.1.0.21, host: fv-az59-317.csjynl4pkq3e1pkirw3ssqjfoh.cx.internal.cloudapp.net, ports: [REPLICATION=46087, RATIS=46567, RATIS_ADMIN=46567, RATIS_SERVER=46567, STANDALONE=35525], networkLocation: /default-rack, certSerialId: null, persistedOpState: IN_SERVICE, persistedOpStateExpiryEpochSec: 0}fbc88013-4e58-4ce2-8f92-86967c0fe77f{ip: 10.1.0.21, host: fv-az59-317.csjynl4pkq3e1pkirw3ssqjfoh.cx.internal.cloudapp.net, ports: [REPLICATION=33825, RATIS=45123, RATIS_ADMIN=45123, RATIS_SERVER=45123, STANDALONE=38911], networkLocation: /default-rack, certSerialId: null, persistedOpState: IN_SERVICE, persistedOpStateExpiryEpochSec: 0}2db57d0a-e0a4-4c64-8073-50a45d71dc35{ip: 10.1.0.21, host: fv-az59-317.csjynl4pkq3e1pkirw3ssqjfoh.cx.internal.cloudapp.net, ports: [REPLICATION=33371, RATIS=37195, RATIS_ADMIN=37195, RATIS_SERVER=37195, STANDALONE=34803], networkLocation: /default-rack, certSerialId: null, persistedOpState: IN_SERVICE, persistedOpStateExpiryEpochSec: 0}, ReplicationConfig: RATIS/THREE, State:CLOSED, leaderId:fbc88013-4e58-4ce2-8f92-86967c0fe77f, CreationTimestamp2022-02-12T06:44:38.368Z[Etc/UTC]] removed.
2022-02-12 06:45:32,955 [EventQueue-HealthyReadonlyToHealthyNodeForReadOnlyHealthyToHealthyNodeHandler] INFO  node.ReadOnlyHealthyToHealthyNodeHandler (ReadOnlyHealthyToHealthyNodeHandler.java:onMessage(51)) - Datanode fbc88013-4e58-4ce2-8f92-86967c0fe77f{ip: 10.1.0.21, host: fv-az59-317.csjynl4pkq3e1pkirw3ssqjfoh.cx.internal.cloudapp.net, ports: [REPLICATION=33825, RATIS=45123, RATIS_ADMIN=45123, RATIS_SERVER=45123, STANDALONE=38911], networkLocation: /default-rack, certSerialId: null, persistedOpState: IN_SERVICE, persistedOpStateExpiryEpochSec: 0} moved to HEALTHY state.
2022-02-12 06:45:32,955 [EventQueue-HealthyReadonlyToHealthyNodeForReadOnlyHealthyToHealthyNodeHandler] INFO  pipeline.BackgroundPipelineCreator (BackgroundPipelineCreator.java:notifyEventTriggered(285)) - trigger a one-shot run on RatisPipelineUtilsThread.
2022-02-12 06:45:32,955 [RatisPipelineUtilsThread - 0] INFO  pipeline.RatisPipelineProvider (RatisPipelineProvider.java:lambda$create$0(183)) - Sending CreatePipelineCommand for pipeline:PipelineID=22971a5f-e114-45d8-b127-391b68ece783 to datanode:fbc88013-4e58-4ce2-8f92-86967c0fe77f
2022-02-12 06:45:32,961 [ac1ecc7d-e450-4f4f-aef6-4be964bb036f@group-4E713CE930C0-StateMachineUpdater] INFO  pipeline.PipelineStateManagerImpl (PipelineStateManagerImpl.java:addPipeline(101)) - Created pipeline Pipeline[ Id: 22971a5f-e114-45d8-b127-391b68ece783, Nodes: fbc88013-4e58-4ce2-8f92-86967c0fe77f{ip: 10.1.0.21, host: fv-az59-317.csjynl4pkq3e1pkirw3ssqjfoh.cx.internal.cloudapp.net, ports: [REPLICATION=33825, RATIS=45123, RATIS_ADMIN=45123, RATIS_SERVER=45123, STANDALONE=38911], networkLocation: /default-rack, certSerialId: null, persistedOpState: IN_SERVICE, persistedOpStateExpiryEpochSec: 0}, ReplicationConfig: RATIS/ONE, State:ALLOCATED, leaderId:, CreationTimestamp2022-02-12T06:45:32.955Z[Etc/UTC]].
2022-02-12 06:45:32,962 [RatisPipelineUtilsThread - 0] INFO  pipeline.RatisPipelineProvider (RatisPipelineProvider.java:lambda$create$0(183)) - Sending CreatePipelineCommand for pipeline:PipelineID=77ae296a-7d7e-41ef-aa37-07e8c718409e to datanode:2db57d0a-e0a4-4c64-8073-50a45d71dc35
2022-02-12 06:45:32,962 [RatisPipelineUtilsThread - 0] INFO  pipeline.RatisPipelineProvider (RatisPipelineProvider.java:lambda$create$0(183)) - Sending CreatePipelineCommand for pipeline:PipelineID=77ae296a-7d7e-41ef-aa37-07e8c718409e to datanode:6b353d4f-0834-494e-9b42-b1853adf5598
2022-02-12 06:45:32,962 [RatisPipelineUtilsThread - 0] INFO  pipeline.RatisPipelineProvider (RatisPipelineProvider.java:lambda$create$0(183)) - Sending CreatePipelineCommand for pipeline:PipelineID=77ae296a-7d7e-41ef-aa37-07e8c718409e to datanode:fbc88013-4e58-4ce2-8f92-86967c0fe77f
2022-02-12 06:45:32,964 [ac1ecc7d-e450-4f4f-aef6-4be964bb036f@group-4E713CE930C0-StateMachineUpdater] INFO  pipeline.PipelineStateManagerImpl (PipelineStateManagerImpl.java:addPipeline(101)) - Created pipeline Pipeline[ Id: 77ae296a-7d7e-41ef-aa37-07e8c718409e, Nodes: 2db57d0a-e0a4-4c64-8073-50a45d71dc35{ip: 10.1.0.21, host: fv-az59-317.csjynl4pkq3e1pkirw3ssqjfoh.cx.internal.cloudapp.net, ports: [REPLICATION=33371, RATIS=37195, RATIS_ADMIN=37195, RATIS_SERVER=37195, STANDALONE=34803], networkLocation: /default-rack, certSerialId: null, persistedOpState: IN_SERVICE, persistedOpStateExpiryEpochSec: 0}6b353d4f-0834-494e-9b42-b1853adf5598{ip: 10.1.0.21, host: fv-az59-317.csjynl4pkq3e1pkirw3ssqjfoh.cx.internal.cloudapp.net, ports: [REPLICATION=46087, RATIS=46567, RATIS_ADMIN=46567, RATIS_SERVER=46567, STANDALONE=35525], networkLocation: /default-rack, certSerialId: null, persistedOpState: IN_SERVICE, persistedOpStateExpiryEpochSec: 0}fbc88013-4e58-4ce2-8f92-86967c0fe77f{ip: 10.1.0.21, host: fv-az59-317.csjynl4pkq3e1pkirw3ssqjfoh.cx.internal.cloudapp.net, ports: [REPLICATION=33825, RATIS=45123, RATIS_ADMIN=45123, RATIS_SERVER=45123, STANDALONE=38911], networkLocation: /default-rack, certSerialId: null, persistedOpState: IN_SERVICE, persistedOpStateExpiryEpochSec: 0}, ReplicationConfig: RATIS/THREE, State:ALLOCATED, leaderId:, CreationTimestamp2022-02-12T06:45:32.962Z[Etc/UTC]].
2022-02-12 06:45:32,969 [RatisPipelineUtilsThread - 0] INFO  pipeline.RatisPipelineProvider (RatisPipelineProvider.java:lambda$create$0(183)) - Sending CreatePipelineCommand for pipeline:PipelineID=c4dc2180-af44-4c9f-bc0f-6c01376ee677 to datanode:fbc88013-4e58-4ce2-8f92-86967c0fe77f
2022-02-12 06:45:32,970 [RatisPipelineUtilsThread - 0] INFO  pipeline.RatisPipelineProvider (RatisPipelineProvider.java:lambda$create$0(183)) - Sending CreatePipelineCommand for pipeline:PipelineID=c4dc2180-af44-4c9f-bc0f-6c01376ee677 to datanode:6b353d4f-0834-494e-9b42-b1853adf5598
2022-02-12 06:45:32,971 [RatisPipelineUtilsThread - 0] INFO  pipeline.RatisPipelineProvider (RatisPipelineProvider.java:lambda$create$0(183)) - Sending CreatePipelineCommand for pipeline:PipelineID=c4dc2180-af44-4c9f-bc0f-6c01376ee677 to datanode:2db57d0a-e0a4-4c64-8073-50a45d71dc35
2022-02-12 06:45:32,976 [ac1ecc7d-e450-4f4f-aef6-4be964bb036f@group-4E713CE930C0-StateMachineUpdater] INFO  pipeline.PipelineStateManagerImpl (PipelineStateManagerImpl.java:addPipeline(101)) - Created pipeline Pipeline[ Id: c4dc2180-af44-4c9f-bc0f-6c01376ee677, Nodes: fbc88013-4e58-4ce2-8f92-86967c0fe77f{ip: 10.1.0.21, host: fv-az59-317.csjynl4pkq3e1pkirw3ssqjfoh.cx.internal.cloudapp.net, ports: [REPLICATION=33825, RATIS=45123, RATIS_ADMIN=45123, RATIS_SERVER=45123, STANDALONE=38911], networkLocation: /default-rack, certSerialId: null, persistedOpState: IN_SERVICE, persistedOpStateExpiryEpochSec: 0}6b353d4f-0834-494e-9b42-b1853adf5598{ip: 10.1.0.21, host: fv-az59-317.csjynl4pkq3e1pkirw3ssqjfoh.cx.internal.cloudapp.net, ports: [REPLICATION=46087, RATIS=46567, RATIS_ADMIN=46567, RATIS_SERVER=46567, STANDALONE=35525], networkLocation: /default-rack, certSerialId: null, persistedOpState: IN_SERVICE, persistedOpStateExpiryEpochSec: 0}2db57d0a-e0a4-4c64-8073-50a45d71dc35{ip: 10.1.0.21, host: fv-az59-317.csjynl4pkq3e1pkirw3ssqjfoh.cx.internal.cloudapp.net, ports: [REPLICATION=33371, RATIS=37195, RATIS_ADMIN=37195, RATIS_SERVER=37195, STANDALONE=34803], networkLocation: /default-rack, certSerialId: null, persistedOpState: IN_SERVICE, persistedOpStateExpiryEpochSec: 0}, ReplicationConfig: RATIS/THREE, State:ALLOCATED, leaderId:, CreationTimestamp2022-02-12T06:45:32.969Z[Etc/UTC]].
2022-02-12 06:45:32,978 [RatisPipelineUtilsThread - 0] INFO  pipeline.PipelineManagerImpl (PipelineManagerImpl.java:recordMetricsForPipeline(639)) - Pipeline: PipelineID=c4dc2180-af44-4c9f-bc0f-6c01376ee677 contains same datanodes as previous pipelines: PipelineID=77ae296a-7d7e-41ef-aa37-07e8c718409e nodeIds: fbc88013-4e58-4ce2-8f92-86967c0fe77f, 6b353d4f-0834-494e-9b42-b1853adf5598, 2db57d0a-e0a4-4c64-8073-50a45d71dc35
2022-02-12 06:45:33,036 [IPC Server handler 9 on default port 44723] INFO  ha.SequenceIdGenerator (SequenceIdGenerator.java:getNextId(127)) - Allocate a batch for delTxnId, change lastId from 0 to 1000.
2022-02-12 06:45:34,237 [Command processor thread] INFO  server.RaftServer (RaftServerProxy.java:remove(106)) - 6b353d4f-0834-494e-9b42-b1853adf5598: remove    LEADER 6b353d4f-0834-494e-9b42-b1853adf5598@group-AD6F77E61740:t4, leader=6b353d4f-0834-494e-9b42-b1853adf5598, voted=6b353d4f-0834-494e-9b42-b1853adf5598, raftlog=6b353d4f-0834-494e-9b42-b1853adf5598@group-AD6F77E61740-SegmentedRaftLog:OPENED:c498, conf=0: [2db57d0a-e0a4-4c64-8073-50a45d71dc35|rpc:10.1.0.21:37195|dataStream:|priority:0, 6b353d4f-0834-494e-9b42-b1853adf5598|rpc:10.1.0.21:46567|dataStream:|priority:1, fbc88013-4e58-4ce2-8f92-86967c0fe77f|rpc:10.1.0.21:45123|dataStream:|priority:0], old=null RUNNING
2022-02-12 06:45:34,244 [Command processor thread] INFO  server.RaftServer$Division (RaftServerImpl.java:lambda$close$4(412)) - 6b353d4f-0834-494e-9b42-b1853adf5598@group-AD6F77E61740: shutdown
2022-02-12 06:45:34,245 [Command processor thread] INFO  util.JmxRegister (JmxRegister.java:unregister(73)) - Successfully un-registered JMX Bean with object name Ratis:service=RaftServer,group=group-AD6F77E61740,id=6b353d4f-0834-494e-9b42-b1853adf5598
2022-02-12 06:45:34,245 [Command processor thread] INFO  impl.RoleInfo (RoleInfo.java:shutdownLeaderState(91)) - 6b353d4f-0834-494e-9b42-b1853adf5598: shutdown 6b353d4f-0834-494e-9b42-b1853adf5598@group-AD6F77E61740-LeaderStateImpl
2022-02-12 06:45:34,246 [6b353d4f-0834-494e-9b42-b1853adf5598@group-AD6F77E61740->2db57d0a-e0a4-4c64-8073-50a45d71dc35-GrpcLogAppender-LogAppenderDaemon] WARN  server.GrpcLogAppender (GrpcLogAppender.java:mayWait(177)) - 6b353d4f-0834-494e-9b42-b1853adf5598@group-AD6F77E61740->2db57d0a-e0a4-4c64-8073-50a45d71dc35-GrpcLogAppender: Wait interrupted by java.lang.InterruptedException
2022-02-12 06:45:34,247 [grpc-default-executor-5] INFO  server.GrpcServerProtocolService (GrpcServerProtocolService.java:onCompleted(140)) - 2db57d0a-e0a4-4c64-8073-50a45d71dc35: Completed APPEND_ENTRIES, lastRequest: 6b353d4f-0834-494e-9b42-b1853adf5598->2db57d0a-e0a4-4c64-8073-50a45d71dc35#2523-t4,previous=(t:4, i:497),leaderCommit=497,initializing? true,entries: size=1, first=(t:4, i:498), METADATAENTRY(c:497)
2022-02-12 06:45:34,247 [6b353d4f-0834-494e-9b42-b1853adf5598@group-AD6F77E61740->fbc88013-4e58-4ce2-8f92-86967c0fe77f-GrpcLogAppender-LogAppenderDaemon] WARN  server.GrpcLogAppender (GrpcLogAppender.java:mayWait(177)) - 6b353d4f-0834-494e-9b42-b1853adf5598@group-AD6F77E61740->fbc88013-4e58-4ce2-8f92-86967c0fe77f-GrpcLogAppender: Wait interrupted by java.lang.InterruptedException
2022-02-12 06:45:34,250 [grpc-default-executor-1] INFO  server.GrpcServerProtocolService (GrpcServerProtocolService.java:onCompleted(140)) - fbc88013-4e58-4ce2-8f92-86967c0fe77f: Completed APPEND_ENTRIES, lastRequest: 6b353d4f-0834-494e-9b42-b1853adf5598->fbc88013-4e58-4ce2-8f92-86967c0fe77f#2561-t4,previous=(t:4, i:497),leaderCommit=498,initializing? true,entries: size=1, first=(t:4, i:498), METADATAENTRY(c:497)
2022-02-12 06:45:34,250 [grpc-default-executor-5] INFO  server.GrpcLogAppender (GrpcLogAppender.java:onCompleted(346)) - 6b353d4f-0834-494e-9b42-b1853adf5598@group-AD6F77E61740->2db57d0a-e0a4-4c64-8073-50a45d71dc35-AppendLogResponseHandler: follower responses appendEntries COMPLETED
2022-02-12 06:45:34,250 [grpc-default-executor-5] INFO  leader.FollowerInfo (FollowerInfoImpl.java:lambda$new$0(47)) - 6b353d4f-0834-494e-9b42-b1853adf5598@group-AD6F77E61740->2db57d0a-e0a4-4c64-8073-50a45d71dc35: nextIndex: updateUnconditionally 499 -> 498
2022-02-12 06:45:34,251 [grpc-default-executor-5] INFO  server.GrpcLogAppender (GrpcLogAppender.java:onCompleted(346)) - 6b353d4f-0834-494e-9b42-b1853adf5598@group-AD6F77E61740->fbc88013-4e58-4ce2-8f92-86967c0fe77f-AppendLogResponseHandler: follower responses appendEntries COMPLETED
2022-02-12 06:45:34,251 [grpc-default-executor-5] INFO  leader.FollowerInfo (FollowerInfoImpl.java:lambda$new$0(47)) - 6b353d4f-0834-494e-9b42-b1853adf5598@group-AD6F77E61740->fbc88013-4e58-4ce2-8f92-86967c0fe77f: nextIndex: updateUnconditionally 499 -> 498
2022-02-12 06:45:34,247 [Command processor thread] INFO  impl.PendingRequests (PendingRequests.java:sendNotLeaderResponses(282)) - 6b353d4f-0834-494e-9b42-b1853adf5598@group-AD6F77E61740-PendingRequests: sendNotLeaderResponses
2022-02-12 06:45:34,261 [Command processor thread] INFO  impl.StateMachineUpdater (StateMachineUpdater.java:stopAndJoin(149)) - 6b353d4f-0834-494e-9b42-b1853adf5598@group-AD6F77E61740-StateMachineUpdater: set stopIndex = 498
2022-02-12 06:45:34,262 [6b353d4f-0834-494e-9b42-b1853adf5598@group-AD6F77E61740-StateMachineUpdater] INFO  ratis.ContainerStateMachine (ContainerStateMachine.java:takeSnapshot(299)) - group-AD6F77E61740: Taking a snapshot at:(t:4, i:498) file /home/runner/work/ozone/ozone/hadoop-ozone/integration-test/target/test-dir/MiniOzoneClusterImpl-82593cca-502f-46a3-a597-4e713ce930c0/datanode-2/data/ratis/6d9ef404-b106-488a-b221-ad6f77e61740/sm/snapshot.4_498
2022-02-12 06:45:34,264 [6b353d4f-0834-494e-9b42-b1853adf5598@group-AD6F77E61740-StateMachineUpdater] INFO  ratis.ContainerStateMachine (ContainerStateMachine.java:takeSnapshot(310)) - group-AD6F77E61740: Finished taking a snapshot at:(t:4, i:498) file:/home/runner/work/ozone/ozone/hadoop-ozone/integration-test/target/test-dir/MiniOzoneClusterImpl-82593cca-502f-46a3-a597-4e713ce930c0/datanode-2/data/ratis/6d9ef404-b106-488a-b221-ad6f77e61740/sm/snapshot.4_498 took: 2 ms
2022-02-12 06:45:34,264 [6b353d4f-0834-494e-9b42-b1853adf5598@group-AD6F77E61740-StateMachineUpdater] INFO  impl.StateMachineUpdater (StateMachineUpdater.java:takeSnapshot(281)) - 6b353d4f-0834-494e-9b42-b1853adf5598@group-AD6F77E61740-StateMachineUpdater: Took a snapshot at index 498
2022-02-12 06:45:34,264 [6b353d4f-0834-494e-9b42-b1853adf5598@group-AD6F77E61740-StateMachineUpdater] INFO  impl.StateMachineUpdater (StateMachineUpdater.java:lambda$new$0(89)) - 6b353d4f-0834-494e-9b42-b1853adf5598@group-AD6F77E61740-StateMachineUpdater: snapshotIndex: updateIncreasingly -1 -> 498
2022-02-12 06:45:34,265 [Command processor thread] INFO  server.RaftServer$Division (ServerState.java:close(419)) - 6b353d4f-0834-494e-9b42-b1853adf5598@group-AD6F77E61740: closes. applyIndex: 498
2022-02-12 06:45:34,266 [6b353d4f-0834-494e-9b42-b1853adf5598@group-AD6F77E61740-SegmentedRaftLogWorker] INFO  segmented.SegmentedRaftLogWorker (SegmentedRaftLogWorker.java:run(327)) - 6b353d4f-0834-494e-9b42-b1853adf5598@group-AD6F77E61740-SegmentedRaftLogWorker was interrupted, exiting. There are 0 tasks remaining in the queue.
2022-02-12 06:45:34,266 [Command processor thread] INFO  segmented.SegmentedRaftLogWorker (SegmentedRaftLogWorker.java:close(237)) - 6b353d4f-0834-494e-9b42-b1853adf5598@group-AD6F77E61740-SegmentedRaftLogWorker close()
2022-02-12 06:45:34,271 [Command processor thread] INFO  server.RaftServer$Division (RaftServerImpl.java:groupRemove(382)) - 6b353d4f-0834-494e-9b42-b1853adf5598@group-AD6F77E61740: Succeed to remove RaftStorageDirectory Storage Directory /home/runner/work/ozone/ozone/hadoop-ozone/integration-test/target/test-dir/MiniOzoneClusterImpl-82593cca-502f-46a3-a597-4e713ce930c0/datanode-2/data/ratis/6d9ef404-b106-488a-b221-ad6f77e61740
2022-02-12 06:45:34,271 [Command processor thread] INFO  commandhandler.ClosePipelineCommandHandler (ClosePipelineCommandHandler.java:handle(78)) - Close Pipeline PipelineID=6d9ef404-b106-488a-b221-ad6f77e61740 command on datanode 6b353d4f-0834-494e-9b42-b1853adf5598.
2022-02-12 06:45:34,271 [Command processor thread] INFO  server.RaftServer (RaftServerProxy.java:remove(106)) - 6b353d4f-0834-494e-9b42-b1853adf5598: remove  FOLLOWER 6b353d4f-0834-494e-9b42-b1853adf5598@group-EDBCDB998DC6:t4, leader=null, voted=6b353d4f-0834-494e-9b42-b1853adf5598, raftlog=6b353d4f-0834-494e-9b42-b1853adf5598@group-EDBCDB998DC6-SegmentedRaftLog:OPENED:c434, conf=0: [2db57d0a-e0a4-4c64-8073-50a45d71dc35|rpc:10.1.0.21:37195|dataStream:|priority:0, 6b353d4f-0834-494e-9b42-b1853adf5598|rpc:10.1.0.21:46567|dataStream:|priority:0, fbc88013-4e58-4ce2-8f92-86967c0fe77f|rpc:10.1.0.21:45123|dataStream:|priority:1], old=null RUNNING
2022-02-12 06:45:34,271 [Command processor thread] INFO  server.RaftServer$Division (RaftServerImpl.java:lambda$close$4(412)) - 6b353d4f-0834-494e-9b42-b1853adf5598@group-EDBCDB998DC6: shutdown
2022-02-12 06:45:34,271 [Command processor thread] INFO  util.JmxRegister (JmxRegister.java:unregister(73)) - Successfully un-registered JMX Bean with object name Ratis:service=RaftServer,group=group-EDBCDB998DC6,id=6b353d4f-0834-494e-9b42-b1853adf5598
2022-02-12 06:45:34,271 [Command processor thread] INFO  impl.RoleInfo (RoleInfo.java:shutdownFollowerState(108)) - 6b353d4f-0834-494e-9b42-b1853adf5598: shutdown 6b353d4f-0834-494e-9b42-b1853adf5598@group-EDBCDB998DC6-FollowerState
2022-02-12 06:45:34,271 [6b353d4f-0834-494e-9b42-b1853adf5598@group-EDBCDB998DC6-FollowerState] INFO  impl.FollowerState (FollowerState.java:run(143)) - 6b353d4f-0834-494e-9b42-b1853adf5598@group-EDBCDB998DC6-FollowerState was interrupted: {}
java.lang.InterruptedException: sleep interrupted
	at java.lang.Thread.sleep(Native Method)
	at java.lang.Thread.sleep(Thread.java:340)
	at java.util.concurrent.TimeUnit.sleep(TimeUnit.java:386)
	at org.apache.ratis.util.TimeDuration.sleep(TimeDuration.java:324)
	at org.apache.ratis.util.TimeDuration.sleep(TimeDuration.java:309)
	at org.apache.ratis.server.impl.FollowerState.run(FollowerState.java:118)
2022-02-12 06:45:34,273 [Command processor thread] INFO  impl.StateMachineUpdater (StateMachineUpdater.java:stopAndJoin(149)) - 6b353d4f-0834-494e-9b42-b1853adf5598@group-EDBCDB998DC6-StateMachineUpdater: set stopIndex = 434
2022-02-12 06:45:34,273 [6b353d4f-0834-494e-9b42-b1853adf5598@group-EDBCDB998DC6-StateMachineUpdater] INFO  ratis.ContainerStateMachine (ContainerStateMachine.java:takeSnapshot(299)) - group-EDBCDB998DC6: Taking a snapshot at:(t:3, i:434) file /home/runner/work/ozone/ozone/hadoop-ozone/integration-test/target/test-dir/MiniOzoneClusterImpl-82593cca-502f-46a3-a597-4e713ce930c0/datanode-2/data/ratis/cc405141-49e9-43a6-8452-edbcdb998dc6/sm/snapshot.3_434
2022-02-12 06:45:34,275 [6b353d4f-0834-494e-9b42-b1853adf5598@group-EDBCDB998DC6-StateMachineUpdater] INFO  ratis.ContainerStateMachine (ContainerStateMachine.java:takeSnapshot(310)) - group-EDBCDB998DC6: Finished taking a snapshot at:(t:3, i:434) file:/home/runner/work/ozone/ozone/hadoop-ozone/integration-test/target/test-dir/MiniOzoneClusterImpl-82593cca-502f-46a3-a597-4e713ce930c0/datanode-2/data/ratis/cc405141-49e9-43a6-8452-edbcdb998dc6/sm/snapshot.3_434 took: 2 ms
2022-02-12 06:45:34,275 [6b353d4f-0834-494e-9b42-b1853adf5598@group-EDBCDB998DC6-StateMachineUpdater] INFO  impl.StateMachineUpdater (StateMachineUpdater.java:takeSnapshot(281)) - 6b353d4f-0834-494e-9b42-b1853adf5598@group-EDBCDB998DC6-StateMachineUpdater: Took a snapshot at index 434
2022-02-12 06:45:34,275 [6b353d4f-0834-494e-9b42-b1853adf5598@group-EDBCDB998DC6-StateMachineUpdater] INFO  impl.StateMachineUpdater (StateMachineUpdater.java:lambda$new$0(89)) - 6b353d4f-0834-494e-9b42-b1853adf5598@group-EDBCDB998DC6-StateMachineUpdater: snapshotIndex: updateIncreasingly -1 -> 434
2022-02-12 06:45:34,276 [Command processor thread] INFO  server.RaftServer$Division (ServerState.java:close(419)) - 6b353d4f-0834-494e-9b42-b1853adf5598@group-EDBCDB998DC6: closes. applyIndex: 434
2022-02-12 06:45:34,276 [6b353d4f-0834-494e-9b42-b1853adf5598@group-EDBCDB998DC6-SegmentedRaftLogWorker] INFO  segmented.SegmentedRaftLogWorker (SegmentedRaftLogWorker.java:run(327)) - 6b353d4f-0834-494e-9b42-b1853adf5598@group-EDBCDB998DC6-SegmentedRaftLogWorker was interrupted, exiting. There are 0 tasks remaining in the queue.
2022-02-12 06:45:34,277 [Command processor thread] INFO  segmented.SegmentedRaftLogWorker (SegmentedRaftLogWorker.java:close(237)) - 6b353d4f-0834-494e-9b42-b1853adf5598@group-EDBCDB998DC6-SegmentedRaftLogWorker close()
2022-02-12 06:45:34,278 [Command processor thread] INFO  server.RaftServer$Division (RaftServerImpl.java:groupRemove(382)) - 6b353d4f-0834-494e-9b42-b1853adf5598@group-EDBCDB998DC6: Succeed to remove RaftStorageDirectory Storage Directory /home/runner/work/ozone/ozone/hadoop-ozone/integration-test/target/test-dir/MiniOzoneClusterImpl-82593cca-502f-46a3-a597-4e713ce930c0/datanode-2/data/ratis/cc405141-49e9-43a6-8452-edbcdb998dc6
2022-02-12 06:45:34,278 [Command processor thread] INFO  commandhandler.ClosePipelineCommandHandler (ClosePipelineCommandHandler.java:handle(78)) - Close Pipeline PipelineID=cc405141-49e9-43a6-8452-edbcdb998dc6 command on datanode 6b353d4f-0834-494e-9b42-b1853adf5598.
2022-02-12 06:45:34,280 [pool-102-thread-1] INFO  server.RaftServer$Division (RaftServerImpl.java:<init>(184)) - 6b353d4f-0834-494e-9b42-b1853adf5598: new RaftServerImpl for group-07E8C718409E:[2db57d0a-e0a4-4c64-8073-50a45d71dc35|rpc:10.1.0.21:37195|priority:0, 6b353d4f-0834-494e-9b42-b1853adf5598|rpc:10.1.0.21:46567|priority:1, fbc88013-4e58-4ce2-8f92-86967c0fe77f|rpc:10.1.0.21:45123|priority:0] with ContainerStateMachine:uninitialized
2022-02-12 06:45:34,280 [pool-102-thread-1] INFO  server.RaftServerConfigKeys (ConfUtils.java:logGet(44)) - raft.server.rpc.timeout.min = 5s (custom)
2022-02-12 06:45:34,280 [pool-102-thread-1] INFO  server.RaftServerConfigKeys (ConfUtils.java:logGet(44)) - raft.server.rpc.timeout.max = 5200ms (custom)
2022-02-12 06:45:34,280 [pool-102-thread-1] INFO  server.RaftServerConfigKeys (ConfUtils.java:logGet(44)) - raft.server.rpc.sleep.time = 25ms (default)
2022-02-12 06:45:34,280 [pool-102-thread-1] INFO  server.RaftServerConfigKeys (ConfUtils.java:logGet(44)) - raft.server.rpc.slowness.timeout = 300s (custom)
2022-02-12 06:45:34,280 [pool-102-thread-1] INFO  server.RaftServerConfigKeys (ConfUtils.java:logGet(44)) - raft.server.leaderelection.leader.step-down.wait-time = 10s (default)
2022-02-12 06:45:34,280 [pool-102-thread-1] INFO  server.RaftServerConfigKeys (ConfUtils.java:logGet(44)) - raft.server.sleep.deviation.threshold = 300ms (default)
2022-02-12 06:45:34,280 [pool-102-thread-1] INFO  server.RaftServerConfigKeys (ConfUtils.java:logGet(44)) - raft.server.log.appender.install.snapshot.enabled = false (custom)
2022-02-12 06:45:34,280 [pool-102-thread-1] INFO  server.RaftServer$Division (ServerState.java:<init>(105)) - 6b353d4f-0834-494e-9b42-b1853adf5598@group-07E8C718409E: ConfigurationManager, init=-1: [2db57d0a-e0a4-4c64-8073-50a45d71dc35|rpc:10.1.0.21:37195|priority:0, 6b353d4f-0834-494e-9b42-b1853adf5598|rpc:10.1.0.21:46567|priority:1, fbc88013-4e58-4ce2-8f92-86967c0fe77f|rpc:10.1.0.21:45123|priority:0], old=null, confs=<EMPTY_MAP>
2022-02-12 06:45:34,280 [pool-102-thread-1] INFO  server.RaftServerConfigKeys (ConfUtils.java:logGet(44)) - raft.server.storage.dir = [/home/runner/work/ozone/ozone/hadoop-ozone/integration-test/target/test-dir/MiniOzoneClusterImpl-82593cca-502f-46a3-a597-4e713ce930c0/datanode-2/data/ratis] (custom)
2022-02-12 06:45:34,280 [pool-102-thread-1] INFO  server.RaftServerConfigKeys (ConfUtils.java:logGet(44)) - raft.server.log.corruption.policy = EXCEPTION (default)
2022-02-12 06:45:34,280 [pool-102-thread-1] INFO  server.RaftServerConfigKeys (ConfUtils.java:logGet(44)) - raft.server.storage.free-space.min = 0MB (=0) (default)
2022-02-12 06:45:34,281 [pool-102-thread-1] INFO  storage.RaftStorageDirectory (RaftStorageDirectoryImpl.java:analyzeStorage(135)) - The storage directory /home/runner/work/ozone/ozone/hadoop-ozone/integration-test/target/test-dir/MiniOzoneClusterImpl-82593cca-502f-46a3-a597-4e713ce930c0/datanode-2/data/ratis/77ae296a-7d7e-41ef-aa37-07e8c718409e does not exist. Creating ...
2022-02-12 06:45:34,281 [Command processor thread] INFO  server.RaftServer (RaftServerProxy.java:addNew(95)) - 6b353d4f-0834-494e-9b42-b1853adf5598: addNew group-07E8C718409E:[2db57d0a-e0a4-4c64-8073-50a45d71dc35|rpc:10.1.0.21:37195|priority:0, 6b353d4f-0834-494e-9b42-b1853adf5598|rpc:10.1.0.21:46567|priority:1, fbc88013-4e58-4ce2-8f92-86967c0fe77f|rpc:10.1.0.21:45123|priority:0] returns group-07E8C718409E:java.util.concurrent.CompletableFuture@242161a9[Not completed]
2022-02-12 06:45:34,282 [pool-102-thread-1] INFO  storage.RaftStorageDirectory (RaftStorageDirectoryImpl.java:tryLock(230)) - Lock on /home/runner/work/ozone/ozone/hadoop-ozone/integration-test/target/test-dir/MiniOzoneClusterImpl-82593cca-502f-46a3-a597-4e713ce930c0/datanode-2/data/ratis/77ae296a-7d7e-41ef-aa37-07e8c718409e/in_use.lock acquired by nodename 26950@fv-az59-317
2022-02-12 06:45:34,283 [pool-102-thread-1] INFO  storage.RaftStorage (RaftStorageImpl.java:format(89)) - Storage directory /home/runner/work/ozone/ozone/hadoop-ozone/integration-test/target/test-dir/MiniOzoneClusterImpl-82593cca-502f-46a3-a597-4e713ce930c0/datanode-2/data/ratis/77ae296a-7d7e-41ef-aa37-07e8c718409e has been successfully formatted.
2022-02-12 06:45:34,283 [pool-102-thread-1] INFO  ratis.ContainerStateMachine (ContainerStateMachine.java:loadSnapshot(231)) - group-07E8C718409E: The snapshot info is null. Setting the last applied indexto:(t:0, i:~)
2022-02-12 06:45:34,284 [pool-102-thread-1] INFO  server.RaftServerConfigKeys (ConfUtils.java:logGet(44)) - raft.server.notification.no-leader.timeout = 300s (custom)
2022-02-12 06:45:34,284 [pool-102-thread-1] INFO  server.RaftServerConfigKeys (ConfUtils.java:logGet(44)) - raft.server.log.use.memory = false (default)
2022-02-12 06:45:34,284 [pool-102-thread-1] INFO  server.RaftServerConfigKeys (ConfUtils.java:logGet(44)) - raft.server.log.purge.gap = 1000000 (custom)
2022-02-12 06:45:34,284 [pool-102-thread-1] INFO  server.RaftServerConfigKeys (ConfUtils.java:logGet(44)) - raft.server.log.appender.buffer.byte-limit = 33554432 (custom)
2022-02-12 06:45:34,284 [pool-102-thread-1] INFO  server.RaftServerConfigKeys (ConfUtils.java:logGet(44)) - raft.server.log.segment.size.max = 1048576 (custom)
2022-02-12 06:45:34,285 [pool-102-thread-1] INFO  server.RaftServerConfigKeys (ConfUtils.java:logGet(44)) - raft.server.log.segment.cache.num.max = 2 (custom)
2022-02-12 06:45:34,285 [pool-102-thread-1] INFO  server.RaftServerConfigKeys (ConfUtils.java:logGet(44)) - raft.server.log.segment.cache.size.max = 200MB (=209715200) (default)
2022-02-12 06:45:34,285 [pool-102-thread-1] INFO  segmented.SegmentedRaftLogWorker (SegmentedRaftLogWorker.java:<init>(182)) - new 6b353d4f-0834-494e-9b42-b1853adf5598@group-07E8C718409E-SegmentedRaftLogWorker for RaftStorageImpl:Storage Directory /home/runner/work/ozone/ozone/hadoop-ozone/integration-test/target/test-dir/MiniOzoneClusterImpl-82593cca-502f-46a3-a597-4e713ce930c0/datanode-2/data/ratis/77ae296a-7d7e-41ef-aa37-07e8c718409e
2022-02-12 06:45:34,285 [pool-102-thread-1] INFO  server.RaftServerConfigKeys (ConfUtils.java:logGet(44)) - raft.server.log.queue.byte-limit = 2147483647 (custom)
2022-02-12 06:45:34,285 [pool-102-thread-1] INFO  server.RaftServerConfigKeys (ConfUtils.java:logGet(44)) - raft.server.log.queue.element-limit = 1024 (custom)
2022-02-12 06:45:34,285 [pool-102-thread-1] INFO  server.RaftServerConfigKeys (ConfUtils.java:logGet(44)) - raft.server.log.segment.size.max = 1048576 (custom)
2022-02-12 06:45:34,285 [pool-102-thread-1] INFO  server.RaftServerConfigKeys (ConfUtils.java:logGet(44)) - raft.server.log.preallocated.size = 16384 (custom)
2022-02-12 06:45:34,285 [pool-102-thread-1] INFO  server.RaftServerConfigKeys (ConfUtils.java:logGet(44)) - raft.server.log.force.sync.num = 128 (default)
2022-02-12 06:45:34,285 [pool-102-thread-1] INFO  server.RaftServerConfigKeys (ConfUtils.java:logGet(44)) - raft.server.log.statemachine.data.sync = true (default)
2022-02-12 06:45:34,286 [pool-102-thread-1] INFO  server.RaftServerConfigKeys (ConfUtils.java:logGet(44)) - raft.server.log.statemachine.data.sync.timeout = 10s (default)
2022-02-12 06:45:34,286 [pool-102-thread-1] INFO  server.RaftServerConfigKeys (ConfUtils.java:logGet(44)) - raft.server.log.statemachine.data.sync.timeout.retry = -1 (default)
2022-02-12 06:45:34,286 [pool-102-thread-1] INFO  server.RaftServerConfigKeys (ConfUtils.java:logGet(44)) - raft.server.log.write.buffer.size = 1048576 (custom)
2022-02-12 06:45:34,288 [pool-102-thread-1] INFO  server.RaftServerConfigKeys (ConfUtils.java:logGet(44)) - raft.server.log.statemachine.data.caching.enabled = true (custom)
2022-02-12 06:45:34,288 [pool-102-thread-1] INFO  segmented.SegmentedRaftLogWorker (SegmentedRaftLogWorker.java:lambda$new$0(133)) - 6b353d4f-0834-494e-9b42-b1853adf5598@group-07E8C718409E-SegmentedRaftLogWorker: flushIndex: setUnconditionally 0 -> -1
2022-02-12 06:45:34,289 [pool-102-thread-1] INFO  segmented.SegmentedRaftLogWorker (SegmentedRaftLogWorker.java:lambda$new$0(133)) - 6b353d4f-0834-494e-9b42-b1853adf5598@group-07E8C718409E-SegmentedRaftLogWorker: safeCacheEvictIndex: setUnconditionally 0 -> -1
2022-02-12 06:45:34,289 [pool-102-thread-1] INFO  server.RaftServerConfigKeys (ConfUtils.java:logGet(44)) - raft.server.snapshot.auto.trigger.enabled = true (custom)
2022-02-12 06:45:34,289 [pool-102-thread-1] INFO  server.RaftServerConfigKeys (ConfUtils.java:logGet(44)) - raft.server.snapshot.auto.trigger.threshold = 10000 (custom)
2022-02-12 06:45:34,289 [pool-102-thread-1] INFO  server.RaftServerConfigKeys (ConfUtils.java:logGet(44)) - raft.server.snapshot.retention.file.num = 5 (custom)
2022-02-12 06:45:34,289 [pool-102-thread-1] INFO  server.RaftServerConfigKeys (ConfUtils.java:logGet(44)) - raft.server.log.purge.upto.snapshot.index = false (default)
2022-02-12 06:45:34,289 [pool-102-thread-1] INFO  server.RaftServerConfigKeys (ConfUtils.java:logGet(44)) - raft.server.retrycache.expirytime = 600000ms (custom)
2022-02-12 06:45:34,289 [pool-102-thread-1] INFO  server.RaftServerConfigKeys (ConfUtils.java:logGet(44)) - raft.server.retrycache.statistics.expirytime = 100μs (default)
2022-02-12 06:45:34,290 [pool-102-thread-1] INFO  server.RaftServer$Division (RaftServerImpl.java:start(301)) - 6b353d4f-0834-494e-9b42-b1853adf5598@group-07E8C718409E: start as a follower, conf=-1: [2db57d0a-e0a4-4c64-8073-50a45d71dc35|rpc:10.1.0.21:37195|priority:0, 6b353d4f-0834-494e-9b42-b1853adf5598|rpc:10.1.0.21:46567|priority:1, fbc88013-4e58-4ce2-8f92-86967c0fe77f|rpc:10.1.0.21:45123|priority:0], old=null
2022-02-12 06:45:34,290 [pool-102-thread-1] INFO  server.RaftServer$Division (RaftServerImpl.java:setRole(290)) - 6b353d4f-0834-494e-9b42-b1853adf5598@group-07E8C718409E: changes role from      null to FOLLOWER at term 0 for startAsFollower
2022-02-12 06:45:34,290 [pool-102-thread-1] INFO  impl.RoleInfo (RoleInfo.java:updateAndGet(130)) - 6b353d4f-0834-494e-9b42-b1853adf5598: start 6b353d4f-0834-494e-9b42-b1853adf5598@group-07E8C718409E-FollowerState
2022-02-12 06:45:34,300 [pool-102-thread-1] INFO  util.JmxRegister (JmxRegister.java:tryRegister(44)) - Successfully registered JMX Bean with object name Ratis:service=RaftServer,group=group-07E8C718409E,id=6b353d4f-0834-494e-9b42-b1853adf5598
2022-02-12 06:45:34,304 [Command processor thread] INFO  ratis.XceiverServerRatis (XceiverServerRatis.java:addGroup(768)) - Created group PipelineID=77ae296a-7d7e-41ef-aa37-07e8c718409e
2022-02-12 06:45:34,312 [grpc-default-executor-1] INFO  server.RaftServer (RaftServerProxy.java:addNew(95)) - 2db57d0a-e0a4-4c64-8073-50a45d71dc35: addNew group-07E8C718409E:[2db57d0a-e0a4-4c64-8073-50a45d71dc35|rpc:10.1.0.21:37195|dataStream:|priority:0, 6b353d4f-0834-494e-9b42-b1853adf5598|rpc:10.1.0.21:46567|dataStream:|priority:1, fbc88013-4e58-4ce2-8f92-86967c0fe77f|rpc:10.1.0.21:45123|dataStream:|priority:0] returns group-07E8C718409E:java.util.concurrent.CompletableFuture@4a6f6993[Not completed]
2022-02-12 06:45:34,314 [pool-81-thread-1] INFO  server.RaftServer$Division (RaftServerImpl.java:<init>(184)) - 2db57d0a-e0a4-4c64-8073-50a45d71dc35: new RaftServerImpl for group-07E8C718409E:[2db57d0a-e0a4-4c64-8073-50a45d71dc35|rpc:10.1.0.21:37195|dataStream:|priority:0, 6b353d4f-0834-494e-9b42-b1853adf5598|rpc:10.1.0.21:46567|dataStream:|priority:1, fbc88013-4e58-4ce2-8f92-86967c0fe77f|rpc:10.1.0.21:45123|dataStream:|priority:0] with ContainerStateMachine:uninitialized
2022-02-12 06:45:34,314 [pool-81-thread-1] INFO  server.RaftServerConfigKeys (ConfUtils.java:logGet(44)) - raft.server.rpc.timeout.min = 5s (custom)
2022-02-12 06:45:34,314 [pool-81-thread-1] INFO  server.RaftServerConfigKeys (ConfUtils.java:logGet(44)) - raft.server.rpc.timeout.max = 5200ms (custom)
2022-02-12 06:45:34,314 [pool-81-thread-1] INFO  server.RaftServerConfigKeys (ConfUtils.java:logGet(44)) - raft.server.rpc.sleep.time = 25ms (default)
2022-02-12 06:45:34,314 [pool-81-thread-1] INFO  server.RaftServerConfigKeys (ConfUtils.java:logGet(44)) - raft.server.rpc.slowness.timeout = 300s (custom)
2022-02-12 06:45:34,314 [pool-81-thread-1] INFO  server.RaftServerConfigKeys (ConfUtils.java:logGet(44)) - raft.server.leaderelection.leader.step-down.wait-time = 10s (default)
2022-02-12 06:45:34,314 [pool-81-thread-1] INFO  server.RaftServerConfigKeys (ConfUtils.java:logGet(44)) - raft.server.sleep.deviation.threshold = 300ms (default)
2022-02-12 06:45:34,314 [pool-81-thread-1] INFO  server.RaftServerConfigKeys (ConfUtils.java:logGet(44)) - raft.server.log.appender.install.snapshot.enabled = false (custom)
2022-02-12 06:45:34,314 [pool-81-thread-1] INFO  server.RaftServer$Division (ServerState.java:<init>(105)) - 2db57d0a-e0a4-4c64-8073-50a45d71dc35@group-07E8C718409E: ConfigurationManager, init=-1: [2db57d0a-e0a4-4c64-8073-50a45d71dc35|rpc:10.1.0.21:37195|dataStream:|priority:0, 6b353d4f-0834-494e-9b42-b1853adf5598|rpc:10.1.0.21:46567|dataStream:|priority:1, fbc88013-4e58-4ce2-8f92-86967c0fe77f|rpc:10.1.0.21:45123|dataStream:|priority:0], old=null, confs=<EMPTY_MAP>
2022-02-12 06:45:34,314 [pool-81-thread-1] INFO  server.RaftServerConfigKeys (ConfUtils.java:logGet(44)) - raft.server.storage.dir = [/home/runner/work/ozone/ozone/hadoop-ozone/integration-test/target/test-dir/MiniOzoneClusterImpl-82593cca-502f-46a3-a597-4e713ce930c0/datanode-1/data/ratis] (custom)
2022-02-12 06:45:34,315 [pool-81-thread-1] INFO  server.RaftServerConfigKeys (ConfUtils.java:logGet(44)) - raft.server.log.corruption.policy = EXCEPTION (default)
2022-02-12 06:45:34,315 [pool-81-thread-1] INFO  server.RaftServerConfigKeys (ConfUtils.java:logGet(44)) - raft.server.storage.free-space.min = 0MB (=0) (default)
2022-02-12 06:45:34,315 [pool-81-thread-1] INFO  storage.RaftStorageDirectory (RaftStorageDirectoryImpl.java:analyzeStorage(135)) - The storage directory /home/runner/work/ozone/ozone/hadoop-ozone/integration-test/target/test-dir/MiniOzoneClusterImpl-82593cca-502f-46a3-a597-4e713ce930c0/datanode-1/data/ratis/77ae296a-7d7e-41ef-aa37-07e8c718409e does not exist. Creating ...
2022-02-12 06:45:34,316 [pool-81-thread-1] INFO  storage.RaftStorageDirectory (RaftStorageDirectoryImpl.java:tryLock(230)) - Lock on /home/runner/work/ozone/ozone/hadoop-ozone/integration-test/target/test-dir/MiniOzoneClusterImpl-82593cca-502f-46a3-a597-4e713ce930c0/datanode-1/data/ratis/77ae296a-7d7e-41ef-aa37-07e8c718409e/in_use.lock acquired by nodename 26950@fv-az59-317
2022-02-12 06:45:34,318 [pool-81-thread-1] INFO  storage.RaftStorage (RaftStorageImpl.java:format(89)) - Storage directory /home/runner/work/ozone/ozone/hadoop-ozone/integration-test/target/test-dir/MiniOzoneClusterImpl-82593cca-502f-46a3-a597-4e713ce930c0/datanode-1/data/ratis/77ae296a-7d7e-41ef-aa37-07e8c718409e has been successfully formatted.
2022-02-12 06:45:34,319 [pool-81-thread-1] INFO  ratis.ContainerStateMachine (ContainerStateMachine.java:loadSnapshot(231)) - group-07E8C718409E: The snapshot info is null. Setting the last applied indexto:(t:0, i:~)
2022-02-12 06:45:34,319 [pool-81-thread-1] INFO  server.RaftServerConfigKeys (ConfUtils.java:logGet(44)) - raft.server.notification.no-leader.timeout = 300s (custom)
2022-02-12 06:45:34,319 [pool-81-thread-1] INFO  server.RaftServerConfigKeys (ConfUtils.java:logGet(44)) - raft.server.log.use.memory = false (default)
2022-02-12 06:45:34,319 [pool-81-thread-1] INFO  server.RaftServerConfigKeys (ConfUtils.java:logGet(44)) - raft.server.log.purge.gap = 1000000 (custom)
2022-02-12 06:45:34,319 [pool-81-thread-1] INFO  server.RaftServerConfigKeys (ConfUtils.java:logGet(44)) - raft.server.log.appender.buffer.byte-limit = 33554432 (custom)
2022-02-12 06:45:34,319 [pool-81-thread-1] INFO  server.RaftServerConfigKeys (ConfUtils.java:logGet(44)) - raft.server.log.segment.size.max = 1048576 (custom)
2022-02-12 06:45:34,320 [pool-81-thread-1] INFO  server.RaftServerConfigKeys (ConfUtils.java:logGet(44)) - raft.server.log.segment.cache.num.max = 2 (custom)
2022-02-12 06:45:34,320 [pool-81-thread-1] INFO  server.RaftServerConfigKeys (ConfUtils.java:logGet(44)) - raft.server.log.segment.cache.size.max = 200MB (=209715200) (default)
2022-02-12 06:45:34,320 [pool-81-thread-1] INFO  segmented.SegmentedRaftLogWorker (SegmentedRaftLogWorker.java:<init>(182)) - new 2db57d0a-e0a4-4c64-8073-50a45d71dc35@group-07E8C718409E-SegmentedRaftLogWorker for RaftStorageImpl:Storage Directory /home/runner/work/ozone/ozone/hadoop-ozone/integration-test/target/test-dir/MiniOzoneClusterImpl-82593cca-502f-46a3-a597-4e713ce930c0/datanode-1/data/ratis/77ae296a-7d7e-41ef-aa37-07e8c718409e
2022-02-12 06:45:34,320 [pool-81-thread-1] INFO  server.RaftServerConfigKeys (ConfUtils.java:logGet(44)) - raft.server.log.queue.byte-limit = 2147483647 (custom)
2022-02-12 06:45:34,320 [pool-81-thread-1] INFO  server.RaftServerConfigKeys (ConfUtils.java:logGet(44)) - raft.server.log.queue.element-limit = 1024 (custom)
2022-02-12 06:45:34,320 [pool-81-thread-1] INFO  server.RaftServerConfigKeys (ConfUtils.java:logGet(44)) - raft.server.log.segment.size.max = 1048576 (custom)
2022-02-12 06:45:34,320 [pool-81-thread-1] INFO  server.RaftServerConfigKeys (ConfUtils.java:logGet(44)) - raft.server.log.preallocated.size = 16384 (custom)
2022-02-12 06:45:34,320 [pool-81-thread-1] INFO  server.RaftServerConfigKeys (ConfUtils.java:logGet(44)) - raft.server.log.force.sync.num = 128 (default)
2022-02-12 06:45:34,320 [pool-81-thread-1] INFO  server.RaftServerConfigKeys (ConfUtils.java:logGet(44)) - raft.server.log.statemachine.data.sync = true (default)
2022-02-12 06:45:34,320 [pool-81-thread-1] INFO  server.RaftServerConfigKeys (ConfUtils.java:logGet(44)) - raft.server.log.statemachine.data.sync.timeout = 10s (default)
2022-02-12 06:45:34,320 [pool-81-thread-1] INFO  server.RaftServerConfigKeys (ConfUtils.java:logGet(44)) - raft.server.log.statemachine.data.sync.timeout.retry = -1 (default)
2022-02-12 06:45:34,321 [pool-81-thread-1] INFO  server.RaftServerConfigKeys (ConfUtils.java:logGet(44)) - raft.server.log.write.buffer.size = 1048576 (custom)
2022-02-12 06:45:34,322 [pool-81-thread-1] INFO  server.RaftServerConfigKeys (ConfUtils.java:logGet(44)) - raft.server.log.statemachine.data.caching.enabled = true (custom)
2022-02-12 06:45:34,328 [pool-81-thread-1] INFO  segmented.SegmentedRaftLogWorker (SegmentedRaftLogWorker.java:lambda$new$0(133)) - 2db57d0a-e0a4-4c64-8073-50a45d71dc35@group-07E8C718409E-SegmentedRaftLogWorker: flushIndex: setUnconditionally 0 -> -1
2022-02-12 06:45:34,328 [pool-81-thread-1] INFO  segmented.SegmentedRaftLogWorker (SegmentedRaftLogWorker.java:lambda$new$0(133)) - 2db57d0a-e0a4-4c64-8073-50a45d71dc35@group-07E8C718409E-SegmentedRaftLogWorker: safeCacheEvictIndex: setUnconditionally 0 -> -1
2022-02-12 06:45:34,332 [pool-81-thread-1] INFO  server.RaftServerConfigKeys (ConfUtils.java:logGet(44)) - raft.server.snapshot.auto.trigger.enabled = true (custom)
2022-02-12 06:45:34,332 [pool-81-thread-1] INFO  server.RaftServerConfigKeys (ConfUtils.java:logGet(44)) - raft.server.snapshot.auto.trigger.threshold = 10000 (custom)
2022-02-12 06:45:34,332 [pool-81-thread-1] INFO  server.RaftServerConfigKeys (ConfUtils.java:logGet(44)) - raft.server.snapshot.retention.file.num = 5 (custom)
2022-02-12 06:45:34,332 [pool-81-thread-1] INFO  server.RaftServerConfigKeys (ConfUtils.java:logGet(44)) - raft.server.log.purge.upto.snapshot.index = false (default)
2022-02-12 06:45:34,332 [pool-81-thread-1] INFO  server.RaftServerConfigKeys (ConfUtils.java:logGet(44)) - raft.server.retrycache.expirytime = 600000ms (custom)
2022-02-12 06:45:34,332 [pool-81-thread-1] INFO  server.RaftServerConfigKeys (ConfUtils.java:logGet(44)) - raft.server.retrycache.statistics.expirytime = 100μs (default)
2022-02-12 06:45:34,333 [pool-81-thread-1] INFO  server.RaftServer$Division (RaftServerImpl.java:start(301)) - 2db57d0a-e0a4-4c64-8073-50a45d71dc35@group-07E8C718409E: start as a follower, conf=-1: [2db57d0a-e0a4-4c64-8073-50a45d71dc35|rpc:10.1.0.21:37195|dataStream:|priority:0, 6b353d4f-0834-494e-9b42-b1853adf5598|rpc:10.1.0.21:46567|dataStream:|priority:1, fbc88013-4e58-4ce2-8f92-86967c0fe77f|rpc:10.1.0.21:45123|dataStream:|priority:0], old=null
2022-02-12 06:45:34,333 [pool-81-thread-1] INFO  server.RaftServer$Division (RaftServerImpl.java:setRole(290)) - 2db57d0a-e0a4-4c64-8073-50a45d71dc35@group-07E8C718409E: changes role from      null to FOLLOWER at term 0 for startAsFollower
2022-02-12 06:45:34,334 [pool-81-thread-1] INFO  impl.RoleInfo (RoleInfo.java:updateAndGet(130)) - 2db57d0a-e0a4-4c64-8073-50a45d71dc35: start 2db57d0a-e0a4-4c64-8073-50a45d71dc35@group-07E8C718409E-FollowerState
2022-02-12 06:45:34,337 [pool-81-thread-1] INFO  util.JmxRegister (JmxRegister.java:tryRegister(44)) - Successfully registered JMX Bean with object name Ratis:service=RaftServer,group=group-07E8C718409E,id=2db57d0a-e0a4-4c64-8073-50a45d71dc35
2022-02-12 06:45:34,367 [grpc-default-executor-1] INFO  server.RaftServer (RaftServerProxy.java:addNew(95)) - fbc88013-4e58-4ce2-8f92-86967c0fe77f: addNew group-07E8C718409E:[2db57d0a-e0a4-4c64-8073-50a45d71dc35|rpc:10.1.0.21:37195|dataStream:|priority:0, 6b353d4f-0834-494e-9b42-b1853adf5598|rpc:10.1.0.21:46567|dataStream:|priority:1, fbc88013-4e58-4ce2-8f92-86967c0fe77f|rpc:10.1.0.21:45123|dataStream:|priority:0] returns group-07E8C718409E:java.util.concurrent.CompletableFuture@4690f061[Not completed]
2022-02-12 06:45:34,368 [pool-417-thread-1] INFO  server.RaftServer$Division (RaftServerImpl.java:<init>(184)) - fbc88013-4e58-4ce2-8f92-86967c0fe77f: new RaftServerImpl for group-07E8C718409E:[2db57d0a-e0a4-4c64-8073-50a45d71dc35|rpc:10.1.0.21:37195|dataStream:|priority:0, 6b353d4f-0834-494e-9b42-b1853adf5598|rpc:10.1.0.21:46567|dataStream:|priority:1, fbc88013-4e58-4ce2-8f92-86967c0fe77f|rpc:10.1.0.21:45123|dataStream:|priority:0] with ContainerStateMachine:uninitialized
2022-02-12 06:45:34,368 [pool-417-thread-1] INFO  server.RaftServerConfigKeys (ConfUtils.java:logGet(44)) - raft.server.rpc.timeout.min = 5s (custom)
2022-02-12 06:45:34,369 [pool-417-thread-1] INFO  server.RaftServerConfigKeys (ConfUtils.java:logGet(44)) - raft.server.rpc.timeout.max = 5200ms (custom)
2022-02-12 06:45:34,369 [pool-417-thread-1] INFO  server.RaftServerConfigKeys (ConfUtils.java:logGet(44)) - raft.server.rpc.sleep.time = 25ms (default)
2022-02-12 06:45:34,369 [pool-417-thread-1] INFO  server.RaftServerConfigKeys (ConfUtils.java:logGet(44)) - raft.server.rpc.slowness.timeout = 300s (custom)
2022-02-12 06:45:34,369 [pool-417-thread-1] INFO  server.RaftServerConfigKeys (ConfUtils.java:logGet(44)) - raft.server.leaderelection.leader.step-down.wait-time = 10s (default)
2022-02-12 06:45:34,369 [pool-417-thread-1] INFO  server.RaftServerConfigKeys (ConfUtils.java:logGet(44)) - raft.server.sleep.deviation.threshold = 300ms (default)
2022-02-12 06:45:34,369 [pool-417-thread-1] INFO  server.RaftServerConfigKeys (ConfUtils.java:logGet(44)) - raft.server.log.appender.install.snapshot.enabled = false (custom)
2022-02-12 06:45:34,369 [pool-417-thread-1] INFO  server.RaftServer$Division (ServerState.java:<init>(105)) - fbc88013-4e58-4ce2-8f92-86967c0fe77f@group-07E8C718409E: ConfigurationManager, init=-1: [2db57d0a-e0a4-4c64-8073-50a45d71dc35|rpc:10.1.0.21:37195|dataStream:|priority:0, 6b353d4f-0834-494e-9b42-b1853adf5598|rpc:10.1.0.21:46567|dataStream:|priority:1, fbc88013-4e58-4ce2-8f92-86967c0fe77f|rpc:10.1.0.21:45123|dataStream:|priority:0], old=null, confs=<EMPTY_MAP>
2022-02-12 06:45:34,369 [pool-417-thread-1] INFO  server.RaftServerConfigKeys (ConfUtils.java:logGet(44)) - raft.server.storage.dir = [/home/runner/work/ozone/ozone/hadoop-ozone/integration-test/target/test-dir/MiniOzoneClusterImpl-82593cca-502f-46a3-a597-4e713ce930c0/datanode-0/data/ratis] (custom)
2022-02-12 06:45:34,369 [pool-417-thread-1] INFO  server.RaftServerConfigKeys (ConfUtils.java:logGet(44)) - raft.server.log.corruption.policy = EXCEPTION (default)
2022-02-12 06:45:34,369 [pool-417-thread-1] INFO  server.RaftServerConfigKeys (ConfUtils.java:logGet(44)) - raft.server.storage.free-space.min = 0MB (=0) (default)
2022-02-12 06:45:34,369 [pool-417-thread-1] INFO  storage.RaftStorageDirectory (RaftStorageDirectoryImpl.java:analyzeStorage(135)) - The storage directory /home/runner/work/ozone/ozone/hadoop-ozone/integration-test/target/test-dir/MiniOzoneClusterImpl-82593cca-502f-46a3-a597-4e713ce930c0/datanode-0/data/ratis/77ae296a-7d7e-41ef-aa37-07e8c718409e does not exist. Creating ...
2022-02-12 06:45:34,371 [pool-417-thread-1] INFO  storage.RaftStorageDirectory (RaftStorageDirectoryImpl.java:tryLock(230)) - Lock on /home/runner/work/ozone/ozone/hadoop-ozone/integration-test/target/test-dir/MiniOzoneClusterImpl-82593cca-502f-46a3-a597-4e713ce930c0/datanode-0/data/ratis/77ae296a-7d7e-41ef-aa37-07e8c718409e/in_use.lock acquired by nodename 26950@fv-az59-317
2022-02-12 06:45:34,372 [pool-417-thread-1] INFO  storage.RaftStorage (RaftStorageImpl.java:format(89)) - Storage directory /home/runner/work/ozone/ozone/hadoop-ozone/integration-test/target/test-dir/MiniOzoneClusterImpl-82593cca-502f-46a3-a597-4e713ce930c0/datanode-0/data/ratis/77ae296a-7d7e-41ef-aa37-07e8c718409e has been successfully formatted.
2022-02-12 06:45:34,372 [pool-417-thread-1] INFO  ratis.ContainerStateMachine (ContainerStateMachine.java:loadSnapshot(231)) - group-07E8C718409E: The snapshot info is null. Setting the last applied indexto:(t:0, i:~)
2022-02-12 06:45:34,372 [pool-417-thread-1] INFO  server.RaftServerConfigKeys (ConfUtils.java:logGet(44)) - raft.server.notification.no-leader.timeout = 300s (custom)
2022-02-12 06:45:34,372 [pool-417-thread-1] INFO  server.RaftServerConfigKeys (ConfUtils.java:logGet(44)) - raft.server.log.use.memory = false (default)
2022-02-12 06:45:34,372 [pool-417-thread-1] INFO  server.RaftServerConfigKeys (ConfUtils.java:logGet(44)) - raft.server.log.purge.gap = 1000000 (custom)
2022-02-12 06:45:34,372 [pool-417-thread-1] INFO  server.RaftServerConfigKeys (ConfUtils.java:logGet(44)) - raft.server.log.appender.buffer.byte-limit = 33554432 (custom)
2022-02-12 06:45:34,372 [pool-417-thread-1] INFO  server.RaftServerConfigKeys (ConfUtils.java:logGet(44)) - raft.server.log.segment.size.max = 1048576 (custom)
2022-02-12 06:45:34,373 [pool-417-thread-1] INFO  server.RaftServerConfigKeys (ConfUtils.java:logGet(44)) - raft.server.log.segment.cache.num.max = 2 (custom)
2022-02-12 06:45:34,373 [pool-417-thread-1] INFO  server.RaftServerConfigKeys (ConfUtils.java:logGet(44)) - raft.server.log.segment.cache.size.max = 200MB (=209715200) (default)
2022-02-12 06:45:34,373 [pool-417-thread-1] INFO  segmented.SegmentedRaftLogWorker (SegmentedRaftLogWorker.java:<init>(182)) - new fbc88013-4e58-4ce2-8f92-86967c0fe77f@group-07E8C718409E-SegmentedRaftLogWorker for RaftStorageImpl:Storage Directory /home/runner/work/ozone/ozone/hadoop-ozone/integration-test/target/test-dir/MiniOzoneClusterImpl-82593cca-502f-46a3-a597-4e713ce930c0/datanode-0/data/ratis/77ae296a-7d7e-41ef-aa37-07e8c718409e
2022-02-12 06:45:34,373 [pool-417-thread-1] INFO  server.RaftServerConfigKeys (ConfUtils.java:logGet(44)) - raft.server.log.queue.byte-limit = 2147483647 (custom)
2022-02-12 06:45:34,373 [pool-417-thread-1] INFO  server.RaftServerConfigKeys (ConfUtils.java:logGet(44)) - raft.server.log.queue.element-limit = 1024 (custom)
2022-02-12 06:45:34,373 [pool-417-thread-1] INFO  server.RaftServerConfigKeys (ConfUtils.java:logGet(44)) - raft.server.log.segment.size.max = 1048576 (custom)
2022-02-12 06:45:34,373 [pool-417-thread-1] INFO  server.RaftServerConfigKeys (ConfUtils.java:logGet(44)) - raft.server.log.preallocated.size = 16384 (custom)
2022-02-12 06:45:34,373 [pool-417-thread-1] INFO  server.RaftServerConfigKeys (ConfUtils.java:logGet(44)) - raft.server.log.force.sync.num = 128 (default)
2022-02-12 06:45:34,373 [pool-417-thread-1] INFO  server.RaftServerConfigKeys (ConfUtils.java:logGet(44)) - raft.server.log.statemachine.data.sync = true (default)
2022-02-12 06:45:34,373 [pool-417-thread-1] INFO  server.RaftServerConfigKeys (ConfUtils.java:logGet(44)) - raft.server.log.statemachine.data.sync.timeout = 10s (default)
2022-02-12 06:45:34,373 [pool-417-thread-1] INFO  server.RaftServerConfigKeys (ConfUtils.java:logGet(44)) - raft.server.log.statemachine.data.sync.timeout.retry = -1 (default)
2022-02-12 06:45:34,374 [pool-417-thread-1] INFO  server.RaftServerConfigKeys (ConfUtils.java:logGet(44)) - raft.server.log.write.buffer.size = 1048576 (custom)
2022-02-12 06:45:34,375 [pool-417-thread-1] INFO  server.RaftServerConfigKeys (ConfUtils.java:logGet(44)) - raft.server.log.statemachine.data.caching.enabled = true (custom)
2022-02-12 06:45:34,375 [pool-417-thread-1] INFO  segmented.SegmentedRaftLogWorker (SegmentedRaftLogWorker.java:lambda$new$0(133)) - fbc88013-4e58-4ce2-8f92-86967c0fe77f@group-07E8C718409E-SegmentedRaftLogWorker: flushIndex: setUnconditionally 0 -> -1
2022-02-12 06:45:34,375 [pool-417-thread-1] INFO  segmented.SegmentedRaftLogWorker (SegmentedRaftLogWorker.java:lambda$new$0(133)) - fbc88013-4e58-4ce2-8f92-86967c0fe77f@group-07E8C718409E-SegmentedRaftLogWorker: safeCacheEvictIndex: setUnconditionally 0 -> -1
2022-02-12 06:45:34,377 [EventQueue-PipelineReportForPipelineReportHandler] INFO  pipeline.PipelineReportHandler (PipelineReportHandler.java:processPipelineReport(113)) - Reported pipeline PipelineID=dc9c6eaf-5f19-4c16-aa47-121f44cfae00 is not found
2022-02-12 06:45:34,377 [EventQueue-PipelineReportForPipelineReportHandler] INFO  pipeline.PipelineReportHandler (PipelineReportHandler.java:processPipelineReport(113)) - Reported pipeline PipelineID=6d9ef404-b106-488a-b221-ad6f77e61740 is not found
2022-02-12 06:45:34,377 [EventQueue-PipelineReportForPipelineReportHandler] INFO  pipeline.PipelineReportHandler (PipelineReportHandler.java:processPipelineReport(113)) - Reported pipeline PipelineID=cc405141-49e9-43a6-8452-edbcdb998dc6 is not found
2022-02-12 06:45:34,383 [pool-417-thread-1] INFO  server.RaftServerConfigKeys (ConfUtils.java:logGet(44)) - raft.server.snapshot.auto.trigger.enabled = true (custom)
2022-02-12 06:45:34,384 [pool-417-thread-1] INFO  server.RaftServerConfigKeys (ConfUtils.java:logGet(44)) - raft.server.snapshot.auto.trigger.threshold = 10000 (custom)
2022-02-12 06:45:34,384 [pool-417-thread-1] INFO  server.RaftServerConfigKeys (ConfUtils.java:logGet(44)) - raft.server.snapshot.retention.file.num = 5 (custom)
2022-02-12 06:45:34,384 [pool-417-thread-1] INFO  server.RaftServerConfigKeys (ConfUtils.java:logGet(44)) - raft.server.log.purge.upto.snapshot.index = false (default)
2022-02-12 06:45:34,384 [pool-417-thread-1] INFO  server.RaftServerConfigKeys (ConfUtils.java:logGet(44)) - raft.server.retrycache.expirytime = 600000ms (custom)
2022-02-12 06:45:34,384 [pool-417-thread-1] INFO  server.RaftServerConfigKeys (ConfUtils.java:logGet(44)) - raft.server.retrycache.statistics.expirytime = 100μs (default)
2022-02-12 06:45:34,385 [pool-417-thread-1] INFO  server.RaftServer$Division (RaftServerImpl.java:start(301)) - fbc88013-4e58-4ce2-8f92-86967c0fe77f@group-07E8C718409E: start as a follower, conf=-1: [2db57d0a-e0a4-4c64-8073-50a45d71dc35|rpc:10.1.0.21:37195|dataStream:|priority:0, 6b353d4f-0834-494e-9b42-b1853adf5598|rpc:10.1.0.21:46567|dataStream:|priority:1, fbc88013-4e58-4ce2-8f92-86967c0fe77f|rpc:10.1.0.21:45123|dataStream:|priority:0], old=null
2022-02-12 06:45:34,385 [pool-417-thread-1] INFO  server.RaftServer$Division (RaftServerImpl.java:setRole(290)) - fbc88013-4e58-4ce2-8f92-86967c0fe77f@group-07E8C718409E: changes role from      null to FOLLOWER at term 0 for startAsFollower
2022-02-12 06:45:34,385 [pool-417-thread-1] INFO  impl.RoleInfo (RoleInfo.java:updateAndGet(130)) - fbc88013-4e58-4ce2-8f92-86967c0fe77f: start fbc88013-4e58-4ce2-8f92-86967c0fe77f@group-07E8C718409E-FollowerState
2022-02-12 06:45:34,385 [pool-417-thread-1] INFO  util.JmxRegister (JmxRegister.java:tryRegister(44)) - Successfully registered JMX Bean with object name Ratis:service=RaftServer,group=group-07E8C718409E,id=fbc88013-4e58-4ce2-8f92-86967c0fe77f
2022-02-12 06:45:34,400 [Command processor thread] INFO  commandhandler.CreatePipelineCommandHandler (CreatePipelineCommandHandler.java:handle(106)) - Created Pipeline RATIS THREE PipelineID=77ae296a-7d7e-41ef-aa37-07e8c718409e.
2022-02-12 06:45:34,400 [Command processor thread] INFO  server.RaftServer (RaftServerProxy.java:addNew(95)) - 6b353d4f-0834-494e-9b42-b1853adf5598: addNew group-6C01376EE677:[2db57d0a-e0a4-4c64-8073-50a45d71dc35|rpc:10.1.0.21:37195|priority:0, 6b353d4f-0834-494e-9b42-b1853adf5598|rpc:10.1.0.21:46567|priority:0, fbc88013-4e58-4ce2-8f92-86967c0fe77f|rpc:10.1.0.21:45123|priority:1] returns group-6C01376EE677:java.util.concurrent.CompletableFuture@4004956e[Not completed]
2022-02-12 06:45:34,402 [pool-102-thread-1] INFO  server.RaftServer$Division (RaftServerImpl.java:<init>(184)) - 6b353d4f-0834-494e-9b42-b1853adf5598: new RaftServerImpl for group-6C01376EE677:[2db57d0a-e0a4-4c64-8073-50a45d71dc35|rpc:10.1.0.21:37195|priority:0, 6b353d4f-0834-494e-9b42-b1853adf5598|rpc:10.1.0.21:46567|priority:0, fbc88013-4e58-4ce2-8f92-86967c0fe77f|rpc:10.1.0.21:45123|priority:1] with ContainerStateMachine:uninitialized
2022-02-12 06:45:34,402 [pool-102-thread-1] INFO  server.RaftServerConfigKeys (ConfUtils.java:logGet(44)) - raft.server.rpc.timeout.min = 5s (custom)
2022-02-12 06:45:34,402 [pool-102-thread-1] INFO  server.RaftServerConfigKeys (ConfUtils.java:logGet(44)) - raft.server.rpc.timeout.max = 5200ms (custom)
2022-02-12 06:45:34,402 [pool-102-thread-1] INFO  server.RaftServerConfigKeys (ConfUtils.java:logGet(44)) - raft.server.rpc.sleep.time = 25ms (default)
2022-02-12 06:45:34,402 [pool-102-thread-1] INFO  server.RaftServerConfigKeys (ConfUtils.java:logGet(44)) - raft.server.rpc.slowness.timeout = 300s (custom)
2022-02-12 06:45:34,402 [pool-102-thread-1] INFO  server.RaftServerConfigKeys (ConfUtils.java:logGet(44)) - raft.server.leaderelection.leader.step-down.wait-time = 10s (default)
2022-02-12 06:45:34,403 [pool-102-thread-1] INFO  server.RaftServerConfigKeys (ConfUtils.java:logGet(44)) - raft.server.sleep.deviation.threshold = 300ms (default)
2022-02-12 06:45:34,403 [pool-102-thread-1] INFO  server.RaftServerConfigKeys (ConfUtils.java:logGet(44)) - raft.server.log.appender.install.snapshot.enabled = false (custom)
2022-02-12 06:45:34,403 [pool-102-thread-1] INFO  server.RaftServer$Division (ServerState.java:<init>(105)) - 6b353d4f-0834-494e-9b42-b1853adf5598@group-6C01376EE677: ConfigurationManager, init=-1: [2db57d0a-e0a4-4c64-8073-50a45d71dc35|rpc:10.1.0.21:37195|priority:0, 6b353d4f-0834-494e-9b42-b1853adf5598|rpc:10.1.0.21:46567|priority:0, fbc88013-4e58-4ce2-8f92-86967c0fe77f|rpc:10.1.0.21:45123|priority:1], old=null, confs=<EMPTY_MAP>
2022-02-12 06:45:34,403 [pool-102-thread-1] INFO  server.RaftServerConfigKeys (ConfUtils.java:logGet(44)) - raft.server.storage.dir = [/home/runner/work/ozone/ozone/hadoop-ozone/integration-test/target/test-dir/MiniOzoneClusterImpl-82593cca-502f-46a3-a597-4e713ce930c0/datanode-2/data/ratis] (custom)
2022-02-12 06:45:34,403 [pool-102-thread-1] INFO  server.RaftServerConfigKeys (ConfUtils.java:logGet(44)) - raft.server.log.corruption.policy = EXCEPTION (default)
2022-02-12 06:45:34,403 [pool-102-thread-1] INFO  server.RaftServerConfigKeys (ConfUtils.java:logGet(44)) - raft.server.storage.free-space.min = 0MB (=0) (default)
2022-02-12 06:45:34,403 [pool-102-thread-1] INFO  storage.RaftStorageDirectory (RaftStorageDirectoryImpl.java:analyzeStorage(135)) - The storage directory /home/runner/work/ozone/ozone/hadoop-ozone/integration-test/target/test-dir/MiniOzoneClusterImpl-82593cca-502f-46a3-a597-4e713ce930c0/datanode-2/data/ratis/c4dc2180-af44-4c9f-bc0f-6c01376ee677 does not exist. Creating ...
2022-02-12 06:45:34,404 [pool-102-thread-1] INFO  storage.RaftStorageDirectory (RaftStorageDirectoryImpl.java:tryLock(230)) - Lock on /home/runner/work/ozone/ozone/hadoop-ozone/integration-test/target/test-dir/MiniOzoneClusterImpl-82593cca-502f-46a3-a597-4e713ce930c0/datanode-2/data/ratis/c4dc2180-af44-4c9f-bc0f-6c01376ee677/in_use.lock acquired by nodename 26950@fv-az59-317
2022-02-12 06:45:34,406 [pool-102-thread-1] INFO  storage.RaftStorage (RaftStorageImpl.java:format(89)) - Storage directory /home/runner/work/ozone/ozone/hadoop-ozone/integration-test/target/test-dir/MiniOzoneClusterImpl-82593cca-502f-46a3-a597-4e713ce930c0/datanode-2/data/ratis/c4dc2180-af44-4c9f-bc0f-6c01376ee677 has been successfully formatted.
2022-02-12 06:45:34,406 [pool-102-thread-1] INFO  ratis.ContainerStateMachine (ContainerStateMachine.java:loadSnapshot(231)) - group-6C01376EE677: The snapshot info is null. Setting the last applied indexto:(t:0, i:~)
2022-02-12 06:45:34,407 [pool-102-thread-1] INFO  server.RaftServerConfigKeys (ConfUtils.java:logGet(44)) - raft.server.notification.no-leader.timeout = 300s (custom)
2022-02-12 06:45:34,407 [pool-102-thread-1] INFO  server.RaftServerConfigKeys (ConfUtils.java:logGet(44)) - raft.server.log.use.memory = false (default)
2022-02-12 06:45:34,408 [pool-102-thread-1] INFO  server.RaftServerConfigKeys (ConfUtils.java:logGet(44)) - raft.server.log.purge.gap = 1000000 (custom)
2022-02-12 06:45:34,408 [pool-102-thread-1] INFO  server.RaftServerConfigKeys (ConfUtils.java:logGet(44)) - raft.server.log.appender.buffer.byte-limit = 33554432 (custom)
2022-02-12 06:45:34,409 [pool-102-thread-1] INFO  server.RaftServerConfigKeys (ConfUtils.java:logGet(44)) - raft.server.log.segment.size.max = 1048576 (custom)
2022-02-12 06:45:34,409 [pool-102-thread-1] INFO  server.RaftServerConfigKeys (ConfUtils.java:logGet(44)) - raft.server.log.segment.cache.num.max = 2 (custom)
2022-02-12 06:45:34,409 [pool-102-thread-1] INFO  server.RaftServerConfigKeys (ConfUtils.java:logGet(44)) - raft.server.log.segment.cache.size.max = 200MB (=209715200) (default)
2022-02-12 06:45:34,409 [pool-102-thread-1] INFO  segmented.SegmentedRaftLogWorker (SegmentedRaftLogWorker.java:<init>(182)) - new 6b353d4f-0834-494e-9b42-b1853adf5598@group-6C01376EE677-SegmentedRaftLogWorker for RaftStorageImpl:Storage Directory /home/runner/work/ozone/ozone/hadoop-ozone/integration-test/target/test-dir/MiniOzoneClusterImpl-82593cca-502f-46a3-a597-4e713ce930c0/datanode-2/data/ratis/c4dc2180-af44-4c9f-bc0f-6c01376ee677
2022-02-12 06:45:34,409 [pool-102-thread-1] INFO  server.RaftServerConfigKeys (ConfUtils.java:logGet(44)) - raft.server.log.queue.byte-limit = 2147483647 (custom)
2022-02-12 06:45:34,409 [pool-102-thread-1] INFO  server.RaftServerConfigKeys (ConfUtils.java:logGet(44)) - raft.server.log.queue.element-limit = 1024 (custom)
2022-02-12 06:45:34,409 [pool-102-thread-1] INFO  server.RaftServerConfigKeys (ConfUtils.java:logGet(44)) - raft.server.log.segment.size.max = 1048576 (custom)
2022-02-12 06:45:34,409 [pool-102-thread-1] INFO  server.RaftServerConfigKeys (ConfUtils.java:logGet(44)) - raft.server.log.preallocated.size = 16384 (custom)
2022-02-12 06:45:34,409 [pool-102-thread-1] INFO  server.RaftServerConfigKeys (ConfUtils.java:logGet(44)) - raft.server.log.force.sync.num = 128 (default)
2022-02-12 06:45:34,410 [pool-102-thread-1] INFO  server.RaftServerConfigKeys (ConfUtils.java:logGet(44)) - raft.server.log.statemachine.data.sync = true (default)
2022-02-12 06:45:34,410 [pool-102-thread-1] INFO  server.RaftServerConfigKeys (ConfUtils.java:logGet(44)) - raft.server.log.statemachine.data.sync.timeout = 10s (default)
2022-02-12 06:45:34,410 [pool-102-thread-1] INFO  server.RaftServerConfigKeys (ConfUtils.java:logGet(44)) - raft.server.log.statemachine.data.sync.timeout.retry = -1 (default)
2022-02-12 06:45:34,411 [pool-102-thread-1] INFO  server.RaftServerConfigKeys (ConfUtils.java:logGet(44)) - raft.server.log.write.buffer.size = 1048576 (custom)
2022-02-12 06:45:34,412 [pool-102-thread-1] INFO  server.RaftServerConfigKeys (ConfUtils.java:logGet(44)) - raft.server.log.statemachine.data.caching.enabled = true (custom)
2022-02-12 06:45:34,412 [pool-102-thread-1] INFO  segmented.SegmentedRaftLogWorker (SegmentedRaftLogWorker.java:lambda$new$0(133)) - 6b353d4f-0834-494e-9b42-b1853adf5598@group-6C01376EE677-SegmentedRaftLogWorker: flushIndex: setUnconditionally 0 -> -1
2022-02-12 06:45:34,412 [pool-102-thread-1] INFO  segmented.SegmentedRaftLogWorker (SegmentedRaftLogWorker.java:lambda$new$0(133)) - 6b353d4f-0834-494e-9b42-b1853adf5598@group-6C01376EE677-SegmentedRaftLogWorker: safeCacheEvictIndex: setUnconditionally 0 -> -1
2022-02-12 06:45:34,412 [pool-102-thread-1] INFO  server.RaftServerConfigKeys (ConfUtils.java:logGet(44)) - raft.server.snapshot.auto.trigger.enabled = true (custom)
2022-02-12 06:45:34,413 [pool-102-thread-1] INFO  server.RaftServerConfigKeys (ConfUtils.java:logGet(44)) - raft.server.snapshot.auto.trigger.threshold = 10000 (custom)
2022-02-12 06:45:34,413 [pool-102-thread-1] INFO  server.RaftServerConfigKeys (ConfUtils.java:logGet(44)) - raft.server.snapshot.retention.file.num = 5 (custom)
2022-02-12 06:45:34,413 [pool-102-thread-1] INFO  server.RaftServerConfigKeys (ConfUtils.java:logGet(44)) - raft.server.log.purge.upto.snapshot.index = false (default)
2022-02-12 06:45:34,413 [pool-102-thread-1] INFO  server.RaftServerConfigKeys (ConfUtils.java:logGet(44)) - raft.server.retrycache.expirytime = 600000ms (custom)
2022-02-12 06:45:34,413 [pool-102-thread-1] INFO  server.RaftServerConfigKeys (ConfUtils.java:logGet(44)) - raft.server.retrycache.statistics.expirytime = 100μs (default)
2022-02-12 06:45:34,413 [pool-102-thread-1] INFO  server.RaftServer$Division (RaftServerImpl.java:start(301)) - 6b353d4f-0834-494e-9b42-b1853adf5598@group-6C01376EE677: start as a follower, conf=-1: [2db57d0a-e0a4-4c64-8073-50a45d71dc35|rpc:10.1.0.21:37195|priority:0, 6b353d4f-0834-494e-9b42-b1853adf5598|rpc:10.1.0.21:46567|priority:0, fbc88013-4e58-4ce2-8f92-86967c0fe77f|rpc:10.1.0.21:45123|priority:1], old=null
2022-02-12 06:45:34,414 [pool-102-thread-1] INFO  server.RaftServer$Division (RaftServerImpl.java:setRole(290)) - 6b353d4f-0834-494e-9b42-b1853adf5598@group-6C01376EE677: changes role from      null to FOLLOWER at term 0 for startAsFollower
2022-02-12 06:45:34,414 [pool-102-thread-1] INFO  impl.RoleInfo (RoleInfo.java:updateAndGet(130)) - 6b353d4f-0834-494e-9b42-b1853adf5598: start 6b353d4f-0834-494e-9b42-b1853adf5598@group-6C01376EE677-FollowerState
2022-02-12 06:45:34,418 [pool-102-thread-1] INFO  util.JmxRegister (JmxRegister.java:tryRegister(44)) - Successfully registered JMX Bean with object name Ratis:service=RaftServer,group=group-6C01376EE677,id=6b353d4f-0834-494e-9b42-b1853adf5598
2022-02-12 06:45:34,419 [Command processor thread] INFO  ratis.XceiverServerRatis (XceiverServerRatis.java:addGroup(768)) - Created group PipelineID=c4dc2180-af44-4c9f-bc0f-6c01376ee677
2022-02-12 06:45:34,429 [grpc-default-executor-1] INFO  server.RaftServer (RaftServerProxy.java:addNew(95)) - fbc88013-4e58-4ce2-8f92-86967c0fe77f: addNew group-6C01376EE677:[2db57d0a-e0a4-4c64-8073-50a45d71dc35|rpc:10.1.0.21:37195|dataStream:|priority:0, 6b353d4f-0834-494e-9b42-b1853adf5598|rpc:10.1.0.21:46567|dataStream:|priority:0, fbc88013-4e58-4ce2-8f92-86967c0fe77f|rpc:10.1.0.21:45123|dataStream:|priority:1] returns group-6C01376EE677:java.util.concurrent.CompletableFuture@7bb7fd8b[Not completed]
2022-02-12 06:45:34,430 [pool-417-thread-1] INFO  server.RaftServer$Division (RaftServerImpl.java:<init>(184)) - fbc88013-4e58-4ce2-8f92-86967c0fe77f: new RaftServerImpl for group-6C01376EE677:[2db57d0a-e0a4-4c64-8073-50a45d71dc35|rpc:10.1.0.21:37195|dataStream:|priority:0, 6b353d4f-0834-494e-9b42-b1853adf5598|rpc:10.1.0.21:46567|dataStream:|priority:0, fbc88013-4e58-4ce2-8f92-86967c0fe77f|rpc:10.1.0.21:45123|dataStream:|priority:1] with ContainerStateMachine:uninitialized
2022-02-12 06:45:34,430 [pool-417-thread-1] INFO  server.RaftServerConfigKeys (ConfUtils.java:logGet(44)) - raft.server.rpc.timeout.min = 5s (custom)
2022-02-12 06:45:34,430 [pool-417-thread-1] INFO  server.RaftServerConfigKeys (ConfUtils.java:logGet(44)) - raft.server.rpc.timeout.max = 5200ms (custom)
2022-02-12 06:45:34,430 [pool-417-thread-1] INFO  server.RaftServerConfigKeys (ConfUtils.java:logGet(44)) - raft.server.rpc.sleep.time = 25ms (default)
2022-02-12 06:45:34,430 [pool-417-thread-1] INFO  server.RaftServerConfigKeys (ConfUtils.java:logGet(44)) - raft.server.rpc.slowness.timeout = 300s (custom)
2022-02-12 06:45:34,430 [pool-417-thread-1] INFO  server.RaftServerConfigKeys (ConfUtils.java:logGet(44)) - raft.server.leaderelection.leader.step-down.wait-time = 10s (default)
2022-02-12 06:45:34,430 [pool-417-thread-1] INFO  server.RaftServerConfigKeys (ConfUtils.java:logGet(44)) - raft.server.sleep.deviation.threshold = 300ms (default)
2022-02-12 06:45:34,430 [pool-417-thread-1] INFO  server.RaftServerConfigKeys (ConfUtils.java:logGet(44)) - raft.server.log.appender.install.snapshot.enabled = false (custom)
2022-02-12 06:45:34,430 [pool-417-thread-1] INFO  server.RaftServer$Division (ServerState.java:<init>(105)) - fbc88013-4e58-4ce2-8f92-86967c0fe77f@group-6C01376EE677: ConfigurationManager, init=-1: [2db57d0a-e0a4-4c64-8073-50a45d71dc35|rpc:10.1.0.21:37195|dataStream:|priority:0, 6b353d4f-0834-494e-9b42-b1853adf5598|rpc:10.1.0.21:46567|dataStream:|priority:0, fbc88013-4e58-4ce2-8f92-86967c0fe77f|rpc:10.1.0.21:45123|dataStream:|priority:1], old=null, confs=<EMPTY_MAP>
2022-02-12 06:45:34,430 [pool-417-thread-1] INFO  server.RaftServerConfigKeys (ConfUtils.java:logGet(44)) - raft.server.storage.dir = [/home/runner/work/ozone/ozone/hadoop-ozone/integration-test/target/test-dir/MiniOzoneClusterImpl-82593cca-502f-46a3-a597-4e713ce930c0/datanode-0/data/ratis] (custom)
2022-02-12 06:45:34,430 [pool-417-thread-1] INFO  server.RaftServerConfigKeys (ConfUtils.java:logGet(44)) - raft.server.log.corruption.policy = EXCEPTION (default)
2022-02-12 06:45:34,430 [pool-417-thread-1] INFO  server.RaftServerConfigKeys (ConfUtils.java:logGet(44)) - raft.server.storage.free-space.min = 0MB (=0) (default)
2022-02-12 06:45:34,431 [pool-417-thread-1] INFO  storage.RaftStorageDirectory (RaftStorageDirectoryImpl.java:analyzeStorage(135)) - The storage directory /home/runner/work/ozone/ozone/hadoop-ozone/integration-test/target/test-dir/MiniOzoneClusterImpl-82593cca-502f-46a3-a597-4e713ce930c0/datanode-0/data/ratis/c4dc2180-af44-4c9f-bc0f-6c01376ee677 does not exist. Creating ...
2022-02-12 06:45:34,432 [pool-417-thread-1] INFO  storage.RaftStorageDirectory (RaftStorageDirectoryImpl.java:tryLock(230)) - Lock on /home/runner/work/ozone/ozone/hadoop-ozone/integration-test/target/test-dir/MiniOzoneClusterImpl-82593cca-502f-46a3-a597-4e713ce930c0/datanode-0/data/ratis/c4dc2180-af44-4c9f-bc0f-6c01376ee677/in_use.lock acquired by nodename 26950@fv-az59-317
2022-02-12 06:45:34,433 [pool-417-thread-1] INFO  storage.RaftStorage (RaftStorageImpl.java:format(89)) - Storage directory /home/runner/work/ozone/ozone/hadoop-ozone/integration-test/target/test-dir/MiniOzoneClusterImpl-82593cca-502f-46a3-a597-4e713ce930c0/datanode-0/data/ratis/c4dc2180-af44-4c9f-bc0f-6c01376ee677 has been successfully formatted.
2022-02-12 06:45:34,434 [pool-417-thread-1] INFO  ratis.ContainerStateMachine (ContainerStateMachine.java:loadSnapshot(231)) - group-6C01376EE677: The snapshot info is null. Setting the last applied indexto:(t:0, i:~)
2022-02-12 06:45:34,434 [pool-417-thread-1] INFO  server.RaftServerConfigKeys (ConfUtils.java:logGet(44)) - raft.server.notification.no-leader.timeout = 300s (custom)
2022-02-12 06:45:34,434 [pool-417-thread-1] INFO  server.RaftServerConfigKeys (ConfUtils.java:logGet(44)) - raft.server.log.use.memory = false (default)
2022-02-12 06:45:34,434 [pool-417-thread-1] INFO  server.RaftServerConfigKeys (ConfUtils.java:logGet(44)) - raft.server.log.purge.gap = 1000000 (custom)
2022-02-12 06:45:34,434 [pool-417-thread-1] INFO  server.RaftServerConfigKeys (ConfUtils.java:logGet(44)) - raft.server.log.appender.buffer.byte-limit = 33554432 (custom)
2022-02-12 06:45:34,434 [pool-417-thread-1] INFO  server.RaftServerConfigKeys (ConfUtils.java:logGet(44)) - raft.server.log.segment.size.max = 1048576 (custom)
2022-02-12 06:45:34,435 [pool-417-thread-1] INFO  server.RaftServerConfigKeys (ConfUtils.java:logGet(44)) - raft.server.log.segment.cache.num.max = 2 (custom)
2022-02-12 06:45:34,435 [pool-417-thread-1] INFO  server.RaftServerConfigKeys (ConfUtils.java:logGet(44)) - raft.server.log.segment.cache.size.max = 200MB (=209715200) (default)
2022-02-12 06:45:34,435 [pool-417-thread-1] INFO  segmented.SegmentedRaftLogWorker (SegmentedRaftLogWorker.java:<init>(182)) - new fbc88013-4e58-4ce2-8f92-86967c0fe77f@group-6C01376EE677-SegmentedRaftLogWorker for RaftStorageImpl:Storage Directory /home/runner/work/ozone/ozone/hadoop-ozone/integration-test/target/test-dir/MiniOzoneClusterImpl-82593cca-502f-46a3-a597-4e713ce930c0/datanode-0/data/ratis/c4dc2180-af44-4c9f-bc0f-6c01376ee677
2022-02-12 06:45:34,435 [pool-417-thread-1] INFO  server.RaftServerConfigKeys (ConfUtils.java:logGet(44)) - raft.server.log.queue.byte-limit = 2147483647 (custom)
2022-02-12 06:45:34,435 [pool-417-thread-1] INFO  server.RaftServerConfigKeys (ConfUtils.java:logGet(44)) - raft.server.log.queue.element-limit = 1024 (custom)
2022-02-12 06:45:34,435 [pool-417-thread-1] INFO  server.RaftServerConfigKeys (ConfUtils.java:logGet(44)) - raft.server.log.segment.size.max = 1048576 (custom)
2022-02-12 06:45:34,435 [pool-417-thread-1] INFO  server.RaftServerConfigKeys (ConfUtils.java:logGet(44)) - raft.server.log.preallocated.size = 16384 (custom)
2022-02-12 06:45:34,435 [pool-417-thread-1] INFO  server.RaftServerConfigKeys (ConfUtils.java:logGet(44)) - raft.server.log.force.sync.num = 128 (default)
2022-02-12 06:45:34,435 [pool-417-thread-1] INFO  server.RaftServerConfigKeys (ConfUtils.java:logGet(44)) - raft.server.log.statemachine.data.sync = true (default)
2022-02-12 06:45:34,435 [pool-417-thread-1] INFO  server.RaftServerConfigKeys (ConfUtils.java:logGet(44)) - raft.server.log.statemachine.data.sync.timeout = 10s (default)
2022-02-12 06:45:34,435 [pool-417-thread-1] INFO  server.RaftServerConfigKeys (ConfUtils.java:logGet(44)) - raft.server.log.statemachine.data.sync.timeout.retry = -1 (default)
2022-02-12 06:45:34,436 [pool-417-thread-1] INFO  server.RaftServerConfigKeys (ConfUtils.java:logGet(44)) - raft.server.log.write.buffer.size = 1048576 (custom)
2022-02-12 06:45:34,437 [EventQueue-PipelineReportForPipelineReportHandler] INFO  pipeline.PipelineReportHandler (PipelineReportHandler.java:processPipelineReport(113)) - Reported pipeline PipelineID=dc9c6eaf-5f19-4c16-aa47-121f44cfae00 is not found
2022-02-12 06:45:34,437 [EventQueue-PipelineReportForPipelineReportHandler] INFO  pipeline.PipelineReportHandler (PipelineReportHandler.java:processPipelineReport(113)) - Reported pipeline PipelineID=6d9ef404-b106-488a-b221-ad6f77e61740 is not found
2022-02-12 06:45:34,437 [EventQueue-PipelineReportForPipelineReportHandler] INFO  pipeline.PipelineReportHandler (PipelineReportHandler.java:processPipelineReport(113)) - Reported pipeline PipelineID=cc405141-49e9-43a6-8452-edbcdb998dc6 is not found
2022-02-12 06:45:34,438 [pool-417-thread-1] INFO  server.RaftServerConfigKeys (ConfUtils.java:logGet(44)) - raft.server.log.statemachine.data.caching.enabled = true (custom)
2022-02-12 06:45:34,439 [pool-417-thread-1] INFO  segmented.SegmentedRaftLogWorker (SegmentedRaftLogWorker.java:lambda$new$0(133)) - fbc88013-4e58-4ce2-8f92-86967c0fe77f@group-6C01376EE677-SegmentedRaftLogWorker: flushIndex: setUnconditionally 0 -> -1
2022-02-12 06:45:34,439 [pool-417-thread-1] INFO  segmented.SegmentedRaftLogWorker (SegmentedRaftLogWorker.java:lambda$new$0(133)) - fbc88013-4e58-4ce2-8f92-86967c0fe77f@group-6C01376EE677-SegmentedRaftLogWorker: safeCacheEvictIndex: setUnconditionally 0 -> -1
2022-02-12 06:45:34,444 [pool-417-thread-1] INFO  server.RaftServerConfigKeys (ConfUtils.java:logGet(44)) - raft.server.snapshot.auto.trigger.enabled = true (custom)
2022-02-12 06:45:34,444 [pool-417-thread-1] INFO  server.RaftServerConfigKeys (ConfUtils.java:logGet(44)) - raft.server.snapshot.auto.trigger.threshold = 10000 (custom)
2022-02-12 06:45:34,444 [pool-417-thread-1] INFO  server.RaftServerConfigKeys (ConfUtils.java:logGet(44)) - raft.server.snapshot.retention.file.num = 5 (custom)
2022-02-12 06:45:34,444 [pool-417-thread-1] INFO  server.RaftServerConfigKeys (ConfUtils.java:logGet(44)) - raft.server.log.purge.upto.snapshot.index = false (default)
2022-02-12 06:45:34,444 [pool-417-thread-1] INFO  server.RaftServerConfigKeys (ConfUtils.java:logGet(44)) - raft.server.retrycache.expirytime = 600000ms (custom)
2022-02-12 06:45:34,444 [pool-417-thread-1] INFO  server.RaftServerConfigKeys (ConfUtils.java:logGet(44)) - raft.server.retrycache.statistics.expirytime = 100μs (default)
2022-02-12 06:45:34,450 [pool-417-thread-1] INFO  server.RaftServer$Division (RaftServerImpl.java:start(301)) - fbc88013-4e58-4ce2-8f92-86967c0fe77f@group-6C01376EE677: start as a follower, conf=-1: [2db57d0a-e0a4-4c64-8073-50a45d71dc35|rpc:10.1.0.21:37195|dataStream:|priority:0, 6b353d4f-0834-494e-9b42-b1853adf5598|rpc:10.1.0.21:46567|dataStream:|priority:0, fbc88013-4e58-4ce2-8f92-86967c0fe77f|rpc:10.1.0.21:45123|dataStream:|priority:1], old=null
2022-02-12 06:45:34,450 [pool-417-thread-1] INFO  server.RaftServer$Division (RaftServerImpl.java:setRole(290)) - fbc88013-4e58-4ce2-8f92-86967c0fe77f@group-6C01376EE677: changes role from      null to FOLLOWER at term 0 for startAsFollower
2022-02-12 06:45:34,450 [pool-417-thread-1] INFO  impl.RoleInfo (RoleInfo.java:updateAndGet(130)) - fbc88013-4e58-4ce2-8f92-86967c0fe77f: start fbc88013-4e58-4ce2-8f92-86967c0fe77f@group-6C01376EE677-FollowerState
2022-02-12 06:45:34,456 [pool-417-thread-1] INFO  util.JmxRegister (JmxRegister.java:tryRegister(44)) - Successfully registered JMX Bean with object name Ratis:service=RaftServer,group=group-6C01376EE677,id=fbc88013-4e58-4ce2-8f92-86967c0fe77f
2022-02-12 06:45:34,476 [grpc-default-executor-1] INFO  server.RaftServer (RaftServerProxy.java:addNew(95)) - 2db57d0a-e0a4-4c64-8073-50a45d71dc35: addNew group-6C01376EE677:[2db57d0a-e0a4-4c64-8073-50a45d71dc35|rpc:10.1.0.21:37195|dataStream:|priority:0, 6b353d4f-0834-494e-9b42-b1853adf5598|rpc:10.1.0.21:46567|dataStream:|priority:0, fbc88013-4e58-4ce2-8f92-86967c0fe77f|rpc:10.1.0.21:45123|dataStream:|priority:1] returns group-6C01376EE677:java.util.concurrent.CompletableFuture@7a0dc480[Not completed]
2022-02-12 06:45:34,481 [pool-81-thread-1] INFO  server.RaftServer$Division (RaftServerImpl.java:<init>(184)) - 2db57d0a-e0a4-4c64-8073-50a45d71dc35: new RaftServerImpl for group-6C01376EE677:[2db57d0a-e0a4-4c64-8073-50a45d71dc35|rpc:10.1.0.21:37195|dataStream:|priority:0, 6b353d4f-0834-494e-9b42-b1853adf5598|rpc:10.1.0.21:46567|dataStream:|priority:0, fbc88013-4e58-4ce2-8f92-86967c0fe77f|rpc:10.1.0.21:45123|dataStream:|priority:1] with ContainerStateMachine:uninitialized
2022-02-12 06:45:34,481 [pool-81-thread-1] INFO  server.RaftServerConfigKeys (ConfUtils.java:logGet(44)) - raft.server.rpc.timeout.min = 5s (custom)
2022-02-12 06:45:34,481 [pool-81-thread-1] INFO  server.RaftServerConfigKeys (ConfUtils.java:logGet(44)) - raft.server.rpc.timeout.max = 5200ms (custom)
2022-02-12 06:45:34,481 [pool-81-thread-1] INFO  server.RaftServerConfigKeys (ConfUtils.java:logGet(44)) - raft.server.rpc.sleep.time = 25ms (default)
2022-02-12 06:45:34,481 [pool-81-thread-1] INFO  server.RaftServerConfigKeys (ConfUtils.java:logGet(44)) - raft.server.rpc.slowness.timeout = 300s (custom)
2022-02-12 06:45:34,481 [pool-81-thread-1] INFO  server.RaftServerConfigKeys (ConfUtils.java:logGet(44)) - raft.server.leaderelection.leader.step-down.wait-time = 10s (default)
2022-02-12 06:45:34,481 [pool-81-thread-1] INFO  server.RaftServerConfigKeys (ConfUtils.java:logGet(44)) - raft.server.sleep.deviation.threshold = 300ms (default)
2022-02-12 06:45:34,481 [pool-81-thread-1] INFO  server.RaftServerConfigKeys (ConfUtils.java:logGet(44)) - raft.server.log.appender.install.snapshot.enabled = false (custom)
2022-02-12 06:45:34,481 [pool-81-thread-1] INFO  server.RaftServer$Division (ServerState.java:<init>(105)) - 2db57d0a-e0a4-4c64-8073-50a45d71dc35@group-6C01376EE677: ConfigurationManager, init=-1: [2db57d0a-e0a4-4c64-8073-50a45d71dc35|rpc:10.1.0.21:37195|dataStream:|priority:0, 6b353d4f-0834-494e-9b42-b1853adf5598|rpc:10.1.0.21:46567|dataStream:|priority:0, fbc88013-4e58-4ce2-8f92-86967c0fe77f|rpc:10.1.0.21:45123|dataStream:|priority:1], old=null, confs=<EMPTY_MAP>
2022-02-12 06:45:34,482 [pool-81-thread-1] INFO  server.RaftServerConfigKeys (ConfUtils.java:logGet(44)) - raft.server.storage.dir = [/home/runner/work/ozone/ozone/hadoop-ozone/integration-test/target/test-dir/MiniOzoneClusterImpl-82593cca-502f-46a3-a597-4e713ce930c0/datanode-1/data/ratis] (custom)
2022-02-12 06:45:34,482 [pool-81-thread-1] INFO  server.RaftServerConfigKeys (ConfUtils.java:logGet(44)) - raft.server.log.corruption.policy = EXCEPTION (default)
2022-02-12 06:45:34,482 [pool-81-thread-1] INFO  server.RaftServerConfigKeys (ConfUtils.java:logGet(44)) - raft.server.storage.free-space.min = 0MB (=0) (default)
2022-02-12 06:45:34,482 [pool-81-thread-1] INFO  storage.RaftStorageDirectory (RaftStorageDirectoryImpl.java:analyzeStorage(135)) - The storage directory /home/runner/work/ozone/ozone/hadoop-ozone/integration-test/target/test-dir/MiniOzoneClusterImpl-82593cca-502f-46a3-a597-4e713ce930c0/datanode-1/data/ratis/c4dc2180-af44-4c9f-bc0f-6c01376ee677 does not exist. Creating ...
2022-02-12 06:45:34,483 [pool-81-thread-1] INFO  storage.RaftStorageDirectory (RaftStorageDirectoryImpl.java:tryLock(230)) - Lock on /home/runner/work/ozone/ozone/hadoop-ozone/integration-test/target/test-dir/MiniOzoneClusterImpl-82593cca-502f-46a3-a597-4e713ce930c0/datanode-1/data/ratis/c4dc2180-af44-4c9f-bc0f-6c01376ee677/in_use.lock acquired by nodename 26950@fv-az59-317
2022-02-12 06:45:34,485 [pool-81-thread-1] INFO  storage.RaftStorage (RaftStorageImpl.java:format(89)) - Storage directory /home/runner/work/ozone/ozone/hadoop-ozone/integration-test/target/test-dir/MiniOzoneClusterImpl-82593cca-502f-46a3-a597-4e713ce930c0/datanode-1/data/ratis/c4dc2180-af44-4c9f-bc0f-6c01376ee677 has been successfully formatted.
2022-02-12 06:45:34,485 [pool-81-thread-1] INFO  ratis.ContainerStateMachine (ContainerStateMachine.java:loadSnapshot(231)) - group-6C01376EE677: The snapshot info is null. Setting the last applied indexto:(t:0, i:~)
2022-02-12 06:45:34,485 [pool-81-thread-1] INFO  server.RaftServerConfigKeys (ConfUtils.java:logGet(44)) - raft.server.notification.no-leader.timeout = 300s (custom)
2022-02-12 06:45:34,485 [pool-81-thread-1] INFO  server.RaftServerConfigKeys (ConfUtils.java:logGet(44)) - raft.server.log.use.memory = false (default)
2022-02-12 06:45:34,485 [pool-81-thread-1] INFO  server.RaftServerConfigKeys (ConfUtils.java:logGet(44)) - raft.server.log.purge.gap = 1000000 (custom)
2022-02-12 06:45:34,485 [pool-81-thread-1] INFO  server.RaftServerConfigKeys (ConfUtils.java:logGet(44)) - raft.server.log.appender.buffer.byte-limit = 33554432 (custom)
2022-02-12 06:45:34,486 [pool-81-thread-1] INFO  server.RaftServerConfigKeys (ConfUtils.java:logGet(44)) - raft.server.log.segment.size.max = 1048576 (custom)
2022-02-12 06:45:34,486 [pool-81-thread-1] INFO  server.RaftServerConfigKeys (ConfUtils.java:logGet(44)) - raft.server.log.segment.cache.num.max = 2 (custom)
2022-02-12 06:45:34,486 [pool-81-thread-1] INFO  server.RaftServerConfigKeys (ConfUtils.java:logGet(44)) - raft.server.log.segment.cache.size.max = 200MB (=209715200) (default)
2022-02-12 06:45:34,486 [pool-81-thread-1] INFO  segmented.SegmentedRaftLogWorker (SegmentedRaftLogWorker.java:<init>(182)) - new 2db57d0a-e0a4-4c64-8073-50a45d71dc35@group-6C01376EE677-SegmentedRaftLogWorker for RaftStorageImpl:Storage Directory /home/runner/work/ozone/ozone/hadoop-ozone/integration-test/target/test-dir/MiniOzoneClusterImpl-82593cca-502f-46a3-a597-4e713ce930c0/datanode-1/data/ratis/c4dc2180-af44-4c9f-bc0f-6c01376ee677
2022-02-12 06:45:34,486 [pool-81-thread-1] INFO  server.RaftServerConfigKeys (ConfUtils.java:logGet(44)) - raft.server.log.queue.byte-limit = 2147483647 (custom)
2022-02-12 06:45:34,486 [pool-81-thread-1] INFO  server.RaftServerConfigKeys (ConfUtils.java:logGet(44)) - raft.server.log.queue.element-limit = 1024 (custom)
2022-02-12 06:45:34,486 [pool-81-thread-1] INFO  server.RaftServerConfigKeys (ConfUtils.java:logGet(44)) - raft.server.log.segment.size.max = 1048576 (custom)
2022-02-12 06:45:34,486 [pool-81-thread-1] INFO  server.RaftServerConfigKeys (ConfUtils.java:logGet(44)) - raft.server.log.preallocated.size = 16384 (custom)
2022-02-12 06:45:34,486 [pool-81-thread-1] INFO  server.RaftServerConfigKeys (ConfUtils.java:logGet(44)) - raft.server.log.force.sync.num = 128 (default)
2022-02-12 06:45:34,486 [pool-81-thread-1] INFO  server.RaftServerConfigKeys (ConfUtils.java:logGet(44)) - raft.server.log.statemachine.data.sync = true (default)
2022-02-12 06:45:34,486 [pool-81-thread-1] INFO  server.RaftServerConfigKeys (ConfUtils.java:logGet(44)) - raft.server.log.statemachine.data.sync.timeout = 10s (default)
2022-02-12 06:45:34,486 [pool-81-thread-1] INFO  server.RaftServerConfigKeys (ConfUtils.java:logGet(44)) - raft.server.log.statemachine.data.sync.timeout.retry = -1 (default)
2022-02-12 06:45:34,487 [pool-81-thread-1] INFO  server.RaftServerConfigKeys (ConfUtils.java:logGet(44)) - raft.server.log.write.buffer.size = 1048576 (custom)
2022-02-12 06:45:34,488 [pool-81-thread-1] INFO  server.RaftServerConfigKeys (ConfUtils.java:logGet(44)) - raft.server.log.statemachine.data.caching.enabled = true (custom)
2022-02-12 06:45:34,488 [pool-81-thread-1] INFO  segmented.SegmentedRaftLogWorker (SegmentedRaftLogWorker.java:lambda$new$0(133)) - 2db57d0a-e0a4-4c64-8073-50a45d71dc35@group-6C01376EE677-SegmentedRaftLogWorker: flushIndex: setUnconditionally 0 -> -1
2022-02-12 06:45:34,488 [pool-81-thread-1] INFO  segmented.SegmentedRaftLogWorker (SegmentedRaftLogWorker.java:lambda$new$0(133)) - 2db57d0a-e0a4-4c64-8073-50a45d71dc35@group-6C01376EE677-SegmentedRaftLogWorker: safeCacheEvictIndex: setUnconditionally 0 -> -1
2022-02-12 06:45:34,492 [pool-81-thread-1] INFO  server.RaftServerConfigKeys (ConfUtils.java:logGet(44)) - raft.server.snapshot.auto.trigger.enabled = true (custom)
2022-02-12 06:45:34,492 [pool-81-thread-1] INFO  server.RaftServerConfigKeys (ConfUtils.java:logGet(44)) - raft.server.snapshot.auto.trigger.threshold = 10000 (custom)
2022-02-12 06:45:34,492 [pool-81-thread-1] INFO  server.RaftServerConfigKeys (ConfUtils.java:logGet(44)) - raft.server.snapshot.retention.file.num = 5 (custom)
2022-02-12 06:45:34,492 [pool-81-thread-1] INFO  server.RaftServerConfigKeys (ConfUtils.java:logGet(44)) - raft.server.log.purge.upto.snapshot.index = false (default)
2022-02-12 06:45:34,492 [pool-81-thread-1] INFO  server.RaftServerConfigKeys (ConfUtils.java:logGet(44)) - raft.server.retrycache.expirytime = 600000ms (custom)
2022-02-12 06:45:34,492 [pool-81-thread-1] INFO  server.RaftServerConfigKeys (ConfUtils.java:logGet(44)) - raft.server.retrycache.statistics.expirytime = 100μs (default)
2022-02-12 06:45:34,493 [Time-limited test] INFO  ozoneimpl.OzoneContainer (OzoneContainer.java:stop(336)) - Attempting to stop container services.
2022-02-12 06:45:34,494 [pool-81-thread-1] INFO  server.RaftServer (RaftServerProxy.java:remove(106)) - 2db57d0a-e0a4-4c64-8073-50a45d71dc35: remove      null 2db57d0a-e0a4-4c64-8073-50a45d71dc35@group-6C01376EE677:t0, leader=null, voted=, raftlog=2db57d0a-e0a4-4c64-8073-50a45d71dc35@group-6C01376EE677-SegmentedRaftLog:OPENED:c-1, conf=-1: [2db57d0a-e0a4-4c64-8073-50a45d71dc35|rpc:10.1.0.21:37195|dataStream:|priority:0, 6b353d4f-0834-494e-9b42-b1853adf5598|rpc:10.1.0.21:46567|dataStream:|priority:0, fbc88013-4e58-4ce2-8f92-86967c0fe77f|rpc:10.1.0.21:45123|dataStream:|priority:1], old=null NEW
2022-02-12 06:45:34,495 [pool-81-thread-1] WARN  server.RaftServer (RaftServerProxy.java:lambda$groupAddAsync$13(483)) - 2db57d0a-e0a4-4c64-8073-50a45d71dc35: Failed groupAdd* GroupManagementRequest:client-C51FB8467887->2db57d0a-e0a4-4c64-8073-50a45d71dc35@group-6C01376EE677, cid=1023, seq=0, RW, null, Add:group-6C01376EE677:[2db57d0a-e0a4-4c64-8073-50a45d71dc35|rpc:10.1.0.21:37195|dataStream:|priority:0, 6b353d4f-0834-494e-9b42-b1853adf5598|rpc:10.1.0.21:46567|dataStream:|priority:0, fbc88013-4e58-4ce2-8f92-86967c0fe77f|rpc:10.1.0.21:45123|dataStream:|priority:1]
java.util.concurrent.CompletionException: java.util.concurrent.RejectedExecutionException: Task java.util.concurrent.CompletableFuture$UniApply@7cf2fddc rejected from java.util.concurrent.ThreadPoolExecutor@7ec3cf70[Shutting down, pool size = 1, active threads = 1, queued tasks = 0, completed tasks = 8]
	at java.util.concurrent.CompletableFuture.encodeThrowable(CompletableFuture.java:273)
	at java.util.concurrent.CompletableFuture.completeThrowable(CompletableFuture.java:280)
	at java.util.concurrent.CompletableFuture.uniApply(CompletableFuture.java:618)
	at java.util.concurrent.CompletableFuture$UniApply.tryFire(CompletableFuture.java:591)
	at java.util.concurrent.CompletableFuture.postComplete(CompletableFuture.java:488)
	at java.util.concurrent.CompletableFuture$AsyncSupply.run(CompletableFuture.java:1609)
	at java.util.concurrent.ThreadPoolExecutor.runWorker(ThreadPoolExecutor.java:1149)
	at java.util.concurrent.ThreadPoolExecutor$Worker.run(ThreadPoolExecutor.java:624)
	at java.lang.Thread.run(Thread.java:748)
Caused by: java.util.concurrent.RejectedExecutionException: Task java.util.concurrent.CompletableFuture$UniApply@7cf2fddc rejected from java.util.concurrent.ThreadPoolExecutor@7ec3cf70[Shutting down, pool size = 1, active threads = 1, queued tasks = 0, completed tasks = 8]
	at java.util.concurrent.ThreadPoolExecutor$AbortPolicy.rejectedExecution(ThreadPoolExecutor.java:2063)
	at java.util.concurrent.ThreadPoolExecutor.reject(ThreadPoolExecutor.java:830)
	at java.util.concurrent.ThreadPoolExecutor.execute(ThreadPoolExecutor.java:1379)
	at java.util.concurrent.Executors$DelegatedExecutorService.execute(Executors.java:668)
	at java.util.concurrent.CompletableFuture$UniCompletion.claim(CompletableFuture.java:543)
	at java.util.concurrent.CompletableFuture.uniApply(CompletableFuture.java:613)
	... 6 more
2022-02-12 06:45:34,500 [Time-limited test] INFO  server.RaftServer (RaftServerProxy.java:lambda$close$6(391)) - 2db57d0a-e0a4-4c64-8073-50a45d71dc35: close
2022-02-12 06:45:34,501 [ForkJoinPool.commonPool-worker-1] INFO  server.RaftServer$Division (RaftServerImpl.java:lambda$close$4(412)) - 2db57d0a-e0a4-4c64-8073-50a45d71dc35@group-07E8C718409E: shutdown
2022-02-12 06:45:34,503 [ForkJoinPool.commonPool-worker-1] INFO  util.JmxRegister (JmxRegister.java:unregister(73)) - Successfully un-registered JMX Bean with object name Ratis:service=RaftServer,group=group-07E8C718409E,id=2db57d0a-e0a4-4c64-8073-50a45d71dc35
2022-02-12 06:45:34,503 [ForkJoinPool.commonPool-worker-1] INFO  impl.RoleInfo (RoleInfo.java:shutdownFollowerState(108)) - 2db57d0a-e0a4-4c64-8073-50a45d71dc35: shutdown 2db57d0a-e0a4-4c64-8073-50a45d71dc35@group-07E8C718409E-FollowerState
2022-02-12 06:45:34,503 [ForkJoinPool.commonPool-worker-1] INFO  impl.StateMachineUpdater (StateMachineUpdater.java:stopAndJoin(149)) - 2db57d0a-e0a4-4c64-8073-50a45d71dc35@group-07E8C718409E-StateMachineUpdater: set stopIndex = -1
2022-02-12 06:45:34,503 [2db57d0a-e0a4-4c64-8073-50a45d71dc35@group-07E8C718409E-FollowerState] INFO  impl.FollowerState (FollowerState.java:run(143)) - 2db57d0a-e0a4-4c64-8073-50a45d71dc35@group-07E8C718409E-FollowerState was interrupted: {}
java.lang.InterruptedException: sleep interrupted
	at java.lang.Thread.sleep(Native Method)
	at java.lang.Thread.sleep(Thread.java:340)
	at java.util.concurrent.TimeUnit.sleep(TimeUnit.java:386)
	at org.apache.ratis.util.TimeDuration.sleep(TimeDuration.java:324)
	at org.apache.ratis.util.TimeDuration.sleep(TimeDuration.java:309)
	at org.apache.ratis.server.impl.FollowerState.run(FollowerState.java:118)
2022-02-12 06:45:34,505 [ForkJoinPool.commonPool-worker-1] INFO  server.RaftServer$Division (ServerState.java:close(419)) - 2db57d0a-e0a4-4c64-8073-50a45d71dc35@group-07E8C718409E: closes. applyIndex: -1
2022-02-12 06:45:34,505 [2db57d0a-e0a4-4c64-8073-50a45d71dc35@group-07E8C718409E-SegmentedRaftLogWorker] INFO  segmented.SegmentedRaftLogWorker (SegmentedRaftLogWorker.java:run(327)) - 2db57d0a-e0a4-4c64-8073-50a45d71dc35@group-07E8C718409E-SegmentedRaftLogWorker was interrupted, exiting. There are 0 tasks remaining in the queue.
2022-02-12 06:45:34,505 [ForkJoinPool.commonPool-worker-1] INFO  segmented.SegmentedRaftLogWorker (SegmentedRaftLogWorker.java:close(237)) - 2db57d0a-e0a4-4c64-8073-50a45d71dc35@group-07E8C718409E-SegmentedRaftLogWorker close()
2022-02-12 06:45:34,510 [ForkJoinPool.commonPool-worker-1] INFO  server.RaftServer$Division (RaftServerImpl.java:lambda$close$4(412)) - 2db57d0a-e0a4-4c64-8073-50a45d71dc35@group-4E9D75D0D1DD: shutdown
2022-02-12 06:45:34,510 [ForkJoinPool.commonPool-worker-1] INFO  util.JmxRegister (JmxRegister.java:unregister(73)) - Successfully un-registered JMX Bean with object name Ratis:service=RaftServer,group=group-4E9D75D0D1DD,id=2db57d0a-e0a4-4c64-8073-50a45d71dc35
2022-02-12 06:45:34,510 [ForkJoinPool.commonPool-worker-1] INFO  impl.RoleInfo (RoleInfo.java:shutdownLeaderState(91)) - 2db57d0a-e0a4-4c64-8073-50a45d71dc35: shutdown 2db57d0a-e0a4-4c64-8073-50a45d71dc35@group-4E9D75D0D1DD-LeaderStateImpl
2022-02-12 06:45:34,510 [ForkJoinPool.commonPool-worker-1] INFO  impl.PendingRequests (PendingRequests.java:sendNotLeaderResponses(282)) - 2db57d0a-e0a4-4c64-8073-50a45d71dc35@group-4E9D75D0D1DD-PendingRequests: sendNotLeaderResponses
2022-02-12 06:45:34,530 [Command processor thread] WARN  commandhandler.CreatePipelineCommandHandler (CreatePipelineCommandHandler.java:lambda$handle$1(103)) - Add group failed for 2db57d0a-e0a4-4c64-8073-50a45d71dc35{ip: 10.1.0.21, host: fv-az59-317.csjynl4pkq3e1pkirw3ssqjfoh.cx.internal.cloudapp.net, ports: [REPLICATION=33371, RATIS=37195, RATIS_ADMIN=37195, RATIS_SERVER=37195, STANDALONE=34803], networkLocation: /default-rack, certSerialId: null, persistedOpState: IN_SERVICE, persistedOpStateExpiryEpochSec: 0}
java.io.IOException: java.util.concurrent.RejectedExecutionException: Task java.util.concurrent.CompletableFuture$UniApply@7cf2fddc rejected from java.util.concurrent.ThreadPoolExecutor@7ec3cf70[Shutting down, pool size = 1, active threads = 1, queued tasks = 0, completed tasks = 8]
	at org.apache.ratis.util.IOUtils.asIOException(IOUtils.java:56)
	at org.apache.ratis.grpc.GrpcUtil.tryUnwrapException(GrpcUtil.java:121)
	at org.apache.ratis.grpc.GrpcUtil.unwrapException(GrpcUtil.java:91)
	at org.apache.ratis.grpc.client.GrpcClientProtocolClient.blockingCall(GrpcClientProtocolClient.java:218)
	at org.apache.ratis.grpc.client.GrpcClientProtocolClient.groupAdd(GrpcClientProtocolClient.java:179)
	at org.apache.ratis.grpc.client.GrpcClientRpc.sendRequest(GrpcClientRpc.java:96)
	at org.apache.ratis.client.impl.BlockingImpl.sendRequest(BlockingImpl.java:130)
	at org.apache.ratis.client.impl.GroupManagementImpl.add(GroupManagementImpl.java:51)
	at org.apache.hadoop.ozone.container.common.statemachine.commandhandler.CreatePipelineCommandHandler.lambda$handle$1(CreatePipelineCommandHandler.java:99)
	at java.util.stream.ForEachOps$ForEachOp$OfRef.accept(ForEachOps.java:183)
	at java.util.stream.ReferencePipeline$2$1.accept(ReferencePipeline.java:175)
	at java.util.ArrayList$ArrayListSpliterator.forEachRemaining(ArrayList.java:1384)
	at java.util.stream.AbstractPipeline.copyInto(AbstractPipeline.java:482)
	at java.util.stream.AbstractPipeline.wrapAndCopyInto(AbstractPipeline.java:472)
	at java.util.stream.ForEachOps$ForEachOp.evaluateSequential(ForEachOps.java:150)
	at java.util.stream.ForEachOps$ForEachOp$OfRef.evaluateSequential(ForEachOps.java:173)
	at java.util.stream.AbstractPipeline.evaluate(AbstractPipeline.java:234)
	at java.util.stream.ReferencePipeline.forEach(ReferencePipeline.java:485)
	at org.apache.hadoop.ozone.container.common.statemachine.commandhandler.CreatePipelineCommandHandler.handle(CreatePipelineCommandHandler.java:95)
	at org.apache.hadoop.ozone.container.common.statemachine.commandhandler.CommandDispatcher.handle(CommandDispatcher.java:99)
	at org.apache.hadoop.ozone.container.common.statemachine.DatanodeStateMachine.lambda$initCommandHandlerThread$2(DatanodeStateMachine.java:570)
	at java.lang.Thread.run(Thread.java:748)
Caused by: java.util.concurrent.RejectedExecutionException: Task java.util.concurrent.CompletableFuture$UniApply@7cf2fddc rejected from java.util.concurrent.ThreadPoolExecutor@7ec3cf70[Shutting down, pool size = 1, active threads = 1, queued tasks = 0, completed tasks = 8]
	at sun.reflect.NativeConstructorAccessorImpl.newInstance0(Native Method)
	at sun.reflect.NativeConstructorAccessorImpl.newInstance(NativeConstructorAccessorImpl.java:62)
	at sun.reflect.DelegatingConstructorAccessorImpl.newInstance(DelegatingConstructorAccessorImpl.java:45)
	at java.lang.reflect.Constructor.newInstance(Constructor.java:423)
	at org.apache.ratis.util.ReflectionUtils.instantiateException(ReflectionUtils.java:259)
	at org.apache.ratis.grpc.GrpcUtil.tryUnwrapException(GrpcUtil.java:120)
	... 20 more
Caused by: org.apache.ratis.thirdparty.io.grpc.StatusRuntimeException: INTERNAL: Task java.util.concurrent.CompletableFuture$UniApply@7cf2fddc rejected from java.util.concurrent.ThreadPoolExecutor@7ec3cf70[Shutting down, pool size = 1, active threads = 1, queued tasks = 0, completed tasks = 8]
	at org.apache.ratis.thirdparty.io.grpc.stub.ClientCalls.toStatusRuntimeException(ClientCalls.java:262)
	at org.apache.ratis.thirdparty.io.grpc.stub.ClientCalls.getUnchecked(ClientCalls.java:243)
	at org.apache.ratis.thirdparty.io.grpc.stub.ClientCalls.blockingUnaryCall(ClientCalls.java:156)
	at org.apache.ratis.proto.grpc.AdminProtocolServiceGrpc$AdminProtocolServiceBlockingStub.groupManagement(AdminProtocolServiceGrpc.java:413)
	at org.apache.ratis.grpc.client.GrpcClientProtocolClient.lambda$groupAdd$5(GrpcClientProtocolClient.java:181)
	at org.apache.ratis.grpc.client.GrpcClientProtocolClient.blockingCall(GrpcClientProtocolClient.java:216)
	... 18 more
	Suppressed: java.lang.ClassCastException: Cannot cast java.util.concurrent.RejectedExecutionException to java.io.IOException
		at java.lang.Class.cast(Class.java:3369)
		at org.apache.ratis.util.IOUtils.readObject(IOUtils.java:221)
		at org.apache.ratis.util.IOUtils.bytes2Object(IOUtils.java:214)
		at org.apache.ratis.grpc.GrpcUtil.tryUnwrapException(GrpcUtil.java:109)
		at org.apache.ratis.grpc.GrpcUtil.unwrapException(GrpcUtil.java:91)
		at org.apache.ratis.grpc.client.GrpcClientProtocolClient.blockingCall(GrpcClientProtocolClient.java:218)
		... 18 more
2022-02-12 06:45:34,531 [Command processor thread] INFO  commandhandler.CreatePipelineCommandHandler (CreatePipelineCommandHandler.java:handle(106)) - Created Pipeline RATIS THREE PipelineID=c4dc2180-af44-4c9f-bc0f-6c01376ee677.
2022-02-12 06:45:34,531 [2db57d0a-e0a4-4c64-8073-50a45d71dc35@group-4E9D75D0D1DD-StateMachineUpdater] INFO  ratis.ContainerStateMachine (ContainerStateMachine.java:takeSnapshot(299)) - group-4E9D75D0D1DD: Taking a snapshot at:(t:1, i:293) file /home/runner/work/ozone/ozone/hadoop-ozone/integration-test/target/test-dir/MiniOzoneClusterImpl-82593cca-502f-46a3-a597-4e713ce930c0/datanode-1/data/ratis/979daa28-c936-4b68-a515-4e9d75d0d1dd/sm/snapshot.1_293
2022-02-12 06:45:34,530 [ForkJoinPool.commonPool-worker-1] INFO  impl.StateMachineUpdater (StateMachineUpdater.java:stopAndJoin(149)) - 2db57d0a-e0a4-4c64-8073-50a45d71dc35@group-4E9D75D0D1DD-StateMachineUpdater: set stopIndex = 293
2022-02-12 06:45:34,539 [2db57d0a-e0a4-4c64-8073-50a45d71dc35@group-4E9D75D0D1DD-StateMachineUpdater] INFO  ratis.ContainerStateMachine (ContainerStateMachine.java:takeSnapshot(310)) - group-4E9D75D0D1DD: Finished taking a snapshot at:(t:1, i:293) file:/home/runner/work/ozone/ozone/hadoop-ozone/integration-test/target/test-dir/MiniOzoneClusterImpl-82593cca-502f-46a3-a597-4e713ce930c0/datanode-1/data/ratis/979daa28-c936-4b68-a515-4e9d75d0d1dd/sm/snapshot.1_293 took: 8 ms
2022-02-12 06:45:34,539 [2db57d0a-e0a4-4c64-8073-50a45d71dc35@group-4E9D75D0D1DD-StateMachineUpdater] INFO  impl.StateMachineUpdater (StateMachineUpdater.java:takeSnapshot(281)) - 2db57d0a-e0a4-4c64-8073-50a45d71dc35@group-4E9D75D0D1DD-StateMachineUpdater: Took a snapshot at index 293
2022-02-12 06:45:34,540 [2db57d0a-e0a4-4c64-8073-50a45d71dc35@group-4E9D75D0D1DD-StateMachineUpdater] INFO  impl.StateMachineUpdater (StateMachineUpdater.java:lambda$new$0(89)) - 2db57d0a-e0a4-4c64-8073-50a45d71dc35@group-4E9D75D0D1DD-StateMachineUpdater: snapshotIndex: updateIncreasingly -1 -> 293
2022-02-12 06:45:34,541 [ForkJoinPool.commonPool-worker-1] INFO  server.RaftServer$Division (ServerState.java:close(419)) - 2db57d0a-e0a4-4c64-8073-50a45d71dc35@group-4E9D75D0D1DD: closes. applyIndex: 293
2022-02-12 06:45:34,542 [2db57d0a-e0a4-4c64-8073-50a45d71dc35@group-4E9D75D0D1DD-SegmentedRaftLogWorker] INFO  segmented.SegmentedRaftLogWorker (SegmentedRaftLogWorker.java:run(327)) - 2db57d0a-e0a4-4c64-8073-50a45d71dc35@group-4E9D75D0D1DD-SegmentedRaftLogWorker was interrupted, exiting. There are 0 tasks remaining in the queue.
2022-02-12 06:45:34,542 [ForkJoinPool.commonPool-worker-1] INFO  segmented.SegmentedRaftLogWorker (SegmentedRaftLogWorker.java:close(237)) - 2db57d0a-e0a4-4c64-8073-50a45d71dc35@group-4E9D75D0D1DD-SegmentedRaftLogWorker close()
2022-02-12 06:45:34,544 [Command processor thread] INFO  server.RaftServer (RaftServerProxy.java:remove(106)) - fbc88013-4e58-4ce2-8f92-86967c0fe77f: remove  FOLLOWER fbc88013-4e58-4ce2-8f92-86967c0fe77f@group-121F44CFAE00:t1, leader=null, voted=fbc88013-4e58-4ce2-8f92-86967c0fe77f, raftlog=fbc88013-4e58-4ce2-8f92-86967c0fe77f@group-121F44CFAE00-SegmentedRaftLog:OPENED:c252, conf=0: [fbc88013-4e58-4ce2-8f92-86967c0fe77f|rpc:10.1.0.21:45123|dataStream:|priority:1], old=null RUNNING
2022-02-12 06:45:34,544 [Command processor thread] INFO  server.RaftServer$Division (RaftServerImpl.java:lambda$close$4(412)) - fbc88013-4e58-4ce2-8f92-86967c0fe77f@group-121F44CFAE00: shutdown
2022-02-12 06:45:34,544 [Command processor thread] INFO  util.JmxRegister (JmxRegister.java:unregister(73)) - Successfully un-registered JMX Bean with object name Ratis:service=RaftServer,group=group-121F44CFAE00,id=fbc88013-4e58-4ce2-8f92-86967c0fe77f
2022-02-12 06:45:34,544 [Command processor thread] INFO  impl.RoleInfo (RoleInfo.java:shutdownFollowerState(108)) - fbc88013-4e58-4ce2-8f92-86967c0fe77f: shutdown fbc88013-4e58-4ce2-8f92-86967c0fe77f@group-121F44CFAE00-FollowerState
2022-02-12 06:45:34,544 [Command processor thread] INFO  impl.StateMachineUpdater (StateMachineUpdater.java:stopAndJoin(149)) - fbc88013-4e58-4ce2-8f92-86967c0fe77f@group-121F44CFAE00-StateMachineUpdater: set stopIndex = 252
2022-02-12 06:45:34,544 [fbc88013-4e58-4ce2-8f92-86967c0fe77f@group-121F44CFAE00-FollowerState] INFO  impl.FollowerState (FollowerState.java:run(143)) - fbc88013-4e58-4ce2-8f92-86967c0fe77f@group-121F44CFAE00-FollowerState was interrupted: {}
java.lang.InterruptedException: sleep interrupted
	at java.lang.Thread.sleep(Native Method)
	at java.lang.Thread.sleep(Thread.java:340)
	at java.util.concurrent.TimeUnit.sleep(TimeUnit.java:386)
	at org.apache.ratis.util.TimeDuration.sleep(TimeDuration.java:324)
	at org.apache.ratis.util.TimeDuration.sleep(TimeDuration.java:309)
	at org.apache.ratis.server.impl.FollowerState.run(FollowerState.java:118)
2022-02-12 06:45:34,544 [Command processor thread] INFO  server.RaftServer$Division (ServerState.java:close(419)) - fbc88013-4e58-4ce2-8f92-86967c0fe77f@group-121F44CFAE00: closes. applyIndex: 252
2022-02-12 06:45:34,544 [fbc88013-4e58-4ce2-8f92-86967c0fe77f@group-121F44CFAE00-SegmentedRaftLogWorker] INFO  segmented.SegmentedRaftLogWorker (SegmentedRaftLogWorker.java:run(327)) - fbc88013-4e58-4ce2-8f92-86967c0fe77f@group-121F44CFAE00-SegmentedRaftLogWorker was interrupted, exiting. There are 0 tasks remaining in the queue.
2022-02-12 06:45:34,545 [Command processor thread] INFO  segmented.SegmentedRaftLogWorker (SegmentedRaftLogWorker.java:close(237)) - fbc88013-4e58-4ce2-8f92-86967c0fe77f@group-121F44CFAE00-SegmentedRaftLogWorker close()
2022-02-12 06:45:34,549 [ForkJoinPool.commonPool-worker-1] INFO  server.RaftServer$Division (RaftServerImpl.java:lambda$close$4(412)) - 2db57d0a-e0a4-4c64-8073-50a45d71dc35@group-AD6F77E61740: shutdown
2022-02-12 06:45:34,550 [ForkJoinPool.commonPool-worker-1] INFO  util.JmxRegister (JmxRegister.java:unregister(73)) - Successfully un-registered JMX Bean with object name Ratis:service=RaftServer,group=group-AD6F77E61740,id=2db57d0a-e0a4-4c64-8073-50a45d71dc35
2022-02-12 06:45:34,550 [ForkJoinPool.commonPool-worker-1] INFO  impl.RoleInfo (RoleInfo.java:shutdownFollowerState(108)) - 2db57d0a-e0a4-4c64-8073-50a45d71dc35: shutdown 2db57d0a-e0a4-4c64-8073-50a45d71dc35@group-AD6F77E61740-FollowerState
2022-02-12 06:45:34,550 [ForkJoinPool.commonPool-worker-1] INFO  impl.StateMachineUpdater (StateMachineUpdater.java:stopAndJoin(149)) - 2db57d0a-e0a4-4c64-8073-50a45d71dc35@group-AD6F77E61740-StateMachineUpdater: set stopIndex = 498
2022-02-12 06:45:34,550 [2db57d0a-e0a4-4c64-8073-50a45d71dc35@group-AD6F77E61740-FollowerState] INFO  impl.FollowerState (FollowerState.java:run(143)) - 2db57d0a-e0a4-4c64-8073-50a45d71dc35@group-AD6F77E61740-FollowerState was interrupted: {}
java.lang.InterruptedException: sleep interrupted
	at java.lang.Thread.sleep(Native Method)
	at java.lang.Thread.sleep(Thread.java:340)
	at java.util.concurrent.TimeUnit.sleep(TimeUnit.java:386)
	at org.apache.ratis.util.TimeDuration.sleep(TimeDuration.java:324)
	at org.apache.ratis.util.TimeDuration.sleep(TimeDuration.java:309)
	at org.apache.ratis.server.impl.FollowerState.run(FollowerState.java:118)
2022-02-12 06:45:34,550 [2db57d0a-e0a4-4c64-8073-50a45d71dc35@group-AD6F77E61740-StateMachineUpdater] INFO  ratis.ContainerStateMachine (ContainerStateMachine.java:takeSnapshot(299)) - group-AD6F77E61740: Taking a snapshot at:(t:4, i:498) file /home/runner/work/ozone/ozone/hadoop-ozone/integration-test/target/test-dir/MiniOzoneClusterImpl-82593cca-502f-46a3-a597-4e713ce930c0/datanode-1/data/ratis/6d9ef404-b106-488a-b221-ad6f77e61740/sm/snapshot.4_498
2022-02-12 06:45:34,553 [Command processor thread] INFO  keyvalue.KeyValueContainer (KeyValueContainer.java:flushAndSyncDB(401)) - Container 3 is synced with bcsId 250.
2022-02-12 06:45:34,554 [Command processor thread] INFO  keyvalue.KeyValueContainer (KeyValueContainer.java:flushAndSyncDB(401)) - Container 3 is synced with bcsId 250.
2022-02-12 06:45:34,554 [2db57d0a-e0a4-4c64-8073-50a45d71dc35@group-AD6F77E61740-StateMachineUpdater] INFO  ratis.ContainerStateMachine (ContainerStateMachine.java:takeSnapshot(310)) - group-AD6F77E61740: Finished taking a snapshot at:(t:4, i:498) file:/home/runner/work/ozone/ozone/hadoop-ozone/integration-test/target/test-dir/MiniOzoneClusterImpl-82593cca-502f-46a3-a597-4e713ce930c0/datanode-1/data/ratis/6d9ef404-b106-488a-b221-ad6f77e61740/sm/snapshot.4_498 took: 4 ms
2022-02-12 06:45:34,554 [2db57d0a-e0a4-4c64-8073-50a45d71dc35@group-AD6F77E61740-StateMachineUpdater] INFO  impl.StateMachineUpdater (StateMachineUpdater.java:takeSnapshot(281)) - 2db57d0a-e0a4-4c64-8073-50a45d71dc35@group-AD6F77E61740-StateMachineUpdater: Took a snapshot at index 498
2022-02-12 06:45:34,554 [2db57d0a-e0a4-4c64-8073-50a45d71dc35@group-AD6F77E61740-StateMachineUpdater] INFO  impl.StateMachineUpdater (StateMachineUpdater.java:lambda$new$0(89)) - 2db57d0a-e0a4-4c64-8073-50a45d71dc35@group-AD6F77E61740-StateMachineUpdater: snapshotIndex: updateIncreasingly -1 -> 498
2022-02-12 06:45:34,555 [ForkJoinPool.commonPool-worker-1] INFO  server.RaftServer$Division (ServerState.java:close(419)) - 2db57d0a-e0a4-4c64-8073-50a45d71dc35@group-AD6F77E61740: closes. applyIndex: 498
2022-02-12 06:45:34,555 [2db57d0a-e0a4-4c64-8073-50a45d71dc35@group-AD6F77E61740-SegmentedRaftLogWorker] INFO  segmented.SegmentedRaftLogWorker (SegmentedRaftLogWorker.java:run(327)) - 2db57d0a-e0a4-4c64-8073-50a45d71dc35@group-AD6F77E61740-SegmentedRaftLogWorker was interrupted, exiting. There are 0 tasks remaining in the queue.
2022-02-12 06:45:34,559 [ForkJoinPool.commonPool-worker-1] INFO  segmented.SegmentedRaftLogWorker (SegmentedRaftLogWorker.java:close(237)) - 2db57d0a-e0a4-4c64-8073-50a45d71dc35@group-AD6F77E61740-SegmentedRaftLogWorker close()
2022-02-12 06:45:34,560 [ForkJoinPool.commonPool-worker-1] INFO  server.RaftServer$Division (RaftServerImpl.java:lambda$close$4(412)) - 2db57d0a-e0a4-4c64-8073-50a45d71dc35@group-EDBCDB998DC6: shutdown
2022-02-12 06:45:34,560 [ForkJoinPool.commonPool-worker-1] INFO  util.JmxRegister (JmxRegister.java:unregister(73)) - Successfully un-registered JMX Bean with object name Ratis:service=RaftServer,group=group-EDBCDB998DC6,id=2db57d0a-e0a4-4c64-8073-50a45d71dc35
2022-02-12 06:45:34,560 [ForkJoinPool.commonPool-worker-1] INFO  impl.RoleInfo (RoleInfo.java:shutdownFollowerState(108)) - 2db57d0a-e0a4-4c64-8073-50a45d71dc35: shutdown 2db57d0a-e0a4-4c64-8073-50a45d71dc35@group-EDBCDB998DC6-FollowerState
2022-02-12 06:45:34,560 [ForkJoinPool.commonPool-worker-1] INFO  impl.StateMachineUpdater (StateMachineUpdater.java:stopAndJoin(149)) - 2db57d0a-e0a4-4c64-8073-50a45d71dc35@group-EDBCDB998DC6-StateMachineUpdater: set stopIndex = 434
2022-02-12 06:45:34,560 [2db57d0a-e0a4-4c64-8073-50a45d71dc35@group-EDBCDB998DC6-FollowerState] INFO  impl.FollowerState (FollowerState.java:run(143)) - 2db57d0a-e0a4-4c64-8073-50a45d71dc35@group-EDBCDB998DC6-FollowerState was interrupted: {}
java.lang.InterruptedException: sleep interrupted
	at java.lang.Thread.sleep(Native Method)
	at java.lang.Thread.sleep(Thread.java:340)
	at java.util.concurrent.TimeUnit.sleep(TimeUnit.java:386)
	at org.apache.ratis.util.TimeDuration.sleep(TimeDuration.java:324)
	at org.apache.ratis.util.TimeDuration.sleep(TimeDuration.java:309)
	at org.apache.ratis.server.impl.FollowerState.run(FollowerState.java:118)
2022-02-12 06:45:34,563 [2db57d0a-e0a4-4c64-8073-50a45d71dc35@group-EDBCDB998DC6-StateMachineUpdater] INFO  ratis.ContainerStateMachine (ContainerStateMachine.java:takeSnapshot(299)) - group-EDBCDB998DC6: Taking a snapshot at:(t:3, i:434) file /home/runner/work/ozone/ozone/hadoop-ozone/integration-test/target/test-dir/MiniOzoneClusterImpl-82593cca-502f-46a3-a597-4e713ce930c0/datanode-1/data/ratis/cc405141-49e9-43a6-8452-edbcdb998dc6/sm/snapshot.3_434
2022-02-12 06:45:34,567 [Command processor thread] INFO  server.RaftServer$Division (RaftServerImpl.java:groupRemove(382)) - fbc88013-4e58-4ce2-8f92-86967c0fe77f@group-121F44CFAE00: Succeed to remove RaftStorageDirectory Storage Directory /home/runner/work/ozone/ozone/hadoop-ozone/integration-test/target/test-dir/MiniOzoneClusterImpl-82593cca-502f-46a3-a597-4e713ce930c0/datanode-0/data/ratis/dc9c6eaf-5f19-4c16-aa47-121f44cfae00
2022-02-12 06:45:34,567 [2db57d0a-e0a4-4c64-8073-50a45d71dc35@group-EDBCDB998DC6-StateMachineUpdater] INFO  ratis.ContainerStateMachine (ContainerStateMachine.java:takeSnapshot(310)) - group-EDBCDB998DC6: Finished taking a snapshot at:(t:3, i:434) file:/home/runner/work/ozone/ozone/hadoop-ozone/integration-test/target/test-dir/MiniOzoneClusterImpl-82593cca-502f-46a3-a597-4e713ce930c0/datanode-1/data/ratis/cc405141-49e9-43a6-8452-edbcdb998dc6/sm/snapshot.3_434 took: 6 ms
2022-02-12 06:45:34,567 [2db57d0a-e0a4-4c64-8073-50a45d71dc35@group-EDBCDB998DC6-StateMachineUpdater] INFO  impl.StateMachineUpdater (StateMachineUpdater.java:takeSnapshot(281)) - 2db57d0a-e0a4-4c64-8073-50a45d71dc35@group-EDBCDB998DC6-StateMachineUpdater: Took a snapshot at index 434
2022-02-12 06:45:34,567 [2db57d0a-e0a4-4c64-8073-50a45d71dc35@group-EDBCDB998DC6-StateMachineUpdater] INFO  impl.StateMachineUpdater (StateMachineUpdater.java:lambda$new$0(89)) - 2db57d0a-e0a4-4c64-8073-50a45d71dc35@group-EDBCDB998DC6-StateMachineUpdater: snapshotIndex: updateIncreasingly -1 -> 434
2022-02-12 06:45:34,568 [ForkJoinPool.commonPool-worker-1] INFO  server.RaftServer$Division (ServerState.java:close(419)) - 2db57d0a-e0a4-4c64-8073-50a45d71dc35@group-EDBCDB998DC6: closes. applyIndex: 434
2022-02-12 06:45:34,569 [2db57d0a-e0a4-4c64-8073-50a45d71dc35@group-EDBCDB998DC6-SegmentedRaftLogWorker] INFO  segmented.SegmentedRaftLogWorker (SegmentedRaftLogWorker.java:run(327)) - 2db57d0a-e0a4-4c64-8073-50a45d71dc35@group-EDBCDB998DC6-SegmentedRaftLogWorker was interrupted, exiting. There are 0 tasks remaining in the queue.
2022-02-12 06:45:34,569 [EventQueue-IncrementalContainerReportForIncrementalContainerReportHandler] INFO  container.IncrementalContainerReportHandler (AbstractContainerReportHandler.java:updateContainerState(216)) - Moving container #3 to QUASI_CLOSED state, datanode fbc88013-4e58-4ce2-8f92-86967c0fe77f{ip: 10.1.0.21, host: fv-az59-317.csjynl4pkq3e1pkirw3ssqjfoh.cx.internal.cloudapp.net, ports: [REPLICATION=33825, RATIS=45123, RATIS_ADMIN=45123, RATIS_SERVER=45123, STANDALONE=38911], networkLocation: /default-rack, certSerialId: null, persistedOpState: IN_SERVICE, persistedOpStateExpiryEpochSec: 0} reported QUASI_CLOSED replica.
2022-02-12 06:45:34,569 [ForkJoinPool.commonPool-worker-1] INFO  segmented.SegmentedRaftLogWorker (SegmentedRaftLogWorker.java:close(237)) - 2db57d0a-e0a4-4c64-8073-50a45d71dc35@group-EDBCDB998DC6-SegmentedRaftLogWorker close()
2022-02-12 06:45:34,567 [Command processor thread] INFO  commandhandler.ClosePipelineCommandHandler (ClosePipelineCommandHandler.java:handle(78)) - Close Pipeline PipelineID=dc9c6eaf-5f19-4c16-aa47-121f44cfae00 command on datanode fbc88013-4e58-4ce2-8f92-86967c0fe77f.
2022-02-12 06:45:34,577 [Command processor thread] INFO  server.RaftServer (RaftServerProxy.java:remove(106)) - fbc88013-4e58-4ce2-8f92-86967c0fe77f: remove  FOLLOWER fbc88013-4e58-4ce2-8f92-86967c0fe77f@group-AD6F77E61740:t4, leader=6b353d4f-0834-494e-9b42-b1853adf5598, voted=6b353d4f-0834-494e-9b42-b1853adf5598, raftlog=fbc88013-4e58-4ce2-8f92-86967c0fe77f@group-AD6F77E61740-SegmentedRaftLog:OPENED:c498, conf=0: [2db57d0a-e0a4-4c64-8073-50a45d71dc35|rpc:10.1.0.21:37195|dataStream:|priority:0, 6b353d4f-0834-494e-9b42-b1853adf5598|rpc:10.1.0.21:46567|dataStream:|priority:1, fbc88013-4e58-4ce2-8f92-86967c0fe77f|rpc:10.1.0.21:45123|dataStream:|priority:0], old=null RUNNING
2022-02-12 06:45:34,577 [Command processor thread] INFO  server.RaftServer$Division (RaftServerImpl.java:lambda$close$4(412)) - fbc88013-4e58-4ce2-8f92-86967c0fe77f@group-AD6F77E61740: shutdown
2022-02-12 06:45:34,577 [Command processor thread] INFO  util.JmxRegister (JmxRegister.java:unregister(73)) - Successfully un-registered JMX Bean with object name Ratis:service=RaftServer,group=group-AD6F77E61740,id=fbc88013-4e58-4ce2-8f92-86967c0fe77f
2022-02-12 06:45:34,577 [Command processor thread] INFO  impl.RoleInfo (RoleInfo.java:shutdownFollowerState(108)) - fbc88013-4e58-4ce2-8f92-86967c0fe77f: shutdown fbc88013-4e58-4ce2-8f92-86967c0fe77f@group-AD6F77E61740-FollowerState
2022-02-12 06:45:34,577 [Command processor thread] INFO  impl.StateMachineUpdater (StateMachineUpdater.java:stopAndJoin(149)) - fbc88013-4e58-4ce2-8f92-86967c0fe77f@group-AD6F77E61740-StateMachineUpdater: set stopIndex = 498
2022-02-12 06:45:34,577 [fbc88013-4e58-4ce2-8f92-86967c0fe77f@group-AD6F77E61740-FollowerState] INFO  impl.FollowerState (FollowerState.java:run(143)) - fbc88013-4e58-4ce2-8f92-86967c0fe77f@group-AD6F77E61740-FollowerState was interrupted: {}
java.lang.InterruptedException: sleep interrupted
	at java.lang.Thread.sleep(Native Method)
	at java.lang.Thread.sleep(Thread.java:340)
	at java.util.concurrent.TimeUnit.sleep(TimeUnit.java:386)
	at org.apache.ratis.util.TimeDuration.sleep(TimeDuration.java:324)
	at org.apache.ratis.util.TimeDuration.sleep(TimeDuration.java:309)
	at org.apache.ratis.server.impl.FollowerState.run(FollowerState.java:118)
2022-02-12 06:45:34,576 [Time-limited test] INFO  server.GrpcService (GrpcService.java:closeImpl(262)) - 2db57d0a-e0a4-4c64-8073-50a45d71dc35: shutdown server with port 37195 now
2022-02-12 06:45:34,578 [fbc88013-4e58-4ce2-8f92-86967c0fe77f@group-AD6F77E61740-StateMachineUpdater] INFO  ratis.ContainerStateMachine (ContainerStateMachine.java:takeSnapshot(299)) - group-AD6F77E61740: Taking a snapshot at:(t:4, i:498) file /home/runner/work/ozone/ozone/hadoop-ozone/integration-test/target/test-dir/MiniOzoneClusterImpl-82593cca-502f-46a3-a597-4e713ce930c0/datanode-0/data/ratis/6d9ef404-b106-488a-b221-ad6f77e61740/sm/snapshot.4_498
2022-02-12 06:45:34,583 [fbc88013-4e58-4ce2-8f92-86967c0fe77f@group-AD6F77E61740-StateMachineUpdater] INFO  ratis.ContainerStateMachine (ContainerStateMachine.java:takeSnapshot(310)) - group-AD6F77E61740: Finished taking a snapshot at:(t:4, i:498) file:/home/runner/work/ozone/ozone/hadoop-ozone/integration-test/target/test-dir/MiniOzoneClusterImpl-82593cca-502f-46a3-a597-4e713ce930c0/datanode-0/data/ratis/6d9ef404-b106-488a-b221-ad6f77e61740/sm/snapshot.4_498 took: 5 ms
2022-02-12 06:45:34,583 [fbc88013-4e58-4ce2-8f92-86967c0fe77f@group-AD6F77E61740-StateMachineUpdater] INFO  impl.StateMachineUpdater (StateMachineUpdater.java:takeSnapshot(281)) - fbc88013-4e58-4ce2-8f92-86967c0fe77f@group-AD6F77E61740-StateMachineUpdater: Took a snapshot at index 498
2022-02-12 06:45:34,583 [fbc88013-4e58-4ce2-8f92-86967c0fe77f@group-AD6F77E61740-StateMachineUpdater] INFO  impl.StateMachineUpdater (StateMachineUpdater.java:lambda$new$0(89)) - fbc88013-4e58-4ce2-8f92-86967c0fe77f@group-AD6F77E61740-StateMachineUpdater: snapshotIndex: updateIncreasingly 496 -> 498
2022-02-12 06:45:34,584 [Command processor thread] INFO  server.RaftServer$Division (ServerState.java:close(419)) - fbc88013-4e58-4ce2-8f92-86967c0fe77f@group-AD6F77E61740: closes. applyIndex: 498
2022-02-12 06:45:34,584 [fbc88013-4e58-4ce2-8f92-86967c0fe77f@group-AD6F77E61740-SegmentedRaftLogWorker] INFO  segmented.SegmentedRaftLogWorker (SegmentedRaftLogWorker.java:run(327)) - fbc88013-4e58-4ce2-8f92-86967c0fe77f@group-AD6F77E61740-SegmentedRaftLogWorker was interrupted, exiting. There are 0 tasks remaining in the queue.
2022-02-12 06:45:34,584 [Time-limited test] INFO  server.GrpcService (GrpcService.java:closeImpl(271)) - 2db57d0a-e0a4-4c64-8073-50a45d71dc35: shutdown server with port 37195 successfully
2022-02-12 06:45:34,584 [org.apache.ratis.util.JvmPauseMonitor$$Lambda$422/823775087@57bd0841] INFO  util.JvmPauseMonitor (JvmPauseMonitor.java:run(109)) - JvmPauseMonitor-2db57d0a-e0a4-4c64-8073-50a45d71dc35: Stopped
2022-02-12 06:45:34,585 [Command processor thread] INFO  segmented.SegmentedRaftLogWorker (SegmentedRaftLogWorker.java:close(237)) - fbc88013-4e58-4ce2-8f92-86967c0fe77f@group-AD6F77E61740-SegmentedRaftLogWorker close()
2022-02-12 06:45:34,590 [Command processor thread] INFO  server.RaftServer$Division (RaftServerImpl.java:groupRemove(382)) - fbc88013-4e58-4ce2-8f92-86967c0fe77f@group-AD6F77E61740: Succeed to remove RaftStorageDirectory Storage Directory /home/runner/work/ozone/ozone/hadoop-ozone/integration-test/target/test-dir/MiniOzoneClusterImpl-82593cca-502f-46a3-a597-4e713ce930c0/datanode-0/data/ratis/6d9ef404-b106-488a-b221-ad6f77e61740
2022-02-12 06:45:34,590 [Command processor thread] INFO  commandhandler.ClosePipelineCommandHandler (ClosePipelineCommandHandler.java:handle(78)) - Close Pipeline PipelineID=6d9ef404-b106-488a-b221-ad6f77e61740 command on datanode fbc88013-4e58-4ce2-8f92-86967c0fe77f.
2022-02-12 06:45:34,591 [Command processor thread] INFO  server.RaftServer (RaftServerProxy.java:remove(106)) - fbc88013-4e58-4ce2-8f92-86967c0fe77f: remove  FOLLOWER fbc88013-4e58-4ce2-8f92-86967c0fe77f@group-EDBCDB998DC6:t4, leader=null, voted=null, raftlog=fbc88013-4e58-4ce2-8f92-86967c0fe77f@group-EDBCDB998DC6-SegmentedRaftLog:OPENED:c434, conf=0: [2db57d0a-e0a4-4c64-8073-50a45d71dc35|rpc:10.1.0.21:37195|dataStream:|priority:0, 6b353d4f-0834-494e-9b42-b1853adf5598|rpc:10.1.0.21:46567|dataStream:|priority:0, fbc88013-4e58-4ce2-8f92-86967c0fe77f|rpc:10.1.0.21:45123|dataStream:|priority:1], old=null RUNNING
2022-02-12 06:45:34,591 [Command processor thread] INFO  server.RaftServer$Division (RaftServerImpl.java:lambda$close$4(412)) - fbc88013-4e58-4ce2-8f92-86967c0fe77f@group-EDBCDB998DC6: shutdown
2022-02-12 06:45:34,591 [Command processor thread] INFO  util.JmxRegister (JmxRegister.java:unregister(73)) - Successfully un-registered JMX Bean with object name Ratis:service=RaftServer,group=group-EDBCDB998DC6,id=fbc88013-4e58-4ce2-8f92-86967c0fe77f
2022-02-12 06:45:34,591 [Command processor thread] INFO  impl.RoleInfo (RoleInfo.java:shutdownFollowerState(108)) - fbc88013-4e58-4ce2-8f92-86967c0fe77f: shutdown fbc88013-4e58-4ce2-8f92-86967c0fe77f@group-EDBCDB998DC6-FollowerState
2022-02-12 06:45:34,591 [fbc88013-4e58-4ce2-8f92-86967c0fe77f@group-EDBCDB998DC6-FollowerState] INFO  impl.FollowerState (FollowerState.java:run(143)) - fbc88013-4e58-4ce2-8f92-86967c0fe77f@group-EDBCDB998DC6-FollowerState was interrupted: {}
java.lang.InterruptedException: sleep interrupted
	at java.lang.Thread.sleep(Native Method)
	at java.lang.Thread.sleep(Thread.java:340)
	at java.util.concurrent.TimeUnit.sleep(TimeUnit.java:386)
	at org.apache.ratis.util.TimeDuration.sleep(TimeDuration.java:324)
	at org.apache.ratis.util.TimeDuration.sleep(TimeDuration.java:309)
	at org.apache.ratis.server.impl.FollowerState.run(FollowerState.java:118)
2022-02-12 06:45:34,591 [Command processor thread] INFO  impl.StateMachineUpdater (StateMachineUpdater.java:stopAndJoin(149)) - fbc88013-4e58-4ce2-8f92-86967c0fe77f@group-EDBCDB998DC6-StateMachineUpdater: set stopIndex = 434
2022-02-12 06:45:34,592 [Command processor thread] INFO  server.RaftServer$Division (ServerState.java:close(419)) - fbc88013-4e58-4ce2-8f92-86967c0fe77f@group-EDBCDB998DC6: closes. applyIndex: 434
2022-02-12 06:45:34,593 [fbc88013-4e58-4ce2-8f92-86967c0fe77f@group-EDBCDB998DC6-SegmentedRaftLogWorker] INFO  segmented.SegmentedRaftLogWorker (SegmentedRaftLogWorker.java:run(327)) - fbc88013-4e58-4ce2-8f92-86967c0fe77f@group-EDBCDB998DC6-SegmentedRaftLogWorker was interrupted, exiting. There are 0 tasks remaining in the queue.
2022-02-12 06:45:34,593 [Command processor thread] INFO  segmented.SegmentedRaftLogWorker (SegmentedRaftLogWorker.java:close(237)) - fbc88013-4e58-4ce2-8f92-86967c0fe77f@group-EDBCDB998DC6-SegmentedRaftLogWorker close()
2022-02-12 06:45:34,594 [Command processor thread] INFO  server.RaftServer$Division (RaftServerImpl.java:groupRemove(382)) - fbc88013-4e58-4ce2-8f92-86967c0fe77f@group-EDBCDB998DC6: Succeed to remove RaftStorageDirectory Storage Directory /home/runner/work/ozone/ozone/hadoop-ozone/integration-test/target/test-dir/MiniOzoneClusterImpl-82593cca-502f-46a3-a597-4e713ce930c0/datanode-0/data/ratis/cc405141-49e9-43a6-8452-edbcdb998dc6
2022-02-12 06:45:34,594 [Command processor thread] INFO  commandhandler.ClosePipelineCommandHandler (ClosePipelineCommandHandler.java:handle(78)) - Close Pipeline PipelineID=cc405141-49e9-43a6-8452-edbcdb998dc6 command on datanode fbc88013-4e58-4ce2-8f92-86967c0fe77f.
2022-02-12 06:45:34,595 [pool-417-thread-1] INFO  server.RaftServer$Division (RaftServerImpl.java:<init>(184)) - fbc88013-4e58-4ce2-8f92-86967c0fe77f: new RaftServerImpl for group-391B68ECE783:[fbc88013-4e58-4ce2-8f92-86967c0fe77f|rpc:10.1.0.21:45123|priority:1] with ContainerStateMachine:uninitialized
2022-02-12 06:45:34,596 [pool-417-thread-1] INFO  server.RaftServerConfigKeys (ConfUtils.java:logGet(44)) - raft.server.rpc.timeout.min = 5s (custom)
2022-02-12 06:45:34,596 [pool-417-thread-1] INFO  server.RaftServerConfigKeys (ConfUtils.java:logGet(44)) - raft.server.rpc.timeout.max = 5200ms (custom)
2022-02-12 06:45:34,596 [pool-417-thread-1] INFO  server.RaftServerConfigKeys (ConfUtils.java:logGet(44)) - raft.server.rpc.sleep.time = 25ms (default)
2022-02-12 06:45:34,596 [pool-417-thread-1] INFO  server.RaftServerConfigKeys (ConfUtils.java:logGet(44)) - raft.server.rpc.slowness.timeout = 300s (custom)
2022-02-12 06:45:34,596 [pool-417-thread-1] INFO  server.RaftServerConfigKeys (ConfUtils.java:logGet(44)) - raft.server.leaderelection.leader.step-down.wait-time = 10s (default)
2022-02-12 06:45:34,596 [pool-417-thread-1] INFO  server.RaftServerConfigKeys (ConfUtils.java:logGet(44)) - raft.server.sleep.deviation.threshold = 300ms (default)
2022-02-12 06:45:34,596 [pool-417-thread-1] INFO  server.RaftServerConfigKeys (ConfUtils.java:logGet(44)) - raft.server.log.appender.install.snapshot.enabled = false (custom)
2022-02-12 06:45:34,596 [pool-417-thread-1] INFO  server.RaftServer$Division (ServerState.java:<init>(105)) - fbc88013-4e58-4ce2-8f92-86967c0fe77f@group-391B68ECE783: ConfigurationManager, init=-1: [fbc88013-4e58-4ce2-8f92-86967c0fe77f|rpc:10.1.0.21:45123|priority:1], old=null, confs=<EMPTY_MAP>
2022-02-12 06:45:34,596 [pool-417-thread-1] INFO  server.RaftServerConfigKeys (ConfUtils.java:logGet(44)) - raft.server.storage.dir = [/home/runner/work/ozone/ozone/hadoop-ozone/integration-test/target/test-dir/MiniOzoneClusterImpl-82593cca-502f-46a3-a597-4e713ce930c0/datanode-0/data/ratis] (custom)
2022-02-12 06:45:34,596 [pool-417-thread-1] INFO  server.RaftServerConfigKeys (ConfUtils.java:logGet(44)) - raft.server.log.corruption.policy = EXCEPTION (default)
2022-02-12 06:45:34,596 [pool-417-thread-1] INFO  server.RaftServerConfigKeys (ConfUtils.java:logGet(44)) - raft.server.storage.free-space.min = 0MB (=0) (default)
2022-02-12 06:45:34,597 [pool-417-thread-1] INFO  storage.RaftStorageDirectory (RaftStorageDirectoryImpl.java:analyzeStorage(135)) - The storage directory /home/runner/work/ozone/ozone/hadoop-ozone/integration-test/target/test-dir/MiniOzoneClusterImpl-82593cca-502f-46a3-a597-4e713ce930c0/datanode-0/data/ratis/22971a5f-e114-45d8-b127-391b68ece783 does not exist. Creating ...
2022-02-12 06:45:34,597 [Command processor thread] INFO  server.RaftServer (RaftServerProxy.java:addNew(95)) - fbc88013-4e58-4ce2-8f92-86967c0fe77f: addNew group-391B68ECE783:[fbc88013-4e58-4ce2-8f92-86967c0fe77f|rpc:10.1.0.21:45123|priority:1] returns group-391B68ECE783:java.util.concurrent.CompletableFuture@176097c7[Not completed]
2022-02-12 06:45:34,598 [pool-417-thread-1] INFO  storage.RaftStorageDirectory (RaftStorageDirectoryImpl.java:tryLock(230)) - Lock on /home/runner/work/ozone/ozone/hadoop-ozone/integration-test/target/test-dir/MiniOzoneClusterImpl-82593cca-502f-46a3-a597-4e713ce930c0/datanode-0/data/ratis/22971a5f-e114-45d8-b127-391b68ece783/in_use.lock acquired by nodename 26950@fv-az59-317
2022-02-12 06:45:34,599 [pool-417-thread-1] INFO  storage.RaftStorage (RaftStorageImpl.java:format(89)) - Storage directory /home/runner/work/ozone/ozone/hadoop-ozone/integration-test/target/test-dir/MiniOzoneClusterImpl-82593cca-502f-46a3-a597-4e713ce930c0/datanode-0/data/ratis/22971a5f-e114-45d8-b127-391b68ece783 has been successfully formatted.
2022-02-12 06:45:34,600 [pool-417-thread-1] INFO  ratis.ContainerStateMachine (ContainerStateMachine.java:loadSnapshot(231)) - group-391B68ECE783: The snapshot info is null. Setting the last applied indexto:(t:0, i:~)
2022-02-12 06:45:34,600 [pool-417-thread-1] INFO  server.RaftServerConfigKeys (ConfUtils.java:logGet(44)) - raft.server.notification.no-leader.timeout = 300s (custom)
2022-02-12 06:45:34,601 [EventQueue-PipelineReportForPipelineReportHandler] INFO  pipeline.PipelineManagerImpl (PipelineManagerImpl.java:openPipeline(291)) - Pipeline Pipeline[ Id: 22971a5f-e114-45d8-b127-391b68ece783, Nodes: fbc88013-4e58-4ce2-8f92-86967c0fe77f{ip: 10.1.0.21, host: fv-az59-317.csjynl4pkq3e1pkirw3ssqjfoh.cx.internal.cloudapp.net, ports: [REPLICATION=33825, RATIS=45123, RATIS_ADMIN=45123, RATIS_SERVER=45123, STANDALONE=38911], networkLocation: /default-rack, certSerialId: null, persistedOpState: IN_SERVICE, persistedOpStateExpiryEpochSec: 0}, ReplicationConfig: RATIS/ONE, State:ALLOCATED, leaderId:fbc88013-4e58-4ce2-8f92-86967c0fe77f, CreationTimestamp2022-02-12T06:45:32.955Z[Etc/UTC]] moved to OPEN state
2022-02-12 06:45:34,601 [pool-417-thread-1] INFO  server.RaftServerConfigKeys (ConfUtils.java:logGet(44)) - raft.server.log.use.memory = false (default)
2022-02-12 06:45:34,601 [pool-417-thread-1] INFO  server.RaftServerConfigKeys (ConfUtils.java:logGet(44)) - raft.server.log.purge.gap = 1000000 (custom)
2022-02-12 06:45:34,601 [pool-417-thread-1] INFO  server.RaftServerConfigKeys (ConfUtils.java:logGet(44)) - raft.server.log.appender.buffer.byte-limit = 33554432 (custom)
2022-02-12 06:45:34,602 [pool-417-thread-1] INFO  server.RaftServerConfigKeys (ConfUtils.java:logGet(44)) - raft.server.log.segment.size.max = 1048576 (custom)
2022-02-12 06:45:34,602 [pool-417-thread-1] INFO  server.RaftServerConfigKeys (ConfUtils.java:logGet(44)) - raft.server.log.segment.cache.num.max = 2 (custom)
2022-02-12 06:45:34,602 [pool-417-thread-1] INFO  server.RaftServerConfigKeys (ConfUtils.java:logGet(44)) - raft.server.log.segment.cache.size.max = 200MB (=209715200) (default)
2022-02-12 06:45:34,602 [pool-417-thread-1] INFO  segmented.SegmentedRaftLogWorker (SegmentedRaftLogWorker.java:<init>(182)) - new fbc88013-4e58-4ce2-8f92-86967c0fe77f@group-391B68ECE783-SegmentedRaftLogWorker for RaftStorageImpl:Storage Directory /home/runner/work/ozone/ozone/hadoop-ozone/integration-test/target/test-dir/MiniOzoneClusterImpl-82593cca-502f-46a3-a597-4e713ce930c0/datanode-0/data/ratis/22971a5f-e114-45d8-b127-391b68ece783
2022-02-12 06:45:34,603 [pool-417-thread-1] INFO  server.RaftServerConfigKeys (ConfUtils.java:logGet(44)) - raft.server.log.queue.byte-limit = 2147483647 (custom)
2022-02-12 06:45:34,603 [pool-417-thread-1] INFO  server.RaftServerConfigKeys (ConfUtils.java:logGet(44)) - raft.server.log.queue.element-limit = 1024 (custom)
2022-02-12 06:45:34,603 [pool-417-thread-1] INFO  server.RaftServerConfigKeys (ConfUtils.java:logGet(44)) - raft.server.log.segment.size.max = 1048576 (custom)
2022-02-12 06:45:34,603 [pool-417-thread-1] INFO  server.RaftServerConfigKeys (ConfUtils.java:logGet(44)) - raft.server.log.preallocated.size = 16384 (custom)
2022-02-12 06:45:34,603 [pool-417-thread-1] INFO  server.RaftServerConfigKeys (ConfUtils.java:logGet(44)) - raft.server.log.force.sync.num = 128 (default)
2022-02-12 06:45:34,603 [pool-417-thread-1] INFO  server.RaftServerConfigKeys (ConfUtils.java:logGet(44)) - raft.server.log.statemachine.data.sync = true (default)
2022-02-12 06:45:34,603 [pool-417-thread-1] INFO  server.RaftServerConfigKeys (ConfUtils.java:logGet(44)) - raft.server.log.statemachine.data.sync.timeout = 10s (default)
2022-02-12 06:45:34,603 [pool-417-thread-1] INFO  server.RaftServerConfigKeys (ConfUtils.java:logGet(44)) - raft.server.log.statemachine.data.sync.timeout.retry = -1 (default)
2022-02-12 06:45:34,604 [pool-417-thread-1] INFO  server.RaftServerConfigKeys (ConfUtils.java:logGet(44)) - raft.server.log.write.buffer.size = 1048576 (custom)
2022-02-12 06:45:34,604 [pool-417-thread-1] INFO  server.RaftServerConfigKeys (ConfUtils.java:logGet(44)) - raft.server.log.statemachine.data.caching.enabled = true (custom)
2022-02-12 06:45:34,605 [pool-417-thread-1] INFO  segmented.SegmentedRaftLogWorker (SegmentedRaftLogWorker.java:lambda$new$0(133)) - fbc88013-4e58-4ce2-8f92-86967c0fe77f@group-391B68ECE783-SegmentedRaftLogWorker: flushIndex: setUnconditionally 0 -> -1
2022-02-12 06:45:34,609 [pool-417-thread-1] INFO  segmented.SegmentedRaftLogWorker (SegmentedRaftLogWorker.java:lambda$new$0(133)) - fbc88013-4e58-4ce2-8f92-86967c0fe77f@group-391B68ECE783-SegmentedRaftLogWorker: safeCacheEvictIndex: setUnconditionally 0 -> -1
2022-02-12 06:45:34,616 [pool-417-thread-1] INFO  server.RaftServerConfigKeys (ConfUtils.java:logGet(44)) - raft.server.snapshot.auto.trigger.enabled = true (custom)
2022-02-12 06:45:34,616 [pool-417-thread-1] INFO  server.RaftServerConfigKeys (ConfUtils.java:logGet(44)) - raft.server.snapshot.auto.trigger.threshold = 10000 (custom)
2022-02-12 06:45:34,616 [pool-417-thread-1] INFO  server.RaftServerConfigKeys (ConfUtils.java:logGet(44)) - raft.server.snapshot.retention.file.num = 5 (custom)
2022-02-12 06:45:34,616 [pool-417-thread-1] INFO  server.RaftServerConfigKeys (ConfUtils.java:logGet(44)) - raft.server.log.purge.upto.snapshot.index = false (default)
2022-02-12 06:45:34,617 [pool-417-thread-1] INFO  server.RaftServerConfigKeys (ConfUtils.java:logGet(44)) - raft.server.retrycache.expirytime = 600000ms (custom)
2022-02-12 06:45:34,617 [pool-417-thread-1] INFO  server.RaftServerConfigKeys (ConfUtils.java:logGet(44)) - raft.server.retrycache.statistics.expirytime = 100μs (default)
2022-02-12 06:45:34,618 [pool-417-thread-1] INFO  server.RaftServer$Division (RaftServerImpl.java:start(301)) - fbc88013-4e58-4ce2-8f92-86967c0fe77f@group-391B68ECE783: start as a follower, conf=-1: [fbc88013-4e58-4ce2-8f92-86967c0fe77f|rpc:10.1.0.21:45123|priority:1], old=null
2022-02-12 06:45:34,618 [pool-417-thread-1] INFO  server.RaftServer$Division (RaftServerImpl.java:setRole(290)) - fbc88013-4e58-4ce2-8f92-86967c0fe77f@group-391B68ECE783: changes role from      null to FOLLOWER at term 0 for startAsFollower
2022-02-12 06:45:34,618 [pool-417-thread-1] INFO  impl.RoleInfo (RoleInfo.java:updateAndGet(130)) - fbc88013-4e58-4ce2-8f92-86967c0fe77f: start fbc88013-4e58-4ce2-8f92-86967c0fe77f@group-391B68ECE783-FollowerState
2022-02-12 06:45:34,630 [pool-417-thread-1] INFO  util.JmxRegister (JmxRegister.java:tryRegister(44)) - Successfully registered JMX Bean with object name Ratis:service=RaftServer,group=group-391B68ECE783,id=fbc88013-4e58-4ce2-8f92-86967c0fe77f
2022-02-12 06:45:34,636 [Command processor thread] INFO  ratis.XceiverServerRatis (XceiverServerRatis.java:addGroup(768)) - Created group PipelineID=22971a5f-e114-45d8-b127-391b68ece783
2022-02-12 06:45:34,644 [Command processor thread] INFO  commandhandler.CreatePipelineCommandHandler (CreatePipelineCommandHandler.java:handle(106)) - Created Pipeline RATIS ONE PipelineID=22971a5f-e114-45d8-b127-391b68ece783.
2022-02-12 06:45:36,597 [Time-limited test] INFO  utils.BackgroundService (BackgroundService.java:shutdown(132)) - Shutting down service BlockDeletingService
2022-02-12 06:45:39,274 [EventQueue-StaleNodeForStaleNodeHandler] INFO  node.StaleNodeHandler (StaleNodeHandler.java:onMessage(58)) - Datanode 2db57d0a-e0a4-4c64-8073-50a45d71dc35{ip: 10.1.0.21, host: fv-az59-317.csjynl4pkq3e1pkirw3ssqjfoh.cx.internal.cloudapp.net, ports: [REPLICATION=33371, RATIS=37195, RATIS_ADMIN=37195, RATIS_SERVER=37195, STANDALONE=34803], networkLocation: /default-rack, certSerialId: null, persistedOpState: IN_SERVICE, persistedOpStateExpiryEpochSec: 0} moved to stale state. Finalizing its pipelines [PipelineID=c4dc2180-af44-4c9f-bc0f-6c01376ee677, PipelineID=77ae296a-7d7e-41ef-aa37-07e8c718409e, PipelineID=979daa28-c936-4b68-a515-4e9d75d0d1dd]
2022-02-12 06:45:39,297 [EventQueue-StaleNodeForStaleNodeHandler] INFO  pipeline.PipelineManagerImpl (PipelineManagerImpl.java:closePipeline(365)) - Pipeline Pipeline[ Id: c4dc2180-af44-4c9f-bc0f-6c01376ee677, Nodes: fbc88013-4e58-4ce2-8f92-86967c0fe77f{ip: 10.1.0.21, host: fv-az59-317.csjynl4pkq3e1pkirw3ssqjfoh.cx.internal.cloudapp.net, ports: [REPLICATION=33825, RATIS=45123, RATIS_ADMIN=45123, RATIS_SERVER=45123, STANDALONE=38911], networkLocation: /default-rack, certSerialId: null, persistedOpState: IN_SERVICE, persistedOpStateExpiryEpochSec: 0}6b353d4f-0834-494e-9b42-b1853adf5598{ip: 10.1.0.21, host: fv-az59-317.csjynl4pkq3e1pkirw3ssqjfoh.cx.internal.cloudapp.net, ports: [REPLICATION=46087, RATIS=46567, RATIS_ADMIN=46567, RATIS_SERVER=46567, STANDALONE=35525], networkLocation: /default-rack, certSerialId: null, persistedOpState: IN_SERVICE, persistedOpStateExpiryEpochSec: 0}2db57d0a-e0a4-4c64-8073-50a45d71dc35{ip: 10.1.0.21, host: fv-az59-317.csjynl4pkq3e1pkirw3ssqjfoh.cx.internal.cloudapp.net, ports: [REPLICATION=33371, RATIS=37195, RATIS_ADMIN=37195, RATIS_SERVER=37195, STANDALONE=34803], networkLocation: /default-rack, certSerialId: null, persistedOpState: IN_SERVICE, persistedOpStateExpiryEpochSec: 0}, ReplicationConfig: RATIS/THREE, State:ALLOCATED, leaderId:, CreationTimestamp2022-02-12T06:45:32.969Z[Etc/UTC]] moved to CLOSED state
2022-02-12 06:45:39,301 [EventQueue-StaleNodeForStaleNodeHandler] INFO  pipeline.PipelineManagerImpl (PipelineManagerImpl.java:closePipeline(365)) - Pipeline Pipeline[ Id: 77ae296a-7d7e-41ef-aa37-07e8c718409e, Nodes: 2db57d0a-e0a4-4c64-8073-50a45d71dc35{ip: 10.1.0.21, host: fv-az59-317.csjynl4pkq3e1pkirw3ssqjfoh.cx.internal.cloudapp.net, ports: [REPLICATION=33371, RATIS=37195, RATIS_ADMIN=37195, RATIS_SERVER=37195, STANDALONE=34803], networkLocation: /default-rack, certSerialId: null, persistedOpState: IN_SERVICE, persistedOpStateExpiryEpochSec: 0}6b353d4f-0834-494e-9b42-b1853adf5598{ip: 10.1.0.21, host: fv-az59-317.csjynl4pkq3e1pkirw3ssqjfoh.cx.internal.cloudapp.net, ports: [REPLICATION=46087, RATIS=46567, RATIS_ADMIN=46567, RATIS_SERVER=46567, STANDALONE=35525], networkLocation: /default-rack, certSerialId: null, persistedOpState: IN_SERVICE, persistedOpStateExpiryEpochSec: 0}fbc88013-4e58-4ce2-8f92-86967c0fe77f{ip: 10.1.0.21, host: fv-az59-317.csjynl4pkq3e1pkirw3ssqjfoh.cx.internal.cloudapp.net, ports: [REPLICATION=33825, RATIS=45123, RATIS_ADMIN=45123, RATIS_SERVER=45123, STANDALONE=38911], networkLocation: /default-rack, certSerialId: null, persistedOpState: IN_SERVICE, persistedOpStateExpiryEpochSec: 0}, ReplicationConfig: RATIS/THREE, State:ALLOCATED, leaderId:, CreationTimestamp2022-02-12T06:45:32.962Z[Etc/UTC]] moved to CLOSED state
2022-02-12 06:45:39,303 [EventQueue-CloseContainerForCloseContainerEventHandler] INFO  container.CloseContainerEventHandler (CloseContainerEventHandler.java:onMessage(69)) - Close container Event triggered for container : #2
2022-02-12 06:45:39,303 [EventQueue-StaleNodeForStaleNodeHandler] INFO  pipeline.PipelineManagerImpl (PipelineManagerImpl.java:closeContainersForPipeline(344)) - Container #2 closed for pipeline=PipelineID=979daa28-c936-4b68-a515-4e9d75d0d1dd
2022-02-12 06:45:39,312 [EventQueue-StaleNodeForStaleNodeHandler] INFO  pipeline.PipelineManagerImpl (PipelineManagerImpl.java:closePipeline(365)) - Pipeline Pipeline[ Id: 979daa28-c936-4b68-a515-4e9d75d0d1dd, Nodes: 2db57d0a-e0a4-4c64-8073-50a45d71dc35{ip: 10.1.0.21, host: fv-az59-317.csjynl4pkq3e1pkirw3ssqjfoh.cx.internal.cloudapp.net, ports: [REPLICATION=33371, RATIS=37195, RATIS_ADMIN=37195, RATIS_SERVER=37195, STANDALONE=34803], networkLocation: /default-rack, certSerialId: null, persistedOpState: IN_SERVICE, persistedOpStateExpiryEpochSec: 0}, ReplicationConfig: RATIS/ONE, State:OPEN, leaderId:2db57d0a-e0a4-4c64-8073-50a45d71dc35, CreationTimestamp2022-02-12T06:44:38.089Z[Etc/UTC]] moved to CLOSED state
2022-02-12 06:45:39,324 [6b353d4f-0834-494e-9b42-b1853adf5598@group-07E8C718409E-FollowerState] INFO  impl.FollowerState (FollowerState.java:run(134)) - 6b353d4f-0834-494e-9b42-b1853adf5598@group-07E8C718409E-FollowerState: change to CANDIDATE, lastRpcElapsedTime:5033982095ns, electionTimeout:5023ms
2022-02-12 06:45:39,324 [6b353d4f-0834-494e-9b42-b1853adf5598@group-07E8C718409E-FollowerState] INFO  impl.RoleInfo (RoleInfo.java:shutdownFollowerState(108)) - 6b353d4f-0834-494e-9b42-b1853adf5598: shutdown 6b353d4f-0834-494e-9b42-b1853adf5598@group-07E8C718409E-FollowerState
2022-02-12 06:45:39,324 [6b353d4f-0834-494e-9b42-b1853adf5598@group-07E8C718409E-FollowerState] INFO  server.RaftServer$Division (RaftServerImpl.java:setRole(290)) - 6b353d4f-0834-494e-9b42-b1853adf5598@group-07E8C718409E: changes role from  FOLLOWER to CANDIDATE at term 0 for changeToCandidate
2022-02-12 06:45:39,325 [6b353d4f-0834-494e-9b42-b1853adf5598@group-07E8C718409E-FollowerState] INFO  server.RaftServerConfigKeys (ConfUtils.java:logGet(44)) - raft.server.leaderelection.pre-vote = false (custom)
2022-02-12 06:45:39,325 [6b353d4f-0834-494e-9b42-b1853adf5598@group-07E8C718409E-FollowerState] INFO  impl.RoleInfo (RoleInfo.java:updateAndGet(130)) - 6b353d4f-0834-494e-9b42-b1853adf5598: start 6b353d4f-0834-494e-9b42-b1853adf5598@group-07E8C718409E-LeaderElection17
2022-02-12 06:45:39,339 [6b353d4f-0834-494e-9b42-b1853adf5598@group-07E8C718409E-LeaderElection17] INFO  impl.LeaderElection (LeaderElection.java:askForVotes(306)) - 6b353d4f-0834-494e-9b42-b1853adf5598@group-07E8C718409E-LeaderElection17 ELECTION round 0: submit vote requests at term 1 for -1: [2db57d0a-e0a4-4c64-8073-50a45d71dc35|rpc:10.1.0.21:37195|priority:0, 6b353d4f-0834-494e-9b42-b1853adf5598|rpc:10.1.0.21:46567|priority:1, fbc88013-4e58-4ce2-8f92-86967c0fe77f|rpc:10.1.0.21:45123|priority:0], old=null
2022-02-12 06:45:39,342 [grpc-default-executor-5] INFO  server.RaftServer$Division (RaftServerImpl.java:requestVote(1046)) - fbc88013-4e58-4ce2-8f92-86967c0fe77f@group-07E8C718409E: receive requestVote(ELECTION, 6b353d4f-0834-494e-9b42-b1853adf5598, group-07E8C718409E, 1, (t:0, i:0))
2022-02-12 06:45:39,342 [grpc-default-executor-5] INFO  impl.VoteContext (VoteContext.java:log(48)) - fbc88013-4e58-4ce2-8f92-86967c0fe77f@group-07E8C718409E-FOLLOWER: accept ELECTION from 6b353d4f-0834-494e-9b42-b1853adf5598: our priority 0 <= candidate's priority 1
2022-02-12 06:45:39,342 [grpc-default-executor-5] INFO  server.RaftServer$Division (RaftServerImpl.java:setRole(290)) - fbc88013-4e58-4ce2-8f92-86967c0fe77f@group-07E8C718409E: changes role from  FOLLOWER to FOLLOWER at term 1 for candidate:6b353d4f-0834-494e-9b42-b1853adf5598
2022-02-12 06:45:39,342 [grpc-default-executor-5] INFO  impl.RoleInfo (RoleInfo.java:shutdownFollowerState(108)) - fbc88013-4e58-4ce2-8f92-86967c0fe77f: shutdown fbc88013-4e58-4ce2-8f92-86967c0fe77f@group-07E8C718409E-FollowerState
2022-02-12 06:45:39,342 [grpc-default-executor-5] INFO  impl.RoleInfo (RoleInfo.java:updateAndGet(130)) - fbc88013-4e58-4ce2-8f92-86967c0fe77f: start fbc88013-4e58-4ce2-8f92-86967c0fe77f@group-07E8C718409E-FollowerState
2022-02-12 06:45:39,342 [fbc88013-4e58-4ce2-8f92-86967c0fe77f@group-07E8C718409E-FollowerState] INFO  impl.FollowerState (FollowerState.java:run(143)) - fbc88013-4e58-4ce2-8f92-86967c0fe77f@group-07E8C718409E-FollowerState was interrupted: {}
java.lang.InterruptedException: sleep interrupted
	at java.lang.Thread.sleep(Native Method)
	at java.lang.Thread.sleep(Thread.java:340)
	at java.util.concurrent.TimeUnit.sleep(TimeUnit.java:386)
	at org.apache.ratis.util.TimeDuration.sleep(TimeDuration.java:324)
	at org.apache.ratis.util.TimeDuration.sleep(TimeDuration.java:309)
	at org.apache.ratis.server.impl.FollowerState.run(FollowerState.java:118)
2022-02-12 06:45:39,358 [grpc-default-executor-5] INFO  server.RaftServer$Division (RaftServerImpl.java:requestVote(1078)) - fbc88013-4e58-4ce2-8f92-86967c0fe77f@group-07E8C718409E replies to ELECTION vote request: 6b353d4f-0834-494e-9b42-b1853adf5598<-fbc88013-4e58-4ce2-8f92-86967c0fe77f#0:OK-t1. Peer's state: fbc88013-4e58-4ce2-8f92-86967c0fe77f@group-07E8C718409E:t1, leader=null, voted=6b353d4f-0834-494e-9b42-b1853adf5598, raftlog=fbc88013-4e58-4ce2-8f92-86967c0fe77f@group-07E8C718409E-SegmentedRaftLog:OPENED:c-1, conf=-1: [2db57d0a-e0a4-4c64-8073-50a45d71dc35|rpc:10.1.0.21:37195|dataStream:|priority:0, 6b353d4f-0834-494e-9b42-b1853adf5598|rpc:10.1.0.21:46567|dataStream:|priority:1, fbc88013-4e58-4ce2-8f92-86967c0fe77f|rpc:10.1.0.21:45123|dataStream:|priority:0], old=null
2022-02-12 06:45:39,361 [6b353d4f-0834-494e-9b42-b1853adf5598@group-07E8C718409E-LeaderElection17] INFO  impl.LeaderElection (LogUtils.java:infoOrTrace(137)) - 6b353d4f-0834-494e-9b42-b1853adf5598@group-07E8C718409E-LeaderElection17 got exception when requesting votes: java.util.concurrent.ExecutionException: org.apache.ratis.thirdparty.io.grpc.StatusRuntimeException: UNAVAILABLE: io exception
2022-02-12 06:45:39,369 [6b353d4f-0834-494e-9b42-b1853adf5598@group-07E8C718409E-LeaderElection17] INFO  impl.LeaderElection (LeaderElection.java:logAndReturn(89)) - 6b353d4f-0834-494e-9b42-b1853adf5598@group-07E8C718409E-LeaderElection17: ELECTION PASSED received 1 response(s) and 1 exception(s):
2022-02-12 06:45:39,369 [6b353d4f-0834-494e-9b42-b1853adf5598@group-07E8C718409E-LeaderElection17] INFO  impl.LeaderElection (LeaderElection.java:logAndReturn(93)) -   Response 0: 6b353d4f-0834-494e-9b42-b1853adf5598<-fbc88013-4e58-4ce2-8f92-86967c0fe77f#0:OK-t1
2022-02-12 06:45:39,369 [6b353d4f-0834-494e-9b42-b1853adf5598@group-07E8C718409E-LeaderElection17] INFO  impl.LeaderElection (LogUtils.java:infoOrTrace(137)) -   Exception 1: java.util.concurrent.ExecutionException: org.apache.ratis.thirdparty.io.grpc.StatusRuntimeException: UNAVAILABLE: io exception
2022-02-12 06:45:39,369 [6b353d4f-0834-494e-9b42-b1853adf5598@group-07E8C718409E-LeaderElection17] INFO  impl.LeaderElection (LeaderElection.java:askForVotes(308)) - 6b353d4f-0834-494e-9b42-b1853adf5598@group-07E8C718409E-LeaderElection17 ELECTION round 0: result PASSED
2022-02-12 06:45:39,370 [6b353d4f-0834-494e-9b42-b1853adf5598@group-07E8C718409E-LeaderElection17] INFO  impl.RoleInfo (RoleInfo.java:shutdownLeaderElection(121)) - 6b353d4f-0834-494e-9b42-b1853adf5598: shutdown 6b353d4f-0834-494e-9b42-b1853adf5598@group-07E8C718409E-LeaderElection17
2022-02-12 06:45:39,370 [6b353d4f-0834-494e-9b42-b1853adf5598@group-07E8C718409E-LeaderElection17] INFO  server.RaftServer$Division (RaftServerImpl.java:setRole(290)) - 6b353d4f-0834-494e-9b42-b1853adf5598@group-07E8C718409E: changes role from CANDIDATE to LEADER at term 1 for changeToLeader
2022-02-12 06:45:39,370 [6b353d4f-0834-494e-9b42-b1853adf5598@group-07E8C718409E-LeaderElection17] INFO  ratis.XceiverServerRatis (XceiverServerRatis.java:handleLeaderChangedNotification(866)) - Leader change notification received for group: group-07E8C718409E with new leaderId: 6b353d4f-0834-494e-9b42-b1853adf5598
2022-02-12 06:45:39,370 [6b353d4f-0834-494e-9b42-b1853adf5598@group-07E8C718409E-LeaderElection17] INFO  server.RaftServer$Division (ServerState.java:setLeader(285)) - 6b353d4f-0834-494e-9b42-b1853adf5598@group-07E8C718409E: change Leader from null to 6b353d4f-0834-494e-9b42-b1853adf5598 at term 1 for becomeLeader, leader elected after 5086ms
2022-02-12 06:45:39,370 [6b353d4f-0834-494e-9b42-b1853adf5598@group-07E8C718409E-LeaderElection17] INFO  server.RaftServerConfigKeys (ConfUtils.java:logGet(44)) - raft.server.staging.catchup.gap = 1000 (default)
2022-02-12 06:45:39,370 [6b353d4f-0834-494e-9b42-b1853adf5598@group-07E8C718409E-LeaderElection17] INFO  server.RaftServerConfigKeys (ConfUtils.java:logGet(44)) - raft.server.write.element-limit = 1024 (custom)
2022-02-12 06:45:39,370 [6b353d4f-0834-494e-9b42-b1853adf5598@group-07E8C718409E-LeaderElection17] INFO  server.RaftServerConfigKeys (ConfUtils.java:logGet(44)) - raft.server.write.byte-limit = 1024 M (=1073741824) (custom)
2022-02-12 06:45:39,370 [6b353d4f-0834-494e-9b42-b1853adf5598@group-07E8C718409E-LeaderElection17] INFO  server.RaftServerConfigKeys (ConfUtils.java:logGet(44)) - raft.server.watch.timeout = 180s (custom)
2022-02-12 06:45:39,370 [6b353d4f-0834-494e-9b42-b1853adf5598@group-07E8C718409E-LeaderElection17] INFO  server.RaftServerConfigKeys (ConfUtils.java:logGet(44)) - raft.server.watch.timeout.denomination = 1s (default)
2022-02-12 06:45:39,370 [6b353d4f-0834-494e-9b42-b1853adf5598@group-07E8C718409E-LeaderElection17] INFO  server.RaftServerConfigKeys (ConfUtils.java:logGet(44)) - raft.server.watch.element-limit = 65536 (default)
2022-02-12 06:45:39,371 [6b353d4f-0834-494e-9b42-b1853adf5598@group-07E8C718409E-LeaderElection17] INFO  server.RaftServerConfigKeys (ConfUtils.java:logGet(44)) - raft.server.write.element-limit = 1024 (custom)
2022-02-12 06:45:39,371 [6b353d4f-0834-494e-9b42-b1853adf5598@group-07E8C718409E-LeaderElection17] INFO  server.RaftServerConfigKeys (ConfUtils.java:logGet(44)) - raft.server.write.follower.gap.ratio.max = -1.0 (default)
2022-02-12 06:45:39,372 [6b353d4f-0834-494e-9b42-b1853adf5598@group-07E8C718409E-LeaderElection17] INFO  server.RaftServerConfigKeys (ConfUtils.java:logGet(44)) - raft.server.log.appender.snapshot.chunk.size.max = 16MB (=16777216) (default)
2022-02-12 06:45:39,372 [6b353d4f-0834-494e-9b42-b1853adf5598@group-07E8C718409E-LeaderElection17] INFO  server.RaftServerConfigKeys (ConfUtils.java:logGet(44)) - raft.server.log.appender.buffer.byte-limit = 33554432 (custom)
2022-02-12 06:45:39,372 [6b353d4f-0834-494e-9b42-b1853adf5598@group-07E8C718409E-LeaderElection17] INFO  server.RaftServerConfigKeys (ConfUtils.java:logGet(44)) - raft.server.log.appender.buffer.element-limit = 1 (custom)
2022-02-12 06:45:39,372 [6b353d4f-0834-494e-9b42-b1853adf5598@group-07E8C718409E-LeaderElection17] INFO  grpc.GrpcConfigKeys (ConfUtils.java:logGet(44)) - raft.grpc.server.leader.outstanding.appends.max = 128 (default)
2022-02-12 06:45:39,372 [6b353d4f-0834-494e-9b42-b1853adf5598@group-07E8C718409E-LeaderElection17] INFO  server.RaftServerConfigKeys (ConfUtils.java:logGet(44)) - raft.server.rpc.request.timeout = 60s (custom)
2022-02-12 06:45:39,372 [6b353d4f-0834-494e-9b42-b1853adf5598@group-07E8C718409E-LeaderElection17] INFO  server.RaftServerConfigKeys (ConfUtils.java:logGet(44)) - raft.server.log.appender.install.snapshot.enabled = false (custom)
2022-02-12 06:45:39,373 [6b353d4f-0834-494e-9b42-b1853adf5598@group-07E8C718409E-LeaderElection17] INFO  server.RaftServerConfigKeys (ConfUtils.java:logGet(44)) - raft.server.log.appender.snapshot.chunk.size.max = 16MB (=16777216) (default)
2022-02-12 06:45:39,373 [6b353d4f-0834-494e-9b42-b1853adf5598@group-07E8C718409E-LeaderElection17] INFO  server.RaftServerConfigKeys (ConfUtils.java:logGet(44)) - raft.server.log.appender.buffer.byte-limit = 33554432 (custom)
2022-02-12 06:45:39,373 [6b353d4f-0834-494e-9b42-b1853adf5598@group-07E8C718409E-LeaderElection17] INFO  server.RaftServerConfigKeys (ConfUtils.java:logGet(44)) - raft.server.log.appender.buffer.element-limit = 1 (custom)
2022-02-12 06:45:39,373 [6b353d4f-0834-494e-9b42-b1853adf5598@group-07E8C718409E-LeaderElection17] INFO  grpc.GrpcConfigKeys (ConfUtils.java:logGet(44)) - raft.grpc.server.leader.outstanding.appends.max = 128 (default)
2022-02-12 06:45:39,373 [6b353d4f-0834-494e-9b42-b1853adf5598@group-07E8C718409E-LeaderElection17] INFO  server.RaftServerConfigKeys (ConfUtils.java:logGet(44)) - raft.server.rpc.request.timeout = 60s (custom)
2022-02-12 06:45:39,373 [6b353d4f-0834-494e-9b42-b1853adf5598@group-07E8C718409E-LeaderElection17] INFO  server.RaftServerConfigKeys (ConfUtils.java:logGet(44)) - raft.server.log.appender.install.snapshot.enabled = false (custom)
2022-02-12 06:45:39,374 [6b353d4f-0834-494e-9b42-b1853adf5598@group-07E8C718409E-LeaderElection17] INFO  impl.RoleInfo (RoleInfo.java:updateAndGet(130)) - 6b353d4f-0834-494e-9b42-b1853adf5598: start 6b353d4f-0834-494e-9b42-b1853adf5598@group-07E8C718409E-LeaderStateImpl
2022-02-12 06:45:39,374 [6b353d4f-0834-494e-9b42-b1853adf5598@group-07E8C718409E-LeaderElection17] INFO  segmented.SegmentedRaftLogWorker (SegmentedRaftLogWorker.java:startLogSegment(394)) - 6b353d4f-0834-494e-9b42-b1853adf5598@group-07E8C718409E-SegmentedRaftLogWorker: Starting segment from index:0
2022-02-12 06:45:39,378 [6b353d4f-0834-494e-9b42-b1853adf5598@group-07E8C718409E-SegmentedRaftLogWorker] INFO  segmented.SegmentedRaftLogWorker (SegmentedRaftLogWorker.java:execute(601)) - 6b353d4f-0834-494e-9b42-b1853adf5598@group-07E8C718409E-SegmentedRaftLogWorker: created new log segment /home/runner/work/ozone/ozone/hadoop-ozone/integration-test/target/test-dir/MiniOzoneClusterImpl-82593cca-502f-46a3-a597-4e713ce930c0/datanode-2/data/ratis/77ae296a-7d7e-41ef-aa37-07e8c718409e/current/log_inprogress_0
2022-02-12 06:45:39,397 [grpc-default-executor-5] INFO  ratis.XceiverServerRatis (XceiverServerRatis.java:handleLeaderChangedNotification(866)) - Leader change notification received for group: group-07E8C718409E with new leaderId: 6b353d4f-0834-494e-9b42-b1853adf5598
2022-02-12 06:45:39,397 [grpc-default-executor-5] INFO  server.RaftServer$Division (ServerState.java:setLeader(285)) - fbc88013-4e58-4ce2-8f92-86967c0fe77f@group-07E8C718409E: change Leader from null to 6b353d4f-0834-494e-9b42-b1853adf5598 at term 1 for appendEntries, leader elected after 5024ms
2022-02-12 06:45:39,401 [6b353d4f-0834-494e-9b42-b1853adf5598@group-07E8C718409E-LeaderElection17] INFO  server.RaftServer$Division (ServerState.java:setRaftConf(387)) - 6b353d4f-0834-494e-9b42-b1853adf5598@group-07E8C718409E: set configuration 0: [2db57d0a-e0a4-4c64-8073-50a45d71dc35|rpc:10.1.0.21:37195|dataStream:|priority:0, 6b353d4f-0834-494e-9b42-b1853adf5598|rpc:10.1.0.21:46567|dataStream:|priority:1, fbc88013-4e58-4ce2-8f92-86967c0fe77f|rpc:10.1.0.21:45123|dataStream:|priority:0], old=null
2022-02-12 06:45:39,418 [grpc-default-executor-1] WARN  server.GrpcLogAppender (LogUtils.java:warn(122)) - 6b353d4f-0834-494e-9b42-b1853adf5598@group-07E8C718409E->2db57d0a-e0a4-4c64-8073-50a45d71dc35-AppendLogResponseHandler: Failed appendEntries: org.apache.ratis.thirdparty.io.grpc.StatusRuntimeException: UNAVAILABLE: io exception
2022-02-12 06:45:39,419 [grpc-default-executor-1] WARN  server.GrpcLogAppender (GrpcLogAppender.java:resetClient(110)) - 6b353d4f-0834-494e-9b42-b1853adf5598@group-07E8C718409E->2db57d0a-e0a4-4c64-8073-50a45d71dc35-GrpcLogAppender: Leader has not got in touch with Follower 6b353d4f-0834-494e-9b42-b1853adf5598@group-07E8C718409E->2db57d0a-e0a4-4c64-8073-50a45d71dc35(c-1,m0,n0, attendVote=true, lastRpcSendTime=5246, lastRpcResponseTime=5246) yet, just keep nextIndex unchanged and retry.
2022-02-12 06:45:39,420 [grpc-default-executor-1] WARN  server.GrpcLogAppender (LogUtils.java:warn(122)) - 6b353d4f-0834-494e-9b42-b1853adf5598@group-07E8C718409E->2db57d0a-e0a4-4c64-8073-50a45d71dc35-AppendLogResponseHandler: Failed appendEntries: org.apache.ratis.thirdparty.io.grpc.StatusRuntimeException: UNAVAILABLE: io exception
2022-02-12 06:45:39,420 [grpc-default-executor-1] WARN  server.GrpcLogAppender (GrpcLogAppender.java:resetClient(110)) - 6b353d4f-0834-494e-9b42-b1853adf5598@group-07E8C718409E->2db57d0a-e0a4-4c64-8073-50a45d71dc35-GrpcLogAppender: Leader has not got in touch with Follower 6b353d4f-0834-494e-9b42-b1853adf5598@group-07E8C718409E->2db57d0a-e0a4-4c64-8073-50a45d71dc35(c-1,m0,n1, attendVote=true, lastRpcSendTime=0, lastRpcResponseTime=5248) yet, just keep nextIndex unchanged and retry.
2022-02-12 06:45:39,422 [grpc-default-executor-5] INFO  server.RaftServer$Division (ServerState.java:setRaftConf(387)) - fbc88013-4e58-4ce2-8f92-86967c0fe77f@group-07E8C718409E: set configuration 0: [2db57d0a-e0a4-4c64-8073-50a45d71dc35|rpc:10.1.0.21:37195|dataStream:|priority:0, 6b353d4f-0834-494e-9b42-b1853adf5598|rpc:10.1.0.21:46567|dataStream:|priority:1, fbc88013-4e58-4ce2-8f92-86967c0fe77f|rpc:10.1.0.21:45123|dataStream:|priority:0], old=null
2022-02-12 06:45:39,422 [grpc-default-executor-5] INFO  segmented.SegmentedRaftLogWorker (SegmentedRaftLogWorker.java:startLogSegment(394)) - fbc88013-4e58-4ce2-8f92-86967c0fe77f@group-07E8C718409E-SegmentedRaftLogWorker: Starting segment from index:0
2022-02-12 06:45:39,428 [fbc88013-4e58-4ce2-8f92-86967c0fe77f@group-07E8C718409E-SegmentedRaftLogWorker] INFO  segmented.SegmentedRaftLogWorker (SegmentedRaftLogWorker.java:execute(601)) - fbc88013-4e58-4ce2-8f92-86967c0fe77f@group-07E8C718409E-SegmentedRaftLogWorker: created new log segment /home/runner/work/ozone/ozone/hadoop-ozone/integration-test/target/test-dir/MiniOzoneClusterImpl-82593cca-502f-46a3-a597-4e713ce930c0/datanode-0/data/ratis/77ae296a-7d7e-41ef-aa37-07e8c718409e/current/log_inprogress_0
2022-02-12 06:45:39,443 [6b353d4f-0834-494e-9b42-b1853adf5598@group-6C01376EE677-FollowerState] INFO  impl.FollowerState (FollowerState.java:run(134)) - 6b353d4f-0834-494e-9b42-b1853adf5598@group-6C01376EE677-FollowerState: change to CANDIDATE, lastRpcElapsedTime:5029350431ns, electionTimeout:5024ms
2022-02-12 06:45:39,443 [6b353d4f-0834-494e-9b42-b1853adf5598@group-6C01376EE677-FollowerState] INFO  impl.RoleInfo (RoleInfo.java:shutdownFollowerState(108)) - 6b353d4f-0834-494e-9b42-b1853adf5598: shutdown 6b353d4f-0834-494e-9b42-b1853adf5598@group-6C01376EE677-FollowerState
2022-02-12 06:45:39,443 [6b353d4f-0834-494e-9b42-b1853adf5598@group-6C01376EE677-FollowerState] INFO  server.RaftServer$Division (RaftServerImpl.java:setRole(290)) - 6b353d4f-0834-494e-9b42-b1853adf5598@group-6C01376EE677: changes role from  FOLLOWER to CANDIDATE at term 0 for changeToCandidate
2022-02-12 06:45:39,443 [6b353d4f-0834-494e-9b42-b1853adf5598@group-6C01376EE677-FollowerState] INFO  server.RaftServerConfigKeys (ConfUtils.java:logGet(44)) - raft.server.leaderelection.pre-vote = false (custom)
2022-02-12 06:45:39,444 [6b353d4f-0834-494e-9b42-b1853adf5598@group-6C01376EE677-FollowerState] INFO  impl.RoleInfo (RoleInfo.java:updateAndGet(130)) - 6b353d4f-0834-494e-9b42-b1853adf5598: start 6b353d4f-0834-494e-9b42-b1853adf5598@group-6C01376EE677-LeaderElection18
2022-02-12 06:45:39,492 [6b353d4f-0834-494e-9b42-b1853adf5598@group-6C01376EE677-LeaderElection18] INFO  impl.LeaderElection (LeaderElection.java:askForVotes(306)) - 6b353d4f-0834-494e-9b42-b1853adf5598@group-6C01376EE677-LeaderElection18 ELECTION round 0: submit vote requests at term 1 for -1: [2db57d0a-e0a4-4c64-8073-50a45d71dc35|rpc:10.1.0.21:37195|priority:0, 6b353d4f-0834-494e-9b42-b1853adf5598|rpc:10.1.0.21:46567|priority:0, fbc88013-4e58-4ce2-8f92-86967c0fe77f|rpc:10.1.0.21:45123|priority:1], old=null
2022-02-12 06:45:39,504 [6b353d4f-0834-494e-9b42-b1853adf5598@group-6C01376EE677-LeaderElection18] INFO  impl.LeaderElection (LogUtils.java:infoOrTrace(137)) - 6b353d4f-0834-494e-9b42-b1853adf5598@group-6C01376EE677-LeaderElection18 got exception when requesting votes: java.util.concurrent.ExecutionException: org.apache.ratis.thirdparty.io.grpc.StatusRuntimeException: UNAVAILABLE: io exception
2022-02-12 06:45:39,507 [grpc-default-executor-5] INFO  server.RaftServer$Division (RaftServerImpl.java:requestVote(1046)) - fbc88013-4e58-4ce2-8f92-86967c0fe77f@group-6C01376EE677: receive requestVote(ELECTION, 6b353d4f-0834-494e-9b42-b1853adf5598, group-6C01376EE677, 1, (t:0, i:0))
2022-02-12 06:45:39,507 [grpc-default-executor-5] INFO  impl.VoteContext (VoteContext.java:log(48)) - fbc88013-4e58-4ce2-8f92-86967c0fe77f@group-6C01376EE677-FOLLOWER: reject ELECTION from 6b353d4f-0834-494e-9b42-b1853adf5598: our priority 1 > candidate's priority 0
2022-02-12 06:45:39,507 [grpc-default-executor-5] INFO  server.RaftServer$Division (RaftServerImpl.java:setRole(290)) - fbc88013-4e58-4ce2-8f92-86967c0fe77f@group-6C01376EE677: changes role from  FOLLOWER to FOLLOWER at term 1 for candidate:6b353d4f-0834-494e-9b42-b1853adf5598
2022-02-12 06:45:39,507 [grpc-default-executor-5] INFO  impl.RoleInfo (RoleInfo.java:shutdownFollowerState(108)) - fbc88013-4e58-4ce2-8f92-86967c0fe77f: shutdown fbc88013-4e58-4ce2-8f92-86967c0fe77f@group-6C01376EE677-FollowerState
2022-02-12 06:45:39,507 [grpc-default-executor-5] INFO  impl.RoleInfo (RoleInfo.java:updateAndGet(130)) - fbc88013-4e58-4ce2-8f92-86967c0fe77f: start fbc88013-4e58-4ce2-8f92-86967c0fe77f@group-6C01376EE677-FollowerState
2022-02-12 06:45:39,510 [grpc-default-executor-5] INFO  server.RaftServer$Division (RaftServerImpl.java:requestVote(1078)) - fbc88013-4e58-4ce2-8f92-86967c0fe77f@group-6C01376EE677 replies to ELECTION vote request: 6b353d4f-0834-494e-9b42-b1853adf5598<-fbc88013-4e58-4ce2-8f92-86967c0fe77f#0:FAIL-t1. Peer's state: fbc88013-4e58-4ce2-8f92-86967c0fe77f@group-6C01376EE677:t1, leader=null, voted=null, raftlog=fbc88013-4e58-4ce2-8f92-86967c0fe77f@group-6C01376EE677-SegmentedRaftLog:OPENED:c-1, conf=-1: [2db57d0a-e0a4-4c64-8073-50a45d71dc35|rpc:10.1.0.21:37195|dataStream:|priority:0, 6b353d4f-0834-494e-9b42-b1853adf5598|rpc:10.1.0.21:46567|dataStream:|priority:0, fbc88013-4e58-4ce2-8f92-86967c0fe77f|rpc:10.1.0.21:45123|dataStream:|priority:1], old=null
2022-02-12 06:45:39,511 [6b353d4f-0834-494e-9b42-b1853adf5598@group-6C01376EE677-LeaderElection18] INFO  impl.LeaderElection (LeaderElection.java:logAndReturn(89)) - 6b353d4f-0834-494e-9b42-b1853adf5598@group-6C01376EE677-LeaderElection18: ELECTION REJECTED received 1 response(s) and 1 exception(s):
2022-02-12 06:45:39,511 [6b353d4f-0834-494e-9b42-b1853adf5598@group-6C01376EE677-LeaderElection18] INFO  impl.LeaderElection (LeaderElection.java:logAndReturn(93)) -   Response 0: 6b353d4f-0834-494e-9b42-b1853adf5598<-fbc88013-4e58-4ce2-8f92-86967c0fe77f#0:FAIL-t1
2022-02-12 06:45:39,511 [6b353d4f-0834-494e-9b42-b1853adf5598@group-6C01376EE677-LeaderElection18] INFO  impl.LeaderElection (LogUtils.java:infoOrTrace(137)) -   Exception 1: java.util.concurrent.ExecutionException: org.apache.ratis.thirdparty.io.grpc.StatusRuntimeException: UNAVAILABLE: io exception
2022-02-12 06:45:39,511 [6b353d4f-0834-494e-9b42-b1853adf5598@group-6C01376EE677-LeaderElection18] INFO  impl.LeaderElection (LeaderElection.java:askForVotes(308)) - 6b353d4f-0834-494e-9b42-b1853adf5598@group-6C01376EE677-LeaderElection18 ELECTION round 0: result REJECTED
2022-02-12 06:45:39,511 [6b353d4f-0834-494e-9b42-b1853adf5598@group-6C01376EE677-LeaderElection18] INFO  server.RaftServer$Division (RaftServerImpl.java:setRole(290)) - 6b353d4f-0834-494e-9b42-b1853adf5598@group-6C01376EE677: changes role from CANDIDATE to FOLLOWER at term 1 for REJECTED
2022-02-12 06:45:39,511 [6b353d4f-0834-494e-9b42-b1853adf5598@group-6C01376EE677-LeaderElection18] INFO  impl.RoleInfo (RoleInfo.java:shutdownLeaderElection(121)) - 6b353d4f-0834-494e-9b42-b1853adf5598: shutdown 6b353d4f-0834-494e-9b42-b1853adf5598@group-6C01376EE677-LeaderElection18
2022-02-12 06:45:39,512 [6b353d4f-0834-494e-9b42-b1853adf5598@group-6C01376EE677-LeaderElection18] INFO  impl.RoleInfo (RoleInfo.java:updateAndGet(130)) - 6b353d4f-0834-494e-9b42-b1853adf5598: start 6b353d4f-0834-494e-9b42-b1853adf5598@group-6C01376EE677-FollowerState
2022-02-12 06:45:39,520 [fbc88013-4e58-4ce2-8f92-86967c0fe77f@group-6C01376EE677-FollowerState] INFO  impl.FollowerState (FollowerState.java:run(143)) - fbc88013-4e58-4ce2-8f92-86967c0fe77f@group-6C01376EE677-FollowerState was interrupted: {}
java.lang.InterruptedException: sleep interrupted
	at java.lang.Thread.sleep(Native Method)
	at java.lang.Thread.sleep(Thread.java:340)
	at java.util.concurrent.TimeUnit.sleep(TimeUnit.java:386)
	at org.apache.ratis.util.TimeDuration.sleep(TimeDuration.java:324)
	at org.apache.ratis.util.TimeDuration.sleep(TimeDuration.java:309)
	at org.apache.ratis.server.impl.FollowerState.run(FollowerState.java:118)
2022-02-12 06:45:39,605 [Time-limited test] INFO  statemachine.DatanodeStateMachine (DatanodeStateMachine.java:stopDaemon(529)) - Ozone container server stopped.
2022-02-12 06:45:39,608 [Time-limited test] INFO  handler.ContextHandler (ContextHandler.java:doStop(1153)) - Stopped o.e.j.w.WebAppContext@a6ca9bb{hddsDatanode,/,null,STOPPED}{jar:file:/home/runner/.m2/repository/org/apache/ozone/hdds-container-service/1.3.0-SNAPSHOT/hdds-container-service-1.3.0-SNAPSHOT.jar!/webapps/hddsDatanode}
2022-02-12 06:45:39,615 [Time-limited test] INFO  server.AbstractConnector (AbstractConnector.java:doStop(381)) - Stopped ServerConnector@441ccfd7{HTTP/1.1, (http/1.1)}{0.0.0.0:0}
2022-02-12 06:45:39,616 [Time-limited test] INFO  server.session (HouseKeeper.java:stopScavenging(149)) - node0 Stopped scavenging
2022-02-12 06:45:39,621 [Time-limited test] INFO  handler.ContextHandler (ContextHandler.java:doStop(1153)) - Stopped o.e.j.s.ServletContextHandler@27d58238{static,/static,jar:file:/home/runner/.m2/repository/org/apache/ozone/hdds-container-service/1.3.0-SNAPSHOT/hdds-container-service-1.3.0-SNAPSHOT.jar!/webapps/static,STOPPED}
2022-02-12 06:45:39,638 [Time-limited test] INFO  handler.ContextHandler (ContextHandler.java:doStop(1153)) - Stopped o.e.j.s.ServletContextHandler@591f4316{logs,/logs,file:///home/runner/work/ozone/ozone/hadoop-ozone/integration-test/target/log,STOPPED}
2022-02-12 06:45:39,643 [Time-limited test] WARN  impl.MetricRegistriesImpl (MetricRegistriesImpl.java:addReporterRegistration(111)) - New reporters are added after registries were created. Some metrics will be missing from the reporter. Please add reporter before adding any new registry.
2022-02-12 06:45:39,643 [Time-limited test] WARN  impl.MetricRegistriesImpl (MetricRegistriesImpl.java:addReporterRegistration(111)) - New reporters are added after registries were created. Some metrics will be missing from the reporter. Please add reporter before adding any new registry.
2022-02-12 06:45:39,643 [Time-limited test] INFO  impl.MetricsSystemImpl (MetricsSystemImpl.java:init(158)) - HddsDatanode metrics system started (again)
2022-02-12 06:45:39,704 [Time-limited test] INFO  ozone.HddsDatanodeService (HddsDatanodeService.java:start(234)) - HddsDatanodeService host:fv-az59-317.csjynl4pkq3e1pkirw3ssqjfoh.cx.internal.cloudapp.net ip:10.1.0.21
2022-02-12 06:45:39,740 [Time-limited test] INFO  upgrade.AbstractLayoutVersionManager (AbstractLayoutVersionManager.java:init(79)) - Initializing Layout version manager with metadata layout = SCM_HA (version = 2), software layout = SCM_HA (version = 2)
2022-02-12 06:45:39,748 [fbc88013-4e58-4ce2-8f92-86967c0fe77f@group-391B68ECE783-FollowerState] INFO  impl.FollowerState (FollowerState.java:run(134)) - fbc88013-4e58-4ce2-8f92-86967c0fe77f@group-391B68ECE783-FollowerState: change to CANDIDATE, lastRpcElapsedTime:5130105396ns, electionTimeout:5103ms
2022-02-12 06:45:39,748 [fbc88013-4e58-4ce2-8f92-86967c0fe77f@group-391B68ECE783-FollowerState] INFO  impl.RoleInfo (RoleInfo.java:shutdownFollowerState(108)) - fbc88013-4e58-4ce2-8f92-86967c0fe77f: shutdown fbc88013-4e58-4ce2-8f92-86967c0fe77f@group-391B68ECE783-FollowerState
2022-02-12 06:45:39,748 [fbc88013-4e58-4ce2-8f92-86967c0fe77f@group-391B68ECE783-FollowerState] INFO  server.RaftServer$Division (RaftServerImpl.java:setRole(290)) - fbc88013-4e58-4ce2-8f92-86967c0fe77f@group-391B68ECE783: changes role from  FOLLOWER to CANDIDATE at term 0 for changeToCandidate
2022-02-12 06:45:39,748 [fbc88013-4e58-4ce2-8f92-86967c0fe77f@group-391B68ECE783-FollowerState] INFO  server.RaftServerConfigKeys (ConfUtils.java:logGet(44)) - raft.server.leaderelection.pre-vote = false (custom)
2022-02-12 06:45:39,748 [fbc88013-4e58-4ce2-8f92-86967c0fe77f@group-391B68ECE783-FollowerState] INFO  impl.RoleInfo (RoleInfo.java:updateAndGet(130)) - fbc88013-4e58-4ce2-8f92-86967c0fe77f: start fbc88013-4e58-4ce2-8f92-86967c0fe77f@group-391B68ECE783-LeaderElection19
2022-02-12 06:45:39,813 [fbc88013-4e58-4ce2-8f92-86967c0fe77f@group-391B68ECE783-LeaderElection19] INFO  impl.LeaderElection (LeaderElection.java:askForVotes(306)) - fbc88013-4e58-4ce2-8f92-86967c0fe77f@group-391B68ECE783-LeaderElection19 ELECTION round 0: submit vote requests at term 1 for -1: [fbc88013-4e58-4ce2-8f92-86967c0fe77f|rpc:10.1.0.21:45123|priority:1], old=null
2022-02-12 06:45:39,813 [fbc88013-4e58-4ce2-8f92-86967c0fe77f@group-391B68ECE783-LeaderElection19] INFO  impl.LeaderElection (LeaderElection.java:askForVotes(308)) - fbc88013-4e58-4ce2-8f92-86967c0fe77f@group-391B68ECE783-LeaderElection19 ELECTION round 0: result PASSED (term=1)
2022-02-12 06:45:39,813 [fbc88013-4e58-4ce2-8f92-86967c0fe77f@group-391B68ECE783-LeaderElection19] INFO  impl.RoleInfo (RoleInfo.java:shutdownLeaderElection(121)) - fbc88013-4e58-4ce2-8f92-86967c0fe77f: shutdown fbc88013-4e58-4ce2-8f92-86967c0fe77f@group-391B68ECE783-LeaderElection19
2022-02-12 06:45:39,813 [fbc88013-4e58-4ce2-8f92-86967c0fe77f@group-391B68ECE783-LeaderElection19] INFO  server.RaftServer$Division (RaftServerImpl.java:setRole(290)) - fbc88013-4e58-4ce2-8f92-86967c0fe77f@group-391B68ECE783: changes role from CANDIDATE to LEADER at term 1 for changeToLeader
2022-02-12 06:45:39,814 [fbc88013-4e58-4ce2-8f92-86967c0fe77f@group-391B68ECE783-LeaderElection19] INFO  ratis.XceiverServerRatis (XceiverServerRatis.java:handleLeaderChangedNotification(866)) - Leader change notification received for group: group-391B68ECE783 with new leaderId: fbc88013-4e58-4ce2-8f92-86967c0fe77f
2022-02-12 06:45:39,814 [fbc88013-4e58-4ce2-8f92-86967c0fe77f@group-391B68ECE783-LeaderElection19] INFO  server.RaftServer$Division (ServerState.java:setLeader(285)) - fbc88013-4e58-4ce2-8f92-86967c0fe77f@group-391B68ECE783: change Leader from null to fbc88013-4e58-4ce2-8f92-86967c0fe77f at term 1 for becomeLeader, leader elected after 5213ms
2022-02-12 06:45:39,814 [fbc88013-4e58-4ce2-8f92-86967c0fe77f@group-391B68ECE783-LeaderElection19] INFO  server.RaftServerConfigKeys (ConfUtils.java:logGet(44)) - raft.server.staging.catchup.gap = 1000 (default)
2022-02-12 06:45:39,814 [fbc88013-4e58-4ce2-8f92-86967c0fe77f@group-391B68ECE783-LeaderElection19] INFO  server.RaftServerConfigKeys (ConfUtils.java:logGet(44)) - raft.server.write.element-limit = 1024 (custom)
2022-02-12 06:45:39,814 [fbc88013-4e58-4ce2-8f92-86967c0fe77f@group-391B68ECE783-LeaderElection19] INFO  server.RaftServerConfigKeys (ConfUtils.java:logGet(44)) - raft.server.write.byte-limit = 1024 M (=1073741824) (custom)
2022-02-12 06:45:39,814 [fbc88013-4e58-4ce2-8f92-86967c0fe77f@group-391B68ECE783-LeaderElection19] INFO  server.RaftServerConfigKeys (ConfUtils.java:logGet(44)) - raft.server.watch.timeout = 180s (custom)
2022-02-12 06:45:39,814 [fbc88013-4e58-4ce2-8f92-86967c0fe77f@group-391B68ECE783-LeaderElection19] INFO  server.RaftServerConfigKeys (ConfUtils.java:logGet(44)) - raft.server.watch.timeout.denomination = 1s (default)
2022-02-12 06:45:39,814 [fbc88013-4e58-4ce2-8f92-86967c0fe77f@group-391B68ECE783-LeaderElection19] INFO  server.RaftServerConfigKeys (ConfUtils.java:logGet(44)) - raft.server.watch.element-limit = 65536 (default)
2022-02-12 06:45:39,815 [fbc88013-4e58-4ce2-8f92-86967c0fe77f@group-391B68ECE783-LeaderElection19] INFO  server.RaftServerConfigKeys (ConfUtils.java:logGet(44)) - raft.server.write.element-limit = 1024 (custom)
2022-02-12 06:45:39,815 [fbc88013-4e58-4ce2-8f92-86967c0fe77f@group-391B68ECE783-LeaderElection19] INFO  server.RaftServerConfigKeys (ConfUtils.java:logGet(44)) - raft.server.write.follower.gap.ratio.max = -1.0 (default)
2022-02-12 06:45:39,815 [fbc88013-4e58-4ce2-8f92-86967c0fe77f@group-391B68ECE783-LeaderElection19] INFO  impl.RoleInfo (RoleInfo.java:updateAndGet(130)) - fbc88013-4e58-4ce2-8f92-86967c0fe77f: start fbc88013-4e58-4ce2-8f92-86967c0fe77f@group-391B68ECE783-LeaderStateImpl
2022-02-12 06:45:39,815 [fbc88013-4e58-4ce2-8f92-86967c0fe77f@group-391B68ECE783-LeaderElection19] INFO  segmented.SegmentedRaftLogWorker (SegmentedRaftLogWorker.java:startLogSegment(394)) - fbc88013-4e58-4ce2-8f92-86967c0fe77f@group-391B68ECE783-SegmentedRaftLogWorker: Starting segment from index:0
2022-02-12 06:45:39,816 [fbc88013-4e58-4ce2-8f92-86967c0fe77f@group-391B68ECE783-SegmentedRaftLogWorker] INFO  segmented.SegmentedRaftLogWorker (SegmentedRaftLogWorker.java:execute(601)) - fbc88013-4e58-4ce2-8f92-86967c0fe77f@group-391B68ECE783-SegmentedRaftLogWorker: created new log segment /home/runner/work/ozone/ozone/hadoop-ozone/integration-test/target/test-dir/MiniOzoneClusterImpl-82593cca-502f-46a3-a597-4e713ce930c0/datanode-0/data/ratis/22971a5f-e114-45d8-b127-391b68ece783/current/log_inprogress_0
2022-02-12 06:45:39,842 [fbc88013-4e58-4ce2-8f92-86967c0fe77f@group-391B68ECE783-LeaderElection19] INFO  server.RaftServer$Division (ServerState.java:setRaftConf(387)) - fbc88013-4e58-4ce2-8f92-86967c0fe77f@group-391B68ECE783: set configuration 0: [fbc88013-4e58-4ce2-8f92-86967c0fe77f|rpc:10.1.0.21:45123|dataStream:|priority:1], old=null
2022-02-12 06:45:39,881 [Time-limited test] INFO  reflections.Reflections (Reflections.java:scan(232)) - Reflections took 139 ms to scan 7 urls, producing 119 keys and 279 values 
2022-02-12 06:45:39,890 [Time-limited test] INFO  statemachine.DatanodeStateMachine (DatanodeStateMachine.java:getEndPointTaskThreadPoolSize(222)) - Datanode State Machine Task Thread Pool size 2
2022-02-12 06:45:39,901 [Time-limited test] INFO  volume.HddsVolume (HddsVolume.java:<init>(120)) - Creating HddsVolume: /home/runner/work/ozone/ozone/hadoop-ozone/integration-test/target/test-dir/MiniOzoneClusterImpl-82593cca-502f-46a3-a597-4e713ce930c0/datanode-1/data-0/containers/hdds of storage type : DISK capacity : 9223372036854775807
2022-02-12 06:45:39,901 [Time-limited test] INFO  volume.MutableVolumeSet (MutableVolumeSet.java:initializeVolumeSet(168)) - Added Volume : /home/runner/work/ozone/ozone/hadoop-ozone/integration-test/target/test-dir/MiniOzoneClusterImpl-82593cca-502f-46a3-a597-4e713ce930c0/datanode-1/data-0/containers/hdds to VolumeSet
2022-02-12 06:45:39,901 [Time-limited test] INFO  volume.ThrottledAsyncChecker (ThrottledAsyncChecker.java:schedule(141)) - Scheduling a check for /home/runner/work/ozone/ozone/hadoop-ozone/integration-test/target/test-dir/MiniOzoneClusterImpl-82593cca-502f-46a3-a597-4e713ce930c0/datanode-1/data-0/containers/hdds
2022-02-12 06:45:39,902 [Time-limited test] INFO  volume.StorageVolumeChecker (StorageVolumeChecker.java:checkAllVolumes(202)) - Scheduled health check for volume /home/runner/work/ozone/ozone/hadoop-ozone/integration-test/target/test-dir/MiniOzoneClusterImpl-82593cca-502f-46a3-a597-4e713ce930c0/datanode-1/data-0/containers/hdds
2022-02-12 06:45:39,915 [Time-limited test] INFO  volume.MutableVolumeSet (MutableVolumeSet.java:initializeVolumeSet(168)) - Added Volume : /home/runner/work/ozone/ozone/hadoop-ozone/integration-test/target/test-dir/MiniOzoneClusterImpl-82593cca-502f-46a3-a597-4e713ce930c0/datanode-1/data/ratis to VolumeSet
2022-02-12 06:45:39,915 [Time-limited test] INFO  volume.ThrottledAsyncChecker (ThrottledAsyncChecker.java:schedule(141)) - Scheduling a check for /home/runner/work/ozone/ozone/hadoop-ozone/integration-test/target/test-dir/MiniOzoneClusterImpl-82593cca-502f-46a3-a597-4e713ce930c0/datanode-1/data/ratis
2022-02-12 06:45:39,924 [Time-limited test] INFO  volume.StorageVolumeChecker (StorageVolumeChecker.java:checkAllVolumes(202)) - Scheduled health check for volume /home/runner/work/ozone/ozone/hadoop-ozone/integration-test/target/test-dir/MiniOzoneClusterImpl-82593cca-502f-46a3-a597-4e713ce930c0/datanode-1/data/ratis
2022-02-12 06:45:39,965 [Thread-3357] INFO  ozoneimpl.ContainerReader (ContainerReader.java:readVolume(142)) - Start to verify containers on volume /home/runner/work/ozone/ozone/hadoop-ozone/integration-test/target/test-dir/MiniOzoneClusterImpl-82593cca-502f-46a3-a597-4e713ce930c0/datanode-1/data-0/containers/hdds
2022-02-12 06:45:40,111 [Thread-3357] INFO  ozoneimpl.ContainerReader (ContainerReader.java:readVolume(172)) - Finish verifying containers on volume /home/runner/work/ozone/ozone/hadoop-ozone/integration-test/target/test-dir/MiniOzoneClusterImpl-82593cca-502f-46a3-a597-4e713ce930c0/datanode-1/data-0/containers/hdds
2022-02-12 06:45:40,112 [Time-limited test] INFO  ozoneimpl.OzoneContainer (OzoneContainer.java:buildContainerSet(237)) - Build ContainerSet costs 0s
2022-02-12 06:45:40,114 [Time-limited test] INFO  server.RaftServer (ConfUtils.java:logGet(44)) - raft.rpc.type = GRPC (default)
2022-02-12 06:45:40,115 [Time-limited test] INFO  grpc.GrpcFactory (GrpcFactory.java:checkPooledByteBufAllocatorUseCacheForAllThreads(48)) - PERFORMANCE WARNING: useCacheForAllThreads is true that may cause Netty to create a lot garbage objects and, as a result, trigger GC.
	It is recommended to disable useCacheForAllThreads by setting -Dorg.apache.ratis.thirdparty.io.netty.allocator.useCacheForAllThreads=false in command line.
2022-02-12 06:45:40,115 [Time-limited test] INFO  grpc.GrpcConfigKeys (ConfUtils.java:logGet(44)) - raft.grpc.admin.port = 37195 (custom)
2022-02-12 06:45:40,115 [Time-limited test] INFO  grpc.GrpcConfigKeys (ConfUtils.java:logGet(44)) - raft.grpc.client.port = 37195 (custom)
2022-02-12 06:45:40,115 [Time-limited test] INFO  grpc.GrpcConfigKeys (ConfUtils.java:logGet(44)) - raft.grpc.server.port = 37195 (custom)
2022-02-12 06:45:40,115 [Time-limited test] INFO  server.GrpcService (ConfUtils.java:logGet(44)) - raft.grpc.message.size.max = 32MB (=33554432) (custom)
2022-02-12 06:45:40,115 [Time-limited test] INFO  server.RaftServerConfigKeys (ConfUtils.java:logGet(44)) - raft.server.log.appender.buffer.byte-limit = 33554432 (custom)
2022-02-12 06:45:40,115 [Time-limited test] INFO  server.GrpcService (ConfUtils.java:logGet(44)) - raft.grpc.flow.control.window = 5MB (=5242880) (custom)
2022-02-12 06:45:40,115 [Time-limited test] INFO  server.RaftServerConfigKeys (ConfUtils.java:logGet(44)) - raft.server.rpc.request.timeout = 60s (custom)
2022-02-12 06:45:40,119 [Time-limited test] INFO  impl.DataStreamServerImpl (ConfUtils.java:logGet(44)) - raft.datastream.type = DISABLED (default)
2022-02-12 06:45:40,119 [Time-limited test] INFO  server.RaftServerConfigKeys (ConfUtils.java:logGet(44)) - raft.server.rpc.slowness.timeout = 300s (custom)
2022-02-12 06:45:40,119 [Time-limited test] INFO  server.RaftServerConfigKeys (ConfUtils.java:logGet(44)) - raft.server.leaderelection.leader.step-down.wait-time = 10s (default)
2022-02-12 06:45:40,119 [Time-limited test] INFO  server.RaftServerConfigKeys (ConfUtils.java:logGet(44)) - raft.server.storage.dir = [/home/runner/work/ozone/ozone/hadoop-ozone/integration-test/target/test-dir/MiniOzoneClusterImpl-82593cca-502f-46a3-a597-4e713ce930c0/datanode-1/data/ratis] (custom)
2022-02-12 06:45:40,119 [Time-limited test] INFO  server.RaftServer (RaftServerProxy.java:lambda$null$1(235)) - 2db57d0a-e0a4-4c64-8073-50a45d71dc35: found a subdirectory /home/runner/work/ozone/ozone/hadoop-ozone/integration-test/target/test-dir/MiniOzoneClusterImpl-82593cca-502f-46a3-a597-4e713ce930c0/datanode-1/data/ratis/6d9ef404-b106-488a-b221-ad6f77e61740
2022-02-12 06:45:40,136 [Time-limited test] INFO  server.RaftServer (RaftServerProxy.java:addNew(95)) - 2db57d0a-e0a4-4c64-8073-50a45d71dc35: addNew group-AD6F77E61740:[] returns group-AD6F77E61740:java.util.concurrent.CompletableFuture@41b81c0f[Not completed]
2022-02-12 06:45:40,136 [Time-limited test] INFO  server.RaftServer (RaftServerProxy.java:lambda$null$1(235)) - 2db57d0a-e0a4-4c64-8073-50a45d71dc35: found a subdirectory /home/runner/work/ozone/ozone/hadoop-ozone/integration-test/target/test-dir/MiniOzoneClusterImpl-82593cca-502f-46a3-a597-4e713ce930c0/datanode-1/data/ratis/77ae296a-7d7e-41ef-aa37-07e8c718409e
2022-02-12 06:45:40,136 [Time-limited test] INFO  server.RaftServer (RaftServerProxy.java:addNew(95)) - 2db57d0a-e0a4-4c64-8073-50a45d71dc35: addNew group-07E8C718409E:[] returns group-07E8C718409E:java.util.concurrent.CompletableFuture@1e0c753e[Not completed]
2022-02-12 06:45:40,137 [Time-limited test] INFO  server.RaftServer (RaftServerProxy.java:lambda$null$1(235)) - 2db57d0a-e0a4-4c64-8073-50a45d71dc35: found a subdirectory /home/runner/work/ozone/ozone/hadoop-ozone/integration-test/target/test-dir/MiniOzoneClusterImpl-82593cca-502f-46a3-a597-4e713ce930c0/datanode-1/data/ratis/cc405141-49e9-43a6-8452-edbcdb998dc6
2022-02-12 06:45:40,137 [Time-limited test] INFO  server.RaftServer (RaftServerProxy.java:addNew(95)) - 2db57d0a-e0a4-4c64-8073-50a45d71dc35: addNew group-EDBCDB998DC6:[] returns group-EDBCDB998DC6:java.util.concurrent.CompletableFuture@b1d3a58[Not completed]
2022-02-12 06:45:40,137 [Time-limited test] INFO  server.RaftServer (RaftServerProxy.java:lambda$null$1(235)) - 2db57d0a-e0a4-4c64-8073-50a45d71dc35: found a subdirectory /home/runner/work/ozone/ozone/hadoop-ozone/integration-test/target/test-dir/MiniOzoneClusterImpl-82593cca-502f-46a3-a597-4e713ce930c0/datanode-1/data/ratis/c4dc2180-af44-4c9f-bc0f-6c01376ee677
2022-02-12 06:45:40,137 [Time-limited test] INFO  server.RaftServer (RaftServerProxy.java:addNew(95)) - 2db57d0a-e0a4-4c64-8073-50a45d71dc35: addNew group-6C01376EE677:[] returns group-6C01376EE677:java.util.concurrent.CompletableFuture@320cad0c[Not completed]
2022-02-12 06:45:40,137 [Time-limited test] INFO  server.RaftServer (RaftServerProxy.java:lambda$null$1(235)) - 2db57d0a-e0a4-4c64-8073-50a45d71dc35: found a subdirectory /home/runner/work/ozone/ozone/hadoop-ozone/integration-test/target/test-dir/MiniOzoneClusterImpl-82593cca-502f-46a3-a597-4e713ce930c0/datanode-1/data/ratis/979daa28-c936-4b68-a515-4e9d75d0d1dd
2022-02-12 06:45:40,137 [Time-limited test] INFO  server.RaftServer (RaftServerProxy.java:addNew(95)) - 2db57d0a-e0a4-4c64-8073-50a45d71dc35: addNew group-4E9D75D0D1DD:[] returns group-4E9D75D0D1DD:java.util.concurrent.CompletableFuture@33d58726[Not completed]
2022-02-12 06:45:40,139 [Time-limited test] INFO  server.XceiverServerGrpc (XceiverServerGrpc.java:<init>(132)) - GrpcServer channel type EpollServerSocketChannel
2022-02-12 06:45:40,141 [pool-460-thread-1] INFO  server.RaftServer$Division (RaftServerImpl.java:<init>(184)) - 2db57d0a-e0a4-4c64-8073-50a45d71dc35: new RaftServerImpl for group-AD6F77E61740:[] with ContainerStateMachine:uninitialized
2022-02-12 06:45:40,163 [pool-460-thread-1] INFO  server.RaftServerConfigKeys (ConfUtils.java:logGet(44)) - raft.server.rpc.timeout.min = 5s (custom)
2022-02-12 06:45:40,164 [pool-460-thread-1] INFO  server.RaftServerConfigKeys (ConfUtils.java:logGet(44)) - raft.server.rpc.timeout.max = 5200ms (custom)
2022-02-12 06:45:40,164 [pool-460-thread-1] INFO  server.RaftServerConfigKeys (ConfUtils.java:logGet(44)) - raft.server.rpc.sleep.time = 25ms (default)
2022-02-12 06:45:40,164 [pool-460-thread-1] INFO  server.RaftServerConfigKeys (ConfUtils.java:logGet(44)) - raft.server.rpc.slowness.timeout = 300s (custom)
2022-02-12 06:45:40,164 [pool-460-thread-1] INFO  server.RaftServerConfigKeys (ConfUtils.java:logGet(44)) - raft.server.leaderelection.leader.step-down.wait-time = 10s (default)
2022-02-12 06:45:40,164 [pool-460-thread-1] INFO  server.RaftServerConfigKeys (ConfUtils.java:logGet(44)) - raft.server.sleep.deviation.threshold = 300ms (default)
2022-02-12 06:45:40,164 [pool-460-thread-1] INFO  server.RaftServerConfigKeys (ConfUtils.java:logGet(44)) - raft.server.log.appender.install.snapshot.enabled = false (custom)
2022-02-12 06:45:40,164 [pool-460-thread-1] INFO  server.RaftServer$Division (ServerState.java:<init>(105)) - 2db57d0a-e0a4-4c64-8073-50a45d71dc35@group-AD6F77E61740: ConfigurationManager, init=-1: [], old=null, confs=<EMPTY_MAP>
2022-02-12 06:45:40,164 [pool-460-thread-1] INFO  server.RaftServerConfigKeys (ConfUtils.java:logGet(44)) - raft.server.storage.dir = [/home/runner/work/ozone/ozone/hadoop-ozone/integration-test/target/test-dir/MiniOzoneClusterImpl-82593cca-502f-46a3-a597-4e713ce930c0/datanode-1/data/ratis] (custom)
2022-02-12 06:45:40,164 [pool-460-thread-1] INFO  server.RaftServerConfigKeys (ConfUtils.java:logGet(44)) - raft.server.log.corruption.policy = EXCEPTION (default)
2022-02-12 06:45:40,164 [pool-460-thread-1] INFO  server.RaftServerConfigKeys (ConfUtils.java:logGet(44)) - raft.server.storage.free-space.min = 0MB (=0) (default)
2022-02-12 06:45:40,169 [Time-limited test] INFO  http.BaseHttpServer (BaseHttpServer.java:newHttpServer2BuilderForOzone(209)) - Starting Web-server for hddsDatanode at: http://0.0.0.0:42545
2022-02-12 06:45:40,169 [Time-limited test] INFO  http.BaseHttpServer (BaseHttpServer.java:<init>(107)) - Hadoop Security Enabled: false Ozone Security Enabled: false Ozone HTTP Security Enabled: false 
2022-02-12 06:45:40,170 [pool-460-thread-1] INFO  storage.RaftStorageDirectory (RaftStorageDirectoryImpl.java:tryLock(230)) - Lock on /home/runner/work/ozone/ozone/hadoop-ozone/integration-test/target/test-dir/MiniOzoneClusterImpl-82593cca-502f-46a3-a597-4e713ce930c0/datanode-1/data/ratis/6d9ef404-b106-488a-b221-ad6f77e61740/in_use.lock acquired by nodename 26950@fv-az59-317
2022-02-12 06:45:40,171 [pool-460-thread-1] INFO  storage.RaftStorage (RaftStorageImpl.java:analyzeAndRecoverStorage(110)) - Read RaftStorageMetadata{term=4, votedFor=6b353d4f-0834-494e-9b42-b1853adf5598} from /home/runner/work/ozone/ozone/hadoop-ozone/integration-test/target/test-dir/MiniOzoneClusterImpl-82593cca-502f-46a3-a597-4e713ce930c0/datanode-1/data/ratis/6d9ef404-b106-488a-b221-ad6f77e61740/current/raft-meta
2022-02-12 06:45:40,177 [Time-limited test] INFO  server.AuthenticationFilter (AuthenticationFilter.java:constructSecretProvider(240)) - Unable to initialize FileSignerSecretProvider, falling back to use random secrets.
2022-02-12 06:45:40,182 [pool-460-thread-1] INFO  ratis.ContainerStateMachine (ContainerStateMachine.java:loadSnapshot(240)) - group-AD6F77E61740: Setting the last applied index to (t:4, i:498)
2022-02-12 06:45:40,183 [pool-460-thread-1] INFO  server.RaftServer$Division (ServerState.java:setRaftConf(387)) - 2db57d0a-e0a4-4c64-8073-50a45d71dc35@group-AD6F77E61740: set configuration 0: [2db57d0a-e0a4-4c64-8073-50a45d71dc35|rpc:10.1.0.21:37195|dataStream:|priority:0, 6b353d4f-0834-494e-9b42-b1853adf5598|rpc:10.1.0.21:46567|dataStream:|priority:1, fbc88013-4e58-4ce2-8f92-86967c0fe77f|rpc:10.1.0.21:45123|dataStream:|priority:0], old=null
2022-02-12 06:45:40,183 [pool-460-thread-1] INFO  server.RaftServerConfigKeys (ConfUtils.java:logGet(44)) - raft.server.notification.no-leader.timeout = 300s (custom)
2022-02-12 06:45:40,183 [pool-460-thread-1] INFO  server.RaftServerConfigKeys (ConfUtils.java:logGet(44)) - raft.server.log.use.memory = false (default)
2022-02-12 06:45:40,183 [pool-460-thread-1] INFO  server.RaftServerConfigKeys (ConfUtils.java:logGet(44)) - raft.server.log.purge.gap = 1000000 (custom)
2022-02-12 06:45:40,183 [pool-460-thread-1] INFO  server.RaftServerConfigKeys (ConfUtils.java:logGet(44)) - raft.server.log.appender.buffer.byte-limit = 33554432 (custom)
2022-02-12 06:45:40,183 [pool-460-thread-1] INFO  server.RaftServerConfigKeys (ConfUtils.java:logGet(44)) - raft.server.log.segment.size.max = 1048576 (custom)
2022-02-12 06:45:40,184 [pool-460-thread-1] INFO  server.RaftServerConfigKeys (ConfUtils.java:logGet(44)) - raft.server.log.segment.cache.num.max = 2 (custom)
2022-02-12 06:45:40,184 [pool-460-thread-1] INFO  server.RaftServerConfigKeys (ConfUtils.java:logGet(44)) - raft.server.log.segment.cache.size.max = 200MB (=209715200) (default)
2022-02-12 06:45:40,184 [pool-460-thread-1] INFO  segmented.SegmentedRaftLogWorker (SegmentedRaftLogWorker.java:<init>(182)) - new 2db57d0a-e0a4-4c64-8073-50a45d71dc35@group-AD6F77E61740-SegmentedRaftLogWorker for RaftStorageImpl:Storage Directory /home/runner/work/ozone/ozone/hadoop-ozone/integration-test/target/test-dir/MiniOzoneClusterImpl-82593cca-502f-46a3-a597-4e713ce930c0/datanode-1/data/ratis/6d9ef404-b106-488a-b221-ad6f77e61740
2022-02-12 06:45:40,184 [pool-460-thread-1] INFO  server.RaftServerConfigKeys (ConfUtils.java:logGet(44)) - raft.server.log.queue.byte-limit = 2147483647 (custom)
2022-02-12 06:45:40,184 [pool-460-thread-1] INFO  server.RaftServerConfigKeys (ConfUtils.java:logGet(44)) - raft.server.log.queue.element-limit = 1024 (custom)
2022-02-12 06:45:40,184 [pool-460-thread-1] INFO  server.RaftServerConfigKeys (ConfUtils.java:logGet(44)) - raft.server.log.segment.size.max = 1048576 (custom)
2022-02-12 06:45:40,184 [pool-460-thread-1] INFO  server.RaftServerConfigKeys (ConfUtils.java:logGet(44)) - raft.server.log.preallocated.size = 16384 (custom)
2022-02-12 06:45:40,184 [pool-460-thread-1] INFO  server.RaftServerConfigKeys (ConfUtils.java:logGet(44)) - raft.server.log.force.sync.num = 128 (default)
2022-02-12 06:45:40,184 [pool-460-thread-1] INFO  server.RaftServerConfigKeys (ConfUtils.java:logGet(44)) - raft.server.log.statemachine.data.sync = true (default)
2022-02-12 06:45:40,184 [pool-460-thread-1] INFO  server.RaftServerConfigKeys (ConfUtils.java:logGet(44)) - raft.server.log.statemachine.data.sync.timeout = 10s (default)
2022-02-12 06:45:40,184 [pool-460-thread-1] INFO  server.RaftServerConfigKeys (ConfUtils.java:logGet(44)) - raft.server.log.statemachine.data.sync.timeout.retry = -1 (default)
2022-02-12 06:45:40,192 [Time-limited test] WARN  http.HttpRequestLog (HttpRequestLog.java:getRequestLog(103)) - Jetty request log can only be enabled using Log4j
2022-02-12 06:45:40,198 [Time-limited test] INFO  http.HttpServer2 (HttpServer2.java:addGlobalFilter(1030)) - Added global filter 'safety' (class=org.apache.hadoop.hdds.server.http.HttpServer2$QuotingInputFilter)
2022-02-12 06:45:40,198 [Time-limited test] INFO  http.HttpServer2 (HttpServer2.java:addFilter(1006)) - Added filter static_user_filter (class=org.apache.hadoop.http.lib.StaticUserWebFilter$StaticUserFilter) to context hddsDatanode
2022-02-12 06:45:40,199 [Time-limited test] INFO  http.HttpServer2 (HttpServer2.java:addFilter(1014)) - Added filter static_user_filter (class=org.apache.hadoop.http.lib.StaticUserWebFilter$StaticUserFilter) to context static
2022-02-12 06:45:40,199 [Time-limited test] INFO  http.HttpServer2 (HttpServer2.java:addFilter(1014)) - Added filter static_user_filter (class=org.apache.hadoop.http.lib.StaticUserWebFilter$StaticUserFilter) to context logs
2022-02-12 06:45:40,197 [pool-460-thread-1] INFO  server.RaftServerConfigKeys (ConfUtils.java:logGet(44)) - raft.server.log.write.buffer.size = 1048576 (custom)
2022-02-12 06:45:40,199 [pool-460-thread-1] INFO  server.RaftServerConfigKeys (ConfUtils.java:logGet(44)) - raft.server.log.statemachine.data.caching.enabled = true (custom)
2022-02-12 06:45:40,200 [pool-460-thread-1] INFO  server.RaftServer$Division (ServerState.java:setRaftConf(387)) - 2db57d0a-e0a4-4c64-8073-50a45d71dc35@group-AD6F77E61740: set configuration 0: [2db57d0a-e0a4-4c64-8073-50a45d71dc35|rpc:10.1.0.21:37195|dataStream:|priority:0, 6b353d4f-0834-494e-9b42-b1853adf5598|rpc:10.1.0.21:46567|dataStream:|priority:1, fbc88013-4e58-4ce2-8f92-86967c0fe77f|rpc:10.1.0.21:45123|dataStream:|priority:0], old=null
2022-02-12 06:45:40,202 [Time-limited test] INFO  http.HttpServer2 (HttpServer2.java:bindListener(1249)) - Jetty bound to port 42545
2022-02-12 06:45:40,202 [Time-limited test] INFO  server.Server (Server.java:doStart(375)) - jetty-9.4.43.v20210629; built: 2021-06-30T11:07:22.254Z; git: 526006ecfa3af7f1a27ef3a288e2bef7ea9dd7e8; jvm 1.8.0_312-b07
2022-02-12 06:45:40,202 [pool-460-thread-1] INFO  segmented.LogSegment (LogSegment.java:loadSegment(173)) - Successfully read 499 entries from segment file /home/runner/work/ozone/ozone/hadoop-ozone/integration-test/target/test-dir/MiniOzoneClusterImpl-82593cca-502f-46a3-a597-4e713ce930c0/datanode-1/data/ratis/6d9ef404-b106-488a-b221-ad6f77e61740/current/log_inprogress_0
2022-02-12 06:45:40,255 [pool-460-thread-1] INFO  segmented.SegmentedRaftLogWorker (SegmentedRaftLogWorker.java:lambda$new$0(133)) - 2db57d0a-e0a4-4c64-8073-50a45d71dc35@group-AD6F77E61740-SegmentedRaftLogWorker: flushIndex: setUnconditionally 0 -> 498
2022-02-12 06:45:40,255 [pool-460-thread-1] INFO  segmented.SegmentedRaftLogWorker (SegmentedRaftLogWorker.java:lambda$new$0(133)) - 2db57d0a-e0a4-4c64-8073-50a45d71dc35@group-AD6F77E61740-SegmentedRaftLogWorker: safeCacheEvictIndex: setUnconditionally 0 -> -1
2022-02-12 06:45:40,264 [pool-460-thread-1] INFO  raftlog.RaftLog (RaftLogBase.java:lambda$new$0(53)) - 2db57d0a-e0a4-4c64-8073-50a45d71dc35@group-AD6F77E61740-SegmentedRaftLog: commitIndex: updateToMax old=498, new=497, updated? false
2022-02-12 06:45:40,264 [pool-460-thread-1] INFO  server.RaftServerConfigKeys (ConfUtils.java:logGet(44)) - raft.server.snapshot.auto.trigger.enabled = true (custom)
2022-02-12 06:45:40,264 [pool-460-thread-1] INFO  server.RaftServerConfigKeys (ConfUtils.java:logGet(44)) - raft.server.snapshot.auto.trigger.threshold = 10000 (custom)
2022-02-12 06:45:40,264 [pool-460-thread-1] INFO  server.RaftServerConfigKeys (ConfUtils.java:logGet(44)) - raft.server.snapshot.retention.file.num = 5 (custom)
2022-02-12 06:45:40,264 [pool-460-thread-1] INFO  server.RaftServerConfigKeys (ConfUtils.java:logGet(44)) - raft.server.log.purge.upto.snapshot.index = false (default)
2022-02-12 06:45:40,264 [pool-460-thread-1] INFO  server.RaftServerConfigKeys (ConfUtils.java:logGet(44)) - raft.server.retrycache.expirytime = 600000ms (custom)
2022-02-12 06:45:40,265 [pool-460-thread-1] INFO  server.RaftServerConfigKeys (ConfUtils.java:logGet(44)) - raft.server.retrycache.statistics.expirytime = 100μs (default)
2022-02-12 06:45:40,267 [pool-460-thread-1] INFO  server.RaftServer$Division (RaftServerImpl.java:<init>(184)) - 2db57d0a-e0a4-4c64-8073-50a45d71dc35: new RaftServerImpl for group-07E8C718409E:[] with ContainerStateMachine:uninitialized
2022-02-12 06:45:40,267 [pool-460-thread-1] INFO  server.RaftServerConfigKeys (ConfUtils.java:logGet(44)) - raft.server.rpc.timeout.min = 5s (custom)
2022-02-12 06:45:40,267 [pool-460-thread-1] INFO  server.RaftServerConfigKeys (ConfUtils.java:logGet(44)) - raft.server.rpc.timeout.max = 5200ms (custom)
2022-02-12 06:45:40,267 [pool-460-thread-1] INFO  server.RaftServerConfigKeys (ConfUtils.java:logGet(44)) - raft.server.rpc.sleep.time = 25ms (default)
2022-02-12 06:45:40,267 [pool-460-thread-1] INFO  server.RaftServerConfigKeys (ConfUtils.java:logGet(44)) - raft.server.rpc.slowness.timeout = 300s (custom)
2022-02-12 06:45:40,267 [pool-460-thread-1] INFO  server.RaftServerConfigKeys (ConfUtils.java:logGet(44)) - raft.server.leaderelection.leader.step-down.wait-time = 10s (default)
2022-02-12 06:45:40,267 [pool-460-thread-1] INFO  server.RaftServerConfigKeys (ConfUtils.java:logGet(44)) - raft.server.sleep.deviation.threshold = 300ms (default)
2022-02-12 06:45:40,267 [pool-460-thread-1] INFO  server.RaftServerConfigKeys (ConfUtils.java:logGet(44)) - raft.server.log.appender.install.snapshot.enabled = false (custom)
2022-02-12 06:45:40,267 [pool-460-thread-1] INFO  server.RaftServer$Division (ServerState.java:<init>(105)) - 2db57d0a-e0a4-4c64-8073-50a45d71dc35@group-07E8C718409E: ConfigurationManager, init=-1: [], old=null, confs=<EMPTY_MAP>
2022-02-12 06:45:40,267 [pool-460-thread-1] INFO  server.RaftServerConfigKeys (ConfUtils.java:logGet(44)) - raft.server.storage.dir = [/home/runner/work/ozone/ozone/hadoop-ozone/integration-test/target/test-dir/MiniOzoneClusterImpl-82593cca-502f-46a3-a597-4e713ce930c0/datanode-1/data/ratis] (custom)
2022-02-12 06:45:40,267 [pool-460-thread-1] INFO  server.RaftServerConfigKeys (ConfUtils.java:logGet(44)) - raft.server.log.corruption.policy = EXCEPTION (default)
2022-02-12 06:45:40,267 [pool-460-thread-1] INFO  server.RaftServerConfigKeys (ConfUtils.java:logGet(44)) - raft.server.storage.free-space.min = 0MB (=0) (default)
2022-02-12 06:45:40,273 [pool-460-thread-1] INFO  storage.RaftStorageDirectory (RaftStorageDirectoryImpl.java:tryLock(230)) - Lock on /home/runner/work/ozone/ozone/hadoop-ozone/integration-test/target/test-dir/MiniOzoneClusterImpl-82593cca-502f-46a3-a597-4e713ce930c0/datanode-1/data/ratis/77ae296a-7d7e-41ef-aa37-07e8c718409e/in_use.lock acquired by nodename 26950@fv-az59-317
2022-02-12 06:45:40,274 [pool-460-thread-1] INFO  storage.RaftStorage (RaftStorageImpl.java:analyzeAndRecoverStorage(110)) - Read RaftStorageMetadata{term=0, votedFor=} from /home/runner/work/ozone/ozone/hadoop-ozone/integration-test/target/test-dir/MiniOzoneClusterImpl-82593cca-502f-46a3-a597-4e713ce930c0/datanode-1/data/ratis/77ae296a-7d7e-41ef-aa37-07e8c718409e/current/raft-meta
2022-02-12 06:45:40,274 [pool-460-thread-1] INFO  ratis.ContainerStateMachine (ContainerStateMachine.java:loadSnapshot(231)) - group-07E8C718409E: The snapshot info is null. Setting the last applied indexto:(t:0, i:~)
2022-02-12 06:45:40,276 [pool-460-thread-1] INFO  server.RaftServerConfigKeys (ConfUtils.java:logGet(44)) - raft.server.notification.no-leader.timeout = 300s (custom)
2022-02-12 06:45:40,276 [pool-460-thread-1] INFO  server.RaftServerConfigKeys (ConfUtils.java:logGet(44)) - raft.server.log.use.memory = false (default)
2022-02-12 06:45:40,276 [pool-460-thread-1] INFO  server.RaftServerConfigKeys (ConfUtils.java:logGet(44)) - raft.server.log.purge.gap = 1000000 (custom)
2022-02-12 06:45:40,276 [pool-460-thread-1] INFO  server.RaftServerConfigKeys (ConfUtils.java:logGet(44)) - raft.server.log.appender.buffer.byte-limit = 33554432 (custom)
2022-02-12 06:45:40,276 [pool-460-thread-1] INFO  server.RaftServerConfigKeys (ConfUtils.java:logGet(44)) - raft.server.log.segment.size.max = 1048576 (custom)
2022-02-12 06:45:40,276 [pool-460-thread-1] INFO  server.RaftServerConfigKeys (ConfUtils.java:logGet(44)) - raft.server.log.segment.cache.num.max = 2 (custom)
2022-02-12 06:45:40,276 [pool-460-thread-1] INFO  server.RaftServerConfigKeys (ConfUtils.java:logGet(44)) - raft.server.log.segment.cache.size.max = 200MB (=209715200) (default)
2022-02-12 06:45:40,277 [pool-460-thread-1] INFO  segmented.SegmentedRaftLogWorker (SegmentedRaftLogWorker.java:<init>(182)) - new 2db57d0a-e0a4-4c64-8073-50a45d71dc35@group-07E8C718409E-SegmentedRaftLogWorker for RaftStorageImpl:Storage Directory /home/runner/work/ozone/ozone/hadoop-ozone/integration-test/target/test-dir/MiniOzoneClusterImpl-82593cca-502f-46a3-a597-4e713ce930c0/datanode-1/data/ratis/77ae296a-7d7e-41ef-aa37-07e8c718409e
2022-02-12 06:45:40,277 [pool-460-thread-1] INFO  server.RaftServerConfigKeys (ConfUtils.java:logGet(44)) - raft.server.log.queue.byte-limit = 2147483647 (custom)
2022-02-12 06:45:40,277 [pool-460-thread-1] INFO  server.RaftServerConfigKeys (ConfUtils.java:logGet(44)) - raft.server.log.queue.element-limit = 1024 (custom)
2022-02-12 06:45:40,277 [pool-460-thread-1] INFO  server.RaftServerConfigKeys (ConfUtils.java:logGet(44)) - raft.server.log.segment.size.max = 1048576 (custom)
2022-02-12 06:45:40,277 [pool-460-thread-1] INFO  server.RaftServerConfigKeys (ConfUtils.java:logGet(44)) - raft.server.log.preallocated.size = 16384 (custom)
2022-02-12 06:45:40,284 [pool-460-thread-1] INFO  server.RaftServerConfigKeys (ConfUtils.java:logGet(44)) - raft.server.log.force.sync.num = 128 (default)
2022-02-12 06:45:40,284 [pool-460-thread-1] INFO  server.RaftServerConfigKeys (ConfUtils.java:logGet(44)) - raft.server.log.statemachine.data.sync = true (default)
2022-02-12 06:45:40,284 [pool-460-thread-1] INFO  server.RaftServerConfigKeys (ConfUtils.java:logGet(44)) - raft.server.log.statemachine.data.sync.timeout = 10s (default)
2022-02-12 06:45:40,284 [pool-460-thread-1] INFO  server.RaftServerConfigKeys (ConfUtils.java:logGet(44)) - raft.server.log.statemachine.data.sync.timeout.retry = -1 (default)
2022-02-12 06:45:40,292 [pool-460-thread-1] INFO  server.RaftServerConfigKeys (ConfUtils.java:logGet(44)) - raft.server.log.write.buffer.size = 1048576 (custom)
2022-02-12 06:45:40,292 [pool-460-thread-1] INFO  server.RaftServerConfigKeys (ConfUtils.java:logGet(44)) - raft.server.log.statemachine.data.caching.enabled = true (custom)
2022-02-12 06:45:40,292 [pool-460-thread-1] INFO  segmented.SegmentedRaftLogWorker (SegmentedRaftLogWorker.java:lambda$new$0(133)) - 2db57d0a-e0a4-4c64-8073-50a45d71dc35@group-07E8C718409E-SegmentedRaftLogWorker: flushIndex: setUnconditionally 0 -> -1
2022-02-12 06:45:40,292 [pool-460-thread-1] INFO  segmented.SegmentedRaftLogWorker (SegmentedRaftLogWorker.java:lambda$new$0(133)) - 2db57d0a-e0a4-4c64-8073-50a45d71dc35@group-07E8C718409E-SegmentedRaftLogWorker: safeCacheEvictIndex: setUnconditionally 0 -> -1
2022-02-12 06:45:40,306 [pool-460-thread-1] INFO  server.RaftServerConfigKeys (ConfUtils.java:logGet(44)) - raft.server.snapshot.auto.trigger.enabled = true (custom)
2022-02-12 06:45:40,306 [pool-460-thread-1] INFO  server.RaftServerConfigKeys (ConfUtils.java:logGet(44)) - raft.server.snapshot.auto.trigger.threshold = 10000 (custom)
2022-02-12 06:45:40,306 [pool-460-thread-1] INFO  server.RaftServerConfigKeys (ConfUtils.java:logGet(44)) - raft.server.snapshot.retention.file.num = 5 (custom)
2022-02-12 06:45:40,306 [pool-460-thread-1] INFO  server.RaftServerConfigKeys (ConfUtils.java:logGet(44)) - raft.server.log.purge.upto.snapshot.index = false (default)
2022-02-12 06:45:40,312 [pool-460-thread-1] INFO  server.RaftServerConfigKeys (ConfUtils.java:logGet(44)) - raft.server.retrycache.expirytime = 600000ms (custom)
2022-02-12 06:45:40,312 [pool-460-thread-1] INFO  server.RaftServerConfigKeys (ConfUtils.java:logGet(44)) - raft.server.retrycache.statistics.expirytime = 100μs (default)
2022-02-12 06:45:40,312 [Time-limited test] INFO  server.session (DefaultSessionIdManager.java:doStart(334)) - DefaultSessionIdManager workerName=node0
2022-02-12 06:45:40,312 [Time-limited test] INFO  server.session (DefaultSessionIdManager.java:doStart(339)) - No SessionScavenger set, using defaults
2022-02-12 06:45:40,313 [Time-limited test] INFO  server.session (HouseKeeper.java:startScavenging(132)) - node0 Scavenging every 660000ms
2022-02-12 06:45:40,314 [pool-460-thread-1] INFO  server.RaftServer$Division (RaftServerImpl.java:<init>(184)) - 2db57d0a-e0a4-4c64-8073-50a45d71dc35: new RaftServerImpl for group-EDBCDB998DC6:[] with ContainerStateMachine:uninitialized
2022-02-12 06:45:40,314 [pool-460-thread-1] INFO  server.RaftServerConfigKeys (ConfUtils.java:logGet(44)) - raft.server.rpc.timeout.min = 5s (custom)
2022-02-12 06:45:40,314 [pool-460-thread-1] INFO  server.RaftServerConfigKeys (ConfUtils.java:logGet(44)) - raft.server.rpc.timeout.max = 5200ms (custom)
2022-02-12 06:45:40,314 [pool-460-thread-1] INFO  server.RaftServerConfigKeys (ConfUtils.java:logGet(44)) - raft.server.rpc.sleep.time = 25ms (default)
2022-02-12 06:45:40,315 [pool-460-thread-1] INFO  server.RaftServerConfigKeys (ConfUtils.java:logGet(44)) - raft.server.rpc.slowness.timeout = 300s (custom)
2022-02-12 06:45:40,315 [pool-460-thread-1] INFO  server.RaftServerConfigKeys (ConfUtils.java:logGet(44)) - raft.server.leaderelection.leader.step-down.wait-time = 10s (default)
2022-02-12 06:45:40,315 [pool-460-thread-1] INFO  server.RaftServerConfigKeys (ConfUtils.java:logGet(44)) - raft.server.sleep.deviation.threshold = 300ms (default)
2022-02-12 06:45:40,315 [pool-460-thread-1] INFO  server.RaftServerConfigKeys (ConfUtils.java:logGet(44)) - raft.server.log.appender.install.snapshot.enabled = false (custom)
2022-02-12 06:45:40,315 [pool-460-thread-1] INFO  server.RaftServer$Division (ServerState.java:<init>(105)) - 2db57d0a-e0a4-4c64-8073-50a45d71dc35@group-EDBCDB998DC6: ConfigurationManager, init=-1: [], old=null, confs=<EMPTY_MAP>
2022-02-12 06:45:40,315 [pool-460-thread-1] INFO  server.RaftServerConfigKeys (ConfUtils.java:logGet(44)) - raft.server.storage.dir = [/home/runner/work/ozone/ozone/hadoop-ozone/integration-test/target/test-dir/MiniOzoneClusterImpl-82593cca-502f-46a3-a597-4e713ce930c0/datanode-1/data/ratis] (custom)
2022-02-12 06:45:40,315 [pool-460-thread-1] INFO  server.RaftServerConfigKeys (ConfUtils.java:logGet(44)) - raft.server.log.corruption.policy = EXCEPTION (default)
2022-02-12 06:45:40,315 [pool-460-thread-1] INFO  server.RaftServerConfigKeys (ConfUtils.java:logGet(44)) - raft.server.storage.free-space.min = 0MB (=0) (default)
2022-02-12 06:45:40,316 [Time-limited test] INFO  handler.ContextHandler (ContextHandler.java:doStart(915)) - Started o.e.j.s.ServletContextHandler@ddaa28d{logs,/logs,file:///home/runner/work/ozone/ozone/hadoop-ozone/integration-test/target/log,AVAILABLE}
2022-02-12 06:45:40,316 [Time-limited test] INFO  handler.ContextHandler (ContextHandler.java:doStart(915)) - Started o.e.j.s.ServletContextHandler@26efb71d{static,/static,jar:file:/home/runner/.m2/repository/org/apache/ozone/hdds-container-service/1.3.0-SNAPSHOT/hdds-container-service-1.3.0-SNAPSHOT.jar!/webapps/static,AVAILABLE}
2022-02-12 06:45:40,316 [pool-460-thread-1] INFO  storage.RaftStorageDirectory (RaftStorageDirectoryImpl.java:tryLock(230)) - Lock on /home/runner/work/ozone/ozone/hadoop-ozone/integration-test/target/test-dir/MiniOzoneClusterImpl-82593cca-502f-46a3-a597-4e713ce930c0/datanode-1/data/ratis/cc405141-49e9-43a6-8452-edbcdb998dc6/in_use.lock acquired by nodename 26950@fv-az59-317
2022-02-12 06:45:40,317 [pool-460-thread-1] INFO  storage.RaftStorage (RaftStorageImpl.java:analyzeAndRecoverStorage(110)) - Read RaftStorageMetadata{term=4, votedFor=6b353d4f-0834-494e-9b42-b1853adf5598} from /home/runner/work/ozone/ozone/hadoop-ozone/integration-test/target/test-dir/MiniOzoneClusterImpl-82593cca-502f-46a3-a597-4e713ce930c0/datanode-1/data/ratis/cc405141-49e9-43a6-8452-edbcdb998dc6/current/raft-meta
2022-02-12 06:45:40,317 [pool-460-thread-1] INFO  ratis.ContainerStateMachine (ContainerStateMachine.java:loadSnapshot(240)) - group-EDBCDB998DC6: Setting the last applied index to (t:3, i:434)
2022-02-12 06:45:40,318 [pool-460-thread-1] WARN  impl.ContainerSet (ContainerSet.java:lambda$buildMissingContainerSetAndValidate$2(279)) - Marking container 4 unhealthy as reported BCSID 431 is smaller than ratis snapshot recorded value 432
2022-02-12 06:45:40,342 [pool-460-thread-1] WARN  keyvalue.KeyValueContainer (KeyValueContainer.java:markContainerUnhealthy(303)) - Moving container /home/runner/work/ozone/ozone/hadoop-ozone/integration-test/target/test-dir/MiniOzoneClusterImpl-82593cca-502f-46a3-a597-4e713ce930c0/datanode-1/data-0/containers/hdds/82593cca-502f-46a3-a597-4e713ce930c0/current/containerDir0/4 to state UNHEALTHY from state:UNHEALTHY Trace:java.lang.Thread.getStackTrace(Thread.java:1559)
org.apache.hadoop.util.StringUtils.getStackTrace(StringUtils.java:1060)
org.apache.hadoop.ozone.container.keyvalue.KeyValueContainer.markContainerUnhealthy(KeyValueContainer.java:305)
org.apache.hadoop.ozone.container.common.impl.ContainerSet.lambda$buildMissingContainerSetAndValidate$2(ContainerSet.java:287)
java.util.stream.ForEachOps$ForEachOp$OfRef.accept(ForEachOps.java:183)
java.util.concurrent.ConcurrentHashMap$EntrySpliterator.forEachRemaining(ConcurrentHashMap.java:3606)
java.util.stream.AbstractPipeline.copyInto(AbstractPipeline.java:482)
java.util.stream.ForEachOps$ForEachTask.compute(ForEachOps.java:290)
java.util.concurrent.CountedCompleter.exec(CountedCompleter.java:731)
java.util.concurrent.ForkJoinTask.doExec(ForkJoinTask.java:289)
java.util.concurrent.ForkJoinTask.doInvoke(ForkJoinTask.java:401)
java.util.concurrent.ForkJoinTask.invoke(ForkJoinTask.java:734)
java.util.stream.ForEachOps$ForEachOp.evaluateParallel(ForEachOps.java:159)
java.util.stream.ForEachOps$ForEachOp$OfRef.evaluateParallel(ForEachOps.java:173)
java.util.stream.AbstractPipeline.evaluate(AbstractPipeline.java:233)
java.util.stream.ReferencePipeline.forEach(ReferencePipeline.java:485)
java.util.stream.ReferencePipeline$Head.forEach(ReferencePipeline.java:650)
org.apache.hadoop.ozone.container.common.impl.ContainerSet.buildMissingContainerSetAndValidate(ContainerSet.java:269)
org.apache.hadoop.ozone.container.common.impl.HddsDispatcher.buildMissingContainerSetAndValidate(HddsDispatcher.java:161)
org.apache.hadoop.ozone.container.common.transport.server.ratis.ContainerStateMachine.buildMissingContainerSet(ContainerStateMachine.java:261)
org.apache.hadoop.ozone.container.common.transport.server.ratis.ContainerStateMachine.loadSnapshot(ContainerStateMachine.java:245)
org.apache.hadoop.ozone.container.common.transport.server.ratis.ContainerStateMachine.initialize(ContainerStateMachine.java:224)
org.apache.ratis.server.impl.ServerState.<init>(ServerState.java:134)
org.apache.ratis.server.impl.RaftServerImpl.<init>(RaftServerImpl.java:197)
org.apache.ratis.server.impl.RaftServerProxy.lambda$newRaftServerImpl$4(RaftServerProxy.java:266)
java.util.concurrent.CompletableFuture$AsyncSupply.run(CompletableFuture.java:1604)
java.util.concurrent.ThreadPoolExecutor.runWorker(ThreadPoolExecutor.java:1149)
java.util.concurrent.ThreadPoolExecutor$Worker.run(ThreadPoolExecutor.java:624)
java.lang.Thread.run(Thread.java:748)

2022-02-12 06:45:40,343 [pool-460-thread-1] INFO  server.RaftServer$Division (ServerState.java:setRaftConf(387)) - 2db57d0a-e0a4-4c64-8073-50a45d71dc35@group-EDBCDB998DC6: set configuration 0: [2db57d0a-e0a4-4c64-8073-50a45d71dc35|rpc:10.1.0.21:37195|dataStream:|priority:0, 6b353d4f-0834-494e-9b42-b1853adf5598|rpc:10.1.0.21:46567|dataStream:|priority:0, fbc88013-4e58-4ce2-8f92-86967c0fe77f|rpc:10.1.0.21:45123|dataStream:|priority:1], old=null
2022-02-12 06:45:40,343 [pool-460-thread-1] INFO  server.RaftServerConfigKeys (ConfUtils.java:logGet(44)) - raft.server.notification.no-leader.timeout = 300s (custom)
2022-02-12 06:45:40,343 [pool-460-thread-1] INFO  server.RaftServerConfigKeys (ConfUtils.java:logGet(44)) - raft.server.log.use.memory = false (default)
2022-02-12 06:45:40,343 [pool-460-thread-1] INFO  server.RaftServerConfigKeys (ConfUtils.java:logGet(44)) - raft.server.log.purge.gap = 1000000 (custom)
2022-02-12 06:45:40,343 [pool-460-thread-1] INFO  server.RaftServerConfigKeys (ConfUtils.java:logGet(44)) - raft.server.log.appender.buffer.byte-limit = 33554432 (custom)
2022-02-12 06:45:40,343 [pool-460-thread-1] INFO  server.RaftServerConfigKeys (ConfUtils.java:logGet(44)) - raft.server.log.segment.size.max = 1048576 (custom)
2022-02-12 06:45:40,343 [pool-460-thread-1] INFO  server.RaftServerConfigKeys (ConfUtils.java:logGet(44)) - raft.server.log.segment.cache.num.max = 2 (custom)
2022-02-12 06:45:40,344 [pool-460-thread-1] INFO  server.RaftServerConfigKeys (ConfUtils.java:logGet(44)) - raft.server.log.segment.cache.size.max = 200MB (=209715200) (default)
2022-02-12 06:45:40,344 [pool-460-thread-1] INFO  segmented.SegmentedRaftLogWorker (SegmentedRaftLogWorker.java:<init>(182)) - new 2db57d0a-e0a4-4c64-8073-50a45d71dc35@group-EDBCDB998DC6-SegmentedRaftLogWorker for RaftStorageImpl:Storage Directory /home/runner/work/ozone/ozone/hadoop-ozone/integration-test/target/test-dir/MiniOzoneClusterImpl-82593cca-502f-46a3-a597-4e713ce930c0/datanode-1/data/ratis/cc405141-49e9-43a6-8452-edbcdb998dc6
2022-02-12 06:45:40,344 [pool-460-thread-1] INFO  server.RaftServerConfigKeys (ConfUtils.java:logGet(44)) - raft.server.log.queue.byte-limit = 2147483647 (custom)
2022-02-12 06:45:40,344 [pool-460-thread-1] INFO  server.RaftServerConfigKeys (ConfUtils.java:logGet(44)) - raft.server.log.queue.element-limit = 1024 (custom)
2022-02-12 06:45:40,344 [pool-460-thread-1] INFO  server.RaftServerConfigKeys (ConfUtils.java:logGet(44)) - raft.server.log.segment.size.max = 1048576 (custom)
2022-02-12 06:45:40,344 [pool-460-thread-1] INFO  server.RaftServerConfigKeys (ConfUtils.java:logGet(44)) - raft.server.log.preallocated.size = 16384 (custom)
2022-02-12 06:45:40,344 [pool-460-thread-1] INFO  server.RaftServerConfigKeys (ConfUtils.java:logGet(44)) - raft.server.log.force.sync.num = 128 (default)
2022-02-12 06:45:40,344 [pool-460-thread-1] INFO  server.RaftServerConfigKeys (ConfUtils.java:logGet(44)) - raft.server.log.statemachine.data.sync = true (default)
2022-02-12 06:45:40,344 [pool-460-thread-1] INFO  server.RaftServerConfigKeys (ConfUtils.java:logGet(44)) - raft.server.log.statemachine.data.sync.timeout = 10s (default)
2022-02-12 06:45:40,344 [pool-460-thread-1] INFO  server.RaftServerConfigKeys (ConfUtils.java:logGet(44)) - raft.server.log.statemachine.data.sync.timeout.retry = -1 (default)
2022-02-12 06:45:40,345 [pool-460-thread-1] INFO  server.RaftServerConfigKeys (ConfUtils.java:logGet(44)) - raft.server.log.write.buffer.size = 1048576 (custom)
2022-02-12 06:45:40,345 [pool-460-thread-1] INFO  server.RaftServerConfigKeys (ConfUtils.java:logGet(44)) - raft.server.log.statemachine.data.caching.enabled = true (custom)
2022-02-12 06:45:40,346 [pool-460-thread-1] INFO  server.RaftServer$Division (ServerState.java:setRaftConf(387)) - 2db57d0a-e0a4-4c64-8073-50a45d71dc35@group-EDBCDB998DC6: set configuration 0: [2db57d0a-e0a4-4c64-8073-50a45d71dc35|rpc:10.1.0.21:37195|dataStream:|priority:0, 6b353d4f-0834-494e-9b42-b1853adf5598|rpc:10.1.0.21:46567|dataStream:|priority:0, fbc88013-4e58-4ce2-8f92-86967c0fe77f|rpc:10.1.0.21:45123|dataStream:|priority:1], old=null
2022-02-12 06:45:40,349 [pool-460-thread-1] INFO  segmented.LogSegment (LogSegment.java:loadSegment(173)) - Successfully read 435 entries from segment file /home/runner/work/ozone/ozone/hadoop-ozone/integration-test/target/test-dir/MiniOzoneClusterImpl-82593cca-502f-46a3-a597-4e713ce930c0/datanode-1/data/ratis/cc405141-49e9-43a6-8452-edbcdb998dc6/current/log_inprogress_0
2022-02-12 06:45:40,349 [pool-460-thread-1] INFO  segmented.SegmentedRaftLogWorker (SegmentedRaftLogWorker.java:lambda$new$0(133)) - 2db57d0a-e0a4-4c64-8073-50a45d71dc35@group-EDBCDB998DC6-SegmentedRaftLogWorker: flushIndex: setUnconditionally 0 -> 434
2022-02-12 06:45:40,349 [pool-460-thread-1] INFO  segmented.SegmentedRaftLogWorker (SegmentedRaftLogWorker.java:lambda$new$0(133)) - 2db57d0a-e0a4-4c64-8073-50a45d71dc35@group-EDBCDB998DC6-SegmentedRaftLogWorker: safeCacheEvictIndex: setUnconditionally 0 -> -1
2022-02-12 06:45:40,352 [pool-460-thread-1] INFO  raftlog.RaftLog (RaftLogBase.java:lambda$new$0(53)) - 2db57d0a-e0a4-4c64-8073-50a45d71dc35@group-EDBCDB998DC6-SegmentedRaftLog: commitIndex: updateToMax old=434, new=432, updated? false
2022-02-12 06:45:40,352 [pool-460-thread-1] INFO  server.RaftServerConfigKeys (ConfUtils.java:logGet(44)) - raft.server.snapshot.auto.trigger.enabled = true (custom)
2022-02-12 06:45:40,352 [pool-460-thread-1] INFO  server.RaftServerConfigKeys (ConfUtils.java:logGet(44)) - raft.server.snapshot.auto.trigger.threshold = 10000 (custom)
2022-02-12 06:45:40,352 [pool-460-thread-1] INFO  server.RaftServerConfigKeys (ConfUtils.java:logGet(44)) - raft.server.snapshot.retention.file.num = 5 (custom)
2022-02-12 06:45:40,352 [pool-460-thread-1] INFO  server.RaftServerConfigKeys (ConfUtils.java:logGet(44)) - raft.server.log.purge.upto.snapshot.index = false (default)
2022-02-12 06:45:40,353 [pool-460-thread-1] INFO  server.RaftServerConfigKeys (ConfUtils.java:logGet(44)) - raft.server.retrycache.expirytime = 600000ms (custom)
2022-02-12 06:45:40,353 [pool-460-thread-1] INFO  server.RaftServerConfigKeys (ConfUtils.java:logGet(44)) - raft.server.retrycache.statistics.expirytime = 100μs (default)
2022-02-12 06:45:40,355 [pool-460-thread-1] INFO  server.RaftServer$Division (RaftServerImpl.java:<init>(184)) - 2db57d0a-e0a4-4c64-8073-50a45d71dc35: new RaftServerImpl for group-6C01376EE677:[] with ContainerStateMachine:uninitialized
2022-02-12 06:45:40,355 [pool-460-thread-1] INFO  server.RaftServerConfigKeys (ConfUtils.java:logGet(44)) - raft.server.rpc.timeout.min = 5s (custom)
2022-02-12 06:45:40,355 [pool-460-thread-1] INFO  server.RaftServerConfigKeys (ConfUtils.java:logGet(44)) - raft.server.rpc.timeout.max = 5200ms (custom)
2022-02-12 06:45:40,355 [pool-460-thread-1] INFO  server.RaftServerConfigKeys (ConfUtils.java:logGet(44)) - raft.server.rpc.sleep.time = 25ms (default)
2022-02-12 06:45:40,355 [pool-460-thread-1] INFO  server.RaftServerConfigKeys (ConfUtils.java:logGet(44)) - raft.server.rpc.slowness.timeout = 300s (custom)
2022-02-12 06:45:40,355 [pool-460-thread-1] INFO  server.RaftServerConfigKeys (ConfUtils.java:logGet(44)) - raft.server.leaderelection.leader.step-down.wait-time = 10s (default)
2022-02-12 06:45:40,355 [pool-460-thread-1] INFO  server.RaftServerConfigKeys (ConfUtils.java:logGet(44)) - raft.server.sleep.deviation.threshold = 300ms (default)
2022-02-12 06:45:40,355 [pool-460-thread-1] INFO  server.RaftServerConfigKeys (ConfUtils.java:logGet(44)) - raft.server.log.appender.install.snapshot.enabled = false (custom)
2022-02-12 06:45:40,355 [pool-460-thread-1] INFO  server.RaftServer$Division (ServerState.java:<init>(105)) - 2db57d0a-e0a4-4c64-8073-50a45d71dc35@group-6C01376EE677: ConfigurationManager, init=-1: [], old=null, confs=<EMPTY_MAP>
2022-02-12 06:45:40,355 [pool-460-thread-1] INFO  server.RaftServerConfigKeys (ConfUtils.java:logGet(44)) - raft.server.storage.dir = [/home/runner/work/ozone/ozone/hadoop-ozone/integration-test/target/test-dir/MiniOzoneClusterImpl-82593cca-502f-46a3-a597-4e713ce930c0/datanode-1/data/ratis] (custom)
2022-02-12 06:45:40,355 [pool-460-thread-1] INFO  server.RaftServerConfigKeys (ConfUtils.java:logGet(44)) - raft.server.log.corruption.policy = EXCEPTION (default)
2022-02-12 06:45:40,360 [pool-460-thread-1] INFO  server.RaftServerConfigKeys (ConfUtils.java:logGet(44)) - raft.server.storage.free-space.min = 0MB (=0) (default)
2022-02-12 06:45:40,376 [pool-460-thread-1] ERROR storage.RaftStorageDirectory (RaftStorageDirectoryImpl.java:tryLock(233)) - It appears that another process has already locked the storage directory: /home/runner/work/ozone/ozone/hadoop-ozone/integration-test/target/test-dir/MiniOzoneClusterImpl-82593cca-502f-46a3-a597-4e713ce930c0/datanode-1/data/ratis/c4dc2180-af44-4c9f-bc0f-6c01376ee677
java.nio.channels.OverlappingFileLockException
	at sun.nio.ch.SharedFileLockTable.checkList(FileLockTable.java:255)
	at sun.nio.ch.SharedFileLockTable.add(FileLockTable.java:152)
	at sun.nio.ch.FileChannelImpl.tryLock(FileChannelImpl.java:1107)
	at java.nio.channels.FileChannel.tryLock(FileChannel.java:1155)
	at org.apache.ratis.server.storage.RaftStorageDirectoryImpl.tryLock(RaftStorageDirectoryImpl.java:224)
	at org.apache.ratis.server.storage.RaftStorageDirectoryImpl.lambda$lock$0(RaftStorageDirectoryImpl.java:194)
	at org.apache.ratis.util.JavaUtils.attempt(JavaUtils.java:166)
	at org.apache.ratis.util.FileUtils.attempt(FileUtils.java:41)
	at org.apache.ratis.server.storage.RaftStorageDirectoryImpl.lock(RaftStorageDirectoryImpl.java:194)
	at org.apache.ratis.server.storage.RaftStorageDirectoryImpl.analyzeStorage(RaftStorageDirectoryImpl.java:153)
	at org.apache.ratis.server.storage.RaftStorageImpl.analyzeAndRecoverStorage(RaftStorageImpl.java:97)
	at org.apache.ratis.server.storage.RaftStorageImpl.<init>(RaftStorageImpl.java:67)
	at org.apache.ratis.server.storage.RaftStorageImpl.<init>(RaftStorageImpl.java:52)
	at org.apache.ratis.server.impl.ServerState.<init>(ServerState.java:114)
	at org.apache.ratis.server.impl.RaftServerImpl.<init>(RaftServerImpl.java:197)
	at org.apache.ratis.server.impl.RaftServerProxy.lambda$newRaftServerImpl$4(RaftServerProxy.java:266)
	at java.util.concurrent.CompletableFuture$AsyncSupply.run(CompletableFuture.java:1604)
	at java.util.concurrent.ThreadPoolExecutor.runWorker(ThreadPoolExecutor.java:1149)
	at java.util.concurrent.ThreadPoolExecutor$Worker.run(ThreadPoolExecutor.java:624)
	at java.lang.Thread.run(Thread.java:748)
2022-02-12 06:45:40,377 [pool-460-thread-1] WARN  util.FileUtils (JavaUtils.java:attempt(172)) - FAILED "tryLock /home/runner/work/ozone/ozone/hadoop-ozone/integration-test/target/test-dir/MiniOzoneClusterImpl-82593cca-502f-46a3-a597-4e713ce930c0/datanode-1/data/ratis/c4dc2180-af44-4c9f-bc0f-6c01376ee677/in_use.lock", attempt #1/5: java.io.IOException: Failed to lock storage /home/runner/work/ozone/ozone/hadoop-ozone/integration-test/target/test-dir/MiniOzoneClusterImpl-82593cca-502f-46a3-a597-4e713ce930c0/datanode-1/data/ratis/c4dc2180-af44-4c9f-bc0f-6c01376ee677. The directory is already locked, sleep 1s and then retry.
java.io.IOException: Failed to lock storage /home/runner/work/ozone/ozone/hadoop-ozone/integration-test/target/test-dir/MiniOzoneClusterImpl-82593cca-502f-46a3-a597-4e713ce930c0/datanode-1/data/ratis/c4dc2180-af44-4c9f-bc0f-6c01376ee677. The directory is already locked
	at org.apache.ratis.server.storage.RaftStorageDirectoryImpl.tryLock(RaftStorageDirectoryImpl.java:236)
	at org.apache.ratis.server.storage.RaftStorageDirectoryImpl.lambda$lock$0(RaftStorageDirectoryImpl.java:194)
	at org.apache.ratis.util.JavaUtils.attempt(JavaUtils.java:166)
	at org.apache.ratis.util.FileUtils.attempt(FileUtils.java:41)
	at org.apache.ratis.server.storage.RaftStorageDirectoryImpl.lock(RaftStorageDirectoryImpl.java:194)
	at org.apache.ratis.server.storage.RaftStorageDirectoryImpl.analyzeStorage(RaftStorageDirectoryImpl.java:153)
	at org.apache.ratis.server.storage.RaftStorageImpl.analyzeAndRecoverStorage(RaftStorageImpl.java:97)
	at org.apache.ratis.server.storage.RaftStorageImpl.<init>(RaftStorageImpl.java:67)
	at org.apache.ratis.server.storage.RaftStorageImpl.<init>(RaftStorageImpl.java:52)
	at org.apache.ratis.server.impl.ServerState.<init>(ServerState.java:114)
	at org.apache.ratis.server.impl.RaftServerImpl.<init>(RaftServerImpl.java:197)
	at org.apache.ratis.server.impl.RaftServerProxy.lambda$newRaftServerImpl$4(RaftServerProxy.java:266)
	at java.util.concurrent.CompletableFuture$AsyncSupply.run(CompletableFuture.java:1604)
	at java.util.concurrent.ThreadPoolExecutor.runWorker(ThreadPoolExecutor.java:1149)
	at java.util.concurrent.ThreadPoolExecutor$Worker.run(ThreadPoolExecutor.java:624)
	at java.lang.Thread.run(Thread.java:748)
Caused by: java.nio.channels.OverlappingFileLockException
	at sun.nio.ch.SharedFileLockTable.checkList(FileLockTable.java:255)
	at sun.nio.ch.SharedFileLockTable.add(FileLockTable.java:152)
	at sun.nio.ch.FileChannelImpl.tryLock(FileChannelImpl.java:1107)
	at java.nio.channels.FileChannel.tryLock(FileChannel.java:1155)
	at org.apache.ratis.server.storage.RaftStorageDirectoryImpl.tryLock(RaftStorageDirectoryImpl.java:224)
	... 15 more
2022-02-12 06:45:40,471 [Time-limited test] INFO  handler.ContextHandler (ContextHandler.java:doStart(915)) - Started o.e.j.w.WebAppContext@81bf5e6{hddsDatanode,/,file:///tmp/jetty-0_0_0_0-42545-hdds-container-service-1_3_0-SNAPSHOT_jar-_-any-8211019348088568983/webapp/,AVAILABLE}{jar:file:/home/runner/.m2/repository/org/apache/ozone/hdds-container-service/1.3.0-SNAPSHOT/hdds-container-service-1.3.0-SNAPSHOT.jar!/webapps/hddsDatanode}
2022-02-12 06:45:40,504 [Time-limited test] INFO  server.AbstractConnector (AbstractConnector.java:doStart(331)) - Started ServerConnector@4437f434{HTTP/1.1, (http/1.1)}{0.0.0.0:42545}
2022-02-12 06:45:40,504 [Time-limited test] INFO  server.Server (Server.java:doStart(415)) - Started @84091ms
2022-02-12 06:45:40,504 [Time-limited test] WARN  impl.MetricsSystemImpl (MetricsSystemImpl.java:register(279)) - Sink prometheus already exists!
2022-02-12 06:45:40,505 [Time-limited test] INFO  http.BaseHttpServer (BaseHttpServer.java:updateConnectorAddress(329)) - HTTP server of hddsDatanode listening at http://0.0.0.0:42545
2022-02-12 06:45:40,507 [Datanode State Machine Daemon Thread] INFO  statemachine.DatanodeStateMachine (DatanodeStateMachine.java:lambda$startDaemon$0(470)) - Ozone container server started.
2022-02-12 06:45:40,513 [org.apache.hadoop.util.JvmPauseMonitor$Monitor@18e59cdb] INFO  util.JvmPauseMonitor (JvmPauseMonitor.java:run(188)) - Starting JVM pause monitor
2022-02-12 06:45:41,377 [pool-460-thread-1] ERROR storage.RaftStorageDirectory (RaftStorageDirectoryImpl.java:tryLock(233)) - It appears that another process has already locked the storage directory: /home/runner/work/ozone/ozone/hadoop-ozone/integration-test/target/test-dir/MiniOzoneClusterImpl-82593cca-502f-46a3-a597-4e713ce930c0/datanode-1/data/ratis/c4dc2180-af44-4c9f-bc0f-6c01376ee677
java.nio.channels.OverlappingFileLockException
	at sun.nio.ch.SharedFileLockTable.checkList(FileLockTable.java:255)
	at sun.nio.ch.SharedFileLockTable.add(FileLockTable.java:152)
	at sun.nio.ch.FileChannelImpl.tryLock(FileChannelImpl.java:1107)
	at java.nio.channels.FileChannel.tryLock(FileChannel.java:1155)
	at org.apache.ratis.server.storage.RaftStorageDirectoryImpl.tryLock(RaftStorageDirectoryImpl.java:224)
	at org.apache.ratis.server.storage.RaftStorageDirectoryImpl.lambda$lock$0(RaftStorageDirectoryImpl.java:194)
	at org.apache.ratis.util.JavaUtils.attempt(JavaUtils.java:166)
	at org.apache.ratis.util.FileUtils.attempt(FileUtils.java:41)
	at org.apache.ratis.server.storage.RaftStorageDirectoryImpl.lock(RaftStorageDirectoryImpl.java:194)
	at org.apache.ratis.server.storage.RaftStorageDirectoryImpl.analyzeStorage(RaftStorageDirectoryImpl.java:153)
	at org.apache.ratis.server.storage.RaftStorageImpl.analyzeAndRecoverStorage(RaftStorageImpl.java:97)
	at org.apache.ratis.server.storage.RaftStorageImpl.<init>(RaftStorageImpl.java:67)
	at org.apache.ratis.server.storage.RaftStorageImpl.<init>(RaftStorageImpl.java:52)
	at org.apache.ratis.server.impl.ServerState.<init>(ServerState.java:114)
	at org.apache.ratis.server.impl.RaftServerImpl.<init>(RaftServerImpl.java:197)
	at org.apache.ratis.server.impl.RaftServerProxy.lambda$newRaftServerImpl$4(RaftServerProxy.java:266)
	at java.util.concurrent.CompletableFuture$AsyncSupply.run(CompletableFuture.java:1604)
	at java.util.concurrent.ThreadPoolExecutor.runWorker(ThreadPoolExecutor.java:1149)
	at java.util.concurrent.ThreadPoolExecutor$Worker.run(ThreadPoolExecutor.java:624)
	at java.lang.Thread.run(Thread.java:748)
2022-02-12 06:45:41,378 [pool-460-thread-1] WARN  util.FileUtils (JavaUtils.java:attempt(172)) - FAILED "tryLock /home/runner/work/ozone/ozone/hadoop-ozone/integration-test/target/test-dir/MiniOzoneClusterImpl-82593cca-502f-46a3-a597-4e713ce930c0/datanode-1/data/ratis/c4dc2180-af44-4c9f-bc0f-6c01376ee677/in_use.lock", attempt #2/5: java.io.IOException: Failed to lock storage /home/runner/work/ozone/ozone/hadoop-ozone/integration-test/target/test-dir/MiniOzoneClusterImpl-82593cca-502f-46a3-a597-4e713ce930c0/datanode-1/data/ratis/c4dc2180-af44-4c9f-bc0f-6c01376ee677. The directory is already locked, sleep 1s and then retry.
java.io.IOException: Failed to lock storage /home/runner/work/ozone/ozone/hadoop-ozone/integration-test/target/test-dir/MiniOzoneClusterImpl-82593cca-502f-46a3-a597-4e713ce930c0/datanode-1/data/ratis/c4dc2180-af44-4c9f-bc0f-6c01376ee677. The directory is already locked
	at org.apache.ratis.server.storage.RaftStorageDirectoryImpl.tryLock(RaftStorageDirectoryImpl.java:236)
	at org.apache.ratis.server.storage.RaftStorageDirectoryImpl.lambda$lock$0(RaftStorageDirectoryImpl.java:194)
	at org.apache.ratis.util.JavaUtils.attempt(JavaUtils.java:166)
	at org.apache.ratis.util.FileUtils.attempt(FileUtils.java:41)
	at org.apache.ratis.server.storage.RaftStorageDirectoryImpl.lock(RaftStorageDirectoryImpl.java:194)
	at org.apache.ratis.server.storage.RaftStorageDirectoryImpl.analyzeStorage(RaftStorageDirectoryImpl.java:153)
	at org.apache.ratis.server.storage.RaftStorageImpl.analyzeAndRecoverStorage(RaftStorageImpl.java:97)
	at org.apache.ratis.server.storage.RaftStorageImpl.<init>(RaftStorageImpl.java:67)
	at org.apache.ratis.server.storage.RaftStorageImpl.<init>(RaftStorageImpl.java:52)
	at org.apache.ratis.server.impl.ServerState.<init>(ServerState.java:114)
	at org.apache.ratis.server.impl.RaftServerImpl.<init>(RaftServerImpl.java:197)
	at org.apache.ratis.server.impl.RaftServerProxy.lambda$newRaftServerImpl$4(RaftServerProxy.java:266)
	at java.util.concurrent.CompletableFuture$AsyncSupply.run(CompletableFuture.java:1604)
	at java.util.concurrent.ThreadPoolExecutor.runWorker(ThreadPoolExecutor.java:1149)
	at java.util.concurrent.ThreadPoolExecutor$Worker.run(ThreadPoolExecutor.java:624)
	at java.lang.Thread.run(Thread.java:748)
Caused by: java.nio.channels.OverlappingFileLockException
	at sun.nio.ch.SharedFileLockTable.checkList(FileLockTable.java:255)
	at sun.nio.ch.SharedFileLockTable.add(FileLockTable.java:152)
	at sun.nio.ch.FileChannelImpl.tryLock(FileChannelImpl.java:1107)
	at java.nio.channels.FileChannel.tryLock(FileChannel.java:1155)
	at org.apache.ratis.server.storage.RaftStorageDirectoryImpl.tryLock(RaftStorageDirectoryImpl.java:224)
	... 15 more
2022-02-12 06:45:41,920 [grpc-default-executor-5] WARN  server.GrpcLogAppender (LogUtils.java:warn(122)) - 6b353d4f-0834-494e-9b42-b1853adf5598@group-07E8C718409E->2db57d0a-e0a4-4c64-8073-50a45d71dc35-AppendLogResponseHandler: Failed appendEntries: org.apache.ratis.thirdparty.io.grpc.StatusRuntimeException: UNAVAILABLE: io exception
2022-02-12 06:45:41,921 [grpc-default-executor-5] WARN  server.GrpcLogAppender (GrpcLogAppender.java:resetClient(110)) - 6b353d4f-0834-494e-9b42-b1853adf5598@group-07E8C718409E->2db57d0a-e0a4-4c64-8073-50a45d71dc35-GrpcLogAppender: Leader has not got in touch with Follower 6b353d4f-0834-494e-9b42-b1853adf5598@group-07E8C718409E->2db57d0a-e0a4-4c64-8073-50a45d71dc35(c-1,m0,n1, attendVote=true, lastRpcSendTime=0, lastRpcResponseTime=7749) yet, just keep nextIndex unchanged and retry.
2022-02-12 06:45:42,378 [pool-460-thread-1] ERROR storage.RaftStorageDirectory (RaftStorageDirectoryImpl.java:tryLock(233)) - It appears that another process has already locked the storage directory: /home/runner/work/ozone/ozone/hadoop-ozone/integration-test/target/test-dir/MiniOzoneClusterImpl-82593cca-502f-46a3-a597-4e713ce930c0/datanode-1/data/ratis/c4dc2180-af44-4c9f-bc0f-6c01376ee677
java.nio.channels.OverlappingFileLockException
	at sun.nio.ch.SharedFileLockTable.checkList(FileLockTable.java:255)
	at sun.nio.ch.SharedFileLockTable.add(FileLockTable.java:152)
	at sun.nio.ch.FileChannelImpl.tryLock(FileChannelImpl.java:1107)
	at java.nio.channels.FileChannel.tryLock(FileChannel.java:1155)
	at org.apache.ratis.server.storage.RaftStorageDirectoryImpl.tryLock(RaftStorageDirectoryImpl.java:224)
	at org.apache.ratis.server.storage.RaftStorageDirectoryImpl.lambda$lock$0(RaftStorageDirectoryImpl.java:194)
	at org.apache.ratis.util.JavaUtils.attempt(JavaUtils.java:166)
	at org.apache.ratis.util.FileUtils.attempt(FileUtils.java:41)
	at org.apache.ratis.server.storage.RaftStorageDirectoryImpl.lock(RaftStorageDirectoryImpl.java:194)
	at org.apache.ratis.server.storage.RaftStorageDirectoryImpl.analyzeStorage(RaftStorageDirectoryImpl.java:153)
	at org.apache.ratis.server.storage.RaftStorageImpl.analyzeAndRecoverStorage(RaftStorageImpl.java:97)
	at org.apache.ratis.server.storage.RaftStorageImpl.<init>(RaftStorageImpl.java:67)
	at org.apache.ratis.server.storage.RaftStorageImpl.<init>(RaftStorageImpl.java:52)
	at org.apache.ratis.server.impl.ServerState.<init>(ServerState.java:114)
	at org.apache.ratis.server.impl.RaftServerImpl.<init>(RaftServerImpl.java:197)
	at org.apache.ratis.server.impl.RaftServerProxy.lambda$newRaftServerImpl$4(RaftServerProxy.java:266)
	at java.util.concurrent.CompletableFuture$AsyncSupply.run(CompletableFuture.java:1604)
	at java.util.concurrent.ThreadPoolExecutor.runWorker(ThreadPoolExecutor.java:1149)
	at java.util.concurrent.ThreadPoolExecutor$Worker.run(ThreadPoolExecutor.java:624)
	at java.lang.Thread.run(Thread.java:748)
2022-02-12 06:45:42,381 [pool-460-thread-1] WARN  util.FileUtils (JavaUtils.java:attempt(172)) - FAILED "tryLock /home/runner/work/ozone/ozone/hadoop-ozone/integration-test/target/test-dir/MiniOzoneClusterImpl-82593cca-502f-46a3-a597-4e713ce930c0/datanode-1/data/ratis/c4dc2180-af44-4c9f-bc0f-6c01376ee677/in_use.lock", attempt #3/5: java.io.IOException: Failed to lock storage /home/runner/work/ozone/ozone/hadoop-ozone/integration-test/target/test-dir/MiniOzoneClusterImpl-82593cca-502f-46a3-a597-4e713ce930c0/datanode-1/data/ratis/c4dc2180-af44-4c9f-bc0f-6c01376ee677. The directory is already locked, sleep 1s and then retry.
java.io.IOException: Failed to lock storage /home/runner/work/ozone/ozone/hadoop-ozone/integration-test/target/test-dir/MiniOzoneClusterImpl-82593cca-502f-46a3-a597-4e713ce930c0/datanode-1/data/ratis/c4dc2180-af44-4c9f-bc0f-6c01376ee677. The directory is already locked
	at org.apache.ratis.server.storage.RaftStorageDirectoryImpl.tryLock(RaftStorageDirectoryImpl.java:236)
	at org.apache.ratis.server.storage.RaftStorageDirectoryImpl.lambda$lock$0(RaftStorageDirectoryImpl.java:194)
	at org.apache.ratis.util.JavaUtils.attempt(JavaUtils.java:166)
	at org.apache.ratis.util.FileUtils.attempt(FileUtils.java:41)
	at org.apache.ratis.server.storage.RaftStorageDirectoryImpl.lock(RaftStorageDirectoryImpl.java:194)
	at org.apache.ratis.server.storage.RaftStorageDirectoryImpl.analyzeStorage(RaftStorageDirectoryImpl.java:153)
	at org.apache.ratis.server.storage.RaftStorageImpl.analyzeAndRecoverStorage(RaftStorageImpl.java:97)
	at org.apache.ratis.server.storage.RaftStorageImpl.<init>(RaftStorageImpl.java:67)
	at org.apache.ratis.server.storage.RaftStorageImpl.<init>(RaftStorageImpl.java:52)
	at org.apache.ratis.server.impl.ServerState.<init>(ServerState.java:114)
	at org.apache.ratis.server.impl.RaftServerImpl.<init>(RaftServerImpl.java:197)
	at org.apache.ratis.server.impl.RaftServerProxy.lambda$newRaftServerImpl$4(RaftServerProxy.java:266)
	at java.util.concurrent.CompletableFuture$AsyncSupply.run(CompletableFuture.java:1604)
	at java.util.concurrent.ThreadPoolExecutor.runWorker(ThreadPoolExecutor.java:1149)
	at java.util.concurrent.ThreadPoolExecutor$Worker.run(ThreadPoolExecutor.java:624)
	at java.lang.Thread.run(Thread.java:748)
Caused by: java.nio.channels.OverlappingFileLockException
	at sun.nio.ch.SharedFileLockTable.checkList(FileLockTable.java:255)
	at sun.nio.ch.SharedFileLockTable.add(FileLockTable.java:152)
	at sun.nio.ch.FileChannelImpl.tryLock(FileChannelImpl.java:1107)
	at java.nio.channels.FileChannel.tryLock(FileChannel.java:1155)
	at org.apache.ratis.server.storage.RaftStorageDirectoryImpl.tryLock(RaftStorageDirectoryImpl.java:224)
	... 15 more
2022-02-12 06:45:42,529 [EndpointStateMachine task thread for /0.0.0.0:45219 - 0 ] INFO  ozoneimpl.OzoneContainer (OzoneContainer.java:start(315)) - Attempting to start container services.
2022-02-12 06:45:42,530 [EndpointStateMachine task thread for /0.0.0.0:45219 - 0 ] INFO  ozoneimpl.OzoneContainer (OzoneContainer.java:startContainerScrub(250)) - Background container scanner has been disabled.
2022-02-12 06:45:42,530 [EndpointStateMachine task thread for /0.0.0.0:45219 - 0 ] INFO  replication.ReplicationServer (ReplicationServer.java:start(111)) - ReplicationServer is started using port 40641
2022-02-12 06:45:42,530 [EndpointStateMachine task thread for /0.0.0.0:45219 - 0 ] INFO  ratis.XceiverServerRatis (XceiverServerRatis.java:start(484)) - Starting XceiverServerRatis 2db57d0a-e0a4-4c64-8073-50a45d71dc35
2022-02-12 06:45:43,381 [pool-460-thread-1] ERROR storage.RaftStorageDirectory (RaftStorageDirectoryImpl.java:tryLock(233)) - It appears that another process has already locked the storage directory: /home/runner/work/ozone/ozone/hadoop-ozone/integration-test/target/test-dir/MiniOzoneClusterImpl-82593cca-502f-46a3-a597-4e713ce930c0/datanode-1/data/ratis/c4dc2180-af44-4c9f-bc0f-6c01376ee677
java.nio.channels.OverlappingFileLockException
	at sun.nio.ch.SharedFileLockTable.checkList(FileLockTable.java:255)
	at sun.nio.ch.SharedFileLockTable.add(FileLockTable.java:152)
	at sun.nio.ch.FileChannelImpl.tryLock(FileChannelImpl.java:1107)
	at java.nio.channels.FileChannel.tryLock(FileChannel.java:1155)
	at org.apache.ratis.server.storage.RaftStorageDirectoryImpl.tryLock(RaftStorageDirectoryImpl.java:224)
	at org.apache.ratis.server.storage.RaftStorageDirectoryImpl.lambda$lock$0(RaftStorageDirectoryImpl.java:194)
	at org.apache.ratis.util.JavaUtils.attempt(JavaUtils.java:166)
	at org.apache.ratis.util.FileUtils.attempt(FileUtils.java:41)
	at org.apache.ratis.server.storage.RaftStorageDirectoryImpl.lock(RaftStorageDirectoryImpl.java:194)
	at org.apache.ratis.server.storage.RaftStorageDirectoryImpl.analyzeStorage(RaftStorageDirectoryImpl.java:153)
	at org.apache.ratis.server.storage.RaftStorageImpl.analyzeAndRecoverStorage(RaftStorageImpl.java:97)
	at org.apache.ratis.server.storage.RaftStorageImpl.<init>(RaftStorageImpl.java:67)
	at org.apache.ratis.server.storage.RaftStorageImpl.<init>(RaftStorageImpl.java:52)
	at org.apache.ratis.server.impl.ServerState.<init>(ServerState.java:114)
	at org.apache.ratis.server.impl.RaftServerImpl.<init>(RaftServerImpl.java:197)
	at org.apache.ratis.server.impl.RaftServerProxy.lambda$newRaftServerImpl$4(RaftServerProxy.java:266)
	at java.util.concurrent.CompletableFuture$AsyncSupply.run(CompletableFuture.java:1604)
	at java.util.concurrent.ThreadPoolExecutor.runWorker(ThreadPoolExecutor.java:1149)
	at java.util.concurrent.ThreadPoolExecutor$Worker.run(ThreadPoolExecutor.java:624)
	at java.lang.Thread.run(Thread.java:748)
2022-02-12 06:45:43,382 [pool-460-thread-1] WARN  util.FileUtils (JavaUtils.java:attempt(172)) - FAILED "tryLock /home/runner/work/ozone/ozone/hadoop-ozone/integration-test/target/test-dir/MiniOzoneClusterImpl-82593cca-502f-46a3-a597-4e713ce930c0/datanode-1/data/ratis/c4dc2180-af44-4c9f-bc0f-6c01376ee677/in_use.lock", attempt #4/5: java.io.IOException: Failed to lock storage /home/runner/work/ozone/ozone/hadoop-ozone/integration-test/target/test-dir/MiniOzoneClusterImpl-82593cca-502f-46a3-a597-4e713ce930c0/datanode-1/data/ratis/c4dc2180-af44-4c9f-bc0f-6c01376ee677. The directory is already locked, sleep 1s and then retry.
java.io.IOException: Failed to lock storage /home/runner/work/ozone/ozone/hadoop-ozone/integration-test/target/test-dir/MiniOzoneClusterImpl-82593cca-502f-46a3-a597-4e713ce930c0/datanode-1/data/ratis/c4dc2180-af44-4c9f-bc0f-6c01376ee677. The directory is already locked
	at org.apache.ratis.server.storage.RaftStorageDirectoryImpl.tryLock(RaftStorageDirectoryImpl.java:236)
	at org.apache.ratis.server.storage.RaftStorageDirectoryImpl.lambda$lock$0(RaftStorageDirectoryImpl.java:194)
	at org.apache.ratis.util.JavaUtils.attempt(JavaUtils.java:166)
	at org.apache.ratis.util.FileUtils.attempt(FileUtils.java:41)
	at org.apache.ratis.server.storage.RaftStorageDirectoryImpl.lock(RaftStorageDirectoryImpl.java:194)
	at org.apache.ratis.server.storage.RaftStorageDirectoryImpl.analyzeStorage(RaftStorageDirectoryImpl.java:153)
	at org.apache.ratis.server.storage.RaftStorageImpl.analyzeAndRecoverStorage(RaftStorageImpl.java:97)
	at org.apache.ratis.server.storage.RaftStorageImpl.<init>(RaftStorageImpl.java:67)
	at org.apache.ratis.server.storage.RaftStorageImpl.<init>(RaftStorageImpl.java:52)
	at org.apache.ratis.server.impl.ServerState.<init>(ServerState.java:114)
	at org.apache.ratis.server.impl.RaftServerImpl.<init>(RaftServerImpl.java:197)
	at org.apache.ratis.server.impl.RaftServerProxy.lambda$newRaftServerImpl$4(RaftServerProxy.java:266)
	at java.util.concurrent.CompletableFuture$AsyncSupply.run(CompletableFuture.java:1604)
	at java.util.concurrent.ThreadPoolExecutor.runWorker(ThreadPoolExecutor.java:1149)
	at java.util.concurrent.ThreadPoolExecutor$Worker.run(ThreadPoolExecutor.java:624)
	at java.lang.Thread.run(Thread.java:748)
Caused by: java.nio.channels.OverlappingFileLockException
	at sun.nio.ch.SharedFileLockTable.checkList(FileLockTable.java:255)
	at sun.nio.ch.SharedFileLockTable.add(FileLockTable.java:152)
	at sun.nio.ch.FileChannelImpl.tryLock(FileChannelImpl.java:1107)
	at java.nio.channels.FileChannel.tryLock(FileChannel.java:1155)
	at org.apache.ratis.server.storage.RaftStorageDirectoryImpl.tryLock(RaftStorageDirectoryImpl.java:224)
	... 15 more
2022-02-12 06:45:44,382 [pool-460-thread-1] ERROR storage.RaftStorageDirectory (RaftStorageDirectoryImpl.java:tryLock(233)) - It appears that another process has already locked the storage directory: /home/runner/work/ozone/ozone/hadoop-ozone/integration-test/target/test-dir/MiniOzoneClusterImpl-82593cca-502f-46a3-a597-4e713ce930c0/datanode-1/data/ratis/c4dc2180-af44-4c9f-bc0f-6c01376ee677
java.nio.channels.OverlappingFileLockException
	at sun.nio.ch.SharedFileLockTable.checkList(FileLockTable.java:255)
	at sun.nio.ch.SharedFileLockTable.add(FileLockTable.java:152)
	at sun.nio.ch.FileChannelImpl.tryLock(FileChannelImpl.java:1107)
	at java.nio.channels.FileChannel.tryLock(FileChannel.java:1155)
	at org.apache.ratis.server.storage.RaftStorageDirectoryImpl.tryLock(RaftStorageDirectoryImpl.java:224)
	at org.apache.ratis.server.storage.RaftStorageDirectoryImpl.lambda$lock$0(RaftStorageDirectoryImpl.java:194)
	at org.apache.ratis.util.JavaUtils.attempt(JavaUtils.java:166)
	at org.apache.ratis.util.FileUtils.attempt(FileUtils.java:41)
	at org.apache.ratis.server.storage.RaftStorageDirectoryImpl.lock(RaftStorageDirectoryImpl.java:194)
	at org.apache.ratis.server.storage.RaftStorageDirectoryImpl.analyzeStorage(RaftStorageDirectoryImpl.java:153)
	at org.apache.ratis.server.storage.RaftStorageImpl.analyzeAndRecoverStorage(RaftStorageImpl.java:97)
	at org.apache.ratis.server.storage.RaftStorageImpl.<init>(RaftStorageImpl.java:67)
	at org.apache.ratis.server.storage.RaftStorageImpl.<init>(RaftStorageImpl.java:52)
	at org.apache.ratis.server.impl.ServerState.<init>(ServerState.java:114)
	at org.apache.ratis.server.impl.RaftServerImpl.<init>(RaftServerImpl.java:197)
	at org.apache.ratis.server.impl.RaftServerProxy.lambda$newRaftServerImpl$4(RaftServerProxy.java:266)
	at java.util.concurrent.CompletableFuture$AsyncSupply.run(CompletableFuture.java:1604)
	at java.util.concurrent.ThreadPoolExecutor.runWorker(ThreadPoolExecutor.java:1149)
	at java.util.concurrent.ThreadPoolExecutor$Worker.run(ThreadPoolExecutor.java:624)
	at java.lang.Thread.run(Thread.java:748)
2022-02-12 06:45:44,384 [pool-460-thread-1] INFO  server.RaftServer$Division (RaftServerImpl.java:<init>(184)) - 2db57d0a-e0a4-4c64-8073-50a45d71dc35: new RaftServerImpl for group-4E9D75D0D1DD:[] with ContainerStateMachine:uninitialized
2022-02-12 06:45:44,388 [EndpointStateMachine task thread for /0.0.0.0:45219 - 0 ] WARN  statemachine.EndpointStateMachine (EndpointStateMachine.java:logIfNeeded(236)) - Unable to communicate to SCM server at 0.0.0.0:45219 for past 0 seconds.
java.io.IOException: Failed to lock storage /home/runner/work/ozone/ozone/hadoop-ozone/integration-test/target/test-dir/MiniOzoneClusterImpl-82593cca-502f-46a3-a597-4e713ce930c0/datanode-1/data/ratis/c4dc2180-af44-4c9f-bc0f-6c01376ee677. The directory is already locked
	at org.apache.ratis.server.storage.RaftStorageDirectoryImpl.tryLock(RaftStorageDirectoryImpl.java:236)
	at org.apache.ratis.server.storage.RaftStorageDirectoryImpl.lambda$lock$0(RaftStorageDirectoryImpl.java:194)
	at org.apache.ratis.util.JavaUtils.attempt(JavaUtils.java:166)
	at org.apache.ratis.util.FileUtils.attempt(FileUtils.java:41)
	at org.apache.ratis.server.storage.RaftStorageDirectoryImpl.lock(RaftStorageDirectoryImpl.java:194)
	at org.apache.ratis.server.storage.RaftStorageDirectoryImpl.analyzeStorage(RaftStorageDirectoryImpl.java:153)
	at org.apache.ratis.server.storage.RaftStorageImpl.analyzeAndRecoverStorage(RaftStorageImpl.java:97)
	at org.apache.ratis.server.storage.RaftStorageImpl.<init>(RaftStorageImpl.java:67)
	at org.apache.ratis.server.storage.RaftStorageImpl.<init>(RaftStorageImpl.java:52)
	at org.apache.ratis.server.impl.ServerState.<init>(ServerState.java:114)
	at org.apache.ratis.server.impl.RaftServerImpl.<init>(RaftServerImpl.java:197)
	at org.apache.ratis.server.impl.RaftServerProxy.lambda$newRaftServerImpl$4(RaftServerProxy.java:266)
	at java.util.concurrent.CompletableFuture$AsyncSupply.run(CompletableFuture.java:1604)
	at java.util.concurrent.ThreadPoolExecutor.runWorker(ThreadPoolExecutor.java:1149)
	at java.util.concurrent.ThreadPoolExecutor$Worker.run(ThreadPoolExecutor.java:624)
	at java.lang.Thread.run(Thread.java:748)
Caused by: java.nio.channels.OverlappingFileLockException
	at sun.nio.ch.SharedFileLockTable.checkList(FileLockTable.java:255)
	at sun.nio.ch.SharedFileLockTable.add(FileLockTable.java:152)
	at sun.nio.ch.FileChannelImpl.tryLock(FileChannelImpl.java:1107)
	at java.nio.channels.FileChannel.tryLock(FileChannel.java:1155)
	at org.apache.ratis.server.storage.RaftStorageDirectoryImpl.tryLock(RaftStorageDirectoryImpl.java:224)
	... 15 more
2022-02-12 06:45:44,390 [pool-460-thread-1] INFO  server.RaftServerConfigKeys (ConfUtils.java:logGet(44)) - raft.server.rpc.timeout.min = 5s (custom)
2022-02-12 06:45:44,392 [pool-460-thread-1] INFO  server.RaftServerConfigKeys (ConfUtils.java:logGet(44)) - raft.server.rpc.timeout.max = 5200ms (custom)
2022-02-12 06:45:44,392 [pool-460-thread-1] INFO  server.RaftServerConfigKeys (ConfUtils.java:logGet(44)) - raft.server.rpc.sleep.time = 25ms (default)
2022-02-12 06:45:44,392 [pool-460-thread-1] INFO  server.RaftServerConfigKeys (ConfUtils.java:logGet(44)) - raft.server.rpc.slowness.timeout = 300s (custom)
2022-02-12 06:45:44,392 [pool-460-thread-1] INFO  server.RaftServerConfigKeys (ConfUtils.java:logGet(44)) - raft.server.leaderelection.leader.step-down.wait-time = 10s (default)
2022-02-12 06:45:44,393 [pool-460-thread-1] INFO  server.RaftServerConfigKeys (ConfUtils.java:logGet(44)) - raft.server.sleep.deviation.threshold = 300ms (default)
2022-02-12 06:45:44,393 [pool-460-thread-1] INFO  server.RaftServerConfigKeys (ConfUtils.java:logGet(44)) - raft.server.log.appender.install.snapshot.enabled = false (custom)
2022-02-12 06:45:44,393 [pool-460-thread-1] INFO  server.RaftServer$Division (ServerState.java:<init>(105)) - 2db57d0a-e0a4-4c64-8073-50a45d71dc35@group-4E9D75D0D1DD: ConfigurationManager, init=-1: [], old=null, confs=<EMPTY_MAP>
2022-02-12 06:45:44,393 [pool-460-thread-1] INFO  server.RaftServerConfigKeys (ConfUtils.java:logGet(44)) - raft.server.storage.dir = [/home/runner/work/ozone/ozone/hadoop-ozone/integration-test/target/test-dir/MiniOzoneClusterImpl-82593cca-502f-46a3-a597-4e713ce930c0/datanode-1/data/ratis] (custom)
2022-02-12 06:45:44,393 [pool-460-thread-1] INFO  server.RaftServerConfigKeys (ConfUtils.java:logGet(44)) - raft.server.log.corruption.policy = EXCEPTION (default)
2022-02-12 06:45:44,393 [pool-460-thread-1] INFO  server.RaftServerConfigKeys (ConfUtils.java:logGet(44)) - raft.server.storage.free-space.min = 0MB (=0) (default)
2022-02-12 06:45:44,402 [pool-460-thread-1] INFO  storage.RaftStorageDirectory (RaftStorageDirectoryImpl.java:tryLock(230)) - Lock on /home/runner/work/ozone/ozone/hadoop-ozone/integration-test/target/test-dir/MiniOzoneClusterImpl-82593cca-502f-46a3-a597-4e713ce930c0/datanode-1/data/ratis/979daa28-c936-4b68-a515-4e9d75d0d1dd/in_use.lock acquired by nodename 26950@fv-az59-317
2022-02-12 06:45:44,402 [pool-460-thread-1] INFO  storage.RaftStorage (RaftStorageImpl.java:analyzeAndRecoverStorage(110)) - Read RaftStorageMetadata{term=1, votedFor=2db57d0a-e0a4-4c64-8073-50a45d71dc35} from /home/runner/work/ozone/ozone/hadoop-ozone/integration-test/target/test-dir/MiniOzoneClusterImpl-82593cca-502f-46a3-a597-4e713ce930c0/datanode-1/data/ratis/979daa28-c936-4b68-a515-4e9d75d0d1dd/current/raft-meta
2022-02-12 06:45:44,404 [pool-460-thread-1] INFO  ratis.ContainerStateMachine (ContainerStateMachine.java:loadSnapshot(240)) - group-4E9D75D0D1DD: Setting the last applied index to (t:1, i:293)
2022-02-12 06:45:44,404 [pool-460-thread-1] INFO  server.RaftServer$Division (ServerState.java:setRaftConf(387)) - 2db57d0a-e0a4-4c64-8073-50a45d71dc35@group-4E9D75D0D1DD: set configuration 0: [2db57d0a-e0a4-4c64-8073-50a45d71dc35|rpc:10.1.0.21:37195|dataStream:|priority:1], old=null
2022-02-12 06:45:44,404 [pool-460-thread-1] INFO  server.RaftServerConfigKeys (ConfUtils.java:logGet(44)) - raft.server.notification.no-leader.timeout = 300s (custom)
2022-02-12 06:45:44,405 [pool-460-thread-1] INFO  server.RaftServerConfigKeys (ConfUtils.java:logGet(44)) - raft.server.log.use.memory = false (default)
2022-02-12 06:45:44,405 [pool-460-thread-1] INFO  server.RaftServerConfigKeys (ConfUtils.java:logGet(44)) - raft.server.log.purge.gap = 1000000 (custom)
2022-02-12 06:45:44,405 [pool-460-thread-1] INFO  server.RaftServerConfigKeys (ConfUtils.java:logGet(44)) - raft.server.log.appender.buffer.byte-limit = 33554432 (custom)
2022-02-12 06:45:44,406 [pool-460-thread-1] INFO  server.RaftServerConfigKeys (ConfUtils.java:logGet(44)) - raft.server.log.segment.size.max = 1048576 (custom)
2022-02-12 06:45:44,406 [pool-460-thread-1] INFO  server.RaftServerConfigKeys (ConfUtils.java:logGet(44)) - raft.server.log.segment.cache.num.max = 2 (custom)
2022-02-12 06:45:44,407 [pool-460-thread-1] INFO  server.RaftServerConfigKeys (ConfUtils.java:logGet(44)) - raft.server.log.segment.cache.size.max = 200MB (=209715200) (default)
2022-02-12 06:45:44,407 [pool-460-thread-1] INFO  segmented.SegmentedRaftLogWorker (SegmentedRaftLogWorker.java:<init>(182)) - new 2db57d0a-e0a4-4c64-8073-50a45d71dc35@group-4E9D75D0D1DD-SegmentedRaftLogWorker for RaftStorageImpl:Storage Directory /home/runner/work/ozone/ozone/hadoop-ozone/integration-test/target/test-dir/MiniOzoneClusterImpl-82593cca-502f-46a3-a597-4e713ce930c0/datanode-1/data/ratis/979daa28-c936-4b68-a515-4e9d75d0d1dd
2022-02-12 06:45:44,407 [pool-460-thread-1] INFO  server.RaftServerConfigKeys (ConfUtils.java:logGet(44)) - raft.server.log.queue.byte-limit = 2147483647 (custom)
2022-02-12 06:45:44,408 [pool-460-thread-1] INFO  server.RaftServerConfigKeys (ConfUtils.java:logGet(44)) - raft.server.log.queue.element-limit = 1024 (custom)
2022-02-12 06:45:44,408 [pool-460-thread-1] INFO  server.RaftServerConfigKeys (ConfUtils.java:logGet(44)) - raft.server.log.segment.size.max = 1048576 (custom)
2022-02-12 06:45:44,408 [pool-460-thread-1] INFO  server.RaftServerConfigKeys (ConfUtils.java:logGet(44)) - raft.server.log.preallocated.size = 16384 (custom)
2022-02-12 06:45:44,408 [pool-460-thread-1] INFO  server.RaftServerConfigKeys (ConfUtils.java:logGet(44)) - raft.server.log.force.sync.num = 128 (default)
2022-02-12 06:45:44,408 [pool-460-thread-1] INFO  server.RaftServerConfigKeys (ConfUtils.java:logGet(44)) - raft.server.log.statemachine.data.sync = true (default)
2022-02-12 06:45:44,408 [pool-460-thread-1] INFO  server.RaftServerConfigKeys (ConfUtils.java:logGet(44)) - raft.server.log.statemachine.data.sync.timeout = 10s (default)
2022-02-12 06:45:44,408 [pool-460-thread-1] INFO  server.RaftServerConfigKeys (ConfUtils.java:logGet(44)) - raft.server.log.statemachine.data.sync.timeout.retry = -1 (default)
2022-02-12 06:45:44,409 [pool-460-thread-1] INFO  server.RaftServerConfigKeys (ConfUtils.java:logGet(44)) - raft.server.log.write.buffer.size = 1048576 (custom)
2022-02-12 06:45:44,410 [pool-460-thread-1] INFO  server.RaftServerConfigKeys (ConfUtils.java:logGet(44)) - raft.server.log.statemachine.data.caching.enabled = true (custom)
2022-02-12 06:45:44,411 [pool-460-thread-1] INFO  server.RaftServer$Division (ServerState.java:setRaftConf(387)) - 2db57d0a-e0a4-4c64-8073-50a45d71dc35@group-4E9D75D0D1DD: set configuration 0: [2db57d0a-e0a4-4c64-8073-50a45d71dc35|rpc:10.1.0.21:37195|dataStream:|priority:1], old=null
2022-02-12 06:45:44,414 [pool-460-thread-1] INFO  segmented.LogSegment (LogSegment.java:loadSegment(173)) - Successfully read 294 entries from segment file /home/runner/work/ozone/ozone/hadoop-ozone/integration-test/target/test-dir/MiniOzoneClusterImpl-82593cca-502f-46a3-a597-4e713ce930c0/datanode-1/data/ratis/979daa28-c936-4b68-a515-4e9d75d0d1dd/current/log_inprogress_0
2022-02-12 06:45:44,414 [pool-460-thread-1] INFO  segmented.SegmentedRaftLogWorker (SegmentedRaftLogWorker.java:lambda$new$0(133)) - 2db57d0a-e0a4-4c64-8073-50a45d71dc35@group-4E9D75D0D1DD-SegmentedRaftLogWorker: flushIndex: setUnconditionally 0 -> 293
2022-02-12 06:45:44,416 [pool-460-thread-1] INFO  segmented.SegmentedRaftLogWorker (SegmentedRaftLogWorker.java:lambda$new$0(133)) - 2db57d0a-e0a4-4c64-8073-50a45d71dc35@group-4E9D75D0D1DD-SegmentedRaftLogWorker: safeCacheEvictIndex: setUnconditionally 0 -> -1
2022-02-12 06:45:44,420 [grpc-default-executor-5] WARN  server.GrpcLogAppender (LogUtils.java:warn(122)) - 6b353d4f-0834-494e-9b42-b1853adf5598@group-07E8C718409E->2db57d0a-e0a4-4c64-8073-50a45d71dc35-AppendLogResponseHandler: Failed appendEntries: org.apache.ratis.thirdparty.io.grpc.StatusRuntimeException: UNAVAILABLE: io exception
2022-02-12 06:45:44,421 [grpc-default-executor-5] WARN  server.GrpcLogAppender (GrpcLogAppender.java:resetClient(110)) - 6b353d4f-0834-494e-9b42-b1853adf5598@group-07E8C718409E->2db57d0a-e0a4-4c64-8073-50a45d71dc35-GrpcLogAppender: Leader has not got in touch with Follower 6b353d4f-0834-494e-9b42-b1853adf5598@group-07E8C718409E->2db57d0a-e0a4-4c64-8073-50a45d71dc35(c-1,m0,n1, attendVote=true, lastRpcSendTime=0, lastRpcResponseTime=10249) yet, just keep nextIndex unchanged and retry.
2022-02-12 06:45:44,427 [pool-460-thread-1] INFO  raftlog.RaftLog (RaftLogBase.java:lambda$new$0(53)) - 2db57d0a-e0a4-4c64-8073-50a45d71dc35@group-4E9D75D0D1DD-SegmentedRaftLog: commitIndex: updateToMax old=293, new=292, updated? false
2022-02-12 06:45:44,427 [pool-460-thread-1] INFO  server.RaftServerConfigKeys (ConfUtils.java:logGet(44)) - raft.server.snapshot.auto.trigger.enabled = true (custom)
2022-02-12 06:45:44,427 [pool-460-thread-1] INFO  server.RaftServerConfigKeys (ConfUtils.java:logGet(44)) - raft.server.snapshot.auto.trigger.threshold = 10000 (custom)
2022-02-12 06:45:44,428 [pool-460-thread-1] INFO  server.RaftServerConfigKeys (ConfUtils.java:logGet(44)) - raft.server.snapshot.retention.file.num = 5 (custom)
2022-02-12 06:45:44,428 [pool-460-thread-1] INFO  server.RaftServerConfigKeys (ConfUtils.java:logGet(44)) - raft.server.log.purge.upto.snapshot.index = false (default)
2022-02-12 06:45:44,428 [pool-460-thread-1] INFO  server.RaftServerConfigKeys (ConfUtils.java:logGet(44)) - raft.server.retrycache.expirytime = 600000ms (custom)
2022-02-12 06:45:44,428 [pool-460-thread-1] INFO  server.RaftServerConfigKeys (ConfUtils.java:logGet(44)) - raft.server.retrycache.statistics.expirytime = 100μs (default)
2022-02-12 06:45:44,537 [fbc88013-4e58-4ce2-8f92-86967c0fe77f@group-6C01376EE677-FollowerState] INFO  impl.FollowerState (FollowerState.java:run(134)) - fbc88013-4e58-4ce2-8f92-86967c0fe77f@group-6C01376EE677-FollowerState: change to CANDIDATE, lastRpcElapsedTime:5030099404ns, electionTimeout:5027ms
2022-02-12 06:45:44,538 [fbc88013-4e58-4ce2-8f92-86967c0fe77f@group-6C01376EE677-FollowerState] INFO  impl.RoleInfo (RoleInfo.java:shutdownFollowerState(108)) - fbc88013-4e58-4ce2-8f92-86967c0fe77f: shutdown fbc88013-4e58-4ce2-8f92-86967c0fe77f@group-6C01376EE677-FollowerState
2022-02-12 06:45:44,538 [fbc88013-4e58-4ce2-8f92-86967c0fe77f@group-6C01376EE677-FollowerState] INFO  server.RaftServer$Division (RaftServerImpl.java:setRole(290)) - fbc88013-4e58-4ce2-8f92-86967c0fe77f@group-6C01376EE677: changes role from  FOLLOWER to CANDIDATE at term 1 for changeToCandidate
2022-02-12 06:45:44,538 [fbc88013-4e58-4ce2-8f92-86967c0fe77f@group-6C01376EE677-FollowerState] INFO  server.RaftServerConfigKeys (ConfUtils.java:logGet(44)) - raft.server.leaderelection.pre-vote = false (custom)
2022-02-12 06:45:44,538 [fbc88013-4e58-4ce2-8f92-86967c0fe77f@group-6C01376EE677-FollowerState] INFO  impl.RoleInfo (RoleInfo.java:updateAndGet(130)) - fbc88013-4e58-4ce2-8f92-86967c0fe77f: start fbc88013-4e58-4ce2-8f92-86967c0fe77f@group-6C01376EE677-LeaderElection20
2022-02-12 06:45:44,548 [fbc88013-4e58-4ce2-8f92-86967c0fe77f@group-6C01376EE677-LeaderElection20] INFO  impl.LeaderElection (LeaderElection.java:askForVotes(306)) - fbc88013-4e58-4ce2-8f92-86967c0fe77f@group-6C01376EE677-LeaderElection20 ELECTION round 0: submit vote requests at term 2 for -1: [2db57d0a-e0a4-4c64-8073-50a45d71dc35|rpc:10.1.0.21:37195|dataStream:|priority:0, 6b353d4f-0834-494e-9b42-b1853adf5598|rpc:10.1.0.21:46567|dataStream:|priority:0, fbc88013-4e58-4ce2-8f92-86967c0fe77f|rpc:10.1.0.21:45123|dataStream:|priority:1], old=null
2022-02-12 06:45:44,552 [6b353d4f-0834-494e-9b42-b1853adf5598@group-6C01376EE677-FollowerState] INFO  impl.FollowerState (FollowerState.java:run(134)) - 6b353d4f-0834-494e-9b42-b1853adf5598@group-6C01376EE677-FollowerState: change to CANDIDATE, lastRpcElapsedTime:5040549746ns, electionTimeout:5012ms
2022-02-12 06:45:44,552 [6b353d4f-0834-494e-9b42-b1853adf5598@group-6C01376EE677-FollowerState] INFO  impl.RoleInfo (RoleInfo.java:shutdownFollowerState(108)) - 6b353d4f-0834-494e-9b42-b1853adf5598: shutdown 6b353d4f-0834-494e-9b42-b1853adf5598@group-6C01376EE677-FollowerState
2022-02-12 06:45:44,552 [6b353d4f-0834-494e-9b42-b1853adf5598@group-6C01376EE677-FollowerState] INFO  server.RaftServer$Division (RaftServerImpl.java:setRole(290)) - 6b353d4f-0834-494e-9b42-b1853adf5598@group-6C01376EE677: changes role from  FOLLOWER to CANDIDATE at term 1 for changeToCandidate
2022-02-12 06:45:44,552 [6b353d4f-0834-494e-9b42-b1853adf5598@group-6C01376EE677-FollowerState] INFO  server.RaftServerConfigKeys (ConfUtils.java:logGet(44)) - raft.server.leaderelection.pre-vote = false (custom)
2022-02-12 06:45:44,552 [6b353d4f-0834-494e-9b42-b1853adf5598@group-6C01376EE677-FollowerState] INFO  impl.RoleInfo (RoleInfo.java:updateAndGet(130)) - 6b353d4f-0834-494e-9b42-b1853adf5598: start 6b353d4f-0834-494e-9b42-b1853adf5598@group-6C01376EE677-LeaderElection21
2022-02-12 06:45:44,581 [fbc88013-4e58-4ce2-8f92-86967c0fe77f@group-6C01376EE677-LeaderElection20] INFO  impl.LeaderElection (LogUtils.java:infoOrTrace(137)) - fbc88013-4e58-4ce2-8f92-86967c0fe77f@group-6C01376EE677-LeaderElection20 got exception when requesting votes: java.util.concurrent.ExecutionException: org.apache.ratis.thirdparty.io.grpc.StatusRuntimeException: UNAVAILABLE: io exception
2022-02-12 06:45:44,582 [6b353d4f-0834-494e-9b42-b1853adf5598@group-6C01376EE677-LeaderElection21] INFO  impl.LeaderElection (LeaderElection.java:askForVotes(306)) - 6b353d4f-0834-494e-9b42-b1853adf5598@group-6C01376EE677-LeaderElection21 ELECTION round 0: submit vote requests at term 2 for -1: [2db57d0a-e0a4-4c64-8073-50a45d71dc35|rpc:10.1.0.21:37195|priority:0, 6b353d4f-0834-494e-9b42-b1853adf5598|rpc:10.1.0.21:46567|priority:0, fbc88013-4e58-4ce2-8f92-86967c0fe77f|rpc:10.1.0.21:45123|priority:1], old=null
2022-02-12 06:45:44,591 [grpc-default-executor-5] INFO  server.RaftServer$Division (RaftServerImpl.java:requestVote(1046)) - 6b353d4f-0834-494e-9b42-b1853adf5598@group-6C01376EE677: receive requestVote(ELECTION, fbc88013-4e58-4ce2-8f92-86967c0fe77f, group-6C01376EE677, 2, (t:0, i:0))
2022-02-12 06:45:44,592 [grpc-default-executor-5] INFO  impl.VoteContext (VoteContext.java:log(48)) - 6b353d4f-0834-494e-9b42-b1853adf5598@group-6C01376EE677-CANDIDATE: reject ELECTION from fbc88013-4e58-4ce2-8f92-86967c0fe77f: already has voted for 6b353d4f-0834-494e-9b42-b1853adf5598 at current term 2
2022-02-12 06:45:44,592 [grpc-default-executor-5] INFO  server.RaftServer$Division (RaftServerImpl.java:requestVote(1078)) - 6b353d4f-0834-494e-9b42-b1853adf5598@group-6C01376EE677 replies to ELECTION vote request: fbc88013-4e58-4ce2-8f92-86967c0fe77f<-6b353d4f-0834-494e-9b42-b1853adf5598#0:FAIL-t2. Peer's state: 6b353d4f-0834-494e-9b42-b1853adf5598@group-6C01376EE677:t2, leader=null, voted=6b353d4f-0834-494e-9b42-b1853adf5598, raftlog=6b353d4f-0834-494e-9b42-b1853adf5598@group-6C01376EE677-SegmentedRaftLog:OPENED:c-1, conf=-1: [2db57d0a-e0a4-4c64-8073-50a45d71dc35|rpc:10.1.0.21:37195|priority:0, 6b353d4f-0834-494e-9b42-b1853adf5598|rpc:10.1.0.21:46567|priority:0, fbc88013-4e58-4ce2-8f92-86967c0fe77f|rpc:10.1.0.21:45123|priority:1], old=null
2022-02-12 06:45:44,604 [6b353d4f-0834-494e-9b42-b1853adf5598@group-6C01376EE677-LeaderElection21] INFO  impl.LeaderElection (LogUtils.java:infoOrTrace(137)) - 6b353d4f-0834-494e-9b42-b1853adf5598@group-6C01376EE677-LeaderElection21 got exception when requesting votes: java.util.concurrent.ExecutionException: org.apache.ratis.thirdparty.io.grpc.StatusRuntimeException: UNAVAILABLE: io exception
2022-02-12 06:45:44,613 [fbc88013-4e58-4ce2-8f92-86967c0fe77f@group-6C01376EE677-LeaderElection20] INFO  impl.LeaderElection (LeaderElection.java:logAndReturn(89)) - fbc88013-4e58-4ce2-8f92-86967c0fe77f@group-6C01376EE677-LeaderElection20: ELECTION REJECTED received 1 response(s) and 1 exception(s):
2022-02-12 06:45:44,613 [fbc88013-4e58-4ce2-8f92-86967c0fe77f@group-6C01376EE677-LeaderElection20] INFO  impl.LeaderElection (LeaderElection.java:logAndReturn(93)) -   Response 0: fbc88013-4e58-4ce2-8f92-86967c0fe77f<-6b353d4f-0834-494e-9b42-b1853adf5598#0:FAIL-t2
2022-02-12 06:45:44,613 [fbc88013-4e58-4ce2-8f92-86967c0fe77f@group-6C01376EE677-LeaderElection20] INFO  impl.LeaderElection (LogUtils.java:infoOrTrace(137)) -   Exception 1: java.util.concurrent.ExecutionException: org.apache.ratis.thirdparty.io.grpc.StatusRuntimeException: UNAVAILABLE: io exception
2022-02-12 06:45:44,613 [fbc88013-4e58-4ce2-8f92-86967c0fe77f@group-6C01376EE677-LeaderElection20] INFO  impl.LeaderElection (LeaderElection.java:askForVotes(308)) - fbc88013-4e58-4ce2-8f92-86967c0fe77f@group-6C01376EE677-LeaderElection20 ELECTION round 0: result REJECTED
2022-02-12 06:45:44,614 [fbc88013-4e58-4ce2-8f92-86967c0fe77f@group-6C01376EE677-LeaderElection20] INFO  server.RaftServer$Division (RaftServerImpl.java:setRole(290)) - fbc88013-4e58-4ce2-8f92-86967c0fe77f@group-6C01376EE677: changes role from CANDIDATE to FOLLOWER at term 2 for REJECTED
2022-02-12 06:45:44,614 [fbc88013-4e58-4ce2-8f92-86967c0fe77f@group-6C01376EE677-LeaderElection20] INFO  impl.RoleInfo (RoleInfo.java:shutdownLeaderElection(121)) - fbc88013-4e58-4ce2-8f92-86967c0fe77f: shutdown fbc88013-4e58-4ce2-8f92-86967c0fe77f@group-6C01376EE677-LeaderElection20
2022-02-12 06:45:44,614 [fbc88013-4e58-4ce2-8f92-86967c0fe77f@group-6C01376EE677-LeaderElection20] INFO  impl.RoleInfo (RoleInfo.java:updateAndGet(130)) - fbc88013-4e58-4ce2-8f92-86967c0fe77f: start fbc88013-4e58-4ce2-8f92-86967c0fe77f@group-6C01376EE677-FollowerState
2022-02-12 06:45:44,616 [grpc-default-executor-5] INFO  server.RaftServer$Division (RaftServerImpl.java:requestVote(1046)) - fbc88013-4e58-4ce2-8f92-86967c0fe77f@group-6C01376EE677: receive requestVote(ELECTION, 6b353d4f-0834-494e-9b42-b1853adf5598, group-6C01376EE677, 2, (t:0, i:0))
2022-02-12 06:45:44,624 [grpc-default-executor-5] INFO  impl.VoteContext (VoteContext.java:log(48)) - fbc88013-4e58-4ce2-8f92-86967c0fe77f@group-6C01376EE677-FOLLOWER: reject ELECTION from 6b353d4f-0834-494e-9b42-b1853adf5598: already has voted for fbc88013-4e58-4ce2-8f92-86967c0fe77f at current term 2
2022-02-12 06:45:44,624 [grpc-default-executor-5] INFO  server.RaftServer$Division (RaftServerImpl.java:requestVote(1078)) - fbc88013-4e58-4ce2-8f92-86967c0fe77f@group-6C01376EE677 replies to ELECTION vote request: 6b353d4f-0834-494e-9b42-b1853adf5598<-fbc88013-4e58-4ce2-8f92-86967c0fe77f#0:FAIL-t2. Peer's state: fbc88013-4e58-4ce2-8f92-86967c0fe77f@group-6C01376EE677:t2, leader=null, voted=fbc88013-4e58-4ce2-8f92-86967c0fe77f, raftlog=fbc88013-4e58-4ce2-8f92-86967c0fe77f@group-6C01376EE677-SegmentedRaftLog:OPENED:c-1, conf=-1: [2db57d0a-e0a4-4c64-8073-50a45d71dc35|rpc:10.1.0.21:37195|dataStream:|priority:0, 6b353d4f-0834-494e-9b42-b1853adf5598|rpc:10.1.0.21:46567|dataStream:|priority:0, fbc88013-4e58-4ce2-8f92-86967c0fe77f|rpc:10.1.0.21:45123|dataStream:|priority:1], old=null
2022-02-12 06:45:44,625 [6b353d4f-0834-494e-9b42-b1853adf5598@group-6C01376EE677-LeaderElection21] INFO  impl.LeaderElection (LeaderElection.java:logAndReturn(89)) - 6b353d4f-0834-494e-9b42-b1853adf5598@group-6C01376EE677-LeaderElection21: ELECTION REJECTED received 1 response(s) and 1 exception(s):
2022-02-12 06:45:44,625 [6b353d4f-0834-494e-9b42-b1853adf5598@group-6C01376EE677-LeaderElection21] INFO  impl.LeaderElection (LeaderElection.java:logAndReturn(93)) -   Response 0: 6b353d4f-0834-494e-9b42-b1853adf5598<-fbc88013-4e58-4ce2-8f92-86967c0fe77f#0:FAIL-t2
2022-02-12 06:45:44,625 [6b353d4f-0834-494e-9b42-b1853adf5598@group-6C01376EE677-LeaderElection21] INFO  impl.LeaderElection (LogUtils.java:infoOrTrace(137)) -   Exception 1: java.util.concurrent.ExecutionException: org.apache.ratis.thirdparty.io.grpc.StatusRuntimeException: UNAVAILABLE: io exception
2022-02-12 06:45:44,625 [6b353d4f-0834-494e-9b42-b1853adf5598@group-6C01376EE677-LeaderElection21] INFO  impl.LeaderElection (LeaderElection.java:askForVotes(308)) - 6b353d4f-0834-494e-9b42-b1853adf5598@group-6C01376EE677-LeaderElection21 ELECTION round 0: result REJECTED
2022-02-12 06:45:44,626 [6b353d4f-0834-494e-9b42-b1853adf5598@group-6C01376EE677-LeaderElection21] INFO  server.RaftServer$Division (RaftServerImpl.java:setRole(290)) - 6b353d4f-0834-494e-9b42-b1853adf5598@group-6C01376EE677: changes role from CANDIDATE to FOLLOWER at term 2 for REJECTED
2022-02-12 06:45:44,626 [6b353d4f-0834-494e-9b42-b1853adf5598@group-6C01376EE677-LeaderElection21] INFO  impl.RoleInfo (RoleInfo.java:shutdownLeaderElection(121)) - 6b353d4f-0834-494e-9b42-b1853adf5598: shutdown 6b353d4f-0834-494e-9b42-b1853adf5598@group-6C01376EE677-LeaderElection21
2022-02-12 06:45:44,626 [6b353d4f-0834-494e-9b42-b1853adf5598@group-6C01376EE677-LeaderElection21] INFO  impl.RoleInfo (RoleInfo.java:updateAndGet(130)) - 6b353d4f-0834-494e-9b42-b1853adf5598: start 6b353d4f-0834-494e-9b42-b1853adf5598@group-6C01376EE677-FollowerState
2022-02-12 06:45:45,507 [Time-limited test] INFO  ozoneimpl.OzoneContainer (OzoneContainer.java:stop(336)) - Attempting to stop container services.
2022-02-12 06:45:45,508 [Time-limited test] INFO  server.RaftServer (RaftServerProxy.java:lambda$close$6(391)) - 6b353d4f-0834-494e-9b42-b1853adf5598: close
2022-02-12 06:45:45,511 [Time-limited test] INFO  server.RaftServer$Division (RaftServerImpl.java:lambda$close$4(412)) - 6b353d4f-0834-494e-9b42-b1853adf5598@group-6C01376EE677: shutdown
2022-02-12 06:45:45,511 [Time-limited test] INFO  util.JmxRegister (JmxRegister.java:unregister(73)) - Successfully un-registered JMX Bean with object name Ratis:service=RaftServer,group=group-6C01376EE677,id=6b353d4f-0834-494e-9b42-b1853adf5598
2022-02-12 06:45:45,511 [Time-limited test] INFO  impl.RoleInfo (RoleInfo.java:shutdownFollowerState(108)) - 6b353d4f-0834-494e-9b42-b1853adf5598: shutdown 6b353d4f-0834-494e-9b42-b1853adf5598@group-6C01376EE677-FollowerState
2022-02-12 06:45:45,511 [Time-limited test] INFO  impl.StateMachineUpdater (StateMachineUpdater.java:stopAndJoin(149)) - 6b353d4f-0834-494e-9b42-b1853adf5598@group-6C01376EE677-StateMachineUpdater: set stopIndex = -1
2022-02-12 06:45:45,511 [6b353d4f-0834-494e-9b42-b1853adf5598@group-6C01376EE677-FollowerState] INFO  impl.FollowerState (FollowerState.java:run(143)) - 6b353d4f-0834-494e-9b42-b1853adf5598@group-6C01376EE677-FollowerState was interrupted: {}
java.lang.InterruptedException: sleep interrupted
	at java.lang.Thread.sleep(Native Method)
	at java.lang.Thread.sleep(Thread.java:340)
	at java.util.concurrent.TimeUnit.sleep(TimeUnit.java:386)
	at org.apache.ratis.util.TimeDuration.sleep(TimeDuration.java:324)
	at org.apache.ratis.util.TimeDuration.sleep(TimeDuration.java:309)
	at org.apache.ratis.server.impl.FollowerState.run(FollowerState.java:118)
2022-02-12 06:45:45,511 [Time-limited test] INFO  server.RaftServer$Division (ServerState.java:close(419)) - 6b353d4f-0834-494e-9b42-b1853adf5598@group-6C01376EE677: closes. applyIndex: -1
2022-02-12 06:45:45,517 [ForkJoinPool.commonPool-worker-1] INFO  server.RaftServer$Division (RaftServerImpl.java:lambda$close$4(412)) - 6b353d4f-0834-494e-9b42-b1853adf5598@group-9B47590B7739: shutdown
2022-02-12 06:45:45,517 [6b353d4f-0834-494e-9b42-b1853adf5598@group-6C01376EE677-SegmentedRaftLogWorker] INFO  segmented.SegmentedRaftLogWorker (SegmentedRaftLogWorker.java:run(327)) - 6b353d4f-0834-494e-9b42-b1853adf5598@group-6C01376EE677-SegmentedRaftLogWorker was interrupted, exiting. There are 0 tasks remaining in the queue.
2022-02-12 06:45:45,518 [Time-limited test] INFO  segmented.SegmentedRaftLogWorker (SegmentedRaftLogWorker.java:close(237)) - 6b353d4f-0834-494e-9b42-b1853adf5598@group-6C01376EE677-SegmentedRaftLogWorker close()
2022-02-12 06:45:45,525 [ForkJoinPool.commonPool-worker-1] INFO  util.JmxRegister (JmxRegister.java:unregister(73)) - Successfully un-registered JMX Bean with object name Ratis:service=RaftServer,group=group-9B47590B7739,id=6b353d4f-0834-494e-9b42-b1853adf5598
2022-02-12 06:45:45,525 [ForkJoinPool.commonPool-worker-1] INFO  impl.RoleInfo (RoleInfo.java:shutdownLeaderState(91)) - 6b353d4f-0834-494e-9b42-b1853adf5598: shutdown 6b353d4f-0834-494e-9b42-b1853adf5598@group-9B47590B7739-LeaderStateImpl
2022-02-12 06:45:45,525 [ForkJoinPool.commonPool-worker-1] INFO  impl.PendingRequests (PendingRequests.java:sendNotLeaderResponses(282)) - 6b353d4f-0834-494e-9b42-b1853adf5598@group-9B47590B7739-PendingRequests: sendNotLeaderResponses
2022-02-12 06:45:45,548 [ForkJoinPool.commonPool-worker-1] INFO  impl.StateMachineUpdater (StateMachineUpdater.java:stopAndJoin(149)) - 6b353d4f-0834-494e-9b42-b1853adf5598@group-9B47590B7739-StateMachineUpdater: set stopIndex = 263
2022-02-12 06:45:45,549 [6b353d4f-0834-494e-9b42-b1853adf5598@group-9B47590B7739-StateMachineUpdater] INFO  ratis.ContainerStateMachine (ContainerStateMachine.java:takeSnapshot(299)) - group-9B47590B7739: Taking a snapshot at:(t:1, i:263) file /home/runner/work/ozone/ozone/hadoop-ozone/integration-test/target/test-dir/MiniOzoneClusterImpl-82593cca-502f-46a3-a597-4e713ce930c0/datanode-2/data/ratis/7b650efd-bcf6-4ff1-b0a2-9b47590b7739/sm/snapshot.1_263
2022-02-12 06:45:45,550 [6b353d4f-0834-494e-9b42-b1853adf5598@group-9B47590B7739-StateMachineUpdater] INFO  ratis.ContainerStateMachine (ContainerStateMachine.java:takeSnapshot(310)) - group-9B47590B7739: Finished taking a snapshot at:(t:1, i:263) file:/home/runner/work/ozone/ozone/hadoop-ozone/integration-test/target/test-dir/MiniOzoneClusterImpl-82593cca-502f-46a3-a597-4e713ce930c0/datanode-2/data/ratis/7b650efd-bcf6-4ff1-b0a2-9b47590b7739/sm/snapshot.1_263 took: 1 ms
2022-02-12 06:45:45,550 [6b353d4f-0834-494e-9b42-b1853adf5598@group-9B47590B7739-StateMachineUpdater] INFO  impl.StateMachineUpdater (StateMachineUpdater.java:takeSnapshot(281)) - 6b353d4f-0834-494e-9b42-b1853adf5598@group-9B47590B7739-StateMachineUpdater: Took a snapshot at index 263
2022-02-12 06:45:45,551 [6b353d4f-0834-494e-9b42-b1853adf5598@group-9B47590B7739-StateMachineUpdater] INFO  impl.StateMachineUpdater (StateMachineUpdater.java:lambda$new$0(89)) - 6b353d4f-0834-494e-9b42-b1853adf5598@group-9B47590B7739-StateMachineUpdater: snapshotIndex: updateIncreasingly -1 -> 263
2022-02-12 06:45:45,552 [ForkJoinPool.commonPool-worker-1] INFO  server.RaftServer$Division (ServerState.java:close(419)) - 6b353d4f-0834-494e-9b42-b1853adf5598@group-9B47590B7739: closes. applyIndex: 263
2022-02-12 06:45:45,552 [6b353d4f-0834-494e-9b42-b1853adf5598@group-9B47590B7739-SegmentedRaftLogWorker] INFO  segmented.SegmentedRaftLogWorker (SegmentedRaftLogWorker.java:run(327)) - 6b353d4f-0834-494e-9b42-b1853adf5598@group-9B47590B7739-SegmentedRaftLogWorker was interrupted, exiting. There are 0 tasks remaining in the queue.
2022-02-12 06:45:45,552 [ForkJoinPool.commonPool-worker-1] INFO  segmented.SegmentedRaftLogWorker (SegmentedRaftLogWorker.java:close(237)) - 6b353d4f-0834-494e-9b42-b1853adf5598@group-9B47590B7739-SegmentedRaftLogWorker close()
2022-02-12 06:45:45,553 [ForkJoinPool.commonPool-worker-1] INFO  server.RaftServer$Division (RaftServerImpl.java:lambda$close$4(412)) - 6b353d4f-0834-494e-9b42-b1853adf5598@group-07E8C718409E: shutdown
2022-02-12 06:45:45,553 [ForkJoinPool.commonPool-worker-1] INFO  util.JmxRegister (JmxRegister.java:unregister(73)) - Successfully un-registered JMX Bean with object name Ratis:service=RaftServer,group=group-07E8C718409E,id=6b353d4f-0834-494e-9b42-b1853adf5598
2022-02-12 06:45:45,553 [ForkJoinPool.commonPool-worker-1] INFO  impl.RoleInfo (RoleInfo.java:shutdownLeaderState(91)) - 6b353d4f-0834-494e-9b42-b1853adf5598: shutdown 6b353d4f-0834-494e-9b42-b1853adf5598@group-07E8C718409E-LeaderStateImpl
2022-02-12 06:45:45,553 [ForkJoinPool.commonPool-worker-1] INFO  impl.PendingRequests (PendingRequests.java:sendNotLeaderResponses(282)) - 6b353d4f-0834-494e-9b42-b1853adf5598@group-07E8C718409E-PendingRequests: sendNotLeaderResponses
2022-02-12 06:45:45,553 [6b353d4f-0834-494e-9b42-b1853adf5598@group-07E8C718409E->fbc88013-4e58-4ce2-8f92-86967c0fe77f-GrpcLogAppender-LogAppenderDaemon] WARN  server.GrpcLogAppender (GrpcLogAppender.java:mayWait(177)) - 6b353d4f-0834-494e-9b42-b1853adf5598@group-07E8C718409E->fbc88013-4e58-4ce2-8f92-86967c0fe77f-GrpcLogAppender: Wait interrupted by java.lang.InterruptedException
2022-02-12 06:45:45,554 [ForkJoinPool.commonPool-worker-1] INFO  impl.StateMachineUpdater (StateMachineUpdater.java:stopAndJoin(149)) - 6b353d4f-0834-494e-9b42-b1853adf5598@group-07E8C718409E-StateMachineUpdater: set stopIndex = 0
2022-02-12 06:45:45,554 [6b353d4f-0834-494e-9b42-b1853adf5598@group-07E8C718409E-StateMachineUpdater] INFO  ratis.ContainerStateMachine (ContainerStateMachine.java:takeSnapshot(299)) - group-07E8C718409E: Taking a snapshot at:(t:1, i:0) file /home/runner/work/ozone/ozone/hadoop-ozone/integration-test/target/test-dir/MiniOzoneClusterImpl-82593cca-502f-46a3-a597-4e713ce930c0/datanode-2/data/ratis/77ae296a-7d7e-41ef-aa37-07e8c718409e/sm/snapshot.1_0
2022-02-12 06:45:45,554 [grpc-default-executor-1] INFO  server.GrpcServerProtocolService (GrpcServerProtocolService.java:onCompleted(140)) - fbc88013-4e58-4ce2-8f92-86967c0fe77f: Completed APPEND_ENTRIES, lastRequest: 6b353d4f-0834-494e-9b42-b1853adf5598->fbc88013-4e58-4ce2-8f92-86967c0fe77f#1-t1,previous=(t:0, i:0),leaderCommit=0,initializing? true,entries: size=1, first=(t:1, i:0), CONFIGURATIONENTRY
2022-02-12 06:45:45,556 [grpc-default-executor-5] INFO  server.GrpcLogAppender (GrpcLogAppender.java:onCompleted(346)) - 6b353d4f-0834-494e-9b42-b1853adf5598@group-07E8C718409E->fbc88013-4e58-4ce2-8f92-86967c0fe77f-AppendLogResponseHandler: follower responses appendEntries COMPLETED
2022-02-12 06:45:45,556 [grpc-default-executor-5] INFO  leader.FollowerInfo (FollowerInfoImpl.java:lambda$new$0(47)) - 6b353d4f-0834-494e-9b42-b1853adf5598@group-07E8C718409E->fbc88013-4e58-4ce2-8f92-86967c0fe77f: nextIndex: updateUnconditionally 1 -> 0
2022-02-12 06:45:45,556 [6b353d4f-0834-494e-9b42-b1853adf5598@group-07E8C718409E-StateMachineUpdater] INFO  ratis.ContainerStateMachine (ContainerStateMachine.java:takeSnapshot(310)) - group-07E8C718409E: Finished taking a snapshot at:(t:1, i:0) file:/home/runner/work/ozone/ozone/hadoop-ozone/integration-test/target/test-dir/MiniOzoneClusterImpl-82593cca-502f-46a3-a597-4e713ce930c0/datanode-2/data/ratis/77ae296a-7d7e-41ef-aa37-07e8c718409e/sm/snapshot.1_0 took: 2 ms
2022-02-12 06:45:45,556 [6b353d4f-0834-494e-9b42-b1853adf5598@group-07E8C718409E-StateMachineUpdater] INFO  impl.StateMachineUpdater (StateMachineUpdater.java:takeSnapshot(281)) - 6b353d4f-0834-494e-9b42-b1853adf5598@group-07E8C718409E-StateMachineUpdater: Took a snapshot at index 0
2022-02-12 06:45:45,556 [6b353d4f-0834-494e-9b42-b1853adf5598@group-07E8C718409E-StateMachineUpdater] INFO  impl.StateMachineUpdater (StateMachineUpdater.java:lambda$new$0(89)) - 6b353d4f-0834-494e-9b42-b1853adf5598@group-07E8C718409E-StateMachineUpdater: snapshotIndex: updateIncreasingly -1 -> 0
2022-02-12 06:45:45,557 [ForkJoinPool.commonPool-worker-1] INFO  server.RaftServer$Division (ServerState.java:close(419)) - 6b353d4f-0834-494e-9b42-b1853adf5598@group-07E8C718409E: closes. applyIndex: 0
2022-02-12 06:45:45,557 [6b353d4f-0834-494e-9b42-b1853adf5598@group-07E8C718409E-SegmentedRaftLogWorker] INFO  segmented.SegmentedRaftLogWorker (SegmentedRaftLogWorker.java:run(327)) - 6b353d4f-0834-494e-9b42-b1853adf5598@group-07E8C718409E-SegmentedRaftLogWorker was interrupted, exiting. There are 0 tasks remaining in the queue.
2022-02-12 06:45:45,557 [ForkJoinPool.commonPool-worker-1] INFO  segmented.SegmentedRaftLogWorker (SegmentedRaftLogWorker.java:close(237)) - 6b353d4f-0834-494e-9b42-b1853adf5598@group-07E8C718409E-SegmentedRaftLogWorker close()
2022-02-12 06:45:45,564 [Time-limited test] INFO  server.GrpcService (GrpcService.java:closeImpl(262)) - 6b353d4f-0834-494e-9b42-b1853adf5598: shutdown server with port 46567 now
2022-02-12 06:45:45,565 [grpc-default-executor-1] WARN  client.GrpcClientProtocolService (LogUtils.java:warn(122)) - 2-UnorderedRequestStreamObserver2: onError: org.apache.ratis.thirdparty.io.grpc.StatusRuntimeException: CANCELLED: client cancelled
2022-02-12 06:45:45,577 [Time-limited test] INFO  server.GrpcService (GrpcService.java:closeImpl(271)) - 6b353d4f-0834-494e-9b42-b1853adf5598: shutdown server with port 46567 successfully
2022-02-12 06:45:45,578 [org.apache.ratis.util.JvmPauseMonitor$$Lambda$422/823775087@3bdeec40] INFO  util.JvmPauseMonitor (JvmPauseMonitor.java:run(109)) - JvmPauseMonitor-6b353d4f-0834-494e-9b42-b1853adf5598: Stopped
2022-02-12 06:45:47,621 [Time-limited test] INFO  utils.BackgroundService (BackgroundService.java:shutdown(132)) - Shutting down service BlockDeletingService
2022-02-12 06:45:49,645 [fbc88013-4e58-4ce2-8f92-86967c0fe77f@group-6C01376EE677-FollowerState] INFO  impl.FollowerState (FollowerState.java:run(134)) - fbc88013-4e58-4ce2-8f92-86967c0fe77f@group-6C01376EE677-FollowerState: change to CANDIDATE, lastRpcElapsedTime:5031546487ns, electionTimeout:5021ms
2022-02-12 06:45:49,645 [fbc88013-4e58-4ce2-8f92-86967c0fe77f@group-6C01376EE677-FollowerState] INFO  impl.RoleInfo (RoleInfo.java:shutdownFollowerState(108)) - fbc88013-4e58-4ce2-8f92-86967c0fe77f: shutdown fbc88013-4e58-4ce2-8f92-86967c0fe77f@group-6C01376EE677-FollowerState
2022-02-12 06:45:49,645 [fbc88013-4e58-4ce2-8f92-86967c0fe77f@group-6C01376EE677-FollowerState] INFO  server.RaftServer$Division (RaftServerImpl.java:setRole(290)) - fbc88013-4e58-4ce2-8f92-86967c0fe77f@group-6C01376EE677: changes role from  FOLLOWER to CANDIDATE at term 2 for changeToCandidate
2022-02-12 06:45:49,646 [fbc88013-4e58-4ce2-8f92-86967c0fe77f@group-6C01376EE677-FollowerState] INFO  server.RaftServerConfigKeys (ConfUtils.java:logGet(44)) - raft.server.leaderelection.pre-vote = false (custom)
2022-02-12 06:45:49,646 [fbc88013-4e58-4ce2-8f92-86967c0fe77f@group-6C01376EE677-FollowerState] INFO  impl.RoleInfo (RoleInfo.java:updateAndGet(130)) - fbc88013-4e58-4ce2-8f92-86967c0fe77f: start fbc88013-4e58-4ce2-8f92-86967c0fe77f@group-6C01376EE677-LeaderElection22
2022-02-12 06:45:49,657 [fbc88013-4e58-4ce2-8f92-86967c0fe77f@group-6C01376EE677-LeaderElection22] INFO  impl.LeaderElection (LeaderElection.java:askForVotes(306)) - fbc88013-4e58-4ce2-8f92-86967c0fe77f@group-6C01376EE677-LeaderElection22 ELECTION round 0: submit vote requests at term 3 for -1: [2db57d0a-e0a4-4c64-8073-50a45d71dc35|rpc:10.1.0.21:37195|dataStream:|priority:0, 6b353d4f-0834-494e-9b42-b1853adf5598|rpc:10.1.0.21:46567|dataStream:|priority:0, fbc88013-4e58-4ce2-8f92-86967c0fe77f|rpc:10.1.0.21:45123|dataStream:|priority:1], old=null
2022-02-12 06:45:49,664 [fbc88013-4e58-4ce2-8f92-86967c0fe77f@group-6C01376EE677-LeaderElection22] INFO  impl.LeaderElection (LogUtils.java:infoOrTrace(137)) - fbc88013-4e58-4ce2-8f92-86967c0fe77f@group-6C01376EE677-LeaderElection22 got exception when requesting votes: java.util.concurrent.ExecutionException: org.apache.ratis.thirdparty.io.grpc.StatusRuntimeException: UNAVAILABLE: io exception
2022-02-12 06:45:49,674 [fbc88013-4e58-4ce2-8f92-86967c0fe77f@group-6C01376EE677-LeaderElection22] INFO  impl.LeaderElection (LogUtils.java:infoOrTrace(137)) - fbc88013-4e58-4ce2-8f92-86967c0fe77f@group-6C01376EE677-LeaderElection22 got exception when requesting votes: java.util.concurrent.ExecutionException: org.apache.ratis.thirdparty.io.grpc.StatusRuntimeException: UNAVAILABLE: io exception
2022-02-12 06:45:49,674 [fbc88013-4e58-4ce2-8f92-86967c0fe77f@group-6C01376EE677-LeaderElection22] INFO  impl.LeaderElection (LeaderElection.java:logAndReturn(89)) - fbc88013-4e58-4ce2-8f92-86967c0fe77f@group-6C01376EE677-LeaderElection22: ELECTION REJECTED received 0 response(s) and 2 exception(s):
2022-02-12 06:45:49,674 [fbc88013-4e58-4ce2-8f92-86967c0fe77f@group-6C01376EE677-LeaderElection22] INFO  impl.LeaderElection (LogUtils.java:infoOrTrace(137)) -   Exception 0: java.util.concurrent.ExecutionException: org.apache.ratis.thirdparty.io.grpc.StatusRuntimeException: UNAVAILABLE: io exception
2022-02-12 06:45:49,674 [fbc88013-4e58-4ce2-8f92-86967c0fe77f@group-6C01376EE677-LeaderElection22] INFO  impl.LeaderElection (LogUtils.java:infoOrTrace(137)) -   Exception 1: java.util.concurrent.ExecutionException: org.apache.ratis.thirdparty.io.grpc.StatusRuntimeException: UNAVAILABLE: io exception
2022-02-12 06:45:49,674 [fbc88013-4e58-4ce2-8f92-86967c0fe77f@group-6C01376EE677-LeaderElection22] INFO  impl.LeaderElection (LeaderElection.java:askForVotes(308)) - fbc88013-4e58-4ce2-8f92-86967c0fe77f@group-6C01376EE677-LeaderElection22 ELECTION round 0: result REJECTED
2022-02-12 06:45:49,674 [fbc88013-4e58-4ce2-8f92-86967c0fe77f@group-6C01376EE677-LeaderElection22] INFO  server.RaftServer$Division (RaftServerImpl.java:setRole(290)) - fbc88013-4e58-4ce2-8f92-86967c0fe77f@group-6C01376EE677: changes role from CANDIDATE to FOLLOWER at term 3 for REJECTED
2022-02-12 06:45:49,674 [fbc88013-4e58-4ce2-8f92-86967c0fe77f@group-6C01376EE677-LeaderElection22] INFO  impl.RoleInfo (RoleInfo.java:shutdownLeaderElection(121)) - fbc88013-4e58-4ce2-8f92-86967c0fe77f: shutdown fbc88013-4e58-4ce2-8f92-86967c0fe77f@group-6C01376EE677-LeaderElection22
2022-02-12 06:45:49,674 [fbc88013-4e58-4ce2-8f92-86967c0fe77f@group-6C01376EE677-LeaderElection22] INFO  impl.RoleInfo (RoleInfo.java:updateAndGet(130)) - fbc88013-4e58-4ce2-8f92-86967c0fe77f: start fbc88013-4e58-4ce2-8f92-86967c0fe77f@group-6C01376EE677-FollowerState
2022-02-12 06:45:50,395 [EventQueue-StaleNodeForStaleNodeHandler] INFO  node.StaleNodeHandler (StaleNodeHandler.java:onMessage(58)) - Datanode 6b353d4f-0834-494e-9b42-b1853adf5598{ip: 10.1.0.21, host: fv-az59-317.csjynl4pkq3e1pkirw3ssqjfoh.cx.internal.cloudapp.net, ports: [REPLICATION=46087, RATIS=46567, RATIS_ADMIN=46567, RATIS_SERVER=46567, STANDALONE=35525], networkLocation: /default-rack, certSerialId: null, persistedOpState: IN_SERVICE, persistedOpStateExpiryEpochSec: 0} moved to stale state. Finalizing its pipelines [PipelineID=c4dc2180-af44-4c9f-bc0f-6c01376ee677, PipelineID=7b650efd-bcf6-4ff1-b0a2-9b47590b7739, PipelineID=77ae296a-7d7e-41ef-aa37-07e8c718409e]
2022-02-12 06:45:50,397 [EventQueue-StaleNodeForStaleNodeHandler] INFO  pipeline.PipelineManagerImpl (PipelineManagerImpl.java:closeContainersForPipeline(344)) - Container #1 closed for pipeline=PipelineID=7b650efd-bcf6-4ff1-b0a2-9b47590b7739
2022-02-12 06:45:50,397 [EventQueue-CloseContainerForCloseContainerEventHandler] INFO  container.CloseContainerEventHandler (CloseContainerEventHandler.java:onMessage(69)) - Close container Event triggered for container : #1
2022-02-12 06:45:50,400 [EventQueue-StaleNodeForStaleNodeHandler] INFO  pipeline.PipelineManagerImpl (PipelineManagerImpl.java:closePipeline(365)) - Pipeline Pipeline[ Id: 7b650efd-bcf6-4ff1-b0a2-9b47590b7739, Nodes: 6b353d4f-0834-494e-9b42-b1853adf5598{ip: 10.1.0.21, host: fv-az59-317.csjynl4pkq3e1pkirw3ssqjfoh.cx.internal.cloudapp.net, ports: [REPLICATION=46087, RATIS=46567, RATIS_ADMIN=46567, RATIS_SERVER=46567, STANDALONE=35525], networkLocation: /default-rack, certSerialId: null, persistedOpState: IN_SERVICE, persistedOpStateExpiryEpochSec: 0}, ReplicationConfig: RATIS/ONE, State:OPEN, leaderId:6b353d4f-0834-494e-9b42-b1853adf5598, CreationTimestamp2022-02-12T06:44:38.355Z[Etc/UTC]] moved to CLOSED state
2022-02-12 06:45:50,625 [Time-limited test] INFO  statemachine.DatanodeStateMachine (DatanodeStateMachine.java:stopDaemon(529)) - Ozone container server stopped.
2022-02-12 06:45:50,641 [Time-limited test] INFO  handler.ContextHandler (ContextHandler.java:doStop(1153)) - Stopped o.e.j.w.WebAppContext@26bc130c{hddsDatanode,/,null,STOPPED}{jar:file:/home/runner/.m2/repository/org/apache/ozone/hdds-container-service/1.3.0-SNAPSHOT/hdds-container-service-1.3.0-SNAPSHOT.jar!/webapps/hddsDatanode}
2022-02-12 06:45:50,641 [Time-limited test] INFO  server.AbstractConnector (AbstractConnector.java:doStop(381)) - Stopped ServerConnector@3a8f9d53{HTTP/1.1, (http/1.1)}{0.0.0.0:0}
2022-02-12 06:45:50,641 [Time-limited test] INFO  server.session (HouseKeeper.java:stopScavenging(149)) - node0 Stopped scavenging
2022-02-12 06:45:50,642 [Time-limited test] INFO  handler.ContextHandler (ContextHandler.java:doStop(1153)) - Stopped o.e.j.s.ServletContextHandler@36813933{static,/static,jar:file:/home/runner/.m2/repository/org/apache/ozone/hdds-container-service/1.3.0-SNAPSHOT/hdds-container-service-1.3.0-SNAPSHOT.jar!/webapps/static,STOPPED}
2022-02-12 06:45:50,643 [Time-limited test] INFO  handler.ContextHandler (ContextHandler.java:doStop(1153)) - Stopped o.e.j.s.ServletContextHandler@ace257b{logs,/logs,file:///home/runner/work/ozone/ozone/hadoop-ozone/integration-test/target/log,STOPPED}
2022-02-12 06:45:50,645 [Time-limited test] INFO  ozone.MiniOzoneClusterImpl (MiniOzoneClusterImpl.java:lambda$waitForHddsDatanodesStop$3(373)) - Waiting on 1 datanodes out of 2 to be marked unhealthy.
2022-02-12 06:45:51,648 [Time-limited test] INFO  ozone.MiniOzoneClusterImpl (MiniOzoneClusterImpl.java:lambda$waitForHddsDatanodesStop$3(373)) - Waiting on 1 datanodes out of 2 to be marked unhealthy.
2022-02-12 06:45:52,648 [Time-limited test] INFO  ozone.MiniOzoneClusterImpl (MiniOzoneClusterImpl.java:lambda$waitForHddsDatanodesStop$3(373)) - Waiting on 1 datanodes out of 2 to be marked unhealthy.
2022-02-12 06:45:53,648 [Time-limited test] INFO  ozone.MiniOzoneClusterImpl (MiniOzoneClusterImpl.java:lambda$waitForHddsDatanodesStop$3(373)) - Waiting on 1 datanodes out of 2 to be marked unhealthy.
2022-02-12 06:45:54,599 [fbc88013-4e58-4ce2-8f92-86967c0fe77f@group-07E8C718409E-FollowerState] INFO  impl.FollowerState (FollowerState.java:run(134)) - fbc88013-4e58-4ce2-8f92-86967c0fe77f@group-07E8C718409E-FollowerState: change to CANDIDATE, lastRpcElapsedTime:10119204999ns, electionTimeout:5116ms
2022-02-12 06:45:54,600 [fbc88013-4e58-4ce2-8f92-86967c0fe77f@group-07E8C718409E-FollowerState] INFO  impl.RoleInfo (RoleInfo.java:shutdownFollowerState(108)) - fbc88013-4e58-4ce2-8f92-86967c0fe77f: shutdown fbc88013-4e58-4ce2-8f92-86967c0fe77f@group-07E8C718409E-FollowerState
2022-02-12 06:45:54,600 [fbc88013-4e58-4ce2-8f92-86967c0fe77f@group-07E8C718409E-FollowerState] INFO  server.RaftServer$Division (RaftServerImpl.java:setRole(290)) - fbc88013-4e58-4ce2-8f92-86967c0fe77f@group-07E8C718409E: changes role from  FOLLOWER to CANDIDATE at term 1 for changeToCandidate
2022-02-12 06:45:54,600 [fbc88013-4e58-4ce2-8f92-86967c0fe77f@group-07E8C718409E-FollowerState] INFO  server.RaftServerConfigKeys (ConfUtils.java:logGet(44)) - raft.server.leaderelection.pre-vote = false (custom)
2022-02-12 06:45:54,600 [fbc88013-4e58-4ce2-8f92-86967c0fe77f@group-07E8C718409E-FollowerState] INFO  impl.RoleInfo (RoleInfo.java:updateAndGet(130)) - fbc88013-4e58-4ce2-8f92-86967c0fe77f: start fbc88013-4e58-4ce2-8f92-86967c0fe77f@group-07E8C718409E-LeaderElection23
2022-02-12 06:45:54,605 [fbc88013-4e58-4ce2-8f92-86967c0fe77f@group-07E8C718409E-LeaderElection23] INFO  server.RaftServer$Division (ServerState.java:setLeader(285)) - fbc88013-4e58-4ce2-8f92-86967c0fe77f@group-07E8C718409E: change Leader from 6b353d4f-0834-494e-9b42-b1853adf5598 to null at term 1 for ELECTION
2022-02-12 06:45:54,608 [fbc88013-4e58-4ce2-8f92-86967c0fe77f@group-07E8C718409E-LeaderElection23] INFO  impl.LeaderElection (LeaderElection.java:askForVotes(306)) - fbc88013-4e58-4ce2-8f92-86967c0fe77f@group-07E8C718409E-LeaderElection23 ELECTION round 0: submit vote requests at term 2 for 0: [2db57d0a-e0a4-4c64-8073-50a45d71dc35|rpc:10.1.0.21:37195|dataStream:|priority:0, 6b353d4f-0834-494e-9b42-b1853adf5598|rpc:10.1.0.21:46567|dataStream:|priority:1, fbc88013-4e58-4ce2-8f92-86967c0fe77f|rpc:10.1.0.21:45123|dataStream:|priority:0], old=null
2022-02-12 06:45:54,623 [fbc88013-4e58-4ce2-8f92-86967c0fe77f@group-07E8C718409E-LeaderElection23] INFO  impl.LeaderElection (LogUtils.java:infoOrTrace(137)) - fbc88013-4e58-4ce2-8f92-86967c0fe77f@group-07E8C718409E-LeaderElection23 got exception when requesting votes: java.util.concurrent.ExecutionException: org.apache.ratis.thirdparty.io.grpc.StatusRuntimeException: UNAVAILABLE: io exception
2022-02-12 06:45:54,625 [fbc88013-4e58-4ce2-8f92-86967c0fe77f@group-07E8C718409E-LeaderElection23] INFO  impl.LeaderElection (LogUtils.java:infoOrTrace(137)) - fbc88013-4e58-4ce2-8f92-86967c0fe77f@group-07E8C718409E-LeaderElection23 got exception when requesting votes: java.util.concurrent.ExecutionException: org.apache.ratis.thirdparty.io.grpc.StatusRuntimeException: UNAVAILABLE: io exception
2022-02-12 06:45:54,625 [fbc88013-4e58-4ce2-8f92-86967c0fe77f@group-07E8C718409E-LeaderElection23] INFO  impl.LeaderElection (LeaderElection.java:logAndReturn(89)) - fbc88013-4e58-4ce2-8f92-86967c0fe77f@group-07E8C718409E-LeaderElection23: ELECTION REJECTED received 0 response(s) and 2 exception(s):
2022-02-12 06:45:54,625 [fbc88013-4e58-4ce2-8f92-86967c0fe77f@group-07E8C718409E-LeaderElection23] INFO  impl.LeaderElection (LogUtils.java:infoOrTrace(137)) -   Exception 0: java.util.concurrent.ExecutionException: org.apache.ratis.thirdparty.io.grpc.StatusRuntimeException: UNAVAILABLE: io exception
2022-02-12 06:45:54,625 [fbc88013-4e58-4ce2-8f92-86967c0fe77f@group-07E8C718409E-LeaderElection23] INFO  impl.LeaderElection (LogUtils.java:infoOrTrace(137)) -   Exception 1: java.util.concurrent.ExecutionException: org.apache.ratis.thirdparty.io.grpc.StatusRuntimeException: UNAVAILABLE: io exception
2022-02-12 06:45:54,625 [fbc88013-4e58-4ce2-8f92-86967c0fe77f@group-07E8C718409E-LeaderElection23] INFO  impl.LeaderElection (LeaderElection.java:askForVotes(308)) - fbc88013-4e58-4ce2-8f92-86967c0fe77f@group-07E8C718409E-LeaderElection23 ELECTION round 0: result REJECTED
2022-02-12 06:45:54,626 [fbc88013-4e58-4ce2-8f92-86967c0fe77f@group-07E8C718409E-LeaderElection23] INFO  server.RaftServer$Division (RaftServerImpl.java:setRole(290)) - fbc88013-4e58-4ce2-8f92-86967c0fe77f@group-07E8C718409E: changes role from CANDIDATE to FOLLOWER at term 2 for REJECTED
2022-02-12 06:45:54,626 [fbc88013-4e58-4ce2-8f92-86967c0fe77f@group-07E8C718409E-LeaderElection23] INFO  impl.RoleInfo (RoleInfo.java:shutdownLeaderElection(121)) - fbc88013-4e58-4ce2-8f92-86967c0fe77f: shutdown fbc88013-4e58-4ce2-8f92-86967c0fe77f@group-07E8C718409E-LeaderElection23
2022-02-12 06:45:54,626 [fbc88013-4e58-4ce2-8f92-86967c0fe77f@group-07E8C718409E-LeaderElection23] INFO  impl.RoleInfo (RoleInfo.java:updateAndGet(130)) - fbc88013-4e58-4ce2-8f92-86967c0fe77f: start fbc88013-4e58-4ce2-8f92-86967c0fe77f@group-07E8C718409E-FollowerState
2022-02-12 06:45:54,649 [Time-limited test] INFO  ozone.MiniOzoneClusterImpl (MiniOzoneClusterImpl.java:lambda$waitForHddsDatanodesStop$3(373)) - Waiting on 1 datanodes out of 2 to be marked unhealthy.
2022-02-12 06:45:54,798 [fbc88013-4e58-4ce2-8f92-86967c0fe77f@group-6C01376EE677-FollowerState] INFO  impl.FollowerState (FollowerState.java:run(134)) - fbc88013-4e58-4ce2-8f92-86967c0fe77f@group-6C01376EE677-FollowerState: change to CANDIDATE, lastRpcElapsedTime:5124201505ns, electionTimeout:5106ms
2022-02-12 06:45:54,799 [fbc88013-4e58-4ce2-8f92-86967c0fe77f@group-6C01376EE677-FollowerState] INFO  impl.RoleInfo (RoleInfo.java:shutdownFollowerState(108)) - fbc88013-4e58-4ce2-8f92-86967c0fe77f: shutdown fbc88013-4e58-4ce2-8f92-86967c0fe77f@group-6C01376EE677-FollowerState
2022-02-12 06:45:54,799 [fbc88013-4e58-4ce2-8f92-86967c0fe77f@group-6C01376EE677-FollowerState] INFO  server.RaftServer$Division (RaftServerImpl.java:setRole(290)) - fbc88013-4e58-4ce2-8f92-86967c0fe77f@group-6C01376EE677: changes role from  FOLLOWER to CANDIDATE at term 3 for changeToCandidate
2022-02-12 06:45:54,799 [fbc88013-4e58-4ce2-8f92-86967c0fe77f@group-6C01376EE677-FollowerState] INFO  server.RaftServerConfigKeys (ConfUtils.java:logGet(44)) - raft.server.leaderelection.pre-vote = false (custom)
2022-02-12 06:45:54,799 [fbc88013-4e58-4ce2-8f92-86967c0fe77f@group-6C01376EE677-FollowerState] INFO  impl.RoleInfo (RoleInfo.java:updateAndGet(130)) - fbc88013-4e58-4ce2-8f92-86967c0fe77f: start fbc88013-4e58-4ce2-8f92-86967c0fe77f@group-6C01376EE677-LeaderElection24
2022-02-12 06:45:54,816 [fbc88013-4e58-4ce2-8f92-86967c0fe77f@group-6C01376EE677-LeaderElection24] INFO  impl.LeaderElection (LeaderElection.java:askForVotes(306)) - fbc88013-4e58-4ce2-8f92-86967c0fe77f@group-6C01376EE677-LeaderElection24 ELECTION round 0: submit vote requests at term 4 for -1: [2db57d0a-e0a4-4c64-8073-50a45d71dc35|rpc:10.1.0.21:37195|dataStream:|priority:0, 6b353d4f-0834-494e-9b42-b1853adf5598|rpc:10.1.0.21:46567|dataStream:|priority:0, fbc88013-4e58-4ce2-8f92-86967c0fe77f|rpc:10.1.0.21:45123|dataStream:|priority:1], old=null
2022-02-12 06:45:54,823 [fbc88013-4e58-4ce2-8f92-86967c0fe77f@group-6C01376EE677-LeaderElection24] INFO  impl.LeaderElection (LogUtils.java:infoOrTrace(137)) - fbc88013-4e58-4ce2-8f92-86967c0fe77f@group-6C01376EE677-LeaderElection24 got exception when requesting votes: java.util.concurrent.ExecutionException: org.apache.ratis.thirdparty.io.grpc.StatusRuntimeException: UNAVAILABLE: io exception
2022-02-12 06:45:54,825 [fbc88013-4e58-4ce2-8f92-86967c0fe77f@group-6C01376EE677-LeaderElection24] INFO  impl.LeaderElection (LogUtils.java:infoOrTrace(137)) - fbc88013-4e58-4ce2-8f92-86967c0fe77f@group-6C01376EE677-LeaderElection24 got exception when requesting votes: java.util.concurrent.ExecutionException: org.apache.ratis.thirdparty.io.grpc.StatusRuntimeException: UNAVAILABLE: io exception
2022-02-12 06:45:54,825 [fbc88013-4e58-4ce2-8f92-86967c0fe77f@group-6C01376EE677-LeaderElection24] INFO  impl.LeaderElection (LeaderElection.java:logAndReturn(89)) - fbc88013-4e58-4ce2-8f92-86967c0fe77f@group-6C01376EE677-LeaderElection24: ELECTION REJECTED received 0 response(s) and 2 exception(s):
2022-02-12 06:45:54,825 [fbc88013-4e58-4ce2-8f92-86967c0fe77f@group-6C01376EE677-LeaderElection24] INFO  impl.LeaderElection (LogUtils.java:infoOrTrace(137)) -   Exception 0: java.util.concurrent.ExecutionException: org.apache.ratis.thirdparty.io.grpc.StatusRuntimeException: UNAVAILABLE: io exception
2022-02-12 06:45:54,825 [fbc88013-4e58-4ce2-8f92-86967c0fe77f@group-6C01376EE677-LeaderElection24] INFO  impl.LeaderElection (LogUtils.java:infoOrTrace(137)) -   Exception 1: java.util.concurrent.ExecutionException: org.apache.ratis.thirdparty.io.grpc.StatusRuntimeException: UNAVAILABLE: io exception
2022-02-12 06:45:54,825 [fbc88013-4e58-4ce2-8f92-86967c0fe77f@group-6C01376EE677-LeaderElection24] INFO  impl.LeaderElection (LeaderElection.java:askForVotes(308)) - fbc88013-4e58-4ce2-8f92-86967c0fe77f@group-6C01376EE677-LeaderElection24 ELECTION round 0: result REJECTED
2022-02-12 06:45:54,825 [fbc88013-4e58-4ce2-8f92-86967c0fe77f@group-6C01376EE677-LeaderElection24] INFO  server.RaftServer$Division (RaftServerImpl.java:setRole(290)) - fbc88013-4e58-4ce2-8f92-86967c0fe77f@group-6C01376EE677: changes role from CANDIDATE to FOLLOWER at term 4 for REJECTED
2022-02-12 06:45:54,825 [fbc88013-4e58-4ce2-8f92-86967c0fe77f@group-6C01376EE677-LeaderElection24] INFO  impl.RoleInfo (RoleInfo.java:shutdownLeaderElection(121)) - fbc88013-4e58-4ce2-8f92-86967c0fe77f: shutdown fbc88013-4e58-4ce2-8f92-86967c0fe77f@group-6C01376EE677-LeaderElection24
2022-02-12 06:45:54,825 [fbc88013-4e58-4ce2-8f92-86967c0fe77f@group-6C01376EE677-LeaderElection24] INFO  impl.RoleInfo (RoleInfo.java:updateAndGet(130)) - fbc88013-4e58-4ce2-8f92-86967c0fe77f: start fbc88013-4e58-4ce2-8f92-86967c0fe77f@group-6C01376EE677-FollowerState
2022-02-12 06:45:55,649 [Time-limited test] INFO  ozone.MiniOzoneClusterImpl (MiniOzoneClusterImpl.java:lambda$waitForHddsDatanodesStop$3(373)) - Waiting on 1 datanodes out of 2 to be marked unhealthy.
2022-02-12 06:45:56,649 [Time-limited test] INFO  ozone.MiniOzoneClusterImpl (MiniOzoneClusterImpl.java:lambda$waitForHddsDatanodesStop$3(373)) - Waiting on 1 datanodes out of 2 to be marked unhealthy.
2022-02-12 06:45:57,650 [Time-limited test] INFO  ozone.MiniOzoneClusterImpl (MiniOzoneClusterImpl.java:lambda$waitForHddsDatanodesStop$3(373)) - Waiting on 1 datanodes out of 2 to be marked unhealthy.
2022-02-12 06:45:58,650 [Time-limited test] INFO  ozone.MiniOzoneClusterImpl (MiniOzoneClusterImpl.java:lambda$waitForHddsDatanodesStop$3(373)) - Waiting on 1 datanodes out of 2 to be marked unhealthy.
2022-02-12 06:45:59,651 [Time-limited test] INFO  ozone.MiniOzoneClusterImpl (MiniOzoneClusterImpl.java:lambda$waitForHddsDatanodesStop$3(373)) - Waiting on 1 datanodes out of 2 to be marked unhealthy.
2022-02-12 06:45:59,796 [fbc88013-4e58-4ce2-8f92-86967c0fe77f@group-07E8C718409E-FollowerState] INFO  impl.FollowerState (FollowerState.java:run(134)) - fbc88013-4e58-4ce2-8f92-86967c0fe77f@group-07E8C718409E-FollowerState: change to CANDIDATE, lastRpcElapsedTime:5170805100ns, electionTimeout:5160ms
2022-02-12 06:45:59,797 [fbc88013-4e58-4ce2-8f92-86967c0fe77f@group-07E8C718409E-FollowerState] INFO  impl.RoleInfo (RoleInfo.java:shutdownFollowerState(108)) - fbc88013-4e58-4ce2-8f92-86967c0fe77f: shutdown fbc88013-4e58-4ce2-8f92-86967c0fe77f@group-07E8C718409E-FollowerState
2022-02-12 06:45:59,797 [fbc88013-4e58-4ce2-8f92-86967c0fe77f@group-07E8C718409E-FollowerState] INFO  server.RaftServer$Division (RaftServerImpl.java:setRole(290)) - fbc88013-4e58-4ce2-8f92-86967c0fe77f@group-07E8C718409E: changes role from  FOLLOWER to CANDIDATE at term 2 for changeToCandidate
2022-02-12 06:45:59,797 [fbc88013-4e58-4ce2-8f92-86967c0fe77f@group-07E8C718409E-FollowerState] INFO  server.RaftServerConfigKeys (ConfUtils.java:logGet(44)) - raft.server.leaderelection.pre-vote = false (custom)
2022-02-12 06:45:59,797 [fbc88013-4e58-4ce2-8f92-86967c0fe77f@group-07E8C718409E-FollowerState] INFO  impl.RoleInfo (RoleInfo.java:updateAndGet(130)) - fbc88013-4e58-4ce2-8f92-86967c0fe77f: start fbc88013-4e58-4ce2-8f92-86967c0fe77f@group-07E8C718409E-LeaderElection25
2022-02-12 06:45:59,804 [fbc88013-4e58-4ce2-8f92-86967c0fe77f@group-07E8C718409E-LeaderElection25] INFO  impl.LeaderElection (LeaderElection.java:askForVotes(306)) - fbc88013-4e58-4ce2-8f92-86967c0fe77f@group-07E8C718409E-LeaderElection25 ELECTION round 0: submit vote requests at term 3 for 0: [2db57d0a-e0a4-4c64-8073-50a45d71dc35|rpc:10.1.0.21:37195|dataStream:|priority:0, 6b353d4f-0834-494e-9b42-b1853adf5598|rpc:10.1.0.21:46567|dataStream:|priority:1, fbc88013-4e58-4ce2-8f92-86967c0fe77f|rpc:10.1.0.21:45123|dataStream:|priority:0], old=null
2022-02-12 06:45:59,810 [fbc88013-4e58-4ce2-8f92-86967c0fe77f@group-07E8C718409E-LeaderElection25] INFO  impl.LeaderElection (LogUtils.java:infoOrTrace(137)) - fbc88013-4e58-4ce2-8f92-86967c0fe77f@group-07E8C718409E-LeaderElection25 got exception when requesting votes: java.util.concurrent.ExecutionException: org.apache.ratis.thirdparty.io.grpc.StatusRuntimeException: UNAVAILABLE: io exception
2022-02-12 06:45:59,810 [fbc88013-4e58-4ce2-8f92-86967c0fe77f@group-07E8C718409E-LeaderElection25] INFO  impl.LeaderElection (LogUtils.java:infoOrTrace(137)) - fbc88013-4e58-4ce2-8f92-86967c0fe77f@group-07E8C718409E-LeaderElection25 got exception when requesting votes: java.util.concurrent.ExecutionException: org.apache.ratis.thirdparty.io.grpc.StatusRuntimeException: UNAVAILABLE: io exception
2022-02-12 06:45:59,810 [fbc88013-4e58-4ce2-8f92-86967c0fe77f@group-07E8C718409E-LeaderElection25] INFO  impl.LeaderElection (LeaderElection.java:logAndReturn(89)) - fbc88013-4e58-4ce2-8f92-86967c0fe77f@group-07E8C718409E-LeaderElection25: ELECTION REJECTED received 0 response(s) and 2 exception(s):
2022-02-12 06:45:59,810 [fbc88013-4e58-4ce2-8f92-86967c0fe77f@group-07E8C718409E-LeaderElection25] INFO  impl.LeaderElection (LogUtils.java:infoOrTrace(137)) -   Exception 0: java.util.concurrent.ExecutionException: org.apache.ratis.thirdparty.io.grpc.StatusRuntimeException: UNAVAILABLE: io exception
2022-02-12 06:45:59,810 [fbc88013-4e58-4ce2-8f92-86967c0fe77f@group-07E8C718409E-LeaderElection25] INFO  impl.LeaderElection (LogUtils.java:infoOrTrace(137)) -   Exception 1: java.util.concurrent.ExecutionException: org.apache.ratis.thirdparty.io.grpc.StatusRuntimeException: UNAVAILABLE: io exception
2022-02-12 06:45:59,810 [fbc88013-4e58-4ce2-8f92-86967c0fe77f@group-07E8C718409E-LeaderElection25] INFO  impl.LeaderElection (LeaderElection.java:askForVotes(308)) - fbc88013-4e58-4ce2-8f92-86967c0fe77f@group-07E8C718409E-LeaderElection25 ELECTION round 0: result REJECTED
2022-02-12 06:45:59,810 [fbc88013-4e58-4ce2-8f92-86967c0fe77f@group-07E8C718409E-LeaderElection25] INFO  server.RaftServer$Division (RaftServerImpl.java:setRole(290)) - fbc88013-4e58-4ce2-8f92-86967c0fe77f@group-07E8C718409E: changes role from CANDIDATE to FOLLOWER at term 3 for REJECTED
2022-02-12 06:45:59,812 [fbc88013-4e58-4ce2-8f92-86967c0fe77f@group-07E8C718409E-LeaderElection25] INFO  impl.RoleInfo (RoleInfo.java:shutdownLeaderElection(121)) - fbc88013-4e58-4ce2-8f92-86967c0fe77f: shutdown fbc88013-4e58-4ce2-8f92-86967c0fe77f@group-07E8C718409E-LeaderElection25
2022-02-12 06:45:59,812 [fbc88013-4e58-4ce2-8f92-86967c0fe77f@group-07E8C718409E-LeaderElection25] INFO  impl.RoleInfo (RoleInfo.java:updateAndGet(130)) - fbc88013-4e58-4ce2-8f92-86967c0fe77f: start fbc88013-4e58-4ce2-8f92-86967c0fe77f@group-07E8C718409E-FollowerState
2022-02-12 06:45:59,905 [fbc88013-4e58-4ce2-8f92-86967c0fe77f@group-6C01376EE677-FollowerState] INFO  impl.FollowerState (FollowerState.java:run(134)) - fbc88013-4e58-4ce2-8f92-86967c0fe77f@group-6C01376EE677-FollowerState: change to CANDIDATE, lastRpcElapsedTime:5079648966ns, electionTimeout:5078ms
2022-02-12 06:45:59,905 [fbc88013-4e58-4ce2-8f92-86967c0fe77f@group-6C01376EE677-FollowerState] INFO  impl.RoleInfo (RoleInfo.java:shutdownFollowerState(108)) - fbc88013-4e58-4ce2-8f92-86967c0fe77f: shutdown fbc88013-4e58-4ce2-8f92-86967c0fe77f@group-6C01376EE677-FollowerState
2022-02-12 06:45:59,905 [fbc88013-4e58-4ce2-8f92-86967c0fe77f@group-6C01376EE677-FollowerState] INFO  server.RaftServer$Division (RaftServerImpl.java:setRole(290)) - fbc88013-4e58-4ce2-8f92-86967c0fe77f@group-6C01376EE677: changes role from  FOLLOWER to CANDIDATE at term 4 for changeToCandidate
2022-02-12 06:45:59,905 [fbc88013-4e58-4ce2-8f92-86967c0fe77f@group-6C01376EE677-FollowerState] INFO  server.RaftServerConfigKeys (ConfUtils.java:logGet(44)) - raft.server.leaderelection.pre-vote = false (custom)
2022-02-12 06:45:59,905 [fbc88013-4e58-4ce2-8f92-86967c0fe77f@group-6C01376EE677-FollowerState] INFO  impl.RoleInfo (RoleInfo.java:updateAndGet(130)) - fbc88013-4e58-4ce2-8f92-86967c0fe77f: start fbc88013-4e58-4ce2-8f92-86967c0fe77f@group-6C01376EE677-LeaderElection26
2022-02-12 06:45:59,914 [fbc88013-4e58-4ce2-8f92-86967c0fe77f@group-6C01376EE677-LeaderElection26] INFO  impl.LeaderElection (LeaderElection.java:askForVotes(306)) - fbc88013-4e58-4ce2-8f92-86967c0fe77f@group-6C01376EE677-LeaderElection26 ELECTION round 0: submit vote requests at term 5 for -1: [2db57d0a-e0a4-4c64-8073-50a45d71dc35|rpc:10.1.0.21:37195|dataStream:|priority:0, 6b353d4f-0834-494e-9b42-b1853adf5598|rpc:10.1.0.21:46567|dataStream:|priority:0, fbc88013-4e58-4ce2-8f92-86967c0fe77f|rpc:10.1.0.21:45123|dataStream:|priority:1], old=null
2022-02-12 06:45:59,922 [fbc88013-4e58-4ce2-8f92-86967c0fe77f@group-6C01376EE677-LeaderElection26] INFO  impl.LeaderElection (LogUtils.java:infoOrTrace(137)) - fbc88013-4e58-4ce2-8f92-86967c0fe77f@group-6C01376EE677-LeaderElection26 got exception when requesting votes: java.util.concurrent.ExecutionException: org.apache.ratis.thirdparty.io.grpc.StatusRuntimeException: UNAVAILABLE: io exception
2022-02-12 06:45:59,923 [fbc88013-4e58-4ce2-8f92-86967c0fe77f@group-6C01376EE677-LeaderElection26] INFO  impl.LeaderElection (LogUtils.java:infoOrTrace(137)) - fbc88013-4e58-4ce2-8f92-86967c0fe77f@group-6C01376EE677-LeaderElection26 got exception when requesting votes: java.util.concurrent.ExecutionException: org.apache.ratis.thirdparty.io.grpc.StatusRuntimeException: UNAVAILABLE: io exception
2022-02-12 06:45:59,923 [fbc88013-4e58-4ce2-8f92-86967c0fe77f@group-6C01376EE677-LeaderElection26] INFO  impl.LeaderElection (LeaderElection.java:logAndReturn(89)) - fbc88013-4e58-4ce2-8f92-86967c0fe77f@group-6C01376EE677-LeaderElection26: ELECTION REJECTED received 0 response(s) and 2 exception(s):
2022-02-12 06:45:59,923 [fbc88013-4e58-4ce2-8f92-86967c0fe77f@group-6C01376EE677-LeaderElection26] INFO  impl.LeaderElection (LogUtils.java:infoOrTrace(137)) -   Exception 0: java.util.concurrent.ExecutionException: org.apache.ratis.thirdparty.io.grpc.StatusRuntimeException: UNAVAILABLE: io exception
2022-02-12 06:45:59,923 [fbc88013-4e58-4ce2-8f92-86967c0fe77f@group-6C01376EE677-LeaderElection26] INFO  impl.LeaderElection (LogUtils.java:infoOrTrace(137)) -   Exception 1: java.util.concurrent.ExecutionException: org.apache.ratis.thirdparty.io.grpc.StatusRuntimeException: UNAVAILABLE: io exception
2022-02-12 06:45:59,923 [fbc88013-4e58-4ce2-8f92-86967c0fe77f@group-6C01376EE677-LeaderElection26] INFO  impl.LeaderElection (LeaderElection.java:askForVotes(308)) - fbc88013-4e58-4ce2-8f92-86967c0fe77f@group-6C01376EE677-LeaderElection26 ELECTION round 0: result REJECTED
2022-02-12 06:45:59,928 [fbc88013-4e58-4ce2-8f92-86967c0fe77f@group-6C01376EE677-LeaderElection26] INFO  server.RaftServer$Division (RaftServerImpl.java:setRole(290)) - fbc88013-4e58-4ce2-8f92-86967c0fe77f@group-6C01376EE677: changes role from CANDIDATE to FOLLOWER at term 5 for REJECTED
2022-02-12 06:45:59,928 [fbc88013-4e58-4ce2-8f92-86967c0fe77f@group-6C01376EE677-LeaderElection26] INFO  impl.RoleInfo (RoleInfo.java:shutdownLeaderElection(121)) - fbc88013-4e58-4ce2-8f92-86967c0fe77f: shutdown fbc88013-4e58-4ce2-8f92-86967c0fe77f@group-6C01376EE677-LeaderElection26
2022-02-12 06:45:59,929 [fbc88013-4e58-4ce2-8f92-86967c0fe77f@group-6C01376EE677-LeaderElection26] INFO  impl.RoleInfo (RoleInfo.java:updateAndGet(130)) - fbc88013-4e58-4ce2-8f92-86967c0fe77f: start fbc88013-4e58-4ce2-8f92-86967c0fe77f@group-6C01376EE677-FollowerState
2022-02-12 06:46:00,651 [Time-limited test] INFO  ozone.MiniOzoneClusterImpl (MiniOzoneClusterImpl.java:lambda$waitForHddsDatanodesStop$3(373)) - Waiting on 1 datanodes out of 2 to be marked unhealthy.
2022-02-12 06:46:01,651 [Time-limited test] INFO  ozone.MiniOzoneClusterImpl (MiniOzoneClusterImpl.java:lambda$waitForHddsDatanodesStop$3(373)) - Waiting on 1 datanodes out of 2 to be marked unhealthy.
2022-02-12 06:46:02,652 [Time-limited test] INFO  ozone.MiniOzoneClusterImpl (MiniOzoneClusterImpl.java:lambda$waitForHddsDatanodesStop$3(373)) - Waiting on 1 datanodes out of 2 to be marked unhealthy.
2022-02-12 06:46:03,652 [Time-limited test] INFO  ozone.MiniOzoneClusterImpl (MiniOzoneClusterImpl.java:lambda$waitForHddsDatanodesStop$3(373)) - Waiting on 1 datanodes out of 2 to be marked unhealthy.
2022-02-12 06:46:04,652 [Time-limited test] INFO  ozone.MiniOzoneClusterImpl (MiniOzoneClusterImpl.java:lambda$waitForHddsDatanodesStop$3(373)) - Waiting on 1 datanodes out of 2 to be marked unhealthy.
2022-02-12 06:46:04,978 [fbc88013-4e58-4ce2-8f92-86967c0fe77f@group-07E8C718409E-FollowerState] INFO  impl.FollowerState (FollowerState.java:run(134)) - fbc88013-4e58-4ce2-8f92-86967c0fe77f@group-07E8C718409E-FollowerState: change to CANDIDATE, lastRpcElapsedTime:5165652694ns, electionTimeout:5161ms
2022-02-12 06:46:04,978 [fbc88013-4e58-4ce2-8f92-86967c0fe77f@group-07E8C718409E-FollowerState] INFO  impl.RoleInfo (RoleInfo.java:shutdownFollowerState(108)) - fbc88013-4e58-4ce2-8f92-86967c0fe77f: shutdown fbc88013-4e58-4ce2-8f92-86967c0fe77f@group-07E8C718409E-FollowerState
2022-02-12 06:46:04,978 [fbc88013-4e58-4ce2-8f92-86967c0fe77f@group-07E8C718409E-FollowerState] INFO  server.RaftServer$Division (RaftServerImpl.java:setRole(290)) - fbc88013-4e58-4ce2-8f92-86967c0fe77f@group-07E8C718409E: changes role from  FOLLOWER to CANDIDATE at term 3 for changeToCandidate
2022-02-12 06:46:04,978 [fbc88013-4e58-4ce2-8f92-86967c0fe77f@group-07E8C718409E-FollowerState] INFO  server.RaftServerConfigKeys (ConfUtils.java:logGet(44)) - raft.server.leaderelection.pre-vote = false (custom)
2022-02-12 06:46:04,978 [fbc88013-4e58-4ce2-8f92-86967c0fe77f@group-07E8C718409E-FollowerState] INFO  impl.RoleInfo (RoleInfo.java:updateAndGet(130)) - fbc88013-4e58-4ce2-8f92-86967c0fe77f: start fbc88013-4e58-4ce2-8f92-86967c0fe77f@group-07E8C718409E-LeaderElection27
2022-02-12 06:46:04,989 [fbc88013-4e58-4ce2-8f92-86967c0fe77f@group-07E8C718409E-LeaderElection27] INFO  impl.LeaderElection (LeaderElection.java:askForVotes(306)) - fbc88013-4e58-4ce2-8f92-86967c0fe77f@group-07E8C718409E-LeaderElection27 ELECTION round 0: submit vote requests at term 4 for 0: [2db57d0a-e0a4-4c64-8073-50a45d71dc35|rpc:10.1.0.21:37195|dataStream:|priority:0, 6b353d4f-0834-494e-9b42-b1853adf5598|rpc:10.1.0.21:46567|dataStream:|priority:1, fbc88013-4e58-4ce2-8f92-86967c0fe77f|rpc:10.1.0.21:45123|dataStream:|priority:0], old=null
2022-02-12 06:46:04,992 [fbc88013-4e58-4ce2-8f92-86967c0fe77f@group-07E8C718409E-LeaderElection27] INFO  impl.LeaderElection (LogUtils.java:infoOrTrace(137)) - fbc88013-4e58-4ce2-8f92-86967c0fe77f@group-07E8C718409E-LeaderElection27 got exception when requesting votes: java.util.concurrent.ExecutionException: org.apache.ratis.thirdparty.io.grpc.StatusRuntimeException: UNAVAILABLE: io exception
2022-02-12 06:46:04,992 [fbc88013-4e58-4ce2-8f92-86967c0fe77f@group-07E8C718409E-LeaderElection27] INFO  impl.LeaderElection (LogUtils.java:infoOrTrace(137)) - fbc88013-4e58-4ce2-8f92-86967c0fe77f@group-07E8C718409E-LeaderElection27 got exception when requesting votes: java.util.concurrent.ExecutionException: org.apache.ratis.thirdparty.io.grpc.StatusRuntimeException: UNAVAILABLE: io exception
2022-02-12 06:46:04,993 [fbc88013-4e58-4ce2-8f92-86967c0fe77f@group-07E8C718409E-LeaderElection27] INFO  impl.LeaderElection (LeaderElection.java:logAndReturn(89)) - fbc88013-4e58-4ce2-8f92-86967c0fe77f@group-07E8C718409E-LeaderElection27: ELECTION REJECTED received 0 response(s) and 2 exception(s):
2022-02-12 06:46:04,993 [fbc88013-4e58-4ce2-8f92-86967c0fe77f@group-07E8C718409E-LeaderElection27] INFO  impl.LeaderElection (LogUtils.java:infoOrTrace(137)) -   Exception 0: java.util.concurrent.ExecutionException: org.apache.ratis.thirdparty.io.grpc.StatusRuntimeException: UNAVAILABLE: io exception
2022-02-12 06:46:04,993 [fbc88013-4e58-4ce2-8f92-86967c0fe77f@group-07E8C718409E-LeaderElection27] INFO  impl.LeaderElection (LogUtils.java:infoOrTrace(137)) -   Exception 1: java.util.concurrent.ExecutionException: org.apache.ratis.thirdparty.io.grpc.StatusRuntimeException: UNAVAILABLE: io exception
2022-02-12 06:46:04,993 [fbc88013-4e58-4ce2-8f92-86967c0fe77f@group-07E8C718409E-LeaderElection27] INFO  impl.LeaderElection (LeaderElection.java:askForVotes(308)) - fbc88013-4e58-4ce2-8f92-86967c0fe77f@group-07E8C718409E-LeaderElection27 ELECTION round 0: result REJECTED
2022-02-12 06:46:04,993 [fbc88013-4e58-4ce2-8f92-86967c0fe77f@group-07E8C718409E-LeaderElection27] INFO  server.RaftServer$Division (RaftServerImpl.java:setRole(290)) - fbc88013-4e58-4ce2-8f92-86967c0fe77f@group-07E8C718409E: changes role from CANDIDATE to FOLLOWER at term 4 for REJECTED
2022-02-12 06:46:04,993 [fbc88013-4e58-4ce2-8f92-86967c0fe77f@group-07E8C718409E-LeaderElection27] INFO  impl.RoleInfo (RoleInfo.java:shutdownLeaderElection(121)) - fbc88013-4e58-4ce2-8f92-86967c0fe77f: shutdown fbc88013-4e58-4ce2-8f92-86967c0fe77f@group-07E8C718409E-LeaderElection27
2022-02-12 06:46:04,993 [fbc88013-4e58-4ce2-8f92-86967c0fe77f@group-07E8C718409E-LeaderElection27] INFO  impl.RoleInfo (RoleInfo.java:updateAndGet(130)) - fbc88013-4e58-4ce2-8f92-86967c0fe77f: start fbc88013-4e58-4ce2-8f92-86967c0fe77f@group-07E8C718409E-FollowerState
2022-02-12 06:46:05,071 [fbc88013-4e58-4ce2-8f92-86967c0fe77f@group-6C01376EE677-FollowerState] INFO  impl.FollowerState (FollowerState.java:run(134)) - fbc88013-4e58-4ce2-8f92-86967c0fe77f@group-6C01376EE677-FollowerState: change to CANDIDATE, lastRpcElapsedTime:5142147775ns, electionTimeout:5133ms
2022-02-12 06:46:05,071 [fbc88013-4e58-4ce2-8f92-86967c0fe77f@group-6C01376EE677-FollowerState] INFO  impl.RoleInfo (RoleInfo.java:shutdownFollowerState(108)) - fbc88013-4e58-4ce2-8f92-86967c0fe77f: shutdown fbc88013-4e58-4ce2-8f92-86967c0fe77f@group-6C01376EE677-FollowerState
2022-02-12 06:46:05,071 [fbc88013-4e58-4ce2-8f92-86967c0fe77f@group-6C01376EE677-FollowerState] INFO  server.RaftServer$Division (RaftServerImpl.java:setRole(290)) - fbc88013-4e58-4ce2-8f92-86967c0fe77f@group-6C01376EE677: changes role from  FOLLOWER to CANDIDATE at term 5 for changeToCandidate
2022-02-12 06:46:05,071 [fbc88013-4e58-4ce2-8f92-86967c0fe77f@group-6C01376EE677-FollowerState] INFO  server.RaftServerConfigKeys (ConfUtils.java:logGet(44)) - raft.server.leaderelection.pre-vote = false (custom)
2022-02-12 06:46:05,071 [fbc88013-4e58-4ce2-8f92-86967c0fe77f@group-6C01376EE677-FollowerState] INFO  impl.RoleInfo (RoleInfo.java:updateAndGet(130)) - fbc88013-4e58-4ce2-8f92-86967c0fe77f: start fbc88013-4e58-4ce2-8f92-86967c0fe77f@group-6C01376EE677-LeaderElection28
2022-02-12 06:46:05,079 [fbc88013-4e58-4ce2-8f92-86967c0fe77f@group-6C01376EE677-LeaderElection28] INFO  impl.LeaderElection (LeaderElection.java:askForVotes(306)) - fbc88013-4e58-4ce2-8f92-86967c0fe77f@group-6C01376EE677-LeaderElection28 ELECTION round 0: submit vote requests at term 6 for -1: [2db57d0a-e0a4-4c64-8073-50a45d71dc35|rpc:10.1.0.21:37195|dataStream:|priority:0, 6b353d4f-0834-494e-9b42-b1853adf5598|rpc:10.1.0.21:46567|dataStream:|priority:0, fbc88013-4e58-4ce2-8f92-86967c0fe77f|rpc:10.1.0.21:45123|dataStream:|priority:1], old=null
2022-02-12 06:46:05,088 [fbc88013-4e58-4ce2-8f92-86967c0fe77f@group-6C01376EE677-LeaderElection28] INFO  impl.LeaderElection (LogUtils.java:infoOrTrace(137)) - fbc88013-4e58-4ce2-8f92-86967c0fe77f@group-6C01376EE677-LeaderElection28 got exception when requesting votes: java.util.concurrent.ExecutionException: org.apache.ratis.thirdparty.io.grpc.StatusRuntimeException: UNAVAILABLE: io exception
2022-02-12 06:46:05,092 [fbc88013-4e58-4ce2-8f92-86967c0fe77f@group-6C01376EE677-LeaderElection28] INFO  impl.LeaderElection (LogUtils.java:infoOrTrace(137)) - fbc88013-4e58-4ce2-8f92-86967c0fe77f@group-6C01376EE677-LeaderElection28 got exception when requesting votes: java.util.concurrent.ExecutionException: org.apache.ratis.thirdparty.io.grpc.StatusRuntimeException: UNAVAILABLE: io exception
2022-02-12 06:46:05,092 [fbc88013-4e58-4ce2-8f92-86967c0fe77f@group-6C01376EE677-LeaderElection28] INFO  impl.LeaderElection (LeaderElection.java:logAndReturn(89)) - fbc88013-4e58-4ce2-8f92-86967c0fe77f@group-6C01376EE677-LeaderElection28: ELECTION REJECTED received 0 response(s) and 2 exception(s):
2022-02-12 06:46:05,092 [fbc88013-4e58-4ce2-8f92-86967c0fe77f@group-6C01376EE677-LeaderElection28] INFO  impl.LeaderElection (LogUtils.java:infoOrTrace(137)) -   Exception 0: java.util.concurrent.ExecutionException: org.apache.ratis.thirdparty.io.grpc.StatusRuntimeException: UNAVAILABLE: io exception
2022-02-12 06:46:05,092 [fbc88013-4e58-4ce2-8f92-86967c0fe77f@group-6C01376EE677-LeaderElection28] INFO  impl.LeaderElection (LogUtils.java:infoOrTrace(137)) -   Exception 1: java.util.concurrent.ExecutionException: org.apache.ratis.thirdparty.io.grpc.StatusRuntimeException: UNAVAILABLE: io exception
2022-02-12 06:46:05,093 [fbc88013-4e58-4ce2-8f92-86967c0fe77f@group-6C01376EE677-LeaderElection28] INFO  impl.LeaderElection (LeaderElection.java:askForVotes(308)) - fbc88013-4e58-4ce2-8f92-86967c0fe77f@group-6C01376EE677-LeaderElection28 ELECTION round 0: result REJECTED
2022-02-12 06:46:05,095 [fbc88013-4e58-4ce2-8f92-86967c0fe77f@group-6C01376EE677-LeaderElection28] INFO  server.RaftServer$Division (RaftServerImpl.java:setRole(290)) - fbc88013-4e58-4ce2-8f92-86967c0fe77f@group-6C01376EE677: changes role from CANDIDATE to FOLLOWER at term 6 for REJECTED
2022-02-12 06:46:05,095 [fbc88013-4e58-4ce2-8f92-86967c0fe77f@group-6C01376EE677-LeaderElection28] INFO  impl.RoleInfo (RoleInfo.java:shutdownLeaderElection(121)) - fbc88013-4e58-4ce2-8f92-86967c0fe77f: shutdown fbc88013-4e58-4ce2-8f92-86967c0fe77f@group-6C01376EE677-LeaderElection28
2022-02-12 06:46:05,095 [fbc88013-4e58-4ce2-8f92-86967c0fe77f@group-6C01376EE677-LeaderElection28] INFO  impl.RoleInfo (RoleInfo.java:updateAndGet(130)) - fbc88013-4e58-4ce2-8f92-86967c0fe77f: start fbc88013-4e58-4ce2-8f92-86967c0fe77f@group-6C01376EE677-FollowerState
2022-02-12 06:46:05,653 [Time-limited test] INFO  ozone.MiniOzoneClusterImpl (MiniOzoneClusterImpl.java:lambda$waitForHddsDatanodesStop$3(373)) - Waiting on 1 datanodes out of 2 to be marked unhealthy.
2022-02-12 06:46:06,653 [Time-limited test] INFO  ozone.MiniOzoneClusterImpl (MiniOzoneClusterImpl.java:lambda$waitForHddsDatanodesStop$3(373)) - Waiting on 1 datanodes out of 2 to be marked unhealthy.
2022-02-12 06:46:07,653 [Time-limited test] INFO  ozone.MiniOzoneClusterImpl (MiniOzoneClusterImpl.java:lambda$waitForHddsDatanodesStop$3(373)) - Waiting on 1 datanodes out of 2 to be marked unhealthy.
2022-02-12 06:46:08,654 [Time-limited test] INFO  ozone.MiniOzoneClusterImpl (MiniOzoneClusterImpl.java:lambda$waitForHddsDatanodesStop$3(373)) - Waiting on 1 datanodes out of 2 to be marked unhealthy.
2022-02-12 06:46:09,654 [Time-limited test] INFO  ozone.MiniOzoneClusterImpl (MiniOzoneClusterImpl.java:lambda$waitForHddsDatanodesStop$3(373)) - Waiting on 1 datanodes out of 2 to be marked unhealthy.
2022-02-12 06:46:10,151 [fbc88013-4e58-4ce2-8f92-86967c0fe77f@group-07E8C718409E-FollowerState] INFO  impl.FollowerState (FollowerState.java:run(134)) - fbc88013-4e58-4ce2-8f92-86967c0fe77f@group-07E8C718409E-FollowerState: change to CANDIDATE, lastRpcElapsedTime:5158264156ns, electionTimeout:5147ms
2022-02-12 06:46:10,151 [fbc88013-4e58-4ce2-8f92-86967c0fe77f@group-07E8C718409E-FollowerState] INFO  impl.RoleInfo (RoleInfo.java:shutdownFollowerState(108)) - fbc88013-4e58-4ce2-8f92-86967c0fe77f: shutdown fbc88013-4e58-4ce2-8f92-86967c0fe77f@group-07E8C718409E-FollowerState
2022-02-12 06:46:10,151 [fbc88013-4e58-4ce2-8f92-86967c0fe77f@group-07E8C718409E-FollowerState] INFO  server.RaftServer$Division (RaftServerImpl.java:setRole(290)) - fbc88013-4e58-4ce2-8f92-86967c0fe77f@group-07E8C718409E: changes role from  FOLLOWER to CANDIDATE at term 4 for changeToCandidate
2022-02-12 06:46:10,151 [fbc88013-4e58-4ce2-8f92-86967c0fe77f@group-07E8C718409E-FollowerState] INFO  server.RaftServerConfigKeys (ConfUtils.java:logGet(44)) - raft.server.leaderelection.pre-vote = false (custom)
2022-02-12 06:46:10,152 [fbc88013-4e58-4ce2-8f92-86967c0fe77f@group-07E8C718409E-FollowerState] INFO  impl.RoleInfo (RoleInfo.java:updateAndGet(130)) - fbc88013-4e58-4ce2-8f92-86967c0fe77f: start fbc88013-4e58-4ce2-8f92-86967c0fe77f@group-07E8C718409E-LeaderElection29
2022-02-12 06:46:10,163 [fbc88013-4e58-4ce2-8f92-86967c0fe77f@group-07E8C718409E-LeaderElection29] INFO  impl.LeaderElection (LeaderElection.java:askForVotes(306)) - fbc88013-4e58-4ce2-8f92-86967c0fe77f@group-07E8C718409E-LeaderElection29 ELECTION round 0: submit vote requests at term 5 for 0: [2db57d0a-e0a4-4c64-8073-50a45d71dc35|rpc:10.1.0.21:37195|dataStream:|priority:0, 6b353d4f-0834-494e-9b42-b1853adf5598|rpc:10.1.0.21:46567|dataStream:|priority:1, fbc88013-4e58-4ce2-8f92-86967c0fe77f|rpc:10.1.0.21:45123|dataStream:|priority:0], old=null
2022-02-12 06:46:10,165 [fbc88013-4e58-4ce2-8f92-86967c0fe77f@group-07E8C718409E-LeaderElection29] INFO  impl.LeaderElection (LogUtils.java:infoOrTrace(137)) - fbc88013-4e58-4ce2-8f92-86967c0fe77f@group-07E8C718409E-LeaderElection29 got exception when requesting votes: java.util.concurrent.ExecutionException: org.apache.ratis.thirdparty.io.grpc.StatusRuntimeException: UNAVAILABLE: io exception
2022-02-12 06:46:10,169 [fbc88013-4e58-4ce2-8f92-86967c0fe77f@group-07E8C718409E-LeaderElection29] INFO  impl.LeaderElection (LogUtils.java:infoOrTrace(137)) - fbc88013-4e58-4ce2-8f92-86967c0fe77f@group-07E8C718409E-LeaderElection29 got exception when requesting votes: java.util.concurrent.ExecutionException: org.apache.ratis.thirdparty.io.grpc.StatusRuntimeException: UNAVAILABLE: io exception
2022-02-12 06:46:10,169 [fbc88013-4e58-4ce2-8f92-86967c0fe77f@group-07E8C718409E-LeaderElection29] INFO  impl.LeaderElection (LeaderElection.java:logAndReturn(89)) - fbc88013-4e58-4ce2-8f92-86967c0fe77f@group-07E8C718409E-LeaderElection29: ELECTION REJECTED received 0 response(s) and 2 exception(s):
2022-02-12 06:46:10,169 [fbc88013-4e58-4ce2-8f92-86967c0fe77f@group-07E8C718409E-LeaderElection29] INFO  impl.LeaderElection (LogUtils.java:infoOrTrace(137)) -   Exception 0: java.util.concurrent.ExecutionException: org.apache.ratis.thirdparty.io.grpc.StatusRuntimeException: UNAVAILABLE: io exception
2022-02-12 06:46:10,169 [fbc88013-4e58-4ce2-8f92-86967c0fe77f@group-07E8C718409E-LeaderElection29] INFO  impl.LeaderElection (LogUtils.java:infoOrTrace(137)) -   Exception 1: java.util.concurrent.ExecutionException: org.apache.ratis.thirdparty.io.grpc.StatusRuntimeException: UNAVAILABLE: io exception
2022-02-12 06:46:10,169 [fbc88013-4e58-4ce2-8f92-86967c0fe77f@group-07E8C718409E-LeaderElection29] INFO  impl.LeaderElection (LeaderElection.java:askForVotes(308)) - fbc88013-4e58-4ce2-8f92-86967c0fe77f@group-07E8C718409E-LeaderElection29 ELECTION round 0: result REJECTED
2022-02-12 06:46:10,169 [fbc88013-4e58-4ce2-8f92-86967c0fe77f@group-07E8C718409E-LeaderElection29] INFO  server.RaftServer$Division (RaftServerImpl.java:setRole(290)) - fbc88013-4e58-4ce2-8f92-86967c0fe77f@group-07E8C718409E: changes role from CANDIDATE to FOLLOWER at term 5 for REJECTED
2022-02-12 06:46:10,169 [fbc88013-4e58-4ce2-8f92-86967c0fe77f@group-07E8C718409E-LeaderElection29] INFO  impl.RoleInfo (RoleInfo.java:shutdownLeaderElection(121)) - fbc88013-4e58-4ce2-8f92-86967c0fe77f: shutdown fbc88013-4e58-4ce2-8f92-86967c0fe77f@group-07E8C718409E-LeaderElection29
2022-02-12 06:46:10,169 [fbc88013-4e58-4ce2-8f92-86967c0fe77f@group-07E8C718409E-LeaderElection29] INFO  impl.RoleInfo (RoleInfo.java:updateAndGet(130)) - fbc88013-4e58-4ce2-8f92-86967c0fe77f: start fbc88013-4e58-4ce2-8f92-86967c0fe77f@group-07E8C718409E-FollowerState
2022-02-12 06:46:10,180 [fbc88013-4e58-4ce2-8f92-86967c0fe77f@group-6C01376EE677-FollowerState] INFO  impl.FollowerState (FollowerState.java:run(134)) - fbc88013-4e58-4ce2-8f92-86967c0fe77f@group-6C01376EE677-FollowerState: change to CANDIDATE, lastRpcElapsedTime:5085439672ns, electionTimeout:5080ms
2022-02-12 06:46:10,180 [fbc88013-4e58-4ce2-8f92-86967c0fe77f@group-6C01376EE677-FollowerState] INFO  impl.RoleInfo (RoleInfo.java:shutdownFollowerState(108)) - fbc88013-4e58-4ce2-8f92-86967c0fe77f: shutdown fbc88013-4e58-4ce2-8f92-86967c0fe77f@group-6C01376EE677-FollowerState
2022-02-12 06:46:10,180 [fbc88013-4e58-4ce2-8f92-86967c0fe77f@group-6C01376EE677-FollowerState] INFO  server.RaftServer$Division (RaftServerImpl.java:setRole(290)) - fbc88013-4e58-4ce2-8f92-86967c0fe77f@group-6C01376EE677: changes role from  FOLLOWER to CANDIDATE at term 6 for changeToCandidate
2022-02-12 06:46:10,181 [fbc88013-4e58-4ce2-8f92-86967c0fe77f@group-6C01376EE677-FollowerState] INFO  server.RaftServerConfigKeys (ConfUtils.java:logGet(44)) - raft.server.leaderelection.pre-vote = false (custom)
2022-02-12 06:46:10,181 [fbc88013-4e58-4ce2-8f92-86967c0fe77f@group-6C01376EE677-FollowerState] INFO  impl.RoleInfo (RoleInfo.java:updateAndGet(130)) - fbc88013-4e58-4ce2-8f92-86967c0fe77f: start fbc88013-4e58-4ce2-8f92-86967c0fe77f@group-6C01376EE677-LeaderElection30
2022-02-12 06:46:10,190 [fbc88013-4e58-4ce2-8f92-86967c0fe77f@group-6C01376EE677-LeaderElection30] INFO  impl.LeaderElection (LeaderElection.java:askForVotes(306)) - fbc88013-4e58-4ce2-8f92-86967c0fe77f@group-6C01376EE677-LeaderElection30 ELECTION round 0: submit vote requests at term 7 for -1: [2db57d0a-e0a4-4c64-8073-50a45d71dc35|rpc:10.1.0.21:37195|dataStream:|priority:0, 6b353d4f-0834-494e-9b42-b1853adf5598|rpc:10.1.0.21:46567|dataStream:|priority:0, fbc88013-4e58-4ce2-8f92-86967c0fe77f|rpc:10.1.0.21:45123|dataStream:|priority:1], old=null
2022-02-12 06:46:10,198 [fbc88013-4e58-4ce2-8f92-86967c0fe77f@group-6C01376EE677-LeaderElection30] INFO  impl.LeaderElection (LogUtils.java:infoOrTrace(137)) - fbc88013-4e58-4ce2-8f92-86967c0fe77f@group-6C01376EE677-LeaderElection30 got exception when requesting votes: java.util.concurrent.ExecutionException: org.apache.ratis.thirdparty.io.grpc.StatusRuntimeException: UNAVAILABLE: io exception
2022-02-12 06:46:10,198 [fbc88013-4e58-4ce2-8f92-86967c0fe77f@group-6C01376EE677-LeaderElection30] INFO  impl.LeaderElection (LogUtils.java:infoOrTrace(137)) - fbc88013-4e58-4ce2-8f92-86967c0fe77f@group-6C01376EE677-LeaderElection30 got exception when requesting votes: java.util.concurrent.ExecutionException: org.apache.ratis.thirdparty.io.grpc.StatusRuntimeException: UNAVAILABLE: io exception
2022-02-12 06:46:10,198 [fbc88013-4e58-4ce2-8f92-86967c0fe77f@group-6C01376EE677-LeaderElection30] INFO  impl.LeaderElection (LeaderElection.java:logAndReturn(89)) - fbc88013-4e58-4ce2-8f92-86967c0fe77f@group-6C01376EE677-LeaderElection30: ELECTION REJECTED received 0 response(s) and 2 exception(s):
2022-02-12 06:46:10,198 [fbc88013-4e58-4ce2-8f92-86967c0fe77f@group-6C01376EE677-LeaderElection30] INFO  impl.LeaderElection (LogUtils.java:infoOrTrace(137)) -   Exception 0: java.util.concurrent.ExecutionException: org.apache.ratis.thirdparty.io.grpc.StatusRuntimeException: UNAVAILABLE: io exception
2022-02-12 06:46:10,198 [fbc88013-4e58-4ce2-8f92-86967c0fe77f@group-6C01376EE677-LeaderElection30] INFO  impl.LeaderElection (LogUtils.java:infoOrTrace(137)) -   Exception 1: java.util.concurrent.ExecutionException: org.apache.ratis.thirdparty.io.grpc.StatusRuntimeException: UNAVAILABLE: io exception
2022-02-12 06:46:10,198 [fbc88013-4e58-4ce2-8f92-86967c0fe77f@group-6C01376EE677-LeaderElection30] INFO  impl.LeaderElection (LeaderElection.java:askForVotes(308)) - fbc88013-4e58-4ce2-8f92-86967c0fe77f@group-6C01376EE677-LeaderElection30 ELECTION round 0: result REJECTED
2022-02-12 06:46:10,198 [fbc88013-4e58-4ce2-8f92-86967c0fe77f@group-6C01376EE677-LeaderElection30] INFO  server.RaftServer$Division (RaftServerImpl.java:setRole(290)) - fbc88013-4e58-4ce2-8f92-86967c0fe77f@group-6C01376EE677: changes role from CANDIDATE to FOLLOWER at term 7 for REJECTED
2022-02-12 06:46:10,198 [fbc88013-4e58-4ce2-8f92-86967c0fe77f@group-6C01376EE677-LeaderElection30] INFO  impl.RoleInfo (RoleInfo.java:shutdownLeaderElection(121)) - fbc88013-4e58-4ce2-8f92-86967c0fe77f: shutdown fbc88013-4e58-4ce2-8f92-86967c0fe77f@group-6C01376EE677-LeaderElection30
2022-02-12 06:46:10,198 [fbc88013-4e58-4ce2-8f92-86967c0fe77f@group-6C01376EE677-LeaderElection30] INFO  impl.RoleInfo (RoleInfo.java:updateAndGet(130)) - fbc88013-4e58-4ce2-8f92-86967c0fe77f: start fbc88013-4e58-4ce2-8f92-86967c0fe77f@group-6C01376EE677-FollowerState
2022-02-12 06:46:10,655 [Time-limited test] INFO  ozone.MiniOzoneClusterImpl (MiniOzoneClusterImpl.java:lambda$waitForHddsDatanodesStop$3(373)) - Waiting on 1 datanodes out of 2 to be marked unhealthy.
2022-02-12 06:46:11,655 [Time-limited test] INFO  ozone.MiniOzoneClusterImpl (MiniOzoneClusterImpl.java:lambda$waitForHddsDatanodesStop$3(373)) - Waiting on 1 datanodes out of 2 to be marked unhealthy.
2022-02-12 06:46:12,655 [Time-limited test] INFO  ozone.MiniOzoneClusterImpl (MiniOzoneClusterImpl.java:lambda$waitForHddsDatanodesStop$3(373)) - Waiting on 1 datanodes out of 2 to be marked unhealthy.
2022-02-12 06:46:13,656 [Time-limited test] INFO  ozone.MiniOzoneClusterImpl (MiniOzoneClusterImpl.java:lambda$waitForHddsDatanodesStop$3(373)) - Waiting on 1 datanodes out of 2 to be marked unhealthy.
2022-02-12 06:46:14,656 [Time-limited test] INFO  ozone.MiniOzoneClusterImpl (MiniOzoneClusterImpl.java:lambda$waitForHddsDatanodesStop$3(373)) - Waiting on 1 datanodes out of 2 to be marked unhealthy.
2022-02-12 06:46:15,330 [fbc88013-4e58-4ce2-8f92-86967c0fe77f@group-6C01376EE677-FollowerState] INFO  impl.FollowerState (FollowerState.java:run(134)) - fbc88013-4e58-4ce2-8f92-86967c0fe77f@group-6C01376EE677-FollowerState: change to CANDIDATE, lastRpcElapsedTime:5132111067ns, electionTimeout:5130ms
2022-02-12 06:46:15,331 [fbc88013-4e58-4ce2-8f92-86967c0fe77f@group-6C01376EE677-FollowerState] INFO  impl.RoleInfo (RoleInfo.java:shutdownFollowerState(108)) - fbc88013-4e58-4ce2-8f92-86967c0fe77f: shutdown fbc88013-4e58-4ce2-8f92-86967c0fe77f@group-6C01376EE677-FollowerState
2022-02-12 06:46:15,331 [fbc88013-4e58-4ce2-8f92-86967c0fe77f@group-6C01376EE677-FollowerState] INFO  server.RaftServer$Division (RaftServerImpl.java:setRole(290)) - fbc88013-4e58-4ce2-8f92-86967c0fe77f@group-6C01376EE677: changes role from  FOLLOWER to CANDIDATE at term 7 for changeToCandidate
2022-02-12 06:46:15,331 [fbc88013-4e58-4ce2-8f92-86967c0fe77f@group-6C01376EE677-FollowerState] INFO  server.RaftServerConfigKeys (ConfUtils.java:logGet(44)) - raft.server.leaderelection.pre-vote = false (custom)
2022-02-12 06:46:15,331 [fbc88013-4e58-4ce2-8f92-86967c0fe77f@group-6C01376EE677-FollowerState] INFO  impl.RoleInfo (RoleInfo.java:updateAndGet(130)) - fbc88013-4e58-4ce2-8f92-86967c0fe77f: start fbc88013-4e58-4ce2-8f92-86967c0fe77f@group-6C01376EE677-LeaderElection31
2022-02-12 06:46:15,338 [fbc88013-4e58-4ce2-8f92-86967c0fe77f@group-6C01376EE677-LeaderElection31] INFO  impl.LeaderElection (LeaderElection.java:askForVotes(306)) - fbc88013-4e58-4ce2-8f92-86967c0fe77f@group-6C01376EE677-LeaderElection31 ELECTION round 0: submit vote requests at term 8 for -1: [2db57d0a-e0a4-4c64-8073-50a45d71dc35|rpc:10.1.0.21:37195|dataStream:|priority:0, 6b353d4f-0834-494e-9b42-b1853adf5598|rpc:10.1.0.21:46567|dataStream:|priority:0, fbc88013-4e58-4ce2-8f92-86967c0fe77f|rpc:10.1.0.21:45123|dataStream:|priority:1], old=null
2022-02-12 06:46:15,344 [fbc88013-4e58-4ce2-8f92-86967c0fe77f@group-07E8C718409E-FollowerState] INFO  impl.FollowerState (FollowerState.java:run(134)) - fbc88013-4e58-4ce2-8f92-86967c0fe77f@group-07E8C718409E-FollowerState: change to CANDIDATE, lastRpcElapsedTime:5175239250ns, electionTimeout:5168ms
2022-02-12 06:46:15,344 [fbc88013-4e58-4ce2-8f92-86967c0fe77f@group-07E8C718409E-FollowerState] INFO  impl.RoleInfo (RoleInfo.java:shutdownFollowerState(108)) - fbc88013-4e58-4ce2-8f92-86967c0fe77f: shutdown fbc88013-4e58-4ce2-8f92-86967c0fe77f@group-07E8C718409E-FollowerState
2022-02-12 06:46:15,344 [fbc88013-4e58-4ce2-8f92-86967c0fe77f@group-07E8C718409E-FollowerState] INFO  server.RaftServer$Division (RaftServerImpl.java:setRole(290)) - fbc88013-4e58-4ce2-8f92-86967c0fe77f@group-07E8C718409E: changes role from  FOLLOWER to CANDIDATE at term 5 for changeToCandidate
2022-02-12 06:46:15,344 [fbc88013-4e58-4ce2-8f92-86967c0fe77f@group-07E8C718409E-FollowerState] INFO  server.RaftServerConfigKeys (ConfUtils.java:logGet(44)) - raft.server.leaderelection.pre-vote = false (custom)
2022-02-12 06:46:15,345 [fbc88013-4e58-4ce2-8f92-86967c0fe77f@group-07E8C718409E-FollowerState] INFO  impl.RoleInfo (RoleInfo.java:updateAndGet(130)) - fbc88013-4e58-4ce2-8f92-86967c0fe77f: start fbc88013-4e58-4ce2-8f92-86967c0fe77f@group-07E8C718409E-LeaderElection32
2022-02-12 06:46:15,349 [fbc88013-4e58-4ce2-8f92-86967c0fe77f@group-6C01376EE677-LeaderElection31] INFO  impl.LeaderElection (LogUtils.java:infoOrTrace(137)) - fbc88013-4e58-4ce2-8f92-86967c0fe77f@group-6C01376EE677-LeaderElection31 got exception when requesting votes: java.util.concurrent.ExecutionException: org.apache.ratis.thirdparty.io.grpc.StatusRuntimeException: UNAVAILABLE: io exception
2022-02-12 06:46:15,355 [fbc88013-4e58-4ce2-8f92-86967c0fe77f@group-6C01376EE677-LeaderElection31] INFO  impl.LeaderElection (LogUtils.java:infoOrTrace(137)) - fbc88013-4e58-4ce2-8f92-86967c0fe77f@group-6C01376EE677-LeaderElection31 got exception when requesting votes: java.util.concurrent.ExecutionException: org.apache.ratis.thirdparty.io.grpc.StatusRuntimeException: UNAVAILABLE: io exception
2022-02-12 06:46:15,355 [fbc88013-4e58-4ce2-8f92-86967c0fe77f@group-6C01376EE677-LeaderElection31] INFO  impl.LeaderElection (LeaderElection.java:logAndReturn(89)) - fbc88013-4e58-4ce2-8f92-86967c0fe77f@group-6C01376EE677-LeaderElection31: ELECTION REJECTED received 0 response(s) and 2 exception(s):
2022-02-12 06:46:15,355 [fbc88013-4e58-4ce2-8f92-86967c0fe77f@group-6C01376EE677-LeaderElection31] INFO  impl.LeaderElection (LogUtils.java:infoOrTrace(137)) -   Exception 0: java.util.concurrent.ExecutionException: org.apache.ratis.thirdparty.io.grpc.StatusRuntimeException: UNAVAILABLE: io exception
2022-02-12 06:46:15,355 [fbc88013-4e58-4ce2-8f92-86967c0fe77f@group-6C01376EE677-LeaderElection31] INFO  impl.LeaderElection (LogUtils.java:infoOrTrace(137)) -   Exception 1: java.util.concurrent.ExecutionException: org.apache.ratis.thirdparty.io.grpc.StatusRuntimeException: UNAVAILABLE: io exception
2022-02-12 06:46:15,356 [fbc88013-4e58-4ce2-8f92-86967c0fe77f@group-6C01376EE677-LeaderElection31] INFO  impl.LeaderElection (LeaderElection.java:askForVotes(308)) - fbc88013-4e58-4ce2-8f92-86967c0fe77f@group-6C01376EE677-LeaderElection31 ELECTION round 0: result REJECTED
2022-02-12 06:46:15,356 [fbc88013-4e58-4ce2-8f92-86967c0fe77f@group-6C01376EE677-LeaderElection31] INFO  server.RaftServer$Division (RaftServerImpl.java:setRole(290)) - fbc88013-4e58-4ce2-8f92-86967c0fe77f@group-6C01376EE677: changes role from CANDIDATE to FOLLOWER at term 8 for REJECTED
2022-02-12 06:46:15,356 [fbc88013-4e58-4ce2-8f92-86967c0fe77f@group-6C01376EE677-LeaderElection31] INFO  impl.RoleInfo (RoleInfo.java:shutdownLeaderElection(121)) - fbc88013-4e58-4ce2-8f92-86967c0fe77f: shutdown fbc88013-4e58-4ce2-8f92-86967c0fe77f@group-6C01376EE677-LeaderElection31
2022-02-12 06:46:15,356 [fbc88013-4e58-4ce2-8f92-86967c0fe77f@group-6C01376EE677-LeaderElection31] INFO  impl.RoleInfo (RoleInfo.java:updateAndGet(130)) - fbc88013-4e58-4ce2-8f92-86967c0fe77f: start fbc88013-4e58-4ce2-8f92-86967c0fe77f@group-6C01376EE677-FollowerState
2022-02-12 06:46:15,365 [fbc88013-4e58-4ce2-8f92-86967c0fe77f@group-07E8C718409E-LeaderElection32] INFO  impl.LeaderElection (LeaderElection.java:askForVotes(306)) - fbc88013-4e58-4ce2-8f92-86967c0fe77f@group-07E8C718409E-LeaderElection32 ELECTION round 0: submit vote requests at term 6 for 0: [2db57d0a-e0a4-4c64-8073-50a45d71dc35|rpc:10.1.0.21:37195|dataStream:|priority:0, 6b353d4f-0834-494e-9b42-b1853adf5598|rpc:10.1.0.21:46567|dataStream:|priority:1, fbc88013-4e58-4ce2-8f92-86967c0fe77f|rpc:10.1.0.21:45123|dataStream:|priority:0], old=null
2022-02-12 06:46:15,378 [fbc88013-4e58-4ce2-8f92-86967c0fe77f@group-07E8C718409E-LeaderElection32] INFO  impl.LeaderElection (LogUtils.java:infoOrTrace(137)) - fbc88013-4e58-4ce2-8f92-86967c0fe77f@group-07E8C718409E-LeaderElection32 got exception when requesting votes: java.util.concurrent.ExecutionException: org.apache.ratis.thirdparty.io.grpc.StatusRuntimeException: UNAVAILABLE: io exception
2022-02-12 06:46:15,380 [fbc88013-4e58-4ce2-8f92-86967c0fe77f@group-07E8C718409E-LeaderElection32] INFO  impl.LeaderElection (LogUtils.java:infoOrTrace(137)) - fbc88013-4e58-4ce2-8f92-86967c0fe77f@group-07E8C718409E-LeaderElection32 got exception when requesting votes: java.util.concurrent.ExecutionException: org.apache.ratis.thirdparty.io.grpc.StatusRuntimeException: UNAVAILABLE: io exception
2022-02-12 06:46:15,380 [fbc88013-4e58-4ce2-8f92-86967c0fe77f@group-07E8C718409E-LeaderElection32] INFO  impl.LeaderElection (LeaderElection.java:logAndReturn(89)) - fbc88013-4e58-4ce2-8f92-86967c0fe77f@group-07E8C718409E-LeaderElection32: ELECTION REJECTED received 0 response(s) and 2 exception(s):
2022-02-12 06:46:15,380 [fbc88013-4e58-4ce2-8f92-86967c0fe77f@group-07E8C718409E-LeaderElection32] INFO  impl.LeaderElection (LogUtils.java:infoOrTrace(137)) -   Exception 0: java.util.concurrent.ExecutionException: org.apache.ratis.thirdparty.io.grpc.StatusRuntimeException: UNAVAILABLE: io exception
2022-02-12 06:46:15,380 [fbc88013-4e58-4ce2-8f92-86967c0fe77f@group-07E8C718409E-LeaderElection32] INFO  impl.LeaderElection (LogUtils.java:infoOrTrace(137)) -   Exception 1: java.util.concurrent.ExecutionException: org.apache.ratis.thirdparty.io.grpc.StatusRuntimeException: UNAVAILABLE: io exception
2022-02-12 06:46:15,381 [fbc88013-4e58-4ce2-8f92-86967c0fe77f@group-07E8C718409E-LeaderElection32] INFO  impl.LeaderElection (LeaderElection.java:askForVotes(308)) - fbc88013-4e58-4ce2-8f92-86967c0fe77f@group-07E8C718409E-LeaderElection32 ELECTION round 0: result REJECTED
2022-02-12 06:46:15,381 [fbc88013-4e58-4ce2-8f92-86967c0fe77f@group-07E8C718409E-LeaderElection32] INFO  server.RaftServer$Division (RaftServerImpl.java:setRole(290)) - fbc88013-4e58-4ce2-8f92-86967c0fe77f@group-07E8C718409E: changes role from CANDIDATE to FOLLOWER at term 6 for REJECTED
2022-02-12 06:46:15,381 [fbc88013-4e58-4ce2-8f92-86967c0fe77f@group-07E8C718409E-LeaderElection32] INFO  impl.RoleInfo (RoleInfo.java:shutdownLeaderElection(121)) - fbc88013-4e58-4ce2-8f92-86967c0fe77f: shutdown fbc88013-4e58-4ce2-8f92-86967c0fe77f@group-07E8C718409E-LeaderElection32
2022-02-12 06:46:15,381 [fbc88013-4e58-4ce2-8f92-86967c0fe77f@group-07E8C718409E-LeaderElection32] INFO  impl.RoleInfo (RoleInfo.java:updateAndGet(130)) - fbc88013-4e58-4ce2-8f92-86967c0fe77f: start fbc88013-4e58-4ce2-8f92-86967c0fe77f@group-07E8C718409E-FollowerState
2022-02-12 06:46:15,656 [Time-limited test] INFO  ozone.MiniOzoneClusterImpl (MiniOzoneClusterImpl.java:lambda$waitForHddsDatanodesStop$3(373)) - Waiting on 1 datanodes out of 2 to be marked unhealthy.
2022-02-12 06:46:16,657 [Time-limited test] INFO  ozone.MiniOzoneClusterImpl (MiniOzoneClusterImpl.java:lambda$waitForHddsDatanodesStop$3(373)) - Waiting on 1 datanodes out of 2 to be marked unhealthy.
2022-02-12 06:46:17,657 [Time-limited test] INFO  ozone.MiniOzoneClusterImpl (MiniOzoneClusterImpl.java:lambda$waitForHddsDatanodesStop$3(373)) - Waiting on 1 datanodes out of 2 to be marked unhealthy.
2022-02-12 06:46:18,657 [Time-limited test] INFO  ozone.MiniOzoneClusterImpl (MiniOzoneClusterImpl.java:lambda$waitForHddsDatanodesStop$3(373)) - Waiting on 1 datanodes out of 2 to be marked unhealthy.
2022-02-12 06:46:19,658 [Time-limited test] INFO  ozone.MiniOzoneClusterImpl (MiniOzoneClusterImpl.java:lambda$waitForHddsDatanodesStop$3(373)) - Waiting on 1 datanodes out of 2 to be marked unhealthy.
2022-02-12 06:46:20,373 [fbc88013-4e58-4ce2-8f92-86967c0fe77f@group-6C01376EE677-FollowerState] INFO  impl.FollowerState (FollowerState.java:run(134)) - fbc88013-4e58-4ce2-8f92-86967c0fe77f@group-6C01376EE677-FollowerState: change to CANDIDATE, lastRpcElapsedTime:5017377882ns, electionTimeout:5013ms
2022-02-12 06:46:20,373 [fbc88013-4e58-4ce2-8f92-86967c0fe77f@group-6C01376EE677-FollowerState] INFO  impl.RoleInfo (RoleInfo.java:shutdownFollowerState(108)) - fbc88013-4e58-4ce2-8f92-86967c0fe77f: shutdown fbc88013-4e58-4ce2-8f92-86967c0fe77f@group-6C01376EE677-FollowerState
2022-02-12 06:46:20,373 [fbc88013-4e58-4ce2-8f92-86967c0fe77f@group-6C01376EE677-FollowerState] INFO  server.RaftServer$Division (RaftServerImpl.java:setRole(290)) - fbc88013-4e58-4ce2-8f92-86967c0fe77f@group-6C01376EE677: changes role from  FOLLOWER to CANDIDATE at term 8 for changeToCandidate
2022-02-12 06:46:20,373 [fbc88013-4e58-4ce2-8f92-86967c0fe77f@group-6C01376EE677-FollowerState] INFO  server.RaftServerConfigKeys (ConfUtils.java:logGet(44)) - raft.server.leaderelection.pre-vote = false (custom)
2022-02-12 06:46:20,374 [fbc88013-4e58-4ce2-8f92-86967c0fe77f@group-6C01376EE677-FollowerState] INFO  impl.RoleInfo (RoleInfo.java:updateAndGet(130)) - fbc88013-4e58-4ce2-8f92-86967c0fe77f: start fbc88013-4e58-4ce2-8f92-86967c0fe77f@group-6C01376EE677-LeaderElection33
2022-02-12 06:46:20,392 [fbc88013-4e58-4ce2-8f92-86967c0fe77f@group-6C01376EE677-LeaderElection33] INFO  impl.LeaderElection (LeaderElection.java:askForVotes(306)) - fbc88013-4e58-4ce2-8f92-86967c0fe77f@group-6C01376EE677-LeaderElection33 ELECTION round 0: submit vote requests at term 9 for -1: [2db57d0a-e0a4-4c64-8073-50a45d71dc35|rpc:10.1.0.21:37195|dataStream:|priority:0, 6b353d4f-0834-494e-9b42-b1853adf5598|rpc:10.1.0.21:46567|dataStream:|priority:0, fbc88013-4e58-4ce2-8f92-86967c0fe77f|rpc:10.1.0.21:45123|dataStream:|priority:1], old=null
2022-02-12 06:46:20,395 [fbc88013-4e58-4ce2-8f92-86967c0fe77f@group-6C01376EE677-LeaderElection33] INFO  impl.LeaderElection (LogUtils.java:infoOrTrace(137)) - fbc88013-4e58-4ce2-8f92-86967c0fe77f@group-6C01376EE677-LeaderElection33 got exception when requesting votes: java.util.concurrent.ExecutionException: org.apache.ratis.thirdparty.io.grpc.StatusRuntimeException: UNAVAILABLE: io exception
2022-02-12 06:46:20,398 [fbc88013-4e58-4ce2-8f92-86967c0fe77f@group-6C01376EE677-LeaderElection33] INFO  impl.LeaderElection (LogUtils.java:infoOrTrace(137)) - fbc88013-4e58-4ce2-8f92-86967c0fe77f@group-6C01376EE677-LeaderElection33 got exception when requesting votes: java.util.concurrent.ExecutionException: org.apache.ratis.thirdparty.io.grpc.StatusRuntimeException: UNAVAILABLE: io exception
2022-02-12 06:46:20,398 [fbc88013-4e58-4ce2-8f92-86967c0fe77f@group-6C01376EE677-LeaderElection33] INFO  impl.LeaderElection (LeaderElection.java:logAndReturn(89)) - fbc88013-4e58-4ce2-8f92-86967c0fe77f@group-6C01376EE677-LeaderElection33: ELECTION REJECTED received 0 response(s) and 2 exception(s):
2022-02-12 06:46:20,398 [fbc88013-4e58-4ce2-8f92-86967c0fe77f@group-6C01376EE677-LeaderElection33] INFO  impl.LeaderElection (LogUtils.java:infoOrTrace(137)) -   Exception 0: java.util.concurrent.ExecutionException: org.apache.ratis.thirdparty.io.grpc.StatusRuntimeException: UNAVAILABLE: io exception
2022-02-12 06:46:20,398 [fbc88013-4e58-4ce2-8f92-86967c0fe77f@group-6C01376EE677-LeaderElection33] INFO  impl.LeaderElection (LogUtils.java:infoOrTrace(137)) -   Exception 1: java.util.concurrent.ExecutionException: org.apache.ratis.thirdparty.io.grpc.StatusRuntimeException: UNAVAILABLE: io exception
2022-02-12 06:46:20,398 [fbc88013-4e58-4ce2-8f92-86967c0fe77f@group-6C01376EE677-LeaderElection33] INFO  impl.LeaderElection (LeaderElection.java:askForVotes(308)) - fbc88013-4e58-4ce2-8f92-86967c0fe77f@group-6C01376EE677-LeaderElection33 ELECTION round 0: result REJECTED
2022-02-12 06:46:20,398 [fbc88013-4e58-4ce2-8f92-86967c0fe77f@group-6C01376EE677-LeaderElection33] INFO  server.RaftServer$Division (RaftServerImpl.java:setRole(290)) - fbc88013-4e58-4ce2-8f92-86967c0fe77f@group-6C01376EE677: changes role from CANDIDATE to FOLLOWER at term 9 for REJECTED
2022-02-12 06:46:20,398 [fbc88013-4e58-4ce2-8f92-86967c0fe77f@group-6C01376EE677-LeaderElection33] INFO  impl.RoleInfo (RoleInfo.java:shutdownLeaderElection(121)) - fbc88013-4e58-4ce2-8f92-86967c0fe77f: shutdown fbc88013-4e58-4ce2-8f92-86967c0fe77f@group-6C01376EE677-LeaderElection33
2022-02-12 06:46:20,398 [fbc88013-4e58-4ce2-8f92-86967c0fe77f@group-6C01376EE677-LeaderElection33] INFO  impl.RoleInfo (RoleInfo.java:updateAndGet(130)) - fbc88013-4e58-4ce2-8f92-86967c0fe77f: start fbc88013-4e58-4ce2-8f92-86967c0fe77f@group-6C01376EE677-FollowerState
2022-02-12 06:46:20,405 [fbc88013-4e58-4ce2-8f92-86967c0fe77f@group-07E8C718409E-FollowerState] INFO  impl.FollowerState (FollowerState.java:run(134)) - fbc88013-4e58-4ce2-8f92-86967c0fe77f@group-07E8C718409E-FollowerState: change to CANDIDATE, lastRpcElapsedTime:5024681280ns, electionTimeout:5017ms
2022-02-12 06:46:20,406 [fbc88013-4e58-4ce2-8f92-86967c0fe77f@group-07E8C718409E-FollowerState] INFO  impl.RoleInfo (RoleInfo.java:shutdownFollowerState(108)) - fbc88013-4e58-4ce2-8f92-86967c0fe77f: shutdown fbc88013-4e58-4ce2-8f92-86967c0fe77f@group-07E8C718409E-FollowerState
2022-02-12 06:46:20,406 [fbc88013-4e58-4ce2-8f92-86967c0fe77f@group-07E8C718409E-FollowerState] INFO  server.RaftServer$Division (RaftServerImpl.java:setRole(290)) - fbc88013-4e58-4ce2-8f92-86967c0fe77f@group-07E8C718409E: changes role from  FOLLOWER to CANDIDATE at term 6 for changeToCandidate
2022-02-12 06:46:20,406 [fbc88013-4e58-4ce2-8f92-86967c0fe77f@group-07E8C718409E-FollowerState] INFO  server.RaftServerConfigKeys (ConfUtils.java:logGet(44)) - raft.server.leaderelection.pre-vote = false (custom)
2022-02-12 06:46:20,406 [fbc88013-4e58-4ce2-8f92-86967c0fe77f@group-07E8C718409E-FollowerState] INFO  impl.RoleInfo (RoleInfo.java:updateAndGet(130)) - fbc88013-4e58-4ce2-8f92-86967c0fe77f: start fbc88013-4e58-4ce2-8f92-86967c0fe77f@group-07E8C718409E-LeaderElection34
2022-02-12 06:46:20,433 [fbc88013-4e58-4ce2-8f92-86967c0fe77f@group-07E8C718409E-LeaderElection34] INFO  impl.LeaderElection (LeaderElection.java:askForVotes(306)) - fbc88013-4e58-4ce2-8f92-86967c0fe77f@group-07E8C718409E-LeaderElection34 ELECTION round 0: submit vote requests at term 7 for 0: [2db57d0a-e0a4-4c64-8073-50a45d71dc35|rpc:10.1.0.21:37195|dataStream:|priority:0, 6b353d4f-0834-494e-9b42-b1853adf5598|rpc:10.1.0.21:46567|dataStream:|priority:1, fbc88013-4e58-4ce2-8f92-86967c0fe77f|rpc:10.1.0.21:45123|dataStream:|priority:0], old=null
2022-02-12 06:46:20,443 [fbc88013-4e58-4ce2-8f92-86967c0fe77f@group-07E8C718409E-LeaderElection34] INFO  impl.LeaderElection (LogUtils.java:infoOrTrace(137)) - fbc88013-4e58-4ce2-8f92-86967c0fe77f@group-07E8C718409E-LeaderElection34 got exception when requesting votes: java.util.concurrent.ExecutionException: org.apache.ratis.thirdparty.io.grpc.StatusRuntimeException: UNAVAILABLE: io exception
2022-02-12 06:46:20,444 [fbc88013-4e58-4ce2-8f92-86967c0fe77f@group-07E8C718409E-LeaderElection34] INFO  impl.LeaderElection (LogUtils.java:infoOrTrace(137)) - fbc88013-4e58-4ce2-8f92-86967c0fe77f@group-07E8C718409E-LeaderElection34 got exception when requesting votes: java.util.concurrent.ExecutionException: org.apache.ratis.thirdparty.io.grpc.StatusRuntimeException: UNAVAILABLE: io exception
2022-02-12 06:46:20,444 [fbc88013-4e58-4ce2-8f92-86967c0fe77f@group-07E8C718409E-LeaderElection34] INFO  impl.LeaderElection (LeaderElection.java:logAndReturn(89)) - fbc88013-4e58-4ce2-8f92-86967c0fe77f@group-07E8C718409E-LeaderElection34: ELECTION REJECTED received 0 response(s) and 2 exception(s):
2022-02-12 06:46:20,444 [fbc88013-4e58-4ce2-8f92-86967c0fe77f@group-07E8C718409E-LeaderElection34] INFO  impl.LeaderElection (LogUtils.java:infoOrTrace(137)) -   Exception 0: java.util.concurrent.ExecutionException: org.apache.ratis.thirdparty.io.grpc.StatusRuntimeException: UNAVAILABLE: io exception
2022-02-12 06:46:20,444 [fbc88013-4e58-4ce2-8f92-86967c0fe77f@group-07E8C718409E-LeaderElection34] INFO  impl.LeaderElection (LogUtils.java:infoOrTrace(137)) -   Exception 1: java.util.concurrent.ExecutionException: org.apache.ratis.thirdparty.io.grpc.StatusRuntimeException: UNAVAILABLE: io exception
2022-02-12 06:46:20,444 [fbc88013-4e58-4ce2-8f92-86967c0fe77f@group-07E8C718409E-LeaderElection34] INFO  impl.LeaderElection (LeaderElection.java:askForVotes(308)) - fbc88013-4e58-4ce2-8f92-86967c0fe77f@group-07E8C718409E-LeaderElection34 ELECTION round 0: result REJECTED
2022-02-12 06:46:20,444 [fbc88013-4e58-4ce2-8f92-86967c0fe77f@group-07E8C718409E-LeaderElection34] INFO  server.RaftServer$Division (RaftServerImpl.java:setRole(290)) - fbc88013-4e58-4ce2-8f92-86967c0fe77f@group-07E8C718409E: changes role from CANDIDATE to FOLLOWER at term 7 for REJECTED
2022-02-12 06:46:20,444 [fbc88013-4e58-4ce2-8f92-86967c0fe77f@group-07E8C718409E-LeaderElection34] INFO  impl.RoleInfo (RoleInfo.java:shutdownLeaderElection(121)) - fbc88013-4e58-4ce2-8f92-86967c0fe77f: shutdown fbc88013-4e58-4ce2-8f92-86967c0fe77f@group-07E8C718409E-LeaderElection34
2022-02-12 06:46:20,444 [fbc88013-4e58-4ce2-8f92-86967c0fe77f@group-07E8C718409E-LeaderElection34] INFO  impl.RoleInfo (RoleInfo.java:updateAndGet(130)) - fbc88013-4e58-4ce2-8f92-86967c0fe77f: start fbc88013-4e58-4ce2-8f92-86967c0fe77f@group-07E8C718409E-FollowerState
2022-02-12 06:46:20,658 [Time-limited test] INFO  ozone.MiniOzoneClusterImpl (MiniOzoneClusterImpl.java:lambda$waitForHddsDatanodesStop$3(373)) - Waiting on 1 datanodes out of 2 to be marked unhealthy.
2022-02-12 06:46:21,659 [Time-limited test] INFO  ozone.MiniOzoneClusterImpl (MiniOzoneClusterImpl.java:lambda$waitForHddsDatanodesStop$3(373)) - Waiting on 1 datanodes out of 2 to be marked unhealthy.
2022-02-12 06:46:22,659 [Time-limited test] INFO  ozone.MiniOzoneClusterImpl (MiniOzoneClusterImpl.java:lambda$waitForHddsDatanodesStop$3(373)) - Waiting on 1 datanodes out of 2 to be marked unhealthy.
2022-02-12 06:46:23,659 [Time-limited test] INFO  ozone.MiniOzoneClusterImpl (MiniOzoneClusterImpl.java:lambda$waitForHddsDatanodesStop$3(373)) - Waiting on 1 datanodes out of 2 to be marked unhealthy.
2022-02-12 06:46:24,660 [Time-limited test] INFO  ozone.MiniOzoneClusterImpl (MiniOzoneClusterImpl.java:lambda$waitForHddsDatanodesStop$3(373)) - Waiting on 1 datanodes out of 2 to be marked unhealthy.
2022-02-12 06:46:25,470 [fbc88013-4e58-4ce2-8f92-86967c0fe77f@group-07E8C718409E-FollowerState] INFO  impl.FollowerState (FollowerState.java:run(134)) - fbc88013-4e58-4ce2-8f92-86967c0fe77f@group-07E8C718409E-FollowerState: change to CANDIDATE, lastRpcElapsedTime:5025468457ns, electionTimeout:5025ms
2022-02-12 06:46:25,470 [fbc88013-4e58-4ce2-8f92-86967c0fe77f@group-07E8C718409E-FollowerState] INFO  impl.RoleInfo (RoleInfo.java:shutdownFollowerState(108)) - fbc88013-4e58-4ce2-8f92-86967c0fe77f: shutdown fbc88013-4e58-4ce2-8f92-86967c0fe77f@group-07E8C718409E-FollowerState
2022-02-12 06:46:25,470 [fbc88013-4e58-4ce2-8f92-86967c0fe77f@group-07E8C718409E-FollowerState] INFO  server.RaftServer$Division (RaftServerImpl.java:setRole(290)) - fbc88013-4e58-4ce2-8f92-86967c0fe77f@group-07E8C718409E: changes role from  FOLLOWER to CANDIDATE at term 7 for changeToCandidate
2022-02-12 06:46:25,470 [fbc88013-4e58-4ce2-8f92-86967c0fe77f@group-07E8C718409E-FollowerState] INFO  server.RaftServerConfigKeys (ConfUtils.java:logGet(44)) - raft.server.leaderelection.pre-vote = false (custom)
2022-02-12 06:46:25,470 [fbc88013-4e58-4ce2-8f92-86967c0fe77f@group-07E8C718409E-FollowerState] INFO  impl.RoleInfo (RoleInfo.java:updateAndGet(130)) - fbc88013-4e58-4ce2-8f92-86967c0fe77f: start fbc88013-4e58-4ce2-8f92-86967c0fe77f@group-07E8C718409E-LeaderElection35
2022-02-12 06:46:25,484 [fbc88013-4e58-4ce2-8f92-86967c0fe77f@group-07E8C718409E-LeaderElection35] INFO  impl.LeaderElection (LeaderElection.java:askForVotes(306)) - fbc88013-4e58-4ce2-8f92-86967c0fe77f@group-07E8C718409E-LeaderElection35 ELECTION round 0: submit vote requests at term 8 for 0: [2db57d0a-e0a4-4c64-8073-50a45d71dc35|rpc:10.1.0.21:37195|dataStream:|priority:0, 6b353d4f-0834-494e-9b42-b1853adf5598|rpc:10.1.0.21:46567|dataStream:|priority:1, fbc88013-4e58-4ce2-8f92-86967c0fe77f|rpc:10.1.0.21:45123|dataStream:|priority:0], old=null
2022-02-12 06:46:25,495 [fbc88013-4e58-4ce2-8f92-86967c0fe77f@group-07E8C718409E-LeaderElection35] INFO  impl.LeaderElection (LogUtils.java:infoOrTrace(137)) - fbc88013-4e58-4ce2-8f92-86967c0fe77f@group-07E8C718409E-LeaderElection35 got exception when requesting votes: java.util.concurrent.ExecutionException: org.apache.ratis.thirdparty.io.grpc.StatusRuntimeException: UNAVAILABLE: io exception
2022-02-12 06:46:25,496 [fbc88013-4e58-4ce2-8f92-86967c0fe77f@group-07E8C718409E-LeaderElection35] INFO  impl.LeaderElection (LogUtils.java:infoOrTrace(137)) - fbc88013-4e58-4ce2-8f92-86967c0fe77f@group-07E8C718409E-LeaderElection35 got exception when requesting votes: java.util.concurrent.ExecutionException: org.apache.ratis.thirdparty.io.grpc.StatusRuntimeException: UNAVAILABLE: io exception
2022-02-12 06:46:25,496 [fbc88013-4e58-4ce2-8f92-86967c0fe77f@group-07E8C718409E-LeaderElection35] INFO  impl.LeaderElection (LeaderElection.java:logAndReturn(89)) - fbc88013-4e58-4ce2-8f92-86967c0fe77f@group-07E8C718409E-LeaderElection35: ELECTION REJECTED received 0 response(s) and 2 exception(s):
2022-02-12 06:46:25,496 [fbc88013-4e58-4ce2-8f92-86967c0fe77f@group-07E8C718409E-LeaderElection35] INFO  impl.LeaderElection (LogUtils.java:infoOrTrace(137)) -   Exception 0: java.util.concurrent.ExecutionException: org.apache.ratis.thirdparty.io.grpc.StatusRuntimeException: UNAVAILABLE: io exception
2022-02-12 06:46:25,496 [fbc88013-4e58-4ce2-8f92-86967c0fe77f@group-07E8C718409E-LeaderElection35] INFO  impl.LeaderElection (LogUtils.java:infoOrTrace(137)) -   Exception 1: java.util.concurrent.ExecutionException: org.apache.ratis.thirdparty.io.grpc.StatusRuntimeException: UNAVAILABLE: io exception
2022-02-12 06:46:25,496 [fbc88013-4e58-4ce2-8f92-86967c0fe77f@group-07E8C718409E-LeaderElection35] INFO  impl.LeaderElection (LeaderElection.java:askForVotes(308)) - fbc88013-4e58-4ce2-8f92-86967c0fe77f@group-07E8C718409E-LeaderElection35 ELECTION round 0: result REJECTED
2022-02-12 06:46:25,496 [fbc88013-4e58-4ce2-8f92-86967c0fe77f@group-07E8C718409E-LeaderElection35] INFO  server.RaftServer$Division (RaftServerImpl.java:setRole(290)) - fbc88013-4e58-4ce2-8f92-86967c0fe77f@group-07E8C718409E: changes role from CANDIDATE to FOLLOWER at term 8 for REJECTED
2022-02-12 06:46:25,496 [fbc88013-4e58-4ce2-8f92-86967c0fe77f@group-07E8C718409E-LeaderElection35] INFO  impl.RoleInfo (RoleInfo.java:shutdownLeaderElection(121)) - fbc88013-4e58-4ce2-8f92-86967c0fe77f: shutdown fbc88013-4e58-4ce2-8f92-86967c0fe77f@group-07E8C718409E-LeaderElection35
2022-02-12 06:46:25,496 [fbc88013-4e58-4ce2-8f92-86967c0fe77f@group-07E8C718409E-LeaderElection35] INFO  impl.RoleInfo (RoleInfo.java:updateAndGet(130)) - fbc88013-4e58-4ce2-8f92-86967c0fe77f: start fbc88013-4e58-4ce2-8f92-86967c0fe77f@group-07E8C718409E-FollowerState
2022-02-12 06:46:25,578 [fbc88013-4e58-4ce2-8f92-86967c0fe77f@group-6C01376EE677-FollowerState] INFO  impl.FollowerState (FollowerState.java:run(134)) - fbc88013-4e58-4ce2-8f92-86967c0fe77f@group-6C01376EE677-FollowerState: change to CANDIDATE, lastRpcElapsedTime:5179550537ns, electionTimeout:5179ms
2022-02-12 06:46:25,578 [fbc88013-4e58-4ce2-8f92-86967c0fe77f@group-6C01376EE677-FollowerState] INFO  impl.RoleInfo (RoleInfo.java:shutdownFollowerState(108)) - fbc88013-4e58-4ce2-8f92-86967c0fe77f: shutdown fbc88013-4e58-4ce2-8f92-86967c0fe77f@group-6C01376EE677-FollowerState
2022-02-12 06:46:25,578 [fbc88013-4e58-4ce2-8f92-86967c0fe77f@group-6C01376EE677-FollowerState] INFO  server.RaftServer$Division (RaftServerImpl.java:setRole(290)) - fbc88013-4e58-4ce2-8f92-86967c0fe77f@group-6C01376EE677: changes role from  FOLLOWER to CANDIDATE at term 9 for changeToCandidate
2022-02-12 06:46:25,578 [fbc88013-4e58-4ce2-8f92-86967c0fe77f@group-6C01376EE677-FollowerState] INFO  server.RaftServerConfigKeys (ConfUtils.java:logGet(44)) - raft.server.leaderelection.pre-vote = false (custom)
2022-02-12 06:46:25,578 [fbc88013-4e58-4ce2-8f92-86967c0fe77f@group-6C01376EE677-FollowerState] INFO  impl.RoleInfo (RoleInfo.java:updateAndGet(130)) - fbc88013-4e58-4ce2-8f92-86967c0fe77f: start fbc88013-4e58-4ce2-8f92-86967c0fe77f@group-6C01376EE677-LeaderElection36
2022-02-12 06:46:25,590 [fbc88013-4e58-4ce2-8f92-86967c0fe77f@group-6C01376EE677-LeaderElection36] INFO  impl.LeaderElection (LeaderElection.java:askForVotes(306)) - fbc88013-4e58-4ce2-8f92-86967c0fe77f@group-6C01376EE677-LeaderElection36 ELECTION round 0: submit vote requests at term 10 for -1: [2db57d0a-e0a4-4c64-8073-50a45d71dc35|rpc:10.1.0.21:37195|dataStream:|priority:0, 6b353d4f-0834-494e-9b42-b1853adf5598|rpc:10.1.0.21:46567|dataStream:|priority:0, fbc88013-4e58-4ce2-8f92-86967c0fe77f|rpc:10.1.0.21:45123|dataStream:|priority:1], old=null
2022-02-12 06:46:25,601 [fbc88013-4e58-4ce2-8f92-86967c0fe77f@group-6C01376EE677-LeaderElection36] INFO  impl.LeaderElection (LogUtils.java:infoOrTrace(137)) - fbc88013-4e58-4ce2-8f92-86967c0fe77f@group-6C01376EE677-LeaderElection36 got exception when requesting votes: java.util.concurrent.ExecutionException: org.apache.ratis.thirdparty.io.grpc.StatusRuntimeException: UNAVAILABLE: io exception
2022-02-12 06:46:25,602 [fbc88013-4e58-4ce2-8f92-86967c0fe77f@group-6C01376EE677-LeaderElection36] INFO  impl.LeaderElection (LogUtils.java:infoOrTrace(137)) - fbc88013-4e58-4ce2-8f92-86967c0fe77f@group-6C01376EE677-LeaderElection36 got exception when requesting votes: java.util.concurrent.ExecutionException: org.apache.ratis.thirdparty.io.grpc.StatusRuntimeException: UNAVAILABLE: io exception
2022-02-12 06:46:25,602 [fbc88013-4e58-4ce2-8f92-86967c0fe77f@group-6C01376EE677-LeaderElection36] INFO  impl.LeaderElection (LeaderElection.java:logAndReturn(89)) - fbc88013-4e58-4ce2-8f92-86967c0fe77f@group-6C01376EE677-LeaderElection36: ELECTION REJECTED received 0 response(s) and 2 exception(s):
2022-02-12 06:46:25,602 [fbc88013-4e58-4ce2-8f92-86967c0fe77f@group-6C01376EE677-LeaderElection36] INFO  impl.LeaderElection (LogUtils.java:infoOrTrace(137)) -   Exception 0: java.util.concurrent.ExecutionException: org.apache.ratis.thirdparty.io.grpc.StatusRuntimeException: UNAVAILABLE: io exception
2022-02-12 06:46:25,602 [fbc88013-4e58-4ce2-8f92-86967c0fe77f@group-6C01376EE677-LeaderElection36] INFO  impl.LeaderElection (LogUtils.java:infoOrTrace(137)) -   Exception 1: java.util.concurrent.ExecutionException: org.apache.ratis.thirdparty.io.grpc.StatusRuntimeException: UNAVAILABLE: io exception
2022-02-12 06:46:25,602 [fbc88013-4e58-4ce2-8f92-86967c0fe77f@group-6C01376EE677-LeaderElection36] INFO  impl.LeaderElection (LeaderElection.java:askForVotes(308)) - fbc88013-4e58-4ce2-8f92-86967c0fe77f@group-6C01376EE677-LeaderElection36 ELECTION round 0: result REJECTED
2022-02-12 06:46:25,602 [fbc88013-4e58-4ce2-8f92-86967c0fe77f@group-6C01376EE677-LeaderElection36] INFO  server.RaftServer$Division (RaftServerImpl.java:setRole(290)) - fbc88013-4e58-4ce2-8f92-86967c0fe77f@group-6C01376EE677: changes role from CANDIDATE to FOLLOWER at term 10 for REJECTED
2022-02-12 06:46:25,602 [fbc88013-4e58-4ce2-8f92-86967c0fe77f@group-6C01376EE677-LeaderElection36] INFO  impl.RoleInfo (RoleInfo.java:shutdownLeaderElection(121)) - fbc88013-4e58-4ce2-8f92-86967c0fe77f: shutdown fbc88013-4e58-4ce2-8f92-86967c0fe77f@group-6C01376EE677-LeaderElection36
2022-02-12 06:46:25,602 [fbc88013-4e58-4ce2-8f92-86967c0fe77f@group-6C01376EE677-LeaderElection36] INFO  impl.RoleInfo (RoleInfo.java:updateAndGet(130)) - fbc88013-4e58-4ce2-8f92-86967c0fe77f: start fbc88013-4e58-4ce2-8f92-86967c0fe77f@group-6C01376EE677-FollowerState
2022-02-12 06:46:25,660 [Time-limited test] INFO  ozone.MiniOzoneClusterImpl (MiniOzoneClusterImpl.java:lambda$waitForHddsDatanodesStop$3(373)) - Waiting on 1 datanodes out of 2 to be marked unhealthy.
2022-02-12 06:46:26,661 [Time-limited test] INFO  ozone.MiniOzoneClusterImpl (MiniOzoneClusterImpl.java:lambda$waitForHddsDatanodesStop$3(373)) - Waiting on 1 datanodes out of 2 to be marked unhealthy.
2022-02-12 06:46:27,661 [Time-limited test] INFO  ozone.MiniOzoneClusterImpl (MiniOzoneClusterImpl.java:lambda$waitForHddsDatanodesStop$3(373)) - Waiting on 1 datanodes out of 2 to be marked unhealthy.
2022-02-12 06:46:28,661 [Time-limited test] INFO  ozone.MiniOzoneClusterImpl (MiniOzoneClusterImpl.java:lambda$waitForHddsDatanodesStop$3(373)) - Waiting on 1 datanodes out of 2 to be marked unhealthy.
2022-02-12 06:46:29,662 [Time-limited test] INFO  ozone.MiniOzoneClusterImpl (MiniOzoneClusterImpl.java:lambda$waitForHddsDatanodesStop$3(373)) - Waiting on 1 datanodes out of 2 to be marked unhealthy.
2022-02-12 06:46:30,520 [fbc88013-4e58-4ce2-8f92-86967c0fe77f@group-07E8C718409E-FollowerState] INFO  impl.FollowerState (FollowerState.java:run(134)) - fbc88013-4e58-4ce2-8f92-86967c0fe77f@group-07E8C718409E-FollowerState: change to CANDIDATE, lastRpcElapsedTime:5023792100ns, electionTimeout:5021ms
2022-02-12 06:46:30,520 [fbc88013-4e58-4ce2-8f92-86967c0fe77f@group-07E8C718409E-FollowerState] INFO  impl.RoleInfo (RoleInfo.java:shutdownFollowerState(108)) - fbc88013-4e58-4ce2-8f92-86967c0fe77f: shutdown fbc88013-4e58-4ce2-8f92-86967c0fe77f@group-07E8C718409E-FollowerState
2022-02-12 06:46:30,520 [fbc88013-4e58-4ce2-8f92-86967c0fe77f@group-07E8C718409E-FollowerState] INFO  server.RaftServer$Division (RaftServerImpl.java:setRole(290)) - fbc88013-4e58-4ce2-8f92-86967c0fe77f@group-07E8C718409E: changes role from  FOLLOWER to CANDIDATE at term 8 for changeToCandidate
2022-02-12 06:46:30,520 [fbc88013-4e58-4ce2-8f92-86967c0fe77f@group-07E8C718409E-FollowerState] INFO  server.RaftServerConfigKeys (ConfUtils.java:logGet(44)) - raft.server.leaderelection.pre-vote = false (custom)
2022-02-12 06:46:30,520 [fbc88013-4e58-4ce2-8f92-86967c0fe77f@group-07E8C718409E-FollowerState] INFO  impl.RoleInfo (RoleInfo.java:updateAndGet(130)) - fbc88013-4e58-4ce2-8f92-86967c0fe77f: start fbc88013-4e58-4ce2-8f92-86967c0fe77f@group-07E8C718409E-LeaderElection37
2022-02-12 06:46:30,534 [fbc88013-4e58-4ce2-8f92-86967c0fe77f@group-07E8C718409E-LeaderElection37] INFO  impl.LeaderElection (LeaderElection.java:askForVotes(306)) - fbc88013-4e58-4ce2-8f92-86967c0fe77f@group-07E8C718409E-LeaderElection37 ELECTION round 0: submit vote requests at term 9 for 0: [2db57d0a-e0a4-4c64-8073-50a45d71dc35|rpc:10.1.0.21:37195|dataStream:|priority:0, 6b353d4f-0834-494e-9b42-b1853adf5598|rpc:10.1.0.21:46567|dataStream:|priority:1, fbc88013-4e58-4ce2-8f92-86967c0fe77f|rpc:10.1.0.21:45123|dataStream:|priority:0], old=null
2022-02-12 06:46:30,545 [fbc88013-4e58-4ce2-8f92-86967c0fe77f@group-07E8C718409E-LeaderElection37] INFO  impl.LeaderElection (LogUtils.java:infoOrTrace(137)) - fbc88013-4e58-4ce2-8f92-86967c0fe77f@group-07E8C718409E-LeaderElection37 got exception when requesting votes: java.util.concurrent.ExecutionException: org.apache.ratis.thirdparty.io.grpc.StatusRuntimeException: UNAVAILABLE: io exception
2022-02-12 06:46:30,548 [fbc88013-4e58-4ce2-8f92-86967c0fe77f@group-07E8C718409E-LeaderElection37] INFO  impl.LeaderElection (LogUtils.java:infoOrTrace(137)) - fbc88013-4e58-4ce2-8f92-86967c0fe77f@group-07E8C718409E-LeaderElection37 got exception when requesting votes: java.util.concurrent.ExecutionException: org.apache.ratis.thirdparty.io.grpc.StatusRuntimeException: UNAVAILABLE: io exception
2022-02-12 06:46:30,548 [fbc88013-4e58-4ce2-8f92-86967c0fe77f@group-07E8C718409E-LeaderElection37] INFO  impl.LeaderElection (LeaderElection.java:logAndReturn(89)) - fbc88013-4e58-4ce2-8f92-86967c0fe77f@group-07E8C718409E-LeaderElection37: ELECTION REJECTED received 0 response(s) and 2 exception(s):
2022-02-12 06:46:30,548 [fbc88013-4e58-4ce2-8f92-86967c0fe77f@group-07E8C718409E-LeaderElection37] INFO  impl.LeaderElection (LogUtils.java:infoOrTrace(137)) -   Exception 0: java.util.concurrent.ExecutionException: org.apache.ratis.thirdparty.io.grpc.StatusRuntimeException: UNAVAILABLE: io exception
2022-02-12 06:46:30,548 [fbc88013-4e58-4ce2-8f92-86967c0fe77f@group-07E8C718409E-LeaderElection37] INFO  impl.LeaderElection (LogUtils.java:infoOrTrace(137)) -   Exception 1: java.util.concurrent.ExecutionException: org.apache.ratis.thirdparty.io.grpc.StatusRuntimeException: UNAVAILABLE: io exception
2022-02-12 06:46:30,548 [fbc88013-4e58-4ce2-8f92-86967c0fe77f@group-07E8C718409E-LeaderElection37] INFO  impl.LeaderElection (LeaderElection.java:askForVotes(308)) - fbc88013-4e58-4ce2-8f92-86967c0fe77f@group-07E8C718409E-LeaderElection37 ELECTION round 0: result REJECTED
2022-02-12 06:46:30,548 [fbc88013-4e58-4ce2-8f92-86967c0fe77f@group-07E8C718409E-LeaderElection37] INFO  server.RaftServer$Division (RaftServerImpl.java:setRole(290)) - fbc88013-4e58-4ce2-8f92-86967c0fe77f@group-07E8C718409E: changes role from CANDIDATE to FOLLOWER at term 9 for REJECTED
2022-02-12 06:46:30,548 [fbc88013-4e58-4ce2-8f92-86967c0fe77f@group-07E8C718409E-LeaderElection37] INFO  impl.RoleInfo (RoleInfo.java:shutdownLeaderElection(121)) - fbc88013-4e58-4ce2-8f92-86967c0fe77f: shutdown fbc88013-4e58-4ce2-8f92-86967c0fe77f@group-07E8C718409E-LeaderElection37
2022-02-12 06:46:30,548 [fbc88013-4e58-4ce2-8f92-86967c0fe77f@group-07E8C718409E-LeaderElection37] INFO  impl.RoleInfo (RoleInfo.java:updateAndGet(130)) - fbc88013-4e58-4ce2-8f92-86967c0fe77f: start fbc88013-4e58-4ce2-8f92-86967c0fe77f@group-07E8C718409E-FollowerState
2022-02-12 06:46:30,662 [Time-limited test] INFO  ozone.MiniOzoneClusterImpl (MiniOzoneClusterImpl.java:lambda$waitForHddsDatanodesStop$3(373)) - Waiting on 1 datanodes out of 2 to be marked unhealthy.
2022-02-12 06:46:30,676 [fbc88013-4e58-4ce2-8f92-86967c0fe77f@group-6C01376EE677-FollowerState] INFO  impl.FollowerState (FollowerState.java:run(134)) - fbc88013-4e58-4ce2-8f92-86967c0fe77f@group-6C01376EE677-FollowerState: change to CANDIDATE, lastRpcElapsedTime:5073647672ns, electionTimeout:5073ms
2022-02-12 06:46:30,676 [fbc88013-4e58-4ce2-8f92-86967c0fe77f@group-6C01376EE677-FollowerState] INFO  impl.RoleInfo (RoleInfo.java:shutdownFollowerState(108)) - fbc88013-4e58-4ce2-8f92-86967c0fe77f: shutdown fbc88013-4e58-4ce2-8f92-86967c0fe77f@group-6C01376EE677-FollowerState
2022-02-12 06:46:30,676 [fbc88013-4e58-4ce2-8f92-86967c0fe77f@group-6C01376EE677-FollowerState] INFO  server.RaftServer$Division (RaftServerImpl.java:setRole(290)) - fbc88013-4e58-4ce2-8f92-86967c0fe77f@group-6C01376EE677: changes role from  FOLLOWER to CANDIDATE at term 10 for changeToCandidate
2022-02-12 06:46:30,676 [fbc88013-4e58-4ce2-8f92-86967c0fe77f@group-6C01376EE677-FollowerState] INFO  server.RaftServerConfigKeys (ConfUtils.java:logGet(44)) - raft.server.leaderelection.pre-vote = false (custom)
2022-02-12 06:46:30,676 [fbc88013-4e58-4ce2-8f92-86967c0fe77f@group-6C01376EE677-FollowerState] INFO  impl.RoleInfo (RoleInfo.java:updateAndGet(130)) - fbc88013-4e58-4ce2-8f92-86967c0fe77f: start fbc88013-4e58-4ce2-8f92-86967c0fe77f@group-6C01376EE677-LeaderElection38
2022-02-12 06:46:30,697 [fbc88013-4e58-4ce2-8f92-86967c0fe77f@group-6C01376EE677-LeaderElection38] INFO  impl.LeaderElection (LeaderElection.java:askForVotes(306)) - fbc88013-4e58-4ce2-8f92-86967c0fe77f@group-6C01376EE677-LeaderElection38 ELECTION round 0: submit vote requests at term 11 for -1: [2db57d0a-e0a4-4c64-8073-50a45d71dc35|rpc:10.1.0.21:37195|dataStream:|priority:0, 6b353d4f-0834-494e-9b42-b1853adf5598|rpc:10.1.0.21:46567|dataStream:|priority:0, fbc88013-4e58-4ce2-8f92-86967c0fe77f|rpc:10.1.0.21:45123|dataStream:|priority:1], old=null
2022-02-12 06:46:30,705 [fbc88013-4e58-4ce2-8f92-86967c0fe77f@group-6C01376EE677-LeaderElection38] INFO  impl.LeaderElection (LogUtils.java:infoOrTrace(137)) - fbc88013-4e58-4ce2-8f92-86967c0fe77f@group-6C01376EE677-LeaderElection38 got exception when requesting votes: java.util.concurrent.ExecutionException: org.apache.ratis.thirdparty.io.grpc.StatusRuntimeException: UNAVAILABLE: io exception
2022-02-12 06:46:30,705 [fbc88013-4e58-4ce2-8f92-86967c0fe77f@group-6C01376EE677-LeaderElection38] INFO  impl.LeaderElection (LogUtils.java:infoOrTrace(137)) - fbc88013-4e58-4ce2-8f92-86967c0fe77f@group-6C01376EE677-LeaderElection38 got exception when requesting votes: java.util.concurrent.ExecutionException: org.apache.ratis.thirdparty.io.grpc.StatusRuntimeException: UNAVAILABLE: io exception
2022-02-12 06:46:30,706 [fbc88013-4e58-4ce2-8f92-86967c0fe77f@group-6C01376EE677-LeaderElection38] INFO  impl.LeaderElection (LeaderElection.java:logAndReturn(89)) - fbc88013-4e58-4ce2-8f92-86967c0fe77f@group-6C01376EE677-LeaderElection38: ELECTION REJECTED received 0 response(s) and 2 exception(s):
2022-02-12 06:46:30,706 [fbc88013-4e58-4ce2-8f92-86967c0fe77f@group-6C01376EE677-LeaderElection38] INFO  impl.LeaderElection (LogUtils.java:infoOrTrace(137)) -   Exception 0: java.util.concurrent.ExecutionException: org.apache.ratis.thirdparty.io.grpc.StatusRuntimeException: UNAVAILABLE: io exception
2022-02-12 06:46:30,706 [fbc88013-4e58-4ce2-8f92-86967c0fe77f@group-6C01376EE677-LeaderElection38] INFO  impl.LeaderElection (LogUtils.java:infoOrTrace(137)) -   Exception 1: java.util.concurrent.ExecutionException: org.apache.ratis.thirdparty.io.grpc.StatusRuntimeException: UNAVAILABLE: io exception
2022-02-12 06:46:30,706 [fbc88013-4e58-4ce2-8f92-86967c0fe77f@group-6C01376EE677-LeaderElection38] INFO  impl.LeaderElection (LeaderElection.java:askForVotes(308)) - fbc88013-4e58-4ce2-8f92-86967c0fe77f@group-6C01376EE677-LeaderElection38 ELECTION round 0: result REJECTED
2022-02-12 06:46:30,706 [fbc88013-4e58-4ce2-8f92-86967c0fe77f@group-6C01376EE677-LeaderElection38] INFO  server.RaftServer$Division (RaftServerImpl.java:setRole(290)) - fbc88013-4e58-4ce2-8f92-86967c0fe77f@group-6C01376EE677: changes role from CANDIDATE to FOLLOWER at term 11 for REJECTED
2022-02-12 06:46:30,706 [fbc88013-4e58-4ce2-8f92-86967c0fe77f@group-6C01376EE677-LeaderElection38] INFO  impl.RoleInfo (RoleInfo.java:shutdownLeaderElection(121)) - fbc88013-4e58-4ce2-8f92-86967c0fe77f: shutdown fbc88013-4e58-4ce2-8f92-86967c0fe77f@group-6C01376EE677-LeaderElection38
2022-02-12 06:46:30,706 [fbc88013-4e58-4ce2-8f92-86967c0fe77f@group-6C01376EE677-LeaderElection38] INFO  impl.RoleInfo (RoleInfo.java:updateAndGet(130)) - fbc88013-4e58-4ce2-8f92-86967c0fe77f: start fbc88013-4e58-4ce2-8f92-86967c0fe77f@group-6C01376EE677-FollowerState
2022-02-12 06:46:31,662 [Time-limited test] INFO  ozone.MiniOzoneClusterImpl (MiniOzoneClusterImpl.java:lambda$waitForHddsDatanodesStop$3(373)) - Waiting on 1 datanodes out of 2 to be marked unhealthy.
2022-02-12 06:46:32,663 [Time-limited test] INFO  ozone.MiniOzoneClusterImpl (MiniOzoneClusterImpl.java:lambda$waitForHddsDatanodesStop$3(373)) - Waiting on 1 datanodes out of 2 to be marked unhealthy.
2022-02-12 06:46:33,664 [Time-limited test] INFO  ozone.MiniOzoneClusterImpl (MiniOzoneClusterImpl.java:lambda$waitForHddsDatanodesStop$3(373)) - Waiting on 1 datanodes out of 2 to be marked unhealthy.
2022-02-12 06:46:34,665 [Time-limited test] INFO  ozone.MiniOzoneClusterImpl (MiniOzoneClusterImpl.java:lambda$waitForHddsDatanodesStop$3(373)) - Waiting on 1 datanodes out of 2 to be marked unhealthy.
2022-02-12 06:46:35,629 [fbc88013-4e58-4ce2-8f92-86967c0fe77f@group-07E8C718409E-FollowerState] INFO  impl.FollowerState (FollowerState.java:run(134)) - fbc88013-4e58-4ce2-8f92-86967c0fe77f@group-07E8C718409E-FollowerState: change to CANDIDATE, lastRpcElapsedTime:5080740735ns, electionTimeout:5068ms
2022-02-12 06:46:35,629 [fbc88013-4e58-4ce2-8f92-86967c0fe77f@group-07E8C718409E-FollowerState] INFO  impl.RoleInfo (RoleInfo.java:shutdownFollowerState(108)) - fbc88013-4e58-4ce2-8f92-86967c0fe77f: shutdown fbc88013-4e58-4ce2-8f92-86967c0fe77f@group-07E8C718409E-FollowerState
2022-02-12 06:46:35,629 [fbc88013-4e58-4ce2-8f92-86967c0fe77f@group-07E8C718409E-FollowerState] INFO  server.RaftServer$Division (RaftServerImpl.java:setRole(290)) - fbc88013-4e58-4ce2-8f92-86967c0fe77f@group-07E8C718409E: changes role from  FOLLOWER to CANDIDATE at term 9 for changeToCandidate
2022-02-12 06:46:35,629 [fbc88013-4e58-4ce2-8f92-86967c0fe77f@group-07E8C718409E-FollowerState] INFO  server.RaftServerConfigKeys (ConfUtils.java:logGet(44)) - raft.server.leaderelection.pre-vote = false (custom)
2022-02-12 06:46:35,629 [fbc88013-4e58-4ce2-8f92-86967c0fe77f@group-07E8C718409E-FollowerState] INFO  impl.RoleInfo (RoleInfo.java:updateAndGet(130)) - fbc88013-4e58-4ce2-8f92-86967c0fe77f: start fbc88013-4e58-4ce2-8f92-86967c0fe77f@group-07E8C718409E-LeaderElection39
2022-02-12 06:46:35,639 [fbc88013-4e58-4ce2-8f92-86967c0fe77f@group-07E8C718409E-LeaderElection39] INFO  impl.LeaderElection (LeaderElection.java:askForVotes(306)) - fbc88013-4e58-4ce2-8f92-86967c0fe77f@group-07E8C718409E-LeaderElection39 ELECTION round 0: submit vote requests at term 10 for 0: [2db57d0a-e0a4-4c64-8073-50a45d71dc35|rpc:10.1.0.21:37195|dataStream:|priority:0, 6b353d4f-0834-494e-9b42-b1853adf5598|rpc:10.1.0.21:46567|dataStream:|priority:1, fbc88013-4e58-4ce2-8f92-86967c0fe77f|rpc:10.1.0.21:45123|dataStream:|priority:0], old=null
2022-02-12 06:46:35,650 [fbc88013-4e58-4ce2-8f92-86967c0fe77f@group-07E8C718409E-LeaderElection39] INFO  impl.LeaderElection (LogUtils.java:infoOrTrace(137)) - fbc88013-4e58-4ce2-8f92-86967c0fe77f@group-07E8C718409E-LeaderElection39 got exception when requesting votes: java.util.concurrent.ExecutionException: org.apache.ratis.thirdparty.io.grpc.StatusRuntimeException: UNAVAILABLE: io exception
2022-02-12 06:46:35,651 [fbc88013-4e58-4ce2-8f92-86967c0fe77f@group-07E8C718409E-LeaderElection39] INFO  impl.LeaderElection (LogUtils.java:infoOrTrace(137)) - fbc88013-4e58-4ce2-8f92-86967c0fe77f@group-07E8C718409E-LeaderElection39 got exception when requesting votes: java.util.concurrent.ExecutionException: org.apache.ratis.thirdparty.io.grpc.StatusRuntimeException: UNAVAILABLE: io exception
2022-02-12 06:46:35,651 [fbc88013-4e58-4ce2-8f92-86967c0fe77f@group-07E8C718409E-LeaderElection39] INFO  impl.LeaderElection (LeaderElection.java:logAndReturn(89)) - fbc88013-4e58-4ce2-8f92-86967c0fe77f@group-07E8C718409E-LeaderElection39: ELECTION REJECTED received 0 response(s) and 2 exception(s):
2022-02-12 06:46:35,651 [fbc88013-4e58-4ce2-8f92-86967c0fe77f@group-07E8C718409E-LeaderElection39] INFO  impl.LeaderElection (LogUtils.java:infoOrTrace(137)) -   Exception 0: java.util.concurrent.ExecutionException: org.apache.ratis.thirdparty.io.grpc.StatusRuntimeException: UNAVAILABLE: io exception
2022-02-12 06:46:35,651 [fbc88013-4e58-4ce2-8f92-86967c0fe77f@group-07E8C718409E-LeaderElection39] INFO  impl.LeaderElection (LogUtils.java:infoOrTrace(137)) -   Exception 1: java.util.concurrent.ExecutionException: org.apache.ratis.thirdparty.io.grpc.StatusRuntimeException: UNAVAILABLE: io exception
2022-02-12 06:46:35,651 [fbc88013-4e58-4ce2-8f92-86967c0fe77f@group-07E8C718409E-LeaderElection39] INFO  impl.LeaderElection (LeaderElection.java:askForVotes(308)) - fbc88013-4e58-4ce2-8f92-86967c0fe77f@group-07E8C718409E-LeaderElection39 ELECTION round 0: result REJECTED
2022-02-12 06:46:35,651 [fbc88013-4e58-4ce2-8f92-86967c0fe77f@group-07E8C718409E-LeaderElection39] INFO  server.RaftServer$Division (RaftServerImpl.java:setRole(290)) - fbc88013-4e58-4ce2-8f92-86967c0fe77f@group-07E8C718409E: changes role from CANDIDATE to FOLLOWER at term 10 for REJECTED
2022-02-12 06:46:35,651 [fbc88013-4e58-4ce2-8f92-86967c0fe77f@group-07E8C718409E-LeaderElection39] INFO  impl.RoleInfo (RoleInfo.java:shutdownLeaderElection(121)) - fbc88013-4e58-4ce2-8f92-86967c0fe77f: shutdown fbc88013-4e58-4ce2-8f92-86967c0fe77f@group-07E8C718409E-LeaderElection39
2022-02-12 06:46:35,651 [fbc88013-4e58-4ce2-8f92-86967c0fe77f@group-07E8C718409E-LeaderElection39] INFO  impl.RoleInfo (RoleInfo.java:updateAndGet(130)) - fbc88013-4e58-4ce2-8f92-86967c0fe77f: start fbc88013-4e58-4ce2-8f92-86967c0fe77f@group-07E8C718409E-FollowerState
2022-02-12 06:46:35,665 [Time-limited test] INFO  ozone.MiniOzoneClusterImpl (MiniOzoneClusterImpl.java:lambda$waitForHddsDatanodesStop$3(373)) - Waiting on 1 datanodes out of 2 to be marked unhealthy.
2022-02-12 06:46:35,869 [fbc88013-4e58-4ce2-8f92-86967c0fe77f@group-6C01376EE677-FollowerState] INFO  impl.FollowerState (FollowerState.java:run(134)) - fbc88013-4e58-4ce2-8f92-86967c0fe77f@group-6C01376EE677-FollowerState: change to CANDIDATE, lastRpcElapsedTime:5162847041ns, electionTimeout:5158ms
2022-02-12 06:46:35,869 [fbc88013-4e58-4ce2-8f92-86967c0fe77f@group-6C01376EE677-FollowerState] INFO  impl.RoleInfo (RoleInfo.java:shutdownFollowerState(108)) - fbc88013-4e58-4ce2-8f92-86967c0fe77f: shutdown fbc88013-4e58-4ce2-8f92-86967c0fe77f@group-6C01376EE677-FollowerState
2022-02-12 06:46:35,869 [fbc88013-4e58-4ce2-8f92-86967c0fe77f@group-6C01376EE677-FollowerState] INFO  server.RaftServer$Division (RaftServerImpl.java:setRole(290)) - fbc88013-4e58-4ce2-8f92-86967c0fe77f@group-6C01376EE677: changes role from  FOLLOWER to CANDIDATE at term 11 for changeToCandidate
2022-02-12 06:46:35,869 [fbc88013-4e58-4ce2-8f92-86967c0fe77f@group-6C01376EE677-FollowerState] INFO  server.RaftServerConfigKeys (ConfUtils.java:logGet(44)) - raft.server.leaderelection.pre-vote = false (custom)
2022-02-12 06:46:35,869 [fbc88013-4e58-4ce2-8f92-86967c0fe77f@group-6C01376EE677-FollowerState] INFO  impl.RoleInfo (RoleInfo.java:updateAndGet(130)) - fbc88013-4e58-4ce2-8f92-86967c0fe77f: start fbc88013-4e58-4ce2-8f92-86967c0fe77f@group-6C01376EE677-LeaderElection40
2022-02-12 06:46:35,883 [fbc88013-4e58-4ce2-8f92-86967c0fe77f@group-6C01376EE677-LeaderElection40] INFO  impl.LeaderElection (LeaderElection.java:askForVotes(306)) - fbc88013-4e58-4ce2-8f92-86967c0fe77f@group-6C01376EE677-LeaderElection40 ELECTION round 0: submit vote requests at term 12 for -1: [2db57d0a-e0a4-4c64-8073-50a45d71dc35|rpc:10.1.0.21:37195|dataStream:|priority:0, 6b353d4f-0834-494e-9b42-b1853adf5598|rpc:10.1.0.21:46567|dataStream:|priority:0, fbc88013-4e58-4ce2-8f92-86967c0fe77f|rpc:10.1.0.21:45123|dataStream:|priority:1], old=null
2022-02-12 06:46:35,890 [fbc88013-4e58-4ce2-8f92-86967c0fe77f@group-6C01376EE677-LeaderElection40] INFO  impl.LeaderElection (LogUtils.java:infoOrTrace(137)) - fbc88013-4e58-4ce2-8f92-86967c0fe77f@group-6C01376EE677-LeaderElection40 got exception when requesting votes: java.util.concurrent.ExecutionException: org.apache.ratis.thirdparty.io.grpc.StatusRuntimeException: UNAVAILABLE: io exception
2022-02-12 06:46:35,893 [fbc88013-4e58-4ce2-8f92-86967c0fe77f@group-6C01376EE677-LeaderElection40] INFO  impl.LeaderElection (LogUtils.java:infoOrTrace(137)) - fbc88013-4e58-4ce2-8f92-86967c0fe77f@group-6C01376EE677-LeaderElection40 got exception when requesting votes: java.util.concurrent.ExecutionException: org.apache.ratis.thirdparty.io.grpc.StatusRuntimeException: UNAVAILABLE: io exception
2022-02-12 06:46:35,893 [fbc88013-4e58-4ce2-8f92-86967c0fe77f@group-6C01376EE677-LeaderElection40] INFO  impl.LeaderElection (LeaderElection.java:logAndReturn(89)) - fbc88013-4e58-4ce2-8f92-86967c0fe77f@group-6C01376EE677-LeaderElection40: ELECTION REJECTED received 0 response(s) and 2 exception(s):
2022-02-12 06:46:35,893 [fbc88013-4e58-4ce2-8f92-86967c0fe77f@group-6C01376EE677-LeaderElection40] INFO  impl.LeaderElection (LogUtils.java:infoOrTrace(137)) -   Exception 0: java.util.concurrent.ExecutionException: org.apache.ratis.thirdparty.io.grpc.StatusRuntimeException: UNAVAILABLE: io exception
2022-02-12 06:46:35,893 [fbc88013-4e58-4ce2-8f92-86967c0fe77f@group-6C01376EE677-LeaderElection40] INFO  impl.LeaderElection (LogUtils.java:infoOrTrace(137)) -   Exception 1: java.util.concurrent.ExecutionException: org.apache.ratis.thirdparty.io.grpc.StatusRuntimeException: UNAVAILABLE: io exception
2022-02-12 06:46:35,893 [fbc88013-4e58-4ce2-8f92-86967c0fe77f@group-6C01376EE677-LeaderElection40] INFO  impl.LeaderElection (LeaderElection.java:askForVotes(308)) - fbc88013-4e58-4ce2-8f92-86967c0fe77f@group-6C01376EE677-LeaderElection40 ELECTION round 0: result REJECTED
2022-02-12 06:46:35,893 [fbc88013-4e58-4ce2-8f92-86967c0fe77f@group-6C01376EE677-LeaderElection40] INFO  server.RaftServer$Division (RaftServerImpl.java:setRole(290)) - fbc88013-4e58-4ce2-8f92-86967c0fe77f@group-6C01376EE677: changes role from CANDIDATE to FOLLOWER at term 12 for REJECTED
2022-02-12 06:46:35,893 [fbc88013-4e58-4ce2-8f92-86967c0fe77f@group-6C01376EE677-LeaderElection40] INFO  impl.RoleInfo (RoleInfo.java:shutdownLeaderElection(121)) - fbc88013-4e58-4ce2-8f92-86967c0fe77f: shutdown fbc88013-4e58-4ce2-8f92-86967c0fe77f@group-6C01376EE677-LeaderElection40
2022-02-12 06:46:35,893 [fbc88013-4e58-4ce2-8f92-86967c0fe77f@group-6C01376EE677-LeaderElection40] INFO  impl.RoleInfo (RoleInfo.java:updateAndGet(130)) - fbc88013-4e58-4ce2-8f92-86967c0fe77f: start fbc88013-4e58-4ce2-8f92-86967c0fe77f@group-6C01376EE677-FollowerState
2022-02-12 06:46:36,665 [Time-limited test] INFO  ozone.MiniOzoneClusterImpl (MiniOzoneClusterImpl.java:lambda$waitForHddsDatanodesStop$3(373)) - Waiting on 1 datanodes out of 2 to be marked unhealthy.
2022-02-12 06:46:37,666 [Time-limited test] INFO  ozone.MiniOzoneClusterImpl (MiniOzoneClusterImpl.java:lambda$waitForHddsDatanodesStop$3(373)) - Waiting on 1 datanodes out of 2 to be marked unhealthy.
2022-02-12 06:46:38,666 [Time-limited test] INFO  ozone.MiniOzoneClusterImpl (MiniOzoneClusterImpl.java:lambda$waitForHddsDatanodesStop$3(373)) - Waiting on 1 datanodes out of 2 to be marked unhealthy.
2022-02-12 06:46:39,666 [Time-limited test] INFO  ozone.MiniOzoneClusterImpl (MiniOzoneClusterImpl.java:lambda$waitForHddsDatanodesStop$3(373)) - Waiting on 1 datanodes out of 2 to be marked unhealthy.
2022-02-12 06:46:40,667 [Time-limited test] INFO  ozone.MiniOzoneClusterImpl (MiniOzoneClusterImpl.java:lambda$waitForHddsDatanodesStop$3(373)) - Waiting on 1 datanodes out of 2 to be marked unhealthy.
2022-02-12 06:46:40,713 [fbc88013-4e58-4ce2-8f92-86967c0fe77f@group-07E8C718409E-FollowerState] INFO  impl.FollowerState (FollowerState.java:run(134)) - fbc88013-4e58-4ce2-8f92-86967c0fe77f@group-07E8C718409E-FollowerState: change to CANDIDATE, lastRpcElapsedTime:5061915348ns, electionTimeout:5053ms
2022-02-12 06:46:40,713 [fbc88013-4e58-4ce2-8f92-86967c0fe77f@group-07E8C718409E-FollowerState] INFO  impl.RoleInfo (RoleInfo.java:shutdownFollowerState(108)) - fbc88013-4e58-4ce2-8f92-86967c0fe77f: shutdown fbc88013-4e58-4ce2-8f92-86967c0fe77f@group-07E8C718409E-FollowerState
2022-02-12 06:46:40,713 [fbc88013-4e58-4ce2-8f92-86967c0fe77f@group-07E8C718409E-FollowerState] INFO  server.RaftServer$Division (RaftServerImpl.java:setRole(290)) - fbc88013-4e58-4ce2-8f92-86967c0fe77f@group-07E8C718409E: changes role from  FOLLOWER to CANDIDATE at term 10 for changeToCandidate
2022-02-12 06:46:40,713 [fbc88013-4e58-4ce2-8f92-86967c0fe77f@group-07E8C718409E-FollowerState] INFO  server.RaftServerConfigKeys (ConfUtils.java:logGet(44)) - raft.server.leaderelection.pre-vote = false (custom)
2022-02-12 06:46:40,713 [fbc88013-4e58-4ce2-8f92-86967c0fe77f@group-07E8C718409E-FollowerState] INFO  impl.RoleInfo (RoleInfo.java:updateAndGet(130)) - fbc88013-4e58-4ce2-8f92-86967c0fe77f: start fbc88013-4e58-4ce2-8f92-86967c0fe77f@group-07E8C718409E-LeaderElection41
2022-02-12 06:46:40,729 [fbc88013-4e58-4ce2-8f92-86967c0fe77f@group-07E8C718409E-LeaderElection41] INFO  impl.LeaderElection (LeaderElection.java:askForVotes(306)) - fbc88013-4e58-4ce2-8f92-86967c0fe77f@group-07E8C718409E-LeaderElection41 ELECTION round 0: submit vote requests at term 11 for 0: [2db57d0a-e0a4-4c64-8073-50a45d71dc35|rpc:10.1.0.21:37195|dataStream:|priority:0, 6b353d4f-0834-494e-9b42-b1853adf5598|rpc:10.1.0.21:46567|dataStream:|priority:1, fbc88013-4e58-4ce2-8f92-86967c0fe77f|rpc:10.1.0.21:45123|dataStream:|priority:0], old=null
2022-02-12 06:46:40,734 [fbc88013-4e58-4ce2-8f92-86967c0fe77f@group-07E8C718409E-LeaderElection41] INFO  impl.LeaderElection (LogUtils.java:infoOrTrace(137)) - fbc88013-4e58-4ce2-8f92-86967c0fe77f@group-07E8C718409E-LeaderElection41 got exception when requesting votes: java.util.concurrent.ExecutionException: org.apache.ratis.thirdparty.io.grpc.StatusRuntimeException: UNAVAILABLE: io exception
2022-02-12 06:46:40,735 [fbc88013-4e58-4ce2-8f92-86967c0fe77f@group-07E8C718409E-LeaderElection41] INFO  impl.LeaderElection (LogUtils.java:infoOrTrace(137)) - fbc88013-4e58-4ce2-8f92-86967c0fe77f@group-07E8C718409E-LeaderElection41 got exception when requesting votes: java.util.concurrent.ExecutionException: org.apache.ratis.thirdparty.io.grpc.StatusRuntimeException: UNAVAILABLE: io exception
2022-02-12 06:46:40,735 [fbc88013-4e58-4ce2-8f92-86967c0fe77f@group-07E8C718409E-LeaderElection41] INFO  impl.LeaderElection (LeaderElection.java:logAndReturn(89)) - fbc88013-4e58-4ce2-8f92-86967c0fe77f@group-07E8C718409E-LeaderElection41: ELECTION REJECTED received 0 response(s) and 2 exception(s):
2022-02-12 06:46:40,735 [fbc88013-4e58-4ce2-8f92-86967c0fe77f@group-07E8C718409E-LeaderElection41] INFO  impl.LeaderElection (LogUtils.java:infoOrTrace(137)) -   Exception 0: java.util.concurrent.ExecutionException: org.apache.ratis.thirdparty.io.grpc.StatusRuntimeException: UNAVAILABLE: io exception
2022-02-12 06:46:40,735 [fbc88013-4e58-4ce2-8f92-86967c0fe77f@group-07E8C718409E-LeaderElection41] INFO  impl.LeaderElection (LogUtils.java:infoOrTrace(137)) -   Exception 1: java.util.concurrent.ExecutionException: org.apache.ratis.thirdparty.io.grpc.StatusRuntimeException: UNAVAILABLE: io exception
2022-02-12 06:46:40,735 [fbc88013-4e58-4ce2-8f92-86967c0fe77f@group-07E8C718409E-LeaderElection41] INFO  impl.LeaderElection (LeaderElection.java:askForVotes(308)) - fbc88013-4e58-4ce2-8f92-86967c0fe77f@group-07E8C718409E-LeaderElection41 ELECTION round 0: result REJECTED
2022-02-12 06:46:40,735 [fbc88013-4e58-4ce2-8f92-86967c0fe77f@group-07E8C718409E-LeaderElection41] INFO  server.RaftServer$Division (RaftServerImpl.java:setRole(290)) - fbc88013-4e58-4ce2-8f92-86967c0fe77f@group-07E8C718409E: changes role from CANDIDATE to FOLLOWER at term 11 for REJECTED
2022-02-12 06:46:40,735 [fbc88013-4e58-4ce2-8f92-86967c0fe77f@group-07E8C718409E-LeaderElection41] INFO  impl.RoleInfo (RoleInfo.java:shutdownLeaderElection(121)) - fbc88013-4e58-4ce2-8f92-86967c0fe77f: shutdown fbc88013-4e58-4ce2-8f92-86967c0fe77f@group-07E8C718409E-LeaderElection41
2022-02-12 06:46:40,735 [fbc88013-4e58-4ce2-8f92-86967c0fe77f@group-07E8C718409E-LeaderElection41] INFO  impl.RoleInfo (RoleInfo.java:updateAndGet(130)) - fbc88013-4e58-4ce2-8f92-86967c0fe77f: start fbc88013-4e58-4ce2-8f92-86967c0fe77f@group-07E8C718409E-FollowerState
2022-02-12 06:46:40,910 [fbc88013-4e58-4ce2-8f92-86967c0fe77f@group-6C01376EE677-FollowerState] INFO  impl.FollowerState (FollowerState.java:run(134)) - fbc88013-4e58-4ce2-8f92-86967c0fe77f@group-6C01376EE677-FollowerState: change to CANDIDATE, lastRpcElapsedTime:5016971541ns, electionTimeout:5015ms
2022-02-12 06:46:40,910 [fbc88013-4e58-4ce2-8f92-86967c0fe77f@group-6C01376EE677-FollowerState] INFO  impl.RoleInfo (RoleInfo.java:shutdownFollowerState(108)) - fbc88013-4e58-4ce2-8f92-86967c0fe77f: shutdown fbc88013-4e58-4ce2-8f92-86967c0fe77f@group-6C01376EE677-FollowerState
2022-02-12 06:46:40,910 [fbc88013-4e58-4ce2-8f92-86967c0fe77f@group-6C01376EE677-FollowerState] INFO  server.RaftServer$Division (RaftServerImpl.java:setRole(290)) - fbc88013-4e58-4ce2-8f92-86967c0fe77f@group-6C01376EE677: changes role from  FOLLOWER to CANDIDATE at term 12 for changeToCandidate
2022-02-12 06:46:40,910 [fbc88013-4e58-4ce2-8f92-86967c0fe77f@group-6C01376EE677-FollowerState] INFO  server.RaftServerConfigKeys (ConfUtils.java:logGet(44)) - raft.server.leaderelection.pre-vote = false (custom)
2022-02-12 06:46:40,911 [fbc88013-4e58-4ce2-8f92-86967c0fe77f@group-6C01376EE677-FollowerState] INFO  impl.RoleInfo (RoleInfo.java:updateAndGet(130)) - fbc88013-4e58-4ce2-8f92-86967c0fe77f: start fbc88013-4e58-4ce2-8f92-86967c0fe77f@group-6C01376EE677-LeaderElection42
2022-02-12 06:46:40,926 [fbc88013-4e58-4ce2-8f92-86967c0fe77f@group-6C01376EE677-LeaderElection42] INFO  impl.LeaderElection (LeaderElection.java:askForVotes(306)) - fbc88013-4e58-4ce2-8f92-86967c0fe77f@group-6C01376EE677-LeaderElection42 ELECTION round 0: submit vote requests at term 13 for -1: [2db57d0a-e0a4-4c64-8073-50a45d71dc35|rpc:10.1.0.21:37195|dataStream:|priority:0, 6b353d4f-0834-494e-9b42-b1853adf5598|rpc:10.1.0.21:46567|dataStream:|priority:0, fbc88013-4e58-4ce2-8f92-86967c0fe77f|rpc:10.1.0.21:45123|dataStream:|priority:1], old=null
2022-02-12 06:46:40,932 [fbc88013-4e58-4ce2-8f92-86967c0fe77f@group-6C01376EE677-LeaderElection42] INFO  impl.LeaderElection (LogUtils.java:infoOrTrace(137)) - fbc88013-4e58-4ce2-8f92-86967c0fe77f@group-6C01376EE677-LeaderElection42 got exception when requesting votes: java.util.concurrent.ExecutionException: org.apache.ratis.thirdparty.io.grpc.StatusRuntimeException: UNAVAILABLE: io exception
2022-02-12 06:46:40,934 [fbc88013-4e58-4ce2-8f92-86967c0fe77f@group-6C01376EE677-LeaderElection42] INFO  impl.LeaderElection (LogUtils.java:infoOrTrace(137)) - fbc88013-4e58-4ce2-8f92-86967c0fe77f@group-6C01376EE677-LeaderElection42 got exception when requesting votes: java.util.concurrent.ExecutionException: org.apache.ratis.thirdparty.io.grpc.StatusRuntimeException: UNAVAILABLE: io exception
2022-02-12 06:46:40,934 [fbc88013-4e58-4ce2-8f92-86967c0fe77f@group-6C01376EE677-LeaderElection42] INFO  impl.LeaderElection (LeaderElection.java:logAndReturn(89)) - fbc88013-4e58-4ce2-8f92-86967c0fe77f@group-6C01376EE677-LeaderElection42: ELECTION REJECTED received 0 response(s) and 2 exception(s):
2022-02-12 06:46:40,934 [fbc88013-4e58-4ce2-8f92-86967c0fe77f@group-6C01376EE677-LeaderElection42] INFO  impl.LeaderElection (LogUtils.java:infoOrTrace(137)) -   Exception 0: java.util.concurrent.ExecutionException: org.apache.ratis.thirdparty.io.grpc.StatusRuntimeException: UNAVAILABLE: io exception
2022-02-12 06:46:40,934 [fbc88013-4e58-4ce2-8f92-86967c0fe77f@group-6C01376EE677-LeaderElection42] INFO  impl.LeaderElection (LogUtils.java:infoOrTrace(137)) -   Exception 1: java.util.concurrent.ExecutionException: org.apache.ratis.thirdparty.io.grpc.StatusRuntimeException: UNAVAILABLE: io exception
2022-02-12 06:46:40,934 [fbc88013-4e58-4ce2-8f92-86967c0fe77f@group-6C01376EE677-LeaderElection42] INFO  impl.LeaderElection (LeaderElection.java:askForVotes(308)) - fbc88013-4e58-4ce2-8f92-86967c0fe77f@group-6C01376EE677-LeaderElection42 ELECTION round 0: result REJECTED
2022-02-12 06:46:40,934 [fbc88013-4e58-4ce2-8f92-86967c0fe77f@group-6C01376EE677-LeaderElection42] INFO  server.RaftServer$Division (RaftServerImpl.java:setRole(290)) - fbc88013-4e58-4ce2-8f92-86967c0fe77f@group-6C01376EE677: changes role from CANDIDATE to FOLLOWER at term 13 for REJECTED
2022-02-12 06:46:40,934 [fbc88013-4e58-4ce2-8f92-86967c0fe77f@group-6C01376EE677-LeaderElection42] INFO  impl.RoleInfo (RoleInfo.java:shutdownLeaderElection(121)) - fbc88013-4e58-4ce2-8f92-86967c0fe77f: shutdown fbc88013-4e58-4ce2-8f92-86967c0fe77f@group-6C01376EE677-LeaderElection42
2022-02-12 06:46:40,934 [fbc88013-4e58-4ce2-8f92-86967c0fe77f@group-6C01376EE677-LeaderElection42] INFO  impl.RoleInfo (RoleInfo.java:updateAndGet(130)) - fbc88013-4e58-4ce2-8f92-86967c0fe77f: start fbc88013-4e58-4ce2-8f92-86967c0fe77f@group-6C01376EE677-FollowerState
2022-02-12 06:46:41,667 [Time-limited test] INFO  ozone.MiniOzoneClusterImpl (MiniOzoneClusterImpl.java:lambda$waitForHddsDatanodesStop$3(373)) - Waiting on 1 datanodes out of 2 to be marked unhealthy.
2022-02-12 06:46:42,667 [Time-limited test] INFO  ozone.MiniOzoneClusterImpl (MiniOzoneClusterImpl.java:lambda$waitForHddsDatanodesStop$3(373)) - Waiting on 1 datanodes out of 2 to be marked unhealthy.
2022-02-12 06:46:43,668 [Time-limited test] INFO  ozone.MiniOzoneClusterImpl (MiniOzoneClusterImpl.java:lambda$waitForHddsDatanodesStop$3(373)) - Waiting on 1 datanodes out of 2 to be marked unhealthy.
2022-02-12 06:46:44,668 [Time-limited test] INFO  ozone.MiniOzoneClusterImpl (MiniOzoneClusterImpl.java:lambda$waitForHddsDatanodesStop$3(373)) - Waiting on 1 datanodes out of 2 to be marked unhealthy.
2022-02-12 06:46:45,669 [Time-limited test] INFO  ozone.MiniOzoneClusterImpl (MiniOzoneClusterImpl.java:lambda$waitForHddsDatanodesStop$3(373)) - Waiting on 1 datanodes out of 2 to be marked unhealthy.
2022-02-12 06:46:45,803 [fbc88013-4e58-4ce2-8f92-86967c0fe77f@group-07E8C718409E-FollowerState] INFO  impl.FollowerState (FollowerState.java:run(134)) - fbc88013-4e58-4ce2-8f92-86967c0fe77f@group-07E8C718409E-FollowerState: change to CANDIDATE, lastRpcElapsedTime:5068112098ns, electionTimeout:5064ms
2022-02-12 06:46:45,804 [fbc88013-4e58-4ce2-8f92-86967c0fe77f@group-07E8C718409E-FollowerState] INFO  impl.RoleInfo (RoleInfo.java:shutdownFollowerState(108)) - fbc88013-4e58-4ce2-8f92-86967c0fe77f: shutdown fbc88013-4e58-4ce2-8f92-86967c0fe77f@group-07E8C718409E-FollowerState
2022-02-12 06:46:45,804 [fbc88013-4e58-4ce2-8f92-86967c0fe77f@group-07E8C718409E-FollowerState] INFO  server.RaftServer$Division (RaftServerImpl.java:setRole(290)) - fbc88013-4e58-4ce2-8f92-86967c0fe77f@group-07E8C718409E: changes role from  FOLLOWER to CANDIDATE at term 11 for changeToCandidate
2022-02-12 06:46:45,804 [fbc88013-4e58-4ce2-8f92-86967c0fe77f@group-07E8C718409E-FollowerState] INFO  server.RaftServerConfigKeys (ConfUtils.java:logGet(44)) - raft.server.leaderelection.pre-vote = false (custom)
2022-02-12 06:46:45,804 [fbc88013-4e58-4ce2-8f92-86967c0fe77f@group-07E8C718409E-FollowerState] INFO  impl.RoleInfo (RoleInfo.java:updateAndGet(130)) - fbc88013-4e58-4ce2-8f92-86967c0fe77f: start fbc88013-4e58-4ce2-8f92-86967c0fe77f@group-07E8C718409E-LeaderElection43
2022-02-12 06:46:45,839 [fbc88013-4e58-4ce2-8f92-86967c0fe77f@group-07E8C718409E-LeaderElection43] INFO  impl.LeaderElection (LeaderElection.java:askForVotes(306)) - fbc88013-4e58-4ce2-8f92-86967c0fe77f@group-07E8C718409E-LeaderElection43 ELECTION round 0: submit vote requests at term 12 for 0: [2db57d0a-e0a4-4c64-8073-50a45d71dc35|rpc:10.1.0.21:37195|dataStream:|priority:0, 6b353d4f-0834-494e-9b42-b1853adf5598|rpc:10.1.0.21:46567|dataStream:|priority:1, fbc88013-4e58-4ce2-8f92-86967c0fe77f|rpc:10.1.0.21:45123|dataStream:|priority:0], old=null
2022-02-12 06:46:45,850 [fbc88013-4e58-4ce2-8f92-86967c0fe77f@group-07E8C718409E-LeaderElection43] INFO  impl.LeaderElection (LogUtils.java:infoOrTrace(137)) - fbc88013-4e58-4ce2-8f92-86967c0fe77f@group-07E8C718409E-LeaderElection43 got exception when requesting votes: java.util.concurrent.ExecutionException: org.apache.ratis.thirdparty.io.grpc.StatusRuntimeException: UNAVAILABLE: io exception
2022-02-12 06:46:45,851 [fbc88013-4e58-4ce2-8f92-86967c0fe77f@group-07E8C718409E-LeaderElection43] INFO  impl.LeaderElection (LogUtils.java:infoOrTrace(137)) - fbc88013-4e58-4ce2-8f92-86967c0fe77f@group-07E8C718409E-LeaderElection43 got exception when requesting votes: java.util.concurrent.ExecutionException: org.apache.ratis.thirdparty.io.grpc.StatusRuntimeException: UNAVAILABLE: io exception
2022-02-12 06:46:45,851 [fbc88013-4e58-4ce2-8f92-86967c0fe77f@group-07E8C718409E-LeaderElection43] INFO  impl.LeaderElection (LeaderElection.java:logAndReturn(89)) - fbc88013-4e58-4ce2-8f92-86967c0fe77f@group-07E8C718409E-LeaderElection43: ELECTION REJECTED received 0 response(s) and 2 exception(s):
2022-02-12 06:46:45,851 [fbc88013-4e58-4ce2-8f92-86967c0fe77f@group-07E8C718409E-LeaderElection43] INFO  impl.LeaderElection (LogUtils.java:infoOrTrace(137)) -   Exception 0: java.util.concurrent.ExecutionException: org.apache.ratis.thirdparty.io.grpc.StatusRuntimeException: UNAVAILABLE: io exception
2022-02-12 06:46:45,851 [fbc88013-4e58-4ce2-8f92-86967c0fe77f@group-07E8C718409E-LeaderElection43] INFO  impl.LeaderElection (LogUtils.java:infoOrTrace(137)) -   Exception 1: java.util.concurrent.ExecutionException: org.apache.ratis.thirdparty.io.grpc.StatusRuntimeException: UNAVAILABLE: io exception
2022-02-12 06:46:45,851 [fbc88013-4e58-4ce2-8f92-86967c0fe77f@group-07E8C718409E-LeaderElection43] INFO  impl.LeaderElection (LeaderElection.java:askForVotes(308)) - fbc88013-4e58-4ce2-8f92-86967c0fe77f@group-07E8C718409E-LeaderElection43 ELECTION round 0: result REJECTED
2022-02-12 06:46:45,851 [fbc88013-4e58-4ce2-8f92-86967c0fe77f@group-07E8C718409E-LeaderElection43] INFO  server.RaftServer$Division (RaftServerImpl.java:setRole(290)) - fbc88013-4e58-4ce2-8f92-86967c0fe77f@group-07E8C718409E: changes role from CANDIDATE to FOLLOWER at term 12 for REJECTED
2022-02-12 06:46:45,851 [fbc88013-4e58-4ce2-8f92-86967c0fe77f@group-07E8C718409E-LeaderElection43] INFO  impl.RoleInfo (RoleInfo.java:shutdownLeaderElection(121)) - fbc88013-4e58-4ce2-8f92-86967c0fe77f: shutdown fbc88013-4e58-4ce2-8f92-86967c0fe77f@group-07E8C718409E-LeaderElection43
2022-02-12 06:46:45,851 [fbc88013-4e58-4ce2-8f92-86967c0fe77f@group-07E8C718409E-LeaderElection43] INFO  impl.RoleInfo (RoleInfo.java:updateAndGet(130)) - fbc88013-4e58-4ce2-8f92-86967c0fe77f: start fbc88013-4e58-4ce2-8f92-86967c0fe77f@group-07E8C718409E-FollowerState
2022-02-12 06:46:46,008 [fbc88013-4e58-4ce2-8f92-86967c0fe77f@group-6C01376EE677-FollowerState] INFO  impl.FollowerState (FollowerState.java:run(134)) - fbc88013-4e58-4ce2-8f92-86967c0fe77f@group-6C01376EE677-FollowerState: change to CANDIDATE, lastRpcElapsedTime:5073540870ns, electionTimeout:5073ms
2022-02-12 06:46:46,008 [fbc88013-4e58-4ce2-8f92-86967c0fe77f@group-6C01376EE677-FollowerState] INFO  impl.RoleInfo (RoleInfo.java:shutdownFollowerState(108)) - fbc88013-4e58-4ce2-8f92-86967c0fe77f: shutdown fbc88013-4e58-4ce2-8f92-86967c0fe77f@group-6C01376EE677-FollowerState
2022-02-12 06:46:46,008 [fbc88013-4e58-4ce2-8f92-86967c0fe77f@group-6C01376EE677-FollowerState] INFO  server.RaftServer$Division (RaftServerImpl.java:setRole(290)) - fbc88013-4e58-4ce2-8f92-86967c0fe77f@group-6C01376EE677: changes role from  FOLLOWER to CANDIDATE at term 13 for changeToCandidate
2022-02-12 06:46:46,008 [fbc88013-4e58-4ce2-8f92-86967c0fe77f@group-6C01376EE677-FollowerState] INFO  server.RaftServerConfigKeys (ConfUtils.java:logGet(44)) - raft.server.leaderelection.pre-vote = false (custom)
2022-02-12 06:46:46,008 [fbc88013-4e58-4ce2-8f92-86967c0fe77f@group-6C01376EE677-FollowerState] INFO  impl.RoleInfo (RoleInfo.java:updateAndGet(130)) - fbc88013-4e58-4ce2-8f92-86967c0fe77f: start fbc88013-4e58-4ce2-8f92-86967c0fe77f@group-6C01376EE677-LeaderElection44
2022-02-12 06:46:46,021 [fbc88013-4e58-4ce2-8f92-86967c0fe77f@group-6C01376EE677-LeaderElection44] INFO  impl.LeaderElection (LeaderElection.java:askForVotes(306)) - fbc88013-4e58-4ce2-8f92-86967c0fe77f@group-6C01376EE677-LeaderElection44 ELECTION round 0: submit vote requests at term 14 for -1: [2db57d0a-e0a4-4c64-8073-50a45d71dc35|rpc:10.1.0.21:37195|dataStream:|priority:0, 6b353d4f-0834-494e-9b42-b1853adf5598|rpc:10.1.0.21:46567|dataStream:|priority:0, fbc88013-4e58-4ce2-8f92-86967c0fe77f|rpc:10.1.0.21:45123|dataStream:|priority:1], old=null
2022-02-12 06:46:46,030 [fbc88013-4e58-4ce2-8f92-86967c0fe77f@group-6C01376EE677-LeaderElection44] INFO  impl.LeaderElection (LogUtils.java:infoOrTrace(137)) - fbc88013-4e58-4ce2-8f92-86967c0fe77f@group-6C01376EE677-LeaderElection44 got exception when requesting votes: java.util.concurrent.ExecutionException: org.apache.ratis.thirdparty.io.grpc.StatusRuntimeException: UNAVAILABLE: io exception
2022-02-12 06:46:46,034 [fbc88013-4e58-4ce2-8f92-86967c0fe77f@group-6C01376EE677-LeaderElection44] INFO  impl.LeaderElection (LogUtils.java:infoOrTrace(137)) - fbc88013-4e58-4ce2-8f92-86967c0fe77f@group-6C01376EE677-LeaderElection44 got exception when requesting votes: java.util.concurrent.ExecutionException: org.apache.ratis.thirdparty.io.grpc.StatusRuntimeException: UNAVAILABLE: io exception
2022-02-12 06:46:46,034 [fbc88013-4e58-4ce2-8f92-86967c0fe77f@group-6C01376EE677-LeaderElection44] INFO  impl.LeaderElection (LeaderElection.java:logAndReturn(89)) - fbc88013-4e58-4ce2-8f92-86967c0fe77f@group-6C01376EE677-LeaderElection44: ELECTION REJECTED received 0 response(s) and 2 exception(s):
2022-02-12 06:46:46,034 [fbc88013-4e58-4ce2-8f92-86967c0fe77f@group-6C01376EE677-LeaderElection44] INFO  impl.LeaderElection (LogUtils.java:infoOrTrace(137)) -   Exception 0: java.util.concurrent.ExecutionException: org.apache.ratis.thirdparty.io.grpc.StatusRuntimeException: UNAVAILABLE: io exception
2022-02-12 06:46:46,035 [fbc88013-4e58-4ce2-8f92-86967c0fe77f@group-6C01376EE677-LeaderElection44] INFO  impl.LeaderElection (LogUtils.java:infoOrTrace(137)) -   Exception 1: java.util.concurrent.ExecutionException: org.apache.ratis.thirdparty.io.grpc.StatusRuntimeException: UNAVAILABLE: io exception
2022-02-12 06:46:46,035 [fbc88013-4e58-4ce2-8f92-86967c0fe77f@group-6C01376EE677-LeaderElection44] INFO  impl.LeaderElection (LeaderElection.java:askForVotes(308)) - fbc88013-4e58-4ce2-8f92-86967c0fe77f@group-6C01376EE677-LeaderElection44 ELECTION round 0: result REJECTED
2022-02-12 06:46:46,035 [fbc88013-4e58-4ce2-8f92-86967c0fe77f@group-6C01376EE677-LeaderElection44] INFO  server.RaftServer$Division (RaftServerImpl.java:setRole(290)) - fbc88013-4e58-4ce2-8f92-86967c0fe77f@group-6C01376EE677: changes role from CANDIDATE to FOLLOWER at term 14 for REJECTED
2022-02-12 06:46:46,035 [fbc88013-4e58-4ce2-8f92-86967c0fe77f@group-6C01376EE677-LeaderElection44] INFO  impl.RoleInfo (RoleInfo.java:shutdownLeaderElection(121)) - fbc88013-4e58-4ce2-8f92-86967c0fe77f: shutdown fbc88013-4e58-4ce2-8f92-86967c0fe77f@group-6C01376EE677-LeaderElection44
2022-02-12 06:46:46,035 [fbc88013-4e58-4ce2-8f92-86967c0fe77f@group-6C01376EE677-LeaderElection44] INFO  impl.RoleInfo (RoleInfo.java:updateAndGet(130)) - fbc88013-4e58-4ce2-8f92-86967c0fe77f: start fbc88013-4e58-4ce2-8f92-86967c0fe77f@group-6C01376EE677-FollowerState
2022-02-12 06:46:46,669 [Time-limited test] INFO  ozone.MiniOzoneClusterImpl (MiniOzoneClusterImpl.java:lambda$waitForHddsDatanodesStop$3(373)) - Waiting on 1 datanodes out of 2 to be marked unhealthy.
2022-02-12 06:46:47,669 [Time-limited test] INFO  ozone.MiniOzoneClusterImpl (MiniOzoneClusterImpl.java:lambda$waitForHddsDatanodesStop$3(373)) - Waiting on 1 datanodes out of 2 to be marked unhealthy.
2022-02-12 06:46:48,670 [Time-limited test] INFO  ozone.MiniOzoneClusterImpl (MiniOzoneClusterImpl.java:lambda$waitForHddsDatanodesStop$3(373)) - Waiting on 1 datanodes out of 2 to be marked unhealthy.
2022-02-12 06:46:49,670 [Time-limited test] INFO  ozone.MiniOzoneClusterImpl (MiniOzoneClusterImpl.java:lambda$waitForHddsDatanodesStop$3(373)) - Waiting on 1 datanodes out of 2 to be marked unhealthy.
2022-02-12 06:46:50,670 [Time-limited test] INFO  ozone.MiniOzoneClusterImpl (MiniOzoneClusterImpl.java:lambda$waitForHddsDatanodesStop$3(373)) - Waiting on 1 datanodes out of 2 to be marked unhealthy.
2022-02-12 06:46:50,963 [fbc88013-4e58-4ce2-8f92-86967c0fe77f@group-07E8C718409E-FollowerState] INFO  impl.FollowerState (FollowerState.java:run(134)) - fbc88013-4e58-4ce2-8f92-86967c0fe77f@group-07E8C718409E-FollowerState: change to CANDIDATE, lastRpcElapsedTime:5111879955ns, electionTimeout:5108ms
2022-02-12 06:46:50,963 [fbc88013-4e58-4ce2-8f92-86967c0fe77f@group-07E8C718409E-FollowerState] INFO  impl.RoleInfo (RoleInfo.java:shutdownFollowerState(108)) - fbc88013-4e58-4ce2-8f92-86967c0fe77f: shutdown fbc88013-4e58-4ce2-8f92-86967c0fe77f@group-07E8C718409E-FollowerState
2022-02-12 06:46:50,963 [fbc88013-4e58-4ce2-8f92-86967c0fe77f@group-07E8C718409E-FollowerState] INFO  server.RaftServer$Division (RaftServerImpl.java:setRole(290)) - fbc88013-4e58-4ce2-8f92-86967c0fe77f@group-07E8C718409E: changes role from  FOLLOWER to CANDIDATE at term 12 for changeToCandidate
2022-02-12 06:46:50,963 [fbc88013-4e58-4ce2-8f92-86967c0fe77f@group-07E8C718409E-FollowerState] INFO  server.RaftServerConfigKeys (ConfUtils.java:logGet(44)) - raft.server.leaderelection.pre-vote = false (custom)
2022-02-12 06:46:50,963 [fbc88013-4e58-4ce2-8f92-86967c0fe77f@group-07E8C718409E-FollowerState] INFO  impl.RoleInfo (RoleInfo.java:updateAndGet(130)) - fbc88013-4e58-4ce2-8f92-86967c0fe77f: start fbc88013-4e58-4ce2-8f92-86967c0fe77f@group-07E8C718409E-LeaderElection45
2022-02-12 06:46:50,974 [fbc88013-4e58-4ce2-8f92-86967c0fe77f@group-07E8C718409E-LeaderElection45] INFO  impl.LeaderElection (LeaderElection.java:askForVotes(306)) - fbc88013-4e58-4ce2-8f92-86967c0fe77f@group-07E8C718409E-LeaderElection45 ELECTION round 0: submit vote requests at term 13 for 0: [2db57d0a-e0a4-4c64-8073-50a45d71dc35|rpc:10.1.0.21:37195|dataStream:|priority:0, 6b353d4f-0834-494e-9b42-b1853adf5598|rpc:10.1.0.21:46567|dataStream:|priority:1, fbc88013-4e58-4ce2-8f92-86967c0fe77f|rpc:10.1.0.21:45123|dataStream:|priority:0], old=null
2022-02-12 06:46:50,986 [fbc88013-4e58-4ce2-8f92-86967c0fe77f@group-07E8C718409E-LeaderElection45] INFO  impl.LeaderElection (LogUtils.java:infoOrTrace(137)) - fbc88013-4e58-4ce2-8f92-86967c0fe77f@group-07E8C718409E-LeaderElection45 got exception when requesting votes: java.util.concurrent.ExecutionException: org.apache.ratis.thirdparty.io.grpc.StatusRuntimeException: UNAVAILABLE: io exception
2022-02-12 06:46:50,989 [fbc88013-4e58-4ce2-8f92-86967c0fe77f@group-07E8C718409E-LeaderElection45] INFO  impl.LeaderElection (LogUtils.java:infoOrTrace(137)) - fbc88013-4e58-4ce2-8f92-86967c0fe77f@group-07E8C718409E-LeaderElection45 got exception when requesting votes: java.util.concurrent.ExecutionException: org.apache.ratis.thirdparty.io.grpc.StatusRuntimeException: UNAVAILABLE: io exception
2022-02-12 06:46:50,989 [fbc88013-4e58-4ce2-8f92-86967c0fe77f@group-07E8C718409E-LeaderElection45] INFO  impl.LeaderElection (LeaderElection.java:logAndReturn(89)) - fbc88013-4e58-4ce2-8f92-86967c0fe77f@group-07E8C718409E-LeaderElection45: ELECTION REJECTED received 0 response(s) and 2 exception(s):
2022-02-12 06:46:50,989 [fbc88013-4e58-4ce2-8f92-86967c0fe77f@group-07E8C718409E-LeaderElection45] INFO  impl.LeaderElection (LogUtils.java:infoOrTrace(137)) -   Exception 0: java.util.concurrent.ExecutionException: org.apache.ratis.thirdparty.io.grpc.StatusRuntimeException: UNAVAILABLE: io exception
2022-02-12 06:46:50,989 [fbc88013-4e58-4ce2-8f92-86967c0fe77f@group-07E8C718409E-LeaderElection45] INFO  impl.LeaderElection (LogUtils.java:infoOrTrace(137)) -   Exception 1: java.util.concurrent.ExecutionException: org.apache.ratis.thirdparty.io.grpc.StatusRuntimeException: UNAVAILABLE: io exception
2022-02-12 06:46:50,990 [fbc88013-4e58-4ce2-8f92-86967c0fe77f@group-07E8C718409E-LeaderElection45] INFO  impl.LeaderElection (LeaderElection.java:askForVotes(308)) - fbc88013-4e58-4ce2-8f92-86967c0fe77f@group-07E8C718409E-LeaderElection45 ELECTION round 0: result REJECTED
2022-02-12 06:46:50,990 [fbc88013-4e58-4ce2-8f92-86967c0fe77f@group-07E8C718409E-LeaderElection45] INFO  server.RaftServer$Division (RaftServerImpl.java:setRole(290)) - fbc88013-4e58-4ce2-8f92-86967c0fe77f@group-07E8C718409E: changes role from CANDIDATE to FOLLOWER at term 13 for REJECTED
2022-02-12 06:46:50,990 [fbc88013-4e58-4ce2-8f92-86967c0fe77f@group-07E8C718409E-LeaderElection45] INFO  impl.RoleInfo (RoleInfo.java:shutdownLeaderElection(121)) - fbc88013-4e58-4ce2-8f92-86967c0fe77f: shutdown fbc88013-4e58-4ce2-8f92-86967c0fe77f@group-07E8C718409E-LeaderElection45
2022-02-12 06:46:50,990 [fbc88013-4e58-4ce2-8f92-86967c0fe77f@group-07E8C718409E-LeaderElection45] INFO  impl.RoleInfo (RoleInfo.java:updateAndGet(130)) - fbc88013-4e58-4ce2-8f92-86967c0fe77f: start fbc88013-4e58-4ce2-8f92-86967c0fe77f@group-07E8C718409E-FollowerState
2022-02-12 06:46:51,139 [fbc88013-4e58-4ce2-8f92-86967c0fe77f@group-6C01376EE677-FollowerState] INFO  impl.FollowerState (FollowerState.java:run(134)) - fbc88013-4e58-4ce2-8f92-86967c0fe77f@group-6C01376EE677-FollowerState: change to CANDIDATE, lastRpcElapsedTime:5103899546ns, electionTimeout:5101ms
2022-02-12 06:46:51,139 [fbc88013-4e58-4ce2-8f92-86967c0fe77f@group-6C01376EE677-FollowerState] INFO  impl.RoleInfo (RoleInfo.java:shutdownFollowerState(108)) - fbc88013-4e58-4ce2-8f92-86967c0fe77f: shutdown fbc88013-4e58-4ce2-8f92-86967c0fe77f@group-6C01376EE677-FollowerState
2022-02-12 06:46:51,139 [fbc88013-4e58-4ce2-8f92-86967c0fe77f@group-6C01376EE677-FollowerState] INFO  server.RaftServer$Division (RaftServerImpl.java:setRole(290)) - fbc88013-4e58-4ce2-8f92-86967c0fe77f@group-6C01376EE677: changes role from  FOLLOWER to CANDIDATE at term 14 for changeToCandidate
2022-02-12 06:46:51,139 [fbc88013-4e58-4ce2-8f92-86967c0fe77f@group-6C01376EE677-FollowerState] INFO  server.RaftServerConfigKeys (ConfUtils.java:logGet(44)) - raft.server.leaderelection.pre-vote = false (custom)
2022-02-12 06:46:51,139 [fbc88013-4e58-4ce2-8f92-86967c0fe77f@group-6C01376EE677-FollowerState] INFO  impl.RoleInfo (RoleInfo.java:updateAndGet(130)) - fbc88013-4e58-4ce2-8f92-86967c0fe77f: start fbc88013-4e58-4ce2-8f92-86967c0fe77f@group-6C01376EE677-LeaderElection46
2022-02-12 06:46:51,154 [fbc88013-4e58-4ce2-8f92-86967c0fe77f@group-6C01376EE677-LeaderElection46] INFO  impl.LeaderElection (LeaderElection.java:askForVotes(306)) - fbc88013-4e58-4ce2-8f92-86967c0fe77f@group-6C01376EE677-LeaderElection46 ELECTION round 0: submit vote requests at term 15 for -1: [2db57d0a-e0a4-4c64-8073-50a45d71dc35|rpc:10.1.0.21:37195|dataStream:|priority:0, 6b353d4f-0834-494e-9b42-b1853adf5598|rpc:10.1.0.21:46567|dataStream:|priority:0, fbc88013-4e58-4ce2-8f92-86967c0fe77f|rpc:10.1.0.21:45123|dataStream:|priority:1], old=null
2022-02-12 06:46:51,161 [fbc88013-4e58-4ce2-8f92-86967c0fe77f@group-6C01376EE677-LeaderElection46] INFO  impl.LeaderElection (LogUtils.java:infoOrTrace(137)) - fbc88013-4e58-4ce2-8f92-86967c0fe77f@group-6C01376EE677-LeaderElection46 got exception when requesting votes: java.util.concurrent.ExecutionException: org.apache.ratis.thirdparty.io.grpc.StatusRuntimeException: UNAVAILABLE: io exception
2022-02-12 06:46:51,161 [fbc88013-4e58-4ce2-8f92-86967c0fe77f@group-6C01376EE677-LeaderElection46] INFO  impl.LeaderElection (LogUtils.java:infoOrTrace(137)) - fbc88013-4e58-4ce2-8f92-86967c0fe77f@group-6C01376EE677-LeaderElection46 got exception when requesting votes: java.util.concurrent.ExecutionException: org.apache.ratis.thirdparty.io.grpc.StatusRuntimeException: UNAVAILABLE: io exception
2022-02-12 06:46:51,161 [fbc88013-4e58-4ce2-8f92-86967c0fe77f@group-6C01376EE677-LeaderElection46] INFO  impl.LeaderElection (LeaderElection.java:logAndReturn(89)) - fbc88013-4e58-4ce2-8f92-86967c0fe77f@group-6C01376EE677-LeaderElection46: ELECTION REJECTED received 0 response(s) and 2 exception(s):
2022-02-12 06:46:51,161 [fbc88013-4e58-4ce2-8f92-86967c0fe77f@group-6C01376EE677-LeaderElection46] INFO  impl.LeaderElection (LogUtils.java:infoOrTrace(137)) -   Exception 0: java.util.concurrent.ExecutionException: org.apache.ratis.thirdparty.io.grpc.StatusRuntimeException: UNAVAILABLE: io exception
2022-02-12 06:46:51,161 [fbc88013-4e58-4ce2-8f92-86967c0fe77f@group-6C01376EE677-LeaderElection46] INFO  impl.LeaderElection (LogUtils.java:infoOrTrace(137)) -   Exception 1: java.util.concurrent.ExecutionException: org.apache.ratis.thirdparty.io.grpc.StatusRuntimeException: UNAVAILABLE: io exception
2022-02-12 06:46:51,162 [fbc88013-4e58-4ce2-8f92-86967c0fe77f@group-6C01376EE677-LeaderElection46] INFO  impl.LeaderElection (LeaderElection.java:askForVotes(308)) - fbc88013-4e58-4ce2-8f92-86967c0fe77f@group-6C01376EE677-LeaderElection46 ELECTION round 0: result REJECTED
2022-02-12 06:46:51,162 [fbc88013-4e58-4ce2-8f92-86967c0fe77f@group-6C01376EE677-LeaderElection46] INFO  server.RaftServer$Division (RaftServerImpl.java:setRole(290)) - fbc88013-4e58-4ce2-8f92-86967c0fe77f@group-6C01376EE677: changes role from CANDIDATE to FOLLOWER at term 15 for REJECTED
2022-02-12 06:46:51,162 [fbc88013-4e58-4ce2-8f92-86967c0fe77f@group-6C01376EE677-LeaderElection46] INFO  impl.RoleInfo (RoleInfo.java:shutdownLeaderElection(121)) - fbc88013-4e58-4ce2-8f92-86967c0fe77f: shutdown fbc88013-4e58-4ce2-8f92-86967c0fe77f@group-6C01376EE677-LeaderElection46
2022-02-12 06:46:51,162 [fbc88013-4e58-4ce2-8f92-86967c0fe77f@group-6C01376EE677-LeaderElection46] INFO  impl.RoleInfo (RoleInfo.java:updateAndGet(130)) - fbc88013-4e58-4ce2-8f92-86967c0fe77f: start fbc88013-4e58-4ce2-8f92-86967c0fe77f@group-6C01376EE677-FollowerState
2022-02-12 06:46:51,671 [Time-limited test] INFO  ozone.MiniOzoneClusterImpl (MiniOzoneClusterImpl.java:lambda$waitForHddsDatanodesStop$3(373)) - Waiting on 1 datanodes out of 2 to be marked unhealthy.
2022-02-12 06:46:52,671 [Time-limited test] INFO  ozone.MiniOzoneClusterImpl (MiniOzoneClusterImpl.java:lambda$waitForHddsDatanodesStop$3(373)) - Waiting on 1 datanodes out of 2 to be marked unhealthy.
2022-02-12 06:46:53,671 [Time-limited test] INFO  ozone.MiniOzoneClusterImpl (MiniOzoneClusterImpl.java:lambda$waitForHddsDatanodesStop$3(373)) - Waiting on 1 datanodes out of 2 to be marked unhealthy.
2022-02-12 06:46:54,672 [Time-limited test] INFO  ozone.MiniOzoneClusterImpl (MiniOzoneClusterImpl.java:lambda$waitForHddsDatanodesStop$3(373)) - Waiting on 1 datanodes out of 2 to be marked unhealthy.
2022-02-12 06:46:55,672 [Time-limited test] INFO  ozone.MiniOzoneClusterImpl (MiniOzoneClusterImpl.java:lambda$waitForHddsDatanodesStop$3(373)) - Waiting on 1 datanodes out of 2 to be marked unhealthy.
2022-02-12 06:46:56,107 [fbc88013-4e58-4ce2-8f92-86967c0fe77f@group-07E8C718409E-FollowerState] INFO  impl.FollowerState (FollowerState.java:run(134)) - fbc88013-4e58-4ce2-8f92-86967c0fe77f@group-07E8C718409E-FollowerState: change to CANDIDATE, lastRpcElapsedTime:5117531198ns, electionTimeout:5115ms
2022-02-12 06:46:56,107 [fbc88013-4e58-4ce2-8f92-86967c0fe77f@group-07E8C718409E-FollowerState] INFO  impl.RoleInfo (RoleInfo.java:shutdownFollowerState(108)) - fbc88013-4e58-4ce2-8f92-86967c0fe77f: shutdown fbc88013-4e58-4ce2-8f92-86967c0fe77f@group-07E8C718409E-FollowerState
2022-02-12 06:46:56,107 [fbc88013-4e58-4ce2-8f92-86967c0fe77f@group-07E8C718409E-FollowerState] INFO  server.RaftServer$Division (RaftServerImpl.java:setRole(290)) - fbc88013-4e58-4ce2-8f92-86967c0fe77f@group-07E8C718409E: changes role from  FOLLOWER to CANDIDATE at term 13 for changeToCandidate
2022-02-12 06:46:56,108 [fbc88013-4e58-4ce2-8f92-86967c0fe77f@group-07E8C718409E-FollowerState] INFO  server.RaftServerConfigKeys (ConfUtils.java:logGet(44)) - raft.server.leaderelection.pre-vote = false (custom)
2022-02-12 06:46:56,108 [fbc88013-4e58-4ce2-8f92-86967c0fe77f@group-07E8C718409E-FollowerState] INFO  impl.RoleInfo (RoleInfo.java:updateAndGet(130)) - fbc88013-4e58-4ce2-8f92-86967c0fe77f: start fbc88013-4e58-4ce2-8f92-86967c0fe77f@group-07E8C718409E-LeaderElection47
2022-02-12 06:46:56,121 [fbc88013-4e58-4ce2-8f92-86967c0fe77f@group-07E8C718409E-LeaderElection47] INFO  impl.LeaderElection (LeaderElection.java:askForVotes(306)) - fbc88013-4e58-4ce2-8f92-86967c0fe77f@group-07E8C718409E-LeaderElection47 ELECTION round 0: submit vote requests at term 14 for 0: [2db57d0a-e0a4-4c64-8073-50a45d71dc35|rpc:10.1.0.21:37195|dataStream:|priority:0, 6b353d4f-0834-494e-9b42-b1853adf5598|rpc:10.1.0.21:46567|dataStream:|priority:1, fbc88013-4e58-4ce2-8f92-86967c0fe77f|rpc:10.1.0.21:45123|dataStream:|priority:0], old=null
2022-02-12 06:46:56,122 [fbc88013-4e58-4ce2-8f92-86967c0fe77f@group-07E8C718409E-LeaderElection47] INFO  impl.LeaderElection (LogUtils.java:infoOrTrace(137)) - fbc88013-4e58-4ce2-8f92-86967c0fe77f@group-07E8C718409E-LeaderElection47 got exception when requesting votes: java.util.concurrent.ExecutionException: org.apache.ratis.thirdparty.io.grpc.StatusRuntimeException: UNAVAILABLE: io exception
2022-02-12 06:46:56,123 [fbc88013-4e58-4ce2-8f92-86967c0fe77f@group-07E8C718409E-LeaderElection47] INFO  impl.LeaderElection (LogUtils.java:infoOrTrace(137)) - fbc88013-4e58-4ce2-8f92-86967c0fe77f@group-07E8C718409E-LeaderElection47 got exception when requesting votes: java.util.concurrent.ExecutionException: org.apache.ratis.thirdparty.io.grpc.StatusRuntimeException: UNAVAILABLE: io exception
2022-02-12 06:46:56,123 [fbc88013-4e58-4ce2-8f92-86967c0fe77f@group-07E8C718409E-LeaderElection47] INFO  impl.LeaderElection (LeaderElection.java:logAndReturn(89)) - fbc88013-4e58-4ce2-8f92-86967c0fe77f@group-07E8C718409E-LeaderElection47: ELECTION REJECTED received 0 response(s) and 2 exception(s):
2022-02-12 06:46:56,123 [fbc88013-4e58-4ce2-8f92-86967c0fe77f@group-07E8C718409E-LeaderElection47] INFO  impl.LeaderElection (LogUtils.java:infoOrTrace(137)) -   Exception 0: java.util.concurrent.ExecutionException: org.apache.ratis.thirdparty.io.grpc.StatusRuntimeException: UNAVAILABLE: io exception
2022-02-12 06:46:56,123 [fbc88013-4e58-4ce2-8f92-86967c0fe77f@group-07E8C718409E-LeaderElection47] INFO  impl.LeaderElection (LogUtils.java:infoOrTrace(137)) -   Exception 1: java.util.concurrent.ExecutionException: org.apache.ratis.thirdparty.io.grpc.StatusRuntimeException: UNAVAILABLE: io exception
2022-02-12 06:46:56,123 [fbc88013-4e58-4ce2-8f92-86967c0fe77f@group-07E8C718409E-LeaderElection47] INFO  impl.LeaderElection (LeaderElection.java:askForVotes(308)) - fbc88013-4e58-4ce2-8f92-86967c0fe77f@group-07E8C718409E-LeaderElection47 ELECTION round 0: result REJECTED
2022-02-12 06:46:56,123 [fbc88013-4e58-4ce2-8f92-86967c0fe77f@group-07E8C718409E-LeaderElection47] INFO  server.RaftServer$Division (RaftServerImpl.java:setRole(290)) - fbc88013-4e58-4ce2-8f92-86967c0fe77f@group-07E8C718409E: changes role from CANDIDATE to FOLLOWER at term 14 for REJECTED
2022-02-12 06:46:56,123 [fbc88013-4e58-4ce2-8f92-86967c0fe77f@group-07E8C718409E-LeaderElection47] INFO  impl.RoleInfo (RoleInfo.java:shutdownLeaderElection(121)) - fbc88013-4e58-4ce2-8f92-86967c0fe77f: shutdown fbc88013-4e58-4ce2-8f92-86967c0fe77f@group-07E8C718409E-LeaderElection47
2022-02-12 06:46:56,123 [fbc88013-4e58-4ce2-8f92-86967c0fe77f@group-07E8C718409E-LeaderElection47] INFO  impl.RoleInfo (RoleInfo.java:updateAndGet(130)) - fbc88013-4e58-4ce2-8f92-86967c0fe77f: start fbc88013-4e58-4ce2-8f92-86967c0fe77f@group-07E8C718409E-FollowerState
2022-02-12 06:46:56,326 [fbc88013-4e58-4ce2-8f92-86967c0fe77f@group-6C01376EE677-FollowerState] INFO  impl.FollowerState (FollowerState.java:run(134)) - fbc88013-4e58-4ce2-8f92-86967c0fe77f@group-6C01376EE677-FollowerState: change to CANDIDATE, lastRpcElapsedTime:5164630031ns, electionTimeout:5162ms
2022-02-12 06:46:56,326 [fbc88013-4e58-4ce2-8f92-86967c0fe77f@group-6C01376EE677-FollowerState] INFO  impl.RoleInfo (RoleInfo.java:shutdownFollowerState(108)) - fbc88013-4e58-4ce2-8f92-86967c0fe77f: shutdown fbc88013-4e58-4ce2-8f92-86967c0fe77f@group-6C01376EE677-FollowerState
2022-02-12 06:46:56,327 [fbc88013-4e58-4ce2-8f92-86967c0fe77f@group-6C01376EE677-FollowerState] INFO  server.RaftServer$Division (RaftServerImpl.java:setRole(290)) - fbc88013-4e58-4ce2-8f92-86967c0fe77f@group-6C01376EE677: changes role from  FOLLOWER to CANDIDATE at term 15 for changeToCandidate
2022-02-12 06:46:56,327 [fbc88013-4e58-4ce2-8f92-86967c0fe77f@group-6C01376EE677-FollowerState] INFO  server.RaftServerConfigKeys (ConfUtils.java:logGet(44)) - raft.server.leaderelection.pre-vote = false (custom)
2022-02-12 06:46:56,327 [fbc88013-4e58-4ce2-8f92-86967c0fe77f@group-6C01376EE677-FollowerState] INFO  impl.RoleInfo (RoleInfo.java:updateAndGet(130)) - fbc88013-4e58-4ce2-8f92-86967c0fe77f: start fbc88013-4e58-4ce2-8f92-86967c0fe77f@group-6C01376EE677-LeaderElection48
2022-02-12 06:46:56,355 [fbc88013-4e58-4ce2-8f92-86967c0fe77f@group-6C01376EE677-LeaderElection48] INFO  impl.LeaderElection (LeaderElection.java:askForVotes(306)) - fbc88013-4e58-4ce2-8f92-86967c0fe77f@group-6C01376EE677-LeaderElection48 ELECTION round 0: submit vote requests at term 16 for -1: [2db57d0a-e0a4-4c64-8073-50a45d71dc35|rpc:10.1.0.21:37195|dataStream:|priority:0, 6b353d4f-0834-494e-9b42-b1853adf5598|rpc:10.1.0.21:46567|dataStream:|priority:0, fbc88013-4e58-4ce2-8f92-86967c0fe77f|rpc:10.1.0.21:45123|dataStream:|priority:1], old=null
2022-02-12 06:46:56,368 [fbc88013-4e58-4ce2-8f92-86967c0fe77f@group-6C01376EE677-LeaderElection48] INFO  impl.LeaderElection (LogUtils.java:infoOrTrace(137)) - fbc88013-4e58-4ce2-8f92-86967c0fe77f@group-6C01376EE677-LeaderElection48 got exception when requesting votes: java.util.concurrent.ExecutionException: org.apache.ratis.thirdparty.io.grpc.StatusRuntimeException: UNAVAILABLE: io exception
2022-02-12 06:46:56,368 [fbc88013-4e58-4ce2-8f92-86967c0fe77f@group-6C01376EE677-LeaderElection48] INFO  impl.LeaderElection (LogUtils.java:infoOrTrace(137)) - fbc88013-4e58-4ce2-8f92-86967c0fe77f@group-6C01376EE677-LeaderElection48 got exception when requesting votes: java.util.concurrent.ExecutionException: org.apache.ratis.thirdparty.io.grpc.StatusRuntimeException: UNAVAILABLE: io exception
2022-02-12 06:46:56,368 [fbc88013-4e58-4ce2-8f92-86967c0fe77f@group-6C01376EE677-LeaderElection48] INFO  impl.LeaderElection (LeaderElection.java:logAndReturn(89)) - fbc88013-4e58-4ce2-8f92-86967c0fe77f@group-6C01376EE677-LeaderElection48: ELECTION REJECTED received 0 response(s) and 2 exception(s):
2022-02-12 06:46:56,369 [fbc88013-4e58-4ce2-8f92-86967c0fe77f@group-6C01376EE677-LeaderElection48] INFO  impl.LeaderElection (LogUtils.java:infoOrTrace(137)) -   Exception 0: java.util.concurrent.ExecutionException: org.apache.ratis.thirdparty.io.grpc.StatusRuntimeException: UNAVAILABLE: io exception
2022-02-12 06:46:56,369 [fbc88013-4e58-4ce2-8f92-86967c0fe77f@group-6C01376EE677-LeaderElection48] INFO  impl.LeaderElection (LogUtils.java:infoOrTrace(137)) -   Exception 1: java.util.concurrent.ExecutionException: org.apache.ratis.thirdparty.io.grpc.StatusRuntimeException: UNAVAILABLE: io exception
2022-02-12 06:46:56,369 [fbc88013-4e58-4ce2-8f92-86967c0fe77f@group-6C01376EE677-LeaderElection48] INFO  impl.LeaderElection (LeaderElection.java:askForVotes(308)) - fbc88013-4e58-4ce2-8f92-86967c0fe77f@group-6C01376EE677-LeaderElection48 ELECTION round 0: result REJECTED
2022-02-12 06:46:56,369 [fbc88013-4e58-4ce2-8f92-86967c0fe77f@group-6C01376EE677-LeaderElection48] INFO  server.RaftServer$Division (RaftServerImpl.java:setRole(290)) - fbc88013-4e58-4ce2-8f92-86967c0fe77f@group-6C01376EE677: changes role from CANDIDATE to FOLLOWER at term 16 for REJECTED
2022-02-12 06:46:56,369 [fbc88013-4e58-4ce2-8f92-86967c0fe77f@group-6C01376EE677-LeaderElection48] INFO  impl.RoleInfo (RoleInfo.java:shutdownLeaderElection(121)) - fbc88013-4e58-4ce2-8f92-86967c0fe77f: shutdown fbc88013-4e58-4ce2-8f92-86967c0fe77f@group-6C01376EE677-LeaderElection48
2022-02-12 06:46:56,369 [fbc88013-4e58-4ce2-8f92-86967c0fe77f@group-6C01376EE677-LeaderElection48] INFO  impl.RoleInfo (RoleInfo.java:updateAndGet(130)) - fbc88013-4e58-4ce2-8f92-86967c0fe77f: start fbc88013-4e58-4ce2-8f92-86967c0fe77f@group-6C01376EE677-FollowerState
2022-02-12 06:46:56,673 [Time-limited test] INFO  ozone.MiniOzoneClusterImpl (MiniOzoneClusterImpl.java:lambda$waitForHddsDatanodesStop$3(373)) - Waiting on 1 datanodes out of 2 to be marked unhealthy.
2022-02-12 06:46:57,673 [Time-limited test] INFO  ozone.MiniOzoneClusterImpl (MiniOzoneClusterImpl.java:lambda$waitForHddsDatanodesStop$3(373)) - Waiting on 1 datanodes out of 2 to be marked unhealthy.
2022-02-12 06:46:58,674 [Time-limited test] INFO  ozone.MiniOzoneClusterImpl (MiniOzoneClusterImpl.java:lambda$waitForHddsDatanodesStop$3(373)) - Waiting on 1 datanodes out of 2 to be marked unhealthy.
2022-02-12 06:46:59,674 [Time-limited test] INFO  ozone.MiniOzoneClusterImpl (MiniOzoneClusterImpl.java:lambda$waitForHddsDatanodesStop$3(373)) - Waiting on 1 datanodes out of 2 to be marked unhealthy.
2022-02-12 06:47:00,680 [Time-limited test] INFO  ozone.MiniOzoneClusterImpl (MiniOzoneClusterImpl.java:lambda$waitForHddsDatanodesStop$3(373)) - Waiting on 1 datanodes out of 2 to be marked unhealthy.
2022-02-12 06:47:01,212 [fbc88013-4e58-4ce2-8f92-86967c0fe77f@group-07E8C718409E-FollowerState] INFO  impl.FollowerState (FollowerState.java:run(134)) - fbc88013-4e58-4ce2-8f92-86967c0fe77f@group-07E8C718409E-FollowerState: change to CANDIDATE, lastRpcElapsedTime:5088573275ns, electionTimeout:5088ms
2022-02-12 06:47:01,212 [fbc88013-4e58-4ce2-8f92-86967c0fe77f@group-07E8C718409E-FollowerState] INFO  impl.RoleInfo (RoleInfo.java:shutdownFollowerState(108)) - fbc88013-4e58-4ce2-8f92-86967c0fe77f: shutdown fbc88013-4e58-4ce2-8f92-86967c0fe77f@group-07E8C718409E-FollowerState
2022-02-12 06:47:01,212 [fbc88013-4e58-4ce2-8f92-86967c0fe77f@group-07E8C718409E-FollowerState] INFO  server.RaftServer$Division (RaftServerImpl.java:setRole(290)) - fbc88013-4e58-4ce2-8f92-86967c0fe77f@group-07E8C718409E: changes role from  FOLLOWER to CANDIDATE at term 14 for changeToCandidate
2022-02-12 06:47:01,212 [fbc88013-4e58-4ce2-8f92-86967c0fe77f@group-07E8C718409E-FollowerState] INFO  server.RaftServerConfigKeys (ConfUtils.java:logGet(44)) - raft.server.leaderelection.pre-vote = false (custom)
2022-02-12 06:47:01,212 [fbc88013-4e58-4ce2-8f92-86967c0fe77f@group-07E8C718409E-FollowerState] INFO  impl.RoleInfo (RoleInfo.java:updateAndGet(130)) - fbc88013-4e58-4ce2-8f92-86967c0fe77f: start fbc88013-4e58-4ce2-8f92-86967c0fe77f@group-07E8C718409E-LeaderElection49
2022-02-12 06:47:01,230 [fbc88013-4e58-4ce2-8f92-86967c0fe77f@group-07E8C718409E-LeaderElection49] INFO  impl.LeaderElection (LeaderElection.java:askForVotes(306)) - fbc88013-4e58-4ce2-8f92-86967c0fe77f@group-07E8C718409E-LeaderElection49 ELECTION round 0: submit vote requests at term 15 for 0: [2db57d0a-e0a4-4c64-8073-50a45d71dc35|rpc:10.1.0.21:37195|dataStream:|priority:0, 6b353d4f-0834-494e-9b42-b1853adf5598|rpc:10.1.0.21:46567|dataStream:|priority:1, fbc88013-4e58-4ce2-8f92-86967c0fe77f|rpc:10.1.0.21:45123|dataStream:|priority:0], old=null
2022-02-12 06:47:01,236 [fbc88013-4e58-4ce2-8f92-86967c0fe77f@group-07E8C718409E-LeaderElection49] INFO  impl.LeaderElection (LogUtils.java:infoOrTrace(137)) - fbc88013-4e58-4ce2-8f92-86967c0fe77f@group-07E8C718409E-LeaderElection49 got exception when requesting votes: java.util.concurrent.ExecutionException: org.apache.ratis.thirdparty.io.grpc.StatusRuntimeException: UNAVAILABLE: io exception
2022-02-12 06:47:01,237 [fbc88013-4e58-4ce2-8f92-86967c0fe77f@group-07E8C718409E-LeaderElection49] INFO  impl.LeaderElection (LogUtils.java:infoOrTrace(137)) - fbc88013-4e58-4ce2-8f92-86967c0fe77f@group-07E8C718409E-LeaderElection49 got exception when requesting votes: java.util.concurrent.ExecutionException: org.apache.ratis.thirdparty.io.grpc.StatusRuntimeException: UNAVAILABLE: io exception
2022-02-12 06:47:01,237 [fbc88013-4e58-4ce2-8f92-86967c0fe77f@group-07E8C718409E-LeaderElection49] INFO  impl.LeaderElection (LeaderElection.java:logAndReturn(89)) - fbc88013-4e58-4ce2-8f92-86967c0fe77f@group-07E8C718409E-LeaderElection49: ELECTION REJECTED received 0 response(s) and 2 exception(s):
2022-02-12 06:47:01,237 [fbc88013-4e58-4ce2-8f92-86967c0fe77f@group-07E8C718409E-LeaderElection49] INFO  impl.LeaderElection (LogUtils.java:infoOrTrace(137)) -   Exception 0: java.util.concurrent.ExecutionException: org.apache.ratis.thirdparty.io.grpc.StatusRuntimeException: UNAVAILABLE: io exception
2022-02-12 06:47:01,237 [fbc88013-4e58-4ce2-8f92-86967c0fe77f@group-07E8C718409E-LeaderElection49] INFO  impl.LeaderElection (LogUtils.java:infoOrTrace(137)) -   Exception 1: java.util.concurrent.ExecutionException: org.apache.ratis.thirdparty.io.grpc.StatusRuntimeException: UNAVAILABLE: io exception
2022-02-12 06:47:01,237 [fbc88013-4e58-4ce2-8f92-86967c0fe77f@group-07E8C718409E-LeaderElection49] INFO  impl.LeaderElection (LeaderElection.java:askForVotes(308)) - fbc88013-4e58-4ce2-8f92-86967c0fe77f@group-07E8C718409E-LeaderElection49 ELECTION round 0: result REJECTED
2022-02-12 06:47:01,237 [fbc88013-4e58-4ce2-8f92-86967c0fe77f@group-07E8C718409E-LeaderElection49] INFO  server.RaftServer$Division (RaftServerImpl.java:setRole(290)) - fbc88013-4e58-4ce2-8f92-86967c0fe77f@group-07E8C718409E: changes role from CANDIDATE to FOLLOWER at term 15 for REJECTED
2022-02-12 06:47:01,237 [fbc88013-4e58-4ce2-8f92-86967c0fe77f@group-07E8C718409E-LeaderElection49] INFO  impl.RoleInfo (RoleInfo.java:shutdownLeaderElection(121)) - fbc88013-4e58-4ce2-8f92-86967c0fe77f: shutdown fbc88013-4e58-4ce2-8f92-86967c0fe77f@group-07E8C718409E-LeaderElection49
2022-02-12 06:47:01,237 [fbc88013-4e58-4ce2-8f92-86967c0fe77f@group-07E8C718409E-LeaderElection49] INFO  impl.RoleInfo (RoleInfo.java:updateAndGet(130)) - fbc88013-4e58-4ce2-8f92-86967c0fe77f: start fbc88013-4e58-4ce2-8f92-86967c0fe77f@group-07E8C718409E-FollowerState
2022-02-12 06:47:01,528 [fbc88013-4e58-4ce2-8f92-86967c0fe77f@group-6C01376EE677-FollowerState] INFO  impl.FollowerState (FollowerState.java:run(134)) - fbc88013-4e58-4ce2-8f92-86967c0fe77f@group-6C01376EE677-FollowerState: change to CANDIDATE, lastRpcElapsedTime:5159309726ns, electionTimeout:5153ms
2022-02-12 06:47:01,528 [fbc88013-4e58-4ce2-8f92-86967c0fe77f@group-6C01376EE677-FollowerState] INFO  impl.RoleInfo (RoleInfo.java:shutdownFollowerState(108)) - fbc88013-4e58-4ce2-8f92-86967c0fe77f: shutdown fbc88013-4e58-4ce2-8f92-86967c0fe77f@group-6C01376EE677-FollowerState
2022-02-12 06:47:01,528 [fbc88013-4e58-4ce2-8f92-86967c0fe77f@group-6C01376EE677-FollowerState] INFO  server.RaftServer$Division (RaftServerImpl.java:setRole(290)) - fbc88013-4e58-4ce2-8f92-86967c0fe77f@group-6C01376EE677: changes role from  FOLLOWER to CANDIDATE at term 16 for changeToCandidate
2022-02-12 06:47:01,528 [fbc88013-4e58-4ce2-8f92-86967c0fe77f@group-6C01376EE677-FollowerState] INFO  server.RaftServerConfigKeys (ConfUtils.java:logGet(44)) - raft.server.leaderelection.pre-vote = false (custom)
2022-02-12 06:47:01,528 [fbc88013-4e58-4ce2-8f92-86967c0fe77f@group-6C01376EE677-FollowerState] INFO  impl.RoleInfo (RoleInfo.java:updateAndGet(130)) - fbc88013-4e58-4ce2-8f92-86967c0fe77f: start fbc88013-4e58-4ce2-8f92-86967c0fe77f@group-6C01376EE677-LeaderElection50
2022-02-12 06:47:01,538 [fbc88013-4e58-4ce2-8f92-86967c0fe77f@group-6C01376EE677-LeaderElection50] INFO  impl.LeaderElection (LeaderElection.java:askForVotes(306)) - fbc88013-4e58-4ce2-8f92-86967c0fe77f@group-6C01376EE677-LeaderElection50 ELECTION round 0: submit vote requests at term 17 for -1: [2db57d0a-e0a4-4c64-8073-50a45d71dc35|rpc:10.1.0.21:37195|dataStream:|priority:0, 6b353d4f-0834-494e-9b42-b1853adf5598|rpc:10.1.0.21:46567|dataStream:|priority:0, fbc88013-4e58-4ce2-8f92-86967c0fe77f|rpc:10.1.0.21:45123|dataStream:|priority:1], old=null
2022-02-12 06:47:01,545 [fbc88013-4e58-4ce2-8f92-86967c0fe77f@group-6C01376EE677-LeaderElection50] INFO  impl.LeaderElection (LogUtils.java:infoOrTrace(137)) - fbc88013-4e58-4ce2-8f92-86967c0fe77f@group-6C01376EE677-LeaderElection50 got exception when requesting votes: java.util.concurrent.ExecutionException: org.apache.ratis.thirdparty.io.grpc.StatusRuntimeException: UNAVAILABLE: io exception
2022-02-12 06:47:01,545 [fbc88013-4e58-4ce2-8f92-86967c0fe77f@group-6C01376EE677-LeaderElection50] INFO  impl.LeaderElection (LogUtils.java:infoOrTrace(137)) - fbc88013-4e58-4ce2-8f92-86967c0fe77f@group-6C01376EE677-LeaderElection50 got exception when requesting votes: java.util.concurrent.ExecutionException: org.apache.ratis.thirdparty.io.grpc.StatusRuntimeException: UNAVAILABLE: io exception
2022-02-12 06:47:01,545 [fbc88013-4e58-4ce2-8f92-86967c0fe77f@group-6C01376EE677-LeaderElection50] INFO  impl.LeaderElection (LeaderElection.java:logAndReturn(89)) - fbc88013-4e58-4ce2-8f92-86967c0fe77f@group-6C01376EE677-LeaderElection50: ELECTION REJECTED received 0 response(s) and 2 exception(s):
2022-02-12 06:47:01,545 [fbc88013-4e58-4ce2-8f92-86967c0fe77f@group-6C01376EE677-LeaderElection50] INFO  impl.LeaderElection (LogUtils.java:infoOrTrace(137)) -   Exception 0: java.util.concurrent.ExecutionException: org.apache.ratis.thirdparty.io.grpc.StatusRuntimeException: UNAVAILABLE: io exception
2022-02-12 06:47:01,545 [fbc88013-4e58-4ce2-8f92-86967c0fe77f@group-6C01376EE677-LeaderElection50] INFO  impl.LeaderElection (LogUtils.java:infoOrTrace(137)) -   Exception 1: java.util.concurrent.ExecutionException: org.apache.ratis.thirdparty.io.grpc.StatusRuntimeException: UNAVAILABLE: io exception
2022-02-12 06:47:01,545 [fbc88013-4e58-4ce2-8f92-86967c0fe77f@group-6C01376EE677-LeaderElection50] INFO  impl.LeaderElection (LeaderElection.java:askForVotes(308)) - fbc88013-4e58-4ce2-8f92-86967c0fe77f@group-6C01376EE677-LeaderElection50 ELECTION round 0: result REJECTED
2022-02-12 06:47:01,545 [fbc88013-4e58-4ce2-8f92-86967c0fe77f@group-6C01376EE677-LeaderElection50] INFO  server.RaftServer$Division (RaftServerImpl.java:setRole(290)) - fbc88013-4e58-4ce2-8f92-86967c0fe77f@group-6C01376EE677: changes role from CANDIDATE to FOLLOWER at term 17 for REJECTED
2022-02-12 06:47:01,545 [fbc88013-4e58-4ce2-8f92-86967c0fe77f@group-6C01376EE677-LeaderElection50] INFO  impl.RoleInfo (RoleInfo.java:shutdownLeaderElection(121)) - fbc88013-4e58-4ce2-8f92-86967c0fe77f: shutdown fbc88013-4e58-4ce2-8f92-86967c0fe77f@group-6C01376EE677-LeaderElection50
2022-02-12 06:47:01,545 [fbc88013-4e58-4ce2-8f92-86967c0fe77f@group-6C01376EE677-LeaderElection50] INFO  impl.RoleInfo (RoleInfo.java:updateAndGet(130)) - fbc88013-4e58-4ce2-8f92-86967c0fe77f: start fbc88013-4e58-4ce2-8f92-86967c0fe77f@group-6C01376EE677-FollowerState
2022-02-12 06:47:01,680 [Time-limited test] INFO  ozone.MiniOzoneClusterImpl (MiniOzoneClusterImpl.java:lambda$waitForHddsDatanodesStop$3(373)) - Waiting on 1 datanodes out of 2 to be marked unhealthy.
2022-02-12 06:47:02,681 [Time-limited test] INFO  ozone.MiniOzoneClusterImpl (MiniOzoneClusterImpl.java:lambda$waitForHddsDatanodesStop$3(373)) - Waiting on 1 datanodes out of 2 to be marked unhealthy.
2022-02-12 06:47:03,681 [Time-limited test] INFO  ozone.MiniOzoneClusterImpl (MiniOzoneClusterImpl.java:lambda$waitForHddsDatanodesStop$3(373)) - Waiting on 1 datanodes out of 2 to be marked unhealthy.
2022-02-12 06:47:04,682 [Time-limited test] INFO  ozone.MiniOzoneClusterImpl (MiniOzoneClusterImpl.java:lambda$waitForHddsDatanodesStop$3(373)) - Waiting on 1 datanodes out of 2 to be marked unhealthy.
2022-02-12 06:47:05,682 [Time-limited test] INFO  ozone.MiniOzoneClusterImpl (MiniOzoneClusterImpl.java:lambda$waitForHddsDatanodesStop$3(373)) - Waiting on 1 datanodes out of 2 to be marked unhealthy.
2022-02-12 06:47:06,361 [fbc88013-4e58-4ce2-8f92-86967c0fe77f@group-07E8C718409E-FollowerState] INFO  impl.FollowerState (FollowerState.java:run(134)) - fbc88013-4e58-4ce2-8f92-86967c0fe77f@group-07E8C718409E-FollowerState: change to CANDIDATE, lastRpcElapsedTime:5123786517ns, electionTimeout:5121ms
2022-02-12 06:47:06,361 [fbc88013-4e58-4ce2-8f92-86967c0fe77f@group-07E8C718409E-FollowerState] INFO  impl.RoleInfo (RoleInfo.java:shutdownFollowerState(108)) - fbc88013-4e58-4ce2-8f92-86967c0fe77f: shutdown fbc88013-4e58-4ce2-8f92-86967c0fe77f@group-07E8C718409E-FollowerState
2022-02-12 06:47:06,361 [fbc88013-4e58-4ce2-8f92-86967c0fe77f@group-07E8C718409E-FollowerState] INFO  server.RaftServer$Division (RaftServerImpl.java:setRole(290)) - fbc88013-4e58-4ce2-8f92-86967c0fe77f@group-07E8C718409E: changes role from  FOLLOWER to CANDIDATE at term 15 for changeToCandidate
2022-02-12 06:47:06,361 [fbc88013-4e58-4ce2-8f92-86967c0fe77f@group-07E8C718409E-FollowerState] INFO  server.RaftServerConfigKeys (ConfUtils.java:logGet(44)) - raft.server.leaderelection.pre-vote = false (custom)
2022-02-12 06:47:06,361 [fbc88013-4e58-4ce2-8f92-86967c0fe77f@group-07E8C718409E-FollowerState] INFO  impl.RoleInfo (RoleInfo.java:updateAndGet(130)) - fbc88013-4e58-4ce2-8f92-86967c0fe77f: start fbc88013-4e58-4ce2-8f92-86967c0fe77f@group-07E8C718409E-LeaderElection51
2022-02-12 06:47:06,371 [fbc88013-4e58-4ce2-8f92-86967c0fe77f@group-07E8C718409E-LeaderElection51] INFO  impl.LeaderElection (LeaderElection.java:askForVotes(306)) - fbc88013-4e58-4ce2-8f92-86967c0fe77f@group-07E8C718409E-LeaderElection51 ELECTION round 0: submit vote requests at term 16 for 0: [2db57d0a-e0a4-4c64-8073-50a45d71dc35|rpc:10.1.0.21:37195|dataStream:|priority:0, 6b353d4f-0834-494e-9b42-b1853adf5598|rpc:10.1.0.21:46567|dataStream:|priority:1, fbc88013-4e58-4ce2-8f92-86967c0fe77f|rpc:10.1.0.21:45123|dataStream:|priority:0], old=null
2022-02-12 06:47:06,372 [fbc88013-4e58-4ce2-8f92-86967c0fe77f@group-07E8C718409E-LeaderElection51] INFO  impl.LeaderElection (LogUtils.java:infoOrTrace(137)) - fbc88013-4e58-4ce2-8f92-86967c0fe77f@group-07E8C718409E-LeaderElection51 got exception when requesting votes: java.util.concurrent.ExecutionException: org.apache.ratis.thirdparty.io.grpc.StatusRuntimeException: UNAVAILABLE: io exception
2022-02-12 06:47:06,379 [fbc88013-4e58-4ce2-8f92-86967c0fe77f@group-07E8C718409E-LeaderElection51] INFO  impl.LeaderElection (LogUtils.java:infoOrTrace(137)) - fbc88013-4e58-4ce2-8f92-86967c0fe77f@group-07E8C718409E-LeaderElection51 got exception when requesting votes: java.util.concurrent.ExecutionException: org.apache.ratis.thirdparty.io.grpc.StatusRuntimeException: UNAVAILABLE: io exception
2022-02-12 06:47:06,379 [fbc88013-4e58-4ce2-8f92-86967c0fe77f@group-07E8C718409E-LeaderElection51] INFO  impl.LeaderElection (LeaderElection.java:logAndReturn(89)) - fbc88013-4e58-4ce2-8f92-86967c0fe77f@group-07E8C718409E-LeaderElection51: ELECTION REJECTED received 0 response(s) and 2 exception(s):
2022-02-12 06:47:06,379 [fbc88013-4e58-4ce2-8f92-86967c0fe77f@group-07E8C718409E-LeaderElection51] INFO  impl.LeaderElection (LogUtils.java:infoOrTrace(137)) -   Exception 0: java.util.concurrent.ExecutionException: org.apache.ratis.thirdparty.io.grpc.StatusRuntimeException: UNAVAILABLE: io exception
2022-02-12 06:47:06,379 [fbc88013-4e58-4ce2-8f92-86967c0fe77f@group-07E8C718409E-LeaderElection51] INFO  impl.LeaderElection (LogUtils.java:infoOrTrace(137)) -   Exception 1: java.util.concurrent.ExecutionException: org.apache.ratis.thirdparty.io.grpc.StatusRuntimeException: UNAVAILABLE: io exception
2022-02-12 06:47:06,379 [fbc88013-4e58-4ce2-8f92-86967c0fe77f@group-07E8C718409E-LeaderElection51] INFO  impl.LeaderElection (LeaderElection.java:askForVotes(308)) - fbc88013-4e58-4ce2-8f92-86967c0fe77f@group-07E8C718409E-LeaderElection51 ELECTION round 0: result REJECTED
2022-02-12 06:47:06,379 [fbc88013-4e58-4ce2-8f92-86967c0fe77f@group-07E8C718409E-LeaderElection51] INFO  server.RaftServer$Division (RaftServerImpl.java:setRole(290)) - fbc88013-4e58-4ce2-8f92-86967c0fe77f@group-07E8C718409E: changes role from CANDIDATE to FOLLOWER at term 16 for REJECTED
2022-02-12 06:47:06,380 [fbc88013-4e58-4ce2-8f92-86967c0fe77f@group-07E8C718409E-LeaderElection51] INFO  impl.RoleInfo (RoleInfo.java:shutdownLeaderElection(121)) - fbc88013-4e58-4ce2-8f92-86967c0fe77f: shutdown fbc88013-4e58-4ce2-8f92-86967c0fe77f@group-07E8C718409E-LeaderElection51
2022-02-12 06:47:06,380 [fbc88013-4e58-4ce2-8f92-86967c0fe77f@group-07E8C718409E-LeaderElection51] INFO  impl.RoleInfo (RoleInfo.java:updateAndGet(130)) - fbc88013-4e58-4ce2-8f92-86967c0fe77f: start fbc88013-4e58-4ce2-8f92-86967c0fe77f@group-07E8C718409E-FollowerState
2022-02-12 06:47:06,567 [fbc88013-4e58-4ce2-8f92-86967c0fe77f@group-6C01376EE677-FollowerState] INFO  impl.FollowerState (FollowerState.java:run(134)) - fbc88013-4e58-4ce2-8f92-86967c0fe77f@group-6C01376EE677-FollowerState: change to CANDIDATE, lastRpcElapsedTime:5021461639ns, electionTimeout:5016ms
2022-02-12 06:47:06,567 [fbc88013-4e58-4ce2-8f92-86967c0fe77f@group-6C01376EE677-FollowerState] INFO  impl.RoleInfo (RoleInfo.java:shutdownFollowerState(108)) - fbc88013-4e58-4ce2-8f92-86967c0fe77f: shutdown fbc88013-4e58-4ce2-8f92-86967c0fe77f@group-6C01376EE677-FollowerState
2022-02-12 06:47:06,567 [fbc88013-4e58-4ce2-8f92-86967c0fe77f@group-6C01376EE677-FollowerState] INFO  server.RaftServer$Division (RaftServerImpl.java:setRole(290)) - fbc88013-4e58-4ce2-8f92-86967c0fe77f@group-6C01376EE677: changes role from  FOLLOWER to CANDIDATE at term 17 for changeToCandidate
2022-02-12 06:47:06,567 [fbc88013-4e58-4ce2-8f92-86967c0fe77f@group-6C01376EE677-FollowerState] INFO  server.RaftServerConfigKeys (ConfUtils.java:logGet(44)) - raft.server.leaderelection.pre-vote = false (custom)
2022-02-12 06:47:06,567 [fbc88013-4e58-4ce2-8f92-86967c0fe77f@group-6C01376EE677-FollowerState] INFO  impl.RoleInfo (RoleInfo.java:updateAndGet(130)) - fbc88013-4e58-4ce2-8f92-86967c0fe77f: start fbc88013-4e58-4ce2-8f92-86967c0fe77f@group-6C01376EE677-LeaderElection52
2022-02-12 06:47:06,584 [fbc88013-4e58-4ce2-8f92-86967c0fe77f@group-6C01376EE677-LeaderElection52] INFO  impl.LeaderElection (LeaderElection.java:askForVotes(306)) - fbc88013-4e58-4ce2-8f92-86967c0fe77f@group-6C01376EE677-LeaderElection52 ELECTION round 0: submit vote requests at term 18 for -1: [2db57d0a-e0a4-4c64-8073-50a45d71dc35|rpc:10.1.0.21:37195|dataStream:|priority:0, 6b353d4f-0834-494e-9b42-b1853adf5598|rpc:10.1.0.21:46567|dataStream:|priority:0, fbc88013-4e58-4ce2-8f92-86967c0fe77f|rpc:10.1.0.21:45123|dataStream:|priority:1], old=null
2022-02-12 06:47:06,592 [fbc88013-4e58-4ce2-8f92-86967c0fe77f@group-6C01376EE677-LeaderElection52] INFO  impl.LeaderElection (LogUtils.java:infoOrTrace(137)) - fbc88013-4e58-4ce2-8f92-86967c0fe77f@group-6C01376EE677-LeaderElection52 got exception when requesting votes: java.util.concurrent.ExecutionException: org.apache.ratis.thirdparty.io.grpc.StatusRuntimeException: UNAVAILABLE: io exception
2022-02-12 06:47:06,594 [fbc88013-4e58-4ce2-8f92-86967c0fe77f@group-6C01376EE677-LeaderElection52] INFO  impl.LeaderElection (LogUtils.java:infoOrTrace(137)) - fbc88013-4e58-4ce2-8f92-86967c0fe77f@group-6C01376EE677-LeaderElection52 got exception when requesting votes: java.util.concurrent.ExecutionException: org.apache.ratis.thirdparty.io.grpc.StatusRuntimeException: UNAVAILABLE: io exception
2022-02-12 06:47:06,594 [fbc88013-4e58-4ce2-8f92-86967c0fe77f@group-6C01376EE677-LeaderElection52] INFO  impl.LeaderElection (LeaderElection.java:logAndReturn(89)) - fbc88013-4e58-4ce2-8f92-86967c0fe77f@group-6C01376EE677-LeaderElection52: ELECTION REJECTED received 0 response(s) and 2 exception(s):
2022-02-12 06:47:06,594 [fbc88013-4e58-4ce2-8f92-86967c0fe77f@group-6C01376EE677-LeaderElection52] INFO  impl.LeaderElection (LogUtils.java:infoOrTrace(137)) -   Exception 0: java.util.concurrent.ExecutionException: org.apache.ratis.thirdparty.io.grpc.StatusRuntimeException: UNAVAILABLE: io exception
2022-02-12 06:47:06,594 [fbc88013-4e58-4ce2-8f92-86967c0fe77f@group-6C01376EE677-LeaderElection52] INFO  impl.LeaderElection (LogUtils.java:infoOrTrace(137)) -   Exception 1: java.util.concurrent.ExecutionException: org.apache.ratis.thirdparty.io.grpc.StatusRuntimeException: UNAVAILABLE: io exception
2022-02-12 06:47:06,594 [fbc88013-4e58-4ce2-8f92-86967c0fe77f@group-6C01376EE677-LeaderElection52] INFO  impl.LeaderElection (LeaderElection.java:askForVotes(308)) - fbc88013-4e58-4ce2-8f92-86967c0fe77f@group-6C01376EE677-LeaderElection52 ELECTION round 0: result REJECTED
2022-02-12 06:47:06,594 [fbc88013-4e58-4ce2-8f92-86967c0fe77f@group-6C01376EE677-LeaderElection52] INFO  server.RaftServer$Division (RaftServerImpl.java:setRole(290)) - fbc88013-4e58-4ce2-8f92-86967c0fe77f@group-6C01376EE677: changes role from CANDIDATE to FOLLOWER at term 18 for REJECTED
2022-02-12 06:47:06,595 [fbc88013-4e58-4ce2-8f92-86967c0fe77f@group-6C01376EE677-LeaderElection52] INFO  impl.RoleInfo (RoleInfo.java:shutdownLeaderElection(121)) - fbc88013-4e58-4ce2-8f92-86967c0fe77f: shutdown fbc88013-4e58-4ce2-8f92-86967c0fe77f@group-6C01376EE677-LeaderElection52
2022-02-12 06:47:06,595 [fbc88013-4e58-4ce2-8f92-86967c0fe77f@group-6C01376EE677-LeaderElection52] INFO  impl.RoleInfo (RoleInfo.java:updateAndGet(130)) - fbc88013-4e58-4ce2-8f92-86967c0fe77f: start fbc88013-4e58-4ce2-8f92-86967c0fe77f@group-6C01376EE677-FollowerState
2022-02-12 06:47:06,682 [Time-limited test] INFO  ozone.MiniOzoneClusterImpl (MiniOzoneClusterImpl.java:lambda$waitForHddsDatanodesStop$3(373)) - Waiting on 1 datanodes out of 2 to be marked unhealthy.
2022-02-12 06:47:07,683 [Time-limited test] INFO  ozone.MiniOzoneClusterImpl (MiniOzoneClusterImpl.java:lambda$waitForHddsDatanodesStop$3(373)) - Waiting on 1 datanodes out of 2 to be marked unhealthy.
2022-02-12 06:47:08,683 [Time-limited test] INFO  ozone.MiniOzoneClusterImpl (MiniOzoneClusterImpl.java:lambda$waitForHddsDatanodesStop$3(373)) - Waiting on 1 datanodes out of 2 to be marked unhealthy.
2022-02-12 06:47:09,683 [Time-limited test] INFO  ozone.MiniOzoneClusterImpl (MiniOzoneClusterImpl.java:lambda$waitForHddsDatanodesStop$3(373)) - Waiting on 1 datanodes out of 2 to be marked unhealthy.
2022-02-12 06:47:10,684 [Time-limited test] INFO  ozone.MiniOzoneClusterImpl (MiniOzoneClusterImpl.java:lambda$waitForHddsDatanodesStop$3(373)) - Waiting on 1 datanodes out of 2 to be marked unhealthy.
2022-02-12 06:47:11,521 [fbc88013-4e58-4ce2-8f92-86967c0fe77f@group-07E8C718409E-FollowerState] INFO  impl.FollowerState (FollowerState.java:run(134)) - fbc88013-4e58-4ce2-8f92-86967c0fe77f@group-07E8C718409E-FollowerState: change to CANDIDATE, lastRpcElapsedTime:5141520323ns, electionTimeout:5137ms
2022-02-12 06:47:11,521 [fbc88013-4e58-4ce2-8f92-86967c0fe77f@group-07E8C718409E-FollowerState] INFO  impl.RoleInfo (RoleInfo.java:shutdownFollowerState(108)) - fbc88013-4e58-4ce2-8f92-86967c0fe77f: shutdown fbc88013-4e58-4ce2-8f92-86967c0fe77f@group-07E8C718409E-FollowerState
2022-02-12 06:47:11,521 [fbc88013-4e58-4ce2-8f92-86967c0fe77f@group-07E8C718409E-FollowerState] INFO  server.RaftServer$Division (RaftServerImpl.java:setRole(290)) - fbc88013-4e58-4ce2-8f92-86967c0fe77f@group-07E8C718409E: changes role from  FOLLOWER to CANDIDATE at term 16 for changeToCandidate
2022-02-12 06:47:11,521 [fbc88013-4e58-4ce2-8f92-86967c0fe77f@group-07E8C718409E-FollowerState] INFO  server.RaftServerConfigKeys (ConfUtils.java:logGet(44)) - raft.server.leaderelection.pre-vote = false (custom)
2022-02-12 06:47:11,522 [fbc88013-4e58-4ce2-8f92-86967c0fe77f@group-07E8C718409E-FollowerState] INFO  impl.RoleInfo (RoleInfo.java:updateAndGet(130)) - fbc88013-4e58-4ce2-8f92-86967c0fe77f: start fbc88013-4e58-4ce2-8f92-86967c0fe77f@group-07E8C718409E-LeaderElection53
2022-02-12 06:47:11,541 [fbc88013-4e58-4ce2-8f92-86967c0fe77f@group-07E8C718409E-LeaderElection53] INFO  impl.LeaderElection (LeaderElection.java:askForVotes(306)) - fbc88013-4e58-4ce2-8f92-86967c0fe77f@group-07E8C718409E-LeaderElection53 ELECTION round 0: submit vote requests at term 17 for 0: [2db57d0a-e0a4-4c64-8073-50a45d71dc35|rpc:10.1.0.21:37195|dataStream:|priority:0, 6b353d4f-0834-494e-9b42-b1853adf5598|rpc:10.1.0.21:46567|dataStream:|priority:1, fbc88013-4e58-4ce2-8f92-86967c0fe77f|rpc:10.1.0.21:45123|dataStream:|priority:0], old=null
2022-02-12 06:47:11,551 [fbc88013-4e58-4ce2-8f92-86967c0fe77f@group-07E8C718409E-LeaderElection53] INFO  impl.LeaderElection (LogUtils.java:infoOrTrace(137)) - fbc88013-4e58-4ce2-8f92-86967c0fe77f@group-07E8C718409E-LeaderElection53 got exception when requesting votes: java.util.concurrent.ExecutionException: org.apache.ratis.thirdparty.io.grpc.StatusRuntimeException: UNAVAILABLE: io exception
2022-02-12 06:47:11,552 [fbc88013-4e58-4ce2-8f92-86967c0fe77f@group-07E8C718409E-LeaderElection53] INFO  impl.LeaderElection (LogUtils.java:infoOrTrace(137)) - fbc88013-4e58-4ce2-8f92-86967c0fe77f@group-07E8C718409E-LeaderElection53 got exception when requesting votes: java.util.concurrent.ExecutionException: org.apache.ratis.thirdparty.io.grpc.StatusRuntimeException: UNAVAILABLE: io exception
2022-02-12 06:47:11,552 [fbc88013-4e58-4ce2-8f92-86967c0fe77f@group-07E8C718409E-LeaderElection53] INFO  impl.LeaderElection (LeaderElection.java:logAndReturn(89)) - fbc88013-4e58-4ce2-8f92-86967c0fe77f@group-07E8C718409E-LeaderElection53: ELECTION REJECTED received 0 response(s) and 2 exception(s):
2022-02-12 06:47:11,552 [fbc88013-4e58-4ce2-8f92-86967c0fe77f@group-07E8C718409E-LeaderElection53] INFO  impl.LeaderElection (LogUtils.java:infoOrTrace(137)) -   Exception 0: java.util.concurrent.ExecutionException: org.apache.ratis.thirdparty.io.grpc.StatusRuntimeException: UNAVAILABLE: io exception
2022-02-12 06:47:11,552 [fbc88013-4e58-4ce2-8f92-86967c0fe77f@group-07E8C718409E-LeaderElection53] INFO  impl.LeaderElection (LogUtils.java:infoOrTrace(137)) -   Exception 1: java.util.concurrent.ExecutionException: org.apache.ratis.thirdparty.io.grpc.StatusRuntimeException: UNAVAILABLE: io exception
2022-02-12 06:47:11,552 [fbc88013-4e58-4ce2-8f92-86967c0fe77f@group-07E8C718409E-LeaderElection53] INFO  impl.LeaderElection (LeaderElection.java:askForVotes(308)) - fbc88013-4e58-4ce2-8f92-86967c0fe77f@group-07E8C718409E-LeaderElection53 ELECTION round 0: result REJECTED
2022-02-12 06:47:11,552 [fbc88013-4e58-4ce2-8f92-86967c0fe77f@group-07E8C718409E-LeaderElection53] INFO  server.RaftServer$Division (RaftServerImpl.java:setRole(290)) - fbc88013-4e58-4ce2-8f92-86967c0fe77f@group-07E8C718409E: changes role from CANDIDATE to FOLLOWER at term 17 for REJECTED
2022-02-12 06:47:11,552 [fbc88013-4e58-4ce2-8f92-86967c0fe77f@group-07E8C718409E-LeaderElection53] INFO  impl.RoleInfo (RoleInfo.java:shutdownLeaderElection(121)) - fbc88013-4e58-4ce2-8f92-86967c0fe77f: shutdown fbc88013-4e58-4ce2-8f92-86967c0fe77f@group-07E8C718409E-LeaderElection53
2022-02-12 06:47:11,553 [fbc88013-4e58-4ce2-8f92-86967c0fe77f@group-07E8C718409E-LeaderElection53] INFO  impl.RoleInfo (RoleInfo.java:updateAndGet(130)) - fbc88013-4e58-4ce2-8f92-86967c0fe77f: start fbc88013-4e58-4ce2-8f92-86967c0fe77f@group-07E8C718409E-FollowerState
2022-02-12 06:47:11,629 [fbc88013-4e58-4ce2-8f92-86967c0fe77f@group-6C01376EE677-FollowerState] INFO  impl.FollowerState (FollowerState.java:run(134)) - fbc88013-4e58-4ce2-8f92-86967c0fe77f@group-6C01376EE677-FollowerState: change to CANDIDATE, lastRpcElapsedTime:5034687686ns, electionTimeout:5031ms
2022-02-12 06:47:11,629 [fbc88013-4e58-4ce2-8f92-86967c0fe77f@group-6C01376EE677-FollowerState] INFO  impl.RoleInfo (RoleInfo.java:shutdownFollowerState(108)) - fbc88013-4e58-4ce2-8f92-86967c0fe77f: shutdown fbc88013-4e58-4ce2-8f92-86967c0fe77f@group-6C01376EE677-FollowerState
2022-02-12 06:47:11,629 [fbc88013-4e58-4ce2-8f92-86967c0fe77f@group-6C01376EE677-FollowerState] INFO  server.RaftServer$Division (RaftServerImpl.java:setRole(290)) - fbc88013-4e58-4ce2-8f92-86967c0fe77f@group-6C01376EE677: changes role from  FOLLOWER to CANDIDATE at term 18 for changeToCandidate
2022-02-12 06:47:11,630 [fbc88013-4e58-4ce2-8f92-86967c0fe77f@group-6C01376EE677-FollowerState] INFO  server.RaftServerConfigKeys (ConfUtils.java:logGet(44)) - raft.server.leaderelection.pre-vote = false (custom)
2022-02-12 06:47:11,630 [fbc88013-4e58-4ce2-8f92-86967c0fe77f@group-6C01376EE677-FollowerState] INFO  impl.RoleInfo (RoleInfo.java:updateAndGet(130)) - fbc88013-4e58-4ce2-8f92-86967c0fe77f: start fbc88013-4e58-4ce2-8f92-86967c0fe77f@group-6C01376EE677-LeaderElection54
2022-02-12 06:47:11,636 [fbc88013-4e58-4ce2-8f92-86967c0fe77f@group-6C01376EE677-LeaderElection54] INFO  impl.LeaderElection (LeaderElection.java:askForVotes(306)) - fbc88013-4e58-4ce2-8f92-86967c0fe77f@group-6C01376EE677-LeaderElection54 ELECTION round 0: submit vote requests at term 19 for -1: [2db57d0a-e0a4-4c64-8073-50a45d71dc35|rpc:10.1.0.21:37195|dataStream:|priority:0, 6b353d4f-0834-494e-9b42-b1853adf5598|rpc:10.1.0.21:46567|dataStream:|priority:0, fbc88013-4e58-4ce2-8f92-86967c0fe77f|rpc:10.1.0.21:45123|dataStream:|priority:1], old=null
2022-02-12 06:47:11,644 [fbc88013-4e58-4ce2-8f92-86967c0fe77f@group-6C01376EE677-LeaderElection54] INFO  impl.LeaderElection (LogUtils.java:infoOrTrace(137)) - fbc88013-4e58-4ce2-8f92-86967c0fe77f@group-6C01376EE677-LeaderElection54 got exception when requesting votes: java.util.concurrent.ExecutionException: org.apache.ratis.thirdparty.io.grpc.StatusRuntimeException: UNAVAILABLE: io exception
2022-02-12 06:47:11,646 [fbc88013-4e58-4ce2-8f92-86967c0fe77f@group-6C01376EE677-LeaderElection54] INFO  impl.LeaderElection (LogUtils.java:infoOrTrace(137)) - fbc88013-4e58-4ce2-8f92-86967c0fe77f@group-6C01376EE677-LeaderElection54 got exception when requesting votes: java.util.concurrent.ExecutionException: org.apache.ratis.thirdparty.io.grpc.StatusRuntimeException: UNAVAILABLE: io exception
2022-02-12 06:47:11,646 [fbc88013-4e58-4ce2-8f92-86967c0fe77f@group-6C01376EE677-LeaderElection54] INFO  impl.LeaderElection (LeaderElection.java:logAndReturn(89)) - fbc88013-4e58-4ce2-8f92-86967c0fe77f@group-6C01376EE677-LeaderElection54: ELECTION REJECTED received 0 response(s) and 2 exception(s):
2022-02-12 06:47:11,646 [fbc88013-4e58-4ce2-8f92-86967c0fe77f@group-6C01376EE677-LeaderElection54] INFO  impl.LeaderElection (LogUtils.java:infoOrTrace(137)) -   Exception 0: java.util.concurrent.ExecutionException: org.apache.ratis.thirdparty.io.grpc.StatusRuntimeException: UNAVAILABLE: io exception
2022-02-12 06:47:11,646 [fbc88013-4e58-4ce2-8f92-86967c0fe77f@group-6C01376EE677-LeaderElection54] INFO  impl.LeaderElection (LogUtils.java:infoOrTrace(137)) -   Exception 1: java.util.concurrent.ExecutionException: org.apache.ratis.thirdparty.io.grpc.StatusRuntimeException: UNAVAILABLE: io exception
2022-02-12 06:47:11,646 [fbc88013-4e58-4ce2-8f92-86967c0fe77f@group-6C01376EE677-LeaderElection54] INFO  impl.LeaderElection (LeaderElection.java:askForVotes(308)) - fbc88013-4e58-4ce2-8f92-86967c0fe77f@group-6C01376EE677-LeaderElection54 ELECTION round 0: result REJECTED
2022-02-12 06:47:11,647 [fbc88013-4e58-4ce2-8f92-86967c0fe77f@group-6C01376EE677-LeaderElection54] INFO  server.RaftServer$Division (RaftServerImpl.java:setRole(290)) - fbc88013-4e58-4ce2-8f92-86967c0fe77f@group-6C01376EE677: changes role from CANDIDATE to FOLLOWER at term 19 for REJECTED
2022-02-12 06:47:11,647 [fbc88013-4e58-4ce2-8f92-86967c0fe77f@group-6C01376EE677-LeaderElection54] INFO  impl.RoleInfo (RoleInfo.java:shutdownLeaderElection(121)) - fbc88013-4e58-4ce2-8f92-86967c0fe77f: shutdown fbc88013-4e58-4ce2-8f92-86967c0fe77f@group-6C01376EE677-LeaderElection54
2022-02-12 06:47:11,647 [fbc88013-4e58-4ce2-8f92-86967c0fe77f@group-6C01376EE677-LeaderElection54] INFO  impl.RoleInfo (RoleInfo.java:updateAndGet(130)) - fbc88013-4e58-4ce2-8f92-86967c0fe77f: start fbc88013-4e58-4ce2-8f92-86967c0fe77f@group-6C01376EE677-FollowerState
2022-02-12 06:47:11,684 [Time-limited test] INFO  ozone.MiniOzoneClusterImpl (MiniOzoneClusterImpl.java:lambda$waitForHddsDatanodesStop$3(373)) - Waiting on 1 datanodes out of 2 to be marked unhealthy.
2022-02-12 06:47:12,686 [Time-limited test] INFO  ozone.MiniOzoneClusterImpl (MiniOzoneClusterImpl.java:lambda$waitForHddsDatanodesStop$3(373)) - Waiting on 1 datanodes out of 2 to be marked unhealthy.
2022-02-12 06:47:13,687 [Time-limited test] INFO  ozone.MiniOzoneClusterImpl (MiniOzoneClusterImpl.java:lambda$waitForHddsDatanodesStop$3(373)) - Waiting on 1 datanodes out of 2 to be marked unhealthy.
2022-02-12 06:47:14,687 [Time-limited test] INFO  ozone.MiniOzoneClusterImpl (MiniOzoneClusterImpl.java:lambda$waitForHddsDatanodesStop$3(373)) - Waiting on 1 datanodes out of 2 to be marked unhealthy.
2022-02-12 06:47:15,687 [Time-limited test] INFO  ozone.MiniOzoneClusterImpl (MiniOzoneClusterImpl.java:lambda$waitForHddsDatanodesStop$3(373)) - Waiting on 1 datanodes out of 2 to be marked unhealthy.
2022-02-12 06:47:16,583 [fbc88013-4e58-4ce2-8f92-86967c0fe77f@group-07E8C718409E-FollowerState] INFO  impl.FollowerState (FollowerState.java:run(134)) - fbc88013-4e58-4ce2-8f92-86967c0fe77f@group-07E8C718409E-FollowerState: change to CANDIDATE, lastRpcElapsedTime:5030661201ns, electionTimeout:5027ms
2022-02-12 06:47:16,583 [fbc88013-4e58-4ce2-8f92-86967c0fe77f@group-07E8C718409E-FollowerState] INFO  impl.RoleInfo (RoleInfo.java:shutdownFollowerState(108)) - fbc88013-4e58-4ce2-8f92-86967c0fe77f: shutdown fbc88013-4e58-4ce2-8f92-86967c0fe77f@group-07E8C718409E-FollowerState
2022-02-12 06:47:16,584 [fbc88013-4e58-4ce2-8f92-86967c0fe77f@group-07E8C718409E-FollowerState] INFO  server.RaftServer$Division (RaftServerImpl.java:setRole(290)) - fbc88013-4e58-4ce2-8f92-86967c0fe77f@group-07E8C718409E: changes role from  FOLLOWER to CANDIDATE at term 17 for changeToCandidate
2022-02-12 06:47:16,584 [fbc88013-4e58-4ce2-8f92-86967c0fe77f@group-07E8C718409E-FollowerState] INFO  server.RaftServerConfigKeys (ConfUtils.java:logGet(44)) - raft.server.leaderelection.pre-vote = false (custom)
2022-02-12 06:47:16,584 [fbc88013-4e58-4ce2-8f92-86967c0fe77f@group-07E8C718409E-FollowerState] INFO  impl.RoleInfo (RoleInfo.java:updateAndGet(130)) - fbc88013-4e58-4ce2-8f92-86967c0fe77f: start fbc88013-4e58-4ce2-8f92-86967c0fe77f@group-07E8C718409E-LeaderElection55
2022-02-12 06:47:16,607 [fbc88013-4e58-4ce2-8f92-86967c0fe77f@group-07E8C718409E-LeaderElection55] INFO  impl.LeaderElection (LeaderElection.java:askForVotes(306)) - fbc88013-4e58-4ce2-8f92-86967c0fe77f@group-07E8C718409E-LeaderElection55 ELECTION round 0: submit vote requests at term 18 for 0: [2db57d0a-e0a4-4c64-8073-50a45d71dc35|rpc:10.1.0.21:37195|dataStream:|priority:0, 6b353d4f-0834-494e-9b42-b1853adf5598|rpc:10.1.0.21:46567|dataStream:|priority:1, fbc88013-4e58-4ce2-8f92-86967c0fe77f|rpc:10.1.0.21:45123|dataStream:|priority:0], old=null
2022-02-12 06:47:16,616 [fbc88013-4e58-4ce2-8f92-86967c0fe77f@group-07E8C718409E-LeaderElection55] INFO  impl.LeaderElection (LogUtils.java:infoOrTrace(137)) - fbc88013-4e58-4ce2-8f92-86967c0fe77f@group-07E8C718409E-LeaderElection55 got exception when requesting votes: java.util.concurrent.ExecutionException: org.apache.ratis.thirdparty.io.grpc.StatusRuntimeException: UNAVAILABLE: io exception
2022-02-12 06:47:16,619 [fbc88013-4e58-4ce2-8f92-86967c0fe77f@group-07E8C718409E-LeaderElection55] INFO  impl.LeaderElection (LogUtils.java:infoOrTrace(137)) - fbc88013-4e58-4ce2-8f92-86967c0fe77f@group-07E8C718409E-LeaderElection55 got exception when requesting votes: java.util.concurrent.ExecutionException: org.apache.ratis.thirdparty.io.grpc.StatusRuntimeException: UNAVAILABLE: io exception
2022-02-12 06:47:16,619 [fbc88013-4e58-4ce2-8f92-86967c0fe77f@group-07E8C718409E-LeaderElection55] INFO  impl.LeaderElection (LeaderElection.java:logAndReturn(89)) - fbc88013-4e58-4ce2-8f92-86967c0fe77f@group-07E8C718409E-LeaderElection55: ELECTION REJECTED received 0 response(s) and 2 exception(s):
2022-02-12 06:47:16,619 [fbc88013-4e58-4ce2-8f92-86967c0fe77f@group-07E8C718409E-LeaderElection55] INFO  impl.LeaderElection (LogUtils.java:infoOrTrace(137)) -   Exception 0: java.util.concurrent.ExecutionException: org.apache.ratis.thirdparty.io.grpc.StatusRuntimeException: UNAVAILABLE: io exception
2022-02-12 06:47:16,619 [fbc88013-4e58-4ce2-8f92-86967c0fe77f@group-07E8C718409E-LeaderElection55] INFO  impl.LeaderElection (LogUtils.java:infoOrTrace(137)) -   Exception 1: java.util.concurrent.ExecutionException: org.apache.ratis.thirdparty.io.grpc.StatusRuntimeException: UNAVAILABLE: io exception
2022-02-12 06:47:16,619 [fbc88013-4e58-4ce2-8f92-86967c0fe77f@group-07E8C718409E-LeaderElection55] INFO  impl.LeaderElection (LeaderElection.java:askForVotes(308)) - fbc88013-4e58-4ce2-8f92-86967c0fe77f@group-07E8C718409E-LeaderElection55 ELECTION round 0: result REJECTED
2022-02-12 06:47:16,619 [fbc88013-4e58-4ce2-8f92-86967c0fe77f@group-07E8C718409E-LeaderElection55] INFO  server.RaftServer$Division (RaftServerImpl.java:setRole(290)) - fbc88013-4e58-4ce2-8f92-86967c0fe77f@group-07E8C718409E: changes role from CANDIDATE to FOLLOWER at term 18 for REJECTED
2022-02-12 06:47:16,619 [fbc88013-4e58-4ce2-8f92-86967c0fe77f@group-07E8C718409E-LeaderElection55] INFO  impl.RoleInfo (RoleInfo.java:shutdownLeaderElection(121)) - fbc88013-4e58-4ce2-8f92-86967c0fe77f: shutdown fbc88013-4e58-4ce2-8f92-86967c0fe77f@group-07E8C718409E-LeaderElection55
2022-02-12 06:47:16,619 [fbc88013-4e58-4ce2-8f92-86967c0fe77f@group-07E8C718409E-LeaderElection55] INFO  impl.RoleInfo (RoleInfo.java:updateAndGet(130)) - fbc88013-4e58-4ce2-8f92-86967c0fe77f: start fbc88013-4e58-4ce2-8f92-86967c0fe77f@group-07E8C718409E-FollowerState
2022-02-12 06:47:16,674 [fbc88013-4e58-4ce2-8f92-86967c0fe77f@group-6C01376EE677-FollowerState] INFO  impl.FollowerState (FollowerState.java:run(134)) - fbc88013-4e58-4ce2-8f92-86967c0fe77f@group-6C01376EE677-FollowerState: change to CANDIDATE, lastRpcElapsedTime:5027597360ns, electionTimeout:5027ms
2022-02-12 06:47:16,674 [fbc88013-4e58-4ce2-8f92-86967c0fe77f@group-6C01376EE677-FollowerState] INFO  impl.RoleInfo (RoleInfo.java:shutdownFollowerState(108)) - fbc88013-4e58-4ce2-8f92-86967c0fe77f: shutdown fbc88013-4e58-4ce2-8f92-86967c0fe77f@group-6C01376EE677-FollowerState
2022-02-12 06:47:16,675 [fbc88013-4e58-4ce2-8f92-86967c0fe77f@group-6C01376EE677-FollowerState] INFO  server.RaftServer$Division (RaftServerImpl.java:setRole(290)) - fbc88013-4e58-4ce2-8f92-86967c0fe77f@group-6C01376EE677: changes role from  FOLLOWER to CANDIDATE at term 19 for changeToCandidate
2022-02-12 06:47:16,675 [fbc88013-4e58-4ce2-8f92-86967c0fe77f@group-6C01376EE677-FollowerState] INFO  server.RaftServerConfigKeys (ConfUtils.java:logGet(44)) - raft.server.leaderelection.pre-vote = false (custom)
2022-02-12 06:47:16,675 [fbc88013-4e58-4ce2-8f92-86967c0fe77f@group-6C01376EE677-FollowerState] INFO  impl.RoleInfo (RoleInfo.java:updateAndGet(130)) - fbc88013-4e58-4ce2-8f92-86967c0fe77f: start fbc88013-4e58-4ce2-8f92-86967c0fe77f@group-6C01376EE677-LeaderElection56
2022-02-12 06:47:16,683 [fbc88013-4e58-4ce2-8f92-86967c0fe77f@group-6C01376EE677-LeaderElection56] INFO  impl.LeaderElection (LeaderElection.java:askForVotes(306)) - fbc88013-4e58-4ce2-8f92-86967c0fe77f@group-6C01376EE677-LeaderElection56 ELECTION round 0: submit vote requests at term 20 for -1: [2db57d0a-e0a4-4c64-8073-50a45d71dc35|rpc:10.1.0.21:37195|dataStream:|priority:0, 6b353d4f-0834-494e-9b42-b1853adf5598|rpc:10.1.0.21:46567|dataStream:|priority:0, fbc88013-4e58-4ce2-8f92-86967c0fe77f|rpc:10.1.0.21:45123|dataStream:|priority:1], old=null
2022-02-12 06:47:16,688 [Time-limited test] INFO  ozone.MiniOzoneClusterImpl (MiniOzoneClusterImpl.java:lambda$waitForHddsDatanodesStop$3(373)) - Waiting on 1 datanodes out of 2 to be marked unhealthy.
2022-02-12 06:47:16,691 [fbc88013-4e58-4ce2-8f92-86967c0fe77f@group-6C01376EE677-LeaderElection56] INFO  impl.LeaderElection (LogUtils.java:infoOrTrace(137)) - fbc88013-4e58-4ce2-8f92-86967c0fe77f@group-6C01376EE677-LeaderElection56 got exception when requesting votes: java.util.concurrent.ExecutionException: org.apache.ratis.thirdparty.io.grpc.StatusRuntimeException: UNAVAILABLE: io exception
2022-02-12 06:47:16,692 [fbc88013-4e58-4ce2-8f92-86967c0fe77f@group-6C01376EE677-LeaderElection56] INFO  impl.LeaderElection (LogUtils.java:infoOrTrace(137)) - fbc88013-4e58-4ce2-8f92-86967c0fe77f@group-6C01376EE677-LeaderElection56 got exception when requesting votes: java.util.concurrent.ExecutionException: org.apache.ratis.thirdparty.io.grpc.StatusRuntimeException: UNAVAILABLE: io exception
2022-02-12 06:47:16,692 [fbc88013-4e58-4ce2-8f92-86967c0fe77f@group-6C01376EE677-LeaderElection56] INFO  impl.LeaderElection (LeaderElection.java:logAndReturn(89)) - fbc88013-4e58-4ce2-8f92-86967c0fe77f@group-6C01376EE677-LeaderElection56: ELECTION REJECTED received 0 response(s) and 2 exception(s):
2022-02-12 06:47:16,692 [fbc88013-4e58-4ce2-8f92-86967c0fe77f@group-6C01376EE677-LeaderElection56] INFO  impl.LeaderElection (LogUtils.java:infoOrTrace(137)) -   Exception 0: java.util.concurrent.ExecutionException: org.apache.ratis.thirdparty.io.grpc.StatusRuntimeException: UNAVAILABLE: io exception
2022-02-12 06:47:16,692 [fbc88013-4e58-4ce2-8f92-86967c0fe77f@group-6C01376EE677-LeaderElection56] INFO  impl.LeaderElection (LogUtils.java:infoOrTrace(137)) -   Exception 1: java.util.concurrent.ExecutionException: org.apache.ratis.thirdparty.io.grpc.StatusRuntimeException: UNAVAILABLE: io exception
2022-02-12 06:47:16,692 [fbc88013-4e58-4ce2-8f92-86967c0fe77f@group-6C01376EE677-LeaderElection56] INFO  impl.LeaderElection (LeaderElection.java:askForVotes(308)) - fbc88013-4e58-4ce2-8f92-86967c0fe77f@group-6C01376EE677-LeaderElection56 ELECTION round 0: result REJECTED
2022-02-12 06:47:16,692 [fbc88013-4e58-4ce2-8f92-86967c0fe77f@group-6C01376EE677-LeaderElection56] INFO  server.RaftServer$Division (RaftServerImpl.java:setRole(290)) - fbc88013-4e58-4ce2-8f92-86967c0fe77f@group-6C01376EE677: changes role from CANDIDATE to FOLLOWER at term 20 for REJECTED
2022-02-12 06:47:16,692 [fbc88013-4e58-4ce2-8f92-86967c0fe77f@group-6C01376EE677-LeaderElection56] INFO  impl.RoleInfo (RoleInfo.java:shutdownLeaderElection(121)) - fbc88013-4e58-4ce2-8f92-86967c0fe77f: shutdown fbc88013-4e58-4ce2-8f92-86967c0fe77f@group-6C01376EE677-LeaderElection56
2022-02-12 06:47:16,692 [fbc88013-4e58-4ce2-8f92-86967c0fe77f@group-6C01376EE677-LeaderElection56] INFO  impl.RoleInfo (RoleInfo.java:updateAndGet(130)) - fbc88013-4e58-4ce2-8f92-86967c0fe77f: start fbc88013-4e58-4ce2-8f92-86967c0fe77f@group-6C01376EE677-FollowerState
2022-02-12 06:47:17,688 [Time-limited test] INFO  ozone.MiniOzoneClusterImpl (MiniOzoneClusterImpl.java:lambda$waitForHddsDatanodesStop$3(373)) - Waiting on 1 datanodes out of 2 to be marked unhealthy.
2022-02-12 06:47:18,689 [Time-limited test] INFO  ozone.MiniOzoneClusterImpl (MiniOzoneClusterImpl.java:lambda$waitForHddsDatanodesStop$3(373)) - Waiting on 1 datanodes out of 2 to be marked unhealthy.
2022-02-12 06:47:19,689 [Time-limited test] INFO  ozone.MiniOzoneClusterImpl (MiniOzoneClusterImpl.java:lambda$waitForHddsDatanodesStop$3(373)) - Waiting on 1 datanodes out of 2 to be marked unhealthy.
2022-02-12 06:47:20,689 [Time-limited test] INFO  ozone.MiniOzoneClusterImpl (MiniOzoneClusterImpl.java:lambda$waitForHddsDatanodesStop$3(373)) - Waiting on 1 datanodes out of 2 to be marked unhealthy.
2022-02-12 06:47:21,690 [Time-limited test] INFO  ozone.MiniOzoneClusterImpl (MiniOzoneClusterImpl.java:lambda$waitForHddsDatanodesStop$3(373)) - Waiting on 1 datanodes out of 2 to be marked unhealthy.
2022-02-12 06:47:21,718 [fbc88013-4e58-4ce2-8f92-86967c0fe77f@group-6C01376EE677-FollowerState] INFO  impl.FollowerState (FollowerState.java:run(134)) - fbc88013-4e58-4ce2-8f92-86967c0fe77f@group-6C01376EE677-FollowerState: change to CANDIDATE, lastRpcElapsedTime:5025827306ns, electionTimeout:5020ms
2022-02-12 06:47:21,718 [fbc88013-4e58-4ce2-8f92-86967c0fe77f@group-6C01376EE677-FollowerState] INFO  impl.RoleInfo (RoleInfo.java:shutdownFollowerState(108)) - fbc88013-4e58-4ce2-8f92-86967c0fe77f: shutdown fbc88013-4e58-4ce2-8f92-86967c0fe77f@group-6C01376EE677-FollowerState
2022-02-12 06:47:21,718 [fbc88013-4e58-4ce2-8f92-86967c0fe77f@group-6C01376EE677-FollowerState] INFO  server.RaftServer$Division (RaftServerImpl.java:setRole(290)) - fbc88013-4e58-4ce2-8f92-86967c0fe77f@group-6C01376EE677: changes role from  FOLLOWER to CANDIDATE at term 20 for changeToCandidate
2022-02-12 06:47:21,718 [fbc88013-4e58-4ce2-8f92-86967c0fe77f@group-6C01376EE677-FollowerState] INFO  server.RaftServerConfigKeys (ConfUtils.java:logGet(44)) - raft.server.leaderelection.pre-vote = false (custom)
2022-02-12 06:47:21,718 [fbc88013-4e58-4ce2-8f92-86967c0fe77f@group-6C01376EE677-FollowerState] INFO  impl.RoleInfo (RoleInfo.java:updateAndGet(130)) - fbc88013-4e58-4ce2-8f92-86967c0fe77f: start fbc88013-4e58-4ce2-8f92-86967c0fe77f@group-6C01376EE677-LeaderElection57
2022-02-12 06:47:21,734 [fbc88013-4e58-4ce2-8f92-86967c0fe77f@group-07E8C718409E-FollowerState] INFO  impl.FollowerState (FollowerState.java:run(134)) - fbc88013-4e58-4ce2-8f92-86967c0fe77f@group-07E8C718409E-FollowerState: change to CANDIDATE, lastRpcElapsedTime:5115189406ns, electionTimeout:5112ms
2022-02-12 06:47:21,735 [fbc88013-4e58-4ce2-8f92-86967c0fe77f@group-07E8C718409E-FollowerState] INFO  impl.RoleInfo (RoleInfo.java:shutdownFollowerState(108)) - fbc88013-4e58-4ce2-8f92-86967c0fe77f: shutdown fbc88013-4e58-4ce2-8f92-86967c0fe77f@group-07E8C718409E-FollowerState
2022-02-12 06:47:21,735 [fbc88013-4e58-4ce2-8f92-86967c0fe77f@group-07E8C718409E-FollowerState] INFO  server.RaftServer$Division (RaftServerImpl.java:setRole(290)) - fbc88013-4e58-4ce2-8f92-86967c0fe77f@group-07E8C718409E: changes role from  FOLLOWER to CANDIDATE at term 18 for changeToCandidate
2022-02-12 06:47:21,735 [fbc88013-4e58-4ce2-8f92-86967c0fe77f@group-07E8C718409E-FollowerState] INFO  server.RaftServerConfigKeys (ConfUtils.java:logGet(44)) - raft.server.leaderelection.pre-vote = false (custom)
2022-02-12 06:47:21,735 [fbc88013-4e58-4ce2-8f92-86967c0fe77f@group-07E8C718409E-FollowerState] INFO  impl.RoleInfo (RoleInfo.java:updateAndGet(130)) - fbc88013-4e58-4ce2-8f92-86967c0fe77f: start fbc88013-4e58-4ce2-8f92-86967c0fe77f@group-07E8C718409E-LeaderElection58
2022-02-12 06:47:21,736 [fbc88013-4e58-4ce2-8f92-86967c0fe77f@group-6C01376EE677-LeaderElection57] INFO  impl.LeaderElection (LeaderElection.java:askForVotes(306)) - fbc88013-4e58-4ce2-8f92-86967c0fe77f@group-6C01376EE677-LeaderElection57 ELECTION round 0: submit vote requests at term 21 for -1: [2db57d0a-e0a4-4c64-8073-50a45d71dc35|rpc:10.1.0.21:37195|dataStream:|priority:0, 6b353d4f-0834-494e-9b42-b1853adf5598|rpc:10.1.0.21:46567|dataStream:|priority:0, fbc88013-4e58-4ce2-8f92-86967c0fe77f|rpc:10.1.0.21:45123|dataStream:|priority:1], old=null
2022-02-12 06:47:21,747 [fbc88013-4e58-4ce2-8f92-86967c0fe77f@group-07E8C718409E-LeaderElection58] INFO  impl.LeaderElection (LeaderElection.java:askForVotes(306)) - fbc88013-4e58-4ce2-8f92-86967c0fe77f@group-07E8C718409E-LeaderElection58 ELECTION round 0: submit vote requests at term 19 for 0: [2db57d0a-e0a4-4c64-8073-50a45d71dc35|rpc:10.1.0.21:37195|dataStream:|priority:0, 6b353d4f-0834-494e-9b42-b1853adf5598|rpc:10.1.0.21:46567|dataStream:|priority:1, fbc88013-4e58-4ce2-8f92-86967c0fe77f|rpc:10.1.0.21:45123|dataStream:|priority:0], old=null
2022-02-12 06:47:21,751 [fbc88013-4e58-4ce2-8f92-86967c0fe77f@group-07E8C718409E-LeaderElection58] INFO  impl.LeaderElection (LogUtils.java:infoOrTrace(137)) - fbc88013-4e58-4ce2-8f92-86967c0fe77f@group-07E8C718409E-LeaderElection58 got exception when requesting votes: java.util.concurrent.ExecutionException: org.apache.ratis.thirdparty.io.grpc.StatusRuntimeException: UNAVAILABLE: io exception
2022-02-12 06:47:21,751 [fbc88013-4e58-4ce2-8f92-86967c0fe77f@group-6C01376EE677-LeaderElection57] INFO  impl.LeaderElection (LogUtils.java:infoOrTrace(137)) - fbc88013-4e58-4ce2-8f92-86967c0fe77f@group-6C01376EE677-LeaderElection57 got exception when requesting votes: java.util.concurrent.ExecutionException: org.apache.ratis.thirdparty.io.grpc.StatusRuntimeException: UNAVAILABLE: io exception
2022-02-12 06:47:21,752 [fbc88013-4e58-4ce2-8f92-86967c0fe77f@group-07E8C718409E-LeaderElection58] INFO  impl.LeaderElection (LogUtils.java:infoOrTrace(137)) - fbc88013-4e58-4ce2-8f92-86967c0fe77f@group-07E8C718409E-LeaderElection58 got exception when requesting votes: java.util.concurrent.ExecutionException: org.apache.ratis.thirdparty.io.grpc.StatusRuntimeException: UNAVAILABLE: io exception
2022-02-12 06:47:21,752 [fbc88013-4e58-4ce2-8f92-86967c0fe77f@group-07E8C718409E-LeaderElection58] INFO  impl.LeaderElection (LeaderElection.java:logAndReturn(89)) - fbc88013-4e58-4ce2-8f92-86967c0fe77f@group-07E8C718409E-LeaderElection58: ELECTION REJECTED received 0 response(s) and 2 exception(s):
2022-02-12 06:47:21,752 [fbc88013-4e58-4ce2-8f92-86967c0fe77f@group-07E8C718409E-LeaderElection58] INFO  impl.LeaderElection (LogUtils.java:infoOrTrace(137)) -   Exception 0: java.util.concurrent.ExecutionException: org.apache.ratis.thirdparty.io.grpc.StatusRuntimeException: UNAVAILABLE: io exception
2022-02-12 06:47:21,752 [fbc88013-4e58-4ce2-8f92-86967c0fe77f@group-07E8C718409E-LeaderElection58] INFO  impl.LeaderElection (LogUtils.java:infoOrTrace(137)) -   Exception 1: java.util.concurrent.ExecutionException: org.apache.ratis.thirdparty.io.grpc.StatusRuntimeException: UNAVAILABLE: io exception
2022-02-12 06:47:21,752 [fbc88013-4e58-4ce2-8f92-86967c0fe77f@group-07E8C718409E-LeaderElection58] INFO  impl.LeaderElection (LeaderElection.java:askForVotes(308)) - fbc88013-4e58-4ce2-8f92-86967c0fe77f@group-07E8C718409E-LeaderElection58 ELECTION round 0: result REJECTED
2022-02-12 06:47:21,752 [fbc88013-4e58-4ce2-8f92-86967c0fe77f@group-07E8C718409E-LeaderElection58] INFO  server.RaftServer$Division (RaftServerImpl.java:setRole(290)) - fbc88013-4e58-4ce2-8f92-86967c0fe77f@group-07E8C718409E: changes role from CANDIDATE to FOLLOWER at term 19 for REJECTED
2022-02-12 06:47:21,752 [fbc88013-4e58-4ce2-8f92-86967c0fe77f@group-07E8C718409E-LeaderElection58] INFO  impl.RoleInfo (RoleInfo.java:shutdownLeaderElection(121)) - fbc88013-4e58-4ce2-8f92-86967c0fe77f: shutdown fbc88013-4e58-4ce2-8f92-86967c0fe77f@group-07E8C718409E-LeaderElection58
2022-02-12 06:47:21,752 [fbc88013-4e58-4ce2-8f92-86967c0fe77f@group-07E8C718409E-LeaderElection58] INFO  impl.RoleInfo (RoleInfo.java:updateAndGet(130)) - fbc88013-4e58-4ce2-8f92-86967c0fe77f: start fbc88013-4e58-4ce2-8f92-86967c0fe77f@group-07E8C718409E-FollowerState
2022-02-12 06:47:21,752 [fbc88013-4e58-4ce2-8f92-86967c0fe77f@group-6C01376EE677-LeaderElection57] INFO  impl.LeaderElection (LogUtils.java:infoOrTrace(137)) - fbc88013-4e58-4ce2-8f92-86967c0fe77f@group-6C01376EE677-LeaderElection57 got exception when requesting votes: java.util.concurrent.ExecutionException: org.apache.ratis.thirdparty.io.grpc.StatusRuntimeException: UNAVAILABLE: io exception
2022-02-12 06:47:21,752 [fbc88013-4e58-4ce2-8f92-86967c0fe77f@group-6C01376EE677-LeaderElection57] INFO  impl.LeaderElection (LeaderElection.java:logAndReturn(89)) - fbc88013-4e58-4ce2-8f92-86967c0fe77f@group-6C01376EE677-LeaderElection57: ELECTION REJECTED received 0 response(s) and 2 exception(s):
2022-02-12 06:47:21,753 [fbc88013-4e58-4ce2-8f92-86967c0fe77f@group-6C01376EE677-LeaderElection57] INFO  impl.LeaderElection (LogUtils.java:infoOrTrace(137)) -   Exception 0: java.util.concurrent.ExecutionException: org.apache.ratis.thirdparty.io.grpc.StatusRuntimeException: UNAVAILABLE: io exception
2022-02-12 06:47:21,753 [fbc88013-4e58-4ce2-8f92-86967c0fe77f@group-6C01376EE677-LeaderElection57] INFO  impl.LeaderElection (LogUtils.java:infoOrTrace(137)) -   Exception 1: java.util.concurrent.ExecutionException: org.apache.ratis.thirdparty.io.grpc.StatusRuntimeException: UNAVAILABLE: io exception
2022-02-12 06:47:21,753 [fbc88013-4e58-4ce2-8f92-86967c0fe77f@group-6C01376EE677-LeaderElection57] INFO  impl.LeaderElection (LeaderElection.java:askForVotes(308)) - fbc88013-4e58-4ce2-8f92-86967c0fe77f@group-6C01376EE677-LeaderElection57 ELECTION round 0: result REJECTED
2022-02-12 06:47:21,753 [fbc88013-4e58-4ce2-8f92-86967c0fe77f@group-6C01376EE677-LeaderElection57] INFO  server.RaftServer$Division (RaftServerImpl.java:setRole(290)) - fbc88013-4e58-4ce2-8f92-86967c0fe77f@group-6C01376EE677: changes role from CANDIDATE to FOLLOWER at term 21 for REJECTED
2022-02-12 06:47:21,753 [fbc88013-4e58-4ce2-8f92-86967c0fe77f@group-6C01376EE677-LeaderElection57] INFO  impl.RoleInfo (RoleInfo.java:shutdownLeaderElection(121)) - fbc88013-4e58-4ce2-8f92-86967c0fe77f: shutdown fbc88013-4e58-4ce2-8f92-86967c0fe77f@group-6C01376EE677-LeaderElection57
2022-02-12 06:47:21,753 [fbc88013-4e58-4ce2-8f92-86967c0fe77f@group-6C01376EE677-LeaderElection57] INFO  impl.RoleInfo (RoleInfo.java:updateAndGet(130)) - fbc88013-4e58-4ce2-8f92-86967c0fe77f: start fbc88013-4e58-4ce2-8f92-86967c0fe77f@group-6C01376EE677-FollowerState
2022-02-12 06:47:22,690 [Time-limited test] INFO  ozone.MiniOzoneClusterImpl (MiniOzoneClusterImpl.java:lambda$waitForHddsDatanodesStop$3(373)) - Waiting on 1 datanodes out of 2 to be marked unhealthy.
2022-02-12 06:47:23,690 [Time-limited test] INFO  ozone.MiniOzoneClusterImpl (MiniOzoneClusterImpl.java:lambda$waitForHddsDatanodesStop$3(373)) - Waiting on 1 datanodes out of 2 to be marked unhealthy.
2022-02-12 06:47:24,691 [Time-limited test] INFO  ozone.MiniOzoneClusterImpl (MiniOzoneClusterImpl.java:lambda$waitForHddsDatanodesStop$3(373)) - Waiting on 1 datanodes out of 2 to be marked unhealthy.
2022-02-12 06:47:25,691 [Time-limited test] INFO  ozone.MiniOzoneClusterImpl (MiniOzoneClusterImpl.java:lambda$waitForHddsDatanodesStop$3(373)) - Waiting on 1 datanodes out of 2 to be marked unhealthy.
2022-02-12 06:47:26,691 [Time-limited test] INFO  ozone.MiniOzoneClusterImpl (MiniOzoneClusterImpl.java:lambda$waitForHddsDatanodesStop$3(373)) - Waiting on 1 datanodes out of 2 to be marked unhealthy.
2022-02-12 06:47:26,864 [fbc88013-4e58-4ce2-8f92-86967c0fe77f@group-07E8C718409E-FollowerState] INFO  impl.FollowerState (FollowerState.java:run(134)) - fbc88013-4e58-4ce2-8f92-86967c0fe77f@group-07E8C718409E-FollowerState: change to CANDIDATE, lastRpcElapsedTime:5111931731ns, electionTimeout:5111ms
2022-02-12 06:47:26,864 [fbc88013-4e58-4ce2-8f92-86967c0fe77f@group-07E8C718409E-FollowerState] INFO  impl.RoleInfo (RoleInfo.java:shutdownFollowerState(108)) - fbc88013-4e58-4ce2-8f92-86967c0fe77f: shutdown fbc88013-4e58-4ce2-8f92-86967c0fe77f@group-07E8C718409E-FollowerState
2022-02-12 06:47:26,864 [fbc88013-4e58-4ce2-8f92-86967c0fe77f@group-07E8C718409E-FollowerState] INFO  server.RaftServer$Division (RaftServerImpl.java:setRole(290)) - fbc88013-4e58-4ce2-8f92-86967c0fe77f@group-07E8C718409E: changes role from  FOLLOWER to CANDIDATE at term 19 for changeToCandidate
2022-02-12 06:47:26,865 [fbc88013-4e58-4ce2-8f92-86967c0fe77f@group-07E8C718409E-FollowerState] INFO  server.RaftServerConfigKeys (ConfUtils.java:logGet(44)) - raft.server.leaderelection.pre-vote = false (custom)
2022-02-12 06:47:26,865 [fbc88013-4e58-4ce2-8f92-86967c0fe77f@group-07E8C718409E-FollowerState] INFO  impl.RoleInfo (RoleInfo.java:updateAndGet(130)) - fbc88013-4e58-4ce2-8f92-86967c0fe77f: start fbc88013-4e58-4ce2-8f92-86967c0fe77f@group-07E8C718409E-LeaderElection59
2022-02-12 06:47:26,886 [fbc88013-4e58-4ce2-8f92-86967c0fe77f@group-07E8C718409E-LeaderElection59] INFO  impl.LeaderElection (LeaderElection.java:askForVotes(306)) - fbc88013-4e58-4ce2-8f92-86967c0fe77f@group-07E8C718409E-LeaderElection59 ELECTION round 0: submit vote requests at term 20 for 0: [2db57d0a-e0a4-4c64-8073-50a45d71dc35|rpc:10.1.0.21:37195|dataStream:|priority:0, 6b353d4f-0834-494e-9b42-b1853adf5598|rpc:10.1.0.21:46567|dataStream:|priority:1, fbc88013-4e58-4ce2-8f92-86967c0fe77f|rpc:10.1.0.21:45123|dataStream:|priority:0], old=null
2022-02-12 06:47:26,893 [fbc88013-4e58-4ce2-8f92-86967c0fe77f@group-07E8C718409E-LeaderElection59] INFO  impl.LeaderElection (LogUtils.java:infoOrTrace(137)) - fbc88013-4e58-4ce2-8f92-86967c0fe77f@group-07E8C718409E-LeaderElection59 got exception when requesting votes: java.util.concurrent.ExecutionException: org.apache.ratis.thirdparty.io.grpc.StatusRuntimeException: UNAVAILABLE: io exception
2022-02-12 06:47:26,894 [fbc88013-4e58-4ce2-8f92-86967c0fe77f@group-07E8C718409E-LeaderElection59] INFO  impl.LeaderElection (LogUtils.java:infoOrTrace(137)) - fbc88013-4e58-4ce2-8f92-86967c0fe77f@group-07E8C718409E-LeaderElection59 got exception when requesting votes: java.util.concurrent.ExecutionException: org.apache.ratis.thirdparty.io.grpc.StatusRuntimeException: UNAVAILABLE: io exception
2022-02-12 06:47:26,894 [fbc88013-4e58-4ce2-8f92-86967c0fe77f@group-07E8C718409E-LeaderElection59] INFO  impl.LeaderElection (LeaderElection.java:logAndReturn(89)) - fbc88013-4e58-4ce2-8f92-86967c0fe77f@group-07E8C718409E-LeaderElection59: ELECTION REJECTED received 0 response(s) and 2 exception(s):
2022-02-12 06:47:26,894 [fbc88013-4e58-4ce2-8f92-86967c0fe77f@group-07E8C718409E-LeaderElection59] INFO  impl.LeaderElection (LogUtils.java:infoOrTrace(137)) -   Exception 0: java.util.concurrent.ExecutionException: org.apache.ratis.thirdparty.io.grpc.StatusRuntimeException: UNAVAILABLE: io exception
2022-02-12 06:47:26,894 [fbc88013-4e58-4ce2-8f92-86967c0fe77f@group-07E8C718409E-LeaderElection59] INFO  impl.LeaderElection (LogUtils.java:infoOrTrace(137)) -   Exception 1: java.util.concurrent.ExecutionException: org.apache.ratis.thirdparty.io.grpc.StatusRuntimeException: UNAVAILABLE: io exception
2022-02-12 06:47:26,894 [fbc88013-4e58-4ce2-8f92-86967c0fe77f@group-07E8C718409E-LeaderElection59] INFO  impl.LeaderElection (LeaderElection.java:askForVotes(308)) - fbc88013-4e58-4ce2-8f92-86967c0fe77f@group-07E8C718409E-LeaderElection59 ELECTION round 0: result REJECTED
2022-02-12 06:47:26,895 [fbc88013-4e58-4ce2-8f92-86967c0fe77f@group-07E8C718409E-LeaderElection59] INFO  server.RaftServer$Division (RaftServerImpl.java:setRole(290)) - fbc88013-4e58-4ce2-8f92-86967c0fe77f@group-07E8C718409E: changes role from CANDIDATE to FOLLOWER at term 20 for REJECTED
2022-02-12 06:47:26,895 [fbc88013-4e58-4ce2-8f92-86967c0fe77f@group-07E8C718409E-LeaderElection59] INFO  impl.RoleInfo (RoleInfo.java:shutdownLeaderElection(121)) - fbc88013-4e58-4ce2-8f92-86967c0fe77f: shutdown fbc88013-4e58-4ce2-8f92-86967c0fe77f@group-07E8C718409E-LeaderElection59
2022-02-12 06:47:26,895 [fbc88013-4e58-4ce2-8f92-86967c0fe77f@group-07E8C718409E-LeaderElection59] INFO  impl.RoleInfo (RoleInfo.java:updateAndGet(130)) - fbc88013-4e58-4ce2-8f92-86967c0fe77f: start fbc88013-4e58-4ce2-8f92-86967c0fe77f@group-07E8C718409E-FollowerState
2022-02-12 06:47:26,916 [fbc88013-4e58-4ce2-8f92-86967c0fe77f@group-6C01376EE677-FollowerState] INFO  impl.FollowerState (FollowerState.java:run(134)) - fbc88013-4e58-4ce2-8f92-86967c0fe77f@group-6C01376EE677-FollowerState: change to CANDIDATE, lastRpcElapsedTime:5162750514ns, electionTimeout:5162ms
2022-02-12 06:47:26,916 [fbc88013-4e58-4ce2-8f92-86967c0fe77f@group-6C01376EE677-FollowerState] INFO  impl.RoleInfo (RoleInfo.java:shutdownFollowerState(108)) - fbc88013-4e58-4ce2-8f92-86967c0fe77f: shutdown fbc88013-4e58-4ce2-8f92-86967c0fe77f@group-6C01376EE677-FollowerState
2022-02-12 06:47:26,916 [fbc88013-4e58-4ce2-8f92-86967c0fe77f@group-6C01376EE677-FollowerState] INFO  server.RaftServer$Division (RaftServerImpl.java:setRole(290)) - fbc88013-4e58-4ce2-8f92-86967c0fe77f@group-6C01376EE677: changes role from  FOLLOWER to CANDIDATE at term 21 for changeToCandidate
2022-02-12 06:47:26,916 [fbc88013-4e58-4ce2-8f92-86967c0fe77f@group-6C01376EE677-FollowerState] INFO  server.RaftServerConfigKeys (ConfUtils.java:logGet(44)) - raft.server.leaderelection.pre-vote = false (custom)
2022-02-12 06:47:26,916 [fbc88013-4e58-4ce2-8f92-86967c0fe77f@group-6C01376EE677-FollowerState] INFO  impl.RoleInfo (RoleInfo.java:updateAndGet(130)) - fbc88013-4e58-4ce2-8f92-86967c0fe77f: start fbc88013-4e58-4ce2-8f92-86967c0fe77f@group-6C01376EE677-LeaderElection60
2022-02-12 06:47:26,930 [fbc88013-4e58-4ce2-8f92-86967c0fe77f@group-6C01376EE677-LeaderElection60] INFO  impl.LeaderElection (LeaderElection.java:askForVotes(306)) - fbc88013-4e58-4ce2-8f92-86967c0fe77f@group-6C01376EE677-LeaderElection60 ELECTION round 0: submit vote requests at term 22 for -1: [2db57d0a-e0a4-4c64-8073-50a45d71dc35|rpc:10.1.0.21:37195|dataStream:|priority:0, 6b353d4f-0834-494e-9b42-b1853adf5598|rpc:10.1.0.21:46567|dataStream:|priority:0, fbc88013-4e58-4ce2-8f92-86967c0fe77f|rpc:10.1.0.21:45123|dataStream:|priority:1], old=null
2022-02-12 06:47:26,935 [fbc88013-4e58-4ce2-8f92-86967c0fe77f@group-6C01376EE677-LeaderElection60] INFO  impl.LeaderElection (LogUtils.java:infoOrTrace(137)) - fbc88013-4e58-4ce2-8f92-86967c0fe77f@group-6C01376EE677-LeaderElection60 got exception when requesting votes: java.util.concurrent.ExecutionException: org.apache.ratis.thirdparty.io.grpc.StatusRuntimeException: UNAVAILABLE: io exception
2022-02-12 06:47:26,937 [fbc88013-4e58-4ce2-8f92-86967c0fe77f@group-6C01376EE677-LeaderElection60] INFO  impl.LeaderElection (LogUtils.java:infoOrTrace(137)) - fbc88013-4e58-4ce2-8f92-86967c0fe77f@group-6C01376EE677-LeaderElection60 got exception when requesting votes: java.util.concurrent.ExecutionException: org.apache.ratis.thirdparty.io.grpc.StatusRuntimeException: UNAVAILABLE: io exception
2022-02-12 06:47:26,937 [fbc88013-4e58-4ce2-8f92-86967c0fe77f@group-6C01376EE677-LeaderElection60] INFO  impl.LeaderElection (LeaderElection.java:logAndReturn(89)) - fbc88013-4e58-4ce2-8f92-86967c0fe77f@group-6C01376EE677-LeaderElection60: ELECTION REJECTED received 0 response(s) and 2 exception(s):
2022-02-12 06:47:26,937 [fbc88013-4e58-4ce2-8f92-86967c0fe77f@group-6C01376EE677-LeaderElection60] INFO  impl.LeaderElection (LogUtils.java:infoOrTrace(137)) -   Exception 0: java.util.concurrent.ExecutionException: org.apache.ratis.thirdparty.io.grpc.StatusRuntimeException: UNAVAILABLE: io exception
2022-02-12 06:47:26,937 [fbc88013-4e58-4ce2-8f92-86967c0fe77f@group-6C01376EE677-LeaderElection60] INFO  impl.LeaderElection (LogUtils.java:infoOrTrace(137)) -   Exception 1: java.util.concurrent.ExecutionException: org.apache.ratis.thirdparty.io.grpc.StatusRuntimeException: UNAVAILABLE: io exception
2022-02-12 06:47:26,937 [fbc88013-4e58-4ce2-8f92-86967c0fe77f@group-6C01376EE677-LeaderElection60] INFO  impl.LeaderElection (LeaderElection.java:askForVotes(308)) - fbc88013-4e58-4ce2-8f92-86967c0fe77f@group-6C01376EE677-LeaderElection60 ELECTION round 0: result REJECTED
2022-02-12 06:47:26,937 [fbc88013-4e58-4ce2-8f92-86967c0fe77f@group-6C01376EE677-LeaderElection60] INFO  server.RaftServer$Division (RaftServerImpl.java:setRole(290)) - fbc88013-4e58-4ce2-8f92-86967c0fe77f@group-6C01376EE677: changes role from CANDIDATE to FOLLOWER at term 22 for REJECTED
2022-02-12 06:47:26,938 [fbc88013-4e58-4ce2-8f92-86967c0fe77f@group-6C01376EE677-LeaderElection60] INFO  impl.RoleInfo (RoleInfo.java:shutdownLeaderElection(121)) - fbc88013-4e58-4ce2-8f92-86967c0fe77f: shutdown fbc88013-4e58-4ce2-8f92-86967c0fe77f@group-6C01376EE677-LeaderElection60
2022-02-12 06:47:26,938 [fbc88013-4e58-4ce2-8f92-86967c0fe77f@group-6C01376EE677-LeaderElection60] INFO  impl.RoleInfo (RoleInfo.java:updateAndGet(130)) - fbc88013-4e58-4ce2-8f92-86967c0fe77f: start fbc88013-4e58-4ce2-8f92-86967c0fe77f@group-6C01376EE677-FollowerState
2022-02-12 06:47:27,692 [Time-limited test] INFO  ozone.MiniOzoneClusterImpl (MiniOzoneClusterImpl.java:lambda$waitForHddsDatanodesStop$3(373)) - Waiting on 1 datanodes out of 2 to be marked unhealthy.
2022-02-12 06:47:28,692 [Time-limited test] INFO  ozone.MiniOzoneClusterImpl (MiniOzoneClusterImpl.java:lambda$waitForHddsDatanodesStop$3(373)) - Waiting on 1 datanodes out of 2 to be marked unhealthy.
2022-02-12 06:47:29,693 [Time-limited test] INFO  ozone.MiniOzoneClusterImpl (MiniOzoneClusterImpl.java:lambda$waitForHddsDatanodesStop$3(373)) - Waiting on 1 datanodes out of 2 to be marked unhealthy.
2022-02-12 06:47:30,693 [Time-limited test] INFO  ozone.MiniOzoneClusterImpl (MiniOzoneClusterImpl.java:lambda$waitForHddsDatanodesStop$3(373)) - Waiting on 1 datanodes out of 2 to be marked unhealthy.
2022-02-12 06:47:31,693 [Time-limited test] INFO  ozone.MiniOzoneClusterImpl (MiniOzoneClusterImpl.java:lambda$waitForHddsDatanodesStop$3(373)) - Waiting on 1 datanodes out of 2 to be marked unhealthy.
2022-02-12 06:47:32,039 [fbc88013-4e58-4ce2-8f92-86967c0fe77f@group-07E8C718409E-FollowerState] INFO  impl.FollowerState (FollowerState.java:run(134)) - fbc88013-4e58-4ce2-8f92-86967c0fe77f@group-07E8C718409E-FollowerState: change to CANDIDATE, lastRpcElapsedTime:5144482037ns, electionTimeout:5135ms
2022-02-12 06:47:32,039 [fbc88013-4e58-4ce2-8f92-86967c0fe77f@group-07E8C718409E-FollowerState] INFO  impl.RoleInfo (RoleInfo.java:shutdownFollowerState(108)) - fbc88013-4e58-4ce2-8f92-86967c0fe77f: shutdown fbc88013-4e58-4ce2-8f92-86967c0fe77f@group-07E8C718409E-FollowerState
2022-02-12 06:47:32,039 [fbc88013-4e58-4ce2-8f92-86967c0fe77f@group-07E8C718409E-FollowerState] INFO  server.RaftServer$Division (RaftServerImpl.java:setRole(290)) - fbc88013-4e58-4ce2-8f92-86967c0fe77f@group-07E8C718409E: changes role from  FOLLOWER to CANDIDATE at term 20 for changeToCandidate
2022-02-12 06:47:32,039 [fbc88013-4e58-4ce2-8f92-86967c0fe77f@group-07E8C718409E-FollowerState] INFO  server.RaftServerConfigKeys (ConfUtils.java:logGet(44)) - raft.server.leaderelection.pre-vote = false (custom)
2022-02-12 06:47:32,040 [fbc88013-4e58-4ce2-8f92-86967c0fe77f@group-07E8C718409E-FollowerState] INFO  impl.RoleInfo (RoleInfo.java:updateAndGet(130)) - fbc88013-4e58-4ce2-8f92-86967c0fe77f: start fbc88013-4e58-4ce2-8f92-86967c0fe77f@group-07E8C718409E-LeaderElection61
2022-02-12 06:47:32,053 [fbc88013-4e58-4ce2-8f92-86967c0fe77f@group-07E8C718409E-LeaderElection61] INFO  impl.LeaderElection (LeaderElection.java:askForVotes(306)) - fbc88013-4e58-4ce2-8f92-86967c0fe77f@group-07E8C718409E-LeaderElection61 ELECTION round 0: submit vote requests at term 21 for 0: [2db57d0a-e0a4-4c64-8073-50a45d71dc35|rpc:10.1.0.21:37195|dataStream:|priority:0, 6b353d4f-0834-494e-9b42-b1853adf5598|rpc:10.1.0.21:46567|dataStream:|priority:1, fbc88013-4e58-4ce2-8f92-86967c0fe77f|rpc:10.1.0.21:45123|dataStream:|priority:0], old=null
2022-02-12 06:47:32,054 [fbc88013-4e58-4ce2-8f92-86967c0fe77f@group-07E8C718409E-LeaderElection61] INFO  impl.LeaderElection (LogUtils.java:infoOrTrace(137)) - fbc88013-4e58-4ce2-8f92-86967c0fe77f@group-07E8C718409E-LeaderElection61 got exception when requesting votes: java.util.concurrent.ExecutionException: org.apache.ratis.thirdparty.io.grpc.StatusRuntimeException: UNAVAILABLE: io exception
2022-02-12 06:47:32,054 [fbc88013-4e58-4ce2-8f92-86967c0fe77f@group-07E8C718409E-LeaderElection61] INFO  impl.LeaderElection (LogUtils.java:infoOrTrace(137)) - fbc88013-4e58-4ce2-8f92-86967c0fe77f@group-07E8C718409E-LeaderElection61 got exception when requesting votes: java.util.concurrent.ExecutionException: org.apache.ratis.thirdparty.io.grpc.StatusRuntimeException: UNAVAILABLE: io exception
2022-02-12 06:47:32,055 [fbc88013-4e58-4ce2-8f92-86967c0fe77f@group-07E8C718409E-LeaderElection61] INFO  impl.LeaderElection (LeaderElection.java:logAndReturn(89)) - fbc88013-4e58-4ce2-8f92-86967c0fe77f@group-07E8C718409E-LeaderElection61: ELECTION REJECTED received 0 response(s) and 2 exception(s):
2022-02-12 06:47:32,055 [fbc88013-4e58-4ce2-8f92-86967c0fe77f@group-07E8C718409E-LeaderElection61] INFO  impl.LeaderElection (LogUtils.java:infoOrTrace(137)) -   Exception 0: java.util.concurrent.ExecutionException: org.apache.ratis.thirdparty.io.grpc.StatusRuntimeException: UNAVAILABLE: io exception
2022-02-12 06:47:32,055 [fbc88013-4e58-4ce2-8f92-86967c0fe77f@group-07E8C718409E-LeaderElection61] INFO  impl.LeaderElection (LogUtils.java:infoOrTrace(137)) -   Exception 1: java.util.concurrent.ExecutionException: org.apache.ratis.thirdparty.io.grpc.StatusRuntimeException: UNAVAILABLE: io exception
2022-02-12 06:47:32,055 [fbc88013-4e58-4ce2-8f92-86967c0fe77f@group-07E8C718409E-LeaderElection61] INFO  impl.LeaderElection (LeaderElection.java:askForVotes(308)) - fbc88013-4e58-4ce2-8f92-86967c0fe77f@group-07E8C718409E-LeaderElection61 ELECTION round 0: result REJECTED
2022-02-12 06:47:32,055 [fbc88013-4e58-4ce2-8f92-86967c0fe77f@group-07E8C718409E-LeaderElection61] INFO  server.RaftServer$Division (RaftServerImpl.java:setRole(290)) - fbc88013-4e58-4ce2-8f92-86967c0fe77f@group-07E8C718409E: changes role from CANDIDATE to FOLLOWER at term 21 for REJECTED
2022-02-12 06:47:32,055 [fbc88013-4e58-4ce2-8f92-86967c0fe77f@group-07E8C718409E-LeaderElection61] INFO  impl.RoleInfo (RoleInfo.java:shutdownLeaderElection(121)) - fbc88013-4e58-4ce2-8f92-86967c0fe77f: shutdown fbc88013-4e58-4ce2-8f92-86967c0fe77f@group-07E8C718409E-LeaderElection61
2022-02-12 06:47:32,055 [fbc88013-4e58-4ce2-8f92-86967c0fe77f@group-07E8C718409E-LeaderElection61] INFO  impl.RoleInfo (RoleInfo.java:updateAndGet(130)) - fbc88013-4e58-4ce2-8f92-86967c0fe77f: start fbc88013-4e58-4ce2-8f92-86967c0fe77f@group-07E8C718409E-FollowerState
2022-02-12 06:47:32,071 [fbc88013-4e58-4ce2-8f92-86967c0fe77f@group-6C01376EE677-FollowerState] INFO  impl.FollowerState (FollowerState.java:run(134)) - fbc88013-4e58-4ce2-8f92-86967c0fe77f@group-6C01376EE677-FollowerState: change to CANDIDATE, lastRpcElapsedTime:5133901395ns, electionTimeout:5131ms
2022-02-12 06:47:32,072 [fbc88013-4e58-4ce2-8f92-86967c0fe77f@group-6C01376EE677-FollowerState] INFO  impl.RoleInfo (RoleInfo.java:shutdownFollowerState(108)) - fbc88013-4e58-4ce2-8f92-86967c0fe77f: shutdown fbc88013-4e58-4ce2-8f92-86967c0fe77f@group-6C01376EE677-FollowerState
2022-02-12 06:47:32,072 [fbc88013-4e58-4ce2-8f92-86967c0fe77f@group-6C01376EE677-FollowerState] INFO  server.RaftServer$Division (RaftServerImpl.java:setRole(290)) - fbc88013-4e58-4ce2-8f92-86967c0fe77f@group-6C01376EE677: changes role from  FOLLOWER to CANDIDATE at term 22 for changeToCandidate
2022-02-12 06:47:32,072 [fbc88013-4e58-4ce2-8f92-86967c0fe77f@group-6C01376EE677-FollowerState] INFO  server.RaftServerConfigKeys (ConfUtils.java:logGet(44)) - raft.server.leaderelection.pre-vote = false (custom)
2022-02-12 06:47:32,072 [fbc88013-4e58-4ce2-8f92-86967c0fe77f@group-6C01376EE677-FollowerState] INFO  impl.RoleInfo (RoleInfo.java:updateAndGet(130)) - fbc88013-4e58-4ce2-8f92-86967c0fe77f: start fbc88013-4e58-4ce2-8f92-86967c0fe77f@group-6C01376EE677-LeaderElection62
2022-02-12 06:47:32,091 [fbc88013-4e58-4ce2-8f92-86967c0fe77f@group-6C01376EE677-LeaderElection62] INFO  impl.LeaderElection (LeaderElection.java:askForVotes(306)) - fbc88013-4e58-4ce2-8f92-86967c0fe77f@group-6C01376EE677-LeaderElection62 ELECTION round 0: submit vote requests at term 23 for -1: [2db57d0a-e0a4-4c64-8073-50a45d71dc35|rpc:10.1.0.21:37195|dataStream:|priority:0, 6b353d4f-0834-494e-9b42-b1853adf5598|rpc:10.1.0.21:46567|dataStream:|priority:0, fbc88013-4e58-4ce2-8f92-86967c0fe77f|rpc:10.1.0.21:45123|dataStream:|priority:1], old=null
2022-02-12 06:47:32,102 [fbc88013-4e58-4ce2-8f92-86967c0fe77f@group-6C01376EE677-LeaderElection62] INFO  impl.LeaderElection (LogUtils.java:infoOrTrace(137)) - fbc88013-4e58-4ce2-8f92-86967c0fe77f@group-6C01376EE677-LeaderElection62 got exception when requesting votes: java.util.concurrent.ExecutionException: org.apache.ratis.thirdparty.io.grpc.StatusRuntimeException: UNAVAILABLE: io exception
2022-02-12 06:47:32,103 [fbc88013-4e58-4ce2-8f92-86967c0fe77f@group-6C01376EE677-LeaderElection62] INFO  impl.LeaderElection (LogUtils.java:infoOrTrace(137)) - fbc88013-4e58-4ce2-8f92-86967c0fe77f@group-6C01376EE677-LeaderElection62 got exception when requesting votes: java.util.concurrent.ExecutionException: org.apache.ratis.thirdparty.io.grpc.StatusRuntimeException: UNAVAILABLE: io exception
2022-02-12 06:47:32,103 [fbc88013-4e58-4ce2-8f92-86967c0fe77f@group-6C01376EE677-LeaderElection62] INFO  impl.LeaderElection (LeaderElection.java:logAndReturn(89)) - fbc88013-4e58-4ce2-8f92-86967c0fe77f@group-6C01376EE677-LeaderElection62: ELECTION REJECTED received 0 response(s) and 2 exception(s):
2022-02-12 06:47:32,103 [fbc88013-4e58-4ce2-8f92-86967c0fe77f@group-6C01376EE677-LeaderElection62] INFO  impl.LeaderElection (LogUtils.java:infoOrTrace(137)) -   Exception 0: java.util.concurrent.ExecutionException: org.apache.ratis.thirdparty.io.grpc.StatusRuntimeException: UNAVAILABLE: io exception
2022-02-12 06:47:32,103 [fbc88013-4e58-4ce2-8f92-86967c0fe77f@group-6C01376EE677-LeaderElection62] INFO  impl.LeaderElection (LogUtils.java:infoOrTrace(137)) -   Exception 1: java.util.concurrent.ExecutionException: org.apache.ratis.thirdparty.io.grpc.StatusRuntimeException: UNAVAILABLE: io exception
2022-02-12 06:47:32,103 [fbc88013-4e58-4ce2-8f92-86967c0fe77f@group-6C01376EE677-LeaderElection62] INFO  impl.LeaderElection (LeaderElection.java:askForVotes(308)) - fbc88013-4e58-4ce2-8f92-86967c0fe77f@group-6C01376EE677-LeaderElection62 ELECTION round 0: result REJECTED
2022-02-12 06:47:32,103 [fbc88013-4e58-4ce2-8f92-86967c0fe77f@group-6C01376EE677-LeaderElection62] INFO  server.RaftServer$Division (RaftServerImpl.java:setRole(290)) - fbc88013-4e58-4ce2-8f92-86967c0fe77f@group-6C01376EE677: changes role from CANDIDATE to FOLLOWER at term 23 for REJECTED
2022-02-12 06:47:32,103 [fbc88013-4e58-4ce2-8f92-86967c0fe77f@group-6C01376EE677-LeaderElection62] INFO  impl.RoleInfo (RoleInfo.java:shutdownLeaderElection(121)) - fbc88013-4e58-4ce2-8f92-86967c0fe77f: shutdown fbc88013-4e58-4ce2-8f92-86967c0fe77f@group-6C01376EE677-LeaderElection62
2022-02-12 06:47:32,103 [fbc88013-4e58-4ce2-8f92-86967c0fe77f@group-6C01376EE677-LeaderElection62] INFO  impl.RoleInfo (RoleInfo.java:updateAndGet(130)) - fbc88013-4e58-4ce2-8f92-86967c0fe77f: start fbc88013-4e58-4ce2-8f92-86967c0fe77f@group-6C01376EE677-FollowerState
2022-02-12 06:47:32,694 [Time-limited test] INFO  ozone.MiniOzoneClusterImpl (MiniOzoneClusterImpl.java:lambda$waitForHddsDatanodesStop$3(373)) - Waiting on 1 datanodes out of 2 to be marked unhealthy.
2022-02-12 06:47:32,979 [RatisPipelineUtilsThread - 0] INFO  pipeline.PipelineManagerImpl (PipelineManagerImpl.java:scrubPipeline(404)) - Scrubbing pipeline: id: PipelineID=7b650efd-bcf6-4ff1-b0a2-9b47590b7739 since it stays at CLOSED stage.
2022-02-12 06:47:32,979 [RatisPipelineUtilsThread - 0] INFO  pipeline.RatisPipelineProvider (RatisPipelineProvider.java:lambda$close$1(222)) - Send pipeline:PipelineID=7b650efd-bcf6-4ff1-b0a2-9b47590b7739 close command to datanode 6b353d4f-0834-494e-9b42-b1853adf5598
2022-02-12 06:47:32,980 [ac1ecc7d-e450-4f4f-aef6-4be964bb036f@group-4E713CE930C0-StateMachineUpdater] INFO  pipeline.PipelineStateManagerImpl (PipelineStateManagerImpl.java:removePipeline(223)) - Pipeline Pipeline[ Id: 7b650efd-bcf6-4ff1-b0a2-9b47590b7739, Nodes: 6b353d4f-0834-494e-9b42-b1853adf5598{ip: 10.1.0.21, host: fv-az59-317.csjynl4pkq3e1pkirw3ssqjfoh.cx.internal.cloudapp.net, ports: [REPLICATION=46087, RATIS=46567, RATIS_ADMIN=46567, RATIS_SERVER=46567, STANDALONE=35525], networkLocation: /default-rack, certSerialId: null, persistedOpState: IN_SERVICE, persistedOpStateExpiryEpochSec: 0}, ReplicationConfig: RATIS/ONE, State:CLOSED, leaderId:6b353d4f-0834-494e-9b42-b1853adf5598, CreationTimestamp2022-02-12T06:44:38.355Z[Etc/UTC]] removed.
2022-02-12 06:47:32,981 [RatisPipelineUtilsThread - 0] INFO  pipeline.PipelineManagerImpl (PipelineManagerImpl.java:scrubPipeline(404)) - Scrubbing pipeline: id: PipelineID=979daa28-c936-4b68-a515-4e9d75d0d1dd since it stays at CLOSED stage.
2022-02-12 06:47:32,981 [RatisPipelineUtilsThread - 0] INFO  pipeline.RatisPipelineProvider (RatisPipelineProvider.java:lambda$close$1(222)) - Send pipeline:PipelineID=979daa28-c936-4b68-a515-4e9d75d0d1dd close command to datanode 2db57d0a-e0a4-4c64-8073-50a45d71dc35
2022-02-12 06:47:32,982 [ac1ecc7d-e450-4f4f-aef6-4be964bb036f@group-4E713CE930C0-StateMachineUpdater] INFO  pipeline.PipelineStateManagerImpl (PipelineStateManagerImpl.java:removePipeline(223)) - Pipeline Pipeline[ Id: 979daa28-c936-4b68-a515-4e9d75d0d1dd, Nodes: 2db57d0a-e0a4-4c64-8073-50a45d71dc35{ip: 10.1.0.21, host: fv-az59-317.csjynl4pkq3e1pkirw3ssqjfoh.cx.internal.cloudapp.net, ports: [REPLICATION=33371, RATIS=37195, RATIS_ADMIN=37195, RATIS_SERVER=37195, STANDALONE=34803], networkLocation: /default-rack, certSerialId: null, persistedOpState: IN_SERVICE, persistedOpStateExpiryEpochSec: 0}, ReplicationConfig: RATIS/ONE, State:CLOSED, leaderId:2db57d0a-e0a4-4c64-8073-50a45d71dc35, CreationTimestamp2022-02-12T06:44:38.089Z[Etc/UTC]] removed.
2022-02-12 06:47:32,982 [RatisPipelineUtilsThread - 0] INFO  pipeline.PipelineManagerImpl (PipelineManagerImpl.java:scrubPipeline(404)) - Scrubbing pipeline: id: PipelineID=c4dc2180-af44-4c9f-bc0f-6c01376ee677 since it stays at CLOSED stage.
2022-02-12 06:47:32,982 [RatisPipelineUtilsThread - 0] INFO  pipeline.RatisPipelineProvider (RatisPipelineProvider.java:lambda$close$1(222)) - Send pipeline:PipelineID=c4dc2180-af44-4c9f-bc0f-6c01376ee677 close command to datanode fbc88013-4e58-4ce2-8f92-86967c0fe77f
2022-02-12 06:47:32,982 [RatisPipelineUtilsThread - 0] INFO  pipeline.RatisPipelineProvider (RatisPipelineProvider.java:lambda$close$1(222)) - Send pipeline:PipelineID=c4dc2180-af44-4c9f-bc0f-6c01376ee677 close command to datanode 6b353d4f-0834-494e-9b42-b1853adf5598
2022-02-12 06:47:32,982 [RatisPipelineUtilsThread - 0] INFO  pipeline.RatisPipelineProvider (RatisPipelineProvider.java:lambda$close$1(222)) - Send pipeline:PipelineID=c4dc2180-af44-4c9f-bc0f-6c01376ee677 close command to datanode 2db57d0a-e0a4-4c64-8073-50a45d71dc35
2022-02-12 06:47:32,984 [ac1ecc7d-e450-4f4f-aef6-4be964bb036f@group-4E713CE930C0-StateMachineUpdater] INFO  pipeline.PipelineStateManagerImpl (PipelineStateManagerImpl.java:removePipeline(223)) - Pipeline Pipeline[ Id: c4dc2180-af44-4c9f-bc0f-6c01376ee677, Nodes: fbc88013-4e58-4ce2-8f92-86967c0fe77f{ip: 10.1.0.21, host: fv-az59-317.csjynl4pkq3e1pkirw3ssqjfoh.cx.internal.cloudapp.net, ports: [REPLICATION=33825, RATIS=45123, RATIS_ADMIN=45123, RATIS_SERVER=45123, STANDALONE=38911], networkLocation: /default-rack, certSerialId: null, persistedOpState: IN_SERVICE, persistedOpStateExpiryEpochSec: 0}6b353d4f-0834-494e-9b42-b1853adf5598{ip: 10.1.0.21, host: fv-az59-317.csjynl4pkq3e1pkirw3ssqjfoh.cx.internal.cloudapp.net, ports: [REPLICATION=46087, RATIS=46567, RATIS_ADMIN=46567, RATIS_SERVER=46567, STANDALONE=35525], networkLocation: /default-rack, certSerialId: null, persistedOpState: IN_SERVICE, persistedOpStateExpiryEpochSec: 0}2db57d0a-e0a4-4c64-8073-50a45d71dc35{ip: 10.1.0.21, host: fv-az59-317.csjynl4pkq3e1pkirw3ssqjfoh.cx.internal.cloudapp.net, ports: [REPLICATION=33371, RATIS=37195, RATIS_ADMIN=37195, RATIS_SERVER=37195, STANDALONE=34803], networkLocation: /default-rack, certSerialId: null, persistedOpState: IN_SERVICE, persistedOpStateExpiryEpochSec: 0}, ReplicationConfig: RATIS/THREE, State:CLOSED, leaderId:, CreationTimestamp2022-02-12T06:45:32.969Z[Etc/UTC]] removed.
2022-02-12 06:47:32,984 [RatisPipelineUtilsThread - 0] INFO  pipeline.PipelineManagerImpl (PipelineManagerImpl.java:scrubPipeline(404)) - Scrubbing pipeline: id: PipelineID=77ae296a-7d7e-41ef-aa37-07e8c718409e since it stays at CLOSED stage.
2022-02-12 06:47:32,984 [RatisPipelineUtilsThread - 0] INFO  pipeline.RatisPipelineProvider (RatisPipelineProvider.java:lambda$close$1(222)) - Send pipeline:PipelineID=77ae296a-7d7e-41ef-aa37-07e8c718409e close command to datanode 2db57d0a-e0a4-4c64-8073-50a45d71dc35
2022-02-12 06:47:32,984 [RatisPipelineUtilsThread - 0] INFO  pipeline.RatisPipelineProvider (RatisPipelineProvider.java:lambda$close$1(222)) - Send pipeline:PipelineID=77ae296a-7d7e-41ef-aa37-07e8c718409e close command to datanode 6b353d4f-0834-494e-9b42-b1853adf5598
2022-02-12 06:47:32,984 [RatisPipelineUtilsThread - 0] INFO  pipeline.RatisPipelineProvider (RatisPipelineProvider.java:lambda$close$1(222)) - Send pipeline:PipelineID=77ae296a-7d7e-41ef-aa37-07e8c718409e close command to datanode fbc88013-4e58-4ce2-8f92-86967c0fe77f
2022-02-12 06:47:32,985 [ac1ecc7d-e450-4f4f-aef6-4be964bb036f@group-4E713CE930C0-StateMachineUpdater] INFO  pipeline.PipelineStateManagerImpl (PipelineStateManagerImpl.java:removePipeline(223)) - Pipeline Pipeline[ Id: 77ae296a-7d7e-41ef-aa37-07e8c718409e, Nodes: 2db57d0a-e0a4-4c64-8073-50a45d71dc35{ip: 10.1.0.21, host: fv-az59-317.csjynl4pkq3e1pkirw3ssqjfoh.cx.internal.cloudapp.net, ports: [REPLICATION=33371, RATIS=37195, RATIS_ADMIN=37195, RATIS_SERVER=37195, STANDALONE=34803], networkLocation: /default-rack, certSerialId: null, persistedOpState: IN_SERVICE, persistedOpStateExpiryEpochSec: 0}6b353d4f-0834-494e-9b42-b1853adf5598{ip: 10.1.0.21, host: fv-az59-317.csjynl4pkq3e1pkirw3ssqjfoh.cx.internal.cloudapp.net, ports: [REPLICATION=46087, RATIS=46567, RATIS_ADMIN=46567, RATIS_SERVER=46567, STANDALONE=35525], networkLocation: /default-rack, certSerialId: null, persistedOpState: IN_SERVICE, persistedOpStateExpiryEpochSec: 0}fbc88013-4e58-4ce2-8f92-86967c0fe77f{ip: 10.1.0.21, host: fv-az59-317.csjynl4pkq3e1pkirw3ssqjfoh.cx.internal.cloudapp.net, ports: [REPLICATION=33825, RATIS=45123, RATIS_ADMIN=45123, RATIS_SERVER=45123, STANDALONE=38911], networkLocation: /default-rack, certSerialId: null, persistedOpState: IN_SERVICE, persistedOpStateExpiryEpochSec: 0}, ReplicationConfig: RATIS/THREE, State:CLOSED, leaderId:6b353d4f-0834-494e-9b42-b1853adf5598, CreationTimestamp2022-02-12T06:45:32.962Z[Etc/UTC]] removed.
2022-02-12 06:47:32,986 [RatisPipelineUtilsThread - 0] ERROR scm.SCMCommonPlacementPolicy (SCMCommonPlacementPolicy.java:filterNodesWithSpace(171)) - Unable to find enough nodes that meet the space requirement of 1073741824 bytes for metadata and 5368709120 bytes for data in healthy node set. Required 3. Found 1.
2022-02-12 06:47:33,694 [Time-limited test] INFO  ozone.MiniOzoneClusterImpl (MiniOzoneClusterImpl.java:lambda$waitForHddsDatanodesStop$3(373)) - Waiting on 1 datanodes out of 2 to be marked unhealthy.
2022-02-12 06:47:34,694 [Time-limited test] INFO  ozone.MiniOzoneClusterImpl (MiniOzoneClusterImpl.java:lambda$waitForHddsDatanodesStop$3(373)) - Waiting on 1 datanodes out of 2 to be marked unhealthy.
2022-02-12 06:47:35,695 [Time-limited test] INFO  ozone.MiniOzoneClusterImpl (MiniOzoneClusterImpl.java:lambda$waitForHddsDatanodesStop$3(373)) - Waiting on 1 datanodes out of 2 to be marked unhealthy.
2022-02-12 06:47:35,860 [Command processor thread] INFO  server.RaftServer (RaftServerProxy.java:remove(106)) - fbc88013-4e58-4ce2-8f92-86967c0fe77f: remove  FOLLOWER fbc88013-4e58-4ce2-8f92-86967c0fe77f@group-6C01376EE677:t23, leader=null, voted=fbc88013-4e58-4ce2-8f92-86967c0fe77f, raftlog=fbc88013-4e58-4ce2-8f92-86967c0fe77f@group-6C01376EE677-SegmentedRaftLog:OPENED:c-1, conf=-1: [2db57d0a-e0a4-4c64-8073-50a45d71dc35|rpc:10.1.0.21:37195|dataStream:|priority:0, 6b353d4f-0834-494e-9b42-b1853adf5598|rpc:10.1.0.21:46567|dataStream:|priority:0, fbc88013-4e58-4ce2-8f92-86967c0fe77f|rpc:10.1.0.21:45123|dataStream:|priority:1], old=null RUNNING
2022-02-12 06:47:35,860 [Command processor thread] INFO  server.RaftServer$Division (RaftServerImpl.java:lambda$close$4(412)) - fbc88013-4e58-4ce2-8f92-86967c0fe77f@group-6C01376EE677: shutdown
2022-02-12 06:47:35,860 [Command processor thread] INFO  util.JmxRegister (JmxRegister.java:unregister(73)) - Successfully un-registered JMX Bean with object name Ratis:service=RaftServer,group=group-6C01376EE677,id=fbc88013-4e58-4ce2-8f92-86967c0fe77f
2022-02-12 06:47:35,860 [Command processor thread] INFO  impl.RoleInfo (RoleInfo.java:shutdownFollowerState(108)) - fbc88013-4e58-4ce2-8f92-86967c0fe77f: shutdown fbc88013-4e58-4ce2-8f92-86967c0fe77f@group-6C01376EE677-FollowerState
2022-02-12 06:47:35,860 [Command processor thread] INFO  impl.StateMachineUpdater (StateMachineUpdater.java:stopAndJoin(149)) - fbc88013-4e58-4ce2-8f92-86967c0fe77f@group-6C01376EE677-StateMachineUpdater: set stopIndex = -1
2022-02-12 06:47:35,860 [fbc88013-4e58-4ce2-8f92-86967c0fe77f@group-6C01376EE677-FollowerState] INFO  impl.FollowerState (FollowerState.java:run(143)) - fbc88013-4e58-4ce2-8f92-86967c0fe77f@group-6C01376EE677-FollowerState was interrupted: {}
java.lang.InterruptedException: sleep interrupted
	at java.lang.Thread.sleep(Native Method)
	at java.lang.Thread.sleep(Thread.java:340)
	at java.util.concurrent.TimeUnit.sleep(TimeUnit.java:386)
	at org.apache.ratis.util.TimeDuration.sleep(TimeDuration.java:324)
	at org.apache.ratis.util.TimeDuration.sleep(TimeDuration.java:309)
	at org.apache.ratis.server.impl.FollowerState.run(FollowerState.java:118)
2022-02-12 06:47:35,861 [Command processor thread] INFO  server.RaftServer$Division (ServerState.java:close(419)) - fbc88013-4e58-4ce2-8f92-86967c0fe77f@group-6C01376EE677: closes. applyIndex: -1
2022-02-12 06:47:35,862 [fbc88013-4e58-4ce2-8f92-86967c0fe77f@group-6C01376EE677-SegmentedRaftLogWorker] INFO  segmented.SegmentedRaftLogWorker (SegmentedRaftLogWorker.java:run(327)) - fbc88013-4e58-4ce2-8f92-86967c0fe77f@group-6C01376EE677-SegmentedRaftLogWorker was interrupted, exiting. There are 0 tasks remaining in the queue.
2022-02-12 06:47:35,862 [Command processor thread] INFO  segmented.SegmentedRaftLogWorker (SegmentedRaftLogWorker.java:close(237)) - fbc88013-4e58-4ce2-8f92-86967c0fe77f@group-6C01376EE677-SegmentedRaftLogWorker close()
2022-02-12 06:47:35,866 [Command processor thread] INFO  server.RaftServer$Division (RaftServerImpl.java:groupRemove(382)) - fbc88013-4e58-4ce2-8f92-86967c0fe77f@group-6C01376EE677: Succeed to remove RaftStorageDirectory Storage Directory /home/runner/work/ozone/ozone/hadoop-ozone/integration-test/target/test-dir/MiniOzoneClusterImpl-82593cca-502f-46a3-a597-4e713ce930c0/datanode-0/data/ratis/c4dc2180-af44-4c9f-bc0f-6c01376ee677
2022-02-12 06:47:35,866 [Command processor thread] INFO  commandhandler.ClosePipelineCommandHandler (ClosePipelineCommandHandler.java:handle(78)) - Close Pipeline PipelineID=c4dc2180-af44-4c9f-bc0f-6c01376ee677 command on datanode fbc88013-4e58-4ce2-8f92-86967c0fe77f.
2022-02-12 06:47:35,867 [Command processor thread] INFO  server.RaftServer (RaftServerProxy.java:remove(106)) - fbc88013-4e58-4ce2-8f92-86967c0fe77f: remove  FOLLOWER fbc88013-4e58-4ce2-8f92-86967c0fe77f@group-07E8C718409E:t21, leader=null, voted=fbc88013-4e58-4ce2-8f92-86967c0fe77f, raftlog=fbc88013-4e58-4ce2-8f92-86967c0fe77f@group-07E8C718409E-SegmentedRaftLog:OPENED:c0, conf=0: [2db57d0a-e0a4-4c64-8073-50a45d71dc35|rpc:10.1.0.21:37195|dataStream:|priority:0, 6b353d4f-0834-494e-9b42-b1853adf5598|rpc:10.1.0.21:46567|dataStream:|priority:1, fbc88013-4e58-4ce2-8f92-86967c0fe77f|rpc:10.1.0.21:45123|dataStream:|priority:0], old=null RUNNING
2022-02-12 06:47:35,867 [Command processor thread] INFO  server.RaftServer$Division (RaftServerImpl.java:lambda$close$4(412)) - fbc88013-4e58-4ce2-8f92-86967c0fe77f@group-07E8C718409E: shutdown
2022-02-12 06:47:35,867 [Command processor thread] INFO  util.JmxRegister (JmxRegister.java:unregister(73)) - Successfully un-registered JMX Bean with object name Ratis:service=RaftServer,group=group-07E8C718409E,id=fbc88013-4e58-4ce2-8f92-86967c0fe77f
2022-02-12 06:47:35,867 [Command processor thread] INFO  impl.RoleInfo (RoleInfo.java:shutdownFollowerState(108)) - fbc88013-4e58-4ce2-8f92-86967c0fe77f: shutdown fbc88013-4e58-4ce2-8f92-86967c0fe77f@group-07E8C718409E-FollowerState
2022-02-12 06:47:35,867 [fbc88013-4e58-4ce2-8f92-86967c0fe77f@group-07E8C718409E-FollowerState] INFO  impl.FollowerState (FollowerState.java:run(143)) - fbc88013-4e58-4ce2-8f92-86967c0fe77f@group-07E8C718409E-FollowerState was interrupted: {}
java.lang.InterruptedException: sleep interrupted
	at java.lang.Thread.sleep(Native Method)
	at java.lang.Thread.sleep(Thread.java:340)
	at java.util.concurrent.TimeUnit.sleep(TimeUnit.java:386)
	at org.apache.ratis.util.TimeDuration.sleep(TimeDuration.java:324)
	at org.apache.ratis.util.TimeDuration.sleep(TimeDuration.java:309)
	at org.apache.ratis.server.impl.FollowerState.run(FollowerState.java:118)
2022-02-12 06:47:35,867 [fbc88013-4e58-4ce2-8f92-86967c0fe77f@group-07E8C718409E-StateMachineUpdater] INFO  ratis.ContainerStateMachine (ContainerStateMachine.java:takeSnapshot(299)) - group-07E8C718409E: Taking a snapshot at:(t:1, i:0) file /home/runner/work/ozone/ozone/hadoop-ozone/integration-test/target/test-dir/MiniOzoneClusterImpl-82593cca-502f-46a3-a597-4e713ce930c0/datanode-0/data/ratis/77ae296a-7d7e-41ef-aa37-07e8c718409e/sm/snapshot.1_0
2022-02-12 06:47:35,868 [Command processor thread] INFO  impl.StateMachineUpdater (StateMachineUpdater.java:stopAndJoin(149)) - fbc88013-4e58-4ce2-8f92-86967c0fe77f@group-07E8C718409E-StateMachineUpdater: set stopIndex = 0
2022-02-12 06:47:35,868 [fbc88013-4e58-4ce2-8f92-86967c0fe77f@group-07E8C718409E-StateMachineUpdater] INFO  ratis.ContainerStateMachine (ContainerStateMachine.java:takeSnapshot(310)) - group-07E8C718409E: Finished taking a snapshot at:(t:1, i:0) file:/home/runner/work/ozone/ozone/hadoop-ozone/integration-test/target/test-dir/MiniOzoneClusterImpl-82593cca-502f-46a3-a597-4e713ce930c0/datanode-0/data/ratis/77ae296a-7d7e-41ef-aa37-07e8c718409e/sm/snapshot.1_0 took: 1 ms
2022-02-12 06:47:35,869 [fbc88013-4e58-4ce2-8f92-86967c0fe77f@group-07E8C718409E-StateMachineUpdater] INFO  impl.StateMachineUpdater (StateMachineUpdater.java:takeSnapshot(281)) - fbc88013-4e58-4ce2-8f92-86967c0fe77f@group-07E8C718409E-StateMachineUpdater: Took a snapshot at index 0
2022-02-12 06:47:35,869 [fbc88013-4e58-4ce2-8f92-86967c0fe77f@group-07E8C718409E-StateMachineUpdater] INFO  impl.StateMachineUpdater (StateMachineUpdater.java:lambda$new$0(89)) - fbc88013-4e58-4ce2-8f92-86967c0fe77f@group-07E8C718409E-StateMachineUpdater: snapshotIndex: updateIncreasingly -1 -> 0
2022-02-12 06:47:35,869 [Command processor thread] INFO  server.RaftServer$Division (ServerState.java:close(419)) - fbc88013-4e58-4ce2-8f92-86967c0fe77f@group-07E8C718409E: closes. applyIndex: 0
2022-02-12 06:47:35,869 [fbc88013-4e58-4ce2-8f92-86967c0fe77f@group-07E8C718409E-SegmentedRaftLogWorker] INFO  segmented.SegmentedRaftLogWorker (SegmentedRaftLogWorker.java:run(327)) - fbc88013-4e58-4ce2-8f92-86967c0fe77f@group-07E8C718409E-SegmentedRaftLogWorker was interrupted, exiting. There are 0 tasks remaining in the queue.
2022-02-12 06:47:35,869 [Command processor thread] INFO  segmented.SegmentedRaftLogWorker (SegmentedRaftLogWorker.java:close(237)) - fbc88013-4e58-4ce2-8f92-86967c0fe77f@group-07E8C718409E-SegmentedRaftLogWorker close()
2022-02-12 06:47:35,870 [Command processor thread] INFO  server.RaftServer$Division (RaftServerImpl.java:groupRemove(382)) - fbc88013-4e58-4ce2-8f92-86967c0fe77f@group-07E8C718409E: Succeed to remove RaftStorageDirectory Storage Directory /home/runner/work/ozone/ozone/hadoop-ozone/integration-test/target/test-dir/MiniOzoneClusterImpl-82593cca-502f-46a3-a597-4e713ce930c0/datanode-0/data/ratis/77ae296a-7d7e-41ef-aa37-07e8c718409e
2022-02-12 06:47:35,871 [Command processor thread] INFO  commandhandler.ClosePipelineCommandHandler (ClosePipelineCommandHandler.java:handle(78)) - Close Pipeline PipelineID=77ae296a-7d7e-41ef-aa37-07e8c718409e command on datanode fbc88013-4e58-4ce2-8f92-86967c0fe77f.
2022-02-12 06:47:36,695 [Time-limited test] INFO  ozone.MiniOzoneClusterImpl (MiniOzoneClusterImpl.java:lambda$waitForHddsDatanodesStop$3(373)) - Waiting on 1 datanodes out of 2 to be marked unhealthy.
2022-02-12 06:47:37,695 [Time-limited test] INFO  ozone.MiniOzoneClusterImpl (MiniOzoneClusterImpl.java:lambda$waitForHddsDatanodesStop$3(373)) - Waiting on 1 datanodes out of 2 to be marked unhealthy.
2022-02-12 06:47:38,696 [Time-limited test] INFO  ozone.MiniOzoneClusterImpl (MiniOzoneClusterImpl.java:lambda$waitForHddsDatanodesStop$3(373)) - Waiting on 1 datanodes out of 2 to be marked unhealthy.
2022-02-12 06:47:39,696 [Time-limited test] INFO  ozone.MiniOzoneClusterImpl (MiniOzoneClusterImpl.java:lambda$waitForHddsDatanodesStop$3(373)) - Waiting on 1 datanodes out of 2 to be marked unhealthy.
2022-02-12 06:47:40,696 [Time-limited test] INFO  ozone.MiniOzoneClusterImpl (MiniOzoneClusterImpl.java:lambda$waitForHddsDatanodesStop$3(373)) - Waiting on 1 datanodes out of 2 to be marked unhealthy.
2022-02-12 06:47:41,697 [Time-limited test] INFO  ozone.MiniOzoneClusterImpl (MiniOzoneClusterImpl.java:lambda$waitForHddsDatanodesStop$3(373)) - Waiting on 1 datanodes out of 2 to be marked unhealthy.
2022-02-12 06:47:42,697 [Time-limited test] INFO  ozone.MiniOzoneClusterImpl (MiniOzoneClusterImpl.java:lambda$waitForHddsDatanodesStop$3(373)) - Waiting on 1 datanodes out of 2 to be marked unhealthy.
2022-02-12 06:47:43,697 [Time-limited test] INFO  ozone.MiniOzoneClusterImpl (MiniOzoneClusterImpl.java:lambda$waitForHddsDatanodesStop$3(373)) - Waiting on 1 datanodes out of 2 to be marked unhealthy.
2022-02-12 06:47:44,698 [Time-limited test] INFO  ozone.MiniOzoneClusterImpl (MiniOzoneClusterImpl.java:lambda$waitForHddsDatanodesStop$3(373)) - Waiting on 1 datanodes out of 2 to be marked unhealthy.
2022-02-12 06:47:45,698 [Time-limited test] INFO  ozone.MiniOzoneClusterImpl (MiniOzoneClusterImpl.java:lambda$waitForHddsDatanodesStop$3(373)) - Waiting on 1 datanodes out of 2 to be marked unhealthy.
2022-02-12 06:47:46,699 [Time-limited test] INFO  ozone.MiniOzoneClusterImpl (MiniOzoneClusterImpl.java:lambda$waitForHddsDatanodesStop$3(373)) - Waiting on 1 datanodes out of 2 to be marked unhealthy.
2022-02-12 06:47:47,699 [Time-limited test] INFO  ozone.MiniOzoneClusterImpl (MiniOzoneClusterImpl.java:lambda$waitForHddsDatanodesStop$3(373)) - Waiting on 1 datanodes out of 2 to be marked unhealthy.
2022-02-12 06:47:48,699 [Time-limited test] INFO  ozone.MiniOzoneClusterImpl (MiniOzoneClusterImpl.java:lambda$waitForHddsDatanodesStop$3(373)) - Waiting on 1 datanodes out of 2 to be marked unhealthy.
2022-02-12 06:47:49,700 [Time-limited test] INFO  ozone.MiniOzoneClusterImpl (MiniOzoneClusterImpl.java:lambda$waitForHddsDatanodesStop$3(373)) - Waiting on 1 datanodes out of 2 to be marked unhealthy.
2022-02-12 06:47:50,700 [Time-limited test] INFO  ozone.MiniOzoneClusterImpl (MiniOzoneClusterImpl.java:lambda$waitForHddsDatanodesStop$3(373)) - Waiting on 1 datanodes out of 2 to be marked unhealthy.
]]></system-out>
    <system-err><![CDATA[Feb 12, 2022 6:45:23 AM org.apache.ratis.thirdparty.io.grpc.internal.ManagedChannelOrphanWrapper$ManagedChannelReference cleanQueue
SEVERE: *~*~*~ Channel ManagedChannelImpl{logId=200, target=10.1.0.21:38911} was not shutdown properly!!! ~*~*~*
    Make sure to call shutdown()/shutdownNow() and wait until awaitTermination() returns true.
java.lang.RuntimeException: ManagedChannel allocation site
	at org.apache.ratis.thirdparty.io.grpc.internal.ManagedChannelOrphanWrapper$ManagedChannelReference.<init>(ManagedChannelOrphanWrapper.java:93)
	at org.apache.ratis.thirdparty.io.grpc.internal.ManagedChannelOrphanWrapper.<init>(ManagedChannelOrphanWrapper.java:53)
	at org.apache.ratis.thirdparty.io.grpc.internal.ManagedChannelOrphanWrapper.<init>(ManagedChannelOrphanWrapper.java:44)
	at org.apache.ratis.thirdparty.io.grpc.internal.ManagedChannelImplBuilder.build(ManagedChannelImplBuilder.java:596)
	at org.apache.ratis.thirdparty.io.grpc.ForwardingChannelBuilder.build(ForwardingChannelBuilder.java:255)
	at org.apache.hadoop.hdds.scm.XceiverClientGrpc.connectToDatanode(XceiverClientGrpc.java:195)
	at org.apache.hadoop.hdds.scm.XceiverClientGrpc.connect(XceiverClientGrpc.java:144)
	at org.apache.hadoop.hdds.scm.XceiverClientManager$2.call(XceiverClientManager.java:237)
	at org.apache.hadoop.hdds.scm.XceiverClientManager$2.call(XceiverClientManager.java:221)
	at com.google.common.cache.LocalCache$LocalManualCache$1.load(LocalCache.java:4864)
	at com.google.common.cache.LocalCache$LoadingValueReference.loadFuture(LocalCache.java:3529)
	at com.google.common.cache.LocalCache$Segment.loadSync(LocalCache.java:2278)
	at com.google.common.cache.LocalCache$Segment.lockedGetOrLoad(LocalCache.java:2155)
	at com.google.common.cache.LocalCache$Segment.get(LocalCache.java:2045)
	at com.google.common.cache.LocalCache.get(LocalCache.java:3962)
	at com.google.common.cache.LocalCache$LocalManualCache.get(LocalCache.java:4859)
	at org.apache.hadoop.hdds.scm.XceiverClientManager.getClient(XceiverClientManager.java:221)
	at org.apache.hadoop.hdds.scm.XceiverClientManager.acquireClient(XceiverClientManager.java:165)
	at org.apache.hadoop.hdds.scm.XceiverClientManager.acquireClientForReadData(XceiverClientManager.java:154)
	at org.apache.hadoop.hdds.scm.storage.BlockInputStream.acquireClient(BlockInputStream.java:255)
	at org.apache.hadoop.hdds.scm.storage.BlockInputStream.getChunkInfos(BlockInputStream.java:229)
	at org.apache.hadoop.hdds.scm.storage.BlockInputStream.initialize(BlockInputStream.java:153)
	at org.apache.hadoop.hdds.scm.storage.BlockInputStream.readWithStrategy(BlockInputStream.java:314)
	at org.apache.hadoop.hdds.scm.storage.BlockInputStream.read(BlockInputStream.java:297)
	at org.apache.hadoop.hdds.scm.storage.ByteArrayReader.readFromBlock(ByteArrayReader.java:57)
	at org.apache.hadoop.ozone.client.io.KeyInputStream.readWithStrategy(KeyInputStream.java:262)
	at org.apache.hadoop.ozone.client.io.KeyInputStream.read(KeyInputStream.java:230)
	at org.apache.hadoop.ozone.client.io.OzoneInputStream.read(OzoneInputStream.java:56)
	at java.io.InputStream.read(InputStream.java:101)
	at org.apache.hadoop.ozone.client.rpc.TestOzoneRpcClientAbstract.readCorruptedKey(TestOzoneRpcClientAbstract.java:1391)
	at org.apache.hadoop.ozone.client.rpc.TestOzoneRpcClientAbstract.testReadKeyWithVerifyChecksumFlagDisable(TestOzoneRpcClientAbstract.java:1338)
	at sun.reflect.NativeMethodAccessorImpl.invoke0(Native Method)
	at sun.reflect.NativeMethodAccessorImpl.invoke(NativeMethodAccessorImpl.java:62)
	at sun.reflect.DelegatingMethodAccessorImpl.invoke(DelegatingMethodAccessorImpl.java:43)
	at java.lang.reflect.Method.invoke(Method.java:498)
	at org.junit.runners.model.FrameworkMethod$1.runReflectiveCall(FrameworkMethod.java:59)
	at org.junit.internal.runners.model.ReflectiveCallable.run(ReflectiveCallable.java:12)
	at org.junit.runners.model.FrameworkMethod.invokeExplosively(FrameworkMethod.java:56)
	at org.junit.internal.runners.statements.InvokeMethod.evaluate(InvokeMethod.java:17)
	at org.junit.internal.runners.statements.FailOnTimeout$CallableStatement.call(FailOnTimeout.java:288)
	at org.junit.internal.runners.statements.FailOnTimeout$CallableStatement.call(FailOnTimeout.java:282)
	at java.util.concurrent.FutureTask.run(FutureTask.java:266)
	at java.lang.Thread.run(Thread.java:748)

Feb 12, 2022 6:45:23 AM org.apache.ratis.thirdparty.io.grpc.internal.ManagedChannelOrphanWrapper$ManagedChannelReference cleanQueue
SEVERE: *~*~*~ Channel ManagedChannelImpl{logId=205, target=10.1.0.21:34803} was not shutdown properly!!! ~*~*~*
    Make sure to call shutdown()/shutdownNow() and wait until awaitTermination() returns true.
java.lang.RuntimeException: ManagedChannel allocation site
	at org.apache.ratis.thirdparty.io.grpc.internal.ManagedChannelOrphanWrapper$ManagedChannelReference.<init>(ManagedChannelOrphanWrapper.java:93)
	at org.apache.ratis.thirdparty.io.grpc.internal.ManagedChannelOrphanWrapper.<init>(ManagedChannelOrphanWrapper.java:53)
	at org.apache.ratis.thirdparty.io.grpc.internal.ManagedChannelOrphanWrapper.<init>(ManagedChannelOrphanWrapper.java:44)
	at org.apache.ratis.thirdparty.io.grpc.internal.ManagedChannelImplBuilder.build(ManagedChannelImplBuilder.java:596)
	at org.apache.ratis.thirdparty.io.grpc.ForwardingChannelBuilder.build(ForwardingChannelBuilder.java:255)
	at org.apache.hadoop.hdds.scm.XceiverClientGrpc.connectToDatanode(XceiverClientGrpc.java:195)
	at org.apache.hadoop.hdds.scm.XceiverClientGrpc.connect(XceiverClientGrpc.java:144)
	at org.apache.hadoop.hdds.scm.XceiverClientManager$2.call(XceiverClientManager.java:237)
	at org.apache.hadoop.hdds.scm.XceiverClientManager$2.call(XceiverClientManager.java:221)
	at com.google.common.cache.LocalCache$LocalManualCache$1.load(LocalCache.java:4864)
	at com.google.common.cache.LocalCache$LoadingValueReference.loadFuture(LocalCache.java:3529)
	at com.google.common.cache.LocalCache$Segment.loadSync(LocalCache.java:2278)
	at com.google.common.cache.LocalCache$Segment.lockedGetOrLoad(LocalCache.java:2155)
	at com.google.common.cache.LocalCache$Segment.get(LocalCache.java:2045)
	at com.google.common.cache.LocalCache.get(LocalCache.java:3962)
	at com.google.common.cache.LocalCache$LocalManualCache.get(LocalCache.java:4859)
	at org.apache.hadoop.hdds.scm.XceiverClientManager.getClient(XceiverClientManager.java:221)
	at org.apache.hadoop.hdds.scm.XceiverClientManager.acquireClient(XceiverClientManager.java:165)
	at org.apache.hadoop.hdds.scm.XceiverClientManager.acquireClientForReadData(XceiverClientManager.java:154)
	at org.apache.hadoop.hdds.scm.storage.BlockInputStream.acquireClient(BlockInputStream.java:255)
	at org.apache.hadoop.hdds.scm.storage.BlockInputStream.getChunkInfos(BlockInputStream.java:229)
	at org.apache.hadoop.hdds.scm.storage.BlockInputStream.initialize(BlockInputStream.java:153)
	at org.apache.hadoop.hdds.scm.storage.BlockInputStream.readWithStrategy(BlockInputStream.java:314)
	at org.apache.hadoop.hdds.scm.storage.BlockInputStream.read(BlockInputStream.java:297)
	at org.apache.hadoop.hdds.scm.storage.ByteArrayReader.readFromBlock(ByteArrayReader.java:57)
	at org.apache.hadoop.ozone.client.io.KeyInputStream.readWithStrategy(KeyInputStream.java:262)
	at org.apache.hadoop.ozone.client.io.KeyInputStream.read(KeyInputStream.java:230)
	at org.apache.hadoop.ozone.client.io.OzoneInputStream.read(OzoneInputStream.java:56)
	at java.io.InputStream.read(InputStream.java:101)
	at org.apache.hadoop.ozone.client.rpc.TestOzoneRpcClientAbstract.readCorruptedKey(TestOzoneRpcClientAbstract.java:1391)
	at org.apache.hadoop.ozone.client.rpc.TestOzoneRpcClientAbstract.testReadKeyWithVerifyChecksumFlagEnable(TestOzoneRpcClientAbstract.java:1323)
	at sun.reflect.NativeMethodAccessorImpl.invoke0(Native Method)
	at sun.reflect.NativeMethodAccessorImpl.invoke(NativeMethodAccessorImpl.java:62)
	at sun.reflect.DelegatingMethodAccessorImpl.invoke(DelegatingMethodAccessorImpl.java:43)
	at java.lang.reflect.Method.invoke(Method.java:498)
	at org.junit.runners.model.FrameworkMethod$1.runReflectiveCall(FrameworkMethod.java:59)
	at org.junit.internal.runners.model.ReflectiveCallable.run(ReflectiveCallable.java:12)
	at org.junit.runners.model.FrameworkMethod.invokeExplosively(FrameworkMethod.java:56)
	at org.junit.internal.runners.statements.InvokeMethod.evaluate(InvokeMethod.java:17)
	at org.junit.internal.runners.statements.FailOnTimeout$CallableStatement.call(FailOnTimeout.java:288)
	at org.junit.internal.runners.statements.FailOnTimeout$CallableStatement.call(FailOnTimeout.java:282)
	at java.util.concurrent.FutureTask.run(FutureTask.java:266)
	at java.lang.Thread.run(Thread.java:748)

]]></system-err>
  </testcase>
</testsuite>