<?xml version="1.0" encoding="UTF-8"?>
<testsuite xmlns:xsi="http://www.w3.org/2001/XMLSchema-instance" xsi:noNamespaceSchemaLocation="https://maven.apache.org/surefire/maven-surefire-plugin/xsd/surefire-test-report.xsd" name="org.apache.hadoop.ozone.client.rpc.TestCommitWatcher" time="117.807" tests="2" errors="1" skipped="0" failures="0">
  <properties>
    <property name="awt.toolkit" value="sun.awt.X11.XToolkit"/>
    <property name="file.encoding.pkg" value="sun.io"/>
    <property name="java.specification.version" value="1.8"/>
    <property name="sun.cpu.isalist" value=""/>
    <property name="sun.jnu.encoding" value="ANSI_X3.4-1968"/>
    <property name="java.class.path" value="/github/workspace/mnt/ozone/hadoop-ozone/integration-test/target/test-classes:/github/workspace/mnt/ozone/hadoop-ozone/integration-test/target/classes:/home/user/.m2/repository/org/apache/hadoop/hadoop-ozone-common/1.2.0-SNAPSHOT/hadoop-ozone-common-1.2.0-SNAPSHOT.jar:/home/user/.m2/repository/org/apache/commons/commons-compress/1.20/commons-compress-1.20.jar:/home/user/.m2/repository/org/apache/hadoop/hadoop-hdds-common/1.2.0-SNAPSHOT/hadoop-hdds-common-1.2.0-SNAPSHOT.jar:/home/user/.m2/repository/org/apache/hadoop/hadoop-hdds-client/1.2.0-SNAPSHOT/hadoop-hdds-client-1.2.0-SNAPSHOT.jar:/home/user/.m2/repository/org/apache/hadoop/hadoop-ozone-interface-client/1.2.0-SNAPSHOT/hadoop-ozone-interface-client-1.2.0-SNAPSHOT.jar:/home/user/.m2/repository/org/apache/hadoop/hadoop-hdds-test-utils/1.2.0-SNAPSHOT/hadoop-hdds-test-utils-1.2.0-SNAPSHOT.jar:/home/user/.m2/repository/com/google/guava/guava/30.1.1-jre/guava-30.1.1-jre.jar:/home/user/.m2/repository/com/google/guava/failureaccess/1.0.1/failureaccess-1.0.1.jar:/home/user/.m2/repository/com/google/guava/listenablefuture/9999.0-empty-to-avoid-conflict-with-guava/listenablefuture-9999.0-empty-to-avoid-conflict-with-guava.jar:/home/user/.m2/repository/com/google/code/findbugs/jsr305/3.0.0/jsr305-3.0.0.jar:/home/user/.m2/repository/org/checkerframework/checker-qual/3.8.0/checker-qual-3.8.0.jar:/home/user/.m2/repository/com/google/errorprone/error_prone_annotations/2.2.0/error_prone_annotations-2.2.0.jar:/home/user/.m2/repository/com/google/j2objc/j2objc-annotations/1.3/j2objc-annotations-1.3.jar:/home/user/.m2/repository/commons-io/commons-io/2.5/commons-io-2.5.jar:/home/user/.m2/repository/commons-logging/commons-logging/1.2/commons-logging-1.2.jar:/home/user/.m2/repository/log4j/log4j/1.2.17/log4j-1.2.17.jar:/home/user/.m2/repository/org/slf4j/slf4j-api/1.7.30/slf4j-api-1.7.30.jar:/home/user/.m2/repository/org/apache/hadoop/hadoop-hdds-server-scm/1.2.0-SNAPSHOT/hadoop-hdds-server-scm-1.2.0-SNAPSHOT.jar:/home/user/.m2/repository/org/apache/hadoop/hadoop-hdds-container-service/1.2.0-SNAPSHOT/hadoop-hdds-container-service-1.2.0-SNAPSHOT.jar:/home/user/.m2/repository/org/apache/hadoop/hadoop-hdds-hadoop-dependency-server/1.2.0-SNAPSHOT/hadoop-hdds-hadoop-dependency-server-1.2.0-SNAPSHOT.jar:/home/user/.m2/repository/org/apache/hadoop/hadoop-hdfs/3.2.2/hadoop-hdfs-3.2.2.jar:/home/user/.m2/repository/org/apache/hadoop/hadoop-hdds-server-framework/1.2.0-SNAPSHOT/hadoop-hdds-server-framework-1.2.0-SNAPSHOT.jar:/home/user/.m2/repository/org/apache/hadoop/hadoop-hdds-interface-server/1.2.0-SNAPSHOT/hadoop-hdds-interface-server-1.2.0-SNAPSHOT.jar:/home/user/.m2/repository/org/eclipse/jetty/jetty-servlet/9.4.35.v20201120/jetty-servlet-9.4.35.v20201120.jar:/home/user/.m2/repository/org/eclipse/jetty/jetty-security/9.4.35.v20201120/jetty-security-9.4.35.v20201120.jar:/home/user/.m2/repository/org/rocksdb/rocksdbjni/6.8.1/rocksdbjni-6.8.1.jar:/home/user/.m2/repository/io/prometheus/simpleclient_dropwizard/0.7.0/simpleclient_dropwizard-0.7.0.jar:/home/user/.m2/repository/io/prometheus/simpleclient/0.7.0/simpleclient-0.7.0.jar:/home/user/.m2/repository/io/prometheus/simpleclient_common/0.7.0/simpleclient_common-0.7.0.jar:/home/user/.m2/repository/com/fasterxml/jackson/datatype/jackson-datatype-jsr310/2.12.1/jackson-datatype-jsr310-2.12.1.jar:/home/user/.m2/repository/io/dropwizard/metrics/metrics-core/3.2.4/metrics-core-3.2.4.jar:/home/user/.m2/repository/org/apache/hadoop/hadoop-hdfs-client/3.2.2/hadoop-hdfs-client-3.2.2.jar:/home/user/.m2/repository/org/bouncycastle/bcprov-jdk15on/1.67/bcprov-jdk15on-1.67.jar:/home/user/.m2/repository/com/google/protobuf/protobuf-java/2.5.0/protobuf-java-2.5.0.jar:/home/user/.m2/repository/org/apache/hadoop/hadoop-ozone-ozone-manager/1.2.0-SNAPSHOT/hadoop-ozone-ozone-manager-1.2.0-SNAPSHOT.jar:/home/user/.m2/repository/org/apache/hadoop/hadoop-hdds-interface-client/1.2.0-SNAPSHOT/hadoop-hdds-interface-client-1.2.0-SNAPSHOT.jar:/home/user/.m2/repository/org/apache/ratis/ratis-thirdparty-misc/0.7.0-a398b19-SNAPSHOT/ratis-thirdparty-misc-0.7.0-a398b19-SNAPSHOT.jar:/home/user/.m2/repository/org/apache/hadoop/hadoop-ozone-interface-storage/1.2.0-SNAPSHOT/hadoop-ozone-interface-storage-1.2.0-SNAPSHOT.jar:/home/user/.m2/repository/org/apache/hadoop/hadoop-minikdc/3.2.2/hadoop-minikdc-3.2.2.jar:/home/user/.m2/repository/org/apache/kerby/kerb-simplekdc/1.0.1/kerb-simplekdc-1.0.1.jar:/home/user/.m2/repository/org/apache/kerby/kerb-client/1.0.1/kerb-client-1.0.1.jar:/home/user/.m2/repository/org/apache/kerby/kerby-config/1.0.1/kerby-config-1.0.1.jar:/home/user/.m2/repository/org/apache/kerby/kerb-core/1.0.1/kerb-core-1.0.1.jar:/home/user/.m2/repository/org/apache/kerby/kerby-pkix/1.0.1/kerby-pkix-1.0.1.jar:/home/user/.m2/repository/org/apache/kerby/kerby-asn1/1.0.1/kerby-asn1-1.0.1.jar:/home/user/.m2/repository/org/apache/kerby/kerby-util/1.0.1/kerby-util-1.0.1.jar:/home/user/.m2/repository/org/apache/kerby/kerb-common/1.0.1/kerb-common-1.0.1.jar:/home/user/.m2/repository/org/apache/kerby/kerb-crypto/1.0.1/kerb-crypto-1.0.1.jar:/home/user/.m2/repository/org/apache/kerby/kerb-util/1.0.1/kerb-util-1.0.1.jar:/home/user/.m2/repository/org/apache/kerby/token-provider/1.0.1/token-provider-1.0.1.jar:/home/user/.m2/repository/org/apache/kerby/kerb-admin/1.0.1/kerb-admin-1.0.1.jar:/home/user/.m2/repository/org/apache/kerby/kerb-server/1.0.1/kerb-server-1.0.1.jar:/home/user/.m2/repository/org/apache/kerby/kerb-identity/1.0.1/kerb-identity-1.0.1.jar:/home/user/.m2/repository/org/apache/kerby/kerby-xdr/1.0.1/kerby-xdr-1.0.1.jar:/home/user/.m2/repository/org/slf4j/slf4j-log4j12/1.7.30/slf4j-log4j12-1.7.30.jar:/home/user/.m2/repository/org/apache/hadoop/hadoop-ozone-s3gateway/1.2.0-SNAPSHOT/hadoop-ozone-s3gateway-1.2.0-SNAPSHOT.jar:/home/user/.m2/repository/org/jboss/weld/servlet/weld-servlet/2.4.7.Final/weld-servlet-2.4.7.Final.jar:/home/user/.m2/repository/org/glassfish/jersey/containers/jersey-container-servlet-core/2.33/jersey-container-servlet-core-2.33.jar:/home/user/.m2/repository/org/glassfish/hk2/external/jakarta.inject/2.6.1/jakarta.inject-2.6.1.jar:/home/user/.m2/repository/org/glassfish/jersey/core/jersey-common/2.33/jersey-common-2.33.jar:/home/user/.m2/repository/jakarta/ws/rs/jakarta.ws.rs-api/2.1.6/jakarta.ws.rs-api-2.1.6.jar:/home/user/.m2/repository/org/glassfish/jersey/ext/cdi/jersey-cdi1x/2.33/jersey-cdi1x-2.33.jar:/home/user/.m2/repository/org/glassfish/jersey/inject/jersey-hk2/2.33/jersey-hk2-2.33.jar:/home/user/.m2/repository/org/glassfish/hk2/hk2-locator/2.6.1/hk2-locator-2.6.1.jar:/home/user/.m2/repository/org/javassist/javassist/3.25.0-GA/javassist-3.25.0-GA.jar:/home/user/.m2/repository/org/glassfish/jersey/media/jersey-media-jaxb/2.33/jersey-media-jaxb-2.33.jar:/home/user/.m2/repository/org/glassfish/hk2/osgi-resource-locator/1.0.3/osgi-resource-locator-1.0.3.jar:/home/user/.m2/repository/org/glassfish/hk2/hk2-api/2.5.0/hk2-api-2.5.0.jar:/home/user/.m2/repository/org/glassfish/hk2/hk2-utils/2.5.0/hk2-utils-2.5.0.jar:/home/user/.m2/repository/org/glassfish/hk2/external/aopalliance-repackaged/2.5.0/aopalliance-repackaged-2.5.0.jar:/home/user/.m2/repository/com/fasterxml/jackson/dataformat/jackson-dataformat-xml/2.12.1/jackson-dataformat-xml-2.12.1.jar:/home/user/.m2/repository/com/fasterxml/jackson/core/jackson-core/2.12.1/jackson-core-2.12.1.jar:/home/user/.m2/repository/com/fasterxml/jackson/module/jackson-module-jaxb-annotations/2.12.1/jackson-module-jaxb-annotations-2.12.1.jar:/home/user/.m2/repository/jakarta/xml/bind/jakarta.xml.bind-api/2.3.2/jakarta.xml.bind-api-2.3.2.jar:/home/user/.m2/repository/jakarta/activation/jakarta.activation-api/1.2.1/jakarta.activation-api-1.2.1.jar:/home/user/.m2/repository/org/codehaus/woodstox/stax2-api/3.1.4/stax2-api-3.1.4.jar:/home/user/.m2/repository/com/fasterxml/woodstox/woodstox-core/5.0.3/woodstox-core-5.0.3.jar:/home/user/.m2/repository/javax/enterprise/cdi-api/1.2/cdi-api-1.2.jar:/home/user/.m2/repository/javax/el/javax.el-api/3.0.0/javax.el-api-3.0.0.jar:/home/user/.m2/repository/javax/interceptor/javax.interceptor-api/1.2/javax.interceptor-api-1.2.jar:/home/user/.m2/repository/javax/inject/javax.inject/1/javax.inject-1.jar:/home/user/.m2/repository/javax/xml/bind/jaxb-api/2.3.0/jaxb-api-2.3.0.jar:/home/user/.m2/repository/org/glassfish/jaxb/jaxb-runtime/2.3.0.1/jaxb-runtime-2.3.0.1.jar:/home/user/.m2/repository/org/glassfish/jaxb/jaxb-core/2.3.0.1/jaxb-core-2.3.0.1.jar:/home/user/.m2/repository/org/glassfish/jaxb/txw2/2.3.0.1/txw2-2.3.0.1.jar:/home/user/.m2/repository/com/sun/istack/istack-commons-runtime/3.0.5/istack-commons-runtime-3.0.5.jar:/home/user/.m2/repository/org/jvnet/staxex/stax-ex/1.7.8/stax-ex-1.7.8.jar:/home/user/.m2/repository/com/sun/xml/fastinfoset/FastInfoset/1.2.13/FastInfoset-1.2.13.jar:/home/user/.m2/repository/javax/activation/activation/1.1.1/activation-1.1.1.jar:/home/user/.m2/repository/org/apache/hadoop/hadoop-ozone-csi/1.2.0-SNAPSHOT/hadoop-ozone-csi-1.2.0-SNAPSHOT.jar:/home/user/.m2/repository/com/google/protobuf/protobuf-java-util/3.12.0/protobuf-java-util-3.12.0.jar:/home/user/.m2/repository/com/google/code/gson/gson/2.2.4/gson-2.2.4.jar:/home/user/.m2/repository/org/apache/hadoop/hadoop-hdds-config/1.2.0-SNAPSHOT/hadoop-hdds-config-1.2.0-SNAPSHOT.jar:/home/user/.m2/repository/io/grpc/grpc-netty/1.33.0/grpc-netty-1.33.0.jar:/home/user/.m2/repository/io/grpc/grpc-core/1.33.0/grpc-core-1.33.0.jar:/home/user/.m2/repository/com/google/android/annotations/4.1.1.4/annotations-4.1.1.4.jar:/home/user/.m2/repository/io/netty/netty-codec-http2/4.1.51.Final/netty-codec-http2-4.1.51.Final.jar:/home/user/.m2/repository/io/netty/netty-codec/4.1.51.Final/netty-codec-4.1.51.Final.jar:/home/user/.m2/repository/io/netty/netty-handler/4.1.51.Final/netty-handler-4.1.51.Final.jar:/home/user/.m2/repository/io/netty/netty-codec-http/4.1.51.Final/netty-codec-http-4.1.51.Final.jar:/home/user/.m2/repository/io/netty/netty-handler-proxy/4.1.51.Final/netty-handler-proxy-4.1.51.Final.jar:/home/user/.m2/repository/io/netty/netty-codec-socks/4.1.51.Final/netty-codec-socks-4.1.51.Final.jar:/home/user/.m2/repository/io/perfmark/perfmark-api/0.19.0/perfmark-api-0.19.0.jar:/home/user/.m2/repository/org/codehaus/mojo/animal-sniffer-annotations/1.18/animal-sniffer-annotations-1.18.jar:/home/user/.m2/repository/io/netty/netty-transport-native-epoll/4.1.63.Final/netty-transport-native-epoll-4.1.63.Final.jar:/home/user/.m2/repository/io/netty/netty-common/4.1.63.Final/netty-common-4.1.63.Final.jar:/home/user/.m2/repository/io/netty/netty-buffer/4.1.63.Final/netty-buffer-4.1.63.Final.jar:/home/user/.m2/repository/io/netty/netty-transport/4.1.63.Final/netty-transport-4.1.63.Final.jar:/home/user/.m2/repository/io/netty/netty-resolver/4.1.63.Final/netty-resolver-4.1.63.Final.jar:/home/user/.m2/repository/io/netty/netty-transport-native-unix-common/4.1.63.Final/netty-transport-native-unix-common-4.1.63.Final.jar:/home/user/.m2/repository/io/grpc/grpc-protobuf/1.33.0/grpc-protobuf-1.33.0.jar:/home/user/.m2/repository/io/grpc/grpc-api/1.33.0/grpc-api-1.33.0.jar:/home/user/.m2/repository/io/grpc/grpc-context/1.33.0/grpc-context-1.33.0.jar:/home/user/.m2/repository/com/google/api/grpc/proto-google-common-protos/1.17.0/proto-google-common-protos-1.17.0.jar:/home/user/.m2/repository/io/grpc/grpc-protobuf-lite/1.33.0/grpc-protobuf-lite-1.33.0.jar:/home/user/.m2/repository/io/grpc/grpc-stub/1.33.0/grpc-stub-1.33.0.jar:/home/user/.m2/repository/org/apache/hadoop/hadoop-ozone-recon/1.2.0-SNAPSHOT/hadoop-ozone-recon-1.2.0-SNAPSHOT.jar:/home/user/.m2/repository/org/apache/hadoop/hadoop-ozone-reconcodegen/1.2.0-SNAPSHOT/hadoop-ozone-reconcodegen-1.2.0-SNAPSHOT.jar:/home/user/.m2/repository/com/google/inject/extensions/guice-multibindings/4.0/guice-multibindings-4.0.jar:/home/user/.m2/repository/com/google/inject/guice/4.0/guice-4.0.jar:/home/user/.m2/repository/aopalliance/aopalliance/1.0/aopalliance-1.0.jar:/home/user/.m2/repository/com/google/inject/extensions/guice-assistedinject/4.0/guice-assistedinject-4.0.jar:/home/user/.m2/repository/com/google/inject/extensions/guice-servlet/4.0/guice-servlet-4.0.jar:/home/user/.m2/repository/org/glassfish/jersey/containers/jersey-container-servlet/2.33/jersey-container-servlet-2.33.jar:/home/user/.m2/repository/org/glassfish/hk2/guice-bridge/2.5.0/guice-bridge-2.5.0.jar:/home/user/.m2/repository/org/glassfish/jersey/core/jersey-server/2.33/jersey-server-2.33.jar:/home/user/.m2/repository/org/glassfish/jersey/core/jersey-client/2.33/jersey-client-2.33.jar:/home/user/.m2/repository/jakarta/annotation/jakarta.annotation-api/1.3.5/jakarta.annotation-api-1.3.5.jar:/home/user/.m2/repository/jakarta/validation/jakarta.validation-api/2.0.2/jakarta.validation-api-2.0.2.jar:/home/user/.m2/repository/org/glassfish/jersey/media/jersey-media-json-jackson/2.33/jersey-media-json-jackson-2.33.jar:/home/user/.m2/repository/org/glassfish/jersey/ext/jersey-entity-filtering/2.33/jersey-entity-filtering-2.33.jar:/home/user/.m2/repository/org/jooq/jooq/3.11.10/jooq-3.11.10.jar:/home/user/.m2/repository/org/jooq/jooq-meta/3.11.10/jooq-meta-3.11.10.jar:/home/user/.m2/repository/org/jooq/jooq-codegen/3.11.10/jooq-codegen-3.11.10.jar:/home/user/.m2/repository/com/jolbox/bonecp/0.8.0.RELEASE/bonecp-0.8.0.RELEASE.jar:/home/user/.m2/repository/org/apache/derby/derby/10.14.2.0/derby-10.14.2.0.jar:/home/user/.m2/repository/org/xerial/sqlite-jdbc/3.25.2/sqlite-jdbc-3.25.2.jar:/home/user/.m2/repository/org/springframework/spring-jdbc/5.2.11.RELEASE/spring-jdbc-5.2.11.RELEASE.jar:/home/user/.m2/repository/org/springframework/spring-beans/5.2.11.RELEASE/spring-beans-5.2.11.RELEASE.jar:/home/user/.m2/repository/org/springframework/spring-core/5.2.11.RELEASE/spring-core-5.2.11.RELEASE.jar:/home/user/.m2/repository/org/springframework/spring-jcl/5.2.11.RELEASE/spring-jcl-5.2.11.RELEASE.jar:/home/user/.m2/repository/org/springframework/spring-tx/5.2.11.RELEASE/spring-tx-5.2.11.RELEASE.jar:/home/user/.m2/repository/org/apache/hadoop/hadoop-ozone-client/1.2.0-SNAPSHOT/hadoop-ozone-client-1.2.0-SNAPSHOT.jar:/home/user/.m2/repository/org/apache/hadoop/hadoop-ozone-filesystem/1.2.0-SNAPSHOT/hadoop-ozone-filesystem-1.2.0-SNAPSHOT.jar:/home/user/.m2/repository/org/apache/hadoop/hadoop-ozone-filesystem-common/1.2.0-SNAPSHOT/hadoop-ozone-filesystem-common-1.2.0-SNAPSHOT.jar:/home/user/.m2/repository/org/apache/hadoop/hadoop-ozone-tools/1.2.0-SNAPSHOT/hadoop-ozone-tools-1.2.0-SNAPSHOT.jar:/home/user/.m2/repository/org/apache/ratis/ratis-tools/2.1.0-43915d2-SNAPSHOT/ratis-tools-2.1.0-43915d2-SNAPSHOT.jar:/home/user/.m2/repository/org/apache/ratis/ratis-proto/2.1.0-43915d2-SNAPSHOT/ratis-proto-2.1.0-43915d2-SNAPSHOT.jar:/home/user/.m2/repository/org/apache/ratis/ratis-common/2.1.0-43915d2-SNAPSHOT/ratis-common-2.1.0-43915d2-SNAPSHOT.jar:/home/user/.m2/repository/com/amazonaws/aws-java-sdk-core/1.11.901/aws-java-sdk-core-1.11.901.jar:/home/user/.m2/repository/org/apache/httpcomponents/httpclient/4.5.13/httpclient-4.5.13.jar:/home/user/.m2/repository/org/apache/httpcomponents/httpcore/4.4.13/httpcore-4.4.13.jar:/home/user/.m2/repository/software/amazon/ion/ion-java/1.0.2/ion-java-1.0.2.jar:/home/user/.m2/repository/com/fasterxml/jackson/dataformat/jackson-dataformat-cbor/2.12.1/jackson-dataformat-cbor-2.12.1.jar:/home/user/.m2/repository/joda-time/joda-time/2.8.1/joda-time-2.8.1.jar:/home/user/.m2/repository/com/amazonaws/aws-java-sdk-s3/1.11.901/aws-java-sdk-s3-1.11.901.jar:/home/user/.m2/repository/com/amazonaws/aws-java-sdk-kms/1.11.901/aws-java-sdk-kms-1.11.901.jar:/home/user/.m2/repository/com/amazonaws/jmespath-java/1.11.901/jmespath-java-1.11.901.jar:/home/user/.m2/repository/org/kohsuke/metainf-services/metainf-services/1.8/metainf-services-1.8.jar:/home/user/.m2/repository/org/apache/hadoop/hadoop-hdds-tools/1.2.0-SNAPSHOT/hadoop-hdds-tools-1.2.0-SNAPSHOT.jar:/home/user/.m2/repository/commons-cli/commons-cli/1.2/commons-cli-1.2.jar:/home/user/.m2/repository/org/apache/commons/commons-lang3/3.7/commons-lang3-3.7.jar:/home/user/.m2/repository/org/apache/hadoop/hadoop-ozone-ozone-manager/1.2.0-SNAPSHOT/hadoop-ozone-ozone-manager-1.2.0-SNAPSHOT-tests.jar:/home/user/.m2/repository/org/apache/hadoop/hadoop-hdds-common/1.2.0-SNAPSHOT/hadoop-hdds-common-1.2.0-SNAPSHOT-tests.jar:/home/user/.m2/repository/org/apache/hadoop/hadoop-hdds-hadoop-dependency-client/1.2.0-SNAPSHOT/hadoop-hdds-hadoop-dependency-client-1.2.0-SNAPSHOT.jar:/home/user/.m2/repository/info/picocli/picocli/4.4.0/picocli-4.4.0.jar:/home/user/.m2/repository/com/fasterxml/jackson/core/jackson-annotations/2.12.1/jackson-annotations-2.12.1.jar:/home/user/.m2/repository/javax/annotation/javax.annotation-api/1.2/javax.annotation-api-1.2.jar:/home/user/.m2/repository/org/fusesource/leveldbjni/leveldbjni-all/1.8/leveldbjni-all-1.8.jar:/home/user/.m2/repository/org/apache/ratis/ratis-server/2.1.0-43915d2-SNAPSHOT/ratis-server-2.1.0-43915d2-SNAPSHOT.jar:/home/user/.m2/repository/org/apache/ratis/ratis-client/2.1.0-43915d2-SNAPSHOT/ratis-client-2.1.0-43915d2-SNAPSHOT.jar:/home/user/.m2/repository/org/apache/ratis/ratis-server-api/2.1.0-43915d2-SNAPSHOT/ratis-server-api-2.1.0-43915d2-SNAPSHOT.jar:/home/user/.m2/repository/org/apache/ratis/ratis-metrics/2.1.0-43915d2-SNAPSHOT/ratis-metrics-2.1.0-43915d2-SNAPSHOT.jar:/home/user/.m2/repository/org/apache/ratis/ratis-netty/2.1.0-43915d2-SNAPSHOT/ratis-netty-2.1.0-43915d2-SNAPSHOT.jar:/home/user/.m2/repository/org/apache/ratis/ratis-grpc/2.1.0-43915d2-SNAPSHOT/ratis-grpc-2.1.0-43915d2-SNAPSHOT.jar:/home/user/.m2/repository/org/apache/logging/log4j/log4j-api/2.13.3/log4j-api-2.13.3.jar:/home/user/.m2/repository/org/apache/logging/log4j/log4j-core/2.13.3/log4j-core-2.13.3.jar:/home/user/.m2/repository/com/lmax/disruptor/3.4.2/disruptor-3.4.2.jar:/home/user/.m2/repository/org/apache/commons/commons-pool2/2.6.0/commons-pool2-2.6.0.jar:/home/user/.m2/repository/org/bouncycastle/bcpkix-jdk15on/1.67/bcpkix-jdk15on-1.67.jar:/home/user/.m2/repository/commons-validator/commons-validator/1.6/commons-validator-1.6.jar:/home/user/.m2/repository/commons-beanutils/commons-beanutils/1.9.4/commons-beanutils-1.9.4.jar:/home/user/.m2/repository/commons-digester/commons-digester/1.8.1/commons-digester-1.8.1.jar:/home/user/.m2/repository/commons-collections/commons-collections/3.2.2/commons-collections-3.2.2.jar:/home/user/.m2/repository/io/jaegertracing/jaeger-client/1.6.0/jaeger-client-1.6.0.jar:/home/user/.m2/repository/io/jaegertracing/jaeger-thrift/1.6.0/jaeger-thrift-1.6.0.jar:/home/user/.m2/repository/org/apache/thrift/libthrift/0.14.1/libthrift-0.14.1.jar:/home/user/.m2/repository/com/squareup/okhttp3/okhttp/4.9.0/okhttp-4.9.0.jar:/home/user/.m2/repository/com/squareup/okio/okio/2.8.0/okio-2.8.0.jar:/home/user/.m2/repository/io/jaegertracing/jaeger-core/1.6.0/jaeger-core-1.6.0.jar:/home/user/.m2/repository/io/jaegertracing/jaeger-tracerresolver/1.6.0/jaeger-tracerresolver-1.6.0.jar:/home/user/.m2/repository/io/opentracing/contrib/opentracing-tracerresolver/0.1.8/opentracing-tracerresolver-0.1.8.jar:/home/user/.m2/repository/org/jetbrains/kotlin/kotlin-stdlib/1.4.31/kotlin-stdlib-1.4.31.jar:/home/user/.m2/repository/org/jetbrains/kotlin/kotlin-stdlib-common/1.4.31/kotlin-stdlib-common-1.4.31.jar:/home/user/.m2/repository/org/jetbrains/annotations/13.0/annotations-13.0.jar:/home/user/.m2/repository/io/opentracing/opentracing-util/0.33.0/opentracing-util-0.33.0.jar:/home/user/.m2/repository/io/opentracing/opentracing-api/0.33.0/opentracing-api-0.33.0.jar:/home/user/.m2/repository/io/opentracing/opentracing-noop/0.33.0/opentracing-noop-0.33.0.jar:/home/user/.m2/repository/org/yaml/snakeyaml/1.26/snakeyaml-1.26.jar:/home/user/.m2/repository/org/apache/hadoop/hadoop-hdds-interface-admin/1.2.0-SNAPSHOT/hadoop-hdds-interface-admin-1.2.0-SNAPSHOT.jar:/home/user/.m2/repository/junit/junit/4.13.1/junit-4.13.1.jar:/home/user/.m2/repository/org/hamcrest/hamcrest-core/1.3/hamcrest-core-1.3.jar:/home/user/.m2/repository/org/junit/jupiter/junit-jupiter-api/5.7.0/junit-jupiter-api-5.7.0.jar:/home/user/.m2/repository/org/apiguardian/apiguardian-api/1.1.0/apiguardian-api-1.1.0.jar:/home/user/.m2/repository/org/opentest4j/opentest4j/1.2.0/opentest4j-1.2.0.jar:/home/user/.m2/repository/org/junit/platform/junit-platform-commons/1.7.0/junit-platform-commons-1.7.0.jar:/home/user/.m2/repository/org/junit/jupiter/junit-jupiter-engine/5.7.0/junit-jupiter-engine-5.7.0.jar:/home/user/.m2/repository/org/junit/platform/junit-platform-engine/1.7.0/junit-platform-engine-1.7.0.jar:/home/user/.m2/repository/org/junit/vintage/junit-vintage-engine/5.7.0/junit-vintage-engine-5.7.0.jar:/home/user/.m2/repository/org/junit/platform/junit-platform-launcher/1.7.0/junit-platform-launcher-1.7.0.jar:/home/user/.m2/repository/org/openjdk/jmh/jmh-core/1.19/jmh-core-1.19.jar:/home/user/.m2/repository/net/sf/jopt-simple/jopt-simple/4.6/jopt-simple-4.6.jar:/home/user/.m2/repository/org/apache/commons/commons-math3/3.1.1/commons-math3-3.1.1.jar:/home/user/.m2/repository/org/openjdk/jmh/jmh-generator-annprocess/1.19/jmh-generator-annprocess-1.19.jar:/home/user/.m2/repository/org/mockito/mockito-all/1.8.5/mockito-all-1.8.5.jar:/home/user/.m2/repository/org/apache/hadoop/hadoop-kms/3.2.2/hadoop-kms-3.2.2.jar:/home/user/.m2/repository/org/apache/hadoop/hadoop-auth/3.2.2/hadoop-auth-3.2.2.jar:/home/user/.m2/repository/com/nimbusds/nimbus-jose-jwt/7.9/nimbus-jose-jwt-7.9.jar:/home/user/.m2/repository/com/github/stephenc/jcip/jcip-annotations/1.0-1/jcip-annotations-1.0-1.jar:/home/user/.m2/repository/net/minidev/json-smart/2.3/json-smart-2.3.jar:/home/user/.m2/repository/net/minidev/accessors-smart/1.2/accessors-smart-1.2.jar:/home/user/.m2/repository/org/ow2/asm/asm/5.0.4/asm-5.0.4.jar:/home/user/.m2/repository/org/apache/zookeeper/zookeeper/3.4.13/zookeeper-3.4.13.jar:/home/user/.m2/repository/org/apache/yetus/audience-annotations/0.5.0/audience-annotations-0.5.0.jar:/home/user/.m2/repository/org/apache/curator/curator-framework/2.13.0/curator-framework-2.13.0.jar:/home/user/.m2/repository/com/sun/jersey/jersey-core/1.19/jersey-core-1.19.jar:/home/user/.m2/repository/javax/ws/rs/jsr311-api/1.1.1/jsr311-api-1.1.1.jar:/home/user/.m2/repository/com/sun/jersey/jersey-server/1.19/jersey-server-1.19.jar:/home/user/.m2/repository/javax/servlet/javax.servlet-api/3.1.0/javax.servlet-api-3.1.0.jar:/home/user/.m2/repository/org/eclipse/jetty/jetty-server/9.4.35.v20201120/jetty-server-9.4.35.v20201120.jar:/home/user/.m2/repository/org/eclipse/jetty/jetty-http/9.4.35.v20201120/jetty-http-9.4.35.v20201120.jar:/home/user/.m2/repository/org/eclipse/jetty/jetty-io/9.4.35.v20201120/jetty-io-9.4.35.v20201120.jar:/home/user/.m2/repository/org/eclipse/jetty/jetty-webapp/9.4.35.v20201120/jetty-webapp-9.4.35.v20201120.jar:/home/user/.m2/repository/org/eclipse/jetty/jetty-xml/9.4.35.v20201120/jetty-xml-9.4.35.v20201120.jar:/home/user/.m2/repository/org/apache/hadoop/hadoop-common/3.2.2/hadoop-common-3.2.2.jar:/home/user/.m2/repository/commons-net/commons-net/3.6/commons-net-3.6.jar:/home/user/.m2/repository/javax/activation/javax.activation-api/1.2.0/javax.activation-api-1.2.0.jar:/home/user/.m2/repository/com/sun/jersey/jersey-servlet/1.19/jersey-servlet-1.19.jar:/home/user/.m2/repository/com/sun/jersey/jersey-json/1.19/jersey-json-1.19.jar:/home/user/.m2/repository/org/codehaus/jettison/jettison/1.1/jettison-1.1.jar:/home/user/.m2/repository/com/sun/xml/bind/jaxb-impl/2.2.3-1/jaxb-impl-2.2.3-1.jar:/home/user/.m2/repository/org/codehaus/jackson/jackson-jaxrs/1.9.2/jackson-jaxrs-1.9.2.jar:/home/user/.m2/repository/org/codehaus/jackson/jackson-xc/1.9.2/jackson-xc-1.9.2.jar:/home/user/.m2/repository/org/apache/commons/commons-configuration2/2.1.1/commons-configuration2-2.1.1.jar:/home/user/.m2/repository/org/apache/commons/commons-text/1.4/commons-text-1.4.jar:/home/user/.m2/repository/com/google/re2j/re2j/1.1/re2j-1.1.jar:/home/user/.m2/repository/com/jcraft/jsch/0.1.54/jsch-0.1.54.jar:/home/user/.m2/repository/org/apache/curator/curator-client/2.13.0/curator-client-2.13.0.jar:/home/user/.m2/repository/org/apache/curator/curator-recipes/2.13.0/curator-recipes-2.13.0.jar:/home/user/.m2/repository/dnsjava/dnsjava/2.1.7/dnsjava-2.1.7.jar:/home/user/.m2/repository/org/slf4j/jul-to-slf4j/1.7.30/jul-to-slf4j-1.7.30.jar:/home/user/.m2/repository/org/eclipse/jetty/jetty-util/9.4.35.v20201120/jetty-util-9.4.35.v20201120.jar:/home/user/.m2/repository/com/fasterxml/jackson/core/jackson-databind/2.12.1/jackson-databind-2.12.1.jar:/home/user/.m2/repository/org/apache/hadoop/hadoop-kms/3.2.2/hadoop-kms-3.2.2-tests.jar:/home/user/.m2/repository/org/apache/hadoop/hadoop-hdds-server-scm/1.2.0-SNAPSHOT/hadoop-hdds-server-scm-1.2.0-SNAPSHOT-tests.jar:/home/user/.m2/repository/org/apache/hadoop/hadoop-hdds-container-service/1.2.0-SNAPSHOT/hadoop-hdds-container-service-1.2.0-SNAPSHOT-tests.jar:/home/user/.m2/repository/commons-codec/commons-codec/1.11/commons-codec-1.11.jar:/home/user/.m2/repository/org/apache/hadoop/hadoop-hdds-hadoop-dependency-test/1.2.0-SNAPSHOT/hadoop-hdds-hadoop-dependency-test-1.2.0-SNAPSHOT.jar:/home/user/.m2/repository/org/apache/hadoop/hadoop-common/3.2.2/hadoop-common-3.2.2-tests.jar:/home/user/.m2/repository/org/apache/hadoop/hadoop-hdfs/3.2.2/hadoop-hdfs-3.2.2-tests.jar:/home/user/.m2/repository/org/eclipse/jetty/jetty-util-ajax/9.4.35.v20201120/jetty-util-ajax-9.4.35.v20201120.jar:/home/user/.m2/repository/commons-daemon/commons-daemon/1.0.13/commons-daemon-1.0.13.jar:/home/user/.m2/repository/io/netty/netty/3.10.6.Final/netty-3.10.6.Final.jar:/home/user/.m2/repository/io/netty/netty-all/4.1.63.Final/netty-all-4.1.63.Final.jar:/home/user/.m2/repository/org/apache/htrace/htrace-core4/4.1.0-incubating/htrace-core4-4.1.0-incubating.jar:/home/user/.m2/repository/org/apache/hadoop/hadoop-distcp/3.2.2/hadoop-distcp-3.2.2.jar:/home/user/.m2/repository/org/apache/hadoop/hadoop-mapreduce-client-jobclient/3.2.2/hadoop-mapreduce-client-jobclient-3.2.2.jar:/home/user/.m2/repository/org/apache/hadoop/hadoop-mapreduce-client-common/3.2.2/hadoop-mapreduce-client-common-3.2.2.jar:/home/user/.m2/repository/org/apache/hadoop/hadoop-yarn-common/3.2.2/hadoop-yarn-common-3.2.2.jar:/home/user/.m2/repository/org/apache/hadoop/hadoop-yarn-api/3.2.2/hadoop-yarn-api-3.2.2.jar:/home/user/.m2/repository/com/sun/jersey/jersey-client/1.19/jersey-client-1.19.jar:/home/user/.m2/repository/com/sun/jersey/contribs/jersey-guice/1.19/jersey-guice-1.19.jar:/home/user/.m2/repository/com/fasterxml/jackson/jaxrs/jackson-jaxrs-json-provider/2.12.1/jackson-jaxrs-json-provider-2.12.1.jar:/home/user/.m2/repository/com/fasterxml/jackson/jaxrs/jackson-jaxrs-base/2.12.1/jackson-jaxrs-base-2.12.1.jar:/home/user/.m2/repository/org/apache/hadoop/hadoop-yarn-client/3.2.2/hadoop-yarn-client-3.2.2.jar:/home/user/.m2/repository/org/apache/hadoop/hadoop-mapreduce-client-core/3.2.2/hadoop-mapreduce-client-core-3.2.2.jar:/home/user/.m2/repository/org/apache/avro/avro/1.7.7/avro-1.7.7.jar:/home/user/.m2/repository/org/codehaus/jackson/jackson-core-asl/1.9.13/jackson-core-asl-1.9.13.jar:/home/user/.m2/repository/org/codehaus/jackson/jackson-mapper-asl/1.9.13/jackson-mapper-asl-1.9.13.jar:/home/user/.m2/repository/com/thoughtworks/paranamer/paranamer/2.3/paranamer-2.3.jar:/home/user/.m2/repository/org/xerial/snappy/snappy-java/1.0.5/snappy-java-1.0.5.jar:/home/user/.m2/repository/org/apache/hadoop/hadoop-annotations/3.2.2/hadoop-annotations-3.2.2.jar:/usr/lib/jvm/java-1.8.0-openjdk-1.8.0.232.b09-0.el7_7.x86_64/jre/../lib/tools.jar:/home/user/.m2/repository/org/apache/hadoop/hadoop-distcp/3.2.2/hadoop-distcp-3.2.2-tests.jar:"/>
    <property name="java.vm.vendor" value="Oracle Corporation"/>
    <property name="sun.arch.data.model" value="64"/>
    <property name="test.build.dir" value="/github/workspace/mnt/ozone/hadoop-ozone/integration-test/target/test-dir"/>
    <property name="test.cache.data" value=""/>
    <property name="java.vendor.url" value="http://java.oracle.com/"/>
    <property name="user.timezone" value=""/>
    <property name="java.vm.specification.version" value="1.8"/>
    <property name="os.name" value="Linux"/>
    <property name="test.build.data" value="/github/workspace/mnt/ozone/hadoop-ozone/integration-test/target/test-dir"/>
    <property name="user.country" value="US"/>
    <property name="sun.java.launcher" value="SUN_STANDARD"/>
    <property name="sun.boot.library.path" value="/usr/lib/jvm/java-1.8.0-openjdk-1.8.0.232.b09-0.el7_7.x86_64/jre/lib/amd64"/>
    <property name="sun.java.command" value="/github/workspace/mnt/ozone/hadoop-ozone/integration-test/target/surefire/surefirebooter2402490613249553025.jar /github/workspace/mnt/ozone/hadoop-ozone/integration-test/target/surefire 2021-04-24T00-59-28_406-jvmRun1 surefire4470957986108069144tmp surefire_315206933685723627471tmp"/>
    <property name="surefire.test.class.path" value="/github/workspace/mnt/ozone/hadoop-ozone/integration-test/target/test-classes:/github/workspace/mnt/ozone/hadoop-ozone/integration-test/target/classes:/home/user/.m2/repository/org/apache/hadoop/hadoop-ozone-common/1.2.0-SNAPSHOT/hadoop-ozone-common-1.2.0-SNAPSHOT.jar:/home/user/.m2/repository/org/apache/commons/commons-compress/1.20/commons-compress-1.20.jar:/home/user/.m2/repository/org/apache/hadoop/hadoop-hdds-common/1.2.0-SNAPSHOT/hadoop-hdds-common-1.2.0-SNAPSHOT.jar:/home/user/.m2/repository/org/apache/hadoop/hadoop-hdds-client/1.2.0-SNAPSHOT/hadoop-hdds-client-1.2.0-SNAPSHOT.jar:/home/user/.m2/repository/org/apache/hadoop/hadoop-ozone-interface-client/1.2.0-SNAPSHOT/hadoop-ozone-interface-client-1.2.0-SNAPSHOT.jar:/home/user/.m2/repository/org/apache/hadoop/hadoop-hdds-test-utils/1.2.0-SNAPSHOT/hadoop-hdds-test-utils-1.2.0-SNAPSHOT.jar:/home/user/.m2/repository/com/google/guava/guava/30.1.1-jre/guava-30.1.1-jre.jar:/home/user/.m2/repository/com/google/guava/failureaccess/1.0.1/failureaccess-1.0.1.jar:/home/user/.m2/repository/com/google/guava/listenablefuture/9999.0-empty-to-avoid-conflict-with-guava/listenablefuture-9999.0-empty-to-avoid-conflict-with-guava.jar:/home/user/.m2/repository/com/google/code/findbugs/jsr305/3.0.0/jsr305-3.0.0.jar:/home/user/.m2/repository/org/checkerframework/checker-qual/3.8.0/checker-qual-3.8.0.jar:/home/user/.m2/repository/com/google/errorprone/error_prone_annotations/2.2.0/error_prone_annotations-2.2.0.jar:/home/user/.m2/repository/com/google/j2objc/j2objc-annotations/1.3/j2objc-annotations-1.3.jar:/home/user/.m2/repository/commons-io/commons-io/2.5/commons-io-2.5.jar:/home/user/.m2/repository/commons-logging/commons-logging/1.2/commons-logging-1.2.jar:/home/user/.m2/repository/log4j/log4j/1.2.17/log4j-1.2.17.jar:/home/user/.m2/repository/org/slf4j/slf4j-api/1.7.30/slf4j-api-1.7.30.jar:/home/user/.m2/repository/org/apache/hadoop/hadoop-hdds-server-scm/1.2.0-SNAPSHOT/hadoop-hdds-server-scm-1.2.0-SNAPSHOT.jar:/home/user/.m2/repository/org/apache/hadoop/hadoop-hdds-container-service/1.2.0-SNAPSHOT/hadoop-hdds-container-service-1.2.0-SNAPSHOT.jar:/home/user/.m2/repository/org/apache/hadoop/hadoop-hdds-hadoop-dependency-server/1.2.0-SNAPSHOT/hadoop-hdds-hadoop-dependency-server-1.2.0-SNAPSHOT.jar:/home/user/.m2/repository/org/apache/hadoop/hadoop-hdfs/3.2.2/hadoop-hdfs-3.2.2.jar:/home/user/.m2/repository/org/apache/hadoop/hadoop-hdds-server-framework/1.2.0-SNAPSHOT/hadoop-hdds-server-framework-1.2.0-SNAPSHOT.jar:/home/user/.m2/repository/org/apache/hadoop/hadoop-hdds-interface-server/1.2.0-SNAPSHOT/hadoop-hdds-interface-server-1.2.0-SNAPSHOT.jar:/home/user/.m2/repository/org/eclipse/jetty/jetty-servlet/9.4.35.v20201120/jetty-servlet-9.4.35.v20201120.jar:/home/user/.m2/repository/org/eclipse/jetty/jetty-security/9.4.35.v20201120/jetty-security-9.4.35.v20201120.jar:/home/user/.m2/repository/org/rocksdb/rocksdbjni/6.8.1/rocksdbjni-6.8.1.jar:/home/user/.m2/repository/io/prometheus/simpleclient_dropwizard/0.7.0/simpleclient_dropwizard-0.7.0.jar:/home/user/.m2/repository/io/prometheus/simpleclient/0.7.0/simpleclient-0.7.0.jar:/home/user/.m2/repository/io/prometheus/simpleclient_common/0.7.0/simpleclient_common-0.7.0.jar:/home/user/.m2/repository/com/fasterxml/jackson/datatype/jackson-datatype-jsr310/2.12.1/jackson-datatype-jsr310-2.12.1.jar:/home/user/.m2/repository/io/dropwizard/metrics/metrics-core/3.2.4/metrics-core-3.2.4.jar:/home/user/.m2/repository/org/apache/hadoop/hadoop-hdfs-client/3.2.2/hadoop-hdfs-client-3.2.2.jar:/home/user/.m2/repository/org/bouncycastle/bcprov-jdk15on/1.67/bcprov-jdk15on-1.67.jar:/home/user/.m2/repository/com/google/protobuf/protobuf-java/2.5.0/protobuf-java-2.5.0.jar:/home/user/.m2/repository/org/apache/hadoop/hadoop-ozone-ozone-manager/1.2.0-SNAPSHOT/hadoop-ozone-ozone-manager-1.2.0-SNAPSHOT.jar:/home/user/.m2/repository/org/apache/hadoop/hadoop-hdds-interface-client/1.2.0-SNAPSHOT/hadoop-hdds-interface-client-1.2.0-SNAPSHOT.jar:/home/user/.m2/repository/org/apache/ratis/ratis-thirdparty-misc/0.7.0-a398b19-SNAPSHOT/ratis-thirdparty-misc-0.7.0-a398b19-SNAPSHOT.jar:/home/user/.m2/repository/org/apache/hadoop/hadoop-ozone-interface-storage/1.2.0-SNAPSHOT/hadoop-ozone-interface-storage-1.2.0-SNAPSHOT.jar:/home/user/.m2/repository/org/apache/hadoop/hadoop-minikdc/3.2.2/hadoop-minikdc-3.2.2.jar:/home/user/.m2/repository/org/apache/kerby/kerb-simplekdc/1.0.1/kerb-simplekdc-1.0.1.jar:/home/user/.m2/repository/org/apache/kerby/kerb-client/1.0.1/kerb-client-1.0.1.jar:/home/user/.m2/repository/org/apache/kerby/kerby-config/1.0.1/kerby-config-1.0.1.jar:/home/user/.m2/repository/org/apache/kerby/kerb-core/1.0.1/kerb-core-1.0.1.jar:/home/user/.m2/repository/org/apache/kerby/kerby-pkix/1.0.1/kerby-pkix-1.0.1.jar:/home/user/.m2/repository/org/apache/kerby/kerby-asn1/1.0.1/kerby-asn1-1.0.1.jar:/home/user/.m2/repository/org/apache/kerby/kerby-util/1.0.1/kerby-util-1.0.1.jar:/home/user/.m2/repository/org/apache/kerby/kerb-common/1.0.1/kerb-common-1.0.1.jar:/home/user/.m2/repository/org/apache/kerby/kerb-crypto/1.0.1/kerb-crypto-1.0.1.jar:/home/user/.m2/repository/org/apache/kerby/kerb-util/1.0.1/kerb-util-1.0.1.jar:/home/user/.m2/repository/org/apache/kerby/token-provider/1.0.1/token-provider-1.0.1.jar:/home/user/.m2/repository/org/apache/kerby/kerb-admin/1.0.1/kerb-admin-1.0.1.jar:/home/user/.m2/repository/org/apache/kerby/kerb-server/1.0.1/kerb-server-1.0.1.jar:/home/user/.m2/repository/org/apache/kerby/kerb-identity/1.0.1/kerb-identity-1.0.1.jar:/home/user/.m2/repository/org/apache/kerby/kerby-xdr/1.0.1/kerby-xdr-1.0.1.jar:/home/user/.m2/repository/org/slf4j/slf4j-log4j12/1.7.30/slf4j-log4j12-1.7.30.jar:/home/user/.m2/repository/org/apache/hadoop/hadoop-ozone-s3gateway/1.2.0-SNAPSHOT/hadoop-ozone-s3gateway-1.2.0-SNAPSHOT.jar:/home/user/.m2/repository/org/jboss/weld/servlet/weld-servlet/2.4.7.Final/weld-servlet-2.4.7.Final.jar:/home/user/.m2/repository/org/glassfish/jersey/containers/jersey-container-servlet-core/2.33/jersey-container-servlet-core-2.33.jar:/home/user/.m2/repository/org/glassfish/hk2/external/jakarta.inject/2.6.1/jakarta.inject-2.6.1.jar:/home/user/.m2/repository/org/glassfish/jersey/core/jersey-common/2.33/jersey-common-2.33.jar:/home/user/.m2/repository/jakarta/ws/rs/jakarta.ws.rs-api/2.1.6/jakarta.ws.rs-api-2.1.6.jar:/home/user/.m2/repository/org/glassfish/jersey/ext/cdi/jersey-cdi1x/2.33/jersey-cdi1x-2.33.jar:/home/user/.m2/repository/org/glassfish/jersey/inject/jersey-hk2/2.33/jersey-hk2-2.33.jar:/home/user/.m2/repository/org/glassfish/hk2/hk2-locator/2.6.1/hk2-locator-2.6.1.jar:/home/user/.m2/repository/org/javassist/javassist/3.25.0-GA/javassist-3.25.0-GA.jar:/home/user/.m2/repository/org/glassfish/jersey/media/jersey-media-jaxb/2.33/jersey-media-jaxb-2.33.jar:/home/user/.m2/repository/org/glassfish/hk2/osgi-resource-locator/1.0.3/osgi-resource-locator-1.0.3.jar:/home/user/.m2/repository/org/glassfish/hk2/hk2-api/2.5.0/hk2-api-2.5.0.jar:/home/user/.m2/repository/org/glassfish/hk2/hk2-utils/2.5.0/hk2-utils-2.5.0.jar:/home/user/.m2/repository/org/glassfish/hk2/external/aopalliance-repackaged/2.5.0/aopalliance-repackaged-2.5.0.jar:/home/user/.m2/repository/com/fasterxml/jackson/dataformat/jackson-dataformat-xml/2.12.1/jackson-dataformat-xml-2.12.1.jar:/home/user/.m2/repository/com/fasterxml/jackson/core/jackson-core/2.12.1/jackson-core-2.12.1.jar:/home/user/.m2/repository/com/fasterxml/jackson/module/jackson-module-jaxb-annotations/2.12.1/jackson-module-jaxb-annotations-2.12.1.jar:/home/user/.m2/repository/jakarta/xml/bind/jakarta.xml.bind-api/2.3.2/jakarta.xml.bind-api-2.3.2.jar:/home/user/.m2/repository/jakarta/activation/jakarta.activation-api/1.2.1/jakarta.activation-api-1.2.1.jar:/home/user/.m2/repository/org/codehaus/woodstox/stax2-api/3.1.4/stax2-api-3.1.4.jar:/home/user/.m2/repository/com/fasterxml/woodstox/woodstox-core/5.0.3/woodstox-core-5.0.3.jar:/home/user/.m2/repository/javax/enterprise/cdi-api/1.2/cdi-api-1.2.jar:/home/user/.m2/repository/javax/el/javax.el-api/3.0.0/javax.el-api-3.0.0.jar:/home/user/.m2/repository/javax/interceptor/javax.interceptor-api/1.2/javax.interceptor-api-1.2.jar:/home/user/.m2/repository/javax/inject/javax.inject/1/javax.inject-1.jar:/home/user/.m2/repository/javax/xml/bind/jaxb-api/2.3.0/jaxb-api-2.3.0.jar:/home/user/.m2/repository/org/glassfish/jaxb/jaxb-runtime/2.3.0.1/jaxb-runtime-2.3.0.1.jar:/home/user/.m2/repository/org/glassfish/jaxb/jaxb-core/2.3.0.1/jaxb-core-2.3.0.1.jar:/home/user/.m2/repository/org/glassfish/jaxb/txw2/2.3.0.1/txw2-2.3.0.1.jar:/home/user/.m2/repository/com/sun/istack/istack-commons-runtime/3.0.5/istack-commons-runtime-3.0.5.jar:/home/user/.m2/repository/org/jvnet/staxex/stax-ex/1.7.8/stax-ex-1.7.8.jar:/home/user/.m2/repository/com/sun/xml/fastinfoset/FastInfoset/1.2.13/FastInfoset-1.2.13.jar:/home/user/.m2/repository/javax/activation/activation/1.1.1/activation-1.1.1.jar:/home/user/.m2/repository/org/apache/hadoop/hadoop-ozone-csi/1.2.0-SNAPSHOT/hadoop-ozone-csi-1.2.0-SNAPSHOT.jar:/home/user/.m2/repository/com/google/protobuf/protobuf-java-util/3.12.0/protobuf-java-util-3.12.0.jar:/home/user/.m2/repository/com/google/code/gson/gson/2.2.4/gson-2.2.4.jar:/home/user/.m2/repository/org/apache/hadoop/hadoop-hdds-config/1.2.0-SNAPSHOT/hadoop-hdds-config-1.2.0-SNAPSHOT.jar:/home/user/.m2/repository/io/grpc/grpc-netty/1.33.0/grpc-netty-1.33.0.jar:/home/user/.m2/repository/io/grpc/grpc-core/1.33.0/grpc-core-1.33.0.jar:/home/user/.m2/repository/com/google/android/annotations/4.1.1.4/annotations-4.1.1.4.jar:/home/user/.m2/repository/io/netty/netty-codec-http2/4.1.51.Final/netty-codec-http2-4.1.51.Final.jar:/home/user/.m2/repository/io/netty/netty-codec/4.1.51.Final/netty-codec-4.1.51.Final.jar:/home/user/.m2/repository/io/netty/netty-handler/4.1.51.Final/netty-handler-4.1.51.Final.jar:/home/user/.m2/repository/io/netty/netty-codec-http/4.1.51.Final/netty-codec-http-4.1.51.Final.jar:/home/user/.m2/repository/io/netty/netty-handler-proxy/4.1.51.Final/netty-handler-proxy-4.1.51.Final.jar:/home/user/.m2/repository/io/netty/netty-codec-socks/4.1.51.Final/netty-codec-socks-4.1.51.Final.jar:/home/user/.m2/repository/io/perfmark/perfmark-api/0.19.0/perfmark-api-0.19.0.jar:/home/user/.m2/repository/org/codehaus/mojo/animal-sniffer-annotations/1.18/animal-sniffer-annotations-1.18.jar:/home/user/.m2/repository/io/netty/netty-transport-native-epoll/4.1.63.Final/netty-transport-native-epoll-4.1.63.Final.jar:/home/user/.m2/repository/io/netty/netty-common/4.1.63.Final/netty-common-4.1.63.Final.jar:/home/user/.m2/repository/io/netty/netty-buffer/4.1.63.Final/netty-buffer-4.1.63.Final.jar:/home/user/.m2/repository/io/netty/netty-transport/4.1.63.Final/netty-transport-4.1.63.Final.jar:/home/user/.m2/repository/io/netty/netty-resolver/4.1.63.Final/netty-resolver-4.1.63.Final.jar:/home/user/.m2/repository/io/netty/netty-transport-native-unix-common/4.1.63.Final/netty-transport-native-unix-common-4.1.63.Final.jar:/home/user/.m2/repository/io/grpc/grpc-protobuf/1.33.0/grpc-protobuf-1.33.0.jar:/home/user/.m2/repository/io/grpc/grpc-api/1.33.0/grpc-api-1.33.0.jar:/home/user/.m2/repository/io/grpc/grpc-context/1.33.0/grpc-context-1.33.0.jar:/home/user/.m2/repository/com/google/api/grpc/proto-google-common-protos/1.17.0/proto-google-common-protos-1.17.0.jar:/home/user/.m2/repository/io/grpc/grpc-protobuf-lite/1.33.0/grpc-protobuf-lite-1.33.0.jar:/home/user/.m2/repository/io/grpc/grpc-stub/1.33.0/grpc-stub-1.33.0.jar:/home/user/.m2/repository/org/apache/hadoop/hadoop-ozone-recon/1.2.0-SNAPSHOT/hadoop-ozone-recon-1.2.0-SNAPSHOT.jar:/home/user/.m2/repository/org/apache/hadoop/hadoop-ozone-reconcodegen/1.2.0-SNAPSHOT/hadoop-ozone-reconcodegen-1.2.0-SNAPSHOT.jar:/home/user/.m2/repository/com/google/inject/extensions/guice-multibindings/4.0/guice-multibindings-4.0.jar:/home/user/.m2/repository/com/google/inject/guice/4.0/guice-4.0.jar:/home/user/.m2/repository/aopalliance/aopalliance/1.0/aopalliance-1.0.jar:/home/user/.m2/repository/com/google/inject/extensions/guice-assistedinject/4.0/guice-assistedinject-4.0.jar:/home/user/.m2/repository/com/google/inject/extensions/guice-servlet/4.0/guice-servlet-4.0.jar:/home/user/.m2/repository/org/glassfish/jersey/containers/jersey-container-servlet/2.33/jersey-container-servlet-2.33.jar:/home/user/.m2/repository/org/glassfish/hk2/guice-bridge/2.5.0/guice-bridge-2.5.0.jar:/home/user/.m2/repository/org/glassfish/jersey/core/jersey-server/2.33/jersey-server-2.33.jar:/home/user/.m2/repository/org/glassfish/jersey/core/jersey-client/2.33/jersey-client-2.33.jar:/home/user/.m2/repository/jakarta/annotation/jakarta.annotation-api/1.3.5/jakarta.annotation-api-1.3.5.jar:/home/user/.m2/repository/jakarta/validation/jakarta.validation-api/2.0.2/jakarta.validation-api-2.0.2.jar:/home/user/.m2/repository/org/glassfish/jersey/media/jersey-media-json-jackson/2.33/jersey-media-json-jackson-2.33.jar:/home/user/.m2/repository/org/glassfish/jersey/ext/jersey-entity-filtering/2.33/jersey-entity-filtering-2.33.jar:/home/user/.m2/repository/org/jooq/jooq/3.11.10/jooq-3.11.10.jar:/home/user/.m2/repository/org/jooq/jooq-meta/3.11.10/jooq-meta-3.11.10.jar:/home/user/.m2/repository/org/jooq/jooq-codegen/3.11.10/jooq-codegen-3.11.10.jar:/home/user/.m2/repository/com/jolbox/bonecp/0.8.0.RELEASE/bonecp-0.8.0.RELEASE.jar:/home/user/.m2/repository/org/apache/derby/derby/10.14.2.0/derby-10.14.2.0.jar:/home/user/.m2/repository/org/xerial/sqlite-jdbc/3.25.2/sqlite-jdbc-3.25.2.jar:/home/user/.m2/repository/org/springframework/spring-jdbc/5.2.11.RELEASE/spring-jdbc-5.2.11.RELEASE.jar:/home/user/.m2/repository/org/springframework/spring-beans/5.2.11.RELEASE/spring-beans-5.2.11.RELEASE.jar:/home/user/.m2/repository/org/springframework/spring-core/5.2.11.RELEASE/spring-core-5.2.11.RELEASE.jar:/home/user/.m2/repository/org/springframework/spring-jcl/5.2.11.RELEASE/spring-jcl-5.2.11.RELEASE.jar:/home/user/.m2/repository/org/springframework/spring-tx/5.2.11.RELEASE/spring-tx-5.2.11.RELEASE.jar:/home/user/.m2/repository/org/apache/hadoop/hadoop-ozone-client/1.2.0-SNAPSHOT/hadoop-ozone-client-1.2.0-SNAPSHOT.jar:/home/user/.m2/repository/org/apache/hadoop/hadoop-ozone-filesystem/1.2.0-SNAPSHOT/hadoop-ozone-filesystem-1.2.0-SNAPSHOT.jar:/home/user/.m2/repository/org/apache/hadoop/hadoop-ozone-filesystem-common/1.2.0-SNAPSHOT/hadoop-ozone-filesystem-common-1.2.0-SNAPSHOT.jar:/home/user/.m2/repository/org/apache/hadoop/hadoop-ozone-tools/1.2.0-SNAPSHOT/hadoop-ozone-tools-1.2.0-SNAPSHOT.jar:/home/user/.m2/repository/org/apache/ratis/ratis-tools/2.1.0-43915d2-SNAPSHOT/ratis-tools-2.1.0-43915d2-SNAPSHOT.jar:/home/user/.m2/repository/org/apache/ratis/ratis-proto/2.1.0-43915d2-SNAPSHOT/ratis-proto-2.1.0-43915d2-SNAPSHOT.jar:/home/user/.m2/repository/org/apache/ratis/ratis-common/2.1.0-43915d2-SNAPSHOT/ratis-common-2.1.0-43915d2-SNAPSHOT.jar:/home/user/.m2/repository/com/amazonaws/aws-java-sdk-core/1.11.901/aws-java-sdk-core-1.11.901.jar:/home/user/.m2/repository/org/apache/httpcomponents/httpclient/4.5.13/httpclient-4.5.13.jar:/home/user/.m2/repository/org/apache/httpcomponents/httpcore/4.4.13/httpcore-4.4.13.jar:/home/user/.m2/repository/software/amazon/ion/ion-java/1.0.2/ion-java-1.0.2.jar:/home/user/.m2/repository/com/fasterxml/jackson/dataformat/jackson-dataformat-cbor/2.12.1/jackson-dataformat-cbor-2.12.1.jar:/home/user/.m2/repository/joda-time/joda-time/2.8.1/joda-time-2.8.1.jar:/home/user/.m2/repository/com/amazonaws/aws-java-sdk-s3/1.11.901/aws-java-sdk-s3-1.11.901.jar:/home/user/.m2/repository/com/amazonaws/aws-java-sdk-kms/1.11.901/aws-java-sdk-kms-1.11.901.jar:/home/user/.m2/repository/com/amazonaws/jmespath-java/1.11.901/jmespath-java-1.11.901.jar:/home/user/.m2/repository/org/kohsuke/metainf-services/metainf-services/1.8/metainf-services-1.8.jar:/home/user/.m2/repository/org/apache/hadoop/hadoop-hdds-tools/1.2.0-SNAPSHOT/hadoop-hdds-tools-1.2.0-SNAPSHOT.jar:/home/user/.m2/repository/commons-cli/commons-cli/1.2/commons-cli-1.2.jar:/home/user/.m2/repository/org/apache/commons/commons-lang3/3.7/commons-lang3-3.7.jar:/home/user/.m2/repository/org/apache/hadoop/hadoop-ozone-ozone-manager/1.2.0-SNAPSHOT/hadoop-ozone-ozone-manager-1.2.0-SNAPSHOT-tests.jar:/home/user/.m2/repository/org/apache/hadoop/hadoop-hdds-common/1.2.0-SNAPSHOT/hadoop-hdds-common-1.2.0-SNAPSHOT-tests.jar:/home/user/.m2/repository/org/apache/hadoop/hadoop-hdds-hadoop-dependency-client/1.2.0-SNAPSHOT/hadoop-hdds-hadoop-dependency-client-1.2.0-SNAPSHOT.jar:/home/user/.m2/repository/info/picocli/picocli/4.4.0/picocli-4.4.0.jar:/home/user/.m2/repository/com/fasterxml/jackson/core/jackson-annotations/2.12.1/jackson-annotations-2.12.1.jar:/home/user/.m2/repository/javax/annotation/javax.annotation-api/1.2/javax.annotation-api-1.2.jar:/home/user/.m2/repository/org/fusesource/leveldbjni/leveldbjni-all/1.8/leveldbjni-all-1.8.jar:/home/user/.m2/repository/org/apache/ratis/ratis-server/2.1.0-43915d2-SNAPSHOT/ratis-server-2.1.0-43915d2-SNAPSHOT.jar:/home/user/.m2/repository/org/apache/ratis/ratis-client/2.1.0-43915d2-SNAPSHOT/ratis-client-2.1.0-43915d2-SNAPSHOT.jar:/home/user/.m2/repository/org/apache/ratis/ratis-server-api/2.1.0-43915d2-SNAPSHOT/ratis-server-api-2.1.0-43915d2-SNAPSHOT.jar:/home/user/.m2/repository/org/apache/ratis/ratis-metrics/2.1.0-43915d2-SNAPSHOT/ratis-metrics-2.1.0-43915d2-SNAPSHOT.jar:/home/user/.m2/repository/org/apache/ratis/ratis-netty/2.1.0-43915d2-SNAPSHOT/ratis-netty-2.1.0-43915d2-SNAPSHOT.jar:/home/user/.m2/repository/org/apache/ratis/ratis-grpc/2.1.0-43915d2-SNAPSHOT/ratis-grpc-2.1.0-43915d2-SNAPSHOT.jar:/home/user/.m2/repository/org/apache/logging/log4j/log4j-api/2.13.3/log4j-api-2.13.3.jar:/home/user/.m2/repository/org/apache/logging/log4j/log4j-core/2.13.3/log4j-core-2.13.3.jar:/home/user/.m2/repository/com/lmax/disruptor/3.4.2/disruptor-3.4.2.jar:/home/user/.m2/repository/org/apache/commons/commons-pool2/2.6.0/commons-pool2-2.6.0.jar:/home/user/.m2/repository/org/bouncycastle/bcpkix-jdk15on/1.67/bcpkix-jdk15on-1.67.jar:/home/user/.m2/repository/commons-validator/commons-validator/1.6/commons-validator-1.6.jar:/home/user/.m2/repository/commons-beanutils/commons-beanutils/1.9.4/commons-beanutils-1.9.4.jar:/home/user/.m2/repository/commons-digester/commons-digester/1.8.1/commons-digester-1.8.1.jar:/home/user/.m2/repository/commons-collections/commons-collections/3.2.2/commons-collections-3.2.2.jar:/home/user/.m2/repository/io/jaegertracing/jaeger-client/1.6.0/jaeger-client-1.6.0.jar:/home/user/.m2/repository/io/jaegertracing/jaeger-thrift/1.6.0/jaeger-thrift-1.6.0.jar:/home/user/.m2/repository/org/apache/thrift/libthrift/0.14.1/libthrift-0.14.1.jar:/home/user/.m2/repository/com/squareup/okhttp3/okhttp/4.9.0/okhttp-4.9.0.jar:/home/user/.m2/repository/com/squareup/okio/okio/2.8.0/okio-2.8.0.jar:/home/user/.m2/repository/io/jaegertracing/jaeger-core/1.6.0/jaeger-core-1.6.0.jar:/home/user/.m2/repository/io/jaegertracing/jaeger-tracerresolver/1.6.0/jaeger-tracerresolver-1.6.0.jar:/home/user/.m2/repository/io/opentracing/contrib/opentracing-tracerresolver/0.1.8/opentracing-tracerresolver-0.1.8.jar:/home/user/.m2/repository/org/jetbrains/kotlin/kotlin-stdlib/1.4.31/kotlin-stdlib-1.4.31.jar:/home/user/.m2/repository/org/jetbrains/kotlin/kotlin-stdlib-common/1.4.31/kotlin-stdlib-common-1.4.31.jar:/home/user/.m2/repository/org/jetbrains/annotations/13.0/annotations-13.0.jar:/home/user/.m2/repository/io/opentracing/opentracing-util/0.33.0/opentracing-util-0.33.0.jar:/home/user/.m2/repository/io/opentracing/opentracing-api/0.33.0/opentracing-api-0.33.0.jar:/home/user/.m2/repository/io/opentracing/opentracing-noop/0.33.0/opentracing-noop-0.33.0.jar:/home/user/.m2/repository/org/yaml/snakeyaml/1.26/snakeyaml-1.26.jar:/home/user/.m2/repository/org/apache/hadoop/hadoop-hdds-interface-admin/1.2.0-SNAPSHOT/hadoop-hdds-interface-admin-1.2.0-SNAPSHOT.jar:/home/user/.m2/repository/junit/junit/4.13.1/junit-4.13.1.jar:/home/user/.m2/repository/org/hamcrest/hamcrest-core/1.3/hamcrest-core-1.3.jar:/home/user/.m2/repository/org/junit/jupiter/junit-jupiter-api/5.7.0/junit-jupiter-api-5.7.0.jar:/home/user/.m2/repository/org/apiguardian/apiguardian-api/1.1.0/apiguardian-api-1.1.0.jar:/home/user/.m2/repository/org/opentest4j/opentest4j/1.2.0/opentest4j-1.2.0.jar:/home/user/.m2/repository/org/junit/platform/junit-platform-commons/1.7.0/junit-platform-commons-1.7.0.jar:/home/user/.m2/repository/org/junit/jupiter/junit-jupiter-engine/5.7.0/junit-jupiter-engine-5.7.0.jar:/home/user/.m2/repository/org/junit/platform/junit-platform-engine/1.7.0/junit-platform-engine-1.7.0.jar:/home/user/.m2/repository/org/junit/vintage/junit-vintage-engine/5.7.0/junit-vintage-engine-5.7.0.jar:/home/user/.m2/repository/org/junit/platform/junit-platform-launcher/1.7.0/junit-platform-launcher-1.7.0.jar:/home/user/.m2/repository/org/openjdk/jmh/jmh-core/1.19/jmh-core-1.19.jar:/home/user/.m2/repository/net/sf/jopt-simple/jopt-simple/4.6/jopt-simple-4.6.jar:/home/user/.m2/repository/org/apache/commons/commons-math3/3.1.1/commons-math3-3.1.1.jar:/home/user/.m2/repository/org/openjdk/jmh/jmh-generator-annprocess/1.19/jmh-generator-annprocess-1.19.jar:/home/user/.m2/repository/org/mockito/mockito-all/1.8.5/mockito-all-1.8.5.jar:/home/user/.m2/repository/org/apache/hadoop/hadoop-kms/3.2.2/hadoop-kms-3.2.2.jar:/home/user/.m2/repository/org/apache/hadoop/hadoop-auth/3.2.2/hadoop-auth-3.2.2.jar:/home/user/.m2/repository/com/nimbusds/nimbus-jose-jwt/7.9/nimbus-jose-jwt-7.9.jar:/home/user/.m2/repository/com/github/stephenc/jcip/jcip-annotations/1.0-1/jcip-annotations-1.0-1.jar:/home/user/.m2/repository/net/minidev/json-smart/2.3/json-smart-2.3.jar:/home/user/.m2/repository/net/minidev/accessors-smart/1.2/accessors-smart-1.2.jar:/home/user/.m2/repository/org/ow2/asm/asm/5.0.4/asm-5.0.4.jar:/home/user/.m2/repository/org/apache/zookeeper/zookeeper/3.4.13/zookeeper-3.4.13.jar:/home/user/.m2/repository/org/apache/yetus/audience-annotations/0.5.0/audience-annotations-0.5.0.jar:/home/user/.m2/repository/org/apache/curator/curator-framework/2.13.0/curator-framework-2.13.0.jar:/home/user/.m2/repository/com/sun/jersey/jersey-core/1.19/jersey-core-1.19.jar:/home/user/.m2/repository/javax/ws/rs/jsr311-api/1.1.1/jsr311-api-1.1.1.jar:/home/user/.m2/repository/com/sun/jersey/jersey-server/1.19/jersey-server-1.19.jar:/home/user/.m2/repository/javax/servlet/javax.servlet-api/3.1.0/javax.servlet-api-3.1.0.jar:/home/user/.m2/repository/org/eclipse/jetty/jetty-server/9.4.35.v20201120/jetty-server-9.4.35.v20201120.jar:/home/user/.m2/repository/org/eclipse/jetty/jetty-http/9.4.35.v20201120/jetty-http-9.4.35.v20201120.jar:/home/user/.m2/repository/org/eclipse/jetty/jetty-io/9.4.35.v20201120/jetty-io-9.4.35.v20201120.jar:/home/user/.m2/repository/org/eclipse/jetty/jetty-webapp/9.4.35.v20201120/jetty-webapp-9.4.35.v20201120.jar:/home/user/.m2/repository/org/eclipse/jetty/jetty-xml/9.4.35.v20201120/jetty-xml-9.4.35.v20201120.jar:/home/user/.m2/repository/org/apache/hadoop/hadoop-common/3.2.2/hadoop-common-3.2.2.jar:/home/user/.m2/repository/commons-net/commons-net/3.6/commons-net-3.6.jar:/home/user/.m2/repository/javax/activation/javax.activation-api/1.2.0/javax.activation-api-1.2.0.jar:/home/user/.m2/repository/com/sun/jersey/jersey-servlet/1.19/jersey-servlet-1.19.jar:/home/user/.m2/repository/com/sun/jersey/jersey-json/1.19/jersey-json-1.19.jar:/home/user/.m2/repository/org/codehaus/jettison/jettison/1.1/jettison-1.1.jar:/home/user/.m2/repository/com/sun/xml/bind/jaxb-impl/2.2.3-1/jaxb-impl-2.2.3-1.jar:/home/user/.m2/repository/org/codehaus/jackson/jackson-jaxrs/1.9.2/jackson-jaxrs-1.9.2.jar:/home/user/.m2/repository/org/codehaus/jackson/jackson-xc/1.9.2/jackson-xc-1.9.2.jar:/home/user/.m2/repository/org/apache/commons/commons-configuration2/2.1.1/commons-configuration2-2.1.1.jar:/home/user/.m2/repository/org/apache/commons/commons-text/1.4/commons-text-1.4.jar:/home/user/.m2/repository/com/google/re2j/re2j/1.1/re2j-1.1.jar:/home/user/.m2/repository/com/jcraft/jsch/0.1.54/jsch-0.1.54.jar:/home/user/.m2/repository/org/apache/curator/curator-client/2.13.0/curator-client-2.13.0.jar:/home/user/.m2/repository/org/apache/curator/curator-recipes/2.13.0/curator-recipes-2.13.0.jar:/home/user/.m2/repository/dnsjava/dnsjava/2.1.7/dnsjava-2.1.7.jar:/home/user/.m2/repository/org/slf4j/jul-to-slf4j/1.7.30/jul-to-slf4j-1.7.30.jar:/home/user/.m2/repository/org/eclipse/jetty/jetty-util/9.4.35.v20201120/jetty-util-9.4.35.v20201120.jar:/home/user/.m2/repository/com/fasterxml/jackson/core/jackson-databind/2.12.1/jackson-databind-2.12.1.jar:/home/user/.m2/repository/org/apache/hadoop/hadoop-kms/3.2.2/hadoop-kms-3.2.2-tests.jar:/home/user/.m2/repository/org/apache/hadoop/hadoop-hdds-server-scm/1.2.0-SNAPSHOT/hadoop-hdds-server-scm-1.2.0-SNAPSHOT-tests.jar:/home/user/.m2/repository/org/apache/hadoop/hadoop-hdds-container-service/1.2.0-SNAPSHOT/hadoop-hdds-container-service-1.2.0-SNAPSHOT-tests.jar:/home/user/.m2/repository/commons-codec/commons-codec/1.11/commons-codec-1.11.jar:/home/user/.m2/repository/org/apache/hadoop/hadoop-hdds-hadoop-dependency-test/1.2.0-SNAPSHOT/hadoop-hdds-hadoop-dependency-test-1.2.0-SNAPSHOT.jar:/home/user/.m2/repository/org/apache/hadoop/hadoop-common/3.2.2/hadoop-common-3.2.2-tests.jar:/home/user/.m2/repository/org/apache/hadoop/hadoop-hdfs/3.2.2/hadoop-hdfs-3.2.2-tests.jar:/home/user/.m2/repository/org/eclipse/jetty/jetty-util-ajax/9.4.35.v20201120/jetty-util-ajax-9.4.35.v20201120.jar:/home/user/.m2/repository/commons-daemon/commons-daemon/1.0.13/commons-daemon-1.0.13.jar:/home/user/.m2/repository/io/netty/netty/3.10.6.Final/netty-3.10.6.Final.jar:/home/user/.m2/repository/io/netty/netty-all/4.1.63.Final/netty-all-4.1.63.Final.jar:/home/user/.m2/repository/org/apache/htrace/htrace-core4/4.1.0-incubating/htrace-core4-4.1.0-incubating.jar:/home/user/.m2/repository/org/apache/hadoop/hadoop-distcp/3.2.2/hadoop-distcp-3.2.2.jar:/home/user/.m2/repository/org/apache/hadoop/hadoop-mapreduce-client-jobclient/3.2.2/hadoop-mapreduce-client-jobclient-3.2.2.jar:/home/user/.m2/repository/org/apache/hadoop/hadoop-mapreduce-client-common/3.2.2/hadoop-mapreduce-client-common-3.2.2.jar:/home/user/.m2/repository/org/apache/hadoop/hadoop-yarn-common/3.2.2/hadoop-yarn-common-3.2.2.jar:/home/user/.m2/repository/org/apache/hadoop/hadoop-yarn-api/3.2.2/hadoop-yarn-api-3.2.2.jar:/home/user/.m2/repository/com/sun/jersey/jersey-client/1.19/jersey-client-1.19.jar:/home/user/.m2/repository/com/sun/jersey/contribs/jersey-guice/1.19/jersey-guice-1.19.jar:/home/user/.m2/repository/com/fasterxml/jackson/jaxrs/jackson-jaxrs-json-provider/2.12.1/jackson-jaxrs-json-provider-2.12.1.jar:/home/user/.m2/repository/com/fasterxml/jackson/jaxrs/jackson-jaxrs-base/2.12.1/jackson-jaxrs-base-2.12.1.jar:/home/user/.m2/repository/org/apache/hadoop/hadoop-yarn-client/3.2.2/hadoop-yarn-client-3.2.2.jar:/home/user/.m2/repository/org/apache/hadoop/hadoop-mapreduce-client-core/3.2.2/hadoop-mapreduce-client-core-3.2.2.jar:/home/user/.m2/repository/org/apache/avro/avro/1.7.7/avro-1.7.7.jar:/home/user/.m2/repository/org/codehaus/jackson/jackson-core-asl/1.9.13/jackson-core-asl-1.9.13.jar:/home/user/.m2/repository/org/codehaus/jackson/jackson-mapper-asl/1.9.13/jackson-mapper-asl-1.9.13.jar:/home/user/.m2/repository/com/thoughtworks/paranamer/paranamer/2.3/paranamer-2.3.jar:/home/user/.m2/repository/org/xerial/snappy/snappy-java/1.0.5/snappy-java-1.0.5.jar:/home/user/.m2/repository/org/apache/hadoop/hadoop-annotations/3.2.2/hadoop-annotations-3.2.2.jar:/usr/lib/jvm/java-1.8.0-openjdk-1.8.0.232.b09-0.el7_7.x86_64/jre/../lib/tools.jar:/home/user/.m2/repository/org/apache/hadoop/hadoop-distcp/3.2.2/hadoop-distcp-3.2.2-tests.jar:"/>
    <property name="sun.cpu.endian" value="little"/>
    <property name="user.home" value="/home/user"/>
    <property name="user.language" value="en"/>
    <property name="java.specification.vendor" value="Oracle Corporation"/>
    <property name="java.home" value="/usr/lib/jvm/java-1.8.0-openjdk-1.8.0.232.b09-0.el7_7.x86_64/jre"/>
    <property name="java.security.krb5.conf" value="/github/workspace/mnt/ozone/hadoop-ozone/integration-test/target/test-classes/krb5.conf"/>
    <property name="basedir" value="/github/workspace/mnt/ozone/hadoop-ozone/integration-test"/>
    <property name="file.separator" value="/"/>
    <property name="line.separator" value="&#10;"/>
    <property name="java.vm.specification.vendor" value="Oracle Corporation"/>
    <property name="java.specification.name" value="Java Platform API Specification"/>
    <property name="java.awt.graphicsenv" value="sun.awt.X11GraphicsEnvironment"/>
    <property name="skip.installnpx" value="true"/>
    <property name="surefire.real.class.path" value="/github/workspace/mnt/ozone/hadoop-ozone/integration-test/target/surefire/surefirebooter2402490613249553025.jar:/home/user/.m2/repository/org/jacoco/org.jacoco.agent/0.8.5/org.jacoco.agent-0.8.5-runtime.jar"/>
    <property name="hadoop.log.dir" value="/github/workspace/mnt/ozone/hadoop-ozone/integration-test/target/log"/>
    <property name="sun.boot.class.path" value="/usr/lib/jvm/java-1.8.0-openjdk-1.8.0.232.b09-0.el7_7.x86_64/jre/lib/resources.jar:/usr/lib/jvm/java-1.8.0-openjdk-1.8.0.232.b09-0.el7_7.x86_64/jre/lib/rt.jar:/usr/lib/jvm/java-1.8.0-openjdk-1.8.0.232.b09-0.el7_7.x86_64/jre/lib/sunrsasign.jar:/usr/lib/jvm/java-1.8.0-openjdk-1.8.0.232.b09-0.el7_7.x86_64/jre/lib/jsse.jar:/usr/lib/jvm/java-1.8.0-openjdk-1.8.0.232.b09-0.el7_7.x86_64/jre/lib/jce.jar:/usr/lib/jvm/java-1.8.0-openjdk-1.8.0.232.b09-0.el7_7.x86_64/jre/lib/charsets.jar:/usr/lib/jvm/java-1.8.0-openjdk-1.8.0.232.b09-0.el7_7.x86_64/jre/lib/jfr.jar:/usr/lib/jvm/java-1.8.0-openjdk-1.8.0.232.b09-0.el7_7.x86_64/jre/classes"/>
    <property name="sun.management.compiler" value="HotSpot 64-Bit Tiered Compilers"/>
    <property name="skip.npx" value="true"/>
    <property name="java.runtime.version" value="1.8.0_232-b09"/>
    <property name="java.net.preferIPv4Stack" value="true"/>
    <property name="user.name" value="jenkins1001"/>
    <property name="path.separator" value=":"/>
    <property name="java.security.egd" value="file:///dev/urandom"/>
    <property name="os.version" value="5.4.0-1046-azure"/>
    <property name="java.endorsed.dirs" value="/usr/lib/jvm/java-1.8.0-openjdk-1.8.0.232.b09-0.el7_7.x86_64/jre/lib/endorsed"/>
    <property name="java.runtime.name" value="OpenJDK Runtime Environment"/>
    <property name="file.encoding" value="ANSI_X3.4-1968"/>
    <property name="java.vm.name" value="OpenJDK 64-Bit Server VM"/>
    <property name="test.build.webapps" value=""/>
    <property name="localRepository" value="/home/user/.m2/repository"/>
    <property name="java.vendor.url.bug" value="http://bugreport.sun.com/bugreport/"/>
    <property name="java.io.tmpdir" value="/tmp"/>
    <property name="require.test.libhadoop" value=""/>
    <property name="java.version" value="1.8.0_232"/>
    <property name="user.dir" value="/github/workspace/mnt/ozone/hadoop-ozone/integration-test"/>
    <property name="os.arch" value="amd64"/>
    <property name="java.vm.specification.name" value="Java Virtual Machine Specification"/>
    <property name="test.build.classes" value="/github/workspace/mnt/ozone/hadoop-ozone/integration-test/target/test-classes"/>
    <property name="java.awt.printerjob" value="sun.print.PSPrinterJob"/>
    <property name="sun.os.patch.level" value="unknown"/>
    <property name="hadoop.tmp.dir" value="/github/workspace/mnt/ozone/hadoop-ozone/integration-test/target/tmp"/>
    <property name="java.library.path" value="/usr/lib:/usr/java/packages/lib/amd64:/usr/lib64:/lib64:/lib:/usr/lib"/>
    <property name="java.vm.info" value="mixed mode"/>
    <property name="java.vendor" value="Oracle Corporation"/>
    <property name="java.vm.version" value="25.232-b09"/>
    <property name="java.ext.dirs" value="/usr/lib/jvm/java-1.8.0-openjdk-1.8.0.232.b09-0.el7_7.x86_64/jre/lib/ext:/usr/java/packages/lib/ext"/>
    <property name="sun.io.unicode.encoding" value="UnicodeLittle"/>
    <property name="java.class.version" value="52.0"/>
  </properties>
  <testcase name="testReleaseBuffers" classname="org.apache.hadoop.ozone.client.rpc.TestCommitWatcher" time="50.563">
    <error message="org.apache.ratis.protocol.exceptions.AlreadyClosedException: SlidingWindow$Client:client-04F0E55D3540-&gt;RAFT is closed." type="java.util.concurrent.ExecutionException">java.util.concurrent.ExecutionException: org.apache.ratis.protocol.exceptions.AlreadyClosedException: SlidingWindow$Client:client-04F0E55D3540->RAFT is closed.
	at java.util.concurrent.CompletableFuture.reportGet(CompletableFuture.java:357)
	at java.util.concurrent.CompletableFuture.get(CompletableFuture.java:1908)
	at org.apache.hadoop.ozone.client.rpc.TestCommitWatcher.testReleaseBuffers(TestCommitWatcher.java:219)
	at sun.reflect.NativeMethodAccessorImpl.invoke0(Native Method)
	at sun.reflect.NativeMethodAccessorImpl.invoke(NativeMethodAccessorImpl.java:62)
	at sun.reflect.DelegatingMethodAccessorImpl.invoke(DelegatingMethodAccessorImpl.java:43)
	at java.lang.reflect.Method.invoke(Method.java:498)
	at org.junit.runners.model.FrameworkMethod$1.runReflectiveCall(FrameworkMethod.java:59)
	at org.junit.internal.runners.model.ReflectiveCallable.run(ReflectiveCallable.java:12)
	at org.junit.runners.model.FrameworkMethod.invokeExplosively(FrameworkMethod.java:56)
	at org.junit.internal.runners.statements.InvokeMethod.evaluate(InvokeMethod.java:17)
	at org.junit.internal.runners.statements.RunBefores.evaluate(RunBefores.java:26)
	at org.junit.internal.runners.statements.RunAfters.evaluate(RunAfters.java:27)
	at org.junit.internal.runners.statements.FailOnTimeout$CallableStatement.call(FailOnTimeout.java:288)
	at org.junit.internal.runners.statements.FailOnTimeout$CallableStatement.call(FailOnTimeout.java:282)
	at java.util.concurrent.FutureTask.run(FutureTask.java:266)
	at java.lang.Thread.run(Thread.java:748)
Caused by: org.apache.ratis.protocol.exceptions.AlreadyClosedException: SlidingWindow$Client:client-04F0E55D3540->RAFT is closed.
	at org.apache.ratis.util.SlidingWindow$Client.alreadyClosed(SlidingWindow.java:378)
	at org.apache.ratis.util.SlidingWindow$Client.fail(SlidingWindow.java:366)
	at org.apache.ratis.client.impl.OrderedAsync.failAllAsyncRequests(OrderedAsync.java:148)
	at org.apache.ratis.client.impl.OrderedAsync.handleAsyncRetryFailure(OrderedAsync.java:152)
	at org.apache.ratis.client.impl.OrderedAsync.lambda$sendRequest$10(OrderedAsync.java:252)
	at java.util.concurrent.CompletableFuture.uniExceptionally(CompletableFuture.java:884)
	at java.util.concurrent.CompletableFuture$UniExceptionally.tryFire(CompletableFuture.java:866)
	at java.util.concurrent.CompletableFuture.postComplete(CompletableFuture.java:488)
	at java.util.concurrent.CompletableFuture.completeExceptionally(CompletableFuture.java:1990)
	at org.apache.ratis.grpc.client.GrpcClientProtocolClient$AsyncStreamObservers.completeReplyExceptionally(GrpcClientProtocolClient.java:388)
	at org.apache.ratis.grpc.client.GrpcClientProtocolClient$AsyncStreamObservers.access$000(GrpcClientProtocolClient.java:294)
	at org.apache.ratis.grpc.client.GrpcClientProtocolClient$AsyncStreamObservers$1.onNext(GrpcClientProtocolClient.java:308)
	at org.apache.ratis.grpc.client.GrpcClientProtocolClient$AsyncStreamObservers$1.onNext(GrpcClientProtocolClient.java:299)
	at org.apache.ratis.thirdparty.io.grpc.stub.ClientCalls$StreamObserverToCallListenerAdapter.onMessage(ClientCalls.java:465)
	at org.apache.ratis.thirdparty.io.grpc.ForwardingClientCallListener.onMessage(ForwardingClientCallListener.java:33)
	at org.apache.ratis.thirdparty.io.grpc.internal.DelayedClientCall$DelayedListener.onMessage(DelayedClientCall.java:447)
	at org.apache.ratis.thirdparty.io.grpc.internal.ClientCallImpl$ClientStreamListenerImpl$1MessagesAvailable.runInternal(ClientCallImpl.java:715)
	at org.apache.ratis.thirdparty.io.grpc.internal.ClientCallImpl$ClientStreamListenerImpl$1MessagesAvailable.runInContext(ClientCallImpl.java:700)
	at org.apache.ratis.thirdparty.io.grpc.internal.ContextRunnable.run(ContextRunnable.java:37)
	at org.apache.ratis.thirdparty.io.grpc.internal.SerializingExecutor.run(SerializingExecutor.java:123)
	at java.util.concurrent.ThreadPoolExecutor.runWorker(ThreadPoolExecutor.java:1149)
	at java.util.concurrent.ThreadPoolExecutor$Worker.run(ThreadPoolExecutor.java:624)
	... 1 more
Caused by: org.apache.ratis.protocol.exceptions.RaftRetryFailureException: Failed RaftClientRequest:client-04F0E55D3540->686a54b3-507b-4dc5-8065-04c582627b70@group-6FADA685E35F, cid=14, seq=1*, Watch(0), null for 3 attempts with RequestTypeDependentRetryPolicy{WRITE->org.apache.ratis.retry.ExceptionDependentRetry@7901a1d7, WATCH->org.apache.ratis.retry.ExceptionDependentRetry@64682979}
	at org.apache.ratis.client.impl.RaftClientImpl.noMoreRetries(RaftClientImpl.java:254)
	... 20 more
Caused by: org.apache.ratis.protocol.exceptions.NotLeaderException: Server 686a54b3-507b-4dc5-8065-04c582627b70@group-6FADA685E35F is not the leader
	at org.apache.ratis.client.impl.ClientProtoUtils.toRaftClientReply(ClientProtoUtils.java:368)
	at org.apache.ratis.grpc.client.GrpcClientProtocolClient$AsyncStreamObservers$1.onNext(GrpcClientProtocolClient.java:304)
	... 11 more
</error>
    <system-out><![CDATA[2021-04-24 02:05:27,445 [Time-limited test] WARN  server.ServerUtils (ServerUtils.java:getScmDbDir(148)) - ozone.scm.db.dirs is not configured. We recommend adding this setting. Falling back to ozone.metadata.dirs instead.
2021-04-24 02:05:27,497 [Time-limited test] INFO  ha.SCMHANodeDetails (SCMHANodeDetails.java:loadSCMHAConfig(149)) - ServiceID for StorageContainerManager is null
2021-04-24 02:05:27,498 [Time-limited test] INFO  ha.SCMHANodeDetails (SCMHANodeDetails.java:loadSCMHAConfig(154)) - ozone.scm.default.service.id is not defined, falling back to ozone.scm.service.ids to find serviceID for StorageContainerManager if it is HA enabled cluster
2021-04-24 02:05:27,567 [Time-limited test] WARN  server.ServerUtils (ServerUtils.java:getScmDbDir(148)) - ozone.scm.db.dirs is not configured. We recommend adding this setting. Falling back to ozone.metadata.dirs instead.
2021-04-24 02:05:27,593 [Time-limited test] WARN  utils.HAUtils (HAUtils.java:getMetaDir(329)) - ozone.scm.db.dirs is not configured. We recommend adding this setting. Falling back to ozone.metadata.dirs instead.
2021-04-24 02:05:27,707 [Time-limited test] WARN  db.DBStoreBuilder (DBStoreBuilder.java:applyDBDefinition(145)) - ozone.scm.db.dirs is not configured. We recommend adding this setting. Falling back to ozone.metadata.dirs instead.
2021-04-24 02:05:27,836 [Time-limited test] INFO  net.NodeSchemaLoader (NodeSchemaLoader.java:loadSchemaFromFile(129)) - Loading schema from [jar:file:/home/user/.m2/repository/org/apache/hadoop/hadoop-hdds-common/1.2.0-SNAPSHOT/hadoop-hdds-common-1.2.0-SNAPSHOT.jar!/network-topology-default.xml, jar:file:/home/user/.m2/repository/org/apache/hadoop/hadoop-ozone-ozone-manager/1.2.0-SNAPSHOT/hadoop-ozone-ozone-manager-1.2.0-SNAPSHOT-tests.jar!/network-topology-default.xml, jar:file:/home/user/.m2/repository/org/apache/hadoop/hadoop-hdds-server-scm/1.2.0-SNAPSHOT/hadoop-hdds-server-scm-1.2.0-SNAPSHOT-tests.jar!/network-topology-default.xml]
2021-04-24 02:05:27,837 [Time-limited test] INFO  net.NodeSchemaLoader (NodeSchemaLoader.java:loadSchema(176)) - Loading network topology layer schema file
2021-04-24 02:05:27,880 [Time-limited test] INFO  ha.SequenceIdGenerator (SequenceIdGenerator.java:upgradeToSequenceId(300)) - upgrade localId to 107544261427200000
2021-04-24 02:05:27,881 [Time-limited test] INFO  ha.SequenceIdGenerator (SequenceIdGenerator.java:upgradeToSequenceId(310)) - upgrade delTxnId to 0
2021-04-24 02:05:27,883 [Time-limited test] INFO  ha.SequenceIdGenerator (SequenceIdGenerator.java:upgradeToSequenceId(324)) - upgrade containerId to 0
2021-04-24 02:05:27,885 [Time-limited test] INFO  ha.SequenceIdGenerator (SequenceIdGenerator.java:<init>(196)) - Init the HA SequenceIdGenerator.
2021-04-24 02:05:27,920 [Time-limited test] WARN  server.ServerUtils (ServerUtils.java:sanitizeUserArgs(73)) - ozone.scm.stale.node.interval value = 1000000 is larger than max = 100000 based on the key value of ozone.scm.heartbeat.thread.interval, reset to the max value 100000.
2021-04-24 02:05:27,920 [Time-limited test] WARN  server.ServerUtils (ServerUtils.java:sanitizeUserArgs(73)) - ozone.scm.stale.node.interval value = 1000000 is larger than max = 100000 based on the key value of ozone.scm.heartbeat.thread.interval, reset to the max value 100000.
2021-04-24 02:05:27,923 [Time-limited test] INFO  node.SCMNodeManager (SCMNodeManager.java:<init>(125)) - Entering startup safe mode.
2021-04-24 02:05:28,104 [Time-limited test] INFO  algorithms.ContainerPlacementPolicyFactory (ContainerPlacementPolicyFactory.java:getPolicy(60)) - Create container placement policy of type org.apache.hadoop.hdds.scm.container.placement.algorithms.SCMContainerPlacementRandom
2021-04-24 02:05:28,117 [Time-limited test] INFO  pipeline.PipelineStateManager (PipelineStateManagerV2Impl.java:initialize(78)) - No pipeline exists in current db
2021-04-24 02:05:28,163 [Time-limited test] INFO  algorithms.LeaderChoosePolicyFactory (LeaderChoosePolicyFactory.java:getPolicy(57)) - Create leader choose policy of type org.apache.hadoop.hdds.scm.pipeline.leader.choose.algorithms.MinLeaderCountChoosePolicy
2021-04-24 02:05:28,173 [Time-limited test] INFO  ha.SCMServiceManager (SCMServiceManager.java:register(43)) - Registering service BackgroundPipelineCreator.
2021-04-24 02:05:28,173 [Time-limited test] INFO  pipeline.BackgroundPipelineCreator (BackgroundPipelineCreatorV2.java:start(130)) - Starting RatisPipelineUtilsThread.
2021-04-24 02:05:28,209 [Time-limited test] INFO  algorithms.PipelineChoosePolicyFactory (PipelineChoosePolicyFactory.java:createPipelineChoosePolicyFromClass(73)) - Create pipeline choose policy of type org.apache.hadoop.hdds.scm.pipeline.choose.algorithms.RandomPipelineChoosePolicy
2021-04-24 02:05:28,230 [Time-limited test] INFO  ha.SCMServiceManager (SCMServiceManager.java:register(43)) - Registering service SCMBlockDeletingService.
2021-04-24 02:05:28,259 [Time-limited test] INFO  ha.SCMServiceManager (SCMServiceManager.java:register(43)) - Registering service ReplicationManager.
2021-04-24 02:05:28,263 [Time-limited test] INFO  container.ReplicationManager (ReplicationManager.java:start(226)) - Starting Replication Monitor Thread.
2021-04-24 02:05:28,271 [ReplicationMonitor] INFO  container.ReplicationManager (ReplicationManager.java:run(290)) - Replication Monitor Thread took 0 milliseconds for processing 0 containers.
2021-04-24 02:05:28,278 [Time-limited test] INFO  safemode.HealthyPipelineSafeModeRule (HealthyPipelineSafeModeRule.java:<init>(90)) - Total pipeline count is 0, healthy pipeline threshold count is 0
2021-04-24 02:05:28,280 [Time-limited test] INFO  safemode.OneReplicaPipelineSafeModeRule (OneReplicaPipelineSafeModeRule.java:<init>(86)) - Total pipeline count is 0, pipeline's with at least one datanode reported threshold count is 0
2021-04-24 02:05:28,721 [Time-limited test] INFO  ipc.CallQueueManager (CallQueueManager.java:<init>(85)) - Using callQueue: class java.util.concurrent.LinkedBlockingQueue, queueCapacity: 2000, scheduler: class org.apache.hadoop.ipc.DefaultRpcScheduler, ipcBackoff: false.
2021-04-24 02:05:28,747 [Socket Reader #1 for port 0] INFO  ipc.Server (Server.java:run(1255)) - Starting Socket Reader #1 for port 0
2021-04-24 02:05:28,799 [Listener at 0.0.0.0/44563] INFO  ipc.CallQueueManager (CallQueueManager.java:<init>(85)) - Using callQueue: class java.util.concurrent.LinkedBlockingQueue, queueCapacity: 2000, scheduler: class org.apache.hadoop.ipc.DefaultRpcScheduler, ipcBackoff: false.
2021-04-24 02:05:28,800 [Socket Reader #1 for port 0] INFO  ipc.Server (Server.java:run(1255)) - Starting Socket Reader #1 for port 0
2021-04-24 02:05:28,815 [Listener at 0.0.0.0/39899] INFO  ipc.CallQueueManager (CallQueueManager.java:<init>(85)) - Using callQueue: class java.util.concurrent.LinkedBlockingQueue, queueCapacity: 2000, scheduler: class org.apache.hadoop.ipc.DefaultRpcScheduler, ipcBackoff: false.
2021-04-24 02:05:28,817 [Socket Reader #1 for port 0] INFO  ipc.Server (Server.java:run(1255)) - Starting Socket Reader #1 for port 0
2021-04-24 02:05:28,822 [Listener at 0.0.0.0/38745] INFO  server.StorageContainerManager (StorageContainerManager.java:<init>(406)) - Container Balancer status:
Key                            Value
Running                        false
Container Balancer Configuration values:
Key                            Value
Threshold                      0.100000
Max Datanodes to Balance       5
Max Size to Move               10737418240B

2021-04-24 02:05:28,824 [Listener at 0.0.0.0/38745] WARN  events.EventQueue (EventQueue.java:fireEvent(185)) - No event handler registered for event TypedEvent{payloadType=SafeModeStatus, name='Safe mode status'}
2021-04-24 02:05:28,824 [Listener at 0.0.0.0/38745] INFO  ha.SCMContext (SCMContext.java:updateSafeModeStatus(147)) - Update SafeModeStatus from SafeModeStatus{safeModeStatus=true, preCheckPassed=false} to SafeModeStatus{safeModeStatus=true, preCheckPassed=false}.
2021-04-24 02:05:28,827 [Listener at 0.0.0.0/38745] INFO  server.StorageContainerManager (StorageContainerManager.java:start(1132)) - StorageContainerLocationProtocol RPC server is listening at /0.0.0.0:38745
2021-04-24 02:05:28,888 [Listener at 0.0.0.0/38745] WARN  impl.MetricsConfig (MetricsConfig.java:loadFirst(136)) - Cannot locate configuration: tried hadoop-metrics2-storagecontainermanager.properties,hadoop-metrics2.properties
2021-04-24 02:05:28,906 [Listener at 0.0.0.0/38745] INFO  impl.MetricsSystemImpl (MetricsSystemImpl.java:startTimer(378)) - Scheduled Metric snapshot period at 10 second(s).
2021-04-24 02:05:28,906 [Listener at 0.0.0.0/38745] INFO  impl.MetricsSystemImpl (MetricsSystemImpl.java:start(191)) - StorageContainerManager metrics system started
2021-04-24 02:05:29,168 [Listener at 0.0.0.0/38745] INFO  server.SCMClientProtocolServer (SCMClientProtocolServer.java:start(157)) - RPC server for Client  is listening at /0.0.0.0:38745
2021-04-24 02:05:29,169 [IPC Server Responder] INFO  ipc.Server (Server.java:run(1497)) - IPC Server Responder: starting
2021-04-24 02:05:29,171 [IPC Server listener on 0] INFO  ipc.Server (Server.java:run(1334)) - IPC Server listener on 0: starting
2021-04-24 02:05:29,176 [Listener at 0.0.0.0/38745] INFO  server.StorageContainerManager (StorageContainerManager.java:start(1146)) - ScmBlockLocationProtocol RPC server is listening at /0.0.0.0:39899
2021-04-24 02:05:29,177 [Listener at 0.0.0.0/38745] INFO  server.SCMBlockProtocolServer (SCMBlockProtocolServer.java:start(149)) - RPC server for Block Protocol is listening at /0.0.0.0:39899
2021-04-24 02:05:29,178 [IPC Server Responder] INFO  ipc.Server (Server.java:run(1497)) - IPC Server Responder: starting
2021-04-24 02:05:29,178 [IPC Server listener on 0] INFO  ipc.Server (Server.java:run(1334)) - IPC Server listener on 0: starting
2021-04-24 02:05:29,181 [Listener at 0.0.0.0/38745] INFO  server.StorageContainerManager (StorageContainerManager.java:start(1152)) - ScmDatanodeProtocl RPC server is listening at /0.0.0.0:44563
2021-04-24 02:05:29,181 [Listener at 0.0.0.0/38745] INFO  server.SCMDatanodeProtocolServer (SCMDatanodeProtocolServer.java:start(174)) - RPC server for DataNodes is listening at /0.0.0.0:44563
2021-04-24 02:05:29,182 [IPC Server Responder] INFO  ipc.Server (Server.java:run(1497)) - IPC Server Responder: starting
2021-04-24 02:05:29,182 [IPC Server listener on 0] INFO  ipc.Server (Server.java:run(1334)) - IPC Server listener on 0: starting
2021-04-24 02:05:29,200 [org.apache.hadoop.util.JvmPauseMonitor$Monitor@2ad68fee] INFO  util.JvmPauseMonitor (JvmPauseMonitor.java:run(188)) - Starting JVM pause monitor
2021-04-24 02:05:29,226 [Listener at 0.0.0.0/38745] INFO  http.BaseHttpServer (BaseHttpServer.java:newHttpServer2BuilderForOzone(207)) - Starting Web-server for scm at: http://0.0.0.0:0
2021-04-24 02:05:29,227 [Listener at 0.0.0.0/38745] INFO  http.BaseHttpServer (BaseHttpServer.java:<init>(106)) - Hadoop Security Enabled: false Ozone Security Enabled: false Ozone HTTP Security Enabled: false 
2021-04-24 02:05:29,257 [Listener at 0.0.0.0/38745] INFO  util.log (Log.java:initialized(169)) - Logging initialized @3272ms to org.eclipse.jetty.util.log.Slf4jLog
2021-04-24 02:05:29,383 [Listener at 0.0.0.0/38745] INFO  server.AuthenticationFilter (AuthenticationFilter.java:constructSecretProvider(240)) - Unable to initialize FileSignerSecretProvider, falling back to use random secrets.
2021-04-24 02:05:29,388 [Listener at 0.0.0.0/38745] WARN  http.HttpRequestLog (HttpRequestLog.java:getRequestLog(103)) - Jetty request log can only be enabled using Log4j
2021-04-24 02:05:29,394 [Listener at 0.0.0.0/38745] INFO  http.HttpServer2 (HttpServer2.java:addGlobalFilter(1020)) - Added global filter 'safety' (class=org.apache.hadoop.hdds.server.http.HttpServer2$QuotingInputFilter)
2021-04-24 02:05:29,397 [Listener at 0.0.0.0/38745] INFO  http.HttpServer2 (HttpServer2.java:addFilter(996)) - Added filter static_user_filter (class=org.apache.hadoop.http.lib.StaticUserWebFilter$StaticUserFilter) to context scm
2021-04-24 02:05:29,397 [Listener at 0.0.0.0/38745] INFO  http.HttpServer2 (HttpServer2.java:addFilter(1004)) - Added filter static_user_filter (class=org.apache.hadoop.http.lib.StaticUserWebFilter$StaticUserFilter) to context logs
2021-04-24 02:05:29,398 [Listener at 0.0.0.0/38745] INFO  http.HttpServer2 (HttpServer2.java:addFilter(1004)) - Added filter static_user_filter (class=org.apache.hadoop.http.lib.StaticUserWebFilter$StaticUserFilter) to context static
2021-04-24 02:05:29,441 [Listener at 0.0.0.0/38745] INFO  http.HttpServer2 (HttpServer2.java:bindListener(1238)) - Jetty bound to port 46375
2021-04-24 02:05:29,442 [Listener at 0.0.0.0/38745] INFO  server.Server (Server.java:doStart(375)) - jetty-9.4.35.v20201120; built: 2020-11-20T21:17:03.964Z; git: bdc54f03a5e0a7e280fab27f55c3c75ee8da89fb; jvm 1.8.0_232-b09
2021-04-24 02:05:29,475 [Listener at 0.0.0.0/38745] INFO  server.session (DefaultSessionIdManager.java:doStart(334)) - DefaultSessionIdManager workerName=node0
2021-04-24 02:05:29,476 [Listener at 0.0.0.0/38745] INFO  server.session (DefaultSessionIdManager.java:doStart(339)) - No SessionScavenger set, using defaults
2021-04-24 02:05:29,477 [Listener at 0.0.0.0/38745] INFO  server.session (HouseKeeper.java:startScavenging(132)) - node0 Scavenging every 660000ms
2021-04-24 02:05:29,490 [Listener at 0.0.0.0/38745] INFO  handler.ContextHandler (ContextHandler.java:doStart(916)) - Started o.e.j.s.ServletContextHandler@311a89bb{logs,/logs,file:///github/workspace/mnt/ozone/hadoop-ozone/integration-test/target/log,AVAILABLE}
2021-04-24 02:05:29,491 [Listener at 0.0.0.0/38745] INFO  handler.ContextHandler (ContextHandler.java:doStart(916)) - Started o.e.j.s.ServletContextHandler@2f7d7976{static,/static,file:///github/workspace/mnt/ozone/hadoop-ozone/integration-test/target/test-classes/webapps/static,AVAILABLE}
2021-04-24 02:05:29,587 [Listener at 0.0.0.0/38745] INFO  handler.ContextHandler (ContextHandler.java:doStart(916)) - Started o.e.j.w.WebAppContext@5352ac78{scm,/,file:///github/workspace/mnt/ozone/hadoop-ozone/integration-test/target/test-classes/webapps/scm/,AVAILABLE}{file:/github/workspace/mnt/ozone/hadoop-ozone/integration-test/target/test-classes/webapps/scm}
2021-04-24 02:05:29,597 [Listener at 0.0.0.0/38745] INFO  server.AbstractConnector (AbstractConnector.java:doStart(331)) - Started ServerConnector@3abe95d{HTTP/1.1, (http/1.1)}{0.0.0.0:46375}
2021-04-24 02:05:29,597 [Listener at 0.0.0.0/38745] INFO  server.Server (Server.java:doStart(415)) - Started @3613ms
2021-04-24 02:05:29,600 [Listener at 0.0.0.0/38745] INFO  impl.MetricsSinkAdapter (MetricsSinkAdapter.java:start(204)) - Sink prometheus started
2021-04-24 02:05:29,600 [Listener at 0.0.0.0/38745] INFO  impl.MetricsSystemImpl (MetricsSystemImpl.java:registerSink(305)) - Registered sink prometheus
2021-04-24 02:05:29,604 [Listener at 0.0.0.0/38745] INFO  http.BaseHttpServer (BaseHttpServer.java:updateConnectorAddress(327)) - HTTP server of scm listening at http://0.0.0.0:46375
2021-04-24 02:05:29,606 [Listener at 0.0.0.0/38745] WARN  server.ServerUtils (ServerUtils.java:getDBPath(225)) - ozone.om.db.dirs is not configured. We recommend adding this setting. Falling back to ozone.metadata.dirs instead.
2021-04-24 02:05:29,724 [Listener at 0.0.0.0/38745] INFO  ha.OMHANodeDetails (OMHANodeDetails.java:loadOMHAConfig(105)) - ozone.om.internal.service.id is not defined, falling back to ozone.om.service.ids to find serviceID for OzoneManager if it is HA enabled cluster
2021-04-24 02:05:29,729 [Listener at 0.0.0.0/38745] INFO  ha.OMHANodeDetails (OMHANodeDetails.java:loadOMHAConfig(212)) - Configuration does not have ozone.om.address set. Falling back to the default OM address /127.0.0.1:0
2021-04-24 02:05:29,729 [Listener at 0.0.0.0/38745] INFO  ha.OMHANodeDetails (OMHANodeDetails.java:getOMNodeDetails(240)) - OM Service ID is not set. Setting it to the default ID: omServiceIdDefault
2021-04-24 02:05:29,729 [Listener at 0.0.0.0/38745] INFO  ha.OMHANodeDetails (OMHANodeDetails.java:getOMNodeDetails(247)) - OM Node ID is not set. Setting it to the default ID: om1
2021-04-24 02:05:29,731 [Listener at 0.0.0.0/38745] WARN  server.ServerUtils (ServerUtils.java:getDBPath(225)) - ozone.om.db.dirs is not configured. We recommend adding this setting. Falling back to ozone.metadata.dirs instead.
2021-04-24 02:05:29,732 [Listener at 0.0.0.0/38745] WARN  server.ServerUtils (ServerUtils.java:getDBPath(225)) - ozone.om.db.dirs is not configured. We recommend adding this setting. Falling back to ozone.metadata.dirs instead.
2021-04-24 02:05:30,445 [Listener at 0.0.0.0/38745] WARN  server.ServerUtils (ServerUtils.java:getDBPath(225)) - ozone.om.db.dirs is not configured. We recommend adding this setting. Falling back to ozone.metadata.dirs instead.
2021-04-24 02:05:30,451 [Listener at 0.0.0.0/38745] INFO  codec.OmKeyInfoCodec (OmKeyInfoCodec.java:<init>(43)) - OmKeyInfoCodec ignorePipeline = true
2021-04-24 02:05:30,453 [Listener at 0.0.0.0/38745] INFO  codec.RepeatedOmKeyInfoCodec (RepeatedOmKeyInfoCodec.java:<init>(42)) - RepeatedOmKeyInfoCodec ignorePipeline = true
2021-04-24 02:05:30,606 [Listener at 0.0.0.0/38745] INFO  om.OzoneManager (OzoneManager.java:addS3GVolumeToDB(3722)) - Created Volume s3v With Owner jenkins1001 required for S3Gateway operations.
2021-04-24 02:05:30,612 [Listener at 0.0.0.0/38745] WARN  server.ServerUtils (ServerUtils.java:getDefaultRatisDirectory(237)) - Storage directory for Ratis is not configured. It is a good idea to map this to an SSD disk. Falling back to ozone.metadata.dirs
2021-04-24 02:05:30,613 [Listener at 0.0.0.0/38745] WARN  ratis.OzoneManagerRatisServer (OzoneManagerRatisServer.java:getOMRatisSnapshotDirectory(634)) - ozone.om.ratis.snapshot.dir is not configured. Falling back to ozone.metadata.dirs config
2021-04-24 02:05:30,623 [Listener at 0.0.0.0/38745] INFO  metrics.MetricRegistries (MetricRegistriesLoader.java:load(64)) - Loaded MetricRegistries class org.apache.ratis.metrics.impl.MetricRegistriesImpl
2021-04-24 02:05:30,652 [Listener at 0.0.0.0/38745] WARN  server.ServerUtils (ServerUtils.java:getDefaultRatisDirectory(237)) - Storage directory for Ratis is not configured. It is a good idea to map this to an SSD disk. Falling back to ozone.metadata.dirs
2021-04-24 02:05:30,680 [Listener at 0.0.0.0/38745] INFO  ratis.OzoneManagerRatisServer (OzoneManagerRatisServer.java:<init>(288)) - Instantiating OM Ratis server with GroupID: omServiceIdDefault and Raft Peers: localhost:9872
2021-04-24 02:05:30,691 [Listener at 0.0.0.0/38745] INFO  ratis.OzoneManagerStateMachine (OzoneManagerStateMachine.java:loadSnapshotInfoFromDB(520)) - LastAppliedIndex is set from TransactionInfo from OM DB as (t:0, i:~)
2021-04-24 02:05:30,728 [Listener at 0.0.0.0/38745] INFO  server.RaftServer (ConfUtils.java:logGet(44)) - raft.rpc.type = GRPC (default)
2021-04-24 02:05:30,793 [Listener at 0.0.0.0/38745] INFO  grpc.GrpcFactory (GrpcFactory.java:checkPooledByteBufAllocatorUseCacheForAllThreads(48)) - PERFORMANCE WARNING: useCacheForAllThreads is true that may cause Netty to create a lot garbage objects and, as a result, trigger GC.
	It is recommended to disable useCacheForAllThreads by setting -Dorg.apache.ratis.thirdparty.io.netty.allocator.useCacheForAllThreads=false in command line.
2021-04-24 02:05:30,798 [Listener at 0.0.0.0/38745] INFO  grpc.GrpcConfigKeys (ConfUtils.java:logGet(44)) - raft.grpc.admin.port = -1 (default)
2021-04-24 02:05:30,799 [Listener at 0.0.0.0/38745] INFO  grpc.GrpcConfigKeys (ConfUtils.java:logGet(44)) - raft.grpc.server.port = 9872 (custom)
2021-04-24 02:05:30,800 [Listener at 0.0.0.0/38745] INFO  grpc.GrpcConfigKeys (ConfUtils.java:logGet(44)) - raft.grpc.client.port = -1 (default)
2021-04-24 02:05:30,801 [Listener at 0.0.0.0/38745] INFO  grpc.GrpcConfigKeys (ConfUtils.java:logGet(44)) - raft.grpc.server.port = 9872 (custom)
2021-04-24 02:05:30,801 [Listener at 0.0.0.0/38745] INFO  grpc.GrpcConfigKeys (ConfUtils.java:logGet(44)) - raft.grpc.server.port = 9872 (custom)
2021-04-24 02:05:30,802 [Listener at 0.0.0.0/38745] INFO  server.GrpcService (ConfUtils.java:logGet(44)) - raft.grpc.message.size.max = 33554432 (custom)
2021-04-24 02:05:30,803 [Listener at 0.0.0.0/38745] INFO  server.RaftServerConfigKeys (ConfUtils.java:logGet(44)) - raft.server.log.appender.buffer.byte-limit = 33554432 (custom)
2021-04-24 02:05:30,804 [Listener at 0.0.0.0/38745] INFO  server.GrpcService (ConfUtils.java:logGet(44)) - raft.grpc.flow.control.window = 1MB (=1048576) (default)
2021-04-24 02:05:30,807 [Listener at 0.0.0.0/38745] INFO  server.RaftServerConfigKeys (ConfUtils.java:logGet(44)) - raft.server.rpc.request.timeout = 3000ms (default)
2021-04-24 02:05:31,009 [Listener at 0.0.0.0/38745] INFO  impl.DataStreamServerImpl (ConfUtils.java:logGet(44)) - raft.datastream.type = DISABLED (default)
2021-04-24 02:05:31,011 [Listener at 0.0.0.0/38745] INFO  server.RaftServerConfigKeys (ConfUtils.java:logGet(44)) - raft.server.rpc.slowness.timeout = 120s (custom)
2021-04-24 02:05:31,012 [Listener at 0.0.0.0/38745] INFO  server.RaftServerConfigKeys (ConfUtils.java:logGet(44)) - raft.server.leaderelection.leader.step-down.wait-time = 10s (default)
2021-04-24 02:05:31,023 [Listener at 0.0.0.0/38745] INFO  server.RaftServerConfigKeys (ConfUtils.java:logGet(44)) - raft.server.storage.dir = [/github/workspace/mnt/ozone/hadoop-ozone/integration-test/target/test-dir/MiniOzoneClusterImpl-6998a6cc-0dbe-4d56-81dc-8335dc1dcef2/ozone-meta/ratis] (custom)
2021-04-24 02:05:31,031 [Listener at 0.0.0.0/38745] INFO  server.RaftServer (RaftServerProxy.java:addNew(95)) - om1: addNew group-C5BA1605619E:[om1|rpc:localhost:9872|priority:0] returns group-C5BA1605619E:java.util.concurrent.CompletableFuture@27c8b5a4[Not completed]
2021-04-24 02:05:31,031 [Listener at 0.0.0.0/38745] INFO  om.OzoneManager (OzoneManager.java:initializeRatisServer(1294)) - OzoneManager Ratis server initialized at port 9872
2021-04-24 02:05:31,059 [Listener at 0.0.0.0/38745] INFO  ipc.CallQueueManager (CallQueueManager.java:<init>(85)) - Using callQueue: class java.util.concurrent.LinkedBlockingQueue, queueCapacity: 2000, scheduler: class org.apache.hadoop.ipc.DefaultRpcScheduler, ipcBackoff: false.
2021-04-24 02:05:31,067 [pool-32-thread-1] INFO  server.RaftServer$Division (RaftServerImpl.java:<init>(180)) - om1: new RaftServerImpl for group-C5BA1605619E:[om1|rpc:localhost:9872|priority:0] with OzoneManagerStateMachine:uninitialized
2021-04-24 02:05:31,076 [Socket Reader #1 for port 0] INFO  ipc.Server (Server.java:run(1255)) - Starting Socket Reader #1 for port 0
2021-04-24 02:05:31,083 [pool-32-thread-1] INFO  server.RaftServerConfigKeys (ConfUtils.java:logGet(44)) - raft.server.rpc.timeout.min = 1s (custom)
2021-04-24 02:05:31,083 [pool-32-thread-1] INFO  server.RaftServerConfigKeys (ConfUtils.java:logGet(44)) - raft.server.rpc.timeout.max = 1200ms (custom)
2021-04-24 02:05:31,084 [pool-32-thread-1] INFO  server.RaftServerConfigKeys (ConfUtils.java:logGet(44)) - raft.server.rpc.sleep.time = 25ms (default)
2021-04-24 02:05:31,084 [pool-32-thread-1] INFO  server.RaftServerConfigKeys (ConfUtils.java:logGet(44)) - raft.server.rpc.slowness.timeout = 120s (custom)
2021-04-24 02:05:31,084 [pool-32-thread-1] INFO  server.RaftServerConfigKeys (ConfUtils.java:logGet(44)) - raft.server.leaderelection.leader.step-down.wait-time = 10s (default)
2021-04-24 02:05:31,084 [pool-32-thread-1] INFO  server.RaftServerConfigKeys (ConfUtils.java:logGet(44)) - raft.server.sleep.deviation.threshold = 300ms (default)
2021-04-24 02:05:31,085 [pool-32-thread-1] INFO  server.RaftServerConfigKeys (ConfUtils.java:logGet(44)) - raft.server.log.appender.install.snapshot.enabled = false (custom)
2021-04-24 02:05:31,092 [pool-32-thread-1] INFO  server.RaftServer$Division (ServerState.java:<init>(105)) - om1@group-C5BA1605619E: ConfigurationManager, init=-1: [om1|rpc:localhost:9872|priority:0], old=null, confs=<EMPTY_MAP>
2021-04-24 02:05:31,099 [pool-32-thread-1] INFO  server.RaftServerConfigKeys (ConfUtils.java:logGet(44)) - raft.server.storage.dir = [/github/workspace/mnt/ozone/hadoop-ozone/integration-test/target/test-dir/MiniOzoneClusterImpl-6998a6cc-0dbe-4d56-81dc-8335dc1dcef2/ozone-meta/ratis] (custom)
2021-04-24 02:05:31,103 [pool-32-thread-1] INFO  server.RaftServerConfigKeys (ConfUtils.java:logGet(44)) - raft.server.log.corruption.policy = EXCEPTION (default)
2021-04-24 02:05:31,108 [Listener at 127.0.0.1/41437] INFO  impl.MetricsSystemImpl (MetricsSystemImpl.java:init(158)) - OzoneManager metrics system started (again)
2021-04-24 02:05:31,109 [pool-32-thread-1] INFO  storage.RaftStorageDirectory (RaftStorageDirectoryImpl.java:analyzeStorage(132)) - The storage directory /github/workspace/mnt/ozone/hadoop-ozone/integration-test/target/test-dir/MiniOzoneClusterImpl-6998a6cc-0dbe-4d56-81dc-8335dc1dcef2/ozone-meta/ratis/bf265839-605b-3f16-9796-c5ba1605619e does not exist. Creating ...
2021-04-24 02:05:31,111 [Listener at 127.0.0.1/41437] INFO  om.OzoneManager (OzoneManager.java:start(1104)) - OzoneManager RPC server is listening at localhost/127.0.0.1:41437
2021-04-24 02:05:31,113 [Listener at 127.0.0.1/41437] INFO  ratis.OzoneManagerRatisServer (OzoneManagerRatisServer.java:start(388)) - Starting OzoneManagerRatisServer om1 at port 9872
2021-04-24 02:05:31,121 [pool-32-thread-1] INFO  storage.RaftStorageDirectory (RaftStorageDirectoryImpl.java:tryLock(215)) - Lock on /github/workspace/mnt/ozone/hadoop-ozone/integration-test/target/test-dir/MiniOzoneClusterImpl-6998a6cc-0dbe-4d56-81dc-8335dc1dcef2/ozone-meta/ratis/bf265839-605b-3f16-9796-c5ba1605619e/in_use.lock acquired by nodename 15838@8965a546ea16
2021-04-24 02:05:31,127 [pool-32-thread-1] INFO  storage.RaftStorage (RaftStorageImpl.java:format(87)) - Storage directory /github/workspace/mnt/ozone/hadoop-ozone/integration-test/target/test-dir/MiniOzoneClusterImpl-6998a6cc-0dbe-4d56-81dc-8335dc1dcef2/ozone-meta/ratis/bf265839-605b-3f16-9796-c5ba1605619e has been successfully formatted.
2021-04-24 02:05:31,130 [pool-32-thread-1] INFO  server.RaftServerConfigKeys (ConfUtils.java:logGet(44)) - raft.server.notification.no-leader.timeout = 120s (custom)
2021-04-24 02:05:31,132 [pool-32-thread-1] INFO  server.RaftServerConfigKeys (ConfUtils.java:logGet(44)) - raft.server.log.use.memory = false (default)
2021-04-24 02:05:31,140 [pool-32-thread-1] INFO  server.RaftServerConfigKeys (ConfUtils.java:logGet(44)) - raft.server.log.purge.gap = 1000000 (custom)
2021-04-24 02:05:31,140 [pool-32-thread-1] INFO  server.RaftServerConfigKeys (ConfUtils.java:logGet(44)) - raft.server.log.appender.buffer.byte-limit = 33554432 (custom)
2021-04-24 02:05:31,144 [pool-32-thread-1] INFO  metrics.RatisMetrics (RatisMetrics.java:lambda$create$0(36)) - Creating Metrics Registry : ratis.log_worker.om1@group-C5BA1605619E
2021-04-24 02:05:31,152 [pool-32-thread-1] INFO  server.RaftServerConfigKeys (ConfUtils.java:logGet(44)) - raft.server.log.segment.size.max = 4194304 (custom)
2021-04-24 02:05:31,159 [pool-32-thread-1] INFO  server.RaftServerConfigKeys (ConfUtils.java:logGet(44)) - raft.server.log.segment.cache.num.max = 2 (custom)
2021-04-24 02:05:31,159 [pool-32-thread-1] INFO  server.RaftServerConfigKeys (ConfUtils.java:logGet(44)) - raft.server.log.segment.cache.size.max = 200MB (=209715200) (default)
2021-04-24 02:05:31,165 [pool-32-thread-1] INFO  segmented.SegmentedRaftLogWorker (SegmentedRaftLogWorker.java:<init>(182)) - new om1@group-C5BA1605619E-SegmentedRaftLogWorker for RaftStorageImpl:Storage Directory /github/workspace/mnt/ozone/hadoop-ozone/integration-test/target/test-dir/MiniOzoneClusterImpl-6998a6cc-0dbe-4d56-81dc-8335dc1dcef2/ozone-meta/ratis/bf265839-605b-3f16-9796-c5ba1605619e
2021-04-24 02:05:31,165 [pool-32-thread-1] INFO  server.RaftServerConfigKeys (ConfUtils.java:logGet(44)) - raft.server.log.queue.byte-limit = 64MB (=67108864) (default)
2021-04-24 02:05:31,166 [pool-32-thread-1] INFO  server.RaftServerConfigKeys (ConfUtils.java:logGet(44)) - raft.server.log.queue.element-limit = 4096 (default)
2021-04-24 02:05:31,167 [pool-32-thread-1] INFO  server.RaftServerConfigKeys (ConfUtils.java:logGet(44)) - raft.server.log.segment.size.max = 4194304 (custom)
2021-04-24 02:05:31,167 [pool-32-thread-1] INFO  server.RaftServerConfigKeys (ConfUtils.java:logGet(44)) - raft.server.log.preallocated.size = 4194304 (custom)
2021-04-24 02:05:31,167 [pool-32-thread-1] INFO  server.RaftServerConfigKeys (ConfUtils.java:logGet(44)) - raft.server.log.force.sync.num = 128 (default)
2021-04-24 02:05:31,169 [pool-32-thread-1] INFO  server.RaftServerConfigKeys (ConfUtils.java:logGet(44)) - raft.server.log.statemachine.data.sync = true (default)
2021-04-24 02:05:31,169 [pool-32-thread-1] INFO  server.RaftServerConfigKeys (ConfUtils.java:logGet(44)) - raft.server.log.statemachine.data.sync.timeout = 10s (default)
2021-04-24 02:05:31,170 [pool-32-thread-1] INFO  server.RaftServerConfigKeys (ConfUtils.java:logGet(44)) - raft.server.log.statemachine.data.sync.timeout.retry = -1 (default)
2021-04-24 02:05:31,177 [pool-32-thread-1] INFO  server.RaftServerConfigKeys (ConfUtils.java:logGet(44)) - raft.server.log.write.buffer.size = 64KB (=65536) (default)
2021-04-24 02:05:31,178 [pool-32-thread-1] INFO  server.RaftServerConfigKeys (ConfUtils.java:logGet(44)) - raft.server.log.statemachine.data.caching.enabled = false (default)
2021-04-24 02:05:31,184 [pool-32-thread-1] INFO  segmented.SegmentedRaftLogWorker (SegmentedRaftLogWorker.java:lambda$new$0(133)) - om1@group-C5BA1605619E-SegmentedRaftLogWorker: flushIndex: setUnconditionally 0 -> -1
2021-04-24 02:05:31,184 [pool-32-thread-1] INFO  segmented.SegmentedRaftLogWorker (SegmentedRaftLogWorker.java:lambda$new$0(133)) - om1@group-C5BA1605619E-SegmentedRaftLogWorker: safeCacheEvictIndex: setUnconditionally 0 -> -1
2021-04-24 02:05:31,188 [pool-32-thread-1] INFO  server.RaftServerConfigKeys (ConfUtils.java:logGet(44)) - raft.server.snapshot.auto.trigger.enabled = true (custom)
2021-04-24 02:05:31,188 [pool-32-thread-1] INFO  server.RaftServerConfigKeys (ConfUtils.java:logGet(44)) - raft.server.snapshot.auto.trigger.threshold = 400000 (default)
2021-04-24 02:05:31,189 [pool-32-thread-1] INFO  server.RaftServerConfigKeys (ConfUtils.java:logGet(44)) - raft.server.snapshot.retention.file.num = -1 (default)
2021-04-24 02:05:31,189 [pool-32-thread-1] INFO  server.RaftServerConfigKeys (ConfUtils.java:logGet(44)) - raft.server.log.purge.upto.snapshot.index = true (custom)
2021-04-24 02:05:31,191 [pool-32-thread-1] INFO  server.RaftServerConfigKeys (ConfUtils.java:logGet(44)) - raft.server.retrycache.expirytime = 300s (custom)
2021-04-24 02:05:31,191 [pool-32-thread-1] INFO  server.RaftServerConfigKeys (ConfUtils.java:logGet(44)) - raft.server.retrycache.statistics.expirytime = 100?s (default)
2021-04-24 02:05:31,210 [pool-32-thread-1] INFO  metrics.RatisMetrics (RatisMetrics.java:lambda$create$0(36)) - Creating Metrics Registry : ratis.leader_election.om1@group-C5BA1605619E
2021-04-24 02:05:31,213 [pool-32-thread-1] INFO  metrics.RatisMetrics (RatisMetrics.java:lambda$create$0(36)) - Creating Metrics Registry : ratis.server.om1@group-C5BA1605619E
2021-04-24 02:05:31,219 [Listener at 127.0.0.1/41437] INFO  server.RaftServer$Division (RaftServerImpl.java:start(295)) - om1@group-C5BA1605619E: start as a follower, conf=-1: [om1|rpc:localhost:9872|priority:0], old=null
2021-04-24 02:05:31,221 [Listener at 127.0.0.1/41437] INFO  server.RaftServer$Division (RaftServerImpl.java:setRole(284)) - om1@group-C5BA1605619E: changes role from      null to FOLLOWER at term 0 for startAsFollower
2021-04-24 02:05:31,222 [Listener at 127.0.0.1/41437] INFO  impl.RoleInfo (RoleInfo.java:updateAndGet(130)) - om1: start om1@group-C5BA1605619E-FollowerState
2021-04-24 02:05:31,228 [Listener at 127.0.0.1/41437] INFO  util.JmxRegister (JmxRegister.java:tryRegister(44)) - Successfully registered JMX Bean with object name Ratis:service=RaftServer,group=group-C5BA1605619E,id=om1
2021-04-24 02:05:31,229 [Listener at 127.0.0.1/41437] INFO  metrics.RatisMetrics (RatisMetrics.java:lambda$create$0(36)) - Creating Metrics Registry : ratis.state_machine.om1@group-C5BA1605619E
2021-04-24 02:05:31,232 [Listener at 127.0.0.1/41437] INFO  server.RaftServer (RaftServerProxy.java:lambda$start$5(374)) - om1: start RPC server
2021-04-24 02:05:31,273 [Listener at 127.0.0.1/41437] INFO  server.GrpcService (GrpcService.java:startImpl(253)) - om1: GrpcService started, listening on 9872
2021-04-24 02:05:31,276 [org.apache.ratis.util.JvmPauseMonitor$$Lambda$504/1072999122@65fc5479] INFO  util.JvmPauseMonitor (JvmPauseMonitor.java:run(103)) - JvmPauseMonitor-om1: Started
2021-04-24 02:05:31,284 [Listener at 127.0.0.1/41437] INFO  http.BaseHttpServer (BaseHttpServer.java:newHttpServer2BuilderForOzone(207)) - Starting Web-server for ozoneManager at: http://0.0.0.0:0
2021-04-24 02:05:31,285 [Listener at 127.0.0.1/41437] INFO  http.BaseHttpServer (BaseHttpServer.java:<init>(106)) - Hadoop Security Enabled: false Ozone Security Enabled: false Ozone HTTP Security Enabled: false 
2021-04-24 02:05:31,286 [Listener at 127.0.0.1/41437] INFO  server.AuthenticationFilter (AuthenticationFilter.java:constructSecretProvider(240)) - Unable to initialize FileSignerSecretProvider, falling back to use random secrets.
2021-04-24 02:05:31,291 [Listener at 127.0.0.1/41437] WARN  http.HttpRequestLog (HttpRequestLog.java:getRequestLog(103)) - Jetty request log can only be enabled using Log4j
2021-04-24 02:05:31,292 [Listener at 127.0.0.1/41437] INFO  http.HttpServer2 (HttpServer2.java:addGlobalFilter(1020)) - Added global filter 'safety' (class=org.apache.hadoop.hdds.server.http.HttpServer2$QuotingInputFilter)
2021-04-24 02:05:31,293 [Listener at 127.0.0.1/41437] INFO  http.HttpServer2 (HttpServer2.java:addFilter(996)) - Added filter static_user_filter (class=org.apache.hadoop.http.lib.StaticUserWebFilter$StaticUserFilter) to context ozoneManager
2021-04-24 02:05:31,293 [Listener at 127.0.0.1/41437] INFO  http.HttpServer2 (HttpServer2.java:addFilter(1004)) - Added filter static_user_filter (class=org.apache.hadoop.http.lib.StaticUserWebFilter$StaticUserFilter) to context logs
2021-04-24 02:05:31,293 [Listener at 127.0.0.1/41437] INFO  http.HttpServer2 (HttpServer2.java:addFilter(1004)) - Added filter static_user_filter (class=org.apache.hadoop.http.lib.StaticUserWebFilter$StaticUserFilter) to context static
2021-04-24 02:05:31,299 [Listener at 127.0.0.1/41437] INFO  http.HttpServer2 (HttpServer2.java:bindListener(1238)) - Jetty bound to port 33815
2021-04-24 02:05:31,299 [Listener at 127.0.0.1/41437] INFO  server.Server (Server.java:doStart(375)) - jetty-9.4.35.v20201120; built: 2020-11-20T21:17:03.964Z; git: bdc54f03a5e0a7e280fab27f55c3c75ee8da89fb; jvm 1.8.0_232-b09
2021-04-24 02:05:31,303 [Listener at 127.0.0.1/41437] INFO  server.session (DefaultSessionIdManager.java:doStart(334)) - DefaultSessionIdManager workerName=node0
2021-04-24 02:05:31,303 [Listener at 127.0.0.1/41437] INFO  server.session (DefaultSessionIdManager.java:doStart(339)) - No SessionScavenger set, using defaults
2021-04-24 02:05:31,303 [Listener at 127.0.0.1/41437] INFO  server.session (HouseKeeper.java:startScavenging(132)) - node0 Scavenging every 600000ms
2021-04-24 02:05:31,304 [Listener at 127.0.0.1/41437] INFO  handler.ContextHandler (ContextHandler.java:doStart(916)) - Started o.e.j.s.ServletContextHandler@69c34ea6{logs,/logs,file:///github/workspace/mnt/ozone/hadoop-ozone/integration-test/target/log,AVAILABLE}
2021-04-24 02:05:31,305 [Listener at 127.0.0.1/41437] INFO  handler.ContextHandler (ContextHandler.java:doStart(916)) - Started o.e.j.s.ServletContextHandler@b06c78c{static,/static,file:///github/workspace/mnt/ozone/hadoop-ozone/integration-test/target/test-classes/webapps/static,AVAILABLE}
2021-04-24 02:05:31,308 [Listener at 127.0.0.1/41437] INFO  handler.ContextHandler (ContextHandler.java:doStart(916)) - Started o.e.j.w.WebAppContext@3823f8f1{ozoneManager,/,file:///github/workspace/mnt/ozone/hadoop-ozone/integration-test/target/test-classes/webapps/ozoneManager/,AVAILABLE}{file:/github/workspace/mnt/ozone/hadoop-ozone/integration-test/target/test-classes/webapps/ozoneManager}
2021-04-24 02:05:31,310 [Listener at 127.0.0.1/41437] INFO  server.AbstractConnector (AbstractConnector.java:doStart(331)) - Started ServerConnector@12ffeacf{HTTP/1.1, (http/1.1)}{0.0.0.0:33815}
2021-04-24 02:05:31,310 [Listener at 127.0.0.1/41437] INFO  server.Server (Server.java:doStart(415)) - Started @5326ms
2021-04-24 02:05:31,310 [Listener at 127.0.0.1/41437] WARN  impl.MetricsSystemImpl (MetricsSystemImpl.java:register(279)) - Sink prometheus already exists!
2021-04-24 02:05:31,314 [Listener at 127.0.0.1/41437] INFO  http.BaseHttpServer (BaseHttpServer.java:updateConnectorAddress(327)) - HTTP server of ozoneManager listening at http://0.0.0.0:33815
2021-04-24 02:05:31,314 [IPC Server Responder] INFO  ipc.Server (Server.java:run(1497)) - IPC Server Responder: starting
2021-04-24 02:05:31,315 [IPC Server listener on 0] INFO  ipc.Server (Server.java:run(1334)) - IPC Server listener on 0: starting
2021-04-24 02:05:31,324 [Listener at 127.0.0.1/41437] INFO  om.OzoneManager (OzoneManager.java:startTrashEmptier(1234)) - Trash Interval set to 0. Files deleted will not move to trash
2021-04-24 02:05:31,332 [org.apache.hadoop.util.JvmPauseMonitor$Monitor@12d372b7] INFO  util.JvmPauseMonitor (JvmPauseMonitor.java:run(188)) - Starting JVM pause monitor
2021-04-24 02:05:31,536 [Listener at 127.0.0.1/41437] INFO  impl.MetricsSystemImpl (MetricsSystemImpl.java:init(158)) - HddsDatanode metrics system started (again)
2021-04-24 02:05:31,541 [Listener at 127.0.0.1/41437] INFO  ozone.HddsDatanodeService (HddsDatanodeService.java:start(217)) - HddsDatanodeService host:8965a546ea16 ip:172.17.0.2
2021-04-24 02:05:31,598 [Listener at 127.0.0.1/41437] INFO  volume.HddsVolume (HddsVolume.java:<init>(176)) - Creating Volume: /github/workspace/mnt/ozone/hadoop-ozone/integration-test/target/test-dir/MiniOzoneClusterImpl-6998a6cc-0dbe-4d56-81dc-8335dc1dcef2/datanode-0/data-0/containers/hdds of storage type : DISK and capacity : 9223372036854775807
2021-04-24 02:05:31,600 [Listener at 127.0.0.1/41437] INFO  volume.MutableVolumeSet (MutableVolumeSet.java:initializeVolumeSet(191)) - Added Volume : /github/workspace/mnt/ozone/hadoop-ozone/integration-test/target/test-dir/MiniOzoneClusterImpl-6998a6cc-0dbe-4d56-81dc-8335dc1dcef2/datanode-0/data-0/containers/hdds to VolumeSet
2021-04-24 02:05:31,601 [Listener at 127.0.0.1/41437] INFO  volume.ThrottledAsyncChecker (ThrottledAsyncChecker.java:schedule(141)) - Scheduling a check for /github/workspace/mnt/ozone/hadoop-ozone/integration-test/target/test-dir/MiniOzoneClusterImpl-6998a6cc-0dbe-4d56-81dc-8335dc1dcef2/datanode-0/data-0/containers/hdds
2021-04-24 02:05:31,622 [Listener at 127.0.0.1/41437] INFO  volume.HddsVolumeChecker (HddsVolumeChecker.java:checkAllVolumes(200)) - Scheduled health check for volume /github/workspace/mnt/ozone/hadoop-ozone/integration-test/target/test-dir/MiniOzoneClusterImpl-6998a6cc-0dbe-4d56-81dc-8335dc1dcef2/datanode-0/data-0/containers/hdds
2021-04-24 02:05:31,644 [Listener at 127.0.0.1/41437] INFO  ozoneimpl.ContainerReader (ContainerReader.java:<init>(98)) - Running in upgrade mode:true
2021-04-24 02:05:31,646 [Thread-127] INFO  ozoneimpl.ContainerReader (ContainerReader.java:readVolume(142)) - Start to verify containers on volume /github/workspace/mnt/ozone/hadoop-ozone/integration-test/target/test-dir/MiniOzoneClusterImpl-6998a6cc-0dbe-4d56-81dc-8335dc1dcef2/datanode-0/data-0/containers/hdds
2021-04-24 02:05:31,647 [Thread-127] INFO  ozoneimpl.ContainerReader (ContainerReader.java:readVolume(174)) - Finish verifying containers on volume /github/workspace/mnt/ozone/hadoop-ozone/integration-test/target/test-dir/MiniOzoneClusterImpl-6998a6cc-0dbe-4d56-81dc-8335dc1dcef2/datanode-0/data-0/containers/hdds
2021-04-24 02:05:31,647 [Listener at 127.0.0.1/41437] INFO  ozoneimpl.OzoneContainer (OzoneContainer.java:buildContainerSet(225)) - Build ContainerSet costs 0s
2021-04-24 02:05:31,707 [Listener at 127.0.0.1/41437] INFO  server.RaftServer (ConfUtils.java:logGet(44)) - raft.rpc.type = GRPC (default)
2021-04-24 02:05:31,707 [Listener at 127.0.0.1/41437] INFO  grpc.GrpcFactory (GrpcFactory.java:checkPooledByteBufAllocatorUseCacheForAllThreads(48)) - PERFORMANCE WARNING: useCacheForAllThreads is true that may cause Netty to create a lot garbage objects and, as a result, trigger GC.
	It is recommended to disable useCacheForAllThreads by setting -Dorg.apache.ratis.thirdparty.io.netty.allocator.useCacheForAllThreads=false in command line.
2021-04-24 02:05:31,707 [Listener at 127.0.0.1/41437] INFO  grpc.GrpcConfigKeys (ConfUtils.java:logGet(44)) - raft.grpc.admin.port = 0 (custom)
2021-04-24 02:05:31,708 [Listener at 127.0.0.1/41437] INFO  grpc.GrpcConfigKeys (ConfUtils.java:logGet(44)) - raft.grpc.client.port = 0 (custom)
2021-04-24 02:05:31,708 [Listener at 127.0.0.1/41437] INFO  grpc.GrpcConfigKeys (ConfUtils.java:logGet(44)) - raft.grpc.server.port = 0 (default)
2021-04-24 02:05:31,708 [Listener at 127.0.0.1/41437] INFO  server.GrpcService (ConfUtils.java:logGet(44)) - raft.grpc.message.size.max = 32MB (=33554432) (custom)
2021-04-24 02:05:31,708 [Listener at 127.0.0.1/41437] INFO  server.RaftServerConfigKeys (ConfUtils.java:logGet(44)) - raft.server.log.appender.buffer.byte-limit = 33554432 (custom)
2021-04-24 02:05:31,708 [Listener at 127.0.0.1/41437] INFO  server.GrpcService (ConfUtils.java:logGet(44)) - raft.grpc.flow.control.window = 5MB (=5242880) (custom)
2021-04-24 02:05:31,708 [Listener at 127.0.0.1/41437] INFO  server.RaftServerConfigKeys (ConfUtils.java:logGet(44)) - raft.server.rpc.request.timeout = 3000ms (default)
2021-04-24 02:05:31,709 [Listener at 127.0.0.1/41437] INFO  impl.DataStreamServerImpl (ConfUtils.java:logGet(44)) - raft.datastream.type = DISABLED (default)
2021-04-24 02:05:31,710 [Listener at 127.0.0.1/41437] INFO  server.RaftServerConfigKeys (ConfUtils.java:logGet(44)) - raft.server.rpc.slowness.timeout = 300000ms (custom)
2021-04-24 02:05:31,710 [Listener at 127.0.0.1/41437] INFO  server.RaftServerConfigKeys (ConfUtils.java:logGet(44)) - raft.server.leaderelection.leader.step-down.wait-time = 10s (default)
2021-04-24 02:05:31,710 [Listener at 127.0.0.1/41437] INFO  server.RaftServerConfigKeys (ConfUtils.java:logGet(44)) - raft.server.storage.dir = [/github/workspace/mnt/ozone/hadoop-ozone/integration-test/target/test-dir/MiniOzoneClusterImpl-6998a6cc-0dbe-4d56-81dc-8335dc1dcef2/datanode-0/data/ratis] (custom)
2021-04-24 02:05:31,778 [Listener at 127.0.0.1/41437] INFO  http.BaseHttpServer (BaseHttpServer.java:newHttpServer2BuilderForOzone(207)) - Starting Web-server for hddsDatanode at: http://0.0.0.0:0
2021-04-24 02:05:31,778 [Listener at 127.0.0.1/41437] INFO  http.BaseHttpServer (BaseHttpServer.java:<init>(106)) - Hadoop Security Enabled: false Ozone Security Enabled: false Ozone HTTP Security Enabled: false 
2021-04-24 02:05:31,780 [Listener at 127.0.0.1/41437] INFO  server.AuthenticationFilter (AuthenticationFilter.java:constructSecretProvider(240)) - Unable to initialize FileSignerSecretProvider, falling back to use random secrets.
2021-04-24 02:05:31,780 [Listener at 127.0.0.1/41437] WARN  http.HttpRequestLog (HttpRequestLog.java:getRequestLog(103)) - Jetty request log can only be enabled using Log4j
2021-04-24 02:05:31,781 [Listener at 127.0.0.1/41437] INFO  http.HttpServer2 (HttpServer2.java:addGlobalFilter(1020)) - Added global filter 'safety' (class=org.apache.hadoop.hdds.server.http.HttpServer2$QuotingInputFilter)
2021-04-24 02:05:31,783 [Listener at 127.0.0.1/41437] INFO  http.HttpServer2 (HttpServer2.java:addFilter(996)) - Added filter static_user_filter (class=org.apache.hadoop.http.lib.StaticUserWebFilter$StaticUserFilter) to context hddsDatanode
2021-04-24 02:05:31,783 [Listener at 127.0.0.1/41437] INFO  http.HttpServer2 (HttpServer2.java:addFilter(1004)) - Added filter static_user_filter (class=org.apache.hadoop.http.lib.StaticUserWebFilter$StaticUserFilter) to context logs
2021-04-24 02:05:31,783 [Listener at 127.0.0.1/41437] INFO  http.HttpServer2 (HttpServer2.java:addFilter(1004)) - Added filter static_user_filter (class=org.apache.hadoop.http.lib.StaticUserWebFilter$StaticUserFilter) to context static
2021-04-24 02:05:31,784 [Listener at 127.0.0.1/41437] INFO  http.HttpServer2 (HttpServer2.java:bindListener(1238)) - Jetty bound to port 39165
2021-04-24 02:05:31,784 [Listener at 127.0.0.1/41437] INFO  server.Server (Server.java:doStart(375)) - jetty-9.4.35.v20201120; built: 2020-11-20T21:17:03.964Z; git: bdc54f03a5e0a7e280fab27f55c3c75ee8da89fb; jvm 1.8.0_232-b09
2021-04-24 02:05:31,791 [Listener at 127.0.0.1/41437] INFO  server.session (DefaultSessionIdManager.java:doStart(334)) - DefaultSessionIdManager workerName=node0
2021-04-24 02:05:31,791 [Listener at 127.0.0.1/41437] INFO  server.session (DefaultSessionIdManager.java:doStart(339)) - No SessionScavenger set, using defaults
2021-04-24 02:05:31,791 [Listener at 127.0.0.1/41437] INFO  server.session (HouseKeeper.java:startScavenging(132)) - node0 Scavenging every 600000ms
2021-04-24 02:05:31,795 [Listener at 127.0.0.1/41437] INFO  handler.ContextHandler (ContextHandler.java:doStart(916)) - Started o.e.j.s.ServletContextHandler@14e43ab3{logs,/logs,file:///github/workspace/mnt/ozone/hadoop-ozone/integration-test/target/log,AVAILABLE}
2021-04-24 02:05:31,796 [Listener at 127.0.0.1/41437] INFO  handler.ContextHandler (ContextHandler.java:doStart(916)) - Started o.e.j.s.ServletContextHandler@703f32c{static,/static,jar:file:/home/user/.m2/repository/org/apache/hadoop/hadoop-hdds-container-service/1.2.0-SNAPSHOT/hadoop-hdds-container-service-1.2.0-SNAPSHOT.jar!/webapps/static,AVAILABLE}
2021-04-24 02:05:31,970 [Listener at 127.0.0.1/41437] INFO  handler.ContextHandler (ContextHandler.java:doStart(916)) - Started o.e.j.w.WebAppContext@4bdef018{hddsDatanode,/,file:///tmp/jetty-0_0_0_0-39165-hadoop-hdds-container-service-1_2_0-SNAPSHOT_jar-_-any-5859590144131597973/webapp/,AVAILABLE}{jar:file:/home/user/.m2/repository/org/apache/hadoop/hadoop-hdds-container-service/1.2.0-SNAPSHOT/hadoop-hdds-container-service-1.2.0-SNAPSHOT.jar!/webapps/hddsDatanode}
2021-04-24 02:05:31,973 [Listener at 127.0.0.1/41437] INFO  server.AbstractConnector (AbstractConnector.java:doStart(331)) - Started ServerConnector@1ebebf06{HTTP/1.1, (http/1.1)}{0.0.0.0:39165}
2021-04-24 02:05:31,973 [Listener at 127.0.0.1/41437] INFO  server.Server (Server.java:doStart(415)) - Started @5988ms
2021-04-24 02:05:31,973 [Listener at 127.0.0.1/41437] WARN  impl.MetricsSystemImpl (MetricsSystemImpl.java:register(279)) - Sink prometheus already exists!
2021-04-24 02:05:31,990 [Listener at 127.0.0.1/41437] INFO  http.BaseHttpServer (BaseHttpServer.java:updateConnectorAddress(327)) - HTTP server of hddsDatanode listening at http://0.0.0.0:39165
2021-04-24 02:05:31,992 [Listener at 127.0.0.1/41437] INFO  impl.MetricsSystemImpl (MetricsSystemImpl.java:init(158)) - HddsDatanode metrics system started (again)
2021-04-24 02:05:31,995 [Listener at 127.0.0.1/41437] INFO  ozone.HddsDatanodeService (HddsDatanodeService.java:start(217)) - HddsDatanodeService host:8965a546ea16 ip:172.17.0.2
2021-04-24 02:05:31,998 [Listener at 127.0.0.1/41437] INFO  volume.HddsVolume (HddsVolume.java:<init>(176)) - Creating Volume: /github/workspace/mnt/ozone/hadoop-ozone/integration-test/target/test-dir/MiniOzoneClusterImpl-6998a6cc-0dbe-4d56-81dc-8335dc1dcef2/datanode-1/data-0/containers/hdds of storage type : DISK and capacity : 9223372036854775807
2021-04-24 02:05:31,999 [Listener at 127.0.0.1/41437] INFO  volume.MutableVolumeSet (MutableVolumeSet.java:initializeVolumeSet(191)) - Added Volume : /github/workspace/mnt/ozone/hadoop-ozone/integration-test/target/test-dir/MiniOzoneClusterImpl-6998a6cc-0dbe-4d56-81dc-8335dc1dcef2/datanode-1/data-0/containers/hdds to VolumeSet
2021-04-24 02:05:31,999 [Listener at 127.0.0.1/41437] INFO  volume.ThrottledAsyncChecker (ThrottledAsyncChecker.java:schedule(141)) - Scheduling a check for /github/workspace/mnt/ozone/hadoop-ozone/integration-test/target/test-dir/MiniOzoneClusterImpl-6998a6cc-0dbe-4d56-81dc-8335dc1dcef2/datanode-1/data-0/containers/hdds
2021-04-24 02:05:32,000 [Listener at 127.0.0.1/41437] INFO  volume.HddsVolumeChecker (HddsVolumeChecker.java:checkAllVolumes(200)) - Scheduled health check for volume /github/workspace/mnt/ozone/hadoop-ozone/integration-test/target/test-dir/MiniOzoneClusterImpl-6998a6cc-0dbe-4d56-81dc-8335dc1dcef2/datanode-1/data-0/containers/hdds
2021-04-24 02:05:32,016 [Listener at 127.0.0.1/41437] INFO  ozoneimpl.ContainerReader (ContainerReader.java:<init>(98)) - Running in upgrade mode:true
2021-04-24 02:05:32,024 [org.apache.hadoop.util.JvmPauseMonitor$Monitor@1c9275bb] INFO  util.JvmPauseMonitor (JvmPauseMonitor.java:run(188)) - Starting JVM pause monitor
2021-04-24 02:05:32,024 [Thread-136] INFO  ozoneimpl.ContainerReader (ContainerReader.java:readVolume(142)) - Start to verify containers on volume /github/workspace/mnt/ozone/hadoop-ozone/integration-test/target/test-dir/MiniOzoneClusterImpl-6998a6cc-0dbe-4d56-81dc-8335dc1dcef2/datanode-1/data-0/containers/hdds
2021-04-24 02:05:32,024 [Thread-136] INFO  ozoneimpl.ContainerReader (ContainerReader.java:readVolume(174)) - Finish verifying containers on volume /github/workspace/mnt/ozone/hadoop-ozone/integration-test/target/test-dir/MiniOzoneClusterImpl-6998a6cc-0dbe-4d56-81dc-8335dc1dcef2/datanode-1/data-0/containers/hdds
2021-04-24 02:05:32,024 [Listener at 127.0.0.1/41437] INFO  ozoneimpl.OzoneContainer (OzoneContainer.java:buildContainerSet(225)) - Build ContainerSet costs 0s
2021-04-24 02:05:32,027 [Listener at 127.0.0.1/41437] INFO  server.RaftServer (ConfUtils.java:logGet(44)) - raft.rpc.type = GRPC (default)
2021-04-24 02:05:32,027 [Listener at 127.0.0.1/41437] INFO  grpc.GrpcFactory (GrpcFactory.java:checkPooledByteBufAllocatorUseCacheForAllThreads(48)) - PERFORMANCE WARNING: useCacheForAllThreads is true that may cause Netty to create a lot garbage objects and, as a result, trigger GC.
	It is recommended to disable useCacheForAllThreads by setting -Dorg.apache.ratis.thirdparty.io.netty.allocator.useCacheForAllThreads=false in command line.
2021-04-24 02:05:32,028 [Listener at 127.0.0.1/41437] INFO  grpc.GrpcConfigKeys (ConfUtils.java:logGet(44)) - raft.grpc.admin.port = 0 (custom)
2021-04-24 02:05:32,028 [Listener at 127.0.0.1/41437] INFO  grpc.GrpcConfigKeys (ConfUtils.java:logGet(44)) - raft.grpc.client.port = 0 (custom)
2021-04-24 02:05:32,028 [Listener at 127.0.0.1/41437] INFO  grpc.GrpcConfigKeys (ConfUtils.java:logGet(44)) - raft.grpc.server.port = 0 (default)
2021-04-24 02:05:32,028 [Listener at 127.0.0.1/41437] INFO  server.GrpcService (ConfUtils.java:logGet(44)) - raft.grpc.message.size.max = 32MB (=33554432) (custom)
2021-04-24 02:05:32,028 [Listener at 127.0.0.1/41437] INFO  server.RaftServerConfigKeys (ConfUtils.java:logGet(44)) - raft.server.log.appender.buffer.byte-limit = 33554432 (custom)
2021-04-24 02:05:32,028 [Listener at 127.0.0.1/41437] INFO  server.GrpcService (ConfUtils.java:logGet(44)) - raft.grpc.flow.control.window = 5MB (=5242880) (custom)
2021-04-24 02:05:32,029 [Listener at 127.0.0.1/41437] INFO  server.RaftServerConfigKeys (ConfUtils.java:logGet(44)) - raft.server.rpc.request.timeout = 3000ms (default)
2021-04-24 02:05:32,030 [Listener at 127.0.0.1/41437] INFO  impl.DataStreamServerImpl (ConfUtils.java:logGet(44)) - raft.datastream.type = DISABLED (default)
2021-04-24 02:05:32,030 [Listener at 127.0.0.1/41437] INFO  server.RaftServerConfigKeys (ConfUtils.java:logGet(44)) - raft.server.rpc.slowness.timeout = 300000ms (custom)
2021-04-24 02:05:32,030 [Listener at 127.0.0.1/41437] INFO  server.RaftServerConfigKeys (ConfUtils.java:logGet(44)) - raft.server.leaderelection.leader.step-down.wait-time = 10s (default)
2021-04-24 02:05:32,030 [Listener at 127.0.0.1/41437] INFO  server.RaftServerConfigKeys (ConfUtils.java:logGet(44)) - raft.server.storage.dir = [/github/workspace/mnt/ozone/hadoop-ozone/integration-test/target/test-dir/MiniOzoneClusterImpl-6998a6cc-0dbe-4d56-81dc-8335dc1dcef2/datanode-1/data/ratis] (custom)
2021-04-24 02:05:32,042 [Listener at 127.0.0.1/41437] INFO  http.BaseHttpServer (BaseHttpServer.java:newHttpServer2BuilderForOzone(207)) - Starting Web-server for hddsDatanode at: http://0.0.0.0:0
2021-04-24 02:05:32,043 [Listener at 127.0.0.1/41437] INFO  http.BaseHttpServer (BaseHttpServer.java:<init>(106)) - Hadoop Security Enabled: false Ozone Security Enabled: false Ozone HTTP Security Enabled: false 
2021-04-24 02:05:32,044 [Listener at 127.0.0.1/41437] INFO  server.AuthenticationFilter (AuthenticationFilter.java:constructSecretProvider(240)) - Unable to initialize FileSignerSecretProvider, falling back to use random secrets.
2021-04-24 02:05:32,053 [Listener at 127.0.0.1/41437] WARN  http.HttpRequestLog (HttpRequestLog.java:getRequestLog(103)) - Jetty request log can only be enabled using Log4j
2021-04-24 02:05:32,054 [Listener at 127.0.0.1/41437] INFO  http.HttpServer2 (HttpServer2.java:addGlobalFilter(1020)) - Added global filter 'safety' (class=org.apache.hadoop.hdds.server.http.HttpServer2$QuotingInputFilter)
2021-04-24 02:05:32,055 [Listener at 127.0.0.1/41437] INFO  http.HttpServer2 (HttpServer2.java:addFilter(996)) - Added filter static_user_filter (class=org.apache.hadoop.http.lib.StaticUserWebFilter$StaticUserFilter) to context hddsDatanode
2021-04-24 02:05:32,055 [Listener at 127.0.0.1/41437] INFO  http.HttpServer2 (HttpServer2.java:addFilter(1004)) - Added filter static_user_filter (class=org.apache.hadoop.http.lib.StaticUserWebFilter$StaticUserFilter) to context static
2021-04-24 02:05:32,055 [Listener at 127.0.0.1/41437] INFO  http.HttpServer2 (HttpServer2.java:addFilter(1004)) - Added filter static_user_filter (class=org.apache.hadoop.http.lib.StaticUserWebFilter$StaticUserFilter) to context logs
2021-04-24 02:05:32,056 [Listener at 127.0.0.1/41437] INFO  http.HttpServer2 (HttpServer2.java:bindListener(1238)) - Jetty bound to port 35471
2021-04-24 02:05:32,056 [Listener at 127.0.0.1/41437] INFO  server.Server (Server.java:doStart(375)) - jetty-9.4.35.v20201120; built: 2020-11-20T21:17:03.964Z; git: bdc54f03a5e0a7e280fab27f55c3c75ee8da89fb; jvm 1.8.0_232-b09
2021-04-24 02:05:32,059 [Listener at 127.0.0.1/41437] INFO  server.session (DefaultSessionIdManager.java:doStart(334)) - DefaultSessionIdManager workerName=node0
2021-04-24 02:05:32,059 [Listener at 127.0.0.1/41437] INFO  server.session (DefaultSessionIdManager.java:doStart(339)) - No SessionScavenger set, using defaults
2021-04-24 02:05:32,059 [Listener at 127.0.0.1/41437] INFO  server.session (HouseKeeper.java:startScavenging(132)) - node0 Scavenging every 600000ms
2021-04-24 02:05:32,084 [Listener at 127.0.0.1/41437] INFO  handler.ContextHandler (ContextHandler.java:doStart(916)) - Started o.e.j.s.ServletContextHandler@5fea939d{logs,/logs,file:///github/workspace/mnt/ozone/hadoop-ozone/integration-test/target/log,AVAILABLE}
2021-04-24 02:05:32,084 [Listener at 127.0.0.1/41437] INFO  handler.ContextHandler (ContextHandler.java:doStart(916)) - Started o.e.j.s.ServletContextHandler@6bae29e{static,/static,jar:file:/home/user/.m2/repository/org/apache/hadoop/hadoop-hdds-container-service/1.2.0-SNAPSHOT/hadoop-hdds-container-service-1.2.0-SNAPSHOT.jar!/webapps/static,AVAILABLE}
2021-04-24 02:05:32,245 [Datanode State Machine Task Thread - 0] INFO  datanode.InitDatanodeState (InitDatanodeState.java:persistContainerDatanodeDetails(145)) - DatanodeDetails is persisted to /github/workspace/mnt/ozone/hadoop-ozone/integration-test/target/test-dir/MiniOzoneClusterImpl-6998a6cc-0dbe-4d56-81dc-8335dc1dcef2/datanode-0/meta/datanode.id
2021-04-24 02:05:32,322 [Listener at 127.0.0.1/41437] INFO  handler.ContextHandler (ContextHandler.java:doStart(916)) - Started o.e.j.w.WebAppContext@22f5952f{hddsDatanode,/,file:///tmp/jetty-0_0_0_0-35471-hadoop-hdds-container-service-1_2_0-SNAPSHOT_jar-_-any-4896082951503669701/webapp/,AVAILABLE}{jar:file:/home/user/.m2/repository/org/apache/hadoop/hadoop-hdds-container-service/1.2.0-SNAPSHOT/hadoop-hdds-container-service-1.2.0-SNAPSHOT.jar!/webapps/hddsDatanode}
2021-04-24 02:05:32,324 [Listener at 127.0.0.1/41437] INFO  server.AbstractConnector (AbstractConnector.java:doStart(331)) - Started ServerConnector@4cc86cb5{HTTP/1.1, (http/1.1)}{0.0.0.0:35471}
2021-04-24 02:05:32,324 [Listener at 127.0.0.1/41437] INFO  server.Server (Server.java:doStart(415)) - Started @6340ms
2021-04-24 02:05:32,324 [Listener at 127.0.0.1/41437] WARN  impl.MetricsSystemImpl (MetricsSystemImpl.java:register(279)) - Sink prometheus already exists!
2021-04-24 02:05:32,340 [Listener at 127.0.0.1/41437] INFO  http.BaseHttpServer (BaseHttpServer.java:updateConnectorAddress(327)) - HTTP server of hddsDatanode listening at http://0.0.0.0:35471
2021-04-24 02:05:32,340 [Listener at 127.0.0.1/41437] INFO  impl.MetricsSystemImpl (MetricsSystemImpl.java:init(158)) - HddsDatanode metrics system started (again)
2021-04-24 02:05:32,342 [Listener at 127.0.0.1/41437] INFO  ozone.HddsDatanodeService (HddsDatanodeService.java:start(217)) - HddsDatanodeService host:8965a546ea16 ip:172.17.0.2
2021-04-24 02:05:32,343 [Listener at 127.0.0.1/41437] INFO  volume.HddsVolume (HddsVolume.java:<init>(176)) - Creating Volume: /github/workspace/mnt/ozone/hadoop-ozone/integration-test/target/test-dir/MiniOzoneClusterImpl-6998a6cc-0dbe-4d56-81dc-8335dc1dcef2/datanode-2/data-0/containers/hdds of storage type : DISK and capacity : 9223372036854775807
2021-04-24 02:05:32,344 [Listener at 127.0.0.1/41437] INFO  volume.MutableVolumeSet (MutableVolumeSet.java:initializeVolumeSet(191)) - Added Volume : /github/workspace/mnt/ozone/hadoop-ozone/integration-test/target/test-dir/MiniOzoneClusterImpl-6998a6cc-0dbe-4d56-81dc-8335dc1dcef2/datanode-2/data-0/containers/hdds to VolumeSet
2021-04-24 02:05:32,344 [Listener at 127.0.0.1/41437] INFO  volume.ThrottledAsyncChecker (ThrottledAsyncChecker.java:schedule(141)) - Scheduling a check for /github/workspace/mnt/ozone/hadoop-ozone/integration-test/target/test-dir/MiniOzoneClusterImpl-6998a6cc-0dbe-4d56-81dc-8335dc1dcef2/datanode-2/data-0/containers/hdds
2021-04-24 02:05:32,345 [Listener at 127.0.0.1/41437] INFO  volume.HddsVolumeChecker (HddsVolumeChecker.java:checkAllVolumes(200)) - Scheduled health check for volume /github/workspace/mnt/ozone/hadoop-ozone/integration-test/target/test-dir/MiniOzoneClusterImpl-6998a6cc-0dbe-4d56-81dc-8335dc1dcef2/datanode-2/data-0/containers/hdds
2021-04-24 02:05:32,350 [om1@group-C5BA1605619E-FollowerState] INFO  impl.FollowerState (FollowerState.java:run(134)) - om1@group-C5BA1605619E-FollowerState: change to CANDIDATE, lastRpcElapsedTime:1128284240ns, electionTimeout:1115ms
2021-04-24 02:05:32,352 [org.apache.hadoop.util.JvmPauseMonitor$Monitor@2f1762f8] INFO  util.JvmPauseMonitor (JvmPauseMonitor.java:run(188)) - Starting JVM pause monitor
2021-04-24 02:05:32,356 [om1@group-C5BA1605619E-FollowerState] INFO  impl.RoleInfo (RoleInfo.java:shutdownFollowerState(108)) - om1: shutdown om1@group-C5BA1605619E-FollowerState
2021-04-24 02:05:32,359 [om1@group-C5BA1605619E-FollowerState] INFO  server.RaftServer$Division (RaftServerImpl.java:setRole(284)) - om1@group-C5BA1605619E: changes role from  FOLLOWER to CANDIDATE at term 0 for changeToCandidate
2021-04-24 02:05:32,362 [om1@group-C5BA1605619E-FollowerState] INFO  server.RaftServerConfigKeys (ConfUtils.java:logGet(44)) - raft.server.leaderelection.pre-vote = false (custom)
2021-04-24 02:05:32,362 [om1@group-C5BA1605619E-FollowerState] INFO  impl.RoleInfo (RoleInfo.java:updateAndGet(130)) - om1: start om1@group-C5BA1605619E-LeaderElection1
2021-04-24 02:05:32,373 [Datanode State Machine Task Thread - 0] INFO  datanode.InitDatanodeState (InitDatanodeState.java:persistContainerDatanodeDetails(145)) - DatanodeDetails is persisted to /github/workspace/mnt/ozone/hadoop-ozone/integration-test/target/test-dir/MiniOzoneClusterImpl-6998a6cc-0dbe-4d56-81dc-8335dc1dcef2/datanode-1/meta/datanode.id
2021-04-24 02:05:32,378 [Listener at 127.0.0.1/41437] INFO  ozoneimpl.ContainerReader (ContainerReader.java:<init>(98)) - Running in upgrade mode:true
2021-04-24 02:05:32,378 [Thread-150] INFO  ozoneimpl.ContainerReader (ContainerReader.java:readVolume(142)) - Start to verify containers on volume /github/workspace/mnt/ozone/hadoop-ozone/integration-test/target/test-dir/MiniOzoneClusterImpl-6998a6cc-0dbe-4d56-81dc-8335dc1dcef2/datanode-2/data-0/containers/hdds
2021-04-24 02:05:32,379 [Thread-150] INFO  ozoneimpl.ContainerReader (ContainerReader.java:readVolume(174)) - Finish verifying containers on volume /github/workspace/mnt/ozone/hadoop-ozone/integration-test/target/test-dir/MiniOzoneClusterImpl-6998a6cc-0dbe-4d56-81dc-8335dc1dcef2/datanode-2/data-0/containers/hdds
2021-04-24 02:05:32,379 [Listener at 127.0.0.1/41437] INFO  ozoneimpl.OzoneContainer (OzoneContainer.java:buildContainerSet(225)) - Build ContainerSet costs 0s
2021-04-24 02:05:32,379 [om1@group-C5BA1605619E-LeaderElection1] INFO  impl.LeaderElection (LeaderElection.java:askForVotes(306)) - om1@group-C5BA1605619E-LeaderElection1 ELECTION round 0: submit vote requests at term 1 for -1: [om1|rpc:localhost:9872|priority:0], old=null
2021-04-24 02:05:32,380 [om1@group-C5BA1605619E-LeaderElection1] INFO  impl.LeaderElection (LeaderElection.java:askForVotes(308)) - om1@group-C5BA1605619E-LeaderElection1 ELECTION round 0: result PASSED (term=1)
2021-04-24 02:05:32,380 [om1@group-C5BA1605619E-LeaderElection1] INFO  impl.RoleInfo (RoleInfo.java:shutdownLeaderElection(121)) - om1: shutdown om1@group-C5BA1605619E-LeaderElection1
2021-04-24 02:05:32,381 [om1@group-C5BA1605619E-LeaderElection1] INFO  server.RaftServer$Division (RaftServerImpl.java:setRole(284)) - om1@group-C5BA1605619E: changes role from CANDIDATE to LEADER at term 1 for changeToLeader
2021-04-24 02:05:32,381 [om1@group-C5BA1605619E-LeaderElection1] INFO  server.RaftServer$Division (ServerState.java:setLeader(271)) - om1@group-C5BA1605619E: change Leader from null to om1 at term 1 for becomeLeader, leader elected after 1251ms
2021-04-24 02:05:32,381 [Listener at 127.0.0.1/41437] INFO  server.RaftServer (ConfUtils.java:logGet(44)) - raft.rpc.type = GRPC (default)
2021-04-24 02:05:32,381 [Listener at 127.0.0.1/41437] INFO  grpc.GrpcFactory (GrpcFactory.java:checkPooledByteBufAllocatorUseCacheForAllThreads(48)) - PERFORMANCE WARNING: useCacheForAllThreads is true that may cause Netty to create a lot garbage objects and, as a result, trigger GC.
	It is recommended to disable useCacheForAllThreads by setting -Dorg.apache.ratis.thirdparty.io.netty.allocator.useCacheForAllThreads=false in command line.
2021-04-24 02:05:32,382 [Listener at 127.0.0.1/41437] INFO  grpc.GrpcConfigKeys (ConfUtils.java:logGet(44)) - raft.grpc.admin.port = 0 (custom)
2021-04-24 02:05:32,382 [Listener at 127.0.0.1/41437] INFO  grpc.GrpcConfigKeys (ConfUtils.java:logGet(44)) - raft.grpc.client.port = 0 (custom)
2021-04-24 02:05:32,382 [Listener at 127.0.0.1/41437] INFO  grpc.GrpcConfigKeys (ConfUtils.java:logGet(44)) - raft.grpc.server.port = 0 (default)
2021-04-24 02:05:32,382 [Listener at 127.0.0.1/41437] INFO  server.GrpcService (ConfUtils.java:logGet(44)) - raft.grpc.message.size.max = 32MB (=33554432) (custom)
2021-04-24 02:05:32,382 [Listener at 127.0.0.1/41437] INFO  server.RaftServerConfigKeys (ConfUtils.java:logGet(44)) - raft.server.log.appender.buffer.byte-limit = 33554432 (custom)
2021-04-24 02:05:32,382 [Listener at 127.0.0.1/41437] INFO  server.GrpcService (ConfUtils.java:logGet(44)) - raft.grpc.flow.control.window = 5MB (=5242880) (custom)
2021-04-24 02:05:32,382 [Listener at 127.0.0.1/41437] INFO  server.RaftServerConfigKeys (ConfUtils.java:logGet(44)) - raft.server.rpc.request.timeout = 3000ms (default)
2021-04-24 02:05:32,386 [Listener at 127.0.0.1/41437] INFO  impl.DataStreamServerImpl (ConfUtils.java:logGet(44)) - raft.datastream.type = DISABLED (default)
2021-04-24 02:05:32,387 [Listener at 127.0.0.1/41437] INFO  server.RaftServerConfigKeys (ConfUtils.java:logGet(44)) - raft.server.rpc.slowness.timeout = 300000ms (custom)
2021-04-24 02:05:32,387 [Listener at 127.0.0.1/41437] INFO  server.RaftServerConfigKeys (ConfUtils.java:logGet(44)) - raft.server.leaderelection.leader.step-down.wait-time = 10s (default)
2021-04-24 02:05:32,387 [Listener at 127.0.0.1/41437] INFO  server.RaftServerConfigKeys (ConfUtils.java:logGet(44)) - raft.server.storage.dir = [/github/workspace/mnt/ozone/hadoop-ozone/integration-test/target/test-dir/MiniOzoneClusterImpl-6998a6cc-0dbe-4d56-81dc-8335dc1dcef2/datanode-2/data/ratis] (custom)
2021-04-24 02:05:32,389 [om1@group-C5BA1605619E-LeaderElection1] INFO  server.RaftServerConfigKeys (ConfUtils.java:logGet(44)) - raft.server.staging.catchup.gap = 1000 (default)
2021-04-24 02:05:32,392 [om1@group-C5BA1605619E-LeaderElection1] INFO  metrics.RatisMetrics (RatisMetrics.java:lambda$create$0(36)) - Creating Metrics Registry : ratis.log_appender.om1@group-C5BA1605619E
2021-04-24 02:05:32,394 [om1@group-C5BA1605619E-LeaderElection1] INFO  server.RaftServerConfigKeys (ConfUtils.java:logGet(44)) - raft.server.write.element-limit = 4096 (default)
2021-04-24 02:05:32,394 [om1@group-C5BA1605619E-LeaderElection1] INFO  server.RaftServerConfigKeys (ConfUtils.java:logGet(44)) - raft.server.write.byte-limit = 64MB (=67108864) (default)
2021-04-24 02:05:32,400 [om1@group-C5BA1605619E-LeaderElection1] INFO  server.RaftServerConfigKeys (ConfUtils.java:logGet(44)) - raft.server.watch.timeout = 10s (default)
2021-04-24 02:05:32,400 [om1@group-C5BA1605619E-LeaderElection1] INFO  server.RaftServerConfigKeys (ConfUtils.java:logGet(44)) - raft.server.watch.timeout.denomination = 1s (default)
2021-04-24 02:05:32,400 [om1@group-C5BA1605619E-LeaderElection1] INFO  server.RaftServerConfigKeys (ConfUtils.java:logGet(44)) - raft.server.watch.element-limit = 65536 (default)
2021-04-24 02:05:32,406 [om1@group-C5BA1605619E-LeaderElection1] INFO  impl.RoleInfo (RoleInfo.java:updateAndGet(130)) - om1: start om1@group-C5BA1605619E-LeaderStateImpl
2021-04-24 02:05:32,407 [Listener at 127.0.0.1/41437] INFO  http.BaseHttpServer (BaseHttpServer.java:newHttpServer2BuilderForOzone(207)) - Starting Web-server for hddsDatanode at: http://0.0.0.0:0
2021-04-24 02:05:32,407 [Listener at 127.0.0.1/41437] INFO  http.BaseHttpServer (BaseHttpServer.java:<init>(106)) - Hadoop Security Enabled: false Ozone Security Enabled: false Ozone HTTP Security Enabled: false 
2021-04-24 02:05:32,408 [Listener at 127.0.0.1/41437] INFO  server.AuthenticationFilter (AuthenticationFilter.java:constructSecretProvider(240)) - Unable to initialize FileSignerSecretProvider, falling back to use random secrets.
2021-04-24 02:05:32,417 [Listener at 127.0.0.1/41437] WARN  http.HttpRequestLog (HttpRequestLog.java:getRequestLog(103)) - Jetty request log can only be enabled using Log4j
2021-04-24 02:05:32,418 [Listener at 127.0.0.1/41437] INFO  http.HttpServer2 (HttpServer2.java:addGlobalFilter(1020)) - Added global filter 'safety' (class=org.apache.hadoop.hdds.server.http.HttpServer2$QuotingInputFilter)
2021-04-24 02:05:32,419 [Listener at 127.0.0.1/41437] INFO  http.HttpServer2 (HttpServer2.java:addFilter(996)) - Added filter static_user_filter (class=org.apache.hadoop.http.lib.StaticUserWebFilter$StaticUserFilter) to context hddsDatanode
2021-04-24 02:05:32,419 [Listener at 127.0.0.1/41437] INFO  http.HttpServer2 (HttpServer2.java:addFilter(1004)) - Added filter static_user_filter (class=org.apache.hadoop.http.lib.StaticUserWebFilter$StaticUserFilter) to context logs
2021-04-24 02:05:32,419 [Listener at 127.0.0.1/41437] INFO  http.HttpServer2 (HttpServer2.java:addFilter(1004)) - Added filter static_user_filter (class=org.apache.hadoop.http.lib.StaticUserWebFilter$StaticUserFilter) to context static
2021-04-24 02:05:32,419 [Listener at 127.0.0.1/41437] INFO  http.HttpServer2 (HttpServer2.java:bindListener(1238)) - Jetty bound to port 37157
2021-04-24 02:05:32,420 [Listener at 127.0.0.1/41437] INFO  server.Server (Server.java:doStart(375)) - jetty-9.4.35.v20201120; built: 2020-11-20T21:17:03.964Z; git: bdc54f03a5e0a7e280fab27f55c3c75ee8da89fb; jvm 1.8.0_232-b09
2021-04-24 02:05:32,434 [Listener at 127.0.0.1/41437] INFO  server.session (DefaultSessionIdManager.java:doStart(334)) - DefaultSessionIdManager workerName=node0
2021-04-24 02:05:32,434 [Listener at 127.0.0.1/41437] INFO  server.session (DefaultSessionIdManager.java:doStart(339)) - No SessionScavenger set, using defaults
2021-04-24 02:05:32,434 [Listener at 127.0.0.1/41437] INFO  server.session (HouseKeeper.java:startScavenging(132)) - node0 Scavenging every 660000ms
2021-04-24 02:05:32,435 [Listener at 127.0.0.1/41437] INFO  handler.ContextHandler (ContextHandler.java:doStart(916)) - Started o.e.j.s.ServletContextHandler@424a6e0b{logs,/logs,file:///github/workspace/mnt/ozone/hadoop-ozone/integration-test/target/log,AVAILABLE}
2021-04-24 02:05:32,436 [Listener at 127.0.0.1/41437] INFO  handler.ContextHandler (ContextHandler.java:doStart(916)) - Started o.e.j.s.ServletContextHandler@2f1f782c{static,/static,jar:file:/home/user/.m2/repository/org/apache/hadoop/hadoop-hdds-container-service/1.2.0-SNAPSHOT/hadoop-hdds-container-service-1.2.0-SNAPSHOT.jar!/webapps/static,AVAILABLE}
2021-04-24 02:05:32,443 [om1@group-C5BA1605619E-LeaderElection1] INFO  segmented.SegmentedRaftLogWorker (SegmentedRaftLogWorker.java:startLogSegment(394)) - om1@group-C5BA1605619E-SegmentedRaftLogWorker: Starting segment from index:0
2021-04-24 02:05:32,506 [om1@group-C5BA1605619E-LeaderElection1] INFO  server.RaftServer$Division (ServerState.java:setRaftConf(373)) - om1@group-C5BA1605619E: set configuration 0: [om1|rpc:localhost:9872|admin:|client:|dataStream:|priority:0], old=null
2021-04-24 02:05:32,622 [om1@group-C5BA1605619E-SegmentedRaftLogWorker] INFO  segmented.SegmentedRaftLogWorker (SegmentedRaftLogWorker.java:execute(601)) - om1@group-C5BA1605619E-SegmentedRaftLogWorker: created new log segment /github/workspace/mnt/ozone/hadoop-ozone/integration-test/target/test-dir/MiniOzoneClusterImpl-6998a6cc-0dbe-4d56-81dc-8335dc1dcef2/ozone-meta/ratis/bf265839-605b-3f16-9796-c5ba1605619e/current/log_inprogress_0
2021-04-24 02:05:32,664 [Listener at 127.0.0.1/41437] INFO  handler.ContextHandler (ContextHandler.java:doStart(916)) - Started o.e.j.w.WebAppContext@7743c40f{hddsDatanode,/,file:///tmp/jetty-0_0_0_0-37157-hadoop-hdds-container-service-1_2_0-SNAPSHOT_jar-_-any-6679341579930970761/webapp/,AVAILABLE}{jar:file:/home/user/.m2/repository/org/apache/hadoop/hadoop-hdds-container-service/1.2.0-SNAPSHOT/hadoop-hdds-container-service-1.2.0-SNAPSHOT.jar!/webapps/hddsDatanode}
2021-04-24 02:05:32,666 [Listener at 127.0.0.1/41437] INFO  server.AbstractConnector (AbstractConnector.java:doStart(331)) - Started ServerConnector@31d3a876{HTTP/1.1, (http/1.1)}{0.0.0.0:37157}
2021-04-24 02:05:32,667 [Listener at 127.0.0.1/41437] INFO  server.Server (Server.java:doStart(415)) - Started @6683ms
2021-04-24 02:05:32,668 [Listener at 127.0.0.1/41437] WARN  impl.MetricsSystemImpl (MetricsSystemImpl.java:register(279)) - Sink prometheus already exists!
2021-04-24 02:05:32,674 [Listener at 127.0.0.1/41437] INFO  http.BaseHttpServer (BaseHttpServer.java:updateConnectorAddress(327)) - HTTP server of hddsDatanode listening at http://0.0.0.0:37157
2021-04-24 02:05:32,675 [Listener at 127.0.0.1/41437] INFO  impl.MetricsSystemImpl (MetricsSystemImpl.java:init(158)) - HddsDatanode metrics system started (again)
2021-04-24 02:05:32,677 [Listener at 127.0.0.1/41437] INFO  ozone.HddsDatanodeService (HddsDatanodeService.java:start(217)) - HddsDatanodeService host:8965a546ea16 ip:172.17.0.2
2021-04-24 02:05:32,678 [org.apache.hadoop.util.JvmPauseMonitor$Monitor@c0ad485] INFO  util.JvmPauseMonitor (JvmPauseMonitor.java:run(188)) - Starting JVM pause monitor
2021-04-24 02:05:32,679 [Listener at 127.0.0.1/41437] INFO  volume.HddsVolume (HddsVolume.java:<init>(176)) - Creating Volume: /github/workspace/mnt/ozone/hadoop-ozone/integration-test/target/test-dir/MiniOzoneClusterImpl-6998a6cc-0dbe-4d56-81dc-8335dc1dcef2/datanode-3/data-0/containers/hdds of storage type : DISK and capacity : 9223372036854775807
2021-04-24 02:05:32,680 [Listener at 127.0.0.1/41437] INFO  volume.MutableVolumeSet (MutableVolumeSet.java:initializeVolumeSet(191)) - Added Volume : /github/workspace/mnt/ozone/hadoop-ozone/integration-test/target/test-dir/MiniOzoneClusterImpl-6998a6cc-0dbe-4d56-81dc-8335dc1dcef2/datanode-3/data-0/containers/hdds to VolumeSet
2021-04-24 02:05:32,680 [Listener at 127.0.0.1/41437] INFO  volume.ThrottledAsyncChecker (ThrottledAsyncChecker.java:schedule(141)) - Scheduling a check for /github/workspace/mnt/ozone/hadoop-ozone/integration-test/target/test-dir/MiniOzoneClusterImpl-6998a6cc-0dbe-4d56-81dc-8335dc1dcef2/datanode-3/data-0/containers/hdds
2021-04-24 02:05:32,683 [Listener at 127.0.0.1/41437] INFO  volume.HddsVolumeChecker (HddsVolumeChecker.java:checkAllVolumes(200)) - Scheduled health check for volume /github/workspace/mnt/ozone/hadoop-ozone/integration-test/target/test-dir/MiniOzoneClusterImpl-6998a6cc-0dbe-4d56-81dc-8335dc1dcef2/datanode-3/data-0/containers/hdds
2021-04-24 02:05:32,695 [Datanode State Machine Task Thread - 0] INFO  datanode.InitDatanodeState (InitDatanodeState.java:persistContainerDatanodeDetails(145)) - DatanodeDetails is persisted to /github/workspace/mnt/ozone/hadoop-ozone/integration-test/target/test-dir/MiniOzoneClusterImpl-6998a6cc-0dbe-4d56-81dc-8335dc1dcef2/datanode-2/meta/datanode.id
2021-04-24 02:05:32,702 [Listener at 127.0.0.1/41437] INFO  ozoneimpl.ContainerReader (ContainerReader.java:<init>(98)) - Running in upgrade mode:true
2021-04-24 02:05:32,703 [Thread-162] INFO  ozoneimpl.ContainerReader (ContainerReader.java:readVolume(142)) - Start to verify containers on volume /github/workspace/mnt/ozone/hadoop-ozone/integration-test/target/test-dir/MiniOzoneClusterImpl-6998a6cc-0dbe-4d56-81dc-8335dc1dcef2/datanode-3/data-0/containers/hdds
2021-04-24 02:05:32,703 [Thread-162] INFO  ozoneimpl.ContainerReader (ContainerReader.java:readVolume(174)) - Finish verifying containers on volume /github/workspace/mnt/ozone/hadoop-ozone/integration-test/target/test-dir/MiniOzoneClusterImpl-6998a6cc-0dbe-4d56-81dc-8335dc1dcef2/datanode-3/data-0/containers/hdds
2021-04-24 02:05:32,704 [Listener at 127.0.0.1/41437] INFO  ozoneimpl.OzoneContainer (OzoneContainer.java:buildContainerSet(225)) - Build ContainerSet costs 0s
2021-04-24 02:05:32,706 [Listener at 127.0.0.1/41437] INFO  server.RaftServer (ConfUtils.java:logGet(44)) - raft.rpc.type = GRPC (default)
2021-04-24 02:05:32,706 [Listener at 127.0.0.1/41437] INFO  grpc.GrpcFactory (GrpcFactory.java:checkPooledByteBufAllocatorUseCacheForAllThreads(48)) - PERFORMANCE WARNING: useCacheForAllThreads is true that may cause Netty to create a lot garbage objects and, as a result, trigger GC.
	It is recommended to disable useCacheForAllThreads by setting -Dorg.apache.ratis.thirdparty.io.netty.allocator.useCacheForAllThreads=false in command line.
2021-04-24 02:05:32,706 [Listener at 127.0.0.1/41437] INFO  grpc.GrpcConfigKeys (ConfUtils.java:logGet(44)) - raft.grpc.admin.port = 0 (custom)
2021-04-24 02:05:32,706 [Listener at 127.0.0.1/41437] INFO  grpc.GrpcConfigKeys (ConfUtils.java:logGet(44)) - raft.grpc.client.port = 0 (custom)
2021-04-24 02:05:32,707 [Listener at 127.0.0.1/41437] INFO  grpc.GrpcConfigKeys (ConfUtils.java:logGet(44)) - raft.grpc.server.port = 0 (default)
2021-04-24 02:05:32,708 [Listener at 127.0.0.1/41437] INFO  server.GrpcService (ConfUtils.java:logGet(44)) - raft.grpc.message.size.max = 32MB (=33554432) (custom)
2021-04-24 02:05:32,709 [Listener at 127.0.0.1/41437] INFO  server.RaftServerConfigKeys (ConfUtils.java:logGet(44)) - raft.server.log.appender.buffer.byte-limit = 33554432 (custom)
2021-04-24 02:05:32,709 [Listener at 127.0.0.1/41437] INFO  server.GrpcService (ConfUtils.java:logGet(44)) - raft.grpc.flow.control.window = 5MB (=5242880) (custom)
2021-04-24 02:05:32,709 [Listener at 127.0.0.1/41437] INFO  server.RaftServerConfigKeys (ConfUtils.java:logGet(44)) - raft.server.rpc.request.timeout = 3000ms (default)
2021-04-24 02:05:32,710 [Listener at 127.0.0.1/41437] INFO  impl.DataStreamServerImpl (ConfUtils.java:logGet(44)) - raft.datastream.type = DISABLED (default)
2021-04-24 02:05:32,710 [Listener at 127.0.0.1/41437] INFO  server.RaftServerConfigKeys (ConfUtils.java:logGet(44)) - raft.server.rpc.slowness.timeout = 300000ms (custom)
2021-04-24 02:05:32,711 [Listener at 127.0.0.1/41437] INFO  server.RaftServerConfigKeys (ConfUtils.java:logGet(44)) - raft.server.leaderelection.leader.step-down.wait-time = 10s (default)
2021-04-24 02:05:32,711 [Listener at 127.0.0.1/41437] INFO  server.RaftServerConfigKeys (ConfUtils.java:logGet(44)) - raft.server.storage.dir = [/github/workspace/mnt/ozone/hadoop-ozone/integration-test/target/test-dir/MiniOzoneClusterImpl-6998a6cc-0dbe-4d56-81dc-8335dc1dcef2/datanode-3/data/ratis] (custom)
2021-04-24 02:05:32,719 [Listener at 127.0.0.1/41437] INFO  http.BaseHttpServer (BaseHttpServer.java:newHttpServer2BuilderForOzone(207)) - Starting Web-server for hddsDatanode at: http://0.0.0.0:0
2021-04-24 02:05:32,719 [Listener at 127.0.0.1/41437] INFO  http.BaseHttpServer (BaseHttpServer.java:<init>(106)) - Hadoop Security Enabled: false Ozone Security Enabled: false Ozone HTTP Security Enabled: false 
2021-04-24 02:05:32,721 [Listener at 127.0.0.1/41437] INFO  server.AuthenticationFilter (AuthenticationFilter.java:constructSecretProvider(240)) - Unable to initialize FileSignerSecretProvider, falling back to use random secrets.
2021-04-24 02:05:32,721 [Listener at 127.0.0.1/41437] WARN  http.HttpRequestLog (HttpRequestLog.java:getRequestLog(103)) - Jetty request log can only be enabled using Log4j
2021-04-24 02:05:32,722 [Listener at 127.0.0.1/41437] INFO  http.HttpServer2 (HttpServer2.java:addGlobalFilter(1020)) - Added global filter 'safety' (class=org.apache.hadoop.hdds.server.http.HttpServer2$QuotingInputFilter)
2021-04-24 02:05:32,723 [Listener at 127.0.0.1/41437] INFO  http.HttpServer2 (HttpServer2.java:addFilter(996)) - Added filter static_user_filter (class=org.apache.hadoop.http.lib.StaticUserWebFilter$StaticUserFilter) to context hddsDatanode
2021-04-24 02:05:32,723 [Listener at 127.0.0.1/41437] INFO  http.HttpServer2 (HttpServer2.java:addFilter(1004)) - Added filter static_user_filter (class=org.apache.hadoop.http.lib.StaticUserWebFilter$StaticUserFilter) to context logs
2021-04-24 02:05:32,723 [Listener at 127.0.0.1/41437] INFO  http.HttpServer2 (HttpServer2.java:addFilter(1004)) - Added filter static_user_filter (class=org.apache.hadoop.http.lib.StaticUserWebFilter$StaticUserFilter) to context static
2021-04-24 02:05:32,724 [Listener at 127.0.0.1/41437] INFO  http.HttpServer2 (HttpServer2.java:bindListener(1238)) - Jetty bound to port 38501
2021-04-24 02:05:32,724 [Listener at 127.0.0.1/41437] INFO  server.Server (Server.java:doStart(375)) - jetty-9.4.35.v20201120; built: 2020-11-20T21:17:03.964Z; git: bdc54f03a5e0a7e280fab27f55c3c75ee8da89fb; jvm 1.8.0_232-b09
2021-04-24 02:05:32,726 [Listener at 127.0.0.1/41437] INFO  server.session (DefaultSessionIdManager.java:doStart(334)) - DefaultSessionIdManager workerName=node0
2021-04-24 02:05:32,726 [Listener at 127.0.0.1/41437] INFO  server.session (DefaultSessionIdManager.java:doStart(339)) - No SessionScavenger set, using defaults
2021-04-24 02:05:32,726 [Listener at 127.0.0.1/41437] INFO  server.session (HouseKeeper.java:startScavenging(132)) - node0 Scavenging every 660000ms
2021-04-24 02:05:32,727 [Listener at 127.0.0.1/41437] INFO  handler.ContextHandler (ContextHandler.java:doStart(916)) - Started o.e.j.s.ServletContextHandler@59c1d68b{logs,/logs,file:///github/workspace/mnt/ozone/hadoop-ozone/integration-test/target/log,AVAILABLE}
2021-04-24 02:05:32,727 [Listener at 127.0.0.1/41437] INFO  handler.ContextHandler (ContextHandler.java:doStart(916)) - Started o.e.j.s.ServletContextHandler@5896c2bc{static,/static,jar:file:/home/user/.m2/repository/org/apache/hadoop/hadoop-hdds-container-service/1.2.0-SNAPSHOT/hadoop-hdds-container-service-1.2.0-SNAPSHOT.jar!/webapps/static,AVAILABLE}
2021-04-24 02:05:32,895 [Listener at 127.0.0.1/41437] INFO  handler.ContextHandler (ContextHandler.java:doStart(916)) - Started o.e.j.w.WebAppContext@268032ec{hddsDatanode,/,file:///tmp/jetty-0_0_0_0-38501-hadoop-hdds-container-service-1_2_0-SNAPSHOT_jar-_-any-124348438136886962/webapp/,AVAILABLE}{jar:file:/home/user/.m2/repository/org/apache/hadoop/hadoop-hdds-container-service/1.2.0-SNAPSHOT/hadoop-hdds-container-service-1.2.0-SNAPSHOT.jar!/webapps/hddsDatanode}
2021-04-24 02:05:32,898 [Listener at 127.0.0.1/41437] INFO  server.AbstractConnector (AbstractConnector.java:doStart(331)) - Started ServerConnector@499881f0{HTTP/1.1, (http/1.1)}{0.0.0.0:38501}
2021-04-24 02:05:32,898 [Listener at 127.0.0.1/41437] INFO  server.Server (Server.java:doStart(415)) - Started @6913ms
2021-04-24 02:05:32,898 [Listener at 127.0.0.1/41437] WARN  impl.MetricsSystemImpl (MetricsSystemImpl.java:register(279)) - Sink prometheus already exists!
2021-04-24 02:05:32,904 [Listener at 127.0.0.1/41437] INFO  http.BaseHttpServer (BaseHttpServer.java:updateConnectorAddress(327)) - HTTP server of hddsDatanode listening at http://0.0.0.0:38501
2021-04-24 02:05:32,905 [Listener at 127.0.0.1/41437] INFO  impl.MetricsSystemImpl (MetricsSystemImpl.java:init(158)) - HddsDatanode metrics system started (again)
2021-04-24 02:05:32,907 [Listener at 127.0.0.1/41437] INFO  ozone.HddsDatanodeService (HddsDatanodeService.java:start(217)) - HddsDatanodeService host:8965a546ea16 ip:172.17.0.2
2021-04-24 02:05:32,909 [Listener at 127.0.0.1/41437] INFO  volume.HddsVolume (HddsVolume.java:<init>(176)) - Creating Volume: /github/workspace/mnt/ozone/hadoop-ozone/integration-test/target/test-dir/MiniOzoneClusterImpl-6998a6cc-0dbe-4d56-81dc-8335dc1dcef2/datanode-4/data-0/containers/hdds of storage type : DISK and capacity : 9223372036854775807
2021-04-24 02:05:32,909 [Listener at 127.0.0.1/41437] INFO  volume.MutableVolumeSet (MutableVolumeSet.java:initializeVolumeSet(191)) - Added Volume : /github/workspace/mnt/ozone/hadoop-ozone/integration-test/target/test-dir/MiniOzoneClusterImpl-6998a6cc-0dbe-4d56-81dc-8335dc1dcef2/datanode-4/data-0/containers/hdds to VolumeSet
2021-04-24 02:05:32,910 [Listener at 127.0.0.1/41437] INFO  volume.ThrottledAsyncChecker (ThrottledAsyncChecker.java:schedule(141)) - Scheduling a check for /github/workspace/mnt/ozone/hadoop-ozone/integration-test/target/test-dir/MiniOzoneClusterImpl-6998a6cc-0dbe-4d56-81dc-8335dc1dcef2/datanode-4/data-0/containers/hdds
2021-04-24 02:05:32,912 [org.apache.hadoop.util.JvmPauseMonitor$Monitor@2e9e58b6] INFO  util.JvmPauseMonitor (JvmPauseMonitor.java:run(188)) - Starting JVM pause monitor
2021-04-24 02:05:32,912 [Listener at 127.0.0.1/41437] INFO  volume.HddsVolumeChecker (HddsVolumeChecker.java:checkAllVolumes(200)) - Scheduled health check for volume /github/workspace/mnt/ozone/hadoop-ozone/integration-test/target/test-dir/MiniOzoneClusterImpl-6998a6cc-0dbe-4d56-81dc-8335dc1dcef2/datanode-4/data-0/containers/hdds
2021-04-24 02:05:32,926 [Listener at 127.0.0.1/41437] INFO  ozoneimpl.ContainerReader (ContainerReader.java:<init>(98)) - Running in upgrade mode:true
2021-04-24 02:05:32,926 [Thread-173] INFO  ozoneimpl.ContainerReader (ContainerReader.java:readVolume(142)) - Start to verify containers on volume /github/workspace/mnt/ozone/hadoop-ozone/integration-test/target/test-dir/MiniOzoneClusterImpl-6998a6cc-0dbe-4d56-81dc-8335dc1dcef2/datanode-4/data-0/containers/hdds
2021-04-24 02:05:32,926 [Thread-173] INFO  ozoneimpl.ContainerReader (ContainerReader.java:readVolume(174)) - Finish verifying containers on volume /github/workspace/mnt/ozone/hadoop-ozone/integration-test/target/test-dir/MiniOzoneClusterImpl-6998a6cc-0dbe-4d56-81dc-8335dc1dcef2/datanode-4/data-0/containers/hdds
2021-04-24 02:05:32,927 [Listener at 127.0.0.1/41437] INFO  ozoneimpl.OzoneContainer (OzoneContainer.java:buildContainerSet(225)) - Build ContainerSet costs 0s
2021-04-24 02:05:32,929 [Listener at 127.0.0.1/41437] INFO  server.RaftServer (ConfUtils.java:logGet(44)) - raft.rpc.type = GRPC (default)
2021-04-24 02:05:32,929 [Listener at 127.0.0.1/41437] INFO  grpc.GrpcFactory (GrpcFactory.java:checkPooledByteBufAllocatorUseCacheForAllThreads(48)) - PERFORMANCE WARNING: useCacheForAllThreads is true that may cause Netty to create a lot garbage objects and, as a result, trigger GC.
	It is recommended to disable useCacheForAllThreads by setting -Dorg.apache.ratis.thirdparty.io.netty.allocator.useCacheForAllThreads=false in command line.
2021-04-24 02:05:32,929 [Listener at 127.0.0.1/41437] INFO  grpc.GrpcConfigKeys (ConfUtils.java:logGet(44)) - raft.grpc.admin.port = 0 (custom)
2021-04-24 02:05:32,929 [Listener at 127.0.0.1/41437] INFO  grpc.GrpcConfigKeys (ConfUtils.java:logGet(44)) - raft.grpc.client.port = 0 (custom)
2021-04-24 02:05:32,930 [Listener at 127.0.0.1/41437] INFO  grpc.GrpcConfigKeys (ConfUtils.java:logGet(44)) - raft.grpc.server.port = 0 (default)
2021-04-24 02:05:32,930 [Listener at 127.0.0.1/41437] INFO  server.GrpcService (ConfUtils.java:logGet(44)) - raft.grpc.message.size.max = 32MB (=33554432) (custom)
2021-04-24 02:05:32,930 [Listener at 127.0.0.1/41437] INFO  server.RaftServerConfigKeys (ConfUtils.java:logGet(44)) - raft.server.log.appender.buffer.byte-limit = 33554432 (custom)
2021-04-24 02:05:32,930 [Listener at 127.0.0.1/41437] INFO  server.GrpcService (ConfUtils.java:logGet(44)) - raft.grpc.flow.control.window = 5MB (=5242880) (custom)
2021-04-24 02:05:32,930 [Listener at 127.0.0.1/41437] INFO  server.RaftServerConfigKeys (ConfUtils.java:logGet(44)) - raft.server.rpc.request.timeout = 3000ms (default)
2021-04-24 02:05:32,931 [Listener at 127.0.0.1/41437] INFO  impl.DataStreamServerImpl (ConfUtils.java:logGet(44)) - raft.datastream.type = DISABLED (default)
2021-04-24 02:05:32,931 [Listener at 127.0.0.1/41437] INFO  server.RaftServerConfigKeys (ConfUtils.java:logGet(44)) - raft.server.rpc.slowness.timeout = 300000ms (custom)
2021-04-24 02:05:32,931 [Listener at 127.0.0.1/41437] INFO  server.RaftServerConfigKeys (ConfUtils.java:logGet(44)) - raft.server.leaderelection.leader.step-down.wait-time = 10s (default)
2021-04-24 02:05:32,932 [Listener at 127.0.0.1/41437] INFO  server.RaftServerConfigKeys (ConfUtils.java:logGet(44)) - raft.server.storage.dir = [/github/workspace/mnt/ozone/hadoop-ozone/integration-test/target/test-dir/MiniOzoneClusterImpl-6998a6cc-0dbe-4d56-81dc-8335dc1dcef2/datanode-4/data/ratis] (custom)
2021-04-24 02:05:32,932 [Datanode State Machine Task Thread - 0] INFO  datanode.InitDatanodeState (InitDatanodeState.java:persistContainerDatanodeDetails(145)) - DatanodeDetails is persisted to /github/workspace/mnt/ozone/hadoop-ozone/integration-test/target/test-dir/MiniOzoneClusterImpl-6998a6cc-0dbe-4d56-81dc-8335dc1dcef2/datanode-3/meta/datanode.id
2021-04-24 02:05:32,938 [Listener at 127.0.0.1/41437] INFO  http.BaseHttpServer (BaseHttpServer.java:newHttpServer2BuilderForOzone(207)) - Starting Web-server for hddsDatanode at: http://0.0.0.0:0
2021-04-24 02:05:32,938 [Listener at 127.0.0.1/41437] INFO  http.BaseHttpServer (BaseHttpServer.java:<init>(106)) - Hadoop Security Enabled: false Ozone Security Enabled: false Ozone HTTP Security Enabled: false 
2021-04-24 02:05:32,940 [Listener at 127.0.0.1/41437] INFO  server.AuthenticationFilter (AuthenticationFilter.java:constructSecretProvider(240)) - Unable to initialize FileSignerSecretProvider, falling back to use random secrets.
2021-04-24 02:05:32,947 [Listener at 127.0.0.1/41437] WARN  http.HttpRequestLog (HttpRequestLog.java:getRequestLog(103)) - Jetty request log can only be enabled using Log4j
2021-04-24 02:05:32,949 [Listener at 127.0.0.1/41437] INFO  http.HttpServer2 (HttpServer2.java:addGlobalFilter(1020)) - Added global filter 'safety' (class=org.apache.hadoop.hdds.server.http.HttpServer2$QuotingInputFilter)
2021-04-24 02:05:32,949 [Listener at 127.0.0.1/41437] INFO  http.HttpServer2 (HttpServer2.java:addFilter(996)) - Added filter static_user_filter (class=org.apache.hadoop.http.lib.StaticUserWebFilter$StaticUserFilter) to context hddsDatanode
2021-04-24 02:05:32,950 [Listener at 127.0.0.1/41437] INFO  http.HttpServer2 (HttpServer2.java:addFilter(1004)) - Added filter static_user_filter (class=org.apache.hadoop.http.lib.StaticUserWebFilter$StaticUserFilter) to context static
2021-04-24 02:05:32,950 [Listener at 127.0.0.1/41437] INFO  http.HttpServer2 (HttpServer2.java:addFilter(1004)) - Added filter static_user_filter (class=org.apache.hadoop.http.lib.StaticUserWebFilter$StaticUserFilter) to context logs
2021-04-24 02:05:32,952 [Listener at 127.0.0.1/41437] INFO  http.HttpServer2 (HttpServer2.java:bindListener(1238)) - Jetty bound to port 38177
2021-04-24 02:05:32,952 [Listener at 127.0.0.1/41437] INFO  server.Server (Server.java:doStart(375)) - jetty-9.4.35.v20201120; built: 2020-11-20T21:17:03.964Z; git: bdc54f03a5e0a7e280fab27f55c3c75ee8da89fb; jvm 1.8.0_232-b09
2021-04-24 02:05:32,956 [Listener at 127.0.0.1/41437] INFO  server.session (DefaultSessionIdManager.java:doStart(334)) - DefaultSessionIdManager workerName=node0
2021-04-24 02:05:32,956 [Listener at 127.0.0.1/41437] INFO  server.session (DefaultSessionIdManager.java:doStart(339)) - No SessionScavenger set, using defaults
2021-04-24 02:05:32,956 [Listener at 127.0.0.1/41437] INFO  server.session (HouseKeeper.java:startScavenging(132)) - node0 Scavenging every 660000ms
2021-04-24 02:05:32,957 [Listener at 127.0.0.1/41437] INFO  handler.ContextHandler (ContextHandler.java:doStart(916)) - Started o.e.j.s.ServletContextHandler@be5afa{logs,/logs,file:///github/workspace/mnt/ozone/hadoop-ozone/integration-test/target/log,AVAILABLE}
2021-04-24 02:05:32,958 [Listener at 127.0.0.1/41437] INFO  handler.ContextHandler (ContextHandler.java:doStart(916)) - Started o.e.j.s.ServletContextHandler@57ff0d9d{static,/static,jar:file:/home/user/.m2/repository/org/apache/hadoop/hadoop-hdds-container-service/1.2.0-SNAPSHOT/hadoop-hdds-container-service-1.2.0-SNAPSHOT.jar!/webapps/static,AVAILABLE}
2021-04-24 02:05:33,108 [Listener at 127.0.0.1/41437] INFO  handler.ContextHandler (ContextHandler.java:doStart(916)) - Started o.e.j.w.WebAppContext@45c7e44a{hddsDatanode,/,file:///tmp/jetty-0_0_0_0-38177-hadoop-hdds-container-service-1_2_0-SNAPSHOT_jar-_-any-5379114604878241777/webapp/,AVAILABLE}{jar:file:/home/user/.m2/repository/org/apache/hadoop/hadoop-hdds-container-service/1.2.0-SNAPSHOT/hadoop-hdds-container-service-1.2.0-SNAPSHOT.jar!/webapps/hddsDatanode}
2021-04-24 02:05:33,110 [Listener at 127.0.0.1/41437] INFO  server.AbstractConnector (AbstractConnector.java:doStart(331)) - Started ServerConnector@75bd8948{HTTP/1.1, (http/1.1)}{0.0.0.0:38177}
2021-04-24 02:05:33,111 [Listener at 127.0.0.1/41437] INFO  server.Server (Server.java:doStart(415)) - Started @7126ms
2021-04-24 02:05:33,111 [Listener at 127.0.0.1/41437] WARN  impl.MetricsSystemImpl (MetricsSystemImpl.java:register(279)) - Sink prometheus already exists!
2021-04-24 02:05:33,114 [Listener at 127.0.0.1/41437] INFO  http.BaseHttpServer (BaseHttpServer.java:updateConnectorAddress(327)) - HTTP server of hddsDatanode listening at http://0.0.0.0:38177
2021-04-24 02:05:33,115 [Listener at 127.0.0.1/41437] INFO  impl.MetricsSystemImpl (MetricsSystemImpl.java:init(158)) - HddsDatanode metrics system started (again)
2021-04-24 02:05:33,116 [Listener at 127.0.0.1/41437] INFO  ozone.HddsDatanodeService (HddsDatanodeService.java:start(217)) - HddsDatanodeService host:8965a546ea16 ip:172.17.0.2
2021-04-24 02:05:33,124 [Listener at 127.0.0.1/41437] INFO  volume.HddsVolume (HddsVolume.java:<init>(176)) - Creating Volume: /github/workspace/mnt/ozone/hadoop-ozone/integration-test/target/test-dir/MiniOzoneClusterImpl-6998a6cc-0dbe-4d56-81dc-8335dc1dcef2/datanode-5/data-0/containers/hdds of storage type : DISK and capacity : 9223372036854775807
2021-04-24 02:05:33,124 [Listener at 127.0.0.1/41437] INFO  volume.MutableVolumeSet (MutableVolumeSet.java:initializeVolumeSet(191)) - Added Volume : /github/workspace/mnt/ozone/hadoop-ozone/integration-test/target/test-dir/MiniOzoneClusterImpl-6998a6cc-0dbe-4d56-81dc-8335dc1dcef2/datanode-5/data-0/containers/hdds to VolumeSet
2021-04-24 02:05:33,124 [Listener at 127.0.0.1/41437] INFO  volume.ThrottledAsyncChecker (ThrottledAsyncChecker.java:schedule(141)) - Scheduling a check for /github/workspace/mnt/ozone/hadoop-ozone/integration-test/target/test-dir/MiniOzoneClusterImpl-6998a6cc-0dbe-4d56-81dc-8335dc1dcef2/datanode-5/data-0/containers/hdds
2021-04-24 02:05:33,129 [Listener at 127.0.0.1/41437] INFO  volume.HddsVolumeChecker (HddsVolumeChecker.java:checkAllVolumes(200)) - Scheduled health check for volume /github/workspace/mnt/ozone/hadoop-ozone/integration-test/target/test-dir/MiniOzoneClusterImpl-6998a6cc-0dbe-4d56-81dc-8335dc1dcef2/datanode-5/data-0/containers/hdds
2021-04-24 02:05:33,151 [org.apache.hadoop.util.JvmPauseMonitor$Monitor@377bdfaa] INFO  util.JvmPauseMonitor (JvmPauseMonitor.java:run(188)) - Starting JVM pause monitor
2021-04-24 02:05:33,157 [Datanode State Machine Task Thread - 0] INFO  datanode.InitDatanodeState (InitDatanodeState.java:persistContainerDatanodeDetails(145)) - DatanodeDetails is persisted to /github/workspace/mnt/ozone/hadoop-ozone/integration-test/target/test-dir/MiniOzoneClusterImpl-6998a6cc-0dbe-4d56-81dc-8335dc1dcef2/datanode-4/meta/datanode.id
2021-04-24 02:05:33,159 [Listener at 127.0.0.1/41437] INFO  ozoneimpl.ContainerReader (ContainerReader.java:<init>(98)) - Running in upgrade mode:true
2021-04-24 02:05:33,159 [Thread-184] INFO  ozoneimpl.ContainerReader (ContainerReader.java:readVolume(142)) - Start to verify containers on volume /github/workspace/mnt/ozone/hadoop-ozone/integration-test/target/test-dir/MiniOzoneClusterImpl-6998a6cc-0dbe-4d56-81dc-8335dc1dcef2/datanode-5/data-0/containers/hdds
2021-04-24 02:05:33,160 [Thread-184] INFO  ozoneimpl.ContainerReader (ContainerReader.java:readVolume(174)) - Finish verifying containers on volume /github/workspace/mnt/ozone/hadoop-ozone/integration-test/target/test-dir/MiniOzoneClusterImpl-6998a6cc-0dbe-4d56-81dc-8335dc1dcef2/datanode-5/data-0/containers/hdds
2021-04-24 02:05:33,160 [Listener at 127.0.0.1/41437] INFO  ozoneimpl.OzoneContainer (OzoneContainer.java:buildContainerSet(225)) - Build ContainerSet costs 0s
2021-04-24 02:05:33,162 [Listener at 127.0.0.1/41437] INFO  server.RaftServer (ConfUtils.java:logGet(44)) - raft.rpc.type = GRPC (default)
2021-04-24 02:05:33,162 [Listener at 127.0.0.1/41437] INFO  grpc.GrpcFactory (GrpcFactory.java:checkPooledByteBufAllocatorUseCacheForAllThreads(48)) - PERFORMANCE WARNING: useCacheForAllThreads is true that may cause Netty to create a lot garbage objects and, as a result, trigger GC.
	It is recommended to disable useCacheForAllThreads by setting -Dorg.apache.ratis.thirdparty.io.netty.allocator.useCacheForAllThreads=false in command line.
2021-04-24 02:05:33,162 [Listener at 127.0.0.1/41437] INFO  grpc.GrpcConfigKeys (ConfUtils.java:logGet(44)) - raft.grpc.admin.port = 0 (custom)
2021-04-24 02:05:33,163 [Listener at 127.0.0.1/41437] INFO  grpc.GrpcConfigKeys (ConfUtils.java:logGet(44)) - raft.grpc.client.port = 0 (custom)
2021-04-24 02:05:33,163 [Listener at 127.0.0.1/41437] INFO  grpc.GrpcConfigKeys (ConfUtils.java:logGet(44)) - raft.grpc.server.port = 0 (default)
2021-04-24 02:05:33,163 [Listener at 127.0.0.1/41437] INFO  server.GrpcService (ConfUtils.java:logGet(44)) - raft.grpc.message.size.max = 32MB (=33554432) (custom)
2021-04-24 02:05:33,163 [Listener at 127.0.0.1/41437] INFO  server.RaftServerConfigKeys (ConfUtils.java:logGet(44)) - raft.server.log.appender.buffer.byte-limit = 33554432 (custom)
2021-04-24 02:05:33,163 [Listener at 127.0.0.1/41437] INFO  server.GrpcService (ConfUtils.java:logGet(44)) - raft.grpc.flow.control.window = 5MB (=5242880) (custom)
2021-04-24 02:05:33,163 [Listener at 127.0.0.1/41437] INFO  server.RaftServerConfigKeys (ConfUtils.java:logGet(44)) - raft.server.rpc.request.timeout = 3000ms (default)
2021-04-24 02:05:33,164 [Listener at 127.0.0.1/41437] INFO  impl.DataStreamServerImpl (ConfUtils.java:logGet(44)) - raft.datastream.type = DISABLED (default)
2021-04-24 02:05:33,164 [Listener at 127.0.0.1/41437] INFO  server.RaftServerConfigKeys (ConfUtils.java:logGet(44)) - raft.server.rpc.slowness.timeout = 300000ms (custom)
2021-04-24 02:05:33,165 [Listener at 127.0.0.1/41437] INFO  server.RaftServerConfigKeys (ConfUtils.java:logGet(44)) - raft.server.leaderelection.leader.step-down.wait-time = 10s (default)
2021-04-24 02:05:33,165 [Listener at 127.0.0.1/41437] INFO  server.RaftServerConfigKeys (ConfUtils.java:logGet(44)) - raft.server.storage.dir = [/github/workspace/mnt/ozone/hadoop-ozone/integration-test/target/test-dir/MiniOzoneClusterImpl-6998a6cc-0dbe-4d56-81dc-8335dc1dcef2/datanode-5/data/ratis] (custom)
2021-04-24 02:05:33,171 [Listener at 127.0.0.1/41437] INFO  http.BaseHttpServer (BaseHttpServer.java:newHttpServer2BuilderForOzone(207)) - Starting Web-server for hddsDatanode at: http://0.0.0.0:0
2021-04-24 02:05:33,171 [Listener at 127.0.0.1/41437] INFO  http.BaseHttpServer (BaseHttpServer.java:<init>(106)) - Hadoop Security Enabled: false Ozone Security Enabled: false Ozone HTTP Security Enabled: false 
2021-04-24 02:05:33,173 [Listener at 127.0.0.1/41437] INFO  server.AuthenticationFilter (AuthenticationFilter.java:constructSecretProvider(240)) - Unable to initialize FileSignerSecretProvider, falling back to use random secrets.
2021-04-24 02:05:33,179 [Listener at 127.0.0.1/41437] WARN  http.HttpRequestLog (HttpRequestLog.java:getRequestLog(103)) - Jetty request log can only be enabled using Log4j
2021-04-24 02:05:33,180 [Listener at 127.0.0.1/41437] INFO  http.HttpServer2 (HttpServer2.java:addGlobalFilter(1020)) - Added global filter 'safety' (class=org.apache.hadoop.hdds.server.http.HttpServer2$QuotingInputFilter)
2021-04-24 02:05:33,181 [Listener at 127.0.0.1/41437] INFO  http.HttpServer2 (HttpServer2.java:addFilter(996)) - Added filter static_user_filter (class=org.apache.hadoop.http.lib.StaticUserWebFilter$StaticUserFilter) to context hddsDatanode
2021-04-24 02:05:33,181 [Listener at 127.0.0.1/41437] INFO  http.HttpServer2 (HttpServer2.java:addFilter(1004)) - Added filter static_user_filter (class=org.apache.hadoop.http.lib.StaticUserWebFilter$StaticUserFilter) to context logs
2021-04-24 02:05:33,181 [Listener at 127.0.0.1/41437] INFO  http.HttpServer2 (HttpServer2.java:addFilter(1004)) - Added filter static_user_filter (class=org.apache.hadoop.http.lib.StaticUserWebFilter$StaticUserFilter) to context static
2021-04-24 02:05:33,181 [Listener at 127.0.0.1/41437] INFO  http.HttpServer2 (HttpServer2.java:bindListener(1238)) - Jetty bound to port 37123
2021-04-24 02:05:33,181 [Listener at 127.0.0.1/41437] INFO  server.Server (Server.java:doStart(375)) - jetty-9.4.35.v20201120; built: 2020-11-20T21:17:03.964Z; git: bdc54f03a5e0a7e280fab27f55c3c75ee8da89fb; jvm 1.8.0_232-b09
2021-04-24 02:05:33,184 [Listener at 127.0.0.1/41437] INFO  server.session (DefaultSessionIdManager.java:doStart(334)) - DefaultSessionIdManager workerName=node0
2021-04-24 02:05:33,184 [Listener at 127.0.0.1/41437] INFO  server.session (DefaultSessionIdManager.java:doStart(339)) - No SessionScavenger set, using defaults
2021-04-24 02:05:33,184 [Listener at 127.0.0.1/41437] INFO  server.session (HouseKeeper.java:startScavenging(132)) - node0 Scavenging every 660000ms
2021-04-24 02:05:33,187 [Listener at 127.0.0.1/41437] INFO  handler.ContextHandler (ContextHandler.java:doStart(916)) - Started o.e.j.s.ServletContextHandler@55561de0{logs,/logs,file:///github/workspace/mnt/ozone/hadoop-ozone/integration-test/target/log,AVAILABLE}
2021-04-24 02:05:33,188 [Listener at 127.0.0.1/41437] INFO  handler.ContextHandler (ContextHandler.java:doStart(916)) - Started o.e.j.s.ServletContextHandler@6b1ad27d{static,/static,jar:file:/home/user/.m2/repository/org/apache/hadoop/hadoop-hdds-container-service/1.2.0-SNAPSHOT/hadoop-hdds-container-service-1.2.0-SNAPSHOT.jar!/webapps/static,AVAILABLE}
2021-04-24 02:05:33,343 [Listener at 127.0.0.1/41437] INFO  handler.ContextHandler (ContextHandler.java:doStart(916)) - Started o.e.j.w.WebAppContext@772f9626{hddsDatanode,/,file:///tmp/jetty-0_0_0_0-37123-hadoop-hdds-container-service-1_2_0-SNAPSHOT_jar-_-any-7804703753698186812/webapp/,AVAILABLE}{jar:file:/home/user/.m2/repository/org/apache/hadoop/hadoop-hdds-container-service/1.2.0-SNAPSHOT/hadoop-hdds-container-service-1.2.0-SNAPSHOT.jar!/webapps/hddsDatanode}
2021-04-24 02:05:33,344 [Listener at 127.0.0.1/41437] INFO  server.AbstractConnector (AbstractConnector.java:doStart(331)) - Started ServerConnector@5e184fea{HTTP/1.1, (http/1.1)}{0.0.0.0:37123}
2021-04-24 02:05:33,345 [Listener at 127.0.0.1/41437] INFO  server.Server (Server.java:doStart(415)) - Started @7360ms
2021-04-24 02:05:33,345 [Listener at 127.0.0.1/41437] WARN  impl.MetricsSystemImpl (MetricsSystemImpl.java:register(279)) - Sink prometheus already exists!
2021-04-24 02:05:33,350 [Listener at 127.0.0.1/41437] INFO  http.BaseHttpServer (BaseHttpServer.java:updateConnectorAddress(327)) - HTTP server of hddsDatanode listening at http://0.0.0.0:37123
2021-04-24 02:05:33,351 [Listener at 127.0.0.1/41437] INFO  impl.MetricsSystemImpl (MetricsSystemImpl.java:init(158)) - HddsDatanode metrics system started (again)
2021-04-24 02:05:33,354 [Listener at 127.0.0.1/41437] INFO  ozone.HddsDatanodeService (HddsDatanodeService.java:start(217)) - HddsDatanodeService host:8965a546ea16 ip:172.17.0.2
2021-04-24 02:05:33,358 [org.apache.hadoop.util.JvmPauseMonitor$Monitor@1a4e984f] INFO  util.JvmPauseMonitor (JvmPauseMonitor.java:run(188)) - Starting JVM pause monitor
2021-04-24 02:05:33,362 [Listener at 127.0.0.1/41437] INFO  volume.HddsVolume (HddsVolume.java:<init>(176)) - Creating Volume: /github/workspace/mnt/ozone/hadoop-ozone/integration-test/target/test-dir/MiniOzoneClusterImpl-6998a6cc-0dbe-4d56-81dc-8335dc1dcef2/datanode-6/data-0/containers/hdds of storage type : DISK and capacity : 9223372036854775807
2021-04-24 02:05:33,362 [Listener at 127.0.0.1/41437] INFO  volume.MutableVolumeSet (MutableVolumeSet.java:initializeVolumeSet(191)) - Added Volume : /github/workspace/mnt/ozone/hadoop-ozone/integration-test/target/test-dir/MiniOzoneClusterImpl-6998a6cc-0dbe-4d56-81dc-8335dc1dcef2/datanode-6/data-0/containers/hdds to VolumeSet
2021-04-24 02:05:33,363 [Listener at 127.0.0.1/41437] INFO  volume.ThrottledAsyncChecker (ThrottledAsyncChecker.java:schedule(141)) - Scheduling a check for /github/workspace/mnt/ozone/hadoop-ozone/integration-test/target/test-dir/MiniOzoneClusterImpl-6998a6cc-0dbe-4d56-81dc-8335dc1dcef2/datanode-6/data-0/containers/hdds
2021-04-24 02:05:33,364 [Listener at 127.0.0.1/41437] INFO  volume.HddsVolumeChecker (HddsVolumeChecker.java:checkAllVolumes(200)) - Scheduled health check for volume /github/workspace/mnt/ozone/hadoop-ozone/integration-test/target/test-dir/MiniOzoneClusterImpl-6998a6cc-0dbe-4d56-81dc-8335dc1dcef2/datanode-6/data-0/containers/hdds
2021-04-24 02:05:33,365 [Datanode State Machine Task Thread - 0] INFO  datanode.InitDatanodeState (InitDatanodeState.java:persistContainerDatanodeDetails(145)) - DatanodeDetails is persisted to /github/workspace/mnt/ozone/hadoop-ozone/integration-test/target/test-dir/MiniOzoneClusterImpl-6998a6cc-0dbe-4d56-81dc-8335dc1dcef2/datanode-5/meta/datanode.id
2021-04-24 02:05:33,383 [Listener at 127.0.0.1/41437] INFO  ozoneimpl.ContainerReader (ContainerReader.java:<init>(98)) - Running in upgrade mode:true
2021-04-24 02:05:33,384 [Thread-195] INFO  ozoneimpl.ContainerReader (ContainerReader.java:readVolume(142)) - Start to verify containers on volume /github/workspace/mnt/ozone/hadoop-ozone/integration-test/target/test-dir/MiniOzoneClusterImpl-6998a6cc-0dbe-4d56-81dc-8335dc1dcef2/datanode-6/data-0/containers/hdds
2021-04-24 02:05:33,384 [Thread-195] INFO  ozoneimpl.ContainerReader (ContainerReader.java:readVolume(174)) - Finish verifying containers on volume /github/workspace/mnt/ozone/hadoop-ozone/integration-test/target/test-dir/MiniOzoneClusterImpl-6998a6cc-0dbe-4d56-81dc-8335dc1dcef2/datanode-6/data-0/containers/hdds
2021-04-24 02:05:33,384 [Listener at 127.0.0.1/41437] INFO  ozoneimpl.OzoneContainer (OzoneContainer.java:buildContainerSet(225)) - Build ContainerSet costs 0s
2021-04-24 02:05:33,386 [Listener at 127.0.0.1/41437] INFO  server.RaftServer (ConfUtils.java:logGet(44)) - raft.rpc.type = GRPC (default)
2021-04-24 02:05:33,386 [Listener at 127.0.0.1/41437] INFO  grpc.GrpcFactory (GrpcFactory.java:checkPooledByteBufAllocatorUseCacheForAllThreads(48)) - PERFORMANCE WARNING: useCacheForAllThreads is true that may cause Netty to create a lot garbage objects and, as a result, trigger GC.
	It is recommended to disable useCacheForAllThreads by setting -Dorg.apache.ratis.thirdparty.io.netty.allocator.useCacheForAllThreads=false in command line.
2021-04-24 02:05:33,387 [Listener at 127.0.0.1/41437] INFO  grpc.GrpcConfigKeys (ConfUtils.java:logGet(44)) - raft.grpc.admin.port = 0 (custom)
2021-04-24 02:05:33,387 [Listener at 127.0.0.1/41437] INFO  grpc.GrpcConfigKeys (ConfUtils.java:logGet(44)) - raft.grpc.client.port = 0 (custom)
2021-04-24 02:05:33,387 [Listener at 127.0.0.1/41437] INFO  grpc.GrpcConfigKeys (ConfUtils.java:logGet(44)) - raft.grpc.server.port = 0 (default)
2021-04-24 02:05:33,387 [Listener at 127.0.0.1/41437] INFO  server.GrpcService (ConfUtils.java:logGet(44)) - raft.grpc.message.size.max = 32MB (=33554432) (custom)
2021-04-24 02:05:33,387 [Listener at 127.0.0.1/41437] INFO  server.RaftServerConfigKeys (ConfUtils.java:logGet(44)) - raft.server.log.appender.buffer.byte-limit = 33554432 (custom)
2021-04-24 02:05:33,387 [Listener at 127.0.0.1/41437] INFO  server.GrpcService (ConfUtils.java:logGet(44)) - raft.grpc.flow.control.window = 5MB (=5242880) (custom)
2021-04-24 02:05:33,387 [Listener at 127.0.0.1/41437] INFO  server.RaftServerConfigKeys (ConfUtils.java:logGet(44)) - raft.server.rpc.request.timeout = 3000ms (default)
2021-04-24 02:05:33,389 [Listener at 127.0.0.1/41437] INFO  impl.DataStreamServerImpl (ConfUtils.java:logGet(44)) - raft.datastream.type = DISABLED (default)
2021-04-24 02:05:33,389 [Listener at 127.0.0.1/41437] INFO  server.RaftServerConfigKeys (ConfUtils.java:logGet(44)) - raft.server.rpc.slowness.timeout = 300000ms (custom)
2021-04-24 02:05:33,389 [Listener at 127.0.0.1/41437] INFO  server.RaftServerConfigKeys (ConfUtils.java:logGet(44)) - raft.server.leaderelection.leader.step-down.wait-time = 10s (default)
2021-04-24 02:05:33,389 [Listener at 127.0.0.1/41437] INFO  server.RaftServerConfigKeys (ConfUtils.java:logGet(44)) - raft.server.storage.dir = [/github/workspace/mnt/ozone/hadoop-ozone/integration-test/target/test-dir/MiniOzoneClusterImpl-6998a6cc-0dbe-4d56-81dc-8335dc1dcef2/datanode-6/data/ratis] (custom)
2021-04-24 02:05:33,395 [Listener at 127.0.0.1/41437] INFO  http.BaseHttpServer (BaseHttpServer.java:newHttpServer2BuilderForOzone(207)) - Starting Web-server for hddsDatanode at: http://0.0.0.0:0
2021-04-24 02:05:33,395 [Listener at 127.0.0.1/41437] INFO  http.BaseHttpServer (BaseHttpServer.java:<init>(106)) - Hadoop Security Enabled: false Ozone Security Enabled: false Ozone HTTP Security Enabled: false 
2021-04-24 02:05:33,397 [Listener at 127.0.0.1/41437] INFO  server.AuthenticationFilter (AuthenticationFilter.java:constructSecretProvider(240)) - Unable to initialize FileSignerSecretProvider, falling back to use random secrets.
2021-04-24 02:05:33,397 [Listener at 127.0.0.1/41437] WARN  http.HttpRequestLog (HttpRequestLog.java:getRequestLog(103)) - Jetty request log can only be enabled using Log4j
2021-04-24 02:05:33,398 [Listener at 127.0.0.1/41437] INFO  http.HttpServer2 (HttpServer2.java:addGlobalFilter(1020)) - Added global filter 'safety' (class=org.apache.hadoop.hdds.server.http.HttpServer2$QuotingInputFilter)
2021-04-24 02:05:33,398 [Listener at 127.0.0.1/41437] INFO  http.HttpServer2 (HttpServer2.java:addFilter(996)) - Added filter static_user_filter (class=org.apache.hadoop.http.lib.StaticUserWebFilter$StaticUserFilter) to context hddsDatanode
2021-04-24 02:05:33,398 [Listener at 127.0.0.1/41437] INFO  http.HttpServer2 (HttpServer2.java:addFilter(1004)) - Added filter static_user_filter (class=org.apache.hadoop.http.lib.StaticUserWebFilter$StaticUserFilter) to context static
2021-04-24 02:05:33,399 [Listener at 127.0.0.1/41437] INFO  http.HttpServer2 (HttpServer2.java:addFilter(1004)) - Added filter static_user_filter (class=org.apache.hadoop.http.lib.StaticUserWebFilter$StaticUserFilter) to context logs
2021-04-24 02:05:33,399 [Listener at 127.0.0.1/41437] INFO  http.HttpServer2 (HttpServer2.java:bindListener(1238)) - Jetty bound to port 34505
2021-04-24 02:05:33,399 [Listener at 127.0.0.1/41437] INFO  server.Server (Server.java:doStart(375)) - jetty-9.4.35.v20201120; built: 2020-11-20T21:17:03.964Z; git: bdc54f03a5e0a7e280fab27f55c3c75ee8da89fb; jvm 1.8.0_232-b09
2021-04-24 02:05:33,401 [Listener at 127.0.0.1/41437] INFO  server.session (DefaultSessionIdManager.java:doStart(334)) - DefaultSessionIdManager workerName=node0
2021-04-24 02:05:33,401 [Listener at 127.0.0.1/41437] INFO  server.session (DefaultSessionIdManager.java:doStart(339)) - No SessionScavenger set, using defaults
2021-04-24 02:05:33,402 [Listener at 127.0.0.1/41437] INFO  server.session (HouseKeeper.java:startScavenging(132)) - node0 Scavenging every 660000ms
2021-04-24 02:05:33,402 [Listener at 127.0.0.1/41437] INFO  handler.ContextHandler (ContextHandler.java:doStart(916)) - Started o.e.j.s.ServletContextHandler@7d43418{logs,/logs,file:///github/workspace/mnt/ozone/hadoop-ozone/integration-test/target/log,AVAILABLE}
2021-04-24 02:05:33,403 [Listener at 127.0.0.1/41437] INFO  handler.ContextHandler (ContextHandler.java:doStart(916)) - Started o.e.j.s.ServletContextHandler@14d7959f{static,/static,jar:file:/home/user/.m2/repository/org/apache/hadoop/hadoop-hdds-container-service/1.2.0-SNAPSHOT/hadoop-hdds-container-service-1.2.0-SNAPSHOT.jar!/webapps/static,AVAILABLE}
2021-04-24 02:05:33,554 [Listener at 127.0.0.1/41437] INFO  handler.ContextHandler (ContextHandler.java:doStart(916)) - Started o.e.j.w.WebAppContext@30c8a541{hddsDatanode,/,file:///tmp/jetty-0_0_0_0-34505-hadoop-hdds-container-service-1_2_0-SNAPSHOT_jar-_-any-4233164348355012509/webapp/,AVAILABLE}{jar:file:/home/user/.m2/repository/org/apache/hadoop/hadoop-hdds-container-service/1.2.0-SNAPSHOT/hadoop-hdds-container-service-1.2.0-SNAPSHOT.jar!/webapps/hddsDatanode}
2021-04-24 02:05:33,556 [Listener at 127.0.0.1/41437] INFO  server.AbstractConnector (AbstractConnector.java:doStart(331)) - Started ServerConnector@5effc9f0{HTTP/1.1, (http/1.1)}{0.0.0.0:34505}
2021-04-24 02:05:33,556 [Listener at 127.0.0.1/41437] INFO  server.Server (Server.java:doStart(415)) - Started @7572ms
2021-04-24 02:05:33,557 [Listener at 127.0.0.1/41437] WARN  impl.MetricsSystemImpl (MetricsSystemImpl.java:register(279)) - Sink prometheus already exists!
2021-04-24 02:05:33,561 [Listener at 127.0.0.1/41437] INFO  http.BaseHttpServer (BaseHttpServer.java:updateConnectorAddress(327)) - HTTP server of hddsDatanode listening at http://0.0.0.0:34505
2021-04-24 02:05:33,563 [Listener at 127.0.0.1/41437] INFO  ozone.MiniOzoneClusterImpl (MiniOzoneClusterImpl.java:lambda$waitForClusterToBeReady$0(223)) - Waiting for nodes to be ready. Got 0 of 7 DN Heartbeats.
2021-04-24 02:05:33,563 [Listener at 127.0.0.1/41437] INFO  ozone.MiniOzoneClusterImpl (MiniOzoneClusterImpl.java:lambda$waitForClusterToBeReady$0(226)) - Waiting for cluster to exit safe mode
2021-04-24 02:05:33,563 [Listener at 127.0.0.1/41437] INFO  ozone.MiniOzoneClusterImpl (MiniOzoneClusterImpl.java:lambda$waitForClusterToBeReady$0(229)) - SCM became leader
2021-04-24 02:05:33,573 [org.apache.hadoop.util.JvmPauseMonitor$Monitor@2f76252] INFO  util.JvmPauseMonitor (JvmPauseMonitor.java:run(188)) - Starting JVM pause monitor
2021-04-24 02:05:33,574 [Datanode State Machine Task Thread - 0] INFO  datanode.InitDatanodeState (InitDatanodeState.java:persistContainerDatanodeDetails(145)) - DatanodeDetails is persisted to /github/workspace/mnt/ozone/hadoop-ozone/integration-test/target/test-dir/MiniOzoneClusterImpl-6998a6cc-0dbe-4d56-81dc-8335dc1dcef2/datanode-6/meta/datanode.id
2021-04-24 02:05:34,084 [EndpointStateMachine task thread for /0.0.0.0:44563 - 0 ] INFO  ozoneimpl.OzoneContainer (OzoneContainer.java:start(292)) - Attempting to start container services.
2021-04-24 02:05:34,088 [EndpointStateMachine task thread for /0.0.0.0:44563 - 0 ] INFO  ozoneimpl.OzoneContainer (OzoneContainer.java:startContainerScrub(238)) - Background container scanner has been disabled.
2021-04-24 02:05:34,094 [EndpointStateMachine task thread for /0.0.0.0:44563 - 0 ] INFO  replication.ReplicationServer (ReplicationServer.java:start(106)) - ReplicationServer is started using port 45859
2021-04-24 02:05:34,098 [EndpointStateMachine task thread for /0.0.0.0:44563 - 0 ] INFO  ratis.XceiverServerRatis (XceiverServerRatis.java:start(490)) - Starting XceiverServerRatis 684cf295-c17c-4893-9e72-2df5b9d8a511
2021-04-24 02:05:34,099 [EndpointStateMachine task thread for /0.0.0.0:44563 - 0 ] INFO  server.RaftServer (RaftServerProxy.java:lambda$start$5(374)) - 684cf295-c17c-4893-9e72-2df5b9d8a511: start RPC server
2021-04-24 02:05:34,104 [EndpointStateMachine task thread for /0.0.0.0:44563 - 0 ] INFO  server.GrpcService (GrpcService.java:startImpl(253)) - 684cf295-c17c-4893-9e72-2df5b9d8a511: GrpcService started, listening on 38843
2021-04-24 02:05:34,105 [EndpointStateMachine task thread for /0.0.0.0:44563 - 0 ] INFO  ratis.XceiverServerRatis (XceiverServerRatis.java:getRealPort(511)) - XceiverServerRatis 684cf295-c17c-4893-9e72-2df5b9d8a511 is started using port 38843 for RATIS
2021-04-24 02:05:34,105 [EndpointStateMachine task thread for /0.0.0.0:44563 - 0 ] INFO  ratis.XceiverServerRatis (XceiverServerRatis.java:getRealPort(511)) - XceiverServerRatis 684cf295-c17c-4893-9e72-2df5b9d8a511 is started using port 38843 for RATIS_ADMIN
2021-04-24 02:05:34,105 [EndpointStateMachine task thread for /0.0.0.0:44563 - 0 ] INFO  ratis.XceiverServerRatis (XceiverServerRatis.java:getRealPort(511)) - XceiverServerRatis 684cf295-c17c-4893-9e72-2df5b9d8a511 is started using port 38843 for RATIS_SERVER
2021-04-24 02:05:34,105 [org.apache.ratis.util.JvmPauseMonitor$$Lambda$504/1072999122@488021f4] INFO  util.JvmPauseMonitor (JvmPauseMonitor.java:run(103)) - JvmPauseMonitor-684cf295-c17c-4893-9e72-2df5b9d8a511: Started
2021-04-24 02:05:34,106 [EndpointStateMachine task thread for /0.0.0.0:44563 - 0 ] INFO  server.XceiverServerGrpc (XceiverServerGrpc.java:start(135)) - XceiverServerGrpc 684cf295-c17c-4893-9e72-2df5b9d8a511 is started using port 45375
2021-04-24 02:05:34,357 [EndpointStateMachine task thread for /0.0.0.0:44563 - 0 ] INFO  ozoneimpl.OzoneContainer (OzoneContainer.java:start(292)) - Attempting to start container services.
2021-04-24 02:05:34,359 [EndpointStateMachine task thread for /0.0.0.0:44563 - 0 ] INFO  ozoneimpl.OzoneContainer (OzoneContainer.java:startContainerScrub(238)) - Background container scanner has been disabled.
2021-04-24 02:05:34,364 [EndpointStateMachine task thread for /0.0.0.0:44563 - 0 ] INFO  replication.ReplicationServer (ReplicationServer.java:start(106)) - ReplicationServer is started using port 37593
2021-04-24 02:05:34,365 [EndpointStateMachine task thread for /0.0.0.0:44563 - 0 ] INFO  ratis.XceiverServerRatis (XceiverServerRatis.java:start(490)) - Starting XceiverServerRatis ca92c278-c157-4e01-bd13-e6ca8f055b98
2021-04-24 02:05:34,374 [EndpointStateMachine task thread for /0.0.0.0:44563 - 0 ] INFO  server.RaftServer (RaftServerProxy.java:lambda$start$5(374)) - ca92c278-c157-4e01-bd13-e6ca8f055b98: start RPC server
2021-04-24 02:05:34,375 [EndpointStateMachine task thread for /0.0.0.0:44563 - 0 ] INFO  server.GrpcService (GrpcService.java:startImpl(253)) - ca92c278-c157-4e01-bd13-e6ca8f055b98: GrpcService started, listening on 33657
2021-04-24 02:05:34,376 [EndpointStateMachine task thread for /0.0.0.0:44563 - 0 ] INFO  ratis.XceiverServerRatis (XceiverServerRatis.java:getRealPort(511)) - XceiverServerRatis ca92c278-c157-4e01-bd13-e6ca8f055b98 is started using port 33657 for RATIS
2021-04-24 02:05:34,376 [EndpointStateMachine task thread for /0.0.0.0:44563 - 0 ] INFO  ratis.XceiverServerRatis (XceiverServerRatis.java:getRealPort(511)) - XceiverServerRatis ca92c278-c157-4e01-bd13-e6ca8f055b98 is started using port 33657 for RATIS_ADMIN
2021-04-24 02:05:34,376 [EndpointStateMachine task thread for /0.0.0.0:44563 - 0 ] INFO  ratis.XceiverServerRatis (XceiverServerRatis.java:getRealPort(511)) - XceiverServerRatis ca92c278-c157-4e01-bd13-e6ca8f055b98 is started using port 33657 for RATIS_SERVER
2021-04-24 02:05:34,376 [org.apache.ratis.util.JvmPauseMonitor$$Lambda$504/1072999122@29053bd6] INFO  util.JvmPauseMonitor (JvmPauseMonitor.java:run(103)) - JvmPauseMonitor-ca92c278-c157-4e01-bd13-e6ca8f055b98: Started
2021-04-24 02:05:34,377 [EndpointStateMachine task thread for /0.0.0.0:44563 - 0 ] INFO  server.XceiverServerGrpc (XceiverServerGrpc.java:start(135)) - XceiverServerGrpc ca92c278-c157-4e01-bd13-e6ca8f055b98 is started using port 33611
2021-04-24 02:05:34,563 [Listener at 127.0.0.1/41437] INFO  ozone.MiniOzoneClusterImpl (MiniOzoneClusterImpl.java:lambda$waitForClusterToBeReady$0(223)) - Waiting for nodes to be ready. Got 0 of 7 DN Heartbeats.
2021-04-24 02:05:34,563 [Listener at 127.0.0.1/41437] INFO  ozone.MiniOzoneClusterImpl (MiniOzoneClusterImpl.java:lambda$waitForClusterToBeReady$0(226)) - Waiting for cluster to exit safe mode
2021-04-24 02:05:34,564 [Listener at 127.0.0.1/41437] INFO  ozone.MiniOzoneClusterImpl (MiniOzoneClusterImpl.java:lambda$waitForClusterToBeReady$0(229)) - SCM became leader
2021-04-24 02:05:34,682 [EndpointStateMachine task thread for /0.0.0.0:44563 - 0 ] INFO  ozoneimpl.OzoneContainer (OzoneContainer.java:start(292)) - Attempting to start container services.
2021-04-24 02:05:34,684 [EndpointStateMachine task thread for /0.0.0.0:44563 - 0 ] INFO  ozoneimpl.OzoneContainer (OzoneContainer.java:startContainerScrub(238)) - Background container scanner has been disabled.
2021-04-24 02:05:34,685 [EndpointStateMachine task thread for /0.0.0.0:44563 - 0 ] INFO  replication.ReplicationServer (ReplicationServer.java:start(106)) - ReplicationServer is started using port 37351
2021-04-24 02:05:34,686 [EndpointStateMachine task thread for /0.0.0.0:44563 - 0 ] INFO  ratis.XceiverServerRatis (XceiverServerRatis.java:start(490)) - Starting XceiverServerRatis ac07a033-1369-46a0-bf0a-a588a91eea94
2021-04-24 02:05:34,687 [EndpointStateMachine task thread for /0.0.0.0:44563 - 0 ] INFO  server.RaftServer (RaftServerProxy.java:lambda$start$5(374)) - ac07a033-1369-46a0-bf0a-a588a91eea94: start RPC server
2021-04-24 02:05:34,692 [EndpointStateMachine task thread for /0.0.0.0:44563 - 0 ] INFO  server.GrpcService (GrpcService.java:startImpl(253)) - ac07a033-1369-46a0-bf0a-a588a91eea94: GrpcService started, listening on 33531
2021-04-24 02:05:34,692 [EndpointStateMachine task thread for /0.0.0.0:44563 - 0 ] INFO  ratis.XceiverServerRatis (XceiverServerRatis.java:getRealPort(511)) - XceiverServerRatis ac07a033-1369-46a0-bf0a-a588a91eea94 is started using port 33531 for RATIS
2021-04-24 02:05:34,692 [org.apache.ratis.util.JvmPauseMonitor$$Lambda$504/1072999122@ee2b9fb] INFO  util.JvmPauseMonitor (JvmPauseMonitor.java:run(103)) - JvmPauseMonitor-ac07a033-1369-46a0-bf0a-a588a91eea94: Started
2021-04-24 02:05:34,692 [EndpointStateMachine task thread for /0.0.0.0:44563 - 0 ] INFO  ratis.XceiverServerRatis (XceiverServerRatis.java:getRealPort(511)) - XceiverServerRatis ac07a033-1369-46a0-bf0a-a588a91eea94 is started using port 33531 for RATIS_ADMIN
2021-04-24 02:05:34,692 [EndpointStateMachine task thread for /0.0.0.0:44563 - 0 ] INFO  ratis.XceiverServerRatis (XceiverServerRatis.java:getRealPort(511)) - XceiverServerRatis ac07a033-1369-46a0-bf0a-a588a91eea94 is started using port 33531 for RATIS_SERVER
2021-04-24 02:05:34,693 [EndpointStateMachine task thread for /0.0.0.0:44563 - 0 ] INFO  server.XceiverServerGrpc (XceiverServerGrpc.java:start(135)) - XceiverServerGrpc ac07a033-1369-46a0-bf0a-a588a91eea94 is started using port 37423
2021-04-24 02:05:34,918 [EndpointStateMachine task thread for /0.0.0.0:44563 - 0 ] INFO  ozoneimpl.OzoneContainer (OzoneContainer.java:start(292)) - Attempting to start container services.
2021-04-24 02:05:34,918 [EndpointStateMachine task thread for /0.0.0.0:44563 - 0 ] INFO  ozoneimpl.OzoneContainer (OzoneContainer.java:startContainerScrub(238)) - Background container scanner has been disabled.
2021-04-24 02:05:34,920 [EndpointStateMachine task thread for /0.0.0.0:44563 - 0 ] INFO  replication.ReplicationServer (ReplicationServer.java:start(106)) - ReplicationServer is started using port 43283
2021-04-24 02:05:34,920 [EndpointStateMachine task thread for /0.0.0.0:44563 - 0 ] INFO  ratis.XceiverServerRatis (XceiverServerRatis.java:start(490)) - Starting XceiverServerRatis 506e7d51-44ea-40e0-a2b0-e730f7a28201
2021-04-24 02:05:34,921 [EndpointStateMachine task thread for /0.0.0.0:44563 - 0 ] INFO  server.RaftServer (RaftServerProxy.java:lambda$start$5(374)) - 506e7d51-44ea-40e0-a2b0-e730f7a28201: start RPC server
2021-04-24 02:05:34,924 [EndpointStateMachine task thread for /0.0.0.0:44563 - 0 ] INFO  server.GrpcService (GrpcService.java:startImpl(253)) - 506e7d51-44ea-40e0-a2b0-e730f7a28201: GrpcService started, listening on 37821
2021-04-24 02:05:34,924 [EndpointStateMachine task thread for /0.0.0.0:44563 - 0 ] INFO  ratis.XceiverServerRatis (XceiverServerRatis.java:getRealPort(511)) - XceiverServerRatis 506e7d51-44ea-40e0-a2b0-e730f7a28201 is started using port 37821 for RATIS
2021-04-24 02:05:34,925 [org.apache.ratis.util.JvmPauseMonitor$$Lambda$504/1072999122@77201db1] INFO  util.JvmPauseMonitor (JvmPauseMonitor.java:run(103)) - JvmPauseMonitor-506e7d51-44ea-40e0-a2b0-e730f7a28201: Started
2021-04-24 02:05:34,925 [EndpointStateMachine task thread for /0.0.0.0:44563 - 0 ] INFO  ratis.XceiverServerRatis (XceiverServerRatis.java:getRealPort(511)) - XceiverServerRatis 506e7d51-44ea-40e0-a2b0-e730f7a28201 is started using port 37821 for RATIS_ADMIN
2021-04-24 02:05:34,925 [EndpointStateMachine task thread for /0.0.0.0:44563 - 0 ] INFO  ratis.XceiverServerRatis (XceiverServerRatis.java:getRealPort(511)) - XceiverServerRatis 506e7d51-44ea-40e0-a2b0-e730f7a28201 is started using port 37821 for RATIS_SERVER
2021-04-24 02:05:34,926 [EndpointStateMachine task thread for /0.0.0.0:44563 - 0 ] INFO  server.XceiverServerGrpc (XceiverServerGrpc.java:start(135)) - XceiverServerGrpc 506e7d51-44ea-40e0-a2b0-e730f7a28201 is started using port 36017
2021-04-24 02:05:35,158 [EndpointStateMachine task thread for /0.0.0.0:44563 - 0 ] INFO  ozoneimpl.OzoneContainer (OzoneContainer.java:start(292)) - Attempting to start container services.
2021-04-24 02:05:35,159 [EndpointStateMachine task thread for /0.0.0.0:44563 - 0 ] INFO  ozoneimpl.OzoneContainer (OzoneContainer.java:startContainerScrub(238)) - Background container scanner has been disabled.
2021-04-24 02:05:35,160 [EndpointStateMachine task thread for /0.0.0.0:44563 - 0 ] INFO  replication.ReplicationServer (ReplicationServer.java:start(106)) - ReplicationServer is started using port 33085
2021-04-24 02:05:35,160 [EndpointStateMachine task thread for /0.0.0.0:44563 - 0 ] INFO  ratis.XceiverServerRatis (XceiverServerRatis.java:start(490)) - Starting XceiverServerRatis 686a54b3-507b-4dc5-8065-04c582627b70
2021-04-24 02:05:35,161 [EndpointStateMachine task thread for /0.0.0.0:44563 - 0 ] INFO  server.RaftServer (RaftServerProxy.java:lambda$start$5(374)) - 686a54b3-507b-4dc5-8065-04c582627b70: start RPC server
2021-04-24 02:05:35,162 [EndpointStateMachine task thread for /0.0.0.0:44563 - 0 ] INFO  server.GrpcService (GrpcService.java:startImpl(253)) - 686a54b3-507b-4dc5-8065-04c582627b70: GrpcService started, listening on 37165
2021-04-24 02:05:35,163 [EndpointStateMachine task thread for /0.0.0.0:44563 - 0 ] INFO  ratis.XceiverServerRatis (XceiverServerRatis.java:getRealPort(511)) - XceiverServerRatis 686a54b3-507b-4dc5-8065-04c582627b70 is started using port 37165 for RATIS
2021-04-24 02:05:35,163 [org.apache.ratis.util.JvmPauseMonitor$$Lambda$504/1072999122@20d5ca9] INFO  util.JvmPauseMonitor (JvmPauseMonitor.java:run(103)) - JvmPauseMonitor-686a54b3-507b-4dc5-8065-04c582627b70: Started
2021-04-24 02:05:35,163 [EndpointStateMachine task thread for /0.0.0.0:44563 - 0 ] INFO  ratis.XceiverServerRatis (XceiverServerRatis.java:getRealPort(511)) - XceiverServerRatis 686a54b3-507b-4dc5-8065-04c582627b70 is started using port 37165 for RATIS_ADMIN
2021-04-24 02:05:35,163 [EndpointStateMachine task thread for /0.0.0.0:44563 - 0 ] INFO  ratis.XceiverServerRatis (XceiverServerRatis.java:getRealPort(511)) - XceiverServerRatis 686a54b3-507b-4dc5-8065-04c582627b70 is started using port 37165 for RATIS_SERVER
2021-04-24 02:05:35,164 [EndpointStateMachine task thread for /0.0.0.0:44563 - 0 ] INFO  server.XceiverServerGrpc (XceiverServerGrpc.java:start(135)) - XceiverServerGrpc 686a54b3-507b-4dc5-8065-04c582627b70 is started using port 39119
2021-04-24 02:05:35,363 [EndpointStateMachine task thread for /0.0.0.0:44563 - 0 ] INFO  ozoneimpl.OzoneContainer (OzoneContainer.java:start(292)) - Attempting to start container services.
2021-04-24 02:05:35,364 [EndpointStateMachine task thread for /0.0.0.0:44563 - 0 ] INFO  ozoneimpl.OzoneContainer (OzoneContainer.java:startContainerScrub(238)) - Background container scanner has been disabled.
2021-04-24 02:05:35,366 [EndpointStateMachine task thread for /0.0.0.0:44563 - 0 ] INFO  replication.ReplicationServer (ReplicationServer.java:start(106)) - ReplicationServer is started using port 37131
2021-04-24 02:05:35,366 [EndpointStateMachine task thread for /0.0.0.0:44563 - 0 ] INFO  ratis.XceiverServerRatis (XceiverServerRatis.java:start(490)) - Starting XceiverServerRatis e13d3dfe-a7aa-4e77-932b-4a03cf9a588d
2021-04-24 02:05:35,373 [EndpointStateMachine task thread for /0.0.0.0:44563 - 0 ] INFO  server.RaftServer (RaftServerProxy.java:lambda$start$5(374)) - e13d3dfe-a7aa-4e77-932b-4a03cf9a588d: start RPC server
2021-04-24 02:05:35,380 [EndpointStateMachine task thread for /0.0.0.0:44563 - 0 ] INFO  server.GrpcService (GrpcService.java:startImpl(253)) - e13d3dfe-a7aa-4e77-932b-4a03cf9a588d: GrpcService started, listening on 43115
2021-04-24 02:05:35,384 [EndpointStateMachine task thread for /0.0.0.0:44563 - 0 ] INFO  ratis.XceiverServerRatis (XceiverServerRatis.java:getRealPort(511)) - XceiverServerRatis e13d3dfe-a7aa-4e77-932b-4a03cf9a588d is started using port 43115 for RATIS
2021-04-24 02:05:35,384 [EndpointStateMachine task thread for /0.0.0.0:44563 - 0 ] INFO  ratis.XceiverServerRatis (XceiverServerRatis.java:getRealPort(511)) - XceiverServerRatis e13d3dfe-a7aa-4e77-932b-4a03cf9a588d is started using port 43115 for RATIS_ADMIN
2021-04-24 02:05:35,385 [EndpointStateMachine task thread for /0.0.0.0:44563 - 0 ] INFO  ratis.XceiverServerRatis (XceiverServerRatis.java:getRealPort(511)) - XceiverServerRatis e13d3dfe-a7aa-4e77-932b-4a03cf9a588d is started using port 43115 for RATIS_SERVER
2021-04-24 02:05:35,384 [org.apache.ratis.util.JvmPauseMonitor$$Lambda$504/1072999122@34da96e] INFO  util.JvmPauseMonitor (JvmPauseMonitor.java:run(103)) - JvmPauseMonitor-e13d3dfe-a7aa-4e77-932b-4a03cf9a588d: Started
2021-04-24 02:05:35,385 [EndpointStateMachine task thread for /0.0.0.0:44563 - 0 ] INFO  server.XceiverServerGrpc (XceiverServerGrpc.java:start(135)) - XceiverServerGrpc e13d3dfe-a7aa-4e77-932b-4a03cf9a588d is started using port 45109
2021-04-24 02:05:35,564 [Listener at 127.0.0.1/41437] INFO  ozone.MiniOzoneClusterImpl (MiniOzoneClusterImpl.java:lambda$waitForClusterToBeReady$0(223)) - Waiting for nodes to be ready. Got 0 of 7 DN Heartbeats.
2021-04-24 02:05:35,564 [Listener at 127.0.0.1/41437] INFO  ozone.MiniOzoneClusterImpl (MiniOzoneClusterImpl.java:lambda$waitForClusterToBeReady$0(226)) - Waiting for cluster to exit safe mode
2021-04-24 02:05:35,564 [Listener at 127.0.0.1/41437] INFO  ozone.MiniOzoneClusterImpl (MiniOzoneClusterImpl.java:lambda$waitForClusterToBeReady$0(229)) - SCM became leader
2021-04-24 02:05:35,577 [EndpointStateMachine task thread for /0.0.0.0:44563 - 0 ] INFO  ozoneimpl.OzoneContainer (OzoneContainer.java:start(292)) - Attempting to start container services.
2021-04-24 02:05:35,577 [EndpointStateMachine task thread for /0.0.0.0:44563 - 0 ] INFO  ozoneimpl.OzoneContainer (OzoneContainer.java:startContainerScrub(238)) - Background container scanner has been disabled.
2021-04-24 02:05:35,581 [EndpointStateMachine task thread for /0.0.0.0:44563 - 0 ] INFO  replication.ReplicationServer (ReplicationServer.java:start(106)) - ReplicationServer is started using port 39765
2021-04-24 02:05:35,582 [EndpointStateMachine task thread for /0.0.0.0:44563 - 0 ] INFO  ratis.XceiverServerRatis (XceiverServerRatis.java:start(490)) - Starting XceiverServerRatis f0c69f70-c4af-4c4b-aa2e-1c77f1405a64
2021-04-24 02:05:35,583 [EndpointStateMachine task thread for /0.0.0.0:44563 - 0 ] INFO  server.RaftServer (RaftServerProxy.java:lambda$start$5(374)) - f0c69f70-c4af-4c4b-aa2e-1c77f1405a64: start RPC server
2021-04-24 02:05:35,584 [EndpointStateMachine task thread for /0.0.0.0:44563 - 0 ] INFO  server.GrpcService (GrpcService.java:startImpl(253)) - f0c69f70-c4af-4c4b-aa2e-1c77f1405a64: GrpcService started, listening on 43537
2021-04-24 02:05:35,584 [EndpointStateMachine task thread for /0.0.0.0:44563 - 0 ] INFO  ratis.XceiverServerRatis (XceiverServerRatis.java:getRealPort(511)) - XceiverServerRatis f0c69f70-c4af-4c4b-aa2e-1c77f1405a64 is started using port 43537 for RATIS
2021-04-24 02:05:35,584 [EndpointStateMachine task thread for /0.0.0.0:44563 - 0 ] INFO  ratis.XceiverServerRatis (XceiverServerRatis.java:getRealPort(511)) - XceiverServerRatis f0c69f70-c4af-4c4b-aa2e-1c77f1405a64 is started using port 43537 for RATIS_ADMIN
2021-04-24 02:05:35,584 [EndpointStateMachine task thread for /0.0.0.0:44563 - 0 ] INFO  ratis.XceiverServerRatis (XceiverServerRatis.java:getRealPort(511)) - XceiverServerRatis f0c69f70-c4af-4c4b-aa2e-1c77f1405a64 is started using port 43537 for RATIS_SERVER
2021-04-24 02:05:35,594 [org.apache.ratis.util.JvmPauseMonitor$$Lambda$504/1072999122@6276c1e] INFO  util.JvmPauseMonitor (JvmPauseMonitor.java:run(103)) - JvmPauseMonitor-f0c69f70-c4af-4c4b-aa2e-1c77f1405a64: Started
2021-04-24 02:05:35,596 [EndpointStateMachine task thread for /0.0.0.0:44563 - 0 ] INFO  server.XceiverServerGrpc (XceiverServerGrpc.java:start(135)) - XceiverServerGrpc f0c69f70-c4af-4c4b-aa2e-1c77f1405a64 is started using port 38597
2021-04-24 02:05:36,054 [IPC Server handler 3 on default port 44563] INFO  net.NetworkTopologyImpl (NetworkTopologyImpl.java:add(112)) - Added a new node: /default-rack/684cf295-c17c-4893-9e72-2df5b9d8a511
2021-04-24 02:05:36,059 [IPC Server handler 3 on default port 44563] INFO  node.SCMNodeManager (SCMNodeManager.java:register(348)) - Registered Data node : 684cf295-c17c-4893-9e72-2df5b9d8a511{ip: 172.17.0.2, host: 8965a546ea16, ports: [REPLICATION=45859, RATIS=38843, RATIS_ADMIN=38843, RATIS_SERVER=38843, STANDALONE=45375], networkLocation: /default-rack, certSerialId: null, persistedOpState: null, persistedOpStateExpiryEpochSec: 0}
2021-04-24 02:05:36,061 [EventQueue-NewNodeForNewNodeHandler] INFO  pipeline.BackgroundPipelineCreator (BackgroundPipelineCreatorV2.java:notifyEventTriggered(282)) - trigger a one-shot run on RatisPipelineUtilsThread.
2021-04-24 02:05:36,080 [RatisPipelineUtilsThread - 0] INFO  pipeline.RatisPipelineProvider (RatisPipelineProvider.java:lambda$create$0(170)) - Sending CreatePipelineCommand for pipeline:PipelineID=2ad49b65-7b87-4dbc-9154-573f15cf247b to datanode:684cf295-c17c-4893-9e72-2df5b9d8a511
2021-04-24 02:05:36,087 [EventQueue-NodeRegistrationContainerReportForContainerSafeModeRule] INFO  safemode.SCMSafeModeManager (SCMSafeModeManager.java:validateSafeModeExitRules(201)) - ContainerSafeModeRule rule is successfully validated
2021-04-24 02:05:36,089 [EventQueue-NodeRegistrationContainerReportForDataNodeSafeModeRule] INFO  safemode.SCMSafeModeManager (DataNodeSafeModeRule.java:process(71)) - SCM in safe mode. 1 DataNodes registered, 1 required.
2021-04-24 02:05:36,089 [EventQueue-NodeRegistrationContainerReportForDataNodeSafeModeRule] INFO  safemode.SCMSafeModeManager (SCMSafeModeManager.java:validateSafeModeExitRules(201)) - DataNodeSafeModeRule rule is successfully validated
2021-04-24 02:05:36,090 [EventQueue-NodeRegistrationContainerReportForDataNodeSafeModeRule] INFO  safemode.SCMSafeModeManager (SCMSafeModeManager.java:completePreCheck(229)) - All SCM safe mode pre check rules have passed
2021-04-24 02:05:36,090 [EventQueue-NodeRegistrationContainerReportForDataNodeSafeModeRule] WARN  events.EventQueue (EventQueue.java:fireEvent(185)) - No event handler registered for event TypedEvent{payloadType=SafeModeStatus, name='Safe mode status'}
2021-04-24 02:05:36,090 [EventQueue-NodeRegistrationContainerReportForDataNodeSafeModeRule] INFO  ha.SCMContext (SCMContext.java:updateSafeModeStatus(147)) - Update SafeModeStatus from SafeModeStatus{safeModeStatus=true, preCheckPassed=false} to SafeModeStatus{safeModeStatus=true, preCheckPassed=true}.
2021-04-24 02:05:36,090 [EventQueue-NodeRegistrationContainerReportForDataNodeSafeModeRule] INFO  pipeline.BackgroundPipelineCreator (BackgroundPipelineCreatorV2.java:notifyEventTriggered(282)) - trigger a one-shot run on RatisPipelineUtilsThread.
2021-04-24 02:05:36,090 [EventQueue-PipelineReportForOneReplicaPipelineSafeModeRule] INFO  safemode.SCMSafeModeManager (SCMSafeModeManager.java:validateSafeModeExitRules(201)) - AtleastOneDatanodeReportedRule rule is successfully validated
2021-04-24 02:05:36,127 [RatisPipelineUtilsThread - 0] INFO  pipeline.PipelineStateManager (PipelineStateManagerV2Impl.java:addPipeline(101)) - Created pipeline Pipeline[ Id: 2ad49b65-7b87-4dbc-9154-573f15cf247b, Nodes: 684cf295-c17c-4893-9e72-2df5b9d8a511{ip: 172.17.0.2, host: 8965a546ea16, ports: [REPLICATION=45859, RATIS=38843, RATIS_ADMIN=38843, RATIS_SERVER=38843, STANDALONE=45375], networkLocation: /default-rack, certSerialId: null, persistedOpState: IN_SERVICE, persistedOpStateExpiryEpochSec: 0}, ReplicationConfig: RATIS/ONE, State:ALLOCATED, leaderId:, CreationTimestamp2021-04-24T02:05:36.068Z].
2021-04-24 02:05:36,129 [RatisPipelineUtilsThread - 0] WARN  pipeline.PipelinePlacementPolicy (PipelinePlacementPolicy.java:filterViableNodes(149)) - Pipeline creation failed due to no sufficient healthy datanodes. Required 3. Found 1.
2021-04-24 02:05:36,354 [IPC Server handler 0 on default port 44563] INFO  net.NetworkTopologyImpl (NetworkTopologyImpl.java:add(112)) - Added a new node: /default-rack/ca92c278-c157-4e01-bd13-e6ca8f055b98
2021-04-24 02:05:36,355 [IPC Server handler 0 on default port 44563] INFO  node.SCMNodeManager (SCMNodeManager.java:register(348)) - Registered Data node : ca92c278-c157-4e01-bd13-e6ca8f055b98{ip: 172.17.0.2, host: 8965a546ea16, ports: [REPLICATION=37593, RATIS=33657, RATIS_ADMIN=33657, RATIS_SERVER=33657, STANDALONE=33611], networkLocation: /default-rack, certSerialId: null, persistedOpState: null, persistedOpStateExpiryEpochSec: 0}
2021-04-24 02:05:36,355 [EventQueue-NewNodeForNewNodeHandler] INFO  pipeline.BackgroundPipelineCreator (BackgroundPipelineCreatorV2.java:notifyEventTriggered(282)) - trigger a one-shot run on RatisPipelineUtilsThread.
2021-04-24 02:05:36,355 [EventQueue-NodeRegistrationContainerReportForContainerSafeModeRule] INFO  safemode.SCMSafeModeManager (SCMSafeModeManager.java:validateSafeModeExitRules(201)) - ContainerSafeModeRule rule is successfully validated
2021-04-24 02:05:36,355 [EventQueue-NodeRegistrationContainerReportForDataNodeSafeModeRule] INFO  safemode.SCMSafeModeManager (SCMSafeModeManager.java:validateSafeModeExitRules(201)) - DataNodeSafeModeRule rule is successfully validated
2021-04-24 02:05:36,355 [EventQueue-PipelineReportForOneReplicaPipelineSafeModeRule] INFO  safemode.SCMSafeModeManager (SCMSafeModeManager.java:validateSafeModeExitRules(201)) - AtleastOneDatanodeReportedRule rule is successfully validated
2021-04-24 02:05:36,359 [RatisPipelineUtilsThread - 0] INFO  pipeline.RatisPipelineProvider (RatisPipelineProvider.java:lambda$create$0(170)) - Sending CreatePipelineCommand for pipeline:PipelineID=bbb32df3-6a1d-42d4-8a06-dda045097a00 to datanode:ca92c278-c157-4e01-bd13-e6ca8f055b98
2021-04-24 02:05:36,359 [RatisPipelineUtilsThread - 0] INFO  pipeline.PipelineStateManager (PipelineStateManagerV2Impl.java:addPipeline(101)) - Created pipeline Pipeline[ Id: bbb32df3-6a1d-42d4-8a06-dda045097a00, Nodes: ca92c278-c157-4e01-bd13-e6ca8f055b98{ip: 172.17.0.2, host: 8965a546ea16, ports: [REPLICATION=37593, RATIS=33657, RATIS_ADMIN=33657, RATIS_SERVER=33657, STANDALONE=33611], networkLocation: /default-rack, certSerialId: null, persistedOpState: IN_SERVICE, persistedOpStateExpiryEpochSec: 0}, ReplicationConfig: RATIS/ONE, State:ALLOCATED, leaderId:, CreationTimestamp2021-04-24T02:05:36.359Z].
2021-04-24 02:05:36,360 [RatisPipelineUtilsThread - 0] WARN  pipeline.PipelinePlacementPolicy (PipelinePlacementPolicy.java:filterViableNodes(149)) - Pipeline creation failed due to no sufficient healthy datanodes. Required 3. Found 2.
2021-04-24 02:05:36,565 [Listener at 127.0.0.1/41437] INFO  ozone.MiniOzoneClusterImpl (MiniOzoneClusterImpl.java:lambda$waitForClusterToBeReady$0(223)) - Waiting for nodes to be ready. Got 2 of 7 DN Heartbeats.
2021-04-24 02:05:36,566 [Listener at 127.0.0.1/41437] INFO  ozone.MiniOzoneClusterImpl (MiniOzoneClusterImpl.java:lambda$waitForClusterToBeReady$0(226)) - Waiting for cluster to exit safe mode
2021-04-24 02:05:36,566 [Listener at 127.0.0.1/41437] INFO  ozone.MiniOzoneClusterImpl (MiniOzoneClusterImpl.java:lambda$waitForClusterToBeReady$0(229)) - SCM became leader
2021-04-24 02:05:36,679 [IPC Server handler 3 on default port 44563] INFO  net.NetworkTopologyImpl (NetworkTopologyImpl.java:add(112)) - Added a new node: /default-rack/ac07a033-1369-46a0-bf0a-a588a91eea94
2021-04-24 02:05:36,679 [IPC Server handler 3 on default port 44563] INFO  node.SCMNodeManager (SCMNodeManager.java:register(348)) - Registered Data node : ac07a033-1369-46a0-bf0a-a588a91eea94{ip: 172.17.0.2, host: 8965a546ea16, ports: [REPLICATION=37351, RATIS=33531, RATIS_ADMIN=33531, RATIS_SERVER=33531, STANDALONE=37423], networkLocation: /default-rack, certSerialId: null, persistedOpState: null, persistedOpStateExpiryEpochSec: 0}
2021-04-24 02:05:36,680 [EventQueue-NewNodeForNewNodeHandler] INFO  pipeline.BackgroundPipelineCreator (BackgroundPipelineCreatorV2.java:notifyEventTriggered(282)) - trigger a one-shot run on RatisPipelineUtilsThread.
2021-04-24 02:05:36,680 [EventQueue-NodeRegistrationContainerReportForContainerSafeModeRule] INFO  safemode.SCMSafeModeManager (SCMSafeModeManager.java:validateSafeModeExitRules(201)) - ContainerSafeModeRule rule is successfully validated
2021-04-24 02:05:36,680 [EventQueue-NodeRegistrationContainerReportForDataNodeSafeModeRule] INFO  safemode.SCMSafeModeManager (SCMSafeModeManager.java:validateSafeModeExitRules(201)) - DataNodeSafeModeRule rule is successfully validated
2021-04-24 02:05:36,680 [EventQueue-PipelineReportForOneReplicaPipelineSafeModeRule] INFO  safemode.SCMSafeModeManager (SCMSafeModeManager.java:validateSafeModeExitRules(201)) - AtleastOneDatanodeReportedRule rule is successfully validated
2021-04-24 02:05:36,681 [RatisPipelineUtilsThread - 0] INFO  pipeline.RatisPipelineProvider (RatisPipelineProvider.java:lambda$create$0(170)) - Sending CreatePipelineCommand for pipeline:PipelineID=5b5251c5-61bd-4aca-85de-318ef334bfd0 to datanode:ac07a033-1369-46a0-bf0a-a588a91eea94
2021-04-24 02:05:36,682 [RatisPipelineUtilsThread - 0] INFO  pipeline.PipelineStateManager (PipelineStateManagerV2Impl.java:addPipeline(101)) - Created pipeline Pipeline[ Id: 5b5251c5-61bd-4aca-85de-318ef334bfd0, Nodes: ac07a033-1369-46a0-bf0a-a588a91eea94{ip: 172.17.0.2, host: 8965a546ea16, ports: [REPLICATION=37351, RATIS=33531, RATIS_ADMIN=33531, RATIS_SERVER=33531, STANDALONE=37423], networkLocation: /default-rack, certSerialId: null, persistedOpState: IN_SERVICE, persistedOpStateExpiryEpochSec: 0}, ReplicationConfig: RATIS/ONE, State:ALLOCATED, leaderId:, CreationTimestamp2021-04-24T02:05:36.681Z].
2021-04-24 02:05:36,685 [RatisPipelineUtilsThread - 0] INFO  pipeline.RatisPipelineProvider (RatisPipelineProvider.java:lambda$create$0(170)) - Sending CreatePipelineCommand for pipeline:PipelineID=3ec4e7fc-4498-408f-91f8-d4a461eba57e to datanode:ac07a033-1369-46a0-bf0a-a588a91eea94
2021-04-24 02:05:36,685 [RatisPipelineUtilsThread - 0] INFO  pipeline.RatisPipelineProvider (RatisPipelineProvider.java:lambda$create$0(170)) - Sending CreatePipelineCommand for pipeline:PipelineID=3ec4e7fc-4498-408f-91f8-d4a461eba57e to datanode:ca92c278-c157-4e01-bd13-e6ca8f055b98
2021-04-24 02:05:36,685 [RatisPipelineUtilsThread - 0] INFO  pipeline.RatisPipelineProvider (RatisPipelineProvider.java:lambda$create$0(170)) - Sending CreatePipelineCommand for pipeline:PipelineID=3ec4e7fc-4498-408f-91f8-d4a461eba57e to datanode:684cf295-c17c-4893-9e72-2df5b9d8a511
2021-04-24 02:05:36,686 [RatisPipelineUtilsThread - 0] INFO  pipeline.PipelineStateManager (PipelineStateManagerV2Impl.java:addPipeline(101)) - Created pipeline Pipeline[ Id: 3ec4e7fc-4498-408f-91f8-d4a461eba57e, Nodes: ac07a033-1369-46a0-bf0a-a588a91eea94{ip: 172.17.0.2, host: 8965a546ea16, ports: [REPLICATION=37351, RATIS=33531, RATIS_ADMIN=33531, RATIS_SERVER=33531, STANDALONE=37423], networkLocation: /default-rack, certSerialId: null, persistedOpState: IN_SERVICE, persistedOpStateExpiryEpochSec: 0}ca92c278-c157-4e01-bd13-e6ca8f055b98{ip: 172.17.0.2, host: 8965a546ea16, ports: [REPLICATION=37593, RATIS=33657, RATIS_ADMIN=33657, RATIS_SERVER=33657, STANDALONE=33611], networkLocation: /default-rack, certSerialId: null, persistedOpState: IN_SERVICE, persistedOpStateExpiryEpochSec: 0}684cf295-c17c-4893-9e72-2df5b9d8a511{ip: 172.17.0.2, host: 8965a546ea16, ports: [REPLICATION=45859, RATIS=38843, RATIS_ADMIN=38843, RATIS_SERVER=38843, STANDALONE=45375], networkLocation: /default-rack, certSerialId: null, persistedOpState: IN_SERVICE, persistedOpStateExpiryEpochSec: 0}, ReplicationConfig: RATIS/THREE, State:ALLOCATED, leaderId:, CreationTimestamp2021-04-24T02:05:36.685Z].
2021-04-24 02:05:36,687 [RatisPipelineUtilsThread - 0] INFO  pipeline.RatisPipelineProvider (RatisPipelineProvider.java:lambda$create$0(170)) - Sending CreatePipelineCommand for pipeline:PipelineID=719f748f-ff1a-4531-87e9-3ec95d05b866 to datanode:ac07a033-1369-46a0-bf0a-a588a91eea94
2021-04-24 02:05:36,687 [RatisPipelineUtilsThread - 0] INFO  pipeline.RatisPipelineProvider (RatisPipelineProvider.java:lambda$create$0(170)) - Sending CreatePipelineCommand for pipeline:PipelineID=719f748f-ff1a-4531-87e9-3ec95d05b866 to datanode:684cf295-c17c-4893-9e72-2df5b9d8a511
2021-04-24 02:05:36,688 [RatisPipelineUtilsThread - 0] INFO  pipeline.RatisPipelineProvider (RatisPipelineProvider.java:lambda$create$0(170)) - Sending CreatePipelineCommand for pipeline:PipelineID=719f748f-ff1a-4531-87e9-3ec95d05b866 to datanode:ca92c278-c157-4e01-bd13-e6ca8f055b98
2021-04-24 02:05:36,688 [RatisPipelineUtilsThread - 0] INFO  pipeline.PipelineStateManager (PipelineStateManagerV2Impl.java:addPipeline(101)) - Created pipeline Pipeline[ Id: 719f748f-ff1a-4531-87e9-3ec95d05b866, Nodes: ac07a033-1369-46a0-bf0a-a588a91eea94{ip: 172.17.0.2, host: 8965a546ea16, ports: [REPLICATION=37351, RATIS=33531, RATIS_ADMIN=33531, RATIS_SERVER=33531, STANDALONE=37423], networkLocation: /default-rack, certSerialId: null, persistedOpState: IN_SERVICE, persistedOpStateExpiryEpochSec: 0}684cf295-c17c-4893-9e72-2df5b9d8a511{ip: 172.17.0.2, host: 8965a546ea16, ports: [REPLICATION=45859, RATIS=38843, RATIS_ADMIN=38843, RATIS_SERVER=38843, STANDALONE=45375], networkLocation: /default-rack, certSerialId: null, persistedOpState: IN_SERVICE, persistedOpStateExpiryEpochSec: 0}ca92c278-c157-4e01-bd13-e6ca8f055b98{ip: 172.17.0.2, host: 8965a546ea16, ports: [REPLICATION=37593, RATIS=33657, RATIS_ADMIN=33657, RATIS_SERVER=33657, STANDALONE=33611], networkLocation: /default-rack, certSerialId: null, persistedOpState: IN_SERVICE, persistedOpStateExpiryEpochSec: 0}, ReplicationConfig: RATIS/THREE, State:ALLOCATED, leaderId:, CreationTimestamp2021-04-24T02:05:36.687Z].
2021-04-24 02:05:36,689 [RatisPipelineUtilsThread - 0] INFO  pipeline.PipelineManagerV2Impl (PipelineManagerV2Impl.java:recordMetricsForPipeline(589)) - Pipeline: PipelineID=719f748f-ff1a-4531-87e9-3ec95d05b866 contains same datanodes as previous pipelines: PipelineID=3ec4e7fc-4498-408f-91f8-d4a461eba57e nodeIds: ac07a033-1369-46a0-bf0a-a588a91eea94, 684cf295-c17c-4893-9e72-2df5b9d8a511, ca92c278-c157-4e01-bd13-e6ca8f055b98
2021-04-24 02:05:36,914 [IPC Server handler 5 on default port 44563] INFO  net.NetworkTopologyImpl (NetworkTopologyImpl.java:add(112)) - Added a new node: /default-rack/506e7d51-44ea-40e0-a2b0-e730f7a28201
2021-04-24 02:05:36,915 [IPC Server handler 5 on default port 44563] INFO  node.SCMNodeManager (SCMNodeManager.java:register(348)) - Registered Data node : 506e7d51-44ea-40e0-a2b0-e730f7a28201{ip: 172.17.0.2, host: 8965a546ea16, ports: [REPLICATION=43283, RATIS=37821, RATIS_ADMIN=37821, RATIS_SERVER=37821, STANDALONE=36017], networkLocation: /default-rack, certSerialId: null, persistedOpState: null, persistedOpStateExpiryEpochSec: 0}
2021-04-24 02:05:36,915 [EventQueue-NewNodeForNewNodeHandler] INFO  pipeline.BackgroundPipelineCreator (BackgroundPipelineCreatorV2.java:notifyEventTriggered(282)) - trigger a one-shot run on RatisPipelineUtilsThread.
2021-04-24 02:05:36,915 [EventQueue-NodeRegistrationContainerReportForContainerSafeModeRule] INFO  safemode.SCMSafeModeManager (SCMSafeModeManager.java:validateSafeModeExitRules(201)) - ContainerSafeModeRule rule is successfully validated
2021-04-24 02:05:36,916 [EventQueue-NodeRegistrationContainerReportForDataNodeSafeModeRule] INFO  safemode.SCMSafeModeManager (SCMSafeModeManager.java:validateSafeModeExitRules(201)) - DataNodeSafeModeRule rule is successfully validated
2021-04-24 02:05:36,916 [EventQueue-PipelineReportForOneReplicaPipelineSafeModeRule] INFO  safemode.SCMSafeModeManager (SCMSafeModeManager.java:validateSafeModeExitRules(201)) - AtleastOneDatanodeReportedRule rule is successfully validated
2021-04-24 02:05:36,917 [RatisPipelineUtilsThread - 0] INFO  pipeline.RatisPipelineProvider (RatisPipelineProvider.java:lambda$create$0(170)) - Sending CreatePipelineCommand for pipeline:PipelineID=c0351466-82f6-4192-bd48-6cd9a778bae0 to datanode:506e7d51-44ea-40e0-a2b0-e730f7a28201
2021-04-24 02:05:36,917 [RatisPipelineUtilsThread - 0] INFO  pipeline.PipelineStateManager (PipelineStateManagerV2Impl.java:addPipeline(101)) - Created pipeline Pipeline[ Id: c0351466-82f6-4192-bd48-6cd9a778bae0, Nodes: 506e7d51-44ea-40e0-a2b0-e730f7a28201{ip: 172.17.0.2, host: 8965a546ea16, ports: [REPLICATION=43283, RATIS=37821, RATIS_ADMIN=37821, RATIS_SERVER=37821, STANDALONE=36017], networkLocation: /default-rack, certSerialId: null, persistedOpState: IN_SERVICE, persistedOpStateExpiryEpochSec: 0}, ReplicationConfig: RATIS/ONE, State:ALLOCATED, leaderId:, CreationTimestamp2021-04-24T02:05:36.917Z].
2021-04-24 02:05:37,154 [IPC Server handler 4 on default port 44563] INFO  net.NetworkTopologyImpl (NetworkTopologyImpl.java:add(112)) - Added a new node: /default-rack/686a54b3-507b-4dc5-8065-04c582627b70
2021-04-24 02:05:37,155 [IPC Server handler 4 on default port 44563] INFO  node.SCMNodeManager (SCMNodeManager.java:register(348)) - Registered Data node : 686a54b3-507b-4dc5-8065-04c582627b70{ip: 172.17.0.2, host: 8965a546ea16, ports: [REPLICATION=33085, RATIS=37165, RATIS_ADMIN=37165, RATIS_SERVER=37165, STANDALONE=39119], networkLocation: /default-rack, certSerialId: null, persistedOpState: null, persistedOpStateExpiryEpochSec: 0}
2021-04-24 02:05:37,155 [EventQueue-NewNodeForNewNodeHandler] INFO  pipeline.BackgroundPipelineCreator (BackgroundPipelineCreatorV2.java:notifyEventTriggered(282)) - trigger a one-shot run on RatisPipelineUtilsThread.
2021-04-24 02:05:37,156 [EventQueue-NodeRegistrationContainerReportForDataNodeSafeModeRule] INFO  safemode.SCMSafeModeManager (SCMSafeModeManager.java:validateSafeModeExitRules(201)) - DataNodeSafeModeRule rule is successfully validated
2021-04-24 02:05:37,156 [EventQueue-PipelineReportForOneReplicaPipelineSafeModeRule] INFO  safemode.SCMSafeModeManager (SCMSafeModeManager.java:validateSafeModeExitRules(201)) - AtleastOneDatanodeReportedRule rule is successfully validated
2021-04-24 02:05:37,156 [EventQueue-NodeRegistrationContainerReportForContainerSafeModeRule] INFO  safemode.SCMSafeModeManager (SCMSafeModeManager.java:validateSafeModeExitRules(201)) - ContainerSafeModeRule rule is successfully validated
2021-04-24 02:05:37,157 [RatisPipelineUtilsThread - 0] INFO  pipeline.RatisPipelineProvider (RatisPipelineProvider.java:lambda$create$0(170)) - Sending CreatePipelineCommand for pipeline:PipelineID=a6cd1a83-cb4a-45a2-802f-d4a07dabf2d2 to datanode:686a54b3-507b-4dc5-8065-04c582627b70
2021-04-24 02:05:37,158 [RatisPipelineUtilsThread - 0] INFO  pipeline.PipelineStateManager (PipelineStateManagerV2Impl.java:addPipeline(101)) - Created pipeline Pipeline[ Id: a6cd1a83-cb4a-45a2-802f-d4a07dabf2d2, Nodes: 686a54b3-507b-4dc5-8065-04c582627b70{ip: 172.17.0.2, host: 8965a546ea16, ports: [REPLICATION=33085, RATIS=37165, RATIS_ADMIN=37165, RATIS_SERVER=37165, STANDALONE=39119], networkLocation: /default-rack, certSerialId: null, persistedOpState: IN_SERVICE, persistedOpStateExpiryEpochSec: 0}, ReplicationConfig: RATIS/ONE, State:ALLOCATED, leaderId:, CreationTimestamp2021-04-24T02:05:37.157Z].
2021-04-24 02:05:37,365 [IPC Server handler 2 on default port 44563] INFO  net.NetworkTopologyImpl (NetworkTopologyImpl.java:add(112)) - Added a new node: /default-rack/e13d3dfe-a7aa-4e77-932b-4a03cf9a588d
2021-04-24 02:05:37,365 [IPC Server handler 2 on default port 44563] INFO  node.SCMNodeManager (SCMNodeManager.java:register(348)) - Registered Data node : e13d3dfe-a7aa-4e77-932b-4a03cf9a588d{ip: 172.17.0.2, host: 8965a546ea16, ports: [REPLICATION=37131, RATIS=43115, RATIS_ADMIN=43115, RATIS_SERVER=43115, STANDALONE=45109], networkLocation: /default-rack, certSerialId: null, persistedOpState: null, persistedOpStateExpiryEpochSec: 0}
2021-04-24 02:05:37,365 [EventQueue-NewNodeForNewNodeHandler] INFO  pipeline.BackgroundPipelineCreator (BackgroundPipelineCreatorV2.java:notifyEventTriggered(282)) - trigger a one-shot run on RatisPipelineUtilsThread.
2021-04-24 02:05:37,365 [EventQueue-NodeRegistrationContainerReportForContainerSafeModeRule] INFO  safemode.SCMSafeModeManager (SCMSafeModeManager.java:validateSafeModeExitRules(201)) - ContainerSafeModeRule rule is successfully validated
2021-04-24 02:05:37,366 [EventQueue-PipelineReportForOneReplicaPipelineSafeModeRule] INFO  safemode.SCMSafeModeManager (SCMSafeModeManager.java:validateSafeModeExitRules(201)) - AtleastOneDatanodeReportedRule rule is successfully validated
2021-04-24 02:05:37,366 [EventQueue-NodeRegistrationContainerReportForDataNodeSafeModeRule] INFO  safemode.SCMSafeModeManager (SCMSafeModeManager.java:validateSafeModeExitRules(201)) - DataNodeSafeModeRule rule is successfully validated
2021-04-24 02:05:37,367 [RatisPipelineUtilsThread - 0] INFO  pipeline.RatisPipelineProvider (RatisPipelineProvider.java:lambda$create$0(170)) - Sending CreatePipelineCommand for pipeline:PipelineID=838ab7dd-1493-47cd-93b6-5599e7b703b3 to datanode:e13d3dfe-a7aa-4e77-932b-4a03cf9a588d
2021-04-24 02:05:37,368 [RatisPipelineUtilsThread - 0] INFO  pipeline.PipelineStateManager (PipelineStateManagerV2Impl.java:addPipeline(101)) - Created pipeline Pipeline[ Id: 838ab7dd-1493-47cd-93b6-5599e7b703b3, Nodes: e13d3dfe-a7aa-4e77-932b-4a03cf9a588d{ip: 172.17.0.2, host: 8965a546ea16, ports: [REPLICATION=37131, RATIS=43115, RATIS_ADMIN=43115, RATIS_SERVER=43115, STANDALONE=45109], networkLocation: /default-rack, certSerialId: null, persistedOpState: IN_SERVICE, persistedOpStateExpiryEpochSec: 0}, ReplicationConfig: RATIS/ONE, State:ALLOCATED, leaderId:, CreationTimestamp2021-04-24T02:05:37.367Z].
2021-04-24 02:05:37,368 [RatisPipelineUtilsThread - 0] INFO  pipeline.RatisPipelineProvider (RatisPipelineProvider.java:lambda$create$0(170)) - Sending CreatePipelineCommand for pipeline:PipelineID=1eb8ba7a-f774-418b-be7e-63ce5ece61ce to datanode:506e7d51-44ea-40e0-a2b0-e730f7a28201
2021-04-24 02:05:37,368 [RatisPipelineUtilsThread - 0] INFO  pipeline.RatisPipelineProvider (RatisPipelineProvider.java:lambda$create$0(170)) - Sending CreatePipelineCommand for pipeline:PipelineID=1eb8ba7a-f774-418b-be7e-63ce5ece61ce to datanode:e13d3dfe-a7aa-4e77-932b-4a03cf9a588d
2021-04-24 02:05:37,368 [RatisPipelineUtilsThread - 0] INFO  pipeline.RatisPipelineProvider (RatisPipelineProvider.java:lambda$create$0(170)) - Sending CreatePipelineCommand for pipeline:PipelineID=1eb8ba7a-f774-418b-be7e-63ce5ece61ce to datanode:686a54b3-507b-4dc5-8065-04c582627b70
2021-04-24 02:05:37,369 [RatisPipelineUtilsThread - 0] INFO  pipeline.PipelineStateManager (PipelineStateManagerV2Impl.java:addPipeline(101)) - Created pipeline Pipeline[ Id: 1eb8ba7a-f774-418b-be7e-63ce5ece61ce, Nodes: 506e7d51-44ea-40e0-a2b0-e730f7a28201{ip: 172.17.0.2, host: 8965a546ea16, ports: [REPLICATION=43283, RATIS=37821, RATIS_ADMIN=37821, RATIS_SERVER=37821, STANDALONE=36017], networkLocation: /default-rack, certSerialId: null, persistedOpState: IN_SERVICE, persistedOpStateExpiryEpochSec: 0}e13d3dfe-a7aa-4e77-932b-4a03cf9a588d{ip: 172.17.0.2, host: 8965a546ea16, ports: [REPLICATION=37131, RATIS=43115, RATIS_ADMIN=43115, RATIS_SERVER=43115, STANDALONE=45109], networkLocation: /default-rack, certSerialId: null, persistedOpState: IN_SERVICE, persistedOpStateExpiryEpochSec: 0}686a54b3-507b-4dc5-8065-04c582627b70{ip: 172.17.0.2, host: 8965a546ea16, ports: [REPLICATION=33085, RATIS=37165, RATIS_ADMIN=37165, RATIS_SERVER=37165, STANDALONE=39119], networkLocation: /default-rack, certSerialId: null, persistedOpState: IN_SERVICE, persistedOpStateExpiryEpochSec: 0}, ReplicationConfig: RATIS/THREE, State:ALLOCATED, leaderId:, CreationTimestamp2021-04-24T02:05:37.368Z].
2021-04-24 02:05:37,370 [RatisPipelineUtilsThread - 0] INFO  pipeline.RatisPipelineProvider (RatisPipelineProvider.java:lambda$create$0(170)) - Sending CreatePipelineCommand for pipeline:PipelineID=0099ddbe-d464-4c63-af52-6fada685e35f to datanode:686a54b3-507b-4dc5-8065-04c582627b70
2021-04-24 02:05:37,370 [RatisPipelineUtilsThread - 0] INFO  pipeline.RatisPipelineProvider (RatisPipelineProvider.java:lambda$create$0(170)) - Sending CreatePipelineCommand for pipeline:PipelineID=0099ddbe-d464-4c63-af52-6fada685e35f to datanode:506e7d51-44ea-40e0-a2b0-e730f7a28201
2021-04-24 02:05:37,371 [RatisPipelineUtilsThread - 0] INFO  pipeline.RatisPipelineProvider (RatisPipelineProvider.java:lambda$create$0(170)) - Sending CreatePipelineCommand for pipeline:PipelineID=0099ddbe-d464-4c63-af52-6fada685e35f to datanode:e13d3dfe-a7aa-4e77-932b-4a03cf9a588d
2021-04-24 02:05:37,371 [RatisPipelineUtilsThread - 0] INFO  pipeline.PipelineStateManager (PipelineStateManagerV2Impl.java:addPipeline(101)) - Created pipeline Pipeline[ Id: 0099ddbe-d464-4c63-af52-6fada685e35f, Nodes: 686a54b3-507b-4dc5-8065-04c582627b70{ip: 172.17.0.2, host: 8965a546ea16, ports: [REPLICATION=33085, RATIS=37165, RATIS_ADMIN=37165, RATIS_SERVER=37165, STANDALONE=39119], networkLocation: /default-rack, certSerialId: null, persistedOpState: IN_SERVICE, persistedOpStateExpiryEpochSec: 0}506e7d51-44ea-40e0-a2b0-e730f7a28201{ip: 172.17.0.2, host: 8965a546ea16, ports: [REPLICATION=43283, RATIS=37821, RATIS_ADMIN=37821, RATIS_SERVER=37821, STANDALONE=36017], networkLocation: /default-rack, certSerialId: null, persistedOpState: IN_SERVICE, persistedOpStateExpiryEpochSec: 0}e13d3dfe-a7aa-4e77-932b-4a03cf9a588d{ip: 172.17.0.2, host: 8965a546ea16, ports: [REPLICATION=37131, RATIS=43115, RATIS_ADMIN=43115, RATIS_SERVER=43115, STANDALONE=45109], networkLocation: /default-rack, certSerialId: null, persistedOpState: IN_SERVICE, persistedOpStateExpiryEpochSec: 0}, ReplicationConfig: RATIS/THREE, State:ALLOCATED, leaderId:, CreationTimestamp2021-04-24T02:05:37.370Z].
2021-04-24 02:05:37,372 [RatisPipelineUtilsThread - 0] INFO  pipeline.PipelineManagerV2Impl (PipelineManagerV2Impl.java:recordMetricsForPipeline(589)) - Pipeline: PipelineID=0099ddbe-d464-4c63-af52-6fada685e35f contains same datanodes as previous pipelines: PipelineID=1eb8ba7a-f774-418b-be7e-63ce5ece61ce nodeIds: 686a54b3-507b-4dc5-8065-04c582627b70, 506e7d51-44ea-40e0-a2b0-e730f7a28201, e13d3dfe-a7aa-4e77-932b-4a03cf9a588d
2021-04-24 02:05:37,566 [Listener at 127.0.0.1/41437] INFO  ozone.MiniOzoneClusterImpl (MiniOzoneClusterImpl.java:lambda$waitForClusterToBeReady$0(223)) - Waiting for nodes to be ready. Got 6 of 7 DN Heartbeats.
2021-04-24 02:05:37,568 [Listener at 127.0.0.1/41437] INFO  ozone.MiniOzoneClusterImpl (MiniOzoneClusterImpl.java:lambda$waitForClusterToBeReady$0(226)) - Waiting for cluster to exit safe mode
2021-04-24 02:05:37,568 [Listener at 127.0.0.1/41437] INFO  ozone.MiniOzoneClusterImpl (MiniOzoneClusterImpl.java:lambda$waitForClusterToBeReady$0(229)) - SCM became leader
2021-04-24 02:05:37,576 [IPC Server handler 3 on default port 44563] INFO  net.NetworkTopologyImpl (NetworkTopologyImpl.java:add(112)) - Added a new node: /default-rack/f0c69f70-c4af-4c4b-aa2e-1c77f1405a64
2021-04-24 02:05:37,577 [IPC Server handler 3 on default port 44563] INFO  node.SCMNodeManager (SCMNodeManager.java:register(348)) - Registered Data node : f0c69f70-c4af-4c4b-aa2e-1c77f1405a64{ip: 172.17.0.2, host: 8965a546ea16, ports: [REPLICATION=39765, RATIS=43537, RATIS_ADMIN=43537, RATIS_SERVER=43537, STANDALONE=38597], networkLocation: /default-rack, certSerialId: null, persistedOpState: null, persistedOpStateExpiryEpochSec: 0}
2021-04-24 02:05:37,577 [EventQueue-NewNodeForNewNodeHandler] INFO  pipeline.BackgroundPipelineCreator (BackgroundPipelineCreatorV2.java:notifyEventTriggered(282)) - trigger a one-shot run on RatisPipelineUtilsThread.
2021-04-24 02:05:37,577 [EventQueue-NodeRegistrationContainerReportForContainerSafeModeRule] INFO  safemode.SCMSafeModeManager (SCMSafeModeManager.java:validateSafeModeExitRules(201)) - ContainerSafeModeRule rule is successfully validated
2021-04-24 02:05:37,577 [EventQueue-NodeRegistrationContainerReportForDataNodeSafeModeRule] INFO  safemode.SCMSafeModeManager (SCMSafeModeManager.java:validateSafeModeExitRules(201)) - DataNodeSafeModeRule rule is successfully validated
2021-04-24 02:05:37,577 [EventQueue-PipelineReportForOneReplicaPipelineSafeModeRule] INFO  safemode.SCMSafeModeManager (SCMSafeModeManager.java:validateSafeModeExitRules(201)) - AtleastOneDatanodeReportedRule rule is successfully validated
2021-04-24 02:05:37,578 [RatisPipelineUtilsThread - 0] INFO  pipeline.RatisPipelineProvider (RatisPipelineProvider.java:lambda$create$0(170)) - Sending CreatePipelineCommand for pipeline:PipelineID=c2fbde96-45a6-4d58-a5d5-807d9659b3c4 to datanode:f0c69f70-c4af-4c4b-aa2e-1c77f1405a64
2021-04-24 02:05:37,579 [RatisPipelineUtilsThread - 0] INFO  pipeline.PipelineStateManager (PipelineStateManagerV2Impl.java:addPipeline(101)) - Created pipeline Pipeline[ Id: c2fbde96-45a6-4d58-a5d5-807d9659b3c4, Nodes: f0c69f70-c4af-4c4b-aa2e-1c77f1405a64{ip: 172.17.0.2, host: 8965a546ea16, ports: [REPLICATION=39765, RATIS=43537, RATIS_ADMIN=43537, RATIS_SERVER=43537, STANDALONE=38597], networkLocation: /default-rack, certSerialId: null, persistedOpState: IN_SERVICE, persistedOpStateExpiryEpochSec: 0}, ReplicationConfig: RATIS/ONE, State:ALLOCATED, leaderId:, CreationTimestamp2021-04-24T02:05:37.578Z].
2021-04-24 02:05:38,568 [Listener at 127.0.0.1/41437] INFO  ozone.MiniOzoneClusterImpl (MiniOzoneClusterImpl.java:lambda$waitForClusterToBeReady$0(223)) - Nodes are ready. Got 7 of 7 DN Heartbeats.
2021-04-24 02:05:38,568 [Listener at 127.0.0.1/41437] INFO  ozone.MiniOzoneClusterImpl (MiniOzoneClusterImpl.java:lambda$waitForClusterToBeReady$0(226)) - Waiting for cluster to exit safe mode
2021-04-24 02:05:38,568 [Listener at 127.0.0.1/41437] INFO  ozone.MiniOzoneClusterImpl (MiniOzoneClusterImpl.java:lambda$waitForClusterToBeReady$0(229)) - SCM became leader
2021-04-24 02:05:38,881 [org.apache.ratis.util.JvmPauseMonitor$$Lambda$504/1072999122@ee2b9fb] WARN  util.JvmPauseMonitor (JvmPauseMonitor.java:detectPause(124)) - JvmPauseMonitor-ac07a033-1369-46a0-bf0a-a588a91eea94: Detected pause in JVM or host machine (eg GC): pause of approximately 186987180ns.
GC pool 'PS MarkSweep' had collection(s): count=1 time=188ms
GC pool 'PS Scavenge' had collection(s): count=1 time=11ms
2021-04-24 02:05:39,036 [Command processor thread] INFO  server.RaftServer (RaftServerProxy.java:addNew(95)) - 684cf295-c17c-4893-9e72-2df5b9d8a511: addNew group-573F15CF247B:[684cf295-c17c-4893-9e72-2df5b9d8a511|rpc:172.17.0.2:38843|priority:1] returns group-573F15CF247B:java.util.concurrent.CompletableFuture@31290531[Not completed]
2021-04-24 02:05:39,046 [pool-45-thread-1] INFO  server.RaftServer$Division (RaftServerImpl.java:<init>(180)) - 684cf295-c17c-4893-9e72-2df5b9d8a511: new RaftServerImpl for group-573F15CF247B:[684cf295-c17c-4893-9e72-2df5b9d8a511|rpc:172.17.0.2:38843|priority:1] with ContainerStateMachine:uninitialized
2021-04-24 02:05:39,047 [pool-45-thread-1] INFO  server.RaftServerConfigKeys (ConfUtils.java:logGet(44)) - raft.server.rpc.timeout.min = 5s (custom)
2021-04-24 02:05:39,047 [pool-45-thread-1] INFO  server.RaftServerConfigKeys (ConfUtils.java:logGet(44)) - raft.server.rpc.timeout.max = 5200ms (custom)
2021-04-24 02:05:39,047 [pool-45-thread-1] INFO  server.RaftServerConfigKeys (ConfUtils.java:logGet(44)) - raft.server.rpc.sleep.time = 25ms (default)
2021-04-24 02:05:39,047 [pool-45-thread-1] INFO  server.RaftServerConfigKeys (ConfUtils.java:logGet(44)) - raft.server.rpc.slowness.timeout = 300000ms (custom)
2021-04-24 02:05:39,047 [pool-45-thread-1] INFO  server.RaftServerConfigKeys (ConfUtils.java:logGet(44)) - raft.server.leaderelection.leader.step-down.wait-time = 10s (default)
2021-04-24 02:05:39,047 [pool-45-thread-1] INFO  server.RaftServerConfigKeys (ConfUtils.java:logGet(44)) - raft.server.sleep.deviation.threshold = 300ms (default)
2021-04-24 02:05:39,048 [pool-45-thread-1] INFO  server.RaftServerConfigKeys (ConfUtils.java:logGet(44)) - raft.server.log.appender.install.snapshot.enabled = false (custom)
2021-04-24 02:05:39,048 [pool-45-thread-1] INFO  server.RaftServer$Division (ServerState.java:<init>(105)) - 684cf295-c17c-4893-9e72-2df5b9d8a511@group-573F15CF247B: ConfigurationManager, init=-1: [684cf295-c17c-4893-9e72-2df5b9d8a511|rpc:172.17.0.2:38843|priority:1], old=null, confs=<EMPTY_MAP>
2021-04-24 02:05:39,048 [pool-45-thread-1] INFO  server.RaftServerConfigKeys (ConfUtils.java:logGet(44)) - raft.server.storage.dir = [/github/workspace/mnt/ozone/hadoop-ozone/integration-test/target/test-dir/MiniOzoneClusterImpl-6998a6cc-0dbe-4d56-81dc-8335dc1dcef2/datanode-0/data/ratis] (custom)
2021-04-24 02:05:39,048 [pool-45-thread-1] INFO  server.RaftServerConfigKeys (ConfUtils.java:logGet(44)) - raft.server.log.corruption.policy = EXCEPTION (default)
2021-04-24 02:05:39,048 [pool-45-thread-1] INFO  storage.RaftStorageDirectory (RaftStorageDirectoryImpl.java:analyzeStorage(132)) - The storage directory /github/workspace/mnt/ozone/hadoop-ozone/integration-test/target/test-dir/MiniOzoneClusterImpl-6998a6cc-0dbe-4d56-81dc-8335dc1dcef2/datanode-0/data/ratis/2ad49b65-7b87-4dbc-9154-573f15cf247b does not exist. Creating ...
2021-04-24 02:05:39,050 [pool-45-thread-1] INFO  storage.RaftStorageDirectory (RaftStorageDirectoryImpl.java:tryLock(215)) - Lock on /github/workspace/mnt/ozone/hadoop-ozone/integration-test/target/test-dir/MiniOzoneClusterImpl-6998a6cc-0dbe-4d56-81dc-8335dc1dcef2/datanode-0/data/ratis/2ad49b65-7b87-4dbc-9154-573f15cf247b/in_use.lock acquired by nodename 15838@8965a546ea16
2021-04-24 02:05:39,052 [pool-45-thread-1] INFO  storage.RaftStorage (RaftStorageImpl.java:format(87)) - Storage directory /github/workspace/mnt/ozone/hadoop-ozone/integration-test/target/test-dir/MiniOzoneClusterImpl-6998a6cc-0dbe-4d56-81dc-8335dc1dcef2/datanode-0/data/ratis/2ad49b65-7b87-4dbc-9154-573f15cf247b has been successfully formatted.
2021-04-24 02:05:39,056 [pool-45-thread-1] INFO  ratis.ContainerStateMachine (ContainerStateMachine.java:loadSnapshot(224)) - group-573F15CF247B: The snapshot info is null. Setting the last applied indexto:(t:0, i:~)
2021-04-24 02:05:39,056 [pool-45-thread-1] INFO  server.RaftServerConfigKeys (ConfUtils.java:logGet(44)) - raft.server.notification.no-leader.timeout = 300000ms (custom)
2021-04-24 02:05:39,056 [pool-45-thread-1] INFO  server.RaftServerConfigKeys (ConfUtils.java:logGet(44)) - raft.server.log.use.memory = false (default)
2021-04-24 02:05:39,056 [pool-45-thread-1] INFO  server.RaftServerConfigKeys (ConfUtils.java:logGet(44)) - raft.server.log.purge.gap = 1000000 (custom)
2021-04-24 02:05:39,056 [pool-45-thread-1] INFO  server.RaftServerConfigKeys (ConfUtils.java:logGet(44)) - raft.server.log.appender.buffer.byte-limit = 33554432 (custom)
2021-04-24 02:05:39,056 [pool-45-thread-1] INFO  metrics.RatisMetrics (RatisMetrics.java:lambda$create$0(36)) - Creating Metrics Registry : ratis.log_worker.684cf295-c17c-4893-9e72-2df5b9d8a511@group-573F15CF247B
2021-04-24 02:05:39,057 [pool-45-thread-1] INFO  server.RaftServerConfigKeys (ConfUtils.java:logGet(44)) - raft.server.log.segment.size.max = 1048576 (custom)
2021-04-24 02:05:39,058 [pool-45-thread-1] INFO  server.RaftServerConfigKeys (ConfUtils.java:logGet(44)) - raft.server.log.segment.cache.num.max = 2 (custom)
2021-04-24 02:05:39,058 [pool-45-thread-1] INFO  server.RaftServerConfigKeys (ConfUtils.java:logGet(44)) - raft.server.log.segment.cache.size.max = 200MB (=209715200) (default)
2021-04-24 02:05:39,058 [pool-45-thread-1] INFO  segmented.SegmentedRaftLogWorker (SegmentedRaftLogWorker.java:<init>(182)) - new 684cf295-c17c-4893-9e72-2df5b9d8a511@group-573F15CF247B-SegmentedRaftLogWorker for RaftStorageImpl:Storage Directory /github/workspace/mnt/ozone/hadoop-ozone/integration-test/target/test-dir/MiniOzoneClusterImpl-6998a6cc-0dbe-4d56-81dc-8335dc1dcef2/datanode-0/data/ratis/2ad49b65-7b87-4dbc-9154-573f15cf247b
2021-04-24 02:05:39,058 [pool-45-thread-1] INFO  server.RaftServerConfigKeys (ConfUtils.java:logGet(44)) - raft.server.log.queue.byte-limit = 2147483647 (custom)
2021-04-24 02:05:39,058 [pool-45-thread-1] INFO  server.RaftServerConfigKeys (ConfUtils.java:logGet(44)) - raft.server.log.queue.element-limit = 1024 (custom)
2021-04-24 02:05:39,058 [pool-45-thread-1] INFO  server.RaftServerConfigKeys (ConfUtils.java:logGet(44)) - raft.server.log.segment.size.max = 1048576 (custom)
2021-04-24 02:05:39,058 [pool-45-thread-1] INFO  server.RaftServerConfigKeys (ConfUtils.java:logGet(44)) - raft.server.log.preallocated.size = 16384 (custom)
2021-04-24 02:05:39,059 [pool-45-thread-1] INFO  server.RaftServerConfigKeys (ConfUtils.java:logGet(44)) - raft.server.log.force.sync.num = 128 (default)
2021-04-24 02:05:39,059 [pool-45-thread-1] INFO  server.RaftServerConfigKeys (ConfUtils.java:logGet(44)) - raft.server.log.statemachine.data.sync = true (default)
2021-04-24 02:05:39,059 [pool-45-thread-1] INFO  server.RaftServerConfigKeys (ConfUtils.java:logGet(44)) - raft.server.log.statemachine.data.sync.timeout = 10s (default)
2021-04-24 02:05:39,059 [pool-45-thread-1] INFO  server.RaftServerConfigKeys (ConfUtils.java:logGet(44)) - raft.server.log.statemachine.data.sync.timeout.retry = -1 (default)
2021-04-24 02:05:39,061 [pool-45-thread-1] INFO  server.RaftServerConfigKeys (ConfUtils.java:logGet(44)) - raft.server.log.write.buffer.size = 1048576 (custom)
2021-04-24 02:05:39,062 [pool-45-thread-1] INFO  server.RaftServerConfigKeys (ConfUtils.java:logGet(44)) - raft.server.log.statemachine.data.caching.enabled = true (custom)
2021-04-24 02:05:39,062 [pool-45-thread-1] INFO  segmented.SegmentedRaftLogWorker (SegmentedRaftLogWorker.java:lambda$new$0(133)) - 684cf295-c17c-4893-9e72-2df5b9d8a511@group-573F15CF247B-SegmentedRaftLogWorker: flushIndex: setUnconditionally 0 -> -1
2021-04-24 02:05:39,062 [pool-45-thread-1] INFO  segmented.SegmentedRaftLogWorker (SegmentedRaftLogWorker.java:lambda$new$0(133)) - 684cf295-c17c-4893-9e72-2df5b9d8a511@group-573F15CF247B-SegmentedRaftLogWorker: safeCacheEvictIndex: setUnconditionally 0 -> -1
2021-04-24 02:05:39,062 [pool-45-thread-1] INFO  server.RaftServerConfigKeys (ConfUtils.java:logGet(44)) - raft.server.snapshot.auto.trigger.enabled = true (custom)
2021-04-24 02:05:39,062 [pool-45-thread-1] INFO  server.RaftServerConfigKeys (ConfUtils.java:logGet(44)) - raft.server.snapshot.auto.trigger.threshold = 10000 (custom)
2021-04-24 02:05:39,062 [pool-45-thread-1] INFO  server.RaftServerConfigKeys (ConfUtils.java:logGet(44)) - raft.server.snapshot.retention.file.num = 5 (custom)
2021-04-24 02:05:39,063 [pool-45-thread-1] INFO  server.RaftServerConfigKeys (ConfUtils.java:logGet(44)) - raft.server.log.purge.upto.snapshot.index = false (default)
2021-04-24 02:05:39,063 [pool-45-thread-1] INFO  server.RaftServerConfigKeys (ConfUtils.java:logGet(44)) - raft.server.retrycache.expirytime = 600000ms (custom)
2021-04-24 02:05:39,063 [pool-45-thread-1] INFO  server.RaftServerConfigKeys (ConfUtils.java:logGet(44)) - raft.server.retrycache.statistics.expirytime = 100?s (default)
2021-04-24 02:05:39,063 [pool-45-thread-1] INFO  metrics.RatisMetrics (RatisMetrics.java:lambda$create$0(36)) - Creating Metrics Registry : ratis.leader_election.684cf295-c17c-4893-9e72-2df5b9d8a511@group-573F15CF247B
2021-04-24 02:05:39,064 [pool-45-thread-1] INFO  metrics.RatisMetrics (RatisMetrics.java:lambda$create$0(36)) - Creating Metrics Registry : ratis.server.684cf295-c17c-4893-9e72-2df5b9d8a511@group-573F15CF247B
2021-04-24 02:05:39,066 [pool-45-thread-1] INFO  server.RaftServer$Division (RaftServerImpl.java:start(295)) - 684cf295-c17c-4893-9e72-2df5b9d8a511@group-573F15CF247B: start as a follower, conf=-1: [684cf295-c17c-4893-9e72-2df5b9d8a511|rpc:172.17.0.2:38843|priority:1], old=null
2021-04-24 02:05:39,066 [pool-45-thread-1] INFO  server.RaftServer$Division (RaftServerImpl.java:setRole(284)) - 684cf295-c17c-4893-9e72-2df5b9d8a511@group-573F15CF247B: changes role from      null to FOLLOWER at term 0 for startAsFollower
2021-04-24 02:05:39,066 [pool-45-thread-1] INFO  impl.RoleInfo (RoleInfo.java:updateAndGet(130)) - 684cf295-c17c-4893-9e72-2df5b9d8a511: start 684cf295-c17c-4893-9e72-2df5b9d8a511@group-573F15CF247B-FollowerState
2021-04-24 02:05:39,066 [pool-45-thread-1] INFO  util.JmxRegister (JmxRegister.java:tryRegister(44)) - Successfully registered JMX Bean with object name Ratis:service=RaftServer,group=group-573F15CF247B,id=684cf295-c17c-4893-9e72-2df5b9d8a511
2021-04-24 02:05:39,067 [pool-45-thread-1] INFO  metrics.RatisMetrics (RatisMetrics.java:lambda$create$0(36)) - Creating Metrics Registry : ratis.state_machine.684cf295-c17c-4893-9e72-2df5b9d8a511@group-573F15CF247B
2021-04-24 02:05:39,075 [Command processor thread] INFO  ratis.XceiverServerRatis (XceiverServerRatis.java:addGroup(808)) - Created group PipelineID=2ad49b65-7b87-4dbc-9154-573f15cf247b
2021-04-24 02:05:39,076 [Command processor thread] INFO  commandhandler.CreatePipelineCommandHandler (CreatePipelineCommandHandler.java:handle(106)) - Created Pipeline RATIS ONE PipelineID=2ad49b65-7b87-4dbc-9154-573f15cf247b.
2021-04-24 02:05:39,076 [Command processor thread] INFO  server.RaftServer (RaftServerProxy.java:addNew(95)) - 684cf295-c17c-4893-9e72-2df5b9d8a511: addNew group-D4A461EBA57E:[ac07a033-1369-46a0-bf0a-a588a91eea94|rpc:172.17.0.2:33531|priority:1, ca92c278-c157-4e01-bd13-e6ca8f055b98|rpc:172.17.0.2:33657|priority:0, 684cf295-c17c-4893-9e72-2df5b9d8a511|rpc:172.17.0.2:38843|priority:0] returns group-D4A461EBA57E:java.util.concurrent.CompletableFuture@7963b126[Not completed]
2021-04-24 02:05:39,077 [pool-45-thread-1] INFO  server.RaftServer$Division (RaftServerImpl.java:<init>(180)) - 684cf295-c17c-4893-9e72-2df5b9d8a511: new RaftServerImpl for group-D4A461EBA57E:[ac07a033-1369-46a0-bf0a-a588a91eea94|rpc:172.17.0.2:33531|priority:1, ca92c278-c157-4e01-bd13-e6ca8f055b98|rpc:172.17.0.2:33657|priority:0, 684cf295-c17c-4893-9e72-2df5b9d8a511|rpc:172.17.0.2:38843|priority:0] with ContainerStateMachine:uninitialized
2021-04-24 02:05:39,077 [pool-45-thread-1] INFO  server.RaftServerConfigKeys (ConfUtils.java:logGet(44)) - raft.server.rpc.timeout.min = 5s (custom)
2021-04-24 02:05:39,077 [pool-45-thread-1] INFO  server.RaftServerConfigKeys (ConfUtils.java:logGet(44)) - raft.server.rpc.timeout.max = 5200ms (custom)
2021-04-24 02:05:39,077 [pool-45-thread-1] INFO  server.RaftServerConfigKeys (ConfUtils.java:logGet(44)) - raft.server.rpc.sleep.time = 25ms (default)
2021-04-24 02:05:39,078 [pool-45-thread-1] INFO  server.RaftServerConfigKeys (ConfUtils.java:logGet(44)) - raft.server.rpc.slowness.timeout = 300000ms (custom)
2021-04-24 02:05:39,078 [pool-45-thread-1] INFO  server.RaftServerConfigKeys (ConfUtils.java:logGet(44)) - raft.server.leaderelection.leader.step-down.wait-time = 10s (default)
2021-04-24 02:05:39,078 [pool-45-thread-1] INFO  server.RaftServerConfigKeys (ConfUtils.java:logGet(44)) - raft.server.sleep.deviation.threshold = 300ms (default)
2021-04-24 02:05:39,078 [pool-45-thread-1] INFO  server.RaftServerConfigKeys (ConfUtils.java:logGet(44)) - raft.server.log.appender.install.snapshot.enabled = false (custom)
2021-04-24 02:05:39,078 [pool-45-thread-1] INFO  server.RaftServer$Division (ServerState.java:<init>(105)) - 684cf295-c17c-4893-9e72-2df5b9d8a511@group-D4A461EBA57E: ConfigurationManager, init=-1: [ac07a033-1369-46a0-bf0a-a588a91eea94|rpc:172.17.0.2:33531|priority:1, ca92c278-c157-4e01-bd13-e6ca8f055b98|rpc:172.17.0.2:33657|priority:0, 684cf295-c17c-4893-9e72-2df5b9d8a511|rpc:172.17.0.2:38843|priority:0], old=null, confs=<EMPTY_MAP>
2021-04-24 02:05:39,078 [pool-45-thread-1] INFO  server.RaftServerConfigKeys (ConfUtils.java:logGet(44)) - raft.server.storage.dir = [/github/workspace/mnt/ozone/hadoop-ozone/integration-test/target/test-dir/MiniOzoneClusterImpl-6998a6cc-0dbe-4d56-81dc-8335dc1dcef2/datanode-0/data/ratis] (custom)
2021-04-24 02:05:39,078 [pool-45-thread-1] INFO  server.RaftServerConfigKeys (ConfUtils.java:logGet(44)) - raft.server.log.corruption.policy = EXCEPTION (default)
2021-04-24 02:05:39,078 [pool-45-thread-1] INFO  storage.RaftStorageDirectory (RaftStorageDirectoryImpl.java:analyzeStorage(132)) - The storage directory /github/workspace/mnt/ozone/hadoop-ozone/integration-test/target/test-dir/MiniOzoneClusterImpl-6998a6cc-0dbe-4d56-81dc-8335dc1dcef2/datanode-0/data/ratis/3ec4e7fc-4498-408f-91f8-d4a461eba57e does not exist. Creating ...
2021-04-24 02:05:39,079 [pool-45-thread-1] INFO  storage.RaftStorageDirectory (RaftStorageDirectoryImpl.java:tryLock(215)) - Lock on /github/workspace/mnt/ozone/hadoop-ozone/integration-test/target/test-dir/MiniOzoneClusterImpl-6998a6cc-0dbe-4d56-81dc-8335dc1dcef2/datanode-0/data/ratis/3ec4e7fc-4498-408f-91f8-d4a461eba57e/in_use.lock acquired by nodename 15838@8965a546ea16
2021-04-24 02:05:39,081 [pool-45-thread-1] INFO  storage.RaftStorage (RaftStorageImpl.java:format(87)) - Storage directory /github/workspace/mnt/ozone/hadoop-ozone/integration-test/target/test-dir/MiniOzoneClusterImpl-6998a6cc-0dbe-4d56-81dc-8335dc1dcef2/datanode-0/data/ratis/3ec4e7fc-4498-408f-91f8-d4a461eba57e has been successfully formatted.
2021-04-24 02:05:39,081 [pool-45-thread-1] INFO  ratis.ContainerStateMachine (ContainerStateMachine.java:loadSnapshot(224)) - group-D4A461EBA57E: The snapshot info is null. Setting the last applied indexto:(t:0, i:~)
2021-04-24 02:05:39,081 [pool-45-thread-1] INFO  server.RaftServerConfigKeys (ConfUtils.java:logGet(44)) - raft.server.notification.no-leader.timeout = 300000ms (custom)
2021-04-24 02:05:39,081 [pool-45-thread-1] INFO  server.RaftServerConfigKeys (ConfUtils.java:logGet(44)) - raft.server.log.use.memory = false (default)
2021-04-24 02:05:39,081 [pool-45-thread-1] INFO  server.RaftServerConfigKeys (ConfUtils.java:logGet(44)) - raft.server.log.purge.gap = 1000000 (custom)
2021-04-24 02:05:39,081 [pool-45-thread-1] INFO  server.RaftServerConfigKeys (ConfUtils.java:logGet(44)) - raft.server.log.appender.buffer.byte-limit = 33554432 (custom)
2021-04-24 02:05:39,081 [pool-45-thread-1] INFO  metrics.RatisMetrics (RatisMetrics.java:lambda$create$0(36)) - Creating Metrics Registry : ratis.log_worker.684cf295-c17c-4893-9e72-2df5b9d8a511@group-D4A461EBA57E
2021-04-24 02:05:39,082 [pool-45-thread-1] INFO  server.RaftServerConfigKeys (ConfUtils.java:logGet(44)) - raft.server.log.segment.size.max = 1048576 (custom)
2021-04-24 02:05:39,083 [pool-45-thread-1] INFO  server.RaftServerConfigKeys (ConfUtils.java:logGet(44)) - raft.server.log.segment.cache.num.max = 2 (custom)
2021-04-24 02:05:39,083 [pool-45-thread-1] INFO  server.RaftServerConfigKeys (ConfUtils.java:logGet(44)) - raft.server.log.segment.cache.size.max = 200MB (=209715200) (default)
2021-04-24 02:05:39,083 [pool-45-thread-1] INFO  segmented.SegmentedRaftLogWorker (SegmentedRaftLogWorker.java:<init>(182)) - new 684cf295-c17c-4893-9e72-2df5b9d8a511@group-D4A461EBA57E-SegmentedRaftLogWorker for RaftStorageImpl:Storage Directory /github/workspace/mnt/ozone/hadoop-ozone/integration-test/target/test-dir/MiniOzoneClusterImpl-6998a6cc-0dbe-4d56-81dc-8335dc1dcef2/datanode-0/data/ratis/3ec4e7fc-4498-408f-91f8-d4a461eba57e
2021-04-24 02:05:39,083 [pool-45-thread-1] INFO  server.RaftServerConfigKeys (ConfUtils.java:logGet(44)) - raft.server.log.queue.byte-limit = 2147483647 (custom)
2021-04-24 02:05:39,083 [pool-45-thread-1] INFO  server.RaftServerConfigKeys (ConfUtils.java:logGet(44)) - raft.server.log.queue.element-limit = 1024 (custom)
2021-04-24 02:05:39,083 [pool-45-thread-1] INFO  server.RaftServerConfigKeys (ConfUtils.java:logGet(44)) - raft.server.log.segment.size.max = 1048576 (custom)
2021-04-24 02:05:39,083 [pool-45-thread-1] INFO  server.RaftServerConfigKeys (ConfUtils.java:logGet(44)) - raft.server.log.preallocated.size = 16384 (custom)
2021-04-24 02:05:39,083 [pool-45-thread-1] INFO  server.RaftServerConfigKeys (ConfUtils.java:logGet(44)) - raft.server.log.force.sync.num = 128 (default)
2021-04-24 02:05:39,083 [pool-45-thread-1] INFO  server.RaftServerConfigKeys (ConfUtils.java:logGet(44)) - raft.server.log.statemachine.data.sync = true (default)
2021-04-24 02:05:39,085 [pool-45-thread-1] INFO  server.RaftServerConfigKeys (ConfUtils.java:logGet(44)) - raft.server.log.statemachine.data.sync.timeout = 10s (default)
2021-04-24 02:05:39,085 [pool-45-thread-1] INFO  server.RaftServerConfigKeys (ConfUtils.java:logGet(44)) - raft.server.log.statemachine.data.sync.timeout.retry = -1 (default)
2021-04-24 02:05:39,085 [EventQueue-PipelineReportForOneReplicaPipelineSafeModeRule] INFO  safemode.SCMSafeModeManager (SCMSafeModeManager.java:validateSafeModeExitRules(201)) - AtleastOneDatanodeReportedRule rule is successfully validated
2021-04-24 02:05:39,086 [EventQueue-PipelineReportForPipelineReportHandler] INFO  pipeline.PipelineManagerV2Impl (PipelineManagerV2Impl.java:openPipeline(270)) - Pipeline Pipeline[ Id: 2ad49b65-7b87-4dbc-9154-573f15cf247b, Nodes: 684cf295-c17c-4893-9e72-2df5b9d8a511{ip: 172.17.0.2, host: 8965a546ea16, ports: [REPLICATION=45859, RATIS=38843, RATIS_ADMIN=38843, RATIS_SERVER=38843, STANDALONE=45375], networkLocation: /default-rack, certSerialId: null, persistedOpState: IN_SERVICE, persistedOpStateExpiryEpochSec: 0}, ReplicationConfig: RATIS/ONE, State:ALLOCATED, leaderId:684cf295-c17c-4893-9e72-2df5b9d8a511, CreationTimestamp2021-04-24T02:05:36.068Z] moved to OPEN state
2021-04-24 02:05:39,089 [pool-45-thread-1] INFO  server.RaftServerConfigKeys (ConfUtils.java:logGet(44)) - raft.server.log.write.buffer.size = 1048576 (custom)
2021-04-24 02:05:39,089 [pool-45-thread-1] INFO  server.RaftServerConfigKeys (ConfUtils.java:logGet(44)) - raft.server.log.statemachine.data.caching.enabled = true (custom)
2021-04-24 02:05:39,090 [pool-45-thread-1] INFO  segmented.SegmentedRaftLogWorker (SegmentedRaftLogWorker.java:lambda$new$0(133)) - 684cf295-c17c-4893-9e72-2df5b9d8a511@group-D4A461EBA57E-SegmentedRaftLogWorker: flushIndex: setUnconditionally 0 -> -1
2021-04-24 02:05:39,090 [pool-45-thread-1] INFO  segmented.SegmentedRaftLogWorker (SegmentedRaftLogWorker.java:lambda$new$0(133)) - 684cf295-c17c-4893-9e72-2df5b9d8a511@group-D4A461EBA57E-SegmentedRaftLogWorker: safeCacheEvictIndex: setUnconditionally 0 -> -1
2021-04-24 02:05:39,090 [pool-45-thread-1] INFO  server.RaftServerConfigKeys (ConfUtils.java:logGet(44)) - raft.server.snapshot.auto.trigger.enabled = true (custom)
2021-04-24 02:05:39,090 [pool-45-thread-1] INFO  server.RaftServerConfigKeys (ConfUtils.java:logGet(44)) - raft.server.snapshot.auto.trigger.threshold = 10000 (custom)
2021-04-24 02:05:39,090 [pool-45-thread-1] INFO  server.RaftServerConfigKeys (ConfUtils.java:logGet(44)) - raft.server.snapshot.retention.file.num = 5 (custom)
2021-04-24 02:05:39,090 [pool-45-thread-1] INFO  server.RaftServerConfigKeys (ConfUtils.java:logGet(44)) - raft.server.log.purge.upto.snapshot.index = false (default)
2021-04-24 02:05:39,090 [pool-45-thread-1] INFO  server.RaftServerConfigKeys (ConfUtils.java:logGet(44)) - raft.server.retrycache.expirytime = 600000ms (custom)
2021-04-24 02:05:39,090 [pool-45-thread-1] INFO  server.RaftServerConfigKeys (ConfUtils.java:logGet(44)) - raft.server.retrycache.statistics.expirytime = 100?s (default)
2021-04-24 02:05:39,090 [pool-45-thread-1] INFO  metrics.RatisMetrics (RatisMetrics.java:lambda$create$0(36)) - Creating Metrics Registry : ratis.leader_election.684cf295-c17c-4893-9e72-2df5b9d8a511@group-D4A461EBA57E
2021-04-24 02:05:39,091 [pool-45-thread-1] INFO  metrics.RatisMetrics (RatisMetrics.java:lambda$create$0(36)) - Creating Metrics Registry : ratis.server.684cf295-c17c-4893-9e72-2df5b9d8a511@group-D4A461EBA57E
2021-04-24 02:05:39,095 [pool-45-thread-1] INFO  server.RaftServer$Division (RaftServerImpl.java:start(295)) - 684cf295-c17c-4893-9e72-2df5b9d8a511@group-D4A461EBA57E: start as a follower, conf=-1: [ac07a033-1369-46a0-bf0a-a588a91eea94|rpc:172.17.0.2:33531|priority:1, ca92c278-c157-4e01-bd13-e6ca8f055b98|rpc:172.17.0.2:33657|priority:0, 684cf295-c17c-4893-9e72-2df5b9d8a511|rpc:172.17.0.2:38843|priority:0], old=null
2021-04-24 02:05:39,095 [pool-45-thread-1] INFO  server.RaftServer$Division (RaftServerImpl.java:setRole(284)) - 684cf295-c17c-4893-9e72-2df5b9d8a511@group-D4A461EBA57E: changes role from      null to FOLLOWER at term 0 for startAsFollower
2021-04-24 02:05:39,095 [pool-45-thread-1] INFO  impl.RoleInfo (RoleInfo.java:updateAndGet(130)) - 684cf295-c17c-4893-9e72-2df5b9d8a511: start 684cf295-c17c-4893-9e72-2df5b9d8a511@group-D4A461EBA57E-FollowerState
2021-04-24 02:05:39,096 [EventQueue-OpenPipelineForHealthyPipelineSafeModeRule] INFO  safemode.SCMSafeModeManager (HealthyPipelineSafeModeRule.java:process(130)) - SCM in safe mode. Healthy pipelines reported count is 0, required healthy pipeline reported count is 1
2021-04-24 02:05:39,098 [pool-45-thread-1] INFO  util.JmxRegister (JmxRegister.java:tryRegister(44)) - Successfully registered JMX Bean with object name Ratis:service=RaftServer,group=group-D4A461EBA57E,id=684cf295-c17c-4893-9e72-2df5b9d8a511
2021-04-24 02:05:39,099 [pool-45-thread-1] INFO  metrics.RatisMetrics (RatisMetrics.java:lambda$create$0(36)) - Creating Metrics Registry : ratis.state_machine.684cf295-c17c-4893-9e72-2df5b9d8a511@group-D4A461EBA57E
2021-04-24 02:05:39,100 [EventQueue-PipelineReportForOneReplicaPipelineSafeModeRule] INFO  safemode.SCMSafeModeManager (SCMSafeModeManager.java:validateSafeModeExitRules(201)) - AtleastOneDatanodeReportedRule rule is successfully validated
2021-04-24 02:05:39,100 [EventQueue-OpenPipelineForHealthyPipelineSafeModeRule] INFO  safemode.SCMSafeModeManager (HealthyPipelineSafeModeRule.java:process(130)) - SCM in safe mode. Healthy pipelines reported count is 0, required healthy pipeline reported count is 1
2021-04-24 02:05:39,103 [Command processor thread] INFO  ratis.XceiverServerRatis (XceiverServerRatis.java:addGroup(808)) - Created group PipelineID=3ec4e7fc-4498-408f-91f8-d4a461eba57e
2021-04-24 02:05:39,133 [Command processor thread] INFO  metrics.RatisMetrics (RatisMetrics.java:lambda$create$0(36)) - Creating Metrics Registry : ratis.client_message_metrics.client-E3FC65E68446->ac07a033-1369-46a0-bf0a-a588a91eea94
2021-04-24 02:05:39,381 [Command processor thread] INFO  server.RaftServer (RaftServerProxy.java:addNew(95)) - ca92c278-c157-4e01-bd13-e6ca8f055b98: addNew group-DDA045097A00:[ca92c278-c157-4e01-bd13-e6ca8f055b98|rpc:172.17.0.2:33657|priority:1] returns group-DDA045097A00:java.util.concurrent.CompletableFuture@570a520[Not completed]
2021-04-24 02:05:39,397 [pool-60-thread-1] INFO  server.RaftServer$Division (RaftServerImpl.java:<init>(180)) - ca92c278-c157-4e01-bd13-e6ca8f055b98: new RaftServerImpl for group-DDA045097A00:[ca92c278-c157-4e01-bd13-e6ca8f055b98|rpc:172.17.0.2:33657|priority:1] with ContainerStateMachine:uninitialized
2021-04-24 02:05:39,397 [pool-60-thread-1] INFO  server.RaftServerConfigKeys (ConfUtils.java:logGet(44)) - raft.server.rpc.timeout.min = 5s (custom)
2021-04-24 02:05:39,397 [pool-60-thread-1] INFO  server.RaftServerConfigKeys (ConfUtils.java:logGet(44)) - raft.server.rpc.timeout.max = 5200ms (custom)
2021-04-24 02:05:39,398 [pool-60-thread-1] INFO  server.RaftServerConfigKeys (ConfUtils.java:logGet(44)) - raft.server.rpc.sleep.time = 25ms (default)
2021-04-24 02:05:39,398 [pool-60-thread-1] INFO  server.RaftServerConfigKeys (ConfUtils.java:logGet(44)) - raft.server.rpc.slowness.timeout = 300000ms (custom)
2021-04-24 02:05:39,398 [pool-60-thread-1] INFO  server.RaftServerConfigKeys (ConfUtils.java:logGet(44)) - raft.server.leaderelection.leader.step-down.wait-time = 10s (default)
2021-04-24 02:05:39,398 [pool-60-thread-1] INFO  server.RaftServerConfigKeys (ConfUtils.java:logGet(44)) - raft.server.sleep.deviation.threshold = 300ms (default)
2021-04-24 02:05:39,398 [pool-60-thread-1] INFO  server.RaftServerConfigKeys (ConfUtils.java:logGet(44)) - raft.server.log.appender.install.snapshot.enabled = false (custom)
2021-04-24 02:05:39,398 [pool-60-thread-1] INFO  server.RaftServer$Division (ServerState.java:<init>(105)) - ca92c278-c157-4e01-bd13-e6ca8f055b98@group-DDA045097A00: ConfigurationManager, init=-1: [ca92c278-c157-4e01-bd13-e6ca8f055b98|rpc:172.17.0.2:33657|priority:1], old=null, confs=<EMPTY_MAP>
2021-04-24 02:05:39,398 [pool-60-thread-1] INFO  server.RaftServerConfigKeys (ConfUtils.java:logGet(44)) - raft.server.storage.dir = [/github/workspace/mnt/ozone/hadoop-ozone/integration-test/target/test-dir/MiniOzoneClusterImpl-6998a6cc-0dbe-4d56-81dc-8335dc1dcef2/datanode-1/data/ratis] (custom)
2021-04-24 02:05:39,398 [pool-60-thread-1] INFO  server.RaftServerConfigKeys (ConfUtils.java:logGet(44)) - raft.server.log.corruption.policy = EXCEPTION (default)
2021-04-24 02:05:39,398 [pool-60-thread-1] INFO  storage.RaftStorageDirectory (RaftStorageDirectoryImpl.java:analyzeStorage(132)) - The storage directory /github/workspace/mnt/ozone/hadoop-ozone/integration-test/target/test-dir/MiniOzoneClusterImpl-6998a6cc-0dbe-4d56-81dc-8335dc1dcef2/datanode-1/data/ratis/bbb32df3-6a1d-42d4-8a06-dda045097a00 does not exist. Creating ...
2021-04-24 02:05:39,400 [pool-60-thread-1] INFO  storage.RaftStorageDirectory (RaftStorageDirectoryImpl.java:tryLock(215)) - Lock on /github/workspace/mnt/ozone/hadoop-ozone/integration-test/target/test-dir/MiniOzoneClusterImpl-6998a6cc-0dbe-4d56-81dc-8335dc1dcef2/datanode-1/data/ratis/bbb32df3-6a1d-42d4-8a06-dda045097a00/in_use.lock acquired by nodename 15838@8965a546ea16
2021-04-24 02:05:39,401 [pool-60-thread-1] INFO  storage.RaftStorage (RaftStorageImpl.java:format(87)) - Storage directory /github/workspace/mnt/ozone/hadoop-ozone/integration-test/target/test-dir/MiniOzoneClusterImpl-6998a6cc-0dbe-4d56-81dc-8335dc1dcef2/datanode-1/data/ratis/bbb32df3-6a1d-42d4-8a06-dda045097a00 has been successfully formatted.
2021-04-24 02:05:39,402 [pool-60-thread-1] INFO  ratis.ContainerStateMachine (ContainerStateMachine.java:loadSnapshot(224)) - group-DDA045097A00: The snapshot info is null. Setting the last applied indexto:(t:0, i:~)
2021-04-24 02:05:39,402 [pool-60-thread-1] INFO  server.RaftServerConfigKeys (ConfUtils.java:logGet(44)) - raft.server.notification.no-leader.timeout = 300000ms (custom)
2021-04-24 02:05:39,402 [pool-60-thread-1] INFO  server.RaftServerConfigKeys (ConfUtils.java:logGet(44)) - raft.server.log.use.memory = false (default)
2021-04-24 02:05:39,403 [pool-60-thread-1] INFO  server.RaftServerConfigKeys (ConfUtils.java:logGet(44)) - raft.server.log.purge.gap = 1000000 (custom)
2021-04-24 02:05:39,403 [pool-60-thread-1] INFO  server.RaftServerConfigKeys (ConfUtils.java:logGet(44)) - raft.server.log.appender.buffer.byte-limit = 33554432 (custom)
2021-04-24 02:05:39,403 [pool-60-thread-1] INFO  metrics.RatisMetrics (RatisMetrics.java:lambda$create$0(36)) - Creating Metrics Registry : ratis.log_worker.ca92c278-c157-4e01-bd13-e6ca8f055b98@group-DDA045097A00
2021-04-24 02:05:39,403 [pool-60-thread-1] INFO  server.RaftServerConfigKeys (ConfUtils.java:logGet(44)) - raft.server.log.segment.size.max = 1048576 (custom)
2021-04-24 02:05:39,404 [pool-60-thread-1] INFO  server.RaftServerConfigKeys (ConfUtils.java:logGet(44)) - raft.server.log.segment.cache.num.max = 2 (custom)
2021-04-24 02:05:39,404 [pool-60-thread-1] INFO  server.RaftServerConfigKeys (ConfUtils.java:logGet(44)) - raft.server.log.segment.cache.size.max = 200MB (=209715200) (default)
2021-04-24 02:05:39,404 [pool-60-thread-1] INFO  segmented.SegmentedRaftLogWorker (SegmentedRaftLogWorker.java:<init>(182)) - new ca92c278-c157-4e01-bd13-e6ca8f055b98@group-DDA045097A00-SegmentedRaftLogWorker for RaftStorageImpl:Storage Directory /github/workspace/mnt/ozone/hadoop-ozone/integration-test/target/test-dir/MiniOzoneClusterImpl-6998a6cc-0dbe-4d56-81dc-8335dc1dcef2/datanode-1/data/ratis/bbb32df3-6a1d-42d4-8a06-dda045097a00
2021-04-24 02:05:39,404 [pool-60-thread-1] INFO  server.RaftServerConfigKeys (ConfUtils.java:logGet(44)) - raft.server.log.queue.byte-limit = 2147483647 (custom)
2021-04-24 02:05:39,404 [pool-60-thread-1] INFO  server.RaftServerConfigKeys (ConfUtils.java:logGet(44)) - raft.server.log.queue.element-limit = 1024 (custom)
2021-04-24 02:05:39,404 [pool-60-thread-1] INFO  server.RaftServerConfigKeys (ConfUtils.java:logGet(44)) - raft.server.log.segment.size.max = 1048576 (custom)
2021-04-24 02:05:39,404 [pool-60-thread-1] INFO  server.RaftServerConfigKeys (ConfUtils.java:logGet(44)) - raft.server.log.preallocated.size = 16384 (custom)
2021-04-24 02:05:39,404 [pool-60-thread-1] INFO  server.RaftServerConfigKeys (ConfUtils.java:logGet(44)) - raft.server.log.force.sync.num = 128 (default)
2021-04-24 02:05:39,404 [pool-60-thread-1] INFO  server.RaftServerConfigKeys (ConfUtils.java:logGet(44)) - raft.server.log.statemachine.data.sync = true (default)
2021-04-24 02:05:39,404 [pool-60-thread-1] INFO  server.RaftServerConfigKeys (ConfUtils.java:logGet(44)) - raft.server.log.statemachine.data.sync.timeout = 10s (default)
2021-04-24 02:05:39,404 [pool-60-thread-1] INFO  server.RaftServerConfigKeys (ConfUtils.java:logGet(44)) - raft.server.log.statemachine.data.sync.timeout.retry = -1 (default)
2021-04-24 02:05:39,406 [pool-60-thread-1] INFO  server.RaftServerConfigKeys (ConfUtils.java:logGet(44)) - raft.server.log.write.buffer.size = 1048576 (custom)
2021-04-24 02:05:39,407 [pool-60-thread-1] INFO  server.RaftServerConfigKeys (ConfUtils.java:logGet(44)) - raft.server.log.statemachine.data.caching.enabled = true (custom)
2021-04-24 02:05:39,408 [EventQueue-PipelineReportForPipelineReportHandler] INFO  pipeline.PipelineManagerV2Impl (PipelineManagerV2Impl.java:openPipeline(270)) - Pipeline Pipeline[ Id: bbb32df3-6a1d-42d4-8a06-dda045097a00, Nodes: ca92c278-c157-4e01-bd13-e6ca8f055b98{ip: 172.17.0.2, host: 8965a546ea16, ports: [REPLICATION=37593, RATIS=33657, RATIS_ADMIN=33657, RATIS_SERVER=33657, STANDALONE=33611], networkLocation: /default-rack, certSerialId: null, persistedOpState: IN_SERVICE, persistedOpStateExpiryEpochSec: 0}, ReplicationConfig: RATIS/ONE, State:ALLOCATED, leaderId:ca92c278-c157-4e01-bd13-e6ca8f055b98, CreationTimestamp2021-04-24T02:05:36.359Z] moved to OPEN state
2021-04-24 02:05:39,408 [pool-60-thread-1] INFO  segmented.SegmentedRaftLogWorker (SegmentedRaftLogWorker.java:lambda$new$0(133)) - ca92c278-c157-4e01-bd13-e6ca8f055b98@group-DDA045097A00-SegmentedRaftLogWorker: flushIndex: setUnconditionally 0 -> -1
2021-04-24 02:05:39,408 [pool-60-thread-1] INFO  segmented.SegmentedRaftLogWorker (SegmentedRaftLogWorker.java:lambda$new$0(133)) - ca92c278-c157-4e01-bd13-e6ca8f055b98@group-DDA045097A00-SegmentedRaftLogWorker: safeCacheEvictIndex: setUnconditionally 0 -> -1
2021-04-24 02:05:39,408 [pool-60-thread-1] INFO  server.RaftServerConfigKeys (ConfUtils.java:logGet(44)) - raft.server.snapshot.auto.trigger.enabled = true (custom)
2021-04-24 02:05:39,408 [pool-60-thread-1] INFO  server.RaftServerConfigKeys (ConfUtils.java:logGet(44)) - raft.server.snapshot.auto.trigger.threshold = 10000 (custom)
2021-04-24 02:05:39,412 [pool-60-thread-1] INFO  server.RaftServerConfigKeys (ConfUtils.java:logGet(44)) - raft.server.snapshot.retention.file.num = 5 (custom)
2021-04-24 02:05:39,412 [pool-60-thread-1] INFO  server.RaftServerConfigKeys (ConfUtils.java:logGet(44)) - raft.server.log.purge.upto.snapshot.index = false (default)
2021-04-24 02:05:39,407 [EventQueue-PipelineReportForOneReplicaPipelineSafeModeRule] INFO  safemode.SCMSafeModeManager (SCMSafeModeManager.java:validateSafeModeExitRules(201)) - AtleastOneDatanodeReportedRule rule is successfully validated
2021-04-24 02:05:39,421 [pool-60-thread-1] INFO  server.RaftServerConfigKeys (ConfUtils.java:logGet(44)) - raft.server.retrycache.expirytime = 600000ms (custom)
2021-04-24 02:05:39,427 [pool-60-thread-1] INFO  server.RaftServerConfigKeys (ConfUtils.java:logGet(44)) - raft.server.retrycache.statistics.expirytime = 100?s (default)
2021-04-24 02:05:39,408 [EventQueue-OpenPipelineForHealthyPipelineSafeModeRule] INFO  safemode.SCMSafeModeManager (HealthyPipelineSafeModeRule.java:process(130)) - SCM in safe mode. Healthy pipelines reported count is 0, required healthy pipeline reported count is 1
2021-04-24 02:05:39,427 [pool-60-thread-1] INFO  metrics.RatisMetrics (RatisMetrics.java:lambda$create$0(36)) - Creating Metrics Registry : ratis.leader_election.ca92c278-c157-4e01-bd13-e6ca8f055b98@group-DDA045097A00
2021-04-24 02:05:39,428 [pool-60-thread-1] INFO  metrics.RatisMetrics (RatisMetrics.java:lambda$create$0(36)) - Creating Metrics Registry : ratis.server.ca92c278-c157-4e01-bd13-e6ca8f055b98@group-DDA045097A00
2021-04-24 02:05:39,429 [pool-60-thread-1] INFO  server.RaftServer$Division (RaftServerImpl.java:start(295)) - ca92c278-c157-4e01-bd13-e6ca8f055b98@group-DDA045097A00: start as a follower, conf=-1: [ca92c278-c157-4e01-bd13-e6ca8f055b98|rpc:172.17.0.2:33657|priority:1], old=null
2021-04-24 02:05:39,429 [pool-60-thread-1] INFO  server.RaftServer$Division (RaftServerImpl.java:setRole(284)) - ca92c278-c157-4e01-bd13-e6ca8f055b98@group-DDA045097A00: changes role from      null to FOLLOWER at term 0 for startAsFollower
2021-04-24 02:05:39,429 [pool-60-thread-1] INFO  impl.RoleInfo (RoleInfo.java:updateAndGet(130)) - ca92c278-c157-4e01-bd13-e6ca8f055b98: start ca92c278-c157-4e01-bd13-e6ca8f055b98@group-DDA045097A00-FollowerState
2021-04-24 02:05:39,443 [pool-60-thread-1] INFO  util.JmxRegister (JmxRegister.java:tryRegister(44)) - Successfully registered JMX Bean with object name Ratis:service=RaftServer,group=group-DDA045097A00,id=ca92c278-c157-4e01-bd13-e6ca8f055b98
2021-04-24 02:05:39,443 [pool-60-thread-1] INFO  metrics.RatisMetrics (RatisMetrics.java:lambda$create$0(36)) - Creating Metrics Registry : ratis.state_machine.ca92c278-c157-4e01-bd13-e6ca8f055b98@group-DDA045097A00
2021-04-24 02:05:39,451 [Command processor thread] INFO  ratis.XceiverServerRatis (XceiverServerRatis.java:addGroup(808)) - Created group PipelineID=bbb32df3-6a1d-42d4-8a06-dda045097a00
2021-04-24 02:05:39,451 [Command processor thread] INFO  commandhandler.CreatePipelineCommandHandler (CreatePipelineCommandHandler.java:handle(106)) - Created Pipeline RATIS ONE PipelineID=bbb32df3-6a1d-42d4-8a06-dda045097a00.
2021-04-24 02:05:39,452 [Command processor thread] INFO  server.RaftServer (RaftServerProxy.java:addNew(95)) - ca92c278-c157-4e01-bd13-e6ca8f055b98: addNew group-D4A461EBA57E:[ac07a033-1369-46a0-bf0a-a588a91eea94|rpc:172.17.0.2:33531|priority:1, ca92c278-c157-4e01-bd13-e6ca8f055b98|rpc:172.17.0.2:33657|priority:0, 684cf295-c17c-4893-9e72-2df5b9d8a511|rpc:172.17.0.2:38843|priority:0] returns group-D4A461EBA57E:java.util.concurrent.CompletableFuture@14f2156[Not completed]
2021-04-24 02:05:39,453 [pool-60-thread-1] INFO  server.RaftServer$Division (RaftServerImpl.java:<init>(180)) - ca92c278-c157-4e01-bd13-e6ca8f055b98: new RaftServerImpl for group-D4A461EBA57E:[ac07a033-1369-46a0-bf0a-a588a91eea94|rpc:172.17.0.2:33531|priority:1, ca92c278-c157-4e01-bd13-e6ca8f055b98|rpc:172.17.0.2:33657|priority:0, 684cf295-c17c-4893-9e72-2df5b9d8a511|rpc:172.17.0.2:38843|priority:0] with ContainerStateMachine:uninitialized
2021-04-24 02:05:39,453 [pool-60-thread-1] INFO  server.RaftServerConfigKeys (ConfUtils.java:logGet(44)) - raft.server.rpc.timeout.min = 5s (custom)
2021-04-24 02:05:39,453 [pool-60-thread-1] INFO  server.RaftServerConfigKeys (ConfUtils.java:logGet(44)) - raft.server.rpc.timeout.max = 5200ms (custom)
2021-04-24 02:05:39,453 [pool-60-thread-1] INFO  server.RaftServerConfigKeys (ConfUtils.java:logGet(44)) - raft.server.rpc.sleep.time = 25ms (default)
2021-04-24 02:05:39,453 [pool-60-thread-1] INFO  server.RaftServerConfigKeys (ConfUtils.java:logGet(44)) - raft.server.rpc.slowness.timeout = 300000ms (custom)
2021-04-24 02:05:39,453 [pool-60-thread-1] INFO  server.RaftServerConfigKeys (ConfUtils.java:logGet(44)) - raft.server.leaderelection.leader.step-down.wait-time = 10s (default)
2021-04-24 02:05:39,453 [pool-60-thread-1] INFO  server.RaftServerConfigKeys (ConfUtils.java:logGet(44)) - raft.server.sleep.deviation.threshold = 300ms (default)
2021-04-24 02:05:39,453 [pool-60-thread-1] INFO  server.RaftServerConfigKeys (ConfUtils.java:logGet(44)) - raft.server.log.appender.install.snapshot.enabled = false (custom)
2021-04-24 02:05:39,454 [pool-60-thread-1] INFO  server.RaftServer$Division (ServerState.java:<init>(105)) - ca92c278-c157-4e01-bd13-e6ca8f055b98@group-D4A461EBA57E: ConfigurationManager, init=-1: [ac07a033-1369-46a0-bf0a-a588a91eea94|rpc:172.17.0.2:33531|priority:1, ca92c278-c157-4e01-bd13-e6ca8f055b98|rpc:172.17.0.2:33657|priority:0, 684cf295-c17c-4893-9e72-2df5b9d8a511|rpc:172.17.0.2:38843|priority:0], old=null, confs=<EMPTY_MAP>
2021-04-24 02:05:39,454 [pool-60-thread-1] INFO  server.RaftServerConfigKeys (ConfUtils.java:logGet(44)) - raft.server.storage.dir = [/github/workspace/mnt/ozone/hadoop-ozone/integration-test/target/test-dir/MiniOzoneClusterImpl-6998a6cc-0dbe-4d56-81dc-8335dc1dcef2/datanode-1/data/ratis] (custom)
2021-04-24 02:05:39,454 [pool-60-thread-1] INFO  server.RaftServerConfigKeys (ConfUtils.java:logGet(44)) - raft.server.log.corruption.policy = EXCEPTION (default)
2021-04-24 02:05:39,454 [pool-60-thread-1] INFO  storage.RaftStorageDirectory (RaftStorageDirectoryImpl.java:analyzeStorage(132)) - The storage directory /github/workspace/mnt/ozone/hadoop-ozone/integration-test/target/test-dir/MiniOzoneClusterImpl-6998a6cc-0dbe-4d56-81dc-8335dc1dcef2/datanode-1/data/ratis/3ec4e7fc-4498-408f-91f8-d4a461eba57e does not exist. Creating ...
2021-04-24 02:05:39,456 [pool-60-thread-1] INFO  storage.RaftStorageDirectory (RaftStorageDirectoryImpl.java:tryLock(215)) - Lock on /github/workspace/mnt/ozone/hadoop-ozone/integration-test/target/test-dir/MiniOzoneClusterImpl-6998a6cc-0dbe-4d56-81dc-8335dc1dcef2/datanode-1/data/ratis/3ec4e7fc-4498-408f-91f8-d4a461eba57e/in_use.lock acquired by nodename 15838@8965a546ea16
2021-04-24 02:05:39,458 [pool-60-thread-1] INFO  storage.RaftStorage (RaftStorageImpl.java:format(87)) - Storage directory /github/workspace/mnt/ozone/hadoop-ozone/integration-test/target/test-dir/MiniOzoneClusterImpl-6998a6cc-0dbe-4d56-81dc-8335dc1dcef2/datanode-1/data/ratis/3ec4e7fc-4498-408f-91f8-d4a461eba57e has been successfully formatted.
2021-04-24 02:05:39,458 [pool-60-thread-1] INFO  ratis.ContainerStateMachine (ContainerStateMachine.java:loadSnapshot(224)) - group-D4A461EBA57E: The snapshot info is null. Setting the last applied indexto:(t:0, i:~)
2021-04-24 02:05:39,458 [pool-60-thread-1] INFO  server.RaftServerConfigKeys (ConfUtils.java:logGet(44)) - raft.server.notification.no-leader.timeout = 300000ms (custom)
2021-04-24 02:05:39,459 [pool-60-thread-1] INFO  server.RaftServerConfigKeys (ConfUtils.java:logGet(44)) - raft.server.log.use.memory = false (default)
2021-04-24 02:05:39,459 [pool-60-thread-1] INFO  server.RaftServerConfigKeys (ConfUtils.java:logGet(44)) - raft.server.log.purge.gap = 1000000 (custom)
2021-04-24 02:05:39,459 [pool-60-thread-1] INFO  server.RaftServerConfigKeys (ConfUtils.java:logGet(44)) - raft.server.log.appender.buffer.byte-limit = 33554432 (custom)
2021-04-24 02:05:39,459 [pool-60-thread-1] INFO  metrics.RatisMetrics (RatisMetrics.java:lambda$create$0(36)) - Creating Metrics Registry : ratis.log_worker.ca92c278-c157-4e01-bd13-e6ca8f055b98@group-D4A461EBA57E
2021-04-24 02:05:39,459 [pool-60-thread-1] INFO  server.RaftServerConfigKeys (ConfUtils.java:logGet(44)) - raft.server.log.segment.size.max = 1048576 (custom)
2021-04-24 02:05:39,459 [pool-60-thread-1] INFO  server.RaftServerConfigKeys (ConfUtils.java:logGet(44)) - raft.server.log.segment.cache.num.max = 2 (custom)
2021-04-24 02:05:39,460 [pool-60-thread-1] INFO  server.RaftServerConfigKeys (ConfUtils.java:logGet(44)) - raft.server.log.segment.cache.size.max = 200MB (=209715200) (default)
2021-04-24 02:05:39,460 [pool-60-thread-1] INFO  segmented.SegmentedRaftLogWorker (SegmentedRaftLogWorker.java:<init>(182)) - new ca92c278-c157-4e01-bd13-e6ca8f055b98@group-D4A461EBA57E-SegmentedRaftLogWorker for RaftStorageImpl:Storage Directory /github/workspace/mnt/ozone/hadoop-ozone/integration-test/target/test-dir/MiniOzoneClusterImpl-6998a6cc-0dbe-4d56-81dc-8335dc1dcef2/datanode-1/data/ratis/3ec4e7fc-4498-408f-91f8-d4a461eba57e
2021-04-24 02:05:39,460 [pool-60-thread-1] INFO  server.RaftServerConfigKeys (ConfUtils.java:logGet(44)) - raft.server.log.queue.byte-limit = 2147483647 (custom)
2021-04-24 02:05:39,460 [pool-60-thread-1] INFO  server.RaftServerConfigKeys (ConfUtils.java:logGet(44)) - raft.server.log.queue.element-limit = 1024 (custom)
2021-04-24 02:05:39,460 [pool-60-thread-1] INFO  server.RaftServerConfigKeys (ConfUtils.java:logGet(44)) - raft.server.log.segment.size.max = 1048576 (custom)
2021-04-24 02:05:39,460 [pool-60-thread-1] INFO  server.RaftServerConfigKeys (ConfUtils.java:logGet(44)) - raft.server.log.preallocated.size = 16384 (custom)
2021-04-24 02:05:39,460 [pool-60-thread-1] INFO  server.RaftServerConfigKeys (ConfUtils.java:logGet(44)) - raft.server.log.force.sync.num = 128 (default)
2021-04-24 02:05:39,460 [pool-60-thread-1] INFO  server.RaftServerConfigKeys (ConfUtils.java:logGet(44)) - raft.server.log.statemachine.data.sync = true (default)
2021-04-24 02:05:39,460 [pool-60-thread-1] INFO  server.RaftServerConfigKeys (ConfUtils.java:logGet(44)) - raft.server.log.statemachine.data.sync.timeout = 10s (default)
2021-04-24 02:05:39,460 [pool-60-thread-1] INFO  server.RaftServerConfigKeys (ConfUtils.java:logGet(44)) - raft.server.log.statemachine.data.sync.timeout.retry = -1 (default)
2021-04-24 02:05:39,461 [pool-60-thread-1] INFO  server.RaftServerConfigKeys (ConfUtils.java:logGet(44)) - raft.server.log.write.buffer.size = 1048576 (custom)
2021-04-24 02:05:39,462 [pool-60-thread-1] INFO  server.RaftServerConfigKeys (ConfUtils.java:logGet(44)) - raft.server.log.statemachine.data.caching.enabled = true (custom)
2021-04-24 02:05:39,462 [pool-60-thread-1] INFO  segmented.SegmentedRaftLogWorker (SegmentedRaftLogWorker.java:lambda$new$0(133)) - ca92c278-c157-4e01-bd13-e6ca8f055b98@group-D4A461EBA57E-SegmentedRaftLogWorker: flushIndex: setUnconditionally 0 -> -1
2021-04-24 02:05:39,462 [pool-60-thread-1] INFO  segmented.SegmentedRaftLogWorker (SegmentedRaftLogWorker.java:lambda$new$0(133)) - ca92c278-c157-4e01-bd13-e6ca8f055b98@group-D4A461EBA57E-SegmentedRaftLogWorker: safeCacheEvictIndex: setUnconditionally 0 -> -1
2021-04-24 02:05:39,467 [pool-60-thread-1] INFO  server.RaftServerConfigKeys (ConfUtils.java:logGet(44)) - raft.server.snapshot.auto.trigger.enabled = true (custom)
2021-04-24 02:05:39,467 [pool-60-thread-1] INFO  server.RaftServerConfigKeys (ConfUtils.java:logGet(44)) - raft.server.snapshot.auto.trigger.threshold = 10000 (custom)
2021-04-24 02:05:39,467 [pool-60-thread-1] INFO  server.RaftServerConfigKeys (ConfUtils.java:logGet(44)) - raft.server.snapshot.retention.file.num = 5 (custom)
2021-04-24 02:05:39,468 [pool-60-thread-1] INFO  server.RaftServerConfigKeys (ConfUtils.java:logGet(44)) - raft.server.log.purge.upto.snapshot.index = false (default)
2021-04-24 02:05:39,468 [EventQueue-PipelineReportForOneReplicaPipelineSafeModeRule] INFO  safemode.SCMSafeModeManager (SCMSafeModeManager.java:validateSafeModeExitRules(201)) - AtleastOneDatanodeReportedRule rule is successfully validated
2021-04-24 02:05:39,468 [EventQueue-OpenPipelineForHealthyPipelineSafeModeRule] INFO  safemode.SCMSafeModeManager (HealthyPipelineSafeModeRule.java:process(130)) - SCM in safe mode. Healthy pipelines reported count is 0, required healthy pipeline reported count is 1
2021-04-24 02:05:39,468 [pool-60-thread-1] INFO  server.RaftServerConfigKeys (ConfUtils.java:logGet(44)) - raft.server.retrycache.expirytime = 600000ms (custom)
2021-04-24 02:05:39,468 [pool-60-thread-1] INFO  server.RaftServerConfigKeys (ConfUtils.java:logGet(44)) - raft.server.retrycache.statistics.expirytime = 100?s (default)
2021-04-24 02:05:39,468 [pool-60-thread-1] INFO  metrics.RatisMetrics (RatisMetrics.java:lambda$create$0(36)) - Creating Metrics Registry : ratis.leader_election.ca92c278-c157-4e01-bd13-e6ca8f055b98@group-D4A461EBA57E
2021-04-24 02:05:39,469 [pool-60-thread-1] INFO  metrics.RatisMetrics (RatisMetrics.java:lambda$create$0(36)) - Creating Metrics Registry : ratis.server.ca92c278-c157-4e01-bd13-e6ca8f055b98@group-D4A461EBA57E
2021-04-24 02:05:39,470 [pool-60-thread-1] INFO  server.RaftServer$Division (RaftServerImpl.java:start(295)) - ca92c278-c157-4e01-bd13-e6ca8f055b98@group-D4A461EBA57E: start as a follower, conf=-1: [ac07a033-1369-46a0-bf0a-a588a91eea94|rpc:172.17.0.2:33531|priority:1, ca92c278-c157-4e01-bd13-e6ca8f055b98|rpc:172.17.0.2:33657|priority:0, 684cf295-c17c-4893-9e72-2df5b9d8a511|rpc:172.17.0.2:38843|priority:0], old=null
2021-04-24 02:05:39,470 [pool-60-thread-1] INFO  server.RaftServer$Division (RaftServerImpl.java:setRole(284)) - ca92c278-c157-4e01-bd13-e6ca8f055b98@group-D4A461EBA57E: changes role from      null to FOLLOWER at term 0 for startAsFollower
2021-04-24 02:05:39,470 [pool-60-thread-1] INFO  impl.RoleInfo (RoleInfo.java:updateAndGet(130)) - ca92c278-c157-4e01-bd13-e6ca8f055b98: start ca92c278-c157-4e01-bd13-e6ca8f055b98@group-D4A461EBA57E-FollowerState
2021-04-24 02:05:39,470 [pool-60-thread-1] INFO  util.JmxRegister (JmxRegister.java:tryRegister(44)) - Successfully registered JMX Bean with object name Ratis:service=RaftServer,group=group-D4A461EBA57E,id=ca92c278-c157-4e01-bd13-e6ca8f055b98
2021-04-24 02:05:39,470 [pool-60-thread-1] INFO  metrics.RatisMetrics (RatisMetrics.java:lambda$create$0(36)) - Creating Metrics Registry : ratis.state_machine.ca92c278-c157-4e01-bd13-e6ca8f055b98@group-D4A461EBA57E
2021-04-24 02:05:39,474 [grpc-default-executor-0] INFO  metrics.RatisMetrics (RatisMetrics.java:lambda$create$0(36)) - Creating Metrics Registry : ratis.server_message_metrics.ac07a033-1369-46a0-bf0a-a588a91eea94
2021-04-24 02:05:39,484 [Command processor thread] INFO  ratis.XceiverServerRatis (XceiverServerRatis.java:addGroup(808)) - Created group PipelineID=3ec4e7fc-4498-408f-91f8-d4a461eba57e
2021-04-24 02:05:39,488 [Command processor thread] INFO  metrics.RatisMetrics (RatisMetrics.java:lambda$create$0(36)) - Creating Metrics Registry : ratis.client_message_metrics.client-D422C63DFDD5->ac07a033-1369-46a0-bf0a-a588a91eea94
2021-04-24 02:05:39,504 [grpc-default-executor-0] INFO  server.RaftServer (RaftServerProxy.java:addNew(95)) - ac07a033-1369-46a0-bf0a-a588a91eea94: addNew group-D4A461EBA57E:[ac07a033-1369-46a0-bf0a-a588a91eea94|rpc:172.17.0.2:33531|dataStream:|priority:1, ca92c278-c157-4e01-bd13-e6ca8f055b98|rpc:172.17.0.2:33657|dataStream:|priority:0, 684cf295-c17c-4893-9e72-2df5b9d8a511|rpc:172.17.0.2:38843|dataStream:|priority:0] returns group-D4A461EBA57E:java.util.concurrent.CompletableFuture@b0abbdf[Not completed]
2021-04-24 02:05:39,518 [pool-77-thread-1] INFO  server.RaftServer$Division (RaftServerImpl.java:<init>(180)) - ac07a033-1369-46a0-bf0a-a588a91eea94: new RaftServerImpl for group-D4A461EBA57E:[ac07a033-1369-46a0-bf0a-a588a91eea94|rpc:172.17.0.2:33531|dataStream:|priority:1, ca92c278-c157-4e01-bd13-e6ca8f055b98|rpc:172.17.0.2:33657|dataStream:|priority:0, 684cf295-c17c-4893-9e72-2df5b9d8a511|rpc:172.17.0.2:38843|dataStream:|priority:0] with ContainerStateMachine:uninitialized
2021-04-24 02:05:39,518 [pool-77-thread-1] INFO  server.RaftServerConfigKeys (ConfUtils.java:logGet(44)) - raft.server.rpc.timeout.min = 5s (custom)
2021-04-24 02:05:39,519 [pool-77-thread-1] INFO  server.RaftServerConfigKeys (ConfUtils.java:logGet(44)) - raft.server.rpc.timeout.max = 5200ms (custom)
2021-04-24 02:05:39,519 [pool-77-thread-1] INFO  server.RaftServerConfigKeys (ConfUtils.java:logGet(44)) - raft.server.rpc.sleep.time = 25ms (default)
2021-04-24 02:05:39,519 [pool-77-thread-1] INFO  server.RaftServerConfigKeys (ConfUtils.java:logGet(44)) - raft.server.rpc.slowness.timeout = 300000ms (custom)
2021-04-24 02:05:39,519 [pool-77-thread-1] INFO  server.RaftServerConfigKeys (ConfUtils.java:logGet(44)) - raft.server.leaderelection.leader.step-down.wait-time = 10s (default)
2021-04-24 02:05:39,519 [pool-77-thread-1] INFO  server.RaftServerConfigKeys (ConfUtils.java:logGet(44)) - raft.server.sleep.deviation.threshold = 300ms (default)
2021-04-24 02:05:39,519 [pool-77-thread-1] INFO  server.RaftServerConfigKeys (ConfUtils.java:logGet(44)) - raft.server.log.appender.install.snapshot.enabled = false (custom)
2021-04-24 02:05:39,519 [pool-77-thread-1] INFO  server.RaftServer$Division (ServerState.java:<init>(105)) - ac07a033-1369-46a0-bf0a-a588a91eea94@group-D4A461EBA57E: ConfigurationManager, init=-1: [ac07a033-1369-46a0-bf0a-a588a91eea94|rpc:172.17.0.2:33531|dataStream:|priority:1, ca92c278-c157-4e01-bd13-e6ca8f055b98|rpc:172.17.0.2:33657|dataStream:|priority:0, 684cf295-c17c-4893-9e72-2df5b9d8a511|rpc:172.17.0.2:38843|dataStream:|priority:0], old=null, confs=<EMPTY_MAP>
2021-04-24 02:05:39,519 [pool-77-thread-1] INFO  server.RaftServerConfigKeys (ConfUtils.java:logGet(44)) - raft.server.storage.dir = [/github/workspace/mnt/ozone/hadoop-ozone/integration-test/target/test-dir/MiniOzoneClusterImpl-6998a6cc-0dbe-4d56-81dc-8335dc1dcef2/datanode-2/data/ratis] (custom)
2021-04-24 02:05:39,519 [pool-77-thread-1] INFO  server.RaftServerConfigKeys (ConfUtils.java:logGet(44)) - raft.server.log.corruption.policy = EXCEPTION (default)
2021-04-24 02:05:39,519 [pool-77-thread-1] INFO  storage.RaftStorageDirectory (RaftStorageDirectoryImpl.java:analyzeStorage(132)) - The storage directory /github/workspace/mnt/ozone/hadoop-ozone/integration-test/target/test-dir/MiniOzoneClusterImpl-6998a6cc-0dbe-4d56-81dc-8335dc1dcef2/datanode-2/data/ratis/3ec4e7fc-4498-408f-91f8-d4a461eba57e does not exist. Creating ...
2021-04-24 02:05:39,522 [pool-77-thread-1] INFO  storage.RaftStorageDirectory (RaftStorageDirectoryImpl.java:tryLock(215)) - Lock on /github/workspace/mnt/ozone/hadoop-ozone/integration-test/target/test-dir/MiniOzoneClusterImpl-6998a6cc-0dbe-4d56-81dc-8335dc1dcef2/datanode-2/data/ratis/3ec4e7fc-4498-408f-91f8-d4a461eba57e/in_use.lock acquired by nodename 15838@8965a546ea16
2021-04-24 02:05:39,524 [pool-77-thread-1] INFO  storage.RaftStorage (RaftStorageImpl.java:format(87)) - Storage directory /github/workspace/mnt/ozone/hadoop-ozone/integration-test/target/test-dir/MiniOzoneClusterImpl-6998a6cc-0dbe-4d56-81dc-8335dc1dcef2/datanode-2/data/ratis/3ec4e7fc-4498-408f-91f8-d4a461eba57e has been successfully formatted.
2021-04-24 02:05:39,525 [pool-77-thread-1] INFO  ratis.ContainerStateMachine (ContainerStateMachine.java:loadSnapshot(224)) - group-D4A461EBA57E: The snapshot info is null. Setting the last applied indexto:(t:0, i:~)
2021-04-24 02:05:39,525 [pool-77-thread-1] INFO  server.RaftServerConfigKeys (ConfUtils.java:logGet(44)) - raft.server.notification.no-leader.timeout = 300000ms (custom)
2021-04-24 02:05:39,525 [pool-77-thread-1] INFO  server.RaftServerConfigKeys (ConfUtils.java:logGet(44)) - raft.server.log.use.memory = false (default)
2021-04-24 02:05:39,525 [pool-77-thread-1] INFO  server.RaftServerConfigKeys (ConfUtils.java:logGet(44)) - raft.server.log.purge.gap = 1000000 (custom)
2021-04-24 02:05:39,525 [pool-77-thread-1] INFO  server.RaftServerConfigKeys (ConfUtils.java:logGet(44)) - raft.server.log.appender.buffer.byte-limit = 33554432 (custom)
2021-04-24 02:05:39,525 [pool-77-thread-1] INFO  metrics.RatisMetrics (RatisMetrics.java:lambda$create$0(36)) - Creating Metrics Registry : ratis.log_worker.ac07a033-1369-46a0-bf0a-a588a91eea94@group-D4A461EBA57E
2021-04-24 02:05:39,525 [pool-77-thread-1] INFO  server.RaftServerConfigKeys (ConfUtils.java:logGet(44)) - raft.server.log.segment.size.max = 1048576 (custom)
2021-04-24 02:05:39,526 [pool-77-thread-1] INFO  server.RaftServerConfigKeys (ConfUtils.java:logGet(44)) - raft.server.log.segment.cache.num.max = 2 (custom)
2021-04-24 02:05:39,526 [pool-77-thread-1] INFO  server.RaftServerConfigKeys (ConfUtils.java:logGet(44)) - raft.server.log.segment.cache.size.max = 200MB (=209715200) (default)
2021-04-24 02:05:39,526 [pool-77-thread-1] INFO  segmented.SegmentedRaftLogWorker (SegmentedRaftLogWorker.java:<init>(182)) - new ac07a033-1369-46a0-bf0a-a588a91eea94@group-D4A461EBA57E-SegmentedRaftLogWorker for RaftStorageImpl:Storage Directory /github/workspace/mnt/ozone/hadoop-ozone/integration-test/target/test-dir/MiniOzoneClusterImpl-6998a6cc-0dbe-4d56-81dc-8335dc1dcef2/datanode-2/data/ratis/3ec4e7fc-4498-408f-91f8-d4a461eba57e
2021-04-24 02:05:39,526 [pool-77-thread-1] INFO  server.RaftServerConfigKeys (ConfUtils.java:logGet(44)) - raft.server.log.queue.byte-limit = 2147483647 (custom)
2021-04-24 02:05:39,526 [pool-77-thread-1] INFO  server.RaftServerConfigKeys (ConfUtils.java:logGet(44)) - raft.server.log.queue.element-limit = 1024 (custom)
2021-04-24 02:05:39,527 [pool-77-thread-1] INFO  server.RaftServerConfigKeys (ConfUtils.java:logGet(44)) - raft.server.log.segment.size.max = 1048576 (custom)
2021-04-24 02:05:39,527 [pool-77-thread-1] INFO  server.RaftServerConfigKeys (ConfUtils.java:logGet(44)) - raft.server.log.preallocated.size = 16384 (custom)
2021-04-24 02:05:39,527 [pool-77-thread-1] INFO  server.RaftServerConfigKeys (ConfUtils.java:logGet(44)) - raft.server.log.force.sync.num = 128 (default)
2021-04-24 02:05:39,527 [pool-77-thread-1] INFO  server.RaftServerConfigKeys (ConfUtils.java:logGet(44)) - raft.server.log.statemachine.data.sync = true (default)
2021-04-24 02:05:39,527 [pool-77-thread-1] INFO  server.RaftServerConfigKeys (ConfUtils.java:logGet(44)) - raft.server.log.statemachine.data.sync.timeout = 10s (default)
2021-04-24 02:05:39,527 [pool-77-thread-1] INFO  server.RaftServerConfigKeys (ConfUtils.java:logGet(44)) - raft.server.log.statemachine.data.sync.timeout.retry = -1 (default)
2021-04-24 02:05:39,529 [pool-77-thread-1] INFO  server.RaftServerConfigKeys (ConfUtils.java:logGet(44)) - raft.server.log.write.buffer.size = 1048576 (custom)
2021-04-24 02:05:39,530 [EventQueue-PipelineReportForOneReplicaPipelineSafeModeRule] INFO  safemode.SCMSafeModeManager (SCMSafeModeManager.java:validateSafeModeExitRules(201)) - AtleastOneDatanodeReportedRule rule is successfully validated
2021-04-24 02:05:39,531 [pool-77-thread-1] INFO  server.RaftServerConfigKeys (ConfUtils.java:logGet(44)) - raft.server.log.statemachine.data.caching.enabled = true (custom)
2021-04-24 02:05:39,531 [pool-77-thread-1] INFO  segmented.SegmentedRaftLogWorker (SegmentedRaftLogWorker.java:lambda$new$0(133)) - ac07a033-1369-46a0-bf0a-a588a91eea94@group-D4A461EBA57E-SegmentedRaftLogWorker: flushIndex: setUnconditionally 0 -> -1
2021-04-24 02:05:39,531 [pool-77-thread-1] INFO  segmented.SegmentedRaftLogWorker (SegmentedRaftLogWorker.java:lambda$new$0(133)) - ac07a033-1369-46a0-bf0a-a588a91eea94@group-D4A461EBA57E-SegmentedRaftLogWorker: safeCacheEvictIndex: setUnconditionally 0 -> -1
2021-04-24 02:05:39,539 [pool-77-thread-1] INFO  server.RaftServerConfigKeys (ConfUtils.java:logGet(44)) - raft.server.snapshot.auto.trigger.enabled = true (custom)
2021-04-24 02:05:39,539 [pool-77-thread-1] INFO  server.RaftServerConfigKeys (ConfUtils.java:logGet(44)) - raft.server.snapshot.auto.trigger.threshold = 10000 (custom)
2021-04-24 02:05:39,539 [pool-77-thread-1] INFO  server.RaftServerConfigKeys (ConfUtils.java:logGet(44)) - raft.server.snapshot.retention.file.num = 5 (custom)
2021-04-24 02:05:39,539 [pool-77-thread-1] INFO  server.RaftServerConfigKeys (ConfUtils.java:logGet(44)) - raft.server.log.purge.upto.snapshot.index = false (default)
2021-04-24 02:05:39,539 [pool-77-thread-1] INFO  server.RaftServerConfigKeys (ConfUtils.java:logGet(44)) - raft.server.retrycache.expirytime = 600000ms (custom)
2021-04-24 02:05:39,539 [pool-77-thread-1] INFO  server.RaftServerConfigKeys (ConfUtils.java:logGet(44)) - raft.server.retrycache.statistics.expirytime = 100?s (default)
2021-04-24 02:05:39,540 [pool-77-thread-1] INFO  metrics.RatisMetrics (RatisMetrics.java:lambda$create$0(36)) - Creating Metrics Registry : ratis.leader_election.ac07a033-1369-46a0-bf0a-a588a91eea94@group-D4A461EBA57E
2021-04-24 02:05:39,540 [pool-77-thread-1] INFO  metrics.RatisMetrics (RatisMetrics.java:lambda$create$0(36)) - Creating Metrics Registry : ratis.server.ac07a033-1369-46a0-bf0a-a588a91eea94@group-D4A461EBA57E
2021-04-24 02:05:39,541 [pool-77-thread-1] INFO  server.RaftServer$Division (RaftServerImpl.java:start(295)) - ac07a033-1369-46a0-bf0a-a588a91eea94@group-D4A461EBA57E: start as a follower, conf=-1: [ac07a033-1369-46a0-bf0a-a588a91eea94|rpc:172.17.0.2:33531|dataStream:|priority:1, ca92c278-c157-4e01-bd13-e6ca8f055b98|rpc:172.17.0.2:33657|dataStream:|priority:0, 684cf295-c17c-4893-9e72-2df5b9d8a511|rpc:172.17.0.2:38843|dataStream:|priority:0], old=null
2021-04-24 02:05:39,541 [pool-77-thread-1] INFO  server.RaftServer$Division (RaftServerImpl.java:setRole(284)) - ac07a033-1369-46a0-bf0a-a588a91eea94@group-D4A461EBA57E: changes role from      null to FOLLOWER at term 0 for startAsFollower
2021-04-24 02:05:39,541 [pool-77-thread-1] INFO  impl.RoleInfo (RoleInfo.java:updateAndGet(130)) - ac07a033-1369-46a0-bf0a-a588a91eea94: start ac07a033-1369-46a0-bf0a-a588a91eea94@group-D4A461EBA57E-FollowerState
2021-04-24 02:05:39,542 [pool-77-thread-1] INFO  util.JmxRegister (JmxRegister.java:tryRegister(44)) - Successfully registered JMX Bean with object name Ratis:service=RaftServer,group=group-D4A461EBA57E,id=ac07a033-1369-46a0-bf0a-a588a91eea94
2021-04-24 02:05:39,542 [pool-77-thread-1] INFO  metrics.RatisMetrics (RatisMetrics.java:lambda$create$0(36)) - Creating Metrics Registry : ratis.state_machine.ac07a033-1369-46a0-bf0a-a588a91eea94@group-D4A461EBA57E
2021-04-24 02:05:39,569 [Listener at 127.0.0.1/41437] INFO  ozone.MiniOzoneClusterImpl (MiniOzoneClusterImpl.java:lambda$waitForClusterToBeReady$0(223)) - Nodes are ready. Got 7 of 7 DN Heartbeats.
2021-04-24 02:05:39,569 [Listener at 127.0.0.1/41437] INFO  ozone.MiniOzoneClusterImpl (MiniOzoneClusterImpl.java:lambda$waitForClusterToBeReady$0(226)) - Waiting for cluster to exit safe mode
2021-04-24 02:05:39,569 [Listener at 127.0.0.1/41437] INFO  ozone.MiniOzoneClusterImpl (MiniOzoneClusterImpl.java:lambda$waitForClusterToBeReady$0(229)) - SCM became leader
2021-04-24 02:05:39,610 [Command processor thread] INFO  metrics.RatisMetrics (RatisMetrics.java:lambda$create$0(36)) - Creating Metrics Registry : ratis.client_message_metrics.client-989DD4D0E053->ca92c278-c157-4e01-bd13-e6ca8f055b98
2021-04-24 02:05:39,616 [Command processor thread] INFO  metrics.RatisMetrics (RatisMetrics.java:lambda$create$0(36)) - Creating Metrics Registry : ratis.client_message_metrics.client-0AD60E311F9D->684cf295-c17c-4893-9e72-2df5b9d8a511
2021-04-24 02:05:39,632 [grpc-default-executor-1] INFO  metrics.RatisMetrics (RatisMetrics.java:lambda$create$0(36)) - Creating Metrics Registry : ratis.server_message_metrics.ca92c278-c157-4e01-bd13-e6ca8f055b98
2021-04-24 02:05:39,634 [grpc-default-executor-0] INFO  metrics.RatisMetrics (RatisMetrics.java:lambda$create$0(36)) - Creating Metrics Registry : ratis.server_message_metrics.684cf295-c17c-4893-9e72-2df5b9d8a511
2021-04-24 02:05:39,654 [Command processor thread] INFO  commandhandler.CreatePipelineCommandHandler (CreatePipelineCommandHandler.java:handle(106)) - Created Pipeline RATIS THREE PipelineID=3ec4e7fc-4498-408f-91f8-d4a461eba57e.
2021-04-24 02:05:39,654 [Command processor thread] INFO  server.RaftServer (RaftServerProxy.java:addNew(95)) - 684cf295-c17c-4893-9e72-2df5b9d8a511: addNew group-3EC95D05B866:[ac07a033-1369-46a0-bf0a-a588a91eea94|rpc:172.17.0.2:33531|priority:0, ca92c278-c157-4e01-bd13-e6ca8f055b98|rpc:172.17.0.2:33657|priority:0, 684cf295-c17c-4893-9e72-2df5b9d8a511|rpc:172.17.0.2:38843|priority:1] returns group-3EC95D05B866:java.util.concurrent.CompletableFuture@5cb0cd85[Not completed]
2021-04-24 02:05:39,655 [pool-45-thread-1] INFO  server.RaftServer$Division (RaftServerImpl.java:<init>(180)) - 684cf295-c17c-4893-9e72-2df5b9d8a511: new RaftServerImpl for group-3EC95D05B866:[ac07a033-1369-46a0-bf0a-a588a91eea94|rpc:172.17.0.2:33531|priority:0, ca92c278-c157-4e01-bd13-e6ca8f055b98|rpc:172.17.0.2:33657|priority:0, 684cf295-c17c-4893-9e72-2df5b9d8a511|rpc:172.17.0.2:38843|priority:1] with ContainerStateMachine:uninitialized
2021-04-24 02:05:39,655 [pool-45-thread-1] INFO  server.RaftServerConfigKeys (ConfUtils.java:logGet(44)) - raft.server.rpc.timeout.min = 5s (custom)
2021-04-24 02:05:39,656 [pool-45-thread-1] INFO  server.RaftServerConfigKeys (ConfUtils.java:logGet(44)) - raft.server.rpc.timeout.max = 5200ms (custom)
2021-04-24 02:05:39,656 [pool-45-thread-1] INFO  server.RaftServerConfigKeys (ConfUtils.java:logGet(44)) - raft.server.rpc.sleep.time = 25ms (default)
2021-04-24 02:05:39,656 [pool-45-thread-1] INFO  server.RaftServerConfigKeys (ConfUtils.java:logGet(44)) - raft.server.rpc.slowness.timeout = 300000ms (custom)
2021-04-24 02:05:39,656 [pool-45-thread-1] INFO  server.RaftServerConfigKeys (ConfUtils.java:logGet(44)) - raft.server.leaderelection.leader.step-down.wait-time = 10s (default)
2021-04-24 02:05:39,656 [pool-45-thread-1] INFO  server.RaftServerConfigKeys (ConfUtils.java:logGet(44)) - raft.server.sleep.deviation.threshold = 300ms (default)
2021-04-24 02:05:39,656 [pool-45-thread-1] INFO  server.RaftServerConfigKeys (ConfUtils.java:logGet(44)) - raft.server.log.appender.install.snapshot.enabled = false (custom)
2021-04-24 02:05:39,656 [pool-45-thread-1] INFO  server.RaftServer$Division (ServerState.java:<init>(105)) - 684cf295-c17c-4893-9e72-2df5b9d8a511@group-3EC95D05B866: ConfigurationManager, init=-1: [ac07a033-1369-46a0-bf0a-a588a91eea94|rpc:172.17.0.2:33531|priority:0, ca92c278-c157-4e01-bd13-e6ca8f055b98|rpc:172.17.0.2:33657|priority:0, 684cf295-c17c-4893-9e72-2df5b9d8a511|rpc:172.17.0.2:38843|priority:1], old=null, confs=<EMPTY_MAP>
2021-04-24 02:05:39,656 [pool-45-thread-1] INFO  server.RaftServerConfigKeys (ConfUtils.java:logGet(44)) - raft.server.storage.dir = [/github/workspace/mnt/ozone/hadoop-ozone/integration-test/target/test-dir/MiniOzoneClusterImpl-6998a6cc-0dbe-4d56-81dc-8335dc1dcef2/datanode-0/data/ratis] (custom)
2021-04-24 02:05:39,656 [pool-45-thread-1] INFO  server.RaftServerConfigKeys (ConfUtils.java:logGet(44)) - raft.server.log.corruption.policy = EXCEPTION (default)
2021-04-24 02:05:39,656 [pool-45-thread-1] INFO  storage.RaftStorageDirectory (RaftStorageDirectoryImpl.java:analyzeStorage(132)) - The storage directory /github/workspace/mnt/ozone/hadoop-ozone/integration-test/target/test-dir/MiniOzoneClusterImpl-6998a6cc-0dbe-4d56-81dc-8335dc1dcef2/datanode-0/data/ratis/719f748f-ff1a-4531-87e9-3ec95d05b866 does not exist. Creating ...
2021-04-24 02:05:39,658 [pool-45-thread-1] INFO  storage.RaftStorageDirectory (RaftStorageDirectoryImpl.java:tryLock(215)) - Lock on /github/workspace/mnt/ozone/hadoop-ozone/integration-test/target/test-dir/MiniOzoneClusterImpl-6998a6cc-0dbe-4d56-81dc-8335dc1dcef2/datanode-0/data/ratis/719f748f-ff1a-4531-87e9-3ec95d05b866/in_use.lock acquired by nodename 15838@8965a546ea16
2021-04-24 02:05:39,659 [pool-45-thread-1] INFO  storage.RaftStorage (RaftStorageImpl.java:format(87)) - Storage directory /github/workspace/mnt/ozone/hadoop-ozone/integration-test/target/test-dir/MiniOzoneClusterImpl-6998a6cc-0dbe-4d56-81dc-8335dc1dcef2/datanode-0/data/ratis/719f748f-ff1a-4531-87e9-3ec95d05b866 has been successfully formatted.
2021-04-24 02:05:39,660 [pool-45-thread-1] INFO  ratis.ContainerStateMachine (ContainerStateMachine.java:loadSnapshot(224)) - group-3EC95D05B866: The snapshot info is null. Setting the last applied indexto:(t:0, i:~)
2021-04-24 02:05:39,660 [pool-45-thread-1] INFO  server.RaftServerConfigKeys (ConfUtils.java:logGet(44)) - raft.server.notification.no-leader.timeout = 300000ms (custom)
2021-04-24 02:05:39,660 [pool-45-thread-1] INFO  server.RaftServerConfigKeys (ConfUtils.java:logGet(44)) - raft.server.log.use.memory = false (default)
2021-04-24 02:05:39,661 [pool-45-thread-1] INFO  server.RaftServerConfigKeys (ConfUtils.java:logGet(44)) - raft.server.log.purge.gap = 1000000 (custom)
2021-04-24 02:05:39,661 [pool-45-thread-1] INFO  server.RaftServerConfigKeys (ConfUtils.java:logGet(44)) - raft.server.log.appender.buffer.byte-limit = 33554432 (custom)
2021-04-24 02:05:39,661 [pool-45-thread-1] INFO  metrics.RatisMetrics (RatisMetrics.java:lambda$create$0(36)) - Creating Metrics Registry : ratis.log_worker.684cf295-c17c-4893-9e72-2df5b9d8a511@group-3EC95D05B866
2021-04-24 02:05:39,661 [pool-45-thread-1] INFO  server.RaftServerConfigKeys (ConfUtils.java:logGet(44)) - raft.server.log.segment.size.max = 1048576 (custom)
2021-04-24 02:05:39,661 [pool-45-thread-1] INFO  server.RaftServerConfigKeys (ConfUtils.java:logGet(44)) - raft.server.log.segment.cache.num.max = 2 (custom)
2021-04-24 02:05:39,661 [pool-45-thread-1] INFO  server.RaftServerConfigKeys (ConfUtils.java:logGet(44)) - raft.server.log.segment.cache.size.max = 200MB (=209715200) (default)
2021-04-24 02:05:39,661 [pool-45-thread-1] INFO  segmented.SegmentedRaftLogWorker (SegmentedRaftLogWorker.java:<init>(182)) - new 684cf295-c17c-4893-9e72-2df5b9d8a511@group-3EC95D05B866-SegmentedRaftLogWorker for RaftStorageImpl:Storage Directory /github/workspace/mnt/ozone/hadoop-ozone/integration-test/target/test-dir/MiniOzoneClusterImpl-6998a6cc-0dbe-4d56-81dc-8335dc1dcef2/datanode-0/data/ratis/719f748f-ff1a-4531-87e9-3ec95d05b866
2021-04-24 02:05:39,661 [pool-45-thread-1] INFO  server.RaftServerConfigKeys (ConfUtils.java:logGet(44)) - raft.server.log.queue.byte-limit = 2147483647 (custom)
2021-04-24 02:05:39,662 [pool-45-thread-1] INFO  server.RaftServerConfigKeys (ConfUtils.java:logGet(44)) - raft.server.log.queue.element-limit = 1024 (custom)
2021-04-24 02:05:39,662 [pool-45-thread-1] INFO  server.RaftServerConfigKeys (ConfUtils.java:logGet(44)) - raft.server.log.segment.size.max = 1048576 (custom)
2021-04-24 02:05:39,662 [pool-45-thread-1] INFO  server.RaftServerConfigKeys (ConfUtils.java:logGet(44)) - raft.server.log.preallocated.size = 16384 (custom)
2021-04-24 02:05:39,662 [pool-45-thread-1] INFO  server.RaftServerConfigKeys (ConfUtils.java:logGet(44)) - raft.server.log.force.sync.num = 128 (default)
2021-04-24 02:05:39,662 [pool-45-thread-1] INFO  server.RaftServerConfigKeys (ConfUtils.java:logGet(44)) - raft.server.log.statemachine.data.sync = true (default)
2021-04-24 02:05:39,662 [pool-45-thread-1] INFO  server.RaftServerConfigKeys (ConfUtils.java:logGet(44)) - raft.server.log.statemachine.data.sync.timeout = 10s (default)
2021-04-24 02:05:39,662 [pool-45-thread-1] INFO  server.RaftServerConfigKeys (ConfUtils.java:logGet(44)) - raft.server.log.statemachine.data.sync.timeout.retry = -1 (default)
2021-04-24 02:05:39,663 [pool-45-thread-1] INFO  server.RaftServerConfigKeys (ConfUtils.java:logGet(44)) - raft.server.log.write.buffer.size = 1048576 (custom)
2021-04-24 02:05:39,664 [pool-45-thread-1] INFO  server.RaftServerConfigKeys (ConfUtils.java:logGet(44)) - raft.server.log.statemachine.data.caching.enabled = true (custom)
2021-04-24 02:05:39,664 [pool-45-thread-1] INFO  segmented.SegmentedRaftLogWorker (SegmentedRaftLogWorker.java:lambda$new$0(133)) - 684cf295-c17c-4893-9e72-2df5b9d8a511@group-3EC95D05B866-SegmentedRaftLogWorker: flushIndex: setUnconditionally 0 -> -1
2021-04-24 02:05:39,664 [pool-45-thread-1] INFO  segmented.SegmentedRaftLogWorker (SegmentedRaftLogWorker.java:lambda$new$0(133)) - 684cf295-c17c-4893-9e72-2df5b9d8a511@group-3EC95D05B866-SegmentedRaftLogWorker: safeCacheEvictIndex: setUnconditionally 0 -> -1
2021-04-24 02:05:39,665 [EventQueue-PipelineReportForOneReplicaPipelineSafeModeRule] INFO  safemode.SCMSafeModeManager (SCMSafeModeManager.java:validateSafeModeExitRules(201)) - AtleastOneDatanodeReportedRule rule is successfully validated
2021-04-24 02:05:39,665 [EventQueue-OpenPipelineForHealthyPipelineSafeModeRule] INFO  safemode.SCMSafeModeManager (HealthyPipelineSafeModeRule.java:process(130)) - SCM in safe mode. Healthy pipelines reported count is 0, required healthy pipeline reported count is 1
2021-04-24 02:05:39,670 [pool-45-thread-1] INFO  server.RaftServerConfigKeys (ConfUtils.java:logGet(44)) - raft.server.snapshot.auto.trigger.enabled = true (custom)
2021-04-24 02:05:39,678 [pool-45-thread-1] INFO  server.RaftServerConfigKeys (ConfUtils.java:logGet(44)) - raft.server.snapshot.auto.trigger.threshold = 10000 (custom)
2021-04-24 02:05:39,678 [pool-45-thread-1] INFO  server.RaftServerConfigKeys (ConfUtils.java:logGet(44)) - raft.server.snapshot.retention.file.num = 5 (custom)
2021-04-24 02:05:39,678 [pool-45-thread-1] INFO  server.RaftServerConfigKeys (ConfUtils.java:logGet(44)) - raft.server.log.purge.upto.snapshot.index = false (default)
2021-04-24 02:05:39,678 [pool-45-thread-1] INFO  server.RaftServerConfigKeys (ConfUtils.java:logGet(44)) - raft.server.retrycache.expirytime = 600000ms (custom)
2021-04-24 02:05:39,678 [pool-45-thread-1] INFO  server.RaftServerConfigKeys (ConfUtils.java:logGet(44)) - raft.server.retrycache.statistics.expirytime = 100?s (default)
2021-04-24 02:05:39,678 [pool-45-thread-1] INFO  metrics.RatisMetrics (RatisMetrics.java:lambda$create$0(36)) - Creating Metrics Registry : ratis.leader_election.684cf295-c17c-4893-9e72-2df5b9d8a511@group-3EC95D05B866
2021-04-24 02:05:39,678 [pool-45-thread-1] INFO  metrics.RatisMetrics (RatisMetrics.java:lambda$create$0(36)) - Creating Metrics Registry : ratis.server.684cf295-c17c-4893-9e72-2df5b9d8a511@group-3EC95D05B866
2021-04-24 02:05:39,679 [Command processor thread] INFO  server.RaftServer (RaftServerProxy.java:addNew(95)) - ac07a033-1369-46a0-bf0a-a588a91eea94: addNew group-318EF334BFD0:[ac07a033-1369-46a0-bf0a-a588a91eea94|rpc:172.17.0.2:33531|priority:1] returns group-318EF334BFD0:java.util.concurrent.CompletableFuture@6b18311[Not completed]
2021-04-24 02:05:39,680 [pool-77-thread-1] INFO  server.RaftServer$Division (RaftServerImpl.java:<init>(180)) - ac07a033-1369-46a0-bf0a-a588a91eea94: new RaftServerImpl for group-318EF334BFD0:[ac07a033-1369-46a0-bf0a-a588a91eea94|rpc:172.17.0.2:33531|priority:1] with ContainerStateMachine:uninitialized
2021-04-24 02:05:39,680 [pool-77-thread-1] INFO  server.RaftServerConfigKeys (ConfUtils.java:logGet(44)) - raft.server.rpc.timeout.min = 5s (custom)
2021-04-24 02:05:39,680 [pool-77-thread-1] INFO  server.RaftServerConfigKeys (ConfUtils.java:logGet(44)) - raft.server.rpc.timeout.max = 5200ms (custom)
2021-04-24 02:05:39,680 [pool-77-thread-1] INFO  server.RaftServerConfigKeys (ConfUtils.java:logGet(44)) - raft.server.rpc.sleep.time = 25ms (default)
2021-04-24 02:05:39,680 [pool-77-thread-1] INFO  server.RaftServerConfigKeys (ConfUtils.java:logGet(44)) - raft.server.rpc.slowness.timeout = 300000ms (custom)
2021-04-24 02:05:39,680 [pool-77-thread-1] INFO  server.RaftServerConfigKeys (ConfUtils.java:logGet(44)) - raft.server.leaderelection.leader.step-down.wait-time = 10s (default)
2021-04-24 02:05:39,680 [pool-77-thread-1] INFO  server.RaftServerConfigKeys (ConfUtils.java:logGet(44)) - raft.server.sleep.deviation.threshold = 300ms (default)
2021-04-24 02:05:39,680 [pool-77-thread-1] INFO  server.RaftServerConfigKeys (ConfUtils.java:logGet(44)) - raft.server.log.appender.install.snapshot.enabled = false (custom)
2021-04-24 02:05:39,680 [pool-77-thread-1] INFO  server.RaftServer$Division (ServerState.java:<init>(105)) - ac07a033-1369-46a0-bf0a-a588a91eea94@group-318EF334BFD0: ConfigurationManager, init=-1: [ac07a033-1369-46a0-bf0a-a588a91eea94|rpc:172.17.0.2:33531|priority:1], old=null, confs=<EMPTY_MAP>
2021-04-24 02:05:39,680 [pool-77-thread-1] INFO  server.RaftServerConfigKeys (ConfUtils.java:logGet(44)) - raft.server.storage.dir = [/github/workspace/mnt/ozone/hadoop-ozone/integration-test/target/test-dir/MiniOzoneClusterImpl-6998a6cc-0dbe-4d56-81dc-8335dc1dcef2/datanode-2/data/ratis] (custom)
2021-04-24 02:05:39,681 [pool-77-thread-1] INFO  server.RaftServerConfigKeys (ConfUtils.java:logGet(44)) - raft.server.log.corruption.policy = EXCEPTION (default)
2021-04-24 02:05:39,681 [pool-77-thread-1] INFO  storage.RaftStorageDirectory (RaftStorageDirectoryImpl.java:analyzeStorage(132)) - The storage directory /github/workspace/mnt/ozone/hadoop-ozone/integration-test/target/test-dir/MiniOzoneClusterImpl-6998a6cc-0dbe-4d56-81dc-8335dc1dcef2/datanode-2/data/ratis/5b5251c5-61bd-4aca-85de-318ef334bfd0 does not exist. Creating ...
2021-04-24 02:05:39,682 [pool-77-thread-1] INFO  storage.RaftStorageDirectory (RaftStorageDirectoryImpl.java:tryLock(215)) - Lock on /github/workspace/mnt/ozone/hadoop-ozone/integration-test/target/test-dir/MiniOzoneClusterImpl-6998a6cc-0dbe-4d56-81dc-8335dc1dcef2/datanode-2/data/ratis/5b5251c5-61bd-4aca-85de-318ef334bfd0/in_use.lock acquired by nodename 15838@8965a546ea16
2021-04-24 02:05:39,682 [pool-45-thread-1] INFO  server.RaftServer$Division (RaftServerImpl.java:start(295)) - 684cf295-c17c-4893-9e72-2df5b9d8a511@group-3EC95D05B866: start as a follower, conf=-1: [ac07a033-1369-46a0-bf0a-a588a91eea94|rpc:172.17.0.2:33531|priority:0, ca92c278-c157-4e01-bd13-e6ca8f055b98|rpc:172.17.0.2:33657|priority:0, 684cf295-c17c-4893-9e72-2df5b9d8a511|rpc:172.17.0.2:38843|priority:1], old=null
2021-04-24 02:05:39,682 [pool-45-thread-1] INFO  server.RaftServer$Division (RaftServerImpl.java:setRole(284)) - 684cf295-c17c-4893-9e72-2df5b9d8a511@group-3EC95D05B866: changes role from      null to FOLLOWER at term 0 for startAsFollower
2021-04-24 02:05:39,682 [pool-45-thread-1] INFO  impl.RoleInfo (RoleInfo.java:updateAndGet(130)) - 684cf295-c17c-4893-9e72-2df5b9d8a511: start 684cf295-c17c-4893-9e72-2df5b9d8a511@group-3EC95D05B866-FollowerState
2021-04-24 02:05:39,683 [pool-77-thread-1] INFO  storage.RaftStorage (RaftStorageImpl.java:format(87)) - Storage directory /github/workspace/mnt/ozone/hadoop-ozone/integration-test/target/test-dir/MiniOzoneClusterImpl-6998a6cc-0dbe-4d56-81dc-8335dc1dcef2/datanode-2/data/ratis/5b5251c5-61bd-4aca-85de-318ef334bfd0 has been successfully formatted.
2021-04-24 02:05:39,685 [Command processor thread] INFO  commandhandler.CreatePipelineCommandHandler (CreatePipelineCommandHandler.java:handle(106)) - Created Pipeline RATIS THREE PipelineID=3ec4e7fc-4498-408f-91f8-d4a461eba57e.
2021-04-24 02:05:39,685 [Command processor thread] INFO  server.RaftServer (RaftServerProxy.java:addNew(95)) - ca92c278-c157-4e01-bd13-e6ca8f055b98: addNew group-3EC95D05B866:[ac07a033-1369-46a0-bf0a-a588a91eea94|rpc:172.17.0.2:33531|priority:0, ca92c278-c157-4e01-bd13-e6ca8f055b98|rpc:172.17.0.2:33657|priority:0, 684cf295-c17c-4893-9e72-2df5b9d8a511|rpc:172.17.0.2:38843|priority:1] returns group-3EC95D05B866:java.util.concurrent.CompletableFuture@10db286e[Not completed]
2021-04-24 02:05:39,686 [pool-60-thread-1] INFO  server.RaftServer$Division (RaftServerImpl.java:<init>(180)) - ca92c278-c157-4e01-bd13-e6ca8f055b98: new RaftServerImpl for group-3EC95D05B866:[ac07a033-1369-46a0-bf0a-a588a91eea94|rpc:172.17.0.2:33531|priority:0, ca92c278-c157-4e01-bd13-e6ca8f055b98|rpc:172.17.0.2:33657|priority:0, 684cf295-c17c-4893-9e72-2df5b9d8a511|rpc:172.17.0.2:38843|priority:1] with ContainerStateMachine:uninitialized
2021-04-24 02:05:39,686 [pool-60-thread-1] INFO  server.RaftServerConfigKeys (ConfUtils.java:logGet(44)) - raft.server.rpc.timeout.min = 5s (custom)
2021-04-24 02:05:39,686 [pool-60-thread-1] INFO  server.RaftServerConfigKeys (ConfUtils.java:logGet(44)) - raft.server.rpc.timeout.max = 5200ms (custom)
2021-04-24 02:05:39,686 [pool-60-thread-1] INFO  server.RaftServerConfigKeys (ConfUtils.java:logGet(44)) - raft.server.rpc.sleep.time = 25ms (default)
2021-04-24 02:05:39,686 [pool-60-thread-1] INFO  server.RaftServerConfigKeys (ConfUtils.java:logGet(44)) - raft.server.rpc.slowness.timeout = 300000ms (custom)
2021-04-24 02:05:39,689 [pool-77-thread-1] INFO  ratis.ContainerStateMachine (ContainerStateMachine.java:loadSnapshot(224)) - group-318EF334BFD0: The snapshot info is null. Setting the last applied indexto:(t:0, i:~)
2021-04-24 02:05:39,689 [pool-77-thread-1] INFO  server.RaftServerConfigKeys (ConfUtils.java:logGet(44)) - raft.server.notification.no-leader.timeout = 300000ms (custom)
2021-04-24 02:05:39,689 [pool-77-thread-1] INFO  server.RaftServerConfigKeys (ConfUtils.java:logGet(44)) - raft.server.log.use.memory = false (default)
2021-04-24 02:05:39,689 [pool-77-thread-1] INFO  server.RaftServerConfigKeys (ConfUtils.java:logGet(44)) - raft.server.log.purge.gap = 1000000 (custom)
2021-04-24 02:05:39,689 [pool-77-thread-1] INFO  server.RaftServerConfigKeys (ConfUtils.java:logGet(44)) - raft.server.log.appender.buffer.byte-limit = 33554432 (custom)
2021-04-24 02:05:39,689 [pool-77-thread-1] INFO  metrics.RatisMetrics (RatisMetrics.java:lambda$create$0(36)) - Creating Metrics Registry : ratis.log_worker.ac07a033-1369-46a0-bf0a-a588a91eea94@group-318EF334BFD0
2021-04-24 02:05:39,689 [pool-60-thread-1] INFO  server.RaftServerConfigKeys (ConfUtils.java:logGet(44)) - raft.server.leaderelection.leader.step-down.wait-time = 10s (default)
2021-04-24 02:05:39,690 [pool-60-thread-1] INFO  server.RaftServerConfigKeys (ConfUtils.java:logGet(44)) - raft.server.sleep.deviation.threshold = 300ms (default)
2021-04-24 02:05:39,690 [pool-60-thread-1] INFO  server.RaftServerConfigKeys (ConfUtils.java:logGet(44)) - raft.server.log.appender.install.snapshot.enabled = false (custom)
2021-04-24 02:05:39,690 [pool-60-thread-1] INFO  server.RaftServer$Division (ServerState.java:<init>(105)) - ca92c278-c157-4e01-bd13-e6ca8f055b98@group-3EC95D05B866: ConfigurationManager, init=-1: [ac07a033-1369-46a0-bf0a-a588a91eea94|rpc:172.17.0.2:33531|priority:0, ca92c278-c157-4e01-bd13-e6ca8f055b98|rpc:172.17.0.2:33657|priority:0, 684cf295-c17c-4893-9e72-2df5b9d8a511|rpc:172.17.0.2:38843|priority:1], old=null, confs=<EMPTY_MAP>
2021-04-24 02:05:39,690 [pool-60-thread-1] INFO  server.RaftServerConfigKeys (ConfUtils.java:logGet(44)) - raft.server.storage.dir = [/github/workspace/mnt/ozone/hadoop-ozone/integration-test/target/test-dir/MiniOzoneClusterImpl-6998a6cc-0dbe-4d56-81dc-8335dc1dcef2/datanode-1/data/ratis] (custom)
2021-04-24 02:05:39,690 [pool-60-thread-1] INFO  server.RaftServerConfigKeys (ConfUtils.java:logGet(44)) - raft.server.log.corruption.policy = EXCEPTION (default)
2021-04-24 02:05:39,690 [pool-60-thread-1] INFO  storage.RaftStorageDirectory (RaftStorageDirectoryImpl.java:analyzeStorage(132)) - The storage directory /github/workspace/mnt/ozone/hadoop-ozone/integration-test/target/test-dir/MiniOzoneClusterImpl-6998a6cc-0dbe-4d56-81dc-8335dc1dcef2/datanode-1/data/ratis/719f748f-ff1a-4531-87e9-3ec95d05b866 does not exist. Creating ...
2021-04-24 02:05:39,687 [pool-45-thread-1] INFO  util.JmxRegister (JmxRegister.java:tryRegister(44)) - Successfully registered JMX Bean with object name Ratis:service=RaftServer,group=group-3EC95D05B866,id=684cf295-c17c-4893-9e72-2df5b9d8a511
2021-04-24 02:05:39,690 [pool-77-thread-1] INFO  server.RaftServerConfigKeys (ConfUtils.java:logGet(44)) - raft.server.log.segment.size.max = 1048576 (custom)
2021-04-24 02:05:39,691 [pool-60-thread-1] INFO  storage.RaftStorageDirectory (RaftStorageDirectoryImpl.java:tryLock(215)) - Lock on /github/workspace/mnt/ozone/hadoop-ozone/integration-test/target/test-dir/MiniOzoneClusterImpl-6998a6cc-0dbe-4d56-81dc-8335dc1dcef2/datanode-1/data/ratis/719f748f-ff1a-4531-87e9-3ec95d05b866/in_use.lock acquired by nodename 15838@8965a546ea16
2021-04-24 02:05:39,691 [pool-45-thread-1] INFO  metrics.RatisMetrics (RatisMetrics.java:lambda$create$0(36)) - Creating Metrics Registry : ratis.state_machine.684cf295-c17c-4893-9e72-2df5b9d8a511@group-3EC95D05B866
2021-04-24 02:05:39,691 [pool-77-thread-1] INFO  server.RaftServerConfigKeys (ConfUtils.java:logGet(44)) - raft.server.log.segment.cache.num.max = 2 (custom)
2021-04-24 02:05:39,691 [pool-77-thread-1] INFO  server.RaftServerConfigKeys (ConfUtils.java:logGet(44)) - raft.server.log.segment.cache.size.max = 200MB (=209715200) (default)
2021-04-24 02:05:39,691 [pool-77-thread-1] INFO  segmented.SegmentedRaftLogWorker (SegmentedRaftLogWorker.java:<init>(182)) - new ac07a033-1369-46a0-bf0a-a588a91eea94@group-318EF334BFD0-SegmentedRaftLogWorker for RaftStorageImpl:Storage Directory /github/workspace/mnt/ozone/hadoop-ozone/integration-test/target/test-dir/MiniOzoneClusterImpl-6998a6cc-0dbe-4d56-81dc-8335dc1dcef2/datanode-2/data/ratis/5b5251c5-61bd-4aca-85de-318ef334bfd0
2021-04-24 02:05:39,691 [pool-77-thread-1] INFO  server.RaftServerConfigKeys (ConfUtils.java:logGet(44)) - raft.server.log.queue.byte-limit = 2147483647 (custom)
2021-04-24 02:05:39,691 [pool-77-thread-1] INFO  server.RaftServerConfigKeys (ConfUtils.java:logGet(44)) - raft.server.log.queue.element-limit = 1024 (custom)
2021-04-24 02:05:39,692 [pool-77-thread-1] INFO  server.RaftServerConfigKeys (ConfUtils.java:logGet(44)) - raft.server.log.segment.size.max = 1048576 (custom)
2021-04-24 02:05:39,692 [pool-77-thread-1] INFO  server.RaftServerConfigKeys (ConfUtils.java:logGet(44)) - raft.server.log.preallocated.size = 16384 (custom)
2021-04-24 02:05:39,692 [pool-77-thread-1] INFO  server.RaftServerConfigKeys (ConfUtils.java:logGet(44)) - raft.server.log.force.sync.num = 128 (default)
2021-04-24 02:05:39,692 [pool-77-thread-1] INFO  server.RaftServerConfigKeys (ConfUtils.java:logGet(44)) - raft.server.log.statemachine.data.sync = true (default)
2021-04-24 02:05:39,692 [pool-77-thread-1] INFO  server.RaftServerConfigKeys (ConfUtils.java:logGet(44)) - raft.server.log.statemachine.data.sync.timeout = 10s (default)
2021-04-24 02:05:39,692 [pool-77-thread-1] INFO  server.RaftServerConfigKeys (ConfUtils.java:logGet(44)) - raft.server.log.statemachine.data.sync.timeout.retry = -1 (default)
2021-04-24 02:05:39,692 [pool-60-thread-1] INFO  storage.RaftStorage (RaftStorageImpl.java:format(87)) - Storage directory /github/workspace/mnt/ozone/hadoop-ozone/integration-test/target/test-dir/MiniOzoneClusterImpl-6998a6cc-0dbe-4d56-81dc-8335dc1dcef2/datanode-1/data/ratis/719f748f-ff1a-4531-87e9-3ec95d05b866 has been successfully formatted.
2021-04-24 02:05:39,692 [pool-60-thread-1] INFO  ratis.ContainerStateMachine (ContainerStateMachine.java:loadSnapshot(224)) - group-3EC95D05B866: The snapshot info is null. Setting the last applied indexto:(t:0, i:~)
2021-04-24 02:05:39,693 [pool-60-thread-1] INFO  server.RaftServerConfigKeys (ConfUtils.java:logGet(44)) - raft.server.notification.no-leader.timeout = 300000ms (custom)
2021-04-24 02:05:39,693 [pool-60-thread-1] INFO  server.RaftServerConfigKeys (ConfUtils.java:logGet(44)) - raft.server.log.use.memory = false (default)
2021-04-24 02:05:39,693 [pool-77-thread-1] INFO  server.RaftServerConfigKeys (ConfUtils.java:logGet(44)) - raft.server.log.write.buffer.size = 1048576 (custom)
2021-04-24 02:05:39,693 [pool-60-thread-1] INFO  server.RaftServerConfigKeys (ConfUtils.java:logGet(44)) - raft.server.log.purge.gap = 1000000 (custom)
2021-04-24 02:05:39,693 [pool-60-thread-1] INFO  server.RaftServerConfigKeys (ConfUtils.java:logGet(44)) - raft.server.log.appender.buffer.byte-limit = 33554432 (custom)
2021-04-24 02:05:39,693 [pool-60-thread-1] INFO  metrics.RatisMetrics (RatisMetrics.java:lambda$create$0(36)) - Creating Metrics Registry : ratis.log_worker.ca92c278-c157-4e01-bd13-e6ca8f055b98@group-3EC95D05B866
2021-04-24 02:05:39,693 [pool-77-thread-1] INFO  server.RaftServerConfigKeys (ConfUtils.java:logGet(44)) - raft.server.log.statemachine.data.caching.enabled = true (custom)
2021-04-24 02:05:39,694 [pool-60-thread-1] INFO  server.RaftServerConfigKeys (ConfUtils.java:logGet(44)) - raft.server.log.segment.size.max = 1048576 (custom)
2021-04-24 02:05:39,694 [pool-77-thread-1] INFO  segmented.SegmentedRaftLogWorker (SegmentedRaftLogWorker.java:lambda$new$0(133)) - ac07a033-1369-46a0-bf0a-a588a91eea94@group-318EF334BFD0-SegmentedRaftLogWorker: flushIndex: setUnconditionally 0 -> -1
2021-04-24 02:05:39,694 [pool-77-thread-1] INFO  segmented.SegmentedRaftLogWorker (SegmentedRaftLogWorker.java:lambda$new$0(133)) - ac07a033-1369-46a0-bf0a-a588a91eea94@group-318EF334BFD0-SegmentedRaftLogWorker: safeCacheEvictIndex: setUnconditionally 0 -> -1
2021-04-24 02:05:39,694 [pool-60-thread-1] INFO  server.RaftServerConfigKeys (ConfUtils.java:logGet(44)) - raft.server.log.segment.cache.num.max = 2 (custom)
2021-04-24 02:05:39,694 [pool-60-thread-1] INFO  server.RaftServerConfigKeys (ConfUtils.java:logGet(44)) - raft.server.log.segment.cache.size.max = 200MB (=209715200) (default)
2021-04-24 02:05:39,694 [pool-60-thread-1] INFO  segmented.SegmentedRaftLogWorker (SegmentedRaftLogWorker.java:<init>(182)) - new ca92c278-c157-4e01-bd13-e6ca8f055b98@group-3EC95D05B866-SegmentedRaftLogWorker for RaftStorageImpl:Storage Directory /github/workspace/mnt/ozone/hadoop-ozone/integration-test/target/test-dir/MiniOzoneClusterImpl-6998a6cc-0dbe-4d56-81dc-8335dc1dcef2/datanode-1/data/ratis/719f748f-ff1a-4531-87e9-3ec95d05b866
2021-04-24 02:05:39,694 [pool-60-thread-1] INFO  server.RaftServerConfigKeys (ConfUtils.java:logGet(44)) - raft.server.log.queue.byte-limit = 2147483647 (custom)
2021-04-24 02:05:39,694 [pool-60-thread-1] INFO  server.RaftServerConfigKeys (ConfUtils.java:logGet(44)) - raft.server.log.queue.element-limit = 1024 (custom)
2021-04-24 02:05:39,694 [pool-60-thread-1] INFO  server.RaftServerConfigKeys (ConfUtils.java:logGet(44)) - raft.server.log.segment.size.max = 1048576 (custom)
2021-04-24 02:05:39,694 [pool-60-thread-1] INFO  server.RaftServerConfigKeys (ConfUtils.java:logGet(44)) - raft.server.log.preallocated.size = 16384 (custom)
2021-04-24 02:05:39,694 [pool-60-thread-1] INFO  server.RaftServerConfigKeys (ConfUtils.java:logGet(44)) - raft.server.log.force.sync.num = 128 (default)
2021-04-24 02:05:39,695 [pool-60-thread-1] INFO  server.RaftServerConfigKeys (ConfUtils.java:logGet(44)) - raft.server.log.statemachine.data.sync = true (default)
2021-04-24 02:05:39,695 [pool-60-thread-1] INFO  server.RaftServerConfigKeys (ConfUtils.java:logGet(44)) - raft.server.log.statemachine.data.sync.timeout = 10s (default)
2021-04-24 02:05:39,695 [pool-60-thread-1] INFO  server.RaftServerConfigKeys (ConfUtils.java:logGet(44)) - raft.server.log.statemachine.data.sync.timeout.retry = -1 (default)
2021-04-24 02:05:39,704 [pool-60-thread-1] INFO  server.RaftServerConfigKeys (ConfUtils.java:logGet(44)) - raft.server.log.write.buffer.size = 1048576 (custom)
2021-04-24 02:05:39,704 [pool-60-thread-1] INFO  server.RaftServerConfigKeys (ConfUtils.java:logGet(44)) - raft.server.log.statemachine.data.caching.enabled = true (custom)
2021-04-24 02:05:39,705 [pool-60-thread-1] INFO  segmented.SegmentedRaftLogWorker (SegmentedRaftLogWorker.java:lambda$new$0(133)) - ca92c278-c157-4e01-bd13-e6ca8f055b98@group-3EC95D05B866-SegmentedRaftLogWorker: flushIndex: setUnconditionally 0 -> -1
2021-04-24 02:05:39,705 [pool-60-thread-1] INFO  segmented.SegmentedRaftLogWorker (SegmentedRaftLogWorker.java:lambda$new$0(133)) - ca92c278-c157-4e01-bd13-e6ca8f055b98@group-3EC95D05B866-SegmentedRaftLogWorker: safeCacheEvictIndex: setUnconditionally 0 -> -1
2021-04-24 02:05:39,712 [EventQueue-PipelineReportForOneReplicaPipelineSafeModeRule] INFO  safemode.SCMSafeModeManager (SCMSafeModeManager.java:validateSafeModeExitRules(201)) - AtleastOneDatanodeReportedRule rule is successfully validated
2021-04-24 02:05:39,712 [EventQueue-PipelineReportForPipelineReportHandler] INFO  pipeline.PipelineManagerV2Impl (PipelineManagerV2Impl.java:openPipeline(270)) - Pipeline Pipeline[ Id: 5b5251c5-61bd-4aca-85de-318ef334bfd0, Nodes: ac07a033-1369-46a0-bf0a-a588a91eea94{ip: 172.17.0.2, host: 8965a546ea16, ports: [REPLICATION=37351, RATIS=33531, RATIS_ADMIN=33531, RATIS_SERVER=33531, STANDALONE=37423], networkLocation: /default-rack, certSerialId: null, persistedOpState: IN_SERVICE, persistedOpStateExpiryEpochSec: 0}, ReplicationConfig: RATIS/ONE, State:ALLOCATED, leaderId:ac07a033-1369-46a0-bf0a-a588a91eea94, CreationTimestamp2021-04-24T02:05:36.681Z] moved to OPEN state
2021-04-24 02:05:39,712 [EventQueue-OpenPipelineForHealthyPipelineSafeModeRule] INFO  safemode.SCMSafeModeManager (HealthyPipelineSafeModeRule.java:process(130)) - SCM in safe mode. Healthy pipelines reported count is 0, required healthy pipeline reported count is 1
2021-04-24 02:05:39,715 [pool-77-thread-1] INFO  server.RaftServerConfigKeys (ConfUtils.java:logGet(44)) - raft.server.snapshot.auto.trigger.enabled = true (custom)
2021-04-24 02:05:39,719 [pool-77-thread-1] INFO  server.RaftServerConfigKeys (ConfUtils.java:logGet(44)) - raft.server.snapshot.auto.trigger.threshold = 10000 (custom)
2021-04-24 02:05:39,719 [pool-77-thread-1] INFO  server.RaftServerConfigKeys (ConfUtils.java:logGet(44)) - raft.server.snapshot.retention.file.num = 5 (custom)
2021-04-24 02:05:39,719 [pool-77-thread-1] INFO  server.RaftServerConfigKeys (ConfUtils.java:logGet(44)) - raft.server.log.purge.upto.snapshot.index = false (default)
2021-04-24 02:05:39,719 [pool-77-thread-1] INFO  server.RaftServerConfigKeys (ConfUtils.java:logGet(44)) - raft.server.retrycache.expirytime = 600000ms (custom)
2021-04-24 02:05:39,720 [pool-77-thread-1] INFO  server.RaftServerConfigKeys (ConfUtils.java:logGet(44)) - raft.server.retrycache.statistics.expirytime = 100?s (default)
2021-04-24 02:05:39,720 [pool-77-thread-1] INFO  metrics.RatisMetrics (RatisMetrics.java:lambda$create$0(36)) - Creating Metrics Registry : ratis.leader_election.ac07a033-1369-46a0-bf0a-a588a91eea94@group-318EF334BFD0
2021-04-24 02:05:39,720 [pool-77-thread-1] INFO  metrics.RatisMetrics (RatisMetrics.java:lambda$create$0(36)) - Creating Metrics Registry : ratis.server.ac07a033-1369-46a0-bf0a-a588a91eea94@group-318EF334BFD0
2021-04-24 02:05:39,721 [pool-77-thread-1] INFO  server.RaftServer$Division (RaftServerImpl.java:start(295)) - ac07a033-1369-46a0-bf0a-a588a91eea94@group-318EF334BFD0: start as a follower, conf=-1: [ac07a033-1369-46a0-bf0a-a588a91eea94|rpc:172.17.0.2:33531|priority:1], old=null
2021-04-24 02:05:39,721 [pool-77-thread-1] INFO  server.RaftServer$Division (RaftServerImpl.java:setRole(284)) - ac07a033-1369-46a0-bf0a-a588a91eea94@group-318EF334BFD0: changes role from      null to FOLLOWER at term 0 for startAsFollower
2021-04-24 02:05:39,721 [pool-77-thread-1] INFO  impl.RoleInfo (RoleInfo.java:updateAndGet(130)) - ac07a033-1369-46a0-bf0a-a588a91eea94: start ac07a033-1369-46a0-bf0a-a588a91eea94@group-318EF334BFD0-FollowerState
2021-04-24 02:05:39,715 [EventQueue-OpenPipelineForHealthyPipelineSafeModeRule] INFO  safemode.SCMSafeModeManager (HealthyPipelineSafeModeRule.java:process(130)) - SCM in safe mode. Healthy pipelines reported count is 0, required healthy pipeline reported count is 1
2021-04-24 02:05:39,715 [EventQueue-PipelineReportForOneReplicaPipelineSafeModeRule] INFO  safemode.SCMSafeModeManager (SCMSafeModeManager.java:validateSafeModeExitRules(201)) - AtleastOneDatanodeReportedRule rule is successfully validated
2021-04-24 02:05:39,715 [Command processor thread] INFO  ratis.XceiverServerRatis (XceiverServerRatis.java:addGroup(808)) - Created group PipelineID=719f748f-ff1a-4531-87e9-3ec95d05b866
2021-04-24 02:05:39,715 [pool-60-thread-1] INFO  server.RaftServerConfigKeys (ConfUtils.java:logGet(44)) - raft.server.snapshot.auto.trigger.enabled = true (custom)
2021-04-24 02:05:39,721 [pool-60-thread-1] INFO  server.RaftServerConfigKeys (ConfUtils.java:logGet(44)) - raft.server.snapshot.auto.trigger.threshold = 10000 (custom)
2021-04-24 02:05:39,721 [pool-60-thread-1] INFO  server.RaftServerConfigKeys (ConfUtils.java:logGet(44)) - raft.server.snapshot.retention.file.num = 5 (custom)
2021-04-24 02:05:39,721 [pool-60-thread-1] INFO  server.RaftServerConfigKeys (ConfUtils.java:logGet(44)) - raft.server.log.purge.upto.snapshot.index = false (default)
2021-04-24 02:05:39,723 [Command processor thread] INFO  metrics.RatisMetrics (RatisMetrics.java:lambda$create$0(36)) - Creating Metrics Registry : ratis.client_message_metrics.client-BBA4EC736B45->ac07a033-1369-46a0-bf0a-a588a91eea94
2021-04-24 02:05:39,739 [pool-60-thread-1] INFO  server.RaftServerConfigKeys (ConfUtils.java:logGet(44)) - raft.server.retrycache.expirytime = 600000ms (custom)
2021-04-24 02:05:39,739 [pool-60-thread-1] INFO  server.RaftServerConfigKeys (ConfUtils.java:logGet(44)) - raft.server.retrycache.statistics.expirytime = 100?s (default)
2021-04-24 02:05:39,739 [pool-60-thread-1] INFO  metrics.RatisMetrics (RatisMetrics.java:lambda$create$0(36)) - Creating Metrics Registry : ratis.leader_election.ca92c278-c157-4e01-bd13-e6ca8f055b98@group-3EC95D05B866
2021-04-24 02:05:39,740 [pool-60-thread-1] INFO  metrics.RatisMetrics (RatisMetrics.java:lambda$create$0(36)) - Creating Metrics Registry : ratis.server.ca92c278-c157-4e01-bd13-e6ca8f055b98@group-3EC95D05B866
2021-04-24 02:05:39,740 [pool-60-thread-1] INFO  server.RaftServer$Division (RaftServerImpl.java:start(295)) - ca92c278-c157-4e01-bd13-e6ca8f055b98@group-3EC95D05B866: start as a follower, conf=-1: [ac07a033-1369-46a0-bf0a-a588a91eea94|rpc:172.17.0.2:33531|priority:0, ca92c278-c157-4e01-bd13-e6ca8f055b98|rpc:172.17.0.2:33657|priority:0, 684cf295-c17c-4893-9e72-2df5b9d8a511|rpc:172.17.0.2:38843|priority:1], old=null
2021-04-24 02:05:39,740 [pool-60-thread-1] INFO  server.RaftServer$Division (RaftServerImpl.java:setRole(284)) - ca92c278-c157-4e01-bd13-e6ca8f055b98@group-3EC95D05B866: changes role from      null to FOLLOWER at term 0 for startAsFollower
2021-04-24 02:05:39,740 [pool-60-thread-1] INFO  impl.RoleInfo (RoleInfo.java:updateAndGet(130)) - ca92c278-c157-4e01-bd13-e6ca8f055b98: start ca92c278-c157-4e01-bd13-e6ca8f055b98@group-3EC95D05B866-FollowerState
2021-04-24 02:05:39,741 [pool-60-thread-1] INFO  util.JmxRegister (JmxRegister.java:tryRegister(44)) - Successfully registered JMX Bean with object name Ratis:service=RaftServer,group=group-3EC95D05B866,id=ca92c278-c157-4e01-bd13-e6ca8f055b98
2021-04-24 02:05:39,741 [pool-60-thread-1] INFO  metrics.RatisMetrics (RatisMetrics.java:lambda$create$0(36)) - Creating Metrics Registry : ratis.state_machine.ca92c278-c157-4e01-bd13-e6ca8f055b98@group-3EC95D05B866
2021-04-24 02:05:39,741 [pool-77-thread-1] INFO  util.JmxRegister (JmxRegister.java:tryRegister(44)) - Successfully registered JMX Bean with object name Ratis:service=RaftServer,group=group-318EF334BFD0,id=ac07a033-1369-46a0-bf0a-a588a91eea94
2021-04-24 02:05:39,741 [pool-77-thread-1] INFO  metrics.RatisMetrics (RatisMetrics.java:lambda$create$0(36)) - Creating Metrics Registry : ratis.state_machine.ac07a033-1369-46a0-bf0a-a588a91eea94@group-318EF334BFD0
2021-04-24 02:05:39,742 [Command processor thread] INFO  ratis.XceiverServerRatis (XceiverServerRatis.java:addGroup(808)) - Created group PipelineID=719f748f-ff1a-4531-87e9-3ec95d05b866
2021-04-24 02:05:39,743 [Command processor thread] INFO  metrics.RatisMetrics (RatisMetrics.java:lambda$create$0(36)) - Creating Metrics Registry : ratis.client_message_metrics.client-7BF6D8093E1A->ac07a033-1369-46a0-bf0a-a588a91eea94
2021-04-24 02:05:39,743 [Command processor thread] INFO  ratis.XceiverServerRatis (XceiverServerRatis.java:addGroup(808)) - Created group PipelineID=5b5251c5-61bd-4aca-85de-318ef334bfd0
2021-04-24 02:05:39,747 [Command processor thread] INFO  commandhandler.CreatePipelineCommandHandler (CreatePipelineCommandHandler.java:handle(106)) - Created Pipeline RATIS ONE PipelineID=5b5251c5-61bd-4aca-85de-318ef334bfd0.
2021-04-24 02:05:39,747 [Command processor thread] INFO  server.RaftServer (RaftServerProxy.java:addNew(95)) - ac07a033-1369-46a0-bf0a-a588a91eea94: addNew group-3EC95D05B866:[ac07a033-1369-46a0-bf0a-a588a91eea94|rpc:172.17.0.2:33531|priority:0, ca92c278-c157-4e01-bd13-e6ca8f055b98|rpc:172.17.0.2:33657|priority:0, 684cf295-c17c-4893-9e72-2df5b9d8a511|rpc:172.17.0.2:38843|priority:1] returns group-3EC95D05B866:java.util.concurrent.CompletableFuture@8767db7[Not completed]
2021-04-24 02:05:39,751 [pool-77-thread-1] INFO  server.RaftServer$Division (RaftServerImpl.java:<init>(180)) - ac07a033-1369-46a0-bf0a-a588a91eea94: new RaftServerImpl for group-3EC95D05B866:[ac07a033-1369-46a0-bf0a-a588a91eea94|rpc:172.17.0.2:33531|priority:0, ca92c278-c157-4e01-bd13-e6ca8f055b98|rpc:172.17.0.2:33657|priority:0, 684cf295-c17c-4893-9e72-2df5b9d8a511|rpc:172.17.0.2:38843|priority:1] with ContainerStateMachine:uninitialized
2021-04-24 02:05:39,751 [pool-77-thread-1] INFO  server.RaftServerConfigKeys (ConfUtils.java:logGet(44)) - raft.server.rpc.timeout.min = 5s (custom)
2021-04-24 02:05:39,752 [pool-77-thread-1] INFO  server.RaftServerConfigKeys (ConfUtils.java:logGet(44)) - raft.server.rpc.timeout.max = 5200ms (custom)
2021-04-24 02:05:39,752 [pool-77-thread-1] INFO  server.RaftServerConfigKeys (ConfUtils.java:logGet(44)) - raft.server.rpc.sleep.time = 25ms (default)
2021-04-24 02:05:39,752 [pool-77-thread-1] INFO  server.RaftServerConfigKeys (ConfUtils.java:logGet(44)) - raft.server.rpc.slowness.timeout = 300000ms (custom)
2021-04-24 02:05:39,752 [pool-77-thread-1] INFO  server.RaftServerConfigKeys (ConfUtils.java:logGet(44)) - raft.server.leaderelection.leader.step-down.wait-time = 10s (default)
2021-04-24 02:05:39,752 [pool-77-thread-1] INFO  server.RaftServerConfigKeys (ConfUtils.java:logGet(44)) - raft.server.sleep.deviation.threshold = 300ms (default)
2021-04-24 02:05:39,752 [pool-77-thread-1] INFO  server.RaftServerConfigKeys (ConfUtils.java:logGet(44)) - raft.server.log.appender.install.snapshot.enabled = false (custom)
2021-04-24 02:05:39,752 [pool-77-thread-1] INFO  server.RaftServer$Division (ServerState.java:<init>(105)) - ac07a033-1369-46a0-bf0a-a588a91eea94@group-3EC95D05B866: ConfigurationManager, init=-1: [ac07a033-1369-46a0-bf0a-a588a91eea94|rpc:172.17.0.2:33531|priority:0, ca92c278-c157-4e01-bd13-e6ca8f055b98|rpc:172.17.0.2:33657|priority:0, 684cf295-c17c-4893-9e72-2df5b9d8a511|rpc:172.17.0.2:38843|priority:1], old=null, confs=<EMPTY_MAP>
2021-04-24 02:05:39,752 [pool-77-thread-1] INFO  server.RaftServerConfigKeys (ConfUtils.java:logGet(44)) - raft.server.storage.dir = [/github/workspace/mnt/ozone/hadoop-ozone/integration-test/target/test-dir/MiniOzoneClusterImpl-6998a6cc-0dbe-4d56-81dc-8335dc1dcef2/datanode-2/data/ratis] (custom)
2021-04-24 02:05:39,753 [pool-77-thread-1] INFO  server.RaftServerConfigKeys (ConfUtils.java:logGet(44)) - raft.server.log.corruption.policy = EXCEPTION (default)
2021-04-24 02:05:39,753 [pool-77-thread-1] INFO  storage.RaftStorageDirectory (RaftStorageDirectoryImpl.java:analyzeStorage(132)) - The storage directory /github/workspace/mnt/ozone/hadoop-ozone/integration-test/target/test-dir/MiniOzoneClusterImpl-6998a6cc-0dbe-4d56-81dc-8335dc1dcef2/datanode-2/data/ratis/719f748f-ff1a-4531-87e9-3ec95d05b866 does not exist. Creating ...
2021-04-24 02:05:39,754 [pool-77-thread-1] INFO  storage.RaftStorageDirectory (RaftStorageDirectoryImpl.java:tryLock(215)) - Lock on /github/workspace/mnt/ozone/hadoop-ozone/integration-test/target/test-dir/MiniOzoneClusterImpl-6998a6cc-0dbe-4d56-81dc-8335dc1dcef2/datanode-2/data/ratis/719f748f-ff1a-4531-87e9-3ec95d05b866/in_use.lock acquired by nodename 15838@8965a546ea16
2021-04-24 02:05:39,756 [pool-77-thread-1] INFO  storage.RaftStorage (RaftStorageImpl.java:format(87)) - Storage directory /github/workspace/mnt/ozone/hadoop-ozone/integration-test/target/test-dir/MiniOzoneClusterImpl-6998a6cc-0dbe-4d56-81dc-8335dc1dcef2/datanode-2/data/ratis/719f748f-ff1a-4531-87e9-3ec95d05b866 has been successfully formatted.
2021-04-24 02:05:39,758 [pool-77-thread-1] INFO  ratis.ContainerStateMachine (ContainerStateMachine.java:loadSnapshot(224)) - group-3EC95D05B866: The snapshot info is null. Setting the last applied indexto:(t:0, i:~)
2021-04-24 02:05:39,758 [pool-77-thread-1] INFO  server.RaftServerConfigKeys (ConfUtils.java:logGet(44)) - raft.server.notification.no-leader.timeout = 300000ms (custom)
2021-04-24 02:05:39,758 [pool-77-thread-1] INFO  server.RaftServerConfigKeys (ConfUtils.java:logGet(44)) - raft.server.log.use.memory = false (default)
2021-04-24 02:05:39,758 [pool-77-thread-1] INFO  server.RaftServerConfigKeys (ConfUtils.java:logGet(44)) - raft.server.log.purge.gap = 1000000 (custom)
2021-04-24 02:05:39,758 [pool-77-thread-1] INFO  server.RaftServerConfigKeys (ConfUtils.java:logGet(44)) - raft.server.log.appender.buffer.byte-limit = 33554432 (custom)
2021-04-24 02:05:39,758 [pool-77-thread-1] INFO  metrics.RatisMetrics (RatisMetrics.java:lambda$create$0(36)) - Creating Metrics Registry : ratis.log_worker.ac07a033-1369-46a0-bf0a-a588a91eea94@group-3EC95D05B866
2021-04-24 02:05:39,758 [pool-77-thread-1] INFO  server.RaftServerConfigKeys (ConfUtils.java:logGet(44)) - raft.server.log.segment.size.max = 1048576 (custom)
2021-04-24 02:05:39,759 [pool-77-thread-1] INFO  server.RaftServerConfigKeys (ConfUtils.java:logGet(44)) - raft.server.log.segment.cache.num.max = 2 (custom)
2021-04-24 02:05:39,759 [pool-77-thread-1] INFO  server.RaftServerConfigKeys (ConfUtils.java:logGet(44)) - raft.server.log.segment.cache.size.max = 200MB (=209715200) (default)
2021-04-24 02:05:39,759 [pool-77-thread-1] INFO  segmented.SegmentedRaftLogWorker (SegmentedRaftLogWorker.java:<init>(182)) - new ac07a033-1369-46a0-bf0a-a588a91eea94@group-3EC95D05B866-SegmentedRaftLogWorker for RaftStorageImpl:Storage Directory /github/workspace/mnt/ozone/hadoop-ozone/integration-test/target/test-dir/MiniOzoneClusterImpl-6998a6cc-0dbe-4d56-81dc-8335dc1dcef2/datanode-2/data/ratis/719f748f-ff1a-4531-87e9-3ec95d05b866
2021-04-24 02:05:39,759 [pool-77-thread-1] INFO  server.RaftServerConfigKeys (ConfUtils.java:logGet(44)) - raft.server.log.queue.byte-limit = 2147483647 (custom)
2021-04-24 02:05:39,759 [pool-77-thread-1] INFO  server.RaftServerConfigKeys (ConfUtils.java:logGet(44)) - raft.server.log.queue.element-limit = 1024 (custom)
2021-04-24 02:05:39,759 [pool-77-thread-1] INFO  server.RaftServerConfigKeys (ConfUtils.java:logGet(44)) - raft.server.log.segment.size.max = 1048576 (custom)
2021-04-24 02:05:39,759 [pool-77-thread-1] INFO  server.RaftServerConfigKeys (ConfUtils.java:logGet(44)) - raft.server.log.preallocated.size = 16384 (custom)
2021-04-24 02:05:39,760 [pool-77-thread-1] INFO  server.RaftServerConfigKeys (ConfUtils.java:logGet(44)) - raft.server.log.force.sync.num = 128 (default)
2021-04-24 02:05:39,760 [pool-77-thread-1] INFO  server.RaftServerConfigKeys (ConfUtils.java:logGet(44)) - raft.server.log.statemachine.data.sync = true (default)
2021-04-24 02:05:39,760 [pool-77-thread-1] INFO  server.RaftServerConfigKeys (ConfUtils.java:logGet(44)) - raft.server.log.statemachine.data.sync.timeout = 10s (default)
2021-04-24 02:05:39,760 [pool-77-thread-1] INFO  server.RaftServerConfigKeys (ConfUtils.java:logGet(44)) - raft.server.log.statemachine.data.sync.timeout.retry = -1 (default)
2021-04-24 02:05:39,761 [pool-77-thread-1] INFO  server.RaftServerConfigKeys (ConfUtils.java:logGet(44)) - raft.server.log.write.buffer.size = 1048576 (custom)
2021-04-24 02:05:39,761 [pool-77-thread-1] INFO  server.RaftServerConfigKeys (ConfUtils.java:logGet(44)) - raft.server.log.statemachine.data.caching.enabled = true (custom)
2021-04-24 02:05:39,761 [pool-77-thread-1] INFO  segmented.SegmentedRaftLogWorker (SegmentedRaftLogWorker.java:lambda$new$0(133)) - ac07a033-1369-46a0-bf0a-a588a91eea94@group-3EC95D05B866-SegmentedRaftLogWorker: flushIndex: setUnconditionally 0 -> -1
2021-04-24 02:05:39,761 [pool-77-thread-1] INFO  segmented.SegmentedRaftLogWorker (SegmentedRaftLogWorker.java:lambda$new$0(133)) - ac07a033-1369-46a0-bf0a-a588a91eea94@group-3EC95D05B866-SegmentedRaftLogWorker: safeCacheEvictIndex: setUnconditionally 0 -> -1
2021-04-24 02:05:39,772 [pool-77-thread-1] INFO  server.RaftServerConfigKeys (ConfUtils.java:logGet(44)) - raft.server.snapshot.auto.trigger.enabled = true (custom)
2021-04-24 02:05:39,772 [pool-77-thread-1] INFO  server.RaftServerConfigKeys (ConfUtils.java:logGet(44)) - raft.server.snapshot.auto.trigger.threshold = 10000 (custom)
2021-04-24 02:05:39,772 [pool-77-thread-1] INFO  server.RaftServerConfigKeys (ConfUtils.java:logGet(44)) - raft.server.snapshot.retention.file.num = 5 (custom)
2021-04-24 02:05:39,772 [pool-77-thread-1] INFO  server.RaftServerConfigKeys (ConfUtils.java:logGet(44)) - raft.server.log.purge.upto.snapshot.index = false (default)
2021-04-24 02:05:39,772 [pool-77-thread-1] INFO  server.RaftServerConfigKeys (ConfUtils.java:logGet(44)) - raft.server.retrycache.expirytime = 600000ms (custom)
2021-04-24 02:05:39,772 [pool-77-thread-1] INFO  server.RaftServerConfigKeys (ConfUtils.java:logGet(44)) - raft.server.retrycache.statistics.expirytime = 100?s (default)
2021-04-24 02:05:39,772 [pool-77-thread-1] INFO  metrics.RatisMetrics (RatisMetrics.java:lambda$create$0(36)) - Creating Metrics Registry : ratis.leader_election.ac07a033-1369-46a0-bf0a-a588a91eea94@group-3EC95D05B866
2021-04-24 02:05:39,772 [pool-77-thread-1] INFO  metrics.RatisMetrics (RatisMetrics.java:lambda$create$0(36)) - Creating Metrics Registry : ratis.server.ac07a033-1369-46a0-bf0a-a588a91eea94@group-3EC95D05B866
2021-04-24 02:05:39,773 [pool-77-thread-1] INFO  server.RaftServer$Division (RaftServerImpl.java:start(295)) - ac07a033-1369-46a0-bf0a-a588a91eea94@group-3EC95D05B866: start as a follower, conf=-1: [ac07a033-1369-46a0-bf0a-a588a91eea94|rpc:172.17.0.2:33531|priority:0, ca92c278-c157-4e01-bd13-e6ca8f055b98|rpc:172.17.0.2:33657|priority:0, 684cf295-c17c-4893-9e72-2df5b9d8a511|rpc:172.17.0.2:38843|priority:1], old=null
2021-04-24 02:05:39,773 [pool-77-thread-1] INFO  server.RaftServer$Division (RaftServerImpl.java:setRole(284)) - ac07a033-1369-46a0-bf0a-a588a91eea94@group-3EC95D05B866: changes role from      null to FOLLOWER at term 0 for startAsFollower
2021-04-24 02:05:39,779 [pool-77-thread-1] INFO  impl.RoleInfo (RoleInfo.java:updateAndGet(130)) - ac07a033-1369-46a0-bf0a-a588a91eea94: start ac07a033-1369-46a0-bf0a-a588a91eea94@group-3EC95D05B866-FollowerState
2021-04-24 02:05:39,779 [EventQueue-PipelineReportForOneReplicaPipelineSafeModeRule] INFO  safemode.SCMSafeModeManager (SCMSafeModeManager.java:validateSafeModeExitRules(201)) - AtleastOneDatanodeReportedRule rule is successfully validated
2021-04-24 02:05:39,779 [EventQueue-OpenPipelineForHealthyPipelineSafeModeRule] INFO  safemode.SCMSafeModeManager (HealthyPipelineSafeModeRule.java:process(130)) - SCM in safe mode. Healthy pipelines reported count is 0, required healthy pipeline reported count is 1
2021-04-24 02:05:39,780 [pool-77-thread-1] INFO  util.JmxRegister (JmxRegister.java:tryRegister(44)) - Successfully registered JMX Bean with object name Ratis:service=RaftServer,group=group-3EC95D05B866,id=ac07a033-1369-46a0-bf0a-a588a91eea94
2021-04-24 02:05:39,780 [pool-77-thread-1] INFO  metrics.RatisMetrics (RatisMetrics.java:lambda$create$0(36)) - Creating Metrics Registry : ratis.state_machine.ac07a033-1369-46a0-bf0a-a588a91eea94@group-3EC95D05B866
2021-04-24 02:05:39,781 [Command processor thread] INFO  ratis.XceiverServerRatis (XceiverServerRatis.java:addGroup(808)) - Created group PipelineID=719f748f-ff1a-4531-87e9-3ec95d05b866
2021-04-24 02:05:39,791 [Command processor thread] INFO  metrics.RatisMetrics (RatisMetrics.java:lambda$create$0(36)) - Creating Metrics Registry : ratis.client_message_metrics.client-36B479B72E23->684cf295-c17c-4893-9e72-2df5b9d8a511
2021-04-24 02:05:39,808 [Command processor thread] INFO  metrics.RatisMetrics (RatisMetrics.java:lambda$create$0(36)) - Creating Metrics Registry : ratis.client_message_metrics.client-60E35C555092->ca92c278-c157-4e01-bd13-e6ca8f055b98
2021-04-24 02:05:39,816 [Command processor thread] INFO  metrics.RatisMetrics (RatisMetrics.java:lambda$create$0(36)) - Creating Metrics Registry : ratis.client_message_metrics.client-92DCEE0A4AAB->684cf295-c17c-4893-9e72-2df5b9d8a511
2021-04-24 02:05:39,884 [Command processor thread] INFO  metrics.RatisMetrics (RatisMetrics.java:lambda$create$0(36)) - Creating Metrics Registry : ratis.client_message_metrics.client-F72B4A560242->ca92c278-c157-4e01-bd13-e6ca8f055b98
2021-04-24 02:05:39,887 [Command processor thread] INFO  commandhandler.CreatePipelineCommandHandler (CreatePipelineCommandHandler.java:handle(106)) - Created Pipeline RATIS THREE PipelineID=719f748f-ff1a-4531-87e9-3ec95d05b866.
2021-04-24 02:05:39,890 [Command processor thread] INFO  commandhandler.CreatePipelineCommandHandler (CreatePipelineCommandHandler.java:handle(106)) - Created Pipeline RATIS THREE PipelineID=719f748f-ff1a-4531-87e9-3ec95d05b866.
2021-04-24 02:05:39,900 [Command processor thread] INFO  commandhandler.CreatePipelineCommandHandler (CreatePipelineCommandHandler.java:handle(106)) - Created Pipeline RATIS THREE PipelineID=719f748f-ff1a-4531-87e9-3ec95d05b866.
2021-04-24 02:05:39,913 [Command processor thread] INFO  server.RaftServer (RaftServerProxy.java:addNew(95)) - 506e7d51-44ea-40e0-a2b0-e730f7a28201: addNew group-6CD9A778BAE0:[506e7d51-44ea-40e0-a2b0-e730f7a28201|rpc:172.17.0.2:37821|priority:1] returns group-6CD9A778BAE0:java.util.concurrent.CompletableFuture@c2b583b[Not completed]
2021-04-24 02:05:39,925 [pool-93-thread-1] INFO  server.RaftServer$Division (RaftServerImpl.java:<init>(180)) - 506e7d51-44ea-40e0-a2b0-e730f7a28201: new RaftServerImpl for group-6CD9A778BAE0:[506e7d51-44ea-40e0-a2b0-e730f7a28201|rpc:172.17.0.2:37821|priority:1] with ContainerStateMachine:uninitialized
2021-04-24 02:05:39,927 [pool-93-thread-1] INFO  server.RaftServerConfigKeys (ConfUtils.java:logGet(44)) - raft.server.rpc.timeout.min = 5s (custom)
2021-04-24 02:05:39,927 [pool-93-thread-1] INFO  server.RaftServerConfigKeys (ConfUtils.java:logGet(44)) - raft.server.rpc.timeout.max = 5200ms (custom)
2021-04-24 02:05:39,927 [pool-93-thread-1] INFO  server.RaftServerConfigKeys (ConfUtils.java:logGet(44)) - raft.server.rpc.sleep.time = 25ms (default)
2021-04-24 02:05:39,927 [pool-93-thread-1] INFO  server.RaftServerConfigKeys (ConfUtils.java:logGet(44)) - raft.server.rpc.slowness.timeout = 300000ms (custom)
2021-04-24 02:05:39,927 [pool-93-thread-1] INFO  server.RaftServerConfigKeys (ConfUtils.java:logGet(44)) - raft.server.leaderelection.leader.step-down.wait-time = 10s (default)
2021-04-24 02:05:39,927 [pool-93-thread-1] INFO  server.RaftServerConfigKeys (ConfUtils.java:logGet(44)) - raft.server.sleep.deviation.threshold = 300ms (default)
2021-04-24 02:05:39,927 [pool-93-thread-1] INFO  server.RaftServerConfigKeys (ConfUtils.java:logGet(44)) - raft.server.log.appender.install.snapshot.enabled = false (custom)
2021-04-24 02:05:39,927 [pool-93-thread-1] INFO  server.RaftServer$Division (ServerState.java:<init>(105)) - 506e7d51-44ea-40e0-a2b0-e730f7a28201@group-6CD9A778BAE0: ConfigurationManager, init=-1: [506e7d51-44ea-40e0-a2b0-e730f7a28201|rpc:172.17.0.2:37821|priority:1], old=null, confs=<EMPTY_MAP>
2021-04-24 02:05:39,927 [pool-93-thread-1] INFO  server.RaftServerConfigKeys (ConfUtils.java:logGet(44)) - raft.server.storage.dir = [/github/workspace/mnt/ozone/hadoop-ozone/integration-test/target/test-dir/MiniOzoneClusterImpl-6998a6cc-0dbe-4d56-81dc-8335dc1dcef2/datanode-3/data/ratis] (custom)
2021-04-24 02:05:39,928 [pool-93-thread-1] INFO  server.RaftServerConfigKeys (ConfUtils.java:logGet(44)) - raft.server.log.corruption.policy = EXCEPTION (default)
2021-04-24 02:05:39,928 [pool-93-thread-1] INFO  storage.RaftStorageDirectory (RaftStorageDirectoryImpl.java:analyzeStorage(132)) - The storage directory /github/workspace/mnt/ozone/hadoop-ozone/integration-test/target/test-dir/MiniOzoneClusterImpl-6998a6cc-0dbe-4d56-81dc-8335dc1dcef2/datanode-3/data/ratis/c0351466-82f6-4192-bd48-6cd9a778bae0 does not exist. Creating ...
2021-04-24 02:05:39,929 [pool-93-thread-1] INFO  storage.RaftStorageDirectory (RaftStorageDirectoryImpl.java:tryLock(215)) - Lock on /github/workspace/mnt/ozone/hadoop-ozone/integration-test/target/test-dir/MiniOzoneClusterImpl-6998a6cc-0dbe-4d56-81dc-8335dc1dcef2/datanode-3/data/ratis/c0351466-82f6-4192-bd48-6cd9a778bae0/in_use.lock acquired by nodename 15838@8965a546ea16
2021-04-24 02:05:39,930 [pool-93-thread-1] INFO  storage.RaftStorage (RaftStorageImpl.java:format(87)) - Storage directory /github/workspace/mnt/ozone/hadoop-ozone/integration-test/target/test-dir/MiniOzoneClusterImpl-6998a6cc-0dbe-4d56-81dc-8335dc1dcef2/datanode-3/data/ratis/c0351466-82f6-4192-bd48-6cd9a778bae0 has been successfully formatted.
2021-04-24 02:05:39,931 [pool-93-thread-1] INFO  ratis.ContainerStateMachine (ContainerStateMachine.java:loadSnapshot(224)) - group-6CD9A778BAE0: The snapshot info is null. Setting the last applied indexto:(t:0, i:~)
2021-04-24 02:05:39,931 [pool-93-thread-1] INFO  server.RaftServerConfigKeys (ConfUtils.java:logGet(44)) - raft.server.notification.no-leader.timeout = 300000ms (custom)
2021-04-24 02:05:39,931 [pool-93-thread-1] INFO  server.RaftServerConfigKeys (ConfUtils.java:logGet(44)) - raft.server.log.use.memory = false (default)
2021-04-24 02:05:39,931 [pool-93-thread-1] INFO  server.RaftServerConfigKeys (ConfUtils.java:logGet(44)) - raft.server.log.purge.gap = 1000000 (custom)
2021-04-24 02:05:39,932 [pool-93-thread-1] INFO  server.RaftServerConfigKeys (ConfUtils.java:logGet(44)) - raft.server.log.appender.buffer.byte-limit = 33554432 (custom)
2021-04-24 02:05:39,932 [pool-93-thread-1] INFO  metrics.RatisMetrics (RatisMetrics.java:lambda$create$0(36)) - Creating Metrics Registry : ratis.log_worker.506e7d51-44ea-40e0-a2b0-e730f7a28201@group-6CD9A778BAE0
2021-04-24 02:05:39,932 [pool-93-thread-1] INFO  server.RaftServerConfigKeys (ConfUtils.java:logGet(44)) - raft.server.log.segment.size.max = 1048576 (custom)
2021-04-24 02:05:39,932 [pool-93-thread-1] INFO  server.RaftServerConfigKeys (ConfUtils.java:logGet(44)) - raft.server.log.segment.cache.num.max = 2 (custom)
2021-04-24 02:05:39,932 [pool-93-thread-1] INFO  server.RaftServerConfigKeys (ConfUtils.java:logGet(44)) - raft.server.log.segment.cache.size.max = 200MB (=209715200) (default)
2021-04-24 02:05:39,932 [pool-93-thread-1] INFO  segmented.SegmentedRaftLogWorker (SegmentedRaftLogWorker.java:<init>(182)) - new 506e7d51-44ea-40e0-a2b0-e730f7a28201@group-6CD9A778BAE0-SegmentedRaftLogWorker for RaftStorageImpl:Storage Directory /github/workspace/mnt/ozone/hadoop-ozone/integration-test/target/test-dir/MiniOzoneClusterImpl-6998a6cc-0dbe-4d56-81dc-8335dc1dcef2/datanode-3/data/ratis/c0351466-82f6-4192-bd48-6cd9a778bae0
2021-04-24 02:05:39,932 [pool-93-thread-1] INFO  server.RaftServerConfigKeys (ConfUtils.java:logGet(44)) - raft.server.log.queue.byte-limit = 2147483647 (custom)
2021-04-24 02:05:39,933 [pool-93-thread-1] INFO  server.RaftServerConfigKeys (ConfUtils.java:logGet(44)) - raft.server.log.queue.element-limit = 1024 (custom)
2021-04-24 02:05:39,933 [pool-93-thread-1] INFO  server.RaftServerConfigKeys (ConfUtils.java:logGet(44)) - raft.server.log.segment.size.max = 1048576 (custom)
2021-04-24 02:05:39,933 [pool-93-thread-1] INFO  server.RaftServerConfigKeys (ConfUtils.java:logGet(44)) - raft.server.log.preallocated.size = 16384 (custom)
2021-04-24 02:05:39,933 [pool-93-thread-1] INFO  server.RaftServerConfigKeys (ConfUtils.java:logGet(44)) - raft.server.log.force.sync.num = 128 (default)
2021-04-24 02:05:39,933 [pool-93-thread-1] INFO  server.RaftServerConfigKeys (ConfUtils.java:logGet(44)) - raft.server.log.statemachine.data.sync = true (default)
2021-04-24 02:05:39,933 [pool-93-thread-1] INFO  server.RaftServerConfigKeys (ConfUtils.java:logGet(44)) - raft.server.log.statemachine.data.sync.timeout = 10s (default)
2021-04-24 02:05:39,933 [pool-93-thread-1] INFO  server.RaftServerConfigKeys (ConfUtils.java:logGet(44)) - raft.server.log.statemachine.data.sync.timeout.retry = -1 (default)
2021-04-24 02:05:39,934 [pool-93-thread-1] INFO  server.RaftServerConfigKeys (ConfUtils.java:logGet(44)) - raft.server.log.write.buffer.size = 1048576 (custom)
2021-04-24 02:05:39,934 [pool-93-thread-1] INFO  server.RaftServerConfigKeys (ConfUtils.java:logGet(44)) - raft.server.log.statemachine.data.caching.enabled = true (custom)
2021-04-24 02:05:39,934 [pool-93-thread-1] INFO  segmented.SegmentedRaftLogWorker (SegmentedRaftLogWorker.java:lambda$new$0(133)) - 506e7d51-44ea-40e0-a2b0-e730f7a28201@group-6CD9A778BAE0-SegmentedRaftLogWorker: flushIndex: setUnconditionally 0 -> -1
2021-04-24 02:05:39,934 [pool-93-thread-1] INFO  segmented.SegmentedRaftLogWorker (SegmentedRaftLogWorker.java:lambda$new$0(133)) - 506e7d51-44ea-40e0-a2b0-e730f7a28201@group-6CD9A778BAE0-SegmentedRaftLogWorker: safeCacheEvictIndex: setUnconditionally 0 -> -1
2021-04-24 02:05:39,934 [pool-93-thread-1] INFO  server.RaftServerConfigKeys (ConfUtils.java:logGet(44)) - raft.server.snapshot.auto.trigger.enabled = true (custom)
2021-04-24 02:05:39,934 [pool-93-thread-1] INFO  server.RaftServerConfigKeys (ConfUtils.java:logGet(44)) - raft.server.snapshot.auto.trigger.threshold = 10000 (custom)
2021-04-24 02:05:39,934 [pool-93-thread-1] INFO  server.RaftServerConfigKeys (ConfUtils.java:logGet(44)) - raft.server.snapshot.retention.file.num = 5 (custom)
2021-04-24 02:05:39,935 [pool-93-thread-1] INFO  server.RaftServerConfigKeys (ConfUtils.java:logGet(44)) - raft.server.log.purge.upto.snapshot.index = false (default)
2021-04-24 02:05:39,935 [pool-93-thread-1] INFO  server.RaftServerConfigKeys (ConfUtils.java:logGet(44)) - raft.server.retrycache.expirytime = 600000ms (custom)
2021-04-24 02:05:39,935 [pool-93-thread-1] INFO  server.RaftServerConfigKeys (ConfUtils.java:logGet(44)) - raft.server.retrycache.statistics.expirytime = 100?s (default)
2021-04-24 02:05:39,935 [pool-93-thread-1] INFO  metrics.RatisMetrics (RatisMetrics.java:lambda$create$0(36)) - Creating Metrics Registry : ratis.leader_election.506e7d51-44ea-40e0-a2b0-e730f7a28201@group-6CD9A778BAE0
2021-04-24 02:05:39,935 [pool-93-thread-1] INFO  metrics.RatisMetrics (RatisMetrics.java:lambda$create$0(36)) - Creating Metrics Registry : ratis.server.506e7d51-44ea-40e0-a2b0-e730f7a28201@group-6CD9A778BAE0
2021-04-24 02:05:39,936 [pool-93-thread-1] INFO  server.RaftServer$Division (RaftServerImpl.java:start(295)) - 506e7d51-44ea-40e0-a2b0-e730f7a28201@group-6CD9A778BAE0: start as a follower, conf=-1: [506e7d51-44ea-40e0-a2b0-e730f7a28201|rpc:172.17.0.2:37821|priority:1], old=null
2021-04-24 02:05:39,936 [pool-93-thread-1] INFO  server.RaftServer$Division (RaftServerImpl.java:setRole(284)) - 506e7d51-44ea-40e0-a2b0-e730f7a28201@group-6CD9A778BAE0: changes role from      null to FOLLOWER at term 0 for startAsFollower
2021-04-24 02:05:39,936 [pool-93-thread-1] INFO  impl.RoleInfo (RoleInfo.java:updateAndGet(130)) - 506e7d51-44ea-40e0-a2b0-e730f7a28201: start 506e7d51-44ea-40e0-a2b0-e730f7a28201@group-6CD9A778BAE0-FollowerState
2021-04-24 02:05:39,943 [pool-93-thread-1] INFO  util.JmxRegister (JmxRegister.java:tryRegister(44)) - Successfully registered JMX Bean with object name Ratis:service=RaftServer,group=group-6CD9A778BAE0,id=506e7d51-44ea-40e0-a2b0-e730f7a28201
2021-04-24 02:05:39,943 [pool-93-thread-1] INFO  metrics.RatisMetrics (RatisMetrics.java:lambda$create$0(36)) - Creating Metrics Registry : ratis.state_machine.506e7d51-44ea-40e0-a2b0-e730f7a28201@group-6CD9A778BAE0
2021-04-24 02:05:39,947 [Command processor thread] INFO  ratis.XceiverServerRatis (XceiverServerRatis.java:addGroup(808)) - Created group PipelineID=c0351466-82f6-4192-bd48-6cd9a778bae0
2021-04-24 02:05:39,947 [Command processor thread] INFO  commandhandler.CreatePipelineCommandHandler (CreatePipelineCommandHandler.java:handle(106)) - Created Pipeline RATIS ONE PipelineID=c0351466-82f6-4192-bd48-6cd9a778bae0.
2021-04-24 02:05:39,947 [Command processor thread] INFO  server.RaftServer (RaftServerProxy.java:addNew(95)) - 506e7d51-44ea-40e0-a2b0-e730f7a28201: addNew group-63CE5ECE61CE:[686a54b3-507b-4dc5-8065-04c582627b70|rpc:172.17.0.2:37165|priority:0, e13d3dfe-a7aa-4e77-932b-4a03cf9a588d|rpc:172.17.0.2:43115|priority:1, 506e7d51-44ea-40e0-a2b0-e730f7a28201|rpc:172.17.0.2:37821|priority:0] returns group-63CE5ECE61CE:java.util.concurrent.CompletableFuture@814dd66[Not completed]
2021-04-24 02:05:39,947 [EventQueue-PipelineReportForOneReplicaPipelineSafeModeRule] INFO  safemode.SCMSafeModeManager (SCMSafeModeManager.java:validateSafeModeExitRules(201)) - AtleastOneDatanodeReportedRule rule is successfully validated
2021-04-24 02:05:39,948 [EventQueue-PipelineReportForPipelineReportHandler] INFO  pipeline.PipelineManagerV2Impl (PipelineManagerV2Impl.java:openPipeline(270)) - Pipeline Pipeline[ Id: c0351466-82f6-4192-bd48-6cd9a778bae0, Nodes: 506e7d51-44ea-40e0-a2b0-e730f7a28201{ip: 172.17.0.2, host: 8965a546ea16, ports: [REPLICATION=43283, RATIS=37821, RATIS_ADMIN=37821, RATIS_SERVER=37821, STANDALONE=36017], networkLocation: /default-rack, certSerialId: null, persistedOpState: IN_SERVICE, persistedOpStateExpiryEpochSec: 0}, ReplicationConfig: RATIS/ONE, State:ALLOCATED, leaderId:506e7d51-44ea-40e0-a2b0-e730f7a28201, CreationTimestamp2021-04-24T02:05:36.917Z] moved to OPEN state
2021-04-24 02:05:39,948 [EventQueue-OpenPipelineForHealthyPipelineSafeModeRule] INFO  safemode.SCMSafeModeManager (HealthyPipelineSafeModeRule.java:process(130)) - SCM in safe mode. Healthy pipelines reported count is 0, required healthy pipeline reported count is 1
2021-04-24 02:05:39,950 [pool-93-thread-1] INFO  server.RaftServer$Division (RaftServerImpl.java:<init>(180)) - 506e7d51-44ea-40e0-a2b0-e730f7a28201: new RaftServerImpl for group-63CE5ECE61CE:[686a54b3-507b-4dc5-8065-04c582627b70|rpc:172.17.0.2:37165|priority:0, e13d3dfe-a7aa-4e77-932b-4a03cf9a588d|rpc:172.17.0.2:43115|priority:1, 506e7d51-44ea-40e0-a2b0-e730f7a28201|rpc:172.17.0.2:37821|priority:0] with ContainerStateMachine:uninitialized
2021-04-24 02:05:39,959 [pool-93-thread-1] INFO  server.RaftServerConfigKeys (ConfUtils.java:logGet(44)) - raft.server.rpc.timeout.min = 5s (custom)
2021-04-24 02:05:39,959 [pool-93-thread-1] INFO  server.RaftServerConfigKeys (ConfUtils.java:logGet(44)) - raft.server.rpc.timeout.max = 5200ms (custom)
2021-04-24 02:05:39,959 [pool-93-thread-1] INFO  server.RaftServerConfigKeys (ConfUtils.java:logGet(44)) - raft.server.rpc.sleep.time = 25ms (default)
2021-04-24 02:05:39,960 [pool-93-thread-1] INFO  server.RaftServerConfigKeys (ConfUtils.java:logGet(44)) - raft.server.rpc.slowness.timeout = 300000ms (custom)
2021-04-24 02:05:39,960 [pool-93-thread-1] INFO  server.RaftServerConfigKeys (ConfUtils.java:logGet(44)) - raft.server.leaderelection.leader.step-down.wait-time = 10s (default)
2021-04-24 02:05:39,960 [pool-93-thread-1] INFO  server.RaftServerConfigKeys (ConfUtils.java:logGet(44)) - raft.server.sleep.deviation.threshold = 300ms (default)
2021-04-24 02:05:39,960 [pool-93-thread-1] INFO  server.RaftServerConfigKeys (ConfUtils.java:logGet(44)) - raft.server.log.appender.install.snapshot.enabled = false (custom)
2021-04-24 02:05:39,960 [pool-93-thread-1] INFO  server.RaftServer$Division (ServerState.java:<init>(105)) - 506e7d51-44ea-40e0-a2b0-e730f7a28201@group-63CE5ECE61CE: ConfigurationManager, init=-1: [686a54b3-507b-4dc5-8065-04c582627b70|rpc:172.17.0.2:37165|priority:0, e13d3dfe-a7aa-4e77-932b-4a03cf9a588d|rpc:172.17.0.2:43115|priority:1, 506e7d51-44ea-40e0-a2b0-e730f7a28201|rpc:172.17.0.2:37821|priority:0], old=null, confs=<EMPTY_MAP>
2021-04-24 02:05:39,960 [pool-93-thread-1] INFO  server.RaftServerConfigKeys (ConfUtils.java:logGet(44)) - raft.server.storage.dir = [/github/workspace/mnt/ozone/hadoop-ozone/integration-test/target/test-dir/MiniOzoneClusterImpl-6998a6cc-0dbe-4d56-81dc-8335dc1dcef2/datanode-3/data/ratis] (custom)
2021-04-24 02:05:39,960 [pool-93-thread-1] INFO  server.RaftServerConfigKeys (ConfUtils.java:logGet(44)) - raft.server.log.corruption.policy = EXCEPTION (default)
2021-04-24 02:05:39,960 [pool-93-thread-1] INFO  storage.RaftStorageDirectory (RaftStorageDirectoryImpl.java:analyzeStorage(132)) - The storage directory /github/workspace/mnt/ozone/hadoop-ozone/integration-test/target/test-dir/MiniOzoneClusterImpl-6998a6cc-0dbe-4d56-81dc-8335dc1dcef2/datanode-3/data/ratis/1eb8ba7a-f774-418b-be7e-63ce5ece61ce does not exist. Creating ...
2021-04-24 02:05:39,962 [pool-93-thread-1] INFO  storage.RaftStorageDirectory (RaftStorageDirectoryImpl.java:tryLock(215)) - Lock on /github/workspace/mnt/ozone/hadoop-ozone/integration-test/target/test-dir/MiniOzoneClusterImpl-6998a6cc-0dbe-4d56-81dc-8335dc1dcef2/datanode-3/data/ratis/1eb8ba7a-f774-418b-be7e-63ce5ece61ce/in_use.lock acquired by nodename 15838@8965a546ea16
2021-04-24 02:05:39,963 [pool-93-thread-1] INFO  storage.RaftStorage (RaftStorageImpl.java:format(87)) - Storage directory /github/workspace/mnt/ozone/hadoop-ozone/integration-test/target/test-dir/MiniOzoneClusterImpl-6998a6cc-0dbe-4d56-81dc-8335dc1dcef2/datanode-3/data/ratis/1eb8ba7a-f774-418b-be7e-63ce5ece61ce has been successfully formatted.
2021-04-24 02:05:39,964 [pool-93-thread-1] INFO  ratis.ContainerStateMachine (ContainerStateMachine.java:loadSnapshot(224)) - group-63CE5ECE61CE: The snapshot info is null. Setting the last applied indexto:(t:0, i:~)
2021-04-24 02:05:39,964 [pool-93-thread-1] INFO  server.RaftServerConfigKeys (ConfUtils.java:logGet(44)) - raft.server.notification.no-leader.timeout = 300000ms (custom)
2021-04-24 02:05:39,964 [pool-93-thread-1] INFO  server.RaftServerConfigKeys (ConfUtils.java:logGet(44)) - raft.server.log.use.memory = false (default)
2021-04-24 02:05:39,964 [pool-93-thread-1] INFO  server.RaftServerConfigKeys (ConfUtils.java:logGet(44)) - raft.server.log.purge.gap = 1000000 (custom)
2021-04-24 02:05:39,964 [pool-93-thread-1] INFO  server.RaftServerConfigKeys (ConfUtils.java:logGet(44)) - raft.server.log.appender.buffer.byte-limit = 33554432 (custom)
2021-04-24 02:05:39,964 [pool-93-thread-1] INFO  metrics.RatisMetrics (RatisMetrics.java:lambda$create$0(36)) - Creating Metrics Registry : ratis.log_worker.506e7d51-44ea-40e0-a2b0-e730f7a28201@group-63CE5ECE61CE
2021-04-24 02:05:39,966 [pool-93-thread-1] INFO  server.RaftServerConfigKeys (ConfUtils.java:logGet(44)) - raft.server.log.segment.size.max = 1048576 (custom)
2021-04-24 02:05:39,968 [pool-93-thread-1] INFO  server.RaftServerConfigKeys (ConfUtils.java:logGet(44)) - raft.server.log.segment.cache.num.max = 2 (custom)
2021-04-24 02:05:39,968 [pool-93-thread-1] INFO  server.RaftServerConfigKeys (ConfUtils.java:logGet(44)) - raft.server.log.segment.cache.size.max = 200MB (=209715200) (default)
2021-04-24 02:05:39,968 [pool-93-thread-1] INFO  segmented.SegmentedRaftLogWorker (SegmentedRaftLogWorker.java:<init>(182)) - new 506e7d51-44ea-40e0-a2b0-e730f7a28201@group-63CE5ECE61CE-SegmentedRaftLogWorker for RaftStorageImpl:Storage Directory /github/workspace/mnt/ozone/hadoop-ozone/integration-test/target/test-dir/MiniOzoneClusterImpl-6998a6cc-0dbe-4d56-81dc-8335dc1dcef2/datanode-3/data/ratis/1eb8ba7a-f774-418b-be7e-63ce5ece61ce
2021-04-24 02:05:39,968 [pool-93-thread-1] INFO  server.RaftServerConfigKeys (ConfUtils.java:logGet(44)) - raft.server.log.queue.byte-limit = 2147483647 (custom)
2021-04-24 02:05:39,968 [pool-93-thread-1] INFO  server.RaftServerConfigKeys (ConfUtils.java:logGet(44)) - raft.server.log.queue.element-limit = 1024 (custom)
2021-04-24 02:05:39,968 [pool-93-thread-1] INFO  server.RaftServerConfigKeys (ConfUtils.java:logGet(44)) - raft.server.log.segment.size.max = 1048576 (custom)
2021-04-24 02:05:39,968 [pool-93-thread-1] INFO  server.RaftServerConfigKeys (ConfUtils.java:logGet(44)) - raft.server.log.preallocated.size = 16384 (custom)
2021-04-24 02:05:39,968 [pool-93-thread-1] INFO  server.RaftServerConfigKeys (ConfUtils.java:logGet(44)) - raft.server.log.force.sync.num = 128 (default)
2021-04-24 02:05:39,968 [pool-93-thread-1] INFO  server.RaftServerConfigKeys (ConfUtils.java:logGet(44)) - raft.server.log.statemachine.data.sync = true (default)
2021-04-24 02:05:39,968 [pool-93-thread-1] INFO  server.RaftServerConfigKeys (ConfUtils.java:logGet(44)) - raft.server.log.statemachine.data.sync.timeout = 10s (default)
2021-04-24 02:05:39,969 [pool-93-thread-1] INFO  server.RaftServerConfigKeys (ConfUtils.java:logGet(44)) - raft.server.log.statemachine.data.sync.timeout.retry = -1 (default)
2021-04-24 02:05:39,969 [pool-93-thread-1] INFO  server.RaftServerConfigKeys (ConfUtils.java:logGet(44)) - raft.server.log.write.buffer.size = 1048576 (custom)
2021-04-24 02:05:39,970 [pool-93-thread-1] INFO  server.RaftServerConfigKeys (ConfUtils.java:logGet(44)) - raft.server.log.statemachine.data.caching.enabled = true (custom)
2021-04-24 02:05:39,970 [pool-93-thread-1] INFO  segmented.SegmentedRaftLogWorker (SegmentedRaftLogWorker.java:lambda$new$0(133)) - 506e7d51-44ea-40e0-a2b0-e730f7a28201@group-63CE5ECE61CE-SegmentedRaftLogWorker: flushIndex: setUnconditionally 0 -> -1
2021-04-24 02:05:39,970 [pool-93-thread-1] INFO  segmented.SegmentedRaftLogWorker (SegmentedRaftLogWorker.java:lambda$new$0(133)) - 506e7d51-44ea-40e0-a2b0-e730f7a28201@group-63CE5ECE61CE-SegmentedRaftLogWorker: safeCacheEvictIndex: setUnconditionally 0 -> -1
2021-04-24 02:05:39,971 [pool-93-thread-1] INFO  server.RaftServerConfigKeys (ConfUtils.java:logGet(44)) - raft.server.snapshot.auto.trigger.enabled = true (custom)
2021-04-24 02:05:39,971 [pool-93-thread-1] INFO  server.RaftServerConfigKeys (ConfUtils.java:logGet(44)) - raft.server.snapshot.auto.trigger.threshold = 10000 (custom)
2021-04-24 02:05:39,971 [pool-93-thread-1] INFO  server.RaftServerConfigKeys (ConfUtils.java:logGet(44)) - raft.server.snapshot.retention.file.num = 5 (custom)
2021-04-24 02:05:39,971 [pool-93-thread-1] INFO  server.RaftServerConfigKeys (ConfUtils.java:logGet(44)) - raft.server.log.purge.upto.snapshot.index = false (default)
2021-04-24 02:05:39,971 [pool-93-thread-1] INFO  server.RaftServerConfigKeys (ConfUtils.java:logGet(44)) - raft.server.retrycache.expirytime = 600000ms (custom)
2021-04-24 02:05:39,971 [pool-93-thread-1] INFO  server.RaftServerConfigKeys (ConfUtils.java:logGet(44)) - raft.server.retrycache.statistics.expirytime = 100?s (default)
2021-04-24 02:05:39,971 [pool-93-thread-1] INFO  metrics.RatisMetrics (RatisMetrics.java:lambda$create$0(36)) - Creating Metrics Registry : ratis.leader_election.506e7d51-44ea-40e0-a2b0-e730f7a28201@group-63CE5ECE61CE
2021-04-24 02:05:39,976 [pool-93-thread-1] INFO  metrics.RatisMetrics (RatisMetrics.java:lambda$create$0(36)) - Creating Metrics Registry : ratis.server.506e7d51-44ea-40e0-a2b0-e730f7a28201@group-63CE5ECE61CE
2021-04-24 02:05:39,976 [pool-93-thread-1] INFO  server.RaftServer$Division (RaftServerImpl.java:start(295)) - 506e7d51-44ea-40e0-a2b0-e730f7a28201@group-63CE5ECE61CE: start as a follower, conf=-1: [686a54b3-507b-4dc5-8065-04c582627b70|rpc:172.17.0.2:37165|priority:0, e13d3dfe-a7aa-4e77-932b-4a03cf9a588d|rpc:172.17.0.2:43115|priority:1, 506e7d51-44ea-40e0-a2b0-e730f7a28201|rpc:172.17.0.2:37821|priority:0], old=null
2021-04-24 02:05:39,976 [pool-93-thread-1] INFO  server.RaftServer$Division (RaftServerImpl.java:setRole(284)) - 506e7d51-44ea-40e0-a2b0-e730f7a28201@group-63CE5ECE61CE: changes role from      null to FOLLOWER at term 0 for startAsFollower
2021-04-24 02:05:39,977 [pool-93-thread-1] INFO  impl.RoleInfo (RoleInfo.java:updateAndGet(130)) - 506e7d51-44ea-40e0-a2b0-e730f7a28201: start 506e7d51-44ea-40e0-a2b0-e730f7a28201@group-63CE5ECE61CE-FollowerState
2021-04-24 02:05:39,979 [pool-93-thread-1] INFO  util.JmxRegister (JmxRegister.java:tryRegister(44)) - Successfully registered JMX Bean with object name Ratis:service=RaftServer,group=group-63CE5ECE61CE,id=506e7d51-44ea-40e0-a2b0-e730f7a28201
2021-04-24 02:05:39,979 [pool-93-thread-1] INFO  metrics.RatisMetrics (RatisMetrics.java:lambda$create$0(36)) - Creating Metrics Registry : ratis.state_machine.506e7d51-44ea-40e0-a2b0-e730f7a28201@group-63CE5ECE61CE
2021-04-24 02:05:39,980 [Command processor thread] INFO  ratis.XceiverServerRatis (XceiverServerRatis.java:addGroup(808)) - Created group PipelineID=1eb8ba7a-f774-418b-be7e-63ce5ece61ce
2021-04-24 02:05:39,981 [Command processor thread] INFO  metrics.RatisMetrics (RatisMetrics.java:lambda$create$0(36)) - Creating Metrics Registry : ratis.client_message_metrics.client-DB13E0519B2F->e13d3dfe-a7aa-4e77-932b-4a03cf9a588d
2021-04-24 02:05:39,985 [EventQueue-PipelineReportForOneReplicaPipelineSafeModeRule] INFO  safemode.SCMSafeModeManager (SCMSafeModeManager.java:validateSafeModeExitRules(201)) - AtleastOneDatanodeReportedRule rule is successfully validated
2021-04-24 02:05:39,985 [EventQueue-OpenPipelineForHealthyPipelineSafeModeRule] INFO  safemode.SCMSafeModeManager (HealthyPipelineSafeModeRule.java:process(130)) - SCM in safe mode. Healthy pipelines reported count is 0, required healthy pipeline reported count is 1
2021-04-24 02:05:40,003 [grpc-default-executor-0] INFO  metrics.RatisMetrics (RatisMetrics.java:lambda$create$0(36)) - Creating Metrics Registry : ratis.server_message_metrics.e13d3dfe-a7aa-4e77-932b-4a03cf9a588d
2021-04-24 02:05:40,006 [grpc-default-executor-0] INFO  server.RaftServer (RaftServerProxy.java:addNew(95)) - e13d3dfe-a7aa-4e77-932b-4a03cf9a588d: addNew group-63CE5ECE61CE:[686a54b3-507b-4dc5-8065-04c582627b70|rpc:172.17.0.2:37165|dataStream:|priority:0, e13d3dfe-a7aa-4e77-932b-4a03cf9a588d|rpc:172.17.0.2:43115|dataStream:|priority:1, 506e7d51-44ea-40e0-a2b0-e730f7a28201|rpc:172.17.0.2:37821|dataStream:|priority:0] returns group-63CE5ECE61CE:java.util.concurrent.CompletableFuture@48bb901[Not completed]
2021-04-24 02:05:40,008 [pool-125-thread-1] INFO  server.RaftServer$Division (RaftServerImpl.java:<init>(180)) - e13d3dfe-a7aa-4e77-932b-4a03cf9a588d: new RaftServerImpl for group-63CE5ECE61CE:[686a54b3-507b-4dc5-8065-04c582627b70|rpc:172.17.0.2:37165|dataStream:|priority:0, e13d3dfe-a7aa-4e77-932b-4a03cf9a588d|rpc:172.17.0.2:43115|dataStream:|priority:1, 506e7d51-44ea-40e0-a2b0-e730f7a28201|rpc:172.17.0.2:37821|dataStream:|priority:0] with ContainerStateMachine:uninitialized
2021-04-24 02:05:40,008 [pool-125-thread-1] INFO  server.RaftServerConfigKeys (ConfUtils.java:logGet(44)) - raft.server.rpc.timeout.min = 5s (custom)
2021-04-24 02:05:40,008 [pool-125-thread-1] INFO  server.RaftServerConfigKeys (ConfUtils.java:logGet(44)) - raft.server.rpc.timeout.max = 5200ms (custom)
2021-04-24 02:05:40,008 [pool-125-thread-1] INFO  server.RaftServerConfigKeys (ConfUtils.java:logGet(44)) - raft.server.rpc.sleep.time = 25ms (default)
2021-04-24 02:05:40,008 [pool-125-thread-1] INFO  server.RaftServerConfigKeys (ConfUtils.java:logGet(44)) - raft.server.rpc.slowness.timeout = 300000ms (custom)
2021-04-24 02:05:40,008 [pool-125-thread-1] INFO  server.RaftServerConfigKeys (ConfUtils.java:logGet(44)) - raft.server.leaderelection.leader.step-down.wait-time = 10s (default)
2021-04-24 02:05:40,008 [pool-125-thread-1] INFO  server.RaftServerConfigKeys (ConfUtils.java:logGet(44)) - raft.server.sleep.deviation.threshold = 300ms (default)
2021-04-24 02:05:40,008 [pool-125-thread-1] INFO  server.RaftServerConfigKeys (ConfUtils.java:logGet(44)) - raft.server.log.appender.install.snapshot.enabled = false (custom)
2021-04-24 02:05:40,008 [pool-125-thread-1] INFO  server.RaftServer$Division (ServerState.java:<init>(105)) - e13d3dfe-a7aa-4e77-932b-4a03cf9a588d@group-63CE5ECE61CE: ConfigurationManager, init=-1: [686a54b3-507b-4dc5-8065-04c582627b70|rpc:172.17.0.2:37165|dataStream:|priority:0, e13d3dfe-a7aa-4e77-932b-4a03cf9a588d|rpc:172.17.0.2:43115|dataStream:|priority:1, 506e7d51-44ea-40e0-a2b0-e730f7a28201|rpc:172.17.0.2:37821|dataStream:|priority:0], old=null, confs=<EMPTY_MAP>
2021-04-24 02:05:40,008 [pool-125-thread-1] INFO  server.RaftServerConfigKeys (ConfUtils.java:logGet(44)) - raft.server.storage.dir = [/github/workspace/mnt/ozone/hadoop-ozone/integration-test/target/test-dir/MiniOzoneClusterImpl-6998a6cc-0dbe-4d56-81dc-8335dc1dcef2/datanode-5/data/ratis] (custom)
2021-04-24 02:05:40,009 [pool-125-thread-1] INFO  server.RaftServerConfigKeys (ConfUtils.java:logGet(44)) - raft.server.log.corruption.policy = EXCEPTION (default)
2021-04-24 02:05:40,009 [pool-125-thread-1] INFO  storage.RaftStorageDirectory (RaftStorageDirectoryImpl.java:analyzeStorage(132)) - The storage directory /github/workspace/mnt/ozone/hadoop-ozone/integration-test/target/test-dir/MiniOzoneClusterImpl-6998a6cc-0dbe-4d56-81dc-8335dc1dcef2/datanode-5/data/ratis/1eb8ba7a-f774-418b-be7e-63ce5ece61ce does not exist. Creating ...
2021-04-24 02:05:40,010 [pool-125-thread-1] INFO  storage.RaftStorageDirectory (RaftStorageDirectoryImpl.java:tryLock(215)) - Lock on /github/workspace/mnt/ozone/hadoop-ozone/integration-test/target/test-dir/MiniOzoneClusterImpl-6998a6cc-0dbe-4d56-81dc-8335dc1dcef2/datanode-5/data/ratis/1eb8ba7a-f774-418b-be7e-63ce5ece61ce/in_use.lock acquired by nodename 15838@8965a546ea16
2021-04-24 02:05:40,011 [pool-125-thread-1] INFO  storage.RaftStorage (RaftStorageImpl.java:format(87)) - Storage directory /github/workspace/mnt/ozone/hadoop-ozone/integration-test/target/test-dir/MiniOzoneClusterImpl-6998a6cc-0dbe-4d56-81dc-8335dc1dcef2/datanode-5/data/ratis/1eb8ba7a-f774-418b-be7e-63ce5ece61ce has been successfully formatted.
2021-04-24 02:05:40,012 [pool-125-thread-1] INFO  ratis.ContainerStateMachine (ContainerStateMachine.java:loadSnapshot(224)) - group-63CE5ECE61CE: The snapshot info is null. Setting the last applied indexto:(t:0, i:~)
2021-04-24 02:05:40,013 [pool-125-thread-1] INFO  server.RaftServerConfigKeys (ConfUtils.java:logGet(44)) - raft.server.notification.no-leader.timeout = 300000ms (custom)
2021-04-24 02:05:40,013 [pool-125-thread-1] INFO  server.RaftServerConfigKeys (ConfUtils.java:logGet(44)) - raft.server.log.use.memory = false (default)
2021-04-24 02:05:40,013 [pool-125-thread-1] INFO  server.RaftServerConfigKeys (ConfUtils.java:logGet(44)) - raft.server.log.purge.gap = 1000000 (custom)
2021-04-24 02:05:40,013 [pool-125-thread-1] INFO  server.RaftServerConfigKeys (ConfUtils.java:logGet(44)) - raft.server.log.appender.buffer.byte-limit = 33554432 (custom)
2021-04-24 02:05:40,013 [pool-125-thread-1] INFO  metrics.RatisMetrics (RatisMetrics.java:lambda$create$0(36)) - Creating Metrics Registry : ratis.log_worker.e13d3dfe-a7aa-4e77-932b-4a03cf9a588d@group-63CE5ECE61CE
2021-04-24 02:05:40,013 [EventQueue-PipelineReportForOneReplicaPipelineSafeModeRule] INFO  safemode.SCMSafeModeManager (SCMSafeModeManager.java:validateSafeModeExitRules(201)) - AtleastOneDatanodeReportedRule rule is successfully validated
2021-04-24 02:05:40,014 [pool-125-thread-1] INFO  server.RaftServerConfigKeys (ConfUtils.java:logGet(44)) - raft.server.log.segment.size.max = 1048576 (custom)
2021-04-24 02:05:40,015 [pool-125-thread-1] INFO  server.RaftServerConfigKeys (ConfUtils.java:logGet(44)) - raft.server.log.segment.cache.num.max = 2 (custom)
2021-04-24 02:05:40,015 [pool-125-thread-1] INFO  server.RaftServerConfigKeys (ConfUtils.java:logGet(44)) - raft.server.log.segment.cache.size.max = 200MB (=209715200) (default)
2021-04-24 02:05:40,015 [pool-125-thread-1] INFO  segmented.SegmentedRaftLogWorker (SegmentedRaftLogWorker.java:<init>(182)) - new e13d3dfe-a7aa-4e77-932b-4a03cf9a588d@group-63CE5ECE61CE-SegmentedRaftLogWorker for RaftStorageImpl:Storage Directory /github/workspace/mnt/ozone/hadoop-ozone/integration-test/target/test-dir/MiniOzoneClusterImpl-6998a6cc-0dbe-4d56-81dc-8335dc1dcef2/datanode-5/data/ratis/1eb8ba7a-f774-418b-be7e-63ce5ece61ce
2021-04-24 02:05:40,015 [pool-125-thread-1] INFO  server.RaftServerConfigKeys (ConfUtils.java:logGet(44)) - raft.server.log.queue.byte-limit = 2147483647 (custom)
2021-04-24 02:05:40,015 [pool-125-thread-1] INFO  server.RaftServerConfigKeys (ConfUtils.java:logGet(44)) - raft.server.log.queue.element-limit = 1024 (custom)
2021-04-24 02:05:40,016 [pool-125-thread-1] INFO  server.RaftServerConfigKeys (ConfUtils.java:logGet(44)) - raft.server.log.segment.size.max = 1048576 (custom)
2021-04-24 02:05:40,016 [pool-125-thread-1] INFO  server.RaftServerConfigKeys (ConfUtils.java:logGet(44)) - raft.server.log.preallocated.size = 16384 (custom)
2021-04-24 02:05:40,016 [pool-125-thread-1] INFO  server.RaftServerConfigKeys (ConfUtils.java:logGet(44)) - raft.server.log.force.sync.num = 128 (default)
2021-04-24 02:05:40,016 [pool-125-thread-1] INFO  server.RaftServerConfigKeys (ConfUtils.java:logGet(44)) - raft.server.log.statemachine.data.sync = true (default)
2021-04-24 02:05:40,016 [pool-125-thread-1] INFO  server.RaftServerConfigKeys (ConfUtils.java:logGet(44)) - raft.server.log.statemachine.data.sync.timeout = 10s (default)
2021-04-24 02:05:40,016 [pool-125-thread-1] INFO  server.RaftServerConfigKeys (ConfUtils.java:logGet(44)) - raft.server.log.statemachine.data.sync.timeout.retry = -1 (default)
2021-04-24 02:05:40,018 [pool-125-thread-1] INFO  server.RaftServerConfigKeys (ConfUtils.java:logGet(44)) - raft.server.log.write.buffer.size = 1048576 (custom)
2021-04-24 02:05:40,018 [pool-125-thread-1] INFO  server.RaftServerConfigKeys (ConfUtils.java:logGet(44)) - raft.server.log.statemachine.data.caching.enabled = true (custom)
2021-04-24 02:05:40,019 [pool-125-thread-1] INFO  segmented.SegmentedRaftLogWorker (SegmentedRaftLogWorker.java:lambda$new$0(133)) - e13d3dfe-a7aa-4e77-932b-4a03cf9a588d@group-63CE5ECE61CE-SegmentedRaftLogWorker: flushIndex: setUnconditionally 0 -> -1
2021-04-24 02:05:40,019 [pool-125-thread-1] INFO  segmented.SegmentedRaftLogWorker (SegmentedRaftLogWorker.java:lambda$new$0(133)) - e13d3dfe-a7aa-4e77-932b-4a03cf9a588d@group-63CE5ECE61CE-SegmentedRaftLogWorker: safeCacheEvictIndex: setUnconditionally 0 -> -1
2021-04-24 02:05:40,023 [pool-125-thread-1] INFO  server.RaftServerConfigKeys (ConfUtils.java:logGet(44)) - raft.server.snapshot.auto.trigger.enabled = true (custom)
2021-04-24 02:05:40,023 [pool-125-thread-1] INFO  server.RaftServerConfigKeys (ConfUtils.java:logGet(44)) - raft.server.snapshot.auto.trigger.threshold = 10000 (custom)
2021-04-24 02:05:40,023 [pool-125-thread-1] INFO  server.RaftServerConfigKeys (ConfUtils.java:logGet(44)) - raft.server.snapshot.retention.file.num = 5 (custom)
2021-04-24 02:05:40,023 [pool-125-thread-1] INFO  server.RaftServerConfigKeys (ConfUtils.java:logGet(44)) - raft.server.log.purge.upto.snapshot.index = false (default)
2021-04-24 02:05:40,023 [pool-125-thread-1] INFO  server.RaftServerConfigKeys (ConfUtils.java:logGet(44)) - raft.server.retrycache.expirytime = 600000ms (custom)
2021-04-24 02:05:40,023 [pool-125-thread-1] INFO  server.RaftServerConfigKeys (ConfUtils.java:logGet(44)) - raft.server.retrycache.statistics.expirytime = 100?s (default)
2021-04-24 02:05:40,023 [pool-125-thread-1] INFO  metrics.RatisMetrics (RatisMetrics.java:lambda$create$0(36)) - Creating Metrics Registry : ratis.leader_election.e13d3dfe-a7aa-4e77-932b-4a03cf9a588d@group-63CE5ECE61CE
2021-04-24 02:05:40,024 [pool-125-thread-1] INFO  metrics.RatisMetrics (RatisMetrics.java:lambda$create$0(36)) - Creating Metrics Registry : ratis.server.e13d3dfe-a7aa-4e77-932b-4a03cf9a588d@group-63CE5ECE61CE
2021-04-24 02:05:40,025 [pool-125-thread-1] INFO  server.RaftServer$Division (RaftServerImpl.java:start(295)) - e13d3dfe-a7aa-4e77-932b-4a03cf9a588d@group-63CE5ECE61CE: start as a follower, conf=-1: [686a54b3-507b-4dc5-8065-04c582627b70|rpc:172.17.0.2:37165|dataStream:|priority:0, e13d3dfe-a7aa-4e77-932b-4a03cf9a588d|rpc:172.17.0.2:43115|dataStream:|priority:1, 506e7d51-44ea-40e0-a2b0-e730f7a28201|rpc:172.17.0.2:37821|dataStream:|priority:0], old=null
2021-04-24 02:05:40,025 [pool-125-thread-1] INFO  server.RaftServer$Division (RaftServerImpl.java:setRole(284)) - e13d3dfe-a7aa-4e77-932b-4a03cf9a588d@group-63CE5ECE61CE: changes role from      null to FOLLOWER at term 0 for startAsFollower
2021-04-24 02:05:40,025 [pool-125-thread-1] INFO  impl.RoleInfo (RoleInfo.java:updateAndGet(130)) - e13d3dfe-a7aa-4e77-932b-4a03cf9a588d: start e13d3dfe-a7aa-4e77-932b-4a03cf9a588d@group-63CE5ECE61CE-FollowerState
2021-04-24 02:05:40,025 [pool-125-thread-1] INFO  util.JmxRegister (JmxRegister.java:tryRegister(44)) - Successfully registered JMX Bean with object name Ratis:service=RaftServer,group=group-63CE5ECE61CE,id=e13d3dfe-a7aa-4e77-932b-4a03cf9a588d
2021-04-24 02:05:40,025 [pool-125-thread-1] INFO  metrics.RatisMetrics (RatisMetrics.java:lambda$create$0(36)) - Creating Metrics Registry : ratis.state_machine.e13d3dfe-a7aa-4e77-932b-4a03cf9a588d@group-63CE5ECE61CE
2021-04-24 02:05:40,036 [Command processor thread] INFO  metrics.RatisMetrics (RatisMetrics.java:lambda$create$0(36)) - Creating Metrics Registry : ratis.client_message_metrics.client-CCE88FFE6059->686a54b3-507b-4dc5-8065-04c582627b70
2021-04-24 02:05:40,042 [grpc-default-executor-0] INFO  metrics.RatisMetrics (RatisMetrics.java:lambda$create$0(36)) - Creating Metrics Registry : ratis.server_message_metrics.686a54b3-507b-4dc5-8065-04c582627b70
2021-04-24 02:05:40,044 [grpc-default-executor-0] INFO  server.RaftServer (RaftServerProxy.java:addNew(95)) - 686a54b3-507b-4dc5-8065-04c582627b70: addNew group-63CE5ECE61CE:[686a54b3-507b-4dc5-8065-04c582627b70|rpc:172.17.0.2:37165|dataStream:|priority:0, e13d3dfe-a7aa-4e77-932b-4a03cf9a588d|rpc:172.17.0.2:43115|dataStream:|priority:1, 506e7d51-44ea-40e0-a2b0-e730f7a28201|rpc:172.17.0.2:37821|dataStream:|priority:0] returns group-63CE5ECE61CE:java.util.concurrent.CompletableFuture@4d0b3364[Not completed]
2021-04-24 02:05:40,045 [pool-109-thread-1] INFO  server.RaftServer$Division (RaftServerImpl.java:<init>(180)) - 686a54b3-507b-4dc5-8065-04c582627b70: new RaftServerImpl for group-63CE5ECE61CE:[686a54b3-507b-4dc5-8065-04c582627b70|rpc:172.17.0.2:37165|dataStream:|priority:0, e13d3dfe-a7aa-4e77-932b-4a03cf9a588d|rpc:172.17.0.2:43115|dataStream:|priority:1, 506e7d51-44ea-40e0-a2b0-e730f7a28201|rpc:172.17.0.2:37821|dataStream:|priority:0] with ContainerStateMachine:uninitialized
2021-04-24 02:05:40,045 [pool-109-thread-1] INFO  server.RaftServerConfigKeys (ConfUtils.java:logGet(44)) - raft.server.rpc.timeout.min = 5s (custom)
2021-04-24 02:05:40,045 [pool-109-thread-1] INFO  server.RaftServerConfigKeys (ConfUtils.java:logGet(44)) - raft.server.rpc.timeout.max = 5200ms (custom)
2021-04-24 02:05:40,045 [pool-109-thread-1] INFO  server.RaftServerConfigKeys (ConfUtils.java:logGet(44)) - raft.server.rpc.sleep.time = 25ms (default)
2021-04-24 02:05:40,045 [pool-109-thread-1] INFO  server.RaftServerConfigKeys (ConfUtils.java:logGet(44)) - raft.server.rpc.slowness.timeout = 300000ms (custom)
2021-04-24 02:05:40,045 [pool-109-thread-1] INFO  server.RaftServerConfigKeys (ConfUtils.java:logGet(44)) - raft.server.leaderelection.leader.step-down.wait-time = 10s (default)
2021-04-24 02:05:40,045 [pool-109-thread-1] INFO  server.RaftServerConfigKeys (ConfUtils.java:logGet(44)) - raft.server.sleep.deviation.threshold = 300ms (default)
2021-04-24 02:05:40,046 [pool-109-thread-1] INFO  server.RaftServerConfigKeys (ConfUtils.java:logGet(44)) - raft.server.log.appender.install.snapshot.enabled = false (custom)
2021-04-24 02:05:40,046 [pool-109-thread-1] INFO  server.RaftServer$Division (ServerState.java:<init>(105)) - 686a54b3-507b-4dc5-8065-04c582627b70@group-63CE5ECE61CE: ConfigurationManager, init=-1: [686a54b3-507b-4dc5-8065-04c582627b70|rpc:172.17.0.2:37165|dataStream:|priority:0, e13d3dfe-a7aa-4e77-932b-4a03cf9a588d|rpc:172.17.0.2:43115|dataStream:|priority:1, 506e7d51-44ea-40e0-a2b0-e730f7a28201|rpc:172.17.0.2:37821|dataStream:|priority:0], old=null, confs=<EMPTY_MAP>
2021-04-24 02:05:40,046 [pool-109-thread-1] INFO  server.RaftServerConfigKeys (ConfUtils.java:logGet(44)) - raft.server.storage.dir = [/github/workspace/mnt/ozone/hadoop-ozone/integration-test/target/test-dir/MiniOzoneClusterImpl-6998a6cc-0dbe-4d56-81dc-8335dc1dcef2/datanode-4/data/ratis] (custom)
2021-04-24 02:05:40,046 [pool-109-thread-1] INFO  server.RaftServerConfigKeys (ConfUtils.java:logGet(44)) - raft.server.log.corruption.policy = EXCEPTION (default)
2021-04-24 02:05:40,046 [pool-109-thread-1] INFO  storage.RaftStorageDirectory (RaftStorageDirectoryImpl.java:analyzeStorage(132)) - The storage directory /github/workspace/mnt/ozone/hadoop-ozone/integration-test/target/test-dir/MiniOzoneClusterImpl-6998a6cc-0dbe-4d56-81dc-8335dc1dcef2/datanode-4/data/ratis/1eb8ba7a-f774-418b-be7e-63ce5ece61ce does not exist. Creating ...
2021-04-24 02:05:40,049 [pool-109-thread-1] INFO  storage.RaftStorageDirectory (RaftStorageDirectoryImpl.java:tryLock(215)) - Lock on /github/workspace/mnt/ozone/hadoop-ozone/integration-test/target/test-dir/MiniOzoneClusterImpl-6998a6cc-0dbe-4d56-81dc-8335dc1dcef2/datanode-4/data/ratis/1eb8ba7a-f774-418b-be7e-63ce5ece61ce/in_use.lock acquired by nodename 15838@8965a546ea16
2021-04-24 02:05:40,050 [pool-109-thread-1] INFO  storage.RaftStorage (RaftStorageImpl.java:format(87)) - Storage directory /github/workspace/mnt/ozone/hadoop-ozone/integration-test/target/test-dir/MiniOzoneClusterImpl-6998a6cc-0dbe-4d56-81dc-8335dc1dcef2/datanode-4/data/ratis/1eb8ba7a-f774-418b-be7e-63ce5ece61ce has been successfully formatted.
2021-04-24 02:05:40,051 [pool-109-thread-1] INFO  ratis.ContainerStateMachine (ContainerStateMachine.java:loadSnapshot(224)) - group-63CE5ECE61CE: The snapshot info is null. Setting the last applied indexto:(t:0, i:~)
2021-04-24 02:05:40,052 [EventQueue-PipelineReportForOneReplicaPipelineSafeModeRule] INFO  safemode.SCMSafeModeManager (SCMSafeModeManager.java:validateSafeModeExitRules(201)) - AtleastOneDatanodeReportedRule rule is successfully validated
2021-04-24 02:05:40,055 [pool-109-thread-1] INFO  server.RaftServerConfigKeys (ConfUtils.java:logGet(44)) - raft.server.notification.no-leader.timeout = 300000ms (custom)
2021-04-24 02:05:40,055 [pool-109-thread-1] INFO  server.RaftServerConfigKeys (ConfUtils.java:logGet(44)) - raft.server.log.use.memory = false (default)
2021-04-24 02:05:40,055 [pool-109-thread-1] INFO  server.RaftServerConfigKeys (ConfUtils.java:logGet(44)) - raft.server.log.purge.gap = 1000000 (custom)
2021-04-24 02:05:40,055 [pool-109-thread-1] INFO  server.RaftServerConfigKeys (ConfUtils.java:logGet(44)) - raft.server.log.appender.buffer.byte-limit = 33554432 (custom)
2021-04-24 02:05:40,056 [pool-109-thread-1] INFO  metrics.RatisMetrics (RatisMetrics.java:lambda$create$0(36)) - Creating Metrics Registry : ratis.log_worker.686a54b3-507b-4dc5-8065-04c582627b70@group-63CE5ECE61CE
2021-04-24 02:05:40,056 [pool-109-thread-1] INFO  server.RaftServerConfigKeys (ConfUtils.java:logGet(44)) - raft.server.log.segment.size.max = 1048576 (custom)
2021-04-24 02:05:40,056 [pool-109-thread-1] INFO  server.RaftServerConfigKeys (ConfUtils.java:logGet(44)) - raft.server.log.segment.cache.num.max = 2 (custom)
2021-04-24 02:05:40,056 [pool-109-thread-1] INFO  server.RaftServerConfigKeys (ConfUtils.java:logGet(44)) - raft.server.log.segment.cache.size.max = 200MB (=209715200) (default)
2021-04-24 02:05:40,057 [pool-109-thread-1] INFO  segmented.SegmentedRaftLogWorker (SegmentedRaftLogWorker.java:<init>(182)) - new 686a54b3-507b-4dc5-8065-04c582627b70@group-63CE5ECE61CE-SegmentedRaftLogWorker for RaftStorageImpl:Storage Directory /github/workspace/mnt/ozone/hadoop-ozone/integration-test/target/test-dir/MiniOzoneClusterImpl-6998a6cc-0dbe-4d56-81dc-8335dc1dcef2/datanode-4/data/ratis/1eb8ba7a-f774-418b-be7e-63ce5ece61ce
2021-04-24 02:05:40,057 [pool-109-thread-1] INFO  server.RaftServerConfigKeys (ConfUtils.java:logGet(44)) - raft.server.log.queue.byte-limit = 2147483647 (custom)
2021-04-24 02:05:40,057 [pool-109-thread-1] INFO  server.RaftServerConfigKeys (ConfUtils.java:logGet(44)) - raft.server.log.queue.element-limit = 1024 (custom)
2021-04-24 02:05:40,057 [pool-109-thread-1] INFO  server.RaftServerConfigKeys (ConfUtils.java:logGet(44)) - raft.server.log.segment.size.max = 1048576 (custom)
2021-04-24 02:05:40,057 [pool-109-thread-1] INFO  server.RaftServerConfigKeys (ConfUtils.java:logGet(44)) - raft.server.log.preallocated.size = 16384 (custom)
2021-04-24 02:05:40,057 [pool-109-thread-1] INFO  server.RaftServerConfigKeys (ConfUtils.java:logGet(44)) - raft.server.log.force.sync.num = 128 (default)
2021-04-24 02:05:40,057 [pool-109-thread-1] INFO  server.RaftServerConfigKeys (ConfUtils.java:logGet(44)) - raft.server.log.statemachine.data.sync = true (default)
2021-04-24 02:05:40,057 [pool-109-thread-1] INFO  server.RaftServerConfigKeys (ConfUtils.java:logGet(44)) - raft.server.log.statemachine.data.sync.timeout = 10s (default)
2021-04-24 02:05:40,057 [pool-109-thread-1] INFO  server.RaftServerConfigKeys (ConfUtils.java:logGet(44)) - raft.server.log.statemachine.data.sync.timeout.retry = -1 (default)
2021-04-24 02:05:40,058 [pool-109-thread-1] INFO  server.RaftServerConfigKeys (ConfUtils.java:logGet(44)) - raft.server.log.write.buffer.size = 1048576 (custom)
2021-04-24 02:05:40,058 [pool-109-thread-1] INFO  server.RaftServerConfigKeys (ConfUtils.java:logGet(44)) - raft.server.log.statemachine.data.caching.enabled = true (custom)
2021-04-24 02:05:40,058 [pool-109-thread-1] INFO  segmented.SegmentedRaftLogWorker (SegmentedRaftLogWorker.java:lambda$new$0(133)) - 686a54b3-507b-4dc5-8065-04c582627b70@group-63CE5ECE61CE-SegmentedRaftLogWorker: flushIndex: setUnconditionally 0 -> -1
2021-04-24 02:05:40,059 [pool-109-thread-1] INFO  segmented.SegmentedRaftLogWorker (SegmentedRaftLogWorker.java:lambda$new$0(133)) - 686a54b3-507b-4dc5-8065-04c582627b70@group-63CE5ECE61CE-SegmentedRaftLogWorker: safeCacheEvictIndex: setUnconditionally 0 -> -1
2021-04-24 02:05:40,059 [pool-109-thread-1] INFO  server.RaftServerConfigKeys (ConfUtils.java:logGet(44)) - raft.server.snapshot.auto.trigger.enabled = true (custom)
2021-04-24 02:05:40,059 [pool-109-thread-1] INFO  server.RaftServerConfigKeys (ConfUtils.java:logGet(44)) - raft.server.snapshot.auto.trigger.threshold = 10000 (custom)
2021-04-24 02:05:40,059 [pool-109-thread-1] INFO  server.RaftServerConfigKeys (ConfUtils.java:logGet(44)) - raft.server.snapshot.retention.file.num = 5 (custom)
2021-04-24 02:05:40,059 [pool-109-thread-1] INFO  server.RaftServerConfigKeys (ConfUtils.java:logGet(44)) - raft.server.log.purge.upto.snapshot.index = false (default)
2021-04-24 02:05:40,059 [pool-109-thread-1] INFO  server.RaftServerConfigKeys (ConfUtils.java:logGet(44)) - raft.server.retrycache.expirytime = 600000ms (custom)
2021-04-24 02:05:40,059 [pool-109-thread-1] INFO  server.RaftServerConfigKeys (ConfUtils.java:logGet(44)) - raft.server.retrycache.statistics.expirytime = 100?s (default)
2021-04-24 02:05:40,059 [pool-109-thread-1] INFO  metrics.RatisMetrics (RatisMetrics.java:lambda$create$0(36)) - Creating Metrics Registry : ratis.leader_election.686a54b3-507b-4dc5-8065-04c582627b70@group-63CE5ECE61CE
2021-04-24 02:05:40,060 [pool-109-thread-1] INFO  metrics.RatisMetrics (RatisMetrics.java:lambda$create$0(36)) - Creating Metrics Registry : ratis.server.686a54b3-507b-4dc5-8065-04c582627b70@group-63CE5ECE61CE
2021-04-24 02:05:40,060 [pool-109-thread-1] INFO  server.RaftServer$Division (RaftServerImpl.java:start(295)) - 686a54b3-507b-4dc5-8065-04c582627b70@group-63CE5ECE61CE: start as a follower, conf=-1: [686a54b3-507b-4dc5-8065-04c582627b70|rpc:172.17.0.2:37165|dataStream:|priority:0, e13d3dfe-a7aa-4e77-932b-4a03cf9a588d|rpc:172.17.0.2:43115|dataStream:|priority:1, 506e7d51-44ea-40e0-a2b0-e730f7a28201|rpc:172.17.0.2:37821|dataStream:|priority:0], old=null
2021-04-24 02:05:40,060 [pool-109-thread-1] INFO  server.RaftServer$Division (RaftServerImpl.java:setRole(284)) - 686a54b3-507b-4dc5-8065-04c582627b70@group-63CE5ECE61CE: changes role from      null to FOLLOWER at term 0 for startAsFollower
2021-04-24 02:05:40,060 [pool-109-thread-1] INFO  impl.RoleInfo (RoleInfo.java:updateAndGet(130)) - 686a54b3-507b-4dc5-8065-04c582627b70: start 686a54b3-507b-4dc5-8065-04c582627b70@group-63CE5ECE61CE-FollowerState
2021-04-24 02:05:40,061 [pool-109-thread-1] INFO  util.JmxRegister (JmxRegister.java:tryRegister(44)) - Successfully registered JMX Bean with object name Ratis:service=RaftServer,group=group-63CE5ECE61CE,id=686a54b3-507b-4dc5-8065-04c582627b70
2021-04-24 02:05:40,061 [pool-109-thread-1] INFO  metrics.RatisMetrics (RatisMetrics.java:lambda$create$0(36)) - Creating Metrics Registry : ratis.state_machine.686a54b3-507b-4dc5-8065-04c582627b70@group-63CE5ECE61CE
2021-04-24 02:05:40,069 [Command processor thread] INFO  commandhandler.CreatePipelineCommandHandler (CreatePipelineCommandHandler.java:handle(106)) - Created Pipeline RATIS THREE PipelineID=1eb8ba7a-f774-418b-be7e-63ce5ece61ce.
2021-04-24 02:05:40,070 [Command processor thread] INFO  server.RaftServer (RaftServerProxy.java:addNew(95)) - 506e7d51-44ea-40e0-a2b0-e730f7a28201: addNew group-6FADA685E35F:[686a54b3-507b-4dc5-8065-04c582627b70|rpc:172.17.0.2:37165|priority:1, e13d3dfe-a7aa-4e77-932b-4a03cf9a588d|rpc:172.17.0.2:43115|priority:0, 506e7d51-44ea-40e0-a2b0-e730f7a28201|rpc:172.17.0.2:37821|priority:0] returns group-6FADA685E35F:java.util.concurrent.CompletableFuture@34712230[Not completed]
2021-04-24 02:05:40,070 [pool-93-thread-1] INFO  server.RaftServer$Division (RaftServerImpl.java:<init>(180)) - 506e7d51-44ea-40e0-a2b0-e730f7a28201: new RaftServerImpl for group-6FADA685E35F:[686a54b3-507b-4dc5-8065-04c582627b70|rpc:172.17.0.2:37165|priority:1, e13d3dfe-a7aa-4e77-932b-4a03cf9a588d|rpc:172.17.0.2:43115|priority:0, 506e7d51-44ea-40e0-a2b0-e730f7a28201|rpc:172.17.0.2:37821|priority:0] with ContainerStateMachine:uninitialized
2021-04-24 02:05:40,070 [pool-93-thread-1] INFO  server.RaftServerConfigKeys (ConfUtils.java:logGet(44)) - raft.server.rpc.timeout.min = 5s (custom)
2021-04-24 02:05:40,071 [pool-93-thread-1] INFO  server.RaftServerConfigKeys (ConfUtils.java:logGet(44)) - raft.server.rpc.timeout.max = 5200ms (custom)
2021-04-24 02:05:40,071 [pool-93-thread-1] INFO  server.RaftServerConfigKeys (ConfUtils.java:logGet(44)) - raft.server.rpc.sleep.time = 25ms (default)
2021-04-24 02:05:40,071 [pool-93-thread-1] INFO  server.RaftServerConfigKeys (ConfUtils.java:logGet(44)) - raft.server.rpc.slowness.timeout = 300000ms (custom)
2021-04-24 02:05:40,071 [pool-93-thread-1] INFO  server.RaftServerConfigKeys (ConfUtils.java:logGet(44)) - raft.server.leaderelection.leader.step-down.wait-time = 10s (default)
2021-04-24 02:05:40,071 [pool-93-thread-1] INFO  server.RaftServerConfigKeys (ConfUtils.java:logGet(44)) - raft.server.sleep.deviation.threshold = 300ms (default)
2021-04-24 02:05:40,071 [pool-93-thread-1] INFO  server.RaftServerConfigKeys (ConfUtils.java:logGet(44)) - raft.server.log.appender.install.snapshot.enabled = false (custom)
2021-04-24 02:05:40,071 [pool-93-thread-1] INFO  server.RaftServer$Division (ServerState.java:<init>(105)) - 506e7d51-44ea-40e0-a2b0-e730f7a28201@group-6FADA685E35F: ConfigurationManager, init=-1: [686a54b3-507b-4dc5-8065-04c582627b70|rpc:172.17.0.2:37165|priority:1, e13d3dfe-a7aa-4e77-932b-4a03cf9a588d|rpc:172.17.0.2:43115|priority:0, 506e7d51-44ea-40e0-a2b0-e730f7a28201|rpc:172.17.0.2:37821|priority:0], old=null, confs=<EMPTY_MAP>
2021-04-24 02:05:40,071 [pool-93-thread-1] INFO  server.RaftServerConfigKeys (ConfUtils.java:logGet(44)) - raft.server.storage.dir = [/github/workspace/mnt/ozone/hadoop-ozone/integration-test/target/test-dir/MiniOzoneClusterImpl-6998a6cc-0dbe-4d56-81dc-8335dc1dcef2/datanode-3/data/ratis] (custom)
2021-04-24 02:05:40,071 [pool-93-thread-1] INFO  server.RaftServerConfigKeys (ConfUtils.java:logGet(44)) - raft.server.log.corruption.policy = EXCEPTION (default)
2021-04-24 02:05:40,071 [pool-93-thread-1] INFO  storage.RaftStorageDirectory (RaftStorageDirectoryImpl.java:analyzeStorage(132)) - The storage directory /github/workspace/mnt/ozone/hadoop-ozone/integration-test/target/test-dir/MiniOzoneClusterImpl-6998a6cc-0dbe-4d56-81dc-8335dc1dcef2/datanode-3/data/ratis/0099ddbe-d464-4c63-af52-6fada685e35f does not exist. Creating ...
2021-04-24 02:05:40,073 [pool-93-thread-1] INFO  storage.RaftStorageDirectory (RaftStorageDirectoryImpl.java:tryLock(215)) - Lock on /github/workspace/mnt/ozone/hadoop-ozone/integration-test/target/test-dir/MiniOzoneClusterImpl-6998a6cc-0dbe-4d56-81dc-8335dc1dcef2/datanode-3/data/ratis/0099ddbe-d464-4c63-af52-6fada685e35f/in_use.lock acquired by nodename 15838@8965a546ea16
2021-04-24 02:05:40,074 [pool-93-thread-1] INFO  storage.RaftStorage (RaftStorageImpl.java:format(87)) - Storage directory /github/workspace/mnt/ozone/hadoop-ozone/integration-test/target/test-dir/MiniOzoneClusterImpl-6998a6cc-0dbe-4d56-81dc-8335dc1dcef2/datanode-3/data/ratis/0099ddbe-d464-4c63-af52-6fada685e35f has been successfully formatted.
2021-04-24 02:05:40,074 [pool-93-thread-1] INFO  ratis.ContainerStateMachine (ContainerStateMachine.java:loadSnapshot(224)) - group-6FADA685E35F: The snapshot info is null. Setting the last applied indexto:(t:0, i:~)
2021-04-24 02:05:40,074 [pool-93-thread-1] INFO  server.RaftServerConfigKeys (ConfUtils.java:logGet(44)) - raft.server.notification.no-leader.timeout = 300000ms (custom)
2021-04-24 02:05:40,074 [pool-93-thread-1] INFO  server.RaftServerConfigKeys (ConfUtils.java:logGet(44)) - raft.server.log.use.memory = false (default)
2021-04-24 02:05:40,074 [pool-93-thread-1] INFO  server.RaftServerConfigKeys (ConfUtils.java:logGet(44)) - raft.server.log.purge.gap = 1000000 (custom)
2021-04-24 02:05:40,074 [pool-93-thread-1] INFO  server.RaftServerConfigKeys (ConfUtils.java:logGet(44)) - raft.server.log.appender.buffer.byte-limit = 33554432 (custom)
2021-04-24 02:05:40,074 [pool-93-thread-1] INFO  metrics.RatisMetrics (RatisMetrics.java:lambda$create$0(36)) - Creating Metrics Registry : ratis.log_worker.506e7d51-44ea-40e0-a2b0-e730f7a28201@group-6FADA685E35F
2021-04-24 02:05:40,075 [pool-93-thread-1] INFO  server.RaftServerConfigKeys (ConfUtils.java:logGet(44)) - raft.server.log.segment.size.max = 1048576 (custom)
2021-04-24 02:05:40,075 [pool-93-thread-1] INFO  server.RaftServerConfigKeys (ConfUtils.java:logGet(44)) - raft.server.log.segment.cache.num.max = 2 (custom)
2021-04-24 02:05:40,075 [pool-93-thread-1] INFO  server.RaftServerConfigKeys (ConfUtils.java:logGet(44)) - raft.server.log.segment.cache.size.max = 200MB (=209715200) (default)
2021-04-24 02:05:40,075 [pool-93-thread-1] INFO  segmented.SegmentedRaftLogWorker (SegmentedRaftLogWorker.java:<init>(182)) - new 506e7d51-44ea-40e0-a2b0-e730f7a28201@group-6FADA685E35F-SegmentedRaftLogWorker for RaftStorageImpl:Storage Directory /github/workspace/mnt/ozone/hadoop-ozone/integration-test/target/test-dir/MiniOzoneClusterImpl-6998a6cc-0dbe-4d56-81dc-8335dc1dcef2/datanode-3/data/ratis/0099ddbe-d464-4c63-af52-6fada685e35f
2021-04-24 02:05:40,075 [pool-93-thread-1] INFO  server.RaftServerConfigKeys (ConfUtils.java:logGet(44)) - raft.server.log.queue.byte-limit = 2147483647 (custom)
2021-04-24 02:05:40,075 [pool-93-thread-1] INFO  server.RaftServerConfigKeys (ConfUtils.java:logGet(44)) - raft.server.log.queue.element-limit = 1024 (custom)
2021-04-24 02:05:40,075 [pool-93-thread-1] INFO  server.RaftServerConfigKeys (ConfUtils.java:logGet(44)) - raft.server.log.segment.size.max = 1048576 (custom)
2021-04-24 02:05:40,075 [pool-93-thread-1] INFO  server.RaftServerConfigKeys (ConfUtils.java:logGet(44)) - raft.server.log.preallocated.size = 16384 (custom)
2021-04-24 02:05:40,075 [pool-93-thread-1] INFO  server.RaftServerConfigKeys (ConfUtils.java:logGet(44)) - raft.server.log.force.sync.num = 128 (default)
2021-04-24 02:05:40,075 [pool-93-thread-1] INFO  server.RaftServerConfigKeys (ConfUtils.java:logGet(44)) - raft.server.log.statemachine.data.sync = true (default)
2021-04-24 02:05:40,076 [pool-93-thread-1] INFO  server.RaftServerConfigKeys (ConfUtils.java:logGet(44)) - raft.server.log.statemachine.data.sync.timeout = 10s (default)
2021-04-24 02:05:40,076 [pool-93-thread-1] INFO  server.RaftServerConfigKeys (ConfUtils.java:logGet(44)) - raft.server.log.statemachine.data.sync.timeout.retry = -1 (default)
2021-04-24 02:05:40,076 [pool-93-thread-1] INFO  server.RaftServerConfigKeys (ConfUtils.java:logGet(44)) - raft.server.log.write.buffer.size = 1048576 (custom)
2021-04-24 02:05:40,077 [pool-93-thread-1] INFO  server.RaftServerConfigKeys (ConfUtils.java:logGet(44)) - raft.server.log.statemachine.data.caching.enabled = true (custom)
2021-04-24 02:05:40,077 [pool-93-thread-1] INFO  segmented.SegmentedRaftLogWorker (SegmentedRaftLogWorker.java:lambda$new$0(133)) - 506e7d51-44ea-40e0-a2b0-e730f7a28201@group-6FADA685E35F-SegmentedRaftLogWorker: flushIndex: setUnconditionally 0 -> -1
2021-04-24 02:05:40,077 [pool-93-thread-1] INFO  segmented.SegmentedRaftLogWorker (SegmentedRaftLogWorker.java:lambda$new$0(133)) - 506e7d51-44ea-40e0-a2b0-e730f7a28201@group-6FADA685E35F-SegmentedRaftLogWorker: safeCacheEvictIndex: setUnconditionally 0 -> -1
2021-04-24 02:05:40,077 [pool-93-thread-1] INFO  server.RaftServerConfigKeys (ConfUtils.java:logGet(44)) - raft.server.snapshot.auto.trigger.enabled = true (custom)
2021-04-24 02:05:40,077 [pool-93-thread-1] INFO  server.RaftServerConfigKeys (ConfUtils.java:logGet(44)) - raft.server.snapshot.auto.trigger.threshold = 10000 (custom)
2021-04-24 02:05:40,089 [EventQueue-OpenPipelineForHealthyPipelineSafeModeRule] INFO  safemode.SCMSafeModeManager (HealthyPipelineSafeModeRule.java:process(130)) - SCM in safe mode. Healthy pipelines reported count is 0, required healthy pipeline reported count is 1
2021-04-24 02:05:40,088 [EventQueue-PipelineReportForOneReplicaPipelineSafeModeRule] INFO  safemode.SCMSafeModeManager (SCMSafeModeManager.java:validateSafeModeExitRules(201)) - AtleastOneDatanodeReportedRule rule is successfully validated
2021-04-24 02:05:40,089 [pool-93-thread-1] INFO  server.RaftServerConfigKeys (ConfUtils.java:logGet(44)) - raft.server.snapshot.retention.file.num = 5 (custom)
2021-04-24 02:05:40,090 [pool-93-thread-1] INFO  server.RaftServerConfigKeys (ConfUtils.java:logGet(44)) - raft.server.log.purge.upto.snapshot.index = false (default)
2021-04-24 02:05:40,090 [pool-93-thread-1] INFO  server.RaftServerConfigKeys (ConfUtils.java:logGet(44)) - raft.server.retrycache.expirytime = 600000ms (custom)
2021-04-24 02:05:40,090 [pool-93-thread-1] INFO  server.RaftServerConfigKeys (ConfUtils.java:logGet(44)) - raft.server.retrycache.statistics.expirytime = 100?s (default)
2021-04-24 02:05:40,090 [pool-93-thread-1] INFO  metrics.RatisMetrics (RatisMetrics.java:lambda$create$0(36)) - Creating Metrics Registry : ratis.leader_election.506e7d51-44ea-40e0-a2b0-e730f7a28201@group-6FADA685E35F
2021-04-24 02:05:40,090 [pool-93-thread-1] INFO  metrics.RatisMetrics (RatisMetrics.java:lambda$create$0(36)) - Creating Metrics Registry : ratis.server.506e7d51-44ea-40e0-a2b0-e730f7a28201@group-6FADA685E35F
2021-04-24 02:05:40,091 [pool-93-thread-1] INFO  server.RaftServer$Division (RaftServerImpl.java:start(295)) - 506e7d51-44ea-40e0-a2b0-e730f7a28201@group-6FADA685E35F: start as a follower, conf=-1: [686a54b3-507b-4dc5-8065-04c582627b70|rpc:172.17.0.2:37165|priority:1, e13d3dfe-a7aa-4e77-932b-4a03cf9a588d|rpc:172.17.0.2:43115|priority:0, 506e7d51-44ea-40e0-a2b0-e730f7a28201|rpc:172.17.0.2:37821|priority:0], old=null
2021-04-24 02:05:40,091 [pool-93-thread-1] INFO  server.RaftServer$Division (RaftServerImpl.java:setRole(284)) - 506e7d51-44ea-40e0-a2b0-e730f7a28201@group-6FADA685E35F: changes role from      null to FOLLOWER at term 0 for startAsFollower
2021-04-24 02:05:40,091 [pool-93-thread-1] INFO  impl.RoleInfo (RoleInfo.java:updateAndGet(130)) - 506e7d51-44ea-40e0-a2b0-e730f7a28201: start 506e7d51-44ea-40e0-a2b0-e730f7a28201@group-6FADA685E35F-FollowerState
2021-04-24 02:05:40,099 [pool-93-thread-1] INFO  util.JmxRegister (JmxRegister.java:tryRegister(44)) - Successfully registered JMX Bean with object name Ratis:service=RaftServer,group=group-6FADA685E35F,id=506e7d51-44ea-40e0-a2b0-e730f7a28201
2021-04-24 02:05:40,099 [pool-93-thread-1] INFO  metrics.RatisMetrics (RatisMetrics.java:lambda$create$0(36)) - Creating Metrics Registry : ratis.state_machine.506e7d51-44ea-40e0-a2b0-e730f7a28201@group-6FADA685E35F
2021-04-24 02:05:40,102 [Command processor thread] INFO  ratis.XceiverServerRatis (XceiverServerRatis.java:addGroup(808)) - Created group PipelineID=0099ddbe-d464-4c63-af52-6fada685e35f
2021-04-24 02:05:40,103 [Command processor thread] INFO  metrics.RatisMetrics (RatisMetrics.java:lambda$create$0(36)) - Creating Metrics Registry : ratis.client_message_metrics.client-4C3C0B6B56C6->686a54b3-507b-4dc5-8065-04c582627b70
2021-04-24 02:05:40,114 [grpc-default-executor-0] INFO  server.RaftServer (RaftServerProxy.java:addNew(95)) - 686a54b3-507b-4dc5-8065-04c582627b70: addNew group-6FADA685E35F:[686a54b3-507b-4dc5-8065-04c582627b70|rpc:172.17.0.2:37165|dataStream:|priority:1, e13d3dfe-a7aa-4e77-932b-4a03cf9a588d|rpc:172.17.0.2:43115|dataStream:|priority:0, 506e7d51-44ea-40e0-a2b0-e730f7a28201|rpc:172.17.0.2:37821|dataStream:|priority:0] returns group-6FADA685E35F:java.util.concurrent.CompletableFuture@7c33ecc3[Not completed]
2021-04-24 02:05:40,115 [pool-109-thread-1] INFO  server.RaftServer$Division (RaftServerImpl.java:<init>(180)) - 686a54b3-507b-4dc5-8065-04c582627b70: new RaftServerImpl for group-6FADA685E35F:[686a54b3-507b-4dc5-8065-04c582627b70|rpc:172.17.0.2:37165|dataStream:|priority:1, e13d3dfe-a7aa-4e77-932b-4a03cf9a588d|rpc:172.17.0.2:43115|dataStream:|priority:0, 506e7d51-44ea-40e0-a2b0-e730f7a28201|rpc:172.17.0.2:37821|dataStream:|priority:0] with ContainerStateMachine:uninitialized
2021-04-24 02:05:40,116 [pool-109-thread-1] INFO  server.RaftServerConfigKeys (ConfUtils.java:logGet(44)) - raft.server.rpc.timeout.min = 5s (custom)
2021-04-24 02:05:40,116 [pool-109-thread-1] INFO  server.RaftServerConfigKeys (ConfUtils.java:logGet(44)) - raft.server.rpc.timeout.max = 5200ms (custom)
2021-04-24 02:05:40,116 [pool-109-thread-1] INFO  server.RaftServerConfigKeys (ConfUtils.java:logGet(44)) - raft.server.rpc.sleep.time = 25ms (default)
2021-04-24 02:05:40,116 [pool-109-thread-1] INFO  server.RaftServerConfigKeys (ConfUtils.java:logGet(44)) - raft.server.rpc.slowness.timeout = 300000ms (custom)
2021-04-24 02:05:40,116 [pool-109-thread-1] INFO  server.RaftServerConfigKeys (ConfUtils.java:logGet(44)) - raft.server.leaderelection.leader.step-down.wait-time = 10s (default)
2021-04-24 02:05:40,116 [pool-109-thread-1] INFO  server.RaftServerConfigKeys (ConfUtils.java:logGet(44)) - raft.server.sleep.deviation.threshold = 300ms (default)
2021-04-24 02:05:40,116 [pool-109-thread-1] INFO  server.RaftServerConfigKeys (ConfUtils.java:logGet(44)) - raft.server.log.appender.install.snapshot.enabled = false (custom)
2021-04-24 02:05:40,116 [pool-109-thread-1] INFO  server.RaftServer$Division (ServerState.java:<init>(105)) - 686a54b3-507b-4dc5-8065-04c582627b70@group-6FADA685E35F: ConfigurationManager, init=-1: [686a54b3-507b-4dc5-8065-04c582627b70|rpc:172.17.0.2:37165|dataStream:|priority:1, e13d3dfe-a7aa-4e77-932b-4a03cf9a588d|rpc:172.17.0.2:43115|dataStream:|priority:0, 506e7d51-44ea-40e0-a2b0-e730f7a28201|rpc:172.17.0.2:37821|dataStream:|priority:0], old=null, confs=<EMPTY_MAP>
2021-04-24 02:05:40,116 [pool-109-thread-1] INFO  server.RaftServerConfigKeys (ConfUtils.java:logGet(44)) - raft.server.storage.dir = [/github/workspace/mnt/ozone/hadoop-ozone/integration-test/target/test-dir/MiniOzoneClusterImpl-6998a6cc-0dbe-4d56-81dc-8335dc1dcef2/datanode-4/data/ratis] (custom)
2021-04-24 02:05:40,116 [pool-109-thread-1] INFO  server.RaftServerConfigKeys (ConfUtils.java:logGet(44)) - raft.server.log.corruption.policy = EXCEPTION (default)
2021-04-24 02:05:40,116 [pool-109-thread-1] INFO  storage.RaftStorageDirectory (RaftStorageDirectoryImpl.java:analyzeStorage(132)) - The storage directory /github/workspace/mnt/ozone/hadoop-ozone/integration-test/target/test-dir/MiniOzoneClusterImpl-6998a6cc-0dbe-4d56-81dc-8335dc1dcef2/datanode-4/data/ratis/0099ddbe-d464-4c63-af52-6fada685e35f does not exist. Creating ...
2021-04-24 02:05:40,117 [pool-109-thread-1] INFO  storage.RaftStorageDirectory (RaftStorageDirectoryImpl.java:tryLock(215)) - Lock on /github/workspace/mnt/ozone/hadoop-ozone/integration-test/target/test-dir/MiniOzoneClusterImpl-6998a6cc-0dbe-4d56-81dc-8335dc1dcef2/datanode-4/data/ratis/0099ddbe-d464-4c63-af52-6fada685e35f/in_use.lock acquired by nodename 15838@8965a546ea16
2021-04-24 02:05:40,119 [pool-109-thread-1] INFO  storage.RaftStorage (RaftStorageImpl.java:format(87)) - Storage directory /github/workspace/mnt/ozone/hadoop-ozone/integration-test/target/test-dir/MiniOzoneClusterImpl-6998a6cc-0dbe-4d56-81dc-8335dc1dcef2/datanode-4/data/ratis/0099ddbe-d464-4c63-af52-6fada685e35f has been successfully formatted.
2021-04-24 02:05:40,119 [pool-109-thread-1] INFO  ratis.ContainerStateMachine (ContainerStateMachine.java:loadSnapshot(224)) - group-6FADA685E35F: The snapshot info is null. Setting the last applied indexto:(t:0, i:~)
2021-04-24 02:05:40,119 [pool-109-thread-1] INFO  server.RaftServerConfigKeys (ConfUtils.java:logGet(44)) - raft.server.notification.no-leader.timeout = 300000ms (custom)
2021-04-24 02:05:40,120 [pool-109-thread-1] INFO  server.RaftServerConfigKeys (ConfUtils.java:logGet(44)) - raft.server.log.use.memory = false (default)
2021-04-24 02:05:40,121 [EventQueue-PipelineReportForOneReplicaPipelineSafeModeRule] INFO  safemode.SCMSafeModeManager (SCMSafeModeManager.java:validateSafeModeExitRules(201)) - AtleastOneDatanodeReportedRule rule is successfully validated
2021-04-24 02:05:40,121 [pool-109-thread-1] INFO  server.RaftServerConfigKeys (ConfUtils.java:logGet(44)) - raft.server.log.purge.gap = 1000000 (custom)
2021-04-24 02:05:40,121 [pool-109-thread-1] INFO  server.RaftServerConfigKeys (ConfUtils.java:logGet(44)) - raft.server.log.appender.buffer.byte-limit = 33554432 (custom)
2021-04-24 02:05:40,122 [pool-109-thread-1] INFO  metrics.RatisMetrics (RatisMetrics.java:lambda$create$0(36)) - Creating Metrics Registry : ratis.log_worker.686a54b3-507b-4dc5-8065-04c582627b70@group-6FADA685E35F
2021-04-24 02:05:40,122 [pool-109-thread-1] INFO  server.RaftServerConfigKeys (ConfUtils.java:logGet(44)) - raft.server.log.segment.size.max = 1048576 (custom)
2021-04-24 02:05:40,122 [pool-109-thread-1] INFO  server.RaftServerConfigKeys (ConfUtils.java:logGet(44)) - raft.server.log.segment.cache.num.max = 2 (custom)
2021-04-24 02:05:40,122 [pool-109-thread-1] INFO  server.RaftServerConfigKeys (ConfUtils.java:logGet(44)) - raft.server.log.segment.cache.size.max = 200MB (=209715200) (default)
2021-04-24 02:05:40,122 [pool-109-thread-1] INFO  segmented.SegmentedRaftLogWorker (SegmentedRaftLogWorker.java:<init>(182)) - new 686a54b3-507b-4dc5-8065-04c582627b70@group-6FADA685E35F-SegmentedRaftLogWorker for RaftStorageImpl:Storage Directory /github/workspace/mnt/ozone/hadoop-ozone/integration-test/target/test-dir/MiniOzoneClusterImpl-6998a6cc-0dbe-4d56-81dc-8335dc1dcef2/datanode-4/data/ratis/0099ddbe-d464-4c63-af52-6fada685e35f
2021-04-24 02:05:40,122 [pool-109-thread-1] INFO  server.RaftServerConfigKeys (ConfUtils.java:logGet(44)) - raft.server.log.queue.byte-limit = 2147483647 (custom)
2021-04-24 02:05:40,122 [pool-109-thread-1] INFO  server.RaftServerConfigKeys (ConfUtils.java:logGet(44)) - raft.server.log.queue.element-limit = 1024 (custom)
2021-04-24 02:05:40,123 [pool-109-thread-1] INFO  server.RaftServerConfigKeys (ConfUtils.java:logGet(44)) - raft.server.log.segment.size.max = 1048576 (custom)
2021-04-24 02:05:40,123 [pool-109-thread-1] INFO  server.RaftServerConfigKeys (ConfUtils.java:logGet(44)) - raft.server.log.preallocated.size = 16384 (custom)
2021-04-24 02:05:40,123 [pool-109-thread-1] INFO  server.RaftServerConfigKeys (ConfUtils.java:logGet(44)) - raft.server.log.force.sync.num = 128 (default)
2021-04-24 02:05:40,123 [pool-109-thread-1] INFO  server.RaftServerConfigKeys (ConfUtils.java:logGet(44)) - raft.server.log.statemachine.data.sync = true (default)
2021-04-24 02:05:40,123 [pool-109-thread-1] INFO  server.RaftServerConfigKeys (ConfUtils.java:logGet(44)) - raft.server.log.statemachine.data.sync.timeout = 10s (default)
2021-04-24 02:05:40,123 [pool-109-thread-1] INFO  server.RaftServerConfigKeys (ConfUtils.java:logGet(44)) - raft.server.log.statemachine.data.sync.timeout.retry = -1 (default)
2021-04-24 02:05:40,124 [pool-109-thread-1] INFO  server.RaftServerConfigKeys (ConfUtils.java:logGet(44)) - raft.server.log.write.buffer.size = 1048576 (custom)
2021-04-24 02:05:40,124 [pool-109-thread-1] INFO  server.RaftServerConfigKeys (ConfUtils.java:logGet(44)) - raft.server.log.statemachine.data.caching.enabled = true (custom)
2021-04-24 02:05:40,124 [pool-109-thread-1] INFO  segmented.SegmentedRaftLogWorker (SegmentedRaftLogWorker.java:lambda$new$0(133)) - 686a54b3-507b-4dc5-8065-04c582627b70@group-6FADA685E35F-SegmentedRaftLogWorker: flushIndex: setUnconditionally 0 -> -1
2021-04-24 02:05:40,124 [pool-109-thread-1] INFO  segmented.SegmentedRaftLogWorker (SegmentedRaftLogWorker.java:lambda$new$0(133)) - 686a54b3-507b-4dc5-8065-04c582627b70@group-6FADA685E35F-SegmentedRaftLogWorker: safeCacheEvictIndex: setUnconditionally 0 -> -1
2021-04-24 02:05:40,125 [pool-109-thread-1] INFO  server.RaftServerConfigKeys (ConfUtils.java:logGet(44)) - raft.server.snapshot.auto.trigger.enabled = true (custom)
2021-04-24 02:05:40,125 [pool-109-thread-1] INFO  server.RaftServerConfigKeys (ConfUtils.java:logGet(44)) - raft.server.snapshot.auto.trigger.threshold = 10000 (custom)
2021-04-24 02:05:40,125 [pool-109-thread-1] INFO  server.RaftServerConfigKeys (ConfUtils.java:logGet(44)) - raft.server.snapshot.retention.file.num = 5 (custom)
2021-04-24 02:05:40,125 [pool-109-thread-1] INFO  server.RaftServerConfigKeys (ConfUtils.java:logGet(44)) - raft.server.log.purge.upto.snapshot.index = false (default)
2021-04-24 02:05:40,125 [pool-109-thread-1] INFO  server.RaftServerConfigKeys (ConfUtils.java:logGet(44)) - raft.server.retrycache.expirytime = 600000ms (custom)
2021-04-24 02:05:40,125 [pool-109-thread-1] INFO  server.RaftServerConfigKeys (ConfUtils.java:logGet(44)) - raft.server.retrycache.statistics.expirytime = 100?s (default)
2021-04-24 02:05:40,125 [pool-109-thread-1] INFO  metrics.RatisMetrics (RatisMetrics.java:lambda$create$0(36)) - Creating Metrics Registry : ratis.leader_election.686a54b3-507b-4dc5-8065-04c582627b70@group-6FADA685E35F
2021-04-24 02:05:40,125 [pool-109-thread-1] INFO  metrics.RatisMetrics (RatisMetrics.java:lambda$create$0(36)) - Creating Metrics Registry : ratis.server.686a54b3-507b-4dc5-8065-04c582627b70@group-6FADA685E35F
2021-04-24 02:05:40,126 [pool-109-thread-1] INFO  server.RaftServer$Division (RaftServerImpl.java:start(295)) - 686a54b3-507b-4dc5-8065-04c582627b70@group-6FADA685E35F: start as a follower, conf=-1: [686a54b3-507b-4dc5-8065-04c582627b70|rpc:172.17.0.2:37165|dataStream:|priority:1, e13d3dfe-a7aa-4e77-932b-4a03cf9a588d|rpc:172.17.0.2:43115|dataStream:|priority:0, 506e7d51-44ea-40e0-a2b0-e730f7a28201|rpc:172.17.0.2:37821|dataStream:|priority:0], old=null
2021-04-24 02:05:40,126 [pool-109-thread-1] INFO  server.RaftServer$Division (RaftServerImpl.java:setRole(284)) - 686a54b3-507b-4dc5-8065-04c582627b70@group-6FADA685E35F: changes role from      null to FOLLOWER at term 0 for startAsFollower
2021-04-24 02:05:40,126 [pool-109-thread-1] INFO  impl.RoleInfo (RoleInfo.java:updateAndGet(130)) - 686a54b3-507b-4dc5-8065-04c582627b70: start 686a54b3-507b-4dc5-8065-04c582627b70@group-6FADA685E35F-FollowerState
2021-04-24 02:05:40,127 [pool-109-thread-1] INFO  util.JmxRegister (JmxRegister.java:tryRegister(44)) - Successfully registered JMX Bean with object name Ratis:service=RaftServer,group=group-6FADA685E35F,id=686a54b3-507b-4dc5-8065-04c582627b70
2021-04-24 02:05:40,127 [pool-109-thread-1] INFO  metrics.RatisMetrics (RatisMetrics.java:lambda$create$0(36)) - Creating Metrics Registry : ratis.state_machine.686a54b3-507b-4dc5-8065-04c582627b70@group-6FADA685E35F
2021-04-24 02:05:40,133 [Command processor thread] INFO  metrics.RatisMetrics (RatisMetrics.java:lambda$create$0(36)) - Creating Metrics Registry : ratis.client_message_metrics.client-4FBA84B0268C->e13d3dfe-a7aa-4e77-932b-4a03cf9a588d
2021-04-24 02:05:40,140 [grpc-default-executor-0] INFO  server.RaftServer (RaftServerProxy.java:addNew(95)) - e13d3dfe-a7aa-4e77-932b-4a03cf9a588d: addNew group-6FADA685E35F:[686a54b3-507b-4dc5-8065-04c582627b70|rpc:172.17.0.2:37165|dataStream:|priority:1, e13d3dfe-a7aa-4e77-932b-4a03cf9a588d|rpc:172.17.0.2:43115|dataStream:|priority:0, 506e7d51-44ea-40e0-a2b0-e730f7a28201|rpc:172.17.0.2:37821|dataStream:|priority:0] returns group-6FADA685E35F:java.util.concurrent.CompletableFuture@72c407bb[Not completed]
2021-04-24 02:05:40,141 [pool-125-thread-1] INFO  server.RaftServer$Division (RaftServerImpl.java:<init>(180)) - e13d3dfe-a7aa-4e77-932b-4a03cf9a588d: new RaftServerImpl for group-6FADA685E35F:[686a54b3-507b-4dc5-8065-04c582627b70|rpc:172.17.0.2:37165|dataStream:|priority:1, e13d3dfe-a7aa-4e77-932b-4a03cf9a588d|rpc:172.17.0.2:43115|dataStream:|priority:0, 506e7d51-44ea-40e0-a2b0-e730f7a28201|rpc:172.17.0.2:37821|dataStream:|priority:0] with ContainerStateMachine:uninitialized
2021-04-24 02:05:40,141 [pool-125-thread-1] INFO  server.RaftServerConfigKeys (ConfUtils.java:logGet(44)) - raft.server.rpc.timeout.min = 5s (custom)
2021-04-24 02:05:40,141 [pool-125-thread-1] INFO  server.RaftServerConfigKeys (ConfUtils.java:logGet(44)) - raft.server.rpc.timeout.max = 5200ms (custom)
2021-04-24 02:05:40,141 [pool-125-thread-1] INFO  server.RaftServerConfigKeys (ConfUtils.java:logGet(44)) - raft.server.rpc.sleep.time = 25ms (default)
2021-04-24 02:05:40,141 [pool-125-thread-1] INFO  server.RaftServerConfigKeys (ConfUtils.java:logGet(44)) - raft.server.rpc.slowness.timeout = 300000ms (custom)
2021-04-24 02:05:40,141 [pool-125-thread-1] INFO  server.RaftServerConfigKeys (ConfUtils.java:logGet(44)) - raft.server.leaderelection.leader.step-down.wait-time = 10s (default)
2021-04-24 02:05:40,141 [pool-125-thread-1] INFO  server.RaftServerConfigKeys (ConfUtils.java:logGet(44)) - raft.server.sleep.deviation.threshold = 300ms (default)
2021-04-24 02:05:40,141 [pool-125-thread-1] INFO  server.RaftServerConfigKeys (ConfUtils.java:logGet(44)) - raft.server.log.appender.install.snapshot.enabled = false (custom)
2021-04-24 02:05:40,141 [pool-125-thread-1] INFO  server.RaftServer$Division (ServerState.java:<init>(105)) - e13d3dfe-a7aa-4e77-932b-4a03cf9a588d@group-6FADA685E35F: ConfigurationManager, init=-1: [686a54b3-507b-4dc5-8065-04c582627b70|rpc:172.17.0.2:37165|dataStream:|priority:1, e13d3dfe-a7aa-4e77-932b-4a03cf9a588d|rpc:172.17.0.2:43115|dataStream:|priority:0, 506e7d51-44ea-40e0-a2b0-e730f7a28201|rpc:172.17.0.2:37821|dataStream:|priority:0], old=null, confs=<EMPTY_MAP>
2021-04-24 02:05:40,141 [pool-125-thread-1] INFO  server.RaftServerConfigKeys (ConfUtils.java:logGet(44)) - raft.server.storage.dir = [/github/workspace/mnt/ozone/hadoop-ozone/integration-test/target/test-dir/MiniOzoneClusterImpl-6998a6cc-0dbe-4d56-81dc-8335dc1dcef2/datanode-5/data/ratis] (custom)
2021-04-24 02:05:40,141 [pool-125-thread-1] INFO  server.RaftServerConfigKeys (ConfUtils.java:logGet(44)) - raft.server.log.corruption.policy = EXCEPTION (default)
2021-04-24 02:05:40,142 [pool-125-thread-1] INFO  storage.RaftStorageDirectory (RaftStorageDirectoryImpl.java:analyzeStorage(132)) - The storage directory /github/workspace/mnt/ozone/hadoop-ozone/integration-test/target/test-dir/MiniOzoneClusterImpl-6998a6cc-0dbe-4d56-81dc-8335dc1dcef2/datanode-5/data/ratis/0099ddbe-d464-4c63-af52-6fada685e35f does not exist. Creating ...
2021-04-24 02:05:40,144 [pool-125-thread-1] INFO  storage.RaftStorageDirectory (RaftStorageDirectoryImpl.java:tryLock(215)) - Lock on /github/workspace/mnt/ozone/hadoop-ozone/integration-test/target/test-dir/MiniOzoneClusterImpl-6998a6cc-0dbe-4d56-81dc-8335dc1dcef2/datanode-5/data/ratis/0099ddbe-d464-4c63-af52-6fada685e35f/in_use.lock acquired by nodename 15838@8965a546ea16
2021-04-24 02:05:40,146 [pool-125-thread-1] INFO  storage.RaftStorage (RaftStorageImpl.java:format(87)) - Storage directory /github/workspace/mnt/ozone/hadoop-ozone/integration-test/target/test-dir/MiniOzoneClusterImpl-6998a6cc-0dbe-4d56-81dc-8335dc1dcef2/datanode-5/data/ratis/0099ddbe-d464-4c63-af52-6fada685e35f has been successfully formatted.
2021-04-24 02:05:40,149 [pool-125-thread-1] INFO  ratis.ContainerStateMachine (ContainerStateMachine.java:loadSnapshot(224)) - group-6FADA685E35F: The snapshot info is null. Setting the last applied indexto:(t:0, i:~)
2021-04-24 02:05:40,150 [pool-125-thread-1] INFO  server.RaftServerConfigKeys (ConfUtils.java:logGet(44)) - raft.server.notification.no-leader.timeout = 300000ms (custom)
2021-04-24 02:05:40,150 [pool-125-thread-1] INFO  server.RaftServerConfigKeys (ConfUtils.java:logGet(44)) - raft.server.log.use.memory = false (default)
2021-04-24 02:05:40,150 [pool-125-thread-1] INFO  server.RaftServerConfigKeys (ConfUtils.java:logGet(44)) - raft.server.log.purge.gap = 1000000 (custom)
2021-04-24 02:05:40,150 [pool-125-thread-1] INFO  server.RaftServerConfigKeys (ConfUtils.java:logGet(44)) - raft.server.log.appender.buffer.byte-limit = 33554432 (custom)
2021-04-24 02:05:40,150 [EventQueue-PipelineReportForOneReplicaPipelineSafeModeRule] INFO  safemode.SCMSafeModeManager (SCMSafeModeManager.java:validateSafeModeExitRules(201)) - AtleastOneDatanodeReportedRule rule is successfully validated
2021-04-24 02:05:40,150 [pool-125-thread-1] INFO  metrics.RatisMetrics (RatisMetrics.java:lambda$create$0(36)) - Creating Metrics Registry : ratis.log_worker.e13d3dfe-a7aa-4e77-932b-4a03cf9a588d@group-6FADA685E35F
2021-04-24 02:05:40,151 [pool-125-thread-1] INFO  server.RaftServerConfigKeys (ConfUtils.java:logGet(44)) - raft.server.log.segment.size.max = 1048576 (custom)
2021-04-24 02:05:40,151 [pool-125-thread-1] INFO  server.RaftServerConfigKeys (ConfUtils.java:logGet(44)) - raft.server.log.segment.cache.num.max = 2 (custom)
2021-04-24 02:05:40,151 [pool-125-thread-1] INFO  server.RaftServerConfigKeys (ConfUtils.java:logGet(44)) - raft.server.log.segment.cache.size.max = 200MB (=209715200) (default)
2021-04-24 02:05:40,151 [pool-125-thread-1] INFO  segmented.SegmentedRaftLogWorker (SegmentedRaftLogWorker.java:<init>(182)) - new e13d3dfe-a7aa-4e77-932b-4a03cf9a588d@group-6FADA685E35F-SegmentedRaftLogWorker for RaftStorageImpl:Storage Directory /github/workspace/mnt/ozone/hadoop-ozone/integration-test/target/test-dir/MiniOzoneClusterImpl-6998a6cc-0dbe-4d56-81dc-8335dc1dcef2/datanode-5/data/ratis/0099ddbe-d464-4c63-af52-6fada685e35f
2021-04-24 02:05:40,151 [pool-125-thread-1] INFO  server.RaftServerConfigKeys (ConfUtils.java:logGet(44)) - raft.server.log.queue.byte-limit = 2147483647 (custom)
2021-04-24 02:05:40,151 [pool-125-thread-1] INFO  server.RaftServerConfigKeys (ConfUtils.java:logGet(44)) - raft.server.log.queue.element-limit = 1024 (custom)
2021-04-24 02:05:40,151 [pool-125-thread-1] INFO  server.RaftServerConfigKeys (ConfUtils.java:logGet(44)) - raft.server.log.segment.size.max = 1048576 (custom)
2021-04-24 02:05:40,151 [pool-125-thread-1] INFO  server.RaftServerConfigKeys (ConfUtils.java:logGet(44)) - raft.server.log.preallocated.size = 16384 (custom)
2021-04-24 02:05:40,151 [pool-125-thread-1] INFO  server.RaftServerConfigKeys (ConfUtils.java:logGet(44)) - raft.server.log.force.sync.num = 128 (default)
2021-04-24 02:05:40,151 [pool-125-thread-1] INFO  server.RaftServerConfigKeys (ConfUtils.java:logGet(44)) - raft.server.log.statemachine.data.sync = true (default)
2021-04-24 02:05:40,152 [pool-125-thread-1] INFO  server.RaftServerConfigKeys (ConfUtils.java:logGet(44)) - raft.server.log.statemachine.data.sync.timeout = 10s (default)
2021-04-24 02:05:40,152 [pool-125-thread-1] INFO  server.RaftServerConfigKeys (ConfUtils.java:logGet(44)) - raft.server.log.statemachine.data.sync.timeout.retry = -1 (default)
2021-04-24 02:05:40,152 [pool-125-thread-1] INFO  server.RaftServerConfigKeys (ConfUtils.java:logGet(44)) - raft.server.log.write.buffer.size = 1048576 (custom)
2021-04-24 02:05:40,153 [Command processor thread] INFO  server.RaftServer (RaftServerProxy.java:addNew(95)) - 686a54b3-507b-4dc5-8065-04c582627b70: addNew group-D4A07DABF2D2:[686a54b3-507b-4dc5-8065-04c582627b70|rpc:172.17.0.2:37165|priority:1] returns group-D4A07DABF2D2:java.util.concurrent.CompletableFuture@4254edbb[Not completed]
2021-04-24 02:05:40,153 [pool-125-thread-1] INFO  server.RaftServerConfigKeys (ConfUtils.java:logGet(44)) - raft.server.log.statemachine.data.caching.enabled = true (custom)
2021-04-24 02:05:40,153 [pool-125-thread-1] INFO  segmented.SegmentedRaftLogWorker (SegmentedRaftLogWorker.java:lambda$new$0(133)) - e13d3dfe-a7aa-4e77-932b-4a03cf9a588d@group-6FADA685E35F-SegmentedRaftLogWorker: flushIndex: setUnconditionally 0 -> -1
2021-04-24 02:05:40,153 [pool-125-thread-1] INFO  segmented.SegmentedRaftLogWorker (SegmentedRaftLogWorker.java:lambda$new$0(133)) - e13d3dfe-a7aa-4e77-932b-4a03cf9a588d@group-6FADA685E35F-SegmentedRaftLogWorker: safeCacheEvictIndex: setUnconditionally 0 -> -1
2021-04-24 02:05:40,153 [pool-109-thread-1] INFO  server.RaftServer$Division (RaftServerImpl.java:<init>(180)) - 686a54b3-507b-4dc5-8065-04c582627b70: new RaftServerImpl for group-D4A07DABF2D2:[686a54b3-507b-4dc5-8065-04c582627b70|rpc:172.17.0.2:37165|priority:1] with ContainerStateMachine:uninitialized
2021-04-24 02:05:40,154 [pool-125-thread-1] INFO  server.RaftServerConfigKeys (ConfUtils.java:logGet(44)) - raft.server.snapshot.auto.trigger.enabled = true (custom)
2021-04-24 02:05:40,154 [pool-125-thread-1] INFO  server.RaftServerConfigKeys (ConfUtils.java:logGet(44)) - raft.server.snapshot.auto.trigger.threshold = 10000 (custom)
2021-04-24 02:05:40,154 [pool-125-thread-1] INFO  server.RaftServerConfigKeys (ConfUtils.java:logGet(44)) - raft.server.snapshot.retention.file.num = 5 (custom)
2021-04-24 02:05:40,154 [pool-125-thread-1] INFO  server.RaftServerConfigKeys (ConfUtils.java:logGet(44)) - raft.server.log.purge.upto.snapshot.index = false (default)
2021-04-24 02:05:40,154 [pool-125-thread-1] INFO  server.RaftServerConfigKeys (ConfUtils.java:logGet(44)) - raft.server.retrycache.expirytime = 600000ms (custom)
2021-04-24 02:05:40,154 [pool-125-thread-1] INFO  server.RaftServerConfigKeys (ConfUtils.java:logGet(44)) - raft.server.retrycache.statistics.expirytime = 100?s (default)
2021-04-24 02:05:40,154 [pool-125-thread-1] INFO  metrics.RatisMetrics (RatisMetrics.java:lambda$create$0(36)) - Creating Metrics Registry : ratis.leader_election.e13d3dfe-a7aa-4e77-932b-4a03cf9a588d@group-6FADA685E35F
2021-04-24 02:05:40,154 [pool-125-thread-1] INFO  metrics.RatisMetrics (RatisMetrics.java:lambda$create$0(36)) - Creating Metrics Registry : ratis.server.e13d3dfe-a7aa-4e77-932b-4a03cf9a588d@group-6FADA685E35F
2021-04-24 02:05:40,155 [pool-125-thread-1] INFO  server.RaftServer$Division (RaftServerImpl.java:start(295)) - e13d3dfe-a7aa-4e77-932b-4a03cf9a588d@group-6FADA685E35F: start as a follower, conf=-1: [686a54b3-507b-4dc5-8065-04c582627b70|rpc:172.17.0.2:37165|dataStream:|priority:1, e13d3dfe-a7aa-4e77-932b-4a03cf9a588d|rpc:172.17.0.2:43115|dataStream:|priority:0, 506e7d51-44ea-40e0-a2b0-e730f7a28201|rpc:172.17.0.2:37821|dataStream:|priority:0], old=null
2021-04-24 02:05:40,155 [pool-125-thread-1] INFO  server.RaftServer$Division (RaftServerImpl.java:setRole(284)) - e13d3dfe-a7aa-4e77-932b-4a03cf9a588d@group-6FADA685E35F: changes role from      null to FOLLOWER at term 0 for startAsFollower
2021-04-24 02:05:40,155 [pool-125-thread-1] INFO  impl.RoleInfo (RoleInfo.java:updateAndGet(130)) - e13d3dfe-a7aa-4e77-932b-4a03cf9a588d: start e13d3dfe-a7aa-4e77-932b-4a03cf9a588d@group-6FADA685E35F-FollowerState
2021-04-24 02:05:40,154 [pool-109-thread-1] INFO  server.RaftServerConfigKeys (ConfUtils.java:logGet(44)) - raft.server.rpc.timeout.min = 5s (custom)
2021-04-24 02:05:40,155 [pool-109-thread-1] INFO  server.RaftServerConfigKeys (ConfUtils.java:logGet(44)) - raft.server.rpc.timeout.max = 5200ms (custom)
2021-04-24 02:05:40,156 [pool-109-thread-1] INFO  server.RaftServerConfigKeys (ConfUtils.java:logGet(44)) - raft.server.rpc.sleep.time = 25ms (default)
2021-04-24 02:05:40,156 [pool-109-thread-1] INFO  server.RaftServerConfigKeys (ConfUtils.java:logGet(44)) - raft.server.rpc.slowness.timeout = 300000ms (custom)
2021-04-24 02:05:40,156 [pool-109-thread-1] INFO  server.RaftServerConfigKeys (ConfUtils.java:logGet(44)) - raft.server.leaderelection.leader.step-down.wait-time = 10s (default)
2021-04-24 02:05:40,156 [pool-109-thread-1] INFO  server.RaftServerConfigKeys (ConfUtils.java:logGet(44)) - raft.server.sleep.deviation.threshold = 300ms (default)
2021-04-24 02:05:40,156 [pool-109-thread-1] INFO  server.RaftServerConfigKeys (ConfUtils.java:logGet(44)) - raft.server.log.appender.install.snapshot.enabled = false (custom)
2021-04-24 02:05:40,156 [pool-109-thread-1] INFO  server.RaftServer$Division (ServerState.java:<init>(105)) - 686a54b3-507b-4dc5-8065-04c582627b70@group-D4A07DABF2D2: ConfigurationManager, init=-1: [686a54b3-507b-4dc5-8065-04c582627b70|rpc:172.17.0.2:37165|priority:1], old=null, confs=<EMPTY_MAP>
2021-04-24 02:05:40,156 [pool-109-thread-1] INFO  server.RaftServerConfigKeys (ConfUtils.java:logGet(44)) - raft.server.storage.dir = [/github/workspace/mnt/ozone/hadoop-ozone/integration-test/target/test-dir/MiniOzoneClusterImpl-6998a6cc-0dbe-4d56-81dc-8335dc1dcef2/datanode-4/data/ratis] (custom)
2021-04-24 02:05:40,156 [pool-109-thread-1] INFO  server.RaftServerConfigKeys (ConfUtils.java:logGet(44)) - raft.server.log.corruption.policy = EXCEPTION (default)
2021-04-24 02:05:40,156 [pool-109-thread-1] INFO  storage.RaftStorageDirectory (RaftStorageDirectoryImpl.java:analyzeStorage(132)) - The storage directory /github/workspace/mnt/ozone/hadoop-ozone/integration-test/target/test-dir/MiniOzoneClusterImpl-6998a6cc-0dbe-4d56-81dc-8335dc1dcef2/datanode-4/data/ratis/a6cd1a83-cb4a-45a2-802f-d4a07dabf2d2 does not exist. Creating ...
2021-04-24 02:05:40,157 [pool-125-thread-1] INFO  util.JmxRegister (JmxRegister.java:tryRegister(44)) - Successfully registered JMX Bean with object name Ratis:service=RaftServer,group=group-6FADA685E35F,id=e13d3dfe-a7aa-4e77-932b-4a03cf9a588d
2021-04-24 02:05:40,157 [pool-125-thread-1] INFO  metrics.RatisMetrics (RatisMetrics.java:lambda$create$0(36)) - Creating Metrics Registry : ratis.state_machine.e13d3dfe-a7aa-4e77-932b-4a03cf9a588d@group-6FADA685E35F
2021-04-24 02:05:40,163 [pool-109-thread-1] INFO  storage.RaftStorageDirectory (RaftStorageDirectoryImpl.java:tryLock(215)) - Lock on /github/workspace/mnt/ozone/hadoop-ozone/integration-test/target/test-dir/MiniOzoneClusterImpl-6998a6cc-0dbe-4d56-81dc-8335dc1dcef2/datanode-4/data/ratis/a6cd1a83-cb4a-45a2-802f-d4a07dabf2d2/in_use.lock acquired by nodename 15838@8965a546ea16
2021-04-24 02:05:40,163 [Command processor thread] INFO  commandhandler.CreatePipelineCommandHandler (CreatePipelineCommandHandler.java:handle(106)) - Created Pipeline RATIS THREE PipelineID=0099ddbe-d464-4c63-af52-6fada685e35f.
2021-04-24 02:05:40,165 [pool-109-thread-1] INFO  storage.RaftStorage (RaftStorageImpl.java:format(87)) - Storage directory /github/workspace/mnt/ozone/hadoop-ozone/integration-test/target/test-dir/MiniOzoneClusterImpl-6998a6cc-0dbe-4d56-81dc-8335dc1dcef2/datanode-4/data/ratis/a6cd1a83-cb4a-45a2-802f-d4a07dabf2d2 has been successfully formatted.
2021-04-24 02:05:40,165 [pool-109-thread-1] INFO  ratis.ContainerStateMachine (ContainerStateMachine.java:loadSnapshot(224)) - group-D4A07DABF2D2: The snapshot info is null. Setting the last applied indexto:(t:0, i:~)
2021-04-24 02:05:40,165 [pool-109-thread-1] INFO  server.RaftServerConfigKeys (ConfUtils.java:logGet(44)) - raft.server.notification.no-leader.timeout = 300000ms (custom)
2021-04-24 02:05:40,166 [pool-109-thread-1] INFO  server.RaftServerConfigKeys (ConfUtils.java:logGet(44)) - raft.server.log.use.memory = false (default)
2021-04-24 02:05:40,166 [pool-109-thread-1] INFO  server.RaftServerConfigKeys (ConfUtils.java:logGet(44)) - raft.server.log.purge.gap = 1000000 (custom)
2021-04-24 02:05:40,166 [pool-109-thread-1] INFO  server.RaftServerConfigKeys (ConfUtils.java:logGet(44)) - raft.server.log.appender.buffer.byte-limit = 33554432 (custom)
2021-04-24 02:05:40,166 [pool-109-thread-1] INFO  metrics.RatisMetrics (RatisMetrics.java:lambda$create$0(36)) - Creating Metrics Registry : ratis.log_worker.686a54b3-507b-4dc5-8065-04c582627b70@group-D4A07DABF2D2
2021-04-24 02:05:40,166 [pool-109-thread-1] INFO  server.RaftServerConfigKeys (ConfUtils.java:logGet(44)) - raft.server.log.segment.size.max = 1048576 (custom)
2021-04-24 02:05:40,166 [pool-109-thread-1] INFO  server.RaftServerConfigKeys (ConfUtils.java:logGet(44)) - raft.server.log.segment.cache.num.max = 2 (custom)
2021-04-24 02:05:40,166 [pool-109-thread-1] INFO  server.RaftServerConfigKeys (ConfUtils.java:logGet(44)) - raft.server.log.segment.cache.size.max = 200MB (=209715200) (default)
2021-04-24 02:05:40,166 [pool-109-thread-1] INFO  segmented.SegmentedRaftLogWorker (SegmentedRaftLogWorker.java:<init>(182)) - new 686a54b3-507b-4dc5-8065-04c582627b70@group-D4A07DABF2D2-SegmentedRaftLogWorker for RaftStorageImpl:Storage Directory /github/workspace/mnt/ozone/hadoop-ozone/integration-test/target/test-dir/MiniOzoneClusterImpl-6998a6cc-0dbe-4d56-81dc-8335dc1dcef2/datanode-4/data/ratis/a6cd1a83-cb4a-45a2-802f-d4a07dabf2d2
2021-04-24 02:05:40,166 [pool-109-thread-1] INFO  server.RaftServerConfigKeys (ConfUtils.java:logGet(44)) - raft.server.log.queue.byte-limit = 2147483647 (custom)
2021-04-24 02:05:40,167 [pool-109-thread-1] INFO  server.RaftServerConfigKeys (ConfUtils.java:logGet(44)) - raft.server.log.queue.element-limit = 1024 (custom)
2021-04-24 02:05:40,167 [pool-109-thread-1] INFO  server.RaftServerConfigKeys (ConfUtils.java:logGet(44)) - raft.server.log.segment.size.max = 1048576 (custom)
2021-04-24 02:05:40,167 [pool-109-thread-1] INFO  server.RaftServerConfigKeys (ConfUtils.java:logGet(44)) - raft.server.log.preallocated.size = 16384 (custom)
2021-04-24 02:05:40,167 [pool-109-thread-1] INFO  server.RaftServerConfigKeys (ConfUtils.java:logGet(44)) - raft.server.log.force.sync.num = 128 (default)
2021-04-24 02:05:40,167 [pool-109-thread-1] INFO  server.RaftServerConfigKeys (ConfUtils.java:logGet(44)) - raft.server.log.statemachine.data.sync = true (default)
2021-04-24 02:05:40,167 [pool-109-thread-1] INFO  server.RaftServerConfigKeys (ConfUtils.java:logGet(44)) - raft.server.log.statemachine.data.sync.timeout = 10s (default)
2021-04-24 02:05:40,167 [pool-109-thread-1] INFO  server.RaftServerConfigKeys (ConfUtils.java:logGet(44)) - raft.server.log.statemachine.data.sync.timeout.retry = -1 (default)
2021-04-24 02:05:40,168 [pool-109-thread-1] INFO  server.RaftServerConfigKeys (ConfUtils.java:logGet(44)) - raft.server.log.write.buffer.size = 1048576 (custom)
2021-04-24 02:05:40,168 [pool-109-thread-1] INFO  server.RaftServerConfigKeys (ConfUtils.java:logGet(44)) - raft.server.log.statemachine.data.caching.enabled = true (custom)
2021-04-24 02:05:40,168 [pool-109-thread-1] INFO  segmented.SegmentedRaftLogWorker (SegmentedRaftLogWorker.java:lambda$new$0(133)) - 686a54b3-507b-4dc5-8065-04c582627b70@group-D4A07DABF2D2-SegmentedRaftLogWorker: flushIndex: setUnconditionally 0 -> -1
2021-04-24 02:05:40,168 [pool-109-thread-1] INFO  segmented.SegmentedRaftLogWorker (SegmentedRaftLogWorker.java:lambda$new$0(133)) - 686a54b3-507b-4dc5-8065-04c582627b70@group-D4A07DABF2D2-SegmentedRaftLogWorker: safeCacheEvictIndex: setUnconditionally 0 -> -1
2021-04-24 02:05:40,169 [EventQueue-PipelineReportForOneReplicaPipelineSafeModeRule] INFO  safemode.SCMSafeModeManager (SCMSafeModeManager.java:validateSafeModeExitRules(201)) - AtleastOneDatanodeReportedRule rule is successfully validated
2021-04-24 02:05:40,170 [EventQueue-PipelineReportForPipelineReportHandler] INFO  pipeline.PipelineManagerV2Impl (PipelineManagerV2Impl.java:openPipeline(270)) - Pipeline Pipeline[ Id: a6cd1a83-cb4a-45a2-802f-d4a07dabf2d2, Nodes: 686a54b3-507b-4dc5-8065-04c582627b70{ip: 172.17.0.2, host: 8965a546ea16, ports: [REPLICATION=33085, RATIS=37165, RATIS_ADMIN=37165, RATIS_SERVER=37165, STANDALONE=39119], networkLocation: /default-rack, certSerialId: null, persistedOpState: IN_SERVICE, persistedOpStateExpiryEpochSec: 0}, ReplicationConfig: RATIS/ONE, State:ALLOCATED, leaderId:686a54b3-507b-4dc5-8065-04c582627b70, CreationTimestamp2021-04-24T02:05:37.157Z] moved to OPEN state
2021-04-24 02:05:40,170 [EventQueue-OpenPipelineForHealthyPipelineSafeModeRule] INFO  safemode.SCMSafeModeManager (HealthyPipelineSafeModeRule.java:process(130)) - SCM in safe mode. Healthy pipelines reported count is 0, required healthy pipeline reported count is 1
2021-04-24 02:05:40,171 [pool-109-thread-1] INFO  server.RaftServerConfigKeys (ConfUtils.java:logGet(44)) - raft.server.snapshot.auto.trigger.enabled = true (custom)
2021-04-24 02:05:40,178 [pool-109-thread-1] INFO  server.RaftServerConfigKeys (ConfUtils.java:logGet(44)) - raft.server.snapshot.auto.trigger.threshold = 10000 (custom)
2021-04-24 02:05:40,178 [pool-109-thread-1] INFO  server.RaftServerConfigKeys (ConfUtils.java:logGet(44)) - raft.server.snapshot.retention.file.num = 5 (custom)
2021-04-24 02:05:40,178 [pool-109-thread-1] INFO  server.RaftServerConfigKeys (ConfUtils.java:logGet(44)) - raft.server.log.purge.upto.snapshot.index = false (default)
2021-04-24 02:05:40,178 [pool-109-thread-1] INFO  server.RaftServerConfigKeys (ConfUtils.java:logGet(44)) - raft.server.retrycache.expirytime = 600000ms (custom)
2021-04-24 02:05:40,178 [pool-109-thread-1] INFO  server.RaftServerConfigKeys (ConfUtils.java:logGet(44)) - raft.server.retrycache.statistics.expirytime = 100?s (default)
2021-04-24 02:05:40,178 [pool-109-thread-1] INFO  metrics.RatisMetrics (RatisMetrics.java:lambda$create$0(36)) - Creating Metrics Registry : ratis.leader_election.686a54b3-507b-4dc5-8065-04c582627b70@group-D4A07DABF2D2
2021-04-24 02:05:40,178 [pool-109-thread-1] INFO  metrics.RatisMetrics (RatisMetrics.java:lambda$create$0(36)) - Creating Metrics Registry : ratis.server.686a54b3-507b-4dc5-8065-04c582627b70@group-D4A07DABF2D2
2021-04-24 02:05:40,179 [pool-109-thread-1] INFO  server.RaftServer$Division (RaftServerImpl.java:start(295)) - 686a54b3-507b-4dc5-8065-04c582627b70@group-D4A07DABF2D2: start as a follower, conf=-1: [686a54b3-507b-4dc5-8065-04c582627b70|rpc:172.17.0.2:37165|priority:1], old=null
2021-04-24 02:05:40,179 [pool-109-thread-1] INFO  server.RaftServer$Division (RaftServerImpl.java:setRole(284)) - 686a54b3-507b-4dc5-8065-04c582627b70@group-D4A07DABF2D2: changes role from      null to FOLLOWER at term 0 for startAsFollower
2021-04-24 02:05:40,179 [pool-109-thread-1] INFO  impl.RoleInfo (RoleInfo.java:updateAndGet(130)) - 686a54b3-507b-4dc5-8065-04c582627b70: start 686a54b3-507b-4dc5-8065-04c582627b70@group-D4A07DABF2D2-FollowerState
2021-04-24 02:05:40,180 [pool-109-thread-1] INFO  util.JmxRegister (JmxRegister.java:tryRegister(44)) - Successfully registered JMX Bean with object name Ratis:service=RaftServer,group=group-D4A07DABF2D2,id=686a54b3-507b-4dc5-8065-04c582627b70
2021-04-24 02:05:40,180 [pool-109-thread-1] INFO  metrics.RatisMetrics (RatisMetrics.java:lambda$create$0(36)) - Creating Metrics Registry : ratis.state_machine.686a54b3-507b-4dc5-8065-04c582627b70@group-D4A07DABF2D2
2021-04-24 02:05:40,180 [Command processor thread] INFO  ratis.XceiverServerRatis (XceiverServerRatis.java:addGroup(808)) - Created group PipelineID=a6cd1a83-cb4a-45a2-802f-d4a07dabf2d2
2021-04-24 02:05:40,180 [Command processor thread] INFO  commandhandler.CreatePipelineCommandHandler (CreatePipelineCommandHandler.java:handle(106)) - Created Pipeline RATIS ONE PipelineID=a6cd1a83-cb4a-45a2-802f-d4a07dabf2d2.
2021-04-24 02:05:40,358 [Command processor thread] INFO  server.RaftServer (RaftServerProxy.java:addNew(95)) - e13d3dfe-a7aa-4e77-932b-4a03cf9a588d: addNew group-5599E7B703B3:[e13d3dfe-a7aa-4e77-932b-4a03cf9a588d|rpc:172.17.0.2:43115|priority:1] returns group-5599E7B703B3:java.util.concurrent.CompletableFuture@43dcbd0[Not completed]
2021-04-24 02:05:40,359 [pool-125-thread-1] INFO  server.RaftServer$Division (RaftServerImpl.java:<init>(180)) - e13d3dfe-a7aa-4e77-932b-4a03cf9a588d: new RaftServerImpl for group-5599E7B703B3:[e13d3dfe-a7aa-4e77-932b-4a03cf9a588d|rpc:172.17.0.2:43115|priority:1] with ContainerStateMachine:uninitialized
2021-04-24 02:05:40,359 [pool-125-thread-1] INFO  server.RaftServerConfigKeys (ConfUtils.java:logGet(44)) - raft.server.rpc.timeout.min = 5s (custom)
2021-04-24 02:05:40,360 [pool-125-thread-1] INFO  server.RaftServerConfigKeys (ConfUtils.java:logGet(44)) - raft.server.rpc.timeout.max = 5200ms (custom)
2021-04-24 02:05:40,360 [pool-125-thread-1] INFO  server.RaftServerConfigKeys (ConfUtils.java:logGet(44)) - raft.server.rpc.sleep.time = 25ms (default)
2021-04-24 02:05:40,360 [pool-125-thread-1] INFO  server.RaftServerConfigKeys (ConfUtils.java:logGet(44)) - raft.server.rpc.slowness.timeout = 300000ms (custom)
2021-04-24 02:05:40,360 [pool-125-thread-1] INFO  server.RaftServerConfigKeys (ConfUtils.java:logGet(44)) - raft.server.leaderelection.leader.step-down.wait-time = 10s (default)
2021-04-24 02:05:40,360 [pool-125-thread-1] INFO  server.RaftServerConfigKeys (ConfUtils.java:logGet(44)) - raft.server.sleep.deviation.threshold = 300ms (default)
2021-04-24 02:05:40,360 [pool-125-thread-1] INFO  server.RaftServerConfigKeys (ConfUtils.java:logGet(44)) - raft.server.log.appender.install.snapshot.enabled = false (custom)
2021-04-24 02:05:40,360 [pool-125-thread-1] INFO  server.RaftServer$Division (ServerState.java:<init>(105)) - e13d3dfe-a7aa-4e77-932b-4a03cf9a588d@group-5599E7B703B3: ConfigurationManager, init=-1: [e13d3dfe-a7aa-4e77-932b-4a03cf9a588d|rpc:172.17.0.2:43115|priority:1], old=null, confs=<EMPTY_MAP>
2021-04-24 02:05:40,360 [pool-125-thread-1] INFO  server.RaftServerConfigKeys (ConfUtils.java:logGet(44)) - raft.server.storage.dir = [/github/workspace/mnt/ozone/hadoop-ozone/integration-test/target/test-dir/MiniOzoneClusterImpl-6998a6cc-0dbe-4d56-81dc-8335dc1dcef2/datanode-5/data/ratis] (custom)
2021-04-24 02:05:40,360 [pool-125-thread-1] INFO  server.RaftServerConfigKeys (ConfUtils.java:logGet(44)) - raft.server.log.corruption.policy = EXCEPTION (default)
2021-04-24 02:05:40,361 [pool-125-thread-1] INFO  storage.RaftStorageDirectory (RaftStorageDirectoryImpl.java:analyzeStorage(132)) - The storage directory /github/workspace/mnt/ozone/hadoop-ozone/integration-test/target/test-dir/MiniOzoneClusterImpl-6998a6cc-0dbe-4d56-81dc-8335dc1dcef2/datanode-5/data/ratis/838ab7dd-1493-47cd-93b6-5599e7b703b3 does not exist. Creating ...
2021-04-24 02:05:40,362 [pool-125-thread-1] INFO  storage.RaftStorageDirectory (RaftStorageDirectoryImpl.java:tryLock(215)) - Lock on /github/workspace/mnt/ozone/hadoop-ozone/integration-test/target/test-dir/MiniOzoneClusterImpl-6998a6cc-0dbe-4d56-81dc-8335dc1dcef2/datanode-5/data/ratis/838ab7dd-1493-47cd-93b6-5599e7b703b3/in_use.lock acquired by nodename 15838@8965a546ea16
2021-04-24 02:05:40,363 [pool-125-thread-1] INFO  storage.RaftStorage (RaftStorageImpl.java:format(87)) - Storage directory /github/workspace/mnt/ozone/hadoop-ozone/integration-test/target/test-dir/MiniOzoneClusterImpl-6998a6cc-0dbe-4d56-81dc-8335dc1dcef2/datanode-5/data/ratis/838ab7dd-1493-47cd-93b6-5599e7b703b3 has been successfully formatted.
2021-04-24 02:05:40,363 [pool-125-thread-1] INFO  ratis.ContainerStateMachine (ContainerStateMachine.java:loadSnapshot(224)) - group-5599E7B703B3: The snapshot info is null. Setting the last applied indexto:(t:0, i:~)
2021-04-24 02:05:40,363 [pool-125-thread-1] INFO  server.RaftServerConfigKeys (ConfUtils.java:logGet(44)) - raft.server.notification.no-leader.timeout = 300000ms (custom)
2021-04-24 02:05:40,364 [pool-125-thread-1] INFO  server.RaftServerConfigKeys (ConfUtils.java:logGet(44)) - raft.server.log.use.memory = false (default)
2021-04-24 02:05:40,364 [pool-125-thread-1] INFO  server.RaftServerConfigKeys (ConfUtils.java:logGet(44)) - raft.server.log.purge.gap = 1000000 (custom)
2021-04-24 02:05:40,364 [pool-125-thread-1] INFO  server.RaftServerConfigKeys (ConfUtils.java:logGet(44)) - raft.server.log.appender.buffer.byte-limit = 33554432 (custom)
2021-04-24 02:05:40,364 [pool-125-thread-1] INFO  metrics.RatisMetrics (RatisMetrics.java:lambda$create$0(36)) - Creating Metrics Registry : ratis.log_worker.e13d3dfe-a7aa-4e77-932b-4a03cf9a588d@group-5599E7B703B3
2021-04-24 02:05:40,364 [pool-125-thread-1] INFO  server.RaftServerConfigKeys (ConfUtils.java:logGet(44)) - raft.server.log.segment.size.max = 1048576 (custom)
2021-04-24 02:05:40,364 [pool-125-thread-1] INFO  server.RaftServerConfigKeys (ConfUtils.java:logGet(44)) - raft.server.log.segment.cache.num.max = 2 (custom)
2021-04-24 02:05:40,365 [pool-125-thread-1] INFO  server.RaftServerConfigKeys (ConfUtils.java:logGet(44)) - raft.server.log.segment.cache.size.max = 200MB (=209715200) (default)
2021-04-24 02:05:40,365 [pool-125-thread-1] INFO  segmented.SegmentedRaftLogWorker (SegmentedRaftLogWorker.java:<init>(182)) - new e13d3dfe-a7aa-4e77-932b-4a03cf9a588d@group-5599E7B703B3-SegmentedRaftLogWorker for RaftStorageImpl:Storage Directory /github/workspace/mnt/ozone/hadoop-ozone/integration-test/target/test-dir/MiniOzoneClusterImpl-6998a6cc-0dbe-4d56-81dc-8335dc1dcef2/datanode-5/data/ratis/838ab7dd-1493-47cd-93b6-5599e7b703b3
2021-04-24 02:05:40,365 [pool-125-thread-1] INFO  server.RaftServerConfigKeys (ConfUtils.java:logGet(44)) - raft.server.log.queue.byte-limit = 2147483647 (custom)
2021-04-24 02:05:40,365 [pool-125-thread-1] INFO  server.RaftServerConfigKeys (ConfUtils.java:logGet(44)) - raft.server.log.queue.element-limit = 1024 (custom)
2021-04-24 02:05:40,365 [pool-125-thread-1] INFO  server.RaftServerConfigKeys (ConfUtils.java:logGet(44)) - raft.server.log.segment.size.max = 1048576 (custom)
2021-04-24 02:05:40,366 [pool-125-thread-1] INFO  server.RaftServerConfigKeys (ConfUtils.java:logGet(44)) - raft.server.log.preallocated.size = 16384 (custom)
2021-04-24 02:05:40,366 [pool-125-thread-1] INFO  server.RaftServerConfigKeys (ConfUtils.java:logGet(44)) - raft.server.log.force.sync.num = 128 (default)
2021-04-24 02:05:40,366 [pool-125-thread-1] INFO  server.RaftServerConfigKeys (ConfUtils.java:logGet(44)) - raft.server.log.statemachine.data.sync = true (default)
2021-04-24 02:05:40,366 [pool-125-thread-1] INFO  server.RaftServerConfigKeys (ConfUtils.java:logGet(44)) - raft.server.log.statemachine.data.sync.timeout = 10s (default)
2021-04-24 02:05:40,366 [pool-125-thread-1] INFO  server.RaftServerConfigKeys (ConfUtils.java:logGet(44)) - raft.server.log.statemachine.data.sync.timeout.retry = -1 (default)
2021-04-24 02:05:40,366 [EventQueue-PipelineReportForOneReplicaPipelineSafeModeRule] INFO  safemode.SCMSafeModeManager (SCMSafeModeManager.java:validateSafeModeExitRules(201)) - AtleastOneDatanodeReportedRule rule is successfully validated
2021-04-24 02:05:40,366 [EventQueue-PipelineReportForPipelineReportHandler] INFO  pipeline.PipelineManagerV2Impl (PipelineManagerV2Impl.java:openPipeline(270)) - Pipeline Pipeline[ Id: 838ab7dd-1493-47cd-93b6-5599e7b703b3, Nodes: e13d3dfe-a7aa-4e77-932b-4a03cf9a588d{ip: 172.17.0.2, host: 8965a546ea16, ports: [REPLICATION=37131, RATIS=43115, RATIS_ADMIN=43115, RATIS_SERVER=43115, STANDALONE=45109], networkLocation: /default-rack, certSerialId: null, persistedOpState: IN_SERVICE, persistedOpStateExpiryEpochSec: 0}, ReplicationConfig: RATIS/ONE, State:ALLOCATED, leaderId:e13d3dfe-a7aa-4e77-932b-4a03cf9a588d, CreationTimestamp2021-04-24T02:05:37.367Z] moved to OPEN state
2021-04-24 02:05:40,367 [EventQueue-OpenPipelineForHealthyPipelineSafeModeRule] INFO  safemode.SCMSafeModeManager (HealthyPipelineSafeModeRule.java:process(130)) - SCM in safe mode. Healthy pipelines reported count is 0, required healthy pipeline reported count is 1
2021-04-24 02:05:40,368 [pool-125-thread-1] INFO  server.RaftServerConfigKeys (ConfUtils.java:logGet(44)) - raft.server.log.write.buffer.size = 1048576 (custom)
2021-04-24 02:05:40,369 [pool-125-thread-1] INFO  server.RaftServerConfigKeys (ConfUtils.java:logGet(44)) - raft.server.log.statemachine.data.caching.enabled = true (custom)
2021-04-24 02:05:40,370 [pool-125-thread-1] INFO  segmented.SegmentedRaftLogWorker (SegmentedRaftLogWorker.java:lambda$new$0(133)) - e13d3dfe-a7aa-4e77-932b-4a03cf9a588d@group-5599E7B703B3-SegmentedRaftLogWorker: flushIndex: setUnconditionally 0 -> -1
2021-04-24 02:05:40,370 [pool-125-thread-1] INFO  segmented.SegmentedRaftLogWorker (SegmentedRaftLogWorker.java:lambda$new$0(133)) - e13d3dfe-a7aa-4e77-932b-4a03cf9a588d@group-5599E7B703B3-SegmentedRaftLogWorker: safeCacheEvictIndex: setUnconditionally 0 -> -1
2021-04-24 02:05:40,370 [pool-125-thread-1] INFO  server.RaftServerConfigKeys (ConfUtils.java:logGet(44)) - raft.server.snapshot.auto.trigger.enabled = true (custom)
2021-04-24 02:05:40,370 [pool-125-thread-1] INFO  server.RaftServerConfigKeys (ConfUtils.java:logGet(44)) - raft.server.snapshot.auto.trigger.threshold = 10000 (custom)
2021-04-24 02:05:40,370 [pool-125-thread-1] INFO  server.RaftServerConfigKeys (ConfUtils.java:logGet(44)) - raft.server.snapshot.retention.file.num = 5 (custom)
2021-04-24 02:05:40,370 [pool-125-thread-1] INFO  server.RaftServerConfigKeys (ConfUtils.java:logGet(44)) - raft.server.log.purge.upto.snapshot.index = false (default)
2021-04-24 02:05:40,370 [pool-125-thread-1] INFO  server.RaftServerConfigKeys (ConfUtils.java:logGet(44)) - raft.server.retrycache.expirytime = 600000ms (custom)
2021-04-24 02:05:40,370 [pool-125-thread-1] INFO  server.RaftServerConfigKeys (ConfUtils.java:logGet(44)) - raft.server.retrycache.statistics.expirytime = 100?s (default)
2021-04-24 02:05:40,370 [pool-125-thread-1] INFO  metrics.RatisMetrics (RatisMetrics.java:lambda$create$0(36)) - Creating Metrics Registry : ratis.leader_election.e13d3dfe-a7aa-4e77-932b-4a03cf9a588d@group-5599E7B703B3
2021-04-24 02:05:40,371 [pool-125-thread-1] INFO  metrics.RatisMetrics (RatisMetrics.java:lambda$create$0(36)) - Creating Metrics Registry : ratis.server.e13d3dfe-a7aa-4e77-932b-4a03cf9a588d@group-5599E7B703B3
2021-04-24 02:05:40,371 [pool-125-thread-1] INFO  server.RaftServer$Division (RaftServerImpl.java:start(295)) - e13d3dfe-a7aa-4e77-932b-4a03cf9a588d@group-5599E7B703B3: start as a follower, conf=-1: [e13d3dfe-a7aa-4e77-932b-4a03cf9a588d|rpc:172.17.0.2:43115|priority:1], old=null
2021-04-24 02:05:40,371 [pool-125-thread-1] INFO  server.RaftServer$Division (RaftServerImpl.java:setRole(284)) - e13d3dfe-a7aa-4e77-932b-4a03cf9a588d@group-5599E7B703B3: changes role from      null to FOLLOWER at term 0 for startAsFollower
2021-04-24 02:05:40,371 [pool-125-thread-1] INFO  impl.RoleInfo (RoleInfo.java:updateAndGet(130)) - e13d3dfe-a7aa-4e77-932b-4a03cf9a588d: start e13d3dfe-a7aa-4e77-932b-4a03cf9a588d@group-5599E7B703B3-FollowerState
2021-04-24 02:05:40,374 [pool-125-thread-1] INFO  util.JmxRegister (JmxRegister.java:tryRegister(44)) - Successfully registered JMX Bean with object name Ratis:service=RaftServer,group=group-5599E7B703B3,id=e13d3dfe-a7aa-4e77-932b-4a03cf9a588d
2021-04-24 02:05:40,374 [pool-125-thread-1] INFO  metrics.RatisMetrics (RatisMetrics.java:lambda$create$0(36)) - Creating Metrics Registry : ratis.state_machine.e13d3dfe-a7aa-4e77-932b-4a03cf9a588d@group-5599E7B703B3
2021-04-24 02:05:40,375 [Command processor thread] INFO  ratis.XceiverServerRatis (XceiverServerRatis.java:addGroup(808)) - Created group PipelineID=838ab7dd-1493-47cd-93b6-5599e7b703b3
2021-04-24 02:05:40,375 [Command processor thread] INFO  commandhandler.CreatePipelineCommandHandler (CreatePipelineCommandHandler.java:handle(106)) - Created Pipeline RATIS ONE PipelineID=838ab7dd-1493-47cd-93b6-5599e7b703b3.
2021-04-24 02:05:40,569 [Listener at 127.0.0.1/41437] INFO  ozone.MiniOzoneClusterImpl (MiniOzoneClusterImpl.java:lambda$waitForClusterToBeReady$0(223)) - Nodes are ready. Got 7 of 7 DN Heartbeats.
2021-04-24 02:05:40,569 [Listener at 127.0.0.1/41437] INFO  ozone.MiniOzoneClusterImpl (MiniOzoneClusterImpl.java:lambda$waitForClusterToBeReady$0(226)) - Waiting for cluster to exit safe mode
2021-04-24 02:05:40,569 [Listener at 127.0.0.1/41437] INFO  ozone.MiniOzoneClusterImpl (MiniOzoneClusterImpl.java:lambda$waitForClusterToBeReady$0(229)) - SCM became leader
2021-04-24 02:05:40,574 [Command processor thread] INFO  server.RaftServer (RaftServerProxy.java:addNew(95)) - f0c69f70-c4af-4c4b-aa2e-1c77f1405a64: addNew group-807D9659B3C4:[f0c69f70-c4af-4c4b-aa2e-1c77f1405a64|rpc:172.17.0.2:43537|priority:1] returns group-807D9659B3C4:java.util.concurrent.CompletableFuture@6929aa13[Not completed]
2021-04-24 02:05:40,575 [pool-141-thread-1] INFO  server.RaftServer$Division (RaftServerImpl.java:<init>(180)) - f0c69f70-c4af-4c4b-aa2e-1c77f1405a64: new RaftServerImpl for group-807D9659B3C4:[f0c69f70-c4af-4c4b-aa2e-1c77f1405a64|rpc:172.17.0.2:43537|priority:1] with ContainerStateMachine:uninitialized
2021-04-24 02:05:40,575 [pool-141-thread-1] INFO  server.RaftServerConfigKeys (ConfUtils.java:logGet(44)) - raft.server.rpc.timeout.min = 5s (custom)
2021-04-24 02:05:40,575 [pool-141-thread-1] INFO  server.RaftServerConfigKeys (ConfUtils.java:logGet(44)) - raft.server.rpc.timeout.max = 5200ms (custom)
2021-04-24 02:05:40,576 [pool-141-thread-1] INFO  server.RaftServerConfigKeys (ConfUtils.java:logGet(44)) - raft.server.rpc.sleep.time = 25ms (default)
2021-04-24 02:05:40,576 [pool-141-thread-1] INFO  server.RaftServerConfigKeys (ConfUtils.java:logGet(44)) - raft.server.rpc.slowness.timeout = 300000ms (custom)
2021-04-24 02:05:40,576 [pool-141-thread-1] INFO  server.RaftServerConfigKeys (ConfUtils.java:logGet(44)) - raft.server.leaderelection.leader.step-down.wait-time = 10s (default)
2021-04-24 02:05:40,577 [pool-141-thread-1] INFO  server.RaftServerConfigKeys (ConfUtils.java:logGet(44)) - raft.server.sleep.deviation.threshold = 300ms (default)
2021-04-24 02:05:40,577 [pool-141-thread-1] INFO  server.RaftServerConfigKeys (ConfUtils.java:logGet(44)) - raft.server.log.appender.install.snapshot.enabled = false (custom)
2021-04-24 02:05:40,577 [pool-141-thread-1] INFO  server.RaftServer$Division (ServerState.java:<init>(105)) - f0c69f70-c4af-4c4b-aa2e-1c77f1405a64@group-807D9659B3C4: ConfigurationManager, init=-1: [f0c69f70-c4af-4c4b-aa2e-1c77f1405a64|rpc:172.17.0.2:43537|priority:1], old=null, confs=<EMPTY_MAP>
2021-04-24 02:05:40,577 [pool-141-thread-1] INFO  server.RaftServerConfigKeys (ConfUtils.java:logGet(44)) - raft.server.storage.dir = [/github/workspace/mnt/ozone/hadoop-ozone/integration-test/target/test-dir/MiniOzoneClusterImpl-6998a6cc-0dbe-4d56-81dc-8335dc1dcef2/datanode-6/data/ratis] (custom)
2021-04-24 02:05:40,577 [pool-141-thread-1] INFO  server.RaftServerConfigKeys (ConfUtils.java:logGet(44)) - raft.server.log.corruption.policy = EXCEPTION (default)
2021-04-24 02:05:40,577 [pool-141-thread-1] INFO  storage.RaftStorageDirectory (RaftStorageDirectoryImpl.java:analyzeStorage(132)) - The storage directory /github/workspace/mnt/ozone/hadoop-ozone/integration-test/target/test-dir/MiniOzoneClusterImpl-6998a6cc-0dbe-4d56-81dc-8335dc1dcef2/datanode-6/data/ratis/c2fbde96-45a6-4d58-a5d5-807d9659b3c4 does not exist. Creating ...
2021-04-24 02:05:40,583 [pool-141-thread-1] INFO  storage.RaftStorageDirectory (RaftStorageDirectoryImpl.java:tryLock(215)) - Lock on /github/workspace/mnt/ozone/hadoop-ozone/integration-test/target/test-dir/MiniOzoneClusterImpl-6998a6cc-0dbe-4d56-81dc-8335dc1dcef2/datanode-6/data/ratis/c2fbde96-45a6-4d58-a5d5-807d9659b3c4/in_use.lock acquired by nodename 15838@8965a546ea16
2021-04-24 02:05:40,585 [pool-141-thread-1] INFO  storage.RaftStorage (RaftStorageImpl.java:format(87)) - Storage directory /github/workspace/mnt/ozone/hadoop-ozone/integration-test/target/test-dir/MiniOzoneClusterImpl-6998a6cc-0dbe-4d56-81dc-8335dc1dcef2/datanode-6/data/ratis/c2fbde96-45a6-4d58-a5d5-807d9659b3c4 has been successfully formatted.
2021-04-24 02:05:40,587 [pool-141-thread-1] INFO  ratis.ContainerStateMachine (ContainerStateMachine.java:loadSnapshot(224)) - group-807D9659B3C4: The snapshot info is null. Setting the last applied indexto:(t:0, i:~)
2021-04-24 02:05:40,587 [pool-141-thread-1] INFO  server.RaftServerConfigKeys (ConfUtils.java:logGet(44)) - raft.server.notification.no-leader.timeout = 300000ms (custom)
2021-04-24 02:05:40,587 [pool-141-thread-1] INFO  server.RaftServerConfigKeys (ConfUtils.java:logGet(44)) - raft.server.log.use.memory = false (default)
2021-04-24 02:05:40,588 [pool-141-thread-1] INFO  server.RaftServerConfigKeys (ConfUtils.java:logGet(44)) - raft.server.log.purge.gap = 1000000 (custom)
2021-04-24 02:05:40,588 [pool-141-thread-1] INFO  server.RaftServerConfigKeys (ConfUtils.java:logGet(44)) - raft.server.log.appender.buffer.byte-limit = 33554432 (custom)
2021-04-24 02:05:40,588 [EventQueue-PipelineReportForPipelineReportHandler] INFO  pipeline.PipelineManagerV2Impl (PipelineManagerV2Impl.java:openPipeline(270)) - Pipeline Pipeline[ Id: c2fbde96-45a6-4d58-a5d5-807d9659b3c4, Nodes: f0c69f70-c4af-4c4b-aa2e-1c77f1405a64{ip: 172.17.0.2, host: 8965a546ea16, ports: [REPLICATION=39765, RATIS=43537, RATIS_ADMIN=43537, RATIS_SERVER=43537, STANDALONE=38597], networkLocation: /default-rack, certSerialId: null, persistedOpState: IN_SERVICE, persistedOpStateExpiryEpochSec: 0}, ReplicationConfig: RATIS/ONE, State:ALLOCATED, leaderId:f0c69f70-c4af-4c4b-aa2e-1c77f1405a64, CreationTimestamp2021-04-24T02:05:37.578Z] moved to OPEN state
2021-04-24 02:05:40,589 [EventQueue-OpenPipelineForHealthyPipelineSafeModeRule] INFO  safemode.SCMSafeModeManager (HealthyPipelineSafeModeRule.java:process(130)) - SCM in safe mode. Healthy pipelines reported count is 0, required healthy pipeline reported count is 1
2021-04-24 02:05:40,588 [EventQueue-PipelineReportForOneReplicaPipelineSafeModeRule] INFO  safemode.SCMSafeModeManager (SCMSafeModeManager.java:validateSafeModeExitRules(201)) - AtleastOneDatanodeReportedRule rule is successfully validated
2021-04-24 02:05:40,590 [pool-141-thread-1] INFO  metrics.RatisMetrics (RatisMetrics.java:lambda$create$0(36)) - Creating Metrics Registry : ratis.log_worker.f0c69f70-c4af-4c4b-aa2e-1c77f1405a64@group-807D9659B3C4
2021-04-24 02:05:40,591 [pool-141-thread-1] INFO  server.RaftServerConfigKeys (ConfUtils.java:logGet(44)) - raft.server.log.segment.size.max = 1048576 (custom)
2021-04-24 02:05:40,593 [pool-141-thread-1] INFO  server.RaftServerConfigKeys (ConfUtils.java:logGet(44)) - raft.server.log.segment.cache.num.max = 2 (custom)
2021-04-24 02:05:40,593 [pool-141-thread-1] INFO  server.RaftServerConfigKeys (ConfUtils.java:logGet(44)) - raft.server.log.segment.cache.size.max = 200MB (=209715200) (default)
2021-04-24 02:05:40,594 [pool-141-thread-1] INFO  segmented.SegmentedRaftLogWorker (SegmentedRaftLogWorker.java:<init>(182)) - new f0c69f70-c4af-4c4b-aa2e-1c77f1405a64@group-807D9659B3C4-SegmentedRaftLogWorker for RaftStorageImpl:Storage Directory /github/workspace/mnt/ozone/hadoop-ozone/integration-test/target/test-dir/MiniOzoneClusterImpl-6998a6cc-0dbe-4d56-81dc-8335dc1dcef2/datanode-6/data/ratis/c2fbde96-45a6-4d58-a5d5-807d9659b3c4
2021-04-24 02:05:40,594 [pool-141-thread-1] INFO  server.RaftServerConfigKeys (ConfUtils.java:logGet(44)) - raft.server.log.queue.byte-limit = 2147483647 (custom)
2021-04-24 02:05:40,594 [pool-141-thread-1] INFO  server.RaftServerConfigKeys (ConfUtils.java:logGet(44)) - raft.server.log.queue.element-limit = 1024 (custom)
2021-04-24 02:05:40,594 [pool-141-thread-1] INFO  server.RaftServerConfigKeys (ConfUtils.java:logGet(44)) - raft.server.log.segment.size.max = 1048576 (custom)
2021-04-24 02:05:40,594 [pool-141-thread-1] INFO  server.RaftServerConfigKeys (ConfUtils.java:logGet(44)) - raft.server.log.preallocated.size = 16384 (custom)
2021-04-24 02:05:40,594 [pool-141-thread-1] INFO  server.RaftServerConfigKeys (ConfUtils.java:logGet(44)) - raft.server.log.force.sync.num = 128 (default)
2021-04-24 02:05:40,594 [pool-141-thread-1] INFO  server.RaftServerConfigKeys (ConfUtils.java:logGet(44)) - raft.server.log.statemachine.data.sync = true (default)
2021-04-24 02:05:40,594 [pool-141-thread-1] INFO  server.RaftServerConfigKeys (ConfUtils.java:logGet(44)) - raft.server.log.statemachine.data.sync.timeout = 10s (default)
2021-04-24 02:05:40,594 [pool-141-thread-1] INFO  server.RaftServerConfigKeys (ConfUtils.java:logGet(44)) - raft.server.log.statemachine.data.sync.timeout.retry = -1 (default)
2021-04-24 02:05:40,595 [pool-141-thread-1] INFO  server.RaftServerConfigKeys (ConfUtils.java:logGet(44)) - raft.server.log.write.buffer.size = 1048576 (custom)
2021-04-24 02:05:40,596 [pool-141-thread-1] INFO  server.RaftServerConfigKeys (ConfUtils.java:logGet(44)) - raft.server.log.statemachine.data.caching.enabled = true (custom)
2021-04-24 02:05:40,596 [pool-141-thread-1] INFO  segmented.SegmentedRaftLogWorker (SegmentedRaftLogWorker.java:lambda$new$0(133)) - f0c69f70-c4af-4c4b-aa2e-1c77f1405a64@group-807D9659B3C4-SegmentedRaftLogWorker: flushIndex: setUnconditionally 0 -> -1
2021-04-24 02:05:40,596 [pool-141-thread-1] INFO  segmented.SegmentedRaftLogWorker (SegmentedRaftLogWorker.java:lambda$new$0(133)) - f0c69f70-c4af-4c4b-aa2e-1c77f1405a64@group-807D9659B3C4-SegmentedRaftLogWorker: safeCacheEvictIndex: setUnconditionally 0 -> -1
2021-04-24 02:05:40,596 [pool-141-thread-1] INFO  server.RaftServerConfigKeys (ConfUtils.java:logGet(44)) - raft.server.snapshot.auto.trigger.enabled = true (custom)
2021-04-24 02:05:40,596 [pool-141-thread-1] INFO  server.RaftServerConfigKeys (ConfUtils.java:logGet(44)) - raft.server.snapshot.auto.trigger.threshold = 10000 (custom)
2021-04-24 02:05:40,596 [pool-141-thread-1] INFO  server.RaftServerConfigKeys (ConfUtils.java:logGet(44)) - raft.server.snapshot.retention.file.num = 5 (custom)
2021-04-24 02:05:40,596 [pool-141-thread-1] INFO  server.RaftServerConfigKeys (ConfUtils.java:logGet(44)) - raft.server.log.purge.upto.snapshot.index = false (default)
2021-04-24 02:05:40,596 [pool-141-thread-1] INFO  server.RaftServerConfigKeys (ConfUtils.java:logGet(44)) - raft.server.retrycache.expirytime = 600000ms (custom)
2021-04-24 02:05:40,596 [pool-141-thread-1] INFO  server.RaftServerConfigKeys (ConfUtils.java:logGet(44)) - raft.server.retrycache.statistics.expirytime = 100?s (default)
2021-04-24 02:05:40,597 [pool-141-thread-1] INFO  metrics.RatisMetrics (RatisMetrics.java:lambda$create$0(36)) - Creating Metrics Registry : ratis.leader_election.f0c69f70-c4af-4c4b-aa2e-1c77f1405a64@group-807D9659B3C4
2021-04-24 02:05:40,597 [pool-141-thread-1] INFO  metrics.RatisMetrics (RatisMetrics.java:lambda$create$0(36)) - Creating Metrics Registry : ratis.server.f0c69f70-c4af-4c4b-aa2e-1c77f1405a64@group-807D9659B3C4
2021-04-24 02:05:40,598 [pool-141-thread-1] INFO  server.RaftServer$Division (RaftServerImpl.java:start(295)) - f0c69f70-c4af-4c4b-aa2e-1c77f1405a64@group-807D9659B3C4: start as a follower, conf=-1: [f0c69f70-c4af-4c4b-aa2e-1c77f1405a64|rpc:172.17.0.2:43537|priority:1], old=null
2021-04-24 02:05:40,598 [pool-141-thread-1] INFO  server.RaftServer$Division (RaftServerImpl.java:setRole(284)) - f0c69f70-c4af-4c4b-aa2e-1c77f1405a64@group-807D9659B3C4: changes role from      null to FOLLOWER at term 0 for startAsFollower
2021-04-24 02:05:40,598 [pool-141-thread-1] INFO  impl.RoleInfo (RoleInfo.java:updateAndGet(130)) - f0c69f70-c4af-4c4b-aa2e-1c77f1405a64: start f0c69f70-c4af-4c4b-aa2e-1c77f1405a64@group-807D9659B3C4-FollowerState
2021-04-24 02:05:40,601 [pool-141-thread-1] INFO  util.JmxRegister (JmxRegister.java:tryRegister(44)) - Successfully registered JMX Bean with object name Ratis:service=RaftServer,group=group-807D9659B3C4,id=f0c69f70-c4af-4c4b-aa2e-1c77f1405a64
2021-04-24 02:05:40,602 [pool-141-thread-1] INFO  metrics.RatisMetrics (RatisMetrics.java:lambda$create$0(36)) - Creating Metrics Registry : ratis.state_machine.f0c69f70-c4af-4c4b-aa2e-1c77f1405a64@group-807D9659B3C4
2021-04-24 02:05:40,602 [Command processor thread] INFO  ratis.XceiverServerRatis (XceiverServerRatis.java:addGroup(808)) - Created group PipelineID=c2fbde96-45a6-4d58-a5d5-807d9659b3c4
2021-04-24 02:05:40,602 [Command processor thread] INFO  commandhandler.CreatePipelineCommandHandler (CreatePipelineCommandHandler.java:handle(106)) - Created Pipeline RATIS ONE PipelineID=c2fbde96-45a6-4d58-a5d5-807d9659b3c4.
2021-04-24 02:05:40,662 [EventQueue-PipelineReportForOneReplicaPipelineSafeModeRule] INFO  safemode.SCMSafeModeManager (SCMSafeModeManager.java:validateSafeModeExitRules(201)) - AtleastOneDatanodeReportedRule rule is successfully validated
2021-04-24 02:05:40,663 [EventQueue-OpenPipelineForHealthyPipelineSafeModeRule] INFO  safemode.SCMSafeModeManager (HealthyPipelineSafeModeRule.java:process(130)) - SCM in safe mode. Healthy pipelines reported count is 0, required healthy pipeline reported count is 1
2021-04-24 02:05:40,695 [EventQueue-OpenPipelineForHealthyPipelineSafeModeRule] INFO  safemode.SCMSafeModeManager (HealthyPipelineSafeModeRule.java:process(130)) - SCM in safe mode. Healthy pipelines reported count is 0, required healthy pipeline reported count is 1
2021-04-24 02:05:40,695 [EventQueue-PipelineReportForOneReplicaPipelineSafeModeRule] INFO  safemode.SCMSafeModeManager (SCMSafeModeManager.java:validateSafeModeExitRules(201)) - AtleastOneDatanodeReportedRule rule is successfully validated
2021-04-24 02:05:40,760 [EventQueue-PipelineReportForOneReplicaPipelineSafeModeRule] INFO  safemode.SCMSafeModeManager (SCMSafeModeManager.java:validateSafeModeExitRules(201)) - AtleastOneDatanodeReportedRule rule is successfully validated
2021-04-24 02:05:40,761 [EventQueue-OpenPipelineForHealthyPipelineSafeModeRule] INFO  safemode.SCMSafeModeManager (HealthyPipelineSafeModeRule.java:process(130)) - SCM in safe mode. Healthy pipelines reported count is 0, required healthy pipeline reported count is 1
2021-04-24 02:05:41,079 [EventQueue-PipelineReportForOneReplicaPipelineSafeModeRule] INFO  safemode.SCMSafeModeManager (SCMSafeModeManager.java:validateSafeModeExitRules(201)) - AtleastOneDatanodeReportedRule rule is successfully validated
2021-04-24 02:05:41,079 [EventQueue-OpenPipelineForHealthyPipelineSafeModeRule] INFO  safemode.SCMSafeModeManager (HealthyPipelineSafeModeRule.java:process(130)) - SCM in safe mode. Healthy pipelines reported count is 0, required healthy pipeline reported count is 1
2021-04-24 02:05:41,170 [EventQueue-PipelineReportForOneReplicaPipelineSafeModeRule] INFO  safemode.SCMSafeModeManager (SCMSafeModeManager.java:validateSafeModeExitRules(201)) - AtleastOneDatanodeReportedRule rule is successfully validated
2021-04-24 02:05:41,171 [EventQueue-OpenPipelineForHealthyPipelineSafeModeRule] INFO  safemode.SCMSafeModeManager (HealthyPipelineSafeModeRule.java:process(130)) - SCM in safe mode. Healthy pipelines reported count is 0, required healthy pipeline reported count is 1
2021-04-24 02:05:41,365 [EventQueue-PipelineReportForOneReplicaPipelineSafeModeRule] INFO  safemode.SCMSafeModeManager (SCMSafeModeManager.java:validateSafeModeExitRules(201)) - AtleastOneDatanodeReportedRule rule is successfully validated
2021-04-24 02:05:41,365 [EventQueue-OpenPipelineForHealthyPipelineSafeModeRule] INFO  safemode.SCMSafeModeManager (HealthyPipelineSafeModeRule.java:process(130)) - SCM in safe mode. Healthy pipelines reported count is 0, required healthy pipeline reported count is 1
2021-04-24 02:05:41,570 [Listener at 127.0.0.1/41437] INFO  ozone.MiniOzoneClusterImpl (MiniOzoneClusterImpl.java:lambda$waitForClusterToBeReady$0(223)) - Nodes are ready. Got 7 of 7 DN Heartbeats.
2021-04-24 02:05:41,570 [Listener at 127.0.0.1/41437] INFO  ozone.MiniOzoneClusterImpl (MiniOzoneClusterImpl.java:lambda$waitForClusterToBeReady$0(226)) - Waiting for cluster to exit safe mode
2021-04-24 02:05:41,570 [Listener at 127.0.0.1/41437] INFO  ozone.MiniOzoneClusterImpl (MiniOzoneClusterImpl.java:lambda$waitForClusterToBeReady$0(229)) - SCM became leader
2021-04-24 02:05:41,586 [EventQueue-PipelineReportForOneReplicaPipelineSafeModeRule] INFO  safemode.SCMSafeModeManager (SCMSafeModeManager.java:validateSafeModeExitRules(201)) - AtleastOneDatanodeReportedRule rule is successfully validated
2021-04-24 02:05:41,587 [EventQueue-OpenPipelineForHealthyPipelineSafeModeRule] INFO  safemode.SCMSafeModeManager (HealthyPipelineSafeModeRule.java:process(130)) - SCM in safe mode. Healthy pipelines reported count is 0, required healthy pipeline reported count is 1
2021-04-24 02:05:41,661 [EventQueue-PipelineReportForOneReplicaPipelineSafeModeRule] INFO  safemode.SCMSafeModeManager (SCMSafeModeManager.java:validateSafeModeExitRules(201)) - AtleastOneDatanodeReportedRule rule is successfully validated
2021-04-24 02:05:41,662 [EventQueue-OpenPipelineForHealthyPipelineSafeModeRule] INFO  safemode.SCMSafeModeManager (HealthyPipelineSafeModeRule.java:process(130)) - SCM in safe mode. Healthy pipelines reported count is 0, required healthy pipeline reported count is 1
2021-04-24 02:05:41,696 [EventQueue-PipelineReportForOneReplicaPipelineSafeModeRule] INFO  safemode.SCMSafeModeManager (SCMSafeModeManager.java:validateSafeModeExitRules(201)) - AtleastOneDatanodeReportedRule rule is successfully validated
2021-04-24 02:05:41,696 [EventQueue-OpenPipelineForHealthyPipelineSafeModeRule] INFO  safemode.SCMSafeModeManager (HealthyPipelineSafeModeRule.java:process(130)) - SCM in safe mode. Healthy pipelines reported count is 0, required healthy pipeline reported count is 1
2021-04-24 02:05:41,760 [EventQueue-PipelineReportForOneReplicaPipelineSafeModeRule] INFO  safemode.SCMSafeModeManager (SCMSafeModeManager.java:validateSafeModeExitRules(201)) - AtleastOneDatanodeReportedRule rule is successfully validated
2021-04-24 02:05:41,761 [EventQueue-OpenPipelineForHealthyPipelineSafeModeRule] INFO  safemode.SCMSafeModeManager (HealthyPipelineSafeModeRule.java:process(130)) - SCM in safe mode. Healthy pipelines reported count is 0, required healthy pipeline reported count is 1
2021-04-24 02:05:42,079 [EventQueue-PipelineReportForOneReplicaPipelineSafeModeRule] INFO  safemode.SCMSafeModeManager (SCMSafeModeManager.java:validateSafeModeExitRules(201)) - AtleastOneDatanodeReportedRule rule is successfully validated
2021-04-24 02:05:42,080 [EventQueue-OpenPipelineForHealthyPipelineSafeModeRule] INFO  safemode.SCMSafeModeManager (HealthyPipelineSafeModeRule.java:process(130)) - SCM in safe mode. Healthy pipelines reported count is 0, required healthy pipeline reported count is 1
2021-04-24 02:05:42,170 [EventQueue-PipelineReportForOneReplicaPipelineSafeModeRule] INFO  safemode.SCMSafeModeManager (SCMSafeModeManager.java:validateSafeModeExitRules(201)) - AtleastOneDatanodeReportedRule rule is successfully validated
2021-04-24 02:05:42,171 [EventQueue-OpenPipelineForHealthyPipelineSafeModeRule] INFO  safemode.SCMSafeModeManager (HealthyPipelineSafeModeRule.java:process(130)) - SCM in safe mode. Healthy pipelines reported count is 0, required healthy pipeline reported count is 1
2021-04-24 02:05:42,365 [EventQueue-PipelineReportForOneReplicaPipelineSafeModeRule] INFO  safemode.SCMSafeModeManager (SCMSafeModeManager.java:validateSafeModeExitRules(201)) - AtleastOneDatanodeReportedRule rule is successfully validated
2021-04-24 02:05:42,365 [EventQueue-OpenPipelineForHealthyPipelineSafeModeRule] INFO  safemode.SCMSafeModeManager (HealthyPipelineSafeModeRule.java:process(130)) - SCM in safe mode. Healthy pipelines reported count is 0, required healthy pipeline reported count is 1
2021-04-24 02:05:42,570 [Listener at 127.0.0.1/41437] INFO  ozone.MiniOzoneClusterImpl (MiniOzoneClusterImpl.java:lambda$waitForClusterToBeReady$0(223)) - Nodes are ready. Got 7 of 7 DN Heartbeats.
2021-04-24 02:05:42,571 [Listener at 127.0.0.1/41437] INFO  ozone.MiniOzoneClusterImpl (MiniOzoneClusterImpl.java:lambda$waitForClusterToBeReady$0(226)) - Waiting for cluster to exit safe mode
2021-04-24 02:05:42,571 [Listener at 127.0.0.1/41437] INFO  ozone.MiniOzoneClusterImpl (MiniOzoneClusterImpl.java:lambda$waitForClusterToBeReady$0(229)) - SCM became leader
2021-04-24 02:05:42,586 [EventQueue-OpenPipelineForHealthyPipelineSafeModeRule] INFO  safemode.SCMSafeModeManager (HealthyPipelineSafeModeRule.java:process(130)) - SCM in safe mode. Healthy pipelines reported count is 0, required healthy pipeline reported count is 1
2021-04-24 02:05:42,587 [EventQueue-PipelineReportForOneReplicaPipelineSafeModeRule] INFO  safemode.SCMSafeModeManager (SCMSafeModeManager.java:validateSafeModeExitRules(201)) - AtleastOneDatanodeReportedRule rule is successfully validated
2021-04-24 02:05:42,662 [EventQueue-PipelineReportForOneReplicaPipelineSafeModeRule] INFO  safemode.SCMSafeModeManager (SCMSafeModeManager.java:validateSafeModeExitRules(201)) - AtleastOneDatanodeReportedRule rule is successfully validated
2021-04-24 02:05:42,662 [EventQueue-OpenPipelineForHealthyPipelineSafeModeRule] INFO  safemode.SCMSafeModeManager (HealthyPipelineSafeModeRule.java:process(130)) - SCM in safe mode. Healthy pipelines reported count is 0, required healthy pipeline reported count is 1
2021-04-24 02:05:42,697 [EventQueue-PipelineReportForOneReplicaPipelineSafeModeRule] INFO  safemode.SCMSafeModeManager (SCMSafeModeManager.java:validateSafeModeExitRules(201)) - AtleastOneDatanodeReportedRule rule is successfully validated
2021-04-24 02:05:42,697 [EventQueue-OpenPipelineForHealthyPipelineSafeModeRule] INFO  safemode.SCMSafeModeManager (HealthyPipelineSafeModeRule.java:process(130)) - SCM in safe mode. Healthy pipelines reported count is 0, required healthy pipeline reported count is 1
2021-04-24 02:05:42,760 [EventQueue-PipelineReportForOneReplicaPipelineSafeModeRule] INFO  safemode.SCMSafeModeManager (SCMSafeModeManager.java:validateSafeModeExitRules(201)) - AtleastOneDatanodeReportedRule rule is successfully validated
2021-04-24 02:05:42,761 [EventQueue-OpenPipelineForHealthyPipelineSafeModeRule] INFO  safemode.SCMSafeModeManager (HealthyPipelineSafeModeRule.java:process(130)) - SCM in safe mode. Healthy pipelines reported count is 0, required healthy pipeline reported count is 1
2021-04-24 02:05:43,079 [EventQueue-PipelineReportForOneReplicaPipelineSafeModeRule] INFO  safemode.SCMSafeModeManager (SCMSafeModeManager.java:validateSafeModeExitRules(201)) - AtleastOneDatanodeReportedRule rule is successfully validated
2021-04-24 02:05:43,080 [EventQueue-OpenPipelineForHealthyPipelineSafeModeRule] INFO  safemode.SCMSafeModeManager (HealthyPipelineSafeModeRule.java:process(130)) - SCM in safe mode. Healthy pipelines reported count is 0, required healthy pipeline reported count is 1
2021-04-24 02:05:43,171 [EventQueue-PipelineReportForOneReplicaPipelineSafeModeRule] INFO  safemode.SCMSafeModeManager (SCMSafeModeManager.java:validateSafeModeExitRules(201)) - AtleastOneDatanodeReportedRule rule is successfully validated
2021-04-24 02:05:43,171 [EventQueue-OpenPipelineForHealthyPipelineSafeModeRule] INFO  safemode.SCMSafeModeManager (HealthyPipelineSafeModeRule.java:process(130)) - SCM in safe mode. Healthy pipelines reported count is 0, required healthy pipeline reported count is 1
2021-04-24 02:05:43,365 [EventQueue-PipelineReportForOneReplicaPipelineSafeModeRule] INFO  safemode.SCMSafeModeManager (SCMSafeModeManager.java:validateSafeModeExitRules(201)) - AtleastOneDatanodeReportedRule rule is successfully validated
2021-04-24 02:05:43,365 [EventQueue-OpenPipelineForHealthyPipelineSafeModeRule] INFO  safemode.SCMSafeModeManager (HealthyPipelineSafeModeRule.java:process(130)) - SCM in safe mode. Healthy pipelines reported count is 0, required healthy pipeline reported count is 1
2021-04-24 02:05:43,571 [Listener at 127.0.0.1/41437] INFO  ozone.MiniOzoneClusterImpl (MiniOzoneClusterImpl.java:lambda$waitForClusterToBeReady$0(223)) - Nodes are ready. Got 7 of 7 DN Heartbeats.
2021-04-24 02:05:43,571 [Listener at 127.0.0.1/41437] INFO  ozone.MiniOzoneClusterImpl (MiniOzoneClusterImpl.java:lambda$waitForClusterToBeReady$0(226)) - Waiting for cluster to exit safe mode
2021-04-24 02:05:43,571 [Listener at 127.0.0.1/41437] INFO  ozone.MiniOzoneClusterImpl (MiniOzoneClusterImpl.java:lambda$waitForClusterToBeReady$0(229)) - SCM became leader
2021-04-24 02:05:43,586 [EventQueue-PipelineReportForOneReplicaPipelineSafeModeRule] INFO  safemode.SCMSafeModeManager (SCMSafeModeManager.java:validateSafeModeExitRules(201)) - AtleastOneDatanodeReportedRule rule is successfully validated
2021-04-24 02:05:43,586 [EventQueue-OpenPipelineForHealthyPipelineSafeModeRule] INFO  safemode.SCMSafeModeManager (HealthyPipelineSafeModeRule.java:process(130)) - SCM in safe mode. Healthy pipelines reported count is 0, required healthy pipeline reported count is 1
2021-04-24 02:05:43,661 [EventQueue-OpenPipelineForHealthyPipelineSafeModeRule] INFO  safemode.SCMSafeModeManager (HealthyPipelineSafeModeRule.java:process(130)) - SCM in safe mode. Healthy pipelines reported count is 0, required healthy pipeline reported count is 1
2021-04-24 02:05:43,662 [EventQueue-PipelineReportForOneReplicaPipelineSafeModeRule] INFO  safemode.SCMSafeModeManager (SCMSafeModeManager.java:validateSafeModeExitRules(201)) - AtleastOneDatanodeReportedRule rule is successfully validated
2021-04-24 02:05:43,697 [EventQueue-OpenPipelineForHealthyPipelineSafeModeRule] INFO  safemode.SCMSafeModeManager (HealthyPipelineSafeModeRule.java:process(130)) - SCM in safe mode. Healthy pipelines reported count is 0, required healthy pipeline reported count is 1
2021-04-24 02:05:43,697 [EventQueue-PipelineReportForOneReplicaPipelineSafeModeRule] INFO  safemode.SCMSafeModeManager (SCMSafeModeManager.java:validateSafeModeExitRules(201)) - AtleastOneDatanodeReportedRule rule is successfully validated
2021-04-24 02:05:43,761 [EventQueue-PipelineReportForOneReplicaPipelineSafeModeRule] INFO  safemode.SCMSafeModeManager (SCMSafeModeManager.java:validateSafeModeExitRules(201)) - AtleastOneDatanodeReportedRule rule is successfully validated
2021-04-24 02:05:43,761 [EventQueue-OpenPipelineForHealthyPipelineSafeModeRule] INFO  safemode.SCMSafeModeManager (HealthyPipelineSafeModeRule.java:process(130)) - SCM in safe mode. Healthy pipelines reported count is 0, required healthy pipeline reported count is 1
2021-04-24 02:05:44,080 [EventQueue-PipelineReportForOneReplicaPipelineSafeModeRule] INFO  safemode.SCMSafeModeManager (SCMSafeModeManager.java:validateSafeModeExitRules(201)) - AtleastOneDatanodeReportedRule rule is successfully validated
2021-04-24 02:05:44,080 [EventQueue-OpenPipelineForHealthyPipelineSafeModeRule] INFO  safemode.SCMSafeModeManager (HealthyPipelineSafeModeRule.java:process(130)) - SCM in safe mode. Healthy pipelines reported count is 0, required healthy pipeline reported count is 1
2021-04-24 02:05:44,103 [684cf295-c17c-4893-9e72-2df5b9d8a511@group-573F15CF247B-FollowerState] INFO  impl.FollowerState (FollowerState.java:run(134)) - 684cf295-c17c-4893-9e72-2df5b9d8a511@group-573F15CF247B-FollowerState: change to CANDIDATE, lastRpcElapsedTime:5037049485ns, electionTimeout:5032ms
2021-04-24 02:05:44,106 [684cf295-c17c-4893-9e72-2df5b9d8a511@group-573F15CF247B-FollowerState] INFO  impl.RoleInfo (RoleInfo.java:shutdownFollowerState(108)) - 684cf295-c17c-4893-9e72-2df5b9d8a511: shutdown 684cf295-c17c-4893-9e72-2df5b9d8a511@group-573F15CF247B-FollowerState
2021-04-24 02:05:44,106 [684cf295-c17c-4893-9e72-2df5b9d8a511@group-573F15CF247B-FollowerState] INFO  server.RaftServer$Division (RaftServerImpl.java:setRole(284)) - 684cf295-c17c-4893-9e72-2df5b9d8a511@group-573F15CF247B: changes role from  FOLLOWER to CANDIDATE at term 0 for changeToCandidate
2021-04-24 02:05:44,106 [684cf295-c17c-4893-9e72-2df5b9d8a511@group-573F15CF247B-FollowerState] INFO  server.RaftServerConfigKeys (ConfUtils.java:logGet(44)) - raft.server.leaderelection.pre-vote = false (custom)
2021-04-24 02:05:44,106 [684cf295-c17c-4893-9e72-2df5b9d8a511@group-573F15CF247B-FollowerState] INFO  impl.RoleInfo (RoleInfo.java:updateAndGet(130)) - 684cf295-c17c-4893-9e72-2df5b9d8a511: start 684cf295-c17c-4893-9e72-2df5b9d8a511@group-573F15CF247B-LeaderElection2
2021-04-24 02:05:44,109 [684cf295-c17c-4893-9e72-2df5b9d8a511@group-573F15CF247B-LeaderElection2] INFO  impl.LeaderElection (LeaderElection.java:askForVotes(306)) - 684cf295-c17c-4893-9e72-2df5b9d8a511@group-573F15CF247B-LeaderElection2 ELECTION round 0: submit vote requests at term 1 for -1: [684cf295-c17c-4893-9e72-2df5b9d8a511|rpc:172.17.0.2:38843|priority:1], old=null
2021-04-24 02:05:44,110 [684cf295-c17c-4893-9e72-2df5b9d8a511@group-573F15CF247B-LeaderElection2] INFO  impl.LeaderElection (LeaderElection.java:askForVotes(308)) - 684cf295-c17c-4893-9e72-2df5b9d8a511@group-573F15CF247B-LeaderElection2 ELECTION round 0: result PASSED (term=1)
2021-04-24 02:05:44,110 [684cf295-c17c-4893-9e72-2df5b9d8a511@group-573F15CF247B-LeaderElection2] INFO  impl.RoleInfo (RoleInfo.java:shutdownLeaderElection(121)) - 684cf295-c17c-4893-9e72-2df5b9d8a511: shutdown 684cf295-c17c-4893-9e72-2df5b9d8a511@group-573F15CF247B-LeaderElection2
2021-04-24 02:05:44,110 [684cf295-c17c-4893-9e72-2df5b9d8a511@group-573F15CF247B-LeaderElection2] INFO  server.RaftServer$Division (RaftServerImpl.java:setRole(284)) - 684cf295-c17c-4893-9e72-2df5b9d8a511@group-573F15CF247B: changes role from CANDIDATE to LEADER at term 1 for changeToLeader
2021-04-24 02:05:44,110 [684cf295-c17c-4893-9e72-2df5b9d8a511@group-573F15CF247B-LeaderElection2] INFO  ratis.XceiverServerRatis (XceiverServerRatis.java:handleLeaderChangedNotification(906)) - Leader change notification received for group: group-573F15CF247B with new leaderId: 684cf295-c17c-4893-9e72-2df5b9d8a511
2021-04-24 02:05:44,110 [684cf295-c17c-4893-9e72-2df5b9d8a511@group-573F15CF247B-LeaderElection2] INFO  server.RaftServer$Division (ServerState.java:setLeader(271)) - 684cf295-c17c-4893-9e72-2df5b9d8a511@group-573F15CF247B: change Leader from null to 684cf295-c17c-4893-9e72-2df5b9d8a511 at term 1 for becomeLeader, leader elected after 5053ms
2021-04-24 02:05:44,110 [684cf295-c17c-4893-9e72-2df5b9d8a511@group-573F15CF247B-LeaderElection2] INFO  server.RaftServerConfigKeys (ConfUtils.java:logGet(44)) - raft.server.staging.catchup.gap = 1000 (default)
2021-04-24 02:05:44,110 [684cf295-c17c-4893-9e72-2df5b9d8a511@group-573F15CF247B-LeaderElection2] INFO  metrics.RatisMetrics (RatisMetrics.java:lambda$create$0(36)) - Creating Metrics Registry : ratis.log_appender.684cf295-c17c-4893-9e72-2df5b9d8a511@group-573F15CF247B
2021-04-24 02:05:44,111 [EventQueue-PipelineReportForOneReplicaPipelineSafeModeRule] INFO  safemode.SCMSafeModeManager (SCMSafeModeManager.java:validateSafeModeExitRules(201)) - AtleastOneDatanodeReportedRule rule is successfully validated
2021-04-24 02:05:44,112 [EventQueue-OpenPipelineForHealthyPipelineSafeModeRule] INFO  safemode.SCMSafeModeManager (HealthyPipelineSafeModeRule.java:process(130)) - SCM in safe mode. Healthy pipelines reported count is 0, required healthy pipeline reported count is 1
2021-04-24 02:05:44,112 [684cf295-c17c-4893-9e72-2df5b9d8a511@group-573F15CF247B-LeaderElection2] INFO  server.RaftServerConfigKeys (ConfUtils.java:logGet(44)) - raft.server.write.element-limit = 1024 (custom)
2021-04-24 02:05:44,112 [684cf295-c17c-4893-9e72-2df5b9d8a511@group-573F15CF247B-LeaderElection2] INFO  server.RaftServerConfigKeys (ConfUtils.java:logGet(44)) - raft.server.write.byte-limit = 1073741824 (custom)
2021-04-24 02:05:44,113 [684cf295-c17c-4893-9e72-2df5b9d8a511@group-573F15CF247B-LeaderElection2] INFO  server.RaftServerConfigKeys (ConfUtils.java:logGet(44)) - raft.server.watch.timeout = 3000ms (custom)
2021-04-24 02:05:44,113 [684cf295-c17c-4893-9e72-2df5b9d8a511@group-573F15CF247B-LeaderElection2] INFO  server.RaftServerConfigKeys (ConfUtils.java:logGet(44)) - raft.server.watch.timeout.denomination = 1s (default)
2021-04-24 02:05:44,113 [684cf295-c17c-4893-9e72-2df5b9d8a511@group-573F15CF247B-LeaderElection2] INFO  server.RaftServerConfigKeys (ConfUtils.java:logGet(44)) - raft.server.watch.element-limit = 65536 (default)
2021-04-24 02:05:44,113 [684cf295-c17c-4893-9e72-2df5b9d8a511@group-573F15CF247B-LeaderElection2] INFO  impl.RoleInfo (RoleInfo.java:updateAndGet(130)) - 684cf295-c17c-4893-9e72-2df5b9d8a511: start 684cf295-c17c-4893-9e72-2df5b9d8a511@group-573F15CF247B-LeaderStateImpl
2021-04-24 02:05:44,113 [684cf295-c17c-4893-9e72-2df5b9d8a511@group-573F15CF247B-LeaderElection2] INFO  segmented.SegmentedRaftLogWorker (SegmentedRaftLogWorker.java:startLogSegment(394)) - 684cf295-c17c-4893-9e72-2df5b9d8a511@group-573F15CF247B-SegmentedRaftLogWorker: Starting segment from index:0
2021-04-24 02:05:44,116 [684cf295-c17c-4893-9e72-2df5b9d8a511@group-573F15CF247B-SegmentedRaftLogWorker] INFO  segmented.SegmentedRaftLogWorker (SegmentedRaftLogWorker.java:execute(601)) - 684cf295-c17c-4893-9e72-2df5b9d8a511@group-573F15CF247B-SegmentedRaftLogWorker: created new log segment /github/workspace/mnt/ozone/hadoop-ozone/integration-test/target/test-dir/MiniOzoneClusterImpl-6998a6cc-0dbe-4d56-81dc-8335dc1dcef2/datanode-0/data/ratis/2ad49b65-7b87-4dbc-9154-573f15cf247b/current/log_inprogress_0
2021-04-24 02:05:44,123 [684cf295-c17c-4893-9e72-2df5b9d8a511@group-573F15CF247B-LeaderElection2] INFO  server.RaftServer$Division (ServerState.java:setRaftConf(373)) - 684cf295-c17c-4893-9e72-2df5b9d8a511@group-573F15CF247B: set configuration 0: [684cf295-c17c-4893-9e72-2df5b9d8a511|rpc:172.17.0.2:38843|dataStream:|priority:1], old=null
2021-04-24 02:05:44,169 [684cf295-c17c-4893-9e72-2df5b9d8a511@group-D4A461EBA57E-FollowerState] INFO  impl.FollowerState (FollowerState.java:run(134)) - 684cf295-c17c-4893-9e72-2df5b9d8a511@group-D4A461EBA57E-FollowerState: change to CANDIDATE, lastRpcElapsedTime:5073344621ns, electionTimeout:5070ms
2021-04-24 02:05:44,170 [684cf295-c17c-4893-9e72-2df5b9d8a511@group-D4A461EBA57E-FollowerState] INFO  impl.RoleInfo (RoleInfo.java:shutdownFollowerState(108)) - 684cf295-c17c-4893-9e72-2df5b9d8a511: shutdown 684cf295-c17c-4893-9e72-2df5b9d8a511@group-D4A461EBA57E-FollowerState
2021-04-24 02:05:44,170 [684cf295-c17c-4893-9e72-2df5b9d8a511@group-D4A461EBA57E-FollowerState] INFO  server.RaftServer$Division (RaftServerImpl.java:setRole(284)) - 684cf295-c17c-4893-9e72-2df5b9d8a511@group-D4A461EBA57E: changes role from  FOLLOWER to CANDIDATE at term 0 for changeToCandidate
2021-04-24 02:05:44,170 [684cf295-c17c-4893-9e72-2df5b9d8a511@group-D4A461EBA57E-FollowerState] INFO  server.RaftServerConfigKeys (ConfUtils.java:logGet(44)) - raft.server.leaderelection.pre-vote = false (custom)
2021-04-24 02:05:44,170 [684cf295-c17c-4893-9e72-2df5b9d8a511@group-D4A461EBA57E-FollowerState] INFO  impl.RoleInfo (RoleInfo.java:updateAndGet(130)) - 684cf295-c17c-4893-9e72-2df5b9d8a511: start 684cf295-c17c-4893-9e72-2df5b9d8a511@group-D4A461EBA57E-LeaderElection3
2021-04-24 02:05:44,171 [EventQueue-PipelineReportForOneReplicaPipelineSafeModeRule] INFO  safemode.SCMSafeModeManager (SCMSafeModeManager.java:validateSafeModeExitRules(201)) - AtleastOneDatanodeReportedRule rule is successfully validated
2021-04-24 02:05:44,171 [EventQueue-OpenPipelineForHealthyPipelineSafeModeRule] INFO  safemode.SCMSafeModeManager (HealthyPipelineSafeModeRule.java:process(130)) - SCM in safe mode. Healthy pipelines reported count is 0, required healthy pipeline reported count is 1
2021-04-24 02:05:44,175 [684cf295-c17c-4893-9e72-2df5b9d8a511@group-D4A461EBA57E-LeaderElection3] INFO  impl.LeaderElection (LeaderElection.java:askForVotes(306)) - 684cf295-c17c-4893-9e72-2df5b9d8a511@group-D4A461EBA57E-LeaderElection3 ELECTION round 0: submit vote requests at term 1 for -1: [ac07a033-1369-46a0-bf0a-a588a91eea94|rpc:172.17.0.2:33531|priority:1, ca92c278-c157-4e01-bd13-e6ca8f055b98|rpc:172.17.0.2:33657|priority:0, 684cf295-c17c-4893-9e72-2df5b9d8a511|rpc:172.17.0.2:38843|priority:0], old=null
2021-04-24 02:05:44,191 [grpc-default-executor-1] INFO  server.RaftServer$Division (RaftServerImpl.java:requestVote(1042)) - ca92c278-c157-4e01-bd13-e6ca8f055b98@group-D4A461EBA57E: receive requestVote(ELECTION, 684cf295-c17c-4893-9e72-2df5b9d8a511, group-D4A461EBA57E, 1, (t:0, i:0))
2021-04-24 02:05:44,193 [grpc-default-executor-1] INFO  impl.VoteContext (VoteContext.java:log(48)) - ca92c278-c157-4e01-bd13-e6ca8f055b98@group-D4A461EBA57E-FOLLOWER: accept ELECTION from 684cf295-c17c-4893-9e72-2df5b9d8a511: our priority 0 <= candidate's priority 0
2021-04-24 02:05:44,194 [grpc-default-executor-1] INFO  server.RaftServer$Division (RaftServerImpl.java:setRole(284)) - ca92c278-c157-4e01-bd13-e6ca8f055b98@group-D4A461EBA57E: changes role from  FOLLOWER to FOLLOWER at term 1 for candidate:684cf295-c17c-4893-9e72-2df5b9d8a511
2021-04-24 02:05:44,194 [grpc-default-executor-1] INFO  impl.RoleInfo (RoleInfo.java:shutdownFollowerState(108)) - ca92c278-c157-4e01-bd13-e6ca8f055b98: shutdown ca92c278-c157-4e01-bd13-e6ca8f055b98@group-D4A461EBA57E-FollowerState
2021-04-24 02:05:44,194 [grpc-default-executor-1] INFO  impl.RoleInfo (RoleInfo.java:updateAndGet(130)) - ca92c278-c157-4e01-bd13-e6ca8f055b98: start ca92c278-c157-4e01-bd13-e6ca8f055b98@group-D4A461EBA57E-FollowerState
2021-04-24 02:05:44,195 [ca92c278-c157-4e01-bd13-e6ca8f055b98@group-D4A461EBA57E-FollowerState] INFO  impl.FollowerState (FollowerState.java:run(143)) - ca92c278-c157-4e01-bd13-e6ca8f055b98@group-D4A461EBA57E-FollowerState was interrupted: {}
java.lang.InterruptedException: sleep interrupted
	at java.lang.Thread.sleep(Native Method)
	at java.lang.Thread.sleep(Thread.java:340)
	at java.util.concurrent.TimeUnit.sleep(TimeUnit.java:386)
	at org.apache.ratis.util.TimeDuration.sleep(TimeDuration.java:324)
	at org.apache.ratis.util.TimeDuration.sleep(TimeDuration.java:309)
	at org.apache.ratis.server.impl.FollowerState.run(FollowerState.java:118)
2021-04-24 02:05:44,202 [grpc-default-executor-0] INFO  server.RaftServer$Division (RaftServerImpl.java:requestVote(1042)) - ac07a033-1369-46a0-bf0a-a588a91eea94@group-D4A461EBA57E: receive requestVote(ELECTION, 684cf295-c17c-4893-9e72-2df5b9d8a511, group-D4A461EBA57E, 1, (t:0, i:0))
2021-04-24 02:05:44,202 [grpc-default-executor-0] INFO  impl.VoteContext (VoteContext.java:log(48)) - ac07a033-1369-46a0-bf0a-a588a91eea94@group-D4A461EBA57E-FOLLOWER: reject ELECTION from 684cf295-c17c-4893-9e72-2df5b9d8a511: our priority 1 > candidate's priority 0
2021-04-24 02:05:44,203 [grpc-default-executor-0] INFO  server.RaftServer$Division (RaftServerImpl.java:setRole(284)) - ac07a033-1369-46a0-bf0a-a588a91eea94@group-D4A461EBA57E: changes role from  FOLLOWER to FOLLOWER at term 1 for candidate:684cf295-c17c-4893-9e72-2df5b9d8a511
2021-04-24 02:05:44,203 [grpc-default-executor-0] INFO  impl.RoleInfo (RoleInfo.java:shutdownFollowerState(108)) - ac07a033-1369-46a0-bf0a-a588a91eea94: shutdown ac07a033-1369-46a0-bf0a-a588a91eea94@group-D4A461EBA57E-FollowerState
2021-04-24 02:05:44,203 [grpc-default-executor-0] INFO  impl.RoleInfo (RoleInfo.java:updateAndGet(130)) - ac07a033-1369-46a0-bf0a-a588a91eea94: start ac07a033-1369-46a0-bf0a-a588a91eea94@group-D4A461EBA57E-FollowerState
2021-04-24 02:05:44,203 [ac07a033-1369-46a0-bf0a-a588a91eea94@group-D4A461EBA57E-FollowerState] INFO  impl.FollowerState (FollowerState.java:run(143)) - ac07a033-1369-46a0-bf0a-a588a91eea94@group-D4A461EBA57E-FollowerState was interrupted: {}
java.lang.InterruptedException: sleep interrupted
	at java.lang.Thread.sleep(Native Method)
	at java.lang.Thread.sleep(Thread.java:340)
	at java.util.concurrent.TimeUnit.sleep(TimeUnit.java:386)
	at org.apache.ratis.util.TimeDuration.sleep(TimeDuration.java:324)
	at org.apache.ratis.util.TimeDuration.sleep(TimeDuration.java:309)
	at org.apache.ratis.server.impl.FollowerState.run(FollowerState.java:118)
2021-04-24 02:05:44,207 [grpc-default-executor-0] INFO  server.RaftServer$Division (RaftServerImpl.java:requestVote(1074)) - ac07a033-1369-46a0-bf0a-a588a91eea94@group-D4A461EBA57E replies to ELECTION vote request: 684cf295-c17c-4893-9e72-2df5b9d8a511<-ac07a033-1369-46a0-bf0a-a588a91eea94#0:FAIL-t1. Peer's state: ac07a033-1369-46a0-bf0a-a588a91eea94@group-D4A461EBA57E:t1, leader=null, voted=null, raftlog=ac07a033-1369-46a0-bf0a-a588a91eea94@group-D4A461EBA57E-SegmentedRaftLog:OPENED:c-1,f-1,i0, conf=-1: [ac07a033-1369-46a0-bf0a-a588a91eea94|rpc:172.17.0.2:33531|dataStream:|priority:1, ca92c278-c157-4e01-bd13-e6ca8f055b98|rpc:172.17.0.2:33657|dataStream:|priority:0, 684cf295-c17c-4893-9e72-2df5b9d8a511|rpc:172.17.0.2:38843|dataStream:|priority:0], old=null
2021-04-24 02:05:44,207 [grpc-default-executor-1] INFO  server.RaftServer$Division (RaftServerImpl.java:requestVote(1074)) - ca92c278-c157-4e01-bd13-e6ca8f055b98@group-D4A461EBA57E replies to ELECTION vote request: 684cf295-c17c-4893-9e72-2df5b9d8a511<-ca92c278-c157-4e01-bd13-e6ca8f055b98#0:OK-t1. Peer's state: ca92c278-c157-4e01-bd13-e6ca8f055b98@group-D4A461EBA57E:t1, leader=null, voted=684cf295-c17c-4893-9e72-2df5b9d8a511, raftlog=ca92c278-c157-4e01-bd13-e6ca8f055b98@group-D4A461EBA57E-SegmentedRaftLog:OPENED:c-1,f-1,i0, conf=-1: [ac07a033-1369-46a0-bf0a-a588a91eea94|rpc:172.17.0.2:33531|priority:1, ca92c278-c157-4e01-bd13-e6ca8f055b98|rpc:172.17.0.2:33657|priority:0, 684cf295-c17c-4893-9e72-2df5b9d8a511|rpc:172.17.0.2:38843|priority:0], old=null
2021-04-24 02:05:44,210 [684cf295-c17c-4893-9e72-2df5b9d8a511@group-D4A461EBA57E-LeaderElection3] INFO  impl.LeaderElection (LeaderElection.java:logAndReturn(89)) - 684cf295-c17c-4893-9e72-2df5b9d8a511@group-D4A461EBA57E-LeaderElection3: ELECTION REJECTED received 2 response(s) and 0 exception(s):
2021-04-24 02:05:44,211 [684cf295-c17c-4893-9e72-2df5b9d8a511@group-D4A461EBA57E-LeaderElection3] INFO  impl.LeaderElection (LeaderElection.java:logAndReturn(93)) -   Response 0: 684cf295-c17c-4893-9e72-2df5b9d8a511<-ac07a033-1369-46a0-bf0a-a588a91eea94#0:FAIL-t1
2021-04-24 02:05:44,211 [684cf295-c17c-4893-9e72-2df5b9d8a511@group-D4A461EBA57E-LeaderElection3] INFO  impl.LeaderElection (LeaderElection.java:logAndReturn(93)) -   Response 1: 684cf295-c17c-4893-9e72-2df5b9d8a511<-ca92c278-c157-4e01-bd13-e6ca8f055b98#0:OK-t1
2021-04-24 02:05:44,211 [684cf295-c17c-4893-9e72-2df5b9d8a511@group-D4A461EBA57E-LeaderElection3] INFO  impl.LeaderElection (LeaderElection.java:askForVotes(308)) - 684cf295-c17c-4893-9e72-2df5b9d8a511@group-D4A461EBA57E-LeaderElection3 ELECTION round 0: result REJECTED
2021-04-24 02:05:44,211 [684cf295-c17c-4893-9e72-2df5b9d8a511@group-D4A461EBA57E-LeaderElection3] INFO  server.RaftServer$Division (RaftServerImpl.java:setRole(284)) - 684cf295-c17c-4893-9e72-2df5b9d8a511@group-D4A461EBA57E: changes role from CANDIDATE to FOLLOWER at term 1 for REJECTED
2021-04-24 02:05:44,212 [684cf295-c17c-4893-9e72-2df5b9d8a511@group-D4A461EBA57E-LeaderElection3] INFO  impl.RoleInfo (RoleInfo.java:shutdownLeaderElection(121)) - 684cf295-c17c-4893-9e72-2df5b9d8a511: shutdown 684cf295-c17c-4893-9e72-2df5b9d8a511@group-D4A461EBA57E-LeaderElection3
2021-04-24 02:05:44,215 [684cf295-c17c-4893-9e72-2df5b9d8a511@group-D4A461EBA57E-LeaderElection3] INFO  impl.RoleInfo (RoleInfo.java:updateAndGet(130)) - 684cf295-c17c-4893-9e72-2df5b9d8a511: start 684cf295-c17c-4893-9e72-2df5b9d8a511@group-D4A461EBA57E-FollowerState
2021-04-24 02:05:44,364 [EventQueue-PipelineReportForOneReplicaPipelineSafeModeRule] INFO  safemode.SCMSafeModeManager (SCMSafeModeManager.java:validateSafeModeExitRules(201)) - AtleastOneDatanodeReportedRule rule is successfully validated
2021-04-24 02:05:44,365 [EventQueue-OpenPipelineForHealthyPipelineSafeModeRule] INFO  safemode.SCMSafeModeManager (HealthyPipelineSafeModeRule.java:process(130)) - SCM in safe mode. Healthy pipelines reported count is 0, required healthy pipeline reported count is 1
2021-04-24 02:05:44,472 [ca92c278-c157-4e01-bd13-e6ca8f055b98@group-DDA045097A00-FollowerState] INFO  impl.FollowerState (FollowerState.java:run(134)) - ca92c278-c157-4e01-bd13-e6ca8f055b98@group-DDA045097A00-FollowerState: change to CANDIDATE, lastRpcElapsedTime:5042988120ns, electionTimeout:5029ms
2021-04-24 02:05:44,472 [ca92c278-c157-4e01-bd13-e6ca8f055b98@group-DDA045097A00-FollowerState] INFO  impl.RoleInfo (RoleInfo.java:shutdownFollowerState(108)) - ca92c278-c157-4e01-bd13-e6ca8f055b98: shutdown ca92c278-c157-4e01-bd13-e6ca8f055b98@group-DDA045097A00-FollowerState
2021-04-24 02:05:44,473 [ca92c278-c157-4e01-bd13-e6ca8f055b98@group-DDA045097A00-FollowerState] INFO  server.RaftServer$Division (RaftServerImpl.java:setRole(284)) - ca92c278-c157-4e01-bd13-e6ca8f055b98@group-DDA045097A00: changes role from  FOLLOWER to CANDIDATE at term 0 for changeToCandidate
2021-04-24 02:05:44,473 [ca92c278-c157-4e01-bd13-e6ca8f055b98@group-DDA045097A00-FollowerState] INFO  server.RaftServerConfigKeys (ConfUtils.java:logGet(44)) - raft.server.leaderelection.pre-vote = false (custom)
2021-04-24 02:05:44,473 [ca92c278-c157-4e01-bd13-e6ca8f055b98@group-DDA045097A00-FollowerState] INFO  impl.RoleInfo (RoleInfo.java:updateAndGet(130)) - ca92c278-c157-4e01-bd13-e6ca8f055b98: start ca92c278-c157-4e01-bd13-e6ca8f055b98@group-DDA045097A00-LeaderElection4
2021-04-24 02:05:44,478 [ca92c278-c157-4e01-bd13-e6ca8f055b98@group-DDA045097A00-LeaderElection4] INFO  impl.LeaderElection (LeaderElection.java:askForVotes(306)) - ca92c278-c157-4e01-bd13-e6ca8f055b98@group-DDA045097A00-LeaderElection4 ELECTION round 0: submit vote requests at term 1 for -1: [ca92c278-c157-4e01-bd13-e6ca8f055b98|rpc:172.17.0.2:33657|priority:1], old=null
2021-04-24 02:05:44,478 [ca92c278-c157-4e01-bd13-e6ca8f055b98@group-DDA045097A00-LeaderElection4] INFO  impl.LeaderElection (LeaderElection.java:askForVotes(308)) - ca92c278-c157-4e01-bd13-e6ca8f055b98@group-DDA045097A00-LeaderElection4 ELECTION round 0: result PASSED (term=1)
2021-04-24 02:05:44,478 [ca92c278-c157-4e01-bd13-e6ca8f055b98@group-DDA045097A00-LeaderElection4] INFO  impl.RoleInfo (RoleInfo.java:shutdownLeaderElection(121)) - ca92c278-c157-4e01-bd13-e6ca8f055b98: shutdown ca92c278-c157-4e01-bd13-e6ca8f055b98@group-DDA045097A00-LeaderElection4
2021-04-24 02:05:44,478 [ca92c278-c157-4e01-bd13-e6ca8f055b98@group-DDA045097A00-LeaderElection4] INFO  server.RaftServer$Division (RaftServerImpl.java:setRole(284)) - ca92c278-c157-4e01-bd13-e6ca8f055b98@group-DDA045097A00: changes role from CANDIDATE to LEADER at term 1 for changeToLeader
2021-04-24 02:05:44,478 [ca92c278-c157-4e01-bd13-e6ca8f055b98@group-DDA045097A00-LeaderElection4] INFO  ratis.XceiverServerRatis (XceiverServerRatis.java:handleLeaderChangedNotification(906)) - Leader change notification received for group: group-DDA045097A00 with new leaderId: ca92c278-c157-4e01-bd13-e6ca8f055b98
2021-04-24 02:05:44,479 [ca92c278-c157-4e01-bd13-e6ca8f055b98@group-DDA045097A00-LeaderElection4] INFO  server.RaftServer$Division (ServerState.java:setLeader(271)) - ca92c278-c157-4e01-bd13-e6ca8f055b98@group-DDA045097A00: change Leader from null to ca92c278-c157-4e01-bd13-e6ca8f055b98 at term 1 for becomeLeader, leader elected after 5076ms
2021-04-24 02:05:44,479 [ca92c278-c157-4e01-bd13-e6ca8f055b98@group-DDA045097A00-LeaderElection4] INFO  server.RaftServerConfigKeys (ConfUtils.java:logGet(44)) - raft.server.staging.catchup.gap = 1000 (default)
2021-04-24 02:05:44,479 [ca92c278-c157-4e01-bd13-e6ca8f055b98@group-DDA045097A00-LeaderElection4] INFO  metrics.RatisMetrics (RatisMetrics.java:lambda$create$0(36)) - Creating Metrics Registry : ratis.log_appender.ca92c278-c157-4e01-bd13-e6ca8f055b98@group-DDA045097A00
2021-04-24 02:05:44,479 [ca92c278-c157-4e01-bd13-e6ca8f055b98@group-DDA045097A00-LeaderElection4] INFO  server.RaftServerConfigKeys (ConfUtils.java:logGet(44)) - raft.server.write.element-limit = 1024 (custom)
2021-04-24 02:05:44,479 [ca92c278-c157-4e01-bd13-e6ca8f055b98@group-DDA045097A00-LeaderElection4] INFO  server.RaftServerConfigKeys (ConfUtils.java:logGet(44)) - raft.server.write.byte-limit = 1073741824 (custom)
2021-04-24 02:05:44,480 [ca92c278-c157-4e01-bd13-e6ca8f055b98@group-DDA045097A00-LeaderElection4] INFO  server.RaftServerConfigKeys (ConfUtils.java:logGet(44)) - raft.server.watch.timeout = 3000ms (custom)
2021-04-24 02:05:44,480 [EventQueue-PipelineReportForOneReplicaPipelineSafeModeRule] INFO  safemode.SCMSafeModeManager (SCMSafeModeManager.java:validateSafeModeExitRules(201)) - AtleastOneDatanodeReportedRule rule is successfully validated
2021-04-24 02:05:44,480 [ca92c278-c157-4e01-bd13-e6ca8f055b98@group-DDA045097A00-LeaderElection4] INFO  server.RaftServerConfigKeys (ConfUtils.java:logGet(44)) - raft.server.watch.timeout.denomination = 1s (default)
2021-04-24 02:05:44,480 [EventQueue-OpenPipelineForHealthyPipelineSafeModeRule] INFO  safemode.SCMSafeModeManager (HealthyPipelineSafeModeRule.java:process(130)) - SCM in safe mode. Healthy pipelines reported count is 0, required healthy pipeline reported count is 1
2021-04-24 02:05:44,480 [ca92c278-c157-4e01-bd13-e6ca8f055b98@group-DDA045097A00-LeaderElection4] INFO  server.RaftServerConfigKeys (ConfUtils.java:logGet(44)) - raft.server.watch.element-limit = 65536 (default)
2021-04-24 02:05:44,482 [ca92c278-c157-4e01-bd13-e6ca8f055b98@group-DDA045097A00-LeaderElection4] INFO  impl.RoleInfo (RoleInfo.java:updateAndGet(130)) - ca92c278-c157-4e01-bd13-e6ca8f055b98: start ca92c278-c157-4e01-bd13-e6ca8f055b98@group-DDA045097A00-LeaderStateImpl
2021-04-24 02:05:44,482 [ca92c278-c157-4e01-bd13-e6ca8f055b98@group-DDA045097A00-LeaderElection4] INFO  segmented.SegmentedRaftLogWorker (SegmentedRaftLogWorker.java:startLogSegment(394)) - ca92c278-c157-4e01-bd13-e6ca8f055b98@group-DDA045097A00-SegmentedRaftLogWorker: Starting segment from index:0
2021-04-24 02:05:44,484 [ca92c278-c157-4e01-bd13-e6ca8f055b98@group-DDA045097A00-SegmentedRaftLogWorker] INFO  segmented.SegmentedRaftLogWorker (SegmentedRaftLogWorker.java:execute(601)) - ca92c278-c157-4e01-bd13-e6ca8f055b98@group-DDA045097A00-SegmentedRaftLogWorker: created new log segment /github/workspace/mnt/ozone/hadoop-ozone/integration-test/target/test-dir/MiniOzoneClusterImpl-6998a6cc-0dbe-4d56-81dc-8335dc1dcef2/datanode-1/data/ratis/bbb32df3-6a1d-42d4-8a06-dda045097a00/current/log_inprogress_0
2021-04-24 02:05:44,484 [ca92c278-c157-4e01-bd13-e6ca8f055b98@group-DDA045097A00-LeaderElection4] INFO  server.RaftServer$Division (ServerState.java:setRaftConf(373)) - ca92c278-c157-4e01-bd13-e6ca8f055b98@group-DDA045097A00: set configuration 0: [ca92c278-c157-4e01-bd13-e6ca8f055b98|rpc:172.17.0.2:33657|dataStream:|priority:1], old=null
2021-04-24 02:05:44,572 [Listener at 127.0.0.1/41437] INFO  ozone.MiniOzoneClusterImpl (MiniOzoneClusterImpl.java:lambda$waitForClusterToBeReady$0(223)) - Nodes are ready. Got 7 of 7 DN Heartbeats.
2021-04-24 02:05:44,572 [Listener at 127.0.0.1/41437] INFO  ozone.MiniOzoneClusterImpl (MiniOzoneClusterImpl.java:lambda$waitForClusterToBeReady$0(226)) - Waiting for cluster to exit safe mode
2021-04-24 02:05:44,572 [Listener at 127.0.0.1/41437] INFO  ozone.MiniOzoneClusterImpl (MiniOzoneClusterImpl.java:lambda$waitForClusterToBeReady$0(229)) - SCM became leader
2021-04-24 02:05:44,587 [EventQueue-PipelineReportForOneReplicaPipelineSafeModeRule] INFO  safemode.SCMSafeModeManager (SCMSafeModeManager.java:validateSafeModeExitRules(201)) - AtleastOneDatanodeReportedRule rule is successfully validated
2021-04-24 02:05:44,587 [EventQueue-OpenPipelineForHealthyPipelineSafeModeRule] INFO  safemode.SCMSafeModeManager (HealthyPipelineSafeModeRule.java:process(130)) - SCM in safe mode. Healthy pipelines reported count is 0, required healthy pipeline reported count is 1
2021-04-24 02:05:44,761 [EventQueue-OpenPipelineForHealthyPipelineSafeModeRule] INFO  safemode.SCMSafeModeManager (HealthyPipelineSafeModeRule.java:process(130)) - SCM in safe mode. Healthy pipelines reported count is 0, required healthy pipeline reported count is 1
2021-04-24 02:05:44,761 [EventQueue-PipelineReportForOneReplicaPipelineSafeModeRule] INFO  safemode.SCMSafeModeManager (SCMSafeModeManager.java:validateSafeModeExitRules(201)) - AtleastOneDatanodeReportedRule rule is successfully validated
2021-04-24 02:05:44,781 [ac07a033-1369-46a0-bf0a-a588a91eea94@group-318EF334BFD0-FollowerState] INFO  impl.FollowerState (FollowerState.java:run(134)) - ac07a033-1369-46a0-bf0a-a588a91eea94@group-318EF334BFD0-FollowerState: change to CANDIDATE, lastRpcElapsedTime:5059961692ns, electionTimeout:5039ms
2021-04-24 02:05:44,781 [ac07a033-1369-46a0-bf0a-a588a91eea94@group-318EF334BFD0-FollowerState] INFO  impl.RoleInfo (RoleInfo.java:shutdownFollowerState(108)) - ac07a033-1369-46a0-bf0a-a588a91eea94: shutdown ac07a033-1369-46a0-bf0a-a588a91eea94@group-318EF334BFD0-FollowerState
2021-04-24 02:05:44,781 [ac07a033-1369-46a0-bf0a-a588a91eea94@group-318EF334BFD0-FollowerState] INFO  server.RaftServer$Division (RaftServerImpl.java:setRole(284)) - ac07a033-1369-46a0-bf0a-a588a91eea94@group-318EF334BFD0: changes role from  FOLLOWER to CANDIDATE at term 0 for changeToCandidate
2021-04-24 02:05:44,781 [ac07a033-1369-46a0-bf0a-a588a91eea94@group-318EF334BFD0-FollowerState] INFO  server.RaftServerConfigKeys (ConfUtils.java:logGet(44)) - raft.server.leaderelection.pre-vote = false (custom)
2021-04-24 02:05:44,781 [ac07a033-1369-46a0-bf0a-a588a91eea94@group-318EF334BFD0-FollowerState] INFO  impl.RoleInfo (RoleInfo.java:updateAndGet(130)) - ac07a033-1369-46a0-bf0a-a588a91eea94: start ac07a033-1369-46a0-bf0a-a588a91eea94@group-318EF334BFD0-LeaderElection5
2021-04-24 02:05:44,785 [ac07a033-1369-46a0-bf0a-a588a91eea94@group-318EF334BFD0-LeaderElection5] INFO  impl.LeaderElection (LeaderElection.java:askForVotes(306)) - ac07a033-1369-46a0-bf0a-a588a91eea94@group-318EF334BFD0-LeaderElection5 ELECTION round 0: submit vote requests at term 1 for -1: [ac07a033-1369-46a0-bf0a-a588a91eea94|rpc:172.17.0.2:33531|priority:1], old=null
2021-04-24 02:05:44,785 [ac07a033-1369-46a0-bf0a-a588a91eea94@group-318EF334BFD0-LeaderElection5] INFO  impl.LeaderElection (LeaderElection.java:askForVotes(308)) - ac07a033-1369-46a0-bf0a-a588a91eea94@group-318EF334BFD0-LeaderElection5 ELECTION round 0: result PASSED (term=1)
2021-04-24 02:05:44,785 [ac07a033-1369-46a0-bf0a-a588a91eea94@group-318EF334BFD0-LeaderElection5] INFO  impl.RoleInfo (RoleInfo.java:shutdownLeaderElection(121)) - ac07a033-1369-46a0-bf0a-a588a91eea94: shutdown ac07a033-1369-46a0-bf0a-a588a91eea94@group-318EF334BFD0-LeaderElection5
2021-04-24 02:05:44,785 [ac07a033-1369-46a0-bf0a-a588a91eea94@group-318EF334BFD0-LeaderElection5] INFO  server.RaftServer$Division (RaftServerImpl.java:setRole(284)) - ac07a033-1369-46a0-bf0a-a588a91eea94@group-318EF334BFD0: changes role from CANDIDATE to LEADER at term 1 for changeToLeader
2021-04-24 02:05:44,785 [ac07a033-1369-46a0-bf0a-a588a91eea94@group-318EF334BFD0-LeaderElection5] INFO  ratis.XceiverServerRatis (XceiverServerRatis.java:handleLeaderChangedNotification(906)) - Leader change notification received for group: group-318EF334BFD0 with new leaderId: ac07a033-1369-46a0-bf0a-a588a91eea94
2021-04-24 02:05:44,787 [ac07a033-1369-46a0-bf0a-a588a91eea94@group-318EF334BFD0-LeaderElection5] INFO  server.RaftServer$Division (ServerState.java:setLeader(271)) - ac07a033-1369-46a0-bf0a-a588a91eea94@group-318EF334BFD0: change Leader from null to ac07a033-1369-46a0-bf0a-a588a91eea94 at term 1 for becomeLeader, leader elected after 5096ms
2021-04-24 02:05:44,787 [ac07a033-1369-46a0-bf0a-a588a91eea94@group-318EF334BFD0-LeaderElection5] INFO  server.RaftServerConfigKeys (ConfUtils.java:logGet(44)) - raft.server.staging.catchup.gap = 1000 (default)
2021-04-24 02:05:44,787 [EventQueue-PipelineReportForOneReplicaPipelineSafeModeRule] INFO  safemode.SCMSafeModeManager (SCMSafeModeManager.java:validateSafeModeExitRules(201)) - AtleastOneDatanodeReportedRule rule is successfully validated
2021-04-24 02:05:44,787 [EventQueue-OpenPipelineForHealthyPipelineSafeModeRule] INFO  safemode.SCMSafeModeManager (HealthyPipelineSafeModeRule.java:process(130)) - SCM in safe mode. Healthy pipelines reported count is 0, required healthy pipeline reported count is 1
2021-04-24 02:05:44,788 [ac07a033-1369-46a0-bf0a-a588a91eea94@group-318EF334BFD0-LeaderElection5] INFO  metrics.RatisMetrics (RatisMetrics.java:lambda$create$0(36)) - Creating Metrics Registry : ratis.log_appender.ac07a033-1369-46a0-bf0a-a588a91eea94@group-318EF334BFD0
2021-04-24 02:05:44,788 [ac07a033-1369-46a0-bf0a-a588a91eea94@group-318EF334BFD0-LeaderElection5] INFO  server.RaftServerConfigKeys (ConfUtils.java:logGet(44)) - raft.server.write.element-limit = 1024 (custom)
2021-04-24 02:05:44,789 [ac07a033-1369-46a0-bf0a-a588a91eea94@group-318EF334BFD0-LeaderElection5] INFO  server.RaftServerConfigKeys (ConfUtils.java:logGet(44)) - raft.server.write.byte-limit = 1073741824 (custom)
2021-04-24 02:05:44,789 [ac07a033-1369-46a0-bf0a-a588a91eea94@group-318EF334BFD0-LeaderElection5] INFO  server.RaftServerConfigKeys (ConfUtils.java:logGet(44)) - raft.server.watch.timeout = 3000ms (custom)
2021-04-24 02:05:44,789 [ac07a033-1369-46a0-bf0a-a588a91eea94@group-318EF334BFD0-LeaderElection5] INFO  server.RaftServerConfigKeys (ConfUtils.java:logGet(44)) - raft.server.watch.timeout.denomination = 1s (default)
2021-04-24 02:05:44,789 [ac07a033-1369-46a0-bf0a-a588a91eea94@group-318EF334BFD0-LeaderElection5] INFO  server.RaftServerConfigKeys (ConfUtils.java:logGet(44)) - raft.server.watch.element-limit = 65536 (default)
2021-04-24 02:05:44,789 [ac07a033-1369-46a0-bf0a-a588a91eea94@group-318EF334BFD0-LeaderElection5] INFO  impl.RoleInfo (RoleInfo.java:updateAndGet(130)) - ac07a033-1369-46a0-bf0a-a588a91eea94: start ac07a033-1369-46a0-bf0a-a588a91eea94@group-318EF334BFD0-LeaderStateImpl
2021-04-24 02:05:44,790 [ac07a033-1369-46a0-bf0a-a588a91eea94@group-318EF334BFD0-LeaderElection5] INFO  segmented.SegmentedRaftLogWorker (SegmentedRaftLogWorker.java:startLogSegment(394)) - ac07a033-1369-46a0-bf0a-a588a91eea94@group-318EF334BFD0-SegmentedRaftLogWorker: Starting segment from index:0
2021-04-24 02:05:44,791 [ac07a033-1369-46a0-bf0a-a588a91eea94@group-318EF334BFD0-SegmentedRaftLogWorker] INFO  segmented.SegmentedRaftLogWorker (SegmentedRaftLogWorker.java:execute(601)) - ac07a033-1369-46a0-bf0a-a588a91eea94@group-318EF334BFD0-SegmentedRaftLogWorker: created new log segment /github/workspace/mnt/ozone/hadoop-ozone/integration-test/target/test-dir/MiniOzoneClusterImpl-6998a6cc-0dbe-4d56-81dc-8335dc1dcef2/datanode-2/data/ratis/5b5251c5-61bd-4aca-85de-318ef334bfd0/current/log_inprogress_0
2021-04-24 02:05:44,799 [ac07a033-1369-46a0-bf0a-a588a91eea94@group-318EF334BFD0-LeaderElection5] INFO  server.RaftServer$Division (ServerState.java:setRaftConf(373)) - ac07a033-1369-46a0-bf0a-a588a91eea94@group-318EF334BFD0: set configuration 0: [ac07a033-1369-46a0-bf0a-a588a91eea94|rpc:172.17.0.2:33531|dataStream:|priority:1], old=null
2021-04-24 02:05:44,857 [ca92c278-c157-4e01-bd13-e6ca8f055b98@group-3EC95D05B866-FollowerState] INFO  impl.FollowerState (FollowerState.java:run(134)) - ca92c278-c157-4e01-bd13-e6ca8f055b98@group-3EC95D05B866-FollowerState: change to CANDIDATE, lastRpcElapsedTime:5116036711ns, electionTimeout:5115ms
2021-04-24 02:05:44,857 [ca92c278-c157-4e01-bd13-e6ca8f055b98@group-3EC95D05B866-FollowerState] INFO  impl.RoleInfo (RoleInfo.java:shutdownFollowerState(108)) - ca92c278-c157-4e01-bd13-e6ca8f055b98: shutdown ca92c278-c157-4e01-bd13-e6ca8f055b98@group-3EC95D05B866-FollowerState
2021-04-24 02:05:44,857 [ca92c278-c157-4e01-bd13-e6ca8f055b98@group-3EC95D05B866-FollowerState] INFO  server.RaftServer$Division (RaftServerImpl.java:setRole(284)) - ca92c278-c157-4e01-bd13-e6ca8f055b98@group-3EC95D05B866: changes role from  FOLLOWER to CANDIDATE at term 0 for changeToCandidate
2021-04-24 02:05:44,857 [ca92c278-c157-4e01-bd13-e6ca8f055b98@group-3EC95D05B866-FollowerState] INFO  server.RaftServerConfigKeys (ConfUtils.java:logGet(44)) - raft.server.leaderelection.pre-vote = false (custom)
2021-04-24 02:05:44,857 [ca92c278-c157-4e01-bd13-e6ca8f055b98@group-3EC95D05B866-FollowerState] INFO  impl.RoleInfo (RoleInfo.java:updateAndGet(130)) - ca92c278-c157-4e01-bd13-e6ca8f055b98: start ca92c278-c157-4e01-bd13-e6ca8f055b98@group-3EC95D05B866-LeaderElection6
2021-04-24 02:05:44,867 [ca92c278-c157-4e01-bd13-e6ca8f055b98@group-3EC95D05B866-LeaderElection6] INFO  impl.LeaderElection (LeaderElection.java:askForVotes(306)) - ca92c278-c157-4e01-bd13-e6ca8f055b98@group-3EC95D05B866-LeaderElection6 ELECTION round 0: submit vote requests at term 1 for -1: [ac07a033-1369-46a0-bf0a-a588a91eea94|rpc:172.17.0.2:33531|priority:0, ca92c278-c157-4e01-bd13-e6ca8f055b98|rpc:172.17.0.2:33657|priority:0, 684cf295-c17c-4893-9e72-2df5b9d8a511|rpc:172.17.0.2:38843|priority:1], old=null
2021-04-24 02:05:44,876 [grpc-default-executor-0] INFO  server.RaftServer$Division (RaftServerImpl.java:requestVote(1042)) - ac07a033-1369-46a0-bf0a-a588a91eea94@group-3EC95D05B866: receive requestVote(ELECTION, ca92c278-c157-4e01-bd13-e6ca8f055b98, group-3EC95D05B866, 1, (t:0, i:0))
2021-04-24 02:05:44,876 [grpc-default-executor-0] INFO  impl.VoteContext (VoteContext.java:log(48)) - ac07a033-1369-46a0-bf0a-a588a91eea94@group-3EC95D05B866-FOLLOWER: accept ELECTION from ca92c278-c157-4e01-bd13-e6ca8f055b98: our priority 0 <= candidate's priority 0
2021-04-24 02:05:44,876 [grpc-default-executor-0] INFO  server.RaftServer$Division (RaftServerImpl.java:setRole(284)) - ac07a033-1369-46a0-bf0a-a588a91eea94@group-3EC95D05B866: changes role from  FOLLOWER to FOLLOWER at term 1 for candidate:ca92c278-c157-4e01-bd13-e6ca8f055b98
2021-04-24 02:05:44,876 [grpc-default-executor-0] INFO  impl.RoleInfo (RoleInfo.java:shutdownFollowerState(108)) - ac07a033-1369-46a0-bf0a-a588a91eea94: shutdown ac07a033-1369-46a0-bf0a-a588a91eea94@group-3EC95D05B866-FollowerState
2021-04-24 02:05:44,876 [grpc-default-executor-0] INFO  impl.RoleInfo (RoleInfo.java:updateAndGet(130)) - ac07a033-1369-46a0-bf0a-a588a91eea94: start ac07a033-1369-46a0-bf0a-a588a91eea94@group-3EC95D05B866-FollowerState
2021-04-24 02:05:44,877 [ac07a033-1369-46a0-bf0a-a588a91eea94@group-3EC95D05B866-FollowerState] INFO  impl.FollowerState (FollowerState.java:run(143)) - ac07a033-1369-46a0-bf0a-a588a91eea94@group-3EC95D05B866-FollowerState was interrupted: {}
java.lang.InterruptedException: sleep interrupted
	at java.lang.Thread.sleep(Native Method)
	at java.lang.Thread.sleep(Thread.java:340)
	at java.util.concurrent.TimeUnit.sleep(TimeUnit.java:386)
	at org.apache.ratis.util.TimeDuration.sleep(TimeDuration.java:324)
	at org.apache.ratis.util.TimeDuration.sleep(TimeDuration.java:309)
	at org.apache.ratis.server.impl.FollowerState.run(FollowerState.java:118)
2021-04-24 02:05:44,883 [684cf295-c17c-4893-9e72-2df5b9d8a511@group-3EC95D05B866-FollowerState] INFO  impl.FollowerState (FollowerState.java:run(134)) - 684cf295-c17c-4893-9e72-2df5b9d8a511@group-3EC95D05B866-FollowerState: change to CANDIDATE, lastRpcElapsedTime:5200676059ns, electionTimeout:5183ms
2021-04-24 02:05:44,885 [684cf295-c17c-4893-9e72-2df5b9d8a511@group-3EC95D05B866-FollowerState] INFO  impl.RoleInfo (RoleInfo.java:shutdownFollowerState(108)) - 684cf295-c17c-4893-9e72-2df5b9d8a511: shutdown 684cf295-c17c-4893-9e72-2df5b9d8a511@group-3EC95D05B866-FollowerState
2021-04-24 02:05:44,885 [684cf295-c17c-4893-9e72-2df5b9d8a511@group-3EC95D05B866-FollowerState] INFO  server.RaftServer$Division (RaftServerImpl.java:setRole(284)) - 684cf295-c17c-4893-9e72-2df5b9d8a511@group-3EC95D05B866: changes role from  FOLLOWER to CANDIDATE at term 0 for changeToCandidate
2021-04-24 02:05:44,885 [684cf295-c17c-4893-9e72-2df5b9d8a511@group-3EC95D05B866-FollowerState] INFO  server.RaftServerConfigKeys (ConfUtils.java:logGet(44)) - raft.server.leaderelection.pre-vote = false (custom)
2021-04-24 02:05:44,885 [684cf295-c17c-4893-9e72-2df5b9d8a511@group-3EC95D05B866-FollowerState] INFO  impl.RoleInfo (RoleInfo.java:updateAndGet(130)) - 684cf295-c17c-4893-9e72-2df5b9d8a511: start 684cf295-c17c-4893-9e72-2df5b9d8a511@group-3EC95D05B866-LeaderElection7
2021-04-24 02:05:44,884 [grpc-default-executor-0] INFO  server.RaftServer$Division (RaftServerImpl.java:requestVote(1074)) - ac07a033-1369-46a0-bf0a-a588a91eea94@group-3EC95D05B866 replies to ELECTION vote request: ca92c278-c157-4e01-bd13-e6ca8f055b98<-ac07a033-1369-46a0-bf0a-a588a91eea94#0:OK-t1. Peer's state: ac07a033-1369-46a0-bf0a-a588a91eea94@group-3EC95D05B866:t1, leader=null, voted=ca92c278-c157-4e01-bd13-e6ca8f055b98, raftlog=ac07a033-1369-46a0-bf0a-a588a91eea94@group-3EC95D05B866-SegmentedRaftLog:OPENED:c-1,f-1,i0, conf=-1: [ac07a033-1369-46a0-bf0a-a588a91eea94|rpc:172.17.0.2:33531|priority:0, ca92c278-c157-4e01-bd13-e6ca8f055b98|rpc:172.17.0.2:33657|priority:0, 684cf295-c17c-4893-9e72-2df5b9d8a511|rpc:172.17.0.2:38843|priority:1], old=null
2021-04-24 02:05:44,888 [grpc-default-executor-1] INFO  server.RaftServer$Division (RaftServerImpl.java:requestVote(1042)) - 684cf295-c17c-4893-9e72-2df5b9d8a511@group-3EC95D05B866: receive requestVote(ELECTION, ca92c278-c157-4e01-bd13-e6ca8f055b98, group-3EC95D05B866, 1, (t:0, i:0))
2021-04-24 02:05:44,889 [grpc-default-executor-1] INFO  impl.VoteContext (VoteContext.java:log(48)) - 684cf295-c17c-4893-9e72-2df5b9d8a511@group-3EC95D05B866-CANDIDATE: reject ELECTION from ca92c278-c157-4e01-bd13-e6ca8f055b98: our priority 1 > candidate's priority 0
2021-04-24 02:05:44,889 [grpc-default-executor-1] INFO  server.RaftServer$Division (RaftServerImpl.java:setRole(284)) - 684cf295-c17c-4893-9e72-2df5b9d8a511@group-3EC95D05B866: changes role from CANDIDATE to FOLLOWER at term 1 for candidate:ca92c278-c157-4e01-bd13-e6ca8f055b98
2021-04-24 02:05:44,889 [grpc-default-executor-1] INFO  impl.RoleInfo (RoleInfo.java:shutdownLeaderElection(121)) - 684cf295-c17c-4893-9e72-2df5b9d8a511: shutdown 684cf295-c17c-4893-9e72-2df5b9d8a511@group-3EC95D05B866-LeaderElection7
2021-04-24 02:05:44,889 [grpc-default-executor-1] INFO  impl.RoleInfo (RoleInfo.java:updateAndGet(130)) - 684cf295-c17c-4893-9e72-2df5b9d8a511: start 684cf295-c17c-4893-9e72-2df5b9d8a511@group-3EC95D05B866-FollowerState
2021-04-24 02:05:44,890 [grpc-default-executor-1] INFO  server.RaftServer$Division (RaftServerImpl.java:requestVote(1074)) - 684cf295-c17c-4893-9e72-2df5b9d8a511@group-3EC95D05B866 replies to ELECTION vote request: ca92c278-c157-4e01-bd13-e6ca8f055b98<-684cf295-c17c-4893-9e72-2df5b9d8a511#0:FAIL-t1. Peer's state: 684cf295-c17c-4893-9e72-2df5b9d8a511@group-3EC95D05B866:t1, leader=null, voted=null, raftlog=684cf295-c17c-4893-9e72-2df5b9d8a511@group-3EC95D05B866-SegmentedRaftLog:OPENED:c-1,f-1,i0, conf=-1: [ac07a033-1369-46a0-bf0a-a588a91eea94|rpc:172.17.0.2:33531|priority:0, ca92c278-c157-4e01-bd13-e6ca8f055b98|rpc:172.17.0.2:33657|priority:0, 684cf295-c17c-4893-9e72-2df5b9d8a511|rpc:172.17.0.2:38843|priority:1], old=null
2021-04-24 02:05:44,893 [ca92c278-c157-4e01-bd13-e6ca8f055b98@group-3EC95D05B866-LeaderElection6] INFO  impl.LeaderElection (LeaderElection.java:logAndReturn(89)) - ca92c278-c157-4e01-bd13-e6ca8f055b98@group-3EC95D05B866-LeaderElection6: ELECTION REJECTED received 2 response(s) and 0 exception(s):
2021-04-24 02:05:44,894 [ca92c278-c157-4e01-bd13-e6ca8f055b98@group-3EC95D05B866-LeaderElection6] INFO  impl.LeaderElection (LeaderElection.java:logAndReturn(93)) -   Response 0: ca92c278-c157-4e01-bd13-e6ca8f055b98<-ac07a033-1369-46a0-bf0a-a588a91eea94#0:OK-t1
2021-04-24 02:05:44,894 [ca92c278-c157-4e01-bd13-e6ca8f055b98@group-3EC95D05B866-LeaderElection6] INFO  impl.LeaderElection (LeaderElection.java:logAndReturn(93)) -   Response 1: ca92c278-c157-4e01-bd13-e6ca8f055b98<-684cf295-c17c-4893-9e72-2df5b9d8a511#0:FAIL-t1
2021-04-24 02:05:44,894 [ca92c278-c157-4e01-bd13-e6ca8f055b98@group-3EC95D05B866-LeaderElection6] INFO  impl.LeaderElection (LeaderElection.java:askForVotes(308)) - ca92c278-c157-4e01-bd13-e6ca8f055b98@group-3EC95D05B866-LeaderElection6 ELECTION round 0: result REJECTED
2021-04-24 02:05:44,894 [ca92c278-c157-4e01-bd13-e6ca8f055b98@group-3EC95D05B866-LeaderElection6] INFO  server.RaftServer$Division (RaftServerImpl.java:setRole(284)) - ca92c278-c157-4e01-bd13-e6ca8f055b98@group-3EC95D05B866: changes role from CANDIDATE to FOLLOWER at term 1 for REJECTED
2021-04-24 02:05:44,894 [ca92c278-c157-4e01-bd13-e6ca8f055b98@group-3EC95D05B866-LeaderElection6] INFO  impl.RoleInfo (RoleInfo.java:shutdownLeaderElection(121)) - ca92c278-c157-4e01-bd13-e6ca8f055b98: shutdown ca92c278-c157-4e01-bd13-e6ca8f055b98@group-3EC95D05B866-LeaderElection6
2021-04-24 02:05:44,894 [ca92c278-c157-4e01-bd13-e6ca8f055b98@group-3EC95D05B866-LeaderElection6] INFO  impl.RoleInfo (RoleInfo.java:updateAndGet(130)) - ca92c278-c157-4e01-bd13-e6ca8f055b98: start ca92c278-c157-4e01-bd13-e6ca8f055b98@group-3EC95D05B866-FollowerState
2021-04-24 02:05:45,053 [e13d3dfe-a7aa-4e77-932b-4a03cf9a588d@group-63CE5ECE61CE-FollowerState] INFO  impl.FollowerState (FollowerState.java:run(134)) - e13d3dfe-a7aa-4e77-932b-4a03cf9a588d@group-63CE5ECE61CE-FollowerState: change to CANDIDATE, lastRpcElapsedTime:5028043129ns, electionTimeout:5025ms
2021-04-24 02:05:45,055 [e13d3dfe-a7aa-4e77-932b-4a03cf9a588d@group-63CE5ECE61CE-FollowerState] INFO  impl.RoleInfo (RoleInfo.java:shutdownFollowerState(108)) - e13d3dfe-a7aa-4e77-932b-4a03cf9a588d: shutdown e13d3dfe-a7aa-4e77-932b-4a03cf9a588d@group-63CE5ECE61CE-FollowerState
2021-04-24 02:05:45,055 [e13d3dfe-a7aa-4e77-932b-4a03cf9a588d@group-63CE5ECE61CE-FollowerState] INFO  server.RaftServer$Division (RaftServerImpl.java:setRole(284)) - e13d3dfe-a7aa-4e77-932b-4a03cf9a588d@group-63CE5ECE61CE: changes role from  FOLLOWER to CANDIDATE at term 0 for changeToCandidate
2021-04-24 02:05:45,056 [e13d3dfe-a7aa-4e77-932b-4a03cf9a588d@group-63CE5ECE61CE-FollowerState] INFO  server.RaftServerConfigKeys (ConfUtils.java:logGet(44)) - raft.server.leaderelection.pre-vote = false (custom)
2021-04-24 02:05:45,056 [e13d3dfe-a7aa-4e77-932b-4a03cf9a588d@group-63CE5ECE61CE-FollowerState] INFO  impl.RoleInfo (RoleInfo.java:updateAndGet(130)) - e13d3dfe-a7aa-4e77-932b-4a03cf9a588d: start e13d3dfe-a7aa-4e77-932b-4a03cf9a588d@group-63CE5ECE61CE-LeaderElection8
2021-04-24 02:05:45,069 [e13d3dfe-a7aa-4e77-932b-4a03cf9a588d@group-63CE5ECE61CE-LeaderElection8] INFO  impl.LeaderElection (LeaderElection.java:askForVotes(306)) - e13d3dfe-a7aa-4e77-932b-4a03cf9a588d@group-63CE5ECE61CE-LeaderElection8 ELECTION round 0: submit vote requests at term 1 for -1: [686a54b3-507b-4dc5-8065-04c582627b70|rpc:172.17.0.2:37165|dataStream:|priority:0, e13d3dfe-a7aa-4e77-932b-4a03cf9a588d|rpc:172.17.0.2:43115|dataStream:|priority:1, 506e7d51-44ea-40e0-a2b0-e730f7a28201|rpc:172.17.0.2:37821|dataStream:|priority:0], old=null
2021-04-24 02:05:45,079 [EventQueue-PipelineReportForOneReplicaPipelineSafeModeRule] INFO  safemode.SCMSafeModeManager (SCMSafeModeManager.java:validateSafeModeExitRules(201)) - AtleastOneDatanodeReportedRule rule is successfully validated
2021-04-24 02:05:45,080 [EventQueue-OpenPipelineForHealthyPipelineSafeModeRule] INFO  safemode.SCMSafeModeManager (HealthyPipelineSafeModeRule.java:process(130)) - SCM in safe mode. Healthy pipelines reported count is 0, required healthy pipeline reported count is 1
2021-04-24 02:05:45,085 [grpc-default-executor-0] INFO  metrics.RatisMetrics (RatisMetrics.java:lambda$create$0(36)) - Creating Metrics Registry : ratis.server_message_metrics.506e7d51-44ea-40e0-a2b0-e730f7a28201
2021-04-24 02:05:45,089 [grpc-default-executor-0] INFO  server.RaftServer$Division (RaftServerImpl.java:requestVote(1042)) - 506e7d51-44ea-40e0-a2b0-e730f7a28201@group-63CE5ECE61CE: receive requestVote(ELECTION, e13d3dfe-a7aa-4e77-932b-4a03cf9a588d, group-63CE5ECE61CE, 1, (t:0, i:0))
2021-04-24 02:05:45,089 [grpc-default-executor-0] INFO  impl.VoteContext (VoteContext.java:log(48)) - 506e7d51-44ea-40e0-a2b0-e730f7a28201@group-63CE5ECE61CE-FOLLOWER: accept ELECTION from e13d3dfe-a7aa-4e77-932b-4a03cf9a588d: our priority 0 <= candidate's priority 1
2021-04-24 02:05:45,089 [grpc-default-executor-0] INFO  server.RaftServer$Division (RaftServerImpl.java:setRole(284)) - 506e7d51-44ea-40e0-a2b0-e730f7a28201@group-63CE5ECE61CE: changes role from  FOLLOWER to FOLLOWER at term 1 for candidate:e13d3dfe-a7aa-4e77-932b-4a03cf9a588d
2021-04-24 02:05:45,089 [grpc-default-executor-0] INFO  impl.RoleInfo (RoleInfo.java:shutdownFollowerState(108)) - 506e7d51-44ea-40e0-a2b0-e730f7a28201: shutdown 506e7d51-44ea-40e0-a2b0-e730f7a28201@group-63CE5ECE61CE-FollowerState
2021-04-24 02:05:45,089 [grpc-default-executor-0] INFO  impl.RoleInfo (RoleInfo.java:updateAndGet(130)) - 506e7d51-44ea-40e0-a2b0-e730f7a28201: start 506e7d51-44ea-40e0-a2b0-e730f7a28201@group-63CE5ECE61CE-FollowerState
2021-04-24 02:05:45,089 [506e7d51-44ea-40e0-a2b0-e730f7a28201@group-63CE5ECE61CE-FollowerState] INFO  impl.FollowerState (FollowerState.java:run(143)) - 506e7d51-44ea-40e0-a2b0-e730f7a28201@group-63CE5ECE61CE-FollowerState was interrupted: {}
java.lang.InterruptedException: sleep interrupted
	at java.lang.Thread.sleep(Native Method)
	at java.lang.Thread.sleep(Thread.java:340)
	at java.util.concurrent.TimeUnit.sleep(TimeUnit.java:386)
	at org.apache.ratis.util.TimeDuration.sleep(TimeDuration.java:324)
	at org.apache.ratis.util.TimeDuration.sleep(TimeDuration.java:309)
	at org.apache.ratis.server.impl.FollowerState.run(FollowerState.java:118)
2021-04-24 02:05:45,090 [grpc-default-executor-1] INFO  server.RaftServer$Division (RaftServerImpl.java:requestVote(1042)) - 686a54b3-507b-4dc5-8065-04c582627b70@group-63CE5ECE61CE: receive requestVote(ELECTION, e13d3dfe-a7aa-4e77-932b-4a03cf9a588d, group-63CE5ECE61CE, 1, (t:0, i:0))
2021-04-24 02:05:45,090 [grpc-default-executor-1] INFO  impl.VoteContext (VoteContext.java:log(48)) - 686a54b3-507b-4dc5-8065-04c582627b70@group-63CE5ECE61CE-FOLLOWER: accept ELECTION from e13d3dfe-a7aa-4e77-932b-4a03cf9a588d: our priority 0 <= candidate's priority 1
2021-04-24 02:05:45,090 [grpc-default-executor-1] INFO  server.RaftServer$Division (RaftServerImpl.java:setRole(284)) - 686a54b3-507b-4dc5-8065-04c582627b70@group-63CE5ECE61CE: changes role from  FOLLOWER to FOLLOWER at term 1 for candidate:e13d3dfe-a7aa-4e77-932b-4a03cf9a588d
2021-04-24 02:05:45,090 [grpc-default-executor-1] INFO  impl.RoleInfo (RoleInfo.java:shutdownFollowerState(108)) - 686a54b3-507b-4dc5-8065-04c582627b70: shutdown 686a54b3-507b-4dc5-8065-04c582627b70@group-63CE5ECE61CE-FollowerState
2021-04-24 02:05:45,096 [grpc-default-executor-1] INFO  impl.RoleInfo (RoleInfo.java:updateAndGet(130)) - 686a54b3-507b-4dc5-8065-04c582627b70: start 686a54b3-507b-4dc5-8065-04c582627b70@group-63CE5ECE61CE-FollowerState
2021-04-24 02:05:45,097 [686a54b3-507b-4dc5-8065-04c582627b70@group-63CE5ECE61CE-FollowerState] INFO  impl.FollowerState (FollowerState.java:run(143)) - 686a54b3-507b-4dc5-8065-04c582627b70@group-63CE5ECE61CE-FollowerState was interrupted: {}
java.lang.InterruptedException: sleep interrupted
	at java.lang.Thread.sleep(Native Method)
	at java.lang.Thread.sleep(Thread.java:340)
	at java.util.concurrent.TimeUnit.sleep(TimeUnit.java:386)
	at org.apache.ratis.util.TimeDuration.sleep(TimeDuration.java:324)
	at org.apache.ratis.util.TimeDuration.sleep(TimeDuration.java:309)
	at org.apache.ratis.server.impl.FollowerState.run(FollowerState.java:118)
2021-04-24 02:05:45,098 [grpc-default-executor-0] INFO  server.RaftServer$Division (RaftServerImpl.java:requestVote(1074)) - 506e7d51-44ea-40e0-a2b0-e730f7a28201@group-63CE5ECE61CE replies to ELECTION vote request: e13d3dfe-a7aa-4e77-932b-4a03cf9a588d<-506e7d51-44ea-40e0-a2b0-e730f7a28201#0:OK-t1. Peer's state: 506e7d51-44ea-40e0-a2b0-e730f7a28201@group-63CE5ECE61CE:t1, leader=null, voted=e13d3dfe-a7aa-4e77-932b-4a03cf9a588d, raftlog=506e7d51-44ea-40e0-a2b0-e730f7a28201@group-63CE5ECE61CE-SegmentedRaftLog:OPENED:c-1,f-1,i0, conf=-1: [686a54b3-507b-4dc5-8065-04c582627b70|rpc:172.17.0.2:37165|priority:0, e13d3dfe-a7aa-4e77-932b-4a03cf9a588d|rpc:172.17.0.2:43115|priority:1, 506e7d51-44ea-40e0-a2b0-e730f7a28201|rpc:172.17.0.2:37821|priority:0], old=null
2021-04-24 02:05:45,099 [grpc-default-executor-1] INFO  server.RaftServer$Division (RaftServerImpl.java:requestVote(1074)) - 686a54b3-507b-4dc5-8065-04c582627b70@group-63CE5ECE61CE replies to ELECTION vote request: e13d3dfe-a7aa-4e77-932b-4a03cf9a588d<-686a54b3-507b-4dc5-8065-04c582627b70#0:OK-t1. Peer's state: 686a54b3-507b-4dc5-8065-04c582627b70@group-63CE5ECE61CE:t1, leader=null, voted=e13d3dfe-a7aa-4e77-932b-4a03cf9a588d, raftlog=686a54b3-507b-4dc5-8065-04c582627b70@group-63CE5ECE61CE-SegmentedRaftLog:OPENED:c-1,f-1,i0, conf=-1: [686a54b3-507b-4dc5-8065-04c582627b70|rpc:172.17.0.2:37165|dataStream:|priority:0, e13d3dfe-a7aa-4e77-932b-4a03cf9a588d|rpc:172.17.0.2:43115|dataStream:|priority:1, 506e7d51-44ea-40e0-a2b0-e730f7a28201|rpc:172.17.0.2:37821|dataStream:|priority:0], old=null
2021-04-24 02:05:45,100 [e13d3dfe-a7aa-4e77-932b-4a03cf9a588d@group-63CE5ECE61CE-LeaderElection8] INFO  impl.LeaderElection (LeaderElection.java:logAndReturn(89)) - e13d3dfe-a7aa-4e77-932b-4a03cf9a588d@group-63CE5ECE61CE-LeaderElection8: ELECTION PASSED received 1 response(s) and 0 exception(s):
2021-04-24 02:05:45,101 [e13d3dfe-a7aa-4e77-932b-4a03cf9a588d@group-63CE5ECE61CE-LeaderElection8] INFO  impl.LeaderElection (LeaderElection.java:logAndReturn(93)) -   Response 0: e13d3dfe-a7aa-4e77-932b-4a03cf9a588d<-506e7d51-44ea-40e0-a2b0-e730f7a28201#0:OK-t1
2021-04-24 02:05:45,101 [e13d3dfe-a7aa-4e77-932b-4a03cf9a588d@group-63CE5ECE61CE-LeaderElection8] INFO  impl.LeaderElection (LeaderElection.java:askForVotes(308)) - e13d3dfe-a7aa-4e77-932b-4a03cf9a588d@group-63CE5ECE61CE-LeaderElection8 ELECTION round 0: result PASSED
2021-04-24 02:05:45,101 [e13d3dfe-a7aa-4e77-932b-4a03cf9a588d@group-63CE5ECE61CE-LeaderElection8] INFO  impl.RoleInfo (RoleInfo.java:shutdownLeaderElection(121)) - e13d3dfe-a7aa-4e77-932b-4a03cf9a588d: shutdown e13d3dfe-a7aa-4e77-932b-4a03cf9a588d@group-63CE5ECE61CE-LeaderElection8
2021-04-24 02:05:45,101 [e13d3dfe-a7aa-4e77-932b-4a03cf9a588d@group-63CE5ECE61CE-LeaderElection8] INFO  server.RaftServer$Division (RaftServerImpl.java:setRole(284)) - e13d3dfe-a7aa-4e77-932b-4a03cf9a588d@group-63CE5ECE61CE: changes role from CANDIDATE to LEADER at term 1 for changeToLeader
2021-04-24 02:05:45,101 [e13d3dfe-a7aa-4e77-932b-4a03cf9a588d@group-63CE5ECE61CE-LeaderElection8] INFO  ratis.XceiverServerRatis (XceiverServerRatis.java:handleLeaderChangedNotification(906)) - Leader change notification received for group: group-63CE5ECE61CE with new leaderId: e13d3dfe-a7aa-4e77-932b-4a03cf9a588d
2021-04-24 02:05:45,101 [e13d3dfe-a7aa-4e77-932b-4a03cf9a588d@group-63CE5ECE61CE-LeaderElection8] INFO  server.RaftServer$Division (ServerState.java:setLeader(271)) - e13d3dfe-a7aa-4e77-932b-4a03cf9a588d@group-63CE5ECE61CE: change Leader from null to e13d3dfe-a7aa-4e77-932b-4a03cf9a588d at term 1 for becomeLeader, leader elected after 5088ms
2021-04-24 02:05:45,101 [e13d3dfe-a7aa-4e77-932b-4a03cf9a588d@group-63CE5ECE61CE-LeaderElection8] INFO  server.RaftServerConfigKeys (ConfUtils.java:logGet(44)) - raft.server.staging.catchup.gap = 1000 (default)
2021-04-24 02:05:45,102 [e13d3dfe-a7aa-4e77-932b-4a03cf9a588d@group-63CE5ECE61CE-LeaderElection8] INFO  metrics.RatisMetrics (RatisMetrics.java:lambda$create$0(36)) - Creating Metrics Registry : ratis.log_appender.e13d3dfe-a7aa-4e77-932b-4a03cf9a588d@group-63CE5ECE61CE
2021-04-24 02:05:45,102 [e13d3dfe-a7aa-4e77-932b-4a03cf9a588d@group-63CE5ECE61CE-LeaderElection8] INFO  server.RaftServerConfigKeys (ConfUtils.java:logGet(44)) - raft.server.write.element-limit = 1024 (custom)
2021-04-24 02:05:45,102 [e13d3dfe-a7aa-4e77-932b-4a03cf9a588d@group-63CE5ECE61CE-LeaderElection8] INFO  server.RaftServerConfigKeys (ConfUtils.java:logGet(44)) - raft.server.write.byte-limit = 1073741824 (custom)
2021-04-24 02:05:45,102 [e13d3dfe-a7aa-4e77-932b-4a03cf9a588d@group-63CE5ECE61CE-LeaderElection8] INFO  server.RaftServerConfigKeys (ConfUtils.java:logGet(44)) - raft.server.watch.timeout = 3000ms (custom)
2021-04-24 02:05:45,102 [e13d3dfe-a7aa-4e77-932b-4a03cf9a588d@group-63CE5ECE61CE-LeaderElection8] INFO  server.RaftServerConfigKeys (ConfUtils.java:logGet(44)) - raft.server.watch.timeout.denomination = 1s (default)
2021-04-24 02:05:45,102 [e13d3dfe-a7aa-4e77-932b-4a03cf9a588d@group-63CE5ECE61CE-LeaderElection8] INFO  server.RaftServerConfigKeys (ConfUtils.java:logGet(44)) - raft.server.watch.element-limit = 65536 (default)
2021-04-24 02:05:45,107 [506e7d51-44ea-40e0-a2b0-e730f7a28201@group-6CD9A778BAE0-FollowerState] INFO  impl.FollowerState (FollowerState.java:run(134)) - 506e7d51-44ea-40e0-a2b0-e730f7a28201@group-6CD9A778BAE0-FollowerState: change to CANDIDATE, lastRpcElapsedTime:5170590669ns, electionTimeout:5159ms
2021-04-24 02:05:45,108 [506e7d51-44ea-40e0-a2b0-e730f7a28201@group-6CD9A778BAE0-FollowerState] INFO  impl.RoleInfo (RoleInfo.java:shutdownFollowerState(108)) - 506e7d51-44ea-40e0-a2b0-e730f7a28201: shutdown 506e7d51-44ea-40e0-a2b0-e730f7a28201@group-6CD9A778BAE0-FollowerState
2021-04-24 02:05:45,108 [506e7d51-44ea-40e0-a2b0-e730f7a28201@group-6CD9A778BAE0-FollowerState] INFO  server.RaftServer$Division (RaftServerImpl.java:setRole(284)) - 506e7d51-44ea-40e0-a2b0-e730f7a28201@group-6CD9A778BAE0: changes role from  FOLLOWER to CANDIDATE at term 0 for changeToCandidate
2021-04-24 02:05:45,109 [506e7d51-44ea-40e0-a2b0-e730f7a28201@group-6CD9A778BAE0-FollowerState] INFO  server.RaftServerConfigKeys (ConfUtils.java:logGet(44)) - raft.server.leaderelection.pre-vote = false (custom)
2021-04-24 02:05:45,109 [506e7d51-44ea-40e0-a2b0-e730f7a28201@group-6CD9A778BAE0-FollowerState] INFO  impl.RoleInfo (RoleInfo.java:updateAndGet(130)) - 506e7d51-44ea-40e0-a2b0-e730f7a28201: start 506e7d51-44ea-40e0-a2b0-e730f7a28201@group-6CD9A778BAE0-LeaderElection9
2021-04-24 02:05:45,114 [EventQueue-PipelineReportForOneReplicaPipelineSafeModeRule] INFO  safemode.SCMSafeModeManager (SCMSafeModeManager.java:validateSafeModeExitRules(201)) - AtleastOneDatanodeReportedRule rule is successfully validated
2021-04-24 02:05:45,114 [EventQueue-PipelineReportForPipelineReportHandler] INFO  pipeline.PipelineManagerV2Impl (PipelineManagerV2Impl.java:openPipeline(270)) - Pipeline Pipeline[ Id: 1eb8ba7a-f774-418b-be7e-63ce5ece61ce, Nodes: 506e7d51-44ea-40e0-a2b0-e730f7a28201{ip: 172.17.0.2, host: 8965a546ea16, ports: [REPLICATION=43283, RATIS=37821, RATIS_ADMIN=37821, RATIS_SERVER=37821, STANDALONE=36017], networkLocation: /default-rack, certSerialId: null, persistedOpState: IN_SERVICE, persistedOpStateExpiryEpochSec: 0}e13d3dfe-a7aa-4e77-932b-4a03cf9a588d{ip: 172.17.0.2, host: 8965a546ea16, ports: [REPLICATION=37131, RATIS=43115, RATIS_ADMIN=43115, RATIS_SERVER=43115, STANDALONE=45109], networkLocation: /default-rack, certSerialId: null, persistedOpState: IN_SERVICE, persistedOpStateExpiryEpochSec: 0}686a54b3-507b-4dc5-8065-04c582627b70{ip: 172.17.0.2, host: 8965a546ea16, ports: [REPLICATION=33085, RATIS=37165, RATIS_ADMIN=37165, RATIS_SERVER=37165, STANDALONE=39119], networkLocation: /default-rack, certSerialId: null, persistedOpState: IN_SERVICE, persistedOpStateExpiryEpochSec: 0}, ReplicationConfig: RATIS/THREE, State:ALLOCATED, leaderId:e13d3dfe-a7aa-4e77-932b-4a03cf9a588d, CreationTimestamp2021-04-24T02:05:37.368Z] moved to OPEN state
2021-04-24 02:05:45,114 [EventQueue-OpenPipelineForHealthyPipelineSafeModeRule] INFO  safemode.SCMSafeModeManager (HealthyPipelineSafeModeRule.java:process(130)) - SCM in safe mode. Healthy pipelines reported count is 0, required healthy pipeline reported count is 1
2021-04-24 02:05:45,115 [EventQueue-OpenPipelineForHealthyPipelineSafeModeRule] INFO  safemode.SCMSafeModeManager (HealthyPipelineSafeModeRule.java:process(130)) - SCM in safe mode. Healthy pipelines reported count is 1, required healthy pipeline reported count is 1
2021-04-24 02:05:45,115 [EventQueue-OpenPipelineForHealthyPipelineSafeModeRule] INFO  safemode.SCMSafeModeManager (SCMSafeModeManager.java:validateSafeModeExitRules(201)) - HealthyPipelineSafeModeRule rule is successfully validated
2021-04-24 02:05:45,115 [EventQueue-OpenPipelineForHealthyPipelineSafeModeRule] INFO  safemode.SCMSafeModeManager (SCMSafeModeManager.java:validateSafeModeExitRules(215)) - ScmSafeModeManager, all rules are successfully validated
2021-04-24 02:05:45,115 [EventQueue-OpenPipelineForHealthyPipelineSafeModeRule] INFO  safemode.SCMSafeModeManager (SCMSafeModeManager.java:exitSafeMode(244)) - SCM exiting safe mode.
2021-04-24 02:05:45,115 [EventQueue-OpenPipelineForHealthyPipelineSafeModeRule] WARN  events.EventQueue (EventQueue.java:fireEvent(185)) - No event handler registered for event TypedEvent{payloadType=SafeModeStatus, name='Safe mode status'}
2021-04-24 02:05:45,115 [EventQueue-OpenPipelineForHealthyPipelineSafeModeRule] INFO  ha.SCMContext (SCMContext.java:updateSafeModeStatus(147)) - Update SafeModeStatus from SafeModeStatus{safeModeStatus=true, preCheckPassed=true} to SafeModeStatus{safeModeStatus=false, preCheckPassed=true}.
2021-04-24 02:05:45,115 [EventQueue-OpenPipelineForHealthyPipelineSafeModeRule] INFO  pipeline.BackgroundPipelineCreator (BackgroundPipelineCreatorV2.java:notifyStatusChanged(261)) - Service BackgroundPipelineCreator transitions to RUNNING.
2021-04-24 02:05:45,115 [EventQueue-OpenPipelineForHealthyPipelineSafeModeRule] INFO  container.ReplicationManager (ReplicationManager.java:notifyStatusChanged(1279)) - Service ReplicationManager transitions to RUNNING.
2021-04-24 02:05:45,117 [e13d3dfe-a7aa-4e77-932b-4a03cf9a588d@group-63CE5ECE61CE-LeaderElection8] INFO  server.RaftServerConfigKeys (ConfUtils.java:logGet(44)) - raft.server.log.appender.snapshot.chunk.size.max = 16MB (=16777216) (default)
2021-04-24 02:05:45,118 [506e7d51-44ea-40e0-a2b0-e730f7a28201@group-6CD9A778BAE0-LeaderElection9] INFO  impl.LeaderElection (LeaderElection.java:askForVotes(306)) - 506e7d51-44ea-40e0-a2b0-e730f7a28201@group-6CD9A778BAE0-LeaderElection9 ELECTION round 0: submit vote requests at term 1 for -1: [506e7d51-44ea-40e0-a2b0-e730f7a28201|rpc:172.17.0.2:37821|priority:1], old=null
2021-04-24 02:05:45,118 [506e7d51-44ea-40e0-a2b0-e730f7a28201@group-6CD9A778BAE0-LeaderElection9] INFO  impl.LeaderElection (LeaderElection.java:askForVotes(308)) - 506e7d51-44ea-40e0-a2b0-e730f7a28201@group-6CD9A778BAE0-LeaderElection9 ELECTION round 0: result PASSED (term=1)
2021-04-24 02:05:45,118 [506e7d51-44ea-40e0-a2b0-e730f7a28201@group-6CD9A778BAE0-LeaderElection9] INFO  impl.RoleInfo (RoleInfo.java:shutdownLeaderElection(121)) - 506e7d51-44ea-40e0-a2b0-e730f7a28201: shutdown 506e7d51-44ea-40e0-a2b0-e730f7a28201@group-6CD9A778BAE0-LeaderElection9
2021-04-24 02:05:45,118 [506e7d51-44ea-40e0-a2b0-e730f7a28201@group-6CD9A778BAE0-LeaderElection9] INFO  server.RaftServer$Division (RaftServerImpl.java:setRole(284)) - 506e7d51-44ea-40e0-a2b0-e730f7a28201@group-6CD9A778BAE0: changes role from CANDIDATE to LEADER at term 1 for changeToLeader
2021-04-24 02:05:45,118 [506e7d51-44ea-40e0-a2b0-e730f7a28201@group-6CD9A778BAE0-LeaderElection9] INFO  ratis.XceiverServerRatis (XceiverServerRatis.java:handleLeaderChangedNotification(906)) - Leader change notification received for group: group-6CD9A778BAE0 with new leaderId: 506e7d51-44ea-40e0-a2b0-e730f7a28201
2021-04-24 02:05:45,119 [506e7d51-44ea-40e0-a2b0-e730f7a28201@group-6CD9A778BAE0-LeaderElection9] INFO  server.RaftServer$Division (ServerState.java:setLeader(271)) - 506e7d51-44ea-40e0-a2b0-e730f7a28201@group-6CD9A778BAE0: change Leader from null to 506e7d51-44ea-40e0-a2b0-e730f7a28201 at term 1 for becomeLeader, leader elected after 5187ms
2021-04-24 02:05:45,119 [506e7d51-44ea-40e0-a2b0-e730f7a28201@group-6CD9A778BAE0-LeaderElection9] INFO  server.RaftServerConfigKeys (ConfUtils.java:logGet(44)) - raft.server.staging.catchup.gap = 1000 (default)
2021-04-24 02:05:45,120 [506e7d51-44ea-40e0-a2b0-e730f7a28201@group-6CD9A778BAE0-LeaderElection9] INFO  metrics.RatisMetrics (RatisMetrics.java:lambda$create$0(36)) - Creating Metrics Registry : ratis.log_appender.506e7d51-44ea-40e0-a2b0-e730f7a28201@group-6CD9A778BAE0
2021-04-24 02:05:45,120 [506e7d51-44ea-40e0-a2b0-e730f7a28201@group-6CD9A778BAE0-LeaderElection9] INFO  server.RaftServerConfigKeys (ConfUtils.java:logGet(44)) - raft.server.write.element-limit = 1024 (custom)
2021-04-24 02:05:45,120 [506e7d51-44ea-40e0-a2b0-e730f7a28201@group-6CD9A778BAE0-LeaderElection9] INFO  server.RaftServerConfigKeys (ConfUtils.java:logGet(44)) - raft.server.write.byte-limit = 1073741824 (custom)
2021-04-24 02:05:45,120 [506e7d51-44ea-40e0-a2b0-e730f7a28201@group-6CD9A778BAE0-LeaderElection9] INFO  server.RaftServerConfigKeys (ConfUtils.java:logGet(44)) - raft.server.watch.timeout = 3000ms (custom)
2021-04-24 02:05:45,120 [506e7d51-44ea-40e0-a2b0-e730f7a28201@group-6CD9A778BAE0-LeaderElection9] INFO  server.RaftServerConfigKeys (ConfUtils.java:logGet(44)) - raft.server.watch.timeout.denomination = 1s (default)
2021-04-24 02:05:45,121 [506e7d51-44ea-40e0-a2b0-e730f7a28201@group-6CD9A778BAE0-LeaderElection9] INFO  server.RaftServerConfigKeys (ConfUtils.java:logGet(44)) - raft.server.watch.element-limit = 65536 (default)
2021-04-24 02:05:45,121 [506e7d51-44ea-40e0-a2b0-e730f7a28201@group-6CD9A778BAE0-LeaderElection9] INFO  impl.RoleInfo (RoleInfo.java:updateAndGet(130)) - 506e7d51-44ea-40e0-a2b0-e730f7a28201: start 506e7d51-44ea-40e0-a2b0-e730f7a28201@group-6CD9A778BAE0-LeaderStateImpl
2021-04-24 02:05:45,121 [506e7d51-44ea-40e0-a2b0-e730f7a28201@group-6CD9A778BAE0-LeaderElection9] INFO  segmented.SegmentedRaftLogWorker (SegmentedRaftLogWorker.java:startLogSegment(394)) - 506e7d51-44ea-40e0-a2b0-e730f7a28201@group-6CD9A778BAE0-SegmentedRaftLogWorker: Starting segment from index:0
2021-04-24 02:05:45,118 [e13d3dfe-a7aa-4e77-932b-4a03cf9a588d@group-63CE5ECE61CE-LeaderElection8] INFO  server.RaftServerConfigKeys (ConfUtils.java:logGet(44)) - raft.server.log.appender.buffer.byte-limit = 33554432 (custom)
2021-04-24 02:05:45,122 [e13d3dfe-a7aa-4e77-932b-4a03cf9a588d@group-63CE5ECE61CE-LeaderElection8] INFO  server.RaftServerConfigKeys (ConfUtils.java:logGet(44)) - raft.server.log.appender.buffer.element-limit = 1 (custom)
2021-04-24 02:05:45,124 [506e7d51-44ea-40e0-a2b0-e730f7a28201@group-6CD9A778BAE0-SegmentedRaftLogWorker] INFO  segmented.SegmentedRaftLogWorker (SegmentedRaftLogWorker.java:execute(601)) - 506e7d51-44ea-40e0-a2b0-e730f7a28201@group-6CD9A778BAE0-SegmentedRaftLogWorker: created new log segment /github/workspace/mnt/ozone/hadoop-ozone/integration-test/target/test-dir/MiniOzoneClusterImpl-6998a6cc-0dbe-4d56-81dc-8335dc1dcef2/datanode-3/data/ratis/c0351466-82f6-4192-bd48-6cd9a778bae0/current/log_inprogress_0
2021-04-24 02:05:45,125 [506e7d51-44ea-40e0-a2b0-e730f7a28201@group-6CD9A778BAE0-LeaderElection9] INFO  server.RaftServer$Division (ServerState.java:setRaftConf(373)) - 506e7d51-44ea-40e0-a2b0-e730f7a28201@group-6CD9A778BAE0: set configuration 0: [506e7d51-44ea-40e0-a2b0-e730f7a28201|rpc:172.17.0.2:37821|dataStream:|priority:1], old=null
2021-04-24 02:05:45,126 [e13d3dfe-a7aa-4e77-932b-4a03cf9a588d@group-63CE5ECE61CE-LeaderElection8] INFO  grpc.GrpcConfigKeys (ConfUtils.java:logGet(44)) - raft.grpc.server.leader.outstanding.appends.max = 128 (default)
2021-04-24 02:05:45,126 [e13d3dfe-a7aa-4e77-932b-4a03cf9a588d@group-63CE5ECE61CE-LeaderElection8] INFO  server.RaftServerConfigKeys (ConfUtils.java:logGet(44)) - raft.server.rpc.request.timeout = 3000ms (default)
2021-04-24 02:05:45,126 [e13d3dfe-a7aa-4e77-932b-4a03cf9a588d@group-63CE5ECE61CE-LeaderElection8] INFO  server.RaftServerConfigKeys (ConfUtils.java:logGet(44)) - raft.server.log.appender.install.snapshot.enabled = false (custom)
2021-04-24 02:05:45,127 [e13d3dfe-a7aa-4e77-932b-4a03cf9a588d@group-63CE5ECE61CE-LeaderElection8] INFO  metrics.RatisMetrics (RatisMetrics.java:lambda$create$0(36)) - Creating Metrics Registry : ratis_grpc.log_appender.e13d3dfe-a7aa-4e77-932b-4a03cf9a588d@group-63CE5ECE61CE
2021-04-24 02:05:45,130 [e13d3dfe-a7aa-4e77-932b-4a03cf9a588d@group-63CE5ECE61CE-LeaderElection8] INFO  server.RaftServerConfigKeys (ConfUtils.java:logGet(44)) - raft.server.log.appender.snapshot.chunk.size.max = 16MB (=16777216) (default)
2021-04-24 02:05:45,130 [e13d3dfe-a7aa-4e77-932b-4a03cf9a588d@group-63CE5ECE61CE-LeaderElection8] INFO  server.RaftServerConfigKeys (ConfUtils.java:logGet(44)) - raft.server.log.appender.buffer.byte-limit = 33554432 (custom)
2021-04-24 02:05:45,131 [e13d3dfe-a7aa-4e77-932b-4a03cf9a588d@group-63CE5ECE61CE-LeaderElection8] INFO  server.RaftServerConfigKeys (ConfUtils.java:logGet(44)) - raft.server.log.appender.buffer.element-limit = 1 (custom)
2021-04-24 02:05:45,131 [e13d3dfe-a7aa-4e77-932b-4a03cf9a588d@group-63CE5ECE61CE-LeaderElection8] INFO  grpc.GrpcConfigKeys (ConfUtils.java:logGet(44)) - raft.grpc.server.leader.outstanding.appends.max = 128 (default)
2021-04-24 02:05:45,131 [e13d3dfe-a7aa-4e77-932b-4a03cf9a588d@group-63CE5ECE61CE-LeaderElection8] INFO  server.RaftServerConfigKeys (ConfUtils.java:logGet(44)) - raft.server.rpc.request.timeout = 3000ms (default)
2021-04-24 02:05:45,131 [e13d3dfe-a7aa-4e77-932b-4a03cf9a588d@group-63CE5ECE61CE-LeaderElection8] INFO  server.RaftServerConfigKeys (ConfUtils.java:logGet(44)) - raft.server.log.appender.install.snapshot.enabled = false (custom)
2021-04-24 02:05:45,139 [e13d3dfe-a7aa-4e77-932b-4a03cf9a588d@group-63CE5ECE61CE-LeaderElection8] INFO  impl.RoleInfo (RoleInfo.java:updateAndGet(130)) - e13d3dfe-a7aa-4e77-932b-4a03cf9a588d: start e13d3dfe-a7aa-4e77-932b-4a03cf9a588d@group-63CE5ECE61CE-LeaderStateImpl
2021-04-24 02:05:45,140 [e13d3dfe-a7aa-4e77-932b-4a03cf9a588d@group-63CE5ECE61CE-LeaderElection8] INFO  segmented.SegmentedRaftLogWorker (SegmentedRaftLogWorker.java:startLogSegment(394)) - e13d3dfe-a7aa-4e77-932b-4a03cf9a588d@group-63CE5ECE61CE-SegmentedRaftLogWorker: Starting segment from index:0
2021-04-24 02:05:45,141 [e13d3dfe-a7aa-4e77-932b-4a03cf9a588d@group-63CE5ECE61CE-LeaderElection8] INFO  server.RaftServer$Division (ServerState.java:setRaftConf(373)) - e13d3dfe-a7aa-4e77-932b-4a03cf9a588d@group-63CE5ECE61CE: set configuration 0: [686a54b3-507b-4dc5-8065-04c582627b70|rpc:172.17.0.2:37165|dataStream:|priority:0, e13d3dfe-a7aa-4e77-932b-4a03cf9a588d|rpc:172.17.0.2:43115|dataStream:|priority:1, 506e7d51-44ea-40e0-a2b0-e730f7a28201|rpc:172.17.0.2:37821|dataStream:|priority:0], old=null
2021-04-24 02:05:45,142 [e13d3dfe-a7aa-4e77-932b-4a03cf9a588d@group-63CE5ECE61CE-SegmentedRaftLogWorker] INFO  segmented.SegmentedRaftLogWorker (SegmentedRaftLogWorker.java:execute(601)) - e13d3dfe-a7aa-4e77-932b-4a03cf9a588d@group-63CE5ECE61CE-SegmentedRaftLogWorker: created new log segment /github/workspace/mnt/ozone/hadoop-ozone/integration-test/target/test-dir/MiniOzoneClusterImpl-6998a6cc-0dbe-4d56-81dc-8335dc1dcef2/datanode-5/data/ratis/1eb8ba7a-f774-418b-be7e-63ce5ece61ce/current/log_inprogress_0
2021-04-24 02:05:45,158 [grpc-default-executor-0] INFO  ratis.XceiverServerRatis (XceiverServerRatis.java:handleLeaderChangedNotification(906)) - Leader change notification received for group: group-63CE5ECE61CE with new leaderId: e13d3dfe-a7aa-4e77-932b-4a03cf9a588d
2021-04-24 02:05:45,158 [grpc-default-executor-0] INFO  server.RaftServer$Division (ServerState.java:setLeader(271)) - 506e7d51-44ea-40e0-a2b0-e730f7a28201@group-63CE5ECE61CE: change Leader from null to e13d3dfe-a7aa-4e77-932b-4a03cf9a588d at term 1 for appendEntries, leader elected after 5194ms
2021-04-24 02:05:45,180 [grpc-default-executor-0] INFO  server.RaftServer$Division (ServerState.java:setRaftConf(373)) - 506e7d51-44ea-40e0-a2b0-e730f7a28201@group-63CE5ECE61CE: set configuration 0: [686a54b3-507b-4dc5-8065-04c582627b70|rpc:172.17.0.2:37165|dataStream:|priority:0, e13d3dfe-a7aa-4e77-932b-4a03cf9a588d|rpc:172.17.0.2:43115|dataStream:|priority:1, 506e7d51-44ea-40e0-a2b0-e730f7a28201|rpc:172.17.0.2:37821|dataStream:|priority:0], old=null
2021-04-24 02:05:45,181 [grpc-default-executor-0] INFO  segmented.SegmentedRaftLogWorker (SegmentedRaftLogWorker.java:startLogSegment(394)) - 506e7d51-44ea-40e0-a2b0-e730f7a28201@group-63CE5ECE61CE-SegmentedRaftLogWorker: Starting segment from index:0
2021-04-24 02:05:45,182 [506e7d51-44ea-40e0-a2b0-e730f7a28201@group-63CE5ECE61CE-SegmentedRaftLogWorker] INFO  segmented.SegmentedRaftLogWorker (SegmentedRaftLogWorker.java:execute(601)) - 506e7d51-44ea-40e0-a2b0-e730f7a28201@group-63CE5ECE61CE-SegmentedRaftLogWorker: created new log segment /github/workspace/mnt/ozone/hadoop-ozone/integration-test/target/test-dir/MiniOzoneClusterImpl-6998a6cc-0dbe-4d56-81dc-8335dc1dcef2/datanode-3/data/ratis/1eb8ba7a-f774-418b-be7e-63ce5ece61ce/current/log_inprogress_0
2021-04-24 02:05:45,199 [grpc-default-executor-0] INFO  ratis.XceiverServerRatis (XceiverServerRatis.java:handleLeaderChangedNotification(906)) - Leader change notification received for group: group-63CE5ECE61CE with new leaderId: e13d3dfe-a7aa-4e77-932b-4a03cf9a588d
2021-04-24 02:05:45,199 [grpc-default-executor-0] INFO  server.RaftServer$Division (ServerState.java:setLeader(271)) - 686a54b3-507b-4dc5-8065-04c582627b70@group-63CE5ECE61CE: change Leader from null to e13d3dfe-a7aa-4e77-932b-4a03cf9a588d at term 1 for appendEntries, leader elected after 5144ms
2021-04-24 02:05:45,214 [grpc-default-executor-0] INFO  server.RaftServer$Division (ServerState.java:setRaftConf(373)) - 686a54b3-507b-4dc5-8065-04c582627b70@group-63CE5ECE61CE: set configuration 0: [686a54b3-507b-4dc5-8065-04c582627b70|rpc:172.17.0.2:37165|dataStream:|priority:0, e13d3dfe-a7aa-4e77-932b-4a03cf9a588d|rpc:172.17.0.2:43115|dataStream:|priority:1, 506e7d51-44ea-40e0-a2b0-e730f7a28201|rpc:172.17.0.2:37821|dataStream:|priority:0], old=null
2021-04-24 02:05:45,214 [grpc-default-executor-0] INFO  segmented.SegmentedRaftLogWorker (SegmentedRaftLogWorker.java:startLogSegment(394)) - 686a54b3-507b-4dc5-8065-04c582627b70@group-63CE5ECE61CE-SegmentedRaftLogWorker: Starting segment from index:0
2021-04-24 02:05:45,215 [686a54b3-507b-4dc5-8065-04c582627b70@group-63CE5ECE61CE-SegmentedRaftLogWorker] INFO  segmented.SegmentedRaftLogWorker (SegmentedRaftLogWorker.java:execute(601)) - 686a54b3-507b-4dc5-8065-04c582627b70@group-63CE5ECE61CE-SegmentedRaftLogWorker: created new log segment /github/workspace/mnt/ozone/hadoop-ozone/integration-test/target/test-dir/MiniOzoneClusterImpl-6998a6cc-0dbe-4d56-81dc-8335dc1dcef2/datanode-4/data/ratis/1eb8ba7a-f774-418b-be7e-63ce5ece61ce/current/log_inprogress_0
2021-04-24 02:05:45,236 [686a54b3-507b-4dc5-8065-04c582627b70@group-6FADA685E35F-FollowerState] INFO  impl.FollowerState (FollowerState.java:run(134)) - 686a54b3-507b-4dc5-8065-04c582627b70@group-6FADA685E35F-FollowerState: change to CANDIDATE, lastRpcElapsedTime:5110102775ns, electionTimeout:5109ms
2021-04-24 02:05:45,236 [686a54b3-507b-4dc5-8065-04c582627b70@group-6FADA685E35F-FollowerState] INFO  impl.RoleInfo (RoleInfo.java:shutdownFollowerState(108)) - 686a54b3-507b-4dc5-8065-04c582627b70: shutdown 686a54b3-507b-4dc5-8065-04c582627b70@group-6FADA685E35F-FollowerState
2021-04-24 02:05:45,237 [686a54b3-507b-4dc5-8065-04c582627b70@group-6FADA685E35F-FollowerState] INFO  server.RaftServer$Division (RaftServerImpl.java:setRole(284)) - 686a54b3-507b-4dc5-8065-04c582627b70@group-6FADA685E35F: changes role from  FOLLOWER to CANDIDATE at term 0 for changeToCandidate
2021-04-24 02:05:45,237 [686a54b3-507b-4dc5-8065-04c582627b70@group-6FADA685E35F-FollowerState] INFO  server.RaftServerConfigKeys (ConfUtils.java:logGet(44)) - raft.server.leaderelection.pre-vote = false (custom)
2021-04-24 02:05:45,237 [686a54b3-507b-4dc5-8065-04c582627b70@group-6FADA685E35F-FollowerState] INFO  impl.RoleInfo (RoleInfo.java:updateAndGet(130)) - 686a54b3-507b-4dc5-8065-04c582627b70: start 686a54b3-507b-4dc5-8065-04c582627b70@group-6FADA685E35F-LeaderElection10
2021-04-24 02:05:45,246 [686a54b3-507b-4dc5-8065-04c582627b70@group-6FADA685E35F-LeaderElection10] INFO  impl.LeaderElection (LeaderElection.java:askForVotes(306)) - 686a54b3-507b-4dc5-8065-04c582627b70@group-6FADA685E35F-LeaderElection10 ELECTION round 0: submit vote requests at term 1 for -1: [686a54b3-507b-4dc5-8065-04c582627b70|rpc:172.17.0.2:37165|dataStream:|priority:1, e13d3dfe-a7aa-4e77-932b-4a03cf9a588d|rpc:172.17.0.2:43115|dataStream:|priority:0, 506e7d51-44ea-40e0-a2b0-e730f7a28201|rpc:172.17.0.2:37821|dataStream:|priority:0], old=null
2021-04-24 02:05:45,270 [grpc-default-executor-3] INFO  server.RaftServer$Division (RaftServerImpl.java:requestVote(1042)) - e13d3dfe-a7aa-4e77-932b-4a03cf9a588d@group-6FADA685E35F: receive requestVote(ELECTION, 686a54b3-507b-4dc5-8065-04c582627b70, group-6FADA685E35F, 1, (t:0, i:0))
2021-04-24 02:05:45,270 [grpc-default-executor-3] INFO  impl.VoteContext (VoteContext.java:log(48)) - e13d3dfe-a7aa-4e77-932b-4a03cf9a588d@group-6FADA685E35F-FOLLOWER: accept ELECTION from 686a54b3-507b-4dc5-8065-04c582627b70: our priority 0 <= candidate's priority 1
2021-04-24 02:05:45,270 [grpc-default-executor-3] INFO  server.RaftServer$Division (RaftServerImpl.java:setRole(284)) - e13d3dfe-a7aa-4e77-932b-4a03cf9a588d@group-6FADA685E35F: changes role from  FOLLOWER to FOLLOWER at term 1 for candidate:686a54b3-507b-4dc5-8065-04c582627b70
2021-04-24 02:05:45,270 [grpc-default-executor-3] INFO  impl.RoleInfo (RoleInfo.java:shutdownFollowerState(108)) - e13d3dfe-a7aa-4e77-932b-4a03cf9a588d: shutdown e13d3dfe-a7aa-4e77-932b-4a03cf9a588d@group-6FADA685E35F-FollowerState
2021-04-24 02:05:45,270 [grpc-default-executor-3] INFO  impl.RoleInfo (RoleInfo.java:updateAndGet(130)) - e13d3dfe-a7aa-4e77-932b-4a03cf9a588d: start e13d3dfe-a7aa-4e77-932b-4a03cf9a588d@group-6FADA685E35F-FollowerState
2021-04-24 02:05:45,270 [e13d3dfe-a7aa-4e77-932b-4a03cf9a588d@group-6FADA685E35F-FollowerState] INFO  impl.FollowerState (FollowerState.java:run(143)) - e13d3dfe-a7aa-4e77-932b-4a03cf9a588d@group-6FADA685E35F-FollowerState was interrupted: {}
java.lang.InterruptedException: sleep interrupted
	at java.lang.Thread.sleep(Native Method)
	at java.lang.Thread.sleep(Thread.java:340)
	at java.util.concurrent.TimeUnit.sleep(TimeUnit.java:386)
	at org.apache.ratis.util.TimeDuration.sleep(TimeDuration.java:324)
	at org.apache.ratis.util.TimeDuration.sleep(TimeDuration.java:309)
	at org.apache.ratis.server.impl.FollowerState.run(FollowerState.java:118)
2021-04-24 02:05:45,270 [grpc-default-executor-0] INFO  server.RaftServer$Division (RaftServerImpl.java:requestVote(1042)) - 506e7d51-44ea-40e0-a2b0-e730f7a28201@group-6FADA685E35F: receive requestVote(ELECTION, 686a54b3-507b-4dc5-8065-04c582627b70, group-6FADA685E35F, 1, (t:0, i:0))
2021-04-24 02:05:45,278 [grpc-default-executor-0] INFO  impl.VoteContext (VoteContext.java:log(48)) - 506e7d51-44ea-40e0-a2b0-e730f7a28201@group-6FADA685E35F-FOLLOWER: accept ELECTION from 686a54b3-507b-4dc5-8065-04c582627b70: our priority 0 <= candidate's priority 1
2021-04-24 02:05:45,278 [grpc-default-executor-0] INFO  server.RaftServer$Division (RaftServerImpl.java:setRole(284)) - 506e7d51-44ea-40e0-a2b0-e730f7a28201@group-6FADA685E35F: changes role from  FOLLOWER to FOLLOWER at term 1 for candidate:686a54b3-507b-4dc5-8065-04c582627b70
2021-04-24 02:05:45,278 [grpc-default-executor-0] INFO  impl.RoleInfo (RoleInfo.java:shutdownFollowerState(108)) - 506e7d51-44ea-40e0-a2b0-e730f7a28201: shutdown 506e7d51-44ea-40e0-a2b0-e730f7a28201@group-6FADA685E35F-FollowerState
2021-04-24 02:05:45,278 [grpc-default-executor-0] INFO  impl.RoleInfo (RoleInfo.java:updateAndGet(130)) - 506e7d51-44ea-40e0-a2b0-e730f7a28201: start 506e7d51-44ea-40e0-a2b0-e730f7a28201@group-6FADA685E35F-FollowerState
2021-04-24 02:05:45,280 [grpc-default-executor-3] INFO  server.RaftServer$Division (RaftServerImpl.java:requestVote(1074)) - e13d3dfe-a7aa-4e77-932b-4a03cf9a588d@group-6FADA685E35F replies to ELECTION vote request: 686a54b3-507b-4dc5-8065-04c582627b70<-e13d3dfe-a7aa-4e77-932b-4a03cf9a588d#0:OK-t1. Peer's state: e13d3dfe-a7aa-4e77-932b-4a03cf9a588d@group-6FADA685E35F:t1, leader=null, voted=686a54b3-507b-4dc5-8065-04c582627b70, raftlog=e13d3dfe-a7aa-4e77-932b-4a03cf9a588d@group-6FADA685E35F-SegmentedRaftLog:OPENED:c-1,f-1,i0, conf=-1: [686a54b3-507b-4dc5-8065-04c582627b70|rpc:172.17.0.2:37165|dataStream:|priority:1, e13d3dfe-a7aa-4e77-932b-4a03cf9a588d|rpc:172.17.0.2:43115|dataStream:|priority:0, 506e7d51-44ea-40e0-a2b0-e730f7a28201|rpc:172.17.0.2:37821|dataStream:|priority:0], old=null
2021-04-24 02:05:45,281 [grpc-default-executor-0] INFO  server.RaftServer$Division (RaftServerImpl.java:requestVote(1074)) - 506e7d51-44ea-40e0-a2b0-e730f7a28201@group-6FADA685E35F replies to ELECTION vote request: 686a54b3-507b-4dc5-8065-04c582627b70<-506e7d51-44ea-40e0-a2b0-e730f7a28201#0:OK-t1. Peer's state: 506e7d51-44ea-40e0-a2b0-e730f7a28201@group-6FADA685E35F:t1, leader=null, voted=686a54b3-507b-4dc5-8065-04c582627b70, raftlog=506e7d51-44ea-40e0-a2b0-e730f7a28201@group-6FADA685E35F-SegmentedRaftLog:OPENED:c-1,f-1,i0, conf=-1: [686a54b3-507b-4dc5-8065-04c582627b70|rpc:172.17.0.2:37165|priority:1, e13d3dfe-a7aa-4e77-932b-4a03cf9a588d|rpc:172.17.0.2:43115|priority:0, 506e7d51-44ea-40e0-a2b0-e730f7a28201|rpc:172.17.0.2:37821|priority:0], old=null
2021-04-24 02:05:45,282 [506e7d51-44ea-40e0-a2b0-e730f7a28201@group-6FADA685E35F-FollowerState] INFO  impl.FollowerState (FollowerState.java:run(134)) - 506e7d51-44ea-40e0-a2b0-e730f7a28201@group-6FADA685E35F-FollowerState: change to CANDIDATE, lastRpcElapsedTime:5190810968ns, electionTimeout:5178ms
2021-04-24 02:05:45,282 [506e7d51-44ea-40e0-a2b0-e730f7a28201@group-6FADA685E35F-FollowerState] INFO  impl.RoleInfo (RoleInfo.java:shutdownFollowerState(108)) - 506e7d51-44ea-40e0-a2b0-e730f7a28201: shutdown 506e7d51-44ea-40e0-a2b0-e730f7a28201@group-6FADA685E35F-FollowerState
2021-04-24 02:05:45,282 [506e7d51-44ea-40e0-a2b0-e730f7a28201@group-6FADA685E35F-FollowerState] INFO  server.RaftServer$Division (RaftServerImpl.java:setRole(284)) - 506e7d51-44ea-40e0-a2b0-e730f7a28201@group-6FADA685E35F: changes role from  FOLLOWER to CANDIDATE at term 1 for changeToCandidate
2021-04-24 02:05:45,283 [506e7d51-44ea-40e0-a2b0-e730f7a28201@group-6FADA685E35F-FollowerState] INFO  server.RaftServerConfigKeys (ConfUtils.java:logGet(44)) - raft.server.leaderelection.pre-vote = false (custom)
2021-04-24 02:05:45,283 [506e7d51-44ea-40e0-a2b0-e730f7a28201@group-6FADA685E35F-FollowerState] INFO  impl.RoleInfo (RoleInfo.java:updateAndGet(130)) - 506e7d51-44ea-40e0-a2b0-e730f7a28201: start 506e7d51-44ea-40e0-a2b0-e730f7a28201@group-6FADA685E35F-LeaderElection11
2021-04-24 02:05:45,283 [506e7d51-44ea-40e0-a2b0-e730f7a28201@group-6FADA685E35F-FollowerState] INFO  impl.FollowerState (FollowerState.java:run(143)) - 506e7d51-44ea-40e0-a2b0-e730f7a28201@group-6FADA685E35F-FollowerState was interrupted: {}
java.lang.InterruptedException: sleep interrupted
	at java.lang.Thread.sleep(Native Method)
	at java.lang.Thread.sleep(Thread.java:340)
	at java.util.concurrent.TimeUnit.sleep(TimeUnit.java:386)
	at org.apache.ratis.util.TimeDuration.sleep(TimeDuration.java:324)
	at org.apache.ratis.util.TimeDuration.sleep(TimeDuration.java:309)
	at org.apache.ratis.server.impl.FollowerState.run(FollowerState.java:118)
2021-04-24 02:05:45,284 [686a54b3-507b-4dc5-8065-04c582627b70@group-6FADA685E35F-LeaderElection10] INFO  impl.LeaderElection (LeaderElection.java:logAndReturn(89)) - 686a54b3-507b-4dc5-8065-04c582627b70@group-6FADA685E35F-LeaderElection10: ELECTION PASSED received 1 response(s) and 0 exception(s):
2021-04-24 02:05:45,285 [686a54b3-507b-4dc5-8065-04c582627b70@group-6FADA685E35F-LeaderElection10] INFO  impl.LeaderElection (LeaderElection.java:logAndReturn(93)) -   Response 0: 686a54b3-507b-4dc5-8065-04c582627b70<-e13d3dfe-a7aa-4e77-932b-4a03cf9a588d#0:OK-t1
2021-04-24 02:05:45,285 [686a54b3-507b-4dc5-8065-04c582627b70@group-6FADA685E35F-LeaderElection10] INFO  impl.LeaderElection (LeaderElection.java:askForVotes(308)) - 686a54b3-507b-4dc5-8065-04c582627b70@group-6FADA685E35F-LeaderElection10 ELECTION round 0: result PASSED
2021-04-24 02:05:45,285 [686a54b3-507b-4dc5-8065-04c582627b70@group-6FADA685E35F-LeaderElection10] INFO  impl.RoleInfo (RoleInfo.java:shutdownLeaderElection(121)) - 686a54b3-507b-4dc5-8065-04c582627b70: shutdown 686a54b3-507b-4dc5-8065-04c582627b70@group-6FADA685E35F-LeaderElection10
2021-04-24 02:05:45,285 [686a54b3-507b-4dc5-8065-04c582627b70@group-6FADA685E35F-LeaderElection10] INFO  server.RaftServer$Division (RaftServerImpl.java:setRole(284)) - 686a54b3-507b-4dc5-8065-04c582627b70@group-6FADA685E35F: changes role from CANDIDATE to LEADER at term 1 for changeToLeader
2021-04-24 02:05:45,285 [686a54b3-507b-4dc5-8065-04c582627b70@group-6FADA685E35F-LeaderElection10] INFO  ratis.XceiverServerRatis (XceiverServerRatis.java:handleLeaderChangedNotification(906)) - Leader change notification received for group: group-6FADA685E35F with new leaderId: 686a54b3-507b-4dc5-8065-04c582627b70
2021-04-24 02:05:45,285 [686a54b3-507b-4dc5-8065-04c582627b70@group-6FADA685E35F-LeaderElection10] INFO  server.RaftServer$Division (ServerState.java:setLeader(271)) - 686a54b3-507b-4dc5-8065-04c582627b70@group-6FADA685E35F: change Leader from null to 686a54b3-507b-4dc5-8065-04c582627b70 at term 1 for becomeLeader, leader elected after 5165ms
2021-04-24 02:05:45,286 [686a54b3-507b-4dc5-8065-04c582627b70@group-6FADA685E35F-LeaderElection10] INFO  server.RaftServerConfigKeys (ConfUtils.java:logGet(44)) - raft.server.staging.catchup.gap = 1000 (default)
2021-04-24 02:05:45,286 [686a54b3-507b-4dc5-8065-04c582627b70@group-6FADA685E35F-LeaderElection10] INFO  metrics.RatisMetrics (RatisMetrics.java:lambda$create$0(36)) - Creating Metrics Registry : ratis.log_appender.686a54b3-507b-4dc5-8065-04c582627b70@group-6FADA685E35F
2021-04-24 02:05:45,287 [686a54b3-507b-4dc5-8065-04c582627b70@group-6FADA685E35F-LeaderElection10] INFO  server.RaftServerConfigKeys (ConfUtils.java:logGet(44)) - raft.server.write.element-limit = 1024 (custom)
2021-04-24 02:05:45,287 [686a54b3-507b-4dc5-8065-04c582627b70@group-6FADA685E35F-LeaderElection10] INFO  server.RaftServerConfigKeys (ConfUtils.java:logGet(44)) - raft.server.write.byte-limit = 1073741824 (custom)
2021-04-24 02:05:45,287 [686a54b3-507b-4dc5-8065-04c582627b70@group-6FADA685E35F-LeaderElection10] INFO  server.RaftServerConfigKeys (ConfUtils.java:logGet(44)) - raft.server.watch.timeout = 3000ms (custom)
2021-04-24 02:05:45,287 [686a54b3-507b-4dc5-8065-04c582627b70@group-6FADA685E35F-LeaderElection10] INFO  server.RaftServerConfigKeys (ConfUtils.java:logGet(44)) - raft.server.watch.timeout.denomination = 1s (default)
2021-04-24 02:05:45,287 [686a54b3-507b-4dc5-8065-04c582627b70@group-6FADA685E35F-LeaderElection10] INFO  server.RaftServerConfigKeys (ConfUtils.java:logGet(44)) - raft.server.watch.element-limit = 65536 (default)
2021-04-24 02:05:45,288 [686a54b3-507b-4dc5-8065-04c582627b70@group-6FADA685E35F-LeaderElection10] INFO  server.RaftServerConfigKeys (ConfUtils.java:logGet(44)) - raft.server.log.appender.snapshot.chunk.size.max = 16MB (=16777216) (default)
2021-04-24 02:05:45,288 [EventQueue-PipelineReportForPipelineReportHandler] INFO  pipeline.PipelineManagerV2Impl (PipelineManagerV2Impl.java:openPipeline(270)) - Pipeline Pipeline[ Id: 0099ddbe-d464-4c63-af52-6fada685e35f, Nodes: 686a54b3-507b-4dc5-8065-04c582627b70{ip: 172.17.0.2, host: 8965a546ea16, ports: [REPLICATION=33085, RATIS=37165, RATIS_ADMIN=37165, RATIS_SERVER=37165, STANDALONE=39119], networkLocation: /default-rack, certSerialId: null, persistedOpState: IN_SERVICE, persistedOpStateExpiryEpochSec: 0}506e7d51-44ea-40e0-a2b0-e730f7a28201{ip: 172.17.0.2, host: 8965a546ea16, ports: [REPLICATION=43283, RATIS=37821, RATIS_ADMIN=37821, RATIS_SERVER=37821, STANDALONE=36017], networkLocation: /default-rack, certSerialId: null, persistedOpState: IN_SERVICE, persistedOpStateExpiryEpochSec: 0}e13d3dfe-a7aa-4e77-932b-4a03cf9a588d{ip: 172.17.0.2, host: 8965a546ea16, ports: [REPLICATION=37131, RATIS=43115, RATIS_ADMIN=43115, RATIS_SERVER=43115, STANDALONE=45109], networkLocation: /default-rack, certSerialId: null, persistedOpState: IN_SERVICE, persistedOpStateExpiryEpochSec: 0}, ReplicationConfig: RATIS/THREE, State:ALLOCATED, leaderId:686a54b3-507b-4dc5-8065-04c582627b70, CreationTimestamp2021-04-24T02:05:37.370Z] moved to OPEN state
2021-04-24 02:05:45,289 [686a54b3-507b-4dc5-8065-04c582627b70@group-6FADA685E35F-LeaderElection10] INFO  server.RaftServerConfigKeys (ConfUtils.java:logGet(44)) - raft.server.log.appender.buffer.byte-limit = 33554432 (custom)
2021-04-24 02:05:45,289 [686a54b3-507b-4dc5-8065-04c582627b70@group-6FADA685E35F-LeaderElection10] INFO  server.RaftServerConfigKeys (ConfUtils.java:logGet(44)) - raft.server.log.appender.buffer.element-limit = 1 (custom)
2021-04-24 02:05:45,289 [686a54b3-507b-4dc5-8065-04c582627b70@group-6FADA685E35F-LeaderElection10] INFO  grpc.GrpcConfigKeys (ConfUtils.java:logGet(44)) - raft.grpc.server.leader.outstanding.appends.max = 128 (default)
2021-04-24 02:05:45,300 [686a54b3-507b-4dc5-8065-04c582627b70@group-6FADA685E35F-LeaderElection10] INFO  server.RaftServerConfigKeys (ConfUtils.java:logGet(44)) - raft.server.rpc.request.timeout = 3000ms (default)
2021-04-24 02:05:45,300 [686a54b3-507b-4dc5-8065-04c582627b70@group-6FADA685E35F-LeaderElection10] INFO  server.RaftServerConfigKeys (ConfUtils.java:logGet(44)) - raft.server.log.appender.install.snapshot.enabled = false (custom)
2021-04-24 02:05:45,300 [686a54b3-507b-4dc5-8065-04c582627b70@group-6FADA685E35F-LeaderElection10] INFO  metrics.RatisMetrics (RatisMetrics.java:lambda$create$0(36)) - Creating Metrics Registry : ratis_grpc.log_appender.686a54b3-507b-4dc5-8065-04c582627b70@group-6FADA685E35F
2021-04-24 02:05:45,300 [686a54b3-507b-4dc5-8065-04c582627b70@group-6FADA685E35F-LeaderElection10] INFO  server.RaftServerConfigKeys (ConfUtils.java:logGet(44)) - raft.server.log.appender.snapshot.chunk.size.max = 16MB (=16777216) (default)
2021-04-24 02:05:45,301 [686a54b3-507b-4dc5-8065-04c582627b70@group-6FADA685E35F-LeaderElection10] INFO  server.RaftServerConfigKeys (ConfUtils.java:logGet(44)) - raft.server.log.appender.buffer.byte-limit = 33554432 (custom)
2021-04-24 02:05:45,301 [686a54b3-507b-4dc5-8065-04c582627b70@group-6FADA685E35F-LeaderElection10] INFO  server.RaftServerConfigKeys (ConfUtils.java:logGet(44)) - raft.server.log.appender.buffer.element-limit = 1 (custom)
2021-04-24 02:05:45,301 [686a54b3-507b-4dc5-8065-04c582627b70@group-6FADA685E35F-LeaderElection10] INFO  grpc.GrpcConfigKeys (ConfUtils.java:logGet(44)) - raft.grpc.server.leader.outstanding.appends.max = 128 (default)
2021-04-24 02:05:45,301 [686a54b3-507b-4dc5-8065-04c582627b70@group-6FADA685E35F-LeaderElection10] INFO  server.RaftServerConfigKeys (ConfUtils.java:logGet(44)) - raft.server.rpc.request.timeout = 3000ms (default)
2021-04-24 02:05:45,301 [686a54b3-507b-4dc5-8065-04c582627b70@group-6FADA685E35F-LeaderElection10] INFO  server.RaftServerConfigKeys (ConfUtils.java:logGet(44)) - raft.server.log.appender.install.snapshot.enabled = false (custom)
2021-04-24 02:05:45,302 [686a54b3-507b-4dc5-8065-04c582627b70@group-6FADA685E35F-LeaderElection10] INFO  impl.RoleInfo (RoleInfo.java:updateAndGet(130)) - 686a54b3-507b-4dc5-8065-04c582627b70: start 686a54b3-507b-4dc5-8065-04c582627b70@group-6FADA685E35F-LeaderStateImpl
2021-04-24 02:05:45,302 [686a54b3-507b-4dc5-8065-04c582627b70@group-6FADA685E35F-LeaderElection10] INFO  segmented.SegmentedRaftLogWorker (SegmentedRaftLogWorker.java:startLogSegment(394)) - 686a54b3-507b-4dc5-8065-04c582627b70@group-6FADA685E35F-SegmentedRaftLogWorker: Starting segment from index:0
2021-04-24 02:05:45,308 [grpc-default-executor-0] INFO  ratis.XceiverServerRatis (XceiverServerRatis.java:handleLeaderChangedNotification(906)) - Leader change notification received for group: group-6FADA685E35F with new leaderId: 686a54b3-507b-4dc5-8065-04c582627b70
2021-04-24 02:05:45,309 [grpc-default-executor-0] INFO  server.RaftServer$Division (ServerState.java:setLeader(271)) - e13d3dfe-a7aa-4e77-932b-4a03cf9a588d@group-6FADA685E35F: change Leader from null to 686a54b3-507b-4dc5-8065-04c582627b70 at term 1 for appendEntries, leader elected after 5158ms
2021-04-24 02:05:45,308 [686a54b3-507b-4dc5-8065-04c582627b70@group-6FADA685E35F-LeaderElection10] INFO  server.RaftServer$Division (ServerState.java:setRaftConf(373)) - 686a54b3-507b-4dc5-8065-04c582627b70@group-6FADA685E35F: set configuration 0: [686a54b3-507b-4dc5-8065-04c582627b70|rpc:172.17.0.2:37165|dataStream:|priority:1, e13d3dfe-a7aa-4e77-932b-4a03cf9a588d|rpc:172.17.0.2:43115|dataStream:|priority:0, 506e7d51-44ea-40e0-a2b0-e730f7a28201|rpc:172.17.0.2:37821|dataStream:|priority:0], old=null
2021-04-24 02:05:45,310 [506e7d51-44ea-40e0-a2b0-e730f7a28201@group-6FADA685E35F-LeaderElection11] INFO  impl.LeaderElection (LeaderElection.java:askForVotes(306)) - 506e7d51-44ea-40e0-a2b0-e730f7a28201@group-6FADA685E35F-LeaderElection11 ELECTION round 0: submit vote requests at term 2 for -1: [686a54b3-507b-4dc5-8065-04c582627b70|rpc:172.17.0.2:37165|priority:1, e13d3dfe-a7aa-4e77-932b-4a03cf9a588d|rpc:172.17.0.2:43115|priority:0, 506e7d51-44ea-40e0-a2b0-e730f7a28201|rpc:172.17.0.2:37821|priority:0], old=null
2021-04-24 02:05:45,308 [686a54b3-507b-4dc5-8065-04c582627b70@group-6FADA685E35F-SegmentedRaftLogWorker] INFO  segmented.SegmentedRaftLogWorker (SegmentedRaftLogWorker.java:execute(601)) - 686a54b3-507b-4dc5-8065-04c582627b70@group-6FADA685E35F-SegmentedRaftLogWorker: created new log segment /github/workspace/mnt/ozone/hadoop-ozone/integration-test/target/test-dir/MiniOzoneClusterImpl-6998a6cc-0dbe-4d56-81dc-8335dc1dcef2/datanode-4/data/ratis/0099ddbe-d464-4c63-af52-6fada685e35f/current/log_inprogress_0
2021-04-24 02:05:45,312 [grpc-default-executor-0] INFO  server.RaftServer$Division (ServerState.java:setRaftConf(373)) - e13d3dfe-a7aa-4e77-932b-4a03cf9a588d@group-6FADA685E35F: set configuration 0: [686a54b3-507b-4dc5-8065-04c582627b70|rpc:172.17.0.2:37165|dataStream:|priority:1, e13d3dfe-a7aa-4e77-932b-4a03cf9a588d|rpc:172.17.0.2:43115|dataStream:|priority:0, 506e7d51-44ea-40e0-a2b0-e730f7a28201|rpc:172.17.0.2:37821|dataStream:|priority:0], old=null
2021-04-24 02:05:45,320 [grpc-default-executor-0] INFO  segmented.SegmentedRaftLogWorker (SegmentedRaftLogWorker.java:startLogSegment(394)) - e13d3dfe-a7aa-4e77-932b-4a03cf9a588d@group-6FADA685E35F-SegmentedRaftLogWorker: Starting segment from index:0
2021-04-24 02:05:45,322 [e13d3dfe-a7aa-4e77-932b-4a03cf9a588d@group-6FADA685E35F-SegmentedRaftLogWorker] INFO  segmented.SegmentedRaftLogWorker (SegmentedRaftLogWorker.java:execute(601)) - e13d3dfe-a7aa-4e77-932b-4a03cf9a588d@group-6FADA685E35F-SegmentedRaftLogWorker: created new log segment /github/workspace/mnt/ozone/hadoop-ozone/integration-test/target/test-dir/MiniOzoneClusterImpl-6998a6cc-0dbe-4d56-81dc-8335dc1dcef2/datanode-5/data/ratis/0099ddbe-d464-4c63-af52-6fada685e35f/current/log_inprogress_0
2021-04-24 02:05:45,332 [686a54b3-507b-4dc5-8065-04c582627b70@group-6FADA685E35F-LeaderStateImpl] INFO  server.RaftServer$Division (ServerState.java:setLeader(271)) - 686a54b3-507b-4dc5-8065-04c582627b70@group-6FADA685E35F: change Leader from 686a54b3-507b-4dc5-8065-04c582627b70 to null at term 2 for updateCurrentTerm
2021-04-24 02:05:45,332 [686a54b3-507b-4dc5-8065-04c582627b70@group-6FADA685E35F-LeaderStateImpl] INFO  server.RaftServer$Division (RaftServerImpl.java:setRole(284)) - 686a54b3-507b-4dc5-8065-04c582627b70@group-6FADA685E35F: changes role from    LEADER to FOLLOWER at term 2 for StepDownReason:HIGHER_TERM
2021-04-24 02:05:45,332 [686a54b3-507b-4dc5-8065-04c582627b70@group-6FADA685E35F-LeaderStateImpl] INFO  impl.RoleInfo (RoleInfo.java:shutdownLeaderState(91)) - 686a54b3-507b-4dc5-8065-04c582627b70: shutdown 686a54b3-507b-4dc5-8065-04c582627b70@group-6FADA685E35F-LeaderStateImpl
2021-04-24 02:05:45,333 [686a54b3-507b-4dc5-8065-04c582627b70@group-6FADA685E35F-LeaderStateImpl] INFO  metrics.RatisMetrics (RatisMetrics.java:unregister(43)) - Unregistering Metrics Registry : ratis_grpc.log_appender.686a54b3-507b-4dc5-8065-04c582627b70@group-6FADA685E35F
2021-04-24 02:05:45,333 [686a54b3-507b-4dc5-8065-04c582627b70@group-6FADA685E35F-LeaderStateImpl] INFO  metrics.RatisMetrics (RatisMetrics.java:unregister(43)) - Unregistering Metrics Registry : ratis_grpc.log_appender.686a54b3-507b-4dc5-8065-04c582627b70@group-6FADA685E35F
2021-04-24 02:05:45,333 [686a54b3-507b-4dc5-8065-04c582627b70@group-6FADA685E35F->e13d3dfe-a7aa-4e77-932b-4a03cf9a588d-GrpcLogAppender-LogAppenderDaemon] WARN  server.GrpcLogAppender (GrpcLogAppender.java:mayWait(175)) - 686a54b3-507b-4dc5-8065-04c582627b70@group-6FADA685E35F->e13d3dfe-a7aa-4e77-932b-4a03cf9a588d-GrpcLogAppender: Wait interrupted by java.lang.InterruptedException
2021-04-24 02:05:45,334 [686a54b3-507b-4dc5-8065-04c582627b70@group-6FADA685E35F-LeaderStateImpl] INFO  impl.PendingRequests (PendingRequests.java:sendNotLeaderResponses(249)) - 686a54b3-507b-4dc5-8065-04c582627b70@group-6FADA685E35F-PendingRequests: sendNotLeaderResponses
2021-04-24 02:05:45,335 [686a54b3-507b-4dc5-8065-04c582627b70@group-6FADA685E35F-LeaderStateImpl] INFO  metrics.RatisMetrics (RatisMetrics.java:unregister(43)) - Unregistering Metrics Registry : ratis.log_appender.686a54b3-507b-4dc5-8065-04c582627b70@group-6FADA685E35F
2021-04-24 02:05:45,337 [686a54b3-507b-4dc5-8065-04c582627b70@group-6FADA685E35F-LeaderStateImpl] INFO  metrics.RatisMetrics (RatisMetrics.java:unregister(43)) - Unregistering Metrics Registry : ratis.server.686a54b3-507b-4dc5-8065-04c582627b70@group-6FADA685E35F
2021-04-24 02:05:45,337 [grpc-default-executor-2] INFO  server.GrpcServerProtocolService (GrpcServerProtocolService.java:onCompleted(140)) - e13d3dfe-a7aa-4e77-932b-4a03cf9a588d: Completed APPEND_ENTRIES, lastRequest: 686a54b3-507b-4dc5-8065-04c582627b70->e13d3dfe-a7aa-4e77-932b-4a03cf9a588d#1-t1,previous=(t:0, i:0),leaderCommit=-1,initializing? true,entries: size=1, first=(t:1, i:0), CONFIGURATIONENTRY
2021-04-24 02:05:45,338 [686a54b3-507b-4dc5-8065-04c582627b70@group-6FADA685E35F-LeaderStateImpl] INFO  impl.RoleInfo (RoleInfo.java:updateAndGet(130)) - 686a54b3-507b-4dc5-8065-04c582627b70: start 686a54b3-507b-4dc5-8065-04c582627b70@group-6FADA685E35F-FollowerState
2021-04-24 02:05:45,337 [686a54b3-507b-4dc5-8065-04c582627b70@group-6FADA685E35F->506e7d51-44ea-40e0-a2b0-e730f7a28201-GrpcLogAppender-LogAppenderDaemon] WARN  server.GrpcLogAppender (GrpcLogAppender.java:mayWait(175)) - 686a54b3-507b-4dc5-8065-04c582627b70@group-6FADA685E35F->506e7d51-44ea-40e0-a2b0-e730f7a28201-GrpcLogAppender: Wait interrupted by java.lang.InterruptedException
2021-04-24 02:05:45,338 [grpc-default-executor-0] INFO  server.GrpcLogAppender (GrpcLogAppender.java:onCompleted(344)) - 686a54b3-507b-4dc5-8065-04c582627b70@group-6FADA685E35F->e13d3dfe-a7aa-4e77-932b-4a03cf9a588d-AppendLogResponseHandler: follower responses appendEntries COMPLETED
2021-04-24 02:05:45,343 [grpc-default-executor-3] INFO  server.RaftServer$Division (RaftServerImpl.java:requestVote(1042)) - e13d3dfe-a7aa-4e77-932b-4a03cf9a588d@group-6FADA685E35F: receive requestVote(ELECTION, 506e7d51-44ea-40e0-a2b0-e730f7a28201, group-6FADA685E35F, 2, (t:0, i:0))
2021-04-24 02:05:45,343 [686a54b3-507b-4dc5-8065-04c582627b70@group-D4A07DABF2D2-FollowerState] INFO  impl.FollowerState (FollowerState.java:run(134)) - 686a54b3-507b-4dc5-8065-04c582627b70@group-D4A07DABF2D2-FollowerState: change to CANDIDATE, lastRpcElapsedTime:5163537489ns, electionTimeout:5156ms
2021-04-24 02:05:45,343 [686a54b3-507b-4dc5-8065-04c582627b70@group-D4A07DABF2D2-FollowerState] INFO  impl.RoleInfo (RoleInfo.java:shutdownFollowerState(108)) - 686a54b3-507b-4dc5-8065-04c582627b70: shutdown 686a54b3-507b-4dc5-8065-04c582627b70@group-D4A07DABF2D2-FollowerState
2021-04-24 02:05:45,343 [686a54b3-507b-4dc5-8065-04c582627b70@group-D4A07DABF2D2-FollowerState] INFO  server.RaftServer$Division (RaftServerImpl.java:setRole(284)) - 686a54b3-507b-4dc5-8065-04c582627b70@group-D4A07DABF2D2: changes role from  FOLLOWER to CANDIDATE at term 0 for changeToCandidate
2021-04-24 02:05:45,343 [686a54b3-507b-4dc5-8065-04c582627b70@group-D4A07DABF2D2-FollowerState] INFO  server.RaftServerConfigKeys (ConfUtils.java:logGet(44)) - raft.server.leaderelection.pre-vote = false (custom)
2021-04-24 02:05:45,343 [686a54b3-507b-4dc5-8065-04c582627b70@group-D4A07DABF2D2-FollowerState] INFO  impl.RoleInfo (RoleInfo.java:updateAndGet(130)) - 686a54b3-507b-4dc5-8065-04c582627b70: start 686a54b3-507b-4dc5-8065-04c582627b70@group-D4A07DABF2D2-LeaderElection12
2021-04-24 02:05:45,344 [grpc-default-executor-0] INFO  leader.FollowerInfo (FollowerInfoImpl.java:lambda$new$0(46)) - 686a54b3-507b-4dc5-8065-04c582627b70@group-6FADA685E35F->e13d3dfe-a7aa-4e77-932b-4a03cf9a588d: nextIndex: updateUnconditionally 1 -> 0
2021-04-24 02:05:45,345 [grpc-default-executor-3] INFO  impl.VoteContext (VoteContext.java:log(48)) - e13d3dfe-a7aa-4e77-932b-4a03cf9a588d@group-6FADA685E35F-FOLLOWER: reject ELECTION from 506e7d51-44ea-40e0-a2b0-e730f7a28201: our last entry (t:1, i:0) > candidate's last entry (t:0, i:0)
2021-04-24 02:05:45,345 [grpc-default-executor-3] INFO  server.RaftServer$Division (ServerState.java:setLeader(271)) - e13d3dfe-a7aa-4e77-932b-4a03cf9a588d@group-6FADA685E35F: change Leader from 686a54b3-507b-4dc5-8065-04c582627b70 to null at term 2 for updateCurrentTerm
2021-04-24 02:05:45,345 [grpc-default-executor-3] INFO  server.RaftServer$Division (RaftServerImpl.java:setRole(284)) - e13d3dfe-a7aa-4e77-932b-4a03cf9a588d@group-6FADA685E35F: changes role from  FOLLOWER to FOLLOWER at term 2 for candidate:506e7d51-44ea-40e0-a2b0-e730f7a28201
2021-04-24 02:05:45,352 [grpc-default-executor-3] INFO  impl.RoleInfo (RoleInfo.java:shutdownFollowerState(108)) - e13d3dfe-a7aa-4e77-932b-4a03cf9a588d: shutdown e13d3dfe-a7aa-4e77-932b-4a03cf9a588d@group-6FADA685E35F-FollowerState
2021-04-24 02:05:45,352 [grpc-default-executor-3] INFO  impl.RoleInfo (RoleInfo.java:updateAndGet(130)) - e13d3dfe-a7aa-4e77-932b-4a03cf9a588d: start e13d3dfe-a7aa-4e77-932b-4a03cf9a588d@group-6FADA685E35F-FollowerState
2021-04-24 02:05:45,352 [grpc-default-executor-0] INFO  server.RaftServer$Division (RaftServerImpl.java:requestVote(1042)) - 686a54b3-507b-4dc5-8065-04c582627b70@group-6FADA685E35F: receive requestVote(ELECTION, 506e7d51-44ea-40e0-a2b0-e730f7a28201, group-6FADA685E35F, 2, (t:0, i:0))
2021-04-24 02:05:45,342 [grpc-default-executor-1] INFO  server.GrpcServerProtocolService (GrpcServerProtocolService.java:onCompleted(140)) - 506e7d51-44ea-40e0-a2b0-e730f7a28201: Completed APPEND_ENTRIES, lastRequest: 686a54b3-507b-4dc5-8065-04c582627b70->506e7d51-44ea-40e0-a2b0-e730f7a28201#1-t1,previous=(t:0, i:0),leaderCommit=0,initializing? true,entries: size=1, first=(t:1, i:0), CONFIGURATIONENTRY
2021-04-24 02:05:45,352 [grpc-default-executor-0] INFO  impl.VoteContext (VoteContext.java:log(48)) - 686a54b3-507b-4dc5-8065-04c582627b70@group-6FADA685E35F-FOLLOWER: reject ELECTION from 506e7d51-44ea-40e0-a2b0-e730f7a28201: our last entry (t:1, i:0) > candidate's last entry (t:0, i:0)
2021-04-24 02:05:45,353 [grpc-default-executor-0] INFO  server.RaftServer$Division (RaftServerImpl.java:setRole(284)) - 686a54b3-507b-4dc5-8065-04c582627b70@group-6FADA685E35F: changes role from  FOLLOWER to FOLLOWER at term 2 for candidate:506e7d51-44ea-40e0-a2b0-e730f7a28201
2021-04-24 02:05:45,353 [grpc-default-executor-0] INFO  impl.RoleInfo (RoleInfo.java:shutdownFollowerState(108)) - 686a54b3-507b-4dc5-8065-04c582627b70: shutdown 686a54b3-507b-4dc5-8065-04c582627b70@group-6FADA685E35F-FollowerState
2021-04-24 02:05:45,353 [grpc-default-executor-0] INFO  impl.RoleInfo (RoleInfo.java:updateAndGet(130)) - 686a54b3-507b-4dc5-8065-04c582627b70: start 686a54b3-507b-4dc5-8065-04c582627b70@group-6FADA685E35F-FollowerState
2021-04-24 02:05:45,352 [e13d3dfe-a7aa-4e77-932b-4a03cf9a588d@group-6FADA685E35F-FollowerState] INFO  impl.FollowerState (FollowerState.java:run(143)) - e13d3dfe-a7aa-4e77-932b-4a03cf9a588d@group-6FADA685E35F-FollowerState was interrupted: {}
java.lang.InterruptedException: sleep interrupted
	at java.lang.Thread.sleep(Native Method)
	at java.lang.Thread.sleep(Thread.java:340)
	at java.util.concurrent.TimeUnit.sleep(TimeUnit.java:386)
	at org.apache.ratis.util.TimeDuration.sleep(TimeDuration.java:324)
	at org.apache.ratis.util.TimeDuration.sleep(TimeDuration.java:309)
	at org.apache.ratis.server.impl.FollowerState.run(FollowerState.java:118)
2021-04-24 02:05:45,353 [grpc-default-executor-2] INFO  server.GrpcLogAppender (GrpcLogAppender.java:onCompleted(344)) - 686a54b3-507b-4dc5-8065-04c582627b70@group-6FADA685E35F->506e7d51-44ea-40e0-a2b0-e730f7a28201-AppendLogResponseHandler: follower responses appendEntries COMPLETED
2021-04-24 02:05:45,353 [grpc-default-executor-0] INFO  server.RaftServer$Division (RaftServerImpl.java:requestVote(1074)) - 686a54b3-507b-4dc5-8065-04c582627b70@group-6FADA685E35F replies to ELECTION vote request: 506e7d51-44ea-40e0-a2b0-e730f7a28201<-686a54b3-507b-4dc5-8065-04c582627b70#0:FAIL-t2. Peer's state: 686a54b3-507b-4dc5-8065-04c582627b70@group-6FADA685E35F:t2, leader=null, voted=null, raftlog=686a54b3-507b-4dc5-8065-04c582627b70@group-6FADA685E35F-SegmentedRaftLog:OPENED:c0,f0,i0, conf=0: [686a54b3-507b-4dc5-8065-04c582627b70|rpc:172.17.0.2:37165|dataStream:|priority:1, e13d3dfe-a7aa-4e77-932b-4a03cf9a588d|rpc:172.17.0.2:43115|dataStream:|priority:0, 506e7d51-44ea-40e0-a2b0-e730f7a28201|rpc:172.17.0.2:37821|dataStream:|priority:0], old=null
2021-04-24 02:05:45,359 [grpc-default-executor-3] INFO  server.RaftServer$Division (RaftServerImpl.java:requestVote(1074)) - e13d3dfe-a7aa-4e77-932b-4a03cf9a588d@group-6FADA685E35F replies to ELECTION vote request: 506e7d51-44ea-40e0-a2b0-e730f7a28201<-e13d3dfe-a7aa-4e77-932b-4a03cf9a588d#0:FAIL-t2. Peer's state: e13d3dfe-a7aa-4e77-932b-4a03cf9a588d@group-6FADA685E35F:t2, leader=null, voted=null, raftlog=e13d3dfe-a7aa-4e77-932b-4a03cf9a588d@group-6FADA685E35F-SegmentedRaftLog:OPENED:c0,f0,i0, conf=0: [686a54b3-507b-4dc5-8065-04c582627b70|rpc:172.17.0.2:37165|dataStream:|priority:1, e13d3dfe-a7aa-4e77-932b-4a03cf9a588d|rpc:172.17.0.2:43115|dataStream:|priority:0, 506e7d51-44ea-40e0-a2b0-e730f7a28201|rpc:172.17.0.2:37821|dataStream:|priority:0], old=null
2021-04-24 02:05:45,360 [506e7d51-44ea-40e0-a2b0-e730f7a28201@group-6FADA685E35F-LeaderElection11] INFO  impl.LeaderElection (LeaderElection.java:logAndReturn(89)) - 506e7d51-44ea-40e0-a2b0-e730f7a28201@group-6FADA685E35F-LeaderElection11: ELECTION REJECTED received 1 response(s) and 0 exception(s):
2021-04-24 02:05:45,353 [grpc-default-executor-2] INFO  leader.FollowerInfo (FollowerInfoImpl.java:lambda$new$0(46)) - 686a54b3-507b-4dc5-8065-04c582627b70@group-6FADA685E35F->506e7d51-44ea-40e0-a2b0-e730f7a28201: nextIndex: updateUnconditionally 1 -> 0
2021-04-24 02:05:45,363 [686a54b3-507b-4dc5-8065-04c582627b70@group-D4A07DABF2D2-LeaderElection12] INFO  impl.LeaderElection (LeaderElection.java:askForVotes(306)) - 686a54b3-507b-4dc5-8065-04c582627b70@group-D4A07DABF2D2-LeaderElection12 ELECTION round 0: submit vote requests at term 1 for -1: [686a54b3-507b-4dc5-8065-04c582627b70|rpc:172.17.0.2:37165|priority:1], old=null
2021-04-24 02:05:45,364 [686a54b3-507b-4dc5-8065-04c582627b70@group-D4A07DABF2D2-LeaderElection12] INFO  impl.LeaderElection (LeaderElection.java:askForVotes(308)) - 686a54b3-507b-4dc5-8065-04c582627b70@group-D4A07DABF2D2-LeaderElection12 ELECTION round 0: result PASSED (term=1)
2021-04-24 02:05:45,364 [686a54b3-507b-4dc5-8065-04c582627b70@group-D4A07DABF2D2-LeaderElection12] INFO  impl.RoleInfo (RoleInfo.java:shutdownLeaderElection(121)) - 686a54b3-507b-4dc5-8065-04c582627b70: shutdown 686a54b3-507b-4dc5-8065-04c582627b70@group-D4A07DABF2D2-LeaderElection12
2021-04-24 02:05:45,364 [686a54b3-507b-4dc5-8065-04c582627b70@group-D4A07DABF2D2-LeaderElection12] INFO  server.RaftServer$Division (RaftServerImpl.java:setRole(284)) - 686a54b3-507b-4dc5-8065-04c582627b70@group-D4A07DABF2D2: changes role from CANDIDATE to LEADER at term 1 for changeToLeader
2021-04-24 02:05:45,364 [686a54b3-507b-4dc5-8065-04c582627b70@group-D4A07DABF2D2-LeaderElection12] INFO  ratis.XceiverServerRatis (XceiverServerRatis.java:handleLeaderChangedNotification(906)) - Leader change notification received for group: group-D4A07DABF2D2 with new leaderId: 686a54b3-507b-4dc5-8065-04c582627b70
2021-04-24 02:05:45,364 [686a54b3-507b-4dc5-8065-04c582627b70@group-D4A07DABF2D2-LeaderElection12] INFO  server.RaftServer$Division (ServerState.java:setLeader(271)) - 686a54b3-507b-4dc5-8065-04c582627b70@group-D4A07DABF2D2: change Leader from null to 686a54b3-507b-4dc5-8065-04c582627b70 at term 1 for becomeLeader, leader elected after 5198ms
2021-04-24 02:05:45,364 [686a54b3-507b-4dc5-8065-04c582627b70@group-D4A07DABF2D2-LeaderElection12] INFO  server.RaftServerConfigKeys (ConfUtils.java:logGet(44)) - raft.server.staging.catchup.gap = 1000 (default)
2021-04-24 02:05:45,365 [686a54b3-507b-4dc5-8065-04c582627b70@group-D4A07DABF2D2-LeaderElection12] INFO  metrics.RatisMetrics (RatisMetrics.java:lambda$create$0(36)) - Creating Metrics Registry : ratis.log_appender.686a54b3-507b-4dc5-8065-04c582627b70@group-D4A07DABF2D2
2021-04-24 02:05:45,365 [686a54b3-507b-4dc5-8065-04c582627b70@group-D4A07DABF2D2-LeaderElection12] INFO  server.RaftServerConfigKeys (ConfUtils.java:logGet(44)) - raft.server.write.element-limit = 1024 (custom)
2021-04-24 02:05:45,365 [686a54b3-507b-4dc5-8065-04c582627b70@group-D4A07DABF2D2-LeaderElection12] INFO  server.RaftServerConfigKeys (ConfUtils.java:logGet(44)) - raft.server.write.byte-limit = 1073741824 (custom)
2021-04-24 02:05:45,365 [686a54b3-507b-4dc5-8065-04c582627b70@group-D4A07DABF2D2-LeaderElection12] INFO  server.RaftServerConfigKeys (ConfUtils.java:logGet(44)) - raft.server.watch.timeout = 3000ms (custom)
2021-04-24 02:05:45,365 [686a54b3-507b-4dc5-8065-04c582627b70@group-D4A07DABF2D2-LeaderElection12] INFO  server.RaftServerConfigKeys (ConfUtils.java:logGet(44)) - raft.server.watch.timeout.denomination = 1s (default)
2021-04-24 02:05:45,365 [686a54b3-507b-4dc5-8065-04c582627b70@group-D4A07DABF2D2-LeaderElection12] INFO  server.RaftServerConfigKeys (ConfUtils.java:logGet(44)) - raft.server.watch.element-limit = 65536 (default)
2021-04-24 02:05:45,365 [686a54b3-507b-4dc5-8065-04c582627b70@group-D4A07DABF2D2-LeaderElection12] INFO  impl.RoleInfo (RoleInfo.java:updateAndGet(130)) - 686a54b3-507b-4dc5-8065-04c582627b70: start 686a54b3-507b-4dc5-8065-04c582627b70@group-D4A07DABF2D2-LeaderStateImpl
2021-04-24 02:05:45,366 [686a54b3-507b-4dc5-8065-04c582627b70@group-D4A07DABF2D2-LeaderElection12] INFO  segmented.SegmentedRaftLogWorker (SegmentedRaftLogWorker.java:startLogSegment(394)) - 686a54b3-507b-4dc5-8065-04c582627b70@group-D4A07DABF2D2-SegmentedRaftLogWorker: Starting segment from index:0
2021-04-24 02:05:45,363 [506e7d51-44ea-40e0-a2b0-e730f7a28201@group-6FADA685E35F-LeaderElection11] INFO  impl.LeaderElection (LeaderElection.java:logAndReturn(93)) -   Response 0: 506e7d51-44ea-40e0-a2b0-e730f7a28201<-686a54b3-507b-4dc5-8065-04c582627b70#0:FAIL-t2
2021-04-24 02:05:45,367 [686a54b3-507b-4dc5-8065-04c582627b70@group-D4A07DABF2D2-SegmentedRaftLogWorker] INFO  segmented.SegmentedRaftLogWorker (SegmentedRaftLogWorker.java:execute(601)) - 686a54b3-507b-4dc5-8065-04c582627b70@group-D4A07DABF2D2-SegmentedRaftLogWorker: created new log segment /github/workspace/mnt/ozone/hadoop-ozone/integration-test/target/test-dir/MiniOzoneClusterImpl-6998a6cc-0dbe-4d56-81dc-8335dc1dcef2/datanode-4/data/ratis/a6cd1a83-cb4a-45a2-802f-d4a07dabf2d2/current/log_inprogress_0
2021-04-24 02:05:45,371 [506e7d51-44ea-40e0-a2b0-e730f7a28201@group-6FADA685E35F-LeaderElection11] INFO  impl.LeaderElection (LeaderElection.java:askForVotes(308)) - 506e7d51-44ea-40e0-a2b0-e730f7a28201@group-6FADA685E35F-LeaderElection11 ELECTION round 0: result REJECTED
2021-04-24 02:05:45,371 [506e7d51-44ea-40e0-a2b0-e730f7a28201@group-6FADA685E35F-LeaderElection11] INFO  server.RaftServer$Division (RaftServerImpl.java:setRole(284)) - 506e7d51-44ea-40e0-a2b0-e730f7a28201@group-6FADA685E35F: changes role from CANDIDATE to FOLLOWER at term 2 for REJECTED
2021-04-24 02:05:45,371 [506e7d51-44ea-40e0-a2b0-e730f7a28201@group-6FADA685E35F-LeaderElection11] INFO  impl.RoleInfo (RoleInfo.java:shutdownLeaderElection(121)) - 506e7d51-44ea-40e0-a2b0-e730f7a28201: shutdown 506e7d51-44ea-40e0-a2b0-e730f7a28201@group-6FADA685E35F-LeaderElection11
2021-04-24 02:05:45,371 [506e7d51-44ea-40e0-a2b0-e730f7a28201@group-6FADA685E35F-LeaderElection11] INFO  impl.RoleInfo (RoleInfo.java:updateAndGet(130)) - 506e7d51-44ea-40e0-a2b0-e730f7a28201: start 506e7d51-44ea-40e0-a2b0-e730f7a28201@group-6FADA685E35F-FollowerState
2021-04-24 02:05:45,383 [686a54b3-507b-4dc5-8065-04c582627b70@group-D4A07DABF2D2-LeaderElection12] INFO  server.RaftServer$Division (ServerState.java:setRaftConf(373)) - 686a54b3-507b-4dc5-8065-04c582627b70@group-D4A07DABF2D2: set configuration 0: [686a54b3-507b-4dc5-8065-04c582627b70|rpc:172.17.0.2:37165|dataStream:|priority:1], old=null
2021-04-24 02:05:45,423 [e13d3dfe-a7aa-4e77-932b-4a03cf9a588d@group-5599E7B703B3-FollowerState] INFO  impl.FollowerState (FollowerState.java:run(134)) - e13d3dfe-a7aa-4e77-932b-4a03cf9a588d@group-5599E7B703B3-FollowerState: change to CANDIDATE, lastRpcElapsedTime:5051337851ns, electionTimeout:5048ms
2021-04-24 02:05:45,423 [e13d3dfe-a7aa-4e77-932b-4a03cf9a588d@group-5599E7B703B3-FollowerState] INFO  impl.RoleInfo (RoleInfo.java:shutdownFollowerState(108)) - e13d3dfe-a7aa-4e77-932b-4a03cf9a588d: shutdown e13d3dfe-a7aa-4e77-932b-4a03cf9a588d@group-5599E7B703B3-FollowerState
2021-04-24 02:05:45,423 [e13d3dfe-a7aa-4e77-932b-4a03cf9a588d@group-5599E7B703B3-FollowerState] INFO  server.RaftServer$Division (RaftServerImpl.java:setRole(284)) - e13d3dfe-a7aa-4e77-932b-4a03cf9a588d@group-5599E7B703B3: changes role from  FOLLOWER to CANDIDATE at term 0 for changeToCandidate
2021-04-24 02:05:45,423 [e13d3dfe-a7aa-4e77-932b-4a03cf9a588d@group-5599E7B703B3-FollowerState] INFO  server.RaftServerConfigKeys (ConfUtils.java:logGet(44)) - raft.server.leaderelection.pre-vote = false (custom)
2021-04-24 02:05:45,423 [e13d3dfe-a7aa-4e77-932b-4a03cf9a588d@group-5599E7B703B3-FollowerState] INFO  impl.RoleInfo (RoleInfo.java:updateAndGet(130)) - e13d3dfe-a7aa-4e77-932b-4a03cf9a588d: start e13d3dfe-a7aa-4e77-932b-4a03cf9a588d@group-5599E7B703B3-LeaderElection13
2021-04-24 02:05:45,427 [e13d3dfe-a7aa-4e77-932b-4a03cf9a588d@group-5599E7B703B3-LeaderElection13] INFO  impl.LeaderElection (LeaderElection.java:askForVotes(306)) - e13d3dfe-a7aa-4e77-932b-4a03cf9a588d@group-5599E7B703B3-LeaderElection13 ELECTION round 0: submit vote requests at term 1 for -1: [e13d3dfe-a7aa-4e77-932b-4a03cf9a588d|rpc:172.17.0.2:43115|priority:1], old=null
2021-04-24 02:05:45,427 [e13d3dfe-a7aa-4e77-932b-4a03cf9a588d@group-5599E7B703B3-LeaderElection13] INFO  impl.LeaderElection (LeaderElection.java:askForVotes(308)) - e13d3dfe-a7aa-4e77-932b-4a03cf9a588d@group-5599E7B703B3-LeaderElection13 ELECTION round 0: result PASSED (term=1)
2021-04-24 02:05:45,427 [e13d3dfe-a7aa-4e77-932b-4a03cf9a588d@group-5599E7B703B3-LeaderElection13] INFO  impl.RoleInfo (RoleInfo.java:shutdownLeaderElection(121)) - e13d3dfe-a7aa-4e77-932b-4a03cf9a588d: shutdown e13d3dfe-a7aa-4e77-932b-4a03cf9a588d@group-5599E7B703B3-LeaderElection13
2021-04-24 02:05:45,427 [e13d3dfe-a7aa-4e77-932b-4a03cf9a588d@group-5599E7B703B3-LeaderElection13] INFO  server.RaftServer$Division (RaftServerImpl.java:setRole(284)) - e13d3dfe-a7aa-4e77-932b-4a03cf9a588d@group-5599E7B703B3: changes role from CANDIDATE to LEADER at term 1 for changeToLeader
2021-04-24 02:05:45,427 [e13d3dfe-a7aa-4e77-932b-4a03cf9a588d@group-5599E7B703B3-LeaderElection13] INFO  ratis.XceiverServerRatis (XceiverServerRatis.java:handleLeaderChangedNotification(906)) - Leader change notification received for group: group-5599E7B703B3 with new leaderId: e13d3dfe-a7aa-4e77-932b-4a03cf9a588d
2021-04-24 02:05:45,427 [e13d3dfe-a7aa-4e77-932b-4a03cf9a588d@group-5599E7B703B3-LeaderElection13] INFO  server.RaftServer$Division (ServerState.java:setLeader(271)) - e13d3dfe-a7aa-4e77-932b-4a03cf9a588d@group-5599E7B703B3: change Leader from null to e13d3dfe-a7aa-4e77-932b-4a03cf9a588d at term 1 for becomeLeader, leader elected after 5063ms
2021-04-24 02:05:45,427 [e13d3dfe-a7aa-4e77-932b-4a03cf9a588d@group-5599E7B703B3-LeaderElection13] INFO  server.RaftServerConfigKeys (ConfUtils.java:logGet(44)) - raft.server.staging.catchup.gap = 1000 (default)
2021-04-24 02:05:45,427 [e13d3dfe-a7aa-4e77-932b-4a03cf9a588d@group-5599E7B703B3-LeaderElection13] INFO  metrics.RatisMetrics (RatisMetrics.java:lambda$create$0(36)) - Creating Metrics Registry : ratis.log_appender.e13d3dfe-a7aa-4e77-932b-4a03cf9a588d@group-5599E7B703B3
2021-04-24 02:05:45,427 [e13d3dfe-a7aa-4e77-932b-4a03cf9a588d@group-5599E7B703B3-LeaderElection13] INFO  server.RaftServerConfigKeys (ConfUtils.java:logGet(44)) - raft.server.write.element-limit = 1024 (custom)
2021-04-24 02:05:45,427 [e13d3dfe-a7aa-4e77-932b-4a03cf9a588d@group-5599E7B703B3-LeaderElection13] INFO  server.RaftServerConfigKeys (ConfUtils.java:logGet(44)) - raft.server.write.byte-limit = 1073741824 (custom)
2021-04-24 02:05:45,428 [e13d3dfe-a7aa-4e77-932b-4a03cf9a588d@group-5599E7B703B3-LeaderElection13] INFO  server.RaftServerConfigKeys (ConfUtils.java:logGet(44)) - raft.server.watch.timeout = 3000ms (custom)
2021-04-24 02:05:45,428 [e13d3dfe-a7aa-4e77-932b-4a03cf9a588d@group-5599E7B703B3-LeaderElection13] INFO  server.RaftServerConfigKeys (ConfUtils.java:logGet(44)) - raft.server.watch.timeout.denomination = 1s (default)
2021-04-24 02:05:45,428 [e13d3dfe-a7aa-4e77-932b-4a03cf9a588d@group-5599E7B703B3-LeaderElection13] INFO  server.RaftServerConfigKeys (ConfUtils.java:logGet(44)) - raft.server.watch.element-limit = 65536 (default)
2021-04-24 02:05:45,429 [e13d3dfe-a7aa-4e77-932b-4a03cf9a588d@group-5599E7B703B3-LeaderElection13] INFO  impl.RoleInfo (RoleInfo.java:updateAndGet(130)) - e13d3dfe-a7aa-4e77-932b-4a03cf9a588d: start e13d3dfe-a7aa-4e77-932b-4a03cf9a588d@group-5599E7B703B3-LeaderStateImpl
2021-04-24 02:05:45,429 [e13d3dfe-a7aa-4e77-932b-4a03cf9a588d@group-5599E7B703B3-LeaderElection13] INFO  segmented.SegmentedRaftLogWorker (SegmentedRaftLogWorker.java:startLogSegment(394)) - e13d3dfe-a7aa-4e77-932b-4a03cf9a588d@group-5599E7B703B3-SegmentedRaftLogWorker: Starting segment from index:0
2021-04-24 02:05:45,431 [e13d3dfe-a7aa-4e77-932b-4a03cf9a588d@group-5599E7B703B3-SegmentedRaftLogWorker] INFO  segmented.SegmentedRaftLogWorker (SegmentedRaftLogWorker.java:execute(601)) - e13d3dfe-a7aa-4e77-932b-4a03cf9a588d@group-5599E7B703B3-SegmentedRaftLogWorker: created new log segment /github/workspace/mnt/ozone/hadoop-ozone/integration-test/target/test-dir/MiniOzoneClusterImpl-6998a6cc-0dbe-4d56-81dc-8335dc1dcef2/datanode-5/data/ratis/838ab7dd-1493-47cd-93b6-5599e7b703b3/current/log_inprogress_0
2021-04-24 02:05:45,436 [e13d3dfe-a7aa-4e77-932b-4a03cf9a588d@group-5599E7B703B3-LeaderElection13] INFO  server.RaftServer$Division (ServerState.java:setRaftConf(373)) - e13d3dfe-a7aa-4e77-932b-4a03cf9a588d@group-5599E7B703B3: set configuration 0: [e13d3dfe-a7aa-4e77-932b-4a03cf9a588d|rpc:172.17.0.2:43115|dataStream:|priority:1], old=null
2021-04-24 02:05:45,572 [Listener at 127.0.0.1/41437] INFO  ozone.MiniOzoneClusterImpl (MiniOzoneClusterImpl.java:lambda$waitForClusterToBeReady$0(223)) - Nodes are ready. Got 7 of 7 DN Heartbeats.
2021-04-24 02:05:45,572 [Listener at 127.0.0.1/41437] INFO  ozone.MiniOzoneClusterImpl (MiniOzoneClusterImpl.java:lambda$waitForClusterToBeReady$0(226)) - Cluster exits safe mode
2021-04-24 02:05:45,573 [Listener at 127.0.0.1/41437] INFO  ozone.MiniOzoneClusterImpl (MiniOzoneClusterImpl.java:lambda$waitForClusterToBeReady$0(229)) - SCM became leader
2021-04-24 02:05:45,626 [f0c69f70-c4af-4c4b-aa2e-1c77f1405a64@group-807D9659B3C4-FollowerState] INFO  impl.FollowerState (FollowerState.java:run(134)) - f0c69f70-c4af-4c4b-aa2e-1c77f1405a64@group-807D9659B3C4-FollowerState: change to CANDIDATE, lastRpcElapsedTime:5027905523ns, electionTimeout:5024ms
2021-04-24 02:05:45,626 [f0c69f70-c4af-4c4b-aa2e-1c77f1405a64@group-807D9659B3C4-FollowerState] INFO  impl.RoleInfo (RoleInfo.java:shutdownFollowerState(108)) - f0c69f70-c4af-4c4b-aa2e-1c77f1405a64: shutdown f0c69f70-c4af-4c4b-aa2e-1c77f1405a64@group-807D9659B3C4-FollowerState
2021-04-24 02:05:45,626 [f0c69f70-c4af-4c4b-aa2e-1c77f1405a64@group-807D9659B3C4-FollowerState] INFO  server.RaftServer$Division (RaftServerImpl.java:setRole(284)) - f0c69f70-c4af-4c4b-aa2e-1c77f1405a64@group-807D9659B3C4: changes role from  FOLLOWER to CANDIDATE at term 0 for changeToCandidate
2021-04-24 02:05:45,627 [f0c69f70-c4af-4c4b-aa2e-1c77f1405a64@group-807D9659B3C4-FollowerState] INFO  server.RaftServerConfigKeys (ConfUtils.java:logGet(44)) - raft.server.leaderelection.pre-vote = false (custom)
2021-04-24 02:05:45,627 [f0c69f70-c4af-4c4b-aa2e-1c77f1405a64@group-807D9659B3C4-FollowerState] INFO  impl.RoleInfo (RoleInfo.java:updateAndGet(130)) - f0c69f70-c4af-4c4b-aa2e-1c77f1405a64: start f0c69f70-c4af-4c4b-aa2e-1c77f1405a64@group-807D9659B3C4-LeaderElection14
2021-04-24 02:05:45,637 [f0c69f70-c4af-4c4b-aa2e-1c77f1405a64@group-807D9659B3C4-LeaderElection14] INFO  impl.LeaderElection (LeaderElection.java:askForVotes(306)) - f0c69f70-c4af-4c4b-aa2e-1c77f1405a64@group-807D9659B3C4-LeaderElection14 ELECTION round 0: submit vote requests at term 1 for -1: [f0c69f70-c4af-4c4b-aa2e-1c77f1405a64|rpc:172.17.0.2:43537|priority:1], old=null
2021-04-24 02:05:45,638 [f0c69f70-c4af-4c4b-aa2e-1c77f1405a64@group-807D9659B3C4-LeaderElection14] INFO  impl.LeaderElection (LeaderElection.java:askForVotes(308)) - f0c69f70-c4af-4c4b-aa2e-1c77f1405a64@group-807D9659B3C4-LeaderElection14 ELECTION round 0: result PASSED (term=1)
2021-04-24 02:05:45,638 [f0c69f70-c4af-4c4b-aa2e-1c77f1405a64@group-807D9659B3C4-LeaderElection14] INFO  impl.RoleInfo (RoleInfo.java:shutdownLeaderElection(121)) - f0c69f70-c4af-4c4b-aa2e-1c77f1405a64: shutdown f0c69f70-c4af-4c4b-aa2e-1c77f1405a64@group-807D9659B3C4-LeaderElection14
2021-04-24 02:05:45,638 [f0c69f70-c4af-4c4b-aa2e-1c77f1405a64@group-807D9659B3C4-LeaderElection14] INFO  server.RaftServer$Division (RaftServerImpl.java:setRole(284)) - f0c69f70-c4af-4c4b-aa2e-1c77f1405a64@group-807D9659B3C4: changes role from CANDIDATE to LEADER at term 1 for changeToLeader
2021-04-24 02:05:45,638 [f0c69f70-c4af-4c4b-aa2e-1c77f1405a64@group-807D9659B3C4-LeaderElection14] INFO  ratis.XceiverServerRatis (XceiverServerRatis.java:handleLeaderChangedNotification(906)) - Leader change notification received for group: group-807D9659B3C4 with new leaderId: f0c69f70-c4af-4c4b-aa2e-1c77f1405a64
2021-04-24 02:05:45,638 [f0c69f70-c4af-4c4b-aa2e-1c77f1405a64@group-807D9659B3C4-LeaderElection14] INFO  server.RaftServer$Division (ServerState.java:setLeader(271)) - f0c69f70-c4af-4c4b-aa2e-1c77f1405a64@group-807D9659B3C4: change Leader from null to f0c69f70-c4af-4c4b-aa2e-1c77f1405a64 at term 1 for becomeLeader, leader elected after 5050ms
2021-04-24 02:05:45,638 [f0c69f70-c4af-4c4b-aa2e-1c77f1405a64@group-807D9659B3C4-LeaderElection14] INFO  server.RaftServerConfigKeys (ConfUtils.java:logGet(44)) - raft.server.staging.catchup.gap = 1000 (default)
2021-04-24 02:05:45,638 [f0c69f70-c4af-4c4b-aa2e-1c77f1405a64@group-807D9659B3C4-LeaderElection14] INFO  metrics.RatisMetrics (RatisMetrics.java:lambda$create$0(36)) - Creating Metrics Registry : ratis.log_appender.f0c69f70-c4af-4c4b-aa2e-1c77f1405a64@group-807D9659B3C4
2021-04-24 02:05:45,638 [f0c69f70-c4af-4c4b-aa2e-1c77f1405a64@group-807D9659B3C4-LeaderElection14] INFO  server.RaftServerConfigKeys (ConfUtils.java:logGet(44)) - raft.server.write.element-limit = 1024 (custom)
2021-04-24 02:05:45,638 [f0c69f70-c4af-4c4b-aa2e-1c77f1405a64@group-807D9659B3C4-LeaderElection14] INFO  server.RaftServerConfigKeys (ConfUtils.java:logGet(44)) - raft.server.write.byte-limit = 1073741824 (custom)
2021-04-24 02:05:45,640 [f0c69f70-c4af-4c4b-aa2e-1c77f1405a64@group-807D9659B3C4-LeaderElection14] INFO  server.RaftServerConfigKeys (ConfUtils.java:logGet(44)) - raft.server.watch.timeout = 3000ms (custom)
2021-04-24 02:05:45,641 [f0c69f70-c4af-4c4b-aa2e-1c77f1405a64@group-807D9659B3C4-LeaderElection14] INFO  server.RaftServerConfigKeys (ConfUtils.java:logGet(44)) - raft.server.watch.timeout.denomination = 1s (default)
2021-04-24 02:05:45,641 [f0c69f70-c4af-4c4b-aa2e-1c77f1405a64@group-807D9659B3C4-LeaderElection14] INFO  server.RaftServerConfigKeys (ConfUtils.java:logGet(44)) - raft.server.watch.element-limit = 65536 (default)
2021-04-24 02:05:45,641 [f0c69f70-c4af-4c4b-aa2e-1c77f1405a64@group-807D9659B3C4-LeaderElection14] INFO  impl.RoleInfo (RoleInfo.java:updateAndGet(130)) - f0c69f70-c4af-4c4b-aa2e-1c77f1405a64: start f0c69f70-c4af-4c4b-aa2e-1c77f1405a64@group-807D9659B3C4-LeaderStateImpl
2021-04-24 02:05:45,641 [f0c69f70-c4af-4c4b-aa2e-1c77f1405a64@group-807D9659B3C4-LeaderElection14] INFO  segmented.SegmentedRaftLogWorker (SegmentedRaftLogWorker.java:startLogSegment(394)) - f0c69f70-c4af-4c4b-aa2e-1c77f1405a64@group-807D9659B3C4-SegmentedRaftLogWorker: Starting segment from index:0
2021-04-24 02:05:45,643 [f0c69f70-c4af-4c4b-aa2e-1c77f1405a64@group-807D9659B3C4-SegmentedRaftLogWorker] INFO  segmented.SegmentedRaftLogWorker (SegmentedRaftLogWorker.java:execute(601)) - f0c69f70-c4af-4c4b-aa2e-1c77f1405a64@group-807D9659B3C4-SegmentedRaftLogWorker: created new log segment /github/workspace/mnt/ozone/hadoop-ozone/integration-test/target/test-dir/MiniOzoneClusterImpl-6998a6cc-0dbe-4d56-81dc-8335dc1dcef2/datanode-6/data/ratis/c2fbde96-45a6-4d58-a5d5-807d9659b3c4/current/log_inprogress_0
2021-04-24 02:05:45,651 [f0c69f70-c4af-4c4b-aa2e-1c77f1405a64@group-807D9659B3C4-LeaderElection14] INFO  server.RaftServer$Division (ServerState.java:setRaftConf(373)) - f0c69f70-c4af-4c4b-aa2e-1c77f1405a64@group-807D9659B3C4: set configuration 0: [f0c69f70-c4af-4c4b-aa2e-1c77f1405a64|rpc:172.17.0.2:43537|dataStream:|priority:1], old=null
2021-04-24 02:05:46,060 [Listener at 127.0.0.1/41437] INFO  rpc.RpcClient (RpcClient.java:createVolume(319)) - Creating Volume: testblockoutputstream, with jenkins1001 as owner and space quota set to -1 bytes, counts quota set to -1
2021-04-24 02:05:46,160 [OM StateMachine ApplyTransaction Thread - 0] INFO  volume.OMVolumeCreateRequest (OMVolumeCreateRequest.java:validateAndUpdateCache(195)) - created volume:testblockoutputstream for user:jenkins1001
2021-04-24 02:05:46,181 [Listener at 127.0.0.1/41437] INFO  rpc.RpcClient (RpcClient.java:createBucket(478)) - Creating Bucket: testblockoutputstream/testblockoutputstream, with Versioning false and Storage Type set to DISK and Encryption set to false 
2021-04-24 02:05:46,197 [Listener at 127.0.0.1/41437] INFO  ozone.MiniOzoneClusterImpl (MiniOzoneClusterImpl.java:getStorageContainerLocationClient(335)) - Creating StorageContainerLocationProtocol RPC client with address /0.0.0.0:38745
2021-04-24 02:05:46,335 [IPC Server handler 19 on default port 38745] INFO  ha.SequenceIdGenerator (SequenceIdGenerator.java:getNextId(127)) - Allocate a batch for containerId, change lastId from 0 to 1000.
2021-04-24 02:05:46,356 [Listener at 127.0.0.1/41437] INFO  impl.MetricsSystemImpl (MetricsSystemImpl.java:init(158)) - XceiverClientMetrics metrics system started (again)
2021-04-24 02:05:46,455 [Listener at 127.0.0.1/41437] INFO  metrics.RatisMetrics (RatisMetrics.java:lambda$create$0(36)) - Creating Metrics Registry : ratis.client_message_metrics.client-04F0E55D3540->686a54b3-507b-4dc5-8065-04c582627b70
2021-04-24 02:05:49,226 [684cf295-c17c-4893-9e72-2df5b9d8a511@group-D4A461EBA57E-FollowerState] INFO  impl.FollowerState (FollowerState.java:run(134)) - 684cf295-c17c-4893-9e72-2df5b9d8a511@group-D4A461EBA57E-FollowerState: change to CANDIDATE, lastRpcElapsedTime:5011039456ns, electionTimeout:5007ms
2021-04-24 02:05:49,227 [684cf295-c17c-4893-9e72-2df5b9d8a511@group-D4A461EBA57E-FollowerState] INFO  impl.RoleInfo (RoleInfo.java:shutdownFollowerState(108)) - 684cf295-c17c-4893-9e72-2df5b9d8a511: shutdown 684cf295-c17c-4893-9e72-2df5b9d8a511@group-D4A461EBA57E-FollowerState
2021-04-24 02:05:49,227 [684cf295-c17c-4893-9e72-2df5b9d8a511@group-D4A461EBA57E-FollowerState] INFO  server.RaftServer$Division (RaftServerImpl.java:setRole(284)) - 684cf295-c17c-4893-9e72-2df5b9d8a511@group-D4A461EBA57E: changes role from  FOLLOWER to CANDIDATE at term 1 for changeToCandidate
2021-04-24 02:05:49,227 [684cf295-c17c-4893-9e72-2df5b9d8a511@group-D4A461EBA57E-FollowerState] INFO  server.RaftServerConfigKeys (ConfUtils.java:logGet(44)) - raft.server.leaderelection.pre-vote = false (custom)
2021-04-24 02:05:49,227 [684cf295-c17c-4893-9e72-2df5b9d8a511@group-D4A461EBA57E-FollowerState] INFO  impl.RoleInfo (RoleInfo.java:updateAndGet(130)) - 684cf295-c17c-4893-9e72-2df5b9d8a511: start 684cf295-c17c-4893-9e72-2df5b9d8a511@group-D4A461EBA57E-LeaderElection15
2021-04-24 02:05:49,228 [684cf295-c17c-4893-9e72-2df5b9d8a511@group-D4A461EBA57E-LeaderElection15] INFO  impl.LeaderElection (LeaderElection.java:askForVotes(306)) - 684cf295-c17c-4893-9e72-2df5b9d8a511@group-D4A461EBA57E-LeaderElection15 ELECTION round 0: submit vote requests at term 2 for -1: [ac07a033-1369-46a0-bf0a-a588a91eea94|rpc:172.17.0.2:33531|priority:1, ca92c278-c157-4e01-bd13-e6ca8f055b98|rpc:172.17.0.2:33657|priority:0, 684cf295-c17c-4893-9e72-2df5b9d8a511|rpc:172.17.0.2:38843|priority:0], old=null
2021-04-24 02:05:49,235 [grpc-default-executor-2] INFO  server.RaftServer$Division (RaftServerImpl.java:requestVote(1042)) - ac07a033-1369-46a0-bf0a-a588a91eea94@group-D4A461EBA57E: receive requestVote(ELECTION, 684cf295-c17c-4893-9e72-2df5b9d8a511, group-D4A461EBA57E, 2, (t:0, i:0))
2021-04-24 02:05:49,236 [grpc-default-executor-2] INFO  impl.VoteContext (VoteContext.java:log(48)) - ac07a033-1369-46a0-bf0a-a588a91eea94@group-D4A461EBA57E-FOLLOWER: reject ELECTION from 684cf295-c17c-4893-9e72-2df5b9d8a511: our priority 1 > candidate's priority 0
2021-04-24 02:05:49,236 [grpc-default-executor-2] INFO  server.RaftServer$Division (RaftServerImpl.java:setRole(284)) - ac07a033-1369-46a0-bf0a-a588a91eea94@group-D4A461EBA57E: changes role from  FOLLOWER to FOLLOWER at term 2 for candidate:684cf295-c17c-4893-9e72-2df5b9d8a511
2021-04-24 02:05:49,236 [grpc-default-executor-2] INFO  impl.RoleInfo (RoleInfo.java:shutdownFollowerState(108)) - ac07a033-1369-46a0-bf0a-a588a91eea94: shutdown ac07a033-1369-46a0-bf0a-a588a91eea94@group-D4A461EBA57E-FollowerState
2021-04-24 02:05:49,236 [grpc-default-executor-2] INFO  impl.RoleInfo (RoleInfo.java:updateAndGet(130)) - ac07a033-1369-46a0-bf0a-a588a91eea94: start ac07a033-1369-46a0-bf0a-a588a91eea94@group-D4A461EBA57E-FollowerState
2021-04-24 02:05:49,238 [ac07a033-1369-46a0-bf0a-a588a91eea94@group-D4A461EBA57E-FollowerState] INFO  impl.FollowerState (FollowerState.java:run(143)) - ac07a033-1369-46a0-bf0a-a588a91eea94@group-D4A461EBA57E-FollowerState was interrupted: {}
java.lang.InterruptedException: sleep interrupted
	at java.lang.Thread.sleep(Native Method)
	at java.lang.Thread.sleep(Thread.java:340)
	at java.util.concurrent.TimeUnit.sleep(TimeUnit.java:386)
	at org.apache.ratis.util.TimeDuration.sleep(TimeDuration.java:324)
	at org.apache.ratis.util.TimeDuration.sleep(TimeDuration.java:309)
	at org.apache.ratis.server.impl.FollowerState.run(FollowerState.java:118)
2021-04-24 02:05:49,240 [grpc-default-executor-2] INFO  server.RaftServer$Division (RaftServerImpl.java:requestVote(1074)) - ac07a033-1369-46a0-bf0a-a588a91eea94@group-D4A461EBA57E replies to ELECTION vote request: 684cf295-c17c-4893-9e72-2df5b9d8a511<-ac07a033-1369-46a0-bf0a-a588a91eea94#0:FAIL-t2. Peer's state: ac07a033-1369-46a0-bf0a-a588a91eea94@group-D4A461EBA57E:t2, leader=null, voted=null, raftlog=ac07a033-1369-46a0-bf0a-a588a91eea94@group-D4A461EBA57E-SegmentedRaftLog:OPENED:c-1,f-1,i0, conf=-1: [ac07a033-1369-46a0-bf0a-a588a91eea94|rpc:172.17.0.2:33531|dataStream:|priority:1, ca92c278-c157-4e01-bd13-e6ca8f055b98|rpc:172.17.0.2:33657|dataStream:|priority:0, 684cf295-c17c-4893-9e72-2df5b9d8a511|rpc:172.17.0.2:38843|dataStream:|priority:0], old=null
2021-04-24 02:05:49,241 [grpc-default-executor-1] INFO  server.RaftServer$Division (RaftServerImpl.java:requestVote(1042)) - ca92c278-c157-4e01-bd13-e6ca8f055b98@group-D4A461EBA57E: receive requestVote(ELECTION, 684cf295-c17c-4893-9e72-2df5b9d8a511, group-D4A461EBA57E, 2, (t:0, i:0))
2021-04-24 02:05:49,241 [grpc-default-executor-1] INFO  impl.VoteContext (VoteContext.java:log(48)) - ca92c278-c157-4e01-bd13-e6ca8f055b98@group-D4A461EBA57E-FOLLOWER: accept ELECTION from 684cf295-c17c-4893-9e72-2df5b9d8a511: our priority 0 <= candidate's priority 0
2021-04-24 02:05:49,241 [grpc-default-executor-1] INFO  server.RaftServer$Division (RaftServerImpl.java:setRole(284)) - ca92c278-c157-4e01-bd13-e6ca8f055b98@group-D4A461EBA57E: changes role from  FOLLOWER to FOLLOWER at term 2 for candidate:684cf295-c17c-4893-9e72-2df5b9d8a511
2021-04-24 02:05:49,241 [grpc-default-executor-1] INFO  impl.RoleInfo (RoleInfo.java:shutdownFollowerState(108)) - ca92c278-c157-4e01-bd13-e6ca8f055b98: shutdown ca92c278-c157-4e01-bd13-e6ca8f055b98@group-D4A461EBA57E-FollowerState
2021-04-24 02:05:49,241 [grpc-default-executor-1] INFO  impl.RoleInfo (RoleInfo.java:updateAndGet(130)) - ca92c278-c157-4e01-bd13-e6ca8f055b98: start ca92c278-c157-4e01-bd13-e6ca8f055b98@group-D4A461EBA57E-FollowerState
2021-04-24 02:05:49,241 [ca92c278-c157-4e01-bd13-e6ca8f055b98@group-D4A461EBA57E-FollowerState] INFO  impl.FollowerState (FollowerState.java:run(143)) - ca92c278-c157-4e01-bd13-e6ca8f055b98@group-D4A461EBA57E-FollowerState was interrupted: {}
java.lang.InterruptedException: sleep interrupted
	at java.lang.Thread.sleep(Native Method)
	at java.lang.Thread.sleep(Thread.java:340)
	at java.util.concurrent.TimeUnit.sleep(TimeUnit.java:386)
	at org.apache.ratis.util.TimeDuration.sleep(TimeDuration.java:324)
	at org.apache.ratis.util.TimeDuration.sleep(TimeDuration.java:309)
	at org.apache.ratis.server.impl.FollowerState.run(FollowerState.java:118)
2021-04-24 02:05:49,247 [grpc-default-executor-1] INFO  server.RaftServer$Division (RaftServerImpl.java:requestVote(1074)) - ca92c278-c157-4e01-bd13-e6ca8f055b98@group-D4A461EBA57E replies to ELECTION vote request: 684cf295-c17c-4893-9e72-2df5b9d8a511<-ca92c278-c157-4e01-bd13-e6ca8f055b98#0:OK-t2. Peer's state: ca92c278-c157-4e01-bd13-e6ca8f055b98@group-D4A461EBA57E:t2, leader=null, voted=684cf295-c17c-4893-9e72-2df5b9d8a511, raftlog=ca92c278-c157-4e01-bd13-e6ca8f055b98@group-D4A461EBA57E-SegmentedRaftLog:OPENED:c-1,f-1,i0, conf=-1: [ac07a033-1369-46a0-bf0a-a588a91eea94|rpc:172.17.0.2:33531|priority:1, ca92c278-c157-4e01-bd13-e6ca8f055b98|rpc:172.17.0.2:33657|priority:0, 684cf295-c17c-4893-9e72-2df5b9d8a511|rpc:172.17.0.2:38843|priority:0], old=null
2021-04-24 02:05:49,242 [684cf295-c17c-4893-9e72-2df5b9d8a511@group-D4A461EBA57E-LeaderElection15] INFO  impl.LeaderElection (LeaderElection.java:logAndReturn(89)) - 684cf295-c17c-4893-9e72-2df5b9d8a511@group-D4A461EBA57E-LeaderElection15: ELECTION REJECTED received 1 response(s) and 0 exception(s):
2021-04-24 02:05:49,248 [684cf295-c17c-4893-9e72-2df5b9d8a511@group-D4A461EBA57E-LeaderElection15] INFO  impl.LeaderElection (LeaderElection.java:logAndReturn(93)) -   Response 0: 684cf295-c17c-4893-9e72-2df5b9d8a511<-ac07a033-1369-46a0-bf0a-a588a91eea94#0:FAIL-t2
2021-04-24 02:05:49,248 [684cf295-c17c-4893-9e72-2df5b9d8a511@group-D4A461EBA57E-LeaderElection15] INFO  impl.LeaderElection (LeaderElection.java:askForVotes(308)) - 684cf295-c17c-4893-9e72-2df5b9d8a511@group-D4A461EBA57E-LeaderElection15 ELECTION round 0: result REJECTED
2021-04-24 02:05:49,248 [684cf295-c17c-4893-9e72-2df5b9d8a511@group-D4A461EBA57E-LeaderElection15] INFO  server.RaftServer$Division (RaftServerImpl.java:setRole(284)) - 684cf295-c17c-4893-9e72-2df5b9d8a511@group-D4A461EBA57E: changes role from CANDIDATE to FOLLOWER at term 2 for REJECTED
2021-04-24 02:05:49,248 [684cf295-c17c-4893-9e72-2df5b9d8a511@group-D4A461EBA57E-LeaderElection15] INFO  impl.RoleInfo (RoleInfo.java:shutdownLeaderElection(121)) - 684cf295-c17c-4893-9e72-2df5b9d8a511: shutdown 684cf295-c17c-4893-9e72-2df5b9d8a511@group-D4A461EBA57E-LeaderElection15
2021-04-24 02:05:49,249 [684cf295-c17c-4893-9e72-2df5b9d8a511@group-D4A461EBA57E-LeaderElection15] INFO  impl.RoleInfo (RoleInfo.java:updateAndGet(130)) - 684cf295-c17c-4893-9e72-2df5b9d8a511: start 684cf295-c17c-4893-9e72-2df5b9d8a511@group-D4A461EBA57E-FollowerState
2021-04-24 02:05:49,905 [ca92c278-c157-4e01-bd13-e6ca8f055b98@group-3EC95D05B866-FollowerState] INFO  impl.FollowerState (FollowerState.java:run(134)) - ca92c278-c157-4e01-bd13-e6ca8f055b98@group-3EC95D05B866-FollowerState: change to CANDIDATE, lastRpcElapsedTime:5010840949ns, electionTimeout:5006ms
2021-04-24 02:05:49,907 [ca92c278-c157-4e01-bd13-e6ca8f055b98@group-3EC95D05B866-FollowerState] INFO  impl.RoleInfo (RoleInfo.java:shutdownFollowerState(108)) - ca92c278-c157-4e01-bd13-e6ca8f055b98: shutdown ca92c278-c157-4e01-bd13-e6ca8f055b98@group-3EC95D05B866-FollowerState
2021-04-24 02:05:49,907 [ca92c278-c157-4e01-bd13-e6ca8f055b98@group-3EC95D05B866-FollowerState] INFO  server.RaftServer$Division (RaftServerImpl.java:setRole(284)) - ca92c278-c157-4e01-bd13-e6ca8f055b98@group-3EC95D05B866: changes role from  FOLLOWER to CANDIDATE at term 1 for changeToCandidate
2021-04-24 02:05:49,907 [684cf295-c17c-4893-9e72-2df5b9d8a511@group-3EC95D05B866-FollowerState] INFO  impl.FollowerState (FollowerState.java:run(134)) - 684cf295-c17c-4893-9e72-2df5b9d8a511@group-3EC95D05B866-FollowerState: change to CANDIDATE, lastRpcElapsedTime:5018208940ns, electionTimeout:5015ms
2021-04-24 02:05:49,907 [684cf295-c17c-4893-9e72-2df5b9d8a511@group-3EC95D05B866-FollowerState] INFO  impl.RoleInfo (RoleInfo.java:shutdownFollowerState(108)) - 684cf295-c17c-4893-9e72-2df5b9d8a511: shutdown 684cf295-c17c-4893-9e72-2df5b9d8a511@group-3EC95D05B866-FollowerState
2021-04-24 02:05:49,907 [ca92c278-c157-4e01-bd13-e6ca8f055b98@group-3EC95D05B866-FollowerState] INFO  server.RaftServerConfigKeys (ConfUtils.java:logGet(44)) - raft.server.leaderelection.pre-vote = false (custom)
2021-04-24 02:05:49,907 [ca92c278-c157-4e01-bd13-e6ca8f055b98@group-3EC95D05B866-FollowerState] INFO  impl.RoleInfo (RoleInfo.java:updateAndGet(130)) - ca92c278-c157-4e01-bd13-e6ca8f055b98: start ca92c278-c157-4e01-bd13-e6ca8f055b98@group-3EC95D05B866-LeaderElection16
2021-04-24 02:05:49,907 [684cf295-c17c-4893-9e72-2df5b9d8a511@group-3EC95D05B866-FollowerState] INFO  server.RaftServer$Division (RaftServerImpl.java:setRole(284)) - 684cf295-c17c-4893-9e72-2df5b9d8a511@group-3EC95D05B866: changes role from  FOLLOWER to CANDIDATE at term 1 for changeToCandidate
2021-04-24 02:05:49,908 [684cf295-c17c-4893-9e72-2df5b9d8a511@group-3EC95D05B866-FollowerState] INFO  server.RaftServerConfigKeys (ConfUtils.java:logGet(44)) - raft.server.leaderelection.pre-vote = false (custom)
2021-04-24 02:05:49,908 [684cf295-c17c-4893-9e72-2df5b9d8a511@group-3EC95D05B866-FollowerState] INFO  impl.RoleInfo (RoleInfo.java:updateAndGet(130)) - 684cf295-c17c-4893-9e72-2df5b9d8a511: start 684cf295-c17c-4893-9e72-2df5b9d8a511@group-3EC95D05B866-LeaderElection17
2021-04-24 02:05:49,909 [ca92c278-c157-4e01-bd13-e6ca8f055b98@group-3EC95D05B866-LeaderElection16] INFO  impl.LeaderElection (LeaderElection.java:askForVotes(306)) - ca92c278-c157-4e01-bd13-e6ca8f055b98@group-3EC95D05B866-LeaderElection16 ELECTION round 0: submit vote requests at term 2 for -1: [ac07a033-1369-46a0-bf0a-a588a91eea94|rpc:172.17.0.2:33531|priority:0, ca92c278-c157-4e01-bd13-e6ca8f055b98|rpc:172.17.0.2:33657|priority:0, 684cf295-c17c-4893-9e72-2df5b9d8a511|rpc:172.17.0.2:38843|priority:1], old=null
2021-04-24 02:05:49,910 [684cf295-c17c-4893-9e72-2df5b9d8a511@group-3EC95D05B866-LeaderElection17] INFO  impl.LeaderElection (LeaderElection.java:askForVotes(306)) - 684cf295-c17c-4893-9e72-2df5b9d8a511@group-3EC95D05B866-LeaderElection17 ELECTION round 0: submit vote requests at term 2 for -1: [ac07a033-1369-46a0-bf0a-a588a91eea94|rpc:172.17.0.2:33531|priority:0, ca92c278-c157-4e01-bd13-e6ca8f055b98|rpc:172.17.0.2:33657|priority:0, 684cf295-c17c-4893-9e72-2df5b9d8a511|rpc:172.17.0.2:38843|priority:1], old=null
2021-04-24 02:05:49,916 [grpc-default-executor-2] INFO  server.RaftServer$Division (RaftServerImpl.java:requestVote(1042)) - ac07a033-1369-46a0-bf0a-a588a91eea94@group-3EC95D05B866: receive requestVote(ELECTION, ca92c278-c157-4e01-bd13-e6ca8f055b98, group-3EC95D05B866, 2, (t:0, i:0))
2021-04-24 02:05:49,916 [grpc-default-executor-1] INFO  server.RaftServer$Division (RaftServerImpl.java:requestVote(1042)) - 684cf295-c17c-4893-9e72-2df5b9d8a511@group-3EC95D05B866: receive requestVote(ELECTION, ca92c278-c157-4e01-bd13-e6ca8f055b98, group-3EC95D05B866, 2, (t:0, i:0))
2021-04-24 02:05:49,918 [grpc-default-executor-0] INFO  server.RaftServer$Division (RaftServerImpl.java:requestVote(1042)) - ac07a033-1369-46a0-bf0a-a588a91eea94@group-3EC95D05B866: receive requestVote(ELECTION, 684cf295-c17c-4893-9e72-2df5b9d8a511, group-3EC95D05B866, 2, (t:0, i:0))
2021-04-24 02:05:49,918 [grpc-default-executor-2] INFO  impl.VoteContext (VoteContext.java:log(48)) - ac07a033-1369-46a0-bf0a-a588a91eea94@group-3EC95D05B866-FOLLOWER: accept ELECTION from ca92c278-c157-4e01-bd13-e6ca8f055b98: our priority 0 <= candidate's priority 0
2021-04-24 02:05:49,918 [grpc-default-executor-2] INFO  server.RaftServer$Division (RaftServerImpl.java:setRole(284)) - ac07a033-1369-46a0-bf0a-a588a91eea94@group-3EC95D05B866: changes role from  FOLLOWER to FOLLOWER at term 2 for candidate:ca92c278-c157-4e01-bd13-e6ca8f055b98
2021-04-24 02:05:49,918 [grpc-default-executor-2] INFO  impl.RoleInfo (RoleInfo.java:shutdownFollowerState(108)) - ac07a033-1369-46a0-bf0a-a588a91eea94: shutdown ac07a033-1369-46a0-bf0a-a588a91eea94@group-3EC95D05B866-FollowerState
2021-04-24 02:05:49,919 [grpc-default-executor-2] INFO  impl.RoleInfo (RoleInfo.java:updateAndGet(130)) - ac07a033-1369-46a0-bf0a-a588a91eea94: start ac07a033-1369-46a0-bf0a-a588a91eea94@group-3EC95D05B866-FollowerState
2021-04-24 02:05:49,919 [ac07a033-1369-46a0-bf0a-a588a91eea94@group-3EC95D05B866-FollowerState] INFO  impl.FollowerState (FollowerState.java:run(143)) - ac07a033-1369-46a0-bf0a-a588a91eea94@group-3EC95D05B866-FollowerState was interrupted: {}
java.lang.InterruptedException: sleep interrupted
	at java.lang.Thread.sleep(Native Method)
	at java.lang.Thread.sleep(Thread.java:340)
	at java.util.concurrent.TimeUnit.sleep(TimeUnit.java:386)
	at org.apache.ratis.util.TimeDuration.sleep(TimeDuration.java:324)
	at org.apache.ratis.util.TimeDuration.sleep(TimeDuration.java:309)
	at org.apache.ratis.server.impl.FollowerState.run(FollowerState.java:118)
2021-04-24 02:05:49,918 [grpc-default-executor-1] INFO  impl.VoteContext (VoteContext.java:log(48)) - 684cf295-c17c-4893-9e72-2df5b9d8a511@group-3EC95D05B866-CANDIDATE: reject ELECTION from ca92c278-c157-4e01-bd13-e6ca8f055b98: already has voted for 684cf295-c17c-4893-9e72-2df5b9d8a511 at current term 2
2021-04-24 02:05:49,919 [grpc-default-executor-1] INFO  server.RaftServer$Division (RaftServerImpl.java:requestVote(1074)) - 684cf295-c17c-4893-9e72-2df5b9d8a511@group-3EC95D05B866 replies to ELECTION vote request: ca92c278-c157-4e01-bd13-e6ca8f055b98<-684cf295-c17c-4893-9e72-2df5b9d8a511#0:FAIL-t2. Peer's state: 684cf295-c17c-4893-9e72-2df5b9d8a511@group-3EC95D05B866:t2, leader=null, voted=684cf295-c17c-4893-9e72-2df5b9d8a511, raftlog=684cf295-c17c-4893-9e72-2df5b9d8a511@group-3EC95D05B866-SegmentedRaftLog:OPENED:c-1,f-1,i0, conf=-1: [ac07a033-1369-46a0-bf0a-a588a91eea94|rpc:172.17.0.2:33531|priority:0, ca92c278-c157-4e01-bd13-e6ca8f055b98|rpc:172.17.0.2:33657|priority:0, 684cf295-c17c-4893-9e72-2df5b9d8a511|rpc:172.17.0.2:38843|priority:1], old=null
2021-04-24 02:05:49,921 [grpc-default-executor-2] INFO  server.RaftServer$Division (RaftServerImpl.java:requestVote(1074)) - ac07a033-1369-46a0-bf0a-a588a91eea94@group-3EC95D05B866 replies to ELECTION vote request: ca92c278-c157-4e01-bd13-e6ca8f055b98<-ac07a033-1369-46a0-bf0a-a588a91eea94#0:OK-t2. Peer's state: ac07a033-1369-46a0-bf0a-a588a91eea94@group-3EC95D05B866:t2, leader=null, voted=ca92c278-c157-4e01-bd13-e6ca8f055b98, raftlog=ac07a033-1369-46a0-bf0a-a588a91eea94@group-3EC95D05B866-SegmentedRaftLog:OPENED:c-1,f-1,i0, conf=-1: [ac07a033-1369-46a0-bf0a-a588a91eea94|rpc:172.17.0.2:33531|priority:0, ca92c278-c157-4e01-bd13-e6ca8f055b98|rpc:172.17.0.2:33657|priority:0, 684cf295-c17c-4893-9e72-2df5b9d8a511|rpc:172.17.0.2:38843|priority:1], old=null
2021-04-24 02:05:49,921 [grpc-default-executor-0] INFO  impl.VoteContext (VoteContext.java:log(48)) - ac07a033-1369-46a0-bf0a-a588a91eea94@group-3EC95D05B866-FOLLOWER: reject ELECTION from 684cf295-c17c-4893-9e72-2df5b9d8a511: already has voted for ca92c278-c157-4e01-bd13-e6ca8f055b98 at current term 2
2021-04-24 02:05:49,922 [grpc-default-executor-0] INFO  server.RaftServer$Division (RaftServerImpl.java:requestVote(1074)) - ac07a033-1369-46a0-bf0a-a588a91eea94@group-3EC95D05B866 replies to ELECTION vote request: 684cf295-c17c-4893-9e72-2df5b9d8a511<-ac07a033-1369-46a0-bf0a-a588a91eea94#0:FAIL-t2. Peer's state: ac07a033-1369-46a0-bf0a-a588a91eea94@group-3EC95D05B866:t2, leader=null, voted=ca92c278-c157-4e01-bd13-e6ca8f055b98, raftlog=ac07a033-1369-46a0-bf0a-a588a91eea94@group-3EC95D05B866-SegmentedRaftLog:OPENED:c-1,f-1,i0, conf=-1: [ac07a033-1369-46a0-bf0a-a588a91eea94|rpc:172.17.0.2:33531|priority:0, ca92c278-c157-4e01-bd13-e6ca8f055b98|rpc:172.17.0.2:33657|priority:0, 684cf295-c17c-4893-9e72-2df5b9d8a511|rpc:172.17.0.2:38843|priority:1], old=null
2021-04-24 02:05:49,923 [ca92c278-c157-4e01-bd13-e6ca8f055b98@group-3EC95D05B866-LeaderElection16] INFO  impl.LeaderElection (LeaderElection.java:logAndReturn(89)) - ca92c278-c157-4e01-bd13-e6ca8f055b98@group-3EC95D05B866-LeaderElection16: ELECTION REJECTED received 1 response(s) and 0 exception(s):
2021-04-24 02:05:49,924 [ca92c278-c157-4e01-bd13-e6ca8f055b98@group-3EC95D05B866-LeaderElection16] INFO  impl.LeaderElection (LeaderElection.java:logAndReturn(93)) -   Response 0: ca92c278-c157-4e01-bd13-e6ca8f055b98<-684cf295-c17c-4893-9e72-2df5b9d8a511#0:FAIL-t2
2021-04-24 02:05:49,924 [ca92c278-c157-4e01-bd13-e6ca8f055b98@group-3EC95D05B866-LeaderElection16] INFO  impl.LeaderElection (LeaderElection.java:askForVotes(308)) - ca92c278-c157-4e01-bd13-e6ca8f055b98@group-3EC95D05B866-LeaderElection16 ELECTION round 0: result REJECTED
2021-04-24 02:05:49,924 [ca92c278-c157-4e01-bd13-e6ca8f055b98@group-3EC95D05B866-LeaderElection16] INFO  server.RaftServer$Division (RaftServerImpl.java:setRole(284)) - ca92c278-c157-4e01-bd13-e6ca8f055b98@group-3EC95D05B866: changes role from CANDIDATE to FOLLOWER at term 2 for REJECTED
2021-04-24 02:05:49,924 [ca92c278-c157-4e01-bd13-e6ca8f055b98@group-3EC95D05B866-LeaderElection16] INFO  impl.RoleInfo (RoleInfo.java:shutdownLeaderElection(121)) - ca92c278-c157-4e01-bd13-e6ca8f055b98: shutdown ca92c278-c157-4e01-bd13-e6ca8f055b98@group-3EC95D05B866-LeaderElection16
2021-04-24 02:05:49,925 [ca92c278-c157-4e01-bd13-e6ca8f055b98@group-3EC95D05B866-LeaderElection16] INFO  impl.RoleInfo (RoleInfo.java:updateAndGet(130)) - ca92c278-c157-4e01-bd13-e6ca8f055b98: start ca92c278-c157-4e01-bd13-e6ca8f055b98@group-3EC95D05B866-FollowerState
2021-04-24 02:05:49,934 [grpc-default-executor-1] INFO  server.RaftServer$Division (RaftServerImpl.java:requestVote(1042)) - ca92c278-c157-4e01-bd13-e6ca8f055b98@group-3EC95D05B866: receive requestVote(ELECTION, 684cf295-c17c-4893-9e72-2df5b9d8a511, group-3EC95D05B866, 2, (t:0, i:0))
2021-04-24 02:05:49,936 [grpc-default-executor-1] INFO  impl.VoteContext (VoteContext.java:log(48)) - ca92c278-c157-4e01-bd13-e6ca8f055b98@group-3EC95D05B866-FOLLOWER: reject ELECTION from 684cf295-c17c-4893-9e72-2df5b9d8a511: already has voted for ca92c278-c157-4e01-bd13-e6ca8f055b98 at current term 2
2021-04-24 02:05:49,936 [grpc-default-executor-1] INFO  server.RaftServer$Division (RaftServerImpl.java:requestVote(1074)) - ca92c278-c157-4e01-bd13-e6ca8f055b98@group-3EC95D05B866 replies to ELECTION vote request: 684cf295-c17c-4893-9e72-2df5b9d8a511<-ca92c278-c157-4e01-bd13-e6ca8f055b98#0:FAIL-t2. Peer's state: ca92c278-c157-4e01-bd13-e6ca8f055b98@group-3EC95D05B866:t2, leader=null, voted=ca92c278-c157-4e01-bd13-e6ca8f055b98, raftlog=ca92c278-c157-4e01-bd13-e6ca8f055b98@group-3EC95D05B866-SegmentedRaftLog:OPENED:c-1,f-1,i0, conf=-1: [ac07a033-1369-46a0-bf0a-a588a91eea94|rpc:172.17.0.2:33531|priority:0, ca92c278-c157-4e01-bd13-e6ca8f055b98|rpc:172.17.0.2:33657|priority:0, 684cf295-c17c-4893-9e72-2df5b9d8a511|rpc:172.17.0.2:38843|priority:1], old=null
2021-04-24 02:05:49,937 [684cf295-c17c-4893-9e72-2df5b9d8a511@group-3EC95D05B866-LeaderElection17] INFO  impl.LeaderElection (LeaderElection.java:logAndReturn(89)) - 684cf295-c17c-4893-9e72-2df5b9d8a511@group-3EC95D05B866-LeaderElection17: ELECTION REJECTED received 2 response(s) and 0 exception(s):
2021-04-24 02:05:49,937 [684cf295-c17c-4893-9e72-2df5b9d8a511@group-3EC95D05B866-LeaderElection17] INFO  impl.LeaderElection (LeaderElection.java:logAndReturn(93)) -   Response 0: 684cf295-c17c-4893-9e72-2df5b9d8a511<-ac07a033-1369-46a0-bf0a-a588a91eea94#0:FAIL-t2
2021-04-24 02:05:49,937 [684cf295-c17c-4893-9e72-2df5b9d8a511@group-3EC95D05B866-LeaderElection17] INFO  impl.LeaderElection (LeaderElection.java:logAndReturn(93)) -   Response 1: 684cf295-c17c-4893-9e72-2df5b9d8a511<-ca92c278-c157-4e01-bd13-e6ca8f055b98#0:FAIL-t2
2021-04-24 02:05:49,937 [684cf295-c17c-4893-9e72-2df5b9d8a511@group-3EC95D05B866-LeaderElection17] INFO  impl.LeaderElection (LeaderElection.java:askForVotes(308)) - 684cf295-c17c-4893-9e72-2df5b9d8a511@group-3EC95D05B866-LeaderElection17 ELECTION round 0: result REJECTED
2021-04-24 02:05:49,937 [684cf295-c17c-4893-9e72-2df5b9d8a511@group-3EC95D05B866-LeaderElection17] INFO  server.RaftServer$Division (RaftServerImpl.java:setRole(284)) - 684cf295-c17c-4893-9e72-2df5b9d8a511@group-3EC95D05B866: changes role from CANDIDATE to FOLLOWER at term 2 for REJECTED
2021-04-24 02:05:49,937 [684cf295-c17c-4893-9e72-2df5b9d8a511@group-3EC95D05B866-LeaderElection17] INFO  impl.RoleInfo (RoleInfo.java:shutdownLeaderElection(121)) - 684cf295-c17c-4893-9e72-2df5b9d8a511: shutdown 684cf295-c17c-4893-9e72-2df5b9d8a511@group-3EC95D05B866-LeaderElection17
2021-04-24 02:05:49,937 [684cf295-c17c-4893-9e72-2df5b9d8a511@group-3EC95D05B866-LeaderElection17] INFO  impl.RoleInfo (RoleInfo.java:updateAndGet(130)) - 684cf295-c17c-4893-9e72-2df5b9d8a511: start 684cf295-c17c-4893-9e72-2df5b9d8a511@group-3EC95D05B866-FollowerState
2021-04-24 02:05:50,486 [e13d3dfe-a7aa-4e77-932b-4a03cf9a588d@group-6FADA685E35F-FollowerState] INFO  impl.FollowerState (FollowerState.java:run(134)) - e13d3dfe-a7aa-4e77-932b-4a03cf9a588d@group-6FADA685E35F-FollowerState: change to CANDIDATE, lastRpcElapsedTime:5134439738ns, electionTimeout:5133ms
2021-04-24 02:05:50,487 [e13d3dfe-a7aa-4e77-932b-4a03cf9a588d@group-6FADA685E35F-FollowerState] INFO  impl.RoleInfo (RoleInfo.java:shutdownFollowerState(108)) - e13d3dfe-a7aa-4e77-932b-4a03cf9a588d: shutdown e13d3dfe-a7aa-4e77-932b-4a03cf9a588d@group-6FADA685E35F-FollowerState
2021-04-24 02:05:50,487 [e13d3dfe-a7aa-4e77-932b-4a03cf9a588d@group-6FADA685E35F-FollowerState] INFO  server.RaftServer$Division (RaftServerImpl.java:setRole(284)) - e13d3dfe-a7aa-4e77-932b-4a03cf9a588d@group-6FADA685E35F: changes role from  FOLLOWER to CANDIDATE at term 2 for changeToCandidate
2021-04-24 02:05:50,487 [e13d3dfe-a7aa-4e77-932b-4a03cf9a588d@group-6FADA685E35F-FollowerState] INFO  server.RaftServerConfigKeys (ConfUtils.java:logGet(44)) - raft.server.leaderelection.pre-vote = false (custom)
2021-04-24 02:05:50,487 [e13d3dfe-a7aa-4e77-932b-4a03cf9a588d@group-6FADA685E35F-FollowerState] INFO  impl.RoleInfo (RoleInfo.java:updateAndGet(130)) - e13d3dfe-a7aa-4e77-932b-4a03cf9a588d: start e13d3dfe-a7aa-4e77-932b-4a03cf9a588d@group-6FADA685E35F-LeaderElection18
2021-04-24 02:05:50,489 [e13d3dfe-a7aa-4e77-932b-4a03cf9a588d@group-6FADA685E35F-LeaderElection18] INFO  impl.LeaderElection (LeaderElection.java:askForVotes(306)) - e13d3dfe-a7aa-4e77-932b-4a03cf9a588d@group-6FADA685E35F-LeaderElection18 ELECTION round 0: submit vote requests at term 3 for 0: [686a54b3-507b-4dc5-8065-04c582627b70|rpc:172.17.0.2:37165|dataStream:|priority:1, e13d3dfe-a7aa-4e77-932b-4a03cf9a588d|rpc:172.17.0.2:43115|dataStream:|priority:0, 506e7d51-44ea-40e0-a2b0-e730f7a28201|rpc:172.17.0.2:37821|dataStream:|priority:0], old=null
2021-04-24 02:05:50,497 [grpc-default-executor-1] INFO  server.RaftServer$Division (RaftServerImpl.java:requestVote(1042)) - 686a54b3-507b-4dc5-8065-04c582627b70@group-6FADA685E35F: receive requestVote(ELECTION, e13d3dfe-a7aa-4e77-932b-4a03cf9a588d, group-6FADA685E35F, 3, (t:1, i:0))
2021-04-24 02:05:50,497 [grpc-default-executor-1] INFO  impl.VoteContext (VoteContext.java:log(48)) - 686a54b3-507b-4dc5-8065-04c582627b70@group-6FADA685E35F-FOLLOWER: reject ELECTION from e13d3dfe-a7aa-4e77-932b-4a03cf9a588d: our priority 1 > candidate's priority 0
2021-04-24 02:05:50,497 [grpc-default-executor-1] INFO  server.RaftServer$Division (RaftServerImpl.java:setRole(284)) - 686a54b3-507b-4dc5-8065-04c582627b70@group-6FADA685E35F: changes role from  FOLLOWER to FOLLOWER at term 3 for candidate:e13d3dfe-a7aa-4e77-932b-4a03cf9a588d
2021-04-24 02:05:50,497 [grpc-default-executor-1] INFO  impl.RoleInfo (RoleInfo.java:shutdownFollowerState(108)) - 686a54b3-507b-4dc5-8065-04c582627b70: shutdown 686a54b3-507b-4dc5-8065-04c582627b70@group-6FADA685E35F-FollowerState
2021-04-24 02:05:50,497 [grpc-default-executor-1] INFO  impl.RoleInfo (RoleInfo.java:updateAndGet(130)) - 686a54b3-507b-4dc5-8065-04c582627b70: start 686a54b3-507b-4dc5-8065-04c582627b70@group-6FADA685E35F-FollowerState
2021-04-24 02:05:50,497 [686a54b3-507b-4dc5-8065-04c582627b70@group-6FADA685E35F-FollowerState] INFO  impl.FollowerState (FollowerState.java:run(143)) - 686a54b3-507b-4dc5-8065-04c582627b70@group-6FADA685E35F-FollowerState was interrupted: {}
java.lang.InterruptedException: sleep interrupted
	at java.lang.Thread.sleep(Native Method)
	at java.lang.Thread.sleep(Thread.java:340)
	at java.util.concurrent.TimeUnit.sleep(TimeUnit.java:386)
	at org.apache.ratis.util.TimeDuration.sleep(TimeDuration.java:324)
	at org.apache.ratis.util.TimeDuration.sleep(TimeDuration.java:309)
	at org.apache.ratis.server.impl.FollowerState.run(FollowerState.java:118)
2021-04-24 02:05:50,499 [grpc-default-executor-1] INFO  server.RaftServer$Division (RaftServerImpl.java:requestVote(1074)) - 686a54b3-507b-4dc5-8065-04c582627b70@group-6FADA685E35F replies to ELECTION vote request: e13d3dfe-a7aa-4e77-932b-4a03cf9a588d<-686a54b3-507b-4dc5-8065-04c582627b70#0:FAIL-t3. Peer's state: 686a54b3-507b-4dc5-8065-04c582627b70@group-6FADA685E35F:t3, leader=null, voted=null, raftlog=686a54b3-507b-4dc5-8065-04c582627b70@group-6FADA685E35F-SegmentedRaftLog:OPENED:c0,f0,i0, conf=0: [686a54b3-507b-4dc5-8065-04c582627b70|rpc:172.17.0.2:37165|dataStream:|priority:1, e13d3dfe-a7aa-4e77-932b-4a03cf9a588d|rpc:172.17.0.2:43115|dataStream:|priority:0, 506e7d51-44ea-40e0-a2b0-e730f7a28201|rpc:172.17.0.2:37821|dataStream:|priority:0], old=null
2021-04-24 02:05:50,507 [grpc-default-executor-1] INFO  server.RaftServer$Division (RaftServerImpl.java:requestVote(1042)) - 506e7d51-44ea-40e0-a2b0-e730f7a28201@group-6FADA685E35F: receive requestVote(ELECTION, e13d3dfe-a7aa-4e77-932b-4a03cf9a588d, group-6FADA685E35F, 3, (t:1, i:0))
2021-04-24 02:05:50,507 [grpc-default-executor-1] INFO  impl.VoteContext (VoteContext.java:log(48)) - 506e7d51-44ea-40e0-a2b0-e730f7a28201@group-6FADA685E35F-FOLLOWER: accept ELECTION from e13d3dfe-a7aa-4e77-932b-4a03cf9a588d: our last entry null < candidate's last entry (t:1, i:0)
2021-04-24 02:05:50,507 [grpc-default-executor-1] INFO  server.RaftServer$Division (RaftServerImpl.java:setRole(284)) - 506e7d51-44ea-40e0-a2b0-e730f7a28201@group-6FADA685E35F: changes role from  FOLLOWER to FOLLOWER at term 3 for candidate:e13d3dfe-a7aa-4e77-932b-4a03cf9a588d
2021-04-24 02:05:50,507 [grpc-default-executor-1] INFO  impl.RoleInfo (RoleInfo.java:shutdownFollowerState(108)) - 506e7d51-44ea-40e0-a2b0-e730f7a28201: shutdown 506e7d51-44ea-40e0-a2b0-e730f7a28201@group-6FADA685E35F-FollowerState
2021-04-24 02:05:50,508 [grpc-default-executor-1] INFO  impl.RoleInfo (RoleInfo.java:updateAndGet(130)) - 506e7d51-44ea-40e0-a2b0-e730f7a28201: start 506e7d51-44ea-40e0-a2b0-e730f7a28201@group-6FADA685E35F-FollowerState
2021-04-24 02:05:50,508 [506e7d51-44ea-40e0-a2b0-e730f7a28201@group-6FADA685E35F-FollowerState] INFO  impl.FollowerState (FollowerState.java:run(143)) - 506e7d51-44ea-40e0-a2b0-e730f7a28201@group-6FADA685E35F-FollowerState was interrupted: {}
java.lang.InterruptedException: sleep interrupted
	at java.lang.Thread.sleep(Native Method)
	at java.lang.Thread.sleep(Thread.java:340)
	at java.util.concurrent.TimeUnit.sleep(TimeUnit.java:386)
	at org.apache.ratis.util.TimeDuration.sleep(TimeDuration.java:324)
	at org.apache.ratis.util.TimeDuration.sleep(TimeDuration.java:309)
	at org.apache.ratis.server.impl.FollowerState.run(FollowerState.java:118)
2021-04-24 02:05:50,515 [e13d3dfe-a7aa-4e77-932b-4a03cf9a588d@group-6FADA685E35F-LeaderElection18] INFO  impl.LeaderElection (LeaderElection.java:logAndReturn(89)) - e13d3dfe-a7aa-4e77-932b-4a03cf9a588d@group-6FADA685E35F-LeaderElection18: ELECTION REJECTED received 1 response(s) and 0 exception(s):
2021-04-24 02:05:50,515 [e13d3dfe-a7aa-4e77-932b-4a03cf9a588d@group-6FADA685E35F-LeaderElection18] INFO  impl.LeaderElection (LeaderElection.java:logAndReturn(93)) -   Response 0: e13d3dfe-a7aa-4e77-932b-4a03cf9a588d<-686a54b3-507b-4dc5-8065-04c582627b70#0:FAIL-t3
2021-04-24 02:05:50,516 [e13d3dfe-a7aa-4e77-932b-4a03cf9a588d@group-6FADA685E35F-LeaderElection18] INFO  impl.LeaderElection (LeaderElection.java:askForVotes(308)) - e13d3dfe-a7aa-4e77-932b-4a03cf9a588d@group-6FADA685E35F-LeaderElection18 ELECTION round 0: result REJECTED
2021-04-24 02:05:50,516 [e13d3dfe-a7aa-4e77-932b-4a03cf9a588d@group-6FADA685E35F-LeaderElection18] INFO  server.RaftServer$Division (RaftServerImpl.java:setRole(284)) - e13d3dfe-a7aa-4e77-932b-4a03cf9a588d@group-6FADA685E35F: changes role from CANDIDATE to FOLLOWER at term 3 for REJECTED
2021-04-24 02:05:50,516 [e13d3dfe-a7aa-4e77-932b-4a03cf9a588d@group-6FADA685E35F-LeaderElection18] INFO  impl.RoleInfo (RoleInfo.java:shutdownLeaderElection(121)) - e13d3dfe-a7aa-4e77-932b-4a03cf9a588d: shutdown e13d3dfe-a7aa-4e77-932b-4a03cf9a588d@group-6FADA685E35F-LeaderElection18
2021-04-24 02:05:50,516 [grpc-default-executor-1] INFO  server.RaftServer$Division (RaftServerImpl.java:requestVote(1074)) - 506e7d51-44ea-40e0-a2b0-e730f7a28201@group-6FADA685E35F replies to ELECTION vote request: e13d3dfe-a7aa-4e77-932b-4a03cf9a588d<-506e7d51-44ea-40e0-a2b0-e730f7a28201#0:OK-t3. Peer's state: 506e7d51-44ea-40e0-a2b0-e730f7a28201@group-6FADA685E35F:t3, leader=null, voted=e13d3dfe-a7aa-4e77-932b-4a03cf9a588d, raftlog=506e7d51-44ea-40e0-a2b0-e730f7a28201@group-6FADA685E35F-SegmentedRaftLog:OPENED:c-1,f-1,i0, conf=-1: [686a54b3-507b-4dc5-8065-04c582627b70|rpc:172.17.0.2:37165|priority:1, e13d3dfe-a7aa-4e77-932b-4a03cf9a588d|rpc:172.17.0.2:43115|priority:0, 506e7d51-44ea-40e0-a2b0-e730f7a28201|rpc:172.17.0.2:37821|priority:0], old=null
2021-04-24 02:05:50,516 [e13d3dfe-a7aa-4e77-932b-4a03cf9a588d@group-6FADA685E35F-LeaderElection18] INFO  impl.RoleInfo (RoleInfo.java:updateAndGet(130)) - e13d3dfe-a7aa-4e77-932b-4a03cf9a588d: start e13d3dfe-a7aa-4e77-932b-4a03cf9a588d@group-6FADA685E35F-FollowerState
2021-04-24 02:05:52,985 [java.util.concurrent.ThreadPoolExecutor$Worker@65badbcd[State = -1, empty queue]] INFO  metrics.RatisMetrics (RatisMetrics.java:lambda$create$0(36)) - Creating Metrics Registry : ratis.client_message_metrics.client-04F0E55D3540->e13d3dfe-a7aa-4e77-932b-4a03cf9a588d
2021-04-24 02:05:54,276 [684cf295-c17c-4893-9e72-2df5b9d8a511@group-D4A461EBA57E-FollowerState] INFO  impl.FollowerState (FollowerState.java:run(134)) - 684cf295-c17c-4893-9e72-2df5b9d8a511@group-D4A461EBA57E-FollowerState: change to CANDIDATE, lastRpcElapsedTime:5027949125ns, electionTimeout:5023ms
2021-04-24 02:05:54,277 [684cf295-c17c-4893-9e72-2df5b9d8a511@group-D4A461EBA57E-FollowerState] INFO  impl.RoleInfo (RoleInfo.java:shutdownFollowerState(108)) - 684cf295-c17c-4893-9e72-2df5b9d8a511: shutdown 684cf295-c17c-4893-9e72-2df5b9d8a511@group-D4A461EBA57E-FollowerState
2021-04-24 02:05:54,277 [684cf295-c17c-4893-9e72-2df5b9d8a511@group-D4A461EBA57E-FollowerState] INFO  server.RaftServer$Division (RaftServerImpl.java:setRole(284)) - 684cf295-c17c-4893-9e72-2df5b9d8a511@group-D4A461EBA57E: changes role from  FOLLOWER to CANDIDATE at term 2 for changeToCandidate
2021-04-24 02:05:54,277 [684cf295-c17c-4893-9e72-2df5b9d8a511@group-D4A461EBA57E-FollowerState] INFO  server.RaftServerConfigKeys (ConfUtils.java:logGet(44)) - raft.server.leaderelection.pre-vote = false (custom)
2021-04-24 02:05:54,277 [684cf295-c17c-4893-9e72-2df5b9d8a511@group-D4A461EBA57E-FollowerState] INFO  impl.RoleInfo (RoleInfo.java:updateAndGet(130)) - 684cf295-c17c-4893-9e72-2df5b9d8a511: start 684cf295-c17c-4893-9e72-2df5b9d8a511@group-D4A461EBA57E-LeaderElection19
2021-04-24 02:05:54,287 [684cf295-c17c-4893-9e72-2df5b9d8a511@group-D4A461EBA57E-LeaderElection19] INFO  impl.LeaderElection (LeaderElection.java:askForVotes(306)) - 684cf295-c17c-4893-9e72-2df5b9d8a511@group-D4A461EBA57E-LeaderElection19 ELECTION round 0: submit vote requests at term 3 for -1: [ac07a033-1369-46a0-bf0a-a588a91eea94|rpc:172.17.0.2:33531|priority:1, ca92c278-c157-4e01-bd13-e6ca8f055b98|rpc:172.17.0.2:33657|priority:0, 684cf295-c17c-4893-9e72-2df5b9d8a511|rpc:172.17.0.2:38843|priority:0], old=null
2021-04-24 02:05:54,289 [grpc-default-executor-0] INFO  server.RaftServer$Division (RaftServerImpl.java:requestVote(1042)) - ca92c278-c157-4e01-bd13-e6ca8f055b98@group-D4A461EBA57E: receive requestVote(ELECTION, 684cf295-c17c-4893-9e72-2df5b9d8a511, group-D4A461EBA57E, 3, (t:0, i:0))
2021-04-24 02:05:54,293 [grpc-default-executor-0] INFO  impl.VoteContext (VoteContext.java:log(48)) - ca92c278-c157-4e01-bd13-e6ca8f055b98@group-D4A461EBA57E-FOLLOWER: accept ELECTION from 684cf295-c17c-4893-9e72-2df5b9d8a511: our priority 0 <= candidate's priority 0
2021-04-24 02:05:54,293 [grpc-default-executor-0] INFO  server.RaftServer$Division (RaftServerImpl.java:setRole(284)) - ca92c278-c157-4e01-bd13-e6ca8f055b98@group-D4A461EBA57E: changes role from  FOLLOWER to FOLLOWER at term 3 for candidate:684cf295-c17c-4893-9e72-2df5b9d8a511
2021-04-24 02:05:54,293 [grpc-default-executor-0] INFO  impl.RoleInfo (RoleInfo.java:shutdownFollowerState(108)) - ca92c278-c157-4e01-bd13-e6ca8f055b98: shutdown ca92c278-c157-4e01-bd13-e6ca8f055b98@group-D4A461EBA57E-FollowerState
2021-04-24 02:05:54,293 [grpc-default-executor-0] INFO  impl.RoleInfo (RoleInfo.java:updateAndGet(130)) - ca92c278-c157-4e01-bd13-e6ca8f055b98: start ca92c278-c157-4e01-bd13-e6ca8f055b98@group-D4A461EBA57E-FollowerState
2021-04-24 02:05:54,293 [ca92c278-c157-4e01-bd13-e6ca8f055b98@group-D4A461EBA57E-FollowerState] INFO  impl.FollowerState (FollowerState.java:run(143)) - ca92c278-c157-4e01-bd13-e6ca8f055b98@group-D4A461EBA57E-FollowerState was interrupted: {}
java.lang.InterruptedException: sleep interrupted
	at java.lang.Thread.sleep(Native Method)
	at java.lang.Thread.sleep(Thread.java:340)
	at java.util.concurrent.TimeUnit.sleep(TimeUnit.java:386)
	at org.apache.ratis.util.TimeDuration.sleep(TimeDuration.java:324)
	at org.apache.ratis.util.TimeDuration.sleep(TimeDuration.java:309)
	at org.apache.ratis.server.impl.FollowerState.run(FollowerState.java:118)
2021-04-24 02:05:54,297 [grpc-default-executor-0] INFO  server.RaftServer$Division (RaftServerImpl.java:requestVote(1074)) - ca92c278-c157-4e01-bd13-e6ca8f055b98@group-D4A461EBA57E replies to ELECTION vote request: 684cf295-c17c-4893-9e72-2df5b9d8a511<-ca92c278-c157-4e01-bd13-e6ca8f055b98#0:OK-t3. Peer's state: ca92c278-c157-4e01-bd13-e6ca8f055b98@group-D4A461EBA57E:t3, leader=null, voted=684cf295-c17c-4893-9e72-2df5b9d8a511, raftlog=ca92c278-c157-4e01-bd13-e6ca8f055b98@group-D4A461EBA57E-SegmentedRaftLog:OPENED:c-1,f-1,i0, conf=-1: [ac07a033-1369-46a0-bf0a-a588a91eea94|rpc:172.17.0.2:33531|priority:1, ca92c278-c157-4e01-bd13-e6ca8f055b98|rpc:172.17.0.2:33657|priority:0, 684cf295-c17c-4893-9e72-2df5b9d8a511|rpc:172.17.0.2:38843|priority:0], old=null
2021-04-24 02:05:54,299 [grpc-default-executor-0] INFO  server.RaftServer$Division (RaftServerImpl.java:requestVote(1042)) - ac07a033-1369-46a0-bf0a-a588a91eea94@group-D4A461EBA57E: receive requestVote(ELECTION, 684cf295-c17c-4893-9e72-2df5b9d8a511, group-D4A461EBA57E, 3, (t:0, i:0))
2021-04-24 02:05:54,299 [grpc-default-executor-0] INFO  impl.VoteContext (VoteContext.java:log(48)) - ac07a033-1369-46a0-bf0a-a588a91eea94@group-D4A461EBA57E-FOLLOWER: reject ELECTION from 684cf295-c17c-4893-9e72-2df5b9d8a511: our priority 1 > candidate's priority 0
2021-04-24 02:05:54,299 [grpc-default-executor-0] INFO  server.RaftServer$Division (RaftServerImpl.java:setRole(284)) - ac07a033-1369-46a0-bf0a-a588a91eea94@group-D4A461EBA57E: changes role from  FOLLOWER to FOLLOWER at term 3 for candidate:684cf295-c17c-4893-9e72-2df5b9d8a511
2021-04-24 02:05:54,299 [grpc-default-executor-0] INFO  impl.RoleInfo (RoleInfo.java:shutdownFollowerState(108)) - ac07a033-1369-46a0-bf0a-a588a91eea94: shutdown ac07a033-1369-46a0-bf0a-a588a91eea94@group-D4A461EBA57E-FollowerState
2021-04-24 02:05:54,299 [grpc-default-executor-0] INFO  impl.RoleInfo (RoleInfo.java:updateAndGet(130)) - ac07a033-1369-46a0-bf0a-a588a91eea94: start ac07a033-1369-46a0-bf0a-a588a91eea94@group-D4A461EBA57E-FollowerState
2021-04-24 02:05:54,299 [ac07a033-1369-46a0-bf0a-a588a91eea94@group-D4A461EBA57E-FollowerState] INFO  impl.FollowerState (FollowerState.java:run(143)) - ac07a033-1369-46a0-bf0a-a588a91eea94@group-D4A461EBA57E-FollowerState was interrupted: {}
java.lang.InterruptedException: sleep interrupted
	at java.lang.Thread.sleep(Native Method)
	at java.lang.Thread.sleep(Thread.java:340)
	at java.util.concurrent.TimeUnit.sleep(TimeUnit.java:386)
	at org.apache.ratis.util.TimeDuration.sleep(TimeDuration.java:324)
	at org.apache.ratis.util.TimeDuration.sleep(TimeDuration.java:309)
	at org.apache.ratis.server.impl.FollowerState.run(FollowerState.java:118)
2021-04-24 02:05:54,305 [grpc-default-executor-0] INFO  server.RaftServer$Division (RaftServerImpl.java:requestVote(1074)) - ac07a033-1369-46a0-bf0a-a588a91eea94@group-D4A461EBA57E replies to ELECTION vote request: 684cf295-c17c-4893-9e72-2df5b9d8a511<-ac07a033-1369-46a0-bf0a-a588a91eea94#0:FAIL-t3. Peer's state: ac07a033-1369-46a0-bf0a-a588a91eea94@group-D4A461EBA57E:t3, leader=null, voted=null, raftlog=ac07a033-1369-46a0-bf0a-a588a91eea94@group-D4A461EBA57E-SegmentedRaftLog:OPENED:c-1,f-1,i0, conf=-1: [ac07a033-1369-46a0-bf0a-a588a91eea94|rpc:172.17.0.2:33531|dataStream:|priority:1, ca92c278-c157-4e01-bd13-e6ca8f055b98|rpc:172.17.0.2:33657|dataStream:|priority:0, 684cf295-c17c-4893-9e72-2df5b9d8a511|rpc:172.17.0.2:38843|dataStream:|priority:0], old=null
2021-04-24 02:05:54,306 [684cf295-c17c-4893-9e72-2df5b9d8a511@group-D4A461EBA57E-LeaderElection19] INFO  impl.LeaderElection (LeaderElection.java:logAndReturn(89)) - 684cf295-c17c-4893-9e72-2df5b9d8a511@group-D4A461EBA57E-LeaderElection19: ELECTION REJECTED received 2 response(s) and 0 exception(s):
2021-04-24 02:05:54,306 [684cf295-c17c-4893-9e72-2df5b9d8a511@group-D4A461EBA57E-LeaderElection19] INFO  impl.LeaderElection (LeaderElection.java:logAndReturn(93)) -   Response 0: 684cf295-c17c-4893-9e72-2df5b9d8a511<-ac07a033-1369-46a0-bf0a-a588a91eea94#0:FAIL-t3
2021-04-24 02:05:54,306 [684cf295-c17c-4893-9e72-2df5b9d8a511@group-D4A461EBA57E-LeaderElection19] INFO  impl.LeaderElection (LeaderElection.java:logAndReturn(93)) -   Response 1: 684cf295-c17c-4893-9e72-2df5b9d8a511<-ca92c278-c157-4e01-bd13-e6ca8f055b98#0:OK-t3
2021-04-24 02:05:54,306 [684cf295-c17c-4893-9e72-2df5b9d8a511@group-D4A461EBA57E-LeaderElection19] INFO  impl.LeaderElection (LeaderElection.java:askForVotes(308)) - 684cf295-c17c-4893-9e72-2df5b9d8a511@group-D4A461EBA57E-LeaderElection19 ELECTION round 0: result REJECTED
2021-04-24 02:05:54,306 [684cf295-c17c-4893-9e72-2df5b9d8a511@group-D4A461EBA57E-LeaderElection19] INFO  server.RaftServer$Division (RaftServerImpl.java:setRole(284)) - 684cf295-c17c-4893-9e72-2df5b9d8a511@group-D4A461EBA57E: changes role from CANDIDATE to FOLLOWER at term 3 for REJECTED
2021-04-24 02:05:54,306 [684cf295-c17c-4893-9e72-2df5b9d8a511@group-D4A461EBA57E-LeaderElection19] INFO  impl.RoleInfo (RoleInfo.java:shutdownLeaderElection(121)) - 684cf295-c17c-4893-9e72-2df5b9d8a511: shutdown 684cf295-c17c-4893-9e72-2df5b9d8a511@group-D4A461EBA57E-LeaderElection19
2021-04-24 02:05:54,307 [684cf295-c17c-4893-9e72-2df5b9d8a511@group-D4A461EBA57E-LeaderElection19] INFO  impl.RoleInfo (RoleInfo.java:updateAndGet(130)) - 684cf295-c17c-4893-9e72-2df5b9d8a511: start 684cf295-c17c-4893-9e72-2df5b9d8a511@group-D4A461EBA57E-FollowerState
2021-04-24 02:05:55,059 [684cf295-c17c-4893-9e72-2df5b9d8a511@group-3EC95D05B866-FollowerState] INFO  impl.FollowerState (FollowerState.java:run(134)) - 684cf295-c17c-4893-9e72-2df5b9d8a511@group-3EC95D05B866-FollowerState: change to CANDIDATE, lastRpcElapsedTime:5121150112ns, electionTimeout:5115ms
2021-04-24 02:05:55,059 [684cf295-c17c-4893-9e72-2df5b9d8a511@group-3EC95D05B866-FollowerState] INFO  impl.RoleInfo (RoleInfo.java:shutdownFollowerState(108)) - 684cf295-c17c-4893-9e72-2df5b9d8a511: shutdown 684cf295-c17c-4893-9e72-2df5b9d8a511@group-3EC95D05B866-FollowerState
2021-04-24 02:05:55,059 [684cf295-c17c-4893-9e72-2df5b9d8a511@group-3EC95D05B866-FollowerState] INFO  server.RaftServer$Division (RaftServerImpl.java:setRole(284)) - 684cf295-c17c-4893-9e72-2df5b9d8a511@group-3EC95D05B866: changes role from  FOLLOWER to CANDIDATE at term 2 for changeToCandidate
2021-04-24 02:05:55,059 [684cf295-c17c-4893-9e72-2df5b9d8a511@group-3EC95D05B866-FollowerState] INFO  server.RaftServerConfigKeys (ConfUtils.java:logGet(44)) - raft.server.leaderelection.pre-vote = false (custom)
2021-04-24 02:05:55,059 [684cf295-c17c-4893-9e72-2df5b9d8a511@group-3EC95D05B866-FollowerState] INFO  impl.RoleInfo (RoleInfo.java:updateAndGet(130)) - 684cf295-c17c-4893-9e72-2df5b9d8a511: start 684cf295-c17c-4893-9e72-2df5b9d8a511@group-3EC95D05B866-LeaderElection20
2021-04-24 02:05:55,060 [684cf295-c17c-4893-9e72-2df5b9d8a511@group-3EC95D05B866-LeaderElection20] INFO  impl.LeaderElection (LeaderElection.java:askForVotes(306)) - 684cf295-c17c-4893-9e72-2df5b9d8a511@group-3EC95D05B866-LeaderElection20 ELECTION round 0: submit vote requests at term 3 for -1: [ac07a033-1369-46a0-bf0a-a588a91eea94|rpc:172.17.0.2:33531|priority:0, ca92c278-c157-4e01-bd13-e6ca8f055b98|rpc:172.17.0.2:33657|priority:0, 684cf295-c17c-4893-9e72-2df5b9d8a511|rpc:172.17.0.2:38843|priority:1], old=null
2021-04-24 02:05:55,068 [ca92c278-c157-4e01-bd13-e6ca8f055b98@group-3EC95D05B866-FollowerState] INFO  impl.FollowerState (FollowerState.java:run(134)) - ca92c278-c157-4e01-bd13-e6ca8f055b98@group-3EC95D05B866-FollowerState: change to CANDIDATE, lastRpcElapsedTime:5143447095ns, electionTimeout:5134ms
2021-04-24 02:05:55,068 [ca92c278-c157-4e01-bd13-e6ca8f055b98@group-3EC95D05B866-FollowerState] INFO  impl.RoleInfo (RoleInfo.java:shutdownFollowerState(108)) - ca92c278-c157-4e01-bd13-e6ca8f055b98: shutdown ca92c278-c157-4e01-bd13-e6ca8f055b98@group-3EC95D05B866-FollowerState
2021-04-24 02:05:55,068 [ca92c278-c157-4e01-bd13-e6ca8f055b98@group-3EC95D05B866-FollowerState] INFO  server.RaftServer$Division (RaftServerImpl.java:setRole(284)) - ca92c278-c157-4e01-bd13-e6ca8f055b98@group-3EC95D05B866: changes role from  FOLLOWER to CANDIDATE at term 2 for changeToCandidate
2021-04-24 02:05:55,068 [ca92c278-c157-4e01-bd13-e6ca8f055b98@group-3EC95D05B866-FollowerState] INFO  server.RaftServerConfigKeys (ConfUtils.java:logGet(44)) - raft.server.leaderelection.pre-vote = false (custom)
2021-04-24 02:05:55,068 [ca92c278-c157-4e01-bd13-e6ca8f055b98@group-3EC95D05B866-FollowerState] INFO  impl.RoleInfo (RoleInfo.java:updateAndGet(130)) - ca92c278-c157-4e01-bd13-e6ca8f055b98: start ca92c278-c157-4e01-bd13-e6ca8f055b98@group-3EC95D05B866-LeaderElection21
2021-04-24 02:05:55,071 [grpc-default-executor-0] INFO  server.RaftServer$Division (RaftServerImpl.java:requestVote(1042)) - ca92c278-c157-4e01-bd13-e6ca8f055b98@group-3EC95D05B866: receive requestVote(ELECTION, 684cf295-c17c-4893-9e72-2df5b9d8a511, group-3EC95D05B866, 3, (t:0, i:0))
2021-04-24 02:05:55,071 [grpc-default-executor-0] INFO  impl.VoteContext (VoteContext.java:log(48)) - ca92c278-c157-4e01-bd13-e6ca8f055b98@group-3EC95D05B866-CANDIDATE: accept ELECTION from 684cf295-c17c-4893-9e72-2df5b9d8a511: our priority 0 <= candidate's priority 1
2021-04-24 02:05:55,072 [grpc-default-executor-0] INFO  server.RaftServer$Division (RaftServerImpl.java:setRole(284)) - ca92c278-c157-4e01-bd13-e6ca8f055b98@group-3EC95D05B866: changes role from CANDIDATE to FOLLOWER at term 3 for candidate:684cf295-c17c-4893-9e72-2df5b9d8a511
2021-04-24 02:05:55,072 [grpc-default-executor-0] INFO  impl.RoleInfo (RoleInfo.java:shutdownLeaderElection(121)) - ca92c278-c157-4e01-bd13-e6ca8f055b98: shutdown ca92c278-c157-4e01-bd13-e6ca8f055b98@group-3EC95D05B866-LeaderElection21
2021-04-24 02:05:55,072 [grpc-default-executor-0] INFO  impl.RoleInfo (RoleInfo.java:updateAndGet(130)) - ca92c278-c157-4e01-bd13-e6ca8f055b98: start ca92c278-c157-4e01-bd13-e6ca8f055b98@group-3EC95D05B866-FollowerState
2021-04-24 02:05:55,071 [grpc-default-executor-1] INFO  server.RaftServer$Division (RaftServerImpl.java:requestVote(1042)) - ac07a033-1369-46a0-bf0a-a588a91eea94@group-3EC95D05B866: receive requestVote(ELECTION, 684cf295-c17c-4893-9e72-2df5b9d8a511, group-3EC95D05B866, 3, (t:0, i:0))
2021-04-24 02:05:55,072 [grpc-default-executor-1] INFO  impl.VoteContext (VoteContext.java:log(48)) - ac07a033-1369-46a0-bf0a-a588a91eea94@group-3EC95D05B866-FOLLOWER: accept ELECTION from 684cf295-c17c-4893-9e72-2df5b9d8a511: our priority 0 <= candidate's priority 1
2021-04-24 02:05:55,072 [grpc-default-executor-1] INFO  server.RaftServer$Division (RaftServerImpl.java:setRole(284)) - ac07a033-1369-46a0-bf0a-a588a91eea94@group-3EC95D05B866: changes role from  FOLLOWER to FOLLOWER at term 3 for candidate:684cf295-c17c-4893-9e72-2df5b9d8a511
2021-04-24 02:05:55,072 [grpc-default-executor-1] INFO  impl.RoleInfo (RoleInfo.java:shutdownFollowerState(108)) - ac07a033-1369-46a0-bf0a-a588a91eea94: shutdown ac07a033-1369-46a0-bf0a-a588a91eea94@group-3EC95D05B866-FollowerState
2021-04-24 02:05:55,074 [grpc-default-executor-0] INFO  server.RaftServer$Division (RaftServerImpl.java:requestVote(1074)) - ca92c278-c157-4e01-bd13-e6ca8f055b98@group-3EC95D05B866 replies to ELECTION vote request: 684cf295-c17c-4893-9e72-2df5b9d8a511<-ca92c278-c157-4e01-bd13-e6ca8f055b98#0:OK-t3. Peer's state: ca92c278-c157-4e01-bd13-e6ca8f055b98@group-3EC95D05B866:t3, leader=null, voted=684cf295-c17c-4893-9e72-2df5b9d8a511, raftlog=ca92c278-c157-4e01-bd13-e6ca8f055b98@group-3EC95D05B866-SegmentedRaftLog:OPENED:c-1,f-1,i0, conf=-1: [ac07a033-1369-46a0-bf0a-a588a91eea94|rpc:172.17.0.2:33531|priority:0, ca92c278-c157-4e01-bd13-e6ca8f055b98|rpc:172.17.0.2:33657|priority:0, 684cf295-c17c-4893-9e72-2df5b9d8a511|rpc:172.17.0.2:38843|priority:1], old=null
2021-04-24 02:05:55,075 [ca92c278-c157-4e01-bd13-e6ca8f055b98@group-3EC95D05B866-LeaderElection21] INFO  impl.LeaderElection (LeaderElection.java:run(230)) - ca92c278-c157-4e01-bd13-e6ca8f055b98@group-3EC95D05B866-LeaderElection21: skip running since this is already CLOSING
2021-04-24 02:05:55,076 [grpc-default-executor-1] INFO  impl.RoleInfo (RoleInfo.java:updateAndGet(130)) - ac07a033-1369-46a0-bf0a-a588a91eea94: start ac07a033-1369-46a0-bf0a-a588a91eea94@group-3EC95D05B866-FollowerState
2021-04-24 02:05:55,077 [ac07a033-1369-46a0-bf0a-a588a91eea94@group-3EC95D05B866-FollowerState] INFO  impl.FollowerState (FollowerState.java:run(143)) - ac07a033-1369-46a0-bf0a-a588a91eea94@group-3EC95D05B866-FollowerState was interrupted: {}
java.lang.InterruptedException: sleep interrupted
	at java.lang.Thread.sleep(Native Method)
	at java.lang.Thread.sleep(Thread.java:340)
	at java.util.concurrent.TimeUnit.sleep(TimeUnit.java:386)
	at org.apache.ratis.util.TimeDuration.sleep(TimeDuration.java:324)
	at org.apache.ratis.util.TimeDuration.sleep(TimeDuration.java:309)
	at org.apache.ratis.server.impl.FollowerState.run(FollowerState.java:118)
2021-04-24 02:05:55,080 [grpc-default-executor-1] INFO  server.RaftServer$Division (RaftServerImpl.java:requestVote(1074)) - ac07a033-1369-46a0-bf0a-a588a91eea94@group-3EC95D05B866 replies to ELECTION vote request: 684cf295-c17c-4893-9e72-2df5b9d8a511<-ac07a033-1369-46a0-bf0a-a588a91eea94#0:OK-t3. Peer's state: ac07a033-1369-46a0-bf0a-a588a91eea94@group-3EC95D05B866:t3, leader=null, voted=684cf295-c17c-4893-9e72-2df5b9d8a511, raftlog=ac07a033-1369-46a0-bf0a-a588a91eea94@group-3EC95D05B866-SegmentedRaftLog:OPENED:c-1,f-1,i0, conf=-1: [ac07a033-1369-46a0-bf0a-a588a91eea94|rpc:172.17.0.2:33531|priority:0, ca92c278-c157-4e01-bd13-e6ca8f055b98|rpc:172.17.0.2:33657|priority:0, 684cf295-c17c-4893-9e72-2df5b9d8a511|rpc:172.17.0.2:38843|priority:1], old=null
2021-04-24 02:05:55,081 [684cf295-c17c-4893-9e72-2df5b9d8a511@group-3EC95D05B866-LeaderElection20] INFO  impl.LeaderElection (LeaderElection.java:logAndReturn(89)) - 684cf295-c17c-4893-9e72-2df5b9d8a511@group-3EC95D05B866-LeaderElection20: ELECTION PASSED received 1 response(s) and 0 exception(s):
2021-04-24 02:05:55,081 [684cf295-c17c-4893-9e72-2df5b9d8a511@group-3EC95D05B866-LeaderElection20] INFO  impl.LeaderElection (LeaderElection.java:logAndReturn(93)) -   Response 0: 684cf295-c17c-4893-9e72-2df5b9d8a511<-ca92c278-c157-4e01-bd13-e6ca8f055b98#0:OK-t3
2021-04-24 02:05:55,081 [684cf295-c17c-4893-9e72-2df5b9d8a511@group-3EC95D05B866-LeaderElection20] INFO  impl.LeaderElection (LeaderElection.java:askForVotes(308)) - 684cf295-c17c-4893-9e72-2df5b9d8a511@group-3EC95D05B866-LeaderElection20 ELECTION round 0: result PASSED
2021-04-24 02:05:55,081 [684cf295-c17c-4893-9e72-2df5b9d8a511@group-3EC95D05B866-LeaderElection20] INFO  impl.RoleInfo (RoleInfo.java:shutdownLeaderElection(121)) - 684cf295-c17c-4893-9e72-2df5b9d8a511: shutdown 684cf295-c17c-4893-9e72-2df5b9d8a511@group-3EC95D05B866-LeaderElection20
2021-04-24 02:05:55,081 [684cf295-c17c-4893-9e72-2df5b9d8a511@group-3EC95D05B866-LeaderElection20] INFO  server.RaftServer$Division (RaftServerImpl.java:setRole(284)) - 684cf295-c17c-4893-9e72-2df5b9d8a511@group-3EC95D05B866: changes role from CANDIDATE to LEADER at term 3 for changeToLeader
2021-04-24 02:05:55,083 [684cf295-c17c-4893-9e72-2df5b9d8a511@group-3EC95D05B866-LeaderElection20] INFO  ratis.XceiverServerRatis (XceiverServerRatis.java:handleLeaderChangedNotification(906)) - Leader change notification received for group: group-3EC95D05B866 with new leaderId: 684cf295-c17c-4893-9e72-2df5b9d8a511
2021-04-24 02:05:55,083 [684cf295-c17c-4893-9e72-2df5b9d8a511@group-3EC95D05B866-LeaderElection20] INFO  server.RaftServer$Division (ServerState.java:setLeader(271)) - 684cf295-c17c-4893-9e72-2df5b9d8a511@group-3EC95D05B866: change Leader from null to 684cf295-c17c-4893-9e72-2df5b9d8a511 at term 3 for becomeLeader, leader elected after 15422ms
2021-04-24 02:05:55,083 [684cf295-c17c-4893-9e72-2df5b9d8a511@group-3EC95D05B866-LeaderElection20] INFO  server.RaftServerConfigKeys (ConfUtils.java:logGet(44)) - raft.server.staging.catchup.gap = 1000 (default)
2021-04-24 02:05:55,084 [EventQueue-PipelineReportForPipelineReportHandler] INFO  pipeline.PipelineManagerV2Impl (PipelineManagerV2Impl.java:openPipeline(270)) - Pipeline Pipeline[ Id: 719f748f-ff1a-4531-87e9-3ec95d05b866, Nodes: ac07a033-1369-46a0-bf0a-a588a91eea94{ip: 172.17.0.2, host: 8965a546ea16, ports: [REPLICATION=37351, RATIS=33531, RATIS_ADMIN=33531, RATIS_SERVER=33531, STANDALONE=37423], networkLocation: /default-rack, certSerialId: null, persistedOpState: IN_SERVICE, persistedOpStateExpiryEpochSec: 0}684cf295-c17c-4893-9e72-2df5b9d8a511{ip: 172.17.0.2, host: 8965a546ea16, ports: [REPLICATION=45859, RATIS=38843, RATIS_ADMIN=38843, RATIS_SERVER=38843, STANDALONE=45375], networkLocation: /default-rack, certSerialId: null, persistedOpState: IN_SERVICE, persistedOpStateExpiryEpochSec: 0}ca92c278-c157-4e01-bd13-e6ca8f055b98{ip: 172.17.0.2, host: 8965a546ea16, ports: [REPLICATION=37593, RATIS=33657, RATIS_ADMIN=33657, RATIS_SERVER=33657, STANDALONE=33611], networkLocation: /default-rack, certSerialId: null, persistedOpState: IN_SERVICE, persistedOpStateExpiryEpochSec: 0}, ReplicationConfig: RATIS/THREE, State:ALLOCATED, leaderId:684cf295-c17c-4893-9e72-2df5b9d8a511, CreationTimestamp2021-04-24T02:05:36.687Z] moved to OPEN state
2021-04-24 02:05:55,085 [684cf295-c17c-4893-9e72-2df5b9d8a511@group-3EC95D05B866-LeaderElection20] INFO  metrics.RatisMetrics (RatisMetrics.java:lambda$create$0(36)) - Creating Metrics Registry : ratis.log_appender.684cf295-c17c-4893-9e72-2df5b9d8a511@group-3EC95D05B866
2021-04-24 02:05:55,085 [684cf295-c17c-4893-9e72-2df5b9d8a511@group-3EC95D05B866-LeaderElection20] INFO  server.RaftServerConfigKeys (ConfUtils.java:logGet(44)) - raft.server.write.element-limit = 1024 (custom)
2021-04-24 02:05:55,085 [684cf295-c17c-4893-9e72-2df5b9d8a511@group-3EC95D05B866-LeaderElection20] INFO  server.RaftServerConfigKeys (ConfUtils.java:logGet(44)) - raft.server.write.byte-limit = 1073741824 (custom)
2021-04-24 02:05:55,086 [684cf295-c17c-4893-9e72-2df5b9d8a511@group-3EC95D05B866-LeaderElection20] INFO  server.RaftServerConfigKeys (ConfUtils.java:logGet(44)) - raft.server.watch.timeout = 3000ms (custom)
2021-04-24 02:05:55,086 [684cf295-c17c-4893-9e72-2df5b9d8a511@group-3EC95D05B866-LeaderElection20] INFO  server.RaftServerConfigKeys (ConfUtils.java:logGet(44)) - raft.server.watch.timeout.denomination = 1s (default)
2021-04-24 02:05:55,086 [684cf295-c17c-4893-9e72-2df5b9d8a511@group-3EC95D05B866-LeaderElection20] INFO  server.RaftServerConfigKeys (ConfUtils.java:logGet(44)) - raft.server.watch.element-limit = 65536 (default)
2021-04-24 02:05:55,086 [684cf295-c17c-4893-9e72-2df5b9d8a511@group-3EC95D05B866-LeaderElection20] INFO  server.RaftServerConfigKeys (ConfUtils.java:logGet(44)) - raft.server.log.appender.snapshot.chunk.size.max = 16MB (=16777216) (default)
2021-04-24 02:05:55,086 [684cf295-c17c-4893-9e72-2df5b9d8a511@group-3EC95D05B866-LeaderElection20] INFO  server.RaftServerConfigKeys (ConfUtils.java:logGet(44)) - raft.server.log.appender.buffer.byte-limit = 33554432 (custom)
2021-04-24 02:05:55,086 [684cf295-c17c-4893-9e72-2df5b9d8a511@group-3EC95D05B866-LeaderElection20] INFO  server.RaftServerConfigKeys (ConfUtils.java:logGet(44)) - raft.server.log.appender.buffer.element-limit = 1 (custom)
2021-04-24 02:05:55,086 [684cf295-c17c-4893-9e72-2df5b9d8a511@group-3EC95D05B866-LeaderElection20] INFO  grpc.GrpcConfigKeys (ConfUtils.java:logGet(44)) - raft.grpc.server.leader.outstanding.appends.max = 128 (default)
2021-04-24 02:05:55,087 [684cf295-c17c-4893-9e72-2df5b9d8a511@group-3EC95D05B866-LeaderElection20] INFO  server.RaftServerConfigKeys (ConfUtils.java:logGet(44)) - raft.server.rpc.request.timeout = 3000ms (default)
2021-04-24 02:05:55,087 [684cf295-c17c-4893-9e72-2df5b9d8a511@group-3EC95D05B866-LeaderElection20] INFO  server.RaftServerConfigKeys (ConfUtils.java:logGet(44)) - raft.server.log.appender.install.snapshot.enabled = false (custom)
2021-04-24 02:05:55,087 [684cf295-c17c-4893-9e72-2df5b9d8a511@group-3EC95D05B866-LeaderElection20] INFO  metrics.RatisMetrics (RatisMetrics.java:lambda$create$0(36)) - Creating Metrics Registry : ratis_grpc.log_appender.684cf295-c17c-4893-9e72-2df5b9d8a511@group-3EC95D05B866
2021-04-24 02:05:55,087 [684cf295-c17c-4893-9e72-2df5b9d8a511@group-3EC95D05B866-LeaderElection20] INFO  server.RaftServerConfigKeys (ConfUtils.java:logGet(44)) - raft.server.log.appender.snapshot.chunk.size.max = 16MB (=16777216) (default)
2021-04-24 02:05:55,088 [684cf295-c17c-4893-9e72-2df5b9d8a511@group-3EC95D05B866-LeaderElection20] INFO  server.RaftServerConfigKeys (ConfUtils.java:logGet(44)) - raft.server.log.appender.buffer.byte-limit = 33554432 (custom)
2021-04-24 02:05:55,088 [684cf295-c17c-4893-9e72-2df5b9d8a511@group-3EC95D05B866-LeaderElection20] INFO  server.RaftServerConfigKeys (ConfUtils.java:logGet(44)) - raft.server.log.appender.buffer.element-limit = 1 (custom)
2021-04-24 02:05:55,088 [684cf295-c17c-4893-9e72-2df5b9d8a511@group-3EC95D05B866-LeaderElection20] INFO  grpc.GrpcConfigKeys (ConfUtils.java:logGet(44)) - raft.grpc.server.leader.outstanding.appends.max = 128 (default)
2021-04-24 02:05:55,088 [684cf295-c17c-4893-9e72-2df5b9d8a511@group-3EC95D05B866-LeaderElection20] INFO  server.RaftServerConfigKeys (ConfUtils.java:logGet(44)) - raft.server.rpc.request.timeout = 3000ms (default)
2021-04-24 02:05:55,088 [684cf295-c17c-4893-9e72-2df5b9d8a511@group-3EC95D05B866-LeaderElection20] INFO  server.RaftServerConfigKeys (ConfUtils.java:logGet(44)) - raft.server.log.appender.install.snapshot.enabled = false (custom)
2021-04-24 02:05:55,089 [684cf295-c17c-4893-9e72-2df5b9d8a511@group-3EC95D05B866-LeaderElection20] INFO  impl.RoleInfo (RoleInfo.java:updateAndGet(130)) - 684cf295-c17c-4893-9e72-2df5b9d8a511: start 684cf295-c17c-4893-9e72-2df5b9d8a511@group-3EC95D05B866-LeaderStateImpl
2021-04-24 02:05:55,089 [684cf295-c17c-4893-9e72-2df5b9d8a511@group-3EC95D05B866-LeaderElection20] INFO  segmented.SegmentedRaftLogWorker (SegmentedRaftLogWorker.java:startLogSegment(394)) - 684cf295-c17c-4893-9e72-2df5b9d8a511@group-3EC95D05B866-SegmentedRaftLogWorker: Starting segment from index:0
2021-04-24 02:05:55,090 [684cf295-c17c-4893-9e72-2df5b9d8a511@group-3EC95D05B866-SegmentedRaftLogWorker] INFO  segmented.SegmentedRaftLogWorker (SegmentedRaftLogWorker.java:execute(601)) - 684cf295-c17c-4893-9e72-2df5b9d8a511@group-3EC95D05B866-SegmentedRaftLogWorker: created new log segment /github/workspace/mnt/ozone/hadoop-ozone/integration-test/target/test-dir/MiniOzoneClusterImpl-6998a6cc-0dbe-4d56-81dc-8335dc1dcef2/datanode-0/data/ratis/719f748f-ff1a-4531-87e9-3ec95d05b866/current/log_inprogress_0
2021-04-24 02:05:55,098 [684cf295-c17c-4893-9e72-2df5b9d8a511@group-3EC95D05B866-LeaderElection20] INFO  server.RaftServer$Division (ServerState.java:setRaftConf(373)) - 684cf295-c17c-4893-9e72-2df5b9d8a511@group-3EC95D05B866: set configuration 0: [ac07a033-1369-46a0-bf0a-a588a91eea94|rpc:172.17.0.2:33531|dataStream:|priority:0, ca92c278-c157-4e01-bd13-e6ca8f055b98|rpc:172.17.0.2:33657|dataStream:|priority:0, 684cf295-c17c-4893-9e72-2df5b9d8a511|rpc:172.17.0.2:38843|dataStream:|priority:1], old=null
2021-04-24 02:05:55,098 [grpc-default-executor-0] INFO  ratis.XceiverServerRatis (XceiverServerRatis.java:handleLeaderChangedNotification(906)) - Leader change notification received for group: group-3EC95D05B866 with new leaderId: 684cf295-c17c-4893-9e72-2df5b9d8a511
2021-04-24 02:05:55,099 [grpc-default-executor-0] INFO  server.RaftServer$Division (ServerState.java:setLeader(271)) - ac07a033-1369-46a0-bf0a-a588a91eea94@group-3EC95D05B866: change Leader from null to 684cf295-c17c-4893-9e72-2df5b9d8a511 at term 3 for appendEntries, leader elected after 15340ms
2021-04-24 02:05:55,103 [grpc-default-executor-0] INFO  server.RaftServer$Division (ServerState.java:setRaftConf(373)) - ac07a033-1369-46a0-bf0a-a588a91eea94@group-3EC95D05B866: set configuration 0: [ac07a033-1369-46a0-bf0a-a588a91eea94|rpc:172.17.0.2:33531|dataStream:|priority:0, ca92c278-c157-4e01-bd13-e6ca8f055b98|rpc:172.17.0.2:33657|dataStream:|priority:0, 684cf295-c17c-4893-9e72-2df5b9d8a511|rpc:172.17.0.2:38843|dataStream:|priority:1], old=null
2021-04-24 02:05:55,104 [grpc-default-executor-0] INFO  segmented.SegmentedRaftLogWorker (SegmentedRaftLogWorker.java:startLogSegment(394)) - ac07a033-1369-46a0-bf0a-a588a91eea94@group-3EC95D05B866-SegmentedRaftLogWorker: Starting segment from index:0
2021-04-24 02:05:55,104 [grpc-default-executor-0] INFO  ratis.XceiverServerRatis (XceiverServerRatis.java:handleLeaderChangedNotification(906)) - Leader change notification received for group: group-3EC95D05B866 with new leaderId: 684cf295-c17c-4893-9e72-2df5b9d8a511
2021-04-24 02:05:55,105 [grpc-default-executor-0] INFO  server.RaftServer$Division (ServerState.java:setLeader(271)) - ca92c278-c157-4e01-bd13-e6ca8f055b98@group-3EC95D05B866: change Leader from null to 684cf295-c17c-4893-9e72-2df5b9d8a511 at term 3 for appendEntries, leader elected after 15411ms
2021-04-24 02:05:55,106 [ac07a033-1369-46a0-bf0a-a588a91eea94@group-3EC95D05B866-SegmentedRaftLogWorker] INFO  segmented.SegmentedRaftLogWorker (SegmentedRaftLogWorker.java:execute(601)) - ac07a033-1369-46a0-bf0a-a588a91eea94@group-3EC95D05B866-SegmentedRaftLogWorker: created new log segment /github/workspace/mnt/ozone/hadoop-ozone/integration-test/target/test-dir/MiniOzoneClusterImpl-6998a6cc-0dbe-4d56-81dc-8335dc1dcef2/datanode-2/data/ratis/719f748f-ff1a-4531-87e9-3ec95d05b866/current/log_inprogress_0
2021-04-24 02:05:55,115 [grpc-default-executor-0] INFO  server.RaftServer$Division (ServerState.java:setRaftConf(373)) - ca92c278-c157-4e01-bd13-e6ca8f055b98@group-3EC95D05B866: set configuration 0: [ac07a033-1369-46a0-bf0a-a588a91eea94|rpc:172.17.0.2:33531|dataStream:|priority:0, ca92c278-c157-4e01-bd13-e6ca8f055b98|rpc:172.17.0.2:33657|dataStream:|priority:0, 684cf295-c17c-4893-9e72-2df5b9d8a511|rpc:172.17.0.2:38843|dataStream:|priority:1], old=null
2021-04-24 02:05:55,116 [grpc-default-executor-0] INFO  segmented.SegmentedRaftLogWorker (SegmentedRaftLogWorker.java:startLogSegment(394)) - ca92c278-c157-4e01-bd13-e6ca8f055b98@group-3EC95D05B866-SegmentedRaftLogWorker: Starting segment from index:0
2021-04-24 02:05:55,117 [ca92c278-c157-4e01-bd13-e6ca8f055b98@group-3EC95D05B866-SegmentedRaftLogWorker] INFO  segmented.SegmentedRaftLogWorker (SegmentedRaftLogWorker.java:execute(601)) - ca92c278-c157-4e01-bd13-e6ca8f055b98@group-3EC95D05B866-SegmentedRaftLogWorker: created new log segment /github/workspace/mnt/ozone/hadoop-ozone/integration-test/target/test-dir/MiniOzoneClusterImpl-6998a6cc-0dbe-4d56-81dc-8335dc1dcef2/datanode-1/data/ratis/719f748f-ff1a-4531-87e9-3ec95d05b866/current/log_inprogress_0
2021-04-24 02:05:55,563 [e13d3dfe-a7aa-4e77-932b-4a03cf9a588d@group-6FADA685E35F-FollowerState] INFO  impl.FollowerState (FollowerState.java:run(134)) - e13d3dfe-a7aa-4e77-932b-4a03cf9a588d@group-6FADA685E35F-FollowerState: change to CANDIDATE, lastRpcElapsedTime:5046945076ns, electionTimeout:5043ms
2021-04-24 02:05:55,563 [e13d3dfe-a7aa-4e77-932b-4a03cf9a588d@group-6FADA685E35F-FollowerState] INFO  impl.RoleInfo (RoleInfo.java:shutdownFollowerState(108)) - e13d3dfe-a7aa-4e77-932b-4a03cf9a588d: shutdown e13d3dfe-a7aa-4e77-932b-4a03cf9a588d@group-6FADA685E35F-FollowerState
2021-04-24 02:05:55,563 [e13d3dfe-a7aa-4e77-932b-4a03cf9a588d@group-6FADA685E35F-FollowerState] INFO  server.RaftServer$Division (RaftServerImpl.java:setRole(284)) - e13d3dfe-a7aa-4e77-932b-4a03cf9a588d@group-6FADA685E35F: changes role from  FOLLOWER to CANDIDATE at term 3 for changeToCandidate
2021-04-24 02:05:55,563 [e13d3dfe-a7aa-4e77-932b-4a03cf9a588d@group-6FADA685E35F-FollowerState] INFO  server.RaftServerConfigKeys (ConfUtils.java:logGet(44)) - raft.server.leaderelection.pre-vote = false (custom)
2021-04-24 02:05:55,563 [e13d3dfe-a7aa-4e77-932b-4a03cf9a588d@group-6FADA685E35F-FollowerState] INFO  impl.RoleInfo (RoleInfo.java:updateAndGet(130)) - e13d3dfe-a7aa-4e77-932b-4a03cf9a588d: start e13d3dfe-a7aa-4e77-932b-4a03cf9a588d@group-6FADA685E35F-LeaderElection22
2021-04-24 02:05:55,566 [e13d3dfe-a7aa-4e77-932b-4a03cf9a588d@group-6FADA685E35F-LeaderElection22] INFO  impl.LeaderElection (LeaderElection.java:askForVotes(306)) - e13d3dfe-a7aa-4e77-932b-4a03cf9a588d@group-6FADA685E35F-LeaderElection22 ELECTION round 0: submit vote requests at term 4 for 0: [686a54b3-507b-4dc5-8065-04c582627b70|rpc:172.17.0.2:37165|dataStream:|priority:1, e13d3dfe-a7aa-4e77-932b-4a03cf9a588d|rpc:172.17.0.2:43115|dataStream:|priority:0, 506e7d51-44ea-40e0-a2b0-e730f7a28201|rpc:172.17.0.2:37821|dataStream:|priority:0], old=null
2021-04-24 02:05:55,571 [grpc-default-executor-0] INFO  server.RaftServer$Division (RaftServerImpl.java:requestVote(1042)) - 686a54b3-507b-4dc5-8065-04c582627b70@group-6FADA685E35F: receive requestVote(ELECTION, e13d3dfe-a7aa-4e77-932b-4a03cf9a588d, group-6FADA685E35F, 4, (t:1, i:0))
2021-04-24 02:05:55,571 [grpc-default-executor-0] INFO  impl.VoteContext (VoteContext.java:log(48)) - 686a54b3-507b-4dc5-8065-04c582627b70@group-6FADA685E35F-FOLLOWER: reject ELECTION from e13d3dfe-a7aa-4e77-932b-4a03cf9a588d: our priority 1 > candidate's priority 0
2021-04-24 02:05:55,572 [grpc-default-executor-0] INFO  server.RaftServer$Division (RaftServerImpl.java:setRole(284)) - 686a54b3-507b-4dc5-8065-04c582627b70@group-6FADA685E35F: changes role from  FOLLOWER to FOLLOWER at term 4 for candidate:e13d3dfe-a7aa-4e77-932b-4a03cf9a588d
2021-04-24 02:05:55,572 [grpc-default-executor-0] INFO  impl.RoleInfo (RoleInfo.java:shutdownFollowerState(108)) - 686a54b3-507b-4dc5-8065-04c582627b70: shutdown 686a54b3-507b-4dc5-8065-04c582627b70@group-6FADA685E35F-FollowerState
2021-04-24 02:05:55,572 [grpc-default-executor-0] INFO  impl.RoleInfo (RoleInfo.java:updateAndGet(130)) - 686a54b3-507b-4dc5-8065-04c582627b70: start 686a54b3-507b-4dc5-8065-04c582627b70@group-6FADA685E35F-FollowerState
2021-04-24 02:05:55,572 [686a54b3-507b-4dc5-8065-04c582627b70@group-6FADA685E35F-FollowerState] INFO  impl.FollowerState (FollowerState.java:run(143)) - 686a54b3-507b-4dc5-8065-04c582627b70@group-6FADA685E35F-FollowerState was interrupted: {}
java.lang.InterruptedException: sleep interrupted
	at java.lang.Thread.sleep(Native Method)
	at java.lang.Thread.sleep(Thread.java:340)
	at java.util.concurrent.TimeUnit.sleep(TimeUnit.java:386)
	at org.apache.ratis.util.TimeDuration.sleep(TimeDuration.java:324)
	at org.apache.ratis.util.TimeDuration.sleep(TimeDuration.java:309)
	at org.apache.ratis.server.impl.FollowerState.run(FollowerState.java:118)
2021-04-24 02:05:55,574 [grpc-default-executor-1] INFO  server.RaftServer$Division (RaftServerImpl.java:requestVote(1042)) - 506e7d51-44ea-40e0-a2b0-e730f7a28201@group-6FADA685E35F: receive requestVote(ELECTION, e13d3dfe-a7aa-4e77-932b-4a03cf9a588d, group-6FADA685E35F, 4, (t:1, i:0))
2021-04-24 02:05:55,574 [grpc-default-executor-1] INFO  impl.VoteContext (VoteContext.java:log(48)) - 506e7d51-44ea-40e0-a2b0-e730f7a28201@group-6FADA685E35F-FOLLOWER: accept ELECTION from e13d3dfe-a7aa-4e77-932b-4a03cf9a588d: our last entry null < candidate's last entry (t:1, i:0)
2021-04-24 02:05:55,580 [grpc-default-executor-1] INFO  server.RaftServer$Division (RaftServerImpl.java:setRole(284)) - 506e7d51-44ea-40e0-a2b0-e730f7a28201@group-6FADA685E35F: changes role from  FOLLOWER to FOLLOWER at term 4 for candidate:e13d3dfe-a7aa-4e77-932b-4a03cf9a588d
2021-04-24 02:05:55,580 [grpc-default-executor-0] INFO  server.RaftServer$Division (RaftServerImpl.java:requestVote(1074)) - 686a54b3-507b-4dc5-8065-04c582627b70@group-6FADA685E35F replies to ELECTION vote request: e13d3dfe-a7aa-4e77-932b-4a03cf9a588d<-686a54b3-507b-4dc5-8065-04c582627b70#0:FAIL-t4. Peer's state: 686a54b3-507b-4dc5-8065-04c582627b70@group-6FADA685E35F:t4, leader=null, voted=null, raftlog=686a54b3-507b-4dc5-8065-04c582627b70@group-6FADA685E35F-SegmentedRaftLog:OPENED:c0,f0,i0, conf=0: [686a54b3-507b-4dc5-8065-04c582627b70|rpc:172.17.0.2:37165|dataStream:|priority:1, e13d3dfe-a7aa-4e77-932b-4a03cf9a588d|rpc:172.17.0.2:43115|dataStream:|priority:0, 506e7d51-44ea-40e0-a2b0-e730f7a28201|rpc:172.17.0.2:37821|dataStream:|priority:0], old=null
2021-04-24 02:05:55,580 [grpc-default-executor-1] INFO  impl.RoleInfo (RoleInfo.java:shutdownFollowerState(108)) - 506e7d51-44ea-40e0-a2b0-e730f7a28201: shutdown 506e7d51-44ea-40e0-a2b0-e730f7a28201@group-6FADA685E35F-FollowerState
2021-04-24 02:05:55,580 [grpc-default-executor-1] INFO  impl.RoleInfo (RoleInfo.java:updateAndGet(130)) - 506e7d51-44ea-40e0-a2b0-e730f7a28201: start 506e7d51-44ea-40e0-a2b0-e730f7a28201@group-6FADA685E35F-FollowerState
2021-04-24 02:05:55,581 [506e7d51-44ea-40e0-a2b0-e730f7a28201@group-6FADA685E35F-FollowerState] INFO  impl.FollowerState (FollowerState.java:run(143)) - 506e7d51-44ea-40e0-a2b0-e730f7a28201@group-6FADA685E35F-FollowerState was interrupted: {}
java.lang.InterruptedException: sleep interrupted
	at java.lang.Thread.sleep(Native Method)
	at java.lang.Thread.sleep(Thread.java:340)
	at java.util.concurrent.TimeUnit.sleep(TimeUnit.java:386)
	at org.apache.ratis.util.TimeDuration.sleep(TimeDuration.java:324)
	at org.apache.ratis.util.TimeDuration.sleep(TimeDuration.java:309)
	at org.apache.ratis.server.impl.FollowerState.run(FollowerState.java:118)
2021-04-24 02:05:55,583 [grpc-default-executor-1] INFO  server.RaftServer$Division (RaftServerImpl.java:requestVote(1074)) - 506e7d51-44ea-40e0-a2b0-e730f7a28201@group-6FADA685E35F replies to ELECTION vote request: e13d3dfe-a7aa-4e77-932b-4a03cf9a588d<-506e7d51-44ea-40e0-a2b0-e730f7a28201#0:OK-t4. Peer's state: 506e7d51-44ea-40e0-a2b0-e730f7a28201@group-6FADA685E35F:t4, leader=null, voted=e13d3dfe-a7aa-4e77-932b-4a03cf9a588d, raftlog=506e7d51-44ea-40e0-a2b0-e730f7a28201@group-6FADA685E35F-SegmentedRaftLog:OPENED:c-1,f-1,i0, conf=-1: [686a54b3-507b-4dc5-8065-04c582627b70|rpc:172.17.0.2:37165|priority:1, e13d3dfe-a7aa-4e77-932b-4a03cf9a588d|rpc:172.17.0.2:43115|priority:0, 506e7d51-44ea-40e0-a2b0-e730f7a28201|rpc:172.17.0.2:37821|priority:0], old=null
2021-04-24 02:05:55,583 [e13d3dfe-a7aa-4e77-932b-4a03cf9a588d@group-6FADA685E35F-LeaderElection22] INFO  impl.LeaderElection (LeaderElection.java:logAndReturn(89)) - e13d3dfe-a7aa-4e77-932b-4a03cf9a588d@group-6FADA685E35F-LeaderElection22: ELECTION REJECTED received 1 response(s) and 0 exception(s):
2021-04-24 02:05:55,584 [e13d3dfe-a7aa-4e77-932b-4a03cf9a588d@group-6FADA685E35F-LeaderElection22] INFO  impl.LeaderElection (LeaderElection.java:logAndReturn(93)) -   Response 0: e13d3dfe-a7aa-4e77-932b-4a03cf9a588d<-686a54b3-507b-4dc5-8065-04c582627b70#0:FAIL-t4
2021-04-24 02:05:55,584 [e13d3dfe-a7aa-4e77-932b-4a03cf9a588d@group-6FADA685E35F-LeaderElection22] INFO  impl.LeaderElection (LeaderElection.java:askForVotes(308)) - e13d3dfe-a7aa-4e77-932b-4a03cf9a588d@group-6FADA685E35F-LeaderElection22 ELECTION round 0: result REJECTED
2021-04-24 02:05:55,584 [e13d3dfe-a7aa-4e77-932b-4a03cf9a588d@group-6FADA685E35F-LeaderElection22] INFO  server.RaftServer$Division (RaftServerImpl.java:setRole(284)) - e13d3dfe-a7aa-4e77-932b-4a03cf9a588d@group-6FADA685E35F: changes role from CANDIDATE to FOLLOWER at term 4 for REJECTED
2021-04-24 02:05:55,584 [e13d3dfe-a7aa-4e77-932b-4a03cf9a588d@group-6FADA685E35F-LeaderElection22] INFO  impl.RoleInfo (RoleInfo.java:shutdownLeaderElection(121)) - e13d3dfe-a7aa-4e77-932b-4a03cf9a588d: shutdown e13d3dfe-a7aa-4e77-932b-4a03cf9a588d@group-6FADA685E35F-LeaderElection22
2021-04-24 02:05:55,584 [e13d3dfe-a7aa-4e77-932b-4a03cf9a588d@group-6FADA685E35F-LeaderElection22] INFO  impl.RoleInfo (RoleInfo.java:updateAndGet(130)) - e13d3dfe-a7aa-4e77-932b-4a03cf9a588d: start e13d3dfe-a7aa-4e77-932b-4a03cf9a588d@group-6FADA685E35F-FollowerState
2021-04-24 02:05:56,994 [Listener at 127.0.0.1/41437] INFO  ozone.MiniOzoneClusterImpl (MiniOzoneClusterImpl.java:shutdown(442)) - Shutting down the Mini Ozone Cluster
2021-04-24 02:05:56,995 [Listener at 127.0.0.1/41437] INFO  ozone.MiniOzoneClusterImpl (MiniOzoneClusterImpl.java:stop(457)) - Stopping the Mini Ozone Cluster
2021-04-24 02:05:56,995 [Listener at 127.0.0.1/41437] INFO  ozone.MiniOzoneClusterImpl (MiniOzoneClusterImpl.java:stopOM(539)) - Stopping the OzoneManager
2021-04-24 02:05:56,995 [Listener at 127.0.0.1/41437] INFO  ipc.Server (Server.java:stop(3403)) - Stopping server on 41437
2021-04-24 02:05:56,999 [IPC Server Responder] INFO  ipc.Server (Server.java:run(1502)) - Stopping IPC Server Responder
2021-04-24 02:05:57,000 [IPC Server listener on 0] INFO  ipc.Server (Server.java:run(1366)) - Stopping IPC Server listener on 0
2021-04-24 02:05:57,000 [Listener at 127.0.0.1/41437] INFO  server.RaftServer (RaftServerProxy.java:lambda$close$6(391)) - om1: close
2021-04-24 02:05:57,001 [Listener at 127.0.0.1/41437] INFO  server.RaftServer$Division (RaftServerImpl.java:lambda$close$4(406)) - om1@group-C5BA1605619E: shutdown
2021-04-24 02:05:57,002 [Listener at 127.0.0.1/41437] INFO  util.JmxRegister (JmxRegister.java:unregister(73)) - Successfully un-registered JMX Bean with object name Ratis:service=RaftServer,group=group-C5BA1605619E,id=om1
2021-04-24 02:05:57,002 [Listener at 127.0.0.1/41437] INFO  impl.RoleInfo (RoleInfo.java:shutdownLeaderState(91)) - om1: shutdown om1@group-C5BA1605619E-LeaderStateImpl
2021-04-24 02:05:57,002 [Listener at 127.0.0.1/41437] INFO  impl.PendingRequests (PendingRequests.java:sendNotLeaderResponses(249)) - om1@group-C5BA1605619E-PendingRequests: sendNotLeaderResponses
2021-04-24 02:05:57,003 [Listener at 127.0.0.1/41437] INFO  metrics.RatisMetrics (RatisMetrics.java:unregister(43)) - Unregistering Metrics Registry : ratis.log_appender.om1@group-C5BA1605619E
2021-04-24 02:05:57,004 [Listener at 127.0.0.1/41437] INFO  metrics.RatisMetrics (RatisMetrics.java:unregister(43)) - Unregistering Metrics Registry : ratis.server.om1@group-C5BA1605619E
2021-04-24 02:05:57,004 [om1@group-C5BA1605619E-StateMachineUpdater] INFO  ratis.OzoneManagerStateMachine (OzoneManagerStateMachine.java:takeSnapshot(347)) - Current Snapshot Index (t:1, i:4)
2021-04-24 02:05:57,005 [om1@group-C5BA1605619E-StateMachineUpdater] INFO  impl.StateMachineUpdater (StateMachineUpdater.java:takeSnapshot(281)) - om1@group-C5BA1605619E-StateMachineUpdater: Took a snapshot at index 4
2021-04-24 02:05:57,005 [om1@group-C5BA1605619E-StateMachineUpdater] INFO  impl.StateMachineUpdater (StateMachineUpdater.java:lambda$new$0(89)) - om1@group-C5BA1605619E-StateMachineUpdater: snapshotIndex: updateIncreasingly -1 -> 4
2021-04-24 02:05:57,005 [om1@group-C5BA1605619E-StateMachineUpdater] INFO  metrics.RatisMetrics (RatisMetrics.java:unregister(43)) - Unregistering Metrics Registry : ratis.state_machine.om1@group-C5BA1605619E
2021-04-24 02:05:57,006 [Listener at 127.0.0.1/41437] INFO  impl.StateMachineUpdater (StateMachineUpdater.java:stopAndJoin(149)) - om1@group-C5BA1605619E-StateMachineUpdater: set stopIndex = 4
2021-04-24 02:05:57,006 [Listener at 127.0.0.1/41437] INFO  server.RaftServer$Division (ServerState.java:close(405)) - om1@group-C5BA1605619E: closes. applyIndex: 4
2021-04-24 02:05:57,007 [om1@group-C5BA1605619E-SegmentedRaftLogWorker] INFO  segmented.SegmentedRaftLogWorker (SegmentedRaftLogWorker.java:run(327)) - om1@group-C5BA1605619E-SegmentedRaftLogWorker was interrupted, exiting. There are 0 tasks remaining in the queue.
2021-04-24 02:05:57,008 [Listener at 127.0.0.1/41437] INFO  segmented.SegmentedRaftLogWorker (SegmentedRaftLogWorker.java:close(237)) - om1@group-C5BA1605619E-SegmentedRaftLogWorker close()
2021-04-24 02:05:57,009 [Listener at 127.0.0.1/41437] INFO  metrics.RatisMetrics (RatisMetrics.java:unregister(43)) - Unregistering Metrics Registry : ratis.log_worker.om1@group-C5BA1605619E
2021-04-24 02:05:57,009 [Listener at 127.0.0.1/41437] INFO  metrics.RatisMetrics (RatisMetrics.java:unregister(43)) - Unregistering Metrics Registry : ratis.leader_election.om1@group-C5BA1605619E
2021-04-24 02:05:57,009 [Listener at 127.0.0.1/41437] INFO  metrics.RatisMetrics (RatisMetrics.java:unregister(43)) - Unregistering Metrics Registry : ratis.server.om1@group-C5BA1605619E
2021-04-24 02:05:57,009 [Listener at 127.0.0.1/41437] INFO  server.GrpcService (GrpcService.java:closeImpl(262)) - om1: shutdown server with port 9872 now
2021-04-24 02:05:57,010 [Listener at 127.0.0.1/41437] INFO  server.GrpcService (GrpcService.java:closeImpl(271)) - om1: shutdown server with port 9872 successfully
2021-04-24 02:05:57,011 [org.apache.ratis.util.JvmPauseMonitor$$Lambda$504/1072999122@65fc5479] INFO  util.JvmPauseMonitor (JvmPauseMonitor.java:run(109)) - JvmPauseMonitor-om1: Stopped
2021-04-24 02:05:57,011 [Listener at 127.0.0.1/41437] INFO  ratis.OzoneManagerDoubleBuffer (OzoneManagerDoubleBuffer.java:stop(426)) - Stopping OMDoubleBuffer flush thread
2021-04-24 02:05:57,011 [OMDoubleBufferFlushThread] INFO  ratis.OzoneManagerDoubleBuffer (OzoneManagerDoubleBuffer.java:flushTransactions(353)) - OMDoubleBuffer flush thread OMDoubleBufferFlushThread is interrupted and will exit. OMDoubleBufferFlushThread
2021-04-24 02:05:57,012 [Listener at 127.0.0.1/41437] INFO  ratis.OzoneManagerStateMachine (HadoopExecutors.java:shutdown(118)) - Gracefully shutting down executor service. Waiting max 5 SECONDS
2021-04-24 02:05:57,012 [Listener at 127.0.0.1/41437] INFO  ratis.OzoneManagerStateMachine (HadoopExecutors.java:shutdown(129)) - Succesfully shutdown executor service
2021-04-24 02:05:57,012 [Listener at 127.0.0.1/41437] INFO  ratis.OzoneManagerStateMachine (HadoopExecutors.java:shutdown(118)) - Gracefully shutting down executor service. Waiting max 5 SECONDS
2021-04-24 02:05:57,012 [Listener at 127.0.0.1/41437] INFO  ratis.OzoneManagerStateMachine (HadoopExecutors.java:shutdown(129)) - Succesfully shutdown executor service
2021-04-24 02:05:57,012 [Listener at 127.0.0.1/41437] INFO  utils.BackgroundService (BackgroundService.java:shutdown(132)) - Shutting down service KeyDeletingService
2021-04-24 02:05:57,014 [Listener at 127.0.0.1/41437] INFO  handler.ContextHandler (ContextHandler.java:doStop(1154)) - Stopped o.e.j.w.WebAppContext@3823f8f1{ozoneManager,/,null,STOPPED}{file:/github/workspace/mnt/ozone/hadoop-ozone/integration-test/target/test-classes/webapps/ozoneManager}
2021-04-24 02:05:57,021 [Listener at 127.0.0.1/41437] INFO  server.AbstractConnector (AbstractConnector.java:doStop(381)) - Stopped ServerConnector@12ffeacf{HTTP/1.1, (http/1.1)}{0.0.0.0:0}
2021-04-24 02:05:57,021 [Listener at 127.0.0.1/41437] INFO  server.session (HouseKeeper.java:stopScavenging(149)) - node0 Stopped scavenging
2021-04-24 02:05:57,022 [Listener at 127.0.0.1/41437] INFO  handler.ContextHandler (ContextHandler.java:doStop(1154)) - Stopped o.e.j.s.ServletContextHandler@b06c78c{static,/static,file:///github/workspace/mnt/ozone/hadoop-ozone/integration-test/target/test-classes/webapps/static,STOPPED}
2021-04-24 02:05:57,022 [Listener at 127.0.0.1/41437] INFO  handler.ContextHandler (ContextHandler.java:doStop(1154)) - Stopped o.e.j.s.ServletContextHandler@69c34ea6{logs,/logs,file:///github/workspace/mnt/ozone/hadoop-ozone/integration-test/target/log,STOPPED}
2021-04-24 02:05:57,024 [Listener at 127.0.0.1/41437] INFO  ozone.MiniOzoneClusterImpl (MiniOzoneClusterImpl.java:stopDatanodes(516)) - Stopping the HddsDatanodes
2021-04-24 02:05:57,368 [Datanode State Machine Thread - 0] INFO  statemachine.DatanodeStateMachine (DatanodeStateMachine.java:lambda$startDaemon$0(411)) - Ozone container server started.
2021-04-24 02:05:57,481 [Datanode State Machine Thread - 0] INFO  statemachine.DatanodeStateMachine (DatanodeStateMachine.java:lambda$startDaemon$0(411)) - Ozone container server started.
2021-04-24 02:05:59,391 [684cf295-c17c-4893-9e72-2df5b9d8a511@group-D4A461EBA57E-FollowerState] INFO  impl.FollowerState (FollowerState.java:run(134)) - 684cf295-c17c-4893-9e72-2df5b9d8a511@group-D4A461EBA57E-FollowerState: change to CANDIDATE, lastRpcElapsedTime:5084260353ns, electionTimeout:5079ms
2021-04-24 02:05:59,391 [684cf295-c17c-4893-9e72-2df5b9d8a511@group-D4A461EBA57E-FollowerState] INFO  impl.RoleInfo (RoleInfo.java:shutdownFollowerState(108)) - 684cf295-c17c-4893-9e72-2df5b9d8a511: shutdown 684cf295-c17c-4893-9e72-2df5b9d8a511@group-D4A461EBA57E-FollowerState
2021-04-24 02:05:59,391 [684cf295-c17c-4893-9e72-2df5b9d8a511@group-D4A461EBA57E-FollowerState] INFO  server.RaftServer$Division (RaftServerImpl.java:setRole(284)) - 684cf295-c17c-4893-9e72-2df5b9d8a511@group-D4A461EBA57E: changes role from  FOLLOWER to CANDIDATE at term 3 for changeToCandidate
2021-04-24 02:05:59,391 [684cf295-c17c-4893-9e72-2df5b9d8a511@group-D4A461EBA57E-FollowerState] INFO  server.RaftServerConfigKeys (ConfUtils.java:logGet(44)) - raft.server.leaderelection.pre-vote = false (custom)
2021-04-24 02:05:59,391 [684cf295-c17c-4893-9e72-2df5b9d8a511@group-D4A461EBA57E-FollowerState] INFO  impl.RoleInfo (RoleInfo.java:updateAndGet(130)) - 684cf295-c17c-4893-9e72-2df5b9d8a511: start 684cf295-c17c-4893-9e72-2df5b9d8a511@group-D4A461EBA57E-LeaderElection23
2021-04-24 02:05:59,394 [684cf295-c17c-4893-9e72-2df5b9d8a511@group-D4A461EBA57E-LeaderElection23] INFO  impl.LeaderElection (LeaderElection.java:askForVotes(306)) - 684cf295-c17c-4893-9e72-2df5b9d8a511@group-D4A461EBA57E-LeaderElection23 ELECTION round 0: submit vote requests at term 4 for -1: [ac07a033-1369-46a0-bf0a-a588a91eea94|rpc:172.17.0.2:33531|priority:1, ca92c278-c157-4e01-bd13-e6ca8f055b98|rpc:172.17.0.2:33657|priority:0, 684cf295-c17c-4893-9e72-2df5b9d8a511|rpc:172.17.0.2:38843|priority:0], old=null
2021-04-24 02:05:59,397 [grpc-default-executor-2] INFO  server.RaftServer$Division (RaftServerImpl.java:requestVote(1042)) - ca92c278-c157-4e01-bd13-e6ca8f055b98@group-D4A461EBA57E: receive requestVote(ELECTION, 684cf295-c17c-4893-9e72-2df5b9d8a511, group-D4A461EBA57E, 4, (t:0, i:0))
2021-04-24 02:05:59,399 [grpc-default-executor-2] INFO  impl.VoteContext (VoteContext.java:log(48)) - ca92c278-c157-4e01-bd13-e6ca8f055b98@group-D4A461EBA57E-FOLLOWER: accept ELECTION from 684cf295-c17c-4893-9e72-2df5b9d8a511: our priority 0 <= candidate's priority 0
2021-04-24 02:05:59,399 [grpc-default-executor-2] INFO  server.RaftServer$Division (RaftServerImpl.java:setRole(284)) - ca92c278-c157-4e01-bd13-e6ca8f055b98@group-D4A461EBA57E: changes role from  FOLLOWER to FOLLOWER at term 4 for candidate:684cf295-c17c-4893-9e72-2df5b9d8a511
2021-04-24 02:05:59,399 [grpc-default-executor-2] INFO  impl.RoleInfo (RoleInfo.java:shutdownFollowerState(108)) - ca92c278-c157-4e01-bd13-e6ca8f055b98: shutdown ca92c278-c157-4e01-bd13-e6ca8f055b98@group-D4A461EBA57E-FollowerState
2021-04-24 02:05:59,399 [grpc-default-executor-2] INFO  impl.RoleInfo (RoleInfo.java:updateAndGet(130)) - ca92c278-c157-4e01-bd13-e6ca8f055b98: start ca92c278-c157-4e01-bd13-e6ca8f055b98@group-D4A461EBA57E-FollowerState
2021-04-24 02:05:59,399 [ca92c278-c157-4e01-bd13-e6ca8f055b98@group-D4A461EBA57E-FollowerState] INFO  impl.FollowerState (FollowerState.java:run(143)) - ca92c278-c157-4e01-bd13-e6ca8f055b98@group-D4A461EBA57E-FollowerState was interrupted: {}
java.lang.InterruptedException: sleep interrupted
	at java.lang.Thread.sleep(Native Method)
	at java.lang.Thread.sleep(Thread.java:340)
	at java.util.concurrent.TimeUnit.sleep(TimeUnit.java:386)
	at org.apache.ratis.util.TimeDuration.sleep(TimeDuration.java:324)
	at org.apache.ratis.util.TimeDuration.sleep(TimeDuration.java:309)
	at org.apache.ratis.server.impl.FollowerState.run(FollowerState.java:118)
2021-04-24 02:05:59,401 [grpc-default-executor-2] INFO  server.RaftServer$Division (RaftServerImpl.java:requestVote(1074)) - ca92c278-c157-4e01-bd13-e6ca8f055b98@group-D4A461EBA57E replies to ELECTION vote request: 684cf295-c17c-4893-9e72-2df5b9d8a511<-ca92c278-c157-4e01-bd13-e6ca8f055b98#0:OK-t4. Peer's state: ca92c278-c157-4e01-bd13-e6ca8f055b98@group-D4A461EBA57E:t4, leader=null, voted=684cf295-c17c-4893-9e72-2df5b9d8a511, raftlog=ca92c278-c157-4e01-bd13-e6ca8f055b98@group-D4A461EBA57E-SegmentedRaftLog:OPENED:c-1,f-1,i0, conf=-1: [ac07a033-1369-46a0-bf0a-a588a91eea94|rpc:172.17.0.2:33531|priority:1, ca92c278-c157-4e01-bd13-e6ca8f055b98|rpc:172.17.0.2:33657|priority:0, 684cf295-c17c-4893-9e72-2df5b9d8a511|rpc:172.17.0.2:38843|priority:0], old=null
2021-04-24 02:05:59,405 [grpc-default-executor-2] INFO  server.RaftServer$Division (RaftServerImpl.java:requestVote(1042)) - ac07a033-1369-46a0-bf0a-a588a91eea94@group-D4A461EBA57E: receive requestVote(ELECTION, 684cf295-c17c-4893-9e72-2df5b9d8a511, group-D4A461EBA57E, 4, (t:0, i:0))
2021-04-24 02:05:59,405 [grpc-default-executor-2] INFO  impl.VoteContext (VoteContext.java:log(48)) - ac07a033-1369-46a0-bf0a-a588a91eea94@group-D4A461EBA57E-FOLLOWER: reject ELECTION from 684cf295-c17c-4893-9e72-2df5b9d8a511: our priority 1 > candidate's priority 0
2021-04-24 02:05:59,405 [grpc-default-executor-2] INFO  server.RaftServer$Division (RaftServerImpl.java:setRole(284)) - ac07a033-1369-46a0-bf0a-a588a91eea94@group-D4A461EBA57E: changes role from  FOLLOWER to FOLLOWER at term 4 for candidate:684cf295-c17c-4893-9e72-2df5b9d8a511
2021-04-24 02:05:59,405 [grpc-default-executor-2] INFO  impl.RoleInfo (RoleInfo.java:shutdownFollowerState(108)) - ac07a033-1369-46a0-bf0a-a588a91eea94: shutdown ac07a033-1369-46a0-bf0a-a588a91eea94@group-D4A461EBA57E-FollowerState
2021-04-24 02:05:59,405 [grpc-default-executor-2] INFO  impl.RoleInfo (RoleInfo.java:updateAndGet(130)) - ac07a033-1369-46a0-bf0a-a588a91eea94: start ac07a033-1369-46a0-bf0a-a588a91eea94@group-D4A461EBA57E-FollowerState
2021-04-24 02:05:59,406 [ac07a033-1369-46a0-bf0a-a588a91eea94@group-D4A461EBA57E-FollowerState] INFO  impl.FollowerState (FollowerState.java:run(143)) - ac07a033-1369-46a0-bf0a-a588a91eea94@group-D4A461EBA57E-FollowerState was interrupted: {}
java.lang.InterruptedException: sleep interrupted
	at java.lang.Thread.sleep(Native Method)
	at java.lang.Thread.sleep(Thread.java:340)
	at java.util.concurrent.TimeUnit.sleep(TimeUnit.java:386)
	at org.apache.ratis.util.TimeDuration.sleep(TimeDuration.java:324)
	at org.apache.ratis.util.TimeDuration.sleep(TimeDuration.java:309)
	at org.apache.ratis.server.impl.FollowerState.run(FollowerState.java:118)
2021-04-24 02:05:59,417 [grpc-default-executor-2] INFO  server.RaftServer$Division (RaftServerImpl.java:requestVote(1074)) - ac07a033-1369-46a0-bf0a-a588a91eea94@group-D4A461EBA57E replies to ELECTION vote request: 684cf295-c17c-4893-9e72-2df5b9d8a511<-ac07a033-1369-46a0-bf0a-a588a91eea94#0:FAIL-t4. Peer's state: ac07a033-1369-46a0-bf0a-a588a91eea94@group-D4A461EBA57E:t4, leader=null, voted=null, raftlog=ac07a033-1369-46a0-bf0a-a588a91eea94@group-D4A461EBA57E-SegmentedRaftLog:OPENED:c-1,f-1,i0, conf=-1: [ac07a033-1369-46a0-bf0a-a588a91eea94|rpc:172.17.0.2:33531|dataStream:|priority:1, ca92c278-c157-4e01-bd13-e6ca8f055b98|rpc:172.17.0.2:33657|dataStream:|priority:0, 684cf295-c17c-4893-9e72-2df5b9d8a511|rpc:172.17.0.2:38843|dataStream:|priority:0], old=null
2021-04-24 02:05:59,418 [684cf295-c17c-4893-9e72-2df5b9d8a511@group-D4A461EBA57E-LeaderElection23] INFO  impl.LeaderElection (LeaderElection.java:logAndReturn(89)) - 684cf295-c17c-4893-9e72-2df5b9d8a511@group-D4A461EBA57E-LeaderElection23: ELECTION REJECTED received 2 response(s) and 0 exception(s):
2021-04-24 02:05:59,418 [684cf295-c17c-4893-9e72-2df5b9d8a511@group-D4A461EBA57E-LeaderElection23] INFO  impl.LeaderElection (LeaderElection.java:logAndReturn(93)) -   Response 0: 684cf295-c17c-4893-9e72-2df5b9d8a511<-ac07a033-1369-46a0-bf0a-a588a91eea94#0:FAIL-t4
2021-04-24 02:05:59,418 [684cf295-c17c-4893-9e72-2df5b9d8a511@group-D4A461EBA57E-LeaderElection23] INFO  impl.LeaderElection (LeaderElection.java:logAndReturn(93)) -   Response 1: 684cf295-c17c-4893-9e72-2df5b9d8a511<-ca92c278-c157-4e01-bd13-e6ca8f055b98#0:OK-t4
2021-04-24 02:05:59,419 [684cf295-c17c-4893-9e72-2df5b9d8a511@group-D4A461EBA57E-LeaderElection23] INFO  impl.LeaderElection (LeaderElection.java:askForVotes(308)) - 684cf295-c17c-4893-9e72-2df5b9d8a511@group-D4A461EBA57E-LeaderElection23 ELECTION round 0: result REJECTED
2021-04-24 02:05:59,419 [684cf295-c17c-4893-9e72-2df5b9d8a511@group-D4A461EBA57E-LeaderElection23] INFO  server.RaftServer$Division (RaftServerImpl.java:setRole(284)) - 684cf295-c17c-4893-9e72-2df5b9d8a511@group-D4A461EBA57E: changes role from CANDIDATE to FOLLOWER at term 4 for REJECTED
2021-04-24 02:05:59,419 [684cf295-c17c-4893-9e72-2df5b9d8a511@group-D4A461EBA57E-LeaderElection23] INFO  impl.RoleInfo (RoleInfo.java:shutdownLeaderElection(121)) - 684cf295-c17c-4893-9e72-2df5b9d8a511: shutdown 684cf295-c17c-4893-9e72-2df5b9d8a511@group-D4A461EBA57E-LeaderElection23
2021-04-24 02:05:59,419 [684cf295-c17c-4893-9e72-2df5b9d8a511@group-D4A461EBA57E-LeaderElection23] INFO  impl.RoleInfo (RoleInfo.java:updateAndGet(130)) - 684cf295-c17c-4893-9e72-2df5b9d8a511: start 684cf295-c17c-4893-9e72-2df5b9d8a511@group-D4A461EBA57E-FollowerState
2021-04-24 02:06:00,584 [686a54b3-507b-4dc5-8065-04c582627b70@group-6FADA685E35F-FollowerState] INFO  impl.FollowerState (FollowerState.java:run(134)) - 686a54b3-507b-4dc5-8065-04c582627b70@group-6FADA685E35F-FollowerState: change to CANDIDATE, lastRpcElapsedTime:5012360708ns, electionTimeout:5004ms
2021-04-24 02:06:00,585 [686a54b3-507b-4dc5-8065-04c582627b70@group-6FADA685E35F-FollowerState] INFO  impl.RoleInfo (RoleInfo.java:shutdownFollowerState(108)) - 686a54b3-507b-4dc5-8065-04c582627b70: shutdown 686a54b3-507b-4dc5-8065-04c582627b70@group-6FADA685E35F-FollowerState
2021-04-24 02:06:00,585 [686a54b3-507b-4dc5-8065-04c582627b70@group-6FADA685E35F-FollowerState] INFO  server.RaftServer$Division (RaftServerImpl.java:setRole(284)) - 686a54b3-507b-4dc5-8065-04c582627b70@group-6FADA685E35F: changes role from  FOLLOWER to CANDIDATE at term 4 for changeToCandidate
2021-04-24 02:06:00,589 [686a54b3-507b-4dc5-8065-04c582627b70@group-6FADA685E35F-FollowerState] INFO  server.RaftServerConfigKeys (ConfUtils.java:logGet(44)) - raft.server.leaderelection.pre-vote = false (custom)
2021-04-24 02:06:00,589 [686a54b3-507b-4dc5-8065-04c582627b70@group-6FADA685E35F-FollowerState] INFO  impl.RoleInfo (RoleInfo.java:updateAndGet(130)) - 686a54b3-507b-4dc5-8065-04c582627b70: start 686a54b3-507b-4dc5-8065-04c582627b70@group-6FADA685E35F-LeaderElection24
2021-04-24 02:06:00,593 [686a54b3-507b-4dc5-8065-04c582627b70@group-6FADA685E35F-LeaderElection24] INFO  impl.LeaderElection (LeaderElection.java:askForVotes(306)) - 686a54b3-507b-4dc5-8065-04c582627b70@group-6FADA685E35F-LeaderElection24 ELECTION round 0: submit vote requests at term 5 for 0: [686a54b3-507b-4dc5-8065-04c582627b70|rpc:172.17.0.2:37165|dataStream:|priority:1, e13d3dfe-a7aa-4e77-932b-4a03cf9a588d|rpc:172.17.0.2:43115|dataStream:|priority:0, 506e7d51-44ea-40e0-a2b0-e730f7a28201|rpc:172.17.0.2:37821|dataStream:|priority:0], old=null
2021-04-24 02:06:00,596 [grpc-default-executor-1] INFO  server.RaftServer$Division (RaftServerImpl.java:requestVote(1042)) - 506e7d51-44ea-40e0-a2b0-e730f7a28201@group-6FADA685E35F: receive requestVote(ELECTION, 686a54b3-507b-4dc5-8065-04c582627b70, group-6FADA685E35F, 5, (t:1, i:0))
2021-04-24 02:06:00,596 [grpc-default-executor-1] INFO  impl.VoteContext (VoteContext.java:log(48)) - 506e7d51-44ea-40e0-a2b0-e730f7a28201@group-6FADA685E35F-FOLLOWER: accept ELECTION from 686a54b3-507b-4dc5-8065-04c582627b70: our last entry null < candidate's last entry (t:1, i:0)
2021-04-24 02:06:00,596 [grpc-default-executor-1] INFO  server.RaftServer$Division (RaftServerImpl.java:setRole(284)) - 506e7d51-44ea-40e0-a2b0-e730f7a28201@group-6FADA685E35F: changes role from  FOLLOWER to FOLLOWER at term 5 for candidate:686a54b3-507b-4dc5-8065-04c582627b70
2021-04-24 02:06:00,596 [grpc-default-executor-1] INFO  impl.RoleInfo (RoleInfo.java:shutdownFollowerState(108)) - 506e7d51-44ea-40e0-a2b0-e730f7a28201: shutdown 506e7d51-44ea-40e0-a2b0-e730f7a28201@group-6FADA685E35F-FollowerState
2021-04-24 02:06:00,596 [grpc-default-executor-1] INFO  impl.RoleInfo (RoleInfo.java:updateAndGet(130)) - 506e7d51-44ea-40e0-a2b0-e730f7a28201: start 506e7d51-44ea-40e0-a2b0-e730f7a28201@group-6FADA685E35F-FollowerState
2021-04-24 02:06:00,596 [506e7d51-44ea-40e0-a2b0-e730f7a28201@group-6FADA685E35F-FollowerState] INFO  impl.FollowerState (FollowerState.java:run(143)) - 506e7d51-44ea-40e0-a2b0-e730f7a28201@group-6FADA685E35F-FollowerState was interrupted: {}
java.lang.InterruptedException: sleep interrupted
	at java.lang.Thread.sleep(Native Method)
	at java.lang.Thread.sleep(Thread.java:340)
	at java.util.concurrent.TimeUnit.sleep(TimeUnit.java:386)
	at org.apache.ratis.util.TimeDuration.sleep(TimeDuration.java:324)
	at org.apache.ratis.util.TimeDuration.sleep(TimeDuration.java:309)
	at org.apache.ratis.server.impl.FollowerState.run(FollowerState.java:118)
2021-04-24 02:06:00,597 [grpc-default-executor-2] INFO  server.RaftServer$Division (RaftServerImpl.java:requestVote(1042)) - e13d3dfe-a7aa-4e77-932b-4a03cf9a588d@group-6FADA685E35F: receive requestVote(ELECTION, 686a54b3-507b-4dc5-8065-04c582627b70, group-6FADA685E35F, 5, (t:1, i:0))
2021-04-24 02:06:00,597 [grpc-default-executor-2] INFO  impl.VoteContext (VoteContext.java:log(48)) - e13d3dfe-a7aa-4e77-932b-4a03cf9a588d@group-6FADA685E35F-FOLLOWER: accept ELECTION from 686a54b3-507b-4dc5-8065-04c582627b70: our priority 0 <= candidate's priority 1
2021-04-24 02:06:00,597 [grpc-default-executor-2] INFO  server.RaftServer$Division (RaftServerImpl.java:setRole(284)) - e13d3dfe-a7aa-4e77-932b-4a03cf9a588d@group-6FADA685E35F: changes role from  FOLLOWER to FOLLOWER at term 5 for candidate:686a54b3-507b-4dc5-8065-04c582627b70
2021-04-24 02:06:00,597 [grpc-default-executor-2] INFO  impl.RoleInfo (RoleInfo.java:shutdownFollowerState(108)) - e13d3dfe-a7aa-4e77-932b-4a03cf9a588d: shutdown e13d3dfe-a7aa-4e77-932b-4a03cf9a588d@group-6FADA685E35F-FollowerState
2021-04-24 02:06:00,598 [grpc-default-executor-2] INFO  impl.RoleInfo (RoleInfo.java:updateAndGet(130)) - e13d3dfe-a7aa-4e77-932b-4a03cf9a588d: start e13d3dfe-a7aa-4e77-932b-4a03cf9a588d@group-6FADA685E35F-FollowerState
2021-04-24 02:06:00,599 [e13d3dfe-a7aa-4e77-932b-4a03cf9a588d@group-6FADA685E35F-FollowerState] INFO  impl.FollowerState (FollowerState.java:run(143)) - e13d3dfe-a7aa-4e77-932b-4a03cf9a588d@group-6FADA685E35F-FollowerState was interrupted: {}
java.lang.InterruptedException: sleep interrupted
	at java.lang.Thread.sleep(Native Method)
	at java.lang.Thread.sleep(Thread.java:340)
	at java.util.concurrent.TimeUnit.sleep(TimeUnit.java:386)
	at org.apache.ratis.util.TimeDuration.sleep(TimeDuration.java:324)
	at org.apache.ratis.util.TimeDuration.sleep(TimeDuration.java:309)
	at org.apache.ratis.server.impl.FollowerState.run(FollowerState.java:118)
2021-04-24 02:06:00,604 [grpc-default-executor-1] INFO  server.RaftServer$Division (RaftServerImpl.java:requestVote(1074)) - 506e7d51-44ea-40e0-a2b0-e730f7a28201@group-6FADA685E35F replies to ELECTION vote request: 686a54b3-507b-4dc5-8065-04c582627b70<-506e7d51-44ea-40e0-a2b0-e730f7a28201#0:OK-t5. Peer's state: 506e7d51-44ea-40e0-a2b0-e730f7a28201@group-6FADA685E35F:t5, leader=null, voted=686a54b3-507b-4dc5-8065-04c582627b70, raftlog=506e7d51-44ea-40e0-a2b0-e730f7a28201@group-6FADA685E35F-SegmentedRaftLog:OPENED:c-1,f-1,i0, conf=-1: [686a54b3-507b-4dc5-8065-04c582627b70|rpc:172.17.0.2:37165|priority:1, e13d3dfe-a7aa-4e77-932b-4a03cf9a588d|rpc:172.17.0.2:43115|priority:0, 506e7d51-44ea-40e0-a2b0-e730f7a28201|rpc:172.17.0.2:37821|priority:0], old=null
2021-04-24 02:06:00,604 [grpc-default-executor-2] INFO  server.RaftServer$Division (RaftServerImpl.java:requestVote(1074)) - e13d3dfe-a7aa-4e77-932b-4a03cf9a588d@group-6FADA685E35F replies to ELECTION vote request: 686a54b3-507b-4dc5-8065-04c582627b70<-e13d3dfe-a7aa-4e77-932b-4a03cf9a588d#0:OK-t5. Peer's state: e13d3dfe-a7aa-4e77-932b-4a03cf9a588d@group-6FADA685E35F:t5, leader=null, voted=686a54b3-507b-4dc5-8065-04c582627b70, raftlog=e13d3dfe-a7aa-4e77-932b-4a03cf9a588d@group-6FADA685E35F-SegmentedRaftLog:OPENED:c0,f0,i0, conf=0: [686a54b3-507b-4dc5-8065-04c582627b70|rpc:172.17.0.2:37165|dataStream:|priority:1, e13d3dfe-a7aa-4e77-932b-4a03cf9a588d|rpc:172.17.0.2:43115|dataStream:|priority:0, 506e7d51-44ea-40e0-a2b0-e730f7a28201|rpc:172.17.0.2:37821|dataStream:|priority:0], old=null
2021-04-24 02:06:00,605 [686a54b3-507b-4dc5-8065-04c582627b70@group-6FADA685E35F-LeaderElection24] INFO  impl.LeaderElection (LeaderElection.java:logAndReturn(89)) - 686a54b3-507b-4dc5-8065-04c582627b70@group-6FADA685E35F-LeaderElection24: ELECTION PASSED received 1 response(s) and 0 exception(s):
2021-04-24 02:06:00,605 [686a54b3-507b-4dc5-8065-04c582627b70@group-6FADA685E35F-LeaderElection24] INFO  impl.LeaderElection (LeaderElection.java:logAndReturn(93)) -   Response 0: 686a54b3-507b-4dc5-8065-04c582627b70<-506e7d51-44ea-40e0-a2b0-e730f7a28201#0:OK-t5
2021-04-24 02:06:00,605 [686a54b3-507b-4dc5-8065-04c582627b70@group-6FADA685E35F-LeaderElection24] INFO  impl.LeaderElection (LeaderElection.java:askForVotes(308)) - 686a54b3-507b-4dc5-8065-04c582627b70@group-6FADA685E35F-LeaderElection24 ELECTION round 0: result PASSED
2021-04-24 02:06:00,605 [686a54b3-507b-4dc5-8065-04c582627b70@group-6FADA685E35F-LeaderElection24] INFO  impl.RoleInfo (RoleInfo.java:shutdownLeaderElection(121)) - 686a54b3-507b-4dc5-8065-04c582627b70: shutdown 686a54b3-507b-4dc5-8065-04c582627b70@group-6FADA685E35F-LeaderElection24
2021-04-24 02:06:00,605 [686a54b3-507b-4dc5-8065-04c582627b70@group-6FADA685E35F-LeaderElection24] INFO  server.RaftServer$Division (RaftServerImpl.java:setRole(284)) - 686a54b3-507b-4dc5-8065-04c582627b70@group-6FADA685E35F: changes role from CANDIDATE to LEADER at term 5 for changeToLeader
2021-04-24 02:06:00,605 [686a54b3-507b-4dc5-8065-04c582627b70@group-6FADA685E35F-LeaderElection24] INFO  ratis.XceiverServerRatis (XceiverServerRatis.java:handleLeaderChangedNotification(906)) - Leader change notification received for group: group-6FADA685E35F with new leaderId: 686a54b3-507b-4dc5-8065-04c582627b70
2021-04-24 02:06:00,606 [686a54b3-507b-4dc5-8065-04c582627b70@group-6FADA685E35F-LeaderElection24] INFO  server.RaftServer$Division (ServerState.java:setLeader(271)) - 686a54b3-507b-4dc5-8065-04c582627b70@group-6FADA685E35F: change Leader from null to 686a54b3-507b-4dc5-8065-04c582627b70 at term 5 for becomeLeader, leader elected after 15273ms
2021-04-24 02:06:00,606 [686a54b3-507b-4dc5-8065-04c582627b70@group-6FADA685E35F-LeaderElection24] INFO  server.RaftServerConfigKeys (ConfUtils.java:logGet(44)) - raft.server.staging.catchup.gap = 1000 (default)
2021-04-24 02:06:00,606 [686a54b3-507b-4dc5-8065-04c582627b70@group-6FADA685E35F-LeaderElection24] INFO  metrics.RatisMetrics (RatisMetrics.java:lambda$create$0(36)) - Creating Metrics Registry : ratis.log_appender.686a54b3-507b-4dc5-8065-04c582627b70@group-6FADA685E35F
2021-04-24 02:06:00,606 [686a54b3-507b-4dc5-8065-04c582627b70@group-6FADA685E35F-LeaderElection24] INFO  server.RaftServerConfigKeys (ConfUtils.java:logGet(44)) - raft.server.write.element-limit = 1024 (custom)
2021-04-24 02:06:00,606 [686a54b3-507b-4dc5-8065-04c582627b70@group-6FADA685E35F-LeaderElection24] INFO  server.RaftServerConfigKeys (ConfUtils.java:logGet(44)) - raft.server.write.byte-limit = 1073741824 (custom)
2021-04-24 02:06:00,606 [686a54b3-507b-4dc5-8065-04c582627b70@group-6FADA685E35F-LeaderElection24] INFO  server.RaftServerConfigKeys (ConfUtils.java:logGet(44)) - raft.server.watch.timeout = 3000ms (custom)
2021-04-24 02:06:00,606 [686a54b3-507b-4dc5-8065-04c582627b70@group-6FADA685E35F-LeaderElection24] INFO  server.RaftServerConfigKeys (ConfUtils.java:logGet(44)) - raft.server.watch.timeout.denomination = 1s (default)
2021-04-24 02:06:00,606 [686a54b3-507b-4dc5-8065-04c582627b70@group-6FADA685E35F-LeaderElection24] INFO  server.RaftServerConfigKeys (ConfUtils.java:logGet(44)) - raft.server.watch.element-limit = 65536 (default)
2021-04-24 02:06:00,606 [686a54b3-507b-4dc5-8065-04c582627b70@group-6FADA685E35F-LeaderElection24] INFO  server.RaftServerConfigKeys (ConfUtils.java:logGet(44)) - raft.server.log.appender.snapshot.chunk.size.max = 16MB (=16777216) (default)
2021-04-24 02:06:00,607 [686a54b3-507b-4dc5-8065-04c582627b70@group-6FADA685E35F-LeaderElection24] INFO  server.RaftServerConfigKeys (ConfUtils.java:logGet(44)) - raft.server.log.appender.buffer.byte-limit = 33554432 (custom)
2021-04-24 02:06:00,607 [686a54b3-507b-4dc5-8065-04c582627b70@group-6FADA685E35F-LeaderElection24] INFO  server.RaftServerConfigKeys (ConfUtils.java:logGet(44)) - raft.server.log.appender.buffer.element-limit = 1 (custom)
2021-04-24 02:06:00,607 [686a54b3-507b-4dc5-8065-04c582627b70@group-6FADA685E35F-LeaderElection24] INFO  grpc.GrpcConfigKeys (ConfUtils.java:logGet(44)) - raft.grpc.server.leader.outstanding.appends.max = 128 (default)
2021-04-24 02:06:00,607 [686a54b3-507b-4dc5-8065-04c582627b70@group-6FADA685E35F-LeaderElection24] INFO  server.RaftServerConfigKeys (ConfUtils.java:logGet(44)) - raft.server.rpc.request.timeout = 3000ms (default)
2021-04-24 02:06:00,607 [686a54b3-507b-4dc5-8065-04c582627b70@group-6FADA685E35F-LeaderElection24] INFO  server.RaftServerConfigKeys (ConfUtils.java:logGet(44)) - raft.server.log.appender.install.snapshot.enabled = false (custom)
2021-04-24 02:06:00,607 [686a54b3-507b-4dc5-8065-04c582627b70@group-6FADA685E35F-LeaderElection24] INFO  metrics.RatisMetrics (RatisMetrics.java:lambda$create$0(36)) - Creating Metrics Registry : ratis_grpc.log_appender.686a54b3-507b-4dc5-8065-04c582627b70@group-6FADA685E35F
2021-04-24 02:06:00,608 [686a54b3-507b-4dc5-8065-04c582627b70@group-6FADA685E35F-LeaderElection24] INFO  server.RaftServerConfigKeys (ConfUtils.java:logGet(44)) - raft.server.log.appender.snapshot.chunk.size.max = 16MB (=16777216) (default)
2021-04-24 02:06:00,608 [686a54b3-507b-4dc5-8065-04c582627b70@group-6FADA685E35F-LeaderElection24] INFO  server.RaftServerConfigKeys (ConfUtils.java:logGet(44)) - raft.server.log.appender.buffer.byte-limit = 33554432 (custom)
2021-04-24 02:06:00,608 [686a54b3-507b-4dc5-8065-04c582627b70@group-6FADA685E35F-LeaderElection24] INFO  server.RaftServerConfigKeys (ConfUtils.java:logGet(44)) - raft.server.log.appender.buffer.element-limit = 1 (custom)
2021-04-24 02:06:00,608 [686a54b3-507b-4dc5-8065-04c582627b70@group-6FADA685E35F-LeaderElection24] INFO  grpc.GrpcConfigKeys (ConfUtils.java:logGet(44)) - raft.grpc.server.leader.outstanding.appends.max = 128 (default)
2021-04-24 02:06:00,608 [686a54b3-507b-4dc5-8065-04c582627b70@group-6FADA685E35F-LeaderElection24] INFO  server.RaftServerConfigKeys (ConfUtils.java:logGet(44)) - raft.server.rpc.request.timeout = 3000ms (default)
2021-04-24 02:06:00,608 [686a54b3-507b-4dc5-8065-04c582627b70@group-6FADA685E35F-LeaderElection24] INFO  server.RaftServerConfigKeys (ConfUtils.java:logGet(44)) - raft.server.log.appender.install.snapshot.enabled = false (custom)
2021-04-24 02:06:00,608 [686a54b3-507b-4dc5-8065-04c582627b70@group-6FADA685E35F-LeaderElection24] INFO  impl.RoleInfo (RoleInfo.java:updateAndGet(130)) - 686a54b3-507b-4dc5-8065-04c582627b70: start 686a54b3-507b-4dc5-8065-04c582627b70@group-6FADA685E35F-LeaderStateImpl
2021-04-24 02:06:00,609 [686a54b3-507b-4dc5-8065-04c582627b70@group-6FADA685E35F-LeaderElection24] INFO  segmented.SegmentedRaftLogWorker (SegmentedRaftLogWorker.java:rollLogSegment(399)) - 686a54b3-507b-4dc5-8065-04c582627b70@group-6FADA685E35F-SegmentedRaftLogWorker: Rolling segment log-0_0 to index:0
2021-04-24 02:06:00,610 [686a54b3-507b-4dc5-8065-04c582627b70@group-6FADA685E35F-SegmentedRaftLogWorker] INFO  segmented.SegmentedRaftLogWorker (SegmentedRaftLogWorker.java:execute(558)) - 686a54b3-507b-4dc5-8065-04c582627b70@group-6FADA685E35F-SegmentedRaftLogWorker: Rolled log segment from /github/workspace/mnt/ozone/hadoop-ozone/integration-test/target/test-dir/MiniOzoneClusterImpl-6998a6cc-0dbe-4d56-81dc-8335dc1dcef2/datanode-4/data/ratis/0099ddbe-d464-4c63-af52-6fada685e35f/current/log_inprogress_0 to /github/workspace/mnt/ozone/hadoop-ozone/integration-test/target/test-dir/MiniOzoneClusterImpl-6998a6cc-0dbe-4d56-81dc-8335dc1dcef2/datanode-4/data/ratis/0099ddbe-d464-4c63-af52-6fada685e35f/current/log_0-0
2021-04-24 02:06:00,611 [686a54b3-507b-4dc5-8065-04c582627b70@group-6FADA685E35F-SegmentedRaftLogWorker] INFO  segmented.SegmentedRaftLogWorker (SegmentedRaftLogWorker.java:execute(601)) - 686a54b3-507b-4dc5-8065-04c582627b70@group-6FADA685E35F-SegmentedRaftLogWorker: created new log segment /github/workspace/mnt/ozone/hadoop-ozone/integration-test/target/test-dir/MiniOzoneClusterImpl-6998a6cc-0dbe-4d56-81dc-8335dc1dcef2/datanode-4/data/ratis/0099ddbe-d464-4c63-af52-6fada685e35f/current/log_inprogress_1
2021-04-24 02:06:00,615 [grpc-default-executor-2] INFO  ratis.XceiverServerRatis (XceiverServerRatis.java:handleLeaderChangedNotification(906)) - Leader change notification received for group: group-6FADA685E35F with new leaderId: 686a54b3-507b-4dc5-8065-04c582627b70
2021-04-24 02:06:00,615 [grpc-default-executor-2] INFO  server.RaftServer$Division (ServerState.java:setLeader(271)) - e13d3dfe-a7aa-4e77-932b-4a03cf9a588d@group-6FADA685E35F: change Leader from null to 686a54b3-507b-4dc5-8065-04c582627b70 at term 5 for appendEntries, leader elected after 15270ms
2021-04-24 02:06:00,616 [686a54b3-507b-4dc5-8065-04c582627b70@group-6FADA685E35F-LeaderElection24] INFO  server.RaftServer$Division (ServerState.java:setRaftConf(373)) - 686a54b3-507b-4dc5-8065-04c582627b70@group-6FADA685E35F: set configuration 1: [686a54b3-507b-4dc5-8065-04c582627b70|rpc:172.17.0.2:37165|dataStream:|priority:1, e13d3dfe-a7aa-4e77-932b-4a03cf9a588d|rpc:172.17.0.2:43115|dataStream:|priority:0, 506e7d51-44ea-40e0-a2b0-e730f7a28201|rpc:172.17.0.2:37821|dataStream:|priority:0], old=null
2021-04-24 02:06:00,618 [grpc-default-executor-1] INFO  ratis.XceiverServerRatis (XceiverServerRatis.java:handleLeaderChangedNotification(906)) - Leader change notification received for group: group-6FADA685E35F with new leaderId: 686a54b3-507b-4dc5-8065-04c582627b70
2021-04-24 02:06:00,618 [grpc-default-executor-1] INFO  server.RaftServer$Division (ServerState.java:setLeader(271)) - 506e7d51-44ea-40e0-a2b0-e730f7a28201@group-6FADA685E35F: change Leader from null to 686a54b3-507b-4dc5-8065-04c582627b70 at term 5 for appendEntries, leader elected after 20543ms
2021-04-24 02:06:00,618 [grpc-default-executor-1] INFO  server.RaftServer$Division (RaftServerImpl.java:checkInconsistentAppendEntries(1318)) - 506e7d51-44ea-40e0-a2b0-e730f7a28201@group-6FADA685E35F: Failed appendEntries as previous log entry ((t:1, i:0)) is not found
2021-04-24 02:06:00,618 [grpc-default-executor-1] INFO  server.RaftServer$Division (RaftServerImpl.java:checkInconsistentAppendEntries(1284)) - 506e7d51-44ea-40e0-a2b0-e730f7a28201@group-6FADA685E35F: inconsistency entries. Reply:686a54b3-507b-4dc5-8065-04c582627b70<-506e7d51-44ea-40e0-a2b0-e730f7a28201#0:FAIL-t5,INCONSISTENCY,nextIndex=0,followerCommit=-1
2021-04-24 02:06:00,619 [grpc-default-executor-0] INFO  server.RaftServer$Division (RaftServerImpl.java:checkInconsistentAppendEntries(1318)) - 506e7d51-44ea-40e0-a2b0-e730f7a28201@group-6FADA685E35F: Failed appendEntries as previous log entry ((t:1, i:0)) is not found
2021-04-24 02:06:00,620 [grpc-default-executor-0] INFO  server.RaftServer$Division (RaftServerImpl.java:checkInconsistentAppendEntries(1284)) - 506e7d51-44ea-40e0-a2b0-e730f7a28201@group-6FADA685E35F: inconsistency entries. Reply:686a54b3-507b-4dc5-8065-04c582627b70<-506e7d51-44ea-40e0-a2b0-e730f7a28201#1:FAIL-t5,INCONSISTENCY,nextIndex=0,followerCommit=-1
2021-04-24 02:06:00,627 [grpc-default-executor-1] INFO  leader.FollowerInfo (FollowerInfoImpl.java:lambda$new$0(46)) - 686a54b3-507b-4dc5-8065-04c582627b70@group-6FADA685E35F->506e7d51-44ea-40e0-a2b0-e730f7a28201: nextIndex: updateUnconditionally 2 -> 0
2021-04-24 02:06:00,628 [grpc-default-executor-2] INFO  server.RaftServer$Division (ServerState.java:setRaftConf(373)) - e13d3dfe-a7aa-4e77-932b-4a03cf9a588d@group-6FADA685E35F: set configuration 1: [686a54b3-507b-4dc5-8065-04c582627b70|rpc:172.17.0.2:37165|dataStream:|priority:1, e13d3dfe-a7aa-4e77-932b-4a03cf9a588d|rpc:172.17.0.2:43115|dataStream:|priority:0, 506e7d51-44ea-40e0-a2b0-e730f7a28201|rpc:172.17.0.2:37821|dataStream:|priority:0], old=null
2021-04-24 02:06:00,628 [grpc-default-executor-2] INFO  segmented.SegmentedRaftLogWorker (SegmentedRaftLogWorker.java:rollLogSegment(399)) - e13d3dfe-a7aa-4e77-932b-4a03cf9a588d@group-6FADA685E35F-SegmentedRaftLogWorker: Rolling segment log-0_0 to index:0
2021-04-24 02:06:00,628 [e13d3dfe-a7aa-4e77-932b-4a03cf9a588d@group-6FADA685E35F-SegmentedRaftLogWorker] INFO  segmented.SegmentedRaftLogWorker (SegmentedRaftLogWorker.java:execute(558)) - e13d3dfe-a7aa-4e77-932b-4a03cf9a588d@group-6FADA685E35F-SegmentedRaftLogWorker: Rolled log segment from /github/workspace/mnt/ozone/hadoop-ozone/integration-test/target/test-dir/MiniOzoneClusterImpl-6998a6cc-0dbe-4d56-81dc-8335dc1dcef2/datanode-5/data/ratis/0099ddbe-d464-4c63-af52-6fada685e35f/current/log_inprogress_0 to /github/workspace/mnt/ozone/hadoop-ozone/integration-test/target/test-dir/MiniOzoneClusterImpl-6998a6cc-0dbe-4d56-81dc-8335dc1dcef2/datanode-5/data/ratis/0099ddbe-d464-4c63-af52-6fada685e35f/current/log_0-0
2021-04-24 02:06:00,629 [grpc-default-executor-0] INFO  leader.FollowerInfo (FollowerInfoImpl.java:lambda$new$0(46)) - 686a54b3-507b-4dc5-8065-04c582627b70@group-6FADA685E35F->506e7d51-44ea-40e0-a2b0-e730f7a28201: nextIndex: updateUnconditionally 0 -> 0
2021-04-24 02:06:00,630 [e13d3dfe-a7aa-4e77-932b-4a03cf9a588d@group-6FADA685E35F-SegmentedRaftLogWorker] INFO  segmented.SegmentedRaftLogWorker (SegmentedRaftLogWorker.java:execute(601)) - e13d3dfe-a7aa-4e77-932b-4a03cf9a588d@group-6FADA685E35F-SegmentedRaftLogWorker: created new log segment /github/workspace/mnt/ozone/hadoop-ozone/integration-test/target/test-dir/MiniOzoneClusterImpl-6998a6cc-0dbe-4d56-81dc-8335dc1dcef2/datanode-5/data/ratis/0099ddbe-d464-4c63-af52-6fada685e35f/current/log_inprogress_1
2021-04-24 02:06:00,635 [grpc-default-executor-0] INFO  server.RaftServer$Division (ServerState.java:setRaftConf(373)) - 506e7d51-44ea-40e0-a2b0-e730f7a28201@group-6FADA685E35F: set configuration 0: [686a54b3-507b-4dc5-8065-04c582627b70|rpc:172.17.0.2:37165|dataStream:|priority:1, e13d3dfe-a7aa-4e77-932b-4a03cf9a588d|rpc:172.17.0.2:43115|dataStream:|priority:0, 506e7d51-44ea-40e0-a2b0-e730f7a28201|rpc:172.17.0.2:37821|dataStream:|priority:0], old=null
2021-04-24 02:06:00,636 [grpc-default-executor-0] INFO  segmented.SegmentedRaftLogWorker (SegmentedRaftLogWorker.java:startLogSegment(394)) - 506e7d51-44ea-40e0-a2b0-e730f7a28201@group-6FADA685E35F-SegmentedRaftLogWorker: Starting segment from index:0
2021-04-24 02:06:00,637 [grpc-default-executor-2] INFO  server.RaftServer$Division (ServerState.java:setRaftConf(373)) - 506e7d51-44ea-40e0-a2b0-e730f7a28201@group-6FADA685E35F: set configuration 1: [686a54b3-507b-4dc5-8065-04c582627b70|rpc:172.17.0.2:37165|dataStream:|priority:1, e13d3dfe-a7aa-4e77-932b-4a03cf9a588d|rpc:172.17.0.2:43115|dataStream:|priority:0, 506e7d51-44ea-40e0-a2b0-e730f7a28201|rpc:172.17.0.2:37821|dataStream:|priority:0], old=null
2021-04-24 02:06:00,637 [grpc-default-executor-2] INFO  segmented.SegmentedRaftLogWorker (SegmentedRaftLogWorker.java:rollLogSegment(399)) - 506e7d51-44ea-40e0-a2b0-e730f7a28201@group-6FADA685E35F-SegmentedRaftLogWorker: Rolling segment log-0_0 to index:0
2021-04-24 02:06:00,637 [506e7d51-44ea-40e0-a2b0-e730f7a28201@group-6FADA685E35F-SegmentedRaftLogWorker] INFO  segmented.SegmentedRaftLogWorker (SegmentedRaftLogWorker.java:execute(601)) - 506e7d51-44ea-40e0-a2b0-e730f7a28201@group-6FADA685E35F-SegmentedRaftLogWorker: created new log segment /github/workspace/mnt/ozone/hadoop-ozone/integration-test/target/test-dir/MiniOzoneClusterImpl-6998a6cc-0dbe-4d56-81dc-8335dc1dcef2/datanode-3/data/ratis/0099ddbe-d464-4c63-af52-6fada685e35f/current/log_inprogress_0
2021-04-24 02:06:00,641 [506e7d51-44ea-40e0-a2b0-e730f7a28201@group-6FADA685E35F-SegmentedRaftLogWorker] INFO  segmented.SegmentedRaftLogWorker (SegmentedRaftLogWorker.java:execute(558)) - 506e7d51-44ea-40e0-a2b0-e730f7a28201@group-6FADA685E35F-SegmentedRaftLogWorker: Rolled log segment from /github/workspace/mnt/ozone/hadoop-ozone/integration-test/target/test-dir/MiniOzoneClusterImpl-6998a6cc-0dbe-4d56-81dc-8335dc1dcef2/datanode-3/data/ratis/0099ddbe-d464-4c63-af52-6fada685e35f/current/log_inprogress_0 to /github/workspace/mnt/ozone/hadoop-ozone/integration-test/target/test-dir/MiniOzoneClusterImpl-6998a6cc-0dbe-4d56-81dc-8335dc1dcef2/datanode-3/data/ratis/0099ddbe-d464-4c63-af52-6fada685e35f/current/log_0-0
2021-04-24 02:06:00,642 [506e7d51-44ea-40e0-a2b0-e730f7a28201@group-6FADA685E35F-SegmentedRaftLogWorker] INFO  segmented.SegmentedRaftLogWorker (SegmentedRaftLogWorker.java:execute(601)) - 506e7d51-44ea-40e0-a2b0-e730f7a28201@group-6FADA685E35F-SegmentedRaftLogWorker: created new log segment /github/workspace/mnt/ozone/hadoop-ozone/integration-test/target/test-dir/MiniOzoneClusterImpl-6998a6cc-0dbe-4d56-81dc-8335dc1dcef2/datanode-3/data/ratis/0099ddbe-d464-4c63-af52-6fada685e35f/current/log_inprogress_1
2021-04-24 02:06:02,026 [Listener at 127.0.0.1/41437] INFO  ozoneimpl.OzoneContainer (OzoneContainer.java:stop(313)) - Attempting to stop container services.
2021-04-24 02:06:02,027 [ForkJoinPool.commonPool-worker-1] INFO  ozoneimpl.OzoneContainer (OzoneContainer.java:stop(313)) - Attempting to stop container services.
2021-04-24 02:06:02,028 [Listener at 127.0.0.1/41437] INFO  server.RaftServer (RaftServerProxy.java:lambda$close$6(391)) - 686a54b3-507b-4dc5-8065-04c582627b70: close
2021-04-24 02:06:02,028 [ForkJoinPool.commonPool-worker-1] INFO  server.RaftServer (RaftServerProxy.java:lambda$close$6(391)) - ca92c278-c157-4e01-bd13-e6ca8f055b98: close
2021-04-24 02:06:02,028 [Listener at 127.0.0.1/41437] INFO  server.RaftServer$Division (RaftServerImpl.java:lambda$close$4(406)) - 686a54b3-507b-4dc5-8065-04c582627b70@group-D4A07DABF2D2: shutdown
2021-04-24 02:06:02,028 [Listener at 127.0.0.1/41437] INFO  util.JmxRegister (JmxRegister.java:unregister(73)) - Successfully un-registered JMX Bean with object name Ratis:service=RaftServer,group=group-D4A07DABF2D2,id=686a54b3-507b-4dc5-8065-04c582627b70
2021-04-24 02:06:02,028 [Listener at 127.0.0.1/41437] INFO  impl.RoleInfo (RoleInfo.java:shutdownLeaderState(91)) - 686a54b3-507b-4dc5-8065-04c582627b70: shutdown 686a54b3-507b-4dc5-8065-04c582627b70@group-D4A07DABF2D2-LeaderStateImpl
2021-04-24 02:06:02,028 [ForkJoinPool.commonPool-worker-1] INFO  server.RaftServer$Division (RaftServerImpl.java:lambda$close$4(406)) - ca92c278-c157-4e01-bd13-e6ca8f055b98@group-DDA045097A00: shutdown
2021-04-24 02:06:02,028 [Listener at 127.0.0.1/41437] INFO  impl.PendingRequests (PendingRequests.java:sendNotLeaderResponses(249)) - 686a54b3-507b-4dc5-8065-04c582627b70@group-D4A07DABF2D2-PendingRequests: sendNotLeaderResponses
2021-04-24 02:06:02,029 [ForkJoinPool.commonPool-worker-1] INFO  util.JmxRegister (JmxRegister.java:unregister(73)) - Successfully un-registered JMX Bean with object name Ratis:service=RaftServer,group=group-DDA045097A00,id=ca92c278-c157-4e01-bd13-e6ca8f055b98
2021-04-24 02:06:02,029 [ForkJoinPool.commonPool-worker-1] INFO  impl.RoleInfo (RoleInfo.java:shutdownLeaderState(91)) - ca92c278-c157-4e01-bd13-e6ca8f055b98: shutdown ca92c278-c157-4e01-bd13-e6ca8f055b98@group-DDA045097A00-LeaderStateImpl
2021-04-24 02:06:02,029 [ForkJoinPool.commonPool-worker-1] INFO  impl.PendingRequests (PendingRequests.java:sendNotLeaderResponses(249)) - ca92c278-c157-4e01-bd13-e6ca8f055b98@group-DDA045097A00-PendingRequests: sendNotLeaderResponses
2021-04-24 02:06:02,030 [ForkJoinPool.commonPool-worker-1] INFO  metrics.RatisMetrics (RatisMetrics.java:unregister(43)) - Unregistering Metrics Registry : ratis.log_appender.ca92c278-c157-4e01-bd13-e6ca8f055b98@group-DDA045097A00
2021-04-24 02:06:02,030 [ForkJoinPool.commonPool-worker-1] INFO  metrics.RatisMetrics (RatisMetrics.java:unregister(43)) - Unregistering Metrics Registry : ratis.server.ca92c278-c157-4e01-bd13-e6ca8f055b98@group-DDA045097A00
2021-04-24 02:06:02,029 [Listener at 127.0.0.1/41437] INFO  metrics.RatisMetrics (RatisMetrics.java:unregister(43)) - Unregistering Metrics Registry : ratis.log_appender.686a54b3-507b-4dc5-8065-04c582627b70@group-D4A07DABF2D2
2021-04-24 02:06:02,030 [Listener at 127.0.0.1/41437] INFO  metrics.RatisMetrics (RatisMetrics.java:unregister(43)) - Unregistering Metrics Registry : ratis.server.686a54b3-507b-4dc5-8065-04c582627b70@group-D4A07DABF2D2
2021-04-24 02:06:02,031 [Listener at 127.0.0.1/41437] INFO  impl.StateMachineUpdater (StateMachineUpdater.java:stopAndJoin(149)) - 686a54b3-507b-4dc5-8065-04c582627b70@group-D4A07DABF2D2-StateMachineUpdater: set stopIndex = 0
2021-04-24 02:06:02,031 [ForkJoinPool.commonPool-worker-1] INFO  impl.StateMachineUpdater (StateMachineUpdater.java:stopAndJoin(149)) - ca92c278-c157-4e01-bd13-e6ca8f055b98@group-DDA045097A00-StateMachineUpdater: set stopIndex = 0
2021-04-24 02:06:02,031 [ca92c278-c157-4e01-bd13-e6ca8f055b98@group-DDA045097A00-StateMachineUpdater] INFO  ratis.ContainerStateMachine (ContainerStateMachine.java:takeSnapshot(292)) - group-DDA045097A00: Taking a snapshot at:(t:1, i:0) file /github/workspace/mnt/ozone/hadoop-ozone/integration-test/target/test-dir/MiniOzoneClusterImpl-6998a6cc-0dbe-4d56-81dc-8335dc1dcef2/datanode-1/data/ratis/bbb32df3-6a1d-42d4-8a06-dda045097a00/sm/snapshot.1_0
2021-04-24 02:06:02,031 [686a54b3-507b-4dc5-8065-04c582627b70@group-D4A07DABF2D2-StateMachineUpdater] INFO  ratis.ContainerStateMachine (ContainerStateMachine.java:takeSnapshot(292)) - group-D4A07DABF2D2: Taking a snapshot at:(t:1, i:0) file /github/workspace/mnt/ozone/hadoop-ozone/integration-test/target/test-dir/MiniOzoneClusterImpl-6998a6cc-0dbe-4d56-81dc-8335dc1dcef2/datanode-4/data/ratis/a6cd1a83-cb4a-45a2-802f-d4a07dabf2d2/sm/snapshot.1_0
2021-04-24 02:06:02,101 [ca92c278-c157-4e01-bd13-e6ca8f055b98@group-DDA045097A00-StateMachineUpdater] INFO  ratis.ContainerStateMachine (ContainerStateMachine.java:takeSnapshot(303)) - group-DDA045097A00: Finished taking a snapshot at:(t:1, i:0) file:/github/workspace/mnt/ozone/hadoop-ozone/integration-test/target/test-dir/MiniOzoneClusterImpl-6998a6cc-0dbe-4d56-81dc-8335dc1dcef2/datanode-1/data/ratis/bbb32df3-6a1d-42d4-8a06-dda045097a00/sm/snapshot.1_0 took: 70 ms
2021-04-24 02:06:02,103 [ca92c278-c157-4e01-bd13-e6ca8f055b98@group-DDA045097A00-StateMachineUpdater] INFO  impl.StateMachineUpdater (StateMachineUpdater.java:takeSnapshot(281)) - ca92c278-c157-4e01-bd13-e6ca8f055b98@group-DDA045097A00-StateMachineUpdater: Took a snapshot at index 0
2021-04-24 02:06:02,103 [ca92c278-c157-4e01-bd13-e6ca8f055b98@group-DDA045097A00-StateMachineUpdater] INFO  impl.StateMachineUpdater (StateMachineUpdater.java:lambda$new$0(89)) - ca92c278-c157-4e01-bd13-e6ca8f055b98@group-DDA045097A00-StateMachineUpdater: snapshotIndex: updateIncreasingly -1 -> 0
2021-04-24 02:06:02,106 [686a54b3-507b-4dc5-8065-04c582627b70@group-D4A07DABF2D2-StateMachineUpdater] INFO  ratis.ContainerStateMachine (ContainerStateMachine.java:takeSnapshot(303)) - group-D4A07DABF2D2: Finished taking a snapshot at:(t:1, i:0) file:/github/workspace/mnt/ozone/hadoop-ozone/integration-test/target/test-dir/MiniOzoneClusterImpl-6998a6cc-0dbe-4d56-81dc-8335dc1dcef2/datanode-4/data/ratis/a6cd1a83-cb4a-45a2-802f-d4a07dabf2d2/sm/snapshot.1_0 took: 75 ms
2021-04-24 02:06:02,106 [686a54b3-507b-4dc5-8065-04c582627b70@group-D4A07DABF2D2-StateMachineUpdater] INFO  impl.StateMachineUpdater (StateMachineUpdater.java:takeSnapshot(281)) - 686a54b3-507b-4dc5-8065-04c582627b70@group-D4A07DABF2D2-StateMachineUpdater: Took a snapshot at index 0
2021-04-24 02:06:02,106 [686a54b3-507b-4dc5-8065-04c582627b70@group-D4A07DABF2D2-StateMachineUpdater] INFO  impl.StateMachineUpdater (StateMachineUpdater.java:lambda$new$0(89)) - 686a54b3-507b-4dc5-8065-04c582627b70@group-D4A07DABF2D2-StateMachineUpdater: snapshotIndex: updateIncreasingly -1 -> 0
2021-04-24 02:06:02,109 [ca92c278-c157-4e01-bd13-e6ca8f055b98@group-DDA045097A00-StateMachineUpdater] INFO  metrics.RatisMetrics (RatisMetrics.java:unregister(43)) - Unregistering Metrics Registry : ratis.state_machine.ca92c278-c157-4e01-bd13-e6ca8f055b98@group-DDA045097A00
2021-04-24 02:06:02,109 [ForkJoinPool.commonPool-worker-1] INFO  server.RaftServer$Division (ServerState.java:close(405)) - ca92c278-c157-4e01-bd13-e6ca8f055b98@group-DDA045097A00: closes. applyIndex: 0
2021-04-24 02:06:02,109 [686a54b3-507b-4dc5-8065-04c582627b70@group-D4A07DABF2D2-StateMachineUpdater] INFO  metrics.RatisMetrics (RatisMetrics.java:unregister(43)) - Unregistering Metrics Registry : ratis.state_machine.686a54b3-507b-4dc5-8065-04c582627b70@group-D4A07DABF2D2
2021-04-24 02:06:02,109 [ca92c278-c157-4e01-bd13-e6ca8f055b98@group-DDA045097A00-SegmentedRaftLogWorker] INFO  segmented.SegmentedRaftLogWorker (SegmentedRaftLogWorker.java:run(327)) - ca92c278-c157-4e01-bd13-e6ca8f055b98@group-DDA045097A00-SegmentedRaftLogWorker was interrupted, exiting. There are 0 tasks remaining in the queue.
2021-04-24 02:06:02,110 [ForkJoinPool.commonPool-worker-1] INFO  segmented.SegmentedRaftLogWorker (SegmentedRaftLogWorker.java:close(237)) - ca92c278-c157-4e01-bd13-e6ca8f055b98@group-DDA045097A00-SegmentedRaftLogWorker close()
2021-04-24 02:06:02,110 [ForkJoinPool.commonPool-worker-1] INFO  metrics.RatisMetrics (RatisMetrics.java:unregister(43)) - Unregistering Metrics Registry : ratis.log_worker.ca92c278-c157-4e01-bd13-e6ca8f055b98@group-DDA045097A00
2021-04-24 02:06:02,111 [ForkJoinPool.commonPool-worker-1] INFO  metrics.RatisMetrics (RatisMetrics.java:unregister(43)) - Unregistering Metrics Registry : ratis.leader_election.ca92c278-c157-4e01-bd13-e6ca8f055b98@group-DDA045097A00
2021-04-24 02:06:02,111 [ForkJoinPool.commonPool-worker-1] INFO  metrics.RatisMetrics (RatisMetrics.java:unregister(43)) - Unregistering Metrics Registry : ratis.server.ca92c278-c157-4e01-bd13-e6ca8f055b98@group-DDA045097A00
2021-04-24 02:06:02,111 [ForkJoinPool.commonPool-worker-1] INFO  server.RaftServer$Division (RaftServerImpl.java:lambda$close$4(406)) - ca92c278-c157-4e01-bd13-e6ca8f055b98@group-D4A461EBA57E: shutdown
2021-04-24 02:06:02,111 [ForkJoinPool.commonPool-worker-1] INFO  util.JmxRegister (JmxRegister.java:unregister(73)) - Successfully un-registered JMX Bean with object name Ratis:service=RaftServer,group=group-D4A461EBA57E,id=ca92c278-c157-4e01-bd13-e6ca8f055b98
2021-04-24 02:06:02,111 [ForkJoinPool.commonPool-worker-1] INFO  impl.RoleInfo (RoleInfo.java:shutdownFollowerState(108)) - ca92c278-c157-4e01-bd13-e6ca8f055b98: shutdown ca92c278-c157-4e01-bd13-e6ca8f055b98@group-D4A461EBA57E-FollowerState
2021-04-24 02:06:02,111 [ForkJoinPool.commonPool-worker-1] INFO  impl.StateMachineUpdater (StateMachineUpdater.java:stopAndJoin(149)) - ca92c278-c157-4e01-bd13-e6ca8f055b98@group-D4A461EBA57E-StateMachineUpdater: set stopIndex = -1
2021-04-24 02:06:02,111 [ca92c278-c157-4e01-bd13-e6ca8f055b98@group-D4A461EBA57E-FollowerState] INFO  impl.FollowerState (FollowerState.java:run(143)) - ca92c278-c157-4e01-bd13-e6ca8f055b98@group-D4A461EBA57E-FollowerState was interrupted: {}
java.lang.InterruptedException: sleep interrupted
	at java.lang.Thread.sleep(Native Method)
	at java.lang.Thread.sleep(Thread.java:340)
	at java.util.concurrent.TimeUnit.sleep(TimeUnit.java:386)
	at org.apache.ratis.util.TimeDuration.sleep(TimeDuration.java:324)
	at org.apache.ratis.util.TimeDuration.sleep(TimeDuration.java:309)
	at org.apache.ratis.server.impl.FollowerState.run(FollowerState.java:118)
2021-04-24 02:06:02,112 [ca92c278-c157-4e01-bd13-e6ca8f055b98@group-D4A461EBA57E-StateMachineUpdater] INFO  metrics.RatisMetrics (RatisMetrics.java:unregister(43)) - Unregistering Metrics Registry : ratis.state_machine.ca92c278-c157-4e01-bd13-e6ca8f055b98@group-D4A461EBA57E
2021-04-24 02:06:02,112 [ForkJoinPool.commonPool-worker-1] INFO  server.RaftServer$Division (ServerState.java:close(405)) - ca92c278-c157-4e01-bd13-e6ca8f055b98@group-D4A461EBA57E: closes. applyIndex: -1
2021-04-24 02:06:02,113 [ca92c278-c157-4e01-bd13-e6ca8f055b98@group-D4A461EBA57E-SegmentedRaftLogWorker] INFO  segmented.SegmentedRaftLogWorker (SegmentedRaftLogWorker.java:run(327)) - ca92c278-c157-4e01-bd13-e6ca8f055b98@group-D4A461EBA57E-SegmentedRaftLogWorker was interrupted, exiting. There are 0 tasks remaining in the queue.
2021-04-24 02:06:02,113 [Listener at 127.0.0.1/41437] INFO  server.RaftServer$Division (ServerState.java:close(405)) - 686a54b3-507b-4dc5-8065-04c582627b70@group-D4A07DABF2D2: closes. applyIndex: 0
2021-04-24 02:06:02,113 [ForkJoinPool.commonPool-worker-1] INFO  segmented.SegmentedRaftLogWorker (SegmentedRaftLogWorker.java:close(237)) - ca92c278-c157-4e01-bd13-e6ca8f055b98@group-D4A461EBA57E-SegmentedRaftLogWorker close()
2021-04-24 02:06:02,113 [686a54b3-507b-4dc5-8065-04c582627b70@group-D4A07DABF2D2-SegmentedRaftLogWorker] INFO  segmented.SegmentedRaftLogWorker (SegmentedRaftLogWorker.java:run(327)) - 686a54b3-507b-4dc5-8065-04c582627b70@group-D4A07DABF2D2-SegmentedRaftLogWorker was interrupted, exiting. There are 0 tasks remaining in the queue.
2021-04-24 02:06:02,114 [ForkJoinPool.commonPool-worker-1] INFO  metrics.RatisMetrics (RatisMetrics.java:unregister(43)) - Unregistering Metrics Registry : ratis.log_worker.ca92c278-c157-4e01-bd13-e6ca8f055b98@group-D4A461EBA57E
2021-04-24 02:06:02,114 [ForkJoinPool.commonPool-worker-1] INFO  metrics.RatisMetrics (RatisMetrics.java:unregister(43)) - Unregistering Metrics Registry : ratis.leader_election.ca92c278-c157-4e01-bd13-e6ca8f055b98@group-D4A461EBA57E
2021-04-24 02:06:02,114 [ForkJoinPool.commonPool-worker-1] INFO  metrics.RatisMetrics (RatisMetrics.java:unregister(43)) - Unregistering Metrics Registry : ratis.server.ca92c278-c157-4e01-bd13-e6ca8f055b98@group-D4A461EBA57E
2021-04-24 02:06:02,114 [ForkJoinPool.commonPool-worker-1] INFO  server.RaftServer$Division (RaftServerImpl.java:lambda$close$4(406)) - ca92c278-c157-4e01-bd13-e6ca8f055b98@group-3EC95D05B866: shutdown
2021-04-24 02:06:02,114 [ForkJoinPool.commonPool-worker-1] INFO  util.JmxRegister (JmxRegister.java:unregister(73)) - Successfully un-registered JMX Bean with object name Ratis:service=RaftServer,group=group-3EC95D05B866,id=ca92c278-c157-4e01-bd13-e6ca8f055b98
2021-04-24 02:06:02,114 [ForkJoinPool.commonPool-worker-1] INFO  impl.RoleInfo (RoleInfo.java:shutdownFollowerState(108)) - ca92c278-c157-4e01-bd13-e6ca8f055b98: shutdown ca92c278-c157-4e01-bd13-e6ca8f055b98@group-3EC95D05B866-FollowerState
2021-04-24 02:06:02,114 [ForkJoinPool.commonPool-worker-1] INFO  impl.StateMachineUpdater (StateMachineUpdater.java:stopAndJoin(149)) - ca92c278-c157-4e01-bd13-e6ca8f055b98@group-3EC95D05B866-StateMachineUpdater: set stopIndex = 0
2021-04-24 02:06:02,114 [ca92c278-c157-4e01-bd13-e6ca8f055b98@group-3EC95D05B866-FollowerState] INFO  impl.FollowerState (FollowerState.java:run(143)) - ca92c278-c157-4e01-bd13-e6ca8f055b98@group-3EC95D05B866-FollowerState was interrupted: {}
java.lang.InterruptedException: sleep interrupted
	at java.lang.Thread.sleep(Native Method)
	at java.lang.Thread.sleep(Thread.java:340)
	at java.util.concurrent.TimeUnit.sleep(TimeUnit.java:386)
	at org.apache.ratis.util.TimeDuration.sleep(TimeDuration.java:324)
	at org.apache.ratis.util.TimeDuration.sleep(TimeDuration.java:309)
	at org.apache.ratis.server.impl.FollowerState.run(FollowerState.java:118)
2021-04-24 02:06:02,115 [ca92c278-c157-4e01-bd13-e6ca8f055b98@group-3EC95D05B866-StateMachineUpdater] INFO  ratis.ContainerStateMachine (ContainerStateMachine.java:takeSnapshot(292)) - group-3EC95D05B866: Taking a snapshot at:(t:3, i:0) file /github/workspace/mnt/ozone/hadoop-ozone/integration-test/target/test-dir/MiniOzoneClusterImpl-6998a6cc-0dbe-4d56-81dc-8335dc1dcef2/datanode-1/data/ratis/719f748f-ff1a-4531-87e9-3ec95d05b866/sm/snapshot.3_0
2021-04-24 02:06:02,116 [Listener at 127.0.0.1/41437] INFO  segmented.SegmentedRaftLogWorker (SegmentedRaftLogWorker.java:close(237)) - 686a54b3-507b-4dc5-8065-04c582627b70@group-D4A07DABF2D2-SegmentedRaftLogWorker close()
2021-04-24 02:06:02,116 [ca92c278-c157-4e01-bd13-e6ca8f055b98@group-3EC95D05B866-StateMachineUpdater] INFO  ratis.ContainerStateMachine (ContainerStateMachine.java:takeSnapshot(303)) - group-3EC95D05B866: Finished taking a snapshot at:(t:3, i:0) file:/github/workspace/mnt/ozone/hadoop-ozone/integration-test/target/test-dir/MiniOzoneClusterImpl-6998a6cc-0dbe-4d56-81dc-8335dc1dcef2/datanode-1/data/ratis/719f748f-ff1a-4531-87e9-3ec95d05b866/sm/snapshot.3_0 took: 1 ms
2021-04-24 02:06:02,117 [ca92c278-c157-4e01-bd13-e6ca8f055b98@group-3EC95D05B866-StateMachineUpdater] INFO  impl.StateMachineUpdater (StateMachineUpdater.java:takeSnapshot(281)) - ca92c278-c157-4e01-bd13-e6ca8f055b98@group-3EC95D05B866-StateMachineUpdater: Took a snapshot at index 0
2021-04-24 02:06:02,117 [ca92c278-c157-4e01-bd13-e6ca8f055b98@group-3EC95D05B866-StateMachineUpdater] INFO  impl.StateMachineUpdater (StateMachineUpdater.java:lambda$new$0(89)) - ca92c278-c157-4e01-bd13-e6ca8f055b98@group-3EC95D05B866-StateMachineUpdater: snapshotIndex: updateIncreasingly -1 -> 0
2021-04-24 02:06:02,117 [ca92c278-c157-4e01-bd13-e6ca8f055b98@group-3EC95D05B866-StateMachineUpdater] INFO  metrics.RatisMetrics (RatisMetrics.java:unregister(43)) - Unregistering Metrics Registry : ratis.state_machine.ca92c278-c157-4e01-bd13-e6ca8f055b98@group-3EC95D05B866
2021-04-24 02:06:02,117 [ForkJoinPool.commonPool-worker-1] INFO  server.RaftServer$Division (ServerState.java:close(405)) - ca92c278-c157-4e01-bd13-e6ca8f055b98@group-3EC95D05B866: closes. applyIndex: 0
2021-04-24 02:06:02,118 [ca92c278-c157-4e01-bd13-e6ca8f055b98@group-3EC95D05B866-SegmentedRaftLogWorker] INFO  segmented.SegmentedRaftLogWorker (SegmentedRaftLogWorker.java:run(327)) - ca92c278-c157-4e01-bd13-e6ca8f055b98@group-3EC95D05B866-SegmentedRaftLogWorker was interrupted, exiting. There are 0 tasks remaining in the queue.
2021-04-24 02:06:02,118 [Listener at 127.0.0.1/41437] INFO  metrics.RatisMetrics (RatisMetrics.java:unregister(43)) - Unregistering Metrics Registry : ratis.log_worker.686a54b3-507b-4dc5-8065-04c582627b70@group-D4A07DABF2D2
2021-04-24 02:06:02,118 [Listener at 127.0.0.1/41437] INFO  metrics.RatisMetrics (RatisMetrics.java:unregister(43)) - Unregistering Metrics Registry : ratis.leader_election.686a54b3-507b-4dc5-8065-04c582627b70@group-D4A07DABF2D2
2021-04-24 02:06:02,118 [Listener at 127.0.0.1/41437] INFO  metrics.RatisMetrics (RatisMetrics.java:unregister(43)) - Unregistering Metrics Registry : ratis.server.686a54b3-507b-4dc5-8065-04c582627b70@group-D4A07DABF2D2
2021-04-24 02:06:02,119 [Listener at 127.0.0.1/41437] INFO  server.RaftServer$Division (RaftServerImpl.java:lambda$close$4(406)) - 686a54b3-507b-4dc5-8065-04c582627b70@group-6FADA685E35F: shutdown
2021-04-24 02:06:02,119 [Listener at 127.0.0.1/41437] INFO  util.JmxRegister (JmxRegister.java:unregister(73)) - Successfully un-registered JMX Bean with object name Ratis:service=RaftServer,group=group-6FADA685E35F,id=686a54b3-507b-4dc5-8065-04c582627b70
2021-04-24 02:06:02,119 [Listener at 127.0.0.1/41437] INFO  impl.RoleInfo (RoleInfo.java:shutdownLeaderState(91)) - 686a54b3-507b-4dc5-8065-04c582627b70: shutdown 686a54b3-507b-4dc5-8065-04c582627b70@group-6FADA685E35F-LeaderStateImpl
2021-04-24 02:06:02,119 [Listener at 127.0.0.1/41437] INFO  metrics.RatisMetrics (RatisMetrics.java:unregister(43)) - Unregistering Metrics Registry : ratis_grpc.log_appender.686a54b3-507b-4dc5-8065-04c582627b70@group-6FADA685E35F
2021-04-24 02:06:02,119 [Listener at 127.0.0.1/41437] INFO  metrics.RatisMetrics (RatisMetrics.java:unregister(43)) - Unregistering Metrics Registry : ratis_grpc.log_appender.686a54b3-507b-4dc5-8065-04c582627b70@group-6FADA685E35F
2021-04-24 02:06:02,119 [Listener at 127.0.0.1/41437] INFO  impl.PendingRequests (PendingRequests.java:sendNotLeaderResponses(249)) - 686a54b3-507b-4dc5-8065-04c582627b70@group-6FADA685E35F-PendingRequests: sendNotLeaderResponses
2021-04-24 02:06:02,119 [686a54b3-507b-4dc5-8065-04c582627b70@group-6FADA685E35F->e13d3dfe-a7aa-4e77-932b-4a03cf9a588d-GrpcLogAppender-LogAppenderDaemon] WARN  server.GrpcLogAppender (GrpcLogAppender.java:mayWait(175)) - 686a54b3-507b-4dc5-8065-04c582627b70@group-6FADA685E35F->e13d3dfe-a7aa-4e77-932b-4a03cf9a588d-GrpcLogAppender: Wait interrupted by java.lang.InterruptedException
2021-04-24 02:06:02,118 [ForkJoinPool.commonPool-worker-1] INFO  segmented.SegmentedRaftLogWorker (SegmentedRaftLogWorker.java:close(237)) - ca92c278-c157-4e01-bd13-e6ca8f055b98@group-3EC95D05B866-SegmentedRaftLogWorker close()
2021-04-24 02:06:02,120 [grpc-default-executor-2] INFO  server.GrpcServerProtocolService (GrpcServerProtocolService.java:onCompleted(140)) - e13d3dfe-a7aa-4e77-932b-4a03cf9a588d: Completed APPEND_ENTRIES, lastRequest: 686a54b3-507b-4dc5-8065-04c582627b70->e13d3dfe-a7aa-4e77-932b-4a03cf9a588d#2-t5,previous=(t:5, i:1),leaderCommit=1,initializing? true,entries: size=1, first=(t:5, i:2), METADATAENTRY(c:1)
2021-04-24 02:06:02,119 [686a54b3-507b-4dc5-8065-04c582627b70@group-6FADA685E35F->506e7d51-44ea-40e0-a2b0-e730f7a28201-GrpcLogAppender-LogAppenderDaemon] WARN  server.GrpcLogAppender (GrpcLogAppender.java:mayWait(175)) - 686a54b3-507b-4dc5-8065-04c582627b70@group-6FADA685E35F->506e7d51-44ea-40e0-a2b0-e730f7a28201-GrpcLogAppender: Wait interrupted by java.lang.InterruptedException
2021-04-24 02:06:02,121 [grpc-default-executor-0] INFO  server.GrpcServerProtocolService (GrpcServerProtocolService.java:onCompleted(140)) - 506e7d51-44ea-40e0-a2b0-e730f7a28201: Completed APPEND_ENTRIES, lastRequest: 686a54b3-507b-4dc5-8065-04c582627b70->506e7d51-44ea-40e0-a2b0-e730f7a28201#5-t5,previous=(t:5, i:1),leaderCommit=1,initializing? true,entries: size=1, first=(t:5, i:2), METADATAENTRY(c:1)
2021-04-24 02:06:02,122 [grpc-default-executor-0] INFO  server.GrpcLogAppender (GrpcLogAppender.java:onCompleted(344)) - 686a54b3-507b-4dc5-8065-04c582627b70@group-6FADA685E35F->e13d3dfe-a7aa-4e77-932b-4a03cf9a588d-AppendLogResponseHandler: follower responses appendEntries COMPLETED
2021-04-24 02:06:02,122 [grpc-default-executor-0] INFO  leader.FollowerInfo (FollowerInfoImpl.java:lambda$new$0(46)) - 686a54b3-507b-4dc5-8065-04c582627b70@group-6FADA685E35F->e13d3dfe-a7aa-4e77-932b-4a03cf9a588d: nextIndex: updateUnconditionally 3 -> 2
2021-04-24 02:06:02,126 [grpc-default-executor-0] INFO  server.GrpcLogAppender (GrpcLogAppender.java:onCompleted(344)) - 686a54b3-507b-4dc5-8065-04c582627b70@group-6FADA685E35F->506e7d51-44ea-40e0-a2b0-e730f7a28201-AppendLogResponseHandler: follower responses appendEntries COMPLETED
2021-04-24 02:06:02,126 [grpc-default-executor-0] INFO  leader.FollowerInfo (FollowerInfoImpl.java:lambda$new$0(46)) - 686a54b3-507b-4dc5-8065-04c582627b70@group-6FADA685E35F->506e7d51-44ea-40e0-a2b0-e730f7a28201: nextIndex: updateUnconditionally 3 -> 2
2021-04-24 02:06:02,128 [ForkJoinPool.commonPool-worker-1] INFO  metrics.RatisMetrics (RatisMetrics.java:unregister(43)) - Unregistering Metrics Registry : ratis.log_worker.ca92c278-c157-4e01-bd13-e6ca8f055b98@group-3EC95D05B866
2021-04-24 02:06:02,128 [ForkJoinPool.commonPool-worker-1] INFO  metrics.RatisMetrics (RatisMetrics.java:unregister(43)) - Unregistering Metrics Registry : ratis.leader_election.ca92c278-c157-4e01-bd13-e6ca8f055b98@group-3EC95D05B866
2021-04-24 02:06:02,128 [ForkJoinPool.commonPool-worker-1] INFO  metrics.RatisMetrics (RatisMetrics.java:unregister(43)) - Unregistering Metrics Registry : ratis.server.ca92c278-c157-4e01-bd13-e6ca8f055b98@group-3EC95D05B866
2021-04-24 02:06:02,128 [ForkJoinPool.commonPool-worker-1] INFO  server.GrpcService (GrpcService.java:closeImpl(262)) - ca92c278-c157-4e01-bd13-e6ca8f055b98: shutdown server with port 33657 now
2021-04-24 02:06:02,133 [grpc-default-executor-0] WARN  server.GrpcServerProtocolService (LogUtils.java:warn(122)) - ca92c278-c157-4e01-bd13-e6ca8f055b98: installSnapshot onError, lastRequest: 684cf295-c17c-4893-9e72-2df5b9d8a511->ca92c278-c157-4e01-bd13-e6ca8f055b98#1-t3,previous=(t:0, i:0),leaderCommit=0,initializing? true,entries: size=1, first=(t:3, i:0), CONFIGURATIONENTRY: org.apache.ratis.thirdparty.io.grpc.StatusRuntimeException: CANCELLED: client cancelled
2021-04-24 02:06:02,140 [Listener at 127.0.0.1/41437] INFO  metrics.RatisMetrics (RatisMetrics.java:unregister(43)) - Unregistering Metrics Registry : ratis.log_appender.686a54b3-507b-4dc5-8065-04c582627b70@group-6FADA685E35F
2021-04-24 02:06:02,140 [Listener at 127.0.0.1/41437] INFO  metrics.RatisMetrics (RatisMetrics.java:unregister(43)) - Unregistering Metrics Registry : ratis.server.686a54b3-507b-4dc5-8065-04c582627b70@group-6FADA685E35F
2021-04-24 02:06:02,140 [Listener at 127.0.0.1/41437] INFO  impl.StateMachineUpdater (StateMachineUpdater.java:stopAndJoin(149)) - 686a54b3-507b-4dc5-8065-04c582627b70@group-6FADA685E35F-StateMachineUpdater: set stopIndex = 2
2021-04-24 02:06:02,140 [686a54b3-507b-4dc5-8065-04c582627b70@group-6FADA685E35F-StateMachineUpdater] INFO  ratis.ContainerStateMachine (ContainerStateMachine.java:takeSnapshot(292)) - group-6FADA685E35F: Taking a snapshot at:(t:5, i:2) file /github/workspace/mnt/ozone/hadoop-ozone/integration-test/target/test-dir/MiniOzoneClusterImpl-6998a6cc-0dbe-4d56-81dc-8335dc1dcef2/datanode-4/data/ratis/0099ddbe-d464-4c63-af52-6fada685e35f/sm/snapshot.5_2
2021-04-24 02:06:02,141 [grpc-default-executor-0] WARN  server.GrpcLogAppender (LogUtils.java:warn(122)) - 684cf295-c17c-4893-9e72-2df5b9d8a511@group-3EC95D05B866->ca92c278-c157-4e01-bd13-e6ca8f055b98-AppendLogResponseHandler: Failed appendEntries: org.apache.ratis.thirdparty.io.grpc.StatusRuntimeException: CANCELLED: HTTP/2 error code: CANCEL
Received Rst Stream
2021-04-24 02:06:02,141 [grpc-default-executor-0] WARN  server.GrpcLogAppender (GrpcLogAppender.java:resetClient(111)) - 684cf295-c17c-4893-9e72-2df5b9d8a511@group-3EC95D05B866->ca92c278-c157-4e01-bd13-e6ca8f055b98-GrpcLogAppender: Leader has not got in touch with Follower 684cf295-c17c-4893-9e72-2df5b9d8a511@group-3EC95D05B866->ca92c278-c157-4e01-bd13-e6ca8f055b98(c0,m0,n1, attendVote=true, lastRpcSendTime=2014, lastRpcResponseTime=2014) yet, just keep nextIndex unchanged and retry.
2021-04-24 02:06:02,141 [686a54b3-507b-4dc5-8065-04c582627b70@group-6FADA685E35F-StateMachineUpdater] INFO  ratis.ContainerStateMachine (ContainerStateMachine.java:takeSnapshot(303)) - group-6FADA685E35F: Finished taking a snapshot at:(t:5, i:2) file:/github/workspace/mnt/ozone/hadoop-ozone/integration-test/target/test-dir/MiniOzoneClusterImpl-6998a6cc-0dbe-4d56-81dc-8335dc1dcef2/datanode-4/data/ratis/0099ddbe-d464-4c63-af52-6fada685e35f/sm/snapshot.5_2 took: 1 ms
2021-04-24 02:06:02,141 [686a54b3-507b-4dc5-8065-04c582627b70@group-6FADA685E35F-StateMachineUpdater] INFO  impl.StateMachineUpdater (StateMachineUpdater.java:takeSnapshot(281)) - 686a54b3-507b-4dc5-8065-04c582627b70@group-6FADA685E35F-StateMachineUpdater: Took a snapshot at index 2
2021-04-24 02:06:02,141 [686a54b3-507b-4dc5-8065-04c582627b70@group-6FADA685E35F-StateMachineUpdater] INFO  impl.StateMachineUpdater (StateMachineUpdater.java:lambda$new$0(89)) - 686a54b3-507b-4dc5-8065-04c582627b70@group-6FADA685E35F-StateMachineUpdater: snapshotIndex: updateIncreasingly -1 -> 2
2021-04-24 02:06:02,142 [686a54b3-507b-4dc5-8065-04c582627b70@group-6FADA685E35F-StateMachineUpdater] INFO  metrics.RatisMetrics (RatisMetrics.java:unregister(43)) - Unregistering Metrics Registry : ratis.state_machine.686a54b3-507b-4dc5-8065-04c582627b70@group-6FADA685E35F
2021-04-24 02:06:02,142 [Listener at 127.0.0.1/41437] INFO  server.RaftServer$Division (ServerState.java:close(405)) - 686a54b3-507b-4dc5-8065-04c582627b70@group-6FADA685E35F: closes. applyIndex: 2
2021-04-24 02:06:02,142 [686a54b3-507b-4dc5-8065-04c582627b70@group-6FADA685E35F-SegmentedRaftLogWorker] INFO  segmented.SegmentedRaftLogWorker (SegmentedRaftLogWorker.java:run(327)) - 686a54b3-507b-4dc5-8065-04c582627b70@group-6FADA685E35F-SegmentedRaftLogWorker was interrupted, exiting. There are 0 tasks remaining in the queue.
2021-04-24 02:06:02,143 [Listener at 127.0.0.1/41437] INFO  segmented.SegmentedRaftLogWorker (SegmentedRaftLogWorker.java:close(237)) - 686a54b3-507b-4dc5-8065-04c582627b70@group-6FADA685E35F-SegmentedRaftLogWorker close()
2021-04-24 02:06:02,144 [Listener at 127.0.0.1/41437] INFO  metrics.RatisMetrics (RatisMetrics.java:unregister(43)) - Unregistering Metrics Registry : ratis.log_worker.686a54b3-507b-4dc5-8065-04c582627b70@group-6FADA685E35F
2021-04-24 02:06:02,144 [Listener at 127.0.0.1/41437] INFO  metrics.RatisMetrics (RatisMetrics.java:unregister(43)) - Unregistering Metrics Registry : ratis.leader_election.686a54b3-507b-4dc5-8065-04c582627b70@group-6FADA685E35F
2021-04-24 02:06:02,144 [Listener at 127.0.0.1/41437] INFO  metrics.RatisMetrics (RatisMetrics.java:unregister(43)) - Unregistering Metrics Registry : ratis.server.686a54b3-507b-4dc5-8065-04c582627b70@group-6FADA685E35F
2021-04-24 02:06:02,144 [Listener at 127.0.0.1/41437] INFO  server.RaftServer$Division (RaftServerImpl.java:lambda$close$4(406)) - 686a54b3-507b-4dc5-8065-04c582627b70@group-63CE5ECE61CE: shutdown
2021-04-24 02:06:02,144 [Listener at 127.0.0.1/41437] INFO  util.JmxRegister (JmxRegister.java:unregister(73)) - Successfully un-registered JMX Bean with object name Ratis:service=RaftServer,group=group-63CE5ECE61CE,id=686a54b3-507b-4dc5-8065-04c582627b70
2021-04-24 02:06:02,145 [Listener at 127.0.0.1/41437] INFO  impl.RoleInfo (RoleInfo.java:shutdownFollowerState(108)) - 686a54b3-507b-4dc5-8065-04c582627b70: shutdown 686a54b3-507b-4dc5-8065-04c582627b70@group-63CE5ECE61CE-FollowerState
2021-04-24 02:06:02,145 [686a54b3-507b-4dc5-8065-04c582627b70@group-63CE5ECE61CE-FollowerState] INFO  impl.FollowerState (FollowerState.java:run(143)) - 686a54b3-507b-4dc5-8065-04c582627b70@group-63CE5ECE61CE-FollowerState was interrupted: {}
java.lang.InterruptedException: sleep interrupted
	at java.lang.Thread.sleep(Native Method)
	at java.lang.Thread.sleep(Thread.java:340)
	at java.util.concurrent.TimeUnit.sleep(TimeUnit.java:386)
	at org.apache.ratis.util.TimeDuration.sleep(TimeDuration.java:324)
	at org.apache.ratis.util.TimeDuration.sleep(TimeDuration.java:309)
	at org.apache.ratis.server.impl.FollowerState.run(FollowerState.java:118)
2021-04-24 02:06:02,146 [686a54b3-507b-4dc5-8065-04c582627b70@group-63CE5ECE61CE-StateMachineUpdater] INFO  ratis.ContainerStateMachine (ContainerStateMachine.java:takeSnapshot(292)) - group-63CE5ECE61CE: Taking a snapshot at:(t:1, i:0) file /github/workspace/mnt/ozone/hadoop-ozone/integration-test/target/test-dir/MiniOzoneClusterImpl-6998a6cc-0dbe-4d56-81dc-8335dc1dcef2/datanode-4/data/ratis/1eb8ba7a-f774-418b-be7e-63ce5ece61ce/sm/snapshot.1_0
2021-04-24 02:06:02,146 [Listener at 127.0.0.1/41437] INFO  impl.StateMachineUpdater (StateMachineUpdater.java:stopAndJoin(149)) - 686a54b3-507b-4dc5-8065-04c582627b70@group-63CE5ECE61CE-StateMachineUpdater: set stopIndex = 0
2021-04-24 02:06:02,147 [686a54b3-507b-4dc5-8065-04c582627b70@group-63CE5ECE61CE-StateMachineUpdater] INFO  ratis.ContainerStateMachine (ContainerStateMachine.java:takeSnapshot(303)) - group-63CE5ECE61CE: Finished taking a snapshot at:(t:1, i:0) file:/github/workspace/mnt/ozone/hadoop-ozone/integration-test/target/test-dir/MiniOzoneClusterImpl-6998a6cc-0dbe-4d56-81dc-8335dc1dcef2/datanode-4/data/ratis/1eb8ba7a-f774-418b-be7e-63ce5ece61ce/sm/snapshot.1_0 took: 1 ms
2021-04-24 02:06:02,147 [686a54b3-507b-4dc5-8065-04c582627b70@group-63CE5ECE61CE-StateMachineUpdater] INFO  impl.StateMachineUpdater (StateMachineUpdater.java:takeSnapshot(281)) - 686a54b3-507b-4dc5-8065-04c582627b70@group-63CE5ECE61CE-StateMachineUpdater: Took a snapshot at index 0
2021-04-24 02:06:02,147 [686a54b3-507b-4dc5-8065-04c582627b70@group-63CE5ECE61CE-StateMachineUpdater] INFO  impl.StateMachineUpdater (StateMachineUpdater.java:lambda$new$0(89)) - 686a54b3-507b-4dc5-8065-04c582627b70@group-63CE5ECE61CE-StateMachineUpdater: snapshotIndex: updateIncreasingly -1 -> 0
2021-04-24 02:06:02,147 [686a54b3-507b-4dc5-8065-04c582627b70@group-63CE5ECE61CE-StateMachineUpdater] INFO  metrics.RatisMetrics (RatisMetrics.java:unregister(43)) - Unregistering Metrics Registry : ratis.state_machine.686a54b3-507b-4dc5-8065-04c582627b70@group-63CE5ECE61CE
2021-04-24 02:06:02,148 [Listener at 127.0.0.1/41437] INFO  server.RaftServer$Division (ServerState.java:close(405)) - 686a54b3-507b-4dc5-8065-04c582627b70@group-63CE5ECE61CE: closes. applyIndex: 0
2021-04-24 02:06:02,148 [686a54b3-507b-4dc5-8065-04c582627b70@group-63CE5ECE61CE-SegmentedRaftLogWorker] INFO  segmented.SegmentedRaftLogWorker (SegmentedRaftLogWorker.java:run(327)) - 686a54b3-507b-4dc5-8065-04c582627b70@group-63CE5ECE61CE-SegmentedRaftLogWorker was interrupted, exiting. There are 0 tasks remaining in the queue.
2021-04-24 02:06:02,149 [Listener at 127.0.0.1/41437] INFO  segmented.SegmentedRaftLogWorker (SegmentedRaftLogWorker.java:close(237)) - 686a54b3-507b-4dc5-8065-04c582627b70@group-63CE5ECE61CE-SegmentedRaftLogWorker close()
2021-04-24 02:06:02,151 [Listener at 127.0.0.1/41437] INFO  metrics.RatisMetrics (RatisMetrics.java:unregister(43)) - Unregistering Metrics Registry : ratis.log_worker.686a54b3-507b-4dc5-8065-04c582627b70@group-63CE5ECE61CE
2021-04-24 02:06:02,151 [ForkJoinPool.commonPool-worker-1] INFO  server.GrpcService (GrpcService.java:closeImpl(271)) - ca92c278-c157-4e01-bd13-e6ca8f055b98: shutdown server with port 33657 successfully
2021-04-24 02:06:02,151 [Listener at 127.0.0.1/41437] INFO  metrics.RatisMetrics (RatisMetrics.java:unregister(43)) - Unregistering Metrics Registry : ratis.leader_election.686a54b3-507b-4dc5-8065-04c582627b70@group-63CE5ECE61CE
2021-04-24 02:06:02,151 [org.apache.ratis.util.JvmPauseMonitor$$Lambda$504/1072999122@29053bd6] INFO  util.JvmPauseMonitor (JvmPauseMonitor.java:run(109)) - JvmPauseMonitor-ca92c278-c157-4e01-bd13-e6ca8f055b98: Stopped
2021-04-24 02:06:02,151 [Listener at 127.0.0.1/41437] INFO  metrics.RatisMetrics (RatisMetrics.java:unregister(43)) - Unregistering Metrics Registry : ratis.server.686a54b3-507b-4dc5-8065-04c582627b70@group-63CE5ECE61CE
2021-04-24 02:06:02,153 [Listener at 127.0.0.1/41437] INFO  server.GrpcService (GrpcService.java:closeImpl(262)) - 686a54b3-507b-4dc5-8065-04c582627b70: shutdown server with port 37165 now
2021-04-24 02:06:02,154 [ForkJoinPool.commonPool-worker-1] INFO  utils.BackgroundService (BackgroundService.java:shutdown(132)) - Shutting down service BlockDeletingService
2021-04-24 02:06:02,163 [grpc-default-executor-2] WARN  server.GrpcServerProtocolService (LogUtils.java:warn(122)) - 686a54b3-507b-4dc5-8065-04c582627b70: installSnapshot onError, lastRequest: e13d3dfe-a7aa-4e77-932b-4a03cf9a588d->686a54b3-507b-4dc5-8065-04c582627b70#1-t1,previous=(t:0, i:0),leaderCommit=0,initializing? true,entries: size=1, first=(t:1, i:0), CONFIGURATIONENTRY: org.apache.ratis.thirdparty.io.grpc.StatusRuntimeException: CANCELLED: client cancelled
2021-04-24 02:06:02,163 [grpc-default-executor-1] WARN  server.GrpcLogAppender (LogUtils.java:warn(122)) - e13d3dfe-a7aa-4e77-932b-4a03cf9a588d@group-63CE5ECE61CE->686a54b3-507b-4dc5-8065-04c582627b70-AppendLogResponseHandler: Failed appendEntries: org.apache.ratis.thirdparty.io.grpc.StatusRuntimeException: CANCELLED: HTTP/2 error code: CANCEL
Received Rst Stream
2021-04-24 02:06:02,163 [grpc-default-executor-1] WARN  server.GrpcLogAppender (GrpcLogAppender.java:resetClient(111)) - e13d3dfe-a7aa-4e77-932b-4a03cf9a588d@group-63CE5ECE61CE->686a54b3-507b-4dc5-8065-04c582627b70-GrpcLogAppender: Leader has not got in touch with Follower e13d3dfe-a7aa-4e77-932b-4a03cf9a588d@group-63CE5ECE61CE->686a54b3-507b-4dc5-8065-04c582627b70(c0,m0,n1, attendVote=true, lastRpcSendTime=1921, lastRpcResponseTime=1919) yet, just keep nextIndex unchanged and retry.
2021-04-24 02:06:02,164 [ForkJoinPool.commonPool-worker-1] INFO  statemachine.DatanodeStateMachine (DatanodeStateMachine.java:stopDaemon(469)) - Ozone container server stopped.
2021-04-24 02:06:02,191 [Listener at 127.0.0.1/41437] INFO  server.GrpcService (GrpcService.java:closeImpl(271)) - 686a54b3-507b-4dc5-8065-04c582627b70: shutdown server with port 37165 successfully
2021-04-24 02:06:02,191 [org.apache.ratis.util.JvmPauseMonitor$$Lambda$504/1072999122@20d5ca9] INFO  util.JvmPauseMonitor (JvmPauseMonitor.java:run(109)) - JvmPauseMonitor-686a54b3-507b-4dc5-8065-04c582627b70: Stopped
2021-04-24 02:06:02,191 [Listener at 127.0.0.1/41437] INFO  utils.BackgroundService (BackgroundService.java:shutdown(132)) - Shutting down service BlockDeletingService
2021-04-24 02:06:02,194 [Listener at 127.0.0.1/41437] INFO  statemachine.DatanodeStateMachine (DatanodeStateMachine.java:stopDaemon(469)) - Ozone container server stopped.
2021-04-24 02:06:02,206 [Listener at 127.0.0.1/41437] INFO  handler.ContextHandler (ContextHandler.java:doStop(1154)) - Stopped o.e.j.w.WebAppContext@45c7e44a{hddsDatanode,/,null,STOPPED}{jar:file:/home/user/.m2/repository/org/apache/hadoop/hadoop-hdds-container-service/1.2.0-SNAPSHOT/hadoop-hdds-container-service-1.2.0-SNAPSHOT.jar!/webapps/hddsDatanode}
2021-04-24 02:06:02,215 [Listener at 127.0.0.1/41437] INFO  server.AbstractConnector (AbstractConnector.java:doStop(381)) - Stopped ServerConnector@75bd8948{HTTP/1.1, (http/1.1)}{0.0.0.0:0}
2021-04-24 02:06:02,215 [Listener at 127.0.0.1/41437] INFO  server.session (HouseKeeper.java:stopScavenging(149)) - node0 Stopped scavenging
2021-04-24 02:06:02,216 [Listener at 127.0.0.1/41437] INFO  handler.ContextHandler (ContextHandler.java:doStop(1154)) - Stopped o.e.j.s.ServletContextHandler@57ff0d9d{static,/static,jar:file:/home/user/.m2/repository/org/apache/hadoop/hadoop-hdds-container-service/1.2.0-SNAPSHOT/hadoop-hdds-container-service-1.2.0-SNAPSHOT.jar!/webapps/static,STOPPED}
2021-04-24 02:06:02,216 [Listener at 127.0.0.1/41437] INFO  handler.ContextHandler (ContextHandler.java:doStop(1154)) - Stopped o.e.j.s.ServletContextHandler@be5afa{logs,/logs,file:///github/workspace/mnt/ozone/hadoop-ozone/integration-test/target/log,STOPPED}
2021-04-24 02:06:02,217 [ForkJoinPool.commonPool-worker-1] INFO  handler.ContextHandler (ContextHandler.java:doStop(1154)) - Stopped o.e.j.w.WebAppContext@22f5952f{hddsDatanode,/,null,STOPPED}{jar:file:/home/user/.m2/repository/org/apache/hadoop/hadoop-hdds-container-service/1.2.0-SNAPSHOT/hadoop-hdds-container-service-1.2.0-SNAPSHOT.jar!/webapps/hddsDatanode}
2021-04-24 02:06:02,218 [ForkJoinPool.commonPool-worker-1] INFO  server.AbstractConnector (AbstractConnector.java:doStop(381)) - Stopped ServerConnector@4cc86cb5{HTTP/1.1, (http/1.1)}{0.0.0.0:0}
2021-04-24 02:06:02,218 [ForkJoinPool.commonPool-worker-1] INFO  server.session (HouseKeeper.java:stopScavenging(149)) - node0 Stopped scavenging
2021-04-24 02:06:02,219 [ForkJoinPool.commonPool-worker-1] INFO  handler.ContextHandler (ContextHandler.java:doStop(1154)) - Stopped o.e.j.s.ServletContextHandler@6bae29e{static,/static,jar:file:/home/user/.m2/repository/org/apache/hadoop/hadoop-hdds-container-service/1.2.0-SNAPSHOT/hadoop-hdds-container-service-1.2.0-SNAPSHOT.jar!/webapps/static,STOPPED}
2021-04-24 02:06:02,220 [ForkJoinPool.commonPool-worker-1] INFO  handler.ContextHandler (ContextHandler.java:doStop(1154)) - Stopped o.e.j.s.ServletContextHandler@5fea939d{logs,/logs,file:///github/workspace/mnt/ozone/hadoop-ozone/integration-test/target/log,STOPPED}
2021-04-24 02:06:02,644 [grpc-default-executor-1] WARN  server.GrpcLogAppender (LogUtils.java:warn(122)) - 684cf295-c17c-4893-9e72-2df5b9d8a511@group-3EC95D05B866->ca92c278-c157-4e01-bd13-e6ca8f055b98-AppendLogResponseHandler: Failed appendEntries: org.apache.ratis.thirdparty.io.grpc.StatusRuntimeException: UNAVAILABLE: io exception
2021-04-24 02:06:02,644 [grpc-default-executor-1] WARN  server.GrpcLogAppender (GrpcLogAppender.java:resetClient(111)) - 684cf295-c17c-4893-9e72-2df5b9d8a511@group-3EC95D05B866->ca92c278-c157-4e01-bd13-e6ca8f055b98-GrpcLogAppender: Leader has not got in touch with Follower 684cf295-c17c-4893-9e72-2df5b9d8a511@group-3EC95D05B866->ca92c278-c157-4e01-bd13-e6ca8f055b98(c0,m0,n1, attendVote=true, lastRpcSendTime=6, lastRpcResponseTime=2517) yet, just keep nextIndex unchanged and retry.
2021-04-24 02:06:02,752 [grpc-default-executor-2] WARN  server.GrpcLogAppender (LogUtils.java:warn(122)) - e13d3dfe-a7aa-4e77-932b-4a03cf9a588d@group-63CE5ECE61CE->686a54b3-507b-4dc5-8065-04c582627b70-AppendLogResponseHandler: Failed appendEntries: org.apache.ratis.thirdparty.io.grpc.StatusRuntimeException: UNAVAILABLE: io exception
2021-04-24 02:06:02,752 [grpc-default-executor-2] WARN  server.GrpcLogAppender (GrpcLogAppender.java:resetClient(111)) - e13d3dfe-a7aa-4e77-932b-4a03cf9a588d@group-63CE5ECE61CE->686a54b3-507b-4dc5-8065-04c582627b70-GrpcLogAppender: Leader has not got in touch with Follower e13d3dfe-a7aa-4e77-932b-4a03cf9a588d@group-63CE5ECE61CE->686a54b3-507b-4dc5-8065-04c582627b70(c0,m0,n1, attendVote=true, lastRpcSendTime=1, lastRpcResponseTime=2508) yet, just keep nextIndex unchanged and retry.
2021-04-24 02:06:02,790 [Datanode State Machine Thread - 0] INFO  statemachine.DatanodeStateMachine (DatanodeStateMachine.java:lambda$startDaemon$0(411)) - Ozone container server started.
2021-04-24 02:06:03,125 [Datanode State Machine Thread - 0] INFO  statemachine.DatanodeStateMachine (DatanodeStateMachine.java:lambda$startDaemon$0(411)) - Ozone container server started.
2021-04-24 02:06:04,460 [684cf295-c17c-4893-9e72-2df5b9d8a511@group-D4A461EBA57E-FollowerState] INFO  impl.FollowerState (FollowerState.java:run(134)) - 684cf295-c17c-4893-9e72-2df5b9d8a511@group-D4A461EBA57E-FollowerState: change to CANDIDATE, lastRpcElapsedTime:5041394356ns, electionTimeout:5041ms
2021-04-24 02:06:04,460 [684cf295-c17c-4893-9e72-2df5b9d8a511@group-D4A461EBA57E-FollowerState] INFO  impl.RoleInfo (RoleInfo.java:shutdownFollowerState(108)) - 684cf295-c17c-4893-9e72-2df5b9d8a511: shutdown 684cf295-c17c-4893-9e72-2df5b9d8a511@group-D4A461EBA57E-FollowerState
2021-04-24 02:06:04,460 [684cf295-c17c-4893-9e72-2df5b9d8a511@group-D4A461EBA57E-FollowerState] INFO  server.RaftServer$Division (RaftServerImpl.java:setRole(284)) - 684cf295-c17c-4893-9e72-2df5b9d8a511@group-D4A461EBA57E: changes role from  FOLLOWER to CANDIDATE at term 4 for changeToCandidate
2021-04-24 02:06:04,461 [684cf295-c17c-4893-9e72-2df5b9d8a511@group-D4A461EBA57E-FollowerState] INFO  server.RaftServerConfigKeys (ConfUtils.java:logGet(44)) - raft.server.leaderelection.pre-vote = false (custom)
2021-04-24 02:06:04,461 [684cf295-c17c-4893-9e72-2df5b9d8a511@group-D4A461EBA57E-FollowerState] INFO  impl.RoleInfo (RoleInfo.java:updateAndGet(130)) - 684cf295-c17c-4893-9e72-2df5b9d8a511: start 684cf295-c17c-4893-9e72-2df5b9d8a511@group-D4A461EBA57E-LeaderElection25
2021-04-24 02:06:04,472 [684cf295-c17c-4893-9e72-2df5b9d8a511@group-D4A461EBA57E-LeaderElection25] INFO  impl.LeaderElection (LeaderElection.java:askForVotes(306)) - 684cf295-c17c-4893-9e72-2df5b9d8a511@group-D4A461EBA57E-LeaderElection25 ELECTION round 0: submit vote requests at term 5 for -1: [ac07a033-1369-46a0-bf0a-a588a91eea94|rpc:172.17.0.2:33531|priority:1, ca92c278-c157-4e01-bd13-e6ca8f055b98|rpc:172.17.0.2:33657|priority:0, 684cf295-c17c-4893-9e72-2df5b9d8a511|rpc:172.17.0.2:38843|priority:0], old=null
2021-04-24 02:06:04,486 [grpc-default-executor-2] INFO  server.RaftServer$Division (RaftServerImpl.java:requestVote(1042)) - ac07a033-1369-46a0-bf0a-a588a91eea94@group-D4A461EBA57E: receive requestVote(ELECTION, 684cf295-c17c-4893-9e72-2df5b9d8a511, group-D4A461EBA57E, 5, (t:0, i:0))
2021-04-24 02:06:04,486 [grpc-default-executor-2] INFO  impl.VoteContext (VoteContext.java:log(48)) - ac07a033-1369-46a0-bf0a-a588a91eea94@group-D4A461EBA57E-FOLLOWER: reject ELECTION from 684cf295-c17c-4893-9e72-2df5b9d8a511: our priority 1 > candidate's priority 0
2021-04-24 02:06:04,487 [grpc-default-executor-2] INFO  server.RaftServer$Division (RaftServerImpl.java:setRole(284)) - ac07a033-1369-46a0-bf0a-a588a91eea94@group-D4A461EBA57E: changes role from  FOLLOWER to FOLLOWER at term 5 for candidate:684cf295-c17c-4893-9e72-2df5b9d8a511
2021-04-24 02:06:04,487 [grpc-default-executor-2] INFO  impl.RoleInfo (RoleInfo.java:shutdownFollowerState(108)) - ac07a033-1369-46a0-bf0a-a588a91eea94: shutdown ac07a033-1369-46a0-bf0a-a588a91eea94@group-D4A461EBA57E-FollowerState
2021-04-24 02:06:04,487 [grpc-default-executor-2] INFO  impl.RoleInfo (RoleInfo.java:updateAndGet(130)) - ac07a033-1369-46a0-bf0a-a588a91eea94: start ac07a033-1369-46a0-bf0a-a588a91eea94@group-D4A461EBA57E-FollowerState
2021-04-24 02:06:04,487 [ac07a033-1369-46a0-bf0a-a588a91eea94@group-D4A461EBA57E-FollowerState] INFO  impl.FollowerState (FollowerState.java:run(143)) - ac07a033-1369-46a0-bf0a-a588a91eea94@group-D4A461EBA57E-FollowerState was interrupted: {}
java.lang.InterruptedException: sleep interrupted
	at java.lang.Thread.sleep(Native Method)
	at java.lang.Thread.sleep(Thread.java:340)
	at java.util.concurrent.TimeUnit.sleep(TimeUnit.java:386)
	at org.apache.ratis.util.TimeDuration.sleep(TimeDuration.java:324)
	at org.apache.ratis.util.TimeDuration.sleep(TimeDuration.java:309)
	at org.apache.ratis.server.impl.FollowerState.run(FollowerState.java:118)
2021-04-24 02:06:04,489 [grpc-default-executor-2] INFO  server.RaftServer$Division (RaftServerImpl.java:requestVote(1074)) - ac07a033-1369-46a0-bf0a-a588a91eea94@group-D4A461EBA57E replies to ELECTION vote request: 684cf295-c17c-4893-9e72-2df5b9d8a511<-ac07a033-1369-46a0-bf0a-a588a91eea94#0:FAIL-t5. Peer's state: ac07a033-1369-46a0-bf0a-a588a91eea94@group-D4A461EBA57E:t5, leader=null, voted=null, raftlog=ac07a033-1369-46a0-bf0a-a588a91eea94@group-D4A461EBA57E-SegmentedRaftLog:OPENED:c-1,f-1,i0, conf=-1: [ac07a033-1369-46a0-bf0a-a588a91eea94|rpc:172.17.0.2:33531|dataStream:|priority:1, ca92c278-c157-4e01-bd13-e6ca8f055b98|rpc:172.17.0.2:33657|dataStream:|priority:0, 684cf295-c17c-4893-9e72-2df5b9d8a511|rpc:172.17.0.2:38843|dataStream:|priority:0], old=null
2021-04-24 02:06:04,490 [684cf295-c17c-4893-9e72-2df5b9d8a511@group-D4A461EBA57E-LeaderElection25] INFO  impl.LeaderElection (LogUtils.java:infoOrTrace(137)) - 684cf295-c17c-4893-9e72-2df5b9d8a511@group-D4A461EBA57E-LeaderElection25 got exception when requesting votes: java.util.concurrent.ExecutionException: org.apache.ratis.thirdparty.io.grpc.StatusRuntimeException: UNAVAILABLE: io exception
2021-04-24 02:06:04,490 [684cf295-c17c-4893-9e72-2df5b9d8a511@group-D4A461EBA57E-LeaderElection25] INFO  impl.LeaderElection (LeaderElection.java:logAndReturn(89)) - 684cf295-c17c-4893-9e72-2df5b9d8a511@group-D4A461EBA57E-LeaderElection25: ELECTION REJECTED received 1 response(s) and 1 exception(s):
2021-04-24 02:06:04,490 [684cf295-c17c-4893-9e72-2df5b9d8a511@group-D4A461EBA57E-LeaderElection25] INFO  impl.LeaderElection (LeaderElection.java:logAndReturn(93)) -   Response 0: 684cf295-c17c-4893-9e72-2df5b9d8a511<-ac07a033-1369-46a0-bf0a-a588a91eea94#0:FAIL-t5
2021-04-24 02:06:04,490 [684cf295-c17c-4893-9e72-2df5b9d8a511@group-D4A461EBA57E-LeaderElection25] INFO  impl.LeaderElection (LogUtils.java:infoOrTrace(137)) -   Exception 1: java.util.concurrent.ExecutionException: org.apache.ratis.thirdparty.io.grpc.StatusRuntimeException: UNAVAILABLE: io exception
2021-04-24 02:06:04,490 [684cf295-c17c-4893-9e72-2df5b9d8a511@group-D4A461EBA57E-LeaderElection25] INFO  impl.LeaderElection (LeaderElection.java:askForVotes(308)) - 684cf295-c17c-4893-9e72-2df5b9d8a511@group-D4A461EBA57E-LeaderElection25 ELECTION round 0: result REJECTED
2021-04-24 02:06:04,490 [684cf295-c17c-4893-9e72-2df5b9d8a511@group-D4A461EBA57E-LeaderElection25] INFO  server.RaftServer$Division (RaftServerImpl.java:setRole(284)) - 684cf295-c17c-4893-9e72-2df5b9d8a511@group-D4A461EBA57E: changes role from CANDIDATE to FOLLOWER at term 5 for REJECTED
2021-04-24 02:06:04,490 [684cf295-c17c-4893-9e72-2df5b9d8a511@group-D4A461EBA57E-LeaderElection25] INFO  impl.RoleInfo (RoleInfo.java:shutdownLeaderElection(121)) - 684cf295-c17c-4893-9e72-2df5b9d8a511: shutdown 684cf295-c17c-4893-9e72-2df5b9d8a511@group-D4A461EBA57E-LeaderElection25
2021-04-24 02:06:04,490 [684cf295-c17c-4893-9e72-2df5b9d8a511@group-D4A461EBA57E-LeaderElection25] INFO  impl.RoleInfo (RoleInfo.java:updateAndGet(130)) - 684cf295-c17c-4893-9e72-2df5b9d8a511: start 684cf295-c17c-4893-9e72-2df5b9d8a511@group-D4A461EBA57E-FollowerState
2021-04-24 02:06:05,139 [grpc-default-executor-2] WARN  server.GrpcLogAppender (LogUtils.java:warn(122)) - 684cf295-c17c-4893-9e72-2df5b9d8a511@group-3EC95D05B866->ca92c278-c157-4e01-bd13-e6ca8f055b98-AppendLogResponseHandler: Failed appendEntries: org.apache.ratis.thirdparty.io.grpc.StatusRuntimeException: UNAVAILABLE: io exception
2021-04-24 02:06:05,140 [grpc-default-executor-2] WARN  server.GrpcLogAppender (GrpcLogAppender.java:resetClient(111)) - 684cf295-c17c-4893-9e72-2df5b9d8a511@group-3EC95D05B866->ca92c278-c157-4e01-bd13-e6ca8f055b98-GrpcLogAppender: Leader has not got in touch with Follower 684cf295-c17c-4893-9e72-2df5b9d8a511@group-3EC95D05B866->ca92c278-c157-4e01-bd13-e6ca8f055b98(c0,m0,n1, attendVote=true, lastRpcSendTime=0, lastRpcResponseTime=5013) yet, just keep nextIndex unchanged and retry.
2021-04-24 02:06:05,251 [grpc-default-executor-1] WARN  server.GrpcLogAppender (LogUtils.java:warn(122)) - e13d3dfe-a7aa-4e77-932b-4a03cf9a588d@group-63CE5ECE61CE->686a54b3-507b-4dc5-8065-04c582627b70-AppendLogResponseHandler: Failed appendEntries: org.apache.ratis.thirdparty.io.grpc.StatusRuntimeException: UNAVAILABLE: io exception
2021-04-24 02:06:05,252 [grpc-default-executor-1] WARN  server.GrpcLogAppender (GrpcLogAppender.java:resetClient(111)) - e13d3dfe-a7aa-4e77-932b-4a03cf9a588d@group-63CE5ECE61CE->686a54b3-507b-4dc5-8065-04c582627b70-GrpcLogAppender: Leader has not got in touch with Follower e13d3dfe-a7aa-4e77-932b-4a03cf9a588d@group-63CE5ECE61CE->686a54b3-507b-4dc5-8065-04c582627b70(c0,m0,n1, attendVote=true, lastRpcSendTime=2501, lastRpcResponseTime=5008) yet, just keep nextIndex unchanged and retry.
2021-04-24 02:06:07,220 [Listener at 127.0.0.1/41437] INFO  ozoneimpl.OzoneContainer (OzoneContainer.java:stop(313)) - Attempting to stop container services.
2021-04-24 02:06:07,221 [Listener at 127.0.0.1/41437] INFO  server.RaftServer (RaftServerProxy.java:lambda$close$6(391)) - 506e7d51-44ea-40e0-a2b0-e730f7a28201: close
2021-04-24 02:06:07,221 [Listener at 127.0.0.1/41437] INFO  server.RaftServer$Division (RaftServerImpl.java:lambda$close$4(406)) - 506e7d51-44ea-40e0-a2b0-e730f7a28201@group-6FADA685E35F: shutdown
2021-04-24 02:06:07,221 [Listener at 127.0.0.1/41437] INFO  util.JmxRegister (JmxRegister.java:unregister(73)) - Successfully un-registered JMX Bean with object name Ratis:service=RaftServer,group=group-6FADA685E35F,id=506e7d51-44ea-40e0-a2b0-e730f7a28201
2021-04-24 02:06:07,221 [Listener at 127.0.0.1/41437] INFO  impl.RoleInfo (RoleInfo.java:shutdownFollowerState(108)) - 506e7d51-44ea-40e0-a2b0-e730f7a28201: shutdown 506e7d51-44ea-40e0-a2b0-e730f7a28201@group-6FADA685E35F-FollowerState
2021-04-24 02:06:07,221 [Listener at 127.0.0.1/41437] INFO  impl.StateMachineUpdater (StateMachineUpdater.java:stopAndJoin(149)) - 506e7d51-44ea-40e0-a2b0-e730f7a28201@group-6FADA685E35F-StateMachineUpdater: set stopIndex = 1
2021-04-24 02:06:07,221 [506e7d51-44ea-40e0-a2b0-e730f7a28201@group-6FADA685E35F-FollowerState] INFO  impl.FollowerState (FollowerState.java:run(143)) - 506e7d51-44ea-40e0-a2b0-e730f7a28201@group-6FADA685E35F-FollowerState was interrupted: {}
java.lang.InterruptedException: sleep interrupted
	at java.lang.Thread.sleep(Native Method)
	at java.lang.Thread.sleep(Thread.java:340)
	at java.util.concurrent.TimeUnit.sleep(TimeUnit.java:386)
	at org.apache.ratis.util.TimeDuration.sleep(TimeDuration.java:324)
	at org.apache.ratis.util.TimeDuration.sleep(TimeDuration.java:309)
	at org.apache.ratis.server.impl.FollowerState.run(FollowerState.java:118)
2021-04-24 02:06:07,222 [506e7d51-44ea-40e0-a2b0-e730f7a28201@group-6FADA685E35F-StateMachineUpdater] INFO  ratis.ContainerStateMachine (ContainerStateMachine.java:takeSnapshot(292)) - group-6FADA685E35F: Taking a snapshot at:(t:5, i:1) file /github/workspace/mnt/ozone/hadoop-ozone/integration-test/target/test-dir/MiniOzoneClusterImpl-6998a6cc-0dbe-4d56-81dc-8335dc1dcef2/datanode-3/data/ratis/0099ddbe-d464-4c63-af52-6fada685e35f/sm/snapshot.5_1
2021-04-24 02:06:07,222 [ForkJoinPool.commonPool-worker-1] INFO  ozoneimpl.OzoneContainer (OzoneContainer.java:stop(313)) - Attempting to stop container services.
2021-04-24 02:06:07,223 [506e7d51-44ea-40e0-a2b0-e730f7a28201@group-6FADA685E35F-StateMachineUpdater] INFO  ratis.ContainerStateMachine (ContainerStateMachine.java:takeSnapshot(303)) - group-6FADA685E35F: Finished taking a snapshot at:(t:5, i:1) file:/github/workspace/mnt/ozone/hadoop-ozone/integration-test/target/test-dir/MiniOzoneClusterImpl-6998a6cc-0dbe-4d56-81dc-8335dc1dcef2/datanode-3/data/ratis/0099ddbe-d464-4c63-af52-6fada685e35f/sm/snapshot.5_1 took: 1 ms
2021-04-24 02:06:07,223 [506e7d51-44ea-40e0-a2b0-e730f7a28201@group-6FADA685E35F-StateMachineUpdater] INFO  impl.StateMachineUpdater (StateMachineUpdater.java:takeSnapshot(281)) - 506e7d51-44ea-40e0-a2b0-e730f7a28201@group-6FADA685E35F-StateMachineUpdater: Took a snapshot at index 1
2021-04-24 02:06:07,223 [506e7d51-44ea-40e0-a2b0-e730f7a28201@group-6FADA685E35F-StateMachineUpdater] INFO  impl.StateMachineUpdater (StateMachineUpdater.java:lambda$new$0(89)) - 506e7d51-44ea-40e0-a2b0-e730f7a28201@group-6FADA685E35F-StateMachineUpdater: snapshotIndex: updateIncreasingly -1 -> 1
2021-04-24 02:06:07,223 [506e7d51-44ea-40e0-a2b0-e730f7a28201@group-6FADA685E35F-StateMachineUpdater] INFO  metrics.RatisMetrics (RatisMetrics.java:unregister(43)) - Unregistering Metrics Registry : ratis.state_machine.506e7d51-44ea-40e0-a2b0-e730f7a28201@group-6FADA685E35F
2021-04-24 02:06:07,223 [Listener at 127.0.0.1/41437] INFO  server.RaftServer$Division (ServerState.java:close(405)) - 506e7d51-44ea-40e0-a2b0-e730f7a28201@group-6FADA685E35F: closes. applyIndex: 1
2021-04-24 02:06:07,224 [506e7d51-44ea-40e0-a2b0-e730f7a28201@group-6FADA685E35F-SegmentedRaftLogWorker] INFO  segmented.SegmentedRaftLogWorker (SegmentedRaftLogWorker.java:run(327)) - 506e7d51-44ea-40e0-a2b0-e730f7a28201@group-6FADA685E35F-SegmentedRaftLogWorker was interrupted, exiting. There are 0 tasks remaining in the queue.
2021-04-24 02:06:07,224 [ForkJoinPool.commonPool-worker-1] INFO  server.RaftServer (RaftServerProxy.java:lambda$close$6(391)) - ac07a033-1369-46a0-bf0a-a588a91eea94: close
2021-04-24 02:06:07,224 [ForkJoinPool.commonPool-worker-1] INFO  server.RaftServer$Division (RaftServerImpl.java:lambda$close$4(406)) - ac07a033-1369-46a0-bf0a-a588a91eea94@group-318EF334BFD0: shutdown
2021-04-24 02:06:07,224 [ForkJoinPool.commonPool-worker-1] INFO  util.JmxRegister (JmxRegister.java:unregister(73)) - Successfully un-registered JMX Bean with object name Ratis:service=RaftServer,group=group-318EF334BFD0,id=ac07a033-1369-46a0-bf0a-a588a91eea94
2021-04-24 02:06:07,224 [ForkJoinPool.commonPool-worker-1] INFO  impl.RoleInfo (RoleInfo.java:shutdownLeaderState(91)) - ac07a033-1369-46a0-bf0a-a588a91eea94: shutdown ac07a033-1369-46a0-bf0a-a588a91eea94@group-318EF334BFD0-LeaderStateImpl
2021-04-24 02:06:07,224 [ForkJoinPool.commonPool-worker-1] INFO  impl.PendingRequests (PendingRequests.java:sendNotLeaderResponses(249)) - ac07a033-1369-46a0-bf0a-a588a91eea94@group-318EF334BFD0-PendingRequests: sendNotLeaderResponses
2021-04-24 02:06:07,225 [ForkJoinPool.commonPool-worker-1] INFO  metrics.RatisMetrics (RatisMetrics.java:unregister(43)) - Unregistering Metrics Registry : ratis.log_appender.ac07a033-1369-46a0-bf0a-a588a91eea94@group-318EF334BFD0
2021-04-24 02:06:07,225 [ForkJoinPool.commonPool-worker-1] INFO  metrics.RatisMetrics (RatisMetrics.java:unregister(43)) - Unregistering Metrics Registry : ratis.server.ac07a033-1369-46a0-bf0a-a588a91eea94@group-318EF334BFD0
2021-04-24 02:06:07,225 [ForkJoinPool.commonPool-worker-1] INFO  impl.StateMachineUpdater (StateMachineUpdater.java:stopAndJoin(149)) - ac07a033-1369-46a0-bf0a-a588a91eea94@group-318EF334BFD0-StateMachineUpdater: set stopIndex = 0
2021-04-24 02:06:07,225 [ac07a033-1369-46a0-bf0a-a588a91eea94@group-318EF334BFD0-StateMachineUpdater] INFO  ratis.ContainerStateMachine (ContainerStateMachine.java:takeSnapshot(292)) - group-318EF334BFD0: Taking a snapshot at:(t:1, i:0) file /github/workspace/mnt/ozone/hadoop-ozone/integration-test/target/test-dir/MiniOzoneClusterImpl-6998a6cc-0dbe-4d56-81dc-8335dc1dcef2/datanode-2/data/ratis/5b5251c5-61bd-4aca-85de-318ef334bfd0/sm/snapshot.1_0
2021-04-24 02:06:07,231 [Listener at 127.0.0.1/41437] INFO  segmented.SegmentedRaftLogWorker (SegmentedRaftLogWorker.java:close(237)) - 506e7d51-44ea-40e0-a2b0-e730f7a28201@group-6FADA685E35F-SegmentedRaftLogWorker close()
2021-04-24 02:06:07,235 [ac07a033-1369-46a0-bf0a-a588a91eea94@group-318EF334BFD0-StateMachineUpdater] INFO  ratis.ContainerStateMachine (ContainerStateMachine.java:takeSnapshot(303)) - group-318EF334BFD0: Finished taking a snapshot at:(t:1, i:0) file:/github/workspace/mnt/ozone/hadoop-ozone/integration-test/target/test-dir/MiniOzoneClusterImpl-6998a6cc-0dbe-4d56-81dc-8335dc1dcef2/datanode-2/data/ratis/5b5251c5-61bd-4aca-85de-318ef334bfd0/sm/snapshot.1_0 took: 10 ms
2021-04-24 02:06:07,235 [ac07a033-1369-46a0-bf0a-a588a91eea94@group-318EF334BFD0-StateMachineUpdater] INFO  impl.StateMachineUpdater (StateMachineUpdater.java:takeSnapshot(281)) - ac07a033-1369-46a0-bf0a-a588a91eea94@group-318EF334BFD0-StateMachineUpdater: Took a snapshot at index 0
2021-04-24 02:06:07,235 [ac07a033-1369-46a0-bf0a-a588a91eea94@group-318EF334BFD0-StateMachineUpdater] INFO  impl.StateMachineUpdater (StateMachineUpdater.java:lambda$new$0(89)) - ac07a033-1369-46a0-bf0a-a588a91eea94@group-318EF334BFD0-StateMachineUpdater: snapshotIndex: updateIncreasingly -1 -> 0
2021-04-24 02:06:07,235 [ac07a033-1369-46a0-bf0a-a588a91eea94@group-318EF334BFD0-StateMachineUpdater] INFO  metrics.RatisMetrics (RatisMetrics.java:unregister(43)) - Unregistering Metrics Registry : ratis.state_machine.ac07a033-1369-46a0-bf0a-a588a91eea94@group-318EF334BFD0
2021-04-24 02:06:07,235 [ForkJoinPool.commonPool-worker-1] INFO  server.RaftServer$Division (ServerState.java:close(405)) - ac07a033-1369-46a0-bf0a-a588a91eea94@group-318EF334BFD0: closes. applyIndex: 0
2021-04-24 02:06:07,236 [ac07a033-1369-46a0-bf0a-a588a91eea94@group-318EF334BFD0-SegmentedRaftLogWorker] INFO  segmented.SegmentedRaftLogWorker (SegmentedRaftLogWorker.java:run(327)) - ac07a033-1369-46a0-bf0a-a588a91eea94@group-318EF334BFD0-SegmentedRaftLogWorker was interrupted, exiting. There are 0 tasks remaining in the queue.
2021-04-24 02:06:07,237 [Listener at 127.0.0.1/41437] INFO  metrics.RatisMetrics (RatisMetrics.java:unregister(43)) - Unregistering Metrics Registry : ratis.log_worker.506e7d51-44ea-40e0-a2b0-e730f7a28201@group-6FADA685E35F
2021-04-24 02:06:07,237 [ForkJoinPool.commonPool-worker-1] INFO  segmented.SegmentedRaftLogWorker (SegmentedRaftLogWorker.java:close(237)) - ac07a033-1369-46a0-bf0a-a588a91eea94@group-318EF334BFD0-SegmentedRaftLogWorker close()
2021-04-24 02:06:07,237 [Listener at 127.0.0.1/41437] INFO  metrics.RatisMetrics (RatisMetrics.java:unregister(43)) - Unregistering Metrics Registry : ratis.leader_election.506e7d51-44ea-40e0-a2b0-e730f7a28201@group-6FADA685E35F
2021-04-24 02:06:07,237 [Listener at 127.0.0.1/41437] INFO  metrics.RatisMetrics (RatisMetrics.java:unregister(43)) - Unregistering Metrics Registry : ratis.server.506e7d51-44ea-40e0-a2b0-e730f7a28201@group-6FADA685E35F
2021-04-24 02:06:07,238 [Listener at 127.0.0.1/41437] INFO  server.RaftServer$Division (RaftServerImpl.java:lambda$close$4(406)) - 506e7d51-44ea-40e0-a2b0-e730f7a28201@group-63CE5ECE61CE: shutdown
2021-04-24 02:06:07,238 [Listener at 127.0.0.1/41437] INFO  util.JmxRegister (JmxRegister.java:unregister(73)) - Successfully un-registered JMX Bean with object name Ratis:service=RaftServer,group=group-63CE5ECE61CE,id=506e7d51-44ea-40e0-a2b0-e730f7a28201
2021-04-24 02:06:07,238 [Listener at 127.0.0.1/41437] INFO  impl.RoleInfo (RoleInfo.java:shutdownFollowerState(108)) - 506e7d51-44ea-40e0-a2b0-e730f7a28201: shutdown 506e7d51-44ea-40e0-a2b0-e730f7a28201@group-63CE5ECE61CE-FollowerState
2021-04-24 02:06:07,238 [Listener at 127.0.0.1/41437] INFO  impl.StateMachineUpdater (StateMachineUpdater.java:stopAndJoin(149)) - 506e7d51-44ea-40e0-a2b0-e730f7a28201@group-63CE5ECE61CE-StateMachineUpdater: set stopIndex = 0
2021-04-24 02:06:07,238 [506e7d51-44ea-40e0-a2b0-e730f7a28201@group-63CE5ECE61CE-FollowerState] INFO  impl.FollowerState (FollowerState.java:run(143)) - 506e7d51-44ea-40e0-a2b0-e730f7a28201@group-63CE5ECE61CE-FollowerState was interrupted: {}
java.lang.InterruptedException: sleep interrupted
	at java.lang.Thread.sleep(Native Method)
	at java.lang.Thread.sleep(Thread.java:340)
	at java.util.concurrent.TimeUnit.sleep(TimeUnit.java:386)
	at org.apache.ratis.util.TimeDuration.sleep(TimeDuration.java:324)
	at org.apache.ratis.util.TimeDuration.sleep(TimeDuration.java:309)
	at org.apache.ratis.server.impl.FollowerState.run(FollowerState.java:118)
2021-04-24 02:06:07,238 [506e7d51-44ea-40e0-a2b0-e730f7a28201@group-63CE5ECE61CE-StateMachineUpdater] INFO  ratis.ContainerStateMachine (ContainerStateMachine.java:takeSnapshot(292)) - group-63CE5ECE61CE: Taking a snapshot at:(t:1, i:0) file /github/workspace/mnt/ozone/hadoop-ozone/integration-test/target/test-dir/MiniOzoneClusterImpl-6998a6cc-0dbe-4d56-81dc-8335dc1dcef2/datanode-3/data/ratis/1eb8ba7a-f774-418b-be7e-63ce5ece61ce/sm/snapshot.1_0
2021-04-24 02:06:07,241 [506e7d51-44ea-40e0-a2b0-e730f7a28201@group-63CE5ECE61CE-StateMachineUpdater] INFO  ratis.ContainerStateMachine (ContainerStateMachine.java:takeSnapshot(303)) - group-63CE5ECE61CE: Finished taking a snapshot at:(t:1, i:0) file:/github/workspace/mnt/ozone/hadoop-ozone/integration-test/target/test-dir/MiniOzoneClusterImpl-6998a6cc-0dbe-4d56-81dc-8335dc1dcef2/datanode-3/data/ratis/1eb8ba7a-f774-418b-be7e-63ce5ece61ce/sm/snapshot.1_0 took: 3 ms
2021-04-24 02:06:07,241 [506e7d51-44ea-40e0-a2b0-e730f7a28201@group-63CE5ECE61CE-StateMachineUpdater] INFO  impl.StateMachineUpdater (StateMachineUpdater.java:takeSnapshot(281)) - 506e7d51-44ea-40e0-a2b0-e730f7a28201@group-63CE5ECE61CE-StateMachineUpdater: Took a snapshot at index 0
2021-04-24 02:06:07,241 [506e7d51-44ea-40e0-a2b0-e730f7a28201@group-63CE5ECE61CE-StateMachineUpdater] INFO  impl.StateMachineUpdater (StateMachineUpdater.java:lambda$new$0(89)) - 506e7d51-44ea-40e0-a2b0-e730f7a28201@group-63CE5ECE61CE-StateMachineUpdater: snapshotIndex: updateIncreasingly -1 -> 0
2021-04-24 02:06:07,241 [506e7d51-44ea-40e0-a2b0-e730f7a28201@group-63CE5ECE61CE-StateMachineUpdater] INFO  metrics.RatisMetrics (RatisMetrics.java:unregister(43)) - Unregistering Metrics Registry : ratis.state_machine.506e7d51-44ea-40e0-a2b0-e730f7a28201@group-63CE5ECE61CE
2021-04-24 02:06:07,242 [Listener at 127.0.0.1/41437] INFO  server.RaftServer$Division (ServerState.java:close(405)) - 506e7d51-44ea-40e0-a2b0-e730f7a28201@group-63CE5ECE61CE: closes. applyIndex: 0
2021-04-24 02:06:07,242 [506e7d51-44ea-40e0-a2b0-e730f7a28201@group-63CE5ECE61CE-SegmentedRaftLogWorker] INFO  segmented.SegmentedRaftLogWorker (SegmentedRaftLogWorker.java:run(327)) - 506e7d51-44ea-40e0-a2b0-e730f7a28201@group-63CE5ECE61CE-SegmentedRaftLogWorker was interrupted, exiting. There are 0 tasks remaining in the queue.
2021-04-24 02:06:07,255 [Listener at 127.0.0.1/41437] INFO  segmented.SegmentedRaftLogWorker (SegmentedRaftLogWorker.java:close(237)) - 506e7d51-44ea-40e0-a2b0-e730f7a28201@group-63CE5ECE61CE-SegmentedRaftLogWorker close()
2021-04-24 02:06:07,256 [ForkJoinPool.commonPool-worker-1] INFO  metrics.RatisMetrics (RatisMetrics.java:unregister(43)) - Unregistering Metrics Registry : ratis.log_worker.ac07a033-1369-46a0-bf0a-a588a91eea94@group-318EF334BFD0
2021-04-24 02:06:07,256 [ForkJoinPool.commonPool-worker-1] INFO  metrics.RatisMetrics (RatisMetrics.java:unregister(43)) - Unregistering Metrics Registry : ratis.leader_election.ac07a033-1369-46a0-bf0a-a588a91eea94@group-318EF334BFD0
2021-04-24 02:06:07,256 [ForkJoinPool.commonPool-worker-1] INFO  metrics.RatisMetrics (RatisMetrics.java:unregister(43)) - Unregistering Metrics Registry : ratis.server.ac07a033-1369-46a0-bf0a-a588a91eea94@group-318EF334BFD0
2021-04-24 02:06:07,256 [ForkJoinPool.commonPool-worker-1] INFO  server.RaftServer$Division (RaftServerImpl.java:lambda$close$4(406)) - ac07a033-1369-46a0-bf0a-a588a91eea94@group-D4A461EBA57E: shutdown
2021-04-24 02:06:07,256 [ForkJoinPool.commonPool-worker-1] INFO  util.JmxRegister (JmxRegister.java:unregister(73)) - Successfully un-registered JMX Bean with object name Ratis:service=RaftServer,group=group-D4A461EBA57E,id=ac07a033-1369-46a0-bf0a-a588a91eea94
2021-04-24 02:06:07,256 [ForkJoinPool.commonPool-worker-1] INFO  impl.RoleInfo (RoleInfo.java:shutdownFollowerState(108)) - ac07a033-1369-46a0-bf0a-a588a91eea94: shutdown ac07a033-1369-46a0-bf0a-a588a91eea94@group-D4A461EBA57E-FollowerState
2021-04-24 02:06:07,256 [ForkJoinPool.commonPool-worker-1] INFO  impl.StateMachineUpdater (StateMachineUpdater.java:stopAndJoin(149)) - ac07a033-1369-46a0-bf0a-a588a91eea94@group-D4A461EBA57E-StateMachineUpdater: set stopIndex = -1
2021-04-24 02:06:07,257 [ac07a033-1369-46a0-bf0a-a588a91eea94@group-D4A461EBA57E-FollowerState] INFO  impl.FollowerState (FollowerState.java:run(143)) - ac07a033-1369-46a0-bf0a-a588a91eea94@group-D4A461EBA57E-FollowerState was interrupted: {}
java.lang.InterruptedException: sleep interrupted
	at java.lang.Thread.sleep(Native Method)
	at java.lang.Thread.sleep(Thread.java:340)
	at java.util.concurrent.TimeUnit.sleep(TimeUnit.java:386)
	at org.apache.ratis.util.TimeDuration.sleep(TimeDuration.java:324)
	at org.apache.ratis.util.TimeDuration.sleep(TimeDuration.java:309)
	at org.apache.ratis.server.impl.FollowerState.run(FollowerState.java:118)
2021-04-24 02:06:07,257 [ac07a033-1369-46a0-bf0a-a588a91eea94@group-D4A461EBA57E-StateMachineUpdater] INFO  metrics.RatisMetrics (RatisMetrics.java:unregister(43)) - Unregistering Metrics Registry : ratis.state_machine.ac07a033-1369-46a0-bf0a-a588a91eea94@group-D4A461EBA57E
2021-04-24 02:06:07,257 [ForkJoinPool.commonPool-worker-1] INFO  server.RaftServer$Division (ServerState.java:close(405)) - ac07a033-1369-46a0-bf0a-a588a91eea94@group-D4A461EBA57E: closes. applyIndex: -1
2021-04-24 02:06:07,257 [ac07a033-1369-46a0-bf0a-a588a91eea94@group-D4A461EBA57E-SegmentedRaftLogWorker] INFO  segmented.SegmentedRaftLogWorker (SegmentedRaftLogWorker.java:run(327)) - ac07a033-1369-46a0-bf0a-a588a91eea94@group-D4A461EBA57E-SegmentedRaftLogWorker was interrupted, exiting. There are 0 tasks remaining in the queue.
2021-04-24 02:06:07,257 [ForkJoinPool.commonPool-worker-1] INFO  segmented.SegmentedRaftLogWorker (SegmentedRaftLogWorker.java:close(237)) - ac07a033-1369-46a0-bf0a-a588a91eea94@group-D4A461EBA57E-SegmentedRaftLogWorker close()
2021-04-24 02:06:07,264 [Listener at 127.0.0.1/41437] INFO  metrics.RatisMetrics (RatisMetrics.java:unregister(43)) - Unregistering Metrics Registry : ratis.log_worker.506e7d51-44ea-40e0-a2b0-e730f7a28201@group-63CE5ECE61CE
2021-04-24 02:06:07,264 [Listener at 127.0.0.1/41437] INFO  metrics.RatisMetrics (RatisMetrics.java:unregister(43)) - Unregistering Metrics Registry : ratis.leader_election.506e7d51-44ea-40e0-a2b0-e730f7a28201@group-63CE5ECE61CE
2021-04-24 02:06:07,264 [Listener at 127.0.0.1/41437] INFO  metrics.RatisMetrics (RatisMetrics.java:unregister(43)) - Unregistering Metrics Registry : ratis.server.506e7d51-44ea-40e0-a2b0-e730f7a28201@group-63CE5ECE61CE
2021-04-24 02:06:07,265 [Listener at 127.0.0.1/41437] INFO  server.RaftServer$Division (RaftServerImpl.java:lambda$close$4(406)) - 506e7d51-44ea-40e0-a2b0-e730f7a28201@group-6CD9A778BAE0: shutdown
2021-04-24 02:06:07,265 [Listener at 127.0.0.1/41437] INFO  util.JmxRegister (JmxRegister.java:unregister(73)) - Successfully un-registered JMX Bean with object name Ratis:service=RaftServer,group=group-6CD9A778BAE0,id=506e7d51-44ea-40e0-a2b0-e730f7a28201
2021-04-24 02:06:07,265 [Listener at 127.0.0.1/41437] INFO  impl.RoleInfo (RoleInfo.java:shutdownLeaderState(91)) - 506e7d51-44ea-40e0-a2b0-e730f7a28201: shutdown 506e7d51-44ea-40e0-a2b0-e730f7a28201@group-6CD9A778BAE0-LeaderStateImpl
2021-04-24 02:06:07,265 [Listener at 127.0.0.1/41437] INFO  impl.PendingRequests (PendingRequests.java:sendNotLeaderResponses(249)) - 506e7d51-44ea-40e0-a2b0-e730f7a28201@group-6CD9A778BAE0-PendingRequests: sendNotLeaderResponses
2021-04-24 02:06:07,265 [Listener at 127.0.0.1/41437] INFO  metrics.RatisMetrics (RatisMetrics.java:unregister(43)) - Unregistering Metrics Registry : ratis.log_appender.506e7d51-44ea-40e0-a2b0-e730f7a28201@group-6CD9A778BAE0
2021-04-24 02:06:07,265 [Listener at 127.0.0.1/41437] INFO  metrics.RatisMetrics (RatisMetrics.java:unregister(43)) - Unregistering Metrics Registry : ratis.server.506e7d51-44ea-40e0-a2b0-e730f7a28201@group-6CD9A778BAE0
2021-04-24 02:06:07,266 [Listener at 127.0.0.1/41437] INFO  impl.StateMachineUpdater (StateMachineUpdater.java:stopAndJoin(149)) - 506e7d51-44ea-40e0-a2b0-e730f7a28201@group-6CD9A778BAE0-StateMachineUpdater: set stopIndex = 0
2021-04-24 02:06:07,267 [506e7d51-44ea-40e0-a2b0-e730f7a28201@group-6CD9A778BAE0-StateMachineUpdater] INFO  ratis.ContainerStateMachine (ContainerStateMachine.java:takeSnapshot(292)) - group-6CD9A778BAE0: Taking a snapshot at:(t:1, i:0) file /github/workspace/mnt/ozone/hadoop-ozone/integration-test/target/test-dir/MiniOzoneClusterImpl-6998a6cc-0dbe-4d56-81dc-8335dc1dcef2/datanode-3/data/ratis/c0351466-82f6-4192-bd48-6cd9a778bae0/sm/snapshot.1_0
2021-04-24 02:06:07,268 [506e7d51-44ea-40e0-a2b0-e730f7a28201@group-6CD9A778BAE0-StateMachineUpdater] INFO  ratis.ContainerStateMachine (ContainerStateMachine.java:takeSnapshot(303)) - group-6CD9A778BAE0: Finished taking a snapshot at:(t:1, i:0) file:/github/workspace/mnt/ozone/hadoop-ozone/integration-test/target/test-dir/MiniOzoneClusterImpl-6998a6cc-0dbe-4d56-81dc-8335dc1dcef2/datanode-3/data/ratis/c0351466-82f6-4192-bd48-6cd9a778bae0/sm/snapshot.1_0 took: 1 ms
2021-04-24 02:06:07,268 [506e7d51-44ea-40e0-a2b0-e730f7a28201@group-6CD9A778BAE0-StateMachineUpdater] INFO  impl.StateMachineUpdater (StateMachineUpdater.java:takeSnapshot(281)) - 506e7d51-44ea-40e0-a2b0-e730f7a28201@group-6CD9A778BAE0-StateMachineUpdater: Took a snapshot at index 0
2021-04-24 02:06:07,268 [506e7d51-44ea-40e0-a2b0-e730f7a28201@group-6CD9A778BAE0-StateMachineUpdater] INFO  impl.StateMachineUpdater (StateMachineUpdater.java:lambda$new$0(89)) - 506e7d51-44ea-40e0-a2b0-e730f7a28201@group-6CD9A778BAE0-StateMachineUpdater: snapshotIndex: updateIncreasingly -1 -> 0
2021-04-24 02:06:07,268 [506e7d51-44ea-40e0-a2b0-e730f7a28201@group-6CD9A778BAE0-StateMachineUpdater] INFO  metrics.RatisMetrics (RatisMetrics.java:unregister(43)) - Unregistering Metrics Registry : ratis.state_machine.506e7d51-44ea-40e0-a2b0-e730f7a28201@group-6CD9A778BAE0
2021-04-24 02:06:07,268 [Listener at 127.0.0.1/41437] INFO  server.RaftServer$Division (ServerState.java:close(405)) - 506e7d51-44ea-40e0-a2b0-e730f7a28201@group-6CD9A778BAE0: closes. applyIndex: 0
2021-04-24 02:06:07,268 [ForkJoinPool.commonPool-worker-1] INFO  metrics.RatisMetrics (RatisMetrics.java:unregister(43)) - Unregistering Metrics Registry : ratis.log_worker.ac07a033-1369-46a0-bf0a-a588a91eea94@group-D4A461EBA57E
2021-04-24 02:06:07,269 [ForkJoinPool.commonPool-worker-1] INFO  metrics.RatisMetrics (RatisMetrics.java:unregister(43)) - Unregistering Metrics Registry : ratis.leader_election.ac07a033-1369-46a0-bf0a-a588a91eea94@group-D4A461EBA57E
2021-04-24 02:06:07,269 [ForkJoinPool.commonPool-worker-1] INFO  metrics.RatisMetrics (RatisMetrics.java:unregister(43)) - Unregistering Metrics Registry : ratis.server.ac07a033-1369-46a0-bf0a-a588a91eea94@group-D4A461EBA57E
2021-04-24 02:06:07,269 [ForkJoinPool.commonPool-worker-1] INFO  server.RaftServer$Division (RaftServerImpl.java:lambda$close$4(406)) - ac07a033-1369-46a0-bf0a-a588a91eea94@group-3EC95D05B866: shutdown
2021-04-24 02:06:07,269 [ForkJoinPool.commonPool-worker-1] INFO  util.JmxRegister (JmxRegister.java:unregister(73)) - Successfully un-registered JMX Bean with object name Ratis:service=RaftServer,group=group-3EC95D05B866,id=ac07a033-1369-46a0-bf0a-a588a91eea94
2021-04-24 02:06:07,269 [ForkJoinPool.commonPool-worker-1] INFO  impl.RoleInfo (RoleInfo.java:shutdownFollowerState(108)) - ac07a033-1369-46a0-bf0a-a588a91eea94: shutdown ac07a033-1369-46a0-bf0a-a588a91eea94@group-3EC95D05B866-FollowerState
2021-04-24 02:06:07,269 [ForkJoinPool.commonPool-worker-1] INFO  impl.StateMachineUpdater (StateMachineUpdater.java:stopAndJoin(149)) - ac07a033-1369-46a0-bf0a-a588a91eea94@group-3EC95D05B866-StateMachineUpdater: set stopIndex = 0
2021-04-24 02:06:07,269 [ac07a033-1369-46a0-bf0a-a588a91eea94@group-3EC95D05B866-FollowerState] INFO  impl.FollowerState (FollowerState.java:run(143)) - ac07a033-1369-46a0-bf0a-a588a91eea94@group-3EC95D05B866-FollowerState was interrupted: {}
java.lang.InterruptedException: sleep interrupted
	at java.lang.Thread.sleep(Native Method)
	at java.lang.Thread.sleep(Thread.java:340)
	at java.util.concurrent.TimeUnit.sleep(TimeUnit.java:386)
	at org.apache.ratis.util.TimeDuration.sleep(TimeDuration.java:324)
	at org.apache.ratis.util.TimeDuration.sleep(TimeDuration.java:309)
	at org.apache.ratis.server.impl.FollowerState.run(FollowerState.java:118)
2021-04-24 02:06:07,269 [ac07a033-1369-46a0-bf0a-a588a91eea94@group-3EC95D05B866-StateMachineUpdater] INFO  ratis.ContainerStateMachine (ContainerStateMachine.java:takeSnapshot(292)) - group-3EC95D05B866: Taking a snapshot at:(t:3, i:0) file /github/workspace/mnt/ozone/hadoop-ozone/integration-test/target/test-dir/MiniOzoneClusterImpl-6998a6cc-0dbe-4d56-81dc-8335dc1dcef2/datanode-2/data/ratis/719f748f-ff1a-4531-87e9-3ec95d05b866/sm/snapshot.3_0
2021-04-24 02:06:07,269 [506e7d51-44ea-40e0-a2b0-e730f7a28201@group-6CD9A778BAE0-SegmentedRaftLogWorker] INFO  segmented.SegmentedRaftLogWorker (SegmentedRaftLogWorker.java:run(327)) - 506e7d51-44ea-40e0-a2b0-e730f7a28201@group-6CD9A778BAE0-SegmentedRaftLogWorker was interrupted, exiting. There are 0 tasks remaining in the queue.
2021-04-24 02:06:07,270 [Listener at 127.0.0.1/41437] INFO  segmented.SegmentedRaftLogWorker (SegmentedRaftLogWorker.java:close(237)) - 506e7d51-44ea-40e0-a2b0-e730f7a28201@group-6CD9A778BAE0-SegmentedRaftLogWorker close()
2021-04-24 02:06:07,270 [ac07a033-1369-46a0-bf0a-a588a91eea94@group-3EC95D05B866-StateMachineUpdater] INFO  ratis.ContainerStateMachine (ContainerStateMachine.java:takeSnapshot(303)) - group-3EC95D05B866: Finished taking a snapshot at:(t:3, i:0) file:/github/workspace/mnt/ozone/hadoop-ozone/integration-test/target/test-dir/MiniOzoneClusterImpl-6998a6cc-0dbe-4d56-81dc-8335dc1dcef2/datanode-2/data/ratis/719f748f-ff1a-4531-87e9-3ec95d05b866/sm/snapshot.3_0 took: 1 ms
2021-04-24 02:06:07,270 [ac07a033-1369-46a0-bf0a-a588a91eea94@group-3EC95D05B866-StateMachineUpdater] INFO  impl.StateMachineUpdater (StateMachineUpdater.java:takeSnapshot(281)) - ac07a033-1369-46a0-bf0a-a588a91eea94@group-3EC95D05B866-StateMachineUpdater: Took a snapshot at index 0
2021-04-24 02:06:07,270 [ac07a033-1369-46a0-bf0a-a588a91eea94@group-3EC95D05B866-StateMachineUpdater] INFO  impl.StateMachineUpdater (StateMachineUpdater.java:lambda$new$0(89)) - ac07a033-1369-46a0-bf0a-a588a91eea94@group-3EC95D05B866-StateMachineUpdater: snapshotIndex: updateIncreasingly -1 -> 0
2021-04-24 02:06:07,271 [ac07a033-1369-46a0-bf0a-a588a91eea94@group-3EC95D05B866-StateMachineUpdater] INFO  metrics.RatisMetrics (RatisMetrics.java:unregister(43)) - Unregistering Metrics Registry : ratis.state_machine.ac07a033-1369-46a0-bf0a-a588a91eea94@group-3EC95D05B866
2021-04-24 02:06:07,271 [ForkJoinPool.commonPool-worker-1] INFO  server.RaftServer$Division (ServerState.java:close(405)) - ac07a033-1369-46a0-bf0a-a588a91eea94@group-3EC95D05B866: closes. applyIndex: 0
2021-04-24 02:06:07,271 [ac07a033-1369-46a0-bf0a-a588a91eea94@group-3EC95D05B866-SegmentedRaftLogWorker] INFO  segmented.SegmentedRaftLogWorker (SegmentedRaftLogWorker.java:run(327)) - ac07a033-1369-46a0-bf0a-a588a91eea94@group-3EC95D05B866-SegmentedRaftLogWorker was interrupted, exiting. There are 0 tasks remaining in the queue.
2021-04-24 02:06:07,271 [ForkJoinPool.commonPool-worker-1] INFO  segmented.SegmentedRaftLogWorker (SegmentedRaftLogWorker.java:close(237)) - ac07a033-1369-46a0-bf0a-a588a91eea94@group-3EC95D05B866-SegmentedRaftLogWorker close()
2021-04-24 02:06:07,272 [Listener at 127.0.0.1/41437] INFO  metrics.RatisMetrics (RatisMetrics.java:unregister(43)) - Unregistering Metrics Registry : ratis.log_worker.506e7d51-44ea-40e0-a2b0-e730f7a28201@group-6CD9A778BAE0
2021-04-24 02:06:07,272 [Listener at 127.0.0.1/41437] INFO  metrics.RatisMetrics (RatisMetrics.java:unregister(43)) - Unregistering Metrics Registry : ratis.leader_election.506e7d51-44ea-40e0-a2b0-e730f7a28201@group-6CD9A778BAE0
2021-04-24 02:06:07,272 [Listener at 127.0.0.1/41437] INFO  metrics.RatisMetrics (RatisMetrics.java:unregister(43)) - Unregistering Metrics Registry : ratis.server.506e7d51-44ea-40e0-a2b0-e730f7a28201@group-6CD9A778BAE0
2021-04-24 02:06:07,272 [Listener at 127.0.0.1/41437] INFO  server.GrpcService (GrpcService.java:closeImpl(262)) - 506e7d51-44ea-40e0-a2b0-e730f7a28201: shutdown server with port 37821 now
2021-04-24 02:06:07,272 [ForkJoinPool.commonPool-worker-1] INFO  metrics.RatisMetrics (RatisMetrics.java:unregister(43)) - Unregistering Metrics Registry : ratis.log_worker.ac07a033-1369-46a0-bf0a-a588a91eea94@group-3EC95D05B866
2021-04-24 02:06:07,273 [ForkJoinPool.commonPool-worker-1] INFO  metrics.RatisMetrics (RatisMetrics.java:unregister(43)) - Unregistering Metrics Registry : ratis.leader_election.ac07a033-1369-46a0-bf0a-a588a91eea94@group-3EC95D05B866
2021-04-24 02:06:07,273 [ForkJoinPool.commonPool-worker-1] INFO  metrics.RatisMetrics (RatisMetrics.java:unregister(43)) - Unregistering Metrics Registry : ratis.server.ac07a033-1369-46a0-bf0a-a588a91eea94@group-3EC95D05B866
2021-04-24 02:06:07,273 [ForkJoinPool.commonPool-worker-1] INFO  server.GrpcService (GrpcService.java:closeImpl(262)) - ac07a033-1369-46a0-bf0a-a588a91eea94: shutdown server with port 33531 now
2021-04-24 02:06:07,274 [grpc-default-executor-1] WARN  server.GrpcServerProtocolService (LogUtils.java:warn(122)) - ac07a033-1369-46a0-bf0a-a588a91eea94: installSnapshot onError, lastRequest: 684cf295-c17c-4893-9e72-2df5b9d8a511->ac07a033-1369-46a0-bf0a-a588a91eea94#1-t3,previous=(t:0, i:0),leaderCommit=-1,initializing? true,entries: size=1, first=(t:3, i:0), CONFIGURATIONENTRY: org.apache.ratis.thirdparty.io.grpc.StatusRuntimeException: CANCELLED: client cancelled
2021-04-24 02:06:07,274 [grpc-default-executor-0] WARN  server.GrpcLogAppender (LogUtils.java:warn(122)) - 684cf295-c17c-4893-9e72-2df5b9d8a511@group-3EC95D05B866->ac07a033-1369-46a0-bf0a-a588a91eea94-AppendLogResponseHandler: Failed appendEntries: org.apache.ratis.thirdparty.io.grpc.StatusRuntimeException: CANCELLED: HTTP/2 error code: CANCEL
Received Rst Stream
2021-04-24 02:06:07,274 [grpc-default-executor-0] WARN  server.GrpcLogAppender (GrpcLogAppender.java:resetClient(111)) - 684cf295-c17c-4893-9e72-2df5b9d8a511@group-3EC95D05B866->ac07a033-1369-46a0-bf0a-a588a91eea94-GrpcLogAppender: Leader has not got in touch with Follower 684cf295-c17c-4893-9e72-2df5b9d8a511@group-3EC95D05B866->ac07a033-1369-46a0-bf0a-a588a91eea94(c0,m0,n1, attendVote=true, lastRpcSendTime=2125, lastRpcResponseTime=2116) yet, just keep nextIndex unchanged and retry.
2021-04-24 02:06:07,276 [ForkJoinPool.commonPool-worker-1] INFO  server.GrpcService (GrpcService.java:closeImpl(271)) - ac07a033-1369-46a0-bf0a-a588a91eea94: shutdown server with port 33531 successfully
2021-04-24 02:06:07,276 [org.apache.ratis.util.JvmPauseMonitor$$Lambda$504/1072999122@ee2b9fb] INFO  util.JvmPauseMonitor (JvmPauseMonitor.java:run(109)) - JvmPauseMonitor-ac07a033-1369-46a0-bf0a-a588a91eea94: Stopped
2021-04-24 02:06:07,279 [grpc-default-executor-2] WARN  server.GrpcLogAppender (LogUtils.java:warn(122)) - e13d3dfe-a7aa-4e77-932b-4a03cf9a588d@group-63CE5ECE61CE->506e7d51-44ea-40e0-a2b0-e730f7a28201-AppendLogResponseHandler: Failed appendEntries: org.apache.ratis.thirdparty.io.grpc.StatusRuntimeException: CANCELLED: HTTP/2 error code: CANCEL
Received Rst Stream
2021-04-24 02:06:07,279 [grpc-default-executor-2] WARN  server.GrpcLogAppender (GrpcLogAppender.java:resetClient(111)) - e13d3dfe-a7aa-4e77-932b-4a03cf9a588d@group-63CE5ECE61CE->506e7d51-44ea-40e0-a2b0-e730f7a28201-GrpcLogAppender: Leader has not got in touch with Follower e13d3dfe-a7aa-4e77-932b-4a03cf9a588d@group-63CE5ECE61CE->506e7d51-44ea-40e0-a2b0-e730f7a28201(c0,m0,n1, attendVote=true, lastRpcSendTime=2031, lastRpcResponseTime=2022) yet, just keep nextIndex unchanged and retry.
2021-04-24 02:06:07,283 [grpc-default-executor-0] WARN  server.GrpcServerProtocolService (LogUtils.java:warn(122)) - 506e7d51-44ea-40e0-a2b0-e730f7a28201: installSnapshot onError, lastRequest: e13d3dfe-a7aa-4e77-932b-4a03cf9a588d->506e7d51-44ea-40e0-a2b0-e730f7a28201#1-t1,previous=(t:0, i:0),leaderCommit=0,initializing? true,entries: size=1, first=(t:1, i:0), CONFIGURATIONENTRY: org.apache.ratis.thirdparty.io.grpc.StatusRuntimeException: CANCELLED: client cancelled
2021-04-24 02:06:07,299 [ForkJoinPool.commonPool-worker-1] INFO  utils.BackgroundService (BackgroundService.java:shutdown(132)) - Shutting down service BlockDeletingService
2021-04-24 02:06:07,304 [Listener at 127.0.0.1/41437] INFO  server.GrpcService (GrpcService.java:closeImpl(271)) - 506e7d51-44ea-40e0-a2b0-e730f7a28201: shutdown server with port 37821 successfully
2021-04-24 02:06:07,305 [org.apache.ratis.util.JvmPauseMonitor$$Lambda$504/1072999122@77201db1] INFO  util.JvmPauseMonitor (JvmPauseMonitor.java:run(109)) - JvmPauseMonitor-506e7d51-44ea-40e0-a2b0-e730f7a28201: Stopped
2021-04-24 02:06:07,306 [Listener at 127.0.0.1/41437] INFO  utils.BackgroundService (BackgroundService.java:shutdown(132)) - Shutting down service BlockDeletingService
2021-04-24 02:06:07,307 [ForkJoinPool.commonPool-worker-1] INFO  statemachine.DatanodeStateMachine (DatanodeStateMachine.java:stopDaemon(469)) - Ozone container server stopped.
2021-04-24 02:06:07,375 [Listener at 127.0.0.1/41437] INFO  statemachine.DatanodeStateMachine (DatanodeStateMachine.java:stopDaemon(469)) - Ozone container server stopped.
2021-04-24 02:06:07,402 [ForkJoinPool.commonPool-worker-1] INFO  handler.ContextHandler (ContextHandler.java:doStop(1154)) - Stopped o.e.j.w.WebAppContext@7743c40f{hddsDatanode,/,null,STOPPED}{jar:file:/home/user/.m2/repository/org/apache/hadoop/hadoop-hdds-container-service/1.2.0-SNAPSHOT/hadoop-hdds-container-service-1.2.0-SNAPSHOT.jar!/webapps/hddsDatanode}
2021-04-24 02:06:07,403 [ForkJoinPool.commonPool-worker-1] INFO  server.AbstractConnector (AbstractConnector.java:doStop(381)) - Stopped ServerConnector@31d3a876{HTTP/1.1, (http/1.1)}{0.0.0.0:0}
2021-04-24 02:06:07,403 [ForkJoinPool.commonPool-worker-1] INFO  server.session (HouseKeeper.java:stopScavenging(149)) - node0 Stopped scavenging
2021-04-24 02:06:07,408 [ForkJoinPool.commonPool-worker-1] INFO  handler.ContextHandler (ContextHandler.java:doStop(1154)) - Stopped o.e.j.s.ServletContextHandler@2f1f782c{static,/static,jar:file:/home/user/.m2/repository/org/apache/hadoop/hadoop-hdds-container-service/1.2.0-SNAPSHOT/hadoop-hdds-container-service-1.2.0-SNAPSHOT.jar!/webapps/static,STOPPED}
2021-04-24 02:06:07,410 [ForkJoinPool.commonPool-worker-1] INFO  handler.ContextHandler (ContextHandler.java:doStop(1154)) - Stopped o.e.j.s.ServletContextHandler@424a6e0b{logs,/logs,file:///github/workspace/mnt/ozone/hadoop-ozone/integration-test/target/log,STOPPED}
2021-04-24 02:06:07,415 [Listener at 127.0.0.1/41437] INFO  handler.ContextHandler (ContextHandler.java:doStop(1154)) - Stopped o.e.j.w.WebAppContext@268032ec{hddsDatanode,/,null,STOPPED}{jar:file:/home/user/.m2/repository/org/apache/hadoop/hadoop-hdds-container-service/1.2.0-SNAPSHOT/hadoop-hdds-container-service-1.2.0-SNAPSHOT.jar!/webapps/hddsDatanode}
2021-04-24 02:06:07,416 [Listener at 127.0.0.1/41437] INFO  server.AbstractConnector (AbstractConnector.java:doStop(381)) - Stopped ServerConnector@499881f0{HTTP/1.1, (http/1.1)}{0.0.0.0:0}
2021-04-24 02:06:07,427 [Listener at 127.0.0.1/41437] INFO  server.session (HouseKeeper.java:stopScavenging(149)) - node0 Stopped scavenging
2021-04-24 02:06:07,427 [Listener at 127.0.0.1/41437] INFO  handler.ContextHandler (ContextHandler.java:doStop(1154)) - Stopped o.e.j.s.ServletContextHandler@5896c2bc{static,/static,jar:file:/home/user/.m2/repository/org/apache/hadoop/hadoop-hdds-container-service/1.2.0-SNAPSHOT/hadoop-hdds-container-service-1.2.0-SNAPSHOT.jar!/webapps/static,STOPPED}
2021-04-24 02:06:07,428 [Listener at 127.0.0.1/41437] INFO  handler.ContextHandler (ContextHandler.java:doStop(1154)) - Stopped o.e.j.s.ServletContextHandler@59c1d68b{logs,/logs,file:///github/workspace/mnt/ozone/hadoop-ozone/integration-test/target/log,STOPPED}
2021-04-24 02:06:07,640 [grpc-default-executor-0] WARN  server.GrpcLogAppender (LogUtils.java:warn(122)) - 684cf295-c17c-4893-9e72-2df5b9d8a511@group-3EC95D05B866->ca92c278-c157-4e01-bd13-e6ca8f055b98-AppendLogResponseHandler: Failed appendEntries: org.apache.ratis.thirdparty.io.grpc.StatusRuntimeException: UNAVAILABLE: io exception
2021-04-24 02:06:07,640 [grpc-default-executor-0] WARN  server.GrpcLogAppender (GrpcLogAppender.java:resetClient(111)) - 684cf295-c17c-4893-9e72-2df5b9d8a511@group-3EC95D05B866->ca92c278-c157-4e01-bd13-e6ca8f055b98-GrpcLogAppender: Leader has not got in touch with Follower 684cf295-c17c-4893-9e72-2df5b9d8a511@group-3EC95D05B866->ca92c278-c157-4e01-bd13-e6ca8f055b98(c0,m0,n1, attendVote=true, lastRpcSendTime=0, lastRpcResponseTime=7513) yet, just keep nextIndex unchanged and retry.
2021-04-24 02:06:07,647 [Datanode State Machine Thread - 0] INFO  statemachine.DatanodeStateMachine (DatanodeStateMachine.java:lambda$startDaemon$0(411)) - Ozone container server started.
2021-04-24 02:06:07,672 [grpc-default-executor-0] WARN  server.GrpcLogAppender (LogUtils.java:warn(122)) - 684cf295-c17c-4893-9e72-2df5b9d8a511@group-3EC95D05B866->ac07a033-1369-46a0-bf0a-a588a91eea94-AppendLogResponseHandler: Failed appendEntries: org.apache.ratis.thirdparty.io.grpc.StatusRuntimeException: UNAVAILABLE: io exception
2021-04-24 02:06:07,672 [grpc-default-executor-0] WARN  server.GrpcLogAppender (GrpcLogAppender.java:resetClient(111)) - 684cf295-c17c-4893-9e72-2df5b9d8a511@group-3EC95D05B866->ac07a033-1369-46a0-bf0a-a588a91eea94-GrpcLogAppender: Leader has not got in touch with Follower 684cf295-c17c-4893-9e72-2df5b9d8a511@group-3EC95D05B866->ac07a033-1369-46a0-bf0a-a588a91eea94(c0,m0,n1, attendVote=true, lastRpcSendTime=0, lastRpcResponseTime=2514) yet, just keep nextIndex unchanged and retry.
2021-04-24 02:06:07,759 [grpc-default-executor-0] WARN  server.GrpcLogAppender (LogUtils.java:warn(122)) - e13d3dfe-a7aa-4e77-932b-4a03cf9a588d@group-63CE5ECE61CE->686a54b3-507b-4dc5-8065-04c582627b70-AppendLogResponseHandler: Failed appendEntries: org.apache.ratis.thirdparty.io.grpc.StatusRuntimeException: UNAVAILABLE: io exception
2021-04-24 02:06:07,760 [grpc-default-executor-0] WARN  server.GrpcLogAppender (GrpcLogAppender.java:resetClient(111)) - e13d3dfe-a7aa-4e77-932b-4a03cf9a588d@group-63CE5ECE61CE->686a54b3-507b-4dc5-8065-04c582627b70-GrpcLogAppender: Leader has not got in touch with Follower e13d3dfe-a7aa-4e77-932b-4a03cf9a588d@group-63CE5ECE61CE->686a54b3-507b-4dc5-8065-04c582627b70(c0,m0,n1, attendVote=true, lastRpcSendTime=0, lastRpcResponseTime=7516) yet, just keep nextIndex unchanged and retry.
2021-04-24 02:06:07,771 [grpc-default-executor-0] WARN  server.GrpcLogAppender (LogUtils.java:warn(122)) - e13d3dfe-a7aa-4e77-932b-4a03cf9a588d@group-63CE5ECE61CE->506e7d51-44ea-40e0-a2b0-e730f7a28201-AppendLogResponseHandler: Failed appendEntries: org.apache.ratis.thirdparty.io.grpc.StatusRuntimeException: UNAVAILABLE: io exception
2021-04-24 02:06:07,772 [grpc-default-executor-0] WARN  server.GrpcLogAppender (GrpcLogAppender.java:resetClient(111)) - e13d3dfe-a7aa-4e77-932b-4a03cf9a588d@group-63CE5ECE61CE->506e7d51-44ea-40e0-a2b0-e730f7a28201-GrpcLogAppender: Leader has not got in touch with Follower e13d3dfe-a7aa-4e77-932b-4a03cf9a588d@group-63CE5ECE61CE->506e7d51-44ea-40e0-a2b0-e730f7a28201(c0,m0,n1, attendVote=true, lastRpcSendTime=2524, lastRpcResponseTime=2515) yet, just keep nextIndex unchanged and retry.
2021-04-24 02:06:08,084 [Datanode State Machine Thread - 0] INFO  statemachine.DatanodeStateMachine (DatanodeStateMachine.java:lambda$startDaemon$0(411)) - Ozone container server started.
2021-04-24 02:06:09,664 [684cf295-c17c-4893-9e72-2df5b9d8a511@group-D4A461EBA57E-FollowerState] INFO  impl.FollowerState (FollowerState.java:run(134)) - 684cf295-c17c-4893-9e72-2df5b9d8a511@group-D4A461EBA57E-FollowerState: change to CANDIDATE, lastRpcElapsedTime:5173693991ns, electionTimeout:5171ms
2021-04-24 02:06:09,664 [684cf295-c17c-4893-9e72-2df5b9d8a511@group-D4A461EBA57E-FollowerState] INFO  impl.RoleInfo (RoleInfo.java:shutdownFollowerState(108)) - 684cf295-c17c-4893-9e72-2df5b9d8a511: shutdown 684cf295-c17c-4893-9e72-2df5b9d8a511@group-D4A461EBA57E-FollowerState
2021-04-24 02:06:09,664 [684cf295-c17c-4893-9e72-2df5b9d8a511@group-D4A461EBA57E-FollowerState] INFO  server.RaftServer$Division (RaftServerImpl.java:setRole(284)) - 684cf295-c17c-4893-9e72-2df5b9d8a511@group-D4A461EBA57E: changes role from  FOLLOWER to CANDIDATE at term 5 for changeToCandidate
2021-04-24 02:06:09,665 [684cf295-c17c-4893-9e72-2df5b9d8a511@group-D4A461EBA57E-FollowerState] INFO  server.RaftServerConfigKeys (ConfUtils.java:logGet(44)) - raft.server.leaderelection.pre-vote = false (custom)
2021-04-24 02:06:09,665 [684cf295-c17c-4893-9e72-2df5b9d8a511@group-D4A461EBA57E-FollowerState] INFO  impl.RoleInfo (RoleInfo.java:updateAndGet(130)) - 684cf295-c17c-4893-9e72-2df5b9d8a511: start 684cf295-c17c-4893-9e72-2df5b9d8a511@group-D4A461EBA57E-LeaderElection26
2021-04-24 02:06:09,672 [684cf295-c17c-4893-9e72-2df5b9d8a511@group-D4A461EBA57E-LeaderElection26] INFO  impl.LeaderElection (LeaderElection.java:askForVotes(306)) - 684cf295-c17c-4893-9e72-2df5b9d8a511@group-D4A461EBA57E-LeaderElection26 ELECTION round 0: submit vote requests at term 6 for -1: [ac07a033-1369-46a0-bf0a-a588a91eea94|rpc:172.17.0.2:33531|priority:1, ca92c278-c157-4e01-bd13-e6ca8f055b98|rpc:172.17.0.2:33657|priority:0, 684cf295-c17c-4893-9e72-2df5b9d8a511|rpc:172.17.0.2:38843|priority:0], old=null
2021-04-24 02:06:09,699 [684cf295-c17c-4893-9e72-2df5b9d8a511@group-D4A461EBA57E-LeaderElection26] INFO  impl.LeaderElection (LogUtils.java:infoOrTrace(137)) - 684cf295-c17c-4893-9e72-2df5b9d8a511@group-D4A461EBA57E-LeaderElection26 got exception when requesting votes: java.util.concurrent.ExecutionException: org.apache.ratis.thirdparty.io.grpc.StatusRuntimeException: UNAVAILABLE: io exception
2021-04-24 02:06:09,699 [684cf295-c17c-4893-9e72-2df5b9d8a511@group-D4A461EBA57E-LeaderElection26] INFO  impl.LeaderElection (LogUtils.java:infoOrTrace(137)) - 684cf295-c17c-4893-9e72-2df5b9d8a511@group-D4A461EBA57E-LeaderElection26 got exception when requesting votes: java.util.concurrent.ExecutionException: org.apache.ratis.thirdparty.io.grpc.StatusRuntimeException: UNAVAILABLE: io exception
2021-04-24 02:06:09,699 [684cf295-c17c-4893-9e72-2df5b9d8a511@group-D4A461EBA57E-LeaderElection26] INFO  impl.LeaderElection (LeaderElection.java:logAndReturn(89)) - 684cf295-c17c-4893-9e72-2df5b9d8a511@group-D4A461EBA57E-LeaderElection26: ELECTION REJECTED received 0 response(s) and 2 exception(s):
2021-04-24 02:06:09,699 [684cf295-c17c-4893-9e72-2df5b9d8a511@group-D4A461EBA57E-LeaderElection26] INFO  impl.LeaderElection (LogUtils.java:infoOrTrace(137)) -   Exception 0: java.util.concurrent.ExecutionException: org.apache.ratis.thirdparty.io.grpc.StatusRuntimeException: UNAVAILABLE: io exception
2021-04-24 02:06:09,699 [684cf295-c17c-4893-9e72-2df5b9d8a511@group-D4A461EBA57E-LeaderElection26] INFO  impl.LeaderElection (LogUtils.java:infoOrTrace(137)) -   Exception 1: java.util.concurrent.ExecutionException: org.apache.ratis.thirdparty.io.grpc.StatusRuntimeException: UNAVAILABLE: io exception
2021-04-24 02:06:09,699 [684cf295-c17c-4893-9e72-2df5b9d8a511@group-D4A461EBA57E-LeaderElection26] INFO  impl.LeaderElection (LeaderElection.java:askForVotes(308)) - 684cf295-c17c-4893-9e72-2df5b9d8a511@group-D4A461EBA57E-LeaderElection26 ELECTION round 0: result REJECTED
2021-04-24 02:06:09,699 [684cf295-c17c-4893-9e72-2df5b9d8a511@group-D4A461EBA57E-LeaderElection26] INFO  server.RaftServer$Division (RaftServerImpl.java:setRole(284)) - 684cf295-c17c-4893-9e72-2df5b9d8a511@group-D4A461EBA57E: changes role from CANDIDATE to FOLLOWER at term 6 for REJECTED
2021-04-24 02:06:09,700 [684cf295-c17c-4893-9e72-2df5b9d8a511@group-D4A461EBA57E-LeaderElection26] INFO  impl.RoleInfo (RoleInfo.java:shutdownLeaderElection(121)) - 684cf295-c17c-4893-9e72-2df5b9d8a511: shutdown 684cf295-c17c-4893-9e72-2df5b9d8a511@group-D4A461EBA57E-LeaderElection26
2021-04-24 02:06:09,700 [684cf295-c17c-4893-9e72-2df5b9d8a511@group-D4A461EBA57E-LeaderElection26] INFO  impl.RoleInfo (RoleInfo.java:updateAndGet(130)) - 684cf295-c17c-4893-9e72-2df5b9d8a511: start 684cf295-c17c-4893-9e72-2df5b9d8a511@group-D4A461EBA57E-FollowerState
2021-04-24 02:06:10,140 [grpc-default-executor-0] WARN  server.GrpcLogAppender (LogUtils.java:warn(122)) - 684cf295-c17c-4893-9e72-2df5b9d8a511@group-3EC95D05B866->ca92c278-c157-4e01-bd13-e6ca8f055b98-AppendLogResponseHandler: Failed appendEntries: org.apache.ratis.thirdparty.io.grpc.StatusRuntimeException: UNAVAILABLE: io exception
2021-04-24 02:06:10,141 [grpc-default-executor-0] WARN  server.GrpcLogAppender (GrpcLogAppender.java:resetClient(111)) - 684cf295-c17c-4893-9e72-2df5b9d8a511@group-3EC95D05B866->ca92c278-c157-4e01-bd13-e6ca8f055b98-GrpcLogAppender: Leader has not got in touch with Follower 684cf295-c17c-4893-9e72-2df5b9d8a511@group-3EC95D05B866->ca92c278-c157-4e01-bd13-e6ca8f055b98(c0,m0,n1, attendVote=true, lastRpcSendTime=0, lastRpcResponseTime=10014) yet, just keep nextIndex unchanged and retry.
2021-04-24 02:06:10,179 [grpc-default-executor-0] WARN  server.GrpcLogAppender (LogUtils.java:warn(122)) - 684cf295-c17c-4893-9e72-2df5b9d8a511@group-3EC95D05B866->ac07a033-1369-46a0-bf0a-a588a91eea94-AppendLogResponseHandler: Failed appendEntries: org.apache.ratis.thirdparty.io.grpc.StatusRuntimeException: UNAVAILABLE: io exception
2021-04-24 02:06:10,179 [grpc-default-executor-0] WARN  server.GrpcLogAppender (GrpcLogAppender.java:resetClient(111)) - 684cf295-c17c-4893-9e72-2df5b9d8a511@group-3EC95D05B866->ac07a033-1369-46a0-bf0a-a588a91eea94-GrpcLogAppender: Leader has not got in touch with Follower 684cf295-c17c-4893-9e72-2df5b9d8a511@group-3EC95D05B866->ac07a033-1369-46a0-bf0a-a588a91eea94(c0,m0,n1, attendVote=true, lastRpcSendTime=2507, lastRpcResponseTime=5021) yet, just keep nextIndex unchanged and retry.
2021-04-24 02:06:10,267 [grpc-default-executor-0] WARN  server.GrpcLogAppender (LogUtils.java:warn(122)) - e13d3dfe-a7aa-4e77-932b-4a03cf9a588d@group-63CE5ECE61CE->686a54b3-507b-4dc5-8065-04c582627b70-AppendLogResponseHandler: Failed appendEntries: org.apache.ratis.thirdparty.io.grpc.StatusRuntimeException: UNAVAILABLE: io exception
2021-04-24 02:06:10,268 [grpc-default-executor-0] WARN  server.GrpcLogAppender (GrpcLogAppender.java:resetClient(111)) - e13d3dfe-a7aa-4e77-932b-4a03cf9a588d@group-63CE5ECE61CE->686a54b3-507b-4dc5-8065-04c582627b70-GrpcLogAppender: Leader has not got in touch with Follower e13d3dfe-a7aa-4e77-932b-4a03cf9a588d@group-63CE5ECE61CE->686a54b3-507b-4dc5-8065-04c582627b70(c0,m0,n1, attendVote=true, lastRpcSendTime=2508, lastRpcResponseTime=10023) yet, just keep nextIndex unchanged and retry.
2021-04-24 02:06:10,274 [grpc-default-executor-0] WARN  server.GrpcLogAppender (LogUtils.java:warn(122)) - e13d3dfe-a7aa-4e77-932b-4a03cf9a588d@group-63CE5ECE61CE->506e7d51-44ea-40e0-a2b0-e730f7a28201-AppendLogResponseHandler: Failed appendEntries: org.apache.ratis.thirdparty.io.grpc.StatusRuntimeException: UNAVAILABLE: io exception
2021-04-24 02:06:10,274 [grpc-default-executor-0] WARN  server.GrpcLogAppender (GrpcLogAppender.java:resetClient(111)) - e13d3dfe-a7aa-4e77-932b-4a03cf9a588d@group-63CE5ECE61CE->506e7d51-44ea-40e0-a2b0-e730f7a28201-GrpcLogAppender: Leader has not got in touch with Follower e13d3dfe-a7aa-4e77-932b-4a03cf9a588d@group-63CE5ECE61CE->506e7d51-44ea-40e0-a2b0-e730f7a28201(c0,m0,n1, attendVote=true, lastRpcSendTime=0, lastRpcResponseTime=5018) yet, just keep nextIndex unchanged and retry.
2021-04-24 02:06:10,700 [684cf295-c17c-4893-9e72-2df5b9d8a511@group-3EC95D05B866-LeaderStateImpl] WARN  server.RaftServer$Division (LeaderStateImpl.java:checkLeadership(944)) - 684cf295-c17c-4893-9e72-2df5b9d8a511@group-3EC95D05B866-LeaderStateImpl: Lost leadership on term: 3. Election timeout: 5200ms. In charge for: 15617ms. Conf: 0: [ac07a033-1369-46a0-bf0a-a588a91eea94|rpc:172.17.0.2:33531|dataStream:|priority:0, ca92c278-c157-4e01-bd13-e6ca8f055b98|rpc:172.17.0.2:33657|dataStream:|priority:0, 684cf295-c17c-4893-9e72-2df5b9d8a511|rpc:172.17.0.2:38843|dataStream:|priority:1], old=null
2021-04-24 02:06:10,701 [684cf295-c17c-4893-9e72-2df5b9d8a511@group-3EC95D05B866-LeaderStateImpl] WARN  server.RaftServer$Division (LeaderStateImpl.java:lambda$checkLeadership$15(948)) - Follower 684cf295-c17c-4893-9e72-2df5b9d8a511@group-3EC95D05B866->ac07a033-1369-46a0-bf0a-a588a91eea94(c0,m0,n1, attendVote=true, lastRpcSendTime=519, lastRpcResponseTime=5543)
2021-04-24 02:06:10,701 [684cf295-c17c-4893-9e72-2df5b9d8a511@group-3EC95D05B866-LeaderStateImpl] WARN  server.RaftServer$Division (LeaderStateImpl.java:lambda$checkLeadership$15(948)) - Follower 684cf295-c17c-4893-9e72-2df5b9d8a511@group-3EC95D05B866->ca92c278-c157-4e01-bd13-e6ca8f055b98(c0,m0,n1, attendVote=true, lastRpcSendTime=561, lastRpcResponseTime=10574)
2021-04-24 02:06:10,701 [684cf295-c17c-4893-9e72-2df5b9d8a511@group-3EC95D05B866-LeaderStateImpl] INFO  server.RaftServer$Division (RaftServerImpl.java:setRole(284)) - 684cf295-c17c-4893-9e72-2df5b9d8a511@group-3EC95D05B866: changes role from    LEADER to FOLLOWER at term 3 for StepDownReason:LOST_MAJORITY_HEARTBEATS
2021-04-24 02:06:10,701 [684cf295-c17c-4893-9e72-2df5b9d8a511@group-3EC95D05B866-LeaderStateImpl] INFO  impl.RoleInfo (RoleInfo.java:shutdownLeaderState(91)) - 684cf295-c17c-4893-9e72-2df5b9d8a511: shutdown 684cf295-c17c-4893-9e72-2df5b9d8a511@group-3EC95D05B866-LeaderStateImpl
2021-04-24 02:06:10,701 [684cf295-c17c-4893-9e72-2df5b9d8a511@group-3EC95D05B866-LeaderStateImpl] INFO  metrics.RatisMetrics (RatisMetrics.java:unregister(43)) - Unregistering Metrics Registry : ratis_grpc.log_appender.684cf295-c17c-4893-9e72-2df5b9d8a511@group-3EC95D05B866
2021-04-24 02:06:10,701 [684cf295-c17c-4893-9e72-2df5b9d8a511@group-3EC95D05B866-LeaderStateImpl] INFO  metrics.RatisMetrics (RatisMetrics.java:unregister(43)) - Unregistering Metrics Registry : ratis_grpc.log_appender.684cf295-c17c-4893-9e72-2df5b9d8a511@group-3EC95D05B866
2021-04-24 02:06:10,702 [684cf295-c17c-4893-9e72-2df5b9d8a511@group-3EC95D05B866-LeaderStateImpl] INFO  impl.PendingRequests (PendingRequests.java:sendNotLeaderResponses(249)) - 684cf295-c17c-4893-9e72-2df5b9d8a511@group-3EC95D05B866-PendingRequests: sendNotLeaderResponses
2021-04-24 02:06:10,702 [684cf295-c17c-4893-9e72-2df5b9d8a511@group-3EC95D05B866-LeaderStateImpl] INFO  metrics.RatisMetrics (RatisMetrics.java:unregister(43)) - Unregistering Metrics Registry : ratis.log_appender.684cf295-c17c-4893-9e72-2df5b9d8a511@group-3EC95D05B866
2021-04-24 02:06:10,702 [684cf295-c17c-4893-9e72-2df5b9d8a511@group-3EC95D05B866-LeaderStateImpl] INFO  metrics.RatisMetrics (RatisMetrics.java:unregister(43)) - Unregistering Metrics Registry : ratis.server.684cf295-c17c-4893-9e72-2df5b9d8a511@group-3EC95D05B866
2021-04-24 02:06:10,702 [684cf295-c17c-4893-9e72-2df5b9d8a511@group-3EC95D05B866-LeaderStateImpl] INFO  impl.RoleInfo (RoleInfo.java:updateAndGet(130)) - 684cf295-c17c-4893-9e72-2df5b9d8a511: start 684cf295-c17c-4893-9e72-2df5b9d8a511@group-3EC95D05B866-FollowerState
2021-04-24 02:06:10,910 [e13d3dfe-a7aa-4e77-932b-4a03cf9a588d@group-6FADA685E35F-FollowerState] INFO  impl.FollowerState (FollowerState.java:run(134)) - e13d3dfe-a7aa-4e77-932b-4a03cf9a588d@group-6FADA685E35F-FollowerState: change to CANDIDATE, lastRpcElapsedTime:10263213251ns, electionTimeout:5139ms
2021-04-24 02:06:10,910 [e13d3dfe-a7aa-4e77-932b-4a03cf9a588d@group-6FADA685E35F-FollowerState] INFO  impl.RoleInfo (RoleInfo.java:shutdownFollowerState(108)) - e13d3dfe-a7aa-4e77-932b-4a03cf9a588d: shutdown e13d3dfe-a7aa-4e77-932b-4a03cf9a588d@group-6FADA685E35F-FollowerState
2021-04-24 02:06:10,910 [e13d3dfe-a7aa-4e77-932b-4a03cf9a588d@group-6FADA685E35F-FollowerState] INFO  server.RaftServer$Division (RaftServerImpl.java:setRole(284)) - e13d3dfe-a7aa-4e77-932b-4a03cf9a588d@group-6FADA685E35F: changes role from  FOLLOWER to CANDIDATE at term 5 for changeToCandidate
2021-04-24 02:06:10,910 [e13d3dfe-a7aa-4e77-932b-4a03cf9a588d@group-6FADA685E35F-FollowerState] INFO  server.RaftServerConfigKeys (ConfUtils.java:logGet(44)) - raft.server.leaderelection.pre-vote = false (custom)
2021-04-24 02:06:10,910 [e13d3dfe-a7aa-4e77-932b-4a03cf9a588d@group-6FADA685E35F-FollowerState] INFO  impl.RoleInfo (RoleInfo.java:updateAndGet(130)) - e13d3dfe-a7aa-4e77-932b-4a03cf9a588d: start e13d3dfe-a7aa-4e77-932b-4a03cf9a588d@group-6FADA685E35F-LeaderElection27
2021-04-24 02:06:10,919 [e13d3dfe-a7aa-4e77-932b-4a03cf9a588d@group-6FADA685E35F-LeaderElection27] INFO  server.RaftServer$Division (ServerState.java:setLeader(271)) - e13d3dfe-a7aa-4e77-932b-4a03cf9a588d@group-6FADA685E35F: change Leader from 686a54b3-507b-4dc5-8065-04c582627b70 to null at term 5 for ELECTION
2021-04-24 02:06:10,920 [e13d3dfe-a7aa-4e77-932b-4a03cf9a588d@group-6FADA685E35F-LeaderElection27] INFO  impl.LeaderElection (LeaderElection.java:askForVotes(306)) - e13d3dfe-a7aa-4e77-932b-4a03cf9a588d@group-6FADA685E35F-LeaderElection27 ELECTION round 0: submit vote requests at term 6 for 1: [686a54b3-507b-4dc5-8065-04c582627b70|rpc:172.17.0.2:37165|dataStream:|priority:1, e13d3dfe-a7aa-4e77-932b-4a03cf9a588d|rpc:172.17.0.2:43115|dataStream:|priority:0, 506e7d51-44ea-40e0-a2b0-e730f7a28201|rpc:172.17.0.2:37821|dataStream:|priority:0], old=null
2021-04-24 02:06:10,939 [e13d3dfe-a7aa-4e77-932b-4a03cf9a588d@group-6FADA685E35F-LeaderElection27] INFO  impl.LeaderElection (LogUtils.java:infoOrTrace(137)) - e13d3dfe-a7aa-4e77-932b-4a03cf9a588d@group-6FADA685E35F-LeaderElection27 got exception when requesting votes: java.util.concurrent.ExecutionException: org.apache.ratis.thirdparty.io.grpc.StatusRuntimeException: UNAVAILABLE: io exception
2021-04-24 02:06:10,939 [e13d3dfe-a7aa-4e77-932b-4a03cf9a588d@group-6FADA685E35F-LeaderElection27] INFO  impl.LeaderElection (LogUtils.java:infoOrTrace(137)) - e13d3dfe-a7aa-4e77-932b-4a03cf9a588d@group-6FADA685E35F-LeaderElection27 got exception when requesting votes: java.util.concurrent.ExecutionException: org.apache.ratis.thirdparty.io.grpc.StatusRuntimeException: UNAVAILABLE: io exception
2021-04-24 02:06:10,939 [e13d3dfe-a7aa-4e77-932b-4a03cf9a588d@group-6FADA685E35F-LeaderElection27] INFO  impl.LeaderElection (LeaderElection.java:logAndReturn(89)) - e13d3dfe-a7aa-4e77-932b-4a03cf9a588d@group-6FADA685E35F-LeaderElection27: ELECTION REJECTED received 0 response(s) and 2 exception(s):
2021-04-24 02:06:10,939 [e13d3dfe-a7aa-4e77-932b-4a03cf9a588d@group-6FADA685E35F-LeaderElection27] INFO  impl.LeaderElection (LogUtils.java:infoOrTrace(137)) -   Exception 0: java.util.concurrent.ExecutionException: org.apache.ratis.thirdparty.io.grpc.StatusRuntimeException: UNAVAILABLE: io exception
2021-04-24 02:06:10,939 [e13d3dfe-a7aa-4e77-932b-4a03cf9a588d@group-6FADA685E35F-LeaderElection27] INFO  impl.LeaderElection (LogUtils.java:infoOrTrace(137)) -   Exception 1: java.util.concurrent.ExecutionException: org.apache.ratis.thirdparty.io.grpc.StatusRuntimeException: UNAVAILABLE: io exception
2021-04-24 02:06:10,939 [e13d3dfe-a7aa-4e77-932b-4a03cf9a588d@group-6FADA685E35F-LeaderElection27] INFO  impl.LeaderElection (LeaderElection.java:askForVotes(308)) - e13d3dfe-a7aa-4e77-932b-4a03cf9a588d@group-6FADA685E35F-LeaderElection27 ELECTION round 0: result REJECTED
2021-04-24 02:06:10,939 [e13d3dfe-a7aa-4e77-932b-4a03cf9a588d@group-6FADA685E35F-LeaderElection27] INFO  server.RaftServer$Division (RaftServerImpl.java:setRole(284)) - e13d3dfe-a7aa-4e77-932b-4a03cf9a588d@group-6FADA685E35F: changes role from CANDIDATE to FOLLOWER at term 6 for REJECTED
2021-04-24 02:06:10,939 [e13d3dfe-a7aa-4e77-932b-4a03cf9a588d@group-6FADA685E35F-LeaderElection27] INFO  impl.RoleInfo (RoleInfo.java:shutdownLeaderElection(121)) - e13d3dfe-a7aa-4e77-932b-4a03cf9a588d: shutdown e13d3dfe-a7aa-4e77-932b-4a03cf9a588d@group-6FADA685E35F-LeaderElection27
2021-04-24 02:06:10,940 [e13d3dfe-a7aa-4e77-932b-4a03cf9a588d@group-6FADA685E35F-LeaderElection27] INFO  impl.RoleInfo (RoleInfo.java:updateAndGet(130)) - e13d3dfe-a7aa-4e77-932b-4a03cf9a588d: start e13d3dfe-a7aa-4e77-932b-4a03cf9a588d@group-6FADA685E35F-FollowerState
2021-04-24 02:06:11,185 [e13d3dfe-a7aa-4e77-932b-4a03cf9a588d@group-63CE5ECE61CE-LeaderStateImpl] WARN  server.RaftServer$Division (LeaderStateImpl.java:checkLeadership(944)) - e13d3dfe-a7aa-4e77-932b-4a03cf9a588d@group-63CE5ECE61CE-LeaderStateImpl: Lost leadership on term: 1. Election timeout: 5200ms. In charge for: 26083ms. Conf: 0: [686a54b3-507b-4dc5-8065-04c582627b70|rpc:172.17.0.2:37165|dataStream:|priority:0, e13d3dfe-a7aa-4e77-932b-4a03cf9a588d|rpc:172.17.0.2:43115|dataStream:|priority:1, 506e7d51-44ea-40e0-a2b0-e730f7a28201|rpc:172.17.0.2:37821|dataStream:|priority:0], old=null
2021-04-24 02:06:11,185 [e13d3dfe-a7aa-4e77-932b-4a03cf9a588d@group-63CE5ECE61CE-LeaderStateImpl] WARN  server.RaftServer$Division (LeaderStateImpl.java:lambda$checkLeadership$15(948)) - Follower e13d3dfe-a7aa-4e77-932b-4a03cf9a588d@group-63CE5ECE61CE->686a54b3-507b-4dc5-8065-04c582627b70(c0,m0,n1, attendVote=true, lastRpcSendTime=916, lastRpcResponseTime=10941)
2021-04-24 02:06:11,185 [e13d3dfe-a7aa-4e77-932b-4a03cf9a588d@group-63CE5ECE61CE-LeaderStateImpl] WARN  server.RaftServer$Division (LeaderStateImpl.java:lambda$checkLeadership$15(948)) - Follower e13d3dfe-a7aa-4e77-932b-4a03cf9a588d@group-63CE5ECE61CE->506e7d51-44ea-40e0-a2b0-e730f7a28201(c0,m0,n1, attendVote=true, lastRpcSendTime=911, lastRpcResponseTime=5929)
2021-04-24 02:06:11,185 [e13d3dfe-a7aa-4e77-932b-4a03cf9a588d@group-63CE5ECE61CE-LeaderStateImpl] INFO  server.RaftServer$Division (RaftServerImpl.java:setRole(284)) - e13d3dfe-a7aa-4e77-932b-4a03cf9a588d@group-63CE5ECE61CE: changes role from    LEADER to FOLLOWER at term 1 for StepDownReason:LOST_MAJORITY_HEARTBEATS
2021-04-24 02:06:11,185 [e13d3dfe-a7aa-4e77-932b-4a03cf9a588d@group-63CE5ECE61CE-LeaderStateImpl] INFO  impl.RoleInfo (RoleInfo.java:shutdownLeaderState(91)) - e13d3dfe-a7aa-4e77-932b-4a03cf9a588d: shutdown e13d3dfe-a7aa-4e77-932b-4a03cf9a588d@group-63CE5ECE61CE-LeaderStateImpl
2021-04-24 02:06:11,185 [e13d3dfe-a7aa-4e77-932b-4a03cf9a588d@group-63CE5ECE61CE-LeaderStateImpl] INFO  metrics.RatisMetrics (RatisMetrics.java:unregister(43)) - Unregistering Metrics Registry : ratis_grpc.log_appender.e13d3dfe-a7aa-4e77-932b-4a03cf9a588d@group-63CE5ECE61CE
2021-04-24 02:06:11,186 [e13d3dfe-a7aa-4e77-932b-4a03cf9a588d@group-63CE5ECE61CE-LeaderStateImpl] INFO  metrics.RatisMetrics (RatisMetrics.java:unregister(43)) - Unregistering Metrics Registry : ratis_grpc.log_appender.e13d3dfe-a7aa-4e77-932b-4a03cf9a588d@group-63CE5ECE61CE
2021-04-24 02:06:11,186 [e13d3dfe-a7aa-4e77-932b-4a03cf9a588d@group-63CE5ECE61CE-LeaderStateImpl] INFO  impl.PendingRequests (PendingRequests.java:sendNotLeaderResponses(249)) - e13d3dfe-a7aa-4e77-932b-4a03cf9a588d@group-63CE5ECE61CE-PendingRequests: sendNotLeaderResponses
2021-04-24 02:06:11,186 [e13d3dfe-a7aa-4e77-932b-4a03cf9a588d@group-63CE5ECE61CE-LeaderStateImpl] INFO  metrics.RatisMetrics (RatisMetrics.java:unregister(43)) - Unregistering Metrics Registry : ratis.log_appender.e13d3dfe-a7aa-4e77-932b-4a03cf9a588d@group-63CE5ECE61CE
2021-04-24 02:06:11,186 [e13d3dfe-a7aa-4e77-932b-4a03cf9a588d@group-63CE5ECE61CE-LeaderStateImpl] INFO  metrics.RatisMetrics (RatisMetrics.java:unregister(43)) - Unregistering Metrics Registry : ratis.server.e13d3dfe-a7aa-4e77-932b-4a03cf9a588d@group-63CE5ECE61CE
2021-04-24 02:06:11,186 [e13d3dfe-a7aa-4e77-932b-4a03cf9a588d@group-63CE5ECE61CE-LeaderStateImpl] INFO  impl.RoleInfo (RoleInfo.java:updateAndGet(130)) - e13d3dfe-a7aa-4e77-932b-4a03cf9a588d: start e13d3dfe-a7aa-4e77-932b-4a03cf9a588d@group-63CE5ECE61CE-FollowerState
2021-04-24 02:06:12,411 [ForkJoinPool.commonPool-worker-1] INFO  ozoneimpl.OzoneContainer (OzoneContainer.java:stop(313)) - Attempting to stop container services.
2021-04-24 02:06:12,412 [ForkJoinPool.commonPool-worker-1] INFO  server.RaftServer (RaftServerProxy.java:lambda$close$6(391)) - 684cf295-c17c-4893-9e72-2df5b9d8a511: close
2021-04-24 02:06:12,412 [ForkJoinPool.commonPool-worker-1] INFO  server.RaftServer$Division (RaftServerImpl.java:lambda$close$4(406)) - 684cf295-c17c-4893-9e72-2df5b9d8a511@group-573F15CF247B: shutdown
2021-04-24 02:06:12,412 [ForkJoinPool.commonPool-worker-1] INFO  util.JmxRegister (JmxRegister.java:unregister(73)) - Successfully un-registered JMX Bean with object name Ratis:service=RaftServer,group=group-573F15CF247B,id=684cf295-c17c-4893-9e72-2df5b9d8a511
2021-04-24 02:06:12,413 [ForkJoinPool.commonPool-worker-1] INFO  impl.RoleInfo (RoleInfo.java:shutdownLeaderState(91)) - 684cf295-c17c-4893-9e72-2df5b9d8a511: shutdown 684cf295-c17c-4893-9e72-2df5b9d8a511@group-573F15CF247B-LeaderStateImpl
2021-04-24 02:06:12,413 [ForkJoinPool.commonPool-worker-1] INFO  impl.PendingRequests (PendingRequests.java:sendNotLeaderResponses(249)) - 684cf295-c17c-4893-9e72-2df5b9d8a511@group-573F15CF247B-PendingRequests: sendNotLeaderResponses
2021-04-24 02:06:12,413 [ForkJoinPool.commonPool-worker-1] INFO  metrics.RatisMetrics (RatisMetrics.java:unregister(43)) - Unregistering Metrics Registry : ratis.log_appender.684cf295-c17c-4893-9e72-2df5b9d8a511@group-573F15CF247B
2021-04-24 02:06:12,413 [ForkJoinPool.commonPool-worker-1] INFO  metrics.RatisMetrics (RatisMetrics.java:unregister(43)) - Unregistering Metrics Registry : ratis.server.684cf295-c17c-4893-9e72-2df5b9d8a511@group-573F15CF247B
2021-04-24 02:06:12,414 [ForkJoinPool.commonPool-worker-1] INFO  impl.StateMachineUpdater (StateMachineUpdater.java:stopAndJoin(149)) - 684cf295-c17c-4893-9e72-2df5b9d8a511@group-573F15CF247B-StateMachineUpdater: set stopIndex = 0
2021-04-24 02:06:12,414 [684cf295-c17c-4893-9e72-2df5b9d8a511@group-573F15CF247B-StateMachineUpdater] INFO  ratis.ContainerStateMachine (ContainerStateMachine.java:takeSnapshot(292)) - group-573F15CF247B: Taking a snapshot at:(t:1, i:0) file /github/workspace/mnt/ozone/hadoop-ozone/integration-test/target/test-dir/MiniOzoneClusterImpl-6998a6cc-0dbe-4d56-81dc-8335dc1dcef2/datanode-0/data/ratis/2ad49b65-7b87-4dbc-9154-573f15cf247b/sm/snapshot.1_0
2021-04-24 02:06:12,415 [684cf295-c17c-4893-9e72-2df5b9d8a511@group-573F15CF247B-StateMachineUpdater] INFO  ratis.ContainerStateMachine (ContainerStateMachine.java:takeSnapshot(303)) - group-573F15CF247B: Finished taking a snapshot at:(t:1, i:0) file:/github/workspace/mnt/ozone/hadoop-ozone/integration-test/target/test-dir/MiniOzoneClusterImpl-6998a6cc-0dbe-4d56-81dc-8335dc1dcef2/datanode-0/data/ratis/2ad49b65-7b87-4dbc-9154-573f15cf247b/sm/snapshot.1_0 took: 1 ms
2021-04-24 02:06:12,415 [684cf295-c17c-4893-9e72-2df5b9d8a511@group-573F15CF247B-StateMachineUpdater] INFO  impl.StateMachineUpdater (StateMachineUpdater.java:takeSnapshot(281)) - 684cf295-c17c-4893-9e72-2df5b9d8a511@group-573F15CF247B-StateMachineUpdater: Took a snapshot at index 0
2021-04-24 02:06:12,415 [684cf295-c17c-4893-9e72-2df5b9d8a511@group-573F15CF247B-StateMachineUpdater] INFO  impl.StateMachineUpdater (StateMachineUpdater.java:lambda$new$0(89)) - 684cf295-c17c-4893-9e72-2df5b9d8a511@group-573F15CF247B-StateMachineUpdater: snapshotIndex: updateIncreasingly -1 -> 0
2021-04-24 02:06:12,415 [684cf295-c17c-4893-9e72-2df5b9d8a511@group-573F15CF247B-StateMachineUpdater] INFO  metrics.RatisMetrics (RatisMetrics.java:unregister(43)) - Unregistering Metrics Registry : ratis.state_machine.684cf295-c17c-4893-9e72-2df5b9d8a511@group-573F15CF247B
2021-04-24 02:06:12,416 [ForkJoinPool.commonPool-worker-1] INFO  server.RaftServer$Division (ServerState.java:close(405)) - 684cf295-c17c-4893-9e72-2df5b9d8a511@group-573F15CF247B: closes. applyIndex: 0
2021-04-24 02:06:12,416 [684cf295-c17c-4893-9e72-2df5b9d8a511@group-573F15CF247B-SegmentedRaftLogWorker] INFO  segmented.SegmentedRaftLogWorker (SegmentedRaftLogWorker.java:run(327)) - 684cf295-c17c-4893-9e72-2df5b9d8a511@group-573F15CF247B-SegmentedRaftLogWorker was interrupted, exiting. There are 0 tasks remaining in the queue.
2021-04-24 02:06:12,416 [ForkJoinPool.commonPool-worker-1] INFO  segmented.SegmentedRaftLogWorker (SegmentedRaftLogWorker.java:close(237)) - 684cf295-c17c-4893-9e72-2df5b9d8a511@group-573F15CF247B-SegmentedRaftLogWorker close()
2021-04-24 02:06:12,417 [ForkJoinPool.commonPool-worker-1] INFO  metrics.RatisMetrics (RatisMetrics.java:unregister(43)) - Unregistering Metrics Registry : ratis.log_worker.684cf295-c17c-4893-9e72-2df5b9d8a511@group-573F15CF247B
2021-04-24 02:06:12,417 [ForkJoinPool.commonPool-worker-1] INFO  metrics.RatisMetrics (RatisMetrics.java:unregister(43)) - Unregistering Metrics Registry : ratis.leader_election.684cf295-c17c-4893-9e72-2df5b9d8a511@group-573F15CF247B
2021-04-24 02:06:12,417 [ForkJoinPool.commonPool-worker-1] INFO  metrics.RatisMetrics (RatisMetrics.java:unregister(43)) - Unregistering Metrics Registry : ratis.server.684cf295-c17c-4893-9e72-2df5b9d8a511@group-573F15CF247B
2021-04-24 02:06:12,417 [ForkJoinPool.commonPool-worker-1] INFO  server.RaftServer$Division (RaftServerImpl.java:lambda$close$4(406)) - 684cf295-c17c-4893-9e72-2df5b9d8a511@group-D4A461EBA57E: shutdown
2021-04-24 02:06:12,418 [ForkJoinPool.commonPool-worker-1] INFO  util.JmxRegister (JmxRegister.java:unregister(73)) - Successfully un-registered JMX Bean with object name Ratis:service=RaftServer,group=group-D4A461EBA57E,id=684cf295-c17c-4893-9e72-2df5b9d8a511
2021-04-24 02:06:12,418 [ForkJoinPool.commonPool-worker-1] INFO  impl.RoleInfo (RoleInfo.java:shutdownFollowerState(108)) - 684cf295-c17c-4893-9e72-2df5b9d8a511: shutdown 684cf295-c17c-4893-9e72-2df5b9d8a511@group-D4A461EBA57E-FollowerState
2021-04-24 02:06:12,418 [684cf295-c17c-4893-9e72-2df5b9d8a511@group-D4A461EBA57E-FollowerState] INFO  impl.FollowerState (FollowerState.java:run(143)) - 684cf295-c17c-4893-9e72-2df5b9d8a511@group-D4A461EBA57E-FollowerState was interrupted: {}
java.lang.InterruptedException: sleep interrupted
	at java.lang.Thread.sleep(Native Method)
	at java.lang.Thread.sleep(Thread.java:340)
	at java.util.concurrent.TimeUnit.sleep(TimeUnit.java:386)
	at org.apache.ratis.util.TimeDuration.sleep(TimeDuration.java:324)
	at org.apache.ratis.util.TimeDuration.sleep(TimeDuration.java:309)
	at org.apache.ratis.server.impl.FollowerState.run(FollowerState.java:118)
2021-04-24 02:06:12,419 [684cf295-c17c-4893-9e72-2df5b9d8a511@group-D4A461EBA57E-StateMachineUpdater] INFO  metrics.RatisMetrics (RatisMetrics.java:unregister(43)) - Unregistering Metrics Registry : ratis.state_machine.684cf295-c17c-4893-9e72-2df5b9d8a511@group-D4A461EBA57E
2021-04-24 02:06:12,419 [ForkJoinPool.commonPool-worker-1] INFO  impl.StateMachineUpdater (StateMachineUpdater.java:stopAndJoin(149)) - 684cf295-c17c-4893-9e72-2df5b9d8a511@group-D4A461EBA57E-StateMachineUpdater: set stopIndex = -1
2021-04-24 02:06:12,419 [ForkJoinPool.commonPool-worker-1] INFO  server.RaftServer$Division (ServerState.java:close(405)) - 684cf295-c17c-4893-9e72-2df5b9d8a511@group-D4A461EBA57E: closes. applyIndex: -1
2021-04-24 02:06:12,419 [684cf295-c17c-4893-9e72-2df5b9d8a511@group-D4A461EBA57E-SegmentedRaftLogWorker] INFO  segmented.SegmentedRaftLogWorker (SegmentedRaftLogWorker.java:run(327)) - 684cf295-c17c-4893-9e72-2df5b9d8a511@group-D4A461EBA57E-SegmentedRaftLogWorker was interrupted, exiting. There are 0 tasks remaining in the queue.
2021-04-24 02:06:12,419 [ForkJoinPool.commonPool-worker-1] INFO  segmented.SegmentedRaftLogWorker (SegmentedRaftLogWorker.java:close(237)) - 684cf295-c17c-4893-9e72-2df5b9d8a511@group-D4A461EBA57E-SegmentedRaftLogWorker close()
2021-04-24 02:06:12,420 [ForkJoinPool.commonPool-worker-1] INFO  metrics.RatisMetrics (RatisMetrics.java:unregister(43)) - Unregistering Metrics Registry : ratis.log_worker.684cf295-c17c-4893-9e72-2df5b9d8a511@group-D4A461EBA57E
2021-04-24 02:06:12,420 [ForkJoinPool.commonPool-worker-1] INFO  metrics.RatisMetrics (RatisMetrics.java:unregister(43)) - Unregistering Metrics Registry : ratis.leader_election.684cf295-c17c-4893-9e72-2df5b9d8a511@group-D4A461EBA57E
2021-04-24 02:06:12,420 [ForkJoinPool.commonPool-worker-1] INFO  metrics.RatisMetrics (RatisMetrics.java:unregister(43)) - Unregistering Metrics Registry : ratis.server.684cf295-c17c-4893-9e72-2df5b9d8a511@group-D4A461EBA57E
2021-04-24 02:06:12,420 [ForkJoinPool.commonPool-worker-1] INFO  server.RaftServer$Division (RaftServerImpl.java:lambda$close$4(406)) - 684cf295-c17c-4893-9e72-2df5b9d8a511@group-3EC95D05B866: shutdown
2021-04-24 02:06:12,420 [ForkJoinPool.commonPool-worker-1] INFO  util.JmxRegister (JmxRegister.java:unregister(73)) - Successfully un-registered JMX Bean with object name Ratis:service=RaftServer,group=group-3EC95D05B866,id=684cf295-c17c-4893-9e72-2df5b9d8a511
2021-04-24 02:06:12,421 [ForkJoinPool.commonPool-worker-1] INFO  impl.RoleInfo (RoleInfo.java:shutdownFollowerState(108)) - 684cf295-c17c-4893-9e72-2df5b9d8a511: shutdown 684cf295-c17c-4893-9e72-2df5b9d8a511@group-3EC95D05B866-FollowerState
2021-04-24 02:06:12,421 [ForkJoinPool.commonPool-worker-1] INFO  impl.StateMachineUpdater (StateMachineUpdater.java:stopAndJoin(149)) - 684cf295-c17c-4893-9e72-2df5b9d8a511@group-3EC95D05B866-StateMachineUpdater: set stopIndex = 0
2021-04-24 02:06:12,421 [684cf295-c17c-4893-9e72-2df5b9d8a511@group-3EC95D05B866-FollowerState] INFO  impl.FollowerState (FollowerState.java:run(143)) - 684cf295-c17c-4893-9e72-2df5b9d8a511@group-3EC95D05B866-FollowerState was interrupted: {}
java.lang.InterruptedException: sleep interrupted
	at java.lang.Thread.sleep(Native Method)
	at java.lang.Thread.sleep(Thread.java:340)
	at java.util.concurrent.TimeUnit.sleep(TimeUnit.java:386)
	at org.apache.ratis.util.TimeDuration.sleep(TimeDuration.java:324)
	at org.apache.ratis.util.TimeDuration.sleep(TimeDuration.java:309)
	at org.apache.ratis.server.impl.FollowerState.run(FollowerState.java:118)
2021-04-24 02:06:12,421 [684cf295-c17c-4893-9e72-2df5b9d8a511@group-3EC95D05B866-StateMachineUpdater] INFO  ratis.ContainerStateMachine (ContainerStateMachine.java:takeSnapshot(292)) - group-3EC95D05B866: Taking a snapshot at:(t:3, i:0) file /github/workspace/mnt/ozone/hadoop-ozone/integration-test/target/test-dir/MiniOzoneClusterImpl-6998a6cc-0dbe-4d56-81dc-8335dc1dcef2/datanode-0/data/ratis/719f748f-ff1a-4531-87e9-3ec95d05b866/sm/snapshot.3_0
2021-04-24 02:06:12,422 [684cf295-c17c-4893-9e72-2df5b9d8a511@group-3EC95D05B866-StateMachineUpdater] INFO  ratis.ContainerStateMachine (ContainerStateMachine.java:takeSnapshot(303)) - group-3EC95D05B866: Finished taking a snapshot at:(t:3, i:0) file:/github/workspace/mnt/ozone/hadoop-ozone/integration-test/target/test-dir/MiniOzoneClusterImpl-6998a6cc-0dbe-4d56-81dc-8335dc1dcef2/datanode-0/data/ratis/719f748f-ff1a-4531-87e9-3ec95d05b866/sm/snapshot.3_0 took: 1 ms
2021-04-24 02:06:12,422 [684cf295-c17c-4893-9e72-2df5b9d8a511@group-3EC95D05B866-StateMachineUpdater] INFO  impl.StateMachineUpdater (StateMachineUpdater.java:takeSnapshot(281)) - 684cf295-c17c-4893-9e72-2df5b9d8a511@group-3EC95D05B866-StateMachineUpdater: Took a snapshot at index 0
2021-04-24 02:06:12,422 [684cf295-c17c-4893-9e72-2df5b9d8a511@group-3EC95D05B866-StateMachineUpdater] INFO  impl.StateMachineUpdater (StateMachineUpdater.java:lambda$new$0(89)) - 684cf295-c17c-4893-9e72-2df5b9d8a511@group-3EC95D05B866-StateMachineUpdater: snapshotIndex: updateIncreasingly -1 -> 0
2021-04-24 02:06:12,422 [684cf295-c17c-4893-9e72-2df5b9d8a511@group-3EC95D05B866-StateMachineUpdater] INFO  metrics.RatisMetrics (RatisMetrics.java:unregister(43)) - Unregistering Metrics Registry : ratis.state_machine.684cf295-c17c-4893-9e72-2df5b9d8a511@group-3EC95D05B866
2021-04-24 02:06:12,423 [ForkJoinPool.commonPool-worker-1] INFO  server.RaftServer$Division (ServerState.java:close(405)) - 684cf295-c17c-4893-9e72-2df5b9d8a511@group-3EC95D05B866: closes. applyIndex: 0
2021-04-24 02:06:12,423 [684cf295-c17c-4893-9e72-2df5b9d8a511@group-3EC95D05B866-SegmentedRaftLogWorker] INFO  segmented.SegmentedRaftLogWorker (SegmentedRaftLogWorker.java:run(327)) - 684cf295-c17c-4893-9e72-2df5b9d8a511@group-3EC95D05B866-SegmentedRaftLogWorker was interrupted, exiting. There are 0 tasks remaining in the queue.
2021-04-24 02:06:12,423 [ForkJoinPool.commonPool-worker-1] INFO  segmented.SegmentedRaftLogWorker (SegmentedRaftLogWorker.java:close(237)) - 684cf295-c17c-4893-9e72-2df5b9d8a511@group-3EC95D05B866-SegmentedRaftLogWorker close()
2021-04-24 02:06:12,427 [ForkJoinPool.commonPool-worker-1] INFO  metrics.RatisMetrics (RatisMetrics.java:unregister(43)) - Unregistering Metrics Registry : ratis.log_worker.684cf295-c17c-4893-9e72-2df5b9d8a511@group-3EC95D05B866
2021-04-24 02:06:12,427 [ForkJoinPool.commonPool-worker-1] INFO  metrics.RatisMetrics (RatisMetrics.java:unregister(43)) - Unregistering Metrics Registry : ratis.leader_election.684cf295-c17c-4893-9e72-2df5b9d8a511@group-3EC95D05B866
2021-04-24 02:06:12,427 [ForkJoinPool.commonPool-worker-1] INFO  metrics.RatisMetrics (RatisMetrics.java:unregister(43)) - Unregistering Metrics Registry : ratis.server.684cf295-c17c-4893-9e72-2df5b9d8a511@group-3EC95D05B866
2021-04-24 02:06:12,427 [ForkJoinPool.commonPool-worker-1] INFO  server.GrpcService (GrpcService.java:closeImpl(262)) - 684cf295-c17c-4893-9e72-2df5b9d8a511: shutdown server with port 38843 now
2021-04-24 02:06:12,428 [ForkJoinPool.commonPool-worker-1] INFO  server.GrpcService (GrpcService.java:closeImpl(271)) - 684cf295-c17c-4893-9e72-2df5b9d8a511: shutdown server with port 38843 successfully
2021-04-24 02:06:12,428 [org.apache.ratis.util.JvmPauseMonitor$$Lambda$504/1072999122@488021f4] INFO  util.JvmPauseMonitor (JvmPauseMonitor.java:run(109)) - JvmPauseMonitor-684cf295-c17c-4893-9e72-2df5b9d8a511: Stopped
2021-04-24 02:06:12,430 [Listener at 127.0.0.1/41437] INFO  ozoneimpl.OzoneContainer (OzoneContainer.java:stop(313)) - Attempting to stop container services.
2021-04-24 02:06:12,430 [Listener at 127.0.0.1/41437] INFO  server.RaftServer (RaftServerProxy.java:lambda$close$6(391)) - f0c69f70-c4af-4c4b-aa2e-1c77f1405a64: close
2021-04-24 02:06:12,430 [Listener at 127.0.0.1/41437] INFO  server.RaftServer$Division (RaftServerImpl.java:lambda$close$4(406)) - f0c69f70-c4af-4c4b-aa2e-1c77f1405a64@group-807D9659B3C4: shutdown
2021-04-24 02:06:12,430 [Listener at 127.0.0.1/41437] INFO  util.JmxRegister (JmxRegister.java:unregister(73)) - Successfully un-registered JMX Bean with object name Ratis:service=RaftServer,group=group-807D9659B3C4,id=f0c69f70-c4af-4c4b-aa2e-1c77f1405a64
2021-04-24 02:06:12,431 [Listener at 127.0.0.1/41437] INFO  impl.RoleInfo (RoleInfo.java:shutdownLeaderState(91)) - f0c69f70-c4af-4c4b-aa2e-1c77f1405a64: shutdown f0c69f70-c4af-4c4b-aa2e-1c77f1405a64@group-807D9659B3C4-LeaderStateImpl
2021-04-24 02:06:12,431 [Listener at 127.0.0.1/41437] INFO  impl.PendingRequests (PendingRequests.java:sendNotLeaderResponses(249)) - f0c69f70-c4af-4c4b-aa2e-1c77f1405a64@group-807D9659B3C4-PendingRequests: sendNotLeaderResponses
2021-04-24 02:06:12,431 [Listener at 127.0.0.1/41437] INFO  metrics.RatisMetrics (RatisMetrics.java:unregister(43)) - Unregistering Metrics Registry : ratis.log_appender.f0c69f70-c4af-4c4b-aa2e-1c77f1405a64@group-807D9659B3C4
2021-04-24 02:06:12,431 [Listener at 127.0.0.1/41437] INFO  metrics.RatisMetrics (RatisMetrics.java:unregister(43)) - Unregistering Metrics Registry : ratis.server.f0c69f70-c4af-4c4b-aa2e-1c77f1405a64@group-807D9659B3C4
2021-04-24 02:06:12,431 [Listener at 127.0.0.1/41437] INFO  impl.StateMachineUpdater (StateMachineUpdater.java:stopAndJoin(149)) - f0c69f70-c4af-4c4b-aa2e-1c77f1405a64@group-807D9659B3C4-StateMachineUpdater: set stopIndex = 0
2021-04-24 02:06:12,432 [f0c69f70-c4af-4c4b-aa2e-1c77f1405a64@group-807D9659B3C4-StateMachineUpdater] INFO  ratis.ContainerStateMachine (ContainerStateMachine.java:takeSnapshot(292)) - group-807D9659B3C4: Taking a snapshot at:(t:1, i:0) file /github/workspace/mnt/ozone/hadoop-ozone/integration-test/target/test-dir/MiniOzoneClusterImpl-6998a6cc-0dbe-4d56-81dc-8335dc1dcef2/datanode-6/data/ratis/c2fbde96-45a6-4d58-a5d5-807d9659b3c4/sm/snapshot.1_0
2021-04-24 02:06:12,432 [f0c69f70-c4af-4c4b-aa2e-1c77f1405a64@group-807D9659B3C4-StateMachineUpdater] INFO  ratis.ContainerStateMachine (ContainerStateMachine.java:takeSnapshot(303)) - group-807D9659B3C4: Finished taking a snapshot at:(t:1, i:0) file:/github/workspace/mnt/ozone/hadoop-ozone/integration-test/target/test-dir/MiniOzoneClusterImpl-6998a6cc-0dbe-4d56-81dc-8335dc1dcef2/datanode-6/data/ratis/c2fbde96-45a6-4d58-a5d5-807d9659b3c4/sm/snapshot.1_0 took: 0 ms
2021-04-24 02:06:12,433 [f0c69f70-c4af-4c4b-aa2e-1c77f1405a64@group-807D9659B3C4-StateMachineUpdater] INFO  impl.StateMachineUpdater (StateMachineUpdater.java:takeSnapshot(281)) - f0c69f70-c4af-4c4b-aa2e-1c77f1405a64@group-807D9659B3C4-StateMachineUpdater: Took a snapshot at index 0
2021-04-24 02:06:12,433 [f0c69f70-c4af-4c4b-aa2e-1c77f1405a64@group-807D9659B3C4-StateMachineUpdater] INFO  impl.StateMachineUpdater (StateMachineUpdater.java:lambda$new$0(89)) - f0c69f70-c4af-4c4b-aa2e-1c77f1405a64@group-807D9659B3C4-StateMachineUpdater: snapshotIndex: updateIncreasingly -1 -> 0
2021-04-24 02:06:12,434 [f0c69f70-c4af-4c4b-aa2e-1c77f1405a64@group-807D9659B3C4-StateMachineUpdater] INFO  metrics.RatisMetrics (RatisMetrics.java:unregister(43)) - Unregistering Metrics Registry : ratis.state_machine.f0c69f70-c4af-4c4b-aa2e-1c77f1405a64@group-807D9659B3C4
2021-04-24 02:06:12,434 [Listener at 127.0.0.1/41437] INFO  server.RaftServer$Division (ServerState.java:close(405)) - f0c69f70-c4af-4c4b-aa2e-1c77f1405a64@group-807D9659B3C4: closes. applyIndex: 0
2021-04-24 02:06:12,434 [f0c69f70-c4af-4c4b-aa2e-1c77f1405a64@group-807D9659B3C4-SegmentedRaftLogWorker] INFO  segmented.SegmentedRaftLogWorker (SegmentedRaftLogWorker.java:run(327)) - f0c69f70-c4af-4c4b-aa2e-1c77f1405a64@group-807D9659B3C4-SegmentedRaftLogWorker was interrupted, exiting. There are 0 tasks remaining in the queue.
2021-04-24 02:06:12,434 [Listener at 127.0.0.1/41437] INFO  segmented.SegmentedRaftLogWorker (SegmentedRaftLogWorker.java:close(237)) - f0c69f70-c4af-4c4b-aa2e-1c77f1405a64@group-807D9659B3C4-SegmentedRaftLogWorker close()
2021-04-24 02:06:12,435 [Listener at 127.0.0.1/41437] INFO  metrics.RatisMetrics (RatisMetrics.java:unregister(43)) - Unregistering Metrics Registry : ratis.log_worker.f0c69f70-c4af-4c4b-aa2e-1c77f1405a64@group-807D9659B3C4
2021-04-24 02:06:12,435 [Listener at 127.0.0.1/41437] INFO  metrics.RatisMetrics (RatisMetrics.java:unregister(43)) - Unregistering Metrics Registry : ratis.leader_election.f0c69f70-c4af-4c4b-aa2e-1c77f1405a64@group-807D9659B3C4
2021-04-24 02:06:12,435 [Listener at 127.0.0.1/41437] INFO  metrics.RatisMetrics (RatisMetrics.java:unregister(43)) - Unregistering Metrics Registry : ratis.server.f0c69f70-c4af-4c4b-aa2e-1c77f1405a64@group-807D9659B3C4
2021-04-24 02:06:12,435 [Listener at 127.0.0.1/41437] INFO  server.GrpcService (GrpcService.java:closeImpl(262)) - f0c69f70-c4af-4c4b-aa2e-1c77f1405a64: shutdown server with port 43537 now
2021-04-24 02:06:12,436 [Listener at 127.0.0.1/41437] INFO  server.GrpcService (GrpcService.java:closeImpl(271)) - f0c69f70-c4af-4c4b-aa2e-1c77f1405a64: shutdown server with port 43537 successfully
2021-04-24 02:06:12,436 [org.apache.ratis.util.JvmPauseMonitor$$Lambda$504/1072999122@6276c1e] INFO  util.JvmPauseMonitor (JvmPauseMonitor.java:run(109)) - JvmPauseMonitor-f0c69f70-c4af-4c4b-aa2e-1c77f1405a64: Stopped
2021-04-24 02:06:12,436 [ForkJoinPool.commonPool-worker-1] INFO  utils.BackgroundService (BackgroundService.java:shutdown(132)) - Shutting down service BlockDeletingService
2021-04-24 02:06:12,437 [Listener at 127.0.0.1/41437] INFO  utils.BackgroundService (BackgroundService.java:shutdown(132)) - Shutting down service BlockDeletingService
2021-04-24 02:06:12,439 [Listener at 127.0.0.1/41437] INFO  statemachine.DatanodeStateMachine (DatanodeStateMachine.java:stopDaemon(469)) - Ozone container server stopped.
2021-04-24 02:06:12,443 [ForkJoinPool.commonPool-worker-1] INFO  statemachine.DatanodeStateMachine (DatanodeStateMachine.java:stopDaemon(469)) - Ozone container server stopped.
2021-04-24 02:06:12,449 [Listener at 127.0.0.1/41437] INFO  handler.ContextHandler (ContextHandler.java:doStop(1154)) - Stopped o.e.j.w.WebAppContext@30c8a541{hddsDatanode,/,null,STOPPED}{jar:file:/home/user/.m2/repository/org/apache/hadoop/hadoop-hdds-container-service/1.2.0-SNAPSHOT/hadoop-hdds-container-service-1.2.0-SNAPSHOT.jar!/webapps/hddsDatanode}
2021-04-24 02:06:12,450 [Listener at 127.0.0.1/41437] INFO  server.AbstractConnector (AbstractConnector.java:doStop(381)) - Stopped ServerConnector@5effc9f0{HTTP/1.1, (http/1.1)}{0.0.0.0:0}
2021-04-24 02:06:12,450 [Listener at 127.0.0.1/41437] INFO  server.session (HouseKeeper.java:stopScavenging(149)) - node0 Stopped scavenging
2021-04-24 02:06:12,450 [Listener at 127.0.0.1/41437] INFO  handler.ContextHandler (ContextHandler.java:doStop(1154)) - Stopped o.e.j.s.ServletContextHandler@14d7959f{static,/static,jar:file:/home/user/.m2/repository/org/apache/hadoop/hadoop-hdds-container-service/1.2.0-SNAPSHOT/hadoop-hdds-container-service-1.2.0-SNAPSHOT.jar!/webapps/static,STOPPED}
2021-04-24 02:06:12,451 [Listener at 127.0.0.1/41437] INFO  handler.ContextHandler (ContextHandler.java:doStop(1154)) - Stopped o.e.j.s.ServletContextHandler@7d43418{logs,/logs,file:///github/workspace/mnt/ozone/hadoop-ozone/integration-test/target/log,STOPPED}
2021-04-24 02:06:12,459 [ForkJoinPool.commonPool-worker-1] INFO  handler.ContextHandler (ContextHandler.java:doStop(1154)) - Stopped o.e.j.w.WebAppContext@4bdef018{hddsDatanode,/,null,STOPPED}{jar:file:/home/user/.m2/repository/org/apache/hadoop/hadoop-hdds-container-service/1.2.0-SNAPSHOT/hadoop-hdds-container-service-1.2.0-SNAPSHOT.jar!/webapps/hddsDatanode}
2021-04-24 02:06:12,460 [ForkJoinPool.commonPool-worker-1] INFO  server.AbstractConnector (AbstractConnector.java:doStop(381)) - Stopped ServerConnector@1ebebf06{HTTP/1.1, (http/1.1)}{0.0.0.0:0}
2021-04-24 02:06:12,460 [ForkJoinPool.commonPool-worker-1] INFO  server.session (HouseKeeper.java:stopScavenging(149)) - node0 Stopped scavenging
2021-04-24 02:06:12,461 [ForkJoinPool.commonPool-worker-1] INFO  handler.ContextHandler (ContextHandler.java:doStop(1154)) - Stopped o.e.j.s.ServletContextHandler@703f32c{static,/static,jar:file:/home/user/.m2/repository/org/apache/hadoop/hadoop-hdds-container-service/1.2.0-SNAPSHOT/hadoop-hdds-container-service-1.2.0-SNAPSHOT.jar!/webapps/static,STOPPED}
2021-04-24 02:06:12,462 [ForkJoinPool.commonPool-worker-1] INFO  handler.ContextHandler (ContextHandler.java:doStop(1154)) - Stopped o.e.j.s.ServletContextHandler@14e43ab3{logs,/logs,file:///github/workspace/mnt/ozone/hadoop-ozone/integration-test/target/log,STOPPED}
2021-04-24 02:06:13,432 [Datanode State Machine Thread - 0] INFO  statemachine.DatanodeStateMachine (DatanodeStateMachine.java:lambda$startDaemon$0(411)) - Ozone container server started.
2021-04-24 02:06:16,015 [e13d3dfe-a7aa-4e77-932b-4a03cf9a588d@group-6FADA685E35F-FollowerState] INFO  impl.FollowerState (FollowerState.java:run(134)) - e13d3dfe-a7aa-4e77-932b-4a03cf9a588d@group-6FADA685E35F-FollowerState: change to CANDIDATE, lastRpcElapsedTime:5075641012ns, electionTimeout:5071ms
2021-04-24 02:06:16,015 [e13d3dfe-a7aa-4e77-932b-4a03cf9a588d@group-6FADA685E35F-FollowerState] INFO  impl.RoleInfo (RoleInfo.java:shutdownFollowerState(108)) - e13d3dfe-a7aa-4e77-932b-4a03cf9a588d: shutdown e13d3dfe-a7aa-4e77-932b-4a03cf9a588d@group-6FADA685E35F-FollowerState
2021-04-24 02:06:16,015 [e13d3dfe-a7aa-4e77-932b-4a03cf9a588d@group-6FADA685E35F-FollowerState] INFO  server.RaftServer$Division (RaftServerImpl.java:setRole(284)) - e13d3dfe-a7aa-4e77-932b-4a03cf9a588d@group-6FADA685E35F: changes role from  FOLLOWER to CANDIDATE at term 6 for changeToCandidate
2021-04-24 02:06:16,016 [e13d3dfe-a7aa-4e77-932b-4a03cf9a588d@group-6FADA685E35F-FollowerState] INFO  server.RaftServerConfigKeys (ConfUtils.java:logGet(44)) - raft.server.leaderelection.pre-vote = false (custom)
2021-04-24 02:06:16,016 [e13d3dfe-a7aa-4e77-932b-4a03cf9a588d@group-6FADA685E35F-FollowerState] INFO  impl.RoleInfo (RoleInfo.java:updateAndGet(130)) - e13d3dfe-a7aa-4e77-932b-4a03cf9a588d: start e13d3dfe-a7aa-4e77-932b-4a03cf9a588d@group-6FADA685E35F-LeaderElection28
2021-04-24 02:06:16,018 [e13d3dfe-a7aa-4e77-932b-4a03cf9a588d@group-6FADA685E35F-LeaderElection28] INFO  impl.LeaderElection (LeaderElection.java:askForVotes(306)) - e13d3dfe-a7aa-4e77-932b-4a03cf9a588d@group-6FADA685E35F-LeaderElection28 ELECTION round 0: submit vote requests at term 7 for 1: [686a54b3-507b-4dc5-8065-04c582627b70|rpc:172.17.0.2:37165|dataStream:|priority:1, e13d3dfe-a7aa-4e77-932b-4a03cf9a588d|rpc:172.17.0.2:43115|dataStream:|priority:0, 506e7d51-44ea-40e0-a2b0-e730f7a28201|rpc:172.17.0.2:37821|dataStream:|priority:0], old=null
2021-04-24 02:06:16,019 [e13d3dfe-a7aa-4e77-932b-4a03cf9a588d@group-6FADA685E35F-LeaderElection28] INFO  impl.LeaderElection (LogUtils.java:infoOrTrace(137)) - e13d3dfe-a7aa-4e77-932b-4a03cf9a588d@group-6FADA685E35F-LeaderElection28 got exception when requesting votes: java.util.concurrent.ExecutionException: org.apache.ratis.thirdparty.io.grpc.StatusRuntimeException: UNAVAILABLE: io exception
2021-04-24 02:06:16,019 [e13d3dfe-a7aa-4e77-932b-4a03cf9a588d@group-6FADA685E35F-LeaderElection28] INFO  impl.LeaderElection (LogUtils.java:infoOrTrace(137)) - e13d3dfe-a7aa-4e77-932b-4a03cf9a588d@group-6FADA685E35F-LeaderElection28 got exception when requesting votes: java.util.concurrent.ExecutionException: org.apache.ratis.thirdparty.io.grpc.StatusRuntimeException: UNAVAILABLE: io exception
2021-04-24 02:06:16,019 [e13d3dfe-a7aa-4e77-932b-4a03cf9a588d@group-6FADA685E35F-LeaderElection28] INFO  impl.LeaderElection (LeaderElection.java:logAndReturn(89)) - e13d3dfe-a7aa-4e77-932b-4a03cf9a588d@group-6FADA685E35F-LeaderElection28: ELECTION REJECTED received 0 response(s) and 2 exception(s):
2021-04-24 02:06:16,019 [e13d3dfe-a7aa-4e77-932b-4a03cf9a588d@group-6FADA685E35F-LeaderElection28] INFO  impl.LeaderElection (LogUtils.java:infoOrTrace(137)) -   Exception 0: java.util.concurrent.ExecutionException: org.apache.ratis.thirdparty.io.grpc.StatusRuntimeException: UNAVAILABLE: io exception
2021-04-24 02:06:16,019 [e13d3dfe-a7aa-4e77-932b-4a03cf9a588d@group-6FADA685E35F-LeaderElection28] INFO  impl.LeaderElection (LogUtils.java:infoOrTrace(137)) -   Exception 1: java.util.concurrent.ExecutionException: org.apache.ratis.thirdparty.io.grpc.StatusRuntimeException: UNAVAILABLE: io exception
2021-04-24 02:06:16,020 [e13d3dfe-a7aa-4e77-932b-4a03cf9a588d@group-6FADA685E35F-LeaderElection28] INFO  impl.LeaderElection (LeaderElection.java:askForVotes(308)) - e13d3dfe-a7aa-4e77-932b-4a03cf9a588d@group-6FADA685E35F-LeaderElection28 ELECTION round 0: result REJECTED
2021-04-24 02:06:16,020 [e13d3dfe-a7aa-4e77-932b-4a03cf9a588d@group-6FADA685E35F-LeaderElection28] INFO  server.RaftServer$Division (RaftServerImpl.java:setRole(284)) - e13d3dfe-a7aa-4e77-932b-4a03cf9a588d@group-6FADA685E35F: changes role from CANDIDATE to FOLLOWER at term 7 for REJECTED
2021-04-24 02:06:16,020 [e13d3dfe-a7aa-4e77-932b-4a03cf9a588d@group-6FADA685E35F-LeaderElection28] INFO  impl.RoleInfo (RoleInfo.java:shutdownLeaderElection(121)) - e13d3dfe-a7aa-4e77-932b-4a03cf9a588d: shutdown e13d3dfe-a7aa-4e77-932b-4a03cf9a588d@group-6FADA685E35F-LeaderElection28
2021-04-24 02:06:16,020 [e13d3dfe-a7aa-4e77-932b-4a03cf9a588d@group-6FADA685E35F-LeaderElection28] INFO  impl.RoleInfo (RoleInfo.java:updateAndGet(130)) - e13d3dfe-a7aa-4e77-932b-4a03cf9a588d: start e13d3dfe-a7aa-4e77-932b-4a03cf9a588d@group-6FADA685E35F-FollowerState
2021-04-24 02:06:16,361 [e13d3dfe-a7aa-4e77-932b-4a03cf9a588d@group-63CE5ECE61CE-FollowerState] INFO  impl.FollowerState (FollowerState.java:lostMajorityHeartbeatsRecently(107)) - e13d3dfe-a7aa-4e77-932b-4a03cf9a588d@group-63CE5ECE61CE-FollowerState: Skipping leader election since it stepped down recently (elapsed = 5175ms < waitTime = 10s)
2021-04-24 02:06:17,454 [Listener at 127.0.0.1/41437] INFO  ozoneimpl.OzoneContainer (OzoneContainer.java:stop(313)) - Attempting to stop container services.
2021-04-24 02:06:17,455 [Listener at 127.0.0.1/41437] INFO  server.RaftServer (RaftServerProxy.java:lambda$close$6(391)) - e13d3dfe-a7aa-4e77-932b-4a03cf9a588d: close
2021-04-24 02:06:17,456 [Listener at 127.0.0.1/41437] INFO  server.RaftServer$Division (RaftServerImpl.java:lambda$close$4(406)) - e13d3dfe-a7aa-4e77-932b-4a03cf9a588d@group-5599E7B703B3: shutdown
2021-04-24 02:06:17,456 [Listener at 127.0.0.1/41437] INFO  util.JmxRegister (JmxRegister.java:unregister(73)) - Successfully un-registered JMX Bean with object name Ratis:service=RaftServer,group=group-5599E7B703B3,id=e13d3dfe-a7aa-4e77-932b-4a03cf9a588d
2021-04-24 02:06:17,456 [Listener at 127.0.0.1/41437] INFO  impl.RoleInfo (RoleInfo.java:shutdownLeaderState(91)) - e13d3dfe-a7aa-4e77-932b-4a03cf9a588d: shutdown e13d3dfe-a7aa-4e77-932b-4a03cf9a588d@group-5599E7B703B3-LeaderStateImpl
2021-04-24 02:06:17,456 [Listener at 127.0.0.1/41437] INFO  impl.PendingRequests (PendingRequests.java:sendNotLeaderResponses(249)) - e13d3dfe-a7aa-4e77-932b-4a03cf9a588d@group-5599E7B703B3-PendingRequests: sendNotLeaderResponses
2021-04-24 02:06:17,456 [Listener at 127.0.0.1/41437] INFO  metrics.RatisMetrics (RatisMetrics.java:unregister(43)) - Unregistering Metrics Registry : ratis.log_appender.e13d3dfe-a7aa-4e77-932b-4a03cf9a588d@group-5599E7B703B3
2021-04-24 02:06:17,457 [Listener at 127.0.0.1/41437] INFO  metrics.RatisMetrics (RatisMetrics.java:unregister(43)) - Unregistering Metrics Registry : ratis.server.e13d3dfe-a7aa-4e77-932b-4a03cf9a588d@group-5599E7B703B3
2021-04-24 02:06:17,457 [Listener at 127.0.0.1/41437] INFO  impl.StateMachineUpdater (StateMachineUpdater.java:stopAndJoin(149)) - e13d3dfe-a7aa-4e77-932b-4a03cf9a588d@group-5599E7B703B3-StateMachineUpdater: set stopIndex = 0
2021-04-24 02:06:17,458 [ForkJoinPool.commonPool-worker-0] INFO  server.RaftServer$Division (RaftServerImpl.java:lambda$close$4(406)) - e13d3dfe-a7aa-4e77-932b-4a03cf9a588d@group-63CE5ECE61CE: shutdown
2021-04-24 02:06:17,458 [ForkJoinPool.commonPool-worker-0] INFO  util.JmxRegister (JmxRegister.java:unregister(73)) - Successfully un-registered JMX Bean with object name Ratis:service=RaftServer,group=group-63CE5ECE61CE,id=e13d3dfe-a7aa-4e77-932b-4a03cf9a588d
2021-04-24 02:06:17,458 [ForkJoinPool.commonPool-worker-0] INFO  impl.RoleInfo (RoleInfo.java:shutdownFollowerState(108)) - e13d3dfe-a7aa-4e77-932b-4a03cf9a588d: shutdown e13d3dfe-a7aa-4e77-932b-4a03cf9a588d@group-63CE5ECE61CE-FollowerState
2021-04-24 02:06:17,458 [e13d3dfe-a7aa-4e77-932b-4a03cf9a588d@group-63CE5ECE61CE-FollowerState] INFO  impl.FollowerState (FollowerState.java:run(143)) - e13d3dfe-a7aa-4e77-932b-4a03cf9a588d@group-63CE5ECE61CE-FollowerState was interrupted: {}
java.lang.InterruptedException: sleep interrupted
	at java.lang.Thread.sleep(Native Method)
	at java.lang.Thread.sleep(Thread.java:340)
	at java.util.concurrent.TimeUnit.sleep(TimeUnit.java:386)
	at org.apache.ratis.util.TimeDuration.sleep(TimeDuration.java:324)
	at org.apache.ratis.util.TimeDuration.sleep(TimeDuration.java:309)
	at org.apache.ratis.server.impl.FollowerState.run(FollowerState.java:118)
2021-04-24 02:06:17,459 [ForkJoinPool.commonPool-worker-0] INFO  impl.StateMachineUpdater (StateMachineUpdater.java:stopAndJoin(149)) - e13d3dfe-a7aa-4e77-932b-4a03cf9a588d@group-63CE5ECE61CE-StateMachineUpdater: set stopIndex = 0
2021-04-24 02:06:17,459 [e13d3dfe-a7aa-4e77-932b-4a03cf9a588d@group-63CE5ECE61CE-StateMachineUpdater] INFO  ratis.ContainerStateMachine (ContainerStateMachine.java:takeSnapshot(292)) - group-63CE5ECE61CE: Taking a snapshot at:(t:1, i:0) file /github/workspace/mnt/ozone/hadoop-ozone/integration-test/target/test-dir/MiniOzoneClusterImpl-6998a6cc-0dbe-4d56-81dc-8335dc1dcef2/datanode-5/data/ratis/1eb8ba7a-f774-418b-be7e-63ce5ece61ce/sm/snapshot.1_0
2021-04-24 02:06:17,458 [e13d3dfe-a7aa-4e77-932b-4a03cf9a588d@group-5599E7B703B3-StateMachineUpdater] INFO  ratis.ContainerStateMachine (ContainerStateMachine.java:takeSnapshot(292)) - group-5599E7B703B3: Taking a snapshot at:(t:1, i:0) file /github/workspace/mnt/ozone/hadoop-ozone/integration-test/target/test-dir/MiniOzoneClusterImpl-6998a6cc-0dbe-4d56-81dc-8335dc1dcef2/datanode-5/data/ratis/838ab7dd-1493-47cd-93b6-5599e7b703b3/sm/snapshot.1_0
2021-04-24 02:06:17,460 [e13d3dfe-a7aa-4e77-932b-4a03cf9a588d@group-63CE5ECE61CE-StateMachineUpdater] INFO  ratis.ContainerStateMachine (ContainerStateMachine.java:takeSnapshot(303)) - group-63CE5ECE61CE: Finished taking a snapshot at:(t:1, i:0) file:/github/workspace/mnt/ozone/hadoop-ozone/integration-test/target/test-dir/MiniOzoneClusterImpl-6998a6cc-0dbe-4d56-81dc-8335dc1dcef2/datanode-5/data/ratis/1eb8ba7a-f774-418b-be7e-63ce5ece61ce/sm/snapshot.1_0 took: 1 ms
2021-04-24 02:06:17,460 [e13d3dfe-a7aa-4e77-932b-4a03cf9a588d@group-63CE5ECE61CE-StateMachineUpdater] INFO  impl.StateMachineUpdater (StateMachineUpdater.java:takeSnapshot(281)) - e13d3dfe-a7aa-4e77-932b-4a03cf9a588d@group-63CE5ECE61CE-StateMachineUpdater: Took a snapshot at index 0
2021-04-24 02:06:17,460 [e13d3dfe-a7aa-4e77-932b-4a03cf9a588d@group-63CE5ECE61CE-StateMachineUpdater] INFO  impl.StateMachineUpdater (StateMachineUpdater.java:lambda$new$0(89)) - e13d3dfe-a7aa-4e77-932b-4a03cf9a588d@group-63CE5ECE61CE-StateMachineUpdater: snapshotIndex: updateIncreasingly -1 -> 0
2021-04-24 02:06:17,461 [e13d3dfe-a7aa-4e77-932b-4a03cf9a588d@group-63CE5ECE61CE-StateMachineUpdater] INFO  metrics.RatisMetrics (RatisMetrics.java:unregister(43)) - Unregistering Metrics Registry : ratis.state_machine.e13d3dfe-a7aa-4e77-932b-4a03cf9a588d@group-63CE5ECE61CE
2021-04-24 02:06:17,461 [e13d3dfe-a7aa-4e77-932b-4a03cf9a588d@group-5599E7B703B3-StateMachineUpdater] INFO  ratis.ContainerStateMachine (ContainerStateMachine.java:takeSnapshot(303)) - group-5599E7B703B3: Finished taking a snapshot at:(t:1, i:0) file:/github/workspace/mnt/ozone/hadoop-ozone/integration-test/target/test-dir/MiniOzoneClusterImpl-6998a6cc-0dbe-4d56-81dc-8335dc1dcef2/datanode-5/data/ratis/838ab7dd-1493-47cd-93b6-5599e7b703b3/sm/snapshot.1_0 took: 4 ms
2021-04-24 02:06:17,461 [e13d3dfe-a7aa-4e77-932b-4a03cf9a588d@group-5599E7B703B3-StateMachineUpdater] INFO  impl.StateMachineUpdater (StateMachineUpdater.java:takeSnapshot(281)) - e13d3dfe-a7aa-4e77-932b-4a03cf9a588d@group-5599E7B703B3-StateMachineUpdater: Took a snapshot at index 0
2021-04-24 02:06:17,461 [e13d3dfe-a7aa-4e77-932b-4a03cf9a588d@group-5599E7B703B3-StateMachineUpdater] INFO  impl.StateMachineUpdater (StateMachineUpdater.java:lambda$new$0(89)) - e13d3dfe-a7aa-4e77-932b-4a03cf9a588d@group-5599E7B703B3-StateMachineUpdater: snapshotIndex: updateIncreasingly -1 -> 0
2021-04-24 02:06:17,461 [e13d3dfe-a7aa-4e77-932b-4a03cf9a588d@group-5599E7B703B3-StateMachineUpdater] INFO  metrics.RatisMetrics (RatisMetrics.java:unregister(43)) - Unregistering Metrics Registry : ratis.state_machine.e13d3dfe-a7aa-4e77-932b-4a03cf9a588d@group-5599E7B703B3
2021-04-24 02:06:17,461 [Listener at 127.0.0.1/41437] INFO  server.RaftServer$Division (ServerState.java:close(405)) - e13d3dfe-a7aa-4e77-932b-4a03cf9a588d@group-5599E7B703B3: closes. applyIndex: 0
2021-04-24 02:06:17,462 [e13d3dfe-a7aa-4e77-932b-4a03cf9a588d@group-5599E7B703B3-SegmentedRaftLogWorker] INFO  segmented.SegmentedRaftLogWorker (SegmentedRaftLogWorker.java:run(327)) - e13d3dfe-a7aa-4e77-932b-4a03cf9a588d@group-5599E7B703B3-SegmentedRaftLogWorker was interrupted, exiting. There are 0 tasks remaining in the queue.
2021-04-24 02:06:17,462 [Listener at 127.0.0.1/41437] INFO  segmented.SegmentedRaftLogWorker (SegmentedRaftLogWorker.java:close(237)) - e13d3dfe-a7aa-4e77-932b-4a03cf9a588d@group-5599E7B703B3-SegmentedRaftLogWorker close()
2021-04-24 02:06:17,462 [ForkJoinPool.commonPool-worker-0] INFO  server.RaftServer$Division (ServerState.java:close(405)) - e13d3dfe-a7aa-4e77-932b-4a03cf9a588d@group-63CE5ECE61CE: closes. applyIndex: 0
2021-04-24 02:06:17,463 [Listener at 127.0.0.1/41437] INFO  metrics.RatisMetrics (RatisMetrics.java:unregister(43)) - Unregistering Metrics Registry : ratis.log_worker.e13d3dfe-a7aa-4e77-932b-4a03cf9a588d@group-5599E7B703B3
2021-04-24 02:06:17,463 [e13d3dfe-a7aa-4e77-932b-4a03cf9a588d@group-63CE5ECE61CE-SegmentedRaftLogWorker] INFO  segmented.SegmentedRaftLogWorker (SegmentedRaftLogWorker.java:run(327)) - e13d3dfe-a7aa-4e77-932b-4a03cf9a588d@group-63CE5ECE61CE-SegmentedRaftLogWorker was interrupted, exiting. There are 0 tasks remaining in the queue.
2021-04-24 02:06:17,463 [ForkJoinPool.commonPool-worker-0] INFO  segmented.SegmentedRaftLogWorker (SegmentedRaftLogWorker.java:close(237)) - e13d3dfe-a7aa-4e77-932b-4a03cf9a588d@group-63CE5ECE61CE-SegmentedRaftLogWorker close()
2021-04-24 02:06:17,463 [Listener at 127.0.0.1/41437] INFO  metrics.RatisMetrics (RatisMetrics.java:unregister(43)) - Unregistering Metrics Registry : ratis.leader_election.e13d3dfe-a7aa-4e77-932b-4a03cf9a588d@group-5599E7B703B3
2021-04-24 02:06:17,464 [ForkJoinPool.commonPool-worker-0] INFO  metrics.RatisMetrics (RatisMetrics.java:unregister(43)) - Unregistering Metrics Registry : ratis.log_worker.e13d3dfe-a7aa-4e77-932b-4a03cf9a588d@group-63CE5ECE61CE
2021-04-24 02:06:17,471 [Listener at 127.0.0.1/41437] INFO  metrics.RatisMetrics (RatisMetrics.java:unregister(43)) - Unregistering Metrics Registry : ratis.server.e13d3dfe-a7aa-4e77-932b-4a03cf9a588d@group-5599E7B703B3
2021-04-24 02:06:17,471 [ForkJoinPool.commonPool-worker-0] INFO  metrics.RatisMetrics (RatisMetrics.java:unregister(43)) - Unregistering Metrics Registry : ratis.leader_election.e13d3dfe-a7aa-4e77-932b-4a03cf9a588d@group-63CE5ECE61CE
2021-04-24 02:06:17,471 [Listener at 127.0.0.1/41437] INFO  server.RaftServer$Division (RaftServerImpl.java:lambda$close$4(406)) - e13d3dfe-a7aa-4e77-932b-4a03cf9a588d@group-6FADA685E35F: shutdown
2021-04-24 02:06:17,471 [ForkJoinPool.commonPool-worker-0] INFO  metrics.RatisMetrics (RatisMetrics.java:unregister(43)) - Unregistering Metrics Registry : ratis.server.e13d3dfe-a7aa-4e77-932b-4a03cf9a588d@group-63CE5ECE61CE
2021-04-24 02:06:17,472 [Listener at 127.0.0.1/41437] INFO  util.JmxRegister (JmxRegister.java:unregister(73)) - Successfully un-registered JMX Bean with object name Ratis:service=RaftServer,group=group-6FADA685E35F,id=e13d3dfe-a7aa-4e77-932b-4a03cf9a588d
2021-04-24 02:06:17,472 [Listener at 127.0.0.1/41437] INFO  impl.RoleInfo (RoleInfo.java:shutdownFollowerState(108)) - e13d3dfe-a7aa-4e77-932b-4a03cf9a588d: shutdown e13d3dfe-a7aa-4e77-932b-4a03cf9a588d@group-6FADA685E35F-FollowerState
2021-04-24 02:06:17,472 [Listener at 127.0.0.1/41437] INFO  impl.StateMachineUpdater (StateMachineUpdater.java:stopAndJoin(149)) - e13d3dfe-a7aa-4e77-932b-4a03cf9a588d@group-6FADA685E35F-StateMachineUpdater: set stopIndex = 1
2021-04-24 02:06:17,472 [e13d3dfe-a7aa-4e77-932b-4a03cf9a588d@group-6FADA685E35F-StateMachineUpdater] INFO  ratis.ContainerStateMachine (ContainerStateMachine.java:takeSnapshot(292)) - group-6FADA685E35F: Taking a snapshot at:(t:5, i:1) file /github/workspace/mnt/ozone/hadoop-ozone/integration-test/target/test-dir/MiniOzoneClusterImpl-6998a6cc-0dbe-4d56-81dc-8335dc1dcef2/datanode-5/data/ratis/0099ddbe-d464-4c63-af52-6fada685e35f/sm/snapshot.5_1
2021-04-24 02:06:17,472 [e13d3dfe-a7aa-4e77-932b-4a03cf9a588d@group-6FADA685E35F-FollowerState] INFO  impl.FollowerState (FollowerState.java:run(143)) - e13d3dfe-a7aa-4e77-932b-4a03cf9a588d@group-6FADA685E35F-FollowerState was interrupted: {}
java.lang.InterruptedException: sleep interrupted
	at java.lang.Thread.sleep(Native Method)
	at java.lang.Thread.sleep(Thread.java:340)
	at java.util.concurrent.TimeUnit.sleep(TimeUnit.java:386)
	at org.apache.ratis.util.TimeDuration.sleep(TimeDuration.java:324)
	at org.apache.ratis.util.TimeDuration.sleep(TimeDuration.java:309)
	at org.apache.ratis.server.impl.FollowerState.run(FollowerState.java:118)
2021-04-24 02:06:17,473 [e13d3dfe-a7aa-4e77-932b-4a03cf9a588d@group-6FADA685E35F-StateMachineUpdater] INFO  ratis.ContainerStateMachine (ContainerStateMachine.java:takeSnapshot(303)) - group-6FADA685E35F: Finished taking a snapshot at:(t:5, i:1) file:/github/workspace/mnt/ozone/hadoop-ozone/integration-test/target/test-dir/MiniOzoneClusterImpl-6998a6cc-0dbe-4d56-81dc-8335dc1dcef2/datanode-5/data/ratis/0099ddbe-d464-4c63-af52-6fada685e35f/sm/snapshot.5_1 took: 1 ms
2021-04-24 02:06:17,473 [e13d3dfe-a7aa-4e77-932b-4a03cf9a588d@group-6FADA685E35F-StateMachineUpdater] INFO  impl.StateMachineUpdater (StateMachineUpdater.java:takeSnapshot(281)) - e13d3dfe-a7aa-4e77-932b-4a03cf9a588d@group-6FADA685E35F-StateMachineUpdater: Took a snapshot at index 1
2021-04-24 02:06:17,473 [e13d3dfe-a7aa-4e77-932b-4a03cf9a588d@group-6FADA685E35F-StateMachineUpdater] INFO  impl.StateMachineUpdater (StateMachineUpdater.java:lambda$new$0(89)) - e13d3dfe-a7aa-4e77-932b-4a03cf9a588d@group-6FADA685E35F-StateMachineUpdater: snapshotIndex: updateIncreasingly -1 -> 1
2021-04-24 02:06:17,473 [e13d3dfe-a7aa-4e77-932b-4a03cf9a588d@group-6FADA685E35F-StateMachineUpdater] INFO  metrics.RatisMetrics (RatisMetrics.java:unregister(43)) - Unregistering Metrics Registry : ratis.state_machine.e13d3dfe-a7aa-4e77-932b-4a03cf9a588d@group-6FADA685E35F
2021-04-24 02:06:17,473 [Listener at 127.0.0.1/41437] INFO  server.RaftServer$Division (ServerState.java:close(405)) - e13d3dfe-a7aa-4e77-932b-4a03cf9a588d@group-6FADA685E35F: closes. applyIndex: 1
2021-04-24 02:06:17,474 [e13d3dfe-a7aa-4e77-932b-4a03cf9a588d@group-6FADA685E35F-SegmentedRaftLogWorker] INFO  segmented.SegmentedRaftLogWorker (SegmentedRaftLogWorker.java:run(327)) - e13d3dfe-a7aa-4e77-932b-4a03cf9a588d@group-6FADA685E35F-SegmentedRaftLogWorker was interrupted, exiting. There are 0 tasks remaining in the queue.
2021-04-24 02:06:17,474 [Listener at 127.0.0.1/41437] INFO  segmented.SegmentedRaftLogWorker (SegmentedRaftLogWorker.java:close(237)) - e13d3dfe-a7aa-4e77-932b-4a03cf9a588d@group-6FADA685E35F-SegmentedRaftLogWorker close()
2021-04-24 02:06:17,475 [Listener at 127.0.0.1/41437] INFO  metrics.RatisMetrics (RatisMetrics.java:unregister(43)) - Unregistering Metrics Registry : ratis.log_worker.e13d3dfe-a7aa-4e77-932b-4a03cf9a588d@group-6FADA685E35F
2021-04-24 02:06:17,475 [Listener at 127.0.0.1/41437] INFO  metrics.RatisMetrics (RatisMetrics.java:unregister(43)) - Unregistering Metrics Registry : ratis.leader_election.e13d3dfe-a7aa-4e77-932b-4a03cf9a588d@group-6FADA685E35F
2021-04-24 02:06:17,475 [Listener at 127.0.0.1/41437] INFO  metrics.RatisMetrics (RatisMetrics.java:unregister(43)) - Unregistering Metrics Registry : ratis.server.e13d3dfe-a7aa-4e77-932b-4a03cf9a588d@group-6FADA685E35F
2021-04-24 02:06:17,476 [Listener at 127.0.0.1/41437] INFO  server.GrpcService (GrpcService.java:closeImpl(262)) - e13d3dfe-a7aa-4e77-932b-4a03cf9a588d: shutdown server with port 43115 now
2021-04-24 02:06:17,480 [Listener at 127.0.0.1/41437] INFO  server.GrpcService (GrpcService.java:closeImpl(271)) - e13d3dfe-a7aa-4e77-932b-4a03cf9a588d: shutdown server with port 43115 successfully
2021-04-24 02:06:17,480 [org.apache.ratis.util.JvmPauseMonitor$$Lambda$504/1072999122@34da96e] INFO  util.JvmPauseMonitor (JvmPauseMonitor.java:run(109)) - JvmPauseMonitor-e13d3dfe-a7aa-4e77-932b-4a03cf9a588d: Stopped
2021-04-24 02:06:17,481 [Listener at 127.0.0.1/41437] INFO  utils.BackgroundService (BackgroundService.java:shutdown(132)) - Shutting down service BlockDeletingService
2021-04-24 02:06:17,482 [Listener at 127.0.0.1/41437] INFO  statemachine.DatanodeStateMachine (DatanodeStateMachine.java:stopDaemon(469)) - Ozone container server stopped.
2021-04-24 02:06:17,495 [Listener at 127.0.0.1/41437] INFO  handler.ContextHandler (ContextHandler.java:doStop(1154)) - Stopped o.e.j.w.WebAppContext@772f9626{hddsDatanode,/,null,STOPPED}{jar:file:/home/user/.m2/repository/org/apache/hadoop/hadoop-hdds-container-service/1.2.0-SNAPSHOT/hadoop-hdds-container-service-1.2.0-SNAPSHOT.jar!/webapps/hddsDatanode}
2021-04-24 02:06:17,495 [Listener at 127.0.0.1/41437] INFO  server.AbstractConnector (AbstractConnector.java:doStop(381)) - Stopped ServerConnector@5e184fea{HTTP/1.1, (http/1.1)}{0.0.0.0:0}
2021-04-24 02:06:17,496 [Listener at 127.0.0.1/41437] INFO  server.session (HouseKeeper.java:stopScavenging(149)) - node0 Stopped scavenging
2021-04-24 02:06:17,497 [Listener at 127.0.0.1/41437] INFO  handler.ContextHandler (ContextHandler.java:doStop(1154)) - Stopped o.e.j.s.ServletContextHandler@6b1ad27d{static,/static,jar:file:/home/user/.m2/repository/org/apache/hadoop/hadoop-hdds-container-service/1.2.0-SNAPSHOT/hadoop-hdds-container-service-1.2.0-SNAPSHOT.jar!/webapps/static,STOPPED}
2021-04-24 02:06:17,497 [Listener at 127.0.0.1/41437] INFO  handler.ContextHandler (ContextHandler.java:doStop(1154)) - Stopped o.e.j.s.ServletContextHandler@55561de0{logs,/logs,file:///github/workspace/mnt/ozone/hadoop-ozone/integration-test/target/log,STOPPED}
2021-04-24 02:06:17,498 [Listener at 127.0.0.1/41437] INFO  ozone.MiniOzoneClusterImpl (MiniOzoneClusterImpl.java:stopSCM(531)) - Stopping the StorageContainerManager
2021-04-24 02:06:17,498 [Listener at 127.0.0.1/41437] INFO  server.StorageContainerManager (StorageContainerManager.java:stop(1219)) - Stopping Replication Manager Service.
2021-04-24 02:06:17,498 [Listener at 127.0.0.1/41437] INFO  container.ReplicationManager (ReplicationManager.java:stop(267)) - Stopping Replication Monitor Thread.
2021-04-24 02:06:17,499 [Listener at 127.0.0.1/41437] INFO  server.StorageContainerManager (StorageContainerManager.java:stop(1226)) - Stopping the Datanode Admin Monitor.
2021-04-24 02:06:17,499 [Listener at 127.0.0.1/41437] INFO  server.StorageContainerManager (StorageContainerManager.java:stop(1233)) - Stopping Lease Manager of the command watchers
2021-04-24 02:06:17,499 [Listener at 127.0.0.1/41437] INFO  server.StorageContainerManager (StorageContainerManager.java:stop(1240)) - Stopping datanode service RPC server
2021-04-24 02:06:17,499 [Listener at 127.0.0.1/41437] INFO  server.SCMDatanodeProtocolServer (SCMDatanodeProtocolServer.java:stop(374)) - Stopping the RPC server for DataNodes
2021-04-24 02:06:17,499 [Listener at 127.0.0.1/41437] INFO  ipc.Server (Server.java:stop(3403)) - Stopping server on 44563
2021-04-24 02:06:17,501 [IPC Server Responder] INFO  ipc.Server (Server.java:run(1502)) - Stopping IPC Server Responder
2021-04-24 02:06:17,501 [IPC Server listener on 0] INFO  ipc.Server (Server.java:run(1366)) - Stopping IPC Server listener on 0
2021-04-24 02:06:17,594 [SCM Heartbeat Processing Thread - 0] WARN  node.NodeStateManager (NodeStateManager.java:scheduleNextHealthCheck(688)) - Current Thread is interrupted, shutting down HB processing thread for Node Manager.
2021-04-24 02:06:17,595 [Listener at 127.0.0.1/41437] INFO  server.StorageContainerManager (StorageContainerManager.java:stop(1248)) - Stopping block service RPC server
2021-04-24 02:06:17,595 [Listener at 127.0.0.1/41437] INFO  server.SCMBlockProtocolServer (SCMBlockProtocolServer.java:stop(158)) - Stopping the RPC server for Block Protocol
2021-04-24 02:06:17,595 [Listener at 127.0.0.1/41437] INFO  ipc.Server (Server.java:stop(3403)) - Stopping server on 39899
2021-04-24 02:06:17,598 [IPC Server listener on 0] INFO  ipc.Server (Server.java:run(1366)) - Stopping IPC Server listener on 0
2021-04-24 02:06:17,599 [IPC Server Responder] INFO  ipc.Server (Server.java:run(1502)) - Stopping IPC Server Responder
2021-04-24 02:06:17,599 [Listener at 127.0.0.1/41437] INFO  server.StorageContainerManager (StorageContainerManager.java:stop(1255)) - Stopping the StorageContainerLocationProtocol RPC server
2021-04-24 02:06:17,599 [Listener at 127.0.0.1/41437] INFO  server.SCMClientProtocolServer (SCMClientProtocolServer.java:stop(166)) - Stopping the RPC server for Client Protocol
2021-04-24 02:06:17,600 [Listener at 127.0.0.1/41437] INFO  ipc.Server (Server.java:stop(3403)) - Stopping server on 38745
2021-04-24 02:06:17,602 [IPC Server listener on 0] INFO  ipc.Server (Server.java:run(1366)) - Stopping IPC Server listener on 0
2021-04-24 02:06:17,602 [Listener at 127.0.0.1/41437] INFO  server.StorageContainerManager (StorageContainerManager.java:stop(1262)) - Stopping Storage Container Manager HTTP server.
2021-04-24 02:06:17,602 [IPC Server Responder] INFO  ipc.Server (Server.java:run(1502)) - Stopping IPC Server Responder
2021-04-24 02:06:17,603 [Listener at 127.0.0.1/41437] INFO  handler.ContextHandler (ContextHandler.java:doStop(1154)) - Stopped o.e.j.w.WebAppContext@5352ac78{scm,/,null,STOPPED}{file:/github/workspace/mnt/ozone/hadoop-ozone/integration-test/target/test-classes/webapps/scm}
2021-04-24 02:06:17,604 [Listener at 127.0.0.1/41437] INFO  server.AbstractConnector (AbstractConnector.java:doStop(381)) - Stopped ServerConnector@3abe95d{HTTP/1.1, (http/1.1)}{0.0.0.0:0}
2021-04-24 02:06:17,604 [Listener at 127.0.0.1/41437] INFO  server.session (HouseKeeper.java:stopScavenging(149)) - node0 Stopped scavenging
2021-04-24 02:06:17,604 [Listener at 127.0.0.1/41437] INFO  handler.ContextHandler (ContextHandler.java:doStop(1154)) - Stopped o.e.j.s.ServletContextHandler@2f7d7976{static,/static,file:///github/workspace/mnt/ozone/hadoop-ozone/integration-test/target/test-classes/webapps/static,STOPPED}
2021-04-24 02:06:17,605 [Listener at 127.0.0.1/41437] INFO  handler.ContextHandler (ContextHandler.java:doStop(1154)) - Stopped o.e.j.s.ServletContextHandler@311a89bb{logs,/logs,file:///github/workspace/mnt/ozone/hadoop-ozone/integration-test/target/log,STOPPED}
2021-04-24 02:06:17,606 [Listener at 127.0.0.1/41437] INFO  server.StorageContainerManager (StorageContainerManager.java:stop(1273)) - Stopping Block Manager Service.
2021-04-24 02:06:17,607 [Listener at 127.0.0.1/41437] INFO  utils.BackgroundService (BackgroundService.java:shutdown(132)) - Shutting down service SCMBlockDeletingService
2021-04-24 02:06:17,607 [Listener at 127.0.0.1/41437] INFO  utils.BackgroundService (BackgroundService.java:shutdown(132)) - Shutting down service SCMBlockDeletingService
2021-04-24 02:06:17,610 [Listener at 127.0.0.1/41437] INFO  server.StorageContainerManager (StorageContainerManager.java:stop(1298)) - Stopping SCM Event Queue.
2021-04-24 02:06:17,611 [Listener at 127.0.0.1/41437] WARN  pipeline.BackgroundPipelineCreator (BackgroundPipelineCreatorV2.java:stop(154)) - RatisPipelineUtilsThread is not running, just ignore.
2021-04-24 02:06:17,614 [Listener at 127.0.0.1/41437] INFO  impl.MetricsSystemImpl (MetricsSystemImpl.java:stop(210)) - Stopping XceiverClientMetrics metrics system...
2021-04-24 02:06:17,617 [prometheus] INFO  impl.MetricsSinkAdapter (MetricsSinkAdapter.java:publishMetricsFromQueue(141)) - prometheus thread interrupted.
2021-04-24 02:06:17,617 [Listener at 127.0.0.1/41437] INFO  impl.MetricsSystemImpl (MetricsSystemImpl.java:stop(216)) - XceiverClientMetrics metrics system stopped.
]]></system-out>
    <system-err><![CDATA[Apr 24, 2021 2:06:07 AM org.apache.ratis.thirdparty.io.grpc.internal.ManagedChannelOrphanWrapper$ManagedChannelReference cleanQueue
SEVERE: *~*~*~ Channel ManagedChannelImpl{logId=197, target=172.17.0.2:37165} was not shutdown properly!!! ~*~*~*
    Make sure to call shutdown()/shutdownNow() and wait until awaitTermination() returns true.
java.lang.RuntimeException: ManagedChannel allocation site
	at org.apache.ratis.thirdparty.io.grpc.internal.ManagedChannelOrphanWrapper$ManagedChannelReference.<init>(ManagedChannelOrphanWrapper.java:93)
	at org.apache.ratis.thirdparty.io.grpc.internal.ManagedChannelOrphanWrapper.<init>(ManagedChannelOrphanWrapper.java:53)
	at org.apache.ratis.thirdparty.io.grpc.internal.ManagedChannelOrphanWrapper.<init>(ManagedChannelOrphanWrapper.java:44)
	at org.apache.ratis.thirdparty.io.grpc.internal.ManagedChannelImplBuilder.build(ManagedChannelImplBuilder.java:596)
	at org.apache.ratis.thirdparty.io.grpc.ForwardingChannelBuilder.build(ForwardingChannelBuilder.java:255)
	at org.apache.ratis.grpc.client.GrpcClientProtocolClient.buildChannel(GrpcClientProtocolClient.java:159)
	at org.apache.ratis.grpc.client.GrpcClientProtocolClient.<init>(GrpcClientProtocolClient.java:110)
	at org.apache.ratis.grpc.client.GrpcClientRpc.lambda$new$0(GrpcClientRpc.java:57)
	at org.apache.ratis.util.PeerProxyMap$PeerAndProxy.lambda$getProxy$0(PeerProxyMap.java:63)
	at org.apache.ratis.util.LifeCycle.startAndTransition(LifeCycle.java:270)
	at org.apache.ratis.util.PeerProxyMap$PeerAndProxy.getProxy(PeerProxyMap.java:62)
	at org.apache.ratis.util.PeerProxyMap.getProxy(PeerProxyMap.java:114)
	at org.apache.ratis.grpc.client.GrpcClientRpc.sendRequestAsync(GrpcClientRpc.java:67)
	at org.apache.ratis.client.impl.OrderedAsync.sendRequest(OrderedAsync.java:235)
	at org.apache.ratis.client.impl.OrderedAsync.sendRequestWithRetry(OrderedAsync.java:189)
	at org.apache.ratis.util.SlidingWindow$Client.sendOrDelayRequest(SlidingWindow.java:280)
	at org.apache.ratis.util.SlidingWindow$Client.retry(SlidingWindow.java:296)
	at org.apache.ratis.client.impl.OrderedAsync.lambda$scheduleWithTimeout$7(OrderedAsync.java:222)
	at org.apache.ratis.util.TimeoutScheduler.lambda$onTimeout$0(TimeoutScheduler.java:141)
	at org.apache.ratis.util.TimeoutScheduler.lambda$onTimeout$1(TimeoutScheduler.java:155)
	at org.apache.ratis.util.LogUtils.runAndLog(LogUtils.java:38)
	at org.apache.ratis.util.LogUtils$1.run(LogUtils.java:79)
	at java.util.concurrent.Executors$RunnableAdapter.call(Executors.java:511)
	at java.util.concurrent.FutureTask.run(FutureTask.java:266)
	at java.util.concurrent.ScheduledThreadPoolExecutor$ScheduledFutureTask.access$201(ScheduledThreadPoolExecutor.java:180)
	at java.util.concurrent.ScheduledThreadPoolExecutor$ScheduledFutureTask.run(ScheduledThreadPoolExecutor.java:293)
	at java.util.concurrent.ThreadPoolExecutor.runWorker(ThreadPoolExecutor.java:1149)
	at java.util.concurrent.ThreadPoolExecutor$Worker.run(ThreadPoolExecutor.java:624)
	at java.lang.Thread.run(Thread.java:748)

]]></system-err>
  </testcase>
  <testcase name="testReleaseBuffersOnException" classname="org.apache.hadoop.ozone.client.rpc.TestCommitWatcher" time="67.229"/>
</testsuite>