<?xml version="1.0" encoding="UTF-8"?>
<testsuite xmlns:xsi="http://www.w3.org/2001/XMLSchema-instance" xsi:noNamespaceSchemaLocation="https://maven.apache.org/surefire/maven-surefire-plugin/xsd/surefire-test-report.xsd" name="org.apache.hadoop.ozone.client.rpc.TestReadRetries" time="54.543" tests="1" errors="0" skipped="0" failures="1">
  <properties>
    <property name="awt.toolkit" value="sun.awt.X11.XToolkit"/>
    <property name="file.encoding.pkg" value="sun.io"/>
    <property name="java.specification.version" value="1.8"/>
    <property name="sun.cpu.isalist" value=""/>
    <property name="sun.jnu.encoding" value="ANSI_X3.4-1968"/>
    <property name="java.class.path" value="/github/workspace/mnt/ozone/hadoop-ozone/integration-test/target/test-classes:/github/workspace/mnt/ozone/hadoop-ozone/integration-test/target/classes:/home/user/.m2/repository/org/apache/hadoop/hadoop-ozone-common/0.6.0-SNAPSHOT/hadoop-ozone-common-0.6.0-SNAPSHOT.jar:/home/user/.m2/repository/org/apache/commons/commons-compress/1.4.1/commons-compress-1.4.1.jar:/home/user/.m2/repository/org/tukaani/xz/1.0/xz-1.0.jar:/home/user/.m2/repository/org/apache/hadoop/hadoop-hdds-common/0.6.0-SNAPSHOT/hadoop-hdds-common-0.6.0-SNAPSHOT.jar:/home/user/.m2/repository/info/picocli/picocli/3.9.6/picocli-3.9.6.jar:/home/user/.m2/repository/com/fasterxml/jackson/core/jackson-annotations/2.10.3/jackson-annotations-2.10.3.jar:/home/user/.m2/repository/javax/annotation/javax.annotation-api/1.2/javax.annotation-api-1.2.jar:/home/user/.m2/repository/org/apache/ratis/ratis-server/0.6.0-cac3336-SNAPSHOT/ratis-server-0.6.0-cac3336-SNAPSHOT.jar:/home/user/.m2/repository/org/apache/ratis/ratis-thirdparty-misc/0.4.0/ratis-thirdparty-misc-0.4.0.jar:/home/user/.m2/repository/org/apache/ratis/ratis-client/0.6.0-cac3336-SNAPSHOT/ratis-client-0.6.0-cac3336-SNAPSHOT.jar:/home/user/.m2/repository/org/apache/ratis/ratis-metrics/0.6.0-cac3336-SNAPSHOT/ratis-metrics-0.6.0-cac3336-SNAPSHOT.jar:/home/user/.m2/repository/org/apache/ratis/ratis-netty/0.6.0-cac3336-SNAPSHOT/ratis-netty-0.6.0-cac3336-SNAPSHOT.jar:/home/user/.m2/repository/org/apache/ratis/ratis-grpc/0.6.0-cac3336-SNAPSHOT/ratis-grpc-0.6.0-cac3336-SNAPSHOT.jar:/home/user/.m2/repository/org/apache/logging/log4j/log4j-api/2.11.0/log4j-api-2.11.0.jar:/home/user/.m2/repository/org/apache/logging/log4j/log4j-core/2.11.0/log4j-core-2.11.0.jar:/home/user/.m2/repository/com/lmax/disruptor/3.4.2/disruptor-3.4.2.jar:/home/user/.m2/repository/org/apache/commons/commons-pool2/2.6.0/commons-pool2-2.6.0.jar:/home/user/.m2/repository/org/bouncycastle/bcpkix-jdk15on/1.60/bcpkix-jdk15on-1.60.jar:/home/user/.m2/repository/commons-validator/commons-validator/1.6/commons-validator-1.6.jar:/home/user/.m2/repository/commons-digester/commons-digester/1.8.1/commons-digester-1.8.1.jar:/home/user/.m2/repository/io/jaegertracing/jaeger-client/1.2.0/jaeger-client-1.2.0.jar:/home/user/.m2/repository/io/jaegertracing/jaeger-thrift/1.2.0/jaeger-thrift-1.2.0.jar:/home/user/.m2/repository/org/apache/thrift/libthrift/0.13.0/libthrift-0.13.0.jar:/home/user/.m2/repository/com/squareup/okhttp3/okhttp/4.2.2/okhttp-4.2.2.jar:/home/user/.m2/repository/com/squareup/okio/okio/2.2.2/okio-2.2.2.jar:/home/user/.m2/repository/org/jetbrains/kotlin/kotlin-stdlib/1.3.50/kotlin-stdlib-1.3.50.jar:/home/user/.m2/repository/org/jetbrains/kotlin/kotlin-stdlib-common/1.3.50/kotlin-stdlib-common-1.3.50.jar:/home/user/.m2/repository/org/jetbrains/annotations/13.0/annotations-13.0.jar:/home/user/.m2/repository/io/jaegertracing/jaeger-core/1.2.0/jaeger-core-1.2.0.jar:/home/user/.m2/repository/io/jaegertracing/jaeger-tracerresolver/1.2.0/jaeger-tracerresolver-1.2.0.jar:/home/user/.m2/repository/io/opentracing/contrib/opentracing-tracerresolver/0.1.8/opentracing-tracerresolver-0.1.8.jar:/home/user/.m2/repository/io/opentracing/opentracing-util/0.33.0/opentracing-util-0.33.0.jar:/home/user/.m2/repository/io/opentracing/opentracing-api/0.33.0/opentracing-api-0.33.0.jar:/home/user/.m2/repository/io/opentracing/opentracing-noop/0.33.0/opentracing-noop-0.33.0.jar:/home/user/.m2/repository/org/apache/hadoop/hadoop-hdds-client/0.6.0-SNAPSHOT/hadoop-hdds-client-0.6.0-SNAPSHOT.jar:/home/user/.m2/repository/org/apache/hadoop/hadoop-hdds-test-utils/0.6.0-SNAPSHOT/hadoop-hdds-test-utils-0.6.0-SNAPSHOT.jar:/home/user/.m2/repository/com/google/guava/guava/28.2-jre/guava-28.2-jre.jar:/home/user/.m2/repository/com/google/guava/failureaccess/1.0.1/failureaccess-1.0.1.jar:/home/user/.m2/repository/com/google/guava/listenablefuture/9999.0-empty-to-avoid-conflict-with-guava/listenablefuture-9999.0-empty-to-avoid-conflict-with-guava.jar:/home/user/.m2/repository/com/google/code/findbugs/jsr305/3.0.0/jsr305-3.0.0.jar:/home/user/.m2/repository/org/checkerframework/checker-qual/2.10.0/checker-qual-2.10.0.jar:/home/user/.m2/repository/com/google/errorprone/error_prone_annotations/2.2.0/error_prone_annotations-2.2.0.jar:/home/user/.m2/repository/com/google/j2objc/j2objc-annotations/1.3/j2objc-annotations-1.3.jar:/home/user/.m2/repository/commons-io/commons-io/2.5/commons-io-2.5.jar:/home/user/.m2/repository/commons-logging/commons-logging/1.2/commons-logging-1.2.jar:/home/user/.m2/repository/log4j/log4j/1.2.17/log4j-1.2.17.jar:/home/user/.m2/repository/org/slf4j/slf4j-api/1.7.25/slf4j-api-1.7.25.jar:/home/user/.m2/repository/org/apache/hadoop/hadoop-hdds-server-scm/0.6.0-SNAPSHOT/hadoop-hdds-server-scm-0.6.0-SNAPSHOT.jar:/home/user/.m2/repository/org/apache/hadoop/hadoop-hdds-container-service/0.6.0-SNAPSHOT/hadoop-hdds-container-service-0.6.0-SNAPSHOT.jar:/home/user/.m2/repository/org/apache/hadoop/hadoop-hdds-hadoop-dependency-server/0.6.0-SNAPSHOT/hadoop-hdds-hadoop-dependency-server-0.6.0-SNAPSHOT.jar:/home/user/.m2/repository/org/apache/hadoop/hadoop-hdds-server-framework/0.6.0-SNAPSHOT/hadoop-hdds-server-framework-0.6.0-SNAPSHOT.jar:/home/user/.m2/repository/org/rocksdb/rocksdbjni/6.6.4/rocksdbjni-6.6.4.jar:/home/user/.m2/repository/io/prometheus/simpleclient_dropwizard/0.7.0/simpleclient_dropwizard-0.7.0.jar:/home/user/.m2/repository/io/prometheus/simpleclient/0.7.0/simpleclient-0.7.0.jar:/home/user/.m2/repository/io/prometheus/simpleclient_common/0.7.0/simpleclient_common-0.7.0.jar:/home/user/.m2/repository/com/fasterxml/jackson/datatype/jackson-datatype-jsr310/2.10.3/jackson-datatype-jsr310-2.10.3.jar:/home/user/.m2/repository/org/apache/hadoop/hadoop-hdds-docs/0.6.0-SNAPSHOT/hadoop-hdds-docs-0.6.0-SNAPSHOT.jar:/home/user/.m2/repository/io/dropwizard/metrics/metrics-core/3.2.4/metrics-core-3.2.4.jar:/home/user/.m2/repository/org/apache/hadoop/hadoop-hdfs-client/3.2.1/hadoop-hdfs-client-3.2.1.jar:/home/user/.m2/repository/org/bouncycastle/bcprov-jdk15on/1.60/bcprov-jdk15on-1.60.jar:/home/user/.m2/repository/org/apache/hadoop/hadoop-ozone-ozone-manager/0.6.0-SNAPSHOT/hadoop-ozone-ozone-manager-0.6.0-SNAPSHOT.jar:/home/user/.m2/repository/org/apache/hadoop/hadoop-minikdc/3.2.1/hadoop-minikdc-3.2.1.jar:/home/user/.m2/repository/org/apache/kerby/kerb-simplekdc/1.0.1/kerb-simplekdc-1.0.1.jar:/home/user/.m2/repository/org/apache/kerby/kerb-client/1.0.1/kerb-client-1.0.1.jar:/home/user/.m2/repository/org/apache/kerby/kerby-config/1.0.1/kerby-config-1.0.1.jar:/home/user/.m2/repository/org/apache/kerby/kerb-core/1.0.1/kerb-core-1.0.1.jar:/home/user/.m2/repository/org/apache/kerby/kerby-pkix/1.0.1/kerby-pkix-1.0.1.jar:/home/user/.m2/repository/org/apache/kerby/kerby-asn1/1.0.1/kerby-asn1-1.0.1.jar:/home/user/.m2/repository/org/apache/kerby/kerby-util/1.0.1/kerby-util-1.0.1.jar:/home/user/.m2/repository/org/apache/kerby/kerb-common/1.0.1/kerb-common-1.0.1.jar:/home/user/.m2/repository/org/apache/kerby/kerb-crypto/1.0.1/kerb-crypto-1.0.1.jar:/home/user/.m2/repository/org/apache/kerby/kerb-util/1.0.1/kerb-util-1.0.1.jar:/home/user/.m2/repository/org/apache/kerby/token-provider/1.0.1/token-provider-1.0.1.jar:/home/user/.m2/repository/org/apache/kerby/kerb-admin/1.0.1/kerb-admin-1.0.1.jar:/home/user/.m2/repository/org/apache/kerby/kerb-server/1.0.1/kerb-server-1.0.1.jar:/home/user/.m2/repository/org/apache/kerby/kerb-identity/1.0.1/kerb-identity-1.0.1.jar:/home/user/.m2/repository/org/apache/kerby/kerby-xdr/1.0.1/kerby-xdr-1.0.1.jar:/home/user/.m2/repository/org/slf4j/slf4j-log4j12/1.7.25/slf4j-log4j12-1.7.25.jar:/home/user/.m2/repository/org/apache/hadoop/hadoop-ozone-s3gateway/0.6.0-SNAPSHOT/hadoop-ozone-s3gateway-0.6.0-SNAPSHOT.jar:/home/user/.m2/repository/org/jboss/weld/servlet/weld-servlet/2.4.7.Final/weld-servlet-2.4.7.Final.jar:/home/user/.m2/repository/org/glassfish/jersey/containers/jersey-container-servlet-core/2.27/jersey-container-servlet-core-2.27.jar:/home/user/.m2/repository/org/glassfish/hk2/external/javax.inject/2.5.0-b42/javax.inject-2.5.0-b42.jar:/home/user/.m2/repository/org/glassfish/jersey/core/jersey-common/2.27/jersey-common-2.27.jar:/home/user/.m2/repository/org/glassfish/hk2/osgi-resource-locator/1.0.1/osgi-resource-locator-1.0.1.jar:/home/user/.m2/repository/javax/ws/rs/javax.ws.rs-api/2.1/javax.ws.rs-api-2.1.jar:/home/user/.m2/repository/org/glassfish/jersey/ext/cdi/jersey-cdi1x/2.27/jersey-cdi1x-2.27.jar:/home/user/.m2/repository/org/glassfish/jersey/inject/jersey-hk2/2.27/jersey-hk2-2.27.jar:/home/user/.m2/repository/org/glassfish/hk2/hk2-locator/2.5.0-b42/hk2-locator-2.5.0-b42.jar:/home/user/.m2/repository/org/javassist/javassist/3.22.0-CR2/javassist-3.22.0-CR2.jar:/home/user/.m2/repository/org/glassfish/hk2/hk2-api/2.5.0/hk2-api-2.5.0.jar:/home/user/.m2/repository/org/glassfish/hk2/external/jakarta.inject/2.5.0/jakarta.inject-2.5.0.jar:/home/user/.m2/repository/org/glassfish/hk2/hk2-utils/2.5.0/hk2-utils-2.5.0.jar:/home/user/.m2/repository/jakarta/annotation/jakarta.annotation-api/1.3.4/jakarta.annotation-api-1.3.4.jar:/home/user/.m2/repository/org/glassfish/hk2/external/aopalliance-repackaged/2.5.0/aopalliance-repackaged-2.5.0.jar:/home/user/.m2/repository/com/fasterxml/jackson/dataformat/jackson-dataformat-xml/2.10.3/jackson-dataformat-xml-2.10.3.jar:/home/user/.m2/repository/com/fasterxml/jackson/core/jackson-core/2.10.3/jackson-core-2.10.3.jar:/home/user/.m2/repository/com/fasterxml/jackson/module/jackson-module-jaxb-annotations/2.10.3/jackson-module-jaxb-annotations-2.10.3.jar:/home/user/.m2/repository/jakarta/xml/bind/jakarta.xml.bind-api/2.3.2/jakarta.xml.bind-api-2.3.2.jar:/home/user/.m2/repository/jakarta/activation/jakarta.activation-api/1.2.1/jakarta.activation-api-1.2.1.jar:/home/user/.m2/repository/org/codehaus/woodstox/stax2-api/3.1.4/stax2-api-3.1.4.jar:/home/user/.m2/repository/com/fasterxml/woodstox/woodstox-core/5.0.3/woodstox-core-5.0.3.jar:/home/user/.m2/repository/javax/enterprise/cdi-api/1.2/cdi-api-1.2.jar:/home/user/.m2/repository/javax/el/javax.el-api/3.0.0/javax.el-api-3.0.0.jar:/home/user/.m2/repository/javax/interceptor/javax.interceptor-api/1.2/javax.interceptor-api-1.2.jar:/home/user/.m2/repository/javax/inject/javax.inject/1/javax.inject-1.jar:/home/user/.m2/repository/com/sun/xml/bind/jaxb-impl/2.3.0.1/jaxb-impl-2.3.0.1.jar:/home/user/.m2/repository/com/sun/xml/bind/jaxb-core/2.3.0.1/jaxb-core-2.3.0.1.jar:/home/user/.m2/repository/javax/xml/bind/jaxb-api/2.3.0/jaxb-api-2.3.0.jar:/home/user/.m2/repository/javax/activation/activation/1.1.1/activation-1.1.1.jar:/home/user/.m2/repository/org/apache/hadoop/hadoop-ozone-csi/0.6.0-SNAPSHOT/hadoop-ozone-csi-0.6.0-SNAPSHOT.jar:/home/user/.m2/repository/com/google/protobuf/protobuf-java-util/3.11.0/protobuf-java-util-3.11.0.jar:/home/user/.m2/repository/com/google/code/gson/gson/2.2.4/gson-2.2.4.jar:/home/user/.m2/repository/org/apache/hadoop/hadoop-hdds-config/0.6.0-SNAPSHOT/hadoop-hdds-config-0.6.0-SNAPSHOT.jar:/home/user/.m2/repository/com/google/protobuf/protobuf-java/2.5.0/protobuf-java-2.5.0.jar:/home/user/.m2/repository/io/grpc/grpc-netty/1.28.1/grpc-netty-1.28.1.jar:/home/user/.m2/repository/io/grpc/grpc-core/1.28.1/grpc-core-1.28.1.jar:/home/user/.m2/repository/com/google/android/annotations/4.1.1.4/annotations-4.1.1.4.jar:/home/user/.m2/repository/io/perfmark/perfmark-api/0.19.0/perfmark-api-0.19.0.jar:/home/user/.m2/repository/io/netty/netty-codec-http2/4.1.45.Final/netty-codec-http2-4.1.45.Final.jar:/home/user/.m2/repository/io/netty/netty-codec/4.1.45.Final/netty-codec-4.1.45.Final.jar:/home/user/.m2/repository/io/netty/netty-handler/4.1.45.Final/netty-handler-4.1.45.Final.jar:/home/user/.m2/repository/io/netty/netty-codec-http/4.1.45.Final/netty-codec-http-4.1.45.Final.jar:/home/user/.m2/repository/io/netty/netty-handler-proxy/4.1.45.Final/netty-handler-proxy-4.1.45.Final.jar:/home/user/.m2/repository/io/netty/netty-codec-socks/4.1.45.Final/netty-codec-socks-4.1.45.Final.jar:/home/user/.m2/repository/io/netty/netty-transport-native-epoll/4.1.48.Final/netty-transport-native-epoll-4.1.48.Final.jar:/home/user/.m2/repository/io/netty/netty-common/4.1.48.Final/netty-common-4.1.48.Final.jar:/home/user/.m2/repository/io/netty/netty-buffer/4.1.48.Final/netty-buffer-4.1.48.Final.jar:/home/user/.m2/repository/io/netty/netty-transport/4.1.48.Final/netty-transport-4.1.48.Final.jar:/home/user/.m2/repository/io/netty/netty-resolver/4.1.48.Final/netty-resolver-4.1.48.Final.jar:/home/user/.m2/repository/io/netty/netty-transport-native-unix-common/4.1.48.Final/netty-transport-native-unix-common-4.1.48.Final.jar:/home/user/.m2/repository/io/grpc/grpc-protobuf/1.28.1/grpc-protobuf-1.28.1.jar:/home/user/.m2/repository/io/grpc/grpc-api/1.28.1/grpc-api-1.28.1.jar:/home/user/.m2/repository/io/grpc/grpc-context/1.28.1/grpc-context-1.28.1.jar:/home/user/.m2/repository/org/codehaus/mojo/animal-sniffer-annotations/1.18/animal-sniffer-annotations-1.18.jar:/home/user/.m2/repository/com/google/api/grpc/proto-google-common-protos/1.17.0/proto-google-common-protos-1.17.0.jar:/home/user/.m2/repository/io/grpc/grpc-protobuf-lite/1.28.1/grpc-protobuf-lite-1.28.1.jar:/home/user/.m2/repository/io/grpc/grpc-stub/1.28.1/grpc-stub-1.28.1.jar:/home/user/.m2/repository/org/apache/hadoop/hadoop-ozone-recon/0.6.0-SNAPSHOT/hadoop-ozone-recon-0.6.0-SNAPSHOT.jar:/home/user/.m2/repository/org/apache/hadoop/hadoop-ozone-reconcodegen/0.6.0-SNAPSHOT/hadoop-ozone-reconcodegen-0.6.0-SNAPSHOT.jar:/home/user/.m2/repository/com/google/inject/extensions/guice-multibindings/4.0/guice-multibindings-4.0.jar:/home/user/.m2/repository/com/google/inject/guice/4.0/guice-4.0.jar:/home/user/.m2/repository/aopalliance/aopalliance/1.0/aopalliance-1.0.jar:/home/user/.m2/repository/com/google/inject/extensions/guice-assistedinject/4.0/guice-assistedinject-4.0.jar:/home/user/.m2/repository/com/google/inject/extensions/guice-servlet/4.0/guice-servlet-4.0.jar:/home/user/.m2/repository/org/glassfish/jersey/containers/jersey-container-servlet/2.27/jersey-container-servlet-2.27.jar:/home/user/.m2/repository/org/glassfish/hk2/guice-bridge/2.5.0/guice-bridge-2.5.0.jar:/home/user/.m2/repository/org/glassfish/jersey/core/jersey-server/2.27/jersey-server-2.27.jar:/home/user/.m2/repository/org/glassfish/jersey/core/jersey-client/2.27/jersey-client-2.27.jar:/home/user/.m2/repository/org/glassfish/jersey/media/jersey-media-jaxb/2.27/jersey-media-jaxb-2.27.jar:/home/user/.m2/repository/javax/validation/validation-api/1.1.0.Final/validation-api-1.1.0.Final.jar:/home/user/.m2/repository/org/glassfish/jersey/media/jersey-media-json-jackson/2.27/jersey-media-json-jackson-2.27.jar:/home/user/.m2/repository/org/glassfish/jersey/ext/jersey-entity-filtering/2.27/jersey-entity-filtering-2.27.jar:/home/user/.m2/repository/org/jooq/jooq/3.11.10/jooq-3.11.10.jar:/home/user/.m2/repository/org/jooq/jooq-meta/3.11.10/jooq-meta-3.11.10.jar:/home/user/.m2/repository/org/jooq/jooq-codegen/3.11.10/jooq-codegen-3.11.10.jar:/home/user/.m2/repository/com/jolbox/bonecp/0.8.0.RELEASE/bonecp-0.8.0.RELEASE.jar:/home/user/.m2/repository/org/apache/derby/derby/10.14.2.0/derby-10.14.2.0.jar:/home/user/.m2/repository/org/xerial/sqlite-jdbc/3.25.2/sqlite-jdbc-3.25.2.jar:/home/user/.m2/repository/org/springframework/spring-jdbc/5.2.5.RELEASE/spring-jdbc-5.2.5.RELEASE.jar:/home/user/.m2/repository/org/springframework/spring-beans/5.2.5.RELEASE/spring-beans-5.2.5.RELEASE.jar:/home/user/.m2/repository/org/springframework/spring-core/5.2.5.RELEASE/spring-core-5.2.5.RELEASE.jar:/home/user/.m2/repository/org/springframework/spring-jcl/5.2.5.RELEASE/spring-jcl-5.2.5.RELEASE.jar:/home/user/.m2/repository/org/springframework/spring-tx/5.2.5.RELEASE/spring-tx-5.2.5.RELEASE.jar:/home/user/.m2/repository/org/apache/hadoop/hadoop-ozone-client/0.6.0-SNAPSHOT/hadoop-ozone-client-0.6.0-SNAPSHOT.jar:/home/user/.m2/repository/org/apache/hadoop/hadoop-ozone-filesystem/0.6.0-SNAPSHOT/hadoop-ozone-filesystem-0.6.0-SNAPSHOT.jar:/home/user/.m2/repository/org/apache/hadoop/hadoop-hdds-hadoop-dependency-client/0.6.0-SNAPSHOT/hadoop-hdds-hadoop-dependency-client-0.6.0-SNAPSHOT.jar:/home/user/.m2/repository/org/apache/hadoop/hadoop-ozone-tools/0.6.0-SNAPSHOT/hadoop-ozone-tools-0.6.0-SNAPSHOT.jar:/home/user/.m2/repository/org/apache/hadoop/hadoop-hdfs/3.2.1/hadoop-hdfs-3.2.1.jar:/home/user/.m2/repository/org/apache/ratis/ratis-tools/0.6.0-cac3336-SNAPSHOT/ratis-tools-0.6.0-cac3336-SNAPSHOT.jar:/home/user/.m2/repository/org/apache/ratis/ratis-proto/0.6.0-cac3336-SNAPSHOT/ratis-proto-0.6.0-cac3336-SNAPSHOT.jar:/home/user/.m2/repository/org/apache/ratis/ratis-common/0.6.0-cac3336-SNAPSHOT/ratis-common-0.6.0-cac3336-SNAPSHOT.jar:/home/user/.m2/repository/com/amazonaws/aws-java-sdk-core/1.11.615/aws-java-sdk-core-1.11.615.jar:/home/user/.m2/repository/org/apache/httpcomponents/httpclient/4.5.2/httpclient-4.5.2.jar:/home/user/.m2/repository/org/apache/httpcomponents/httpcore/4.4.4/httpcore-4.4.4.jar:/home/user/.m2/repository/software/amazon/ion/ion-java/1.0.2/ion-java-1.0.2.jar:/home/user/.m2/repository/com/fasterxml/jackson/dataformat/jackson-dataformat-cbor/2.10.3/jackson-dataformat-cbor-2.10.3.jar:/home/user/.m2/repository/joda-time/joda-time/2.8.1/joda-time-2.8.1.jar:/home/user/.m2/repository/com/amazonaws/aws-java-sdk-s3/1.11.615/aws-java-sdk-s3-1.11.615.jar:/home/user/.m2/repository/com/amazonaws/aws-java-sdk-kms/1.11.615/aws-java-sdk-kms-1.11.615.jar:/home/user/.m2/repository/com/amazonaws/jmespath-java/1.11.615/jmespath-java-1.11.615.jar:/home/user/.m2/repository/org/apache/hadoop/hadoop-hdds-tools/0.6.0-SNAPSHOT/hadoop-hdds-tools-0.6.0-SNAPSHOT.jar:/home/user/.m2/repository/commons-cli/commons-cli/1.2/commons-cli-1.2.jar:/home/user/.m2/repository/org/apache/commons/commons-lang3/3.7/commons-lang3-3.7.jar:/home/user/.m2/repository/org/apache/hadoop/hadoop-ozone-ozone-manager/0.6.0-SNAPSHOT/hadoop-ozone-ozone-manager-0.6.0-SNAPSHOT-tests.jar:/home/user/.m2/repository/junit/junit/4.11/junit-4.11.jar:/home/user/.m2/repository/org/hamcrest/hamcrest-core/1.3/hamcrest-core-1.3.jar:/home/user/.m2/repository/org/openjdk/jmh/jmh-core/1.19/jmh-core-1.19.jar:/home/user/.m2/repository/net/sf/jopt-simple/jopt-simple/4.6/jopt-simple-4.6.jar:/home/user/.m2/repository/org/apache/commons/commons-math3/3.1.1/commons-math3-3.1.1.jar:/home/user/.m2/repository/org/openjdk/jmh/jmh-generator-annprocess/1.19/jmh-generator-annprocess-1.19.jar:/home/user/.m2/repository/org/mockito/mockito-all/1.8.5/mockito-all-1.8.5.jar:/home/user/.m2/repository/org/apache/hadoop/hadoop-kms/3.2.1/hadoop-kms-3.2.1.jar:/home/user/.m2/repository/org/apache/hadoop/hadoop-auth/3.2.1/hadoop-auth-3.2.1.jar:/home/user/.m2/repository/com/nimbusds/nimbus-jose-jwt/7.9/nimbus-jose-jwt-7.9.jar:/home/user/.m2/repository/com/github/stephenc/jcip/jcip-annotations/1.0-1/jcip-annotations-1.0-1.jar:/home/user/.m2/repository/net/minidev/json-smart/2.3/json-smart-2.3.jar:/home/user/.m2/repository/net/minidev/accessors-smart/1.2/accessors-smart-1.2.jar:/home/user/.m2/repository/org/ow2/asm/asm/5.0.4/asm-5.0.4.jar:/home/user/.m2/repository/org/apache/zookeeper/zookeeper/3.4.13/zookeeper-3.4.13.jar:/home/user/.m2/repository/org/apache/yetus/audience-annotations/0.5.0/audience-annotations-0.5.0.jar:/home/user/.m2/repository/org/apache/curator/curator-framework/2.13.0/curator-framework-2.13.0.jar:/home/user/.m2/repository/com/sun/jersey/jersey-core/1.19/jersey-core-1.19.jar:/home/user/.m2/repository/javax/ws/rs/jsr311-api/1.1.1/jsr311-api-1.1.1.jar:/home/user/.m2/repository/com/sun/jersey/jersey-server/1.19/jersey-server-1.19.jar:/home/user/.m2/repository/javax/servlet/javax.servlet-api/3.1.0/javax.servlet-api-3.1.0.jar:/home/user/.m2/repository/org/eclipse/jetty/jetty-server/9.4.26.v20200117/jetty-server-9.4.26.v20200117.jar:/home/user/.m2/repository/org/eclipse/jetty/jetty-http/9.4.26.v20200117/jetty-http-9.4.26.v20200117.jar:/home/user/.m2/repository/org/eclipse/jetty/jetty-io/9.4.26.v20200117/jetty-io-9.4.26.v20200117.jar:/home/user/.m2/repository/org/eclipse/jetty/jetty-webapp/9.4.26.v20200117/jetty-webapp-9.4.26.v20200117.jar:/home/user/.m2/repository/org/eclipse/jetty/jetty-xml/9.4.26.v20200117/jetty-xml-9.4.26.v20200117.jar:/home/user/.m2/repository/org/eclipse/jetty/jetty-servlet/9.4.26.v20200117/jetty-servlet-9.4.26.v20200117.jar:/home/user/.m2/repository/org/eclipse/jetty/jetty-security/9.4.26.v20200117/jetty-security-9.4.26.v20200117.jar:/home/user/.m2/repository/org/apache/hadoop/hadoop-common/3.2.1/hadoop-common-3.2.1.jar:/home/user/.m2/repository/commons-net/commons-net/3.6/commons-net-3.6.jar:/home/user/.m2/repository/commons-collections/commons-collections/3.2.2/commons-collections-3.2.2.jar:/home/user/.m2/repository/com/sun/jersey/jersey-servlet/1.19/jersey-servlet-1.19.jar:/home/user/.m2/repository/com/sun/jersey/jersey-json/1.19/jersey-json-1.19.jar:/home/user/.m2/repository/org/codehaus/jettison/jettison/1.1/jettison-1.1.jar:/home/user/.m2/repository/org/codehaus/jackson/jackson-jaxrs/1.9.2/jackson-jaxrs-1.9.2.jar:/home/user/.m2/repository/org/codehaus/jackson/jackson-xc/1.9.2/jackson-xc-1.9.2.jar:/home/user/.m2/repository/commons-beanutils/commons-beanutils/1.9.4/commons-beanutils-1.9.4.jar:/home/user/.m2/repository/org/apache/commons/commons-configuration2/2.1.1/commons-configuration2-2.1.1.jar:/home/user/.m2/repository/org/apache/commons/commons-text/1.4/commons-text-1.4.jar:/home/user/.m2/repository/com/google/re2j/re2j/1.1/re2j-1.1.jar:/home/user/.m2/repository/com/jcraft/jsch/0.1.54/jsch-0.1.54.jar:/home/user/.m2/repository/org/apache/curator/curator-client/2.13.0/curator-client-2.13.0.jar:/home/user/.m2/repository/org/apache/curator/curator-recipes/2.13.0/curator-recipes-2.13.0.jar:/home/user/.m2/repository/dnsjava/dnsjava/2.1.7/dnsjava-2.1.7.jar:/home/user/.m2/repository/org/slf4j/jul-to-slf4j/1.7.25/jul-to-slf4j-1.7.25.jar:/home/user/.m2/repository/org/eclipse/jetty/jetty-util/9.4.26.v20200117/jetty-util-9.4.26.v20200117.jar:/home/user/.m2/repository/com/fasterxml/jackson/core/jackson-databind/2.10.3/jackson-databind-2.10.3.jar:/home/user/.m2/repository/org/apache/hadoop/hadoop-kms/3.2.1/hadoop-kms-3.2.1-tests.jar:/home/user/.m2/repository/org/apache/hadoop/hadoop-hdds-server-scm/0.6.0-SNAPSHOT/hadoop-hdds-server-scm-0.6.0-SNAPSHOT-tests.jar:/home/user/.m2/repository/org/apache/hadoop/hadoop-hdds-container-service/0.6.0-SNAPSHOT/hadoop-hdds-container-service-0.6.0-SNAPSHOT-tests.jar:/home/user/.m2/repository/org/apache/hadoop/hadoop-hdds-common/0.6.0-SNAPSHOT/hadoop-hdds-common-0.6.0-SNAPSHOT-tests.jar:/home/user/.m2/repository/org/yaml/snakeyaml/1.16/snakeyaml-1.16.jar:/home/user/.m2/repository/org/apache/hadoop/hadoop-hdds-hadoop-dependency-test/0.6.0-SNAPSHOT/hadoop-hdds-hadoop-dependency-test-0.6.0-SNAPSHOT.jar:/home/user/.m2/repository/org/apache/hadoop/hadoop-common/3.2.1/hadoop-common-3.2.1-tests.jar:/home/user/.m2/repository/javax/servlet/jsp/jsp-api/2.1/jsp-api-2.1.jar:/home/user/.m2/repository/org/apache/hadoop/hadoop-hdfs/3.2.1/hadoop-hdfs-3.2.1-tests.jar:/home/user/.m2/repository/org/eclipse/jetty/jetty-util-ajax/9.4.26.v20200117/jetty-util-ajax-9.4.26.v20200117.jar:/home/user/.m2/repository/commons-codec/commons-codec/1.11/commons-codec-1.11.jar:/home/user/.m2/repository/commons-daemon/commons-daemon/1.0.13/commons-daemon-1.0.13.jar:/home/user/.m2/repository/io/netty/netty/3.10.5.Final/netty-3.10.5.Final.jar:/home/user/.m2/repository/io/netty/netty-all/4.1.48.Final/netty-all-4.1.48.Final.jar:/home/user/.m2/repository/org/apache/htrace/htrace-core4/4.1.0-incubating/htrace-core4-4.1.0-incubating.jar:/home/user/.m2/repository/org/fusesource/leveldbjni/leveldbjni-all/1.8/leveldbjni-all-1.8.jar:/home/user/.m2/repository/org/apache/hadoop/hadoop-distcp/3.2.1/hadoop-distcp-3.2.1.jar:/home/user/.m2/repository/org/apache/hadoop/hadoop-mapreduce-client-jobclient/3.2.1/hadoop-mapreduce-client-jobclient-3.2.1.jar:/home/user/.m2/repository/org/apache/hadoop/hadoop-mapreduce-client-common/3.2.1/hadoop-mapreduce-client-common-3.2.1.jar:/home/user/.m2/repository/org/apache/hadoop/hadoop-yarn-common/3.2.1/hadoop-yarn-common-3.2.1.jar:/home/user/.m2/repository/org/apache/hadoop/hadoop-yarn-api/3.2.1/hadoop-yarn-api-3.2.1.jar:/home/user/.m2/repository/com/sun/jersey/jersey-client/1.19/jersey-client-1.19.jar:/home/user/.m2/repository/com/sun/jersey/contribs/jersey-guice/1.19/jersey-guice-1.19.jar:/home/user/.m2/repository/com/fasterxml/jackson/jaxrs/jackson-jaxrs-json-provider/2.10.3/jackson-jaxrs-json-provider-2.10.3.jar:/home/user/.m2/repository/com/fasterxml/jackson/jaxrs/jackson-jaxrs-base/2.10.3/jackson-jaxrs-base-2.10.3.jar:/home/user/.m2/repository/org/apache/hadoop/hadoop-yarn-client/3.2.1/hadoop-yarn-client-3.2.1.jar:/home/user/.m2/repository/org/apache/hadoop/hadoop-mapreduce-client-core/3.2.1/hadoop-mapreduce-client-core-3.2.1.jar:/home/user/.m2/repository/org/apache/avro/avro/1.7.7/avro-1.7.7.jar:/home/user/.m2/repository/org/codehaus/jackson/jackson-core-asl/1.9.13/jackson-core-asl-1.9.13.jar:/home/user/.m2/repository/org/codehaus/jackson/jackson-mapper-asl/1.9.13/jackson-mapper-asl-1.9.13.jar:/home/user/.m2/repository/com/thoughtworks/paranamer/paranamer/2.3/paranamer-2.3.jar:/home/user/.m2/repository/org/xerial/snappy/snappy-java/1.0.5/snappy-java-1.0.5.jar:/home/user/.m2/repository/org/apache/hadoop/hadoop-annotations/3.2.1/hadoop-annotations-3.2.1.jar:/usr/lib/jvm/java-1.8.0-openjdk-1.8.0.232.b09-0.el7_7.x86_64/jre/../lib/tools.jar:/home/user/.m2/repository/org/apache/hadoop/hadoop-distcp/3.2.1/hadoop-distcp-3.2.1-tests.jar:"/>
    <property name="java.vm.vendor" value="Oracle Corporation"/>
    <property name="sun.arch.data.model" value="64"/>
    <property name="test.build.dir" value="/github/workspace/mnt/ozone/hadoop-ozone/integration-test/target/test-dir"/>
    <property name="test.cache.data" value=""/>
    <property name="java.vendor.url" value="http://java.oracle.com/"/>
    <property name="user.timezone" value=""/>
    <property name="java.vm.specification.version" value="1.8"/>
    <property name="os.name" value="Linux"/>
    <property name="test.build.data" value="/github/workspace/mnt/ozone/hadoop-ozone/integration-test/target/test-dir"/>
    <property name="user.country" value="US"/>
    <property name="sun.java.launcher" value="SUN_STANDARD"/>
    <property name="sun.boot.library.path" value="/usr/lib/jvm/java-1.8.0-openjdk-1.8.0.232.b09-0.el7_7.x86_64/jre/lib/amd64"/>
    <property name="sun.java.command" value="/github/workspace/mnt/ozone/hadoop-ozone/integration-test/target/surefire/surefirebooter4339291546989955859.jar /github/workspace/mnt/ozone/hadoop-ozone/integration-test/target/surefire 2020-05-18T03-02-44_244-jvmRun1 surefire5043307511112297812tmp surefire_41526820904623055351tmp"/>
    <property name="surefire.test.class.path" value="/github/workspace/mnt/ozone/hadoop-ozone/integration-test/target/test-classes:/github/workspace/mnt/ozone/hadoop-ozone/integration-test/target/classes:/home/user/.m2/repository/org/apache/hadoop/hadoop-ozone-common/0.6.0-SNAPSHOT/hadoop-ozone-common-0.6.0-SNAPSHOT.jar:/home/user/.m2/repository/org/apache/commons/commons-compress/1.4.1/commons-compress-1.4.1.jar:/home/user/.m2/repository/org/tukaani/xz/1.0/xz-1.0.jar:/home/user/.m2/repository/org/apache/hadoop/hadoop-hdds-common/0.6.0-SNAPSHOT/hadoop-hdds-common-0.6.0-SNAPSHOT.jar:/home/user/.m2/repository/info/picocli/picocli/3.9.6/picocli-3.9.6.jar:/home/user/.m2/repository/com/fasterxml/jackson/core/jackson-annotations/2.10.3/jackson-annotations-2.10.3.jar:/home/user/.m2/repository/javax/annotation/javax.annotation-api/1.2/javax.annotation-api-1.2.jar:/home/user/.m2/repository/org/apache/ratis/ratis-server/0.6.0-cac3336-SNAPSHOT/ratis-server-0.6.0-cac3336-SNAPSHOT.jar:/home/user/.m2/repository/org/apache/ratis/ratis-thirdparty-misc/0.4.0/ratis-thirdparty-misc-0.4.0.jar:/home/user/.m2/repository/org/apache/ratis/ratis-client/0.6.0-cac3336-SNAPSHOT/ratis-client-0.6.0-cac3336-SNAPSHOT.jar:/home/user/.m2/repository/org/apache/ratis/ratis-metrics/0.6.0-cac3336-SNAPSHOT/ratis-metrics-0.6.0-cac3336-SNAPSHOT.jar:/home/user/.m2/repository/org/apache/ratis/ratis-netty/0.6.0-cac3336-SNAPSHOT/ratis-netty-0.6.0-cac3336-SNAPSHOT.jar:/home/user/.m2/repository/org/apache/ratis/ratis-grpc/0.6.0-cac3336-SNAPSHOT/ratis-grpc-0.6.0-cac3336-SNAPSHOT.jar:/home/user/.m2/repository/org/apache/logging/log4j/log4j-api/2.11.0/log4j-api-2.11.0.jar:/home/user/.m2/repository/org/apache/logging/log4j/log4j-core/2.11.0/log4j-core-2.11.0.jar:/home/user/.m2/repository/com/lmax/disruptor/3.4.2/disruptor-3.4.2.jar:/home/user/.m2/repository/org/apache/commons/commons-pool2/2.6.0/commons-pool2-2.6.0.jar:/home/user/.m2/repository/org/bouncycastle/bcpkix-jdk15on/1.60/bcpkix-jdk15on-1.60.jar:/home/user/.m2/repository/commons-validator/commons-validator/1.6/commons-validator-1.6.jar:/home/user/.m2/repository/commons-digester/commons-digester/1.8.1/commons-digester-1.8.1.jar:/home/user/.m2/repository/io/jaegertracing/jaeger-client/1.2.0/jaeger-client-1.2.0.jar:/home/user/.m2/repository/io/jaegertracing/jaeger-thrift/1.2.0/jaeger-thrift-1.2.0.jar:/home/user/.m2/repository/org/apache/thrift/libthrift/0.13.0/libthrift-0.13.0.jar:/home/user/.m2/repository/com/squareup/okhttp3/okhttp/4.2.2/okhttp-4.2.2.jar:/home/user/.m2/repository/com/squareup/okio/okio/2.2.2/okio-2.2.2.jar:/home/user/.m2/repository/org/jetbrains/kotlin/kotlin-stdlib/1.3.50/kotlin-stdlib-1.3.50.jar:/home/user/.m2/repository/org/jetbrains/kotlin/kotlin-stdlib-common/1.3.50/kotlin-stdlib-common-1.3.50.jar:/home/user/.m2/repository/org/jetbrains/annotations/13.0/annotations-13.0.jar:/home/user/.m2/repository/io/jaegertracing/jaeger-core/1.2.0/jaeger-core-1.2.0.jar:/home/user/.m2/repository/io/jaegertracing/jaeger-tracerresolver/1.2.0/jaeger-tracerresolver-1.2.0.jar:/home/user/.m2/repository/io/opentracing/contrib/opentracing-tracerresolver/0.1.8/opentracing-tracerresolver-0.1.8.jar:/home/user/.m2/repository/io/opentracing/opentracing-util/0.33.0/opentracing-util-0.33.0.jar:/home/user/.m2/repository/io/opentracing/opentracing-api/0.33.0/opentracing-api-0.33.0.jar:/home/user/.m2/repository/io/opentracing/opentracing-noop/0.33.0/opentracing-noop-0.33.0.jar:/home/user/.m2/repository/org/apache/hadoop/hadoop-hdds-client/0.6.0-SNAPSHOT/hadoop-hdds-client-0.6.0-SNAPSHOT.jar:/home/user/.m2/repository/org/apache/hadoop/hadoop-hdds-test-utils/0.6.0-SNAPSHOT/hadoop-hdds-test-utils-0.6.0-SNAPSHOT.jar:/home/user/.m2/repository/com/google/guava/guava/28.2-jre/guava-28.2-jre.jar:/home/user/.m2/repository/com/google/guava/failureaccess/1.0.1/failureaccess-1.0.1.jar:/home/user/.m2/repository/com/google/guava/listenablefuture/9999.0-empty-to-avoid-conflict-with-guava/listenablefuture-9999.0-empty-to-avoid-conflict-with-guava.jar:/home/user/.m2/repository/com/google/code/findbugs/jsr305/3.0.0/jsr305-3.0.0.jar:/home/user/.m2/repository/org/checkerframework/checker-qual/2.10.0/checker-qual-2.10.0.jar:/home/user/.m2/repository/com/google/errorprone/error_prone_annotations/2.2.0/error_prone_annotations-2.2.0.jar:/home/user/.m2/repository/com/google/j2objc/j2objc-annotations/1.3/j2objc-annotations-1.3.jar:/home/user/.m2/repository/commons-io/commons-io/2.5/commons-io-2.5.jar:/home/user/.m2/repository/commons-logging/commons-logging/1.2/commons-logging-1.2.jar:/home/user/.m2/repository/log4j/log4j/1.2.17/log4j-1.2.17.jar:/home/user/.m2/repository/org/slf4j/slf4j-api/1.7.25/slf4j-api-1.7.25.jar:/home/user/.m2/repository/org/apache/hadoop/hadoop-hdds-server-scm/0.6.0-SNAPSHOT/hadoop-hdds-server-scm-0.6.0-SNAPSHOT.jar:/home/user/.m2/repository/org/apache/hadoop/hadoop-hdds-container-service/0.6.0-SNAPSHOT/hadoop-hdds-container-service-0.6.0-SNAPSHOT.jar:/home/user/.m2/repository/org/apache/hadoop/hadoop-hdds-hadoop-dependency-server/0.6.0-SNAPSHOT/hadoop-hdds-hadoop-dependency-server-0.6.0-SNAPSHOT.jar:/home/user/.m2/repository/org/apache/hadoop/hadoop-hdds-server-framework/0.6.0-SNAPSHOT/hadoop-hdds-server-framework-0.6.0-SNAPSHOT.jar:/home/user/.m2/repository/org/rocksdb/rocksdbjni/6.6.4/rocksdbjni-6.6.4.jar:/home/user/.m2/repository/io/prometheus/simpleclient_dropwizard/0.7.0/simpleclient_dropwizard-0.7.0.jar:/home/user/.m2/repository/io/prometheus/simpleclient/0.7.0/simpleclient-0.7.0.jar:/home/user/.m2/repository/io/prometheus/simpleclient_common/0.7.0/simpleclient_common-0.7.0.jar:/home/user/.m2/repository/com/fasterxml/jackson/datatype/jackson-datatype-jsr310/2.10.3/jackson-datatype-jsr310-2.10.3.jar:/home/user/.m2/repository/org/apache/hadoop/hadoop-hdds-docs/0.6.0-SNAPSHOT/hadoop-hdds-docs-0.6.0-SNAPSHOT.jar:/home/user/.m2/repository/io/dropwizard/metrics/metrics-core/3.2.4/metrics-core-3.2.4.jar:/home/user/.m2/repository/org/apache/hadoop/hadoop-hdfs-client/3.2.1/hadoop-hdfs-client-3.2.1.jar:/home/user/.m2/repository/org/bouncycastle/bcprov-jdk15on/1.60/bcprov-jdk15on-1.60.jar:/home/user/.m2/repository/org/apache/hadoop/hadoop-ozone-ozone-manager/0.6.0-SNAPSHOT/hadoop-ozone-ozone-manager-0.6.0-SNAPSHOT.jar:/home/user/.m2/repository/org/apache/hadoop/hadoop-minikdc/3.2.1/hadoop-minikdc-3.2.1.jar:/home/user/.m2/repository/org/apache/kerby/kerb-simplekdc/1.0.1/kerb-simplekdc-1.0.1.jar:/home/user/.m2/repository/org/apache/kerby/kerb-client/1.0.1/kerb-client-1.0.1.jar:/home/user/.m2/repository/org/apache/kerby/kerby-config/1.0.1/kerby-config-1.0.1.jar:/home/user/.m2/repository/org/apache/kerby/kerb-core/1.0.1/kerb-core-1.0.1.jar:/home/user/.m2/repository/org/apache/kerby/kerby-pkix/1.0.1/kerby-pkix-1.0.1.jar:/home/user/.m2/repository/org/apache/kerby/kerby-asn1/1.0.1/kerby-asn1-1.0.1.jar:/home/user/.m2/repository/org/apache/kerby/kerby-util/1.0.1/kerby-util-1.0.1.jar:/home/user/.m2/repository/org/apache/kerby/kerb-common/1.0.1/kerb-common-1.0.1.jar:/home/user/.m2/repository/org/apache/kerby/kerb-crypto/1.0.1/kerb-crypto-1.0.1.jar:/home/user/.m2/repository/org/apache/kerby/kerb-util/1.0.1/kerb-util-1.0.1.jar:/home/user/.m2/repository/org/apache/kerby/token-provider/1.0.1/token-provider-1.0.1.jar:/home/user/.m2/repository/org/apache/kerby/kerb-admin/1.0.1/kerb-admin-1.0.1.jar:/home/user/.m2/repository/org/apache/kerby/kerb-server/1.0.1/kerb-server-1.0.1.jar:/home/user/.m2/repository/org/apache/kerby/kerb-identity/1.0.1/kerb-identity-1.0.1.jar:/home/user/.m2/repository/org/apache/kerby/kerby-xdr/1.0.1/kerby-xdr-1.0.1.jar:/home/user/.m2/repository/org/slf4j/slf4j-log4j12/1.7.25/slf4j-log4j12-1.7.25.jar:/home/user/.m2/repository/org/apache/hadoop/hadoop-ozone-s3gateway/0.6.0-SNAPSHOT/hadoop-ozone-s3gateway-0.6.0-SNAPSHOT.jar:/home/user/.m2/repository/org/jboss/weld/servlet/weld-servlet/2.4.7.Final/weld-servlet-2.4.7.Final.jar:/home/user/.m2/repository/org/glassfish/jersey/containers/jersey-container-servlet-core/2.27/jersey-container-servlet-core-2.27.jar:/home/user/.m2/repository/org/glassfish/hk2/external/javax.inject/2.5.0-b42/javax.inject-2.5.0-b42.jar:/home/user/.m2/repository/org/glassfish/jersey/core/jersey-common/2.27/jersey-common-2.27.jar:/home/user/.m2/repository/org/glassfish/hk2/osgi-resource-locator/1.0.1/osgi-resource-locator-1.0.1.jar:/home/user/.m2/repository/javax/ws/rs/javax.ws.rs-api/2.1/javax.ws.rs-api-2.1.jar:/home/user/.m2/repository/org/glassfish/jersey/ext/cdi/jersey-cdi1x/2.27/jersey-cdi1x-2.27.jar:/home/user/.m2/repository/org/glassfish/jersey/inject/jersey-hk2/2.27/jersey-hk2-2.27.jar:/home/user/.m2/repository/org/glassfish/hk2/hk2-locator/2.5.0-b42/hk2-locator-2.5.0-b42.jar:/home/user/.m2/repository/org/javassist/javassist/3.22.0-CR2/javassist-3.22.0-CR2.jar:/home/user/.m2/repository/org/glassfish/hk2/hk2-api/2.5.0/hk2-api-2.5.0.jar:/home/user/.m2/repository/org/glassfish/hk2/external/jakarta.inject/2.5.0/jakarta.inject-2.5.0.jar:/home/user/.m2/repository/org/glassfish/hk2/hk2-utils/2.5.0/hk2-utils-2.5.0.jar:/home/user/.m2/repository/jakarta/annotation/jakarta.annotation-api/1.3.4/jakarta.annotation-api-1.3.4.jar:/home/user/.m2/repository/org/glassfish/hk2/external/aopalliance-repackaged/2.5.0/aopalliance-repackaged-2.5.0.jar:/home/user/.m2/repository/com/fasterxml/jackson/dataformat/jackson-dataformat-xml/2.10.3/jackson-dataformat-xml-2.10.3.jar:/home/user/.m2/repository/com/fasterxml/jackson/core/jackson-core/2.10.3/jackson-core-2.10.3.jar:/home/user/.m2/repository/com/fasterxml/jackson/module/jackson-module-jaxb-annotations/2.10.3/jackson-module-jaxb-annotations-2.10.3.jar:/home/user/.m2/repository/jakarta/xml/bind/jakarta.xml.bind-api/2.3.2/jakarta.xml.bind-api-2.3.2.jar:/home/user/.m2/repository/jakarta/activation/jakarta.activation-api/1.2.1/jakarta.activation-api-1.2.1.jar:/home/user/.m2/repository/org/codehaus/woodstox/stax2-api/3.1.4/stax2-api-3.1.4.jar:/home/user/.m2/repository/com/fasterxml/woodstox/woodstox-core/5.0.3/woodstox-core-5.0.3.jar:/home/user/.m2/repository/javax/enterprise/cdi-api/1.2/cdi-api-1.2.jar:/home/user/.m2/repository/javax/el/javax.el-api/3.0.0/javax.el-api-3.0.0.jar:/home/user/.m2/repository/javax/interceptor/javax.interceptor-api/1.2/javax.interceptor-api-1.2.jar:/home/user/.m2/repository/javax/inject/javax.inject/1/javax.inject-1.jar:/home/user/.m2/repository/com/sun/xml/bind/jaxb-impl/2.3.0.1/jaxb-impl-2.3.0.1.jar:/home/user/.m2/repository/com/sun/xml/bind/jaxb-core/2.3.0.1/jaxb-core-2.3.0.1.jar:/home/user/.m2/repository/javax/xml/bind/jaxb-api/2.3.0/jaxb-api-2.3.0.jar:/home/user/.m2/repository/javax/activation/activation/1.1.1/activation-1.1.1.jar:/home/user/.m2/repository/org/apache/hadoop/hadoop-ozone-csi/0.6.0-SNAPSHOT/hadoop-ozone-csi-0.6.0-SNAPSHOT.jar:/home/user/.m2/repository/com/google/protobuf/protobuf-java-util/3.11.0/protobuf-java-util-3.11.0.jar:/home/user/.m2/repository/com/google/code/gson/gson/2.2.4/gson-2.2.4.jar:/home/user/.m2/repository/org/apache/hadoop/hadoop-hdds-config/0.6.0-SNAPSHOT/hadoop-hdds-config-0.6.0-SNAPSHOT.jar:/home/user/.m2/repository/com/google/protobuf/protobuf-java/2.5.0/protobuf-java-2.5.0.jar:/home/user/.m2/repository/io/grpc/grpc-netty/1.28.1/grpc-netty-1.28.1.jar:/home/user/.m2/repository/io/grpc/grpc-core/1.28.1/grpc-core-1.28.1.jar:/home/user/.m2/repository/com/google/android/annotations/4.1.1.4/annotations-4.1.1.4.jar:/home/user/.m2/repository/io/perfmark/perfmark-api/0.19.0/perfmark-api-0.19.0.jar:/home/user/.m2/repository/io/netty/netty-codec-http2/4.1.45.Final/netty-codec-http2-4.1.45.Final.jar:/home/user/.m2/repository/io/netty/netty-codec/4.1.45.Final/netty-codec-4.1.45.Final.jar:/home/user/.m2/repository/io/netty/netty-handler/4.1.45.Final/netty-handler-4.1.45.Final.jar:/home/user/.m2/repository/io/netty/netty-codec-http/4.1.45.Final/netty-codec-http-4.1.45.Final.jar:/home/user/.m2/repository/io/netty/netty-handler-proxy/4.1.45.Final/netty-handler-proxy-4.1.45.Final.jar:/home/user/.m2/repository/io/netty/netty-codec-socks/4.1.45.Final/netty-codec-socks-4.1.45.Final.jar:/home/user/.m2/repository/io/netty/netty-transport-native-epoll/4.1.48.Final/netty-transport-native-epoll-4.1.48.Final.jar:/home/user/.m2/repository/io/netty/netty-common/4.1.48.Final/netty-common-4.1.48.Final.jar:/home/user/.m2/repository/io/netty/netty-buffer/4.1.48.Final/netty-buffer-4.1.48.Final.jar:/home/user/.m2/repository/io/netty/netty-transport/4.1.48.Final/netty-transport-4.1.48.Final.jar:/home/user/.m2/repository/io/netty/netty-resolver/4.1.48.Final/netty-resolver-4.1.48.Final.jar:/home/user/.m2/repository/io/netty/netty-transport-native-unix-common/4.1.48.Final/netty-transport-native-unix-common-4.1.48.Final.jar:/home/user/.m2/repository/io/grpc/grpc-protobuf/1.28.1/grpc-protobuf-1.28.1.jar:/home/user/.m2/repository/io/grpc/grpc-api/1.28.1/grpc-api-1.28.1.jar:/home/user/.m2/repository/io/grpc/grpc-context/1.28.1/grpc-context-1.28.1.jar:/home/user/.m2/repository/org/codehaus/mojo/animal-sniffer-annotations/1.18/animal-sniffer-annotations-1.18.jar:/home/user/.m2/repository/com/google/api/grpc/proto-google-common-protos/1.17.0/proto-google-common-protos-1.17.0.jar:/home/user/.m2/repository/io/grpc/grpc-protobuf-lite/1.28.1/grpc-protobuf-lite-1.28.1.jar:/home/user/.m2/repository/io/grpc/grpc-stub/1.28.1/grpc-stub-1.28.1.jar:/home/user/.m2/repository/org/apache/hadoop/hadoop-ozone-recon/0.6.0-SNAPSHOT/hadoop-ozone-recon-0.6.0-SNAPSHOT.jar:/home/user/.m2/repository/org/apache/hadoop/hadoop-ozone-reconcodegen/0.6.0-SNAPSHOT/hadoop-ozone-reconcodegen-0.6.0-SNAPSHOT.jar:/home/user/.m2/repository/com/google/inject/extensions/guice-multibindings/4.0/guice-multibindings-4.0.jar:/home/user/.m2/repository/com/google/inject/guice/4.0/guice-4.0.jar:/home/user/.m2/repository/aopalliance/aopalliance/1.0/aopalliance-1.0.jar:/home/user/.m2/repository/com/google/inject/extensions/guice-assistedinject/4.0/guice-assistedinject-4.0.jar:/home/user/.m2/repository/com/google/inject/extensions/guice-servlet/4.0/guice-servlet-4.0.jar:/home/user/.m2/repository/org/glassfish/jersey/containers/jersey-container-servlet/2.27/jersey-container-servlet-2.27.jar:/home/user/.m2/repository/org/glassfish/hk2/guice-bridge/2.5.0/guice-bridge-2.5.0.jar:/home/user/.m2/repository/org/glassfish/jersey/core/jersey-server/2.27/jersey-server-2.27.jar:/home/user/.m2/repository/org/glassfish/jersey/core/jersey-client/2.27/jersey-client-2.27.jar:/home/user/.m2/repository/org/glassfish/jersey/media/jersey-media-jaxb/2.27/jersey-media-jaxb-2.27.jar:/home/user/.m2/repository/javax/validation/validation-api/1.1.0.Final/validation-api-1.1.0.Final.jar:/home/user/.m2/repository/org/glassfish/jersey/media/jersey-media-json-jackson/2.27/jersey-media-json-jackson-2.27.jar:/home/user/.m2/repository/org/glassfish/jersey/ext/jersey-entity-filtering/2.27/jersey-entity-filtering-2.27.jar:/home/user/.m2/repository/org/jooq/jooq/3.11.10/jooq-3.11.10.jar:/home/user/.m2/repository/org/jooq/jooq-meta/3.11.10/jooq-meta-3.11.10.jar:/home/user/.m2/repository/org/jooq/jooq-codegen/3.11.10/jooq-codegen-3.11.10.jar:/home/user/.m2/repository/com/jolbox/bonecp/0.8.0.RELEASE/bonecp-0.8.0.RELEASE.jar:/home/user/.m2/repository/org/apache/derby/derby/10.14.2.0/derby-10.14.2.0.jar:/home/user/.m2/repository/org/xerial/sqlite-jdbc/3.25.2/sqlite-jdbc-3.25.2.jar:/home/user/.m2/repository/org/springframework/spring-jdbc/5.2.5.RELEASE/spring-jdbc-5.2.5.RELEASE.jar:/home/user/.m2/repository/org/springframework/spring-beans/5.2.5.RELEASE/spring-beans-5.2.5.RELEASE.jar:/home/user/.m2/repository/org/springframework/spring-core/5.2.5.RELEASE/spring-core-5.2.5.RELEASE.jar:/home/user/.m2/repository/org/springframework/spring-jcl/5.2.5.RELEASE/spring-jcl-5.2.5.RELEASE.jar:/home/user/.m2/repository/org/springframework/spring-tx/5.2.5.RELEASE/spring-tx-5.2.5.RELEASE.jar:/home/user/.m2/repository/org/apache/hadoop/hadoop-ozone-client/0.6.0-SNAPSHOT/hadoop-ozone-client-0.6.0-SNAPSHOT.jar:/home/user/.m2/repository/org/apache/hadoop/hadoop-ozone-filesystem/0.6.0-SNAPSHOT/hadoop-ozone-filesystem-0.6.0-SNAPSHOT.jar:/home/user/.m2/repository/org/apache/hadoop/hadoop-hdds-hadoop-dependency-client/0.6.0-SNAPSHOT/hadoop-hdds-hadoop-dependency-client-0.6.0-SNAPSHOT.jar:/home/user/.m2/repository/org/apache/hadoop/hadoop-ozone-tools/0.6.0-SNAPSHOT/hadoop-ozone-tools-0.6.0-SNAPSHOT.jar:/home/user/.m2/repository/org/apache/hadoop/hadoop-hdfs/3.2.1/hadoop-hdfs-3.2.1.jar:/home/user/.m2/repository/org/apache/ratis/ratis-tools/0.6.0-cac3336-SNAPSHOT/ratis-tools-0.6.0-cac3336-SNAPSHOT.jar:/home/user/.m2/repository/org/apache/ratis/ratis-proto/0.6.0-cac3336-SNAPSHOT/ratis-proto-0.6.0-cac3336-SNAPSHOT.jar:/home/user/.m2/repository/org/apache/ratis/ratis-common/0.6.0-cac3336-SNAPSHOT/ratis-common-0.6.0-cac3336-SNAPSHOT.jar:/home/user/.m2/repository/com/amazonaws/aws-java-sdk-core/1.11.615/aws-java-sdk-core-1.11.615.jar:/home/user/.m2/repository/org/apache/httpcomponents/httpclient/4.5.2/httpclient-4.5.2.jar:/home/user/.m2/repository/org/apache/httpcomponents/httpcore/4.4.4/httpcore-4.4.4.jar:/home/user/.m2/repository/software/amazon/ion/ion-java/1.0.2/ion-java-1.0.2.jar:/home/user/.m2/repository/com/fasterxml/jackson/dataformat/jackson-dataformat-cbor/2.10.3/jackson-dataformat-cbor-2.10.3.jar:/home/user/.m2/repository/joda-time/joda-time/2.8.1/joda-time-2.8.1.jar:/home/user/.m2/repository/com/amazonaws/aws-java-sdk-s3/1.11.615/aws-java-sdk-s3-1.11.615.jar:/home/user/.m2/repository/com/amazonaws/aws-java-sdk-kms/1.11.615/aws-java-sdk-kms-1.11.615.jar:/home/user/.m2/repository/com/amazonaws/jmespath-java/1.11.615/jmespath-java-1.11.615.jar:/home/user/.m2/repository/org/apache/hadoop/hadoop-hdds-tools/0.6.0-SNAPSHOT/hadoop-hdds-tools-0.6.0-SNAPSHOT.jar:/home/user/.m2/repository/commons-cli/commons-cli/1.2/commons-cli-1.2.jar:/home/user/.m2/repository/org/apache/commons/commons-lang3/3.7/commons-lang3-3.7.jar:/home/user/.m2/repository/org/apache/hadoop/hadoop-ozone-ozone-manager/0.6.0-SNAPSHOT/hadoop-ozone-ozone-manager-0.6.0-SNAPSHOT-tests.jar:/home/user/.m2/repository/junit/junit/4.11/junit-4.11.jar:/home/user/.m2/repository/org/hamcrest/hamcrest-core/1.3/hamcrest-core-1.3.jar:/home/user/.m2/repository/org/openjdk/jmh/jmh-core/1.19/jmh-core-1.19.jar:/home/user/.m2/repository/net/sf/jopt-simple/jopt-simple/4.6/jopt-simple-4.6.jar:/home/user/.m2/repository/org/apache/commons/commons-math3/3.1.1/commons-math3-3.1.1.jar:/home/user/.m2/repository/org/openjdk/jmh/jmh-generator-annprocess/1.19/jmh-generator-annprocess-1.19.jar:/home/user/.m2/repository/org/mockito/mockito-all/1.8.5/mockito-all-1.8.5.jar:/home/user/.m2/repository/org/apache/hadoop/hadoop-kms/3.2.1/hadoop-kms-3.2.1.jar:/home/user/.m2/repository/org/apache/hadoop/hadoop-auth/3.2.1/hadoop-auth-3.2.1.jar:/home/user/.m2/repository/com/nimbusds/nimbus-jose-jwt/7.9/nimbus-jose-jwt-7.9.jar:/home/user/.m2/repository/com/github/stephenc/jcip/jcip-annotations/1.0-1/jcip-annotations-1.0-1.jar:/home/user/.m2/repository/net/minidev/json-smart/2.3/json-smart-2.3.jar:/home/user/.m2/repository/net/minidev/accessors-smart/1.2/accessors-smart-1.2.jar:/home/user/.m2/repository/org/ow2/asm/asm/5.0.4/asm-5.0.4.jar:/home/user/.m2/repository/org/apache/zookeeper/zookeeper/3.4.13/zookeeper-3.4.13.jar:/home/user/.m2/repository/org/apache/yetus/audience-annotations/0.5.0/audience-annotations-0.5.0.jar:/home/user/.m2/repository/org/apache/curator/curator-framework/2.13.0/curator-framework-2.13.0.jar:/home/user/.m2/repository/com/sun/jersey/jersey-core/1.19/jersey-core-1.19.jar:/home/user/.m2/repository/javax/ws/rs/jsr311-api/1.1.1/jsr311-api-1.1.1.jar:/home/user/.m2/repository/com/sun/jersey/jersey-server/1.19/jersey-server-1.19.jar:/home/user/.m2/repository/javax/servlet/javax.servlet-api/3.1.0/javax.servlet-api-3.1.0.jar:/home/user/.m2/repository/org/eclipse/jetty/jetty-server/9.4.26.v20200117/jetty-server-9.4.26.v20200117.jar:/home/user/.m2/repository/org/eclipse/jetty/jetty-http/9.4.26.v20200117/jetty-http-9.4.26.v20200117.jar:/home/user/.m2/repository/org/eclipse/jetty/jetty-io/9.4.26.v20200117/jetty-io-9.4.26.v20200117.jar:/home/user/.m2/repository/org/eclipse/jetty/jetty-webapp/9.4.26.v20200117/jetty-webapp-9.4.26.v20200117.jar:/home/user/.m2/repository/org/eclipse/jetty/jetty-xml/9.4.26.v20200117/jetty-xml-9.4.26.v20200117.jar:/home/user/.m2/repository/org/eclipse/jetty/jetty-servlet/9.4.26.v20200117/jetty-servlet-9.4.26.v20200117.jar:/home/user/.m2/repository/org/eclipse/jetty/jetty-security/9.4.26.v20200117/jetty-security-9.4.26.v20200117.jar:/home/user/.m2/repository/org/apache/hadoop/hadoop-common/3.2.1/hadoop-common-3.2.1.jar:/home/user/.m2/repository/commons-net/commons-net/3.6/commons-net-3.6.jar:/home/user/.m2/repository/commons-collections/commons-collections/3.2.2/commons-collections-3.2.2.jar:/home/user/.m2/repository/com/sun/jersey/jersey-servlet/1.19/jersey-servlet-1.19.jar:/home/user/.m2/repository/com/sun/jersey/jersey-json/1.19/jersey-json-1.19.jar:/home/user/.m2/repository/org/codehaus/jettison/jettison/1.1/jettison-1.1.jar:/home/user/.m2/repository/org/codehaus/jackson/jackson-jaxrs/1.9.2/jackson-jaxrs-1.9.2.jar:/home/user/.m2/repository/org/codehaus/jackson/jackson-xc/1.9.2/jackson-xc-1.9.2.jar:/home/user/.m2/repository/commons-beanutils/commons-beanutils/1.9.4/commons-beanutils-1.9.4.jar:/home/user/.m2/repository/org/apache/commons/commons-configuration2/2.1.1/commons-configuration2-2.1.1.jar:/home/user/.m2/repository/org/apache/commons/commons-text/1.4/commons-text-1.4.jar:/home/user/.m2/repository/com/google/re2j/re2j/1.1/re2j-1.1.jar:/home/user/.m2/repository/com/jcraft/jsch/0.1.54/jsch-0.1.54.jar:/home/user/.m2/repository/org/apache/curator/curator-client/2.13.0/curator-client-2.13.0.jar:/home/user/.m2/repository/org/apache/curator/curator-recipes/2.13.0/curator-recipes-2.13.0.jar:/home/user/.m2/repository/dnsjava/dnsjava/2.1.7/dnsjava-2.1.7.jar:/home/user/.m2/repository/org/slf4j/jul-to-slf4j/1.7.25/jul-to-slf4j-1.7.25.jar:/home/user/.m2/repository/org/eclipse/jetty/jetty-util/9.4.26.v20200117/jetty-util-9.4.26.v20200117.jar:/home/user/.m2/repository/com/fasterxml/jackson/core/jackson-databind/2.10.3/jackson-databind-2.10.3.jar:/home/user/.m2/repository/org/apache/hadoop/hadoop-kms/3.2.1/hadoop-kms-3.2.1-tests.jar:/home/user/.m2/repository/org/apache/hadoop/hadoop-hdds-server-scm/0.6.0-SNAPSHOT/hadoop-hdds-server-scm-0.6.0-SNAPSHOT-tests.jar:/home/user/.m2/repository/org/apache/hadoop/hadoop-hdds-container-service/0.6.0-SNAPSHOT/hadoop-hdds-container-service-0.6.0-SNAPSHOT-tests.jar:/home/user/.m2/repository/org/apache/hadoop/hadoop-hdds-common/0.6.0-SNAPSHOT/hadoop-hdds-common-0.6.0-SNAPSHOT-tests.jar:/home/user/.m2/repository/org/yaml/snakeyaml/1.16/snakeyaml-1.16.jar:/home/user/.m2/repository/org/apache/hadoop/hadoop-hdds-hadoop-dependency-test/0.6.0-SNAPSHOT/hadoop-hdds-hadoop-dependency-test-0.6.0-SNAPSHOT.jar:/home/user/.m2/repository/org/apache/hadoop/hadoop-common/3.2.1/hadoop-common-3.2.1-tests.jar:/home/user/.m2/repository/javax/servlet/jsp/jsp-api/2.1/jsp-api-2.1.jar:/home/user/.m2/repository/org/apache/hadoop/hadoop-hdfs/3.2.1/hadoop-hdfs-3.2.1-tests.jar:/home/user/.m2/repository/org/eclipse/jetty/jetty-util-ajax/9.4.26.v20200117/jetty-util-ajax-9.4.26.v20200117.jar:/home/user/.m2/repository/commons-codec/commons-codec/1.11/commons-codec-1.11.jar:/home/user/.m2/repository/commons-daemon/commons-daemon/1.0.13/commons-daemon-1.0.13.jar:/home/user/.m2/repository/io/netty/netty/3.10.5.Final/netty-3.10.5.Final.jar:/home/user/.m2/repository/io/netty/netty-all/4.1.48.Final/netty-all-4.1.48.Final.jar:/home/user/.m2/repository/org/apache/htrace/htrace-core4/4.1.0-incubating/htrace-core4-4.1.0-incubating.jar:/home/user/.m2/repository/org/fusesource/leveldbjni/leveldbjni-all/1.8/leveldbjni-all-1.8.jar:/home/user/.m2/repository/org/apache/hadoop/hadoop-distcp/3.2.1/hadoop-distcp-3.2.1.jar:/home/user/.m2/repository/org/apache/hadoop/hadoop-mapreduce-client-jobclient/3.2.1/hadoop-mapreduce-client-jobclient-3.2.1.jar:/home/user/.m2/repository/org/apache/hadoop/hadoop-mapreduce-client-common/3.2.1/hadoop-mapreduce-client-common-3.2.1.jar:/home/user/.m2/repository/org/apache/hadoop/hadoop-yarn-common/3.2.1/hadoop-yarn-common-3.2.1.jar:/home/user/.m2/repository/org/apache/hadoop/hadoop-yarn-api/3.2.1/hadoop-yarn-api-3.2.1.jar:/home/user/.m2/repository/com/sun/jersey/jersey-client/1.19/jersey-client-1.19.jar:/home/user/.m2/repository/com/sun/jersey/contribs/jersey-guice/1.19/jersey-guice-1.19.jar:/home/user/.m2/repository/com/fasterxml/jackson/jaxrs/jackson-jaxrs-json-provider/2.10.3/jackson-jaxrs-json-provider-2.10.3.jar:/home/user/.m2/repository/com/fasterxml/jackson/jaxrs/jackson-jaxrs-base/2.10.3/jackson-jaxrs-base-2.10.3.jar:/home/user/.m2/repository/org/apache/hadoop/hadoop-yarn-client/3.2.1/hadoop-yarn-client-3.2.1.jar:/home/user/.m2/repository/org/apache/hadoop/hadoop-mapreduce-client-core/3.2.1/hadoop-mapreduce-client-core-3.2.1.jar:/home/user/.m2/repository/org/apache/avro/avro/1.7.7/avro-1.7.7.jar:/home/user/.m2/repository/org/codehaus/jackson/jackson-core-asl/1.9.13/jackson-core-asl-1.9.13.jar:/home/user/.m2/repository/org/codehaus/jackson/jackson-mapper-asl/1.9.13/jackson-mapper-asl-1.9.13.jar:/home/user/.m2/repository/com/thoughtworks/paranamer/paranamer/2.3/paranamer-2.3.jar:/home/user/.m2/repository/org/xerial/snappy/snappy-java/1.0.5/snappy-java-1.0.5.jar:/home/user/.m2/repository/org/apache/hadoop/hadoop-annotations/3.2.1/hadoop-annotations-3.2.1.jar:/usr/lib/jvm/java-1.8.0-openjdk-1.8.0.232.b09-0.el7_7.x86_64/jre/../lib/tools.jar:/home/user/.m2/repository/org/apache/hadoop/hadoop-distcp/3.2.1/hadoop-distcp-3.2.1-tests.jar:"/>
    <property name="sun.cpu.endian" value="little"/>
    <property name="user.home" value="/home/user"/>
    <property name="user.language" value="en"/>
    <property name="java.specification.vendor" value="Oracle Corporation"/>
    <property name="java.home" value="/usr/lib/jvm/java-1.8.0-openjdk-1.8.0.232.b09-0.el7_7.x86_64/jre"/>
    <property name="java.security.krb5.conf" value="/github/workspace/mnt/ozone/hadoop-ozone/integration-test/target/test-classes/krb5.conf"/>
    <property name="basedir" value="/github/workspace/mnt/ozone/hadoop-ozone/integration-test"/>
    <property name="file.separator" value="/"/>
    <property name="line.separator" value="&#10;"/>
    <property name="java.vm.specification.vendor" value="Oracle Corporation"/>
    <property name="java.specification.name" value="Java Platform API Specification"/>
    <property name="java.awt.graphicsenv" value="sun.awt.X11GraphicsEnvironment"/>
    <property name="surefire.real.class.path" value="/github/workspace/mnt/ozone/hadoop-ozone/integration-test/target/surefire/surefirebooter4339291546989955859.jar:/home/user/.m2/repository/org/jacoco/org.jacoco.agent/0.8.3/org.jacoco.agent-0.8.3-runtime.jar"/>
    <property name="hadoop.log.dir" value="/github/workspace/mnt/ozone/hadoop-ozone/integration-test/target/log"/>
    <property name="sun.boot.class.path" value="/usr/lib/jvm/java-1.8.0-openjdk-1.8.0.232.b09-0.el7_7.x86_64/jre/lib/resources.jar:/usr/lib/jvm/java-1.8.0-openjdk-1.8.0.232.b09-0.el7_7.x86_64/jre/lib/rt.jar:/usr/lib/jvm/java-1.8.0-openjdk-1.8.0.232.b09-0.el7_7.x86_64/jre/lib/sunrsasign.jar:/usr/lib/jvm/java-1.8.0-openjdk-1.8.0.232.b09-0.el7_7.x86_64/jre/lib/jsse.jar:/usr/lib/jvm/java-1.8.0-openjdk-1.8.0.232.b09-0.el7_7.x86_64/jre/lib/jce.jar:/usr/lib/jvm/java-1.8.0-openjdk-1.8.0.232.b09-0.el7_7.x86_64/jre/lib/charsets.jar:/usr/lib/jvm/java-1.8.0-openjdk-1.8.0.232.b09-0.el7_7.x86_64/jre/lib/jfr.jar:/usr/lib/jvm/java-1.8.0-openjdk-1.8.0.232.b09-0.el7_7.x86_64/jre/classes"/>
    <property name="sun.management.compiler" value="HotSpot 64-Bit Tiered Compilers"/>
    <property name="java.runtime.version" value="1.8.0_232-b09"/>
    <property name="java.net.preferIPv4Stack" value="true"/>
    <property name="user.name" value="jenkins1001"/>
    <property name="path.separator" value=":"/>
    <property name="java.security.egd" value="file:///dev/urandom"/>
    <property name="os.version" value="5.3.0-1020-azure"/>
    <property name="java.endorsed.dirs" value="/usr/lib/jvm/java-1.8.0-openjdk-1.8.0.232.b09-0.el7_7.x86_64/jre/lib/endorsed"/>
    <property name="java.runtime.name" value="OpenJDK Runtime Environment"/>
    <property name="file.encoding" value="ANSI_X3.4-1968"/>
    <property name="java.vm.name" value="OpenJDK 64-Bit Server VM"/>
    <property name="test.build.webapps" value=""/>
    <property name="localRepository" value="/home/user/.m2/repository"/>
    <property name="java.vendor.url.bug" value="http://bugreport.sun.com/bugreport/"/>
    <property name="java.io.tmpdir" value="/tmp"/>
    <property name="require.test.libhadoop" value=""/>
    <property name="java.version" value="1.8.0_232"/>
    <property name="user.dir" value="/github/workspace/mnt/ozone/hadoop-ozone/integration-test"/>
    <property name="os.arch" value="amd64"/>
    <property name="java.vm.specification.name" value="Java Virtual Machine Specification"/>
    <property name="test.build.classes" value="/github/workspace/mnt/ozone/hadoop-ozone/integration-test/target/test-classes"/>
    <property name="java.awt.printerjob" value="sun.print.PSPrinterJob"/>
    <property name="sun.os.patch.level" value="unknown"/>
    <property name="hadoop.tmp.dir" value="/github/workspace/mnt/ozone/hadoop-ozone/integration-test/target/tmp"/>
    <property name="java.library.path" value="/usr/lib:/usr/java/packages/lib/amd64:/usr/lib64:/lib64:/lib:/usr/lib"/>
    <property name="java.vm.info" value="mixed mode"/>
    <property name="java.vendor" value="Oracle Corporation"/>
    <property name="java.vm.version" value="25.232-b09"/>
    <property name="java.ext.dirs" value="/usr/lib/jvm/java-1.8.0-openjdk-1.8.0.232.b09-0.el7_7.x86_64/jre/lib/ext:/usr/java/packages/lib/ext"/>
    <property name="sun.io.unicode.encoding" value="UnicodeLittle"/>
    <property name="java.class.version" value="52.0"/>
  </properties>
  <testcase name="testPutKeyAndGetKeyThreeNodes" classname="org.apache.hadoop.ozone.client.rpc.TestReadRetries" time="10.793">
    <failure type="java.lang.AssertionError">java.lang.AssertionError
	at org.junit.Assert.fail(Assert.java:86)
	at org.junit.Assert.assertTrue(Assert.java:41)
	at org.junit.Assert.assertTrue(Assert.java:52)
	at org.apache.hadoop.ozone.client.rpc.TestReadRetries.testPutKeyAndGetKeyThreeNodes(TestReadRetries.java:181)
	at sun.reflect.NativeMethodAccessorImpl.invoke0(Native Method)
	at sun.reflect.NativeMethodAccessorImpl.invoke(NativeMethodAccessorImpl.java:62)
	at sun.reflect.DelegatingMethodAccessorImpl.invoke(DelegatingMethodAccessorImpl.java:43)
	at java.lang.reflect.Method.invoke(Method.java:498)
	at org.junit.runners.model.FrameworkMethod$1.runReflectiveCall(FrameworkMethod.java:47)
	at org.junit.internal.runners.model.ReflectiveCallable.run(ReflectiveCallable.java:12)
	at org.junit.runners.model.FrameworkMethod.invokeExplosively(FrameworkMethod.java:44)
	at org.junit.internal.runners.statements.InvokeMethod.evaluate(InvokeMethod.java:17)
	at org.junit.rules.ExpectedException$ExpectedExceptionStatement.evaluate(ExpectedException.java:168)
	at org.junit.rules.RunRules.evaluate(RunRules.java:20)
	at org.junit.runners.ParentRunner.runLeaf(ParentRunner.java:271)
	at org.junit.runners.BlockJUnit4ClassRunner.runChild(BlockJUnit4ClassRunner.java:70)
	at org.junit.runners.BlockJUnit4ClassRunner.runChild(BlockJUnit4ClassRunner.java:50)
	at org.junit.runners.ParentRunner$3.run(ParentRunner.java:238)
	at org.junit.runners.ParentRunner$1.schedule(ParentRunner.java:63)
	at org.junit.runners.ParentRunner.runChildren(ParentRunner.java:236)
	at org.junit.runners.ParentRunner.access$000(ParentRunner.java:53)
	at org.junit.runners.ParentRunner$2.evaluate(ParentRunner.java:229)
	at org.junit.internal.runners.statements.RunBefores.evaluate(RunBefores.java:26)
	at org.junit.internal.runners.statements.RunAfters.evaluate(RunAfters.java:27)
	at org.junit.runners.ParentRunner.run(ParentRunner.java:309)
	at org.apache.maven.surefire.junit4.JUnit4Provider.execute(JUnit4Provider.java:365)
	at org.apache.maven.surefire.junit4.JUnit4Provider.executeWithRerun(JUnit4Provider.java:273)
	at org.apache.maven.surefire.junit4.JUnit4Provider.executeTestSet(JUnit4Provider.java:238)
	at org.apache.maven.surefire.junit4.JUnit4Provider.invoke(JUnit4Provider.java:159)
	at org.apache.maven.surefire.booter.ForkedBooter.invokeProviderInSameClassLoader(ForkedBooter.java:384)
	at org.apache.maven.surefire.booter.ForkedBooter.runSuitesInProcess(ForkedBooter.java:345)
	at org.apache.maven.surefire.booter.ForkedBooter.execute(ForkedBooter.java:126)
	at org.apache.maven.surefire.booter.ForkedBooter.main(ForkedBooter.java:418)
</failure>
    <system-out><![CDATA[2020-05-18 03:07:41,298 [main] WARN  server.ServerUtils (ServerUtils.java:getScmDbDir(148)) - ozone.scm.db.dirs is not configured. We recommend adding this setting. Falling back to ozone.metadata.dirs instead.
2020-05-18 03:07:41,397 [main] WARN  server.ServerUtils (ServerUtils.java:getScmDbDir(148)) - ozone.scm.db.dirs is not configured. We recommend adding this setting. Falling back to ozone.metadata.dirs instead.
2020-05-18 03:07:41,511 [main] WARN  db.DBStoreBuilder (DBStoreBuilder.java:createDBStoreBuilder(277)) - ozone.scm.db.dirs is not configured. We recommend adding this setting. Falling back to ozone.metadata.dirs instead.
2020-05-18 03:07:41,659 [main] INFO  net.NodeSchemaLoader (NodeSchemaLoader.java:loadSchemaFromFile(126)) - Loading file from sun.misc.CompoundEnumeration@1ac25dbb
2020-05-18 03:07:41,662 [main] INFO  net.NodeSchemaLoader (NodeSchemaLoader.java:loadSchema(172)) - Loading network topology layer schema file
2020-05-18 03:07:41,750 [main] WARN  server.ServerUtils (ServerUtils.java:sanitizeUserArgs(73)) - ozone.scm.stale.node.interval value = 300000 is larger than max = 100000 based on the key value of ozone.scm.heartbeat.thread.interval, reset to the max value 100000.
2020-05-18 03:07:41,751 [main] WARN  server.ServerUtils (ServerUtils.java:sanitizeUserArgs(73)) - ozone.scm.stale.node.interval value = 300000 is larger than max = 100000 based on the key value of ozone.scm.heartbeat.thread.interval, reset to the max value 100000.
2020-05-18 03:07:41,753 [main] INFO  node.SCMNodeManager (SCMNodeManager.java:<init>(116)) - Entering startup safe mode.
2020-05-18 03:07:41,896 [main] INFO  algorithms.ContainerPlacementPolicyFactory (ContainerPlacementPolicyFactory.java:getPolicy(60)) - Create container placement policy of type org.apache.hadoop.hdds.scm.container.placement.algorithms.SCMContainerPlacementRandom
2020-05-18 03:07:41,921 [main] INFO  pipeline.SCMPipelineManager (SCMPipelineManager.java:initializePipelineState(158)) - No pipeline exists in current db
2020-05-18 03:07:41,984 [main] INFO  safemode.HealthyPipelineSafeModeRule (HealthyPipelineSafeModeRule.java:<init>(89)) - Total pipeline count is 0, healthy pipeline threshold count is 0
2020-05-18 03:07:41,989 [main] INFO  safemode.OneReplicaPipelineSafeModeRule (OneReplicaPipelineSafeModeRule.java:<init>(79)) - Total pipeline count is 0, pipeline's with at least one datanode reported threshold count is 0
2020-05-18 03:07:42,024 [RatisPipelineUtilsThread] ERROR pipeline.SCMPipelineManager (SCMPipelineManager.java:createPipeline(222)) - Failed to create pipeline of type RATIS and factor ONE. Exception: Cannot create pipeline of factor 1 using 0 nodes. Used 0 nodes. Healthy nodes 0
2020-05-18 03:07:42,478 [main] INFO  ipc.CallQueueManager (CallQueueManager.java:<init>(84)) - Using callQueue: class java.util.concurrent.LinkedBlockingQueue, queueCapacity: 2000, scheduler: class org.apache.hadoop.ipc.DefaultRpcScheduler, ipcBackoff: false.
2020-05-18 03:07:42,508 [Socket Reader #1 for port 0] INFO  ipc.Server (Server.java:run(1219)) - Starting Socket Reader #1 for port 0
2020-05-18 03:07:42,548 [Listener at 0.0.0.0/43479] INFO  ipc.CallQueueManager (CallQueueManager.java:<init>(84)) - Using callQueue: class java.util.concurrent.LinkedBlockingQueue, queueCapacity: 2000, scheduler: class org.apache.hadoop.ipc.DefaultRpcScheduler, ipcBackoff: false.
2020-05-18 03:07:42,550 [Socket Reader #1 for port 0] INFO  ipc.Server (Server.java:run(1219)) - Starting Socket Reader #1 for port 0
2020-05-18 03:07:42,559 [Listener at 0.0.0.0/37823] INFO  ipc.CallQueueManager (CallQueueManager.java:<init>(84)) - Using callQueue: class java.util.concurrent.LinkedBlockingQueue, queueCapacity: 2000, scheduler: class org.apache.hadoop.ipc.DefaultRpcScheduler, ipcBackoff: false.
2020-05-18 03:07:42,560 [Socket Reader #1 for port 0] INFO  ipc.Server (Server.java:run(1219)) - Starting Socket Reader #1 for port 0
2020-05-18 03:07:42,580 [Listener at 0.0.0.0/40341] INFO  http.BaseHttpServer (BaseHttpServer.java:newHttpServer2BuilderForOzone(205)) - Starting Web-server for scm at: http://0.0.0.0:0
2020-05-18 03:07:42,581 [Listener at 0.0.0.0/40341] INFO  http.BaseHttpServer (BaseHttpServer.java:<init>(106)) - Hadoop Security Enabled: false Ozone Security Enabled: false Ozone HTTP Security Enabled: false 
2020-05-18 03:07:42,620 [Listener at 0.0.0.0/40341] INFO  util.log (Log.java:initialized(169)) - Logging initialized @2657ms to org.eclipse.jetty.util.log.Slf4jLog
2020-05-18 03:07:42,840 [Listener at 0.0.0.0/40341] INFO  server.AuthenticationFilter (AuthenticationFilter.java:constructSecretProvider(240)) - Unable to initialize FileSignerSecretProvider, falling back to use random secrets.
2020-05-18 03:07:42,856 [Listener at 0.0.0.0/40341] WARN  http.HttpRequestLog (HttpRequestLog.java:getRequestLog(103)) - Jetty request log can only be enabled using Log4j
2020-05-18 03:07:42,862 [Listener at 0.0.0.0/40341] INFO  http.HttpServer2 (HttpServer2.java:addGlobalFilter(993)) - Added global filter 'safety' (class=org.apache.hadoop.hdds.server.http.HttpServer2$QuotingInputFilter)
2020-05-18 03:07:42,864 [Listener at 0.0.0.0/40341] INFO  http.HttpServer2 (HttpServer2.java:addFilter(969)) - Added filter authentication (class=org.apache.hadoop.security.authentication.server.AuthenticationFilter) to context scm
2020-05-18 03:07:42,864 [Listener at 0.0.0.0/40341] INFO  http.HttpServer2 (HttpServer2.java:addFilter(977)) - Added filter authentication (class=org.apache.hadoop.security.authentication.server.AuthenticationFilter) to context logs
2020-05-18 03:07:42,864 [Listener at 0.0.0.0/40341] INFO  http.HttpServer2 (HttpServer2.java:addFilter(977)) - Added filter authentication (class=org.apache.hadoop.security.authentication.server.AuthenticationFilter) to context static
2020-05-18 03:07:42,927 [Listener at 0.0.0.0/40341] INFO  server.StorageContainerManager (StorageContainerManager.java:start(781)) - StorageContainerLocationProtocol RPC server is listening at /0.0.0.0:40341
2020-05-18 03:07:42,991 [Listener at 0.0.0.0/40341] WARN  impl.MetricsConfig (MetricsConfig.java:loadFirst(134)) - Cannot locate configuration: tried hadoop-metrics2-storagecontainermanager.properties,hadoop-metrics2.properties
2020-05-18 03:07:43,007 [Listener at 0.0.0.0/40341] INFO  impl.MetricsSystemImpl (MetricsSystemImpl.java:startTimer(374)) - Scheduled Metric snapshot period at 10 second(s).
2020-05-18 03:07:43,007 [Listener at 0.0.0.0/40341] INFO  impl.MetricsSystemImpl (MetricsSystemImpl.java:start(191)) - StorageContainerManager metrics system started
2020-05-18 03:07:43,363 [Listener at 0.0.0.0/40341] INFO  server.SCMClientProtocolServer (SCMClientProtocolServer.java:start(157)) - RPC server for Client  is listening at /0.0.0.0:40341
2020-05-18 03:07:43,363 [IPC Server Responder] INFO  ipc.Server (Server.java:run(1460)) - IPC Server Responder: starting
2020-05-18 03:07:43,365 [IPC Server listener on 0] INFO  ipc.Server (Server.java:run(1298)) - IPC Server listener on 0: starting
2020-05-18 03:07:43,371 [Listener at 0.0.0.0/40341] INFO  server.StorageContainerManager (StorageContainerManager.java:start(793)) - ScmBlockLocationProtocol RPC server is listening at /0.0.0.0:37823
2020-05-18 03:07:43,371 [Listener at 0.0.0.0/40341] INFO  server.SCMBlockProtocolServer (SCMBlockProtocolServer.java:start(149)) - RPC server for Block Protocol is listening at /0.0.0.0:37823
2020-05-18 03:07:43,372 [IPC Server Responder] INFO  ipc.Server (Server.java:run(1460)) - IPC Server Responder: starting
2020-05-18 03:07:43,372 [IPC Server listener on 0] INFO  ipc.Server (Server.java:run(1298)) - IPC Server listener on 0: starting
2020-05-18 03:07:43,376 [Listener at 0.0.0.0/40341] INFO  server.StorageContainerManager (StorageContainerManager.java:start(799)) - ScmDatanodeProtocl RPC server is listening at /0.0.0.0:43479
2020-05-18 03:07:43,377 [Listener at 0.0.0.0/40341] INFO  server.SCMDatanodeProtocolServer (SCMDatanodeProtocolServer.java:start(172)) - RPC server for DataNodes is listening at /0.0.0.0:43479
2020-05-18 03:07:43,378 [IPC Server Responder] INFO  ipc.Server (Server.java:run(1460)) - IPC Server Responder: starting
2020-05-18 03:07:43,378 [IPC Server listener on 0] INFO  ipc.Server (Server.java:run(1298)) - IPC Server listener on 0: starting
2020-05-18 03:07:43,387 [Listener at 0.0.0.0/40341] INFO  http.HttpServer2 (HttpServer2.java:bindListener(1211)) - Jetty bound to port 45879
2020-05-18 03:07:43,389 [Listener at 0.0.0.0/40341] INFO  server.Server (Server.java:doStart(359)) - jetty-9.4.26.v20200117; built: 2020-01-17T12:35:33.676Z; git: 7b38981d25d14afb4a12ff1f2596756144edf695; jvm 1.8.0_232-b09
2020-05-18 03:07:43,442 [Listener at 0.0.0.0/40341] INFO  server.session (DefaultSessionIdManager.java:doStart(333)) - DefaultSessionIdManager workerName=node0
2020-05-18 03:07:43,443 [Listener at 0.0.0.0/40341] INFO  server.session (DefaultSessionIdManager.java:doStart(338)) - No SessionScavenger set, using defaults
2020-05-18 03:07:43,445 [Listener at 0.0.0.0/40341] INFO  server.session (HouseKeeper.java:startScavenging(140)) - node0 Scavenging every 660000ms
2020-05-18 03:07:43,463 [Listener at 0.0.0.0/40341] INFO  server.AuthenticationFilter (AuthenticationFilter.java:constructSecretProvider(240)) - Unable to initialize FileSignerSecretProvider, falling back to use random secrets.
2020-05-18 03:07:43,470 [Listener at 0.0.0.0/40341] INFO  handler.ContextHandler (ContextHandler.java:doStart(825)) - Started o.e.j.s.ServletContextHandler@398efb4d{logs,/logs,file:///github/workspace/mnt/ozone/hadoop-ozone/integration-test/target/log,AVAILABLE}
2020-05-18 03:07:43,472 [Listener at 0.0.0.0/40341] INFO  handler.ContextHandler (ContextHandler.java:doStart(825)) - Started o.e.j.s.ServletContextHandler@39086d6b{static,/static,file:///github/workspace/mnt/ozone/hadoop-ozone/integration-test/target/test-classes/webapps/static,AVAILABLE}
2020-05-18 03:07:43,537 [Listener at 0.0.0.0/40341] INFO  handler.ContextHandler (ContextHandler.java:doStart(825)) - Started o.e.j.w.WebAppContext@3dcd1f2a{scm,/,file:///github/workspace/mnt/ozone/hadoop-ozone/integration-test/target/test-classes/webapps/scm/,AVAILABLE}{file:/github/workspace/mnt/ozone/hadoop-ozone/integration-test/target/test-classes/webapps/scm}
2020-05-18 03:07:43,548 [Listener at 0.0.0.0/40341] INFO  server.AbstractConnector (AbstractConnector.java:doStart(330)) - Started ServerConnector@144658b1{HTTP/1.1,[http/1.1]}{0.0.0.0:45879}
2020-05-18 03:07:43,549 [Listener at 0.0.0.0/40341] INFO  server.Server (Server.java:doStart(399)) - Started @3586ms
2020-05-18 03:07:43,551 [Listener at 0.0.0.0/40341] INFO  impl.MetricsSinkAdapter (MetricsSinkAdapter.java:start(204)) - Sink prometheus started
2020-05-18 03:07:43,552 [Listener at 0.0.0.0/40341] INFO  impl.MetricsSystemImpl (MetricsSystemImpl.java:registerSink(301)) - Registered sink prometheus
2020-05-18 03:07:43,555 [Listener at 0.0.0.0/40341] INFO  http.BaseHttpServer (BaseHttpServer.java:updateConnectorAddress(325)) - HTTP server of scm listening at http://0.0.0.0:45879
2020-05-18 03:07:43,564 [Listener at 0.0.0.0/40341] WARN  server.ServerUtils (ServerUtils.java:getDBPath(225)) - ozone.om.db.dirs is not configured. We recommend adding this setting. Falling back to ozone.metadata.dirs instead.
2020-05-18 03:07:43,566 [org.apache.hadoop.util.JvmPauseMonitor$Monitor@5a704d15] INFO  util.JvmPauseMonitor (JvmPauseMonitor.java:run(188)) - Starting JVM pause monitor
2020-05-18 03:07:43,695 [Listener at 0.0.0.0/40341] INFO  ha.OMHANodeDetails (OMHANodeDetails.java:loadOMHAConfig(104)) - ozone.om.internal.service.id is not defined, falling back to ozone.om.service.ids to find serviceID for OzoneManager if it is HA enabled cluster
2020-05-18 03:07:43,700 [Listener at 0.0.0.0/40341] INFO  ha.OMHANodeDetails (OMHANodeDetails.java:loadOMHAConfig(207)) - Configuration either no ozone.om.address set. Falling back to the default OM address /127.0.0.1:0
2020-05-18 03:07:43,700 [Listener at 0.0.0.0/40341] INFO  ha.OMHANodeDetails (OMHANodeDetails.java:getOMNodeDetails(237)) - OM Service ID is not set. Setting it to the default ID: omServiceIdDefault
2020-05-18 03:07:43,702 [Listener at 0.0.0.0/40341] WARN  server.ServerUtils (ServerUtils.java:getDBPath(225)) - ozone.om.db.dirs is not configured. We recommend adding this setting. Falling back to ozone.metadata.dirs instead.
2020-05-18 03:07:43,704 [Listener at 0.0.0.0/40341] WARN  server.ServerUtils (ServerUtils.java:getDBPath(225)) - ozone.om.db.dirs is not configured. We recommend adding this setting. Falling back to ozone.metadata.dirs instead.
2020-05-18 03:07:44,458 [Listener at 0.0.0.0/40341] WARN  server.ServerUtils (ServerUtils.java:getDBPath(225)) - ozone.om.db.dirs is not configured. We recommend adding this setting. Falling back to ozone.metadata.dirs instead.
2020-05-18 03:07:44,562 [Listener at 0.0.0.0/40341] INFO  ipc.CallQueueManager (CallQueueManager.java:<init>(84)) - Using callQueue: class java.util.concurrent.LinkedBlockingQueue, queueCapacity: 2000, scheduler: class org.apache.hadoop.ipc.DefaultRpcScheduler, ipcBackoff: false.
2020-05-18 03:07:44,567 [Socket Reader #1 for port 0] INFO  ipc.Server (Server.java:run(1219)) - Starting Socket Reader #1 for port 0
2020-05-18 03:07:44,603 [Listener at 127.0.0.1/34573] INFO  impl.MetricsSystemImpl (MetricsSystemImpl.java:init(158)) - OzoneManager metrics system started (again)
2020-05-18 03:07:44,605 [Listener at 127.0.0.1/34573] INFO  om.OzoneManager (OzoneManager.java:start(1107)) - OzoneManager RPC server is listening at localhost/127.0.0.1:34573
2020-05-18 03:07:44,627 [IPC Server Responder] INFO  ipc.Server (Server.java:run(1460)) - IPC Server Responder: starting
2020-05-18 03:07:44,627 [IPC Server listener on 0] INFO  ipc.Server (Server.java:run(1298)) - IPC Server listener on 0: starting
2020-05-18 03:07:44,642 [Listener at 127.0.0.1/34573] INFO  http.BaseHttpServer (BaseHttpServer.java:newHttpServer2BuilderForOzone(205)) - Starting Web-server for ozoneManager at: http://0.0.0.0:0
2020-05-18 03:07:44,642 [Listener at 127.0.0.1/34573] INFO  http.BaseHttpServer (BaseHttpServer.java:<init>(106)) - Hadoop Security Enabled: false Ozone Security Enabled: false Ozone HTTP Security Enabled: false 
2020-05-18 03:07:44,644 [Listener at 127.0.0.1/34573] INFO  server.AuthenticationFilter (AuthenticationFilter.java:constructSecretProvider(240)) - Unable to initialize FileSignerSecretProvider, falling back to use random secrets.
2020-05-18 03:07:44,647 [Listener at 127.0.0.1/34573] WARN  http.HttpRequestLog (HttpRequestLog.java:getRequestLog(103)) - Jetty request log can only be enabled using Log4j
2020-05-18 03:07:44,648 [Listener at 127.0.0.1/34573] INFO  http.HttpServer2 (HttpServer2.java:addGlobalFilter(993)) - Added global filter 'safety' (class=org.apache.hadoop.hdds.server.http.HttpServer2$QuotingInputFilter)
2020-05-18 03:07:44,649 [Listener at 127.0.0.1/34573] INFO  http.HttpServer2 (HttpServer2.java:addFilter(969)) - Added filter authentication (class=org.apache.hadoop.security.authentication.server.AuthenticationFilter) to context ozoneManager
2020-05-18 03:07:44,649 [Listener at 127.0.0.1/34573] INFO  http.HttpServer2 (HttpServer2.java:addFilter(977)) - Added filter authentication (class=org.apache.hadoop.security.authentication.server.AuthenticationFilter) to context logs
2020-05-18 03:07:44,649 [Listener at 127.0.0.1/34573] INFO  http.HttpServer2 (HttpServer2.java:addFilter(977)) - Added filter authentication (class=org.apache.hadoop.security.authentication.server.AuthenticationFilter) to context static
2020-05-18 03:07:44,652 [Listener at 127.0.0.1/34573] INFO  http.HttpServer2 (HttpServer2.java:bindListener(1211)) - Jetty bound to port 43623
2020-05-18 03:07:44,653 [Listener at 127.0.0.1/34573] INFO  server.Server (Server.java:doStart(359)) - jetty-9.4.26.v20200117; built: 2020-01-17T12:35:33.676Z; git: 7b38981d25d14afb4a12ff1f2596756144edf695; jvm 1.8.0_232-b09
2020-05-18 03:07:44,655 [Listener at 127.0.0.1/34573] INFO  server.session (DefaultSessionIdManager.java:doStart(333)) - DefaultSessionIdManager workerName=node0
2020-05-18 03:07:44,655 [Listener at 127.0.0.1/34573] INFO  server.session (DefaultSessionIdManager.java:doStart(338)) - No SessionScavenger set, using defaults
2020-05-18 03:07:44,656 [Listener at 127.0.0.1/34573] INFO  server.session (HouseKeeper.java:startScavenging(140)) - node0 Scavenging every 660000ms
2020-05-18 03:07:44,657 [Listener at 127.0.0.1/34573] INFO  server.AuthenticationFilter (AuthenticationFilter.java:constructSecretProvider(240)) - Unable to initialize FileSignerSecretProvider, falling back to use random secrets.
2020-05-18 03:07:44,658 [Listener at 127.0.0.1/34573] INFO  handler.ContextHandler (ContextHandler.java:doStart(825)) - Started o.e.j.s.ServletContextHandler@5cc1a0c3{logs,/logs,file:///github/workspace/mnt/ozone/hadoop-ozone/integration-test/target/log,AVAILABLE}
2020-05-18 03:07:44,658 [Listener at 127.0.0.1/34573] INFO  handler.ContextHandler (ContextHandler.java:doStart(825)) - Started o.e.j.s.ServletContextHandler@42b3e56b{static,/static,file:///github/workspace/mnt/ozone/hadoop-ozone/integration-test/target/test-classes/webapps/static,AVAILABLE}
2020-05-18 03:07:44,663 [Listener at 127.0.0.1/34573] INFO  handler.ContextHandler (ContextHandler.java:doStart(825)) - Started o.e.j.w.WebAppContext@78e73e85{ozoneManager,/,file:///github/workspace/mnt/ozone/hadoop-ozone/integration-test/target/test-classes/webapps/ozoneManager/,AVAILABLE}{file:/github/workspace/mnt/ozone/hadoop-ozone/integration-test/target/test-classes/webapps/ozoneManager}
2020-05-18 03:07:44,665 [Listener at 127.0.0.1/34573] INFO  server.AbstractConnector (AbstractConnector.java:doStart(330)) - Started ServerConnector@32db2656{HTTP/1.1,[http/1.1]}{0.0.0.0:43623}
2020-05-18 03:07:44,665 [Listener at 127.0.0.1/34573] INFO  server.Server (Server.java:doStart(399)) - Started @4703ms
2020-05-18 03:07:44,666 [Listener at 127.0.0.1/34573] WARN  impl.MetricsSystemImpl (MetricsSystemImpl.java:register(276)) - Sink prometheus already exists!
2020-05-18 03:07:44,668 [Listener at 127.0.0.1/34573] INFO  http.BaseHttpServer (BaseHttpServer.java:updateConnectorAddress(325)) - HTTP server of ozoneManager listening at http://0.0.0.0:43623
2020-05-18 03:07:44,830 [Listener at 127.0.0.1/34573] INFO  metrics.MetricRegistries (MetricRegistriesLoader.java:load(64)) - Loaded MetricRegistries class org.apache.ratis.metrics.impl.MetricRegistriesImpl
2020-05-18 03:07:44,833 [Listener at 127.0.0.1/34573] INFO  impl.MetricsSystemImpl (MetricsSystemImpl.java:init(158)) - HddsDatanode metrics system started (again)
2020-05-18 03:07:44,839 [Listener at 127.0.0.1/34573] INFO  ozone.HddsDatanodeService (HddsDatanodeService.java:start(204)) - HddsDatanodeService host:e6a1a4110770 ip:172.17.0.2
2020-05-18 03:07:44,880 [Listener at 127.0.0.1/34573] INFO  volume.HddsVolume (HddsVolume.java:<init>(176)) - Creating Volume: /github/workspace/mnt/ozone/hadoop-ozone/integration-test/target/test-dir/MiniOzoneClusterImpl-69c03e2e-129d-4290-ae39-1295d90fd6d6/datanode-0/data-0/containers/hdds of storage type : DISK and capacity : 9223372036854775807
2020-05-18 03:07:44,882 [Listener at 127.0.0.1/34573] INFO  volume.MutableVolumeSet (MutableVolumeSet.java:initializeVolumeSet(181)) - Added Volume : /github/workspace/mnt/ozone/hadoop-ozone/integration-test/target/test-dir/MiniOzoneClusterImpl-69c03e2e-129d-4290-ae39-1295d90fd6d6/datanode-0/data-0/containers/hdds to VolumeSet
2020-05-18 03:07:44,883 [Listener at 127.0.0.1/34573] INFO  volume.ThrottledAsyncChecker (ThrottledAsyncChecker.java:schedule(141)) - Scheduling a check for /github/workspace/mnt/ozone/hadoop-ozone/integration-test/target/test-dir/MiniOzoneClusterImpl-69c03e2e-129d-4290-ae39-1295d90fd6d6/datanode-0/data-0/containers/hdds
2020-05-18 03:07:44,901 [Listener at 127.0.0.1/34573] INFO  volume.HddsVolumeChecker (HddsVolumeChecker.java:checkAllVolumes(200)) - Scheduled health check for volume /github/workspace/mnt/ozone/hadoop-ozone/integration-test/target/test-dir/MiniOzoneClusterImpl-69c03e2e-129d-4290-ae39-1295d90fd6d6/datanode-0/data-0/containers/hdds
2020-05-18 03:07:45,076 [Listener at 127.0.0.1/34573] INFO  impl.RaftServerProxy (ConfUtils.java:logGet(44)) - raft.rpc.type = GRPC (default)
2020-05-18 03:07:45,161 [Listener at 127.0.0.1/34573] INFO  grpc.GrpcFactory (GrpcFactory.java:checkPooledByteBufAllocatorUseCacheForAllThreads(45)) - PERFORMANCE WARNING: useCacheForAllThreads is true that may cause Netty to create a lot garbage objects and, as a result, trigger GC.
	It is recommended to disable useCacheForAllThreads by setting -Dorg.apache.ratis.thirdparty.io.netty.allocator.useCacheForAllThreads=false in command line.
2020-05-18 03:07:45,166 [Listener at 127.0.0.1/34573] INFO  grpc.GrpcConfigKeys (ConfUtils.java:logGet(44)) - raft.grpc.server.port = 0 (default)
2020-05-18 03:07:45,169 [Listener at 127.0.0.1/34573] INFO  server.GrpcService (ConfUtils.java:logGet(44)) - raft.grpc.message.size.max = 32MB (=33554432) (custom)
2020-05-18 03:07:45,170 [Listener at 127.0.0.1/34573] INFO  server.RaftServerConfigKeys (ConfUtils.java:logGet(44)) - raft.server.log.appender.buffer.byte-limit = 33554432 (custom)
2020-05-18 03:07:45,171 [Listener at 127.0.0.1/34573] INFO  server.GrpcService (ConfUtils.java:logGet(44)) - raft.grpc.flow.control.window = 5MB (=5242880) (custom)
2020-05-18 03:07:45,172 [Listener at 127.0.0.1/34573] INFO  server.RaftServerConfigKeys (ConfUtils.java:logGet(44)) - raft.server.rpc.request.timeout = 60s (custom)
2020-05-18 03:07:45,395 [Listener at 127.0.0.1/34573] INFO  server.RaftServerConfigKeys (ConfUtils.java:logGet(44)) - raft.server.storage.dir = [/github/workspace/mnt/ozone/hadoop-ozone/integration-test/target/test-dir/MiniOzoneClusterImpl-69c03e2e-129d-4290-ae39-1295d90fd6d6/datanode-0/data/ratis] (custom)
2020-05-18 03:07:45,467 [Listener at 127.0.0.1/34573] INFO  http.BaseHttpServer (BaseHttpServer.java:newHttpServer2BuilderForOzone(205)) - Starting Web-server for hddsDatanode at: http://0.0.0.0:0
2020-05-18 03:07:45,468 [Listener at 127.0.0.1/34573] INFO  http.BaseHttpServer (BaseHttpServer.java:<init>(106)) - Hadoop Security Enabled: false Ozone Security Enabled: false Ozone HTTP Security Enabled: false 
2020-05-18 03:07:45,470 [Listener at 127.0.0.1/34573] INFO  server.AuthenticationFilter (AuthenticationFilter.java:constructSecretProvider(240)) - Unable to initialize FileSignerSecretProvider, falling back to use random secrets.
2020-05-18 03:07:45,471 [Listener at 127.0.0.1/34573] WARN  http.HttpRequestLog (HttpRequestLog.java:getRequestLog(103)) - Jetty request log can only be enabled using Log4j
2020-05-18 03:07:45,472 [Listener at 127.0.0.1/34573] INFO  http.HttpServer2 (HttpServer2.java:addGlobalFilter(993)) - Added global filter 'safety' (class=org.apache.hadoop.hdds.server.http.HttpServer2$QuotingInputFilter)
2020-05-18 03:07:45,472 [Listener at 127.0.0.1/34573] INFO  http.HttpServer2 (HttpServer2.java:addFilter(969)) - Added filter authentication (class=org.apache.hadoop.security.authentication.server.AuthenticationFilter) to context hddsDatanode
2020-05-18 03:07:45,473 [Listener at 127.0.0.1/34573] INFO  http.HttpServer2 (HttpServer2.java:addFilter(977)) - Added filter authentication (class=org.apache.hadoop.security.authentication.server.AuthenticationFilter) to context logs
2020-05-18 03:07:45,473 [Listener at 127.0.0.1/34573] INFO  http.HttpServer2 (HttpServer2.java:addFilter(977)) - Added filter authentication (class=org.apache.hadoop.security.authentication.server.AuthenticationFilter) to context static
2020-05-18 03:07:45,473 [Listener at 127.0.0.1/34573] INFO  http.HttpServer2 (HttpServer2.java:bindListener(1211)) - Jetty bound to port 37533
2020-05-18 03:07:45,474 [Listener at 127.0.0.1/34573] INFO  server.Server (Server.java:doStart(359)) - jetty-9.4.26.v20200117; built: 2020-01-17T12:35:33.676Z; git: 7b38981d25d14afb4a12ff1f2596756144edf695; jvm 1.8.0_232-b09
2020-05-18 03:07:45,483 [Listener at 127.0.0.1/34573] INFO  server.session (DefaultSessionIdManager.java:doStart(333)) - DefaultSessionIdManager workerName=node0
2020-05-18 03:07:45,483 [Listener at 127.0.0.1/34573] INFO  server.session (DefaultSessionIdManager.java:doStart(338)) - No SessionScavenger set, using defaults
2020-05-18 03:07:45,483 [Listener at 127.0.0.1/34573] INFO  server.session (HouseKeeper.java:startScavenging(140)) - node0 Scavenging every 600000ms
2020-05-18 03:07:45,484 [Listener at 127.0.0.1/34573] INFO  server.AuthenticationFilter (AuthenticationFilter.java:constructSecretProvider(240)) - Unable to initialize FileSignerSecretProvider, falling back to use random secrets.
2020-05-18 03:07:45,485 [Listener at 127.0.0.1/34573] INFO  handler.ContextHandler (ContextHandler.java:doStart(825)) - Started o.e.j.s.ServletContextHandler@218dd55c{logs,/logs,file:///github/workspace/mnt/ozone/hadoop-ozone/integration-test/target/log,AVAILABLE}
2020-05-18 03:07:45,486 [Listener at 127.0.0.1/34573] INFO  handler.ContextHandler (ContextHandler.java:doStart(825)) - Started o.e.j.s.ServletContextHandler@6bccf0e2{static,/static,jar:file:/home/user/.m2/repository/org/apache/hadoop/hadoop-hdds-container-service/0.6.0-SNAPSHOT/hadoop-hdds-container-service-0.6.0-SNAPSHOT.jar!/webapps/static,AVAILABLE}
2020-05-18 03:07:45,524 [Listener at 127.0.0.1/34573] INFO  handler.ContextHandler (ContextHandler.java:doStart(825)) - Started o.e.j.w.WebAppContext@733dc6e2{hddsDatanode,/,file:///tmp/jetty-0_0_0_0-37533-hadoop-hdds-container-service-0_6_0-SNAPSHOT_jar-_-any-4794279439749479517.dir/webapp/,AVAILABLE}{jar:file:/home/user/.m2/repository/org/apache/hadoop/hadoop-hdds-container-service/0.6.0-SNAPSHOT/hadoop-hdds-container-service-0.6.0-SNAPSHOT.jar!/webapps/hddsDatanode}
2020-05-18 03:07:45,526 [Listener at 127.0.0.1/34573] INFO  server.AbstractConnector (AbstractConnector.java:doStart(330)) - Started ServerConnector@40a288c8{HTTP/1.1,[http/1.1]}{0.0.0.0:37533}
2020-05-18 03:07:45,526 [Listener at 127.0.0.1/34573] INFO  server.Server (Server.java:doStart(399)) - Started @5564ms
2020-05-18 03:07:45,527 [Listener at 127.0.0.1/34573] WARN  impl.MetricsSystemImpl (MetricsSystemImpl.java:register(276)) - Sink prometheus already exists!
2020-05-18 03:07:45,538 [Listener at 127.0.0.1/34573] INFO  http.BaseHttpServer (BaseHttpServer.java:updateConnectorAddress(325)) - HTTP server of hddsDatanode listening at http://0.0.0.0:37533
2020-05-18 03:07:45,542 [Listener at 127.0.0.1/34573] INFO  impl.MetricsSystemImpl (MetricsSystemImpl.java:init(158)) - HddsDatanode metrics system started (again)
2020-05-18 03:07:45,543 [Listener at 127.0.0.1/34573] INFO  ozone.HddsDatanodeService (HddsDatanodeService.java:start(204)) - HddsDatanodeService host:e6a1a4110770 ip:172.17.0.2
2020-05-18 03:07:45,546 [Listener at 127.0.0.1/34573] INFO  volume.HddsVolume (HddsVolume.java:<init>(176)) - Creating Volume: /github/workspace/mnt/ozone/hadoop-ozone/integration-test/target/test-dir/MiniOzoneClusterImpl-69c03e2e-129d-4290-ae39-1295d90fd6d6/datanode-1/data-0/containers/hdds of storage type : DISK and capacity : 9223372036854775807
2020-05-18 03:07:45,546 [Listener at 127.0.0.1/34573] INFO  volume.MutableVolumeSet (MutableVolumeSet.java:initializeVolumeSet(181)) - Added Volume : /github/workspace/mnt/ozone/hadoop-ozone/integration-test/target/test-dir/MiniOzoneClusterImpl-69c03e2e-129d-4290-ae39-1295d90fd6d6/datanode-1/data-0/containers/hdds to VolumeSet
2020-05-18 03:07:45,547 [Listener at 127.0.0.1/34573] INFO  volume.ThrottledAsyncChecker (ThrottledAsyncChecker.java:schedule(141)) - Scheduling a check for /github/workspace/mnt/ozone/hadoop-ozone/integration-test/target/test-dir/MiniOzoneClusterImpl-69c03e2e-129d-4290-ae39-1295d90fd6d6/datanode-1/data-0/containers/hdds
2020-05-18 03:07:45,547 [Listener at 127.0.0.1/34573] INFO  volume.HddsVolumeChecker (HddsVolumeChecker.java:checkAllVolumes(200)) - Scheduled health check for volume /github/workspace/mnt/ozone/hadoop-ozone/integration-test/target/test-dir/MiniOzoneClusterImpl-69c03e2e-129d-4290-ae39-1295d90fd6d6/datanode-1/data-0/containers/hdds
2020-05-18 03:07:45,567 [org.apache.hadoop.util.JvmPauseMonitor$Monitor@715642f] INFO  util.JvmPauseMonitor (JvmPauseMonitor.java:run(188)) - Starting JVM pause monitor
2020-05-18 03:07:45,613 [Listener at 127.0.0.1/34573] INFO  impl.RaftServerProxy (ConfUtils.java:logGet(44)) - raft.rpc.type = GRPC (default)
2020-05-18 03:07:45,614 [Listener at 127.0.0.1/34573] INFO  grpc.GrpcFactory (GrpcFactory.java:checkPooledByteBufAllocatorUseCacheForAllThreads(45)) - PERFORMANCE WARNING: useCacheForAllThreads is true that may cause Netty to create a lot garbage objects and, as a result, trigger GC.
	It is recommended to disable useCacheForAllThreads by setting -Dorg.apache.ratis.thirdparty.io.netty.allocator.useCacheForAllThreads=false in command line.
2020-05-18 03:07:45,614 [Listener at 127.0.0.1/34573] INFO  grpc.GrpcConfigKeys (ConfUtils.java:logGet(44)) - raft.grpc.server.port = 0 (default)
2020-05-18 03:07:45,614 [Listener at 127.0.0.1/34573] INFO  server.GrpcService (ConfUtils.java:logGet(44)) - raft.grpc.message.size.max = 32MB (=33554432) (custom)
2020-05-18 03:07:45,615 [Listener at 127.0.0.1/34573] INFO  server.RaftServerConfigKeys (ConfUtils.java:logGet(44)) - raft.server.log.appender.buffer.byte-limit = 33554432 (custom)
2020-05-18 03:07:45,615 [Listener at 127.0.0.1/34573] INFO  server.GrpcService (ConfUtils.java:logGet(44)) - raft.grpc.flow.control.window = 5MB (=5242880) (custom)
2020-05-18 03:07:45,616 [Listener at 127.0.0.1/34573] INFO  server.RaftServerConfigKeys (ConfUtils.java:logGet(44)) - raft.server.rpc.request.timeout = 60s (custom)
2020-05-18 03:07:45,618 [Listener at 127.0.0.1/34573] INFO  server.RaftServerConfigKeys (ConfUtils.java:logGet(44)) - raft.server.storage.dir = [/github/workspace/mnt/ozone/hadoop-ozone/integration-test/target/test-dir/MiniOzoneClusterImpl-69c03e2e-129d-4290-ae39-1295d90fd6d6/datanode-1/data/ratis] (custom)
2020-05-18 03:07:45,623 [Listener at 127.0.0.1/34573] INFO  http.BaseHttpServer (BaseHttpServer.java:newHttpServer2BuilderForOzone(205)) - Starting Web-server for hddsDatanode at: http://0.0.0.0:0
2020-05-18 03:07:45,623 [Listener at 127.0.0.1/34573] INFO  http.BaseHttpServer (BaseHttpServer.java:<init>(106)) - Hadoop Security Enabled: false Ozone Security Enabled: false Ozone HTTP Security Enabled: false 
2020-05-18 03:07:45,625 [Listener at 127.0.0.1/34573] INFO  server.AuthenticationFilter (AuthenticationFilter.java:constructSecretProvider(240)) - Unable to initialize FileSignerSecretProvider, falling back to use random secrets.
2020-05-18 03:07:45,626 [Listener at 127.0.0.1/34573] WARN  http.HttpRequestLog (HttpRequestLog.java:getRequestLog(103)) - Jetty request log can only be enabled using Log4j
2020-05-18 03:07:45,627 [Listener at 127.0.0.1/34573] INFO  http.HttpServer2 (HttpServer2.java:addGlobalFilter(993)) - Added global filter 'safety' (class=org.apache.hadoop.hdds.server.http.HttpServer2$QuotingInputFilter)
2020-05-18 03:07:45,627 [Listener at 127.0.0.1/34573] INFO  http.HttpServer2 (HttpServer2.java:addFilter(969)) - Added filter authentication (class=org.apache.hadoop.security.authentication.server.AuthenticationFilter) to context hddsDatanode
2020-05-18 03:07:45,628 [Listener at 127.0.0.1/34573] INFO  http.HttpServer2 (HttpServer2.java:addFilter(977)) - Added filter authentication (class=org.apache.hadoop.security.authentication.server.AuthenticationFilter) to context static
2020-05-18 03:07:45,628 [Listener at 127.0.0.1/34573] INFO  http.HttpServer2 (HttpServer2.java:addFilter(977)) - Added filter authentication (class=org.apache.hadoop.security.authentication.server.AuthenticationFilter) to context logs
2020-05-18 03:07:45,628 [Listener at 127.0.0.1/34573] INFO  http.HttpServer2 (HttpServer2.java:bindListener(1211)) - Jetty bound to port 34073
2020-05-18 03:07:45,628 [Listener at 127.0.0.1/34573] INFO  server.Server (Server.java:doStart(359)) - jetty-9.4.26.v20200117; built: 2020-01-17T12:35:33.676Z; git: 7b38981d25d14afb4a12ff1f2596756144edf695; jvm 1.8.0_232-b09
2020-05-18 03:07:45,630 [Listener at 127.0.0.1/34573] INFO  server.session (DefaultSessionIdManager.java:doStart(333)) - DefaultSessionIdManager workerName=node0
2020-05-18 03:07:45,630 [Listener at 127.0.0.1/34573] INFO  server.session (DefaultSessionIdManager.java:doStart(338)) - No SessionScavenger set, using defaults
2020-05-18 03:07:45,630 [Listener at 127.0.0.1/34573] INFO  server.session (HouseKeeper.java:startScavenging(140)) - node0 Scavenging every 660000ms
2020-05-18 03:07:45,631 [Listener at 127.0.0.1/34573] INFO  server.AuthenticationFilter (AuthenticationFilter.java:constructSecretProvider(240)) - Unable to initialize FileSignerSecretProvider, falling back to use random secrets.
2020-05-18 03:07:45,632 [Listener at 127.0.0.1/34573] INFO  handler.ContextHandler (ContextHandler.java:doStart(825)) - Started o.e.j.s.ServletContextHandler@5eb645c8{logs,/logs,file:///github/workspace/mnt/ozone/hadoop-ozone/integration-test/target/log,AVAILABLE}
2020-05-18 03:07:45,632 [Listener at 127.0.0.1/34573] INFO  handler.ContextHandler (ContextHandler.java:doStart(825)) - Started o.e.j.s.ServletContextHandler@46a6d001{static,/static,jar:file:/home/user/.m2/repository/org/apache/hadoop/hadoop-hdds-container-service/0.6.0-SNAPSHOT/hadoop-hdds-container-service-0.6.0-SNAPSHOT.jar!/webapps/static,AVAILABLE}
2020-05-18 03:07:45,677 [Listener at 127.0.0.1/34573] INFO  handler.ContextHandler (ContextHandler.java:doStart(825)) - Started o.e.j.w.WebAppContext@56b7404a{hddsDatanode,/,file:///tmp/jetty-0_0_0_0-34073-hadoop-hdds-container-service-0_6_0-SNAPSHOT_jar-_-any-879848350935797409.dir/webapp/,AVAILABLE}{jar:file:/home/user/.m2/repository/org/apache/hadoop/hadoop-hdds-container-service/0.6.0-SNAPSHOT/hadoop-hdds-container-service-0.6.0-SNAPSHOT.jar!/webapps/hddsDatanode}
2020-05-18 03:07:45,683 [Listener at 127.0.0.1/34573] INFO  server.AbstractConnector (AbstractConnector.java:doStart(330)) - Started ServerConnector@76b9e546{HTTP/1.1,[http/1.1]}{0.0.0.0:34073}
2020-05-18 03:07:45,687 [Listener at 127.0.0.1/34573] INFO  server.Server (Server.java:doStart(399)) - Started @5725ms
2020-05-18 03:07:45,687 [Listener at 127.0.0.1/34573] WARN  impl.MetricsSystemImpl (MetricsSystemImpl.java:register(276)) - Sink prometheus already exists!
2020-05-18 03:07:45,690 [Listener at 127.0.0.1/34573] INFO  http.BaseHttpServer (BaseHttpServer.java:updateConnectorAddress(325)) - HTTP server of hddsDatanode listening at http://0.0.0.0:34073
2020-05-18 03:07:45,699 [Listener at 127.0.0.1/34573] INFO  impl.MetricsSystemImpl (MetricsSystemImpl.java:init(158)) - HddsDatanode metrics system started (again)
2020-05-18 03:07:45,712 [Listener at 127.0.0.1/34573] INFO  ozone.HddsDatanodeService (HddsDatanodeService.java:start(204)) - HddsDatanodeService host:e6a1a4110770 ip:172.17.0.2
2020-05-18 03:07:45,711 [org.apache.hadoop.util.JvmPauseMonitor$Monitor@3a294cc] INFO  util.JvmPauseMonitor (JvmPauseMonitor.java:run(188)) - Starting JVM pause monitor
2020-05-18 03:07:45,715 [Listener at 127.0.0.1/34573] INFO  volume.HddsVolume (HddsVolume.java:<init>(176)) - Creating Volume: /github/workspace/mnt/ozone/hadoop-ozone/integration-test/target/test-dir/MiniOzoneClusterImpl-69c03e2e-129d-4290-ae39-1295d90fd6d6/datanode-2/data-0/containers/hdds of storage type : DISK and capacity : 9223372036854775807
2020-05-18 03:07:45,720 [Listener at 127.0.0.1/34573] INFO  volume.MutableVolumeSet (MutableVolumeSet.java:initializeVolumeSet(181)) - Added Volume : /github/workspace/mnt/ozone/hadoop-ozone/integration-test/target/test-dir/MiniOzoneClusterImpl-69c03e2e-129d-4290-ae39-1295d90fd6d6/datanode-2/data-0/containers/hdds to VolumeSet
2020-05-18 03:07:45,720 [Listener at 127.0.0.1/34573] INFO  volume.ThrottledAsyncChecker (ThrottledAsyncChecker.java:schedule(141)) - Scheduling a check for /github/workspace/mnt/ozone/hadoop-ozone/integration-test/target/test-dir/MiniOzoneClusterImpl-69c03e2e-129d-4290-ae39-1295d90fd6d6/datanode-2/data-0/containers/hdds
2020-05-18 03:07:45,731 [Listener at 127.0.0.1/34573] INFO  volume.HddsVolumeChecker (HddsVolumeChecker.java:checkAllVolumes(200)) - Scheduled health check for volume /github/workspace/mnt/ozone/hadoop-ozone/integration-test/target/test-dir/MiniOzoneClusterImpl-69c03e2e-129d-4290-ae39-1295d90fd6d6/datanode-2/data-0/containers/hdds
2020-05-18 03:07:45,738 [Datanode State Machine Thread - 0] INFO  datanode.InitDatanodeState (InitDatanodeState.java:persistContainerDatanodeDetails(145)) - DatanodeDetails is persisted to /github/workspace/mnt/ozone/hadoop-ozone/integration-test/target/test-dir/MiniOzoneClusterImpl-69c03e2e-129d-4290-ae39-1295d90fd6d6/datanode-1/meta/datanode.id
2020-05-18 03:07:45,739 [Datanode State Machine Thread - 0] INFO  datanode.InitDatanodeState (InitDatanodeState.java:persistContainerDatanodeDetails(145)) - DatanodeDetails is persisted to /github/workspace/mnt/ozone/hadoop-ozone/integration-test/target/test-dir/MiniOzoneClusterImpl-69c03e2e-129d-4290-ae39-1295d90fd6d6/datanode-0/meta/datanode.id
2020-05-18 03:07:45,782 [Listener at 127.0.0.1/34573] INFO  impl.RaftServerProxy (ConfUtils.java:logGet(44)) - raft.rpc.type = GRPC (default)
2020-05-18 03:07:45,782 [Listener at 127.0.0.1/34573] INFO  grpc.GrpcFactory (GrpcFactory.java:checkPooledByteBufAllocatorUseCacheForAllThreads(45)) - PERFORMANCE WARNING: useCacheForAllThreads is true that may cause Netty to create a lot garbage objects and, as a result, trigger GC.
	It is recommended to disable useCacheForAllThreads by setting -Dorg.apache.ratis.thirdparty.io.netty.allocator.useCacheForAllThreads=false in command line.
2020-05-18 03:07:45,782 [Listener at 127.0.0.1/34573] INFO  grpc.GrpcConfigKeys (ConfUtils.java:logGet(44)) - raft.grpc.server.port = 0 (default)
2020-05-18 03:07:45,782 [Listener at 127.0.0.1/34573] INFO  server.GrpcService (ConfUtils.java:logGet(44)) - raft.grpc.message.size.max = 32MB (=33554432) (custom)
2020-05-18 03:07:45,782 [Listener at 127.0.0.1/34573] INFO  server.RaftServerConfigKeys (ConfUtils.java:logGet(44)) - raft.server.log.appender.buffer.byte-limit = 33554432 (custom)
2020-05-18 03:07:45,783 [Listener at 127.0.0.1/34573] INFO  server.GrpcService (ConfUtils.java:logGet(44)) - raft.grpc.flow.control.window = 5MB (=5242880) (custom)
2020-05-18 03:07:45,783 [Listener at 127.0.0.1/34573] INFO  server.RaftServerConfigKeys (ConfUtils.java:logGet(44)) - raft.server.rpc.request.timeout = 60s (custom)
2020-05-18 03:07:45,784 [Listener at 127.0.0.1/34573] INFO  server.RaftServerConfigKeys (ConfUtils.java:logGet(44)) - raft.server.storage.dir = [/github/workspace/mnt/ozone/hadoop-ozone/integration-test/target/test-dir/MiniOzoneClusterImpl-69c03e2e-129d-4290-ae39-1295d90fd6d6/datanode-2/data/ratis] (custom)
2020-05-18 03:07:45,788 [Listener at 127.0.0.1/34573] INFO  http.BaseHttpServer (BaseHttpServer.java:newHttpServer2BuilderForOzone(205)) - Starting Web-server for hddsDatanode at: http://0.0.0.0:0
2020-05-18 03:07:45,788 [Listener at 127.0.0.1/34573] INFO  http.BaseHttpServer (BaseHttpServer.java:<init>(106)) - Hadoop Security Enabled: false Ozone Security Enabled: false Ozone HTTP Security Enabled: false 
2020-05-18 03:07:45,789 [Listener at 127.0.0.1/34573] INFO  server.AuthenticationFilter (AuthenticationFilter.java:constructSecretProvider(240)) - Unable to initialize FileSignerSecretProvider, falling back to use random secrets.
2020-05-18 03:07:45,790 [Listener at 127.0.0.1/34573] WARN  http.HttpRequestLog (HttpRequestLog.java:getRequestLog(103)) - Jetty request log can only be enabled using Log4j
2020-05-18 03:07:45,791 [Listener at 127.0.0.1/34573] INFO  http.HttpServer2 (HttpServer2.java:addGlobalFilter(993)) - Added global filter 'safety' (class=org.apache.hadoop.hdds.server.http.HttpServer2$QuotingInputFilter)
2020-05-18 03:07:45,791 [Listener at 127.0.0.1/34573] INFO  http.HttpServer2 (HttpServer2.java:addFilter(969)) - Added filter authentication (class=org.apache.hadoop.security.authentication.server.AuthenticationFilter) to context hddsDatanode
2020-05-18 03:07:45,791 [Listener at 127.0.0.1/34573] INFO  http.HttpServer2 (HttpServer2.java:addFilter(977)) - Added filter authentication (class=org.apache.hadoop.security.authentication.server.AuthenticationFilter) to context static
2020-05-18 03:07:45,792 [Listener at 127.0.0.1/34573] INFO  http.HttpServer2 (HttpServer2.java:addFilter(977)) - Added filter authentication (class=org.apache.hadoop.security.authentication.server.AuthenticationFilter) to context logs
2020-05-18 03:07:45,792 [Listener at 127.0.0.1/34573] INFO  http.HttpServer2 (HttpServer2.java:bindListener(1211)) - Jetty bound to port 46861
2020-05-18 03:07:45,792 [Listener at 127.0.0.1/34573] INFO  server.Server (Server.java:doStart(359)) - jetty-9.4.26.v20200117; built: 2020-01-17T12:35:33.676Z; git: 7b38981d25d14afb4a12ff1f2596756144edf695; jvm 1.8.0_232-b09
2020-05-18 03:07:45,815 [Listener at 127.0.0.1/34573] INFO  server.session (DefaultSessionIdManager.java:doStart(333)) - DefaultSessionIdManager workerName=node0
2020-05-18 03:07:45,815 [Listener at 127.0.0.1/34573] INFO  server.session (DefaultSessionIdManager.java:doStart(338)) - No SessionScavenger set, using defaults
2020-05-18 03:07:45,816 [Listener at 127.0.0.1/34573] INFO  server.session (HouseKeeper.java:startScavenging(140)) - node0 Scavenging every 660000ms
2020-05-18 03:07:45,816 [Listener at 127.0.0.1/34573] INFO  server.AuthenticationFilter (AuthenticationFilter.java:constructSecretProvider(240)) - Unable to initialize FileSignerSecretProvider, falling back to use random secrets.
2020-05-18 03:07:45,817 [Listener at 127.0.0.1/34573] INFO  handler.ContextHandler (ContextHandler.java:doStart(825)) - Started o.e.j.s.ServletContextHandler@f29ef9f{logs,/logs,file:///github/workspace/mnt/ozone/hadoop-ozone/integration-test/target/log,AVAILABLE}
2020-05-18 03:07:45,817 [Listener at 127.0.0.1/34573] INFO  handler.ContextHandler (ContextHandler.java:doStart(825)) - Started o.e.j.s.ServletContextHandler@1f535ed1{static,/static,jar:file:/home/user/.m2/repository/org/apache/hadoop/hadoop-hdds-container-service/0.6.0-SNAPSHOT/hadoop-hdds-container-service-0.6.0-SNAPSHOT.jar!/webapps/static,AVAILABLE}
2020-05-18 03:07:45,839 [Listener at 127.0.0.1/34573] INFO  handler.ContextHandler (ContextHandler.java:doStart(825)) - Started o.e.j.w.WebAppContext@3a90ffa{hddsDatanode,/,file:///tmp/jetty-0_0_0_0-46861-hadoop-hdds-container-service-0_6_0-SNAPSHOT_jar-_-any-3810004365101736621.dir/webapp/,AVAILABLE}{jar:file:/home/user/.m2/repository/org/apache/hadoop/hadoop-hdds-container-service/0.6.0-SNAPSHOT/hadoop-hdds-container-service-0.6.0-SNAPSHOT.jar!/webapps/hddsDatanode}
2020-05-18 03:07:45,842 [Listener at 127.0.0.1/34573] INFO  server.AbstractConnector (AbstractConnector.java:doStart(330)) - Started ServerConnector@54fef2c8{HTTP/1.1,[http/1.1]}{0.0.0.0:46861}
2020-05-18 03:07:45,843 [Listener at 127.0.0.1/34573] INFO  server.Server (Server.java:doStart(399)) - Started @5880ms
2020-05-18 03:07:45,843 [Listener at 127.0.0.1/34573] WARN  impl.MetricsSystemImpl (MetricsSystemImpl.java:register(276)) - Sink prometheus already exists!
2020-05-18 03:07:45,845 [Listener at 127.0.0.1/34573] INFO  http.BaseHttpServer (BaseHttpServer.java:updateConnectorAddress(325)) - HTTP server of hddsDatanode listening at http://0.0.0.0:46861
2020-05-18 03:07:45,846 [Listener at 127.0.0.1/34573] INFO  impl.MetricsSystemImpl (MetricsSystemImpl.java:init(158)) - HddsDatanode metrics system started (again)
2020-05-18 03:07:45,847 [Listener at 127.0.0.1/34573] INFO  ozone.HddsDatanodeService (HddsDatanodeService.java:start(204)) - HddsDatanodeService host:e6a1a4110770 ip:172.17.0.2
2020-05-18 03:07:45,848 [Listener at 127.0.0.1/34573] INFO  volume.HddsVolume (HddsVolume.java:<init>(176)) - Creating Volume: /github/workspace/mnt/ozone/hadoop-ozone/integration-test/target/test-dir/MiniOzoneClusterImpl-69c03e2e-129d-4290-ae39-1295d90fd6d6/datanode-3/data-0/containers/hdds of storage type : DISK and capacity : 9223372036854775807
2020-05-18 03:07:45,849 [Listener at 127.0.0.1/34573] INFO  volume.MutableVolumeSet (MutableVolumeSet.java:initializeVolumeSet(181)) - Added Volume : /github/workspace/mnt/ozone/hadoop-ozone/integration-test/target/test-dir/MiniOzoneClusterImpl-69c03e2e-129d-4290-ae39-1295d90fd6d6/datanode-3/data-0/containers/hdds to VolumeSet
2020-05-18 03:07:45,849 [Listener at 127.0.0.1/34573] INFO  volume.ThrottledAsyncChecker (ThrottledAsyncChecker.java:schedule(141)) - Scheduling a check for /github/workspace/mnt/ozone/hadoop-ozone/integration-test/target/test-dir/MiniOzoneClusterImpl-69c03e2e-129d-4290-ae39-1295d90fd6d6/datanode-3/data-0/containers/hdds
2020-05-18 03:07:45,851 [Listener at 127.0.0.1/34573] INFO  volume.HddsVolumeChecker (HddsVolumeChecker.java:checkAllVolumes(200)) - Scheduled health check for volume /github/workspace/mnt/ozone/hadoop-ozone/integration-test/target/test-dir/MiniOzoneClusterImpl-69c03e2e-129d-4290-ae39-1295d90fd6d6/datanode-3/data-0/containers/hdds
2020-05-18 03:07:45,874 [Listener at 127.0.0.1/34573] INFO  impl.RaftServerProxy (ConfUtils.java:logGet(44)) - raft.rpc.type = GRPC (default)
2020-05-18 03:07:45,874 [Listener at 127.0.0.1/34573] INFO  grpc.GrpcFactory (GrpcFactory.java:checkPooledByteBufAllocatorUseCacheForAllThreads(45)) - PERFORMANCE WARNING: useCacheForAllThreads is true that may cause Netty to create a lot garbage objects and, as a result, trigger GC.
	It is recommended to disable useCacheForAllThreads by setting -Dorg.apache.ratis.thirdparty.io.netty.allocator.useCacheForAllThreads=false in command line.
2020-05-18 03:07:45,874 [Listener at 127.0.0.1/34573] INFO  grpc.GrpcConfigKeys (ConfUtils.java:logGet(44)) - raft.grpc.server.port = 0 (default)
2020-05-18 03:07:45,874 [Listener at 127.0.0.1/34573] INFO  server.GrpcService (ConfUtils.java:logGet(44)) - raft.grpc.message.size.max = 32MB (=33554432) (custom)
2020-05-18 03:07:45,874 [Listener at 127.0.0.1/34573] INFO  server.RaftServerConfigKeys (ConfUtils.java:logGet(44)) - raft.server.log.appender.buffer.byte-limit = 33554432 (custom)
2020-05-18 03:07:45,875 [Listener at 127.0.0.1/34573] INFO  server.GrpcService (ConfUtils.java:logGet(44)) - raft.grpc.flow.control.window = 5MB (=5242880) (custom)
2020-05-18 03:07:45,875 [Listener at 127.0.0.1/34573] INFO  server.RaftServerConfigKeys (ConfUtils.java:logGet(44)) - raft.server.rpc.request.timeout = 60s (custom)
2020-05-18 03:07:45,876 [Listener at 127.0.0.1/34573] INFO  server.RaftServerConfigKeys (ConfUtils.java:logGet(44)) - raft.server.storage.dir = [/github/workspace/mnt/ozone/hadoop-ozone/integration-test/target/test-dir/MiniOzoneClusterImpl-69c03e2e-129d-4290-ae39-1295d90fd6d6/datanode-3/data/ratis] (custom)
2020-05-18 03:07:45,880 [Listener at 127.0.0.1/34573] INFO  http.BaseHttpServer (BaseHttpServer.java:newHttpServer2BuilderForOzone(205)) - Starting Web-server for hddsDatanode at: http://0.0.0.0:0
2020-05-18 03:07:45,880 [Listener at 127.0.0.1/34573] INFO  http.BaseHttpServer (BaseHttpServer.java:<init>(106)) - Hadoop Security Enabled: false Ozone Security Enabled: false Ozone HTTP Security Enabled: false 
2020-05-18 03:07:45,883 [Listener at 127.0.0.1/34573] INFO  server.AuthenticationFilter (AuthenticationFilter.java:constructSecretProvider(240)) - Unable to initialize FileSignerSecretProvider, falling back to use random secrets.
2020-05-18 03:07:45,883 [org.apache.hadoop.util.JvmPauseMonitor$Monitor@13f91777] INFO  util.JvmPauseMonitor (JvmPauseMonitor.java:run(188)) - Starting JVM pause monitor
2020-05-18 03:07:45,891 [Listener at 127.0.0.1/34573] WARN  http.HttpRequestLog (HttpRequestLog.java:getRequestLog(103)) - Jetty request log can only be enabled using Log4j
2020-05-18 03:07:45,895 [Listener at 127.0.0.1/34573] INFO  http.HttpServer2 (HttpServer2.java:addGlobalFilter(993)) - Added global filter 'safety' (class=org.apache.hadoop.hdds.server.http.HttpServer2$QuotingInputFilter)
2020-05-18 03:07:45,896 [Listener at 127.0.0.1/34573] INFO  http.HttpServer2 (HttpServer2.java:addFilter(969)) - Added filter authentication (class=org.apache.hadoop.security.authentication.server.AuthenticationFilter) to context hddsDatanode
2020-05-18 03:07:45,896 [Listener at 127.0.0.1/34573] INFO  http.HttpServer2 (HttpServer2.java:addFilter(977)) - Added filter authentication (class=org.apache.hadoop.security.authentication.server.AuthenticationFilter) to context logs
2020-05-18 03:07:45,896 [Listener at 127.0.0.1/34573] INFO  http.HttpServer2 (HttpServer2.java:addFilter(977)) - Added filter authentication (class=org.apache.hadoop.security.authentication.server.AuthenticationFilter) to context static
2020-05-18 03:07:45,896 [Listener at 127.0.0.1/34573] INFO  http.HttpServer2 (HttpServer2.java:bindListener(1211)) - Jetty bound to port 36199
2020-05-18 03:07:45,897 [Listener at 127.0.0.1/34573] INFO  server.Server (Server.java:doStart(359)) - jetty-9.4.26.v20200117; built: 2020-01-17T12:35:33.676Z; git: 7b38981d25d14afb4a12ff1f2596756144edf695; jvm 1.8.0_232-b09
2020-05-18 03:07:45,892 [Datanode State Machine Thread - 0] INFO  datanode.InitDatanodeState (InitDatanodeState.java:persistContainerDatanodeDetails(145)) - DatanodeDetails is persisted to /github/workspace/mnt/ozone/hadoop-ozone/integration-test/target/test-dir/MiniOzoneClusterImpl-69c03e2e-129d-4290-ae39-1295d90fd6d6/datanode-2/meta/datanode.id
2020-05-18 03:07:45,903 [Listener at 127.0.0.1/34573] INFO  server.session (DefaultSessionIdManager.java:doStart(333)) - DefaultSessionIdManager workerName=node0
2020-05-18 03:07:45,903 [Listener at 127.0.0.1/34573] INFO  server.session (DefaultSessionIdManager.java:doStart(338)) - No SessionScavenger set, using defaults
2020-05-18 03:07:45,903 [Listener at 127.0.0.1/34573] INFO  server.session (HouseKeeper.java:startScavenging(140)) - node0 Scavenging every 600000ms
2020-05-18 03:07:45,904 [Listener at 127.0.0.1/34573] INFO  server.AuthenticationFilter (AuthenticationFilter.java:constructSecretProvider(240)) - Unable to initialize FileSignerSecretProvider, falling back to use random secrets.
2020-05-18 03:07:45,906 [Listener at 127.0.0.1/34573] INFO  handler.ContextHandler (ContextHandler.java:doStart(825)) - Started o.e.j.s.ServletContextHandler@cc42b44{logs,/logs,file:///github/workspace/mnt/ozone/hadoop-ozone/integration-test/target/log,AVAILABLE}
2020-05-18 03:07:45,906 [Listener at 127.0.0.1/34573] INFO  handler.ContextHandler (ContextHandler.java:doStart(825)) - Started o.e.j.s.ServletContextHandler@5d2a4c69{static,/static,jar:file:/home/user/.m2/repository/org/apache/hadoop/hadoop-hdds-container-service/0.6.0-SNAPSHOT/hadoop-hdds-container-service-0.6.0-SNAPSHOT.jar!/webapps/static,AVAILABLE}
2020-05-18 03:07:45,933 [Listener at 127.0.0.1/34573] INFO  handler.ContextHandler (ContextHandler.java:doStart(825)) - Started o.e.j.w.WebAppContext@2af259c3{hddsDatanode,/,file:///tmp/jetty-0_0_0_0-36199-hadoop-hdds-container-service-0_6_0-SNAPSHOT_jar-_-any-2452900074073289517.dir/webapp/,AVAILABLE}{jar:file:/home/user/.m2/repository/org/apache/hadoop/hadoop-hdds-container-service/0.6.0-SNAPSHOT/hadoop-hdds-container-service-0.6.0-SNAPSHOT.jar!/webapps/hddsDatanode}
2020-05-18 03:07:45,934 [Listener at 127.0.0.1/34573] INFO  server.AbstractConnector (AbstractConnector.java:doStart(330)) - Started ServerConnector@4747a860{HTTP/1.1,[http/1.1]}{0.0.0.0:36199}
2020-05-18 03:07:45,935 [Listener at 127.0.0.1/34573] INFO  server.Server (Server.java:doStart(399)) - Started @5972ms
2020-05-18 03:07:45,936 [Listener at 127.0.0.1/34573] WARN  impl.MetricsSystemImpl (MetricsSystemImpl.java:register(276)) - Sink prometheus already exists!
2020-05-18 03:07:45,939 [Listener at 127.0.0.1/34573] INFO  http.BaseHttpServer (BaseHttpServer.java:updateConnectorAddress(325)) - HTTP server of hddsDatanode listening at http://0.0.0.0:36199
2020-05-18 03:07:45,939 [Listener at 127.0.0.1/34573] INFO  impl.MetricsSystemImpl (MetricsSystemImpl.java:init(158)) - HddsDatanode metrics system started (again)
2020-05-18 03:07:45,940 [Listener at 127.0.0.1/34573] INFO  ozone.HddsDatanodeService (HddsDatanodeService.java:start(204)) - HddsDatanodeService host:e6a1a4110770 ip:172.17.0.2
2020-05-18 03:07:45,942 [Listener at 127.0.0.1/34573] INFO  volume.HddsVolume (HddsVolume.java:<init>(176)) - Creating Volume: /github/workspace/mnt/ozone/hadoop-ozone/integration-test/target/test-dir/MiniOzoneClusterImpl-69c03e2e-129d-4290-ae39-1295d90fd6d6/datanode-4/data-0/containers/hdds of storage type : DISK and capacity : 9223372036854775807
2020-05-18 03:07:45,942 [Listener at 127.0.0.1/34573] INFO  volume.MutableVolumeSet (MutableVolumeSet.java:initializeVolumeSet(181)) - Added Volume : /github/workspace/mnt/ozone/hadoop-ozone/integration-test/target/test-dir/MiniOzoneClusterImpl-69c03e2e-129d-4290-ae39-1295d90fd6d6/datanode-4/data-0/containers/hdds to VolumeSet
2020-05-18 03:07:45,942 [Listener at 127.0.0.1/34573] INFO  volume.ThrottledAsyncChecker (ThrottledAsyncChecker.java:schedule(141)) - Scheduling a check for /github/workspace/mnt/ozone/hadoop-ozone/integration-test/target/test-dir/MiniOzoneClusterImpl-69c03e2e-129d-4290-ae39-1295d90fd6d6/datanode-4/data-0/containers/hdds
2020-05-18 03:07:45,943 [Listener at 127.0.0.1/34573] INFO  volume.HddsVolumeChecker (HddsVolumeChecker.java:checkAllVolumes(200)) - Scheduled health check for volume /github/workspace/mnt/ozone/hadoop-ozone/integration-test/target/test-dir/MiniOzoneClusterImpl-69c03e2e-129d-4290-ae39-1295d90fd6d6/datanode-4/data-0/containers/hdds
2020-05-18 03:07:45,959 [org.apache.hadoop.util.JvmPauseMonitor$Monitor@270d7e3f] INFO  util.JvmPauseMonitor (JvmPauseMonitor.java:run(188)) - Starting JVM pause monitor
2020-05-18 03:07:45,968 [Datanode State Machine Thread - 0] INFO  datanode.InitDatanodeState (InitDatanodeState.java:persistContainerDatanodeDetails(145)) - DatanodeDetails is persisted to /github/workspace/mnt/ozone/hadoop-ozone/integration-test/target/test-dir/MiniOzoneClusterImpl-69c03e2e-129d-4290-ae39-1295d90fd6d6/datanode-3/meta/datanode.id
2020-05-18 03:07:45,973 [Listener at 127.0.0.1/34573] INFO  impl.RaftServerProxy (ConfUtils.java:logGet(44)) - raft.rpc.type = GRPC (default)
2020-05-18 03:07:45,973 [Listener at 127.0.0.1/34573] INFO  grpc.GrpcFactory (GrpcFactory.java:checkPooledByteBufAllocatorUseCacheForAllThreads(45)) - PERFORMANCE WARNING: useCacheForAllThreads is true that may cause Netty to create a lot garbage objects and, as a result, trigger GC.
	It is recommended to disable useCacheForAllThreads by setting -Dorg.apache.ratis.thirdparty.io.netty.allocator.useCacheForAllThreads=false in command line.
2020-05-18 03:07:45,973 [Listener at 127.0.0.1/34573] INFO  grpc.GrpcConfigKeys (ConfUtils.java:logGet(44)) - raft.grpc.server.port = 0 (default)
2020-05-18 03:07:45,973 [Listener at 127.0.0.1/34573] INFO  server.GrpcService (ConfUtils.java:logGet(44)) - raft.grpc.message.size.max = 32MB (=33554432) (custom)
2020-05-18 03:07:45,973 [Listener at 127.0.0.1/34573] INFO  server.RaftServerConfigKeys (ConfUtils.java:logGet(44)) - raft.server.log.appender.buffer.byte-limit = 33554432 (custom)
2020-05-18 03:07:45,973 [Listener at 127.0.0.1/34573] INFO  server.GrpcService (ConfUtils.java:logGet(44)) - raft.grpc.flow.control.window = 5MB (=5242880) (custom)
2020-05-18 03:07:45,974 [Listener at 127.0.0.1/34573] INFO  server.RaftServerConfigKeys (ConfUtils.java:logGet(44)) - raft.server.rpc.request.timeout = 60s (custom)
2020-05-18 03:07:45,974 [Listener at 127.0.0.1/34573] INFO  server.RaftServerConfigKeys (ConfUtils.java:logGet(44)) - raft.server.storage.dir = [/github/workspace/mnt/ozone/hadoop-ozone/integration-test/target/test-dir/MiniOzoneClusterImpl-69c03e2e-129d-4290-ae39-1295d90fd6d6/datanode-4/data/ratis] (custom)
2020-05-18 03:07:45,978 [Listener at 127.0.0.1/34573] INFO  http.BaseHttpServer (BaseHttpServer.java:newHttpServer2BuilderForOzone(205)) - Starting Web-server for hddsDatanode at: http://0.0.0.0:0
2020-05-18 03:07:45,978 [Listener at 127.0.0.1/34573] INFO  http.BaseHttpServer (BaseHttpServer.java:<init>(106)) - Hadoop Security Enabled: false Ozone Security Enabled: false Ozone HTTP Security Enabled: false 
2020-05-18 03:07:45,984 [Listener at 127.0.0.1/34573] INFO  server.AuthenticationFilter (AuthenticationFilter.java:constructSecretProvider(240)) - Unable to initialize FileSignerSecretProvider, falling back to use random secrets.
2020-05-18 03:07:45,987 [Listener at 127.0.0.1/34573] WARN  http.HttpRequestLog (HttpRequestLog.java:getRequestLog(103)) - Jetty request log can only be enabled using Log4j
2020-05-18 03:07:45,987 [Listener at 127.0.0.1/34573] INFO  http.HttpServer2 (HttpServer2.java:addGlobalFilter(993)) - Added global filter 'safety' (class=org.apache.hadoop.hdds.server.http.HttpServer2$QuotingInputFilter)
2020-05-18 03:07:45,988 [Listener at 127.0.0.1/34573] INFO  http.HttpServer2 (HttpServer2.java:addFilter(969)) - Added filter authentication (class=org.apache.hadoop.security.authentication.server.AuthenticationFilter) to context hddsDatanode
2020-05-18 03:07:45,989 [Listener at 127.0.0.1/34573] INFO  http.HttpServer2 (HttpServer2.java:addFilter(977)) - Added filter authentication (class=org.apache.hadoop.security.authentication.server.AuthenticationFilter) to context logs
2020-05-18 03:07:45,989 [Listener at 127.0.0.1/34573] INFO  http.HttpServer2 (HttpServer2.java:addFilter(977)) - Added filter authentication (class=org.apache.hadoop.security.authentication.server.AuthenticationFilter) to context static
2020-05-18 03:07:45,990 [Listener at 127.0.0.1/34573] INFO  http.HttpServer2 (HttpServer2.java:bindListener(1211)) - Jetty bound to port 35687
2020-05-18 03:07:45,990 [Listener at 127.0.0.1/34573] INFO  server.Server (Server.java:doStart(359)) - jetty-9.4.26.v20200117; built: 2020-01-17T12:35:33.676Z; git: 7b38981d25d14afb4a12ff1f2596756144edf695; jvm 1.8.0_232-b09
2020-05-18 03:07:45,996 [Listener at 127.0.0.1/34573] INFO  server.session (DefaultSessionIdManager.java:doStart(333)) - DefaultSessionIdManager workerName=node0
2020-05-18 03:07:45,997 [Listener at 127.0.0.1/34573] INFO  server.session (DefaultSessionIdManager.java:doStart(338)) - No SessionScavenger set, using defaults
2020-05-18 03:07:45,997 [Listener at 127.0.0.1/34573] INFO  server.session (HouseKeeper.java:startScavenging(140)) - node0 Scavenging every 600000ms
2020-05-18 03:07:45,998 [Listener at 127.0.0.1/34573] INFO  server.AuthenticationFilter (AuthenticationFilter.java:constructSecretProvider(240)) - Unable to initialize FileSignerSecretProvider, falling back to use random secrets.
2020-05-18 03:07:45,998 [Listener at 127.0.0.1/34573] INFO  handler.ContextHandler (ContextHandler.java:doStart(825)) - Started o.e.j.s.ServletContextHandler@4136488{logs,/logs,file:///github/workspace/mnt/ozone/hadoop-ozone/integration-test/target/log,AVAILABLE}
2020-05-18 03:07:45,999 [Listener at 127.0.0.1/34573] INFO  handler.ContextHandler (ContextHandler.java:doStart(825)) - Started o.e.j.s.ServletContextHandler@5c7e27c5{static,/static,jar:file:/home/user/.m2/repository/org/apache/hadoop/hadoop-hdds-container-service/0.6.0-SNAPSHOT/hadoop-hdds-container-service-0.6.0-SNAPSHOT.jar!/webapps/static,AVAILABLE}
2020-05-18 03:07:46,021 [Listener at 127.0.0.1/34573] INFO  handler.ContextHandler (ContextHandler.java:doStart(825)) - Started o.e.j.w.WebAppContext@500200a2{hddsDatanode,/,file:///tmp/jetty-0_0_0_0-35687-hadoop-hdds-container-service-0_6_0-SNAPSHOT_jar-_-any-761181816652593996.dir/webapp/,AVAILABLE}{jar:file:/home/user/.m2/repository/org/apache/hadoop/hadoop-hdds-container-service/0.6.0-SNAPSHOT/hadoop-hdds-container-service-0.6.0-SNAPSHOT.jar!/webapps/hddsDatanode}
2020-05-18 03:07:46,022 [Listener at 127.0.0.1/34573] INFO  server.AbstractConnector (AbstractConnector.java:doStart(330)) - Started ServerConnector@5bb64b2b{HTTP/1.1,[http/1.1]}{0.0.0.0:35687}
2020-05-18 03:07:46,023 [Listener at 127.0.0.1/34573] INFO  server.Server (Server.java:doStart(399)) - Started @6060ms
2020-05-18 03:07:46,023 [Listener at 127.0.0.1/34573] WARN  impl.MetricsSystemImpl (MetricsSystemImpl.java:register(276)) - Sink prometheus already exists!
2020-05-18 03:07:46,025 [Listener at 127.0.0.1/34573] INFO  http.BaseHttpServer (BaseHttpServer.java:updateConnectorAddress(325)) - HTTP server of hddsDatanode listening at http://0.0.0.0:35687
2020-05-18 03:07:46,025 [Listener at 127.0.0.1/34573] INFO  impl.MetricsSystemImpl (MetricsSystemImpl.java:init(158)) - HddsDatanode metrics system started (again)
2020-05-18 03:07:46,028 [Listener at 127.0.0.1/34573] INFO  ozone.HddsDatanodeService (HddsDatanodeService.java:start(204)) - HddsDatanodeService host:e6a1a4110770 ip:172.17.0.2
2020-05-18 03:07:46,029 [Listener at 127.0.0.1/34573] INFO  volume.HddsVolume (HddsVolume.java:<init>(176)) - Creating Volume: /github/workspace/mnt/ozone/hadoop-ozone/integration-test/target/test-dir/MiniOzoneClusterImpl-69c03e2e-129d-4290-ae39-1295d90fd6d6/datanode-5/data-0/containers/hdds of storage type : DISK and capacity : 9223372036854775807
2020-05-18 03:07:46,030 [Listener at 127.0.0.1/34573] INFO  volume.MutableVolumeSet (MutableVolumeSet.java:initializeVolumeSet(181)) - Added Volume : /github/workspace/mnt/ozone/hadoop-ozone/integration-test/target/test-dir/MiniOzoneClusterImpl-69c03e2e-129d-4290-ae39-1295d90fd6d6/datanode-5/data-0/containers/hdds to VolumeSet
2020-05-18 03:07:46,030 [Listener at 127.0.0.1/34573] INFO  volume.ThrottledAsyncChecker (ThrottledAsyncChecker.java:schedule(141)) - Scheduling a check for /github/workspace/mnt/ozone/hadoop-ozone/integration-test/target/test-dir/MiniOzoneClusterImpl-69c03e2e-129d-4290-ae39-1295d90fd6d6/datanode-5/data-0/containers/hdds
2020-05-18 03:07:46,030 [Listener at 127.0.0.1/34573] INFO  volume.HddsVolumeChecker (HddsVolumeChecker.java:checkAllVolumes(200)) - Scheduled health check for volume /github/workspace/mnt/ozone/hadoop-ozone/integration-test/target/test-dir/MiniOzoneClusterImpl-69c03e2e-129d-4290-ae39-1295d90fd6d6/datanode-5/data-0/containers/hdds
2020-05-18 03:07:46,047 [org.apache.hadoop.util.JvmPauseMonitor$Monitor@1997f02] INFO  util.JvmPauseMonitor (JvmPauseMonitor.java:run(188)) - Starting JVM pause monitor
2020-05-18 03:07:46,048 [Datanode State Machine Thread - 0] INFO  datanode.InitDatanodeState (InitDatanodeState.java:persistContainerDatanodeDetails(145)) - DatanodeDetails is persisted to /github/workspace/mnt/ozone/hadoop-ozone/integration-test/target/test-dir/MiniOzoneClusterImpl-69c03e2e-129d-4290-ae39-1295d90fd6d6/datanode-4/meta/datanode.id
2020-05-18 03:07:46,061 [Listener at 127.0.0.1/34573] INFO  impl.RaftServerProxy (ConfUtils.java:logGet(44)) - raft.rpc.type = GRPC (default)
2020-05-18 03:07:46,061 [Listener at 127.0.0.1/34573] INFO  grpc.GrpcFactory (GrpcFactory.java:checkPooledByteBufAllocatorUseCacheForAllThreads(45)) - PERFORMANCE WARNING: useCacheForAllThreads is true that may cause Netty to create a lot garbage objects and, as a result, trigger GC.
	It is recommended to disable useCacheForAllThreads by setting -Dorg.apache.ratis.thirdparty.io.netty.allocator.useCacheForAllThreads=false in command line.
2020-05-18 03:07:46,061 [Listener at 127.0.0.1/34573] INFO  grpc.GrpcConfigKeys (ConfUtils.java:logGet(44)) - raft.grpc.server.port = 0 (default)
2020-05-18 03:07:46,061 [Listener at 127.0.0.1/34573] INFO  server.GrpcService (ConfUtils.java:logGet(44)) - raft.grpc.message.size.max = 32MB (=33554432) (custom)
2020-05-18 03:07:46,061 [Listener at 127.0.0.1/34573] INFO  server.RaftServerConfigKeys (ConfUtils.java:logGet(44)) - raft.server.log.appender.buffer.byte-limit = 33554432 (custom)
2020-05-18 03:07:46,062 [Listener at 127.0.0.1/34573] INFO  server.GrpcService (ConfUtils.java:logGet(44)) - raft.grpc.flow.control.window = 5MB (=5242880) (custom)
2020-05-18 03:07:46,062 [Listener at 127.0.0.1/34573] INFO  server.RaftServerConfigKeys (ConfUtils.java:logGet(44)) - raft.server.rpc.request.timeout = 60s (custom)
2020-05-18 03:07:46,063 [Listener at 127.0.0.1/34573] INFO  server.RaftServerConfigKeys (ConfUtils.java:logGet(44)) - raft.server.storage.dir = [/github/workspace/mnt/ozone/hadoop-ozone/integration-test/target/test-dir/MiniOzoneClusterImpl-69c03e2e-129d-4290-ae39-1295d90fd6d6/datanode-5/data/ratis] (custom)
2020-05-18 03:07:46,066 [Listener at 127.0.0.1/34573] INFO  http.BaseHttpServer (BaseHttpServer.java:newHttpServer2BuilderForOzone(205)) - Starting Web-server for hddsDatanode at: http://0.0.0.0:0
2020-05-18 03:07:46,066 [Listener at 127.0.0.1/34573] INFO  http.BaseHttpServer (BaseHttpServer.java:<init>(106)) - Hadoop Security Enabled: false Ozone Security Enabled: false Ozone HTTP Security Enabled: false 
2020-05-18 03:07:46,067 [Listener at 127.0.0.1/34573] INFO  server.AuthenticationFilter (AuthenticationFilter.java:constructSecretProvider(240)) - Unable to initialize FileSignerSecretProvider, falling back to use random secrets.
2020-05-18 03:07:46,067 [Listener at 127.0.0.1/34573] WARN  http.HttpRequestLog (HttpRequestLog.java:getRequestLog(103)) - Jetty request log can only be enabled using Log4j
2020-05-18 03:07:46,069 [Listener at 127.0.0.1/34573] INFO  http.HttpServer2 (HttpServer2.java:addGlobalFilter(993)) - Added global filter 'safety' (class=org.apache.hadoop.hdds.server.http.HttpServer2$QuotingInputFilter)
2020-05-18 03:07:46,069 [Listener at 127.0.0.1/34573] INFO  http.HttpServer2 (HttpServer2.java:addFilter(969)) - Added filter authentication (class=org.apache.hadoop.security.authentication.server.AuthenticationFilter) to context hddsDatanode
2020-05-18 03:07:46,069 [Listener at 127.0.0.1/34573] INFO  http.HttpServer2 (HttpServer2.java:addFilter(977)) - Added filter authentication (class=org.apache.hadoop.security.authentication.server.AuthenticationFilter) to context static
2020-05-18 03:07:46,069 [Listener at 127.0.0.1/34573] INFO  http.HttpServer2 (HttpServer2.java:addFilter(977)) - Added filter authentication (class=org.apache.hadoop.security.authentication.server.AuthenticationFilter) to context logs
2020-05-18 03:07:46,070 [Listener at 127.0.0.1/34573] INFO  http.HttpServer2 (HttpServer2.java:bindListener(1211)) - Jetty bound to port 43577
2020-05-18 03:07:46,070 [Listener at 127.0.0.1/34573] INFO  server.Server (Server.java:doStart(359)) - jetty-9.4.26.v20200117; built: 2020-01-17T12:35:33.676Z; git: 7b38981d25d14afb4a12ff1f2596756144edf695; jvm 1.8.0_232-b09
2020-05-18 03:07:46,072 [Listener at 127.0.0.1/34573] INFO  server.session (DefaultSessionIdManager.java:doStart(333)) - DefaultSessionIdManager workerName=node0
2020-05-18 03:07:46,072 [Listener at 127.0.0.1/34573] INFO  server.session (DefaultSessionIdManager.java:doStart(338)) - No SessionScavenger set, using defaults
2020-05-18 03:07:46,072 [Listener at 127.0.0.1/34573] INFO  server.session (HouseKeeper.java:startScavenging(140)) - node0 Scavenging every 660000ms
2020-05-18 03:07:46,073 [Listener at 127.0.0.1/34573] INFO  server.AuthenticationFilter (AuthenticationFilter.java:constructSecretProvider(240)) - Unable to initialize FileSignerSecretProvider, falling back to use random secrets.
2020-05-18 03:07:46,073 [Listener at 127.0.0.1/34573] INFO  handler.ContextHandler (ContextHandler.java:doStart(825)) - Started o.e.j.s.ServletContextHandler@3badd5e0{logs,/logs,file:///github/workspace/mnt/ozone/hadoop-ozone/integration-test/target/log,AVAILABLE}
2020-05-18 03:07:46,074 [Listener at 127.0.0.1/34573] INFO  handler.ContextHandler (ContextHandler.java:doStart(825)) - Started o.e.j.s.ServletContextHandler@6ff347a9{static,/static,jar:file:/home/user/.m2/repository/org/apache/hadoop/hadoop-hdds-container-service/0.6.0-SNAPSHOT/hadoop-hdds-container-service-0.6.0-SNAPSHOT.jar!/webapps/static,AVAILABLE}
2020-05-18 03:07:46,096 [Listener at 127.0.0.1/34573] INFO  handler.ContextHandler (ContextHandler.java:doStart(825)) - Started o.e.j.w.WebAppContext@70a594e6{hddsDatanode,/,file:///tmp/jetty-0_0_0_0-43577-hadoop-hdds-container-service-0_6_0-SNAPSHOT_jar-_-any-5962139242440814011.dir/webapp/,AVAILABLE}{jar:file:/home/user/.m2/repository/org/apache/hadoop/hadoop-hdds-container-service/0.6.0-SNAPSHOT/hadoop-hdds-container-service-0.6.0-SNAPSHOT.jar!/webapps/hddsDatanode}
2020-05-18 03:07:46,097 [Listener at 127.0.0.1/34573] INFO  server.AbstractConnector (AbstractConnector.java:doStart(330)) - Started ServerConnector@66fc5cc7{HTTP/1.1,[http/1.1]}{0.0.0.0:43577}
2020-05-18 03:07:46,097 [Listener at 127.0.0.1/34573] INFO  server.Server (Server.java:doStart(399)) - Started @6135ms
2020-05-18 03:07:46,098 [Listener at 127.0.0.1/34573] WARN  impl.MetricsSystemImpl (MetricsSystemImpl.java:register(276)) - Sink prometheus already exists!
2020-05-18 03:07:46,100 [Listener at 127.0.0.1/34573] INFO  http.BaseHttpServer (BaseHttpServer.java:updateConnectorAddress(325)) - HTTP server of hddsDatanode listening at http://0.0.0.0:43577
2020-05-18 03:07:46,100 [Listener at 127.0.0.1/34573] INFO  impl.MetricsSystemImpl (MetricsSystemImpl.java:init(158)) - HddsDatanode metrics system started (again)
2020-05-18 03:07:46,102 [Listener at 127.0.0.1/34573] INFO  ozone.HddsDatanodeService (HddsDatanodeService.java:start(204)) - HddsDatanodeService host:e6a1a4110770 ip:172.17.0.2
2020-05-18 03:07:46,108 [Listener at 127.0.0.1/34573] INFO  volume.HddsVolume (HddsVolume.java:<init>(176)) - Creating Volume: /github/workspace/mnt/ozone/hadoop-ozone/integration-test/target/test-dir/MiniOzoneClusterImpl-69c03e2e-129d-4290-ae39-1295d90fd6d6/datanode-6/data-0/containers/hdds of storage type : DISK and capacity : 9223372036854775807
2020-05-18 03:07:46,108 [Listener at 127.0.0.1/34573] INFO  volume.MutableVolumeSet (MutableVolumeSet.java:initializeVolumeSet(181)) - Added Volume : /github/workspace/mnt/ozone/hadoop-ozone/integration-test/target/test-dir/MiniOzoneClusterImpl-69c03e2e-129d-4290-ae39-1295d90fd6d6/datanode-6/data-0/containers/hdds to VolumeSet
2020-05-18 03:07:46,108 [Listener at 127.0.0.1/34573] INFO  volume.ThrottledAsyncChecker (ThrottledAsyncChecker.java:schedule(141)) - Scheduling a check for /github/workspace/mnt/ozone/hadoop-ozone/integration-test/target/test-dir/MiniOzoneClusterImpl-69c03e2e-129d-4290-ae39-1295d90fd6d6/datanode-6/data-0/containers/hdds
2020-05-18 03:07:46,110 [Listener at 127.0.0.1/34573] INFO  volume.HddsVolumeChecker (HddsVolumeChecker.java:checkAllVolumes(200)) - Scheduled health check for volume /github/workspace/mnt/ozone/hadoop-ozone/integration-test/target/test-dir/MiniOzoneClusterImpl-69c03e2e-129d-4290-ae39-1295d90fd6d6/datanode-6/data-0/containers/hdds
2020-05-18 03:07:46,135 [Listener at 127.0.0.1/34573] INFO  impl.RaftServerProxy (ConfUtils.java:logGet(44)) - raft.rpc.type = GRPC (default)
2020-05-18 03:07:46,136 [Listener at 127.0.0.1/34573] INFO  grpc.GrpcFactory (GrpcFactory.java:checkPooledByteBufAllocatorUseCacheForAllThreads(45)) - PERFORMANCE WARNING: useCacheForAllThreads is true that may cause Netty to create a lot garbage objects and, as a result, trigger GC.
	It is recommended to disable useCacheForAllThreads by setting -Dorg.apache.ratis.thirdparty.io.netty.allocator.useCacheForAllThreads=false in command line.
2020-05-18 03:07:46,137 [Listener at 127.0.0.1/34573] INFO  grpc.GrpcConfigKeys (ConfUtils.java:logGet(44)) - raft.grpc.server.port = 0 (default)
2020-05-18 03:07:46,137 [Listener at 127.0.0.1/34573] INFO  server.GrpcService (ConfUtils.java:logGet(44)) - raft.grpc.message.size.max = 32MB (=33554432) (custom)
2020-05-18 03:07:46,137 [Listener at 127.0.0.1/34573] INFO  server.RaftServerConfigKeys (ConfUtils.java:logGet(44)) - raft.server.log.appender.buffer.byte-limit = 33554432 (custom)
2020-05-18 03:07:46,137 [Listener at 127.0.0.1/34573] INFO  server.GrpcService (ConfUtils.java:logGet(44)) - raft.grpc.flow.control.window = 5MB (=5242880) (custom)
2020-05-18 03:07:46,137 [Listener at 127.0.0.1/34573] INFO  server.RaftServerConfigKeys (ConfUtils.java:logGet(44)) - raft.server.rpc.request.timeout = 60s (custom)
2020-05-18 03:07:46,138 [Listener at 127.0.0.1/34573] INFO  server.RaftServerConfigKeys (ConfUtils.java:logGet(44)) - raft.server.storage.dir = [/github/workspace/mnt/ozone/hadoop-ozone/integration-test/target/test-dir/MiniOzoneClusterImpl-69c03e2e-129d-4290-ae39-1295d90fd6d6/datanode-6/data/ratis] (custom)
2020-05-18 03:07:46,136 [Datanode State Machine Thread - 0] INFO  datanode.InitDatanodeState (InitDatanodeState.java:persistContainerDatanodeDetails(145)) - DatanodeDetails is persisted to /github/workspace/mnt/ozone/hadoop-ozone/integration-test/target/test-dir/MiniOzoneClusterImpl-69c03e2e-129d-4290-ae39-1295d90fd6d6/datanode-5/meta/datanode.id
2020-05-18 03:07:46,140 [org.apache.hadoop.util.JvmPauseMonitor$Monitor@39cad39e] INFO  util.JvmPauseMonitor (JvmPauseMonitor.java:run(188)) - Starting JVM pause monitor
2020-05-18 03:07:46,143 [Listener at 127.0.0.1/34573] INFO  http.BaseHttpServer (BaseHttpServer.java:newHttpServer2BuilderForOzone(205)) - Starting Web-server for hddsDatanode at: http://0.0.0.0:0
2020-05-18 03:07:46,143 [Listener at 127.0.0.1/34573] INFO  http.BaseHttpServer (BaseHttpServer.java:<init>(106)) - Hadoop Security Enabled: false Ozone Security Enabled: false Ozone HTTP Security Enabled: false 
2020-05-18 03:07:46,144 [Listener at 127.0.0.1/34573] INFO  server.AuthenticationFilter (AuthenticationFilter.java:constructSecretProvider(240)) - Unable to initialize FileSignerSecretProvider, falling back to use random secrets.
2020-05-18 03:07:46,147 [Listener at 127.0.0.1/34573] WARN  http.HttpRequestLog (HttpRequestLog.java:getRequestLog(103)) - Jetty request log can only be enabled using Log4j
2020-05-18 03:07:46,147 [Listener at 127.0.0.1/34573] INFO  http.HttpServer2 (HttpServer2.java:addGlobalFilter(993)) - Added global filter 'safety' (class=org.apache.hadoop.hdds.server.http.HttpServer2$QuotingInputFilter)
2020-05-18 03:07:46,148 [Listener at 127.0.0.1/34573] INFO  http.HttpServer2 (HttpServer2.java:addFilter(969)) - Added filter authentication (class=org.apache.hadoop.security.authentication.server.AuthenticationFilter) to context hddsDatanode
2020-05-18 03:07:46,148 [Listener at 127.0.0.1/34573] INFO  http.HttpServer2 (HttpServer2.java:addFilter(977)) - Added filter authentication (class=org.apache.hadoop.security.authentication.server.AuthenticationFilter) to context logs
2020-05-18 03:07:46,148 [Listener at 127.0.0.1/34573] INFO  http.HttpServer2 (HttpServer2.java:addFilter(977)) - Added filter authentication (class=org.apache.hadoop.security.authentication.server.AuthenticationFilter) to context static
2020-05-18 03:07:46,149 [Listener at 127.0.0.1/34573] INFO  http.HttpServer2 (HttpServer2.java:bindListener(1211)) - Jetty bound to port 38399
2020-05-18 03:07:46,149 [Listener at 127.0.0.1/34573] INFO  server.Server (Server.java:doStart(359)) - jetty-9.4.26.v20200117; built: 2020-01-17T12:35:33.676Z; git: 7b38981d25d14afb4a12ff1f2596756144edf695; jvm 1.8.0_232-b09
2020-05-18 03:07:46,150 [Listener at 127.0.0.1/34573] INFO  server.session (DefaultSessionIdManager.java:doStart(333)) - DefaultSessionIdManager workerName=node0
2020-05-18 03:07:46,151 [Listener at 127.0.0.1/34573] INFO  server.session (DefaultSessionIdManager.java:doStart(338)) - No SessionScavenger set, using defaults
2020-05-18 03:07:46,151 [Listener at 127.0.0.1/34573] INFO  server.session (HouseKeeper.java:startScavenging(140)) - node0 Scavenging every 600000ms
2020-05-18 03:07:46,152 [Listener at 127.0.0.1/34573] INFO  server.AuthenticationFilter (AuthenticationFilter.java:constructSecretProvider(240)) - Unable to initialize FileSignerSecretProvider, falling back to use random secrets.
2020-05-18 03:07:46,154 [Listener at 127.0.0.1/34573] INFO  handler.ContextHandler (ContextHandler.java:doStart(825)) - Started o.e.j.s.ServletContextHandler@6d17a3fe{logs,/logs,file:///github/workspace/mnt/ozone/hadoop-ozone/integration-test/target/log,AVAILABLE}
2020-05-18 03:07:46,155 [Listener at 127.0.0.1/34573] INFO  handler.ContextHandler (ContextHandler.java:doStart(825)) - Started o.e.j.s.ServletContextHandler@41e537cb{static,/static,jar:file:/home/user/.m2/repository/org/apache/hadoop/hadoop-hdds-container-service/0.6.0-SNAPSHOT/hadoop-hdds-container-service-0.6.0-SNAPSHOT.jar!/webapps/static,AVAILABLE}
2020-05-18 03:07:46,176 [Listener at 127.0.0.1/34573] INFO  handler.ContextHandler (ContextHandler.java:doStart(825)) - Started o.e.j.w.WebAppContext@5d9a0ec4{hddsDatanode,/,file:///tmp/jetty-0_0_0_0-38399-hadoop-hdds-container-service-0_6_0-SNAPSHOT_jar-_-any-8133646198072307786.dir/webapp/,AVAILABLE}{jar:file:/home/user/.m2/repository/org/apache/hadoop/hadoop-hdds-container-service/0.6.0-SNAPSHOT/hadoop-hdds-container-service-0.6.0-SNAPSHOT.jar!/webapps/hddsDatanode}
2020-05-18 03:07:46,179 [Listener at 127.0.0.1/34573] INFO  server.AbstractConnector (AbstractConnector.java:doStart(330)) - Started ServerConnector@18fe3958{HTTP/1.1,[http/1.1]}{0.0.0.0:38399}
2020-05-18 03:07:46,179 [Listener at 127.0.0.1/34573] INFO  server.Server (Server.java:doStart(399)) - Started @6216ms
2020-05-18 03:07:46,179 [Listener at 127.0.0.1/34573] WARN  impl.MetricsSystemImpl (MetricsSystemImpl.java:register(276)) - Sink prometheus already exists!
2020-05-18 03:07:46,182 [Listener at 127.0.0.1/34573] INFO  http.BaseHttpServer (BaseHttpServer.java:updateConnectorAddress(325)) - HTTP server of hddsDatanode listening at http://0.0.0.0:38399
2020-05-18 03:07:46,183 [Listener at 127.0.0.1/34573] INFO  impl.MetricsSystemImpl (MetricsSystemImpl.java:init(158)) - HddsDatanode metrics system started (again)
2020-05-18 03:07:46,184 [Listener at 127.0.0.1/34573] INFO  ozone.HddsDatanodeService (HddsDatanodeService.java:start(204)) - HddsDatanodeService host:e6a1a4110770 ip:172.17.0.2
2020-05-18 03:07:46,187 [Listener at 127.0.0.1/34573] INFO  volume.HddsVolume (HddsVolume.java:<init>(176)) - Creating Volume: /github/workspace/mnt/ozone/hadoop-ozone/integration-test/target/test-dir/MiniOzoneClusterImpl-69c03e2e-129d-4290-ae39-1295d90fd6d6/datanode-7/data-0/containers/hdds of storage type : DISK and capacity : 9223372036854775807
2020-05-18 03:07:46,188 [Listener at 127.0.0.1/34573] INFO  volume.MutableVolumeSet (MutableVolumeSet.java:initializeVolumeSet(181)) - Added Volume : /github/workspace/mnt/ozone/hadoop-ozone/integration-test/target/test-dir/MiniOzoneClusterImpl-69c03e2e-129d-4290-ae39-1295d90fd6d6/datanode-7/data-0/containers/hdds to VolumeSet
2020-05-18 03:07:46,188 [Listener at 127.0.0.1/34573] INFO  volume.ThrottledAsyncChecker (ThrottledAsyncChecker.java:schedule(141)) - Scheduling a check for /github/workspace/mnt/ozone/hadoop-ozone/integration-test/target/test-dir/MiniOzoneClusterImpl-69c03e2e-129d-4290-ae39-1295d90fd6d6/datanode-7/data-0/containers/hdds
2020-05-18 03:07:46,189 [Listener at 127.0.0.1/34573] INFO  volume.HddsVolumeChecker (HddsVolumeChecker.java:checkAllVolumes(200)) - Scheduled health check for volume /github/workspace/mnt/ozone/hadoop-ozone/integration-test/target/test-dir/MiniOzoneClusterImpl-69c03e2e-129d-4290-ae39-1295d90fd6d6/datanode-7/data-0/containers/hdds
2020-05-18 03:07:46,219 [org.apache.hadoop.util.JvmPauseMonitor$Monitor@5ff393df] INFO  util.JvmPauseMonitor (JvmPauseMonitor.java:run(188)) - Starting JVM pause monitor
2020-05-18 03:07:46,222 [Listener at 127.0.0.1/34573] INFO  impl.RaftServerProxy (ConfUtils.java:logGet(44)) - raft.rpc.type = GRPC (default)
2020-05-18 03:07:46,222 [Listener at 127.0.0.1/34573] INFO  grpc.GrpcFactory (GrpcFactory.java:checkPooledByteBufAllocatorUseCacheForAllThreads(45)) - PERFORMANCE WARNING: useCacheForAllThreads is true that may cause Netty to create a lot garbage objects and, as a result, trigger GC.
	It is recommended to disable useCacheForAllThreads by setting -Dorg.apache.ratis.thirdparty.io.netty.allocator.useCacheForAllThreads=false in command line.
2020-05-18 03:07:46,222 [Listener at 127.0.0.1/34573] INFO  grpc.GrpcConfigKeys (ConfUtils.java:logGet(44)) - raft.grpc.server.port = 0 (default)
2020-05-18 03:07:46,222 [Listener at 127.0.0.1/34573] INFO  server.GrpcService (ConfUtils.java:logGet(44)) - raft.grpc.message.size.max = 32MB (=33554432) (custom)
2020-05-18 03:07:46,222 [Listener at 127.0.0.1/34573] INFO  server.RaftServerConfigKeys (ConfUtils.java:logGet(44)) - raft.server.log.appender.buffer.byte-limit = 33554432 (custom)
2020-05-18 03:07:46,222 [Listener at 127.0.0.1/34573] INFO  server.GrpcService (ConfUtils.java:logGet(44)) - raft.grpc.flow.control.window = 5MB (=5242880) (custom)
2020-05-18 03:07:46,222 [Listener at 127.0.0.1/34573] INFO  server.RaftServerConfigKeys (ConfUtils.java:logGet(44)) - raft.server.rpc.request.timeout = 60s (custom)
2020-05-18 03:07:46,223 [Listener at 127.0.0.1/34573] INFO  server.RaftServerConfigKeys (ConfUtils.java:logGet(44)) - raft.server.storage.dir = [/github/workspace/mnt/ozone/hadoop-ozone/integration-test/target/test-dir/MiniOzoneClusterImpl-69c03e2e-129d-4290-ae39-1295d90fd6d6/datanode-7/data/ratis] (custom)
2020-05-18 03:07:46,227 [Listener at 127.0.0.1/34573] INFO  http.BaseHttpServer (BaseHttpServer.java:newHttpServer2BuilderForOzone(205)) - Starting Web-server for hddsDatanode at: http://0.0.0.0:0
2020-05-18 03:07:46,227 [Listener at 127.0.0.1/34573] INFO  http.BaseHttpServer (BaseHttpServer.java:<init>(106)) - Hadoop Security Enabled: false Ozone Security Enabled: false Ozone HTTP Security Enabled: false 
2020-05-18 03:07:46,228 [Listener at 127.0.0.1/34573] INFO  server.AuthenticationFilter (AuthenticationFilter.java:constructSecretProvider(240)) - Unable to initialize FileSignerSecretProvider, falling back to use random secrets.
2020-05-18 03:07:46,229 [Datanode State Machine Thread - 0] INFO  datanode.InitDatanodeState (InitDatanodeState.java:persistContainerDatanodeDetails(145)) - DatanodeDetails is persisted to /github/workspace/mnt/ozone/hadoop-ozone/integration-test/target/test-dir/MiniOzoneClusterImpl-69c03e2e-129d-4290-ae39-1295d90fd6d6/datanode-6/meta/datanode.id
2020-05-18 03:07:46,230 [Listener at 127.0.0.1/34573] WARN  http.HttpRequestLog (HttpRequestLog.java:getRequestLog(103)) - Jetty request log can only be enabled using Log4j
2020-05-18 03:07:46,231 [Listener at 127.0.0.1/34573] INFO  http.HttpServer2 (HttpServer2.java:addGlobalFilter(993)) - Added global filter 'safety' (class=org.apache.hadoop.hdds.server.http.HttpServer2$QuotingInputFilter)
2020-05-18 03:07:46,232 [Listener at 127.0.0.1/34573] INFO  http.HttpServer2 (HttpServer2.java:addFilter(969)) - Added filter authentication (class=org.apache.hadoop.security.authentication.server.AuthenticationFilter) to context hddsDatanode
2020-05-18 03:07:46,232 [Listener at 127.0.0.1/34573] INFO  http.HttpServer2 (HttpServer2.java:addFilter(977)) - Added filter authentication (class=org.apache.hadoop.security.authentication.server.AuthenticationFilter) to context static
2020-05-18 03:07:46,232 [Listener at 127.0.0.1/34573] INFO  http.HttpServer2 (HttpServer2.java:addFilter(977)) - Added filter authentication (class=org.apache.hadoop.security.authentication.server.AuthenticationFilter) to context logs
2020-05-18 03:07:46,233 [Listener at 127.0.0.1/34573] INFO  http.HttpServer2 (HttpServer2.java:bindListener(1211)) - Jetty bound to port 33637
2020-05-18 03:07:46,233 [Listener at 127.0.0.1/34573] INFO  server.Server (Server.java:doStart(359)) - jetty-9.4.26.v20200117; built: 2020-01-17T12:35:33.676Z; git: 7b38981d25d14afb4a12ff1f2596756144edf695; jvm 1.8.0_232-b09
2020-05-18 03:07:46,235 [Listener at 127.0.0.1/34573] INFO  server.session (DefaultSessionIdManager.java:doStart(333)) - DefaultSessionIdManager workerName=node0
2020-05-18 03:07:46,235 [Listener at 127.0.0.1/34573] INFO  server.session (DefaultSessionIdManager.java:doStart(338)) - No SessionScavenger set, using defaults
2020-05-18 03:07:46,235 [Listener at 127.0.0.1/34573] INFO  server.session (HouseKeeper.java:startScavenging(140)) - node0 Scavenging every 600000ms
2020-05-18 03:07:46,236 [Listener at 127.0.0.1/34573] INFO  server.AuthenticationFilter (AuthenticationFilter.java:constructSecretProvider(240)) - Unable to initialize FileSignerSecretProvider, falling back to use random secrets.
2020-05-18 03:07:46,237 [Listener at 127.0.0.1/34573] INFO  handler.ContextHandler (ContextHandler.java:doStart(825)) - Started o.e.j.s.ServletContextHandler@c420a09{logs,/logs,file:///github/workspace/mnt/ozone/hadoop-ozone/integration-test/target/log,AVAILABLE}
2020-05-18 03:07:46,237 [Listener at 127.0.0.1/34573] INFO  handler.ContextHandler (ContextHandler.java:doStart(825)) - Started o.e.j.s.ServletContextHandler@2b3222b1{static,/static,jar:file:/home/user/.m2/repository/org/apache/hadoop/hadoop-hdds-container-service/0.6.0-SNAPSHOT/hadoop-hdds-container-service-0.6.0-SNAPSHOT.jar!/webapps/static,AVAILABLE}
2020-05-18 03:07:46,297 [Listener at 127.0.0.1/34573] INFO  handler.ContextHandler (ContextHandler.java:doStart(825)) - Started o.e.j.w.WebAppContext@2ea11079{hddsDatanode,/,file:///tmp/jetty-0_0_0_0-33637-hadoop-hdds-container-service-0_6_0-SNAPSHOT_jar-_-any-5781367756536053970.dir/webapp/,AVAILABLE}{jar:file:/home/user/.m2/repository/org/apache/hadoop/hadoop-hdds-container-service/0.6.0-SNAPSHOT/hadoop-hdds-container-service-0.6.0-SNAPSHOT.jar!/webapps/hddsDatanode}
2020-05-18 03:07:46,298 [Listener at 127.0.0.1/34573] INFO  server.AbstractConnector (AbstractConnector.java:doStart(330)) - Started ServerConnector@4fd5cff9{HTTP/1.1,[http/1.1]}{0.0.0.0:33637}
2020-05-18 03:07:46,298 [Listener at 127.0.0.1/34573] INFO  server.Server (Server.java:doStart(399)) - Started @6336ms
2020-05-18 03:07:46,299 [Listener at 127.0.0.1/34573] WARN  impl.MetricsSystemImpl (MetricsSystemImpl.java:register(276)) - Sink prometheus already exists!
2020-05-18 03:07:46,301 [Listener at 127.0.0.1/34573] INFO  http.BaseHttpServer (BaseHttpServer.java:updateConnectorAddress(325)) - HTTP server of hddsDatanode listening at http://0.0.0.0:33637
2020-05-18 03:07:46,302 [Listener at 127.0.0.1/34573] INFO  impl.MetricsSystemImpl (MetricsSystemImpl.java:init(158)) - HddsDatanode metrics system started (again)
2020-05-18 03:07:46,304 [Listener at 127.0.0.1/34573] INFO  ozone.HddsDatanodeService (HddsDatanodeService.java:start(204)) - HddsDatanodeService host:e6a1a4110770 ip:172.17.0.2
2020-05-18 03:07:46,305 [Listener at 127.0.0.1/34573] INFO  volume.HddsVolume (HddsVolume.java:<init>(176)) - Creating Volume: /github/workspace/mnt/ozone/hadoop-ozone/integration-test/target/test-dir/MiniOzoneClusterImpl-69c03e2e-129d-4290-ae39-1295d90fd6d6/datanode-8/data-0/containers/hdds of storage type : DISK and capacity : 9223372036854775807
2020-05-18 03:07:46,305 [Listener at 127.0.0.1/34573] INFO  volume.MutableVolumeSet (MutableVolumeSet.java:initializeVolumeSet(181)) - Added Volume : /github/workspace/mnt/ozone/hadoop-ozone/integration-test/target/test-dir/MiniOzoneClusterImpl-69c03e2e-129d-4290-ae39-1295d90fd6d6/datanode-8/data-0/containers/hdds to VolumeSet
2020-05-18 03:07:46,305 [Listener at 127.0.0.1/34573] INFO  volume.ThrottledAsyncChecker (ThrottledAsyncChecker.java:schedule(141)) - Scheduling a check for /github/workspace/mnt/ozone/hadoop-ozone/integration-test/target/test-dir/MiniOzoneClusterImpl-69c03e2e-129d-4290-ae39-1295d90fd6d6/datanode-8/data-0/containers/hdds
2020-05-18 03:07:46,306 [Listener at 127.0.0.1/34573] INFO  volume.HddsVolumeChecker (HddsVolumeChecker.java:checkAllVolumes(200)) - Scheduled health check for volume /github/workspace/mnt/ozone/hadoop-ozone/integration-test/target/test-dir/MiniOzoneClusterImpl-69c03e2e-129d-4290-ae39-1295d90fd6d6/datanode-8/data-0/containers/hdds
2020-05-18 03:07:46,327 [org.apache.hadoop.util.JvmPauseMonitor$Monitor@1eb02340] INFO  util.JvmPauseMonitor (JvmPauseMonitor.java:run(188)) - Starting JVM pause monitor
2020-05-18 03:07:46,336 [Datanode State Machine Thread - 0] INFO  datanode.InitDatanodeState (InitDatanodeState.java:persistContainerDatanodeDetails(145)) - DatanodeDetails is persisted to /github/workspace/mnt/ozone/hadoop-ozone/integration-test/target/test-dir/MiniOzoneClusterImpl-69c03e2e-129d-4290-ae39-1295d90fd6d6/datanode-7/meta/datanode.id
2020-05-18 03:07:46,341 [Listener at 127.0.0.1/34573] INFO  impl.RaftServerProxy (ConfUtils.java:logGet(44)) - raft.rpc.type = GRPC (default)
2020-05-18 03:07:46,341 [Listener at 127.0.0.1/34573] INFO  grpc.GrpcFactory (GrpcFactory.java:checkPooledByteBufAllocatorUseCacheForAllThreads(45)) - PERFORMANCE WARNING: useCacheForAllThreads is true that may cause Netty to create a lot garbage objects and, as a result, trigger GC.
	It is recommended to disable useCacheForAllThreads by setting -Dorg.apache.ratis.thirdparty.io.netty.allocator.useCacheForAllThreads=false in command line.
2020-05-18 03:07:46,341 [Listener at 127.0.0.1/34573] INFO  grpc.GrpcConfigKeys (ConfUtils.java:logGet(44)) - raft.grpc.server.port = 0 (default)
2020-05-18 03:07:46,341 [Listener at 127.0.0.1/34573] INFO  server.GrpcService (ConfUtils.java:logGet(44)) - raft.grpc.message.size.max = 32MB (=33554432) (custom)
2020-05-18 03:07:46,342 [Listener at 127.0.0.1/34573] INFO  server.RaftServerConfigKeys (ConfUtils.java:logGet(44)) - raft.server.log.appender.buffer.byte-limit = 33554432 (custom)
2020-05-18 03:07:46,342 [Listener at 127.0.0.1/34573] INFO  server.GrpcService (ConfUtils.java:logGet(44)) - raft.grpc.flow.control.window = 5MB (=5242880) (custom)
2020-05-18 03:07:46,342 [Listener at 127.0.0.1/34573] INFO  server.RaftServerConfigKeys (ConfUtils.java:logGet(44)) - raft.server.rpc.request.timeout = 60s (custom)
2020-05-18 03:07:46,343 [Listener at 127.0.0.1/34573] INFO  server.RaftServerConfigKeys (ConfUtils.java:logGet(44)) - raft.server.storage.dir = [/github/workspace/mnt/ozone/hadoop-ozone/integration-test/target/test-dir/MiniOzoneClusterImpl-69c03e2e-129d-4290-ae39-1295d90fd6d6/datanode-8/data/ratis] (custom)
2020-05-18 03:07:46,347 [Listener at 127.0.0.1/34573] INFO  http.BaseHttpServer (BaseHttpServer.java:newHttpServer2BuilderForOzone(205)) - Starting Web-server for hddsDatanode at: http://0.0.0.0:0
2020-05-18 03:07:46,347 [Listener at 127.0.0.1/34573] INFO  http.BaseHttpServer (BaseHttpServer.java:<init>(106)) - Hadoop Security Enabled: false Ozone Security Enabled: false Ozone HTTP Security Enabled: false 
2020-05-18 03:07:46,348 [Listener at 127.0.0.1/34573] INFO  server.AuthenticationFilter (AuthenticationFilter.java:constructSecretProvider(240)) - Unable to initialize FileSignerSecretProvider, falling back to use random secrets.
2020-05-18 03:07:46,350 [Listener at 127.0.0.1/34573] WARN  http.HttpRequestLog (HttpRequestLog.java:getRequestLog(103)) - Jetty request log can only be enabled using Log4j
2020-05-18 03:07:46,351 [Listener at 127.0.0.1/34573] INFO  http.HttpServer2 (HttpServer2.java:addGlobalFilter(993)) - Added global filter 'safety' (class=org.apache.hadoop.hdds.server.http.HttpServer2$QuotingInputFilter)
2020-05-18 03:07:46,351 [Listener at 127.0.0.1/34573] INFO  http.HttpServer2 (HttpServer2.java:addFilter(969)) - Added filter authentication (class=org.apache.hadoop.security.authentication.server.AuthenticationFilter) to context hddsDatanode
2020-05-18 03:07:46,352 [Listener at 127.0.0.1/34573] INFO  http.HttpServer2 (HttpServer2.java:addFilter(977)) - Added filter authentication (class=org.apache.hadoop.security.authentication.server.AuthenticationFilter) to context static
2020-05-18 03:07:46,352 [Listener at 127.0.0.1/34573] INFO  http.HttpServer2 (HttpServer2.java:addFilter(977)) - Added filter authentication (class=org.apache.hadoop.security.authentication.server.AuthenticationFilter) to context logs
2020-05-18 03:07:46,352 [Listener at 127.0.0.1/34573] INFO  http.HttpServer2 (HttpServer2.java:bindListener(1211)) - Jetty bound to port 36983
2020-05-18 03:07:46,352 [Listener at 127.0.0.1/34573] INFO  server.Server (Server.java:doStart(359)) - jetty-9.4.26.v20200117; built: 2020-01-17T12:35:33.676Z; git: 7b38981d25d14afb4a12ff1f2596756144edf695; jvm 1.8.0_232-b09
2020-05-18 03:07:46,357 [Listener at 127.0.0.1/34573] INFO  server.session (DefaultSessionIdManager.java:doStart(333)) - DefaultSessionIdManager workerName=node0
2020-05-18 03:07:46,357 [Listener at 127.0.0.1/34573] INFO  server.session (DefaultSessionIdManager.java:doStart(338)) - No SessionScavenger set, using defaults
2020-05-18 03:07:46,357 [Listener at 127.0.0.1/34573] INFO  server.session (HouseKeeper.java:startScavenging(140)) - node0 Scavenging every 600000ms
2020-05-18 03:07:46,359 [Listener at 127.0.0.1/34573] INFO  server.AuthenticationFilter (AuthenticationFilter.java:constructSecretProvider(240)) - Unable to initialize FileSignerSecretProvider, falling back to use random secrets.
2020-05-18 03:07:46,363 [Listener at 127.0.0.1/34573] INFO  handler.ContextHandler (ContextHandler.java:doStart(825)) - Started o.e.j.s.ServletContextHandler@1867340b{logs,/logs,file:///github/workspace/mnt/ozone/hadoop-ozone/integration-test/target/log,AVAILABLE}
2020-05-18 03:07:46,363 [Listener at 127.0.0.1/34573] INFO  handler.ContextHandler (ContextHandler.java:doStart(825)) - Started o.e.j.s.ServletContextHandler@6b8b7c68{static,/static,jar:file:/home/user/.m2/repository/org/apache/hadoop/hadoop-hdds-container-service/0.6.0-SNAPSHOT/hadoop-hdds-container-service-0.6.0-SNAPSHOT.jar!/webapps/static,AVAILABLE}
2020-05-18 03:07:46,393 [Listener at 127.0.0.1/34573] INFO  handler.ContextHandler (ContextHandler.java:doStart(825)) - Started o.e.j.w.WebAppContext@7be3679b{hddsDatanode,/,file:///tmp/jetty-0_0_0_0-36983-hadoop-hdds-container-service-0_6_0-SNAPSHOT_jar-_-any-5381102423380409881.dir/webapp/,AVAILABLE}{jar:file:/home/user/.m2/repository/org/apache/hadoop/hadoop-hdds-container-service/0.6.0-SNAPSHOT/hadoop-hdds-container-service-0.6.0-SNAPSHOT.jar!/webapps/hddsDatanode}
2020-05-18 03:07:46,394 [Listener at 127.0.0.1/34573] INFO  server.AbstractConnector (AbstractConnector.java:doStart(330)) - Started ServerConnector@49a330b8{HTTP/1.1,[http/1.1]}{0.0.0.0:36983}
2020-05-18 03:07:46,394 [Listener at 127.0.0.1/34573] INFO  server.Server (Server.java:doStart(399)) - Started @6431ms
2020-05-18 03:07:46,394 [Listener at 127.0.0.1/34573] WARN  impl.MetricsSystemImpl (MetricsSystemImpl.java:register(276)) - Sink prometheus already exists!
2020-05-18 03:07:46,396 [Listener at 127.0.0.1/34573] INFO  http.BaseHttpServer (BaseHttpServer.java:updateConnectorAddress(325)) - HTTP server of hddsDatanode listening at http://0.0.0.0:36983
2020-05-18 03:07:46,399 [Listener at 127.0.0.1/34573] INFO  impl.MetricsSystemImpl (MetricsSystemImpl.java:init(158)) - HddsDatanode metrics system started (again)
2020-05-18 03:07:46,402 [Listener at 127.0.0.1/34573] INFO  ozone.HddsDatanodeService (HddsDatanodeService.java:start(204)) - HddsDatanodeService host:e6a1a4110770 ip:172.17.0.2
2020-05-18 03:07:46,406 [Listener at 127.0.0.1/34573] INFO  volume.HddsVolume (HddsVolume.java:<init>(176)) - Creating Volume: /github/workspace/mnt/ozone/hadoop-ozone/integration-test/target/test-dir/MiniOzoneClusterImpl-69c03e2e-129d-4290-ae39-1295d90fd6d6/datanode-9/data-0/containers/hdds of storage type : DISK and capacity : 9223372036854775807
2020-05-18 03:07:46,406 [Listener at 127.0.0.1/34573] INFO  volume.MutableVolumeSet (MutableVolumeSet.java:initializeVolumeSet(181)) - Added Volume : /github/workspace/mnt/ozone/hadoop-ozone/integration-test/target/test-dir/MiniOzoneClusterImpl-69c03e2e-129d-4290-ae39-1295d90fd6d6/datanode-9/data-0/containers/hdds to VolumeSet
2020-05-18 03:07:46,406 [Listener at 127.0.0.1/34573] INFO  volume.ThrottledAsyncChecker (ThrottledAsyncChecker.java:schedule(141)) - Scheduling a check for /github/workspace/mnt/ozone/hadoop-ozone/integration-test/target/test-dir/MiniOzoneClusterImpl-69c03e2e-129d-4290-ae39-1295d90fd6d6/datanode-9/data-0/containers/hdds
2020-05-18 03:07:46,408 [Listener at 127.0.0.1/34573] INFO  volume.HddsVolumeChecker (HddsVolumeChecker.java:checkAllVolumes(200)) - Scheduled health check for volume /github/workspace/mnt/ozone/hadoop-ozone/integration-test/target/test-dir/MiniOzoneClusterImpl-69c03e2e-129d-4290-ae39-1295d90fd6d6/datanode-9/data-0/containers/hdds
2020-05-18 03:07:46,419 [org.apache.hadoop.util.JvmPauseMonitor$Monitor@7411105a] INFO  util.JvmPauseMonitor (JvmPauseMonitor.java:run(188)) - Starting JVM pause monitor
2020-05-18 03:07:46,424 [Datanode State Machine Thread - 0] INFO  datanode.InitDatanodeState (InitDatanodeState.java:persistContainerDatanodeDetails(145)) - DatanodeDetails is persisted to /github/workspace/mnt/ozone/hadoop-ozone/integration-test/target/test-dir/MiniOzoneClusterImpl-69c03e2e-129d-4290-ae39-1295d90fd6d6/datanode-8/meta/datanode.id
2020-05-18 03:07:46,438 [Listener at 127.0.0.1/34573] INFO  impl.RaftServerProxy (ConfUtils.java:logGet(44)) - raft.rpc.type = GRPC (default)
2020-05-18 03:07:46,439 [Listener at 127.0.0.1/34573] INFO  grpc.GrpcFactory (GrpcFactory.java:checkPooledByteBufAllocatorUseCacheForAllThreads(45)) - PERFORMANCE WARNING: useCacheForAllThreads is true that may cause Netty to create a lot garbage objects and, as a result, trigger GC.
	It is recommended to disable useCacheForAllThreads by setting -Dorg.apache.ratis.thirdparty.io.netty.allocator.useCacheForAllThreads=false in command line.
2020-05-18 03:07:46,439 [Listener at 127.0.0.1/34573] INFO  grpc.GrpcConfigKeys (ConfUtils.java:logGet(44)) - raft.grpc.server.port = 0 (default)
2020-05-18 03:07:46,439 [Listener at 127.0.0.1/34573] INFO  server.GrpcService (ConfUtils.java:logGet(44)) - raft.grpc.message.size.max = 32MB (=33554432) (custom)
2020-05-18 03:07:46,439 [Listener at 127.0.0.1/34573] INFO  server.RaftServerConfigKeys (ConfUtils.java:logGet(44)) - raft.server.log.appender.buffer.byte-limit = 33554432 (custom)
2020-05-18 03:07:46,439 [Listener at 127.0.0.1/34573] INFO  server.GrpcService (ConfUtils.java:logGet(44)) - raft.grpc.flow.control.window = 5MB (=5242880) (custom)
2020-05-18 03:07:46,439 [Listener at 127.0.0.1/34573] INFO  server.RaftServerConfigKeys (ConfUtils.java:logGet(44)) - raft.server.rpc.request.timeout = 60s (custom)
2020-05-18 03:07:46,440 [Listener at 127.0.0.1/34573] INFO  server.RaftServerConfigKeys (ConfUtils.java:logGet(44)) - raft.server.storage.dir = [/github/workspace/mnt/ozone/hadoop-ozone/integration-test/target/test-dir/MiniOzoneClusterImpl-69c03e2e-129d-4290-ae39-1295d90fd6d6/datanode-9/data/ratis] (custom)
2020-05-18 03:07:46,448 [Listener at 127.0.0.1/34573] INFO  http.BaseHttpServer (BaseHttpServer.java:newHttpServer2BuilderForOzone(205)) - Starting Web-server for hddsDatanode at: http://0.0.0.0:0
2020-05-18 03:07:46,448 [Listener at 127.0.0.1/34573] INFO  http.BaseHttpServer (BaseHttpServer.java:<init>(106)) - Hadoop Security Enabled: false Ozone Security Enabled: false Ozone HTTP Security Enabled: false 
2020-05-18 03:07:46,449 [Listener at 127.0.0.1/34573] INFO  server.AuthenticationFilter (AuthenticationFilter.java:constructSecretProvider(240)) - Unable to initialize FileSignerSecretProvider, falling back to use random secrets.
2020-05-18 03:07:46,451 [Listener at 127.0.0.1/34573] WARN  http.HttpRequestLog (HttpRequestLog.java:getRequestLog(103)) - Jetty request log can only be enabled using Log4j
2020-05-18 03:07:46,452 [Listener at 127.0.0.1/34573] INFO  http.HttpServer2 (HttpServer2.java:addGlobalFilter(993)) - Added global filter 'safety' (class=org.apache.hadoop.hdds.server.http.HttpServer2$QuotingInputFilter)
2020-05-18 03:07:46,454 [Listener at 127.0.0.1/34573] INFO  http.HttpServer2 (HttpServer2.java:addFilter(969)) - Added filter authentication (class=org.apache.hadoop.security.authentication.server.AuthenticationFilter) to context hddsDatanode
2020-05-18 03:07:46,454 [Listener at 127.0.0.1/34573] INFO  http.HttpServer2 (HttpServer2.java:addFilter(977)) - Added filter authentication (class=org.apache.hadoop.security.authentication.server.AuthenticationFilter) to context static
2020-05-18 03:07:46,455 [Listener at 127.0.0.1/34573] INFO  http.HttpServer2 (HttpServer2.java:addFilter(977)) - Added filter authentication (class=org.apache.hadoop.security.authentication.server.AuthenticationFilter) to context logs
2020-05-18 03:07:46,455 [Listener at 127.0.0.1/34573] INFO  http.HttpServer2 (HttpServer2.java:bindListener(1211)) - Jetty bound to port 33303
2020-05-18 03:07:46,455 [Listener at 127.0.0.1/34573] INFO  server.Server (Server.java:doStart(359)) - jetty-9.4.26.v20200117; built: 2020-01-17T12:35:33.676Z; git: 7b38981d25d14afb4a12ff1f2596756144edf695; jvm 1.8.0_232-b09
2020-05-18 03:07:46,457 [Listener at 127.0.0.1/34573] INFO  server.session (DefaultSessionIdManager.java:doStart(333)) - DefaultSessionIdManager workerName=node0
2020-05-18 03:07:46,457 [Listener at 127.0.0.1/34573] INFO  server.session (DefaultSessionIdManager.java:doStart(338)) - No SessionScavenger set, using defaults
2020-05-18 03:07:46,457 [Listener at 127.0.0.1/34573] INFO  server.session (HouseKeeper.java:startScavenging(140)) - node0 Scavenging every 600000ms
2020-05-18 03:07:46,458 [Listener at 127.0.0.1/34573] INFO  server.AuthenticationFilter (AuthenticationFilter.java:constructSecretProvider(240)) - Unable to initialize FileSignerSecretProvider, falling back to use random secrets.
2020-05-18 03:07:46,459 [Listener at 127.0.0.1/34573] INFO  handler.ContextHandler (ContextHandler.java:doStart(825)) - Started o.e.j.s.ServletContextHandler@795d1321{logs,/logs,file:///github/workspace/mnt/ozone/hadoop-ozone/integration-test/target/log,AVAILABLE}
2020-05-18 03:07:46,459 [Listener at 127.0.0.1/34573] INFO  handler.ContextHandler (ContextHandler.java:doStart(825)) - Started o.e.j.s.ServletContextHandler@6cd430e{static,/static,jar:file:/home/user/.m2/repository/org/apache/hadoop/hadoop-hdds-container-service/0.6.0-SNAPSHOT/hadoop-hdds-container-service-0.6.0-SNAPSHOT.jar!/webapps/static,AVAILABLE}
2020-05-18 03:07:46,480 [Listener at 127.0.0.1/34573] INFO  handler.ContextHandler (ContextHandler.java:doStart(825)) - Started o.e.j.w.WebAppContext@5927762f{hddsDatanode,/,file:///tmp/jetty-0_0_0_0-33303-hadoop-hdds-container-service-0_6_0-SNAPSHOT_jar-_-any-4240984192660773350.dir/webapp/,AVAILABLE}{jar:file:/home/user/.m2/repository/org/apache/hadoop/hadoop-hdds-container-service/0.6.0-SNAPSHOT/hadoop-hdds-container-service-0.6.0-SNAPSHOT.jar!/webapps/hddsDatanode}
2020-05-18 03:07:46,480 [Listener at 127.0.0.1/34573] INFO  server.AbstractConnector (AbstractConnector.java:doStart(330)) - Started ServerConnector@1fda62e7{HTTP/1.1,[http/1.1]}{0.0.0.0:33303}
2020-05-18 03:07:46,481 [Listener at 127.0.0.1/34573] INFO  server.Server (Server.java:doStart(399)) - Started @6518ms
2020-05-18 03:07:46,481 [Listener at 127.0.0.1/34573] WARN  impl.MetricsSystemImpl (MetricsSystemImpl.java:register(276)) - Sink prometheus already exists!
2020-05-18 03:07:46,483 [Listener at 127.0.0.1/34573] INFO  http.BaseHttpServer (BaseHttpServer.java:updateConnectorAddress(325)) - HTTP server of hddsDatanode listening at http://0.0.0.0:33303
2020-05-18 03:07:46,484 [Listener at 127.0.0.1/34573] INFO  ozone.MiniOzoneClusterImpl (MiniOzoneClusterImpl.java:lambda$waitForClusterToBeReady$0(177)) - Waiting for nodes to be ready. Got 0 of 10 DN Heartbeats.
2020-05-18 03:07:46,484 [Listener at 127.0.0.1/34573] INFO  ozone.MiniOzoneClusterImpl (MiniOzoneClusterImpl.java:lambda$waitForClusterToBeReady$0(180)) - Waiting for cluster to exit safe mode
2020-05-18 03:07:46,488 [org.apache.hadoop.util.JvmPauseMonitor$Monitor@7330de09] INFO  util.JvmPauseMonitor (JvmPauseMonitor.java:run(188)) - Starting JVM pause monitor
2020-05-18 03:07:46,490 [Datanode State Machine Thread - 0] INFO  datanode.InitDatanodeState (InitDatanodeState.java:persistContainerDatanodeDetails(145)) - DatanodeDetails is persisted to /github/workspace/mnt/ozone/hadoop-ozone/integration-test/target/test-dir/MiniOzoneClusterImpl-69c03e2e-129d-4290-ae39-1295d90fd6d6/datanode-9/meta/datanode.id
2020-05-18 03:07:47,484 [Listener at 127.0.0.1/34573] INFO  ozone.MiniOzoneClusterImpl (MiniOzoneClusterImpl.java:lambda$waitForClusterToBeReady$0(177)) - Waiting for nodes to be ready. Got 0 of 10 DN Heartbeats.
2020-05-18 03:07:47,485 [Listener at 127.0.0.1/34573] INFO  ozone.MiniOzoneClusterImpl (MiniOzoneClusterImpl.java:lambda$waitForClusterToBeReady$0(180)) - Waiting for cluster to exit safe mode
2020-05-18 03:07:47,620 [Datanode State Machine Thread - 0] INFO  ozoneimpl.OzoneContainer (OzoneContainer.java:start(232)) - Attempting to start container services.
2020-05-18 03:07:47,621 [Datanode State Machine Thread - 0] INFO  ozoneimpl.OzoneContainer (OzoneContainer.java:startContainerScrub(196)) - Background container scanner has been disabled.
2020-05-18 03:07:47,621 [Datanode State Machine Thread - 0] INFO  ratis.XceiverServerRatis (XceiverServerRatis.java:start(425)) - Starting XceiverServerRatis 006e673b-7da9-4e17-8ccf-c494a3628f18 at port 0
2020-05-18 03:07:47,638 [Datanode State Machine Thread - 0] INFO  impl.RaftServerProxy (RaftServerProxy.java:lambda$start$3(299)) - 006e673b-7da9-4e17-8ccf-c494a3628f18: start RPC server
2020-05-18 03:07:47,704 [Datanode State Machine Thread - 0] INFO  server.GrpcService (GrpcService.java:startImpl(159)) - 006e673b-7da9-4e17-8ccf-c494a3628f18: GrpcService started, listening on 0.0.0.0/0.0.0.0:46225
2020-05-18 03:07:47,704 [Datanode State Machine Thread - 0] INFO  ratis.XceiverServerRatis (XceiverServerRatis.java:start(437)) - XceiverServerRatis 006e673b-7da9-4e17-8ccf-c494a3628f18 is started using port 46225
2020-05-18 03:07:47,708 [Datanode State Machine Thread - 0] INFO  server.XceiverServerGrpc (XceiverServerGrpc.java:start(145)) - XceiverServerGrpc 006e673b-7da9-4e17-8ccf-c494a3628f18 is started using port 35405
2020-05-18 03:07:47,715 [Datanode State Machine Thread - 0] INFO  ozoneimpl.OzoneContainer (OzoneContainer.java:start(232)) - Attempting to start container services.
2020-05-18 03:07:47,723 [Datanode State Machine Thread - 0] INFO  ozoneimpl.OzoneContainer (OzoneContainer.java:startContainerScrub(196)) - Background container scanner has been disabled.
2020-05-18 03:07:47,723 [Datanode State Machine Thread - 0] INFO  ratis.XceiverServerRatis (XceiverServerRatis.java:start(425)) - Starting XceiverServerRatis 0a5b46e7-bf6e-4f0d-ad76-5a5d3a2876a0 at port 0
2020-05-18 03:07:47,727 [Datanode State Machine Thread - 0] INFO  impl.RaftServerProxy (RaftServerProxy.java:lambda$start$3(299)) - 0a5b46e7-bf6e-4f0d-ad76-5a5d3a2876a0: start RPC server
2020-05-18 03:07:47,734 [Datanode State Machine Thread - 0] INFO  server.GrpcService (GrpcService.java:startImpl(159)) - 0a5b46e7-bf6e-4f0d-ad76-5a5d3a2876a0: GrpcService started, listening on 0.0.0.0/0.0.0.0:33145
2020-05-18 03:07:47,734 [Datanode State Machine Thread - 0] INFO  ratis.XceiverServerRatis (XceiverServerRatis.java:start(437)) - XceiverServerRatis 0a5b46e7-bf6e-4f0d-ad76-5a5d3a2876a0 is started using port 33145
2020-05-18 03:07:47,736 [Datanode State Machine Thread - 0] INFO  server.XceiverServerGrpc (XceiverServerGrpc.java:start(145)) - XceiverServerGrpc 0a5b46e7-bf6e-4f0d-ad76-5a5d3a2876a0 is started using port 34293
2020-05-18 03:07:47,885 [Datanode State Machine Thread - 0] INFO  ozoneimpl.OzoneContainer (OzoneContainer.java:start(232)) - Attempting to start container services.
2020-05-18 03:07:47,886 [Datanode State Machine Thread - 0] INFO  ozoneimpl.OzoneContainer (OzoneContainer.java:startContainerScrub(196)) - Background container scanner has been disabled.
2020-05-18 03:07:47,886 [Datanode State Machine Thread - 0] INFO  ratis.XceiverServerRatis (XceiverServerRatis.java:start(425)) - Starting XceiverServerRatis b81fc208-e0a0-4370-b6cf-4dc02a2f1cdf at port 0
2020-05-18 03:07:47,887 [Datanode State Machine Thread - 0] INFO  impl.RaftServerProxy (RaftServerProxy.java:lambda$start$3(299)) - b81fc208-e0a0-4370-b6cf-4dc02a2f1cdf: start RPC server
2020-05-18 03:07:47,897 [Datanode State Machine Thread - 0] INFO  server.GrpcService (GrpcService.java:startImpl(159)) - b81fc208-e0a0-4370-b6cf-4dc02a2f1cdf: GrpcService started, listening on 0.0.0.0/0.0.0.0:37653
2020-05-18 03:07:47,897 [Datanode State Machine Thread - 0] INFO  ratis.XceiverServerRatis (XceiverServerRatis.java:start(437)) - XceiverServerRatis b81fc208-e0a0-4370-b6cf-4dc02a2f1cdf is started using port 37653
2020-05-18 03:07:47,898 [Datanode State Machine Thread - 0] INFO  server.XceiverServerGrpc (XceiverServerGrpc.java:start(145)) - XceiverServerGrpc b81fc208-e0a0-4370-b6cf-4dc02a2f1cdf is started using port 36511
2020-05-18 03:07:47,961 [Datanode State Machine Thread - 0] INFO  ozoneimpl.OzoneContainer (OzoneContainer.java:start(232)) - Attempting to start container services.
2020-05-18 03:07:47,961 [Datanode State Machine Thread - 0] INFO  ozoneimpl.OzoneContainer (OzoneContainer.java:startContainerScrub(196)) - Background container scanner has been disabled.
2020-05-18 03:07:47,961 [Datanode State Machine Thread - 0] INFO  ratis.XceiverServerRatis (XceiverServerRatis.java:start(425)) - Starting XceiverServerRatis 034d9298-83c2-4b87-9d91-d2864b54f400 at port 0
2020-05-18 03:07:47,962 [Datanode State Machine Thread - 0] INFO  impl.RaftServerProxy (RaftServerProxy.java:lambda$start$3(299)) - 034d9298-83c2-4b87-9d91-d2864b54f400: start RPC server
2020-05-18 03:07:47,963 [Datanode State Machine Thread - 0] INFO  server.GrpcService (GrpcService.java:startImpl(159)) - 034d9298-83c2-4b87-9d91-d2864b54f400: GrpcService started, listening on 0.0.0.0/0.0.0.0:39127
2020-05-18 03:07:47,963 [Datanode State Machine Thread - 0] INFO  ratis.XceiverServerRatis (XceiverServerRatis.java:start(437)) - XceiverServerRatis 034d9298-83c2-4b87-9d91-d2864b54f400 is started using port 39127
2020-05-18 03:07:47,965 [Datanode State Machine Thread - 0] INFO  server.XceiverServerGrpc (XceiverServerGrpc.java:start(145)) - XceiverServerGrpc 034d9298-83c2-4b87-9d91-d2864b54f400 is started using port 46277
2020-05-18 03:07:48,051 [Datanode State Machine Thread - 0] INFO  ozoneimpl.OzoneContainer (OzoneContainer.java:start(232)) - Attempting to start container services.
2020-05-18 03:07:48,051 [Datanode State Machine Thread - 0] INFO  ozoneimpl.OzoneContainer (OzoneContainer.java:startContainerScrub(196)) - Background container scanner has been disabled.
2020-05-18 03:07:48,051 [Datanode State Machine Thread - 0] INFO  ratis.XceiverServerRatis (XceiverServerRatis.java:start(425)) - Starting XceiverServerRatis b63c0471-1403-43a2-b5dd-7d9e97cc5eb5 at port 0
2020-05-18 03:07:48,053 [Datanode State Machine Thread - 0] INFO  impl.RaftServerProxy (RaftServerProxy.java:lambda$start$3(299)) - b63c0471-1403-43a2-b5dd-7d9e97cc5eb5: start RPC server
2020-05-18 03:07:48,054 [Datanode State Machine Thread - 0] INFO  server.GrpcService (GrpcService.java:startImpl(159)) - b63c0471-1403-43a2-b5dd-7d9e97cc5eb5: GrpcService started, listening on 0.0.0.0/0.0.0.0:43001
2020-05-18 03:07:48,054 [Datanode State Machine Thread - 0] INFO  ratis.XceiverServerRatis (XceiverServerRatis.java:start(437)) - XceiverServerRatis b63c0471-1403-43a2-b5dd-7d9e97cc5eb5 is started using port 43001
2020-05-18 03:07:48,055 [Datanode State Machine Thread - 0] INFO  server.XceiverServerGrpc (XceiverServerGrpc.java:start(145)) - XceiverServerGrpc b63c0471-1403-43a2-b5dd-7d9e97cc5eb5 is started using port 46217
2020-05-18 03:07:48,135 [Datanode State Machine Thread - 0] INFO  ozoneimpl.OzoneContainer (OzoneContainer.java:start(232)) - Attempting to start container services.
2020-05-18 03:07:48,135 [Datanode State Machine Thread - 0] INFO  ozoneimpl.OzoneContainer (OzoneContainer.java:startContainerScrub(196)) - Background container scanner has been disabled.
2020-05-18 03:07:48,135 [Datanode State Machine Thread - 0] INFO  ratis.XceiverServerRatis (XceiverServerRatis.java:start(425)) - Starting XceiverServerRatis b2bccc9e-2238-4e20-9373-fe7e2ac220bd at port 0
2020-05-18 03:07:48,136 [Datanode State Machine Thread - 0] INFO  impl.RaftServerProxy (RaftServerProxy.java:lambda$start$3(299)) - b2bccc9e-2238-4e20-9373-fe7e2ac220bd: start RPC server
2020-05-18 03:07:48,139 [Datanode State Machine Thread - 0] INFO  server.GrpcService (GrpcService.java:startImpl(159)) - b2bccc9e-2238-4e20-9373-fe7e2ac220bd: GrpcService started, listening on 0.0.0.0/0.0.0.0:35883
2020-05-18 03:07:48,140 [Datanode State Machine Thread - 0] INFO  ratis.XceiverServerRatis (XceiverServerRatis.java:start(437)) - XceiverServerRatis b2bccc9e-2238-4e20-9373-fe7e2ac220bd is started using port 35883
2020-05-18 03:07:48,141 [Datanode State Machine Thread - 0] INFO  server.XceiverServerGrpc (XceiverServerGrpc.java:start(145)) - XceiverServerGrpc b2bccc9e-2238-4e20-9373-fe7e2ac220bd is started using port 34663
2020-05-18 03:07:48,221 [Datanode State Machine Thread - 0] INFO  ozoneimpl.OzoneContainer (OzoneContainer.java:start(232)) - Attempting to start container services.
2020-05-18 03:07:48,221 [Datanode State Machine Thread - 0] INFO  ozoneimpl.OzoneContainer (OzoneContainer.java:startContainerScrub(196)) - Background container scanner has been disabled.
2020-05-18 03:07:48,221 [Datanode State Machine Thread - 0] INFO  ratis.XceiverServerRatis (XceiverServerRatis.java:start(425)) - Starting XceiverServerRatis 9cf338a1-6343-46cc-9d3e-d929198416a4 at port 0
2020-05-18 03:07:48,222 [Datanode State Machine Thread - 0] INFO  impl.RaftServerProxy (RaftServerProxy.java:lambda$start$3(299)) - 9cf338a1-6343-46cc-9d3e-d929198416a4: start RPC server
2020-05-18 03:07:48,227 [Datanode State Machine Thread - 0] INFO  server.GrpcService (GrpcService.java:startImpl(159)) - 9cf338a1-6343-46cc-9d3e-d929198416a4: GrpcService started, listening on 0.0.0.0/0.0.0.0:35497
2020-05-18 03:07:48,227 [Datanode State Machine Thread - 0] INFO  ratis.XceiverServerRatis (XceiverServerRatis.java:start(437)) - XceiverServerRatis 9cf338a1-6343-46cc-9d3e-d929198416a4 is started using port 35497
2020-05-18 03:07:48,229 [Datanode State Machine Thread - 0] INFO  server.XceiverServerGrpc (XceiverServerGrpc.java:start(145)) - XceiverServerGrpc 9cf338a1-6343-46cc-9d3e-d929198416a4 is started using port 38919
2020-05-18 03:07:48,329 [Datanode State Machine Thread - 0] INFO  ozoneimpl.OzoneContainer (OzoneContainer.java:start(232)) - Attempting to start container services.
2020-05-18 03:07:48,330 [Datanode State Machine Thread - 0] INFO  ozoneimpl.OzoneContainer (OzoneContainer.java:startContainerScrub(196)) - Background container scanner has been disabled.
2020-05-18 03:07:48,330 [Datanode State Machine Thread - 0] INFO  ratis.XceiverServerRatis (XceiverServerRatis.java:start(425)) - Starting XceiverServerRatis b3b39523-19fd-47b3-8de5-13395c27e2ba at port 0
2020-05-18 03:07:48,332 [Datanode State Machine Thread - 0] INFO  impl.RaftServerProxy (RaftServerProxy.java:lambda$start$3(299)) - b3b39523-19fd-47b3-8de5-13395c27e2ba: start RPC server
2020-05-18 03:07:48,333 [Datanode State Machine Thread - 0] INFO  server.GrpcService (GrpcService.java:startImpl(159)) - b3b39523-19fd-47b3-8de5-13395c27e2ba: GrpcService started, listening on 0.0.0.0/0.0.0.0:36197
2020-05-18 03:07:48,333 [Datanode State Machine Thread - 0] INFO  ratis.XceiverServerRatis (XceiverServerRatis.java:start(437)) - XceiverServerRatis b3b39523-19fd-47b3-8de5-13395c27e2ba is started using port 36197
2020-05-18 03:07:48,335 [Datanode State Machine Thread - 0] INFO  server.XceiverServerGrpc (XceiverServerGrpc.java:start(145)) - XceiverServerGrpc b3b39523-19fd-47b3-8de5-13395c27e2ba is started using port 46121
2020-05-18 03:07:48,422 [Datanode State Machine Thread - 0] INFO  ozoneimpl.OzoneContainer (OzoneContainer.java:start(232)) - Attempting to start container services.
2020-05-18 03:07:48,422 [Datanode State Machine Thread - 0] INFO  ozoneimpl.OzoneContainer (OzoneContainer.java:startContainerScrub(196)) - Background container scanner has been disabled.
2020-05-18 03:07:48,422 [Datanode State Machine Thread - 0] INFO  ratis.XceiverServerRatis (XceiverServerRatis.java:start(425)) - Starting XceiverServerRatis 0dd71c3f-fb6d-4793-9543-61a077f69edf at port 0
2020-05-18 03:07:48,423 [Datanode State Machine Thread - 0] INFO  impl.RaftServerProxy (RaftServerProxy.java:lambda$start$3(299)) - 0dd71c3f-fb6d-4793-9543-61a077f69edf: start RPC server
2020-05-18 03:07:48,424 [Datanode State Machine Thread - 0] INFO  server.GrpcService (GrpcService.java:startImpl(159)) - 0dd71c3f-fb6d-4793-9543-61a077f69edf: GrpcService started, listening on 0.0.0.0/0.0.0.0:38681
2020-05-18 03:07:48,424 [Datanode State Machine Thread - 0] INFO  ratis.XceiverServerRatis (XceiverServerRatis.java:start(437)) - XceiverServerRatis 0dd71c3f-fb6d-4793-9543-61a077f69edf is started using port 38681
2020-05-18 03:07:48,426 [Datanode State Machine Thread - 0] INFO  server.XceiverServerGrpc (XceiverServerGrpc.java:start(145)) - XceiverServerGrpc 0dd71c3f-fb6d-4793-9543-61a077f69edf is started using port 41355
2020-05-18 03:07:48,485 [Listener at 127.0.0.1/34573] INFO  ozone.MiniOzoneClusterImpl (MiniOzoneClusterImpl.java:lambda$waitForClusterToBeReady$0(177)) - Waiting for nodes to be ready. Got 0 of 10 DN Heartbeats.
2020-05-18 03:07:48,485 [Listener at 127.0.0.1/34573] INFO  ozone.MiniOzoneClusterImpl (MiniOzoneClusterImpl.java:lambda$waitForClusterToBeReady$0(180)) - Waiting for cluster to exit safe mode
2020-05-18 03:07:48,491 [Datanode State Machine Thread - 0] INFO  ozoneimpl.OzoneContainer (OzoneContainer.java:start(232)) - Attempting to start container services.
2020-05-18 03:07:48,491 [Datanode State Machine Thread - 0] INFO  ozoneimpl.OzoneContainer (OzoneContainer.java:startContainerScrub(196)) - Background container scanner has been disabled.
2020-05-18 03:07:48,491 [Datanode State Machine Thread - 0] INFO  ratis.XceiverServerRatis (XceiverServerRatis.java:start(425)) - Starting XceiverServerRatis a70f16ba-8984-46f7-b3b4-4f3ee14adaae at port 0
2020-05-18 03:07:48,492 [Datanode State Machine Thread - 0] INFO  impl.RaftServerProxy (RaftServerProxy.java:lambda$start$3(299)) - a70f16ba-8984-46f7-b3b4-4f3ee14adaae: start RPC server
2020-05-18 03:07:48,494 [Datanode State Machine Thread - 0] INFO  server.GrpcService (GrpcService.java:startImpl(159)) - a70f16ba-8984-46f7-b3b4-4f3ee14adaae: GrpcService started, listening on 0.0.0.0/0.0.0.0:41383
2020-05-18 03:07:48,494 [Datanode State Machine Thread - 0] INFO  ratis.XceiverServerRatis (XceiverServerRatis.java:start(437)) - XceiverServerRatis a70f16ba-8984-46f7-b3b4-4f3ee14adaae is started using port 41383
2020-05-18 03:07:48,498 [Datanode State Machine Thread - 0] INFO  server.XceiverServerGrpc (XceiverServerGrpc.java:start(145)) - XceiverServerGrpc a70f16ba-8984-46f7-b3b4-4f3ee14adaae is started using port 35965
2020-05-18 03:07:49,485 [Listener at 127.0.0.1/34573] INFO  ozone.MiniOzoneClusterImpl (MiniOzoneClusterImpl.java:lambda$waitForClusterToBeReady$0(177)) - Waiting for nodes to be ready. Got 0 of 10 DN Heartbeats.
2020-05-18 03:07:49,486 [Listener at 127.0.0.1/34573] INFO  ozone.MiniOzoneClusterImpl (MiniOzoneClusterImpl.java:lambda$waitForClusterToBeReady$0(180)) - Waiting for cluster to exit safe mode
2020-05-18 03:07:49,585 [IPC Server handler 2 on default port 43479] INFO  net.NetworkTopology (NetworkTopologyImpl.java:add(111)) - Added a new node: /default-rack/006e673b-7da9-4e17-8ccf-c494a3628f18
2020-05-18 03:07:49,585 [IPC Server handler 2 on default port 43479] INFO  node.SCMNodeManager (SCMNodeManager.java:register(268)) - Registered Data node : 006e673b-7da9-4e17-8ccf-c494a3628f18{ip: 172.17.0.2, host: e6a1a4110770, networkLocation: /default-rack, certSerialId: null}
2020-05-18 03:07:49,592 [RatisPipelineUtilsThread] INFO  pipeline.RatisPipelineProvider (RatisPipelineProvider.java:lambda$create$0(138)) - Sending CreatePipelineCommand for pipeline:PipelineID=624b0bb2-f865-488e-a324-d350f2d44dd7 to datanode:006e673b-7da9-4e17-8ccf-c494a3628f18
2020-05-18 03:07:49,595 [EventQueue-NodeRegistrationContainerReportForContainerSafeModeRule] INFO  safemode.SCMSafeModeManager (SCMSafeModeManager.java:validateSafeModeExitRules(213)) - ContainerSafeModeRule rule is successfully validated
2020-05-18 03:07:49,603 [EventQueue-NodeRegistrationContainerReportForDataNodeSafeModeRule] INFO  safemode.SCMSafeModeManager (DataNodeSafeModeRule.java:process(71)) - SCM in safe mode. 1 DataNodes registered, 1 required.
2020-05-18 03:07:49,603 [EventQueue-NodeRegistrationContainerReportForDataNodeSafeModeRule] INFO  safemode.SCMSafeModeManager (SCMSafeModeManager.java:validateSafeModeExitRules(213)) - DataNodeSafeModeRule rule is successfully validated
2020-05-18 03:07:49,603 [EventQueue-NodeRegistrationContainerReportForDataNodeSafeModeRule] INFO  safemode.SCMSafeModeManager (SCMSafeModeManager.java:completePreCheck(241)) - All SCM safe mode pre check rules have passed
2020-05-18 03:07:49,604 [RatisPipelineUtilsThread] INFO  pipeline.PipelineStateManager (PipelineStateManager.java:addPipeline(54)) - Created pipeline Pipeline[ Id: 624b0bb2-f865-488e-a324-d350f2d44dd7, Nodes: 006e673b-7da9-4e17-8ccf-c494a3628f18{ip: 172.17.0.2, host: e6a1a4110770, networkLocation: /default-rack, certSerialId: null}, Type:RATIS, Factor:ONE, State:ALLOCATED, leaderId:null, CreationTimestamp2020-05-18T03:07:49.590Z]
2020-05-18 03:07:49,607 [RatisPipelineUtilsThread] ERROR pipeline.SCMPipelineManager (SCMPipelineManager.java:createPipeline(222)) - Failed to create pipeline of type RATIS and factor ONE. Exception: Cannot create pipeline of factor 1 using 0 nodes. Used 1 nodes. Healthy nodes 1
2020-05-18 03:07:49,608 [RatisPipelineUtilsThread] WARN  pipeline.PipelinePlacementPolicy (PipelinePlacementPolicy.java:filterViableNodes(133)) - Pipeline creation failed due to no sufficient healthy datanodes. Required 3. Found 1.
2020-05-18 03:07:49,608 [RatisPipelineUtilsThread] ERROR pipeline.SCMPipelineManager (SCMPipelineManager.java:createPipeline(222)) - Failed to create pipeline of type RATIS and factor THREE. Exception: Pipeline creation failed due to no sufficient healthy datanodes. Required 3. Found 1.
2020-05-18 03:07:49,711 [IPC Server handler 3 on default port 43479] INFO  net.NetworkTopology (NetworkTopologyImpl.java:add(111)) - Added a new node: /default-rack/0a5b46e7-bf6e-4f0d-ad76-5a5d3a2876a0
2020-05-18 03:07:49,712 [IPC Server handler 3 on default port 43479] INFO  node.SCMNodeManager (SCMNodeManager.java:register(268)) - Registered Data node : 0a5b46e7-bf6e-4f0d-ad76-5a5d3a2876a0{ip: 172.17.0.2, host: e6a1a4110770, networkLocation: /default-rack, certSerialId: null}
2020-05-18 03:07:49,712 [EventQueue-NodeRegistrationContainerReportForContainerSafeModeRule] INFO  safemode.SCMSafeModeManager (SCMSafeModeManager.java:validateSafeModeExitRules(213)) - ContainerSafeModeRule rule is successfully validated
2020-05-18 03:07:49,712 [EventQueue-NodeRegistrationContainerReportForDataNodeSafeModeRule] INFO  safemode.SCMSafeModeManager (SCMSafeModeManager.java:validateSafeModeExitRules(213)) - DataNodeSafeModeRule rule is successfully validated
2020-05-18 03:07:49,713 [RatisPipelineUtilsThread] INFO  pipeline.RatisPipelineProvider (RatisPipelineProvider.java:lambda$create$0(138)) - Sending CreatePipelineCommand for pipeline:PipelineID=e12a51fa-603e-4fb3-8ea4-496e89b144f8 to datanode:0a5b46e7-bf6e-4f0d-ad76-5a5d3a2876a0
2020-05-18 03:07:49,714 [RatisPipelineUtilsThread] INFO  pipeline.PipelineStateManager (PipelineStateManager.java:addPipeline(54)) - Created pipeline Pipeline[ Id: e12a51fa-603e-4fb3-8ea4-496e89b144f8, Nodes: 0a5b46e7-bf6e-4f0d-ad76-5a5d3a2876a0{ip: 172.17.0.2, host: e6a1a4110770, networkLocation: /default-rack, certSerialId: null}, Type:RATIS, Factor:ONE, State:ALLOCATED, leaderId:null, CreationTimestamp2020-05-18T03:07:49.713Z]
2020-05-18 03:07:49,714 [RatisPipelineUtilsThread] ERROR pipeline.SCMPipelineManager (SCMPipelineManager.java:createPipeline(222)) - Failed to create pipeline of type RATIS and factor ONE. Exception: Cannot create pipeline of factor 1 using 0 nodes. Used 2 nodes. Healthy nodes 2
2020-05-18 03:07:49,714 [RatisPipelineUtilsThread] WARN  pipeline.PipelinePlacementPolicy (PipelinePlacementPolicy.java:filterViableNodes(133)) - Pipeline creation failed due to no sufficient healthy datanodes. Required 3. Found 2.
2020-05-18 03:07:49,715 [RatisPipelineUtilsThread] ERROR pipeline.SCMPipelineManager (SCMPipelineManager.java:createPipeline(222)) - Failed to create pipeline of type RATIS and factor THREE. Exception: Pipeline creation failed due to no sufficient healthy datanodes. Required 3. Found 2.
2020-05-18 03:07:49,884 [IPC Server handler 4 on default port 43479] INFO  net.NetworkTopology (NetworkTopologyImpl.java:add(111)) - Added a new node: /default-rack/b81fc208-e0a0-4370-b6cf-4dc02a2f1cdf
2020-05-18 03:07:49,884 [IPC Server handler 4 on default port 43479] INFO  node.SCMNodeManager (SCMNodeManager.java:register(268)) - Registered Data node : b81fc208-e0a0-4370-b6cf-4dc02a2f1cdf{ip: 172.17.0.2, host: e6a1a4110770, networkLocation: /default-rack, certSerialId: null}
2020-05-18 03:07:49,884 [EventQueue-NodeRegistrationContainerReportForContainerSafeModeRule] INFO  safemode.SCMSafeModeManager (SCMSafeModeManager.java:validateSafeModeExitRules(213)) - ContainerSafeModeRule rule is successfully validated
2020-05-18 03:07:49,884 [EventQueue-NodeRegistrationContainerReportForDataNodeSafeModeRule] INFO  safemode.SCMSafeModeManager (SCMSafeModeManager.java:validateSafeModeExitRules(213)) - DataNodeSafeModeRule rule is successfully validated
2020-05-18 03:07:49,885 [RatisPipelineUtilsThread] INFO  pipeline.RatisPipelineProvider (RatisPipelineProvider.java:lambda$create$0(138)) - Sending CreatePipelineCommand for pipeline:PipelineID=c02c722d-864c-4538-b71a-75337a6f077b to datanode:b81fc208-e0a0-4370-b6cf-4dc02a2f1cdf
2020-05-18 03:07:49,886 [RatisPipelineUtilsThread] INFO  pipeline.PipelineStateManager (PipelineStateManager.java:addPipeline(54)) - Created pipeline Pipeline[ Id: c02c722d-864c-4538-b71a-75337a6f077b, Nodes: b81fc208-e0a0-4370-b6cf-4dc02a2f1cdf{ip: 172.17.0.2, host: e6a1a4110770, networkLocation: /default-rack, certSerialId: null}, Type:RATIS, Factor:ONE, State:ALLOCATED, leaderId:null, CreationTimestamp2020-05-18T03:07:49.885Z]
2020-05-18 03:07:49,886 [RatisPipelineUtilsThread] ERROR pipeline.SCMPipelineManager (SCMPipelineManager.java:createPipeline(222)) - Failed to create pipeline of type RATIS and factor ONE. Exception: Cannot create pipeline of factor 1 using 0 nodes. Used 3 nodes. Healthy nodes 3
2020-05-18 03:07:49,891 [RatisPipelineUtilsThread] INFO  pipeline.RatisPipelineProvider (RatisPipelineProvider.java:lambda$create$0(138)) - Sending CreatePipelineCommand for pipeline:PipelineID=09c61add-e684-4560-bd84-c38e4b309a7a to datanode:b81fc208-e0a0-4370-b6cf-4dc02a2f1cdf
2020-05-18 03:07:49,891 [RatisPipelineUtilsThread] INFO  pipeline.RatisPipelineProvider (RatisPipelineProvider.java:lambda$create$0(138)) - Sending CreatePipelineCommand for pipeline:PipelineID=09c61add-e684-4560-bd84-c38e4b309a7a to datanode:006e673b-7da9-4e17-8ccf-c494a3628f18
2020-05-18 03:07:49,891 [RatisPipelineUtilsThread] INFO  pipeline.RatisPipelineProvider (RatisPipelineProvider.java:lambda$create$0(138)) - Sending CreatePipelineCommand for pipeline:PipelineID=09c61add-e684-4560-bd84-c38e4b309a7a to datanode:0a5b46e7-bf6e-4f0d-ad76-5a5d3a2876a0
2020-05-18 03:07:49,892 [RatisPipelineUtilsThread] INFO  pipeline.PipelineStateManager (PipelineStateManager.java:addPipeline(54)) - Created pipeline Pipeline[ Id: 09c61add-e684-4560-bd84-c38e4b309a7a, Nodes: b81fc208-e0a0-4370-b6cf-4dc02a2f1cdf{ip: 172.17.0.2, host: e6a1a4110770, networkLocation: /default-rack, certSerialId: null}006e673b-7da9-4e17-8ccf-c494a3628f18{ip: 172.17.0.2, host: e6a1a4110770, networkLocation: /default-rack, certSerialId: null}0a5b46e7-bf6e-4f0d-ad76-5a5d3a2876a0{ip: 172.17.0.2, host: e6a1a4110770, networkLocation: /default-rack, certSerialId: null}, Type:RATIS, Factor:THREE, State:ALLOCATED, leaderId:null, CreationTimestamp2020-05-18T03:07:49.891Z]
2020-05-18 03:07:49,892 [RatisPipelineUtilsThread] ERROR pipeline.SCMPipelineManager (SCMPipelineManager.java:createPipeline(222)) - Failed to create pipeline of type RATIS and factor THREE. Exception: Pipeline creation failed because nodes are engaged in other pipelines and every node can only be engaged in max 2 pipelines. Required 3. Found 0
2020-05-18 03:07:49,960 [IPC Server handler 5 on default port 43479] INFO  net.NetworkTopology (NetworkTopologyImpl.java:add(111)) - Added a new node: /default-rack/034d9298-83c2-4b87-9d91-d2864b54f400
2020-05-18 03:07:49,961 [IPC Server handler 5 on default port 43479] INFO  node.SCMNodeManager (SCMNodeManager.java:register(268)) - Registered Data node : 034d9298-83c2-4b87-9d91-d2864b54f400{ip: 172.17.0.2, host: e6a1a4110770, networkLocation: /default-rack, certSerialId: null}
2020-05-18 03:07:49,961 [EventQueue-NodeRegistrationContainerReportForContainerSafeModeRule] INFO  safemode.SCMSafeModeManager (SCMSafeModeManager.java:validateSafeModeExitRules(213)) - ContainerSafeModeRule rule is successfully validated
2020-05-18 03:07:49,961 [EventQueue-NodeRegistrationContainerReportForDataNodeSafeModeRule] INFO  safemode.SCMSafeModeManager (SCMSafeModeManager.java:validateSafeModeExitRules(213)) - DataNodeSafeModeRule rule is successfully validated
2020-05-18 03:07:49,962 [RatisPipelineUtilsThread] INFO  pipeline.RatisPipelineProvider (RatisPipelineProvider.java:lambda$create$0(138)) - Sending CreatePipelineCommand for pipeline:PipelineID=8bad409e-f335-4cfe-9fc6-f56031dd7884 to datanode:034d9298-83c2-4b87-9d91-d2864b54f400
2020-05-18 03:07:49,962 [RatisPipelineUtilsThread] INFO  pipeline.PipelineStateManager (PipelineStateManager.java:addPipeline(54)) - Created pipeline Pipeline[ Id: 8bad409e-f335-4cfe-9fc6-f56031dd7884, Nodes: 034d9298-83c2-4b87-9d91-d2864b54f400{ip: 172.17.0.2, host: e6a1a4110770, networkLocation: /default-rack, certSerialId: null}, Type:RATIS, Factor:ONE, State:ALLOCATED, leaderId:null, CreationTimestamp2020-05-18T03:07:49.962Z]
2020-05-18 03:07:49,963 [RatisPipelineUtilsThread] ERROR pipeline.SCMPipelineManager (SCMPipelineManager.java:createPipeline(222)) - Failed to create pipeline of type RATIS and factor ONE. Exception: Cannot create pipeline of factor 1 using 0 nodes. Used 4 nodes. Healthy nodes 4
2020-05-18 03:07:49,963 [RatisPipelineUtilsThread] ERROR pipeline.SCMPipelineManager (SCMPipelineManager.java:createPipeline(222)) - Failed to create pipeline of type RATIS and factor THREE. Exception: Pipeline creation failed because nodes are engaged in other pipelines and every node can only be engaged in max 2 pipelines. Required 3. Found 1
2020-05-18 03:07:50,049 [IPC Server handler 6 on default port 43479] INFO  net.NetworkTopology (NetworkTopologyImpl.java:add(111)) - Added a new node: /default-rack/b63c0471-1403-43a2-b5dd-7d9e97cc5eb5
2020-05-18 03:07:50,049 [IPC Server handler 6 on default port 43479] INFO  node.SCMNodeManager (SCMNodeManager.java:register(268)) - Registered Data node : b63c0471-1403-43a2-b5dd-7d9e97cc5eb5{ip: 172.17.0.2, host: e6a1a4110770, networkLocation: /default-rack, certSerialId: null}
2020-05-18 03:07:50,049 [EventQueue-NodeRegistrationContainerReportForContainerSafeModeRule] INFO  safemode.SCMSafeModeManager (SCMSafeModeManager.java:validateSafeModeExitRules(213)) - ContainerSafeModeRule rule is successfully validated
2020-05-18 03:07:50,053 [EventQueue-NodeRegistrationContainerReportForDataNodeSafeModeRule] INFO  safemode.SCMSafeModeManager (SCMSafeModeManager.java:validateSafeModeExitRules(213)) - DataNodeSafeModeRule rule is successfully validated
2020-05-18 03:07:50,054 [RatisPipelineUtilsThread] INFO  pipeline.RatisPipelineProvider (RatisPipelineProvider.java:lambda$create$0(138)) - Sending CreatePipelineCommand for pipeline:PipelineID=1cf1c4ad-1a0f-432d-9aa0-15954251a94d to datanode:b63c0471-1403-43a2-b5dd-7d9e97cc5eb5
2020-05-18 03:07:50,054 [RatisPipelineUtilsThread] INFO  pipeline.PipelineStateManager (PipelineStateManager.java:addPipeline(54)) - Created pipeline Pipeline[ Id: 1cf1c4ad-1a0f-432d-9aa0-15954251a94d, Nodes: b63c0471-1403-43a2-b5dd-7d9e97cc5eb5{ip: 172.17.0.2, host: e6a1a4110770, networkLocation: /default-rack, certSerialId: null}, Type:RATIS, Factor:ONE, State:ALLOCATED, leaderId:null, CreationTimestamp2020-05-18T03:07:50.054Z]
2020-05-18 03:07:50,055 [RatisPipelineUtilsThread] ERROR pipeline.SCMPipelineManager (SCMPipelineManager.java:createPipeline(222)) - Failed to create pipeline of type RATIS and factor ONE. Exception: Cannot create pipeline of factor 1 using 0 nodes. Used 5 nodes. Healthy nodes 5
2020-05-18 03:07:50,055 [RatisPipelineUtilsThread] ERROR pipeline.SCMPipelineManager (SCMPipelineManager.java:createPipeline(222)) - Failed to create pipeline of type RATIS and factor THREE. Exception: Pipeline creation failed because nodes are engaged in other pipelines and every node can only be engaged in max 2 pipelines. Required 3. Found 2
2020-05-18 03:07:50,133 [IPC Server handler 7 on default port 43479] INFO  net.NetworkTopology (NetworkTopologyImpl.java:add(111)) - Added a new node: /default-rack/b2bccc9e-2238-4e20-9373-fe7e2ac220bd
2020-05-18 03:07:50,134 [IPC Server handler 7 on default port 43479] INFO  node.SCMNodeManager (SCMNodeManager.java:register(268)) - Registered Data node : b2bccc9e-2238-4e20-9373-fe7e2ac220bd{ip: 172.17.0.2, host: e6a1a4110770, networkLocation: /default-rack, certSerialId: null}
2020-05-18 03:07:50,134 [EventQueue-NodeRegistrationContainerReportForDataNodeSafeModeRule] INFO  safemode.SCMSafeModeManager (SCMSafeModeManager.java:validateSafeModeExitRules(213)) - DataNodeSafeModeRule rule is successfully validated
2020-05-18 03:07:50,134 [EventQueue-NodeRegistrationContainerReportForContainerSafeModeRule] INFO  safemode.SCMSafeModeManager (SCMSafeModeManager.java:validateSafeModeExitRules(213)) - ContainerSafeModeRule rule is successfully validated
2020-05-18 03:07:50,135 [RatisPipelineUtilsThread] INFO  pipeline.RatisPipelineProvider (RatisPipelineProvider.java:lambda$create$0(138)) - Sending CreatePipelineCommand for pipeline:PipelineID=9ab464ec-428e-4acf-8ac4-64292a3f53f3 to datanode:b2bccc9e-2238-4e20-9373-fe7e2ac220bd
2020-05-18 03:07:50,135 [RatisPipelineUtilsThread] INFO  pipeline.PipelineStateManager (PipelineStateManager.java:addPipeline(54)) - Created pipeline Pipeline[ Id: 9ab464ec-428e-4acf-8ac4-64292a3f53f3, Nodes: b2bccc9e-2238-4e20-9373-fe7e2ac220bd{ip: 172.17.0.2, host: e6a1a4110770, networkLocation: /default-rack, certSerialId: null}, Type:RATIS, Factor:ONE, State:ALLOCATED, leaderId:null, CreationTimestamp2020-05-18T03:07:50.135Z]
2020-05-18 03:07:50,136 [RatisPipelineUtilsThread] ERROR pipeline.SCMPipelineManager (SCMPipelineManager.java:createPipeline(222)) - Failed to create pipeline of type RATIS and factor ONE. Exception: Cannot create pipeline of factor 1 using 0 nodes. Used 6 nodes. Healthy nodes 6
2020-05-18 03:07:50,136 [RatisPipelineUtilsThread] INFO  pipeline.RatisPipelineProvider (RatisPipelineProvider.java:lambda$create$0(138)) - Sending CreatePipelineCommand for pipeline:PipelineID=2487801a-ca37-410b-bad8-a426cc6b4293 to datanode:034d9298-83c2-4b87-9d91-d2864b54f400
2020-05-18 03:07:50,136 [RatisPipelineUtilsThread] INFO  pipeline.RatisPipelineProvider (RatisPipelineProvider.java:lambda$create$0(138)) - Sending CreatePipelineCommand for pipeline:PipelineID=2487801a-ca37-410b-bad8-a426cc6b4293 to datanode:b63c0471-1403-43a2-b5dd-7d9e97cc5eb5
2020-05-18 03:07:50,136 [RatisPipelineUtilsThread] INFO  pipeline.RatisPipelineProvider (RatisPipelineProvider.java:lambda$create$0(138)) - Sending CreatePipelineCommand for pipeline:PipelineID=2487801a-ca37-410b-bad8-a426cc6b4293 to datanode:b2bccc9e-2238-4e20-9373-fe7e2ac220bd
2020-05-18 03:07:50,137 [RatisPipelineUtilsThread] INFO  pipeline.PipelineStateManager (PipelineStateManager.java:addPipeline(54)) - Created pipeline Pipeline[ Id: 2487801a-ca37-410b-bad8-a426cc6b4293, Nodes: 034d9298-83c2-4b87-9d91-d2864b54f400{ip: 172.17.0.2, host: e6a1a4110770, networkLocation: /default-rack, certSerialId: null}b63c0471-1403-43a2-b5dd-7d9e97cc5eb5{ip: 172.17.0.2, host: e6a1a4110770, networkLocation: /default-rack, certSerialId: null}b2bccc9e-2238-4e20-9373-fe7e2ac220bd{ip: 172.17.0.2, host: e6a1a4110770, networkLocation: /default-rack, certSerialId: null}, Type:RATIS, Factor:THREE, State:ALLOCATED, leaderId:null, CreationTimestamp2020-05-18T03:07:50.136Z]
2020-05-18 03:07:50,137 [RatisPipelineUtilsThread] ERROR pipeline.SCMPipelineManager (SCMPipelineManager.java:createPipeline(222)) - Failed to create pipeline of type RATIS and factor THREE. Exception: Pipeline creation failed because nodes are engaged in other pipelines and every node can only be engaged in max 2 pipelines. Required 3. Found 0
2020-05-18 03:07:50,220 [IPC Server handler 10 on default port 43479] INFO  net.NetworkTopology (NetworkTopologyImpl.java:add(111)) - Added a new node: /default-rack/9cf338a1-6343-46cc-9d3e-d929198416a4
2020-05-18 03:07:50,221 [IPC Server handler 10 on default port 43479] INFO  node.SCMNodeManager (SCMNodeManager.java:register(268)) - Registered Data node : 9cf338a1-6343-46cc-9d3e-d929198416a4{ip: 172.17.0.2, host: e6a1a4110770, networkLocation: /default-rack, certSerialId: null}
2020-05-18 03:07:50,221 [RatisPipelineUtilsThread] INFO  pipeline.RatisPipelineProvider (RatisPipelineProvider.java:lambda$create$0(138)) - Sending CreatePipelineCommand for pipeline:PipelineID=053ad6a7-c5c4-42a1-8522-a36e7e6af914 to datanode:9cf338a1-6343-46cc-9d3e-d929198416a4
2020-05-18 03:07:50,221 [EventQueue-NodeRegistrationContainerReportForContainerSafeModeRule] INFO  safemode.SCMSafeModeManager (SCMSafeModeManager.java:validateSafeModeExitRules(213)) - ContainerSafeModeRule rule is successfully validated
2020-05-18 03:07:50,221 [EventQueue-NodeRegistrationContainerReportForDataNodeSafeModeRule] INFO  safemode.SCMSafeModeManager (SCMSafeModeManager.java:validateSafeModeExitRules(213)) - DataNodeSafeModeRule rule is successfully validated
2020-05-18 03:07:50,222 [RatisPipelineUtilsThread] INFO  pipeline.PipelineStateManager (PipelineStateManager.java:addPipeline(54)) - Created pipeline Pipeline[ Id: 053ad6a7-c5c4-42a1-8522-a36e7e6af914, Nodes: 9cf338a1-6343-46cc-9d3e-d929198416a4{ip: 172.17.0.2, host: e6a1a4110770, networkLocation: /default-rack, certSerialId: null}, Type:RATIS, Factor:ONE, State:ALLOCATED, leaderId:null, CreationTimestamp2020-05-18T03:07:50.221Z]
2020-05-18 03:07:50,222 [RatisPipelineUtilsThread] ERROR pipeline.SCMPipelineManager (SCMPipelineManager.java:createPipeline(222)) - Failed to create pipeline of type RATIS and factor ONE. Exception: Cannot create pipeline of factor 1 using 0 nodes. Used 7 nodes. Healthy nodes 7
2020-05-18 03:07:50,223 [RatisPipelineUtilsThread] ERROR pipeline.SCMPipelineManager (SCMPipelineManager.java:createPipeline(222)) - Failed to create pipeline of type RATIS and factor THREE. Exception: Pipeline creation failed because nodes are engaged in other pipelines and every node can only be engaged in max 2 pipelines. Required 3. Found 1
2020-05-18 03:07:50,329 [IPC Server handler 9 on default port 43479] INFO  net.NetworkTopology (NetworkTopologyImpl.java:add(111)) - Added a new node: /default-rack/b3b39523-19fd-47b3-8de5-13395c27e2ba
2020-05-18 03:07:50,329 [IPC Server handler 9 on default port 43479] INFO  node.SCMNodeManager (SCMNodeManager.java:register(268)) - Registered Data node : b3b39523-19fd-47b3-8de5-13395c27e2ba{ip: 172.17.0.2, host: e6a1a4110770, networkLocation: /default-rack, certSerialId: null}
2020-05-18 03:07:50,330 [EventQueue-NodeRegistrationContainerReportForContainerSafeModeRule] INFO  safemode.SCMSafeModeManager (SCMSafeModeManager.java:validateSafeModeExitRules(213)) - ContainerSafeModeRule rule is successfully validated
2020-05-18 03:07:50,330 [EventQueue-NodeRegistrationContainerReportForDataNodeSafeModeRule] INFO  safemode.SCMSafeModeManager (SCMSafeModeManager.java:validateSafeModeExitRules(213)) - DataNodeSafeModeRule rule is successfully validated
2020-05-18 03:07:50,330 [RatisPipelineUtilsThread] INFO  pipeline.RatisPipelineProvider (RatisPipelineProvider.java:lambda$create$0(138)) - Sending CreatePipelineCommand for pipeline:PipelineID=7bb5c54d-bdf1-429e-8d93-041f7ff9229f to datanode:b3b39523-19fd-47b3-8de5-13395c27e2ba
2020-05-18 03:07:50,331 [RatisPipelineUtilsThread] INFO  pipeline.PipelineStateManager (PipelineStateManager.java:addPipeline(54)) - Created pipeline Pipeline[ Id: 7bb5c54d-bdf1-429e-8d93-041f7ff9229f, Nodes: b3b39523-19fd-47b3-8de5-13395c27e2ba{ip: 172.17.0.2, host: e6a1a4110770, networkLocation: /default-rack, certSerialId: null}, Type:RATIS, Factor:ONE, State:ALLOCATED, leaderId:null, CreationTimestamp2020-05-18T03:07:50.330Z]
2020-05-18 03:07:50,331 [RatisPipelineUtilsThread] ERROR pipeline.SCMPipelineManager (SCMPipelineManager.java:createPipeline(222)) - Failed to create pipeline of type RATIS and factor ONE. Exception: Cannot create pipeline of factor 1 using 0 nodes. Used 8 nodes. Healthy nodes 8
2020-05-18 03:07:50,331 [RatisPipelineUtilsThread] ERROR pipeline.SCMPipelineManager (SCMPipelineManager.java:createPipeline(222)) - Failed to create pipeline of type RATIS and factor THREE. Exception: Pipeline creation failed because nodes are engaged in other pipelines and every node can only be engaged in max 2 pipelines. Required 3. Found 2
2020-05-18 03:07:50,421 [IPC Server handler 0 on default port 43479] INFO  net.NetworkTopology (NetworkTopologyImpl.java:add(111)) - Added a new node: /default-rack/0dd71c3f-fb6d-4793-9543-61a077f69edf
2020-05-18 03:07:50,421 [IPC Server handler 0 on default port 43479] INFO  node.SCMNodeManager (SCMNodeManager.java:register(268)) - Registered Data node : 0dd71c3f-fb6d-4793-9543-61a077f69edf{ip: 172.17.0.2, host: e6a1a4110770, networkLocation: /default-rack, certSerialId: null}
2020-05-18 03:07:50,421 [RatisPipelineUtilsThread] INFO  pipeline.RatisPipelineProvider (RatisPipelineProvider.java:lambda$create$0(138)) - Sending CreatePipelineCommand for pipeline:PipelineID=36b632ce-e6bf-42df-bc55-5754ae5acd40 to datanode:0dd71c3f-fb6d-4793-9543-61a077f69edf
2020-05-18 03:07:50,421 [EventQueue-NodeRegistrationContainerReportForContainerSafeModeRule] INFO  safemode.SCMSafeModeManager (SCMSafeModeManager.java:validateSafeModeExitRules(213)) - ContainerSafeModeRule rule is successfully validated
2020-05-18 03:07:50,421 [EventQueue-NodeRegistrationContainerReportForDataNodeSafeModeRule] INFO  safemode.SCMSafeModeManager (SCMSafeModeManager.java:validateSafeModeExitRules(213)) - DataNodeSafeModeRule rule is successfully validated
2020-05-18 03:07:50,422 [RatisPipelineUtilsThread] INFO  pipeline.PipelineStateManager (PipelineStateManager.java:addPipeline(54)) - Created pipeline Pipeline[ Id: 36b632ce-e6bf-42df-bc55-5754ae5acd40, Nodes: 0dd71c3f-fb6d-4793-9543-61a077f69edf{ip: 172.17.0.2, host: e6a1a4110770, networkLocation: /default-rack, certSerialId: null}, Type:RATIS, Factor:ONE, State:ALLOCATED, leaderId:null, CreationTimestamp2020-05-18T03:07:50.421Z]
2020-05-18 03:07:50,424 [RatisPipelineUtilsThread] ERROR pipeline.SCMPipelineManager (SCMPipelineManager.java:createPipeline(222)) - Failed to create pipeline of type RATIS and factor ONE. Exception: Cannot create pipeline of factor 1 using 0 nodes. Used 9 nodes. Healthy nodes 9
2020-05-18 03:07:50,424 [RatisPipelineUtilsThread] INFO  pipeline.RatisPipelineProvider (RatisPipelineProvider.java:lambda$create$0(138)) - Sending CreatePipelineCommand for pipeline:PipelineID=592d826d-28fd-469f-9ddb-4bd15a92d6b5 to datanode:9cf338a1-6343-46cc-9d3e-d929198416a4
2020-05-18 03:07:50,424 [RatisPipelineUtilsThread] INFO  pipeline.RatisPipelineProvider (RatisPipelineProvider.java:lambda$create$0(138)) - Sending CreatePipelineCommand for pipeline:PipelineID=592d826d-28fd-469f-9ddb-4bd15a92d6b5 to datanode:0dd71c3f-fb6d-4793-9543-61a077f69edf
2020-05-18 03:07:50,424 [RatisPipelineUtilsThread] INFO  pipeline.RatisPipelineProvider (RatisPipelineProvider.java:lambda$create$0(138)) - Sending CreatePipelineCommand for pipeline:PipelineID=592d826d-28fd-469f-9ddb-4bd15a92d6b5 to datanode:b3b39523-19fd-47b3-8de5-13395c27e2ba
2020-05-18 03:07:50,425 [RatisPipelineUtilsThread] INFO  pipeline.PipelineStateManager (PipelineStateManager.java:addPipeline(54)) - Created pipeline Pipeline[ Id: 592d826d-28fd-469f-9ddb-4bd15a92d6b5, Nodes: 9cf338a1-6343-46cc-9d3e-d929198416a4{ip: 172.17.0.2, host: e6a1a4110770, networkLocation: /default-rack, certSerialId: null}0dd71c3f-fb6d-4793-9543-61a077f69edf{ip: 172.17.0.2, host: e6a1a4110770, networkLocation: /default-rack, certSerialId: null}b3b39523-19fd-47b3-8de5-13395c27e2ba{ip: 172.17.0.2, host: e6a1a4110770, networkLocation: /default-rack, certSerialId: null}, Type:RATIS, Factor:THREE, State:ALLOCATED, leaderId:null, CreationTimestamp2020-05-18T03:07:50.424Z]
2020-05-18 03:07:50,425 [RatisPipelineUtilsThread] ERROR pipeline.SCMPipelineManager (SCMPipelineManager.java:createPipeline(222)) - Failed to create pipeline of type RATIS and factor THREE. Exception: Pipeline creation failed because nodes are engaged in other pipelines and every node can only be engaged in max 2 pipelines. Required 3. Found 0
2020-05-18 03:07:50,486 [Listener at 127.0.0.1/34573] INFO  ozone.MiniOzoneClusterImpl (MiniOzoneClusterImpl.java:lambda$waitForClusterToBeReady$0(177)) - Waiting for nodes to be ready. Got 9 of 10 DN Heartbeats.
2020-05-18 03:07:50,486 [Listener at 127.0.0.1/34573] INFO  ozone.MiniOzoneClusterImpl (MiniOzoneClusterImpl.java:lambda$waitForClusterToBeReady$0(180)) - Waiting for cluster to exit safe mode
2020-05-18 03:07:50,491 [IPC Server handler 2 on default port 43479] INFO  net.NetworkTopology (NetworkTopologyImpl.java:add(111)) - Added a new node: /default-rack/a70f16ba-8984-46f7-b3b4-4f3ee14adaae
2020-05-18 03:07:50,492 [IPC Server handler 2 on default port 43479] INFO  node.SCMNodeManager (SCMNodeManager.java:register(268)) - Registered Data node : a70f16ba-8984-46f7-b3b4-4f3ee14adaae{ip: 172.17.0.2, host: e6a1a4110770, networkLocation: /default-rack, certSerialId: null}
2020-05-18 03:07:50,492 [EventQueue-NodeRegistrationContainerReportForContainerSafeModeRule] INFO  safemode.SCMSafeModeManager (SCMSafeModeManager.java:validateSafeModeExitRules(213)) - ContainerSafeModeRule rule is successfully validated
2020-05-18 03:07:50,492 [EventQueue-NodeRegistrationContainerReportForDataNodeSafeModeRule] INFO  safemode.SCMSafeModeManager (SCMSafeModeManager.java:validateSafeModeExitRules(213)) - DataNodeSafeModeRule rule is successfully validated
2020-05-18 03:07:50,494 [RatisPipelineUtilsThread] INFO  pipeline.RatisPipelineProvider (RatisPipelineProvider.java:lambda$create$0(138)) - Sending CreatePipelineCommand for pipeline:PipelineID=dc8b9007-24cc-4e77-8d54-9df29e848dd6 to datanode:a70f16ba-8984-46f7-b3b4-4f3ee14adaae
2020-05-18 03:07:50,494 [RatisPipelineUtilsThread] INFO  pipeline.PipelineStateManager (PipelineStateManager.java:addPipeline(54)) - Created pipeline Pipeline[ Id: dc8b9007-24cc-4e77-8d54-9df29e848dd6, Nodes: a70f16ba-8984-46f7-b3b4-4f3ee14adaae{ip: 172.17.0.2, host: e6a1a4110770, networkLocation: /default-rack, certSerialId: null}, Type:RATIS, Factor:ONE, State:ALLOCATED, leaderId:null, CreationTimestamp2020-05-18T03:07:50.494Z]
2020-05-18 03:07:50,495 [RatisPipelineUtilsThread] ERROR pipeline.SCMPipelineManager (SCMPipelineManager.java:createPipeline(222)) - Failed to create pipeline of type RATIS and factor ONE. Exception: Cannot create pipeline of factor 1 using 0 nodes. Used 10 nodes. Healthy nodes 10
2020-05-18 03:07:50,495 [RatisPipelineUtilsThread] ERROR pipeline.SCMPipelineManager (SCMPipelineManager.java:createPipeline(222)) - Failed to create pipeline of type RATIS and factor THREE. Exception: Pipeline creation failed because nodes are engaged in other pipelines and every node can only be engaged in max 2 pipelines. Required 3. Found 1
2020-05-18 03:07:51,487 [Listener at 127.0.0.1/34573] INFO  ozone.MiniOzoneClusterImpl (MiniOzoneClusterImpl.java:lambda$waitForClusterToBeReady$0(177)) - Nodes are ready. Got 10 of 10 DN Heartbeats.
2020-05-18 03:07:51,487 [Listener at 127.0.0.1/34573] INFO  ozone.MiniOzoneClusterImpl (MiniOzoneClusterImpl.java:lambda$waitForClusterToBeReady$0(180)) - Waiting for cluster to exit safe mode
2020-05-18 03:07:52,487 [Listener at 127.0.0.1/34573] INFO  ozone.MiniOzoneClusterImpl (MiniOzoneClusterImpl.java:lambda$waitForClusterToBeReady$0(177)) - Nodes are ready. Got 10 of 10 DN Heartbeats.
2020-05-18 03:07:52,488 [Listener at 127.0.0.1/34573] INFO  ozone.MiniOzoneClusterImpl (MiniOzoneClusterImpl.java:lambda$waitForClusterToBeReady$0(180)) - Waiting for cluster to exit safe mode
2020-05-18 03:07:52,584 [Command processor thread] INFO  impl.RaftServerProxy (RaftServerProxy.java:addNew(89)) - 006e673b-7da9-4e17-8ccf-c494a3628f18: addNew group-D350F2D44DD7:[006e673b-7da9-4e17-8ccf-c494a3628f18:172.17.0.2:46225] returns group-D350F2D44DD7:java.util.concurrent.CompletableFuture@4bb96e4d[Not completed]
2020-05-18 03:07:52,615 [pool-35-thread-1] INFO  impl.RaftServerImpl (RaftServerImpl.java:<init>(98)) - 006e673b-7da9-4e17-8ccf-c494a3628f18: new RaftServerImpl for group-D350F2D44DD7:[006e673b-7da9-4e17-8ccf-c494a3628f18:172.17.0.2:46225] with ContainerStateMachine:uninitialized
2020-05-18 03:07:52,617 [pool-35-thread-1] INFO  server.RaftServerConfigKeys (ConfUtils.java:logGet(44)) - raft.server.rpc.timeout.min = 5s (custom)
2020-05-18 03:07:52,618 [pool-35-thread-1] INFO  server.RaftServerConfigKeys (ConfUtils.java:logGet(44)) - raft.server.rpc.timeout.max = 5200ms (custom)
2020-05-18 03:07:52,618 [pool-35-thread-1] INFO  server.RaftServerConfigKeys (ConfUtils.java:logGet(44)) - raft.server.rpcslowness.timeout = 300s (custom)
2020-05-18 03:07:52,618 [pool-35-thread-1] INFO  server.RaftServerConfigKeys (ConfUtils.java:logGet(44)) - raft.server.sleep.deviation.threshold = 300 (default)
2020-05-18 03:07:52,619 [pool-35-thread-1] INFO  server.RaftServerConfigKeys (ConfUtils.java:logGet(44)) - raft.server.log.appender.install.snapshot.enabled = false (custom)
2020-05-18 03:07:52,628 [pool-35-thread-1] INFO  impl.RaftServerImpl (ServerState.java:<init>(103)) - 006e673b-7da9-4e17-8ccf-c494a3628f18@group-D350F2D44DD7: ConfigurationManager, init=-1: [006e673b-7da9-4e17-8ccf-c494a3628f18:172.17.0.2:46225], old=null, confs=<EMPTY_MAP>
2020-05-18 03:07:52,628 [pool-35-thread-1] INFO  server.RaftServerConfigKeys (ConfUtils.java:logGet(44)) - raft.server.storage.dir = [/github/workspace/mnt/ozone/hadoop-ozone/integration-test/target/test-dir/MiniOzoneClusterImpl-69c03e2e-129d-4290-ae39-1295d90fd6d6/datanode-0/data/ratis] (custom)
2020-05-18 03:07:52,633 [pool-35-thread-1] INFO  server.RaftServerConfigKeys (ConfUtils.java:logGet(44)) - raft.server.log.corruption.policy = EXCEPTION (default)
2020-05-18 03:07:52,634 [pool-35-thread-1] INFO  storage.RaftStorageDirectory (RaftStorageDirectory.java:analyzeStorage(261)) - The storage directory /github/workspace/mnt/ozone/hadoop-ozone/integration-test/target/test-dir/MiniOzoneClusterImpl-69c03e2e-129d-4290-ae39-1295d90fd6d6/datanode-0/data/ratis/624b0bb2-f865-488e-a324-d350f2d44dd7 does not exist. Creating ...
2020-05-18 03:07:52,639 [pool-35-thread-1] INFO  storage.RaftStorageDirectory (RaftStorageDirectory.java:tryLock(343)) - Lock on /github/workspace/mnt/ozone/hadoop-ozone/integration-test/target/test-dir/MiniOzoneClusterImpl-69c03e2e-129d-4290-ae39-1295d90fd6d6/datanode-0/data/ratis/624b0bb2-f865-488e-a324-d350f2d44dd7/in_use.lock acquired by nodename 6931@e6a1a4110770
2020-05-18 03:07:52,643 [pool-35-thread-1] INFO  storage.RaftStorage (RaftStorage.java:format(84)) - Storage directory /github/workspace/mnt/ozone/hadoop-ozone/integration-test/target/test-dir/MiniOzoneClusterImpl-69c03e2e-129d-4290-ae39-1295d90fd6d6/datanode-0/data/ratis/624b0bb2-f865-488e-a324-d350f2d44dd7 has been successfully formatted.
2020-05-18 03:07:52,647 [pool-35-thread-1] INFO  ratis.ContainerStateMachine (ContainerStateMachine.java:loadSnapshot(226)) - group-D350F2D44DD7: The snapshot info is null. Setting the last applied indexto:(t:0, i:~)
2020-05-18 03:07:52,651 [pool-35-thread-1] INFO  server.RaftServerConfigKeys (ConfUtils.java:logGet(44)) - raft.server.notification.no-leader.timeout = 60s (default)
2020-05-18 03:07:52,653 [pool-35-thread-1] INFO  server.RaftServerConfigKeys (ConfUtils.java:logGet(44)) - raft.server.log.use.memory = false (default)
2020-05-18 03:07:52,661 [EventQueue-PipelineReportForPipelineReportHandler] INFO  pipeline.PipelineStateManager (PipelineStateManager.java:openPipeline(131)) - Pipeline Pipeline[ Id: 624b0bb2-f865-488e-a324-d350f2d44dd7, Nodes: 006e673b-7da9-4e17-8ccf-c494a3628f18{ip: 172.17.0.2, host: e6a1a4110770, networkLocation: /default-rack, certSerialId: null}, Type:RATIS, Factor:ONE, State:ALLOCATED, leaderId:006e673b-7da9-4e17-8ccf-c494a3628f18, CreationTimestamp2020-05-18T03:07:49.590Z] moved to OPEN state
2020-05-18 03:07:52,667 [EventQueue-OpenPipelineForOneReplicaPipelineSafeModeRule] INFO  safemode.SCMSafeModeManager (SCMSafeModeManager.java:validateSafeModeExitRules(213)) - AtleastOneDatanodeReportedRule rule is successfully validated
2020-05-18 03:07:52,670 [pool-35-thread-1] INFO  server.RaftServerConfigKeys (ConfUtils.java:logGet(44)) - raft.server.log.purge.gap = 1000000 (custom)
2020-05-18 03:07:52,670 [pool-35-thread-1] INFO  server.RaftServerConfigKeys (ConfUtils.java:logGet(44)) - raft.server.log.appender.buffer.byte-limit = 33554432 (custom)
2020-05-18 03:07:52,674 [pool-35-thread-1] INFO  server.RaftServerConfigKeys (ConfUtils.java:logGet(44)) - raft.server.log.segment.size.max = 1048576 (custom)
2020-05-18 03:07:52,674 [EventQueue-OpenPipelineForHealthyPipelineSafeModeRule] INFO  safemode.SCMSafeModeManager (HealthyPipelineSafeModeRule.java:process(132)) - SCM in safe mode. Healthy pipelines reported count is 0, required healthy pipeline reported count is 1
2020-05-18 03:07:52,679 [pool-35-thread-1] INFO  metrics.RatisMetrics (RatisMetrics.java:lambda$create$0(39)) - Creating Metrics Registry : ratis.log_worker.006e673b-7da9-4e17-8ccf-c494a3628f18
2020-05-18 03:07:52,694 [pool-35-thread-1] INFO  server.RaftServerConfigKeys (ConfUtils.java:logGet(44)) - raft.server.log.segment.cache.num.max = 2 (custom)
2020-05-18 03:07:52,708 [pool-35-thread-1] INFO  segmented.SegmentedRaftLogWorker (SegmentedRaftLogWorker.java:<init>(176)) - new 006e673b-7da9-4e17-8ccf-c494a3628f18@group-D350F2D44DD7-SegmentedRaftLogWorker for RaftStorage:Storage Directory /github/workspace/mnt/ozone/hadoop-ozone/integration-test/target/test-dir/MiniOzoneClusterImpl-69c03e2e-129d-4290-ae39-1295d90fd6d6/datanode-0/data/ratis/624b0bb2-f865-488e-a324-d350f2d44dd7
2020-05-18 03:07:52,708 [pool-35-thread-1] INFO  server.RaftServerConfigKeys (ConfUtils.java:logGet(44)) - raft.server.log.queue.byte-limit = 2147483647 (custom)
2020-05-18 03:07:52,708 [pool-35-thread-1] INFO  server.RaftServerConfigKeys (ConfUtils.java:logGet(44)) - raft.server.log.queue.element-limit = 1024 (custom)
2020-05-18 03:07:52,710 [pool-35-thread-1] INFO  server.RaftServerConfigKeys (ConfUtils.java:logGet(44)) - raft.server.log.segment.size.max = 1048576 (custom)
2020-05-18 03:07:52,710 [pool-35-thread-1] INFO  server.RaftServerConfigKeys (ConfUtils.java:logGet(44)) - raft.server.log.preallocated.size = 16384 (custom)
2020-05-18 03:07:52,710 [pool-35-thread-1] INFO  server.RaftServerConfigKeys (ConfUtils.java:logGet(44)) - raft.server.log.write.buffer.size = 1048576 (custom)
2020-05-18 03:07:52,724 [pool-35-thread-1] INFO  server.RaftServerConfigKeys (ConfUtils.java:logGet(44)) - raft.server.log.force.sync.num = 128 (default)
2020-05-18 03:07:52,726 [pool-35-thread-1] INFO  server.RaftServerConfigKeys (ConfUtils.java:logGet(44)) - raft.server.log.statemachine.data.sync = true (default)
2020-05-18 03:07:52,726 [pool-35-thread-1] INFO  server.RaftServerConfigKeys (ConfUtils.java:logGet(44)) - raft.server.log.statemachine.data.sync.timeout = 10s (default)
2020-05-18 03:07:52,727 [pool-35-thread-1] INFO  server.RaftServerConfigKeys (ConfUtils.java:logGet(44)) - raft.server.log.statemachine.data.sync.timeout.retry = -1 (default)
2020-05-18 03:07:52,731 [Command processor thread] INFO  impl.RaftServerProxy (RaftServerProxy.java:addNew(89)) - 0a5b46e7-bf6e-4f0d-ad76-5a5d3a2876a0: addNew group-496E89B144F8:[0a5b46e7-bf6e-4f0d-ad76-5a5d3a2876a0:172.17.0.2:33145] returns group-496E89B144F8:java.util.concurrent.CompletableFuture@24add4a2[Not completed]
2020-05-18 03:07:52,740 [pool-51-thread-1] INFO  impl.RaftServerImpl (RaftServerImpl.java:<init>(98)) - 0a5b46e7-bf6e-4f0d-ad76-5a5d3a2876a0: new RaftServerImpl for group-496E89B144F8:[0a5b46e7-bf6e-4f0d-ad76-5a5d3a2876a0:172.17.0.2:33145] with ContainerStateMachine:uninitialized
2020-05-18 03:07:52,742 [pool-51-thread-1] INFO  server.RaftServerConfigKeys (ConfUtils.java:logGet(44)) - raft.server.rpc.timeout.min = 5s (custom)
2020-05-18 03:07:52,742 [pool-51-thread-1] INFO  server.RaftServerConfigKeys (ConfUtils.java:logGet(44)) - raft.server.rpc.timeout.max = 5200ms (custom)
2020-05-18 03:07:52,742 [pool-51-thread-1] INFO  server.RaftServerConfigKeys (ConfUtils.java:logGet(44)) - raft.server.rpcslowness.timeout = 300s (custom)
2020-05-18 03:07:52,742 [pool-51-thread-1] INFO  server.RaftServerConfigKeys (ConfUtils.java:logGet(44)) - raft.server.sleep.deviation.threshold = 300 (default)
2020-05-18 03:07:52,742 [pool-51-thread-1] INFO  server.RaftServerConfigKeys (ConfUtils.java:logGet(44)) - raft.server.log.appender.install.snapshot.enabled = false (custom)
2020-05-18 03:07:52,742 [pool-51-thread-1] INFO  impl.RaftServerImpl (ServerState.java:<init>(103)) - 0a5b46e7-bf6e-4f0d-ad76-5a5d3a2876a0@group-496E89B144F8: ConfigurationManager, init=-1: [0a5b46e7-bf6e-4f0d-ad76-5a5d3a2876a0:172.17.0.2:33145], old=null, confs=<EMPTY_MAP>
2020-05-18 03:07:52,742 [pool-51-thread-1] INFO  server.RaftServerConfigKeys (ConfUtils.java:logGet(44)) - raft.server.storage.dir = [/github/workspace/mnt/ozone/hadoop-ozone/integration-test/target/test-dir/MiniOzoneClusterImpl-69c03e2e-129d-4290-ae39-1295d90fd6d6/datanode-1/data/ratis] (custom)
2020-05-18 03:07:52,742 [pool-51-thread-1] INFO  server.RaftServerConfigKeys (ConfUtils.java:logGet(44)) - raft.server.log.corruption.policy = EXCEPTION (default)
2020-05-18 03:07:52,744 [pool-51-thread-1] INFO  storage.RaftStorageDirectory (RaftStorageDirectory.java:analyzeStorage(261)) - The storage directory /github/workspace/mnt/ozone/hadoop-ozone/integration-test/target/test-dir/MiniOzoneClusterImpl-69c03e2e-129d-4290-ae39-1295d90fd6d6/datanode-1/data/ratis/e12a51fa-603e-4fb3-8ea4-496e89b144f8 does not exist. Creating ...
2020-05-18 03:07:52,749 [pool-51-thread-1] INFO  storage.RaftStorageDirectory (RaftStorageDirectory.java:tryLock(343)) - Lock on /github/workspace/mnt/ozone/hadoop-ozone/integration-test/target/test-dir/MiniOzoneClusterImpl-69c03e2e-129d-4290-ae39-1295d90fd6d6/datanode-1/data/ratis/e12a51fa-603e-4fb3-8ea4-496e89b144f8/in_use.lock acquired by nodename 6931@e6a1a4110770
2020-05-18 03:07:52,752 [pool-51-thread-1] INFO  storage.RaftStorage (RaftStorage.java:format(84)) - Storage directory /github/workspace/mnt/ozone/hadoop-ozone/integration-test/target/test-dir/MiniOzoneClusterImpl-69c03e2e-129d-4290-ae39-1295d90fd6d6/datanode-1/data/ratis/e12a51fa-603e-4fb3-8ea4-496e89b144f8 has been successfully formatted.
2020-05-18 03:07:52,753 [pool-51-thread-1] INFO  ratis.ContainerStateMachine (ContainerStateMachine.java:loadSnapshot(226)) - group-496E89B144F8: The snapshot info is null. Setting the last applied indexto:(t:0, i:~)
2020-05-18 03:07:52,755 [pool-51-thread-1] INFO  server.RaftServerConfigKeys (ConfUtils.java:logGet(44)) - raft.server.notification.no-leader.timeout = 60s (default)
2020-05-18 03:07:52,755 [pool-51-thread-1] INFO  server.RaftServerConfigKeys (ConfUtils.java:logGet(44)) - raft.server.log.use.memory = false (default)
2020-05-18 03:07:52,755 [pool-51-thread-1] INFO  server.RaftServerConfigKeys (ConfUtils.java:logGet(44)) - raft.server.log.purge.gap = 1000000 (custom)
2020-05-18 03:07:52,755 [pool-51-thread-1] INFO  server.RaftServerConfigKeys (ConfUtils.java:logGet(44)) - raft.server.log.appender.buffer.byte-limit = 33554432 (custom)
2020-05-18 03:07:52,755 [pool-51-thread-1] INFO  server.RaftServerConfigKeys (ConfUtils.java:logGet(44)) - raft.server.log.segment.size.max = 1048576 (custom)
2020-05-18 03:07:52,756 [EventQueue-PipelineReportForPipelineReportHandler] INFO  pipeline.PipelineStateManager (PipelineStateManager.java:openPipeline(131)) - Pipeline Pipeline[ Id: e12a51fa-603e-4fb3-8ea4-496e89b144f8, Nodes: 0a5b46e7-bf6e-4f0d-ad76-5a5d3a2876a0{ip: 172.17.0.2, host: e6a1a4110770, networkLocation: /default-rack, certSerialId: null}, Type:RATIS, Factor:ONE, State:ALLOCATED, leaderId:0a5b46e7-bf6e-4f0d-ad76-5a5d3a2876a0, CreationTimestamp2020-05-18T03:07:49.713Z] moved to OPEN state
2020-05-18 03:07:52,755 [pool-51-thread-1] INFO  metrics.RatisMetrics (RatisMetrics.java:lambda$create$0(39)) - Creating Metrics Registry : ratis.log_worker.0a5b46e7-bf6e-4f0d-ad76-5a5d3a2876a0
2020-05-18 03:07:52,757 [EventQueue-OpenPipelineForHealthyPipelineSafeModeRule] INFO  safemode.SCMSafeModeManager (HealthyPipelineSafeModeRule.java:process(132)) - SCM in safe mode. Healthy pipelines reported count is 0, required healthy pipeline reported count is 1
2020-05-18 03:07:52,756 [EventQueue-OpenPipelineForOneReplicaPipelineSafeModeRule] INFO  safemode.SCMSafeModeManager (SCMSafeModeManager.java:validateSafeModeExitRules(213)) - AtleastOneDatanodeReportedRule rule is successfully validated
2020-05-18 03:07:52,760 [pool-51-thread-1] INFO  server.RaftServerConfigKeys (ConfUtils.java:logGet(44)) - raft.server.log.segment.cache.num.max = 2 (custom)
2020-05-18 03:07:52,760 [pool-51-thread-1] INFO  segmented.SegmentedRaftLogWorker (SegmentedRaftLogWorker.java:<init>(176)) - new 0a5b46e7-bf6e-4f0d-ad76-5a5d3a2876a0@group-496E89B144F8-SegmentedRaftLogWorker for RaftStorage:Storage Directory /github/workspace/mnt/ozone/hadoop-ozone/integration-test/target/test-dir/MiniOzoneClusterImpl-69c03e2e-129d-4290-ae39-1295d90fd6d6/datanode-1/data/ratis/e12a51fa-603e-4fb3-8ea4-496e89b144f8
2020-05-18 03:07:52,763 [pool-51-thread-1] INFO  server.RaftServerConfigKeys (ConfUtils.java:logGet(44)) - raft.server.log.queue.byte-limit = 2147483647 (custom)
2020-05-18 03:07:52,763 [pool-51-thread-1] INFO  server.RaftServerConfigKeys (ConfUtils.java:logGet(44)) - raft.server.log.queue.element-limit = 1024 (custom)
2020-05-18 03:07:52,763 [pool-51-thread-1] INFO  server.RaftServerConfigKeys (ConfUtils.java:logGet(44)) - raft.server.log.segment.size.max = 1048576 (custom)
2020-05-18 03:07:52,764 [pool-51-thread-1] INFO  server.RaftServerConfigKeys (ConfUtils.java:logGet(44)) - raft.server.log.preallocated.size = 16384 (custom)
2020-05-18 03:07:52,764 [pool-51-thread-1] INFO  server.RaftServerConfigKeys (ConfUtils.java:logGet(44)) - raft.server.log.write.buffer.size = 1048576 (custom)
2020-05-18 03:07:52,764 [pool-51-thread-1] INFO  server.RaftServerConfigKeys (ConfUtils.java:logGet(44)) - raft.server.log.force.sync.num = 128 (default)
2020-05-18 03:07:52,764 [pool-51-thread-1] INFO  server.RaftServerConfigKeys (ConfUtils.java:logGet(44)) - raft.server.log.statemachine.data.sync = true (default)
2020-05-18 03:07:52,764 [pool-51-thread-1] INFO  server.RaftServerConfigKeys (ConfUtils.java:logGet(44)) - raft.server.log.statemachine.data.sync.timeout = 10s (default)
2020-05-18 03:07:52,764 [pool-51-thread-1] INFO  server.RaftServerConfigKeys (ConfUtils.java:logGet(44)) - raft.server.log.statemachine.data.sync.timeout.retry = -1 (default)
2020-05-18 03:07:52,768 [pool-51-thread-1] INFO  server.RaftServerConfigKeys (ConfUtils.java:logGet(44)) - raft.server.log.statemachine.data.caching.enabled = true (custom)
2020-05-18 03:07:52,771 [pool-35-thread-1] INFO  server.RaftServerConfigKeys (ConfUtils.java:logGet(44)) - raft.server.log.statemachine.data.caching.enabled = true (custom)
2020-05-18 03:07:52,777 [pool-51-thread-1] INFO  segmented.SegmentedRaftLogWorker (SegmentedRaftLogWorker.java:lambda$new$0(129)) - 0a5b46e7-bf6e-4f0d-ad76-5a5d3a2876a0@group-496E89B144F8-SegmentedRaftLogWorker: flushIndex: setUnconditionally 0 -> -1
2020-05-18 03:07:52,777 [pool-35-thread-1] INFO  segmented.SegmentedRaftLogWorker (SegmentedRaftLogWorker.java:lambda$new$0(129)) - 006e673b-7da9-4e17-8ccf-c494a3628f18@group-D350F2D44DD7-SegmentedRaftLogWorker: flushIndex: setUnconditionally 0 -> -1
2020-05-18 03:07:52,781 [pool-51-thread-1] INFO  server.RaftServerConfigKeys (ConfUtils.java:logGet(44)) - raft.server.snapshot.auto.trigger.enabled = true (custom)
2020-05-18 03:07:52,782 [pool-51-thread-1] INFO  server.RaftServerConfigKeys (ConfUtils.java:logGet(44)) - raft.server.snapshot.auto.trigger.threshold = 10000 (custom)
2020-05-18 03:07:52,782 [pool-51-thread-1] INFO  server.RaftServerConfigKeys (ConfUtils.java:logGet(44)) - raft.server.snapshot.retention.file.num = 5 (custom)
2020-05-18 03:07:52,783 [pool-51-thread-1] INFO  server.RaftServerConfigKeys (ConfUtils.java:logGet(44)) - raft.server.log.purge.upto.snapshot.index = false (default)
2020-05-18 03:07:52,783 [pool-35-thread-1] INFO  server.RaftServerConfigKeys (ConfUtils.java:logGet(44)) - raft.server.snapshot.auto.trigger.enabled = true (custom)
2020-05-18 03:07:52,783 [pool-35-thread-1] INFO  server.RaftServerConfigKeys (ConfUtils.java:logGet(44)) - raft.server.snapshot.auto.trigger.threshold = 10000 (custom)
2020-05-18 03:07:52,783 [pool-35-thread-1] INFO  server.RaftServerConfigKeys (ConfUtils.java:logGet(44)) - raft.server.snapshot.retention.file.num = 5 (custom)
2020-05-18 03:07:52,783 [pool-35-thread-1] INFO  server.RaftServerConfigKeys (ConfUtils.java:logGet(44)) - raft.server.log.purge.upto.snapshot.index = false (default)
2020-05-18 03:07:52,784 [pool-35-thread-1] INFO  server.RaftServerConfigKeys (ConfUtils.java:logGet(44)) - raft.server.retrycache.expirytime = 600000ms (custom)
2020-05-18 03:07:52,788 [pool-51-thread-1] INFO  server.RaftServerConfigKeys (ConfUtils.java:logGet(44)) - raft.server.retrycache.expirytime = 600000ms (custom)
2020-05-18 03:07:52,818 [pool-35-thread-1] INFO  metrics.RatisMetrics (RatisMetrics.java:lambda$create$0(39)) - Creating Metrics Registry : ratis.leader_election.006e673b-7da9-4e17-8ccf-c494a3628f18@group-D350F2D44DD7
2020-05-18 03:07:52,818 [pool-51-thread-1] INFO  metrics.RatisMetrics (RatisMetrics.java:lambda$create$0(39)) - Creating Metrics Registry : ratis.leader_election.0a5b46e7-bf6e-4f0d-ad76-5a5d3a2876a0@group-496E89B144F8
2020-05-18 03:07:52,821 [pool-35-thread-1] INFO  metrics.RatisMetrics (RatisMetrics.java:lambda$create$0(39)) - Creating Metrics Registry : ratis.server.006e673b-7da9-4e17-8ccf-c494a3628f18@group-D350F2D44DD7
2020-05-18 03:07:52,823 [pool-51-thread-1] INFO  metrics.RatisMetrics (RatisMetrics.java:lambda$create$0(39)) - Creating Metrics Registry : ratis.server.0a5b46e7-bf6e-4f0d-ad76-5a5d3a2876a0@group-496E89B144F8
2020-05-18 03:07:52,830 [pool-51-thread-1] INFO  impl.RaftServerImpl (RaftServerImpl.java:start(184)) - 0a5b46e7-bf6e-4f0d-ad76-5a5d3a2876a0@group-496E89B144F8: start as a follower, conf=-1: [0a5b46e7-bf6e-4f0d-ad76-5a5d3a2876a0:172.17.0.2:33145], old=null
2020-05-18 03:07:52,831 [pool-51-thread-1] INFO  impl.RaftServerImpl (RaftServerImpl.java:setRole(173)) - 0a5b46e7-bf6e-4f0d-ad76-5a5d3a2876a0@group-496E89B144F8: changes role from      null to FOLLOWER at term 0 for startAsFollower
2020-05-18 03:07:52,833 [pool-51-thread-1] INFO  impl.RoleInfo (RoleInfo.java:updateAndGet(143)) - 0a5b46e7-bf6e-4f0d-ad76-5a5d3a2876a0: start FollowerState
2020-05-18 03:07:52,834 [pool-35-thread-1] INFO  impl.RaftServerImpl (RaftServerImpl.java:start(184)) - 006e673b-7da9-4e17-8ccf-c494a3628f18@group-D350F2D44DD7: start as a follower, conf=-1: [006e673b-7da9-4e17-8ccf-c494a3628f18:172.17.0.2:46225], old=null
2020-05-18 03:07:52,834 [pool-35-thread-1] INFO  impl.RaftServerImpl (RaftServerImpl.java:setRole(173)) - 006e673b-7da9-4e17-8ccf-c494a3628f18@group-D350F2D44DD7: changes role from      null to FOLLOWER at term 0 for startAsFollower
2020-05-18 03:07:52,844 [pool-51-thread-1] INFO  util.JmxRegister (JmxRegister.java:tryRegister(44)) - Successfully registered JMX Bean with object name Ratis:service=RaftServer,group=group-496E89B144F8,id=0a5b46e7-bf6e-4f0d-ad76-5a5d3a2876a0
2020-05-18 03:07:52,845 [pool-51-thread-1] INFO  metrics.RatisMetrics (RatisMetrics.java:lambda$create$0(39)) - Creating Metrics Registry : ratis.state_machine.0a5b46e7-bf6e-4f0d-ad76-5a5d3a2876a0@group-496E89B144F8
2020-05-18 03:07:52,835 [pool-35-thread-1] INFO  impl.RoleInfo (RoleInfo.java:updateAndGet(143)) - 006e673b-7da9-4e17-8ccf-c494a3628f18: start FollowerState
2020-05-18 03:07:52,847 [pool-35-thread-1] INFO  util.JmxRegister (JmxRegister.java:tryRegister(44)) - Successfully registered JMX Bean with object name Ratis:service=RaftServer,group=group-D350F2D44DD7,id=006e673b-7da9-4e17-8ccf-c494a3628f18
2020-05-18 03:07:52,848 [pool-35-thread-1] INFO  metrics.RatisMetrics (RatisMetrics.java:lambda$create$0(39)) - Creating Metrics Registry : ratis.state_machine.006e673b-7da9-4e17-8ccf-c494a3628f18@group-D350F2D44DD7
2020-05-18 03:07:52,861 [Command processor thread] INFO  commandhandler.CreatePipelineCommandHandler (CreatePipelineCommandHandler.java:handle(109)) - Created Pipeline RATIS ONE #id: "624b0bb2-f865-488e-a324-d350f2d44dd7"
.
2020-05-18 03:07:52,862 [Command processor thread] INFO  impl.RaftServerProxy (RaftServerProxy.java:addNew(89)) - 006e673b-7da9-4e17-8ccf-c494a3628f18: addNew group-C38E4B309A7A:[0a5b46e7-bf6e-4f0d-ad76-5a5d3a2876a0:172.17.0.2:33145, b81fc208-e0a0-4370-b6cf-4dc02a2f1cdf:172.17.0.2:37653, 006e673b-7da9-4e17-8ccf-c494a3628f18:172.17.0.2:46225] returns group-C38E4B309A7A:java.util.concurrent.CompletableFuture@42e1d03d[Not completed]
2020-05-18 03:07:52,862 [Command processor thread] INFO  commandhandler.CreatePipelineCommandHandler (CreatePipelineCommandHandler.java:handle(109)) - Created Pipeline RATIS ONE #id: "e12a51fa-603e-4fb3-8ea4-496e89b144f8"
.
2020-05-18 03:07:52,863 [Command processor thread] INFO  impl.RaftServerProxy (RaftServerProxy.java:addNew(89)) - 0a5b46e7-bf6e-4f0d-ad76-5a5d3a2876a0: addNew group-C38E4B309A7A:[0a5b46e7-bf6e-4f0d-ad76-5a5d3a2876a0:172.17.0.2:33145, b81fc208-e0a0-4370-b6cf-4dc02a2f1cdf:172.17.0.2:37653, 006e673b-7da9-4e17-8ccf-c494a3628f18:172.17.0.2:46225] returns group-C38E4B309A7A:java.util.concurrent.CompletableFuture@1efd0363[Not completed]
2020-05-18 03:07:52,872 [pool-51-thread-1] INFO  impl.RaftServerImpl (RaftServerImpl.java:<init>(98)) - 0a5b46e7-bf6e-4f0d-ad76-5a5d3a2876a0: new RaftServerImpl for group-C38E4B309A7A:[0a5b46e7-bf6e-4f0d-ad76-5a5d3a2876a0:172.17.0.2:33145, b81fc208-e0a0-4370-b6cf-4dc02a2f1cdf:172.17.0.2:37653, 006e673b-7da9-4e17-8ccf-c494a3628f18:172.17.0.2:46225] with ContainerStateMachine:uninitialized
2020-05-18 03:07:52,873 [pool-51-thread-1] INFO  server.RaftServerConfigKeys (ConfUtils.java:logGet(44)) - raft.server.rpc.timeout.min = 5s (custom)
2020-05-18 03:07:52,873 [pool-51-thread-1] INFO  server.RaftServerConfigKeys (ConfUtils.java:logGet(44)) - raft.server.rpc.timeout.max = 5200ms (custom)
2020-05-18 03:07:52,873 [pool-51-thread-1] INFO  server.RaftServerConfigKeys (ConfUtils.java:logGet(44)) - raft.server.rpcslowness.timeout = 300s (custom)
2020-05-18 03:07:52,873 [pool-51-thread-1] INFO  server.RaftServerConfigKeys (ConfUtils.java:logGet(44)) - raft.server.sleep.deviation.threshold = 300 (default)
2020-05-18 03:07:52,873 [pool-51-thread-1] INFO  server.RaftServerConfigKeys (ConfUtils.java:logGet(44)) - raft.server.log.appender.install.snapshot.enabled = false (custom)
2020-05-18 03:07:52,873 [pool-51-thread-1] INFO  impl.RaftServerImpl (ServerState.java:<init>(103)) - 0a5b46e7-bf6e-4f0d-ad76-5a5d3a2876a0@group-C38E4B309A7A: ConfigurationManager, init=-1: [0a5b46e7-bf6e-4f0d-ad76-5a5d3a2876a0:172.17.0.2:33145, b81fc208-e0a0-4370-b6cf-4dc02a2f1cdf:172.17.0.2:37653, 006e673b-7da9-4e17-8ccf-c494a3628f18:172.17.0.2:46225], old=null, confs=<EMPTY_MAP>
2020-05-18 03:07:52,873 [pool-51-thread-1] INFO  server.RaftServerConfigKeys (ConfUtils.java:logGet(44)) - raft.server.storage.dir = [/github/workspace/mnt/ozone/hadoop-ozone/integration-test/target/test-dir/MiniOzoneClusterImpl-69c03e2e-129d-4290-ae39-1295d90fd6d6/datanode-1/data/ratis] (custom)
2020-05-18 03:07:52,874 [pool-51-thread-1] INFO  server.RaftServerConfigKeys (ConfUtils.java:logGet(44)) - raft.server.log.corruption.policy = EXCEPTION (default)
2020-05-18 03:07:52,874 [pool-51-thread-1] INFO  storage.RaftStorageDirectory (RaftStorageDirectory.java:analyzeStorage(261)) - The storage directory /github/workspace/mnt/ozone/hadoop-ozone/integration-test/target/test-dir/MiniOzoneClusterImpl-69c03e2e-129d-4290-ae39-1295d90fd6d6/datanode-1/data/ratis/09c61add-e684-4560-bd84-c38e4b309a7a does not exist. Creating ...
2020-05-18 03:07:52,874 [pool-35-thread-1] INFO  impl.RaftServerImpl (RaftServerImpl.java:<init>(98)) - 006e673b-7da9-4e17-8ccf-c494a3628f18: new RaftServerImpl for group-C38E4B309A7A:[0a5b46e7-bf6e-4f0d-ad76-5a5d3a2876a0:172.17.0.2:33145, b81fc208-e0a0-4370-b6cf-4dc02a2f1cdf:172.17.0.2:37653, 006e673b-7da9-4e17-8ccf-c494a3628f18:172.17.0.2:46225] with ContainerStateMachine:uninitialized
2020-05-18 03:07:52,875 [pool-35-thread-1] INFO  server.RaftServerConfigKeys (ConfUtils.java:logGet(44)) - raft.server.rpc.timeout.min = 5s (custom)
2020-05-18 03:07:52,875 [pool-51-thread-1] INFO  storage.RaftStorageDirectory (RaftStorageDirectory.java:tryLock(343)) - Lock on /github/workspace/mnt/ozone/hadoop-ozone/integration-test/target/test-dir/MiniOzoneClusterImpl-69c03e2e-129d-4290-ae39-1295d90fd6d6/datanode-1/data/ratis/09c61add-e684-4560-bd84-c38e4b309a7a/in_use.lock acquired by nodename 6931@e6a1a4110770
2020-05-18 03:07:52,876 [pool-51-thread-1] INFO  storage.RaftStorage (RaftStorage.java:format(84)) - Storage directory /github/workspace/mnt/ozone/hadoop-ozone/integration-test/target/test-dir/MiniOzoneClusterImpl-69c03e2e-129d-4290-ae39-1295d90fd6d6/datanode-1/data/ratis/09c61add-e684-4560-bd84-c38e4b309a7a has been successfully formatted.
2020-05-18 03:07:52,875 [pool-35-thread-1] INFO  server.RaftServerConfigKeys (ConfUtils.java:logGet(44)) - raft.server.rpc.timeout.max = 5200ms (custom)
2020-05-18 03:07:52,878 [pool-35-thread-1] INFO  server.RaftServerConfigKeys (ConfUtils.java:logGet(44)) - raft.server.rpcslowness.timeout = 300s (custom)
2020-05-18 03:07:52,878 [pool-35-thread-1] INFO  server.RaftServerConfigKeys (ConfUtils.java:logGet(44)) - raft.server.sleep.deviation.threshold = 300 (default)
2020-05-18 03:07:52,879 [pool-35-thread-1] INFO  server.RaftServerConfigKeys (ConfUtils.java:logGet(44)) - raft.server.log.appender.install.snapshot.enabled = false (custom)
2020-05-18 03:07:52,879 [pool-35-thread-1] INFO  impl.RaftServerImpl (ServerState.java:<init>(103)) - 006e673b-7da9-4e17-8ccf-c494a3628f18@group-C38E4B309A7A: ConfigurationManager, init=-1: [0a5b46e7-bf6e-4f0d-ad76-5a5d3a2876a0:172.17.0.2:33145, b81fc208-e0a0-4370-b6cf-4dc02a2f1cdf:172.17.0.2:37653, 006e673b-7da9-4e17-8ccf-c494a3628f18:172.17.0.2:46225], old=null, confs=<EMPTY_MAP>
2020-05-18 03:07:52,879 [pool-35-thread-1] INFO  server.RaftServerConfigKeys (ConfUtils.java:logGet(44)) - raft.server.storage.dir = [/github/workspace/mnt/ozone/hadoop-ozone/integration-test/target/test-dir/MiniOzoneClusterImpl-69c03e2e-129d-4290-ae39-1295d90fd6d6/datanode-0/data/ratis] (custom)
2020-05-18 03:07:52,879 [pool-35-thread-1] INFO  server.RaftServerConfigKeys (ConfUtils.java:logGet(44)) - raft.server.log.corruption.policy = EXCEPTION (default)
2020-05-18 03:07:52,879 [pool-35-thread-1] INFO  storage.RaftStorageDirectory (RaftStorageDirectory.java:analyzeStorage(261)) - The storage directory /github/workspace/mnt/ozone/hadoop-ozone/integration-test/target/test-dir/MiniOzoneClusterImpl-69c03e2e-129d-4290-ae39-1295d90fd6d6/datanode-0/data/ratis/09c61add-e684-4560-bd84-c38e4b309a7a does not exist. Creating ...
2020-05-18 03:07:52,878 [pool-51-thread-1] INFO  ratis.ContainerStateMachine (ContainerStateMachine.java:loadSnapshot(226)) - group-C38E4B309A7A: The snapshot info is null. Setting the last applied indexto:(t:0, i:~)
2020-05-18 03:07:52,880 [pool-51-thread-1] INFO  server.RaftServerConfigKeys (ConfUtils.java:logGet(44)) - raft.server.notification.no-leader.timeout = 60s (default)
2020-05-18 03:07:52,880 [pool-51-thread-1] INFO  server.RaftServerConfigKeys (ConfUtils.java:logGet(44)) - raft.server.log.use.memory = false (default)
2020-05-18 03:07:52,880 [pool-51-thread-1] INFO  server.RaftServerConfigKeys (ConfUtils.java:logGet(44)) - raft.server.log.purge.gap = 1000000 (custom)
2020-05-18 03:07:52,881 [pool-35-thread-1] INFO  storage.RaftStorageDirectory (RaftStorageDirectory.java:tryLock(343)) - Lock on /github/workspace/mnt/ozone/hadoop-ozone/integration-test/target/test-dir/MiniOzoneClusterImpl-69c03e2e-129d-4290-ae39-1295d90fd6d6/datanode-0/data/ratis/09c61add-e684-4560-bd84-c38e4b309a7a/in_use.lock acquired by nodename 6931@e6a1a4110770
2020-05-18 03:07:52,881 [pool-51-thread-1] INFO  server.RaftServerConfigKeys (ConfUtils.java:logGet(44)) - raft.server.log.appender.buffer.byte-limit = 33554432 (custom)
2020-05-18 03:07:52,881 [pool-51-thread-1] INFO  server.RaftServerConfigKeys (ConfUtils.java:logGet(44)) - raft.server.log.segment.size.max = 1048576 (custom)
2020-05-18 03:07:52,881 [pool-51-thread-1] INFO  server.RaftServerConfigKeys (ConfUtils.java:logGet(44)) - raft.server.log.segment.cache.num.max = 2 (custom)
2020-05-18 03:07:52,881 [pool-51-thread-1] INFO  segmented.SegmentedRaftLogWorker (SegmentedRaftLogWorker.java:<init>(176)) - new 0a5b46e7-bf6e-4f0d-ad76-5a5d3a2876a0@group-C38E4B309A7A-SegmentedRaftLogWorker for RaftStorage:Storage Directory /github/workspace/mnt/ozone/hadoop-ozone/integration-test/target/test-dir/MiniOzoneClusterImpl-69c03e2e-129d-4290-ae39-1295d90fd6d6/datanode-1/data/ratis/09c61add-e684-4560-bd84-c38e4b309a7a
2020-05-18 03:07:52,882 [pool-51-thread-1] INFO  server.RaftServerConfigKeys (ConfUtils.java:logGet(44)) - raft.server.log.queue.byte-limit = 2147483647 (custom)
2020-05-18 03:07:52,882 [pool-51-thread-1] INFO  server.RaftServerConfigKeys (ConfUtils.java:logGet(44)) - raft.server.log.queue.element-limit = 1024 (custom)
2020-05-18 03:07:52,882 [pool-51-thread-1] INFO  server.RaftServerConfigKeys (ConfUtils.java:logGet(44)) - raft.server.log.segment.size.max = 1048576 (custom)
2020-05-18 03:07:52,882 [pool-51-thread-1] INFO  server.RaftServerConfigKeys (ConfUtils.java:logGet(44)) - raft.server.log.preallocated.size = 16384 (custom)
2020-05-18 03:07:52,882 [pool-51-thread-1] INFO  server.RaftServerConfigKeys (ConfUtils.java:logGet(44)) - raft.server.log.write.buffer.size = 1048576 (custom)
2020-05-18 03:07:52,882 [pool-51-thread-1] INFO  server.RaftServerConfigKeys (ConfUtils.java:logGet(44)) - raft.server.log.force.sync.num = 128 (default)
2020-05-18 03:07:52,882 [pool-51-thread-1] INFO  server.RaftServerConfigKeys (ConfUtils.java:logGet(44)) - raft.server.log.statemachine.data.sync = true (default)
2020-05-18 03:07:52,882 [pool-51-thread-1] INFO  server.RaftServerConfigKeys (ConfUtils.java:logGet(44)) - raft.server.log.statemachine.data.sync.timeout = 10s (default)
2020-05-18 03:07:52,882 [pool-51-thread-1] INFO  server.RaftServerConfigKeys (ConfUtils.java:logGet(44)) - raft.server.log.statemachine.data.sync.timeout.retry = -1 (default)
2020-05-18 03:07:52,883 [pool-35-thread-1] INFO  storage.RaftStorage (RaftStorage.java:format(84)) - Storage directory /github/workspace/mnt/ozone/hadoop-ozone/integration-test/target/test-dir/MiniOzoneClusterImpl-69c03e2e-129d-4290-ae39-1295d90fd6d6/datanode-0/data/ratis/09c61add-e684-4560-bd84-c38e4b309a7a has been successfully formatted.
2020-05-18 03:07:52,884 [pool-35-thread-1] INFO  ratis.ContainerStateMachine (ContainerStateMachine.java:loadSnapshot(226)) - group-C38E4B309A7A: The snapshot info is null. Setting the last applied indexto:(t:0, i:~)
2020-05-18 03:07:52,884 [pool-35-thread-1] INFO  server.RaftServerConfigKeys (ConfUtils.java:logGet(44)) - raft.server.notification.no-leader.timeout = 60s (default)
2020-05-18 03:07:52,884 [pool-35-thread-1] INFO  server.RaftServerConfigKeys (ConfUtils.java:logGet(44)) - raft.server.log.use.memory = false (default)
2020-05-18 03:07:52,884 [pool-35-thread-1] INFO  server.RaftServerConfigKeys (ConfUtils.java:logGet(44)) - raft.server.log.purge.gap = 1000000 (custom)
2020-05-18 03:07:52,884 [pool-35-thread-1] INFO  server.RaftServerConfigKeys (ConfUtils.java:logGet(44)) - raft.server.log.appender.buffer.byte-limit = 33554432 (custom)
2020-05-18 03:07:52,884 [pool-35-thread-1] INFO  server.RaftServerConfigKeys (ConfUtils.java:logGet(44)) - raft.server.log.segment.size.max = 1048576 (custom)
2020-05-18 03:07:52,884 [pool-35-thread-1] INFO  server.RaftServerConfigKeys (ConfUtils.java:logGet(44)) - raft.server.log.segment.cache.num.max = 2 (custom)
2020-05-18 03:07:52,884 [Command processor thread] INFO  impl.RaftServerProxy (RaftServerProxy.java:addNew(89)) - b81fc208-e0a0-4370-b6cf-4dc02a2f1cdf: addNew group-75337A6F077B:[b81fc208-e0a0-4370-b6cf-4dc02a2f1cdf:172.17.0.2:37653] returns group-75337A6F077B:java.util.concurrent.CompletableFuture@74534c07[Not completed]
2020-05-18 03:07:52,884 [pool-35-thread-1] INFO  segmented.SegmentedRaftLogWorker (SegmentedRaftLogWorker.java:<init>(176)) - new 006e673b-7da9-4e17-8ccf-c494a3628f18@group-C38E4B309A7A-SegmentedRaftLogWorker for RaftStorage:Storage Directory /github/workspace/mnt/ozone/hadoop-ozone/integration-test/target/test-dir/MiniOzoneClusterImpl-69c03e2e-129d-4290-ae39-1295d90fd6d6/datanode-0/data/ratis/09c61add-e684-4560-bd84-c38e4b309a7a
2020-05-18 03:07:52,884 [pool-35-thread-1] INFO  server.RaftServerConfigKeys (ConfUtils.java:logGet(44)) - raft.server.log.queue.byte-limit = 2147483647 (custom)
2020-05-18 03:07:52,884 [pool-35-thread-1] INFO  server.RaftServerConfigKeys (ConfUtils.java:logGet(44)) - raft.server.log.queue.element-limit = 1024 (custom)
2020-05-18 03:07:52,885 [pool-35-thread-1] INFO  server.RaftServerConfigKeys (ConfUtils.java:logGet(44)) - raft.server.log.segment.size.max = 1048576 (custom)
2020-05-18 03:07:52,885 [pool-35-thread-1] INFO  server.RaftServerConfigKeys (ConfUtils.java:logGet(44)) - raft.server.log.preallocated.size = 16384 (custom)
2020-05-18 03:07:52,885 [pool-35-thread-1] INFO  server.RaftServerConfigKeys (ConfUtils.java:logGet(44)) - raft.server.log.write.buffer.size = 1048576 (custom)
2020-05-18 03:07:52,887 [pool-35-thread-1] INFO  server.RaftServerConfigKeys (ConfUtils.java:logGet(44)) - raft.server.log.force.sync.num = 128 (default)
2020-05-18 03:07:52,896 [pool-35-thread-1] INFO  server.RaftServerConfigKeys (ConfUtils.java:logGet(44)) - raft.server.log.statemachine.data.sync = true (default)
2020-05-18 03:07:52,896 [pool-35-thread-1] INFO  server.RaftServerConfigKeys (ConfUtils.java:logGet(44)) - raft.server.log.statemachine.data.sync.timeout = 10s (default)
2020-05-18 03:07:52,896 [pool-35-thread-1] INFO  server.RaftServerConfigKeys (ConfUtils.java:logGet(44)) - raft.server.log.statemachine.data.sync.timeout.retry = -1 (default)
2020-05-18 03:07:52,897 [pool-67-thread-1] INFO  impl.RaftServerImpl (RaftServerImpl.java:<init>(98)) - b81fc208-e0a0-4370-b6cf-4dc02a2f1cdf: new RaftServerImpl for group-75337A6F077B:[b81fc208-e0a0-4370-b6cf-4dc02a2f1cdf:172.17.0.2:37653] with ContainerStateMachine:uninitialized
2020-05-18 03:07:52,887 [pool-51-thread-1] INFO  server.RaftServerConfigKeys (ConfUtils.java:logGet(44)) - raft.server.log.statemachine.data.caching.enabled = true (custom)
2020-05-18 03:07:52,898 [pool-67-thread-1] INFO  server.RaftServerConfigKeys (ConfUtils.java:logGet(44)) - raft.server.rpc.timeout.min = 5s (custom)
2020-05-18 03:07:52,898 [pool-51-thread-1] INFO  segmented.SegmentedRaftLogWorker (SegmentedRaftLogWorker.java:lambda$new$0(129)) - 0a5b46e7-bf6e-4f0d-ad76-5a5d3a2876a0@group-C38E4B309A7A-SegmentedRaftLogWorker: flushIndex: setUnconditionally 0 -> -1
2020-05-18 03:07:52,897 [pool-35-thread-1] INFO  server.RaftServerConfigKeys (ConfUtils.java:logGet(44)) - raft.server.log.statemachine.data.caching.enabled = true (custom)
2020-05-18 03:07:52,898 [pool-67-thread-1] INFO  server.RaftServerConfigKeys (ConfUtils.java:logGet(44)) - raft.server.rpc.timeout.max = 5200ms (custom)
2020-05-18 03:07:52,898 [pool-35-thread-1] INFO  segmented.SegmentedRaftLogWorker (SegmentedRaftLogWorker.java:lambda$new$0(129)) - 006e673b-7da9-4e17-8ccf-c494a3628f18@group-C38E4B309A7A-SegmentedRaftLogWorker: flushIndex: setUnconditionally 0 -> -1
2020-05-18 03:07:52,898 [pool-67-thread-1] INFO  server.RaftServerConfigKeys (ConfUtils.java:logGet(44)) - raft.server.rpcslowness.timeout = 300s (custom)
2020-05-18 03:07:52,898 [pool-67-thread-1] INFO  server.RaftServerConfigKeys (ConfUtils.java:logGet(44)) - raft.server.sleep.deviation.threshold = 300 (default)
2020-05-18 03:07:52,898 [pool-67-thread-1] INFO  server.RaftServerConfigKeys (ConfUtils.java:logGet(44)) - raft.server.log.appender.install.snapshot.enabled = false (custom)
2020-05-18 03:07:52,898 [pool-67-thread-1] INFO  impl.RaftServerImpl (ServerState.java:<init>(103)) - b81fc208-e0a0-4370-b6cf-4dc02a2f1cdf@group-75337A6F077B: ConfigurationManager, init=-1: [b81fc208-e0a0-4370-b6cf-4dc02a2f1cdf:172.17.0.2:37653], old=null, confs=<EMPTY_MAP>
2020-05-18 03:07:52,898 [pool-67-thread-1] INFO  server.RaftServerConfigKeys (ConfUtils.java:logGet(44)) - raft.server.storage.dir = [/github/workspace/mnt/ozone/hadoop-ozone/integration-test/target/test-dir/MiniOzoneClusterImpl-69c03e2e-129d-4290-ae39-1295d90fd6d6/datanode-2/data/ratis] (custom)
2020-05-18 03:07:52,901 [pool-67-thread-1] INFO  server.RaftServerConfigKeys (ConfUtils.java:logGet(44)) - raft.server.log.corruption.policy = EXCEPTION (default)
2020-05-18 03:07:52,901 [pool-67-thread-1] INFO  storage.RaftStorageDirectory (RaftStorageDirectory.java:analyzeStorage(261)) - The storage directory /github/workspace/mnt/ozone/hadoop-ozone/integration-test/target/test-dir/MiniOzoneClusterImpl-69c03e2e-129d-4290-ae39-1295d90fd6d6/datanode-2/data/ratis/c02c722d-864c-4538-b71a-75337a6f077b does not exist. Creating ...
2020-05-18 03:07:52,902 [pool-51-thread-1] INFO  server.RaftServerConfigKeys (ConfUtils.java:logGet(44)) - raft.server.snapshot.auto.trigger.enabled = true (custom)
2020-05-18 03:07:52,902 [pool-51-thread-1] INFO  server.RaftServerConfigKeys (ConfUtils.java:logGet(44)) - raft.server.snapshot.auto.trigger.threshold = 10000 (custom)
2020-05-18 03:07:52,902 [pool-51-thread-1] INFO  server.RaftServerConfigKeys (ConfUtils.java:logGet(44)) - raft.server.snapshot.retention.file.num = 5 (custom)
2020-05-18 03:07:52,902 [pool-51-thread-1] INFO  server.RaftServerConfigKeys (ConfUtils.java:logGet(44)) - raft.server.log.purge.upto.snapshot.index = false (default)
2020-05-18 03:07:52,902 [pool-67-thread-1] INFO  storage.RaftStorageDirectory (RaftStorageDirectory.java:tryLock(343)) - Lock on /github/workspace/mnt/ozone/hadoop-ozone/integration-test/target/test-dir/MiniOzoneClusterImpl-69c03e2e-129d-4290-ae39-1295d90fd6d6/datanode-2/data/ratis/c02c722d-864c-4538-b71a-75337a6f077b/in_use.lock acquired by nodename 6931@e6a1a4110770
2020-05-18 03:07:52,903 [pool-51-thread-1] INFO  server.RaftServerConfigKeys (ConfUtils.java:logGet(44)) - raft.server.retrycache.expirytime = 600000ms (custom)
2020-05-18 03:07:52,903 [pool-51-thread-1] INFO  metrics.RatisMetrics (RatisMetrics.java:lambda$create$0(39)) - Creating Metrics Registry : ratis.leader_election.0a5b46e7-bf6e-4f0d-ad76-5a5d3a2876a0@group-C38E4B309A7A
2020-05-18 03:07:52,904 [pool-67-thread-1] INFO  storage.RaftStorage (RaftStorage.java:format(84)) - Storage directory /github/workspace/mnt/ozone/hadoop-ozone/integration-test/target/test-dir/MiniOzoneClusterImpl-69c03e2e-129d-4290-ae39-1295d90fd6d6/datanode-2/data/ratis/c02c722d-864c-4538-b71a-75337a6f077b has been successfully formatted.
2020-05-18 03:07:52,905 [pool-51-thread-1] INFO  metrics.RatisMetrics (RatisMetrics.java:lambda$create$0(39)) - Creating Metrics Registry : ratis.server.0a5b46e7-bf6e-4f0d-ad76-5a5d3a2876a0@group-C38E4B309A7A
2020-05-18 03:07:52,915 [pool-67-thread-1] INFO  ratis.ContainerStateMachine (ContainerStateMachine.java:loadSnapshot(226)) - group-75337A6F077B: The snapshot info is null. Setting the last applied indexto:(t:0, i:~)
2020-05-18 03:07:52,915 [pool-67-thread-1] INFO  server.RaftServerConfigKeys (ConfUtils.java:logGet(44)) - raft.server.notification.no-leader.timeout = 60s (default)
2020-05-18 03:07:52,915 [pool-67-thread-1] INFO  server.RaftServerConfigKeys (ConfUtils.java:logGet(44)) - raft.server.log.use.memory = false (default)
2020-05-18 03:07:52,915 [pool-67-thread-1] INFO  server.RaftServerConfigKeys (ConfUtils.java:logGet(44)) - raft.server.log.purge.gap = 1000000 (custom)
2020-05-18 03:07:52,915 [pool-67-thread-1] INFO  server.RaftServerConfigKeys (ConfUtils.java:logGet(44)) - raft.server.log.appender.buffer.byte-limit = 33554432 (custom)
2020-05-18 03:07:52,915 [pool-67-thread-1] INFO  server.RaftServerConfigKeys (ConfUtils.java:logGet(44)) - raft.server.log.segment.size.max = 1048576 (custom)
2020-05-18 03:07:52,915 [pool-67-thread-1] INFO  metrics.RatisMetrics (RatisMetrics.java:lambda$create$0(39)) - Creating Metrics Registry : ratis.log_worker.b81fc208-e0a0-4370-b6cf-4dc02a2f1cdf
2020-05-18 03:07:52,916 [pool-67-thread-1] INFO  server.RaftServerConfigKeys (ConfUtils.java:logGet(44)) - raft.server.log.segment.cache.num.max = 2 (custom)
2020-05-18 03:07:52,916 [pool-67-thread-1] INFO  segmented.SegmentedRaftLogWorker (SegmentedRaftLogWorker.java:<init>(176)) - new b81fc208-e0a0-4370-b6cf-4dc02a2f1cdf@group-75337A6F077B-SegmentedRaftLogWorker for RaftStorage:Storage Directory /github/workspace/mnt/ozone/hadoop-ozone/integration-test/target/test-dir/MiniOzoneClusterImpl-69c03e2e-129d-4290-ae39-1295d90fd6d6/datanode-2/data/ratis/c02c722d-864c-4538-b71a-75337a6f077b
2020-05-18 03:07:52,916 [pool-67-thread-1] INFO  server.RaftServerConfigKeys (ConfUtils.java:logGet(44)) - raft.server.log.queue.byte-limit = 2147483647 (custom)
2020-05-18 03:07:52,916 [pool-67-thread-1] INFO  server.RaftServerConfigKeys (ConfUtils.java:logGet(44)) - raft.server.log.queue.element-limit = 1024 (custom)
2020-05-18 03:07:52,916 [pool-67-thread-1] INFO  server.RaftServerConfigKeys (ConfUtils.java:logGet(44)) - raft.server.log.segment.size.max = 1048576 (custom)
2020-05-18 03:07:52,916 [pool-67-thread-1] INFO  server.RaftServerConfigKeys (ConfUtils.java:logGet(44)) - raft.server.log.preallocated.size = 16384 (custom)
2020-05-18 03:07:52,916 [pool-67-thread-1] INFO  server.RaftServerConfigKeys (ConfUtils.java:logGet(44)) - raft.server.log.write.buffer.size = 1048576 (custom)
2020-05-18 03:07:52,916 [pool-67-thread-1] INFO  server.RaftServerConfigKeys (ConfUtils.java:logGet(44)) - raft.server.log.force.sync.num = 128 (default)
2020-05-18 03:07:52,916 [pool-67-thread-1] INFO  server.RaftServerConfigKeys (ConfUtils.java:logGet(44)) - raft.server.log.statemachine.data.sync = true (default)
2020-05-18 03:07:52,916 [pool-67-thread-1] INFO  server.RaftServerConfigKeys (ConfUtils.java:logGet(44)) - raft.server.log.statemachine.data.sync.timeout = 10s (default)
2020-05-18 03:07:52,916 [pool-67-thread-1] INFO  server.RaftServerConfigKeys (ConfUtils.java:logGet(44)) - raft.server.log.statemachine.data.sync.timeout.retry = -1 (default)
2020-05-18 03:07:52,917 [pool-35-thread-1] INFO  server.RaftServerConfigKeys (ConfUtils.java:logGet(44)) - raft.server.snapshot.auto.trigger.enabled = true (custom)
2020-05-18 03:07:52,917 [pool-35-thread-1] INFO  server.RaftServerConfigKeys (ConfUtils.java:logGet(44)) - raft.server.snapshot.auto.trigger.threshold = 10000 (custom)
2020-05-18 03:07:52,918 [pool-35-thread-1] INFO  server.RaftServerConfigKeys (ConfUtils.java:logGet(44)) - raft.server.snapshot.retention.file.num = 5 (custom)
2020-05-18 03:07:52,918 [pool-35-thread-1] INFO  server.RaftServerConfigKeys (ConfUtils.java:logGet(44)) - raft.server.log.purge.upto.snapshot.index = false (default)
2020-05-18 03:07:52,918 [pool-35-thread-1] INFO  server.RaftServerConfigKeys (ConfUtils.java:logGet(44)) - raft.server.retrycache.expirytime = 600000ms (custom)
2020-05-18 03:07:52,918 [pool-35-thread-1] INFO  metrics.RatisMetrics (RatisMetrics.java:lambda$create$0(39)) - Creating Metrics Registry : ratis.leader_election.006e673b-7da9-4e17-8ccf-c494a3628f18@group-C38E4B309A7A
2020-05-18 03:07:52,923 [pool-51-thread-1] INFO  impl.RaftServerImpl (RaftServerImpl.java:start(184)) - 0a5b46e7-bf6e-4f0d-ad76-5a5d3a2876a0@group-C38E4B309A7A: start as a follower, conf=-1: [0a5b46e7-bf6e-4f0d-ad76-5a5d3a2876a0:172.17.0.2:33145, b81fc208-e0a0-4370-b6cf-4dc02a2f1cdf:172.17.0.2:37653, 006e673b-7da9-4e17-8ccf-c494a3628f18:172.17.0.2:46225], old=null
2020-05-18 03:07:52,923 [pool-51-thread-1] INFO  impl.RaftServerImpl (RaftServerImpl.java:setRole(173)) - 0a5b46e7-bf6e-4f0d-ad76-5a5d3a2876a0@group-C38E4B309A7A: changes role from      null to FOLLOWER at term 0 for startAsFollower
2020-05-18 03:07:52,923 [pool-51-thread-1] INFO  impl.RoleInfo (RoleInfo.java:updateAndGet(143)) - 0a5b46e7-bf6e-4f0d-ad76-5a5d3a2876a0: start FollowerState
2020-05-18 03:07:52,924 [pool-35-thread-1] INFO  metrics.RatisMetrics (RatisMetrics.java:lambda$create$0(39)) - Creating Metrics Registry : ratis.server.006e673b-7da9-4e17-8ccf-c494a3628f18@group-C38E4B309A7A
2020-05-18 03:07:52,926 [pool-67-thread-1] INFO  server.RaftServerConfigKeys (ConfUtils.java:logGet(44)) - raft.server.log.statemachine.data.caching.enabled = true (custom)
2020-05-18 03:07:52,931 [EventQueue-PipelineReportForPipelineReportHandler] INFO  pipeline.PipelineStateManager (PipelineStateManager.java:openPipeline(131)) - Pipeline Pipeline[ Id: c02c722d-864c-4538-b71a-75337a6f077b, Nodes: b81fc208-e0a0-4370-b6cf-4dc02a2f1cdf{ip: 172.17.0.2, host: e6a1a4110770, networkLocation: /default-rack, certSerialId: null}, Type:RATIS, Factor:ONE, State:ALLOCATED, leaderId:b81fc208-e0a0-4370-b6cf-4dc02a2f1cdf, CreationTimestamp2020-05-18T03:07:49.885Z] moved to OPEN state
2020-05-18 03:07:52,931 [EventQueue-OpenPipelineForOneReplicaPipelineSafeModeRule] INFO  safemode.SCMSafeModeManager (SCMSafeModeManager.java:validateSafeModeExitRules(213)) - AtleastOneDatanodeReportedRule rule is successfully validated
2020-05-18 03:07:52,931 [EventQueue-OpenPipelineForHealthyPipelineSafeModeRule] INFO  safemode.SCMSafeModeManager (HealthyPipelineSafeModeRule.java:process(132)) - SCM in safe mode. Healthy pipelines reported count is 0, required healthy pipeline reported count is 1
2020-05-18 03:07:52,932 [pool-67-thread-1] INFO  segmented.SegmentedRaftLogWorker (SegmentedRaftLogWorker.java:lambda$new$0(129)) - b81fc208-e0a0-4370-b6cf-4dc02a2f1cdf@group-75337A6F077B-SegmentedRaftLogWorker: flushIndex: setUnconditionally 0 -> -1
2020-05-18 03:07:52,928 [pool-51-thread-1] INFO  util.JmxRegister (JmxRegister.java:tryRegister(44)) - Successfully registered JMX Bean with object name Ratis:service=RaftServer,group=group-C38E4B309A7A,id=0a5b46e7-bf6e-4f0d-ad76-5a5d3a2876a0
2020-05-18 03:07:52,932 [pool-51-thread-1] INFO  metrics.RatisMetrics (RatisMetrics.java:lambda$create$0(39)) - Creating Metrics Registry : ratis.state_machine.0a5b46e7-bf6e-4f0d-ad76-5a5d3a2876a0@group-C38E4B309A7A
2020-05-18 03:07:52,928 [pool-35-thread-1] INFO  impl.RaftServerImpl (RaftServerImpl.java:start(184)) - 006e673b-7da9-4e17-8ccf-c494a3628f18@group-C38E4B309A7A: start as a follower, conf=-1: [0a5b46e7-bf6e-4f0d-ad76-5a5d3a2876a0:172.17.0.2:33145, b81fc208-e0a0-4370-b6cf-4dc02a2f1cdf:172.17.0.2:37653, 006e673b-7da9-4e17-8ccf-c494a3628f18:172.17.0.2:46225], old=null
2020-05-18 03:07:52,932 [pool-35-thread-1] INFO  impl.RaftServerImpl (RaftServerImpl.java:setRole(173)) - 006e673b-7da9-4e17-8ccf-c494a3628f18@group-C38E4B309A7A: changes role from      null to FOLLOWER at term 0 for startAsFollower
2020-05-18 03:07:52,933 [pool-67-thread-1] INFO  server.RaftServerConfigKeys (ConfUtils.java:logGet(44)) - raft.server.snapshot.auto.trigger.enabled = true (custom)
2020-05-18 03:07:52,933 [pool-67-thread-1] INFO  server.RaftServerConfigKeys (ConfUtils.java:logGet(44)) - raft.server.snapshot.auto.trigger.threshold = 10000 (custom)
2020-05-18 03:07:52,933 [pool-67-thread-1] INFO  server.RaftServerConfigKeys (ConfUtils.java:logGet(44)) - raft.server.snapshot.retention.file.num = 5 (custom)
2020-05-18 03:07:52,933 [pool-67-thread-1] INFO  server.RaftServerConfigKeys (ConfUtils.java:logGet(44)) - raft.server.log.purge.upto.snapshot.index = false (default)
2020-05-18 03:07:52,933 [pool-35-thread-1] INFO  impl.RoleInfo (RoleInfo.java:updateAndGet(143)) - 006e673b-7da9-4e17-8ccf-c494a3628f18: start FollowerState
2020-05-18 03:07:52,934 [pool-35-thread-1] INFO  util.JmxRegister (JmxRegister.java:tryRegister(44)) - Successfully registered JMX Bean with object name Ratis:service=RaftServer,group=group-C38E4B309A7A,id=006e673b-7da9-4e17-8ccf-c494a3628f18
2020-05-18 03:07:52,934 [pool-35-thread-1] INFO  metrics.RatisMetrics (RatisMetrics.java:lambda$create$0(39)) - Creating Metrics Registry : ratis.state_machine.006e673b-7da9-4e17-8ccf-c494a3628f18@group-C38E4B309A7A
2020-05-18 03:07:52,935 [pool-67-thread-1] INFO  server.RaftServerConfigKeys (ConfUtils.java:logGet(44)) - raft.server.retrycache.expirytime = 600000ms (custom)
2020-05-18 03:07:52,935 [pool-67-thread-1] INFO  metrics.RatisMetrics (RatisMetrics.java:lambda$create$0(39)) - Creating Metrics Registry : ratis.leader_election.b81fc208-e0a0-4370-b6cf-4dc02a2f1cdf@group-75337A6F077B
2020-05-18 03:07:52,936 [pool-67-thread-1] INFO  metrics.RatisMetrics (RatisMetrics.java:lambda$create$0(39)) - Creating Metrics Registry : ratis.server.b81fc208-e0a0-4370-b6cf-4dc02a2f1cdf@group-75337A6F077B
2020-05-18 03:07:52,938 [pool-67-thread-1] INFO  impl.RaftServerImpl (RaftServerImpl.java:start(184)) - b81fc208-e0a0-4370-b6cf-4dc02a2f1cdf@group-75337A6F077B: start as a follower, conf=-1: [b81fc208-e0a0-4370-b6cf-4dc02a2f1cdf:172.17.0.2:37653], old=null
2020-05-18 03:07:52,938 [pool-67-thread-1] INFO  impl.RaftServerImpl (RaftServerImpl.java:setRole(173)) - b81fc208-e0a0-4370-b6cf-4dc02a2f1cdf@group-75337A6F077B: changes role from      null to FOLLOWER at term 0 for startAsFollower
2020-05-18 03:07:52,938 [pool-67-thread-1] INFO  impl.RoleInfo (RoleInfo.java:updateAndGet(143)) - b81fc208-e0a0-4370-b6cf-4dc02a2f1cdf: start FollowerState
2020-05-18 03:07:52,939 [pool-67-thread-1] INFO  util.JmxRegister (JmxRegister.java:tryRegister(44)) - Successfully registered JMX Bean with object name Ratis:service=RaftServer,group=group-75337A6F077B,id=b81fc208-e0a0-4370-b6cf-4dc02a2f1cdf
2020-05-18 03:07:52,939 [pool-67-thread-1] INFO  metrics.RatisMetrics (RatisMetrics.java:lambda$create$0(39)) - Creating Metrics Registry : ratis.state_machine.b81fc208-e0a0-4370-b6cf-4dc02a2f1cdf@group-75337A6F077B
2020-05-18 03:07:52,940 [Command processor thread] INFO  commandhandler.CreatePipelineCommandHandler (CreatePipelineCommandHandler.java:handle(109)) - Created Pipeline RATIS ONE #id: "c02c722d-864c-4538-b71a-75337a6f077b"
.
2020-05-18 03:07:52,940 [Command processor thread] INFO  impl.RaftServerProxy (RaftServerProxy.java:addNew(89)) - b81fc208-e0a0-4370-b6cf-4dc02a2f1cdf: addNew group-C38E4B309A7A:[0a5b46e7-bf6e-4f0d-ad76-5a5d3a2876a0:172.17.0.2:33145, b81fc208-e0a0-4370-b6cf-4dc02a2f1cdf:172.17.0.2:37653, 006e673b-7da9-4e17-8ccf-c494a3628f18:172.17.0.2:46225] returns group-C38E4B309A7A:java.util.concurrent.CompletableFuture@706cd655[Not completed]
2020-05-18 03:07:52,946 [pool-67-thread-1] INFO  impl.RaftServerImpl (RaftServerImpl.java:<init>(98)) - b81fc208-e0a0-4370-b6cf-4dc02a2f1cdf: new RaftServerImpl for group-C38E4B309A7A:[0a5b46e7-bf6e-4f0d-ad76-5a5d3a2876a0:172.17.0.2:33145, b81fc208-e0a0-4370-b6cf-4dc02a2f1cdf:172.17.0.2:37653, 006e673b-7da9-4e17-8ccf-c494a3628f18:172.17.0.2:46225] with ContainerStateMachine:uninitialized
2020-05-18 03:07:52,946 [pool-67-thread-1] INFO  server.RaftServerConfigKeys (ConfUtils.java:logGet(44)) - raft.server.rpc.timeout.min = 5s (custom)
2020-05-18 03:07:52,946 [pool-67-thread-1] INFO  server.RaftServerConfigKeys (ConfUtils.java:logGet(44)) - raft.server.rpc.timeout.max = 5200ms (custom)
2020-05-18 03:07:52,946 [pool-67-thread-1] INFO  server.RaftServerConfigKeys (ConfUtils.java:logGet(44)) - raft.server.rpcslowness.timeout = 300s (custom)
2020-05-18 03:07:52,946 [pool-67-thread-1] INFO  server.RaftServerConfigKeys (ConfUtils.java:logGet(44)) - raft.server.sleep.deviation.threshold = 300 (default)
2020-05-18 03:07:52,946 [pool-67-thread-1] INFO  server.RaftServerConfigKeys (ConfUtils.java:logGet(44)) - raft.server.log.appender.install.snapshot.enabled = false (custom)
2020-05-18 03:07:52,946 [pool-67-thread-1] INFO  impl.RaftServerImpl (ServerState.java:<init>(103)) - b81fc208-e0a0-4370-b6cf-4dc02a2f1cdf@group-C38E4B309A7A: ConfigurationManager, init=-1: [0a5b46e7-bf6e-4f0d-ad76-5a5d3a2876a0:172.17.0.2:33145, b81fc208-e0a0-4370-b6cf-4dc02a2f1cdf:172.17.0.2:37653, 006e673b-7da9-4e17-8ccf-c494a3628f18:172.17.0.2:46225], old=null, confs=<EMPTY_MAP>
2020-05-18 03:07:52,946 [pool-67-thread-1] INFO  server.RaftServerConfigKeys (ConfUtils.java:logGet(44)) - raft.server.storage.dir = [/github/workspace/mnt/ozone/hadoop-ozone/integration-test/target/test-dir/MiniOzoneClusterImpl-69c03e2e-129d-4290-ae39-1295d90fd6d6/datanode-2/data/ratis] (custom)
2020-05-18 03:07:52,946 [pool-67-thread-1] INFO  server.RaftServerConfigKeys (ConfUtils.java:logGet(44)) - raft.server.log.corruption.policy = EXCEPTION (default)
2020-05-18 03:07:52,947 [pool-67-thread-1] INFO  storage.RaftStorageDirectory (RaftStorageDirectory.java:analyzeStorage(261)) - The storage directory /github/workspace/mnt/ozone/hadoop-ozone/integration-test/target/test-dir/MiniOzoneClusterImpl-69c03e2e-129d-4290-ae39-1295d90fd6d6/datanode-2/data/ratis/09c61add-e684-4560-bd84-c38e4b309a7a does not exist. Creating ...
2020-05-18 03:07:52,948 [pool-67-thread-1] INFO  storage.RaftStorageDirectory (RaftStorageDirectory.java:tryLock(343)) - Lock on /github/workspace/mnt/ozone/hadoop-ozone/integration-test/target/test-dir/MiniOzoneClusterImpl-69c03e2e-129d-4290-ae39-1295d90fd6d6/datanode-2/data/ratis/09c61add-e684-4560-bd84-c38e4b309a7a/in_use.lock acquired by nodename 6931@e6a1a4110770
2020-05-18 03:07:52,952 [pool-67-thread-1] INFO  storage.RaftStorage (RaftStorage.java:format(84)) - Storage directory /github/workspace/mnt/ozone/hadoop-ozone/integration-test/target/test-dir/MiniOzoneClusterImpl-69c03e2e-129d-4290-ae39-1295d90fd6d6/datanode-2/data/ratis/09c61add-e684-4560-bd84-c38e4b309a7a has been successfully formatted.
2020-05-18 03:07:52,954 [pool-67-thread-1] INFO  ratis.ContainerStateMachine (ContainerStateMachine.java:loadSnapshot(226)) - group-C38E4B309A7A: The snapshot info is null. Setting the last applied indexto:(t:0, i:~)
2020-05-18 03:07:52,954 [pool-67-thread-1] INFO  server.RaftServerConfigKeys (ConfUtils.java:logGet(44)) - raft.server.notification.no-leader.timeout = 60s (default)
2020-05-18 03:07:52,954 [pool-67-thread-1] INFO  server.RaftServerConfigKeys (ConfUtils.java:logGet(44)) - raft.server.log.use.memory = false (default)
2020-05-18 03:07:52,954 [pool-67-thread-1] INFO  server.RaftServerConfigKeys (ConfUtils.java:logGet(44)) - raft.server.log.purge.gap = 1000000 (custom)
2020-05-18 03:07:52,954 [pool-67-thread-1] INFO  server.RaftServerConfigKeys (ConfUtils.java:logGet(44)) - raft.server.log.appender.buffer.byte-limit = 33554432 (custom)
2020-05-18 03:07:52,954 [pool-67-thread-1] INFO  server.RaftServerConfigKeys (ConfUtils.java:logGet(44)) - raft.server.log.segment.size.max = 1048576 (custom)
2020-05-18 03:07:52,954 [pool-67-thread-1] INFO  server.RaftServerConfigKeys (ConfUtils.java:logGet(44)) - raft.server.log.segment.cache.num.max = 2 (custom)
2020-05-18 03:07:52,954 [pool-67-thread-1] INFO  segmented.SegmentedRaftLogWorker (SegmentedRaftLogWorker.java:<init>(176)) - new b81fc208-e0a0-4370-b6cf-4dc02a2f1cdf@group-C38E4B309A7A-SegmentedRaftLogWorker for RaftStorage:Storage Directory /github/workspace/mnt/ozone/hadoop-ozone/integration-test/target/test-dir/MiniOzoneClusterImpl-69c03e2e-129d-4290-ae39-1295d90fd6d6/datanode-2/data/ratis/09c61add-e684-4560-bd84-c38e4b309a7a
2020-05-18 03:07:52,954 [pool-67-thread-1] INFO  server.RaftServerConfigKeys (ConfUtils.java:logGet(44)) - raft.server.log.queue.byte-limit = 2147483647 (custom)
2020-05-18 03:07:52,955 [pool-67-thread-1] INFO  server.RaftServerConfigKeys (ConfUtils.java:logGet(44)) - raft.server.log.queue.element-limit = 1024 (custom)
2020-05-18 03:07:52,955 [pool-67-thread-1] INFO  server.RaftServerConfigKeys (ConfUtils.java:logGet(44)) - raft.server.log.segment.size.max = 1048576 (custom)
2020-05-18 03:07:52,955 [pool-67-thread-1] INFO  server.RaftServerConfigKeys (ConfUtils.java:logGet(44)) - raft.server.log.preallocated.size = 16384 (custom)
2020-05-18 03:07:52,955 [pool-67-thread-1] INFO  server.RaftServerConfigKeys (ConfUtils.java:logGet(44)) - raft.server.log.write.buffer.size = 1048576 (custom)
2020-05-18 03:07:52,955 [pool-67-thread-1] INFO  server.RaftServerConfigKeys (ConfUtils.java:logGet(44)) - raft.server.log.force.sync.num = 128 (default)
2020-05-18 03:07:52,955 [pool-67-thread-1] INFO  server.RaftServerConfigKeys (ConfUtils.java:logGet(44)) - raft.server.log.statemachine.data.sync = true (default)
2020-05-18 03:07:52,956 [pool-67-thread-1] INFO  server.RaftServerConfigKeys (ConfUtils.java:logGet(44)) - raft.server.log.statemachine.data.sync.timeout = 10s (default)
2020-05-18 03:07:52,956 [pool-67-thread-1] INFO  server.RaftServerConfigKeys (ConfUtils.java:logGet(44)) - raft.server.log.statemachine.data.sync.timeout.retry = -1 (default)
2020-05-18 03:07:52,956 [pool-67-thread-1] INFO  server.RaftServerConfigKeys (ConfUtils.java:logGet(44)) - raft.server.log.statemachine.data.caching.enabled = true (custom)
2020-05-18 03:07:52,956 [pool-67-thread-1] INFO  segmented.SegmentedRaftLogWorker (SegmentedRaftLogWorker.java:lambda$new$0(129)) - b81fc208-e0a0-4370-b6cf-4dc02a2f1cdf@group-C38E4B309A7A-SegmentedRaftLogWorker: flushIndex: setUnconditionally 0 -> -1
2020-05-18 03:07:52,959 [pool-67-thread-1] INFO  server.RaftServerConfigKeys (ConfUtils.java:logGet(44)) - raft.server.snapshot.auto.trigger.enabled = true (custom)
2020-05-18 03:07:52,959 [pool-67-thread-1] INFO  server.RaftServerConfigKeys (ConfUtils.java:logGet(44)) - raft.server.snapshot.auto.trigger.threshold = 10000 (custom)
2020-05-18 03:07:52,959 [pool-67-thread-1] INFO  server.RaftServerConfigKeys (ConfUtils.java:logGet(44)) - raft.server.snapshot.retention.file.num = 5 (custom)
2020-05-18 03:07:52,960 [pool-67-thread-1] INFO  server.RaftServerConfigKeys (ConfUtils.java:logGet(44)) - raft.server.log.purge.upto.snapshot.index = false (default)
2020-05-18 03:07:52,960 [pool-67-thread-1] INFO  server.RaftServerConfigKeys (ConfUtils.java:logGet(44)) - raft.server.retrycache.expirytime = 600000ms (custom)
2020-05-18 03:07:52,960 [pool-67-thread-1] INFO  metrics.RatisMetrics (RatisMetrics.java:lambda$create$0(39)) - Creating Metrics Registry : ratis.leader_election.b81fc208-e0a0-4370-b6cf-4dc02a2f1cdf@group-C38E4B309A7A
2020-05-18 03:07:52,960 [Command processor thread] INFO  impl.RaftServerProxy (RaftServerProxy.java:addNew(89)) - 034d9298-83c2-4b87-9d91-d2864b54f400: addNew group-F56031DD7884:[034d9298-83c2-4b87-9d91-d2864b54f400:172.17.0.2:39127] returns group-F56031DD7884:java.util.concurrent.CompletableFuture@5837e59c[Not completed]
2020-05-18 03:07:52,961 [pool-67-thread-1] INFO  metrics.RatisMetrics (RatisMetrics.java:lambda$create$0(39)) - Creating Metrics Registry : ratis.server.b81fc208-e0a0-4370-b6cf-4dc02a2f1cdf@group-C38E4B309A7A
2020-05-18 03:07:52,963 [pool-67-thread-1] INFO  impl.RaftServerImpl (RaftServerImpl.java:start(184)) - b81fc208-e0a0-4370-b6cf-4dc02a2f1cdf@group-C38E4B309A7A: start as a follower, conf=-1: [0a5b46e7-bf6e-4f0d-ad76-5a5d3a2876a0:172.17.0.2:33145, b81fc208-e0a0-4370-b6cf-4dc02a2f1cdf:172.17.0.2:37653, 006e673b-7da9-4e17-8ccf-c494a3628f18:172.17.0.2:46225], old=null
2020-05-18 03:07:52,963 [pool-67-thread-1] INFO  impl.RaftServerImpl (RaftServerImpl.java:setRole(173)) - b81fc208-e0a0-4370-b6cf-4dc02a2f1cdf@group-C38E4B309A7A: changes role from      null to FOLLOWER at term 0 for startAsFollower
2020-05-18 03:07:52,963 [pool-67-thread-1] INFO  impl.RoleInfo (RoleInfo.java:updateAndGet(143)) - b81fc208-e0a0-4370-b6cf-4dc02a2f1cdf: start FollowerState
2020-05-18 03:07:52,963 [pool-67-thread-1] INFO  util.JmxRegister (JmxRegister.java:tryRegister(44)) - Successfully registered JMX Bean with object name Ratis:service=RaftServer,group=group-C38E4B309A7A,id=b81fc208-e0a0-4370-b6cf-4dc02a2f1cdf
2020-05-18 03:07:52,963 [pool-67-thread-1] INFO  metrics.RatisMetrics (RatisMetrics.java:lambda$create$0(39)) - Creating Metrics Registry : ratis.state_machine.b81fc208-e0a0-4370-b6cf-4dc02a2f1cdf@group-C38E4B309A7A
2020-05-18 03:07:52,970 [pool-83-thread-1] INFO  impl.RaftServerImpl (RaftServerImpl.java:<init>(98)) - 034d9298-83c2-4b87-9d91-d2864b54f400: new RaftServerImpl for group-F56031DD7884:[034d9298-83c2-4b87-9d91-d2864b54f400:172.17.0.2:39127] with ContainerStateMachine:uninitialized
2020-05-18 03:07:52,975 [pool-83-thread-1] INFO  server.RaftServerConfigKeys (ConfUtils.java:logGet(44)) - raft.server.rpc.timeout.min = 5s (custom)
2020-05-18 03:07:52,975 [pool-83-thread-1] INFO  server.RaftServerConfigKeys (ConfUtils.java:logGet(44)) - raft.server.rpc.timeout.max = 5200ms (custom)
2020-05-18 03:07:52,975 [pool-83-thread-1] INFO  server.RaftServerConfigKeys (ConfUtils.java:logGet(44)) - raft.server.rpcslowness.timeout = 300s (custom)
2020-05-18 03:07:52,975 [pool-83-thread-1] INFO  server.RaftServerConfigKeys (ConfUtils.java:logGet(44)) - raft.server.sleep.deviation.threshold = 300 (default)
2020-05-18 03:07:52,980 [pool-83-thread-1] INFO  server.RaftServerConfigKeys (ConfUtils.java:logGet(44)) - raft.server.log.appender.install.snapshot.enabled = false (custom)
2020-05-18 03:07:52,980 [pool-83-thread-1] INFO  impl.RaftServerImpl (ServerState.java:<init>(103)) - 034d9298-83c2-4b87-9d91-d2864b54f400@group-F56031DD7884: ConfigurationManager, init=-1: [034d9298-83c2-4b87-9d91-d2864b54f400:172.17.0.2:39127], old=null, confs=<EMPTY_MAP>
2020-05-18 03:07:52,980 [pool-83-thread-1] INFO  server.RaftServerConfigKeys (ConfUtils.java:logGet(44)) - raft.server.storage.dir = [/github/workspace/mnt/ozone/hadoop-ozone/integration-test/target/test-dir/MiniOzoneClusterImpl-69c03e2e-129d-4290-ae39-1295d90fd6d6/datanode-3/data/ratis] (custom)
2020-05-18 03:07:52,980 [pool-83-thread-1] INFO  server.RaftServerConfigKeys (ConfUtils.java:logGet(44)) - raft.server.log.corruption.policy = EXCEPTION (default)
2020-05-18 03:07:52,980 [pool-83-thread-1] INFO  storage.RaftStorageDirectory (RaftStorageDirectory.java:analyzeStorage(261)) - The storage directory /github/workspace/mnt/ozone/hadoop-ozone/integration-test/target/test-dir/MiniOzoneClusterImpl-69c03e2e-129d-4290-ae39-1295d90fd6d6/datanode-3/data/ratis/8bad409e-f335-4cfe-9fc6-f56031dd7884 does not exist. Creating ...
2020-05-18 03:07:52,982 [pool-83-thread-1] INFO  storage.RaftStorageDirectory (RaftStorageDirectory.java:tryLock(343)) - Lock on /github/workspace/mnt/ozone/hadoop-ozone/integration-test/target/test-dir/MiniOzoneClusterImpl-69c03e2e-129d-4290-ae39-1295d90fd6d6/datanode-3/data/ratis/8bad409e-f335-4cfe-9fc6-f56031dd7884/in_use.lock acquired by nodename 6931@e6a1a4110770
2020-05-18 03:07:52,986 [pool-83-thread-1] INFO  storage.RaftStorage (RaftStorage.java:format(84)) - Storage directory /github/workspace/mnt/ozone/hadoop-ozone/integration-test/target/test-dir/MiniOzoneClusterImpl-69c03e2e-129d-4290-ae39-1295d90fd6d6/datanode-3/data/ratis/8bad409e-f335-4cfe-9fc6-f56031dd7884 has been successfully formatted.
2020-05-18 03:07:52,987 [pool-83-thread-1] INFO  ratis.ContainerStateMachine (ContainerStateMachine.java:loadSnapshot(226)) - group-F56031DD7884: The snapshot info is null. Setting the last applied indexto:(t:0, i:~)
2020-05-18 03:07:52,987 [pool-83-thread-1] INFO  server.RaftServerConfigKeys (ConfUtils.java:logGet(44)) - raft.server.notification.no-leader.timeout = 60s (default)
2020-05-18 03:07:52,987 [pool-83-thread-1] INFO  server.RaftServerConfigKeys (ConfUtils.java:logGet(44)) - raft.server.log.use.memory = false (default)
2020-05-18 03:07:52,987 [pool-83-thread-1] INFO  server.RaftServerConfigKeys (ConfUtils.java:logGet(44)) - raft.server.log.purge.gap = 1000000 (custom)
2020-05-18 03:07:52,987 [pool-83-thread-1] INFO  server.RaftServerConfigKeys (ConfUtils.java:logGet(44)) - raft.server.log.appender.buffer.byte-limit = 33554432 (custom)
2020-05-18 03:07:52,987 [pool-83-thread-1] INFO  server.RaftServerConfigKeys (ConfUtils.java:logGet(44)) - raft.server.log.segment.size.max = 1048576 (custom)
2020-05-18 03:07:52,987 [pool-83-thread-1] INFO  metrics.RatisMetrics (RatisMetrics.java:lambda$create$0(39)) - Creating Metrics Registry : ratis.log_worker.034d9298-83c2-4b87-9d91-d2864b54f400
2020-05-18 03:07:52,988 [pool-83-thread-1] INFO  server.RaftServerConfigKeys (ConfUtils.java:logGet(44)) - raft.server.log.segment.cache.num.max = 2 (custom)
2020-05-18 03:07:52,988 [pool-83-thread-1] INFO  segmented.SegmentedRaftLogWorker (SegmentedRaftLogWorker.java:<init>(176)) - new 034d9298-83c2-4b87-9d91-d2864b54f400@group-F56031DD7884-SegmentedRaftLogWorker for RaftStorage:Storage Directory /github/workspace/mnt/ozone/hadoop-ozone/integration-test/target/test-dir/MiniOzoneClusterImpl-69c03e2e-129d-4290-ae39-1295d90fd6d6/datanode-3/data/ratis/8bad409e-f335-4cfe-9fc6-f56031dd7884
2020-05-18 03:07:52,988 [pool-83-thread-1] INFO  server.RaftServerConfigKeys (ConfUtils.java:logGet(44)) - raft.server.log.queue.byte-limit = 2147483647 (custom)
2020-05-18 03:07:52,988 [EventQueue-PipelineReportForPipelineReportHandler] INFO  pipeline.PipelineStateManager (PipelineStateManager.java:openPipeline(131)) - Pipeline Pipeline[ Id: 8bad409e-f335-4cfe-9fc6-f56031dd7884, Nodes: 034d9298-83c2-4b87-9d91-d2864b54f400{ip: 172.17.0.2, host: e6a1a4110770, networkLocation: /default-rack, certSerialId: null}, Type:RATIS, Factor:ONE, State:ALLOCATED, leaderId:034d9298-83c2-4b87-9d91-d2864b54f400, CreationTimestamp2020-05-18T03:07:49.962Z] moved to OPEN state
2020-05-18 03:07:52,988 [pool-83-thread-1] INFO  server.RaftServerConfigKeys (ConfUtils.java:logGet(44)) - raft.server.log.queue.element-limit = 1024 (custom)
2020-05-18 03:07:52,988 [EventQueue-OpenPipelineForOneReplicaPipelineSafeModeRule] INFO  safemode.SCMSafeModeManager (SCMSafeModeManager.java:validateSafeModeExitRules(213)) - AtleastOneDatanodeReportedRule rule is successfully validated
2020-05-18 03:07:52,989 [EventQueue-OpenPipelineForHealthyPipelineSafeModeRule] INFO  safemode.SCMSafeModeManager (HealthyPipelineSafeModeRule.java:process(132)) - SCM in safe mode. Healthy pipelines reported count is 0, required healthy pipeline reported count is 1
2020-05-18 03:07:52,988 [pool-83-thread-1] INFO  server.RaftServerConfigKeys (ConfUtils.java:logGet(44)) - raft.server.log.segment.size.max = 1048576 (custom)
2020-05-18 03:07:52,989 [pool-83-thread-1] INFO  server.RaftServerConfigKeys (ConfUtils.java:logGet(44)) - raft.server.log.preallocated.size = 16384 (custom)
2020-05-18 03:07:52,989 [pool-83-thread-1] INFO  server.RaftServerConfigKeys (ConfUtils.java:logGet(44)) - raft.server.log.write.buffer.size = 1048576 (custom)
2020-05-18 03:07:52,989 [pool-83-thread-1] INFO  server.RaftServerConfigKeys (ConfUtils.java:logGet(44)) - raft.server.log.force.sync.num = 128 (default)
2020-05-18 03:07:52,989 [pool-83-thread-1] INFO  server.RaftServerConfigKeys (ConfUtils.java:logGet(44)) - raft.server.log.statemachine.data.sync = true (default)
2020-05-18 03:07:52,989 [pool-83-thread-1] INFO  server.RaftServerConfigKeys (ConfUtils.java:logGet(44)) - raft.server.log.statemachine.data.sync.timeout = 10s (default)
2020-05-18 03:07:52,989 [pool-83-thread-1] INFO  server.RaftServerConfigKeys (ConfUtils.java:logGet(44)) - raft.server.log.statemachine.data.sync.timeout.retry = -1 (default)
2020-05-18 03:07:52,992 [pool-83-thread-1] INFO  server.RaftServerConfigKeys (ConfUtils.java:logGet(44)) - raft.server.log.statemachine.data.caching.enabled = true (custom)
2020-05-18 03:07:52,992 [pool-83-thread-1] INFO  segmented.SegmentedRaftLogWorker (SegmentedRaftLogWorker.java:lambda$new$0(129)) - 034d9298-83c2-4b87-9d91-d2864b54f400@group-F56031DD7884-SegmentedRaftLogWorker: flushIndex: setUnconditionally 0 -> -1
2020-05-18 03:07:53,002 [pool-83-thread-1] INFO  server.RaftServerConfigKeys (ConfUtils.java:logGet(44)) - raft.server.snapshot.auto.trigger.enabled = true (custom)
2020-05-18 03:07:53,002 [pool-83-thread-1] INFO  server.RaftServerConfigKeys (ConfUtils.java:logGet(44)) - raft.server.snapshot.auto.trigger.threshold = 10000 (custom)
2020-05-18 03:07:53,002 [pool-83-thread-1] INFO  server.RaftServerConfigKeys (ConfUtils.java:logGet(44)) - raft.server.snapshot.retention.file.num = 5 (custom)
2020-05-18 03:07:53,002 [pool-83-thread-1] INFO  server.RaftServerConfigKeys (ConfUtils.java:logGet(44)) - raft.server.log.purge.upto.snapshot.index = false (default)
2020-05-18 03:07:53,002 [pool-83-thread-1] INFO  server.RaftServerConfigKeys (ConfUtils.java:logGet(44)) - raft.server.retrycache.expirytime = 600000ms (custom)
2020-05-18 03:07:53,002 [pool-83-thread-1] INFO  metrics.RatisMetrics (RatisMetrics.java:lambda$create$0(39)) - Creating Metrics Registry : ratis.leader_election.034d9298-83c2-4b87-9d91-d2864b54f400@group-F56031DD7884
2020-05-18 03:07:53,003 [pool-83-thread-1] INFO  metrics.RatisMetrics (RatisMetrics.java:lambda$create$0(39)) - Creating Metrics Registry : ratis.server.034d9298-83c2-4b87-9d91-d2864b54f400@group-F56031DD7884
2020-05-18 03:07:53,009 [pool-83-thread-1] INFO  impl.RaftServerImpl (RaftServerImpl.java:start(184)) - 034d9298-83c2-4b87-9d91-d2864b54f400@group-F56031DD7884: start as a follower, conf=-1: [034d9298-83c2-4b87-9d91-d2864b54f400:172.17.0.2:39127], old=null
2020-05-18 03:07:53,009 [pool-83-thread-1] INFO  impl.RaftServerImpl (RaftServerImpl.java:setRole(173)) - 034d9298-83c2-4b87-9d91-d2864b54f400@group-F56031DD7884: changes role from      null to FOLLOWER at term 0 for startAsFollower
2020-05-18 03:07:53,009 [pool-83-thread-1] INFO  impl.RoleInfo (RoleInfo.java:updateAndGet(143)) - 034d9298-83c2-4b87-9d91-d2864b54f400: start FollowerState
2020-05-18 03:07:53,019 [pool-83-thread-1] INFO  util.JmxRegister (JmxRegister.java:tryRegister(44)) - Successfully registered JMX Bean with object name Ratis:service=RaftServer,group=group-F56031DD7884,id=034d9298-83c2-4b87-9d91-d2864b54f400
2020-05-18 03:07:53,020 [pool-83-thread-1] INFO  metrics.RatisMetrics (RatisMetrics.java:lambda$create$0(39)) - Creating Metrics Registry : ratis.state_machine.034d9298-83c2-4b87-9d91-d2864b54f400@group-F56031DD7884
2020-05-18 03:07:53,033 [Command processor thread] INFO  commandhandler.CreatePipelineCommandHandler (CreatePipelineCommandHandler.java:handle(109)) - Created Pipeline RATIS ONE #id: "8bad409e-f335-4cfe-9fc6-f56031dd7884"
.
2020-05-18 03:07:53,036 [Command processor thread] INFO  impl.RaftServerProxy (RaftServerProxy.java:addNew(89)) - 034d9298-83c2-4b87-9d91-d2864b54f400: addNew group-A426CC6B4293:[034d9298-83c2-4b87-9d91-d2864b54f400:172.17.0.2:39127, b2bccc9e-2238-4e20-9373-fe7e2ac220bd:172.17.0.2:35883, b63c0471-1403-43a2-b5dd-7d9e97cc5eb5:172.17.0.2:43001] returns group-A426CC6B4293:java.util.concurrent.CompletableFuture@5c087a42[Not completed]
2020-05-18 03:07:53,057 [Command processor thread] INFO  impl.RaftServerProxy (RaftServerProxy.java:addNew(89)) - b63c0471-1403-43a2-b5dd-7d9e97cc5eb5: addNew group-15954251A94D:[b63c0471-1403-43a2-b5dd-7d9e97cc5eb5:172.17.0.2:43001] returns group-15954251A94D:java.util.concurrent.CompletableFuture@38fda973[Not completed]
2020-05-18 03:07:53,139 [Command processor thread] INFO  impl.RaftServerProxy (RaftServerProxy.java:addNew(89)) - b2bccc9e-2238-4e20-9373-fe7e2ac220bd: addNew group-64292A3F53F3:[b2bccc9e-2238-4e20-9373-fe7e2ac220bd:172.17.0.2:35883] returns group-64292A3F53F3:java.util.concurrent.CompletableFuture@9010ae8[Not completed]
2020-05-18 03:07:53,192 [pool-115-thread-1] INFO  impl.RaftServerImpl (RaftServerImpl.java:<init>(98)) - b2bccc9e-2238-4e20-9373-fe7e2ac220bd: new RaftServerImpl for group-64292A3F53F3:[b2bccc9e-2238-4e20-9373-fe7e2ac220bd:172.17.0.2:35883] with ContainerStateMachine:uninitialized
2020-05-18 03:07:53,192 [pool-115-thread-1] INFO  server.RaftServerConfigKeys (ConfUtils.java:logGet(44)) - raft.server.rpc.timeout.min = 5s (custom)
2020-05-18 03:07:53,192 [pool-115-thread-1] INFO  server.RaftServerConfigKeys (ConfUtils.java:logGet(44)) - raft.server.rpc.timeout.max = 5200ms (custom)
2020-05-18 03:07:53,192 [pool-115-thread-1] INFO  server.RaftServerConfigKeys (ConfUtils.java:logGet(44)) - raft.server.rpcslowness.timeout = 300s (custom)
2020-05-18 03:07:53,192 [pool-115-thread-1] INFO  server.RaftServerConfigKeys (ConfUtils.java:logGet(44)) - raft.server.sleep.deviation.threshold = 300 (default)
2020-05-18 03:07:53,192 [pool-115-thread-1] INFO  server.RaftServerConfigKeys (ConfUtils.java:logGet(44)) - raft.server.log.appender.install.snapshot.enabled = false (custom)
2020-05-18 03:07:53,192 [pool-115-thread-1] INFO  impl.RaftServerImpl (ServerState.java:<init>(103)) - b2bccc9e-2238-4e20-9373-fe7e2ac220bd@group-64292A3F53F3: ConfigurationManager, init=-1: [b2bccc9e-2238-4e20-9373-fe7e2ac220bd:172.17.0.2:35883], old=null, confs=<EMPTY_MAP>
2020-05-18 03:07:53,192 [pool-115-thread-1] INFO  server.RaftServerConfigKeys (ConfUtils.java:logGet(44)) - raft.server.storage.dir = [/github/workspace/mnt/ozone/hadoop-ozone/integration-test/target/test-dir/MiniOzoneClusterImpl-69c03e2e-129d-4290-ae39-1295d90fd6d6/datanode-5/data/ratis] (custom)
2020-05-18 03:07:53,193 [pool-115-thread-1] INFO  server.RaftServerConfigKeys (ConfUtils.java:logGet(44)) - raft.server.log.corruption.policy = EXCEPTION (default)
2020-05-18 03:07:53,193 [pool-115-thread-1] INFO  storage.RaftStorageDirectory (RaftStorageDirectory.java:analyzeStorage(261)) - The storage directory /github/workspace/mnt/ozone/hadoop-ozone/integration-test/target/test-dir/MiniOzoneClusterImpl-69c03e2e-129d-4290-ae39-1295d90fd6d6/datanode-5/data/ratis/9ab464ec-428e-4acf-8ac4-64292a3f53f3 does not exist. Creating ...
2020-05-18 03:07:53,195 [pool-99-thread-1] INFO  impl.RaftServerImpl (RaftServerImpl.java:<init>(98)) - b63c0471-1403-43a2-b5dd-7d9e97cc5eb5: new RaftServerImpl for group-15954251A94D:[b63c0471-1403-43a2-b5dd-7d9e97cc5eb5:172.17.0.2:43001] with ContainerStateMachine:uninitialized
2020-05-18 03:07:53,195 [pool-99-thread-1] INFO  server.RaftServerConfigKeys (ConfUtils.java:logGet(44)) - raft.server.rpc.timeout.min = 5s (custom)
2020-05-18 03:07:53,196 [pool-99-thread-1] INFO  server.RaftServerConfigKeys (ConfUtils.java:logGet(44)) - raft.server.rpc.timeout.max = 5200ms (custom)
2020-05-18 03:07:53,196 [pool-99-thread-1] INFO  server.RaftServerConfigKeys (ConfUtils.java:logGet(44)) - raft.server.rpcslowness.timeout = 300s (custom)
2020-05-18 03:07:53,196 [pool-99-thread-1] INFO  server.RaftServerConfigKeys (ConfUtils.java:logGet(44)) - raft.server.sleep.deviation.threshold = 300 (default)
2020-05-18 03:07:53,196 [pool-99-thread-1] INFO  server.RaftServerConfigKeys (ConfUtils.java:logGet(44)) - raft.server.log.appender.install.snapshot.enabled = false (custom)
2020-05-18 03:07:53,196 [pool-99-thread-1] INFO  impl.RaftServerImpl (ServerState.java:<init>(103)) - b63c0471-1403-43a2-b5dd-7d9e97cc5eb5@group-15954251A94D: ConfigurationManager, init=-1: [b63c0471-1403-43a2-b5dd-7d9e97cc5eb5:172.17.0.2:43001], old=null, confs=<EMPTY_MAP>
2020-05-18 03:07:53,196 [pool-99-thread-1] INFO  server.RaftServerConfigKeys (ConfUtils.java:logGet(44)) - raft.server.storage.dir = [/github/workspace/mnt/ozone/hadoop-ozone/integration-test/target/test-dir/MiniOzoneClusterImpl-69c03e2e-129d-4290-ae39-1295d90fd6d6/datanode-4/data/ratis] (custom)
2020-05-18 03:07:53,196 [pool-99-thread-1] INFO  server.RaftServerConfigKeys (ConfUtils.java:logGet(44)) - raft.server.log.corruption.policy = EXCEPTION (default)
2020-05-18 03:07:53,196 [pool-99-thread-1] INFO  storage.RaftStorageDirectory (RaftStorageDirectory.java:analyzeStorage(261)) - The storage directory /github/workspace/mnt/ozone/hadoop-ozone/integration-test/target/test-dir/MiniOzoneClusterImpl-69c03e2e-129d-4290-ae39-1295d90fd6d6/datanode-4/data/ratis/1cf1c4ad-1a0f-432d-9aa0-15954251a94d does not exist. Creating ...
2020-05-18 03:07:53,197 [pool-83-thread-1] INFO  impl.RaftServerImpl (RaftServerImpl.java:<init>(98)) - 034d9298-83c2-4b87-9d91-d2864b54f400: new RaftServerImpl for group-A426CC6B4293:[034d9298-83c2-4b87-9d91-d2864b54f400:172.17.0.2:39127, b2bccc9e-2238-4e20-9373-fe7e2ac220bd:172.17.0.2:35883, b63c0471-1403-43a2-b5dd-7d9e97cc5eb5:172.17.0.2:43001] with ContainerStateMachine:uninitialized
2020-05-18 03:07:53,197 [pool-83-thread-1] INFO  server.RaftServerConfigKeys (ConfUtils.java:logGet(44)) - raft.server.rpc.timeout.min = 5s (custom)
2020-05-18 03:07:53,197 [pool-83-thread-1] INFO  server.RaftServerConfigKeys (ConfUtils.java:logGet(44)) - raft.server.rpc.timeout.max = 5200ms (custom)
2020-05-18 03:07:53,197 [pool-83-thread-1] INFO  server.RaftServerConfigKeys (ConfUtils.java:logGet(44)) - raft.server.rpcslowness.timeout = 300s (custom)
2020-05-18 03:07:53,197 [pool-83-thread-1] INFO  server.RaftServerConfigKeys (ConfUtils.java:logGet(44)) - raft.server.sleep.deviation.threshold = 300 (default)
2020-05-18 03:07:53,197 [pool-83-thread-1] INFO  server.RaftServerConfigKeys (ConfUtils.java:logGet(44)) - raft.server.log.appender.install.snapshot.enabled = false (custom)
2020-05-18 03:07:53,198 [pool-83-thread-1] INFO  impl.RaftServerImpl (ServerState.java:<init>(103)) - 034d9298-83c2-4b87-9d91-d2864b54f400@group-A426CC6B4293: ConfigurationManager, init=-1: [034d9298-83c2-4b87-9d91-d2864b54f400:172.17.0.2:39127, b2bccc9e-2238-4e20-9373-fe7e2ac220bd:172.17.0.2:35883, b63c0471-1403-43a2-b5dd-7d9e97cc5eb5:172.17.0.2:43001], old=null, confs=<EMPTY_MAP>
2020-05-18 03:07:53,198 [pool-83-thread-1] INFO  server.RaftServerConfigKeys (ConfUtils.java:logGet(44)) - raft.server.storage.dir = [/github/workspace/mnt/ozone/hadoop-ozone/integration-test/target/test-dir/MiniOzoneClusterImpl-69c03e2e-129d-4290-ae39-1295d90fd6d6/datanode-3/data/ratis] (custom)
2020-05-18 03:07:53,198 [pool-83-thread-1] INFO  server.RaftServerConfigKeys (ConfUtils.java:logGet(44)) - raft.server.log.corruption.policy = EXCEPTION (default)
2020-05-18 03:07:53,198 [pool-83-thread-1] INFO  storage.RaftStorageDirectory (RaftStorageDirectory.java:analyzeStorage(261)) - The storage directory /github/workspace/mnt/ozone/hadoop-ozone/integration-test/target/test-dir/MiniOzoneClusterImpl-69c03e2e-129d-4290-ae39-1295d90fd6d6/datanode-3/data/ratis/2487801a-ca37-410b-bad8-a426cc6b4293 does not exist. Creating ...
2020-05-18 03:07:53,198 [pool-99-thread-1] INFO  storage.RaftStorageDirectory (RaftStorageDirectory.java:tryLock(343)) - Lock on /github/workspace/mnt/ozone/hadoop-ozone/integration-test/target/test-dir/MiniOzoneClusterImpl-69c03e2e-129d-4290-ae39-1295d90fd6d6/datanode-4/data/ratis/1cf1c4ad-1a0f-432d-9aa0-15954251a94d/in_use.lock acquired by nodename 6931@e6a1a4110770
2020-05-18 03:07:53,198 [pool-115-thread-1] INFO  storage.RaftStorageDirectory (RaftStorageDirectory.java:tryLock(343)) - Lock on /github/workspace/mnt/ozone/hadoop-ozone/integration-test/target/test-dir/MiniOzoneClusterImpl-69c03e2e-129d-4290-ae39-1295d90fd6d6/datanode-5/data/ratis/9ab464ec-428e-4acf-8ac4-64292a3f53f3/in_use.lock acquired by nodename 6931@e6a1a4110770
2020-05-18 03:07:53,201 [pool-83-thread-1] INFO  storage.RaftStorageDirectory (RaftStorageDirectory.java:tryLock(343)) - Lock on /github/workspace/mnt/ozone/hadoop-ozone/integration-test/target/test-dir/MiniOzoneClusterImpl-69c03e2e-129d-4290-ae39-1295d90fd6d6/datanode-3/data/ratis/2487801a-ca37-410b-bad8-a426cc6b4293/in_use.lock acquired by nodename 6931@e6a1a4110770
2020-05-18 03:07:53,201 [pool-99-thread-1] INFO  storage.RaftStorage (RaftStorage.java:format(84)) - Storage directory /github/workspace/mnt/ozone/hadoop-ozone/integration-test/target/test-dir/MiniOzoneClusterImpl-69c03e2e-129d-4290-ae39-1295d90fd6d6/datanode-4/data/ratis/1cf1c4ad-1a0f-432d-9aa0-15954251a94d has been successfully formatted.
2020-05-18 03:07:53,201 [pool-115-thread-1] INFO  storage.RaftStorage (RaftStorage.java:format(84)) - Storage directory /github/workspace/mnt/ozone/hadoop-ozone/integration-test/target/test-dir/MiniOzoneClusterImpl-69c03e2e-129d-4290-ae39-1295d90fd6d6/datanode-5/data/ratis/9ab464ec-428e-4acf-8ac4-64292a3f53f3 has been successfully formatted.
2020-05-18 03:07:53,203 [pool-83-thread-1] INFO  storage.RaftStorage (RaftStorage.java:format(84)) - Storage directory /github/workspace/mnt/ozone/hadoop-ozone/integration-test/target/test-dir/MiniOzoneClusterImpl-69c03e2e-129d-4290-ae39-1295d90fd6d6/datanode-3/data/ratis/2487801a-ca37-410b-bad8-a426cc6b4293 has been successfully formatted.
2020-05-18 03:07:53,204 [pool-99-thread-1] INFO  ratis.ContainerStateMachine (ContainerStateMachine.java:loadSnapshot(226)) - group-15954251A94D: The snapshot info is null. Setting the last applied indexto:(t:0, i:~)
2020-05-18 03:07:53,204 [pool-99-thread-1] INFO  server.RaftServerConfigKeys (ConfUtils.java:logGet(44)) - raft.server.notification.no-leader.timeout = 60s (default)
2020-05-18 03:07:53,204 [pool-99-thread-1] INFO  server.RaftServerConfigKeys (ConfUtils.java:logGet(44)) - raft.server.log.use.memory = false (default)
2020-05-18 03:07:53,204 [pool-99-thread-1] INFO  server.RaftServerConfigKeys (ConfUtils.java:logGet(44)) - raft.server.log.purge.gap = 1000000 (custom)
2020-05-18 03:07:53,204 [pool-99-thread-1] INFO  server.RaftServerConfigKeys (ConfUtils.java:logGet(44)) - raft.server.log.appender.buffer.byte-limit = 33554432 (custom)
2020-05-18 03:07:53,204 [pool-99-thread-1] INFO  server.RaftServerConfigKeys (ConfUtils.java:logGet(44)) - raft.server.log.segment.size.max = 1048576 (custom)
2020-05-18 03:07:53,204 [pool-99-thread-1] INFO  metrics.RatisMetrics (RatisMetrics.java:lambda$create$0(39)) - Creating Metrics Registry : ratis.log_worker.b63c0471-1403-43a2-b5dd-7d9e97cc5eb5
2020-05-18 03:07:53,204 [EventQueue-PipelineReportForPipelineReportHandler] INFO  pipeline.PipelineStateManager (PipelineStateManager.java:openPipeline(131)) - Pipeline Pipeline[ Id: 1cf1c4ad-1a0f-432d-9aa0-15954251a94d, Nodes: b63c0471-1403-43a2-b5dd-7d9e97cc5eb5{ip: 172.17.0.2, host: e6a1a4110770, networkLocation: /default-rack, certSerialId: null}, Type:RATIS, Factor:ONE, State:ALLOCATED, leaderId:b63c0471-1403-43a2-b5dd-7d9e97cc5eb5, CreationTimestamp2020-05-18T03:07:50.054Z] moved to OPEN state
2020-05-18 03:07:53,205 [EventQueue-OpenPipelineForOneReplicaPipelineSafeModeRule] INFO  safemode.SCMSafeModeManager (SCMSafeModeManager.java:validateSafeModeExitRules(213)) - AtleastOneDatanodeReportedRule rule is successfully validated
2020-05-18 03:07:53,205 [EventQueue-OpenPipelineForHealthyPipelineSafeModeRule] INFO  safemode.SCMSafeModeManager (HealthyPipelineSafeModeRule.java:process(132)) - SCM in safe mode. Healthy pipelines reported count is 0, required healthy pipeline reported count is 1
2020-05-18 03:07:53,205 [pool-115-thread-1] INFO  ratis.ContainerStateMachine (ContainerStateMachine.java:loadSnapshot(226)) - group-64292A3F53F3: The snapshot info is null. Setting the last applied indexto:(t:0, i:~)
2020-05-18 03:07:53,205 [pool-115-thread-1] INFO  server.RaftServerConfigKeys (ConfUtils.java:logGet(44)) - raft.server.notification.no-leader.timeout = 60s (default)
2020-05-18 03:07:53,205 [pool-115-thread-1] INFO  server.RaftServerConfigKeys (ConfUtils.java:logGet(44)) - raft.server.log.use.memory = false (default)
2020-05-18 03:07:53,205 [pool-115-thread-1] INFO  server.RaftServerConfigKeys (ConfUtils.java:logGet(44)) - raft.server.log.purge.gap = 1000000 (custom)
2020-05-18 03:07:53,205 [pool-115-thread-1] INFO  server.RaftServerConfigKeys (ConfUtils.java:logGet(44)) - raft.server.log.appender.buffer.byte-limit = 33554432 (custom)
2020-05-18 03:07:53,206 [pool-115-thread-1] INFO  server.RaftServerConfigKeys (ConfUtils.java:logGet(44)) - raft.server.log.segment.size.max = 1048576 (custom)
2020-05-18 03:07:53,206 [pool-115-thread-1] INFO  metrics.RatisMetrics (RatisMetrics.java:lambda$create$0(39)) - Creating Metrics Registry : ratis.log_worker.b2bccc9e-2238-4e20-9373-fe7e2ac220bd
2020-05-18 03:07:53,206 [pool-99-thread-1] INFO  server.RaftServerConfigKeys (ConfUtils.java:logGet(44)) - raft.server.log.segment.cache.num.max = 2 (custom)
2020-05-18 03:07:53,206 [pool-99-thread-1] INFO  segmented.SegmentedRaftLogWorker (SegmentedRaftLogWorker.java:<init>(176)) - new b63c0471-1403-43a2-b5dd-7d9e97cc5eb5@group-15954251A94D-SegmentedRaftLogWorker for RaftStorage:Storage Directory /github/workspace/mnt/ozone/hadoop-ozone/integration-test/target/test-dir/MiniOzoneClusterImpl-69c03e2e-129d-4290-ae39-1295d90fd6d6/datanode-4/data/ratis/1cf1c4ad-1a0f-432d-9aa0-15954251a94d
2020-05-18 03:07:53,206 [pool-99-thread-1] INFO  server.RaftServerConfigKeys (ConfUtils.java:logGet(44)) - raft.server.log.queue.byte-limit = 2147483647 (custom)
2020-05-18 03:07:53,206 [pool-99-thread-1] INFO  server.RaftServerConfigKeys (ConfUtils.java:logGet(44)) - raft.server.log.queue.element-limit = 1024 (custom)
2020-05-18 03:07:53,206 [pool-99-thread-1] INFO  server.RaftServerConfigKeys (ConfUtils.java:logGet(44)) - raft.server.log.segment.size.max = 1048576 (custom)
2020-05-18 03:07:53,207 [pool-99-thread-1] INFO  server.RaftServerConfigKeys (ConfUtils.java:logGet(44)) - raft.server.log.preallocated.size = 16384 (custom)
2020-05-18 03:07:53,207 [pool-99-thread-1] INFO  server.RaftServerConfigKeys (ConfUtils.java:logGet(44)) - raft.server.log.write.buffer.size = 1048576 (custom)
2020-05-18 03:07:53,207 [pool-99-thread-1] INFO  server.RaftServerConfigKeys (ConfUtils.java:logGet(44)) - raft.server.log.force.sync.num = 128 (default)
2020-05-18 03:07:53,207 [pool-99-thread-1] INFO  server.RaftServerConfigKeys (ConfUtils.java:logGet(44)) - raft.server.log.statemachine.data.sync = true (default)
2020-05-18 03:07:53,207 [pool-99-thread-1] INFO  server.RaftServerConfigKeys (ConfUtils.java:logGet(44)) - raft.server.log.statemachine.data.sync.timeout = 10s (default)
2020-05-18 03:07:53,207 [pool-99-thread-1] INFO  server.RaftServerConfigKeys (ConfUtils.java:logGet(44)) - raft.server.log.statemachine.data.sync.timeout.retry = -1 (default)
2020-05-18 03:07:53,206 [EventQueue-PipelineReportForPipelineReportHandler] INFO  pipeline.PipelineStateManager (PipelineStateManager.java:openPipeline(131)) - Pipeline Pipeline[ Id: 9ab464ec-428e-4acf-8ac4-64292a3f53f3, Nodes: b2bccc9e-2238-4e20-9373-fe7e2ac220bd{ip: 172.17.0.2, host: e6a1a4110770, networkLocation: /default-rack, certSerialId: null}, Type:RATIS, Factor:ONE, State:ALLOCATED, leaderId:b2bccc9e-2238-4e20-9373-fe7e2ac220bd, CreationTimestamp2020-05-18T03:07:50.135Z] moved to OPEN state
2020-05-18 03:07:53,208 [EventQueue-OpenPipelineForOneReplicaPipelineSafeModeRule] INFO  safemode.SCMSafeModeManager (SCMSafeModeManager.java:validateSafeModeExitRules(213)) - AtleastOneDatanodeReportedRule rule is successfully validated
2020-05-18 03:07:53,208 [EventQueue-OpenPipelineForHealthyPipelineSafeModeRule] INFO  safemode.SCMSafeModeManager (HealthyPipelineSafeModeRule.java:process(132)) - SCM in safe mode. Healthy pipelines reported count is 0, required healthy pipeline reported count is 1
2020-05-18 03:07:53,206 [pool-115-thread-1] INFO  server.RaftServerConfigKeys (ConfUtils.java:logGet(44)) - raft.server.log.segment.cache.num.max = 2 (custom)
2020-05-18 03:07:53,208 [pool-115-thread-1] INFO  segmented.SegmentedRaftLogWorker (SegmentedRaftLogWorker.java:<init>(176)) - new b2bccc9e-2238-4e20-9373-fe7e2ac220bd@group-64292A3F53F3-SegmentedRaftLogWorker for RaftStorage:Storage Directory /github/workspace/mnt/ozone/hadoop-ozone/integration-test/target/test-dir/MiniOzoneClusterImpl-69c03e2e-129d-4290-ae39-1295d90fd6d6/datanode-5/data/ratis/9ab464ec-428e-4acf-8ac4-64292a3f53f3
2020-05-18 03:07:53,208 [pool-115-thread-1] INFO  server.RaftServerConfigKeys (ConfUtils.java:logGet(44)) - raft.server.log.queue.byte-limit = 2147483647 (custom)
2020-05-18 03:07:53,208 [pool-115-thread-1] INFO  server.RaftServerConfigKeys (ConfUtils.java:logGet(44)) - raft.server.log.queue.element-limit = 1024 (custom)
2020-05-18 03:07:53,209 [pool-115-thread-1] INFO  server.RaftServerConfigKeys (ConfUtils.java:logGet(44)) - raft.server.log.segment.size.max = 1048576 (custom)
2020-05-18 03:07:53,209 [pool-115-thread-1] INFO  server.RaftServerConfigKeys (ConfUtils.java:logGet(44)) - raft.server.log.preallocated.size = 16384 (custom)
2020-05-18 03:07:53,209 [pool-115-thread-1] INFO  server.RaftServerConfigKeys (ConfUtils.java:logGet(44)) - raft.server.log.write.buffer.size = 1048576 (custom)
2020-05-18 03:07:53,209 [pool-115-thread-1] INFO  server.RaftServerConfigKeys (ConfUtils.java:logGet(44)) - raft.server.log.force.sync.num = 128 (default)
2020-05-18 03:07:53,209 [pool-115-thread-1] INFO  server.RaftServerConfigKeys (ConfUtils.java:logGet(44)) - raft.server.log.statemachine.data.sync = true (default)
2020-05-18 03:07:53,209 [pool-115-thread-1] INFO  server.RaftServerConfigKeys (ConfUtils.java:logGet(44)) - raft.server.log.statemachine.data.sync.timeout = 10s (default)
2020-05-18 03:07:53,209 [pool-115-thread-1] INFO  server.RaftServerConfigKeys (ConfUtils.java:logGet(44)) - raft.server.log.statemachine.data.sync.timeout.retry = -1 (default)
2020-05-18 03:07:53,212 [pool-99-thread-1] INFO  server.RaftServerConfigKeys (ConfUtils.java:logGet(44)) - raft.server.log.statemachine.data.caching.enabled = true (custom)
2020-05-18 03:07:53,220 [pool-99-thread-1] INFO  segmented.SegmentedRaftLogWorker (SegmentedRaftLogWorker.java:lambda$new$0(129)) - b63c0471-1403-43a2-b5dd-7d9e97cc5eb5@group-15954251A94D-SegmentedRaftLogWorker: flushIndex: setUnconditionally 0 -> -1
2020-05-18 03:07:53,224 [pool-83-thread-1] INFO  ratis.ContainerStateMachine (ContainerStateMachine.java:loadSnapshot(226)) - group-A426CC6B4293: The snapshot info is null. Setting the last applied indexto:(t:0, i:~)
2020-05-18 03:07:53,224 [pool-83-thread-1] INFO  server.RaftServerConfigKeys (ConfUtils.java:logGet(44)) - raft.server.notification.no-leader.timeout = 60s (default)
2020-05-18 03:07:53,224 [pool-83-thread-1] INFO  server.RaftServerConfigKeys (ConfUtils.java:logGet(44)) - raft.server.log.use.memory = false (default)
2020-05-18 03:07:53,224 [pool-83-thread-1] INFO  server.RaftServerConfigKeys (ConfUtils.java:logGet(44)) - raft.server.log.purge.gap = 1000000 (custom)
2020-05-18 03:07:53,224 [pool-83-thread-1] INFO  server.RaftServerConfigKeys (ConfUtils.java:logGet(44)) - raft.server.log.appender.buffer.byte-limit = 33554432 (custom)
2020-05-18 03:07:53,224 [pool-83-thread-1] INFO  server.RaftServerConfigKeys (ConfUtils.java:logGet(44)) - raft.server.log.segment.size.max = 1048576 (custom)
2020-05-18 03:07:53,224 [pool-83-thread-1] INFO  server.RaftServerConfigKeys (ConfUtils.java:logGet(44)) - raft.server.log.segment.cache.num.max = 2 (custom)
2020-05-18 03:07:53,224 [pool-83-thread-1] INFO  segmented.SegmentedRaftLogWorker (SegmentedRaftLogWorker.java:<init>(176)) - new 034d9298-83c2-4b87-9d91-d2864b54f400@group-A426CC6B4293-SegmentedRaftLogWorker for RaftStorage:Storage Directory /github/workspace/mnt/ozone/hadoop-ozone/integration-test/target/test-dir/MiniOzoneClusterImpl-69c03e2e-129d-4290-ae39-1295d90fd6d6/datanode-3/data/ratis/2487801a-ca37-410b-bad8-a426cc6b4293
2020-05-18 03:07:53,225 [pool-83-thread-1] INFO  server.RaftServerConfigKeys (ConfUtils.java:logGet(44)) - raft.server.log.queue.byte-limit = 2147483647 (custom)
2020-05-18 03:07:53,225 [pool-83-thread-1] INFO  server.RaftServerConfigKeys (ConfUtils.java:logGet(44)) - raft.server.log.queue.element-limit = 1024 (custom)
2020-05-18 03:07:53,225 [pool-83-thread-1] INFO  server.RaftServerConfigKeys (ConfUtils.java:logGet(44)) - raft.server.log.segment.size.max = 1048576 (custom)
2020-05-18 03:07:53,225 [pool-83-thread-1] INFO  server.RaftServerConfigKeys (ConfUtils.java:logGet(44)) - raft.server.log.preallocated.size = 16384 (custom)
2020-05-18 03:07:53,225 [pool-83-thread-1] INFO  server.RaftServerConfigKeys (ConfUtils.java:logGet(44)) - raft.server.log.write.buffer.size = 1048576 (custom)
2020-05-18 03:07:53,225 [pool-83-thread-1] INFO  server.RaftServerConfigKeys (ConfUtils.java:logGet(44)) - raft.server.log.force.sync.num = 128 (default)
2020-05-18 03:07:53,225 [pool-83-thread-1] INFO  server.RaftServerConfigKeys (ConfUtils.java:logGet(44)) - raft.server.log.statemachine.data.sync = true (default)
2020-05-18 03:07:53,225 [pool-83-thread-1] INFO  server.RaftServerConfigKeys (ConfUtils.java:logGet(44)) - raft.server.log.statemachine.data.sync.timeout = 10s (default)
2020-05-18 03:07:53,225 [pool-83-thread-1] INFO  server.RaftServerConfigKeys (ConfUtils.java:logGet(44)) - raft.server.log.statemachine.data.sync.timeout.retry = -1 (default)
2020-05-18 03:07:53,226 [pool-83-thread-1] INFO  server.RaftServerConfigKeys (ConfUtils.java:logGet(44)) - raft.server.log.statemachine.data.caching.enabled = true (custom)
2020-05-18 03:07:53,226 [pool-83-thread-1] INFO  segmented.SegmentedRaftLogWorker (SegmentedRaftLogWorker.java:lambda$new$0(129)) - 034d9298-83c2-4b87-9d91-d2864b54f400@group-A426CC6B4293-SegmentedRaftLogWorker: flushIndex: setUnconditionally 0 -> -1
2020-05-18 03:07:53,227 [pool-83-thread-1] INFO  server.RaftServerConfigKeys (ConfUtils.java:logGet(44)) - raft.server.snapshot.auto.trigger.enabled = true (custom)
2020-05-18 03:07:53,227 [pool-83-thread-1] INFO  server.RaftServerConfigKeys (ConfUtils.java:logGet(44)) - raft.server.snapshot.auto.trigger.threshold = 10000 (custom)
2020-05-18 03:07:53,227 [pool-83-thread-1] INFO  server.RaftServerConfigKeys (ConfUtils.java:logGet(44)) - raft.server.snapshot.retention.file.num = 5 (custom)
2020-05-18 03:07:53,227 [pool-83-thread-1] INFO  server.RaftServerConfigKeys (ConfUtils.java:logGet(44)) - raft.server.log.purge.upto.snapshot.index = false (default)
2020-05-18 03:07:53,227 [pool-83-thread-1] INFO  server.RaftServerConfigKeys (ConfUtils.java:logGet(44)) - raft.server.retrycache.expirytime = 600000ms (custom)
2020-05-18 03:07:53,227 [pool-83-thread-1] INFO  metrics.RatisMetrics (RatisMetrics.java:lambda$create$0(39)) - Creating Metrics Registry : ratis.leader_election.034d9298-83c2-4b87-9d91-d2864b54f400@group-A426CC6B4293
2020-05-18 03:07:53,228 [pool-115-thread-1] INFO  server.RaftServerConfigKeys (ConfUtils.java:logGet(44)) - raft.server.log.statemachine.data.caching.enabled = true (custom)
2020-05-18 03:07:53,228 [pool-115-thread-1] INFO  segmented.SegmentedRaftLogWorker (SegmentedRaftLogWorker.java:lambda$new$0(129)) - b2bccc9e-2238-4e20-9373-fe7e2ac220bd@group-64292A3F53F3-SegmentedRaftLogWorker: flushIndex: setUnconditionally 0 -> -1
2020-05-18 03:07:53,228 [pool-83-thread-1] INFO  metrics.RatisMetrics (RatisMetrics.java:lambda$create$0(39)) - Creating Metrics Registry : ratis.server.034d9298-83c2-4b87-9d91-d2864b54f400@group-A426CC6B4293
2020-05-18 03:07:53,229 [pool-83-thread-1] INFO  impl.RaftServerImpl (RaftServerImpl.java:start(184)) - 034d9298-83c2-4b87-9d91-d2864b54f400@group-A426CC6B4293: start as a follower, conf=-1: [034d9298-83c2-4b87-9d91-d2864b54f400:172.17.0.2:39127, b2bccc9e-2238-4e20-9373-fe7e2ac220bd:172.17.0.2:35883, b63c0471-1403-43a2-b5dd-7d9e97cc5eb5:172.17.0.2:43001], old=null
2020-05-18 03:07:53,229 [pool-83-thread-1] INFO  impl.RaftServerImpl (RaftServerImpl.java:setRole(173)) - 034d9298-83c2-4b87-9d91-d2864b54f400@group-A426CC6B4293: changes role from      null to FOLLOWER at term 0 for startAsFollower
2020-05-18 03:07:53,230 [pool-115-thread-1] INFO  server.RaftServerConfigKeys (ConfUtils.java:logGet(44)) - raft.server.snapshot.auto.trigger.enabled = true (custom)
2020-05-18 03:07:53,230 [pool-115-thread-1] INFO  server.RaftServerConfigKeys (ConfUtils.java:logGet(44)) - raft.server.snapshot.auto.trigger.threshold = 10000 (custom)
2020-05-18 03:07:53,230 [pool-115-thread-1] INFO  server.RaftServerConfigKeys (ConfUtils.java:logGet(44)) - raft.server.snapshot.retention.file.num = 5 (custom)
2020-05-18 03:07:53,230 [pool-115-thread-1] INFO  server.RaftServerConfigKeys (ConfUtils.java:logGet(44)) - raft.server.log.purge.upto.snapshot.index = false (default)
2020-05-18 03:07:53,230 [pool-115-thread-1] INFO  server.RaftServerConfigKeys (ConfUtils.java:logGet(44)) - raft.server.retrycache.expirytime = 600000ms (custom)
2020-05-18 03:07:53,235 [pool-115-thread-1] INFO  metrics.RatisMetrics (RatisMetrics.java:lambda$create$0(39)) - Creating Metrics Registry : ratis.leader_election.b2bccc9e-2238-4e20-9373-fe7e2ac220bd@group-64292A3F53F3
2020-05-18 03:07:53,236 [pool-115-thread-1] INFO  metrics.RatisMetrics (RatisMetrics.java:lambda$create$0(39)) - Creating Metrics Registry : ratis.server.b2bccc9e-2238-4e20-9373-fe7e2ac220bd@group-64292A3F53F3
2020-05-18 03:07:53,237 [pool-115-thread-1] INFO  impl.RaftServerImpl (RaftServerImpl.java:start(184)) - b2bccc9e-2238-4e20-9373-fe7e2ac220bd@group-64292A3F53F3: start as a follower, conf=-1: [b2bccc9e-2238-4e20-9373-fe7e2ac220bd:172.17.0.2:35883], old=null
2020-05-18 03:07:53,237 [pool-115-thread-1] INFO  impl.RaftServerImpl (RaftServerImpl.java:setRole(173)) - b2bccc9e-2238-4e20-9373-fe7e2ac220bd@group-64292A3F53F3: changes role from      null to FOLLOWER at term 0 for startAsFollower
2020-05-18 03:07:53,256 [Command processor thread] INFO  impl.RaftServerProxy (RaftServerProxy.java:addNew(89)) - 9cf338a1-6343-46cc-9d3e-d929198416a4: addNew group-A36E7E6AF914:[9cf338a1-6343-46cc-9d3e-d929198416a4:172.17.0.2:35497] returns group-A36E7E6AF914:java.util.concurrent.CompletableFuture@7260581c[Not completed]
2020-05-18 03:07:53,259 [pool-99-thread-1] INFO  server.RaftServerConfigKeys (ConfUtils.java:logGet(44)) - raft.server.snapshot.auto.trigger.enabled = true (custom)
2020-05-18 03:07:53,260 [pool-99-thread-1] INFO  server.RaftServerConfigKeys (ConfUtils.java:logGet(44)) - raft.server.snapshot.auto.trigger.threshold = 10000 (custom)
2020-05-18 03:07:53,260 [pool-99-thread-1] INFO  server.RaftServerConfigKeys (ConfUtils.java:logGet(44)) - raft.server.snapshot.retention.file.num = 5 (custom)
2020-05-18 03:07:53,260 [pool-99-thread-1] INFO  server.RaftServerConfigKeys (ConfUtils.java:logGet(44)) - raft.server.log.purge.upto.snapshot.index = false (default)
2020-05-18 03:07:53,260 [pool-99-thread-1] INFO  server.RaftServerConfigKeys (ConfUtils.java:logGet(44)) - raft.server.retrycache.expirytime = 600000ms (custom)
2020-05-18 03:07:53,260 [pool-99-thread-1] INFO  metrics.RatisMetrics (RatisMetrics.java:lambda$create$0(39)) - Creating Metrics Registry : ratis.leader_election.b63c0471-1403-43a2-b5dd-7d9e97cc5eb5@group-15954251A94D
2020-05-18 03:07:53,260 [pool-115-thread-1] INFO  impl.RoleInfo (RoleInfo.java:updateAndGet(143)) - b2bccc9e-2238-4e20-9373-fe7e2ac220bd: start FollowerState
2020-05-18 03:07:53,261 [pool-99-thread-1] INFO  metrics.RatisMetrics (RatisMetrics.java:lambda$create$0(39)) - Creating Metrics Registry : ratis.server.b63c0471-1403-43a2-b5dd-7d9e97cc5eb5@group-15954251A94D
2020-05-18 03:07:53,262 [pool-99-thread-1] INFO  impl.RaftServerImpl (RaftServerImpl.java:start(184)) - b63c0471-1403-43a2-b5dd-7d9e97cc5eb5@group-15954251A94D: start as a follower, conf=-1: [b63c0471-1403-43a2-b5dd-7d9e97cc5eb5:172.17.0.2:43001], old=null
2020-05-18 03:07:53,262 [pool-99-thread-1] INFO  impl.RaftServerImpl (RaftServerImpl.java:setRole(173)) - b63c0471-1403-43a2-b5dd-7d9e97cc5eb5@group-15954251A94D: changes role from      null to FOLLOWER at term 0 for startAsFollower
2020-05-18 03:07:53,271 [pool-131-thread-1] INFO  impl.RaftServerImpl (RaftServerImpl.java:<init>(98)) - 9cf338a1-6343-46cc-9d3e-d929198416a4: new RaftServerImpl for group-A36E7E6AF914:[9cf338a1-6343-46cc-9d3e-d929198416a4:172.17.0.2:35497] with ContainerStateMachine:uninitialized
2020-05-18 03:07:53,271 [pool-131-thread-1] INFO  server.RaftServerConfigKeys (ConfUtils.java:logGet(44)) - raft.server.rpc.timeout.min = 5s (custom)
2020-05-18 03:07:53,271 [pool-131-thread-1] INFO  server.RaftServerConfigKeys (ConfUtils.java:logGet(44)) - raft.server.rpc.timeout.max = 5200ms (custom)
2020-05-18 03:07:53,271 [pool-131-thread-1] INFO  server.RaftServerConfigKeys (ConfUtils.java:logGet(44)) - raft.server.rpcslowness.timeout = 300s (custom)
2020-05-18 03:07:53,271 [pool-131-thread-1] INFO  server.RaftServerConfigKeys (ConfUtils.java:logGet(44)) - raft.server.sleep.deviation.threshold = 300 (default)
2020-05-18 03:07:53,271 [pool-131-thread-1] INFO  server.RaftServerConfigKeys (ConfUtils.java:logGet(44)) - raft.server.log.appender.install.snapshot.enabled = false (custom)
2020-05-18 03:07:53,271 [pool-131-thread-1] INFO  impl.RaftServerImpl (ServerState.java:<init>(103)) - 9cf338a1-6343-46cc-9d3e-d929198416a4@group-A36E7E6AF914: ConfigurationManager, init=-1: [9cf338a1-6343-46cc-9d3e-d929198416a4:172.17.0.2:35497], old=null, confs=<EMPTY_MAP>
2020-05-18 03:07:53,274 [pool-131-thread-1] INFO  server.RaftServerConfigKeys (ConfUtils.java:logGet(44)) - raft.server.storage.dir = [/github/workspace/mnt/ozone/hadoop-ozone/integration-test/target/test-dir/MiniOzoneClusterImpl-69c03e2e-129d-4290-ae39-1295d90fd6d6/datanode-6/data/ratis] (custom)
2020-05-18 03:07:53,274 [pool-131-thread-1] INFO  server.RaftServerConfigKeys (ConfUtils.java:logGet(44)) - raft.server.log.corruption.policy = EXCEPTION (default)
2020-05-18 03:07:53,274 [pool-115-thread-1] INFO  util.JmxRegister (JmxRegister.java:tryRegister(44)) - Successfully registered JMX Bean with object name Ratis:service=RaftServer,group=group-64292A3F53F3,id=b2bccc9e-2238-4e20-9373-fe7e2ac220bd
2020-05-18 03:07:53,274 [pool-115-thread-1] INFO  metrics.RatisMetrics (RatisMetrics.java:lambda$create$0(39)) - Creating Metrics Registry : ratis.state_machine.b2bccc9e-2238-4e20-9373-fe7e2ac220bd@group-64292A3F53F3
2020-05-18 03:07:53,277 [pool-131-thread-1] INFO  storage.RaftStorageDirectory (RaftStorageDirectory.java:analyzeStorage(261)) - The storage directory /github/workspace/mnt/ozone/hadoop-ozone/integration-test/target/test-dir/MiniOzoneClusterImpl-69c03e2e-129d-4290-ae39-1295d90fd6d6/datanode-6/data/ratis/053ad6a7-c5c4-42a1-8522-a36e7e6af914 does not exist. Creating ...
2020-05-18 03:07:53,279 [pool-131-thread-1] INFO  storage.RaftStorageDirectory (RaftStorageDirectory.java:tryLock(343)) - Lock on /github/workspace/mnt/ozone/hadoop-ozone/integration-test/target/test-dir/MiniOzoneClusterImpl-69c03e2e-129d-4290-ae39-1295d90fd6d6/datanode-6/data/ratis/053ad6a7-c5c4-42a1-8522-a36e7e6af914/in_use.lock acquired by nodename 6931@e6a1a4110770
2020-05-18 03:07:53,283 [pool-131-thread-1] INFO  storage.RaftStorage (RaftStorage.java:format(84)) - Storage directory /github/workspace/mnt/ozone/hadoop-ozone/integration-test/target/test-dir/MiniOzoneClusterImpl-69c03e2e-129d-4290-ae39-1295d90fd6d6/datanode-6/data/ratis/053ad6a7-c5c4-42a1-8522-a36e7e6af914 has been successfully formatted.
2020-05-18 03:07:53,285 [pool-83-thread-1] INFO  impl.RoleInfo (RoleInfo.java:updateAndGet(143)) - 034d9298-83c2-4b87-9d91-d2864b54f400: start FollowerState
2020-05-18 03:07:53,285 [Command processor thread] INFO  commandhandler.CreatePipelineCommandHandler (CreatePipelineCommandHandler.java:handle(109)) - Created Pipeline RATIS ONE #id: "9ab464ec-428e-4acf-8ac4-64292a3f53f3"
.
2020-05-18 03:07:53,291 [pool-83-thread-1] INFO  util.JmxRegister (JmxRegister.java:tryRegister(44)) - Successfully registered JMX Bean with object name Ratis:service=RaftServer,group=group-A426CC6B4293,id=034d9298-83c2-4b87-9d91-d2864b54f400
2020-05-18 03:07:53,291 [pool-83-thread-1] INFO  metrics.RatisMetrics (RatisMetrics.java:lambda$create$0(39)) - Creating Metrics Registry : ratis.state_machine.034d9298-83c2-4b87-9d91-d2864b54f400@group-A426CC6B4293
2020-05-18 03:07:53,301 [Command processor thread] INFO  impl.RaftServerProxy (RaftServerProxy.java:addNew(89)) - b2bccc9e-2238-4e20-9373-fe7e2ac220bd: addNew group-A426CC6B4293:[034d9298-83c2-4b87-9d91-d2864b54f400:172.17.0.2:39127, b2bccc9e-2238-4e20-9373-fe7e2ac220bd:172.17.0.2:35883, b63c0471-1403-43a2-b5dd-7d9e97cc5eb5:172.17.0.2:43001] returns group-A426CC6B4293:java.util.concurrent.CompletableFuture@d3e8f10[Not completed]
2020-05-18 03:07:53,306 [pool-99-thread-1] INFO  impl.RoleInfo (RoleInfo.java:updateAndGet(143)) - b63c0471-1403-43a2-b5dd-7d9e97cc5eb5: start FollowerState
2020-05-18 03:07:53,306 [pool-131-thread-1] INFO  ratis.ContainerStateMachine (ContainerStateMachine.java:loadSnapshot(226)) - group-A36E7E6AF914: The snapshot info is null. Setting the last applied indexto:(t:0, i:~)
2020-05-18 03:07:53,306 [pool-131-thread-1] INFO  server.RaftServerConfigKeys (ConfUtils.java:logGet(44)) - raft.server.notification.no-leader.timeout = 60s (default)
2020-05-18 03:07:53,306 [pool-99-thread-1] INFO  util.JmxRegister (JmxRegister.java:tryRegister(44)) - Successfully registered JMX Bean with object name Ratis:service=RaftServer,group=group-15954251A94D,id=b63c0471-1403-43a2-b5dd-7d9e97cc5eb5
2020-05-18 03:07:53,306 [pool-99-thread-1] INFO  metrics.RatisMetrics (RatisMetrics.java:lambda$create$0(39)) - Creating Metrics Registry : ratis.state_machine.b63c0471-1403-43a2-b5dd-7d9e97cc5eb5@group-15954251A94D
2020-05-18 03:07:53,307 [EventQueue-PipelineReportForPipelineReportHandler] INFO  pipeline.PipelineStateManager (PipelineStateManager.java:openPipeline(131)) - Pipeline Pipeline[ Id: 053ad6a7-c5c4-42a1-8522-a36e7e6af914, Nodes: 9cf338a1-6343-46cc-9d3e-d929198416a4{ip: 172.17.0.2, host: e6a1a4110770, networkLocation: /default-rack, certSerialId: null}, Type:RATIS, Factor:ONE, State:ALLOCATED, leaderId:9cf338a1-6343-46cc-9d3e-d929198416a4, CreationTimestamp2020-05-18T03:07:50.221Z] moved to OPEN state
2020-05-18 03:07:53,307 [EventQueue-OpenPipelineForOneReplicaPipelineSafeModeRule] INFO  safemode.SCMSafeModeManager (SCMSafeModeManager.java:validateSafeModeExitRules(213)) - AtleastOneDatanodeReportedRule rule is successfully validated
2020-05-18 03:07:53,307 [EventQueue-OpenPipelineForHealthyPipelineSafeModeRule] INFO  safemode.SCMSafeModeManager (HealthyPipelineSafeModeRule.java:process(132)) - SCM in safe mode. Healthy pipelines reported count is 0, required healthy pipeline reported count is 1
2020-05-18 03:07:53,309 [pool-131-thread-1] INFO  server.RaftServerConfigKeys (ConfUtils.java:logGet(44)) - raft.server.log.use.memory = false (default)
2020-05-18 03:07:53,310 [pool-131-thread-1] INFO  server.RaftServerConfigKeys (ConfUtils.java:logGet(44)) - raft.server.log.purge.gap = 1000000 (custom)
2020-05-18 03:07:53,310 [pool-131-thread-1] INFO  server.RaftServerConfigKeys (ConfUtils.java:logGet(44)) - raft.server.log.appender.buffer.byte-limit = 33554432 (custom)
2020-05-18 03:07:53,310 [pool-131-thread-1] INFO  server.RaftServerConfigKeys (ConfUtils.java:logGet(44)) - raft.server.log.segment.size.max = 1048576 (custom)
2020-05-18 03:07:53,310 [pool-131-thread-1] INFO  metrics.RatisMetrics (RatisMetrics.java:lambda$create$0(39)) - Creating Metrics Registry : ratis.log_worker.9cf338a1-6343-46cc-9d3e-d929198416a4
2020-05-18 03:07:53,333 [pool-131-thread-1] INFO  server.RaftServerConfigKeys (ConfUtils.java:logGet(44)) - raft.server.log.segment.cache.num.max = 2 (custom)
2020-05-18 03:07:53,333 [pool-131-thread-1] INFO  segmented.SegmentedRaftLogWorker (SegmentedRaftLogWorker.java:<init>(176)) - new 9cf338a1-6343-46cc-9d3e-d929198416a4@group-A36E7E6AF914-SegmentedRaftLogWorker for RaftStorage:Storage Directory /github/workspace/mnt/ozone/hadoop-ozone/integration-test/target/test-dir/MiniOzoneClusterImpl-69c03e2e-129d-4290-ae39-1295d90fd6d6/datanode-6/data/ratis/053ad6a7-c5c4-42a1-8522-a36e7e6af914
2020-05-18 03:07:53,333 [pool-131-thread-1] INFO  server.RaftServerConfigKeys (ConfUtils.java:logGet(44)) - raft.server.log.queue.byte-limit = 2147483647 (custom)
2020-05-18 03:07:53,333 [pool-131-thread-1] INFO  server.RaftServerConfigKeys (ConfUtils.java:logGet(44)) - raft.server.log.queue.element-limit = 1024 (custom)
2020-05-18 03:07:53,333 [pool-131-thread-1] INFO  server.RaftServerConfigKeys (ConfUtils.java:logGet(44)) - raft.server.log.segment.size.max = 1048576 (custom)
2020-05-18 03:07:53,333 [pool-131-thread-1] INFO  server.RaftServerConfigKeys (ConfUtils.java:logGet(44)) - raft.server.log.preallocated.size = 16384 (custom)
2020-05-18 03:07:53,333 [pool-131-thread-1] INFO  server.RaftServerConfigKeys (ConfUtils.java:logGet(44)) - raft.server.log.write.buffer.size = 1048576 (custom)
2020-05-18 03:07:53,334 [pool-131-thread-1] INFO  server.RaftServerConfigKeys (ConfUtils.java:logGet(44)) - raft.server.log.force.sync.num = 128 (default)
2020-05-18 03:07:53,334 [pool-131-thread-1] INFO  server.RaftServerConfigKeys (ConfUtils.java:logGet(44)) - raft.server.log.statemachine.data.sync = true (default)
2020-05-18 03:07:53,334 [pool-131-thread-1] INFO  server.RaftServerConfigKeys (ConfUtils.java:logGet(44)) - raft.server.log.statemachine.data.sync.timeout = 10s (default)
2020-05-18 03:07:53,334 [pool-131-thread-1] INFO  server.RaftServerConfigKeys (ConfUtils.java:logGet(44)) - raft.server.log.statemachine.data.sync.timeout.retry = -1 (default)
2020-05-18 03:07:53,337 [pool-115-thread-1] INFO  impl.RaftServerImpl (RaftServerImpl.java:<init>(98)) - b2bccc9e-2238-4e20-9373-fe7e2ac220bd: new RaftServerImpl for group-A426CC6B4293:[034d9298-83c2-4b87-9d91-d2864b54f400:172.17.0.2:39127, b2bccc9e-2238-4e20-9373-fe7e2ac220bd:172.17.0.2:35883, b63c0471-1403-43a2-b5dd-7d9e97cc5eb5:172.17.0.2:43001] with ContainerStateMachine:uninitialized
2020-05-18 03:07:53,337 [pool-115-thread-1] INFO  server.RaftServerConfigKeys (ConfUtils.java:logGet(44)) - raft.server.rpc.timeout.min = 5s (custom)
2020-05-18 03:07:53,337 [pool-115-thread-1] INFO  server.RaftServerConfigKeys (ConfUtils.java:logGet(44)) - raft.server.rpc.timeout.max = 5200ms (custom)
2020-05-18 03:07:53,337 [pool-115-thread-1] INFO  server.RaftServerConfigKeys (ConfUtils.java:logGet(44)) - raft.server.rpcslowness.timeout = 300s (custom)
2020-05-18 03:07:53,337 [pool-115-thread-1] INFO  server.RaftServerConfigKeys (ConfUtils.java:logGet(44)) - raft.server.sleep.deviation.threshold = 300 (default)
2020-05-18 03:07:53,337 [pool-115-thread-1] INFO  server.RaftServerConfigKeys (ConfUtils.java:logGet(44)) - raft.server.log.appender.install.snapshot.enabled = false (custom)
2020-05-18 03:07:53,337 [pool-115-thread-1] INFO  impl.RaftServerImpl (ServerState.java:<init>(103)) - b2bccc9e-2238-4e20-9373-fe7e2ac220bd@group-A426CC6B4293: ConfigurationManager, init=-1: [034d9298-83c2-4b87-9d91-d2864b54f400:172.17.0.2:39127, b2bccc9e-2238-4e20-9373-fe7e2ac220bd:172.17.0.2:35883, b63c0471-1403-43a2-b5dd-7d9e97cc5eb5:172.17.0.2:43001], old=null, confs=<EMPTY_MAP>
2020-05-18 03:07:53,337 [pool-115-thread-1] INFO  server.RaftServerConfigKeys (ConfUtils.java:logGet(44)) - raft.server.storage.dir = [/github/workspace/mnt/ozone/hadoop-ozone/integration-test/target/test-dir/MiniOzoneClusterImpl-69c03e2e-129d-4290-ae39-1295d90fd6d6/datanode-5/data/ratis] (custom)
2020-05-18 03:07:53,338 [pool-115-thread-1] INFO  server.RaftServerConfigKeys (ConfUtils.java:logGet(44)) - raft.server.log.corruption.policy = EXCEPTION (default)
2020-05-18 03:07:53,338 [pool-115-thread-1] INFO  storage.RaftStorageDirectory (RaftStorageDirectory.java:analyzeStorage(261)) - The storage directory /github/workspace/mnt/ozone/hadoop-ozone/integration-test/target/test-dir/MiniOzoneClusterImpl-69c03e2e-129d-4290-ae39-1295d90fd6d6/datanode-5/data/ratis/2487801a-ca37-410b-bad8-a426cc6b4293 does not exist. Creating ...
2020-05-18 03:07:53,340 [pool-131-thread-1] INFO  server.RaftServerConfigKeys (ConfUtils.java:logGet(44)) - raft.server.log.statemachine.data.caching.enabled = true (custom)
2020-05-18 03:07:53,343 [pool-131-thread-1] INFO  segmented.SegmentedRaftLogWorker (SegmentedRaftLogWorker.java:lambda$new$0(129)) - 9cf338a1-6343-46cc-9d3e-d929198416a4@group-A36E7E6AF914-SegmentedRaftLogWorker: flushIndex: setUnconditionally 0 -> -1
2020-05-18 03:07:53,344 [pool-115-thread-1] INFO  storage.RaftStorageDirectory (RaftStorageDirectory.java:tryLock(343)) - Lock on /github/workspace/mnt/ozone/hadoop-ozone/integration-test/target/test-dir/MiniOzoneClusterImpl-69c03e2e-129d-4290-ae39-1295d90fd6d6/datanode-5/data/ratis/2487801a-ca37-410b-bad8-a426cc6b4293/in_use.lock acquired by nodename 6931@e6a1a4110770
2020-05-18 03:07:53,345 [pool-115-thread-1] INFO  storage.RaftStorage (RaftStorage.java:format(84)) - Storage directory /github/workspace/mnt/ozone/hadoop-ozone/integration-test/target/test-dir/MiniOzoneClusterImpl-69c03e2e-129d-4290-ae39-1295d90fd6d6/datanode-5/data/ratis/2487801a-ca37-410b-bad8-a426cc6b4293 has been successfully formatted.
2020-05-18 03:07:53,351 [pool-115-thread-1] INFO  ratis.ContainerStateMachine (ContainerStateMachine.java:loadSnapshot(226)) - group-A426CC6B4293: The snapshot info is null. Setting the last applied indexto:(t:0, i:~)
2020-05-18 03:07:53,351 [Command processor thread] INFO  commandhandler.CreatePipelineCommandHandler (CreatePipelineCommandHandler.java:handle(109)) - Created Pipeline RATIS ONE #id: "1cf1c4ad-1a0f-432d-9aa0-15954251a94d"
.
2020-05-18 03:07:53,351 [pool-115-thread-1] INFO  server.RaftServerConfigKeys (ConfUtils.java:logGet(44)) - raft.server.notification.no-leader.timeout = 60s (default)
2020-05-18 03:07:53,352 [pool-115-thread-1] INFO  server.RaftServerConfigKeys (ConfUtils.java:logGet(44)) - raft.server.log.use.memory = false (default)
2020-05-18 03:07:53,352 [pool-115-thread-1] INFO  server.RaftServerConfigKeys (ConfUtils.java:logGet(44)) - raft.server.log.purge.gap = 1000000 (custom)
2020-05-18 03:07:53,352 [pool-115-thread-1] INFO  server.RaftServerConfigKeys (ConfUtils.java:logGet(44)) - raft.server.log.appender.buffer.byte-limit = 33554432 (custom)
2020-05-18 03:07:53,352 [pool-115-thread-1] INFO  server.RaftServerConfigKeys (ConfUtils.java:logGet(44)) - raft.server.log.segment.size.max = 1048576 (custom)
2020-05-18 03:07:53,352 [pool-115-thread-1] INFO  server.RaftServerConfigKeys (ConfUtils.java:logGet(44)) - raft.server.log.segment.cache.num.max = 2 (custom)
2020-05-18 03:07:53,352 [pool-115-thread-1] INFO  segmented.SegmentedRaftLogWorker (SegmentedRaftLogWorker.java:<init>(176)) - new b2bccc9e-2238-4e20-9373-fe7e2ac220bd@group-A426CC6B4293-SegmentedRaftLogWorker for RaftStorage:Storage Directory /github/workspace/mnt/ozone/hadoop-ozone/integration-test/target/test-dir/MiniOzoneClusterImpl-69c03e2e-129d-4290-ae39-1295d90fd6d6/datanode-5/data/ratis/2487801a-ca37-410b-bad8-a426cc6b4293
2020-05-18 03:07:53,352 [pool-115-thread-1] INFO  server.RaftServerConfigKeys (ConfUtils.java:logGet(44)) - raft.server.log.queue.byte-limit = 2147483647 (custom)
2020-05-18 03:07:53,352 [pool-115-thread-1] INFO  server.RaftServerConfigKeys (ConfUtils.java:logGet(44)) - raft.server.log.queue.element-limit = 1024 (custom)
2020-05-18 03:07:53,352 [pool-115-thread-1] INFO  server.RaftServerConfigKeys (ConfUtils.java:logGet(44)) - raft.server.log.segment.size.max = 1048576 (custom)
2020-05-18 03:07:53,352 [pool-115-thread-1] INFO  server.RaftServerConfigKeys (ConfUtils.java:logGet(44)) - raft.server.log.preallocated.size = 16384 (custom)
2020-05-18 03:07:53,353 [pool-115-thread-1] INFO  server.RaftServerConfigKeys (ConfUtils.java:logGet(44)) - raft.server.log.write.buffer.size = 1048576 (custom)
2020-05-18 03:07:53,353 [pool-115-thread-1] INFO  server.RaftServerConfigKeys (ConfUtils.java:logGet(44)) - raft.server.log.force.sync.num = 128 (default)
2020-05-18 03:07:53,353 [pool-115-thread-1] INFO  server.RaftServerConfigKeys (ConfUtils.java:logGet(44)) - raft.server.log.statemachine.data.sync = true (default)
2020-05-18 03:07:53,353 [pool-115-thread-1] INFO  server.RaftServerConfigKeys (ConfUtils.java:logGet(44)) - raft.server.log.statemachine.data.sync.timeout = 10s (default)
2020-05-18 03:07:53,353 [pool-115-thread-1] INFO  server.RaftServerConfigKeys (ConfUtils.java:logGet(44)) - raft.server.log.statemachine.data.sync.timeout.retry = -1 (default)
2020-05-18 03:07:53,367 [Command processor thread] INFO  impl.RaftServerProxy (RaftServerProxy.java:addNew(89)) - b3b39523-19fd-47b3-8de5-13395c27e2ba: addNew group-041F7FF9229F:[b3b39523-19fd-47b3-8de5-13395c27e2ba:172.17.0.2:36197] returns group-041F7FF9229F:java.util.concurrent.CompletableFuture@681b8f5b[Not completed]
2020-05-18 03:07:53,368 [pool-131-thread-1] INFO  server.RaftServerConfigKeys (ConfUtils.java:logGet(44)) - raft.server.snapshot.auto.trigger.enabled = true (custom)
2020-05-18 03:07:53,368 [pool-131-thread-1] INFO  server.RaftServerConfigKeys (ConfUtils.java:logGet(44)) - raft.server.snapshot.auto.trigger.threshold = 10000 (custom)
2020-05-18 03:07:53,368 [pool-131-thread-1] INFO  server.RaftServerConfigKeys (ConfUtils.java:logGet(44)) - raft.server.snapshot.retention.file.num = 5 (custom)
2020-05-18 03:07:53,368 [pool-131-thread-1] INFO  server.RaftServerConfigKeys (ConfUtils.java:logGet(44)) - raft.server.log.purge.upto.snapshot.index = false (default)
2020-05-18 03:07:53,368 [pool-131-thread-1] INFO  server.RaftServerConfigKeys (ConfUtils.java:logGet(44)) - raft.server.retrycache.expirytime = 600000ms (custom)
2020-05-18 03:07:53,368 [pool-131-thread-1] INFO  metrics.RatisMetrics (RatisMetrics.java:lambda$create$0(39)) - Creating Metrics Registry : ratis.leader_election.9cf338a1-6343-46cc-9d3e-d929198416a4@group-A36E7E6AF914
2020-05-18 03:07:53,368 [pool-115-thread-1] INFO  server.RaftServerConfigKeys (ConfUtils.java:logGet(44)) - raft.server.log.statemachine.data.caching.enabled = true (custom)
2020-05-18 03:07:53,369 [pool-115-thread-1] INFO  segmented.SegmentedRaftLogWorker (SegmentedRaftLogWorker.java:lambda$new$0(129)) - b2bccc9e-2238-4e20-9373-fe7e2ac220bd@group-A426CC6B4293-SegmentedRaftLogWorker: flushIndex: setUnconditionally 0 -> -1
2020-05-18 03:07:53,370 [pool-131-thread-1] INFO  metrics.RatisMetrics (RatisMetrics.java:lambda$create$0(39)) - Creating Metrics Registry : ratis.server.9cf338a1-6343-46cc-9d3e-d929198416a4@group-A36E7E6AF914
2020-05-18 03:07:53,373 [pool-131-thread-1] INFO  impl.RaftServerImpl (RaftServerImpl.java:start(184)) - 9cf338a1-6343-46cc-9d3e-d929198416a4@group-A36E7E6AF914: start as a follower, conf=-1: [9cf338a1-6343-46cc-9d3e-d929198416a4:172.17.0.2:35497], old=null
2020-05-18 03:07:53,375 [pool-131-thread-1] INFO  impl.RaftServerImpl (RaftServerImpl.java:setRole(173)) - 9cf338a1-6343-46cc-9d3e-d929198416a4@group-A36E7E6AF914: changes role from      null to FOLLOWER at term 0 for startAsFollower
2020-05-18 03:07:53,374 [pool-147-thread-1] INFO  impl.RaftServerImpl (RaftServerImpl.java:<init>(98)) - b3b39523-19fd-47b3-8de5-13395c27e2ba: new RaftServerImpl for group-041F7FF9229F:[b3b39523-19fd-47b3-8de5-13395c27e2ba:172.17.0.2:36197] with ContainerStateMachine:uninitialized
2020-05-18 03:07:53,375 [pool-147-thread-1] INFO  server.RaftServerConfigKeys (ConfUtils.java:logGet(44)) - raft.server.rpc.timeout.min = 5s (custom)
2020-05-18 03:07:53,376 [pool-147-thread-1] INFO  server.RaftServerConfigKeys (ConfUtils.java:logGet(44)) - raft.server.rpc.timeout.max = 5200ms (custom)
2020-05-18 03:07:53,376 [pool-147-thread-1] INFO  server.RaftServerConfigKeys (ConfUtils.java:logGet(44)) - raft.server.rpcslowness.timeout = 300s (custom)
2020-05-18 03:07:53,376 [pool-147-thread-1] INFO  server.RaftServerConfigKeys (ConfUtils.java:logGet(44)) - raft.server.sleep.deviation.threshold = 300 (default)
2020-05-18 03:07:53,377 [pool-147-thread-1] INFO  server.RaftServerConfigKeys (ConfUtils.java:logGet(44)) - raft.server.log.appender.install.snapshot.enabled = false (custom)
2020-05-18 03:07:53,377 [pool-147-thread-1] INFO  impl.RaftServerImpl (ServerState.java:<init>(103)) - b3b39523-19fd-47b3-8de5-13395c27e2ba@group-041F7FF9229F: ConfigurationManager, init=-1: [b3b39523-19fd-47b3-8de5-13395c27e2ba:172.17.0.2:36197], old=null, confs=<EMPTY_MAP>
2020-05-18 03:07:53,377 [pool-115-thread-1] INFO  server.RaftServerConfigKeys (ConfUtils.java:logGet(44)) - raft.server.snapshot.auto.trigger.enabled = true (custom)
2020-05-18 03:07:53,377 [pool-115-thread-1] INFO  server.RaftServerConfigKeys (ConfUtils.java:logGet(44)) - raft.server.snapshot.auto.trigger.threshold = 10000 (custom)
2020-05-18 03:07:53,377 [pool-115-thread-1] INFO  server.RaftServerConfigKeys (ConfUtils.java:logGet(44)) - raft.server.snapshot.retention.file.num = 5 (custom)
2020-05-18 03:07:53,377 [pool-115-thread-1] INFO  server.RaftServerConfigKeys (ConfUtils.java:logGet(44)) - raft.server.log.purge.upto.snapshot.index = false (default)
2020-05-18 03:07:53,377 [pool-115-thread-1] INFO  server.RaftServerConfigKeys (ConfUtils.java:logGet(44)) - raft.server.retrycache.expirytime = 600000ms (custom)
2020-05-18 03:07:53,377 [pool-115-thread-1] INFO  metrics.RatisMetrics (RatisMetrics.java:lambda$create$0(39)) - Creating Metrics Registry : ratis.leader_election.b2bccc9e-2238-4e20-9373-fe7e2ac220bd@group-A426CC6B4293
2020-05-18 03:07:53,378 [pool-115-thread-1] INFO  metrics.RatisMetrics (RatisMetrics.java:lambda$create$0(39)) - Creating Metrics Registry : ratis.server.b2bccc9e-2238-4e20-9373-fe7e2ac220bd@group-A426CC6B4293
2020-05-18 03:07:53,379 [Command processor thread] INFO  impl.RaftServerProxy (RaftServerProxy.java:addNew(89)) - b63c0471-1403-43a2-b5dd-7d9e97cc5eb5: addNew group-A426CC6B4293:[034d9298-83c2-4b87-9d91-d2864b54f400:172.17.0.2:39127, b2bccc9e-2238-4e20-9373-fe7e2ac220bd:172.17.0.2:35883, b63c0471-1403-43a2-b5dd-7d9e97cc5eb5:172.17.0.2:43001] returns group-A426CC6B4293:java.util.concurrent.CompletableFuture@3cc22ab4[Not completed]
2020-05-18 03:07:53,379 [pool-115-thread-1] INFO  impl.RaftServerImpl (RaftServerImpl.java:start(184)) - b2bccc9e-2238-4e20-9373-fe7e2ac220bd@group-A426CC6B4293: start as a follower, conf=-1: [034d9298-83c2-4b87-9d91-d2864b54f400:172.17.0.2:39127, b2bccc9e-2238-4e20-9373-fe7e2ac220bd:172.17.0.2:35883, b63c0471-1403-43a2-b5dd-7d9e97cc5eb5:172.17.0.2:43001], old=null
2020-05-18 03:07:53,379 [pool-115-thread-1] INFO  impl.RaftServerImpl (RaftServerImpl.java:setRole(173)) - b2bccc9e-2238-4e20-9373-fe7e2ac220bd@group-A426CC6B4293: changes role from      null to FOLLOWER at term 0 for startAsFollower
2020-05-18 03:07:53,379 [pool-115-thread-1] INFO  impl.RoleInfo (RoleInfo.java:updateAndGet(143)) - b2bccc9e-2238-4e20-9373-fe7e2ac220bd: start FollowerState
2020-05-18 03:07:53,379 [pool-99-thread-1] INFO  impl.RaftServerImpl (RaftServerImpl.java:<init>(98)) - b63c0471-1403-43a2-b5dd-7d9e97cc5eb5: new RaftServerImpl for group-A426CC6B4293:[034d9298-83c2-4b87-9d91-d2864b54f400:172.17.0.2:39127, b2bccc9e-2238-4e20-9373-fe7e2ac220bd:172.17.0.2:35883, b63c0471-1403-43a2-b5dd-7d9e97cc5eb5:172.17.0.2:43001] with ContainerStateMachine:uninitialized
2020-05-18 03:07:53,380 [pool-99-thread-1] INFO  server.RaftServerConfigKeys (ConfUtils.java:logGet(44)) - raft.server.rpc.timeout.min = 5s (custom)
2020-05-18 03:07:53,380 [pool-99-thread-1] INFO  server.RaftServerConfigKeys (ConfUtils.java:logGet(44)) - raft.server.rpc.timeout.max = 5200ms (custom)
2020-05-18 03:07:53,380 [pool-99-thread-1] INFO  server.RaftServerConfigKeys (ConfUtils.java:logGet(44)) - raft.server.rpcslowness.timeout = 300s (custom)
2020-05-18 03:07:53,380 [pool-99-thread-1] INFO  server.RaftServerConfigKeys (ConfUtils.java:logGet(44)) - raft.server.sleep.deviation.threshold = 300 (default)
2020-05-18 03:07:53,380 [pool-99-thread-1] INFO  server.RaftServerConfigKeys (ConfUtils.java:logGet(44)) - raft.server.log.appender.install.snapshot.enabled = false (custom)
2020-05-18 03:07:53,380 [pool-99-thread-1] INFO  impl.RaftServerImpl (ServerState.java:<init>(103)) - b63c0471-1403-43a2-b5dd-7d9e97cc5eb5@group-A426CC6B4293: ConfigurationManager, init=-1: [034d9298-83c2-4b87-9d91-d2864b54f400:172.17.0.2:39127, b2bccc9e-2238-4e20-9373-fe7e2ac220bd:172.17.0.2:35883, b63c0471-1403-43a2-b5dd-7d9e97cc5eb5:172.17.0.2:43001], old=null, confs=<EMPTY_MAP>
2020-05-18 03:07:53,380 [pool-99-thread-1] INFO  server.RaftServerConfigKeys (ConfUtils.java:logGet(44)) - raft.server.storage.dir = [/github/workspace/mnt/ozone/hadoop-ozone/integration-test/target/test-dir/MiniOzoneClusterImpl-69c03e2e-129d-4290-ae39-1295d90fd6d6/datanode-4/data/ratis] (custom)
2020-05-18 03:07:53,380 [pool-99-thread-1] INFO  server.RaftServerConfigKeys (ConfUtils.java:logGet(44)) - raft.server.log.corruption.policy = EXCEPTION (default)
2020-05-18 03:07:53,380 [pool-99-thread-1] INFO  storage.RaftStorageDirectory (RaftStorageDirectory.java:analyzeStorage(261)) - The storage directory /github/workspace/mnt/ozone/hadoop-ozone/integration-test/target/test-dir/MiniOzoneClusterImpl-69c03e2e-129d-4290-ae39-1295d90fd6d6/datanode-4/data/ratis/2487801a-ca37-410b-bad8-a426cc6b4293 does not exist. Creating ...
2020-05-18 03:07:53,380 [pool-147-thread-1] INFO  server.RaftServerConfigKeys (ConfUtils.java:logGet(44)) - raft.server.storage.dir = [/github/workspace/mnt/ozone/hadoop-ozone/integration-test/target/test-dir/MiniOzoneClusterImpl-69c03e2e-129d-4290-ae39-1295d90fd6d6/datanode-7/data/ratis] (custom)
2020-05-18 03:07:53,381 [pool-147-thread-1] INFO  server.RaftServerConfigKeys (ConfUtils.java:logGet(44)) - raft.server.log.corruption.policy = EXCEPTION (default)
2020-05-18 03:07:53,381 [pool-147-thread-1] INFO  storage.RaftStorageDirectory (RaftStorageDirectory.java:analyzeStorage(261)) - The storage directory /github/workspace/mnt/ozone/hadoop-ozone/integration-test/target/test-dir/MiniOzoneClusterImpl-69c03e2e-129d-4290-ae39-1295d90fd6d6/datanode-7/data/ratis/7bb5c54d-bdf1-429e-8d93-041f7ff9229f does not exist. Creating ...
2020-05-18 03:07:53,383 [pool-131-thread-1] INFO  impl.RoleInfo (RoleInfo.java:updateAndGet(143)) - 9cf338a1-6343-46cc-9d3e-d929198416a4: start FollowerState
2020-05-18 03:07:53,383 [pool-115-thread-1] INFO  util.JmxRegister (JmxRegister.java:tryRegister(44)) - Successfully registered JMX Bean with object name Ratis:service=RaftServer,group=group-A426CC6B4293,id=b2bccc9e-2238-4e20-9373-fe7e2ac220bd
2020-05-18 03:07:53,383 [pool-115-thread-1] INFO  metrics.RatisMetrics (RatisMetrics.java:lambda$create$0(39)) - Creating Metrics Registry : ratis.state_machine.b2bccc9e-2238-4e20-9373-fe7e2ac220bd@group-A426CC6B4293
2020-05-18 03:07:53,384 [pool-99-thread-1] INFO  storage.RaftStorageDirectory (RaftStorageDirectory.java:tryLock(343)) - Lock on /github/workspace/mnt/ozone/hadoop-ozone/integration-test/target/test-dir/MiniOzoneClusterImpl-69c03e2e-129d-4290-ae39-1295d90fd6d6/datanode-4/data/ratis/2487801a-ca37-410b-bad8-a426cc6b4293/in_use.lock acquired by nodename 6931@e6a1a4110770
2020-05-18 03:07:53,387 [pool-147-thread-1] INFO  storage.RaftStorageDirectory (RaftStorageDirectory.java:tryLock(343)) - Lock on /github/workspace/mnt/ozone/hadoop-ozone/integration-test/target/test-dir/MiniOzoneClusterImpl-69c03e2e-129d-4290-ae39-1295d90fd6d6/datanode-7/data/ratis/7bb5c54d-bdf1-429e-8d93-041f7ff9229f/in_use.lock acquired by nodename 6931@e6a1a4110770
2020-05-18 03:07:53,388 [pool-99-thread-1] INFO  storage.RaftStorage (RaftStorage.java:format(84)) - Storage directory /github/workspace/mnt/ozone/hadoop-ozone/integration-test/target/test-dir/MiniOzoneClusterImpl-69c03e2e-129d-4290-ae39-1295d90fd6d6/datanode-4/data/ratis/2487801a-ca37-410b-bad8-a426cc6b4293 has been successfully formatted.
2020-05-18 03:07:53,388 [pool-99-thread-1] INFO  ratis.ContainerStateMachine (ContainerStateMachine.java:loadSnapshot(226)) - group-A426CC6B4293: The snapshot info is null. Setting the last applied indexto:(t:0, i:~)
2020-05-18 03:07:53,388 [pool-99-thread-1] INFO  server.RaftServerConfigKeys (ConfUtils.java:logGet(44)) - raft.server.notification.no-leader.timeout = 60s (default)
2020-05-18 03:07:53,389 [pool-99-thread-1] INFO  server.RaftServerConfigKeys (ConfUtils.java:logGet(44)) - raft.server.log.use.memory = false (default)
2020-05-18 03:07:53,389 [pool-99-thread-1] INFO  server.RaftServerConfigKeys (ConfUtils.java:logGet(44)) - raft.server.log.purge.gap = 1000000 (custom)
2020-05-18 03:07:53,389 [pool-99-thread-1] INFO  server.RaftServerConfigKeys (ConfUtils.java:logGet(44)) - raft.server.log.appender.buffer.byte-limit = 33554432 (custom)
2020-05-18 03:07:53,389 [pool-99-thread-1] INFO  server.RaftServerConfigKeys (ConfUtils.java:logGet(44)) - raft.server.log.segment.size.max = 1048576 (custom)
2020-05-18 03:07:53,389 [pool-99-thread-1] INFO  server.RaftServerConfigKeys (ConfUtils.java:logGet(44)) - raft.server.log.segment.cache.num.max = 2 (custom)
2020-05-18 03:07:53,389 [pool-99-thread-1] INFO  segmented.SegmentedRaftLogWorker (SegmentedRaftLogWorker.java:<init>(176)) - new b63c0471-1403-43a2-b5dd-7d9e97cc5eb5@group-A426CC6B4293-SegmentedRaftLogWorker for RaftStorage:Storage Directory /github/workspace/mnt/ozone/hadoop-ozone/integration-test/target/test-dir/MiniOzoneClusterImpl-69c03e2e-129d-4290-ae39-1295d90fd6d6/datanode-4/data/ratis/2487801a-ca37-410b-bad8-a426cc6b4293
2020-05-18 03:07:53,389 [pool-99-thread-1] INFO  server.RaftServerConfigKeys (ConfUtils.java:logGet(44)) - raft.server.log.queue.byte-limit = 2147483647 (custom)
2020-05-18 03:07:53,389 [pool-99-thread-1] INFO  server.RaftServerConfigKeys (ConfUtils.java:logGet(44)) - raft.server.log.queue.element-limit = 1024 (custom)
2020-05-18 03:07:53,389 [pool-99-thread-1] INFO  server.RaftServerConfigKeys (ConfUtils.java:logGet(44)) - raft.server.log.segment.size.max = 1048576 (custom)
2020-05-18 03:07:53,389 [pool-99-thread-1] INFO  server.RaftServerConfigKeys (ConfUtils.java:logGet(44)) - raft.server.log.preallocated.size = 16384 (custom)
2020-05-18 03:07:53,389 [pool-99-thread-1] INFO  server.RaftServerConfigKeys (ConfUtils.java:logGet(44)) - raft.server.log.write.buffer.size = 1048576 (custom)
2020-05-18 03:07:53,389 [pool-99-thread-1] INFO  server.RaftServerConfigKeys (ConfUtils.java:logGet(44)) - raft.server.log.force.sync.num = 128 (default)
2020-05-18 03:07:53,389 [pool-99-thread-1] INFO  server.RaftServerConfigKeys (ConfUtils.java:logGet(44)) - raft.server.log.statemachine.data.sync = true (default)
2020-05-18 03:07:53,389 [pool-99-thread-1] INFO  server.RaftServerConfigKeys (ConfUtils.java:logGet(44)) - raft.server.log.statemachine.data.sync.timeout = 10s (default)
2020-05-18 03:07:53,389 [pool-99-thread-1] INFO  server.RaftServerConfigKeys (ConfUtils.java:logGet(44)) - raft.server.log.statemachine.data.sync.timeout.retry = -1 (default)
2020-05-18 03:07:53,390 [pool-99-thread-1] INFO  server.RaftServerConfigKeys (ConfUtils.java:logGet(44)) - raft.server.log.statemachine.data.caching.enabled = true (custom)
2020-05-18 03:07:53,390 [pool-99-thread-1] INFO  segmented.SegmentedRaftLogWorker (SegmentedRaftLogWorker.java:lambda$new$0(129)) - b63c0471-1403-43a2-b5dd-7d9e97cc5eb5@group-A426CC6B4293-SegmentedRaftLogWorker: flushIndex: setUnconditionally 0 -> -1
2020-05-18 03:07:53,391 [pool-147-thread-1] INFO  storage.RaftStorage (RaftStorage.java:format(84)) - Storage directory /github/workspace/mnt/ozone/hadoop-ozone/integration-test/target/test-dir/MiniOzoneClusterImpl-69c03e2e-129d-4290-ae39-1295d90fd6d6/datanode-7/data/ratis/7bb5c54d-bdf1-429e-8d93-041f7ff9229f has been successfully formatted.
2020-05-18 03:07:53,395 [pool-99-thread-1] INFO  server.RaftServerConfigKeys (ConfUtils.java:logGet(44)) - raft.server.snapshot.auto.trigger.enabled = true (custom)
2020-05-18 03:07:53,395 [pool-99-thread-1] INFO  server.RaftServerConfigKeys (ConfUtils.java:logGet(44)) - raft.server.snapshot.auto.trigger.threshold = 10000 (custom)
2020-05-18 03:07:53,395 [pool-99-thread-1] INFO  server.RaftServerConfigKeys (ConfUtils.java:logGet(44)) - raft.server.snapshot.retention.file.num = 5 (custom)
2020-05-18 03:07:53,395 [pool-99-thread-1] INFO  server.RaftServerConfigKeys (ConfUtils.java:logGet(44)) - raft.server.log.purge.upto.snapshot.index = false (default)
2020-05-18 03:07:53,395 [pool-99-thread-1] INFO  server.RaftServerConfigKeys (ConfUtils.java:logGet(44)) - raft.server.retrycache.expirytime = 600000ms (custom)
2020-05-18 03:07:53,395 [pool-99-thread-1] INFO  metrics.RatisMetrics (RatisMetrics.java:lambda$create$0(39)) - Creating Metrics Registry : ratis.leader_election.b63c0471-1403-43a2-b5dd-7d9e97cc5eb5@group-A426CC6B4293
2020-05-18 03:07:53,396 [pool-99-thread-1] INFO  metrics.RatisMetrics (RatisMetrics.java:lambda$create$0(39)) - Creating Metrics Registry : ratis.server.b63c0471-1403-43a2-b5dd-7d9e97cc5eb5@group-A426CC6B4293
2020-05-18 03:07:53,397 [pool-99-thread-1] INFO  impl.RaftServerImpl (RaftServerImpl.java:start(184)) - b63c0471-1403-43a2-b5dd-7d9e97cc5eb5@group-A426CC6B4293: start as a follower, conf=-1: [034d9298-83c2-4b87-9d91-d2864b54f400:172.17.0.2:39127, b2bccc9e-2238-4e20-9373-fe7e2ac220bd:172.17.0.2:35883, b63c0471-1403-43a2-b5dd-7d9e97cc5eb5:172.17.0.2:43001], old=null
2020-05-18 03:07:53,397 [pool-99-thread-1] INFO  impl.RaftServerImpl (RaftServerImpl.java:setRole(173)) - b63c0471-1403-43a2-b5dd-7d9e97cc5eb5@group-A426CC6B4293: changes role from      null to FOLLOWER at term 0 for startAsFollower
2020-05-18 03:07:53,397 [pool-99-thread-1] INFO  impl.RoleInfo (RoleInfo.java:updateAndGet(143)) - b63c0471-1403-43a2-b5dd-7d9e97cc5eb5: start FollowerState
2020-05-18 03:07:53,397 [pool-99-thread-1] INFO  util.JmxRegister (JmxRegister.java:tryRegister(44)) - Successfully registered JMX Bean with object name Ratis:service=RaftServer,group=group-A426CC6B4293,id=b63c0471-1403-43a2-b5dd-7d9e97cc5eb5
2020-05-18 03:07:53,397 [pool-99-thread-1] INFO  metrics.RatisMetrics (RatisMetrics.java:lambda$create$0(39)) - Creating Metrics Registry : ratis.state_machine.b63c0471-1403-43a2-b5dd-7d9e97cc5eb5@group-A426CC6B4293
2020-05-18 03:07:53,397 [pool-131-thread-1] INFO  util.JmxRegister (JmxRegister.java:tryRegister(44)) - Successfully registered JMX Bean with object name Ratis:service=RaftServer,group=group-A36E7E6AF914,id=9cf338a1-6343-46cc-9d3e-d929198416a4
2020-05-18 03:07:53,397 [pool-131-thread-1] INFO  metrics.RatisMetrics (RatisMetrics.java:lambda$create$0(39)) - Creating Metrics Registry : ratis.state_machine.9cf338a1-6343-46cc-9d3e-d929198416a4@group-A36E7E6AF914
2020-05-18 03:07:53,412 [pool-147-thread-1] INFO  ratis.ContainerStateMachine (ContainerStateMachine.java:loadSnapshot(226)) - group-041F7FF9229F: The snapshot info is null. Setting the last applied indexto:(t:0, i:~)
2020-05-18 03:07:53,413 [pool-147-thread-1] INFO  server.RaftServerConfigKeys (ConfUtils.java:logGet(44)) - raft.server.notification.no-leader.timeout = 60s (default)
2020-05-18 03:07:53,413 [pool-147-thread-1] INFO  server.RaftServerConfigKeys (ConfUtils.java:logGet(44)) - raft.server.log.use.memory = false (default)
2020-05-18 03:07:53,413 [pool-147-thread-1] INFO  server.RaftServerConfigKeys (ConfUtils.java:logGet(44)) - raft.server.log.purge.gap = 1000000 (custom)
2020-05-18 03:07:53,413 [pool-147-thread-1] INFO  server.RaftServerConfigKeys (ConfUtils.java:logGet(44)) - raft.server.log.appender.buffer.byte-limit = 33554432 (custom)
2020-05-18 03:07:53,413 [pool-147-thread-1] INFO  server.RaftServerConfigKeys (ConfUtils.java:logGet(44)) - raft.server.log.segment.size.max = 1048576 (custom)
2020-05-18 03:07:53,413 [pool-147-thread-1] INFO  metrics.RatisMetrics (RatisMetrics.java:lambda$create$0(39)) - Creating Metrics Registry : ratis.log_worker.b3b39523-19fd-47b3-8de5-13395c27e2ba
2020-05-18 03:07:53,414 [pool-147-thread-1] INFO  server.RaftServerConfigKeys (ConfUtils.java:logGet(44)) - raft.server.log.segment.cache.num.max = 2 (custom)
2020-05-18 03:07:53,414 [pool-147-thread-1] INFO  segmented.SegmentedRaftLogWorker (SegmentedRaftLogWorker.java:<init>(176)) - new b3b39523-19fd-47b3-8de5-13395c27e2ba@group-041F7FF9229F-SegmentedRaftLogWorker for RaftStorage:Storage Directory /github/workspace/mnt/ozone/hadoop-ozone/integration-test/target/test-dir/MiniOzoneClusterImpl-69c03e2e-129d-4290-ae39-1295d90fd6d6/datanode-7/data/ratis/7bb5c54d-bdf1-429e-8d93-041f7ff9229f
2020-05-18 03:07:53,414 [pool-147-thread-1] INFO  server.RaftServerConfigKeys (ConfUtils.java:logGet(44)) - raft.server.log.queue.byte-limit = 2147483647 (custom)
2020-05-18 03:07:53,414 [pool-147-thread-1] INFO  server.RaftServerConfigKeys (ConfUtils.java:logGet(44)) - raft.server.log.queue.element-limit = 1024 (custom)
2020-05-18 03:07:53,414 [pool-147-thread-1] INFO  server.RaftServerConfigKeys (ConfUtils.java:logGet(44)) - raft.server.log.segment.size.max = 1048576 (custom)
2020-05-18 03:07:53,414 [pool-147-thread-1] INFO  server.RaftServerConfigKeys (ConfUtils.java:logGet(44)) - raft.server.log.preallocated.size = 16384 (custom)
2020-05-18 03:07:53,414 [pool-147-thread-1] INFO  server.RaftServerConfigKeys (ConfUtils.java:logGet(44)) - raft.server.log.write.buffer.size = 1048576 (custom)
2020-05-18 03:07:53,414 [pool-147-thread-1] INFO  server.RaftServerConfigKeys (ConfUtils.java:logGet(44)) - raft.server.log.force.sync.num = 128 (default)
2020-05-18 03:07:53,414 [pool-147-thread-1] INFO  server.RaftServerConfigKeys (ConfUtils.java:logGet(44)) - raft.server.log.statemachine.data.sync = true (default)
2020-05-18 03:07:53,414 [pool-147-thread-1] INFO  server.RaftServerConfigKeys (ConfUtils.java:logGet(44)) - raft.server.log.statemachine.data.sync.timeout = 10s (default)
2020-05-18 03:07:53,415 [pool-147-thread-1] INFO  server.RaftServerConfigKeys (ConfUtils.java:logGet(44)) - raft.server.log.statemachine.data.sync.timeout.retry = -1 (default)
2020-05-18 03:07:53,417 [pool-147-thread-1] INFO  server.RaftServerConfigKeys (ConfUtils.java:logGet(44)) - raft.server.log.statemachine.data.caching.enabled = true (custom)
2020-05-18 03:07:53,417 [pool-147-thread-1] INFO  segmented.SegmentedRaftLogWorker (SegmentedRaftLogWorker.java:lambda$new$0(129)) - b3b39523-19fd-47b3-8de5-13395c27e2ba@group-041F7FF9229F-SegmentedRaftLogWorker: flushIndex: setUnconditionally 0 -> -1
2020-05-18 03:07:53,418 [EventQueue-PipelineReportForPipelineReportHandler] INFO  pipeline.PipelineStateManager (PipelineStateManager.java:openPipeline(131)) - Pipeline Pipeline[ Id: 7bb5c54d-bdf1-429e-8d93-041f7ff9229f, Nodes: b3b39523-19fd-47b3-8de5-13395c27e2ba{ip: 172.17.0.2, host: e6a1a4110770, networkLocation: /default-rack, certSerialId: null}, Type:RATIS, Factor:ONE, State:ALLOCATED, leaderId:b3b39523-19fd-47b3-8de5-13395c27e2ba, CreationTimestamp2020-05-18T03:07:50.330Z] moved to OPEN state
2020-05-18 03:07:53,418 [EventQueue-OpenPipelineForOneReplicaPipelineSafeModeRule] INFO  safemode.SCMSafeModeManager (SCMSafeModeManager.java:validateSafeModeExitRules(213)) - AtleastOneDatanodeReportedRule rule is successfully validated
2020-05-18 03:07:53,418 [EventQueue-OpenPipelineForHealthyPipelineSafeModeRule] INFO  safemode.SCMSafeModeManager (HealthyPipelineSafeModeRule.java:process(132)) - SCM in safe mode. Healthy pipelines reported count is 0, required healthy pipeline reported count is 1
2020-05-18 03:07:53,419 [pool-147-thread-1] INFO  server.RaftServerConfigKeys (ConfUtils.java:logGet(44)) - raft.server.snapshot.auto.trigger.enabled = true (custom)
2020-05-18 03:07:53,419 [pool-147-thread-1] INFO  server.RaftServerConfigKeys (ConfUtils.java:logGet(44)) - raft.server.snapshot.auto.trigger.threshold = 10000 (custom)
2020-05-18 03:07:53,419 [pool-147-thread-1] INFO  server.RaftServerConfigKeys (ConfUtils.java:logGet(44)) - raft.server.snapshot.retention.file.num = 5 (custom)
2020-05-18 03:07:53,419 [pool-147-thread-1] INFO  server.RaftServerConfigKeys (ConfUtils.java:logGet(44)) - raft.server.log.purge.upto.snapshot.index = false (default)
2020-05-18 03:07:53,423 [Command processor thread] INFO  commandhandler.CreatePipelineCommandHandler (CreatePipelineCommandHandler.java:handle(109)) - Created Pipeline RATIS ONE #id: "053ad6a7-c5c4-42a1-8522-a36e7e6af914"
.
2020-05-18 03:07:53,424 [Command processor thread] INFO  impl.RaftServerProxy (RaftServerProxy.java:addNew(89)) - 9cf338a1-6343-46cc-9d3e-d929198416a4: addNew group-4BD15A92D6B5:[0dd71c3f-fb6d-4793-9543-61a077f69edf:172.17.0.2:38681, 9cf338a1-6343-46cc-9d3e-d929198416a4:172.17.0.2:35497, b3b39523-19fd-47b3-8de5-13395c27e2ba:172.17.0.2:36197] returns group-4BD15A92D6B5:java.util.concurrent.CompletableFuture@765fd288[Not completed]
2020-05-18 03:07:53,425 [pool-131-thread-1] INFO  impl.RaftServerImpl (RaftServerImpl.java:<init>(98)) - 9cf338a1-6343-46cc-9d3e-d929198416a4: new RaftServerImpl for group-4BD15A92D6B5:[0dd71c3f-fb6d-4793-9543-61a077f69edf:172.17.0.2:38681, 9cf338a1-6343-46cc-9d3e-d929198416a4:172.17.0.2:35497, b3b39523-19fd-47b3-8de5-13395c27e2ba:172.17.0.2:36197] with ContainerStateMachine:uninitialized
2020-05-18 03:07:53,425 [pool-131-thread-1] INFO  server.RaftServerConfigKeys (ConfUtils.java:logGet(44)) - raft.server.rpc.timeout.min = 5s (custom)
2020-05-18 03:07:53,425 [pool-131-thread-1] INFO  server.RaftServerConfigKeys (ConfUtils.java:logGet(44)) - raft.server.rpc.timeout.max = 5200ms (custom)
2020-05-18 03:07:53,425 [pool-131-thread-1] INFO  server.RaftServerConfigKeys (ConfUtils.java:logGet(44)) - raft.server.rpcslowness.timeout = 300s (custom)
2020-05-18 03:07:53,425 [pool-131-thread-1] INFO  server.RaftServerConfigKeys (ConfUtils.java:logGet(44)) - raft.server.sleep.deviation.threshold = 300 (default)
2020-05-18 03:07:53,425 [pool-131-thread-1] INFO  server.RaftServerConfigKeys (ConfUtils.java:logGet(44)) - raft.server.log.appender.install.snapshot.enabled = false (custom)
2020-05-18 03:07:53,426 [pool-131-thread-1] INFO  impl.RaftServerImpl (ServerState.java:<init>(103)) - 9cf338a1-6343-46cc-9d3e-d929198416a4@group-4BD15A92D6B5: ConfigurationManager, init=-1: [0dd71c3f-fb6d-4793-9543-61a077f69edf:172.17.0.2:38681, 9cf338a1-6343-46cc-9d3e-d929198416a4:172.17.0.2:35497, b3b39523-19fd-47b3-8de5-13395c27e2ba:172.17.0.2:36197], old=null, confs=<EMPTY_MAP>
2020-05-18 03:07:53,426 [pool-131-thread-1] INFO  server.RaftServerConfigKeys (ConfUtils.java:logGet(44)) - raft.server.storage.dir = [/github/workspace/mnt/ozone/hadoop-ozone/integration-test/target/test-dir/MiniOzoneClusterImpl-69c03e2e-129d-4290-ae39-1295d90fd6d6/datanode-6/data/ratis] (custom)
2020-05-18 03:07:53,426 [pool-131-thread-1] INFO  server.RaftServerConfigKeys (ConfUtils.java:logGet(44)) - raft.server.log.corruption.policy = EXCEPTION (default)
2020-05-18 03:07:53,426 [pool-131-thread-1] INFO  storage.RaftStorageDirectory (RaftStorageDirectory.java:analyzeStorage(261)) - The storage directory /github/workspace/mnt/ozone/hadoop-ozone/integration-test/target/test-dir/MiniOzoneClusterImpl-69c03e2e-129d-4290-ae39-1295d90fd6d6/datanode-6/data/ratis/592d826d-28fd-469f-9ddb-4bd15a92d6b5 does not exist. Creating ...
2020-05-18 03:07:53,427 [pool-147-thread-1] INFO  server.RaftServerConfigKeys (ConfUtils.java:logGet(44)) - raft.server.retrycache.expirytime = 600000ms (custom)
2020-05-18 03:07:53,427 [pool-147-thread-1] INFO  metrics.RatisMetrics (RatisMetrics.java:lambda$create$0(39)) - Creating Metrics Registry : ratis.leader_election.b3b39523-19fd-47b3-8de5-13395c27e2ba@group-041F7FF9229F
2020-05-18 03:07:53,428 [pool-147-thread-1] INFO  metrics.RatisMetrics (RatisMetrics.java:lambda$create$0(39)) - Creating Metrics Registry : ratis.server.b3b39523-19fd-47b3-8de5-13395c27e2ba@group-041F7FF9229F
2020-05-18 03:07:53,429 [pool-147-thread-1] INFO  impl.RaftServerImpl (RaftServerImpl.java:start(184)) - b3b39523-19fd-47b3-8de5-13395c27e2ba@group-041F7FF9229F: start as a follower, conf=-1: [b3b39523-19fd-47b3-8de5-13395c27e2ba:172.17.0.2:36197], old=null
2020-05-18 03:07:53,429 [pool-147-thread-1] INFO  impl.RaftServerImpl (RaftServerImpl.java:setRole(173)) - b3b39523-19fd-47b3-8de5-13395c27e2ba@group-041F7FF9229F: changes role from      null to FOLLOWER at term 0 for startAsFollower
2020-05-18 03:07:53,429 [pool-147-thread-1] INFO  impl.RoleInfo (RoleInfo.java:updateAndGet(143)) - b3b39523-19fd-47b3-8de5-13395c27e2ba: start FollowerState
2020-05-18 03:07:53,429 [pool-131-thread-1] INFO  storage.RaftStorageDirectory (RaftStorageDirectory.java:tryLock(343)) - Lock on /github/workspace/mnt/ozone/hadoop-ozone/integration-test/target/test-dir/MiniOzoneClusterImpl-69c03e2e-129d-4290-ae39-1295d90fd6d6/datanode-6/data/ratis/592d826d-28fd-469f-9ddb-4bd15a92d6b5/in_use.lock acquired by nodename 6931@e6a1a4110770
2020-05-18 03:07:53,430 [pool-147-thread-1] INFO  util.JmxRegister (JmxRegister.java:tryRegister(44)) - Successfully registered JMX Bean with object name Ratis:service=RaftServer,group=group-041F7FF9229F,id=b3b39523-19fd-47b3-8de5-13395c27e2ba
2020-05-18 03:07:53,430 [pool-147-thread-1] INFO  metrics.RatisMetrics (RatisMetrics.java:lambda$create$0(39)) - Creating Metrics Registry : ratis.state_machine.b3b39523-19fd-47b3-8de5-13395c27e2ba@group-041F7FF9229F
2020-05-18 03:07:53,440 [Command processor thread] INFO  impl.RaftServerProxy (RaftServerProxy.java:addNew(89)) - 0dd71c3f-fb6d-4793-9543-61a077f69edf: addNew group-5754AE5ACD40:[0dd71c3f-fb6d-4793-9543-61a077f69edf:172.17.0.2:38681] returns group-5754AE5ACD40:java.util.concurrent.CompletableFuture@48e4c850[Not completed]
2020-05-18 03:07:53,440 [Command processor thread] INFO  commandhandler.CreatePipelineCommandHandler (CreatePipelineCommandHandler.java:handle(109)) - Created Pipeline RATIS ONE #id: "7bb5c54d-bdf1-429e-8d93-041f7ff9229f"
.
2020-05-18 03:07:53,441 [Command processor thread] INFO  impl.RaftServerProxy (RaftServerProxy.java:addNew(89)) - b3b39523-19fd-47b3-8de5-13395c27e2ba: addNew group-4BD15A92D6B5:[0dd71c3f-fb6d-4793-9543-61a077f69edf:172.17.0.2:38681, 9cf338a1-6343-46cc-9d3e-d929198416a4:172.17.0.2:35497, b3b39523-19fd-47b3-8de5-13395c27e2ba:172.17.0.2:36197] returns group-4BD15A92D6B5:java.util.concurrent.CompletableFuture@6c240680[Not completed]
2020-05-18 03:07:53,442 [pool-131-thread-1] INFO  storage.RaftStorage (RaftStorage.java:format(84)) - Storage directory /github/workspace/mnt/ozone/hadoop-ozone/integration-test/target/test-dir/MiniOzoneClusterImpl-69c03e2e-129d-4290-ae39-1295d90fd6d6/datanode-6/data/ratis/592d826d-28fd-469f-9ddb-4bd15a92d6b5 has been successfully formatted.
2020-05-18 03:07:53,443 [pool-131-thread-1] INFO  ratis.ContainerStateMachine (ContainerStateMachine.java:loadSnapshot(226)) - group-4BD15A92D6B5: The snapshot info is null. Setting the last applied indexto:(t:0, i:~)
2020-05-18 03:07:53,443 [pool-131-thread-1] INFO  server.RaftServerConfigKeys (ConfUtils.java:logGet(44)) - raft.server.notification.no-leader.timeout = 60s (default)
2020-05-18 03:07:53,443 [pool-131-thread-1] INFO  server.RaftServerConfigKeys (ConfUtils.java:logGet(44)) - raft.server.log.use.memory = false (default)
2020-05-18 03:07:53,443 [pool-131-thread-1] INFO  server.RaftServerConfigKeys (ConfUtils.java:logGet(44)) - raft.server.log.purge.gap = 1000000 (custom)
2020-05-18 03:07:53,443 [pool-131-thread-1] INFO  server.RaftServerConfigKeys (ConfUtils.java:logGet(44)) - raft.server.log.appender.buffer.byte-limit = 33554432 (custom)
2020-05-18 03:07:53,443 [pool-131-thread-1] INFO  server.RaftServerConfigKeys (ConfUtils.java:logGet(44)) - raft.server.log.segment.size.max = 1048576 (custom)
2020-05-18 03:07:53,443 [pool-131-thread-1] INFO  server.RaftServerConfigKeys (ConfUtils.java:logGet(44)) - raft.server.log.segment.cache.num.max = 2 (custom)
2020-05-18 03:07:53,444 [pool-131-thread-1] INFO  segmented.SegmentedRaftLogWorker (SegmentedRaftLogWorker.java:<init>(176)) - new 9cf338a1-6343-46cc-9d3e-d929198416a4@group-4BD15A92D6B5-SegmentedRaftLogWorker for RaftStorage:Storage Directory /github/workspace/mnt/ozone/hadoop-ozone/integration-test/target/test-dir/MiniOzoneClusterImpl-69c03e2e-129d-4290-ae39-1295d90fd6d6/datanode-6/data/ratis/592d826d-28fd-469f-9ddb-4bd15a92d6b5
2020-05-18 03:07:53,444 [pool-131-thread-1] INFO  server.RaftServerConfigKeys (ConfUtils.java:logGet(44)) - raft.server.log.queue.byte-limit = 2147483647 (custom)
2020-05-18 03:07:53,444 [pool-131-thread-1] INFO  server.RaftServerConfigKeys (ConfUtils.java:logGet(44)) - raft.server.log.queue.element-limit = 1024 (custom)
2020-05-18 03:07:53,444 [pool-131-thread-1] INFO  server.RaftServerConfigKeys (ConfUtils.java:logGet(44)) - raft.server.log.segment.size.max = 1048576 (custom)
2020-05-18 03:07:53,444 [pool-131-thread-1] INFO  server.RaftServerConfigKeys (ConfUtils.java:logGet(44)) - raft.server.log.preallocated.size = 16384 (custom)
2020-05-18 03:07:53,444 [pool-131-thread-1] INFO  server.RaftServerConfigKeys (ConfUtils.java:logGet(44)) - raft.server.log.write.buffer.size = 1048576 (custom)
2020-05-18 03:07:53,444 [pool-131-thread-1] INFO  server.RaftServerConfigKeys (ConfUtils.java:logGet(44)) - raft.server.log.force.sync.num = 128 (default)
2020-05-18 03:07:53,444 [pool-131-thread-1] INFO  server.RaftServerConfigKeys (ConfUtils.java:logGet(44)) - raft.server.log.statemachine.data.sync = true (default)
2020-05-18 03:07:53,444 [pool-131-thread-1] INFO  server.RaftServerConfigKeys (ConfUtils.java:logGet(44)) - raft.server.log.statemachine.data.sync.timeout = 10s (default)
2020-05-18 03:07:53,445 [pool-131-thread-1] INFO  server.RaftServerConfigKeys (ConfUtils.java:logGet(44)) - raft.server.log.statemachine.data.sync.timeout.retry = -1 (default)
2020-05-18 03:07:53,445 [pool-131-thread-1] INFO  server.RaftServerConfigKeys (ConfUtils.java:logGet(44)) - raft.server.log.statemachine.data.caching.enabled = true (custom)
2020-05-18 03:07:53,446 [pool-131-thread-1] INFO  segmented.SegmentedRaftLogWorker (SegmentedRaftLogWorker.java:lambda$new$0(129)) - 9cf338a1-6343-46cc-9d3e-d929198416a4@group-4BD15A92D6B5-SegmentedRaftLogWorker: flushIndex: setUnconditionally 0 -> -1
2020-05-18 03:07:53,447 [pool-163-thread-1] INFO  impl.RaftServerImpl (RaftServerImpl.java:<init>(98)) - 0dd71c3f-fb6d-4793-9543-61a077f69edf: new RaftServerImpl for group-5754AE5ACD40:[0dd71c3f-fb6d-4793-9543-61a077f69edf:172.17.0.2:38681] with ContainerStateMachine:uninitialized
2020-05-18 03:07:53,447 [pool-163-thread-1] INFO  server.RaftServerConfigKeys (ConfUtils.java:logGet(44)) - raft.server.rpc.timeout.min = 5s (custom)
2020-05-18 03:07:53,447 [pool-163-thread-1] INFO  server.RaftServerConfigKeys (ConfUtils.java:logGet(44)) - raft.server.rpc.timeout.max = 5200ms (custom)
2020-05-18 03:07:53,447 [pool-163-thread-1] INFO  server.RaftServerConfigKeys (ConfUtils.java:logGet(44)) - raft.server.rpcslowness.timeout = 300s (custom)
2020-05-18 03:07:53,448 [pool-163-thread-1] INFO  server.RaftServerConfigKeys (ConfUtils.java:logGet(44)) - raft.server.sleep.deviation.threshold = 300 (default)
2020-05-18 03:07:53,448 [pool-163-thread-1] INFO  server.RaftServerConfigKeys (ConfUtils.java:logGet(44)) - raft.server.log.appender.install.snapshot.enabled = false (custom)
2020-05-18 03:07:53,448 [pool-163-thread-1] INFO  impl.RaftServerImpl (ServerState.java:<init>(103)) - 0dd71c3f-fb6d-4793-9543-61a077f69edf@group-5754AE5ACD40: ConfigurationManager, init=-1: [0dd71c3f-fb6d-4793-9543-61a077f69edf:172.17.0.2:38681], old=null, confs=<EMPTY_MAP>
2020-05-18 03:07:53,448 [pool-163-thread-1] INFO  server.RaftServerConfigKeys (ConfUtils.java:logGet(44)) - raft.server.storage.dir = [/github/workspace/mnt/ozone/hadoop-ozone/integration-test/target/test-dir/MiniOzoneClusterImpl-69c03e2e-129d-4290-ae39-1295d90fd6d6/datanode-8/data/ratis] (custom)
2020-05-18 03:07:53,448 [pool-163-thread-1] INFO  server.RaftServerConfigKeys (ConfUtils.java:logGet(44)) - raft.server.log.corruption.policy = EXCEPTION (default)
2020-05-18 03:07:53,448 [pool-163-thread-1] INFO  storage.RaftStorageDirectory (RaftStorageDirectory.java:analyzeStorage(261)) - The storage directory /github/workspace/mnt/ozone/hadoop-ozone/integration-test/target/test-dir/MiniOzoneClusterImpl-69c03e2e-129d-4290-ae39-1295d90fd6d6/datanode-8/data/ratis/36b632ce-e6bf-42df-bc55-5754ae5acd40 does not exist. Creating ...
2020-05-18 03:07:53,451 [pool-131-thread-1] INFO  server.RaftServerConfigKeys (ConfUtils.java:logGet(44)) - raft.server.snapshot.auto.trigger.enabled = true (custom)
2020-05-18 03:07:53,452 [pool-131-thread-1] INFO  server.RaftServerConfigKeys (ConfUtils.java:logGet(44)) - raft.server.snapshot.auto.trigger.threshold = 10000 (custom)
2020-05-18 03:07:53,452 [pool-131-thread-1] INFO  server.RaftServerConfigKeys (ConfUtils.java:logGet(44)) - raft.server.snapshot.retention.file.num = 5 (custom)
2020-05-18 03:07:53,452 [pool-131-thread-1] INFO  server.RaftServerConfigKeys (ConfUtils.java:logGet(44)) - raft.server.log.purge.upto.snapshot.index = false (default)
2020-05-18 03:07:53,452 [pool-131-thread-1] INFO  server.RaftServerConfigKeys (ConfUtils.java:logGet(44)) - raft.server.retrycache.expirytime = 600000ms (custom)
2020-05-18 03:07:53,452 [pool-131-thread-1] INFO  metrics.RatisMetrics (RatisMetrics.java:lambda$create$0(39)) - Creating Metrics Registry : ratis.leader_election.9cf338a1-6343-46cc-9d3e-d929198416a4@group-4BD15A92D6B5
2020-05-18 03:07:53,453 [pool-131-thread-1] INFO  metrics.RatisMetrics (RatisMetrics.java:lambda$create$0(39)) - Creating Metrics Registry : ratis.server.9cf338a1-6343-46cc-9d3e-d929198416a4@group-4BD15A92D6B5
2020-05-18 03:07:53,454 [pool-131-thread-1] INFO  impl.RaftServerImpl (RaftServerImpl.java:start(184)) - 9cf338a1-6343-46cc-9d3e-d929198416a4@group-4BD15A92D6B5: start as a follower, conf=-1: [0dd71c3f-fb6d-4793-9543-61a077f69edf:172.17.0.2:38681, 9cf338a1-6343-46cc-9d3e-d929198416a4:172.17.0.2:35497, b3b39523-19fd-47b3-8de5-13395c27e2ba:172.17.0.2:36197], old=null
2020-05-18 03:07:53,454 [pool-131-thread-1] INFO  impl.RaftServerImpl (RaftServerImpl.java:setRole(173)) - 9cf338a1-6343-46cc-9d3e-d929198416a4@group-4BD15A92D6B5: changes role from      null to FOLLOWER at term 0 for startAsFollower
2020-05-18 03:07:53,454 [pool-131-thread-1] INFO  impl.RoleInfo (RoleInfo.java:updateAndGet(143)) - 9cf338a1-6343-46cc-9d3e-d929198416a4: start FollowerState
2020-05-18 03:07:53,452 [pool-147-thread-1] INFO  impl.RaftServerImpl (RaftServerImpl.java:<init>(98)) - b3b39523-19fd-47b3-8de5-13395c27e2ba: new RaftServerImpl for group-4BD15A92D6B5:[0dd71c3f-fb6d-4793-9543-61a077f69edf:172.17.0.2:38681, 9cf338a1-6343-46cc-9d3e-d929198416a4:172.17.0.2:35497, b3b39523-19fd-47b3-8de5-13395c27e2ba:172.17.0.2:36197] with ContainerStateMachine:uninitialized
2020-05-18 03:07:53,454 [pool-147-thread-1] INFO  server.RaftServerConfigKeys (ConfUtils.java:logGet(44)) - raft.server.rpc.timeout.min = 5s (custom)
2020-05-18 03:07:53,454 [pool-147-thread-1] INFO  server.RaftServerConfigKeys (ConfUtils.java:logGet(44)) - raft.server.rpc.timeout.max = 5200ms (custom)
2020-05-18 03:07:53,455 [pool-147-thread-1] INFO  server.RaftServerConfigKeys (ConfUtils.java:logGet(44)) - raft.server.rpcslowness.timeout = 300s (custom)
2020-05-18 03:07:53,455 [pool-147-thread-1] INFO  server.RaftServerConfigKeys (ConfUtils.java:logGet(44)) - raft.server.sleep.deviation.threshold = 300 (default)
2020-05-18 03:07:53,455 [pool-147-thread-1] INFO  server.RaftServerConfigKeys (ConfUtils.java:logGet(44)) - raft.server.log.appender.install.snapshot.enabled = false (custom)
2020-05-18 03:07:53,455 [pool-147-thread-1] INFO  impl.RaftServerImpl (ServerState.java:<init>(103)) - b3b39523-19fd-47b3-8de5-13395c27e2ba@group-4BD15A92D6B5: ConfigurationManager, init=-1: [0dd71c3f-fb6d-4793-9543-61a077f69edf:172.17.0.2:38681, 9cf338a1-6343-46cc-9d3e-d929198416a4:172.17.0.2:35497, b3b39523-19fd-47b3-8de5-13395c27e2ba:172.17.0.2:36197], old=null, confs=<EMPTY_MAP>
2020-05-18 03:07:53,455 [pool-147-thread-1] INFO  server.RaftServerConfigKeys (ConfUtils.java:logGet(44)) - raft.server.storage.dir = [/github/workspace/mnt/ozone/hadoop-ozone/integration-test/target/test-dir/MiniOzoneClusterImpl-69c03e2e-129d-4290-ae39-1295d90fd6d6/datanode-7/data/ratis] (custom)
2020-05-18 03:07:53,455 [pool-147-thread-1] INFO  server.RaftServerConfigKeys (ConfUtils.java:logGet(44)) - raft.server.log.corruption.policy = EXCEPTION (default)
2020-05-18 03:07:53,455 [pool-147-thread-1] INFO  storage.RaftStorageDirectory (RaftStorageDirectory.java:analyzeStorage(261)) - The storage directory /github/workspace/mnt/ozone/hadoop-ozone/integration-test/target/test-dir/MiniOzoneClusterImpl-69c03e2e-129d-4290-ae39-1295d90fd6d6/datanode-7/data/ratis/592d826d-28fd-469f-9ddb-4bd15a92d6b5 does not exist. Creating ...
2020-05-18 03:07:53,455 [pool-163-thread-1] INFO  storage.RaftStorageDirectory (RaftStorageDirectory.java:tryLock(343)) - Lock on /github/workspace/mnt/ozone/hadoop-ozone/integration-test/target/test-dir/MiniOzoneClusterImpl-69c03e2e-129d-4290-ae39-1295d90fd6d6/datanode-8/data/ratis/36b632ce-e6bf-42df-bc55-5754ae5acd40/in_use.lock acquired by nodename 6931@e6a1a4110770
2020-05-18 03:07:53,459 [pool-131-thread-1] INFO  util.JmxRegister (JmxRegister.java:tryRegister(44)) - Successfully registered JMX Bean with object name Ratis:service=RaftServer,group=group-4BD15A92D6B5,id=9cf338a1-6343-46cc-9d3e-d929198416a4
2020-05-18 03:07:53,459 [pool-131-thread-1] INFO  metrics.RatisMetrics (RatisMetrics.java:lambda$create$0(39)) - Creating Metrics Registry : ratis.state_machine.9cf338a1-6343-46cc-9d3e-d929198416a4@group-4BD15A92D6B5
2020-05-18 03:07:53,459 [pool-147-thread-1] INFO  storage.RaftStorageDirectory (RaftStorageDirectory.java:tryLock(343)) - Lock on /github/workspace/mnt/ozone/hadoop-ozone/integration-test/target/test-dir/MiniOzoneClusterImpl-69c03e2e-129d-4290-ae39-1295d90fd6d6/datanode-7/data/ratis/592d826d-28fd-469f-9ddb-4bd15a92d6b5/in_use.lock acquired by nodename 6931@e6a1a4110770
2020-05-18 03:07:53,464 [pool-147-thread-1] INFO  storage.RaftStorage (RaftStorage.java:format(84)) - Storage directory /github/workspace/mnt/ozone/hadoop-ozone/integration-test/target/test-dir/MiniOzoneClusterImpl-69c03e2e-129d-4290-ae39-1295d90fd6d6/datanode-7/data/ratis/592d826d-28fd-469f-9ddb-4bd15a92d6b5 has been successfully formatted.
2020-05-18 03:07:53,464 [pool-147-thread-1] INFO  ratis.ContainerStateMachine (ContainerStateMachine.java:loadSnapshot(226)) - group-4BD15A92D6B5: The snapshot info is null. Setting the last applied indexto:(t:0, i:~)
2020-05-18 03:07:53,464 [pool-147-thread-1] INFO  server.RaftServerConfigKeys (ConfUtils.java:logGet(44)) - raft.server.notification.no-leader.timeout = 60s (default)
2020-05-18 03:07:53,464 [pool-147-thread-1] INFO  server.RaftServerConfigKeys (ConfUtils.java:logGet(44)) - raft.server.log.use.memory = false (default)
2020-05-18 03:07:53,464 [pool-147-thread-1] INFO  server.RaftServerConfigKeys (ConfUtils.java:logGet(44)) - raft.server.log.purge.gap = 1000000 (custom)
2020-05-18 03:07:53,464 [pool-147-thread-1] INFO  server.RaftServerConfigKeys (ConfUtils.java:logGet(44)) - raft.server.log.appender.buffer.byte-limit = 33554432 (custom)
2020-05-18 03:07:53,464 [pool-147-thread-1] INFO  server.RaftServerConfigKeys (ConfUtils.java:logGet(44)) - raft.server.log.segment.size.max = 1048576 (custom)
2020-05-18 03:07:53,464 [pool-147-thread-1] INFO  server.RaftServerConfigKeys (ConfUtils.java:logGet(44)) - raft.server.log.segment.cache.num.max = 2 (custom)
2020-05-18 03:07:53,465 [pool-147-thread-1] INFO  segmented.SegmentedRaftLogWorker (SegmentedRaftLogWorker.java:<init>(176)) - new b3b39523-19fd-47b3-8de5-13395c27e2ba@group-4BD15A92D6B5-SegmentedRaftLogWorker for RaftStorage:Storage Directory /github/workspace/mnt/ozone/hadoop-ozone/integration-test/target/test-dir/MiniOzoneClusterImpl-69c03e2e-129d-4290-ae39-1295d90fd6d6/datanode-7/data/ratis/592d826d-28fd-469f-9ddb-4bd15a92d6b5
2020-05-18 03:07:53,465 [pool-147-thread-1] INFO  server.RaftServerConfigKeys (ConfUtils.java:logGet(44)) - raft.server.log.queue.byte-limit = 2147483647 (custom)
2020-05-18 03:07:53,465 [pool-147-thread-1] INFO  server.RaftServerConfigKeys (ConfUtils.java:logGet(44)) - raft.server.log.queue.element-limit = 1024 (custom)
2020-05-18 03:07:53,465 [pool-147-thread-1] INFO  server.RaftServerConfigKeys (ConfUtils.java:logGet(44)) - raft.server.log.segment.size.max = 1048576 (custom)
2020-05-18 03:07:53,465 [pool-147-thread-1] INFO  server.RaftServerConfigKeys (ConfUtils.java:logGet(44)) - raft.server.log.preallocated.size = 16384 (custom)
2020-05-18 03:07:53,465 [pool-147-thread-1] INFO  server.RaftServerConfigKeys (ConfUtils.java:logGet(44)) - raft.server.log.write.buffer.size = 1048576 (custom)
2020-05-18 03:07:53,465 [pool-147-thread-1] INFO  server.RaftServerConfigKeys (ConfUtils.java:logGet(44)) - raft.server.log.force.sync.num = 128 (default)
2020-05-18 03:07:53,465 [pool-147-thread-1] INFO  server.RaftServerConfigKeys (ConfUtils.java:logGet(44)) - raft.server.log.statemachine.data.sync = true (default)
2020-05-18 03:07:53,465 [pool-147-thread-1] INFO  server.RaftServerConfigKeys (ConfUtils.java:logGet(44)) - raft.server.log.statemachine.data.sync.timeout = 10s (default)
2020-05-18 03:07:53,465 [pool-147-thread-1] INFO  server.RaftServerConfigKeys (ConfUtils.java:logGet(44)) - raft.server.log.statemachine.data.sync.timeout.retry = -1 (default)
2020-05-18 03:07:53,466 [pool-147-thread-1] INFO  server.RaftServerConfigKeys (ConfUtils.java:logGet(44)) - raft.server.log.statemachine.data.caching.enabled = true (custom)
2020-05-18 03:07:53,466 [pool-147-thread-1] INFO  segmented.SegmentedRaftLogWorker (SegmentedRaftLogWorker.java:lambda$new$0(129)) - b3b39523-19fd-47b3-8de5-13395c27e2ba@group-4BD15A92D6B5-SegmentedRaftLogWorker: flushIndex: setUnconditionally 0 -> -1
2020-05-18 03:07:53,466 [pool-163-thread-1] INFO  storage.RaftStorage (RaftStorage.java:format(84)) - Storage directory /github/workspace/mnt/ozone/hadoop-ozone/integration-test/target/test-dir/MiniOzoneClusterImpl-69c03e2e-129d-4290-ae39-1295d90fd6d6/datanode-8/data/ratis/36b632ce-e6bf-42df-bc55-5754ae5acd40 has been successfully formatted.
2020-05-18 03:07:53,469 [pool-147-thread-1] INFO  server.RaftServerConfigKeys (ConfUtils.java:logGet(44)) - raft.server.snapshot.auto.trigger.enabled = true (custom)
2020-05-18 03:07:53,469 [pool-147-thread-1] INFO  server.RaftServerConfigKeys (ConfUtils.java:logGet(44)) - raft.server.snapshot.auto.trigger.threshold = 10000 (custom)
2020-05-18 03:07:53,470 [pool-147-thread-1] INFO  server.RaftServerConfigKeys (ConfUtils.java:logGet(44)) - raft.server.snapshot.retention.file.num = 5 (custom)
2020-05-18 03:07:53,470 [pool-147-thread-1] INFO  server.RaftServerConfigKeys (ConfUtils.java:logGet(44)) - raft.server.log.purge.upto.snapshot.index = false (default)
2020-05-18 03:07:53,470 [pool-147-thread-1] INFO  server.RaftServerConfigKeys (ConfUtils.java:logGet(44)) - raft.server.retrycache.expirytime = 600000ms (custom)
2020-05-18 03:07:53,470 [pool-147-thread-1] INFO  metrics.RatisMetrics (RatisMetrics.java:lambda$create$0(39)) - Creating Metrics Registry : ratis.leader_election.b3b39523-19fd-47b3-8de5-13395c27e2ba@group-4BD15A92D6B5
2020-05-18 03:07:53,470 [pool-147-thread-1] INFO  metrics.RatisMetrics (RatisMetrics.java:lambda$create$0(39)) - Creating Metrics Registry : ratis.server.b3b39523-19fd-47b3-8de5-13395c27e2ba@group-4BD15A92D6B5
2020-05-18 03:07:53,472 [pool-147-thread-1] INFO  impl.RaftServerImpl (RaftServerImpl.java:start(184)) - b3b39523-19fd-47b3-8de5-13395c27e2ba@group-4BD15A92D6B5: start as a follower, conf=-1: [0dd71c3f-fb6d-4793-9543-61a077f69edf:172.17.0.2:38681, 9cf338a1-6343-46cc-9d3e-d929198416a4:172.17.0.2:35497, b3b39523-19fd-47b3-8de5-13395c27e2ba:172.17.0.2:36197], old=null
2020-05-18 03:07:53,472 [pool-147-thread-1] INFO  impl.RaftServerImpl (RaftServerImpl.java:setRole(173)) - b3b39523-19fd-47b3-8de5-13395c27e2ba@group-4BD15A92D6B5: changes role from      null to FOLLOWER at term 0 for startAsFollower
2020-05-18 03:07:53,472 [pool-147-thread-1] INFO  impl.RoleInfo (RoleInfo.java:updateAndGet(143)) - b3b39523-19fd-47b3-8de5-13395c27e2ba: start FollowerState
2020-05-18 03:07:53,472 [pool-147-thread-1] INFO  util.JmxRegister (JmxRegister.java:tryRegister(44)) - Successfully registered JMX Bean with object name Ratis:service=RaftServer,group=group-4BD15A92D6B5,id=b3b39523-19fd-47b3-8de5-13395c27e2ba
2020-05-18 03:07:53,477 [pool-147-thread-1] INFO  metrics.RatisMetrics (RatisMetrics.java:lambda$create$0(39)) - Creating Metrics Registry : ratis.state_machine.b3b39523-19fd-47b3-8de5-13395c27e2ba@group-4BD15A92D6B5
2020-05-18 03:07:53,475 [pool-163-thread-1] INFO  ratis.ContainerStateMachine (ContainerStateMachine.java:loadSnapshot(226)) - group-5754AE5ACD40: The snapshot info is null. Setting the last applied indexto:(t:0, i:~)
2020-05-18 03:07:53,477 [pool-163-thread-1] INFO  server.RaftServerConfigKeys (ConfUtils.java:logGet(44)) - raft.server.notification.no-leader.timeout = 60s (default)
2020-05-18 03:07:53,477 [pool-163-thread-1] INFO  server.RaftServerConfigKeys (ConfUtils.java:logGet(44)) - raft.server.log.use.memory = false (default)
2020-05-18 03:07:53,478 [pool-163-thread-1] INFO  server.RaftServerConfigKeys (ConfUtils.java:logGet(44)) - raft.server.log.purge.gap = 1000000 (custom)
2020-05-18 03:07:53,478 [pool-163-thread-1] INFO  server.RaftServerConfigKeys (ConfUtils.java:logGet(44)) - raft.server.log.appender.buffer.byte-limit = 33554432 (custom)
2020-05-18 03:07:53,478 [pool-163-thread-1] INFO  server.RaftServerConfigKeys (ConfUtils.java:logGet(44)) - raft.server.log.segment.size.max = 1048576 (custom)
2020-05-18 03:07:53,478 [pool-163-thread-1] INFO  metrics.RatisMetrics (RatisMetrics.java:lambda$create$0(39)) - Creating Metrics Registry : ratis.log_worker.0dd71c3f-fb6d-4793-9543-61a077f69edf
2020-05-18 03:07:53,478 [pool-163-thread-1] INFO  server.RaftServerConfigKeys (ConfUtils.java:logGet(44)) - raft.server.log.segment.cache.num.max = 2 (custom)
2020-05-18 03:07:53,478 [pool-163-thread-1] INFO  segmented.SegmentedRaftLogWorker (SegmentedRaftLogWorker.java:<init>(176)) - new 0dd71c3f-fb6d-4793-9543-61a077f69edf@group-5754AE5ACD40-SegmentedRaftLogWorker for RaftStorage:Storage Directory /github/workspace/mnt/ozone/hadoop-ozone/integration-test/target/test-dir/MiniOzoneClusterImpl-69c03e2e-129d-4290-ae39-1295d90fd6d6/datanode-8/data/ratis/36b632ce-e6bf-42df-bc55-5754ae5acd40
2020-05-18 03:07:53,478 [pool-163-thread-1] INFO  server.RaftServerConfigKeys (ConfUtils.java:logGet(44)) - raft.server.log.queue.byte-limit = 2147483647 (custom)
2020-05-18 03:07:53,478 [pool-163-thread-1] INFO  server.RaftServerConfigKeys (ConfUtils.java:logGet(44)) - raft.server.log.queue.element-limit = 1024 (custom)
2020-05-18 03:07:53,478 [pool-163-thread-1] INFO  server.RaftServerConfigKeys (ConfUtils.java:logGet(44)) - raft.server.log.segment.size.max = 1048576 (custom)
2020-05-18 03:07:53,478 [pool-163-thread-1] INFO  server.RaftServerConfigKeys (ConfUtils.java:logGet(44)) - raft.server.log.preallocated.size = 16384 (custom)
2020-05-18 03:07:53,478 [pool-163-thread-1] INFO  server.RaftServerConfigKeys (ConfUtils.java:logGet(44)) - raft.server.log.write.buffer.size = 1048576 (custom)
2020-05-18 03:07:53,478 [pool-163-thread-1] INFO  server.RaftServerConfigKeys (ConfUtils.java:logGet(44)) - raft.server.log.force.sync.num = 128 (default)
2020-05-18 03:07:53,478 [pool-163-thread-1] INFO  server.RaftServerConfigKeys (ConfUtils.java:logGet(44)) - raft.server.log.statemachine.data.sync = true (default)
2020-05-18 03:07:53,478 [pool-163-thread-1] INFO  server.RaftServerConfigKeys (ConfUtils.java:logGet(44)) - raft.server.log.statemachine.data.sync.timeout = 10s (default)
2020-05-18 03:07:53,479 [pool-163-thread-1] INFO  server.RaftServerConfigKeys (ConfUtils.java:logGet(44)) - raft.server.log.statemachine.data.sync.timeout.retry = -1 (default)
2020-05-18 03:07:53,488 [Listener at 127.0.0.1/34573] INFO  ozone.MiniOzoneClusterImpl (MiniOzoneClusterImpl.java:lambda$waitForClusterToBeReady$0(177)) - Nodes are ready. Got 10 of 10 DN Heartbeats.
2020-05-18 03:07:53,488 [Listener at 127.0.0.1/34573] INFO  ozone.MiniOzoneClusterImpl (MiniOzoneClusterImpl.java:lambda$waitForClusterToBeReady$0(180)) - Waiting for cluster to exit safe mode
2020-05-18 03:07:53,489 [EventQueue-PipelineReportForPipelineReportHandler] INFO  pipeline.PipelineStateManager (PipelineStateManager.java:openPipeline(131)) - Pipeline Pipeline[ Id: 36b632ce-e6bf-42df-bc55-5754ae5acd40, Nodes: 0dd71c3f-fb6d-4793-9543-61a077f69edf{ip: 172.17.0.2, host: e6a1a4110770, networkLocation: /default-rack, certSerialId: null}, Type:RATIS, Factor:ONE, State:ALLOCATED, leaderId:0dd71c3f-fb6d-4793-9543-61a077f69edf, CreationTimestamp2020-05-18T03:07:50.421Z] moved to OPEN state
2020-05-18 03:07:53,489 [EventQueue-OpenPipelineForOneReplicaPipelineSafeModeRule] INFO  safemode.SCMSafeModeManager (SCMSafeModeManager.java:validateSafeModeExitRules(213)) - AtleastOneDatanodeReportedRule rule is successfully validated
2020-05-18 03:07:53,489 [EventQueue-OpenPipelineForHealthyPipelineSafeModeRule] INFO  safemode.SCMSafeModeManager (HealthyPipelineSafeModeRule.java:process(132)) - SCM in safe mode. Healthy pipelines reported count is 0, required healthy pipeline reported count is 1
2020-05-18 03:07:53,490 [pool-163-thread-1] INFO  server.RaftServerConfigKeys (ConfUtils.java:logGet(44)) - raft.server.log.statemachine.data.caching.enabled = true (custom)
2020-05-18 03:07:53,490 [pool-163-thread-1] INFO  segmented.SegmentedRaftLogWorker (SegmentedRaftLogWorker.java:lambda$new$0(129)) - 0dd71c3f-fb6d-4793-9543-61a077f69edf@group-5754AE5ACD40-SegmentedRaftLogWorker: flushIndex: setUnconditionally 0 -> -1
2020-05-18 03:07:53,511 [pool-163-thread-1] INFO  server.RaftServerConfigKeys (ConfUtils.java:logGet(44)) - raft.server.snapshot.auto.trigger.enabled = true (custom)
2020-05-18 03:07:53,511 [pool-163-thread-1] INFO  server.RaftServerConfigKeys (ConfUtils.java:logGet(44)) - raft.server.snapshot.auto.trigger.threshold = 10000 (custom)
2020-05-18 03:07:53,511 [pool-163-thread-1] INFO  server.RaftServerConfigKeys (ConfUtils.java:logGet(44)) - raft.server.snapshot.retention.file.num = 5 (custom)
2020-05-18 03:07:53,511 [pool-163-thread-1] INFO  server.RaftServerConfigKeys (ConfUtils.java:logGet(44)) - raft.server.log.purge.upto.snapshot.index = false (default)
2020-05-18 03:07:53,511 [pool-163-thread-1] INFO  server.RaftServerConfigKeys (ConfUtils.java:logGet(44)) - raft.server.retrycache.expirytime = 600000ms (custom)
2020-05-18 03:07:53,511 [pool-163-thread-1] INFO  metrics.RatisMetrics (RatisMetrics.java:lambda$create$0(39)) - Creating Metrics Registry : ratis.leader_election.0dd71c3f-fb6d-4793-9543-61a077f69edf@group-5754AE5ACD40
2020-05-18 03:07:53,512 [pool-163-thread-1] INFO  metrics.RatisMetrics (RatisMetrics.java:lambda$create$0(39)) - Creating Metrics Registry : ratis.server.0dd71c3f-fb6d-4793-9543-61a077f69edf@group-5754AE5ACD40
2020-05-18 03:07:53,513 [pool-163-thread-1] INFO  impl.RaftServerImpl (RaftServerImpl.java:start(184)) - 0dd71c3f-fb6d-4793-9543-61a077f69edf@group-5754AE5ACD40: start as a follower, conf=-1: [0dd71c3f-fb6d-4793-9543-61a077f69edf:172.17.0.2:38681], old=null
2020-05-18 03:07:53,513 [pool-163-thread-1] INFO  impl.RaftServerImpl (RaftServerImpl.java:setRole(173)) - 0dd71c3f-fb6d-4793-9543-61a077f69edf@group-5754AE5ACD40: changes role from      null to FOLLOWER at term 0 for startAsFollower
2020-05-18 03:07:53,513 [pool-163-thread-1] INFO  impl.RoleInfo (RoleInfo.java:updateAndGet(143)) - 0dd71c3f-fb6d-4793-9543-61a077f69edf: start FollowerState
2020-05-18 03:07:53,515 [pool-163-thread-1] INFO  util.JmxRegister (JmxRegister.java:tryRegister(44)) - Successfully registered JMX Bean with object name Ratis:service=RaftServer,group=group-5754AE5ACD40,id=0dd71c3f-fb6d-4793-9543-61a077f69edf
2020-05-18 03:07:53,515 [pool-163-thread-1] INFO  metrics.RatisMetrics (RatisMetrics.java:lambda$create$0(39)) - Creating Metrics Registry : ratis.state_machine.0dd71c3f-fb6d-4793-9543-61a077f69edf@group-5754AE5ACD40
2020-05-18 03:07:53,650 [Command processor thread] INFO  impl.RaftServerProxy (RaftServerProxy.java:addNew(89)) - a70f16ba-8984-46f7-b3b4-4f3ee14adaae: addNew group-9DF29E848DD6:[a70f16ba-8984-46f7-b3b4-4f3ee14adaae:172.17.0.2:41383] returns group-9DF29E848DD6:java.util.concurrent.CompletableFuture@7cea757b[Not completed]
2020-05-18 03:07:53,651 [Command processor thread] INFO  commandhandler.CreatePipelineCommandHandler (CreatePipelineCommandHandler.java:handle(109)) - Created Pipeline RATIS ONE #id: "36b632ce-e6bf-42df-bc55-5754ae5acd40"
.
2020-05-18 03:07:53,652 [Command processor thread] INFO  impl.RaftServerProxy (RaftServerProxy.java:addNew(89)) - 0dd71c3f-fb6d-4793-9543-61a077f69edf: addNew group-4BD15A92D6B5:[0dd71c3f-fb6d-4793-9543-61a077f69edf:172.17.0.2:38681, 9cf338a1-6343-46cc-9d3e-d929198416a4:172.17.0.2:35497, b3b39523-19fd-47b3-8de5-13395c27e2ba:172.17.0.2:36197] returns group-4BD15A92D6B5:java.util.concurrent.CompletableFuture@4cdb5594[Not completed]
2020-05-18 03:07:53,665 [pool-179-thread-1] INFO  impl.RaftServerImpl (RaftServerImpl.java:<init>(98)) - a70f16ba-8984-46f7-b3b4-4f3ee14adaae: new RaftServerImpl for group-9DF29E848DD6:[a70f16ba-8984-46f7-b3b4-4f3ee14adaae:172.17.0.2:41383] with ContainerStateMachine:uninitialized
2020-05-18 03:07:53,665 [pool-179-thread-1] INFO  server.RaftServerConfigKeys (ConfUtils.java:logGet(44)) - raft.server.rpc.timeout.min = 5s (custom)
2020-05-18 03:07:53,665 [pool-163-thread-1] INFO  impl.RaftServerImpl (RaftServerImpl.java:<init>(98)) - 0dd71c3f-fb6d-4793-9543-61a077f69edf: new RaftServerImpl for group-4BD15A92D6B5:[0dd71c3f-fb6d-4793-9543-61a077f69edf:172.17.0.2:38681, 9cf338a1-6343-46cc-9d3e-d929198416a4:172.17.0.2:35497, b3b39523-19fd-47b3-8de5-13395c27e2ba:172.17.0.2:36197] with ContainerStateMachine:uninitialized
2020-05-18 03:07:53,665 [pool-179-thread-1] INFO  server.RaftServerConfigKeys (ConfUtils.java:logGet(44)) - raft.server.rpc.timeout.max = 5200ms (custom)
2020-05-18 03:07:53,665 [pool-163-thread-1] INFO  server.RaftServerConfigKeys (ConfUtils.java:logGet(44)) - raft.server.rpc.timeout.min = 5s (custom)
2020-05-18 03:07:53,666 [pool-179-thread-1] INFO  server.RaftServerConfigKeys (ConfUtils.java:logGet(44)) - raft.server.rpcslowness.timeout = 300s (custom)
2020-05-18 03:07:53,666 [pool-179-thread-1] INFO  server.RaftServerConfigKeys (ConfUtils.java:logGet(44)) - raft.server.sleep.deviation.threshold = 300 (default)
2020-05-18 03:07:53,666 [pool-179-thread-1] INFO  server.RaftServerConfigKeys (ConfUtils.java:logGet(44)) - raft.server.log.appender.install.snapshot.enabled = false (custom)
2020-05-18 03:07:53,666 [pool-179-thread-1] INFO  impl.RaftServerImpl (ServerState.java:<init>(103)) - a70f16ba-8984-46f7-b3b4-4f3ee14adaae@group-9DF29E848DD6: ConfigurationManager, init=-1: [a70f16ba-8984-46f7-b3b4-4f3ee14adaae:172.17.0.2:41383], old=null, confs=<EMPTY_MAP>
2020-05-18 03:07:53,666 [pool-179-thread-1] INFO  server.RaftServerConfigKeys (ConfUtils.java:logGet(44)) - raft.server.storage.dir = [/github/workspace/mnt/ozone/hadoop-ozone/integration-test/target/test-dir/MiniOzoneClusterImpl-69c03e2e-129d-4290-ae39-1295d90fd6d6/datanode-9/data/ratis] (custom)
2020-05-18 03:07:53,666 [pool-179-thread-1] INFO  server.RaftServerConfigKeys (ConfUtils.java:logGet(44)) - raft.server.log.corruption.policy = EXCEPTION (default)
2020-05-18 03:07:53,666 [pool-179-thread-1] INFO  storage.RaftStorageDirectory (RaftStorageDirectory.java:analyzeStorage(261)) - The storage directory /github/workspace/mnt/ozone/hadoop-ozone/integration-test/target/test-dir/MiniOzoneClusterImpl-69c03e2e-129d-4290-ae39-1295d90fd6d6/datanode-9/data/ratis/dc8b9007-24cc-4e77-8d54-9df29e848dd6 does not exist. Creating ...
2020-05-18 03:07:53,668 [pool-179-thread-1] INFO  storage.RaftStorageDirectory (RaftStorageDirectory.java:tryLock(343)) - Lock on /github/workspace/mnt/ozone/hadoop-ozone/integration-test/target/test-dir/MiniOzoneClusterImpl-69c03e2e-129d-4290-ae39-1295d90fd6d6/datanode-9/data/ratis/dc8b9007-24cc-4e77-8d54-9df29e848dd6/in_use.lock acquired by nodename 6931@e6a1a4110770
2020-05-18 03:07:53,668 [pool-179-thread-1] INFO  storage.RaftStorage (RaftStorage.java:format(84)) - Storage directory /github/workspace/mnt/ozone/hadoop-ozone/integration-test/target/test-dir/MiniOzoneClusterImpl-69c03e2e-129d-4290-ae39-1295d90fd6d6/datanode-9/data/ratis/dc8b9007-24cc-4e77-8d54-9df29e848dd6 has been successfully formatted.
2020-05-18 03:07:53,666 [pool-163-thread-1] INFO  server.RaftServerConfigKeys (ConfUtils.java:logGet(44)) - raft.server.rpc.timeout.max = 5200ms (custom)
2020-05-18 03:07:53,670 [pool-163-thread-1] INFO  server.RaftServerConfigKeys (ConfUtils.java:logGet(44)) - raft.server.rpcslowness.timeout = 300s (custom)
2020-05-18 03:07:53,670 [pool-163-thread-1] INFO  server.RaftServerConfigKeys (ConfUtils.java:logGet(44)) - raft.server.sleep.deviation.threshold = 300 (default)
2020-05-18 03:07:53,670 [pool-163-thread-1] INFO  server.RaftServerConfigKeys (ConfUtils.java:logGet(44)) - raft.server.log.appender.install.snapshot.enabled = false (custom)
2020-05-18 03:07:53,670 [pool-163-thread-1] INFO  impl.RaftServerImpl (ServerState.java:<init>(103)) - 0dd71c3f-fb6d-4793-9543-61a077f69edf@group-4BD15A92D6B5: ConfigurationManager, init=-1: [0dd71c3f-fb6d-4793-9543-61a077f69edf:172.17.0.2:38681, 9cf338a1-6343-46cc-9d3e-d929198416a4:172.17.0.2:35497, b3b39523-19fd-47b3-8de5-13395c27e2ba:172.17.0.2:36197], old=null, confs=<EMPTY_MAP>
2020-05-18 03:07:53,669 [pool-179-thread-1] INFO  ratis.ContainerStateMachine (ContainerStateMachine.java:loadSnapshot(226)) - group-9DF29E848DD6: The snapshot info is null. Setting the last applied indexto:(t:0, i:~)
2020-05-18 03:07:53,670 [pool-179-thread-1] INFO  server.RaftServerConfigKeys (ConfUtils.java:logGet(44)) - raft.server.notification.no-leader.timeout = 60s (default)
2020-05-18 03:07:53,670 [pool-179-thread-1] INFO  server.RaftServerConfigKeys (ConfUtils.java:logGet(44)) - raft.server.log.use.memory = false (default)
2020-05-18 03:07:53,670 [pool-179-thread-1] INFO  server.RaftServerConfigKeys (ConfUtils.java:logGet(44)) - raft.server.log.purge.gap = 1000000 (custom)
2020-05-18 03:07:53,670 [pool-179-thread-1] INFO  server.RaftServerConfigKeys (ConfUtils.java:logGet(44)) - raft.server.log.appender.buffer.byte-limit = 33554432 (custom)
2020-05-18 03:07:53,671 [pool-179-thread-1] INFO  server.RaftServerConfigKeys (ConfUtils.java:logGet(44)) - raft.server.log.segment.size.max = 1048576 (custom)
2020-05-18 03:07:53,671 [pool-179-thread-1] INFO  metrics.RatisMetrics (RatisMetrics.java:lambda$create$0(39)) - Creating Metrics Registry : ratis.log_worker.a70f16ba-8984-46f7-b3b4-4f3ee14adaae
2020-05-18 03:07:53,671 [pool-179-thread-1] INFO  server.RaftServerConfigKeys (ConfUtils.java:logGet(44)) - raft.server.log.segment.cache.num.max = 2 (custom)
2020-05-18 03:07:53,671 [pool-179-thread-1] INFO  segmented.SegmentedRaftLogWorker (SegmentedRaftLogWorker.java:<init>(176)) - new a70f16ba-8984-46f7-b3b4-4f3ee14adaae@group-9DF29E848DD6-SegmentedRaftLogWorker for RaftStorage:Storage Directory /github/workspace/mnt/ozone/hadoop-ozone/integration-test/target/test-dir/MiniOzoneClusterImpl-69c03e2e-129d-4290-ae39-1295d90fd6d6/datanode-9/data/ratis/dc8b9007-24cc-4e77-8d54-9df29e848dd6
2020-05-18 03:07:53,671 [pool-179-thread-1] INFO  server.RaftServerConfigKeys (ConfUtils.java:logGet(44)) - raft.server.log.queue.byte-limit = 2147483647 (custom)
2020-05-18 03:07:53,670 [pool-163-thread-1] INFO  server.RaftServerConfigKeys (ConfUtils.java:logGet(44)) - raft.server.storage.dir = [/github/workspace/mnt/ozone/hadoop-ozone/integration-test/target/test-dir/MiniOzoneClusterImpl-69c03e2e-129d-4290-ae39-1295d90fd6d6/datanode-8/data/ratis] (custom)
2020-05-18 03:07:53,671 [pool-179-thread-1] INFO  server.RaftServerConfigKeys (ConfUtils.java:logGet(44)) - raft.server.log.queue.element-limit = 1024 (custom)
2020-05-18 03:07:53,671 [EventQueue-PipelineReportForPipelineReportHandler] INFO  pipeline.PipelineStateManager (PipelineStateManager.java:openPipeline(131)) - Pipeline Pipeline[ Id: dc8b9007-24cc-4e77-8d54-9df29e848dd6, Nodes: a70f16ba-8984-46f7-b3b4-4f3ee14adaae{ip: 172.17.0.2, host: e6a1a4110770, networkLocation: /default-rack, certSerialId: null}, Type:RATIS, Factor:ONE, State:ALLOCATED, leaderId:a70f16ba-8984-46f7-b3b4-4f3ee14adaae, CreationTimestamp2020-05-18T03:07:50.494Z] moved to OPEN state
2020-05-18 03:07:53,671 [pool-179-thread-1] INFO  server.RaftServerConfigKeys (ConfUtils.java:logGet(44)) - raft.server.log.segment.size.max = 1048576 (custom)
2020-05-18 03:07:53,672 [EventQueue-OpenPipelineForHealthyPipelineSafeModeRule] INFO  safemode.SCMSafeModeManager (HealthyPipelineSafeModeRule.java:process(132)) - SCM in safe mode. Healthy pipelines reported count is 0, required healthy pipeline reported count is 1
2020-05-18 03:07:53,671 [pool-163-thread-1] INFO  server.RaftServerConfigKeys (ConfUtils.java:logGet(44)) - raft.server.log.corruption.policy = EXCEPTION (default)
2020-05-18 03:07:53,672 [pool-179-thread-1] INFO  server.RaftServerConfigKeys (ConfUtils.java:logGet(44)) - raft.server.log.preallocated.size = 16384 (custom)
2020-05-18 03:07:53,672 [EventQueue-OpenPipelineForOneReplicaPipelineSafeModeRule] INFO  safemode.SCMSafeModeManager (SCMSafeModeManager.java:validateSafeModeExitRules(213)) - AtleastOneDatanodeReportedRule rule is successfully validated
2020-05-18 03:07:53,672 [pool-179-thread-1] INFO  server.RaftServerConfigKeys (ConfUtils.java:logGet(44)) - raft.server.log.write.buffer.size = 1048576 (custom)
2020-05-18 03:07:53,672 [pool-163-thread-1] INFO  storage.RaftStorageDirectory (RaftStorageDirectory.java:analyzeStorage(261)) - The storage directory /github/workspace/mnt/ozone/hadoop-ozone/integration-test/target/test-dir/MiniOzoneClusterImpl-69c03e2e-129d-4290-ae39-1295d90fd6d6/datanode-8/data/ratis/592d826d-28fd-469f-9ddb-4bd15a92d6b5 does not exist. Creating ...
2020-05-18 03:07:53,672 [pool-179-thread-1] INFO  server.RaftServerConfigKeys (ConfUtils.java:logGet(44)) - raft.server.log.force.sync.num = 128 (default)
2020-05-18 03:07:53,672 [pool-179-thread-1] INFO  server.RaftServerConfigKeys (ConfUtils.java:logGet(44)) - raft.server.log.statemachine.data.sync = true (default)
2020-05-18 03:07:53,672 [pool-179-thread-1] INFO  server.RaftServerConfigKeys (ConfUtils.java:logGet(44)) - raft.server.log.statemachine.data.sync.timeout = 10s (default)
2020-05-18 03:07:53,673 [pool-179-thread-1] INFO  server.RaftServerConfigKeys (ConfUtils.java:logGet(44)) - raft.server.log.statemachine.data.sync.timeout.retry = -1 (default)
2020-05-18 03:07:53,674 [pool-163-thread-1] INFO  storage.RaftStorageDirectory (RaftStorageDirectory.java:tryLock(343)) - Lock on /github/workspace/mnt/ozone/hadoop-ozone/integration-test/target/test-dir/MiniOzoneClusterImpl-69c03e2e-129d-4290-ae39-1295d90fd6d6/datanode-8/data/ratis/592d826d-28fd-469f-9ddb-4bd15a92d6b5/in_use.lock acquired by nodename 6931@e6a1a4110770
2020-05-18 03:07:53,675 [pool-179-thread-1] INFO  server.RaftServerConfigKeys (ConfUtils.java:logGet(44)) - raft.server.log.statemachine.data.caching.enabled = true (custom)
2020-05-18 03:07:53,676 [pool-179-thread-1] INFO  segmented.SegmentedRaftLogWorker (SegmentedRaftLogWorker.java:lambda$new$0(129)) - a70f16ba-8984-46f7-b3b4-4f3ee14adaae@group-9DF29E848DD6-SegmentedRaftLogWorker: flushIndex: setUnconditionally 0 -> -1
2020-05-18 03:07:53,676 [pool-163-thread-1] INFO  storage.RaftStorage (RaftStorage.java:format(84)) - Storage directory /github/workspace/mnt/ozone/hadoop-ozone/integration-test/target/test-dir/MiniOzoneClusterImpl-69c03e2e-129d-4290-ae39-1295d90fd6d6/datanode-8/data/ratis/592d826d-28fd-469f-9ddb-4bd15a92d6b5 has been successfully formatted.
2020-05-18 03:07:53,692 [pool-163-thread-1] INFO  ratis.ContainerStateMachine (ContainerStateMachine.java:loadSnapshot(226)) - group-4BD15A92D6B5: The snapshot info is null. Setting the last applied indexto:(t:0, i:~)
2020-05-18 03:07:53,693 [pool-163-thread-1] INFO  server.RaftServerConfigKeys (ConfUtils.java:logGet(44)) - raft.server.notification.no-leader.timeout = 60s (default)
2020-05-18 03:07:53,693 [pool-163-thread-1] INFO  server.RaftServerConfigKeys (ConfUtils.java:logGet(44)) - raft.server.log.use.memory = false (default)
2020-05-18 03:07:53,693 [pool-163-thread-1] INFO  server.RaftServerConfigKeys (ConfUtils.java:logGet(44)) - raft.server.log.purge.gap = 1000000 (custom)
2020-05-18 03:07:53,693 [pool-163-thread-1] INFO  server.RaftServerConfigKeys (ConfUtils.java:logGet(44)) - raft.server.log.appender.buffer.byte-limit = 33554432 (custom)
2020-05-18 03:07:53,693 [pool-163-thread-1] INFO  server.RaftServerConfigKeys (ConfUtils.java:logGet(44)) - raft.server.log.segment.size.max = 1048576 (custom)
2020-05-18 03:07:53,693 [pool-163-thread-1] INFO  server.RaftServerConfigKeys (ConfUtils.java:logGet(44)) - raft.server.log.segment.cache.num.max = 2 (custom)
2020-05-18 03:07:53,693 [pool-163-thread-1] INFO  segmented.SegmentedRaftLogWorker (SegmentedRaftLogWorker.java:<init>(176)) - new 0dd71c3f-fb6d-4793-9543-61a077f69edf@group-4BD15A92D6B5-SegmentedRaftLogWorker for RaftStorage:Storage Directory /github/workspace/mnt/ozone/hadoop-ozone/integration-test/target/test-dir/MiniOzoneClusterImpl-69c03e2e-129d-4290-ae39-1295d90fd6d6/datanode-8/data/ratis/592d826d-28fd-469f-9ddb-4bd15a92d6b5
2020-05-18 03:07:53,693 [pool-163-thread-1] INFO  server.RaftServerConfigKeys (ConfUtils.java:logGet(44)) - raft.server.log.queue.byte-limit = 2147483647 (custom)
2020-05-18 03:07:53,693 [pool-163-thread-1] INFO  server.RaftServerConfigKeys (ConfUtils.java:logGet(44)) - raft.server.log.queue.element-limit = 1024 (custom)
2020-05-18 03:07:53,693 [pool-163-thread-1] INFO  server.RaftServerConfigKeys (ConfUtils.java:logGet(44)) - raft.server.log.segment.size.max = 1048576 (custom)
2020-05-18 03:07:53,693 [pool-163-thread-1] INFO  server.RaftServerConfigKeys (ConfUtils.java:logGet(44)) - raft.server.log.preallocated.size = 16384 (custom)
2020-05-18 03:07:53,693 [pool-163-thread-1] INFO  server.RaftServerConfigKeys (ConfUtils.java:logGet(44)) - raft.server.log.write.buffer.size = 1048576 (custom)
2020-05-18 03:07:53,693 [pool-163-thread-1] INFO  server.RaftServerConfigKeys (ConfUtils.java:logGet(44)) - raft.server.log.force.sync.num = 128 (default)
2020-05-18 03:07:53,693 [pool-163-thread-1] INFO  server.RaftServerConfigKeys (ConfUtils.java:logGet(44)) - raft.server.log.statemachine.data.sync = true (default)
2020-05-18 03:07:53,694 [pool-163-thread-1] INFO  server.RaftServerConfigKeys (ConfUtils.java:logGet(44)) - raft.server.log.statemachine.data.sync.timeout = 10s (default)
2020-05-18 03:07:53,694 [pool-163-thread-1] INFO  server.RaftServerConfigKeys (ConfUtils.java:logGet(44)) - raft.server.log.statemachine.data.sync.timeout.retry = -1 (default)
2020-05-18 03:07:53,694 [pool-163-thread-1] INFO  server.RaftServerConfigKeys (ConfUtils.java:logGet(44)) - raft.server.log.statemachine.data.caching.enabled = true (custom)
2020-05-18 03:07:53,694 [pool-163-thread-1] INFO  segmented.SegmentedRaftLogWorker (SegmentedRaftLogWorker.java:lambda$new$0(129)) - 0dd71c3f-fb6d-4793-9543-61a077f69edf@group-4BD15A92D6B5-SegmentedRaftLogWorker: flushIndex: setUnconditionally 0 -> -1
2020-05-18 03:07:53,698 [pool-163-thread-1] INFO  server.RaftServerConfigKeys (ConfUtils.java:logGet(44)) - raft.server.snapshot.auto.trigger.enabled = true (custom)
2020-05-18 03:07:53,698 [pool-163-thread-1] INFO  server.RaftServerConfigKeys (ConfUtils.java:logGet(44)) - raft.server.snapshot.auto.trigger.threshold = 10000 (custom)
2020-05-18 03:07:53,699 [pool-163-thread-1] INFO  server.RaftServerConfigKeys (ConfUtils.java:logGet(44)) - raft.server.snapshot.retention.file.num = 5 (custom)
2020-05-18 03:07:53,699 [pool-163-thread-1] INFO  server.RaftServerConfigKeys (ConfUtils.java:logGet(44)) - raft.server.log.purge.upto.snapshot.index = false (default)
2020-05-18 03:07:53,699 [pool-163-thread-1] INFO  server.RaftServerConfigKeys (ConfUtils.java:logGet(44)) - raft.server.retrycache.expirytime = 600000ms (custom)
2020-05-18 03:07:53,699 [pool-163-thread-1] INFO  metrics.RatisMetrics (RatisMetrics.java:lambda$create$0(39)) - Creating Metrics Registry : ratis.leader_election.0dd71c3f-fb6d-4793-9543-61a077f69edf@group-4BD15A92D6B5
2020-05-18 03:07:53,699 [pool-179-thread-1] INFO  server.RaftServerConfigKeys (ConfUtils.java:logGet(44)) - raft.server.snapshot.auto.trigger.enabled = true (custom)
2020-05-18 03:07:53,700 [pool-179-thread-1] INFO  server.RaftServerConfigKeys (ConfUtils.java:logGet(44)) - raft.server.snapshot.auto.trigger.threshold = 10000 (custom)
2020-05-18 03:07:53,700 [pool-179-thread-1] INFO  server.RaftServerConfigKeys (ConfUtils.java:logGet(44)) - raft.server.snapshot.retention.file.num = 5 (custom)
2020-05-18 03:07:53,700 [pool-179-thread-1] INFO  server.RaftServerConfigKeys (ConfUtils.java:logGet(44)) - raft.server.log.purge.upto.snapshot.index = false (default)
2020-05-18 03:07:53,703 [pool-179-thread-1] INFO  server.RaftServerConfigKeys (ConfUtils.java:logGet(44)) - raft.server.retrycache.expirytime = 600000ms (custom)
2020-05-18 03:07:53,703 [pool-179-thread-1] INFO  metrics.RatisMetrics (RatisMetrics.java:lambda$create$0(39)) - Creating Metrics Registry : ratis.leader_election.a70f16ba-8984-46f7-b3b4-4f3ee14adaae@group-9DF29E848DD6
2020-05-18 03:07:53,704 [pool-163-thread-1] INFO  metrics.RatisMetrics (RatisMetrics.java:lambda$create$0(39)) - Creating Metrics Registry : ratis.server.0dd71c3f-fb6d-4793-9543-61a077f69edf@group-4BD15A92D6B5
2020-05-18 03:07:53,705 [pool-179-thread-1] INFO  metrics.RatisMetrics (RatisMetrics.java:lambda$create$0(39)) - Creating Metrics Registry : ratis.server.a70f16ba-8984-46f7-b3b4-4f3ee14adaae@group-9DF29E848DD6
2020-05-18 03:07:53,707 [pool-163-thread-1] INFO  impl.RaftServerImpl (RaftServerImpl.java:start(184)) - 0dd71c3f-fb6d-4793-9543-61a077f69edf@group-4BD15A92D6B5: start as a follower, conf=-1: [0dd71c3f-fb6d-4793-9543-61a077f69edf:172.17.0.2:38681, 9cf338a1-6343-46cc-9d3e-d929198416a4:172.17.0.2:35497, b3b39523-19fd-47b3-8de5-13395c27e2ba:172.17.0.2:36197], old=null
2020-05-18 03:07:53,707 [pool-163-thread-1] INFO  impl.RaftServerImpl (RaftServerImpl.java:setRole(173)) - 0dd71c3f-fb6d-4793-9543-61a077f69edf@group-4BD15A92D6B5: changes role from      null to FOLLOWER at term 0 for startAsFollower
2020-05-18 03:07:53,707 [pool-163-thread-1] INFO  impl.RoleInfo (RoleInfo.java:updateAndGet(143)) - 0dd71c3f-fb6d-4793-9543-61a077f69edf: start FollowerState
2020-05-18 03:07:53,707 [pool-179-thread-1] INFO  impl.RaftServerImpl (RaftServerImpl.java:start(184)) - a70f16ba-8984-46f7-b3b4-4f3ee14adaae@group-9DF29E848DD6: start as a follower, conf=-1: [a70f16ba-8984-46f7-b3b4-4f3ee14adaae:172.17.0.2:41383], old=null
2020-05-18 03:07:53,707 [pool-179-thread-1] INFO  impl.RaftServerImpl (RaftServerImpl.java:setRole(173)) - a70f16ba-8984-46f7-b3b4-4f3ee14adaae@group-9DF29E848DD6: changes role from      null to FOLLOWER at term 0 for startAsFollower
2020-05-18 03:07:53,708 [pool-163-thread-1] INFO  util.JmxRegister (JmxRegister.java:tryRegister(44)) - Successfully registered JMX Bean with object name Ratis:service=RaftServer,group=group-4BD15A92D6B5,id=0dd71c3f-fb6d-4793-9543-61a077f69edf
2020-05-18 03:07:53,708 [pool-163-thread-1] INFO  metrics.RatisMetrics (RatisMetrics.java:lambda$create$0(39)) - Creating Metrics Registry : ratis.state_machine.0dd71c3f-fb6d-4793-9543-61a077f69edf@group-4BD15A92D6B5
2020-05-18 03:07:53,709 [pool-179-thread-1] INFO  impl.RoleInfo (RoleInfo.java:updateAndGet(143)) - a70f16ba-8984-46f7-b3b4-4f3ee14adaae: start FollowerState
2020-05-18 03:07:53,711 [pool-179-thread-1] INFO  util.JmxRegister (JmxRegister.java:tryRegister(44)) - Successfully registered JMX Bean with object name Ratis:service=RaftServer,group=group-9DF29E848DD6,id=a70f16ba-8984-46f7-b3b4-4f3ee14adaae
2020-05-18 03:07:53,711 [pool-179-thread-1] INFO  metrics.RatisMetrics (RatisMetrics.java:lambda$create$0(39)) - Creating Metrics Registry : ratis.state_machine.a70f16ba-8984-46f7-b3b4-4f3ee14adaae@group-9DF29E848DD6
2020-05-18 03:07:53,712 [Command processor thread] INFO  commandhandler.CreatePipelineCommandHandler (CreatePipelineCommandHandler.java:handle(109)) - Created Pipeline RATIS ONE #id: "dc8b9007-24cc-4e77-8d54-9df29e848dd6"
.
2020-05-18 03:07:54,232 [Command processor thread] INFO  commandhandler.CreatePipelineCommandHandler (CreatePipelineCommandHandler.java:handle(109)) - Created Pipeline RATIS THREE #id: "2487801a-ca37-410b-bad8-a426cc6b4293"
.
2020-05-18 03:07:54,245 [Command processor thread] INFO  commandhandler.CreatePipelineCommandHandler (CreatePipelineCommandHandler.java:handle(109)) - Created Pipeline RATIS THREE #id: "09c61add-e684-4560-bd84-c38e4b309a7a"
.
2020-05-18 03:07:54,253 [Command processor thread] INFO  commandhandler.CreatePipelineCommandHandler (CreatePipelineCommandHandler.java:handle(109)) - Created Pipeline RATIS THREE #id: "592d826d-28fd-469f-9ddb-4bd15a92d6b5"
.
2020-05-18 03:07:54,276 [Command processor thread] INFO  commandhandler.CreatePipelineCommandHandler (CreatePipelineCommandHandler.java:handle(109)) - Created Pipeline RATIS THREE #id: "09c61add-e684-4560-bd84-c38e4b309a7a"
.
2020-05-18 03:07:54,276 [Command processor thread] INFO  commandhandler.CreatePipelineCommandHandler (CreatePipelineCommandHandler.java:handle(109)) - Created Pipeline RATIS THREE #id: "09c61add-e684-4560-bd84-c38e4b309a7a"
.
2020-05-18 03:07:54,291 [Command processor thread] INFO  commandhandler.CreatePipelineCommandHandler (CreatePipelineCommandHandler.java:handle(109)) - Created Pipeline RATIS THREE #id: "2487801a-ca37-410b-bad8-a426cc6b4293"
.
2020-05-18 03:07:54,291 [Command processor thread] INFO  commandhandler.CreatePipelineCommandHandler (CreatePipelineCommandHandler.java:handle(109)) - Created Pipeline RATIS THREE #id: "592d826d-28fd-469f-9ddb-4bd15a92d6b5"
.
2020-05-18 03:07:54,293 [Command processor thread] INFO  commandhandler.CreatePipelineCommandHandler (CreatePipelineCommandHandler.java:handle(109)) - Created Pipeline RATIS THREE #id: "2487801a-ca37-410b-bad8-a426cc6b4293"
.
2020-05-18 03:07:54,293 [Command processor thread] INFO  commandhandler.CreatePipelineCommandHandler (CreatePipelineCommandHandler.java:handle(109)) - Created Pipeline RATIS THREE #id: "592d826d-28fd-469f-9ddb-4bd15a92d6b5"
.
2020-05-18 03:07:54,488 [Listener at 127.0.0.1/34573] INFO  ozone.MiniOzoneClusterImpl (MiniOzoneClusterImpl.java:lambda$waitForClusterToBeReady$0(177)) - Nodes are ready. Got 10 of 10 DN Heartbeats.
2020-05-18 03:07:54,488 [Listener at 127.0.0.1/34573] INFO  ozone.MiniOzoneClusterImpl (MiniOzoneClusterImpl.java:lambda$waitForClusterToBeReady$0(180)) - Waiting for cluster to exit safe mode
2020-05-18 03:07:55,489 [Listener at 127.0.0.1/34573] INFO  ozone.MiniOzoneClusterImpl (MiniOzoneClusterImpl.java:lambda$waitForClusterToBeReady$0(177)) - Nodes are ready. Got 10 of 10 DN Heartbeats.
2020-05-18 03:07:55,489 [Listener at 127.0.0.1/34573] INFO  ozone.MiniOzoneClusterImpl (MiniOzoneClusterImpl.java:lambda$waitForClusterToBeReady$0(180)) - Waiting for cluster to exit safe mode
2020-05-18 03:07:56,489 [Listener at 127.0.0.1/34573] INFO  ozone.MiniOzoneClusterImpl (MiniOzoneClusterImpl.java:lambda$waitForClusterToBeReady$0(177)) - Nodes are ready. Got 10 of 10 DN Heartbeats.
2020-05-18 03:07:56,489 [Listener at 127.0.0.1/34573] INFO  ozone.MiniOzoneClusterImpl (MiniOzoneClusterImpl.java:lambda$waitForClusterToBeReady$0(180)) - Waiting for cluster to exit safe mode
2020-05-18 03:07:57,490 [Listener at 127.0.0.1/34573] INFO  ozone.MiniOzoneClusterImpl (MiniOzoneClusterImpl.java:lambda$waitForClusterToBeReady$0(177)) - Nodes are ready. Got 10 of 10 DN Heartbeats.
2020-05-18 03:07:57,490 [Listener at 127.0.0.1/34573] INFO  ozone.MiniOzoneClusterImpl (MiniOzoneClusterImpl.java:lambda$waitForClusterToBeReady$0(180)) - Waiting for cluster to exit safe mode
2020-05-18 03:07:57,983 [Thread-269] INFO  impl.FollowerState (FollowerState.java:run(108)) - 0a5b46e7-bf6e-4f0d-ad76-5a5d3a2876a0@group-496E89B144F8-FollowerState: change to CANDIDATE, lastRpcTime:5150ms, electionTimeout:5140ms
2020-05-18 03:07:57,986 [Thread-269] INFO  impl.RoleInfo (RoleInfo.java:shutdownFollowerState(121)) - 0a5b46e7-bf6e-4f0d-ad76-5a5d3a2876a0: shutdown FollowerState
2020-05-18 03:07:57,987 [Thread-269] INFO  impl.RaftServerImpl (RaftServerImpl.java:setRole(173)) - 0a5b46e7-bf6e-4f0d-ad76-5a5d3a2876a0@group-496E89B144F8: changes role from  FOLLOWER to CANDIDATE at term 0 for changeToCandidate
2020-05-18 03:07:57,989 [Thread-269] INFO  impl.RoleInfo (RoleInfo.java:updateAndGet(143)) - 0a5b46e7-bf6e-4f0d-ad76-5a5d3a2876a0: start LeaderElection
2020-05-18 03:07:58,007 [0a5b46e7-bf6e-4f0d-ad76-5a5d3a2876a0@group-496E89B144F8-LeaderElection1] INFO  impl.LeaderElection (LeaderElection.java:askForVotes(206)) - 0a5b46e7-bf6e-4f0d-ad76-5a5d3a2876a0@group-496E89B144F8-LeaderElection1: begin an election at term 1 for -1: [0a5b46e7-bf6e-4f0d-ad76-5a5d3a2876a0:172.17.0.2:33145], old=null
2020-05-18 03:07:58,008 [0a5b46e7-bf6e-4f0d-ad76-5a5d3a2876a0@group-496E89B144F8-LeaderElection1] INFO  impl.RoleInfo (RoleInfo.java:shutdownLeaderElection(134)) - 0a5b46e7-bf6e-4f0d-ad76-5a5d3a2876a0: shutdown LeaderElection
2020-05-18 03:07:58,009 [0a5b46e7-bf6e-4f0d-ad76-5a5d3a2876a0@group-496E89B144F8-LeaderElection1] INFO  impl.RaftServerImpl (RaftServerImpl.java:setRole(173)) - 0a5b46e7-bf6e-4f0d-ad76-5a5d3a2876a0@group-496E89B144F8: changes role from CANDIDATE to LEADER at term 1 for changeToLeader
2020-05-18 03:07:58,009 [0a5b46e7-bf6e-4f0d-ad76-5a5d3a2876a0@group-496E89B144F8-LeaderElection1] INFO  ratis.XceiverServerRatis (XceiverServerRatis.java:handleLeaderChangedNotification(762)) - Leader change notification received for group: group-496E89B144F8 with new leaderId: 0a5b46e7-bf6e-4f0d-ad76-5a5d3a2876a0
2020-05-18 03:07:58,009 [0a5b46e7-bf6e-4f0d-ad76-5a5d3a2876a0@group-496E89B144F8-LeaderElection1] INFO  impl.RaftServerImpl (ServerState.java:setLeader(255)) - 0a5b46e7-bf6e-4f0d-ad76-5a5d3a2876a0@group-496E89B144F8: change Leader from null to 0a5b46e7-bf6e-4f0d-ad76-5a5d3a2876a0 at term 1 for becomeLeader, leader elected after 5253ms
2020-05-18 03:07:58,015 [0a5b46e7-bf6e-4f0d-ad76-5a5d3a2876a0@group-496E89B144F8-LeaderElection1] INFO  server.RaftServerConfigKeys (ConfUtils.java:logGet(44)) - raft.server.staging.catchup.gap = 1000 (default)
2020-05-18 03:07:58,015 [0a5b46e7-bf6e-4f0d-ad76-5a5d3a2876a0@group-496E89B144F8-LeaderElection1] INFO  server.RaftServerConfigKeys (ConfUtils.java:logGet(44)) - raft.server.rpc.sleep.time = 25ms (default)
2020-05-18 03:07:58,018 [0a5b46e7-bf6e-4f0d-ad76-5a5d3a2876a0@group-496E89B144F8-LeaderElection1] INFO  metrics.RatisMetrics (RatisMetrics.java:lambda$create$0(39)) - Creating Metrics Registry : ratis.log_appender.0a5b46e7-bf6e-4f0d-ad76-5a5d3a2876a0@group-496E89B144F8
2020-05-18 03:07:58,022 [0a5b46e7-bf6e-4f0d-ad76-5a5d3a2876a0@group-496E89B144F8-LeaderElection1] INFO  server.RaftServerConfigKeys (ConfUtils.java:logGet(44)) - raft.server.write.element-limit = 1024 (custom)
2020-05-18 03:07:58,022 [0a5b46e7-bf6e-4f0d-ad76-5a5d3a2876a0@group-496E89B144F8-LeaderElection1] INFO  server.RaftServerConfigKeys (ConfUtils.java:logGet(44)) - raft.server.write.byte-limit = 1073741824 (custom)
2020-05-18 03:07:58,023 [Thread-270] INFO  impl.FollowerState (FollowerState.java:run(108)) - 006e673b-7da9-4e17-8ccf-c494a3628f18@group-D350F2D44DD7-FollowerState: change to CANDIDATE, lastRpcTime:5188ms, electionTimeout:5176ms
2020-05-18 03:07:58,024 [Thread-270] INFO  impl.RoleInfo (RoleInfo.java:shutdownFollowerState(121)) - 006e673b-7da9-4e17-8ccf-c494a3628f18: shutdown FollowerState
2020-05-18 03:07:58,024 [Thread-270] INFO  impl.RaftServerImpl (RaftServerImpl.java:setRole(173)) - 006e673b-7da9-4e17-8ccf-c494a3628f18@group-D350F2D44DD7: changes role from  FOLLOWER to CANDIDATE at term 0 for changeToCandidate
2020-05-18 03:07:58,024 [Thread-270] INFO  impl.RoleInfo (RoleInfo.java:updateAndGet(143)) - 006e673b-7da9-4e17-8ccf-c494a3628f18: start LeaderElection
2020-05-18 03:07:58,029 [Thread-276] INFO  impl.FollowerState (FollowerState.java:run(108)) - b81fc208-e0a0-4370-b6cf-4dc02a2f1cdf@group-75337A6F077B-FollowerState: change to CANDIDATE, lastRpcTime:5091ms, electionTimeout:5089ms
2020-05-18 03:07:58,029 [Thread-276] INFO  impl.RoleInfo (RoleInfo.java:shutdownFollowerState(121)) - b81fc208-e0a0-4370-b6cf-4dc02a2f1cdf: shutdown FollowerState
2020-05-18 03:07:58,029 [Thread-276] INFO  impl.RaftServerImpl (RaftServerImpl.java:setRole(173)) - b81fc208-e0a0-4370-b6cf-4dc02a2f1cdf@group-75337A6F077B: changes role from  FOLLOWER to CANDIDATE at term 0 for changeToCandidate
2020-05-18 03:07:58,030 [0a5b46e7-bf6e-4f0d-ad76-5a5d3a2876a0@group-496E89B144F8-LeaderElection1] INFO  server.RaftServerConfigKeys (ConfUtils.java:logGet(44)) - raft.server.watch.timeout = 180s (custom)
2020-05-18 03:07:58,030 [0a5b46e7-bf6e-4f0d-ad76-5a5d3a2876a0@group-496E89B144F8-LeaderElection1] INFO  server.RaftServerConfigKeys (ConfUtils.java:logGet(44)) - raft.server.watch.timeout.denomination = 1s (default)
2020-05-18 03:07:58,030 [0a5b46e7-bf6e-4f0d-ad76-5a5d3a2876a0@group-496E89B144F8-LeaderElection1] INFO  server.RaftServerConfigKeys (ConfUtils.java:logGet(44)) - raft.server.watch.element-limit = 65536 (default)
2020-05-18 03:07:58,037 [Thread-276] INFO  impl.RoleInfo (RoleInfo.java:updateAndGet(143)) - b81fc208-e0a0-4370-b6cf-4dc02a2f1cdf: start LeaderElection
2020-05-18 03:07:58,037 [0a5b46e7-bf6e-4f0d-ad76-5a5d3a2876a0@group-496E89B144F8-LeaderElection1] INFO  impl.RoleInfo (RoleInfo.java:updateAndGet(143)) - 0a5b46e7-bf6e-4f0d-ad76-5a5d3a2876a0: start LeaderState
2020-05-18 03:07:58,046 [006e673b-7da9-4e17-8ccf-c494a3628f18@group-D350F2D44DD7-LeaderElection2] INFO  impl.LeaderElection (LeaderElection.java:askForVotes(206)) - 006e673b-7da9-4e17-8ccf-c494a3628f18@group-D350F2D44DD7-LeaderElection2: begin an election at term 1 for -1: [006e673b-7da9-4e17-8ccf-c494a3628f18:172.17.0.2:46225], old=null
2020-05-18 03:07:58,061 [006e673b-7da9-4e17-8ccf-c494a3628f18@group-D350F2D44DD7-LeaderElection2] INFO  impl.RoleInfo (RoleInfo.java:shutdownLeaderElection(134)) - 006e673b-7da9-4e17-8ccf-c494a3628f18: shutdown LeaderElection
2020-05-18 03:07:58,061 [006e673b-7da9-4e17-8ccf-c494a3628f18@group-D350F2D44DD7-LeaderElection2] INFO  impl.RaftServerImpl (RaftServerImpl.java:setRole(173)) - 006e673b-7da9-4e17-8ccf-c494a3628f18@group-D350F2D44DD7: changes role from CANDIDATE to LEADER at term 1 for changeToLeader
2020-05-18 03:07:58,061 [006e673b-7da9-4e17-8ccf-c494a3628f18@group-D350F2D44DD7-LeaderElection2] INFO  ratis.XceiverServerRatis (XceiverServerRatis.java:handleLeaderChangedNotification(762)) - Leader change notification received for group: group-D350F2D44DD7 with new leaderId: 006e673b-7da9-4e17-8ccf-c494a3628f18
2020-05-18 03:07:58,061 [006e673b-7da9-4e17-8ccf-c494a3628f18@group-D350F2D44DD7-LeaderElection2] INFO  impl.RaftServerImpl (ServerState.java:setLeader(255)) - 006e673b-7da9-4e17-8ccf-c494a3628f18@group-D350F2D44DD7: change Leader from null to 006e673b-7da9-4e17-8ccf-c494a3628f18 at term 1 for becomeLeader, leader elected after 5410ms
2020-05-18 03:07:58,065 [006e673b-7da9-4e17-8ccf-c494a3628f18@group-D350F2D44DD7-LeaderElection2] INFO  server.RaftServerConfigKeys (ConfUtils.java:logGet(44)) - raft.server.staging.catchup.gap = 1000 (default)
2020-05-18 03:07:58,065 [006e673b-7da9-4e17-8ccf-c494a3628f18@group-D350F2D44DD7-LeaderElection2] INFO  server.RaftServerConfigKeys (ConfUtils.java:logGet(44)) - raft.server.rpc.sleep.time = 25ms (default)
2020-05-18 03:07:58,065 [006e673b-7da9-4e17-8ccf-c494a3628f18@group-D350F2D44DD7-LeaderElection2] INFO  metrics.RatisMetrics (RatisMetrics.java:lambda$create$0(39)) - Creating Metrics Registry : ratis.log_appender.006e673b-7da9-4e17-8ccf-c494a3628f18@group-D350F2D44DD7
2020-05-18 03:07:58,065 [006e673b-7da9-4e17-8ccf-c494a3628f18@group-D350F2D44DD7-LeaderElection2] INFO  server.RaftServerConfigKeys (ConfUtils.java:logGet(44)) - raft.server.write.element-limit = 1024 (custom)
2020-05-18 03:07:58,065 [006e673b-7da9-4e17-8ccf-c494a3628f18@group-D350F2D44DD7-LeaderElection2] INFO  server.RaftServerConfigKeys (ConfUtils.java:logGet(44)) - raft.server.write.byte-limit = 1073741824 (custom)
2020-05-18 03:07:58,066 [006e673b-7da9-4e17-8ccf-c494a3628f18@group-D350F2D44DD7-LeaderElection2] INFO  server.RaftServerConfigKeys (ConfUtils.java:logGet(44)) - raft.server.watch.timeout = 180s (custom)
2020-05-18 03:07:58,066 [006e673b-7da9-4e17-8ccf-c494a3628f18@group-D350F2D44DD7-LeaderElection2] INFO  server.RaftServerConfigKeys (ConfUtils.java:logGet(44)) - raft.server.watch.timeout.denomination = 1s (default)
2020-05-18 03:07:58,066 [006e673b-7da9-4e17-8ccf-c494a3628f18@group-D350F2D44DD7-LeaderElection2] INFO  server.RaftServerConfigKeys (ConfUtils.java:logGet(44)) - raft.server.watch.element-limit = 65536 (default)
2020-05-18 03:07:58,066 [006e673b-7da9-4e17-8ccf-c494a3628f18@group-D350F2D44DD7-LeaderElection2] INFO  impl.RoleInfo (RoleInfo.java:updateAndGet(143)) - 006e673b-7da9-4e17-8ccf-c494a3628f18: start LeaderState
2020-05-18 03:07:58,074 [b81fc208-e0a0-4370-b6cf-4dc02a2f1cdf@group-75337A6F077B-LeaderElection3] INFO  impl.LeaderElection (LeaderElection.java:askForVotes(206)) - b81fc208-e0a0-4370-b6cf-4dc02a2f1cdf@group-75337A6F077B-LeaderElection3: begin an election at term 1 for -1: [b81fc208-e0a0-4370-b6cf-4dc02a2f1cdf:172.17.0.2:37653], old=null
2020-05-18 03:07:58,075 [b81fc208-e0a0-4370-b6cf-4dc02a2f1cdf@group-75337A6F077B-LeaderElection3] INFO  impl.RoleInfo (RoleInfo.java:shutdownLeaderElection(134)) - b81fc208-e0a0-4370-b6cf-4dc02a2f1cdf: shutdown LeaderElection
2020-05-18 03:07:58,075 [b81fc208-e0a0-4370-b6cf-4dc02a2f1cdf@group-75337A6F077B-LeaderElection3] INFO  impl.RaftServerImpl (RaftServerImpl.java:setRole(173)) - b81fc208-e0a0-4370-b6cf-4dc02a2f1cdf@group-75337A6F077B: changes role from CANDIDATE to LEADER at term 1 for changeToLeader
2020-05-18 03:07:58,075 [b81fc208-e0a0-4370-b6cf-4dc02a2f1cdf@group-75337A6F077B-LeaderElection3] INFO  ratis.XceiverServerRatis (XceiverServerRatis.java:handleLeaderChangedNotification(762)) - Leader change notification received for group: group-75337A6F077B with new leaderId: b81fc208-e0a0-4370-b6cf-4dc02a2f1cdf
2020-05-18 03:07:58,075 [b81fc208-e0a0-4370-b6cf-4dc02a2f1cdf@group-75337A6F077B-LeaderElection3] INFO  impl.RaftServerImpl (ServerState.java:setLeader(255)) - b81fc208-e0a0-4370-b6cf-4dc02a2f1cdf@group-75337A6F077B: change Leader from null to b81fc208-e0a0-4370-b6cf-4dc02a2f1cdf at term 1 for becomeLeader, leader elected after 5159ms
2020-05-18 03:07:58,079 [b81fc208-e0a0-4370-b6cf-4dc02a2f1cdf@group-75337A6F077B-LeaderElection3] INFO  server.RaftServerConfigKeys (ConfUtils.java:logGet(44)) - raft.server.staging.catchup.gap = 1000 (default)
2020-05-18 03:07:58,079 [b81fc208-e0a0-4370-b6cf-4dc02a2f1cdf@group-75337A6F077B-LeaderElection3] INFO  server.RaftServerConfigKeys (ConfUtils.java:logGet(44)) - raft.server.rpc.sleep.time = 25ms (default)
2020-05-18 03:07:58,079 [b81fc208-e0a0-4370-b6cf-4dc02a2f1cdf@group-75337A6F077B-LeaderElection3] INFO  metrics.RatisMetrics (RatisMetrics.java:lambda$create$0(39)) - Creating Metrics Registry : ratis.log_appender.b81fc208-e0a0-4370-b6cf-4dc02a2f1cdf@group-75337A6F077B
2020-05-18 03:07:58,079 [b81fc208-e0a0-4370-b6cf-4dc02a2f1cdf@group-75337A6F077B-LeaderElection3] INFO  server.RaftServerConfigKeys (ConfUtils.java:logGet(44)) - raft.server.write.element-limit = 1024 (custom)
2020-05-18 03:07:58,079 [b81fc208-e0a0-4370-b6cf-4dc02a2f1cdf@group-75337A6F077B-LeaderElection3] INFO  server.RaftServerConfigKeys (ConfUtils.java:logGet(44)) - raft.server.write.byte-limit = 1073741824 (custom)
2020-05-18 03:07:58,080 [b81fc208-e0a0-4370-b6cf-4dc02a2f1cdf@group-75337A6F077B-LeaderElection3] INFO  server.RaftServerConfigKeys (ConfUtils.java:logGet(44)) - raft.server.watch.timeout = 180s (custom)
2020-05-18 03:07:58,080 [b81fc208-e0a0-4370-b6cf-4dc02a2f1cdf@group-75337A6F077B-LeaderElection3] INFO  server.RaftServerConfigKeys (ConfUtils.java:logGet(44)) - raft.server.watch.timeout.denomination = 1s (default)
2020-05-18 03:07:58,080 [b81fc208-e0a0-4370-b6cf-4dc02a2f1cdf@group-75337A6F077B-LeaderElection3] INFO  server.RaftServerConfigKeys (ConfUtils.java:logGet(44)) - raft.server.watch.element-limit = 65536 (default)
2020-05-18 03:07:58,080 [b81fc208-e0a0-4370-b6cf-4dc02a2f1cdf@group-75337A6F077B-LeaderElection3] INFO  impl.RoleInfo (RoleInfo.java:updateAndGet(143)) - b81fc208-e0a0-4370-b6cf-4dc02a2f1cdf: start LeaderState
2020-05-18 03:07:58,082 [b81fc208-e0a0-4370-b6cf-4dc02a2f1cdf@group-75337A6F077B-LeaderElection3] INFO  segmented.SegmentedRaftLogWorker (SegmentedRaftLogWorker.java:startLogSegment(391)) - b81fc208-e0a0-4370-b6cf-4dc02a2f1cdf@group-75337A6F077B-SegmentedRaftLogWorker: Starting segment from index:0
2020-05-18 03:07:58,082 [Thread-274] INFO  impl.FollowerState (FollowerState.java:run(108)) - 006e673b-7da9-4e17-8ccf-c494a3628f18@group-C38E4B309A7A-FollowerState: change to CANDIDATE, lastRpcTime:5148ms, electionTimeout:5140ms
2020-05-18 03:07:58,082 [Thread-274] INFO  impl.RoleInfo (RoleInfo.java:shutdownFollowerState(121)) - 006e673b-7da9-4e17-8ccf-c494a3628f18: shutdown FollowerState
2020-05-18 03:07:58,082 [Thread-274] INFO  impl.RaftServerImpl (RaftServerImpl.java:setRole(173)) - 006e673b-7da9-4e17-8ccf-c494a3628f18@group-C38E4B309A7A: changes role from  FOLLOWER to CANDIDATE at term 0 for changeToCandidate
2020-05-18 03:07:58,082 [Thread-274] INFO  impl.RoleInfo (RoleInfo.java:updateAndGet(143)) - 006e673b-7da9-4e17-8ccf-c494a3628f18: start LeaderElection
2020-05-18 03:07:58,083 [0a5b46e7-bf6e-4f0d-ad76-5a5d3a2876a0@group-496E89B144F8-LeaderElection1] INFO  segmented.SegmentedRaftLogWorker (SegmentedRaftLogWorker.java:startLogSegment(391)) - 0a5b46e7-bf6e-4f0d-ad76-5a5d3a2876a0@group-496E89B144F8-SegmentedRaftLogWorker: Starting segment from index:0
2020-05-18 03:07:58,082 [006e673b-7da9-4e17-8ccf-c494a3628f18@group-D350F2D44DD7-LeaderElection2] INFO  segmented.SegmentedRaftLogWorker (SegmentedRaftLogWorker.java:startLogSegment(391)) - 006e673b-7da9-4e17-8ccf-c494a3628f18@group-D350F2D44DD7-SegmentedRaftLogWorker: Starting segment from index:0
2020-05-18 03:07:58,097 [0a5b46e7-bf6e-4f0d-ad76-5a5d3a2876a0@group-496E89B144F8-LeaderElection1] INFO  impl.RaftServerImpl (ServerState.java:setRaftConf(356)) - 0a5b46e7-bf6e-4f0d-ad76-5a5d3a2876a0@group-496E89B144F8: set configuration 0: [0a5b46e7-bf6e-4f0d-ad76-5a5d3a2876a0:172.17.0.2:33145], old=null at 0
2020-05-18 03:07:58,100 [006e673b-7da9-4e17-8ccf-c494a3628f18@group-D350F2D44DD7-LeaderElection2] INFO  impl.RaftServerImpl (ServerState.java:setRaftConf(356)) - 006e673b-7da9-4e17-8ccf-c494a3628f18@group-D350F2D44DD7: set configuration 0: [006e673b-7da9-4e17-8ccf-c494a3628f18:172.17.0.2:46225], old=null at 0
2020-05-18 03:07:58,101 [006e673b-7da9-4e17-8ccf-c494a3628f18@group-C38E4B309A7A-LeaderElection4] INFO  impl.LeaderElection (LeaderElection.java:askForVotes(206)) - 006e673b-7da9-4e17-8ccf-c494a3628f18@group-C38E4B309A7A-LeaderElection4: begin an election at term 1 for -1: [0a5b46e7-bf6e-4f0d-ad76-5a5d3a2876a0:172.17.0.2:33145, b81fc208-e0a0-4370-b6cf-4dc02a2f1cdf:172.17.0.2:37653, 006e673b-7da9-4e17-8ccf-c494a3628f18:172.17.0.2:46225], old=null
2020-05-18 03:07:58,104 [Thread-280] INFO  impl.FollowerState (FollowerState.java:run(108)) - 034d9298-83c2-4b87-9d91-d2864b54f400@group-F56031DD7884-FollowerState: change to CANDIDATE, lastRpcTime:5094ms, electionTimeout:5066ms
2020-05-18 03:07:58,104 [b81fc208-e0a0-4370-b6cf-4dc02a2f1cdf@group-75337A6F077B-LeaderElection3] INFO  impl.RaftServerImpl (ServerState.java:setRaftConf(356)) - b81fc208-e0a0-4370-b6cf-4dc02a2f1cdf@group-75337A6F077B: set configuration 0: [b81fc208-e0a0-4370-b6cf-4dc02a2f1cdf:172.17.0.2:37653], old=null at 0
2020-05-18 03:07:58,111 [Thread-280] INFO  impl.RoleInfo (RoleInfo.java:shutdownFollowerState(121)) - 034d9298-83c2-4b87-9d91-d2864b54f400: shutdown FollowerState
2020-05-18 03:07:58,099 [Thread-273] INFO  impl.FollowerState (FollowerState.java:run(108)) - 0a5b46e7-bf6e-4f0d-ad76-5a5d3a2876a0@group-C38E4B309A7A-FollowerState: change to CANDIDATE, lastRpcTime:5175ms, electionTimeout:5161ms
2020-05-18 03:07:58,124 [Thread-273] INFO  impl.RoleInfo (RoleInfo.java:shutdownFollowerState(121)) - 0a5b46e7-bf6e-4f0d-ad76-5a5d3a2876a0: shutdown FollowerState
2020-05-18 03:07:58,124 [Thread-273] INFO  impl.RaftServerImpl (RaftServerImpl.java:setRole(173)) - 0a5b46e7-bf6e-4f0d-ad76-5a5d3a2876a0@group-C38E4B309A7A: changes role from  FOLLOWER to CANDIDATE at term 0 for changeToCandidate
2020-05-18 03:07:58,124 [Thread-273] INFO  impl.RoleInfo (RoleInfo.java:updateAndGet(143)) - 0a5b46e7-bf6e-4f0d-ad76-5a5d3a2876a0: start LeaderElection
2020-05-18 03:07:58,124 [Thread-280] INFO  impl.RaftServerImpl (RaftServerImpl.java:setRole(173)) - 034d9298-83c2-4b87-9d91-d2864b54f400@group-F56031DD7884: changes role from  FOLLOWER to CANDIDATE at term 0 for changeToCandidate
2020-05-18 03:07:58,132 [Thread-280] INFO  impl.RoleInfo (RoleInfo.java:updateAndGet(143)) - 034d9298-83c2-4b87-9d91-d2864b54f400: start LeaderElection
2020-05-18 03:07:58,143 [0a5b46e7-bf6e-4f0d-ad76-5a5d3a2876a0@group-C38E4B309A7A-LeaderElection5] INFO  impl.LeaderElection (LeaderElection.java:askForVotes(206)) - 0a5b46e7-bf6e-4f0d-ad76-5a5d3a2876a0@group-C38E4B309A7A-LeaderElection5: begin an election at term 1 for -1: [0a5b46e7-bf6e-4f0d-ad76-5a5d3a2876a0:172.17.0.2:33145, b81fc208-e0a0-4370-b6cf-4dc02a2f1cdf:172.17.0.2:37653, 006e673b-7da9-4e17-8ccf-c494a3628f18:172.17.0.2:46225], old=null
2020-05-18 03:07:58,149 [Thread-278] INFO  impl.FollowerState (FollowerState.java:run(108)) - b81fc208-e0a0-4370-b6cf-4dc02a2f1cdf@group-C38E4B309A7A-FollowerState: change to CANDIDATE, lastRpcTime:5186ms, electionTimeout:5185ms
2020-05-18 03:07:58,149 [Thread-278] INFO  impl.RoleInfo (RoleInfo.java:shutdownFollowerState(121)) - b81fc208-e0a0-4370-b6cf-4dc02a2f1cdf: shutdown FollowerState
2020-05-18 03:07:58,149 [Thread-278] INFO  impl.RaftServerImpl (RaftServerImpl.java:setRole(173)) - b81fc208-e0a0-4370-b6cf-4dc02a2f1cdf@group-C38E4B309A7A: changes role from  FOLLOWER to CANDIDATE at term 0 for changeToCandidate
2020-05-18 03:07:58,150 [Thread-278] INFO  impl.RoleInfo (RoleInfo.java:updateAndGet(143)) - b81fc208-e0a0-4370-b6cf-4dc02a2f1cdf: start LeaderElection
2020-05-18 03:07:58,177 [034d9298-83c2-4b87-9d91-d2864b54f400@group-F56031DD7884-LeaderElection6] INFO  impl.LeaderElection (LeaderElection.java:askForVotes(206)) - 034d9298-83c2-4b87-9d91-d2864b54f400@group-F56031DD7884-LeaderElection6: begin an election at term 1 for -1: [034d9298-83c2-4b87-9d91-d2864b54f400:172.17.0.2:39127], old=null
2020-05-18 03:07:58,177 [034d9298-83c2-4b87-9d91-d2864b54f400@group-F56031DD7884-LeaderElection6] INFO  impl.RoleInfo (RoleInfo.java:shutdownLeaderElection(134)) - 034d9298-83c2-4b87-9d91-d2864b54f400: shutdown LeaderElection
2020-05-18 03:07:58,177 [034d9298-83c2-4b87-9d91-d2864b54f400@group-F56031DD7884-LeaderElection6] INFO  impl.RaftServerImpl (RaftServerImpl.java:setRole(173)) - 034d9298-83c2-4b87-9d91-d2864b54f400@group-F56031DD7884: changes role from CANDIDATE to LEADER at term 1 for changeToLeader
2020-05-18 03:07:58,177 [034d9298-83c2-4b87-9d91-d2864b54f400@group-F56031DD7884-LeaderElection6] INFO  ratis.XceiverServerRatis (XceiverServerRatis.java:handleLeaderChangedNotification(762)) - Leader change notification received for group: group-F56031DD7884 with new leaderId: 034d9298-83c2-4b87-9d91-d2864b54f400
2020-05-18 03:07:58,177 [034d9298-83c2-4b87-9d91-d2864b54f400@group-F56031DD7884-LeaderElection6] INFO  impl.RaftServerImpl (ServerState.java:setLeader(255)) - 034d9298-83c2-4b87-9d91-d2864b54f400@group-F56031DD7884: change Leader from null to 034d9298-83c2-4b87-9d91-d2864b54f400 at term 1 for becomeLeader, leader elected after 5190ms
2020-05-18 03:07:58,188 [b81fc208-e0a0-4370-b6cf-4dc02a2f1cdf@group-C38E4B309A7A-LeaderElection7] INFO  impl.LeaderElection (LeaderElection.java:askForVotes(206)) - b81fc208-e0a0-4370-b6cf-4dc02a2f1cdf@group-C38E4B309A7A-LeaderElection7: begin an election at term 1 for -1: [0a5b46e7-bf6e-4f0d-ad76-5a5d3a2876a0:172.17.0.2:33145, b81fc208-e0a0-4370-b6cf-4dc02a2f1cdf:172.17.0.2:37653, 006e673b-7da9-4e17-8ccf-c494a3628f18:172.17.0.2:46225], old=null
2020-05-18 03:07:58,195 [034d9298-83c2-4b87-9d91-d2864b54f400@group-F56031DD7884-LeaderElection6] INFO  server.RaftServerConfigKeys (ConfUtils.java:logGet(44)) - raft.server.staging.catchup.gap = 1000 (default)
2020-05-18 03:07:58,195 [034d9298-83c2-4b87-9d91-d2864b54f400@group-F56031DD7884-LeaderElection6] INFO  server.RaftServerConfigKeys (ConfUtils.java:logGet(44)) - raft.server.rpc.sleep.time = 25ms (default)
2020-05-18 03:07:58,195 [034d9298-83c2-4b87-9d91-d2864b54f400@group-F56031DD7884-LeaderElection6] INFO  metrics.RatisMetrics (RatisMetrics.java:lambda$create$0(39)) - Creating Metrics Registry : ratis.log_appender.034d9298-83c2-4b87-9d91-d2864b54f400@group-F56031DD7884
2020-05-18 03:07:58,196 [034d9298-83c2-4b87-9d91-d2864b54f400@group-F56031DD7884-LeaderElection6] INFO  server.RaftServerConfigKeys (ConfUtils.java:logGet(44)) - raft.server.write.element-limit = 1024 (custom)
2020-05-18 03:07:58,196 [034d9298-83c2-4b87-9d91-d2864b54f400@group-F56031DD7884-LeaderElection6] INFO  server.RaftServerConfigKeys (ConfUtils.java:logGet(44)) - raft.server.write.byte-limit = 1073741824 (custom)
2020-05-18 03:07:58,196 [034d9298-83c2-4b87-9d91-d2864b54f400@group-F56031DD7884-LeaderElection6] INFO  server.RaftServerConfigKeys (ConfUtils.java:logGet(44)) - raft.server.watch.timeout = 180s (custom)
2020-05-18 03:07:58,196 [034d9298-83c2-4b87-9d91-d2864b54f400@group-F56031DD7884-LeaderElection6] INFO  server.RaftServerConfigKeys (ConfUtils.java:logGet(44)) - raft.server.watch.timeout.denomination = 1s (default)
2020-05-18 03:07:58,196 [034d9298-83c2-4b87-9d91-d2864b54f400@group-F56031DD7884-LeaderElection6] INFO  server.RaftServerConfigKeys (ConfUtils.java:logGet(44)) - raft.server.watch.element-limit = 65536 (default)
2020-05-18 03:07:58,196 [034d9298-83c2-4b87-9d91-d2864b54f400@group-F56031DD7884-LeaderElection6] INFO  impl.RoleInfo (RoleInfo.java:updateAndGet(143)) - 034d9298-83c2-4b87-9d91-d2864b54f400: start LeaderState
2020-05-18 03:07:58,197 [034d9298-83c2-4b87-9d91-d2864b54f400@group-F56031DD7884-LeaderElection6] INFO  segmented.SegmentedRaftLogWorker (SegmentedRaftLogWorker.java:startLogSegment(391)) - 034d9298-83c2-4b87-9d91-d2864b54f400@group-F56031DD7884-SegmentedRaftLogWorker: Starting segment from index:0
2020-05-18 03:07:58,198 [034d9298-83c2-4b87-9d91-d2864b54f400@group-F56031DD7884-LeaderElection6] INFO  impl.RaftServerImpl (ServerState.java:setRaftConf(356)) - 034d9298-83c2-4b87-9d91-d2864b54f400@group-F56031DD7884: set configuration 0: [034d9298-83c2-4b87-9d91-d2864b54f400:172.17.0.2:39127], old=null at 0
2020-05-18 03:07:58,208 [006e673b-7da9-4e17-8ccf-c494a3628f18@group-C38E4B309A7A-LeaderElection4] INFO  impl.LeaderElection (LeaderElection.java:logAndReturn(61)) - 006e673b-7da9-4e17-8ccf-c494a3628f18@group-C38E4B309A7A-LeaderElection4: Election REJECTED; received 2 response(s) [006e673b-7da9-4e17-8ccf-c494a3628f18<-0a5b46e7-bf6e-4f0d-ad76-5a5d3a2876a0#0:FAIL-t1, 006e673b-7da9-4e17-8ccf-c494a3628f18<-b81fc208-e0a0-4370-b6cf-4dc02a2f1cdf#0:FAIL-t1] and 0 exception(s); 006e673b-7da9-4e17-8ccf-c494a3628f18@group-C38E4B309A7A:t1, leader=null, voted=006e673b-7da9-4e17-8ccf-c494a3628f18, raftlog=006e673b-7da9-4e17-8ccf-c494a3628f18@group-C38E4B309A7A-SegmentedRaftLog:OPENED:c-1,f-1,i0, conf=-1: [0a5b46e7-bf6e-4f0d-ad76-5a5d3a2876a0:172.17.0.2:33145, b81fc208-e0a0-4370-b6cf-4dc02a2f1cdf:172.17.0.2:37653, 006e673b-7da9-4e17-8ccf-c494a3628f18:172.17.0.2:46225], old=null
2020-05-18 03:07:58,209 [006e673b-7da9-4e17-8ccf-c494a3628f18@group-C38E4B309A7A-LeaderElection4] INFO  impl.RaftServerImpl (RaftServerImpl.java:setRole(173)) - 006e673b-7da9-4e17-8ccf-c494a3628f18@group-C38E4B309A7A: changes role from CANDIDATE to FOLLOWER at term 1 for DISCOVERED_A_NEW_TERM
2020-05-18 03:07:58,209 [006e673b-7da9-4e17-8ccf-c494a3628f18@group-C38E4B309A7A-LeaderElection4] INFO  impl.RoleInfo (RoleInfo.java:shutdownLeaderElection(134)) - 006e673b-7da9-4e17-8ccf-c494a3628f18: shutdown LeaderElection
2020-05-18 03:07:58,209 [006e673b-7da9-4e17-8ccf-c494a3628f18@group-C38E4B309A7A-LeaderElection4] INFO  impl.RoleInfo (RoleInfo.java:updateAndGet(143)) - 006e673b-7da9-4e17-8ccf-c494a3628f18: start FollowerState
2020-05-18 03:07:58,225 [0a5b46e7-bf6e-4f0d-ad76-5a5d3a2876a0@group-C38E4B309A7A-LeaderElection5] INFO  impl.LeaderElection (LeaderElection.java:logAndReturn(61)) - 0a5b46e7-bf6e-4f0d-ad76-5a5d3a2876a0@group-C38E4B309A7A-LeaderElection5: Election REJECTED; received 2 response(s) [0a5b46e7-bf6e-4f0d-ad76-5a5d3a2876a0<-b81fc208-e0a0-4370-b6cf-4dc02a2f1cdf#0:FAIL-t1, 0a5b46e7-bf6e-4f0d-ad76-5a5d3a2876a0<-006e673b-7da9-4e17-8ccf-c494a3628f18#0:FAIL-t1] and 0 exception(s); 0a5b46e7-bf6e-4f0d-ad76-5a5d3a2876a0@group-C38E4B309A7A:t1, leader=null, voted=0a5b46e7-bf6e-4f0d-ad76-5a5d3a2876a0, raftlog=0a5b46e7-bf6e-4f0d-ad76-5a5d3a2876a0@group-C38E4B309A7A-SegmentedRaftLog:OPENED:c-1,f-1,i0, conf=-1: [0a5b46e7-bf6e-4f0d-ad76-5a5d3a2876a0:172.17.0.2:33145, b81fc208-e0a0-4370-b6cf-4dc02a2f1cdf:172.17.0.2:37653, 006e673b-7da9-4e17-8ccf-c494a3628f18:172.17.0.2:46225], old=null
2020-05-18 03:07:58,227 [0a5b46e7-bf6e-4f0d-ad76-5a5d3a2876a0@group-C38E4B309A7A-LeaderElection5] INFO  impl.RaftServerImpl (RaftServerImpl.java:setRole(173)) - 0a5b46e7-bf6e-4f0d-ad76-5a5d3a2876a0@group-C38E4B309A7A: changes role from CANDIDATE to FOLLOWER at term 1 for DISCOVERED_A_NEW_TERM
2020-05-18 03:07:58,227 [0a5b46e7-bf6e-4f0d-ad76-5a5d3a2876a0@group-C38E4B309A7A-LeaderElection5] INFO  impl.RoleInfo (RoleInfo.java:shutdownLeaderElection(134)) - 0a5b46e7-bf6e-4f0d-ad76-5a5d3a2876a0: shutdown LeaderElection
2020-05-18 03:07:58,227 [0a5b46e7-bf6e-4f0d-ad76-5a5d3a2876a0@group-C38E4B309A7A-LeaderElection5] INFO  impl.RoleInfo (RoleInfo.java:updateAndGet(143)) - 0a5b46e7-bf6e-4f0d-ad76-5a5d3a2876a0: start FollowerState
2020-05-18 03:07:58,234 [b81fc208-e0a0-4370-b6cf-4dc02a2f1cdf@group-C38E4B309A7A-LeaderElection7] INFO  impl.LeaderElection (LeaderElection.java:logAndReturn(61)) - b81fc208-e0a0-4370-b6cf-4dc02a2f1cdf@group-C38E4B309A7A-LeaderElection7: Election REJECTED; received 2 response(s) [b81fc208-e0a0-4370-b6cf-4dc02a2f1cdf<-0a5b46e7-bf6e-4f0d-ad76-5a5d3a2876a0#0:FAIL-t1, b81fc208-e0a0-4370-b6cf-4dc02a2f1cdf<-006e673b-7da9-4e17-8ccf-c494a3628f18#0:FAIL-t1] and 0 exception(s); b81fc208-e0a0-4370-b6cf-4dc02a2f1cdf@group-C38E4B309A7A:t1, leader=null, voted=b81fc208-e0a0-4370-b6cf-4dc02a2f1cdf, raftlog=b81fc208-e0a0-4370-b6cf-4dc02a2f1cdf@group-C38E4B309A7A-SegmentedRaftLog:OPENED:c-1,f-1,i0, conf=-1: [0a5b46e7-bf6e-4f0d-ad76-5a5d3a2876a0:172.17.0.2:33145, b81fc208-e0a0-4370-b6cf-4dc02a2f1cdf:172.17.0.2:37653, 006e673b-7da9-4e17-8ccf-c494a3628f18:172.17.0.2:46225], old=null
2020-05-18 03:07:58,234 [b81fc208-e0a0-4370-b6cf-4dc02a2f1cdf@group-C38E4B309A7A-LeaderElection7] INFO  impl.RaftServerImpl (RaftServerImpl.java:setRole(173)) - b81fc208-e0a0-4370-b6cf-4dc02a2f1cdf@group-C38E4B309A7A: changes role from CANDIDATE to FOLLOWER at term 1 for DISCOVERED_A_NEW_TERM
2020-05-18 03:07:58,234 [b81fc208-e0a0-4370-b6cf-4dc02a2f1cdf@group-C38E4B309A7A-LeaderElection7] INFO  impl.RoleInfo (RoleInfo.java:shutdownLeaderElection(134)) - b81fc208-e0a0-4370-b6cf-4dc02a2f1cdf: shutdown LeaderElection
2020-05-18 03:07:58,234 [b81fc208-e0a0-4370-b6cf-4dc02a2f1cdf@group-C38E4B309A7A-LeaderElection7] INFO  impl.RoleInfo (RoleInfo.java:updateAndGet(143)) - b81fc208-e0a0-4370-b6cf-4dc02a2f1cdf: start FollowerState
2020-05-18 03:07:58,275 [0a5b46e7-bf6e-4f0d-ad76-5a5d3a2876a0@group-496E89B144F8-SegmentedRaftLogWorker] INFO  segmented.SegmentedRaftLogWorker (SegmentedRaftLogWorker.java:execute(583)) - 0a5b46e7-bf6e-4f0d-ad76-5a5d3a2876a0@group-496E89B144F8-SegmentedRaftLogWorker: created new log segment /github/workspace/mnt/ozone/hadoop-ozone/integration-test/target/test-dir/MiniOzoneClusterImpl-69c03e2e-129d-4290-ae39-1295d90fd6d6/datanode-1/data/ratis/e12a51fa-603e-4fb3-8ea4-496e89b144f8/current/log_inprogress_0
2020-05-18 03:07:58,275 [b81fc208-e0a0-4370-b6cf-4dc02a2f1cdf@group-75337A6F077B-SegmentedRaftLogWorker] INFO  segmented.SegmentedRaftLogWorker (SegmentedRaftLogWorker.java:execute(583)) - b81fc208-e0a0-4370-b6cf-4dc02a2f1cdf@group-75337A6F077B-SegmentedRaftLogWorker: created new log segment /github/workspace/mnt/ozone/hadoop-ozone/integration-test/target/test-dir/MiniOzoneClusterImpl-69c03e2e-129d-4290-ae39-1295d90fd6d6/datanode-2/data/ratis/c02c722d-864c-4538-b71a-75337a6f077b/current/log_inprogress_0
2020-05-18 03:07:58,275 [034d9298-83c2-4b87-9d91-d2864b54f400@group-F56031DD7884-SegmentedRaftLogWorker] INFO  segmented.SegmentedRaftLogWorker (SegmentedRaftLogWorker.java:execute(583)) - 034d9298-83c2-4b87-9d91-d2864b54f400@group-F56031DD7884-SegmentedRaftLogWorker: created new log segment /github/workspace/mnt/ozone/hadoop-ozone/integration-test/target/test-dir/MiniOzoneClusterImpl-69c03e2e-129d-4290-ae39-1295d90fd6d6/datanode-3/data/ratis/8bad409e-f335-4cfe-9fc6-f56031dd7884/current/log_inprogress_0
2020-05-18 03:07:58,275 [006e673b-7da9-4e17-8ccf-c494a3628f18@group-D350F2D44DD7-SegmentedRaftLogWorker] INFO  segmented.SegmentedRaftLogWorker (SegmentedRaftLogWorker.java:execute(583)) - 006e673b-7da9-4e17-8ccf-c494a3628f18@group-D350F2D44DD7-SegmentedRaftLogWorker: created new log segment /github/workspace/mnt/ozone/hadoop-ozone/integration-test/target/test-dir/MiniOzoneClusterImpl-69c03e2e-129d-4290-ae39-1295d90fd6d6/datanode-0/data/ratis/624b0bb2-f865-488e-a324-d350f2d44dd7/current/log_inprogress_0
2020-05-18 03:07:58,387 [Thread-284] INFO  impl.FollowerState (FollowerState.java:run(108)) - b2bccc9e-2238-4e20-9373-fe7e2ac220bd@group-64292A3F53F3-FollowerState: change to CANDIDATE, lastRpcTime:5126ms, electionTimeout:5112ms
2020-05-18 03:07:58,387 [Thread-284] INFO  impl.RoleInfo (RoleInfo.java:shutdownFollowerState(121)) - b2bccc9e-2238-4e20-9373-fe7e2ac220bd: shutdown FollowerState
2020-05-18 03:07:58,388 [Thread-284] INFO  impl.RaftServerImpl (RaftServerImpl.java:setRole(173)) - b2bccc9e-2238-4e20-9373-fe7e2ac220bd@group-64292A3F53F3: changes role from  FOLLOWER to CANDIDATE at term 0 for changeToCandidate
2020-05-18 03:07:58,388 [Thread-284] INFO  impl.RoleInfo (RoleInfo.java:updateAndGet(143)) - b2bccc9e-2238-4e20-9373-fe7e2ac220bd: start LeaderElection
2020-05-18 03:07:58,390 [b2bccc9e-2238-4e20-9373-fe7e2ac220bd@group-64292A3F53F3-LeaderElection8] INFO  impl.LeaderElection (LeaderElection.java:askForVotes(206)) - b2bccc9e-2238-4e20-9373-fe7e2ac220bd@group-64292A3F53F3-LeaderElection8: begin an election at term 1 for -1: [b2bccc9e-2238-4e20-9373-fe7e2ac220bd:172.17.0.2:35883], old=null
2020-05-18 03:07:58,391 [b2bccc9e-2238-4e20-9373-fe7e2ac220bd@group-64292A3F53F3-LeaderElection8] INFO  impl.RoleInfo (RoleInfo.java:shutdownLeaderElection(134)) - b2bccc9e-2238-4e20-9373-fe7e2ac220bd: shutdown LeaderElection
2020-05-18 03:07:58,391 [b2bccc9e-2238-4e20-9373-fe7e2ac220bd@group-64292A3F53F3-LeaderElection8] INFO  impl.RaftServerImpl (RaftServerImpl.java:setRole(173)) - b2bccc9e-2238-4e20-9373-fe7e2ac220bd@group-64292A3F53F3: changes role from CANDIDATE to LEADER at term 1 for changeToLeader
2020-05-18 03:07:58,391 [b2bccc9e-2238-4e20-9373-fe7e2ac220bd@group-64292A3F53F3-LeaderElection8] INFO  ratis.XceiverServerRatis (XceiverServerRatis.java:handleLeaderChangedNotification(762)) - Leader change notification received for group: group-64292A3F53F3 with new leaderId: b2bccc9e-2238-4e20-9373-fe7e2ac220bd
2020-05-18 03:07:58,391 [b2bccc9e-2238-4e20-9373-fe7e2ac220bd@group-64292A3F53F3-LeaderElection8] INFO  impl.RaftServerImpl (ServerState.java:setLeader(255)) - b2bccc9e-2238-4e20-9373-fe7e2ac220bd@group-64292A3F53F3: change Leader from null to b2bccc9e-2238-4e20-9373-fe7e2ac220bd at term 1 for becomeLeader, leader elected after 5185ms
2020-05-18 03:07:58,392 [Thread-282] INFO  impl.FollowerState (FollowerState.java:run(108)) - 034d9298-83c2-4b87-9d91-d2864b54f400@group-A426CC6B4293-FollowerState: change to CANDIDATE, lastRpcTime:5107ms, electionTimeout:5099ms
2020-05-18 03:07:58,393 [Thread-282] INFO  impl.RoleInfo (RoleInfo.java:shutdownFollowerState(121)) - 034d9298-83c2-4b87-9d91-d2864b54f400: shutdown FollowerState
2020-05-18 03:07:58,393 [Thread-282] INFO  impl.RaftServerImpl (RaftServerImpl.java:setRole(173)) - 034d9298-83c2-4b87-9d91-d2864b54f400@group-A426CC6B4293: changes role from  FOLLOWER to CANDIDATE at term 0 for changeToCandidate
2020-05-18 03:07:58,393 [Thread-282] INFO  impl.RoleInfo (RoleInfo.java:updateAndGet(143)) - 034d9298-83c2-4b87-9d91-d2864b54f400: start LeaderElection
2020-05-18 03:07:58,394 [b2bccc9e-2238-4e20-9373-fe7e2ac220bd@group-64292A3F53F3-LeaderElection8] INFO  server.RaftServerConfigKeys (ConfUtils.java:logGet(44)) - raft.server.staging.catchup.gap = 1000 (default)
2020-05-18 03:07:58,394 [b2bccc9e-2238-4e20-9373-fe7e2ac220bd@group-64292A3F53F3-LeaderElection8] INFO  server.RaftServerConfigKeys (ConfUtils.java:logGet(44)) - raft.server.rpc.sleep.time = 25ms (default)
2020-05-18 03:07:58,395 [b2bccc9e-2238-4e20-9373-fe7e2ac220bd@group-64292A3F53F3-LeaderElection8] INFO  metrics.RatisMetrics (RatisMetrics.java:lambda$create$0(39)) - Creating Metrics Registry : ratis.log_appender.b2bccc9e-2238-4e20-9373-fe7e2ac220bd@group-64292A3F53F3
2020-05-18 03:07:58,395 [b2bccc9e-2238-4e20-9373-fe7e2ac220bd@group-64292A3F53F3-LeaderElection8] INFO  server.RaftServerConfigKeys (ConfUtils.java:logGet(44)) - raft.server.write.element-limit = 1024 (custom)
2020-05-18 03:07:58,395 [b2bccc9e-2238-4e20-9373-fe7e2ac220bd@group-64292A3F53F3-LeaderElection8] INFO  server.RaftServerConfigKeys (ConfUtils.java:logGet(44)) - raft.server.write.byte-limit = 1073741824 (custom)
2020-05-18 03:07:58,396 [b2bccc9e-2238-4e20-9373-fe7e2ac220bd@group-64292A3F53F3-LeaderElection8] INFO  server.RaftServerConfigKeys (ConfUtils.java:logGet(44)) - raft.server.watch.timeout = 180s (custom)
2020-05-18 03:07:58,396 [b2bccc9e-2238-4e20-9373-fe7e2ac220bd@group-64292A3F53F3-LeaderElection8] INFO  server.RaftServerConfigKeys (ConfUtils.java:logGet(44)) - raft.server.watch.timeout.denomination = 1s (default)
2020-05-18 03:07:58,396 [b2bccc9e-2238-4e20-9373-fe7e2ac220bd@group-64292A3F53F3-LeaderElection8] INFO  server.RaftServerConfigKeys (ConfUtils.java:logGet(44)) - raft.server.watch.element-limit = 65536 (default)
2020-05-18 03:07:58,396 [b2bccc9e-2238-4e20-9373-fe7e2ac220bd@group-64292A3F53F3-LeaderElection8] INFO  impl.RoleInfo (RoleInfo.java:updateAndGet(143)) - b2bccc9e-2238-4e20-9373-fe7e2ac220bd: start LeaderState
2020-05-18 03:07:58,397 [b2bccc9e-2238-4e20-9373-fe7e2ac220bd@group-64292A3F53F3-LeaderElection8] INFO  segmented.SegmentedRaftLogWorker (SegmentedRaftLogWorker.java:startLogSegment(391)) - b2bccc9e-2238-4e20-9373-fe7e2ac220bd@group-64292A3F53F3-SegmentedRaftLogWorker: Starting segment from index:0
2020-05-18 03:07:58,397 [Thread-290] INFO  impl.FollowerState (FollowerState.java:run(108)) - b2bccc9e-2238-4e20-9373-fe7e2ac220bd@group-A426CC6B4293-FollowerState: change to CANDIDATE, lastRpcTime:5017ms, electionTimeout:5013ms
2020-05-18 03:07:58,397 [Thread-290] INFO  impl.RoleInfo (RoleInfo.java:shutdownFollowerState(121)) - b2bccc9e-2238-4e20-9373-fe7e2ac220bd: shutdown FollowerState
2020-05-18 03:07:58,397 [Thread-290] INFO  impl.RaftServerImpl (RaftServerImpl.java:setRole(173)) - b2bccc9e-2238-4e20-9373-fe7e2ac220bd@group-A426CC6B4293: changes role from  FOLLOWER to CANDIDATE at term 0 for changeToCandidate
2020-05-18 03:07:58,399 [b2bccc9e-2238-4e20-9373-fe7e2ac220bd@group-64292A3F53F3-SegmentedRaftLogWorker] INFO  segmented.SegmentedRaftLogWorker (SegmentedRaftLogWorker.java:execute(583)) - b2bccc9e-2238-4e20-9373-fe7e2ac220bd@group-64292A3F53F3-SegmentedRaftLogWorker: created new log segment /github/workspace/mnt/ozone/hadoop-ozone/integration-test/target/test-dir/MiniOzoneClusterImpl-69c03e2e-129d-4290-ae39-1295d90fd6d6/datanode-5/data/ratis/9ab464ec-428e-4acf-8ac4-64292a3f53f3/current/log_inprogress_0
2020-05-18 03:07:58,411 [Thread-290] INFO  impl.RoleInfo (RoleInfo.java:updateAndGet(143)) - b2bccc9e-2238-4e20-9373-fe7e2ac220bd: start LeaderElection
2020-05-18 03:07:58,413 [Thread-286] INFO  impl.FollowerState (FollowerState.java:run(108)) - b63c0471-1403-43a2-b5dd-7d9e97cc5eb5@group-15954251A94D-FollowerState: change to CANDIDATE, lastRpcTime:5107ms, electionTimeout:5103ms
2020-05-18 03:07:58,413 [b2bccc9e-2238-4e20-9373-fe7e2ac220bd@group-64292A3F53F3-LeaderElection8] INFO  impl.RaftServerImpl (ServerState.java:setRaftConf(356)) - b2bccc9e-2238-4e20-9373-fe7e2ac220bd@group-64292A3F53F3: set configuration 0: [b2bccc9e-2238-4e20-9373-fe7e2ac220bd:172.17.0.2:35883], old=null at 0
2020-05-18 03:07:58,413 [Thread-286] INFO  impl.RoleInfo (RoleInfo.java:shutdownFollowerState(121)) - b63c0471-1403-43a2-b5dd-7d9e97cc5eb5: shutdown FollowerState
2020-05-18 03:07:58,413 [034d9298-83c2-4b87-9d91-d2864b54f400@group-A426CC6B4293-LeaderElection9] INFO  impl.LeaderElection (LeaderElection.java:askForVotes(206)) - 034d9298-83c2-4b87-9d91-d2864b54f400@group-A426CC6B4293-LeaderElection9: begin an election at term 1 for -1: [034d9298-83c2-4b87-9d91-d2864b54f400:172.17.0.2:39127, b2bccc9e-2238-4e20-9373-fe7e2ac220bd:172.17.0.2:35883, b63c0471-1403-43a2-b5dd-7d9e97cc5eb5:172.17.0.2:43001], old=null
2020-05-18 03:07:58,413 [Thread-286] INFO  impl.RaftServerImpl (RaftServerImpl.java:setRole(173)) - b63c0471-1403-43a2-b5dd-7d9e97cc5eb5@group-15954251A94D: changes role from  FOLLOWER to CANDIDATE at term 0 for changeToCandidate
2020-05-18 03:07:58,423 [Thread-286] INFO  impl.RoleInfo (RoleInfo.java:updateAndGet(143)) - b63c0471-1403-43a2-b5dd-7d9e97cc5eb5: start LeaderElection
2020-05-18 03:07:58,439 [b2bccc9e-2238-4e20-9373-fe7e2ac220bd@group-A426CC6B4293-LeaderElection10] INFO  impl.LeaderElection (LeaderElection.java:askForVotes(206)) - b2bccc9e-2238-4e20-9373-fe7e2ac220bd@group-A426CC6B4293-LeaderElection10: begin an election at term 1 for -1: [034d9298-83c2-4b87-9d91-d2864b54f400:172.17.0.2:39127, b2bccc9e-2238-4e20-9373-fe7e2ac220bd:172.17.0.2:35883, b63c0471-1403-43a2-b5dd-7d9e97cc5eb5:172.17.0.2:43001], old=null
2020-05-18 03:07:58,439 [b63c0471-1403-43a2-b5dd-7d9e97cc5eb5@group-15954251A94D-LeaderElection11] INFO  impl.LeaderElection (LeaderElection.java:askForVotes(206)) - b63c0471-1403-43a2-b5dd-7d9e97cc5eb5@group-15954251A94D-LeaderElection11: begin an election at term 1 for -1: [b63c0471-1403-43a2-b5dd-7d9e97cc5eb5:172.17.0.2:43001], old=null
2020-05-18 03:07:58,439 [b63c0471-1403-43a2-b5dd-7d9e97cc5eb5@group-15954251A94D-LeaderElection11] INFO  impl.RoleInfo (RoleInfo.java:shutdownLeaderElection(134)) - b63c0471-1403-43a2-b5dd-7d9e97cc5eb5: shutdown LeaderElection
2020-05-18 03:07:58,439 [b63c0471-1403-43a2-b5dd-7d9e97cc5eb5@group-15954251A94D-LeaderElection11] INFO  impl.RaftServerImpl (RaftServerImpl.java:setRole(173)) - b63c0471-1403-43a2-b5dd-7d9e97cc5eb5@group-15954251A94D: changes role from CANDIDATE to LEADER at term 1 for changeToLeader
2020-05-18 03:07:58,439 [b63c0471-1403-43a2-b5dd-7d9e97cc5eb5@group-15954251A94D-LeaderElection11] INFO  ratis.XceiverServerRatis (XceiverServerRatis.java:handleLeaderChangedNotification(762)) - Leader change notification received for group: group-15954251A94D with new leaderId: b63c0471-1403-43a2-b5dd-7d9e97cc5eb5
2020-05-18 03:07:58,450 [b63c0471-1403-43a2-b5dd-7d9e97cc5eb5@group-15954251A94D-LeaderElection11] INFO  impl.RaftServerImpl (ServerState.java:setLeader(255)) - b63c0471-1403-43a2-b5dd-7d9e97cc5eb5@group-15954251A94D: change Leader from null to b63c0471-1403-43a2-b5dd-7d9e97cc5eb5 at term 1 for becomeLeader, leader elected after 5235ms
2020-05-18 03:07:58,451 [b63c0471-1403-43a2-b5dd-7d9e97cc5eb5@group-15954251A94D-LeaderElection11] INFO  server.RaftServerConfigKeys (ConfUtils.java:logGet(44)) - raft.server.staging.catchup.gap = 1000 (default)
2020-05-18 03:07:58,451 [b63c0471-1403-43a2-b5dd-7d9e97cc5eb5@group-15954251A94D-LeaderElection11] INFO  server.RaftServerConfigKeys (ConfUtils.java:logGet(44)) - raft.server.rpc.sleep.time = 25ms (default)
2020-05-18 03:07:58,451 [b63c0471-1403-43a2-b5dd-7d9e97cc5eb5@group-15954251A94D-LeaderElection11] INFO  metrics.RatisMetrics (RatisMetrics.java:lambda$create$0(39)) - Creating Metrics Registry : ratis.log_appender.b63c0471-1403-43a2-b5dd-7d9e97cc5eb5@group-15954251A94D
2020-05-18 03:07:58,451 [b63c0471-1403-43a2-b5dd-7d9e97cc5eb5@group-15954251A94D-LeaderElection11] INFO  server.RaftServerConfigKeys (ConfUtils.java:logGet(44)) - raft.server.write.element-limit = 1024 (custom)
2020-05-18 03:07:58,451 [b63c0471-1403-43a2-b5dd-7d9e97cc5eb5@group-15954251A94D-LeaderElection11] INFO  server.RaftServerConfigKeys (ConfUtils.java:logGet(44)) - raft.server.write.byte-limit = 1073741824 (custom)
2020-05-18 03:07:58,452 [b63c0471-1403-43a2-b5dd-7d9e97cc5eb5@group-15954251A94D-LeaderElection11] INFO  server.RaftServerConfigKeys (ConfUtils.java:logGet(44)) - raft.server.watch.timeout = 180s (custom)
2020-05-18 03:07:58,452 [b63c0471-1403-43a2-b5dd-7d9e97cc5eb5@group-15954251A94D-LeaderElection11] INFO  server.RaftServerConfigKeys (ConfUtils.java:logGet(44)) - raft.server.watch.timeout.denomination = 1s (default)
2020-05-18 03:07:58,452 [b63c0471-1403-43a2-b5dd-7d9e97cc5eb5@group-15954251A94D-LeaderElection11] INFO  server.RaftServerConfigKeys (ConfUtils.java:logGet(44)) - raft.server.watch.element-limit = 65536 (default)
2020-05-18 03:07:58,452 [b63c0471-1403-43a2-b5dd-7d9e97cc5eb5@group-15954251A94D-LeaderElection11] INFO  impl.RoleInfo (RoleInfo.java:updateAndGet(143)) - b63c0471-1403-43a2-b5dd-7d9e97cc5eb5: start LeaderState
2020-05-18 03:07:58,452 [b63c0471-1403-43a2-b5dd-7d9e97cc5eb5@group-15954251A94D-LeaderElection11] INFO  segmented.SegmentedRaftLogWorker (SegmentedRaftLogWorker.java:startLogSegment(391)) - b63c0471-1403-43a2-b5dd-7d9e97cc5eb5@group-15954251A94D-SegmentedRaftLogWorker: Starting segment from index:0
2020-05-18 03:07:58,453 [b63c0471-1403-43a2-b5dd-7d9e97cc5eb5@group-15954251A94D-LeaderElection11] INFO  impl.RaftServerImpl (ServerState.java:setRaftConf(356)) - b63c0471-1403-43a2-b5dd-7d9e97cc5eb5@group-15954251A94D: set configuration 0: [b63c0471-1403-43a2-b5dd-7d9e97cc5eb5:172.17.0.2:43001], old=null at 0
2020-05-18 03:07:58,453 [b63c0471-1403-43a2-b5dd-7d9e97cc5eb5@group-15954251A94D-SegmentedRaftLogWorker] INFO  segmented.SegmentedRaftLogWorker (SegmentedRaftLogWorker.java:execute(583)) - b63c0471-1403-43a2-b5dd-7d9e97cc5eb5@group-15954251A94D-SegmentedRaftLogWorker: created new log segment /github/workspace/mnt/ozone/hadoop-ozone/integration-test/target/test-dir/MiniOzoneClusterImpl-69c03e2e-129d-4290-ae39-1295d90fd6d6/datanode-4/data/ratis/1cf1c4ad-1a0f-432d-9aa0-15954251a94d/current/log_inprogress_0
2020-05-18 03:07:58,471 [grpc-default-executor-8] INFO  impl.RaftServerImpl (RaftServerImpl.java:setRole(173)) - b63c0471-1403-43a2-b5dd-7d9e97cc5eb5@group-A426CC6B4293: changes role from  FOLLOWER to FOLLOWER at term 1 for recognizeCandidate:b2bccc9e-2238-4e20-9373-fe7e2ac220bd
2020-05-18 03:07:58,471 [grpc-default-executor-8] INFO  impl.RoleInfo (RoleInfo.java:shutdownFollowerState(121)) - b63c0471-1403-43a2-b5dd-7d9e97cc5eb5: shutdown FollowerState
2020-05-18 03:07:58,471 [grpc-default-executor-8] INFO  impl.RoleInfo (RoleInfo.java:updateAndGet(143)) - b63c0471-1403-43a2-b5dd-7d9e97cc5eb5: start FollowerState
2020-05-18 03:07:58,471 [Thread-292] INFO  impl.FollowerState (FollowerState.java:run(117)) - b63c0471-1403-43a2-b5dd-7d9e97cc5eb5@group-A426CC6B4293-FollowerState was interrupted: java.lang.InterruptedException: sleep interrupted
2020-05-18 03:07:58,478 [b2bccc9e-2238-4e20-9373-fe7e2ac220bd@group-A426CC6B4293-LeaderElection10] INFO  impl.LeaderElection (LeaderElection.java:logAndReturn(61)) - b2bccc9e-2238-4e20-9373-fe7e2ac220bd@group-A426CC6B4293-LeaderElection10: Election PASSED; received 1 response(s) [b2bccc9e-2238-4e20-9373-fe7e2ac220bd<-b63c0471-1403-43a2-b5dd-7d9e97cc5eb5#0:OK-t1] and 0 exception(s); b2bccc9e-2238-4e20-9373-fe7e2ac220bd@group-A426CC6B4293:t1, leader=null, voted=b2bccc9e-2238-4e20-9373-fe7e2ac220bd, raftlog=b2bccc9e-2238-4e20-9373-fe7e2ac220bd@group-A426CC6B4293-SegmentedRaftLog:OPENED:c-1,f-1,i0, conf=-1: [034d9298-83c2-4b87-9d91-d2864b54f400:172.17.0.2:39127, b2bccc9e-2238-4e20-9373-fe7e2ac220bd:172.17.0.2:35883, b63c0471-1403-43a2-b5dd-7d9e97cc5eb5:172.17.0.2:43001], old=null
2020-05-18 03:07:58,478 [b2bccc9e-2238-4e20-9373-fe7e2ac220bd@group-A426CC6B4293-LeaderElection10] INFO  impl.RoleInfo (RoleInfo.java:shutdownLeaderElection(134)) - b2bccc9e-2238-4e20-9373-fe7e2ac220bd: shutdown LeaderElection
2020-05-18 03:07:58,478 [b2bccc9e-2238-4e20-9373-fe7e2ac220bd@group-A426CC6B4293-LeaderElection10] INFO  impl.RaftServerImpl (RaftServerImpl.java:setRole(173)) - b2bccc9e-2238-4e20-9373-fe7e2ac220bd@group-A426CC6B4293: changes role from CANDIDATE to LEADER at term 1 for changeToLeader
2020-05-18 03:07:58,478 [b2bccc9e-2238-4e20-9373-fe7e2ac220bd@group-A426CC6B4293-LeaderElection10] INFO  ratis.XceiverServerRatis (XceiverServerRatis.java:handleLeaderChangedNotification(762)) - Leader change notification received for group: group-A426CC6B4293 with new leaderId: b2bccc9e-2238-4e20-9373-fe7e2ac220bd
2020-05-18 03:07:58,478 [b2bccc9e-2238-4e20-9373-fe7e2ac220bd@group-A426CC6B4293-LeaderElection10] INFO  impl.RaftServerImpl (ServerState.java:setLeader(255)) - b2bccc9e-2238-4e20-9373-fe7e2ac220bd@group-A426CC6B4293: change Leader from null to b2bccc9e-2238-4e20-9373-fe7e2ac220bd at term 1 for becomeLeader, leader elected after 5127ms
2020-05-18 03:07:58,478 [b2bccc9e-2238-4e20-9373-fe7e2ac220bd@group-A426CC6B4293-LeaderElection10] INFO  server.RaftServerConfigKeys (ConfUtils.java:logGet(44)) - raft.server.staging.catchup.gap = 1000 (default)
2020-05-18 03:07:58,478 [b2bccc9e-2238-4e20-9373-fe7e2ac220bd@group-A426CC6B4293-LeaderElection10] INFO  server.RaftServerConfigKeys (ConfUtils.java:logGet(44)) - raft.server.rpc.sleep.time = 25ms (default)
2020-05-18 03:07:58,478 [b2bccc9e-2238-4e20-9373-fe7e2ac220bd@group-A426CC6B4293-LeaderElection10] INFO  metrics.RatisMetrics (RatisMetrics.java:lambda$create$0(39)) - Creating Metrics Registry : ratis.log_appender.b2bccc9e-2238-4e20-9373-fe7e2ac220bd@group-A426CC6B4293
2020-05-18 03:07:58,479 [b2bccc9e-2238-4e20-9373-fe7e2ac220bd@group-A426CC6B4293-LeaderElection10] INFO  server.RaftServerConfigKeys (ConfUtils.java:logGet(44)) - raft.server.write.element-limit = 1024 (custom)
2020-05-18 03:07:58,479 [b2bccc9e-2238-4e20-9373-fe7e2ac220bd@group-A426CC6B4293-LeaderElection10] INFO  server.RaftServerConfigKeys (ConfUtils.java:logGet(44)) - raft.server.write.byte-limit = 1073741824 (custom)
2020-05-18 03:07:58,479 [EventQueue-PipelineReportForPipelineReportHandler] INFO  pipeline.PipelineStateManager (PipelineStateManager.java:openPipeline(131)) - Pipeline Pipeline[ Id: 2487801a-ca37-410b-bad8-a426cc6b4293, Nodes: 034d9298-83c2-4b87-9d91-d2864b54f400{ip: 172.17.0.2, host: e6a1a4110770, networkLocation: /default-rack, certSerialId: null}b63c0471-1403-43a2-b5dd-7d9e97cc5eb5{ip: 172.17.0.2, host: e6a1a4110770, networkLocation: /default-rack, certSerialId: null}b2bccc9e-2238-4e20-9373-fe7e2ac220bd{ip: 172.17.0.2, host: e6a1a4110770, networkLocation: /default-rack, certSerialId: null}, Type:RATIS, Factor:THREE, State:ALLOCATED, leaderId:b2bccc9e-2238-4e20-9373-fe7e2ac220bd, CreationTimestamp2020-05-18T03:07:50.136Z] moved to OPEN state
2020-05-18 03:07:58,479 [b2bccc9e-2238-4e20-9373-fe7e2ac220bd@group-A426CC6B4293-LeaderElection10] INFO  server.RaftServerConfigKeys (ConfUtils.java:logGet(44)) - raft.server.watch.timeout = 180s (custom)
2020-05-18 03:07:58,482 [b2bccc9e-2238-4e20-9373-fe7e2ac220bd@group-A426CC6B4293-LeaderElection10] INFO  server.RaftServerConfigKeys (ConfUtils.java:logGet(44)) - raft.server.watch.timeout.denomination = 1s (default)
2020-05-18 03:07:58,482 [EventQueue-OpenPipelineForOneReplicaPipelineSafeModeRule] INFO  safemode.SCMSafeModeManager (SCMSafeModeManager.java:validateSafeModeExitRules(213)) - AtleastOneDatanodeReportedRule rule is successfully validated
2020-05-18 03:07:58,482 [b2bccc9e-2238-4e20-9373-fe7e2ac220bd@group-A426CC6B4293-LeaderElection10] INFO  server.RaftServerConfigKeys (ConfUtils.java:logGet(44)) - raft.server.watch.element-limit = 65536 (default)
2020-05-18 03:07:58,485 [EventQueue-OpenPipelineForHealthyPipelineSafeModeRule] INFO  safemode.SCMSafeModeManager (HealthyPipelineSafeModeRule.java:process(132)) - SCM in safe mode. Healthy pipelines reported count is 1, required healthy pipeline reported count is 1
2020-05-18 03:07:58,485 [EventQueue-OpenPipelineForHealthyPipelineSafeModeRule] INFO  safemode.SCMSafeModeManager (SCMSafeModeManager.java:validateSafeModeExitRules(213)) - HealthyPipelineSafeModeRule rule is successfully validated
2020-05-18 03:07:58,485 [EventQueue-OpenPipelineForHealthyPipelineSafeModeRule] INFO  safemode.SCMSafeModeManager (SCMSafeModeManager.java:validateSafeModeExitRules(227)) - ScmSafeModeManager, all rules are successfully validated
2020-05-18 03:07:58,485 [EventQueue-OpenPipelineForHealthyPipelineSafeModeRule] INFO  safemode.SCMSafeModeManager (SCMSafeModeManager.java:exitSafeMode(256)) - SCM exiting safe mode.
2020-05-18 03:07:58,489 [b2bccc9e-2238-4e20-9373-fe7e2ac220bd@group-A426CC6B4293-LeaderElection10] INFO  server.RaftServerConfigKeys (ConfUtils.java:logGet(44)) - raft.server.log.appender.snapshot.chunk.size.max = 16MB (=16777216) (default)
2020-05-18 03:07:58,490 [b2bccc9e-2238-4e20-9373-fe7e2ac220bd@group-A426CC6B4293-LeaderElection10] INFO  server.RaftServerConfigKeys (ConfUtils.java:logGet(44)) - raft.server.log.appender.buffer.byte-limit = 33554432 (custom)
2020-05-18 03:07:58,490 [b2bccc9e-2238-4e20-9373-fe7e2ac220bd@group-A426CC6B4293-LeaderElection10] INFO  server.RaftServerConfigKeys (ConfUtils.java:logGet(44)) - raft.server.log.appender.buffer.element-limit = 1 (custom)
2020-05-18 03:07:58,490 [Listener at 127.0.0.1/34573] INFO  ozone.MiniOzoneClusterImpl (MiniOzoneClusterImpl.java:lambda$waitForClusterToBeReady$0(177)) - Nodes are ready. Got 10 of 10 DN Heartbeats.
2020-05-18 03:07:58,490 [Listener at 127.0.0.1/34573] INFO  ozone.MiniOzoneClusterImpl (MiniOzoneClusterImpl.java:lambda$waitForClusterToBeReady$0(180)) - Cluster exits safe mode
2020-05-18 03:07:58,498 [b2bccc9e-2238-4e20-9373-fe7e2ac220bd@group-A426CC6B4293-LeaderElection10] INFO  grpc.GrpcConfigKeys (ConfUtils.java:logGet(44)) - raft.grpc.server.leader.outstanding.appends.max = 128 (default)
2020-05-18 03:07:58,499 [b2bccc9e-2238-4e20-9373-fe7e2ac220bd@group-A426CC6B4293-LeaderElection10] INFO  server.RaftServerConfigKeys (ConfUtils.java:logGet(44)) - raft.server.rpc.request.timeout = 60s (custom)
2020-05-18 03:07:58,499 [b2bccc9e-2238-4e20-9373-fe7e2ac220bd@group-A426CC6B4293-LeaderElection10] INFO  server.RaftServerConfigKeys (ConfUtils.java:logGet(44)) - raft.server.log.appender.install.snapshot.enabled = false (custom)
2020-05-18 03:07:58,503 [034d9298-83c2-4b87-9d91-d2864b54f400@group-A426CC6B4293-LeaderElection9] INFO  impl.LeaderElection (LeaderElection.java:logAndReturn(61)) - 034d9298-83c2-4b87-9d91-d2864b54f400@group-A426CC6B4293-LeaderElection9: Election REJECTED; received 2 response(s) [034d9298-83c2-4b87-9d91-d2864b54f400<-b2bccc9e-2238-4e20-9373-fe7e2ac220bd#0:FAIL-t1, 034d9298-83c2-4b87-9d91-d2864b54f400<-b63c0471-1403-43a2-b5dd-7d9e97cc5eb5#0:FAIL-t1] and 0 exception(s); 034d9298-83c2-4b87-9d91-d2864b54f400@group-A426CC6B4293:t1, leader=null, voted=034d9298-83c2-4b87-9d91-d2864b54f400, raftlog=034d9298-83c2-4b87-9d91-d2864b54f400@group-A426CC6B4293-SegmentedRaftLog:OPENED:c-1,f-1,i0, conf=-1: [034d9298-83c2-4b87-9d91-d2864b54f400:172.17.0.2:39127, b2bccc9e-2238-4e20-9373-fe7e2ac220bd:172.17.0.2:35883, b63c0471-1403-43a2-b5dd-7d9e97cc5eb5:172.17.0.2:43001], old=null
2020-05-18 03:07:58,503 [034d9298-83c2-4b87-9d91-d2864b54f400@group-A426CC6B4293-LeaderElection9] INFO  impl.RaftServerImpl (RaftServerImpl.java:setRole(173)) - 034d9298-83c2-4b87-9d91-d2864b54f400@group-A426CC6B4293: changes role from CANDIDATE to FOLLOWER at term 1 for DISCOVERED_A_NEW_TERM
2020-05-18 03:07:58,503 [034d9298-83c2-4b87-9d91-d2864b54f400@group-A426CC6B4293-LeaderElection9] INFO  impl.RoleInfo (RoleInfo.java:shutdownLeaderElection(134)) - 034d9298-83c2-4b87-9d91-d2864b54f400: shutdown LeaderElection
2020-05-18 03:07:58,504 [034d9298-83c2-4b87-9d91-d2864b54f400@group-A426CC6B4293-LeaderElection9] INFO  impl.RoleInfo (RoleInfo.java:updateAndGet(143)) - 034d9298-83c2-4b87-9d91-d2864b54f400: start FollowerState
2020-05-18 03:07:58,506 [b2bccc9e-2238-4e20-9373-fe7e2ac220bd@group-A426CC6B4293-LeaderElection10] INFO  server.RaftServerConfigKeys (ConfUtils.java:logGet(44)) - raft.server.log.appender.snapshot.chunk.size.max = 16MB (=16777216) (default)
2020-05-18 03:07:58,513 [b2bccc9e-2238-4e20-9373-fe7e2ac220bd@group-A426CC6B4293-LeaderElection10] INFO  server.RaftServerConfigKeys (ConfUtils.java:logGet(44)) - raft.server.log.appender.buffer.byte-limit = 33554432 (custom)
2020-05-18 03:07:58,513 [b2bccc9e-2238-4e20-9373-fe7e2ac220bd@group-A426CC6B4293-LeaderElection10] INFO  server.RaftServerConfigKeys (ConfUtils.java:logGet(44)) - raft.server.log.appender.buffer.element-limit = 1 (custom)
2020-05-18 03:07:58,515 [b2bccc9e-2238-4e20-9373-fe7e2ac220bd@group-A426CC6B4293-LeaderElection10] INFO  grpc.GrpcConfigKeys (ConfUtils.java:logGet(44)) - raft.grpc.server.leader.outstanding.appends.max = 128 (default)
2020-05-18 03:07:58,515 [b2bccc9e-2238-4e20-9373-fe7e2ac220bd@group-A426CC6B4293-LeaderElection10] INFO  server.RaftServerConfigKeys (ConfUtils.java:logGet(44)) - raft.server.rpc.request.timeout = 60s (custom)
2020-05-18 03:07:58,515 [b2bccc9e-2238-4e20-9373-fe7e2ac220bd@group-A426CC6B4293-LeaderElection10] INFO  server.RaftServerConfigKeys (ConfUtils.java:logGet(44)) - raft.server.log.appender.install.snapshot.enabled = false (custom)
2020-05-18 03:07:58,519 [b2bccc9e-2238-4e20-9373-fe7e2ac220bd@group-A426CC6B4293-LeaderElection10] INFO  impl.RoleInfo (RoleInfo.java:updateAndGet(143)) - b2bccc9e-2238-4e20-9373-fe7e2ac220bd: start LeaderState
2020-05-18 03:07:58,520 [b2bccc9e-2238-4e20-9373-fe7e2ac220bd@group-A426CC6B4293-LeaderElection10] INFO  segmented.SegmentedRaftLogWorker (SegmentedRaftLogWorker.java:startLogSegment(391)) - b2bccc9e-2238-4e20-9373-fe7e2ac220bd@group-A426CC6B4293-SegmentedRaftLogWorker: Starting segment from index:0
2020-05-18 03:07:58,524 [b2bccc9e-2238-4e20-9373-fe7e2ac220bd@group-A426CC6B4293-SegmentedRaftLogWorker] INFO  segmented.SegmentedRaftLogWorker (SegmentedRaftLogWorker.java:execute(583)) - b2bccc9e-2238-4e20-9373-fe7e2ac220bd@group-A426CC6B4293-SegmentedRaftLogWorker: created new log segment /github/workspace/mnt/ozone/hadoop-ozone/integration-test/target/test-dir/MiniOzoneClusterImpl-69c03e2e-129d-4290-ae39-1295d90fd6d6/datanode-5/data/ratis/2487801a-ca37-410b-bad8-a426cc6b4293/current/log_inprogress_0
2020-05-18 03:07:58,531 [b2bccc9e-2238-4e20-9373-fe7e2ac220bd@group-A426CC6B4293-LeaderElection10] INFO  impl.RaftServerImpl (ServerState.java:setRaftConf(356)) - b2bccc9e-2238-4e20-9373-fe7e2ac220bd@group-A426CC6B4293: set configuration 0: [034d9298-83c2-4b87-9d91-d2864b54f400:172.17.0.2:39127, b2bccc9e-2238-4e20-9373-fe7e2ac220bd:172.17.0.2:35883, b63c0471-1403-43a2-b5dd-7d9e97cc5eb5:172.17.0.2:43001], old=null at 0
2020-05-18 03:07:58,546 [Thread-298] INFO  impl.FollowerState (FollowerState.java:run(108)) - b3b39523-19fd-47b3-8de5-13395c27e2ba@group-4BD15A92D6B5-FollowerState: change to CANDIDATE, lastRpcTime:5074ms, electionTimeout:5068ms
2020-05-18 03:07:58,546 [Thread-298] INFO  impl.RoleInfo (RoleInfo.java:shutdownFollowerState(121)) - b3b39523-19fd-47b3-8de5-13395c27e2ba: shutdown FollowerState
2020-05-18 03:07:58,546 [Thread-298] INFO  impl.RaftServerImpl (RaftServerImpl.java:setRole(173)) - b3b39523-19fd-47b3-8de5-13395c27e2ba@group-4BD15A92D6B5: changes role from  FOLLOWER to CANDIDATE at term 0 for changeToCandidate
2020-05-18 03:07:58,546 [Thread-298] INFO  impl.RoleInfo (RoleInfo.java:updateAndGet(143)) - b3b39523-19fd-47b3-8de5-13395c27e2ba: start LeaderElection
2020-05-18 03:07:58,551 [Thread-300] INFO  impl.FollowerState (FollowerState.java:run(108)) - 0dd71c3f-fb6d-4793-9543-61a077f69edf@group-5754AE5ACD40-FollowerState: change to CANDIDATE, lastRpcTime:5037ms, electionTimeout:5035ms
2020-05-18 03:07:58,551 [Thread-300] INFO  impl.RoleInfo (RoleInfo.java:shutdownFollowerState(121)) - 0dd71c3f-fb6d-4793-9543-61a077f69edf: shutdown FollowerState
2020-05-18 03:07:58,551 [Thread-300] INFO  impl.RaftServerImpl (RaftServerImpl.java:setRole(173)) - 0dd71c3f-fb6d-4793-9543-61a077f69edf@group-5754AE5ACD40: changes role from  FOLLOWER to CANDIDATE at term 0 for changeToCandidate
2020-05-18 03:07:58,553 [Thread-300] INFO  impl.RoleInfo (RoleInfo.java:updateAndGet(143)) - 0dd71c3f-fb6d-4793-9543-61a077f69edf: start LeaderElection
2020-05-18 03:07:58,553 [Thread-288] INFO  impl.FollowerState (FollowerState.java:run(108)) - 9cf338a1-6343-46cc-9d3e-d929198416a4@group-A36E7E6AF914-FollowerState: change to CANDIDATE, lastRpcTime:5170ms, electionTimeout:5155ms
2020-05-18 03:07:58,553 [Thread-288] INFO  impl.RoleInfo (RoleInfo.java:shutdownFollowerState(121)) - 9cf338a1-6343-46cc-9d3e-d929198416a4: shutdown FollowerState
2020-05-18 03:07:58,553 [Thread-288] INFO  impl.RaftServerImpl (RaftServerImpl.java:setRole(173)) - 9cf338a1-6343-46cc-9d3e-d929198416a4@group-A36E7E6AF914: changes role from  FOLLOWER to CANDIDATE at term 0 for changeToCandidate
2020-05-18 03:07:58,575 [Thread-288] INFO  impl.RoleInfo (RoleInfo.java:updateAndGet(143)) - 9cf338a1-6343-46cc-9d3e-d929198416a4: start LeaderElection
2020-05-18 03:07:58,575 [grpc-default-executor-0] INFO  ratis.XceiverServerRatis (XceiverServerRatis.java:handleLeaderChangedNotification(762)) - Leader change notification received for group: group-A426CC6B4293 with new leaderId: b2bccc9e-2238-4e20-9373-fe7e2ac220bd
2020-05-18 03:07:58,576 [grpc-default-executor-0] INFO  impl.RaftServerImpl (ServerState.java:setLeader(255)) - b63c0471-1403-43a2-b5dd-7d9e97cc5eb5@group-A426CC6B4293: change Leader from null to b2bccc9e-2238-4e20-9373-fe7e2ac220bd at term 1 for appendEntries, leader elected after 5186ms
2020-05-18 03:07:58,577 [grpc-default-executor-2] INFO  ratis.XceiverServerRatis (XceiverServerRatis.java:handleLeaderChangedNotification(762)) - Leader change notification received for group: group-A426CC6B4293 with new leaderId: b2bccc9e-2238-4e20-9373-fe7e2ac220bd
2020-05-18 03:07:58,577 [grpc-default-executor-2] INFO  impl.RaftServerImpl (ServerState.java:setLeader(255)) - 034d9298-83c2-4b87-9d91-d2864b54f400@group-A426CC6B4293: change Leader from null to b2bccc9e-2238-4e20-9373-fe7e2ac220bd at term 1 for appendEntries, leader elected after 5353ms
2020-05-18 03:07:58,591 [grpc-default-executor-2] INFO  impl.RaftServerImpl (ServerState.java:setRaftConf(356)) - 034d9298-83c2-4b87-9d91-d2864b54f400@group-A426CC6B4293: set configuration 0: [034d9298-83c2-4b87-9d91-d2864b54f400:172.17.0.2:39127, b2bccc9e-2238-4e20-9373-fe7e2ac220bd:172.17.0.2:35883, b63c0471-1403-43a2-b5dd-7d9e97cc5eb5:172.17.0.2:43001], old=null at 0
2020-05-18 03:07:58,591 [grpc-default-executor-2] INFO  segmented.SegmentedRaftLogWorker (SegmentedRaftLogWorker.java:startLogSegment(391)) - 034d9298-83c2-4b87-9d91-d2864b54f400@group-A426CC6B4293-SegmentedRaftLogWorker: Starting segment from index:0
2020-05-18 03:07:58,591 [Thread-294] INFO  impl.FollowerState (FollowerState.java:run(108)) - b3b39523-19fd-47b3-8de5-13395c27e2ba@group-041F7FF9229F-FollowerState: change to CANDIDATE, lastRpcTime:5161ms, electionTimeout:5160ms
2020-05-18 03:07:58,591 [Thread-294] INFO  impl.RoleInfo (RoleInfo.java:shutdownFollowerState(121)) - b3b39523-19fd-47b3-8de5-13395c27e2ba: shutdown FollowerState
2020-05-18 03:07:58,591 [Thread-294] INFO  impl.RaftServerImpl (RaftServerImpl.java:setRole(173)) - b3b39523-19fd-47b3-8de5-13395c27e2ba@group-041F7FF9229F: changes role from  FOLLOWER to CANDIDATE at term 0 for changeToCandidate
2020-05-18 03:07:58,600 [Thread-294] INFO  impl.RoleInfo (RoleInfo.java:updateAndGet(143)) - b3b39523-19fd-47b3-8de5-13395c27e2ba: start LeaderElection
2020-05-18 03:07:58,602 [034d9298-83c2-4b87-9d91-d2864b54f400@group-A426CC6B4293-SegmentedRaftLogWorker] INFO  segmented.SegmentedRaftLogWorker (SegmentedRaftLogWorker.java:execute(583)) - 034d9298-83c2-4b87-9d91-d2864b54f400@group-A426CC6B4293-SegmentedRaftLogWorker: created new log segment /github/workspace/mnt/ozone/hadoop-ozone/integration-test/target/test-dir/MiniOzoneClusterImpl-69c03e2e-129d-4290-ae39-1295d90fd6d6/datanode-3/data/ratis/2487801a-ca37-410b-bad8-a426cc6b4293/current/log_inprogress_0
2020-05-18 03:07:58,603 [9cf338a1-6343-46cc-9d3e-d929198416a4@group-A36E7E6AF914-LeaderElection14] INFO  impl.LeaderElection (LeaderElection.java:askForVotes(206)) - 9cf338a1-6343-46cc-9d3e-d929198416a4@group-A36E7E6AF914-LeaderElection14: begin an election at term 1 for -1: [9cf338a1-6343-46cc-9d3e-d929198416a4:172.17.0.2:35497], old=null
2020-05-18 03:07:58,603 [9cf338a1-6343-46cc-9d3e-d929198416a4@group-A36E7E6AF914-LeaderElection14] INFO  impl.RoleInfo (RoleInfo.java:shutdownLeaderElection(134)) - 9cf338a1-6343-46cc-9d3e-d929198416a4: shutdown LeaderElection
2020-05-18 03:07:58,603 [9cf338a1-6343-46cc-9d3e-d929198416a4@group-A36E7E6AF914-LeaderElection14] INFO  impl.RaftServerImpl (RaftServerImpl.java:setRole(173)) - 9cf338a1-6343-46cc-9d3e-d929198416a4@group-A36E7E6AF914: changes role from CANDIDATE to LEADER at term 1 for changeToLeader
2020-05-18 03:07:58,603 [9cf338a1-6343-46cc-9d3e-d929198416a4@group-A36E7E6AF914-LeaderElection14] INFO  ratis.XceiverServerRatis (XceiverServerRatis.java:handleLeaderChangedNotification(762)) - Leader change notification received for group: group-A36E7E6AF914 with new leaderId: 9cf338a1-6343-46cc-9d3e-d929198416a4
2020-05-18 03:07:58,609 [0dd71c3f-fb6d-4793-9543-61a077f69edf@group-5754AE5ACD40-LeaderElection13] INFO  impl.LeaderElection (LeaderElection.java:askForVotes(206)) - 0dd71c3f-fb6d-4793-9543-61a077f69edf@group-5754AE5ACD40-LeaderElection13: begin an election at term 1 for -1: [0dd71c3f-fb6d-4793-9543-61a077f69edf:172.17.0.2:38681], old=null
2020-05-18 03:07:58,609 [b3b39523-19fd-47b3-8de5-13395c27e2ba@group-4BD15A92D6B5-LeaderElection12] INFO  impl.LeaderElection (LeaderElection.java:askForVotes(206)) - b3b39523-19fd-47b3-8de5-13395c27e2ba@group-4BD15A92D6B5-LeaderElection12: begin an election at term 1 for -1: [0dd71c3f-fb6d-4793-9543-61a077f69edf:172.17.0.2:38681, 9cf338a1-6343-46cc-9d3e-d929198416a4:172.17.0.2:35497, b3b39523-19fd-47b3-8de5-13395c27e2ba:172.17.0.2:36197], old=null
2020-05-18 03:07:58,609 [0dd71c3f-fb6d-4793-9543-61a077f69edf@group-5754AE5ACD40-LeaderElection13] INFO  impl.RoleInfo (RoleInfo.java:shutdownLeaderElection(134)) - 0dd71c3f-fb6d-4793-9543-61a077f69edf: shutdown LeaderElection
2020-05-18 03:07:58,616 [0dd71c3f-fb6d-4793-9543-61a077f69edf@group-5754AE5ACD40-LeaderElection13] INFO  impl.RaftServerImpl (RaftServerImpl.java:setRole(173)) - 0dd71c3f-fb6d-4793-9543-61a077f69edf@group-5754AE5ACD40: changes role from CANDIDATE to LEADER at term 1 for changeToLeader
2020-05-18 03:07:58,616 [0dd71c3f-fb6d-4793-9543-61a077f69edf@group-5754AE5ACD40-LeaderElection13] INFO  ratis.XceiverServerRatis (XceiverServerRatis.java:handleLeaderChangedNotification(762)) - Leader change notification received for group: group-5754AE5ACD40 with new leaderId: 0dd71c3f-fb6d-4793-9543-61a077f69edf
2020-05-18 03:07:58,616 [0dd71c3f-fb6d-4793-9543-61a077f69edf@group-5754AE5ACD40-LeaderElection13] INFO  impl.RaftServerImpl (ServerState.java:setLeader(255)) - 0dd71c3f-fb6d-4793-9543-61a077f69edf@group-5754AE5ACD40: change Leader from null to 0dd71c3f-fb6d-4793-9543-61a077f69edf at term 1 for becomeLeader, leader elected after 5138ms
2020-05-18 03:07:58,614 [9cf338a1-6343-46cc-9d3e-d929198416a4@group-A36E7E6AF914-LeaderElection14] INFO  impl.RaftServerImpl (ServerState.java:setLeader(255)) - 9cf338a1-6343-46cc-9d3e-d929198416a4@group-A36E7E6AF914: change Leader from null to 9cf338a1-6343-46cc-9d3e-d929198416a4 at term 1 for becomeLeader, leader elected after 5297ms
2020-05-18 03:07:58,623 [b3b39523-19fd-47b3-8de5-13395c27e2ba@group-041F7FF9229F-LeaderElection15] INFO  impl.LeaderElection (LeaderElection.java:askForVotes(206)) - b3b39523-19fd-47b3-8de5-13395c27e2ba@group-041F7FF9229F-LeaderElection15: begin an election at term 1 for -1: [b3b39523-19fd-47b3-8de5-13395c27e2ba:172.17.0.2:36197], old=null
2020-05-18 03:07:58,623 [b3b39523-19fd-47b3-8de5-13395c27e2ba@group-041F7FF9229F-LeaderElection15] INFO  impl.RoleInfo (RoleInfo.java:shutdownLeaderElection(134)) - b3b39523-19fd-47b3-8de5-13395c27e2ba: shutdown LeaderElection
2020-05-18 03:07:58,623 [b3b39523-19fd-47b3-8de5-13395c27e2ba@group-041F7FF9229F-LeaderElection15] INFO  impl.RaftServerImpl (RaftServerImpl.java:setRole(173)) - b3b39523-19fd-47b3-8de5-13395c27e2ba@group-041F7FF9229F: changes role from CANDIDATE to LEADER at term 1 for changeToLeader
2020-05-18 03:07:58,624 [b3b39523-19fd-47b3-8de5-13395c27e2ba@group-041F7FF9229F-LeaderElection15] INFO  ratis.XceiverServerRatis (XceiverServerRatis.java:handleLeaderChangedNotification(762)) - Leader change notification received for group: group-041F7FF9229F with new leaderId: b3b39523-19fd-47b3-8de5-13395c27e2ba
2020-05-18 03:07:58,624 [b3b39523-19fd-47b3-8de5-13395c27e2ba@group-041F7FF9229F-LeaderElection15] INFO  impl.RaftServerImpl (ServerState.java:setLeader(255)) - b3b39523-19fd-47b3-8de5-13395c27e2ba@group-041F7FF9229F: change Leader from null to b3b39523-19fd-47b3-8de5-13395c27e2ba at term 1 for becomeLeader, leader elected after 5210ms
2020-05-18 03:07:58,624 [0dd71c3f-fb6d-4793-9543-61a077f69edf@group-5754AE5ACD40-LeaderElection13] INFO  server.RaftServerConfigKeys (ConfUtils.java:logGet(44)) - raft.server.staging.catchup.gap = 1000 (default)
2020-05-18 03:07:58,624 [0dd71c3f-fb6d-4793-9543-61a077f69edf@group-5754AE5ACD40-LeaderElection13] INFO  server.RaftServerConfigKeys (ConfUtils.java:logGet(44)) - raft.server.rpc.sleep.time = 25ms (default)
2020-05-18 03:07:58,624 [0dd71c3f-fb6d-4793-9543-61a077f69edf@group-5754AE5ACD40-LeaderElection13] INFO  metrics.RatisMetrics (RatisMetrics.java:lambda$create$0(39)) - Creating Metrics Registry : ratis.log_appender.0dd71c3f-fb6d-4793-9543-61a077f69edf@group-5754AE5ACD40
2020-05-18 03:07:58,624 [0dd71c3f-fb6d-4793-9543-61a077f69edf@group-5754AE5ACD40-LeaderElection13] INFO  server.RaftServerConfigKeys (ConfUtils.java:logGet(44)) - raft.server.write.element-limit = 1024 (custom)
2020-05-18 03:07:58,624 [0dd71c3f-fb6d-4793-9543-61a077f69edf@group-5754AE5ACD40-LeaderElection13] INFO  server.RaftServerConfigKeys (ConfUtils.java:logGet(44)) - raft.server.write.byte-limit = 1073741824 (custom)
2020-05-18 03:07:58,624 [0dd71c3f-fb6d-4793-9543-61a077f69edf@group-5754AE5ACD40-LeaderElection13] INFO  server.RaftServerConfigKeys (ConfUtils.java:logGet(44)) - raft.server.watch.timeout = 180s (custom)
2020-05-18 03:07:58,625 [0dd71c3f-fb6d-4793-9543-61a077f69edf@group-5754AE5ACD40-LeaderElection13] INFO  server.RaftServerConfigKeys (ConfUtils.java:logGet(44)) - raft.server.watch.timeout.denomination = 1s (default)
2020-05-18 03:07:58,625 [0dd71c3f-fb6d-4793-9543-61a077f69edf@group-5754AE5ACD40-LeaderElection13] INFO  server.RaftServerConfigKeys (ConfUtils.java:logGet(44)) - raft.server.watch.element-limit = 65536 (default)
2020-05-18 03:07:58,625 [0dd71c3f-fb6d-4793-9543-61a077f69edf@group-5754AE5ACD40-LeaderElection13] INFO  impl.RoleInfo (RoleInfo.java:updateAndGet(143)) - 0dd71c3f-fb6d-4793-9543-61a077f69edf: start LeaderState
2020-05-18 03:07:58,625 [0dd71c3f-fb6d-4793-9543-61a077f69edf@group-5754AE5ACD40-LeaderElection13] INFO  segmented.SegmentedRaftLogWorker (SegmentedRaftLogWorker.java:startLogSegment(391)) - 0dd71c3f-fb6d-4793-9543-61a077f69edf@group-5754AE5ACD40-SegmentedRaftLogWorker: Starting segment from index:0
2020-05-18 03:07:58,625 [0dd71c3f-fb6d-4793-9543-61a077f69edf@group-5754AE5ACD40-LeaderElection13] INFO  impl.RaftServerImpl (ServerState.java:setRaftConf(356)) - 0dd71c3f-fb6d-4793-9543-61a077f69edf@group-5754AE5ACD40: set configuration 0: [0dd71c3f-fb6d-4793-9543-61a077f69edf:172.17.0.2:38681], old=null at 0
2020-05-18 03:07:58,626 [9cf338a1-6343-46cc-9d3e-d929198416a4@group-A36E7E6AF914-LeaderElection14] INFO  server.RaftServerConfigKeys (ConfUtils.java:logGet(44)) - raft.server.staging.catchup.gap = 1000 (default)
2020-05-18 03:07:58,626 [9cf338a1-6343-46cc-9d3e-d929198416a4@group-A36E7E6AF914-LeaderElection14] INFO  server.RaftServerConfigKeys (ConfUtils.java:logGet(44)) - raft.server.rpc.sleep.time = 25ms (default)
2020-05-18 03:07:58,626 [9cf338a1-6343-46cc-9d3e-d929198416a4@group-A36E7E6AF914-LeaderElection14] INFO  metrics.RatisMetrics (RatisMetrics.java:lambda$create$0(39)) - Creating Metrics Registry : ratis.log_appender.9cf338a1-6343-46cc-9d3e-d929198416a4@group-A36E7E6AF914
2020-05-18 03:07:58,628 [grpc-default-executor-0] INFO  impl.RaftServerImpl (ServerState.java:setRaftConf(356)) - b63c0471-1403-43a2-b5dd-7d9e97cc5eb5@group-A426CC6B4293: set configuration 0: [034d9298-83c2-4b87-9d91-d2864b54f400:172.17.0.2:39127, b2bccc9e-2238-4e20-9373-fe7e2ac220bd:172.17.0.2:35883, b63c0471-1403-43a2-b5dd-7d9e97cc5eb5:172.17.0.2:43001], old=null at 0
2020-05-18 03:07:58,628 [grpc-default-executor-0] INFO  segmented.SegmentedRaftLogWorker (SegmentedRaftLogWorker.java:startLogSegment(391)) - b63c0471-1403-43a2-b5dd-7d9e97cc5eb5@group-A426CC6B4293-SegmentedRaftLogWorker: Starting segment from index:0
2020-05-18 03:07:58,628 [9cf338a1-6343-46cc-9d3e-d929198416a4@group-A36E7E6AF914-LeaderElection14] INFO  server.RaftServerConfigKeys (ConfUtils.java:logGet(44)) - raft.server.write.element-limit = 1024 (custom)
2020-05-18 03:07:58,628 [9cf338a1-6343-46cc-9d3e-d929198416a4@group-A36E7E6AF914-LeaderElection14] INFO  server.RaftServerConfigKeys (ConfUtils.java:logGet(44)) - raft.server.write.byte-limit = 1073741824 (custom)
2020-05-18 03:07:58,629 [9cf338a1-6343-46cc-9d3e-d929198416a4@group-A36E7E6AF914-LeaderElection14] INFO  server.RaftServerConfigKeys (ConfUtils.java:logGet(44)) - raft.server.watch.timeout = 180s (custom)
2020-05-18 03:07:58,629 [9cf338a1-6343-46cc-9d3e-d929198416a4@group-A36E7E6AF914-LeaderElection14] INFO  server.RaftServerConfigKeys (ConfUtils.java:logGet(44)) - raft.server.watch.timeout.denomination = 1s (default)
2020-05-18 03:07:58,629 [9cf338a1-6343-46cc-9d3e-d929198416a4@group-A36E7E6AF914-LeaderElection14] INFO  server.RaftServerConfigKeys (ConfUtils.java:logGet(44)) - raft.server.watch.element-limit = 65536 (default)
2020-05-18 03:07:58,629 [9cf338a1-6343-46cc-9d3e-d929198416a4@group-A36E7E6AF914-LeaderElection14] INFO  impl.RoleInfo (RoleInfo.java:updateAndGet(143)) - 9cf338a1-6343-46cc-9d3e-d929198416a4: start LeaderState
2020-05-18 03:07:58,629 [9cf338a1-6343-46cc-9d3e-d929198416a4@group-A36E7E6AF914-LeaderElection14] INFO  segmented.SegmentedRaftLogWorker (SegmentedRaftLogWorker.java:startLogSegment(391)) - 9cf338a1-6343-46cc-9d3e-d929198416a4@group-A36E7E6AF914-SegmentedRaftLogWorker: Starting segment from index:0
2020-05-18 03:07:58,638 [b3b39523-19fd-47b3-8de5-13395c27e2ba@group-041F7FF9229F-LeaderElection15] INFO  server.RaftServerConfigKeys (ConfUtils.java:logGet(44)) - raft.server.staging.catchup.gap = 1000 (default)
2020-05-18 03:07:58,638 [b3b39523-19fd-47b3-8de5-13395c27e2ba@group-041F7FF9229F-LeaderElection15] INFO  server.RaftServerConfigKeys (ConfUtils.java:logGet(44)) - raft.server.rpc.sleep.time = 25ms (default)
2020-05-18 03:07:58,641 [b3b39523-19fd-47b3-8de5-13395c27e2ba@group-041F7FF9229F-LeaderElection15] INFO  metrics.RatisMetrics (RatisMetrics.java:lambda$create$0(39)) - Creating Metrics Registry : ratis.log_appender.b3b39523-19fd-47b3-8de5-13395c27e2ba@group-041F7FF9229F
2020-05-18 03:07:58,643 [Thread-296] INFO  impl.FollowerState (FollowerState.java:run(108)) - 9cf338a1-6343-46cc-9d3e-d929198416a4@group-4BD15A92D6B5-FollowerState: change to CANDIDATE, lastRpcTime:5188ms, electionTimeout:5179ms
2020-05-18 03:07:58,643 [9cf338a1-6343-46cc-9d3e-d929198416a4@group-A36E7E6AF914-SegmentedRaftLogWorker] INFO  segmented.SegmentedRaftLogWorker (SegmentedRaftLogWorker.java:execute(583)) - 9cf338a1-6343-46cc-9d3e-d929198416a4@group-A36E7E6AF914-SegmentedRaftLogWorker: created new log segment /github/workspace/mnt/ozone/hadoop-ozone/integration-test/target/test-dir/MiniOzoneClusterImpl-69c03e2e-129d-4290-ae39-1295d90fd6d6/datanode-6/data/ratis/053ad6a7-c5c4-42a1-8522-a36e7e6af914/current/log_inprogress_0
2020-05-18 03:07:58,644 [Thread-296] INFO  impl.RoleInfo (RoleInfo.java:shutdownFollowerState(121)) - 9cf338a1-6343-46cc-9d3e-d929198416a4: shutdown FollowerState
2020-05-18 03:07:58,644 [Thread-296] INFO  impl.RaftServerImpl (RaftServerImpl.java:setRole(173)) - 9cf338a1-6343-46cc-9d3e-d929198416a4@group-4BD15A92D6B5: changes role from  FOLLOWER to CANDIDATE at term 0 for changeToCandidate
2020-05-18 03:07:58,644 [b3b39523-19fd-47b3-8de5-13395c27e2ba@group-041F7FF9229F-LeaderElection15] INFO  server.RaftServerConfigKeys (ConfUtils.java:logGet(44)) - raft.server.write.element-limit = 1024 (custom)
2020-05-18 03:07:58,644 [b3b39523-19fd-47b3-8de5-13395c27e2ba@group-041F7FF9229F-LeaderElection15] INFO  server.RaftServerConfigKeys (ConfUtils.java:logGet(44)) - raft.server.write.byte-limit = 1073741824 (custom)
2020-05-18 03:07:58,644 [b3b39523-19fd-47b3-8de5-13395c27e2ba@group-041F7FF9229F-LeaderElection15] INFO  server.RaftServerConfigKeys (ConfUtils.java:logGet(44)) - raft.server.watch.timeout = 180s (custom)
2020-05-18 03:07:58,644 [b3b39523-19fd-47b3-8de5-13395c27e2ba@group-041F7FF9229F-LeaderElection15] INFO  server.RaftServerConfigKeys (ConfUtils.java:logGet(44)) - raft.server.watch.timeout.denomination = 1s (default)
2020-05-18 03:07:58,644 [b3b39523-19fd-47b3-8de5-13395c27e2ba@group-041F7FF9229F-LeaderElection15] INFO  server.RaftServerConfigKeys (ConfUtils.java:logGet(44)) - raft.server.watch.element-limit = 65536 (default)
2020-05-18 03:07:58,645 [9cf338a1-6343-46cc-9d3e-d929198416a4@group-A36E7E6AF914-LeaderElection14] INFO  impl.RaftServerImpl (ServerState.java:setRaftConf(356)) - 9cf338a1-6343-46cc-9d3e-d929198416a4@group-A36E7E6AF914: set configuration 0: [9cf338a1-6343-46cc-9d3e-d929198416a4:172.17.0.2:35497], old=null at 0
2020-05-18 03:07:58,645 [b3b39523-19fd-47b3-8de5-13395c27e2ba@group-041F7FF9229F-LeaderElection15] INFO  impl.RoleInfo (RoleInfo.java:updateAndGet(143)) - b3b39523-19fd-47b3-8de5-13395c27e2ba: start LeaderState
2020-05-18 03:07:58,648 [grpc-default-executor-2] INFO  impl.RaftServerImpl (RaftServerImpl.java:setRole(173)) - 0dd71c3f-fb6d-4793-9543-61a077f69edf@group-4BD15A92D6B5: changes role from  FOLLOWER to FOLLOWER at term 1 for recognizeCandidate:b3b39523-19fd-47b3-8de5-13395c27e2ba
2020-05-18 03:07:58,648 [grpc-default-executor-2] INFO  impl.RoleInfo (RoleInfo.java:shutdownFollowerState(121)) - 0dd71c3f-fb6d-4793-9543-61a077f69edf: shutdown FollowerState
2020-05-18 03:07:58,648 [grpc-default-executor-2] INFO  impl.RoleInfo (RoleInfo.java:updateAndGet(143)) - 0dd71c3f-fb6d-4793-9543-61a077f69edf: start FollowerState
2020-05-18 03:07:58,648 [b63c0471-1403-43a2-b5dd-7d9e97cc5eb5@group-A426CC6B4293-SegmentedRaftLogWorker] INFO  segmented.SegmentedRaftLogWorker (SegmentedRaftLogWorker.java:execute(583)) - b63c0471-1403-43a2-b5dd-7d9e97cc5eb5@group-A426CC6B4293-SegmentedRaftLogWorker: created new log segment /github/workspace/mnt/ozone/hadoop-ozone/integration-test/target/test-dir/MiniOzoneClusterImpl-69c03e2e-129d-4290-ae39-1295d90fd6d6/datanode-4/data/ratis/2487801a-ca37-410b-bad8-a426cc6b4293/current/log_inprogress_0
2020-05-18 03:07:58,648 [b3b39523-19fd-47b3-8de5-13395c27e2ba@group-041F7FF9229F-LeaderElection15] INFO  segmented.SegmentedRaftLogWorker (SegmentedRaftLogWorker.java:startLogSegment(391)) - b3b39523-19fd-47b3-8de5-13395c27e2ba@group-041F7FF9229F-SegmentedRaftLogWorker: Starting segment from index:0
2020-05-18 03:07:58,645 [Thread-296] INFO  impl.RoleInfo (RoleInfo.java:updateAndGet(143)) - 9cf338a1-6343-46cc-9d3e-d929198416a4: start LeaderElection
2020-05-18 03:07:58,645 [0dd71c3f-fb6d-4793-9543-61a077f69edf@group-5754AE5ACD40-SegmentedRaftLogWorker] INFO  segmented.SegmentedRaftLogWorker (SegmentedRaftLogWorker.java:execute(583)) - 0dd71c3f-fb6d-4793-9543-61a077f69edf@group-5754AE5ACD40-SegmentedRaftLogWorker: created new log segment /github/workspace/mnt/ozone/hadoop-ozone/integration-test/target/test-dir/MiniOzoneClusterImpl-69c03e2e-129d-4290-ae39-1295d90fd6d6/datanode-8/data/ratis/36b632ce-e6bf-42df-bc55-5754ae5acd40/current/log_inprogress_0
2020-05-18 03:07:58,648 [Thread-303] INFO  impl.FollowerState (FollowerState.java:run(117)) - 0dd71c3f-fb6d-4793-9543-61a077f69edf@group-4BD15A92D6B5-FollowerState was interrupted: java.lang.InterruptedException: sleep interrupted
2020-05-18 03:07:58,663 [b3b39523-19fd-47b3-8de5-13395c27e2ba@group-041F7FF9229F-LeaderElection15] INFO  impl.RaftServerImpl (ServerState.java:setRaftConf(356)) - b3b39523-19fd-47b3-8de5-13395c27e2ba@group-041F7FF9229F: set configuration 0: [b3b39523-19fd-47b3-8de5-13395c27e2ba:172.17.0.2:36197], old=null at 0
2020-05-18 03:07:58,675 [b3b39523-19fd-47b3-8de5-13395c27e2ba@group-041F7FF9229F-SegmentedRaftLogWorker] INFO  segmented.SegmentedRaftLogWorker (SegmentedRaftLogWorker.java:execute(583)) - b3b39523-19fd-47b3-8de5-13395c27e2ba@group-041F7FF9229F-SegmentedRaftLogWorker: created new log segment /github/workspace/mnt/ozone/hadoop-ozone/integration-test/target/test-dir/MiniOzoneClusterImpl-69c03e2e-129d-4290-ae39-1295d90fd6d6/datanode-7/data/ratis/7bb5c54d-bdf1-429e-8d93-041f7ff9229f/current/log_inprogress_0
2020-05-18 03:07:58,679 [grpc-default-executor-5] INFO  impl.RaftServerImpl (RaftServerImpl.java:setRole(173)) - 9cf338a1-6343-46cc-9d3e-d929198416a4@group-4BD15A92D6B5: changes role from CANDIDATE to FOLLOWER at term 1 for recognizeCandidate:b3b39523-19fd-47b3-8de5-13395c27e2ba
2020-05-18 03:07:58,679 [grpc-default-executor-5] INFO  impl.RoleInfo (RoleInfo.java:shutdownLeaderElection(134)) - 9cf338a1-6343-46cc-9d3e-d929198416a4: shutdown LeaderElection
2020-05-18 03:07:58,679 [grpc-default-executor-5] INFO  impl.RoleInfo (RoleInfo.java:updateAndGet(143)) - 9cf338a1-6343-46cc-9d3e-d929198416a4: start FollowerState
2020-05-18 03:07:58,700 [b3b39523-19fd-47b3-8de5-13395c27e2ba@group-4BD15A92D6B5-LeaderElection12] INFO  impl.LeaderElection (LeaderElection.java:logAndReturn(61)) - b3b39523-19fd-47b3-8de5-13395c27e2ba@group-4BD15A92D6B5-LeaderElection12: Election PASSED; received 1 response(s) [b3b39523-19fd-47b3-8de5-13395c27e2ba<-0dd71c3f-fb6d-4793-9543-61a077f69edf#0:OK-t1] and 0 exception(s); b3b39523-19fd-47b3-8de5-13395c27e2ba@group-4BD15A92D6B5:t1, leader=null, voted=b3b39523-19fd-47b3-8de5-13395c27e2ba, raftlog=b3b39523-19fd-47b3-8de5-13395c27e2ba@group-4BD15A92D6B5-SegmentedRaftLog:OPENED:c-1,f-1,i0, conf=-1: [0dd71c3f-fb6d-4793-9543-61a077f69edf:172.17.0.2:38681, 9cf338a1-6343-46cc-9d3e-d929198416a4:172.17.0.2:35497, b3b39523-19fd-47b3-8de5-13395c27e2ba:172.17.0.2:36197], old=null
2020-05-18 03:07:58,700 [b3b39523-19fd-47b3-8de5-13395c27e2ba@group-4BD15A92D6B5-LeaderElection12] INFO  impl.RoleInfo (RoleInfo.java:shutdownLeaderElection(134)) - b3b39523-19fd-47b3-8de5-13395c27e2ba: shutdown LeaderElection
2020-05-18 03:07:58,700 [b3b39523-19fd-47b3-8de5-13395c27e2ba@group-4BD15A92D6B5-LeaderElection12] INFO  impl.RaftServerImpl (RaftServerImpl.java:setRole(173)) - b3b39523-19fd-47b3-8de5-13395c27e2ba@group-4BD15A92D6B5: changes role from CANDIDATE to LEADER at term 1 for changeToLeader
2020-05-18 03:07:58,700 [b3b39523-19fd-47b3-8de5-13395c27e2ba@group-4BD15A92D6B5-LeaderElection12] INFO  ratis.XceiverServerRatis (XceiverServerRatis.java:handleLeaderChangedNotification(762)) - Leader change notification received for group: group-4BD15A92D6B5 with new leaderId: b3b39523-19fd-47b3-8de5-13395c27e2ba
2020-05-18 03:07:58,700 [b3b39523-19fd-47b3-8de5-13395c27e2ba@group-4BD15A92D6B5-LeaderElection12] INFO  impl.RaftServerImpl (ServerState.java:setLeader(255)) - b3b39523-19fd-47b3-8de5-13395c27e2ba@group-4BD15A92D6B5: change Leader from null to b3b39523-19fd-47b3-8de5-13395c27e2ba at term 1 for becomeLeader, leader elected after 5235ms
2020-05-18 03:07:58,700 [b3b39523-19fd-47b3-8de5-13395c27e2ba@group-4BD15A92D6B5-LeaderElection12] INFO  server.RaftServerConfigKeys (ConfUtils.java:logGet(44)) - raft.server.staging.catchup.gap = 1000 (default)
2020-05-18 03:07:58,700 [b3b39523-19fd-47b3-8de5-13395c27e2ba@group-4BD15A92D6B5-LeaderElection12] INFO  server.RaftServerConfigKeys (ConfUtils.java:logGet(44)) - raft.server.rpc.sleep.time = 25ms (default)
2020-05-18 03:07:58,700 [b3b39523-19fd-47b3-8de5-13395c27e2ba@group-4BD15A92D6B5-LeaderElection12] INFO  metrics.RatisMetrics (RatisMetrics.java:lambda$create$0(39)) - Creating Metrics Registry : ratis.log_appender.b3b39523-19fd-47b3-8de5-13395c27e2ba@group-4BD15A92D6B5
2020-05-18 03:07:58,700 [b3b39523-19fd-47b3-8de5-13395c27e2ba@group-4BD15A92D6B5-LeaderElection12] INFO  server.RaftServerConfigKeys (ConfUtils.java:logGet(44)) - raft.server.write.element-limit = 1024 (custom)
2020-05-18 03:07:58,700 [b3b39523-19fd-47b3-8de5-13395c27e2ba@group-4BD15A92D6B5-LeaderElection12] INFO  server.RaftServerConfigKeys (ConfUtils.java:logGet(44)) - raft.server.write.byte-limit = 1073741824 (custom)
2020-05-18 03:07:58,701 [b3b39523-19fd-47b3-8de5-13395c27e2ba@group-4BD15A92D6B5-LeaderElection12] INFO  server.RaftServerConfigKeys (ConfUtils.java:logGet(44)) - raft.server.watch.timeout = 180s (custom)
2020-05-18 03:07:58,701 [b3b39523-19fd-47b3-8de5-13395c27e2ba@group-4BD15A92D6B5-LeaderElection12] INFO  server.RaftServerConfigKeys (ConfUtils.java:logGet(44)) - raft.server.watch.timeout.denomination = 1s (default)
2020-05-18 03:07:58,701 [b3b39523-19fd-47b3-8de5-13395c27e2ba@group-4BD15A92D6B5-LeaderElection12] INFO  server.RaftServerConfigKeys (ConfUtils.java:logGet(44)) - raft.server.watch.element-limit = 65536 (default)
2020-05-18 03:07:58,701 [EventQueue-PipelineReportForPipelineReportHandler] INFO  pipeline.PipelineStateManager (PipelineStateManager.java:openPipeline(131)) - Pipeline Pipeline[ Id: 592d826d-28fd-469f-9ddb-4bd15a92d6b5, Nodes: 9cf338a1-6343-46cc-9d3e-d929198416a4{ip: 172.17.0.2, host: e6a1a4110770, networkLocation: /default-rack, certSerialId: null}0dd71c3f-fb6d-4793-9543-61a077f69edf{ip: 172.17.0.2, host: e6a1a4110770, networkLocation: /default-rack, certSerialId: null}b3b39523-19fd-47b3-8de5-13395c27e2ba{ip: 172.17.0.2, host: e6a1a4110770, networkLocation: /default-rack, certSerialId: null}, Type:RATIS, Factor:THREE, State:ALLOCATED, leaderId:b3b39523-19fd-47b3-8de5-13395c27e2ba, CreationTimestamp2020-05-18T03:07:50.424Z] moved to OPEN state
2020-05-18 03:07:58,701 [b3b39523-19fd-47b3-8de5-13395c27e2ba@group-4BD15A92D6B5-LeaderElection12] INFO  server.RaftServerConfigKeys (ConfUtils.java:logGet(44)) - raft.server.log.appender.snapshot.chunk.size.max = 16MB (=16777216) (default)
2020-05-18 03:07:58,707 [b3b39523-19fd-47b3-8de5-13395c27e2ba@group-4BD15A92D6B5-LeaderElection12] INFO  server.RaftServerConfigKeys (ConfUtils.java:logGet(44)) - raft.server.log.appender.buffer.byte-limit = 33554432 (custom)
2020-05-18 03:07:58,707 [b3b39523-19fd-47b3-8de5-13395c27e2ba@group-4BD15A92D6B5-LeaderElection12] INFO  server.RaftServerConfigKeys (ConfUtils.java:logGet(44)) - raft.server.log.appender.buffer.element-limit = 1 (custom)
2020-05-18 03:07:58,707 [b3b39523-19fd-47b3-8de5-13395c27e2ba@group-4BD15A92D6B5-LeaderElection12] INFO  grpc.GrpcConfigKeys (ConfUtils.java:logGet(44)) - raft.grpc.server.leader.outstanding.appends.max = 128 (default)
2020-05-18 03:07:58,707 [b3b39523-19fd-47b3-8de5-13395c27e2ba@group-4BD15A92D6B5-LeaderElection12] INFO  server.RaftServerConfigKeys (ConfUtils.java:logGet(44)) - raft.server.rpc.request.timeout = 60s (custom)
2020-05-18 03:07:58,707 [b3b39523-19fd-47b3-8de5-13395c27e2ba@group-4BD15A92D6B5-LeaderElection12] INFO  server.RaftServerConfigKeys (ConfUtils.java:logGet(44)) - raft.server.log.appender.install.snapshot.enabled = false (custom)
2020-05-18 03:07:58,709 [b3b39523-19fd-47b3-8de5-13395c27e2ba@group-4BD15A92D6B5-LeaderElection12] INFO  server.RaftServerConfigKeys (ConfUtils.java:logGet(44)) - raft.server.log.appender.snapshot.chunk.size.max = 16MB (=16777216) (default)
2020-05-18 03:07:58,709 [b3b39523-19fd-47b3-8de5-13395c27e2ba@group-4BD15A92D6B5-LeaderElection12] INFO  server.RaftServerConfigKeys (ConfUtils.java:logGet(44)) - raft.server.log.appender.buffer.byte-limit = 33554432 (custom)
2020-05-18 03:07:58,709 [b3b39523-19fd-47b3-8de5-13395c27e2ba@group-4BD15A92D6B5-LeaderElection12] INFO  server.RaftServerConfigKeys (ConfUtils.java:logGet(44)) - raft.server.log.appender.buffer.element-limit = 1 (custom)
2020-05-18 03:07:58,709 [b3b39523-19fd-47b3-8de5-13395c27e2ba@group-4BD15A92D6B5-LeaderElection12] INFO  grpc.GrpcConfigKeys (ConfUtils.java:logGet(44)) - raft.grpc.server.leader.outstanding.appends.max = 128 (default)
2020-05-18 03:07:58,709 [b3b39523-19fd-47b3-8de5-13395c27e2ba@group-4BD15A92D6B5-LeaderElection12] INFO  server.RaftServerConfigKeys (ConfUtils.java:logGet(44)) - raft.server.rpc.request.timeout = 60s (custom)
2020-05-18 03:07:58,709 [b3b39523-19fd-47b3-8de5-13395c27e2ba@group-4BD15A92D6B5-LeaderElection12] INFO  server.RaftServerConfigKeys (ConfUtils.java:logGet(44)) - raft.server.log.appender.install.snapshot.enabled = false (custom)
2020-05-18 03:07:58,710 [9cf338a1-6343-46cc-9d3e-d929198416a4@group-4BD15A92D6B5-LeaderElection16] INFO  impl.LeaderElection (LeaderElection.java:askForVotes(206)) - 9cf338a1-6343-46cc-9d3e-d929198416a4@group-4BD15A92D6B5-LeaderElection16: begin an election at term 2 for -1: [0dd71c3f-fb6d-4793-9543-61a077f69edf:172.17.0.2:38681, 9cf338a1-6343-46cc-9d3e-d929198416a4:172.17.0.2:35497, b3b39523-19fd-47b3-8de5-13395c27e2ba:172.17.0.2:36197], old=null
2020-05-18 03:07:58,723 [9cf338a1-6343-46cc-9d3e-d929198416a4@group-4BD15A92D6B5-LeaderElection16] INFO  impl.LeaderElection (LeaderElection.java:logAndReturn(61)) - 9cf338a1-6343-46cc-9d3e-d929198416a4@group-4BD15A92D6B5-LeaderElection16: Election REJECTED; received 0 response(s) [] and 0 exception(s); 9cf338a1-6343-46cc-9d3e-d929198416a4@group-4BD15A92D6B5:t2, leader=null, voted=9cf338a1-6343-46cc-9d3e-d929198416a4, raftlog=9cf338a1-6343-46cc-9d3e-d929198416a4@group-4BD15A92D6B5-SegmentedRaftLog:OPENED:c-1,f-1,i0, conf=-1: [0dd71c3f-fb6d-4793-9543-61a077f69edf:172.17.0.2:38681, 9cf338a1-6343-46cc-9d3e-d929198416a4:172.17.0.2:35497, b3b39523-19fd-47b3-8de5-13395c27e2ba:172.17.0.2:36197], old=null
2020-05-18 03:07:58,728 [b3b39523-19fd-47b3-8de5-13395c27e2ba@group-4BD15A92D6B5-LeaderElection12] INFO  impl.RoleInfo (RoleInfo.java:updateAndGet(143)) - b3b39523-19fd-47b3-8de5-13395c27e2ba: start LeaderState
2020-05-18 03:07:58,728 [b3b39523-19fd-47b3-8de5-13395c27e2ba@group-4BD15A92D6B5-LeaderElection12] INFO  segmented.SegmentedRaftLogWorker (SegmentedRaftLogWorker.java:startLogSegment(391)) - b3b39523-19fd-47b3-8de5-13395c27e2ba@group-4BD15A92D6B5-SegmentedRaftLogWorker: Starting segment from index:0
2020-05-18 03:07:58,731 [b3b39523-19fd-47b3-8de5-13395c27e2ba@group-4BD15A92D6B5-SegmentedRaftLogWorker] INFO  segmented.SegmentedRaftLogWorker (SegmentedRaftLogWorker.java:execute(583)) - b3b39523-19fd-47b3-8de5-13395c27e2ba@group-4BD15A92D6B5-SegmentedRaftLogWorker: created new log segment /github/workspace/mnt/ozone/hadoop-ozone/integration-test/target/test-dir/MiniOzoneClusterImpl-69c03e2e-129d-4290-ae39-1295d90fd6d6/datanode-7/data/ratis/592d826d-28fd-469f-9ddb-4bd15a92d6b5/current/log_inprogress_0
2020-05-18 03:07:58,766 [grpc-default-executor-2] INFO  impl.RaftServerImpl (RaftServerImpl.java:setRole(173)) - 0dd71c3f-fb6d-4793-9543-61a077f69edf@group-4BD15A92D6B5: changes role from  FOLLOWER to FOLLOWER at term 2 for recognizeCandidate:9cf338a1-6343-46cc-9d3e-d929198416a4
2020-05-18 03:07:58,766 [grpc-default-executor-2] INFO  impl.RoleInfo (RoleInfo.java:shutdownFollowerState(121)) - 0dd71c3f-fb6d-4793-9543-61a077f69edf: shutdown FollowerState
2020-05-18 03:07:58,743 [b3b39523-19fd-47b3-8de5-13395c27e2ba@group-4BD15A92D6B5-LeaderElection12] INFO  impl.RaftServerImpl (ServerState.java:setRaftConf(356)) - b3b39523-19fd-47b3-8de5-13395c27e2ba@group-4BD15A92D6B5: set configuration 0: [0dd71c3f-fb6d-4793-9543-61a077f69edf:172.17.0.2:38681, 9cf338a1-6343-46cc-9d3e-d929198416a4:172.17.0.2:35497, b3b39523-19fd-47b3-8de5-13395c27e2ba:172.17.0.2:36197], old=null at 0
2020-05-18 03:07:58,766 [Thread-373] INFO  impl.FollowerState (FollowerState.java:run(117)) - 0dd71c3f-fb6d-4793-9543-61a077f69edf@group-4BD15A92D6B5-FollowerState was interrupted: java.lang.InterruptedException: sleep interrupted
2020-05-18 03:07:58,766 [grpc-default-executor-2] INFO  impl.RoleInfo (RoleInfo.java:updateAndGet(143)) - 0dd71c3f-fb6d-4793-9543-61a077f69edf: start FollowerState
2020-05-18 03:07:58,767 [grpc-default-executor-5] INFO  impl.RaftServerImpl (ServerState.java:setLeader(255)) - b3b39523-19fd-47b3-8de5-13395c27e2ba@group-4BD15A92D6B5: change Leader from b3b39523-19fd-47b3-8de5-13395c27e2ba to null at term 2 for updateCurrentTerm
2020-05-18 03:07:58,767 [grpc-default-executor-5] INFO  impl.RaftServerImpl (RaftServerImpl.java:setRole(173)) - b3b39523-19fd-47b3-8de5-13395c27e2ba@group-4BD15A92D6B5: changes role from    LEADER to FOLLOWER at term 2 for recognizeCandidate:9cf338a1-6343-46cc-9d3e-d929198416a4
2020-05-18 03:07:58,767 [grpc-default-executor-5] INFO  impl.RoleInfo (RoleInfo.java:shutdownLeaderState(104)) - b3b39523-19fd-47b3-8de5-13395c27e2ba: shutdown LeaderState
2020-05-18 03:07:58,772 [Thread-304] INFO  impl.FollowerState (FollowerState.java:run(108)) - a70f16ba-8984-46f7-b3b4-4f3ee14adaae@group-9DF29E848DD6-FollowerState: change to CANDIDATE, lastRpcTime:5063ms, electionTimeout:5060ms
2020-05-18 03:07:58,772 [Thread-304] INFO  impl.RoleInfo (RoleInfo.java:shutdownFollowerState(121)) - a70f16ba-8984-46f7-b3b4-4f3ee14adaae: shutdown FollowerState
2020-05-18 03:07:58,772 [Thread-304] INFO  impl.RaftServerImpl (RaftServerImpl.java:setRole(173)) - a70f16ba-8984-46f7-b3b4-4f3ee14adaae@group-9DF29E848DD6: changes role from  FOLLOWER to CANDIDATE at term 0 for changeToCandidate
2020-05-18 03:07:58,791 [Thread-304] INFO  impl.RoleInfo (RoleInfo.java:updateAndGet(143)) - a70f16ba-8984-46f7-b3b4-4f3ee14adaae: start LeaderElection
2020-05-18 03:07:58,792 [org.apache.ratis.server.impl.LogAppender$AppenderDaemon$$Lambda$470/112197625@13c83343] WARN  server.GrpcLogAppender (GrpcLogAppender.java:mayWait(153)) - b3b39523-19fd-47b3-8de5-13395c27e2ba@group-4BD15A92D6B5->0dd71c3f-fb6d-4793-9543-61a077f69edf-GrpcLogAppender: Wait interrupted by java.lang.InterruptedException
2020-05-18 03:07:58,798 [grpc-default-executor-5] INFO  impl.PendingRequests (PendingRequests.java:sendNotLeaderResponses(242)) - b3b39523-19fd-47b3-8de5-13395c27e2ba@group-4BD15A92D6B5-PendingRequests: sendNotLeaderResponses
2020-05-18 03:07:58,799 [grpc-default-executor-5] INFO  metrics.RatisMetrics (RatisMetrics.java:unregister(46)) - Unregistering Metrics Registry : ratis.log_appender.b3b39523-19fd-47b3-8de5-13395c27e2ba@group-4BD15A92D6B5
2020-05-18 03:07:58,799 [grpc-default-executor-5] INFO  impl.RoleInfo (RoleInfo.java:updateAndGet(143)) - b3b39523-19fd-47b3-8de5-13395c27e2ba: start FollowerState
2020-05-18 03:07:58,799 [org.apache.ratis.server.impl.LogAppender$AppenderDaemon$$Lambda$470/112197625@6308c5ee] WARN  server.GrpcLogAppender (GrpcLogAppender.java:mayWait(153)) - b3b39523-19fd-47b3-8de5-13395c27e2ba@group-4BD15A92D6B5->9cf338a1-6343-46cc-9d3e-d929198416a4-GrpcLogAppender: Wait interrupted by java.lang.InterruptedException
2020-05-18 03:07:58,809 [grpc-default-executor-2] INFO  server.GrpcServerProtocolService (GrpcServerProtocolService.java:onCompleted(137)) - 0dd71c3f-fb6d-4793-9543-61a077f69edf: Completed APPEND_ENTRIES, lastRequest: b3b39523-19fd-47b3-8de5-13395c27e2ba->0dd71c3f-fb6d-4793-9543-61a077f69edf#1-t1, previous=(t:0, i:0), leaderCommit=-1, initializing? false, entries: size=1, first=(t:1, i:0), CONFIGURATIONENTRY
2020-05-18 03:07:58,811 [a70f16ba-8984-46f7-b3b4-4f3ee14adaae@group-9DF29E848DD6-LeaderElection17] INFO  impl.LeaderElection (LeaderElection.java:askForVotes(206)) - a70f16ba-8984-46f7-b3b4-4f3ee14adaae@group-9DF29E848DD6-LeaderElection17: begin an election at term 1 for -1: [a70f16ba-8984-46f7-b3b4-4f3ee14adaae:172.17.0.2:41383], old=null
2020-05-18 03:07:58,811 [a70f16ba-8984-46f7-b3b4-4f3ee14adaae@group-9DF29E848DD6-LeaderElection17] INFO  impl.RoleInfo (RoleInfo.java:shutdownLeaderElection(134)) - a70f16ba-8984-46f7-b3b4-4f3ee14adaae: shutdown LeaderElection
2020-05-18 03:07:58,819 [a70f16ba-8984-46f7-b3b4-4f3ee14adaae@group-9DF29E848DD6-LeaderElection17] INFO  impl.RaftServerImpl (RaftServerImpl.java:setRole(173)) - a70f16ba-8984-46f7-b3b4-4f3ee14adaae@group-9DF29E848DD6: changes role from CANDIDATE to LEADER at term 1 for changeToLeader
2020-05-18 03:07:58,819 [a70f16ba-8984-46f7-b3b4-4f3ee14adaae@group-9DF29E848DD6-LeaderElection17] INFO  ratis.XceiverServerRatis (XceiverServerRatis.java:handleLeaderChangedNotification(762)) - Leader change notification received for group: group-9DF29E848DD6 with new leaderId: a70f16ba-8984-46f7-b3b4-4f3ee14adaae
2020-05-18 03:07:58,819 [a70f16ba-8984-46f7-b3b4-4f3ee14adaae@group-9DF29E848DD6-LeaderElection17] INFO  impl.RaftServerImpl (ServerState.java:setLeader(255)) - a70f16ba-8984-46f7-b3b4-4f3ee14adaae@group-9DF29E848DD6: change Leader from null to a70f16ba-8984-46f7-b3b4-4f3ee14adaae at term 1 for becomeLeader, leader elected after 5148ms
2020-05-18 03:07:58,811 [grpc-default-executor-2] INFO  server.GrpcLogAppender (GrpcLogAppender.java:onCompleted(309)) - b3b39523-19fd-47b3-8de5-13395c27e2ba@group-4BD15A92D6B5->0dd71c3f-fb6d-4793-9543-61a077f69edf-AppendLogResponseHandler: follower responses appendEntries COMPLETED
2020-05-18 03:07:58,810 [grpc-default-executor-5] INFO  server.GrpcServerProtocolService (GrpcServerProtocolService.java:onCompleted(137)) - 9cf338a1-6343-46cc-9d3e-d929198416a4: Completed APPEND_ENTRIES, lastRequest: b3b39523-19fd-47b3-8de5-13395c27e2ba->9cf338a1-6343-46cc-9d3e-d929198416a4#1-t1, previous=(t:0, i:0), leaderCommit=-1, initializing? false, entries: size=1, first=(t:1, i:0), CONFIGURATIONENTRY
2020-05-18 03:07:58,819 [a70f16ba-8984-46f7-b3b4-4f3ee14adaae@group-9DF29E848DD6-LeaderElection17] INFO  server.RaftServerConfigKeys (ConfUtils.java:logGet(44)) - raft.server.staging.catchup.gap = 1000 (default)
2020-05-18 03:07:58,831 [a70f16ba-8984-46f7-b3b4-4f3ee14adaae@group-9DF29E848DD6-LeaderElection17] INFO  server.RaftServerConfigKeys (ConfUtils.java:logGet(44)) - raft.server.rpc.sleep.time = 25ms (default)
2020-05-18 03:07:58,831 [a70f16ba-8984-46f7-b3b4-4f3ee14adaae@group-9DF29E848DD6-LeaderElection17] INFO  metrics.RatisMetrics (RatisMetrics.java:lambda$create$0(39)) - Creating Metrics Registry : ratis.log_appender.a70f16ba-8984-46f7-b3b4-4f3ee14adaae@group-9DF29E848DD6
2020-05-18 03:07:58,831 [a70f16ba-8984-46f7-b3b4-4f3ee14adaae@group-9DF29E848DD6-LeaderElection17] INFO  server.RaftServerConfigKeys (ConfUtils.java:logGet(44)) - raft.server.write.element-limit = 1024 (custom)
2020-05-18 03:07:58,831 [a70f16ba-8984-46f7-b3b4-4f3ee14adaae@group-9DF29E848DD6-LeaderElection17] INFO  server.RaftServerConfigKeys (ConfUtils.java:logGet(44)) - raft.server.write.byte-limit = 1073741824 (custom)
2020-05-18 03:07:58,832 [a70f16ba-8984-46f7-b3b4-4f3ee14adaae@group-9DF29E848DD6-LeaderElection17] INFO  server.RaftServerConfigKeys (ConfUtils.java:logGet(44)) - raft.server.watch.timeout = 180s (custom)
2020-05-18 03:07:58,832 [a70f16ba-8984-46f7-b3b4-4f3ee14adaae@group-9DF29E848DD6-LeaderElection17] INFO  server.RaftServerConfigKeys (ConfUtils.java:logGet(44)) - raft.server.watch.timeout.denomination = 1s (default)
2020-05-18 03:07:58,832 [a70f16ba-8984-46f7-b3b4-4f3ee14adaae@group-9DF29E848DD6-LeaderElection17] INFO  server.RaftServerConfigKeys (ConfUtils.java:logGet(44)) - raft.server.watch.element-limit = 65536 (default)
2020-05-18 03:07:58,832 [a70f16ba-8984-46f7-b3b4-4f3ee14adaae@group-9DF29E848DD6-LeaderElection17] INFO  impl.RoleInfo (RoleInfo.java:updateAndGet(143)) - a70f16ba-8984-46f7-b3b4-4f3ee14adaae: start LeaderState
2020-05-18 03:07:58,832 [a70f16ba-8984-46f7-b3b4-4f3ee14adaae@group-9DF29E848DD6-LeaderElection17] INFO  segmented.SegmentedRaftLogWorker (SegmentedRaftLogWorker.java:startLogSegment(391)) - a70f16ba-8984-46f7-b3b4-4f3ee14adaae@group-9DF29E848DD6-SegmentedRaftLogWorker: Starting segment from index:0
2020-05-18 03:07:58,835 [a70f16ba-8984-46f7-b3b4-4f3ee14adaae@group-9DF29E848DD6-SegmentedRaftLogWorker] INFO  segmented.SegmentedRaftLogWorker (SegmentedRaftLogWorker.java:execute(583)) - a70f16ba-8984-46f7-b3b4-4f3ee14adaae@group-9DF29E848DD6-SegmentedRaftLogWorker: created new log segment /github/workspace/mnt/ozone/hadoop-ozone/integration-test/target/test-dir/MiniOzoneClusterImpl-69c03e2e-129d-4290-ae39-1295d90fd6d6/datanode-9/data/ratis/dc8b9007-24cc-4e77-8d54-9df29e848dd6/current/log_inprogress_0
2020-05-18 03:07:58,837 [a70f16ba-8984-46f7-b3b4-4f3ee14adaae@group-9DF29E848DD6-LeaderElection17] INFO  impl.RaftServerImpl (ServerState.java:setRaftConf(356)) - a70f16ba-8984-46f7-b3b4-4f3ee14adaae@group-9DF29E848DD6: set configuration 0: [a70f16ba-8984-46f7-b3b4-4f3ee14adaae:172.17.0.2:41383], old=null at 0
2020-05-18 03:07:58,847 [grpc-default-executor-5] INFO  server.GrpcLogAppender (GrpcLogAppender.java:onCompleted(309)) - b3b39523-19fd-47b3-8de5-13395c27e2ba@group-4BD15A92D6B5->9cf338a1-6343-46cc-9d3e-d929198416a4-AppendLogResponseHandler: follower responses appendEntries COMPLETED
2020-05-18 03:07:58,849 [grpc-default-executor-2] INFO  impl.FollowerInfo (FollowerInfo.java:lambda$new$0(50)) - b3b39523-19fd-47b3-8de5-13395c27e2ba@group-4BD15A92D6B5->0dd71c3f-fb6d-4793-9543-61a077f69edf: nextIndex: updateUnconditionally 1 -> 0
2020-05-18 03:07:58,853 [grpc-default-executor-5] INFO  impl.FollowerInfo (FollowerInfo.java:lambda$new$0(50)) - b3b39523-19fd-47b3-8de5-13395c27e2ba@group-4BD15A92D6B5->9cf338a1-6343-46cc-9d3e-d929198416a4: nextIndex: updateUnconditionally 1 -> 0
2020-05-18 03:07:59,163 [Listener at 127.0.0.1/34573] INFO  ozone.MiniOzoneClusterImpl (MiniOzoneClusterImpl.java:getStorageContainerLocationClient(289)) - Creating StorageContainerLocationProtocol RPC client with address /0.0.0.0:40341
2020-05-18 03:07:59,181 [Listener at 127.0.0.1/34573] INFO  rpc.RpcClient (RpcClient.java:createVolume(308)) - Creating Volume: 8ebac238-8604-43a3-bd96-27231b860779, with jenkins1001 as owner.
2020-05-18 03:07:59,232 [IPC Server handler 10 on default port 34573] INFO  volume.OMVolumeCreateRequest (OMVolumeCreateRequest.java:validateAndUpdateCache(208)) - created volume:8ebac238-8604-43a3-bd96-27231b860779 for user:jenkins1001
2020-05-18 03:07:59,259 [Listener at 127.0.0.1/34573] INFO  rpc.RpcClient (RpcClient.java:createBucket(448)) - Creating Bucket: 8ebac238-8604-43a3-bd96-27231b860779/35132ae0-6754-4dc4-8458-cc7da9038ceb, with Versioning false and Storage Type set to DISK and Encryption set to false 
2020-05-18 03:07:59,362 [Listener at 127.0.0.1/34573] INFO  impl.MetricsSystemImpl (MetricsSystemImpl.java:init(158)) - XceiverClientMetrics metrics system started (again)
2020-05-18 03:08:01,490 [EventQueue-Delayed safe mode statusForReplicationManager] INFO  container.ReplicationManager (ReplicationManager.java:start(167)) - Starting Replication Monitor Thread.
2020-05-18 03:08:01,493 [ReplicationMonitor] INFO  container.ReplicationManager (ReplicationManager.java:run(230)) - Replication Monitor Thread took 2 milliseconds for processing 1 containers.
2020-05-18 03:08:01,493 [EventQueue-CloseContainerForCloseContainerEventHandler] INFO  container.CloseContainerEventHandler (CloseContainerEventHandler.java:onMessage(61)) - Close container Event triggered for container : #1
2020-05-18 03:08:02,615 [Command processor thread] ERROR commandhandler.CloseContainerCommandHandler (CloseContainerCommandHandler.java:handle(85)) - Container #1 does not exist in datanode. Container close failed.
2020-05-18 03:08:02,700 [Command processor thread] ERROR commandhandler.CloseContainerCommandHandler (CloseContainerCommandHandler.java:handle(85)) - Container #1 does not exist in datanode. Container close failed.
2020-05-18 03:08:03,248 [Thread-340] INFO  impl.FollowerState (FollowerState.java:run(108)) - 006e673b-7da9-4e17-8ccf-c494a3628f18@group-C38E4B309A7A-FollowerState: change to CANDIDATE, lastRpcTime:5039ms, electionTimeout:5022ms
2020-05-18 03:08:03,248 [Thread-340] INFO  impl.RoleInfo (RoleInfo.java:shutdownFollowerState(121)) - 006e673b-7da9-4e17-8ccf-c494a3628f18: shutdown FollowerState
2020-05-18 03:08:03,249 [Thread-340] INFO  impl.RaftServerImpl (RaftServerImpl.java:setRole(173)) - 006e673b-7da9-4e17-8ccf-c494a3628f18@group-C38E4B309A7A: changes role from  FOLLOWER to CANDIDATE at term 1 for changeToCandidate
2020-05-18 03:08:03,249 [Thread-340] INFO  impl.RoleInfo (RoleInfo.java:updateAndGet(143)) - 006e673b-7da9-4e17-8ccf-c494a3628f18: start LeaderElection
2020-05-18 03:08:03,250 [006e673b-7da9-4e17-8ccf-c494a3628f18@group-C38E4B309A7A-LeaderElection18] INFO  impl.LeaderElection (LeaderElection.java:askForVotes(206)) - 006e673b-7da9-4e17-8ccf-c494a3628f18@group-C38E4B309A7A-LeaderElection18: begin an election at term 2 for -1: [0a5b46e7-bf6e-4f0d-ad76-5a5d3a2876a0:172.17.0.2:33145, b81fc208-e0a0-4370-b6cf-4dc02a2f1cdf:172.17.0.2:37653, 006e673b-7da9-4e17-8ccf-c494a3628f18:172.17.0.2:46225], old=null
2020-05-18 03:08:03,268 [grpc-default-executor-5] INFO  impl.RaftServerImpl (RaftServerImpl.java:setRole(173)) - b81fc208-e0a0-4370-b6cf-4dc02a2f1cdf@group-C38E4B309A7A: changes role from  FOLLOWER to FOLLOWER at term 2 for recognizeCandidate:006e673b-7da9-4e17-8ccf-c494a3628f18
2020-05-18 03:08:03,268 [grpc-default-executor-5] INFO  impl.RoleInfo (RoleInfo.java:shutdownFollowerState(121)) - b81fc208-e0a0-4370-b6cf-4dc02a2f1cdf: shutdown FollowerState
2020-05-18 03:08:03,269 [grpc-default-executor-5] INFO  impl.RoleInfo (RoleInfo.java:updateAndGet(143)) - b81fc208-e0a0-4370-b6cf-4dc02a2f1cdf: start FollowerState
2020-05-18 03:08:03,269 [Thread-342] INFO  impl.FollowerState (FollowerState.java:run(117)) - b81fc208-e0a0-4370-b6cf-4dc02a2f1cdf@group-C38E4B309A7A-FollowerState was interrupted: java.lang.InterruptedException: sleep interrupted
2020-05-18 03:08:03,277 [grpc-default-executor-2] INFO  impl.RaftServerImpl (RaftServerImpl.java:setRole(173)) - 0a5b46e7-bf6e-4f0d-ad76-5a5d3a2876a0@group-C38E4B309A7A: changes role from  FOLLOWER to FOLLOWER at term 2 for recognizeCandidate:006e673b-7da9-4e17-8ccf-c494a3628f18
2020-05-18 03:08:03,277 [grpc-default-executor-2] INFO  impl.RoleInfo (RoleInfo.java:shutdownFollowerState(121)) - 0a5b46e7-bf6e-4f0d-ad76-5a5d3a2876a0: shutdown FollowerState
2020-05-18 03:08:03,277 [grpc-default-executor-2] INFO  impl.RoleInfo (RoleInfo.java:updateAndGet(143)) - 0a5b46e7-bf6e-4f0d-ad76-5a5d3a2876a0: start FollowerState
2020-05-18 03:08:03,278 [Thread-341] INFO  impl.FollowerState (FollowerState.java:run(117)) - 0a5b46e7-bf6e-4f0d-ad76-5a5d3a2876a0@group-C38E4B309A7A-FollowerState was interrupted: java.lang.InterruptedException: sleep interrupted
2020-05-18 03:08:03,282 [006e673b-7da9-4e17-8ccf-c494a3628f18@group-C38E4B309A7A-LeaderElection18] INFO  impl.LeaderElection (LeaderElection.java:logAndReturn(61)) - 006e673b-7da9-4e17-8ccf-c494a3628f18@group-C38E4B309A7A-LeaderElection18: Election PASSED; received 1 response(s) [006e673b-7da9-4e17-8ccf-c494a3628f18<-0a5b46e7-bf6e-4f0d-ad76-5a5d3a2876a0#0:OK-t2] and 0 exception(s); 006e673b-7da9-4e17-8ccf-c494a3628f18@group-C38E4B309A7A:t2, leader=null, voted=006e673b-7da9-4e17-8ccf-c494a3628f18, raftlog=006e673b-7da9-4e17-8ccf-c494a3628f18@group-C38E4B309A7A-SegmentedRaftLog:OPENED:c-1,f-1,i0, conf=-1: [0a5b46e7-bf6e-4f0d-ad76-5a5d3a2876a0:172.17.0.2:33145, b81fc208-e0a0-4370-b6cf-4dc02a2f1cdf:172.17.0.2:37653, 006e673b-7da9-4e17-8ccf-c494a3628f18:172.17.0.2:46225], old=null
2020-05-18 03:08:03,283 [006e673b-7da9-4e17-8ccf-c494a3628f18@group-C38E4B309A7A-LeaderElection18] INFO  impl.RoleInfo (RoleInfo.java:shutdownLeaderElection(134)) - 006e673b-7da9-4e17-8ccf-c494a3628f18: shutdown LeaderElection
2020-05-18 03:08:03,283 [006e673b-7da9-4e17-8ccf-c494a3628f18@group-C38E4B309A7A-LeaderElection18] INFO  impl.RaftServerImpl (RaftServerImpl.java:setRole(173)) - 006e673b-7da9-4e17-8ccf-c494a3628f18@group-C38E4B309A7A: changes role from CANDIDATE to LEADER at term 2 for changeToLeader
2020-05-18 03:08:03,283 [006e673b-7da9-4e17-8ccf-c494a3628f18@group-C38E4B309A7A-LeaderElection18] INFO  ratis.XceiverServerRatis (XceiverServerRatis.java:handleLeaderChangedNotification(762)) - Leader change notification received for group: group-C38E4B309A7A with new leaderId: 006e673b-7da9-4e17-8ccf-c494a3628f18
2020-05-18 03:08:03,283 [006e673b-7da9-4e17-8ccf-c494a3628f18@group-C38E4B309A7A-LeaderElection18] INFO  impl.RaftServerImpl (ServerState.java:setLeader(255)) - 006e673b-7da9-4e17-8ccf-c494a3628f18@group-C38E4B309A7A: change Leader from null to 006e673b-7da9-4e17-8ccf-c494a3628f18 at term 2 for becomeLeader, leader elected after 10398ms
2020-05-18 03:08:03,283 [006e673b-7da9-4e17-8ccf-c494a3628f18@group-C38E4B309A7A-LeaderElection18] INFO  server.RaftServerConfigKeys (ConfUtils.java:logGet(44)) - raft.server.staging.catchup.gap = 1000 (default)
2020-05-18 03:08:03,283 [006e673b-7da9-4e17-8ccf-c494a3628f18@group-C38E4B309A7A-LeaderElection18] INFO  server.RaftServerConfigKeys (ConfUtils.java:logGet(44)) - raft.server.rpc.sleep.time = 25ms (default)
2020-05-18 03:08:03,283 [006e673b-7da9-4e17-8ccf-c494a3628f18@group-C38E4B309A7A-LeaderElection18] INFO  metrics.RatisMetrics (RatisMetrics.java:lambda$create$0(39)) - Creating Metrics Registry : ratis.log_appender.006e673b-7da9-4e17-8ccf-c494a3628f18@group-C38E4B309A7A
2020-05-18 03:08:03,283 [006e673b-7da9-4e17-8ccf-c494a3628f18@group-C38E4B309A7A-LeaderElection18] INFO  server.RaftServerConfigKeys (ConfUtils.java:logGet(44)) - raft.server.write.element-limit = 1024 (custom)
2020-05-18 03:08:03,283 [006e673b-7da9-4e17-8ccf-c494a3628f18@group-C38E4B309A7A-LeaderElection18] INFO  server.RaftServerConfigKeys (ConfUtils.java:logGet(44)) - raft.server.write.byte-limit = 1073741824 (custom)
2020-05-18 03:08:03,284 [006e673b-7da9-4e17-8ccf-c494a3628f18@group-C38E4B309A7A-LeaderElection18] INFO  server.RaftServerConfigKeys (ConfUtils.java:logGet(44)) - raft.server.watch.timeout = 180s (custom)
2020-05-18 03:08:03,284 [006e673b-7da9-4e17-8ccf-c494a3628f18@group-C38E4B309A7A-LeaderElection18] INFO  server.RaftServerConfigKeys (ConfUtils.java:logGet(44)) - raft.server.watch.timeout.denomination = 1s (default)
2020-05-18 03:08:03,284 [006e673b-7da9-4e17-8ccf-c494a3628f18@group-C38E4B309A7A-LeaderElection18] INFO  server.RaftServerConfigKeys (ConfUtils.java:logGet(44)) - raft.server.watch.element-limit = 65536 (default)
2020-05-18 03:08:03,284 [006e673b-7da9-4e17-8ccf-c494a3628f18@group-C38E4B309A7A-LeaderElection18] INFO  server.RaftServerConfigKeys (ConfUtils.java:logGet(44)) - raft.server.log.appender.snapshot.chunk.size.max = 16MB (=16777216) (default)
2020-05-18 03:08:03,284 [006e673b-7da9-4e17-8ccf-c494a3628f18@group-C38E4B309A7A-LeaderElection18] INFO  server.RaftServerConfigKeys (ConfUtils.java:logGet(44)) - raft.server.log.appender.buffer.byte-limit = 33554432 (custom)
2020-05-18 03:08:03,284 [006e673b-7da9-4e17-8ccf-c494a3628f18@group-C38E4B309A7A-LeaderElection18] INFO  server.RaftServerConfigKeys (ConfUtils.java:logGet(44)) - raft.server.log.appender.buffer.element-limit = 1 (custom)
2020-05-18 03:08:03,284 [006e673b-7da9-4e17-8ccf-c494a3628f18@group-C38E4B309A7A-LeaderElection18] INFO  grpc.GrpcConfigKeys (ConfUtils.java:logGet(44)) - raft.grpc.server.leader.outstanding.appends.max = 128 (default)
2020-05-18 03:08:03,284 [006e673b-7da9-4e17-8ccf-c494a3628f18@group-C38E4B309A7A-LeaderElection18] INFO  server.RaftServerConfigKeys (ConfUtils.java:logGet(44)) - raft.server.rpc.request.timeout = 60s (custom)
2020-05-18 03:08:03,284 [006e673b-7da9-4e17-8ccf-c494a3628f18@group-C38E4B309A7A-LeaderElection18] INFO  server.RaftServerConfigKeys (ConfUtils.java:logGet(44)) - raft.server.log.appender.install.snapshot.enabled = false (custom)
2020-05-18 03:08:03,285 [006e673b-7da9-4e17-8ccf-c494a3628f18@group-C38E4B309A7A-LeaderElection18] INFO  server.RaftServerConfigKeys (ConfUtils.java:logGet(44)) - raft.server.log.appender.snapshot.chunk.size.max = 16MB (=16777216) (default)
2020-05-18 03:08:03,285 [006e673b-7da9-4e17-8ccf-c494a3628f18@group-C38E4B309A7A-LeaderElection18] INFO  server.RaftServerConfigKeys (ConfUtils.java:logGet(44)) - raft.server.log.appender.buffer.byte-limit = 33554432 (custom)
2020-05-18 03:08:03,285 [006e673b-7da9-4e17-8ccf-c494a3628f18@group-C38E4B309A7A-LeaderElection18] INFO  server.RaftServerConfigKeys (ConfUtils.java:logGet(44)) - raft.server.log.appender.buffer.element-limit = 1 (custom)
2020-05-18 03:08:03,286 [006e673b-7da9-4e17-8ccf-c494a3628f18@group-C38E4B309A7A-LeaderElection18] INFO  grpc.GrpcConfigKeys (ConfUtils.java:logGet(44)) - raft.grpc.server.leader.outstanding.appends.max = 128 (default)
2020-05-18 03:08:03,286 [006e673b-7da9-4e17-8ccf-c494a3628f18@group-C38E4B309A7A-LeaderElection18] INFO  server.RaftServerConfigKeys (ConfUtils.java:logGet(44)) - raft.server.rpc.request.timeout = 60s (custom)
2020-05-18 03:08:03,286 [006e673b-7da9-4e17-8ccf-c494a3628f18@group-C38E4B309A7A-LeaderElection18] INFO  server.RaftServerConfigKeys (ConfUtils.java:logGet(44)) - raft.server.log.appender.install.snapshot.enabled = false (custom)
2020-05-18 03:08:03,287 [EventQueue-PipelineReportForPipelineReportHandler] INFO  pipeline.PipelineStateManager (PipelineStateManager.java:openPipeline(131)) - Pipeline Pipeline[ Id: 09c61add-e684-4560-bd84-c38e4b309a7a, Nodes: b81fc208-e0a0-4370-b6cf-4dc02a2f1cdf{ip: 172.17.0.2, host: e6a1a4110770, networkLocation: /default-rack, certSerialId: null}006e673b-7da9-4e17-8ccf-c494a3628f18{ip: 172.17.0.2, host: e6a1a4110770, networkLocation: /default-rack, certSerialId: null}0a5b46e7-bf6e-4f0d-ad76-5a5d3a2876a0{ip: 172.17.0.2, host: e6a1a4110770, networkLocation: /default-rack, certSerialId: null}, Type:RATIS, Factor:THREE, State:ALLOCATED, leaderId:006e673b-7da9-4e17-8ccf-c494a3628f18, CreationTimestamp2020-05-18T03:07:49.891Z] moved to OPEN state
2020-05-18 03:08:03,288 [006e673b-7da9-4e17-8ccf-c494a3628f18@group-C38E4B309A7A-LeaderElection18] INFO  impl.RoleInfo (RoleInfo.java:updateAndGet(143)) - 006e673b-7da9-4e17-8ccf-c494a3628f18: start LeaderState
2020-05-18 03:08:03,289 [006e673b-7da9-4e17-8ccf-c494a3628f18@group-C38E4B309A7A-LeaderElection18] INFO  segmented.SegmentedRaftLogWorker (SegmentedRaftLogWorker.java:startLogSegment(391)) - 006e673b-7da9-4e17-8ccf-c494a3628f18@group-C38E4B309A7A-SegmentedRaftLogWorker: Starting segment from index:0
2020-05-18 03:08:03,292 [006e673b-7da9-4e17-8ccf-c494a3628f18@group-C38E4B309A7A-LeaderElection18] INFO  impl.RaftServerImpl (ServerState.java:setRaftConf(356)) - 006e673b-7da9-4e17-8ccf-c494a3628f18@group-C38E4B309A7A: set configuration 0: [0a5b46e7-bf6e-4f0d-ad76-5a5d3a2876a0:172.17.0.2:33145, b81fc208-e0a0-4370-b6cf-4dc02a2f1cdf:172.17.0.2:37653, 006e673b-7da9-4e17-8ccf-c494a3628f18:172.17.0.2:46225], old=null at 0
2020-05-18 03:08:03,292 [grpc-default-executor-5] INFO  ratis.XceiverServerRatis (XceiverServerRatis.java:handleLeaderChangedNotification(762)) - Leader change notification received for group: group-C38E4B309A7A with new leaderId: 006e673b-7da9-4e17-8ccf-c494a3628f18
2020-05-18 03:08:03,295 [grpc-default-executor-5] INFO  impl.RaftServerImpl (ServerState.java:setLeader(255)) - 0a5b46e7-bf6e-4f0d-ad76-5a5d3a2876a0@group-C38E4B309A7A: change Leader from null to 006e673b-7da9-4e17-8ccf-c494a3628f18 at term 2 for appendEntries, leader elected after 10412ms
2020-05-18 03:08:03,297 [006e673b-7da9-4e17-8ccf-c494a3628f18@group-C38E4B309A7A-SegmentedRaftLogWorker] INFO  segmented.SegmentedRaftLogWorker (SegmentedRaftLogWorker.java:execute(583)) - 006e673b-7da9-4e17-8ccf-c494a3628f18@group-C38E4B309A7A-SegmentedRaftLogWorker: created new log segment /github/workspace/mnt/ozone/hadoop-ozone/integration-test/target/test-dir/MiniOzoneClusterImpl-69c03e2e-129d-4290-ae39-1295d90fd6d6/datanode-0/data/ratis/09c61add-e684-4560-bd84-c38e4b309a7a/current/log_inprogress_0
2020-05-18 03:08:03,298 [grpc-default-executor-2] INFO  impl.RaftServerImpl (ServerState.java:setRaftConf(356)) - 0a5b46e7-bf6e-4f0d-ad76-5a5d3a2876a0@group-C38E4B309A7A: set configuration 0: [0a5b46e7-bf6e-4f0d-ad76-5a5d3a2876a0:172.17.0.2:33145, b81fc208-e0a0-4370-b6cf-4dc02a2f1cdf:172.17.0.2:37653, 006e673b-7da9-4e17-8ccf-c494a3628f18:172.17.0.2:46225], old=null at 0
2020-05-18 03:08:03,299 [grpc-default-executor-2] INFO  segmented.SegmentedRaftLogWorker (SegmentedRaftLogWorker.java:startLogSegment(391)) - 0a5b46e7-bf6e-4f0d-ad76-5a5d3a2876a0@group-C38E4B309A7A-SegmentedRaftLogWorker: Starting segment from index:0
2020-05-18 03:08:03,299 [grpc-default-executor-3] INFO  ratis.XceiverServerRatis (XceiverServerRatis.java:handleLeaderChangedNotification(762)) - Leader change notification received for group: group-C38E4B309A7A with new leaderId: 006e673b-7da9-4e17-8ccf-c494a3628f18
2020-05-18 03:08:03,299 [grpc-default-executor-3] INFO  impl.RaftServerImpl (ServerState.java:setLeader(255)) - b81fc208-e0a0-4370-b6cf-4dc02a2f1cdf@group-C38E4B309A7A: change Leader from null to 006e673b-7da9-4e17-8ccf-c494a3628f18 at term 2 for appendEntries, leader elected after 10345ms
2020-05-18 03:08:03,301 [grpc-default-executor-3] INFO  impl.RaftServerImpl (ServerState.java:setRaftConf(356)) - b81fc208-e0a0-4370-b6cf-4dc02a2f1cdf@group-C38E4B309A7A: set configuration 0: [0a5b46e7-bf6e-4f0d-ad76-5a5d3a2876a0:172.17.0.2:33145, b81fc208-e0a0-4370-b6cf-4dc02a2f1cdf:172.17.0.2:37653, 006e673b-7da9-4e17-8ccf-c494a3628f18:172.17.0.2:46225], old=null at 0
2020-05-18 03:08:03,301 [grpc-default-executor-3] INFO  segmented.SegmentedRaftLogWorker (SegmentedRaftLogWorker.java:startLogSegment(391)) - b81fc208-e0a0-4370-b6cf-4dc02a2f1cdf@group-C38E4B309A7A-SegmentedRaftLogWorker: Starting segment from index:0
2020-05-18 03:08:03,303 [0a5b46e7-bf6e-4f0d-ad76-5a5d3a2876a0@group-C38E4B309A7A-SegmentedRaftLogWorker] INFO  segmented.SegmentedRaftLogWorker (SegmentedRaftLogWorker.java:execute(583)) - 0a5b46e7-bf6e-4f0d-ad76-5a5d3a2876a0@group-C38E4B309A7A-SegmentedRaftLogWorker: created new log segment /github/workspace/mnt/ozone/hadoop-ozone/integration-test/target/test-dir/MiniOzoneClusterImpl-69c03e2e-129d-4290-ae39-1295d90fd6d6/datanode-1/data/ratis/09c61add-e684-4560-bd84-c38e4b309a7a/current/log_inprogress_0
2020-05-18 03:08:03,304 [b81fc208-e0a0-4370-b6cf-4dc02a2f1cdf@group-C38E4B309A7A-SegmentedRaftLogWorker] INFO  segmented.SegmentedRaftLogWorker (SegmentedRaftLogWorker.java:execute(583)) - b81fc208-e0a0-4370-b6cf-4dc02a2f1cdf@group-C38E4B309A7A-SegmentedRaftLogWorker: created new log segment /github/workspace/mnt/ozone/hadoop-ozone/integration-test/target/test-dir/MiniOzoneClusterImpl-69c03e2e-129d-4290-ae39-1295d90fd6d6/datanode-2/data/ratis/09c61add-e684-4560-bd84-c38e4b309a7a/current/log_inprogress_0
2020-05-18 03:08:03,618 [Command processor thread] ERROR commandhandler.CloseContainerCommandHandler (CloseContainerCommandHandler.java:handle(85)) - Container #1 does not exist in datanode. Container close failed.
2020-05-18 03:08:03,799 [Thread-375] INFO  impl.FollowerState (FollowerState.java:run(108)) - 9cf338a1-6343-46cc-9d3e-d929198416a4@group-4BD15A92D6B5-FollowerState: change to CANDIDATE, lastRpcTime:5119ms, electionTimeout:5099ms
2020-05-18 03:08:03,799 [Thread-375] INFO  impl.RoleInfo (RoleInfo.java:shutdownFollowerState(121)) - 9cf338a1-6343-46cc-9d3e-d929198416a4: shutdown FollowerState
2020-05-18 03:08:03,799 [Thread-375] INFO  impl.RaftServerImpl (RaftServerImpl.java:setRole(173)) - 9cf338a1-6343-46cc-9d3e-d929198416a4@group-4BD15A92D6B5: changes role from  FOLLOWER to CANDIDATE at term 2 for changeToCandidate
2020-05-18 03:08:03,799 [Thread-375] INFO  impl.RoleInfo (RoleInfo.java:updateAndGet(143)) - 9cf338a1-6343-46cc-9d3e-d929198416a4: start LeaderElection
2020-05-18 03:08:03,801 [9cf338a1-6343-46cc-9d3e-d929198416a4@group-4BD15A92D6B5-LeaderElection19] INFO  impl.LeaderElection (LeaderElection.java:askForVotes(206)) - 9cf338a1-6343-46cc-9d3e-d929198416a4@group-4BD15A92D6B5-LeaderElection19: begin an election at term 3 for -1: [0dd71c3f-fb6d-4793-9543-61a077f69edf:172.17.0.2:38681, 9cf338a1-6343-46cc-9d3e-d929198416a4:172.17.0.2:35497, b3b39523-19fd-47b3-8de5-13395c27e2ba:172.17.0.2:36197], old=null
2020-05-18 03:08:03,806 [grpc-default-executor-3] INFO  impl.RaftServerImpl (RaftServerImpl.java:setRole(173)) - 0dd71c3f-fb6d-4793-9543-61a077f69edf@group-4BD15A92D6B5: changes role from  FOLLOWER to FOLLOWER at term 3 for recognizeCandidate:9cf338a1-6343-46cc-9d3e-d929198416a4
2020-05-18 03:08:03,806 [grpc-default-executor-3] INFO  impl.RoleInfo (RoleInfo.java:shutdownFollowerState(121)) - 0dd71c3f-fb6d-4793-9543-61a077f69edf: shutdown FollowerState
2020-05-18 03:08:03,809 [grpc-default-executor-3] INFO  impl.RoleInfo (RoleInfo.java:updateAndGet(143)) - 0dd71c3f-fb6d-4793-9543-61a077f69edf: start FollowerState
2020-05-18 03:08:03,809 [Thread-381] INFO  impl.FollowerState (FollowerState.java:run(117)) - 0dd71c3f-fb6d-4793-9543-61a077f69edf@group-4BD15A92D6B5-FollowerState was interrupted: java.lang.InterruptedException: sleep interrupted
2020-05-18 03:08:03,811 [grpc-default-executor-2] INFO  impl.RaftServerImpl (RaftServerImpl.java:setRole(173)) - b3b39523-19fd-47b3-8de5-13395c27e2ba@group-4BD15A92D6B5: changes role from  FOLLOWER to FOLLOWER at term 3 for recognizeCandidate:9cf338a1-6343-46cc-9d3e-d929198416a4
2020-05-18 03:08:03,811 [grpc-default-executor-2] INFO  impl.RoleInfo (RoleInfo.java:shutdownFollowerState(121)) - b3b39523-19fd-47b3-8de5-13395c27e2ba: shutdown FollowerState
2020-05-18 03:08:03,812 [grpc-default-executor-2] INFO  impl.RoleInfo (RoleInfo.java:updateAndGet(143)) - b3b39523-19fd-47b3-8de5-13395c27e2ba: start FollowerState
2020-05-18 03:08:03,813 [Thread-383] INFO  impl.FollowerState (FollowerState.java:run(117)) - b3b39523-19fd-47b3-8de5-13395c27e2ba@group-4BD15A92D6B5-FollowerState was interrupted: java.lang.InterruptedException: sleep interrupted
2020-05-18 03:08:03,817 [9cf338a1-6343-46cc-9d3e-d929198416a4@group-4BD15A92D6B5-LeaderElection19] INFO  impl.LeaderElection (LeaderElection.java:logAndReturn(61)) - 9cf338a1-6343-46cc-9d3e-d929198416a4@group-4BD15A92D6B5-LeaderElection19: Election PASSED; received 1 response(s) [9cf338a1-6343-46cc-9d3e-d929198416a4<-0dd71c3f-fb6d-4793-9543-61a077f69edf#0:OK-t3] and 0 exception(s); 9cf338a1-6343-46cc-9d3e-d929198416a4@group-4BD15A92D6B5:t3, leader=null, voted=9cf338a1-6343-46cc-9d3e-d929198416a4, raftlog=9cf338a1-6343-46cc-9d3e-d929198416a4@group-4BD15A92D6B5-SegmentedRaftLog:OPENED:c-1,f-1,i0, conf=-1: [0dd71c3f-fb6d-4793-9543-61a077f69edf:172.17.0.2:38681, 9cf338a1-6343-46cc-9d3e-d929198416a4:172.17.0.2:35497, b3b39523-19fd-47b3-8de5-13395c27e2ba:172.17.0.2:36197], old=null
2020-05-18 03:08:03,817 [9cf338a1-6343-46cc-9d3e-d929198416a4@group-4BD15A92D6B5-LeaderElection19] INFO  impl.RoleInfo (RoleInfo.java:shutdownLeaderElection(134)) - 9cf338a1-6343-46cc-9d3e-d929198416a4: shutdown LeaderElection
2020-05-18 03:08:03,817 [9cf338a1-6343-46cc-9d3e-d929198416a4@group-4BD15A92D6B5-LeaderElection19] INFO  impl.RaftServerImpl (RaftServerImpl.java:setRole(173)) - 9cf338a1-6343-46cc-9d3e-d929198416a4@group-4BD15A92D6B5: changes role from CANDIDATE to LEADER at term 3 for changeToLeader
2020-05-18 03:08:03,817 [9cf338a1-6343-46cc-9d3e-d929198416a4@group-4BD15A92D6B5-LeaderElection19] INFO  ratis.XceiverServerRatis (XceiverServerRatis.java:handleLeaderChangedNotification(762)) - Leader change notification received for group: group-4BD15A92D6B5 with new leaderId: 9cf338a1-6343-46cc-9d3e-d929198416a4
2020-05-18 03:08:03,817 [9cf338a1-6343-46cc-9d3e-d929198416a4@group-4BD15A92D6B5-LeaderElection19] INFO  impl.RaftServerImpl (ServerState.java:setLeader(255)) - 9cf338a1-6343-46cc-9d3e-d929198416a4@group-4BD15A92D6B5: change Leader from null to 9cf338a1-6343-46cc-9d3e-d929198416a4 at term 3 for becomeLeader, leader elected after 10374ms
2020-05-18 03:08:03,817 [9cf338a1-6343-46cc-9d3e-d929198416a4@group-4BD15A92D6B5-LeaderElection19] INFO  server.RaftServerConfigKeys (ConfUtils.java:logGet(44)) - raft.server.staging.catchup.gap = 1000 (default)
2020-05-18 03:08:03,817 [9cf338a1-6343-46cc-9d3e-d929198416a4@group-4BD15A92D6B5-LeaderElection19] INFO  server.RaftServerConfigKeys (ConfUtils.java:logGet(44)) - raft.server.rpc.sleep.time = 25ms (default)
2020-05-18 03:08:03,818 [9cf338a1-6343-46cc-9d3e-d929198416a4@group-4BD15A92D6B5-LeaderElection19] INFO  metrics.RatisMetrics (RatisMetrics.java:lambda$create$0(39)) - Creating Metrics Registry : ratis.log_appender.9cf338a1-6343-46cc-9d3e-d929198416a4@group-4BD15A92D6B5
2020-05-18 03:08:03,818 [9cf338a1-6343-46cc-9d3e-d929198416a4@group-4BD15A92D6B5-LeaderElection19] INFO  server.RaftServerConfigKeys (ConfUtils.java:logGet(44)) - raft.server.write.element-limit = 1024 (custom)
2020-05-18 03:08:03,818 [9cf338a1-6343-46cc-9d3e-d929198416a4@group-4BD15A92D6B5-LeaderElection19] INFO  server.RaftServerConfigKeys (ConfUtils.java:logGet(44)) - raft.server.write.byte-limit = 1073741824 (custom)
2020-05-18 03:08:03,818 [9cf338a1-6343-46cc-9d3e-d929198416a4@group-4BD15A92D6B5-LeaderElection19] INFO  server.RaftServerConfigKeys (ConfUtils.java:logGet(44)) - raft.server.watch.timeout = 180s (custom)
2020-05-18 03:08:03,818 [9cf338a1-6343-46cc-9d3e-d929198416a4@group-4BD15A92D6B5-LeaderElection19] INFO  server.RaftServerConfigKeys (ConfUtils.java:logGet(44)) - raft.server.watch.timeout.denomination = 1s (default)
2020-05-18 03:08:03,818 [9cf338a1-6343-46cc-9d3e-d929198416a4@group-4BD15A92D6B5-LeaderElection19] INFO  server.RaftServerConfigKeys (ConfUtils.java:logGet(44)) - raft.server.watch.element-limit = 65536 (default)
2020-05-18 03:08:03,818 [9cf338a1-6343-46cc-9d3e-d929198416a4@group-4BD15A92D6B5-LeaderElection19] INFO  server.RaftServerConfigKeys (ConfUtils.java:logGet(44)) - raft.server.log.appender.snapshot.chunk.size.max = 16MB (=16777216) (default)
2020-05-18 03:08:03,818 [9cf338a1-6343-46cc-9d3e-d929198416a4@group-4BD15A92D6B5-LeaderElection19] INFO  server.RaftServerConfigKeys (ConfUtils.java:logGet(44)) - raft.server.log.appender.buffer.byte-limit = 33554432 (custom)
2020-05-18 03:08:03,819 [9cf338a1-6343-46cc-9d3e-d929198416a4@group-4BD15A92D6B5-LeaderElection19] INFO  server.RaftServerConfigKeys (ConfUtils.java:logGet(44)) - raft.server.log.appender.buffer.element-limit = 1 (custom)
2020-05-18 03:08:03,819 [9cf338a1-6343-46cc-9d3e-d929198416a4@group-4BD15A92D6B5-LeaderElection19] INFO  grpc.GrpcConfigKeys (ConfUtils.java:logGet(44)) - raft.grpc.server.leader.outstanding.appends.max = 128 (default)
2020-05-18 03:08:03,819 [9cf338a1-6343-46cc-9d3e-d929198416a4@group-4BD15A92D6B5-LeaderElection19] INFO  server.RaftServerConfigKeys (ConfUtils.java:logGet(44)) - raft.server.rpc.request.timeout = 60s (custom)
2020-05-18 03:08:03,819 [9cf338a1-6343-46cc-9d3e-d929198416a4@group-4BD15A92D6B5-LeaderElection19] INFO  server.RaftServerConfigKeys (ConfUtils.java:logGet(44)) - raft.server.log.appender.install.snapshot.enabled = false (custom)
2020-05-18 03:08:03,820 [9cf338a1-6343-46cc-9d3e-d929198416a4@group-4BD15A92D6B5-LeaderElection19] INFO  server.RaftServerConfigKeys (ConfUtils.java:logGet(44)) - raft.server.log.appender.snapshot.chunk.size.max = 16MB (=16777216) (default)
2020-05-18 03:08:03,821 [9cf338a1-6343-46cc-9d3e-d929198416a4@group-4BD15A92D6B5-LeaderElection19] INFO  server.RaftServerConfigKeys (ConfUtils.java:logGet(44)) - raft.server.log.appender.buffer.byte-limit = 33554432 (custom)
2020-05-18 03:08:03,821 [9cf338a1-6343-46cc-9d3e-d929198416a4@group-4BD15A92D6B5-LeaderElection19] INFO  server.RaftServerConfigKeys (ConfUtils.java:logGet(44)) - raft.server.log.appender.buffer.element-limit = 1 (custom)
2020-05-18 03:08:03,825 [9cf338a1-6343-46cc-9d3e-d929198416a4@group-4BD15A92D6B5-LeaderElection19] INFO  grpc.GrpcConfigKeys (ConfUtils.java:logGet(44)) - raft.grpc.server.leader.outstanding.appends.max = 128 (default)
2020-05-18 03:08:03,825 [9cf338a1-6343-46cc-9d3e-d929198416a4@group-4BD15A92D6B5-LeaderElection19] INFO  server.RaftServerConfigKeys (ConfUtils.java:logGet(44)) - raft.server.rpc.request.timeout = 60s (custom)
2020-05-18 03:08:03,825 [9cf338a1-6343-46cc-9d3e-d929198416a4@group-4BD15A92D6B5-LeaderElection19] INFO  server.RaftServerConfigKeys (ConfUtils.java:logGet(44)) - raft.server.log.appender.install.snapshot.enabled = false (custom)
2020-05-18 03:08:03,826 [9cf338a1-6343-46cc-9d3e-d929198416a4@group-4BD15A92D6B5-LeaderElection19] INFO  impl.RoleInfo (RoleInfo.java:updateAndGet(143)) - 9cf338a1-6343-46cc-9d3e-d929198416a4: start LeaderState
2020-05-18 03:08:03,826 [9cf338a1-6343-46cc-9d3e-d929198416a4@group-4BD15A92D6B5-LeaderElection19] INFO  segmented.SegmentedRaftLogWorker (SegmentedRaftLogWorker.java:startLogSegment(391)) - 9cf338a1-6343-46cc-9d3e-d929198416a4@group-4BD15A92D6B5-SegmentedRaftLogWorker: Starting segment from index:0
2020-05-18 03:08:03,828 [9cf338a1-6343-46cc-9d3e-d929198416a4@group-4BD15A92D6B5-SegmentedRaftLogWorker] INFO  segmented.SegmentedRaftLogWorker (SegmentedRaftLogWorker.java:execute(583)) - 9cf338a1-6343-46cc-9d3e-d929198416a4@group-4BD15A92D6B5-SegmentedRaftLogWorker: created new log segment /github/workspace/mnt/ozone/hadoop-ozone/integration-test/target/test-dir/MiniOzoneClusterImpl-69c03e2e-129d-4290-ae39-1295d90fd6d6/datanode-6/data/ratis/592d826d-28fd-469f-9ddb-4bd15a92d6b5/current/log_inprogress_0
2020-05-18 03:08:03,841 [9cf338a1-6343-46cc-9d3e-d929198416a4@group-4BD15A92D6B5-LeaderElection19] INFO  impl.RaftServerImpl (ServerState.java:setRaftConf(356)) - 9cf338a1-6343-46cc-9d3e-d929198416a4@group-4BD15A92D6B5: set configuration 0: [0dd71c3f-fb6d-4793-9543-61a077f69edf:172.17.0.2:38681, 9cf338a1-6343-46cc-9d3e-d929198416a4:172.17.0.2:35497, b3b39523-19fd-47b3-8de5-13395c27e2ba:172.17.0.2:36197], old=null at 0
2020-05-18 03:08:03,840 [grpc-default-executor-3] INFO  ratis.XceiverServerRatis (XceiverServerRatis.java:handleLeaderChangedNotification(762)) - Leader change notification received for group: group-4BD15A92D6B5 with new leaderId: 9cf338a1-6343-46cc-9d3e-d929198416a4
2020-05-18 03:08:03,843 [grpc-default-executor-3] INFO  impl.RaftServerImpl (ServerState.java:setLeader(255)) - 0dd71c3f-fb6d-4793-9543-61a077f69edf@group-4BD15A92D6B5: change Leader from null to 9cf338a1-6343-46cc-9d3e-d929198416a4 at term 3 for appendEntries, leader elected after 10147ms
2020-05-18 03:08:03,844 [grpc-default-executor-3] INFO  impl.RaftServerImpl (ServerState.java:setRaftConf(356)) - 0dd71c3f-fb6d-4793-9543-61a077f69edf@group-4BD15A92D6B5: set configuration 0: [0dd71c3f-fb6d-4793-9543-61a077f69edf:172.17.0.2:38681, 9cf338a1-6343-46cc-9d3e-d929198416a4:172.17.0.2:35497, b3b39523-19fd-47b3-8de5-13395c27e2ba:172.17.0.2:36197], old=null at 0
2020-05-18 03:08:03,844 [grpc-default-executor-3] INFO  segmented.SegmentedRaftLogWorker (SegmentedRaftLogWorker.java:startLogSegment(391)) - 0dd71c3f-fb6d-4793-9543-61a077f69edf@group-4BD15A92D6B5-SegmentedRaftLogWorker: Starting segment from index:0
2020-05-18 03:08:03,860 [0dd71c3f-fb6d-4793-9543-61a077f69edf@group-4BD15A92D6B5-SegmentedRaftLogWorker] INFO  segmented.SegmentedRaftLogWorker (SegmentedRaftLogWorker.java:execute(583)) - 0dd71c3f-fb6d-4793-9543-61a077f69edf@group-4BD15A92D6B5-SegmentedRaftLogWorker: created new log segment /github/workspace/mnt/ozone/hadoop-ozone/integration-test/target/test-dir/MiniOzoneClusterImpl-69c03e2e-129d-4290-ae39-1295d90fd6d6/datanode-8/data/ratis/592d826d-28fd-469f-9ddb-4bd15a92d6b5/current/log_inprogress_0
2020-05-18 03:08:03,862 [grpc-default-executor-3] INFO  ratis.XceiverServerRatis (XceiverServerRatis.java:handleLeaderChangedNotification(762)) - Leader change notification received for group: group-4BD15A92D6B5 with new leaderId: 9cf338a1-6343-46cc-9d3e-d929198416a4
2020-05-18 03:08:03,862 [grpc-default-executor-3] INFO  impl.RaftServerImpl (ServerState.java:setLeader(255)) - b3b39523-19fd-47b3-8de5-13395c27e2ba@group-4BD15A92D6B5: change Leader from null to 9cf338a1-6343-46cc-9d3e-d929198416a4 at term 3 for appendEntries, leader elected after 5095ms
2020-05-18 03:08:03,870 [grpc-default-executor-3] INFO  impl.RaftServerImpl (ServerState.java:setRaftConf(356)) - b3b39523-19fd-47b3-8de5-13395c27e2ba@group-4BD15A92D6B5: set configuration 0: [0dd71c3f-fb6d-4793-9543-61a077f69edf:172.17.0.2:38681, 9cf338a1-6343-46cc-9d3e-d929198416a4:172.17.0.2:35497, b3b39523-19fd-47b3-8de5-13395c27e2ba:172.17.0.2:36197], old=null at 0
2020-05-18 03:08:03,873 [grpc-default-executor-3] INFO  segmented.SegmentedRaftLogWorker (SegmentedRaftLogWorker.java:truncate(407)) - b3b39523-19fd-47b3-8de5-13395c27e2ba@group-4BD15A92D6B5-SegmentedRaftLogWorker: Truncating segments toTruncate: null
  toDelete: [(0, 0) isOpen? true, length=0, newEndIndex=-1], start index 0
2020-05-18 03:08:03,873 [grpc-default-executor-3] INFO  segmented.SegmentedRaftLogWorker (SegmentedRaftLogWorker.java:startLogSegment(391)) - b3b39523-19fd-47b3-8de5-13395c27e2ba@group-4BD15A92D6B5-SegmentedRaftLogWorker: Starting segment from index:0
2020-05-18 03:08:03,874 [b3b39523-19fd-47b3-8de5-13395c27e2ba@group-4BD15A92D6B5-SegmentedRaftLogWorker] INFO  segmented.SegmentedRaftLogWorker (SegmentedRaftLogWorker.java:execute(650)) - b3b39523-19fd-47b3-8de5-13395c27e2ba@group-4BD15A92D6B5-SegmentedRaftLogWorker: Deleted log file /github/workspace/mnt/ozone/hadoop-ozone/integration-test/target/test-dir/MiniOzoneClusterImpl-69c03e2e-129d-4290-ae39-1295d90fd6d6/datanode-7/data/ratis/592d826d-28fd-469f-9ddb-4bd15a92d6b5/current/log_inprogress_0
2020-05-18 03:08:03,875 [b3b39523-19fd-47b3-8de5-13395c27e2ba@group-4BD15A92D6B5-SegmentedRaftLogWorker] INFO  segmented.SegmentedRaftLogWorker (SegmentedRaftLogWorker.java:lambda$new$0(129)) - b3b39523-19fd-47b3-8de5-13395c27e2ba@group-4BD15A92D6B5-SegmentedRaftLogWorker: flushIndex: setUnconditionally 0 -> -1
2020-05-18 03:08:03,876 [b3b39523-19fd-47b3-8de5-13395c27e2ba@group-4BD15A92D6B5-SegmentedRaftLogWorker] INFO  segmented.SegmentedRaftLogWorker (SegmentedRaftLogWorker.java:execute(583)) - b3b39523-19fd-47b3-8de5-13395c27e2ba@group-4BD15A92D6B5-SegmentedRaftLogWorker: created new log segment /github/workspace/mnt/ozone/hadoop-ozone/integration-test/target/test-dir/MiniOzoneClusterImpl-69c03e2e-129d-4290-ae39-1295d90fd6d6/datanode-7/data/ratis/592d826d-28fd-469f-9ddb-4bd15a92d6b5/current/log_inprogress_0
2020-05-18 03:08:05,758 [Datanode State Machine Thread - 0] INFO  statemachine.DatanodeStateMachine (DatanodeStateMachine.java:lambda$startDaemon$0(376)) - Ozone container server started.
2020-05-18 03:08:09,894 [Listener at 127.0.0.1/34573] INFO  ozoneimpl.OzoneContainer (OzoneContainer.java:stop(246)) - Attempting to stop container services.
2020-05-18 03:08:09,895 [Listener at 127.0.0.1/34573] INFO  impl.RaftServerProxy (RaftServerProxy.java:lambda$close$4(314)) - 9cf338a1-6343-46cc-9d3e-d929198416a4: close
2020-05-18 03:08:09,896 [Listener at 127.0.0.1/34573] INFO  impl.RaftServerImpl (RaftServerImpl.java:lambda$shutdown$3(250)) - 9cf338a1-6343-46cc-9d3e-d929198416a4@group-A36E7E6AF914: shutdown
2020-05-18 03:08:09,896 [Listener at 127.0.0.1/34573] INFO  util.JmxRegister (JmxRegister.java:unregister(73)) - Successfully un-registered JMX Bean with object name Ratis:service=RaftServer,group=group-A36E7E6AF914,id=9cf338a1-6343-46cc-9d3e-d929198416a4
2020-05-18 03:08:09,896 [Listener at 127.0.0.1/34573] INFO  impl.RoleInfo (RoleInfo.java:shutdownLeaderState(104)) - 9cf338a1-6343-46cc-9d3e-d929198416a4: shutdown LeaderState
2020-05-18 03:08:09,896 [Listener at 127.0.0.1/34573] INFO  impl.PendingRequests (PendingRequests.java:sendNotLeaderResponses(242)) - 9cf338a1-6343-46cc-9d3e-d929198416a4@group-A36E7E6AF914-PendingRequests: sendNotLeaderResponses
2020-05-18 03:08:09,897 [Listener at 127.0.0.1/34573] INFO  metrics.RatisMetrics (RatisMetrics.java:unregister(46)) - Unregistering Metrics Registry : ratis.log_appender.9cf338a1-6343-46cc-9d3e-d929198416a4@group-A36E7E6AF914
2020-05-18 03:08:09,897 [Listener at 127.0.0.1/34573] INFO  impl.StateMachineUpdater (StateMachineUpdater.java:stopAndJoin(142)) - 9cf338a1-6343-46cc-9d3e-d929198416a4@group-A36E7E6AF914-StateMachineUpdater: set stopIndex = 0
2020-05-18 03:08:09,897 [9cf338a1-6343-46cc-9d3e-d929198416a4@group-A36E7E6AF914-StateMachineUpdater] INFO  ratis.ContainerStateMachine (ContainerStateMachine.java:takeSnapshot(288)) - group-A36E7E6AF914: Taking a snapshot at:(t:1, i:0) file /github/workspace/mnt/ozone/hadoop-ozone/integration-test/target/test-dir/MiniOzoneClusterImpl-69c03e2e-129d-4290-ae39-1295d90fd6d6/datanode-6/data/ratis/053ad6a7-c5c4-42a1-8522-a36e7e6af914/sm/snapshot.1_0
2020-05-18 03:08:09,907 [9cf338a1-6343-46cc-9d3e-d929198416a4@group-A36E7E6AF914-StateMachineUpdater] INFO  ratis.ContainerStateMachine (ContainerStateMachine.java:takeSnapshot(299)) - group-A36E7E6AF914: Finished taking a snapshot at:(t:1, i:0) file:/github/workspace/mnt/ozone/hadoop-ozone/integration-test/target/test-dir/MiniOzoneClusterImpl-69c03e2e-129d-4290-ae39-1295d90fd6d6/datanode-6/data/ratis/053ad6a7-c5c4-42a1-8522-a36e7e6af914/sm/snapshot.1_0 time:9
2020-05-18 03:08:09,908 [9cf338a1-6343-46cc-9d3e-d929198416a4@group-A36E7E6AF914-StateMachineUpdater] INFO  impl.StateMachineUpdater (StateMachineUpdater.java:takeSnapshot(277)) - 9cf338a1-6343-46cc-9d3e-d929198416a4@group-A36E7E6AF914-StateMachineUpdater: Took a snapshot at index 0
2020-05-18 03:08:09,909 [9cf338a1-6343-46cc-9d3e-d929198416a4@group-A36E7E6AF914-StateMachineUpdater] INFO  impl.StateMachineUpdater (StateMachineUpdater.java:lambda$new$0(87)) - 9cf338a1-6343-46cc-9d3e-d929198416a4@group-A36E7E6AF914-StateMachineUpdater: snapshotIndex: updateIncreasingly -1 -> 0
2020-05-18 03:08:09,911 [9cf338a1-6343-46cc-9d3e-d929198416a4@group-A36E7E6AF914-StateMachineUpdater] INFO  metrics.RatisMetrics (RatisMetrics.java:unregister(46)) - Unregistering Metrics Registry : ratis.state_machine.9cf338a1-6343-46cc-9d3e-d929198416a4@group-A36E7E6AF914
2020-05-18 03:08:09,911 [Listener at 127.0.0.1/34573] INFO  impl.RaftServerImpl (ServerState.java:close(387)) - 9cf338a1-6343-46cc-9d3e-d929198416a4@group-A36E7E6AF914: closes. applyIndex: 0
2020-05-18 03:08:09,912 [9cf338a1-6343-46cc-9d3e-d929198416a4@group-A36E7E6AF914-SegmentedRaftLogWorker] INFO  segmented.SegmentedRaftLogWorker (SegmentedRaftLogWorker.java:run(321)) - 9cf338a1-6343-46cc-9d3e-d929198416a4@group-A36E7E6AF914-SegmentedRaftLogWorker was interrupted, exiting. There are 0 tasks remaining in the queue.
2020-05-18 03:08:09,913 [Listener at 127.0.0.1/34573] INFO  segmented.SegmentedRaftLogWorker (SegmentedRaftLogWorker.java:close(229)) - 9cf338a1-6343-46cc-9d3e-d929198416a4@group-A36E7E6AF914-SegmentedRaftLogWorker close()
2020-05-18 03:08:09,914 [Listener at 127.0.0.1/34573] INFO  metrics.RatisMetrics (RatisMetrics.java:unregister(46)) - Unregistering Metrics Registry : ratis.log_worker.9cf338a1-6343-46cc-9d3e-d929198416a4
2020-05-18 03:08:09,914 [Listener at 127.0.0.1/34573] INFO  metrics.RatisMetrics (RatisMetrics.java:unregister(46)) - Unregistering Metrics Registry : ratis.leader_election.9cf338a1-6343-46cc-9d3e-d929198416a4@group-A36E7E6AF914
2020-05-18 03:08:09,915 [Listener at 127.0.0.1/34573] INFO  metrics.RatisMetrics (RatisMetrics.java:unregister(46)) - Unregistering Metrics Registry : ratis.server.9cf338a1-6343-46cc-9d3e-d929198416a4@group-A36E7E6AF914
2020-05-18 03:08:09,915 [Listener at 127.0.0.1/34573] INFO  impl.RaftServerImpl (RaftServerImpl.java:lambda$shutdown$3(250)) - 9cf338a1-6343-46cc-9d3e-d929198416a4@group-4BD15A92D6B5: shutdown
2020-05-18 03:08:09,915 [Listener at 127.0.0.1/34573] INFO  util.JmxRegister (JmxRegister.java:unregister(73)) - Successfully un-registered JMX Bean with object name Ratis:service=RaftServer,group=group-4BD15A92D6B5,id=9cf338a1-6343-46cc-9d3e-d929198416a4
2020-05-18 03:08:09,915 [Listener at 127.0.0.1/34573] INFO  impl.RoleInfo (RoleInfo.java:shutdownLeaderState(104)) - 9cf338a1-6343-46cc-9d3e-d929198416a4: shutdown LeaderState
2020-05-18 03:08:09,916 [org.apache.ratis.server.impl.LogAppender$AppenderDaemon$$Lambda$470/112197625@7e8792a6] WARN  server.GrpcLogAppender (GrpcLogAppender.java:mayWait(153)) - 9cf338a1-6343-46cc-9d3e-d929198416a4@group-4BD15A92D6B5->0dd71c3f-fb6d-4793-9543-61a077f69edf-GrpcLogAppender: Wait interrupted by java.lang.InterruptedException
2020-05-18 03:08:09,918 [Listener at 127.0.0.1/34573] INFO  impl.PendingRequests (PendingRequests.java:sendNotLeaderResponses(242)) - 9cf338a1-6343-46cc-9d3e-d929198416a4@group-4BD15A92D6B5-PendingRequests: sendNotLeaderResponses
2020-05-18 03:08:09,918 [org.apache.ratis.server.impl.LogAppender$AppenderDaemon$$Lambda$470/112197625@5ef32789] WARN  server.GrpcLogAppender (GrpcLogAppender.java:mayWait(153)) - 9cf338a1-6343-46cc-9d3e-d929198416a4@group-4BD15A92D6B5->b3b39523-19fd-47b3-8de5-13395c27e2ba-GrpcLogAppender: Wait interrupted by java.lang.InterruptedException
2020-05-18 03:08:09,918 [grpc-default-executor-5] INFO  server.GrpcServerProtocolService (GrpcServerProtocolService.java:onCompleted(137)) - 0dd71c3f-fb6d-4793-9543-61a077f69edf: Completed APPEND_ENTRIES, lastRequest: 9cf338a1-6343-46cc-9d3e-d929198416a4->0dd71c3f-fb6d-4793-9543-61a077f69edf#5-t3, previous=(t:3, i:3), leaderCommit=2, initializing? false, entries: size=1, first=(t:3, i:4), METADATAENTRY(c:2)
2020-05-18 03:08:09,919 [grpc-default-executor-2] INFO  server.GrpcServerProtocolService (GrpcServerProtocolService.java:onCompleted(137)) - b3b39523-19fd-47b3-8de5-13395c27e2ba: Completed APPEND_ENTRIES, lastRequest: 9cf338a1-6343-46cc-9d3e-d929198416a4->b3b39523-19fd-47b3-8de5-13395c27e2ba#5-t3, previous=(t:3, i:3), leaderCommit=2, initializing? false, entries: size=1, first=(t:3, i:4), METADATAENTRY(c:2)
2020-05-18 03:08:09,919 [grpc-default-executor-2] INFO  server.GrpcLogAppender (GrpcLogAppender.java:onCompleted(309)) - 9cf338a1-6343-46cc-9d3e-d929198416a4@group-4BD15A92D6B5->0dd71c3f-fb6d-4793-9543-61a077f69edf-AppendLogResponseHandler: follower responses appendEntries COMPLETED
2020-05-18 03:08:09,920 [grpc-default-executor-8] INFO  server.GrpcLogAppender (GrpcLogAppender.java:onCompleted(309)) - 9cf338a1-6343-46cc-9d3e-d929198416a4@group-4BD15A92D6B5->b3b39523-19fd-47b3-8de5-13395c27e2ba-AppendLogResponseHandler: follower responses appendEntries COMPLETED
2020-05-18 03:08:09,923 [Listener at 127.0.0.1/34573] INFO  metrics.RatisMetrics (RatisMetrics.java:unregister(46)) - Unregistering Metrics Registry : ratis.log_appender.9cf338a1-6343-46cc-9d3e-d929198416a4@group-4BD15A92D6B5
2020-05-18 03:08:09,924 [Listener at 127.0.0.1/34573] INFO  impl.StateMachineUpdater (StateMachineUpdater.java:stopAndJoin(142)) - 9cf338a1-6343-46cc-9d3e-d929198416a4@group-4BD15A92D6B5-StateMachineUpdater: set stopIndex = 4
2020-05-18 03:08:09,924 [9cf338a1-6343-46cc-9d3e-d929198416a4@group-4BD15A92D6B5-StateMachineUpdater] INFO  ratis.ContainerStateMachine (ContainerStateMachine.java:takeSnapshot(288)) - group-4BD15A92D6B5: Taking a snapshot at:(t:3, i:4) file /github/workspace/mnt/ozone/hadoop-ozone/integration-test/target/test-dir/MiniOzoneClusterImpl-69c03e2e-129d-4290-ae39-1295d90fd6d6/datanode-6/data/ratis/592d826d-28fd-469f-9ddb-4bd15a92d6b5/sm/snapshot.3_4
2020-05-18 03:08:09,927 [grpc-default-executor-2] INFO  impl.FollowerInfo (FollowerInfo.java:lambda$new$0(50)) - 9cf338a1-6343-46cc-9d3e-d929198416a4@group-4BD15A92D6B5->0dd71c3f-fb6d-4793-9543-61a077f69edf: nextIndex: updateUnconditionally 5 -> 4
2020-05-18 03:08:09,928 [grpc-default-executor-8] INFO  impl.FollowerInfo (FollowerInfo.java:lambda$new$0(50)) - 9cf338a1-6343-46cc-9d3e-d929198416a4@group-4BD15A92D6B5->b3b39523-19fd-47b3-8de5-13395c27e2ba: nextIndex: updateUnconditionally 5 -> 4
2020-05-18 03:08:09,932 [9cf338a1-6343-46cc-9d3e-d929198416a4@group-4BD15A92D6B5-StateMachineUpdater] INFO  ratis.ContainerStateMachine (ContainerStateMachine.java:takeSnapshot(299)) - group-4BD15A92D6B5: Finished taking a snapshot at:(t:3, i:4) file:/github/workspace/mnt/ozone/hadoop-ozone/integration-test/target/test-dir/MiniOzoneClusterImpl-69c03e2e-129d-4290-ae39-1295d90fd6d6/datanode-6/data/ratis/592d826d-28fd-469f-9ddb-4bd15a92d6b5/sm/snapshot.3_4 time:8
2020-05-18 03:08:09,932 [9cf338a1-6343-46cc-9d3e-d929198416a4@group-4BD15A92D6B5-StateMachineUpdater] INFO  impl.StateMachineUpdater (StateMachineUpdater.java:takeSnapshot(277)) - 9cf338a1-6343-46cc-9d3e-d929198416a4@group-4BD15A92D6B5-StateMachineUpdater: Took a snapshot at index 4
2020-05-18 03:08:09,932 [9cf338a1-6343-46cc-9d3e-d929198416a4@group-4BD15A92D6B5-StateMachineUpdater] INFO  impl.StateMachineUpdater (StateMachineUpdater.java:lambda$new$0(87)) - 9cf338a1-6343-46cc-9d3e-d929198416a4@group-4BD15A92D6B5-StateMachineUpdater: snapshotIndex: updateIncreasingly -1 -> 4
2020-05-18 03:08:09,933 [9cf338a1-6343-46cc-9d3e-d929198416a4@group-4BD15A92D6B5-StateMachineUpdater] INFO  metrics.RatisMetrics (RatisMetrics.java:unregister(46)) - Unregistering Metrics Registry : ratis.state_machine.9cf338a1-6343-46cc-9d3e-d929198416a4@group-4BD15A92D6B5
2020-05-18 03:08:09,933 [Listener at 127.0.0.1/34573] INFO  impl.RaftServerImpl (ServerState.java:close(387)) - 9cf338a1-6343-46cc-9d3e-d929198416a4@group-4BD15A92D6B5: closes. applyIndex: 4
2020-05-18 03:08:09,933 [9cf338a1-6343-46cc-9d3e-d929198416a4@group-4BD15A92D6B5-SegmentedRaftLogWorker] INFO  segmented.SegmentedRaftLogWorker (SegmentedRaftLogWorker.java:run(321)) - 9cf338a1-6343-46cc-9d3e-d929198416a4@group-4BD15A92D6B5-SegmentedRaftLogWorker was interrupted, exiting. There are 0 tasks remaining in the queue.
2020-05-18 03:08:09,933 [Listener at 127.0.0.1/34573] INFO  segmented.SegmentedRaftLogWorker (SegmentedRaftLogWorker.java:close(229)) - 9cf338a1-6343-46cc-9d3e-d929198416a4@group-4BD15A92D6B5-SegmentedRaftLogWorker close()
2020-05-18 03:08:09,934 [Listener at 127.0.0.1/34573] INFO  metrics.RatisMetrics (RatisMetrics.java:unregister(46)) - Unregistering Metrics Registry : ratis.log_worker.9cf338a1-6343-46cc-9d3e-d929198416a4
2020-05-18 03:08:09,934 [Listener at 127.0.0.1/34573] INFO  metrics.RatisMetrics (RatisMetrics.java:unregister(46)) - Unregistering Metrics Registry : ratis.leader_election.9cf338a1-6343-46cc-9d3e-d929198416a4@group-4BD15A92D6B5
2020-05-18 03:08:09,934 [Listener at 127.0.0.1/34573] INFO  metrics.RatisMetrics (RatisMetrics.java:unregister(46)) - Unregistering Metrics Registry : ratis.server.9cf338a1-6343-46cc-9d3e-d929198416a4@group-4BD15A92D6B5
2020-05-18 03:08:09,935 [Listener at 127.0.0.1/34573] INFO  server.GrpcService (GrpcService.java:closeImpl(165)) - 9cf338a1-6343-46cc-9d3e-d929198416a4: shutdown server with port 35497 now
2020-05-18 03:08:09,940 [Listener at 127.0.0.1/34573] INFO  server.GrpcService (GrpcService.java:closeImpl(173)) - 9cf338a1-6343-46cc-9d3e-d929198416a4: shutdown server with port 35497 successfully
2020-05-18 03:08:09,942 [Listener at 127.0.0.1/34573] INFO  utils.BackgroundService (BackgroundService.java:shutdown(157)) - Shutting down service BlockDeletingService
2020-05-18 03:08:09,944 [Listener at 127.0.0.1/34573] INFO  statemachine.DatanodeStateMachine (DatanodeStateMachine.java:stopDaemon(424)) - Ozone container server stopped.
2020-05-18 03:08:09,947 [Listener at 127.0.0.1/34573] INFO  handler.ContextHandler (ContextHandler.java:doStop(1016)) - Stopped o.e.j.w.WebAppContext@5d9a0ec4{hddsDatanode,/,null,UNAVAILABLE}{jar:file:/home/user/.m2/repository/org/apache/hadoop/hadoop-hdds-container-service/0.6.0-SNAPSHOT/hadoop-hdds-container-service-0.6.0-SNAPSHOT.jar!/webapps/hddsDatanode}
2020-05-18 03:08:09,951 [Listener at 127.0.0.1/34573] INFO  server.AbstractConnector (AbstractConnector.java:doStop(380)) - Stopped ServerConnector@18fe3958{HTTP/1.1,[http/1.1]}{0.0.0.0:0}
2020-05-18 03:08:09,951 [Listener at 127.0.0.1/34573] INFO  server.session (HouseKeeper.java:stopScavenging(158)) - node0 Stopped scavenging
2020-05-18 03:08:09,951 [Listener at 127.0.0.1/34573] INFO  handler.ContextHandler (ContextHandler.java:doStop(1016)) - Stopped o.e.j.s.ServletContextHandler@41e537cb{static,/static,jar:file:/home/user/.m2/repository/org/apache/hadoop/hadoop-hdds-container-service/0.6.0-SNAPSHOT/hadoop-hdds-container-service-0.6.0-SNAPSHOT.jar!/webapps/static,UNAVAILABLE}
2020-05-18 03:08:09,952 [Listener at 127.0.0.1/34573] INFO  handler.ContextHandler (ContextHandler.java:doStop(1016)) - Stopped o.e.j.s.ServletContextHandler@6d17a3fe{logs,/logs,file:///github/workspace/mnt/ozone/hadoop-ozone/integration-test/target/log,UNAVAILABLE}
]]></system-out>
    <system-err><![CDATA[ERROR StatusLogger No Log4j 2 configuration file found. Using default configuration (logging only errors to the console), or user programmatically provided configurations. Set system property 'log4j2.debug' to show Log4j 2 internal initialization logging. See https://logging.apache.org/log4j/2.x/manual/configuration.html for instructions on how to configure Log4j 2
]]></system-err>
  </testcase>
</testsuite>