<?xml version="1.0" encoding="UTF-8"?>
<testsuite xmlns:xsi="http://www.w3.org/2001/XMLSchema-instance" xsi:noNamespaceSchemaLocation="https://maven.apache.org/surefire/maven-surefire-plugin/xsd/surefire-test-report-3.0.xsd" version="3.0" name="org.apache.hadoop.ozone.client.rpc.TestOzoneAtRestEncryption" time="83.03" tests="22" errors="1" skipped="0" failures="0">
  <properties>
    <property name="awt.toolkit" value="sun.awt.X11.XToolkit"/>
    <property name="log4j.configuration" value="kms-log4j.properties"/>
    <property name="java.specification.version" value="1.8"/>
    <property name="file.encoding.pkg" value="sun.io"/>
    <property name="sun.cpu.isalist" value=""/>
    <property name="sun.jnu.encoding" value="UTF-8"/>
    <property name="java.class.path" value="/home/runner/work/ozone/ozone/hadoop-ozone/integration-test/target/test-classes:/home/runner/work/ozone/ozone/hadoop-ozone/integration-test/target/classes:/home/runner/.m2/repository/org/apache/ozone/ozone-common/1.4.0-SNAPSHOT/ozone-common-1.4.0-SNAPSHOT.jar:/home/runner/.m2/repository/io/grpc/grpc-netty/1.51.1/grpc-netty-1.51.1.jar:/home/runner/.m2/repository/io/grpc/grpc-core/1.51.1/grpc-core-1.51.1.jar:/home/runner/.m2/repository/com/google/android/annotations/4.1.1.4/annotations-4.1.1.4.jar:/home/runner/.m2/repository/org/codehaus/mojo/animal-sniffer-annotations/1.21/animal-sniffer-annotations-1.21.jar:/home/runner/.m2/repository/com/google/errorprone/error_prone_annotations/2.2.0/error_prone_annotations-2.2.0.jar:/home/runner/.m2/repository/io/perfmark/perfmark-api/0.25.0/perfmark-api-0.25.0.jar:/home/runner/.m2/repository/io/netty/netty-codec-http2/4.1.86.Final/netty-codec-http2-4.1.86.Final.jar:/home/runner/.m2/repository/io/netty/netty-common/4.1.86.Final/netty-common-4.1.86.Final.jar:/home/runner/.m2/repository/io/netty/netty-buffer/4.1.86.Final/netty-buffer-4.1.86.Final.jar:/home/runner/.m2/repository/io/netty/netty-codec-http/4.1.86.Final/netty-codec-http-4.1.86.Final.jar:/home/runner/.m2/repository/io/netty/netty-handler-proxy/4.1.86.Final/netty-handler-proxy-4.1.86.Final.jar:/home/runner/.m2/repository/io/netty/netty-codec-socks/4.1.86.Final/netty-codec-socks-4.1.86.Final.jar:/home/runner/.m2/repository/io/netty/netty-tcnative-boringssl-static/2.0.54.Final/netty-tcnative-boringssl-static-2.0.54.Final.jar:/home/runner/.m2/repository/io/netty/netty-tcnative-classes/2.0.54.Final/netty-tcnative-classes-2.0.54.Final.jar:/home/runner/.m2/repository/io/netty/netty-tcnative-boringssl-static/2.0.54.Final/netty-tcnative-boringssl-static-2.0.54.Final-linux-x86_64.jar:/home/runner/.m2/repository/io/netty/netty-tcnative-boringssl-static/2.0.54.Final/netty-tcnative-boringssl-static-2.0.54.Final-linux-aarch_64.jar:/home/runner/.m2/repository/io/netty/netty-tcnative-boringssl-static/2.0.54.Final/netty-tcnative-boringssl-static-2.0.54.Final-osx-x86_64.jar:/home/runner/.m2/repository/io/netty/netty-tcnative-boringssl-static/2.0.54.Final/netty-tcnative-boringssl-static-2.0.54.Final-osx-aarch_64.jar:/home/runner/.m2/repository/io/netty/netty-tcnative-boringssl-static/2.0.54.Final/netty-tcnative-boringssl-static-2.0.54.Final-windows-x86_64.jar:/home/runner/.m2/repository/org/apache/commons/commons-compress/1.21/commons-compress-1.21.jar:/home/runner/.m2/repository/org/apache/ozone/hdds-common/1.4.0-SNAPSHOT/hdds-common-1.4.0-SNAPSHOT.jar:/home/runner/.m2/repository/org/apache/ozone/hdds-client/1.4.0-SNAPSHOT/hdds-client-1.4.0-SNAPSHOT.jar:/home/runner/.m2/repository/org/apache/ozone/ozone-interface-client/1.4.0-SNAPSHOT/ozone-interface-client-1.4.0-SNAPSHOT.jar:/home/runner/.m2/repository/org/apache/hadoop/hadoop-hdfs-client/3.3.6/hadoop-hdfs-client-3.3.6.jar:/home/runner/.m2/repository/com/squareup/okhttp3/okhttp/4.9.3/okhttp-4.9.3.jar:/home/runner/.m2/repository/com/squareup/okio/okio/2.8.0/okio-2.8.0.jar:/home/runner/.m2/repository/org/jetbrains/kotlin/kotlin-stdlib-common/1.6.21/kotlin-stdlib-common-1.6.21.jar:/home/runner/.m2/repository/org/apache/ozone/hdds-test-utils/1.4.0-SNAPSHOT/hdds-test-utils-1.4.0-SNAPSHOT.jar:/home/runner/.m2/repository/com/google/guava/guava/32.0.0-jre/guava-32.0.0-jre.jar:/home/runner/.m2/repository/com/google/guava/failureaccess/1.0.1/failureaccess-1.0.1.jar:/home/runner/.m2/repository/com/google/guava/listenablefuture/9999.0-empty-to-avoid-conflict-with-guava/listenablefuture-9999.0-empty-to-avoid-conflict-with-guava.jar:/home/runner/.m2/repository/com/google/code/findbugs/jsr305/3.0.0/jsr305-3.0.0.jar:/home/runner/.m2/repository/org/checkerframework/checker-qual/3.33.0/checker-qual-3.33.0.jar:/home/runner/.m2/repository/com/google/j2objc/j2objc-annotations/2.8/j2objc-annotations-2.8.jar:/home/runner/.m2/repository/commons-io/commons-io/2.11.0/commons-io-2.11.0.jar:/home/runner/.m2/repository/commons-logging/commons-logging/1.2/commons-logging-1.2.jar:/home/runner/.m2/repository/ch/qos/reload4j/reload4j/1.2.22/reload4j-1.2.22.jar:/home/runner/.m2/repository/org/slf4j/slf4j-api/1.7.36/slf4j-api-1.7.36.jar:/home/runner/.m2/repository/org/apache/logging/log4j/log4j-api/2.17.1/log4j-api-2.17.1.jar:/home/runner/.m2/repository/org/apache/ozone/hdds-server-scm/1.4.0-SNAPSHOT/hdds-server-scm-1.4.0-SNAPSHOT.jar:/home/runner/.m2/repository/org/apache/ozone/hdds-container-service/1.4.0-SNAPSHOT/hdds-container-service-1.4.0-SNAPSHOT.jar:/home/runner/.m2/repository/org/apache/ozone/hdds-hadoop-dependency-server/1.4.0-SNAPSHOT/hdds-hadoop-dependency-server-1.4.0-SNAPSHOT.jar:/home/runner/.m2/repository/org/apache/hadoop/hadoop-hdfs/3.3.6/hadoop-hdfs-3.3.6.jar:/home/runner/.m2/repository/commons-daemon/commons-daemon/1.0.13/commons-daemon-1.0.13.jar:/home/runner/.m2/repository/org/apache/ozone/hdds-server-framework/1.4.0-SNAPSHOT/hdds-server-framework-1.4.0-SNAPSHOT.jar:/home/runner/.m2/repository/io/dropwizard/metrics/metrics-core/3.2.4/metrics-core-3.2.4.jar:/home/runner/.m2/repository/org/apache/commons/commons-text/1.10.0/commons-text-1.10.0.jar:/home/runner/.m2/repository/org/bouncycastle/bcprov-jdk15on/1.67/bcprov-jdk15on-1.67.jar:/home/runner/.m2/repository/com/google/protobuf/protobuf-java/2.5.0/protobuf-java-2.5.0.jar:/home/runner/.m2/repository/org/apache/ozone/hdds-server-framework/1.4.0-SNAPSHOT/hdds-server-framework-1.4.0-SNAPSHOT-tests.jar:/home/runner/.m2/repository/org/apache/ozone/hdds-interface-server/1.4.0-SNAPSHOT/hdds-interface-server-1.4.0-SNAPSHOT.jar:/home/runner/.m2/repository/org/apache/ozone/hdds-interface-admin/1.4.0-SNAPSHOT/hdds-interface-admin-1.4.0-SNAPSHOT.jar:/home/runner/.m2/repository/org/apache/ozone/hdds-managed-rocksdb/1.4.0-SNAPSHOT/hdds-managed-rocksdb-1.4.0-SNAPSHOT.jar:/home/runner/.m2/repository/org/rocksdb/rocksdbjni/7.7.3/rocksdbjni-7.7.3.jar:/home/runner/.m2/repository/org/slf4j/slf4j-reload4j/1.7.36/slf4j-reload4j-1.7.36.jar:/home/runner/.m2/repository/org/apache/commons/commons-configuration2/2.1.1/commons-configuration2-2.1.1.jar:/home/runner/.m2/repository/commons-fileupload/commons-fileupload/1.5/commons-fileupload-1.5.jar:/home/runner/.m2/repository/org/apache/logging/log4j/log4j-core/2.17.1/log4j-core-2.17.1.jar:/home/runner/.m2/repository/com/lmax/disruptor/3.4.2/disruptor-3.4.2.jar:/home/runner/.m2/repository/org/eclipse/jetty/jetty-util/9.4.51.v20230217/jetty-util-9.4.51.v20230217.jar:/home/runner/.m2/repository/org/eclipse/jetty/jetty-server/9.4.51.v20230217/jetty-server-9.4.51.v20230217.jar:/home/runner/.m2/repository/org/eclipse/jetty/jetty-http/9.4.51.v20230217/jetty-http-9.4.51.v20230217.jar:/home/runner/.m2/repository/org/eclipse/jetty/jetty-io/9.4.51.v20230217/jetty-io-9.4.51.v20230217.jar:/home/runner/.m2/repository/org/eclipse/jetty/jetty-servlet/9.4.51.v20230217/jetty-servlet-9.4.51.v20230217.jar:/home/runner/.m2/repository/org/eclipse/jetty/jetty-security/9.4.51.v20230217/jetty-security-9.4.51.v20230217.jar:/home/runner/.m2/repository/org/eclipse/jetty/jetty-util-ajax/9.4.51.v20230217/jetty-util-ajax-9.4.51.v20230217.jar:/home/runner/.m2/repository/org/eclipse/jetty/jetty-webapp/9.4.51.v20230217/jetty-webapp-9.4.51.v20230217.jar:/home/runner/.m2/repository/org/eclipse/jetty/jetty-xml/9.4.51.v20230217/jetty-xml-9.4.51.v20230217.jar:/home/runner/.m2/repository/org/apache/ratis/ratis-server/2.5.1/ratis-server-2.5.1.jar:/home/runner/.m2/repository/org/apache/ratis/ratis-thirdparty-misc/1.0.4/ratis-thirdparty-misc-1.0.4.jar:/home/runner/.m2/repository/org/apache/ratis/ratis-proto/2.5.1/ratis-proto-2.5.1.jar:/home/runner/.m2/repository/org/apache/ratis/ratis-common/2.5.1/ratis-common-2.5.1.jar:/home/runner/.m2/repository/org/apache/ratis/ratis-client/2.5.1/ratis-client-2.5.1.jar:/home/runner/.m2/repository/org/apache/ratis/ratis-server-api/2.5.1/ratis-server-api-2.5.1.jar:/home/runner/.m2/repository/org/apache/ratis/ratis-metrics/2.5.1/ratis-metrics-2.5.1.jar:/home/runner/.m2/repository/io/prometheus/simpleclient_dropwizard/0.7.0/simpleclient_dropwizard-0.7.0.jar:/home/runner/.m2/repository/io/prometheus/simpleclient/0.7.0/simpleclient-0.7.0.jar:/home/runner/.m2/repository/io/prometheus/simpleclient_common/0.7.0/simpleclient_common-0.7.0.jar:/home/runner/.m2/repository/com/fasterxml/jackson/datatype/jackson-datatype-jsr310/2.13.4/jackson-datatype-jsr310-2.13.4.jar:/home/runner/.m2/repository/com/fasterxml/jackson/core/jackson-core/2.13.4/jackson-core-2.13.4.jar:/home/runner/.m2/repository/com/github/spotbugs/spotbugs-annotations/3.1.12/spotbugs-annotations-3.1.12.jar:/home/runner/.m2/repository/org/apache/ozone/rocksdb-checkpoint-differ/1.4.0-SNAPSHOT/rocksdb-checkpoint-differ-1.4.0-SNAPSHOT.jar:/home/runner/.m2/repository/org/awaitility/awaitility/4.2.0/awaitility-4.2.0.jar:/home/runner/.m2/repository/org/hamcrest/hamcrest/2.1/hamcrest-2.1.jar:/home/runner/.m2/repository/org/apache/ozone/ozone-manager/1.4.0-SNAPSHOT/ozone-manager-1.4.0-SNAPSHOT.jar:/home/runner/.m2/repository/org/aspectj/aspectjrt/1.9.7/aspectjrt-1.9.7.jar:/home/runner/.m2/repository/org/aspectj/aspectjweaver/1.9.7/aspectjweaver-1.9.7.jar:/home/runner/.m2/repository/org/apache/ozone/hdds-interface-client/1.4.0-SNAPSHOT/hdds-interface-client-1.4.0-SNAPSHOT.jar:/home/runner/.m2/repository/org/apache/hadoop/thirdparty/hadoop-shaded-protobuf_3_7/1.1.1/hadoop-shaded-protobuf_3_7-1.1.1.jar:/home/runner/.m2/repository/org/apache/ozone/ozone-interface-storage/1.4.0-SNAPSHOT/ozone-interface-storage-1.4.0-SNAPSHOT.jar:/home/runner/.m2/repository/org/reflections/reflections/0.9.11/reflections-0.9.11.jar:/home/runner/.m2/repository/com/sun/jersey/jersey-client/1.19/jersey-client-1.19.jar:/home/runner/.m2/repository/org/codehaus/jackson/jackson-core-asl/1.9.13/jackson-core-asl-1.9.13.jar:/home/runner/.m2/repository/org/codehaus/jackson/jackson-mapper-asl/1.9.13/jackson-mapper-asl-1.9.13.jar:/home/runner/.m2/repository/org/codehaus/jackson/jackson-jaxrs/1.9.13/jackson-jaxrs-1.9.13.jar:/home/runner/.m2/repository/org/apache/ranger/ranger-intg/2.3.0/ranger-intg-2.3.0.jar:/home/runner/.m2/repository/org/apache/ranger/ranger-plugins-common/2.3.0/ranger-plugins-common-2.3.0.jar:/home/runner/.m2/repository/commons-lang/commons-lang/2.6/commons-lang-2.6.jar:/home/runner/.m2/repository/org/apache/ranger/ranger-plugins-cred/2.3.0/ranger-plugins-cred-2.3.0.jar:/home/runner/.m2/repository/org/apache/ranger/ranger-plugins-audit/2.3.0/ranger-plugins-audit-2.3.0.jar:/home/runner/.m2/repository/org/eclipse/jetty/jetty-client/9.4.51.v20230217/jetty-client-9.4.51.v20230217.jar:/home/runner/.m2/repository/org/apache/httpcomponents/httpmime/4.5.6/httpmime-4.5.6.jar:/home/runner/.m2/repository/org/apache/httpcomponents/httpcore-nio/4.4.13/httpcore-nio-4.4.13.jar:/home/runner/.m2/repository/org/apache/httpcomponents/httpasyncclient/4.1.3/httpasyncclient-4.1.3.jar:/home/runner/.m2/repository/com/carrotsearch/hppc/0.8.0/hppc-0.8.0.jar:/home/runner/.m2/repository/org/apache/orc/orc-core/1.5.8/orc-core-1.5.8.jar:/home/runner/.m2/repository/net/java/dev/jna/jna/5.2.0/jna-5.2.0.jar:/home/runner/.m2/repository/net/java/dev/jna/jna-platform/5.2.0/jna-platform-5.2.0.jar:/home/runner/.m2/repository/com/kstruct/gethostname4j/0.0.2/gethostname4j-0.0.2.jar:/home/runner/.m2/repository/org/apache/ranger/ranger-plugin-classloader/2.3.0/ranger-plugin-classloader-2.3.0.jar:/home/runner/.m2/repository/org/apache/ozone/hdds-rocks-native/1.4.0-SNAPSHOT/hdds-rocks-native-1.4.0-SNAPSHOT.jar:/home/runner/.m2/repository/org/apache/hadoop/hadoop-minikdc/3.3.6/hadoop-minikdc-3.3.6.jar:/home/runner/.m2/repository/org/apache/kerby/kerb-simplekdc/1.0.1/kerb-simplekdc-1.0.1.jar:/home/runner/.m2/repository/org/apache/kerby/kerb-client/1.0.1/kerb-client-1.0.1.jar:/home/runner/.m2/repository/org/apache/kerby/kerby-config/1.0.1/kerby-config-1.0.1.jar:/home/runner/.m2/repository/org/apache/kerby/kerb-common/1.0.1/kerb-common-1.0.1.jar:/home/runner/.m2/repository/org/apache/kerby/kerb-crypto/1.0.1/kerb-crypto-1.0.1.jar:/home/runner/.m2/repository/org/apache/kerby/kerb-util/1.0.1/kerb-util-1.0.1.jar:/home/runner/.m2/repository/org/apache/kerby/token-provider/1.0.1/token-provider-1.0.1.jar:/home/runner/.m2/repository/org/apache/kerby/kerb-admin/1.0.1/kerb-admin-1.0.1.jar:/home/runner/.m2/repository/org/apache/kerby/kerb-server/1.0.1/kerb-server-1.0.1.jar:/home/runner/.m2/repository/org/apache/kerby/kerb-identity/1.0.1/kerb-identity-1.0.1.jar:/home/runner/.m2/repository/org/apache/kerby/kerby-xdr/1.0.1/kerby-xdr-1.0.1.jar:/home/runner/.m2/repository/org/apache/ozone/ozone-s3gateway/1.4.0-SNAPSHOT/ozone-s3gateway-1.4.0-SNAPSHOT.jar:/home/runner/.m2/repository/org/javassist/javassist/3.21.0-GA/javassist-3.21.0-GA.jar:/home/runner/.m2/repository/org/jboss/weld/servlet/weld-servlet-shaded/3.1.9.Final/weld-servlet-shaded-3.1.9.Final.jar:/home/runner/.m2/repository/org/glassfish/jersey/containers/jersey-container-servlet-core/2.34/jersey-container-servlet-core-2.34.jar:/home/runner/.m2/repository/org/glassfish/hk2/external/jakarta.inject/2.6.1/jakarta.inject-2.6.1.jar:/home/runner/.m2/repository/org/glassfish/jersey/core/jersey-common/2.34/jersey-common-2.34.jar:/home/runner/.m2/repository/jakarta/ws/rs/jakarta.ws.rs-api/2.1.6/jakarta.ws.rs-api-2.1.6.jar:/home/runner/.m2/repository/org/glassfish/jersey/ext/cdi/jersey-cdi1x/2.34/jersey-cdi1x-2.34.jar:/home/runner/.m2/repository/org/glassfish/jersey/inject/jersey-hk2/2.34/jersey-hk2-2.34.jar:/home/runner/.m2/repository/org/glassfish/hk2/hk2-locator/2.6.1/hk2-locator-2.6.1.jar:/home/runner/.m2/repository/org/glassfish/jersey/media/jersey-media-jaxb/2.34/jersey-media-jaxb-2.34.jar:/home/runner/.m2/repository/org/glassfish/hk2/osgi-resource-locator/1.0.3/osgi-resource-locator-1.0.3.jar:/home/runner/.m2/repository/org/glassfish/hk2/hk2-api/2.5.0/hk2-api-2.5.0.jar:/home/runner/.m2/repository/org/glassfish/hk2/hk2-utils/2.5.0/hk2-utils-2.5.0.jar:/home/runner/.m2/repository/org/glassfish/hk2/external/aopalliance-repackaged/2.5.0/aopalliance-repackaged-2.5.0.jar:/home/runner/.m2/repository/com/fasterxml/jackson/dataformat/jackson-dataformat-xml/2.13.4/jackson-dataformat-xml-2.13.4.jar:/home/runner/.m2/repository/org/codehaus/woodstox/stax2-api/4.2.1/stax2-api-4.2.1.jar:/home/runner/.m2/repository/com/fasterxml/woodstox/woodstox-core/5.4.0/woodstox-core-5.4.0.jar:/home/runner/.m2/repository/com/fasterxml/jackson/module/jackson-module-jaxb-annotations/2.13.4/jackson-module-jaxb-annotations-2.13.4.jar:/home/runner/.m2/repository/jakarta/xml/bind/jakarta.xml.bind-api/2.3.3/jakarta.xml.bind-api-2.3.3.jar:/home/runner/.m2/repository/jakarta/activation/jakarta.activation-api/1.2.2/jakarta.activation-api-1.2.2.jar:/home/runner/.m2/repository/javax/enterprise/cdi-api/2.0/cdi-api-2.0.jar:/home/runner/.m2/repository/javax/el/javax.el-api/3.0.0/javax.el-api-3.0.0.jar:/home/runner/.m2/repository/javax/interceptor/javax.interceptor-api/1.2/javax.interceptor-api-1.2.jar:/home/runner/.m2/repository/javax/inject/javax.inject/1/javax.inject-1.jar:/home/runner/.m2/repository/javax/xml/bind/jaxb-api/2.3.0/jaxb-api-2.3.0.jar:/home/runner/.m2/repository/org/glassfish/jaxb/jaxb-runtime/2.3.0.1/jaxb-runtime-2.3.0.1.jar:/home/runner/.m2/repository/org/glassfish/jaxb/jaxb-core/2.3.0.1/jaxb-core-2.3.0.1.jar:/home/runner/.m2/repository/org/glassfish/jaxb/txw2/2.3.0.1/txw2-2.3.0.1.jar:/home/runner/.m2/repository/com/sun/istack/istack-commons-runtime/3.0.5/istack-commons-runtime-3.0.5.jar:/home/runner/.m2/repository/org/jvnet/staxex/stax-ex/1.7.8/stax-ex-1.7.8.jar:/home/runner/.m2/repository/com/sun/xml/fastinfoset/FastInfoset/1.2.13/FastInfoset-1.2.13.jar:/home/runner/.m2/repository/javax/activation/activation/1.1.1/activation-1.1.1.jar:/home/runner/.m2/repository/io/grpc/grpc-protobuf/1.51.1/grpc-protobuf-1.51.1.jar:/home/runner/.m2/repository/com/google/api/grpc/proto-google-common-protos/2.9.0/proto-google-common-protos-2.9.0.jar:/home/runner/.m2/repository/io/grpc/grpc-protobuf-lite/1.51.1/grpc-protobuf-lite-1.51.1.jar:/home/runner/.m2/repository/io/grpc/grpc-stub/1.51.1/grpc-stub-1.51.1.jar:/home/runner/.m2/repository/io/netty/netty-transport/4.1.86.Final/netty-transport-4.1.86.Final.jar:/home/runner/.m2/repository/io/netty/netty-resolver/4.1.86.Final/netty-resolver-4.1.86.Final.jar:/home/runner/.m2/repository/org/apache/ozone/ozone-csi/1.4.0-SNAPSHOT/ozone-csi-1.4.0-SNAPSHOT.jar:/home/runner/.m2/repository/com/google/protobuf/protobuf-java-util/3.19.6/protobuf-java-util-3.19.6.jar:/home/runner/.m2/repository/com/google/code/gson/gson/2.9.0/gson-2.9.0.jar:/home/runner/.m2/repository/org/apache/ozone/hdds-config/1.4.0-SNAPSHOT/hdds-config-1.4.0-SNAPSHOT.jar:/home/runner/.m2/repository/io/netty/netty-transport-native-epoll/4.1.86.Final/netty-transport-native-epoll-4.1.86.Final-linux-x86_64.jar:/home/runner/.m2/repository/io/netty/netty-transport-classes-epoll/4.1.86.Final/netty-transport-classes-epoll-4.1.86.Final.jar:/home/runner/.m2/repository/io/netty/netty-transport-native-unix-common/4.1.86.Final/netty-transport-native-unix-common-4.1.86.Final.jar:/home/runner/.m2/repository/org/apache/ozone/ozone-recon/1.4.0-SNAPSHOT/ozone-recon-1.4.0-SNAPSHOT.jar:/home/runner/.m2/repository/org/apache/ozone/ozone-reconcodegen/1.4.0-SNAPSHOT/ozone-reconcodegen-1.4.0-SNAPSHOT.jar:/home/runner/.m2/repository/com/google/inject/guice/5.1.0/guice-5.1.0.jar:/home/runner/.m2/repository/aopalliance/aopalliance/1.0/aopalliance-1.0.jar:/home/runner/.m2/repository/com/google/inject/extensions/guice-assistedinject/5.1.0/guice-assistedinject-5.1.0.jar:/home/runner/.m2/repository/com/google/inject/extensions/guice-servlet/5.1.0/guice-servlet-5.1.0.jar:/home/runner/.m2/repository/org/glassfish/jersey/containers/jersey-container-servlet/2.34/jersey-container-servlet-2.34.jar:/home/runner/.m2/repository/org/glassfish/hk2/guice-bridge/2.5.0/guice-bridge-2.5.0.jar:/home/runner/.m2/repository/org/glassfish/jersey/core/jersey-server/2.34/jersey-server-2.34.jar:/home/runner/.m2/repository/org/glassfish/jersey/core/jersey-client/2.34/jersey-client-2.34.jar:/home/runner/.m2/repository/jakarta/annotation/jakarta.annotation-api/1.3.5/jakarta.annotation-api-1.3.5.jar:/home/runner/.m2/repository/jakarta/validation/jakarta.validation-api/2.0.2/jakarta.validation-api-2.0.2.jar:/home/runner/.m2/repository/org/glassfish/jersey/media/jersey-media-json-jackson/2.34/jersey-media-json-jackson-2.34.jar:/home/runner/.m2/repository/org/glassfish/jersey/ext/jersey-entity-filtering/2.34/jersey-entity-filtering-2.34.jar:/home/runner/.m2/repository/org/jooq/jooq/3.11.10/jooq-3.11.10.jar:/home/runner/.m2/repository/org/jooq/jooq-meta/3.11.10/jooq-meta-3.11.10.jar:/home/runner/.m2/repository/org/jooq/jooq-codegen/3.11.10/jooq-codegen-3.11.10.jar:/home/runner/.m2/repository/com/jolbox/bonecp/0.8.0.RELEASE/bonecp-0.8.0.RELEASE.jar:/home/runner/.m2/repository/org/apache/derby/derby/10.14.2.0/derby-10.14.2.0.jar:/home/runner/.m2/repository/org/xerial/sqlite-jdbc/3.41.2.2/sqlite-jdbc-3.41.2.2.jar:/home/runner/.m2/repository/org/springframework/spring-jdbc/5.3.27/spring-jdbc-5.3.27.jar:/home/runner/.m2/repository/org/springframework/spring-beans/5.3.27/spring-beans-5.3.27.jar:/home/runner/.m2/repository/org/springframework/spring-core/5.3.27/spring-core-5.3.27.jar:/home/runner/.m2/repository/org/springframework/spring-tx/5.3.27/spring-tx-5.3.27.jar:/home/runner/.m2/repository/org/apache/ozone/ozone-client/1.4.0-SNAPSHOT/ozone-client-1.4.0-SNAPSHOT.jar:/home/runner/.m2/repository/org/apache/ozone/hdds-erasurecode/1.4.0-SNAPSHOT/hdds-erasurecode-1.4.0-SNAPSHOT.jar:/home/runner/.m2/repository/org/apache/ozone/ozone-filesystem/1.4.0-SNAPSHOT/ozone-filesystem-1.4.0-SNAPSHOT.jar:/home/runner/.m2/repository/org/apache/ozone/ozone-filesystem-common/1.4.0-SNAPSHOT/ozone-filesystem-common-1.4.0-SNAPSHOT.jar:/home/runner/.m2/repository/org/apache/ozone/ozone-tools/1.4.0-SNAPSHOT/ozone-tools-1.4.0-SNAPSHOT.jar:/home/runner/.m2/repository/com/amazonaws/aws-java-sdk-core/1.12.261/aws-java-sdk-core-1.12.261.jar:/home/runner/.m2/repository/org/apache/httpcomponents/httpclient/4.5.13/httpclient-4.5.13.jar:/home/runner/.m2/repository/org/apache/httpcomponents/httpcore/4.4.13/httpcore-4.4.13.jar:/home/runner/.m2/repository/software/amazon/ion/ion-java/1.0.2/ion-java-1.0.2.jar:/home/runner/.m2/repository/com/fasterxml/jackson/dataformat/jackson-dataformat-cbor/2.13.4/jackson-dataformat-cbor-2.13.4.jar:/home/runner/.m2/repository/joda-time/joda-time/2.10.6/joda-time-2.10.6.jar:/home/runner/.m2/repository/com/amazonaws/aws-java-sdk-s3/1.12.261/aws-java-sdk-s3-1.12.261.jar:/home/runner/.m2/repository/com/amazonaws/aws-java-sdk-kms/1.12.261/aws-java-sdk-kms-1.12.261.jar:/home/runner/.m2/repository/com/amazonaws/jmespath-java/1.12.261/jmespath-java-1.12.261.jar:/home/runner/.m2/repository/org/kohsuke/metainf-services/metainf-services/1.8/metainf-services-1.8.jar:/home/runner/.m2/repository/org/apache/ozone/hdds-tools/1.4.0-SNAPSHOT/hdds-tools-1.4.0-SNAPSHOT.jar:/home/runner/.m2/repository/org/apache/ratis/ratis-tools/2.5.1/ratis-tools-2.5.1.jar:/home/runner/.m2/repository/commons-cli/commons-cli/1.2/commons-cli-1.2.jar:/home/runner/.m2/repository/org/apache/commons/commons-lang3/3.7/commons-lang3-3.7.jar:/home/runner/.m2/repository/org/apache/ozone/ozone-manager/1.4.0-SNAPSHOT/ozone-manager-1.4.0-SNAPSHOT-tests.jar:/home/runner/.m2/repository/org/apache/ozone/hdds-common/1.4.0-SNAPSHOT/hdds-common-1.4.0-SNAPSHOT-tests.jar:/home/runner/.m2/repository/org/apache/ozone/hdds-hadoop-dependency-client/1.4.0-SNAPSHOT/hdds-hadoop-dependency-client-1.4.0-SNAPSHOT.jar:/home/runner/.m2/repository/info/picocli/picocli/4.6.1/picocli-4.6.1.jar:/home/runner/.m2/repository/com/fasterxml/jackson/core/jackson-annotations/2.13.4/jackson-annotations-2.13.4.jar:/home/runner/.m2/repository/org/apache/ozone/hdds-annotation-processing/1.4.0-SNAPSHOT/hdds-annotation-processing-1.4.0-SNAPSHOT.jar:/home/runner/.m2/repository/javax/annotation/javax.annotation-api/1.2/javax.annotation-api-1.2.jar:/home/runner/.m2/repository/org/apache/ratis/ratis-netty/2.5.1/ratis-netty-2.5.1.jar:/home/runner/.m2/repository/org/apache/ratis/ratis-grpc/2.5.1/ratis-grpc-2.5.1.jar:/home/runner/.m2/repository/org/apache/commons/commons-pool2/2.6.0/commons-pool2-2.6.0.jar:/home/runner/.m2/repository/org/bouncycastle/bcpkix-jdk15on/1.67/bcpkix-jdk15on-1.67.jar:/home/runner/.m2/repository/commons-validator/commons-validator/1.6/commons-validator-1.6.jar:/home/runner/.m2/repository/commons-beanutils/commons-beanutils/1.9.4/commons-beanutils-1.9.4.jar:/home/runner/.m2/repository/commons-digester/commons-digester/1.8.1/commons-digester-1.8.1.jar:/home/runner/.m2/repository/commons-collections/commons-collections/3.2.2/commons-collections-3.2.2.jar:/home/runner/.m2/repository/io/jaegertracing/jaeger-client/1.6.0/jaeger-client-1.6.0.jar:/home/runner/.m2/repository/io/jaegertracing/jaeger-thrift/1.6.0/jaeger-thrift-1.6.0.jar:/home/runner/.m2/repository/org/apache/thrift/libthrift/0.14.1/libthrift-0.14.1.jar:/home/runner/.m2/repository/io/jaegertracing/jaeger-core/1.6.0/jaeger-core-1.6.0.jar:/home/runner/.m2/repository/io/jaegertracing/jaeger-tracerresolver/1.6.0/jaeger-tracerresolver-1.6.0.jar:/home/runner/.m2/repository/io/opentracing/contrib/opentracing-tracerresolver/0.1.8/opentracing-tracerresolver-0.1.8.jar:/home/runner/.m2/repository/org/jetbrains/kotlin/kotlin-stdlib/1.6.21/kotlin-stdlib-1.6.21.jar:/home/runner/.m2/repository/org/jetbrains/annotations/13.0/annotations-13.0.jar:/home/runner/.m2/repository/io/opentracing/opentracing-util/0.33.0/opentracing-util-0.33.0.jar:/home/runner/.m2/repository/io/opentracing/opentracing-api/0.33.0/opentracing-api-0.33.0.jar:/home/runner/.m2/repository/io/opentracing/opentracing-noop/0.33.0/opentracing-noop-0.33.0.jar:/home/runner/.m2/repository/org/yaml/snakeyaml/2.0/snakeyaml-2.0.jar:/home/runner/.m2/repository/io/grpc/grpc-api/1.51.1/grpc-api-1.51.1.jar:/home/runner/.m2/repository/io/grpc/grpc-context/1.51.1/grpc-context-1.51.1.jar:/home/runner/.m2/repository/junit/junit/4.13.1/junit-4.13.1.jar:/home/runner/.m2/repository/org/hamcrest/hamcrest-core/1.3/hamcrest-core-1.3.jar:/home/runner/.m2/repository/org/junit/jupiter/junit-jupiter-api/5.8.2/junit-jupiter-api-5.8.2.jar:/home/runner/.m2/repository/org/opentest4j/opentest4j/1.2.0/opentest4j-1.2.0.jar:/home/runner/.m2/repository/org/junit/platform/junit-platform-commons/1.8.2/junit-platform-commons-1.8.2.jar:/home/runner/.m2/repository/org/apiguardian/apiguardian-api/1.1.2/apiguardian-api-1.1.2.jar:/home/runner/.m2/repository/org/junit/jupiter/junit-jupiter-params/5.8.2/junit-jupiter-params-5.8.2.jar:/home/runner/.m2/repository/org/junit/jupiter/junit-jupiter-migrationsupport/5.8.2/junit-jupiter-migrationsupport-5.8.2.jar:/home/runner/.m2/repository/org/junit/jupiter/junit-jupiter-engine/5.8.2/junit-jupiter-engine-5.8.2.jar:/home/runner/.m2/repository/org/junit/platform/junit-platform-engine/1.8.2/junit-platform-engine-1.8.2.jar:/home/runner/.m2/repository/org/junit/vintage/junit-vintage-engine/5.8.2/junit-vintage-engine-5.8.2.jar:/home/runner/.m2/repository/org/junit/platform/junit-platform-launcher/1.8.2/junit-platform-launcher-1.8.2.jar:/home/runner/.m2/repository/org/mockito/mockito-core/3.5.9/mockito-core-3.5.9.jar:/home/runner/.m2/repository/net/bytebuddy/byte-buddy/1.10.13/byte-buddy-1.10.13.jar:/home/runner/.m2/repository/net/bytebuddy/byte-buddy-agent/1.10.13/byte-buddy-agent-1.10.13.jar:/home/runner/.m2/repository/org/objenesis/objenesis/1.0/objenesis-1.0.jar:/home/runner/.m2/repository/org/apache/hadoop/hadoop-kms/3.3.6/hadoop-kms-3.3.6.jar:/home/runner/.m2/repository/org/apache/hadoop/hadoop-auth/3.3.6/hadoop-auth-3.3.6.jar:/home/runner/.m2/repository/com/nimbusds/nimbus-jose-jwt/9.8.1/nimbus-jose-jwt-9.8.1.jar:/home/runner/.m2/repository/com/github/stephenc/jcip/jcip-annotations/1.0-1/jcip-annotations-1.0-1.jar:/home/runner/.m2/repository/org/apache/zookeeper/zookeeper/3.5.6/zookeeper-3.5.6.jar:/home/runner/.m2/repository/org/apache/zookeeper/zookeeper-jute/3.5.6/zookeeper-jute-3.5.6.jar:/home/runner/.m2/repository/org/apache/yetus/audience-annotations/0.5.0/audience-annotations-0.5.0.jar:/home/runner/.m2/repository/org/apache/curator/curator-framework/4.2.0/curator-framework-4.2.0.jar:/home/runner/.m2/repository/org/apache/hadoop/thirdparty/hadoop-shaded-guava/1.1.1/hadoop-shaded-guava-1.1.1.jar:/home/runner/.m2/repository/com/sun/jersey/jersey-core/1.19/jersey-core-1.19.jar:/home/runner/.m2/repository/javax/ws/rs/jsr311-api/1.1.1/jsr311-api-1.1.1.jar:/home/runner/.m2/repository/com/sun/jersey/jersey-server/1.19/jersey-server-1.19.jar:/home/runner/.m2/repository/javax/servlet/javax.servlet-api/3.1.0/javax.servlet-api-3.1.0.jar:/home/runner/.m2/repository/org/apache/hadoop/hadoop-common/3.3.6/hadoop-common-3.3.6.jar:/home/runner/.m2/repository/org/apache/commons/commons-math3/3.1.1/commons-math3-3.1.1.jar:/home/runner/.m2/repository/commons-net/commons-net/3.9.0/commons-net-3.9.0.jar:/home/runner/.m2/repository/com/sun/jersey/jersey-servlet/1.19/jersey-servlet-1.19.jar:/home/runner/.m2/repository/com/github/pjfanning/jersey-json/1.20/jersey-json-1.20.jar:/home/runner/.m2/repository/org/codehaus/jettison/jettison/1.1/jettison-1.1.jar:/home/runner/.m2/repository/com/sun/xml/bind/jaxb-impl/2.2.3-1/jaxb-impl-2.2.3-1.jar:/home/runner/.m2/repository/com/google/re2j/re2j/1.1/re2j-1.1.jar:/home/runner/.m2/repository/com/jcraft/jsch/0.1.54/jsch-0.1.54.jar:/home/runner/.m2/repository/org/apache/curator/curator-client/4.2.0/curator-client-4.2.0.jar:/home/runner/.m2/repository/org/apache/curator/curator-recipes/5.2.0/curator-recipes-5.2.0.jar:/home/runner/.m2/repository/org/apache/kerby/kerb-core/1.0.1/kerb-core-1.0.1.jar:/home/runner/.m2/repository/org/apache/kerby/kerby-pkix/1.0.1/kerby-pkix-1.0.1.jar:/home/runner/.m2/repository/org/apache/kerby/kerby-asn1/1.0.1/kerby-asn1-1.0.1.jar:/home/runner/.m2/repository/org/apache/kerby/kerby-util/1.0.1/kerby-util-1.0.1.jar:/home/runner/.m2/repository/dnsjava/dnsjava/2.1.7/dnsjava-2.1.7.jar:/home/runner/.m2/repository/org/xerial/snappy/snappy-java/1.1.8.2/snappy-java-1.1.8.2.jar:/home/runner/.m2/repository/com/fasterxml/jackson/core/jackson-databind/2.13.4.2/jackson-databind-2.13.4.2.jar:/home/runner/.m2/repository/org/apache/hadoop/hadoop-kms/3.3.6/hadoop-kms-3.3.6-tests.jar:/home/runner/.m2/repository/org/apache/ozone/hdds-server-scm/1.4.0-SNAPSHOT/hdds-server-scm-1.4.0-SNAPSHOT-tests.jar:/home/runner/.m2/repository/org/apache/ozone/hdds-container-service/1.4.0-SNAPSHOT/hdds-container-service-1.4.0-SNAPSHOT-tests.jar:/home/runner/.m2/repository/com/github/luben/zstd-jni/1.5.2-5/zstd-jni-1.5.2-5.jar:/home/runner/.m2/repository/commons-codec/commons-codec/1.15/commons-codec-1.15.jar:/home/runner/.m2/repository/io/netty/netty-codec/4.1.86.Final/netty-codec-4.1.86.Final.jar:/home/runner/.m2/repository/io/netty/netty-handler/4.1.86.Final/netty-handler-4.1.86.Final.jar:/home/runner/.m2/repository/org/apache/ozone/hdds-hadoop-dependency-test/1.4.0-SNAPSHOT/hdds-hadoop-dependency-test-1.4.0-SNAPSHOT.jar:/home/runner/.m2/repository/org/apache/hadoop/hadoop-common/3.3.6/hadoop-common-3.3.6-tests.jar:/home/runner/.m2/repository/org/apache/hadoop/hadoop-hdfs/3.3.6/hadoop-hdfs-3.3.6-tests.jar:/home/runner/.m2/repository/org/assertj/assertj-core/3.12.2/assertj-core-3.12.2.jar:/home/runner/.m2/repository/org/apache/hadoop/hadoop-distcp/3.3.6/hadoop-distcp-3.3.6.jar:/home/runner/.m2/repository/org/apache/hadoop/hadoop-mapreduce-client-jobclient/3.3.6/hadoop-mapreduce-client-jobclient-3.3.6.jar:/home/runner/.m2/repository/org/apache/hadoop/hadoop-mapreduce-client-common/3.3.6/hadoop-mapreduce-client-common-3.3.6.jar:/home/runner/.m2/repository/org/apache/hadoop/hadoop-yarn-common/3.3.6/hadoop-yarn-common-3.3.6.jar:/home/runner/.m2/repository/org/apache/hadoop/hadoop-yarn-api/3.3.6/hadoop-yarn-api-3.3.6.jar:/home/runner/.m2/repository/com/sun/jersey/contribs/jersey-guice/1.19/jersey-guice-1.19.jar:/home/runner/.m2/repository/com/fasterxml/jackson/jaxrs/jackson-jaxrs-json-provider/2.13.4/jackson-jaxrs-json-provider-2.13.4.jar:/home/runner/.m2/repository/com/fasterxml/jackson/jaxrs/jackson-jaxrs-base/2.13.4/jackson-jaxrs-base-2.13.4.jar:/home/runner/.m2/repository/org/apache/hadoop/hadoop-yarn-client/3.3.6/hadoop-yarn-client-3.3.6.jar:/home/runner/.m2/repository/org/eclipse/jetty/websocket/websocket-client/9.4.51.v20230217/websocket-client-9.4.51.v20230217.jar:/home/runner/.m2/repository/org/eclipse/jetty/websocket/websocket-common/9.4.51.v20230217/websocket-common-9.4.51.v20230217.jar:/home/runner/.m2/repository/org/eclipse/jetty/websocket/websocket-api/9.4.51.v20230217/websocket-api-9.4.51.v20230217.jar:/home/runner/.m2/repository/org/jline/jline/3.9.0/jline-3.9.0.jar:/home/runner/.m2/repository/org/apache/hadoop/hadoop-mapreduce-client-core/3.3.6/hadoop-mapreduce-client-core-3.3.6.jar:/home/runner/.m2/repository/org/apache/avro/avro/1.7.7/avro-1.7.7.jar:/home/runner/.m2/repository/com/thoughtworks/paranamer/paranamer/2.3/paranamer-2.3.jar:/home/runner/.m2/repository/org/apache/hadoop/hadoop-annotations/3.3.6/hadoop-annotations-3.3.6.jar:/usr/lib/jvm/temurin-8-jdk-amd64/jre/../lib/tools.jar:/home/runner/.m2/repository/io/netty/netty/3.10.6.Final/netty-3.10.6.Final.jar:/home/runner/.m2/repository/org/apache/hadoop/hadoop-distcp/3.3.6/hadoop-distcp-3.3.6-tests.jar:/home/runner/.m2/repository/org/slf4j/jul-to-slf4j/1.7.36/jul-to-slf4j-1.7.36.jar:"/>
    <property name="java.vm.vendor" value="Temurin"/>
    <property name="sun.arch.data.model" value="64"/>
    <property name="jceks.key.serialFilter" value="java.lang.Enum;java.security.KeyRep;java.security.KeyRep$Type;javax.crypto.spec.SecretKeySpec;org.apache.hadoop.crypto.key.JavaKeyStoreProvider$KeyMetadata;!*"/>
    <property name="test.build.dir" value="/home/runner/work/ozone/ozone/hadoop-ozone/integration-test/target/test-dir"/>
    <property name="test.cache.data" value=""/>
    <property name="java.vendor.url" value="https://adoptium.net/"/>
    <property name="user.timezone" value="Etc/UTC"/>
    <property name="os.name" value="Linux"/>
    <property name="java.vm.specification.version" value="1.8"/>
    <property name="test.build.data" value="/home/runner/work/ozone/ozone/hadoop-ozone/integration-test/target/test-dir"/>
    <property name="sun.java.launcher" value="SUN_STANDARD"/>
    <property name="sun.boot.library.path" value="/usr/lib/jvm/temurin-8-jdk-amd64/jre/lib/amd64"/>
    <property name="sun.java.command" value="/home/runner/work/ozone/ozone/hadoop-ozone/integration-test/target/surefire/surefirebooter8237533335090127141.jar /home/runner/work/ozone/ozone/hadoop-ozone/integration-test/target/surefire 2023-07-13T05-35-30_274-jvmRun1 surefire2834172681549203633tmp surefire_282614120623759780693tmp"/>
    <property name="native.lib.tmp.dir" value="/tmp"/>
    <property name="surefire.test.class.path" value="/home/runner/work/ozone/ozone/hadoop-ozone/integration-test/target/test-classes:/home/runner/work/ozone/ozone/hadoop-ozone/integration-test/target/classes:/home/runner/.m2/repository/org/apache/ozone/ozone-common/1.4.0-SNAPSHOT/ozone-common-1.4.0-SNAPSHOT.jar:/home/runner/.m2/repository/io/grpc/grpc-netty/1.51.1/grpc-netty-1.51.1.jar:/home/runner/.m2/repository/io/grpc/grpc-core/1.51.1/grpc-core-1.51.1.jar:/home/runner/.m2/repository/com/google/android/annotations/4.1.1.4/annotations-4.1.1.4.jar:/home/runner/.m2/repository/org/codehaus/mojo/animal-sniffer-annotations/1.21/animal-sniffer-annotations-1.21.jar:/home/runner/.m2/repository/com/google/errorprone/error_prone_annotations/2.2.0/error_prone_annotations-2.2.0.jar:/home/runner/.m2/repository/io/perfmark/perfmark-api/0.25.0/perfmark-api-0.25.0.jar:/home/runner/.m2/repository/io/netty/netty-codec-http2/4.1.86.Final/netty-codec-http2-4.1.86.Final.jar:/home/runner/.m2/repository/io/netty/netty-common/4.1.86.Final/netty-common-4.1.86.Final.jar:/home/runner/.m2/repository/io/netty/netty-buffer/4.1.86.Final/netty-buffer-4.1.86.Final.jar:/home/runner/.m2/repository/io/netty/netty-codec-http/4.1.86.Final/netty-codec-http-4.1.86.Final.jar:/home/runner/.m2/repository/io/netty/netty-handler-proxy/4.1.86.Final/netty-handler-proxy-4.1.86.Final.jar:/home/runner/.m2/repository/io/netty/netty-codec-socks/4.1.86.Final/netty-codec-socks-4.1.86.Final.jar:/home/runner/.m2/repository/io/netty/netty-tcnative-boringssl-static/2.0.54.Final/netty-tcnative-boringssl-static-2.0.54.Final.jar:/home/runner/.m2/repository/io/netty/netty-tcnative-classes/2.0.54.Final/netty-tcnative-classes-2.0.54.Final.jar:/home/runner/.m2/repository/io/netty/netty-tcnative-boringssl-static/2.0.54.Final/netty-tcnative-boringssl-static-2.0.54.Final-linux-x86_64.jar:/home/runner/.m2/repository/io/netty/netty-tcnative-boringssl-static/2.0.54.Final/netty-tcnative-boringssl-static-2.0.54.Final-linux-aarch_64.jar:/home/runner/.m2/repository/io/netty/netty-tcnative-boringssl-static/2.0.54.Final/netty-tcnative-boringssl-static-2.0.54.Final-osx-x86_64.jar:/home/runner/.m2/repository/io/netty/netty-tcnative-boringssl-static/2.0.54.Final/netty-tcnative-boringssl-static-2.0.54.Final-osx-aarch_64.jar:/home/runner/.m2/repository/io/netty/netty-tcnative-boringssl-static/2.0.54.Final/netty-tcnative-boringssl-static-2.0.54.Final-windows-x86_64.jar:/home/runner/.m2/repository/org/apache/commons/commons-compress/1.21/commons-compress-1.21.jar:/home/runner/.m2/repository/org/apache/ozone/hdds-common/1.4.0-SNAPSHOT/hdds-common-1.4.0-SNAPSHOT.jar:/home/runner/.m2/repository/org/apache/ozone/hdds-client/1.4.0-SNAPSHOT/hdds-client-1.4.0-SNAPSHOT.jar:/home/runner/.m2/repository/org/apache/ozone/ozone-interface-client/1.4.0-SNAPSHOT/ozone-interface-client-1.4.0-SNAPSHOT.jar:/home/runner/.m2/repository/org/apache/hadoop/hadoop-hdfs-client/3.3.6/hadoop-hdfs-client-3.3.6.jar:/home/runner/.m2/repository/com/squareup/okhttp3/okhttp/4.9.3/okhttp-4.9.3.jar:/home/runner/.m2/repository/com/squareup/okio/okio/2.8.0/okio-2.8.0.jar:/home/runner/.m2/repository/org/jetbrains/kotlin/kotlin-stdlib-common/1.6.21/kotlin-stdlib-common-1.6.21.jar:/home/runner/.m2/repository/org/apache/ozone/hdds-test-utils/1.4.0-SNAPSHOT/hdds-test-utils-1.4.0-SNAPSHOT.jar:/home/runner/.m2/repository/com/google/guava/guava/32.0.0-jre/guava-32.0.0-jre.jar:/home/runner/.m2/repository/com/google/guava/failureaccess/1.0.1/failureaccess-1.0.1.jar:/home/runner/.m2/repository/com/google/guava/listenablefuture/9999.0-empty-to-avoid-conflict-with-guava/listenablefuture-9999.0-empty-to-avoid-conflict-with-guava.jar:/home/runner/.m2/repository/com/google/code/findbugs/jsr305/3.0.0/jsr305-3.0.0.jar:/home/runner/.m2/repository/org/checkerframework/checker-qual/3.33.0/checker-qual-3.33.0.jar:/home/runner/.m2/repository/com/google/j2objc/j2objc-annotations/2.8/j2objc-annotations-2.8.jar:/home/runner/.m2/repository/commons-io/commons-io/2.11.0/commons-io-2.11.0.jar:/home/runner/.m2/repository/commons-logging/commons-logging/1.2/commons-logging-1.2.jar:/home/runner/.m2/repository/ch/qos/reload4j/reload4j/1.2.22/reload4j-1.2.22.jar:/home/runner/.m2/repository/org/slf4j/slf4j-api/1.7.36/slf4j-api-1.7.36.jar:/home/runner/.m2/repository/org/apache/logging/log4j/log4j-api/2.17.1/log4j-api-2.17.1.jar:/home/runner/.m2/repository/org/apache/ozone/hdds-server-scm/1.4.0-SNAPSHOT/hdds-server-scm-1.4.0-SNAPSHOT.jar:/home/runner/.m2/repository/org/apache/ozone/hdds-container-service/1.4.0-SNAPSHOT/hdds-container-service-1.4.0-SNAPSHOT.jar:/home/runner/.m2/repository/org/apache/ozone/hdds-hadoop-dependency-server/1.4.0-SNAPSHOT/hdds-hadoop-dependency-server-1.4.0-SNAPSHOT.jar:/home/runner/.m2/repository/org/apache/hadoop/hadoop-hdfs/3.3.6/hadoop-hdfs-3.3.6.jar:/home/runner/.m2/repository/commons-daemon/commons-daemon/1.0.13/commons-daemon-1.0.13.jar:/home/runner/.m2/repository/org/apache/ozone/hdds-server-framework/1.4.0-SNAPSHOT/hdds-server-framework-1.4.0-SNAPSHOT.jar:/home/runner/.m2/repository/io/dropwizard/metrics/metrics-core/3.2.4/metrics-core-3.2.4.jar:/home/runner/.m2/repository/org/apache/commons/commons-text/1.10.0/commons-text-1.10.0.jar:/home/runner/.m2/repository/org/bouncycastle/bcprov-jdk15on/1.67/bcprov-jdk15on-1.67.jar:/home/runner/.m2/repository/com/google/protobuf/protobuf-java/2.5.0/protobuf-java-2.5.0.jar:/home/runner/.m2/repository/org/apache/ozone/hdds-server-framework/1.4.0-SNAPSHOT/hdds-server-framework-1.4.0-SNAPSHOT-tests.jar:/home/runner/.m2/repository/org/apache/ozone/hdds-interface-server/1.4.0-SNAPSHOT/hdds-interface-server-1.4.0-SNAPSHOT.jar:/home/runner/.m2/repository/org/apache/ozone/hdds-interface-admin/1.4.0-SNAPSHOT/hdds-interface-admin-1.4.0-SNAPSHOT.jar:/home/runner/.m2/repository/org/apache/ozone/hdds-managed-rocksdb/1.4.0-SNAPSHOT/hdds-managed-rocksdb-1.4.0-SNAPSHOT.jar:/home/runner/.m2/repository/org/rocksdb/rocksdbjni/7.7.3/rocksdbjni-7.7.3.jar:/home/runner/.m2/repository/org/slf4j/slf4j-reload4j/1.7.36/slf4j-reload4j-1.7.36.jar:/home/runner/.m2/repository/org/apache/commons/commons-configuration2/2.1.1/commons-configuration2-2.1.1.jar:/home/runner/.m2/repository/commons-fileupload/commons-fileupload/1.5/commons-fileupload-1.5.jar:/home/runner/.m2/repository/org/apache/logging/log4j/log4j-core/2.17.1/log4j-core-2.17.1.jar:/home/runner/.m2/repository/com/lmax/disruptor/3.4.2/disruptor-3.4.2.jar:/home/runner/.m2/repository/org/eclipse/jetty/jetty-util/9.4.51.v20230217/jetty-util-9.4.51.v20230217.jar:/home/runner/.m2/repository/org/eclipse/jetty/jetty-server/9.4.51.v20230217/jetty-server-9.4.51.v20230217.jar:/home/runner/.m2/repository/org/eclipse/jetty/jetty-http/9.4.51.v20230217/jetty-http-9.4.51.v20230217.jar:/home/runner/.m2/repository/org/eclipse/jetty/jetty-io/9.4.51.v20230217/jetty-io-9.4.51.v20230217.jar:/home/runner/.m2/repository/org/eclipse/jetty/jetty-servlet/9.4.51.v20230217/jetty-servlet-9.4.51.v20230217.jar:/home/runner/.m2/repository/org/eclipse/jetty/jetty-security/9.4.51.v20230217/jetty-security-9.4.51.v20230217.jar:/home/runner/.m2/repository/org/eclipse/jetty/jetty-util-ajax/9.4.51.v20230217/jetty-util-ajax-9.4.51.v20230217.jar:/home/runner/.m2/repository/org/eclipse/jetty/jetty-webapp/9.4.51.v20230217/jetty-webapp-9.4.51.v20230217.jar:/home/runner/.m2/repository/org/eclipse/jetty/jetty-xml/9.4.51.v20230217/jetty-xml-9.4.51.v20230217.jar:/home/runner/.m2/repository/org/apache/ratis/ratis-server/2.5.1/ratis-server-2.5.1.jar:/home/runner/.m2/repository/org/apache/ratis/ratis-thirdparty-misc/1.0.4/ratis-thirdparty-misc-1.0.4.jar:/home/runner/.m2/repository/org/apache/ratis/ratis-proto/2.5.1/ratis-proto-2.5.1.jar:/home/runner/.m2/repository/org/apache/ratis/ratis-common/2.5.1/ratis-common-2.5.1.jar:/home/runner/.m2/repository/org/apache/ratis/ratis-client/2.5.1/ratis-client-2.5.1.jar:/home/runner/.m2/repository/org/apache/ratis/ratis-server-api/2.5.1/ratis-server-api-2.5.1.jar:/home/runner/.m2/repository/org/apache/ratis/ratis-metrics/2.5.1/ratis-metrics-2.5.1.jar:/home/runner/.m2/repository/io/prometheus/simpleclient_dropwizard/0.7.0/simpleclient_dropwizard-0.7.0.jar:/home/runner/.m2/repository/io/prometheus/simpleclient/0.7.0/simpleclient-0.7.0.jar:/home/runner/.m2/repository/io/prometheus/simpleclient_common/0.7.0/simpleclient_common-0.7.0.jar:/home/runner/.m2/repository/com/fasterxml/jackson/datatype/jackson-datatype-jsr310/2.13.4/jackson-datatype-jsr310-2.13.4.jar:/home/runner/.m2/repository/com/fasterxml/jackson/core/jackson-core/2.13.4/jackson-core-2.13.4.jar:/home/runner/.m2/repository/com/github/spotbugs/spotbugs-annotations/3.1.12/spotbugs-annotations-3.1.12.jar:/home/runner/.m2/repository/org/apache/ozone/rocksdb-checkpoint-differ/1.4.0-SNAPSHOT/rocksdb-checkpoint-differ-1.4.0-SNAPSHOT.jar:/home/runner/.m2/repository/org/awaitility/awaitility/4.2.0/awaitility-4.2.0.jar:/home/runner/.m2/repository/org/hamcrest/hamcrest/2.1/hamcrest-2.1.jar:/home/runner/.m2/repository/org/apache/ozone/ozone-manager/1.4.0-SNAPSHOT/ozone-manager-1.4.0-SNAPSHOT.jar:/home/runner/.m2/repository/org/aspectj/aspectjrt/1.9.7/aspectjrt-1.9.7.jar:/home/runner/.m2/repository/org/aspectj/aspectjweaver/1.9.7/aspectjweaver-1.9.7.jar:/home/runner/.m2/repository/org/apache/ozone/hdds-interface-client/1.4.0-SNAPSHOT/hdds-interface-client-1.4.0-SNAPSHOT.jar:/home/runner/.m2/repository/org/apache/hadoop/thirdparty/hadoop-shaded-protobuf_3_7/1.1.1/hadoop-shaded-protobuf_3_7-1.1.1.jar:/home/runner/.m2/repository/org/apache/ozone/ozone-interface-storage/1.4.0-SNAPSHOT/ozone-interface-storage-1.4.0-SNAPSHOT.jar:/home/runner/.m2/repository/org/reflections/reflections/0.9.11/reflections-0.9.11.jar:/home/runner/.m2/repository/com/sun/jersey/jersey-client/1.19/jersey-client-1.19.jar:/home/runner/.m2/repository/org/codehaus/jackson/jackson-core-asl/1.9.13/jackson-core-asl-1.9.13.jar:/home/runner/.m2/repository/org/codehaus/jackson/jackson-mapper-asl/1.9.13/jackson-mapper-asl-1.9.13.jar:/home/runner/.m2/repository/org/codehaus/jackson/jackson-jaxrs/1.9.13/jackson-jaxrs-1.9.13.jar:/home/runner/.m2/repository/org/apache/ranger/ranger-intg/2.3.0/ranger-intg-2.3.0.jar:/home/runner/.m2/repository/org/apache/ranger/ranger-plugins-common/2.3.0/ranger-plugins-common-2.3.0.jar:/home/runner/.m2/repository/commons-lang/commons-lang/2.6/commons-lang-2.6.jar:/home/runner/.m2/repository/org/apache/ranger/ranger-plugins-cred/2.3.0/ranger-plugins-cred-2.3.0.jar:/home/runner/.m2/repository/org/apache/ranger/ranger-plugins-audit/2.3.0/ranger-plugins-audit-2.3.0.jar:/home/runner/.m2/repository/org/eclipse/jetty/jetty-client/9.4.51.v20230217/jetty-client-9.4.51.v20230217.jar:/home/runner/.m2/repository/org/apache/httpcomponents/httpmime/4.5.6/httpmime-4.5.6.jar:/home/runner/.m2/repository/org/apache/httpcomponents/httpcore-nio/4.4.13/httpcore-nio-4.4.13.jar:/home/runner/.m2/repository/org/apache/httpcomponents/httpasyncclient/4.1.3/httpasyncclient-4.1.3.jar:/home/runner/.m2/repository/com/carrotsearch/hppc/0.8.0/hppc-0.8.0.jar:/home/runner/.m2/repository/org/apache/orc/orc-core/1.5.8/orc-core-1.5.8.jar:/home/runner/.m2/repository/net/java/dev/jna/jna/5.2.0/jna-5.2.0.jar:/home/runner/.m2/repository/net/java/dev/jna/jna-platform/5.2.0/jna-platform-5.2.0.jar:/home/runner/.m2/repository/com/kstruct/gethostname4j/0.0.2/gethostname4j-0.0.2.jar:/home/runner/.m2/repository/org/apache/ranger/ranger-plugin-classloader/2.3.0/ranger-plugin-classloader-2.3.0.jar:/home/runner/.m2/repository/org/apache/ozone/hdds-rocks-native/1.4.0-SNAPSHOT/hdds-rocks-native-1.4.0-SNAPSHOT.jar:/home/runner/.m2/repository/org/apache/hadoop/hadoop-minikdc/3.3.6/hadoop-minikdc-3.3.6.jar:/home/runner/.m2/repository/org/apache/kerby/kerb-simplekdc/1.0.1/kerb-simplekdc-1.0.1.jar:/home/runner/.m2/repository/org/apache/kerby/kerb-client/1.0.1/kerb-client-1.0.1.jar:/home/runner/.m2/repository/org/apache/kerby/kerby-config/1.0.1/kerby-config-1.0.1.jar:/home/runner/.m2/repository/org/apache/kerby/kerb-common/1.0.1/kerb-common-1.0.1.jar:/home/runner/.m2/repository/org/apache/kerby/kerb-crypto/1.0.1/kerb-crypto-1.0.1.jar:/home/runner/.m2/repository/org/apache/kerby/kerb-util/1.0.1/kerb-util-1.0.1.jar:/home/runner/.m2/repository/org/apache/kerby/token-provider/1.0.1/token-provider-1.0.1.jar:/home/runner/.m2/repository/org/apache/kerby/kerb-admin/1.0.1/kerb-admin-1.0.1.jar:/home/runner/.m2/repository/org/apache/kerby/kerb-server/1.0.1/kerb-server-1.0.1.jar:/home/runner/.m2/repository/org/apache/kerby/kerb-identity/1.0.1/kerb-identity-1.0.1.jar:/home/runner/.m2/repository/org/apache/kerby/kerby-xdr/1.0.1/kerby-xdr-1.0.1.jar:/home/runner/.m2/repository/org/apache/ozone/ozone-s3gateway/1.4.0-SNAPSHOT/ozone-s3gateway-1.4.0-SNAPSHOT.jar:/home/runner/.m2/repository/org/javassist/javassist/3.21.0-GA/javassist-3.21.0-GA.jar:/home/runner/.m2/repository/org/jboss/weld/servlet/weld-servlet-shaded/3.1.9.Final/weld-servlet-shaded-3.1.9.Final.jar:/home/runner/.m2/repository/org/glassfish/jersey/containers/jersey-container-servlet-core/2.34/jersey-container-servlet-core-2.34.jar:/home/runner/.m2/repository/org/glassfish/hk2/external/jakarta.inject/2.6.1/jakarta.inject-2.6.1.jar:/home/runner/.m2/repository/org/glassfish/jersey/core/jersey-common/2.34/jersey-common-2.34.jar:/home/runner/.m2/repository/jakarta/ws/rs/jakarta.ws.rs-api/2.1.6/jakarta.ws.rs-api-2.1.6.jar:/home/runner/.m2/repository/org/glassfish/jersey/ext/cdi/jersey-cdi1x/2.34/jersey-cdi1x-2.34.jar:/home/runner/.m2/repository/org/glassfish/jersey/inject/jersey-hk2/2.34/jersey-hk2-2.34.jar:/home/runner/.m2/repository/org/glassfish/hk2/hk2-locator/2.6.1/hk2-locator-2.6.1.jar:/home/runner/.m2/repository/org/glassfish/jersey/media/jersey-media-jaxb/2.34/jersey-media-jaxb-2.34.jar:/home/runner/.m2/repository/org/glassfish/hk2/osgi-resource-locator/1.0.3/osgi-resource-locator-1.0.3.jar:/home/runner/.m2/repository/org/glassfish/hk2/hk2-api/2.5.0/hk2-api-2.5.0.jar:/home/runner/.m2/repository/org/glassfish/hk2/hk2-utils/2.5.0/hk2-utils-2.5.0.jar:/home/runner/.m2/repository/org/glassfish/hk2/external/aopalliance-repackaged/2.5.0/aopalliance-repackaged-2.5.0.jar:/home/runner/.m2/repository/com/fasterxml/jackson/dataformat/jackson-dataformat-xml/2.13.4/jackson-dataformat-xml-2.13.4.jar:/home/runner/.m2/repository/org/codehaus/woodstox/stax2-api/4.2.1/stax2-api-4.2.1.jar:/home/runner/.m2/repository/com/fasterxml/woodstox/woodstox-core/5.4.0/woodstox-core-5.4.0.jar:/home/runner/.m2/repository/com/fasterxml/jackson/module/jackson-module-jaxb-annotations/2.13.4/jackson-module-jaxb-annotations-2.13.4.jar:/home/runner/.m2/repository/jakarta/xml/bind/jakarta.xml.bind-api/2.3.3/jakarta.xml.bind-api-2.3.3.jar:/home/runner/.m2/repository/jakarta/activation/jakarta.activation-api/1.2.2/jakarta.activation-api-1.2.2.jar:/home/runner/.m2/repository/javax/enterprise/cdi-api/2.0/cdi-api-2.0.jar:/home/runner/.m2/repository/javax/el/javax.el-api/3.0.0/javax.el-api-3.0.0.jar:/home/runner/.m2/repository/javax/interceptor/javax.interceptor-api/1.2/javax.interceptor-api-1.2.jar:/home/runner/.m2/repository/javax/inject/javax.inject/1/javax.inject-1.jar:/home/runner/.m2/repository/javax/xml/bind/jaxb-api/2.3.0/jaxb-api-2.3.0.jar:/home/runner/.m2/repository/org/glassfish/jaxb/jaxb-runtime/2.3.0.1/jaxb-runtime-2.3.0.1.jar:/home/runner/.m2/repository/org/glassfish/jaxb/jaxb-core/2.3.0.1/jaxb-core-2.3.0.1.jar:/home/runner/.m2/repository/org/glassfish/jaxb/txw2/2.3.0.1/txw2-2.3.0.1.jar:/home/runner/.m2/repository/com/sun/istack/istack-commons-runtime/3.0.5/istack-commons-runtime-3.0.5.jar:/home/runner/.m2/repository/org/jvnet/staxex/stax-ex/1.7.8/stax-ex-1.7.8.jar:/home/runner/.m2/repository/com/sun/xml/fastinfoset/FastInfoset/1.2.13/FastInfoset-1.2.13.jar:/home/runner/.m2/repository/javax/activation/activation/1.1.1/activation-1.1.1.jar:/home/runner/.m2/repository/io/grpc/grpc-protobuf/1.51.1/grpc-protobuf-1.51.1.jar:/home/runner/.m2/repository/com/google/api/grpc/proto-google-common-protos/2.9.0/proto-google-common-protos-2.9.0.jar:/home/runner/.m2/repository/io/grpc/grpc-protobuf-lite/1.51.1/grpc-protobuf-lite-1.51.1.jar:/home/runner/.m2/repository/io/grpc/grpc-stub/1.51.1/grpc-stub-1.51.1.jar:/home/runner/.m2/repository/io/netty/netty-transport/4.1.86.Final/netty-transport-4.1.86.Final.jar:/home/runner/.m2/repository/io/netty/netty-resolver/4.1.86.Final/netty-resolver-4.1.86.Final.jar:/home/runner/.m2/repository/org/apache/ozone/ozone-csi/1.4.0-SNAPSHOT/ozone-csi-1.4.0-SNAPSHOT.jar:/home/runner/.m2/repository/com/google/protobuf/protobuf-java-util/3.19.6/protobuf-java-util-3.19.6.jar:/home/runner/.m2/repository/com/google/code/gson/gson/2.9.0/gson-2.9.0.jar:/home/runner/.m2/repository/org/apache/ozone/hdds-config/1.4.0-SNAPSHOT/hdds-config-1.4.0-SNAPSHOT.jar:/home/runner/.m2/repository/io/netty/netty-transport-native-epoll/4.1.86.Final/netty-transport-native-epoll-4.1.86.Final-linux-x86_64.jar:/home/runner/.m2/repository/io/netty/netty-transport-classes-epoll/4.1.86.Final/netty-transport-classes-epoll-4.1.86.Final.jar:/home/runner/.m2/repository/io/netty/netty-transport-native-unix-common/4.1.86.Final/netty-transport-native-unix-common-4.1.86.Final.jar:/home/runner/.m2/repository/org/apache/ozone/ozone-recon/1.4.0-SNAPSHOT/ozone-recon-1.4.0-SNAPSHOT.jar:/home/runner/.m2/repository/org/apache/ozone/ozone-reconcodegen/1.4.0-SNAPSHOT/ozone-reconcodegen-1.4.0-SNAPSHOT.jar:/home/runner/.m2/repository/com/google/inject/guice/5.1.0/guice-5.1.0.jar:/home/runner/.m2/repository/aopalliance/aopalliance/1.0/aopalliance-1.0.jar:/home/runner/.m2/repository/com/google/inject/extensions/guice-assistedinject/5.1.0/guice-assistedinject-5.1.0.jar:/home/runner/.m2/repository/com/google/inject/extensions/guice-servlet/5.1.0/guice-servlet-5.1.0.jar:/home/runner/.m2/repository/org/glassfish/jersey/containers/jersey-container-servlet/2.34/jersey-container-servlet-2.34.jar:/home/runner/.m2/repository/org/glassfish/hk2/guice-bridge/2.5.0/guice-bridge-2.5.0.jar:/home/runner/.m2/repository/org/glassfish/jersey/core/jersey-server/2.34/jersey-server-2.34.jar:/home/runner/.m2/repository/org/glassfish/jersey/core/jersey-client/2.34/jersey-client-2.34.jar:/home/runner/.m2/repository/jakarta/annotation/jakarta.annotation-api/1.3.5/jakarta.annotation-api-1.3.5.jar:/home/runner/.m2/repository/jakarta/validation/jakarta.validation-api/2.0.2/jakarta.validation-api-2.0.2.jar:/home/runner/.m2/repository/org/glassfish/jersey/media/jersey-media-json-jackson/2.34/jersey-media-json-jackson-2.34.jar:/home/runner/.m2/repository/org/glassfish/jersey/ext/jersey-entity-filtering/2.34/jersey-entity-filtering-2.34.jar:/home/runner/.m2/repository/org/jooq/jooq/3.11.10/jooq-3.11.10.jar:/home/runner/.m2/repository/org/jooq/jooq-meta/3.11.10/jooq-meta-3.11.10.jar:/home/runner/.m2/repository/org/jooq/jooq-codegen/3.11.10/jooq-codegen-3.11.10.jar:/home/runner/.m2/repository/com/jolbox/bonecp/0.8.0.RELEASE/bonecp-0.8.0.RELEASE.jar:/home/runner/.m2/repository/org/apache/derby/derby/10.14.2.0/derby-10.14.2.0.jar:/home/runner/.m2/repository/org/xerial/sqlite-jdbc/3.41.2.2/sqlite-jdbc-3.41.2.2.jar:/home/runner/.m2/repository/org/springframework/spring-jdbc/5.3.27/spring-jdbc-5.3.27.jar:/home/runner/.m2/repository/org/springframework/spring-beans/5.3.27/spring-beans-5.3.27.jar:/home/runner/.m2/repository/org/springframework/spring-core/5.3.27/spring-core-5.3.27.jar:/home/runner/.m2/repository/org/springframework/spring-tx/5.3.27/spring-tx-5.3.27.jar:/home/runner/.m2/repository/org/apache/ozone/ozone-client/1.4.0-SNAPSHOT/ozone-client-1.4.0-SNAPSHOT.jar:/home/runner/.m2/repository/org/apache/ozone/hdds-erasurecode/1.4.0-SNAPSHOT/hdds-erasurecode-1.4.0-SNAPSHOT.jar:/home/runner/.m2/repository/org/apache/ozone/ozone-filesystem/1.4.0-SNAPSHOT/ozone-filesystem-1.4.0-SNAPSHOT.jar:/home/runner/.m2/repository/org/apache/ozone/ozone-filesystem-common/1.4.0-SNAPSHOT/ozone-filesystem-common-1.4.0-SNAPSHOT.jar:/home/runner/.m2/repository/org/apache/ozone/ozone-tools/1.4.0-SNAPSHOT/ozone-tools-1.4.0-SNAPSHOT.jar:/home/runner/.m2/repository/com/amazonaws/aws-java-sdk-core/1.12.261/aws-java-sdk-core-1.12.261.jar:/home/runner/.m2/repository/org/apache/httpcomponents/httpclient/4.5.13/httpclient-4.5.13.jar:/home/runner/.m2/repository/org/apache/httpcomponents/httpcore/4.4.13/httpcore-4.4.13.jar:/home/runner/.m2/repository/software/amazon/ion/ion-java/1.0.2/ion-java-1.0.2.jar:/home/runner/.m2/repository/com/fasterxml/jackson/dataformat/jackson-dataformat-cbor/2.13.4/jackson-dataformat-cbor-2.13.4.jar:/home/runner/.m2/repository/joda-time/joda-time/2.10.6/joda-time-2.10.6.jar:/home/runner/.m2/repository/com/amazonaws/aws-java-sdk-s3/1.12.261/aws-java-sdk-s3-1.12.261.jar:/home/runner/.m2/repository/com/amazonaws/aws-java-sdk-kms/1.12.261/aws-java-sdk-kms-1.12.261.jar:/home/runner/.m2/repository/com/amazonaws/jmespath-java/1.12.261/jmespath-java-1.12.261.jar:/home/runner/.m2/repository/org/kohsuke/metainf-services/metainf-services/1.8/metainf-services-1.8.jar:/home/runner/.m2/repository/org/apache/ozone/hdds-tools/1.4.0-SNAPSHOT/hdds-tools-1.4.0-SNAPSHOT.jar:/home/runner/.m2/repository/org/apache/ratis/ratis-tools/2.5.1/ratis-tools-2.5.1.jar:/home/runner/.m2/repository/commons-cli/commons-cli/1.2/commons-cli-1.2.jar:/home/runner/.m2/repository/org/apache/commons/commons-lang3/3.7/commons-lang3-3.7.jar:/home/runner/.m2/repository/org/apache/ozone/ozone-manager/1.4.0-SNAPSHOT/ozone-manager-1.4.0-SNAPSHOT-tests.jar:/home/runner/.m2/repository/org/apache/ozone/hdds-common/1.4.0-SNAPSHOT/hdds-common-1.4.0-SNAPSHOT-tests.jar:/home/runner/.m2/repository/org/apache/ozone/hdds-hadoop-dependency-client/1.4.0-SNAPSHOT/hdds-hadoop-dependency-client-1.4.0-SNAPSHOT.jar:/home/runner/.m2/repository/info/picocli/picocli/4.6.1/picocli-4.6.1.jar:/home/runner/.m2/repository/com/fasterxml/jackson/core/jackson-annotations/2.13.4/jackson-annotations-2.13.4.jar:/home/runner/.m2/repository/org/apache/ozone/hdds-annotation-processing/1.4.0-SNAPSHOT/hdds-annotation-processing-1.4.0-SNAPSHOT.jar:/home/runner/.m2/repository/javax/annotation/javax.annotation-api/1.2/javax.annotation-api-1.2.jar:/home/runner/.m2/repository/org/apache/ratis/ratis-netty/2.5.1/ratis-netty-2.5.1.jar:/home/runner/.m2/repository/org/apache/ratis/ratis-grpc/2.5.1/ratis-grpc-2.5.1.jar:/home/runner/.m2/repository/org/apache/commons/commons-pool2/2.6.0/commons-pool2-2.6.0.jar:/home/runner/.m2/repository/org/bouncycastle/bcpkix-jdk15on/1.67/bcpkix-jdk15on-1.67.jar:/home/runner/.m2/repository/commons-validator/commons-validator/1.6/commons-validator-1.6.jar:/home/runner/.m2/repository/commons-beanutils/commons-beanutils/1.9.4/commons-beanutils-1.9.4.jar:/home/runner/.m2/repository/commons-digester/commons-digester/1.8.1/commons-digester-1.8.1.jar:/home/runner/.m2/repository/commons-collections/commons-collections/3.2.2/commons-collections-3.2.2.jar:/home/runner/.m2/repository/io/jaegertracing/jaeger-client/1.6.0/jaeger-client-1.6.0.jar:/home/runner/.m2/repository/io/jaegertracing/jaeger-thrift/1.6.0/jaeger-thrift-1.6.0.jar:/home/runner/.m2/repository/org/apache/thrift/libthrift/0.14.1/libthrift-0.14.1.jar:/home/runner/.m2/repository/io/jaegertracing/jaeger-core/1.6.0/jaeger-core-1.6.0.jar:/home/runner/.m2/repository/io/jaegertracing/jaeger-tracerresolver/1.6.0/jaeger-tracerresolver-1.6.0.jar:/home/runner/.m2/repository/io/opentracing/contrib/opentracing-tracerresolver/0.1.8/opentracing-tracerresolver-0.1.8.jar:/home/runner/.m2/repository/org/jetbrains/kotlin/kotlin-stdlib/1.6.21/kotlin-stdlib-1.6.21.jar:/home/runner/.m2/repository/org/jetbrains/annotations/13.0/annotations-13.0.jar:/home/runner/.m2/repository/io/opentracing/opentracing-util/0.33.0/opentracing-util-0.33.0.jar:/home/runner/.m2/repository/io/opentracing/opentracing-api/0.33.0/opentracing-api-0.33.0.jar:/home/runner/.m2/repository/io/opentracing/opentracing-noop/0.33.0/opentracing-noop-0.33.0.jar:/home/runner/.m2/repository/org/yaml/snakeyaml/2.0/snakeyaml-2.0.jar:/home/runner/.m2/repository/io/grpc/grpc-api/1.51.1/grpc-api-1.51.1.jar:/home/runner/.m2/repository/io/grpc/grpc-context/1.51.1/grpc-context-1.51.1.jar:/home/runner/.m2/repository/junit/junit/4.13.1/junit-4.13.1.jar:/home/runner/.m2/repository/org/hamcrest/hamcrest-core/1.3/hamcrest-core-1.3.jar:/home/runner/.m2/repository/org/junit/jupiter/junit-jupiter-api/5.8.2/junit-jupiter-api-5.8.2.jar:/home/runner/.m2/repository/org/opentest4j/opentest4j/1.2.0/opentest4j-1.2.0.jar:/home/runner/.m2/repository/org/junit/platform/junit-platform-commons/1.8.2/junit-platform-commons-1.8.2.jar:/home/runner/.m2/repository/org/apiguardian/apiguardian-api/1.1.2/apiguardian-api-1.1.2.jar:/home/runner/.m2/repository/org/junit/jupiter/junit-jupiter-params/5.8.2/junit-jupiter-params-5.8.2.jar:/home/runner/.m2/repository/org/junit/jupiter/junit-jupiter-migrationsupport/5.8.2/junit-jupiter-migrationsupport-5.8.2.jar:/home/runner/.m2/repository/org/junit/jupiter/junit-jupiter-engine/5.8.2/junit-jupiter-engine-5.8.2.jar:/home/runner/.m2/repository/org/junit/platform/junit-platform-engine/1.8.2/junit-platform-engine-1.8.2.jar:/home/runner/.m2/repository/org/junit/vintage/junit-vintage-engine/5.8.2/junit-vintage-engine-5.8.2.jar:/home/runner/.m2/repository/org/junit/platform/junit-platform-launcher/1.8.2/junit-platform-launcher-1.8.2.jar:/home/runner/.m2/repository/org/mockito/mockito-core/3.5.9/mockito-core-3.5.9.jar:/home/runner/.m2/repository/net/bytebuddy/byte-buddy/1.10.13/byte-buddy-1.10.13.jar:/home/runner/.m2/repository/net/bytebuddy/byte-buddy-agent/1.10.13/byte-buddy-agent-1.10.13.jar:/home/runner/.m2/repository/org/objenesis/objenesis/1.0/objenesis-1.0.jar:/home/runner/.m2/repository/org/apache/hadoop/hadoop-kms/3.3.6/hadoop-kms-3.3.6.jar:/home/runner/.m2/repository/org/apache/hadoop/hadoop-auth/3.3.6/hadoop-auth-3.3.6.jar:/home/runner/.m2/repository/com/nimbusds/nimbus-jose-jwt/9.8.1/nimbus-jose-jwt-9.8.1.jar:/home/runner/.m2/repository/com/github/stephenc/jcip/jcip-annotations/1.0-1/jcip-annotations-1.0-1.jar:/home/runner/.m2/repository/org/apache/zookeeper/zookeeper/3.5.6/zookeeper-3.5.6.jar:/home/runner/.m2/repository/org/apache/zookeeper/zookeeper-jute/3.5.6/zookeeper-jute-3.5.6.jar:/home/runner/.m2/repository/org/apache/yetus/audience-annotations/0.5.0/audience-annotations-0.5.0.jar:/home/runner/.m2/repository/org/apache/curator/curator-framework/4.2.0/curator-framework-4.2.0.jar:/home/runner/.m2/repository/org/apache/hadoop/thirdparty/hadoop-shaded-guava/1.1.1/hadoop-shaded-guava-1.1.1.jar:/home/runner/.m2/repository/com/sun/jersey/jersey-core/1.19/jersey-core-1.19.jar:/home/runner/.m2/repository/javax/ws/rs/jsr311-api/1.1.1/jsr311-api-1.1.1.jar:/home/runner/.m2/repository/com/sun/jersey/jersey-server/1.19/jersey-server-1.19.jar:/home/runner/.m2/repository/javax/servlet/javax.servlet-api/3.1.0/javax.servlet-api-3.1.0.jar:/home/runner/.m2/repository/org/apache/hadoop/hadoop-common/3.3.6/hadoop-common-3.3.6.jar:/home/runner/.m2/repository/org/apache/commons/commons-math3/3.1.1/commons-math3-3.1.1.jar:/home/runner/.m2/repository/commons-net/commons-net/3.9.0/commons-net-3.9.0.jar:/home/runner/.m2/repository/com/sun/jersey/jersey-servlet/1.19/jersey-servlet-1.19.jar:/home/runner/.m2/repository/com/github/pjfanning/jersey-json/1.20/jersey-json-1.20.jar:/home/runner/.m2/repository/org/codehaus/jettison/jettison/1.1/jettison-1.1.jar:/home/runner/.m2/repository/com/sun/xml/bind/jaxb-impl/2.2.3-1/jaxb-impl-2.2.3-1.jar:/home/runner/.m2/repository/com/google/re2j/re2j/1.1/re2j-1.1.jar:/home/runner/.m2/repository/com/jcraft/jsch/0.1.54/jsch-0.1.54.jar:/home/runner/.m2/repository/org/apache/curator/curator-client/4.2.0/curator-client-4.2.0.jar:/home/runner/.m2/repository/org/apache/curator/curator-recipes/5.2.0/curator-recipes-5.2.0.jar:/home/runner/.m2/repository/org/apache/kerby/kerb-core/1.0.1/kerb-core-1.0.1.jar:/home/runner/.m2/repository/org/apache/kerby/kerby-pkix/1.0.1/kerby-pkix-1.0.1.jar:/home/runner/.m2/repository/org/apache/kerby/kerby-asn1/1.0.1/kerby-asn1-1.0.1.jar:/home/runner/.m2/repository/org/apache/kerby/kerby-util/1.0.1/kerby-util-1.0.1.jar:/home/runner/.m2/repository/dnsjava/dnsjava/2.1.7/dnsjava-2.1.7.jar:/home/runner/.m2/repository/org/xerial/snappy/snappy-java/1.1.8.2/snappy-java-1.1.8.2.jar:/home/runner/.m2/repository/com/fasterxml/jackson/core/jackson-databind/2.13.4.2/jackson-databind-2.13.4.2.jar:/home/runner/.m2/repository/org/apache/hadoop/hadoop-kms/3.3.6/hadoop-kms-3.3.6-tests.jar:/home/runner/.m2/repository/org/apache/ozone/hdds-server-scm/1.4.0-SNAPSHOT/hdds-server-scm-1.4.0-SNAPSHOT-tests.jar:/home/runner/.m2/repository/org/apache/ozone/hdds-container-service/1.4.0-SNAPSHOT/hdds-container-service-1.4.0-SNAPSHOT-tests.jar:/home/runner/.m2/repository/com/github/luben/zstd-jni/1.5.2-5/zstd-jni-1.5.2-5.jar:/home/runner/.m2/repository/commons-codec/commons-codec/1.15/commons-codec-1.15.jar:/home/runner/.m2/repository/io/netty/netty-codec/4.1.86.Final/netty-codec-4.1.86.Final.jar:/home/runner/.m2/repository/io/netty/netty-handler/4.1.86.Final/netty-handler-4.1.86.Final.jar:/home/runner/.m2/repository/org/apache/ozone/hdds-hadoop-dependency-test/1.4.0-SNAPSHOT/hdds-hadoop-dependency-test-1.4.0-SNAPSHOT.jar:/home/runner/.m2/repository/org/apache/hadoop/hadoop-common/3.3.6/hadoop-common-3.3.6-tests.jar:/home/runner/.m2/repository/org/apache/hadoop/hadoop-hdfs/3.3.6/hadoop-hdfs-3.3.6-tests.jar:/home/runner/.m2/repository/org/assertj/assertj-core/3.12.2/assertj-core-3.12.2.jar:/home/runner/.m2/repository/org/apache/hadoop/hadoop-distcp/3.3.6/hadoop-distcp-3.3.6.jar:/home/runner/.m2/repository/org/apache/hadoop/hadoop-mapreduce-client-jobclient/3.3.6/hadoop-mapreduce-client-jobclient-3.3.6.jar:/home/runner/.m2/repository/org/apache/hadoop/hadoop-mapreduce-client-common/3.3.6/hadoop-mapreduce-client-common-3.3.6.jar:/home/runner/.m2/repository/org/apache/hadoop/hadoop-yarn-common/3.3.6/hadoop-yarn-common-3.3.6.jar:/home/runner/.m2/repository/org/apache/hadoop/hadoop-yarn-api/3.3.6/hadoop-yarn-api-3.3.6.jar:/home/runner/.m2/repository/com/sun/jersey/contribs/jersey-guice/1.19/jersey-guice-1.19.jar:/home/runner/.m2/repository/com/fasterxml/jackson/jaxrs/jackson-jaxrs-json-provider/2.13.4/jackson-jaxrs-json-provider-2.13.4.jar:/home/runner/.m2/repository/com/fasterxml/jackson/jaxrs/jackson-jaxrs-base/2.13.4/jackson-jaxrs-base-2.13.4.jar:/home/runner/.m2/repository/org/apache/hadoop/hadoop-yarn-client/3.3.6/hadoop-yarn-client-3.3.6.jar:/home/runner/.m2/repository/org/eclipse/jetty/websocket/websocket-client/9.4.51.v20230217/websocket-client-9.4.51.v20230217.jar:/home/runner/.m2/repository/org/eclipse/jetty/websocket/websocket-common/9.4.51.v20230217/websocket-common-9.4.51.v20230217.jar:/home/runner/.m2/repository/org/eclipse/jetty/websocket/websocket-api/9.4.51.v20230217/websocket-api-9.4.51.v20230217.jar:/home/runner/.m2/repository/org/jline/jline/3.9.0/jline-3.9.0.jar:/home/runner/.m2/repository/org/apache/hadoop/hadoop-mapreduce-client-core/3.3.6/hadoop-mapreduce-client-core-3.3.6.jar:/home/runner/.m2/repository/org/apache/avro/avro/1.7.7/avro-1.7.7.jar:/home/runner/.m2/repository/com/thoughtworks/paranamer/paranamer/2.3/paranamer-2.3.jar:/home/runner/.m2/repository/org/apache/hadoop/hadoop-annotations/3.3.6/hadoop-annotations-3.3.6.jar:/usr/lib/jvm/temurin-8-jdk-amd64/jre/../lib/tools.jar:/home/runner/.m2/repository/io/netty/netty/3.10.6.Final/netty-3.10.6.Final.jar:/home/runner/.m2/repository/org/apache/hadoop/hadoop-distcp/3.3.6/hadoop-distcp-3.3.6-tests.jar:/home/runner/.m2/repository/org/slf4j/jul-to-slf4j/1.7.36/jul-to-slf4j-1.7.36.jar:"/>
    <property name="sun.cpu.endian" value="little"/>
    <property name="user.home" value="/home/runner"/>
    <property name="user.language" value="en"/>
    <property name="java.specification.vendor" value="Oracle Corporation"/>
    <property name="java.home" value="/usr/lib/jvm/temurin-8-jdk-amd64/jre"/>
    <property name="java.security.krb5.conf" value="/home/runner/work/ozone/ozone/hadoop-ozone/integration-test/target/test-classes/krb5.conf"/>
    <property name="file.separator" value="/"/>
    <property name="basedir" value="/home/runner/work/ozone/ozone/hadoop-ozone/integration-test"/>
    <property name="line.separator" value="&#10;"/>
    <property name="java.vm.specification.vendor" value="Oracle Corporation"/>
    <property name="java.specification.name" value="Java Platform API Specification"/>
    <property name="skip.installnpx" value="true"/>
    <property name="java.awt.graphicsenv" value="sun.awt.X11GraphicsEnvironment"/>
    <property name="surefire.real.class.path" value="/home/runner/work/ozone/ozone/hadoop-ozone/integration-test/target/surefire/surefirebooter8237533335090127141.jar:/home/runner/.m2/repository/org/jacoco/org.jacoco.agent/0.8.5/org.jacoco.agent-0.8.5-runtime.jar"/>
    <property name="sun.boot.class.path" value="/usr/lib/jvm/temurin-8-jdk-amd64/jre/lib/resources.jar:/usr/lib/jvm/temurin-8-jdk-amd64/jre/lib/rt.jar:/usr/lib/jvm/temurin-8-jdk-amd64/jre/lib/sunrsasign.jar:/usr/lib/jvm/temurin-8-jdk-amd64/jre/lib/jsse.jar:/usr/lib/jvm/temurin-8-jdk-amd64/jre/lib/jce.jar:/usr/lib/jvm/temurin-8-jdk-amd64/jre/lib/charsets.jar:/usr/lib/jvm/temurin-8-jdk-amd64/jre/lib/jfr.jar:/usr/lib/jvm/temurin-8-jdk-amd64/jre/classes"/>
    <property name="hadoop.log.dir" value="/home/runner/work/ozone/ozone/hadoop-ozone/integration-test/target/log"/>
    <property name="sun.management.compiler" value="HotSpot 64-Bit Tiered Compilers"/>
    <property name="java.runtime.version" value="1.8.0_372-b07"/>
    <property name="skip.npx" value="true"/>
    <property name="user.name" value="runner"/>
    <property name="java.net.preferIPv4Stack" value="true"/>
    <property name="path.separator" value=":"/>
    <property name="java.security.egd" value="file:///dev/urandom"/>
    <property name="os.version" value="5.15.0-1041-azure"/>
    <property name="java.endorsed.dirs" value="/usr/lib/jvm/temurin-8-jdk-amd64/jre/lib/endorsed"/>
    <property name="java.runtime.name" value="OpenJDK Runtime Environment"/>
    <property name="file.encoding" value="UTF-8"/>
    <property name="java.vm.name" value="OpenJDK 64-Bit Server VM"/>
    <property name="test.build.webapps" value=""/>
    <property name="log4j1.compatibility" value="true"/>
    <property name="localRepository" value="/home/runner/.m2/repository"/>
    <property name="jetty.git.hash" value="b45c405e4544384de066f814ed42ae3dceacdd49"/>
    <property name="java.vendor.url.bug" value="https://github.com/adoptium/adoptium-support/issues"/>
    <property name="require.test.libhadoop" value=""/>
    <property name="java.io.tmpdir" value="/tmp"/>
    <property name="java.version" value="1.8.0_372"/>
    <property name="user.dir" value="/home/runner/work/ozone/ozone/hadoop-ozone/integration-test"/>
    <property name="os.arch" value="amd64"/>
    <property name="test.build.classes" value="/home/runner/work/ozone/ozone/hadoop-ozone/integration-test/target/test-classes"/>
    <property name="java.vm.specification.name" value="Java Virtual Machine Specification"/>
    <property name="java.awt.printerjob" value="sun.print.PSPrinterJob"/>
    <property name="sun.os.patch.level" value="unknown"/>
    <property name="org.apache.ratis.thirdparty.io.netty.allocator.useCacheForAllThreads" value="false"/>
    <property name="hadoop.tmp.dir" value="/home/runner/work/ozone/ozone/hadoop-ozone/integration-test/target/tmp"/>
    <property name="java.library.path" value="/usr/java/packages/lib/amd64:/usr/lib64:/lib64:/lib:/usr/lib"/>
    <property name="java.vendor" value="Temurin"/>
    <property name="java.vm.info" value="mixed mode"/>
    <property name="java.vm.version" value="25.372-b07"/>
    <property name="java.specification.maintenance.version" value="4"/>
    <property name="sun.io.unicode.encoding" value="UnicodeLittle"/>
    <property name="java.ext.dirs" value="/usr/lib/jvm/temurin-8-jdk-amd64/jre/lib/ext:/usr/java/packages/lib/ext"/>
    <property name="java.class.version" value="52.0"/>
    <property name="kms.config.dir" value="/home/runner/work/ozone/ozone/hadoop-ozone/integration-test/target/test-dir/TestSecureOzoneRpcClient/40bb0f4c-72cf-4017-91fd-d084f2b19553"/>
  </properties>
  <testcase name="testPutKeyWithEncryption" classname="TestOzoneAtRestEncryption" time="2.362">
    <system-out><![CDATA[2023-07-13 06:10:47,931 [main] INFO  util.log (Log.java:initialized(170)) - Logging initialized @1993ms to org.eclipse.jetty.util.log.Slf4jLog
2023-07-13 06:10:48,153 [main] INFO  http.HttpRequestLog (HttpRequestLog.java:getRequestLog(82)) - Http request log for http.requests.kms is not defined
2023-07-13 06:10:48,202 [main] INFO  http.HttpServer2 (HttpServer2.java:addGlobalFilter(1124)) - Added global filter 'safety' (class=org.apache.hadoop.http.HttpServer2$QuotingInputFilter)
2023-07-13 06:10:48,205 [main] INFO  http.HttpServer2 (HttpServer2.java:addFilter(1097)) - Added filter static_user_filter (class=org.apache.hadoop.http.lib.StaticUserWebFilter$StaticUserFilter) to context kms
2023-07-13 06:10:48,206 [main] INFO  http.HttpServer2 (HttpServer2.java:addFilter(1107)) - Added filter static_user_filter (class=org.apache.hadoop.http.lib.StaticUserWebFilter$StaticUserFilter) to context static
2023-07-13 06:10:48,206 [main] INFO  http.HttpServer2 (HttpServer2.java:addFilter(1107)) - Added filter static_user_filter (class=org.apache.hadoop.http.lib.StaticUserWebFilter$StaticUserFilter) to context logs
2023-07-13 06:10:48,251 [main] INFO  http.HttpServer2 (HttpServer2.java:bindListener(1357)) - Jetty bound to port 34059
2023-07-13 06:10:48,252 [main] INFO  server.Server (Server.java:doStart(375)) - jetty-9.4.51.v20230217; built: 2023-02-17T08:19:37.309Z; git: b45c405e4544384de066f814ed42ae3dceacdd49; jvm 1.8.0_372-b07
2023-07-13 06:10:48,283 [main] INFO  server.session (DefaultSessionIdManager.java:doStart(334)) - DefaultSessionIdManager workerName=node0
2023-07-13 06:10:48,284 [main] INFO  server.session (DefaultSessionIdManager.java:doStart(339)) - No SessionScavenger set, using defaults
2023-07-13 06:10:48,285 [main] INFO  server.session (HouseKeeper.java:startScavenging(132)) - node0 Scavenging every 660000ms
2023-07-13 06:10:48,303 [main] INFO  handler.ContextHandler (ContextHandler.java:doStart(921)) - Started o.e.j.s.ServletContextHandler@6c302a1d{logs,/logs,file:///home/runner/work/ozone/ozone/hadoop-ozone/integration-test/target/log,AVAILABLE}
2023-07-13 06:10:48,304 [main] INFO  handler.ContextHandler (ContextHandler.java:doStart(921)) - Started o.e.j.s.ServletContextHandler@24934262{static,/static,jar:file:/home/runner/.m2/repository/org/apache/hadoop/hadoop-kms/3.3.6/hadoop-kms-3.3.6.jar!/webapps/static,AVAILABLE}
2023-07-13 06:10:48,418 [main] INFO  server.KMSWebApp (KMSWebApp.java:contextInitialized(94)) - -------------------------------------------------------------
2023-07-13 06:10:48,418 [main] INFO  server.KMSWebApp (KMSWebApp.java:contextInitialized(95)) -   Java runtime version : 1.8.0_372-b07
2023-07-13 06:10:48,419 [main] INFO  server.KMSWebApp (KMSWebApp.java:contextInitialized(97)) -   User: runner
2023-07-13 06:10:48,423 [main] INFO  server.KMSWebApp (KMSWebApp.java:contextInitialized(98)) -   KMS Hadoop Version: 3.3.6
2023-07-13 06:10:48,424 [main] INFO  server.KMSWebApp (KMSWebApp.java:contextInitialized(99)) - -------------------------------------------------------------
2023-07-13 06:10:48,437 [main] INFO  server.KMSACLs (KMSACLs.java:setKMSACLs(107)) - 'CREATE' ACL '*'
2023-07-13 06:10:48,437 [main] INFO  server.KMSACLs (KMSACLs.java:setKMSACLs(107)) - 'DELETE' ACL '*'
2023-07-13 06:10:48,437 [main] INFO  server.KMSACLs (KMSACLs.java:setKMSACLs(107)) - 'ROLLOVER' ACL '*'
2023-07-13 06:10:48,438 [main] INFO  server.KMSACLs (KMSACLs.java:setKMSACLs(107)) - 'GET' ACL '*'
2023-07-13 06:10:48,438 [main] INFO  server.KMSACLs (KMSACLs.java:setKMSACLs(107)) - 'GET_KEYS' ACL '*'
2023-07-13 06:10:48,438 [main] INFO  server.KMSACLs (KMSACLs.java:setKMSACLs(107)) - 'GET_METADATA' ACL '*'
2023-07-13 06:10:48,438 [main] INFO  server.KMSACLs (KMSACLs.java:setKMSACLs(107)) - 'SET_KEY_MATERIAL' ACL '*'
2023-07-13 06:10:48,438 [main] INFO  server.KMSACLs (KMSACLs.java:setKMSACLs(107)) - 'GENERATE_EEK' ACL '*'
2023-07-13 06:10:48,439 [main] INFO  server.KMSACLs (KMSACLs.java:setKMSACLs(107)) - 'DECRYPT_EEK' ACL '*'
2023-07-13 06:10:48,440 [main] INFO  server.KMSACLs (KMSACLs.java:parseAclsWithPrefix(185)) - default.key.acl. for KEY_OP 'READ' is set to '*'
2023-07-13 06:10:48,440 [main] INFO  server.KMSACLs (KMSACLs.java:parseAclsWithPrefix(185)) - default.key.acl. for KEY_OP 'MANAGEMENT' is set to '*'
2023-07-13 06:10:48,440 [main] INFO  server.KMSACLs (KMSACLs.java:parseAclsWithPrefix(185)) - default.key.acl. for KEY_OP 'GENERATE_EEK' is set to '*'
2023-07-13 06:10:48,440 [main] INFO  server.KMSACLs (KMSACLs.java:parseAclsWithPrefix(185)) - default.key.acl. for KEY_OP 'DECRYPT_EEK' is set to '*'
2023-07-13 06:10:48,511 [main] INFO  server.KMSAudit (KMSAudit.java:initializeAuditLoggers(157)) - Initializing audit logger class org.apache.hadoop.crypto.key.kms.server.SimpleKMSAuditLogger
2023-07-13 06:10:48,707 [main] INFO  server.KMSWebApp (KMSWebApp.java:contextInitialized(149)) - Initialized KeyProvider CachingKeyProvider: jceks://file@/home/runner/work/ozone/ozone/hadoop-ozone/integration-test/target/test-dir/TestSecureOzoneRpcClient/40bb0f4c-72cf-4017-91fd-d084f2b19553/kms.keystore
2023-07-13 06:10:48,715 [main] INFO  server.KMSWebApp (KMSWebApp.java:contextInitialized(163)) - Initialized KeyProviderCryptoExtension org.apache.hadoop.crypto.key.kms.server.KeyAuthorizationKeyProvider: EagerKeyGeneratorKeyProviderCryptoExtension: KeyProviderCryptoExtension: CachingKeyProvider: jceks://file@/home/runner/work/ozone/ozone/hadoop-ozone/integration-test/target/test-dir/TestSecureOzoneRpcClient/40bb0f4c-72cf-4017-91fd-d084f2b19553/kms.keystore
2023-07-13 06:10:48,716 [main] INFO  server.KMSWebApp (KMSWebApp.java:contextInitialized(168)) - Default key bitlength is 128
2023-07-13 06:10:48,716 [main] INFO  server.KMSWebApp (KMSWebApp.java:contextInitialized(169)) - KMS Started
2023-07-13 06:10:48,763 [main] INFO  delegation.AbstractDelegationTokenSecretManager (AbstractDelegationTokenSecretManager.java:updateCurrentKey(415)) - Updating the current master key for generating delegation tokens
2023-07-13 06:10:48,776 [Thread[Thread-14,5,main]] INFO  delegation.AbstractDelegationTokenSecretManager (AbstractDelegationTokenSecretManager.java:run(797)) - Starting expired delegation token remover thread, tokenRemoverScanInterval=60 min(s)
2023-07-13 06:10:48,777 [Thread[Thread-14,5,main]] INFO  delegation.AbstractDelegationTokenSecretManager (AbstractDelegationTokenSecretManager.java:updateCurrentKey(415)) - Updating the current master key for generating delegation tokens
2023-07-13 06:10:48,831 [main] INFO  core.PackagesResourceConfig (PackagesResourceConfig.java:init(101)) - Scanning for root resource and provider classes in the packages:
  org.apache.hadoop.crypto.key.kms.server
2023-07-13 06:10:48,882 [main] INFO  core.ScanningResourceConfig (ScanningResourceConfig.java:logClasses(153)) - Root resource classes found:
  class org.apache.hadoop.crypto.key.kms.server.KMS
2023-07-13 06:10:48,883 [main] INFO  core.ScanningResourceConfig (ScanningResourceConfig.java:logClasses(153)) - Provider classes found:
  class org.apache.hadoop.crypto.key.kms.server.KMSExceptionsProvider
  class org.apache.hadoop.crypto.key.kms.server.KMSJSONWriter
  class org.apache.hadoop.crypto.key.kms.server.KMSJSONReader
2023-07-13 06:10:49,028 [main] INFO  application.WebApplicationImpl (WebApplicationImpl.java:_initiate(815)) - Initiating Jersey application, version 'Jersey: 1.19 02/11/2015 03:25 AM'
2023-07-13 06:10:49,889 [main] INFO  handler.ContextHandler (ContextHandler.java:doStart(921)) - Started o.e.j.w.WebAppContext@8840c98{kms,/,file:///home/runner/work/ozone/ozone/hadoop-ozone/integration-test/target/tmp/kms/webapp/,AVAILABLE}{jar:file:/home/runner/.m2/repository/org/apache/hadoop/hadoop-kms/3.3.6/hadoop-kms-3.3.6.jar!/webapps/kms}
2023-07-13 06:10:49,909 [main] INFO  server.AbstractConnector (AbstractConnector.java:doStart(333)) - Started ServerConnector@199bc830{HTTP/1.1, (http/1.1)}{localhost:34059}
2023-07-13 06:10:49,909 [main] INFO  server.Server (Server.java:doStart(415)) - Started @3973ms
2023-07-13 06:10:49,988 [main] WARN  impl.MetricsConfig (MetricsConfig.java:loadFirst(136)) - Cannot locate configuration: tried hadoop-metrics2-kms.properties,hadoop-metrics2.properties
2023-07-13 06:10:50,002 [main] INFO  impl.MetricsSystemImpl (MetricsSystemImpl.java:startTimer(378)) - Scheduled Metric snapshot period at 10 second(s).
2023-07-13 06:10:50,002 [main] INFO  impl.MetricsSystemImpl (MetricsSystemImpl.java:start(191)) - KMS metrics system started
2023-07-13 06:10:50,037 [org.apache.hadoop.util.JvmPauseMonitor$Monitor@7e61e25c] INFO  util.JvmPauseMonitor (JvmPauseMonitor.java:run(188)) - Starting JVM pause monitor
2023-07-13 06:10:50,367 [main] INFO  audit.AuditLogger (AuditLogger.java:refreshDebugCmdSet(126)) - Refresh DebugCmdSet for OMAudit to [].
2023-07-13 06:10:51,783 [main] INFO  utils.SelfSignedCertificate (SelfSignedCertificate.java:generateCertificate(157)) - Certificate 1 is issued by CN=rootCA@localhost,OU=scm1,O=cluster1 to CN=rootCA@localhost,OU=scm1,O=cluster1, valid from Thu Jul 13 06:10:51 UTC 2023 to Sun Aug 20 06:10:51 UTC 2028
2023-07-13 06:10:51,844 [main] INFO  ssl.ReloadingX509KeyManager (ReloadingX509KeyManager.java:loadKeyManager(222)) - Key manager is loaded with certificate chain
2023-07-13 06:10:51,847 [main] INFO  ssl.ReloadingX509KeyManager (ReloadingX509KeyManager.java:loadKeyManager(224)) - [
[
  Version: V3
  Subject: O=cluster1, OU=scm1, CN=localhost
  Signature Algorithm: SHA256withRSA, OID = 1.2.840.113549.1.1.11

  Key:  Sun RSA public key, 2048 bits
  params: null
  modulus: 27978558664353820956561087891608364087516345281131940131251455383060604450290046672850017479926395399965419122584192673811784181156368432615820565072331091843271886331865672437687803296213808622896956779360636408410957391451701554607463426920912525965438629210176586653649900060360074467048941486908981325925131600476386513133761163580530809531325392655040870944523217346303965600285647559911680781299407961764755043146407402418814139745562079360114482785004698451344392461986592619797113075428788771474061902391276444991800211937109516459102142797931115310771536988193332022929495046868338063139206329365669765669931
  public exponent: 65537
  Validity: [From: Thu Jul 13 06:10:51 UTC 2023,
               To: Fri Jul 12 06:10:51 UTC 2024]
  Issuer: O=cluster1, OU=scm1, CN=rootCA@localhost
  SerialNumber: [    031af349 8dd0]

Certificate Extensions: 1
[1]: ObjectId: 2.5.29.15 Criticality=true
KeyUsage [
  DigitalSignature
  Key_Encipherment
  Data_Encipherment
  Key_Agreement
]

]
  Algorithm: [SHA256withRSA]
  Signature:
0000: 80 EC 7A 62 C7 2D 9D FB   9F 0E 10 09 E7 15 1F 1A  ..zb.-..........
0010: 24 F7 D5 22 C6 01 15 1B   02 87 95 E8 42 B5 F1 8F  $.."........B...
0020: 16 B1 1F 6C D6 BA B1 6A   60 63 E2 F9 66 95 DB E7  ...l...j`c..f...
0030: 7F 6F 4F 44 1C BD 38 D5   05 28 7D 82 39 F8 C9 83  .oOD..8..(..9...
0040: 0E A9 50 8E 44 FB 0D 29   28 DB E3 B2 F9 50 BC 6D  ..P.D..)(....P.m
0050: 50 3E 46 CF 5F F8 FE 5A   7A BE C7 0F 5D ED 79 BB  P>F._..Zz...].y.
0060: 47 37 D3 2D 76 4D 3A 7B   BB 7C FE D5 DD 16 B5 08  G7.-vM:.........
0070: 35 A4 A0 14 65 2E 2B 86   F9 11 E9 F2 2C 00 CA C6  5...e.+.....,...
0080: E3 E7 CA F0 65 38 81 C3   AD DF 96 50 08 00 DD 89  ....e8.....P....
0090: 64 9C 1E 5C 07 D0 19 E5   52 54 1D 19 34 AD A9 8B  d..\....RT..4...
00A0: EC 51 B6 33 72 B1 0A 24   6E 5F F3 68 D8 96 53 58  .Q.3r..$n_.h..SX
00B0: 41 C9 FB 59 D5 AB 7B 25   59 E0 18 58 71 23 8D C4  A..Y...%Y..Xq#..
00C0: EE FC 0F AA 83 AC 1D 5B   3D 77 16 86 46 71 11 27  .......[=w..Fq.'
00D0: 10 01 6B 21 0C 4C 31 20   D1 23 10 2F 84 EA 1C 01  ..k!.L1 .#./....
00E0: EF 02 C5 E8 FF ED 38 AA   19 C0 21 99 FD AA FB C0  ......8...!.....
00F0: 3A B1 E4 3A 62 36 5D 9F   85 18 FC A8 BF 63 32 E3  :..:b6]......c2.

]
2023-07-13 06:10:51,849 [main] INFO  ssl.ReloadingX509KeyManager (ReloadingX509KeyManager.java:loadKeyManager(224)) - [
[
  Version: V3
  Subject: O=cluster1, OU=scm1, CN=rootCA@localhost
  Signature Algorithm: SHA256withRSA, OID = 1.2.840.113549.1.1.11

  Key:  Sun RSA public key, 2048 bits
  params: null
  modulus: 21754875014286413548807405150978835527325553968130901245295897819433282324975797013665559390115308117282533205606197877556102655497006311779441097357820706853313146838055958914334755741435823445595355210582123996878477935082446458152991944068518328474432664816124372963260390108211337666514728064840392475159746100808645301886847546608003691649307280293637264485472925353815905380489135593860601961538514563150993361919498865106733794141878043755011146434395459269182042018952137688952876774257464033668476087246800998745616481793889429279702980601508696328353952136348409774307856001671094443332261770516281283147023
  public exponent: 65537
  Validity: [From: Thu Jul 13 06:10:51 UTC 2023,
               To: Sun Aug 20 06:10:51 UTC 2028]
  Issuer: O=cluster1, OU=scm1, CN=rootCA@localhost
  SerialNumber: [    01]

Certificate Extensions: 2
[1]: ObjectId: 2.5.29.19 Criticality=true
BasicConstraints:[
  CA:true
  PathLen:2147483647
]

[2]: ObjectId: 2.5.29.15 Criticality=true
KeyUsage [
  Key_CertSign
  Crl_Sign
]

]
  Algorithm: [SHA256withRSA]
  Signature:
0000: 8E A5 FB 01 69 3D 40 46   40 68 A8 00 E1 9B 85 DF  ....i=@F@h......
0010: E5 58 66 3C 2A B9 88 C7   F6 BF E5 25 8C 22 4B DA  .Xf<*......%."K.
0020: F6 0A 98 D3 7D 7B EA A0   97 D0 06 C2 EE 76 76 56  .............vvV
0030: 39 88 DA 04 50 FA 08 66   6C 60 73 4E 12 F2 B4 11  9...P..fl`sN....
0040: 30 E9 D1 B4 82 8C CF C3   6D 7C 77 23 EB A1 49 57  0.......m.w#..IW
0050: 50 8C E9 76 8C E5 64 EE   EC 25 C9 76 9A B1 2E 4B  P..v..d..%.v...K
0060: D6 40 1C BA 2C 8C 3A 5A   2D FB CD 89 21 0D 52 41  .@..,.:Z-...!.RA
0070: 25 11 F8 2E D2 A9 96 08   56 F6 6A F1 99 BB F0 78  %.......V.j....x
0080: 7B 67 66 3A B4 02 EF 92   E6 F2 6A 5D 2F 6E 3E 33  .gf:......j]/n>3
0090: E7 E2 EB 1C F6 E6 4D 3F   19 4D DD 96 C3 91 2D 88  ......M?.M....-.
00A0: 51 49 C2 F5 37 F0 F4 12   FC 96 AB C6 45 5C 30 71  QI..7.......E\0q
00B0: 05 87 69 D9 57 03 FE 67   8C 61 A9 D1 E0 72 A6 AE  ..i.W..g.a...r..
00C0: 1F 0D 93 FD 5A 4E 91 48   8C AA 47 62 97 26 8F B7  ....ZN.H..Gb.&..
00D0: BB AB D8 E9 D5 6C E3 25   90 1B AB 01 6D 0A 5D 1B  .....l.%....m.].
00E0: B3 8F 30 DF 48 F1 7D 32   02 56 B1 75 BB 86 99 9E  ..0.H..2.V.u....
00F0: 09 FA 10 76 B0 EA 07 CC   48 F1 19 49 74 57 CD 2C  ...v....H..ItW.,

]
2023-07-13 06:10:51,855 [main] INFO  ssl.ReloadingX509TrustManager (ReloadingX509TrustManager.java:insertCertsToKeystore(188)) - Trust manager is loaded with certificates
2023-07-13 06:10:51,857 [main] INFO  ssl.ReloadingX509TrustManager (ReloadingX509TrustManager.java:insertCertsToKeystore(192)) - [
[
  Version: V3
  Subject: O=cluster1, OU=scm1, CN=rootCA@localhost
  Signature Algorithm: SHA256withRSA, OID = 1.2.840.113549.1.1.11

  Key:  Sun RSA public key, 2048 bits
  params: null
  modulus: 21754875014286413548807405150978835527325553968130901245295897819433282324975797013665559390115308117282533205606197877556102655497006311779441097357820706853313146838055958914334755741435823445595355210582123996878477935082446458152991944068518328474432664816124372963260390108211337666514728064840392475159746100808645301886847546608003691649307280293637264485472925353815905380489135593860601961538514563150993361919498865106733794141878043755011146434395459269182042018952137688952876774257464033668476087246800998745616481793889429279702980601508696328353952136348409774307856001671094443332261770516281283147023
  public exponent: 65537
  Validity: [From: Thu Jul 13 06:10:51 UTC 2023,
               To: Sun Aug 20 06:10:51 UTC 2028]
  Issuer: O=cluster1, OU=scm1, CN=rootCA@localhost
  SerialNumber: [    01]

Certificate Extensions: 2
[1]: ObjectId: 2.5.29.19 Criticality=true
BasicConstraints:[
  CA:true
  PathLen:2147483647
]

[2]: ObjectId: 2.5.29.15 Criticality=true
KeyUsage [
  Key_CertSign
  Crl_Sign
]

]
  Algorithm: [SHA256withRSA]
  Signature:
0000: 8E A5 FB 01 69 3D 40 46   40 68 A8 00 E1 9B 85 DF  ....i=@F@h......
0010: E5 58 66 3C 2A B9 88 C7   F6 BF E5 25 8C 22 4B DA  .Xf<*......%."K.
0020: F6 0A 98 D3 7D 7B EA A0   97 D0 06 C2 EE 76 76 56  .............vvV
0030: 39 88 DA 04 50 FA 08 66   6C 60 73 4E 12 F2 B4 11  9...P..fl`sN....
0040: 30 E9 D1 B4 82 8C CF C3   6D 7C 77 23 EB A1 49 57  0.......m.w#..IW
0050: 50 8C E9 76 8C E5 64 EE   EC 25 C9 76 9A B1 2E 4B  P..v..d..%.v...K
0060: D6 40 1C BA 2C 8C 3A 5A   2D FB CD 89 21 0D 52 41  .@..,.:Z-...!.RA
0070: 25 11 F8 2E D2 A9 96 08   56 F6 6A F1 99 BB F0 78  %.......V.j....x
0080: 7B 67 66 3A B4 02 EF 92   E6 F2 6A 5D 2F 6E 3E 33  .gf:......j]/n>3
0090: E7 E2 EB 1C F6 E6 4D 3F   19 4D DD 96 C3 91 2D 88  ......M?.M....-.
00A0: 51 49 C2 F5 37 F0 F4 12   FC 96 AB C6 45 5C 30 71  QI..7.......E\0q
00B0: 05 87 69 D9 57 03 FE 67   8C 61 A9 D1 E0 72 A6 AE  ..i.W..g.a...r..
00C0: 1F 0D 93 FD 5A 4E 91 48   8C AA 47 62 97 26 8F B7  ....ZN.H..Gb.&..
00D0: BB AB D8 E9 D5 6C E3 25   90 1B AB 01 6D 0A 5D 1B  .....l.%....m.].
00E0: B3 8F 30 DF 48 F1 7D 32   02 56 B1 75 BB 86 99 9E  ..0.H..2.V.u....
00F0: 09 FA 10 76 B0 EA 07 CC   48 F1 19 49 74 57 CD 2C  ...v....H..ItW.,

]
2023-07-13 06:10:51,862 [main] INFO  ssl.ReloadingX509KeyManager (ReloadingX509KeyManager.java:loadKeyManager(222)) - Key manager is loaded with certificate chain
2023-07-13 06:10:51,863 [main] INFO  ssl.ReloadingX509KeyManager (ReloadingX509KeyManager.java:loadKeyManager(224)) - [
[
  Version: V3
  Subject: O=cluster1, OU=scm1, CN=localhost
  Signature Algorithm: SHA256withRSA, OID = 1.2.840.113549.1.1.11

  Key:  Sun RSA public key, 2048 bits
  params: null
  modulus: 27978558664353820956561087891608364087516345281131940131251455383060604450290046672850017479926395399965419122584192673811784181156368432615820565072331091843271886331865672437687803296213808622896956779360636408410957391451701554607463426920912525965438629210176586653649900060360074467048941486908981325925131600476386513133761163580530809531325392655040870944523217346303965600285647559911680781299407961764755043146407402418814139745562079360114482785004698451344392461986592619797113075428788771474061902391276444991800211937109516459102142797931115310771536988193332022929495046868338063139206329365669765669931
  public exponent: 65537
  Validity: [From: Thu Jul 13 06:10:51 UTC 2023,
               To: Fri Jul 12 06:10:51 UTC 2024]
  Issuer: O=cluster1, OU=scm1, CN=rootCA@localhost
  SerialNumber: [    031af349 8dd0]

Certificate Extensions: 1
[1]: ObjectId: 2.5.29.15 Criticality=true
KeyUsage [
  DigitalSignature
  Key_Encipherment
  Data_Encipherment
  Key_Agreement
]

]
  Algorithm: [SHA256withRSA]
  Signature:
0000: 80 EC 7A 62 C7 2D 9D FB   9F 0E 10 09 E7 15 1F 1A  ..zb.-..........
0010: 24 F7 D5 22 C6 01 15 1B   02 87 95 E8 42 B5 F1 8F  $.."........B...
0020: 16 B1 1F 6C D6 BA B1 6A   60 63 E2 F9 66 95 DB E7  ...l...j`c..f...
0030: 7F 6F 4F 44 1C BD 38 D5   05 28 7D 82 39 F8 C9 83  .oOD..8..(..9...
0040: 0E A9 50 8E 44 FB 0D 29   28 DB E3 B2 F9 50 BC 6D  ..P.D..)(....P.m
0050: 50 3E 46 CF 5F F8 FE 5A   7A BE C7 0F 5D ED 79 BB  P>F._..Zz...].y.
0060: 47 37 D3 2D 76 4D 3A 7B   BB 7C FE D5 DD 16 B5 08  G7.-vM:.........
0070: 35 A4 A0 14 65 2E 2B 86   F9 11 E9 F2 2C 00 CA C6  5...e.+.....,...
0080: E3 E7 CA F0 65 38 81 C3   AD DF 96 50 08 00 DD 89  ....e8.....P....
0090: 64 9C 1E 5C 07 D0 19 E5   52 54 1D 19 34 AD A9 8B  d..\....RT..4...
00A0: EC 51 B6 33 72 B1 0A 24   6E 5F F3 68 D8 96 53 58  .Q.3r..$n_.h..SX
00B0: 41 C9 FB 59 D5 AB 7B 25   59 E0 18 58 71 23 8D C4  A..Y...%Y..Xq#..
00C0: EE FC 0F AA 83 AC 1D 5B   3D 77 16 86 46 71 11 27  .......[=w..Fq.'
00D0: 10 01 6B 21 0C 4C 31 20   D1 23 10 2F 84 EA 1C 01  ..k!.L1 .#./....
00E0: EF 02 C5 E8 FF ED 38 AA   19 C0 21 99 FD AA FB C0  ......8...!.....
00F0: 3A B1 E4 3A 62 36 5D 9F   85 18 FC A8 BF 63 32 E3  :..:b6]......c2.

]
2023-07-13 06:10:51,864 [main] INFO  ssl.ReloadingX509KeyManager (ReloadingX509KeyManager.java:loadKeyManager(224)) - [
[
  Version: V3
  Subject: O=cluster1, OU=scm1, CN=rootCA@localhost
  Signature Algorithm: SHA256withRSA, OID = 1.2.840.113549.1.1.11

  Key:  Sun RSA public key, 2048 bits
  params: null
  modulus: 21754875014286413548807405150978835527325553968130901245295897819433282324975797013665559390115308117282533205606197877556102655497006311779441097357820706853313146838055958914334755741435823445595355210582123996878477935082446458152991944068518328474432664816124372963260390108211337666514728064840392475159746100808645301886847546608003691649307280293637264485472925353815905380489135593860601961538514563150993361919498865106733794141878043755011146434395459269182042018952137688952876774257464033668476087246800998745616481793889429279702980601508696328353952136348409774307856001671094443332261770516281283147023
  public exponent: 65537
  Validity: [From: Thu Jul 13 06:10:51 UTC 2023,
               To: Sun Aug 20 06:10:51 UTC 2028]
  Issuer: O=cluster1, OU=scm1, CN=rootCA@localhost
  SerialNumber: [    01]

Certificate Extensions: 2
[1]: ObjectId: 2.5.29.19 Criticality=true
BasicConstraints:[
  CA:true
  PathLen:2147483647
]

[2]: ObjectId: 2.5.29.15 Criticality=true
KeyUsage [
  Key_CertSign
  Crl_Sign
]

]
  Algorithm: [SHA256withRSA]
  Signature:
0000: 8E A5 FB 01 69 3D 40 46   40 68 A8 00 E1 9B 85 DF  ....i=@F@h......
0010: E5 58 66 3C 2A B9 88 C7   F6 BF E5 25 8C 22 4B DA  .Xf<*......%."K.
0020: F6 0A 98 D3 7D 7B EA A0   97 D0 06 C2 EE 76 76 56  .............vvV
0030: 39 88 DA 04 50 FA 08 66   6C 60 73 4E 12 F2 B4 11  9...P..fl`sN....
0040: 30 E9 D1 B4 82 8C CF C3   6D 7C 77 23 EB A1 49 57  0.......m.w#..IW
0050: 50 8C E9 76 8C E5 64 EE   EC 25 C9 76 9A B1 2E 4B  P..v..d..%.v...K
0060: D6 40 1C BA 2C 8C 3A 5A   2D FB CD 89 21 0D 52 41  .@..,.:Z-...!.RA
0070: 25 11 F8 2E D2 A9 96 08   56 F6 6A F1 99 BB F0 78  %.......V.j....x
0080: 7B 67 66 3A B4 02 EF 92   E6 F2 6A 5D 2F 6E 3E 33  .gf:......j]/n>3
0090: E7 E2 EB 1C F6 E6 4D 3F   19 4D DD 96 C3 91 2D 88  ......M?.M....-.
00A0: 51 49 C2 F5 37 F0 F4 12   FC 96 AB C6 45 5C 30 71  QI..7.......E\0q
00B0: 05 87 69 D9 57 03 FE 67   8C 61 A9 D1 E0 72 A6 AE  ..i.W..g.a...r..
00C0: 1F 0D 93 FD 5A 4E 91 48   8C AA 47 62 97 26 8F B7  ....ZN.H..Gb.&..
00D0: BB AB D8 E9 D5 6C E3 25   90 1B AB 01 6D 0A 5D 1B  .....l.%....m.].
00E0: B3 8F 30 DF 48 F1 7D 32   02 56 B1 75 BB 86 99 9E  ..0.H..2.V.u....
00F0: 09 FA 10 76 B0 EA 07 CC   48 F1 19 49 74 57 CD 2C  ...v....H..ItW.,

]
2023-07-13 06:10:51,865 [main] INFO  ssl.ReloadingX509TrustManager (ReloadingX509TrustManager.java:insertCertsToKeystore(188)) - Trust manager is loaded with certificates
2023-07-13 06:10:51,866 [main] INFO  ssl.ReloadingX509TrustManager (ReloadingX509TrustManager.java:insertCertsToKeystore(192)) - [
[
  Version: V3
  Subject: O=cluster1, OU=scm1, CN=rootCA@localhost
  Signature Algorithm: SHA256withRSA, OID = 1.2.840.113549.1.1.11

  Key:  Sun RSA public key, 2048 bits
  params: null
  modulus: 21754875014286413548807405150978835527325553968130901245295897819433282324975797013665559390115308117282533205606197877556102655497006311779441097357820706853313146838055958914334755741435823445595355210582123996878477935082446458152991944068518328474432664816124372963260390108211337666514728064840392475159746100808645301886847546608003691649307280293637264485472925353815905380489135593860601961538514563150993361919498865106733794141878043755011146434395459269182042018952137688952876774257464033668476087246800998745616481793889429279702980601508696328353952136348409774307856001671094443332261770516281283147023
  public exponent: 65537
  Validity: [From: Thu Jul 13 06:10:51 UTC 2023,
               To: Sun Aug 20 06:10:51 UTC 2028]
  Issuer: O=cluster1, OU=scm1, CN=rootCA@localhost
  SerialNumber: [    01]

Certificate Extensions: 2
[1]: ObjectId: 2.5.29.19 Criticality=true
BasicConstraints:[
  CA:true
  PathLen:2147483647
]

[2]: ObjectId: 2.5.29.15 Criticality=true
KeyUsage [
  Key_CertSign
  Crl_Sign
]

]
  Algorithm: [SHA256withRSA]
  Signature:
0000: 8E A5 FB 01 69 3D 40 46   40 68 A8 00 E1 9B 85 DF  ....i=@F@h......
0010: E5 58 66 3C 2A B9 88 C7   F6 BF E5 25 8C 22 4B DA  .Xf<*......%."K.
0020: F6 0A 98 D3 7D 7B EA A0   97 D0 06 C2 EE 76 76 56  .............vvV
0030: 39 88 DA 04 50 FA 08 66   6C 60 73 4E 12 F2 B4 11  9...P..fl`sN....
0040: 30 E9 D1 B4 82 8C CF C3   6D 7C 77 23 EB A1 49 57  0.......m.w#..IW
0050: 50 8C E9 76 8C E5 64 EE   EC 25 C9 76 9A B1 2E 4B  P..v..d..%.v...K
0060: D6 40 1C BA 2C 8C 3A 5A   2D FB CD 89 21 0D 52 41  .@..,.:Z-...!.RA
0070: 25 11 F8 2E D2 A9 96 08   56 F6 6A F1 99 BB F0 78  %.......V.j....x
0080: 7B 67 66 3A B4 02 EF 92   E6 F2 6A 5D 2F 6E 3E 33  .gf:......j]/n>3
0090: E7 E2 EB 1C F6 E6 4D 3F   19 4D DD 96 C3 91 2D 88  ......M?.M....-.
00A0: 51 49 C2 F5 37 F0 F4 12   FC 96 AB C6 45 5C 30 71  QI..7.......E\0q
00B0: 05 87 69 D9 57 03 FE 67   8C 61 A9 D1 E0 72 A6 AE  ..i.W..g.a...r..
00C0: 1F 0D 93 FD 5A 4E 91 48   8C AA 47 62 97 26 8F B7  ....ZN.H..Gb.&..
00D0: BB AB D8 E9 D5 6C E3 25   90 1B AB 01 6D 0A 5D 1B  .....l.%....m.].
00E0: B3 8F 30 DF 48 F1 7D 32   02 56 B1 75 BB 86 99 9E  ..0.H..2.V.u....
00F0: 09 FA 10 76 B0 EA 07 CC   48 F1 19 49 74 57 CD 2C  ...v....H..ItW.,

]
2023-07-13 06:10:51,934 [main] WARN  server.ServerUtils (ServerUtils.java:getScmDbDir(155)) - ozone.scm.db.dirs is not configured. We recommend adding this setting. Falling back to ozone.metadata.dirs instead.
2023-07-13 06:10:52,119 [main] INFO  reflections.Reflections (Reflections.java:scan(232)) - Reflections took 144 ms to scan 7 urls, producing 160 keys and 377 values 
2023-07-13 06:10:52,289 [main] WARN  server.ServerUtils (ServerUtils.java:getScmDbDir(155)) - ozone.scm.db.dirs is not configured. We recommend adding this setting. Falling back to ozone.metadata.dirs instead.
2023-07-13 06:10:52,293 [main] INFO  ha.SCMHANodeDetails (SCMHANodeDetails.java:loadSCMHAConfig(210)) - ServiceID for StorageContainerManager is null
2023-07-13 06:10:52,301 [main] WARN  ha.SCMHANodeDetails (SCMHANodeDetails.java:validateSCMHAConfig(183)) - Invalid config ozone.scm.ratis.enable. The config was not specified, but the default value true conflicts with the expected config value false. Falling back to the expected value. Current State of SCM: SCM is running in Non-HA without Ratis Ratis SCM -> Non Ratis SCM or Non HA SCM -> HA SCM is not supported
2023-07-13 06:10:52,301 [main] INFO  ha.SCMHANodeDetails (SCMHANodeDetails.java:loadSCMHAConfig(215)) - ozone.scm.default.service.id is not defined, falling back to ozone.scm.service.ids to find serviceID for StorageContainerManager if it is HA enabled cluster
2023-07-13 06:10:52,462 [main] WARN  utils.HAUtils (HAUtils.java:getMetaDir(339)) - ozone.scm.db.dirs is not configured. We recommend adding this setting. Falling back to ozone.metadata.dirs instead.
2023-07-13 06:10:52,647 [main] WARN  db.DBStoreBuilder (DBStoreBuilder.java:applyDBDefinition(166)) - ozone.scm.db.dirs is not configured. We recommend adding this setting. Falling back to ozone.metadata.dirs instead.
2023-07-13 06:10:52,966 [main] INFO  net.NodeSchemaLoader (NodeSchemaLoader.java:loadSchemaFromFile(129)) - Loading schema from [jar:file:/home/runner/.m2/repository/org/apache/ozone/hdds-common/1.4.0-SNAPSHOT/hdds-common-1.4.0-SNAPSHOT.jar!/network-topology-default.xml]
2023-07-13 06:10:52,968 [main] INFO  net.NodeSchemaLoader (NodeSchemaLoader.java:loadSchema(176)) - Loading network topology layer schema file
2023-07-13 06:10:53,008 [main] INFO  metrics.MetricRegistries (MetricRegistriesLoader.java:load(64)) - Loaded MetricRegistries class org.apache.ratis.metrics.impl.MetricRegistriesImpl
2023-07-13 06:10:53,026 [main] INFO  upgrade.AbstractLayoutVersionManager (AbstractLayoutVersionManager.java:init(83)) - Initializing Layout version manager with metadata layout = HADOOP_PRC_PORTS_IN_DATANODEDETAILS (version = 7), software layout = HADOOP_PRC_PORTS_IN_DATANODEDETAILS (version = 7)
2023-07-13 06:10:53,199 [main] INFO  ha.SequenceIdGenerator (SequenceIdGenerator.java:upgradeToSequenceId(361)) - upgrade localId to 111677748019200000
2023-07-13 06:10:53,203 [main] INFO  ha.SequenceIdGenerator (SequenceIdGenerator.java:upgradeToSequenceId(371)) - upgrade delTxnId to 0
2023-07-13 06:10:53,212 [main] INFO  ha.SequenceIdGenerator (SequenceIdGenerator.java:upgradeToSequenceId(388)) - upgrade containerId to 0
2023-07-13 06:10:53,215 [main] INFO  ha.SequenceIdGenerator (SequenceIdGenerator.java:upgradeToSequenceId(424)) - upgrade rootCertificateId to 1
2023-07-13 06:10:53,217 [main] INFO  ha.SequenceIdGenerator (SequenceIdGenerator.java:<init>(232)) - Init the HA SequenceIdGenerator.
2023-07-13 06:10:53,282 [main] WARN  server.ServerUtils (ServerUtils.java:sanitizeUserArgs(80)) - ozone.scm.stale.node.interval value = 300000 is larger than max = 100000 based on the key value of ozone.scm.heartbeat.thread.interval, reset to the max value 100000.
2023-07-13 06:10:53,283 [main] WARN  server.ServerUtils (ServerUtils.java:sanitizeUserArgs(80)) - ozone.scm.stale.node.interval value = 300000 is larger than max = 100000 based on the key value of ozone.scm.heartbeat.thread.interval, reset to the max value 100000.
2023-07-13 06:10:53,289 [main] INFO  node.SCMNodeManager (SCMNodeManager.java:<init>(157)) - Entering startup safe mode.
2023-07-13 06:10:53,317 [main] INFO  algorithms.ContainerPlacementPolicyFactory (ContainerPlacementPolicyFactory.java:getPolicyInternal(86)) - Create container placement policy of type org.apache.hadoop.hdds.scm.container.placement.algorithms.SCMContainerPlacementRackAware
2023-07-13 06:10:53,320 [main] INFO  algorithms.ContainerPlacementPolicyFactory (ContainerPlacementPolicyFactory.java:getPolicyInternal(86)) - Create container placement policy of type org.apache.hadoop.hdds.scm.container.placement.algorithms.SCMContainerPlacementRackScatter
2023-07-13 06:10:53,333 [main] INFO  pipeline.PipelineStateManagerImpl (PipelineStateManagerImpl.java:initialize(78)) - No pipeline exists in current db
2023-07-13 06:10:53,347 [main] INFO  algorithms.LeaderChoosePolicyFactory (LeaderChoosePolicyFactory.java:getPolicy(57)) - Create leader choose policy of type org.apache.hadoop.hdds.scm.pipeline.leader.choose.algorithms.MinLeaderCountChoosePolicy
2023-07-13 06:10:53,349 [main] INFO  algorithms.ContainerPlacementPolicyFactory (ContainerPlacementPolicyFactory.java:getPolicyInternal(86)) - Create container placement policy of type org.apache.hadoop.hdds.scm.container.placement.algorithms.SCMContainerPlacementRackScatter
2023-07-13 06:10:53,358 [main] INFO  ha.SCMServiceManager (SCMServiceManager.java:register(42)) - Registering service BackgroundPipelineCreator.
2023-07-13 06:10:53,358 [main] INFO  pipeline.BackgroundPipelineCreator (BackgroundPipelineCreator.java:start(124)) - Starting RatisPipelineUtilsThread.
2023-07-13 06:10:53,362 [main] INFO  BackgroundPipelineScrubber (BackgroundSCMService.java:start(68)) - Starting BackgroundPipelineScrubber Service.
2023-07-13 06:10:53,363 [main] INFO  ha.SCMServiceManager (SCMServiceManager.java:register(42)) - Registering service BackgroundPipelineScrubber.
2023-07-13 06:10:53,372 [main] INFO  ExpiredContainerReplicaOpScrubber (BackgroundSCMService.java:start(68)) - Starting ExpiredContainerReplicaOpScrubber Service.
2023-07-13 06:10:53,376 [main] INFO  ha.SCMServiceManager (SCMServiceManager.java:register(42)) - Registering service ExpiredContainerReplicaOpScrubber.
2023-07-13 06:10:53,411 [main] INFO  algorithms.PipelineChoosePolicyFactory (PipelineChoosePolicyFactory.java:createPipelineChoosePolicyFromClass(78)) - Create pipeline choose policy of type org.apache.hadoop.hdds.scm.pipeline.choose.algorithms.RandomPipelineChoosePolicy
2023-07-13 06:10:53,411 [main] INFO  algorithms.PipelineChoosePolicyFactory (PipelineChoosePolicyFactory.java:createPipelineChoosePolicyFromClass(78)) - Create pipeline choose policy of type org.apache.hadoop.hdds.scm.pipeline.choose.algorithms.RandomPipelineChoosePolicy
2023-07-13 06:10:53,436 [main] INFO  ha.SCMServiceManager (SCMServiceManager.java:register(42)) - Registering service SCMBlockDeletingService.
2023-07-13 06:10:53,518 [main] INFO  replication.ReplicationManager (ReplicationManager.java:start(286)) - Starting Replication Monitor Thread.
2023-07-13 06:10:53,533 [main] INFO  ha.SCMServiceManager (SCMServiceManager.java:register(42)) - Registering service ReplicationManager.
2023-07-13 06:10:53,540 [ReplicationMonitor] INFO  replication.ReplicationManager (ReplicationManager.java:processAll(361)) - Replication Manager is not ready to run until 3000ms after safemode exit
2023-07-13 06:10:53,551 [main] INFO  safemode.ContainerSafeModeRule (ContainerSafeModeRule.java:<init>(89)) - containers with one replica threshold count 0
2023-07-13 06:10:53,556 [main] INFO  safemode.HealthyPipelineSafeModeRule (HealthyPipelineSafeModeRule.java:initializeRule(169)) - Total pipeline count is 0, healthy pipeline threshold count is 1
2023-07-13 06:10:53,562 [main] INFO  safemode.OneReplicaPipelineSafeModeRule (OneReplicaPipelineSafeModeRule.java:initializeRule(180)) - Total pipeline count is 0, pipeline's with at least one datanode reported threshold count is 0
2023-07-13 06:10:53,576 [main] INFO  server.StorageContainerManager (StorageContainerManager.java:<init>(424)) - SCM start with adminUsers: [runner]
2023-07-13 06:10:53,608 [main] INFO  audit.AuditLogger (AuditLogger.java:refreshDebugCmdSet(126)) - Refresh DebugCmdSet for SCMAudit to [].
2023-07-13 06:10:53,645 [main] INFO  ipc.CallQueueManager (CallQueueManager.java:<init>(90)) - Using callQueue: class java.util.concurrent.LinkedBlockingQueue, queueCapacity: 2000, scheduler: class org.apache.hadoop.ipc.DefaultRpcScheduler, ipcBackoff: false.
2023-07-13 06:10:53,680 [main] INFO  ipc.Server (Server.java:<init>(1287)) - Listener at 0.0.0.0:15002
2023-07-13 06:10:53,683 [Socket Reader #1 for port 15002] INFO  ipc.Server (Server.java:run(1323)) - Starting Socket Reader #1 for port 15002
2023-07-13 06:10:53,767 [main] INFO  audit.AuditLogger (AuditLogger.java:refreshDebugCmdSet(126)) - Refresh DebugCmdSet for SCMAudit to [].
2023-07-13 06:10:53,773 [main] INFO  ipc.CallQueueManager (CallQueueManager.java:<init>(90)) - Using callQueue: class java.util.concurrent.LinkedBlockingQueue, queueCapacity: 2000, scheduler: class org.apache.hadoop.ipc.DefaultRpcScheduler, ipcBackoff: false.
2023-07-13 06:10:53,774 [main] INFO  ipc.Server (Server.java:<init>(1287)) - Listener at 0.0.0.0:15001
2023-07-13 06:10:53,775 [Socket Reader #1 for port 15001] INFO  ipc.Server (Server.java:run(1323)) - Starting Socket Reader #1 for port 15001
2023-07-13 06:10:53,819 [main] INFO  audit.AuditLogger (AuditLogger.java:refreshDebugCmdSet(126)) - Refresh DebugCmdSet for SCMAudit to [].
2023-07-13 06:10:53,833 [main] INFO  ipc.CallQueueManager (CallQueueManager.java:<init>(90)) - Using callQueue: class java.util.concurrent.LinkedBlockingQueue, queueCapacity: 2000, scheduler: class org.apache.hadoop.ipc.DefaultRpcScheduler, ipcBackoff: false.
2023-07-13 06:10:53,834 [main] INFO  ipc.Server (Server.java:<init>(1287)) - Listener at 0.0.0.0:15000
2023-07-13 06:10:53,834 [Socket Reader #1 for port 15000] INFO  ipc.Server (Server.java:run(1323)) - Starting Socket Reader #1 for port 15000
2023-07-13 06:10:53,919 [main] INFO  ha.SCMServiceManager (SCMServiceManager.java:register(42)) - Registering service ContainerBalancer.
2023-07-13 06:10:53,920 [main] INFO  server.StorageContainerManager (StorageContainerManager.java:<init>(437)) - 
Container Balancer status:
Key                            Value
Running                        false
Container Balancer Configuration values:
Key                                                Value
Threshold                                          10
Max Datanodes to Involve per Iteration(percent)    20
Max Size to Move per Iteration                     500GB
Max Size Entering Target per Iteration             26GB
Max Size Leaving Source per Iteration              26GB

2023-07-13 06:10:53,920 [main] INFO  ha.SCMContext (SCMContext.java:updateSafeModeStatus(228)) - Update SafeModeStatus from SafeModeStatus{safeModeStatus=true, preCheckPassed=false} to SafeModeStatus{safeModeStatus=true, preCheckPassed=false}.
2023-07-13 06:10:53,924 [main] INFO  server.StorageContainerManager (StorageContainerManager.java:start(1489)) - StorageContainerLocationProtocol RPC server is listening at /0.0.0.0:15000
2023-07-13 06:10:53,924 [main] INFO  impl.MetricsSystemImpl (MetricsSystemImpl.java:init(158)) - StorageContainerManager metrics system started (again)
2023-07-13 06:10:53,945 [main] INFO  server.SCMClientProtocolServer (SCMClientProtocolServer.java:start(200)) - RPC server for Client  is listening at /0.0.0.0:15000
2023-07-13 06:10:53,945 [IPC Server Responder] INFO  ipc.Server (Server.java:run(1562)) - IPC Server Responder: starting
2023-07-13 06:10:53,949 [IPC Server listener on 15000] INFO  ipc.Server (Server.java:run(1402)) - IPC Server listener on 15000: starting
2023-07-13 06:10:53,982 [main] INFO  server.StorageContainerManager (StorageContainerManager.java:start(1502)) - ScmBlockLocationProtocol RPC server is listening at /0.0.0.0:15001
2023-07-13 06:10:53,982 [main] INFO  server.SCMBlockProtocolServer (SCMBlockProtocolServer.java:start(152)) - RPC server for Block Protocol is listening at /0.0.0.0:15001
2023-07-13 06:10:54,052 [IPC Server listener on 15001] INFO  ipc.Server (Server.java:run(1402)) - IPC Server listener on 15001: starting
2023-07-13 06:10:54,053 [IPC Server Responder] INFO  ipc.Server (Server.java:run(1562)) - IPC Server Responder: starting
2023-07-13 06:10:54,056 [main] INFO  server.SCMDatanodeProtocolServer (SCMDatanodeProtocolServer.java:start(193)) - ScmDatanodeProtocol RPC server for DataNodes is listening at /0.0.0.0:15002
2023-07-13 06:10:54,057 [IPC Server Responder] INFO  ipc.Server (Server.java:run(1562)) - IPC Server Responder: starting
2023-07-13 06:10:54,058 [IPC Server listener on 15002] INFO  ipc.Server (Server.java:run(1402)) - IPC Server listener on 15002: starting
2023-07-13 06:10:54,082 [JvmPauseMonitor0] INFO  util.JvmPauseMonitor (JvmPauseMonitor.java:run(103)) - JvmPauseMonitor-322254b0-5b64-4d96-81bf-d14bda2f0880: Started
2023-07-13 06:10:54,092 [main] INFO  http.BaseHttpServer (BaseHttpServer.java:newHttpServer2BuilderForOzone(224)) - Starting Web-server for scm at: http://0.0.0.0:15003
2023-07-13 06:10:54,092 [main] INFO  http.BaseHttpServer (BaseHttpServer.java:<init>(111)) - Hadoop Security Enabled: false Ozone Security Enabled: false Ozone HTTP Security Enabled: false 
2023-07-13 06:10:54,127 [main] WARN  server.AuthenticationFilter (AuthenticationFilter.java:constructSecretProvider(240)) - Unable to initialize FileSignerSecretProvider, falling back to use random secrets. Reason: Could not read signature secret file: /home/runner/hadoop-http-auth-signature-secret
2023-07-13 06:10:54,134 [main] INFO  http.HttpRequestLog (HttpRequestLog.java:getRequestLog(86)) - Http request log for http.requests.scm is not defined
2023-07-13 06:10:54,141 [main] INFO  http.HttpServer2 (HttpServer2.java:addGlobalFilter(1031)) - Added global filter 'safety' (class=org.apache.hadoop.hdds.server.http.HttpServer2$QuotingInputFilter)
2023-07-13 06:10:54,142 [main] INFO  http.HttpServer2 (HttpServer2.java:addFilter(1007)) - Added filter static_user_filter (class=org.apache.hadoop.http.lib.StaticUserWebFilter$StaticUserFilter) to context scm
2023-07-13 06:10:54,142 [main] INFO  http.HttpServer2 (HttpServer2.java:addFilter(1015)) - Added filter static_user_filter (class=org.apache.hadoop.http.lib.StaticUserWebFilter$StaticUserFilter) to context static
2023-07-13 06:10:54,143 [main] INFO  http.HttpServer2 (HttpServer2.java:addFilter(1015)) - Added filter static_user_filter (class=org.apache.hadoop.http.lib.StaticUserWebFilter$StaticUserFilter) to context logs
2023-07-13 06:10:54,151 [main] INFO  http.BaseHttpServer (BaseHttpServer.java:<init>(190)) - HTTP server of scm uses base directory /home/runner/work/ozone/ozone/hadoop-ozone/integration-test/target/test-dir/MiniOzoneClusterImpl-40c29f8c-30b3-4208-9c4d-d76d276bda5b/ozone-meta/webserver
2023-07-13 06:10:54,152 [main] INFO  http.HttpServer2 (HttpServer2.java:bindListener(1250)) - Jetty bound to port 15003
2023-07-13 06:10:54,152 [main] INFO  server.Server (Server.java:doStart(375)) - jetty-9.4.51.v20230217; built: 2023-02-17T08:19:37.309Z; git: b45c405e4544384de066f814ed42ae3dceacdd49; jvm 1.8.0_372-b07
2023-07-13 06:10:54,160 [main] INFO  server.session (DefaultSessionIdManager.java:doStart(334)) - DefaultSessionIdManager workerName=node0
2023-07-13 06:10:54,161 [main] INFO  server.session (DefaultSessionIdManager.java:doStart(339)) - No SessionScavenger set, using defaults
2023-07-13 06:10:54,161 [main] INFO  server.session (HouseKeeper.java:startScavenging(132)) - node0 Scavenging every 600000ms
2023-07-13 06:10:54,164 [main] INFO  handler.ContextHandler (ContextHandler.java:doStart(921)) - Started o.e.j.s.ServletContextHandler@5441309e{logs,/logs,file:///home/runner/work/ozone/ozone/hadoop-ozone/integration-test/target/log,AVAILABLE}
2023-07-13 06:10:54,166 [main] INFO  handler.ContextHandler (ContextHandler.java:doStart(921)) - Started o.e.j.s.ServletContextHandler@7de54be7{static,/static,file:///home/runner/work/ozone/ozone/hadoop-ozone/integration-test/target/test-classes/webapps/static,AVAILABLE}
2023-07-13 06:10:54,174 [main] INFO  handler.ContextHandler (ContextHandler.java:doStart(921)) - Started o.e.j.w.WebAppContext@3770dd80{scm,/,file:///home/runner/work/ozone/ozone/hadoop-ozone/integration-test/target/test-classes/webapps/scm/,AVAILABLE}{file:/home/runner/work/ozone/ozone/hadoop-ozone/integration-test/target/test-classes/webapps/scm}
2023-07-13 06:10:54,177 [main] INFO  server.AbstractConnector (AbstractConnector.java:doStart(333)) - Started ServerConnector@3b5950f{HTTP/1.1, (http/1.1)}{0.0.0.0:15003}
2023-07-13 06:10:54,177 [main] INFO  server.Server (Server.java:doStart(415)) - Started @8240ms
2023-07-13 06:10:54,179 [main] INFO  impl.MetricsSinkAdapter (MetricsSinkAdapter.java:start(204)) - Sink prometheus started
2023-07-13 06:10:54,180 [main] INFO  impl.MetricsSystemImpl (MetricsSystemImpl.java:registerSink(305)) - Registered sink prometheus
2023-07-13 06:10:54,181 [main] INFO  http.BaseHttpServer (BaseHttpServer.java:updateConnectorAddress(344)) - HTTP server of scm listening at http://0.0.0.0:15003
2023-07-13 06:10:54,184 [main] WARN  server.ServerUtils (ServerUtils.java:getDBPath(311)) - ozone.om.db.dirs is not configured. We recommend adding this setting. Falling back to ozone.metadata.dirs instead.
2023-07-13 06:10:54,205 [main] INFO  ha.OMHANodeDetails (OMHANodeDetails.java:loadOMHAConfig(115)) - ozone.om.internal.service.id is not defined, falling back to ozone.om.service.ids to find serviceID for OzoneManager if it is HA enabled cluster
2023-07-13 06:10:54,214 [main] INFO  ha.OMHANodeDetails (OMHANodeDetails.java:loadOMHAConfig(226)) - Configuration does not have ozone.om.address set. Falling back to the default OM address /127.0.0.1:15004
2023-07-13 06:10:54,215 [main] INFO  ha.OMHANodeDetails (OMHANodeDetails.java:getOMNodeDetailsForNonHA(254)) - OM Service ID is not set. Setting it to the default ID: omServiceIdDefault
2023-07-13 06:10:54,215 [main] INFO  ha.OMHANodeDetails (OMHANodeDetails.java:getOMNodeDetailsForNonHA(261)) - OM Node ID is not set. Setting it to the default ID: om1
2023-07-13 06:10:54,225 [main] WARN  server.ServerUtils (ServerUtils.java:getDBPath(311)) - ozone.om.db.dirs is not configured. We recommend adding this setting. Falling back to ozone.metadata.dirs instead.
2023-07-13 06:10:54,232 [main] INFO  upgrade.AbstractLayoutVersionManager (AbstractLayoutVersionManager.java:init(83)) - Initializing Layout version manager with metadata layout = QUOTA (version = 6), software layout = QUOTA (version = 6)
2023-07-13 06:10:54,395 [main] INFO  reflections.Reflections (Reflections.java:scan(232)) - Reflections took 152 ms to scan 2 urls, producing 186 keys and 508 values [using 2 cores]
2023-07-13 06:10:54,401 [main] INFO  upgrade.OMLayoutVersionManager (OMLayoutVersionManager.java:lambda$0(115)) - Skipping Upgrade Action MockOmUpgradeAction since it has been finalized.
2023-07-13 06:10:54,401 [main] INFO  upgrade.OMLayoutVersionManager (OMLayoutVersionManager.java:lambda$0(115)) - Skipping Upgrade Action QuotaRepairUpgradeAction since it has been finalized.
2023-07-13 06:10:54,403 [main] WARN  server.ServerUtils (ServerUtils.java:getDBPath(311)) - ozone.om.db.dirs is not configured. We recommend adding this setting. Falling back to ozone.metadata.dirs instead.
2023-07-13 06:10:54,580 [main] INFO  proxy.SCMBlockLocationFailoverProxyProvider (SCMBlockLocationFailoverProxyProvider.java:<init>(114)) - Created block location fail-over proxy with 1 nodes: [nodeId=scmNodeId,nodeAddress=/0.0.0.0:15001]
2023-07-13 06:10:54,655 [main] INFO  om.OzoneManager (OzoneManager.java:<init>(658)) - OM start with adminUsers: [runner]
2023-07-13 06:10:54,688 [main] WARN  server.ServerUtils (ServerUtils.java:getDBPath(311)) - ozone.om.db.dirs is not configured. We recommend adding this setting. Falling back to ozone.metadata.dirs instead.
2023-07-13 06:10:54,722 [main] INFO  helpers.OmKeyInfo (OmKeyInfo.java:getCodec(71)) - OmKeyInfo.getCodec ignorePipeline = true
2023-07-13 06:10:55,322 [main] INFO  om.OzoneManager (OzoneManager.java:instantiateServices(787)) - S3 Multi-Tenancy is disabled
2023-07-13 06:10:55,340 [main] INFO  security.OzoneSecretStore (OzoneSecretStore.java:loadState(69)) - Loaded 0 tokens
2023-07-13 06:10:55,340 [main] INFO  security.OzoneDelegationTokenSecretManager (OzoneDelegationTokenSecretManager.java:loadTokenSecretState(530)) - Loading token state into token manager.
2023-07-13 06:10:55,373 [main] INFO  om.OmSnapshotManager (OmSnapshotManager.java:<init>(175)) - Ozone filesystem snapshot feature is enabled.
2023-07-13 06:10:55,386 [main] WARN  server.ServerUtils (ServerUtils.java:getDBPath(311)) - ozone.om.snapshot.diff.db.dir is not configured. We recommend adding this setting. Falling back to ozone.metadata.dirs instead.
2023-07-13 06:10:55,453 [main] INFO  utils.NativeLibraryLoader (NativeLibraryLoader.java:loadLibrary(105)) - Loading Library: ozone_rocksdb_tools
2023-07-13 06:10:55,454 [main] INFO  snapshot.SnapshotDiffManager (SnapshotDiffManager.java:closeExecutorService(1720)) - Shutting down executorService: 'SstDumpToolExecutor'
2023-07-13 06:10:55,563 [main] INFO  om.OzoneManager (OzoneManager.java:addS3GVolumeToDB(4298)) - Created Volume s3v With Owner runner required for S3Gateway operations.
2023-07-13 06:10:55,643 [main] WARN  server.ServerUtils (ServerUtils.java:getDefaultRatisDirectory(323)) - Storage directory for Ratis is not configured. It is a good idea to map this to an SSD disk. Falling back to ozone.metadata.dirs
2023-07-13 06:10:55,643 [main] WARN  utils.OzoneManagerRatisUtils (OzoneManagerRatisUtils.java:getOMRatisSnapshotDirectory(461)) - ozone.om.ratis.snapshot.dir is not configured. Falling back to ozone.metadata.dirs config
2023-07-13 06:10:55,661 [main] WARN  server.ServerUtils (ServerUtils.java:getDefaultRatisDirectory(323)) - Storage directory for Ratis is not configured. It is a good idea to map this to an SSD disk. Falling back to ozone.metadata.dirs
2023-07-13 06:10:55,701 [main] INFO  ratis.OzoneManagerRatisServer (OzoneManagerRatisServer.java:<init>(163)) - Instantiating OM Ratis server with groupID: omServiceIdDefault and peers: localhost:15007
2023-07-13 06:10:55,714 [main] INFO  ratis.OzoneManagerStateMachine (OzoneManagerStateMachine.java:loadSnapshotInfoFromDB(670)) - LastAppliedIndex is set from TransactionInfo from OM DB as (t:0, i:~)
2023-07-13 06:10:55,798 [main] INFO  server.RaftServer (ConfUtils.java:logGet(46)) - raft.rpc.type = GRPC (default)
2023-07-13 06:10:55,811 [main] INFO  grpc.GrpcConfigKeys (ConfUtils.java:logFallback(53)) - raft.grpc.admin.host = null (fallback to raft.grpc.server.host)
2023-07-13 06:10:55,812 [main] INFO  grpc.GrpcConfigKeys (ConfUtils.java:logFallback(53)) - raft.grpc.admin.port = 15007 (fallback to raft.grpc.server.port)
2023-07-13 06:10:55,813 [main] INFO  grpc.GrpcConfigKeys (ConfUtils.java:logFallback(53)) - raft.grpc.client.host = null (fallback to raft.grpc.server.host)
2023-07-13 06:10:55,813 [main] INFO  grpc.GrpcConfigKeys (ConfUtils.java:logFallback(53)) - raft.grpc.client.port = 15007 (fallback to raft.grpc.server.port)
2023-07-13 06:10:55,814 [main] INFO  grpc.GrpcConfigKeys (ConfUtils.java:logGet(46)) - raft.grpc.server.host = null (default)
2023-07-13 06:10:55,814 [main] INFO  grpc.GrpcConfigKeys (ConfUtils.java:logGet(46)) - raft.grpc.server.port = 15007 (custom)
2023-07-13 06:10:55,815 [main] INFO  server.GrpcService (ConfUtils.java:logGet(46)) - raft.grpc.message.size.max = 33554432 (custom)
2023-07-13 06:10:55,818 [main] INFO  server.RaftServerConfigKeys (ConfUtils.java:logGet(46)) - raft.server.log.appender.buffer.byte-limit = 33554432 (custom)
2023-07-13 06:10:55,819 [main] INFO  server.GrpcService (ConfUtils.java:logGet(46)) - raft.grpc.flow.control.window = 1MB (=1048576) (default)
2023-07-13 06:10:55,819 [main] INFO  server.RaftServerConfigKeys (ConfUtils.java:logGet(46)) - raft.server.rpc.request.timeout = 3000ms (default)
2023-07-13 06:10:55,834 [main] INFO  grpc.GrpcConfigKeys (ConfUtils.java:logGet(46)) - raft.grpc.server.heartbeat.channel = true (default)
2023-07-13 06:10:55,837 [main] INFO  grpc.GrpcConfigKeys (ConfUtils.java:logGet(46)) - raft.grpc.server.async.request.thread.pool.cached = true (default)
2023-07-13 06:10:55,838 [main] INFO  grpc.GrpcConfigKeys (ConfUtils.java:logGet(46)) - raft.grpc.server.async.request.thread.pool.size = 32 (default)
2023-07-13 06:10:56,110 [main] INFO  impl.DataStreamServerImpl (ConfUtils.java:logGet(46)) - raft.datastream.type = DISABLED (default)
2023-07-13 06:10:56,115 [main] INFO  server.RaftServerConfigKeys (ConfUtils.java:logGet(46)) - raft.server.threadpool.proxy.cached = true (default)
2023-07-13 06:10:56,116 [main] INFO  server.RaftServerConfigKeys (ConfUtils.java:logGet(46)) - raft.server.threadpool.proxy.size = 0 (default)
2023-07-13 06:10:56,116 [main] INFO  server.RaftServerConfigKeys (ConfUtils.java:logGet(46)) - raft.server.rpc.slowness.timeout = 120s (custom)
2023-07-13 06:10:56,117 [main] INFO  server.RaftServerConfigKeys (ConfUtils.java:logGet(46)) - raft.server.leaderelection.leader.step-down.wait-time = 10s (default)
2023-07-13 06:10:56,121 [main] INFO  server.RaftServerConfigKeys (ConfUtils.java:logGet(46)) - raft.server.storage.dir = [/home/runner/work/ozone/ozone/hadoop-ozone/integration-test/target/test-dir/MiniOzoneClusterImpl-40c29f8c-30b3-4208-9c4d-d76d276bda5b/ozone-meta/ratis] (custom)
2023-07-13 06:10:56,132 [main] INFO  server.RaftServer (RaftServerProxy.java:addNew(98)) - om1: addNew group-C5BA1605619E:[om1|rpc:localhost:15007|priority:0|startupRole:FOLLOWER] returns group-C5BA1605619E:java.util.concurrent.CompletableFuture@1a5c6b3e[Not completed]
2023-07-13 06:10:56,133 [main] INFO  om.OzoneManager (OzoneManager.java:initializeRatisServer(2139)) - OzoneManager Ratis server initialized at port 15007
2023-07-13 06:10:56,137 [main] INFO  om.OzoneManager (OzoneManager.java:getRpcServer(1187)) - Creating RPC Server
2023-07-13 06:10:56,172 [om1-groupManagement] INFO  server.RaftServer$Division (RaftServerImpl.java:<init>(198)) - om1: new RaftServerImpl for group-C5BA1605619E:[om1|rpc:localhost:15007|priority:0|startupRole:FOLLOWER] with OzoneManagerStateMachine:uninitialized
2023-07-13 06:10:56,174 [om1-groupManagement] INFO  server.RaftServerConfigKeys (ConfUtils.java:logGet(46)) - raft.server.rpc.timeout.min = 1s (custom)
2023-07-13 06:10:56,175 [om1-groupManagement] INFO  server.RaftServerConfigKeys (ConfUtils.java:logGet(46)) - raft.server.rpc.timeout.max = 1200ms (custom)
2023-07-13 06:10:56,175 [om1-groupManagement] INFO  server.RaftServerConfigKeys (ConfUtils.java:logGet(46)) - raft.server.rpc.sleep.time = 25ms (default)
2023-07-13 06:10:56,175 [om1-groupManagement] INFO  server.RaftServerConfigKeys (ConfUtils.java:logGet(46)) - raft.server.rpc.slowness.timeout = 120s (custom)
2023-07-13 06:10:56,176 [om1-groupManagement] INFO  server.RaftServerConfigKeys (ConfUtils.java:logGet(46)) - raft.server.leaderelection.leader.step-down.wait-time = 10s (default)
2023-07-13 06:10:56,176 [om1-groupManagement] INFO  server.RaftServerConfigKeys (ConfUtils.java:logGet(46)) - raft.server.sleep.deviation.threshold = 300ms (default)
2023-07-13 06:10:56,189 [om1-groupManagement] INFO  server.RaftServer$Division (ServerState.java:<init>(120)) - om1@group-C5BA1605619E: ConfigurationManager, init=-1: peers:[om1|rpc:localhost:15007|priority:0|startupRole:FOLLOWER]|listeners:[], old=null, confs=<EMPTY_MAP>
2023-07-13 06:10:56,197 [om1-groupManagement] INFO  server.RaftServerConfigKeys (ConfUtils.java:logGet(46)) - raft.server.storage.dir = [/home/runner/work/ozone/ozone/hadoop-ozone/integration-test/target/test-dir/MiniOzoneClusterImpl-40c29f8c-30b3-4208-9c4d-d76d276bda5b/ozone-meta/ratis] (custom)
2023-07-13 06:10:56,211 [om1-groupManagement] INFO  server.RaftServerConfigKeys (ConfUtils.java:logGet(46)) - raft.server.log.corruption.policy = EXCEPTION (default)
2023-07-13 06:10:56,211 [om1-groupManagement] INFO  server.RaftServerConfigKeys (ConfUtils.java:logGet(46)) - raft.server.storage.free-space.min = 0MB (=0) (default)
2023-07-13 06:10:56,227 [om1-groupManagement] INFO  server.RaftServerConfigKeys (ConfUtils.java:logGet(46)) - raft.server.notification.no-leader.timeout = 120s (custom)
2023-07-13 06:10:56,232 [om1-groupManagement] INFO  server.RaftServerConfigKeys (ConfUtils.java:logGet(46)) - raft.server.read.timeout = 10s (default)
2023-07-13 06:10:56,237 [om1-groupManagement] INFO  server.RaftServerConfigKeys (ConfUtils.java:logGet(46)) - raft.server.retrycache.expirytime = 300s (custom)
2023-07-13 06:10:56,237 [om1-groupManagement] INFO  server.RaftServerConfigKeys (ConfUtils.java:logGet(46)) - raft.server.retrycache.statistics.expirytime = 100μs (default)
2023-07-13 06:10:56,335 [om1-groupManagement] INFO  server.RaftServerConfigKeys (ConfUtils.java:logGet(46)) - raft.server.read.option = DEFAULT (default)
2023-07-13 06:10:56,395 [om1-groupManagement] INFO  server.RaftServerConfigKeys (ConfUtils.java:logGet(46)) - raft.server.rpc.request.timeout = 3000ms (default)
2023-07-13 06:10:56,403 [om1-groupManagement] INFO  server.RaftServerConfigKeys (ConfUtils.java:logGet(46)) - raft.server.log.appender.install.snapshot.enabled = false (custom)
2023-07-13 06:10:56,404 [om1-groupManagement] INFO  server.RaftServerConfigKeys (ConfUtils.java:logGet(46)) - raft.server.threadpool.server.cached = true (default)
2023-07-13 06:10:56,405 [om1-groupManagement] INFO  server.RaftServerConfigKeys (ConfUtils.java:logGet(46)) - raft.server.threadpool.server.size = 0 (default)
2023-07-13 06:10:56,406 [om1-groupManagement] INFO  server.RaftServerConfigKeys (ConfUtils.java:logGet(46)) - raft.server.threadpool.client.cached = true (default)
2023-07-13 06:10:56,407 [om1-groupManagement] INFO  server.RaftServerConfigKeys (ConfUtils.java:logGet(46)) - raft.server.threadpool.client.size = 0 (default)
2023-07-13 06:10:57,031 [main] INFO  reflections.Reflections (Reflections.java:scan(232)) - Reflections took 803 ms to scan 19 urls, producing 70 keys and 5533 values [using 2 cores]
2023-07-13 06:10:57,261 [main] INFO  ipc.CallQueueManager (CallQueueManager.java:<init>(90)) - Using callQueue: class java.util.concurrent.LinkedBlockingQueue, queueCapacity: 2000, scheduler: class org.apache.hadoop.ipc.DefaultRpcScheduler, ipcBackoff: false.
2023-07-13 06:10:57,269 [main] INFO  ipc.Server (Server.java:<init>(1287)) - Listener at 127.0.0.1:15004
2023-07-13 06:10:57,269 [Socket Reader #1 for port 15004] INFO  ipc.Server (Server.java:run(1323)) - Starting Socket Reader #1 for port 15004
2023-07-13 06:10:57,320 [main] INFO  impl.MetricsSystemImpl (MetricsSystemImpl.java:init(158)) - OzoneManager metrics system started (again)
2023-07-13 06:10:57,335 [main] INFO  om.OzoneManager (OzoneManager.java:start(1617)) - OzoneManager RPC server is listening at localhost/127.0.0.1:15004
2023-07-13 06:10:57,336 [main] INFO  ratis.OzoneManagerRatisServer (OzoneManagerRatisServer.java:start(558)) - Starting OzoneManagerRatisServer om1 at port 15007
2023-07-13 06:10:57,339 [om1-impl-thread1] INFO  storage.RaftStorageDirectory (RaftStorageDirectoryImpl.java:analyzeStorage(137)) - The storage directory /home/runner/work/ozone/ozone/hadoop-ozone/integration-test/target/test-dir/MiniOzoneClusterImpl-40c29f8c-30b3-4208-9c4d-d76d276bda5b/ozone-meta/ratis/bf265839-605b-3f16-9796-c5ba1605619e does not exist. Creating ...
2023-07-13 06:10:57,344 [om1-impl-thread1] INFO  storage.RaftStorageDirectory (RaftStorageDirectoryImpl.java:tryLock(231)) - Lock on /home/runner/work/ozone/ozone/hadoop-ozone/integration-test/target/test-dir/MiniOzoneClusterImpl-40c29f8c-30b3-4208-9c4d-d76d276bda5b/ozone-meta/ratis/bf265839-605b-3f16-9796-c5ba1605619e/in_use.lock acquired by nodename 110901@fv-az932-602
2023-07-13 06:10:57,351 [om1-impl-thread1] INFO  storage.RaftStorage (RaftStorageImpl.java:format(96)) - Storage directory /home/runner/work/ozone/ozone/hadoop-ozone/integration-test/target/test-dir/MiniOzoneClusterImpl-40c29f8c-30b3-4208-9c4d-d76d276bda5b/ozone-meta/ratis/bf265839-605b-3f16-9796-c5ba1605619e has been successfully formatted.
2023-07-13 06:10:57,355 [om1-impl-thread1] INFO  server.RaftServerConfigKeys (ConfUtils.java:logGet(46)) - raft.server.log.use.memory = false (default)
2023-07-13 06:10:57,364 [om1-impl-thread1] INFO  server.RaftServerConfigKeys (ConfUtils.java:logGet(46)) - raft.server.log.purge.gap = 1000000 (custom)
2023-07-13 06:10:57,364 [om1-impl-thread1] INFO  server.RaftServerConfigKeys (ConfUtils.java:logGet(46)) - raft.server.log.appender.buffer.byte-limit = 33554432 (custom)
2023-07-13 06:10:57,366 [om1-impl-thread1] INFO  server.RaftServerConfigKeys (ConfUtils.java:logGet(46)) - raft.server.log.statemachine.data.read.timeout = 1000ms (default)
2023-07-13 06:10:57,369 [om1-impl-thread1] INFO  server.RaftServerConfigKeys (ConfUtils.java:logGet(46)) - raft.server.log.purge.preservation.log.num = 0 (default)
2023-07-13 06:10:57,372 [om1-impl-thread1] INFO  server.RaftServerConfigKeys (ConfUtils.java:logGet(46)) - raft.server.log.segment.size.max = 4194304 (custom)
2023-07-13 06:10:57,379 [om1-impl-thread1] INFO  server.RaftServerConfigKeys (ConfUtils.java:logGet(46)) - raft.server.log.segment.cache.num.max = 2 (custom)
2023-07-13 06:10:57,379 [om1-impl-thread1] INFO  server.RaftServerConfigKeys (ConfUtils.java:logGet(46)) - raft.server.log.segment.cache.size.max = 200MB (=209715200) (default)
2023-07-13 06:10:57,379 [om1-impl-thread1] INFO  server.RaftServerConfigKeys (ConfUtils.java:logGet(46)) - raft.server.log.appender.buffer.byte-limit = 33554432 (custom)
2023-07-13 06:10:57,387 [om1-impl-thread1] INFO  segmented.SegmentedRaftLogWorker (SegmentedRaftLogWorker.java:<init>(188)) - new om1@group-C5BA1605619E-SegmentedRaftLogWorker for RaftStorageImpl:Storage Directory /home/runner/work/ozone/ozone/hadoop-ozone/integration-test/target/test-dir/MiniOzoneClusterImpl-40c29f8c-30b3-4208-9c4d-d76d276bda5b/ozone-meta/ratis/bf265839-605b-3f16-9796-c5ba1605619e
2023-07-13 06:10:57,387 [om1-impl-thread1] INFO  server.RaftServerConfigKeys (ConfUtils.java:logGet(46)) - raft.server.log.queue.byte-limit = 64MB (=67108864) (default)
2023-07-13 06:10:57,388 [om1-impl-thread1] INFO  server.RaftServerConfigKeys (ConfUtils.java:logGet(46)) - raft.server.log.queue.element-limit = 4096 (default)
2023-07-13 06:10:57,389 [om1-impl-thread1] INFO  server.RaftServerConfigKeys (ConfUtils.java:logGet(46)) - raft.server.log.segment.size.max = 4194304 (custom)
2023-07-13 06:10:57,389 [om1-impl-thread1] INFO  server.RaftServerConfigKeys (ConfUtils.java:logGet(46)) - raft.server.log.preallocated.size = 4194304 (custom)
2023-07-13 06:10:57,390 [om1-impl-thread1] INFO  server.RaftServerConfigKeys (ConfUtils.java:logGet(46)) - raft.server.log.force.sync.num = 128 (default)
2023-07-13 06:10:57,391 [om1-impl-thread1] INFO  server.RaftServerConfigKeys (ConfUtils.java:logGet(46)) - raft.server.log.statemachine.data.sync = true (default)
2023-07-13 06:10:57,391 [om1-impl-thread1] INFO  server.RaftServerConfigKeys (ConfUtils.java:logGet(46)) - raft.server.log.statemachine.data.sync.timeout = 10s (default)
2023-07-13 06:10:57,392 [om1-impl-thread1] INFO  server.RaftServerConfigKeys (ConfUtils.java:logGet(46)) - raft.server.log.statemachine.data.sync.timeout.retry = -1 (default)
2023-07-13 06:10:57,400 [om1-impl-thread1] INFO  server.RaftServerConfigKeys (ConfUtils.java:logGet(46)) - raft.server.log.write.buffer.size = 64KB (=65536) (default)
2023-07-13 06:10:57,400 [om1-impl-thread1] INFO  server.RaftServerConfigKeys (ConfUtils.java:logGet(46)) - raft.server.log.appender.buffer.byte-limit = 33554432 (custom)
2023-07-13 06:10:57,410 [om1-impl-thread1] INFO  server.RaftServerConfigKeys (ConfUtils.java:logGet(46)) - raft.server.log.unsafe-flush.enabled = false (default)
2023-07-13 06:10:57,410 [om1-impl-thread1] INFO  server.RaftServerConfigKeys (ConfUtils.java:logGet(46)) - raft.server.log.async-flush.enabled = false (default)
2023-07-13 06:10:57,411 [om1-impl-thread1] INFO  server.RaftServerConfigKeys (ConfUtils.java:logGet(46)) - raft.server.log.statemachine.data.caching.enabled = false (default)
2023-07-13 06:10:57,418 [om1-impl-thread1] INFO  segmented.SegmentedRaftLogWorker (SegmentedRaftLogWorker.java:lambda$new$0(135)) - om1@group-C5BA1605619E-SegmentedRaftLogWorker: flushIndex: setUnconditionally 0 -> -1
2023-07-13 06:10:57,418 [om1-impl-thread1] INFO  segmented.SegmentedRaftLogWorker (SegmentedRaftLogWorker.java:lambda$new$0(135)) - om1@group-C5BA1605619E-SegmentedRaftLogWorker: safeCacheEvictIndex: setUnconditionally 0 -> -1
2023-07-13 06:10:57,420 [om1-impl-thread1] INFO  server.RaftServer$Division (RaftServerImpl.java:start(342)) - om1@group-C5BA1605619E: start as a follower, conf=-1: peers:[om1|rpc:localhost:15007|priority:0|startupRole:FOLLOWER]|listeners:[], old=null
2023-07-13 06:10:57,421 [om1-impl-thread1] INFO  server.RaftServer$Division (RaftServerImpl.java:setRole(329)) - om1@group-C5BA1605619E: changes role from      null to FOLLOWER at term 0 for startAsFollower
2023-07-13 06:10:57,423 [om1-impl-thread1] INFO  impl.RoleInfo (RoleInfo.java:updateAndGet(139)) - om1: start om1@group-C5BA1605619E-FollowerState
2023-07-13 06:10:57,425 [om1-impl-thread1] INFO  util.JmxRegister (JmxRegister.java:tryRegister(44)) - Successfully registered JMX Bean with object name Ratis:service=RaftServer,group=group-C5BA1605619E,id=om1
2023-07-13 06:10:57,427 [om1-impl-thread1] INFO  server.RaftServerConfigKeys (ConfUtils.java:logGet(46)) - raft.server.snapshot.auto.trigger.enabled = true (custom)
2023-07-13 06:10:57,427 [om1-impl-thread1] INFO  server.RaftServerConfigKeys (ConfUtils.java:logGet(46)) - raft.server.snapshot.auto.trigger.threshold = 400000 (default)
2023-07-13 06:10:57,428 [om1-impl-thread1] INFO  server.RaftServerConfigKeys (ConfUtils.java:logGet(46)) - raft.server.snapshot.retention.file.num = -1 (default)
2023-07-13 06:10:57,429 [om1-impl-thread1] INFO  server.RaftServerConfigKeys (ConfUtils.java:logGet(46)) - raft.server.log.purge.upto.snapshot.index = true (custom)
2023-07-13 06:10:57,430 [om1@group-C5BA1605619E-FollowerState] INFO  server.RaftServerConfigKeys (ConfUtils.java:logFallback(53)) - raft.server.rpc.first-election.timeout.min = 1s (fallback to raft.server.rpc.timeout.min)
2023-07-13 06:10:57,430 [om1@group-C5BA1605619E-FollowerState] INFO  server.RaftServerConfigKeys (ConfUtils.java:logFallback(53)) - raft.server.rpc.first-election.timeout.max = 1200ms (fallback to raft.server.rpc.timeout.max)
2023-07-13 06:10:57,433 [main] INFO  server.RaftServer (RaftServerProxy.java:startImpl(400)) - om1: start RPC server
2023-07-13 06:10:57,497 [main] INFO  server.GrpcService (GrpcService.java:startImpl(302)) - om1: GrpcService started, listening on 15007
2023-07-13 06:10:57,504 [main] INFO  om.OzoneManager (OzoneManager.java:start(1633)) - Version File has different layout version (6) than OM DB (null). That is expected if this OM has never been finalized to a newer layout version.
2023-07-13 06:10:57,506 [JvmPauseMonitor1] INFO  util.JvmPauseMonitor (JvmPauseMonitor.java:run(103)) - JvmPauseMonitor-om1: Started
2023-07-13 06:10:57,562 [main] INFO  http.BaseHttpServer (BaseHttpServer.java:newHttpServer2BuilderForOzone(224)) - Starting Web-server for ozoneManager at: http://0.0.0.0:15005
2023-07-13 06:10:57,562 [main] INFO  http.BaseHttpServer (BaseHttpServer.java:<init>(111)) - Hadoop Security Enabled: false Ozone Security Enabled: false Ozone HTTP Security Enabled: false 
2023-07-13 06:10:57,565 [main] WARN  server.AuthenticationFilter (AuthenticationFilter.java:constructSecretProvider(240)) - Unable to initialize FileSignerSecretProvider, falling back to use random secrets. Reason: Could not read signature secret file: /home/runner/hadoop-http-auth-signature-secret
2023-07-13 06:10:57,572 [main] INFO  http.HttpRequestLog (HttpRequestLog.java:getRequestLog(86)) - Http request log for http.requests.ozoneManager is not defined
2023-07-13 06:10:57,577 [main] INFO  http.HttpServer2 (HttpServer2.java:addGlobalFilter(1031)) - Added global filter 'safety' (class=org.apache.hadoop.hdds.server.http.HttpServer2$QuotingInputFilter)
2023-07-13 06:10:57,579 [main] INFO  http.HttpServer2 (HttpServer2.java:addFilter(1007)) - Added filter static_user_filter (class=org.apache.hadoop.http.lib.StaticUserWebFilter$StaticUserFilter) to context ozoneManager
2023-07-13 06:10:57,579 [main] INFO  http.HttpServer2 (HttpServer2.java:addFilter(1015)) - Added filter static_user_filter (class=org.apache.hadoop.http.lib.StaticUserWebFilter$StaticUserFilter) to context logs
2023-07-13 06:10:57,579 [main] INFO  http.HttpServer2 (HttpServer2.java:addFilter(1015)) - Added filter static_user_filter (class=org.apache.hadoop.http.lib.StaticUserWebFilter$StaticUserFilter) to context static
2023-07-13 06:10:57,584 [main] INFO  http.BaseHttpServer (BaseHttpServer.java:<init>(190)) - HTTP server of ozoneManager uses base directory /home/runner/work/ozone/ozone/hadoop-ozone/integration-test/target/test-dir/MiniOzoneClusterImpl-40c29f8c-30b3-4208-9c4d-d76d276bda5b/ozone-meta/webserver
2023-07-13 06:10:57,591 [main] INFO  http.HttpServer2 (HttpServer2.java:bindListener(1250)) - Jetty bound to port 15005
2023-07-13 06:10:57,591 [main] INFO  server.Server (Server.java:doStart(375)) - jetty-9.4.51.v20230217; built: 2023-02-17T08:19:37.309Z; git: b45c405e4544384de066f814ed42ae3dceacdd49; jvm 1.8.0_372-b07
2023-07-13 06:10:57,610 [main] INFO  server.session (DefaultSessionIdManager.java:doStart(334)) - DefaultSessionIdManager workerName=node0
2023-07-13 06:10:57,610 [main] INFO  server.session (DefaultSessionIdManager.java:doStart(339)) - No SessionScavenger set, using defaults
2023-07-13 06:10:57,610 [main] INFO  server.session (HouseKeeper.java:startScavenging(132)) - node0 Scavenging every 660000ms
2023-07-13 06:10:57,611 [main] INFO  handler.ContextHandler (ContextHandler.java:doStart(921)) - Started o.e.j.s.ServletContextHandler@22711852{logs,/logs,file:///home/runner/work/ozone/ozone/hadoop-ozone/integration-test/target/log,AVAILABLE}
2023-07-13 06:10:57,612 [main] INFO  handler.ContextHandler (ContextHandler.java:doStart(921)) - Started o.e.j.s.ServletContextHandler@25ab7132{static,/static,file:///home/runner/work/ozone/ozone/hadoop-ozone/integration-test/target/test-classes/webapps/static,AVAILABLE}
2023-07-13 06:10:57,624 [main] INFO  handler.ContextHandler (ContextHandler.java:doStart(921)) - Started o.e.j.w.WebAppContext@7f5950f6{ozoneManager,/,file:///home/runner/work/ozone/ozone/hadoop-ozone/integration-test/target/test-classes/webapps/ozoneManager/,AVAILABLE}{file:/home/runner/work/ozone/ozone/hadoop-ozone/integration-test/target/test-classes/webapps/ozoneManager}
2023-07-13 06:10:57,626 [main] INFO  server.AbstractConnector (AbstractConnector.java:doStart(333)) - Started ServerConnector@29d38163{HTTP/1.1, (http/1.1)}{0.0.0.0:15005}
2023-07-13 06:10:57,626 [main] INFO  server.Server (Server.java:doStart(415)) - Started @11689ms
2023-07-13 06:10:57,626 [main] WARN  impl.MetricsSystemImpl (MetricsSystemImpl.java:register(279)) - Sink prometheus already exists!
2023-07-13 06:10:57,627 [main] INFO  http.BaseHttpServer (BaseHttpServer.java:updateConnectorAddress(344)) - HTTP server of ozoneManager listening at http://0.0.0.0:15005
2023-07-13 06:10:57,632 [IPC Server Responder] INFO  ipc.Server (Server.java:run(1562)) - IPC Server Responder: starting
2023-07-13 06:10:57,645 [main] INFO  om.OzoneManager (OzoneManager.java:startTrashEmptier(2092)) - Trash Interval set to 0. Files deleted won't move to trash
2023-07-13 06:10:57,647 [IPC Server listener on 15004] INFO  ipc.Server (Server.java:run(1402)) - IPC Server listener on 15004: starting
2023-07-13 06:10:57,836 [main] WARN  impl.MetricRegistriesImpl (MetricRegistriesImpl.java:addReporterRegistration(111)) - New reporters are added after registries were created. Some metrics will be missing from the reporter. Please add reporter before adding any new registry.
2023-07-13 06:10:57,837 [main] WARN  impl.MetricRegistriesImpl (MetricRegistriesImpl.java:addReporterRegistration(111)) - New reporters are added after registries were created. Some metrics will be missing from the reporter. Please add reporter before adding any new registry.
2023-07-13 06:10:57,837 [main] INFO  impl.MetricsSystemImpl (MetricsSystemImpl.java:init(158)) - HddsDatanode metrics system started (again)
2023-07-13 06:10:57,866 [main] INFO  ozone.HddsDatanodeService (HddsDatanodeService.java:start(237)) - HddsDatanodeService host:fv-az932-602.ktyqbx4ivk1enavz3wfkrixyxe.bx.internal.cloudapp.net ip:10.1.0.28
2023-07-13 06:10:57,911 [main] INFO  upgrade.AbstractLayoutVersionManager (AbstractLayoutVersionManager.java:init(83)) - Initializing Layout version manager with metadata layout = HADOOP_PRC_PORTS_IN_DATANODEDETAILS (version = 7), software layout = HADOOP_PRC_PORTS_IN_DATANODEDETAILS (version = 7)
2023-07-13 06:10:57,914 [main] INFO  statemachine.DatanodeStateMachine (DatanodeStateMachine.java:getEndPointTaskThreadPoolSize(279)) - Datanode State Machine Task Thread Pool size 2
2023-07-13 06:10:58,233 [JvmPauseMonitor0] WARN  util.JvmPauseMonitor (JvmPauseMonitor.java:detectPause(124)) - JvmPauseMonitor-322254b0-5b64-4d96-81bf-d14bda2f0880: Detected pause in JVM or host machine approximately 0.109s with 0.201s GC time.
GC pool 'PS MarkSweep' had collection(s): count=1 time=143ms
GC pool 'PS Scavenge' had collection(s): count=1 time=58ms
2023-07-13 06:10:58,263 [main] INFO  volume.HddsVolume (HddsVolume.java:<init>(133)) - Creating HddsVolume: /home/runner/work/ozone/ozone/hadoop-ozone/integration-test/target/test-dir/MiniOzoneClusterImpl-40c29f8c-30b3-4208-9c4d-d76d276bda5b/datanode-0/data-0/containers/hdds of storage type : DISK capacity : 9223372036854775807
2023-07-13 06:10:58,266 [main] INFO  volume.MutableVolumeSet (MutableVolumeSet.java:initializeVolumeSet(175)) - Added Volume : /home/runner/work/ozone/ozone/hadoop-ozone/integration-test/target/test-dir/MiniOzoneClusterImpl-40c29f8c-30b3-4208-9c4d-d76d276bda5b/datanode-0/data-0/containers/hdds to VolumeSet
2023-07-13 06:10:58,267 [main] INFO  volume.ThrottledAsyncChecker (ThrottledAsyncChecker.java:schedule(141)) - Scheduling a check for /home/runner/work/ozone/ozone/hadoop-ozone/integration-test/target/test-dir/MiniOzoneClusterImpl-40c29f8c-30b3-4208-9c4d-d76d276bda5b/datanode-0/data-0/containers/hdds
2023-07-13 06:10:58,298 [main] INFO  volume.StorageVolumeChecker (StorageVolumeChecker.java:checkAllVolumes(202)) - Scheduled health check for volume /home/runner/work/ozone/ozone/hadoop-ozone/integration-test/target/test-dir/MiniOzoneClusterImpl-40c29f8c-30b3-4208-9c4d-d76d276bda5b/datanode-0/data-0/containers/hdds
2023-07-13 06:10:58,307 [main] INFO  volume.MutableVolumeSet (MutableVolumeSet.java:initializeVolumeSet(175)) - Added Volume : /home/runner/work/ozone/ozone/hadoop-ozone/integration-test/target/test-dir/MiniOzoneClusterImpl-40c29f8c-30b3-4208-9c4d-d76d276bda5b/datanode-0/data/ratis to VolumeSet
2023-07-13 06:10:58,307 [main] INFO  volume.ThrottledAsyncChecker (ThrottledAsyncChecker.java:schedule(141)) - Scheduling a check for /home/runner/work/ozone/ozone/hadoop-ozone/integration-test/target/test-dir/MiniOzoneClusterImpl-40c29f8c-30b3-4208-9c4d-d76d276bda5b/datanode-0/data/ratis
2023-07-13 06:10:58,307 [main] INFO  volume.StorageVolumeChecker (StorageVolumeChecker.java:checkAllVolumes(202)) - Scheduled health check for volume /home/runner/work/ozone/ozone/hadoop-ozone/integration-test/target/test-dir/MiniOzoneClusterImpl-40c29f8c-30b3-4208-9c4d-d76d276bda5b/datanode-0/data/ratis
2023-07-13 06:10:58,329 [Thread-151] INFO  ozoneimpl.ContainerReader (ContainerReader.java:readVolume(175)) - Finish verifying containers on volume /home/runner/work/ozone/ozone/hadoop-ozone/integration-test/target/test-dir/MiniOzoneClusterImpl-40c29f8c-30b3-4208-9c4d-d76d276bda5b/datanode-0/data-0/containers/hdds
2023-07-13 06:10:58,330 [main] INFO  ozoneimpl.OzoneContainer (OzoneContainer.java:buildContainerSet(316)) - Build ContainerSet costs 0s
2023-07-13 06:10:58,403 [main] INFO  audit.AuditLogger (AuditLogger.java:refreshDebugCmdSet(126)) - Refresh DebugCmdSet for DNAudit to [].
2023-07-13 06:10:58,445 [main] INFO  server.RaftServer (ConfUtils.java:logGet(46)) - raft.rpc.type = GRPC (default)
2023-07-13 06:10:58,445 [main] INFO  grpc.GrpcConfigKeys (ConfUtils.java:logFallback(53)) - raft.grpc.admin.host = null (fallback to raft.grpc.server.host)
2023-07-13 06:10:58,445 [main] INFO  grpc.GrpcConfigKeys (ConfUtils.java:logGet(46)) - raft.grpc.admin.port = 15013 (custom)
2023-07-13 06:10:58,445 [main] INFO  grpc.GrpcConfigKeys (ConfUtils.java:logFallback(53)) - raft.grpc.client.host = null (fallback to raft.grpc.server.host)
2023-07-13 06:10:58,445 [main] INFO  grpc.GrpcConfigKeys (ConfUtils.java:logGet(46)) - raft.grpc.client.port = 15012 (custom)
2023-07-13 06:10:58,446 [main] INFO  grpc.GrpcConfigKeys (ConfUtils.java:logGet(46)) - raft.grpc.server.host = null (default)
2023-07-13 06:10:58,446 [main] INFO  grpc.GrpcConfigKeys (ConfUtils.java:logGet(46)) - raft.grpc.server.port = 15014 (custom)
2023-07-13 06:10:58,446 [main] INFO  server.GrpcService (ConfUtils.java:logGet(46)) - raft.grpc.message.size.max = 32MB (=33554432) (custom)
2023-07-13 06:10:58,446 [main] INFO  server.RaftServerConfigKeys (ConfUtils.java:logGet(46)) - raft.server.log.appender.buffer.byte-limit = 33554432 (custom)
2023-07-13 06:10:58,446 [main] INFO  server.GrpcService (ConfUtils.java:logGet(46)) - raft.grpc.flow.control.window = 5MB (=5242880) (custom)
2023-07-13 06:10:58,446 [main] INFO  server.RaftServerConfigKeys (ConfUtils.java:logGet(46)) - raft.server.rpc.request.timeout = 60s (custom)
2023-07-13 06:10:58,447 [main] INFO  grpc.GrpcConfigKeys (ConfUtils.java:logGet(46)) - raft.grpc.server.heartbeat.channel = true (default)
2023-07-13 06:10:58,447 [main] INFO  grpc.GrpcConfigKeys (ConfUtils.java:logGet(46)) - raft.grpc.server.async.request.thread.pool.cached = true (default)
2023-07-13 06:10:58,447 [main] INFO  grpc.GrpcConfigKeys (ConfUtils.java:logGet(46)) - raft.grpc.server.async.request.thread.pool.size = 32 (default)
2023-07-13 06:10:58,451 [main] INFO  impl.DataStreamServerImpl (ConfUtils.java:logGet(46)) - raft.datastream.type = NETTY (custom)
2023-07-13 06:10:58,461 [main] INFO  server.RaftServerConfigKeys (ConfUtils.java:logGet(46)) - raft.server.data-stream.async.request.thread.pool.cached = false (default)
2023-07-13 06:10:58,462 [main] INFO  server.RaftServerConfigKeys (ConfUtils.java:logGet(46)) - raft.server.data-stream.async.request.thread.pool.size = 20 (custom)
2023-07-13 06:10:58,462 [main] INFO  server.RaftServerConfigKeys (ConfUtils.java:logGet(46)) - raft.server.data-stream.async.write.thread.pool.size = 16 (default)
2023-07-13 06:10:58,463 [main] INFO  server.RaftServerConfigKeys (ConfUtils.java:logGet(46)) - raft.server.data-stream.client.pool.size = 10 (default)
2023-07-13 06:10:58,467 [main] INFO  netty.NettyConfigKeys$DataStream (ConfUtils.java:logGet(46)) - raft.netty.dataStream.server.use-epoll = false (default)
2023-07-13 06:10:58,467 [main] INFO  netty.NettyConfigKeys$DataStream (ConfUtils.java:logGet(46)) - raft.netty.dataStream.server.boss-group.size = 0 (default)
2023-07-13 06:10:58,475 [main] INFO  netty.NettyConfigKeys$DataStream (ConfUtils.java:logGet(46)) - raft.netty.dataStream.server.worker-group.size = 0 (default)
2023-07-13 06:10:58,476 [main] INFO  netty.NettyConfigKeys$DataStream (ConfUtils.java:logGet(46)) - raft.netty.dataStream.server.tls.conf = null (default)
2023-07-13 06:10:58,478 [main] INFO  netty.NettyConfigKeys$DataStream (ConfUtils.java:logGet(46)) - raft.netty.dataStream.host = null (default)
2023-07-13 06:10:58,479 [main] INFO  netty.NettyConfigKeys$DataStream (ConfUtils.java:logGet(46)) - raft.netty.dataStream.port = 15015 (custom)
2023-07-13 06:10:58,490 [main] INFO  server.RaftServerConfigKeys (ConfUtils.java:logGet(46)) - raft.server.threadpool.proxy.cached = true (default)
2023-07-13 06:10:58,490 [main] INFO  server.RaftServerConfigKeys (ConfUtils.java:logGet(46)) - raft.server.threadpool.proxy.size = 0 (default)
2023-07-13 06:10:58,490 [main] INFO  server.RaftServerConfigKeys (ConfUtils.java:logGet(46)) - raft.server.rpc.slowness.timeout = 300s (custom)
2023-07-13 06:10:58,490 [main] INFO  server.RaftServerConfigKeys (ConfUtils.java:logGet(46)) - raft.server.leaderelection.leader.step-down.wait-time = 10s (default)
2023-07-13 06:10:58,491 [main] INFO  server.RaftServerConfigKeys (ConfUtils.java:logGet(46)) - raft.server.storage.dir = [/home/runner/work/ozone/ozone/hadoop-ozone/integration-test/target/test-dir/MiniOzoneClusterImpl-40c29f8c-30b3-4208-9c4d-d76d276bda5b/datanode-0/data/ratis] (custom)
2023-07-13 06:10:58,543 [82b6249a-e03c-430a-993b-f8cc239713ce-NettyServerStreamRpc-bossGroup--thread1] INFO  logging.LoggingHandler (AbstractInternalLogger.java:log(148)) - [id: 0x582cecd4] REGISTERED
2023-07-13 06:10:58,544 [82b6249a-e03c-430a-993b-f8cc239713ce-NettyServerStreamRpc-bossGroup--thread1] INFO  logging.LoggingHandler (AbstractInternalLogger.java:log(148)) - [id: 0x582cecd4] BIND: 0.0.0.0/0.0.0.0:15015
2023-07-13 06:10:58,545 [82b6249a-e03c-430a-993b-f8cc239713ce-NettyServerStreamRpc-bossGroup--thread1] INFO  logging.LoggingHandler (AbstractInternalLogger.java:log(148)) - [id: 0x582cecd4, L:/0:0:0:0:0:0:0:0:15015] ACTIVE
2023-07-13 06:10:58,553 [main] INFO  server.XceiverServerGrpc (XceiverServerGrpc.java:<init>(132)) - GrpcServer channel type EpollServerSocketChannel
2023-07-13 06:10:58,602 [main] INFO  replication.ReplicationSupervisor (ReplicationSupervisor.java:nodeStateUpdated(305)) - Node state updated to IN_SERVICE, scaling executor pool size to 10
2023-07-13 06:10:58,631 [om1@group-C5BA1605619E-FollowerState] INFO  impl.FollowerState (FollowerState.java:run(143)) - om1@group-C5BA1605619E-FollowerState: change to CANDIDATE, lastRpcElapsedTime:1208892805ns, electionTimeout:1200ms
2023-07-13 06:10:58,633 [om1@group-C5BA1605619E-FollowerState] INFO  impl.RoleInfo (RoleInfo.java:shutdownFollowerState(110)) - om1: shutdown om1@group-C5BA1605619E-FollowerState
2023-07-13 06:10:58,633 [om1@group-C5BA1605619E-FollowerState] INFO  server.RaftServer$Division (RaftServerImpl.java:setRole(329)) - om1@group-C5BA1605619E: changes role from  FOLLOWER to CANDIDATE at term 0 for changeToCandidate
2023-07-13 06:10:58,637 [om1@group-C5BA1605619E-FollowerState] INFO  server.RaftServerConfigKeys (ConfUtils.java:logGet(46)) - raft.server.leaderelection.pre-vote = true (default)
2023-07-13 06:10:58,637 [om1@group-C5BA1605619E-FollowerState] INFO  impl.RoleInfo (RoleInfo.java:updateAndGet(139)) - om1: start om1@group-C5BA1605619E-LeaderElection1
2023-07-13 06:10:58,644 [om1@group-C5BA1605619E-LeaderElection1] INFO  impl.LeaderElection (LeaderElection.java:askForVotes(321)) - om1@group-C5BA1605619E-LeaderElection1 PRE_VOTE round 0: submit vote requests at term 0 for -1: peers:[om1|rpc:localhost:15007|priority:0|startupRole:FOLLOWER]|listeners:[], old=null
2023-07-13 06:10:58,645 [om1@group-C5BA1605619E-LeaderElection1] INFO  impl.LeaderElection (LeaderElection.java:askForVotes(323)) - om1@group-C5BA1605619E-LeaderElection1 PRE_VOTE round 0: result PASSED (term=0)
2023-07-13 06:10:58,648 [om1@group-C5BA1605619E-LeaderElection1] INFO  impl.LeaderElection (LeaderElection.java:askForVotes(321)) - om1@group-C5BA1605619E-LeaderElection1 ELECTION round 0: submit vote requests at term 1 for -1: peers:[om1|rpc:localhost:15007|priority:0|startupRole:FOLLOWER]|listeners:[], old=null
2023-07-13 06:10:58,649 [om1@group-C5BA1605619E-LeaderElection1] INFO  impl.LeaderElection (LeaderElection.java:askForVotes(323)) - om1@group-C5BA1605619E-LeaderElection1 ELECTION round 0: result PASSED (term=1)
2023-07-13 06:10:58,649 [om1@group-C5BA1605619E-LeaderElection1] INFO  impl.RoleInfo (RoleInfo.java:shutdownLeaderElection(130)) - om1: shutdown om1@group-C5BA1605619E-LeaderElection1
2023-07-13 06:10:58,649 [om1@group-C5BA1605619E-LeaderElection1] INFO  server.RaftServer$Division (RaftServerImpl.java:setRole(329)) - om1@group-C5BA1605619E: changes role from CANDIDATE to LEADER at term 1 for changeToLeader
2023-07-13 06:10:58,654 [om1@group-C5BA1605619E-LeaderElection1] INFO  server.RaftServer$Division (ServerState.java:setLeader(317)) - om1@group-C5BA1605619E: change Leader from null to om1 at term 1 for becomeLeader, leader elected after 2422ms
2023-07-13 06:10:58,670 [main] INFO  http.BaseHttpServer (BaseHttpServer.java:newHttpServer2BuilderForOzone(224)) - Starting Web-server for hddsDatanode at: http://0.0.0.0:15009
2023-07-13 06:10:58,670 [main] INFO  http.BaseHttpServer (BaseHttpServer.java:<init>(111)) - Hadoop Security Enabled: false Ozone Security Enabled: false Ozone HTTP Security Enabled: false 
2023-07-13 06:10:58,671 [om1@group-C5BA1605619E-LeaderElection1] INFO  server.RaftServerConfigKeys (ConfUtils.java:logGet(46)) - raft.server.staging.catchup.gap = 1000 (default)
2023-07-13 06:10:58,672 [main] WARN  server.AuthenticationFilter (AuthenticationFilter.java:constructSecretProvider(240)) - Unable to initialize FileSignerSecretProvider, falling back to use random secrets. Reason: Could not read signature secret file: /home/runner/hadoop-http-auth-signature-secret
2023-07-13 06:10:58,673 [main] INFO  http.HttpRequestLog (HttpRequestLog.java:getRequestLog(86)) - Http request log for http.requests.hddsDatanode is not defined
2023-07-13 06:10:58,674 [main] INFO  http.HttpServer2 (HttpServer2.java:addGlobalFilter(1031)) - Added global filter 'safety' (class=org.apache.hadoop.hdds.server.http.HttpServer2$QuotingInputFilter)
2023-07-13 06:10:58,675 [main] INFO  http.HttpServer2 (HttpServer2.java:addFilter(1007)) - Added filter static_user_filter (class=org.apache.hadoop.http.lib.StaticUserWebFilter$StaticUserFilter) to context hddsDatanode
2023-07-13 06:10:58,680 [main] INFO  http.HttpServer2 (HttpServer2.java:addFilter(1015)) - Added filter static_user_filter (class=org.apache.hadoop.http.lib.StaticUserWebFilter$StaticUserFilter) to context logs
2023-07-13 06:10:58,680 [main] INFO  http.HttpServer2 (HttpServer2.java:addFilter(1015)) - Added filter static_user_filter (class=org.apache.hadoop.http.lib.StaticUserWebFilter$StaticUserFilter) to context static
2023-07-13 06:10:58,681 [main] INFO  http.BaseHttpServer (BaseHttpServer.java:<init>(190)) - HTTP server of hddsDatanode uses base directory /home/runner/work/ozone/ozone/hadoop-ozone/integration-test/target/test-dir/MiniOzoneClusterImpl-40c29f8c-30b3-4208-9c4d-d76d276bda5b/datanode-0/meta/webserver
2023-07-13 06:10:58,681 [main] INFO  http.HttpServer2 (HttpServer2.java:bindListener(1250)) - Jetty bound to port 15009
2023-07-13 06:10:58,681 [main] INFO  server.Server (Server.java:doStart(375)) - jetty-9.4.51.v20230217; built: 2023-02-17T08:19:37.309Z; git: b45c405e4544384de066f814ed42ae3dceacdd49; jvm 1.8.0_372-b07
2023-07-13 06:10:58,691 [om1@group-C5BA1605619E-LeaderElection1] INFO  server.RaftServerConfigKeys (ConfUtils.java:logGet(46)) - raft.server.write.element-limit = 4096 (default)
2023-07-13 06:10:58,691 [om1@group-C5BA1605619E-LeaderElection1] INFO  server.RaftServerConfigKeys (ConfUtils.java:logGet(46)) - raft.server.write.byte-limit = 64MB (=67108864) (default)
2023-07-13 06:10:58,700 [om1@group-C5BA1605619E-LeaderElection1] INFO  server.RaftServerConfigKeys (ConfUtils.java:logGet(46)) - raft.server.watch.timeout = 10s (default)
2023-07-13 06:10:58,700 [om1@group-C5BA1605619E-LeaderElection1] INFO  server.RaftServerConfigKeys (ConfUtils.java:logGet(46)) - raft.server.watch.timeout.denomination = 1s (default)
2023-07-13 06:10:58,702 [om1@group-C5BA1605619E-LeaderElection1] INFO  server.RaftServerConfigKeys (ConfUtils.java:logGet(46)) - raft.server.watch.element-limit = 65536 (default)
2023-07-13 06:10:58,713 [om1@group-C5BA1605619E-LeaderElection1] INFO  server.RaftServerConfigKeys (ConfUtils.java:logGet(46)) - raft.server.write.element-limit = 4096 (default)
2023-07-13 06:10:58,719 [om1@group-C5BA1605619E-LeaderElection1] INFO  server.RaftServerConfigKeys (ConfUtils.java:logGet(46)) - raft.server.write.follower.gap.ratio.max = -1.0 (default)
2023-07-13 06:10:58,724 [om1@group-C5BA1605619E-LeaderElection1] INFO  impl.RoleInfo (RoleInfo.java:updateAndGet(139)) - om1: start om1@group-C5BA1605619E-LeaderStateImpl
2023-07-13 06:10:58,736 [main] INFO  server.session (DefaultSessionIdManager.java:doStart(334)) - DefaultSessionIdManager workerName=node0
2023-07-13 06:10:58,736 [main] INFO  server.session (DefaultSessionIdManager.java:doStart(339)) - No SessionScavenger set, using defaults
2023-07-13 06:10:58,737 [main] INFO  server.session (HouseKeeper.java:startScavenging(132)) - node0 Scavenging every 600000ms
2023-07-13 06:10:58,743 [main] INFO  handler.ContextHandler (ContextHandler.java:doStart(921)) - Started o.e.j.s.ServletContextHandler@b60341a{logs,/logs,file:///home/runner/work/ozone/ozone/hadoop-ozone/integration-test/target/log,AVAILABLE}
2023-07-13 06:10:58,744 [main] INFO  handler.ContextHandler (ContextHandler.java:doStart(921)) - Started o.e.j.s.ServletContextHandler@2a2e7083{static,/static,jar:file:/home/runner/.m2/repository/org/apache/ozone/hdds-container-service/1.4.0-SNAPSHOT/hdds-container-service-1.4.0-SNAPSHOT.jar!/webapps/static,AVAILABLE}
2023-07-13 06:10:58,782 [om1@group-C5BA1605619E-LeaderElection1] INFO  segmented.SegmentedRaftLogWorker (SegmentedRaftLogWorker.java:startLogSegment(447)) - om1@group-C5BA1605619E-SegmentedRaftLogWorker: Starting segment from index:0
2023-07-13 06:10:58,841 [om1@group-C5BA1605619E-LeaderElection1] INFO  server.RaftServer$Division (ServerState.java:setRaftConf(434)) - om1@group-C5BA1605619E: set configuration 0: peers:[om1|rpc:localhost:15007|admin:|client:|dataStream:|priority:0|startupRole:FOLLOWER]|listeners:[], old=null
2023-07-13 06:10:59,061 [om1@group-C5BA1605619E-SegmentedRaftLogWorker] INFO  segmented.SegmentedRaftLogWorker (SegmentedRaftLogWorker.java:execute(651)) - om1@group-C5BA1605619E-SegmentedRaftLogWorker: created new log segment /home/runner/work/ozone/ozone/hadoop-ozone/integration-test/target/test-dir/MiniOzoneClusterImpl-40c29f8c-30b3-4208-9c4d-d76d276bda5b/ozone-meta/ratis/bf265839-605b-3f16-9796-c5ba1605619e/current/log_inprogress_0
2023-07-13 06:10:59,180 [main] INFO  handler.ContextHandler (ContextHandler.java:doStart(921)) - Started o.e.j.w.WebAppContext@516edacb{hddsDatanode,/,file:///home/runner/work/ozone/ozone/hadoop-ozone/integration-test/target/tmp/kms/webapp/,AVAILABLE}{jar:file:/home/runner/.m2/repository/org/apache/ozone/hdds-container-service/1.4.0-SNAPSHOT/hdds-container-service-1.4.0-SNAPSHOT.jar!/webapps/hddsDatanode}
2023-07-13 06:10:59,181 [main] INFO  server.AbstractConnector (AbstractConnector.java:doStart(333)) - Started ServerConnector@5eb23278{HTTP/1.1, (http/1.1)}{0.0.0.0:15009}
2023-07-13 06:10:59,182 [main] INFO  server.Server (Server.java:doStart(415)) - Started @13245ms
2023-07-13 06:10:59,182 [main] WARN  impl.MetricsSystemImpl (MetricsSystemImpl.java:register(279)) - Sink prometheus already exists!
2023-07-13 06:10:59,182 [main] INFO  http.BaseHttpServer (BaseHttpServer.java:updateConnectorAddress(344)) - HTTP server of hddsDatanode listening at http://0.0.0.0:15009
2023-07-13 06:10:59,189 [main] INFO  ipc.CallQueueManager (CallQueueManager.java:<init>(90)) - Using callQueue: class java.util.concurrent.LinkedBlockingQueue, queueCapacity: 100, scheduler: class org.apache.hadoop.ipc.DefaultRpcScheduler, ipcBackoff: false.
2023-07-13 06:10:59,189 [main] INFO  ipc.Server (Server.java:<init>(1287)) - Listener at 0.0.0.0:15010
2023-07-13 06:10:59,190 [Socket Reader #1 for port 15010] INFO  ipc.Server (Server.java:run(1323)) - Starting Socket Reader #1 for port 15010
2023-07-13 06:10:59,196 [main] INFO  ozone.HddsDatanodeService (HddsDatanodeService.java:start(315)) - Datanode start with admins: [runner]
2023-07-13 06:10:59,196 [main] INFO  ozone.HddsDatanodeClientProtocolServer (HddsDatanodeClientProtocolServer.java:start(72)) - RPC server for Client /0.0.0.0:15010
2023-07-13 06:10:59,204 [IPC Server Responder] INFO  ipc.Server (Server.java:run(1562)) - IPC Server Responder: starting
2023-07-13 06:10:59,209 [IPC Server listener on 15010] INFO  ipc.Server (Server.java:run(1402)) - IPC Server listener on 15010: starting
2023-07-13 06:10:59,218 [main] WARN  impl.MetricRegistriesImpl (MetricRegistriesImpl.java:addReporterRegistration(111)) - New reporters are added after registries were created. Some metrics will be missing from the reporter. Please add reporter before adding any new registry.
2023-07-13 06:10:59,218 [main] WARN  impl.MetricRegistriesImpl (MetricRegistriesImpl.java:addReporterRegistration(111)) - New reporters are added after registries were created. Some metrics will be missing from the reporter. Please add reporter before adding any new registry.
2023-07-13 06:10:59,218 [main] INFO  impl.MetricsSystemImpl (MetricsSystemImpl.java:init(158)) - HddsDatanode metrics system started (again)
2023-07-13 06:10:59,231 [main] INFO  ozone.HddsDatanodeService (HddsDatanodeService.java:start(237)) - HddsDatanodeService host:fv-az932-602.ktyqbx4ivk1enavz3wfkrixyxe.bx.internal.cloudapp.net ip:10.1.0.28
2023-07-13 06:10:59,224 [Datanode State Machine Daemon Thread] INFO  statemachine.DatanodeStateMachine (DatanodeStateMachine.java:lambda$startDaemon$0(531)) - Ozone container server started.
2023-07-13 06:10:59,254 [om1@group-C5BA1605619E-StateMachineUpdater] INFO  ratis.OzoneManagerStateMachine (OzoneManagerStateMachine.java:notifyConfigurationChanged(201)) - Received Configuration change notification from Ratis. New Peer list:
[id: "om1"
address: "localhost:15007"
startupRole: FOLLOWER
]
2023-07-13 06:10:59,278 [main] INFO  upgrade.AbstractLayoutVersionManager (AbstractLayoutVersionManager.java:init(83)) - Initializing Layout version manager with metadata layout = HADOOP_PRC_PORTS_IN_DATANODEDETAILS (version = 7), software layout = HADOOP_PRC_PORTS_IN_DATANODEDETAILS (version = 7)
2023-07-13 06:10:59,280 [main] INFO  statemachine.DatanodeStateMachine (DatanodeStateMachine.java:getEndPointTaskThreadPoolSize(279)) - Datanode State Machine Task Thread Pool size 2
2023-07-13 06:10:59,291 [main] INFO  volume.HddsVolume (HddsVolume.java:<init>(133)) - Creating HddsVolume: /home/runner/work/ozone/ozone/hadoop-ozone/integration-test/target/test-dir/MiniOzoneClusterImpl-40c29f8c-30b3-4208-9c4d-d76d276bda5b/datanode-1/data-0/containers/hdds of storage type : DISK capacity : 9223372036854775807
2023-07-13 06:10:59,291 [main] INFO  volume.MutableVolumeSet (MutableVolumeSet.java:initializeVolumeSet(175)) - Added Volume : /home/runner/work/ozone/ozone/hadoop-ozone/integration-test/target/test-dir/MiniOzoneClusterImpl-40c29f8c-30b3-4208-9c4d-d76d276bda5b/datanode-1/data-0/containers/hdds to VolumeSet
2023-07-13 06:10:59,291 [main] INFO  volume.ThrottledAsyncChecker (ThrottledAsyncChecker.java:schedule(141)) - Scheduling a check for /home/runner/work/ozone/ozone/hadoop-ozone/integration-test/target/test-dir/MiniOzoneClusterImpl-40c29f8c-30b3-4208-9c4d-d76d276bda5b/datanode-1/data-0/containers/hdds
2023-07-13 06:10:59,294 [main] INFO  volume.StorageVolumeChecker (StorageVolumeChecker.java:checkAllVolumes(202)) - Scheduled health check for volume /home/runner/work/ozone/ozone/hadoop-ozone/integration-test/target/test-dir/MiniOzoneClusterImpl-40c29f8c-30b3-4208-9c4d-d76d276bda5b/datanode-1/data-0/containers/hdds
2023-07-13 06:10:59,303 [main] INFO  volume.MutableVolumeSet (MutableVolumeSet.java:initializeVolumeSet(175)) - Added Volume : /home/runner/work/ozone/ozone/hadoop-ozone/integration-test/target/test-dir/MiniOzoneClusterImpl-40c29f8c-30b3-4208-9c4d-d76d276bda5b/datanode-1/data/ratis to VolumeSet
2023-07-13 06:10:59,303 [main] INFO  volume.ThrottledAsyncChecker (ThrottledAsyncChecker.java:schedule(141)) - Scheduling a check for /home/runner/work/ozone/ozone/hadoop-ozone/integration-test/target/test-dir/MiniOzoneClusterImpl-40c29f8c-30b3-4208-9c4d-d76d276bda5b/datanode-1/data/ratis
2023-07-13 06:10:59,306 [main] INFO  volume.StorageVolumeChecker (StorageVolumeChecker.java:checkAllVolumes(202)) - Scheduled health check for volume /home/runner/work/ozone/ozone/hadoop-ozone/integration-test/target/test-dir/MiniOzoneClusterImpl-40c29f8c-30b3-4208-9c4d-d76d276bda5b/datanode-1/data/ratis
2023-07-13 06:10:59,312 [Thread-170] INFO  ozoneimpl.ContainerReader (ContainerReader.java:readVolume(175)) - Finish verifying containers on volume /home/runner/work/ozone/ozone/hadoop-ozone/integration-test/target/test-dir/MiniOzoneClusterImpl-40c29f8c-30b3-4208-9c4d-d76d276bda5b/datanode-1/data-0/containers/hdds
2023-07-13 06:10:59,313 [main] INFO  ozoneimpl.OzoneContainer (OzoneContainer.java:buildContainerSet(316)) - Build ContainerSet costs 0s
2023-07-13 06:10:59,317 [main] INFO  server.RaftServer (ConfUtils.java:logGet(46)) - raft.rpc.type = GRPC (default)
2023-07-13 06:10:59,317 [main] INFO  grpc.GrpcConfigKeys (ConfUtils.java:logFallback(53)) - raft.grpc.admin.host = null (fallback to raft.grpc.server.host)
2023-07-13 06:10:59,317 [main] INFO  grpc.GrpcConfigKeys (ConfUtils.java:logGet(46)) - raft.grpc.admin.port = 15022 (custom)
2023-07-13 06:10:59,318 [main] INFO  grpc.GrpcConfigKeys (ConfUtils.java:logFallback(53)) - raft.grpc.client.host = null (fallback to raft.grpc.server.host)
2023-07-13 06:10:59,318 [main] INFO  grpc.GrpcConfigKeys (ConfUtils.java:logGet(46)) - raft.grpc.client.port = 15021 (custom)
2023-07-13 06:10:59,319 [main] INFO  grpc.GrpcConfigKeys (ConfUtils.java:logGet(46)) - raft.grpc.server.host = null (default)
2023-07-13 06:10:59,319 [main] INFO  grpc.GrpcConfigKeys (ConfUtils.java:logGet(46)) - raft.grpc.server.port = 15023 (custom)
2023-07-13 06:10:59,325 [main] INFO  server.GrpcService (ConfUtils.java:logGet(46)) - raft.grpc.message.size.max = 32MB (=33554432) (custom)
2023-07-13 06:10:59,326 [main] INFO  server.RaftServerConfigKeys (ConfUtils.java:logGet(46)) - raft.server.log.appender.buffer.byte-limit = 33554432 (custom)
2023-07-13 06:10:59,326 [main] INFO  server.GrpcService (ConfUtils.java:logGet(46)) - raft.grpc.flow.control.window = 5MB (=5242880) (custom)
2023-07-13 06:10:59,326 [main] INFO  server.RaftServerConfigKeys (ConfUtils.java:logGet(46)) - raft.server.rpc.request.timeout = 60s (custom)
2023-07-13 06:10:59,326 [main] INFO  grpc.GrpcConfigKeys (ConfUtils.java:logGet(46)) - raft.grpc.server.heartbeat.channel = true (default)
2023-07-13 06:10:59,327 [main] INFO  grpc.GrpcConfigKeys (ConfUtils.java:logGet(46)) - raft.grpc.server.async.request.thread.pool.cached = true (default)
2023-07-13 06:10:59,328 [main] INFO  grpc.GrpcConfigKeys (ConfUtils.java:logGet(46)) - raft.grpc.server.async.request.thread.pool.size = 32 (default)
2023-07-13 06:10:59,333 [main] INFO  impl.DataStreamServerImpl (ConfUtils.java:logGet(46)) - raft.datastream.type = NETTY (custom)
2023-07-13 06:10:59,334 [main] INFO  server.RaftServerConfigKeys (ConfUtils.java:logGet(46)) - raft.server.data-stream.async.request.thread.pool.cached = false (default)
2023-07-13 06:10:59,334 [main] INFO  server.RaftServerConfigKeys (ConfUtils.java:logGet(46)) - raft.server.data-stream.async.request.thread.pool.size = 20 (custom)
2023-07-13 06:10:59,335 [main] INFO  server.RaftServerConfigKeys (ConfUtils.java:logGet(46)) - raft.server.data-stream.async.write.thread.pool.size = 16 (default)
2023-07-13 06:10:59,335 [main] INFO  server.RaftServerConfigKeys (ConfUtils.java:logGet(46)) - raft.server.data-stream.client.pool.size = 10 (default)
2023-07-13 06:10:59,336 [main] INFO  netty.NettyConfigKeys$DataStream (ConfUtils.java:logGet(46)) - raft.netty.dataStream.server.use-epoll = false (default)
2023-07-13 06:10:59,336 [main] INFO  netty.NettyConfigKeys$DataStream (ConfUtils.java:logGet(46)) - raft.netty.dataStream.server.boss-group.size = 0 (default)
2023-07-13 06:10:59,337 [main] INFO  netty.NettyConfigKeys$DataStream (ConfUtils.java:logGet(46)) - raft.netty.dataStream.server.worker-group.size = 0 (default)
2023-07-13 06:10:59,338 [main] INFO  netty.NettyConfigKeys$DataStream (ConfUtils.java:logGet(46)) - raft.netty.dataStream.server.tls.conf = null (default)
2023-07-13 06:10:59,338 [main] INFO  netty.NettyConfigKeys$DataStream (ConfUtils.java:logGet(46)) - raft.netty.dataStream.host = null (default)
2023-07-13 06:10:59,338 [main] INFO  netty.NettyConfigKeys$DataStream (ConfUtils.java:logGet(46)) - raft.netty.dataStream.port = 15024 (custom)
2023-07-13 06:10:59,345 [main] INFO  server.RaftServerConfigKeys (ConfUtils.java:logGet(46)) - raft.server.threadpool.proxy.cached = true (default)
2023-07-13 06:10:59,345 [main] INFO  server.RaftServerConfigKeys (ConfUtils.java:logGet(46)) - raft.server.threadpool.proxy.size = 0 (default)
2023-07-13 06:10:59,345 [main] INFO  server.RaftServerConfigKeys (ConfUtils.java:logGet(46)) - raft.server.rpc.slowness.timeout = 300s (custom)
2023-07-13 06:10:59,345 [main] INFO  server.RaftServerConfigKeys (ConfUtils.java:logGet(46)) - raft.server.leaderelection.leader.step-down.wait-time = 10s (default)
2023-07-13 06:10:59,346 [main] INFO  server.RaftServerConfigKeys (ConfUtils.java:logGet(46)) - raft.server.storage.dir = [/home/runner/work/ozone/ozone/hadoop-ozone/integration-test/target/test-dir/MiniOzoneClusterImpl-40c29f8c-30b3-4208-9c4d-d76d276bda5b/datanode-1/data/ratis] (custom)
2023-07-13 06:10:59,353 [562e6811-3892-4bb8-8c1f-2833a6a2708d-NettyServerStreamRpc-bossGroup--thread1] INFO  logging.LoggingHandler (AbstractInternalLogger.java:log(148)) - [id: 0xd425f11f] REGISTERED
2023-07-13 06:10:59,354 [562e6811-3892-4bb8-8c1f-2833a6a2708d-NettyServerStreamRpc-bossGroup--thread1] INFO  logging.LoggingHandler (AbstractInternalLogger.java:log(148)) - [id: 0xd425f11f] BIND: 0.0.0.0/0.0.0.0:15024
2023-07-13 06:10:59,354 [562e6811-3892-4bb8-8c1f-2833a6a2708d-NettyServerStreamRpc-bossGroup--thread1] INFO  logging.LoggingHandler (AbstractInternalLogger.java:log(148)) - [id: 0xd425f11f, L:/0:0:0:0:0:0:0:0:15024] ACTIVE
2023-07-13 06:10:59,356 [main] INFO  server.XceiverServerGrpc (XceiverServerGrpc.java:<init>(132)) - GrpcServer channel type EpollServerSocketChannel
2023-07-13 06:10:59,360 [main] INFO  replication.ReplicationSupervisor (ReplicationSupervisor.java:nodeStateUpdated(305)) - Node state updated to IN_SERVICE, scaling executor pool size to 10
2023-07-13 06:10:59,369 [main] INFO  http.BaseHttpServer (BaseHttpServer.java:newHttpServer2BuilderForOzone(224)) - Starting Web-server for hddsDatanode at: http://0.0.0.0:15018
2023-07-13 06:10:59,370 [main] INFO  http.BaseHttpServer (BaseHttpServer.java:<init>(111)) - Hadoop Security Enabled: false Ozone Security Enabled: false Ozone HTTP Security Enabled: false 
2023-07-13 06:10:59,371 [main] WARN  server.AuthenticationFilter (AuthenticationFilter.java:constructSecretProvider(240)) - Unable to initialize FileSignerSecretProvider, falling back to use random secrets. Reason: Could not read signature secret file: /home/runner/hadoop-http-auth-signature-secret
2023-07-13 06:10:59,377 [main] INFO  http.HttpRequestLog (HttpRequestLog.java:getRequestLog(86)) - Http request log for http.requests.hddsDatanode is not defined
2023-07-13 06:10:59,379 [main] INFO  http.HttpServer2 (HttpServer2.java:addGlobalFilter(1031)) - Added global filter 'safety' (class=org.apache.hadoop.hdds.server.http.HttpServer2$QuotingInputFilter)
2023-07-13 06:10:59,380 [main] INFO  http.HttpServer2 (HttpServer2.java:addFilter(1007)) - Added filter static_user_filter (class=org.apache.hadoop.http.lib.StaticUserWebFilter$StaticUserFilter) to context hddsDatanode
2023-07-13 06:10:59,380 [main] INFO  http.HttpServer2 (HttpServer2.java:addFilter(1015)) - Added filter static_user_filter (class=org.apache.hadoop.http.lib.StaticUserWebFilter$StaticUserFilter) to context static
2023-07-13 06:10:59,380 [main] INFO  http.HttpServer2 (HttpServer2.java:addFilter(1015)) - Added filter static_user_filter (class=org.apache.hadoop.http.lib.StaticUserWebFilter$StaticUserFilter) to context logs
2023-07-13 06:10:59,381 [main] INFO  http.BaseHttpServer (BaseHttpServer.java:<init>(190)) - HTTP server of hddsDatanode uses base directory /home/runner/work/ozone/ozone/hadoop-ozone/integration-test/target/test-dir/MiniOzoneClusterImpl-40c29f8c-30b3-4208-9c4d-d76d276bda5b/datanode-1/meta/webserver
2023-07-13 06:10:59,381 [main] INFO  http.HttpServer2 (HttpServer2.java:bindListener(1250)) - Jetty bound to port 15018
2023-07-13 06:10:59,381 [main] INFO  server.Server (Server.java:doStart(375)) - jetty-9.4.51.v20230217; built: 2023-02-17T08:19:37.309Z; git: b45c405e4544384de066f814ed42ae3dceacdd49; jvm 1.8.0_372-b07
2023-07-13 06:10:59,417 [main] INFO  server.session (DefaultSessionIdManager.java:doStart(334)) - DefaultSessionIdManager workerName=node0
2023-07-13 06:10:59,418 [main] INFO  server.session (DefaultSessionIdManager.java:doStart(339)) - No SessionScavenger set, using defaults
2023-07-13 06:10:59,418 [main] INFO  server.session (HouseKeeper.java:startScavenging(132)) - node0 Scavenging every 660000ms
2023-07-13 06:10:59,419 [main] INFO  handler.ContextHandler (ContextHandler.java:doStart(921)) - Started o.e.j.s.ServletContextHandler@5fb135ff{logs,/logs,file:///home/runner/work/ozone/ozone/hadoop-ozone/integration-test/target/log,AVAILABLE}
2023-07-13 06:10:59,419 [main] INFO  handler.ContextHandler (ContextHandler.java:doStart(921)) - Started o.e.j.s.ServletContextHandler@271f9a43{static,/static,jar:file:/home/runner/.m2/repository/org/apache/ozone/hdds-container-service/1.4.0-SNAPSHOT/hdds-container-service-1.4.0-SNAPSHOT.jar!/webapps/static,AVAILABLE}
2023-07-13 06:10:59,507 [Datanode State Machine Task Thread - 0] INFO  datanode.InitDatanodeState (InitDatanodeState.java:persistContainerDatanodeDetails(138)) - DatanodeDetails is persisted to /home/runner/work/ozone/ozone/hadoop-ozone/integration-test/target/test-dir/MiniOzoneClusterImpl-40c29f8c-30b3-4208-9c4d-d76d276bda5b/datanode-0/meta/datanode.id
2023-07-13 06:10:59,724 [main] INFO  handler.ContextHandler (ContextHandler.java:doStart(921)) - Started o.e.j.w.WebAppContext@6e605c34{hddsDatanode,/,file:///home/runner/work/ozone/ozone/hadoop-ozone/integration-test/target/tmp/kms/webapp/,AVAILABLE}{jar:file:/home/runner/.m2/repository/org/apache/ozone/hdds-container-service/1.4.0-SNAPSHOT/hdds-container-service-1.4.0-SNAPSHOT.jar!/webapps/hddsDatanode}
2023-07-13 06:10:59,726 [main] INFO  server.AbstractConnector (AbstractConnector.java:doStart(333)) - Started ServerConnector@5047a809{HTTP/1.1, (http/1.1)}{0.0.0.0:15018}
2023-07-13 06:10:59,726 [main] INFO  server.Server (Server.java:doStart(415)) - Started @13789ms
2023-07-13 06:10:59,726 [main] WARN  impl.MetricsSystemImpl (MetricsSystemImpl.java:register(279)) - Sink prometheus already exists!
2023-07-13 06:10:59,727 [main] INFO  http.BaseHttpServer (BaseHttpServer.java:updateConnectorAddress(344)) - HTTP server of hddsDatanode listening at http://0.0.0.0:15018
2023-07-13 06:10:59,727 [main] INFO  ipc.CallQueueManager (CallQueueManager.java:<init>(90)) - Using callQueue: class java.util.concurrent.LinkedBlockingQueue, queueCapacity: 100, scheduler: class org.apache.hadoop.ipc.DefaultRpcScheduler, ipcBackoff: false.
2023-07-13 06:10:59,728 [main] INFO  ipc.Server (Server.java:<init>(1287)) - Listener at 0.0.0.0:15019
2023-07-13 06:10:59,728 [Socket Reader #1 for port 15019] INFO  ipc.Server (Server.java:run(1323)) - Starting Socket Reader #1 for port 15019
2023-07-13 06:10:59,740 [main] INFO  ozone.HddsDatanodeService (HddsDatanodeService.java:start(315)) - Datanode start with admins: [runner]
2023-07-13 06:10:59,740 [main] INFO  ozone.HddsDatanodeClientProtocolServer (HddsDatanodeClientProtocolServer.java:start(72)) - RPC server for Client /0.0.0.0:15019
2023-07-13 06:10:59,744 [IPC Server Responder] INFO  ipc.Server (Server.java:run(1562)) - IPC Server Responder: starting
2023-07-13 06:10:59,744 [IPC Server listener on 15019] INFO  ipc.Server (Server.java:run(1402)) - IPC Server listener on 15019: starting
2023-07-13 06:10:59,745 [main] WARN  impl.MetricRegistriesImpl (MetricRegistriesImpl.java:addReporterRegistration(111)) - New reporters are added after registries were created. Some metrics will be missing from the reporter. Please add reporter before adding any new registry.
2023-07-13 06:10:59,745 [main] WARN  impl.MetricRegistriesImpl (MetricRegistriesImpl.java:addReporterRegistration(111)) - New reporters are added after registries were created. Some metrics will be missing from the reporter. Please add reporter before adding any new registry.
2023-07-13 06:10:59,745 [main] INFO  impl.MetricsSystemImpl (MetricsSystemImpl.java:init(158)) - HddsDatanode metrics system started (again)
2023-07-13 06:10:59,753 [Datanode State Machine Daemon Thread] INFO  statemachine.DatanodeStateMachine (DatanodeStateMachine.java:lambda$startDaemon$0(531)) - Ozone container server started.
2023-07-13 06:10:59,764 [main] INFO  ozone.HddsDatanodeService (HddsDatanodeService.java:start(237)) - HddsDatanodeService host:fv-az932-602.ktyqbx4ivk1enavz3wfkrixyxe.bx.internal.cloudapp.net ip:10.1.0.28
2023-07-13 06:10:59,791 [Datanode State Machine Task Thread - 0] INFO  datanode.InitDatanodeState (InitDatanodeState.java:persistContainerDatanodeDetails(138)) - DatanodeDetails is persisted to /home/runner/work/ozone/ozone/hadoop-ozone/integration-test/target/test-dir/MiniOzoneClusterImpl-40c29f8c-30b3-4208-9c4d-d76d276bda5b/datanode-1/meta/datanode.id
2023-07-13 06:10:59,800 [main] INFO  upgrade.AbstractLayoutVersionManager (AbstractLayoutVersionManager.java:init(83)) - Initializing Layout version manager with metadata layout = HADOOP_PRC_PORTS_IN_DATANODEDETAILS (version = 7), software layout = HADOOP_PRC_PORTS_IN_DATANODEDETAILS (version = 7)
2023-07-13 06:10:59,801 [main] INFO  statemachine.DatanodeStateMachine (DatanodeStateMachine.java:getEndPointTaskThreadPoolSize(279)) - Datanode State Machine Task Thread Pool size 2
2023-07-13 06:10:59,805 [main] INFO  volume.HddsVolume (HddsVolume.java:<init>(133)) - Creating HddsVolume: /home/runner/work/ozone/ozone/hadoop-ozone/integration-test/target/test-dir/MiniOzoneClusterImpl-40c29f8c-30b3-4208-9c4d-d76d276bda5b/datanode-2/data-0/containers/hdds of storage type : DISK capacity : 9223372036854775807
2023-07-13 06:10:59,805 [main] INFO  volume.MutableVolumeSet (MutableVolumeSet.java:initializeVolumeSet(175)) - Added Volume : /home/runner/work/ozone/ozone/hadoop-ozone/integration-test/target/test-dir/MiniOzoneClusterImpl-40c29f8c-30b3-4208-9c4d-d76d276bda5b/datanode-2/data-0/containers/hdds to VolumeSet
2023-07-13 06:10:59,805 [main] INFO  volume.ThrottledAsyncChecker (ThrottledAsyncChecker.java:schedule(141)) - Scheduling a check for /home/runner/work/ozone/ozone/hadoop-ozone/integration-test/target/test-dir/MiniOzoneClusterImpl-40c29f8c-30b3-4208-9c4d-d76d276bda5b/datanode-2/data-0/containers/hdds
2023-07-13 06:10:59,806 [main] INFO  volume.StorageVolumeChecker (StorageVolumeChecker.java:checkAllVolumes(202)) - Scheduled health check for volume /home/runner/work/ozone/ozone/hadoop-ozone/integration-test/target/test-dir/MiniOzoneClusterImpl-40c29f8c-30b3-4208-9c4d-d76d276bda5b/datanode-2/data-0/containers/hdds
2023-07-13 06:10:59,811 [main] INFO  volume.MutableVolumeSet (MutableVolumeSet.java:initializeVolumeSet(175)) - Added Volume : /home/runner/work/ozone/ozone/hadoop-ozone/integration-test/target/test-dir/MiniOzoneClusterImpl-40c29f8c-30b3-4208-9c4d-d76d276bda5b/datanode-2/data/ratis to VolumeSet
2023-07-13 06:10:59,811 [main] INFO  volume.ThrottledAsyncChecker (ThrottledAsyncChecker.java:schedule(141)) - Scheduling a check for /home/runner/work/ozone/ozone/hadoop-ozone/integration-test/target/test-dir/MiniOzoneClusterImpl-40c29f8c-30b3-4208-9c4d-d76d276bda5b/datanode-2/data/ratis
2023-07-13 06:10:59,811 [main] INFO  volume.StorageVolumeChecker (StorageVolumeChecker.java:checkAllVolumes(202)) - Scheduled health check for volume /home/runner/work/ozone/ozone/hadoop-ozone/integration-test/target/test-dir/MiniOzoneClusterImpl-40c29f8c-30b3-4208-9c4d-d76d276bda5b/datanode-2/data/ratis
2023-07-13 06:10:59,815 [Thread-187] INFO  ozoneimpl.ContainerReader (ContainerReader.java:readVolume(175)) - Finish verifying containers on volume /home/runner/work/ozone/ozone/hadoop-ozone/integration-test/target/test-dir/MiniOzoneClusterImpl-40c29f8c-30b3-4208-9c4d-d76d276bda5b/datanode-2/data-0/containers/hdds
2023-07-13 06:10:59,815 [main] INFO  ozoneimpl.OzoneContainer (OzoneContainer.java:buildContainerSet(316)) - Build ContainerSet costs 0s
2023-07-13 06:10:59,819 [main] INFO  server.RaftServer (ConfUtils.java:logGet(46)) - raft.rpc.type = GRPC (default)
2023-07-13 06:10:59,819 [main] INFO  grpc.GrpcConfigKeys (ConfUtils.java:logFallback(53)) - raft.grpc.admin.host = null (fallback to raft.grpc.server.host)
2023-07-13 06:10:59,819 [main] INFO  grpc.GrpcConfigKeys (ConfUtils.java:logGet(46)) - raft.grpc.admin.port = 15031 (custom)
2023-07-13 06:10:59,819 [main] INFO  grpc.GrpcConfigKeys (ConfUtils.java:logFallback(53)) - raft.grpc.client.host = null (fallback to raft.grpc.server.host)
2023-07-13 06:10:59,820 [main] INFO  grpc.GrpcConfigKeys (ConfUtils.java:logGet(46)) - raft.grpc.client.port = 15030 (custom)
2023-07-13 06:10:59,820 [main] INFO  grpc.GrpcConfigKeys (ConfUtils.java:logGet(46)) - raft.grpc.server.host = null (default)
2023-07-13 06:10:59,820 [main] INFO  grpc.GrpcConfigKeys (ConfUtils.java:logGet(46)) - raft.grpc.server.port = 15032 (custom)
2023-07-13 06:10:59,820 [main] INFO  server.GrpcService (ConfUtils.java:logGet(46)) - raft.grpc.message.size.max = 32MB (=33554432) (custom)
2023-07-13 06:10:59,820 [main] INFO  server.RaftServerConfigKeys (ConfUtils.java:logGet(46)) - raft.server.log.appender.buffer.byte-limit = 33554432 (custom)
2023-07-13 06:10:59,820 [main] INFO  server.GrpcService (ConfUtils.java:logGet(46)) - raft.grpc.flow.control.window = 5MB (=5242880) (custom)
2023-07-13 06:10:59,821 [main] INFO  server.RaftServerConfigKeys (ConfUtils.java:logGet(46)) - raft.server.rpc.request.timeout = 60s (custom)
2023-07-13 06:10:59,821 [main] INFO  grpc.GrpcConfigKeys (ConfUtils.java:logGet(46)) - raft.grpc.server.heartbeat.channel = true (default)
2023-07-13 06:10:59,821 [main] INFO  grpc.GrpcConfigKeys (ConfUtils.java:logGet(46)) - raft.grpc.server.async.request.thread.pool.cached = true (default)
2023-07-13 06:10:59,821 [main] INFO  grpc.GrpcConfigKeys (ConfUtils.java:logGet(46)) - raft.grpc.server.async.request.thread.pool.size = 32 (default)
2023-07-13 06:10:59,824 [main] INFO  impl.DataStreamServerImpl (ConfUtils.java:logGet(46)) - raft.datastream.type = NETTY (custom)
2023-07-13 06:10:59,824 [main] INFO  server.RaftServerConfigKeys (ConfUtils.java:logGet(46)) - raft.server.data-stream.async.request.thread.pool.cached = false (default)
2023-07-13 06:10:59,825 [main] INFO  server.RaftServerConfigKeys (ConfUtils.java:logGet(46)) - raft.server.data-stream.async.request.thread.pool.size = 20 (custom)
2023-07-13 06:10:59,825 [main] INFO  server.RaftServerConfigKeys (ConfUtils.java:logGet(46)) - raft.server.data-stream.async.write.thread.pool.size = 16 (default)
2023-07-13 06:10:59,825 [main] INFO  server.RaftServerConfigKeys (ConfUtils.java:logGet(46)) - raft.server.data-stream.client.pool.size = 10 (default)
2023-07-13 06:10:59,825 [main] INFO  netty.NettyConfigKeys$DataStream (ConfUtils.java:logGet(46)) - raft.netty.dataStream.server.use-epoll = false (default)
2023-07-13 06:10:59,825 [main] INFO  netty.NettyConfigKeys$DataStream (ConfUtils.java:logGet(46)) - raft.netty.dataStream.server.boss-group.size = 0 (default)
2023-07-13 06:10:59,826 [main] INFO  netty.NettyConfigKeys$DataStream (ConfUtils.java:logGet(46)) - raft.netty.dataStream.server.worker-group.size = 0 (default)
2023-07-13 06:10:59,827 [main] INFO  netty.NettyConfigKeys$DataStream (ConfUtils.java:logGet(46)) - raft.netty.dataStream.server.tls.conf = null (default)
2023-07-13 06:10:59,827 [main] INFO  netty.NettyConfigKeys$DataStream (ConfUtils.java:logGet(46)) - raft.netty.dataStream.host = null (default)
2023-07-13 06:10:59,828 [main] INFO  netty.NettyConfigKeys$DataStream (ConfUtils.java:logGet(46)) - raft.netty.dataStream.port = 15033 (custom)
2023-07-13 06:10:59,828 [main] INFO  server.RaftServerConfigKeys (ConfUtils.java:logGet(46)) - raft.server.threadpool.proxy.cached = true (default)
2023-07-13 06:10:59,828 [main] INFO  server.RaftServerConfigKeys (ConfUtils.java:logGet(46)) - raft.server.threadpool.proxy.size = 0 (default)
2023-07-13 06:10:59,828 [main] INFO  server.RaftServerConfigKeys (ConfUtils.java:logGet(46)) - raft.server.rpc.slowness.timeout = 300s (custom)
2023-07-13 06:10:59,829 [main] INFO  server.RaftServerConfigKeys (ConfUtils.java:logGet(46)) - raft.server.leaderelection.leader.step-down.wait-time = 10s (default)
2023-07-13 06:10:59,829 [main] INFO  server.RaftServerConfigKeys (ConfUtils.java:logGet(46)) - raft.server.storage.dir = [/home/runner/work/ozone/ozone/hadoop-ozone/integration-test/target/test-dir/MiniOzoneClusterImpl-40c29f8c-30b3-4208-9c4d-d76d276bda5b/datanode-2/data/ratis] (custom)
2023-07-13 06:10:59,847 [main] INFO  server.XceiverServerGrpc (XceiverServerGrpc.java:<init>(132)) - GrpcServer channel type EpollServerSocketChannel
2023-07-13 06:10:59,848 [d320ba6c-c03b-47af-a073-41dad91ccf26-NettyServerStreamRpc-bossGroup--thread1] INFO  logging.LoggingHandler (AbstractInternalLogger.java:log(148)) - [id: 0x516b4721] REGISTERED
2023-07-13 06:10:59,848 [d320ba6c-c03b-47af-a073-41dad91ccf26-NettyServerStreamRpc-bossGroup--thread1] INFO  logging.LoggingHandler (AbstractInternalLogger.java:log(148)) - [id: 0x516b4721] BIND: 0.0.0.0/0.0.0.0:15033
2023-07-13 06:10:59,848 [d320ba6c-c03b-47af-a073-41dad91ccf26-NettyServerStreamRpc-bossGroup--thread1] INFO  logging.LoggingHandler (AbstractInternalLogger.java:log(148)) - [id: 0x516b4721, L:/0:0:0:0:0:0:0:0:15033] ACTIVE
2023-07-13 06:10:59,850 [main] INFO  replication.ReplicationSupervisor (ReplicationSupervisor.java:nodeStateUpdated(305)) - Node state updated to IN_SERVICE, scaling executor pool size to 10
2023-07-13 06:10:59,857 [main] INFO  http.BaseHttpServer (BaseHttpServer.java:newHttpServer2BuilderForOzone(224)) - Starting Web-server for hddsDatanode at: http://0.0.0.0:15027
2023-07-13 06:10:59,857 [main] INFO  http.BaseHttpServer (BaseHttpServer.java:<init>(111)) - Hadoop Security Enabled: false Ozone Security Enabled: false Ozone HTTP Security Enabled: false 
2023-07-13 06:10:59,859 [main] WARN  server.AuthenticationFilter (AuthenticationFilter.java:constructSecretProvider(240)) - Unable to initialize FileSignerSecretProvider, falling back to use random secrets. Reason: Could not read signature secret file: /home/runner/hadoop-http-auth-signature-secret
2023-07-13 06:10:59,859 [main] INFO  http.HttpRequestLog (HttpRequestLog.java:getRequestLog(86)) - Http request log for http.requests.hddsDatanode is not defined
2023-07-13 06:10:59,861 [main] INFO  http.HttpServer2 (HttpServer2.java:addGlobalFilter(1031)) - Added global filter 'safety' (class=org.apache.hadoop.hdds.server.http.HttpServer2$QuotingInputFilter)
2023-07-13 06:10:59,862 [main] INFO  http.HttpServer2 (HttpServer2.java:addFilter(1007)) - Added filter static_user_filter (class=org.apache.hadoop.http.lib.StaticUserWebFilter$StaticUserFilter) to context hddsDatanode
2023-07-13 06:10:59,863 [main] INFO  http.HttpServer2 (HttpServer2.java:addFilter(1015)) - Added filter static_user_filter (class=org.apache.hadoop.http.lib.StaticUserWebFilter$StaticUserFilter) to context static
2023-07-13 06:10:59,863 [main] INFO  http.HttpServer2 (HttpServer2.java:addFilter(1015)) - Added filter static_user_filter (class=org.apache.hadoop.http.lib.StaticUserWebFilter$StaticUserFilter) to context logs
2023-07-13 06:10:59,864 [main] INFO  http.BaseHttpServer (BaseHttpServer.java:<init>(190)) - HTTP server of hddsDatanode uses base directory /home/runner/work/ozone/ozone/hadoop-ozone/integration-test/target/test-dir/MiniOzoneClusterImpl-40c29f8c-30b3-4208-9c4d-d76d276bda5b/datanode-2/meta/webserver
2023-07-13 06:10:59,864 [main] INFO  http.HttpServer2 (HttpServer2.java:bindListener(1250)) - Jetty bound to port 15027
2023-07-13 06:10:59,864 [main] INFO  server.Server (Server.java:doStart(375)) - jetty-9.4.51.v20230217; built: 2023-02-17T08:19:37.309Z; git: b45c405e4544384de066f814ed42ae3dceacdd49; jvm 1.8.0_372-b07
2023-07-13 06:10:59,866 [main] INFO  server.session (DefaultSessionIdManager.java:doStart(334)) - DefaultSessionIdManager workerName=node0
2023-07-13 06:10:59,866 [main] INFO  server.session (DefaultSessionIdManager.java:doStart(339)) - No SessionScavenger set, using defaults
2023-07-13 06:10:59,867 [main] INFO  server.session (HouseKeeper.java:startScavenging(132)) - node0 Scavenging every 660000ms
2023-07-13 06:10:59,868 [main] INFO  handler.ContextHandler (ContextHandler.java:doStart(921)) - Started o.e.j.s.ServletContextHandler@f27e7d2{logs,/logs,file:///home/runner/work/ozone/ozone/hadoop-ozone/integration-test/target/log,AVAILABLE}
2023-07-13 06:10:59,868 [main] INFO  handler.ContextHandler (ContextHandler.java:doStart(921)) - Started o.e.j.s.ServletContextHandler@77ebd2ca{static,/static,jar:file:/home/runner/.m2/repository/org/apache/ozone/hdds-container-service/1.4.0-SNAPSHOT/hdds-container-service-1.4.0-SNAPSHOT.jar!/webapps/static,AVAILABLE}
2023-07-13 06:11:00,204 [main] INFO  handler.ContextHandler (ContextHandler.java:doStart(921)) - Started o.e.j.w.WebAppContext@73245458{hddsDatanode,/,file:///home/runner/work/ozone/ozone/hadoop-ozone/integration-test/target/tmp/kms/webapp/,AVAILABLE}{jar:file:/home/runner/.m2/repository/org/apache/ozone/hdds-container-service/1.4.0-SNAPSHOT/hdds-container-service-1.4.0-SNAPSHOT.jar!/webapps/hddsDatanode}
2023-07-13 06:11:00,206 [main] INFO  server.AbstractConnector (AbstractConnector.java:doStart(333)) - Started ServerConnector@4d088fd3{HTTP/1.1, (http/1.1)}{0.0.0.0:15027}
2023-07-13 06:11:00,206 [main] INFO  server.Server (Server.java:doStart(415)) - Started @14270ms
2023-07-13 06:11:00,206 [main] WARN  impl.MetricsSystemImpl (MetricsSystemImpl.java:register(279)) - Sink prometheus already exists!
2023-07-13 06:11:00,207 [main] INFO  http.BaseHttpServer (BaseHttpServer.java:updateConnectorAddress(344)) - HTTP server of hddsDatanode listening at http://0.0.0.0:15027
2023-07-13 06:11:00,208 [main] INFO  ipc.CallQueueManager (CallQueueManager.java:<init>(90)) - Using callQueue: class java.util.concurrent.LinkedBlockingQueue, queueCapacity: 100, scheduler: class org.apache.hadoop.ipc.DefaultRpcScheduler, ipcBackoff: false.
2023-07-13 06:11:00,209 [main] INFO  ipc.Server (Server.java:<init>(1287)) - Listener at 0.0.0.0:15028
2023-07-13 06:11:00,212 [Socket Reader #1 for port 15028] INFO  ipc.Server (Server.java:run(1323)) - Starting Socket Reader #1 for port 15028
2023-07-13 06:11:00,228 [main] INFO  ozone.HddsDatanodeService (HddsDatanodeService.java:start(315)) - Datanode start with admins: [runner]
2023-07-13 06:11:00,228 [main] INFO  ozone.HddsDatanodeClientProtocolServer (HddsDatanodeClientProtocolServer.java:start(72)) - RPC server for Client /0.0.0.0:15028
2023-07-13 06:11:00,238 [IPC Server Responder] INFO  ipc.Server (Server.java:run(1562)) - IPC Server Responder: starting
2023-07-13 06:11:00,240 [IPC Server listener on 15028] INFO  ipc.Server (Server.java:run(1402)) - IPC Server listener on 15028: starting
2023-07-13 06:11:00,247 [main] WARN  impl.MetricRegistriesImpl (MetricRegistriesImpl.java:addReporterRegistration(111)) - New reporters are added after registries were created. Some metrics will be missing from the reporter. Please add reporter before adding any new registry.
2023-07-13 06:11:00,248 [main] WARN  impl.MetricRegistriesImpl (MetricRegistriesImpl.java:addReporterRegistration(111)) - New reporters are added after registries were created. Some metrics will be missing from the reporter. Please add reporter before adding any new registry.
2023-07-13 06:11:00,248 [main] INFO  impl.MetricsSystemImpl (MetricsSystemImpl.java:init(158)) - HddsDatanode metrics system started (again)
2023-07-13 06:11:00,262 [Datanode State Machine Daemon Thread] INFO  statemachine.DatanodeStateMachine (DatanodeStateMachine.java:lambda$startDaemon$0(531)) - Ozone container server started.
2023-07-13 06:11:00,282 [main] INFO  ozone.HddsDatanodeService (HddsDatanodeService.java:start(237)) - HddsDatanodeService host:fv-az932-602.ktyqbx4ivk1enavz3wfkrixyxe.bx.internal.cloudapp.net ip:10.1.0.28
2023-07-13 06:11:00,292 [Datanode State Machine Task Thread - 0] INFO  datanode.InitDatanodeState (InitDatanodeState.java:persistContainerDatanodeDetails(138)) - DatanodeDetails is persisted to /home/runner/work/ozone/ozone/hadoop-ozone/integration-test/target/test-dir/MiniOzoneClusterImpl-40c29f8c-30b3-4208-9c4d-d76d276bda5b/datanode-2/meta/datanode.id
2023-07-13 06:11:00,321 [main] INFO  upgrade.AbstractLayoutVersionManager (AbstractLayoutVersionManager.java:init(83)) - Initializing Layout version manager with metadata layout = HADOOP_PRC_PORTS_IN_DATANODEDETAILS (version = 7), software layout = HADOOP_PRC_PORTS_IN_DATANODEDETAILS (version = 7)
2023-07-13 06:11:00,323 [main] INFO  statemachine.DatanodeStateMachine (DatanodeStateMachine.java:getEndPointTaskThreadPoolSize(279)) - Datanode State Machine Task Thread Pool size 2
2023-07-13 06:11:00,329 [main] INFO  volume.HddsVolume (HddsVolume.java:<init>(133)) - Creating HddsVolume: /home/runner/work/ozone/ozone/hadoop-ozone/integration-test/target/test-dir/MiniOzoneClusterImpl-40c29f8c-30b3-4208-9c4d-d76d276bda5b/datanode-3/data-0/containers/hdds of storage type : DISK capacity : 9223372036854775807
2023-07-13 06:11:00,329 [main] INFO  volume.MutableVolumeSet (MutableVolumeSet.java:initializeVolumeSet(175)) - Added Volume : /home/runner/work/ozone/ozone/hadoop-ozone/integration-test/target/test-dir/MiniOzoneClusterImpl-40c29f8c-30b3-4208-9c4d-d76d276bda5b/datanode-3/data-0/containers/hdds to VolumeSet
2023-07-13 06:11:00,329 [main] INFO  volume.ThrottledAsyncChecker (ThrottledAsyncChecker.java:schedule(141)) - Scheduling a check for /home/runner/work/ozone/ozone/hadoop-ozone/integration-test/target/test-dir/MiniOzoneClusterImpl-40c29f8c-30b3-4208-9c4d-d76d276bda5b/datanode-3/data-0/containers/hdds
2023-07-13 06:11:00,332 [main] INFO  volume.StorageVolumeChecker (StorageVolumeChecker.java:checkAllVolumes(202)) - Scheduled health check for volume /home/runner/work/ozone/ozone/hadoop-ozone/integration-test/target/test-dir/MiniOzoneClusterImpl-40c29f8c-30b3-4208-9c4d-d76d276bda5b/datanode-3/data-0/containers/hdds
2023-07-13 06:11:00,338 [main] INFO  volume.MutableVolumeSet (MutableVolumeSet.java:initializeVolumeSet(175)) - Added Volume : /home/runner/work/ozone/ozone/hadoop-ozone/integration-test/target/test-dir/MiniOzoneClusterImpl-40c29f8c-30b3-4208-9c4d-d76d276bda5b/datanode-3/data/ratis to VolumeSet
2023-07-13 06:11:00,338 [main] INFO  volume.ThrottledAsyncChecker (ThrottledAsyncChecker.java:schedule(141)) - Scheduling a check for /home/runner/work/ozone/ozone/hadoop-ozone/integration-test/target/test-dir/MiniOzoneClusterImpl-40c29f8c-30b3-4208-9c4d-d76d276bda5b/datanode-3/data/ratis
2023-07-13 06:11:00,338 [main] INFO  volume.StorageVolumeChecker (StorageVolumeChecker.java:checkAllVolumes(202)) - Scheduled health check for volume /home/runner/work/ozone/ozone/hadoop-ozone/integration-test/target/test-dir/MiniOzoneClusterImpl-40c29f8c-30b3-4208-9c4d-d76d276bda5b/datanode-3/data/ratis
2023-07-13 06:11:00,344 [Thread-204] INFO  ozoneimpl.ContainerReader (ContainerReader.java:readVolume(175)) - Finish verifying containers on volume /home/runner/work/ozone/ozone/hadoop-ozone/integration-test/target/test-dir/MiniOzoneClusterImpl-40c29f8c-30b3-4208-9c4d-d76d276bda5b/datanode-3/data-0/containers/hdds
2023-07-13 06:11:00,344 [main] INFO  ozoneimpl.OzoneContainer (OzoneContainer.java:buildContainerSet(316)) - Build ContainerSet costs 0s
2023-07-13 06:11:00,352 [main] INFO  server.RaftServer (ConfUtils.java:logGet(46)) - raft.rpc.type = GRPC (default)
2023-07-13 06:11:00,353 [main] INFO  grpc.GrpcConfigKeys (ConfUtils.java:logFallback(53)) - raft.grpc.admin.host = null (fallback to raft.grpc.server.host)
2023-07-13 06:11:00,353 [main] INFO  grpc.GrpcConfigKeys (ConfUtils.java:logGet(46)) - raft.grpc.admin.port = 15040 (custom)
2023-07-13 06:11:00,353 [main] INFO  grpc.GrpcConfigKeys (ConfUtils.java:logFallback(53)) - raft.grpc.client.host = null (fallback to raft.grpc.server.host)
2023-07-13 06:11:00,353 [main] INFO  grpc.GrpcConfigKeys (ConfUtils.java:logGet(46)) - raft.grpc.client.port = 15039 (custom)
2023-07-13 06:11:00,353 [main] INFO  grpc.GrpcConfigKeys (ConfUtils.java:logGet(46)) - raft.grpc.server.host = null (default)
2023-07-13 06:11:00,353 [main] INFO  grpc.GrpcConfigKeys (ConfUtils.java:logGet(46)) - raft.grpc.server.port = 15041 (custom)
2023-07-13 06:11:00,353 [main] INFO  server.GrpcService (ConfUtils.java:logGet(46)) - raft.grpc.message.size.max = 32MB (=33554432) (custom)
2023-07-13 06:11:00,354 [main] INFO  server.RaftServerConfigKeys (ConfUtils.java:logGet(46)) - raft.server.log.appender.buffer.byte-limit = 33554432 (custom)
2023-07-13 06:11:00,354 [main] INFO  server.GrpcService (ConfUtils.java:logGet(46)) - raft.grpc.flow.control.window = 5MB (=5242880) (custom)
2023-07-13 06:11:00,354 [main] INFO  server.RaftServerConfigKeys (ConfUtils.java:logGet(46)) - raft.server.rpc.request.timeout = 60s (custom)
2023-07-13 06:11:00,354 [main] INFO  grpc.GrpcConfigKeys (ConfUtils.java:logGet(46)) - raft.grpc.server.heartbeat.channel = true (default)
2023-07-13 06:11:00,355 [main] INFO  grpc.GrpcConfigKeys (ConfUtils.java:logGet(46)) - raft.grpc.server.async.request.thread.pool.cached = true (default)
2023-07-13 06:11:00,355 [main] INFO  grpc.GrpcConfigKeys (ConfUtils.java:logGet(46)) - raft.grpc.server.async.request.thread.pool.size = 32 (default)
2023-07-13 06:11:00,358 [main] INFO  impl.DataStreamServerImpl (ConfUtils.java:logGet(46)) - raft.datastream.type = NETTY (custom)
2023-07-13 06:11:00,359 [main] INFO  server.RaftServerConfigKeys (ConfUtils.java:logGet(46)) - raft.server.data-stream.async.request.thread.pool.cached = false (default)
2023-07-13 06:11:00,359 [main] INFO  server.RaftServerConfigKeys (ConfUtils.java:logGet(46)) - raft.server.data-stream.async.request.thread.pool.size = 20 (custom)
2023-07-13 06:11:00,359 [main] INFO  server.RaftServerConfigKeys (ConfUtils.java:logGet(46)) - raft.server.data-stream.async.write.thread.pool.size = 16 (default)
2023-07-13 06:11:00,359 [main] INFO  server.RaftServerConfigKeys (ConfUtils.java:logGet(46)) - raft.server.data-stream.client.pool.size = 10 (default)
2023-07-13 06:11:00,359 [main] INFO  netty.NettyConfigKeys$DataStream (ConfUtils.java:logGet(46)) - raft.netty.dataStream.server.use-epoll = false (default)
2023-07-13 06:11:00,360 [main] INFO  netty.NettyConfigKeys$DataStream (ConfUtils.java:logGet(46)) - raft.netty.dataStream.server.boss-group.size = 0 (default)
2023-07-13 06:11:00,360 [main] INFO  netty.NettyConfigKeys$DataStream (ConfUtils.java:logGet(46)) - raft.netty.dataStream.server.worker-group.size = 0 (default)
2023-07-13 06:11:00,361 [main] INFO  netty.NettyConfigKeys$DataStream (ConfUtils.java:logGet(46)) - raft.netty.dataStream.server.tls.conf = null (default)
2023-07-13 06:11:00,361 [main] INFO  netty.NettyConfigKeys$DataStream (ConfUtils.java:logGet(46)) - raft.netty.dataStream.host = null (default)
2023-07-13 06:11:00,361 [main] INFO  netty.NettyConfigKeys$DataStream (ConfUtils.java:logGet(46)) - raft.netty.dataStream.port = 15042 (custom)
2023-07-13 06:11:00,368 [main] INFO  server.RaftServerConfigKeys (ConfUtils.java:logGet(46)) - raft.server.threadpool.proxy.cached = true (default)
2023-07-13 06:11:00,368 [main] INFO  server.RaftServerConfigKeys (ConfUtils.java:logGet(46)) - raft.server.threadpool.proxy.size = 0 (default)
2023-07-13 06:11:00,368 [main] INFO  server.RaftServerConfigKeys (ConfUtils.java:logGet(46)) - raft.server.rpc.slowness.timeout = 300s (custom)
2023-07-13 06:11:00,368 [main] INFO  server.RaftServerConfigKeys (ConfUtils.java:logGet(46)) - raft.server.leaderelection.leader.step-down.wait-time = 10s (default)
2023-07-13 06:11:00,376 [main] INFO  server.RaftServerConfigKeys (ConfUtils.java:logGet(46)) - raft.server.storage.dir = [/home/runner/work/ozone/ozone/hadoop-ozone/integration-test/target/test-dir/MiniOzoneClusterImpl-40c29f8c-30b3-4208-9c4d-d76d276bda5b/datanode-3/data/ratis] (custom)
2023-07-13 06:11:00,376 [eb0edd12-afad-4318-b446-71865e03089a-NettyServerStreamRpc-bossGroup--thread1] INFO  logging.LoggingHandler (AbstractInternalLogger.java:log(148)) - [id: 0x25ff2d4d] REGISTERED
2023-07-13 06:11:00,376 [eb0edd12-afad-4318-b446-71865e03089a-NettyServerStreamRpc-bossGroup--thread1] INFO  logging.LoggingHandler (AbstractInternalLogger.java:log(148)) - [id: 0x25ff2d4d] BIND: 0.0.0.0/0.0.0.0:15042
2023-07-13 06:11:00,377 [eb0edd12-afad-4318-b446-71865e03089a-NettyServerStreamRpc-bossGroup--thread1] INFO  logging.LoggingHandler (AbstractInternalLogger.java:log(148)) - [id: 0x25ff2d4d, L:/0:0:0:0:0:0:0:0:15042] ACTIVE
2023-07-13 06:11:00,379 [main] INFO  server.XceiverServerGrpc (XceiverServerGrpc.java:<init>(132)) - GrpcServer channel type EpollServerSocketChannel
2023-07-13 06:11:00,382 [main] INFO  replication.ReplicationSupervisor (ReplicationSupervisor.java:nodeStateUpdated(305)) - Node state updated to IN_SERVICE, scaling executor pool size to 10
2023-07-13 06:11:00,391 [main] INFO  http.BaseHttpServer (BaseHttpServer.java:newHttpServer2BuilderForOzone(224)) - Starting Web-server for hddsDatanode at: http://0.0.0.0:15036
2023-07-13 06:11:00,391 [main] INFO  http.BaseHttpServer (BaseHttpServer.java:<init>(111)) - Hadoop Security Enabled: false Ozone Security Enabled: false Ozone HTTP Security Enabled: false 
2023-07-13 06:11:00,393 [main] WARN  server.AuthenticationFilter (AuthenticationFilter.java:constructSecretProvider(240)) - Unable to initialize FileSignerSecretProvider, falling back to use random secrets. Reason: Could not read signature secret file: /home/runner/hadoop-http-auth-signature-secret
2023-07-13 06:11:00,397 [main] INFO  http.HttpRequestLog (HttpRequestLog.java:getRequestLog(86)) - Http request log for http.requests.hddsDatanode is not defined
2023-07-13 06:11:00,399 [main] INFO  http.HttpServer2 (HttpServer2.java:addGlobalFilter(1031)) - Added global filter 'safety' (class=org.apache.hadoop.hdds.server.http.HttpServer2$QuotingInputFilter)
2023-07-13 06:11:00,401 [main] INFO  http.HttpServer2 (HttpServer2.java:addFilter(1007)) - Added filter static_user_filter (class=org.apache.hadoop.http.lib.StaticUserWebFilter$StaticUserFilter) to context hddsDatanode
2023-07-13 06:11:00,401 [main] INFO  http.HttpServer2 (HttpServer2.java:addFilter(1015)) - Added filter static_user_filter (class=org.apache.hadoop.http.lib.StaticUserWebFilter$StaticUserFilter) to context static
2023-07-13 06:11:00,401 [main] INFO  http.HttpServer2 (HttpServer2.java:addFilter(1015)) - Added filter static_user_filter (class=org.apache.hadoop.http.lib.StaticUserWebFilter$StaticUserFilter) to context logs
2023-07-13 06:11:00,403 [main] INFO  http.BaseHttpServer (BaseHttpServer.java:<init>(190)) - HTTP server of hddsDatanode uses base directory /home/runner/work/ozone/ozone/hadoop-ozone/integration-test/target/test-dir/MiniOzoneClusterImpl-40c29f8c-30b3-4208-9c4d-d76d276bda5b/datanode-3/meta/webserver
2023-07-13 06:11:00,403 [main] INFO  http.HttpServer2 (HttpServer2.java:bindListener(1250)) - Jetty bound to port 15036
2023-07-13 06:11:00,403 [main] INFO  server.Server (Server.java:doStart(375)) - jetty-9.4.51.v20230217; built: 2023-02-17T08:19:37.309Z; git: b45c405e4544384de066f814ed42ae3dceacdd49; jvm 1.8.0_372-b07
2023-07-13 06:11:00,414 [main] INFO  server.session (DefaultSessionIdManager.java:doStart(334)) - DefaultSessionIdManager workerName=node0
2023-07-13 06:11:00,414 [main] INFO  server.session (DefaultSessionIdManager.java:doStart(339)) - No SessionScavenger set, using defaults
2023-07-13 06:11:00,414 [main] INFO  server.session (HouseKeeper.java:startScavenging(132)) - node0 Scavenging every 660000ms
2023-07-13 06:11:00,415 [main] INFO  handler.ContextHandler (ContextHandler.java:doStart(921)) - Started o.e.j.s.ServletContextHandler@18c6491e{logs,/logs,file:///home/runner/work/ozone/ozone/hadoop-ozone/integration-test/target/log,AVAILABLE}
2023-07-13 06:11:00,415 [main] INFO  handler.ContextHandler (ContextHandler.java:doStart(921)) - Started o.e.j.s.ServletContextHandler@1baa65c8{static,/static,jar:file:/home/runner/.m2/repository/org/apache/ozone/hdds-container-service/1.4.0-SNAPSHOT/hdds-container-service-1.4.0-SNAPSHOT.jar!/webapps/static,AVAILABLE}
2023-07-13 06:11:00,676 [main] INFO  handler.ContextHandler (ContextHandler.java:doStart(921)) - Started o.e.j.w.WebAppContext@3cf9a021{hddsDatanode,/,file:///home/runner/work/ozone/ozone/hadoop-ozone/integration-test/target/tmp/kms/webapp/,AVAILABLE}{jar:file:/home/runner/.m2/repository/org/apache/ozone/hdds-container-service/1.4.0-SNAPSHOT/hdds-container-service-1.4.0-SNAPSHOT.jar!/webapps/hddsDatanode}
2023-07-13 06:11:00,678 [main] INFO  server.AbstractConnector (AbstractConnector.java:doStart(333)) - Started ServerConnector@551f251d{HTTP/1.1, (http/1.1)}{0.0.0.0:15036}
2023-07-13 06:11:00,678 [main] INFO  server.Server (Server.java:doStart(415)) - Started @14742ms
2023-07-13 06:11:00,678 [main] WARN  impl.MetricsSystemImpl (MetricsSystemImpl.java:register(279)) - Sink prometheus already exists!
2023-07-13 06:11:00,679 [main] INFO  http.BaseHttpServer (BaseHttpServer.java:updateConnectorAddress(344)) - HTTP server of hddsDatanode listening at http://0.0.0.0:15036
2023-07-13 06:11:00,679 [main] INFO  ipc.CallQueueManager (CallQueueManager.java:<init>(90)) - Using callQueue: class java.util.concurrent.LinkedBlockingQueue, queueCapacity: 100, scheduler: class org.apache.hadoop.ipc.DefaultRpcScheduler, ipcBackoff: false.
2023-07-13 06:11:00,679 [main] INFO  ipc.Server (Server.java:<init>(1287)) - Listener at 0.0.0.0:15037
2023-07-13 06:11:00,684 [Socket Reader #1 for port 15037] INFO  ipc.Server (Server.java:run(1323)) - Starting Socket Reader #1 for port 15037
2023-07-13 06:11:00,696 [main] INFO  ozone.HddsDatanodeService (HddsDatanodeService.java:start(315)) - Datanode start with admins: [runner]
2023-07-13 06:11:00,696 [main] INFO  ozone.HddsDatanodeClientProtocolServer (HddsDatanodeClientProtocolServer.java:start(72)) - RPC server for Client /0.0.0.0:15037
2023-07-13 06:11:00,697 [IPC Server Responder] INFO  ipc.Server (Server.java:run(1562)) - IPC Server Responder: starting
2023-07-13 06:11:00,697 [IPC Server listener on 15037] INFO  ipc.Server (Server.java:run(1402)) - IPC Server listener on 15037: starting
2023-07-13 06:11:00,697 [Datanode State Machine Daemon Thread] INFO  statemachine.DatanodeStateMachine (DatanodeStateMachine.java:lambda$startDaemon$0(531)) - Ozone container server started.
2023-07-13 06:11:00,698 [main] WARN  impl.MetricRegistriesImpl (MetricRegistriesImpl.java:addReporterRegistration(111)) - New reporters are added after registries were created. Some metrics will be missing from the reporter. Please add reporter before adding any new registry.
2023-07-13 06:11:00,699 [main] WARN  impl.MetricRegistriesImpl (MetricRegistriesImpl.java:addReporterRegistration(111)) - New reporters are added after registries were created. Some metrics will be missing from the reporter. Please add reporter before adding any new registry.
2023-07-13 06:11:00,699 [main] INFO  impl.MetricsSystemImpl (MetricsSystemImpl.java:init(158)) - HddsDatanode metrics system started (again)
2023-07-13 06:11:00,717 [main] INFO  ozone.HddsDatanodeService (HddsDatanodeService.java:start(237)) - HddsDatanodeService host:fv-az932-602.ktyqbx4ivk1enavz3wfkrixyxe.bx.internal.cloudapp.net ip:10.1.0.28
2023-07-13 06:11:00,719 [Datanode State Machine Task Thread - 0] INFO  datanode.InitDatanodeState (InitDatanodeState.java:persistContainerDatanodeDetails(138)) - DatanodeDetails is persisted to /home/runner/work/ozone/ozone/hadoop-ozone/integration-test/target/test-dir/MiniOzoneClusterImpl-40c29f8c-30b3-4208-9c4d-d76d276bda5b/datanode-3/meta/datanode.id
2023-07-13 06:11:00,749 [main] INFO  upgrade.AbstractLayoutVersionManager (AbstractLayoutVersionManager.java:init(83)) - Initializing Layout version manager with metadata layout = HADOOP_PRC_PORTS_IN_DATANODEDETAILS (version = 7), software layout = HADOOP_PRC_PORTS_IN_DATANODEDETAILS (version = 7)
2023-07-13 06:11:00,750 [main] INFO  statemachine.DatanodeStateMachine (DatanodeStateMachine.java:getEndPointTaskThreadPoolSize(279)) - Datanode State Machine Task Thread Pool size 2
2023-07-13 06:11:00,752 [main] INFO  volume.HddsVolume (HddsVolume.java:<init>(133)) - Creating HddsVolume: /home/runner/work/ozone/ozone/hadoop-ozone/integration-test/target/test-dir/MiniOzoneClusterImpl-40c29f8c-30b3-4208-9c4d-d76d276bda5b/datanode-4/data-0/containers/hdds of storage type : DISK capacity : 9223372036854775807
2023-07-13 06:11:00,752 [main] INFO  volume.MutableVolumeSet (MutableVolumeSet.java:initializeVolumeSet(175)) - Added Volume : /home/runner/work/ozone/ozone/hadoop-ozone/integration-test/target/test-dir/MiniOzoneClusterImpl-40c29f8c-30b3-4208-9c4d-d76d276bda5b/datanode-4/data-0/containers/hdds to VolumeSet
2023-07-13 06:11:00,753 [main] INFO  volume.ThrottledAsyncChecker (ThrottledAsyncChecker.java:schedule(141)) - Scheduling a check for /home/runner/work/ozone/ozone/hadoop-ozone/integration-test/target/test-dir/MiniOzoneClusterImpl-40c29f8c-30b3-4208-9c4d-d76d276bda5b/datanode-4/data-0/containers/hdds
2023-07-13 06:11:00,755 [main] INFO  volume.StorageVolumeChecker (StorageVolumeChecker.java:checkAllVolumes(202)) - Scheduled health check for volume /home/runner/work/ozone/ozone/hadoop-ozone/integration-test/target/test-dir/MiniOzoneClusterImpl-40c29f8c-30b3-4208-9c4d-d76d276bda5b/datanode-4/data-0/containers/hdds
2023-07-13 06:11:00,763 [main] INFO  volume.MutableVolumeSet (MutableVolumeSet.java:initializeVolumeSet(175)) - Added Volume : /home/runner/work/ozone/ozone/hadoop-ozone/integration-test/target/test-dir/MiniOzoneClusterImpl-40c29f8c-30b3-4208-9c4d-d76d276bda5b/datanode-4/data/ratis to VolumeSet
2023-07-13 06:11:00,763 [main] INFO  volume.ThrottledAsyncChecker (ThrottledAsyncChecker.java:schedule(141)) - Scheduling a check for /home/runner/work/ozone/ozone/hadoop-ozone/integration-test/target/test-dir/MiniOzoneClusterImpl-40c29f8c-30b3-4208-9c4d-d76d276bda5b/datanode-4/data/ratis
2023-07-13 06:11:00,763 [main] INFO  volume.StorageVolumeChecker (StorageVolumeChecker.java:checkAllVolumes(202)) - Scheduled health check for volume /home/runner/work/ozone/ozone/hadoop-ozone/integration-test/target/test-dir/MiniOzoneClusterImpl-40c29f8c-30b3-4208-9c4d-d76d276bda5b/datanode-4/data/ratis
2023-07-13 06:11:00,766 [Thread-221] INFO  ozoneimpl.ContainerReader (ContainerReader.java:readVolume(175)) - Finish verifying containers on volume /home/runner/work/ozone/ozone/hadoop-ozone/integration-test/target/test-dir/MiniOzoneClusterImpl-40c29f8c-30b3-4208-9c4d-d76d276bda5b/datanode-4/data-0/containers/hdds
2023-07-13 06:11:00,766 [main] INFO  ozoneimpl.OzoneContainer (OzoneContainer.java:buildContainerSet(316)) - Build ContainerSet costs 0s
2023-07-13 06:11:00,769 [main] INFO  server.RaftServer (ConfUtils.java:logGet(46)) - raft.rpc.type = GRPC (default)
2023-07-13 06:11:00,769 [main] INFO  grpc.GrpcConfigKeys (ConfUtils.java:logFallback(53)) - raft.grpc.admin.host = null (fallback to raft.grpc.server.host)
2023-07-13 06:11:00,769 [main] INFO  grpc.GrpcConfigKeys (ConfUtils.java:logGet(46)) - raft.grpc.admin.port = 15049 (custom)
2023-07-13 06:11:00,770 [main] INFO  grpc.GrpcConfigKeys (ConfUtils.java:logFallback(53)) - raft.grpc.client.host = null (fallback to raft.grpc.server.host)
2023-07-13 06:11:00,770 [main] INFO  grpc.GrpcConfigKeys (ConfUtils.java:logGet(46)) - raft.grpc.client.port = 15048 (custom)
2023-07-13 06:11:00,770 [main] INFO  grpc.GrpcConfigKeys (ConfUtils.java:logGet(46)) - raft.grpc.server.host = null (default)
2023-07-13 06:11:00,770 [main] INFO  grpc.GrpcConfigKeys (ConfUtils.java:logGet(46)) - raft.grpc.server.port = 15050 (custom)
2023-07-13 06:11:00,770 [main] INFO  server.GrpcService (ConfUtils.java:logGet(46)) - raft.grpc.message.size.max = 32MB (=33554432) (custom)
2023-07-13 06:11:00,770 [main] INFO  server.RaftServerConfigKeys (ConfUtils.java:logGet(46)) - raft.server.log.appender.buffer.byte-limit = 33554432 (custom)
2023-07-13 06:11:00,770 [main] INFO  server.GrpcService (ConfUtils.java:logGet(46)) - raft.grpc.flow.control.window = 5MB (=5242880) (custom)
2023-07-13 06:11:00,771 [main] INFO  server.RaftServerConfigKeys (ConfUtils.java:logGet(46)) - raft.server.rpc.request.timeout = 60s (custom)
2023-07-13 06:11:00,771 [main] INFO  grpc.GrpcConfigKeys (ConfUtils.java:logGet(46)) - raft.grpc.server.heartbeat.channel = true (default)
2023-07-13 06:11:00,771 [main] INFO  grpc.GrpcConfigKeys (ConfUtils.java:logGet(46)) - raft.grpc.server.async.request.thread.pool.cached = true (default)
2023-07-13 06:11:00,771 [main] INFO  grpc.GrpcConfigKeys (ConfUtils.java:logGet(46)) - raft.grpc.server.async.request.thread.pool.size = 32 (default)
2023-07-13 06:11:00,774 [main] INFO  impl.DataStreamServerImpl (ConfUtils.java:logGet(46)) - raft.datastream.type = NETTY (custom)
2023-07-13 06:11:00,775 [main] INFO  server.RaftServerConfigKeys (ConfUtils.java:logGet(46)) - raft.server.data-stream.async.request.thread.pool.cached = false (default)
2023-07-13 06:11:00,775 [main] INFO  server.RaftServerConfigKeys (ConfUtils.java:logGet(46)) - raft.server.data-stream.async.request.thread.pool.size = 20 (custom)
2023-07-13 06:11:00,775 [main] INFO  server.RaftServerConfigKeys (ConfUtils.java:logGet(46)) - raft.server.data-stream.async.write.thread.pool.size = 16 (default)
2023-07-13 06:11:00,775 [main] INFO  server.RaftServerConfigKeys (ConfUtils.java:logGet(46)) - raft.server.data-stream.client.pool.size = 10 (default)
2023-07-13 06:11:00,775 [main] INFO  netty.NettyConfigKeys$DataStream (ConfUtils.java:logGet(46)) - raft.netty.dataStream.server.use-epoll = false (default)
2023-07-13 06:11:00,775 [main] INFO  netty.NettyConfigKeys$DataStream (ConfUtils.java:logGet(46)) - raft.netty.dataStream.server.boss-group.size = 0 (default)
2023-07-13 06:11:00,776 [main] INFO  netty.NettyConfigKeys$DataStream (ConfUtils.java:logGet(46)) - raft.netty.dataStream.server.worker-group.size = 0 (default)
2023-07-13 06:11:00,776 [main] INFO  netty.NettyConfigKeys$DataStream (ConfUtils.java:logGet(46)) - raft.netty.dataStream.server.tls.conf = null (default)
2023-07-13 06:11:00,777 [main] INFO  netty.NettyConfigKeys$DataStream (ConfUtils.java:logGet(46)) - raft.netty.dataStream.host = null (default)
2023-07-13 06:11:00,777 [main] INFO  netty.NettyConfigKeys$DataStream (ConfUtils.java:logGet(46)) - raft.netty.dataStream.port = 15051 (custom)
2023-07-13 06:11:00,780 [main] INFO  server.RaftServerConfigKeys (ConfUtils.java:logGet(46)) - raft.server.threadpool.proxy.cached = true (default)
2023-07-13 06:11:00,780 [main] INFO  server.RaftServerConfigKeys (ConfUtils.java:logGet(46)) - raft.server.threadpool.proxy.size = 0 (default)
2023-07-13 06:11:00,780 [main] INFO  server.RaftServerConfigKeys (ConfUtils.java:logGet(46)) - raft.server.rpc.slowness.timeout = 300s (custom)
2023-07-13 06:11:00,780 [main] INFO  server.RaftServerConfigKeys (ConfUtils.java:logGet(46)) - raft.server.leaderelection.leader.step-down.wait-time = 10s (default)
2023-07-13 06:11:00,780 [main] INFO  server.RaftServerConfigKeys (ConfUtils.java:logGet(46)) - raft.server.storage.dir = [/home/runner/work/ozone/ozone/hadoop-ozone/integration-test/target/test-dir/MiniOzoneClusterImpl-40c29f8c-30b3-4208-9c4d-d76d276bda5b/datanode-4/data/ratis] (custom)
2023-07-13 06:11:00,794 [4d503614-acf7-4d3e-bd56-c00356288aee-NettyServerStreamRpc-bossGroup--thread1] INFO  logging.LoggingHandler (AbstractInternalLogger.java:log(148)) - [id: 0x543f49cf] REGISTERED
2023-07-13 06:11:00,794 [4d503614-acf7-4d3e-bd56-c00356288aee-NettyServerStreamRpc-bossGroup--thread1] INFO  logging.LoggingHandler (AbstractInternalLogger.java:log(148)) - [id: 0x543f49cf] BIND: 0.0.0.0/0.0.0.0:15051
2023-07-13 06:11:00,794 [4d503614-acf7-4d3e-bd56-c00356288aee-NettyServerStreamRpc-bossGroup--thread1] INFO  logging.LoggingHandler (AbstractInternalLogger.java:log(148)) - [id: 0x543f49cf, L:/0:0:0:0:0:0:0:0:15051] ACTIVE
2023-07-13 06:11:00,796 [main] INFO  server.XceiverServerGrpc (XceiverServerGrpc.java:<init>(132)) - GrpcServer channel type EpollServerSocketChannel
2023-07-13 06:11:00,798 [main] INFO  replication.ReplicationSupervisor (ReplicationSupervisor.java:nodeStateUpdated(305)) - Node state updated to IN_SERVICE, scaling executor pool size to 10
2023-07-13 06:11:00,808 [main] INFO  http.BaseHttpServer (BaseHttpServer.java:newHttpServer2BuilderForOzone(224)) - Starting Web-server for hddsDatanode at: http://0.0.0.0:15045
2023-07-13 06:11:00,808 [main] INFO  http.BaseHttpServer (BaseHttpServer.java:<init>(111)) - Hadoop Security Enabled: false Ozone Security Enabled: false Ozone HTTP Security Enabled: false 
2023-07-13 06:11:00,810 [main] WARN  server.AuthenticationFilter (AuthenticationFilter.java:constructSecretProvider(240)) - Unable to initialize FileSignerSecretProvider, falling back to use random secrets. Reason: Could not read signature secret file: /home/runner/hadoop-http-auth-signature-secret
2023-07-13 06:11:00,811 [main] INFO  http.HttpRequestLog (HttpRequestLog.java:getRequestLog(86)) - Http request log for http.requests.hddsDatanode is not defined
2023-07-13 06:11:00,813 [main] INFO  http.HttpServer2 (HttpServer2.java:addGlobalFilter(1031)) - Added global filter 'safety' (class=org.apache.hadoop.hdds.server.http.HttpServer2$QuotingInputFilter)
2023-07-13 06:11:00,813 [main] INFO  http.HttpServer2 (HttpServer2.java:addFilter(1007)) - Added filter static_user_filter (class=org.apache.hadoop.http.lib.StaticUserWebFilter$StaticUserFilter) to context hddsDatanode
2023-07-13 06:11:00,814 [main] INFO  http.HttpServer2 (HttpServer2.java:addFilter(1015)) - Added filter static_user_filter (class=org.apache.hadoop.http.lib.StaticUserWebFilter$StaticUserFilter) to context logs
2023-07-13 06:11:00,814 [main] INFO  http.HttpServer2 (HttpServer2.java:addFilter(1015)) - Added filter static_user_filter (class=org.apache.hadoop.http.lib.StaticUserWebFilter$StaticUserFilter) to context static
2023-07-13 06:11:00,814 [main] INFO  http.BaseHttpServer (BaseHttpServer.java:<init>(190)) - HTTP server of hddsDatanode uses base directory /home/runner/work/ozone/ozone/hadoop-ozone/integration-test/target/test-dir/MiniOzoneClusterImpl-40c29f8c-30b3-4208-9c4d-d76d276bda5b/datanode-4/meta/webserver
2023-07-13 06:11:00,814 [main] INFO  http.HttpServer2 (HttpServer2.java:bindListener(1250)) - Jetty bound to port 15045
2023-07-13 06:11:00,815 [main] INFO  server.Server (Server.java:doStart(375)) - jetty-9.4.51.v20230217; built: 2023-02-17T08:19:37.309Z; git: b45c405e4544384de066f814ed42ae3dceacdd49; jvm 1.8.0_372-b07
2023-07-13 06:11:00,817 [main] INFO  server.session (DefaultSessionIdManager.java:doStart(334)) - DefaultSessionIdManager workerName=node0
2023-07-13 06:11:00,817 [main] INFO  server.session (DefaultSessionIdManager.java:doStart(339)) - No SessionScavenger set, using defaults
2023-07-13 06:11:00,817 [main] INFO  server.session (HouseKeeper.java:startScavenging(132)) - node0 Scavenging every 600000ms
2023-07-13 06:11:00,818 [main] INFO  handler.ContextHandler (ContextHandler.java:doStart(921)) - Started o.e.j.s.ServletContextHandler@6ccc41e7{logs,/logs,file:///home/runner/work/ozone/ozone/hadoop-ozone/integration-test/target/log,AVAILABLE}
2023-07-13 06:11:00,819 [main] INFO  handler.ContextHandler (ContextHandler.java:doStart(921)) - Started o.e.j.s.ServletContextHandler@8a4f94f{static,/static,jar:file:/home/runner/.m2/repository/org/apache/ozone/hdds-container-service/1.4.0-SNAPSHOT/hdds-container-service-1.4.0-SNAPSHOT.jar!/webapps/static,AVAILABLE}
2023-07-13 06:11:01,062 [main] INFO  handler.ContextHandler (ContextHandler.java:doStart(921)) - Started o.e.j.w.WebAppContext@73e131a2{hddsDatanode,/,file:///home/runner/work/ozone/ozone/hadoop-ozone/integration-test/target/tmp/kms/webapp/,AVAILABLE}{jar:file:/home/runner/.m2/repository/org/apache/ozone/hdds-container-service/1.4.0-SNAPSHOT/hdds-container-service-1.4.0-SNAPSHOT.jar!/webapps/hddsDatanode}
2023-07-13 06:11:01,064 [main] INFO  server.AbstractConnector (AbstractConnector.java:doStart(333)) - Started ServerConnector@114ec5cf{HTTP/1.1, (http/1.1)}{0.0.0.0:15045}
2023-07-13 06:11:01,064 [main] INFO  server.Server (Server.java:doStart(415)) - Started @15128ms
2023-07-13 06:11:01,064 [main] WARN  impl.MetricsSystemImpl (MetricsSystemImpl.java:register(279)) - Sink prometheus already exists!
2023-07-13 06:11:01,065 [main] INFO  http.BaseHttpServer (BaseHttpServer.java:updateConnectorAddress(344)) - HTTP server of hddsDatanode listening at http://0.0.0.0:15045
2023-07-13 06:11:01,065 [main] INFO  ipc.CallQueueManager (CallQueueManager.java:<init>(90)) - Using callQueue: class java.util.concurrent.LinkedBlockingQueue, queueCapacity: 100, scheduler: class org.apache.hadoop.ipc.DefaultRpcScheduler, ipcBackoff: false.
2023-07-13 06:11:01,065 [main] INFO  ipc.Server (Server.java:<init>(1287)) - Listener at 0.0.0.0:15046
2023-07-13 06:11:01,072 [Socket Reader #1 for port 15046] INFO  ipc.Server (Server.java:run(1323)) - Starting Socket Reader #1 for port 15046
2023-07-13 06:11:01,078 [main] INFO  ozone.HddsDatanodeService (HddsDatanodeService.java:start(315)) - Datanode start with admins: [runner]
2023-07-13 06:11:01,078 [main] INFO  ozone.HddsDatanodeClientProtocolServer (HddsDatanodeClientProtocolServer.java:start(72)) - RPC server for Client /0.0.0.0:15046
2023-07-13 06:11:01,079 [IPC Server Responder] INFO  ipc.Server (Server.java:run(1562)) - IPC Server Responder: starting
2023-07-13 06:11:01,080 [IPC Server listener on 15046] INFO  ipc.Server (Server.java:run(1402)) - IPC Server listener on 15046: starting
2023-07-13 06:11:01,096 [Datanode State Machine Daemon Thread] INFO  statemachine.DatanodeStateMachine (DatanodeStateMachine.java:lambda$startDaemon$0(531)) - Ozone container server started.
2023-07-13 06:11:01,096 [main] WARN  impl.MetricRegistriesImpl (MetricRegistriesImpl.java:addReporterRegistration(111)) - New reporters are added after registries were created. Some metrics will be missing from the reporter. Please add reporter before adding any new registry.
2023-07-13 06:11:01,096 [main] WARN  impl.MetricRegistriesImpl (MetricRegistriesImpl.java:addReporterRegistration(111)) - New reporters are added after registries were created. Some metrics will be missing from the reporter. Please add reporter before adding any new registry.
2023-07-13 06:11:01,096 [main] INFO  impl.MetricsSystemImpl (MetricsSystemImpl.java:init(158)) - HddsDatanode metrics system started (again)
2023-07-13 06:11:01,125 [Datanode State Machine Task Thread - 0] INFO  datanode.InitDatanodeState (InitDatanodeState.java:persistContainerDatanodeDetails(138)) - DatanodeDetails is persisted to /home/runner/work/ozone/ozone/hadoop-ozone/integration-test/target/test-dir/MiniOzoneClusterImpl-40c29f8c-30b3-4208-9c4d-d76d276bda5b/datanode-4/meta/datanode.id
2023-07-13 06:11:01,131 [main] INFO  ozone.HddsDatanodeService (HddsDatanodeService.java:start(237)) - HddsDatanodeService host:fv-az932-602.ktyqbx4ivk1enavz3wfkrixyxe.bx.internal.cloudapp.net ip:10.1.0.28
2023-07-13 06:11:01,172 [main] INFO  upgrade.AbstractLayoutVersionManager (AbstractLayoutVersionManager.java:init(83)) - Initializing Layout version manager with metadata layout = HADOOP_PRC_PORTS_IN_DATANODEDETAILS (version = 7), software layout = HADOOP_PRC_PORTS_IN_DATANODEDETAILS (version = 7)
2023-07-13 06:11:01,173 [main] INFO  statemachine.DatanodeStateMachine (DatanodeStateMachine.java:getEndPointTaskThreadPoolSize(279)) - Datanode State Machine Task Thread Pool size 2
2023-07-13 06:11:01,175 [main] INFO  volume.HddsVolume (HddsVolume.java:<init>(133)) - Creating HddsVolume: /home/runner/work/ozone/ozone/hadoop-ozone/integration-test/target/test-dir/MiniOzoneClusterImpl-40c29f8c-30b3-4208-9c4d-d76d276bda5b/datanode-5/data-0/containers/hdds of storage type : DISK capacity : 9223372036854775807
2023-07-13 06:11:01,175 [main] INFO  volume.MutableVolumeSet (MutableVolumeSet.java:initializeVolumeSet(175)) - Added Volume : /home/runner/work/ozone/ozone/hadoop-ozone/integration-test/target/test-dir/MiniOzoneClusterImpl-40c29f8c-30b3-4208-9c4d-d76d276bda5b/datanode-5/data-0/containers/hdds to VolumeSet
2023-07-13 06:11:01,176 [main] INFO  volume.ThrottledAsyncChecker (ThrottledAsyncChecker.java:schedule(141)) - Scheduling a check for /home/runner/work/ozone/ozone/hadoop-ozone/integration-test/target/test-dir/MiniOzoneClusterImpl-40c29f8c-30b3-4208-9c4d-d76d276bda5b/datanode-5/data-0/containers/hdds
2023-07-13 06:11:01,182 [main] INFO  volume.StorageVolumeChecker (StorageVolumeChecker.java:checkAllVolumes(202)) - Scheduled health check for volume /home/runner/work/ozone/ozone/hadoop-ozone/integration-test/target/test-dir/MiniOzoneClusterImpl-40c29f8c-30b3-4208-9c4d-d76d276bda5b/datanode-5/data-0/containers/hdds
2023-07-13 06:11:01,185 [main] INFO  volume.MutableVolumeSet (MutableVolumeSet.java:initializeVolumeSet(175)) - Added Volume : /home/runner/work/ozone/ozone/hadoop-ozone/integration-test/target/test-dir/MiniOzoneClusterImpl-40c29f8c-30b3-4208-9c4d-d76d276bda5b/datanode-5/data/ratis to VolumeSet
2023-07-13 06:11:01,185 [main] INFO  volume.ThrottledAsyncChecker (ThrottledAsyncChecker.java:schedule(141)) - Scheduling a check for /home/runner/work/ozone/ozone/hadoop-ozone/integration-test/target/test-dir/MiniOzoneClusterImpl-40c29f8c-30b3-4208-9c4d-d76d276bda5b/datanode-5/data/ratis
2023-07-13 06:11:01,185 [main] INFO  volume.StorageVolumeChecker (StorageVolumeChecker.java:checkAllVolumes(202)) - Scheduled health check for volume /home/runner/work/ozone/ozone/hadoop-ozone/integration-test/target/test-dir/MiniOzoneClusterImpl-40c29f8c-30b3-4208-9c4d-d76d276bda5b/datanode-5/data/ratis
2023-07-13 06:11:01,190 [Thread-238] INFO  ozoneimpl.ContainerReader (ContainerReader.java:readVolume(175)) - Finish verifying containers on volume /home/runner/work/ozone/ozone/hadoop-ozone/integration-test/target/test-dir/MiniOzoneClusterImpl-40c29f8c-30b3-4208-9c4d-d76d276bda5b/datanode-5/data-0/containers/hdds
2023-07-13 06:11:01,190 [main] INFO  ozoneimpl.OzoneContainer (OzoneContainer.java:buildContainerSet(316)) - Build ContainerSet costs 0s
2023-07-13 06:11:01,195 [main] INFO  server.RaftServer (ConfUtils.java:logGet(46)) - raft.rpc.type = GRPC (default)
2023-07-13 06:11:01,195 [main] INFO  grpc.GrpcConfigKeys (ConfUtils.java:logFallback(53)) - raft.grpc.admin.host = null (fallback to raft.grpc.server.host)
2023-07-13 06:11:01,195 [main] INFO  grpc.GrpcConfigKeys (ConfUtils.java:logGet(46)) - raft.grpc.admin.port = 15058 (custom)
2023-07-13 06:11:01,195 [main] INFO  grpc.GrpcConfigKeys (ConfUtils.java:logFallback(53)) - raft.grpc.client.host = null (fallback to raft.grpc.server.host)
2023-07-13 06:11:01,195 [main] INFO  grpc.GrpcConfigKeys (ConfUtils.java:logGet(46)) - raft.grpc.client.port = 15057 (custom)
2023-07-13 06:11:01,195 [main] INFO  grpc.GrpcConfigKeys (ConfUtils.java:logGet(46)) - raft.grpc.server.host = null (default)
2023-07-13 06:11:01,196 [main] INFO  grpc.GrpcConfigKeys (ConfUtils.java:logGet(46)) - raft.grpc.server.port = 15059 (custom)
2023-07-13 06:11:01,196 [main] INFO  server.GrpcService (ConfUtils.java:logGet(46)) - raft.grpc.message.size.max = 32MB (=33554432) (custom)
2023-07-13 06:11:01,196 [main] INFO  server.RaftServerConfigKeys (ConfUtils.java:logGet(46)) - raft.server.log.appender.buffer.byte-limit = 33554432 (custom)
2023-07-13 06:11:01,196 [main] INFO  server.GrpcService (ConfUtils.java:logGet(46)) - raft.grpc.flow.control.window = 5MB (=5242880) (custom)
2023-07-13 06:11:01,196 [main] INFO  server.RaftServerConfigKeys (ConfUtils.java:logGet(46)) - raft.server.rpc.request.timeout = 60s (custom)
2023-07-13 06:11:01,196 [main] INFO  grpc.GrpcConfigKeys (ConfUtils.java:logGet(46)) - raft.grpc.server.heartbeat.channel = true (default)
2023-07-13 06:11:01,196 [main] INFO  grpc.GrpcConfigKeys (ConfUtils.java:logGet(46)) - raft.grpc.server.async.request.thread.pool.cached = true (default)
2023-07-13 06:11:01,197 [main] INFO  grpc.GrpcConfigKeys (ConfUtils.java:logGet(46)) - raft.grpc.server.async.request.thread.pool.size = 32 (default)
2023-07-13 06:11:01,199 [main] INFO  impl.DataStreamServerImpl (ConfUtils.java:logGet(46)) - raft.datastream.type = NETTY (custom)
2023-07-13 06:11:01,200 [main] INFO  server.RaftServerConfigKeys (ConfUtils.java:logGet(46)) - raft.server.data-stream.async.request.thread.pool.cached = false (default)
2023-07-13 06:11:01,200 [main] INFO  server.RaftServerConfigKeys (ConfUtils.java:logGet(46)) - raft.server.data-stream.async.request.thread.pool.size = 20 (custom)
2023-07-13 06:11:01,200 [main] INFO  server.RaftServerConfigKeys (ConfUtils.java:logGet(46)) - raft.server.data-stream.async.write.thread.pool.size = 16 (default)
2023-07-13 06:11:01,200 [main] INFO  server.RaftServerConfigKeys (ConfUtils.java:logGet(46)) - raft.server.data-stream.client.pool.size = 10 (default)
2023-07-13 06:11:01,200 [main] INFO  netty.NettyConfigKeys$DataStream (ConfUtils.java:logGet(46)) - raft.netty.dataStream.server.use-epoll = false (default)
2023-07-13 06:11:01,201 [main] INFO  netty.NettyConfigKeys$DataStream (ConfUtils.java:logGet(46)) - raft.netty.dataStream.server.boss-group.size = 0 (default)
2023-07-13 06:11:01,201 [main] INFO  netty.NettyConfigKeys$DataStream (ConfUtils.java:logGet(46)) - raft.netty.dataStream.server.worker-group.size = 0 (default)
2023-07-13 06:11:01,202 [main] INFO  netty.NettyConfigKeys$DataStream (ConfUtils.java:logGet(46)) - raft.netty.dataStream.server.tls.conf = null (default)
2023-07-13 06:11:01,202 [main] INFO  netty.NettyConfigKeys$DataStream (ConfUtils.java:logGet(46)) - raft.netty.dataStream.host = null (default)
2023-07-13 06:11:01,202 [main] INFO  netty.NettyConfigKeys$DataStream (ConfUtils.java:logGet(46)) - raft.netty.dataStream.port = 15060 (custom)
2023-07-13 06:11:01,202 [main] INFO  server.RaftServerConfigKeys (ConfUtils.java:logGet(46)) - raft.server.threadpool.proxy.cached = true (default)
2023-07-13 06:11:01,202 [main] INFO  server.RaftServerConfigKeys (ConfUtils.java:logGet(46)) - raft.server.threadpool.proxy.size = 0 (default)
2023-07-13 06:11:01,203 [main] INFO  server.RaftServerConfigKeys (ConfUtils.java:logGet(46)) - raft.server.rpc.slowness.timeout = 300s (custom)
2023-07-13 06:11:01,203 [main] INFO  server.RaftServerConfigKeys (ConfUtils.java:logGet(46)) - raft.server.leaderelection.leader.step-down.wait-time = 10s (default)
2023-07-13 06:11:01,203 [main] INFO  server.RaftServerConfigKeys (ConfUtils.java:logGet(46)) - raft.server.storage.dir = [/home/runner/work/ozone/ozone/hadoop-ozone/integration-test/target/test-dir/MiniOzoneClusterImpl-40c29f8c-30b3-4208-9c4d-d76d276bda5b/datanode-5/data/ratis] (custom)
2023-07-13 06:11:01,211 [892099fe-78a6-4491-a754-7c56149f1c99-NettyServerStreamRpc-bossGroup--thread1] INFO  logging.LoggingHandler (AbstractInternalLogger.java:log(148)) - [id: 0x24f425de] REGISTERED
2023-07-13 06:11:01,212 [892099fe-78a6-4491-a754-7c56149f1c99-NettyServerStreamRpc-bossGroup--thread1] INFO  logging.LoggingHandler (AbstractInternalLogger.java:log(148)) - [id: 0x24f425de] BIND: 0.0.0.0/0.0.0.0:15060
2023-07-13 06:11:01,212 [892099fe-78a6-4491-a754-7c56149f1c99-NettyServerStreamRpc-bossGroup--thread1] INFO  logging.LoggingHandler (AbstractInternalLogger.java:log(148)) - [id: 0x24f425de, L:/0:0:0:0:0:0:0:0:15060] ACTIVE
2023-07-13 06:11:01,213 [main] INFO  server.XceiverServerGrpc (XceiverServerGrpc.java:<init>(132)) - GrpcServer channel type EpollServerSocketChannel
2023-07-13 06:11:01,215 [main] INFO  replication.ReplicationSupervisor (ReplicationSupervisor.java:nodeStateUpdated(305)) - Node state updated to IN_SERVICE, scaling executor pool size to 10
2023-07-13 06:11:01,223 [main] INFO  http.BaseHttpServer (BaseHttpServer.java:newHttpServer2BuilderForOzone(224)) - Starting Web-server for hddsDatanode at: http://0.0.0.0:15054
2023-07-13 06:11:01,223 [main] INFO  http.BaseHttpServer (BaseHttpServer.java:<init>(111)) - Hadoop Security Enabled: false Ozone Security Enabled: false Ozone HTTP Security Enabled: false 
2023-07-13 06:11:01,225 [main] WARN  server.AuthenticationFilter (AuthenticationFilter.java:constructSecretProvider(240)) - Unable to initialize FileSignerSecretProvider, falling back to use random secrets. Reason: Could not read signature secret file: /home/runner/hadoop-http-auth-signature-secret
2023-07-13 06:11:01,226 [main] INFO  http.HttpRequestLog (HttpRequestLog.java:getRequestLog(86)) - Http request log for http.requests.hddsDatanode is not defined
2023-07-13 06:11:01,227 [main] INFO  http.HttpServer2 (HttpServer2.java:addGlobalFilter(1031)) - Added global filter 'safety' (class=org.apache.hadoop.hdds.server.http.HttpServer2$QuotingInputFilter)
2023-07-13 06:11:01,228 [main] INFO  http.HttpServer2 (HttpServer2.java:addFilter(1007)) - Added filter static_user_filter (class=org.apache.hadoop.http.lib.StaticUserWebFilter$StaticUserFilter) to context hddsDatanode
2023-07-13 06:11:01,228 [main] INFO  http.HttpServer2 (HttpServer2.java:addFilter(1015)) - Added filter static_user_filter (class=org.apache.hadoop.http.lib.StaticUserWebFilter$StaticUserFilter) to context static
2023-07-13 06:11:01,229 [main] INFO  http.HttpServer2 (HttpServer2.java:addFilter(1015)) - Added filter static_user_filter (class=org.apache.hadoop.http.lib.StaticUserWebFilter$StaticUserFilter) to context logs
2023-07-13 06:11:01,229 [main] INFO  http.BaseHttpServer (BaseHttpServer.java:<init>(190)) - HTTP server of hddsDatanode uses base directory /home/runner/work/ozone/ozone/hadoop-ozone/integration-test/target/test-dir/MiniOzoneClusterImpl-40c29f8c-30b3-4208-9c4d-d76d276bda5b/datanode-5/meta/webserver
2023-07-13 06:11:01,230 [main] INFO  http.HttpServer2 (HttpServer2.java:bindListener(1250)) - Jetty bound to port 15054
2023-07-13 06:11:01,230 [main] INFO  server.Server (Server.java:doStart(375)) - jetty-9.4.51.v20230217; built: 2023-02-17T08:19:37.309Z; git: b45c405e4544384de066f814ed42ae3dceacdd49; jvm 1.8.0_372-b07
2023-07-13 06:11:01,243 [main] INFO  server.session (DefaultSessionIdManager.java:doStart(334)) - DefaultSessionIdManager workerName=node0
2023-07-13 06:11:01,243 [main] INFO  server.session (DefaultSessionIdManager.java:doStart(339)) - No SessionScavenger set, using defaults
2023-07-13 06:11:01,243 [main] INFO  server.session (HouseKeeper.java:startScavenging(132)) - node0 Scavenging every 600000ms
2023-07-13 06:11:01,244 [main] INFO  handler.ContextHandler (ContextHandler.java:doStart(921)) - Started o.e.j.s.ServletContextHandler@76100385{logs,/logs,file:///home/runner/work/ozone/ozone/hadoop-ozone/integration-test/target/log,AVAILABLE}
2023-07-13 06:11:01,245 [main] INFO  handler.ContextHandler (ContextHandler.java:doStart(921)) - Started o.e.j.s.ServletContextHandler@4e2ee59e{static,/static,jar:file:/home/runner/.m2/repository/org/apache/ozone/hdds-container-service/1.4.0-SNAPSHOT/hdds-container-service-1.4.0-SNAPSHOT.jar!/webapps/static,AVAILABLE}
2023-07-13 06:11:01,633 [main] INFO  handler.ContextHandler (ContextHandler.java:doStart(921)) - Started o.e.j.w.WebAppContext@36d54cfb{hddsDatanode,/,file:///home/runner/work/ozone/ozone/hadoop-ozone/integration-test/target/tmp/kms/webapp/,AVAILABLE}{jar:file:/home/runner/.m2/repository/org/apache/ozone/hdds-container-service/1.4.0-SNAPSHOT/hdds-container-service-1.4.0-SNAPSHOT.jar!/webapps/hddsDatanode}
2023-07-13 06:11:01,638 [main] INFO  server.AbstractConnector (AbstractConnector.java:doStart(333)) - Started ServerConnector@37e0c4db{HTTP/1.1, (http/1.1)}{0.0.0.0:15054}
2023-07-13 06:11:01,638 [main] INFO  server.Server (Server.java:doStart(415)) - Started @15702ms
2023-07-13 06:11:01,639 [main] WARN  impl.MetricsSystemImpl (MetricsSystemImpl.java:register(279)) - Sink prometheus already exists!
2023-07-13 06:11:01,640 [main] INFO  http.BaseHttpServer (BaseHttpServer.java:updateConnectorAddress(344)) - HTTP server of hddsDatanode listening at http://0.0.0.0:15054
2023-07-13 06:11:01,640 [main] INFO  ipc.CallQueueManager (CallQueueManager.java:<init>(90)) - Using callQueue: class java.util.concurrent.LinkedBlockingQueue, queueCapacity: 100, scheduler: class org.apache.hadoop.ipc.DefaultRpcScheduler, ipcBackoff: false.
2023-07-13 06:11:01,640 [main] INFO  ipc.Server (Server.java:<init>(1287)) - Listener at 0.0.0.0:15055
2023-07-13 06:11:01,644 [Socket Reader #1 for port 15055] INFO  ipc.Server (Server.java:run(1323)) - Starting Socket Reader #1 for port 15055
2023-07-13 06:11:01,664 [main] INFO  ozone.HddsDatanodeService (HddsDatanodeService.java:start(315)) - Datanode start with admins: [runner]
2023-07-13 06:11:01,665 [main] INFO  ozone.HddsDatanodeClientProtocolServer (HddsDatanodeClientProtocolServer.java:start(72)) - RPC server for Client /0.0.0.0:15055
2023-07-13 06:11:01,665 [EndpointStateMachine task thread for /0.0.0.0:15002 - 0 ] INFO  utils.DatanodeStoreCache (DatanodeStoreCache.java:addDB(66)) - Added db /home/runner/work/ozone/ozone/hadoop-ozone/integration-test/target/test-dir/MiniOzoneClusterImpl-40c29f8c-30b3-4208-9c4d-d76d276bda5b/datanode-0/data-0/containers/hdds/40c29f8c-30b3-4208-9c4d-d76d276bda5b/DS-9f73682c-672b-4d72-a041-1ef26d140168/container.db to cache
2023-07-13 06:11:01,666 [IPC Server Responder] INFO  ipc.Server (Server.java:run(1562)) - IPC Server Responder: starting
2023-07-13 06:11:01,666 [IPC Server listener on 15055] INFO  ipc.Server (Server.java:run(1402)) - IPC Server listener on 15055: starting
2023-07-13 06:11:01,667 [main] WARN  impl.MetricRegistriesImpl (MetricRegistriesImpl.java:addReporterRegistration(111)) - New reporters are added after registries were created. Some metrics will be missing from the reporter. Please add reporter before adding any new registry.
2023-07-13 06:11:01,667 [main] WARN  impl.MetricRegistriesImpl (MetricRegistriesImpl.java:addReporterRegistration(111)) - New reporters are added after registries were created. Some metrics will be missing from the reporter. Please add reporter before adding any new registry.
2023-07-13 06:11:01,667 [main] INFO  impl.MetricsSystemImpl (MetricsSystemImpl.java:init(158)) - HddsDatanode metrics system started (again)
2023-07-13 06:11:01,665 [EndpointStateMachine task thread for /0.0.0.0:15002 - 0 ] INFO  volume.HddsVolume (HddsVolume.java:createDbStore(478)) - SchemaV3 db is created and loaded at /home/runner/work/ozone/ozone/hadoop-ozone/integration-test/target/test-dir/MiniOzoneClusterImpl-40c29f8c-30b3-4208-9c4d-d76d276bda5b/datanode-0/data-0/containers/hdds/40c29f8c-30b3-4208-9c4d-d76d276bda5b/DS-9f73682c-672b-4d72-a041-1ef26d140168/container.db for volume DS-9f73682c-672b-4d72-a041-1ef26d140168
2023-07-13 06:11:01,677 [Datanode State Machine Daemon Thread] INFO  statemachine.DatanodeStateMachine (DatanodeStateMachine.java:lambda$startDaemon$0(531)) - Ozone container server started.
2023-07-13 06:11:01,674 [EndpointStateMachine task thread for /0.0.0.0:15002 - 0 ] INFO  ozoneimpl.OzoneContainer (OzoneContainer.java:start(419)) - Attempting to start container services.
2023-07-13 06:11:01,687 [EndpointStateMachine task thread for /0.0.0.0:15002 - 0 ] INFO  ozoneimpl.OzoneContainer (OzoneContainer.java:startContainerScrub(327)) - Scheduled background container scanners and the on-demand container scanner have been disabled.
2023-07-13 06:11:01,697 [EndpointStateMachine task thread for /0.0.0.0:15002 - 0 ] INFO  replication.ReplicationServer (ReplicationServer.java:start(128)) - ReplicationServer is started using port 15016
2023-07-13 06:11:01,698 [EndpointStateMachine task thread for /0.0.0.0:15002 - 0 ] INFO  ratis.XceiverServerRatis (XceiverServerRatis.java:start(517)) - Starting XceiverServerRatis 82b6249a-e03c-430a-993b-f8cc239713ce
2023-07-13 06:11:01,709 [main] INFO  ozone.HddsDatanodeService (HddsDatanodeService.java:start(237)) - HddsDatanodeService host:fv-az932-602.ktyqbx4ivk1enavz3wfkrixyxe.bx.internal.cloudapp.net ip:10.1.0.28
2023-07-13 06:11:01,708 [EndpointStateMachine task thread for /0.0.0.0:15002 - 0 ] INFO  server.RaftServer (RaftServerProxy.java:startImpl(400)) - 82b6249a-e03c-430a-993b-f8cc239713ce: start RPC server
2023-07-13 06:11:01,723 [Datanode State Machine Task Thread - 0] INFO  datanode.InitDatanodeState (InitDatanodeState.java:persistContainerDatanodeDetails(138)) - DatanodeDetails is persisted to /home/runner/work/ozone/ozone/hadoop-ozone/integration-test/target/test-dir/MiniOzoneClusterImpl-40c29f8c-30b3-4208-9c4d-d76d276bda5b/datanode-5/meta/datanode.id
2023-07-13 06:11:01,721 [EndpointStateMachine task thread for /0.0.0.0:15002 - 0 ] INFO  server.GrpcService (GrpcService.java:startImpl(302)) - 82b6249a-e03c-430a-993b-f8cc239713ce: GrpcService started, listening on 15012
2023-07-13 06:11:01,728 [EndpointStateMachine task thread for /0.0.0.0:15002 - 0 ] INFO  server.GrpcService (GrpcService.java:startImpl(302)) - 82b6249a-e03c-430a-993b-f8cc239713ce: GrpcService started, listening on 15014
2023-07-13 06:11:01,730 [EndpointStateMachine task thread for /0.0.0.0:15002 - 0 ] INFO  server.GrpcService (GrpcService.java:startImpl(302)) - 82b6249a-e03c-430a-993b-f8cc239713ce: GrpcService started, listening on 15013
2023-07-13 06:11:01,731 [EndpointStateMachine task thread for /0.0.0.0:15002 - 0 ] INFO  ratis.XceiverServerRatis (XceiverServerRatis.java:getRealPort(543)) - XceiverServerRatis 82b6249a-e03c-430a-993b-f8cc239713ce is started using port 15012 for RATIS
2023-07-13 06:11:01,731 [EndpointStateMachine task thread for /0.0.0.0:15002 - 0 ] INFO  ratis.XceiverServerRatis (XceiverServerRatis.java:getRealPort(543)) - XceiverServerRatis 82b6249a-e03c-430a-993b-f8cc239713ce is started using port 15013 for RATIS_ADMIN
2023-07-13 06:11:01,731 [EndpointStateMachine task thread for /0.0.0.0:15002 - 0 ] INFO  ratis.XceiverServerRatis (XceiverServerRatis.java:getRealPort(543)) - XceiverServerRatis 82b6249a-e03c-430a-993b-f8cc239713ce is started using port 15014 for RATIS_SERVER
2023-07-13 06:11:01,731 [EndpointStateMachine task thread for /0.0.0.0:15002 - 0 ] INFO  ratis.XceiverServerRatis (XceiverServerRatis.java:getRealPort(543)) - XceiverServerRatis 82b6249a-e03c-430a-993b-f8cc239713ce is started using port 15015 for RATIS_DATASTREAM
2023-07-13 06:11:01,737 [JvmPauseMonitor2] INFO  util.JvmPauseMonitor (JvmPauseMonitor.java:run(103)) - JvmPauseMonitor-82b6249a-e03c-430a-993b-f8cc239713ce: Started
2023-07-13 06:11:01,753 [BlockDeletingService#0] INFO  interfaces.ContainerDeletionChoosingPolicyTemplate (ContainerDeletionChoosingPolicyTemplate.java:chooseContainerForBlockDeletion(83)) - Chosen 0/5000 blocks from 0 candidate containers.
2023-07-13 06:11:01,758 [main] INFO  upgrade.AbstractLayoutVersionManager (AbstractLayoutVersionManager.java:init(83)) - Initializing Layout version manager with metadata layout = HADOOP_PRC_PORTS_IN_DATANODEDETAILS (version = 7), software layout = HADOOP_PRC_PORTS_IN_DATANODEDETAILS (version = 7)
2023-07-13 06:11:01,759 [main] INFO  statemachine.DatanodeStateMachine (DatanodeStateMachine.java:getEndPointTaskThreadPoolSize(279)) - Datanode State Machine Task Thread Pool size 2
2023-07-13 06:11:01,766 [main] INFO  volume.HddsVolume (HddsVolume.java:<init>(133)) - Creating HddsVolume: /home/runner/work/ozone/ozone/hadoop-ozone/integration-test/target/test-dir/MiniOzoneClusterImpl-40c29f8c-30b3-4208-9c4d-d76d276bda5b/datanode-6/data-0/containers/hdds of storage type : DISK capacity : 9223372036854775807
2023-07-13 06:11:01,766 [main] INFO  volume.MutableVolumeSet (MutableVolumeSet.java:initializeVolumeSet(175)) - Added Volume : /home/runner/work/ozone/ozone/hadoop-ozone/integration-test/target/test-dir/MiniOzoneClusterImpl-40c29f8c-30b3-4208-9c4d-d76d276bda5b/datanode-6/data-0/containers/hdds to VolumeSet
2023-07-13 06:11:01,766 [main] INFO  volume.ThrottledAsyncChecker (ThrottledAsyncChecker.java:schedule(141)) - Scheduling a check for /home/runner/work/ozone/ozone/hadoop-ozone/integration-test/target/test-dir/MiniOzoneClusterImpl-40c29f8c-30b3-4208-9c4d-d76d276bda5b/datanode-6/data-0/containers/hdds
2023-07-13 06:11:01,769 [main] INFO  volume.StorageVolumeChecker (StorageVolumeChecker.java:checkAllVolumes(202)) - Scheduled health check for volume /home/runner/work/ozone/ozone/hadoop-ozone/integration-test/target/test-dir/MiniOzoneClusterImpl-40c29f8c-30b3-4208-9c4d-d76d276bda5b/datanode-6/data-0/containers/hdds
2023-07-13 06:11:01,773 [main] INFO  volume.MutableVolumeSet (MutableVolumeSet.java:initializeVolumeSet(175)) - Added Volume : /home/runner/work/ozone/ozone/hadoop-ozone/integration-test/target/test-dir/MiniOzoneClusterImpl-40c29f8c-30b3-4208-9c4d-d76d276bda5b/datanode-6/data/ratis to VolumeSet
2023-07-13 06:11:01,774 [main] INFO  volume.ThrottledAsyncChecker (ThrottledAsyncChecker.java:schedule(141)) - Scheduling a check for /home/runner/work/ozone/ozone/hadoop-ozone/integration-test/target/test-dir/MiniOzoneClusterImpl-40c29f8c-30b3-4208-9c4d-d76d276bda5b/datanode-6/data/ratis
2023-07-13 06:11:01,774 [main] INFO  volume.StorageVolumeChecker (StorageVolumeChecker.java:checkAllVolumes(202)) - Scheduled health check for volume /home/runner/work/ozone/ozone/hadoop-ozone/integration-test/target/test-dir/MiniOzoneClusterImpl-40c29f8c-30b3-4208-9c4d-d76d276bda5b/datanode-6/data/ratis
2023-07-13 06:11:01,778 [Thread-261] INFO  ozoneimpl.ContainerReader (ContainerReader.java:readVolume(175)) - Finish verifying containers on volume /home/runner/work/ozone/ozone/hadoop-ozone/integration-test/target/test-dir/MiniOzoneClusterImpl-40c29f8c-30b3-4208-9c4d-d76d276bda5b/datanode-6/data-0/containers/hdds
2023-07-13 06:11:01,778 [main] INFO  ozoneimpl.OzoneContainer (OzoneContainer.java:buildContainerSet(316)) - Build ContainerSet costs 0s
2023-07-13 06:11:01,783 [main] INFO  server.RaftServer (ConfUtils.java:logGet(46)) - raft.rpc.type = GRPC (default)
2023-07-13 06:11:01,783 [main] INFO  grpc.GrpcConfigKeys (ConfUtils.java:logFallback(53)) - raft.grpc.admin.host = null (fallback to raft.grpc.server.host)
2023-07-13 06:11:01,783 [main] INFO  grpc.GrpcConfigKeys (ConfUtils.java:logGet(46)) - raft.grpc.admin.port = 15067 (custom)
2023-07-13 06:11:01,784 [main] INFO  grpc.GrpcConfigKeys (ConfUtils.java:logFallback(53)) - raft.grpc.client.host = null (fallback to raft.grpc.server.host)
2023-07-13 06:11:01,784 [main] INFO  grpc.GrpcConfigKeys (ConfUtils.java:logGet(46)) - raft.grpc.client.port = 15066 (custom)
2023-07-13 06:11:01,784 [main] INFO  grpc.GrpcConfigKeys (ConfUtils.java:logGet(46)) - raft.grpc.server.host = null (default)
2023-07-13 06:11:01,784 [main] INFO  grpc.GrpcConfigKeys (ConfUtils.java:logGet(46)) - raft.grpc.server.port = 15068 (custom)
2023-07-13 06:11:01,784 [main] INFO  server.GrpcService (ConfUtils.java:logGet(46)) - raft.grpc.message.size.max = 32MB (=33554432) (custom)
2023-07-13 06:11:01,784 [main] INFO  server.RaftServerConfigKeys (ConfUtils.java:logGet(46)) - raft.server.log.appender.buffer.byte-limit = 33554432 (custom)
2023-07-13 06:11:01,784 [main] INFO  server.GrpcService (ConfUtils.java:logGet(46)) - raft.grpc.flow.control.window = 5MB (=5242880) (custom)
2023-07-13 06:11:01,784 [main] INFO  server.RaftServerConfigKeys (ConfUtils.java:logGet(46)) - raft.server.rpc.request.timeout = 60s (custom)
2023-07-13 06:11:01,785 [main] INFO  grpc.GrpcConfigKeys (ConfUtils.java:logGet(46)) - raft.grpc.server.heartbeat.channel = true (default)
2023-07-13 06:11:01,785 [main] INFO  grpc.GrpcConfigKeys (ConfUtils.java:logGet(46)) - raft.grpc.server.async.request.thread.pool.cached = true (default)
2023-07-13 06:11:01,785 [main] INFO  grpc.GrpcConfigKeys (ConfUtils.java:logGet(46)) - raft.grpc.server.async.request.thread.pool.size = 32 (default)
2023-07-13 06:11:01,787 [main] INFO  impl.DataStreamServerImpl (ConfUtils.java:logGet(46)) - raft.datastream.type = NETTY (custom)
2023-07-13 06:11:01,788 [main] INFO  server.RaftServerConfigKeys (ConfUtils.java:logGet(46)) - raft.server.data-stream.async.request.thread.pool.cached = false (default)
2023-07-13 06:11:01,788 [main] INFO  server.RaftServerConfigKeys (ConfUtils.java:logGet(46)) - raft.server.data-stream.async.request.thread.pool.size = 20 (custom)
2023-07-13 06:11:01,788 [main] INFO  server.RaftServerConfigKeys (ConfUtils.java:logGet(46)) - raft.server.data-stream.async.write.thread.pool.size = 16 (default)
2023-07-13 06:11:01,788 [main] INFO  server.RaftServerConfigKeys (ConfUtils.java:logGet(46)) - raft.server.data-stream.client.pool.size = 10 (default)
2023-07-13 06:11:01,789 [main] INFO  netty.NettyConfigKeys$DataStream (ConfUtils.java:logGet(46)) - raft.netty.dataStream.server.use-epoll = false (default)
2023-07-13 06:11:01,789 [main] INFO  netty.NettyConfigKeys$DataStream (ConfUtils.java:logGet(46)) - raft.netty.dataStream.server.boss-group.size = 0 (default)
2023-07-13 06:11:01,789 [main] INFO  netty.NettyConfigKeys$DataStream (ConfUtils.java:logGet(46)) - raft.netty.dataStream.server.worker-group.size = 0 (default)
2023-07-13 06:11:01,790 [main] INFO  netty.NettyConfigKeys$DataStream (ConfUtils.java:logGet(46)) - raft.netty.dataStream.server.tls.conf = null (default)
2023-07-13 06:11:01,790 [main] INFO  netty.NettyConfigKeys$DataStream (ConfUtils.java:logGet(46)) - raft.netty.dataStream.host = null (default)
2023-07-13 06:11:01,790 [main] INFO  netty.NettyConfigKeys$DataStream (ConfUtils.java:logGet(46)) - raft.netty.dataStream.port = 15069 (custom)
2023-07-13 06:11:01,790 [main] INFO  server.RaftServerConfigKeys (ConfUtils.java:logGet(46)) - raft.server.threadpool.proxy.cached = true (default)
2023-07-13 06:11:01,790 [main] INFO  server.RaftServerConfigKeys (ConfUtils.java:logGet(46)) - raft.server.threadpool.proxy.size = 0 (default)
2023-07-13 06:11:01,791 [main] INFO  server.RaftServerConfigKeys (ConfUtils.java:logGet(46)) - raft.server.rpc.slowness.timeout = 300s (custom)
2023-07-13 06:11:01,791 [main] INFO  server.RaftServerConfigKeys (ConfUtils.java:logGet(46)) - raft.server.leaderelection.leader.step-down.wait-time = 10s (default)
2023-07-13 06:11:01,791 [main] INFO  server.RaftServerConfigKeys (ConfUtils.java:logGet(46)) - raft.server.storage.dir = [/home/runner/work/ozone/ozone/hadoop-ozone/integration-test/target/test-dir/MiniOzoneClusterImpl-40c29f8c-30b3-4208-9c4d-d76d276bda5b/datanode-6/data/ratis] (custom)
2023-07-13 06:11:01,793 [aeec539b-574d-4d91-8fa7-d5e640bad944-NettyServerStreamRpc-bossGroup--thread1] INFO  logging.LoggingHandler (AbstractInternalLogger.java:log(148)) - [id: 0xe2f7dfab] REGISTERED
2023-07-13 06:11:01,794 [aeec539b-574d-4d91-8fa7-d5e640bad944-NettyServerStreamRpc-bossGroup--thread1] INFO  logging.LoggingHandler (AbstractInternalLogger.java:log(148)) - [id: 0xe2f7dfab] BIND: 0.0.0.0/0.0.0.0:15069
2023-07-13 06:11:01,794 [aeec539b-574d-4d91-8fa7-d5e640bad944-NettyServerStreamRpc-bossGroup--thread1] INFO  logging.LoggingHandler (AbstractInternalLogger.java:log(148)) - [id: 0xe2f7dfab, L:/0:0:0:0:0:0:0:0:15069] ACTIVE
2023-07-13 06:11:01,795 [main] INFO  server.XceiverServerGrpc (XceiverServerGrpc.java:<init>(132)) - GrpcServer channel type EpollServerSocketChannel
2023-07-13 06:11:01,798 [main] INFO  replication.ReplicationSupervisor (ReplicationSupervisor.java:nodeStateUpdated(305)) - Node state updated to IN_SERVICE, scaling executor pool size to 10
2023-07-13 06:11:01,800 [main] INFO  http.BaseHttpServer (BaseHttpServer.java:newHttpServer2BuilderForOzone(224)) - Starting Web-server for hddsDatanode at: http://0.0.0.0:15063
2023-07-13 06:11:01,800 [main] INFO  http.BaseHttpServer (BaseHttpServer.java:<init>(111)) - Hadoop Security Enabled: false Ozone Security Enabled: false Ozone HTTP Security Enabled: false 
2023-07-13 06:11:01,802 [main] WARN  server.AuthenticationFilter (AuthenticationFilter.java:constructSecretProvider(240)) - Unable to initialize FileSignerSecretProvider, falling back to use random secrets. Reason: Could not read signature secret file: /home/runner/hadoop-http-auth-signature-secret
2023-07-13 06:11:01,803 [main] INFO  http.HttpRequestLog (HttpRequestLog.java:getRequestLog(86)) - Http request log for http.requests.hddsDatanode is not defined
2023-07-13 06:11:01,805 [main] INFO  http.HttpServer2 (HttpServer2.java:addGlobalFilter(1031)) - Added global filter 'safety' (class=org.apache.hadoop.hdds.server.http.HttpServer2$QuotingInputFilter)
2023-07-13 06:11:01,806 [main] INFO  http.HttpServer2 (HttpServer2.java:addFilter(1007)) - Added filter static_user_filter (class=org.apache.hadoop.http.lib.StaticUserWebFilter$StaticUserFilter) to context hddsDatanode
2023-07-13 06:11:01,806 [main] INFO  http.HttpServer2 (HttpServer2.java:addFilter(1015)) - Added filter static_user_filter (class=org.apache.hadoop.http.lib.StaticUserWebFilter$StaticUserFilter) to context logs
2023-07-13 06:11:01,806 [main] INFO  http.HttpServer2 (HttpServer2.java:addFilter(1015)) - Added filter static_user_filter (class=org.apache.hadoop.http.lib.StaticUserWebFilter$StaticUserFilter) to context static
2023-07-13 06:11:01,808 [main] INFO  http.BaseHttpServer (BaseHttpServer.java:<init>(190)) - HTTP server of hddsDatanode uses base directory /home/runner/work/ozone/ozone/hadoop-ozone/integration-test/target/test-dir/MiniOzoneClusterImpl-40c29f8c-30b3-4208-9c4d-d76d276bda5b/datanode-6/meta/webserver
2023-07-13 06:11:01,808 [main] INFO  http.HttpServer2 (HttpServer2.java:bindListener(1250)) - Jetty bound to port 15063
2023-07-13 06:11:01,808 [main] INFO  server.Server (Server.java:doStart(375)) - jetty-9.4.51.v20230217; built: 2023-02-17T08:19:37.309Z; git: b45c405e4544384de066f814ed42ae3dceacdd49; jvm 1.8.0_372-b07
2023-07-13 06:11:01,833 [main] INFO  server.session (DefaultSessionIdManager.java:doStart(334)) - DefaultSessionIdManager workerName=node0
2023-07-13 06:11:01,833 [main] INFO  server.session (DefaultSessionIdManager.java:doStart(339)) - No SessionScavenger set, using defaults
2023-07-13 06:11:01,833 [main] INFO  server.session (HouseKeeper.java:startScavenging(132)) - node0 Scavenging every 600000ms
2023-07-13 06:11:01,837 [main] INFO  handler.ContextHandler (ContextHandler.java:doStart(921)) - Started o.e.j.s.ServletContextHandler@4d582a6c{logs,/logs,file:///home/runner/work/ozone/ozone/hadoop-ozone/integration-test/target/log,AVAILABLE}
2023-07-13 06:11:01,837 [main] INFO  handler.ContextHandler (ContextHandler.java:doStart(921)) - Started o.e.j.s.ServletContextHandler@178659ef{static,/static,jar:file:/home/runner/.m2/repository/org/apache/ozone/hdds-container-service/1.4.0-SNAPSHOT/hdds-container-service-1.4.0-SNAPSHOT.jar!/webapps/static,AVAILABLE}
2023-07-13 06:11:01,841 [EndpointStateMachine task thread for /0.0.0.0:15002 - 0 ] INFO  utils.DatanodeStoreCache (DatanodeStoreCache.java:addDB(66)) - Added db /home/runner/work/ozone/ozone/hadoop-ozone/integration-test/target/test-dir/MiniOzoneClusterImpl-40c29f8c-30b3-4208-9c4d-d76d276bda5b/datanode-1/data-0/containers/hdds/40c29f8c-30b3-4208-9c4d-d76d276bda5b/DS-3fdd31b3-64f1-48cf-91db-0f42947ae653/container.db to cache
2023-07-13 06:11:01,842 [EndpointStateMachine task thread for /0.0.0.0:15002 - 0 ] INFO  volume.HddsVolume (HddsVolume.java:createDbStore(478)) - SchemaV3 db is created and loaded at /home/runner/work/ozone/ozone/hadoop-ozone/integration-test/target/test-dir/MiniOzoneClusterImpl-40c29f8c-30b3-4208-9c4d-d76d276bda5b/datanode-1/data-0/containers/hdds/40c29f8c-30b3-4208-9c4d-d76d276bda5b/DS-3fdd31b3-64f1-48cf-91db-0f42947ae653/container.db for volume DS-3fdd31b3-64f1-48cf-91db-0f42947ae653
2023-07-13 06:11:01,843 [EndpointStateMachine task thread for /0.0.0.0:15002 - 0 ] INFO  ozoneimpl.OzoneContainer (OzoneContainer.java:start(419)) - Attempting to start container services.
2023-07-13 06:11:01,843 [EndpointStateMachine task thread for /0.0.0.0:15002 - 0 ] INFO  ozoneimpl.OzoneContainer (OzoneContainer.java:startContainerScrub(327)) - Scheduled background container scanners and the on-demand container scanner have been disabled.
2023-07-13 06:11:01,847 [EndpointStateMachine task thread for /0.0.0.0:15002 - 0 ] INFO  replication.ReplicationServer (ReplicationServer.java:start(128)) - ReplicationServer is started using port 15025
2023-07-13 06:11:01,847 [EndpointStateMachine task thread for /0.0.0.0:15002 - 0 ] INFO  ratis.XceiverServerRatis (XceiverServerRatis.java:start(517)) - Starting XceiverServerRatis 562e6811-3892-4bb8-8c1f-2833a6a2708d
2023-07-13 06:11:01,856 [EndpointStateMachine task thread for /0.0.0.0:15002 - 0 ] INFO  server.RaftServer (RaftServerProxy.java:startImpl(400)) - 562e6811-3892-4bb8-8c1f-2833a6a2708d: start RPC server
2023-07-13 06:11:01,881 [EndpointStateMachine task thread for /0.0.0.0:15002 - 0 ] INFO  server.GrpcService (GrpcService.java:startImpl(302)) - 562e6811-3892-4bb8-8c1f-2833a6a2708d: GrpcService started, listening on 15021
2023-07-13 06:11:01,885 [EndpointStateMachine task thread for /0.0.0.0:15002 - 0 ] INFO  server.GrpcService (GrpcService.java:startImpl(302)) - 562e6811-3892-4bb8-8c1f-2833a6a2708d: GrpcService started, listening on 15023
2023-07-13 06:11:01,893 [EndpointStateMachine task thread for /0.0.0.0:15002 - 0 ] INFO  server.GrpcService (GrpcService.java:startImpl(302)) - 562e6811-3892-4bb8-8c1f-2833a6a2708d: GrpcService started, listening on 15022
2023-07-13 06:11:01,900 [EndpointStateMachine task thread for /0.0.0.0:15002 - 0 ] INFO  ratis.XceiverServerRatis (XceiverServerRatis.java:getRealPort(543)) - XceiverServerRatis 562e6811-3892-4bb8-8c1f-2833a6a2708d is started using port 15021 for RATIS
2023-07-13 06:11:01,900 [JvmPauseMonitor3] INFO  util.JvmPauseMonitor (JvmPauseMonitor.java:run(103)) - JvmPauseMonitor-562e6811-3892-4bb8-8c1f-2833a6a2708d: Started
2023-07-13 06:11:01,900 [EndpointStateMachine task thread for /0.0.0.0:15002 - 0 ] INFO  ratis.XceiverServerRatis (XceiverServerRatis.java:getRealPort(543)) - XceiverServerRatis 562e6811-3892-4bb8-8c1f-2833a6a2708d is started using port 15022 for RATIS_ADMIN
2023-07-13 06:11:01,900 [EndpointStateMachine task thread for /0.0.0.0:15002 - 0 ] INFO  ratis.XceiverServerRatis (XceiverServerRatis.java:getRealPort(543)) - XceiverServerRatis 562e6811-3892-4bb8-8c1f-2833a6a2708d is started using port 15023 for RATIS_SERVER
2023-07-13 06:11:01,900 [EndpointStateMachine task thread for /0.0.0.0:15002 - 0 ] INFO  ratis.XceiverServerRatis (XceiverServerRatis.java:getRealPort(543)) - XceiverServerRatis 562e6811-3892-4bb8-8c1f-2833a6a2708d is started using port 15024 for RATIS_DATASTREAM
2023-07-13 06:11:01,916 [BlockDeletingService#0] INFO  interfaces.ContainerDeletionChoosingPolicyTemplate (ContainerDeletionChoosingPolicyTemplate.java:chooseContainerForBlockDeletion(83)) - Chosen 0/5000 blocks from 0 candidate containers.
2023-07-13 06:11:02,160 [main] INFO  handler.ContextHandler (ContextHandler.java:doStart(921)) - Started o.e.j.w.WebAppContext@6205e0d3{hddsDatanode,/,file:///home/runner/work/ozone/ozone/hadoop-ozone/integration-test/target/tmp/kms/webapp/,AVAILABLE}{jar:file:/home/runner/.m2/repository/org/apache/ozone/hdds-container-service/1.4.0-SNAPSHOT/hdds-container-service-1.4.0-SNAPSHOT.jar!/webapps/hddsDatanode}
2023-07-13 06:11:02,162 [main] INFO  server.AbstractConnector (AbstractConnector.java:doStart(333)) - Started ServerConnector@35d6eda7{HTTP/1.1, (http/1.1)}{0.0.0.0:15063}
2023-07-13 06:11:02,162 [main] INFO  server.Server (Server.java:doStart(415)) - Started @16226ms
2023-07-13 06:11:02,162 [main] WARN  impl.MetricsSystemImpl (MetricsSystemImpl.java:register(279)) - Sink prometheus already exists!
2023-07-13 06:11:02,164 [main] INFO  http.BaseHttpServer (BaseHttpServer.java:updateConnectorAddress(344)) - HTTP server of hddsDatanode listening at http://0.0.0.0:15063
2023-07-13 06:11:02,164 [main] INFO  ipc.CallQueueManager (CallQueueManager.java:<init>(90)) - Using callQueue: class java.util.concurrent.LinkedBlockingQueue, queueCapacity: 100, scheduler: class org.apache.hadoop.ipc.DefaultRpcScheduler, ipcBackoff: false.
2023-07-13 06:11:02,165 [main] INFO  ipc.Server (Server.java:<init>(1287)) - Listener at 0.0.0.0:15064
2023-07-13 06:11:02,165 [Socket Reader #1 for port 15064] INFO  ipc.Server (Server.java:run(1323)) - Starting Socket Reader #1 for port 15064
2023-07-13 06:11:02,172 [main] INFO  ozone.HddsDatanodeService (HddsDatanodeService.java:start(315)) - Datanode start with admins: [runner]
2023-07-13 06:11:02,172 [main] INFO  ozone.HddsDatanodeClientProtocolServer (HddsDatanodeClientProtocolServer.java:start(72)) - RPC server for Client /0.0.0.0:15064
2023-07-13 06:11:02,174 [IPC Server Responder] INFO  ipc.Server (Server.java:run(1562)) - IPC Server Responder: starting
2023-07-13 06:11:02,176 [IPC Server listener on 15064] INFO  ipc.Server (Server.java:run(1402)) - IPC Server listener on 15064: starting
2023-07-13 06:11:02,181 [main] WARN  impl.MetricRegistriesImpl (MetricRegistriesImpl.java:addReporterRegistration(111)) - New reporters are added after registries were created. Some metrics will be missing from the reporter. Please add reporter before adding any new registry.
2023-07-13 06:11:02,181 [main] WARN  impl.MetricRegistriesImpl (MetricRegistriesImpl.java:addReporterRegistration(111)) - New reporters are added after registries were created. Some metrics will be missing from the reporter. Please add reporter before adding any new registry.
2023-07-13 06:11:02,181 [main] INFO  impl.MetricsSystemImpl (MetricsSystemImpl.java:init(158)) - HddsDatanode metrics system started (again)
2023-07-13 06:11:02,182 [Datanode State Machine Daemon Thread] INFO  statemachine.DatanodeStateMachine (DatanodeStateMachine.java:lambda$startDaemon$0(531)) - Ozone container server started.
2023-07-13 06:11:02,192 [Datanode State Machine Task Thread - 0] INFO  datanode.InitDatanodeState (InitDatanodeState.java:persistContainerDatanodeDetails(138)) - DatanodeDetails is persisted to /home/runner/work/ozone/ozone/hadoop-ozone/integration-test/target/test-dir/MiniOzoneClusterImpl-40c29f8c-30b3-4208-9c4d-d76d276bda5b/datanode-6/meta/datanode.id
2023-07-13 06:11:02,209 [main] INFO  ozone.HddsDatanodeService (HddsDatanodeService.java:start(237)) - HddsDatanodeService host:fv-az932-602.ktyqbx4ivk1enavz3wfkrixyxe.bx.internal.cloudapp.net ip:10.1.0.28
2023-07-13 06:11:02,236 [main] INFO  upgrade.AbstractLayoutVersionManager (AbstractLayoutVersionManager.java:init(83)) - Initializing Layout version manager with metadata layout = HADOOP_PRC_PORTS_IN_DATANODEDETAILS (version = 7), software layout = HADOOP_PRC_PORTS_IN_DATANODEDETAILS (version = 7)
2023-07-13 06:11:02,240 [main] INFO  statemachine.DatanodeStateMachine (DatanodeStateMachine.java:getEndPointTaskThreadPoolSize(279)) - Datanode State Machine Task Thread Pool size 2
2023-07-13 06:11:02,244 [main] INFO  volume.HddsVolume (HddsVolume.java:<init>(133)) - Creating HddsVolume: /home/runner/work/ozone/ozone/hadoop-ozone/integration-test/target/test-dir/MiniOzoneClusterImpl-40c29f8c-30b3-4208-9c4d-d76d276bda5b/datanode-7/data-0/containers/hdds of storage type : DISK capacity : 9223372036854775807
2023-07-13 06:11:02,244 [main] INFO  volume.MutableVolumeSet (MutableVolumeSet.java:initializeVolumeSet(175)) - Added Volume : /home/runner/work/ozone/ozone/hadoop-ozone/integration-test/target/test-dir/MiniOzoneClusterImpl-40c29f8c-30b3-4208-9c4d-d76d276bda5b/datanode-7/data-0/containers/hdds to VolumeSet
2023-07-13 06:11:02,244 [main] INFO  volume.ThrottledAsyncChecker (ThrottledAsyncChecker.java:schedule(141)) - Scheduling a check for /home/runner/work/ozone/ozone/hadoop-ozone/integration-test/target/test-dir/MiniOzoneClusterImpl-40c29f8c-30b3-4208-9c4d-d76d276bda5b/datanode-7/data-0/containers/hdds
2023-07-13 06:11:02,245 [main] INFO  volume.StorageVolumeChecker (StorageVolumeChecker.java:checkAllVolumes(202)) - Scheduled health check for volume /home/runner/work/ozone/ozone/hadoop-ozone/integration-test/target/test-dir/MiniOzoneClusterImpl-40c29f8c-30b3-4208-9c4d-d76d276bda5b/datanode-7/data-0/containers/hdds
2023-07-13 06:11:02,252 [main] INFO  volume.MutableVolumeSet (MutableVolumeSet.java:initializeVolumeSet(175)) - Added Volume : /home/runner/work/ozone/ozone/hadoop-ozone/integration-test/target/test-dir/MiniOzoneClusterImpl-40c29f8c-30b3-4208-9c4d-d76d276bda5b/datanode-7/data/ratis to VolumeSet
2023-07-13 06:11:02,252 [main] INFO  volume.ThrottledAsyncChecker (ThrottledAsyncChecker.java:schedule(141)) - Scheduling a check for /home/runner/work/ozone/ozone/hadoop-ozone/integration-test/target/test-dir/MiniOzoneClusterImpl-40c29f8c-30b3-4208-9c4d-d76d276bda5b/datanode-7/data/ratis
2023-07-13 06:11:02,253 [main] INFO  volume.StorageVolumeChecker (StorageVolumeChecker.java:checkAllVolumes(202)) - Scheduled health check for volume /home/runner/work/ozone/ozone/hadoop-ozone/integration-test/target/test-dir/MiniOzoneClusterImpl-40c29f8c-30b3-4208-9c4d-d76d276bda5b/datanode-7/data/ratis
2023-07-13 06:11:02,255 [Thread-283] INFO  ozoneimpl.ContainerReader (ContainerReader.java:readVolume(175)) - Finish verifying containers on volume /home/runner/work/ozone/ozone/hadoop-ozone/integration-test/target/test-dir/MiniOzoneClusterImpl-40c29f8c-30b3-4208-9c4d-d76d276bda5b/datanode-7/data-0/containers/hdds
2023-07-13 06:11:02,255 [main] INFO  ozoneimpl.OzoneContainer (OzoneContainer.java:buildContainerSet(316)) - Build ContainerSet costs 0s
2023-07-13 06:11:02,258 [main] INFO  server.RaftServer (ConfUtils.java:logGet(46)) - raft.rpc.type = GRPC (default)
2023-07-13 06:11:02,258 [main] INFO  grpc.GrpcConfigKeys (ConfUtils.java:logFallback(53)) - raft.grpc.admin.host = null (fallback to raft.grpc.server.host)
2023-07-13 06:11:02,258 [main] INFO  grpc.GrpcConfigKeys (ConfUtils.java:logGet(46)) - raft.grpc.admin.port = 15076 (custom)
2023-07-13 06:11:02,259 [main] INFO  grpc.GrpcConfigKeys (ConfUtils.java:logFallback(53)) - raft.grpc.client.host = null (fallback to raft.grpc.server.host)
2023-07-13 06:11:02,259 [main] INFO  grpc.GrpcConfigKeys (ConfUtils.java:logGet(46)) - raft.grpc.client.port = 15075 (custom)
2023-07-13 06:11:02,259 [main] INFO  grpc.GrpcConfigKeys (ConfUtils.java:logGet(46)) - raft.grpc.server.host = null (default)
2023-07-13 06:11:02,259 [main] INFO  grpc.GrpcConfigKeys (ConfUtils.java:logGet(46)) - raft.grpc.server.port = 15077 (custom)
2023-07-13 06:11:02,259 [main] INFO  server.GrpcService (ConfUtils.java:logGet(46)) - raft.grpc.message.size.max = 32MB (=33554432) (custom)
2023-07-13 06:11:02,259 [main] INFO  server.RaftServerConfigKeys (ConfUtils.java:logGet(46)) - raft.server.log.appender.buffer.byte-limit = 33554432 (custom)
2023-07-13 06:11:02,259 [main] INFO  server.GrpcService (ConfUtils.java:logGet(46)) - raft.grpc.flow.control.window = 5MB (=5242880) (custom)
2023-07-13 06:11:02,260 [main] INFO  server.RaftServerConfigKeys (ConfUtils.java:logGet(46)) - raft.server.rpc.request.timeout = 60s (custom)
2023-07-13 06:11:02,260 [main] INFO  grpc.GrpcConfigKeys (ConfUtils.java:logGet(46)) - raft.grpc.server.heartbeat.channel = true (default)
2023-07-13 06:11:02,260 [main] INFO  grpc.GrpcConfigKeys (ConfUtils.java:logGet(46)) - raft.grpc.server.async.request.thread.pool.cached = true (default)
2023-07-13 06:11:02,260 [main] INFO  grpc.GrpcConfigKeys (ConfUtils.java:logGet(46)) - raft.grpc.server.async.request.thread.pool.size = 32 (default)
2023-07-13 06:11:02,264 [main] INFO  impl.DataStreamServerImpl (ConfUtils.java:logGet(46)) - raft.datastream.type = NETTY (custom)
2023-07-13 06:11:02,264 [main] INFO  server.RaftServerConfigKeys (ConfUtils.java:logGet(46)) - raft.server.data-stream.async.request.thread.pool.cached = false (default)
2023-07-13 06:11:02,265 [main] INFO  server.RaftServerConfigKeys (ConfUtils.java:logGet(46)) - raft.server.data-stream.async.request.thread.pool.size = 20 (custom)
2023-07-13 06:11:02,265 [main] INFO  server.RaftServerConfigKeys (ConfUtils.java:logGet(46)) - raft.server.data-stream.async.write.thread.pool.size = 16 (default)
2023-07-13 06:11:02,265 [main] INFO  server.RaftServerConfigKeys (ConfUtils.java:logGet(46)) - raft.server.data-stream.client.pool.size = 10 (default)
2023-07-13 06:11:02,265 [main] INFO  netty.NettyConfigKeys$DataStream (ConfUtils.java:logGet(46)) - raft.netty.dataStream.server.use-epoll = false (default)
2023-07-13 06:11:02,265 [main] INFO  netty.NettyConfigKeys$DataStream (ConfUtils.java:logGet(46)) - raft.netty.dataStream.server.boss-group.size = 0 (default)
2023-07-13 06:11:02,266 [main] INFO  netty.NettyConfigKeys$DataStream (ConfUtils.java:logGet(46)) - raft.netty.dataStream.server.worker-group.size = 0 (default)
2023-07-13 06:11:02,266 [main] INFO  netty.NettyConfigKeys$DataStream (ConfUtils.java:logGet(46)) - raft.netty.dataStream.server.tls.conf = null (default)
2023-07-13 06:11:02,266 [main] INFO  netty.NettyConfigKeys$DataStream (ConfUtils.java:logGet(46)) - raft.netty.dataStream.host = null (default)
2023-07-13 06:11:02,267 [main] INFO  netty.NettyConfigKeys$DataStream (ConfUtils.java:logGet(46)) - raft.netty.dataStream.port = 15078 (custom)
2023-07-13 06:11:02,267 [main] INFO  server.RaftServerConfigKeys (ConfUtils.java:logGet(46)) - raft.server.threadpool.proxy.cached = true (default)
2023-07-13 06:11:02,267 [main] INFO  server.RaftServerConfigKeys (ConfUtils.java:logGet(46)) - raft.server.threadpool.proxy.size = 0 (default)
2023-07-13 06:11:02,267 [main] INFO  server.RaftServerConfigKeys (ConfUtils.java:logGet(46)) - raft.server.rpc.slowness.timeout = 300s (custom)
2023-07-13 06:11:02,268 [main] INFO  server.RaftServerConfigKeys (ConfUtils.java:logGet(46)) - raft.server.leaderelection.leader.step-down.wait-time = 10s (default)
2023-07-13 06:11:02,268 [main] INFO  server.RaftServerConfigKeys (ConfUtils.java:logGet(46)) - raft.server.storage.dir = [/home/runner/work/ozone/ozone/hadoop-ozone/integration-test/target/test-dir/MiniOzoneClusterImpl-40c29f8c-30b3-4208-9c4d-d76d276bda5b/datanode-7/data/ratis] (custom)
2023-07-13 06:11:02,281 [main] INFO  server.XceiverServerGrpc (XceiverServerGrpc.java:<init>(132)) - GrpcServer channel type EpollServerSocketChannel
2023-07-13 06:11:02,283 [main] INFO  replication.ReplicationSupervisor (ReplicationSupervisor.java:nodeStateUpdated(305)) - Node state updated to IN_SERVICE, scaling executor pool size to 10
2023-07-13 06:11:02,292 [42c94fbf-dc57-4435-80ab-f9b7a4e6d382-NettyServerStreamRpc-bossGroup--thread1] INFO  logging.LoggingHandler (AbstractInternalLogger.java:log(148)) - [id: 0x5ff24d87] REGISTERED
2023-07-13 06:11:02,293 [42c94fbf-dc57-4435-80ab-f9b7a4e6d382-NettyServerStreamRpc-bossGroup--thread1] INFO  logging.LoggingHandler (AbstractInternalLogger.java:log(148)) - [id: 0x5ff24d87] BIND: 0.0.0.0/0.0.0.0:15078
2023-07-13 06:11:02,293 [42c94fbf-dc57-4435-80ab-f9b7a4e6d382-NettyServerStreamRpc-bossGroup--thread1] INFO  logging.LoggingHandler (AbstractInternalLogger.java:log(148)) - [id: 0x5ff24d87, L:/0:0:0:0:0:0:0:0:15078] ACTIVE
2023-07-13 06:11:02,295 [main] INFO  http.BaseHttpServer (BaseHttpServer.java:newHttpServer2BuilderForOzone(224)) - Starting Web-server for hddsDatanode at: http://0.0.0.0:15072
2023-07-13 06:11:02,295 [main] INFO  http.BaseHttpServer (BaseHttpServer.java:<init>(111)) - Hadoop Security Enabled: false Ozone Security Enabled: false Ozone HTTP Security Enabled: false 
2023-07-13 06:11:02,297 [main] WARN  server.AuthenticationFilter (AuthenticationFilter.java:constructSecretProvider(240)) - Unable to initialize FileSignerSecretProvider, falling back to use random secrets. Reason: Could not read signature secret file: /home/runner/hadoop-http-auth-signature-secret
2023-07-13 06:11:02,311 [main] INFO  http.HttpRequestLog (HttpRequestLog.java:getRequestLog(86)) - Http request log for http.requests.hddsDatanode is not defined
2023-07-13 06:11:02,312 [main] INFO  http.HttpServer2 (HttpServer2.java:addGlobalFilter(1031)) - Added global filter 'safety' (class=org.apache.hadoop.hdds.server.http.HttpServer2$QuotingInputFilter)
2023-07-13 06:11:02,313 [main] INFO  http.HttpServer2 (HttpServer2.java:addFilter(1007)) - Added filter static_user_filter (class=org.apache.hadoop.http.lib.StaticUserWebFilter$StaticUserFilter) to context hddsDatanode
2023-07-13 06:11:02,314 [main] INFO  http.HttpServer2 (HttpServer2.java:addFilter(1015)) - Added filter static_user_filter (class=org.apache.hadoop.http.lib.StaticUserWebFilter$StaticUserFilter) to context static
2023-07-13 06:11:02,314 [main] INFO  http.HttpServer2 (HttpServer2.java:addFilter(1015)) - Added filter static_user_filter (class=org.apache.hadoop.http.lib.StaticUserWebFilter$StaticUserFilter) to context logs
2023-07-13 06:11:02,315 [main] INFO  http.BaseHttpServer (BaseHttpServer.java:<init>(190)) - HTTP server of hddsDatanode uses base directory /home/runner/work/ozone/ozone/hadoop-ozone/integration-test/target/test-dir/MiniOzoneClusterImpl-40c29f8c-30b3-4208-9c4d-d76d276bda5b/datanode-7/meta/webserver
2023-07-13 06:11:02,315 [main] INFO  http.HttpServer2 (HttpServer2.java:bindListener(1250)) - Jetty bound to port 15072
2023-07-13 06:11:02,315 [main] INFO  server.Server (Server.java:doStart(375)) - jetty-9.4.51.v20230217; built: 2023-02-17T08:19:37.309Z; git: b45c405e4544384de066f814ed42ae3dceacdd49; jvm 1.8.0_372-b07
2023-07-13 06:11:02,320 [main] INFO  server.session (DefaultSessionIdManager.java:doStart(334)) - DefaultSessionIdManager workerName=node0
2023-07-13 06:11:02,320 [main] INFO  server.session (DefaultSessionIdManager.java:doStart(339)) - No SessionScavenger set, using defaults
2023-07-13 06:11:02,321 [main] INFO  server.session (HouseKeeper.java:startScavenging(132)) - node0 Scavenging every 660000ms
2023-07-13 06:11:02,324 [main] INFO  handler.ContextHandler (ContextHandler.java:doStart(921)) - Started o.e.j.s.ServletContextHandler@7ac2db4c{logs,/logs,file:///home/runner/work/ozone/ozone/hadoop-ozone/integration-test/target/log,AVAILABLE}
2023-07-13 06:11:02,325 [main] INFO  handler.ContextHandler (ContextHandler.java:doStart(921)) - Started o.e.j.s.ServletContextHandler@91becb1{static,/static,jar:file:/home/runner/.m2/repository/org/apache/ozone/hdds-container-service/1.4.0-SNAPSHOT/hdds-container-service-1.4.0-SNAPSHOT.jar!/webapps/static,AVAILABLE}
2023-07-13 06:11:02,377 [EndpointStateMachine task thread for /0.0.0.0:15002 - 0 ] INFO  utils.DatanodeStoreCache (DatanodeStoreCache.java:addDB(66)) - Added db /home/runner/work/ozone/ozone/hadoop-ozone/integration-test/target/test-dir/MiniOzoneClusterImpl-40c29f8c-30b3-4208-9c4d-d76d276bda5b/datanode-2/data-0/containers/hdds/40c29f8c-30b3-4208-9c4d-d76d276bda5b/DS-3718582c-1340-4209-a7cd-2fb987cf727f/container.db to cache
2023-07-13 06:11:02,377 [EndpointStateMachine task thread for /0.0.0.0:15002 - 0 ] INFO  volume.HddsVolume (HddsVolume.java:createDbStore(478)) - SchemaV3 db is created and loaded at /home/runner/work/ozone/ozone/hadoop-ozone/integration-test/target/test-dir/MiniOzoneClusterImpl-40c29f8c-30b3-4208-9c4d-d76d276bda5b/datanode-2/data-0/containers/hdds/40c29f8c-30b3-4208-9c4d-d76d276bda5b/DS-3718582c-1340-4209-a7cd-2fb987cf727f/container.db for volume DS-3718582c-1340-4209-a7cd-2fb987cf727f
2023-07-13 06:11:02,378 [EndpointStateMachine task thread for /0.0.0.0:15002 - 0 ] INFO  ozoneimpl.OzoneContainer (OzoneContainer.java:start(419)) - Attempting to start container services.
2023-07-13 06:11:02,378 [EndpointStateMachine task thread for /0.0.0.0:15002 - 0 ] INFO  ozoneimpl.OzoneContainer (OzoneContainer.java:startContainerScrub(327)) - Scheduled background container scanners and the on-demand container scanner have been disabled.
2023-07-13 06:11:02,382 [EndpointStateMachine task thread for /0.0.0.0:15002 - 0 ] INFO  replication.ReplicationServer (ReplicationServer.java:start(128)) - ReplicationServer is started using port 15034
2023-07-13 06:11:02,382 [EndpointStateMachine task thread for /0.0.0.0:15002 - 0 ] INFO  ratis.XceiverServerRatis (XceiverServerRatis.java:start(517)) - Starting XceiverServerRatis d320ba6c-c03b-47af-a073-41dad91ccf26
2023-07-13 06:11:02,383 [EndpointStateMachine task thread for /0.0.0.0:15002 - 0 ] INFO  server.RaftServer (RaftServerProxy.java:startImpl(400)) - d320ba6c-c03b-47af-a073-41dad91ccf26: start RPC server
2023-07-13 06:11:02,391 [EndpointStateMachine task thread for /0.0.0.0:15002 - 0 ] INFO  server.GrpcService (GrpcService.java:startImpl(302)) - d320ba6c-c03b-47af-a073-41dad91ccf26: GrpcService started, listening on 15030
2023-07-13 06:11:02,394 [EndpointStateMachine task thread for /0.0.0.0:15002 - 0 ] INFO  server.GrpcService (GrpcService.java:startImpl(302)) - d320ba6c-c03b-47af-a073-41dad91ccf26: GrpcService started, listening on 15032
2023-07-13 06:11:02,398 [EndpointStateMachine task thread for /0.0.0.0:15002 - 0 ] INFO  server.GrpcService (GrpcService.java:startImpl(302)) - d320ba6c-c03b-47af-a073-41dad91ccf26: GrpcService started, listening on 15031
2023-07-13 06:11:02,400 [EndpointStateMachine task thread for /0.0.0.0:15002 - 0 ] INFO  ratis.XceiverServerRatis (XceiverServerRatis.java:getRealPort(543)) - XceiverServerRatis d320ba6c-c03b-47af-a073-41dad91ccf26 is started using port 15030 for RATIS
2023-07-13 06:11:02,400 [EndpointStateMachine task thread for /0.0.0.0:15002 - 0 ] INFO  ratis.XceiverServerRatis (XceiverServerRatis.java:getRealPort(543)) - XceiverServerRatis d320ba6c-c03b-47af-a073-41dad91ccf26 is started using port 15031 for RATIS_ADMIN
2023-07-13 06:11:02,400 [EndpointStateMachine task thread for /0.0.0.0:15002 - 0 ] INFO  ratis.XceiverServerRatis (XceiverServerRatis.java:getRealPort(543)) - XceiverServerRatis d320ba6c-c03b-47af-a073-41dad91ccf26 is started using port 15032 for RATIS_SERVER
2023-07-13 06:11:02,400 [EndpointStateMachine task thread for /0.0.0.0:15002 - 0 ] INFO  ratis.XceiverServerRatis (XceiverServerRatis.java:getRealPort(543)) - XceiverServerRatis d320ba6c-c03b-47af-a073-41dad91ccf26 is started using port 15033 for RATIS_DATASTREAM
2023-07-13 06:11:02,401 [JvmPauseMonitor4] INFO  util.JvmPauseMonitor (JvmPauseMonitor.java:run(103)) - JvmPauseMonitor-d320ba6c-c03b-47af-a073-41dad91ccf26: Started
2023-07-13 06:11:02,415 [BlockDeletingService#0] INFO  interfaces.ContainerDeletionChoosingPolicyTemplate (ContainerDeletionChoosingPolicyTemplate.java:chooseContainerForBlockDeletion(83)) - Chosen 0/5000 blocks from 0 candidate containers.
2023-07-13 06:11:02,641 [main] INFO  handler.ContextHandler (ContextHandler.java:doStart(921)) - Started o.e.j.w.WebAppContext@34fa530f{hddsDatanode,/,file:///home/runner/work/ozone/ozone/hadoop-ozone/integration-test/target/tmp/kms/webapp/,AVAILABLE}{jar:file:/home/runner/.m2/repository/org/apache/ozone/hdds-container-service/1.4.0-SNAPSHOT/hdds-container-service-1.4.0-SNAPSHOT.jar!/webapps/hddsDatanode}
2023-07-13 06:11:02,644 [main] INFO  server.AbstractConnector (AbstractConnector.java:doStart(333)) - Started ServerConnector@6c9b69a0{HTTP/1.1, (http/1.1)}{0.0.0.0:15072}
2023-07-13 06:11:02,644 [main] INFO  server.Server (Server.java:doStart(415)) - Started @16708ms
2023-07-13 06:11:02,644 [main] WARN  impl.MetricsSystemImpl (MetricsSystemImpl.java:register(279)) - Sink prometheus already exists!
2023-07-13 06:11:02,645 [main] INFO  http.BaseHttpServer (BaseHttpServer.java:updateConnectorAddress(344)) - HTTP server of hddsDatanode listening at http://0.0.0.0:15072
2023-07-13 06:11:02,645 [main] INFO  ipc.CallQueueManager (CallQueueManager.java:<init>(90)) - Using callQueue: class java.util.concurrent.LinkedBlockingQueue, queueCapacity: 100, scheduler: class org.apache.hadoop.ipc.DefaultRpcScheduler, ipcBackoff: false.
2023-07-13 06:11:02,646 [main] INFO  ipc.Server (Server.java:<init>(1287)) - Listener at 0.0.0.0:15073
2023-07-13 06:11:02,648 [Socket Reader #1 for port 15073] INFO  ipc.Server (Server.java:run(1323)) - Starting Socket Reader #1 for port 15073
2023-07-13 06:11:02,656 [main] INFO  ozone.HddsDatanodeService (HddsDatanodeService.java:start(315)) - Datanode start with admins: [runner]
2023-07-13 06:11:02,656 [main] INFO  ozone.HddsDatanodeClientProtocolServer (HddsDatanodeClientProtocolServer.java:start(72)) - RPC server for Client /0.0.0.0:15073
2023-07-13 06:11:02,657 [IPC Server Responder] INFO  ipc.Server (Server.java:run(1562)) - IPC Server Responder: starting
2023-07-13 06:11:02,657 [IPC Server listener on 15073] INFO  ipc.Server (Server.java:run(1402)) - IPC Server listener on 15073: starting
2023-07-13 06:11:02,661 [main] WARN  impl.MetricRegistriesImpl (MetricRegistriesImpl.java:addReporterRegistration(111)) - New reporters are added after registries were created. Some metrics will be missing from the reporter. Please add reporter before adding any new registry.
2023-07-13 06:11:02,662 [main] WARN  impl.MetricRegistriesImpl (MetricRegistriesImpl.java:addReporterRegistration(111)) - New reporters are added after registries were created. Some metrics will be missing from the reporter. Please add reporter before adding any new registry.
2023-07-13 06:11:02,662 [main] INFO  impl.MetricsSystemImpl (MetricsSystemImpl.java:init(158)) - HddsDatanode metrics system started (again)
2023-07-13 06:11:02,674 [Datanode State Machine Daemon Thread] INFO  statemachine.DatanodeStateMachine (DatanodeStateMachine.java:lambda$startDaemon$0(531)) - Ozone container server started.
2023-07-13 06:11:02,685 [main] INFO  ozone.HddsDatanodeService (HddsDatanodeService.java:start(237)) - HddsDatanodeService host:fv-az932-602.ktyqbx4ivk1enavz3wfkrixyxe.bx.internal.cloudapp.net ip:10.1.0.28
2023-07-13 06:11:02,691 [Datanode State Machine Task Thread - 0] INFO  datanode.InitDatanodeState (InitDatanodeState.java:persistContainerDatanodeDetails(138)) - DatanodeDetails is persisted to /home/runner/work/ozone/ozone/hadoop-ozone/integration-test/target/test-dir/MiniOzoneClusterImpl-40c29f8c-30b3-4208-9c4d-d76d276bda5b/datanode-7/meta/datanode.id
2023-07-13 06:11:02,730 [main] INFO  upgrade.AbstractLayoutVersionManager (AbstractLayoutVersionManager.java:init(83)) - Initializing Layout version manager with metadata layout = HADOOP_PRC_PORTS_IN_DATANODEDETAILS (version = 7), software layout = HADOOP_PRC_PORTS_IN_DATANODEDETAILS (version = 7)
2023-07-13 06:11:02,731 [main] INFO  statemachine.DatanodeStateMachine (DatanodeStateMachine.java:getEndPointTaskThreadPoolSize(279)) - Datanode State Machine Task Thread Pool size 2
2023-07-13 06:11:02,737 [main] INFO  volume.HddsVolume (HddsVolume.java:<init>(133)) - Creating HddsVolume: /home/runner/work/ozone/ozone/hadoop-ozone/integration-test/target/test-dir/MiniOzoneClusterImpl-40c29f8c-30b3-4208-9c4d-d76d276bda5b/datanode-8/data-0/containers/hdds of storage type : DISK capacity : 9223372036854775807
2023-07-13 06:11:02,737 [main] INFO  volume.MutableVolumeSet (MutableVolumeSet.java:initializeVolumeSet(175)) - Added Volume : /home/runner/work/ozone/ozone/hadoop-ozone/integration-test/target/test-dir/MiniOzoneClusterImpl-40c29f8c-30b3-4208-9c4d-d76d276bda5b/datanode-8/data-0/containers/hdds to VolumeSet
2023-07-13 06:11:02,737 [main] INFO  volume.ThrottledAsyncChecker (ThrottledAsyncChecker.java:schedule(141)) - Scheduling a check for /home/runner/work/ozone/ozone/hadoop-ozone/integration-test/target/test-dir/MiniOzoneClusterImpl-40c29f8c-30b3-4208-9c4d-d76d276bda5b/datanode-8/data-0/containers/hdds
2023-07-13 06:11:02,738 [main] INFO  volume.StorageVolumeChecker (StorageVolumeChecker.java:checkAllVolumes(202)) - Scheduled health check for volume /home/runner/work/ozone/ozone/hadoop-ozone/integration-test/target/test-dir/MiniOzoneClusterImpl-40c29f8c-30b3-4208-9c4d-d76d276bda5b/datanode-8/data-0/containers/hdds
2023-07-13 06:11:02,742 [main] INFO  volume.MutableVolumeSet (MutableVolumeSet.java:initializeVolumeSet(175)) - Added Volume : /home/runner/work/ozone/ozone/hadoop-ozone/integration-test/target/test-dir/MiniOzoneClusterImpl-40c29f8c-30b3-4208-9c4d-d76d276bda5b/datanode-8/data/ratis to VolumeSet
2023-07-13 06:11:02,743 [main] INFO  volume.ThrottledAsyncChecker (ThrottledAsyncChecker.java:schedule(141)) - Scheduling a check for /home/runner/work/ozone/ozone/hadoop-ozone/integration-test/target/test-dir/MiniOzoneClusterImpl-40c29f8c-30b3-4208-9c4d-d76d276bda5b/datanode-8/data/ratis
2023-07-13 06:11:02,743 [main] INFO  volume.StorageVolumeChecker (StorageVolumeChecker.java:checkAllVolumes(202)) - Scheduled health check for volume /home/runner/work/ozone/ozone/hadoop-ozone/integration-test/target/test-dir/MiniOzoneClusterImpl-40c29f8c-30b3-4208-9c4d-d76d276bda5b/datanode-8/data/ratis
2023-07-13 06:11:02,748 [Thread-305] INFO  ozoneimpl.ContainerReader (ContainerReader.java:readVolume(175)) - Finish verifying containers on volume /home/runner/work/ozone/ozone/hadoop-ozone/integration-test/target/test-dir/MiniOzoneClusterImpl-40c29f8c-30b3-4208-9c4d-d76d276bda5b/datanode-8/data-0/containers/hdds
2023-07-13 06:11:02,748 [main] INFO  ozoneimpl.OzoneContainer (OzoneContainer.java:buildContainerSet(316)) - Build ContainerSet costs 0s
2023-07-13 06:11:02,753 [main] INFO  server.RaftServer (ConfUtils.java:logGet(46)) - raft.rpc.type = GRPC (default)
2023-07-13 06:11:02,753 [main] INFO  grpc.GrpcConfigKeys (ConfUtils.java:logFallback(53)) - raft.grpc.admin.host = null (fallback to raft.grpc.server.host)
2023-07-13 06:11:02,754 [main] INFO  grpc.GrpcConfigKeys (ConfUtils.java:logGet(46)) - raft.grpc.admin.port = 15085 (custom)
2023-07-13 06:11:02,754 [main] INFO  grpc.GrpcConfigKeys (ConfUtils.java:logFallback(53)) - raft.grpc.client.host = null (fallback to raft.grpc.server.host)
2023-07-13 06:11:02,754 [main] INFO  grpc.GrpcConfigKeys (ConfUtils.java:logGet(46)) - raft.grpc.client.port = 15084 (custom)
2023-07-13 06:11:02,754 [main] INFO  grpc.GrpcConfigKeys (ConfUtils.java:logGet(46)) - raft.grpc.server.host = null (default)
2023-07-13 06:11:02,754 [main] INFO  grpc.GrpcConfigKeys (ConfUtils.java:logGet(46)) - raft.grpc.server.port = 15086 (custom)
2023-07-13 06:11:02,755 [main] INFO  server.GrpcService (ConfUtils.java:logGet(46)) - raft.grpc.message.size.max = 32MB (=33554432) (custom)
2023-07-13 06:11:02,755 [main] INFO  server.RaftServerConfigKeys (ConfUtils.java:logGet(46)) - raft.server.log.appender.buffer.byte-limit = 33554432 (custom)
2023-07-13 06:11:02,755 [main] INFO  server.GrpcService (ConfUtils.java:logGet(46)) - raft.grpc.flow.control.window = 5MB (=5242880) (custom)
2023-07-13 06:11:02,755 [main] INFO  server.RaftServerConfigKeys (ConfUtils.java:logGet(46)) - raft.server.rpc.request.timeout = 60s (custom)
2023-07-13 06:11:02,755 [main] INFO  grpc.GrpcConfigKeys (ConfUtils.java:logGet(46)) - raft.grpc.server.heartbeat.channel = true (default)
2023-07-13 06:11:02,755 [main] INFO  grpc.GrpcConfigKeys (ConfUtils.java:logGet(46)) - raft.grpc.server.async.request.thread.pool.cached = true (default)
2023-07-13 06:11:02,756 [main] INFO  grpc.GrpcConfigKeys (ConfUtils.java:logGet(46)) - raft.grpc.server.async.request.thread.pool.size = 32 (default)
2023-07-13 06:11:02,794 [EndpointStateMachine task thread for /0.0.0.0:15002 - 0 ] INFO  utils.DatanodeStoreCache (DatanodeStoreCache.java:addDB(66)) - Added db /home/runner/work/ozone/ozone/hadoop-ozone/integration-test/target/test-dir/MiniOzoneClusterImpl-40c29f8c-30b3-4208-9c4d-d76d276bda5b/datanode-3/data-0/containers/hdds/40c29f8c-30b3-4208-9c4d-d76d276bda5b/DS-29a15f9a-e5b4-4cf4-936b-6e0a40f0e170/container.db to cache
2023-07-13 06:11:02,794 [EndpointStateMachine task thread for /0.0.0.0:15002 - 0 ] INFO  volume.HddsVolume (HddsVolume.java:createDbStore(478)) - SchemaV3 db is created and loaded at /home/runner/work/ozone/ozone/hadoop-ozone/integration-test/target/test-dir/MiniOzoneClusterImpl-40c29f8c-30b3-4208-9c4d-d76d276bda5b/datanode-3/data-0/containers/hdds/40c29f8c-30b3-4208-9c4d-d76d276bda5b/DS-29a15f9a-e5b4-4cf4-936b-6e0a40f0e170/container.db for volume DS-29a15f9a-e5b4-4cf4-936b-6e0a40f0e170
2023-07-13 06:11:02,796 [main] INFO  impl.DataStreamServerImpl (ConfUtils.java:logGet(46)) - raft.datastream.type = NETTY (custom)
2023-07-13 06:11:02,796 [EndpointStateMachine task thread for /0.0.0.0:15002 - 0 ] INFO  ozoneimpl.OzoneContainer (OzoneContainer.java:start(419)) - Attempting to start container services.
2023-07-13 06:11:02,796 [EndpointStateMachine task thread for /0.0.0.0:15002 - 0 ] INFO  ozoneimpl.OzoneContainer (OzoneContainer.java:startContainerScrub(327)) - Scheduled background container scanners and the on-demand container scanner have been disabled.
2023-07-13 06:11:02,797 [main] INFO  server.RaftServerConfigKeys (ConfUtils.java:logGet(46)) - raft.server.data-stream.async.request.thread.pool.cached = false (default)
2023-07-13 06:11:02,797 [main] INFO  server.RaftServerConfigKeys (ConfUtils.java:logGet(46)) - raft.server.data-stream.async.request.thread.pool.size = 20 (custom)
2023-07-13 06:11:02,797 [main] INFO  server.RaftServerConfigKeys (ConfUtils.java:logGet(46)) - raft.server.data-stream.async.write.thread.pool.size = 16 (default)
2023-07-13 06:11:02,797 [main] INFO  server.RaftServerConfigKeys (ConfUtils.java:logGet(46)) - raft.server.data-stream.client.pool.size = 10 (default)
2023-07-13 06:11:02,797 [main] INFO  netty.NettyConfigKeys$DataStream (ConfUtils.java:logGet(46)) - raft.netty.dataStream.server.use-epoll = false (default)
2023-07-13 06:11:02,798 [main] INFO  netty.NettyConfigKeys$DataStream (ConfUtils.java:logGet(46)) - raft.netty.dataStream.server.boss-group.size = 0 (default)
2023-07-13 06:11:02,798 [main] INFO  netty.NettyConfigKeys$DataStream (ConfUtils.java:logGet(46)) - raft.netty.dataStream.server.worker-group.size = 0 (default)
2023-07-13 06:11:02,798 [main] INFO  netty.NettyConfigKeys$DataStream (ConfUtils.java:logGet(46)) - raft.netty.dataStream.server.tls.conf = null (default)
2023-07-13 06:11:02,799 [main] INFO  netty.NettyConfigKeys$DataStream (ConfUtils.java:logGet(46)) - raft.netty.dataStream.host = null (default)
2023-07-13 06:11:02,799 [main] INFO  netty.NettyConfigKeys$DataStream (ConfUtils.java:logGet(46)) - raft.netty.dataStream.port = 15087 (custom)
2023-07-13 06:11:02,805 [main] INFO  server.RaftServerConfigKeys (ConfUtils.java:logGet(46)) - raft.server.threadpool.proxy.cached = true (default)
2023-07-13 06:11:02,805 [main] INFO  server.RaftServerConfigKeys (ConfUtils.java:logGet(46)) - raft.server.threadpool.proxy.size = 0 (default)
2023-07-13 06:11:02,805 [main] INFO  server.RaftServerConfigKeys (ConfUtils.java:logGet(46)) - raft.server.rpc.slowness.timeout = 300s (custom)
2023-07-13 06:11:02,805 [main] INFO  server.RaftServerConfigKeys (ConfUtils.java:logGet(46)) - raft.server.leaderelection.leader.step-down.wait-time = 10s (default)
2023-07-13 06:11:02,806 [main] INFO  server.RaftServerConfigKeys (ConfUtils.java:logGet(46)) - raft.server.storage.dir = [/home/runner/work/ozone/ozone/hadoop-ozone/integration-test/target/test-dir/MiniOzoneClusterImpl-40c29f8c-30b3-4208-9c4d-d76d276bda5b/datanode-8/data/ratis] (custom)
2023-07-13 06:11:02,815 [d12304a5-d481-4f9e-9203-502383e83214-NettyServerStreamRpc-bossGroup--thread1] INFO  logging.LoggingHandler (AbstractInternalLogger.java:log(148)) - [id: 0xb06332af] REGISTERED
2023-07-13 06:11:02,815 [d12304a5-d481-4f9e-9203-502383e83214-NettyServerStreamRpc-bossGroup--thread1] INFO  logging.LoggingHandler (AbstractInternalLogger.java:log(148)) - [id: 0xb06332af] BIND: 0.0.0.0/0.0.0.0:15087
2023-07-13 06:11:02,816 [d12304a5-d481-4f9e-9203-502383e83214-NettyServerStreamRpc-bossGroup--thread1] INFO  logging.LoggingHandler (AbstractInternalLogger.java:log(148)) - [id: 0xb06332af, L:/0:0:0:0:0:0:0:0:15087] ACTIVE
2023-07-13 06:11:02,817 [main] INFO  server.XceiverServerGrpc (XceiverServerGrpc.java:<init>(132)) - GrpcServer channel type EpollServerSocketChannel
2023-07-13 06:11:02,817 [EndpointStateMachine task thread for /0.0.0.0:15002 - 0 ] INFO  replication.ReplicationServer (ReplicationServer.java:start(128)) - ReplicationServer is started using port 15043
2023-07-13 06:11:02,818 [EndpointStateMachine task thread for /0.0.0.0:15002 - 0 ] INFO  ratis.XceiverServerRatis (XceiverServerRatis.java:start(517)) - Starting XceiverServerRatis eb0edd12-afad-4318-b446-71865e03089a
2023-07-13 06:11:02,820 [main] INFO  replication.ReplicationSupervisor (ReplicationSupervisor.java:nodeStateUpdated(305)) - Node state updated to IN_SERVICE, scaling executor pool size to 10
2023-07-13 06:11:02,822 [EndpointStateMachine task thread for /0.0.0.0:15002 - 0 ] INFO  server.RaftServer (RaftServerProxy.java:startImpl(400)) - eb0edd12-afad-4318-b446-71865e03089a: start RPC server
2023-07-13 06:11:02,843 [main] INFO  http.BaseHttpServer (BaseHttpServer.java:newHttpServer2BuilderForOzone(224)) - Starting Web-server for hddsDatanode at: http://0.0.0.0:15081
2023-07-13 06:11:02,844 [main] INFO  http.BaseHttpServer (BaseHttpServer.java:<init>(111)) - Hadoop Security Enabled: false Ozone Security Enabled: false Ozone HTTP Security Enabled: false 
2023-07-13 06:11:02,846 [main] WARN  server.AuthenticationFilter (AuthenticationFilter.java:constructSecretProvider(240)) - Unable to initialize FileSignerSecretProvider, falling back to use random secrets. Reason: Could not read signature secret file: /home/runner/hadoop-http-auth-signature-secret
2023-07-13 06:11:02,854 [EndpointStateMachine task thread for /0.0.0.0:15002 - 0 ] INFO  server.GrpcService (GrpcService.java:startImpl(302)) - eb0edd12-afad-4318-b446-71865e03089a: GrpcService started, listening on 15039
2023-07-13 06:11:02,856 [main] INFO  http.HttpRequestLog (HttpRequestLog.java:getRequestLog(86)) - Http request log for http.requests.hddsDatanode is not defined
2023-07-13 06:11:02,857 [EndpointStateMachine task thread for /0.0.0.0:15002 - 0 ] INFO  server.GrpcService (GrpcService.java:startImpl(302)) - eb0edd12-afad-4318-b446-71865e03089a: GrpcService started, listening on 15041
2023-07-13 06:11:02,862 [main] INFO  http.HttpServer2 (HttpServer2.java:addGlobalFilter(1031)) - Added global filter 'safety' (class=org.apache.hadoop.hdds.server.http.HttpServer2$QuotingInputFilter)
2023-07-13 06:11:02,864 [EndpointStateMachine task thread for /0.0.0.0:15002 - 0 ] INFO  server.GrpcService (GrpcService.java:startImpl(302)) - eb0edd12-afad-4318-b446-71865e03089a: GrpcService started, listening on 15040
2023-07-13 06:11:02,865 [EndpointStateMachine task thread for /0.0.0.0:15002 - 0 ] INFO  ratis.XceiverServerRatis (XceiverServerRatis.java:getRealPort(543)) - XceiverServerRatis eb0edd12-afad-4318-b446-71865e03089a is started using port 15039 for RATIS
2023-07-13 06:11:02,865 [JvmPauseMonitor5] INFO  util.JvmPauseMonitor (JvmPauseMonitor.java:run(103)) - JvmPauseMonitor-eb0edd12-afad-4318-b446-71865e03089a: Started
2023-07-13 06:11:02,865 [EndpointStateMachine task thread for /0.0.0.0:15002 - 0 ] INFO  ratis.XceiverServerRatis (XceiverServerRatis.java:getRealPort(543)) - XceiverServerRatis eb0edd12-afad-4318-b446-71865e03089a is started using port 15040 for RATIS_ADMIN
2023-07-13 06:11:02,865 [EndpointStateMachine task thread for /0.0.0.0:15002 - 0 ] INFO  ratis.XceiverServerRatis (XceiverServerRatis.java:getRealPort(543)) - XceiverServerRatis eb0edd12-afad-4318-b446-71865e03089a is started using port 15041 for RATIS_SERVER
2023-07-13 06:11:02,865 [EndpointStateMachine task thread for /0.0.0.0:15002 - 0 ] INFO  ratis.XceiverServerRatis (XceiverServerRatis.java:getRealPort(543)) - XceiverServerRatis eb0edd12-afad-4318-b446-71865e03089a is started using port 15042 for RATIS_DATASTREAM
2023-07-13 06:11:02,865 [main] INFO  http.HttpServer2 (HttpServer2.java:addFilter(1007)) - Added filter static_user_filter (class=org.apache.hadoop.http.lib.StaticUserWebFilter$StaticUserFilter) to context hddsDatanode
2023-07-13 06:11:02,866 [main] INFO  http.HttpServer2 (HttpServer2.java:addFilter(1015)) - Added filter static_user_filter (class=org.apache.hadoop.http.lib.StaticUserWebFilter$StaticUserFilter) to context static
2023-07-13 06:11:02,866 [main] INFO  http.HttpServer2 (HttpServer2.java:addFilter(1015)) - Added filter static_user_filter (class=org.apache.hadoop.http.lib.StaticUserWebFilter$StaticUserFilter) to context logs
2023-07-13 06:11:02,870 [main] INFO  http.BaseHttpServer (BaseHttpServer.java:<init>(190)) - HTTP server of hddsDatanode uses base directory /home/runner/work/ozone/ozone/hadoop-ozone/integration-test/target/test-dir/MiniOzoneClusterImpl-40c29f8c-30b3-4208-9c4d-d76d276bda5b/datanode-8/meta/webserver
2023-07-13 06:11:02,871 [main] INFO  http.HttpServer2 (HttpServer2.java:bindListener(1250)) - Jetty bound to port 15081
2023-07-13 06:11:02,871 [main] INFO  server.Server (Server.java:doStart(375)) - jetty-9.4.51.v20230217; built: 2023-02-17T08:19:37.309Z; git: b45c405e4544384de066f814ed42ae3dceacdd49; jvm 1.8.0_372-b07
2023-07-13 06:11:02,879 [BlockDeletingService#0] INFO  interfaces.ContainerDeletionChoosingPolicyTemplate (ContainerDeletionChoosingPolicyTemplate.java:chooseContainerForBlockDeletion(83)) - Chosen 0/5000 blocks from 0 candidate containers.
2023-07-13 06:11:02,880 [main] INFO  server.session (DefaultSessionIdManager.java:doStart(334)) - DefaultSessionIdManager workerName=node0
2023-07-13 06:11:02,881 [main] INFO  server.session (DefaultSessionIdManager.java:doStart(339)) - No SessionScavenger set, using defaults
2023-07-13 06:11:02,881 [main] INFO  server.session (HouseKeeper.java:startScavenging(132)) - node0 Scavenging every 600000ms
2023-07-13 06:11:02,882 [main] INFO  handler.ContextHandler (ContextHandler.java:doStart(921)) - Started o.e.j.s.ServletContextHandler@79f98ace{logs,/logs,file:///home/runner/work/ozone/ozone/hadoop-ozone/integration-test/target/log,AVAILABLE}
2023-07-13 06:11:02,883 [main] INFO  handler.ContextHandler (ContextHandler.java:doStart(921)) - Started o.e.j.s.ServletContextHandler@51d13ed{static,/static,jar:file:/home/runner/.m2/repository/org/apache/ozone/hdds-container-service/1.4.0-SNAPSHOT/hdds-container-service-1.4.0-SNAPSHOT.jar!/webapps/static,AVAILABLE}
2023-07-13 06:11:03,162 [main] INFO  handler.ContextHandler (ContextHandler.java:doStart(921)) - Started o.e.j.w.WebAppContext@271ab510{hddsDatanode,/,file:///home/runner/work/ozone/ozone/hadoop-ozone/integration-test/target/tmp/kms/webapp/,AVAILABLE}{jar:file:/home/runner/.m2/repository/org/apache/ozone/hdds-container-service/1.4.0-SNAPSHOT/hdds-container-service-1.4.0-SNAPSHOT.jar!/webapps/hddsDatanode}
2023-07-13 06:11:03,164 [main] INFO  server.AbstractConnector (AbstractConnector.java:doStart(333)) - Started ServerConnector@139866a7{HTTP/1.1, (http/1.1)}{0.0.0.0:15081}
2023-07-13 06:11:03,164 [main] INFO  server.Server (Server.java:doStart(415)) - Started @17228ms
2023-07-13 06:11:03,164 [main] WARN  impl.MetricsSystemImpl (MetricsSystemImpl.java:register(279)) - Sink prometheus already exists!
2023-07-13 06:11:03,165 [main] INFO  http.BaseHttpServer (BaseHttpServer.java:updateConnectorAddress(344)) - HTTP server of hddsDatanode listening at http://0.0.0.0:15081
2023-07-13 06:11:03,166 [main] INFO  ipc.CallQueueManager (CallQueueManager.java:<init>(90)) - Using callQueue: class java.util.concurrent.LinkedBlockingQueue, queueCapacity: 100, scheduler: class org.apache.hadoop.ipc.DefaultRpcScheduler, ipcBackoff: false.
2023-07-13 06:11:03,166 [main] INFO  ipc.Server (Server.java:<init>(1287)) - Listener at 0.0.0.0:15082
2023-07-13 06:11:03,167 [Socket Reader #1 for port 15082] INFO  ipc.Server (Server.java:run(1323)) - Starting Socket Reader #1 for port 15082
2023-07-13 06:11:03,174 [main] INFO  ozone.HddsDatanodeService (HddsDatanodeService.java:start(315)) - Datanode start with admins: [runner]
2023-07-13 06:11:03,174 [main] INFO  ozone.HddsDatanodeClientProtocolServer (HddsDatanodeClientProtocolServer.java:start(72)) - RPC server for Client /0.0.0.0:15082
2023-07-13 06:11:03,176 [IPC Server Responder] INFO  ipc.Server (Server.java:run(1562)) - IPC Server Responder: starting
2023-07-13 06:11:03,176 [IPC Server listener on 15082] INFO  ipc.Server (Server.java:run(1402)) - IPC Server listener on 15082: starting
2023-07-13 06:11:03,179 [Datanode State Machine Daemon Thread] INFO  statemachine.DatanodeStateMachine (DatanodeStateMachine.java:lambda$startDaemon$0(531)) - Ozone container server started.
2023-07-13 06:11:03,179 [main] WARN  impl.MetricRegistriesImpl (MetricRegistriesImpl.java:addReporterRegistration(111)) - New reporters are added after registries were created. Some metrics will be missing from the reporter. Please add reporter before adding any new registry.
2023-07-13 06:11:03,180 [main] WARN  impl.MetricRegistriesImpl (MetricRegistriesImpl.java:addReporterRegistration(111)) - New reporters are added after registries were created. Some metrics will be missing from the reporter. Please add reporter before adding any new registry.
2023-07-13 06:11:03,181 [main] INFO  impl.MetricsSystemImpl (MetricsSystemImpl.java:init(158)) - HddsDatanode metrics system started (again)
2023-07-13 06:11:03,181 [EndpointStateMachine task thread for /0.0.0.0:15002 - 0 ] INFO  utils.DatanodeStoreCache (DatanodeStoreCache.java:addDB(66)) - Added db /home/runner/work/ozone/ozone/hadoop-ozone/integration-test/target/test-dir/MiniOzoneClusterImpl-40c29f8c-30b3-4208-9c4d-d76d276bda5b/datanode-4/data-0/containers/hdds/40c29f8c-30b3-4208-9c4d-d76d276bda5b/DS-b97ab3a6-ec2e-47fb-a3c4-9eeecb81e5e6/container.db to cache
2023-07-13 06:11:03,181 [EndpointStateMachine task thread for /0.0.0.0:15002 - 0 ] INFO  volume.HddsVolume (HddsVolume.java:createDbStore(478)) - SchemaV3 db is created and loaded at /home/runner/work/ozone/ozone/hadoop-ozone/integration-test/target/test-dir/MiniOzoneClusterImpl-40c29f8c-30b3-4208-9c4d-d76d276bda5b/datanode-4/data-0/containers/hdds/40c29f8c-30b3-4208-9c4d-d76d276bda5b/DS-b97ab3a6-ec2e-47fb-a3c4-9eeecb81e5e6/container.db for volume DS-b97ab3a6-ec2e-47fb-a3c4-9eeecb81e5e6
2023-07-13 06:11:03,182 [EndpointStateMachine task thread for /0.0.0.0:15002 - 0 ] INFO  ozoneimpl.OzoneContainer (OzoneContainer.java:start(419)) - Attempting to start container services.
2023-07-13 06:11:03,182 [EndpointStateMachine task thread for /0.0.0.0:15002 - 0 ] INFO  ozoneimpl.OzoneContainer (OzoneContainer.java:startContainerScrub(327)) - Scheduled background container scanners and the on-demand container scanner have been disabled.
2023-07-13 06:11:03,188 [EndpointStateMachine task thread for /0.0.0.0:15002 - 0 ] INFO  replication.ReplicationServer (ReplicationServer.java:start(128)) - ReplicationServer is started using port 15052
2023-07-13 06:11:03,188 [EndpointStateMachine task thread for /0.0.0.0:15002 - 0 ] INFO  ratis.XceiverServerRatis (XceiverServerRatis.java:start(517)) - Starting XceiverServerRatis 4d503614-acf7-4d3e-bd56-c00356288aee
2023-07-13 06:11:03,204 [EndpointStateMachine task thread for /0.0.0.0:15002 - 0 ] INFO  server.RaftServer (RaftServerProxy.java:startImpl(400)) - 4d503614-acf7-4d3e-bd56-c00356288aee: start RPC server
2023-07-13 06:11:03,217 [EndpointStateMachine task thread for /0.0.0.0:15002 - 0 ] INFO  server.GrpcService (GrpcService.java:startImpl(302)) - 4d503614-acf7-4d3e-bd56-c00356288aee: GrpcService started, listening on 15048
2023-07-13 06:11:03,219 [EndpointStateMachine task thread for /0.0.0.0:15002 - 0 ] INFO  server.GrpcService (GrpcService.java:startImpl(302)) - 4d503614-acf7-4d3e-bd56-c00356288aee: GrpcService started, listening on 15050
2023-07-13 06:11:03,220 [EndpointStateMachine task thread for /0.0.0.0:15002 - 0 ] INFO  server.GrpcService (GrpcService.java:startImpl(302)) - 4d503614-acf7-4d3e-bd56-c00356288aee: GrpcService started, listening on 15049
2023-07-13 06:11:03,221 [EndpointStateMachine task thread for /0.0.0.0:15002 - 0 ] INFO  ratis.XceiverServerRatis (XceiverServerRatis.java:getRealPort(543)) - XceiverServerRatis 4d503614-acf7-4d3e-bd56-c00356288aee is started using port 15048 for RATIS
2023-07-13 06:11:03,221 [EndpointStateMachine task thread for /0.0.0.0:15002 - 0 ] INFO  ratis.XceiverServerRatis (XceiverServerRatis.java:getRealPort(543)) - XceiverServerRatis 4d503614-acf7-4d3e-bd56-c00356288aee is started using port 15049 for RATIS_ADMIN
2023-07-13 06:11:03,221 [EndpointStateMachine task thread for /0.0.0.0:15002 - 0 ] INFO  ratis.XceiverServerRatis (XceiverServerRatis.java:getRealPort(543)) - XceiverServerRatis 4d503614-acf7-4d3e-bd56-c00356288aee is started using port 15050 for RATIS_SERVER
2023-07-13 06:11:03,221 [EndpointStateMachine task thread for /0.0.0.0:15002 - 0 ] INFO  ratis.XceiverServerRatis (XceiverServerRatis.java:getRealPort(543)) - XceiverServerRatis 4d503614-acf7-4d3e-bd56-c00356288aee is started using port 15051 for RATIS_DATASTREAM
2023-07-13 06:11:03,221 [JvmPauseMonitor6] INFO  util.JvmPauseMonitor (JvmPauseMonitor.java:run(103)) - JvmPauseMonitor-4d503614-acf7-4d3e-bd56-c00356288aee: Started
2023-07-13 06:11:03,235 [main] INFO  ozone.HddsDatanodeService (HddsDatanodeService.java:start(237)) - HddsDatanodeService host:fv-az932-602.ktyqbx4ivk1enavz3wfkrixyxe.bx.internal.cloudapp.net ip:10.1.0.28
2023-07-13 06:11:03,242 [BlockDeletingService#0] INFO  interfaces.ContainerDeletionChoosingPolicyTemplate (ContainerDeletionChoosingPolicyTemplate.java:chooseContainerForBlockDeletion(83)) - Chosen 0/5000 blocks from 0 candidate containers.
2023-07-13 06:11:03,242 [Datanode State Machine Task Thread - 0] INFO  datanode.InitDatanodeState (InitDatanodeState.java:persistContainerDatanodeDetails(138)) - DatanodeDetails is persisted to /home/runner/work/ozone/ozone/hadoop-ozone/integration-test/target/test-dir/MiniOzoneClusterImpl-40c29f8c-30b3-4208-9c4d-d76d276bda5b/datanode-8/meta/datanode.id
2023-07-13 06:11:03,289 [main] INFO  upgrade.AbstractLayoutVersionManager (AbstractLayoutVersionManager.java:init(83)) - Initializing Layout version manager with metadata layout = HADOOP_PRC_PORTS_IN_DATANODEDETAILS (version = 7), software layout = HADOOP_PRC_PORTS_IN_DATANODEDETAILS (version = 7)
2023-07-13 06:11:03,293 [main] INFO  statemachine.DatanodeStateMachine (DatanodeStateMachine.java:getEndPointTaskThreadPoolSize(279)) - Datanode State Machine Task Thread Pool size 2
2023-07-13 06:11:03,302 [main] INFO  volume.HddsVolume (HddsVolume.java:<init>(133)) - Creating HddsVolume: /home/runner/work/ozone/ozone/hadoop-ozone/integration-test/target/test-dir/MiniOzoneClusterImpl-40c29f8c-30b3-4208-9c4d-d76d276bda5b/datanode-9/data-0/containers/hdds of storage type : DISK capacity : 9223372036854775807
2023-07-13 06:11:03,302 [main] INFO  volume.MutableVolumeSet (MutableVolumeSet.java:initializeVolumeSet(175)) - Added Volume : /home/runner/work/ozone/ozone/hadoop-ozone/integration-test/target/test-dir/MiniOzoneClusterImpl-40c29f8c-30b3-4208-9c4d-d76d276bda5b/datanode-9/data-0/containers/hdds to VolumeSet
2023-07-13 06:11:03,302 [main] INFO  volume.ThrottledAsyncChecker (ThrottledAsyncChecker.java:schedule(141)) - Scheduling a check for /home/runner/work/ozone/ozone/hadoop-ozone/integration-test/target/test-dir/MiniOzoneClusterImpl-40c29f8c-30b3-4208-9c4d-d76d276bda5b/datanode-9/data-0/containers/hdds
2023-07-13 06:11:03,308 [main] INFO  volume.StorageVolumeChecker (StorageVolumeChecker.java:checkAllVolumes(202)) - Scheduled health check for volume /home/runner/work/ozone/ozone/hadoop-ozone/integration-test/target/test-dir/MiniOzoneClusterImpl-40c29f8c-30b3-4208-9c4d-d76d276bda5b/datanode-9/data-0/containers/hdds
2023-07-13 06:11:03,315 [main] INFO  volume.MutableVolumeSet (MutableVolumeSet.java:initializeVolumeSet(175)) - Added Volume : /home/runner/work/ozone/ozone/hadoop-ozone/integration-test/target/test-dir/MiniOzoneClusterImpl-40c29f8c-30b3-4208-9c4d-d76d276bda5b/datanode-9/data/ratis to VolumeSet
2023-07-13 06:11:03,315 [main] INFO  volume.ThrottledAsyncChecker (ThrottledAsyncChecker.java:schedule(141)) - Scheduling a check for /home/runner/work/ozone/ozone/hadoop-ozone/integration-test/target/test-dir/MiniOzoneClusterImpl-40c29f8c-30b3-4208-9c4d-d76d276bda5b/datanode-9/data/ratis
2023-07-13 06:11:03,315 [main] INFO  volume.StorageVolumeChecker (StorageVolumeChecker.java:checkAllVolumes(202)) - Scheduled health check for volume /home/runner/work/ozone/ozone/hadoop-ozone/integration-test/target/test-dir/MiniOzoneClusterImpl-40c29f8c-30b3-4208-9c4d-d76d276bda5b/datanode-9/data/ratis
2023-07-13 06:11:03,316 [IPC Server handler 19 on default port 15002] INFO  net.NetworkTopologyImpl (NetworkTopologyImpl.java:add(112)) - Added a new node: /default-rack/82b6249a-e03c-430a-993b-f8cc239713ce
2023-07-13 06:11:03,322 [IPC Server handler 19 on default port 15002] INFO  node.SCMNodeManager (SCMNodeManager.java:register(405)) - Registered Data node : 82b6249a-e03c-430a-993b-f8cc239713ce{ip: 10.1.0.28, host: fv-az932-602.ktyqbx4ivk1enavz3wfkrixyxe.bx.internal.cloudapp.net, ports: [HTTP=15009, CLIENT_RPC=15010, REPLICATION=15016, RATIS=15012, RATIS_ADMIN=15013, RATIS_SERVER=15014, RATIS_DATASTREAM=15015, STANDALONE=15011], networkLocation: /default-rack, certSerialId: null, persistedOpState: null, persistedOpStateExpiryEpochSec: 0}
2023-07-13 06:11:03,325 [Thread-332] INFO  ozoneimpl.ContainerReader (ContainerReader.java:readVolume(175)) - Finish verifying containers on volume /home/runner/work/ozone/ozone/hadoop-ozone/integration-test/target/test-dir/MiniOzoneClusterImpl-40c29f8c-30b3-4208-9c4d-d76d276bda5b/datanode-9/data-0/containers/hdds
2023-07-13 06:11:03,325 [main] INFO  ozoneimpl.OzoneContainer (OzoneContainer.java:buildContainerSet(316)) - Build ContainerSet costs 0s
2023-07-13 06:11:03,339 [main] INFO  server.RaftServer (ConfUtils.java:logGet(46)) - raft.rpc.type = GRPC (default)
2023-07-13 06:11:03,339 [main] INFO  grpc.GrpcConfigKeys (ConfUtils.java:logFallback(53)) - raft.grpc.admin.host = null (fallback to raft.grpc.server.host)
2023-07-13 06:11:03,339 [main] INFO  grpc.GrpcConfigKeys (ConfUtils.java:logGet(46)) - raft.grpc.admin.port = 15094 (custom)
2023-07-13 06:11:03,341 [main] INFO  grpc.GrpcConfigKeys (ConfUtils.java:logFallback(53)) - raft.grpc.client.host = null (fallback to raft.grpc.server.host)
2023-07-13 06:11:03,342 [main] INFO  grpc.GrpcConfigKeys (ConfUtils.java:logGet(46)) - raft.grpc.client.port = 15093 (custom)
2023-07-13 06:11:03,342 [main] INFO  grpc.GrpcConfigKeys (ConfUtils.java:logGet(46)) - raft.grpc.server.host = null (default)
2023-07-13 06:11:03,342 [main] INFO  grpc.GrpcConfigKeys (ConfUtils.java:logGet(46)) - raft.grpc.server.port = 15095 (custom)
2023-07-13 06:11:03,342 [main] INFO  server.GrpcService (ConfUtils.java:logGet(46)) - raft.grpc.message.size.max = 32MB (=33554432) (custom)
2023-07-13 06:11:03,342 [main] INFO  server.RaftServerConfigKeys (ConfUtils.java:logGet(46)) - raft.server.log.appender.buffer.byte-limit = 33554432 (custom)
2023-07-13 06:11:03,342 [main] INFO  server.GrpcService (ConfUtils.java:logGet(46)) - raft.grpc.flow.control.window = 5MB (=5242880) (custom)
2023-07-13 06:11:03,342 [main] INFO  server.RaftServerConfigKeys (ConfUtils.java:logGet(46)) - raft.server.rpc.request.timeout = 60s (custom)
2023-07-13 06:11:03,343 [main] INFO  grpc.GrpcConfigKeys (ConfUtils.java:logGet(46)) - raft.grpc.server.heartbeat.channel = true (default)
2023-07-13 06:11:03,343 [main] INFO  grpc.GrpcConfigKeys (ConfUtils.java:logGet(46)) - raft.grpc.server.async.request.thread.pool.cached = true (default)
2023-07-13 06:11:03,343 [main] INFO  grpc.GrpcConfigKeys (ConfUtils.java:logGet(46)) - raft.grpc.server.async.request.thread.pool.size = 32 (default)
2023-07-13 06:11:03,346 [EventQueue-NodeRegistrationContainerReportForContainerSafeModeRule] INFO  safemode.SCMSafeModeManager (SCMSafeModeManager.java:validateSafeModeExitRules(200)) - ContainerSafeModeRule rule is successfully validated
2023-07-13 06:11:03,350 [main] INFO  impl.DataStreamServerImpl (ConfUtils.java:logGet(46)) - raft.datastream.type = NETTY (custom)
2023-07-13 06:11:03,351 [main] INFO  server.RaftServerConfigKeys (ConfUtils.java:logGet(46)) - raft.server.data-stream.async.request.thread.pool.cached = false (default)
2023-07-13 06:11:03,351 [main] INFO  server.RaftServerConfigKeys (ConfUtils.java:logGet(46)) - raft.server.data-stream.async.request.thread.pool.size = 20 (custom)
2023-07-13 06:11:03,351 [main] INFO  server.RaftServerConfigKeys (ConfUtils.java:logGet(46)) - raft.server.data-stream.async.write.thread.pool.size = 16 (default)
2023-07-13 06:11:03,351 [main] INFO  server.RaftServerConfigKeys (ConfUtils.java:logGet(46)) - raft.server.data-stream.client.pool.size = 10 (default)
2023-07-13 06:11:03,351 [main] INFO  netty.NettyConfigKeys$DataStream (ConfUtils.java:logGet(46)) - raft.netty.dataStream.server.use-epoll = false (default)
2023-07-13 06:11:03,351 [main] INFO  netty.NettyConfigKeys$DataStream (ConfUtils.java:logGet(46)) - raft.netty.dataStream.server.boss-group.size = 0 (default)
2023-07-13 06:11:03,365 [EventQueue-PipelineReportForOneReplicaPipelineSafeModeRule] INFO  safemode.SCMSafeModeManager (SCMSafeModeManager.java:validateSafeModeExitRules(200)) - AtleastOneDatanodeReportedRule rule is successfully validated
2023-07-13 06:11:03,346 [EventQueue-NodeRegistrationContainerReportForDataNodeSafeModeRule] INFO  safemode.SCMSafeModeManager (DataNodeSafeModeRule.java:process(71)) - SCM in safe mode. 1 DataNodes registered, 3 required.
2023-07-13 06:11:03,368 [EventQueue-NewNodeForNewNodeHandler] INFO  pipeline.BackgroundPipelineCreator (BackgroundPipelineCreator.java:notifyEventTriggered(277)) - trigger a one-shot run on RatisPipelineUtilsThread.
2023-07-13 06:11:03,380 [main] INFO  netty.NettyConfigKeys$DataStream (ConfUtils.java:logGet(46)) - raft.netty.dataStream.server.worker-group.size = 0 (default)
2023-07-13 06:11:03,381 [main] INFO  netty.NettyConfigKeys$DataStream (ConfUtils.java:logGet(46)) - raft.netty.dataStream.server.tls.conf = null (default)
2023-07-13 06:11:03,381 [main] INFO  netty.NettyConfigKeys$DataStream (ConfUtils.java:logGet(46)) - raft.netty.dataStream.host = null (default)
2023-07-13 06:11:03,381 [main] INFO  netty.NettyConfigKeys$DataStream (ConfUtils.java:logGet(46)) - raft.netty.dataStream.port = 15096 (custom)
2023-07-13 06:11:03,384 [main] INFO  server.RaftServerConfigKeys (ConfUtils.java:logGet(46)) - raft.server.threadpool.proxy.cached = true (default)
2023-07-13 06:11:03,384 [main] INFO  server.RaftServerConfigKeys (ConfUtils.java:logGet(46)) - raft.server.threadpool.proxy.size = 0 (default)
2023-07-13 06:11:03,385 [main] INFO  server.RaftServerConfigKeys (ConfUtils.java:logGet(46)) - raft.server.rpc.slowness.timeout = 300s (custom)
2023-07-13 06:11:03,385 [main] INFO  server.RaftServerConfigKeys (ConfUtils.java:logGet(46)) - raft.server.leaderelection.leader.step-down.wait-time = 10s (default)
2023-07-13 06:11:03,385 [main] INFO  server.RaftServerConfigKeys (ConfUtils.java:logGet(46)) - raft.server.storage.dir = [/home/runner/work/ozone/ozone/hadoop-ozone/integration-test/target/test-dir/MiniOzoneClusterImpl-40c29f8c-30b3-4208-9c4d-d76d276bda5b/datanode-9/data/ratis] (custom)
2023-07-13 06:11:03,387 [main] INFO  server.XceiverServerGrpc (XceiverServerGrpc.java:<init>(132)) - GrpcServer channel type EpollServerSocketChannel
2023-07-13 06:11:03,393 [RatisPipelineUtilsThread - 0] INFO  pipeline.RatisPipelineProvider (RatisPipelineProvider.java:lambda$create$0(206)) - Sending CreatePipelineCommand for pipeline:PipelineID=3efc7990-7ef1-4430-a5c4-d27e6049bee6 to datanode:82b6249a-e03c-430a-993b-f8cc239713ce
2023-07-13 06:11:03,397 [a7e23495-4fba-47f2-ab25-3c088ebfd5ba-NettyServerStreamRpc-bossGroup--thread1] INFO  logging.LoggingHandler (AbstractInternalLogger.java:log(148)) - [id: 0x5d446133] REGISTERED
2023-07-13 06:11:03,397 [a7e23495-4fba-47f2-ab25-3c088ebfd5ba-NettyServerStreamRpc-bossGroup--thread1] INFO  logging.LoggingHandler (AbstractInternalLogger.java:log(148)) - [id: 0x5d446133] BIND: 0.0.0.0/0.0.0.0:15096
2023-07-13 06:11:03,397 [a7e23495-4fba-47f2-ab25-3c088ebfd5ba-NettyServerStreamRpc-bossGroup--thread1] INFO  logging.LoggingHandler (AbstractInternalLogger.java:log(148)) - [id: 0x5d446133, L:/0:0:0:0:0:0:0:0:15096] ACTIVE
2023-07-13 06:11:03,399 [main] INFO  replication.ReplicationSupervisor (ReplicationSupervisor.java:nodeStateUpdated(305)) - Node state updated to IN_SERVICE, scaling executor pool size to 10
2023-07-13 06:11:03,403 [main] INFO  http.BaseHttpServer (BaseHttpServer.java:newHttpServer2BuilderForOzone(224)) - Starting Web-server for hddsDatanode at: http://0.0.0.0:15090
2023-07-13 06:11:03,404 [main] INFO  http.BaseHttpServer (BaseHttpServer.java:<init>(111)) - Hadoop Security Enabled: false Ozone Security Enabled: false Ozone HTTP Security Enabled: false 
2023-07-13 06:11:03,405 [main] WARN  server.AuthenticationFilter (AuthenticationFilter.java:constructSecretProvider(240)) - Unable to initialize FileSignerSecretProvider, falling back to use random secrets. Reason: Could not read signature secret file: /home/runner/hadoop-http-auth-signature-secret
2023-07-13 06:11:03,406 [main] INFO  http.HttpRequestLog (HttpRequestLog.java:getRequestLog(86)) - Http request log for http.requests.hddsDatanode is not defined
2023-07-13 06:11:03,409 [main] INFO  http.HttpServer2 (HttpServer2.java:addGlobalFilter(1031)) - Added global filter 'safety' (class=org.apache.hadoop.hdds.server.http.HttpServer2$QuotingInputFilter)
2023-07-13 06:11:03,410 [main] INFO  http.HttpServer2 (HttpServer2.java:addFilter(1007)) - Added filter static_user_filter (class=org.apache.hadoop.http.lib.StaticUserWebFilter$StaticUserFilter) to context hddsDatanode
2023-07-13 06:11:03,410 [main] INFO  http.HttpServer2 (HttpServer2.java:addFilter(1015)) - Added filter static_user_filter (class=org.apache.hadoop.http.lib.StaticUserWebFilter$StaticUserFilter) to context logs
2023-07-13 06:11:03,410 [main] INFO  http.HttpServer2 (HttpServer2.java:addFilter(1015)) - Added filter static_user_filter (class=org.apache.hadoop.http.lib.StaticUserWebFilter$StaticUserFilter) to context static
2023-07-13 06:11:03,411 [main] INFO  http.BaseHttpServer (BaseHttpServer.java:<init>(190)) - HTTP server of hddsDatanode uses base directory /home/runner/work/ozone/ozone/hadoop-ozone/integration-test/target/test-dir/MiniOzoneClusterImpl-40c29f8c-30b3-4208-9c4d-d76d276bda5b/datanode-9/meta/webserver
2023-07-13 06:11:03,412 [main] INFO  http.HttpServer2 (HttpServer2.java:bindListener(1250)) - Jetty bound to port 15090
2023-07-13 06:11:03,412 [main] INFO  server.Server (Server.java:doStart(375)) - jetty-9.4.51.v20230217; built: 2023-02-17T08:19:37.309Z; git: b45c405e4544384de066f814ed42ae3dceacdd49; jvm 1.8.0_372-b07
2023-07-13 06:11:03,421 [main] INFO  server.session (DefaultSessionIdManager.java:doStart(334)) - DefaultSessionIdManager workerName=node0
2023-07-13 06:11:03,421 [main] INFO  server.session (DefaultSessionIdManager.java:doStart(339)) - No SessionScavenger set, using defaults
2023-07-13 06:11:03,421 [main] INFO  server.session (HouseKeeper.java:startScavenging(132)) - node0 Scavenging every 600000ms
2023-07-13 06:11:03,423 [main] INFO  handler.ContextHandler (ContextHandler.java:doStart(921)) - Started o.e.j.s.ServletContextHandler@630f95fc{logs,/logs,file:///home/runner/work/ozone/ozone/hadoop-ozone/integration-test/target/log,AVAILABLE}
2023-07-13 06:11:03,423 [main] INFO  handler.ContextHandler (ContextHandler.java:doStart(921)) - Started o.e.j.s.ServletContextHandler@7e8137e8{static,/static,jar:file:/home/runner/.m2/repository/org/apache/ozone/hdds-container-service/1.4.0-SNAPSHOT/hdds-container-service-1.4.0-SNAPSHOT.jar!/webapps/static,AVAILABLE}
2023-07-13 06:11:03,427 [RatisPipelineUtilsThread - 0] INFO  pipeline.BackgroundPipelineCreator (BackgroundPipelineCreator.java:createPipelines(233)) - Created new pipeline Pipeline[ Id: 3efc7990-7ef1-4430-a5c4-d27e6049bee6, Nodes: 82b6249a-e03c-430a-993b-f8cc239713ce(fv-az932-602.ktyqbx4ivk1enavz3wfkrixyxe.bx.internal.cloudapp.net/10.1.0.28), ReplicationConfig: RATIS/ONE, State:ALLOCATED, leaderId:, CreationTimestamp2023-07-13T06:11:03.391Z[Etc/UTC]]
2023-07-13 06:11:03,656 [main] INFO  handler.ContextHandler (ContextHandler.java:doStart(921)) - Started o.e.j.w.WebAppContext@30f97281{hddsDatanode,/,file:///home/runner/work/ozone/ozone/hadoop-ozone/integration-test/target/tmp/kms/webapp/,AVAILABLE}{jar:file:/home/runner/.m2/repository/org/apache/ozone/hdds-container-service/1.4.0-SNAPSHOT/hdds-container-service-1.4.0-SNAPSHOT.jar!/webapps/hddsDatanode}
2023-07-13 06:11:03,659 [main] INFO  server.AbstractConnector (AbstractConnector.java:doStart(333)) - Started ServerConnector@7e33f1f9{HTTP/1.1, (http/1.1)}{0.0.0.0:15090}
2023-07-13 06:11:03,659 [main] INFO  server.Server (Server.java:doStart(415)) - Started @17723ms
2023-07-13 06:11:03,659 [main] WARN  impl.MetricsSystemImpl (MetricsSystemImpl.java:register(279)) - Sink prometheus already exists!
2023-07-13 06:11:03,660 [main] INFO  http.BaseHttpServer (BaseHttpServer.java:updateConnectorAddress(344)) - HTTP server of hddsDatanode listening at http://0.0.0.0:15090
2023-07-13 06:11:03,660 [main] INFO  ipc.CallQueueManager (CallQueueManager.java:<init>(90)) - Using callQueue: class java.util.concurrent.LinkedBlockingQueue, queueCapacity: 100, scheduler: class org.apache.hadoop.ipc.DefaultRpcScheduler, ipcBackoff: false.
2023-07-13 06:11:03,661 [main] INFO  ipc.Server (Server.java:<init>(1287)) - Listener at 0.0.0.0:15091
2023-07-13 06:11:03,663 [Socket Reader #1 for port 15091] INFO  ipc.Server (Server.java:run(1323)) - Starting Socket Reader #1 for port 15091
2023-07-13 06:11:03,663 [main] INFO  ozone.HddsDatanodeService (HddsDatanodeService.java:start(315)) - Datanode start with admins: [runner]
2023-07-13 06:11:03,663 [main] INFO  ozone.HddsDatanodeClientProtocolServer (HddsDatanodeClientProtocolServer.java:start(72)) - RPC server for Client /0.0.0.0:15091
2023-07-13 06:11:03,664 [IPC Server Responder] INFO  ipc.Server (Server.java:run(1562)) - IPC Server Responder: starting
2023-07-13 06:11:03,664 [IPC Server listener on 15091] INFO  ipc.Server (Server.java:run(1402)) - IPC Server listener on 15091: starting
2023-07-13 06:11:03,669 [Datanode State Machine Daemon Thread] INFO  statemachine.DatanodeStateMachine (DatanodeStateMachine.java:lambda$startDaemon$0(531)) - Ozone container server started.
2023-07-13 06:11:03,669 [main] INFO  om.OzoneManager (OzoneManager.java:startSecretManager(1087)) - Starting secret key client.
2023-07-13 06:11:03,669 [main] INFO  om.OzoneManager (OzoneManager.java:startSecretManager(1098)) - Starting OM delegation token secret manager
2023-07-13 06:11:03,669 [main] INFO  security.OzoneDelegationTokenSecretManager (OzoneSecretManager.java:updateCurrentKey(175)) - Updating current master key for generating tokens. Cert id 3414285716944
2023-07-13 06:11:03,681 [main] INFO  ozone.MiniOzoneClusterImpl (MiniOzoneClusterImpl.java:lambda$waitForClusterToBeReady$0(224)) - Waiting for nodes to be ready. Got 1 of 10 DN Heartbeats.
2023-07-13 06:11:03,681 [main] INFO  ozone.MiniOzoneClusterImpl (MiniOzoneClusterImpl.java:lambda$waitForClusterToBeReady$0(227)) - Waiting for cluster to exit safe mode
2023-07-13 06:11:03,681 [main] INFO  ozone.MiniOzoneClusterImpl (MiniOzoneClusterImpl.java:lambda$waitForClusterToBeReady$0(229)) - SCM became leader
2023-07-13 06:11:03,683 [Thread[Thread-354,5,main]] INFO  security.OzoneDelegationTokenSecretManager (OzoneDelegationTokenSecretManager.java:run(636)) - Starting expired delegation token remover thread, tokenRemoverScanInterval=60 min(s)
2023-07-13 06:11:03,690 [Datanode State Machine Task Thread - 0] INFO  datanode.InitDatanodeState (InitDatanodeState.java:persistContainerDatanodeDetails(138)) - DatanodeDetails is persisted to /home/runner/work/ozone/ozone/hadoop-ozone/integration-test/target/test-dir/MiniOzoneClusterImpl-40c29f8c-30b3-4208-9c4d-d76d276bda5b/datanode-9/meta/datanode.id
2023-07-13 06:11:03,736 [EndpointStateMachine task thread for /0.0.0.0:15002 - 0 ] INFO  utils.DatanodeStoreCache (DatanodeStoreCache.java:addDB(66)) - Added db /home/runner/work/ozone/ozone/hadoop-ozone/integration-test/target/test-dir/MiniOzoneClusterImpl-40c29f8c-30b3-4208-9c4d-d76d276bda5b/datanode-5/data-0/containers/hdds/40c29f8c-30b3-4208-9c4d-d76d276bda5b/DS-cb71afbd-9a17-4947-b37c-f55bc0914d9f/container.db to cache
2023-07-13 06:11:03,736 [EndpointStateMachine task thread for /0.0.0.0:15002 - 0 ] INFO  volume.HddsVolume (HddsVolume.java:createDbStore(478)) - SchemaV3 db is created and loaded at /home/runner/work/ozone/ozone/hadoop-ozone/integration-test/target/test-dir/MiniOzoneClusterImpl-40c29f8c-30b3-4208-9c4d-d76d276bda5b/datanode-5/data-0/containers/hdds/40c29f8c-30b3-4208-9c4d-d76d276bda5b/DS-cb71afbd-9a17-4947-b37c-f55bc0914d9f/container.db for volume DS-cb71afbd-9a17-4947-b37c-f55bc0914d9f
2023-07-13 06:11:03,737 [EndpointStateMachine task thread for /0.0.0.0:15002 - 0 ] INFO  ozoneimpl.OzoneContainer (OzoneContainer.java:start(419)) - Attempting to start container services.
2023-07-13 06:11:03,737 [EndpointStateMachine task thread for /0.0.0.0:15002 - 0 ] INFO  ozoneimpl.OzoneContainer (OzoneContainer.java:startContainerScrub(327)) - Scheduled background container scanners and the on-demand container scanner have been disabled.
2023-07-13 06:11:03,738 [EndpointStateMachine task thread for /0.0.0.0:15002 - 0 ] INFO  replication.ReplicationServer (ReplicationServer.java:start(128)) - ReplicationServer is started using port 15061
2023-07-13 06:11:03,738 [EndpointStateMachine task thread for /0.0.0.0:15002 - 0 ] INFO  ratis.XceiverServerRatis (XceiverServerRatis.java:start(517)) - Starting XceiverServerRatis 892099fe-78a6-4491-a754-7c56149f1c99
2023-07-13 06:11:03,739 [EndpointStateMachine task thread for /0.0.0.0:15002 - 0 ] INFO  server.RaftServer (RaftServerProxy.java:startImpl(400)) - 892099fe-78a6-4491-a754-7c56149f1c99: start RPC server
2023-07-13 06:11:03,741 [EndpointStateMachine task thread for /0.0.0.0:15002 - 0 ] INFO  server.GrpcService (GrpcService.java:startImpl(302)) - 892099fe-78a6-4491-a754-7c56149f1c99: GrpcService started, listening on 15057
2023-07-13 06:11:03,742 [EndpointStateMachine task thread for /0.0.0.0:15002 - 0 ] INFO  server.GrpcService (GrpcService.java:startImpl(302)) - 892099fe-78a6-4491-a754-7c56149f1c99: GrpcService started, listening on 15059
2023-07-13 06:11:03,743 [EndpointStateMachine task thread for /0.0.0.0:15002 - 0 ] INFO  server.GrpcService (GrpcService.java:startImpl(302)) - 892099fe-78a6-4491-a754-7c56149f1c99: GrpcService started, listening on 15058
2023-07-13 06:11:03,744 [EndpointStateMachine task thread for /0.0.0.0:15002 - 0 ] INFO  ratis.XceiverServerRatis (XceiverServerRatis.java:getRealPort(543)) - XceiverServerRatis 892099fe-78a6-4491-a754-7c56149f1c99 is started using port 15057 for RATIS
2023-07-13 06:11:03,744 [EndpointStateMachine task thread for /0.0.0.0:15002 - 0 ] INFO  ratis.XceiverServerRatis (XceiverServerRatis.java:getRealPort(543)) - XceiverServerRatis 892099fe-78a6-4491-a754-7c56149f1c99 is started using port 15058 for RATIS_ADMIN
2023-07-13 06:11:03,744 [JvmPauseMonitor7] INFO  util.JvmPauseMonitor (JvmPauseMonitor.java:run(103)) - JvmPauseMonitor-892099fe-78a6-4491-a754-7c56149f1c99: Started
2023-07-13 06:11:03,744 [EndpointStateMachine task thread for /0.0.0.0:15002 - 0 ] INFO  ratis.XceiverServerRatis (XceiverServerRatis.java:getRealPort(543)) - XceiverServerRatis 892099fe-78a6-4491-a754-7c56149f1c99 is started using port 15059 for RATIS_SERVER
2023-07-13 06:11:03,744 [EndpointStateMachine task thread for /0.0.0.0:15002 - 0 ] INFO  ratis.XceiverServerRatis (XceiverServerRatis.java:getRealPort(543)) - XceiverServerRatis 892099fe-78a6-4491-a754-7c56149f1c99 is started using port 15060 for RATIS_DATASTREAM
2023-07-13 06:11:03,753 [BlockDeletingService#0] INFO  interfaces.ContainerDeletionChoosingPolicyTemplate (ContainerDeletionChoosingPolicyTemplate.java:chooseContainerForBlockDeletion(83)) - Chosen 0/5000 blocks from 0 candidate containers.
2023-07-13 06:11:03,778 [IPC Server handler 17 on default port 15002] INFO  net.NetworkTopologyImpl (NetworkTopologyImpl.java:add(112)) - Added a new node: /default-rack/562e6811-3892-4bb8-8c1f-2833a6a2708d
2023-07-13 06:11:03,779 [IPC Server handler 17 on default port 15002] INFO  node.SCMNodeManager (SCMNodeManager.java:register(405)) - Registered Data node : 562e6811-3892-4bb8-8c1f-2833a6a2708d{ip: 10.1.0.28, host: fv-az932-602.ktyqbx4ivk1enavz3wfkrixyxe.bx.internal.cloudapp.net, ports: [HTTP=15018, CLIENT_RPC=15019, REPLICATION=15025, RATIS=15021, RATIS_ADMIN=15022, RATIS_SERVER=15023, RATIS_DATASTREAM=15024, STANDALONE=15020], networkLocation: /default-rack, certSerialId: null, persistedOpState: null, persistedOpStateExpiryEpochSec: 0}
2023-07-13 06:11:03,781 [EventQueue-NodeRegistrationContainerReportForDataNodeSafeModeRule] INFO  safemode.SCMSafeModeManager (DataNodeSafeModeRule.java:process(71)) - SCM in safe mode. 2 DataNodes registered, 3 required.
2023-07-13 06:11:03,781 [EventQueue-NewNodeForNewNodeHandler] INFO  pipeline.BackgroundPipelineCreator (BackgroundPipelineCreator.java:notifyEventTriggered(277)) - trigger a one-shot run on RatisPipelineUtilsThread.
2023-07-13 06:11:03,784 [RatisPipelineUtilsThread - 0] INFO  pipeline.RatisPipelineProvider (RatisPipelineProvider.java:lambda$create$0(206)) - Sending CreatePipelineCommand for pipeline:PipelineID=13df0dde-cee7-4b36-b8f9-31fa444a9b28 to datanode:562e6811-3892-4bb8-8c1f-2833a6a2708d
2023-07-13 06:11:03,785 [RatisPipelineUtilsThread - 0] INFO  pipeline.BackgroundPipelineCreator (BackgroundPipelineCreator.java:createPipelines(233)) - Created new pipeline Pipeline[ Id: 13df0dde-cee7-4b36-b8f9-31fa444a9b28, Nodes: 562e6811-3892-4bb8-8c1f-2833a6a2708d(fv-az932-602.ktyqbx4ivk1enavz3wfkrixyxe.bx.internal.cloudapp.net/10.1.0.28), ReplicationConfig: RATIS/ONE, State:ALLOCATED, leaderId:, CreationTimestamp2023-07-13T06:11:03.783Z[Etc/UTC]]
2023-07-13 06:11:04,232 [EndpointStateMachine task thread for /0.0.0.0:15002 - 0 ] INFO  utils.DatanodeStoreCache (DatanodeStoreCache.java:addDB(66)) - Added db /home/runner/work/ozone/ozone/hadoop-ozone/integration-test/target/test-dir/MiniOzoneClusterImpl-40c29f8c-30b3-4208-9c4d-d76d276bda5b/datanode-6/data-0/containers/hdds/40c29f8c-30b3-4208-9c4d-d76d276bda5b/DS-a0c1fdc3-5237-4458-a601-8f161b816c24/container.db to cache
2023-07-13 06:11:04,232 [EndpointStateMachine task thread for /0.0.0.0:15002 - 0 ] INFO  volume.HddsVolume (HddsVolume.java:createDbStore(478)) - SchemaV3 db is created and loaded at /home/runner/work/ozone/ozone/hadoop-ozone/integration-test/target/test-dir/MiniOzoneClusterImpl-40c29f8c-30b3-4208-9c4d-d76d276bda5b/datanode-6/data-0/containers/hdds/40c29f8c-30b3-4208-9c4d-d76d276bda5b/DS-a0c1fdc3-5237-4458-a601-8f161b816c24/container.db for volume DS-a0c1fdc3-5237-4458-a601-8f161b816c24
2023-07-13 06:11:04,233 [EndpointStateMachine task thread for /0.0.0.0:15002 - 0 ] INFO  ozoneimpl.OzoneContainer (OzoneContainer.java:start(419)) - Attempting to start container services.
2023-07-13 06:11:04,233 [EndpointStateMachine task thread for /0.0.0.0:15002 - 0 ] INFO  ozoneimpl.OzoneContainer (OzoneContainer.java:startContainerScrub(327)) - Scheduled background container scanners and the on-demand container scanner have been disabled.
2023-07-13 06:11:04,235 [EndpointStateMachine task thread for /0.0.0.0:15002 - 0 ] INFO  replication.ReplicationServer (ReplicationServer.java:start(128)) - ReplicationServer is started using port 15070
2023-07-13 06:11:04,235 [EndpointStateMachine task thread for /0.0.0.0:15002 - 0 ] INFO  ratis.XceiverServerRatis (XceiverServerRatis.java:start(517)) - Starting XceiverServerRatis aeec539b-574d-4d91-8fa7-d5e640bad944
2023-07-13 06:11:04,237 [EndpointStateMachine task thread for /0.0.0.0:15002 - 0 ] INFO  server.RaftServer (RaftServerProxy.java:startImpl(400)) - aeec539b-574d-4d91-8fa7-d5e640bad944: start RPC server
2023-07-13 06:11:04,239 [EndpointStateMachine task thread for /0.0.0.0:15002 - 0 ] INFO  server.GrpcService (GrpcService.java:startImpl(302)) - aeec539b-574d-4d91-8fa7-d5e640bad944: GrpcService started, listening on 15066
2023-07-13 06:11:04,242 [EndpointStateMachine task thread for /0.0.0.0:15002 - 0 ] INFO  server.GrpcService (GrpcService.java:startImpl(302)) - aeec539b-574d-4d91-8fa7-d5e640bad944: GrpcService started, listening on 15068
2023-07-13 06:11:04,243 [EndpointStateMachine task thread for /0.0.0.0:15002 - 0 ] INFO  server.GrpcService (GrpcService.java:startImpl(302)) - aeec539b-574d-4d91-8fa7-d5e640bad944: GrpcService started, listening on 15067
2023-07-13 06:11:04,243 [EndpointStateMachine task thread for /0.0.0.0:15002 - 0 ] INFO  ratis.XceiverServerRatis (XceiverServerRatis.java:getRealPort(543)) - XceiverServerRatis aeec539b-574d-4d91-8fa7-d5e640bad944 is started using port 15066 for RATIS
2023-07-13 06:11:04,243 [EndpointStateMachine task thread for /0.0.0.0:15002 - 0 ] INFO  ratis.XceiverServerRatis (XceiverServerRatis.java:getRealPort(543)) - XceiverServerRatis aeec539b-574d-4d91-8fa7-d5e640bad944 is started using port 15067 for RATIS_ADMIN
2023-07-13 06:11:04,243 [EndpointStateMachine task thread for /0.0.0.0:15002 - 0 ] INFO  ratis.XceiverServerRatis (XceiverServerRatis.java:getRealPort(543)) - XceiverServerRatis aeec539b-574d-4d91-8fa7-d5e640bad944 is started using port 15068 for RATIS_SERVER
2023-07-13 06:11:04,243 [EndpointStateMachine task thread for /0.0.0.0:15002 - 0 ] INFO  ratis.XceiverServerRatis (XceiverServerRatis.java:getRealPort(543)) - XceiverServerRatis aeec539b-574d-4d91-8fa7-d5e640bad944 is started using port 15069 for RATIS_DATASTREAM
2023-07-13 06:11:04,244 [JvmPauseMonitor8] INFO  util.JvmPauseMonitor (JvmPauseMonitor.java:run(103)) - JvmPauseMonitor-aeec539b-574d-4d91-8fa7-d5e640bad944: Started
2023-07-13 06:11:04,258 [BlockDeletingService#0] INFO  interfaces.ContainerDeletionChoosingPolicyTemplate (ContainerDeletionChoosingPolicyTemplate.java:chooseContainerForBlockDeletion(83)) - Chosen 0/5000 blocks from 0 candidate containers.
2023-07-13 06:11:04,281 [IPC Server handler 19 on default port 15002] INFO  net.NetworkTopologyImpl (NetworkTopologyImpl.java:add(112)) - Added a new node: /default-rack/d320ba6c-c03b-47af-a073-41dad91ccf26
2023-07-13 06:11:04,281 [IPC Server handler 19 on default port 15002] INFO  node.SCMNodeManager (SCMNodeManager.java:register(405)) - Registered Data node : d320ba6c-c03b-47af-a073-41dad91ccf26{ip: 10.1.0.28, host: fv-az932-602.ktyqbx4ivk1enavz3wfkrixyxe.bx.internal.cloudapp.net, ports: [HTTP=15027, CLIENT_RPC=15028, REPLICATION=15034, RATIS=15030, RATIS_ADMIN=15031, RATIS_SERVER=15032, RATIS_DATASTREAM=15033, STANDALONE=15029], networkLocation: /default-rack, certSerialId: null, persistedOpState: null, persistedOpStateExpiryEpochSec: 0}
2023-07-13 06:11:04,282 [EventQueue-NewNodeForNewNodeHandler] INFO  pipeline.BackgroundPipelineCreator (BackgroundPipelineCreator.java:notifyEventTriggered(277)) - trigger a one-shot run on RatisPipelineUtilsThread.
2023-07-13 06:11:04,283 [RatisPipelineUtilsThread - 0] INFO  pipeline.RatisPipelineProvider (RatisPipelineProvider.java:lambda$create$0(206)) - Sending CreatePipelineCommand for pipeline:PipelineID=9afc47fa-bb5a-4396-88ff-e8f993469f13 to datanode:d320ba6c-c03b-47af-a073-41dad91ccf26
2023-07-13 06:11:04,283 [EventQueue-NodeRegistrationContainerReportForDataNodeSafeModeRule] INFO  safemode.SCMSafeModeManager (DataNodeSafeModeRule.java:process(71)) - SCM in safe mode. 3 DataNodes registered, 3 required.
2023-07-13 06:11:04,284 [EventQueue-NodeRegistrationContainerReportForDataNodeSafeModeRule] INFO  safemode.SCMSafeModeManager (SCMSafeModeManager.java:validateSafeModeExitRules(200)) - DataNodeSafeModeRule rule is successfully validated
2023-07-13 06:11:04,284 [EventQueue-NodeRegistrationContainerReportForDataNodeSafeModeRule] INFO  safemode.SCMSafeModeManager (SCMSafeModeManager.java:completePreCheck(229)) - All SCM safe mode pre check rules have passed
2023-07-13 06:11:04,284 [EventQueue-NodeRegistrationContainerReportForDataNodeSafeModeRule] INFO  ha.SCMContext (SCMContext.java:updateSafeModeStatus(228)) - Update SafeModeStatus from SafeModeStatus{safeModeStatus=true, preCheckPassed=false} to SafeModeStatus{safeModeStatus=true, preCheckPassed=true}.
2023-07-13 06:11:04,284 [EventQueue-NodeRegistrationContainerReportForDataNodeSafeModeRule] INFO  pipeline.BackgroundPipelineCreator (BackgroundPipelineCreator.java:notifyEventTriggered(277)) - trigger a one-shot run on RatisPipelineUtilsThread.
2023-07-13 06:11:04,288 [RatisPipelineUtilsThread - 0] INFO  pipeline.BackgroundPipelineCreator (BackgroundPipelineCreator.java:createPipelines(233)) - Created new pipeline Pipeline[ Id: 9afc47fa-bb5a-4396-88ff-e8f993469f13, Nodes: d320ba6c-c03b-47af-a073-41dad91ccf26(fv-az932-602.ktyqbx4ivk1enavz3wfkrixyxe.bx.internal.cloudapp.net/10.1.0.28), ReplicationConfig: RATIS/ONE, State:ALLOCATED, leaderId:, CreationTimestamp2023-07-13T06:11:04.283Z[Etc/UTC]]
2023-07-13 06:11:04,293 [RatisPipelineUtilsThread - 0] INFO  pipeline.RatisPipelineProvider (RatisPipelineProvider.java:lambda$create$0(206)) - Sending CreatePipelineCommand for pipeline:PipelineID=94a47cff-0942-447d-b8b2-8f0ee428b8b8 to datanode:82b6249a-e03c-430a-993b-f8cc239713ce
2023-07-13 06:11:04,296 [RatisPipelineUtilsThread - 0] INFO  pipeline.RatisPipelineProvider (RatisPipelineProvider.java:lambda$create$0(206)) - Sending CreatePipelineCommand for pipeline:PipelineID=94a47cff-0942-447d-b8b2-8f0ee428b8b8 to datanode:d320ba6c-c03b-47af-a073-41dad91ccf26
2023-07-13 06:11:04,296 [RatisPipelineUtilsThread - 0] INFO  pipeline.RatisPipelineProvider (RatisPipelineProvider.java:lambda$create$0(206)) - Sending CreatePipelineCommand for pipeline:PipelineID=94a47cff-0942-447d-b8b2-8f0ee428b8b8 to datanode:562e6811-3892-4bb8-8c1f-2833a6a2708d
2023-07-13 06:11:04,299 [RatisPipelineUtilsThread - 0] INFO  pipeline.BackgroundPipelineCreator (BackgroundPipelineCreator.java:createPipelines(233)) - Created new pipeline Pipeline[ Id: 94a47cff-0942-447d-b8b2-8f0ee428b8b8, Nodes: 82b6249a-e03c-430a-993b-f8cc239713ce(fv-az932-602.ktyqbx4ivk1enavz3wfkrixyxe.bx.internal.cloudapp.net/10.1.0.28)d320ba6c-c03b-47af-a073-41dad91ccf26(fv-az932-602.ktyqbx4ivk1enavz3wfkrixyxe.bx.internal.cloudapp.net/10.1.0.28)562e6811-3892-4bb8-8c1f-2833a6a2708d(fv-az932-602.ktyqbx4ivk1enavz3wfkrixyxe.bx.internal.cloudapp.net/10.1.0.28), ReplicationConfig: RATIS/THREE, State:ALLOCATED, leaderId:, CreationTimestamp2023-07-13T06:11:04.293Z[Etc/UTC]]
2023-07-13 06:11:04,302 [RatisPipelineUtilsThread - 0] INFO  pipeline.RatisPipelineProvider (RatisPipelineProvider.java:lambda$create$0(206)) - Sending CreatePipelineCommand for pipeline:PipelineID=af39817d-4a8d-4188-bd56-f1fcc772349b to datanode:d320ba6c-c03b-47af-a073-41dad91ccf26
2023-07-13 06:11:04,303 [RatisPipelineUtilsThread - 0] INFO  pipeline.RatisPipelineProvider (RatisPipelineProvider.java:lambda$create$0(206)) - Sending CreatePipelineCommand for pipeline:PipelineID=af39817d-4a8d-4188-bd56-f1fcc772349b to datanode:82b6249a-e03c-430a-993b-f8cc239713ce
2023-07-13 06:11:04,303 [RatisPipelineUtilsThread - 0] INFO  pipeline.RatisPipelineProvider (RatisPipelineProvider.java:lambda$create$0(206)) - Sending CreatePipelineCommand for pipeline:PipelineID=af39817d-4a8d-4188-bd56-f1fcc772349b to datanode:562e6811-3892-4bb8-8c1f-2833a6a2708d
2023-07-13 06:11:04,306 [RatisPipelineUtilsThread - 0] INFO  pipeline.PipelineManagerImpl (PipelineManagerImpl.java:recordMetricsForPipeline(895)) - Pipeline: PipelineID=af39817d-4a8d-4188-bd56-f1fcc772349b contains same datanodes as previous pipelines: PipelineID=94a47cff-0942-447d-b8b2-8f0ee428b8b8 nodeIds: d320ba6c-c03b-47af-a073-41dad91ccf26, 82b6249a-e03c-430a-993b-f8cc239713ce, 562e6811-3892-4bb8-8c1f-2833a6a2708d
2023-07-13 06:11:04,306 [RatisPipelineUtilsThread - 0] INFO  pipeline.BackgroundPipelineCreator (BackgroundPipelineCreator.java:createPipelines(233)) - Created new pipeline Pipeline[ Id: af39817d-4a8d-4188-bd56-f1fcc772349b, Nodes: d320ba6c-c03b-47af-a073-41dad91ccf26(fv-az932-602.ktyqbx4ivk1enavz3wfkrixyxe.bx.internal.cloudapp.net/10.1.0.28)82b6249a-e03c-430a-993b-f8cc239713ce(fv-az932-602.ktyqbx4ivk1enavz3wfkrixyxe.bx.internal.cloudapp.net/10.1.0.28)562e6811-3892-4bb8-8c1f-2833a6a2708d(fv-az932-602.ktyqbx4ivk1enavz3wfkrixyxe.bx.internal.cloudapp.net/10.1.0.28), ReplicationConfig: RATIS/THREE, State:ALLOCATED, leaderId:, CreationTimestamp2023-07-13T06:11:04.302Z[Etc/UTC]]
2023-07-13 06:11:04,307 [RatisPipelineUtilsThread - 0] WARN  pipeline.PipelinePlacementPolicy (PipelinePlacementPolicy.java:filterViableNodes(166)) - Pipeline creation failed due to no sufficient healthy datanodes. Required 3. Found 0. Excluded 3.
2023-07-13 06:11:04,309 [RatisPipelineUtilsThread - 0] WARN  pipeline.PipelinePlacementPolicy (PipelinePlacementPolicy.java:filterViableNodes(166)) - Pipeline creation failed due to no sufficient healthy datanodes. Required 3. Found 0. Excluded 3.
2023-07-13 06:11:04,682 [main] INFO  ozone.MiniOzoneClusterImpl (MiniOzoneClusterImpl.java:lambda$waitForClusterToBeReady$0(224)) - Waiting for nodes to be ready. Got 3 of 10 DN Heartbeats.
2023-07-13 06:11:04,683 [main] INFO  ozone.MiniOzoneClusterImpl (MiniOzoneClusterImpl.java:lambda$waitForClusterToBeReady$0(227)) - Waiting for cluster to exit safe mode
2023-07-13 06:11:04,683 [main] INFO  ozone.MiniOzoneClusterImpl (MiniOzoneClusterImpl.java:lambda$waitForClusterToBeReady$0(229)) - SCM became leader
2023-07-13 06:11:04,713 [IPC Server handler 17 on default port 15002] INFO  net.NetworkTopologyImpl (NetworkTopologyImpl.java:add(112)) - Added a new node: /default-rack/eb0edd12-afad-4318-b446-71865e03089a
2023-07-13 06:11:04,713 [IPC Server handler 17 on default port 15002] INFO  node.SCMNodeManager (SCMNodeManager.java:register(405)) - Registered Data node : eb0edd12-afad-4318-b446-71865e03089a{ip: 10.1.0.28, host: fv-az932-602.ktyqbx4ivk1enavz3wfkrixyxe.bx.internal.cloudapp.net, ports: [HTTP=15036, CLIENT_RPC=15037, REPLICATION=15043, RATIS=15039, RATIS_ADMIN=15040, RATIS_SERVER=15041, RATIS_DATASTREAM=15042, STANDALONE=15038], networkLocation: /default-rack, certSerialId: null, persistedOpState: null, persistedOpStateExpiryEpochSec: 0}
2023-07-13 06:11:04,714 [EventQueue-NewNodeForNewNodeHandler] INFO  pipeline.BackgroundPipelineCreator (BackgroundPipelineCreator.java:notifyEventTriggered(277)) - trigger a one-shot run on RatisPipelineUtilsThread.
2023-07-13 06:11:04,714 [RatisPipelineUtilsThread - 0] INFO  pipeline.RatisPipelineProvider (RatisPipelineProvider.java:lambda$create$0(206)) - Sending CreatePipelineCommand for pipeline:PipelineID=66fd15ce-7d03-4be7-8d5b-37c2ec48c358 to datanode:eb0edd12-afad-4318-b446-71865e03089a
2023-07-13 06:11:04,717 [RatisPipelineUtilsThread - 0] INFO  pipeline.BackgroundPipelineCreator (BackgroundPipelineCreator.java:createPipelines(233)) - Created new pipeline Pipeline[ Id: 66fd15ce-7d03-4be7-8d5b-37c2ec48c358, Nodes: eb0edd12-afad-4318-b446-71865e03089a(fv-az932-602.ktyqbx4ivk1enavz3wfkrixyxe.bx.internal.cloudapp.net/10.1.0.28), ReplicationConfig: RATIS/ONE, State:ALLOCATED, leaderId:, CreationTimestamp2023-07-13T06:11:04.714Z[Etc/UTC]]
2023-07-13 06:11:04,717 [RatisPipelineUtilsThread - 0] WARN  pipeline.PipelinePlacementPolicy (PipelinePlacementPolicy.java:filterViableNodes(166)) - Pipeline creation failed due to no sufficient healthy datanodes. Required 3. Found 1. Excluded 3.
2023-07-13 06:11:04,741 [EndpointStateMachine task thread for /0.0.0.0:15002 - 0 ] INFO  utils.DatanodeStoreCache (DatanodeStoreCache.java:addDB(66)) - Added db /home/runner/work/ozone/ozone/hadoop-ozone/integration-test/target/test-dir/MiniOzoneClusterImpl-40c29f8c-30b3-4208-9c4d-d76d276bda5b/datanode-7/data-0/containers/hdds/40c29f8c-30b3-4208-9c4d-d76d276bda5b/DS-9464b85a-cbe0-4c6c-a6de-47c36caf3cec/container.db to cache
2023-07-13 06:11:04,741 [EndpointStateMachine task thread for /0.0.0.0:15002 - 0 ] INFO  volume.HddsVolume (HddsVolume.java:createDbStore(478)) - SchemaV3 db is created and loaded at /home/runner/work/ozone/ozone/hadoop-ozone/integration-test/target/test-dir/MiniOzoneClusterImpl-40c29f8c-30b3-4208-9c4d-d76d276bda5b/datanode-7/data-0/containers/hdds/40c29f8c-30b3-4208-9c4d-d76d276bda5b/DS-9464b85a-cbe0-4c6c-a6de-47c36caf3cec/container.db for volume DS-9464b85a-cbe0-4c6c-a6de-47c36caf3cec
2023-07-13 06:11:04,742 [EndpointStateMachine task thread for /0.0.0.0:15002 - 0 ] INFO  ozoneimpl.OzoneContainer (OzoneContainer.java:start(419)) - Attempting to start container services.
2023-07-13 06:11:04,742 [EndpointStateMachine task thread for /0.0.0.0:15002 - 0 ] INFO  ozoneimpl.OzoneContainer (OzoneContainer.java:startContainerScrub(327)) - Scheduled background container scanners and the on-demand container scanner have been disabled.
2023-07-13 06:11:04,743 [EndpointStateMachine task thread for /0.0.0.0:15002 - 0 ] INFO  replication.ReplicationServer (ReplicationServer.java:start(128)) - ReplicationServer is started using port 15079
2023-07-13 06:11:04,743 [EndpointStateMachine task thread for /0.0.0.0:15002 - 0 ] INFO  ratis.XceiverServerRatis (XceiverServerRatis.java:start(517)) - Starting XceiverServerRatis 42c94fbf-dc57-4435-80ab-f9b7a4e6d382
2023-07-13 06:11:04,744 [EndpointStateMachine task thread for /0.0.0.0:15002 - 0 ] INFO  server.RaftServer (RaftServerProxy.java:startImpl(400)) - 42c94fbf-dc57-4435-80ab-f9b7a4e6d382: start RPC server
2023-07-13 06:11:04,746 [EndpointStateMachine task thread for /0.0.0.0:15002 - 0 ] INFO  server.GrpcService (GrpcService.java:startImpl(302)) - 42c94fbf-dc57-4435-80ab-f9b7a4e6d382: GrpcService started, listening on 15075
2023-07-13 06:11:04,747 [EndpointStateMachine task thread for /0.0.0.0:15002 - 0 ] INFO  server.GrpcService (GrpcService.java:startImpl(302)) - 42c94fbf-dc57-4435-80ab-f9b7a4e6d382: GrpcService started, listening on 15077
2023-07-13 06:11:04,753 [EndpointStateMachine task thread for /0.0.0.0:15002 - 0 ] INFO  server.GrpcService (GrpcService.java:startImpl(302)) - 42c94fbf-dc57-4435-80ab-f9b7a4e6d382: GrpcService started, listening on 15076
2023-07-13 06:11:04,753 [EndpointStateMachine task thread for /0.0.0.0:15002 - 0 ] INFO  ratis.XceiverServerRatis (XceiverServerRatis.java:getRealPort(543)) - XceiverServerRatis 42c94fbf-dc57-4435-80ab-f9b7a4e6d382 is started using port 15075 for RATIS
2023-07-13 06:11:04,753 [JvmPauseMonitor9] INFO  util.JvmPauseMonitor (JvmPauseMonitor.java:run(103)) - JvmPauseMonitor-42c94fbf-dc57-4435-80ab-f9b7a4e6d382: Started
2023-07-13 06:11:04,753 [EndpointStateMachine task thread for /0.0.0.0:15002 - 0 ] INFO  ratis.XceiverServerRatis (XceiverServerRatis.java:getRealPort(543)) - XceiverServerRatis 42c94fbf-dc57-4435-80ab-f9b7a4e6d382 is started using port 15076 for RATIS_ADMIN
2023-07-13 06:11:04,753 [EndpointStateMachine task thread for /0.0.0.0:15002 - 0 ] INFO  ratis.XceiverServerRatis (XceiverServerRatis.java:getRealPort(543)) - XceiverServerRatis 42c94fbf-dc57-4435-80ab-f9b7a4e6d382 is started using port 15077 for RATIS_SERVER
2023-07-13 06:11:04,753 [EndpointStateMachine task thread for /0.0.0.0:15002 - 0 ] INFO  ratis.XceiverServerRatis (XceiverServerRatis.java:getRealPort(543)) - XceiverServerRatis 42c94fbf-dc57-4435-80ab-f9b7a4e6d382 is started using port 15078 for RATIS_DATASTREAM
2023-07-13 06:11:04,764 [BlockDeletingService#0] INFO  interfaces.ContainerDeletionChoosingPolicyTemplate (ContainerDeletionChoosingPolicyTemplate.java:chooseContainerForBlockDeletion(83)) - Chosen 0/5000 blocks from 0 candidate containers.
2023-07-13 06:11:05,118 [IPC Server handler 0 on default port 15002] INFO  net.NetworkTopologyImpl (NetworkTopologyImpl.java:add(112)) - Added a new node: /default-rack/4d503614-acf7-4d3e-bd56-c00356288aee
2023-07-13 06:11:05,119 [IPC Server handler 0 on default port 15002] INFO  node.SCMNodeManager (SCMNodeManager.java:register(405)) - Registered Data node : 4d503614-acf7-4d3e-bd56-c00356288aee{ip: 10.1.0.28, host: fv-az932-602.ktyqbx4ivk1enavz3wfkrixyxe.bx.internal.cloudapp.net, ports: [HTTP=15045, CLIENT_RPC=15046, REPLICATION=15052, RATIS=15048, RATIS_ADMIN=15049, RATIS_SERVER=15050, RATIS_DATASTREAM=15051, STANDALONE=15047], networkLocation: /default-rack, certSerialId: null, persistedOpState: null, persistedOpStateExpiryEpochSec: 0}
2023-07-13 06:11:05,119 [EventQueue-NewNodeForNewNodeHandler] INFO  pipeline.BackgroundPipelineCreator (BackgroundPipelineCreator.java:notifyEventTriggered(277)) - trigger a one-shot run on RatisPipelineUtilsThread.
2023-07-13 06:11:05,120 [RatisPipelineUtilsThread - 0] INFO  pipeline.RatisPipelineProvider (RatisPipelineProvider.java:lambda$create$0(206)) - Sending CreatePipelineCommand for pipeline:PipelineID=430ebd84-e4ae-4e68-8694-d6b37019b6d4 to datanode:4d503614-acf7-4d3e-bd56-c00356288aee
2023-07-13 06:11:05,123 [RatisPipelineUtilsThread - 0] INFO  pipeline.BackgroundPipelineCreator (BackgroundPipelineCreator.java:createPipelines(233)) - Created new pipeline Pipeline[ Id: 430ebd84-e4ae-4e68-8694-d6b37019b6d4, Nodes: 4d503614-acf7-4d3e-bd56-c00356288aee(fv-az932-602.ktyqbx4ivk1enavz3wfkrixyxe.bx.internal.cloudapp.net/10.1.0.28), ReplicationConfig: RATIS/ONE, State:ALLOCATED, leaderId:, CreationTimestamp2023-07-13T06:11:05.120Z[Etc/UTC]]
2023-07-13 06:11:05,123 [RatisPipelineUtilsThread - 0] WARN  pipeline.PipelinePlacementPolicy (PipelinePlacementPolicy.java:filterViableNodes(166)) - Pipeline creation failed due to no sufficient healthy datanodes. Required 3. Found 2. Excluded 3.
2023-07-13 06:11:05,237 [EndpointStateMachine task thread for /0.0.0.0:15002 - 0 ] INFO  utils.DatanodeStoreCache (DatanodeStoreCache.java:addDB(66)) - Added db /home/runner/work/ozone/ozone/hadoop-ozone/integration-test/target/test-dir/MiniOzoneClusterImpl-40c29f8c-30b3-4208-9c4d-d76d276bda5b/datanode-8/data-0/containers/hdds/40c29f8c-30b3-4208-9c4d-d76d276bda5b/DS-a3e5f215-c963-41cd-bdd8-a9f728cd64a1/container.db to cache
2023-07-13 06:11:05,237 [EndpointStateMachine task thread for /0.0.0.0:15002 - 0 ] INFO  volume.HddsVolume (HddsVolume.java:createDbStore(478)) - SchemaV3 db is created and loaded at /home/runner/work/ozone/ozone/hadoop-ozone/integration-test/target/test-dir/MiniOzoneClusterImpl-40c29f8c-30b3-4208-9c4d-d76d276bda5b/datanode-8/data-0/containers/hdds/40c29f8c-30b3-4208-9c4d-d76d276bda5b/DS-a3e5f215-c963-41cd-bdd8-a9f728cd64a1/container.db for volume DS-a3e5f215-c963-41cd-bdd8-a9f728cd64a1
2023-07-13 06:11:05,238 [EndpointStateMachine task thread for /0.0.0.0:15002 - 0 ] INFO  ozoneimpl.OzoneContainer (OzoneContainer.java:start(419)) - Attempting to start container services.
2023-07-13 06:11:05,238 [EndpointStateMachine task thread for /0.0.0.0:15002 - 0 ] INFO  ozoneimpl.OzoneContainer (OzoneContainer.java:startContainerScrub(327)) - Scheduled background container scanners and the on-demand container scanner have been disabled.
2023-07-13 06:11:05,239 [EndpointStateMachine task thread for /0.0.0.0:15002 - 0 ] INFO  replication.ReplicationServer (ReplicationServer.java:start(128)) - ReplicationServer is started using port 15088
2023-07-13 06:11:05,239 [EndpointStateMachine task thread for /0.0.0.0:15002 - 0 ] INFO  ratis.XceiverServerRatis (XceiverServerRatis.java:start(517)) - Starting XceiverServerRatis d12304a5-d481-4f9e-9203-502383e83214
2023-07-13 06:11:05,242 [EndpointStateMachine task thread for /0.0.0.0:15002 - 0 ] INFO  server.RaftServer (RaftServerProxy.java:startImpl(400)) - d12304a5-d481-4f9e-9203-502383e83214: start RPC server
2023-07-13 06:11:05,243 [EndpointStateMachine task thread for /0.0.0.0:15002 - 0 ] INFO  server.GrpcService (GrpcService.java:startImpl(302)) - d12304a5-d481-4f9e-9203-502383e83214: GrpcService started, listening on 15084
2023-07-13 06:11:05,243 [EndpointStateMachine task thread for /0.0.0.0:15002 - 0 ] INFO  server.GrpcService (GrpcService.java:startImpl(302)) - d12304a5-d481-4f9e-9203-502383e83214: GrpcService started, listening on 15086
2023-07-13 06:11:05,247 [EndpointStateMachine task thread for /0.0.0.0:15002 - 0 ] INFO  server.GrpcService (GrpcService.java:startImpl(302)) - d12304a5-d481-4f9e-9203-502383e83214: GrpcService started, listening on 15085
2023-07-13 06:11:05,247 [EndpointStateMachine task thread for /0.0.0.0:15002 - 0 ] INFO  ratis.XceiverServerRatis (XceiverServerRatis.java:getRealPort(543)) - XceiverServerRatis d12304a5-d481-4f9e-9203-502383e83214 is started using port 15084 for RATIS
2023-07-13 06:11:05,247 [EndpointStateMachine task thread for /0.0.0.0:15002 - 0 ] INFO  ratis.XceiverServerRatis (XceiverServerRatis.java:getRealPort(543)) - XceiverServerRatis d12304a5-d481-4f9e-9203-502383e83214 is started using port 15085 for RATIS_ADMIN
2023-07-13 06:11:05,247 [EndpointStateMachine task thread for /0.0.0.0:15002 - 0 ] INFO  ratis.XceiverServerRatis (XceiverServerRatis.java:getRealPort(543)) - XceiverServerRatis d12304a5-d481-4f9e-9203-502383e83214 is started using port 15086 for RATIS_SERVER
2023-07-13 06:11:05,247 [EndpointStateMachine task thread for /0.0.0.0:15002 - 0 ] INFO  ratis.XceiverServerRatis (XceiverServerRatis.java:getRealPort(543)) - XceiverServerRatis d12304a5-d481-4f9e-9203-502383e83214 is started using port 15087 for RATIS_DATASTREAM
2023-07-13 06:11:05,247 [JvmPauseMonitor10] INFO  util.JvmPauseMonitor (JvmPauseMonitor.java:run(103)) - JvmPauseMonitor-d12304a5-d481-4f9e-9203-502383e83214: Started
2023-07-13 06:11:05,259 [BlockDeletingService#0] INFO  interfaces.ContainerDeletionChoosingPolicyTemplate (ContainerDeletionChoosingPolicyTemplate.java:chooseContainerForBlockDeletion(83)) - Chosen 0/5000 blocks from 0 candidate containers.
2023-07-13 06:11:05,684 [main] INFO  ozone.MiniOzoneClusterImpl (MiniOzoneClusterImpl.java:lambda$waitForClusterToBeReady$0(224)) - Waiting for nodes to be ready. Got 5 of 10 DN Heartbeats.
2023-07-13 06:11:05,684 [main] INFO  ozone.MiniOzoneClusterImpl (MiniOzoneClusterImpl.java:lambda$waitForClusterToBeReady$0(227)) - Waiting for cluster to exit safe mode
2023-07-13 06:11:05,684 [main] INFO  ozone.MiniOzoneClusterImpl (MiniOzoneClusterImpl.java:lambda$waitForClusterToBeReady$0(229)) - SCM became leader
2023-07-13 06:11:05,694 [IPC Server handler 17 on default port 15002] INFO  net.NetworkTopologyImpl (NetworkTopologyImpl.java:add(112)) - Added a new node: /default-rack/892099fe-78a6-4491-a754-7c56149f1c99
2023-07-13 06:11:05,694 [IPC Server handler 17 on default port 15002] INFO  node.SCMNodeManager (SCMNodeManager.java:register(405)) - Registered Data node : 892099fe-78a6-4491-a754-7c56149f1c99{ip: 10.1.0.28, host: fv-az932-602.ktyqbx4ivk1enavz3wfkrixyxe.bx.internal.cloudapp.net, ports: [HTTP=15054, CLIENT_RPC=15055, REPLICATION=15061, RATIS=15057, RATIS_ADMIN=15058, RATIS_SERVER=15059, RATIS_DATASTREAM=15060, STANDALONE=15056], networkLocation: /default-rack, certSerialId: null, persistedOpState: null, persistedOpStateExpiryEpochSec: 0}
2023-07-13 06:11:05,695 [EventQueue-NewNodeForNewNodeHandler] INFO  pipeline.BackgroundPipelineCreator (BackgroundPipelineCreator.java:notifyEventTriggered(277)) - trigger a one-shot run on RatisPipelineUtilsThread.
2023-07-13 06:11:05,695 [RatisPipelineUtilsThread - 0] INFO  pipeline.RatisPipelineProvider (RatisPipelineProvider.java:lambda$create$0(206)) - Sending CreatePipelineCommand for pipeline:PipelineID=8711a943-4cec-4e80-89df-85d787105946 to datanode:892099fe-78a6-4491-a754-7c56149f1c99
2023-07-13 06:11:05,699 [RatisPipelineUtilsThread - 0] INFO  pipeline.BackgroundPipelineCreator (BackgroundPipelineCreator.java:createPipelines(233)) - Created new pipeline Pipeline[ Id: 8711a943-4cec-4e80-89df-85d787105946, Nodes: 892099fe-78a6-4491-a754-7c56149f1c99(fv-az932-602.ktyqbx4ivk1enavz3wfkrixyxe.bx.internal.cloudapp.net/10.1.0.28), ReplicationConfig: RATIS/ONE, State:ALLOCATED, leaderId:, CreationTimestamp2023-07-13T06:11:05.695Z[Etc/UTC]]
2023-07-13 06:11:05,708 [RatisPipelineUtilsThread - 0] INFO  pipeline.RatisPipelineProvider (RatisPipelineProvider.java:lambda$create$0(206)) - Sending CreatePipelineCommand for pipeline:PipelineID=fb173f23-772a-40a4-b62a-5cccce6c36ca to datanode:892099fe-78a6-4491-a754-7c56149f1c99
2023-07-13 06:11:05,708 [RatisPipelineUtilsThread - 0] INFO  pipeline.RatisPipelineProvider (RatisPipelineProvider.java:lambda$create$0(206)) - Sending CreatePipelineCommand for pipeline:PipelineID=fb173f23-772a-40a4-b62a-5cccce6c36ca to datanode:4d503614-acf7-4d3e-bd56-c00356288aee
2023-07-13 06:11:05,708 [RatisPipelineUtilsThread - 0] INFO  pipeline.RatisPipelineProvider (RatisPipelineProvider.java:lambda$create$0(206)) - Sending CreatePipelineCommand for pipeline:PipelineID=fb173f23-772a-40a4-b62a-5cccce6c36ca to datanode:eb0edd12-afad-4318-b446-71865e03089a
2023-07-13 06:11:05,710 [RatisPipelineUtilsThread - 0] INFO  pipeline.BackgroundPipelineCreator (BackgroundPipelineCreator.java:createPipelines(233)) - Created new pipeline Pipeline[ Id: fb173f23-772a-40a4-b62a-5cccce6c36ca, Nodes: 892099fe-78a6-4491-a754-7c56149f1c99(fv-az932-602.ktyqbx4ivk1enavz3wfkrixyxe.bx.internal.cloudapp.net/10.1.0.28)4d503614-acf7-4d3e-bd56-c00356288aee(fv-az932-602.ktyqbx4ivk1enavz3wfkrixyxe.bx.internal.cloudapp.net/10.1.0.28)eb0edd12-afad-4318-b446-71865e03089a(fv-az932-602.ktyqbx4ivk1enavz3wfkrixyxe.bx.internal.cloudapp.net/10.1.0.28), ReplicationConfig: RATIS/THREE, State:ALLOCATED, leaderId:, CreationTimestamp2023-07-13T06:11:05.708Z[Etc/UTC]]
2023-07-13 06:11:05,712 [RatisPipelineUtilsThread - 0] INFO  pipeline.RatisPipelineProvider (RatisPipelineProvider.java:lambda$create$0(206)) - Sending CreatePipelineCommand for pipeline:PipelineID=77ceaaa9-251f-4144-ada6-5689823e11f9 to datanode:892099fe-78a6-4491-a754-7c56149f1c99
2023-07-13 06:11:05,712 [RatisPipelineUtilsThread - 0] INFO  pipeline.RatisPipelineProvider (RatisPipelineProvider.java:lambda$create$0(206)) - Sending CreatePipelineCommand for pipeline:PipelineID=77ceaaa9-251f-4144-ada6-5689823e11f9 to datanode:4d503614-acf7-4d3e-bd56-c00356288aee
2023-07-13 06:11:05,712 [RatisPipelineUtilsThread - 0] INFO  pipeline.RatisPipelineProvider (RatisPipelineProvider.java:lambda$create$0(206)) - Sending CreatePipelineCommand for pipeline:PipelineID=77ceaaa9-251f-4144-ada6-5689823e11f9 to datanode:eb0edd12-afad-4318-b446-71865e03089a
2023-07-13 06:11:05,716 [RatisPipelineUtilsThread - 0] INFO  pipeline.PipelineManagerImpl (PipelineManagerImpl.java:recordMetricsForPipeline(895)) - Pipeline: PipelineID=77ceaaa9-251f-4144-ada6-5689823e11f9 contains same datanodes as previous pipelines: PipelineID=fb173f23-772a-40a4-b62a-5cccce6c36ca nodeIds: 892099fe-78a6-4491-a754-7c56149f1c99, 4d503614-acf7-4d3e-bd56-c00356288aee, eb0edd12-afad-4318-b446-71865e03089a
2023-07-13 06:11:05,716 [RatisPipelineUtilsThread - 0] INFO  pipeline.BackgroundPipelineCreator (BackgroundPipelineCreator.java:createPipelines(233)) - Created new pipeline Pipeline[ Id: 77ceaaa9-251f-4144-ada6-5689823e11f9, Nodes: 892099fe-78a6-4491-a754-7c56149f1c99(fv-az932-602.ktyqbx4ivk1enavz3wfkrixyxe.bx.internal.cloudapp.net/10.1.0.28)4d503614-acf7-4d3e-bd56-c00356288aee(fv-az932-602.ktyqbx4ivk1enavz3wfkrixyxe.bx.internal.cloudapp.net/10.1.0.28)eb0edd12-afad-4318-b446-71865e03089a(fv-az932-602.ktyqbx4ivk1enavz3wfkrixyxe.bx.internal.cloudapp.net/10.1.0.28), ReplicationConfig: RATIS/THREE, State:ALLOCATED, leaderId:, CreationTimestamp2023-07-13T06:11:05.712Z[Etc/UTC]]
2023-07-13 06:11:05,722 [RatisPipelineUtilsThread - 0] WARN  pipeline.PipelinePlacementPolicy (PipelinePlacementPolicy.java:filterViableNodes(166)) - Pipeline creation failed due to no sufficient healthy datanodes. Required 3. Found 0. Excluded 6.
2023-07-13 06:11:05,744 [EndpointStateMachine task thread for /0.0.0.0:15002 - 0 ] INFO  utils.DatanodeStoreCache (DatanodeStoreCache.java:addDB(66)) - Added db /home/runner/work/ozone/ozone/hadoop-ozone/integration-test/target/test-dir/MiniOzoneClusterImpl-40c29f8c-30b3-4208-9c4d-d76d276bda5b/datanode-9/data-0/containers/hdds/40c29f8c-30b3-4208-9c4d-d76d276bda5b/DS-75f273f7-3c87-406b-8413-0df54ad27c4b/container.db to cache
2023-07-13 06:11:05,746 [EndpointStateMachine task thread for /0.0.0.0:15002 - 0 ] INFO  volume.HddsVolume (HddsVolume.java:createDbStore(478)) - SchemaV3 db is created and loaded at /home/runner/work/ozone/ozone/hadoop-ozone/integration-test/target/test-dir/MiniOzoneClusterImpl-40c29f8c-30b3-4208-9c4d-d76d276bda5b/datanode-9/data-0/containers/hdds/40c29f8c-30b3-4208-9c4d-d76d276bda5b/DS-75f273f7-3c87-406b-8413-0df54ad27c4b/container.db for volume DS-75f273f7-3c87-406b-8413-0df54ad27c4b
2023-07-13 06:11:05,747 [EndpointStateMachine task thread for /0.0.0.0:15002 - 0 ] INFO  ozoneimpl.OzoneContainer (OzoneContainer.java:start(419)) - Attempting to start container services.
2023-07-13 06:11:05,747 [EndpointStateMachine task thread for /0.0.0.0:15002 - 0 ] INFO  ozoneimpl.OzoneContainer (OzoneContainer.java:startContainerScrub(327)) - Scheduled background container scanners and the on-demand container scanner have been disabled.
2023-07-13 06:11:05,748 [EndpointStateMachine task thread for /0.0.0.0:15002 - 0 ] INFO  replication.ReplicationServer (ReplicationServer.java:start(128)) - ReplicationServer is started using port 15097
2023-07-13 06:11:05,748 [EndpointStateMachine task thread for /0.0.0.0:15002 - 0 ] INFO  ratis.XceiverServerRatis (XceiverServerRatis.java:start(517)) - Starting XceiverServerRatis a7e23495-4fba-47f2-ab25-3c088ebfd5ba
2023-07-13 06:11:05,772 [EndpointStateMachine task thread for /0.0.0.0:15002 - 0 ] INFO  server.RaftServer (RaftServerProxy.java:startImpl(400)) - a7e23495-4fba-47f2-ab25-3c088ebfd5ba: start RPC server
2023-07-13 06:11:05,773 [EndpointStateMachine task thread for /0.0.0.0:15002 - 0 ] INFO  server.GrpcService (GrpcService.java:startImpl(302)) - a7e23495-4fba-47f2-ab25-3c088ebfd5ba: GrpcService started, listening on 15093
2023-07-13 06:11:05,774 [EndpointStateMachine task thread for /0.0.0.0:15002 - 0 ] INFO  server.GrpcService (GrpcService.java:startImpl(302)) - a7e23495-4fba-47f2-ab25-3c088ebfd5ba: GrpcService started, listening on 15095
2023-07-13 06:11:05,787 [EndpointStateMachine task thread for /0.0.0.0:15002 - 0 ] INFO  server.GrpcService (GrpcService.java:startImpl(302)) - a7e23495-4fba-47f2-ab25-3c088ebfd5ba: GrpcService started, listening on 15094
2023-07-13 06:11:05,792 [EndpointStateMachine task thread for /0.0.0.0:15002 - 0 ] INFO  ratis.XceiverServerRatis (XceiverServerRatis.java:getRealPort(543)) - XceiverServerRatis a7e23495-4fba-47f2-ab25-3c088ebfd5ba is started using port 15093 for RATIS
2023-07-13 06:11:05,792 [EndpointStateMachine task thread for /0.0.0.0:15002 - 0 ] INFO  ratis.XceiverServerRatis (XceiverServerRatis.java:getRealPort(543)) - XceiverServerRatis a7e23495-4fba-47f2-ab25-3c088ebfd5ba is started using port 15094 for RATIS_ADMIN
2023-07-13 06:11:05,792 [EndpointStateMachine task thread for /0.0.0.0:15002 - 0 ] INFO  ratis.XceiverServerRatis (XceiverServerRatis.java:getRealPort(543)) - XceiverServerRatis a7e23495-4fba-47f2-ab25-3c088ebfd5ba is started using port 15095 for RATIS_SERVER
2023-07-13 06:11:05,792 [EndpointStateMachine task thread for /0.0.0.0:15002 - 0 ] INFO  ratis.XceiverServerRatis (XceiverServerRatis.java:getRealPort(543)) - XceiverServerRatis a7e23495-4fba-47f2-ab25-3c088ebfd5ba is started using port 15096 for RATIS_DATASTREAM
2023-07-13 06:11:05,796 [JvmPauseMonitor11] INFO  util.JvmPauseMonitor (JvmPauseMonitor.java:run(103)) - JvmPauseMonitor-a7e23495-4fba-47f2-ab25-3c088ebfd5ba: Started
2023-07-13 06:11:05,796 [BlockDeletingService#0] INFO  interfaces.ContainerDeletionChoosingPolicyTemplate (ContainerDeletionChoosingPolicyTemplate.java:chooseContainerForBlockDeletion(83)) - Chosen 0/5000 blocks from 0 candidate containers.
2023-07-13 06:11:06,188 [IPC Server handler 2 on default port 15002] INFO  net.NetworkTopologyImpl (NetworkTopologyImpl.java:add(112)) - Added a new node: /default-rack/aeec539b-574d-4d91-8fa7-d5e640bad944
2023-07-13 06:11:06,188 [IPC Server handler 2 on default port 15002] INFO  node.SCMNodeManager (SCMNodeManager.java:register(405)) - Registered Data node : aeec539b-574d-4d91-8fa7-d5e640bad944{ip: 10.1.0.28, host: fv-az932-602.ktyqbx4ivk1enavz3wfkrixyxe.bx.internal.cloudapp.net, ports: [HTTP=15063, CLIENT_RPC=15064, REPLICATION=15070, RATIS=15066, RATIS_ADMIN=15067, RATIS_SERVER=15068, RATIS_DATASTREAM=15069, STANDALONE=15065], networkLocation: /default-rack, certSerialId: null, persistedOpState: null, persistedOpStateExpiryEpochSec: 0}
2023-07-13 06:11:06,189 [EventQueue-NewNodeForNewNodeHandler] INFO  pipeline.BackgroundPipelineCreator (BackgroundPipelineCreator.java:notifyEventTriggered(277)) - trigger a one-shot run on RatisPipelineUtilsThread.
2023-07-13 06:11:06,189 [RatisPipelineUtilsThread - 0] INFO  pipeline.RatisPipelineProvider (RatisPipelineProvider.java:lambda$create$0(206)) - Sending CreatePipelineCommand for pipeline:PipelineID=8874d03c-53ad-40cf-b578-86c21c04d4a7 to datanode:aeec539b-574d-4d91-8fa7-d5e640bad944
2023-07-13 06:11:06,192 [RatisPipelineUtilsThread - 0] INFO  pipeline.BackgroundPipelineCreator (BackgroundPipelineCreator.java:createPipelines(233)) - Created new pipeline Pipeline[ Id: 8874d03c-53ad-40cf-b578-86c21c04d4a7, Nodes: aeec539b-574d-4d91-8fa7-d5e640bad944(fv-az932-602.ktyqbx4ivk1enavz3wfkrixyxe.bx.internal.cloudapp.net/10.1.0.28), ReplicationConfig: RATIS/ONE, State:ALLOCATED, leaderId:, CreationTimestamp2023-07-13T06:11:06.189Z[Etc/UTC]]
2023-07-13 06:11:06,193 [RatisPipelineUtilsThread - 0] WARN  pipeline.PipelinePlacementPolicy (PipelinePlacementPolicy.java:filterViableNodes(166)) - Pipeline creation failed due to no sufficient healthy datanodes. Required 3. Found 1. Excluded 6.
2023-07-13 06:11:06,317 [PipelineCommandHandlerThread-0] INFO  server.RaftServer (RaftServerProxy.java:addNew(98)) - 82b6249a-e03c-430a-993b-f8cc239713ce: addNew group-D27E6049BEE6:[82b6249a-e03c-430a-993b-f8cc239713ce|rpc:10.1.0.28:15014|admin:10.1.0.28:15013|client:10.1.0.28:15012|dataStream:10.1.0.28:15015|priority:1|startupRole:FOLLOWER] returns group-D27E6049BEE6:java.util.concurrent.CompletableFuture@117564da[Not completed]
2023-07-13 06:11:06,331 [82b6249a-e03c-430a-993b-f8cc239713ce-groupManagement] INFO  server.RaftServer$Division (RaftServerImpl.java:<init>(198)) - 82b6249a-e03c-430a-993b-f8cc239713ce: new RaftServerImpl for group-D27E6049BEE6:[82b6249a-e03c-430a-993b-f8cc239713ce|rpc:10.1.0.28:15014|admin:10.1.0.28:15013|client:10.1.0.28:15012|dataStream:10.1.0.28:15015|priority:1|startupRole:FOLLOWER] with ContainerStateMachine:uninitialized
2023-07-13 06:11:06,331 [82b6249a-e03c-430a-993b-f8cc239713ce-groupManagement] INFO  server.RaftServerConfigKeys (ConfUtils.java:logGet(46)) - raft.server.rpc.timeout.min = 5s (custom)
2023-07-13 06:11:06,331 [82b6249a-e03c-430a-993b-f8cc239713ce-groupManagement] INFO  server.RaftServerConfigKeys (ConfUtils.java:logGet(46)) - raft.server.rpc.timeout.max = 5200ms (custom)
2023-07-13 06:11:06,331 [82b6249a-e03c-430a-993b-f8cc239713ce-groupManagement] INFO  server.RaftServerConfigKeys (ConfUtils.java:logGet(46)) - raft.server.rpc.sleep.time = 25ms (default)
2023-07-13 06:11:06,331 [82b6249a-e03c-430a-993b-f8cc239713ce-groupManagement] INFO  server.RaftServerConfigKeys (ConfUtils.java:logGet(46)) - raft.server.rpc.slowness.timeout = 300s (custom)
2023-07-13 06:11:06,331 [82b6249a-e03c-430a-993b-f8cc239713ce-groupManagement] INFO  server.RaftServerConfigKeys (ConfUtils.java:logGet(46)) - raft.server.leaderelection.leader.step-down.wait-time = 10s (default)
2023-07-13 06:11:06,331 [82b6249a-e03c-430a-993b-f8cc239713ce-groupManagement] INFO  server.RaftServerConfigKeys (ConfUtils.java:logGet(46)) - raft.server.sleep.deviation.threshold = 300ms (default)
2023-07-13 06:11:06,331 [82b6249a-e03c-430a-993b-f8cc239713ce-groupManagement] INFO  server.RaftServer$Division (ServerState.java:<init>(120)) - 82b6249a-e03c-430a-993b-f8cc239713ce@group-D27E6049BEE6: ConfigurationManager, init=-1: peers:[82b6249a-e03c-430a-993b-f8cc239713ce|rpc:10.1.0.28:15014|admin:10.1.0.28:15013|client:10.1.0.28:15012|dataStream:10.1.0.28:15015|priority:1|startupRole:FOLLOWER]|listeners:[], old=null, confs=<EMPTY_MAP>
2023-07-13 06:11:06,332 [82b6249a-e03c-430a-993b-f8cc239713ce-groupManagement] INFO  server.RaftServerConfigKeys (ConfUtils.java:logGet(46)) - raft.server.storage.dir = [/home/runner/work/ozone/ozone/hadoop-ozone/integration-test/target/test-dir/MiniOzoneClusterImpl-40c29f8c-30b3-4208-9c4d-d76d276bda5b/datanode-0/data/ratis] (custom)
2023-07-13 06:11:06,332 [82b6249a-e03c-430a-993b-f8cc239713ce-groupManagement] INFO  server.RaftServerConfigKeys (ConfUtils.java:logGet(46)) - raft.server.log.corruption.policy = EXCEPTION (default)
2023-07-13 06:11:06,332 [82b6249a-e03c-430a-993b-f8cc239713ce-groupManagement] INFO  server.RaftServerConfigKeys (ConfUtils.java:logGet(46)) - raft.server.storage.free-space.min = 0MB (=0) (default)
2023-07-13 06:11:06,332 [82b6249a-e03c-430a-993b-f8cc239713ce-groupManagement] INFO  server.RaftServerConfigKeys (ConfUtils.java:logGet(46)) - raft.server.notification.no-leader.timeout = 300s (custom)
2023-07-13 06:11:06,332 [82b6249a-e03c-430a-993b-f8cc239713ce-groupManagement] INFO  server.RaftServerConfigKeys (ConfUtils.java:logGet(46)) - raft.server.read.timeout = 10s (default)
2023-07-13 06:11:06,332 [82b6249a-e03c-430a-993b-f8cc239713ce-groupManagement] INFO  server.RaftServerConfigKeys (ConfUtils.java:logGet(46)) - raft.server.retrycache.expirytime = 600000ms (custom)
2023-07-13 06:11:06,333 [82b6249a-e03c-430a-993b-f8cc239713ce-groupManagement] INFO  server.RaftServerConfigKeys (ConfUtils.java:logGet(46)) - raft.server.retrycache.statistics.expirytime = 100μs (default)
2023-07-13 06:11:06,333 [82b6249a-e03c-430a-993b-f8cc239713ce-groupManagement] INFO  server.RaftServerConfigKeys (ConfUtils.java:logGet(46)) - raft.server.read.option = DEFAULT (default)
2023-07-13 06:11:06,347 [82b6249a-e03c-430a-993b-f8cc239713ce-groupManagement] INFO  server.RaftServerConfigKeys (ConfUtils.java:logGet(46)) - raft.server.rpc.request.timeout = 60s (custom)
2023-07-13 06:11:06,347 [82b6249a-e03c-430a-993b-f8cc239713ce-groupManagement] INFO  server.RaftServerConfigKeys (ConfUtils.java:logGet(46)) - raft.server.log.appender.install.snapshot.enabled = false (custom)
2023-07-13 06:11:06,347 [82b6249a-e03c-430a-993b-f8cc239713ce-groupManagement] INFO  server.RaftServerConfigKeys (ConfUtils.java:logGet(46)) - raft.server.threadpool.server.cached = true (default)
2023-07-13 06:11:06,347 [82b6249a-e03c-430a-993b-f8cc239713ce-groupManagement] INFO  server.RaftServerConfigKeys (ConfUtils.java:logGet(46)) - raft.server.threadpool.server.size = 0 (default)
2023-07-13 06:11:06,347 [82b6249a-e03c-430a-993b-f8cc239713ce-groupManagement] INFO  server.RaftServerConfigKeys (ConfUtils.java:logGet(46)) - raft.server.threadpool.client.cached = true (default)
2023-07-13 06:11:06,347 [82b6249a-e03c-430a-993b-f8cc239713ce-groupManagement] INFO  server.RaftServerConfigKeys (ConfUtils.java:logGet(46)) - raft.server.threadpool.client.size = 0 (default)
2023-07-13 06:11:06,348 [82b6249a-e03c-430a-993b-f8cc239713ce-groupManagement] INFO  storage.RaftStorageDirectory (RaftStorageDirectoryImpl.java:analyzeStorage(137)) - The storage directory /home/runner/work/ozone/ozone/hadoop-ozone/integration-test/target/test-dir/MiniOzoneClusterImpl-40c29f8c-30b3-4208-9c4d-d76d276bda5b/datanode-0/data/ratis/3efc7990-7ef1-4430-a5c4-d27e6049bee6 does not exist. Creating ...
2023-07-13 06:11:06,350 [82b6249a-e03c-430a-993b-f8cc239713ce-groupManagement] INFO  storage.RaftStorageDirectory (RaftStorageDirectoryImpl.java:tryLock(231)) - Lock on /home/runner/work/ozone/ozone/hadoop-ozone/integration-test/target/test-dir/MiniOzoneClusterImpl-40c29f8c-30b3-4208-9c4d-d76d276bda5b/datanode-0/data/ratis/3efc7990-7ef1-4430-a5c4-d27e6049bee6/in_use.lock acquired by nodename 110901@fv-az932-602
2023-07-13 06:11:06,352 [82b6249a-e03c-430a-993b-f8cc239713ce-groupManagement] INFO  storage.RaftStorage (RaftStorageImpl.java:format(96)) - Storage directory /home/runner/work/ozone/ozone/hadoop-ozone/integration-test/target/test-dir/MiniOzoneClusterImpl-40c29f8c-30b3-4208-9c4d-d76d276bda5b/datanode-0/data/ratis/3efc7990-7ef1-4430-a5c4-d27e6049bee6 has been successfully formatted.
2023-07-13 06:11:06,362 [82b6249a-e03c-430a-993b-f8cc239713ce-groupManagement] INFO  ratis.ContainerStateMachine (ContainerStateMachine.java:loadSnapshot(262)) - group-D27E6049BEE6: The snapshot info is null. Setting the last applied indexto:(t:0, i:~)
2023-07-13 06:11:06,362 [82b6249a-e03c-430a-993b-f8cc239713ce-groupManagement] INFO  server.RaftServerConfigKeys (ConfUtils.java:logGet(46)) - raft.server.log.use.memory = false (default)
2023-07-13 06:11:06,362 [82b6249a-e03c-430a-993b-f8cc239713ce-groupManagement] INFO  server.RaftServerConfigKeys (ConfUtils.java:logGet(46)) - raft.server.log.purge.gap = 1000000 (custom)
2023-07-13 06:11:06,363 [82b6249a-e03c-430a-993b-f8cc239713ce-groupManagement] INFO  server.RaftServerConfigKeys (ConfUtils.java:logGet(46)) - raft.server.log.appender.buffer.byte-limit = 33554432 (custom)
2023-07-13 06:11:06,363 [82b6249a-e03c-430a-993b-f8cc239713ce-groupManagement] INFO  server.RaftServerConfigKeys (ConfUtils.java:logGet(46)) - raft.server.log.statemachine.data.read.timeout = 1000ms (default)
2023-07-13 06:11:06,363 [82b6249a-e03c-430a-993b-f8cc239713ce-groupManagement] INFO  server.RaftServerConfigKeys (ConfUtils.java:logGet(46)) - raft.server.log.purge.preservation.log.num = 0 (default)
2023-07-13 06:11:06,365 [82b6249a-e03c-430a-993b-f8cc239713ce-groupManagement] INFO  server.RaftServerConfigKeys (ConfUtils.java:logGet(46)) - raft.server.log.segment.size.max = 1048576 (custom)
2023-07-13 06:11:06,366 [82b6249a-e03c-430a-993b-f8cc239713ce-groupManagement] INFO  server.RaftServerConfigKeys (ConfUtils.java:logGet(46)) - raft.server.log.segment.cache.num.max = 2 (custom)
2023-07-13 06:11:06,366 [82b6249a-e03c-430a-993b-f8cc239713ce-groupManagement] INFO  server.RaftServerConfigKeys (ConfUtils.java:logGet(46)) - raft.server.log.segment.cache.size.max = 200MB (=209715200) (default)
2023-07-13 06:11:06,366 [82b6249a-e03c-430a-993b-f8cc239713ce-groupManagement] INFO  server.RaftServerConfigKeys (ConfUtils.java:logGet(46)) - raft.server.log.appender.buffer.byte-limit = 33554432 (custom)
2023-07-13 06:11:06,370 [82b6249a-e03c-430a-993b-f8cc239713ce-groupManagement] INFO  segmented.SegmentedRaftLogWorker (SegmentedRaftLogWorker.java:<init>(188)) - new 82b6249a-e03c-430a-993b-f8cc239713ce@group-D27E6049BEE6-SegmentedRaftLogWorker for RaftStorageImpl:Storage Directory /home/runner/work/ozone/ozone/hadoop-ozone/integration-test/target/test-dir/MiniOzoneClusterImpl-40c29f8c-30b3-4208-9c4d-d76d276bda5b/datanode-0/data/ratis/3efc7990-7ef1-4430-a5c4-d27e6049bee6
2023-07-13 06:11:06,370 [82b6249a-e03c-430a-993b-f8cc239713ce-groupManagement] INFO  server.RaftServerConfigKeys (ConfUtils.java:logGet(46)) - raft.server.log.queue.byte-limit = 4294967296 (custom)
2023-07-13 06:11:06,375 [82b6249a-e03c-430a-993b-f8cc239713ce-groupManagement] INFO  server.RaftServerConfigKeys (ConfUtils.java:logGet(46)) - raft.server.log.queue.element-limit = 1024 (custom)
2023-07-13 06:11:06,375 [82b6249a-e03c-430a-993b-f8cc239713ce-groupManagement] INFO  server.RaftServerConfigKeys (ConfUtils.java:logGet(46)) - raft.server.log.segment.size.max = 1048576 (custom)
2023-07-13 06:11:06,375 [82b6249a-e03c-430a-993b-f8cc239713ce-groupManagement] INFO  server.RaftServerConfigKeys (ConfUtils.java:logGet(46)) - raft.server.log.preallocated.size = 16384 (custom)
2023-07-13 06:11:06,375 [82b6249a-e03c-430a-993b-f8cc239713ce-groupManagement] INFO  server.RaftServerConfigKeys (ConfUtils.java:logGet(46)) - raft.server.log.force.sync.num = 128 (default)
2023-07-13 06:11:06,375 [82b6249a-e03c-430a-993b-f8cc239713ce-groupManagement] INFO  server.RaftServerConfigKeys (ConfUtils.java:logGet(46)) - raft.server.log.statemachine.data.sync = true (default)
2023-07-13 06:11:06,375 [82b6249a-e03c-430a-993b-f8cc239713ce-groupManagement] INFO  server.RaftServerConfigKeys (ConfUtils.java:logGet(46)) - raft.server.log.statemachine.data.sync.timeout = 10s (default)
2023-07-13 06:11:06,375 [82b6249a-e03c-430a-993b-f8cc239713ce-groupManagement] INFO  server.RaftServerConfigKeys (ConfUtils.java:logGet(46)) - raft.server.log.statemachine.data.sync.timeout.retry = -1 (default)
2023-07-13 06:11:06,377 [EventQueue-PipelineReportForPipelineReportHandler] INFO  pipeline.PipelineReportHandler (PipelineReportHandler.java:processPipelineReport(136)) - Opened pipeline PipelineID=3efc7990-7ef1-4430-a5c4-d27e6049bee6
2023-07-13 06:11:06,381 [EventQueue-OpenPipelineForHealthyPipelineSafeModeRule] INFO  safemode.SCMSafeModeManager (HealthyPipelineSafeModeRule.java:process(137)) - SCM in safe mode. Healthy pipelines reported count is 0, required healthy pipeline reported count is 1
2023-07-13 06:11:06,386 [82b6249a-e03c-430a-993b-f8cc239713ce-groupManagement] INFO  server.RaftServerConfigKeys (ConfUtils.java:logGet(46)) - raft.server.log.write.buffer.size = 1048576 (custom)
2023-07-13 06:11:06,388 [82b6249a-e03c-430a-993b-f8cc239713ce-groupManagement] INFO  server.RaftServerConfigKeys (ConfUtils.java:logGet(46)) - raft.server.log.appender.buffer.byte-limit = 33554432 (custom)
2023-07-13 06:11:06,394 [82b6249a-e03c-430a-993b-f8cc239713ce-groupManagement] INFO  server.RaftServerConfigKeys (ConfUtils.java:logGet(46)) - raft.server.log.unsafe-flush.enabled = false (default)
2023-07-13 06:11:06,394 [82b6249a-e03c-430a-993b-f8cc239713ce-groupManagement] INFO  server.RaftServerConfigKeys (ConfUtils.java:logGet(46)) - raft.server.log.async-flush.enabled = false (default)
2023-07-13 06:11:06,395 [82b6249a-e03c-430a-993b-f8cc239713ce-groupManagement] INFO  server.RaftServerConfigKeys (ConfUtils.java:logGet(46)) - raft.server.log.statemachine.data.caching.enabled = true (custom)
2023-07-13 06:11:06,395 [82b6249a-e03c-430a-993b-f8cc239713ce-groupManagement] INFO  segmented.SegmentedRaftLogWorker (SegmentedRaftLogWorker.java:lambda$new$0(135)) - 82b6249a-e03c-430a-993b-f8cc239713ce@group-D27E6049BEE6-SegmentedRaftLogWorker: flushIndex: setUnconditionally 0 -> -1
2023-07-13 06:11:06,395 [82b6249a-e03c-430a-993b-f8cc239713ce-groupManagement] INFO  segmented.SegmentedRaftLogWorker (SegmentedRaftLogWorker.java:lambda$new$0(135)) - 82b6249a-e03c-430a-993b-f8cc239713ce@group-D27E6049BEE6-SegmentedRaftLogWorker: safeCacheEvictIndex: setUnconditionally 0 -> -1
2023-07-13 06:11:06,396 [82b6249a-e03c-430a-993b-f8cc239713ce-groupManagement] INFO  server.RaftServer$Division (RaftServerImpl.java:start(342)) - 82b6249a-e03c-430a-993b-f8cc239713ce@group-D27E6049BEE6: start as a follower, conf=-1: peers:[82b6249a-e03c-430a-993b-f8cc239713ce|rpc:10.1.0.28:15014|admin:10.1.0.28:15013|client:10.1.0.28:15012|dataStream:10.1.0.28:15015|priority:1|startupRole:FOLLOWER]|listeners:[], old=null
2023-07-13 06:11:06,396 [82b6249a-e03c-430a-993b-f8cc239713ce-groupManagement] INFO  server.RaftServer$Division (RaftServerImpl.java:setRole(329)) - 82b6249a-e03c-430a-993b-f8cc239713ce@group-D27E6049BEE6: changes role from      null to FOLLOWER at term 0 for startAsFollower
2023-07-13 06:11:06,396 [82b6249a-e03c-430a-993b-f8cc239713ce-groupManagement] INFO  impl.RoleInfo (RoleInfo.java:updateAndGet(139)) - 82b6249a-e03c-430a-993b-f8cc239713ce: start 82b6249a-e03c-430a-993b-f8cc239713ce@group-D27E6049BEE6-FollowerState
2023-07-13 06:11:06,400 [82b6249a-e03c-430a-993b-f8cc239713ce-groupManagement] INFO  util.JmxRegister (JmxRegister.java:tryRegister(44)) - Successfully registered JMX Bean with object name Ratis:service=RaftServer,group=group-D27E6049BEE6,id=82b6249a-e03c-430a-993b-f8cc239713ce
2023-07-13 06:11:06,400 [82b6249a-e03c-430a-993b-f8cc239713ce-groupManagement] INFO  server.RaftServerConfigKeys (ConfUtils.java:logGet(46)) - raft.server.snapshot.auto.trigger.enabled = true (custom)
2023-07-13 06:11:06,400 [82b6249a-e03c-430a-993b-f8cc239713ce-groupManagement] INFO  server.RaftServerConfigKeys (ConfUtils.java:logGet(46)) - raft.server.snapshot.auto.trigger.threshold = 10000 (custom)
2023-07-13 06:11:06,400 [82b6249a-e03c-430a-993b-f8cc239713ce-groupManagement] INFO  server.RaftServerConfigKeys (ConfUtils.java:logGet(46)) - raft.server.snapshot.retention.file.num = 5 (custom)
2023-07-13 06:11:06,400 [82b6249a-e03c-430a-993b-f8cc239713ce-groupManagement] INFO  server.RaftServerConfigKeys (ConfUtils.java:logGet(46)) - raft.server.log.purge.upto.snapshot.index = false (default)
2023-07-13 06:11:06,406 [82b6249a-e03c-430a-993b-f8cc239713ce@group-D27E6049BEE6-FollowerState] INFO  server.RaftServerConfigKeys (ConfUtils.java:logFallback(53)) - raft.server.rpc.first-election.timeout.min = 5s (fallback to raft.server.rpc.timeout.min)
2023-07-13 06:11:06,406 [82b6249a-e03c-430a-993b-f8cc239713ce@group-D27E6049BEE6-FollowerState] INFO  server.RaftServerConfigKeys (ConfUtils.java:logFallback(53)) - raft.server.rpc.first-election.timeout.max = 5200ms (fallback to raft.server.rpc.timeout.max)
2023-07-13 06:11:06,411 [PipelineCommandHandlerThread-0] INFO  ratis.XceiverServerRatis (XceiverServerRatis.java:addGroup(804)) - Created group PipelineID=3efc7990-7ef1-4430-a5c4-d27e6049bee6
2023-07-13 06:11:06,412 [PipelineCommandHandlerThread-0] INFO  commandhandler.CreatePipelineCommandHandler (CreatePipelineCommandHandler.java:lambda$handle$2(124)) - Created Pipeline RATIS ONE PipelineID=3efc7990-7ef1-4430-a5c4-d27e6049bee6.
2023-07-13 06:11:06,413 [PipelineCommandHandlerThread-0] INFO  server.RaftServer (RaftServerProxy.java:addNew(98)) - 82b6249a-e03c-430a-993b-f8cc239713ce: addNew group-8F0EE428B8B8:[d320ba6c-c03b-47af-a073-41dad91ccf26|rpc:10.1.0.28:15032|admin:10.1.0.28:15031|client:10.1.0.28:15030|dataStream:10.1.0.28:15033|priority:0|startupRole:FOLLOWER, 82b6249a-e03c-430a-993b-f8cc239713ce|rpc:10.1.0.28:15014|admin:10.1.0.28:15013|client:10.1.0.28:15012|dataStream:10.1.0.28:15015|priority:1|startupRole:FOLLOWER, 562e6811-3892-4bb8-8c1f-2833a6a2708d|rpc:10.1.0.28:15023|admin:10.1.0.28:15022|client:10.1.0.28:15021|dataStream:10.1.0.28:15024|priority:0|startupRole:FOLLOWER] returns group-8F0EE428B8B8:java.util.concurrent.CompletableFuture@53630c58[Not completed]
2023-07-13 06:11:06,414 [82b6249a-e03c-430a-993b-f8cc239713ce-groupManagement] INFO  server.RaftServer$Division (RaftServerImpl.java:<init>(198)) - 82b6249a-e03c-430a-993b-f8cc239713ce: new RaftServerImpl for group-8F0EE428B8B8:[d320ba6c-c03b-47af-a073-41dad91ccf26|rpc:10.1.0.28:15032|admin:10.1.0.28:15031|client:10.1.0.28:15030|dataStream:10.1.0.28:15033|priority:0|startupRole:FOLLOWER, 82b6249a-e03c-430a-993b-f8cc239713ce|rpc:10.1.0.28:15014|admin:10.1.0.28:15013|client:10.1.0.28:15012|dataStream:10.1.0.28:15015|priority:1|startupRole:FOLLOWER, 562e6811-3892-4bb8-8c1f-2833a6a2708d|rpc:10.1.0.28:15023|admin:10.1.0.28:15022|client:10.1.0.28:15021|dataStream:10.1.0.28:15024|priority:0|startupRole:FOLLOWER] with ContainerStateMachine:uninitialized
2023-07-13 06:11:06,415 [82b6249a-e03c-430a-993b-f8cc239713ce-groupManagement] INFO  server.RaftServerConfigKeys (ConfUtils.java:logGet(46)) - raft.server.rpc.timeout.min = 5s (custom)
2023-07-13 06:11:06,415 [82b6249a-e03c-430a-993b-f8cc239713ce-groupManagement] INFO  server.RaftServerConfigKeys (ConfUtils.java:logGet(46)) - raft.server.rpc.timeout.max = 5200ms (custom)
2023-07-13 06:11:06,415 [82b6249a-e03c-430a-993b-f8cc239713ce-groupManagement] INFO  server.RaftServerConfigKeys (ConfUtils.java:logGet(46)) - raft.server.rpc.sleep.time = 25ms (default)
2023-07-13 06:11:06,415 [82b6249a-e03c-430a-993b-f8cc239713ce-groupManagement] INFO  server.RaftServerConfigKeys (ConfUtils.java:logGet(46)) - raft.server.rpc.slowness.timeout = 300s (custom)
2023-07-13 06:11:06,415 [82b6249a-e03c-430a-993b-f8cc239713ce-groupManagement] INFO  server.RaftServerConfigKeys (ConfUtils.java:logGet(46)) - raft.server.leaderelection.leader.step-down.wait-time = 10s (default)
2023-07-13 06:11:06,415 [82b6249a-e03c-430a-993b-f8cc239713ce-groupManagement] INFO  server.RaftServerConfigKeys (ConfUtils.java:logGet(46)) - raft.server.sleep.deviation.threshold = 300ms (default)
2023-07-13 06:11:06,415 [82b6249a-e03c-430a-993b-f8cc239713ce-groupManagement] INFO  server.RaftServer$Division (ServerState.java:<init>(120)) - 82b6249a-e03c-430a-993b-f8cc239713ce@group-8F0EE428B8B8: ConfigurationManager, init=-1: peers:[d320ba6c-c03b-47af-a073-41dad91ccf26|rpc:10.1.0.28:15032|admin:10.1.0.28:15031|client:10.1.0.28:15030|dataStream:10.1.0.28:15033|priority:0|startupRole:FOLLOWER, 82b6249a-e03c-430a-993b-f8cc239713ce|rpc:10.1.0.28:15014|admin:10.1.0.28:15013|client:10.1.0.28:15012|dataStream:10.1.0.28:15015|priority:1|startupRole:FOLLOWER, 562e6811-3892-4bb8-8c1f-2833a6a2708d|rpc:10.1.0.28:15023|admin:10.1.0.28:15022|client:10.1.0.28:15021|dataStream:10.1.0.28:15024|priority:0|startupRole:FOLLOWER]|listeners:[], old=null, confs=<EMPTY_MAP>
2023-07-13 06:11:06,415 [82b6249a-e03c-430a-993b-f8cc239713ce-groupManagement] INFO  server.RaftServerConfigKeys (ConfUtils.java:logGet(46)) - raft.server.storage.dir = [/home/runner/work/ozone/ozone/hadoop-ozone/integration-test/target/test-dir/MiniOzoneClusterImpl-40c29f8c-30b3-4208-9c4d-d76d276bda5b/datanode-0/data/ratis] (custom)
2023-07-13 06:11:06,416 [82b6249a-e03c-430a-993b-f8cc239713ce-groupManagement] INFO  server.RaftServerConfigKeys (ConfUtils.java:logGet(46)) - raft.server.log.corruption.policy = EXCEPTION (default)
2023-07-13 06:11:06,416 [82b6249a-e03c-430a-993b-f8cc239713ce-groupManagement] INFO  server.RaftServerConfigKeys (ConfUtils.java:logGet(46)) - raft.server.storage.free-space.min = 0MB (=0) (default)
2023-07-13 06:11:06,416 [82b6249a-e03c-430a-993b-f8cc239713ce-groupManagement] INFO  server.RaftServerConfigKeys (ConfUtils.java:logGet(46)) - raft.server.notification.no-leader.timeout = 300s (custom)
2023-07-13 06:11:06,416 [82b6249a-e03c-430a-993b-f8cc239713ce-groupManagement] INFO  server.RaftServerConfigKeys (ConfUtils.java:logGet(46)) - raft.server.read.timeout = 10s (default)
2023-07-13 06:11:06,416 [82b6249a-e03c-430a-993b-f8cc239713ce-groupManagement] INFO  server.RaftServerConfigKeys (ConfUtils.java:logGet(46)) - raft.server.retrycache.expirytime = 600000ms (custom)
2023-07-13 06:11:06,416 [82b6249a-e03c-430a-993b-f8cc239713ce-groupManagement] INFO  server.RaftServerConfigKeys (ConfUtils.java:logGet(46)) - raft.server.retrycache.statistics.expirytime = 100μs (default)
2023-07-13 06:11:06,417 [82b6249a-e03c-430a-993b-f8cc239713ce-groupManagement] INFO  server.RaftServerConfigKeys (ConfUtils.java:logGet(46)) - raft.server.read.option = DEFAULT (default)
2023-07-13 06:11:06,420 [82b6249a-e03c-430a-993b-f8cc239713ce-groupManagement] INFO  server.RaftServerConfigKeys (ConfUtils.java:logGet(46)) - raft.server.rpc.request.timeout = 60s (custom)
2023-07-13 06:11:06,420 [82b6249a-e03c-430a-993b-f8cc239713ce-groupManagement] INFO  server.RaftServerConfigKeys (ConfUtils.java:logGet(46)) - raft.server.log.appender.install.snapshot.enabled = false (custom)
2023-07-13 06:11:06,420 [82b6249a-e03c-430a-993b-f8cc239713ce-groupManagement] INFO  server.RaftServerConfigKeys (ConfUtils.java:logGet(46)) - raft.server.threadpool.server.cached = true (default)
2023-07-13 06:11:06,420 [82b6249a-e03c-430a-993b-f8cc239713ce-groupManagement] INFO  server.RaftServerConfigKeys (ConfUtils.java:logGet(46)) - raft.server.threadpool.server.size = 0 (default)
2023-07-13 06:11:06,420 [82b6249a-e03c-430a-993b-f8cc239713ce-groupManagement] INFO  server.RaftServerConfigKeys (ConfUtils.java:logGet(46)) - raft.server.threadpool.client.cached = true (default)
2023-07-13 06:11:06,420 [82b6249a-e03c-430a-993b-f8cc239713ce-groupManagement] INFO  server.RaftServerConfigKeys (ConfUtils.java:logGet(46)) - raft.server.threadpool.client.size = 0 (default)
2023-07-13 06:11:06,420 [82b6249a-e03c-430a-993b-f8cc239713ce-groupManagement] INFO  storage.RaftStorageDirectory (RaftStorageDirectoryImpl.java:analyzeStorage(137)) - The storage directory /home/runner/work/ozone/ozone/hadoop-ozone/integration-test/target/test-dir/MiniOzoneClusterImpl-40c29f8c-30b3-4208-9c4d-d76d276bda5b/datanode-0/data/ratis/94a47cff-0942-447d-b8b2-8f0ee428b8b8 does not exist. Creating ...
2023-07-13 06:11:06,422 [82b6249a-e03c-430a-993b-f8cc239713ce-groupManagement] INFO  storage.RaftStorageDirectory (RaftStorageDirectoryImpl.java:tryLock(231)) - Lock on /home/runner/work/ozone/ozone/hadoop-ozone/integration-test/target/test-dir/MiniOzoneClusterImpl-40c29f8c-30b3-4208-9c4d-d76d276bda5b/datanode-0/data/ratis/94a47cff-0942-447d-b8b2-8f0ee428b8b8/in_use.lock acquired by nodename 110901@fv-az932-602
2023-07-13 06:11:06,424 [82b6249a-e03c-430a-993b-f8cc239713ce-groupManagement] INFO  storage.RaftStorage (RaftStorageImpl.java:format(96)) - Storage directory /home/runner/work/ozone/ozone/hadoop-ozone/integration-test/target/test-dir/MiniOzoneClusterImpl-40c29f8c-30b3-4208-9c4d-d76d276bda5b/datanode-0/data/ratis/94a47cff-0942-447d-b8b2-8f0ee428b8b8 has been successfully formatted.
2023-07-13 06:11:06,424 [82b6249a-e03c-430a-993b-f8cc239713ce-groupManagement] INFO  ratis.ContainerStateMachine (ContainerStateMachine.java:loadSnapshot(262)) - group-8F0EE428B8B8: The snapshot info is null. Setting the last applied indexto:(t:0, i:~)
2023-07-13 06:11:06,424 [82b6249a-e03c-430a-993b-f8cc239713ce-groupManagement] INFO  server.RaftServerConfigKeys (ConfUtils.java:logGet(46)) - raft.server.log.use.memory = false (default)
2023-07-13 06:11:06,425 [82b6249a-e03c-430a-993b-f8cc239713ce-groupManagement] INFO  server.RaftServerConfigKeys (ConfUtils.java:logGet(46)) - raft.server.log.purge.gap = 1000000 (custom)
2023-07-13 06:11:06,425 [82b6249a-e03c-430a-993b-f8cc239713ce-groupManagement] INFO  server.RaftServerConfigKeys (ConfUtils.java:logGet(46)) - raft.server.log.appender.buffer.byte-limit = 33554432 (custom)
2023-07-13 06:11:06,425 [82b6249a-e03c-430a-993b-f8cc239713ce-groupManagement] INFO  server.RaftServerConfigKeys (ConfUtils.java:logGet(46)) - raft.server.log.statemachine.data.read.timeout = 1000ms (default)
2023-07-13 06:11:06,425 [82b6249a-e03c-430a-993b-f8cc239713ce-groupManagement] INFO  server.RaftServerConfigKeys (ConfUtils.java:logGet(46)) - raft.server.log.purge.preservation.log.num = 0 (default)
2023-07-13 06:11:06,427 [82b6249a-e03c-430a-993b-f8cc239713ce-groupManagement] INFO  server.RaftServerConfigKeys (ConfUtils.java:logGet(46)) - raft.server.log.segment.size.max = 1048576 (custom)
2023-07-13 06:11:06,428 [EventQueue-OpenPipelineForHealthyPipelineSafeModeRule] INFO  safemode.SCMSafeModeManager (HealthyPipelineSafeModeRule.java:process(137)) - SCM in safe mode. Healthy pipelines reported count is 0, required healthy pipeline reported count is 1
2023-07-13 06:11:06,430 [82b6249a-e03c-430a-993b-f8cc239713ce-groupManagement] INFO  server.RaftServerConfigKeys (ConfUtils.java:logGet(46)) - raft.server.log.segment.cache.num.max = 2 (custom)
2023-07-13 06:11:06,432 [82b6249a-e03c-430a-993b-f8cc239713ce-groupManagement] INFO  server.RaftServerConfigKeys (ConfUtils.java:logGet(46)) - raft.server.log.segment.cache.size.max = 200MB (=209715200) (default)
2023-07-13 06:11:06,432 [82b6249a-e03c-430a-993b-f8cc239713ce-groupManagement] INFO  server.RaftServerConfigKeys (ConfUtils.java:logGet(46)) - raft.server.log.appender.buffer.byte-limit = 33554432 (custom)
2023-07-13 06:11:06,433 [82b6249a-e03c-430a-993b-f8cc239713ce-groupManagement] INFO  segmented.SegmentedRaftLogWorker (SegmentedRaftLogWorker.java:<init>(188)) - new 82b6249a-e03c-430a-993b-f8cc239713ce@group-8F0EE428B8B8-SegmentedRaftLogWorker for RaftStorageImpl:Storage Directory /home/runner/work/ozone/ozone/hadoop-ozone/integration-test/target/test-dir/MiniOzoneClusterImpl-40c29f8c-30b3-4208-9c4d-d76d276bda5b/datanode-0/data/ratis/94a47cff-0942-447d-b8b2-8f0ee428b8b8
2023-07-13 06:11:06,433 [82b6249a-e03c-430a-993b-f8cc239713ce-groupManagement] INFO  server.RaftServerConfigKeys (ConfUtils.java:logGet(46)) - raft.server.log.queue.byte-limit = 4294967296 (custom)
2023-07-13 06:11:06,433 [82b6249a-e03c-430a-993b-f8cc239713ce-groupManagement] INFO  server.RaftServerConfigKeys (ConfUtils.java:logGet(46)) - raft.server.log.queue.element-limit = 1024 (custom)
2023-07-13 06:11:06,433 [82b6249a-e03c-430a-993b-f8cc239713ce-groupManagement] INFO  server.RaftServerConfigKeys (ConfUtils.java:logGet(46)) - raft.server.log.segment.size.max = 1048576 (custom)
2023-07-13 06:11:06,433 [82b6249a-e03c-430a-993b-f8cc239713ce-groupManagement] INFO  server.RaftServerConfigKeys (ConfUtils.java:logGet(46)) - raft.server.log.preallocated.size = 16384 (custom)
2023-07-13 06:11:06,433 [82b6249a-e03c-430a-993b-f8cc239713ce-groupManagement] INFO  server.RaftServerConfigKeys (ConfUtils.java:logGet(46)) - raft.server.log.force.sync.num = 128 (default)
2023-07-13 06:11:06,433 [82b6249a-e03c-430a-993b-f8cc239713ce-groupManagement] INFO  server.RaftServerConfigKeys (ConfUtils.java:logGet(46)) - raft.server.log.statemachine.data.sync = true (default)
2023-07-13 06:11:06,433 [82b6249a-e03c-430a-993b-f8cc239713ce-groupManagement] INFO  server.RaftServerConfigKeys (ConfUtils.java:logGet(46)) - raft.server.log.statemachine.data.sync.timeout = 10s (default)
2023-07-13 06:11:06,433 [82b6249a-e03c-430a-993b-f8cc239713ce-groupManagement] INFO  server.RaftServerConfigKeys (ConfUtils.java:logGet(46)) - raft.server.log.statemachine.data.sync.timeout.retry = -1 (default)
2023-07-13 06:11:06,436 [82b6249a-e03c-430a-993b-f8cc239713ce-groupManagement] INFO  server.RaftServerConfigKeys (ConfUtils.java:logGet(46)) - raft.server.log.write.buffer.size = 1048576 (custom)
2023-07-13 06:11:06,437 [82b6249a-e03c-430a-993b-f8cc239713ce-groupManagement] INFO  server.RaftServerConfigKeys (ConfUtils.java:logGet(46)) - raft.server.log.appender.buffer.byte-limit = 33554432 (custom)
2023-07-13 06:11:06,444 [82b6249a-e03c-430a-993b-f8cc239713ce-groupManagement] INFO  server.RaftServerConfigKeys (ConfUtils.java:logGet(46)) - raft.server.log.unsafe-flush.enabled = false (default)
2023-07-13 06:11:06,444 [82b6249a-e03c-430a-993b-f8cc239713ce-groupManagement] INFO  server.RaftServerConfigKeys (ConfUtils.java:logGet(46)) - raft.server.log.async-flush.enabled = false (default)
2023-07-13 06:11:06,444 [82b6249a-e03c-430a-993b-f8cc239713ce-groupManagement] INFO  server.RaftServerConfigKeys (ConfUtils.java:logGet(46)) - raft.server.log.statemachine.data.caching.enabled = true (custom)
2023-07-13 06:11:06,445 [82b6249a-e03c-430a-993b-f8cc239713ce-groupManagement] INFO  segmented.SegmentedRaftLogWorker (SegmentedRaftLogWorker.java:lambda$new$0(135)) - 82b6249a-e03c-430a-993b-f8cc239713ce@group-8F0EE428B8B8-SegmentedRaftLogWorker: flushIndex: setUnconditionally 0 -> -1
2023-07-13 06:11:06,445 [82b6249a-e03c-430a-993b-f8cc239713ce-groupManagement] INFO  segmented.SegmentedRaftLogWorker (SegmentedRaftLogWorker.java:lambda$new$0(135)) - 82b6249a-e03c-430a-993b-f8cc239713ce@group-8F0EE428B8B8-SegmentedRaftLogWorker: safeCacheEvictIndex: setUnconditionally 0 -> -1
2023-07-13 06:11:06,445 [82b6249a-e03c-430a-993b-f8cc239713ce-groupManagement] INFO  server.RaftServer$Division (RaftServerImpl.java:start(342)) - 82b6249a-e03c-430a-993b-f8cc239713ce@group-8F0EE428B8B8: start as a follower, conf=-1: peers:[d320ba6c-c03b-47af-a073-41dad91ccf26|rpc:10.1.0.28:15032|admin:10.1.0.28:15031|client:10.1.0.28:15030|dataStream:10.1.0.28:15033|priority:0|startupRole:FOLLOWER, 82b6249a-e03c-430a-993b-f8cc239713ce|rpc:10.1.0.28:15014|admin:10.1.0.28:15013|client:10.1.0.28:15012|dataStream:10.1.0.28:15015|priority:1|startupRole:FOLLOWER, 562e6811-3892-4bb8-8c1f-2833a6a2708d|rpc:10.1.0.28:15023|admin:10.1.0.28:15022|client:10.1.0.28:15021|dataStream:10.1.0.28:15024|priority:0|startupRole:FOLLOWER]|listeners:[], old=null
2023-07-13 06:11:06,445 [82b6249a-e03c-430a-993b-f8cc239713ce-groupManagement] INFO  server.RaftServer$Division (RaftServerImpl.java:setRole(329)) - 82b6249a-e03c-430a-993b-f8cc239713ce@group-8F0EE428B8B8: changes role from      null to FOLLOWER at term 0 for startAsFollower
2023-07-13 06:11:06,445 [82b6249a-e03c-430a-993b-f8cc239713ce-groupManagement] INFO  impl.RoleInfo (RoleInfo.java:updateAndGet(139)) - 82b6249a-e03c-430a-993b-f8cc239713ce: start 82b6249a-e03c-430a-993b-f8cc239713ce@group-8F0EE428B8B8-FollowerState
2023-07-13 06:11:06,451 [82b6249a-e03c-430a-993b-f8cc239713ce-groupManagement] INFO  util.JmxRegister (JmxRegister.java:tryRegister(44)) - Successfully registered JMX Bean with object name Ratis:service=RaftServer,group=group-8F0EE428B8B8,id=82b6249a-e03c-430a-993b-f8cc239713ce
2023-07-13 06:11:06,451 [82b6249a-e03c-430a-993b-f8cc239713ce-groupManagement] INFO  server.RaftServerConfigKeys (ConfUtils.java:logGet(46)) - raft.server.snapshot.auto.trigger.enabled = true (custom)
2023-07-13 06:11:06,451 [82b6249a-e03c-430a-993b-f8cc239713ce-groupManagement] INFO  server.RaftServerConfigKeys (ConfUtils.java:logGet(46)) - raft.server.snapshot.auto.trigger.threshold = 10000 (custom)
2023-07-13 06:11:06,451 [82b6249a-e03c-430a-993b-f8cc239713ce-groupManagement] INFO  server.RaftServerConfigKeys (ConfUtils.java:logGet(46)) - raft.server.snapshot.retention.file.num = 5 (custom)
2023-07-13 06:11:06,451 [82b6249a-e03c-430a-993b-f8cc239713ce-groupManagement] INFO  server.RaftServerConfigKeys (ConfUtils.java:logGet(46)) - raft.server.log.purge.upto.snapshot.index = false (default)
2023-07-13 06:11:06,452 [82b6249a-e03c-430a-993b-f8cc239713ce@group-8F0EE428B8B8-FollowerState] INFO  server.RaftServerConfigKeys (ConfUtils.java:logFallback(53)) - raft.server.rpc.first-election.timeout.min = 5s (fallback to raft.server.rpc.timeout.min)
2023-07-13 06:11:06,461 [PipelineCommandHandlerThread-0] INFO  ratis.XceiverServerRatis (XceiverServerRatis.java:addGroup(804)) - Created group PipelineID=94a47cff-0942-447d-b8b2-8f0ee428b8b8
2023-07-13 06:11:06,462 [82b6249a-e03c-430a-993b-f8cc239713ce@group-8F0EE428B8B8-FollowerState] INFO  server.RaftServerConfigKeys (ConfUtils.java:logFallback(53)) - raft.server.rpc.first-election.timeout.max = 5200ms (fallback to raft.server.rpc.timeout.max)
2023-07-13 06:11:06,686 [IPC Server handler 2 on default port 15002] INFO  net.NetworkTopologyImpl (NetworkTopologyImpl.java:add(112)) - Added a new node: /default-rack/42c94fbf-dc57-4435-80ab-f9b7a4e6d382
2023-07-13 06:11:06,686 [IPC Server handler 2 on default port 15002] INFO  node.SCMNodeManager (SCMNodeManager.java:register(405)) - Registered Data node : 42c94fbf-dc57-4435-80ab-f9b7a4e6d382{ip: 10.1.0.28, host: fv-az932-602.ktyqbx4ivk1enavz3wfkrixyxe.bx.internal.cloudapp.net, ports: [HTTP=15072, CLIENT_RPC=15073, REPLICATION=15079, RATIS=15075, RATIS_ADMIN=15076, RATIS_SERVER=15077, RATIS_DATASTREAM=15078, STANDALONE=15074], networkLocation: /default-rack, certSerialId: null, persistedOpState: null, persistedOpStateExpiryEpochSec: 0}
2023-07-13 06:11:06,687 [EventQueue-NewNodeForNewNodeHandler] INFO  pipeline.BackgroundPipelineCreator (BackgroundPipelineCreator.java:notifyEventTriggered(277)) - trigger a one-shot run on RatisPipelineUtilsThread.
2023-07-13 06:11:06,687 [RatisPipelineUtilsThread - 0] INFO  pipeline.RatisPipelineProvider (RatisPipelineProvider.java:lambda$create$0(206)) - Sending CreatePipelineCommand for pipeline:PipelineID=6a2ffa38-7a17-4e3a-994d-fe843c8439ab to datanode:42c94fbf-dc57-4435-80ab-f9b7a4e6d382
2023-07-13 06:11:06,691 [main] INFO  ozone.MiniOzoneClusterImpl (MiniOzoneClusterImpl.java:lambda$waitForClusterToBeReady$0(224)) - Waiting for nodes to be ready. Got 8 of 10 DN Heartbeats.
2023-07-13 06:11:06,691 [main] INFO  ozone.MiniOzoneClusterImpl (MiniOzoneClusterImpl.java:lambda$waitForClusterToBeReady$0(227)) - Waiting for cluster to exit safe mode
2023-07-13 06:11:06,691 [main] INFO  ozone.MiniOzoneClusterImpl (MiniOzoneClusterImpl.java:lambda$waitForClusterToBeReady$0(229)) - SCM became leader
2023-07-13 06:11:06,695 [RatisPipelineUtilsThread - 0] INFO  pipeline.BackgroundPipelineCreator (BackgroundPipelineCreator.java:createPipelines(233)) - Created new pipeline Pipeline[ Id: 6a2ffa38-7a17-4e3a-994d-fe843c8439ab, Nodes: 42c94fbf-dc57-4435-80ab-f9b7a4e6d382(fv-az932-602.ktyqbx4ivk1enavz3wfkrixyxe.bx.internal.cloudapp.net/10.1.0.28), ReplicationConfig: RATIS/ONE, State:ALLOCATED, leaderId:, CreationTimestamp2023-07-13T06:11:06.687Z[Etc/UTC]]
2023-07-13 06:11:06,695 [RatisPipelineUtilsThread - 0] WARN  pipeline.PipelinePlacementPolicy (PipelinePlacementPolicy.java:filterViableNodes(166)) - Pipeline creation failed due to no sufficient healthy datanodes. Required 3. Found 2. Excluded 6.
2023-07-13 06:11:06,790 [PipelineCommandHandlerThread-0] INFO  server.RaftServer (RaftServerProxy.java:addNew(98)) - 562e6811-3892-4bb8-8c1f-2833a6a2708d: addNew group-31FA444A9B28:[562e6811-3892-4bb8-8c1f-2833a6a2708d|rpc:10.1.0.28:15023|admin:10.1.0.28:15022|client:10.1.0.28:15021|dataStream:10.1.0.28:15024|priority:1|startupRole:FOLLOWER] returns group-31FA444A9B28:java.util.concurrent.CompletableFuture@295326d2[Not completed]
2023-07-13 06:11:06,792 [562e6811-3892-4bb8-8c1f-2833a6a2708d-groupManagement] INFO  server.RaftServer$Division (RaftServerImpl.java:<init>(198)) - 562e6811-3892-4bb8-8c1f-2833a6a2708d: new RaftServerImpl for group-31FA444A9B28:[562e6811-3892-4bb8-8c1f-2833a6a2708d|rpc:10.1.0.28:15023|admin:10.1.0.28:15022|client:10.1.0.28:15021|dataStream:10.1.0.28:15024|priority:1|startupRole:FOLLOWER] with ContainerStateMachine:uninitialized
2023-07-13 06:11:06,792 [562e6811-3892-4bb8-8c1f-2833a6a2708d-groupManagement] INFO  server.RaftServerConfigKeys (ConfUtils.java:logGet(46)) - raft.server.rpc.timeout.min = 5s (custom)
2023-07-13 06:11:06,793 [562e6811-3892-4bb8-8c1f-2833a6a2708d-groupManagement] INFO  server.RaftServerConfigKeys (ConfUtils.java:logGet(46)) - raft.server.rpc.timeout.max = 5200ms (custom)
2023-07-13 06:11:06,793 [562e6811-3892-4bb8-8c1f-2833a6a2708d-groupManagement] INFO  server.RaftServerConfigKeys (ConfUtils.java:logGet(46)) - raft.server.rpc.sleep.time = 25ms (default)
2023-07-13 06:11:06,793 [562e6811-3892-4bb8-8c1f-2833a6a2708d-groupManagement] INFO  server.RaftServerConfigKeys (ConfUtils.java:logGet(46)) - raft.server.rpc.slowness.timeout = 300s (custom)
2023-07-13 06:11:06,793 [562e6811-3892-4bb8-8c1f-2833a6a2708d-groupManagement] INFO  server.RaftServerConfigKeys (ConfUtils.java:logGet(46)) - raft.server.leaderelection.leader.step-down.wait-time = 10s (default)
2023-07-13 06:11:06,793 [562e6811-3892-4bb8-8c1f-2833a6a2708d-groupManagement] INFO  server.RaftServerConfigKeys (ConfUtils.java:logGet(46)) - raft.server.sleep.deviation.threshold = 300ms (default)
2023-07-13 06:11:06,793 [562e6811-3892-4bb8-8c1f-2833a6a2708d-groupManagement] INFO  server.RaftServer$Division (ServerState.java:<init>(120)) - 562e6811-3892-4bb8-8c1f-2833a6a2708d@group-31FA444A9B28: ConfigurationManager, init=-1: peers:[562e6811-3892-4bb8-8c1f-2833a6a2708d|rpc:10.1.0.28:15023|admin:10.1.0.28:15022|client:10.1.0.28:15021|dataStream:10.1.0.28:15024|priority:1|startupRole:FOLLOWER]|listeners:[], old=null, confs=<EMPTY_MAP>
2023-07-13 06:11:06,793 [562e6811-3892-4bb8-8c1f-2833a6a2708d-groupManagement] INFO  server.RaftServerConfigKeys (ConfUtils.java:logGet(46)) - raft.server.storage.dir = [/home/runner/work/ozone/ozone/hadoop-ozone/integration-test/target/test-dir/MiniOzoneClusterImpl-40c29f8c-30b3-4208-9c4d-d76d276bda5b/datanode-1/data/ratis] (custom)
2023-07-13 06:11:06,793 [562e6811-3892-4bb8-8c1f-2833a6a2708d-groupManagement] INFO  server.RaftServerConfigKeys (ConfUtils.java:logGet(46)) - raft.server.log.corruption.policy = EXCEPTION (default)
2023-07-13 06:11:06,793 [562e6811-3892-4bb8-8c1f-2833a6a2708d-groupManagement] INFO  server.RaftServerConfigKeys (ConfUtils.java:logGet(46)) - raft.server.storage.free-space.min = 0MB (=0) (default)
2023-07-13 06:11:06,793 [562e6811-3892-4bb8-8c1f-2833a6a2708d-groupManagement] INFO  server.RaftServerConfigKeys (ConfUtils.java:logGet(46)) - raft.server.notification.no-leader.timeout = 300s (custom)
2023-07-13 06:11:06,793 [562e6811-3892-4bb8-8c1f-2833a6a2708d-groupManagement] INFO  server.RaftServerConfigKeys (ConfUtils.java:logGet(46)) - raft.server.read.timeout = 10s (default)
2023-07-13 06:11:06,794 [562e6811-3892-4bb8-8c1f-2833a6a2708d-groupManagement] INFO  server.RaftServerConfigKeys (ConfUtils.java:logGet(46)) - raft.server.retrycache.expirytime = 600000ms (custom)
2023-07-13 06:11:06,794 [562e6811-3892-4bb8-8c1f-2833a6a2708d-groupManagement] INFO  server.RaftServerConfigKeys (ConfUtils.java:logGet(46)) - raft.server.retrycache.statistics.expirytime = 100μs (default)
2023-07-13 06:11:06,794 [562e6811-3892-4bb8-8c1f-2833a6a2708d-groupManagement] INFO  server.RaftServerConfigKeys (ConfUtils.java:logGet(46)) - raft.server.read.option = DEFAULT (default)
2023-07-13 06:11:06,806 [562e6811-3892-4bb8-8c1f-2833a6a2708d-groupManagement] INFO  server.RaftServerConfigKeys (ConfUtils.java:logGet(46)) - raft.server.rpc.request.timeout = 60s (custom)
2023-07-13 06:11:06,806 [562e6811-3892-4bb8-8c1f-2833a6a2708d-groupManagement] INFO  server.RaftServerConfigKeys (ConfUtils.java:logGet(46)) - raft.server.log.appender.install.snapshot.enabled = false (custom)
2023-07-13 06:11:06,806 [562e6811-3892-4bb8-8c1f-2833a6a2708d-groupManagement] INFO  server.RaftServerConfigKeys (ConfUtils.java:logGet(46)) - raft.server.threadpool.server.cached = true (default)
2023-07-13 06:11:06,806 [562e6811-3892-4bb8-8c1f-2833a6a2708d-groupManagement] INFO  server.RaftServerConfigKeys (ConfUtils.java:logGet(46)) - raft.server.threadpool.server.size = 0 (default)
2023-07-13 06:11:06,807 [562e6811-3892-4bb8-8c1f-2833a6a2708d-groupManagement] INFO  server.RaftServerConfigKeys (ConfUtils.java:logGet(46)) - raft.server.threadpool.client.cached = true (default)
2023-07-13 06:11:06,807 [562e6811-3892-4bb8-8c1f-2833a6a2708d-groupManagement] INFO  server.RaftServerConfigKeys (ConfUtils.java:logGet(46)) - raft.server.threadpool.client.size = 0 (default)
2023-07-13 06:11:06,807 [562e6811-3892-4bb8-8c1f-2833a6a2708d-groupManagement] INFO  storage.RaftStorageDirectory (RaftStorageDirectoryImpl.java:analyzeStorage(137)) - The storage directory /home/runner/work/ozone/ozone/hadoop-ozone/integration-test/target/test-dir/MiniOzoneClusterImpl-40c29f8c-30b3-4208-9c4d-d76d276bda5b/datanode-1/data/ratis/13df0dde-cee7-4b36-b8f9-31fa444a9b28 does not exist. Creating ...
2023-07-13 06:11:06,811 [562e6811-3892-4bb8-8c1f-2833a6a2708d-groupManagement] INFO  storage.RaftStorageDirectory (RaftStorageDirectoryImpl.java:tryLock(231)) - Lock on /home/runner/work/ozone/ozone/hadoop-ozone/integration-test/target/test-dir/MiniOzoneClusterImpl-40c29f8c-30b3-4208-9c4d-d76d276bda5b/datanode-1/data/ratis/13df0dde-cee7-4b36-b8f9-31fa444a9b28/in_use.lock acquired by nodename 110901@fv-az932-602
2023-07-13 06:11:06,813 [562e6811-3892-4bb8-8c1f-2833a6a2708d-groupManagement] INFO  storage.RaftStorage (RaftStorageImpl.java:format(96)) - Storage directory /home/runner/work/ozone/ozone/hadoop-ozone/integration-test/target/test-dir/MiniOzoneClusterImpl-40c29f8c-30b3-4208-9c4d-d76d276bda5b/datanode-1/data/ratis/13df0dde-cee7-4b36-b8f9-31fa444a9b28 has been successfully formatted.
2023-07-13 06:11:06,818 [562e6811-3892-4bb8-8c1f-2833a6a2708d-groupManagement] INFO  ratis.ContainerStateMachine (ContainerStateMachine.java:loadSnapshot(262)) - group-31FA444A9B28: The snapshot info is null. Setting the last applied indexto:(t:0, i:~)
2023-07-13 06:11:06,819 [562e6811-3892-4bb8-8c1f-2833a6a2708d-groupManagement] INFO  server.RaftServerConfigKeys (ConfUtils.java:logGet(46)) - raft.server.log.use.memory = false (default)
2023-07-13 06:11:06,819 [562e6811-3892-4bb8-8c1f-2833a6a2708d-groupManagement] INFO  server.RaftServerConfigKeys (ConfUtils.java:logGet(46)) - raft.server.log.purge.gap = 1000000 (custom)
2023-07-13 06:11:06,819 [562e6811-3892-4bb8-8c1f-2833a6a2708d-groupManagement] INFO  server.RaftServerConfigKeys (ConfUtils.java:logGet(46)) - raft.server.log.appender.buffer.byte-limit = 33554432 (custom)
2023-07-13 06:11:06,820 [562e6811-3892-4bb8-8c1f-2833a6a2708d-groupManagement] INFO  server.RaftServerConfigKeys (ConfUtils.java:logGet(46)) - raft.server.log.statemachine.data.read.timeout = 1000ms (default)
2023-07-13 06:11:06,820 [562e6811-3892-4bb8-8c1f-2833a6a2708d-groupManagement] INFO  server.RaftServerConfigKeys (ConfUtils.java:logGet(46)) - raft.server.log.purge.preservation.log.num = 0 (default)
2023-07-13 06:11:06,822 [EventQueue-PipelineReportForPipelineReportHandler] INFO  pipeline.PipelineReportHandler (PipelineReportHandler.java:processPipelineReport(136)) - Opened pipeline PipelineID=13df0dde-cee7-4b36-b8f9-31fa444a9b28
2023-07-13 06:11:06,822 [EventQueue-OpenPipelineForHealthyPipelineSafeModeRule] INFO  safemode.SCMSafeModeManager (HealthyPipelineSafeModeRule.java:process(137)) - SCM in safe mode. Healthy pipelines reported count is 0, required healthy pipeline reported count is 1
2023-07-13 06:11:06,824 [562e6811-3892-4bb8-8c1f-2833a6a2708d-groupManagement] INFO  server.RaftServerConfigKeys (ConfUtils.java:logGet(46)) - raft.server.log.segment.size.max = 1048576 (custom)
2023-07-13 06:11:06,826 [562e6811-3892-4bb8-8c1f-2833a6a2708d-groupManagement] INFO  server.RaftServerConfigKeys (ConfUtils.java:logGet(46)) - raft.server.log.segment.cache.num.max = 2 (custom)
2023-07-13 06:11:06,826 [562e6811-3892-4bb8-8c1f-2833a6a2708d-groupManagement] INFO  server.RaftServerConfigKeys (ConfUtils.java:logGet(46)) - raft.server.log.segment.cache.size.max = 200MB (=209715200) (default)
2023-07-13 06:11:06,826 [562e6811-3892-4bb8-8c1f-2833a6a2708d-groupManagement] INFO  server.RaftServerConfigKeys (ConfUtils.java:logGet(46)) - raft.server.log.appender.buffer.byte-limit = 33554432 (custom)
2023-07-13 06:11:06,826 [562e6811-3892-4bb8-8c1f-2833a6a2708d-groupManagement] INFO  segmented.SegmentedRaftLogWorker (SegmentedRaftLogWorker.java:<init>(188)) - new 562e6811-3892-4bb8-8c1f-2833a6a2708d@group-31FA444A9B28-SegmentedRaftLogWorker for RaftStorageImpl:Storage Directory /home/runner/work/ozone/ozone/hadoop-ozone/integration-test/target/test-dir/MiniOzoneClusterImpl-40c29f8c-30b3-4208-9c4d-d76d276bda5b/datanode-1/data/ratis/13df0dde-cee7-4b36-b8f9-31fa444a9b28
2023-07-13 06:11:06,826 [562e6811-3892-4bb8-8c1f-2833a6a2708d-groupManagement] INFO  server.RaftServerConfigKeys (ConfUtils.java:logGet(46)) - raft.server.log.queue.byte-limit = 4294967296 (custom)
2023-07-13 06:11:06,826 [562e6811-3892-4bb8-8c1f-2833a6a2708d-groupManagement] INFO  server.RaftServerConfigKeys (ConfUtils.java:logGet(46)) - raft.server.log.queue.element-limit = 1024 (custom)
2023-07-13 06:11:06,826 [562e6811-3892-4bb8-8c1f-2833a6a2708d-groupManagement] INFO  server.RaftServerConfigKeys (ConfUtils.java:logGet(46)) - raft.server.log.segment.size.max = 1048576 (custom)
2023-07-13 06:11:06,826 [562e6811-3892-4bb8-8c1f-2833a6a2708d-groupManagement] INFO  server.RaftServerConfigKeys (ConfUtils.java:logGet(46)) - raft.server.log.preallocated.size = 16384 (custom)
2023-07-13 06:11:06,828 [562e6811-3892-4bb8-8c1f-2833a6a2708d-groupManagement] INFO  server.RaftServerConfigKeys (ConfUtils.java:logGet(46)) - raft.server.log.force.sync.num = 128 (default)
2023-07-13 06:11:06,828 [562e6811-3892-4bb8-8c1f-2833a6a2708d-groupManagement] INFO  server.RaftServerConfigKeys (ConfUtils.java:logGet(46)) - raft.server.log.statemachine.data.sync = true (default)
2023-07-13 06:11:06,828 [562e6811-3892-4bb8-8c1f-2833a6a2708d-groupManagement] INFO  server.RaftServerConfigKeys (ConfUtils.java:logGet(46)) - raft.server.log.statemachine.data.sync.timeout = 10s (default)
2023-07-13 06:11:06,828 [562e6811-3892-4bb8-8c1f-2833a6a2708d-groupManagement] INFO  server.RaftServerConfigKeys (ConfUtils.java:logGet(46)) - raft.server.log.statemachine.data.sync.timeout.retry = -1 (default)
2023-07-13 06:11:06,831 [562e6811-3892-4bb8-8c1f-2833a6a2708d-groupManagement] INFO  server.RaftServerConfigKeys (ConfUtils.java:logGet(46)) - raft.server.log.write.buffer.size = 1048576 (custom)
2023-07-13 06:11:06,832 [562e6811-3892-4bb8-8c1f-2833a6a2708d-groupManagement] INFO  server.RaftServerConfigKeys (ConfUtils.java:logGet(46)) - raft.server.log.appender.buffer.byte-limit = 33554432 (custom)
2023-07-13 06:11:06,839 [562e6811-3892-4bb8-8c1f-2833a6a2708d-groupManagement] INFO  server.RaftServerConfigKeys (ConfUtils.java:logGet(46)) - raft.server.log.unsafe-flush.enabled = false (default)
2023-07-13 06:11:06,839 [562e6811-3892-4bb8-8c1f-2833a6a2708d-groupManagement] INFO  server.RaftServerConfigKeys (ConfUtils.java:logGet(46)) - raft.server.log.async-flush.enabled = false (default)
2023-07-13 06:11:06,839 [562e6811-3892-4bb8-8c1f-2833a6a2708d-groupManagement] INFO  server.RaftServerConfigKeys (ConfUtils.java:logGet(46)) - raft.server.log.statemachine.data.caching.enabled = true (custom)
2023-07-13 06:11:06,840 [562e6811-3892-4bb8-8c1f-2833a6a2708d-groupManagement] INFO  segmented.SegmentedRaftLogWorker (SegmentedRaftLogWorker.java:lambda$new$0(135)) - 562e6811-3892-4bb8-8c1f-2833a6a2708d@group-31FA444A9B28-SegmentedRaftLogWorker: flushIndex: setUnconditionally 0 -> -1
2023-07-13 06:11:06,840 [562e6811-3892-4bb8-8c1f-2833a6a2708d-groupManagement] INFO  segmented.SegmentedRaftLogWorker (SegmentedRaftLogWorker.java:lambda$new$0(135)) - 562e6811-3892-4bb8-8c1f-2833a6a2708d@group-31FA444A9B28-SegmentedRaftLogWorker: safeCacheEvictIndex: setUnconditionally 0 -> -1
2023-07-13 06:11:06,840 [562e6811-3892-4bb8-8c1f-2833a6a2708d-groupManagement] INFO  server.RaftServer$Division (RaftServerImpl.java:start(342)) - 562e6811-3892-4bb8-8c1f-2833a6a2708d@group-31FA444A9B28: start as a follower, conf=-1: peers:[562e6811-3892-4bb8-8c1f-2833a6a2708d|rpc:10.1.0.28:15023|admin:10.1.0.28:15022|client:10.1.0.28:15021|dataStream:10.1.0.28:15024|priority:1|startupRole:FOLLOWER]|listeners:[], old=null
2023-07-13 06:11:06,840 [562e6811-3892-4bb8-8c1f-2833a6a2708d-groupManagement] INFO  server.RaftServer$Division (RaftServerImpl.java:setRole(329)) - 562e6811-3892-4bb8-8c1f-2833a6a2708d@group-31FA444A9B28: changes role from      null to FOLLOWER at term 0 for startAsFollower
2023-07-13 06:11:06,840 [562e6811-3892-4bb8-8c1f-2833a6a2708d-groupManagement] INFO  impl.RoleInfo (RoleInfo.java:updateAndGet(139)) - 562e6811-3892-4bb8-8c1f-2833a6a2708d: start 562e6811-3892-4bb8-8c1f-2833a6a2708d@group-31FA444A9B28-FollowerState
2023-07-13 06:11:06,844 [562e6811-3892-4bb8-8c1f-2833a6a2708d-groupManagement] INFO  util.JmxRegister (JmxRegister.java:tryRegister(44)) - Successfully registered JMX Bean with object name Ratis:service=RaftServer,group=group-31FA444A9B28,id=562e6811-3892-4bb8-8c1f-2833a6a2708d
2023-07-13 06:11:06,849 [562e6811-3892-4bb8-8c1f-2833a6a2708d-groupManagement] INFO  server.RaftServerConfigKeys (ConfUtils.java:logGet(46)) - raft.server.snapshot.auto.trigger.enabled = true (custom)
2023-07-13 06:11:06,849 [562e6811-3892-4bb8-8c1f-2833a6a2708d-groupManagement] INFO  server.RaftServerConfigKeys (ConfUtils.java:logGet(46)) - raft.server.snapshot.auto.trigger.threshold = 10000 (custom)
2023-07-13 06:11:06,849 [562e6811-3892-4bb8-8c1f-2833a6a2708d-groupManagement] INFO  server.RaftServerConfigKeys (ConfUtils.java:logGet(46)) - raft.server.snapshot.retention.file.num = 5 (custom)
2023-07-13 06:11:06,849 [562e6811-3892-4bb8-8c1f-2833a6a2708d-groupManagement] INFO  server.RaftServerConfigKeys (ConfUtils.java:logGet(46)) - raft.server.log.purge.upto.snapshot.index = false (default)
2023-07-13 06:11:06,850 [PipelineCommandHandlerThread-0] INFO  ratis.XceiverServerRatis (XceiverServerRatis.java:addGroup(804)) - Created group PipelineID=13df0dde-cee7-4b36-b8f9-31fa444a9b28
2023-07-13 06:11:06,850 [PipelineCommandHandlerThread-0] INFO  commandhandler.CreatePipelineCommandHandler (CreatePipelineCommandHandler.java:lambda$handle$2(124)) - Created Pipeline RATIS ONE PipelineID=13df0dde-cee7-4b36-b8f9-31fa444a9b28.
2023-07-13 06:11:06,852 [562e6811-3892-4bb8-8c1f-2833a6a2708d@group-31FA444A9B28-FollowerState] INFO  server.RaftServerConfigKeys (ConfUtils.java:logFallback(53)) - raft.server.rpc.first-election.timeout.min = 5s (fallback to raft.server.rpc.timeout.min)
2023-07-13 06:11:06,852 [562e6811-3892-4bb8-8c1f-2833a6a2708d@group-31FA444A9B28-FollowerState] INFO  server.RaftServerConfigKeys (ConfUtils.java:logFallback(53)) - raft.server.rpc.first-election.timeout.max = 5200ms (fallback to raft.server.rpc.timeout.max)
2023-07-13 06:11:06,852 [PipelineCommandHandlerThread-0] INFO  server.RaftServer (RaftServerProxy.java:addNew(98)) - 562e6811-3892-4bb8-8c1f-2833a6a2708d: addNew group-8F0EE428B8B8:[d320ba6c-c03b-47af-a073-41dad91ccf26|rpc:10.1.0.28:15032|admin:10.1.0.28:15031|client:10.1.0.28:15030|dataStream:10.1.0.28:15033|priority:0|startupRole:FOLLOWER, 82b6249a-e03c-430a-993b-f8cc239713ce|rpc:10.1.0.28:15014|admin:10.1.0.28:15013|client:10.1.0.28:15012|dataStream:10.1.0.28:15015|priority:1|startupRole:FOLLOWER, 562e6811-3892-4bb8-8c1f-2833a6a2708d|rpc:10.1.0.28:15023|admin:10.1.0.28:15022|client:10.1.0.28:15021|dataStream:10.1.0.28:15024|priority:0|startupRole:FOLLOWER] returns group-8F0EE428B8B8:java.util.concurrent.CompletableFuture@2d6ca720[Not completed]
2023-07-13 06:11:06,854 [562e6811-3892-4bb8-8c1f-2833a6a2708d-groupManagement] INFO  server.RaftServer$Division (RaftServerImpl.java:<init>(198)) - 562e6811-3892-4bb8-8c1f-2833a6a2708d: new RaftServerImpl for group-8F0EE428B8B8:[d320ba6c-c03b-47af-a073-41dad91ccf26|rpc:10.1.0.28:15032|admin:10.1.0.28:15031|client:10.1.0.28:15030|dataStream:10.1.0.28:15033|priority:0|startupRole:FOLLOWER, 82b6249a-e03c-430a-993b-f8cc239713ce|rpc:10.1.0.28:15014|admin:10.1.0.28:15013|client:10.1.0.28:15012|dataStream:10.1.0.28:15015|priority:1|startupRole:FOLLOWER, 562e6811-3892-4bb8-8c1f-2833a6a2708d|rpc:10.1.0.28:15023|admin:10.1.0.28:15022|client:10.1.0.28:15021|dataStream:10.1.0.28:15024|priority:0|startupRole:FOLLOWER] with ContainerStateMachine:uninitialized
2023-07-13 06:11:06,854 [562e6811-3892-4bb8-8c1f-2833a6a2708d-groupManagement] INFO  server.RaftServerConfigKeys (ConfUtils.java:logGet(46)) - raft.server.rpc.timeout.min = 5s (custom)
2023-07-13 06:11:06,854 [562e6811-3892-4bb8-8c1f-2833a6a2708d-groupManagement] INFO  server.RaftServerConfigKeys (ConfUtils.java:logGet(46)) - raft.server.rpc.timeout.max = 5200ms (custom)
2023-07-13 06:11:06,854 [562e6811-3892-4bb8-8c1f-2833a6a2708d-groupManagement] INFO  server.RaftServerConfigKeys (ConfUtils.java:logGet(46)) - raft.server.rpc.sleep.time = 25ms (default)
2023-07-13 06:11:06,854 [562e6811-3892-4bb8-8c1f-2833a6a2708d-groupManagement] INFO  server.RaftServerConfigKeys (ConfUtils.java:logGet(46)) - raft.server.rpc.slowness.timeout = 300s (custom)
2023-07-13 06:11:06,854 [562e6811-3892-4bb8-8c1f-2833a6a2708d-groupManagement] INFO  server.RaftServerConfigKeys (ConfUtils.java:logGet(46)) - raft.server.leaderelection.leader.step-down.wait-time = 10s (default)
2023-07-13 06:11:06,854 [562e6811-3892-4bb8-8c1f-2833a6a2708d-groupManagement] INFO  server.RaftServerConfigKeys (ConfUtils.java:logGet(46)) - raft.server.sleep.deviation.threshold = 300ms (default)
2023-07-13 06:11:06,855 [562e6811-3892-4bb8-8c1f-2833a6a2708d-groupManagement] INFO  server.RaftServer$Division (ServerState.java:<init>(120)) - 562e6811-3892-4bb8-8c1f-2833a6a2708d@group-8F0EE428B8B8: ConfigurationManager, init=-1: peers:[d320ba6c-c03b-47af-a073-41dad91ccf26|rpc:10.1.0.28:15032|admin:10.1.0.28:15031|client:10.1.0.28:15030|dataStream:10.1.0.28:15033|priority:0|startupRole:FOLLOWER, 82b6249a-e03c-430a-993b-f8cc239713ce|rpc:10.1.0.28:15014|admin:10.1.0.28:15013|client:10.1.0.28:15012|dataStream:10.1.0.28:15015|priority:1|startupRole:FOLLOWER, 562e6811-3892-4bb8-8c1f-2833a6a2708d|rpc:10.1.0.28:15023|admin:10.1.0.28:15022|client:10.1.0.28:15021|dataStream:10.1.0.28:15024|priority:0|startupRole:FOLLOWER]|listeners:[], old=null, confs=<EMPTY_MAP>
2023-07-13 06:11:06,855 [562e6811-3892-4bb8-8c1f-2833a6a2708d-groupManagement] INFO  server.RaftServerConfigKeys (ConfUtils.java:logGet(46)) - raft.server.storage.dir = [/home/runner/work/ozone/ozone/hadoop-ozone/integration-test/target/test-dir/MiniOzoneClusterImpl-40c29f8c-30b3-4208-9c4d-d76d276bda5b/datanode-1/data/ratis] (custom)
2023-07-13 06:11:06,855 [562e6811-3892-4bb8-8c1f-2833a6a2708d-groupManagement] INFO  server.RaftServerConfigKeys (ConfUtils.java:logGet(46)) - raft.server.log.corruption.policy = EXCEPTION (default)
2023-07-13 06:11:06,855 [562e6811-3892-4bb8-8c1f-2833a6a2708d-groupManagement] INFO  server.RaftServerConfigKeys (ConfUtils.java:logGet(46)) - raft.server.storage.free-space.min = 0MB (=0) (default)
2023-07-13 06:11:06,855 [562e6811-3892-4bb8-8c1f-2833a6a2708d-groupManagement] INFO  server.RaftServerConfigKeys (ConfUtils.java:logGet(46)) - raft.server.notification.no-leader.timeout = 300s (custom)
2023-07-13 06:11:06,855 [562e6811-3892-4bb8-8c1f-2833a6a2708d-groupManagement] INFO  server.RaftServerConfigKeys (ConfUtils.java:logGet(46)) - raft.server.read.timeout = 10s (default)
2023-07-13 06:11:06,855 [562e6811-3892-4bb8-8c1f-2833a6a2708d-groupManagement] INFO  server.RaftServerConfigKeys (ConfUtils.java:logGet(46)) - raft.server.retrycache.expirytime = 600000ms (custom)
2023-07-13 06:11:06,855 [562e6811-3892-4bb8-8c1f-2833a6a2708d-groupManagement] INFO  server.RaftServerConfigKeys (ConfUtils.java:logGet(46)) - raft.server.retrycache.statistics.expirytime = 100μs (default)
2023-07-13 06:11:06,855 [562e6811-3892-4bb8-8c1f-2833a6a2708d-groupManagement] INFO  server.RaftServerConfigKeys (ConfUtils.java:logGet(46)) - raft.server.read.option = DEFAULT (default)
2023-07-13 06:11:06,857 [562e6811-3892-4bb8-8c1f-2833a6a2708d-groupManagement] INFO  server.RaftServerConfigKeys (ConfUtils.java:logGet(46)) - raft.server.rpc.request.timeout = 60s (custom)
2023-07-13 06:11:06,857 [562e6811-3892-4bb8-8c1f-2833a6a2708d-groupManagement] INFO  server.RaftServerConfigKeys (ConfUtils.java:logGet(46)) - raft.server.log.appender.install.snapshot.enabled = false (custom)
2023-07-13 06:11:06,858 [562e6811-3892-4bb8-8c1f-2833a6a2708d-groupManagement] INFO  server.RaftServerConfigKeys (ConfUtils.java:logGet(46)) - raft.server.threadpool.server.cached = true (default)
2023-07-13 06:11:06,858 [562e6811-3892-4bb8-8c1f-2833a6a2708d-groupManagement] INFO  server.RaftServerConfigKeys (ConfUtils.java:logGet(46)) - raft.server.threadpool.server.size = 0 (default)
2023-07-13 06:11:06,858 [562e6811-3892-4bb8-8c1f-2833a6a2708d-groupManagement] INFO  server.RaftServerConfigKeys (ConfUtils.java:logGet(46)) - raft.server.threadpool.client.cached = true (default)
2023-07-13 06:11:06,858 [562e6811-3892-4bb8-8c1f-2833a6a2708d-groupManagement] INFO  server.RaftServerConfigKeys (ConfUtils.java:logGet(46)) - raft.server.threadpool.client.size = 0 (default)
2023-07-13 06:11:06,858 [562e6811-3892-4bb8-8c1f-2833a6a2708d-groupManagement] INFO  storage.RaftStorageDirectory (RaftStorageDirectoryImpl.java:analyzeStorage(137)) - The storage directory /home/runner/work/ozone/ozone/hadoop-ozone/integration-test/target/test-dir/MiniOzoneClusterImpl-40c29f8c-30b3-4208-9c4d-d76d276bda5b/datanode-1/data/ratis/94a47cff-0942-447d-b8b2-8f0ee428b8b8 does not exist. Creating ...
2023-07-13 06:11:06,864 [562e6811-3892-4bb8-8c1f-2833a6a2708d-groupManagement] INFO  storage.RaftStorageDirectory (RaftStorageDirectoryImpl.java:tryLock(231)) - Lock on /home/runner/work/ozone/ozone/hadoop-ozone/integration-test/target/test-dir/MiniOzoneClusterImpl-40c29f8c-30b3-4208-9c4d-d76d276bda5b/datanode-1/data/ratis/94a47cff-0942-447d-b8b2-8f0ee428b8b8/in_use.lock acquired by nodename 110901@fv-az932-602
2023-07-13 06:11:06,866 [562e6811-3892-4bb8-8c1f-2833a6a2708d-groupManagement] INFO  storage.RaftStorage (RaftStorageImpl.java:format(96)) - Storage directory /home/runner/work/ozone/ozone/hadoop-ozone/integration-test/target/test-dir/MiniOzoneClusterImpl-40c29f8c-30b3-4208-9c4d-d76d276bda5b/datanode-1/data/ratis/94a47cff-0942-447d-b8b2-8f0ee428b8b8 has been successfully formatted.
2023-07-13 06:11:06,872 [EventQueue-OpenPipelineForHealthyPipelineSafeModeRule] INFO  safemode.SCMSafeModeManager (HealthyPipelineSafeModeRule.java:process(137)) - SCM in safe mode. Healthy pipelines reported count is 0, required healthy pipeline reported count is 1
2023-07-13 06:11:06,880 [562e6811-3892-4bb8-8c1f-2833a6a2708d-groupManagement] INFO  ratis.ContainerStateMachine (ContainerStateMachine.java:loadSnapshot(262)) - group-8F0EE428B8B8: The snapshot info is null. Setting the last applied indexto:(t:0, i:~)
2023-07-13 06:11:06,880 [562e6811-3892-4bb8-8c1f-2833a6a2708d-groupManagement] INFO  server.RaftServerConfigKeys (ConfUtils.java:logGet(46)) - raft.server.log.use.memory = false (default)
2023-07-13 06:11:06,880 [562e6811-3892-4bb8-8c1f-2833a6a2708d-groupManagement] INFO  server.RaftServerConfigKeys (ConfUtils.java:logGet(46)) - raft.server.log.purge.gap = 1000000 (custom)
2023-07-13 06:11:06,880 [562e6811-3892-4bb8-8c1f-2833a6a2708d-groupManagement] INFO  server.RaftServerConfigKeys (ConfUtils.java:logGet(46)) - raft.server.log.appender.buffer.byte-limit = 33554432 (custom)
2023-07-13 06:11:06,880 [562e6811-3892-4bb8-8c1f-2833a6a2708d-groupManagement] INFO  server.RaftServerConfigKeys (ConfUtils.java:logGet(46)) - raft.server.log.statemachine.data.read.timeout = 1000ms (default)
2023-07-13 06:11:06,881 [562e6811-3892-4bb8-8c1f-2833a6a2708d-groupManagement] INFO  server.RaftServerConfigKeys (ConfUtils.java:logGet(46)) - raft.server.log.purge.preservation.log.num = 0 (default)
2023-07-13 06:11:06,881 [562e6811-3892-4bb8-8c1f-2833a6a2708d-groupManagement] INFO  server.RaftServerConfigKeys (ConfUtils.java:logGet(46)) - raft.server.log.segment.size.max = 1048576 (custom)
2023-07-13 06:11:06,882 [562e6811-3892-4bb8-8c1f-2833a6a2708d-groupManagement] INFO  server.RaftServerConfigKeys (ConfUtils.java:logGet(46)) - raft.server.log.segment.cache.num.max = 2 (custom)
2023-07-13 06:11:06,882 [562e6811-3892-4bb8-8c1f-2833a6a2708d-groupManagement] INFO  server.RaftServerConfigKeys (ConfUtils.java:logGet(46)) - raft.server.log.segment.cache.size.max = 200MB (=209715200) (default)
2023-07-13 06:11:06,882 [562e6811-3892-4bb8-8c1f-2833a6a2708d-groupManagement] INFO  server.RaftServerConfigKeys (ConfUtils.java:logGet(46)) - raft.server.log.appender.buffer.byte-limit = 33554432 (custom)
2023-07-13 06:11:06,882 [562e6811-3892-4bb8-8c1f-2833a6a2708d-groupManagement] INFO  segmented.SegmentedRaftLogWorker (SegmentedRaftLogWorker.java:<init>(188)) - new 562e6811-3892-4bb8-8c1f-2833a6a2708d@group-8F0EE428B8B8-SegmentedRaftLogWorker for RaftStorageImpl:Storage Directory /home/runner/work/ozone/ozone/hadoop-ozone/integration-test/target/test-dir/MiniOzoneClusterImpl-40c29f8c-30b3-4208-9c4d-d76d276bda5b/datanode-1/data/ratis/94a47cff-0942-447d-b8b2-8f0ee428b8b8
2023-07-13 06:11:06,882 [562e6811-3892-4bb8-8c1f-2833a6a2708d-groupManagement] INFO  server.RaftServerConfigKeys (ConfUtils.java:logGet(46)) - raft.server.log.queue.byte-limit = 4294967296 (custom)
2023-07-13 06:11:06,882 [562e6811-3892-4bb8-8c1f-2833a6a2708d-groupManagement] INFO  server.RaftServerConfigKeys (ConfUtils.java:logGet(46)) - raft.server.log.queue.element-limit = 1024 (custom)
2023-07-13 06:11:06,882 [562e6811-3892-4bb8-8c1f-2833a6a2708d-groupManagement] INFO  server.RaftServerConfigKeys (ConfUtils.java:logGet(46)) - raft.server.log.segment.size.max = 1048576 (custom)
2023-07-13 06:11:06,882 [562e6811-3892-4bb8-8c1f-2833a6a2708d-groupManagement] INFO  server.RaftServerConfigKeys (ConfUtils.java:logGet(46)) - raft.server.log.preallocated.size = 16384 (custom)
2023-07-13 06:11:06,882 [562e6811-3892-4bb8-8c1f-2833a6a2708d-groupManagement] INFO  server.RaftServerConfigKeys (ConfUtils.java:logGet(46)) - raft.server.log.force.sync.num = 128 (default)
2023-07-13 06:11:06,882 [562e6811-3892-4bb8-8c1f-2833a6a2708d-groupManagement] INFO  server.RaftServerConfigKeys (ConfUtils.java:logGet(46)) - raft.server.log.statemachine.data.sync = true (default)
2023-07-13 06:11:06,882 [562e6811-3892-4bb8-8c1f-2833a6a2708d-groupManagement] INFO  server.RaftServerConfigKeys (ConfUtils.java:logGet(46)) - raft.server.log.statemachine.data.sync.timeout = 10s (default)
2023-07-13 06:11:06,882 [562e6811-3892-4bb8-8c1f-2833a6a2708d-groupManagement] INFO  server.RaftServerConfigKeys (ConfUtils.java:logGet(46)) - raft.server.log.statemachine.data.sync.timeout.retry = -1 (default)
2023-07-13 06:11:06,885 [562e6811-3892-4bb8-8c1f-2833a6a2708d-groupManagement] INFO  server.RaftServerConfigKeys (ConfUtils.java:logGet(46)) - raft.server.log.write.buffer.size = 1048576 (custom)
2023-07-13 06:11:06,885 [562e6811-3892-4bb8-8c1f-2833a6a2708d-groupManagement] INFO  server.RaftServerConfigKeys (ConfUtils.java:logGet(46)) - raft.server.log.appender.buffer.byte-limit = 33554432 (custom)
2023-07-13 06:11:06,896 [562e6811-3892-4bb8-8c1f-2833a6a2708d-groupManagement] INFO  server.RaftServerConfigKeys (ConfUtils.java:logGet(46)) - raft.server.log.unsafe-flush.enabled = false (default)
2023-07-13 06:11:06,896 [562e6811-3892-4bb8-8c1f-2833a6a2708d-groupManagement] INFO  server.RaftServerConfigKeys (ConfUtils.java:logGet(46)) - raft.server.log.async-flush.enabled = false (default)
2023-07-13 06:11:06,897 [562e6811-3892-4bb8-8c1f-2833a6a2708d-groupManagement] INFO  server.RaftServerConfigKeys (ConfUtils.java:logGet(46)) - raft.server.log.statemachine.data.caching.enabled = true (custom)
2023-07-13 06:11:06,897 [562e6811-3892-4bb8-8c1f-2833a6a2708d-groupManagement] INFO  segmented.SegmentedRaftLogWorker (SegmentedRaftLogWorker.java:lambda$new$0(135)) - 562e6811-3892-4bb8-8c1f-2833a6a2708d@group-8F0EE428B8B8-SegmentedRaftLogWorker: flushIndex: setUnconditionally 0 -> -1
2023-07-13 06:11:06,897 [562e6811-3892-4bb8-8c1f-2833a6a2708d-groupManagement] INFO  segmented.SegmentedRaftLogWorker (SegmentedRaftLogWorker.java:lambda$new$0(135)) - 562e6811-3892-4bb8-8c1f-2833a6a2708d@group-8F0EE428B8B8-SegmentedRaftLogWorker: safeCacheEvictIndex: setUnconditionally 0 -> -1
2023-07-13 06:11:06,898 [562e6811-3892-4bb8-8c1f-2833a6a2708d-groupManagement] INFO  server.RaftServer$Division (RaftServerImpl.java:start(342)) - 562e6811-3892-4bb8-8c1f-2833a6a2708d@group-8F0EE428B8B8: start as a follower, conf=-1: peers:[d320ba6c-c03b-47af-a073-41dad91ccf26|rpc:10.1.0.28:15032|admin:10.1.0.28:15031|client:10.1.0.28:15030|dataStream:10.1.0.28:15033|priority:0|startupRole:FOLLOWER, 82b6249a-e03c-430a-993b-f8cc239713ce|rpc:10.1.0.28:15014|admin:10.1.0.28:15013|client:10.1.0.28:15012|dataStream:10.1.0.28:15015|priority:1|startupRole:FOLLOWER, 562e6811-3892-4bb8-8c1f-2833a6a2708d|rpc:10.1.0.28:15023|admin:10.1.0.28:15022|client:10.1.0.28:15021|dataStream:10.1.0.28:15024|priority:0|startupRole:FOLLOWER]|listeners:[], old=null
2023-07-13 06:11:06,898 [562e6811-3892-4bb8-8c1f-2833a6a2708d-groupManagement] INFO  server.RaftServer$Division (RaftServerImpl.java:setRole(329)) - 562e6811-3892-4bb8-8c1f-2833a6a2708d@group-8F0EE428B8B8: changes role from      null to FOLLOWER at term 0 for startAsFollower
2023-07-13 06:11:06,898 [562e6811-3892-4bb8-8c1f-2833a6a2708d-groupManagement] INFO  impl.RoleInfo (RoleInfo.java:updateAndGet(139)) - 562e6811-3892-4bb8-8c1f-2833a6a2708d: start 562e6811-3892-4bb8-8c1f-2833a6a2708d@group-8F0EE428B8B8-FollowerState
2023-07-13 06:11:06,898 [562e6811-3892-4bb8-8c1f-2833a6a2708d-groupManagement] INFO  util.JmxRegister (JmxRegister.java:tryRegister(44)) - Successfully registered JMX Bean with object name Ratis:service=RaftServer,group=group-8F0EE428B8B8,id=562e6811-3892-4bb8-8c1f-2833a6a2708d
2023-07-13 06:11:06,899 [562e6811-3892-4bb8-8c1f-2833a6a2708d-groupManagement] INFO  server.RaftServerConfigKeys (ConfUtils.java:logGet(46)) - raft.server.snapshot.auto.trigger.enabled = true (custom)
2023-07-13 06:11:06,899 [562e6811-3892-4bb8-8c1f-2833a6a2708d-groupManagement] INFO  server.RaftServerConfigKeys (ConfUtils.java:logGet(46)) - raft.server.snapshot.auto.trigger.threshold = 10000 (custom)
2023-07-13 06:11:06,899 [562e6811-3892-4bb8-8c1f-2833a6a2708d-groupManagement] INFO  server.RaftServerConfigKeys (ConfUtils.java:logGet(46)) - raft.server.snapshot.retention.file.num = 5 (custom)
2023-07-13 06:11:06,899 [562e6811-3892-4bb8-8c1f-2833a6a2708d-groupManagement] INFO  server.RaftServerConfigKeys (ConfUtils.java:logGet(46)) - raft.server.log.purge.upto.snapshot.index = false (default)
2023-07-13 06:11:06,899 [562e6811-3892-4bb8-8c1f-2833a6a2708d@group-8F0EE428B8B8-FollowerState] INFO  server.RaftServerConfigKeys (ConfUtils.java:logFallback(53)) - raft.server.rpc.first-election.timeout.min = 5s (fallback to raft.server.rpc.timeout.min)
2023-07-13 06:11:06,900 [562e6811-3892-4bb8-8c1f-2833a6a2708d@group-8F0EE428B8B8-FollowerState] INFO  server.RaftServerConfigKeys (ConfUtils.java:logFallback(53)) - raft.server.rpc.first-election.timeout.max = 5200ms (fallback to raft.server.rpc.timeout.max)
2023-07-13 06:11:06,923 [PipelineCommandHandlerThread-0] INFO  ratis.XceiverServerRatis (XceiverServerRatis.java:addGroup(804)) - Created group PipelineID=94a47cff-0942-447d-b8b2-8f0ee428b8b8
2023-07-13 06:11:07,082 [grpc-default-executor-0] INFO  server.RaftServer (RaftServerProxy.java:addNew(98)) - d320ba6c-c03b-47af-a073-41dad91ccf26: addNew group-8F0EE428B8B8:[d320ba6c-c03b-47af-a073-41dad91ccf26|rpc:10.1.0.28:15032|admin:10.1.0.28:15031|client:10.1.0.28:15030|dataStream:10.1.0.28:15033|priority:0|startupRole:FOLLOWER, 82b6249a-e03c-430a-993b-f8cc239713ce|rpc:10.1.0.28:15014|admin:10.1.0.28:15013|client:10.1.0.28:15012|dataStream:10.1.0.28:15015|priority:1|startupRole:FOLLOWER, 562e6811-3892-4bb8-8c1f-2833a6a2708d|rpc:10.1.0.28:15023|admin:10.1.0.28:15022|client:10.1.0.28:15021|dataStream:10.1.0.28:15024|priority:0|startupRole:FOLLOWER] returns group-8F0EE428B8B8:java.util.concurrent.CompletableFuture@28afe8ec[Not completed]
2023-07-13 06:11:07,083 [d320ba6c-c03b-47af-a073-41dad91ccf26-groupManagement] INFO  server.RaftServer$Division (RaftServerImpl.java:<init>(198)) - d320ba6c-c03b-47af-a073-41dad91ccf26: new RaftServerImpl for group-8F0EE428B8B8:[d320ba6c-c03b-47af-a073-41dad91ccf26|rpc:10.1.0.28:15032|admin:10.1.0.28:15031|client:10.1.0.28:15030|dataStream:10.1.0.28:15033|priority:0|startupRole:FOLLOWER, 82b6249a-e03c-430a-993b-f8cc239713ce|rpc:10.1.0.28:15014|admin:10.1.0.28:15013|client:10.1.0.28:15012|dataStream:10.1.0.28:15015|priority:1|startupRole:FOLLOWER, 562e6811-3892-4bb8-8c1f-2833a6a2708d|rpc:10.1.0.28:15023|admin:10.1.0.28:15022|client:10.1.0.28:15021|dataStream:10.1.0.28:15024|priority:0|startupRole:FOLLOWER] with ContainerStateMachine:uninitialized
2023-07-13 06:11:07,084 [d320ba6c-c03b-47af-a073-41dad91ccf26-groupManagement] INFO  server.RaftServerConfigKeys (ConfUtils.java:logGet(46)) - raft.server.rpc.timeout.min = 5s (custom)
2023-07-13 06:11:07,084 [d320ba6c-c03b-47af-a073-41dad91ccf26-groupManagement] INFO  server.RaftServerConfigKeys (ConfUtils.java:logGet(46)) - raft.server.rpc.timeout.max = 5200ms (custom)
2023-07-13 06:11:07,084 [d320ba6c-c03b-47af-a073-41dad91ccf26-groupManagement] INFO  server.RaftServerConfigKeys (ConfUtils.java:logGet(46)) - raft.server.rpc.sleep.time = 25ms (default)
2023-07-13 06:11:07,084 [d320ba6c-c03b-47af-a073-41dad91ccf26-groupManagement] INFO  server.RaftServerConfigKeys (ConfUtils.java:logGet(46)) - raft.server.rpc.slowness.timeout = 300s (custom)
2023-07-13 06:11:07,084 [d320ba6c-c03b-47af-a073-41dad91ccf26-groupManagement] INFO  server.RaftServerConfigKeys (ConfUtils.java:logGet(46)) - raft.server.leaderelection.leader.step-down.wait-time = 10s (default)
2023-07-13 06:11:07,084 [d320ba6c-c03b-47af-a073-41dad91ccf26-groupManagement] INFO  server.RaftServerConfigKeys (ConfUtils.java:logGet(46)) - raft.server.sleep.deviation.threshold = 300ms (default)
2023-07-13 06:11:07,084 [d320ba6c-c03b-47af-a073-41dad91ccf26-groupManagement] INFO  server.RaftServer$Division (ServerState.java:<init>(120)) - d320ba6c-c03b-47af-a073-41dad91ccf26@group-8F0EE428B8B8: ConfigurationManager, init=-1: peers:[d320ba6c-c03b-47af-a073-41dad91ccf26|rpc:10.1.0.28:15032|admin:10.1.0.28:15031|client:10.1.0.28:15030|dataStream:10.1.0.28:15033|priority:0|startupRole:FOLLOWER, 82b6249a-e03c-430a-993b-f8cc239713ce|rpc:10.1.0.28:15014|admin:10.1.0.28:15013|client:10.1.0.28:15012|dataStream:10.1.0.28:15015|priority:1|startupRole:FOLLOWER, 562e6811-3892-4bb8-8c1f-2833a6a2708d|rpc:10.1.0.28:15023|admin:10.1.0.28:15022|client:10.1.0.28:15021|dataStream:10.1.0.28:15024|priority:0|startupRole:FOLLOWER]|listeners:[], old=null, confs=<EMPTY_MAP>
2023-07-13 06:11:07,085 [d320ba6c-c03b-47af-a073-41dad91ccf26-groupManagement] INFO  server.RaftServerConfigKeys (ConfUtils.java:logGet(46)) - raft.server.storage.dir = [/home/runner/work/ozone/ozone/hadoop-ozone/integration-test/target/test-dir/MiniOzoneClusterImpl-40c29f8c-30b3-4208-9c4d-d76d276bda5b/datanode-2/data/ratis] (custom)
2023-07-13 06:11:07,085 [d320ba6c-c03b-47af-a073-41dad91ccf26-groupManagement] INFO  server.RaftServerConfigKeys (ConfUtils.java:logGet(46)) - raft.server.log.corruption.policy = EXCEPTION (default)
2023-07-13 06:11:07,085 [d320ba6c-c03b-47af-a073-41dad91ccf26-groupManagement] INFO  server.RaftServerConfigKeys (ConfUtils.java:logGet(46)) - raft.server.storage.free-space.min = 0MB (=0) (default)
2023-07-13 06:11:07,085 [d320ba6c-c03b-47af-a073-41dad91ccf26-groupManagement] INFO  server.RaftServerConfigKeys (ConfUtils.java:logGet(46)) - raft.server.notification.no-leader.timeout = 300s (custom)
2023-07-13 06:11:07,085 [d320ba6c-c03b-47af-a073-41dad91ccf26-groupManagement] INFO  server.RaftServerConfigKeys (ConfUtils.java:logGet(46)) - raft.server.read.timeout = 10s (default)
2023-07-13 06:11:07,085 [d320ba6c-c03b-47af-a073-41dad91ccf26-groupManagement] INFO  server.RaftServerConfigKeys (ConfUtils.java:logGet(46)) - raft.server.retrycache.expirytime = 600000ms (custom)
2023-07-13 06:11:07,085 [d320ba6c-c03b-47af-a073-41dad91ccf26-groupManagement] INFO  server.RaftServerConfigKeys (ConfUtils.java:logGet(46)) - raft.server.retrycache.statistics.expirytime = 100μs (default)
2023-07-13 06:11:07,085 [d320ba6c-c03b-47af-a073-41dad91ccf26-groupManagement] INFO  server.RaftServerConfigKeys (ConfUtils.java:logGet(46)) - raft.server.read.option = DEFAULT (default)
2023-07-13 06:11:07,095 [d320ba6c-c03b-47af-a073-41dad91ccf26-groupManagement] INFO  server.RaftServerConfigKeys (ConfUtils.java:logGet(46)) - raft.server.rpc.request.timeout = 60s (custom)
2023-07-13 06:11:07,095 [d320ba6c-c03b-47af-a073-41dad91ccf26-groupManagement] INFO  server.RaftServerConfigKeys (ConfUtils.java:logGet(46)) - raft.server.log.appender.install.snapshot.enabled = false (custom)
2023-07-13 06:11:07,095 [d320ba6c-c03b-47af-a073-41dad91ccf26-groupManagement] INFO  server.RaftServerConfigKeys (ConfUtils.java:logGet(46)) - raft.server.threadpool.server.cached = true (default)
2023-07-13 06:11:07,095 [d320ba6c-c03b-47af-a073-41dad91ccf26-groupManagement] INFO  server.RaftServerConfigKeys (ConfUtils.java:logGet(46)) - raft.server.threadpool.server.size = 0 (default)
2023-07-13 06:11:07,095 [d320ba6c-c03b-47af-a073-41dad91ccf26-groupManagement] INFO  server.RaftServerConfigKeys (ConfUtils.java:logGet(46)) - raft.server.threadpool.client.cached = true (default)
2023-07-13 06:11:07,095 [d320ba6c-c03b-47af-a073-41dad91ccf26-groupManagement] INFO  server.RaftServerConfigKeys (ConfUtils.java:logGet(46)) - raft.server.threadpool.client.size = 0 (default)
2023-07-13 06:11:07,098 [d320ba6c-c03b-47af-a073-41dad91ccf26-groupManagement] INFO  storage.RaftStorageDirectory (RaftStorageDirectoryImpl.java:analyzeStorage(137)) - The storage directory /home/runner/work/ozone/ozone/hadoop-ozone/integration-test/target/test-dir/MiniOzoneClusterImpl-40c29f8c-30b3-4208-9c4d-d76d276bda5b/datanode-2/data/ratis/94a47cff-0942-447d-b8b2-8f0ee428b8b8 does not exist. Creating ...
2023-07-13 06:11:07,100 [d320ba6c-c03b-47af-a073-41dad91ccf26-groupManagement] INFO  storage.RaftStorageDirectory (RaftStorageDirectoryImpl.java:tryLock(231)) - Lock on /home/runner/work/ozone/ozone/hadoop-ozone/integration-test/target/test-dir/MiniOzoneClusterImpl-40c29f8c-30b3-4208-9c4d-d76d276bda5b/datanode-2/data/ratis/94a47cff-0942-447d-b8b2-8f0ee428b8b8/in_use.lock acquired by nodename 110901@fv-az932-602
2023-07-13 06:11:07,102 [d320ba6c-c03b-47af-a073-41dad91ccf26-groupManagement] INFO  storage.RaftStorage (RaftStorageImpl.java:format(96)) - Storage directory /home/runner/work/ozone/ozone/hadoop-ozone/integration-test/target/test-dir/MiniOzoneClusterImpl-40c29f8c-30b3-4208-9c4d-d76d276bda5b/datanode-2/data/ratis/94a47cff-0942-447d-b8b2-8f0ee428b8b8 has been successfully formatted.
2023-07-13 06:11:07,105 [d320ba6c-c03b-47af-a073-41dad91ccf26-groupManagement] INFO  ratis.ContainerStateMachine (ContainerStateMachine.java:loadSnapshot(262)) - group-8F0EE428B8B8: The snapshot info is null. Setting the last applied indexto:(t:0, i:~)
2023-07-13 06:11:07,105 [d320ba6c-c03b-47af-a073-41dad91ccf26-groupManagement] INFO  server.RaftServerConfigKeys (ConfUtils.java:logGet(46)) - raft.server.log.use.memory = false (default)
2023-07-13 06:11:07,105 [d320ba6c-c03b-47af-a073-41dad91ccf26-groupManagement] INFO  server.RaftServerConfigKeys (ConfUtils.java:logGet(46)) - raft.server.log.purge.gap = 1000000 (custom)
2023-07-13 06:11:07,106 [d320ba6c-c03b-47af-a073-41dad91ccf26-groupManagement] INFO  server.RaftServerConfigKeys (ConfUtils.java:logGet(46)) - raft.server.log.appender.buffer.byte-limit = 33554432 (custom)
2023-07-13 06:11:07,106 [d320ba6c-c03b-47af-a073-41dad91ccf26-groupManagement] INFO  server.RaftServerConfigKeys (ConfUtils.java:logGet(46)) - raft.server.log.statemachine.data.read.timeout = 1000ms (default)
2023-07-13 06:11:07,106 [d320ba6c-c03b-47af-a073-41dad91ccf26-groupManagement] INFO  server.RaftServerConfigKeys (ConfUtils.java:logGet(46)) - raft.server.log.purge.preservation.log.num = 0 (default)
2023-07-13 06:11:07,106 [d320ba6c-c03b-47af-a073-41dad91ccf26-groupManagement] INFO  server.RaftServerConfigKeys (ConfUtils.java:logGet(46)) - raft.server.log.segment.size.max = 1048576 (custom)
2023-07-13 06:11:07,107 [d320ba6c-c03b-47af-a073-41dad91ccf26-groupManagement] INFO  server.RaftServerConfigKeys (ConfUtils.java:logGet(46)) - raft.server.log.segment.cache.num.max = 2 (custom)
2023-07-13 06:11:07,107 [d320ba6c-c03b-47af-a073-41dad91ccf26-groupManagement] INFO  server.RaftServerConfigKeys (ConfUtils.java:logGet(46)) - raft.server.log.segment.cache.size.max = 200MB (=209715200) (default)
2023-07-13 06:11:07,107 [d320ba6c-c03b-47af-a073-41dad91ccf26-groupManagement] INFO  server.RaftServerConfigKeys (ConfUtils.java:logGet(46)) - raft.server.log.appender.buffer.byte-limit = 33554432 (custom)
2023-07-13 06:11:07,107 [d320ba6c-c03b-47af-a073-41dad91ccf26-groupManagement] INFO  segmented.SegmentedRaftLogWorker (SegmentedRaftLogWorker.java:<init>(188)) - new d320ba6c-c03b-47af-a073-41dad91ccf26@group-8F0EE428B8B8-SegmentedRaftLogWorker for RaftStorageImpl:Storage Directory /home/runner/work/ozone/ozone/hadoop-ozone/integration-test/target/test-dir/MiniOzoneClusterImpl-40c29f8c-30b3-4208-9c4d-d76d276bda5b/datanode-2/data/ratis/94a47cff-0942-447d-b8b2-8f0ee428b8b8
2023-07-13 06:11:07,107 [d320ba6c-c03b-47af-a073-41dad91ccf26-groupManagement] INFO  server.RaftServerConfigKeys (ConfUtils.java:logGet(46)) - raft.server.log.queue.byte-limit = 4294967296 (custom)
2023-07-13 06:11:07,107 [d320ba6c-c03b-47af-a073-41dad91ccf26-groupManagement] INFO  server.RaftServerConfigKeys (ConfUtils.java:logGet(46)) - raft.server.log.queue.element-limit = 1024 (custom)
2023-07-13 06:11:07,107 [d320ba6c-c03b-47af-a073-41dad91ccf26-groupManagement] INFO  server.RaftServerConfigKeys (ConfUtils.java:logGet(46)) - raft.server.log.segment.size.max = 1048576 (custom)
2023-07-13 06:11:07,107 [d320ba6c-c03b-47af-a073-41dad91ccf26-groupManagement] INFO  server.RaftServerConfigKeys (ConfUtils.java:logGet(46)) - raft.server.log.preallocated.size = 16384 (custom)
2023-07-13 06:11:07,108 [d320ba6c-c03b-47af-a073-41dad91ccf26-groupManagement] INFO  server.RaftServerConfigKeys (ConfUtils.java:logGet(46)) - raft.server.log.force.sync.num = 128 (default)
2023-07-13 06:11:07,108 [d320ba6c-c03b-47af-a073-41dad91ccf26-groupManagement] INFO  server.RaftServerConfigKeys (ConfUtils.java:logGet(46)) - raft.server.log.statemachine.data.sync = true (default)
2023-07-13 06:11:07,110 [d320ba6c-c03b-47af-a073-41dad91ccf26-groupManagement] INFO  server.RaftServerConfigKeys (ConfUtils.java:logGet(46)) - raft.server.log.statemachine.data.sync.timeout = 10s (default)
2023-07-13 06:11:07,111 [d320ba6c-c03b-47af-a073-41dad91ccf26-groupManagement] INFO  server.RaftServerConfigKeys (ConfUtils.java:logGet(46)) - raft.server.log.statemachine.data.sync.timeout.retry = -1 (default)
2023-07-13 06:11:07,116 [d320ba6c-c03b-47af-a073-41dad91ccf26-groupManagement] INFO  server.RaftServerConfigKeys (ConfUtils.java:logGet(46)) - raft.server.log.write.buffer.size = 1048576 (custom)
2023-07-13 06:11:07,120 [d320ba6c-c03b-47af-a073-41dad91ccf26-groupManagement] INFO  server.RaftServerConfigKeys (ConfUtils.java:logGet(46)) - raft.server.log.appender.buffer.byte-limit = 33554432 (custom)
2023-07-13 06:11:07,127 [d320ba6c-c03b-47af-a073-41dad91ccf26-groupManagement] INFO  server.RaftServerConfigKeys (ConfUtils.java:logGet(46)) - raft.server.log.unsafe-flush.enabled = false (default)
2023-07-13 06:11:07,127 [d320ba6c-c03b-47af-a073-41dad91ccf26-groupManagement] INFO  server.RaftServerConfigKeys (ConfUtils.java:logGet(46)) - raft.server.log.async-flush.enabled = false (default)
2023-07-13 06:11:07,127 [d320ba6c-c03b-47af-a073-41dad91ccf26-groupManagement] INFO  server.RaftServerConfigKeys (ConfUtils.java:logGet(46)) - raft.server.log.statemachine.data.caching.enabled = true (custom)
2023-07-13 06:11:07,127 [d320ba6c-c03b-47af-a073-41dad91ccf26-groupManagement] INFO  segmented.SegmentedRaftLogWorker (SegmentedRaftLogWorker.java:lambda$new$0(135)) - d320ba6c-c03b-47af-a073-41dad91ccf26@group-8F0EE428B8B8-SegmentedRaftLogWorker: flushIndex: setUnconditionally 0 -> -1
2023-07-13 06:11:07,127 [d320ba6c-c03b-47af-a073-41dad91ccf26-groupManagement] INFO  segmented.SegmentedRaftLogWorker (SegmentedRaftLogWorker.java:lambda$new$0(135)) - d320ba6c-c03b-47af-a073-41dad91ccf26@group-8F0EE428B8B8-SegmentedRaftLogWorker: safeCacheEvictIndex: setUnconditionally 0 -> -1
2023-07-13 06:11:07,127 [d320ba6c-c03b-47af-a073-41dad91ccf26-groupManagement] INFO  server.RaftServer$Division (RaftServerImpl.java:start(342)) - d320ba6c-c03b-47af-a073-41dad91ccf26@group-8F0EE428B8B8: start as a follower, conf=-1: peers:[d320ba6c-c03b-47af-a073-41dad91ccf26|rpc:10.1.0.28:15032|admin:10.1.0.28:15031|client:10.1.0.28:15030|dataStream:10.1.0.28:15033|priority:0|startupRole:FOLLOWER, 82b6249a-e03c-430a-993b-f8cc239713ce|rpc:10.1.0.28:15014|admin:10.1.0.28:15013|client:10.1.0.28:15012|dataStream:10.1.0.28:15015|priority:1|startupRole:FOLLOWER, 562e6811-3892-4bb8-8c1f-2833a6a2708d|rpc:10.1.0.28:15023|admin:10.1.0.28:15022|client:10.1.0.28:15021|dataStream:10.1.0.28:15024|priority:0|startupRole:FOLLOWER]|listeners:[], old=null
2023-07-13 06:11:07,128 [d320ba6c-c03b-47af-a073-41dad91ccf26-groupManagement] INFO  server.RaftServer$Division (RaftServerImpl.java:setRole(329)) - d320ba6c-c03b-47af-a073-41dad91ccf26@group-8F0EE428B8B8: changes role from      null to FOLLOWER at term 0 for startAsFollower
2023-07-13 06:11:07,128 [d320ba6c-c03b-47af-a073-41dad91ccf26-groupManagement] INFO  impl.RoleInfo (RoleInfo.java:updateAndGet(139)) - d320ba6c-c03b-47af-a073-41dad91ccf26: start d320ba6c-c03b-47af-a073-41dad91ccf26@group-8F0EE428B8B8-FollowerState
2023-07-13 06:11:07,128 [d320ba6c-c03b-47af-a073-41dad91ccf26-groupManagement] INFO  util.JmxRegister (JmxRegister.java:tryRegister(44)) - Successfully registered JMX Bean with object name Ratis:service=RaftServer,group=group-8F0EE428B8B8,id=d320ba6c-c03b-47af-a073-41dad91ccf26
2023-07-13 06:11:07,128 [d320ba6c-c03b-47af-a073-41dad91ccf26-groupManagement] INFO  server.RaftServerConfigKeys (ConfUtils.java:logGet(46)) - raft.server.snapshot.auto.trigger.enabled = true (custom)
2023-07-13 06:11:07,128 [d320ba6c-c03b-47af-a073-41dad91ccf26-groupManagement] INFO  server.RaftServerConfigKeys (ConfUtils.java:logGet(46)) - raft.server.snapshot.auto.trigger.threshold = 10000 (custom)
2023-07-13 06:11:07,128 [d320ba6c-c03b-47af-a073-41dad91ccf26-groupManagement] INFO  server.RaftServerConfigKeys (ConfUtils.java:logGet(46)) - raft.server.snapshot.retention.file.num = 5 (custom)
2023-07-13 06:11:07,128 [d320ba6c-c03b-47af-a073-41dad91ccf26-groupManagement] INFO  server.RaftServerConfigKeys (ConfUtils.java:logGet(46)) - raft.server.log.purge.upto.snapshot.index = false (default)
2023-07-13 06:11:07,129 [d320ba6c-c03b-47af-a073-41dad91ccf26@group-8F0EE428B8B8-FollowerState] INFO  server.RaftServerConfigKeys (ConfUtils.java:logFallback(53)) - raft.server.rpc.first-election.timeout.min = 5s (fallback to raft.server.rpc.timeout.min)
2023-07-13 06:11:07,140 [d320ba6c-c03b-47af-a073-41dad91ccf26@group-8F0EE428B8B8-FollowerState] INFO  server.RaftServerConfigKeys (ConfUtils.java:logFallback(53)) - raft.server.rpc.first-election.timeout.max = 5200ms (fallback to raft.server.rpc.timeout.max)
2023-07-13 06:11:07,212 [IPC Server handler 5 on default port 15002] INFO  net.NetworkTopologyImpl (NetworkTopologyImpl.java:add(112)) - Added a new node: /default-rack/d12304a5-d481-4f9e-9203-502383e83214
2023-07-13 06:11:07,212 [IPC Server handler 5 on default port 15002] INFO  node.SCMNodeManager (SCMNodeManager.java:register(405)) - Registered Data node : d12304a5-d481-4f9e-9203-502383e83214{ip: 10.1.0.28, host: fv-az932-602.ktyqbx4ivk1enavz3wfkrixyxe.bx.internal.cloudapp.net, ports: [HTTP=15081, CLIENT_RPC=15082, REPLICATION=15088, RATIS=15084, RATIS_ADMIN=15085, RATIS_SERVER=15086, RATIS_DATASTREAM=15087, STANDALONE=15083], networkLocation: /default-rack, certSerialId: null, persistedOpState: null, persistedOpStateExpiryEpochSec: 0}
2023-07-13 06:11:07,213 [EventQueue-NewNodeForNewNodeHandler] INFO  pipeline.BackgroundPipelineCreator (BackgroundPipelineCreator.java:notifyEventTriggered(277)) - trigger a one-shot run on RatisPipelineUtilsThread.
2023-07-13 06:11:07,214 [RatisPipelineUtilsThread - 0] INFO  pipeline.RatisPipelineProvider (RatisPipelineProvider.java:lambda$create$0(206)) - Sending CreatePipelineCommand for pipeline:PipelineID=dd254145-e3d9-41e9-940e-525ac21d8bf6 to datanode:d12304a5-d481-4f9e-9203-502383e83214
2023-07-13 06:11:07,218 [RatisPipelineUtilsThread - 0] INFO  pipeline.BackgroundPipelineCreator (BackgroundPipelineCreator.java:createPipelines(233)) - Created new pipeline Pipeline[ Id: dd254145-e3d9-41e9-940e-525ac21d8bf6, Nodes: d12304a5-d481-4f9e-9203-502383e83214(fv-az932-602.ktyqbx4ivk1enavz3wfkrixyxe.bx.internal.cloudapp.net/10.1.0.28), ReplicationConfig: RATIS/ONE, State:ALLOCATED, leaderId:, CreationTimestamp2023-07-13T06:11:07.214Z[Etc/UTC]]
2023-07-13 06:11:07,219 [RatisPipelineUtilsThread - 0] INFO  pipeline.RatisPipelineProvider (RatisPipelineProvider.java:lambda$create$0(206)) - Sending CreatePipelineCommand for pipeline:PipelineID=1f042781-405f-4473-aded-df427437ea4b to datanode:42c94fbf-dc57-4435-80ab-f9b7a4e6d382
2023-07-13 06:11:07,219 [RatisPipelineUtilsThread - 0] INFO  pipeline.RatisPipelineProvider (RatisPipelineProvider.java:lambda$create$0(206)) - Sending CreatePipelineCommand for pipeline:PipelineID=1f042781-405f-4473-aded-df427437ea4b to datanode:aeec539b-574d-4d91-8fa7-d5e640bad944
2023-07-13 06:11:07,219 [RatisPipelineUtilsThread - 0] INFO  pipeline.RatisPipelineProvider (RatisPipelineProvider.java:lambda$create$0(206)) - Sending CreatePipelineCommand for pipeline:PipelineID=1f042781-405f-4473-aded-df427437ea4b to datanode:d12304a5-d481-4f9e-9203-502383e83214
2023-07-13 06:11:07,228 [RatisPipelineUtilsThread - 0] INFO  pipeline.BackgroundPipelineCreator (BackgroundPipelineCreator.java:createPipelines(233)) - Created new pipeline Pipeline[ Id: 1f042781-405f-4473-aded-df427437ea4b, Nodes: 42c94fbf-dc57-4435-80ab-f9b7a4e6d382(fv-az932-602.ktyqbx4ivk1enavz3wfkrixyxe.bx.internal.cloudapp.net/10.1.0.28)aeec539b-574d-4d91-8fa7-d5e640bad944(fv-az932-602.ktyqbx4ivk1enavz3wfkrixyxe.bx.internal.cloudapp.net/10.1.0.28)d12304a5-d481-4f9e-9203-502383e83214(fv-az932-602.ktyqbx4ivk1enavz3wfkrixyxe.bx.internal.cloudapp.net/10.1.0.28), ReplicationConfig: RATIS/THREE, State:ALLOCATED, leaderId:, CreationTimestamp2023-07-13T06:11:07.219Z[Etc/UTC]]
2023-07-13 06:11:07,230 [RatisPipelineUtilsThread - 0] INFO  pipeline.RatisPipelineProvider (RatisPipelineProvider.java:lambda$create$0(206)) - Sending CreatePipelineCommand for pipeline:PipelineID=7473db23-7357-47bb-8e9a-f88cade39363 to datanode:42c94fbf-dc57-4435-80ab-f9b7a4e6d382
2023-07-13 06:11:07,232 [RatisPipelineUtilsThread - 0] INFO  pipeline.RatisPipelineProvider (RatisPipelineProvider.java:lambda$create$0(206)) - Sending CreatePipelineCommand for pipeline:PipelineID=7473db23-7357-47bb-8e9a-f88cade39363 to datanode:d12304a5-d481-4f9e-9203-502383e83214
2023-07-13 06:11:07,232 [RatisPipelineUtilsThread - 0] INFO  pipeline.RatisPipelineProvider (RatisPipelineProvider.java:lambda$create$0(206)) - Sending CreatePipelineCommand for pipeline:PipelineID=7473db23-7357-47bb-8e9a-f88cade39363 to datanode:aeec539b-574d-4d91-8fa7-d5e640bad944
2023-07-13 06:11:07,233 [RatisPipelineUtilsThread - 0] INFO  pipeline.PipelineManagerImpl (PipelineManagerImpl.java:recordMetricsForPipeline(895)) - Pipeline: PipelineID=7473db23-7357-47bb-8e9a-f88cade39363 contains same datanodes as previous pipelines: PipelineID=1f042781-405f-4473-aded-df427437ea4b nodeIds: 42c94fbf-dc57-4435-80ab-f9b7a4e6d382, d12304a5-d481-4f9e-9203-502383e83214, aeec539b-574d-4d91-8fa7-d5e640bad944
2023-07-13 06:11:07,233 [RatisPipelineUtilsThread - 0] INFO  pipeline.BackgroundPipelineCreator (BackgroundPipelineCreator.java:createPipelines(233)) - Created new pipeline Pipeline[ Id: 7473db23-7357-47bb-8e9a-f88cade39363, Nodes: 42c94fbf-dc57-4435-80ab-f9b7a4e6d382(fv-az932-602.ktyqbx4ivk1enavz3wfkrixyxe.bx.internal.cloudapp.net/10.1.0.28)d12304a5-d481-4f9e-9203-502383e83214(fv-az932-602.ktyqbx4ivk1enavz3wfkrixyxe.bx.internal.cloudapp.net/10.1.0.28)aeec539b-574d-4d91-8fa7-d5e640bad944(fv-az932-602.ktyqbx4ivk1enavz3wfkrixyxe.bx.internal.cloudapp.net/10.1.0.28), ReplicationConfig: RATIS/THREE, State:ALLOCATED, leaderId:, CreationTimestamp2023-07-13T06:11:07.230Z[Etc/UTC]]
2023-07-13 06:11:07,238 [RatisPipelineUtilsThread - 0] WARN  pipeline.PipelinePlacementPolicy (PipelinePlacementPolicy.java:filterViableNodes(166)) - Pipeline creation failed due to no sufficient healthy datanodes. Required 3. Found 0. Excluded 9.
2023-07-13 06:11:07,291 [PipelineCommandHandlerThread-0] INFO  server.RaftServer (RaftServerProxy.java:addNew(98)) - d320ba6c-c03b-47af-a073-41dad91ccf26: addNew group-E8F993469F13:[d320ba6c-c03b-47af-a073-41dad91ccf26|rpc:10.1.0.28:15032|admin:10.1.0.28:15031|client:10.1.0.28:15030|dataStream:10.1.0.28:15033|priority:1|startupRole:FOLLOWER] returns group-E8F993469F13:java.util.concurrent.CompletableFuture@46692a25[Not completed]
2023-07-13 06:11:07,293 [d320ba6c-c03b-47af-a073-41dad91ccf26-groupManagement] INFO  server.RaftServer$Division (RaftServerImpl.java:<init>(198)) - d320ba6c-c03b-47af-a073-41dad91ccf26: new RaftServerImpl for group-E8F993469F13:[d320ba6c-c03b-47af-a073-41dad91ccf26|rpc:10.1.0.28:15032|admin:10.1.0.28:15031|client:10.1.0.28:15030|dataStream:10.1.0.28:15033|priority:1|startupRole:FOLLOWER] with ContainerStateMachine:uninitialized
2023-07-13 06:11:07,302 [d320ba6c-c03b-47af-a073-41dad91ccf26-groupManagement] INFO  server.RaftServerConfigKeys (ConfUtils.java:logGet(46)) - raft.server.rpc.timeout.min = 5s (custom)
2023-07-13 06:11:07,302 [d320ba6c-c03b-47af-a073-41dad91ccf26-groupManagement] INFO  server.RaftServerConfigKeys (ConfUtils.java:logGet(46)) - raft.server.rpc.timeout.max = 5200ms (custom)
2023-07-13 06:11:07,302 [d320ba6c-c03b-47af-a073-41dad91ccf26-groupManagement] INFO  server.RaftServerConfigKeys (ConfUtils.java:logGet(46)) - raft.server.rpc.sleep.time = 25ms (default)
2023-07-13 06:11:07,303 [d320ba6c-c03b-47af-a073-41dad91ccf26-groupManagement] INFO  server.RaftServerConfigKeys (ConfUtils.java:logGet(46)) - raft.server.rpc.slowness.timeout = 300s (custom)
2023-07-13 06:11:07,303 [d320ba6c-c03b-47af-a073-41dad91ccf26-groupManagement] INFO  server.RaftServerConfigKeys (ConfUtils.java:logGet(46)) - raft.server.leaderelection.leader.step-down.wait-time = 10s (default)
2023-07-13 06:11:07,303 [d320ba6c-c03b-47af-a073-41dad91ccf26-groupManagement] INFO  server.RaftServerConfigKeys (ConfUtils.java:logGet(46)) - raft.server.sleep.deviation.threshold = 300ms (default)
2023-07-13 06:11:07,303 [d320ba6c-c03b-47af-a073-41dad91ccf26-groupManagement] INFO  server.RaftServer$Division (ServerState.java:<init>(120)) - d320ba6c-c03b-47af-a073-41dad91ccf26@group-E8F993469F13: ConfigurationManager, init=-1: peers:[d320ba6c-c03b-47af-a073-41dad91ccf26|rpc:10.1.0.28:15032|admin:10.1.0.28:15031|client:10.1.0.28:15030|dataStream:10.1.0.28:15033|priority:1|startupRole:FOLLOWER]|listeners:[], old=null, confs=<EMPTY_MAP>
2023-07-13 06:11:07,303 [d320ba6c-c03b-47af-a073-41dad91ccf26-groupManagement] INFO  server.RaftServerConfigKeys (ConfUtils.java:logGet(46)) - raft.server.storage.dir = [/home/runner/work/ozone/ozone/hadoop-ozone/integration-test/target/test-dir/MiniOzoneClusterImpl-40c29f8c-30b3-4208-9c4d-d76d276bda5b/datanode-2/data/ratis] (custom)
2023-07-13 06:11:07,303 [d320ba6c-c03b-47af-a073-41dad91ccf26-groupManagement] INFO  server.RaftServerConfigKeys (ConfUtils.java:logGet(46)) - raft.server.log.corruption.policy = EXCEPTION (default)
2023-07-13 06:11:07,303 [d320ba6c-c03b-47af-a073-41dad91ccf26-groupManagement] INFO  server.RaftServerConfigKeys (ConfUtils.java:logGet(46)) - raft.server.storage.free-space.min = 0MB (=0) (default)
2023-07-13 06:11:07,303 [d320ba6c-c03b-47af-a073-41dad91ccf26-groupManagement] INFO  server.RaftServerConfigKeys (ConfUtils.java:logGet(46)) - raft.server.notification.no-leader.timeout = 300s (custom)
2023-07-13 06:11:07,304 [d320ba6c-c03b-47af-a073-41dad91ccf26-groupManagement] INFO  server.RaftServerConfigKeys (ConfUtils.java:logGet(46)) - raft.server.read.timeout = 10s (default)
2023-07-13 06:11:07,304 [d320ba6c-c03b-47af-a073-41dad91ccf26-groupManagement] INFO  server.RaftServerConfigKeys (ConfUtils.java:logGet(46)) - raft.server.retrycache.expirytime = 600000ms (custom)
2023-07-13 06:11:07,304 [d320ba6c-c03b-47af-a073-41dad91ccf26-groupManagement] INFO  server.RaftServerConfigKeys (ConfUtils.java:logGet(46)) - raft.server.retrycache.statistics.expirytime = 100μs (default)
2023-07-13 06:11:07,304 [d320ba6c-c03b-47af-a073-41dad91ccf26-groupManagement] INFO  server.RaftServerConfigKeys (ConfUtils.java:logGet(46)) - raft.server.read.option = DEFAULT (default)
2023-07-13 06:11:07,306 [d320ba6c-c03b-47af-a073-41dad91ccf26-groupManagement] INFO  server.RaftServerConfigKeys (ConfUtils.java:logGet(46)) - raft.server.rpc.request.timeout = 60s (custom)
2023-07-13 06:11:07,306 [d320ba6c-c03b-47af-a073-41dad91ccf26-groupManagement] INFO  server.RaftServerConfigKeys (ConfUtils.java:logGet(46)) - raft.server.log.appender.install.snapshot.enabled = false (custom)
2023-07-13 06:11:07,307 [d320ba6c-c03b-47af-a073-41dad91ccf26-groupManagement] INFO  server.RaftServerConfigKeys (ConfUtils.java:logGet(46)) - raft.server.threadpool.server.cached = true (default)
2023-07-13 06:11:07,307 [d320ba6c-c03b-47af-a073-41dad91ccf26-groupManagement] INFO  server.RaftServerConfigKeys (ConfUtils.java:logGet(46)) - raft.server.threadpool.server.size = 0 (default)
2023-07-13 06:11:07,307 [d320ba6c-c03b-47af-a073-41dad91ccf26-groupManagement] INFO  server.RaftServerConfigKeys (ConfUtils.java:logGet(46)) - raft.server.threadpool.client.cached = true (default)
2023-07-13 06:11:07,307 [d320ba6c-c03b-47af-a073-41dad91ccf26-groupManagement] INFO  server.RaftServerConfigKeys (ConfUtils.java:logGet(46)) - raft.server.threadpool.client.size = 0 (default)
2023-07-13 06:11:07,307 [d320ba6c-c03b-47af-a073-41dad91ccf26-groupManagement] INFO  storage.RaftStorageDirectory (RaftStorageDirectoryImpl.java:analyzeStorage(137)) - The storage directory /home/runner/work/ozone/ozone/hadoop-ozone/integration-test/target/test-dir/MiniOzoneClusterImpl-40c29f8c-30b3-4208-9c4d-d76d276bda5b/datanode-2/data/ratis/9afc47fa-bb5a-4396-88ff-e8f993469f13 does not exist. Creating ...
2023-07-13 06:11:07,308 [d320ba6c-c03b-47af-a073-41dad91ccf26-groupManagement] INFO  storage.RaftStorageDirectory (RaftStorageDirectoryImpl.java:tryLock(231)) - Lock on /home/runner/work/ozone/ozone/hadoop-ozone/integration-test/target/test-dir/MiniOzoneClusterImpl-40c29f8c-30b3-4208-9c4d-d76d276bda5b/datanode-2/data/ratis/9afc47fa-bb5a-4396-88ff-e8f993469f13/in_use.lock acquired by nodename 110901@fv-az932-602
2023-07-13 06:11:07,310 [d320ba6c-c03b-47af-a073-41dad91ccf26-groupManagement] INFO  storage.RaftStorage (RaftStorageImpl.java:format(96)) - Storage directory /home/runner/work/ozone/ozone/hadoop-ozone/integration-test/target/test-dir/MiniOzoneClusterImpl-40c29f8c-30b3-4208-9c4d-d76d276bda5b/datanode-2/data/ratis/9afc47fa-bb5a-4396-88ff-e8f993469f13 has been successfully formatted.
2023-07-13 06:11:07,321 [d320ba6c-c03b-47af-a073-41dad91ccf26-groupManagement] INFO  ratis.ContainerStateMachine (ContainerStateMachine.java:loadSnapshot(262)) - group-E8F993469F13: The snapshot info is null. Setting the last applied indexto:(t:0, i:~)
2023-07-13 06:11:07,321 [d320ba6c-c03b-47af-a073-41dad91ccf26-groupManagement] INFO  server.RaftServerConfigKeys (ConfUtils.java:logGet(46)) - raft.server.log.use.memory = false (default)
2023-07-13 06:11:07,321 [PipelineCommandHandlerThread-0] INFO  commandhandler.CreatePipelineCommandHandler (CreatePipelineCommandHandler.java:lambda$handle$2(124)) - Created Pipeline RATIS THREE PipelineID=94a47cff-0942-447d-b8b2-8f0ee428b8b8.
2023-07-13 06:11:07,322 [d320ba6c-c03b-47af-a073-41dad91ccf26-groupManagement] INFO  server.RaftServerConfigKeys (ConfUtils.java:logGet(46)) - raft.server.log.purge.gap = 1000000 (custom)
2023-07-13 06:11:07,322 [d320ba6c-c03b-47af-a073-41dad91ccf26-groupManagement] INFO  server.RaftServerConfigKeys (ConfUtils.java:logGet(46)) - raft.server.log.appender.buffer.byte-limit = 33554432 (custom)
2023-07-13 06:11:07,322 [d320ba6c-c03b-47af-a073-41dad91ccf26-groupManagement] INFO  server.RaftServerConfigKeys (ConfUtils.java:logGet(46)) - raft.server.log.statemachine.data.read.timeout = 1000ms (default)
2023-07-13 06:11:07,322 [d320ba6c-c03b-47af-a073-41dad91ccf26-groupManagement] INFO  server.RaftServerConfigKeys (ConfUtils.java:logGet(46)) - raft.server.log.purge.preservation.log.num = 0 (default)
2023-07-13 06:11:07,322 [PipelineCommandHandlerThread-0] INFO  server.RaftServer (RaftServerProxy.java:addNew(98)) - 562e6811-3892-4bb8-8c1f-2833a6a2708d: addNew group-F1FCC772349B:[d320ba6c-c03b-47af-a073-41dad91ccf26|rpc:10.1.0.28:15032|admin:10.1.0.28:15031|client:10.1.0.28:15030|dataStream:10.1.0.28:15033|priority:0|startupRole:FOLLOWER, 82b6249a-e03c-430a-993b-f8cc239713ce|rpc:10.1.0.28:15014|admin:10.1.0.28:15013|client:10.1.0.28:15012|dataStream:10.1.0.28:15015|priority:0|startupRole:FOLLOWER, 562e6811-3892-4bb8-8c1f-2833a6a2708d|rpc:10.1.0.28:15023|admin:10.1.0.28:15022|client:10.1.0.28:15021|dataStream:10.1.0.28:15024|priority:1|startupRole:FOLLOWER] returns group-F1FCC772349B:java.util.concurrent.CompletableFuture@197507c3[Not completed]
2023-07-13 06:11:07,322 [d320ba6c-c03b-47af-a073-41dad91ccf26-groupManagement] INFO  server.RaftServerConfigKeys (ConfUtils.java:logGet(46)) - raft.server.log.segment.size.max = 1048576 (custom)
2023-07-13 06:11:07,323 [d320ba6c-c03b-47af-a073-41dad91ccf26-groupManagement] INFO  server.RaftServerConfigKeys (ConfUtils.java:logGet(46)) - raft.server.log.segment.cache.num.max = 2 (custom)
2023-07-13 06:11:07,323 [d320ba6c-c03b-47af-a073-41dad91ccf26-groupManagement] INFO  server.RaftServerConfigKeys (ConfUtils.java:logGet(46)) - raft.server.log.segment.cache.size.max = 200MB (=209715200) (default)
2023-07-13 06:11:07,323 [d320ba6c-c03b-47af-a073-41dad91ccf26-groupManagement] INFO  server.RaftServerConfigKeys (ConfUtils.java:logGet(46)) - raft.server.log.appender.buffer.byte-limit = 33554432 (custom)
2023-07-13 06:11:07,323 [d320ba6c-c03b-47af-a073-41dad91ccf26-groupManagement] INFO  segmented.SegmentedRaftLogWorker (SegmentedRaftLogWorker.java:<init>(188)) - new d320ba6c-c03b-47af-a073-41dad91ccf26@group-E8F993469F13-SegmentedRaftLogWorker for RaftStorageImpl:Storage Directory /home/runner/work/ozone/ozone/hadoop-ozone/integration-test/target/test-dir/MiniOzoneClusterImpl-40c29f8c-30b3-4208-9c4d-d76d276bda5b/datanode-2/data/ratis/9afc47fa-bb5a-4396-88ff-e8f993469f13
2023-07-13 06:11:07,324 [d320ba6c-c03b-47af-a073-41dad91ccf26-groupManagement] INFO  server.RaftServerConfigKeys (ConfUtils.java:logGet(46)) - raft.server.log.queue.byte-limit = 4294967296 (custom)
2023-07-13 06:11:07,324 [d320ba6c-c03b-47af-a073-41dad91ccf26-groupManagement] INFO  server.RaftServerConfigKeys (ConfUtils.java:logGet(46)) - raft.server.log.queue.element-limit = 1024 (custom)
2023-07-13 06:11:07,324 [d320ba6c-c03b-47af-a073-41dad91ccf26-groupManagement] INFO  server.RaftServerConfigKeys (ConfUtils.java:logGet(46)) - raft.server.log.segment.size.max = 1048576 (custom)
2023-07-13 06:11:07,324 [d320ba6c-c03b-47af-a073-41dad91ccf26-groupManagement] INFO  server.RaftServerConfigKeys (ConfUtils.java:logGet(46)) - raft.server.log.preallocated.size = 16384 (custom)
2023-07-13 06:11:07,324 [d320ba6c-c03b-47af-a073-41dad91ccf26-groupManagement] INFO  server.RaftServerConfigKeys (ConfUtils.java:logGet(46)) - raft.server.log.force.sync.num = 128 (default)
2023-07-13 06:11:07,324 [d320ba6c-c03b-47af-a073-41dad91ccf26-groupManagement] INFO  server.RaftServerConfigKeys (ConfUtils.java:logGet(46)) - raft.server.log.statemachine.data.sync = true (default)
2023-07-13 06:11:07,324 [d320ba6c-c03b-47af-a073-41dad91ccf26-groupManagement] INFO  server.RaftServerConfigKeys (ConfUtils.java:logGet(46)) - raft.server.log.statemachine.data.sync.timeout = 10s (default)
2023-07-13 06:11:07,324 [d320ba6c-c03b-47af-a073-41dad91ccf26-groupManagement] INFO  server.RaftServerConfigKeys (ConfUtils.java:logGet(46)) - raft.server.log.statemachine.data.sync.timeout.retry = -1 (default)
2023-07-13 06:11:07,324 [562e6811-3892-4bb8-8c1f-2833a6a2708d-groupManagement] INFO  server.RaftServer$Division (RaftServerImpl.java:<init>(198)) - 562e6811-3892-4bb8-8c1f-2833a6a2708d: new RaftServerImpl for group-F1FCC772349B:[d320ba6c-c03b-47af-a073-41dad91ccf26|rpc:10.1.0.28:15032|admin:10.1.0.28:15031|client:10.1.0.28:15030|dataStream:10.1.0.28:15033|priority:0|startupRole:FOLLOWER, 82b6249a-e03c-430a-993b-f8cc239713ce|rpc:10.1.0.28:15014|admin:10.1.0.28:15013|client:10.1.0.28:15012|dataStream:10.1.0.28:15015|priority:0|startupRole:FOLLOWER, 562e6811-3892-4bb8-8c1f-2833a6a2708d|rpc:10.1.0.28:15023|admin:10.1.0.28:15022|client:10.1.0.28:15021|dataStream:10.1.0.28:15024|priority:1|startupRole:FOLLOWER] with ContainerStateMachine:uninitialized
2023-07-13 06:11:07,334 [EventQueue-PipelineReportForPipelineReportHandler] INFO  pipeline.PipelineReportHandler (PipelineReportHandler.java:processPipelineReport(136)) - Opened pipeline PipelineID=9afc47fa-bb5a-4396-88ff-e8f993469f13
2023-07-13 06:11:07,326 [d320ba6c-c03b-47af-a073-41dad91ccf26-groupManagement] INFO  server.RaftServerConfigKeys (ConfUtils.java:logGet(46)) - raft.server.log.write.buffer.size = 1048576 (custom)
2023-07-13 06:11:07,338 [EventQueue-OpenPipelineForHealthyPipelineSafeModeRule] INFO  safemode.SCMSafeModeManager (HealthyPipelineSafeModeRule.java:process(137)) - SCM in safe mode. Healthy pipelines reported count is 0, required healthy pipeline reported count is 1
2023-07-13 06:11:07,337 [562e6811-3892-4bb8-8c1f-2833a6a2708d-groupManagement] INFO  server.RaftServerConfigKeys (ConfUtils.java:logGet(46)) - raft.server.rpc.timeout.min = 5s (custom)
2023-07-13 06:11:07,339 [562e6811-3892-4bb8-8c1f-2833a6a2708d-groupManagement] INFO  server.RaftServerConfigKeys (ConfUtils.java:logGet(46)) - raft.server.rpc.timeout.max = 5200ms (custom)
2023-07-13 06:11:07,339 [562e6811-3892-4bb8-8c1f-2833a6a2708d-groupManagement] INFO  server.RaftServerConfigKeys (ConfUtils.java:logGet(46)) - raft.server.rpc.sleep.time = 25ms (default)
2023-07-13 06:11:07,339 [562e6811-3892-4bb8-8c1f-2833a6a2708d-groupManagement] INFO  server.RaftServerConfigKeys (ConfUtils.java:logGet(46)) - raft.server.rpc.slowness.timeout = 300s (custom)
2023-07-13 06:11:07,339 [562e6811-3892-4bb8-8c1f-2833a6a2708d-groupManagement] INFO  server.RaftServerConfigKeys (ConfUtils.java:logGet(46)) - raft.server.leaderelection.leader.step-down.wait-time = 10s (default)
2023-07-13 06:11:07,339 [562e6811-3892-4bb8-8c1f-2833a6a2708d-groupManagement] INFO  server.RaftServerConfigKeys (ConfUtils.java:logGet(46)) - raft.server.sleep.deviation.threshold = 300ms (default)
2023-07-13 06:11:07,339 [562e6811-3892-4bb8-8c1f-2833a6a2708d-groupManagement] INFO  server.RaftServer$Division (ServerState.java:<init>(120)) - 562e6811-3892-4bb8-8c1f-2833a6a2708d@group-F1FCC772349B: ConfigurationManager, init=-1: peers:[d320ba6c-c03b-47af-a073-41dad91ccf26|rpc:10.1.0.28:15032|admin:10.1.0.28:15031|client:10.1.0.28:15030|dataStream:10.1.0.28:15033|priority:0|startupRole:FOLLOWER, 82b6249a-e03c-430a-993b-f8cc239713ce|rpc:10.1.0.28:15014|admin:10.1.0.28:15013|client:10.1.0.28:15012|dataStream:10.1.0.28:15015|priority:0|startupRole:FOLLOWER, 562e6811-3892-4bb8-8c1f-2833a6a2708d|rpc:10.1.0.28:15023|admin:10.1.0.28:15022|client:10.1.0.28:15021|dataStream:10.1.0.28:15024|priority:1|startupRole:FOLLOWER]|listeners:[], old=null, confs=<EMPTY_MAP>
2023-07-13 06:11:07,339 [d320ba6c-c03b-47af-a073-41dad91ccf26-groupManagement] INFO  server.RaftServerConfigKeys (ConfUtils.java:logGet(46)) - raft.server.log.appender.buffer.byte-limit = 33554432 (custom)
2023-07-13 06:11:07,339 [562e6811-3892-4bb8-8c1f-2833a6a2708d-groupManagement] INFO  server.RaftServerConfigKeys (ConfUtils.java:logGet(46)) - raft.server.storage.dir = [/home/runner/work/ozone/ozone/hadoop-ozone/integration-test/target/test-dir/MiniOzoneClusterImpl-40c29f8c-30b3-4208-9c4d-d76d276bda5b/datanode-1/data/ratis] (custom)
2023-07-13 06:11:07,347 [562e6811-3892-4bb8-8c1f-2833a6a2708d-groupManagement] INFO  server.RaftServerConfigKeys (ConfUtils.java:logGet(46)) - raft.server.log.corruption.policy = EXCEPTION (default)
2023-07-13 06:11:07,347 [562e6811-3892-4bb8-8c1f-2833a6a2708d-groupManagement] INFO  server.RaftServerConfigKeys (ConfUtils.java:logGet(46)) - raft.server.storage.free-space.min = 0MB (=0) (default)
2023-07-13 06:11:07,348 [d320ba6c-c03b-47af-a073-41dad91ccf26-groupManagement] INFO  server.RaftServerConfigKeys (ConfUtils.java:logGet(46)) - raft.server.log.unsafe-flush.enabled = false (default)
2023-07-13 06:11:07,340 [PipelineCommandHandlerThread-0] INFO  commandhandler.CreatePipelineCommandHandler (CreatePipelineCommandHandler.java:lambda$handle$2(124)) - Created Pipeline RATIS THREE PipelineID=94a47cff-0942-447d-b8b2-8f0ee428b8b8.
2023-07-13 06:11:07,348 [d320ba6c-c03b-47af-a073-41dad91ccf26-groupManagement] INFO  server.RaftServerConfigKeys (ConfUtils.java:logGet(46)) - raft.server.log.async-flush.enabled = false (default)
2023-07-13 06:11:07,348 [d320ba6c-c03b-47af-a073-41dad91ccf26-groupManagement] INFO  server.RaftServerConfigKeys (ConfUtils.java:logGet(46)) - raft.server.log.statemachine.data.caching.enabled = true (custom)
2023-07-13 06:11:07,348 [PipelineCommandHandlerThread-0] INFO  server.RaftServer (RaftServerProxy.java:addNew(98)) - 82b6249a-e03c-430a-993b-f8cc239713ce: addNew group-F1FCC772349B:[d320ba6c-c03b-47af-a073-41dad91ccf26|rpc:10.1.0.28:15032|admin:10.1.0.28:15031|client:10.1.0.28:15030|dataStream:10.1.0.28:15033|priority:0|startupRole:FOLLOWER, 82b6249a-e03c-430a-993b-f8cc239713ce|rpc:10.1.0.28:15014|admin:10.1.0.28:15013|client:10.1.0.28:15012|dataStream:10.1.0.28:15015|priority:0|startupRole:FOLLOWER, 562e6811-3892-4bb8-8c1f-2833a6a2708d|rpc:10.1.0.28:15023|admin:10.1.0.28:15022|client:10.1.0.28:15021|dataStream:10.1.0.28:15024|priority:1|startupRole:FOLLOWER] returns group-F1FCC772349B:java.util.concurrent.CompletableFuture@1d2fdba6[Not completed]
2023-07-13 06:11:07,348 [562e6811-3892-4bb8-8c1f-2833a6a2708d-groupManagement] INFO  server.RaftServerConfigKeys (ConfUtils.java:logGet(46)) - raft.server.notification.no-leader.timeout = 300s (custom)
2023-07-13 06:11:07,348 [562e6811-3892-4bb8-8c1f-2833a6a2708d-groupManagement] INFO  server.RaftServerConfigKeys (ConfUtils.java:logGet(46)) - raft.server.read.timeout = 10s (default)
2023-07-13 06:11:07,349 [562e6811-3892-4bb8-8c1f-2833a6a2708d-groupManagement] INFO  server.RaftServerConfigKeys (ConfUtils.java:logGet(46)) - raft.server.retrycache.expirytime = 600000ms (custom)
2023-07-13 06:11:07,349 [562e6811-3892-4bb8-8c1f-2833a6a2708d-groupManagement] INFO  server.RaftServerConfigKeys (ConfUtils.java:logGet(46)) - raft.server.retrycache.statistics.expirytime = 100μs (default)
2023-07-13 06:11:07,349 [562e6811-3892-4bb8-8c1f-2833a6a2708d-groupManagement] INFO  server.RaftServerConfigKeys (ConfUtils.java:logGet(46)) - raft.server.read.option = DEFAULT (default)
2023-07-13 06:11:07,349 [82b6249a-e03c-430a-993b-f8cc239713ce-groupManagement] INFO  server.RaftServer$Division (RaftServerImpl.java:<init>(198)) - 82b6249a-e03c-430a-993b-f8cc239713ce: new RaftServerImpl for group-F1FCC772349B:[d320ba6c-c03b-47af-a073-41dad91ccf26|rpc:10.1.0.28:15032|admin:10.1.0.28:15031|client:10.1.0.28:15030|dataStream:10.1.0.28:15033|priority:0|startupRole:FOLLOWER, 82b6249a-e03c-430a-993b-f8cc239713ce|rpc:10.1.0.28:15014|admin:10.1.0.28:15013|client:10.1.0.28:15012|dataStream:10.1.0.28:15015|priority:0|startupRole:FOLLOWER, 562e6811-3892-4bb8-8c1f-2833a6a2708d|rpc:10.1.0.28:15023|admin:10.1.0.28:15022|client:10.1.0.28:15021|dataStream:10.1.0.28:15024|priority:1|startupRole:FOLLOWER] with ContainerStateMachine:uninitialized
2023-07-13 06:11:07,351 [562e6811-3892-4bb8-8c1f-2833a6a2708d-groupManagement] INFO  server.RaftServerConfigKeys (ConfUtils.java:logGet(46)) - raft.server.rpc.request.timeout = 60s (custom)
2023-07-13 06:11:07,355 [562e6811-3892-4bb8-8c1f-2833a6a2708d-groupManagement] INFO  server.RaftServerConfigKeys (ConfUtils.java:logGet(46)) - raft.server.log.appender.install.snapshot.enabled = false (custom)
2023-07-13 06:11:07,355 [562e6811-3892-4bb8-8c1f-2833a6a2708d-groupManagement] INFO  server.RaftServerConfigKeys (ConfUtils.java:logGet(46)) - raft.server.threadpool.server.cached = true (default)
2023-07-13 06:11:07,355 [562e6811-3892-4bb8-8c1f-2833a6a2708d-groupManagement] INFO  server.RaftServerConfigKeys (ConfUtils.java:logGet(46)) - raft.server.threadpool.server.size = 0 (default)
2023-07-13 06:11:07,355 [562e6811-3892-4bb8-8c1f-2833a6a2708d-groupManagement] INFO  server.RaftServerConfigKeys (ConfUtils.java:logGet(46)) - raft.server.threadpool.client.cached = true (default)
2023-07-13 06:11:07,355 [562e6811-3892-4bb8-8c1f-2833a6a2708d-groupManagement] INFO  server.RaftServerConfigKeys (ConfUtils.java:logGet(46)) - raft.server.threadpool.client.size = 0 (default)
2023-07-13 06:11:07,355 [562e6811-3892-4bb8-8c1f-2833a6a2708d-groupManagement] INFO  storage.RaftStorageDirectory (RaftStorageDirectoryImpl.java:analyzeStorage(137)) - The storage directory /home/runner/work/ozone/ozone/hadoop-ozone/integration-test/target/test-dir/MiniOzoneClusterImpl-40c29f8c-30b3-4208-9c4d-d76d276bda5b/datanode-1/data/ratis/af39817d-4a8d-4188-bd56-f1fcc772349b does not exist. Creating ...
2023-07-13 06:11:07,350 [d320ba6c-c03b-47af-a073-41dad91ccf26-groupManagement] INFO  segmented.SegmentedRaftLogWorker (SegmentedRaftLogWorker.java:lambda$new$0(135)) - d320ba6c-c03b-47af-a073-41dad91ccf26@group-E8F993469F13-SegmentedRaftLogWorker: flushIndex: setUnconditionally 0 -> -1
2023-07-13 06:11:07,357 [d320ba6c-c03b-47af-a073-41dad91ccf26-groupManagement] INFO  segmented.SegmentedRaftLogWorker (SegmentedRaftLogWorker.java:lambda$new$0(135)) - d320ba6c-c03b-47af-a073-41dad91ccf26@group-E8F993469F13-SegmentedRaftLogWorker: safeCacheEvictIndex: setUnconditionally 0 -> -1
2023-07-13 06:11:07,357 [562e6811-3892-4bb8-8c1f-2833a6a2708d-groupManagement] INFO  storage.RaftStorageDirectory (RaftStorageDirectoryImpl.java:tryLock(231)) - Lock on /home/runner/work/ozone/ozone/hadoop-ozone/integration-test/target/test-dir/MiniOzoneClusterImpl-40c29f8c-30b3-4208-9c4d-d76d276bda5b/datanode-1/data/ratis/af39817d-4a8d-4188-bd56-f1fcc772349b/in_use.lock acquired by nodename 110901@fv-az932-602
2023-07-13 06:11:07,355 [82b6249a-e03c-430a-993b-f8cc239713ce-groupManagement] INFO  server.RaftServerConfigKeys (ConfUtils.java:logGet(46)) - raft.server.rpc.timeout.min = 5s (custom)
2023-07-13 06:11:07,357 [82b6249a-e03c-430a-993b-f8cc239713ce-groupManagement] INFO  server.RaftServerConfigKeys (ConfUtils.java:logGet(46)) - raft.server.rpc.timeout.max = 5200ms (custom)
2023-07-13 06:11:07,357 [82b6249a-e03c-430a-993b-f8cc239713ce-groupManagement] INFO  server.RaftServerConfigKeys (ConfUtils.java:logGet(46)) - raft.server.rpc.sleep.time = 25ms (default)
2023-07-13 06:11:07,358 [82b6249a-e03c-430a-993b-f8cc239713ce-groupManagement] INFO  server.RaftServerConfigKeys (ConfUtils.java:logGet(46)) - raft.server.rpc.slowness.timeout = 300s (custom)
2023-07-13 06:11:07,358 [82b6249a-e03c-430a-993b-f8cc239713ce-groupManagement] INFO  server.RaftServerConfigKeys (ConfUtils.java:logGet(46)) - raft.server.leaderelection.leader.step-down.wait-time = 10s (default)
2023-07-13 06:11:07,358 [82b6249a-e03c-430a-993b-f8cc239713ce-groupManagement] INFO  server.RaftServerConfigKeys (ConfUtils.java:logGet(46)) - raft.server.sleep.deviation.threshold = 300ms (default)
2023-07-13 06:11:07,358 [82b6249a-e03c-430a-993b-f8cc239713ce-groupManagement] INFO  server.RaftServer$Division (ServerState.java:<init>(120)) - 82b6249a-e03c-430a-993b-f8cc239713ce@group-F1FCC772349B: ConfigurationManager, init=-1: peers:[d320ba6c-c03b-47af-a073-41dad91ccf26|rpc:10.1.0.28:15032|admin:10.1.0.28:15031|client:10.1.0.28:15030|dataStream:10.1.0.28:15033|priority:0|startupRole:FOLLOWER, 82b6249a-e03c-430a-993b-f8cc239713ce|rpc:10.1.0.28:15014|admin:10.1.0.28:15013|client:10.1.0.28:15012|dataStream:10.1.0.28:15015|priority:0|startupRole:FOLLOWER, 562e6811-3892-4bb8-8c1f-2833a6a2708d|rpc:10.1.0.28:15023|admin:10.1.0.28:15022|client:10.1.0.28:15021|dataStream:10.1.0.28:15024|priority:1|startupRole:FOLLOWER]|listeners:[], old=null, confs=<EMPTY_MAP>
2023-07-13 06:11:07,358 [82b6249a-e03c-430a-993b-f8cc239713ce-groupManagement] INFO  server.RaftServerConfigKeys (ConfUtils.java:logGet(46)) - raft.server.storage.dir = [/home/runner/work/ozone/ozone/hadoop-ozone/integration-test/target/test-dir/MiniOzoneClusterImpl-40c29f8c-30b3-4208-9c4d-d76d276bda5b/datanode-0/data/ratis] (custom)
2023-07-13 06:11:07,358 [82b6249a-e03c-430a-993b-f8cc239713ce-groupManagement] INFO  server.RaftServerConfigKeys (ConfUtils.java:logGet(46)) - raft.server.log.corruption.policy = EXCEPTION (default)
2023-07-13 06:11:07,358 [82b6249a-e03c-430a-993b-f8cc239713ce-groupManagement] INFO  server.RaftServerConfigKeys (ConfUtils.java:logGet(46)) - raft.server.storage.free-space.min = 0MB (=0) (default)
2023-07-13 06:11:07,358 [82b6249a-e03c-430a-993b-f8cc239713ce-groupManagement] INFO  server.RaftServerConfigKeys (ConfUtils.java:logGet(46)) - raft.server.notification.no-leader.timeout = 300s (custom)
2023-07-13 06:11:07,358 [82b6249a-e03c-430a-993b-f8cc239713ce-groupManagement] INFO  server.RaftServerConfigKeys (ConfUtils.java:logGet(46)) - raft.server.read.timeout = 10s (default)
2023-07-13 06:11:07,358 [82b6249a-e03c-430a-993b-f8cc239713ce-groupManagement] INFO  server.RaftServerConfigKeys (ConfUtils.java:logGet(46)) - raft.server.retrycache.expirytime = 600000ms (custom)
2023-07-13 06:11:07,358 [82b6249a-e03c-430a-993b-f8cc239713ce-groupManagement] INFO  server.RaftServerConfigKeys (ConfUtils.java:logGet(46)) - raft.server.retrycache.statistics.expirytime = 100μs (default)
2023-07-13 06:11:07,359 [82b6249a-e03c-430a-993b-f8cc239713ce-groupManagement] INFO  server.RaftServerConfigKeys (ConfUtils.java:logGet(46)) - raft.server.read.option = DEFAULT (default)
2023-07-13 06:11:07,360 [82b6249a-e03c-430a-993b-f8cc239713ce-groupManagement] INFO  server.RaftServerConfigKeys (ConfUtils.java:logGet(46)) - raft.server.rpc.request.timeout = 60s (custom)
2023-07-13 06:11:07,360 [82b6249a-e03c-430a-993b-f8cc239713ce-groupManagement] INFO  server.RaftServerConfigKeys (ConfUtils.java:logGet(46)) - raft.server.log.appender.install.snapshot.enabled = false (custom)
2023-07-13 06:11:07,360 [82b6249a-e03c-430a-993b-f8cc239713ce-groupManagement] INFO  server.RaftServerConfigKeys (ConfUtils.java:logGet(46)) - raft.server.threadpool.server.cached = true (default)
2023-07-13 06:11:07,360 [82b6249a-e03c-430a-993b-f8cc239713ce-groupManagement] INFO  server.RaftServerConfigKeys (ConfUtils.java:logGet(46)) - raft.server.threadpool.server.size = 0 (default)
2023-07-13 06:11:07,361 [82b6249a-e03c-430a-993b-f8cc239713ce-groupManagement] INFO  server.RaftServerConfigKeys (ConfUtils.java:logGet(46)) - raft.server.threadpool.client.cached = true (default)
2023-07-13 06:11:07,361 [82b6249a-e03c-430a-993b-f8cc239713ce-groupManagement] INFO  server.RaftServerConfigKeys (ConfUtils.java:logGet(46)) - raft.server.threadpool.client.size = 0 (default)
2023-07-13 06:11:07,361 [82b6249a-e03c-430a-993b-f8cc239713ce-groupManagement] INFO  storage.RaftStorageDirectory (RaftStorageDirectoryImpl.java:analyzeStorage(137)) - The storage directory /home/runner/work/ozone/ozone/hadoop-ozone/integration-test/target/test-dir/MiniOzoneClusterImpl-40c29f8c-30b3-4208-9c4d-d76d276bda5b/datanode-0/data/ratis/af39817d-4a8d-4188-bd56-f1fcc772349b does not exist. Creating ...
2023-07-13 06:11:07,362 [d320ba6c-c03b-47af-a073-41dad91ccf26-groupManagement] INFO  server.RaftServer$Division (RaftServerImpl.java:start(342)) - d320ba6c-c03b-47af-a073-41dad91ccf26@group-E8F993469F13: start as a follower, conf=-1: peers:[d320ba6c-c03b-47af-a073-41dad91ccf26|rpc:10.1.0.28:15032|admin:10.1.0.28:15031|client:10.1.0.28:15030|dataStream:10.1.0.28:15033|priority:1|startupRole:FOLLOWER]|listeners:[], old=null
2023-07-13 06:11:07,363 [d320ba6c-c03b-47af-a073-41dad91ccf26-groupManagement] INFO  server.RaftServer$Division (RaftServerImpl.java:setRole(329)) - d320ba6c-c03b-47af-a073-41dad91ccf26@group-E8F993469F13: changes role from      null to FOLLOWER at term 0 for startAsFollower
2023-07-13 06:11:07,363 [d320ba6c-c03b-47af-a073-41dad91ccf26-groupManagement] INFO  impl.RoleInfo (RoleInfo.java:updateAndGet(139)) - d320ba6c-c03b-47af-a073-41dad91ccf26: start d320ba6c-c03b-47af-a073-41dad91ccf26@group-E8F993469F13-FollowerState
2023-07-13 06:11:07,363 [d320ba6c-c03b-47af-a073-41dad91ccf26-groupManagement] INFO  util.JmxRegister (JmxRegister.java:tryRegister(44)) - Successfully registered JMX Bean with object name Ratis:service=RaftServer,group=group-E8F993469F13,id=d320ba6c-c03b-47af-a073-41dad91ccf26
2023-07-13 06:11:07,363 [d320ba6c-c03b-47af-a073-41dad91ccf26-groupManagement] INFO  server.RaftServerConfigKeys (ConfUtils.java:logGet(46)) - raft.server.snapshot.auto.trigger.enabled = true (custom)
2023-07-13 06:11:07,363 [d320ba6c-c03b-47af-a073-41dad91ccf26-groupManagement] INFO  server.RaftServerConfigKeys (ConfUtils.java:logGet(46)) - raft.server.snapshot.auto.trigger.threshold = 10000 (custom)
2023-07-13 06:11:07,363 [d320ba6c-c03b-47af-a073-41dad91ccf26-groupManagement] INFO  server.RaftServerConfigKeys (ConfUtils.java:logGet(46)) - raft.server.snapshot.retention.file.num = 5 (custom)
2023-07-13 06:11:07,364 [d320ba6c-c03b-47af-a073-41dad91ccf26-groupManagement] INFO  server.RaftServerConfigKeys (ConfUtils.java:logGet(46)) - raft.server.log.purge.upto.snapshot.index = false (default)
2023-07-13 06:11:07,366 [562e6811-3892-4bb8-8c1f-2833a6a2708d-groupManagement] INFO  storage.RaftStorage (RaftStorageImpl.java:format(96)) - Storage directory /home/runner/work/ozone/ozone/hadoop-ozone/integration-test/target/test-dir/MiniOzoneClusterImpl-40c29f8c-30b3-4208-9c4d-d76d276bda5b/datanode-1/data/ratis/af39817d-4a8d-4188-bd56-f1fcc772349b has been successfully formatted.
2023-07-13 06:11:07,366 [82b6249a-e03c-430a-993b-f8cc239713ce-groupManagement] INFO  storage.RaftStorageDirectory (RaftStorageDirectoryImpl.java:tryLock(231)) - Lock on /home/runner/work/ozone/ozone/hadoop-ozone/integration-test/target/test-dir/MiniOzoneClusterImpl-40c29f8c-30b3-4208-9c4d-d76d276bda5b/datanode-0/data/ratis/af39817d-4a8d-4188-bd56-f1fcc772349b/in_use.lock acquired by nodename 110901@fv-az932-602
2023-07-13 06:11:07,367 [PipelineCommandHandlerThread-0] INFO  ratis.XceiverServerRatis (XceiverServerRatis.java:addGroup(804)) - Created group PipelineID=9afc47fa-bb5a-4396-88ff-e8f993469f13
2023-07-13 06:11:07,368 [PipelineCommandHandlerThread-0] INFO  commandhandler.CreatePipelineCommandHandler (CreatePipelineCommandHandler.java:lambda$handle$2(124)) - Created Pipeline RATIS ONE PipelineID=9afc47fa-bb5a-4396-88ff-e8f993469f13.
2023-07-13 06:11:07,368 [562e6811-3892-4bb8-8c1f-2833a6a2708d-groupManagement] INFO  ratis.ContainerStateMachine (ContainerStateMachine.java:loadSnapshot(262)) - group-F1FCC772349B: The snapshot info is null. Setting the last applied indexto:(t:0, i:~)
2023-07-13 06:11:07,369 [562e6811-3892-4bb8-8c1f-2833a6a2708d-groupManagement] INFO  server.RaftServerConfigKeys (ConfUtils.java:logGet(46)) - raft.server.log.use.memory = false (default)
2023-07-13 06:11:07,370 [562e6811-3892-4bb8-8c1f-2833a6a2708d-groupManagement] INFO  server.RaftServerConfigKeys (ConfUtils.java:logGet(46)) - raft.server.log.purge.gap = 1000000 (custom)
2023-07-13 06:11:07,370 [562e6811-3892-4bb8-8c1f-2833a6a2708d-groupManagement] INFO  server.RaftServerConfigKeys (ConfUtils.java:logGet(46)) - raft.server.log.appender.buffer.byte-limit = 33554432 (custom)
2023-07-13 06:11:07,370 [562e6811-3892-4bb8-8c1f-2833a6a2708d-groupManagement] INFO  server.RaftServerConfigKeys (ConfUtils.java:logGet(46)) - raft.server.log.statemachine.data.read.timeout = 1000ms (default)
2023-07-13 06:11:07,370 [562e6811-3892-4bb8-8c1f-2833a6a2708d-groupManagement] INFO  server.RaftServerConfigKeys (ConfUtils.java:logGet(46)) - raft.server.log.purge.preservation.log.num = 0 (default)
2023-07-13 06:11:07,370 [562e6811-3892-4bb8-8c1f-2833a6a2708d-groupManagement] INFO  server.RaftServerConfigKeys (ConfUtils.java:logGet(46)) - raft.server.log.segment.size.max = 1048576 (custom)
2023-07-13 06:11:07,371 [562e6811-3892-4bb8-8c1f-2833a6a2708d-groupManagement] INFO  server.RaftServerConfigKeys (ConfUtils.java:logGet(46)) - raft.server.log.segment.cache.num.max = 2 (custom)
2023-07-13 06:11:07,371 [562e6811-3892-4bb8-8c1f-2833a6a2708d-groupManagement] INFO  server.RaftServerConfigKeys (ConfUtils.java:logGet(46)) - raft.server.log.segment.cache.size.max = 200MB (=209715200) (default)
2023-07-13 06:11:07,371 [562e6811-3892-4bb8-8c1f-2833a6a2708d-groupManagement] INFO  server.RaftServerConfigKeys (ConfUtils.java:logGet(46)) - raft.server.log.appender.buffer.byte-limit = 33554432 (custom)
2023-07-13 06:11:07,371 [562e6811-3892-4bb8-8c1f-2833a6a2708d-groupManagement] INFO  segmented.SegmentedRaftLogWorker (SegmentedRaftLogWorker.java:<init>(188)) - new 562e6811-3892-4bb8-8c1f-2833a6a2708d@group-F1FCC772349B-SegmentedRaftLogWorker for RaftStorageImpl:Storage Directory /home/runner/work/ozone/ozone/hadoop-ozone/integration-test/target/test-dir/MiniOzoneClusterImpl-40c29f8c-30b3-4208-9c4d-d76d276bda5b/datanode-1/data/ratis/af39817d-4a8d-4188-bd56-f1fcc772349b
2023-07-13 06:11:07,371 [562e6811-3892-4bb8-8c1f-2833a6a2708d-groupManagement] INFO  server.RaftServerConfigKeys (ConfUtils.java:logGet(46)) - raft.server.log.queue.byte-limit = 4294967296 (custom)
2023-07-13 06:11:07,371 [562e6811-3892-4bb8-8c1f-2833a6a2708d-groupManagement] INFO  server.RaftServerConfigKeys (ConfUtils.java:logGet(46)) - raft.server.log.queue.element-limit = 1024 (custom)
2023-07-13 06:11:07,371 [562e6811-3892-4bb8-8c1f-2833a6a2708d-groupManagement] INFO  server.RaftServerConfigKeys (ConfUtils.java:logGet(46)) - raft.server.log.segment.size.max = 1048576 (custom)
2023-07-13 06:11:07,371 [562e6811-3892-4bb8-8c1f-2833a6a2708d-groupManagement] INFO  server.RaftServerConfigKeys (ConfUtils.java:logGet(46)) - raft.server.log.preallocated.size = 16384 (custom)
2023-07-13 06:11:07,371 [562e6811-3892-4bb8-8c1f-2833a6a2708d-groupManagement] INFO  server.RaftServerConfigKeys (ConfUtils.java:logGet(46)) - raft.server.log.force.sync.num = 128 (default)
2023-07-13 06:11:07,371 [562e6811-3892-4bb8-8c1f-2833a6a2708d-groupManagement] INFO  server.RaftServerConfigKeys (ConfUtils.java:logGet(46)) - raft.server.log.statemachine.data.sync = true (default)
2023-07-13 06:11:07,371 [562e6811-3892-4bb8-8c1f-2833a6a2708d-groupManagement] INFO  server.RaftServerConfigKeys (ConfUtils.java:logGet(46)) - raft.server.log.statemachine.data.sync.timeout = 10s (default)
2023-07-13 06:11:07,372 [562e6811-3892-4bb8-8c1f-2833a6a2708d-groupManagement] INFO  server.RaftServerConfigKeys (ConfUtils.java:logGet(46)) - raft.server.log.statemachine.data.sync.timeout.retry = -1 (default)
2023-07-13 06:11:07,369 [82b6249a-e03c-430a-993b-f8cc239713ce-groupManagement] INFO  storage.RaftStorage (RaftStorageImpl.java:format(96)) - Storage directory /home/runner/work/ozone/ozone/hadoop-ozone/integration-test/target/test-dir/MiniOzoneClusterImpl-40c29f8c-30b3-4208-9c4d-d76d276bda5b/datanode-0/data/ratis/af39817d-4a8d-4188-bd56-f1fcc772349b has been successfully formatted.
2023-07-13 06:11:07,372 [PipelineCommandHandlerThread-0] INFO  server.RaftServer (RaftServerProxy.java:addNew(98)) - d320ba6c-c03b-47af-a073-41dad91ccf26: addNew group-F1FCC772349B:[d320ba6c-c03b-47af-a073-41dad91ccf26|rpc:10.1.0.28:15032|admin:10.1.0.28:15031|client:10.1.0.28:15030|dataStream:10.1.0.28:15033|priority:0|startupRole:FOLLOWER, 82b6249a-e03c-430a-993b-f8cc239713ce|rpc:10.1.0.28:15014|admin:10.1.0.28:15013|client:10.1.0.28:15012|dataStream:10.1.0.28:15015|priority:0|startupRole:FOLLOWER, 562e6811-3892-4bb8-8c1f-2833a6a2708d|rpc:10.1.0.28:15023|admin:10.1.0.28:15022|client:10.1.0.28:15021|dataStream:10.1.0.28:15024|priority:1|startupRole:FOLLOWER] returns group-F1FCC772349B:java.util.concurrent.CompletableFuture@48aecc98[Not completed]
2023-07-13 06:11:07,372 [82b6249a-e03c-430a-993b-f8cc239713ce-groupManagement] INFO  ratis.ContainerStateMachine (ContainerStateMachine.java:loadSnapshot(262)) - group-F1FCC772349B: The snapshot info is null. Setting the last applied indexto:(t:0, i:~)
2023-07-13 06:11:07,372 [82b6249a-e03c-430a-993b-f8cc239713ce-groupManagement] INFO  server.RaftServerConfigKeys (ConfUtils.java:logGet(46)) - raft.server.log.use.memory = false (default)
2023-07-13 06:11:07,372 [82b6249a-e03c-430a-993b-f8cc239713ce-groupManagement] INFO  server.RaftServerConfigKeys (ConfUtils.java:logGet(46)) - raft.server.log.purge.gap = 1000000 (custom)
2023-07-13 06:11:07,372 [82b6249a-e03c-430a-993b-f8cc239713ce-groupManagement] INFO  server.RaftServerConfigKeys (ConfUtils.java:logGet(46)) - raft.server.log.appender.buffer.byte-limit = 33554432 (custom)
2023-07-13 06:11:07,372 [82b6249a-e03c-430a-993b-f8cc239713ce-groupManagement] INFO  server.RaftServerConfigKeys (ConfUtils.java:logGet(46)) - raft.server.log.statemachine.data.read.timeout = 1000ms (default)
2023-07-13 06:11:07,373 [82b6249a-e03c-430a-993b-f8cc239713ce-groupManagement] INFO  server.RaftServerConfigKeys (ConfUtils.java:logGet(46)) - raft.server.log.purge.preservation.log.num = 0 (default)
2023-07-13 06:11:07,373 [82b6249a-e03c-430a-993b-f8cc239713ce-groupManagement] INFO  server.RaftServerConfigKeys (ConfUtils.java:logGet(46)) - raft.server.log.segment.size.max = 1048576 (custom)
2023-07-13 06:11:07,373 [d320ba6c-c03b-47af-a073-41dad91ccf26-groupManagement] INFO  server.RaftServer$Division (RaftServerImpl.java:<init>(198)) - d320ba6c-c03b-47af-a073-41dad91ccf26: new RaftServerImpl for group-F1FCC772349B:[d320ba6c-c03b-47af-a073-41dad91ccf26|rpc:10.1.0.28:15032|admin:10.1.0.28:15031|client:10.1.0.28:15030|dataStream:10.1.0.28:15033|priority:0|startupRole:FOLLOWER, 82b6249a-e03c-430a-993b-f8cc239713ce|rpc:10.1.0.28:15014|admin:10.1.0.28:15013|client:10.1.0.28:15012|dataStream:10.1.0.28:15015|priority:0|startupRole:FOLLOWER, 562e6811-3892-4bb8-8c1f-2833a6a2708d|rpc:10.1.0.28:15023|admin:10.1.0.28:15022|client:10.1.0.28:15021|dataStream:10.1.0.28:15024|priority:1|startupRole:FOLLOWER] with ContainerStateMachine:uninitialized
2023-07-13 06:11:07,382 [EventQueue-OpenPipelineForHealthyPipelineSafeModeRule] INFO  safemode.SCMSafeModeManager (HealthyPipelineSafeModeRule.java:process(137)) - SCM in safe mode. Healthy pipelines reported count is 0, required healthy pipeline reported count is 1
2023-07-13 06:11:07,384 [d320ba6c-c03b-47af-a073-41dad91ccf26-groupManagement] INFO  server.RaftServerConfigKeys (ConfUtils.java:logGet(46)) - raft.server.rpc.timeout.min = 5s (custom)
2023-07-13 06:11:07,387 [d320ba6c-c03b-47af-a073-41dad91ccf26-groupManagement] INFO  server.RaftServerConfigKeys (ConfUtils.java:logGet(46)) - raft.server.rpc.timeout.max = 5200ms (custom)
2023-07-13 06:11:07,387 [d320ba6c-c03b-47af-a073-41dad91ccf26-groupManagement] INFO  server.RaftServerConfigKeys (ConfUtils.java:logGet(46)) - raft.server.rpc.sleep.time = 25ms (default)
2023-07-13 06:11:07,387 [d320ba6c-c03b-47af-a073-41dad91ccf26-groupManagement] INFO  server.RaftServerConfigKeys (ConfUtils.java:logGet(46)) - raft.server.rpc.slowness.timeout = 300s (custom)
2023-07-13 06:11:07,387 [d320ba6c-c03b-47af-a073-41dad91ccf26-groupManagement] INFO  server.RaftServerConfigKeys (ConfUtils.java:logGet(46)) - raft.server.leaderelection.leader.step-down.wait-time = 10s (default)
2023-07-13 06:11:07,387 [d320ba6c-c03b-47af-a073-41dad91ccf26-groupManagement] INFO  server.RaftServerConfigKeys (ConfUtils.java:logGet(46)) - raft.server.sleep.deviation.threshold = 300ms (default)
2023-07-13 06:11:07,387 [d320ba6c-c03b-47af-a073-41dad91ccf26-groupManagement] INFO  server.RaftServer$Division (ServerState.java:<init>(120)) - d320ba6c-c03b-47af-a073-41dad91ccf26@group-F1FCC772349B: ConfigurationManager, init=-1: peers:[d320ba6c-c03b-47af-a073-41dad91ccf26|rpc:10.1.0.28:15032|admin:10.1.0.28:15031|client:10.1.0.28:15030|dataStream:10.1.0.28:15033|priority:0|startupRole:FOLLOWER, 82b6249a-e03c-430a-993b-f8cc239713ce|rpc:10.1.0.28:15014|admin:10.1.0.28:15013|client:10.1.0.28:15012|dataStream:10.1.0.28:15015|priority:0|startupRole:FOLLOWER, 562e6811-3892-4bb8-8c1f-2833a6a2708d|rpc:10.1.0.28:15023|admin:10.1.0.28:15022|client:10.1.0.28:15021|dataStream:10.1.0.28:15024|priority:1|startupRole:FOLLOWER]|listeners:[], old=null, confs=<EMPTY_MAP>
2023-07-13 06:11:07,388 [d320ba6c-c03b-47af-a073-41dad91ccf26-groupManagement] INFO  server.RaftServerConfigKeys (ConfUtils.java:logGet(46)) - raft.server.storage.dir = [/home/runner/work/ozone/ozone/hadoop-ozone/integration-test/target/test-dir/MiniOzoneClusterImpl-40c29f8c-30b3-4208-9c4d-d76d276bda5b/datanode-2/data/ratis] (custom)
2023-07-13 06:11:07,388 [d320ba6c-c03b-47af-a073-41dad91ccf26-groupManagement] INFO  server.RaftServerConfigKeys (ConfUtils.java:logGet(46)) - raft.server.log.corruption.policy = EXCEPTION (default)
2023-07-13 06:11:07,388 [d320ba6c-c03b-47af-a073-41dad91ccf26-groupManagement] INFO  server.RaftServerConfigKeys (ConfUtils.java:logGet(46)) - raft.server.storage.free-space.min = 0MB (=0) (default)
2023-07-13 06:11:07,388 [d320ba6c-c03b-47af-a073-41dad91ccf26-groupManagement] INFO  server.RaftServerConfigKeys (ConfUtils.java:logGet(46)) - raft.server.notification.no-leader.timeout = 300s (custom)
2023-07-13 06:11:07,388 [EventQueue-OpenPipelineForHealthyPipelineSafeModeRule] INFO  safemode.SCMSafeModeManager (HealthyPipelineSafeModeRule.java:process(137)) - SCM in safe mode. Healthy pipelines reported count is 0, required healthy pipeline reported count is 1
2023-07-13 06:11:07,386 [562e6811-3892-4bb8-8c1f-2833a6a2708d-groupManagement] INFO  server.RaftServerConfigKeys (ConfUtils.java:logGet(46)) - raft.server.log.write.buffer.size = 1048576 (custom)
2023-07-13 06:11:07,399 [562e6811-3892-4bb8-8c1f-2833a6a2708d-groupManagement] INFO  server.RaftServerConfigKeys (ConfUtils.java:logGet(46)) - raft.server.log.appender.buffer.byte-limit = 33554432 (custom)
2023-07-13 06:11:07,385 [82b6249a-e03c-430a-993b-f8cc239713ce-groupManagement] INFO  server.RaftServerConfigKeys (ConfUtils.java:logGet(46)) - raft.server.log.segment.cache.num.max = 2 (custom)
2023-07-13 06:11:07,400 [82b6249a-e03c-430a-993b-f8cc239713ce-groupManagement] INFO  server.RaftServerConfigKeys (ConfUtils.java:logGet(46)) - raft.server.log.segment.cache.size.max = 200MB (=209715200) (default)
2023-07-13 06:11:07,385 [d320ba6c-c03b-47af-a073-41dad91ccf26@group-E8F993469F13-FollowerState] INFO  server.RaftServerConfigKeys (ConfUtils.java:logFallback(53)) - raft.server.rpc.first-election.timeout.min = 5s (fallback to raft.server.rpc.timeout.min)
2023-07-13 06:11:07,400 [d320ba6c-c03b-47af-a073-41dad91ccf26@group-E8F993469F13-FollowerState] INFO  server.RaftServerConfigKeys (ConfUtils.java:logFallback(53)) - raft.server.rpc.first-election.timeout.max = 5200ms (fallback to raft.server.rpc.timeout.max)
2023-07-13 06:11:07,400 [82b6249a-e03c-430a-993b-f8cc239713ce-groupManagement] INFO  server.RaftServerConfigKeys (ConfUtils.java:logGet(46)) - raft.server.log.appender.buffer.byte-limit = 33554432 (custom)
2023-07-13 06:11:07,388 [d320ba6c-c03b-47af-a073-41dad91ccf26-groupManagement] INFO  server.RaftServerConfigKeys (ConfUtils.java:logGet(46)) - raft.server.read.timeout = 10s (default)
2023-07-13 06:11:07,404 [82b6249a-e03c-430a-993b-f8cc239713ce-groupManagement] INFO  segmented.SegmentedRaftLogWorker (SegmentedRaftLogWorker.java:<init>(188)) - new 82b6249a-e03c-430a-993b-f8cc239713ce@group-F1FCC772349B-SegmentedRaftLogWorker for RaftStorageImpl:Storage Directory /home/runner/work/ozone/ozone/hadoop-ozone/integration-test/target/test-dir/MiniOzoneClusterImpl-40c29f8c-30b3-4208-9c4d-d76d276bda5b/datanode-0/data/ratis/af39817d-4a8d-4188-bd56-f1fcc772349b
2023-07-13 06:11:07,404 [d320ba6c-c03b-47af-a073-41dad91ccf26-groupManagement] INFO  server.RaftServerConfigKeys (ConfUtils.java:logGet(46)) - raft.server.retrycache.expirytime = 600000ms (custom)
2023-07-13 06:11:07,404 [82b6249a-e03c-430a-993b-f8cc239713ce-groupManagement] INFO  server.RaftServerConfigKeys (ConfUtils.java:logGet(46)) - raft.server.log.queue.byte-limit = 4294967296 (custom)
2023-07-13 06:11:07,404 [82b6249a-e03c-430a-993b-f8cc239713ce-groupManagement] INFO  server.RaftServerConfigKeys (ConfUtils.java:logGet(46)) - raft.server.log.queue.element-limit = 1024 (custom)
2023-07-13 06:11:07,404 [d320ba6c-c03b-47af-a073-41dad91ccf26-groupManagement] INFO  server.RaftServerConfigKeys (ConfUtils.java:logGet(46)) - raft.server.retrycache.statistics.expirytime = 100μs (default)
2023-07-13 06:11:07,404 [82b6249a-e03c-430a-993b-f8cc239713ce-groupManagement] INFO  server.RaftServerConfigKeys (ConfUtils.java:logGet(46)) - raft.server.log.segment.size.max = 1048576 (custom)
2023-07-13 06:11:07,405 [82b6249a-e03c-430a-993b-f8cc239713ce-groupManagement] INFO  server.RaftServerConfigKeys (ConfUtils.java:logGet(46)) - raft.server.log.preallocated.size = 16384 (custom)
2023-07-13 06:11:07,405 [d320ba6c-c03b-47af-a073-41dad91ccf26-groupManagement] INFO  server.RaftServerConfigKeys (ConfUtils.java:logGet(46)) - raft.server.read.option = DEFAULT (default)
2023-07-13 06:11:07,405 [82b6249a-e03c-430a-993b-f8cc239713ce-groupManagement] INFO  server.RaftServerConfigKeys (ConfUtils.java:logGet(46)) - raft.server.log.force.sync.num = 128 (default)
2023-07-13 06:11:07,405 [82b6249a-e03c-430a-993b-f8cc239713ce-groupManagement] INFO  server.RaftServerConfigKeys (ConfUtils.java:logGet(46)) - raft.server.log.statemachine.data.sync = true (default)
2023-07-13 06:11:07,405 [82b6249a-e03c-430a-993b-f8cc239713ce-groupManagement] INFO  server.RaftServerConfigKeys (ConfUtils.java:logGet(46)) - raft.server.log.statemachine.data.sync.timeout = 10s (default)
2023-07-13 06:11:07,405 [82b6249a-e03c-430a-993b-f8cc239713ce-groupManagement] INFO  server.RaftServerConfigKeys (ConfUtils.java:logGet(46)) - raft.server.log.statemachine.data.sync.timeout.retry = -1 (default)
2023-07-13 06:11:07,411 [82b6249a-e03c-430a-993b-f8cc239713ce-groupManagement] INFO  server.RaftServerConfigKeys (ConfUtils.java:logGet(46)) - raft.server.log.write.buffer.size = 1048576 (custom)
2023-07-13 06:11:07,412 [d320ba6c-c03b-47af-a073-41dad91ccf26-groupManagement] INFO  server.RaftServerConfigKeys (ConfUtils.java:logGet(46)) - raft.server.rpc.request.timeout = 60s (custom)
2023-07-13 06:11:07,412 [d320ba6c-c03b-47af-a073-41dad91ccf26-groupManagement] INFO  server.RaftServerConfigKeys (ConfUtils.java:logGet(46)) - raft.server.log.appender.install.snapshot.enabled = false (custom)
2023-07-13 06:11:07,412 [d320ba6c-c03b-47af-a073-41dad91ccf26-groupManagement] INFO  server.RaftServerConfigKeys (ConfUtils.java:logGet(46)) - raft.server.threadpool.server.cached = true (default)
2023-07-13 06:11:07,412 [d320ba6c-c03b-47af-a073-41dad91ccf26-groupManagement] INFO  server.RaftServerConfigKeys (ConfUtils.java:logGet(46)) - raft.server.threadpool.server.size = 0 (default)
2023-07-13 06:11:07,412 [d320ba6c-c03b-47af-a073-41dad91ccf26-groupManagement] INFO  server.RaftServerConfigKeys (ConfUtils.java:logGet(46)) - raft.server.threadpool.client.cached = true (default)
2023-07-13 06:11:07,412 [d320ba6c-c03b-47af-a073-41dad91ccf26-groupManagement] INFO  server.RaftServerConfigKeys (ConfUtils.java:logGet(46)) - raft.server.threadpool.client.size = 0 (default)
2023-07-13 06:11:07,412 [d320ba6c-c03b-47af-a073-41dad91ccf26-groupManagement] INFO  storage.RaftStorageDirectory (RaftStorageDirectoryImpl.java:analyzeStorage(137)) - The storage directory /home/runner/work/ozone/ozone/hadoop-ozone/integration-test/target/test-dir/MiniOzoneClusterImpl-40c29f8c-30b3-4208-9c4d-d76d276bda5b/datanode-2/data/ratis/af39817d-4a8d-4188-bd56-f1fcc772349b does not exist. Creating ...
2023-07-13 06:11:07,412 [82b6249a-e03c-430a-993b-f8cc239713ce-groupManagement] INFO  server.RaftServerConfigKeys (ConfUtils.java:logGet(46)) - raft.server.log.appender.buffer.byte-limit = 33554432 (custom)
2023-07-13 06:11:07,414 [d320ba6c-c03b-47af-a073-41dad91ccf26-groupManagement] INFO  storage.RaftStorageDirectory (RaftStorageDirectoryImpl.java:tryLock(231)) - Lock on /home/runner/work/ozone/ozone/hadoop-ozone/integration-test/target/test-dir/MiniOzoneClusterImpl-40c29f8c-30b3-4208-9c4d-d76d276bda5b/datanode-2/data/ratis/af39817d-4a8d-4188-bd56-f1fcc772349b/in_use.lock acquired by nodename 110901@fv-az932-602
2023-07-13 06:11:07,417 [d320ba6c-c03b-47af-a073-41dad91ccf26-groupManagement] INFO  storage.RaftStorage (RaftStorageImpl.java:format(96)) - Storage directory /home/runner/work/ozone/ozone/hadoop-ozone/integration-test/target/test-dir/MiniOzoneClusterImpl-40c29f8c-30b3-4208-9c4d-d76d276bda5b/datanode-2/data/ratis/af39817d-4a8d-4188-bd56-f1fcc772349b has been successfully formatted.
2023-07-13 06:11:07,426 [82b6249a-e03c-430a-993b-f8cc239713ce-groupManagement] INFO  server.RaftServerConfigKeys (ConfUtils.java:logGet(46)) - raft.server.log.unsafe-flush.enabled = false (default)
2023-07-13 06:11:07,426 [82b6249a-e03c-430a-993b-f8cc239713ce-groupManagement] INFO  server.RaftServerConfigKeys (ConfUtils.java:logGet(46)) - raft.server.log.async-flush.enabled = false (default)
2023-07-13 06:11:07,427 [82b6249a-e03c-430a-993b-f8cc239713ce-groupManagement] INFO  server.RaftServerConfigKeys (ConfUtils.java:logGet(46)) - raft.server.log.statemachine.data.caching.enabled = true (custom)
2023-07-13 06:11:07,427 [562e6811-3892-4bb8-8c1f-2833a6a2708d-groupManagement] INFO  server.RaftServerConfigKeys (ConfUtils.java:logGet(46)) - raft.server.log.unsafe-flush.enabled = false (default)
2023-07-13 06:11:07,427 [562e6811-3892-4bb8-8c1f-2833a6a2708d-groupManagement] INFO  server.RaftServerConfigKeys (ConfUtils.java:logGet(46)) - raft.server.log.async-flush.enabled = false (default)
2023-07-13 06:11:07,427 [562e6811-3892-4bb8-8c1f-2833a6a2708d-groupManagement] INFO  server.RaftServerConfigKeys (ConfUtils.java:logGet(46)) - raft.server.log.statemachine.data.caching.enabled = true (custom)
2023-07-13 06:11:07,427 [562e6811-3892-4bb8-8c1f-2833a6a2708d-groupManagement] INFO  segmented.SegmentedRaftLogWorker (SegmentedRaftLogWorker.java:lambda$new$0(135)) - 562e6811-3892-4bb8-8c1f-2833a6a2708d@group-F1FCC772349B-SegmentedRaftLogWorker: flushIndex: setUnconditionally 0 -> -1
2023-07-13 06:11:07,428 [EventQueue-OpenPipelineForHealthyPipelineSafeModeRule] INFO  safemode.SCMSafeModeManager (HealthyPipelineSafeModeRule.java:process(137)) - SCM in safe mode. Healthy pipelines reported count is 0, required healthy pipeline reported count is 1
2023-07-13 06:11:07,428 [82b6249a-e03c-430a-993b-f8cc239713ce-groupManagement] INFO  segmented.SegmentedRaftLogWorker (SegmentedRaftLogWorker.java:lambda$new$0(135)) - 82b6249a-e03c-430a-993b-f8cc239713ce@group-F1FCC772349B-SegmentedRaftLogWorker: flushIndex: setUnconditionally 0 -> -1
2023-07-13 06:11:07,428 [d320ba6c-c03b-47af-a073-41dad91ccf26-groupManagement] INFO  ratis.ContainerStateMachine (ContainerStateMachine.java:loadSnapshot(262)) - group-F1FCC772349B: The snapshot info is null. Setting the last applied indexto:(t:0, i:~)
2023-07-13 06:11:07,429 [562e6811-3892-4bb8-8c1f-2833a6a2708d-groupManagement] INFO  segmented.SegmentedRaftLogWorker (SegmentedRaftLogWorker.java:lambda$new$0(135)) - 562e6811-3892-4bb8-8c1f-2833a6a2708d@group-F1FCC772349B-SegmentedRaftLogWorker: safeCacheEvictIndex: setUnconditionally 0 -> -1
2023-07-13 06:11:07,429 [d320ba6c-c03b-47af-a073-41dad91ccf26-groupManagement] INFO  server.RaftServerConfigKeys (ConfUtils.java:logGet(46)) - raft.server.log.use.memory = false (default)
2023-07-13 06:11:07,429 [d320ba6c-c03b-47af-a073-41dad91ccf26-groupManagement] INFO  server.RaftServerConfigKeys (ConfUtils.java:logGet(46)) - raft.server.log.purge.gap = 1000000 (custom)
2023-07-13 06:11:07,429 [d320ba6c-c03b-47af-a073-41dad91ccf26-groupManagement] INFO  server.RaftServerConfigKeys (ConfUtils.java:logGet(46)) - raft.server.log.appender.buffer.byte-limit = 33554432 (custom)
2023-07-13 06:11:07,429 [d320ba6c-c03b-47af-a073-41dad91ccf26-groupManagement] INFO  server.RaftServerConfigKeys (ConfUtils.java:logGet(46)) - raft.server.log.statemachine.data.read.timeout = 1000ms (default)
2023-07-13 06:11:07,429 [d320ba6c-c03b-47af-a073-41dad91ccf26-groupManagement] INFO  server.RaftServerConfigKeys (ConfUtils.java:logGet(46)) - raft.server.log.purge.preservation.log.num = 0 (default)
2023-07-13 06:11:07,430 [d320ba6c-c03b-47af-a073-41dad91ccf26-groupManagement] INFO  server.RaftServerConfigKeys (ConfUtils.java:logGet(46)) - raft.server.log.segment.size.max = 1048576 (custom)
2023-07-13 06:11:07,431 [d320ba6c-c03b-47af-a073-41dad91ccf26-groupManagement] INFO  server.RaftServerConfigKeys (ConfUtils.java:logGet(46)) - raft.server.log.segment.cache.num.max = 2 (custom)
2023-07-13 06:11:07,431 [d320ba6c-c03b-47af-a073-41dad91ccf26-groupManagement] INFO  server.RaftServerConfigKeys (ConfUtils.java:logGet(46)) - raft.server.log.segment.cache.size.max = 200MB (=209715200) (default)
2023-07-13 06:11:07,431 [d320ba6c-c03b-47af-a073-41dad91ccf26-groupManagement] INFO  server.RaftServerConfigKeys (ConfUtils.java:logGet(46)) - raft.server.log.appender.buffer.byte-limit = 33554432 (custom)
2023-07-13 06:11:07,431 [d320ba6c-c03b-47af-a073-41dad91ccf26-groupManagement] INFO  segmented.SegmentedRaftLogWorker (SegmentedRaftLogWorker.java:<init>(188)) - new d320ba6c-c03b-47af-a073-41dad91ccf26@group-F1FCC772349B-SegmentedRaftLogWorker for RaftStorageImpl:Storage Directory /home/runner/work/ozone/ozone/hadoop-ozone/integration-test/target/test-dir/MiniOzoneClusterImpl-40c29f8c-30b3-4208-9c4d-d76d276bda5b/datanode-2/data/ratis/af39817d-4a8d-4188-bd56-f1fcc772349b
2023-07-13 06:11:07,431 [d320ba6c-c03b-47af-a073-41dad91ccf26-groupManagement] INFO  server.RaftServerConfigKeys (ConfUtils.java:logGet(46)) - raft.server.log.queue.byte-limit = 4294967296 (custom)
2023-07-13 06:11:07,431 [d320ba6c-c03b-47af-a073-41dad91ccf26-groupManagement] INFO  server.RaftServerConfigKeys (ConfUtils.java:logGet(46)) - raft.server.log.queue.element-limit = 1024 (custom)
2023-07-13 06:11:07,431 [d320ba6c-c03b-47af-a073-41dad91ccf26-groupManagement] INFO  server.RaftServerConfigKeys (ConfUtils.java:logGet(46)) - raft.server.log.segment.size.max = 1048576 (custom)
2023-07-13 06:11:07,431 [d320ba6c-c03b-47af-a073-41dad91ccf26-groupManagement] INFO  server.RaftServerConfigKeys (ConfUtils.java:logGet(46)) - raft.server.log.preallocated.size = 16384 (custom)
2023-07-13 06:11:07,431 [d320ba6c-c03b-47af-a073-41dad91ccf26-groupManagement] INFO  server.RaftServerConfigKeys (ConfUtils.java:logGet(46)) - raft.server.log.force.sync.num = 128 (default)
2023-07-13 06:11:07,431 [d320ba6c-c03b-47af-a073-41dad91ccf26-groupManagement] INFO  server.RaftServerConfigKeys (ConfUtils.java:logGet(46)) - raft.server.log.statemachine.data.sync = true (default)
2023-07-13 06:11:07,432 [d320ba6c-c03b-47af-a073-41dad91ccf26-groupManagement] INFO  server.RaftServerConfigKeys (ConfUtils.java:logGet(46)) - raft.server.log.statemachine.data.sync.timeout = 10s (default)
2023-07-13 06:11:07,432 [d320ba6c-c03b-47af-a073-41dad91ccf26-groupManagement] INFO  server.RaftServerConfigKeys (ConfUtils.java:logGet(46)) - raft.server.log.statemachine.data.sync.timeout.retry = -1 (default)
2023-07-13 06:11:07,433 [d320ba6c-c03b-47af-a073-41dad91ccf26-groupManagement] INFO  server.RaftServerConfigKeys (ConfUtils.java:logGet(46)) - raft.server.log.write.buffer.size = 1048576 (custom)
2023-07-13 06:11:07,434 [d320ba6c-c03b-47af-a073-41dad91ccf26-groupManagement] INFO  server.RaftServerConfigKeys (ConfUtils.java:logGet(46)) - raft.server.log.appender.buffer.byte-limit = 33554432 (custom)
2023-07-13 06:11:07,435 [562e6811-3892-4bb8-8c1f-2833a6a2708d-groupManagement] INFO  server.RaftServer$Division (RaftServerImpl.java:start(342)) - 562e6811-3892-4bb8-8c1f-2833a6a2708d@group-F1FCC772349B: start as a follower, conf=-1: peers:[d320ba6c-c03b-47af-a073-41dad91ccf26|rpc:10.1.0.28:15032|admin:10.1.0.28:15031|client:10.1.0.28:15030|dataStream:10.1.0.28:15033|priority:0|startupRole:FOLLOWER, 82b6249a-e03c-430a-993b-f8cc239713ce|rpc:10.1.0.28:15014|admin:10.1.0.28:15013|client:10.1.0.28:15012|dataStream:10.1.0.28:15015|priority:0|startupRole:FOLLOWER, 562e6811-3892-4bb8-8c1f-2833a6a2708d|rpc:10.1.0.28:15023|admin:10.1.0.28:15022|client:10.1.0.28:15021|dataStream:10.1.0.28:15024|priority:1|startupRole:FOLLOWER]|listeners:[], old=null
2023-07-13 06:11:07,435 [562e6811-3892-4bb8-8c1f-2833a6a2708d-groupManagement] INFO  server.RaftServer$Division (RaftServerImpl.java:setRole(329)) - 562e6811-3892-4bb8-8c1f-2833a6a2708d@group-F1FCC772349B: changes role from      null to FOLLOWER at term 0 for startAsFollower
2023-07-13 06:11:07,435 [562e6811-3892-4bb8-8c1f-2833a6a2708d-groupManagement] INFO  impl.RoleInfo (RoleInfo.java:updateAndGet(139)) - 562e6811-3892-4bb8-8c1f-2833a6a2708d: start 562e6811-3892-4bb8-8c1f-2833a6a2708d@group-F1FCC772349B-FollowerState
2023-07-13 06:11:07,435 [82b6249a-e03c-430a-993b-f8cc239713ce-groupManagement] INFO  segmented.SegmentedRaftLogWorker (SegmentedRaftLogWorker.java:lambda$new$0(135)) - 82b6249a-e03c-430a-993b-f8cc239713ce@group-F1FCC772349B-SegmentedRaftLogWorker: safeCacheEvictIndex: setUnconditionally 0 -> -1
2023-07-13 06:11:07,457 [562e6811-3892-4bb8-8c1f-2833a6a2708d@group-F1FCC772349B-FollowerState] INFO  server.RaftServerConfigKeys (ConfUtils.java:logFallback(53)) - raft.server.rpc.first-election.timeout.min = 5s (fallback to raft.server.rpc.timeout.min)
2023-07-13 06:11:07,457 [562e6811-3892-4bb8-8c1f-2833a6a2708d@group-F1FCC772349B-FollowerState] INFO  server.RaftServerConfigKeys (ConfUtils.java:logFallback(53)) - raft.server.rpc.first-election.timeout.max = 5200ms (fallback to raft.server.rpc.timeout.max)
2023-07-13 06:11:07,457 [d320ba6c-c03b-47af-a073-41dad91ccf26-groupManagement] INFO  server.RaftServerConfigKeys (ConfUtils.java:logGet(46)) - raft.server.log.unsafe-flush.enabled = false (default)
2023-07-13 06:11:07,457 [d320ba6c-c03b-47af-a073-41dad91ccf26-groupManagement] INFO  server.RaftServerConfigKeys (ConfUtils.java:logGet(46)) - raft.server.log.async-flush.enabled = false (default)
2023-07-13 06:11:07,457 [d320ba6c-c03b-47af-a073-41dad91ccf26-groupManagement] INFO  server.RaftServerConfigKeys (ConfUtils.java:logGet(46)) - raft.server.log.statemachine.data.caching.enabled = true (custom)
2023-07-13 06:11:07,458 [d320ba6c-c03b-47af-a073-41dad91ccf26-groupManagement] INFO  segmented.SegmentedRaftLogWorker (SegmentedRaftLogWorker.java:lambda$new$0(135)) - d320ba6c-c03b-47af-a073-41dad91ccf26@group-F1FCC772349B-SegmentedRaftLogWorker: flushIndex: setUnconditionally 0 -> -1
2023-07-13 06:11:07,458 [d320ba6c-c03b-47af-a073-41dad91ccf26-groupManagement] INFO  segmented.SegmentedRaftLogWorker (SegmentedRaftLogWorker.java:lambda$new$0(135)) - d320ba6c-c03b-47af-a073-41dad91ccf26@group-F1FCC772349B-SegmentedRaftLogWorker: safeCacheEvictIndex: setUnconditionally 0 -> -1
2023-07-13 06:11:07,457 [562e6811-3892-4bb8-8c1f-2833a6a2708d-groupManagement] INFO  util.JmxRegister (JmxRegister.java:tryRegister(44)) - Successfully registered JMX Bean with object name Ratis:service=RaftServer,group=group-F1FCC772349B,id=562e6811-3892-4bb8-8c1f-2833a6a2708d
2023-07-13 06:11:07,458 [562e6811-3892-4bb8-8c1f-2833a6a2708d-groupManagement] INFO  server.RaftServerConfigKeys (ConfUtils.java:logGet(46)) - raft.server.snapshot.auto.trigger.enabled = true (custom)
2023-07-13 06:11:07,458 [562e6811-3892-4bb8-8c1f-2833a6a2708d-groupManagement] INFO  server.RaftServerConfigKeys (ConfUtils.java:logGet(46)) - raft.server.snapshot.auto.trigger.threshold = 10000 (custom)
2023-07-13 06:11:07,458 [562e6811-3892-4bb8-8c1f-2833a6a2708d-groupManagement] INFO  server.RaftServerConfigKeys (ConfUtils.java:logGet(46)) - raft.server.snapshot.retention.file.num = 5 (custom)
2023-07-13 06:11:07,458 [562e6811-3892-4bb8-8c1f-2833a6a2708d-groupManagement] INFO  server.RaftServerConfigKeys (ConfUtils.java:logGet(46)) - raft.server.log.purge.upto.snapshot.index = false (default)
2023-07-13 06:11:07,460 [82b6249a-e03c-430a-993b-f8cc239713ce-groupManagement] INFO  server.RaftServer$Division (RaftServerImpl.java:start(342)) - 82b6249a-e03c-430a-993b-f8cc239713ce@group-F1FCC772349B: start as a follower, conf=-1: peers:[d320ba6c-c03b-47af-a073-41dad91ccf26|rpc:10.1.0.28:15032|admin:10.1.0.28:15031|client:10.1.0.28:15030|dataStream:10.1.0.28:15033|priority:0|startupRole:FOLLOWER, 82b6249a-e03c-430a-993b-f8cc239713ce|rpc:10.1.0.28:15014|admin:10.1.0.28:15013|client:10.1.0.28:15012|dataStream:10.1.0.28:15015|priority:0|startupRole:FOLLOWER, 562e6811-3892-4bb8-8c1f-2833a6a2708d|rpc:10.1.0.28:15023|admin:10.1.0.28:15022|client:10.1.0.28:15021|dataStream:10.1.0.28:15024|priority:1|startupRole:FOLLOWER]|listeners:[], old=null
2023-07-13 06:11:07,460 [82b6249a-e03c-430a-993b-f8cc239713ce-groupManagement] INFO  server.RaftServer$Division (RaftServerImpl.java:setRole(329)) - 82b6249a-e03c-430a-993b-f8cc239713ce@group-F1FCC772349B: changes role from      null to FOLLOWER at term 0 for startAsFollower
2023-07-13 06:11:07,460 [82b6249a-e03c-430a-993b-f8cc239713ce-groupManagement] INFO  impl.RoleInfo (RoleInfo.java:updateAndGet(139)) - 82b6249a-e03c-430a-993b-f8cc239713ce: start 82b6249a-e03c-430a-993b-f8cc239713ce@group-F1FCC772349B-FollowerState
2023-07-13 06:11:07,464 [82b6249a-e03c-430a-993b-f8cc239713ce-groupManagement] INFO  util.JmxRegister (JmxRegister.java:tryRegister(44)) - Successfully registered JMX Bean with object name Ratis:service=RaftServer,group=group-F1FCC772349B,id=82b6249a-e03c-430a-993b-f8cc239713ce
2023-07-13 06:11:07,464 [82b6249a-e03c-430a-993b-f8cc239713ce-groupManagement] INFO  server.RaftServerConfigKeys (ConfUtils.java:logGet(46)) - raft.server.snapshot.auto.trigger.enabled = true (custom)
2023-07-13 06:11:07,464 [82b6249a-e03c-430a-993b-f8cc239713ce-groupManagement] INFO  server.RaftServerConfigKeys (ConfUtils.java:logGet(46)) - raft.server.snapshot.auto.trigger.threshold = 10000 (custom)
2023-07-13 06:11:07,464 [82b6249a-e03c-430a-993b-f8cc239713ce-groupManagement] INFO  server.RaftServerConfigKeys (ConfUtils.java:logGet(46)) - raft.server.snapshot.retention.file.num = 5 (custom)
2023-07-13 06:11:07,464 [82b6249a-e03c-430a-993b-f8cc239713ce-groupManagement] INFO  server.RaftServerConfigKeys (ConfUtils.java:logGet(46)) - raft.server.log.purge.upto.snapshot.index = false (default)
2023-07-13 06:11:07,465 [82b6249a-e03c-430a-993b-f8cc239713ce@group-F1FCC772349B-FollowerState] INFO  server.RaftServerConfigKeys (ConfUtils.java:logFallback(53)) - raft.server.rpc.first-election.timeout.min = 5s (fallback to raft.server.rpc.timeout.min)
2023-07-13 06:11:07,485 [82b6249a-e03c-430a-993b-f8cc239713ce@group-F1FCC772349B-FollowerState] INFO  server.RaftServerConfigKeys (ConfUtils.java:logFallback(53)) - raft.server.rpc.first-election.timeout.max = 5200ms (fallback to raft.server.rpc.timeout.max)
2023-07-13 06:11:07,476 [d320ba6c-c03b-47af-a073-41dad91ccf26-groupManagement] INFO  server.RaftServer$Division (RaftServerImpl.java:start(342)) - d320ba6c-c03b-47af-a073-41dad91ccf26@group-F1FCC772349B: start as a follower, conf=-1: peers:[d320ba6c-c03b-47af-a073-41dad91ccf26|rpc:10.1.0.28:15032|admin:10.1.0.28:15031|client:10.1.0.28:15030|dataStream:10.1.0.28:15033|priority:0|startupRole:FOLLOWER, 82b6249a-e03c-430a-993b-f8cc239713ce|rpc:10.1.0.28:15014|admin:10.1.0.28:15013|client:10.1.0.28:15012|dataStream:10.1.0.28:15015|priority:0|startupRole:FOLLOWER, 562e6811-3892-4bb8-8c1f-2833a6a2708d|rpc:10.1.0.28:15023|admin:10.1.0.28:15022|client:10.1.0.28:15021|dataStream:10.1.0.28:15024|priority:1|startupRole:FOLLOWER]|listeners:[], old=null
2023-07-13 06:11:07,486 [d320ba6c-c03b-47af-a073-41dad91ccf26-groupManagement] INFO  server.RaftServer$Division (RaftServerImpl.java:setRole(329)) - d320ba6c-c03b-47af-a073-41dad91ccf26@group-F1FCC772349B: changes role from      null to FOLLOWER at term 0 for startAsFollower
2023-07-13 06:11:07,486 [d320ba6c-c03b-47af-a073-41dad91ccf26-groupManagement] INFO  impl.RoleInfo (RoleInfo.java:updateAndGet(139)) - d320ba6c-c03b-47af-a073-41dad91ccf26: start d320ba6c-c03b-47af-a073-41dad91ccf26@group-F1FCC772349B-FollowerState
2023-07-13 06:11:07,472 [PipelineCommandHandlerThread-0] INFO  ratis.XceiverServerRatis (XceiverServerRatis.java:addGroup(804)) - Created group PipelineID=af39817d-4a8d-4188-bd56-f1fcc772349b
2023-07-13 06:11:07,467 [PipelineCommandHandlerThread-0] INFO  ratis.XceiverServerRatis (XceiverServerRatis.java:addGroup(804)) - Created group PipelineID=af39817d-4a8d-4188-bd56-f1fcc772349b
2023-07-13 06:11:07,490 [d320ba6c-c03b-47af-a073-41dad91ccf26@group-F1FCC772349B-FollowerState] INFO  server.RaftServerConfigKeys (ConfUtils.java:logFallback(53)) - raft.server.rpc.first-election.timeout.min = 5s (fallback to raft.server.rpc.timeout.min)
2023-07-13 06:11:07,490 [d320ba6c-c03b-47af-a073-41dad91ccf26-groupManagement] INFO  util.JmxRegister (JmxRegister.java:tryRegister(44)) - Successfully registered JMX Bean with object name Ratis:service=RaftServer,group=group-F1FCC772349B,id=d320ba6c-c03b-47af-a073-41dad91ccf26
2023-07-13 06:11:07,495 [d320ba6c-c03b-47af-a073-41dad91ccf26-groupManagement] INFO  server.RaftServerConfigKeys (ConfUtils.java:logGet(46)) - raft.server.snapshot.auto.trigger.enabled = true (custom)
2023-07-13 06:11:07,495 [d320ba6c-c03b-47af-a073-41dad91ccf26-groupManagement] INFO  server.RaftServerConfigKeys (ConfUtils.java:logGet(46)) - raft.server.snapshot.auto.trigger.threshold = 10000 (custom)
2023-07-13 06:11:07,495 [d320ba6c-c03b-47af-a073-41dad91ccf26-groupManagement] INFO  server.RaftServerConfigKeys (ConfUtils.java:logGet(46)) - raft.server.snapshot.retention.file.num = 5 (custom)
2023-07-13 06:11:07,495 [d320ba6c-c03b-47af-a073-41dad91ccf26-groupManagement] INFO  server.RaftServerConfigKeys (ConfUtils.java:logGet(46)) - raft.server.log.purge.upto.snapshot.index = false (default)
2023-07-13 06:11:07,496 [d320ba6c-c03b-47af-a073-41dad91ccf26@group-F1FCC772349B-FollowerState] INFO  server.RaftServerConfigKeys (ConfUtils.java:logFallback(53)) - raft.server.rpc.first-election.timeout.max = 5200ms (fallback to raft.server.rpc.timeout.max)
2023-07-13 06:11:07,496 [PipelineCommandHandlerThread-0] INFO  ratis.XceiverServerRatis (XceiverServerRatis.java:addGroup(804)) - Created group PipelineID=af39817d-4a8d-4188-bd56-f1fcc772349b
2023-07-13 06:11:07,679 [PipelineCommandHandlerThread-0] INFO  commandhandler.CreatePipelineCommandHandler (CreatePipelineCommandHandler.java:lambda$handle$2(124)) - Created Pipeline RATIS THREE PipelineID=af39817d-4a8d-4188-bd56-f1fcc772349b.
2023-07-13 06:11:07,682 [IPC Server handler 6 on default port 15002] INFO  net.NetworkTopologyImpl (NetworkTopologyImpl.java:add(112)) - Added a new node: /default-rack/a7e23495-4fba-47f2-ab25-3c088ebfd5ba
2023-07-13 06:11:07,682 [IPC Server handler 6 on default port 15002] INFO  node.SCMNodeManager (SCMNodeManager.java:register(405)) - Registered Data node : a7e23495-4fba-47f2-ab25-3c088ebfd5ba{ip: 10.1.0.28, host: fv-az932-602.ktyqbx4ivk1enavz3wfkrixyxe.bx.internal.cloudapp.net, ports: [HTTP=15090, CLIENT_RPC=15091, REPLICATION=15097, RATIS=15093, RATIS_ADMIN=15094, RATIS_SERVER=15095, RATIS_DATASTREAM=15096, STANDALONE=15092], networkLocation: /default-rack, certSerialId: null, persistedOpState: null, persistedOpStateExpiryEpochSec: 0}
2023-07-13 06:11:07,683 [EventQueue-NewNodeForNewNodeHandler] INFO  pipeline.BackgroundPipelineCreator (BackgroundPipelineCreator.java:notifyEventTriggered(277)) - trigger a one-shot run on RatisPipelineUtilsThread.
2023-07-13 06:11:07,689 [PipelineCommandHandlerThread-0] INFO  commandhandler.CreatePipelineCommandHandler (CreatePipelineCommandHandler.java:lambda$handle$2(124)) - Created Pipeline RATIS THREE PipelineID=af39817d-4a8d-4188-bd56-f1fcc772349b.
2023-07-13 06:11:07,690 [RatisPipelineUtilsThread - 0] INFO  pipeline.RatisPipelineProvider (RatisPipelineProvider.java:lambda$create$0(206)) - Sending CreatePipelineCommand for pipeline:PipelineID=37c0789a-d5c7-4ba3-bbde-c6e76f4a8a30 to datanode:a7e23495-4fba-47f2-ab25-3c088ebfd5ba
2023-07-13 06:11:07,691 [main] INFO  ozone.MiniOzoneClusterImpl (MiniOzoneClusterImpl.java:lambda$waitForClusterToBeReady$0(224)) - Nodes are ready. Got 10 of 10 DN Heartbeats.
2023-07-13 06:11:07,692 [main] INFO  ozone.MiniOzoneClusterImpl (MiniOzoneClusterImpl.java:lambda$waitForClusterToBeReady$0(227)) - Waiting for cluster to exit safe mode
2023-07-13 06:11:07,692 [main] INFO  ozone.MiniOzoneClusterImpl (MiniOzoneClusterImpl.java:lambda$waitForClusterToBeReady$0(229)) - SCM became leader
2023-07-13 06:11:07,691 [RatisPipelineUtilsThread - 0] INFO  pipeline.BackgroundPipelineCreator (BackgroundPipelineCreator.java:createPipelines(233)) - Created new pipeline Pipeline[ Id: 37c0789a-d5c7-4ba3-bbde-c6e76f4a8a30, Nodes: a7e23495-4fba-47f2-ab25-3c088ebfd5ba(fv-az932-602.ktyqbx4ivk1enavz3wfkrixyxe.bx.internal.cloudapp.net/10.1.0.28), ReplicationConfig: RATIS/ONE, State:ALLOCATED, leaderId:, CreationTimestamp2023-07-13T06:11:07.690Z[Etc/UTC]]
2023-07-13 06:11:07,695 [RatisPipelineUtilsThread - 0] WARN  pipeline.PipelinePlacementPolicy (PipelinePlacementPolicy.java:filterViableNodes(166)) - Pipeline creation failed due to no sufficient healthy datanodes. Required 3. Found 1. Excluded 9.
2023-07-13 06:11:07,716 [PipelineCommandHandlerThread-0] INFO  server.RaftServer (RaftServerProxy.java:addNew(98)) - eb0edd12-afad-4318-b446-71865e03089a: addNew group-37C2EC48C358:[eb0edd12-afad-4318-b446-71865e03089a|rpc:10.1.0.28:15041|admin:10.1.0.28:15040|client:10.1.0.28:15039|dataStream:10.1.0.28:15042|priority:1|startupRole:FOLLOWER] returns group-37C2EC48C358:java.util.concurrent.CompletableFuture@75550d31[Not completed]
2023-07-13 06:11:07,725 [PipelineCommandHandlerThread-0] INFO  commandhandler.CreatePipelineCommandHandler (CreatePipelineCommandHandler.java:lambda$handle$2(124)) - Created Pipeline RATIS THREE PipelineID=af39817d-4a8d-4188-bd56-f1fcc772349b.
2023-07-13 06:11:07,726 [eb0edd12-afad-4318-b446-71865e03089a-groupManagement] INFO  server.RaftServer$Division (RaftServerImpl.java:<init>(198)) - eb0edd12-afad-4318-b446-71865e03089a: new RaftServerImpl for group-37C2EC48C358:[eb0edd12-afad-4318-b446-71865e03089a|rpc:10.1.0.28:15041|admin:10.1.0.28:15040|client:10.1.0.28:15039|dataStream:10.1.0.28:15042|priority:1|startupRole:FOLLOWER] with ContainerStateMachine:uninitialized
2023-07-13 06:11:07,726 [eb0edd12-afad-4318-b446-71865e03089a-groupManagement] INFO  server.RaftServerConfigKeys (ConfUtils.java:logGet(46)) - raft.server.rpc.timeout.min = 5s (custom)
2023-07-13 06:11:07,726 [eb0edd12-afad-4318-b446-71865e03089a-groupManagement] INFO  server.RaftServerConfigKeys (ConfUtils.java:logGet(46)) - raft.server.rpc.timeout.max = 5200ms (custom)
2023-07-13 06:11:07,726 [eb0edd12-afad-4318-b446-71865e03089a-groupManagement] INFO  server.RaftServerConfigKeys (ConfUtils.java:logGet(46)) - raft.server.rpc.sleep.time = 25ms (default)
2023-07-13 06:11:07,726 [eb0edd12-afad-4318-b446-71865e03089a-groupManagement] INFO  server.RaftServerConfigKeys (ConfUtils.java:logGet(46)) - raft.server.rpc.slowness.timeout = 300s (custom)
2023-07-13 06:11:07,726 [eb0edd12-afad-4318-b446-71865e03089a-groupManagement] INFO  server.RaftServerConfigKeys (ConfUtils.java:logGet(46)) - raft.server.leaderelection.leader.step-down.wait-time = 10s (default)
2023-07-13 06:11:07,726 [eb0edd12-afad-4318-b446-71865e03089a-groupManagement] INFO  server.RaftServerConfigKeys (ConfUtils.java:logGet(46)) - raft.server.sleep.deviation.threshold = 300ms (default)
2023-07-13 06:11:07,726 [eb0edd12-afad-4318-b446-71865e03089a-groupManagement] INFO  server.RaftServer$Division (ServerState.java:<init>(120)) - eb0edd12-afad-4318-b446-71865e03089a@group-37C2EC48C358: ConfigurationManager, init=-1: peers:[eb0edd12-afad-4318-b446-71865e03089a|rpc:10.1.0.28:15041|admin:10.1.0.28:15040|client:10.1.0.28:15039|dataStream:10.1.0.28:15042|priority:1|startupRole:FOLLOWER]|listeners:[], old=null, confs=<EMPTY_MAP>
2023-07-13 06:11:07,727 [eb0edd12-afad-4318-b446-71865e03089a-groupManagement] INFO  server.RaftServerConfigKeys (ConfUtils.java:logGet(46)) - raft.server.storage.dir = [/home/runner/work/ozone/ozone/hadoop-ozone/integration-test/target/test-dir/MiniOzoneClusterImpl-40c29f8c-30b3-4208-9c4d-d76d276bda5b/datanode-3/data/ratis] (custom)
2023-07-13 06:11:07,727 [eb0edd12-afad-4318-b446-71865e03089a-groupManagement] INFO  server.RaftServerConfigKeys (ConfUtils.java:logGet(46)) - raft.server.log.corruption.policy = EXCEPTION (default)
2023-07-13 06:11:07,727 [eb0edd12-afad-4318-b446-71865e03089a-groupManagement] INFO  server.RaftServerConfigKeys (ConfUtils.java:logGet(46)) - raft.server.storage.free-space.min = 0MB (=0) (default)
2023-07-13 06:11:07,733 [eb0edd12-afad-4318-b446-71865e03089a-groupManagement] INFO  server.RaftServerConfigKeys (ConfUtils.java:logGet(46)) - raft.server.notification.no-leader.timeout = 300s (custom)
2023-07-13 06:11:07,734 [eb0edd12-afad-4318-b446-71865e03089a-groupManagement] INFO  server.RaftServerConfigKeys (ConfUtils.java:logGet(46)) - raft.server.read.timeout = 10s (default)
2023-07-13 06:11:07,734 [eb0edd12-afad-4318-b446-71865e03089a-groupManagement] INFO  server.RaftServerConfigKeys (ConfUtils.java:logGet(46)) - raft.server.retrycache.expirytime = 600000ms (custom)
2023-07-13 06:11:07,734 [eb0edd12-afad-4318-b446-71865e03089a-groupManagement] INFO  server.RaftServerConfigKeys (ConfUtils.java:logGet(46)) - raft.server.retrycache.statistics.expirytime = 100μs (default)
2023-07-13 06:11:07,734 [eb0edd12-afad-4318-b446-71865e03089a-groupManagement] INFO  server.RaftServerConfigKeys (ConfUtils.java:logGet(46)) - raft.server.read.option = DEFAULT (default)
2023-07-13 06:11:07,743 [eb0edd12-afad-4318-b446-71865e03089a-groupManagement] INFO  server.RaftServerConfigKeys (ConfUtils.java:logGet(46)) - raft.server.rpc.request.timeout = 60s (custom)
2023-07-13 06:11:07,743 [eb0edd12-afad-4318-b446-71865e03089a-groupManagement] INFO  server.RaftServerConfigKeys (ConfUtils.java:logGet(46)) - raft.server.log.appender.install.snapshot.enabled = false (custom)
2023-07-13 06:11:07,743 [eb0edd12-afad-4318-b446-71865e03089a-groupManagement] INFO  server.RaftServerConfigKeys (ConfUtils.java:logGet(46)) - raft.server.threadpool.server.cached = true (default)
2023-07-13 06:11:07,743 [eb0edd12-afad-4318-b446-71865e03089a-groupManagement] INFO  server.RaftServerConfigKeys (ConfUtils.java:logGet(46)) - raft.server.threadpool.server.size = 0 (default)
2023-07-13 06:11:07,743 [eb0edd12-afad-4318-b446-71865e03089a-groupManagement] INFO  server.RaftServerConfigKeys (ConfUtils.java:logGet(46)) - raft.server.threadpool.client.cached = true (default)
2023-07-13 06:11:07,743 [eb0edd12-afad-4318-b446-71865e03089a-groupManagement] INFO  server.RaftServerConfigKeys (ConfUtils.java:logGet(46)) - raft.server.threadpool.client.size = 0 (default)
2023-07-13 06:11:07,743 [eb0edd12-afad-4318-b446-71865e03089a-groupManagement] INFO  storage.RaftStorageDirectory (RaftStorageDirectoryImpl.java:analyzeStorage(137)) - The storage directory /home/runner/work/ozone/ozone/hadoop-ozone/integration-test/target/test-dir/MiniOzoneClusterImpl-40c29f8c-30b3-4208-9c4d-d76d276bda5b/datanode-3/data/ratis/66fd15ce-7d03-4be7-8d5b-37c2ec48c358 does not exist. Creating ...
2023-07-13 06:11:07,746 [eb0edd12-afad-4318-b446-71865e03089a-groupManagement] INFO  storage.RaftStorageDirectory (RaftStorageDirectoryImpl.java:tryLock(231)) - Lock on /home/runner/work/ozone/ozone/hadoop-ozone/integration-test/target/test-dir/MiniOzoneClusterImpl-40c29f8c-30b3-4208-9c4d-d76d276bda5b/datanode-3/data/ratis/66fd15ce-7d03-4be7-8d5b-37c2ec48c358/in_use.lock acquired by nodename 110901@fv-az932-602
2023-07-13 06:11:07,748 [eb0edd12-afad-4318-b446-71865e03089a-groupManagement] INFO  storage.RaftStorage (RaftStorageImpl.java:format(96)) - Storage directory /home/runner/work/ozone/ozone/hadoop-ozone/integration-test/target/test-dir/MiniOzoneClusterImpl-40c29f8c-30b3-4208-9c4d-d76d276bda5b/datanode-3/data/ratis/66fd15ce-7d03-4be7-8d5b-37c2ec48c358 has been successfully formatted.
2023-07-13 06:11:07,750 [eb0edd12-afad-4318-b446-71865e03089a-groupManagement] INFO  ratis.ContainerStateMachine (ContainerStateMachine.java:loadSnapshot(262)) - group-37C2EC48C358: The snapshot info is null. Setting the last applied indexto:(t:0, i:~)
2023-07-13 06:11:07,750 [eb0edd12-afad-4318-b446-71865e03089a-groupManagement] INFO  server.RaftServerConfigKeys (ConfUtils.java:logGet(46)) - raft.server.log.use.memory = false (default)
2023-07-13 06:11:07,752 [eb0edd12-afad-4318-b446-71865e03089a-groupManagement] INFO  server.RaftServerConfigKeys (ConfUtils.java:logGet(46)) - raft.server.log.purge.gap = 1000000 (custom)
2023-07-13 06:11:07,752 [eb0edd12-afad-4318-b446-71865e03089a-groupManagement] INFO  server.RaftServerConfigKeys (ConfUtils.java:logGet(46)) - raft.server.log.appender.buffer.byte-limit = 33554432 (custom)
2023-07-13 06:11:07,752 [eb0edd12-afad-4318-b446-71865e03089a-groupManagement] INFO  server.RaftServerConfigKeys (ConfUtils.java:logGet(46)) - raft.server.log.statemachine.data.read.timeout = 1000ms (default)
2023-07-13 06:11:07,752 [eb0edd12-afad-4318-b446-71865e03089a-groupManagement] INFO  server.RaftServerConfigKeys (ConfUtils.java:logGet(46)) - raft.server.log.purge.preservation.log.num = 0 (default)
2023-07-13 06:11:07,753 [EventQueue-PipelineReportForPipelineReportHandler] INFO  pipeline.PipelineReportHandler (PipelineReportHandler.java:processPipelineReport(136)) - Opened pipeline PipelineID=66fd15ce-7d03-4be7-8d5b-37c2ec48c358
2023-07-13 06:11:07,754 [EventQueue-OpenPipelineForHealthyPipelineSafeModeRule] INFO  safemode.SCMSafeModeManager (HealthyPipelineSafeModeRule.java:process(137)) - SCM in safe mode. Healthy pipelines reported count is 0, required healthy pipeline reported count is 1
2023-07-13 06:11:07,754 [eb0edd12-afad-4318-b446-71865e03089a-groupManagement] INFO  server.RaftServerConfigKeys (ConfUtils.java:logGet(46)) - raft.server.log.segment.size.max = 1048576 (custom)
2023-07-13 06:11:07,754 [eb0edd12-afad-4318-b446-71865e03089a-groupManagement] INFO  server.RaftServerConfigKeys (ConfUtils.java:logGet(46)) - raft.server.log.segment.cache.num.max = 2 (custom)
2023-07-13 06:11:07,754 [eb0edd12-afad-4318-b446-71865e03089a-groupManagement] INFO  server.RaftServerConfigKeys (ConfUtils.java:logGet(46)) - raft.server.log.segment.cache.size.max = 200MB (=209715200) (default)
2023-07-13 06:11:07,754 [eb0edd12-afad-4318-b446-71865e03089a-groupManagement] INFO  server.RaftServerConfigKeys (ConfUtils.java:logGet(46)) - raft.server.log.appender.buffer.byte-limit = 33554432 (custom)
2023-07-13 06:11:07,754 [eb0edd12-afad-4318-b446-71865e03089a-groupManagement] INFO  segmented.SegmentedRaftLogWorker (SegmentedRaftLogWorker.java:<init>(188)) - new eb0edd12-afad-4318-b446-71865e03089a@group-37C2EC48C358-SegmentedRaftLogWorker for RaftStorageImpl:Storage Directory /home/runner/work/ozone/ozone/hadoop-ozone/integration-test/target/test-dir/MiniOzoneClusterImpl-40c29f8c-30b3-4208-9c4d-d76d276bda5b/datanode-3/data/ratis/66fd15ce-7d03-4be7-8d5b-37c2ec48c358
2023-07-13 06:11:07,755 [eb0edd12-afad-4318-b446-71865e03089a-groupManagement] INFO  server.RaftServerConfigKeys (ConfUtils.java:logGet(46)) - raft.server.log.queue.byte-limit = 4294967296 (custom)
2023-07-13 06:11:07,755 [eb0edd12-afad-4318-b446-71865e03089a-groupManagement] INFO  server.RaftServerConfigKeys (ConfUtils.java:logGet(46)) - raft.server.log.queue.element-limit = 1024 (custom)
2023-07-13 06:11:07,755 [eb0edd12-afad-4318-b446-71865e03089a-groupManagement] INFO  server.RaftServerConfigKeys (ConfUtils.java:logGet(46)) - raft.server.log.segment.size.max = 1048576 (custom)
2023-07-13 06:11:07,755 [eb0edd12-afad-4318-b446-71865e03089a-groupManagement] INFO  server.RaftServerConfigKeys (ConfUtils.java:logGet(46)) - raft.server.log.preallocated.size = 16384 (custom)
2023-07-13 06:11:07,755 [eb0edd12-afad-4318-b446-71865e03089a-groupManagement] INFO  server.RaftServerConfigKeys (ConfUtils.java:logGet(46)) - raft.server.log.force.sync.num = 128 (default)
2023-07-13 06:11:07,755 [eb0edd12-afad-4318-b446-71865e03089a-groupManagement] INFO  server.RaftServerConfigKeys (ConfUtils.java:logGet(46)) - raft.server.log.statemachine.data.sync = true (default)
2023-07-13 06:11:07,756 [eb0edd12-afad-4318-b446-71865e03089a-groupManagement] INFO  server.RaftServerConfigKeys (ConfUtils.java:logGet(46)) - raft.server.log.statemachine.data.sync.timeout = 10s (default)
2023-07-13 06:11:07,757 [eb0edd12-afad-4318-b446-71865e03089a-groupManagement] INFO  server.RaftServerConfigKeys (ConfUtils.java:logGet(46)) - raft.server.log.statemachine.data.sync.timeout.retry = -1 (default)
2023-07-13 06:11:07,759 [eb0edd12-afad-4318-b446-71865e03089a-groupManagement] INFO  server.RaftServerConfigKeys (ConfUtils.java:logGet(46)) - raft.server.log.write.buffer.size = 1048576 (custom)
2023-07-13 06:11:07,760 [eb0edd12-afad-4318-b446-71865e03089a-groupManagement] INFO  server.RaftServerConfigKeys (ConfUtils.java:logGet(46)) - raft.server.log.appender.buffer.byte-limit = 33554432 (custom)
2023-07-13 06:11:08,111 [JvmPauseMonitor3] WARN  util.JvmPauseMonitor (JvmPauseMonitor.java:detectPause(124)) - JvmPauseMonitor-562e6811-3892-4bb8-8c1f-2833a6a2708d: Detected pause in JVM or host machine approximately 0.207s with 0.350s GC time.
GC pool 'PS MarkSweep' had collection(s): count=1 time=227ms
GC pool 'PS Scavenge' had collection(s): count=1 time=123ms
2023-07-13 06:11:08,112 [JvmPauseMonitor5] WARN  util.JvmPauseMonitor (JvmPauseMonitor.java:detectPause(124)) - JvmPauseMonitor-eb0edd12-afad-4318-b446-71865e03089a: Detected pause in JVM or host machine approximately 0.243s with 0.350s GC time.
GC pool 'PS MarkSweep' had collection(s): count=1 time=227ms
GC pool 'PS Scavenge' had collection(s): count=1 time=123ms
2023-07-13 06:11:08,112 [JvmPauseMonitor4] WARN  util.JvmPauseMonitor (JvmPauseMonitor.java:detectPause(124)) - JvmPauseMonitor-d320ba6c-c03b-47af-a073-41dad91ccf26: Detected pause in JVM or host machine approximately 0.209s with 0.350s GC time.
GC pool 'PS MarkSweep' had collection(s): count=1 time=227ms
GC pool 'PS Scavenge' had collection(s): count=1 time=123ms
2023-07-13 06:11:08,112 [JvmPauseMonitor11] WARN  util.JvmPauseMonitor (JvmPauseMonitor.java:detectPause(124)) - JvmPauseMonitor-a7e23495-4fba-47f2-ab25-3c088ebfd5ba: Detected pause in JVM or host machine approximately 0.316s with 0.350s GC time.
GC pool 'PS MarkSweep' had collection(s): count=1 time=227ms
GC pool 'PS Scavenge' had collection(s): count=1 time=123ms
2023-07-13 06:11:08,119 [JvmPauseMonitor9] WARN  util.JvmPauseMonitor (JvmPauseMonitor.java:detectPause(124)) - JvmPauseMonitor-42c94fbf-dc57-4435-80ab-f9b7a4e6d382: Detected pause in JVM or host machine approximately 0.356s with 0.350s GC time.
GC pool 'PS MarkSweep' had collection(s): count=1 time=227ms
GC pool 'PS Scavenge' had collection(s): count=1 time=123ms
2023-07-13 06:11:08,130 [eb0edd12-afad-4318-b446-71865e03089a-groupManagement] INFO  server.RaftServerConfigKeys (ConfUtils.java:logGet(46)) - raft.server.log.unsafe-flush.enabled = false (default)
2023-07-13 06:11:08,130 [eb0edd12-afad-4318-b446-71865e03089a-groupManagement] INFO  server.RaftServerConfigKeys (ConfUtils.java:logGet(46)) - raft.server.log.async-flush.enabled = false (default)
2023-07-13 06:11:08,130 [eb0edd12-afad-4318-b446-71865e03089a-groupManagement] INFO  server.RaftServerConfigKeys (ConfUtils.java:logGet(46)) - raft.server.log.statemachine.data.caching.enabled = true (custom)
2023-07-13 06:11:08,133 [eb0edd12-afad-4318-b446-71865e03089a-groupManagement] INFO  segmented.SegmentedRaftLogWorker (SegmentedRaftLogWorker.java:lambda$new$0(135)) - eb0edd12-afad-4318-b446-71865e03089a@group-37C2EC48C358-SegmentedRaftLogWorker: flushIndex: setUnconditionally 0 -> -1
2023-07-13 06:11:08,133 [eb0edd12-afad-4318-b446-71865e03089a-groupManagement] INFO  segmented.SegmentedRaftLogWorker (SegmentedRaftLogWorker.java:lambda$new$0(135)) - eb0edd12-afad-4318-b446-71865e03089a@group-37C2EC48C358-SegmentedRaftLogWorker: safeCacheEvictIndex: setUnconditionally 0 -> -1
2023-07-13 06:11:08,133 [PipelineCommandHandlerThread-0] INFO  server.RaftServer (RaftServerProxy.java:addNew(98)) - 4d503614-acf7-4d3e-bd56-c00356288aee: addNew group-D6B37019B6D4:[4d503614-acf7-4d3e-bd56-c00356288aee|rpc:10.1.0.28:15050|admin:10.1.0.28:15049|client:10.1.0.28:15048|dataStream:10.1.0.28:15051|priority:1|startupRole:FOLLOWER] returns group-D6B37019B6D4:java.util.concurrent.CompletableFuture@641742e8[Not completed]
2023-07-13 06:11:08,147 [eb0edd12-afad-4318-b446-71865e03089a-groupManagement] INFO  server.RaftServer$Division (RaftServerImpl.java:start(342)) - eb0edd12-afad-4318-b446-71865e03089a@group-37C2EC48C358: start as a follower, conf=-1: peers:[eb0edd12-afad-4318-b446-71865e03089a|rpc:10.1.0.28:15041|admin:10.1.0.28:15040|client:10.1.0.28:15039|dataStream:10.1.0.28:15042|priority:1|startupRole:FOLLOWER]|listeners:[], old=null
2023-07-13 06:11:08,152 [eb0edd12-afad-4318-b446-71865e03089a-groupManagement] INFO  server.RaftServer$Division (RaftServerImpl.java:setRole(329)) - eb0edd12-afad-4318-b446-71865e03089a@group-37C2EC48C358: changes role from      null to FOLLOWER at term 0 for startAsFollower
2023-07-13 06:11:08,152 [eb0edd12-afad-4318-b446-71865e03089a-groupManagement] INFO  impl.RoleInfo (RoleInfo.java:updateAndGet(139)) - eb0edd12-afad-4318-b446-71865e03089a: start eb0edd12-afad-4318-b446-71865e03089a@group-37C2EC48C358-FollowerState
2023-07-13 06:11:08,152 [4d503614-acf7-4d3e-bd56-c00356288aee-groupManagement] INFO  server.RaftServer$Division (RaftServerImpl.java:<init>(198)) - 4d503614-acf7-4d3e-bd56-c00356288aee: new RaftServerImpl for group-D6B37019B6D4:[4d503614-acf7-4d3e-bd56-c00356288aee|rpc:10.1.0.28:15050|admin:10.1.0.28:15049|client:10.1.0.28:15048|dataStream:10.1.0.28:15051|priority:1|startupRole:FOLLOWER] with ContainerStateMachine:uninitialized
2023-07-13 06:11:08,153 [4d503614-acf7-4d3e-bd56-c00356288aee-groupManagement] INFO  server.RaftServerConfigKeys (ConfUtils.java:logGet(46)) - raft.server.rpc.timeout.min = 5s (custom)
2023-07-13 06:11:08,153 [4d503614-acf7-4d3e-bd56-c00356288aee-groupManagement] INFO  server.RaftServerConfigKeys (ConfUtils.java:logGet(46)) - raft.server.rpc.timeout.max = 5200ms (custom)
2023-07-13 06:11:08,153 [4d503614-acf7-4d3e-bd56-c00356288aee-groupManagement] INFO  server.RaftServerConfigKeys (ConfUtils.java:logGet(46)) - raft.server.rpc.sleep.time = 25ms (default)
2023-07-13 06:11:08,153 [4d503614-acf7-4d3e-bd56-c00356288aee-groupManagement] INFO  server.RaftServerConfigKeys (ConfUtils.java:logGet(46)) - raft.server.rpc.slowness.timeout = 300s (custom)
2023-07-13 06:11:08,153 [4d503614-acf7-4d3e-bd56-c00356288aee-groupManagement] INFO  server.RaftServerConfigKeys (ConfUtils.java:logGet(46)) - raft.server.leaderelection.leader.step-down.wait-time = 10s (default)
2023-07-13 06:11:08,153 [4d503614-acf7-4d3e-bd56-c00356288aee-groupManagement] INFO  server.RaftServerConfigKeys (ConfUtils.java:logGet(46)) - raft.server.sleep.deviation.threshold = 300ms (default)
2023-07-13 06:11:08,153 [4d503614-acf7-4d3e-bd56-c00356288aee-groupManagement] INFO  server.RaftServer$Division (ServerState.java:<init>(120)) - 4d503614-acf7-4d3e-bd56-c00356288aee@group-D6B37019B6D4: ConfigurationManager, init=-1: peers:[4d503614-acf7-4d3e-bd56-c00356288aee|rpc:10.1.0.28:15050|admin:10.1.0.28:15049|client:10.1.0.28:15048|dataStream:10.1.0.28:15051|priority:1|startupRole:FOLLOWER]|listeners:[], old=null, confs=<EMPTY_MAP>
2023-07-13 06:11:08,153 [4d503614-acf7-4d3e-bd56-c00356288aee-groupManagement] INFO  server.RaftServerConfigKeys (ConfUtils.java:logGet(46)) - raft.server.storage.dir = [/home/runner/work/ozone/ozone/hadoop-ozone/integration-test/target/test-dir/MiniOzoneClusterImpl-40c29f8c-30b3-4208-9c4d-d76d276bda5b/datanode-4/data/ratis] (custom)
2023-07-13 06:11:08,153 [4d503614-acf7-4d3e-bd56-c00356288aee-groupManagement] INFO  server.RaftServerConfigKeys (ConfUtils.java:logGet(46)) - raft.server.log.corruption.policy = EXCEPTION (default)
2023-07-13 06:11:08,154 [4d503614-acf7-4d3e-bd56-c00356288aee-groupManagement] INFO  server.RaftServerConfigKeys (ConfUtils.java:logGet(46)) - raft.server.storage.free-space.min = 0MB (=0) (default)
2023-07-13 06:11:08,154 [4d503614-acf7-4d3e-bd56-c00356288aee-groupManagement] INFO  server.RaftServerConfigKeys (ConfUtils.java:logGet(46)) - raft.server.notification.no-leader.timeout = 300s (custom)
2023-07-13 06:11:08,154 [4d503614-acf7-4d3e-bd56-c00356288aee-groupManagement] INFO  server.RaftServerConfigKeys (ConfUtils.java:logGet(46)) - raft.server.read.timeout = 10s (default)
2023-07-13 06:11:08,154 [4d503614-acf7-4d3e-bd56-c00356288aee-groupManagement] INFO  server.RaftServerConfigKeys (ConfUtils.java:logGet(46)) - raft.server.retrycache.expirytime = 600000ms (custom)
2023-07-13 06:11:08,154 [4d503614-acf7-4d3e-bd56-c00356288aee-groupManagement] INFO  server.RaftServerConfigKeys (ConfUtils.java:logGet(46)) - raft.server.retrycache.statistics.expirytime = 100μs (default)
2023-07-13 06:11:08,154 [4d503614-acf7-4d3e-bd56-c00356288aee-groupManagement] INFO  server.RaftServerConfigKeys (ConfUtils.java:logGet(46)) - raft.server.read.option = DEFAULT (default)
2023-07-13 06:11:08,156 [eb0edd12-afad-4318-b446-71865e03089a-groupManagement] INFO  util.JmxRegister (JmxRegister.java:tryRegister(44)) - Successfully registered JMX Bean with object name Ratis:service=RaftServer,group=group-37C2EC48C358,id=eb0edd12-afad-4318-b446-71865e03089a
2023-07-13 06:11:08,156 [eb0edd12-afad-4318-b446-71865e03089a-groupManagement] INFO  server.RaftServerConfigKeys (ConfUtils.java:logGet(46)) - raft.server.snapshot.auto.trigger.enabled = true (custom)
2023-07-13 06:11:08,156 [eb0edd12-afad-4318-b446-71865e03089a-groupManagement] INFO  server.RaftServerConfigKeys (ConfUtils.java:logGet(46)) - raft.server.snapshot.auto.trigger.threshold = 10000 (custom)
2023-07-13 06:11:08,156 [eb0edd12-afad-4318-b446-71865e03089a-groupManagement] INFO  server.RaftServerConfigKeys (ConfUtils.java:logGet(46)) - raft.server.snapshot.retention.file.num = 5 (custom)
2023-07-13 06:11:08,161 [4d503614-acf7-4d3e-bd56-c00356288aee-groupManagement] INFO  server.RaftServerConfigKeys (ConfUtils.java:logGet(46)) - raft.server.rpc.request.timeout = 60s (custom)
2023-07-13 06:11:08,161 [eb0edd12-afad-4318-b446-71865e03089a-groupManagement] INFO  server.RaftServerConfigKeys (ConfUtils.java:logGet(46)) - raft.server.log.purge.upto.snapshot.index = false (default)
2023-07-13 06:11:08,162 [4d503614-acf7-4d3e-bd56-c00356288aee-groupManagement] INFO  server.RaftServerConfigKeys (ConfUtils.java:logGet(46)) - raft.server.log.appender.install.snapshot.enabled = false (custom)
2023-07-13 06:11:08,162 [4d503614-acf7-4d3e-bd56-c00356288aee-groupManagement] INFO  server.RaftServerConfigKeys (ConfUtils.java:logGet(46)) - raft.server.threadpool.server.cached = true (default)
2023-07-13 06:11:08,162 [4d503614-acf7-4d3e-bd56-c00356288aee-groupManagement] INFO  server.RaftServerConfigKeys (ConfUtils.java:logGet(46)) - raft.server.threadpool.server.size = 0 (default)
2023-07-13 06:11:08,162 [4d503614-acf7-4d3e-bd56-c00356288aee-groupManagement] INFO  server.RaftServerConfigKeys (ConfUtils.java:logGet(46)) - raft.server.threadpool.client.cached = true (default)
2023-07-13 06:11:08,163 [4d503614-acf7-4d3e-bd56-c00356288aee-groupManagement] INFO  server.RaftServerConfigKeys (ConfUtils.java:logGet(46)) - raft.server.threadpool.client.size = 0 (default)
2023-07-13 06:11:08,163 [4d503614-acf7-4d3e-bd56-c00356288aee-groupManagement] INFO  storage.RaftStorageDirectory (RaftStorageDirectoryImpl.java:analyzeStorage(137)) - The storage directory /home/runner/work/ozone/ozone/hadoop-ozone/integration-test/target/test-dir/MiniOzoneClusterImpl-40c29f8c-30b3-4208-9c4d-d76d276bda5b/datanode-4/data/ratis/430ebd84-e4ae-4e68-8694-d6b37019b6d4 does not exist. Creating ...
2023-07-13 06:11:08,163 [PipelineCommandHandlerThread-0] INFO  ratis.XceiverServerRatis (XceiverServerRatis.java:addGroup(804)) - Created group PipelineID=66fd15ce-7d03-4be7-8d5b-37c2ec48c358
2023-07-13 06:11:08,164 [eb0edd12-afad-4318-b446-71865e03089a@group-37C2EC48C358-FollowerState] INFO  server.RaftServerConfigKeys (ConfUtils.java:logFallback(53)) - raft.server.rpc.first-election.timeout.min = 5s (fallback to raft.server.rpc.timeout.min)
2023-07-13 06:11:08,164 [PipelineCommandHandlerThread-0] INFO  commandhandler.CreatePipelineCommandHandler (CreatePipelineCommandHandler.java:lambda$handle$2(124)) - Created Pipeline RATIS ONE PipelineID=66fd15ce-7d03-4be7-8d5b-37c2ec48c358.
2023-07-13 06:11:08,164 [eb0edd12-afad-4318-b446-71865e03089a@group-37C2EC48C358-FollowerState] INFO  server.RaftServerConfigKeys (ConfUtils.java:logFallback(53)) - raft.server.rpc.first-election.timeout.max = 5200ms (fallback to raft.server.rpc.timeout.max)
2023-07-13 06:11:08,164 [PipelineCommandHandlerThread-0] INFO  server.RaftServer (RaftServerProxy.java:addNew(98)) - eb0edd12-afad-4318-b446-71865e03089a: addNew group-5CCCCE6C36CA:[eb0edd12-afad-4318-b446-71865e03089a|rpc:10.1.0.28:15041|admin:10.1.0.28:15040|client:10.1.0.28:15039|dataStream:10.1.0.28:15042|priority:1|startupRole:FOLLOWER, 4d503614-acf7-4d3e-bd56-c00356288aee|rpc:10.1.0.28:15050|admin:10.1.0.28:15049|client:10.1.0.28:15048|dataStream:10.1.0.28:15051|priority:0|startupRole:FOLLOWER, 892099fe-78a6-4491-a754-7c56149f1c99|rpc:10.1.0.28:15059|admin:10.1.0.28:15058|client:10.1.0.28:15057|dataStream:10.1.0.28:15060|priority:0|startupRole:FOLLOWER] returns group-5CCCCE6C36CA:java.util.concurrent.CompletableFuture@716a8743[Not completed]
2023-07-13 06:11:08,165 [4d503614-acf7-4d3e-bd56-c00356288aee-groupManagement] INFO  storage.RaftStorageDirectory (RaftStorageDirectoryImpl.java:tryLock(231)) - Lock on /home/runner/work/ozone/ozone/hadoop-ozone/integration-test/target/test-dir/MiniOzoneClusterImpl-40c29f8c-30b3-4208-9c4d-d76d276bda5b/datanode-4/data/ratis/430ebd84-e4ae-4e68-8694-d6b37019b6d4/in_use.lock acquired by nodename 110901@fv-az932-602
2023-07-13 06:11:08,166 [eb0edd12-afad-4318-b446-71865e03089a-groupManagement] INFO  server.RaftServer$Division (RaftServerImpl.java:<init>(198)) - eb0edd12-afad-4318-b446-71865e03089a: new RaftServerImpl for group-5CCCCE6C36CA:[eb0edd12-afad-4318-b446-71865e03089a|rpc:10.1.0.28:15041|admin:10.1.0.28:15040|client:10.1.0.28:15039|dataStream:10.1.0.28:15042|priority:1|startupRole:FOLLOWER, 4d503614-acf7-4d3e-bd56-c00356288aee|rpc:10.1.0.28:15050|admin:10.1.0.28:15049|client:10.1.0.28:15048|dataStream:10.1.0.28:15051|priority:0|startupRole:FOLLOWER, 892099fe-78a6-4491-a754-7c56149f1c99|rpc:10.1.0.28:15059|admin:10.1.0.28:15058|client:10.1.0.28:15057|dataStream:10.1.0.28:15060|priority:0|startupRole:FOLLOWER] with ContainerStateMachine:uninitialized
2023-07-13 06:11:08,167 [eb0edd12-afad-4318-b446-71865e03089a-groupManagement] INFO  server.RaftServerConfigKeys (ConfUtils.java:logGet(46)) - raft.server.rpc.timeout.min = 5s (custom)
2023-07-13 06:11:08,167 [eb0edd12-afad-4318-b446-71865e03089a-groupManagement] INFO  server.RaftServerConfigKeys (ConfUtils.java:logGet(46)) - raft.server.rpc.timeout.max = 5200ms (custom)
2023-07-13 06:11:08,167 [eb0edd12-afad-4318-b446-71865e03089a-groupManagement] INFO  server.RaftServerConfigKeys (ConfUtils.java:logGet(46)) - raft.server.rpc.sleep.time = 25ms (default)
2023-07-13 06:11:08,167 [eb0edd12-afad-4318-b446-71865e03089a-groupManagement] INFO  server.RaftServerConfigKeys (ConfUtils.java:logGet(46)) - raft.server.rpc.slowness.timeout = 300s (custom)
2023-07-13 06:11:08,167 [eb0edd12-afad-4318-b446-71865e03089a-groupManagement] INFO  server.RaftServerConfigKeys (ConfUtils.java:logGet(46)) - raft.server.leaderelection.leader.step-down.wait-time = 10s (default)
2023-07-13 06:11:08,168 [eb0edd12-afad-4318-b446-71865e03089a-groupManagement] INFO  server.RaftServerConfigKeys (ConfUtils.java:logGet(46)) - raft.server.sleep.deviation.threshold = 300ms (default)
2023-07-13 06:11:08,168 [eb0edd12-afad-4318-b446-71865e03089a-groupManagement] INFO  server.RaftServer$Division (ServerState.java:<init>(120)) - eb0edd12-afad-4318-b446-71865e03089a@group-5CCCCE6C36CA: ConfigurationManager, init=-1: peers:[eb0edd12-afad-4318-b446-71865e03089a|rpc:10.1.0.28:15041|admin:10.1.0.28:15040|client:10.1.0.28:15039|dataStream:10.1.0.28:15042|priority:1|startupRole:FOLLOWER, 4d503614-acf7-4d3e-bd56-c00356288aee|rpc:10.1.0.28:15050|admin:10.1.0.28:15049|client:10.1.0.28:15048|dataStream:10.1.0.28:15051|priority:0|startupRole:FOLLOWER, 892099fe-78a6-4491-a754-7c56149f1c99|rpc:10.1.0.28:15059|admin:10.1.0.28:15058|client:10.1.0.28:15057|dataStream:10.1.0.28:15060|priority:0|startupRole:FOLLOWER]|listeners:[], old=null, confs=<EMPTY_MAP>
2023-07-13 06:11:08,168 [eb0edd12-afad-4318-b446-71865e03089a-groupManagement] INFO  server.RaftServerConfigKeys (ConfUtils.java:logGet(46)) - raft.server.storage.dir = [/home/runner/work/ozone/ozone/hadoop-ozone/integration-test/target/test-dir/MiniOzoneClusterImpl-40c29f8c-30b3-4208-9c4d-d76d276bda5b/datanode-3/data/ratis] (custom)
2023-07-13 06:11:08,168 [eb0edd12-afad-4318-b446-71865e03089a-groupManagement] INFO  server.RaftServerConfigKeys (ConfUtils.java:logGet(46)) - raft.server.log.corruption.policy = EXCEPTION (default)
2023-07-13 06:11:08,168 [eb0edd12-afad-4318-b446-71865e03089a-groupManagement] INFO  server.RaftServerConfigKeys (ConfUtils.java:logGet(46)) - raft.server.storage.free-space.min = 0MB (=0) (default)
2023-07-13 06:11:08,168 [4d503614-acf7-4d3e-bd56-c00356288aee-groupManagement] INFO  storage.RaftStorage (RaftStorageImpl.java:format(96)) - Storage directory /home/runner/work/ozone/ozone/hadoop-ozone/integration-test/target/test-dir/MiniOzoneClusterImpl-40c29f8c-30b3-4208-9c4d-d76d276bda5b/datanode-4/data/ratis/430ebd84-e4ae-4e68-8694-d6b37019b6d4 has been successfully formatted.
2023-07-13 06:11:08,170 [eb0edd12-afad-4318-b446-71865e03089a-groupManagement] INFO  server.RaftServerConfigKeys (ConfUtils.java:logGet(46)) - raft.server.notification.no-leader.timeout = 300s (custom)
2023-07-13 06:11:08,170 [eb0edd12-afad-4318-b446-71865e03089a-groupManagement] INFO  server.RaftServerConfigKeys (ConfUtils.java:logGet(46)) - raft.server.read.timeout = 10s (default)
2023-07-13 06:11:08,170 [eb0edd12-afad-4318-b446-71865e03089a-groupManagement] INFO  server.RaftServerConfigKeys (ConfUtils.java:logGet(46)) - raft.server.retrycache.expirytime = 600000ms (custom)
2023-07-13 06:11:08,170 [eb0edd12-afad-4318-b446-71865e03089a-groupManagement] INFO  server.RaftServerConfigKeys (ConfUtils.java:logGet(46)) - raft.server.retrycache.statistics.expirytime = 100μs (default)
2023-07-13 06:11:08,170 [eb0edd12-afad-4318-b446-71865e03089a-groupManagement] INFO  server.RaftServerConfigKeys (ConfUtils.java:logGet(46)) - raft.server.read.option = DEFAULT (default)
2023-07-13 06:11:08,171 [4d503614-acf7-4d3e-bd56-c00356288aee-groupManagement] INFO  ratis.ContainerStateMachine (ContainerStateMachine.java:loadSnapshot(262)) - group-D6B37019B6D4: The snapshot info is null. Setting the last applied indexto:(t:0, i:~)
2023-07-13 06:11:08,171 [4d503614-acf7-4d3e-bd56-c00356288aee-groupManagement] INFO  server.RaftServerConfigKeys (ConfUtils.java:logGet(46)) - raft.server.log.use.memory = false (default)
2023-07-13 06:11:08,171 [4d503614-acf7-4d3e-bd56-c00356288aee-groupManagement] INFO  server.RaftServerConfigKeys (ConfUtils.java:logGet(46)) - raft.server.log.purge.gap = 1000000 (custom)
2023-07-13 06:11:08,172 [4d503614-acf7-4d3e-bd56-c00356288aee-groupManagement] INFO  server.RaftServerConfigKeys (ConfUtils.java:logGet(46)) - raft.server.log.appender.buffer.byte-limit = 33554432 (custom)
2023-07-13 06:11:08,172 [4d503614-acf7-4d3e-bd56-c00356288aee-groupManagement] INFO  server.RaftServerConfigKeys (ConfUtils.java:logGet(46)) - raft.server.log.statemachine.data.read.timeout = 1000ms (default)
2023-07-13 06:11:08,172 [4d503614-acf7-4d3e-bd56-c00356288aee-groupManagement] INFO  server.RaftServerConfigKeys (ConfUtils.java:logGet(46)) - raft.server.log.purge.preservation.log.num = 0 (default)
2023-07-13 06:11:08,174 [4d503614-acf7-4d3e-bd56-c00356288aee-groupManagement] INFO  server.RaftServerConfigKeys (ConfUtils.java:logGet(46)) - raft.server.log.segment.size.max = 1048576 (custom)
2023-07-13 06:11:08,174 [EventQueue-PipelineReportForPipelineReportHandler] INFO  pipeline.PipelineReportHandler (PipelineReportHandler.java:processPipelineReport(136)) - Opened pipeline PipelineID=430ebd84-e4ae-4e68-8694-d6b37019b6d4
2023-07-13 06:11:08,174 [EventQueue-OpenPipelineForHealthyPipelineSafeModeRule] INFO  safemode.SCMSafeModeManager (HealthyPipelineSafeModeRule.java:process(137)) - SCM in safe mode. Healthy pipelines reported count is 0, required healthy pipeline reported count is 1
2023-07-13 06:11:08,177 [4d503614-acf7-4d3e-bd56-c00356288aee-groupManagement] INFO  server.RaftServerConfigKeys (ConfUtils.java:logGet(46)) - raft.server.log.segment.cache.num.max = 2 (custom)
2023-07-13 06:11:08,177 [4d503614-acf7-4d3e-bd56-c00356288aee-groupManagement] INFO  server.RaftServerConfigKeys (ConfUtils.java:logGet(46)) - raft.server.log.segment.cache.size.max = 200MB (=209715200) (default)
2023-07-13 06:11:08,177 [4d503614-acf7-4d3e-bd56-c00356288aee-groupManagement] INFO  server.RaftServerConfigKeys (ConfUtils.java:logGet(46)) - raft.server.log.appender.buffer.byte-limit = 33554432 (custom)
2023-07-13 06:11:08,177 [4d503614-acf7-4d3e-bd56-c00356288aee-groupManagement] INFO  segmented.SegmentedRaftLogWorker (SegmentedRaftLogWorker.java:<init>(188)) - new 4d503614-acf7-4d3e-bd56-c00356288aee@group-D6B37019B6D4-SegmentedRaftLogWorker for RaftStorageImpl:Storage Directory /home/runner/work/ozone/ozone/hadoop-ozone/integration-test/target/test-dir/MiniOzoneClusterImpl-40c29f8c-30b3-4208-9c4d-d76d276bda5b/datanode-4/data/ratis/430ebd84-e4ae-4e68-8694-d6b37019b6d4
2023-07-13 06:11:08,177 [4d503614-acf7-4d3e-bd56-c00356288aee-groupManagement] INFO  server.RaftServerConfigKeys (ConfUtils.java:logGet(46)) - raft.server.log.queue.byte-limit = 4294967296 (custom)
2023-07-13 06:11:08,177 [4d503614-acf7-4d3e-bd56-c00356288aee-groupManagement] INFO  server.RaftServerConfigKeys (ConfUtils.java:logGet(46)) - raft.server.log.queue.element-limit = 1024 (custom)
2023-07-13 06:11:08,177 [4d503614-acf7-4d3e-bd56-c00356288aee-groupManagement] INFO  server.RaftServerConfigKeys (ConfUtils.java:logGet(46)) - raft.server.log.segment.size.max = 1048576 (custom)
2023-07-13 06:11:08,177 [4d503614-acf7-4d3e-bd56-c00356288aee-groupManagement] INFO  server.RaftServerConfigKeys (ConfUtils.java:logGet(46)) - raft.server.log.preallocated.size = 16384 (custom)
2023-07-13 06:11:08,177 [4d503614-acf7-4d3e-bd56-c00356288aee-groupManagement] INFO  server.RaftServerConfigKeys (ConfUtils.java:logGet(46)) - raft.server.log.force.sync.num = 128 (default)
2023-07-13 06:11:08,177 [4d503614-acf7-4d3e-bd56-c00356288aee-groupManagement] INFO  server.RaftServerConfigKeys (ConfUtils.java:logGet(46)) - raft.server.log.statemachine.data.sync = true (default)
2023-07-13 06:11:08,177 [4d503614-acf7-4d3e-bd56-c00356288aee-groupManagement] INFO  server.RaftServerConfigKeys (ConfUtils.java:logGet(46)) - raft.server.log.statemachine.data.sync.timeout = 10s (default)
2023-07-13 06:11:08,177 [4d503614-acf7-4d3e-bd56-c00356288aee-groupManagement] INFO  server.RaftServerConfigKeys (ConfUtils.java:logGet(46)) - raft.server.log.statemachine.data.sync.timeout.retry = -1 (default)
2023-07-13 06:11:08,180 [eb0edd12-afad-4318-b446-71865e03089a-groupManagement] INFO  server.RaftServerConfigKeys (ConfUtils.java:logGet(46)) - raft.server.rpc.request.timeout = 60s (custom)
2023-07-13 06:11:08,180 [eb0edd12-afad-4318-b446-71865e03089a-groupManagement] INFO  server.RaftServerConfigKeys (ConfUtils.java:logGet(46)) - raft.server.log.appender.install.snapshot.enabled = false (custom)
2023-07-13 06:11:08,180 [eb0edd12-afad-4318-b446-71865e03089a-groupManagement] INFO  server.RaftServerConfigKeys (ConfUtils.java:logGet(46)) - raft.server.threadpool.server.cached = true (default)
2023-07-13 06:11:08,180 [eb0edd12-afad-4318-b446-71865e03089a-groupManagement] INFO  server.RaftServerConfigKeys (ConfUtils.java:logGet(46)) - raft.server.threadpool.server.size = 0 (default)
2023-07-13 06:11:08,180 [eb0edd12-afad-4318-b446-71865e03089a-groupManagement] INFO  server.RaftServerConfigKeys (ConfUtils.java:logGet(46)) - raft.server.threadpool.client.cached = true (default)
2023-07-13 06:11:08,180 [eb0edd12-afad-4318-b446-71865e03089a-groupManagement] INFO  server.RaftServerConfigKeys (ConfUtils.java:logGet(46)) - raft.server.threadpool.client.size = 0 (default)
2023-07-13 06:11:08,181 [eb0edd12-afad-4318-b446-71865e03089a-groupManagement] INFO  storage.RaftStorageDirectory (RaftStorageDirectoryImpl.java:analyzeStorage(137)) - The storage directory /home/runner/work/ozone/ozone/hadoop-ozone/integration-test/target/test-dir/MiniOzoneClusterImpl-40c29f8c-30b3-4208-9c4d-d76d276bda5b/datanode-3/data/ratis/fb173f23-772a-40a4-b62a-5cccce6c36ca does not exist. Creating ...
2023-07-13 06:11:08,181 [4d503614-acf7-4d3e-bd56-c00356288aee-groupManagement] INFO  server.RaftServerConfigKeys (ConfUtils.java:logGet(46)) - raft.server.log.write.buffer.size = 1048576 (custom)
2023-07-13 06:11:08,183 [4d503614-acf7-4d3e-bd56-c00356288aee-groupManagement] INFO  server.RaftServerConfigKeys (ConfUtils.java:logGet(46)) - raft.server.log.appender.buffer.byte-limit = 33554432 (custom)
2023-07-13 06:11:08,190 [eb0edd12-afad-4318-b446-71865e03089a-groupManagement] INFO  storage.RaftStorageDirectory (RaftStorageDirectoryImpl.java:tryLock(231)) - Lock on /home/runner/work/ozone/ozone/hadoop-ozone/integration-test/target/test-dir/MiniOzoneClusterImpl-40c29f8c-30b3-4208-9c4d-d76d276bda5b/datanode-3/data/ratis/fb173f23-772a-40a4-b62a-5cccce6c36ca/in_use.lock acquired by nodename 110901@fv-az932-602
2023-07-13 06:11:08,194 [eb0edd12-afad-4318-b446-71865e03089a-groupManagement] INFO  storage.RaftStorage (RaftStorageImpl.java:format(96)) - Storage directory /home/runner/work/ozone/ozone/hadoop-ozone/integration-test/target/test-dir/MiniOzoneClusterImpl-40c29f8c-30b3-4208-9c4d-d76d276bda5b/datanode-3/data/ratis/fb173f23-772a-40a4-b62a-5cccce6c36ca has been successfully formatted.
2023-07-13 06:11:08,194 [eb0edd12-afad-4318-b446-71865e03089a-groupManagement] INFO  ratis.ContainerStateMachine (ContainerStateMachine.java:loadSnapshot(262)) - group-5CCCCE6C36CA: The snapshot info is null. Setting the last applied indexto:(t:0, i:~)
2023-07-13 06:11:08,194 [eb0edd12-afad-4318-b446-71865e03089a-groupManagement] INFO  server.RaftServerConfigKeys (ConfUtils.java:logGet(46)) - raft.server.log.use.memory = false (default)
2023-07-13 06:11:08,194 [eb0edd12-afad-4318-b446-71865e03089a-groupManagement] INFO  server.RaftServerConfigKeys (ConfUtils.java:logGet(46)) - raft.server.log.purge.gap = 1000000 (custom)
2023-07-13 06:11:08,197 [eb0edd12-afad-4318-b446-71865e03089a-groupManagement] INFO  server.RaftServerConfigKeys (ConfUtils.java:logGet(46)) - raft.server.log.appender.buffer.byte-limit = 33554432 (custom)
2023-07-13 06:11:08,198 [eb0edd12-afad-4318-b446-71865e03089a-groupManagement] INFO  server.RaftServerConfigKeys (ConfUtils.java:logGet(46)) - raft.server.log.statemachine.data.read.timeout = 1000ms (default)
2023-07-13 06:11:08,198 [eb0edd12-afad-4318-b446-71865e03089a-groupManagement] INFO  server.RaftServerConfigKeys (ConfUtils.java:logGet(46)) - raft.server.log.purge.preservation.log.num = 0 (default)
2023-07-13 06:11:08,198 [eb0edd12-afad-4318-b446-71865e03089a-groupManagement] INFO  server.RaftServerConfigKeys (ConfUtils.java:logGet(46)) - raft.server.log.segment.size.max = 1048576 (custom)
2023-07-13 06:11:08,197 [EventQueue-OpenPipelineForHealthyPipelineSafeModeRule] INFO  safemode.SCMSafeModeManager (HealthyPipelineSafeModeRule.java:process(137)) - SCM in safe mode. Healthy pipelines reported count is 0, required healthy pipeline reported count is 1
2023-07-13 06:11:08,199 [eb0edd12-afad-4318-b446-71865e03089a-groupManagement] INFO  server.RaftServerConfigKeys (ConfUtils.java:logGet(46)) - raft.server.log.segment.cache.num.max = 2 (custom)
2023-07-13 06:11:08,199 [eb0edd12-afad-4318-b446-71865e03089a-groupManagement] INFO  server.RaftServerConfigKeys (ConfUtils.java:logGet(46)) - raft.server.log.segment.cache.size.max = 200MB (=209715200) (default)
2023-07-13 06:11:08,199 [eb0edd12-afad-4318-b446-71865e03089a-groupManagement] INFO  server.RaftServerConfigKeys (ConfUtils.java:logGet(46)) - raft.server.log.appender.buffer.byte-limit = 33554432 (custom)
2023-07-13 06:11:08,199 [eb0edd12-afad-4318-b446-71865e03089a-groupManagement] INFO  segmented.SegmentedRaftLogWorker (SegmentedRaftLogWorker.java:<init>(188)) - new eb0edd12-afad-4318-b446-71865e03089a@group-5CCCCE6C36CA-SegmentedRaftLogWorker for RaftStorageImpl:Storage Directory /home/runner/work/ozone/ozone/hadoop-ozone/integration-test/target/test-dir/MiniOzoneClusterImpl-40c29f8c-30b3-4208-9c4d-d76d276bda5b/datanode-3/data/ratis/fb173f23-772a-40a4-b62a-5cccce6c36ca
2023-07-13 06:11:08,200 [eb0edd12-afad-4318-b446-71865e03089a-groupManagement] INFO  server.RaftServerConfigKeys (ConfUtils.java:logGet(46)) - raft.server.log.queue.byte-limit = 4294967296 (custom)
2023-07-13 06:11:08,200 [eb0edd12-afad-4318-b446-71865e03089a-groupManagement] INFO  server.RaftServerConfigKeys (ConfUtils.java:logGet(46)) - raft.server.log.queue.element-limit = 1024 (custom)
2023-07-13 06:11:08,201 [eb0edd12-afad-4318-b446-71865e03089a-groupManagement] INFO  server.RaftServerConfigKeys (ConfUtils.java:logGet(46)) - raft.server.log.segment.size.max = 1048576 (custom)
2023-07-13 06:11:08,201 [eb0edd12-afad-4318-b446-71865e03089a-groupManagement] INFO  server.RaftServerConfigKeys (ConfUtils.java:logGet(46)) - raft.server.log.preallocated.size = 16384 (custom)
2023-07-13 06:11:08,201 [eb0edd12-afad-4318-b446-71865e03089a-groupManagement] INFO  server.RaftServerConfigKeys (ConfUtils.java:logGet(46)) - raft.server.log.force.sync.num = 128 (default)
2023-07-13 06:11:08,201 [eb0edd12-afad-4318-b446-71865e03089a-groupManagement] INFO  server.RaftServerConfigKeys (ConfUtils.java:logGet(46)) - raft.server.log.statemachine.data.sync = true (default)
2023-07-13 06:11:08,201 [eb0edd12-afad-4318-b446-71865e03089a-groupManagement] INFO  server.RaftServerConfigKeys (ConfUtils.java:logGet(46)) - raft.server.log.statemachine.data.sync.timeout = 10s (default)
2023-07-13 06:11:08,201 [eb0edd12-afad-4318-b446-71865e03089a-groupManagement] INFO  server.RaftServerConfigKeys (ConfUtils.java:logGet(46)) - raft.server.log.statemachine.data.sync.timeout.retry = -1 (default)
2023-07-13 06:11:08,203 [eb0edd12-afad-4318-b446-71865e03089a-groupManagement] INFO  server.RaftServerConfigKeys (ConfUtils.java:logGet(46)) - raft.server.log.write.buffer.size = 1048576 (custom)
2023-07-13 06:11:08,204 [eb0edd12-afad-4318-b446-71865e03089a-groupManagement] INFO  server.RaftServerConfigKeys (ConfUtils.java:logGet(46)) - raft.server.log.appender.buffer.byte-limit = 33554432 (custom)
2023-07-13 06:11:08,206 [4d503614-acf7-4d3e-bd56-c00356288aee-groupManagement] INFO  server.RaftServerConfigKeys (ConfUtils.java:logGet(46)) - raft.server.log.unsafe-flush.enabled = false (default)
2023-07-13 06:11:08,206 [4d503614-acf7-4d3e-bd56-c00356288aee-groupManagement] INFO  server.RaftServerConfigKeys (ConfUtils.java:logGet(46)) - raft.server.log.async-flush.enabled = false (default)
2023-07-13 06:11:08,206 [4d503614-acf7-4d3e-bd56-c00356288aee-groupManagement] INFO  server.RaftServerConfigKeys (ConfUtils.java:logGet(46)) - raft.server.log.statemachine.data.caching.enabled = true (custom)
2023-07-13 06:11:08,206 [4d503614-acf7-4d3e-bd56-c00356288aee-groupManagement] INFO  segmented.SegmentedRaftLogWorker (SegmentedRaftLogWorker.java:lambda$new$0(135)) - 4d503614-acf7-4d3e-bd56-c00356288aee@group-D6B37019B6D4-SegmentedRaftLogWorker: flushIndex: setUnconditionally 0 -> -1
2023-07-13 06:11:08,206 [4d503614-acf7-4d3e-bd56-c00356288aee-groupManagement] INFO  segmented.SegmentedRaftLogWorker (SegmentedRaftLogWorker.java:lambda$new$0(135)) - 4d503614-acf7-4d3e-bd56-c00356288aee@group-D6B37019B6D4-SegmentedRaftLogWorker: safeCacheEvictIndex: setUnconditionally 0 -> -1
2023-07-13 06:11:08,213 [4d503614-acf7-4d3e-bd56-c00356288aee-groupManagement] INFO  server.RaftServer$Division (RaftServerImpl.java:start(342)) - 4d503614-acf7-4d3e-bd56-c00356288aee@group-D6B37019B6D4: start as a follower, conf=-1: peers:[4d503614-acf7-4d3e-bd56-c00356288aee|rpc:10.1.0.28:15050|admin:10.1.0.28:15049|client:10.1.0.28:15048|dataStream:10.1.0.28:15051|priority:1|startupRole:FOLLOWER]|listeners:[], old=null
2023-07-13 06:11:08,216 [4d503614-acf7-4d3e-bd56-c00356288aee-groupManagement] INFO  server.RaftServer$Division (RaftServerImpl.java:setRole(329)) - 4d503614-acf7-4d3e-bd56-c00356288aee@group-D6B37019B6D4: changes role from      null to FOLLOWER at term 0 for startAsFollower
2023-07-13 06:11:08,216 [4d503614-acf7-4d3e-bd56-c00356288aee-groupManagement] INFO  impl.RoleInfo (RoleInfo.java:updateAndGet(139)) - 4d503614-acf7-4d3e-bd56-c00356288aee: start 4d503614-acf7-4d3e-bd56-c00356288aee@group-D6B37019B6D4-FollowerState
2023-07-13 06:11:08,218 [eb0edd12-afad-4318-b446-71865e03089a-groupManagement] INFO  server.RaftServerConfigKeys (ConfUtils.java:logGet(46)) - raft.server.log.unsafe-flush.enabled = false (default)
2023-07-13 06:11:08,218 [eb0edd12-afad-4318-b446-71865e03089a-groupManagement] INFO  server.RaftServerConfigKeys (ConfUtils.java:logGet(46)) - raft.server.log.async-flush.enabled = false (default)
2023-07-13 06:11:08,219 [eb0edd12-afad-4318-b446-71865e03089a-groupManagement] INFO  server.RaftServerConfigKeys (ConfUtils.java:logGet(46)) - raft.server.log.statemachine.data.caching.enabled = true (custom)
2023-07-13 06:11:08,219 [eb0edd12-afad-4318-b446-71865e03089a-groupManagement] INFO  segmented.SegmentedRaftLogWorker (SegmentedRaftLogWorker.java:lambda$new$0(135)) - eb0edd12-afad-4318-b446-71865e03089a@group-5CCCCE6C36CA-SegmentedRaftLogWorker: flushIndex: setUnconditionally 0 -> -1
2023-07-13 06:11:08,219 [eb0edd12-afad-4318-b446-71865e03089a-groupManagement] INFO  segmented.SegmentedRaftLogWorker (SegmentedRaftLogWorker.java:lambda$new$0(135)) - eb0edd12-afad-4318-b446-71865e03089a@group-5CCCCE6C36CA-SegmentedRaftLogWorker: safeCacheEvictIndex: setUnconditionally 0 -> -1
2023-07-13 06:11:08,219 [4d503614-acf7-4d3e-bd56-c00356288aee-groupManagement] INFO  util.JmxRegister (JmxRegister.java:tryRegister(44)) - Successfully registered JMX Bean with object name Ratis:service=RaftServer,group=group-D6B37019B6D4,id=4d503614-acf7-4d3e-bd56-c00356288aee
2023-07-13 06:11:08,219 [4d503614-acf7-4d3e-bd56-c00356288aee-groupManagement] INFO  server.RaftServerConfigKeys (ConfUtils.java:logGet(46)) - raft.server.snapshot.auto.trigger.enabled = true (custom)
2023-07-13 06:11:08,219 [4d503614-acf7-4d3e-bd56-c00356288aee-groupManagement] INFO  server.RaftServerConfigKeys (ConfUtils.java:logGet(46)) - raft.server.snapshot.auto.trigger.threshold = 10000 (custom)
2023-07-13 06:11:08,220 [4d503614-acf7-4d3e-bd56-c00356288aee-groupManagement] INFO  server.RaftServerConfigKeys (ConfUtils.java:logGet(46)) - raft.server.snapshot.retention.file.num = 5 (custom)
2023-07-13 06:11:08,220 [4d503614-acf7-4d3e-bd56-c00356288aee-groupManagement] INFO  server.RaftServerConfigKeys (ConfUtils.java:logGet(46)) - raft.server.log.purge.upto.snapshot.index = false (default)
2023-07-13 06:11:08,219 [eb0edd12-afad-4318-b446-71865e03089a-groupManagement] INFO  server.RaftServer$Division (RaftServerImpl.java:start(342)) - eb0edd12-afad-4318-b446-71865e03089a@group-5CCCCE6C36CA: start as a follower, conf=-1: peers:[eb0edd12-afad-4318-b446-71865e03089a|rpc:10.1.0.28:15041|admin:10.1.0.28:15040|client:10.1.0.28:15039|dataStream:10.1.0.28:15042|priority:1|startupRole:FOLLOWER, 4d503614-acf7-4d3e-bd56-c00356288aee|rpc:10.1.0.28:15050|admin:10.1.0.28:15049|client:10.1.0.28:15048|dataStream:10.1.0.28:15051|priority:0|startupRole:FOLLOWER, 892099fe-78a6-4491-a754-7c56149f1c99|rpc:10.1.0.28:15059|admin:10.1.0.28:15058|client:10.1.0.28:15057|dataStream:10.1.0.28:15060|priority:0|startupRole:FOLLOWER]|listeners:[], old=null
2023-07-13 06:11:08,220 [eb0edd12-afad-4318-b446-71865e03089a-groupManagement] INFO  server.RaftServer$Division (RaftServerImpl.java:setRole(329)) - eb0edd12-afad-4318-b446-71865e03089a@group-5CCCCE6C36CA: changes role from      null to FOLLOWER at term 0 for startAsFollower
2023-07-13 06:11:08,220 [eb0edd12-afad-4318-b446-71865e03089a-groupManagement] INFO  impl.RoleInfo (RoleInfo.java:updateAndGet(139)) - eb0edd12-afad-4318-b446-71865e03089a: start eb0edd12-afad-4318-b446-71865e03089a@group-5CCCCE6C36CA-FollowerState
2023-07-13 06:11:08,221 [4d503614-acf7-4d3e-bd56-c00356288aee@group-D6B37019B6D4-FollowerState] INFO  server.RaftServerConfigKeys (ConfUtils.java:logFallback(53)) - raft.server.rpc.first-election.timeout.min = 5s (fallback to raft.server.rpc.timeout.min)
2023-07-13 06:11:08,222 [PipelineCommandHandlerThread-0] INFO  ratis.XceiverServerRatis (XceiverServerRatis.java:addGroup(804)) - Created group PipelineID=430ebd84-e4ae-4e68-8694-d6b37019b6d4
2023-07-13 06:11:08,227 [PipelineCommandHandlerThread-0] INFO  commandhandler.CreatePipelineCommandHandler (CreatePipelineCommandHandler.java:lambda$handle$2(124)) - Created Pipeline RATIS ONE PipelineID=430ebd84-e4ae-4e68-8694-d6b37019b6d4.
2023-07-13 06:11:08,222 [eb0edd12-afad-4318-b446-71865e03089a@group-5CCCCE6C36CA-FollowerState] INFO  server.RaftServerConfigKeys (ConfUtils.java:logFallback(53)) - raft.server.rpc.first-election.timeout.min = 5s (fallback to raft.server.rpc.timeout.min)
2023-07-13 06:11:08,221 [eb0edd12-afad-4318-b446-71865e03089a-groupManagement] INFO  util.JmxRegister (JmxRegister.java:tryRegister(44)) - Successfully registered JMX Bean with object name Ratis:service=RaftServer,group=group-5CCCCE6C36CA,id=eb0edd12-afad-4318-b446-71865e03089a
2023-07-13 06:11:08,227 [eb0edd12-afad-4318-b446-71865e03089a-groupManagement] INFO  server.RaftServerConfigKeys (ConfUtils.java:logGet(46)) - raft.server.snapshot.auto.trigger.enabled = true (custom)
2023-07-13 06:11:08,227 [eb0edd12-afad-4318-b446-71865e03089a-groupManagement] INFO  server.RaftServerConfigKeys (ConfUtils.java:logGet(46)) - raft.server.snapshot.auto.trigger.threshold = 10000 (custom)
2023-07-13 06:11:08,227 [eb0edd12-afad-4318-b446-71865e03089a-groupManagement] INFO  server.RaftServerConfigKeys (ConfUtils.java:logGet(46)) - raft.server.snapshot.retention.file.num = 5 (custom)
2023-07-13 06:11:08,227 [PipelineCommandHandlerThread-0] INFO  server.RaftServer (RaftServerProxy.java:addNew(98)) - 4d503614-acf7-4d3e-bd56-c00356288aee: addNew group-5CCCCE6C36CA:[eb0edd12-afad-4318-b446-71865e03089a|rpc:10.1.0.28:15041|admin:10.1.0.28:15040|client:10.1.0.28:15039|dataStream:10.1.0.28:15042|priority:1|startupRole:FOLLOWER, 4d503614-acf7-4d3e-bd56-c00356288aee|rpc:10.1.0.28:15050|admin:10.1.0.28:15049|client:10.1.0.28:15048|dataStream:10.1.0.28:15051|priority:0|startupRole:FOLLOWER, 892099fe-78a6-4491-a754-7c56149f1c99|rpc:10.1.0.28:15059|admin:10.1.0.28:15058|client:10.1.0.28:15057|dataStream:10.1.0.28:15060|priority:0|startupRole:FOLLOWER] returns group-5CCCCE6C36CA:java.util.concurrent.CompletableFuture@6028cab2[Not completed]
2023-07-13 06:11:08,227 [eb0edd12-afad-4318-b446-71865e03089a@group-5CCCCE6C36CA-FollowerState] INFO  server.RaftServerConfigKeys (ConfUtils.java:logFallback(53)) - raft.server.rpc.first-election.timeout.max = 5200ms (fallback to raft.server.rpc.timeout.max)
2023-07-13 06:11:08,226 [4d503614-acf7-4d3e-bd56-c00356288aee@group-D6B37019B6D4-FollowerState] INFO  server.RaftServerConfigKeys (ConfUtils.java:logFallback(53)) - raft.server.rpc.first-election.timeout.max = 5200ms (fallback to raft.server.rpc.timeout.max)
2023-07-13 06:11:08,228 [4d503614-acf7-4d3e-bd56-c00356288aee-groupManagement] INFO  server.RaftServer$Division (RaftServerImpl.java:<init>(198)) - 4d503614-acf7-4d3e-bd56-c00356288aee: new RaftServerImpl for group-5CCCCE6C36CA:[eb0edd12-afad-4318-b446-71865e03089a|rpc:10.1.0.28:15041|admin:10.1.0.28:15040|client:10.1.0.28:15039|dataStream:10.1.0.28:15042|priority:1|startupRole:FOLLOWER, 4d503614-acf7-4d3e-bd56-c00356288aee|rpc:10.1.0.28:15050|admin:10.1.0.28:15049|client:10.1.0.28:15048|dataStream:10.1.0.28:15051|priority:0|startupRole:FOLLOWER, 892099fe-78a6-4491-a754-7c56149f1c99|rpc:10.1.0.28:15059|admin:10.1.0.28:15058|client:10.1.0.28:15057|dataStream:10.1.0.28:15060|priority:0|startupRole:FOLLOWER] with ContainerStateMachine:uninitialized
2023-07-13 06:11:08,233 [4d503614-acf7-4d3e-bd56-c00356288aee-groupManagement] INFO  server.RaftServerConfigKeys (ConfUtils.java:logGet(46)) - raft.server.rpc.timeout.min = 5s (custom)
2023-07-13 06:11:08,233 [4d503614-acf7-4d3e-bd56-c00356288aee-groupManagement] INFO  server.RaftServerConfigKeys (ConfUtils.java:logGet(46)) - raft.server.rpc.timeout.max = 5200ms (custom)
2023-07-13 06:11:08,233 [4d503614-acf7-4d3e-bd56-c00356288aee-groupManagement] INFO  server.RaftServerConfigKeys (ConfUtils.java:logGet(46)) - raft.server.rpc.sleep.time = 25ms (default)
2023-07-13 06:11:08,233 [4d503614-acf7-4d3e-bd56-c00356288aee-groupManagement] INFO  server.RaftServerConfigKeys (ConfUtils.java:logGet(46)) - raft.server.rpc.slowness.timeout = 300s (custom)
2023-07-13 06:11:08,233 [4d503614-acf7-4d3e-bd56-c00356288aee-groupManagement] INFO  server.RaftServerConfigKeys (ConfUtils.java:logGet(46)) - raft.server.leaderelection.leader.step-down.wait-time = 10s (default)
2023-07-13 06:11:08,227 [eb0edd12-afad-4318-b446-71865e03089a-groupManagement] INFO  server.RaftServerConfigKeys (ConfUtils.java:logGet(46)) - raft.server.log.purge.upto.snapshot.index = false (default)
2023-07-13 06:11:08,233 [4d503614-acf7-4d3e-bd56-c00356288aee-groupManagement] INFO  server.RaftServerConfigKeys (ConfUtils.java:logGet(46)) - raft.server.sleep.deviation.threshold = 300ms (default)
2023-07-13 06:11:08,235 [4d503614-acf7-4d3e-bd56-c00356288aee-groupManagement] INFO  server.RaftServer$Division (ServerState.java:<init>(120)) - 4d503614-acf7-4d3e-bd56-c00356288aee@group-5CCCCE6C36CA: ConfigurationManager, init=-1: peers:[eb0edd12-afad-4318-b446-71865e03089a|rpc:10.1.0.28:15041|admin:10.1.0.28:15040|client:10.1.0.28:15039|dataStream:10.1.0.28:15042|priority:1|startupRole:FOLLOWER, 4d503614-acf7-4d3e-bd56-c00356288aee|rpc:10.1.0.28:15050|admin:10.1.0.28:15049|client:10.1.0.28:15048|dataStream:10.1.0.28:15051|priority:0|startupRole:FOLLOWER, 892099fe-78a6-4491-a754-7c56149f1c99|rpc:10.1.0.28:15059|admin:10.1.0.28:15058|client:10.1.0.28:15057|dataStream:10.1.0.28:15060|priority:0|startupRole:FOLLOWER]|listeners:[], old=null, confs=<EMPTY_MAP>
2023-07-13 06:11:08,235 [4d503614-acf7-4d3e-bd56-c00356288aee-groupManagement] INFO  server.RaftServerConfigKeys (ConfUtils.java:logGet(46)) - raft.server.storage.dir = [/home/runner/work/ozone/ozone/hadoop-ozone/integration-test/target/test-dir/MiniOzoneClusterImpl-40c29f8c-30b3-4208-9c4d-d76d276bda5b/datanode-4/data/ratis] (custom)
2023-07-13 06:11:08,235 [4d503614-acf7-4d3e-bd56-c00356288aee-groupManagement] INFO  server.RaftServerConfigKeys (ConfUtils.java:logGet(46)) - raft.server.log.corruption.policy = EXCEPTION (default)
2023-07-13 06:11:08,235 [4d503614-acf7-4d3e-bd56-c00356288aee-groupManagement] INFO  server.RaftServerConfigKeys (ConfUtils.java:logGet(46)) - raft.server.storage.free-space.min = 0MB (=0) (default)
2023-07-13 06:11:08,235 [4d503614-acf7-4d3e-bd56-c00356288aee-groupManagement] INFO  server.RaftServerConfigKeys (ConfUtils.java:logGet(46)) - raft.server.notification.no-leader.timeout = 300s (custom)
2023-07-13 06:11:08,235 [PipelineCommandHandlerThread-0] INFO  ratis.XceiverServerRatis (XceiverServerRatis.java:addGroup(804)) - Created group PipelineID=fb173f23-772a-40a4-b62a-5cccce6c36ca
2023-07-13 06:11:08,235 [4d503614-acf7-4d3e-bd56-c00356288aee-groupManagement] INFO  server.RaftServerConfigKeys (ConfUtils.java:logGet(46)) - raft.server.read.timeout = 10s (default)
2023-07-13 06:11:08,241 [4d503614-acf7-4d3e-bd56-c00356288aee-groupManagement] INFO  server.RaftServerConfigKeys (ConfUtils.java:logGet(46)) - raft.server.retrycache.expirytime = 600000ms (custom)
2023-07-13 06:11:08,241 [4d503614-acf7-4d3e-bd56-c00356288aee-groupManagement] INFO  server.RaftServerConfigKeys (ConfUtils.java:logGet(46)) - raft.server.retrycache.statistics.expirytime = 100μs (default)
2023-07-13 06:11:08,242 [4d503614-acf7-4d3e-bd56-c00356288aee-groupManagement] INFO  server.RaftServerConfigKeys (ConfUtils.java:logGet(46)) - raft.server.read.option = DEFAULT (default)
2023-07-13 06:11:08,243 [4d503614-acf7-4d3e-bd56-c00356288aee-groupManagement] INFO  server.RaftServerConfigKeys (ConfUtils.java:logGet(46)) - raft.server.rpc.request.timeout = 60s (custom)
2023-07-13 06:11:08,243 [4d503614-acf7-4d3e-bd56-c00356288aee-groupManagement] INFO  server.RaftServerConfigKeys (ConfUtils.java:logGet(46)) - raft.server.log.appender.install.snapshot.enabled = false (custom)
2023-07-13 06:11:08,243 [4d503614-acf7-4d3e-bd56-c00356288aee-groupManagement] INFO  server.RaftServerConfigKeys (ConfUtils.java:logGet(46)) - raft.server.threadpool.server.cached = true (default)
2023-07-13 06:11:08,243 [4d503614-acf7-4d3e-bd56-c00356288aee-groupManagement] INFO  server.RaftServerConfigKeys (ConfUtils.java:logGet(46)) - raft.server.threadpool.server.size = 0 (default)
2023-07-13 06:11:08,244 [4d503614-acf7-4d3e-bd56-c00356288aee-groupManagement] INFO  server.RaftServerConfigKeys (ConfUtils.java:logGet(46)) - raft.server.threadpool.client.cached = true (default)
2023-07-13 06:11:08,244 [4d503614-acf7-4d3e-bd56-c00356288aee-groupManagement] INFO  server.RaftServerConfigKeys (ConfUtils.java:logGet(46)) - raft.server.threadpool.client.size = 0 (default)
2023-07-13 06:11:08,244 [4d503614-acf7-4d3e-bd56-c00356288aee-groupManagement] INFO  storage.RaftStorageDirectory (RaftStorageDirectoryImpl.java:analyzeStorage(137)) - The storage directory /home/runner/work/ozone/ozone/hadoop-ozone/integration-test/target/test-dir/MiniOzoneClusterImpl-40c29f8c-30b3-4208-9c4d-d76d276bda5b/datanode-4/data/ratis/fb173f23-772a-40a4-b62a-5cccce6c36ca does not exist. Creating ...
2023-07-13 06:11:08,249 [4d503614-acf7-4d3e-bd56-c00356288aee-groupManagement] INFO  storage.RaftStorageDirectory (RaftStorageDirectoryImpl.java:tryLock(231)) - Lock on /home/runner/work/ozone/ozone/hadoop-ozone/integration-test/target/test-dir/MiniOzoneClusterImpl-40c29f8c-30b3-4208-9c4d-d76d276bda5b/datanode-4/data/ratis/fb173f23-772a-40a4-b62a-5cccce6c36ca/in_use.lock acquired by nodename 110901@fv-az932-602
2023-07-13 06:11:08,257 [4d503614-acf7-4d3e-bd56-c00356288aee-groupManagement] INFO  storage.RaftStorage (RaftStorageImpl.java:format(96)) - Storage directory /home/runner/work/ozone/ozone/hadoop-ozone/integration-test/target/test-dir/MiniOzoneClusterImpl-40c29f8c-30b3-4208-9c4d-d76d276bda5b/datanode-4/data/ratis/fb173f23-772a-40a4-b62a-5cccce6c36ca has been successfully formatted.
2023-07-13 06:11:08,260 [4d503614-acf7-4d3e-bd56-c00356288aee-groupManagement] INFO  ratis.ContainerStateMachine (ContainerStateMachine.java:loadSnapshot(262)) - group-5CCCCE6C36CA: The snapshot info is null. Setting the last applied indexto:(t:0, i:~)
2023-07-13 06:11:08,260 [4d503614-acf7-4d3e-bd56-c00356288aee-groupManagement] INFO  server.RaftServerConfigKeys (ConfUtils.java:logGet(46)) - raft.server.log.use.memory = false (default)
2023-07-13 06:11:08,261 [4d503614-acf7-4d3e-bd56-c00356288aee-groupManagement] INFO  server.RaftServerConfigKeys (ConfUtils.java:logGet(46)) - raft.server.log.purge.gap = 1000000 (custom)
2023-07-13 06:11:08,261 [EventQueue-OpenPipelineForHealthyPipelineSafeModeRule] INFO  safemode.SCMSafeModeManager (HealthyPipelineSafeModeRule.java:process(137)) - SCM in safe mode. Healthy pipelines reported count is 0, required healthy pipeline reported count is 1
2023-07-13 06:11:08,261 [4d503614-acf7-4d3e-bd56-c00356288aee-groupManagement] INFO  server.RaftServerConfigKeys (ConfUtils.java:logGet(46)) - raft.server.log.appender.buffer.byte-limit = 33554432 (custom)
2023-07-13 06:11:08,261 [4d503614-acf7-4d3e-bd56-c00356288aee-groupManagement] INFO  server.RaftServerConfigKeys (ConfUtils.java:logGet(46)) - raft.server.log.statemachine.data.read.timeout = 1000ms (default)
2023-07-13 06:11:08,261 [4d503614-acf7-4d3e-bd56-c00356288aee-groupManagement] INFO  server.RaftServerConfigKeys (ConfUtils.java:logGet(46)) - raft.server.log.purge.preservation.log.num = 0 (default)
2023-07-13 06:11:08,271 [4d503614-acf7-4d3e-bd56-c00356288aee-groupManagement] INFO  server.RaftServerConfigKeys (ConfUtils.java:logGet(46)) - raft.server.log.segment.size.max = 1048576 (custom)
2023-07-13 06:11:08,272 [4d503614-acf7-4d3e-bd56-c00356288aee-groupManagement] INFO  server.RaftServerConfigKeys (ConfUtils.java:logGet(46)) - raft.server.log.segment.cache.num.max = 2 (custom)
2023-07-13 06:11:08,272 [4d503614-acf7-4d3e-bd56-c00356288aee-groupManagement] INFO  server.RaftServerConfigKeys (ConfUtils.java:logGet(46)) - raft.server.log.segment.cache.size.max = 200MB (=209715200) (default)
2023-07-13 06:11:08,272 [4d503614-acf7-4d3e-bd56-c00356288aee-groupManagement] INFO  server.RaftServerConfigKeys (ConfUtils.java:logGet(46)) - raft.server.log.appender.buffer.byte-limit = 33554432 (custom)
2023-07-13 06:11:08,272 [4d503614-acf7-4d3e-bd56-c00356288aee-groupManagement] INFO  segmented.SegmentedRaftLogWorker (SegmentedRaftLogWorker.java:<init>(188)) - new 4d503614-acf7-4d3e-bd56-c00356288aee@group-5CCCCE6C36CA-SegmentedRaftLogWorker for RaftStorageImpl:Storage Directory /home/runner/work/ozone/ozone/hadoop-ozone/integration-test/target/test-dir/MiniOzoneClusterImpl-40c29f8c-30b3-4208-9c4d-d76d276bda5b/datanode-4/data/ratis/fb173f23-772a-40a4-b62a-5cccce6c36ca
2023-07-13 06:11:08,274 [grpc-default-executor-2] INFO  server.RaftServer (RaftServerProxy.java:addNew(98)) - 892099fe-78a6-4491-a754-7c56149f1c99: addNew group-5CCCCE6C36CA:[eb0edd12-afad-4318-b446-71865e03089a|rpc:10.1.0.28:15041|admin:10.1.0.28:15040|client:10.1.0.28:15039|dataStream:10.1.0.28:15042|priority:1|startupRole:FOLLOWER, 4d503614-acf7-4d3e-bd56-c00356288aee|rpc:10.1.0.28:15050|admin:10.1.0.28:15049|client:10.1.0.28:15048|dataStream:10.1.0.28:15051|priority:0|startupRole:FOLLOWER, 892099fe-78a6-4491-a754-7c56149f1c99|rpc:10.1.0.28:15059|admin:10.1.0.28:15058|client:10.1.0.28:15057|dataStream:10.1.0.28:15060|priority:0|startupRole:FOLLOWER] returns group-5CCCCE6C36CA:java.util.concurrent.CompletableFuture@a55b9bd[Not completed]
2023-07-13 06:11:08,274 [4d503614-acf7-4d3e-bd56-c00356288aee-groupManagement] INFO  server.RaftServerConfigKeys (ConfUtils.java:logGet(46)) - raft.server.log.queue.byte-limit = 4294967296 (custom)
2023-07-13 06:11:08,275 [4d503614-acf7-4d3e-bd56-c00356288aee-groupManagement] INFO  server.RaftServerConfigKeys (ConfUtils.java:logGet(46)) - raft.server.log.queue.element-limit = 1024 (custom)
2023-07-13 06:11:08,275 [4d503614-acf7-4d3e-bd56-c00356288aee-groupManagement] INFO  server.RaftServerConfigKeys (ConfUtils.java:logGet(46)) - raft.server.log.segment.size.max = 1048576 (custom)
2023-07-13 06:11:08,275 [4d503614-acf7-4d3e-bd56-c00356288aee-groupManagement] INFO  server.RaftServerConfigKeys (ConfUtils.java:logGet(46)) - raft.server.log.preallocated.size = 16384 (custom)
2023-07-13 06:11:08,275 [4d503614-acf7-4d3e-bd56-c00356288aee-groupManagement] INFO  server.RaftServerConfigKeys (ConfUtils.java:logGet(46)) - raft.server.log.force.sync.num = 128 (default)
2023-07-13 06:11:08,275 [4d503614-acf7-4d3e-bd56-c00356288aee-groupManagement] INFO  server.RaftServerConfigKeys (ConfUtils.java:logGet(46)) - raft.server.log.statemachine.data.sync = true (default)
2023-07-13 06:11:08,275 [4d503614-acf7-4d3e-bd56-c00356288aee-groupManagement] INFO  server.RaftServerConfigKeys (ConfUtils.java:logGet(46)) - raft.server.log.statemachine.data.sync.timeout = 10s (default)
2023-07-13 06:11:08,275 [4d503614-acf7-4d3e-bd56-c00356288aee-groupManagement] INFO  server.RaftServerConfigKeys (ConfUtils.java:logGet(46)) - raft.server.log.statemachine.data.sync.timeout.retry = -1 (default)
2023-07-13 06:11:08,277 [4d503614-acf7-4d3e-bd56-c00356288aee-groupManagement] INFO  server.RaftServerConfigKeys (ConfUtils.java:logGet(46)) - raft.server.log.write.buffer.size = 1048576 (custom)
2023-07-13 06:11:08,277 [4d503614-acf7-4d3e-bd56-c00356288aee-groupManagement] INFO  server.RaftServerConfigKeys (ConfUtils.java:logGet(46)) - raft.server.log.appender.buffer.byte-limit = 33554432 (custom)
2023-07-13 06:11:08,285 [892099fe-78a6-4491-a754-7c56149f1c99-groupManagement] INFO  server.RaftServer$Division (RaftServerImpl.java:<init>(198)) - 892099fe-78a6-4491-a754-7c56149f1c99: new RaftServerImpl for group-5CCCCE6C36CA:[eb0edd12-afad-4318-b446-71865e03089a|rpc:10.1.0.28:15041|admin:10.1.0.28:15040|client:10.1.0.28:15039|dataStream:10.1.0.28:15042|priority:1|startupRole:FOLLOWER, 4d503614-acf7-4d3e-bd56-c00356288aee|rpc:10.1.0.28:15050|admin:10.1.0.28:15049|client:10.1.0.28:15048|dataStream:10.1.0.28:15051|priority:0|startupRole:FOLLOWER, 892099fe-78a6-4491-a754-7c56149f1c99|rpc:10.1.0.28:15059|admin:10.1.0.28:15058|client:10.1.0.28:15057|dataStream:10.1.0.28:15060|priority:0|startupRole:FOLLOWER] with ContainerStateMachine:uninitialized
2023-07-13 06:11:08,292 [4d503614-acf7-4d3e-bd56-c00356288aee-groupManagement] INFO  server.RaftServerConfigKeys (ConfUtils.java:logGet(46)) - raft.server.log.unsafe-flush.enabled = false (default)
2023-07-13 06:11:08,292 [892099fe-78a6-4491-a754-7c56149f1c99-groupManagement] INFO  server.RaftServerConfigKeys (ConfUtils.java:logGet(46)) - raft.server.rpc.timeout.min = 5s (custom)
2023-07-13 06:11:08,292 [4d503614-acf7-4d3e-bd56-c00356288aee-groupManagement] INFO  server.RaftServerConfigKeys (ConfUtils.java:logGet(46)) - raft.server.log.async-flush.enabled = false (default)
2023-07-13 06:11:08,292 [892099fe-78a6-4491-a754-7c56149f1c99-groupManagement] INFO  server.RaftServerConfigKeys (ConfUtils.java:logGet(46)) - raft.server.rpc.timeout.max = 5200ms (custom)
2023-07-13 06:11:08,292 [4d503614-acf7-4d3e-bd56-c00356288aee-groupManagement] INFO  server.RaftServerConfigKeys (ConfUtils.java:logGet(46)) - raft.server.log.statemachine.data.caching.enabled = true (custom)
2023-07-13 06:11:08,293 [892099fe-78a6-4491-a754-7c56149f1c99-groupManagement] INFO  server.RaftServerConfigKeys (ConfUtils.java:logGet(46)) - raft.server.rpc.sleep.time = 25ms (default)
2023-07-13 06:11:08,293 [892099fe-78a6-4491-a754-7c56149f1c99-groupManagement] INFO  server.RaftServerConfigKeys (ConfUtils.java:logGet(46)) - raft.server.rpc.slowness.timeout = 300s (custom)
2023-07-13 06:11:08,293 [892099fe-78a6-4491-a754-7c56149f1c99-groupManagement] INFO  server.RaftServerConfigKeys (ConfUtils.java:logGet(46)) - raft.server.leaderelection.leader.step-down.wait-time = 10s (default)
2023-07-13 06:11:08,293 [892099fe-78a6-4491-a754-7c56149f1c99-groupManagement] INFO  server.RaftServerConfigKeys (ConfUtils.java:logGet(46)) - raft.server.sleep.deviation.threshold = 300ms (default)
2023-07-13 06:11:08,293 [4d503614-acf7-4d3e-bd56-c00356288aee-groupManagement] INFO  segmented.SegmentedRaftLogWorker (SegmentedRaftLogWorker.java:lambda$new$0(135)) - 4d503614-acf7-4d3e-bd56-c00356288aee@group-5CCCCE6C36CA-SegmentedRaftLogWorker: flushIndex: setUnconditionally 0 -> -1
2023-07-13 06:11:08,293 [4d503614-acf7-4d3e-bd56-c00356288aee-groupManagement] INFO  segmented.SegmentedRaftLogWorker (SegmentedRaftLogWorker.java:lambda$new$0(135)) - 4d503614-acf7-4d3e-bd56-c00356288aee@group-5CCCCE6C36CA-SegmentedRaftLogWorker: safeCacheEvictIndex: setUnconditionally 0 -> -1
2023-07-13 06:11:08,293 [892099fe-78a6-4491-a754-7c56149f1c99-groupManagement] INFO  server.RaftServer$Division (ServerState.java:<init>(120)) - 892099fe-78a6-4491-a754-7c56149f1c99@group-5CCCCE6C36CA: ConfigurationManager, init=-1: peers:[eb0edd12-afad-4318-b446-71865e03089a|rpc:10.1.0.28:15041|admin:10.1.0.28:15040|client:10.1.0.28:15039|dataStream:10.1.0.28:15042|priority:1|startupRole:FOLLOWER, 4d503614-acf7-4d3e-bd56-c00356288aee|rpc:10.1.0.28:15050|admin:10.1.0.28:15049|client:10.1.0.28:15048|dataStream:10.1.0.28:15051|priority:0|startupRole:FOLLOWER, 892099fe-78a6-4491-a754-7c56149f1c99|rpc:10.1.0.28:15059|admin:10.1.0.28:15058|client:10.1.0.28:15057|dataStream:10.1.0.28:15060|priority:0|startupRole:FOLLOWER]|listeners:[], old=null, confs=<EMPTY_MAP>
2023-07-13 06:11:08,293 [892099fe-78a6-4491-a754-7c56149f1c99-groupManagement] INFO  server.RaftServerConfigKeys (ConfUtils.java:logGet(46)) - raft.server.storage.dir = [/home/runner/work/ozone/ozone/hadoop-ozone/integration-test/target/test-dir/MiniOzoneClusterImpl-40c29f8c-30b3-4208-9c4d-d76d276bda5b/datanode-5/data/ratis] (custom)
2023-07-13 06:11:08,293 [4d503614-acf7-4d3e-bd56-c00356288aee-groupManagement] INFO  server.RaftServer$Division (RaftServerImpl.java:start(342)) - 4d503614-acf7-4d3e-bd56-c00356288aee@group-5CCCCE6C36CA: start as a follower, conf=-1: peers:[eb0edd12-afad-4318-b446-71865e03089a|rpc:10.1.0.28:15041|admin:10.1.0.28:15040|client:10.1.0.28:15039|dataStream:10.1.0.28:15042|priority:1|startupRole:FOLLOWER, 4d503614-acf7-4d3e-bd56-c00356288aee|rpc:10.1.0.28:15050|admin:10.1.0.28:15049|client:10.1.0.28:15048|dataStream:10.1.0.28:15051|priority:0|startupRole:FOLLOWER, 892099fe-78a6-4491-a754-7c56149f1c99|rpc:10.1.0.28:15059|admin:10.1.0.28:15058|client:10.1.0.28:15057|dataStream:10.1.0.28:15060|priority:0|startupRole:FOLLOWER]|listeners:[], old=null
2023-07-13 06:11:08,293 [4d503614-acf7-4d3e-bd56-c00356288aee-groupManagement] INFO  server.RaftServer$Division (RaftServerImpl.java:setRole(329)) - 4d503614-acf7-4d3e-bd56-c00356288aee@group-5CCCCE6C36CA: changes role from      null to FOLLOWER at term 0 for startAsFollower
2023-07-13 06:11:08,293 [892099fe-78a6-4491-a754-7c56149f1c99-groupManagement] INFO  server.RaftServerConfigKeys (ConfUtils.java:logGet(46)) - raft.server.log.corruption.policy = EXCEPTION (default)
2023-07-13 06:11:08,293 [4d503614-acf7-4d3e-bd56-c00356288aee-groupManagement] INFO  impl.RoleInfo (RoleInfo.java:updateAndGet(139)) - 4d503614-acf7-4d3e-bd56-c00356288aee: start 4d503614-acf7-4d3e-bd56-c00356288aee@group-5CCCCE6C36CA-FollowerState
2023-07-13 06:11:08,293 [892099fe-78a6-4491-a754-7c56149f1c99-groupManagement] INFO  server.RaftServerConfigKeys (ConfUtils.java:logGet(46)) - raft.server.storage.free-space.min = 0MB (=0) (default)
2023-07-13 06:11:08,294 [892099fe-78a6-4491-a754-7c56149f1c99-groupManagement] INFO  server.RaftServerConfigKeys (ConfUtils.java:logGet(46)) - raft.server.notification.no-leader.timeout = 300s (custom)
2023-07-13 06:11:08,294 [892099fe-78a6-4491-a754-7c56149f1c99-groupManagement] INFO  server.RaftServerConfigKeys (ConfUtils.java:logGet(46)) - raft.server.read.timeout = 10s (default)
2023-07-13 06:11:08,294 [892099fe-78a6-4491-a754-7c56149f1c99-groupManagement] INFO  server.RaftServerConfigKeys (ConfUtils.java:logGet(46)) - raft.server.retrycache.expirytime = 600000ms (custom)
2023-07-13 06:11:08,294 [892099fe-78a6-4491-a754-7c56149f1c99-groupManagement] INFO  server.RaftServerConfigKeys (ConfUtils.java:logGet(46)) - raft.server.retrycache.statistics.expirytime = 100μs (default)
2023-07-13 06:11:08,294 [892099fe-78a6-4491-a754-7c56149f1c99-groupManagement] INFO  server.RaftServerConfigKeys (ConfUtils.java:logGet(46)) - raft.server.read.option = DEFAULT (default)
2023-07-13 06:11:08,295 [4d503614-acf7-4d3e-bd56-c00356288aee@group-5CCCCE6C36CA-FollowerState] INFO  server.RaftServerConfigKeys (ConfUtils.java:logFallback(53)) - raft.server.rpc.first-election.timeout.min = 5s (fallback to raft.server.rpc.timeout.min)
2023-07-13 06:11:08,295 [4d503614-acf7-4d3e-bd56-c00356288aee-groupManagement] INFO  util.JmxRegister (JmxRegister.java:tryRegister(44)) - Successfully registered JMX Bean with object name Ratis:service=RaftServer,group=group-5CCCCE6C36CA,id=4d503614-acf7-4d3e-bd56-c00356288aee
2023-07-13 06:11:08,301 [892099fe-78a6-4491-a754-7c56149f1c99-groupManagement] INFO  server.RaftServerConfigKeys (ConfUtils.java:logGet(46)) - raft.server.rpc.request.timeout = 60s (custom)
2023-07-13 06:11:08,301 [4d503614-acf7-4d3e-bd56-c00356288aee-groupManagement] INFO  server.RaftServerConfigKeys (ConfUtils.java:logGet(46)) - raft.server.snapshot.auto.trigger.enabled = true (custom)
2023-07-13 06:11:08,301 [892099fe-78a6-4491-a754-7c56149f1c99-groupManagement] INFO  server.RaftServerConfigKeys (ConfUtils.java:logGet(46)) - raft.server.log.appender.install.snapshot.enabled = false (custom)
2023-07-13 06:11:08,301 [4d503614-acf7-4d3e-bd56-c00356288aee-groupManagement] INFO  server.RaftServerConfigKeys (ConfUtils.java:logGet(46)) - raft.server.snapshot.auto.trigger.threshold = 10000 (custom)
2023-07-13 06:11:08,301 [892099fe-78a6-4491-a754-7c56149f1c99-groupManagement] INFO  server.RaftServerConfigKeys (ConfUtils.java:logGet(46)) - raft.server.threadpool.server.cached = true (default)
2023-07-13 06:11:08,301 [4d503614-acf7-4d3e-bd56-c00356288aee-groupManagement] INFO  server.RaftServerConfigKeys (ConfUtils.java:logGet(46)) - raft.server.snapshot.retention.file.num = 5 (custom)
2023-07-13 06:11:08,301 [892099fe-78a6-4491-a754-7c56149f1c99-groupManagement] INFO  server.RaftServerConfigKeys (ConfUtils.java:logGet(46)) - raft.server.threadpool.server.size = 0 (default)
2023-07-13 06:11:08,301 [4d503614-acf7-4d3e-bd56-c00356288aee-groupManagement] INFO  server.RaftServerConfigKeys (ConfUtils.java:logGet(46)) - raft.server.log.purge.upto.snapshot.index = false (default)
2023-07-13 06:11:08,301 [892099fe-78a6-4491-a754-7c56149f1c99-groupManagement] INFO  server.RaftServerConfigKeys (ConfUtils.java:logGet(46)) - raft.server.threadpool.client.cached = true (default)
2023-07-13 06:11:08,301 [892099fe-78a6-4491-a754-7c56149f1c99-groupManagement] INFO  server.RaftServerConfigKeys (ConfUtils.java:logGet(46)) - raft.server.threadpool.client.size = 0 (default)
2023-07-13 06:11:08,301 [892099fe-78a6-4491-a754-7c56149f1c99-groupManagement] INFO  storage.RaftStorageDirectory (RaftStorageDirectoryImpl.java:analyzeStorage(137)) - The storage directory /home/runner/work/ozone/ozone/hadoop-ozone/integration-test/target/test-dir/MiniOzoneClusterImpl-40c29f8c-30b3-4208-9c4d-d76d276bda5b/datanode-5/data/ratis/fb173f23-772a-40a4-b62a-5cccce6c36ca does not exist. Creating ...
2023-07-13 06:11:08,302 [PipelineCommandHandlerThread-0] INFO  ratis.XceiverServerRatis (XceiverServerRatis.java:addGroup(804)) - Created group PipelineID=fb173f23-772a-40a4-b62a-5cccce6c36ca
2023-07-13 06:11:08,303 [892099fe-78a6-4491-a754-7c56149f1c99-groupManagement] INFO  storage.RaftStorageDirectory (RaftStorageDirectoryImpl.java:tryLock(231)) - Lock on /home/runner/work/ozone/ozone/hadoop-ozone/integration-test/target/test-dir/MiniOzoneClusterImpl-40c29f8c-30b3-4208-9c4d-d76d276bda5b/datanode-5/data/ratis/fb173f23-772a-40a4-b62a-5cccce6c36ca/in_use.lock acquired by nodename 110901@fv-az932-602
2023-07-13 06:11:08,305 [892099fe-78a6-4491-a754-7c56149f1c99-groupManagement] INFO  storage.RaftStorage (RaftStorageImpl.java:format(96)) - Storage directory /home/runner/work/ozone/ozone/hadoop-ozone/integration-test/target/test-dir/MiniOzoneClusterImpl-40c29f8c-30b3-4208-9c4d-d76d276bda5b/datanode-5/data/ratis/fb173f23-772a-40a4-b62a-5cccce6c36ca has been successfully formatted.
2023-07-13 06:11:08,309 [892099fe-78a6-4491-a754-7c56149f1c99-groupManagement] INFO  ratis.ContainerStateMachine (ContainerStateMachine.java:loadSnapshot(262)) - group-5CCCCE6C36CA: The snapshot info is null. Setting the last applied indexto:(t:0, i:~)
2023-07-13 06:11:08,309 [892099fe-78a6-4491-a754-7c56149f1c99-groupManagement] INFO  server.RaftServerConfigKeys (ConfUtils.java:logGet(46)) - raft.server.log.use.memory = false (default)
2023-07-13 06:11:08,309 [892099fe-78a6-4491-a754-7c56149f1c99-groupManagement] INFO  server.RaftServerConfigKeys (ConfUtils.java:logGet(46)) - raft.server.log.purge.gap = 1000000 (custom)
2023-07-13 06:11:08,311 [892099fe-78a6-4491-a754-7c56149f1c99-groupManagement] INFO  server.RaftServerConfigKeys (ConfUtils.java:logGet(46)) - raft.server.log.appender.buffer.byte-limit = 33554432 (custom)
2023-07-13 06:11:08,311 [892099fe-78a6-4491-a754-7c56149f1c99-groupManagement] INFO  server.RaftServerConfigKeys (ConfUtils.java:logGet(46)) - raft.server.log.statemachine.data.read.timeout = 1000ms (default)
2023-07-13 06:11:08,311 [892099fe-78a6-4491-a754-7c56149f1c99-groupManagement] INFO  server.RaftServerConfigKeys (ConfUtils.java:logGet(46)) - raft.server.log.purge.preservation.log.num = 0 (default)
2023-07-13 06:11:08,312 [892099fe-78a6-4491-a754-7c56149f1c99-groupManagement] INFO  server.RaftServerConfigKeys (ConfUtils.java:logGet(46)) - raft.server.log.segment.size.max = 1048576 (custom)
2023-07-13 06:11:08,313 [892099fe-78a6-4491-a754-7c56149f1c99-groupManagement] INFO  server.RaftServerConfigKeys (ConfUtils.java:logGet(46)) - raft.server.log.segment.cache.num.max = 2 (custom)
2023-07-13 06:11:08,313 [892099fe-78a6-4491-a754-7c56149f1c99-groupManagement] INFO  server.RaftServerConfigKeys (ConfUtils.java:logGet(46)) - raft.server.log.segment.cache.size.max = 200MB (=209715200) (default)
2023-07-13 06:11:08,313 [892099fe-78a6-4491-a754-7c56149f1c99-groupManagement] INFO  server.RaftServerConfigKeys (ConfUtils.java:logGet(46)) - raft.server.log.appender.buffer.byte-limit = 33554432 (custom)
2023-07-13 06:11:08,313 [892099fe-78a6-4491-a754-7c56149f1c99-groupManagement] INFO  segmented.SegmentedRaftLogWorker (SegmentedRaftLogWorker.java:<init>(188)) - new 892099fe-78a6-4491-a754-7c56149f1c99@group-5CCCCE6C36CA-SegmentedRaftLogWorker for RaftStorageImpl:Storage Directory /home/runner/work/ozone/ozone/hadoop-ozone/integration-test/target/test-dir/MiniOzoneClusterImpl-40c29f8c-30b3-4208-9c4d-d76d276bda5b/datanode-5/data/ratis/fb173f23-772a-40a4-b62a-5cccce6c36ca
2023-07-13 06:11:08,313 [892099fe-78a6-4491-a754-7c56149f1c99-groupManagement] INFO  server.RaftServerConfigKeys (ConfUtils.java:logGet(46)) - raft.server.log.queue.byte-limit = 4294967296 (custom)
2023-07-13 06:11:08,313 [892099fe-78a6-4491-a754-7c56149f1c99-groupManagement] INFO  server.RaftServerConfigKeys (ConfUtils.java:logGet(46)) - raft.server.log.queue.element-limit = 1024 (custom)
2023-07-13 06:11:08,313 [892099fe-78a6-4491-a754-7c56149f1c99-groupManagement] INFO  server.RaftServerConfigKeys (ConfUtils.java:logGet(46)) - raft.server.log.segment.size.max = 1048576 (custom)
2023-07-13 06:11:08,313 [4d503614-acf7-4d3e-bd56-c00356288aee@group-5CCCCE6C36CA-FollowerState] INFO  server.RaftServerConfigKeys (ConfUtils.java:logFallback(53)) - raft.server.rpc.first-election.timeout.max = 5200ms (fallback to raft.server.rpc.timeout.max)
2023-07-13 06:11:08,313 [892099fe-78a6-4491-a754-7c56149f1c99-groupManagement] INFO  server.RaftServerConfigKeys (ConfUtils.java:logGet(46)) - raft.server.log.preallocated.size = 16384 (custom)
2023-07-13 06:11:08,313 [892099fe-78a6-4491-a754-7c56149f1c99-groupManagement] INFO  server.RaftServerConfigKeys (ConfUtils.java:logGet(46)) - raft.server.log.force.sync.num = 128 (default)
2023-07-13 06:11:08,320 [892099fe-78a6-4491-a754-7c56149f1c99-groupManagement] INFO  server.RaftServerConfigKeys (ConfUtils.java:logGet(46)) - raft.server.log.statemachine.data.sync = true (default)
2023-07-13 06:11:08,320 [892099fe-78a6-4491-a754-7c56149f1c99-groupManagement] INFO  server.RaftServerConfigKeys (ConfUtils.java:logGet(46)) - raft.server.log.statemachine.data.sync.timeout = 10s (default)
2023-07-13 06:11:08,321 [892099fe-78a6-4491-a754-7c56149f1c99-groupManagement] INFO  server.RaftServerConfigKeys (ConfUtils.java:logGet(46)) - raft.server.log.statemachine.data.sync.timeout.retry = -1 (default)
2023-07-13 06:11:08,324 [892099fe-78a6-4491-a754-7c56149f1c99-groupManagement] INFO  server.RaftServerConfigKeys (ConfUtils.java:logGet(46)) - raft.server.log.write.buffer.size = 1048576 (custom)
2023-07-13 06:11:08,324 [892099fe-78a6-4491-a754-7c56149f1c99-groupManagement] INFO  server.RaftServerConfigKeys (ConfUtils.java:logGet(46)) - raft.server.log.appender.buffer.byte-limit = 33554432 (custom)
2023-07-13 06:11:08,339 [892099fe-78a6-4491-a754-7c56149f1c99-groupManagement] INFO  server.RaftServerConfigKeys (ConfUtils.java:logGet(46)) - raft.server.log.unsafe-flush.enabled = false (default)
2023-07-13 06:11:08,348 [892099fe-78a6-4491-a754-7c56149f1c99-groupManagement] INFO  server.RaftServerConfigKeys (ConfUtils.java:logGet(46)) - raft.server.log.async-flush.enabled = false (default)
2023-07-13 06:11:08,348 [892099fe-78a6-4491-a754-7c56149f1c99-groupManagement] INFO  server.RaftServerConfigKeys (ConfUtils.java:logGet(46)) - raft.server.log.statemachine.data.caching.enabled = true (custom)
2023-07-13 06:11:08,349 [892099fe-78a6-4491-a754-7c56149f1c99-groupManagement] INFO  segmented.SegmentedRaftLogWorker (SegmentedRaftLogWorker.java:lambda$new$0(135)) - 892099fe-78a6-4491-a754-7c56149f1c99@group-5CCCCE6C36CA-SegmentedRaftLogWorker: flushIndex: setUnconditionally 0 -> -1
2023-07-13 06:11:08,349 [892099fe-78a6-4491-a754-7c56149f1c99-groupManagement] INFO  segmented.SegmentedRaftLogWorker (SegmentedRaftLogWorker.java:lambda$new$0(135)) - 892099fe-78a6-4491-a754-7c56149f1c99@group-5CCCCE6C36CA-SegmentedRaftLogWorker: safeCacheEvictIndex: setUnconditionally 0 -> -1
2023-07-13 06:11:08,352 [892099fe-78a6-4491-a754-7c56149f1c99-groupManagement] INFO  server.RaftServer$Division (RaftServerImpl.java:start(342)) - 892099fe-78a6-4491-a754-7c56149f1c99@group-5CCCCE6C36CA: start as a follower, conf=-1: peers:[eb0edd12-afad-4318-b446-71865e03089a|rpc:10.1.0.28:15041|admin:10.1.0.28:15040|client:10.1.0.28:15039|dataStream:10.1.0.28:15042|priority:1|startupRole:FOLLOWER, 4d503614-acf7-4d3e-bd56-c00356288aee|rpc:10.1.0.28:15050|admin:10.1.0.28:15049|client:10.1.0.28:15048|dataStream:10.1.0.28:15051|priority:0|startupRole:FOLLOWER, 892099fe-78a6-4491-a754-7c56149f1c99|rpc:10.1.0.28:15059|admin:10.1.0.28:15058|client:10.1.0.28:15057|dataStream:10.1.0.28:15060|priority:0|startupRole:FOLLOWER]|listeners:[], old=null
2023-07-13 06:11:08,352 [892099fe-78a6-4491-a754-7c56149f1c99-groupManagement] INFO  server.RaftServer$Division (RaftServerImpl.java:setRole(329)) - 892099fe-78a6-4491-a754-7c56149f1c99@group-5CCCCE6C36CA: changes role from      null to FOLLOWER at term 0 for startAsFollower
2023-07-13 06:11:08,353 [892099fe-78a6-4491-a754-7c56149f1c99-groupManagement] INFO  impl.RoleInfo (RoleInfo.java:updateAndGet(139)) - 892099fe-78a6-4491-a754-7c56149f1c99: start 892099fe-78a6-4491-a754-7c56149f1c99@group-5CCCCE6C36CA-FollowerState
2023-07-13 06:11:08,357 [892099fe-78a6-4491-a754-7c56149f1c99-groupManagement] INFO  util.JmxRegister (JmxRegister.java:tryRegister(44)) - Successfully registered JMX Bean with object name Ratis:service=RaftServer,group=group-5CCCCE6C36CA,id=892099fe-78a6-4491-a754-7c56149f1c99
2023-07-13 06:11:08,357 [892099fe-78a6-4491-a754-7c56149f1c99@group-5CCCCE6C36CA-FollowerState] INFO  server.RaftServerConfigKeys (ConfUtils.java:logFallback(53)) - raft.server.rpc.first-election.timeout.min = 5s (fallback to raft.server.rpc.timeout.min)
2023-07-13 06:11:08,357 [892099fe-78a6-4491-a754-7c56149f1c99-groupManagement] INFO  server.RaftServerConfigKeys (ConfUtils.java:logGet(46)) - raft.server.snapshot.auto.trigger.enabled = true (custom)
2023-07-13 06:11:08,358 [892099fe-78a6-4491-a754-7c56149f1c99-groupManagement] INFO  server.RaftServerConfigKeys (ConfUtils.java:logGet(46)) - raft.server.snapshot.auto.trigger.threshold = 10000 (custom)
2023-07-13 06:11:08,358 [892099fe-78a6-4491-a754-7c56149f1c99-groupManagement] INFO  server.RaftServerConfigKeys (ConfUtils.java:logGet(46)) - raft.server.snapshot.retention.file.num = 5 (custom)
2023-07-13 06:11:08,358 [892099fe-78a6-4491-a754-7c56149f1c99-groupManagement] INFO  server.RaftServerConfigKeys (ConfUtils.java:logGet(46)) - raft.server.log.purge.upto.snapshot.index = false (default)
2023-07-13 06:11:08,362 [892099fe-78a6-4491-a754-7c56149f1c99@group-5CCCCE6C36CA-FollowerState] INFO  server.RaftServerConfigKeys (ConfUtils.java:logFallback(53)) - raft.server.rpc.first-election.timeout.max = 5200ms (fallback to raft.server.rpc.timeout.max)
2023-07-13 06:11:08,438 [PipelineCommandHandlerThread-0] INFO  commandhandler.CreatePipelineCommandHandler (CreatePipelineCommandHandler.java:lambda$handle$2(124)) - Created Pipeline RATIS THREE PipelineID=fb173f23-772a-40a4-b62a-5cccce6c36ca.
2023-07-13 06:11:08,438 [PipelineCommandHandlerThread-0] INFO  server.RaftServer (RaftServerProxy.java:addNew(98)) - 4d503614-acf7-4d3e-bd56-c00356288aee: addNew group-5689823E11F9:[eb0edd12-afad-4318-b446-71865e03089a|rpc:10.1.0.28:15041|admin:10.1.0.28:15040|client:10.1.0.28:15039|dataStream:10.1.0.28:15042|priority:0|startupRole:FOLLOWER, 4d503614-acf7-4d3e-bd56-c00356288aee|rpc:10.1.0.28:15050|admin:10.1.0.28:15049|client:10.1.0.28:15048|dataStream:10.1.0.28:15051|priority:0|startupRole:FOLLOWER, 892099fe-78a6-4491-a754-7c56149f1c99|rpc:10.1.0.28:15059|admin:10.1.0.28:15058|client:10.1.0.28:15057|dataStream:10.1.0.28:15060|priority:1|startupRole:FOLLOWER] returns group-5689823E11F9:java.util.concurrent.CompletableFuture@75bff276[Not completed]
2023-07-13 06:11:08,439 [4d503614-acf7-4d3e-bd56-c00356288aee-groupManagement] INFO  server.RaftServer$Division (RaftServerImpl.java:<init>(198)) - 4d503614-acf7-4d3e-bd56-c00356288aee: new RaftServerImpl for group-5689823E11F9:[eb0edd12-afad-4318-b446-71865e03089a|rpc:10.1.0.28:15041|admin:10.1.0.28:15040|client:10.1.0.28:15039|dataStream:10.1.0.28:15042|priority:0|startupRole:FOLLOWER, 4d503614-acf7-4d3e-bd56-c00356288aee|rpc:10.1.0.28:15050|admin:10.1.0.28:15049|client:10.1.0.28:15048|dataStream:10.1.0.28:15051|priority:0|startupRole:FOLLOWER, 892099fe-78a6-4491-a754-7c56149f1c99|rpc:10.1.0.28:15059|admin:10.1.0.28:15058|client:10.1.0.28:15057|dataStream:10.1.0.28:15060|priority:1|startupRole:FOLLOWER] with ContainerStateMachine:uninitialized
2023-07-13 06:11:08,439 [4d503614-acf7-4d3e-bd56-c00356288aee-groupManagement] INFO  server.RaftServerConfigKeys (ConfUtils.java:logGet(46)) - raft.server.rpc.timeout.min = 5s (custom)
2023-07-13 06:11:08,440 [4d503614-acf7-4d3e-bd56-c00356288aee-groupManagement] INFO  server.RaftServerConfigKeys (ConfUtils.java:logGet(46)) - raft.server.rpc.timeout.max = 5200ms (custom)
2023-07-13 06:11:08,440 [4d503614-acf7-4d3e-bd56-c00356288aee-groupManagement] INFO  server.RaftServerConfigKeys (ConfUtils.java:logGet(46)) - raft.server.rpc.sleep.time = 25ms (default)
2023-07-13 06:11:08,440 [4d503614-acf7-4d3e-bd56-c00356288aee-groupManagement] INFO  server.RaftServerConfigKeys (ConfUtils.java:logGet(46)) - raft.server.rpc.slowness.timeout = 300s (custom)
2023-07-13 06:11:08,440 [4d503614-acf7-4d3e-bd56-c00356288aee-groupManagement] INFO  server.RaftServerConfigKeys (ConfUtils.java:logGet(46)) - raft.server.leaderelection.leader.step-down.wait-time = 10s (default)
2023-07-13 06:11:08,440 [4d503614-acf7-4d3e-bd56-c00356288aee-groupManagement] INFO  server.RaftServerConfigKeys (ConfUtils.java:logGet(46)) - raft.server.sleep.deviation.threshold = 300ms (default)
2023-07-13 06:11:08,440 [4d503614-acf7-4d3e-bd56-c00356288aee-groupManagement] INFO  server.RaftServer$Division (ServerState.java:<init>(120)) - 4d503614-acf7-4d3e-bd56-c00356288aee@group-5689823E11F9: ConfigurationManager, init=-1: peers:[eb0edd12-afad-4318-b446-71865e03089a|rpc:10.1.0.28:15041|admin:10.1.0.28:15040|client:10.1.0.28:15039|dataStream:10.1.0.28:15042|priority:0|startupRole:FOLLOWER, 4d503614-acf7-4d3e-bd56-c00356288aee|rpc:10.1.0.28:15050|admin:10.1.0.28:15049|client:10.1.0.28:15048|dataStream:10.1.0.28:15051|priority:0|startupRole:FOLLOWER, 892099fe-78a6-4491-a754-7c56149f1c99|rpc:10.1.0.28:15059|admin:10.1.0.28:15058|client:10.1.0.28:15057|dataStream:10.1.0.28:15060|priority:1|startupRole:FOLLOWER]|listeners:[], old=null, confs=<EMPTY_MAP>
2023-07-13 06:11:08,440 [4d503614-acf7-4d3e-bd56-c00356288aee-groupManagement] INFO  server.RaftServerConfigKeys (ConfUtils.java:logGet(46)) - raft.server.storage.dir = [/home/runner/work/ozone/ozone/hadoop-ozone/integration-test/target/test-dir/MiniOzoneClusterImpl-40c29f8c-30b3-4208-9c4d-d76d276bda5b/datanode-4/data/ratis] (custom)
2023-07-13 06:11:08,441 [4d503614-acf7-4d3e-bd56-c00356288aee-groupManagement] INFO  server.RaftServerConfigKeys (ConfUtils.java:logGet(46)) - raft.server.log.corruption.policy = EXCEPTION (default)
2023-07-13 06:11:08,441 [4d503614-acf7-4d3e-bd56-c00356288aee-groupManagement] INFO  server.RaftServerConfigKeys (ConfUtils.java:logGet(46)) - raft.server.storage.free-space.min = 0MB (=0) (default)
2023-07-13 06:11:08,441 [4d503614-acf7-4d3e-bd56-c00356288aee-groupManagement] INFO  server.RaftServerConfigKeys (ConfUtils.java:logGet(46)) - raft.server.notification.no-leader.timeout = 300s (custom)
2023-07-13 06:11:08,444 [4d503614-acf7-4d3e-bd56-c00356288aee-groupManagement] INFO  server.RaftServerConfigKeys (ConfUtils.java:logGet(46)) - raft.server.read.timeout = 10s (default)
2023-07-13 06:11:08,444 [4d503614-acf7-4d3e-bd56-c00356288aee-groupManagement] INFO  server.RaftServerConfigKeys (ConfUtils.java:logGet(46)) - raft.server.retrycache.expirytime = 600000ms (custom)
2023-07-13 06:11:08,444 [4d503614-acf7-4d3e-bd56-c00356288aee-groupManagement] INFO  server.RaftServerConfigKeys (ConfUtils.java:logGet(46)) - raft.server.retrycache.statistics.expirytime = 100μs (default)
2023-07-13 06:11:08,444 [4d503614-acf7-4d3e-bd56-c00356288aee-groupManagement] INFO  server.RaftServerConfigKeys (ConfUtils.java:logGet(46)) - raft.server.read.option = DEFAULT (default)
2023-07-13 06:11:08,447 [4d503614-acf7-4d3e-bd56-c00356288aee-groupManagement] INFO  server.RaftServerConfigKeys (ConfUtils.java:logGet(46)) - raft.server.rpc.request.timeout = 60s (custom)
2023-07-13 06:11:08,447 [4d503614-acf7-4d3e-bd56-c00356288aee-groupManagement] INFO  server.RaftServerConfigKeys (ConfUtils.java:logGet(46)) - raft.server.log.appender.install.snapshot.enabled = false (custom)
2023-07-13 06:11:08,447 [4d503614-acf7-4d3e-bd56-c00356288aee-groupManagement] INFO  server.RaftServerConfigKeys (ConfUtils.java:logGet(46)) - raft.server.threadpool.server.cached = true (default)
2023-07-13 06:11:08,447 [4d503614-acf7-4d3e-bd56-c00356288aee-groupManagement] INFO  server.RaftServerConfigKeys (ConfUtils.java:logGet(46)) - raft.server.threadpool.server.size = 0 (default)
2023-07-13 06:11:08,447 [4d503614-acf7-4d3e-bd56-c00356288aee-groupManagement] INFO  server.RaftServerConfigKeys (ConfUtils.java:logGet(46)) - raft.server.threadpool.client.cached = true (default)
2023-07-13 06:11:08,447 [4d503614-acf7-4d3e-bd56-c00356288aee-groupManagement] INFO  server.RaftServerConfigKeys (ConfUtils.java:logGet(46)) - raft.server.threadpool.client.size = 0 (default)
2023-07-13 06:11:08,449 [4d503614-acf7-4d3e-bd56-c00356288aee-groupManagement] INFO  storage.RaftStorageDirectory (RaftStorageDirectoryImpl.java:analyzeStorage(137)) - The storage directory /home/runner/work/ozone/ozone/hadoop-ozone/integration-test/target/test-dir/MiniOzoneClusterImpl-40c29f8c-30b3-4208-9c4d-d76d276bda5b/datanode-4/data/ratis/77ceaaa9-251f-4144-ada6-5689823e11f9 does not exist. Creating ...
2023-07-13 06:11:08,452 [4d503614-acf7-4d3e-bd56-c00356288aee-groupManagement] INFO  storage.RaftStorageDirectory (RaftStorageDirectoryImpl.java:tryLock(231)) - Lock on /home/runner/work/ozone/ozone/hadoop-ozone/integration-test/target/test-dir/MiniOzoneClusterImpl-40c29f8c-30b3-4208-9c4d-d76d276bda5b/datanode-4/data/ratis/77ceaaa9-251f-4144-ada6-5689823e11f9/in_use.lock acquired by nodename 110901@fv-az932-602
2023-07-13 06:11:08,454 [4d503614-acf7-4d3e-bd56-c00356288aee-groupManagement] INFO  storage.RaftStorage (RaftStorageImpl.java:format(96)) - Storage directory /home/runner/work/ozone/ozone/hadoop-ozone/integration-test/target/test-dir/MiniOzoneClusterImpl-40c29f8c-30b3-4208-9c4d-d76d276bda5b/datanode-4/data/ratis/77ceaaa9-251f-4144-ada6-5689823e11f9 has been successfully formatted.
2023-07-13 06:11:08,457 [4d503614-acf7-4d3e-bd56-c00356288aee-groupManagement] INFO  ratis.ContainerStateMachine (ContainerStateMachine.java:loadSnapshot(262)) - group-5689823E11F9: The snapshot info is null. Setting the last applied indexto:(t:0, i:~)
2023-07-13 06:11:08,457 [4d503614-acf7-4d3e-bd56-c00356288aee-groupManagement] INFO  server.RaftServerConfigKeys (ConfUtils.java:logGet(46)) - raft.server.log.use.memory = false (default)
2023-07-13 06:11:08,457 [4d503614-acf7-4d3e-bd56-c00356288aee-groupManagement] INFO  server.RaftServerConfigKeys (ConfUtils.java:logGet(46)) - raft.server.log.purge.gap = 1000000 (custom)
2023-07-13 06:11:08,458 [EventQueue-OpenPipelineForHealthyPipelineSafeModeRule] INFO  safemode.SCMSafeModeManager (HealthyPipelineSafeModeRule.java:process(137)) - SCM in safe mode. Healthy pipelines reported count is 0, required healthy pipeline reported count is 1
2023-07-13 06:11:08,461 [4d503614-acf7-4d3e-bd56-c00356288aee-groupManagement] INFO  server.RaftServerConfigKeys (ConfUtils.java:logGet(46)) - raft.server.log.appender.buffer.byte-limit = 33554432 (custom)
2023-07-13 06:11:08,461 [4d503614-acf7-4d3e-bd56-c00356288aee-groupManagement] INFO  server.RaftServerConfigKeys (ConfUtils.java:logGet(46)) - raft.server.log.statemachine.data.read.timeout = 1000ms (default)
2023-07-13 06:11:08,462 [4d503614-acf7-4d3e-bd56-c00356288aee-groupManagement] INFO  server.RaftServerConfigKeys (ConfUtils.java:logGet(46)) - raft.server.log.purge.preservation.log.num = 0 (default)
2023-07-13 06:11:08,462 [4d503614-acf7-4d3e-bd56-c00356288aee-groupManagement] INFO  server.RaftServerConfigKeys (ConfUtils.java:logGet(46)) - raft.server.log.segment.size.max = 1048576 (custom)
2023-07-13 06:11:08,463 [4d503614-acf7-4d3e-bd56-c00356288aee-groupManagement] INFO  server.RaftServerConfigKeys (ConfUtils.java:logGet(46)) - raft.server.log.segment.cache.num.max = 2 (custom)
2023-07-13 06:11:08,463 [4d503614-acf7-4d3e-bd56-c00356288aee-groupManagement] INFO  server.RaftServerConfigKeys (ConfUtils.java:logGet(46)) - raft.server.log.segment.cache.size.max = 200MB (=209715200) (default)
2023-07-13 06:11:08,463 [4d503614-acf7-4d3e-bd56-c00356288aee-groupManagement] INFO  server.RaftServerConfigKeys (ConfUtils.java:logGet(46)) - raft.server.log.appender.buffer.byte-limit = 33554432 (custom)
2023-07-13 06:11:08,463 [4d503614-acf7-4d3e-bd56-c00356288aee-groupManagement] INFO  segmented.SegmentedRaftLogWorker (SegmentedRaftLogWorker.java:<init>(188)) - new 4d503614-acf7-4d3e-bd56-c00356288aee@group-5689823E11F9-SegmentedRaftLogWorker for RaftStorageImpl:Storage Directory /home/runner/work/ozone/ozone/hadoop-ozone/integration-test/target/test-dir/MiniOzoneClusterImpl-40c29f8c-30b3-4208-9c4d-d76d276bda5b/datanode-4/data/ratis/77ceaaa9-251f-4144-ada6-5689823e11f9
2023-07-13 06:11:08,463 [4d503614-acf7-4d3e-bd56-c00356288aee-groupManagement] INFO  server.RaftServerConfigKeys (ConfUtils.java:logGet(46)) - raft.server.log.queue.byte-limit = 4294967296 (custom)
2023-07-13 06:11:08,463 [4d503614-acf7-4d3e-bd56-c00356288aee-groupManagement] INFO  server.RaftServerConfigKeys (ConfUtils.java:logGet(46)) - raft.server.log.queue.element-limit = 1024 (custom)
2023-07-13 06:11:08,463 [4d503614-acf7-4d3e-bd56-c00356288aee-groupManagement] INFO  server.RaftServerConfigKeys (ConfUtils.java:logGet(46)) - raft.server.log.segment.size.max = 1048576 (custom)
2023-07-13 06:11:08,463 [4d503614-acf7-4d3e-bd56-c00356288aee-groupManagement] INFO  server.RaftServerConfigKeys (ConfUtils.java:logGet(46)) - raft.server.log.preallocated.size = 16384 (custom)
2023-07-13 06:11:08,464 [4d503614-acf7-4d3e-bd56-c00356288aee-groupManagement] INFO  server.RaftServerConfigKeys (ConfUtils.java:logGet(46)) - raft.server.log.force.sync.num = 128 (default)
2023-07-13 06:11:08,464 [4d503614-acf7-4d3e-bd56-c00356288aee-groupManagement] INFO  server.RaftServerConfigKeys (ConfUtils.java:logGet(46)) - raft.server.log.statemachine.data.sync = true (default)
2023-07-13 06:11:08,464 [4d503614-acf7-4d3e-bd56-c00356288aee-groupManagement] INFO  server.RaftServerConfigKeys (ConfUtils.java:logGet(46)) - raft.server.log.statemachine.data.sync.timeout = 10s (default)
2023-07-13 06:11:08,464 [4d503614-acf7-4d3e-bd56-c00356288aee-groupManagement] INFO  server.RaftServerConfigKeys (ConfUtils.java:logGet(46)) - raft.server.log.statemachine.data.sync.timeout.retry = -1 (default)
2023-07-13 06:11:08,473 [PipelineCommandHandlerThread-0] INFO  commandhandler.CreatePipelineCommandHandler (CreatePipelineCommandHandler.java:lambda$handle$2(124)) - Created Pipeline RATIS THREE PipelineID=fb173f23-772a-40a4-b62a-5cccce6c36ca.
2023-07-13 06:11:08,473 [PipelineCommandHandlerThread-0] INFO  server.RaftServer (RaftServerProxy.java:addNew(98)) - eb0edd12-afad-4318-b446-71865e03089a: addNew group-5689823E11F9:[eb0edd12-afad-4318-b446-71865e03089a|rpc:10.1.0.28:15041|admin:10.1.0.28:15040|client:10.1.0.28:15039|dataStream:10.1.0.28:15042|priority:0|startupRole:FOLLOWER, 4d503614-acf7-4d3e-bd56-c00356288aee|rpc:10.1.0.28:15050|admin:10.1.0.28:15049|client:10.1.0.28:15048|dataStream:10.1.0.28:15051|priority:0|startupRole:FOLLOWER, 892099fe-78a6-4491-a754-7c56149f1c99|rpc:10.1.0.28:15059|admin:10.1.0.28:15058|client:10.1.0.28:15057|dataStream:10.1.0.28:15060|priority:1|startupRole:FOLLOWER] returns group-5689823E11F9:java.util.concurrent.CompletableFuture@75ade272[Not completed]
2023-07-13 06:11:08,474 [eb0edd12-afad-4318-b446-71865e03089a-groupManagement] INFO  server.RaftServer$Division (RaftServerImpl.java:<init>(198)) - eb0edd12-afad-4318-b446-71865e03089a: new RaftServerImpl for group-5689823E11F9:[eb0edd12-afad-4318-b446-71865e03089a|rpc:10.1.0.28:15041|admin:10.1.0.28:15040|client:10.1.0.28:15039|dataStream:10.1.0.28:15042|priority:0|startupRole:FOLLOWER, 4d503614-acf7-4d3e-bd56-c00356288aee|rpc:10.1.0.28:15050|admin:10.1.0.28:15049|client:10.1.0.28:15048|dataStream:10.1.0.28:15051|priority:0|startupRole:FOLLOWER, 892099fe-78a6-4491-a754-7c56149f1c99|rpc:10.1.0.28:15059|admin:10.1.0.28:15058|client:10.1.0.28:15057|dataStream:10.1.0.28:15060|priority:1|startupRole:FOLLOWER] with ContainerStateMachine:uninitialized
2023-07-13 06:11:08,475 [eb0edd12-afad-4318-b446-71865e03089a-groupManagement] INFO  server.RaftServerConfigKeys (ConfUtils.java:logGet(46)) - raft.server.rpc.timeout.min = 5s (custom)
2023-07-13 06:11:08,475 [eb0edd12-afad-4318-b446-71865e03089a-groupManagement] INFO  server.RaftServerConfigKeys (ConfUtils.java:logGet(46)) - raft.server.rpc.timeout.max = 5200ms (custom)
2023-07-13 06:11:08,475 [eb0edd12-afad-4318-b446-71865e03089a-groupManagement] INFO  server.RaftServerConfigKeys (ConfUtils.java:logGet(46)) - raft.server.rpc.sleep.time = 25ms (default)
2023-07-13 06:11:08,475 [eb0edd12-afad-4318-b446-71865e03089a-groupManagement] INFO  server.RaftServerConfigKeys (ConfUtils.java:logGet(46)) - raft.server.rpc.slowness.timeout = 300s (custom)
2023-07-13 06:11:08,475 [eb0edd12-afad-4318-b446-71865e03089a-groupManagement] INFO  server.RaftServerConfigKeys (ConfUtils.java:logGet(46)) - raft.server.leaderelection.leader.step-down.wait-time = 10s (default)
2023-07-13 06:11:08,475 [eb0edd12-afad-4318-b446-71865e03089a-groupManagement] INFO  server.RaftServerConfigKeys (ConfUtils.java:logGet(46)) - raft.server.sleep.deviation.threshold = 300ms (default)
2023-07-13 06:11:08,475 [eb0edd12-afad-4318-b446-71865e03089a-groupManagement] INFO  server.RaftServer$Division (ServerState.java:<init>(120)) - eb0edd12-afad-4318-b446-71865e03089a@group-5689823E11F9: ConfigurationManager, init=-1: peers:[eb0edd12-afad-4318-b446-71865e03089a|rpc:10.1.0.28:15041|admin:10.1.0.28:15040|client:10.1.0.28:15039|dataStream:10.1.0.28:15042|priority:0|startupRole:FOLLOWER, 4d503614-acf7-4d3e-bd56-c00356288aee|rpc:10.1.0.28:15050|admin:10.1.0.28:15049|client:10.1.0.28:15048|dataStream:10.1.0.28:15051|priority:0|startupRole:FOLLOWER, 892099fe-78a6-4491-a754-7c56149f1c99|rpc:10.1.0.28:15059|admin:10.1.0.28:15058|client:10.1.0.28:15057|dataStream:10.1.0.28:15060|priority:1|startupRole:FOLLOWER]|listeners:[], old=null, confs=<EMPTY_MAP>
2023-07-13 06:11:08,475 [eb0edd12-afad-4318-b446-71865e03089a-groupManagement] INFO  server.RaftServerConfigKeys (ConfUtils.java:logGet(46)) - raft.server.storage.dir = [/home/runner/work/ozone/ozone/hadoop-ozone/integration-test/target/test-dir/MiniOzoneClusterImpl-40c29f8c-30b3-4208-9c4d-d76d276bda5b/datanode-3/data/ratis] (custom)
2023-07-13 06:11:08,475 [eb0edd12-afad-4318-b446-71865e03089a-groupManagement] INFO  server.RaftServerConfigKeys (ConfUtils.java:logGet(46)) - raft.server.log.corruption.policy = EXCEPTION (default)
2023-07-13 06:11:08,475 [eb0edd12-afad-4318-b446-71865e03089a-groupManagement] INFO  server.RaftServerConfigKeys (ConfUtils.java:logGet(46)) - raft.server.storage.free-space.min = 0MB (=0) (default)
2023-07-13 06:11:08,476 [eb0edd12-afad-4318-b446-71865e03089a-groupManagement] INFO  server.RaftServerConfigKeys (ConfUtils.java:logGet(46)) - raft.server.notification.no-leader.timeout = 300s (custom)
2023-07-13 06:11:08,476 [eb0edd12-afad-4318-b446-71865e03089a-groupManagement] INFO  server.RaftServerConfigKeys (ConfUtils.java:logGet(46)) - raft.server.read.timeout = 10s (default)
2023-07-13 06:11:08,476 [eb0edd12-afad-4318-b446-71865e03089a-groupManagement] INFO  server.RaftServerConfigKeys (ConfUtils.java:logGet(46)) - raft.server.retrycache.expirytime = 600000ms (custom)
2023-07-13 06:11:08,476 [eb0edd12-afad-4318-b446-71865e03089a-groupManagement] INFO  server.RaftServerConfigKeys (ConfUtils.java:logGet(46)) - raft.server.retrycache.statistics.expirytime = 100μs (default)
2023-07-13 06:11:08,476 [eb0edd12-afad-4318-b446-71865e03089a-groupManagement] INFO  server.RaftServerConfigKeys (ConfUtils.java:logGet(46)) - raft.server.read.option = DEFAULT (default)
2023-07-13 06:11:08,477 [eb0edd12-afad-4318-b446-71865e03089a-groupManagement] INFO  server.RaftServerConfigKeys (ConfUtils.java:logGet(46)) - raft.server.rpc.request.timeout = 60s (custom)
2023-07-13 06:11:08,477 [eb0edd12-afad-4318-b446-71865e03089a-groupManagement] INFO  server.RaftServerConfigKeys (ConfUtils.java:logGet(46)) - raft.server.log.appender.install.snapshot.enabled = false (custom)
2023-07-13 06:11:08,477 [eb0edd12-afad-4318-b446-71865e03089a-groupManagement] INFO  server.RaftServerConfigKeys (ConfUtils.java:logGet(46)) - raft.server.threadpool.server.cached = true (default)
2023-07-13 06:11:08,478 [eb0edd12-afad-4318-b446-71865e03089a-groupManagement] INFO  server.RaftServerConfigKeys (ConfUtils.java:logGet(46)) - raft.server.threadpool.server.size = 0 (default)
2023-07-13 06:11:08,478 [eb0edd12-afad-4318-b446-71865e03089a-groupManagement] INFO  server.RaftServerConfigKeys (ConfUtils.java:logGet(46)) - raft.server.threadpool.client.cached = true (default)
2023-07-13 06:11:08,478 [eb0edd12-afad-4318-b446-71865e03089a-groupManagement] INFO  server.RaftServerConfigKeys (ConfUtils.java:logGet(46)) - raft.server.threadpool.client.size = 0 (default)
2023-07-13 06:11:08,478 [eb0edd12-afad-4318-b446-71865e03089a-groupManagement] INFO  storage.RaftStorageDirectory (RaftStorageDirectoryImpl.java:analyzeStorage(137)) - The storage directory /home/runner/work/ozone/ozone/hadoop-ozone/integration-test/target/test-dir/MiniOzoneClusterImpl-40c29f8c-30b3-4208-9c4d-d76d276bda5b/datanode-3/data/ratis/77ceaaa9-251f-4144-ada6-5689823e11f9 does not exist. Creating ...
2023-07-13 06:11:08,479 [4d503614-acf7-4d3e-bd56-c00356288aee-groupManagement] INFO  server.RaftServerConfigKeys (ConfUtils.java:logGet(46)) - raft.server.log.write.buffer.size = 1048576 (custom)
2023-07-13 06:11:08,480 [4d503614-acf7-4d3e-bd56-c00356288aee-groupManagement] INFO  server.RaftServerConfigKeys (ConfUtils.java:logGet(46)) - raft.server.log.appender.buffer.byte-limit = 33554432 (custom)
2023-07-13 06:11:08,485 [eb0edd12-afad-4318-b446-71865e03089a-groupManagement] INFO  storage.RaftStorageDirectory (RaftStorageDirectoryImpl.java:tryLock(231)) - Lock on /home/runner/work/ozone/ozone/hadoop-ozone/integration-test/target/test-dir/MiniOzoneClusterImpl-40c29f8c-30b3-4208-9c4d-d76d276bda5b/datanode-3/data/ratis/77ceaaa9-251f-4144-ada6-5689823e11f9/in_use.lock acquired by nodename 110901@fv-az932-602
2023-07-13 06:11:08,486 [eb0edd12-afad-4318-b446-71865e03089a-groupManagement] INFO  storage.RaftStorage (RaftStorageImpl.java:format(96)) - Storage directory /home/runner/work/ozone/ozone/hadoop-ozone/integration-test/target/test-dir/MiniOzoneClusterImpl-40c29f8c-30b3-4208-9c4d-d76d276bda5b/datanode-3/data/ratis/77ceaaa9-251f-4144-ada6-5689823e11f9 has been successfully formatted.
2023-07-13 06:11:08,487 [eb0edd12-afad-4318-b446-71865e03089a-groupManagement] INFO  ratis.ContainerStateMachine (ContainerStateMachine.java:loadSnapshot(262)) - group-5689823E11F9: The snapshot info is null. Setting the last applied indexto:(t:0, i:~)
2023-07-13 06:11:08,487 [eb0edd12-afad-4318-b446-71865e03089a-groupManagement] INFO  server.RaftServerConfigKeys (ConfUtils.java:logGet(46)) - raft.server.log.use.memory = false (default)
2023-07-13 06:11:08,487 [eb0edd12-afad-4318-b446-71865e03089a-groupManagement] INFO  server.RaftServerConfigKeys (ConfUtils.java:logGet(46)) - raft.server.log.purge.gap = 1000000 (custom)
2023-07-13 06:11:08,487 [eb0edd12-afad-4318-b446-71865e03089a-groupManagement] INFO  server.RaftServerConfigKeys (ConfUtils.java:logGet(46)) - raft.server.log.appender.buffer.byte-limit = 33554432 (custom)
2023-07-13 06:11:08,487 [eb0edd12-afad-4318-b446-71865e03089a-groupManagement] INFO  server.RaftServerConfigKeys (ConfUtils.java:logGet(46)) - raft.server.log.statemachine.data.read.timeout = 1000ms (default)
2023-07-13 06:11:08,487 [eb0edd12-afad-4318-b446-71865e03089a-groupManagement] INFO  server.RaftServerConfigKeys (ConfUtils.java:logGet(46)) - raft.server.log.purge.preservation.log.num = 0 (default)
2023-07-13 06:11:08,488 [eb0edd12-afad-4318-b446-71865e03089a-groupManagement] INFO  server.RaftServerConfigKeys (ConfUtils.java:logGet(46)) - raft.server.log.segment.size.max = 1048576 (custom)
2023-07-13 06:11:08,490 [eb0edd12-afad-4318-b446-71865e03089a-groupManagement] INFO  server.RaftServerConfigKeys (ConfUtils.java:logGet(46)) - raft.server.log.segment.cache.num.max = 2 (custom)
2023-07-13 06:11:08,491 [eb0edd12-afad-4318-b446-71865e03089a-groupManagement] INFO  server.RaftServerConfigKeys (ConfUtils.java:logGet(46)) - raft.server.log.segment.cache.size.max = 200MB (=209715200) (default)
2023-07-13 06:11:08,491 [eb0edd12-afad-4318-b446-71865e03089a-groupManagement] INFO  server.RaftServerConfigKeys (ConfUtils.java:logGet(46)) - raft.server.log.appender.buffer.byte-limit = 33554432 (custom)
2023-07-13 06:11:08,491 [eb0edd12-afad-4318-b446-71865e03089a-groupManagement] INFO  segmented.SegmentedRaftLogWorker (SegmentedRaftLogWorker.java:<init>(188)) - new eb0edd12-afad-4318-b446-71865e03089a@group-5689823E11F9-SegmentedRaftLogWorker for RaftStorageImpl:Storage Directory /home/runner/work/ozone/ozone/hadoop-ozone/integration-test/target/test-dir/MiniOzoneClusterImpl-40c29f8c-30b3-4208-9c4d-d76d276bda5b/datanode-3/data/ratis/77ceaaa9-251f-4144-ada6-5689823e11f9
2023-07-13 06:11:08,491 [eb0edd12-afad-4318-b446-71865e03089a-groupManagement] INFO  server.RaftServerConfigKeys (ConfUtils.java:logGet(46)) - raft.server.log.queue.byte-limit = 4294967296 (custom)
2023-07-13 06:11:08,491 [eb0edd12-afad-4318-b446-71865e03089a-groupManagement] INFO  server.RaftServerConfigKeys (ConfUtils.java:logGet(46)) - raft.server.log.queue.element-limit = 1024 (custom)
2023-07-13 06:11:08,492 [EventQueue-OpenPipelineForHealthyPipelineSafeModeRule] INFO  safemode.SCMSafeModeManager (HealthyPipelineSafeModeRule.java:process(137)) - SCM in safe mode. Healthy pipelines reported count is 0, required healthy pipeline reported count is 1
2023-07-13 06:11:08,492 [eb0edd12-afad-4318-b446-71865e03089a-groupManagement] INFO  server.RaftServerConfigKeys (ConfUtils.java:logGet(46)) - raft.server.log.segment.size.max = 1048576 (custom)
2023-07-13 06:11:08,493 [eb0edd12-afad-4318-b446-71865e03089a-groupManagement] INFO  server.RaftServerConfigKeys (ConfUtils.java:logGet(46)) - raft.server.log.preallocated.size = 16384 (custom)
2023-07-13 06:11:08,493 [eb0edd12-afad-4318-b446-71865e03089a-groupManagement] INFO  server.RaftServerConfigKeys (ConfUtils.java:logGet(46)) - raft.server.log.force.sync.num = 128 (default)
2023-07-13 06:11:08,493 [eb0edd12-afad-4318-b446-71865e03089a-groupManagement] INFO  server.RaftServerConfigKeys (ConfUtils.java:logGet(46)) - raft.server.log.statemachine.data.sync = true (default)
2023-07-13 06:11:08,493 [eb0edd12-afad-4318-b446-71865e03089a-groupManagement] INFO  server.RaftServerConfigKeys (ConfUtils.java:logGet(46)) - raft.server.log.statemachine.data.sync.timeout = 10s (default)
2023-07-13 06:11:08,493 [eb0edd12-afad-4318-b446-71865e03089a-groupManagement] INFO  server.RaftServerConfigKeys (ConfUtils.java:logGet(46)) - raft.server.log.statemachine.data.sync.timeout.retry = -1 (default)
2023-07-13 06:11:08,494 [4d503614-acf7-4d3e-bd56-c00356288aee-groupManagement] INFO  server.RaftServerConfigKeys (ConfUtils.java:logGet(46)) - raft.server.log.unsafe-flush.enabled = false (default)
2023-07-13 06:11:08,494 [4d503614-acf7-4d3e-bd56-c00356288aee-groupManagement] INFO  server.RaftServerConfigKeys (ConfUtils.java:logGet(46)) - raft.server.log.async-flush.enabled = false (default)
2023-07-13 06:11:08,494 [4d503614-acf7-4d3e-bd56-c00356288aee-groupManagement] INFO  server.RaftServerConfigKeys (ConfUtils.java:logGet(46)) - raft.server.log.statemachine.data.caching.enabled = true (custom)
2023-07-13 06:11:08,495 [4d503614-acf7-4d3e-bd56-c00356288aee-groupManagement] INFO  segmented.SegmentedRaftLogWorker (SegmentedRaftLogWorker.java:lambda$new$0(135)) - 4d503614-acf7-4d3e-bd56-c00356288aee@group-5689823E11F9-SegmentedRaftLogWorker: flushIndex: setUnconditionally 0 -> -1
2023-07-13 06:11:08,496 [4d503614-acf7-4d3e-bd56-c00356288aee-groupManagement] INFO  segmented.SegmentedRaftLogWorker (SegmentedRaftLogWorker.java:lambda$new$0(135)) - 4d503614-acf7-4d3e-bd56-c00356288aee@group-5689823E11F9-SegmentedRaftLogWorker: safeCacheEvictIndex: setUnconditionally 0 -> -1
2023-07-13 06:11:08,496 [eb0edd12-afad-4318-b446-71865e03089a-groupManagement] INFO  server.RaftServerConfigKeys (ConfUtils.java:logGet(46)) - raft.server.log.write.buffer.size = 1048576 (custom)
2023-07-13 06:11:08,498 [4d503614-acf7-4d3e-bd56-c00356288aee-groupManagement] INFO  server.RaftServer$Division (RaftServerImpl.java:start(342)) - 4d503614-acf7-4d3e-bd56-c00356288aee@group-5689823E11F9: start as a follower, conf=-1: peers:[eb0edd12-afad-4318-b446-71865e03089a|rpc:10.1.0.28:15041|admin:10.1.0.28:15040|client:10.1.0.28:15039|dataStream:10.1.0.28:15042|priority:0|startupRole:FOLLOWER, 4d503614-acf7-4d3e-bd56-c00356288aee|rpc:10.1.0.28:15050|admin:10.1.0.28:15049|client:10.1.0.28:15048|dataStream:10.1.0.28:15051|priority:0|startupRole:FOLLOWER, 892099fe-78a6-4491-a754-7c56149f1c99|rpc:10.1.0.28:15059|admin:10.1.0.28:15058|client:10.1.0.28:15057|dataStream:10.1.0.28:15060|priority:1|startupRole:FOLLOWER]|listeners:[], old=null
2023-07-13 06:11:08,498 [eb0edd12-afad-4318-b446-71865e03089a-groupManagement] INFO  server.RaftServerConfigKeys (ConfUtils.java:logGet(46)) - raft.server.log.appender.buffer.byte-limit = 33554432 (custom)
2023-07-13 06:11:08,500 [4d503614-acf7-4d3e-bd56-c00356288aee-groupManagement] INFO  server.RaftServer$Division (RaftServerImpl.java:setRole(329)) - 4d503614-acf7-4d3e-bd56-c00356288aee@group-5689823E11F9: changes role from      null to FOLLOWER at term 0 for startAsFollower
2023-07-13 06:11:08,501 [4d503614-acf7-4d3e-bd56-c00356288aee-groupManagement] INFO  impl.RoleInfo (RoleInfo.java:updateAndGet(139)) - 4d503614-acf7-4d3e-bd56-c00356288aee: start 4d503614-acf7-4d3e-bd56-c00356288aee@group-5689823E11F9-FollowerState
2023-07-13 06:11:08,502 [4d503614-acf7-4d3e-bd56-c00356288aee-groupManagement] INFO  util.JmxRegister (JmxRegister.java:tryRegister(44)) - Successfully registered JMX Bean with object name Ratis:service=RaftServer,group=group-5689823E11F9,id=4d503614-acf7-4d3e-bd56-c00356288aee
2023-07-13 06:11:08,502 [4d503614-acf7-4d3e-bd56-c00356288aee-groupManagement] INFO  server.RaftServerConfigKeys (ConfUtils.java:logGet(46)) - raft.server.snapshot.auto.trigger.enabled = true (custom)
2023-07-13 06:11:08,502 [4d503614-acf7-4d3e-bd56-c00356288aee-groupManagement] INFO  server.RaftServerConfigKeys (ConfUtils.java:logGet(46)) - raft.server.snapshot.auto.trigger.threshold = 10000 (custom)
2023-07-13 06:11:08,502 [4d503614-acf7-4d3e-bd56-c00356288aee-groupManagement] INFO  server.RaftServerConfigKeys (ConfUtils.java:logGet(46)) - raft.server.snapshot.retention.file.num = 5 (custom)
2023-07-13 06:11:08,502 [4d503614-acf7-4d3e-bd56-c00356288aee-groupManagement] INFO  server.RaftServerConfigKeys (ConfUtils.java:logGet(46)) - raft.server.log.purge.upto.snapshot.index = false (default)
2023-07-13 06:11:08,503 [4d503614-acf7-4d3e-bd56-c00356288aee@group-5689823E11F9-FollowerState] INFO  server.RaftServerConfigKeys (ConfUtils.java:logFallback(53)) - raft.server.rpc.first-election.timeout.min = 5s (fallback to raft.server.rpc.timeout.min)
2023-07-13 06:11:08,503 [4d503614-acf7-4d3e-bd56-c00356288aee@group-5689823E11F9-FollowerState] INFO  server.RaftServerConfigKeys (ConfUtils.java:logFallback(53)) - raft.server.rpc.first-election.timeout.max = 5200ms (fallback to raft.server.rpc.timeout.max)
2023-07-13 06:11:08,503 [PipelineCommandHandlerThread-0] INFO  ratis.XceiverServerRatis (XceiverServerRatis.java:addGroup(804)) - Created group PipelineID=77ceaaa9-251f-4144-ada6-5689823e11f9
2023-07-13 06:11:08,507 [eb0edd12-afad-4318-b446-71865e03089a-groupManagement] INFO  server.RaftServerConfigKeys (ConfUtils.java:logGet(46)) - raft.server.log.unsafe-flush.enabled = false (default)
2023-07-13 06:11:08,507 [eb0edd12-afad-4318-b446-71865e03089a-groupManagement] INFO  server.RaftServerConfigKeys (ConfUtils.java:logGet(46)) - raft.server.log.async-flush.enabled = false (default)
2023-07-13 06:11:08,507 [eb0edd12-afad-4318-b446-71865e03089a-groupManagement] INFO  server.RaftServerConfigKeys (ConfUtils.java:logGet(46)) - raft.server.log.statemachine.data.caching.enabled = true (custom)
2023-07-13 06:11:08,508 [eb0edd12-afad-4318-b446-71865e03089a-groupManagement] INFO  segmented.SegmentedRaftLogWorker (SegmentedRaftLogWorker.java:lambda$new$0(135)) - eb0edd12-afad-4318-b446-71865e03089a@group-5689823E11F9-SegmentedRaftLogWorker: flushIndex: setUnconditionally 0 -> -1
2023-07-13 06:11:08,508 [eb0edd12-afad-4318-b446-71865e03089a-groupManagement] INFO  segmented.SegmentedRaftLogWorker (SegmentedRaftLogWorker.java:lambda$new$0(135)) - eb0edd12-afad-4318-b446-71865e03089a@group-5689823E11F9-SegmentedRaftLogWorker: safeCacheEvictIndex: setUnconditionally 0 -> -1
2023-07-13 06:11:08,508 [eb0edd12-afad-4318-b446-71865e03089a-groupManagement] INFO  server.RaftServer$Division (RaftServerImpl.java:start(342)) - eb0edd12-afad-4318-b446-71865e03089a@group-5689823E11F9: start as a follower, conf=-1: peers:[eb0edd12-afad-4318-b446-71865e03089a|rpc:10.1.0.28:15041|admin:10.1.0.28:15040|client:10.1.0.28:15039|dataStream:10.1.0.28:15042|priority:0|startupRole:FOLLOWER, 4d503614-acf7-4d3e-bd56-c00356288aee|rpc:10.1.0.28:15050|admin:10.1.0.28:15049|client:10.1.0.28:15048|dataStream:10.1.0.28:15051|priority:0|startupRole:FOLLOWER, 892099fe-78a6-4491-a754-7c56149f1c99|rpc:10.1.0.28:15059|admin:10.1.0.28:15058|client:10.1.0.28:15057|dataStream:10.1.0.28:15060|priority:1|startupRole:FOLLOWER]|listeners:[], old=null
2023-07-13 06:11:08,508 [eb0edd12-afad-4318-b446-71865e03089a-groupManagement] INFO  server.RaftServer$Division (RaftServerImpl.java:setRole(329)) - eb0edd12-afad-4318-b446-71865e03089a@group-5689823E11F9: changes role from      null to FOLLOWER at term 0 for startAsFollower
2023-07-13 06:11:08,508 [eb0edd12-afad-4318-b446-71865e03089a-groupManagement] INFO  impl.RoleInfo (RoleInfo.java:updateAndGet(139)) - eb0edd12-afad-4318-b446-71865e03089a: start eb0edd12-afad-4318-b446-71865e03089a@group-5689823E11F9-FollowerState
2023-07-13 06:11:08,512 [eb0edd12-afad-4318-b446-71865e03089a-groupManagement] INFO  util.JmxRegister (JmxRegister.java:tryRegister(44)) - Successfully registered JMX Bean with object name Ratis:service=RaftServer,group=group-5689823E11F9,id=eb0edd12-afad-4318-b446-71865e03089a
2023-07-13 06:11:08,512 [eb0edd12-afad-4318-b446-71865e03089a-groupManagement] INFO  server.RaftServerConfigKeys (ConfUtils.java:logGet(46)) - raft.server.snapshot.auto.trigger.enabled = true (custom)
2023-07-13 06:11:08,512 [eb0edd12-afad-4318-b446-71865e03089a-groupManagement] INFO  server.RaftServerConfigKeys (ConfUtils.java:logGet(46)) - raft.server.snapshot.auto.trigger.threshold = 10000 (custom)
2023-07-13 06:11:08,512 [eb0edd12-afad-4318-b446-71865e03089a-groupManagement] INFO  server.RaftServerConfigKeys (ConfUtils.java:logGet(46)) - raft.server.snapshot.retention.file.num = 5 (custom)
2023-07-13 06:11:08,512 [eb0edd12-afad-4318-b446-71865e03089a-groupManagement] INFO  server.RaftServerConfigKeys (ConfUtils.java:logGet(46)) - raft.server.log.purge.upto.snapshot.index = false (default)
2023-07-13 06:11:08,514 [eb0edd12-afad-4318-b446-71865e03089a@group-5689823E11F9-FollowerState] INFO  server.RaftServerConfigKeys (ConfUtils.java:logFallback(53)) - raft.server.rpc.first-election.timeout.min = 5s (fallback to raft.server.rpc.timeout.min)
2023-07-13 06:11:08,514 [eb0edd12-afad-4318-b446-71865e03089a@group-5689823E11F9-FollowerState] INFO  server.RaftServerConfigKeys (ConfUtils.java:logFallback(53)) - raft.server.rpc.first-election.timeout.max = 5200ms (fallback to raft.server.rpc.timeout.max)
2023-07-13 06:11:08,514 [PipelineCommandHandlerThread-0] INFO  ratis.XceiverServerRatis (XceiverServerRatis.java:addGroup(804)) - Created group PipelineID=77ceaaa9-251f-4144-ada6-5689823e11f9
2023-07-13 06:11:08,543 [grpc-default-executor-2] INFO  server.RaftServer (RaftServerProxy.java:addNew(98)) - 892099fe-78a6-4491-a754-7c56149f1c99: addNew group-5689823E11F9:[eb0edd12-afad-4318-b446-71865e03089a|rpc:10.1.0.28:15041|admin:10.1.0.28:15040|client:10.1.0.28:15039|dataStream:10.1.0.28:15042|priority:0|startupRole:FOLLOWER, 4d503614-acf7-4d3e-bd56-c00356288aee|rpc:10.1.0.28:15050|admin:10.1.0.28:15049|client:10.1.0.28:15048|dataStream:10.1.0.28:15051|priority:0|startupRole:FOLLOWER, 892099fe-78a6-4491-a754-7c56149f1c99|rpc:10.1.0.28:15059|admin:10.1.0.28:15058|client:10.1.0.28:15057|dataStream:10.1.0.28:15060|priority:1|startupRole:FOLLOWER] returns group-5689823E11F9:java.util.concurrent.CompletableFuture@45a09dc1[Not completed]
2023-07-13 06:11:08,544 [892099fe-78a6-4491-a754-7c56149f1c99-groupManagement] INFO  server.RaftServer$Division (RaftServerImpl.java:<init>(198)) - 892099fe-78a6-4491-a754-7c56149f1c99: new RaftServerImpl for group-5689823E11F9:[eb0edd12-afad-4318-b446-71865e03089a|rpc:10.1.0.28:15041|admin:10.1.0.28:15040|client:10.1.0.28:15039|dataStream:10.1.0.28:15042|priority:0|startupRole:FOLLOWER, 4d503614-acf7-4d3e-bd56-c00356288aee|rpc:10.1.0.28:15050|admin:10.1.0.28:15049|client:10.1.0.28:15048|dataStream:10.1.0.28:15051|priority:0|startupRole:FOLLOWER, 892099fe-78a6-4491-a754-7c56149f1c99|rpc:10.1.0.28:15059|admin:10.1.0.28:15058|client:10.1.0.28:15057|dataStream:10.1.0.28:15060|priority:1|startupRole:FOLLOWER] with ContainerStateMachine:uninitialized
2023-07-13 06:11:08,544 [892099fe-78a6-4491-a754-7c56149f1c99-groupManagement] INFO  server.RaftServerConfigKeys (ConfUtils.java:logGet(46)) - raft.server.rpc.timeout.min = 5s (custom)
2023-07-13 06:11:08,544 [892099fe-78a6-4491-a754-7c56149f1c99-groupManagement] INFO  server.RaftServerConfigKeys (ConfUtils.java:logGet(46)) - raft.server.rpc.timeout.max = 5200ms (custom)
2023-07-13 06:11:08,545 [892099fe-78a6-4491-a754-7c56149f1c99-groupManagement] INFO  server.RaftServerConfigKeys (ConfUtils.java:logGet(46)) - raft.server.rpc.sleep.time = 25ms (default)
2023-07-13 06:11:08,545 [892099fe-78a6-4491-a754-7c56149f1c99-groupManagement] INFO  server.RaftServerConfigKeys (ConfUtils.java:logGet(46)) - raft.server.rpc.slowness.timeout = 300s (custom)
2023-07-13 06:11:08,545 [892099fe-78a6-4491-a754-7c56149f1c99-groupManagement] INFO  server.RaftServerConfigKeys (ConfUtils.java:logGet(46)) - raft.server.leaderelection.leader.step-down.wait-time = 10s (default)
2023-07-13 06:11:08,545 [892099fe-78a6-4491-a754-7c56149f1c99-groupManagement] INFO  server.RaftServerConfigKeys (ConfUtils.java:logGet(46)) - raft.server.sleep.deviation.threshold = 300ms (default)
2023-07-13 06:11:08,545 [892099fe-78a6-4491-a754-7c56149f1c99-groupManagement] INFO  server.RaftServer$Division (ServerState.java:<init>(120)) - 892099fe-78a6-4491-a754-7c56149f1c99@group-5689823E11F9: ConfigurationManager, init=-1: peers:[eb0edd12-afad-4318-b446-71865e03089a|rpc:10.1.0.28:15041|admin:10.1.0.28:15040|client:10.1.0.28:15039|dataStream:10.1.0.28:15042|priority:0|startupRole:FOLLOWER, 4d503614-acf7-4d3e-bd56-c00356288aee|rpc:10.1.0.28:15050|admin:10.1.0.28:15049|client:10.1.0.28:15048|dataStream:10.1.0.28:15051|priority:0|startupRole:FOLLOWER, 892099fe-78a6-4491-a754-7c56149f1c99|rpc:10.1.0.28:15059|admin:10.1.0.28:15058|client:10.1.0.28:15057|dataStream:10.1.0.28:15060|priority:1|startupRole:FOLLOWER]|listeners:[], old=null, confs=<EMPTY_MAP>
2023-07-13 06:11:08,545 [892099fe-78a6-4491-a754-7c56149f1c99-groupManagement] INFO  server.RaftServerConfigKeys (ConfUtils.java:logGet(46)) - raft.server.storage.dir = [/home/runner/work/ozone/ozone/hadoop-ozone/integration-test/target/test-dir/MiniOzoneClusterImpl-40c29f8c-30b3-4208-9c4d-d76d276bda5b/datanode-5/data/ratis] (custom)
2023-07-13 06:11:08,545 [892099fe-78a6-4491-a754-7c56149f1c99-groupManagement] INFO  server.RaftServerConfigKeys (ConfUtils.java:logGet(46)) - raft.server.log.corruption.policy = EXCEPTION (default)
2023-07-13 06:11:08,545 [892099fe-78a6-4491-a754-7c56149f1c99-groupManagement] INFO  server.RaftServerConfigKeys (ConfUtils.java:logGet(46)) - raft.server.storage.free-space.min = 0MB (=0) (default)
2023-07-13 06:11:08,545 [892099fe-78a6-4491-a754-7c56149f1c99-groupManagement] INFO  server.RaftServerConfigKeys (ConfUtils.java:logGet(46)) - raft.server.notification.no-leader.timeout = 300s (custom)
2023-07-13 06:11:08,546 [892099fe-78a6-4491-a754-7c56149f1c99-groupManagement] INFO  server.RaftServerConfigKeys (ConfUtils.java:logGet(46)) - raft.server.read.timeout = 10s (default)
2023-07-13 06:11:08,546 [892099fe-78a6-4491-a754-7c56149f1c99-groupManagement] INFO  server.RaftServerConfigKeys (ConfUtils.java:logGet(46)) - raft.server.retrycache.expirytime = 600000ms (custom)
2023-07-13 06:11:08,546 [892099fe-78a6-4491-a754-7c56149f1c99-groupManagement] INFO  server.RaftServerConfigKeys (ConfUtils.java:logGet(46)) - raft.server.retrycache.statistics.expirytime = 100μs (default)
2023-07-13 06:11:08,546 [892099fe-78a6-4491-a754-7c56149f1c99-groupManagement] INFO  server.RaftServerConfigKeys (ConfUtils.java:logGet(46)) - raft.server.read.option = DEFAULT (default)
2023-07-13 06:11:08,548 [892099fe-78a6-4491-a754-7c56149f1c99-groupManagement] INFO  server.RaftServerConfigKeys (ConfUtils.java:logGet(46)) - raft.server.rpc.request.timeout = 60s (custom)
2023-07-13 06:11:08,548 [892099fe-78a6-4491-a754-7c56149f1c99-groupManagement] INFO  server.RaftServerConfigKeys (ConfUtils.java:logGet(46)) - raft.server.log.appender.install.snapshot.enabled = false (custom)
2023-07-13 06:11:08,548 [892099fe-78a6-4491-a754-7c56149f1c99-groupManagement] INFO  server.RaftServerConfigKeys (ConfUtils.java:logGet(46)) - raft.server.threadpool.server.cached = true (default)
2023-07-13 06:11:08,548 [892099fe-78a6-4491-a754-7c56149f1c99-groupManagement] INFO  server.RaftServerConfigKeys (ConfUtils.java:logGet(46)) - raft.server.threadpool.server.size = 0 (default)
2023-07-13 06:11:08,548 [892099fe-78a6-4491-a754-7c56149f1c99-groupManagement] INFO  server.RaftServerConfigKeys (ConfUtils.java:logGet(46)) - raft.server.threadpool.client.cached = true (default)
2023-07-13 06:11:08,548 [892099fe-78a6-4491-a754-7c56149f1c99-groupManagement] INFO  server.RaftServerConfigKeys (ConfUtils.java:logGet(46)) - raft.server.threadpool.client.size = 0 (default)
2023-07-13 06:11:08,548 [892099fe-78a6-4491-a754-7c56149f1c99-groupManagement] INFO  storage.RaftStorageDirectory (RaftStorageDirectoryImpl.java:analyzeStorage(137)) - The storage directory /home/runner/work/ozone/ozone/hadoop-ozone/integration-test/target/test-dir/MiniOzoneClusterImpl-40c29f8c-30b3-4208-9c4d-d76d276bda5b/datanode-5/data/ratis/77ceaaa9-251f-4144-ada6-5689823e11f9 does not exist. Creating ...
2023-07-13 06:11:08,551 [892099fe-78a6-4491-a754-7c56149f1c99-groupManagement] INFO  storage.RaftStorageDirectory (RaftStorageDirectoryImpl.java:tryLock(231)) - Lock on /home/runner/work/ozone/ozone/hadoop-ozone/integration-test/target/test-dir/MiniOzoneClusterImpl-40c29f8c-30b3-4208-9c4d-d76d276bda5b/datanode-5/data/ratis/77ceaaa9-251f-4144-ada6-5689823e11f9/in_use.lock acquired by nodename 110901@fv-az932-602
2023-07-13 06:11:08,555 [892099fe-78a6-4491-a754-7c56149f1c99-groupManagement] INFO  storage.RaftStorage (RaftStorageImpl.java:format(96)) - Storage directory /home/runner/work/ozone/ozone/hadoop-ozone/integration-test/target/test-dir/MiniOzoneClusterImpl-40c29f8c-30b3-4208-9c4d-d76d276bda5b/datanode-5/data/ratis/77ceaaa9-251f-4144-ada6-5689823e11f9 has been successfully formatted.
2023-07-13 06:11:08,555 [892099fe-78a6-4491-a754-7c56149f1c99-groupManagement] INFO  ratis.ContainerStateMachine (ContainerStateMachine.java:loadSnapshot(262)) - group-5689823E11F9: The snapshot info is null. Setting the last applied indexto:(t:0, i:~)
2023-07-13 06:11:08,555 [892099fe-78a6-4491-a754-7c56149f1c99-groupManagement] INFO  server.RaftServerConfigKeys (ConfUtils.java:logGet(46)) - raft.server.log.use.memory = false (default)
2023-07-13 06:11:08,556 [892099fe-78a6-4491-a754-7c56149f1c99-groupManagement] INFO  server.RaftServerConfigKeys (ConfUtils.java:logGet(46)) - raft.server.log.purge.gap = 1000000 (custom)
2023-07-13 06:11:08,563 [892099fe-78a6-4491-a754-7c56149f1c99-groupManagement] INFO  server.RaftServerConfigKeys (ConfUtils.java:logGet(46)) - raft.server.log.appender.buffer.byte-limit = 33554432 (custom)
2023-07-13 06:11:08,563 [892099fe-78a6-4491-a754-7c56149f1c99-groupManagement] INFO  server.RaftServerConfigKeys (ConfUtils.java:logGet(46)) - raft.server.log.statemachine.data.read.timeout = 1000ms (default)
2023-07-13 06:11:08,563 [892099fe-78a6-4491-a754-7c56149f1c99-groupManagement] INFO  server.RaftServerConfigKeys (ConfUtils.java:logGet(46)) - raft.server.log.purge.preservation.log.num = 0 (default)
2023-07-13 06:11:08,563 [892099fe-78a6-4491-a754-7c56149f1c99-groupManagement] INFO  server.RaftServerConfigKeys (ConfUtils.java:logGet(46)) - raft.server.log.segment.size.max = 1048576 (custom)
2023-07-13 06:11:08,565 [892099fe-78a6-4491-a754-7c56149f1c99-groupManagement] INFO  server.RaftServerConfigKeys (ConfUtils.java:logGet(46)) - raft.server.log.segment.cache.num.max = 2 (custom)
2023-07-13 06:11:08,565 [892099fe-78a6-4491-a754-7c56149f1c99-groupManagement] INFO  server.RaftServerConfigKeys (ConfUtils.java:logGet(46)) - raft.server.log.segment.cache.size.max = 200MB (=209715200) (default)
2023-07-13 06:11:08,565 [892099fe-78a6-4491-a754-7c56149f1c99-groupManagement] INFO  server.RaftServerConfigKeys (ConfUtils.java:logGet(46)) - raft.server.log.appender.buffer.byte-limit = 33554432 (custom)
2023-07-13 06:11:08,566 [892099fe-78a6-4491-a754-7c56149f1c99-groupManagement] INFO  segmented.SegmentedRaftLogWorker (SegmentedRaftLogWorker.java:<init>(188)) - new 892099fe-78a6-4491-a754-7c56149f1c99@group-5689823E11F9-SegmentedRaftLogWorker for RaftStorageImpl:Storage Directory /home/runner/work/ozone/ozone/hadoop-ozone/integration-test/target/test-dir/MiniOzoneClusterImpl-40c29f8c-30b3-4208-9c4d-d76d276bda5b/datanode-5/data/ratis/77ceaaa9-251f-4144-ada6-5689823e11f9
2023-07-13 06:11:08,566 [892099fe-78a6-4491-a754-7c56149f1c99-groupManagement] INFO  server.RaftServerConfigKeys (ConfUtils.java:logGet(46)) - raft.server.log.queue.byte-limit = 4294967296 (custom)
2023-07-13 06:11:08,566 [892099fe-78a6-4491-a754-7c56149f1c99-groupManagement] INFO  server.RaftServerConfigKeys (ConfUtils.java:logGet(46)) - raft.server.log.queue.element-limit = 1024 (custom)
2023-07-13 06:11:08,566 [892099fe-78a6-4491-a754-7c56149f1c99-groupManagement] INFO  server.RaftServerConfigKeys (ConfUtils.java:logGet(46)) - raft.server.log.segment.size.max = 1048576 (custom)
2023-07-13 06:11:08,566 [892099fe-78a6-4491-a754-7c56149f1c99-groupManagement] INFO  server.RaftServerConfigKeys (ConfUtils.java:logGet(46)) - raft.server.log.preallocated.size = 16384 (custom)
2023-07-13 06:11:08,566 [892099fe-78a6-4491-a754-7c56149f1c99-groupManagement] INFO  server.RaftServerConfigKeys (ConfUtils.java:logGet(46)) - raft.server.log.force.sync.num = 128 (default)
2023-07-13 06:11:08,566 [892099fe-78a6-4491-a754-7c56149f1c99-groupManagement] INFO  server.RaftServerConfigKeys (ConfUtils.java:logGet(46)) - raft.server.log.statemachine.data.sync = true (default)
2023-07-13 06:11:08,566 [892099fe-78a6-4491-a754-7c56149f1c99-groupManagement] INFO  server.RaftServerConfigKeys (ConfUtils.java:logGet(46)) - raft.server.log.statemachine.data.sync.timeout = 10s (default)
2023-07-13 06:11:08,566 [892099fe-78a6-4491-a754-7c56149f1c99-groupManagement] INFO  server.RaftServerConfigKeys (ConfUtils.java:logGet(46)) - raft.server.log.statemachine.data.sync.timeout.retry = -1 (default)
2023-07-13 06:11:08,567 [892099fe-78a6-4491-a754-7c56149f1c99-groupManagement] INFO  server.RaftServerConfigKeys (ConfUtils.java:logGet(46)) - raft.server.log.write.buffer.size = 1048576 (custom)
2023-07-13 06:11:08,574 [892099fe-78a6-4491-a754-7c56149f1c99-groupManagement] INFO  server.RaftServerConfigKeys (ConfUtils.java:logGet(46)) - raft.server.log.appender.buffer.byte-limit = 33554432 (custom)
2023-07-13 06:11:08,586 [892099fe-78a6-4491-a754-7c56149f1c99-groupManagement] INFO  server.RaftServerConfigKeys (ConfUtils.java:logGet(46)) - raft.server.log.unsafe-flush.enabled = false (default)
2023-07-13 06:11:08,586 [892099fe-78a6-4491-a754-7c56149f1c99-groupManagement] INFO  server.RaftServerConfigKeys (ConfUtils.java:logGet(46)) - raft.server.log.async-flush.enabled = false (default)
2023-07-13 06:11:08,586 [892099fe-78a6-4491-a754-7c56149f1c99-groupManagement] INFO  server.RaftServerConfigKeys (ConfUtils.java:logGet(46)) - raft.server.log.statemachine.data.caching.enabled = true (custom)
2023-07-13 06:11:08,587 [892099fe-78a6-4491-a754-7c56149f1c99-groupManagement] INFO  segmented.SegmentedRaftLogWorker (SegmentedRaftLogWorker.java:lambda$new$0(135)) - 892099fe-78a6-4491-a754-7c56149f1c99@group-5689823E11F9-SegmentedRaftLogWorker: flushIndex: setUnconditionally 0 -> -1
2023-07-13 06:11:08,587 [892099fe-78a6-4491-a754-7c56149f1c99-groupManagement] INFO  segmented.SegmentedRaftLogWorker (SegmentedRaftLogWorker.java:lambda$new$0(135)) - 892099fe-78a6-4491-a754-7c56149f1c99@group-5689823E11F9-SegmentedRaftLogWorker: safeCacheEvictIndex: setUnconditionally 0 -> -1
2023-07-13 06:11:08,597 [892099fe-78a6-4491-a754-7c56149f1c99-groupManagement] INFO  server.RaftServer$Division (RaftServerImpl.java:start(342)) - 892099fe-78a6-4491-a754-7c56149f1c99@group-5689823E11F9: start as a follower, conf=-1: peers:[eb0edd12-afad-4318-b446-71865e03089a|rpc:10.1.0.28:15041|admin:10.1.0.28:15040|client:10.1.0.28:15039|dataStream:10.1.0.28:15042|priority:0|startupRole:FOLLOWER, 4d503614-acf7-4d3e-bd56-c00356288aee|rpc:10.1.0.28:15050|admin:10.1.0.28:15049|client:10.1.0.28:15048|dataStream:10.1.0.28:15051|priority:0|startupRole:FOLLOWER, 892099fe-78a6-4491-a754-7c56149f1c99|rpc:10.1.0.28:15059|admin:10.1.0.28:15058|client:10.1.0.28:15057|dataStream:10.1.0.28:15060|priority:1|startupRole:FOLLOWER]|listeners:[], old=null
2023-07-13 06:11:08,597 [892099fe-78a6-4491-a754-7c56149f1c99-groupManagement] INFO  server.RaftServer$Division (RaftServerImpl.java:setRole(329)) - 892099fe-78a6-4491-a754-7c56149f1c99@group-5689823E11F9: changes role from      null to FOLLOWER at term 0 for startAsFollower
2023-07-13 06:11:08,598 [892099fe-78a6-4491-a754-7c56149f1c99-groupManagement] INFO  impl.RoleInfo (RoleInfo.java:updateAndGet(139)) - 892099fe-78a6-4491-a754-7c56149f1c99: start 892099fe-78a6-4491-a754-7c56149f1c99@group-5689823E11F9-FollowerState
2023-07-13 06:11:08,598 [892099fe-78a6-4491-a754-7c56149f1c99-groupManagement] INFO  util.JmxRegister (JmxRegister.java:tryRegister(44)) - Successfully registered JMX Bean with object name Ratis:service=RaftServer,group=group-5689823E11F9,id=892099fe-78a6-4491-a754-7c56149f1c99
2023-07-13 06:11:08,598 [892099fe-78a6-4491-a754-7c56149f1c99@group-5689823E11F9-FollowerState] INFO  server.RaftServerConfigKeys (ConfUtils.java:logFallback(53)) - raft.server.rpc.first-election.timeout.min = 5s (fallback to raft.server.rpc.timeout.min)
2023-07-13 06:11:08,598 [892099fe-78a6-4491-a754-7c56149f1c99@group-5689823E11F9-FollowerState] INFO  server.RaftServerConfigKeys (ConfUtils.java:logFallback(53)) - raft.server.rpc.first-election.timeout.max = 5200ms (fallback to raft.server.rpc.timeout.max)
2023-07-13 06:11:08,598 [892099fe-78a6-4491-a754-7c56149f1c99-groupManagement] INFO  server.RaftServerConfigKeys (ConfUtils.java:logGet(46)) - raft.server.snapshot.auto.trigger.enabled = true (custom)
2023-07-13 06:11:08,599 [892099fe-78a6-4491-a754-7c56149f1c99-groupManagement] INFO  server.RaftServerConfigKeys (ConfUtils.java:logGet(46)) - raft.server.snapshot.auto.trigger.threshold = 10000 (custom)
2023-07-13 06:11:08,599 [892099fe-78a6-4491-a754-7c56149f1c99-groupManagement] INFO  server.RaftServerConfigKeys (ConfUtils.java:logGet(46)) - raft.server.snapshot.retention.file.num = 5 (custom)
2023-07-13 06:11:08,599 [892099fe-78a6-4491-a754-7c56149f1c99-groupManagement] INFO  server.RaftServerConfigKeys (ConfUtils.java:logGet(46)) - raft.server.log.purge.upto.snapshot.index = false (default)
2023-07-13 06:11:08,670 [PipelineCommandHandlerThread-0] INFO  commandhandler.CreatePipelineCommandHandler (CreatePipelineCommandHandler.java:lambda$handle$2(124)) - Created Pipeline RATIS THREE PipelineID=77ceaaa9-251f-4144-ada6-5689823e11f9.
2023-07-13 06:11:08,692 [main] INFO  ozone.MiniOzoneClusterImpl (MiniOzoneClusterImpl.java:lambda$waitForClusterToBeReady$0(224)) - Nodes are ready. Got 10 of 10 DN Heartbeats.
2023-07-13 06:11:08,693 [main] INFO  ozone.MiniOzoneClusterImpl (MiniOzoneClusterImpl.java:lambda$waitForClusterToBeReady$0(227)) - Waiting for cluster to exit safe mode
2023-07-13 06:11:08,693 [main] INFO  ozone.MiniOzoneClusterImpl (MiniOzoneClusterImpl.java:lambda$waitForClusterToBeReady$0(229)) - SCM became leader
2023-07-13 06:11:08,693 [892099fe-78a6-4491-a754-7c56149f1c99-groupManagement] INFO  server.RaftServer$Division (RaftServerImpl.java:<init>(198)) - 892099fe-78a6-4491-a754-7c56149f1c99: new RaftServerImpl for group-85D787105946:[892099fe-78a6-4491-a754-7c56149f1c99|rpc:10.1.0.28:15059|admin:10.1.0.28:15058|client:10.1.0.28:15057|dataStream:10.1.0.28:15060|priority:1|startupRole:FOLLOWER] with ContainerStateMachine:uninitialized
2023-07-13 06:11:08,693 [892099fe-78a6-4491-a754-7c56149f1c99-groupManagement] INFO  server.RaftServerConfigKeys (ConfUtils.java:logGet(46)) - raft.server.rpc.timeout.min = 5s (custom)
2023-07-13 06:11:08,693 [892099fe-78a6-4491-a754-7c56149f1c99-groupManagement] INFO  server.RaftServerConfigKeys (ConfUtils.java:logGet(46)) - raft.server.rpc.timeout.max = 5200ms (custom)
2023-07-13 06:11:08,693 [892099fe-78a6-4491-a754-7c56149f1c99-groupManagement] INFO  server.RaftServerConfigKeys (ConfUtils.java:logGet(46)) - raft.server.rpc.sleep.time = 25ms (default)
2023-07-13 06:11:08,693 [892099fe-78a6-4491-a754-7c56149f1c99-groupManagement] INFO  server.RaftServerConfigKeys (ConfUtils.java:logGet(46)) - raft.server.rpc.slowness.timeout = 300s (custom)
2023-07-13 06:11:08,693 [892099fe-78a6-4491-a754-7c56149f1c99-groupManagement] INFO  server.RaftServerConfigKeys (ConfUtils.java:logGet(46)) - raft.server.leaderelection.leader.step-down.wait-time = 10s (default)
2023-07-13 06:11:08,693 [892099fe-78a6-4491-a754-7c56149f1c99-groupManagement] INFO  server.RaftServerConfigKeys (ConfUtils.java:logGet(46)) - raft.server.sleep.deviation.threshold = 300ms (default)
2023-07-13 06:11:08,693 [892099fe-78a6-4491-a754-7c56149f1c99-groupManagement] INFO  server.RaftServer$Division (ServerState.java:<init>(120)) - 892099fe-78a6-4491-a754-7c56149f1c99@group-85D787105946: ConfigurationManager, init=-1: peers:[892099fe-78a6-4491-a754-7c56149f1c99|rpc:10.1.0.28:15059|admin:10.1.0.28:15058|client:10.1.0.28:15057|dataStream:10.1.0.28:15060|priority:1|startupRole:FOLLOWER]|listeners:[], old=null, confs=<EMPTY_MAP>
2023-07-13 06:11:08,694 [892099fe-78a6-4491-a754-7c56149f1c99-groupManagement] INFO  server.RaftServerConfigKeys (ConfUtils.java:logGet(46)) - raft.server.storage.dir = [/home/runner/work/ozone/ozone/hadoop-ozone/integration-test/target/test-dir/MiniOzoneClusterImpl-40c29f8c-30b3-4208-9c4d-d76d276bda5b/datanode-5/data/ratis] (custom)
2023-07-13 06:11:08,700 [892099fe-78a6-4491-a754-7c56149f1c99-groupManagement] INFO  server.RaftServerConfigKeys (ConfUtils.java:logGet(46)) - raft.server.log.corruption.policy = EXCEPTION (default)
2023-07-13 06:11:08,700 [892099fe-78a6-4491-a754-7c56149f1c99-groupManagement] INFO  server.RaftServerConfigKeys (ConfUtils.java:logGet(46)) - raft.server.storage.free-space.min = 0MB (=0) (default)
2023-07-13 06:11:08,700 [892099fe-78a6-4491-a754-7c56149f1c99-groupManagement] INFO  server.RaftServerConfigKeys (ConfUtils.java:logGet(46)) - raft.server.notification.no-leader.timeout = 300s (custom)
2023-07-13 06:11:08,700 [892099fe-78a6-4491-a754-7c56149f1c99-groupManagement] INFO  server.RaftServerConfigKeys (ConfUtils.java:logGet(46)) - raft.server.read.timeout = 10s (default)
2023-07-13 06:11:08,700 [892099fe-78a6-4491-a754-7c56149f1c99-groupManagement] INFO  server.RaftServerConfigKeys (ConfUtils.java:logGet(46)) - raft.server.retrycache.expirytime = 600000ms (custom)
2023-07-13 06:11:08,700 [892099fe-78a6-4491-a754-7c56149f1c99-groupManagement] INFO  server.RaftServerConfigKeys (ConfUtils.java:logGet(46)) - raft.server.retrycache.statistics.expirytime = 100μs (default)
2023-07-13 06:11:08,700 [892099fe-78a6-4491-a754-7c56149f1c99-groupManagement] INFO  server.RaftServerConfigKeys (ConfUtils.java:logGet(46)) - raft.server.read.option = DEFAULT (default)
2023-07-13 06:11:08,702 [892099fe-78a6-4491-a754-7c56149f1c99-groupManagement] INFO  server.RaftServerConfigKeys (ConfUtils.java:logGet(46)) - raft.server.rpc.request.timeout = 60s (custom)
2023-07-13 06:11:08,702 [892099fe-78a6-4491-a754-7c56149f1c99-groupManagement] INFO  server.RaftServerConfigKeys (ConfUtils.java:logGet(46)) - raft.server.log.appender.install.snapshot.enabled = false (custom)
2023-07-13 06:11:08,702 [892099fe-78a6-4491-a754-7c56149f1c99-groupManagement] INFO  server.RaftServerConfigKeys (ConfUtils.java:logGet(46)) - raft.server.threadpool.server.cached = true (default)
2023-07-13 06:11:08,702 [892099fe-78a6-4491-a754-7c56149f1c99-groupManagement] INFO  server.RaftServerConfigKeys (ConfUtils.java:logGet(46)) - raft.server.threadpool.server.size = 0 (default)
2023-07-13 06:11:08,702 [892099fe-78a6-4491-a754-7c56149f1c99-groupManagement] INFO  server.RaftServerConfigKeys (ConfUtils.java:logGet(46)) - raft.server.threadpool.client.cached = true (default)
2023-07-13 06:11:08,702 [892099fe-78a6-4491-a754-7c56149f1c99-groupManagement] INFO  server.RaftServerConfigKeys (ConfUtils.java:logGet(46)) - raft.server.threadpool.client.size = 0 (default)
2023-07-13 06:11:08,702 [PipelineCommandHandlerThread-0] INFO  server.RaftServer (RaftServerProxy.java:addNew(98)) - 892099fe-78a6-4491-a754-7c56149f1c99: addNew group-85D787105946:[892099fe-78a6-4491-a754-7c56149f1c99|rpc:10.1.0.28:15059|admin:10.1.0.28:15058|client:10.1.0.28:15057|dataStream:10.1.0.28:15060|priority:1|startupRole:FOLLOWER] returns group-85D787105946:java.util.concurrent.CompletableFuture@53eeb546[Not completed]
2023-07-13 06:11:08,703 [892099fe-78a6-4491-a754-7c56149f1c99-groupManagement] INFO  storage.RaftStorageDirectory (RaftStorageDirectoryImpl.java:analyzeStorage(137)) - The storage directory /home/runner/work/ozone/ozone/hadoop-ozone/integration-test/target/test-dir/MiniOzoneClusterImpl-40c29f8c-30b3-4208-9c4d-d76d276bda5b/datanode-5/data/ratis/8711a943-4cec-4e80-89df-85d787105946 does not exist. Creating ...
2023-07-13 06:11:08,703 [PipelineCommandHandlerThread-0] INFO  commandhandler.CreatePipelineCommandHandler (CreatePipelineCommandHandler.java:lambda$handle$2(124)) - Created Pipeline RATIS THREE PipelineID=77ceaaa9-251f-4144-ada6-5689823e11f9.
2023-07-13 06:11:08,704 [892099fe-78a6-4491-a754-7c56149f1c99-groupManagement] INFO  storage.RaftStorageDirectory (RaftStorageDirectoryImpl.java:tryLock(231)) - Lock on /home/runner/work/ozone/ozone/hadoop-ozone/integration-test/target/test-dir/MiniOzoneClusterImpl-40c29f8c-30b3-4208-9c4d-d76d276bda5b/datanode-5/data/ratis/8711a943-4cec-4e80-89df-85d787105946/in_use.lock acquired by nodename 110901@fv-az932-602
2023-07-13 06:11:08,706 [892099fe-78a6-4491-a754-7c56149f1c99-groupManagement] INFO  storage.RaftStorage (RaftStorageImpl.java:format(96)) - Storage directory /home/runner/work/ozone/ozone/hadoop-ozone/integration-test/target/test-dir/MiniOzoneClusterImpl-40c29f8c-30b3-4208-9c4d-d76d276bda5b/datanode-5/data/ratis/8711a943-4cec-4e80-89df-85d787105946 has been successfully formatted.
2023-07-13 06:11:08,709 [EventQueue-PipelineReportForPipelineReportHandler] INFO  pipeline.PipelineReportHandler (PipelineReportHandler.java:processPipelineReport(136)) - Opened pipeline PipelineID=8711a943-4cec-4e80-89df-85d787105946
2023-07-13 06:11:08,709 [EventQueue-OpenPipelineForHealthyPipelineSafeModeRule] INFO  safemode.SCMSafeModeManager (HealthyPipelineSafeModeRule.java:process(137)) - SCM in safe mode. Healthy pipelines reported count is 0, required healthy pipeline reported count is 1
2023-07-13 06:11:08,709 [892099fe-78a6-4491-a754-7c56149f1c99-groupManagement] INFO  ratis.ContainerStateMachine (ContainerStateMachine.java:loadSnapshot(262)) - group-85D787105946: The snapshot info is null. Setting the last applied indexto:(t:0, i:~)
2023-07-13 06:11:08,709 [892099fe-78a6-4491-a754-7c56149f1c99-groupManagement] INFO  server.RaftServerConfigKeys (ConfUtils.java:logGet(46)) - raft.server.log.use.memory = false (default)
2023-07-13 06:11:08,709 [892099fe-78a6-4491-a754-7c56149f1c99-groupManagement] INFO  server.RaftServerConfigKeys (ConfUtils.java:logGet(46)) - raft.server.log.purge.gap = 1000000 (custom)
2023-07-13 06:11:08,710 [892099fe-78a6-4491-a754-7c56149f1c99-groupManagement] INFO  server.RaftServerConfigKeys (ConfUtils.java:logGet(46)) - raft.server.log.appender.buffer.byte-limit = 33554432 (custom)
2023-07-13 06:11:08,710 [892099fe-78a6-4491-a754-7c56149f1c99-groupManagement] INFO  server.RaftServerConfigKeys (ConfUtils.java:logGet(46)) - raft.server.log.statemachine.data.read.timeout = 1000ms (default)
2023-07-13 06:11:08,710 [892099fe-78a6-4491-a754-7c56149f1c99-groupManagement] INFO  server.RaftServerConfigKeys (ConfUtils.java:logGet(46)) - raft.server.log.purge.preservation.log.num = 0 (default)
2023-07-13 06:11:08,710 [892099fe-78a6-4491-a754-7c56149f1c99-groupManagement] INFO  server.RaftServerConfigKeys (ConfUtils.java:logGet(46)) - raft.server.log.segment.size.max = 1048576 (custom)
2023-07-13 06:11:08,710 [892099fe-78a6-4491-a754-7c56149f1c99-groupManagement] INFO  server.RaftServerConfigKeys (ConfUtils.java:logGet(46)) - raft.server.log.segment.cache.num.max = 2 (custom)
2023-07-13 06:11:08,711 [892099fe-78a6-4491-a754-7c56149f1c99-groupManagement] INFO  server.RaftServerConfigKeys (ConfUtils.java:logGet(46)) - raft.server.log.segment.cache.size.max = 200MB (=209715200) (default)
2023-07-13 06:11:08,711 [892099fe-78a6-4491-a754-7c56149f1c99-groupManagement] INFO  server.RaftServerConfigKeys (ConfUtils.java:logGet(46)) - raft.server.log.appender.buffer.byte-limit = 33554432 (custom)
2023-07-13 06:11:08,711 [892099fe-78a6-4491-a754-7c56149f1c99-groupManagement] INFO  segmented.SegmentedRaftLogWorker (SegmentedRaftLogWorker.java:<init>(188)) - new 892099fe-78a6-4491-a754-7c56149f1c99@group-85D787105946-SegmentedRaftLogWorker for RaftStorageImpl:Storage Directory /home/runner/work/ozone/ozone/hadoop-ozone/integration-test/target/test-dir/MiniOzoneClusterImpl-40c29f8c-30b3-4208-9c4d-d76d276bda5b/datanode-5/data/ratis/8711a943-4cec-4e80-89df-85d787105946
2023-07-13 06:11:08,711 [892099fe-78a6-4491-a754-7c56149f1c99-groupManagement] INFO  server.RaftServerConfigKeys (ConfUtils.java:logGet(46)) - raft.server.log.queue.byte-limit = 4294967296 (custom)
2023-07-13 06:11:08,711 [892099fe-78a6-4491-a754-7c56149f1c99-groupManagement] INFO  server.RaftServerConfigKeys (ConfUtils.java:logGet(46)) - raft.server.log.queue.element-limit = 1024 (custom)
2023-07-13 06:11:08,711 [892099fe-78a6-4491-a754-7c56149f1c99-groupManagement] INFO  server.RaftServerConfigKeys (ConfUtils.java:logGet(46)) - raft.server.log.segment.size.max = 1048576 (custom)
2023-07-13 06:11:08,711 [892099fe-78a6-4491-a754-7c56149f1c99-groupManagement] INFO  server.RaftServerConfigKeys (ConfUtils.java:logGet(46)) - raft.server.log.preallocated.size = 16384 (custom)
2023-07-13 06:11:08,711 [892099fe-78a6-4491-a754-7c56149f1c99-groupManagement] INFO  server.RaftServerConfigKeys (ConfUtils.java:logGet(46)) - raft.server.log.force.sync.num = 128 (default)
2023-07-13 06:11:08,711 [892099fe-78a6-4491-a754-7c56149f1c99-groupManagement] INFO  server.RaftServerConfigKeys (ConfUtils.java:logGet(46)) - raft.server.log.statemachine.data.sync = true (default)
2023-07-13 06:11:08,711 [892099fe-78a6-4491-a754-7c56149f1c99-groupManagement] INFO  server.RaftServerConfigKeys (ConfUtils.java:logGet(46)) - raft.server.log.statemachine.data.sync.timeout = 10s (default)
2023-07-13 06:11:08,711 [892099fe-78a6-4491-a754-7c56149f1c99-groupManagement] INFO  server.RaftServerConfigKeys (ConfUtils.java:logGet(46)) - raft.server.log.statemachine.data.sync.timeout.retry = -1 (default)
2023-07-13 06:11:08,713 [892099fe-78a6-4491-a754-7c56149f1c99-groupManagement] INFO  server.RaftServerConfigKeys (ConfUtils.java:logGet(46)) - raft.server.log.write.buffer.size = 1048576 (custom)
2023-07-13 06:11:08,714 [892099fe-78a6-4491-a754-7c56149f1c99-groupManagement] INFO  server.RaftServerConfigKeys (ConfUtils.java:logGet(46)) - raft.server.log.appender.buffer.byte-limit = 33554432 (custom)
2023-07-13 06:11:08,727 [892099fe-78a6-4491-a754-7c56149f1c99-groupManagement] INFO  server.RaftServerConfigKeys (ConfUtils.java:logGet(46)) - raft.server.log.unsafe-flush.enabled = false (default)
2023-07-13 06:11:08,727 [892099fe-78a6-4491-a754-7c56149f1c99-groupManagement] INFO  server.RaftServerConfigKeys (ConfUtils.java:logGet(46)) - raft.server.log.async-flush.enabled = false (default)
2023-07-13 06:11:08,727 [892099fe-78a6-4491-a754-7c56149f1c99-groupManagement] INFO  server.RaftServerConfigKeys (ConfUtils.java:logGet(46)) - raft.server.log.statemachine.data.caching.enabled = true (custom)
2023-07-13 06:11:08,728 [892099fe-78a6-4491-a754-7c56149f1c99-groupManagement] INFO  segmented.SegmentedRaftLogWorker (SegmentedRaftLogWorker.java:lambda$new$0(135)) - 892099fe-78a6-4491-a754-7c56149f1c99@group-85D787105946-SegmentedRaftLogWorker: flushIndex: setUnconditionally 0 -> -1
2023-07-13 06:11:08,728 [892099fe-78a6-4491-a754-7c56149f1c99-groupManagement] INFO  segmented.SegmentedRaftLogWorker (SegmentedRaftLogWorker.java:lambda$new$0(135)) - 892099fe-78a6-4491-a754-7c56149f1c99@group-85D787105946-SegmentedRaftLogWorker: safeCacheEvictIndex: setUnconditionally 0 -> -1
2023-07-13 06:11:08,729 [892099fe-78a6-4491-a754-7c56149f1c99-groupManagement] INFO  server.RaftServer$Division (RaftServerImpl.java:start(342)) - 892099fe-78a6-4491-a754-7c56149f1c99@group-85D787105946: start as a follower, conf=-1: peers:[892099fe-78a6-4491-a754-7c56149f1c99|rpc:10.1.0.28:15059|admin:10.1.0.28:15058|client:10.1.0.28:15057|dataStream:10.1.0.28:15060|priority:1|startupRole:FOLLOWER]|listeners:[], old=null
2023-07-13 06:11:08,729 [892099fe-78a6-4491-a754-7c56149f1c99-groupManagement] INFO  server.RaftServer$Division (RaftServerImpl.java:setRole(329)) - 892099fe-78a6-4491-a754-7c56149f1c99@group-85D787105946: changes role from      null to FOLLOWER at term 0 for startAsFollower
2023-07-13 06:11:08,729 [892099fe-78a6-4491-a754-7c56149f1c99-groupManagement] INFO  impl.RoleInfo (RoleInfo.java:updateAndGet(139)) - 892099fe-78a6-4491-a754-7c56149f1c99: start 892099fe-78a6-4491-a754-7c56149f1c99@group-85D787105946-FollowerState
2023-07-13 06:11:08,729 [892099fe-78a6-4491-a754-7c56149f1c99-groupManagement] INFO  util.JmxRegister (JmxRegister.java:tryRegister(44)) - Successfully registered JMX Bean with object name Ratis:service=RaftServer,group=group-85D787105946,id=892099fe-78a6-4491-a754-7c56149f1c99
2023-07-13 06:11:08,729 [892099fe-78a6-4491-a754-7c56149f1c99@group-85D787105946-FollowerState] INFO  server.RaftServerConfigKeys (ConfUtils.java:logFallback(53)) - raft.server.rpc.first-election.timeout.min = 5s (fallback to raft.server.rpc.timeout.min)
2023-07-13 06:11:08,730 [892099fe-78a6-4491-a754-7c56149f1c99@group-85D787105946-FollowerState] INFO  server.RaftServerConfigKeys (ConfUtils.java:logFallback(53)) - raft.server.rpc.first-election.timeout.max = 5200ms (fallback to raft.server.rpc.timeout.max)
2023-07-13 06:11:08,730 [892099fe-78a6-4491-a754-7c56149f1c99-groupManagement] INFO  server.RaftServerConfigKeys (ConfUtils.java:logGet(46)) - raft.server.snapshot.auto.trigger.enabled = true (custom)
2023-07-13 06:11:08,730 [892099fe-78a6-4491-a754-7c56149f1c99-groupManagement] INFO  server.RaftServerConfigKeys (ConfUtils.java:logGet(46)) - raft.server.snapshot.auto.trigger.threshold = 10000 (custom)
2023-07-13 06:11:08,730 [892099fe-78a6-4491-a754-7c56149f1c99-groupManagement] INFO  server.RaftServerConfigKeys (ConfUtils.java:logGet(46)) - raft.server.snapshot.retention.file.num = 5 (custom)
2023-07-13 06:11:08,730 [892099fe-78a6-4491-a754-7c56149f1c99-groupManagement] INFO  server.RaftServerConfigKeys (ConfUtils.java:logGet(46)) - raft.server.log.purge.upto.snapshot.index = false (default)
2023-07-13 06:11:08,731 [PipelineCommandHandlerThread-0] INFO  ratis.XceiverServerRatis (XceiverServerRatis.java:addGroup(804)) - Created group PipelineID=8711a943-4cec-4e80-89df-85d787105946
2023-07-13 06:11:08,731 [PipelineCommandHandlerThread-0] INFO  commandhandler.CreatePipelineCommandHandler (CreatePipelineCommandHandler.java:lambda$handle$2(124)) - Created Pipeline RATIS ONE PipelineID=8711a943-4cec-4e80-89df-85d787105946.
2023-07-13 06:11:09,187 [PipelineCommandHandlerThread-0] INFO  server.RaftServer (RaftServerProxy.java:addNew(98)) - aeec539b-574d-4d91-8fa7-d5e640bad944: addNew group-86C21C04D4A7:[aeec539b-574d-4d91-8fa7-d5e640bad944|rpc:10.1.0.28:15068|admin:10.1.0.28:15067|client:10.1.0.28:15066|dataStream:10.1.0.28:15069|priority:1|startupRole:FOLLOWER] returns group-86C21C04D4A7:java.util.concurrent.CompletableFuture@56b42cea[Not completed]
2023-07-13 06:11:09,190 [aeec539b-574d-4d91-8fa7-d5e640bad944-groupManagement] INFO  server.RaftServer$Division (RaftServerImpl.java:<init>(198)) - aeec539b-574d-4d91-8fa7-d5e640bad944: new RaftServerImpl for group-86C21C04D4A7:[aeec539b-574d-4d91-8fa7-d5e640bad944|rpc:10.1.0.28:15068|admin:10.1.0.28:15067|client:10.1.0.28:15066|dataStream:10.1.0.28:15069|priority:1|startupRole:FOLLOWER] with ContainerStateMachine:uninitialized
2023-07-13 06:11:09,190 [aeec539b-574d-4d91-8fa7-d5e640bad944-groupManagement] INFO  server.RaftServerConfigKeys (ConfUtils.java:logGet(46)) - raft.server.rpc.timeout.min = 5s (custom)
2023-07-13 06:11:09,190 [aeec539b-574d-4d91-8fa7-d5e640bad944-groupManagement] INFO  server.RaftServerConfigKeys (ConfUtils.java:logGet(46)) - raft.server.rpc.timeout.max = 5200ms (custom)
2023-07-13 06:11:09,190 [aeec539b-574d-4d91-8fa7-d5e640bad944-groupManagement] INFO  server.RaftServerConfigKeys (ConfUtils.java:logGet(46)) - raft.server.rpc.sleep.time = 25ms (default)
2023-07-13 06:11:09,190 [aeec539b-574d-4d91-8fa7-d5e640bad944-groupManagement] INFO  server.RaftServerConfigKeys (ConfUtils.java:logGet(46)) - raft.server.rpc.slowness.timeout = 300s (custom)
2023-07-13 06:11:09,191 [aeec539b-574d-4d91-8fa7-d5e640bad944-groupManagement] INFO  server.RaftServerConfigKeys (ConfUtils.java:logGet(46)) - raft.server.leaderelection.leader.step-down.wait-time = 10s (default)
2023-07-13 06:11:09,191 [aeec539b-574d-4d91-8fa7-d5e640bad944-groupManagement] INFO  server.RaftServerConfigKeys (ConfUtils.java:logGet(46)) - raft.server.sleep.deviation.threshold = 300ms (default)
2023-07-13 06:11:09,191 [aeec539b-574d-4d91-8fa7-d5e640bad944-groupManagement] INFO  server.RaftServer$Division (ServerState.java:<init>(120)) - aeec539b-574d-4d91-8fa7-d5e640bad944@group-86C21C04D4A7: ConfigurationManager, init=-1: peers:[aeec539b-574d-4d91-8fa7-d5e640bad944|rpc:10.1.0.28:15068|admin:10.1.0.28:15067|client:10.1.0.28:15066|dataStream:10.1.0.28:15069|priority:1|startupRole:FOLLOWER]|listeners:[], old=null, confs=<EMPTY_MAP>
2023-07-13 06:11:09,191 [aeec539b-574d-4d91-8fa7-d5e640bad944-groupManagement] INFO  server.RaftServerConfigKeys (ConfUtils.java:logGet(46)) - raft.server.storage.dir = [/home/runner/work/ozone/ozone/hadoop-ozone/integration-test/target/test-dir/MiniOzoneClusterImpl-40c29f8c-30b3-4208-9c4d-d76d276bda5b/datanode-6/data/ratis] (custom)
2023-07-13 06:11:09,191 [aeec539b-574d-4d91-8fa7-d5e640bad944-groupManagement] INFO  server.RaftServerConfigKeys (ConfUtils.java:logGet(46)) - raft.server.log.corruption.policy = EXCEPTION (default)
2023-07-13 06:11:09,191 [aeec539b-574d-4d91-8fa7-d5e640bad944-groupManagement] INFO  server.RaftServerConfigKeys (ConfUtils.java:logGet(46)) - raft.server.storage.free-space.min = 0MB (=0) (default)
2023-07-13 06:11:09,191 [aeec539b-574d-4d91-8fa7-d5e640bad944-groupManagement] INFO  server.RaftServerConfigKeys (ConfUtils.java:logGet(46)) - raft.server.notification.no-leader.timeout = 300s (custom)
2023-07-13 06:11:09,191 [aeec539b-574d-4d91-8fa7-d5e640bad944-groupManagement] INFO  server.RaftServerConfigKeys (ConfUtils.java:logGet(46)) - raft.server.read.timeout = 10s (default)
2023-07-13 06:11:09,192 [aeec539b-574d-4d91-8fa7-d5e640bad944-groupManagement] INFO  server.RaftServerConfigKeys (ConfUtils.java:logGet(46)) - raft.server.retrycache.expirytime = 600000ms (custom)
2023-07-13 06:11:09,192 [aeec539b-574d-4d91-8fa7-d5e640bad944-groupManagement] INFO  server.RaftServerConfigKeys (ConfUtils.java:logGet(46)) - raft.server.retrycache.statistics.expirytime = 100μs (default)
2023-07-13 06:11:09,192 [aeec539b-574d-4d91-8fa7-d5e640bad944-groupManagement] INFO  server.RaftServerConfigKeys (ConfUtils.java:logGet(46)) - raft.server.read.option = DEFAULT (default)
2023-07-13 06:11:09,207 [aeec539b-574d-4d91-8fa7-d5e640bad944-groupManagement] INFO  server.RaftServerConfigKeys (ConfUtils.java:logGet(46)) - raft.server.rpc.request.timeout = 60s (custom)
2023-07-13 06:11:09,207 [aeec539b-574d-4d91-8fa7-d5e640bad944-groupManagement] INFO  server.RaftServerConfigKeys (ConfUtils.java:logGet(46)) - raft.server.log.appender.install.snapshot.enabled = false (custom)
2023-07-13 06:11:09,207 [aeec539b-574d-4d91-8fa7-d5e640bad944-groupManagement] INFO  server.RaftServerConfigKeys (ConfUtils.java:logGet(46)) - raft.server.threadpool.server.cached = true (default)
2023-07-13 06:11:09,207 [aeec539b-574d-4d91-8fa7-d5e640bad944-groupManagement] INFO  server.RaftServerConfigKeys (ConfUtils.java:logGet(46)) - raft.server.threadpool.server.size = 0 (default)
2023-07-13 06:11:09,207 [aeec539b-574d-4d91-8fa7-d5e640bad944-groupManagement] INFO  server.RaftServerConfigKeys (ConfUtils.java:logGet(46)) - raft.server.threadpool.client.cached = true (default)
2023-07-13 06:11:09,207 [aeec539b-574d-4d91-8fa7-d5e640bad944-groupManagement] INFO  server.RaftServerConfigKeys (ConfUtils.java:logGet(46)) - raft.server.threadpool.client.size = 0 (default)
2023-07-13 06:11:09,207 [aeec539b-574d-4d91-8fa7-d5e640bad944-groupManagement] INFO  storage.RaftStorageDirectory (RaftStorageDirectoryImpl.java:analyzeStorage(137)) - The storage directory /home/runner/work/ozone/ozone/hadoop-ozone/integration-test/target/test-dir/MiniOzoneClusterImpl-40c29f8c-30b3-4208-9c4d-d76d276bda5b/datanode-6/data/ratis/8874d03c-53ad-40cf-b578-86c21c04d4a7 does not exist. Creating ...
2023-07-13 06:11:09,210 [aeec539b-574d-4d91-8fa7-d5e640bad944-groupManagement] INFO  storage.RaftStorageDirectory (RaftStorageDirectoryImpl.java:tryLock(231)) - Lock on /home/runner/work/ozone/ozone/hadoop-ozone/integration-test/target/test-dir/MiniOzoneClusterImpl-40c29f8c-30b3-4208-9c4d-d76d276bda5b/datanode-6/data/ratis/8874d03c-53ad-40cf-b578-86c21c04d4a7/in_use.lock acquired by nodename 110901@fv-az932-602
2023-07-13 06:11:09,213 [aeec539b-574d-4d91-8fa7-d5e640bad944-groupManagement] INFO  storage.RaftStorage (RaftStorageImpl.java:format(96)) - Storage directory /home/runner/work/ozone/ozone/hadoop-ozone/integration-test/target/test-dir/MiniOzoneClusterImpl-40c29f8c-30b3-4208-9c4d-d76d276bda5b/datanode-6/data/ratis/8874d03c-53ad-40cf-b578-86c21c04d4a7 has been successfully formatted.
2023-07-13 06:11:09,217 [aeec539b-574d-4d91-8fa7-d5e640bad944-groupManagement] INFO  ratis.ContainerStateMachine (ContainerStateMachine.java:loadSnapshot(262)) - group-86C21C04D4A7: The snapshot info is null. Setting the last applied indexto:(t:0, i:~)
2023-07-13 06:11:09,217 [aeec539b-574d-4d91-8fa7-d5e640bad944-groupManagement] INFO  server.RaftServerConfigKeys (ConfUtils.java:logGet(46)) - raft.server.log.use.memory = false (default)
2023-07-13 06:11:09,217 [aeec539b-574d-4d91-8fa7-d5e640bad944-groupManagement] INFO  server.RaftServerConfigKeys (ConfUtils.java:logGet(46)) - raft.server.log.purge.gap = 1000000 (custom)
2023-07-13 06:11:09,217 [aeec539b-574d-4d91-8fa7-d5e640bad944-groupManagement] INFO  server.RaftServerConfigKeys (ConfUtils.java:logGet(46)) - raft.server.log.appender.buffer.byte-limit = 33554432 (custom)
2023-07-13 06:11:09,217 [aeec539b-574d-4d91-8fa7-d5e640bad944-groupManagement] INFO  server.RaftServerConfigKeys (ConfUtils.java:logGet(46)) - raft.server.log.statemachine.data.read.timeout = 1000ms (default)
2023-07-13 06:11:09,217 [aeec539b-574d-4d91-8fa7-d5e640bad944-groupManagement] INFO  server.RaftServerConfigKeys (ConfUtils.java:logGet(46)) - raft.server.log.purge.preservation.log.num = 0 (default)
2023-07-13 06:11:09,218 [aeec539b-574d-4d91-8fa7-d5e640bad944-groupManagement] INFO  server.RaftServerConfigKeys (ConfUtils.java:logGet(46)) - raft.server.log.segment.size.max = 1048576 (custom)
2023-07-13 06:11:09,219 [EventQueue-PipelineReportForPipelineReportHandler] INFO  pipeline.PipelineReportHandler (PipelineReportHandler.java:processPipelineReport(136)) - Opened pipeline PipelineID=8874d03c-53ad-40cf-b578-86c21c04d4a7
2023-07-13 06:11:09,219 [EventQueue-OpenPipelineForHealthyPipelineSafeModeRule] INFO  safemode.SCMSafeModeManager (HealthyPipelineSafeModeRule.java:process(137)) - SCM in safe mode. Healthy pipelines reported count is 0, required healthy pipeline reported count is 1
2023-07-13 06:11:09,220 [aeec539b-574d-4d91-8fa7-d5e640bad944-groupManagement] INFO  server.RaftServerConfigKeys (ConfUtils.java:logGet(46)) - raft.server.log.segment.cache.num.max = 2 (custom)
2023-07-13 06:11:09,220 [aeec539b-574d-4d91-8fa7-d5e640bad944-groupManagement] INFO  server.RaftServerConfigKeys (ConfUtils.java:logGet(46)) - raft.server.log.segment.cache.size.max = 200MB (=209715200) (default)
2023-07-13 06:11:09,220 [aeec539b-574d-4d91-8fa7-d5e640bad944-groupManagement] INFO  server.RaftServerConfigKeys (ConfUtils.java:logGet(46)) - raft.server.log.appender.buffer.byte-limit = 33554432 (custom)
2023-07-13 06:11:09,220 [aeec539b-574d-4d91-8fa7-d5e640bad944-groupManagement] INFO  segmented.SegmentedRaftLogWorker (SegmentedRaftLogWorker.java:<init>(188)) - new aeec539b-574d-4d91-8fa7-d5e640bad944@group-86C21C04D4A7-SegmentedRaftLogWorker for RaftStorageImpl:Storage Directory /home/runner/work/ozone/ozone/hadoop-ozone/integration-test/target/test-dir/MiniOzoneClusterImpl-40c29f8c-30b3-4208-9c4d-d76d276bda5b/datanode-6/data/ratis/8874d03c-53ad-40cf-b578-86c21c04d4a7
2023-07-13 06:11:09,220 [aeec539b-574d-4d91-8fa7-d5e640bad944-groupManagement] INFO  server.RaftServerConfigKeys (ConfUtils.java:logGet(46)) - raft.server.log.queue.byte-limit = 4294967296 (custom)
2023-07-13 06:11:09,220 [aeec539b-574d-4d91-8fa7-d5e640bad944-groupManagement] INFO  server.RaftServerConfigKeys (ConfUtils.java:logGet(46)) - raft.server.log.queue.element-limit = 1024 (custom)
2023-07-13 06:11:09,220 [aeec539b-574d-4d91-8fa7-d5e640bad944-groupManagement] INFO  server.RaftServerConfigKeys (ConfUtils.java:logGet(46)) - raft.server.log.segment.size.max = 1048576 (custom)
2023-07-13 06:11:09,221 [aeec539b-574d-4d91-8fa7-d5e640bad944-groupManagement] INFO  server.RaftServerConfigKeys (ConfUtils.java:logGet(46)) - raft.server.log.preallocated.size = 16384 (custom)
2023-07-13 06:11:09,221 [aeec539b-574d-4d91-8fa7-d5e640bad944-groupManagement] INFO  server.RaftServerConfigKeys (ConfUtils.java:logGet(46)) - raft.server.log.force.sync.num = 128 (default)
2023-07-13 06:11:09,221 [aeec539b-574d-4d91-8fa7-d5e640bad944-groupManagement] INFO  server.RaftServerConfigKeys (ConfUtils.java:logGet(46)) - raft.server.log.statemachine.data.sync = true (default)
2023-07-13 06:11:09,221 [aeec539b-574d-4d91-8fa7-d5e640bad944-groupManagement] INFO  server.RaftServerConfigKeys (ConfUtils.java:logGet(46)) - raft.server.log.statemachine.data.sync.timeout = 10s (default)
2023-07-13 06:11:09,221 [aeec539b-574d-4d91-8fa7-d5e640bad944-groupManagement] INFO  server.RaftServerConfigKeys (ConfUtils.java:logGet(46)) - raft.server.log.statemachine.data.sync.timeout.retry = -1 (default)
2023-07-13 06:11:09,222 [aeec539b-574d-4d91-8fa7-d5e640bad944-groupManagement] INFO  server.RaftServerConfigKeys (ConfUtils.java:logGet(46)) - raft.server.log.write.buffer.size = 1048576 (custom)
2023-07-13 06:11:09,223 [aeec539b-574d-4d91-8fa7-d5e640bad944-groupManagement] INFO  server.RaftServerConfigKeys (ConfUtils.java:logGet(46)) - raft.server.log.appender.buffer.byte-limit = 33554432 (custom)
2023-07-13 06:11:09,231 [aeec539b-574d-4d91-8fa7-d5e640bad944-groupManagement] INFO  server.RaftServerConfigKeys (ConfUtils.java:logGet(46)) - raft.server.log.unsafe-flush.enabled = false (default)
2023-07-13 06:11:09,231 [aeec539b-574d-4d91-8fa7-d5e640bad944-groupManagement] INFO  server.RaftServerConfigKeys (ConfUtils.java:logGet(46)) - raft.server.log.async-flush.enabled = false (default)
2023-07-13 06:11:09,231 [aeec539b-574d-4d91-8fa7-d5e640bad944-groupManagement] INFO  server.RaftServerConfigKeys (ConfUtils.java:logGet(46)) - raft.server.log.statemachine.data.caching.enabled = true (custom)
2023-07-13 06:11:09,232 [aeec539b-574d-4d91-8fa7-d5e640bad944-groupManagement] INFO  segmented.SegmentedRaftLogWorker (SegmentedRaftLogWorker.java:lambda$new$0(135)) - aeec539b-574d-4d91-8fa7-d5e640bad944@group-86C21C04D4A7-SegmentedRaftLogWorker: flushIndex: setUnconditionally 0 -> -1
2023-07-13 06:11:09,232 [aeec539b-574d-4d91-8fa7-d5e640bad944-groupManagement] INFO  segmented.SegmentedRaftLogWorker (SegmentedRaftLogWorker.java:lambda$new$0(135)) - aeec539b-574d-4d91-8fa7-d5e640bad944@group-86C21C04D4A7-SegmentedRaftLogWorker: safeCacheEvictIndex: setUnconditionally 0 -> -1
2023-07-13 06:11:09,240 [aeec539b-574d-4d91-8fa7-d5e640bad944-groupManagement] INFO  server.RaftServer$Division (RaftServerImpl.java:start(342)) - aeec539b-574d-4d91-8fa7-d5e640bad944@group-86C21C04D4A7: start as a follower, conf=-1: peers:[aeec539b-574d-4d91-8fa7-d5e640bad944|rpc:10.1.0.28:15068|admin:10.1.0.28:15067|client:10.1.0.28:15066|dataStream:10.1.0.28:15069|priority:1|startupRole:FOLLOWER]|listeners:[], old=null
2023-07-13 06:11:09,240 [aeec539b-574d-4d91-8fa7-d5e640bad944-groupManagement] INFO  server.RaftServer$Division (RaftServerImpl.java:setRole(329)) - aeec539b-574d-4d91-8fa7-d5e640bad944@group-86C21C04D4A7: changes role from      null to FOLLOWER at term 0 for startAsFollower
2023-07-13 06:11:09,240 [aeec539b-574d-4d91-8fa7-d5e640bad944-groupManagement] INFO  impl.RoleInfo (RoleInfo.java:updateAndGet(139)) - aeec539b-574d-4d91-8fa7-d5e640bad944: start aeec539b-574d-4d91-8fa7-d5e640bad944@group-86C21C04D4A7-FollowerState
2023-07-13 06:11:09,241 [aeec539b-574d-4d91-8fa7-d5e640bad944@group-86C21C04D4A7-FollowerState] INFO  server.RaftServerConfigKeys (ConfUtils.java:logFallback(53)) - raft.server.rpc.first-election.timeout.min = 5s (fallback to raft.server.rpc.timeout.min)
2023-07-13 06:11:09,241 [aeec539b-574d-4d91-8fa7-d5e640bad944@group-86C21C04D4A7-FollowerState] INFO  server.RaftServerConfigKeys (ConfUtils.java:logFallback(53)) - raft.server.rpc.first-election.timeout.max = 5200ms (fallback to raft.server.rpc.timeout.max)
2023-07-13 06:11:09,253 [aeec539b-574d-4d91-8fa7-d5e640bad944-groupManagement] INFO  util.JmxRegister (JmxRegister.java:tryRegister(44)) - Successfully registered JMX Bean with object name Ratis:service=RaftServer,group=group-86C21C04D4A7,id=aeec539b-574d-4d91-8fa7-d5e640bad944
2023-07-13 06:11:09,253 [aeec539b-574d-4d91-8fa7-d5e640bad944-groupManagement] INFO  server.RaftServerConfigKeys (ConfUtils.java:logGet(46)) - raft.server.snapshot.auto.trigger.enabled = true (custom)
2023-07-13 06:11:09,253 [aeec539b-574d-4d91-8fa7-d5e640bad944-groupManagement] INFO  server.RaftServerConfigKeys (ConfUtils.java:logGet(46)) - raft.server.snapshot.auto.trigger.threshold = 10000 (custom)
2023-07-13 06:11:09,253 [aeec539b-574d-4d91-8fa7-d5e640bad944-groupManagement] INFO  server.RaftServerConfigKeys (ConfUtils.java:logGet(46)) - raft.server.snapshot.retention.file.num = 5 (custom)
2023-07-13 06:11:09,253 [aeec539b-574d-4d91-8fa7-d5e640bad944-groupManagement] INFO  server.RaftServerConfigKeys (ConfUtils.java:logGet(46)) - raft.server.log.purge.upto.snapshot.index = false (default)
2023-07-13 06:11:09,255 [PipelineCommandHandlerThread-0] INFO  ratis.XceiverServerRatis (XceiverServerRatis.java:addGroup(804)) - Created group PipelineID=8874d03c-53ad-40cf-b578-86c21c04d4a7
2023-07-13 06:11:09,255 [PipelineCommandHandlerThread-0] INFO  commandhandler.CreatePipelineCommandHandler (CreatePipelineCommandHandler.java:lambda$handle$2(124)) - Created Pipeline RATIS ONE PipelineID=8874d03c-53ad-40cf-b578-86c21c04d4a7.
2023-07-13 06:11:09,255 [PipelineCommandHandlerThread-0] INFO  server.RaftServer (RaftServerProxy.java:addNew(98)) - aeec539b-574d-4d91-8fa7-d5e640bad944: addNew group-DF427437EA4B:[aeec539b-574d-4d91-8fa7-d5e640bad944|rpc:10.1.0.28:15068|admin:10.1.0.28:15067|client:10.1.0.28:15066|dataStream:10.1.0.28:15069|priority:1|startupRole:FOLLOWER, 42c94fbf-dc57-4435-80ab-f9b7a4e6d382|rpc:10.1.0.28:15077|admin:10.1.0.28:15076|client:10.1.0.28:15075|dataStream:10.1.0.28:15078|priority:0|startupRole:FOLLOWER, d12304a5-d481-4f9e-9203-502383e83214|rpc:10.1.0.28:15086|admin:10.1.0.28:15085|client:10.1.0.28:15084|dataStream:10.1.0.28:15087|priority:0|startupRole:FOLLOWER] returns group-DF427437EA4B:java.util.concurrent.CompletableFuture@528bb2e4[Not completed]
2023-07-13 06:11:09,257 [aeec539b-574d-4d91-8fa7-d5e640bad944-groupManagement] INFO  server.RaftServer$Division (RaftServerImpl.java:<init>(198)) - aeec539b-574d-4d91-8fa7-d5e640bad944: new RaftServerImpl for group-DF427437EA4B:[aeec539b-574d-4d91-8fa7-d5e640bad944|rpc:10.1.0.28:15068|admin:10.1.0.28:15067|client:10.1.0.28:15066|dataStream:10.1.0.28:15069|priority:1|startupRole:FOLLOWER, 42c94fbf-dc57-4435-80ab-f9b7a4e6d382|rpc:10.1.0.28:15077|admin:10.1.0.28:15076|client:10.1.0.28:15075|dataStream:10.1.0.28:15078|priority:0|startupRole:FOLLOWER, d12304a5-d481-4f9e-9203-502383e83214|rpc:10.1.0.28:15086|admin:10.1.0.28:15085|client:10.1.0.28:15084|dataStream:10.1.0.28:15087|priority:0|startupRole:FOLLOWER] with ContainerStateMachine:uninitialized
2023-07-13 06:11:09,257 [aeec539b-574d-4d91-8fa7-d5e640bad944-groupManagement] INFO  server.RaftServerConfigKeys (ConfUtils.java:logGet(46)) - raft.server.rpc.timeout.min = 5s (custom)
2023-07-13 06:11:09,257 [aeec539b-574d-4d91-8fa7-d5e640bad944-groupManagement] INFO  server.RaftServerConfigKeys (ConfUtils.java:logGet(46)) - raft.server.rpc.timeout.max = 5200ms (custom)
2023-07-13 06:11:09,257 [aeec539b-574d-4d91-8fa7-d5e640bad944-groupManagement] INFO  server.RaftServerConfigKeys (ConfUtils.java:logGet(46)) - raft.server.rpc.sleep.time = 25ms (default)
2023-07-13 06:11:09,257 [aeec539b-574d-4d91-8fa7-d5e640bad944-groupManagement] INFO  server.RaftServerConfigKeys (ConfUtils.java:logGet(46)) - raft.server.rpc.slowness.timeout = 300s (custom)
2023-07-13 06:11:09,257 [aeec539b-574d-4d91-8fa7-d5e640bad944-groupManagement] INFO  server.RaftServerConfigKeys (ConfUtils.java:logGet(46)) - raft.server.leaderelection.leader.step-down.wait-time = 10s (default)
2023-07-13 06:11:09,257 [aeec539b-574d-4d91-8fa7-d5e640bad944-groupManagement] INFO  server.RaftServerConfigKeys (ConfUtils.java:logGet(46)) - raft.server.sleep.deviation.threshold = 300ms (default)
2023-07-13 06:11:09,257 [aeec539b-574d-4d91-8fa7-d5e640bad944-groupManagement] INFO  server.RaftServer$Division (ServerState.java:<init>(120)) - aeec539b-574d-4d91-8fa7-d5e640bad944@group-DF427437EA4B: ConfigurationManager, init=-1: peers:[aeec539b-574d-4d91-8fa7-d5e640bad944|rpc:10.1.0.28:15068|admin:10.1.0.28:15067|client:10.1.0.28:15066|dataStream:10.1.0.28:15069|priority:1|startupRole:FOLLOWER, 42c94fbf-dc57-4435-80ab-f9b7a4e6d382|rpc:10.1.0.28:15077|admin:10.1.0.28:15076|client:10.1.0.28:15075|dataStream:10.1.0.28:15078|priority:0|startupRole:FOLLOWER, d12304a5-d481-4f9e-9203-502383e83214|rpc:10.1.0.28:15086|admin:10.1.0.28:15085|client:10.1.0.28:15084|dataStream:10.1.0.28:15087|priority:0|startupRole:FOLLOWER]|listeners:[], old=null, confs=<EMPTY_MAP>
2023-07-13 06:11:09,257 [aeec539b-574d-4d91-8fa7-d5e640bad944-groupManagement] INFO  server.RaftServerConfigKeys (ConfUtils.java:logGet(46)) - raft.server.storage.dir = [/home/runner/work/ozone/ozone/hadoop-ozone/integration-test/target/test-dir/MiniOzoneClusterImpl-40c29f8c-30b3-4208-9c4d-d76d276bda5b/datanode-6/data/ratis] (custom)
2023-07-13 06:11:09,258 [aeec539b-574d-4d91-8fa7-d5e640bad944-groupManagement] INFO  server.RaftServerConfigKeys (ConfUtils.java:logGet(46)) - raft.server.log.corruption.policy = EXCEPTION (default)
2023-07-13 06:11:09,258 [aeec539b-574d-4d91-8fa7-d5e640bad944-groupManagement] INFO  server.RaftServerConfigKeys (ConfUtils.java:logGet(46)) - raft.server.storage.free-space.min = 0MB (=0) (default)
2023-07-13 06:11:09,258 [aeec539b-574d-4d91-8fa7-d5e640bad944-groupManagement] INFO  server.RaftServerConfigKeys (ConfUtils.java:logGet(46)) - raft.server.notification.no-leader.timeout = 300s (custom)
2023-07-13 06:11:09,258 [aeec539b-574d-4d91-8fa7-d5e640bad944-groupManagement] INFO  server.RaftServerConfigKeys (ConfUtils.java:logGet(46)) - raft.server.read.timeout = 10s (default)
2023-07-13 06:11:09,258 [aeec539b-574d-4d91-8fa7-d5e640bad944-groupManagement] INFO  server.RaftServerConfigKeys (ConfUtils.java:logGet(46)) - raft.server.retrycache.expirytime = 600000ms (custom)
2023-07-13 06:11:09,258 [aeec539b-574d-4d91-8fa7-d5e640bad944-groupManagement] INFO  server.RaftServerConfigKeys (ConfUtils.java:logGet(46)) - raft.server.retrycache.statistics.expirytime = 100μs (default)
2023-07-13 06:11:09,258 [aeec539b-574d-4d91-8fa7-d5e640bad944-groupManagement] INFO  server.RaftServerConfigKeys (ConfUtils.java:logGet(46)) - raft.server.read.option = DEFAULT (default)
2023-07-13 06:11:09,260 [aeec539b-574d-4d91-8fa7-d5e640bad944-groupManagement] INFO  server.RaftServerConfigKeys (ConfUtils.java:logGet(46)) - raft.server.rpc.request.timeout = 60s (custom)
2023-07-13 06:11:09,260 [aeec539b-574d-4d91-8fa7-d5e640bad944-groupManagement] INFO  server.RaftServerConfigKeys (ConfUtils.java:logGet(46)) - raft.server.log.appender.install.snapshot.enabled = false (custom)
2023-07-13 06:11:09,260 [aeec539b-574d-4d91-8fa7-d5e640bad944-groupManagement] INFO  server.RaftServerConfigKeys (ConfUtils.java:logGet(46)) - raft.server.threadpool.server.cached = true (default)
2023-07-13 06:11:09,260 [aeec539b-574d-4d91-8fa7-d5e640bad944-groupManagement] INFO  server.RaftServerConfigKeys (ConfUtils.java:logGet(46)) - raft.server.threadpool.server.size = 0 (default)
2023-07-13 06:11:09,260 [aeec539b-574d-4d91-8fa7-d5e640bad944-groupManagement] INFO  server.RaftServerConfigKeys (ConfUtils.java:logGet(46)) - raft.server.threadpool.client.cached = true (default)
2023-07-13 06:11:09,260 [aeec539b-574d-4d91-8fa7-d5e640bad944-groupManagement] INFO  server.RaftServerConfigKeys (ConfUtils.java:logGet(46)) - raft.server.threadpool.client.size = 0 (default)
2023-07-13 06:11:09,260 [aeec539b-574d-4d91-8fa7-d5e640bad944-groupManagement] INFO  storage.RaftStorageDirectory (RaftStorageDirectoryImpl.java:analyzeStorage(137)) - The storage directory /home/runner/work/ozone/ozone/hadoop-ozone/integration-test/target/test-dir/MiniOzoneClusterImpl-40c29f8c-30b3-4208-9c4d-d76d276bda5b/datanode-6/data/ratis/1f042781-405f-4473-aded-df427437ea4b does not exist. Creating ...
2023-07-13 06:11:09,263 [aeec539b-574d-4d91-8fa7-d5e640bad944-groupManagement] INFO  storage.RaftStorageDirectory (RaftStorageDirectoryImpl.java:tryLock(231)) - Lock on /home/runner/work/ozone/ozone/hadoop-ozone/integration-test/target/test-dir/MiniOzoneClusterImpl-40c29f8c-30b3-4208-9c4d-d76d276bda5b/datanode-6/data/ratis/1f042781-405f-4473-aded-df427437ea4b/in_use.lock acquired by nodename 110901@fv-az932-602
2023-07-13 06:11:09,265 [aeec539b-574d-4d91-8fa7-d5e640bad944-groupManagement] INFO  storage.RaftStorage (RaftStorageImpl.java:format(96)) - Storage directory /home/runner/work/ozone/ozone/hadoop-ozone/integration-test/target/test-dir/MiniOzoneClusterImpl-40c29f8c-30b3-4208-9c4d-d76d276bda5b/datanode-6/data/ratis/1f042781-405f-4473-aded-df427437ea4b has been successfully formatted.
2023-07-13 06:11:09,266 [aeec539b-574d-4d91-8fa7-d5e640bad944-groupManagement] INFO  ratis.ContainerStateMachine (ContainerStateMachine.java:loadSnapshot(262)) - group-DF427437EA4B: The snapshot info is null. Setting the last applied indexto:(t:0, i:~)
2023-07-13 06:11:09,266 [aeec539b-574d-4d91-8fa7-d5e640bad944-groupManagement] INFO  server.RaftServerConfigKeys (ConfUtils.java:logGet(46)) - raft.server.log.use.memory = false (default)
2023-07-13 06:11:09,266 [aeec539b-574d-4d91-8fa7-d5e640bad944-groupManagement] INFO  server.RaftServerConfigKeys (ConfUtils.java:logGet(46)) - raft.server.log.purge.gap = 1000000 (custom)
2023-07-13 06:11:09,266 [aeec539b-574d-4d91-8fa7-d5e640bad944-groupManagement] INFO  server.RaftServerConfigKeys (ConfUtils.java:logGet(46)) - raft.server.log.appender.buffer.byte-limit = 33554432 (custom)
2023-07-13 06:11:09,266 [aeec539b-574d-4d91-8fa7-d5e640bad944-groupManagement] INFO  server.RaftServerConfigKeys (ConfUtils.java:logGet(46)) - raft.server.log.statemachine.data.read.timeout = 1000ms (default)
2023-07-13 06:11:09,266 [aeec539b-574d-4d91-8fa7-d5e640bad944-groupManagement] INFO  server.RaftServerConfigKeys (ConfUtils.java:logGet(46)) - raft.server.log.purge.preservation.log.num = 0 (default)
2023-07-13 06:11:09,267 [EventQueue-OpenPipelineForHealthyPipelineSafeModeRule] INFO  safemode.SCMSafeModeManager (HealthyPipelineSafeModeRule.java:process(137)) - SCM in safe mode. Healthy pipelines reported count is 0, required healthy pipeline reported count is 1
2023-07-13 06:11:09,268 [aeec539b-574d-4d91-8fa7-d5e640bad944-groupManagement] INFO  server.RaftServerConfigKeys (ConfUtils.java:logGet(46)) - raft.server.log.segment.size.max = 1048576 (custom)
2023-07-13 06:11:09,268 [aeec539b-574d-4d91-8fa7-d5e640bad944-groupManagement] INFO  server.RaftServerConfigKeys (ConfUtils.java:logGet(46)) - raft.server.log.segment.cache.num.max = 2 (custom)
2023-07-13 06:11:09,268 [aeec539b-574d-4d91-8fa7-d5e640bad944-groupManagement] INFO  server.RaftServerConfigKeys (ConfUtils.java:logGet(46)) - raft.server.log.segment.cache.size.max = 200MB (=209715200) (default)
2023-07-13 06:11:09,268 [aeec539b-574d-4d91-8fa7-d5e640bad944-groupManagement] INFO  server.RaftServerConfigKeys (ConfUtils.java:logGet(46)) - raft.server.log.appender.buffer.byte-limit = 33554432 (custom)
2023-07-13 06:11:09,269 [aeec539b-574d-4d91-8fa7-d5e640bad944-groupManagement] INFO  segmented.SegmentedRaftLogWorker (SegmentedRaftLogWorker.java:<init>(188)) - new aeec539b-574d-4d91-8fa7-d5e640bad944@group-DF427437EA4B-SegmentedRaftLogWorker for RaftStorageImpl:Storage Directory /home/runner/work/ozone/ozone/hadoop-ozone/integration-test/target/test-dir/MiniOzoneClusterImpl-40c29f8c-30b3-4208-9c4d-d76d276bda5b/datanode-6/data/ratis/1f042781-405f-4473-aded-df427437ea4b
2023-07-13 06:11:09,270 [aeec539b-574d-4d91-8fa7-d5e640bad944-groupManagement] INFO  server.RaftServerConfigKeys (ConfUtils.java:logGet(46)) - raft.server.log.queue.byte-limit = 4294967296 (custom)
2023-07-13 06:11:09,270 [aeec539b-574d-4d91-8fa7-d5e640bad944-groupManagement] INFO  server.RaftServerConfigKeys (ConfUtils.java:logGet(46)) - raft.server.log.queue.element-limit = 1024 (custom)
2023-07-13 06:11:09,270 [aeec539b-574d-4d91-8fa7-d5e640bad944-groupManagement] INFO  server.RaftServerConfigKeys (ConfUtils.java:logGet(46)) - raft.server.log.segment.size.max = 1048576 (custom)
2023-07-13 06:11:09,270 [aeec539b-574d-4d91-8fa7-d5e640bad944-groupManagement] INFO  server.RaftServerConfigKeys (ConfUtils.java:logGet(46)) - raft.server.log.preallocated.size = 16384 (custom)
2023-07-13 06:11:09,270 [aeec539b-574d-4d91-8fa7-d5e640bad944-groupManagement] INFO  server.RaftServerConfigKeys (ConfUtils.java:logGet(46)) - raft.server.log.force.sync.num = 128 (default)
2023-07-13 06:11:09,271 [aeec539b-574d-4d91-8fa7-d5e640bad944-groupManagement] INFO  server.RaftServerConfigKeys (ConfUtils.java:logGet(46)) - raft.server.log.statemachine.data.sync = true (default)
2023-07-13 06:11:09,271 [aeec539b-574d-4d91-8fa7-d5e640bad944-groupManagement] INFO  server.RaftServerConfigKeys (ConfUtils.java:logGet(46)) - raft.server.log.statemachine.data.sync.timeout = 10s (default)
2023-07-13 06:11:09,271 [aeec539b-574d-4d91-8fa7-d5e640bad944-groupManagement] INFO  server.RaftServerConfigKeys (ConfUtils.java:logGet(46)) - raft.server.log.statemachine.data.sync.timeout.retry = -1 (default)
2023-07-13 06:11:09,272 [aeec539b-574d-4d91-8fa7-d5e640bad944-groupManagement] INFO  server.RaftServerConfigKeys (ConfUtils.java:logGet(46)) - raft.server.log.write.buffer.size = 1048576 (custom)
2023-07-13 06:11:09,273 [aeec539b-574d-4d91-8fa7-d5e640bad944-groupManagement] INFO  server.RaftServerConfigKeys (ConfUtils.java:logGet(46)) - raft.server.log.appender.buffer.byte-limit = 33554432 (custom)
2023-07-13 06:11:09,281 [aeec539b-574d-4d91-8fa7-d5e640bad944-groupManagement] INFO  server.RaftServerConfigKeys (ConfUtils.java:logGet(46)) - raft.server.log.unsafe-flush.enabled = false (default)
2023-07-13 06:11:09,281 [aeec539b-574d-4d91-8fa7-d5e640bad944-groupManagement] INFO  server.RaftServerConfigKeys (ConfUtils.java:logGet(46)) - raft.server.log.async-flush.enabled = false (default)
2023-07-13 06:11:09,281 [aeec539b-574d-4d91-8fa7-d5e640bad944-groupManagement] INFO  server.RaftServerConfigKeys (ConfUtils.java:logGet(46)) - raft.server.log.statemachine.data.caching.enabled = true (custom)
2023-07-13 06:11:09,281 [aeec539b-574d-4d91-8fa7-d5e640bad944-groupManagement] INFO  segmented.SegmentedRaftLogWorker (SegmentedRaftLogWorker.java:lambda$new$0(135)) - aeec539b-574d-4d91-8fa7-d5e640bad944@group-DF427437EA4B-SegmentedRaftLogWorker: flushIndex: setUnconditionally 0 -> -1
2023-07-13 06:11:09,281 [aeec539b-574d-4d91-8fa7-d5e640bad944-groupManagement] INFO  segmented.SegmentedRaftLogWorker (SegmentedRaftLogWorker.java:lambda$new$0(135)) - aeec539b-574d-4d91-8fa7-d5e640bad944@group-DF427437EA4B-SegmentedRaftLogWorker: safeCacheEvictIndex: setUnconditionally 0 -> -1
2023-07-13 06:11:09,282 [aeec539b-574d-4d91-8fa7-d5e640bad944-groupManagement] INFO  server.RaftServer$Division (RaftServerImpl.java:start(342)) - aeec539b-574d-4d91-8fa7-d5e640bad944@group-DF427437EA4B: start as a follower, conf=-1: peers:[aeec539b-574d-4d91-8fa7-d5e640bad944|rpc:10.1.0.28:15068|admin:10.1.0.28:15067|client:10.1.0.28:15066|dataStream:10.1.0.28:15069|priority:1|startupRole:FOLLOWER, 42c94fbf-dc57-4435-80ab-f9b7a4e6d382|rpc:10.1.0.28:15077|admin:10.1.0.28:15076|client:10.1.0.28:15075|dataStream:10.1.0.28:15078|priority:0|startupRole:FOLLOWER, d12304a5-d481-4f9e-9203-502383e83214|rpc:10.1.0.28:15086|admin:10.1.0.28:15085|client:10.1.0.28:15084|dataStream:10.1.0.28:15087|priority:0|startupRole:FOLLOWER]|listeners:[], old=null
2023-07-13 06:11:09,282 [aeec539b-574d-4d91-8fa7-d5e640bad944-groupManagement] INFO  server.RaftServer$Division (RaftServerImpl.java:setRole(329)) - aeec539b-574d-4d91-8fa7-d5e640bad944@group-DF427437EA4B: changes role from      null to FOLLOWER at term 0 for startAsFollower
2023-07-13 06:11:09,282 [aeec539b-574d-4d91-8fa7-d5e640bad944-groupManagement] INFO  impl.RoleInfo (RoleInfo.java:updateAndGet(139)) - aeec539b-574d-4d91-8fa7-d5e640bad944: start aeec539b-574d-4d91-8fa7-d5e640bad944@group-DF427437EA4B-FollowerState
2023-07-13 06:11:09,284 [aeec539b-574d-4d91-8fa7-d5e640bad944-groupManagement] INFO  util.JmxRegister (JmxRegister.java:tryRegister(44)) - Successfully registered JMX Bean with object name Ratis:service=RaftServer,group=group-DF427437EA4B,id=aeec539b-574d-4d91-8fa7-d5e640bad944
2023-07-13 06:11:09,284 [aeec539b-574d-4d91-8fa7-d5e640bad944-groupManagement] INFO  server.RaftServerConfigKeys (ConfUtils.java:logGet(46)) - raft.server.snapshot.auto.trigger.enabled = true (custom)
2023-07-13 06:11:09,284 [aeec539b-574d-4d91-8fa7-d5e640bad944-groupManagement] INFO  server.RaftServerConfigKeys (ConfUtils.java:logGet(46)) - raft.server.snapshot.auto.trigger.threshold = 10000 (custom)
2023-07-13 06:11:09,284 [aeec539b-574d-4d91-8fa7-d5e640bad944-groupManagement] INFO  server.RaftServerConfigKeys (ConfUtils.java:logGet(46)) - raft.server.snapshot.retention.file.num = 5 (custom)
2023-07-13 06:11:09,284 [aeec539b-574d-4d91-8fa7-d5e640bad944-groupManagement] INFO  server.RaftServerConfigKeys (ConfUtils.java:logGet(46)) - raft.server.log.purge.upto.snapshot.index = false (default)
2023-07-13 06:11:09,285 [PipelineCommandHandlerThread-0] INFO  ratis.XceiverServerRatis (XceiverServerRatis.java:addGroup(804)) - Created group PipelineID=1f042781-405f-4473-aded-df427437ea4b
2023-07-13 06:11:09,289 [aeec539b-574d-4d91-8fa7-d5e640bad944@group-DF427437EA4B-FollowerState] INFO  server.RaftServerConfigKeys (ConfUtils.java:logFallback(53)) - raft.server.rpc.first-election.timeout.min = 5s (fallback to raft.server.rpc.timeout.min)
2023-07-13 06:11:09,290 [aeec539b-574d-4d91-8fa7-d5e640bad944@group-DF427437EA4B-FollowerState] INFO  server.RaftServerConfigKeys (ConfUtils.java:logFallback(53)) - raft.server.rpc.first-election.timeout.max = 5200ms (fallback to raft.server.rpc.timeout.max)
2023-07-13 06:11:09,303 [grpc-default-executor-1] INFO  server.RaftServer (RaftServerProxy.java:addNew(98)) - 42c94fbf-dc57-4435-80ab-f9b7a4e6d382: addNew group-DF427437EA4B:[aeec539b-574d-4d91-8fa7-d5e640bad944|rpc:10.1.0.28:15068|admin:10.1.0.28:15067|client:10.1.0.28:15066|dataStream:10.1.0.28:15069|priority:1|startupRole:FOLLOWER, 42c94fbf-dc57-4435-80ab-f9b7a4e6d382|rpc:10.1.0.28:15077|admin:10.1.0.28:15076|client:10.1.0.28:15075|dataStream:10.1.0.28:15078|priority:0|startupRole:FOLLOWER, d12304a5-d481-4f9e-9203-502383e83214|rpc:10.1.0.28:15086|admin:10.1.0.28:15085|client:10.1.0.28:15084|dataStream:10.1.0.28:15087|priority:0|startupRole:FOLLOWER] returns group-DF427437EA4B:java.util.concurrent.CompletableFuture@ca3ddf3[Not completed]
2023-07-13 06:11:09,305 [42c94fbf-dc57-4435-80ab-f9b7a4e6d382-groupManagement] INFO  server.RaftServer$Division (RaftServerImpl.java:<init>(198)) - 42c94fbf-dc57-4435-80ab-f9b7a4e6d382: new RaftServerImpl for group-DF427437EA4B:[aeec539b-574d-4d91-8fa7-d5e640bad944|rpc:10.1.0.28:15068|admin:10.1.0.28:15067|client:10.1.0.28:15066|dataStream:10.1.0.28:15069|priority:1|startupRole:FOLLOWER, 42c94fbf-dc57-4435-80ab-f9b7a4e6d382|rpc:10.1.0.28:15077|admin:10.1.0.28:15076|client:10.1.0.28:15075|dataStream:10.1.0.28:15078|priority:0|startupRole:FOLLOWER, d12304a5-d481-4f9e-9203-502383e83214|rpc:10.1.0.28:15086|admin:10.1.0.28:15085|client:10.1.0.28:15084|dataStream:10.1.0.28:15087|priority:0|startupRole:FOLLOWER] with ContainerStateMachine:uninitialized
2023-07-13 06:11:09,305 [42c94fbf-dc57-4435-80ab-f9b7a4e6d382-groupManagement] INFO  server.RaftServerConfigKeys (ConfUtils.java:logGet(46)) - raft.server.rpc.timeout.min = 5s (custom)
2023-07-13 06:11:09,305 [42c94fbf-dc57-4435-80ab-f9b7a4e6d382-groupManagement] INFO  server.RaftServerConfigKeys (ConfUtils.java:logGet(46)) - raft.server.rpc.timeout.max = 5200ms (custom)
2023-07-13 06:11:09,305 [42c94fbf-dc57-4435-80ab-f9b7a4e6d382-groupManagement] INFO  server.RaftServerConfigKeys (ConfUtils.java:logGet(46)) - raft.server.rpc.sleep.time = 25ms (default)
2023-07-13 06:11:09,305 [42c94fbf-dc57-4435-80ab-f9b7a4e6d382-groupManagement] INFO  server.RaftServerConfigKeys (ConfUtils.java:logGet(46)) - raft.server.rpc.slowness.timeout = 300s (custom)
2023-07-13 06:11:09,305 [42c94fbf-dc57-4435-80ab-f9b7a4e6d382-groupManagement] INFO  server.RaftServerConfigKeys (ConfUtils.java:logGet(46)) - raft.server.leaderelection.leader.step-down.wait-time = 10s (default)
2023-07-13 06:11:09,305 [42c94fbf-dc57-4435-80ab-f9b7a4e6d382-groupManagement] INFO  server.RaftServerConfigKeys (ConfUtils.java:logGet(46)) - raft.server.sleep.deviation.threshold = 300ms (default)
2023-07-13 06:11:09,306 [42c94fbf-dc57-4435-80ab-f9b7a4e6d382-groupManagement] INFO  server.RaftServer$Division (ServerState.java:<init>(120)) - 42c94fbf-dc57-4435-80ab-f9b7a4e6d382@group-DF427437EA4B: ConfigurationManager, init=-1: peers:[aeec539b-574d-4d91-8fa7-d5e640bad944|rpc:10.1.0.28:15068|admin:10.1.0.28:15067|client:10.1.0.28:15066|dataStream:10.1.0.28:15069|priority:1|startupRole:FOLLOWER, 42c94fbf-dc57-4435-80ab-f9b7a4e6d382|rpc:10.1.0.28:15077|admin:10.1.0.28:15076|client:10.1.0.28:15075|dataStream:10.1.0.28:15078|priority:0|startupRole:FOLLOWER, d12304a5-d481-4f9e-9203-502383e83214|rpc:10.1.0.28:15086|admin:10.1.0.28:15085|client:10.1.0.28:15084|dataStream:10.1.0.28:15087|priority:0|startupRole:FOLLOWER]|listeners:[], old=null, confs=<EMPTY_MAP>
2023-07-13 06:11:09,306 [42c94fbf-dc57-4435-80ab-f9b7a4e6d382-groupManagement] INFO  server.RaftServerConfigKeys (ConfUtils.java:logGet(46)) - raft.server.storage.dir = [/home/runner/work/ozone/ozone/hadoop-ozone/integration-test/target/test-dir/MiniOzoneClusterImpl-40c29f8c-30b3-4208-9c4d-d76d276bda5b/datanode-7/data/ratis] (custom)
2023-07-13 06:11:09,306 [42c94fbf-dc57-4435-80ab-f9b7a4e6d382-groupManagement] INFO  server.RaftServerConfigKeys (ConfUtils.java:logGet(46)) - raft.server.log.corruption.policy = EXCEPTION (default)
2023-07-13 06:11:09,306 [42c94fbf-dc57-4435-80ab-f9b7a4e6d382-groupManagement] INFO  server.RaftServerConfigKeys (ConfUtils.java:logGet(46)) - raft.server.storage.free-space.min = 0MB (=0) (default)
2023-07-13 06:11:09,306 [42c94fbf-dc57-4435-80ab-f9b7a4e6d382-groupManagement] INFO  server.RaftServerConfigKeys (ConfUtils.java:logGet(46)) - raft.server.notification.no-leader.timeout = 300s (custom)
2023-07-13 06:11:09,306 [42c94fbf-dc57-4435-80ab-f9b7a4e6d382-groupManagement] INFO  server.RaftServerConfigKeys (ConfUtils.java:logGet(46)) - raft.server.read.timeout = 10s (default)
2023-07-13 06:11:09,306 [42c94fbf-dc57-4435-80ab-f9b7a4e6d382-groupManagement] INFO  server.RaftServerConfigKeys (ConfUtils.java:logGet(46)) - raft.server.retrycache.expirytime = 600000ms (custom)
2023-07-13 06:11:09,306 [42c94fbf-dc57-4435-80ab-f9b7a4e6d382-groupManagement] INFO  server.RaftServerConfigKeys (ConfUtils.java:logGet(46)) - raft.server.retrycache.statistics.expirytime = 100μs (default)
2023-07-13 06:11:09,306 [42c94fbf-dc57-4435-80ab-f9b7a4e6d382-groupManagement] INFO  server.RaftServerConfigKeys (ConfUtils.java:logGet(46)) - raft.server.read.option = DEFAULT (default)
2023-07-13 06:11:09,309 [42c94fbf-dc57-4435-80ab-f9b7a4e6d382-groupManagement] INFO  server.RaftServerConfigKeys (ConfUtils.java:logGet(46)) - raft.server.rpc.request.timeout = 60s (custom)
2023-07-13 06:11:09,309 [42c94fbf-dc57-4435-80ab-f9b7a4e6d382-groupManagement] INFO  server.RaftServerConfigKeys (ConfUtils.java:logGet(46)) - raft.server.log.appender.install.snapshot.enabled = false (custom)
2023-07-13 06:11:09,309 [42c94fbf-dc57-4435-80ab-f9b7a4e6d382-groupManagement] INFO  server.RaftServerConfigKeys (ConfUtils.java:logGet(46)) - raft.server.threadpool.server.cached = true (default)
2023-07-13 06:11:09,309 [42c94fbf-dc57-4435-80ab-f9b7a4e6d382-groupManagement] INFO  server.RaftServerConfigKeys (ConfUtils.java:logGet(46)) - raft.server.threadpool.server.size = 0 (default)
2023-07-13 06:11:09,309 [42c94fbf-dc57-4435-80ab-f9b7a4e6d382-groupManagement] INFO  server.RaftServerConfigKeys (ConfUtils.java:logGet(46)) - raft.server.threadpool.client.cached = true (default)
2023-07-13 06:11:09,309 [42c94fbf-dc57-4435-80ab-f9b7a4e6d382-groupManagement] INFO  server.RaftServerConfigKeys (ConfUtils.java:logGet(46)) - raft.server.threadpool.client.size = 0 (default)
2023-07-13 06:11:09,310 [42c94fbf-dc57-4435-80ab-f9b7a4e6d382-groupManagement] INFO  storage.RaftStorageDirectory (RaftStorageDirectoryImpl.java:analyzeStorage(137)) - The storage directory /home/runner/work/ozone/ozone/hadoop-ozone/integration-test/target/test-dir/MiniOzoneClusterImpl-40c29f8c-30b3-4208-9c4d-d76d276bda5b/datanode-7/data/ratis/1f042781-405f-4473-aded-df427437ea4b does not exist. Creating ...
2023-07-13 06:11:09,313 [42c94fbf-dc57-4435-80ab-f9b7a4e6d382-groupManagement] INFO  storage.RaftStorageDirectory (RaftStorageDirectoryImpl.java:tryLock(231)) - Lock on /home/runner/work/ozone/ozone/hadoop-ozone/integration-test/target/test-dir/MiniOzoneClusterImpl-40c29f8c-30b3-4208-9c4d-d76d276bda5b/datanode-7/data/ratis/1f042781-405f-4473-aded-df427437ea4b/in_use.lock acquired by nodename 110901@fv-az932-602
2023-07-13 06:11:09,315 [42c94fbf-dc57-4435-80ab-f9b7a4e6d382-groupManagement] INFO  storage.RaftStorage (RaftStorageImpl.java:format(96)) - Storage directory /home/runner/work/ozone/ozone/hadoop-ozone/integration-test/target/test-dir/MiniOzoneClusterImpl-40c29f8c-30b3-4208-9c4d-d76d276bda5b/datanode-7/data/ratis/1f042781-405f-4473-aded-df427437ea4b has been successfully formatted.
2023-07-13 06:11:09,320 [42c94fbf-dc57-4435-80ab-f9b7a4e6d382-groupManagement] INFO  ratis.ContainerStateMachine (ContainerStateMachine.java:loadSnapshot(262)) - group-DF427437EA4B: The snapshot info is null. Setting the last applied indexto:(t:0, i:~)
2023-07-13 06:11:09,320 [42c94fbf-dc57-4435-80ab-f9b7a4e6d382-groupManagement] INFO  server.RaftServerConfigKeys (ConfUtils.java:logGet(46)) - raft.server.log.use.memory = false (default)
2023-07-13 06:11:09,320 [42c94fbf-dc57-4435-80ab-f9b7a4e6d382-groupManagement] INFO  server.RaftServerConfigKeys (ConfUtils.java:logGet(46)) - raft.server.log.purge.gap = 1000000 (custom)
2023-07-13 06:11:09,320 [42c94fbf-dc57-4435-80ab-f9b7a4e6d382-groupManagement] INFO  server.RaftServerConfigKeys (ConfUtils.java:logGet(46)) - raft.server.log.appender.buffer.byte-limit = 33554432 (custom)
2023-07-13 06:11:09,320 [42c94fbf-dc57-4435-80ab-f9b7a4e6d382-groupManagement] INFO  server.RaftServerConfigKeys (ConfUtils.java:logGet(46)) - raft.server.log.statemachine.data.read.timeout = 1000ms (default)
2023-07-13 06:11:09,320 [42c94fbf-dc57-4435-80ab-f9b7a4e6d382-groupManagement] INFO  server.RaftServerConfigKeys (ConfUtils.java:logGet(46)) - raft.server.log.purge.preservation.log.num = 0 (default)
2023-07-13 06:11:09,321 [42c94fbf-dc57-4435-80ab-f9b7a4e6d382-groupManagement] INFO  server.RaftServerConfigKeys (ConfUtils.java:logGet(46)) - raft.server.log.segment.size.max = 1048576 (custom)
2023-07-13 06:11:09,321 [42c94fbf-dc57-4435-80ab-f9b7a4e6d382-groupManagement] INFO  server.RaftServerConfigKeys (ConfUtils.java:logGet(46)) - raft.server.log.segment.cache.num.max = 2 (custom)
2023-07-13 06:11:09,321 [42c94fbf-dc57-4435-80ab-f9b7a4e6d382-groupManagement] INFO  server.RaftServerConfigKeys (ConfUtils.java:logGet(46)) - raft.server.log.segment.cache.size.max = 200MB (=209715200) (default)
2023-07-13 06:11:09,322 [42c94fbf-dc57-4435-80ab-f9b7a4e6d382-groupManagement] INFO  server.RaftServerConfigKeys (ConfUtils.java:logGet(46)) - raft.server.log.appender.buffer.byte-limit = 33554432 (custom)
2023-07-13 06:11:09,322 [42c94fbf-dc57-4435-80ab-f9b7a4e6d382-groupManagement] INFO  segmented.SegmentedRaftLogWorker (SegmentedRaftLogWorker.java:<init>(188)) - new 42c94fbf-dc57-4435-80ab-f9b7a4e6d382@group-DF427437EA4B-SegmentedRaftLogWorker for RaftStorageImpl:Storage Directory /home/runner/work/ozone/ozone/hadoop-ozone/integration-test/target/test-dir/MiniOzoneClusterImpl-40c29f8c-30b3-4208-9c4d-d76d276bda5b/datanode-7/data/ratis/1f042781-405f-4473-aded-df427437ea4b
2023-07-13 06:11:09,322 [42c94fbf-dc57-4435-80ab-f9b7a4e6d382-groupManagement] INFO  server.RaftServerConfigKeys (ConfUtils.java:logGet(46)) - raft.server.log.queue.byte-limit = 4294967296 (custom)
2023-07-13 06:11:09,322 [42c94fbf-dc57-4435-80ab-f9b7a4e6d382-groupManagement] INFO  server.RaftServerConfigKeys (ConfUtils.java:logGet(46)) - raft.server.log.queue.element-limit = 1024 (custom)
2023-07-13 06:11:09,322 [42c94fbf-dc57-4435-80ab-f9b7a4e6d382-groupManagement] INFO  server.RaftServerConfigKeys (ConfUtils.java:logGet(46)) - raft.server.log.segment.size.max = 1048576 (custom)
2023-07-13 06:11:09,322 [42c94fbf-dc57-4435-80ab-f9b7a4e6d382-groupManagement] INFO  server.RaftServerConfigKeys (ConfUtils.java:logGet(46)) - raft.server.log.preallocated.size = 16384 (custom)
2023-07-13 06:11:09,322 [42c94fbf-dc57-4435-80ab-f9b7a4e6d382-groupManagement] INFO  server.RaftServerConfigKeys (ConfUtils.java:logGet(46)) - raft.server.log.force.sync.num = 128 (default)
2023-07-13 06:11:09,322 [42c94fbf-dc57-4435-80ab-f9b7a4e6d382-groupManagement] INFO  server.RaftServerConfigKeys (ConfUtils.java:logGet(46)) - raft.server.log.statemachine.data.sync = true (default)
2023-07-13 06:11:09,322 [42c94fbf-dc57-4435-80ab-f9b7a4e6d382-groupManagement] INFO  server.RaftServerConfigKeys (ConfUtils.java:logGet(46)) - raft.server.log.statemachine.data.sync.timeout = 10s (default)
2023-07-13 06:11:09,322 [42c94fbf-dc57-4435-80ab-f9b7a4e6d382-groupManagement] INFO  server.RaftServerConfigKeys (ConfUtils.java:logGet(46)) - raft.server.log.statemachine.data.sync.timeout.retry = -1 (default)
2023-07-13 06:11:09,323 [42c94fbf-dc57-4435-80ab-f9b7a4e6d382-groupManagement] INFO  server.RaftServerConfigKeys (ConfUtils.java:logGet(46)) - raft.server.log.write.buffer.size = 1048576 (custom)
2023-07-13 06:11:09,324 [42c94fbf-dc57-4435-80ab-f9b7a4e6d382-groupManagement] INFO  server.RaftServerConfigKeys (ConfUtils.java:logGet(46)) - raft.server.log.appender.buffer.byte-limit = 33554432 (custom)
2023-07-13 06:11:09,331 [42c94fbf-dc57-4435-80ab-f9b7a4e6d382-groupManagement] INFO  server.RaftServerConfigKeys (ConfUtils.java:logGet(46)) - raft.server.log.unsafe-flush.enabled = false (default)
2023-07-13 06:11:09,331 [42c94fbf-dc57-4435-80ab-f9b7a4e6d382-groupManagement] INFO  server.RaftServerConfigKeys (ConfUtils.java:logGet(46)) - raft.server.log.async-flush.enabled = false (default)
2023-07-13 06:11:09,331 [42c94fbf-dc57-4435-80ab-f9b7a4e6d382-groupManagement] INFO  server.RaftServerConfigKeys (ConfUtils.java:logGet(46)) - raft.server.log.statemachine.data.caching.enabled = true (custom)
2023-07-13 06:11:09,332 [42c94fbf-dc57-4435-80ab-f9b7a4e6d382-groupManagement] INFO  segmented.SegmentedRaftLogWorker (SegmentedRaftLogWorker.java:lambda$new$0(135)) - 42c94fbf-dc57-4435-80ab-f9b7a4e6d382@group-DF427437EA4B-SegmentedRaftLogWorker: flushIndex: setUnconditionally 0 -> -1
2023-07-13 06:11:09,332 [42c94fbf-dc57-4435-80ab-f9b7a4e6d382-groupManagement] INFO  segmented.SegmentedRaftLogWorker (SegmentedRaftLogWorker.java:lambda$new$0(135)) - 42c94fbf-dc57-4435-80ab-f9b7a4e6d382@group-DF427437EA4B-SegmentedRaftLogWorker: safeCacheEvictIndex: setUnconditionally 0 -> -1
2023-07-13 06:11:09,332 [42c94fbf-dc57-4435-80ab-f9b7a4e6d382-groupManagement] INFO  server.RaftServer$Division (RaftServerImpl.java:start(342)) - 42c94fbf-dc57-4435-80ab-f9b7a4e6d382@group-DF427437EA4B: start as a follower, conf=-1: peers:[aeec539b-574d-4d91-8fa7-d5e640bad944|rpc:10.1.0.28:15068|admin:10.1.0.28:15067|client:10.1.0.28:15066|dataStream:10.1.0.28:15069|priority:1|startupRole:FOLLOWER, 42c94fbf-dc57-4435-80ab-f9b7a4e6d382|rpc:10.1.0.28:15077|admin:10.1.0.28:15076|client:10.1.0.28:15075|dataStream:10.1.0.28:15078|priority:0|startupRole:FOLLOWER, d12304a5-d481-4f9e-9203-502383e83214|rpc:10.1.0.28:15086|admin:10.1.0.28:15085|client:10.1.0.28:15084|dataStream:10.1.0.28:15087|priority:0|startupRole:FOLLOWER]|listeners:[], old=null
2023-07-13 06:11:09,332 [42c94fbf-dc57-4435-80ab-f9b7a4e6d382-groupManagement] INFO  server.RaftServer$Division (RaftServerImpl.java:setRole(329)) - 42c94fbf-dc57-4435-80ab-f9b7a4e6d382@group-DF427437EA4B: changes role from      null to FOLLOWER at term 0 for startAsFollower
2023-07-13 06:11:09,332 [42c94fbf-dc57-4435-80ab-f9b7a4e6d382-groupManagement] INFO  impl.RoleInfo (RoleInfo.java:updateAndGet(139)) - 42c94fbf-dc57-4435-80ab-f9b7a4e6d382: start 42c94fbf-dc57-4435-80ab-f9b7a4e6d382@group-DF427437EA4B-FollowerState
2023-07-13 06:11:09,337 [42c94fbf-dc57-4435-80ab-f9b7a4e6d382-groupManagement] INFO  util.JmxRegister (JmxRegister.java:tryRegister(44)) - Successfully registered JMX Bean with object name Ratis:service=RaftServer,group=group-DF427437EA4B,id=42c94fbf-dc57-4435-80ab-f9b7a4e6d382
2023-07-13 06:11:09,337 [42c94fbf-dc57-4435-80ab-f9b7a4e6d382-groupManagement] INFO  server.RaftServerConfigKeys (ConfUtils.java:logGet(46)) - raft.server.snapshot.auto.trigger.enabled = true (custom)
2023-07-13 06:11:09,337 [42c94fbf-dc57-4435-80ab-f9b7a4e6d382-groupManagement] INFO  server.RaftServerConfigKeys (ConfUtils.java:logGet(46)) - raft.server.snapshot.auto.trigger.threshold = 10000 (custom)
2023-07-13 06:11:09,337 [42c94fbf-dc57-4435-80ab-f9b7a4e6d382-groupManagement] INFO  server.RaftServerConfigKeys (ConfUtils.java:logGet(46)) - raft.server.snapshot.retention.file.num = 5 (custom)
2023-07-13 06:11:09,337 [42c94fbf-dc57-4435-80ab-f9b7a4e6d382-groupManagement] INFO  server.RaftServerConfigKeys (ConfUtils.java:logGet(46)) - raft.server.log.purge.upto.snapshot.index = false (default)
2023-07-13 06:11:09,338 [42c94fbf-dc57-4435-80ab-f9b7a4e6d382@group-DF427437EA4B-FollowerState] INFO  server.RaftServerConfigKeys (ConfUtils.java:logFallback(53)) - raft.server.rpc.first-election.timeout.min = 5s (fallback to raft.server.rpc.timeout.min)
2023-07-13 06:11:09,338 [42c94fbf-dc57-4435-80ab-f9b7a4e6d382@group-DF427437EA4B-FollowerState] INFO  server.RaftServerConfigKeys (ConfUtils.java:logFallback(53)) - raft.server.rpc.first-election.timeout.max = 5200ms (fallback to raft.server.rpc.timeout.max)
2023-07-13 06:11:09,374 [grpc-default-executor-1] INFO  server.RaftServer (RaftServerProxy.java:addNew(98)) - d12304a5-d481-4f9e-9203-502383e83214: addNew group-DF427437EA4B:[aeec539b-574d-4d91-8fa7-d5e640bad944|rpc:10.1.0.28:15068|admin:10.1.0.28:15067|client:10.1.0.28:15066|dataStream:10.1.0.28:15069|priority:1|startupRole:FOLLOWER, 42c94fbf-dc57-4435-80ab-f9b7a4e6d382|rpc:10.1.0.28:15077|admin:10.1.0.28:15076|client:10.1.0.28:15075|dataStream:10.1.0.28:15078|priority:0|startupRole:FOLLOWER, d12304a5-d481-4f9e-9203-502383e83214|rpc:10.1.0.28:15086|admin:10.1.0.28:15085|client:10.1.0.28:15084|dataStream:10.1.0.28:15087|priority:0|startupRole:FOLLOWER] returns group-DF427437EA4B:java.util.concurrent.CompletableFuture@622e51c8[Not completed]
2023-07-13 06:11:09,376 [d12304a5-d481-4f9e-9203-502383e83214-groupManagement] INFO  server.RaftServer$Division (RaftServerImpl.java:<init>(198)) - d12304a5-d481-4f9e-9203-502383e83214: new RaftServerImpl for group-DF427437EA4B:[aeec539b-574d-4d91-8fa7-d5e640bad944|rpc:10.1.0.28:15068|admin:10.1.0.28:15067|client:10.1.0.28:15066|dataStream:10.1.0.28:15069|priority:1|startupRole:FOLLOWER, 42c94fbf-dc57-4435-80ab-f9b7a4e6d382|rpc:10.1.0.28:15077|admin:10.1.0.28:15076|client:10.1.0.28:15075|dataStream:10.1.0.28:15078|priority:0|startupRole:FOLLOWER, d12304a5-d481-4f9e-9203-502383e83214|rpc:10.1.0.28:15086|admin:10.1.0.28:15085|client:10.1.0.28:15084|dataStream:10.1.0.28:15087|priority:0|startupRole:FOLLOWER] with ContainerStateMachine:uninitialized
2023-07-13 06:11:09,376 [d12304a5-d481-4f9e-9203-502383e83214-groupManagement] INFO  server.RaftServerConfigKeys (ConfUtils.java:logGet(46)) - raft.server.rpc.timeout.min = 5s (custom)
2023-07-13 06:11:09,376 [d12304a5-d481-4f9e-9203-502383e83214-groupManagement] INFO  server.RaftServerConfigKeys (ConfUtils.java:logGet(46)) - raft.server.rpc.timeout.max = 5200ms (custom)
2023-07-13 06:11:09,376 [d12304a5-d481-4f9e-9203-502383e83214-groupManagement] INFO  server.RaftServerConfigKeys (ConfUtils.java:logGet(46)) - raft.server.rpc.sleep.time = 25ms (default)
2023-07-13 06:11:09,376 [d12304a5-d481-4f9e-9203-502383e83214-groupManagement] INFO  server.RaftServerConfigKeys (ConfUtils.java:logGet(46)) - raft.server.rpc.slowness.timeout = 300s (custom)
2023-07-13 06:11:09,377 [d12304a5-d481-4f9e-9203-502383e83214-groupManagement] INFO  server.RaftServerConfigKeys (ConfUtils.java:logGet(46)) - raft.server.leaderelection.leader.step-down.wait-time = 10s (default)
2023-07-13 06:11:09,377 [d12304a5-d481-4f9e-9203-502383e83214-groupManagement] INFO  server.RaftServerConfigKeys (ConfUtils.java:logGet(46)) - raft.server.sleep.deviation.threshold = 300ms (default)
2023-07-13 06:11:09,377 [d12304a5-d481-4f9e-9203-502383e83214-groupManagement] INFO  server.RaftServer$Division (ServerState.java:<init>(120)) - d12304a5-d481-4f9e-9203-502383e83214@group-DF427437EA4B: ConfigurationManager, init=-1: peers:[aeec539b-574d-4d91-8fa7-d5e640bad944|rpc:10.1.0.28:15068|admin:10.1.0.28:15067|client:10.1.0.28:15066|dataStream:10.1.0.28:15069|priority:1|startupRole:FOLLOWER, 42c94fbf-dc57-4435-80ab-f9b7a4e6d382|rpc:10.1.0.28:15077|admin:10.1.0.28:15076|client:10.1.0.28:15075|dataStream:10.1.0.28:15078|priority:0|startupRole:FOLLOWER, d12304a5-d481-4f9e-9203-502383e83214|rpc:10.1.0.28:15086|admin:10.1.0.28:15085|client:10.1.0.28:15084|dataStream:10.1.0.28:15087|priority:0|startupRole:FOLLOWER]|listeners:[], old=null, confs=<EMPTY_MAP>
2023-07-13 06:11:09,377 [d12304a5-d481-4f9e-9203-502383e83214-groupManagement] INFO  server.RaftServerConfigKeys (ConfUtils.java:logGet(46)) - raft.server.storage.dir = [/home/runner/work/ozone/ozone/hadoop-ozone/integration-test/target/test-dir/MiniOzoneClusterImpl-40c29f8c-30b3-4208-9c4d-d76d276bda5b/datanode-8/data/ratis] (custom)
2023-07-13 06:11:09,377 [d12304a5-d481-4f9e-9203-502383e83214-groupManagement] INFO  server.RaftServerConfigKeys (ConfUtils.java:logGet(46)) - raft.server.log.corruption.policy = EXCEPTION (default)
2023-07-13 06:11:09,377 [d12304a5-d481-4f9e-9203-502383e83214-groupManagement] INFO  server.RaftServerConfigKeys (ConfUtils.java:logGet(46)) - raft.server.storage.free-space.min = 0MB (=0) (default)
2023-07-13 06:11:09,377 [d12304a5-d481-4f9e-9203-502383e83214-groupManagement] INFO  server.RaftServerConfigKeys (ConfUtils.java:logGet(46)) - raft.server.notification.no-leader.timeout = 300s (custom)
2023-07-13 06:11:09,378 [d12304a5-d481-4f9e-9203-502383e83214-groupManagement] INFO  server.RaftServerConfigKeys (ConfUtils.java:logGet(46)) - raft.server.read.timeout = 10s (default)
2023-07-13 06:11:09,378 [d12304a5-d481-4f9e-9203-502383e83214-groupManagement] INFO  server.RaftServerConfigKeys (ConfUtils.java:logGet(46)) - raft.server.retrycache.expirytime = 600000ms (custom)
2023-07-13 06:11:09,378 [d12304a5-d481-4f9e-9203-502383e83214-groupManagement] INFO  server.RaftServerConfigKeys (ConfUtils.java:logGet(46)) - raft.server.retrycache.statistics.expirytime = 100μs (default)
2023-07-13 06:11:09,378 [d12304a5-d481-4f9e-9203-502383e83214-groupManagement] INFO  server.RaftServerConfigKeys (ConfUtils.java:logGet(46)) - raft.server.read.option = DEFAULT (default)
2023-07-13 06:11:09,380 [d12304a5-d481-4f9e-9203-502383e83214-groupManagement] INFO  server.RaftServerConfigKeys (ConfUtils.java:logGet(46)) - raft.server.rpc.request.timeout = 60s (custom)
2023-07-13 06:11:09,380 [d12304a5-d481-4f9e-9203-502383e83214-groupManagement] INFO  server.RaftServerConfigKeys (ConfUtils.java:logGet(46)) - raft.server.log.appender.install.snapshot.enabled = false (custom)
2023-07-13 06:11:09,380 [d12304a5-d481-4f9e-9203-502383e83214-groupManagement] INFO  server.RaftServerConfigKeys (ConfUtils.java:logGet(46)) - raft.server.threadpool.server.cached = true (default)
2023-07-13 06:11:09,381 [d12304a5-d481-4f9e-9203-502383e83214-groupManagement] INFO  server.RaftServerConfigKeys (ConfUtils.java:logGet(46)) - raft.server.threadpool.server.size = 0 (default)
2023-07-13 06:11:09,381 [d12304a5-d481-4f9e-9203-502383e83214-groupManagement] INFO  server.RaftServerConfigKeys (ConfUtils.java:logGet(46)) - raft.server.threadpool.client.cached = true (default)
2023-07-13 06:11:09,381 [d12304a5-d481-4f9e-9203-502383e83214-groupManagement] INFO  server.RaftServerConfigKeys (ConfUtils.java:logGet(46)) - raft.server.threadpool.client.size = 0 (default)
2023-07-13 06:11:09,381 [d12304a5-d481-4f9e-9203-502383e83214-groupManagement] INFO  storage.RaftStorageDirectory (RaftStorageDirectoryImpl.java:analyzeStorage(137)) - The storage directory /home/runner/work/ozone/ozone/hadoop-ozone/integration-test/target/test-dir/MiniOzoneClusterImpl-40c29f8c-30b3-4208-9c4d-d76d276bda5b/datanode-8/data/ratis/1f042781-405f-4473-aded-df427437ea4b does not exist. Creating ...
2023-07-13 06:11:09,383 [d12304a5-d481-4f9e-9203-502383e83214-groupManagement] INFO  storage.RaftStorageDirectory (RaftStorageDirectoryImpl.java:tryLock(231)) - Lock on /home/runner/work/ozone/ozone/hadoop-ozone/integration-test/target/test-dir/MiniOzoneClusterImpl-40c29f8c-30b3-4208-9c4d-d76d276bda5b/datanode-8/data/ratis/1f042781-405f-4473-aded-df427437ea4b/in_use.lock acquired by nodename 110901@fv-az932-602
2023-07-13 06:11:09,385 [d12304a5-d481-4f9e-9203-502383e83214-groupManagement] INFO  storage.RaftStorage (RaftStorageImpl.java:format(96)) - Storage directory /home/runner/work/ozone/ozone/hadoop-ozone/integration-test/target/test-dir/MiniOzoneClusterImpl-40c29f8c-30b3-4208-9c4d-d76d276bda5b/datanode-8/data/ratis/1f042781-405f-4473-aded-df427437ea4b has been successfully formatted.
2023-07-13 06:11:09,387 [d12304a5-d481-4f9e-9203-502383e83214-groupManagement] INFO  ratis.ContainerStateMachine (ContainerStateMachine.java:loadSnapshot(262)) - group-DF427437EA4B: The snapshot info is null. Setting the last applied indexto:(t:0, i:~)
2023-07-13 06:11:09,387 [d12304a5-d481-4f9e-9203-502383e83214-groupManagement] INFO  server.RaftServerConfigKeys (ConfUtils.java:logGet(46)) - raft.server.log.use.memory = false (default)
2023-07-13 06:11:09,387 [d12304a5-d481-4f9e-9203-502383e83214-groupManagement] INFO  server.RaftServerConfigKeys (ConfUtils.java:logGet(46)) - raft.server.log.purge.gap = 1000000 (custom)
2023-07-13 06:11:09,388 [d12304a5-d481-4f9e-9203-502383e83214-groupManagement] INFO  server.RaftServerConfigKeys (ConfUtils.java:logGet(46)) - raft.server.log.appender.buffer.byte-limit = 33554432 (custom)
2023-07-13 06:11:09,388 [d12304a5-d481-4f9e-9203-502383e83214-groupManagement] INFO  server.RaftServerConfigKeys (ConfUtils.java:logGet(46)) - raft.server.log.statemachine.data.read.timeout = 1000ms (default)
2023-07-13 06:11:09,388 [d12304a5-d481-4f9e-9203-502383e83214-groupManagement] INFO  server.RaftServerConfigKeys (ConfUtils.java:logGet(46)) - raft.server.log.purge.preservation.log.num = 0 (default)
2023-07-13 06:11:09,388 [d12304a5-d481-4f9e-9203-502383e83214-groupManagement] INFO  server.RaftServerConfigKeys (ConfUtils.java:logGet(46)) - raft.server.log.segment.size.max = 1048576 (custom)
2023-07-13 06:11:09,388 [d12304a5-d481-4f9e-9203-502383e83214-groupManagement] INFO  server.RaftServerConfigKeys (ConfUtils.java:logGet(46)) - raft.server.log.segment.cache.num.max = 2 (custom)
2023-07-13 06:11:09,389 [d12304a5-d481-4f9e-9203-502383e83214-groupManagement] INFO  server.RaftServerConfigKeys (ConfUtils.java:logGet(46)) - raft.server.log.segment.cache.size.max = 200MB (=209715200) (default)
2023-07-13 06:11:09,389 [d12304a5-d481-4f9e-9203-502383e83214-groupManagement] INFO  server.RaftServerConfigKeys (ConfUtils.java:logGet(46)) - raft.server.log.appender.buffer.byte-limit = 33554432 (custom)
2023-07-13 06:11:09,389 [d12304a5-d481-4f9e-9203-502383e83214-groupManagement] INFO  segmented.SegmentedRaftLogWorker (SegmentedRaftLogWorker.java:<init>(188)) - new d12304a5-d481-4f9e-9203-502383e83214@group-DF427437EA4B-SegmentedRaftLogWorker for RaftStorageImpl:Storage Directory /home/runner/work/ozone/ozone/hadoop-ozone/integration-test/target/test-dir/MiniOzoneClusterImpl-40c29f8c-30b3-4208-9c4d-d76d276bda5b/datanode-8/data/ratis/1f042781-405f-4473-aded-df427437ea4b
2023-07-13 06:11:09,389 [d12304a5-d481-4f9e-9203-502383e83214-groupManagement] INFO  server.RaftServerConfigKeys (ConfUtils.java:logGet(46)) - raft.server.log.queue.byte-limit = 4294967296 (custom)
2023-07-13 06:11:09,389 [d12304a5-d481-4f9e-9203-502383e83214-groupManagement] INFO  server.RaftServerConfigKeys (ConfUtils.java:logGet(46)) - raft.server.log.queue.element-limit = 1024 (custom)
2023-07-13 06:11:09,389 [d12304a5-d481-4f9e-9203-502383e83214-groupManagement] INFO  server.RaftServerConfigKeys (ConfUtils.java:logGet(46)) - raft.server.log.segment.size.max = 1048576 (custom)
2023-07-13 06:11:09,389 [d12304a5-d481-4f9e-9203-502383e83214-groupManagement] INFO  server.RaftServerConfigKeys (ConfUtils.java:logGet(46)) - raft.server.log.preallocated.size = 16384 (custom)
2023-07-13 06:11:09,389 [d12304a5-d481-4f9e-9203-502383e83214-groupManagement] INFO  server.RaftServerConfigKeys (ConfUtils.java:logGet(46)) - raft.server.log.force.sync.num = 128 (default)
2023-07-13 06:11:09,390 [d12304a5-d481-4f9e-9203-502383e83214-groupManagement] INFO  server.RaftServerConfigKeys (ConfUtils.java:logGet(46)) - raft.server.log.statemachine.data.sync = true (default)
2023-07-13 06:11:09,390 [d12304a5-d481-4f9e-9203-502383e83214-groupManagement] INFO  server.RaftServerConfigKeys (ConfUtils.java:logGet(46)) - raft.server.log.statemachine.data.sync.timeout = 10s (default)
2023-07-13 06:11:09,390 [d12304a5-d481-4f9e-9203-502383e83214-groupManagement] INFO  server.RaftServerConfigKeys (ConfUtils.java:logGet(46)) - raft.server.log.statemachine.data.sync.timeout.retry = -1 (default)
2023-07-13 06:11:09,391 [d12304a5-d481-4f9e-9203-502383e83214-groupManagement] INFO  server.RaftServerConfigKeys (ConfUtils.java:logGet(46)) - raft.server.log.write.buffer.size = 1048576 (custom)
2023-07-13 06:11:09,392 [d12304a5-d481-4f9e-9203-502383e83214-groupManagement] INFO  server.RaftServerConfigKeys (ConfUtils.java:logGet(46)) - raft.server.log.appender.buffer.byte-limit = 33554432 (custom)
2023-07-13 06:11:09,398 [d12304a5-d481-4f9e-9203-502383e83214-groupManagement] INFO  server.RaftServerConfigKeys (ConfUtils.java:logGet(46)) - raft.server.log.unsafe-flush.enabled = false (default)
2023-07-13 06:11:09,399 [d12304a5-d481-4f9e-9203-502383e83214-groupManagement] INFO  server.RaftServerConfigKeys (ConfUtils.java:logGet(46)) - raft.server.log.async-flush.enabled = false (default)
2023-07-13 06:11:09,399 [d12304a5-d481-4f9e-9203-502383e83214-groupManagement] INFO  server.RaftServerConfigKeys (ConfUtils.java:logGet(46)) - raft.server.log.statemachine.data.caching.enabled = true (custom)
2023-07-13 06:11:09,399 [d12304a5-d481-4f9e-9203-502383e83214-groupManagement] INFO  segmented.SegmentedRaftLogWorker (SegmentedRaftLogWorker.java:lambda$new$0(135)) - d12304a5-d481-4f9e-9203-502383e83214@group-DF427437EA4B-SegmentedRaftLogWorker: flushIndex: setUnconditionally 0 -> -1
2023-07-13 06:11:09,399 [d12304a5-d481-4f9e-9203-502383e83214-groupManagement] INFO  segmented.SegmentedRaftLogWorker (SegmentedRaftLogWorker.java:lambda$new$0(135)) - d12304a5-d481-4f9e-9203-502383e83214@group-DF427437EA4B-SegmentedRaftLogWorker: safeCacheEvictIndex: setUnconditionally 0 -> -1
2023-07-13 06:11:09,402 [d12304a5-d481-4f9e-9203-502383e83214-groupManagement] INFO  server.RaftServer$Division (RaftServerImpl.java:start(342)) - d12304a5-d481-4f9e-9203-502383e83214@group-DF427437EA4B: start as a follower, conf=-1: peers:[aeec539b-574d-4d91-8fa7-d5e640bad944|rpc:10.1.0.28:15068|admin:10.1.0.28:15067|client:10.1.0.28:15066|dataStream:10.1.0.28:15069|priority:1|startupRole:FOLLOWER, 42c94fbf-dc57-4435-80ab-f9b7a4e6d382|rpc:10.1.0.28:15077|admin:10.1.0.28:15076|client:10.1.0.28:15075|dataStream:10.1.0.28:15078|priority:0|startupRole:FOLLOWER, d12304a5-d481-4f9e-9203-502383e83214|rpc:10.1.0.28:15086|admin:10.1.0.28:15085|client:10.1.0.28:15084|dataStream:10.1.0.28:15087|priority:0|startupRole:FOLLOWER]|listeners:[], old=null
2023-07-13 06:11:09,402 [d12304a5-d481-4f9e-9203-502383e83214-groupManagement] INFO  server.RaftServer$Division (RaftServerImpl.java:setRole(329)) - d12304a5-d481-4f9e-9203-502383e83214@group-DF427437EA4B: changes role from      null to FOLLOWER at term 0 for startAsFollower
2023-07-13 06:11:09,402 [d12304a5-d481-4f9e-9203-502383e83214-groupManagement] INFO  impl.RoleInfo (RoleInfo.java:updateAndGet(139)) - d12304a5-d481-4f9e-9203-502383e83214: start d12304a5-d481-4f9e-9203-502383e83214@group-DF427437EA4B-FollowerState
2023-07-13 06:11:09,404 [d12304a5-d481-4f9e-9203-502383e83214-groupManagement] INFO  util.JmxRegister (JmxRegister.java:tryRegister(44)) - Successfully registered JMX Bean with object name Ratis:service=RaftServer,group=group-DF427437EA4B,id=d12304a5-d481-4f9e-9203-502383e83214
2023-07-13 06:11:09,404 [d12304a5-d481-4f9e-9203-502383e83214-groupManagement] INFO  server.RaftServerConfigKeys (ConfUtils.java:logGet(46)) - raft.server.snapshot.auto.trigger.enabled = true (custom)
2023-07-13 06:11:09,404 [d12304a5-d481-4f9e-9203-502383e83214-groupManagement] INFO  server.RaftServerConfigKeys (ConfUtils.java:logGet(46)) - raft.server.snapshot.auto.trigger.threshold = 10000 (custom)
2023-07-13 06:11:09,404 [d12304a5-d481-4f9e-9203-502383e83214-groupManagement] INFO  server.RaftServerConfigKeys (ConfUtils.java:logGet(46)) - raft.server.snapshot.retention.file.num = 5 (custom)
2023-07-13 06:11:09,404 [d12304a5-d481-4f9e-9203-502383e83214-groupManagement] INFO  server.RaftServerConfigKeys (ConfUtils.java:logGet(46)) - raft.server.log.purge.upto.snapshot.index = false (default)
2023-07-13 06:11:09,405 [d12304a5-d481-4f9e-9203-502383e83214@group-DF427437EA4B-FollowerState] INFO  server.RaftServerConfigKeys (ConfUtils.java:logFallback(53)) - raft.server.rpc.first-election.timeout.min = 5s (fallback to raft.server.rpc.timeout.min)
2023-07-13 06:11:09,405 [d12304a5-d481-4f9e-9203-502383e83214@group-DF427437EA4B-FollowerState] INFO  server.RaftServerConfigKeys (ConfUtils.java:logFallback(53)) - raft.server.rpc.first-election.timeout.max = 5200ms (fallback to raft.server.rpc.timeout.max)
2023-07-13 06:11:09,426 [PipelineCommandHandlerThread-0] INFO  commandhandler.CreatePipelineCommandHandler (CreatePipelineCommandHandler.java:lambda$handle$2(124)) - Created Pipeline RATIS THREE PipelineID=1f042781-405f-4473-aded-df427437ea4b.
2023-07-13 06:11:09,427 [PipelineCommandHandlerThread-0] INFO  server.RaftServer (RaftServerProxy.java:addNew(98)) - aeec539b-574d-4d91-8fa7-d5e640bad944: addNew group-F88CADE39363:[aeec539b-574d-4d91-8fa7-d5e640bad944|rpc:10.1.0.28:15068|admin:10.1.0.28:15067|client:10.1.0.28:15066|dataStream:10.1.0.28:15069|priority:0|startupRole:FOLLOWER, 42c94fbf-dc57-4435-80ab-f9b7a4e6d382|rpc:10.1.0.28:15077|admin:10.1.0.28:15076|client:10.1.0.28:15075|dataStream:10.1.0.28:15078|priority:0|startupRole:FOLLOWER, d12304a5-d481-4f9e-9203-502383e83214|rpc:10.1.0.28:15086|admin:10.1.0.28:15085|client:10.1.0.28:15084|dataStream:10.1.0.28:15087|priority:1|startupRole:FOLLOWER] returns group-F88CADE39363:java.util.concurrent.CompletableFuture@1a8a5b4f[Not completed]
2023-07-13 06:11:09,428 [aeec539b-574d-4d91-8fa7-d5e640bad944-groupManagement] INFO  server.RaftServer$Division (RaftServerImpl.java:<init>(198)) - aeec539b-574d-4d91-8fa7-d5e640bad944: new RaftServerImpl for group-F88CADE39363:[aeec539b-574d-4d91-8fa7-d5e640bad944|rpc:10.1.0.28:15068|admin:10.1.0.28:15067|client:10.1.0.28:15066|dataStream:10.1.0.28:15069|priority:0|startupRole:FOLLOWER, 42c94fbf-dc57-4435-80ab-f9b7a4e6d382|rpc:10.1.0.28:15077|admin:10.1.0.28:15076|client:10.1.0.28:15075|dataStream:10.1.0.28:15078|priority:0|startupRole:FOLLOWER, d12304a5-d481-4f9e-9203-502383e83214|rpc:10.1.0.28:15086|admin:10.1.0.28:15085|client:10.1.0.28:15084|dataStream:10.1.0.28:15087|priority:1|startupRole:FOLLOWER] with ContainerStateMachine:uninitialized
2023-07-13 06:11:09,428 [aeec539b-574d-4d91-8fa7-d5e640bad944-groupManagement] INFO  server.RaftServerConfigKeys (ConfUtils.java:logGet(46)) - raft.server.rpc.timeout.min = 5s (custom)
2023-07-13 06:11:09,428 [aeec539b-574d-4d91-8fa7-d5e640bad944-groupManagement] INFO  server.RaftServerConfigKeys (ConfUtils.java:logGet(46)) - raft.server.rpc.timeout.max = 5200ms (custom)
2023-07-13 06:11:09,428 [aeec539b-574d-4d91-8fa7-d5e640bad944-groupManagement] INFO  server.RaftServerConfigKeys (ConfUtils.java:logGet(46)) - raft.server.rpc.sleep.time = 25ms (default)
2023-07-13 06:11:09,428 [aeec539b-574d-4d91-8fa7-d5e640bad944-groupManagement] INFO  server.RaftServerConfigKeys (ConfUtils.java:logGet(46)) - raft.server.rpc.slowness.timeout = 300s (custom)
2023-07-13 06:11:09,428 [aeec539b-574d-4d91-8fa7-d5e640bad944-groupManagement] INFO  server.RaftServerConfigKeys (ConfUtils.java:logGet(46)) - raft.server.leaderelection.leader.step-down.wait-time = 10s (default)
2023-07-13 06:11:09,428 [aeec539b-574d-4d91-8fa7-d5e640bad944-groupManagement] INFO  server.RaftServerConfigKeys (ConfUtils.java:logGet(46)) - raft.server.sleep.deviation.threshold = 300ms (default)
2023-07-13 06:11:09,429 [aeec539b-574d-4d91-8fa7-d5e640bad944-groupManagement] INFO  server.RaftServer$Division (ServerState.java:<init>(120)) - aeec539b-574d-4d91-8fa7-d5e640bad944@group-F88CADE39363: ConfigurationManager, init=-1: peers:[aeec539b-574d-4d91-8fa7-d5e640bad944|rpc:10.1.0.28:15068|admin:10.1.0.28:15067|client:10.1.0.28:15066|dataStream:10.1.0.28:15069|priority:0|startupRole:FOLLOWER, 42c94fbf-dc57-4435-80ab-f9b7a4e6d382|rpc:10.1.0.28:15077|admin:10.1.0.28:15076|client:10.1.0.28:15075|dataStream:10.1.0.28:15078|priority:0|startupRole:FOLLOWER, d12304a5-d481-4f9e-9203-502383e83214|rpc:10.1.0.28:15086|admin:10.1.0.28:15085|client:10.1.0.28:15084|dataStream:10.1.0.28:15087|priority:1|startupRole:FOLLOWER]|listeners:[], old=null, confs=<EMPTY_MAP>
2023-07-13 06:11:09,429 [aeec539b-574d-4d91-8fa7-d5e640bad944-groupManagement] INFO  server.RaftServerConfigKeys (ConfUtils.java:logGet(46)) - raft.server.storage.dir = [/home/runner/work/ozone/ozone/hadoop-ozone/integration-test/target/test-dir/MiniOzoneClusterImpl-40c29f8c-30b3-4208-9c4d-d76d276bda5b/datanode-6/data/ratis] (custom)
2023-07-13 06:11:09,429 [aeec539b-574d-4d91-8fa7-d5e640bad944-groupManagement] INFO  server.RaftServerConfigKeys (ConfUtils.java:logGet(46)) - raft.server.log.corruption.policy = EXCEPTION (default)
2023-07-13 06:11:09,429 [aeec539b-574d-4d91-8fa7-d5e640bad944-groupManagement] INFO  server.RaftServerConfigKeys (ConfUtils.java:logGet(46)) - raft.server.storage.free-space.min = 0MB (=0) (default)
2023-07-13 06:11:09,429 [aeec539b-574d-4d91-8fa7-d5e640bad944-groupManagement] INFO  server.RaftServerConfigKeys (ConfUtils.java:logGet(46)) - raft.server.notification.no-leader.timeout = 300s (custom)
2023-07-13 06:11:09,429 [aeec539b-574d-4d91-8fa7-d5e640bad944-groupManagement] INFO  server.RaftServerConfigKeys (ConfUtils.java:logGet(46)) - raft.server.read.timeout = 10s (default)
2023-07-13 06:11:09,429 [aeec539b-574d-4d91-8fa7-d5e640bad944-groupManagement] INFO  server.RaftServerConfigKeys (ConfUtils.java:logGet(46)) - raft.server.retrycache.expirytime = 600000ms (custom)
2023-07-13 06:11:09,429 [aeec539b-574d-4d91-8fa7-d5e640bad944-groupManagement] INFO  server.RaftServerConfigKeys (ConfUtils.java:logGet(46)) - raft.server.retrycache.statistics.expirytime = 100μs (default)
2023-07-13 06:11:09,429 [aeec539b-574d-4d91-8fa7-d5e640bad944-groupManagement] INFO  server.RaftServerConfigKeys (ConfUtils.java:logGet(46)) - raft.server.read.option = DEFAULT (default)
2023-07-13 06:11:09,431 [aeec539b-574d-4d91-8fa7-d5e640bad944-groupManagement] INFO  server.RaftServerConfigKeys (ConfUtils.java:logGet(46)) - raft.server.rpc.request.timeout = 60s (custom)
2023-07-13 06:11:09,431 [aeec539b-574d-4d91-8fa7-d5e640bad944-groupManagement] INFO  server.RaftServerConfigKeys (ConfUtils.java:logGet(46)) - raft.server.log.appender.install.snapshot.enabled = false (custom)
2023-07-13 06:11:09,431 [aeec539b-574d-4d91-8fa7-d5e640bad944-groupManagement] INFO  server.RaftServerConfigKeys (ConfUtils.java:logGet(46)) - raft.server.threadpool.server.cached = true (default)
2023-07-13 06:11:09,431 [aeec539b-574d-4d91-8fa7-d5e640bad944-groupManagement] INFO  server.RaftServerConfigKeys (ConfUtils.java:logGet(46)) - raft.server.threadpool.server.size = 0 (default)
2023-07-13 06:11:09,431 [aeec539b-574d-4d91-8fa7-d5e640bad944-groupManagement] INFO  server.RaftServerConfigKeys (ConfUtils.java:logGet(46)) - raft.server.threadpool.client.cached = true (default)
2023-07-13 06:11:09,431 [aeec539b-574d-4d91-8fa7-d5e640bad944-groupManagement] INFO  server.RaftServerConfigKeys (ConfUtils.java:logGet(46)) - raft.server.threadpool.client.size = 0 (default)
2023-07-13 06:11:09,431 [aeec539b-574d-4d91-8fa7-d5e640bad944-groupManagement] INFO  storage.RaftStorageDirectory (RaftStorageDirectoryImpl.java:analyzeStorage(137)) - The storage directory /home/runner/work/ozone/ozone/hadoop-ozone/integration-test/target/test-dir/MiniOzoneClusterImpl-40c29f8c-30b3-4208-9c4d-d76d276bda5b/datanode-6/data/ratis/7473db23-7357-47bb-8e9a-f88cade39363 does not exist. Creating ...
2023-07-13 06:11:09,433 [aeec539b-574d-4d91-8fa7-d5e640bad944-groupManagement] INFO  storage.RaftStorageDirectory (RaftStorageDirectoryImpl.java:tryLock(231)) - Lock on /home/runner/work/ozone/ozone/hadoop-ozone/integration-test/target/test-dir/MiniOzoneClusterImpl-40c29f8c-30b3-4208-9c4d-d76d276bda5b/datanode-6/data/ratis/7473db23-7357-47bb-8e9a-f88cade39363/in_use.lock acquired by nodename 110901@fv-az932-602
2023-07-13 06:11:09,435 [aeec539b-574d-4d91-8fa7-d5e640bad944-groupManagement] INFO  storage.RaftStorage (RaftStorageImpl.java:format(96)) - Storage directory /home/runner/work/ozone/ozone/hadoop-ozone/integration-test/target/test-dir/MiniOzoneClusterImpl-40c29f8c-30b3-4208-9c4d-d76d276bda5b/datanode-6/data/ratis/7473db23-7357-47bb-8e9a-f88cade39363 has been successfully formatted.
2023-07-13 06:11:09,436 [aeec539b-574d-4d91-8fa7-d5e640bad944-groupManagement] INFO  ratis.ContainerStateMachine (ContainerStateMachine.java:loadSnapshot(262)) - group-F88CADE39363: The snapshot info is null. Setting the last applied indexto:(t:0, i:~)
2023-07-13 06:11:09,437 [aeec539b-574d-4d91-8fa7-d5e640bad944-groupManagement] INFO  server.RaftServerConfigKeys (ConfUtils.java:logGet(46)) - raft.server.log.use.memory = false (default)
2023-07-13 06:11:09,437 [aeec539b-574d-4d91-8fa7-d5e640bad944-groupManagement] INFO  server.RaftServerConfigKeys (ConfUtils.java:logGet(46)) - raft.server.log.purge.gap = 1000000 (custom)
2023-07-13 06:11:09,437 [aeec539b-574d-4d91-8fa7-d5e640bad944-groupManagement] INFO  server.RaftServerConfigKeys (ConfUtils.java:logGet(46)) - raft.server.log.appender.buffer.byte-limit = 33554432 (custom)
2023-07-13 06:11:09,437 [aeec539b-574d-4d91-8fa7-d5e640bad944-groupManagement] INFO  server.RaftServerConfigKeys (ConfUtils.java:logGet(46)) - raft.server.log.statemachine.data.read.timeout = 1000ms (default)
2023-07-13 06:11:09,437 [aeec539b-574d-4d91-8fa7-d5e640bad944-groupManagement] INFO  server.RaftServerConfigKeys (ConfUtils.java:logGet(46)) - raft.server.log.purge.preservation.log.num = 0 (default)
2023-07-13 06:11:09,437 [aeec539b-574d-4d91-8fa7-d5e640bad944-groupManagement] INFO  server.RaftServerConfigKeys (ConfUtils.java:logGet(46)) - raft.server.log.segment.size.max = 1048576 (custom)
2023-07-13 06:11:09,437 [EventQueue-OpenPipelineForHealthyPipelineSafeModeRule] INFO  safemode.SCMSafeModeManager (HealthyPipelineSafeModeRule.java:process(137)) - SCM in safe mode. Healthy pipelines reported count is 0, required healthy pipeline reported count is 1
2023-07-13 06:11:09,438 [aeec539b-574d-4d91-8fa7-d5e640bad944-groupManagement] INFO  server.RaftServerConfigKeys (ConfUtils.java:logGet(46)) - raft.server.log.segment.cache.num.max = 2 (custom)
2023-07-13 06:11:09,438 [aeec539b-574d-4d91-8fa7-d5e640bad944-groupManagement] INFO  server.RaftServerConfigKeys (ConfUtils.java:logGet(46)) - raft.server.log.segment.cache.size.max = 200MB (=209715200) (default)
2023-07-13 06:11:09,438 [aeec539b-574d-4d91-8fa7-d5e640bad944-groupManagement] INFO  server.RaftServerConfigKeys (ConfUtils.java:logGet(46)) - raft.server.log.appender.buffer.byte-limit = 33554432 (custom)
2023-07-13 06:11:09,438 [aeec539b-574d-4d91-8fa7-d5e640bad944-groupManagement] INFO  segmented.SegmentedRaftLogWorker (SegmentedRaftLogWorker.java:<init>(188)) - new aeec539b-574d-4d91-8fa7-d5e640bad944@group-F88CADE39363-SegmentedRaftLogWorker for RaftStorageImpl:Storage Directory /home/runner/work/ozone/ozone/hadoop-ozone/integration-test/target/test-dir/MiniOzoneClusterImpl-40c29f8c-30b3-4208-9c4d-d76d276bda5b/datanode-6/data/ratis/7473db23-7357-47bb-8e9a-f88cade39363
2023-07-13 06:11:09,438 [aeec539b-574d-4d91-8fa7-d5e640bad944-groupManagement] INFO  server.RaftServerConfigKeys (ConfUtils.java:logGet(46)) - raft.server.log.queue.byte-limit = 4294967296 (custom)
2023-07-13 06:11:09,439 [aeec539b-574d-4d91-8fa7-d5e640bad944-groupManagement] INFO  server.RaftServerConfigKeys (ConfUtils.java:logGet(46)) - raft.server.log.queue.element-limit = 1024 (custom)
2023-07-13 06:11:09,439 [aeec539b-574d-4d91-8fa7-d5e640bad944-groupManagement] INFO  server.RaftServerConfigKeys (ConfUtils.java:logGet(46)) - raft.server.log.segment.size.max = 1048576 (custom)
2023-07-13 06:11:09,439 [aeec539b-574d-4d91-8fa7-d5e640bad944-groupManagement] INFO  server.RaftServerConfigKeys (ConfUtils.java:logGet(46)) - raft.server.log.preallocated.size = 16384 (custom)
2023-07-13 06:11:09,439 [aeec539b-574d-4d91-8fa7-d5e640bad944-groupManagement] INFO  server.RaftServerConfigKeys (ConfUtils.java:logGet(46)) - raft.server.log.force.sync.num = 128 (default)
2023-07-13 06:11:09,439 [aeec539b-574d-4d91-8fa7-d5e640bad944-groupManagement] INFO  server.RaftServerConfigKeys (ConfUtils.java:logGet(46)) - raft.server.log.statemachine.data.sync = true (default)
2023-07-13 06:11:09,439 [aeec539b-574d-4d91-8fa7-d5e640bad944-groupManagement] INFO  server.RaftServerConfigKeys (ConfUtils.java:logGet(46)) - raft.server.log.statemachine.data.sync.timeout = 10s (default)
2023-07-13 06:11:09,439 [aeec539b-574d-4d91-8fa7-d5e640bad944-groupManagement] INFO  server.RaftServerConfigKeys (ConfUtils.java:logGet(46)) - raft.server.log.statemachine.data.sync.timeout.retry = -1 (default)
2023-07-13 06:11:09,440 [aeec539b-574d-4d91-8fa7-d5e640bad944-groupManagement] INFO  server.RaftServerConfigKeys (ConfUtils.java:logGet(46)) - raft.server.log.write.buffer.size = 1048576 (custom)
2023-07-13 06:11:09,441 [aeec539b-574d-4d91-8fa7-d5e640bad944-groupManagement] INFO  server.RaftServerConfigKeys (ConfUtils.java:logGet(46)) - raft.server.log.appender.buffer.byte-limit = 33554432 (custom)
2023-07-13 06:11:09,448 [aeec539b-574d-4d91-8fa7-d5e640bad944-groupManagement] INFO  server.RaftServerConfigKeys (ConfUtils.java:logGet(46)) - raft.server.log.unsafe-flush.enabled = false (default)
2023-07-13 06:11:09,448 [aeec539b-574d-4d91-8fa7-d5e640bad944-groupManagement] INFO  server.RaftServerConfigKeys (ConfUtils.java:logGet(46)) - raft.server.log.async-flush.enabled = false (default)
2023-07-13 06:11:09,448 [aeec539b-574d-4d91-8fa7-d5e640bad944-groupManagement] INFO  server.RaftServerConfigKeys (ConfUtils.java:logGet(46)) - raft.server.log.statemachine.data.caching.enabled = true (custom)
2023-07-13 06:11:09,448 [aeec539b-574d-4d91-8fa7-d5e640bad944-groupManagement] INFO  segmented.SegmentedRaftLogWorker (SegmentedRaftLogWorker.java:lambda$new$0(135)) - aeec539b-574d-4d91-8fa7-d5e640bad944@group-F88CADE39363-SegmentedRaftLogWorker: flushIndex: setUnconditionally 0 -> -1
2023-07-13 06:11:09,448 [aeec539b-574d-4d91-8fa7-d5e640bad944-groupManagement] INFO  segmented.SegmentedRaftLogWorker (SegmentedRaftLogWorker.java:lambda$new$0(135)) - aeec539b-574d-4d91-8fa7-d5e640bad944@group-F88CADE39363-SegmentedRaftLogWorker: safeCacheEvictIndex: setUnconditionally 0 -> -1
2023-07-13 06:11:09,449 [aeec539b-574d-4d91-8fa7-d5e640bad944-groupManagement] INFO  server.RaftServer$Division (RaftServerImpl.java:start(342)) - aeec539b-574d-4d91-8fa7-d5e640bad944@group-F88CADE39363: start as a follower, conf=-1: peers:[aeec539b-574d-4d91-8fa7-d5e640bad944|rpc:10.1.0.28:15068|admin:10.1.0.28:15067|client:10.1.0.28:15066|dataStream:10.1.0.28:15069|priority:0|startupRole:FOLLOWER, 42c94fbf-dc57-4435-80ab-f9b7a4e6d382|rpc:10.1.0.28:15077|admin:10.1.0.28:15076|client:10.1.0.28:15075|dataStream:10.1.0.28:15078|priority:0|startupRole:FOLLOWER, d12304a5-d481-4f9e-9203-502383e83214|rpc:10.1.0.28:15086|admin:10.1.0.28:15085|client:10.1.0.28:15084|dataStream:10.1.0.28:15087|priority:1|startupRole:FOLLOWER]|listeners:[], old=null
2023-07-13 06:11:09,449 [aeec539b-574d-4d91-8fa7-d5e640bad944-groupManagement] INFO  server.RaftServer$Division (RaftServerImpl.java:setRole(329)) - aeec539b-574d-4d91-8fa7-d5e640bad944@group-F88CADE39363: changes role from      null to FOLLOWER at term 0 for startAsFollower
2023-07-13 06:11:09,449 [aeec539b-574d-4d91-8fa7-d5e640bad944-groupManagement] INFO  impl.RoleInfo (RoleInfo.java:updateAndGet(139)) - aeec539b-574d-4d91-8fa7-d5e640bad944: start aeec539b-574d-4d91-8fa7-d5e640bad944@group-F88CADE39363-FollowerState
2023-07-13 06:11:09,449 [aeec539b-574d-4d91-8fa7-d5e640bad944-groupManagement] INFO  util.JmxRegister (JmxRegister.java:tryRegister(44)) - Successfully registered JMX Bean with object name Ratis:service=RaftServer,group=group-F88CADE39363,id=aeec539b-574d-4d91-8fa7-d5e640bad944
2023-07-13 06:11:09,449 [aeec539b-574d-4d91-8fa7-d5e640bad944-groupManagement] INFO  server.RaftServerConfigKeys (ConfUtils.java:logGet(46)) - raft.server.snapshot.auto.trigger.enabled = true (custom)
2023-07-13 06:11:09,449 [aeec539b-574d-4d91-8fa7-d5e640bad944-groupManagement] INFO  server.RaftServerConfigKeys (ConfUtils.java:logGet(46)) - raft.server.snapshot.auto.trigger.threshold = 10000 (custom)
2023-07-13 06:11:09,449 [aeec539b-574d-4d91-8fa7-d5e640bad944-groupManagement] INFO  server.RaftServerConfigKeys (ConfUtils.java:logGet(46)) - raft.server.snapshot.retention.file.num = 5 (custom)
2023-07-13 06:11:09,449 [aeec539b-574d-4d91-8fa7-d5e640bad944-groupManagement] INFO  server.RaftServerConfigKeys (ConfUtils.java:logGet(46)) - raft.server.log.purge.upto.snapshot.index = false (default)
2023-07-13 06:11:09,450 [aeec539b-574d-4d91-8fa7-d5e640bad944@group-F88CADE39363-FollowerState] INFO  server.RaftServerConfigKeys (ConfUtils.java:logFallback(53)) - raft.server.rpc.first-election.timeout.min = 5s (fallback to raft.server.rpc.timeout.min)
2023-07-13 06:11:09,450 [aeec539b-574d-4d91-8fa7-d5e640bad944@group-F88CADE39363-FollowerState] INFO  server.RaftServerConfigKeys (ConfUtils.java:logFallback(53)) - raft.server.rpc.first-election.timeout.max = 5200ms (fallback to raft.server.rpc.timeout.max)
2023-07-13 06:11:09,451 [PipelineCommandHandlerThread-0] INFO  ratis.XceiverServerRatis (XceiverServerRatis.java:addGroup(804)) - Created group PipelineID=7473db23-7357-47bb-8e9a-f88cade39363
2023-07-13 06:11:09,466 [grpc-default-executor-1] INFO  server.RaftServer (RaftServerProxy.java:addNew(98)) - 42c94fbf-dc57-4435-80ab-f9b7a4e6d382: addNew group-F88CADE39363:[aeec539b-574d-4d91-8fa7-d5e640bad944|rpc:10.1.0.28:15068|admin:10.1.0.28:15067|client:10.1.0.28:15066|dataStream:10.1.0.28:15069|priority:0|startupRole:FOLLOWER, 42c94fbf-dc57-4435-80ab-f9b7a4e6d382|rpc:10.1.0.28:15077|admin:10.1.0.28:15076|client:10.1.0.28:15075|dataStream:10.1.0.28:15078|priority:0|startupRole:FOLLOWER, d12304a5-d481-4f9e-9203-502383e83214|rpc:10.1.0.28:15086|admin:10.1.0.28:15085|client:10.1.0.28:15084|dataStream:10.1.0.28:15087|priority:1|startupRole:FOLLOWER] returns group-F88CADE39363:java.util.concurrent.CompletableFuture@6f5d43a2[Not completed]
2023-07-13 06:11:09,467 [42c94fbf-dc57-4435-80ab-f9b7a4e6d382-groupManagement] INFO  server.RaftServer$Division (RaftServerImpl.java:<init>(198)) - 42c94fbf-dc57-4435-80ab-f9b7a4e6d382: new RaftServerImpl for group-F88CADE39363:[aeec539b-574d-4d91-8fa7-d5e640bad944|rpc:10.1.0.28:15068|admin:10.1.0.28:15067|client:10.1.0.28:15066|dataStream:10.1.0.28:15069|priority:0|startupRole:FOLLOWER, 42c94fbf-dc57-4435-80ab-f9b7a4e6d382|rpc:10.1.0.28:15077|admin:10.1.0.28:15076|client:10.1.0.28:15075|dataStream:10.1.0.28:15078|priority:0|startupRole:FOLLOWER, d12304a5-d481-4f9e-9203-502383e83214|rpc:10.1.0.28:15086|admin:10.1.0.28:15085|client:10.1.0.28:15084|dataStream:10.1.0.28:15087|priority:1|startupRole:FOLLOWER] with ContainerStateMachine:uninitialized
2023-07-13 06:11:09,467 [42c94fbf-dc57-4435-80ab-f9b7a4e6d382-groupManagement] INFO  server.RaftServerConfigKeys (ConfUtils.java:logGet(46)) - raft.server.rpc.timeout.min = 5s (custom)
2023-07-13 06:11:09,467 [42c94fbf-dc57-4435-80ab-f9b7a4e6d382-groupManagement] INFO  server.RaftServerConfigKeys (ConfUtils.java:logGet(46)) - raft.server.rpc.timeout.max = 5200ms (custom)
2023-07-13 06:11:09,467 [42c94fbf-dc57-4435-80ab-f9b7a4e6d382-groupManagement] INFO  server.RaftServerConfigKeys (ConfUtils.java:logGet(46)) - raft.server.rpc.sleep.time = 25ms (default)
2023-07-13 06:11:09,467 [42c94fbf-dc57-4435-80ab-f9b7a4e6d382-groupManagement] INFO  server.RaftServerConfigKeys (ConfUtils.java:logGet(46)) - raft.server.rpc.slowness.timeout = 300s (custom)
2023-07-13 06:11:09,467 [42c94fbf-dc57-4435-80ab-f9b7a4e6d382-groupManagement] INFO  server.RaftServerConfigKeys (ConfUtils.java:logGet(46)) - raft.server.leaderelection.leader.step-down.wait-time = 10s (default)
2023-07-13 06:11:09,467 [42c94fbf-dc57-4435-80ab-f9b7a4e6d382-groupManagement] INFO  server.RaftServerConfigKeys (ConfUtils.java:logGet(46)) - raft.server.sleep.deviation.threshold = 300ms (default)
2023-07-13 06:11:09,467 [42c94fbf-dc57-4435-80ab-f9b7a4e6d382-groupManagement] INFO  server.RaftServer$Division (ServerState.java:<init>(120)) - 42c94fbf-dc57-4435-80ab-f9b7a4e6d382@group-F88CADE39363: ConfigurationManager, init=-1: peers:[aeec539b-574d-4d91-8fa7-d5e640bad944|rpc:10.1.0.28:15068|admin:10.1.0.28:15067|client:10.1.0.28:15066|dataStream:10.1.0.28:15069|priority:0|startupRole:FOLLOWER, 42c94fbf-dc57-4435-80ab-f9b7a4e6d382|rpc:10.1.0.28:15077|admin:10.1.0.28:15076|client:10.1.0.28:15075|dataStream:10.1.0.28:15078|priority:0|startupRole:FOLLOWER, d12304a5-d481-4f9e-9203-502383e83214|rpc:10.1.0.28:15086|admin:10.1.0.28:15085|client:10.1.0.28:15084|dataStream:10.1.0.28:15087|priority:1|startupRole:FOLLOWER]|listeners:[], old=null, confs=<EMPTY_MAP>
2023-07-13 06:11:09,467 [42c94fbf-dc57-4435-80ab-f9b7a4e6d382-groupManagement] INFO  server.RaftServerConfigKeys (ConfUtils.java:logGet(46)) - raft.server.storage.dir = [/home/runner/work/ozone/ozone/hadoop-ozone/integration-test/target/test-dir/MiniOzoneClusterImpl-40c29f8c-30b3-4208-9c4d-d76d276bda5b/datanode-7/data/ratis] (custom)
2023-07-13 06:11:09,467 [42c94fbf-dc57-4435-80ab-f9b7a4e6d382-groupManagement] INFO  server.RaftServerConfigKeys (ConfUtils.java:logGet(46)) - raft.server.log.corruption.policy = EXCEPTION (default)
2023-07-13 06:11:09,468 [42c94fbf-dc57-4435-80ab-f9b7a4e6d382-groupManagement] INFO  server.RaftServerConfigKeys (ConfUtils.java:logGet(46)) - raft.server.storage.free-space.min = 0MB (=0) (default)
2023-07-13 06:11:09,468 [42c94fbf-dc57-4435-80ab-f9b7a4e6d382-groupManagement] INFO  server.RaftServerConfigKeys (ConfUtils.java:logGet(46)) - raft.server.notification.no-leader.timeout = 300s (custom)
2023-07-13 06:11:09,468 [42c94fbf-dc57-4435-80ab-f9b7a4e6d382-groupManagement] INFO  server.RaftServerConfigKeys (ConfUtils.java:logGet(46)) - raft.server.read.timeout = 10s (default)
2023-07-13 06:11:09,468 [42c94fbf-dc57-4435-80ab-f9b7a4e6d382-groupManagement] INFO  server.RaftServerConfigKeys (ConfUtils.java:logGet(46)) - raft.server.retrycache.expirytime = 600000ms (custom)
2023-07-13 06:11:09,468 [42c94fbf-dc57-4435-80ab-f9b7a4e6d382-groupManagement] INFO  server.RaftServerConfigKeys (ConfUtils.java:logGet(46)) - raft.server.retrycache.statistics.expirytime = 100μs (default)
2023-07-13 06:11:09,468 [42c94fbf-dc57-4435-80ab-f9b7a4e6d382-groupManagement] INFO  server.RaftServerConfigKeys (ConfUtils.java:logGet(46)) - raft.server.read.option = DEFAULT (default)
2023-07-13 06:11:09,469 [42c94fbf-dc57-4435-80ab-f9b7a4e6d382-groupManagement] INFO  server.RaftServerConfigKeys (ConfUtils.java:logGet(46)) - raft.server.rpc.request.timeout = 60s (custom)
2023-07-13 06:11:09,469 [42c94fbf-dc57-4435-80ab-f9b7a4e6d382-groupManagement] INFO  server.RaftServerConfigKeys (ConfUtils.java:logGet(46)) - raft.server.log.appender.install.snapshot.enabled = false (custom)
2023-07-13 06:11:09,469 [42c94fbf-dc57-4435-80ab-f9b7a4e6d382-groupManagement] INFO  server.RaftServerConfigKeys (ConfUtils.java:logGet(46)) - raft.server.threadpool.server.cached = true (default)
2023-07-13 06:11:09,469 [42c94fbf-dc57-4435-80ab-f9b7a4e6d382-groupManagement] INFO  server.RaftServerConfigKeys (ConfUtils.java:logGet(46)) - raft.server.threadpool.server.size = 0 (default)
2023-07-13 06:11:09,469 [42c94fbf-dc57-4435-80ab-f9b7a4e6d382-groupManagement] INFO  server.RaftServerConfigKeys (ConfUtils.java:logGet(46)) - raft.server.threadpool.client.cached = true (default)
2023-07-13 06:11:09,469 [42c94fbf-dc57-4435-80ab-f9b7a4e6d382-groupManagement] INFO  server.RaftServerConfigKeys (ConfUtils.java:logGet(46)) - raft.server.threadpool.client.size = 0 (default)
2023-07-13 06:11:09,470 [42c94fbf-dc57-4435-80ab-f9b7a4e6d382-groupManagement] INFO  storage.RaftStorageDirectory (RaftStorageDirectoryImpl.java:analyzeStorage(137)) - The storage directory /home/runner/work/ozone/ozone/hadoop-ozone/integration-test/target/test-dir/MiniOzoneClusterImpl-40c29f8c-30b3-4208-9c4d-d76d276bda5b/datanode-7/data/ratis/7473db23-7357-47bb-8e9a-f88cade39363 does not exist. Creating ...
2023-07-13 06:11:09,471 [42c94fbf-dc57-4435-80ab-f9b7a4e6d382-groupManagement] INFO  storage.RaftStorageDirectory (RaftStorageDirectoryImpl.java:tryLock(231)) - Lock on /home/runner/work/ozone/ozone/hadoop-ozone/integration-test/target/test-dir/MiniOzoneClusterImpl-40c29f8c-30b3-4208-9c4d-d76d276bda5b/datanode-7/data/ratis/7473db23-7357-47bb-8e9a-f88cade39363/in_use.lock acquired by nodename 110901@fv-az932-602
2023-07-13 06:11:09,474 [42c94fbf-dc57-4435-80ab-f9b7a4e6d382-groupManagement] INFO  storage.RaftStorage (RaftStorageImpl.java:format(96)) - Storage directory /home/runner/work/ozone/ozone/hadoop-ozone/integration-test/target/test-dir/MiniOzoneClusterImpl-40c29f8c-30b3-4208-9c4d-d76d276bda5b/datanode-7/data/ratis/7473db23-7357-47bb-8e9a-f88cade39363 has been successfully formatted.
2023-07-13 06:11:09,475 [42c94fbf-dc57-4435-80ab-f9b7a4e6d382-groupManagement] INFO  ratis.ContainerStateMachine (ContainerStateMachine.java:loadSnapshot(262)) - group-F88CADE39363: The snapshot info is null. Setting the last applied indexto:(t:0, i:~)
2023-07-13 06:11:09,475 [42c94fbf-dc57-4435-80ab-f9b7a4e6d382-groupManagement] INFO  server.RaftServerConfigKeys (ConfUtils.java:logGet(46)) - raft.server.log.use.memory = false (default)
2023-07-13 06:11:09,475 [42c94fbf-dc57-4435-80ab-f9b7a4e6d382-groupManagement] INFO  server.RaftServerConfigKeys (ConfUtils.java:logGet(46)) - raft.server.log.purge.gap = 1000000 (custom)
2023-07-13 06:11:09,475 [42c94fbf-dc57-4435-80ab-f9b7a4e6d382-groupManagement] INFO  server.RaftServerConfigKeys (ConfUtils.java:logGet(46)) - raft.server.log.appender.buffer.byte-limit = 33554432 (custom)
2023-07-13 06:11:09,475 [42c94fbf-dc57-4435-80ab-f9b7a4e6d382-groupManagement] INFO  server.RaftServerConfigKeys (ConfUtils.java:logGet(46)) - raft.server.log.statemachine.data.read.timeout = 1000ms (default)
2023-07-13 06:11:09,475 [42c94fbf-dc57-4435-80ab-f9b7a4e6d382-groupManagement] INFO  server.RaftServerConfigKeys (ConfUtils.java:logGet(46)) - raft.server.log.purge.preservation.log.num = 0 (default)
2023-07-13 06:11:09,475 [42c94fbf-dc57-4435-80ab-f9b7a4e6d382-groupManagement] INFO  server.RaftServerConfigKeys (ConfUtils.java:logGet(46)) - raft.server.log.segment.size.max = 1048576 (custom)
2023-07-13 06:11:09,476 [42c94fbf-dc57-4435-80ab-f9b7a4e6d382-groupManagement] INFO  server.RaftServerConfigKeys (ConfUtils.java:logGet(46)) - raft.server.log.segment.cache.num.max = 2 (custom)
2023-07-13 06:11:09,476 [42c94fbf-dc57-4435-80ab-f9b7a4e6d382-groupManagement] INFO  server.RaftServerConfigKeys (ConfUtils.java:logGet(46)) - raft.server.log.segment.cache.size.max = 200MB (=209715200) (default)
2023-07-13 06:11:09,476 [42c94fbf-dc57-4435-80ab-f9b7a4e6d382-groupManagement] INFO  server.RaftServerConfigKeys (ConfUtils.java:logGet(46)) - raft.server.log.appender.buffer.byte-limit = 33554432 (custom)
2023-07-13 06:11:09,476 [42c94fbf-dc57-4435-80ab-f9b7a4e6d382-groupManagement] INFO  segmented.SegmentedRaftLogWorker (SegmentedRaftLogWorker.java:<init>(188)) - new 42c94fbf-dc57-4435-80ab-f9b7a4e6d382@group-F88CADE39363-SegmentedRaftLogWorker for RaftStorageImpl:Storage Directory /home/runner/work/ozone/ozone/hadoop-ozone/integration-test/target/test-dir/MiniOzoneClusterImpl-40c29f8c-30b3-4208-9c4d-d76d276bda5b/datanode-7/data/ratis/7473db23-7357-47bb-8e9a-f88cade39363
2023-07-13 06:11:09,477 [42c94fbf-dc57-4435-80ab-f9b7a4e6d382-groupManagement] INFO  server.RaftServerConfigKeys (ConfUtils.java:logGet(46)) - raft.server.log.queue.byte-limit = 4294967296 (custom)
2023-07-13 06:11:09,477 [42c94fbf-dc57-4435-80ab-f9b7a4e6d382-groupManagement] INFO  server.RaftServerConfigKeys (ConfUtils.java:logGet(46)) - raft.server.log.queue.element-limit = 1024 (custom)
2023-07-13 06:11:09,477 [42c94fbf-dc57-4435-80ab-f9b7a4e6d382-groupManagement] INFO  server.RaftServerConfigKeys (ConfUtils.java:logGet(46)) - raft.server.log.segment.size.max = 1048576 (custom)
2023-07-13 06:11:09,477 [42c94fbf-dc57-4435-80ab-f9b7a4e6d382-groupManagement] INFO  server.RaftServerConfigKeys (ConfUtils.java:logGet(46)) - raft.server.log.preallocated.size = 16384 (custom)
2023-07-13 06:11:09,477 [42c94fbf-dc57-4435-80ab-f9b7a4e6d382-groupManagement] INFO  server.RaftServerConfigKeys (ConfUtils.java:logGet(46)) - raft.server.log.force.sync.num = 128 (default)
2023-07-13 06:11:09,477 [42c94fbf-dc57-4435-80ab-f9b7a4e6d382-groupManagement] INFO  server.RaftServerConfigKeys (ConfUtils.java:logGet(46)) - raft.server.log.statemachine.data.sync = true (default)
2023-07-13 06:11:09,477 [42c94fbf-dc57-4435-80ab-f9b7a4e6d382-groupManagement] INFO  server.RaftServerConfigKeys (ConfUtils.java:logGet(46)) - raft.server.log.statemachine.data.sync.timeout = 10s (default)
2023-07-13 06:11:09,477 [42c94fbf-dc57-4435-80ab-f9b7a4e6d382-groupManagement] INFO  server.RaftServerConfigKeys (ConfUtils.java:logGet(46)) - raft.server.log.statemachine.data.sync.timeout.retry = -1 (default)
2023-07-13 06:11:09,478 [42c94fbf-dc57-4435-80ab-f9b7a4e6d382-groupManagement] INFO  server.RaftServerConfigKeys (ConfUtils.java:logGet(46)) - raft.server.log.write.buffer.size = 1048576 (custom)
2023-07-13 06:11:09,479 [42c94fbf-dc57-4435-80ab-f9b7a4e6d382-groupManagement] INFO  server.RaftServerConfigKeys (ConfUtils.java:logGet(46)) - raft.server.log.appender.buffer.byte-limit = 33554432 (custom)
2023-07-13 06:11:09,485 [42c94fbf-dc57-4435-80ab-f9b7a4e6d382-groupManagement] INFO  server.RaftServerConfigKeys (ConfUtils.java:logGet(46)) - raft.server.log.unsafe-flush.enabled = false (default)
2023-07-13 06:11:09,485 [42c94fbf-dc57-4435-80ab-f9b7a4e6d382-groupManagement] INFO  server.RaftServerConfigKeys (ConfUtils.java:logGet(46)) - raft.server.log.async-flush.enabled = false (default)
2023-07-13 06:11:09,485 [42c94fbf-dc57-4435-80ab-f9b7a4e6d382-groupManagement] INFO  server.RaftServerConfigKeys (ConfUtils.java:logGet(46)) - raft.server.log.statemachine.data.caching.enabled = true (custom)
2023-07-13 06:11:09,486 [42c94fbf-dc57-4435-80ab-f9b7a4e6d382-groupManagement] INFO  segmented.SegmentedRaftLogWorker (SegmentedRaftLogWorker.java:lambda$new$0(135)) - 42c94fbf-dc57-4435-80ab-f9b7a4e6d382@group-F88CADE39363-SegmentedRaftLogWorker: flushIndex: setUnconditionally 0 -> -1
2023-07-13 06:11:09,486 [42c94fbf-dc57-4435-80ab-f9b7a4e6d382-groupManagement] INFO  segmented.SegmentedRaftLogWorker (SegmentedRaftLogWorker.java:lambda$new$0(135)) - 42c94fbf-dc57-4435-80ab-f9b7a4e6d382@group-F88CADE39363-SegmentedRaftLogWorker: safeCacheEvictIndex: setUnconditionally 0 -> -1
2023-07-13 06:11:09,486 [42c94fbf-dc57-4435-80ab-f9b7a4e6d382-groupManagement] INFO  server.RaftServer$Division (RaftServerImpl.java:start(342)) - 42c94fbf-dc57-4435-80ab-f9b7a4e6d382@group-F88CADE39363: start as a follower, conf=-1: peers:[aeec539b-574d-4d91-8fa7-d5e640bad944|rpc:10.1.0.28:15068|admin:10.1.0.28:15067|client:10.1.0.28:15066|dataStream:10.1.0.28:15069|priority:0|startupRole:FOLLOWER, 42c94fbf-dc57-4435-80ab-f9b7a4e6d382|rpc:10.1.0.28:15077|admin:10.1.0.28:15076|client:10.1.0.28:15075|dataStream:10.1.0.28:15078|priority:0|startupRole:FOLLOWER, d12304a5-d481-4f9e-9203-502383e83214|rpc:10.1.0.28:15086|admin:10.1.0.28:15085|client:10.1.0.28:15084|dataStream:10.1.0.28:15087|priority:1|startupRole:FOLLOWER]|listeners:[], old=null
2023-07-13 06:11:09,486 [42c94fbf-dc57-4435-80ab-f9b7a4e6d382-groupManagement] INFO  server.RaftServer$Division (RaftServerImpl.java:setRole(329)) - 42c94fbf-dc57-4435-80ab-f9b7a4e6d382@group-F88CADE39363: changes role from      null to FOLLOWER at term 0 for startAsFollower
2023-07-13 06:11:09,486 [42c94fbf-dc57-4435-80ab-f9b7a4e6d382-groupManagement] INFO  impl.RoleInfo (RoleInfo.java:updateAndGet(139)) - 42c94fbf-dc57-4435-80ab-f9b7a4e6d382: start 42c94fbf-dc57-4435-80ab-f9b7a4e6d382@group-F88CADE39363-FollowerState
2023-07-13 06:11:09,487 [42c94fbf-dc57-4435-80ab-f9b7a4e6d382-groupManagement] INFO  util.JmxRegister (JmxRegister.java:tryRegister(44)) - Successfully registered JMX Bean with object name Ratis:service=RaftServer,group=group-F88CADE39363,id=42c94fbf-dc57-4435-80ab-f9b7a4e6d382
2023-07-13 06:11:09,487 [42c94fbf-dc57-4435-80ab-f9b7a4e6d382-groupManagement] INFO  server.RaftServerConfigKeys (ConfUtils.java:logGet(46)) - raft.server.snapshot.auto.trigger.enabled = true (custom)
2023-07-13 06:11:09,487 [42c94fbf-dc57-4435-80ab-f9b7a4e6d382-groupManagement] INFO  server.RaftServerConfigKeys (ConfUtils.java:logGet(46)) - raft.server.snapshot.auto.trigger.threshold = 10000 (custom)
2023-07-13 06:11:09,487 [42c94fbf-dc57-4435-80ab-f9b7a4e6d382-groupManagement] INFO  server.RaftServerConfigKeys (ConfUtils.java:logGet(46)) - raft.server.snapshot.retention.file.num = 5 (custom)
2023-07-13 06:11:09,487 [42c94fbf-dc57-4435-80ab-f9b7a4e6d382-groupManagement] INFO  server.RaftServerConfigKeys (ConfUtils.java:logGet(46)) - raft.server.log.purge.upto.snapshot.index = false (default)
2023-07-13 06:11:09,488 [42c94fbf-dc57-4435-80ab-f9b7a4e6d382@group-F88CADE39363-FollowerState] INFO  server.RaftServerConfigKeys (ConfUtils.java:logFallback(53)) - raft.server.rpc.first-election.timeout.min = 5s (fallback to raft.server.rpc.timeout.min)
2023-07-13 06:11:09,488 [42c94fbf-dc57-4435-80ab-f9b7a4e6d382@group-F88CADE39363-FollowerState] INFO  server.RaftServerConfigKeys (ConfUtils.java:logFallback(53)) - raft.server.rpc.first-election.timeout.max = 5200ms (fallback to raft.server.rpc.timeout.max)
2023-07-13 06:11:09,522 [grpc-default-executor-1] INFO  server.RaftServer (RaftServerProxy.java:addNew(98)) - d12304a5-d481-4f9e-9203-502383e83214: addNew group-F88CADE39363:[aeec539b-574d-4d91-8fa7-d5e640bad944|rpc:10.1.0.28:15068|admin:10.1.0.28:15067|client:10.1.0.28:15066|dataStream:10.1.0.28:15069|priority:0|startupRole:FOLLOWER, 42c94fbf-dc57-4435-80ab-f9b7a4e6d382|rpc:10.1.0.28:15077|admin:10.1.0.28:15076|client:10.1.0.28:15075|dataStream:10.1.0.28:15078|priority:0|startupRole:FOLLOWER, d12304a5-d481-4f9e-9203-502383e83214|rpc:10.1.0.28:15086|admin:10.1.0.28:15085|client:10.1.0.28:15084|dataStream:10.1.0.28:15087|priority:1|startupRole:FOLLOWER] returns group-F88CADE39363:java.util.concurrent.CompletableFuture@6139ee62[Not completed]
2023-07-13 06:11:09,523 [d12304a5-d481-4f9e-9203-502383e83214-groupManagement] INFO  server.RaftServer$Division (RaftServerImpl.java:<init>(198)) - d12304a5-d481-4f9e-9203-502383e83214: new RaftServerImpl for group-F88CADE39363:[aeec539b-574d-4d91-8fa7-d5e640bad944|rpc:10.1.0.28:15068|admin:10.1.0.28:15067|client:10.1.0.28:15066|dataStream:10.1.0.28:15069|priority:0|startupRole:FOLLOWER, 42c94fbf-dc57-4435-80ab-f9b7a4e6d382|rpc:10.1.0.28:15077|admin:10.1.0.28:15076|client:10.1.0.28:15075|dataStream:10.1.0.28:15078|priority:0|startupRole:FOLLOWER, d12304a5-d481-4f9e-9203-502383e83214|rpc:10.1.0.28:15086|admin:10.1.0.28:15085|client:10.1.0.28:15084|dataStream:10.1.0.28:15087|priority:1|startupRole:FOLLOWER] with ContainerStateMachine:uninitialized
2023-07-13 06:11:09,523 [d12304a5-d481-4f9e-9203-502383e83214-groupManagement] INFO  server.RaftServerConfigKeys (ConfUtils.java:logGet(46)) - raft.server.rpc.timeout.min = 5s (custom)
2023-07-13 06:11:09,523 [d12304a5-d481-4f9e-9203-502383e83214-groupManagement] INFO  server.RaftServerConfigKeys (ConfUtils.java:logGet(46)) - raft.server.rpc.timeout.max = 5200ms (custom)
2023-07-13 06:11:09,523 [d12304a5-d481-4f9e-9203-502383e83214-groupManagement] INFO  server.RaftServerConfigKeys (ConfUtils.java:logGet(46)) - raft.server.rpc.sleep.time = 25ms (default)
2023-07-13 06:11:09,523 [d12304a5-d481-4f9e-9203-502383e83214-groupManagement] INFO  server.RaftServerConfigKeys (ConfUtils.java:logGet(46)) - raft.server.rpc.slowness.timeout = 300s (custom)
2023-07-13 06:11:09,523 [d12304a5-d481-4f9e-9203-502383e83214-groupManagement] INFO  server.RaftServerConfigKeys (ConfUtils.java:logGet(46)) - raft.server.leaderelection.leader.step-down.wait-time = 10s (default)
2023-07-13 06:11:09,523 [d12304a5-d481-4f9e-9203-502383e83214-groupManagement] INFO  server.RaftServerConfigKeys (ConfUtils.java:logGet(46)) - raft.server.sleep.deviation.threshold = 300ms (default)
2023-07-13 06:11:09,524 [d12304a5-d481-4f9e-9203-502383e83214-groupManagement] INFO  server.RaftServer$Division (ServerState.java:<init>(120)) - d12304a5-d481-4f9e-9203-502383e83214@group-F88CADE39363: ConfigurationManager, init=-1: peers:[aeec539b-574d-4d91-8fa7-d5e640bad944|rpc:10.1.0.28:15068|admin:10.1.0.28:15067|client:10.1.0.28:15066|dataStream:10.1.0.28:15069|priority:0|startupRole:FOLLOWER, 42c94fbf-dc57-4435-80ab-f9b7a4e6d382|rpc:10.1.0.28:15077|admin:10.1.0.28:15076|client:10.1.0.28:15075|dataStream:10.1.0.28:15078|priority:0|startupRole:FOLLOWER, d12304a5-d481-4f9e-9203-502383e83214|rpc:10.1.0.28:15086|admin:10.1.0.28:15085|client:10.1.0.28:15084|dataStream:10.1.0.28:15087|priority:1|startupRole:FOLLOWER]|listeners:[], old=null, confs=<EMPTY_MAP>
2023-07-13 06:11:09,524 [d12304a5-d481-4f9e-9203-502383e83214-groupManagement] INFO  server.RaftServerConfigKeys (ConfUtils.java:logGet(46)) - raft.server.storage.dir = [/home/runner/work/ozone/ozone/hadoop-ozone/integration-test/target/test-dir/MiniOzoneClusterImpl-40c29f8c-30b3-4208-9c4d-d76d276bda5b/datanode-8/data/ratis] (custom)
2023-07-13 06:11:09,524 [d12304a5-d481-4f9e-9203-502383e83214-groupManagement] INFO  server.RaftServerConfigKeys (ConfUtils.java:logGet(46)) - raft.server.log.corruption.policy = EXCEPTION (default)
2023-07-13 06:11:09,524 [d12304a5-d481-4f9e-9203-502383e83214-groupManagement] INFO  server.RaftServerConfigKeys (ConfUtils.java:logGet(46)) - raft.server.storage.free-space.min = 0MB (=0) (default)
2023-07-13 06:11:09,524 [d12304a5-d481-4f9e-9203-502383e83214-groupManagement] INFO  server.RaftServerConfigKeys (ConfUtils.java:logGet(46)) - raft.server.notification.no-leader.timeout = 300s (custom)
2023-07-13 06:11:09,524 [d12304a5-d481-4f9e-9203-502383e83214-groupManagement] INFO  server.RaftServerConfigKeys (ConfUtils.java:logGet(46)) - raft.server.read.timeout = 10s (default)
2023-07-13 06:11:09,524 [d12304a5-d481-4f9e-9203-502383e83214-groupManagement] INFO  server.RaftServerConfigKeys (ConfUtils.java:logGet(46)) - raft.server.retrycache.expirytime = 600000ms (custom)
2023-07-13 06:11:09,524 [d12304a5-d481-4f9e-9203-502383e83214-groupManagement] INFO  server.RaftServerConfigKeys (ConfUtils.java:logGet(46)) - raft.server.retrycache.statistics.expirytime = 100μs (default)
2023-07-13 06:11:09,524 [d12304a5-d481-4f9e-9203-502383e83214-groupManagement] INFO  server.RaftServerConfigKeys (ConfUtils.java:logGet(46)) - raft.server.read.option = DEFAULT (default)
2023-07-13 06:11:09,527 [d12304a5-d481-4f9e-9203-502383e83214-groupManagement] INFO  server.RaftServerConfigKeys (ConfUtils.java:logGet(46)) - raft.server.rpc.request.timeout = 60s (custom)
2023-07-13 06:11:09,527 [d12304a5-d481-4f9e-9203-502383e83214-groupManagement] INFO  server.RaftServerConfigKeys (ConfUtils.java:logGet(46)) - raft.server.log.appender.install.snapshot.enabled = false (custom)
2023-07-13 06:11:09,527 [d12304a5-d481-4f9e-9203-502383e83214-groupManagement] INFO  server.RaftServerConfigKeys (ConfUtils.java:logGet(46)) - raft.server.threadpool.server.cached = true (default)
2023-07-13 06:11:09,527 [d12304a5-d481-4f9e-9203-502383e83214-groupManagement] INFO  server.RaftServerConfigKeys (ConfUtils.java:logGet(46)) - raft.server.threadpool.server.size = 0 (default)
2023-07-13 06:11:09,527 [d12304a5-d481-4f9e-9203-502383e83214-groupManagement] INFO  server.RaftServerConfigKeys (ConfUtils.java:logGet(46)) - raft.server.threadpool.client.cached = true (default)
2023-07-13 06:11:09,527 [d12304a5-d481-4f9e-9203-502383e83214-groupManagement] INFO  server.RaftServerConfigKeys (ConfUtils.java:logGet(46)) - raft.server.threadpool.client.size = 0 (default)
2023-07-13 06:11:09,530 [d12304a5-d481-4f9e-9203-502383e83214-groupManagement] INFO  storage.RaftStorageDirectory (RaftStorageDirectoryImpl.java:analyzeStorage(137)) - The storage directory /home/runner/work/ozone/ozone/hadoop-ozone/integration-test/target/test-dir/MiniOzoneClusterImpl-40c29f8c-30b3-4208-9c4d-d76d276bda5b/datanode-8/data/ratis/7473db23-7357-47bb-8e9a-f88cade39363 does not exist. Creating ...
2023-07-13 06:11:09,536 [d12304a5-d481-4f9e-9203-502383e83214-groupManagement] INFO  storage.RaftStorageDirectory (RaftStorageDirectoryImpl.java:tryLock(231)) - Lock on /home/runner/work/ozone/ozone/hadoop-ozone/integration-test/target/test-dir/MiniOzoneClusterImpl-40c29f8c-30b3-4208-9c4d-d76d276bda5b/datanode-8/data/ratis/7473db23-7357-47bb-8e9a-f88cade39363/in_use.lock acquired by nodename 110901@fv-az932-602
2023-07-13 06:11:09,538 [d12304a5-d481-4f9e-9203-502383e83214-groupManagement] INFO  storage.RaftStorage (RaftStorageImpl.java:format(96)) - Storage directory /home/runner/work/ozone/ozone/hadoop-ozone/integration-test/target/test-dir/MiniOzoneClusterImpl-40c29f8c-30b3-4208-9c4d-d76d276bda5b/datanode-8/data/ratis/7473db23-7357-47bb-8e9a-f88cade39363 has been successfully formatted.
2023-07-13 06:11:09,541 [d12304a5-d481-4f9e-9203-502383e83214-groupManagement] INFO  ratis.ContainerStateMachine (ContainerStateMachine.java:loadSnapshot(262)) - group-F88CADE39363: The snapshot info is null. Setting the last applied indexto:(t:0, i:~)
2023-07-13 06:11:09,541 [d12304a5-d481-4f9e-9203-502383e83214-groupManagement] INFO  server.RaftServerConfigKeys (ConfUtils.java:logGet(46)) - raft.server.log.use.memory = false (default)
2023-07-13 06:11:09,542 [d12304a5-d481-4f9e-9203-502383e83214-groupManagement] INFO  server.RaftServerConfigKeys (ConfUtils.java:logGet(46)) - raft.server.log.purge.gap = 1000000 (custom)
2023-07-13 06:11:09,542 [d12304a5-d481-4f9e-9203-502383e83214-groupManagement] INFO  server.RaftServerConfigKeys (ConfUtils.java:logGet(46)) - raft.server.log.appender.buffer.byte-limit = 33554432 (custom)
2023-07-13 06:11:09,545 [d12304a5-d481-4f9e-9203-502383e83214-groupManagement] INFO  server.RaftServerConfigKeys (ConfUtils.java:logGet(46)) - raft.server.log.statemachine.data.read.timeout = 1000ms (default)
2023-07-13 06:11:09,545 [d12304a5-d481-4f9e-9203-502383e83214-groupManagement] INFO  server.RaftServerConfigKeys (ConfUtils.java:logGet(46)) - raft.server.log.purge.preservation.log.num = 0 (default)
2023-07-13 06:11:09,545 [d12304a5-d481-4f9e-9203-502383e83214-groupManagement] INFO  server.RaftServerConfigKeys (ConfUtils.java:logGet(46)) - raft.server.log.segment.size.max = 1048576 (custom)
2023-07-13 06:11:09,545 [d12304a5-d481-4f9e-9203-502383e83214-groupManagement] INFO  server.RaftServerConfigKeys (ConfUtils.java:logGet(46)) - raft.server.log.segment.cache.num.max = 2 (custom)
2023-07-13 06:11:09,546 [d12304a5-d481-4f9e-9203-502383e83214-groupManagement] INFO  server.RaftServerConfigKeys (ConfUtils.java:logGet(46)) - raft.server.log.segment.cache.size.max = 200MB (=209715200) (default)
2023-07-13 06:11:09,546 [d12304a5-d481-4f9e-9203-502383e83214-groupManagement] INFO  server.RaftServerConfigKeys (ConfUtils.java:logGet(46)) - raft.server.log.appender.buffer.byte-limit = 33554432 (custom)
2023-07-13 06:11:09,546 [d12304a5-d481-4f9e-9203-502383e83214-groupManagement] INFO  segmented.SegmentedRaftLogWorker (SegmentedRaftLogWorker.java:<init>(188)) - new d12304a5-d481-4f9e-9203-502383e83214@group-F88CADE39363-SegmentedRaftLogWorker for RaftStorageImpl:Storage Directory /home/runner/work/ozone/ozone/hadoop-ozone/integration-test/target/test-dir/MiniOzoneClusterImpl-40c29f8c-30b3-4208-9c4d-d76d276bda5b/datanode-8/data/ratis/7473db23-7357-47bb-8e9a-f88cade39363
2023-07-13 06:11:09,546 [d12304a5-d481-4f9e-9203-502383e83214-groupManagement] INFO  server.RaftServerConfigKeys (ConfUtils.java:logGet(46)) - raft.server.log.queue.byte-limit = 4294967296 (custom)
2023-07-13 06:11:09,546 [d12304a5-d481-4f9e-9203-502383e83214-groupManagement] INFO  server.RaftServerConfigKeys (ConfUtils.java:logGet(46)) - raft.server.log.queue.element-limit = 1024 (custom)
2023-07-13 06:11:09,546 [d12304a5-d481-4f9e-9203-502383e83214-groupManagement] INFO  server.RaftServerConfigKeys (ConfUtils.java:logGet(46)) - raft.server.log.segment.size.max = 1048576 (custom)
2023-07-13 06:11:09,546 [d12304a5-d481-4f9e-9203-502383e83214-groupManagement] INFO  server.RaftServerConfigKeys (ConfUtils.java:logGet(46)) - raft.server.log.preallocated.size = 16384 (custom)
2023-07-13 06:11:09,546 [d12304a5-d481-4f9e-9203-502383e83214-groupManagement] INFO  server.RaftServerConfigKeys (ConfUtils.java:logGet(46)) - raft.server.log.force.sync.num = 128 (default)
2023-07-13 06:11:09,546 [d12304a5-d481-4f9e-9203-502383e83214-groupManagement] INFO  server.RaftServerConfigKeys (ConfUtils.java:logGet(46)) - raft.server.log.statemachine.data.sync = true (default)
2023-07-13 06:11:09,546 [d12304a5-d481-4f9e-9203-502383e83214-groupManagement] INFO  server.RaftServerConfigKeys (ConfUtils.java:logGet(46)) - raft.server.log.statemachine.data.sync.timeout = 10s (default)
2023-07-13 06:11:09,546 [d12304a5-d481-4f9e-9203-502383e83214-groupManagement] INFO  server.RaftServerConfigKeys (ConfUtils.java:logGet(46)) - raft.server.log.statemachine.data.sync.timeout.retry = -1 (default)
2023-07-13 06:11:09,548 [d12304a5-d481-4f9e-9203-502383e83214-groupManagement] INFO  server.RaftServerConfigKeys (ConfUtils.java:logGet(46)) - raft.server.log.write.buffer.size = 1048576 (custom)
2023-07-13 06:11:09,549 [d12304a5-d481-4f9e-9203-502383e83214-groupManagement] INFO  server.RaftServerConfigKeys (ConfUtils.java:logGet(46)) - raft.server.log.appender.buffer.byte-limit = 33554432 (custom)
2023-07-13 06:11:09,559 [d12304a5-d481-4f9e-9203-502383e83214-groupManagement] INFO  server.RaftServerConfigKeys (ConfUtils.java:logGet(46)) - raft.server.log.unsafe-flush.enabled = false (default)
2023-07-13 06:11:09,560 [d12304a5-d481-4f9e-9203-502383e83214-groupManagement] INFO  server.RaftServerConfigKeys (ConfUtils.java:logGet(46)) - raft.server.log.async-flush.enabled = false (default)
2023-07-13 06:11:09,560 [d12304a5-d481-4f9e-9203-502383e83214-groupManagement] INFO  server.RaftServerConfigKeys (ConfUtils.java:logGet(46)) - raft.server.log.statemachine.data.caching.enabled = true (custom)
2023-07-13 06:11:09,560 [d12304a5-d481-4f9e-9203-502383e83214-groupManagement] INFO  segmented.SegmentedRaftLogWorker (SegmentedRaftLogWorker.java:lambda$new$0(135)) - d12304a5-d481-4f9e-9203-502383e83214@group-F88CADE39363-SegmentedRaftLogWorker: flushIndex: setUnconditionally 0 -> -1
2023-07-13 06:11:09,560 [d12304a5-d481-4f9e-9203-502383e83214-groupManagement] INFO  segmented.SegmentedRaftLogWorker (SegmentedRaftLogWorker.java:lambda$new$0(135)) - d12304a5-d481-4f9e-9203-502383e83214@group-F88CADE39363-SegmentedRaftLogWorker: safeCacheEvictIndex: setUnconditionally 0 -> -1
2023-07-13 06:11:09,560 [d12304a5-d481-4f9e-9203-502383e83214-groupManagement] INFO  server.RaftServer$Division (RaftServerImpl.java:start(342)) - d12304a5-d481-4f9e-9203-502383e83214@group-F88CADE39363: start as a follower, conf=-1: peers:[aeec539b-574d-4d91-8fa7-d5e640bad944|rpc:10.1.0.28:15068|admin:10.1.0.28:15067|client:10.1.0.28:15066|dataStream:10.1.0.28:15069|priority:0|startupRole:FOLLOWER, 42c94fbf-dc57-4435-80ab-f9b7a4e6d382|rpc:10.1.0.28:15077|admin:10.1.0.28:15076|client:10.1.0.28:15075|dataStream:10.1.0.28:15078|priority:0|startupRole:FOLLOWER, d12304a5-d481-4f9e-9203-502383e83214|rpc:10.1.0.28:15086|admin:10.1.0.28:15085|client:10.1.0.28:15084|dataStream:10.1.0.28:15087|priority:1|startupRole:FOLLOWER]|listeners:[], old=null
2023-07-13 06:11:09,561 [d12304a5-d481-4f9e-9203-502383e83214-groupManagement] INFO  server.RaftServer$Division (RaftServerImpl.java:setRole(329)) - d12304a5-d481-4f9e-9203-502383e83214@group-F88CADE39363: changes role from      null to FOLLOWER at term 0 for startAsFollower
2023-07-13 06:11:09,561 [d12304a5-d481-4f9e-9203-502383e83214-groupManagement] INFO  impl.RoleInfo (RoleInfo.java:updateAndGet(139)) - d12304a5-d481-4f9e-9203-502383e83214: start d12304a5-d481-4f9e-9203-502383e83214@group-F88CADE39363-FollowerState
2023-07-13 06:11:09,563 [d12304a5-d481-4f9e-9203-502383e83214-groupManagement] INFO  util.JmxRegister (JmxRegister.java:tryRegister(44)) - Successfully registered JMX Bean with object name Ratis:service=RaftServer,group=group-F88CADE39363,id=d12304a5-d481-4f9e-9203-502383e83214
2023-07-13 06:11:09,563 [d12304a5-d481-4f9e-9203-502383e83214-groupManagement] INFO  server.RaftServerConfigKeys (ConfUtils.java:logGet(46)) - raft.server.snapshot.auto.trigger.enabled = true (custom)
2023-07-13 06:11:09,563 [d12304a5-d481-4f9e-9203-502383e83214-groupManagement] INFO  server.RaftServerConfigKeys (ConfUtils.java:logGet(46)) - raft.server.snapshot.auto.trigger.threshold = 10000 (custom)
2023-07-13 06:11:09,563 [d12304a5-d481-4f9e-9203-502383e83214-groupManagement] INFO  server.RaftServerConfigKeys (ConfUtils.java:logGet(46)) - raft.server.snapshot.retention.file.num = 5 (custom)
2023-07-13 06:11:09,563 [d12304a5-d481-4f9e-9203-502383e83214@group-F88CADE39363-FollowerState] INFO  server.RaftServerConfigKeys (ConfUtils.java:logFallback(53)) - raft.server.rpc.first-election.timeout.min = 5s (fallback to raft.server.rpc.timeout.min)
2023-07-13 06:11:09,563 [d12304a5-d481-4f9e-9203-502383e83214-groupManagement] INFO  server.RaftServerConfigKeys (ConfUtils.java:logGet(46)) - raft.server.log.purge.upto.snapshot.index = false (default)
2023-07-13 06:11:09,563 [d12304a5-d481-4f9e-9203-502383e83214@group-F88CADE39363-FollowerState] INFO  server.RaftServerConfigKeys (ConfUtils.java:logFallback(53)) - raft.server.rpc.first-election.timeout.max = 5200ms (fallback to raft.server.rpc.timeout.max)
2023-07-13 06:11:09,602 [PipelineCommandHandlerThread-0] INFO  commandhandler.CreatePipelineCommandHandler (CreatePipelineCommandHandler.java:lambda$handle$2(124)) - Created Pipeline RATIS THREE PipelineID=7473db23-7357-47bb-8e9a-f88cade39363.
2023-07-13 06:11:09,684 [PipelineCommandHandlerThread-0] INFO  server.RaftServer (RaftServerProxy.java:addNew(98)) - 42c94fbf-dc57-4435-80ab-f9b7a4e6d382: addNew group-FE843C8439AB:[42c94fbf-dc57-4435-80ab-f9b7a4e6d382|rpc:10.1.0.28:15077|admin:10.1.0.28:15076|client:10.1.0.28:15075|dataStream:10.1.0.28:15078|priority:1|startupRole:FOLLOWER] returns group-FE843C8439AB:java.util.concurrent.CompletableFuture@6717b90f[Not completed]
2023-07-13 06:11:09,685 [42c94fbf-dc57-4435-80ab-f9b7a4e6d382-groupManagement] INFO  server.RaftServer$Division (RaftServerImpl.java:<init>(198)) - 42c94fbf-dc57-4435-80ab-f9b7a4e6d382: new RaftServerImpl for group-FE843C8439AB:[42c94fbf-dc57-4435-80ab-f9b7a4e6d382|rpc:10.1.0.28:15077|admin:10.1.0.28:15076|client:10.1.0.28:15075|dataStream:10.1.0.28:15078|priority:1|startupRole:FOLLOWER] with ContainerStateMachine:uninitialized
2023-07-13 06:11:09,686 [42c94fbf-dc57-4435-80ab-f9b7a4e6d382-groupManagement] INFO  server.RaftServerConfigKeys (ConfUtils.java:logGet(46)) - raft.server.rpc.timeout.min = 5s (custom)
2023-07-13 06:11:09,686 [42c94fbf-dc57-4435-80ab-f9b7a4e6d382-groupManagement] INFO  server.RaftServerConfigKeys (ConfUtils.java:logGet(46)) - raft.server.rpc.timeout.max = 5200ms (custom)
2023-07-13 06:11:09,686 [42c94fbf-dc57-4435-80ab-f9b7a4e6d382-groupManagement] INFO  server.RaftServerConfigKeys (ConfUtils.java:logGet(46)) - raft.server.rpc.sleep.time = 25ms (default)
2023-07-13 06:11:09,686 [42c94fbf-dc57-4435-80ab-f9b7a4e6d382-groupManagement] INFO  server.RaftServerConfigKeys (ConfUtils.java:logGet(46)) - raft.server.rpc.slowness.timeout = 300s (custom)
2023-07-13 06:11:09,686 [42c94fbf-dc57-4435-80ab-f9b7a4e6d382-groupManagement] INFO  server.RaftServerConfigKeys (ConfUtils.java:logGet(46)) - raft.server.leaderelection.leader.step-down.wait-time = 10s (default)
2023-07-13 06:11:09,686 [42c94fbf-dc57-4435-80ab-f9b7a4e6d382-groupManagement] INFO  server.RaftServerConfigKeys (ConfUtils.java:logGet(46)) - raft.server.sleep.deviation.threshold = 300ms (default)
2023-07-13 06:11:09,686 [42c94fbf-dc57-4435-80ab-f9b7a4e6d382-groupManagement] INFO  server.RaftServer$Division (ServerState.java:<init>(120)) - 42c94fbf-dc57-4435-80ab-f9b7a4e6d382@group-FE843C8439AB: ConfigurationManager, init=-1: peers:[42c94fbf-dc57-4435-80ab-f9b7a4e6d382|rpc:10.1.0.28:15077|admin:10.1.0.28:15076|client:10.1.0.28:15075|dataStream:10.1.0.28:15078|priority:1|startupRole:FOLLOWER]|listeners:[], old=null, confs=<EMPTY_MAP>
2023-07-13 06:11:09,686 [42c94fbf-dc57-4435-80ab-f9b7a4e6d382-groupManagement] INFO  server.RaftServerConfigKeys (ConfUtils.java:logGet(46)) - raft.server.storage.dir = [/home/runner/work/ozone/ozone/hadoop-ozone/integration-test/target/test-dir/MiniOzoneClusterImpl-40c29f8c-30b3-4208-9c4d-d76d276bda5b/datanode-7/data/ratis] (custom)
2023-07-13 06:11:09,686 [42c94fbf-dc57-4435-80ab-f9b7a4e6d382-groupManagement] INFO  server.RaftServerConfigKeys (ConfUtils.java:logGet(46)) - raft.server.log.corruption.policy = EXCEPTION (default)
2023-07-13 06:11:09,687 [42c94fbf-dc57-4435-80ab-f9b7a4e6d382-groupManagement] INFO  server.RaftServerConfigKeys (ConfUtils.java:logGet(46)) - raft.server.storage.free-space.min = 0MB (=0) (default)
2023-07-13 06:11:09,687 [42c94fbf-dc57-4435-80ab-f9b7a4e6d382-groupManagement] INFO  server.RaftServerConfigKeys (ConfUtils.java:logGet(46)) - raft.server.notification.no-leader.timeout = 300s (custom)
2023-07-13 06:11:09,687 [42c94fbf-dc57-4435-80ab-f9b7a4e6d382-groupManagement] INFO  server.RaftServerConfigKeys (ConfUtils.java:logGet(46)) - raft.server.read.timeout = 10s (default)
2023-07-13 06:11:09,687 [42c94fbf-dc57-4435-80ab-f9b7a4e6d382-groupManagement] INFO  server.RaftServerConfigKeys (ConfUtils.java:logGet(46)) - raft.server.retrycache.expirytime = 600000ms (custom)
2023-07-13 06:11:09,687 [42c94fbf-dc57-4435-80ab-f9b7a4e6d382-groupManagement] INFO  server.RaftServerConfigKeys (ConfUtils.java:logGet(46)) - raft.server.retrycache.statistics.expirytime = 100μs (default)
2023-07-13 06:11:09,687 [42c94fbf-dc57-4435-80ab-f9b7a4e6d382-groupManagement] INFO  server.RaftServerConfigKeys (ConfUtils.java:logGet(46)) - raft.server.read.option = DEFAULT (default)
2023-07-13 06:11:09,688 [42c94fbf-dc57-4435-80ab-f9b7a4e6d382-groupManagement] INFO  server.RaftServerConfigKeys (ConfUtils.java:logGet(46)) - raft.server.rpc.request.timeout = 60s (custom)
2023-07-13 06:11:09,688 [42c94fbf-dc57-4435-80ab-f9b7a4e6d382-groupManagement] INFO  server.RaftServerConfigKeys (ConfUtils.java:logGet(46)) - raft.server.log.appender.install.snapshot.enabled = false (custom)
2023-07-13 06:11:09,688 [42c94fbf-dc57-4435-80ab-f9b7a4e6d382-groupManagement] INFO  server.RaftServerConfigKeys (ConfUtils.java:logGet(46)) - raft.server.threadpool.server.cached = true (default)
2023-07-13 06:11:09,689 [42c94fbf-dc57-4435-80ab-f9b7a4e6d382-groupManagement] INFO  server.RaftServerConfigKeys (ConfUtils.java:logGet(46)) - raft.server.threadpool.server.size = 0 (default)
2023-07-13 06:11:09,689 [42c94fbf-dc57-4435-80ab-f9b7a4e6d382-groupManagement] INFO  server.RaftServerConfigKeys (ConfUtils.java:logGet(46)) - raft.server.threadpool.client.cached = true (default)
2023-07-13 06:11:09,689 [42c94fbf-dc57-4435-80ab-f9b7a4e6d382-groupManagement] INFO  server.RaftServerConfigKeys (ConfUtils.java:logGet(46)) - raft.server.threadpool.client.size = 0 (default)
2023-07-13 06:11:09,689 [42c94fbf-dc57-4435-80ab-f9b7a4e6d382-groupManagement] INFO  storage.RaftStorageDirectory (RaftStorageDirectoryImpl.java:analyzeStorage(137)) - The storage directory /home/runner/work/ozone/ozone/hadoop-ozone/integration-test/target/test-dir/MiniOzoneClusterImpl-40c29f8c-30b3-4208-9c4d-d76d276bda5b/datanode-7/data/ratis/6a2ffa38-7a17-4e3a-994d-fe843c8439ab does not exist. Creating ...
2023-07-13 06:11:09,691 [42c94fbf-dc57-4435-80ab-f9b7a4e6d382-groupManagement] INFO  storage.RaftStorageDirectory (RaftStorageDirectoryImpl.java:tryLock(231)) - Lock on /home/runner/work/ozone/ozone/hadoop-ozone/integration-test/target/test-dir/MiniOzoneClusterImpl-40c29f8c-30b3-4208-9c4d-d76d276bda5b/datanode-7/data/ratis/6a2ffa38-7a17-4e3a-994d-fe843c8439ab/in_use.lock acquired by nodename 110901@fv-az932-602
2023-07-13 06:11:09,693 [42c94fbf-dc57-4435-80ab-f9b7a4e6d382-groupManagement] INFO  storage.RaftStorage (RaftStorageImpl.java:format(96)) - Storage directory /home/runner/work/ozone/ozone/hadoop-ozone/integration-test/target/test-dir/MiniOzoneClusterImpl-40c29f8c-30b3-4208-9c4d-d76d276bda5b/datanode-7/data/ratis/6a2ffa38-7a17-4e3a-994d-fe843c8439ab has been successfully formatted.
2023-07-13 06:11:09,693 [main] INFO  ozone.MiniOzoneClusterImpl (MiniOzoneClusterImpl.java:lambda$waitForClusterToBeReady$0(224)) - Nodes are ready. Got 10 of 10 DN Heartbeats.
2023-07-13 06:11:09,693 [main] INFO  ozone.MiniOzoneClusterImpl (MiniOzoneClusterImpl.java:lambda$waitForClusterToBeReady$0(227)) - Waiting for cluster to exit safe mode
2023-07-13 06:11:09,693 [main] INFO  ozone.MiniOzoneClusterImpl (MiniOzoneClusterImpl.java:lambda$waitForClusterToBeReady$0(229)) - SCM became leader
2023-07-13 06:11:09,695 [42c94fbf-dc57-4435-80ab-f9b7a4e6d382-groupManagement] INFO  ratis.ContainerStateMachine (ContainerStateMachine.java:loadSnapshot(262)) - group-FE843C8439AB: The snapshot info is null. Setting the last applied indexto:(t:0, i:~)
2023-07-13 06:11:09,695 [42c94fbf-dc57-4435-80ab-f9b7a4e6d382-groupManagement] INFO  server.RaftServerConfigKeys (ConfUtils.java:logGet(46)) - raft.server.log.use.memory = false (default)
2023-07-13 06:11:09,695 [42c94fbf-dc57-4435-80ab-f9b7a4e6d382-groupManagement] INFO  server.RaftServerConfigKeys (ConfUtils.java:logGet(46)) - raft.server.log.purge.gap = 1000000 (custom)
2023-07-13 06:11:09,695 [42c94fbf-dc57-4435-80ab-f9b7a4e6d382-groupManagement] INFO  server.RaftServerConfigKeys (ConfUtils.java:logGet(46)) - raft.server.log.appender.buffer.byte-limit = 33554432 (custom)
2023-07-13 06:11:09,695 [42c94fbf-dc57-4435-80ab-f9b7a4e6d382-groupManagement] INFO  server.RaftServerConfigKeys (ConfUtils.java:logGet(46)) - raft.server.log.statemachine.data.read.timeout = 1000ms (default)
2023-07-13 06:11:09,695 [42c94fbf-dc57-4435-80ab-f9b7a4e6d382-groupManagement] INFO  server.RaftServerConfigKeys (ConfUtils.java:logGet(46)) - raft.server.log.purge.preservation.log.num = 0 (default)
2023-07-13 06:11:09,695 [42c94fbf-dc57-4435-80ab-f9b7a4e6d382-groupManagement] INFO  server.RaftServerConfigKeys (ConfUtils.java:logGet(46)) - raft.server.log.segment.size.max = 1048576 (custom)
2023-07-13 06:11:09,696 [42c94fbf-dc57-4435-80ab-f9b7a4e6d382-groupManagement] INFO  server.RaftServerConfigKeys (ConfUtils.java:logGet(46)) - raft.server.log.segment.cache.num.max = 2 (custom)
2023-07-13 06:11:09,696 [42c94fbf-dc57-4435-80ab-f9b7a4e6d382-groupManagement] INFO  server.RaftServerConfigKeys (ConfUtils.java:logGet(46)) - raft.server.log.segment.cache.size.max = 200MB (=209715200) (default)
2023-07-13 06:11:10,378 [42c94fbf-dc57-4435-80ab-f9b7a4e6d382-groupManagement] INFO  server.RaftServerConfigKeys (ConfUtils.java:logGet(46)) - raft.server.log.appender.buffer.byte-limit = 33554432 (custom)
2023-07-13 06:11:10,379 [42c94fbf-dc57-4435-80ab-f9b7a4e6d382-groupManagement] INFO  segmented.SegmentedRaftLogWorker (SegmentedRaftLogWorker.java:<init>(188)) - new 42c94fbf-dc57-4435-80ab-f9b7a4e6d382@group-FE843C8439AB-SegmentedRaftLogWorker for RaftStorageImpl:Storage Directory /home/runner/work/ozone/ozone/hadoop-ozone/integration-test/target/test-dir/MiniOzoneClusterImpl-40c29f8c-30b3-4208-9c4d-d76d276bda5b/datanode-7/data/ratis/6a2ffa38-7a17-4e3a-994d-fe843c8439ab
2023-07-13 06:11:10,379 [42c94fbf-dc57-4435-80ab-f9b7a4e6d382-groupManagement] INFO  server.RaftServerConfigKeys (ConfUtils.java:logGet(46)) - raft.server.log.queue.byte-limit = 4294967296 (custom)
2023-07-13 06:11:10,379 [42c94fbf-dc57-4435-80ab-f9b7a4e6d382-groupManagement] INFO  server.RaftServerConfigKeys (ConfUtils.java:logGet(46)) - raft.server.log.queue.element-limit = 1024 (custom)
2023-07-13 06:11:10,379 [42c94fbf-dc57-4435-80ab-f9b7a4e6d382-groupManagement] INFO  server.RaftServerConfigKeys (ConfUtils.java:logGet(46)) - raft.server.log.segment.size.max = 1048576 (custom)
2023-07-13 06:11:10,379 [42c94fbf-dc57-4435-80ab-f9b7a4e6d382-groupManagement] INFO  server.RaftServerConfigKeys (ConfUtils.java:logGet(46)) - raft.server.log.preallocated.size = 16384 (custom)
2023-07-13 06:11:10,379 [42c94fbf-dc57-4435-80ab-f9b7a4e6d382-groupManagement] INFO  server.RaftServerConfigKeys (ConfUtils.java:logGet(46)) - raft.server.log.force.sync.num = 128 (default)
2023-07-13 06:11:10,379 [42c94fbf-dc57-4435-80ab-f9b7a4e6d382-groupManagement] INFO  server.RaftServerConfigKeys (ConfUtils.java:logGet(46)) - raft.server.log.statemachine.data.sync = true (default)
2023-07-13 06:11:10,380 [42c94fbf-dc57-4435-80ab-f9b7a4e6d382-groupManagement] INFO  server.RaftServerConfigKeys (ConfUtils.java:logGet(46)) - raft.server.log.statemachine.data.sync.timeout = 10s (default)
2023-07-13 06:11:10,380 [42c94fbf-dc57-4435-80ab-f9b7a4e6d382-groupManagement] INFO  server.RaftServerConfigKeys (ConfUtils.java:logGet(46)) - raft.server.log.statemachine.data.sync.timeout.retry = -1 (default)
2023-07-13 06:11:10,381 [JvmPauseMonitor8] WARN  util.JvmPauseMonitor (JvmPauseMonitor.java:detectPause(124)) - JvmPauseMonitor-aeec539b-574d-4d91-8fa7-d5e640bad944: Detected pause in JVM or host machine approximately 0.613s with 0.665s GC time.
GC pool 'PS MarkSweep' had collection(s): count=1 time=503ms
GC pool 'PS Scavenge' had collection(s): count=1 time=162ms
2023-07-13 06:11:10,381 [JvmPauseMonitor10] WARN  util.JvmPauseMonitor (JvmPauseMonitor.java:detectPause(124)) - JvmPauseMonitor-d12304a5-d481-4f9e-9203-502383e83214: Detected pause in JVM or host machine approximately 0.607s with 0.665s GC time.
GC pool 'PS MarkSweep' had collection(s): count=1 time=503ms
GC pool 'PS Scavenge' had collection(s): count=1 time=162ms
2023-07-13 06:11:10,381 [JvmPauseMonitor7] WARN  util.JvmPauseMonitor (JvmPauseMonitor.java:detectPause(124)) - JvmPauseMonitor-892099fe-78a6-4491-a754-7c56149f1c99: Detected pause in JVM or host machine approximately 0.607s with 0.665s GC time.
GC pool 'PS MarkSweep' had collection(s): count=1 time=503ms
GC pool 'PS Scavenge' had collection(s): count=1 time=162ms
2023-07-13 06:11:10,381 [JvmPauseMonitor2] WARN  util.JvmPauseMonitor (JvmPauseMonitor.java:detectPause(124)) - JvmPauseMonitor-82b6249a-e03c-430a-993b-f8cc239713ce: Detected pause in JVM or host machine approximately 0.607s with 0.665s GC time.
GC pool 'PS MarkSweep' had collection(s): count=1 time=503ms
GC pool 'PS Scavenge' had collection(s): count=1 time=162ms
2023-07-13 06:11:10,381 [JvmPauseMonitor1] WARN  util.JvmPauseMonitor (JvmPauseMonitor.java:detectPause(124)) - JvmPauseMonitor-om1: Detected pause in JVM or host machine approximately 0.256s with 0.665s GC time.
GC pool 'PS MarkSweep' had collection(s): count=1 time=503ms
GC pool 'PS Scavenge' had collection(s): count=1 time=162ms
2023-07-13 06:11:10,381 [JvmPauseMonitor5] WARN  util.JvmPauseMonitor (JvmPauseMonitor.java:detectPause(124)) - JvmPauseMonitor-eb0edd12-afad-4318-b446-71865e03089a: Detected pause in JVM or host machine approximately 0.255s with 0.665s GC time.
GC pool 'PS MarkSweep' had collection(s): count=1 time=503ms
GC pool 'PS Scavenge' had collection(s): count=1 time=162ms
2023-07-13 06:11:10,372 [EventQueue-PipelineReportForPipelineReportHandler] INFO  pipeline.PipelineReportHandler (PipelineReportHandler.java:processPipelineReport(136)) - Opened pipeline PipelineID=6a2ffa38-7a17-4e3a-994d-fe843c8439ab
2023-07-13 06:11:10,382 [EventQueue-OpenPipelineForHealthyPipelineSafeModeRule] INFO  safemode.SCMSafeModeManager (HealthyPipelineSafeModeRule.java:process(137)) - SCM in safe mode. Healthy pipelines reported count is 0, required healthy pipeline reported count is 1
2023-07-13 06:11:10,369 [JvmPauseMonitor6] WARN  util.JvmPauseMonitor (JvmPauseMonitor.java:detectPause(124)) - JvmPauseMonitor-4d503614-acf7-4d3e-bd56-c00356288aee: Detected pause in JVM or host machine approximately 0.642s with 0.665s GC time.
GC pool 'PS MarkSweep' had collection(s): count=1 time=503ms
GC pool 'PS Scavenge' had collection(s): count=1 time=162ms
2023-07-13 06:11:10,369 [JvmPauseMonitor0] WARN  util.JvmPauseMonitor (JvmPauseMonitor.java:detectPause(124)) - JvmPauseMonitor-322254b0-5b64-4d96-81bf-d14bda2f0880: Detected pause in JVM or host machine approximately 0.627s with 0.665s GC time.
GC pool 'PS MarkSweep' had collection(s): count=1 time=503ms
GC pool 'PS Scavenge' had collection(s): count=1 time=162ms
2023-07-13 06:11:10,368 [JvmPauseMonitor3] WARN  util.JvmPauseMonitor (JvmPauseMonitor.java:detectPause(124)) - JvmPauseMonitor-562e6811-3892-4bb8-8c1f-2833a6a2708d: Detected pause in JVM or host machine approximately 0.255s with 0.665s GC time.
GC pool 'PS MarkSweep' had collection(s): count=1 time=503ms
GC pool 'PS Scavenge' had collection(s): count=1 time=162ms
2023-07-13 06:11:10,368 [JvmPauseMonitor11] WARN  util.JvmPauseMonitor (JvmPauseMonitor.java:detectPause(124)) - JvmPauseMonitor-a7e23495-4fba-47f2-ab25-3c088ebfd5ba: Detected pause in JVM or host machine approximately 0.255s with 0.665s GC time.
GC pool 'PS MarkSweep' had collection(s): count=1 time=503ms
GC pool 'PS Scavenge' had collection(s): count=1 time=162ms
2023-07-13 06:11:10,367 [JvmPauseMonitor4] WARN  util.JvmPauseMonitor (JvmPauseMonitor.java:detectPause(124)) - JvmPauseMonitor-d320ba6c-c03b-47af-a073-41dad91ccf26: Detected pause in JVM or host machine approximately 0.255s with 0.665s GC time.
GC pool 'PS MarkSweep' had collection(s): count=1 time=503ms
GC pool 'PS Scavenge' had collection(s): count=1 time=162ms
2023-07-13 06:11:10,367 [JvmPauseMonitor9] WARN  util.JvmPauseMonitor (JvmPauseMonitor.java:detectPause(124)) - JvmPauseMonitor-42c94fbf-dc57-4435-80ab-f9b7a4e6d382: Detected pause in JVM or host machine approximately 0.246s with 0.665s GC time.
GC pool 'PS MarkSweep' had collection(s): count=1 time=503ms
GC pool 'PS Scavenge' had collection(s): count=1 time=162ms
2023-07-13 06:11:10,384 [42c94fbf-dc57-4435-80ab-f9b7a4e6d382-groupManagement] INFO  server.RaftServerConfigKeys (ConfUtils.java:logGet(46)) - raft.server.log.write.buffer.size = 1048576 (custom)
2023-07-13 06:11:10,385 [42c94fbf-dc57-4435-80ab-f9b7a4e6d382-groupManagement] INFO  server.RaftServerConfigKeys (ConfUtils.java:logGet(46)) - raft.server.log.appender.buffer.byte-limit = 33554432 (custom)
2023-07-13 06:11:10,393 [42c94fbf-dc57-4435-80ab-f9b7a4e6d382-groupManagement] INFO  server.RaftServerConfigKeys (ConfUtils.java:logGet(46)) - raft.server.log.unsafe-flush.enabled = false (default)
2023-07-13 06:11:10,394 [42c94fbf-dc57-4435-80ab-f9b7a4e6d382-groupManagement] INFO  server.RaftServerConfigKeys (ConfUtils.java:logGet(46)) - raft.server.log.async-flush.enabled = false (default)
2023-07-13 06:11:10,394 [42c94fbf-dc57-4435-80ab-f9b7a4e6d382-groupManagement] INFO  server.RaftServerConfigKeys (ConfUtils.java:logGet(46)) - raft.server.log.statemachine.data.caching.enabled = true (custom)
2023-07-13 06:11:10,394 [42c94fbf-dc57-4435-80ab-f9b7a4e6d382-groupManagement] INFO  segmented.SegmentedRaftLogWorker (SegmentedRaftLogWorker.java:lambda$new$0(135)) - 42c94fbf-dc57-4435-80ab-f9b7a4e6d382@group-FE843C8439AB-SegmentedRaftLogWorker: flushIndex: setUnconditionally 0 -> -1
2023-07-13 06:11:10,394 [42c94fbf-dc57-4435-80ab-f9b7a4e6d382-groupManagement] INFO  segmented.SegmentedRaftLogWorker (SegmentedRaftLogWorker.java:lambda$new$0(135)) - 42c94fbf-dc57-4435-80ab-f9b7a4e6d382@group-FE843C8439AB-SegmentedRaftLogWorker: safeCacheEvictIndex: setUnconditionally 0 -> -1
2023-07-13 06:11:10,394 [42c94fbf-dc57-4435-80ab-f9b7a4e6d382-groupManagement] INFO  server.RaftServer$Division (RaftServerImpl.java:start(342)) - 42c94fbf-dc57-4435-80ab-f9b7a4e6d382@group-FE843C8439AB: start as a follower, conf=-1: peers:[42c94fbf-dc57-4435-80ab-f9b7a4e6d382|rpc:10.1.0.28:15077|admin:10.1.0.28:15076|client:10.1.0.28:15075|dataStream:10.1.0.28:15078|priority:1|startupRole:FOLLOWER]|listeners:[], old=null
2023-07-13 06:11:10,394 [42c94fbf-dc57-4435-80ab-f9b7a4e6d382-groupManagement] INFO  server.RaftServer$Division (RaftServerImpl.java:setRole(329)) - 42c94fbf-dc57-4435-80ab-f9b7a4e6d382@group-FE843C8439AB: changes role from      null to FOLLOWER at term 0 for startAsFollower
2023-07-13 06:11:10,394 [42c94fbf-dc57-4435-80ab-f9b7a4e6d382-groupManagement] INFO  impl.RoleInfo (RoleInfo.java:updateAndGet(139)) - 42c94fbf-dc57-4435-80ab-f9b7a4e6d382: start 42c94fbf-dc57-4435-80ab-f9b7a4e6d382@group-FE843C8439AB-FollowerState
2023-07-13 06:11:10,395 [42c94fbf-dc57-4435-80ab-f9b7a4e6d382-groupManagement] INFO  util.JmxRegister (JmxRegister.java:tryRegister(44)) - Successfully registered JMX Bean with object name Ratis:service=RaftServer,group=group-FE843C8439AB,id=42c94fbf-dc57-4435-80ab-f9b7a4e6d382
2023-07-13 06:11:10,395 [42c94fbf-dc57-4435-80ab-f9b7a4e6d382-groupManagement] INFO  server.RaftServerConfigKeys (ConfUtils.java:logGet(46)) - raft.server.snapshot.auto.trigger.enabled = true (custom)
2023-07-13 06:11:10,395 [42c94fbf-dc57-4435-80ab-f9b7a4e6d382-groupManagement] INFO  server.RaftServerConfigKeys (ConfUtils.java:logGet(46)) - raft.server.snapshot.auto.trigger.threshold = 10000 (custom)
2023-07-13 06:11:10,395 [42c94fbf-dc57-4435-80ab-f9b7a4e6d382-groupManagement] INFO  server.RaftServerConfigKeys (ConfUtils.java:logGet(46)) - raft.server.snapshot.retention.file.num = 5 (custom)
2023-07-13 06:11:10,395 [42c94fbf-dc57-4435-80ab-f9b7a4e6d382-groupManagement] INFO  server.RaftServerConfigKeys (ConfUtils.java:logGet(46)) - raft.server.log.purge.upto.snapshot.index = false (default)
2023-07-13 06:11:10,396 [42c94fbf-dc57-4435-80ab-f9b7a4e6d382@group-FE843C8439AB-FollowerState] INFO  server.RaftServerConfigKeys (ConfUtils.java:logFallback(53)) - raft.server.rpc.first-election.timeout.min = 5s (fallback to raft.server.rpc.timeout.min)
2023-07-13 06:11:10,396 [42c94fbf-dc57-4435-80ab-f9b7a4e6d382@group-FE843C8439AB-FollowerState] INFO  server.RaftServerConfigKeys (ConfUtils.java:logFallback(53)) - raft.server.rpc.first-election.timeout.max = 5200ms (fallback to raft.server.rpc.timeout.max)
2023-07-13 06:11:10,396 [PipelineCommandHandlerThread-0] INFO  ratis.XceiverServerRatis (XceiverServerRatis.java:addGroup(804)) - Created group PipelineID=6a2ffa38-7a17-4e3a-994d-fe843c8439ab
2023-07-13 06:11:10,396 [PipelineCommandHandlerThread-0] INFO  commandhandler.CreatePipelineCommandHandler (CreatePipelineCommandHandler.java:lambda$handle$2(124)) - Created Pipeline RATIS ONE PipelineID=6a2ffa38-7a17-4e3a-994d-fe843c8439ab.
2023-07-13 06:11:10,403 [PipelineCommandHandlerThread-0] INFO  server.RaftServer (RaftServerProxy.java:addNew(98)) - d12304a5-d481-4f9e-9203-502383e83214: addNew group-525AC21D8BF6:[d12304a5-d481-4f9e-9203-502383e83214|rpc:10.1.0.28:15086|admin:10.1.0.28:15085|client:10.1.0.28:15084|dataStream:10.1.0.28:15087|priority:1|startupRole:FOLLOWER] returns group-525AC21D8BF6:java.util.concurrent.CompletableFuture@56f6a3ac[Not completed]
2023-07-13 06:11:10,489 [d12304a5-d481-4f9e-9203-502383e83214-groupManagement] INFO  server.RaftServer$Division (RaftServerImpl.java:<init>(198)) - d12304a5-d481-4f9e-9203-502383e83214: new RaftServerImpl for group-525AC21D8BF6:[d12304a5-d481-4f9e-9203-502383e83214|rpc:10.1.0.28:15086|admin:10.1.0.28:15085|client:10.1.0.28:15084|dataStream:10.1.0.28:15087|priority:1|startupRole:FOLLOWER] with ContainerStateMachine:uninitialized
2023-07-13 06:11:10,489 [d12304a5-d481-4f9e-9203-502383e83214-groupManagement] INFO  server.RaftServerConfigKeys (ConfUtils.java:logGet(46)) - raft.server.rpc.timeout.min = 5s (custom)
2023-07-13 06:11:10,489 [d12304a5-d481-4f9e-9203-502383e83214-groupManagement] INFO  server.RaftServerConfigKeys (ConfUtils.java:logGet(46)) - raft.server.rpc.timeout.max = 5200ms (custom)
2023-07-13 06:11:10,489 [d12304a5-d481-4f9e-9203-502383e83214-groupManagement] INFO  server.RaftServerConfigKeys (ConfUtils.java:logGet(46)) - raft.server.rpc.sleep.time = 25ms (default)
2023-07-13 06:11:10,489 [d12304a5-d481-4f9e-9203-502383e83214-groupManagement] INFO  server.RaftServerConfigKeys (ConfUtils.java:logGet(46)) - raft.server.rpc.slowness.timeout = 300s (custom)
2023-07-13 06:11:10,489 [d12304a5-d481-4f9e-9203-502383e83214-groupManagement] INFO  server.RaftServerConfigKeys (ConfUtils.java:logGet(46)) - raft.server.leaderelection.leader.step-down.wait-time = 10s (default)
2023-07-13 06:11:10,489 [d12304a5-d481-4f9e-9203-502383e83214-groupManagement] INFO  server.RaftServerConfigKeys (ConfUtils.java:logGet(46)) - raft.server.sleep.deviation.threshold = 300ms (default)
2023-07-13 06:11:10,489 [d12304a5-d481-4f9e-9203-502383e83214-groupManagement] INFO  server.RaftServer$Division (ServerState.java:<init>(120)) - d12304a5-d481-4f9e-9203-502383e83214@group-525AC21D8BF6: ConfigurationManager, init=-1: peers:[d12304a5-d481-4f9e-9203-502383e83214|rpc:10.1.0.28:15086|admin:10.1.0.28:15085|client:10.1.0.28:15084|dataStream:10.1.0.28:15087|priority:1|startupRole:FOLLOWER]|listeners:[], old=null, confs=<EMPTY_MAP>
2023-07-13 06:11:10,489 [d12304a5-d481-4f9e-9203-502383e83214-groupManagement] INFO  server.RaftServerConfigKeys (ConfUtils.java:logGet(46)) - raft.server.storage.dir = [/home/runner/work/ozone/ozone/hadoop-ozone/integration-test/target/test-dir/MiniOzoneClusterImpl-40c29f8c-30b3-4208-9c4d-d76d276bda5b/datanode-8/data/ratis] (custom)
2023-07-13 06:11:10,490 [d12304a5-d481-4f9e-9203-502383e83214-groupManagement] INFO  server.RaftServerConfigKeys (ConfUtils.java:logGet(46)) - raft.server.log.corruption.policy = EXCEPTION (default)
2023-07-13 06:11:10,490 [d12304a5-d481-4f9e-9203-502383e83214-groupManagement] INFO  server.RaftServerConfigKeys (ConfUtils.java:logGet(46)) - raft.server.storage.free-space.min = 0MB (=0) (default)
2023-07-13 06:11:10,490 [d12304a5-d481-4f9e-9203-502383e83214-groupManagement] INFO  server.RaftServerConfigKeys (ConfUtils.java:logGet(46)) - raft.server.notification.no-leader.timeout = 300s (custom)
2023-07-13 06:11:10,490 [d12304a5-d481-4f9e-9203-502383e83214-groupManagement] INFO  server.RaftServerConfigKeys (ConfUtils.java:logGet(46)) - raft.server.read.timeout = 10s (default)
2023-07-13 06:11:10,490 [d12304a5-d481-4f9e-9203-502383e83214-groupManagement] INFO  server.RaftServerConfigKeys (ConfUtils.java:logGet(46)) - raft.server.retrycache.expirytime = 600000ms (custom)
2023-07-13 06:11:10,490 [d12304a5-d481-4f9e-9203-502383e83214-groupManagement] INFO  server.RaftServerConfigKeys (ConfUtils.java:logGet(46)) - raft.server.retrycache.statistics.expirytime = 100μs (default)
2023-07-13 06:11:10,490 [d12304a5-d481-4f9e-9203-502383e83214-groupManagement] INFO  server.RaftServerConfigKeys (ConfUtils.java:logGet(46)) - raft.server.read.option = DEFAULT (default)
2023-07-13 06:11:10,491 [d12304a5-d481-4f9e-9203-502383e83214-groupManagement] INFO  server.RaftServerConfigKeys (ConfUtils.java:logGet(46)) - raft.server.rpc.request.timeout = 60s (custom)
2023-07-13 06:11:10,491 [d12304a5-d481-4f9e-9203-502383e83214-groupManagement] INFO  server.RaftServerConfigKeys (ConfUtils.java:logGet(46)) - raft.server.log.appender.install.snapshot.enabled = false (custom)
2023-07-13 06:11:10,491 [d12304a5-d481-4f9e-9203-502383e83214-groupManagement] INFO  server.RaftServerConfigKeys (ConfUtils.java:logGet(46)) - raft.server.threadpool.server.cached = true (default)
2023-07-13 06:11:10,492 [d12304a5-d481-4f9e-9203-502383e83214-groupManagement] INFO  server.RaftServerConfigKeys (ConfUtils.java:logGet(46)) - raft.server.threadpool.server.size = 0 (default)
2023-07-13 06:11:10,492 [d12304a5-d481-4f9e-9203-502383e83214-groupManagement] INFO  server.RaftServerConfigKeys (ConfUtils.java:logGet(46)) - raft.server.threadpool.client.cached = true (default)
2023-07-13 06:11:10,492 [d12304a5-d481-4f9e-9203-502383e83214-groupManagement] INFO  server.RaftServerConfigKeys (ConfUtils.java:logGet(46)) - raft.server.threadpool.client.size = 0 (default)
2023-07-13 06:11:10,492 [d12304a5-d481-4f9e-9203-502383e83214-groupManagement] INFO  storage.RaftStorageDirectory (RaftStorageDirectoryImpl.java:analyzeStorage(137)) - The storage directory /home/runner/work/ozone/ozone/hadoop-ozone/integration-test/target/test-dir/MiniOzoneClusterImpl-40c29f8c-30b3-4208-9c4d-d76d276bda5b/datanode-8/data/ratis/dd254145-e3d9-41e9-940e-525ac21d8bf6 does not exist. Creating ...
2023-07-13 06:11:10,498 [d12304a5-d481-4f9e-9203-502383e83214-groupManagement] INFO  storage.RaftStorageDirectory (RaftStorageDirectoryImpl.java:tryLock(231)) - Lock on /home/runner/work/ozone/ozone/hadoop-ozone/integration-test/target/test-dir/MiniOzoneClusterImpl-40c29f8c-30b3-4208-9c4d-d76d276bda5b/datanode-8/data/ratis/dd254145-e3d9-41e9-940e-525ac21d8bf6/in_use.lock acquired by nodename 110901@fv-az932-602
2023-07-13 06:11:10,501 [d12304a5-d481-4f9e-9203-502383e83214-groupManagement] INFO  storage.RaftStorage (RaftStorageImpl.java:format(96)) - Storage directory /home/runner/work/ozone/ozone/hadoop-ozone/integration-test/target/test-dir/MiniOzoneClusterImpl-40c29f8c-30b3-4208-9c4d-d76d276bda5b/datanode-8/data/ratis/dd254145-e3d9-41e9-940e-525ac21d8bf6 has been successfully formatted.
2023-07-13 06:11:10,502 [d12304a5-d481-4f9e-9203-502383e83214-groupManagement] INFO  ratis.ContainerStateMachine (ContainerStateMachine.java:loadSnapshot(262)) - group-525AC21D8BF6: The snapshot info is null. Setting the last applied indexto:(t:0, i:~)
2023-07-13 06:11:10,502 [d12304a5-d481-4f9e-9203-502383e83214-groupManagement] INFO  server.RaftServerConfigKeys (ConfUtils.java:logGet(46)) - raft.server.log.use.memory = false (default)
2023-07-13 06:11:10,502 [d12304a5-d481-4f9e-9203-502383e83214-groupManagement] INFO  server.RaftServerConfigKeys (ConfUtils.java:logGet(46)) - raft.server.log.purge.gap = 1000000 (custom)
2023-07-13 06:11:10,504 [EventQueue-PipelineReportForPipelineReportHandler] INFO  pipeline.PipelineReportHandler (PipelineReportHandler.java:processPipelineReport(136)) - Opened pipeline PipelineID=dd254145-e3d9-41e9-940e-525ac21d8bf6
2023-07-13 06:11:10,504 [EventQueue-OpenPipelineForHealthyPipelineSafeModeRule] INFO  safemode.SCMSafeModeManager (HealthyPipelineSafeModeRule.java:process(137)) - SCM in safe mode. Healthy pipelines reported count is 0, required healthy pipeline reported count is 1
2023-07-13 06:11:10,504 [d12304a5-d481-4f9e-9203-502383e83214-groupManagement] INFO  server.RaftServerConfigKeys (ConfUtils.java:logGet(46)) - raft.server.log.appender.buffer.byte-limit = 33554432 (custom)
2023-07-13 06:11:10,504 [d12304a5-d481-4f9e-9203-502383e83214-groupManagement] INFO  server.RaftServerConfigKeys (ConfUtils.java:logGet(46)) - raft.server.log.statemachine.data.read.timeout = 1000ms (default)
2023-07-13 06:11:10,504 [d12304a5-d481-4f9e-9203-502383e83214-groupManagement] INFO  server.RaftServerConfigKeys (ConfUtils.java:logGet(46)) - raft.server.log.purge.preservation.log.num = 0 (default)
2023-07-13 06:11:10,505 [d12304a5-d481-4f9e-9203-502383e83214-groupManagement] INFO  server.RaftServerConfigKeys (ConfUtils.java:logGet(46)) - raft.server.log.segment.size.max = 1048576 (custom)
2023-07-13 06:11:10,505 [d12304a5-d481-4f9e-9203-502383e83214-groupManagement] INFO  server.RaftServerConfigKeys (ConfUtils.java:logGet(46)) - raft.server.log.segment.cache.num.max = 2 (custom)
2023-07-13 06:11:10,505 [d12304a5-d481-4f9e-9203-502383e83214-groupManagement] INFO  server.RaftServerConfigKeys (ConfUtils.java:logGet(46)) - raft.server.log.segment.cache.size.max = 200MB (=209715200) (default)
2023-07-13 06:11:10,505 [d12304a5-d481-4f9e-9203-502383e83214-groupManagement] INFO  server.RaftServerConfigKeys (ConfUtils.java:logGet(46)) - raft.server.log.appender.buffer.byte-limit = 33554432 (custom)
2023-07-13 06:11:10,505 [d12304a5-d481-4f9e-9203-502383e83214-groupManagement] INFO  segmented.SegmentedRaftLogWorker (SegmentedRaftLogWorker.java:<init>(188)) - new d12304a5-d481-4f9e-9203-502383e83214@group-525AC21D8BF6-SegmentedRaftLogWorker for RaftStorageImpl:Storage Directory /home/runner/work/ozone/ozone/hadoop-ozone/integration-test/target/test-dir/MiniOzoneClusterImpl-40c29f8c-30b3-4208-9c4d-d76d276bda5b/datanode-8/data/ratis/dd254145-e3d9-41e9-940e-525ac21d8bf6
2023-07-13 06:11:10,505 [d12304a5-d481-4f9e-9203-502383e83214-groupManagement] INFO  server.RaftServerConfigKeys (ConfUtils.java:logGet(46)) - raft.server.log.queue.byte-limit = 4294967296 (custom)
2023-07-13 06:11:10,505 [d12304a5-d481-4f9e-9203-502383e83214-groupManagement] INFO  server.RaftServerConfigKeys (ConfUtils.java:logGet(46)) - raft.server.log.queue.element-limit = 1024 (custom)
2023-07-13 06:11:10,506 [d12304a5-d481-4f9e-9203-502383e83214-groupManagement] INFO  server.RaftServerConfigKeys (ConfUtils.java:logGet(46)) - raft.server.log.segment.size.max = 1048576 (custom)
2023-07-13 06:11:10,506 [d12304a5-d481-4f9e-9203-502383e83214-groupManagement] INFO  server.RaftServerConfigKeys (ConfUtils.java:logGet(46)) - raft.server.log.preallocated.size = 16384 (custom)
2023-07-13 06:11:10,506 [d12304a5-d481-4f9e-9203-502383e83214-groupManagement] INFO  server.RaftServerConfigKeys (ConfUtils.java:logGet(46)) - raft.server.log.force.sync.num = 128 (default)
2023-07-13 06:11:10,506 [d12304a5-d481-4f9e-9203-502383e83214-groupManagement] INFO  server.RaftServerConfigKeys (ConfUtils.java:logGet(46)) - raft.server.log.statemachine.data.sync = true (default)
2023-07-13 06:11:10,506 [d12304a5-d481-4f9e-9203-502383e83214-groupManagement] INFO  server.RaftServerConfigKeys (ConfUtils.java:logGet(46)) - raft.server.log.statemachine.data.sync.timeout = 10s (default)
2023-07-13 06:11:10,506 [d12304a5-d481-4f9e-9203-502383e83214-groupManagement] INFO  server.RaftServerConfigKeys (ConfUtils.java:logGet(46)) - raft.server.log.statemachine.data.sync.timeout.retry = -1 (default)
2023-07-13 06:11:10,507 [d12304a5-d481-4f9e-9203-502383e83214-groupManagement] INFO  server.RaftServerConfigKeys (ConfUtils.java:logGet(46)) - raft.server.log.write.buffer.size = 1048576 (custom)
2023-07-13 06:11:10,508 [d12304a5-d481-4f9e-9203-502383e83214-groupManagement] INFO  server.RaftServerConfigKeys (ConfUtils.java:logGet(46)) - raft.server.log.appender.buffer.byte-limit = 33554432 (custom)
2023-07-13 06:11:10,515 [d12304a5-d481-4f9e-9203-502383e83214-groupManagement] INFO  server.RaftServerConfigKeys (ConfUtils.java:logGet(46)) - raft.server.log.unsafe-flush.enabled = false (default)
2023-07-13 06:11:10,515 [d12304a5-d481-4f9e-9203-502383e83214-groupManagement] INFO  server.RaftServerConfigKeys (ConfUtils.java:logGet(46)) - raft.server.log.async-flush.enabled = false (default)
2023-07-13 06:11:10,515 [d12304a5-d481-4f9e-9203-502383e83214-groupManagement] INFO  server.RaftServerConfigKeys (ConfUtils.java:logGet(46)) - raft.server.log.statemachine.data.caching.enabled = true (custom)
2023-07-13 06:11:10,515 [d12304a5-d481-4f9e-9203-502383e83214-groupManagement] INFO  segmented.SegmentedRaftLogWorker (SegmentedRaftLogWorker.java:lambda$new$0(135)) - d12304a5-d481-4f9e-9203-502383e83214@group-525AC21D8BF6-SegmentedRaftLogWorker: flushIndex: setUnconditionally 0 -> -1
2023-07-13 06:11:10,516 [d12304a5-d481-4f9e-9203-502383e83214-groupManagement] INFO  segmented.SegmentedRaftLogWorker (SegmentedRaftLogWorker.java:lambda$new$0(135)) - d12304a5-d481-4f9e-9203-502383e83214@group-525AC21D8BF6-SegmentedRaftLogWorker: safeCacheEvictIndex: setUnconditionally 0 -> -1
2023-07-13 06:11:10,524 [d12304a5-d481-4f9e-9203-502383e83214-groupManagement] INFO  server.RaftServer$Division (RaftServerImpl.java:start(342)) - d12304a5-d481-4f9e-9203-502383e83214@group-525AC21D8BF6: start as a follower, conf=-1: peers:[d12304a5-d481-4f9e-9203-502383e83214|rpc:10.1.0.28:15086|admin:10.1.0.28:15085|client:10.1.0.28:15084|dataStream:10.1.0.28:15087|priority:1|startupRole:FOLLOWER]|listeners:[], old=null
2023-07-13 06:11:10,524 [d12304a5-d481-4f9e-9203-502383e83214-groupManagement] INFO  server.RaftServer$Division (RaftServerImpl.java:setRole(329)) - d12304a5-d481-4f9e-9203-502383e83214@group-525AC21D8BF6: changes role from      null to FOLLOWER at term 0 for startAsFollower
2023-07-13 06:11:10,524 [d12304a5-d481-4f9e-9203-502383e83214-groupManagement] INFO  impl.RoleInfo (RoleInfo.java:updateAndGet(139)) - d12304a5-d481-4f9e-9203-502383e83214: start d12304a5-d481-4f9e-9203-502383e83214@group-525AC21D8BF6-FollowerState
2023-07-13 06:11:10,525 [d12304a5-d481-4f9e-9203-502383e83214-groupManagement] INFO  util.JmxRegister (JmxRegister.java:tryRegister(44)) - Successfully registered JMX Bean with object name Ratis:service=RaftServer,group=group-525AC21D8BF6,id=d12304a5-d481-4f9e-9203-502383e83214
2023-07-13 06:11:10,525 [d12304a5-d481-4f9e-9203-502383e83214-groupManagement] INFO  server.RaftServerConfigKeys (ConfUtils.java:logGet(46)) - raft.server.snapshot.auto.trigger.enabled = true (custom)
2023-07-13 06:11:10,525 [d12304a5-d481-4f9e-9203-502383e83214-groupManagement] INFO  server.RaftServerConfigKeys (ConfUtils.java:logGet(46)) - raft.server.snapshot.auto.trigger.threshold = 10000 (custom)
2023-07-13 06:11:10,525 [d12304a5-d481-4f9e-9203-502383e83214-groupManagement] INFO  server.RaftServerConfigKeys (ConfUtils.java:logGet(46)) - raft.server.snapshot.retention.file.num = 5 (custom)
2023-07-13 06:11:10,526 [d12304a5-d481-4f9e-9203-502383e83214-groupManagement] INFO  server.RaftServerConfigKeys (ConfUtils.java:logGet(46)) - raft.server.log.purge.upto.snapshot.index = false (default)
2023-07-13 06:11:10,526 [d12304a5-d481-4f9e-9203-502383e83214@group-525AC21D8BF6-FollowerState] INFO  server.RaftServerConfigKeys (ConfUtils.java:logFallback(53)) - raft.server.rpc.first-election.timeout.min = 5s (fallback to raft.server.rpc.timeout.min)
2023-07-13 06:11:10,526 [d12304a5-d481-4f9e-9203-502383e83214@group-525AC21D8BF6-FollowerState] INFO  server.RaftServerConfigKeys (ConfUtils.java:logFallback(53)) - raft.server.rpc.first-election.timeout.max = 5200ms (fallback to raft.server.rpc.timeout.max)
2023-07-13 06:11:10,529 [PipelineCommandHandlerThread-0] INFO  ratis.XceiverServerRatis (XceiverServerRatis.java:addGroup(804)) - Created group PipelineID=dd254145-e3d9-41e9-940e-525ac21d8bf6
2023-07-13 06:11:10,529 [PipelineCommandHandlerThread-0] INFO  commandhandler.CreatePipelineCommandHandler (CreatePipelineCommandHandler.java:lambda$handle$2(124)) - Created Pipeline RATIS ONE PipelineID=dd254145-e3d9-41e9-940e-525ac21d8bf6.
2023-07-13 06:11:10,676 [PipelineCommandHandlerThread-0] INFO  server.RaftServer (RaftServerProxy.java:addNew(98)) - a7e23495-4fba-47f2-ab25-3c088ebfd5ba: addNew group-C6E76F4A8A30:[a7e23495-4fba-47f2-ab25-3c088ebfd5ba|rpc:10.1.0.28:15095|admin:10.1.0.28:15094|client:10.1.0.28:15093|dataStream:10.1.0.28:15096|priority:1|startupRole:FOLLOWER] returns group-C6E76F4A8A30:java.util.concurrent.CompletableFuture@5b19ef75[Not completed]
2023-07-13 06:11:10,678 [a7e23495-4fba-47f2-ab25-3c088ebfd5ba-groupManagement] INFO  server.RaftServer$Division (RaftServerImpl.java:<init>(198)) - a7e23495-4fba-47f2-ab25-3c088ebfd5ba: new RaftServerImpl for group-C6E76F4A8A30:[a7e23495-4fba-47f2-ab25-3c088ebfd5ba|rpc:10.1.0.28:15095|admin:10.1.0.28:15094|client:10.1.0.28:15093|dataStream:10.1.0.28:15096|priority:1|startupRole:FOLLOWER] with ContainerStateMachine:uninitialized
2023-07-13 06:11:10,678 [a7e23495-4fba-47f2-ab25-3c088ebfd5ba-groupManagement] INFO  server.RaftServerConfigKeys (ConfUtils.java:logGet(46)) - raft.server.rpc.timeout.min = 5s (custom)
2023-07-13 06:11:10,678 [a7e23495-4fba-47f2-ab25-3c088ebfd5ba-groupManagement] INFO  server.RaftServerConfigKeys (ConfUtils.java:logGet(46)) - raft.server.rpc.timeout.max = 5200ms (custom)
2023-07-13 06:11:10,679 [a7e23495-4fba-47f2-ab25-3c088ebfd5ba-groupManagement] INFO  server.RaftServerConfigKeys (ConfUtils.java:logGet(46)) - raft.server.rpc.sleep.time = 25ms (default)
2023-07-13 06:11:10,679 [a7e23495-4fba-47f2-ab25-3c088ebfd5ba-groupManagement] INFO  server.RaftServerConfigKeys (ConfUtils.java:logGet(46)) - raft.server.rpc.slowness.timeout = 300s (custom)
2023-07-13 06:11:10,679 [a7e23495-4fba-47f2-ab25-3c088ebfd5ba-groupManagement] INFO  server.RaftServerConfigKeys (ConfUtils.java:logGet(46)) - raft.server.leaderelection.leader.step-down.wait-time = 10s (default)
2023-07-13 06:11:10,679 [a7e23495-4fba-47f2-ab25-3c088ebfd5ba-groupManagement] INFO  server.RaftServerConfigKeys (ConfUtils.java:logGet(46)) - raft.server.sleep.deviation.threshold = 300ms (default)
2023-07-13 06:11:10,679 [a7e23495-4fba-47f2-ab25-3c088ebfd5ba-groupManagement] INFO  server.RaftServer$Division (ServerState.java:<init>(120)) - a7e23495-4fba-47f2-ab25-3c088ebfd5ba@group-C6E76F4A8A30: ConfigurationManager, init=-1: peers:[a7e23495-4fba-47f2-ab25-3c088ebfd5ba|rpc:10.1.0.28:15095|admin:10.1.0.28:15094|client:10.1.0.28:15093|dataStream:10.1.0.28:15096|priority:1|startupRole:FOLLOWER]|listeners:[], old=null, confs=<EMPTY_MAP>
2023-07-13 06:11:10,679 [a7e23495-4fba-47f2-ab25-3c088ebfd5ba-groupManagement] INFO  server.RaftServerConfigKeys (ConfUtils.java:logGet(46)) - raft.server.storage.dir = [/home/runner/work/ozone/ozone/hadoop-ozone/integration-test/target/test-dir/MiniOzoneClusterImpl-40c29f8c-30b3-4208-9c4d-d76d276bda5b/datanode-9/data/ratis] (custom)
2023-07-13 06:11:10,679 [a7e23495-4fba-47f2-ab25-3c088ebfd5ba-groupManagement] INFO  server.RaftServerConfigKeys (ConfUtils.java:logGet(46)) - raft.server.log.corruption.policy = EXCEPTION (default)
2023-07-13 06:11:10,679 [a7e23495-4fba-47f2-ab25-3c088ebfd5ba-groupManagement] INFO  server.RaftServerConfigKeys (ConfUtils.java:logGet(46)) - raft.server.storage.free-space.min = 0MB (=0) (default)
2023-07-13 06:11:10,680 [a7e23495-4fba-47f2-ab25-3c088ebfd5ba-groupManagement] INFO  server.RaftServerConfigKeys (ConfUtils.java:logGet(46)) - raft.server.notification.no-leader.timeout = 300s (custom)
2023-07-13 06:11:10,680 [a7e23495-4fba-47f2-ab25-3c088ebfd5ba-groupManagement] INFO  server.RaftServerConfigKeys (ConfUtils.java:logGet(46)) - raft.server.read.timeout = 10s (default)
2023-07-13 06:11:10,680 [a7e23495-4fba-47f2-ab25-3c088ebfd5ba-groupManagement] INFO  server.RaftServerConfigKeys (ConfUtils.java:logGet(46)) - raft.server.retrycache.expirytime = 600000ms (custom)
2023-07-13 06:11:10,680 [a7e23495-4fba-47f2-ab25-3c088ebfd5ba-groupManagement] INFO  server.RaftServerConfigKeys (ConfUtils.java:logGet(46)) - raft.server.retrycache.statistics.expirytime = 100μs (default)
2023-07-13 06:11:10,680 [a7e23495-4fba-47f2-ab25-3c088ebfd5ba-groupManagement] INFO  server.RaftServerConfigKeys (ConfUtils.java:logGet(46)) - raft.server.read.option = DEFAULT (default)
2023-07-13 06:11:10,682 [a7e23495-4fba-47f2-ab25-3c088ebfd5ba-groupManagement] INFO  server.RaftServerConfigKeys (ConfUtils.java:logGet(46)) - raft.server.rpc.request.timeout = 60s (custom)
2023-07-13 06:11:10,682 [a7e23495-4fba-47f2-ab25-3c088ebfd5ba-groupManagement] INFO  server.RaftServerConfigKeys (ConfUtils.java:logGet(46)) - raft.server.log.appender.install.snapshot.enabled = false (custom)
2023-07-13 06:11:10,683 [a7e23495-4fba-47f2-ab25-3c088ebfd5ba-groupManagement] INFO  server.RaftServerConfigKeys (ConfUtils.java:logGet(46)) - raft.server.threadpool.server.cached = true (default)
2023-07-13 06:11:10,683 [a7e23495-4fba-47f2-ab25-3c088ebfd5ba-groupManagement] INFO  server.RaftServerConfigKeys (ConfUtils.java:logGet(46)) - raft.server.threadpool.server.size = 0 (default)
2023-07-13 06:11:10,683 [a7e23495-4fba-47f2-ab25-3c088ebfd5ba-groupManagement] INFO  server.RaftServerConfigKeys (ConfUtils.java:logGet(46)) - raft.server.threadpool.client.cached = true (default)
2023-07-13 06:11:10,683 [a7e23495-4fba-47f2-ab25-3c088ebfd5ba-groupManagement] INFO  server.RaftServerConfigKeys (ConfUtils.java:logGet(46)) - raft.server.threadpool.client.size = 0 (default)
2023-07-13 06:11:10,683 [a7e23495-4fba-47f2-ab25-3c088ebfd5ba-groupManagement] INFO  storage.RaftStorageDirectory (RaftStorageDirectoryImpl.java:analyzeStorage(137)) - The storage directory /home/runner/work/ozone/ozone/hadoop-ozone/integration-test/target/test-dir/MiniOzoneClusterImpl-40c29f8c-30b3-4208-9c4d-d76d276bda5b/datanode-9/data/ratis/37c0789a-d5c7-4ba3-bbde-c6e76f4a8a30 does not exist. Creating ...
2023-07-13 06:11:10,685 [a7e23495-4fba-47f2-ab25-3c088ebfd5ba-groupManagement] INFO  storage.RaftStorageDirectory (RaftStorageDirectoryImpl.java:tryLock(231)) - Lock on /home/runner/work/ozone/ozone/hadoop-ozone/integration-test/target/test-dir/MiniOzoneClusterImpl-40c29f8c-30b3-4208-9c4d-d76d276bda5b/datanode-9/data/ratis/37c0789a-d5c7-4ba3-bbde-c6e76f4a8a30/in_use.lock acquired by nodename 110901@fv-az932-602
2023-07-13 06:11:10,687 [a7e23495-4fba-47f2-ab25-3c088ebfd5ba-groupManagement] INFO  storage.RaftStorage (RaftStorageImpl.java:format(96)) - Storage directory /home/runner/work/ozone/ozone/hadoop-ozone/integration-test/target/test-dir/MiniOzoneClusterImpl-40c29f8c-30b3-4208-9c4d-d76d276bda5b/datanode-9/data/ratis/37c0789a-d5c7-4ba3-bbde-c6e76f4a8a30 has been successfully formatted.
2023-07-13 06:11:10,689 [a7e23495-4fba-47f2-ab25-3c088ebfd5ba-groupManagement] INFO  ratis.ContainerStateMachine (ContainerStateMachine.java:loadSnapshot(262)) - group-C6E76F4A8A30: The snapshot info is null. Setting the last applied indexto:(t:0, i:~)
2023-07-13 06:11:10,690 [a7e23495-4fba-47f2-ab25-3c088ebfd5ba-groupManagement] INFO  server.RaftServerConfigKeys (ConfUtils.java:logGet(46)) - raft.server.log.use.memory = false (default)
2023-07-13 06:11:10,690 [a7e23495-4fba-47f2-ab25-3c088ebfd5ba-groupManagement] INFO  server.RaftServerConfigKeys (ConfUtils.java:logGet(46)) - raft.server.log.purge.gap = 1000000 (custom)
2023-07-13 06:11:10,690 [a7e23495-4fba-47f2-ab25-3c088ebfd5ba-groupManagement] INFO  server.RaftServerConfigKeys (ConfUtils.java:logGet(46)) - raft.server.log.appender.buffer.byte-limit = 33554432 (custom)
2023-07-13 06:11:10,690 [a7e23495-4fba-47f2-ab25-3c088ebfd5ba-groupManagement] INFO  server.RaftServerConfigKeys (ConfUtils.java:logGet(46)) - raft.server.log.statemachine.data.read.timeout = 1000ms (default)
2023-07-13 06:11:10,690 [a7e23495-4fba-47f2-ab25-3c088ebfd5ba-groupManagement] INFO  server.RaftServerConfigKeys (ConfUtils.java:logGet(46)) - raft.server.log.purge.preservation.log.num = 0 (default)
2023-07-13 06:11:10,691 [a7e23495-4fba-47f2-ab25-3c088ebfd5ba-groupManagement] INFO  server.RaftServerConfigKeys (ConfUtils.java:logGet(46)) - raft.server.log.segment.size.max = 1048576 (custom)
2023-07-13 06:11:10,692 [EventQueue-PipelineReportForPipelineReportHandler] INFO  pipeline.PipelineReportHandler (PipelineReportHandler.java:processPipelineReport(136)) - Opened pipeline PipelineID=37c0789a-d5c7-4ba3-bbde-c6e76f4a8a30
2023-07-13 06:11:10,692 [EventQueue-OpenPipelineForHealthyPipelineSafeModeRule] INFO  safemode.SCMSafeModeManager (HealthyPipelineSafeModeRule.java:process(137)) - SCM in safe mode. Healthy pipelines reported count is 0, required healthy pipeline reported count is 1
2023-07-13 06:11:10,692 [a7e23495-4fba-47f2-ab25-3c088ebfd5ba-groupManagement] INFO  server.RaftServerConfigKeys (ConfUtils.java:logGet(46)) - raft.server.log.segment.cache.num.max = 2 (custom)
2023-07-13 06:11:10,692 [a7e23495-4fba-47f2-ab25-3c088ebfd5ba-groupManagement] INFO  server.RaftServerConfigKeys (ConfUtils.java:logGet(46)) - raft.server.log.segment.cache.size.max = 200MB (=209715200) (default)
2023-07-13 06:11:10,692 [a7e23495-4fba-47f2-ab25-3c088ebfd5ba-groupManagement] INFO  server.RaftServerConfigKeys (ConfUtils.java:logGet(46)) - raft.server.log.appender.buffer.byte-limit = 33554432 (custom)
2023-07-13 06:11:10,692 [a7e23495-4fba-47f2-ab25-3c088ebfd5ba-groupManagement] INFO  segmented.SegmentedRaftLogWorker (SegmentedRaftLogWorker.java:<init>(188)) - new a7e23495-4fba-47f2-ab25-3c088ebfd5ba@group-C6E76F4A8A30-SegmentedRaftLogWorker for RaftStorageImpl:Storage Directory /home/runner/work/ozone/ozone/hadoop-ozone/integration-test/target/test-dir/MiniOzoneClusterImpl-40c29f8c-30b3-4208-9c4d-d76d276bda5b/datanode-9/data/ratis/37c0789a-d5c7-4ba3-bbde-c6e76f4a8a30
2023-07-13 06:11:10,692 [a7e23495-4fba-47f2-ab25-3c088ebfd5ba-groupManagement] INFO  server.RaftServerConfigKeys (ConfUtils.java:logGet(46)) - raft.server.log.queue.byte-limit = 4294967296 (custom)
2023-07-13 06:11:10,692 [a7e23495-4fba-47f2-ab25-3c088ebfd5ba-groupManagement] INFO  server.RaftServerConfigKeys (ConfUtils.java:logGet(46)) - raft.server.log.queue.element-limit = 1024 (custom)
2023-07-13 06:11:10,692 [a7e23495-4fba-47f2-ab25-3c088ebfd5ba-groupManagement] INFO  server.RaftServerConfigKeys (ConfUtils.java:logGet(46)) - raft.server.log.segment.size.max = 1048576 (custom)
2023-07-13 06:11:10,692 [a7e23495-4fba-47f2-ab25-3c088ebfd5ba-groupManagement] INFO  server.RaftServerConfigKeys (ConfUtils.java:logGet(46)) - raft.server.log.preallocated.size = 16384 (custom)
2023-07-13 06:11:10,693 [a7e23495-4fba-47f2-ab25-3c088ebfd5ba-groupManagement] INFO  server.RaftServerConfigKeys (ConfUtils.java:logGet(46)) - raft.server.log.force.sync.num = 128 (default)
2023-07-13 06:11:10,693 [a7e23495-4fba-47f2-ab25-3c088ebfd5ba-groupManagement] INFO  server.RaftServerConfigKeys (ConfUtils.java:logGet(46)) - raft.server.log.statemachine.data.sync = true (default)
2023-07-13 06:11:10,693 [a7e23495-4fba-47f2-ab25-3c088ebfd5ba-groupManagement] INFO  server.RaftServerConfigKeys (ConfUtils.java:logGet(46)) - raft.server.log.statemachine.data.sync.timeout = 10s (default)
2023-07-13 06:11:10,693 [a7e23495-4fba-47f2-ab25-3c088ebfd5ba-groupManagement] INFO  server.RaftServerConfigKeys (ConfUtils.java:logGet(46)) - raft.server.log.statemachine.data.sync.timeout.retry = -1 (default)
2023-07-13 06:11:10,694 [main] INFO  ozone.MiniOzoneClusterImpl (MiniOzoneClusterImpl.java:lambda$waitForClusterToBeReady$0(224)) - Nodes are ready. Got 10 of 10 DN Heartbeats.
2023-07-13 06:11:10,694 [main] INFO  ozone.MiniOzoneClusterImpl (MiniOzoneClusterImpl.java:lambda$waitForClusterToBeReady$0(227)) - Waiting for cluster to exit safe mode
2023-07-13 06:11:10,694 [main] INFO  ozone.MiniOzoneClusterImpl (MiniOzoneClusterImpl.java:lambda$waitForClusterToBeReady$0(229)) - SCM became leader
2023-07-13 06:11:10,696 [a7e23495-4fba-47f2-ab25-3c088ebfd5ba-groupManagement] INFO  server.RaftServerConfigKeys (ConfUtils.java:logGet(46)) - raft.server.log.write.buffer.size = 1048576 (custom)
2023-07-13 06:11:10,696 [a7e23495-4fba-47f2-ab25-3c088ebfd5ba-groupManagement] INFO  server.RaftServerConfigKeys (ConfUtils.java:logGet(46)) - raft.server.log.appender.buffer.byte-limit = 33554432 (custom)
2023-07-13 06:11:10,704 [a7e23495-4fba-47f2-ab25-3c088ebfd5ba-groupManagement] INFO  server.RaftServerConfigKeys (ConfUtils.java:logGet(46)) - raft.server.log.unsafe-flush.enabled = false (default)
2023-07-13 06:11:10,704 [a7e23495-4fba-47f2-ab25-3c088ebfd5ba-groupManagement] INFO  server.RaftServerConfigKeys (ConfUtils.java:logGet(46)) - raft.server.log.async-flush.enabled = false (default)
2023-07-13 06:11:10,704 [a7e23495-4fba-47f2-ab25-3c088ebfd5ba-groupManagement] INFO  server.RaftServerConfigKeys (ConfUtils.java:logGet(46)) - raft.server.log.statemachine.data.caching.enabled = true (custom)
2023-07-13 06:11:10,705 [a7e23495-4fba-47f2-ab25-3c088ebfd5ba-groupManagement] INFO  segmented.SegmentedRaftLogWorker (SegmentedRaftLogWorker.java:lambda$new$0(135)) - a7e23495-4fba-47f2-ab25-3c088ebfd5ba@group-C6E76F4A8A30-SegmentedRaftLogWorker: flushIndex: setUnconditionally 0 -> -1
2023-07-13 06:11:10,705 [a7e23495-4fba-47f2-ab25-3c088ebfd5ba-groupManagement] INFO  segmented.SegmentedRaftLogWorker (SegmentedRaftLogWorker.java:lambda$new$0(135)) - a7e23495-4fba-47f2-ab25-3c088ebfd5ba@group-C6E76F4A8A30-SegmentedRaftLogWorker: safeCacheEvictIndex: setUnconditionally 0 -> -1
2023-07-13 06:11:10,708 [a7e23495-4fba-47f2-ab25-3c088ebfd5ba-groupManagement] INFO  server.RaftServer$Division (RaftServerImpl.java:start(342)) - a7e23495-4fba-47f2-ab25-3c088ebfd5ba@group-C6E76F4A8A30: start as a follower, conf=-1: peers:[a7e23495-4fba-47f2-ab25-3c088ebfd5ba|rpc:10.1.0.28:15095|admin:10.1.0.28:15094|client:10.1.0.28:15093|dataStream:10.1.0.28:15096|priority:1|startupRole:FOLLOWER]|listeners:[], old=null
2023-07-13 06:11:10,708 [a7e23495-4fba-47f2-ab25-3c088ebfd5ba-groupManagement] INFO  server.RaftServer$Division (RaftServerImpl.java:setRole(329)) - a7e23495-4fba-47f2-ab25-3c088ebfd5ba@group-C6E76F4A8A30: changes role from      null to FOLLOWER at term 0 for startAsFollower
2023-07-13 06:11:10,708 [a7e23495-4fba-47f2-ab25-3c088ebfd5ba-groupManagement] INFO  impl.RoleInfo (RoleInfo.java:updateAndGet(139)) - a7e23495-4fba-47f2-ab25-3c088ebfd5ba: start a7e23495-4fba-47f2-ab25-3c088ebfd5ba@group-C6E76F4A8A30-FollowerState
2023-07-13 06:11:10,711 [a7e23495-4fba-47f2-ab25-3c088ebfd5ba-groupManagement] INFO  util.JmxRegister (JmxRegister.java:tryRegister(44)) - Successfully registered JMX Bean with object name Ratis:service=RaftServer,group=group-C6E76F4A8A30,id=a7e23495-4fba-47f2-ab25-3c088ebfd5ba
2023-07-13 06:11:10,711 [a7e23495-4fba-47f2-ab25-3c088ebfd5ba-groupManagement] INFO  server.RaftServerConfigKeys (ConfUtils.java:logGet(46)) - raft.server.snapshot.auto.trigger.enabled = true (custom)
2023-07-13 06:11:10,711 [a7e23495-4fba-47f2-ab25-3c088ebfd5ba-groupManagement] INFO  server.RaftServerConfigKeys (ConfUtils.java:logGet(46)) - raft.server.snapshot.auto.trigger.threshold = 10000 (custom)
2023-07-13 06:11:10,711 [a7e23495-4fba-47f2-ab25-3c088ebfd5ba-groupManagement] INFO  server.RaftServerConfigKeys (ConfUtils.java:logGet(46)) - raft.server.snapshot.retention.file.num = 5 (custom)
2023-07-13 06:11:10,711 [a7e23495-4fba-47f2-ab25-3c088ebfd5ba-groupManagement] INFO  server.RaftServerConfigKeys (ConfUtils.java:logGet(46)) - raft.server.log.purge.upto.snapshot.index = false (default)
2023-07-13 06:11:10,712 [a7e23495-4fba-47f2-ab25-3c088ebfd5ba@group-C6E76F4A8A30-FollowerState] INFO  server.RaftServerConfigKeys (ConfUtils.java:logFallback(53)) - raft.server.rpc.first-election.timeout.min = 5s (fallback to raft.server.rpc.timeout.min)
2023-07-13 06:11:10,712 [a7e23495-4fba-47f2-ab25-3c088ebfd5ba@group-C6E76F4A8A30-FollowerState] INFO  server.RaftServerConfigKeys (ConfUtils.java:logFallback(53)) - raft.server.rpc.first-election.timeout.max = 5200ms (fallback to raft.server.rpc.timeout.max)
2023-07-13 06:11:10,712 [PipelineCommandHandlerThread-0] INFO  ratis.XceiverServerRatis (XceiverServerRatis.java:addGroup(804)) - Created group PipelineID=37c0789a-d5c7-4ba3-bbde-c6e76f4a8a30
2023-07-13 06:11:10,712 [PipelineCommandHandlerThread-0] INFO  commandhandler.CreatePipelineCommandHandler (CreatePipelineCommandHandler.java:lambda$handle$2(124)) - Created Pipeline RATIS ONE PipelineID=37c0789a-d5c7-4ba3-bbde-c6e76f4a8a30.
2023-07-13 06:11:11,472 [82b6249a-e03c-430a-993b-f8cc239713ce@group-D27E6049BEE6-FollowerState] INFO  impl.FollowerState (FollowerState.java:run(143)) - 82b6249a-e03c-430a-993b-f8cc239713ce@group-D27E6049BEE6-FollowerState: change to CANDIDATE, lastRpcElapsedTime:5076226248ns, electionTimeout:5066ms
2023-07-13 06:11:11,473 [82b6249a-e03c-430a-993b-f8cc239713ce@group-D27E6049BEE6-FollowerState] INFO  impl.RoleInfo (RoleInfo.java:shutdownFollowerState(110)) - 82b6249a-e03c-430a-993b-f8cc239713ce: shutdown 82b6249a-e03c-430a-993b-f8cc239713ce@group-D27E6049BEE6-FollowerState
2023-07-13 06:11:11,473 [82b6249a-e03c-430a-993b-f8cc239713ce@group-D27E6049BEE6-FollowerState] INFO  server.RaftServer$Division (RaftServerImpl.java:setRole(329)) - 82b6249a-e03c-430a-993b-f8cc239713ce@group-D27E6049BEE6: changes role from  FOLLOWER to CANDIDATE at term 0 for changeToCandidate
2023-07-13 06:11:11,473 [82b6249a-e03c-430a-993b-f8cc239713ce@group-D27E6049BEE6-FollowerState] INFO  server.RaftServerConfigKeys (ConfUtils.java:logGet(46)) - raft.server.leaderelection.pre-vote = true (default)
2023-07-13 06:11:11,473 [82b6249a-e03c-430a-993b-f8cc239713ce@group-D27E6049BEE6-FollowerState] INFO  impl.RoleInfo (RoleInfo.java:updateAndGet(139)) - 82b6249a-e03c-430a-993b-f8cc239713ce: start 82b6249a-e03c-430a-993b-f8cc239713ce@group-D27E6049BEE6-LeaderElection2
2023-07-13 06:11:11,476 [82b6249a-e03c-430a-993b-f8cc239713ce@group-D27E6049BEE6-LeaderElection2] INFO  impl.LeaderElection (LeaderElection.java:askForVotes(321)) - 82b6249a-e03c-430a-993b-f8cc239713ce@group-D27E6049BEE6-LeaderElection2 PRE_VOTE round 0: submit vote requests at term 0 for -1: peers:[82b6249a-e03c-430a-993b-f8cc239713ce|rpc:10.1.0.28:15014|admin:10.1.0.28:15013|client:10.1.0.28:15012|dataStream:10.1.0.28:15015|priority:1|startupRole:FOLLOWER]|listeners:[], old=null
2023-07-13 06:11:11,476 [82b6249a-e03c-430a-993b-f8cc239713ce@group-D27E6049BEE6-LeaderElection2] INFO  impl.LeaderElection (LeaderElection.java:askForVotes(323)) - 82b6249a-e03c-430a-993b-f8cc239713ce@group-D27E6049BEE6-LeaderElection2 PRE_VOTE round 0: result PASSED (term=0)
2023-07-13 06:11:11,478 [82b6249a-e03c-430a-993b-f8cc239713ce@group-D27E6049BEE6-LeaderElection2] INFO  impl.LeaderElection (LeaderElection.java:askForVotes(321)) - 82b6249a-e03c-430a-993b-f8cc239713ce@group-D27E6049BEE6-LeaderElection2 ELECTION round 0: submit vote requests at term 1 for -1: peers:[82b6249a-e03c-430a-993b-f8cc239713ce|rpc:10.1.0.28:15014|admin:10.1.0.28:15013|client:10.1.0.28:15012|dataStream:10.1.0.28:15015|priority:1|startupRole:FOLLOWER]|listeners:[], old=null
2023-07-13 06:11:11,478 [82b6249a-e03c-430a-993b-f8cc239713ce@group-D27E6049BEE6-LeaderElection2] INFO  impl.LeaderElection (LeaderElection.java:askForVotes(323)) - 82b6249a-e03c-430a-993b-f8cc239713ce@group-D27E6049BEE6-LeaderElection2 ELECTION round 0: result PASSED (term=1)
2023-07-13 06:11:11,478 [82b6249a-e03c-430a-993b-f8cc239713ce@group-D27E6049BEE6-LeaderElection2] INFO  impl.RoleInfo (RoleInfo.java:shutdownLeaderElection(130)) - 82b6249a-e03c-430a-993b-f8cc239713ce: shutdown 82b6249a-e03c-430a-993b-f8cc239713ce@group-D27E6049BEE6-LeaderElection2
2023-07-13 06:11:11,478 [82b6249a-e03c-430a-993b-f8cc239713ce@group-D27E6049BEE6-LeaderElection2] INFO  server.RaftServer$Division (RaftServerImpl.java:setRole(329)) - 82b6249a-e03c-430a-993b-f8cc239713ce@group-D27E6049BEE6: changes role from CANDIDATE to LEADER at term 1 for changeToLeader
2023-07-13 06:11:11,478 [82b6249a-e03c-430a-993b-f8cc239713ce@group-D27E6049BEE6-LeaderElection2] INFO  ratis.XceiverServerRatis (XceiverServerRatis.java:handleLeaderChangedNotification(902)) - Leader change notification received for group: group-D27E6049BEE6 with new leaderId: 82b6249a-e03c-430a-993b-f8cc239713ce
2023-07-13 06:11:11,478 [82b6249a-e03c-430a-993b-f8cc239713ce@group-D27E6049BEE6-LeaderElection2] INFO  server.RaftServer$Division (ServerState.java:setLeader(317)) - 82b6249a-e03c-430a-993b-f8cc239713ce@group-D27E6049BEE6: change Leader from null to 82b6249a-e03c-430a-993b-f8cc239713ce at term 1 for becomeLeader, leader elected after 5146ms
2023-07-13 06:11:11,479 [82b6249a-e03c-430a-993b-f8cc239713ce@group-D27E6049BEE6-LeaderElection2] INFO  server.RaftServerConfigKeys (ConfUtils.java:logGet(46)) - raft.server.staging.catchup.gap = 1000 (default)
2023-07-13 06:11:11,479 [82b6249a-e03c-430a-993b-f8cc239713ce@group-D27E6049BEE6-LeaderElection2] INFO  server.RaftServerConfigKeys (ConfUtils.java:logGet(46)) - raft.server.write.element-limit = 1024 (custom)
2023-07-13 06:11:11,479 [82b6249a-e03c-430a-993b-f8cc239713ce@group-D27E6049BEE6-LeaderElection2] INFO  server.RaftServerConfigKeys (ConfUtils.java:logGet(46)) - raft.server.write.byte-limit = 1024 M (=1073741824) (custom)
2023-07-13 06:11:11,480 [82b6249a-e03c-430a-993b-f8cc239713ce@group-D27E6049BEE6-LeaderElection2] INFO  server.RaftServerConfigKeys (ConfUtils.java:logGet(46)) - raft.server.watch.timeout = 180s (custom)
2023-07-13 06:11:11,480 [EventQueue-OpenPipelineForHealthyPipelineSafeModeRule] INFO  safemode.SCMSafeModeManager (HealthyPipelineSafeModeRule.java:process(137)) - SCM in safe mode. Healthy pipelines reported count is 0, required healthy pipeline reported count is 1
2023-07-13 06:11:11,480 [82b6249a-e03c-430a-993b-f8cc239713ce@group-D27E6049BEE6-LeaderElection2] INFO  server.RaftServerConfigKeys (ConfUtils.java:logGet(46)) - raft.server.watch.timeout.denomination = 1s (default)
2023-07-13 06:11:11,481 [82b6249a-e03c-430a-993b-f8cc239713ce@group-D27E6049BEE6-LeaderElection2] INFO  server.RaftServerConfigKeys (ConfUtils.java:logGet(46)) - raft.server.watch.element-limit = 65536 (default)
2023-07-13 06:11:11,481 [82b6249a-e03c-430a-993b-f8cc239713ce@group-D27E6049BEE6-LeaderElection2] INFO  server.RaftServerConfigKeys (ConfUtils.java:logGet(46)) - raft.server.write.element-limit = 1024 (custom)
2023-07-13 06:11:11,481 [82b6249a-e03c-430a-993b-f8cc239713ce@group-D27E6049BEE6-LeaderElection2] INFO  server.RaftServerConfigKeys (ConfUtils.java:logGet(46)) - raft.server.write.follower.gap.ratio.max = -1.0 (default)
2023-07-13 06:11:11,481 [82b6249a-e03c-430a-993b-f8cc239713ce@group-D27E6049BEE6-LeaderElection2] INFO  impl.RoleInfo (RoleInfo.java:updateAndGet(139)) - 82b6249a-e03c-430a-993b-f8cc239713ce: start 82b6249a-e03c-430a-993b-f8cc239713ce@group-D27E6049BEE6-LeaderStateImpl
2023-07-13 06:11:11,482 [82b6249a-e03c-430a-993b-f8cc239713ce@group-D27E6049BEE6-LeaderElection2] INFO  segmented.SegmentedRaftLogWorker (SegmentedRaftLogWorker.java:startLogSegment(447)) - 82b6249a-e03c-430a-993b-f8cc239713ce@group-D27E6049BEE6-SegmentedRaftLogWorker: Starting segment from index:0
2023-07-13 06:11:11,485 [82b6249a-e03c-430a-993b-f8cc239713ce@group-D27E6049BEE6-LeaderElection2] INFO  server.RaftServer$Division (ServerState.java:setRaftConf(434)) - 82b6249a-e03c-430a-993b-f8cc239713ce@group-D27E6049BEE6: set configuration 0: peers:[82b6249a-e03c-430a-993b-f8cc239713ce|rpc:10.1.0.28:15014|admin:10.1.0.28:15013|client:10.1.0.28:15012|dataStream:10.1.0.28:15015|priority:1|startupRole:FOLLOWER]|listeners:[], old=null
2023-07-13 06:11:11,487 [82b6249a-e03c-430a-993b-f8cc239713ce@group-D27E6049BEE6-SegmentedRaftLogWorker] INFO  segmented.SegmentedRaftLogWorker (SegmentedRaftLogWorker.java:execute(651)) - 82b6249a-e03c-430a-993b-f8cc239713ce@group-D27E6049BEE6-SegmentedRaftLogWorker: created new log segment /home/runner/work/ozone/ozone/hadoop-ozone/integration-test/target/test-dir/MiniOzoneClusterImpl-40c29f8c-30b3-4208-9c4d-d76d276bda5b/datanode-0/data/ratis/3efc7990-7ef1-4430-a5c4-d27e6049bee6/current/log_inprogress_0
2023-07-13 06:11:11,556 [82b6249a-e03c-430a-993b-f8cc239713ce@group-8F0EE428B8B8-FollowerState] INFO  impl.FollowerState (FollowerState.java:run(143)) - 82b6249a-e03c-430a-993b-f8cc239713ce@group-8F0EE428B8B8-FollowerState: change to CANDIDATE, lastRpcElapsedTime:5110478349ns, electionTimeout:5094ms
2023-07-13 06:11:11,558 [82b6249a-e03c-430a-993b-f8cc239713ce@group-8F0EE428B8B8-FollowerState] INFO  impl.RoleInfo (RoleInfo.java:shutdownFollowerState(110)) - 82b6249a-e03c-430a-993b-f8cc239713ce: shutdown 82b6249a-e03c-430a-993b-f8cc239713ce@group-8F0EE428B8B8-FollowerState
2023-07-13 06:11:11,558 [82b6249a-e03c-430a-993b-f8cc239713ce@group-8F0EE428B8B8-FollowerState] INFO  server.RaftServer$Division (RaftServerImpl.java:setRole(329)) - 82b6249a-e03c-430a-993b-f8cc239713ce@group-8F0EE428B8B8: changes role from  FOLLOWER to CANDIDATE at term 0 for changeToCandidate
2023-07-13 06:11:11,558 [82b6249a-e03c-430a-993b-f8cc239713ce@group-8F0EE428B8B8-FollowerState] INFO  server.RaftServerConfigKeys (ConfUtils.java:logGet(46)) - raft.server.leaderelection.pre-vote = true (default)
2023-07-13 06:11:11,558 [82b6249a-e03c-430a-993b-f8cc239713ce@group-8F0EE428B8B8-FollowerState] INFO  impl.RoleInfo (RoleInfo.java:updateAndGet(139)) - 82b6249a-e03c-430a-993b-f8cc239713ce: start 82b6249a-e03c-430a-993b-f8cc239713ce@group-8F0EE428B8B8-LeaderElection3
2023-07-13 06:11:11,566 [82b6249a-e03c-430a-993b-f8cc239713ce@group-8F0EE428B8B8-LeaderElection3] INFO  impl.LeaderElection (LeaderElection.java:askForVotes(321)) - 82b6249a-e03c-430a-993b-f8cc239713ce@group-8F0EE428B8B8-LeaderElection3 PRE_VOTE round 0: submit vote requests at term 0 for -1: peers:[d320ba6c-c03b-47af-a073-41dad91ccf26|rpc:10.1.0.28:15032|admin:10.1.0.28:15031|client:10.1.0.28:15030|dataStream:10.1.0.28:15033|priority:0|startupRole:FOLLOWER, 82b6249a-e03c-430a-993b-f8cc239713ce|rpc:10.1.0.28:15014|admin:10.1.0.28:15013|client:10.1.0.28:15012|dataStream:10.1.0.28:15015|priority:1|startupRole:FOLLOWER, 562e6811-3892-4bb8-8c1f-2833a6a2708d|rpc:10.1.0.28:15023|admin:10.1.0.28:15022|client:10.1.0.28:15021|dataStream:10.1.0.28:15024|priority:0|startupRole:FOLLOWER]|listeners:[], old=null
2023-07-13 06:11:11,574 [82b6249a-e03c-430a-993b-f8cc239713ce@group-8F0EE428B8B8-LeaderElection3-1] INFO  server.GrpcServerProtocolClient (GrpcServerProtocolClient.java:<init>(65)) - Build channel for d320ba6c-c03b-47af-a073-41dad91ccf26
2023-07-13 06:11:11,578 [82b6249a-e03c-430a-993b-f8cc239713ce@group-8F0EE428B8B8-LeaderElection3] INFO  server.RaftServerConfigKeys (ConfUtils.java:logFallback(53)) - raft.server.rpc.first-election.timeout.min = 5s (fallback to raft.server.rpc.timeout.min)
2023-07-13 06:11:11,578 [82b6249a-e03c-430a-993b-f8cc239713ce@group-8F0EE428B8B8-LeaderElection3] INFO  server.RaftServerConfigKeys (ConfUtils.java:logFallback(53)) - raft.server.rpc.first-election.timeout.max = 5200ms (fallback to raft.server.rpc.timeout.max)
2023-07-13 06:11:11,581 [82b6249a-e03c-430a-993b-f8cc239713ce@group-8F0EE428B8B8-LeaderElection3-2] INFO  server.GrpcServerProtocolClient (GrpcServerProtocolClient.java:<init>(65)) - Build channel for 562e6811-3892-4bb8-8c1f-2833a6a2708d
2023-07-13 06:11:11,601 [grpc-default-executor-1] INFO  server.RaftServer$Division (RaftServerImpl.java:requestVote(1302)) - 562e6811-3892-4bb8-8c1f-2833a6a2708d@group-8F0EE428B8B8: receive requestVote(PRE_VOTE, 82b6249a-e03c-430a-993b-f8cc239713ce, group-8F0EE428B8B8, 0, (t:0, i:0))
2023-07-13 06:11:11,603 [grpc-default-executor-1] INFO  impl.VoteContext (VoteContext.java:log(49)) - 562e6811-3892-4bb8-8c1f-2833a6a2708d@group-8F0EE428B8B8-FOLLOWER: accept PRE_VOTE from 82b6249a-e03c-430a-993b-f8cc239713ce: our priority 0 <= candidate's priority 1
2023-07-13 06:11:11,607 [grpc-default-executor-1] INFO  server.RaftServer$Division (RaftServerImpl.java:requestVote(1335)) - 562e6811-3892-4bb8-8c1f-2833a6a2708d@group-8F0EE428B8B8 replies to PRE_VOTE vote request: 82b6249a-e03c-430a-993b-f8cc239713ce<-562e6811-3892-4bb8-8c1f-2833a6a2708d#0:OK-t0. Peer's state: 562e6811-3892-4bb8-8c1f-2833a6a2708d@group-8F0EE428B8B8:t0, leader=null, voted=, raftlog=Memoized:562e6811-3892-4bb8-8c1f-2833a6a2708d@group-8F0EE428B8B8-SegmentedRaftLog:OPENED:c-1, conf=-1: peers:[d320ba6c-c03b-47af-a073-41dad91ccf26|rpc:10.1.0.28:15032|admin:10.1.0.28:15031|client:10.1.0.28:15030|dataStream:10.1.0.28:15033|priority:0|startupRole:FOLLOWER, 82b6249a-e03c-430a-993b-f8cc239713ce|rpc:10.1.0.28:15014|admin:10.1.0.28:15013|client:10.1.0.28:15012|dataStream:10.1.0.28:15015|priority:1|startupRole:FOLLOWER, 562e6811-3892-4bb8-8c1f-2833a6a2708d|rpc:10.1.0.28:15023|admin:10.1.0.28:15022|client:10.1.0.28:15021|dataStream:10.1.0.28:15024|priority:0|startupRole:FOLLOWER]|listeners:[], old=null
2023-07-13 06:11:11,612 [grpc-default-executor-2] INFO  server.RaftServer$Division (RaftServerImpl.java:requestVote(1302)) - d320ba6c-c03b-47af-a073-41dad91ccf26@group-8F0EE428B8B8: receive requestVote(PRE_VOTE, 82b6249a-e03c-430a-993b-f8cc239713ce, group-8F0EE428B8B8, 0, (t:0, i:0))
2023-07-13 06:11:11,612 [grpc-default-executor-2] INFO  impl.VoteContext (VoteContext.java:log(49)) - d320ba6c-c03b-47af-a073-41dad91ccf26@group-8F0EE428B8B8-FOLLOWER: accept PRE_VOTE from 82b6249a-e03c-430a-993b-f8cc239713ce: our priority 0 <= candidate's priority 1
2023-07-13 06:11:11,621 [grpc-default-executor-2] INFO  server.RaftServer$Division (RaftServerImpl.java:requestVote(1335)) - d320ba6c-c03b-47af-a073-41dad91ccf26@group-8F0EE428B8B8 replies to PRE_VOTE vote request: 82b6249a-e03c-430a-993b-f8cc239713ce<-d320ba6c-c03b-47af-a073-41dad91ccf26#0:OK-t0. Peer's state: d320ba6c-c03b-47af-a073-41dad91ccf26@group-8F0EE428B8B8:t0, leader=null, voted=, raftlog=Memoized:d320ba6c-c03b-47af-a073-41dad91ccf26@group-8F0EE428B8B8-SegmentedRaftLog:OPENED:c-1, conf=-1: peers:[d320ba6c-c03b-47af-a073-41dad91ccf26|rpc:10.1.0.28:15032|admin:10.1.0.28:15031|client:10.1.0.28:15030|dataStream:10.1.0.28:15033|priority:0|startupRole:FOLLOWER, 82b6249a-e03c-430a-993b-f8cc239713ce|rpc:10.1.0.28:15014|admin:10.1.0.28:15013|client:10.1.0.28:15012|dataStream:10.1.0.28:15015|priority:1|startupRole:FOLLOWER, 562e6811-3892-4bb8-8c1f-2833a6a2708d|rpc:10.1.0.28:15023|admin:10.1.0.28:15022|client:10.1.0.28:15021|dataStream:10.1.0.28:15024|priority:0|startupRole:FOLLOWER]|listeners:[], old=null
2023-07-13 06:11:11,621 [82b6249a-e03c-430a-993b-f8cc239713ce@group-8F0EE428B8B8-LeaderElection3] INFO  impl.LeaderElection (LeaderElection.java:logAndReturn(90)) - 82b6249a-e03c-430a-993b-f8cc239713ce@group-8F0EE428B8B8-LeaderElection3: PRE_VOTE PASSED received 1 response(s) and 0 exception(s):
2023-07-13 06:11:11,622 [82b6249a-e03c-430a-993b-f8cc239713ce@group-8F0EE428B8B8-LeaderElection3] INFO  impl.LeaderElection (LeaderElection.java:logAndReturn(94)) -   Response 0: 82b6249a-e03c-430a-993b-f8cc239713ce<-562e6811-3892-4bb8-8c1f-2833a6a2708d#0:OK-t0
2023-07-13 06:11:11,622 [82b6249a-e03c-430a-993b-f8cc239713ce@group-8F0EE428B8B8-LeaderElection3] INFO  impl.LeaderElection (LeaderElection.java:askForVotes(323)) - 82b6249a-e03c-430a-993b-f8cc239713ce@group-8F0EE428B8B8-LeaderElection3 PRE_VOTE round 0: result PASSED
2023-07-13 06:11:11,628 [82b6249a-e03c-430a-993b-f8cc239713ce@group-8F0EE428B8B8-LeaderElection3] INFO  impl.LeaderElection (LeaderElection.java:askForVotes(321)) - 82b6249a-e03c-430a-993b-f8cc239713ce@group-8F0EE428B8B8-LeaderElection3 ELECTION round 0: submit vote requests at term 1 for -1: peers:[d320ba6c-c03b-47af-a073-41dad91ccf26|rpc:10.1.0.28:15032|admin:10.1.0.28:15031|client:10.1.0.28:15030|dataStream:10.1.0.28:15033|priority:0|startupRole:FOLLOWER, 82b6249a-e03c-430a-993b-f8cc239713ce|rpc:10.1.0.28:15014|admin:10.1.0.28:15013|client:10.1.0.28:15012|dataStream:10.1.0.28:15015|priority:1|startupRole:FOLLOWER, 562e6811-3892-4bb8-8c1f-2833a6a2708d|rpc:10.1.0.28:15023|admin:10.1.0.28:15022|client:10.1.0.28:15021|dataStream:10.1.0.28:15024|priority:0|startupRole:FOLLOWER]|listeners:[], old=null
2023-07-13 06:11:11,632 [82b6249a-e03c-430a-993b-f8cc239713ce@group-8F0EE428B8B8-LeaderElection3] INFO  server.RaftServerConfigKeys (ConfUtils.java:logFallback(53)) - raft.server.rpc.first-election.timeout.min = 5s (fallback to raft.server.rpc.timeout.min)
2023-07-13 06:11:11,632 [82b6249a-e03c-430a-993b-f8cc239713ce@group-8F0EE428B8B8-LeaderElection3] INFO  server.RaftServerConfigKeys (ConfUtils.java:logFallback(53)) - raft.server.rpc.first-election.timeout.max = 5200ms (fallback to raft.server.rpc.timeout.max)
2023-07-13 06:11:11,647 [grpc-default-executor-2] INFO  server.RaftServer$Division (RaftServerImpl.java:requestVote(1302)) - 562e6811-3892-4bb8-8c1f-2833a6a2708d@group-8F0EE428B8B8: receive requestVote(ELECTION, 82b6249a-e03c-430a-993b-f8cc239713ce, group-8F0EE428B8B8, 1, (t:0, i:0))
2023-07-13 06:11:11,647 [grpc-default-executor-1] INFO  server.RaftServer$Division (RaftServerImpl.java:requestVote(1302)) - d320ba6c-c03b-47af-a073-41dad91ccf26@group-8F0EE428B8B8: receive requestVote(ELECTION, 82b6249a-e03c-430a-993b-f8cc239713ce, group-8F0EE428B8B8, 1, (t:0, i:0))
2023-07-13 06:11:11,648 [grpc-default-executor-2] INFO  impl.VoteContext (VoteContext.java:log(49)) - 562e6811-3892-4bb8-8c1f-2833a6a2708d@group-8F0EE428B8B8-FOLLOWER: accept ELECTION from 82b6249a-e03c-430a-993b-f8cc239713ce: our priority 0 <= candidate's priority 1
2023-07-13 06:11:11,649 [grpc-default-executor-2] INFO  server.RaftServer$Division (RaftServerImpl.java:setRole(329)) - 562e6811-3892-4bb8-8c1f-2833a6a2708d@group-8F0EE428B8B8: changes role from  FOLLOWER to FOLLOWER at term 1 for candidate:82b6249a-e03c-430a-993b-f8cc239713ce
2023-07-13 06:11:11,649 [grpc-default-executor-2] INFO  impl.RoleInfo (RoleInfo.java:shutdownFollowerState(110)) - 562e6811-3892-4bb8-8c1f-2833a6a2708d: shutdown 562e6811-3892-4bb8-8c1f-2833a6a2708d@group-8F0EE428B8B8-FollowerState
2023-07-13 06:11:11,649 [grpc-default-executor-2] INFO  impl.RoleInfo (RoleInfo.java:updateAndGet(139)) - 562e6811-3892-4bb8-8c1f-2833a6a2708d: start 562e6811-3892-4bb8-8c1f-2833a6a2708d@group-8F0EE428B8B8-FollowerState
2023-07-13 06:11:11,649 [grpc-default-executor-1] INFO  impl.VoteContext (VoteContext.java:log(49)) - d320ba6c-c03b-47af-a073-41dad91ccf26@group-8F0EE428B8B8-FOLLOWER: accept ELECTION from 82b6249a-e03c-430a-993b-f8cc239713ce: our priority 0 <= candidate's priority 1
2023-07-13 06:11:11,649 [grpc-default-executor-1] INFO  server.RaftServer$Division (RaftServerImpl.java:setRole(329)) - d320ba6c-c03b-47af-a073-41dad91ccf26@group-8F0EE428B8B8: changes role from  FOLLOWER to FOLLOWER at term 1 for candidate:82b6249a-e03c-430a-993b-f8cc239713ce
2023-07-13 06:11:11,649 [grpc-default-executor-1] INFO  impl.RoleInfo (RoleInfo.java:shutdownFollowerState(110)) - d320ba6c-c03b-47af-a073-41dad91ccf26: shutdown d320ba6c-c03b-47af-a073-41dad91ccf26@group-8F0EE428B8B8-FollowerState
2023-07-13 06:11:11,649 [562e6811-3892-4bb8-8c1f-2833a6a2708d@group-8F0EE428B8B8-FollowerState] INFO  impl.FollowerState (FollowerState.java:run(152)) - 562e6811-3892-4bb8-8c1f-2833a6a2708d@group-8F0EE428B8B8-FollowerState was interrupted
2023-07-13 06:11:11,653 [grpc-default-executor-1] INFO  impl.RoleInfo (RoleInfo.java:updateAndGet(139)) - d320ba6c-c03b-47af-a073-41dad91ccf26: start d320ba6c-c03b-47af-a073-41dad91ccf26@group-8F0EE428B8B8-FollowerState
2023-07-13 06:11:11,653 [d320ba6c-c03b-47af-a073-41dad91ccf26@group-8F0EE428B8B8-FollowerState] INFO  impl.FollowerState (FollowerState.java:run(152)) - d320ba6c-c03b-47af-a073-41dad91ccf26@group-8F0EE428B8B8-FollowerState was interrupted
2023-07-13 06:11:11,654 [grpc-default-executor-2] INFO  server.RaftServer$Division (RaftServerImpl.java:requestVote(1335)) - 562e6811-3892-4bb8-8c1f-2833a6a2708d@group-8F0EE428B8B8 replies to ELECTION vote request: 82b6249a-e03c-430a-993b-f8cc239713ce<-562e6811-3892-4bb8-8c1f-2833a6a2708d#0:OK-t1. Peer's state: 562e6811-3892-4bb8-8c1f-2833a6a2708d@group-8F0EE428B8B8:t1, leader=null, voted=82b6249a-e03c-430a-993b-f8cc239713ce, raftlog=Memoized:562e6811-3892-4bb8-8c1f-2833a6a2708d@group-8F0EE428B8B8-SegmentedRaftLog:OPENED:c-1, conf=-1: peers:[d320ba6c-c03b-47af-a073-41dad91ccf26|rpc:10.1.0.28:15032|admin:10.1.0.28:15031|client:10.1.0.28:15030|dataStream:10.1.0.28:15033|priority:0|startupRole:FOLLOWER, 82b6249a-e03c-430a-993b-f8cc239713ce|rpc:10.1.0.28:15014|admin:10.1.0.28:15013|client:10.1.0.28:15012|dataStream:10.1.0.28:15015|priority:1|startupRole:FOLLOWER, 562e6811-3892-4bb8-8c1f-2833a6a2708d|rpc:10.1.0.28:15023|admin:10.1.0.28:15022|client:10.1.0.28:15021|dataStream:10.1.0.28:15024|priority:0|startupRole:FOLLOWER]|listeners:[], old=null
2023-07-13 06:11:11,658 [82b6249a-e03c-430a-993b-f8cc239713ce@group-8F0EE428B8B8-LeaderElection3] INFO  impl.LeaderElection (LeaderElection.java:logAndReturn(90)) - 82b6249a-e03c-430a-993b-f8cc239713ce@group-8F0EE428B8B8-LeaderElection3: ELECTION PASSED received 1 response(s) and 0 exception(s):
2023-07-13 06:11:11,658 [82b6249a-e03c-430a-993b-f8cc239713ce@group-8F0EE428B8B8-LeaderElection3] INFO  impl.LeaderElection (LeaderElection.java:logAndReturn(94)) -   Response 0: 82b6249a-e03c-430a-993b-f8cc239713ce<-562e6811-3892-4bb8-8c1f-2833a6a2708d#0:OK-t1
2023-07-13 06:11:11,658 [82b6249a-e03c-430a-993b-f8cc239713ce@group-8F0EE428B8B8-LeaderElection3] INFO  impl.LeaderElection (LeaderElection.java:askForVotes(323)) - 82b6249a-e03c-430a-993b-f8cc239713ce@group-8F0EE428B8B8-LeaderElection3 ELECTION round 0: result PASSED
2023-07-13 06:11:11,658 [82b6249a-e03c-430a-993b-f8cc239713ce@group-8F0EE428B8B8-LeaderElection3] INFO  impl.RoleInfo (RoleInfo.java:shutdownLeaderElection(130)) - 82b6249a-e03c-430a-993b-f8cc239713ce: shutdown 82b6249a-e03c-430a-993b-f8cc239713ce@group-8F0EE428B8B8-LeaderElection3
2023-07-13 06:11:11,658 [82b6249a-e03c-430a-993b-f8cc239713ce@group-8F0EE428B8B8-LeaderElection3] INFO  server.RaftServer$Division (RaftServerImpl.java:setRole(329)) - 82b6249a-e03c-430a-993b-f8cc239713ce@group-8F0EE428B8B8: changes role from CANDIDATE to LEADER at term 1 for changeToLeader
2023-07-13 06:11:11,659 [82b6249a-e03c-430a-993b-f8cc239713ce@group-8F0EE428B8B8-LeaderElection3] INFO  ratis.XceiverServerRatis (XceiverServerRatis.java:handleLeaderChangedNotification(902)) - Leader change notification received for group: group-8F0EE428B8B8 with new leaderId: 82b6249a-e03c-430a-993b-f8cc239713ce
2023-07-13 06:11:11,659 [82b6249a-e03c-430a-993b-f8cc239713ce@group-8F0EE428B8B8-LeaderElection3] INFO  server.RaftServer$Division (ServerState.java:setLeader(317)) - 82b6249a-e03c-430a-993b-f8cc239713ce@group-8F0EE428B8B8: change Leader from null to 82b6249a-e03c-430a-993b-f8cc239713ce at term 1 for becomeLeader, leader elected after 5242ms
2023-07-13 06:11:11,659 [82b6249a-e03c-430a-993b-f8cc239713ce@group-8F0EE428B8B8-LeaderElection3] INFO  server.RaftServerConfigKeys (ConfUtils.java:logGet(46)) - raft.server.staging.catchup.gap = 1000 (default)
2023-07-13 06:11:11,659 [82b6249a-e03c-430a-993b-f8cc239713ce@group-8F0EE428B8B8-LeaderElection3] INFO  server.RaftServerConfigKeys (ConfUtils.java:logGet(46)) - raft.server.write.element-limit = 1024 (custom)
2023-07-13 06:11:11,659 [82b6249a-e03c-430a-993b-f8cc239713ce@group-8F0EE428B8B8-LeaderElection3] INFO  server.RaftServerConfigKeys (ConfUtils.java:logGet(46)) - raft.server.write.byte-limit = 1024 M (=1073741824) (custom)
2023-07-13 06:11:11,660 [82b6249a-e03c-430a-993b-f8cc239713ce@group-8F0EE428B8B8-LeaderElection3] INFO  server.RaftServerConfigKeys (ConfUtils.java:logGet(46)) - raft.server.watch.timeout = 180s (custom)
2023-07-13 06:11:11,660 [82b6249a-e03c-430a-993b-f8cc239713ce@group-8F0EE428B8B8-LeaderElection3] INFO  server.RaftServerConfigKeys (ConfUtils.java:logGet(46)) - raft.server.watch.timeout.denomination = 1s (default)
2023-07-13 06:11:11,660 [82b6249a-e03c-430a-993b-f8cc239713ce@group-8F0EE428B8B8-LeaderElection3] INFO  server.RaftServerConfigKeys (ConfUtils.java:logGet(46)) - raft.server.watch.element-limit = 65536 (default)
2023-07-13 06:11:11,660 [82b6249a-e03c-430a-993b-f8cc239713ce@group-8F0EE428B8B8-LeaderElection3] INFO  server.RaftServerConfigKeys (ConfUtils.java:logGet(46)) - raft.server.write.element-limit = 1024 (custom)
2023-07-13 06:11:11,660 [82b6249a-e03c-430a-993b-f8cc239713ce@group-8F0EE428B8B8-LeaderElection3] INFO  server.RaftServerConfigKeys (ConfUtils.java:logGet(46)) - raft.server.write.follower.gap.ratio.max = -1.0 (default)
2023-07-13 06:11:11,663 [grpc-default-executor-1] INFO  server.RaftServer$Division (RaftServerImpl.java:requestVote(1335)) - d320ba6c-c03b-47af-a073-41dad91ccf26@group-8F0EE428B8B8 replies to ELECTION vote request: 82b6249a-e03c-430a-993b-f8cc239713ce<-d320ba6c-c03b-47af-a073-41dad91ccf26#0:OK-t1. Peer's state: d320ba6c-c03b-47af-a073-41dad91ccf26@group-8F0EE428B8B8:t1, leader=null, voted=82b6249a-e03c-430a-993b-f8cc239713ce, raftlog=Memoized:d320ba6c-c03b-47af-a073-41dad91ccf26@group-8F0EE428B8B8-SegmentedRaftLog:OPENED:c-1, conf=-1: peers:[d320ba6c-c03b-47af-a073-41dad91ccf26|rpc:10.1.0.28:15032|admin:10.1.0.28:15031|client:10.1.0.28:15030|dataStream:10.1.0.28:15033|priority:0|startupRole:FOLLOWER, 82b6249a-e03c-430a-993b-f8cc239713ce|rpc:10.1.0.28:15014|admin:10.1.0.28:15013|client:10.1.0.28:15012|dataStream:10.1.0.28:15015|priority:1|startupRole:FOLLOWER, 562e6811-3892-4bb8-8c1f-2833a6a2708d|rpc:10.1.0.28:15023|admin:10.1.0.28:15022|client:10.1.0.28:15021|dataStream:10.1.0.28:15024|priority:0|startupRole:FOLLOWER]|listeners:[], old=null
2023-07-13 06:11:11,665 [EventQueue-OpenPipelineForHealthyPipelineSafeModeRule] INFO  safemode.SCMSafeModeManager (HealthyPipelineSafeModeRule.java:process(137)) - SCM in safe mode. Healthy pipelines reported count is 0, required healthy pipeline reported count is 1
2023-07-13 06:11:11,671 [EventQueue-PipelineReportForPipelineReportHandler] INFO  pipeline.PipelineReportHandler (PipelineReportHandler.java:processPipelineReport(136)) - Opened pipeline PipelineID=94a47cff-0942-447d-b8b2-8f0ee428b8b8
2023-07-13 06:11:11,672 [EventQueue-OpenPipelineForHealthyPipelineSafeModeRule] INFO  safemode.SCMSafeModeManager (HealthyPipelineSafeModeRule.java:process(137)) - SCM in safe mode. Healthy pipelines reported count is 1, required healthy pipeline reported count is 1
2023-07-13 06:11:11,672 [EventQueue-OpenPipelineForHealthyPipelineSafeModeRule] INFO  safemode.SCMSafeModeManager (SCMSafeModeManager.java:validateSafeModeExitRules(200)) - HealthyPipelineSafeModeRule rule is successfully validated
2023-07-13 06:11:11,672 [EventQueue-OpenPipelineForHealthyPipelineSafeModeRule] INFO  safemode.SCMSafeModeManager (SCMSafeModeManager.java:validateSafeModeExitRules(215)) - ScmSafeModeManager, all rules are successfully validated
2023-07-13 06:11:11,672 [EventQueue-OpenPipelineForHealthyPipelineSafeModeRule] INFO  safemode.SCMSafeModeManager (SCMSafeModeManager.java:exitSafeMode(244)) - SCM exiting safe mode.
2023-07-13 06:11:11,672 [EventQueue-OpenPipelineForHealthyPipelineSafeModeRule] INFO  ha.SCMContext (SCMContext.java:updateSafeModeStatus(228)) - Update SafeModeStatus from SafeModeStatus{safeModeStatus=true, preCheckPassed=true} to SafeModeStatus{safeModeStatus=false, preCheckPassed=true}.
2023-07-13 06:11:11,674 [EventQueue-OpenPipelineForHealthyPipelineSafeModeRule] INFO  pipeline.BackgroundPipelineCreator (BackgroundPipelineCreator.java:notifyStatusChanged(255)) - Service BackgroundPipelineCreator transitions to RUNNING.
2023-07-13 06:11:11,674 [EventQueue-OpenPipelineForHealthyPipelineSafeModeRule] INFO  BackgroundPipelineScrubber (BackgroundSCMService.java:notifyStatusChanged(82)) - Service BackgroundPipelineScrubber transitions to RUNNING.
2023-07-13 06:11:11,674 [EventQueue-OpenPipelineForHealthyPipelineSafeModeRule] INFO  ExpiredContainerReplicaOpScrubber (BackgroundSCMService.java:notifyStatusChanged(82)) - Service ExpiredContainerReplicaOpScrubber transitions to RUNNING.
2023-07-13 06:11:11,674 [EventQueue-OpenPipelineForHealthyPipelineSafeModeRule] INFO  replication.ReplicationManager (ReplicationManager.java:notifyStatusChanged(1366)) - Service ReplicationManager transitions to RUNNING.
2023-07-13 06:11:11,677 [82b6249a-e03c-430a-993b-f8cc239713ce@group-8F0EE428B8B8-LeaderElection3] INFO  server.RaftServerConfigKeys (ConfUtils.java:logGet(46)) - raft.server.log.appender.snapshot.chunk.size.max = 16MB (=16777216) (default)
2023-07-13 06:11:11,678 [82b6249a-e03c-430a-993b-f8cc239713ce@group-8F0EE428B8B8-LeaderElection3] INFO  server.RaftServerConfigKeys (ConfUtils.java:logGet(46)) - raft.server.log.appender.buffer.byte-limit = 33554432 (custom)
2023-07-13 06:11:11,678 [82b6249a-e03c-430a-993b-f8cc239713ce@group-8F0EE428B8B8-LeaderElection3] INFO  server.RaftServerConfigKeys (ConfUtils.java:logGet(46)) - raft.server.log.appender.buffer.element-limit = 1 (custom)
2023-07-13 06:11:11,680 [EventQueue-OpenPipelineForHealthyPipelineSafeModeRule] WARN  balancer.ContainerBalancer (ContainerBalancer.java:shouldRun(134)) - Could not find persisted configuration for ContainerBalancer when checking if ContainerBalancer should run. ContainerBalancer should not run now.
2023-07-13 06:11:11,681 [82b6249a-e03c-430a-993b-f8cc239713ce@group-8F0EE428B8B8-LeaderElection3] INFO  server.RaftServerConfigKeys (ConfUtils.java:logGet(46)) - raft.server.log.appender.wait-time.min = 10ms (default)
2023-07-13 06:11:11,682 [82b6249a-e03c-430a-993b-f8cc239713ce@group-8F0EE428B8B8-LeaderElection3] INFO  grpc.GrpcConfigKeys (ConfUtils.java:logGet(46)) - raft.grpc.server.leader.outstanding.appends.max = 128 (default)
2023-07-13 06:11:11,683 [82b6249a-e03c-430a-993b-f8cc239713ce@group-8F0EE428B8B8-LeaderElection3] INFO  server.RaftServerConfigKeys (ConfUtils.java:logGet(46)) - raft.server.rpc.request.timeout = 60s (custom)
2023-07-13 06:11:11,684 [82b6249a-e03c-430a-993b-f8cc239713ce@group-8F0EE428B8B8-LeaderElection3] INFO  grpc.GrpcConfigKeys (ConfUtils.java:logGet(46)) - raft.grpc.server.install_snapshot.request.element-limit = 8 (default)
2023-07-13 06:11:11,684 [82b6249a-e03c-430a-993b-f8cc239713ce@group-8F0EE428B8B8-LeaderElection3] INFO  grpc.GrpcConfigKeys (ConfUtils.java:logGet(46)) - raft.grpc.server.install_snapshot.request.timeout = 3000ms (default)
2023-07-13 06:11:11,684 [82b6249a-e03c-430a-993b-f8cc239713ce@group-8F0EE428B8B8-LeaderElection3] INFO  server.RaftServerConfigKeys (ConfUtils.java:logGet(46)) - raft.server.log.appender.install.snapshot.enabled = false (custom)
2023-07-13 06:11:11,684 [82b6249a-e03c-430a-993b-f8cc239713ce@group-8F0EE428B8B8-LeaderElection3] INFO  grpc.GrpcConfigKeys (ConfUtils.java:logGet(46)) - raft.grpc.server.heartbeat.channel = true (default)
2023-07-13 06:11:11,687 [82b6249a-e03c-430a-993b-f8cc239713ce@group-8F0EE428B8B8-LeaderElection3] INFO  server.RaftServerConfigKeys (ConfUtils.java:logGet(46)) - raft.server.log.appender.snapshot.chunk.size.max = 16MB (=16777216) (default)
2023-07-13 06:11:11,687 [82b6249a-e03c-430a-993b-f8cc239713ce@group-8F0EE428B8B8-LeaderElection3] INFO  server.RaftServerConfigKeys (ConfUtils.java:logGet(46)) - raft.server.log.appender.buffer.byte-limit = 33554432 (custom)
2023-07-13 06:11:11,687 [82b6249a-e03c-430a-993b-f8cc239713ce@group-8F0EE428B8B8-LeaderElection3] INFO  server.RaftServerConfigKeys (ConfUtils.java:logGet(46)) - raft.server.log.appender.buffer.element-limit = 1 (custom)
2023-07-13 06:11:11,687 [82b6249a-e03c-430a-993b-f8cc239713ce@group-8F0EE428B8B8-LeaderElection3] INFO  server.RaftServerConfigKeys (ConfUtils.java:logGet(46)) - raft.server.log.appender.wait-time.min = 10ms (default)
2023-07-13 06:11:11,687 [82b6249a-e03c-430a-993b-f8cc239713ce@group-8F0EE428B8B8-LeaderElection3] INFO  grpc.GrpcConfigKeys (ConfUtils.java:logGet(46)) - raft.grpc.server.leader.outstanding.appends.max = 128 (default)
2023-07-13 06:11:11,687 [82b6249a-e03c-430a-993b-f8cc239713ce@group-8F0EE428B8B8-LeaderElection3] INFO  server.RaftServerConfigKeys (ConfUtils.java:logGet(46)) - raft.server.rpc.request.timeout = 60s (custom)
2023-07-13 06:11:11,688 [82b6249a-e03c-430a-993b-f8cc239713ce@group-8F0EE428B8B8-LeaderElection3] INFO  grpc.GrpcConfigKeys (ConfUtils.java:logGet(46)) - raft.grpc.server.install_snapshot.request.element-limit = 8 (default)
2023-07-13 06:11:11,688 [82b6249a-e03c-430a-993b-f8cc239713ce@group-8F0EE428B8B8-LeaderElection3] INFO  grpc.GrpcConfigKeys (ConfUtils.java:logGet(46)) - raft.grpc.server.install_snapshot.request.timeout = 3000ms (default)
2023-07-13 06:11:11,688 [82b6249a-e03c-430a-993b-f8cc239713ce@group-8F0EE428B8B8-LeaderElection3] INFO  server.RaftServerConfigKeys (ConfUtils.java:logGet(46)) - raft.server.log.appender.install.snapshot.enabled = false (custom)
2023-07-13 06:11:11,688 [82b6249a-e03c-430a-993b-f8cc239713ce@group-8F0EE428B8B8-LeaderElection3] INFO  grpc.GrpcConfigKeys (ConfUtils.java:logGet(46)) - raft.grpc.server.heartbeat.channel = true (default)
2023-07-13 06:11:11,689 [82b6249a-e03c-430a-993b-f8cc239713ce@group-8F0EE428B8B8-LeaderElection3] INFO  impl.RoleInfo (RoleInfo.java:updateAndGet(139)) - 82b6249a-e03c-430a-993b-f8cc239713ce: start 82b6249a-e03c-430a-993b-f8cc239713ce@group-8F0EE428B8B8-LeaderStateImpl
2023-07-13 06:11:11,692 [82b6249a-e03c-430a-993b-f8cc239713ce@group-8F0EE428B8B8-LeaderElection3] INFO  segmented.SegmentedRaftLogWorker (SegmentedRaftLogWorker.java:startLogSegment(447)) - 82b6249a-e03c-430a-993b-f8cc239713ce@group-8F0EE428B8B8-SegmentedRaftLogWorker: Starting segment from index:0
2023-07-13 06:11:11,694 [main] INFO  ozone.MiniOzoneClusterImpl (MiniOzoneClusterImpl.java:lambda$waitForClusterToBeReady$0(224)) - Nodes are ready. Got 10 of 10 DN Heartbeats.
2023-07-13 06:11:11,694 [main] INFO  ozone.MiniOzoneClusterImpl (MiniOzoneClusterImpl.java:lambda$waitForClusterToBeReady$0(227)) - Cluster exits safe mode
2023-07-13 06:11:11,695 [main] INFO  ozone.MiniOzoneClusterImpl (MiniOzoneClusterImpl.java:lambda$waitForClusterToBeReady$0(229)) - SCM became leader
2023-07-13 06:11:11,694 [82b6249a-e03c-430a-993b-f8cc239713ce@group-8F0EE428B8B8-SegmentedRaftLogWorker] INFO  segmented.SegmentedRaftLogWorker (SegmentedRaftLogWorker.java:execute(651)) - 82b6249a-e03c-430a-993b-f8cc239713ce@group-8F0EE428B8B8-SegmentedRaftLogWorker: created new log segment /home/runner/work/ozone/ozone/hadoop-ozone/integration-test/target/test-dir/MiniOzoneClusterImpl-40c29f8c-30b3-4208-9c4d-d76d276bda5b/datanode-0/data/ratis/94a47cff-0942-447d-b8b2-8f0ee428b8b8/current/log_inprogress_0
2023-07-13 06:11:11,714 [82b6249a-e03c-430a-993b-f8cc239713ce@group-8F0EE428B8B8-LeaderElection3] INFO  server.RaftServer$Division (ServerState.java:setRaftConf(434)) - 82b6249a-e03c-430a-993b-f8cc239713ce@group-8F0EE428B8B8: set configuration 0: peers:[d320ba6c-c03b-47af-a073-41dad91ccf26|rpc:10.1.0.28:15032|admin:10.1.0.28:15031|client:10.1.0.28:15030|dataStream:10.1.0.28:15033|priority:0|startupRole:FOLLOWER, 82b6249a-e03c-430a-993b-f8cc239713ce|rpc:10.1.0.28:15014|admin:10.1.0.28:15013|client:10.1.0.28:15012|dataStream:10.1.0.28:15015|priority:1|startupRole:FOLLOWER, 562e6811-3892-4bb8-8c1f-2833a6a2708d|rpc:10.1.0.28:15023|admin:10.1.0.28:15022|client:10.1.0.28:15021|dataStream:10.1.0.28:15024|priority:0|startupRole:FOLLOWER]|listeners:[], old=null
2023-07-13 06:11:11,741 [d320ba6c-c03b-47af-a073-41dad91ccf26-server-thread1] INFO  ratis.XceiverServerRatis (XceiverServerRatis.java:handleLeaderChangedNotification(902)) - Leader change notification received for group: group-8F0EE428B8B8 with new leaderId: 82b6249a-e03c-430a-993b-f8cc239713ce
2023-07-13 06:11:11,742 [d320ba6c-c03b-47af-a073-41dad91ccf26-server-thread1] INFO  server.RaftServer$Division (ServerState.java:setLeader(317)) - d320ba6c-c03b-47af-a073-41dad91ccf26@group-8F0EE428B8B8: change Leader from null to 82b6249a-e03c-430a-993b-f8cc239713ce at term 1 for appendEntries, leader elected after 4656ms
2023-07-13 06:11:11,761 [562e6811-3892-4bb8-8c1f-2833a6a2708d-server-thread1] INFO  ratis.XceiverServerRatis (XceiverServerRatis.java:handleLeaderChangedNotification(902)) - Leader change notification received for group: group-8F0EE428B8B8 with new leaderId: 82b6249a-e03c-430a-993b-f8cc239713ce
2023-07-13 06:11:11,761 [562e6811-3892-4bb8-8c1f-2833a6a2708d-server-thread1] INFO  server.RaftServer$Division (ServerState.java:setLeader(317)) - 562e6811-3892-4bb8-8c1f-2833a6a2708d@group-8F0EE428B8B8: change Leader from null to 82b6249a-e03c-430a-993b-f8cc239713ce at term 1 for appendEntries, leader elected after 4906ms
2023-07-13 06:11:11,808 [562e6811-3892-4bb8-8c1f-2833a6a2708d-server-thread2] INFO  server.RaftServer$Division (ServerState.java:setRaftConf(434)) - 562e6811-3892-4bb8-8c1f-2833a6a2708d@group-8F0EE428B8B8: set configuration 0: peers:[d320ba6c-c03b-47af-a073-41dad91ccf26|rpc:10.1.0.28:15032|admin:10.1.0.28:15031|client:10.1.0.28:15030|dataStream:10.1.0.28:15033|priority:0|startupRole:FOLLOWER, 82b6249a-e03c-430a-993b-f8cc239713ce|rpc:10.1.0.28:15014|admin:10.1.0.28:15013|client:10.1.0.28:15012|dataStream:10.1.0.28:15015|priority:1|startupRole:FOLLOWER, 562e6811-3892-4bb8-8c1f-2833a6a2708d|rpc:10.1.0.28:15023|admin:10.1.0.28:15022|client:10.1.0.28:15021|dataStream:10.1.0.28:15024|priority:0|startupRole:FOLLOWER]|listeners:[], old=null
2023-07-13 06:11:11,808 [562e6811-3892-4bb8-8c1f-2833a6a2708d-server-thread2] INFO  segmented.SegmentedRaftLogWorker (SegmentedRaftLogWorker.java:startLogSegment(447)) - 562e6811-3892-4bb8-8c1f-2833a6a2708d@group-8F0EE428B8B8-SegmentedRaftLogWorker: Starting segment from index:0
2023-07-13 06:11:11,823 [d320ba6c-c03b-47af-a073-41dad91ccf26-server-thread2] INFO  server.RaftServer$Division (ServerState.java:setRaftConf(434)) - d320ba6c-c03b-47af-a073-41dad91ccf26@group-8F0EE428B8B8: set configuration 0: peers:[d320ba6c-c03b-47af-a073-41dad91ccf26|rpc:10.1.0.28:15032|admin:10.1.0.28:15031|client:10.1.0.28:15030|dataStream:10.1.0.28:15033|priority:0|startupRole:FOLLOWER, 82b6249a-e03c-430a-993b-f8cc239713ce|rpc:10.1.0.28:15014|admin:10.1.0.28:15013|client:10.1.0.28:15012|dataStream:10.1.0.28:15015|priority:1|startupRole:FOLLOWER, 562e6811-3892-4bb8-8c1f-2833a6a2708d|rpc:10.1.0.28:15023|admin:10.1.0.28:15022|client:10.1.0.28:15021|dataStream:10.1.0.28:15024|priority:0|startupRole:FOLLOWER]|listeners:[], old=null
2023-07-13 06:11:11,824 [d320ba6c-c03b-47af-a073-41dad91ccf26-server-thread2] INFO  segmented.SegmentedRaftLogWorker (SegmentedRaftLogWorker.java:startLogSegment(447)) - d320ba6c-c03b-47af-a073-41dad91ccf26@group-8F0EE428B8B8-SegmentedRaftLogWorker: Starting segment from index:0
2023-07-13 06:11:11,825 [562e6811-3892-4bb8-8c1f-2833a6a2708d@group-8F0EE428B8B8-SegmentedRaftLogWorker] INFO  segmented.SegmentedRaftLogWorker (SegmentedRaftLogWorker.java:execute(651)) - 562e6811-3892-4bb8-8c1f-2833a6a2708d@group-8F0EE428B8B8-SegmentedRaftLogWorker: created new log segment /home/runner/work/ozone/ozone/hadoop-ozone/integration-test/target/test-dir/MiniOzoneClusterImpl-40c29f8c-30b3-4208-9c4d-d76d276bda5b/datanode-1/data/ratis/94a47cff-0942-447d-b8b2-8f0ee428b8b8/current/log_inprogress_0
2023-07-13 06:11:11,827 [d320ba6c-c03b-47af-a073-41dad91ccf26@group-8F0EE428B8B8-SegmentedRaftLogWorker] INFO  segmented.SegmentedRaftLogWorker (SegmentedRaftLogWorker.java:execute(651)) - d320ba6c-c03b-47af-a073-41dad91ccf26@group-8F0EE428B8B8-SegmentedRaftLogWorker: created new log segment /home/runner/work/ozone/ozone/hadoop-ozone/integration-test/target/test-dir/MiniOzoneClusterImpl-40c29f8c-30b3-4208-9c4d-d76d276bda5b/datanode-2/data/ratis/94a47cff-0942-447d-b8b2-8f0ee428b8b8/current/log_inprogress_0
2023-07-13 06:11:12,019 [562e6811-3892-4bb8-8c1f-2833a6a2708d@group-31FA444A9B28-FollowerState] INFO  impl.FollowerState (FollowerState.java:run(143)) - 562e6811-3892-4bb8-8c1f-2833a6a2708d@group-31FA444A9B28-FollowerState: change to CANDIDATE, lastRpcElapsedTime:5178919446ns, electionTimeout:5167ms
2023-07-13 06:11:12,020 [562e6811-3892-4bb8-8c1f-2833a6a2708d@group-31FA444A9B28-FollowerState] INFO  impl.RoleInfo (RoleInfo.java:shutdownFollowerState(110)) - 562e6811-3892-4bb8-8c1f-2833a6a2708d: shutdown 562e6811-3892-4bb8-8c1f-2833a6a2708d@group-31FA444A9B28-FollowerState
2023-07-13 06:11:12,020 [562e6811-3892-4bb8-8c1f-2833a6a2708d@group-31FA444A9B28-FollowerState] INFO  server.RaftServer$Division (RaftServerImpl.java:setRole(329)) - 562e6811-3892-4bb8-8c1f-2833a6a2708d@group-31FA444A9B28: changes role from  FOLLOWER to CANDIDATE at term 0 for changeToCandidate
2023-07-13 06:11:12,020 [562e6811-3892-4bb8-8c1f-2833a6a2708d@group-31FA444A9B28-FollowerState] INFO  server.RaftServerConfigKeys (ConfUtils.java:logGet(46)) - raft.server.leaderelection.pre-vote = true (default)
2023-07-13 06:11:12,020 [562e6811-3892-4bb8-8c1f-2833a6a2708d@group-31FA444A9B28-FollowerState] INFO  impl.RoleInfo (RoleInfo.java:updateAndGet(139)) - 562e6811-3892-4bb8-8c1f-2833a6a2708d: start 562e6811-3892-4bb8-8c1f-2833a6a2708d@group-31FA444A9B28-LeaderElection4
2023-07-13 06:11:12,027 [562e6811-3892-4bb8-8c1f-2833a6a2708d@group-31FA444A9B28-LeaderElection4] INFO  impl.LeaderElection (LeaderElection.java:askForVotes(321)) - 562e6811-3892-4bb8-8c1f-2833a6a2708d@group-31FA444A9B28-LeaderElection4 PRE_VOTE round 0: submit vote requests at term 0 for -1: peers:[562e6811-3892-4bb8-8c1f-2833a6a2708d|rpc:10.1.0.28:15023|admin:10.1.0.28:15022|client:10.1.0.28:15021|dataStream:10.1.0.28:15024|priority:1|startupRole:FOLLOWER]|listeners:[], old=null
2023-07-13 06:11:12,027 [562e6811-3892-4bb8-8c1f-2833a6a2708d@group-31FA444A9B28-LeaderElection4] INFO  impl.LeaderElection (LeaderElection.java:askForVotes(323)) - 562e6811-3892-4bb8-8c1f-2833a6a2708d@group-31FA444A9B28-LeaderElection4 PRE_VOTE round 0: result PASSED (term=0)
2023-07-13 06:11:12,029 [562e6811-3892-4bb8-8c1f-2833a6a2708d@group-31FA444A9B28-LeaderElection4] INFO  impl.LeaderElection (LeaderElection.java:askForVotes(321)) - 562e6811-3892-4bb8-8c1f-2833a6a2708d@group-31FA444A9B28-LeaderElection4 ELECTION round 0: submit vote requests at term 1 for -1: peers:[562e6811-3892-4bb8-8c1f-2833a6a2708d|rpc:10.1.0.28:15023|admin:10.1.0.28:15022|client:10.1.0.28:15021|dataStream:10.1.0.28:15024|priority:1|startupRole:FOLLOWER]|listeners:[], old=null
2023-07-13 06:11:12,029 [562e6811-3892-4bb8-8c1f-2833a6a2708d@group-31FA444A9B28-LeaderElection4] INFO  impl.LeaderElection (LeaderElection.java:askForVotes(323)) - 562e6811-3892-4bb8-8c1f-2833a6a2708d@group-31FA444A9B28-LeaderElection4 ELECTION round 0: result PASSED (term=1)
2023-07-13 06:11:12,029 [562e6811-3892-4bb8-8c1f-2833a6a2708d@group-31FA444A9B28-LeaderElection4] INFO  impl.RoleInfo (RoleInfo.java:shutdownLeaderElection(130)) - 562e6811-3892-4bb8-8c1f-2833a6a2708d: shutdown 562e6811-3892-4bb8-8c1f-2833a6a2708d@group-31FA444A9B28-LeaderElection4
2023-07-13 06:11:12,030 [562e6811-3892-4bb8-8c1f-2833a6a2708d@group-31FA444A9B28-LeaderElection4] INFO  server.RaftServer$Division (RaftServerImpl.java:setRole(329)) - 562e6811-3892-4bb8-8c1f-2833a6a2708d@group-31FA444A9B28: changes role from CANDIDATE to LEADER at term 1 for changeToLeader
2023-07-13 06:11:12,030 [562e6811-3892-4bb8-8c1f-2833a6a2708d@group-31FA444A9B28-LeaderElection4] INFO  ratis.XceiverServerRatis (XceiverServerRatis.java:handleLeaderChangedNotification(902)) - Leader change notification received for group: group-31FA444A9B28 with new leaderId: 562e6811-3892-4bb8-8c1f-2833a6a2708d
2023-07-13 06:11:12,031 [562e6811-3892-4bb8-8c1f-2833a6a2708d@group-31FA444A9B28-LeaderElection4] INFO  server.RaftServer$Division (ServerState.java:setLeader(317)) - 562e6811-3892-4bb8-8c1f-2833a6a2708d@group-31FA444A9B28: change Leader from null to 562e6811-3892-4bb8-8c1f-2833a6a2708d at term 1 for becomeLeader, leader elected after 5236ms
2023-07-13 06:11:12,031 [562e6811-3892-4bb8-8c1f-2833a6a2708d@group-31FA444A9B28-LeaderElection4] INFO  server.RaftServerConfigKeys (ConfUtils.java:logGet(46)) - raft.server.staging.catchup.gap = 1000 (default)
2023-07-13 06:11:12,031 [562e6811-3892-4bb8-8c1f-2833a6a2708d@group-31FA444A9B28-LeaderElection4] INFO  server.RaftServerConfigKeys (ConfUtils.java:logGet(46)) - raft.server.write.element-limit = 1024 (custom)
2023-07-13 06:11:12,031 [562e6811-3892-4bb8-8c1f-2833a6a2708d@group-31FA444A9B28-LeaderElection4] INFO  server.RaftServerConfigKeys (ConfUtils.java:logGet(46)) - raft.server.write.byte-limit = 1024 M (=1073741824) (custom)
2023-07-13 06:11:12,032 [562e6811-3892-4bb8-8c1f-2833a6a2708d@group-31FA444A9B28-LeaderElection4] INFO  server.RaftServerConfigKeys (ConfUtils.java:logGet(46)) - raft.server.watch.timeout = 180s (custom)
2023-07-13 06:11:12,032 [562e6811-3892-4bb8-8c1f-2833a6a2708d@group-31FA444A9B28-LeaderElection4] INFO  server.RaftServerConfigKeys (ConfUtils.java:logGet(46)) - raft.server.watch.timeout.denomination = 1s (default)
2023-07-13 06:11:12,032 [562e6811-3892-4bb8-8c1f-2833a6a2708d@group-31FA444A9B28-LeaderElection4] INFO  server.RaftServerConfigKeys (ConfUtils.java:logGet(46)) - raft.server.watch.element-limit = 65536 (default)
2023-07-13 06:11:12,032 [562e6811-3892-4bb8-8c1f-2833a6a2708d@group-31FA444A9B28-LeaderElection4] INFO  server.RaftServerConfigKeys (ConfUtils.java:logGet(46)) - raft.server.write.element-limit = 1024 (custom)
2023-07-13 06:11:12,032 [562e6811-3892-4bb8-8c1f-2833a6a2708d@group-31FA444A9B28-LeaderElection4] INFO  server.RaftServerConfigKeys (ConfUtils.java:logGet(46)) - raft.server.write.follower.gap.ratio.max = -1.0 (default)
2023-07-13 06:11:12,032 [562e6811-3892-4bb8-8c1f-2833a6a2708d@group-31FA444A9B28-LeaderElection4] INFO  impl.RoleInfo (RoleInfo.java:updateAndGet(139)) - 562e6811-3892-4bb8-8c1f-2833a6a2708d: start 562e6811-3892-4bb8-8c1f-2833a6a2708d@group-31FA444A9B28-LeaderStateImpl
2023-07-13 06:11:12,033 [562e6811-3892-4bb8-8c1f-2833a6a2708d@group-31FA444A9B28-LeaderElection4] INFO  segmented.SegmentedRaftLogWorker (SegmentedRaftLogWorker.java:startLogSegment(447)) - 562e6811-3892-4bb8-8c1f-2833a6a2708d@group-31FA444A9B28-SegmentedRaftLogWorker: Starting segment from index:0
2023-07-13 06:11:12,035 [562e6811-3892-4bb8-8c1f-2833a6a2708d@group-31FA444A9B28-SegmentedRaftLogWorker] INFO  segmented.SegmentedRaftLogWorker (SegmentedRaftLogWorker.java:execute(651)) - 562e6811-3892-4bb8-8c1f-2833a6a2708d@group-31FA444A9B28-SegmentedRaftLogWorker: created new log segment /home/runner/work/ozone/ozone/hadoop-ozone/integration-test/target/test-dir/MiniOzoneClusterImpl-40c29f8c-30b3-4208-9c4d-d76d276bda5b/datanode-1/data/ratis/13df0dde-cee7-4b36-b8f9-31fa444a9b28/current/log_inprogress_0
2023-07-13 06:11:12,041 [562e6811-3892-4bb8-8c1f-2833a6a2708d@group-31FA444A9B28-LeaderElection4] INFO  server.RaftServer$Division (ServerState.java:setRaftConf(434)) - 562e6811-3892-4bb8-8c1f-2833a6a2708d@group-31FA444A9B28: set configuration 0: peers:[562e6811-3892-4bb8-8c1f-2833a6a2708d|rpc:10.1.0.28:15023|admin:10.1.0.28:15022|client:10.1.0.28:15021|dataStream:10.1.0.28:15024|priority:1|startupRole:FOLLOWER]|listeners:[], old=null
2023-07-13 06:11:12,492 [562e6811-3892-4bb8-8c1f-2833a6a2708d@group-F1FCC772349B-FollowerState] INFO  impl.FollowerState (FollowerState.java:run(143)) - 562e6811-3892-4bb8-8c1f-2833a6a2708d@group-F1FCC772349B-FollowerState: change to CANDIDATE, lastRpcElapsedTime:5057093770ns, electionTimeout:5035ms
2023-07-13 06:11:12,493 [562e6811-3892-4bb8-8c1f-2833a6a2708d@group-F1FCC772349B-FollowerState] INFO  impl.RoleInfo (RoleInfo.java:shutdownFollowerState(110)) - 562e6811-3892-4bb8-8c1f-2833a6a2708d: shutdown 562e6811-3892-4bb8-8c1f-2833a6a2708d@group-F1FCC772349B-FollowerState
2023-07-13 06:11:12,493 [562e6811-3892-4bb8-8c1f-2833a6a2708d@group-F1FCC772349B-FollowerState] INFO  server.RaftServer$Division (RaftServerImpl.java:setRole(329)) - 562e6811-3892-4bb8-8c1f-2833a6a2708d@group-F1FCC772349B: changes role from  FOLLOWER to CANDIDATE at term 0 for changeToCandidate
2023-07-13 06:11:12,493 [562e6811-3892-4bb8-8c1f-2833a6a2708d@group-F1FCC772349B-FollowerState] INFO  server.RaftServerConfigKeys (ConfUtils.java:logGet(46)) - raft.server.leaderelection.pre-vote = true (default)
2023-07-13 06:11:12,493 [562e6811-3892-4bb8-8c1f-2833a6a2708d@group-F1FCC772349B-FollowerState] INFO  impl.RoleInfo (RoleInfo.java:updateAndGet(139)) - 562e6811-3892-4bb8-8c1f-2833a6a2708d: start 562e6811-3892-4bb8-8c1f-2833a6a2708d@group-F1FCC772349B-LeaderElection5
2023-07-13 06:11:12,495 [d320ba6c-c03b-47af-a073-41dad91ccf26@group-E8F993469F13-FollowerState] INFO  impl.FollowerState (FollowerState.java:run(143)) - d320ba6c-c03b-47af-a073-41dad91ccf26@group-E8F993469F13-FollowerState: change to CANDIDATE, lastRpcElapsedTime:5131832359ns, electionTimeout:5094ms
2023-07-13 06:11:12,495 [d320ba6c-c03b-47af-a073-41dad91ccf26@group-E8F993469F13-FollowerState] INFO  impl.RoleInfo (RoleInfo.java:shutdownFollowerState(110)) - d320ba6c-c03b-47af-a073-41dad91ccf26: shutdown d320ba6c-c03b-47af-a073-41dad91ccf26@group-E8F993469F13-FollowerState
2023-07-13 06:11:12,495 [d320ba6c-c03b-47af-a073-41dad91ccf26@group-E8F993469F13-FollowerState] INFO  server.RaftServer$Division (RaftServerImpl.java:setRole(329)) - d320ba6c-c03b-47af-a073-41dad91ccf26@group-E8F993469F13: changes role from  FOLLOWER to CANDIDATE at term 0 for changeToCandidate
2023-07-13 06:11:12,497 [d320ba6c-c03b-47af-a073-41dad91ccf26@group-F1FCC772349B-FollowerState] INFO  impl.FollowerState (FollowerState.java:run(143)) - d320ba6c-c03b-47af-a073-41dad91ccf26@group-F1FCC772349B-FollowerState: change to CANDIDATE, lastRpcElapsedTime:5011245401ns, electionTimeout:5001ms
2023-07-13 06:11:12,497 [d320ba6c-c03b-47af-a073-41dad91ccf26@group-F1FCC772349B-FollowerState] INFO  impl.RoleInfo (RoleInfo.java:shutdownFollowerState(110)) - d320ba6c-c03b-47af-a073-41dad91ccf26: shutdown d320ba6c-c03b-47af-a073-41dad91ccf26@group-F1FCC772349B-FollowerState
2023-07-13 06:11:12,497 [d320ba6c-c03b-47af-a073-41dad91ccf26@group-F1FCC772349B-FollowerState] INFO  server.RaftServer$Division (RaftServerImpl.java:setRole(329)) - d320ba6c-c03b-47af-a073-41dad91ccf26@group-F1FCC772349B: changes role from  FOLLOWER to CANDIDATE at term 0 for changeToCandidate
2023-07-13 06:11:12,501 [d320ba6c-c03b-47af-a073-41dad91ccf26@group-F1FCC772349B-FollowerState] INFO  server.RaftServerConfigKeys (ConfUtils.java:logGet(46)) - raft.server.leaderelection.pre-vote = true (default)
2023-07-13 06:11:12,511 [d320ba6c-c03b-47af-a073-41dad91ccf26@group-F1FCC772349B-FollowerState] INFO  impl.RoleInfo (RoleInfo.java:updateAndGet(139)) - d320ba6c-c03b-47af-a073-41dad91ccf26: start d320ba6c-c03b-47af-a073-41dad91ccf26@group-F1FCC772349B-LeaderElection7
2023-07-13 06:11:12,511 [d320ba6c-c03b-47af-a073-41dad91ccf26@group-E8F993469F13-FollowerState] INFO  server.RaftServerConfigKeys (ConfUtils.java:logGet(46)) - raft.server.leaderelection.pre-vote = true (default)
2023-07-13 06:11:12,511 [d320ba6c-c03b-47af-a073-41dad91ccf26@group-E8F993469F13-FollowerState] INFO  impl.RoleInfo (RoleInfo.java:updateAndGet(139)) - d320ba6c-c03b-47af-a073-41dad91ccf26: start d320ba6c-c03b-47af-a073-41dad91ccf26@group-E8F993469F13-LeaderElection6
2023-07-13 06:11:12,525 [562e6811-3892-4bb8-8c1f-2833a6a2708d@group-F1FCC772349B-LeaderElection5] INFO  impl.LeaderElection (LeaderElection.java:askForVotes(321)) - 562e6811-3892-4bb8-8c1f-2833a6a2708d@group-F1FCC772349B-LeaderElection5 PRE_VOTE round 0: submit vote requests at term 0 for -1: peers:[d320ba6c-c03b-47af-a073-41dad91ccf26|rpc:10.1.0.28:15032|admin:10.1.0.28:15031|client:10.1.0.28:15030|dataStream:10.1.0.28:15033|priority:0|startupRole:FOLLOWER, 82b6249a-e03c-430a-993b-f8cc239713ce|rpc:10.1.0.28:15014|admin:10.1.0.28:15013|client:10.1.0.28:15012|dataStream:10.1.0.28:15015|priority:0|startupRole:FOLLOWER, 562e6811-3892-4bb8-8c1f-2833a6a2708d|rpc:10.1.0.28:15023|admin:10.1.0.28:15022|client:10.1.0.28:15021|dataStream:10.1.0.28:15024|priority:1|startupRole:FOLLOWER]|listeners:[], old=null
2023-07-13 06:11:12,525 [562e6811-3892-4bb8-8c1f-2833a6a2708d@group-F1FCC772349B-LeaderElection5-1] INFO  server.GrpcServerProtocolClient (GrpcServerProtocolClient.java:<init>(65)) - Build channel for d320ba6c-c03b-47af-a073-41dad91ccf26
2023-07-13 06:11:12,526 [562e6811-3892-4bb8-8c1f-2833a6a2708d@group-F1FCC772349B-LeaderElection5] INFO  server.RaftServerConfigKeys (ConfUtils.java:logFallback(53)) - raft.server.rpc.first-election.timeout.min = 5s (fallback to raft.server.rpc.timeout.min)
2023-07-13 06:11:12,526 [562e6811-3892-4bb8-8c1f-2833a6a2708d@group-F1FCC772349B-LeaderElection5] INFO  server.RaftServerConfigKeys (ConfUtils.java:logFallback(53)) - raft.server.rpc.first-election.timeout.max = 5200ms (fallback to raft.server.rpc.timeout.max)
2023-07-13 06:11:12,526 [562e6811-3892-4bb8-8c1f-2833a6a2708d@group-F1FCC772349B-LeaderElection5-2] INFO  server.GrpcServerProtocolClient (GrpcServerProtocolClient.java:<init>(65)) - Build channel for 82b6249a-e03c-430a-993b-f8cc239713ce
2023-07-13 06:11:12,543 [d320ba6c-c03b-47af-a073-41dad91ccf26@group-E8F993469F13-LeaderElection6] INFO  impl.LeaderElection (LeaderElection.java:askForVotes(321)) - d320ba6c-c03b-47af-a073-41dad91ccf26@group-E8F993469F13-LeaderElection6 PRE_VOTE round 0: submit vote requests at term 0 for -1: peers:[d320ba6c-c03b-47af-a073-41dad91ccf26|rpc:10.1.0.28:15032|admin:10.1.0.28:15031|client:10.1.0.28:15030|dataStream:10.1.0.28:15033|priority:1|startupRole:FOLLOWER]|listeners:[], old=null
2023-07-13 06:11:12,552 [d320ba6c-c03b-47af-a073-41dad91ccf26@group-E8F993469F13-LeaderElection6] INFO  impl.LeaderElection (LeaderElection.java:askForVotes(323)) - d320ba6c-c03b-47af-a073-41dad91ccf26@group-E8F993469F13-LeaderElection6 PRE_VOTE round 0: result PASSED (term=0)
2023-07-13 06:11:12,543 [d320ba6c-c03b-47af-a073-41dad91ccf26@group-F1FCC772349B-LeaderElection7] INFO  impl.LeaderElection (LeaderElection.java:askForVotes(321)) - d320ba6c-c03b-47af-a073-41dad91ccf26@group-F1FCC772349B-LeaderElection7 PRE_VOTE round 0: submit vote requests at term 0 for -1: peers:[d320ba6c-c03b-47af-a073-41dad91ccf26|rpc:10.1.0.28:15032|admin:10.1.0.28:15031|client:10.1.0.28:15030|dataStream:10.1.0.28:15033|priority:0|startupRole:FOLLOWER, 82b6249a-e03c-430a-993b-f8cc239713ce|rpc:10.1.0.28:15014|admin:10.1.0.28:15013|client:10.1.0.28:15012|dataStream:10.1.0.28:15015|priority:0|startupRole:FOLLOWER, 562e6811-3892-4bb8-8c1f-2833a6a2708d|rpc:10.1.0.28:15023|admin:10.1.0.28:15022|client:10.1.0.28:15021|dataStream:10.1.0.28:15024|priority:1|startupRole:FOLLOWER]|listeners:[], old=null
2023-07-13 06:11:12,557 [d320ba6c-c03b-47af-a073-41dad91ccf26@group-E8F993469F13-LeaderElection6] INFO  impl.LeaderElection (LeaderElection.java:askForVotes(321)) - d320ba6c-c03b-47af-a073-41dad91ccf26@group-E8F993469F13-LeaderElection6 ELECTION round 0: submit vote requests at term 1 for -1: peers:[d320ba6c-c03b-47af-a073-41dad91ccf26|rpc:10.1.0.28:15032|admin:10.1.0.28:15031|client:10.1.0.28:15030|dataStream:10.1.0.28:15033|priority:1|startupRole:FOLLOWER]|listeners:[], old=null
2023-07-13 06:11:12,558 [d320ba6c-c03b-47af-a073-41dad91ccf26@group-E8F993469F13-LeaderElection6] INFO  impl.LeaderElection (LeaderElection.java:askForVotes(323)) - d320ba6c-c03b-47af-a073-41dad91ccf26@group-E8F993469F13-LeaderElection6 ELECTION round 0: result PASSED (term=1)
2023-07-13 06:11:12,558 [d320ba6c-c03b-47af-a073-41dad91ccf26@group-E8F993469F13-LeaderElection6] INFO  impl.RoleInfo (RoleInfo.java:shutdownLeaderElection(130)) - d320ba6c-c03b-47af-a073-41dad91ccf26: shutdown d320ba6c-c03b-47af-a073-41dad91ccf26@group-E8F993469F13-LeaderElection6
2023-07-13 06:11:12,558 [d320ba6c-c03b-47af-a073-41dad91ccf26@group-E8F993469F13-LeaderElection6] INFO  server.RaftServer$Division (RaftServerImpl.java:setRole(329)) - d320ba6c-c03b-47af-a073-41dad91ccf26@group-E8F993469F13: changes role from CANDIDATE to LEADER at term 1 for changeToLeader
2023-07-13 06:11:12,558 [d320ba6c-c03b-47af-a073-41dad91ccf26@group-E8F993469F13-LeaderElection6] INFO  ratis.XceiverServerRatis (XceiverServerRatis.java:handleLeaderChangedNotification(902)) - Leader change notification received for group: group-E8F993469F13 with new leaderId: d320ba6c-c03b-47af-a073-41dad91ccf26
2023-07-13 06:11:12,564 [d320ba6c-c03b-47af-a073-41dad91ccf26@group-F1FCC772349B-LeaderElection7-1] INFO  server.GrpcServerProtocolClient (GrpcServerProtocolClient.java:<init>(65)) - Build channel for 82b6249a-e03c-430a-993b-f8cc239713ce
2023-07-13 06:11:12,566 [d320ba6c-c03b-47af-a073-41dad91ccf26@group-F1FCC772349B-LeaderElection7] INFO  server.RaftServerConfigKeys (ConfUtils.java:logFallback(53)) - raft.server.rpc.first-election.timeout.min = 5s (fallback to raft.server.rpc.timeout.min)
2023-07-13 06:11:12,567 [d320ba6c-c03b-47af-a073-41dad91ccf26@group-F1FCC772349B-LeaderElection7] INFO  server.RaftServerConfigKeys (ConfUtils.java:logFallback(53)) - raft.server.rpc.first-election.timeout.max = 5200ms (fallback to raft.server.rpc.timeout.max)
2023-07-13 06:11:12,567 [d320ba6c-c03b-47af-a073-41dad91ccf26@group-E8F993469F13-LeaderElection6] INFO  server.RaftServer$Division (ServerState.java:setLeader(317)) - d320ba6c-c03b-47af-a073-41dad91ccf26@group-E8F993469F13: change Leader from null to d320ba6c-c03b-47af-a073-41dad91ccf26 at term 1 for becomeLeader, leader elected after 5254ms
2023-07-13 06:11:12,567 [d320ba6c-c03b-47af-a073-41dad91ccf26@group-E8F993469F13-LeaderElection6] INFO  server.RaftServerConfigKeys (ConfUtils.java:logGet(46)) - raft.server.staging.catchup.gap = 1000 (default)
2023-07-13 06:11:12,567 [d320ba6c-c03b-47af-a073-41dad91ccf26@group-E8F993469F13-LeaderElection6] INFO  server.RaftServerConfigKeys (ConfUtils.java:logGet(46)) - raft.server.write.element-limit = 1024 (custom)
2023-07-13 06:11:12,567 [d320ba6c-c03b-47af-a073-41dad91ccf26@group-E8F993469F13-LeaderElection6] INFO  server.RaftServerConfigKeys (ConfUtils.java:logGet(46)) - raft.server.write.byte-limit = 1024 M (=1073741824) (custom)
2023-07-13 06:11:12,568 [d320ba6c-c03b-47af-a073-41dad91ccf26@group-E8F993469F13-LeaderElection6] INFO  server.RaftServerConfigKeys (ConfUtils.java:logGet(46)) - raft.server.watch.timeout = 180s (custom)
2023-07-13 06:11:12,568 [d320ba6c-c03b-47af-a073-41dad91ccf26@group-E8F993469F13-LeaderElection6] INFO  server.RaftServerConfigKeys (ConfUtils.java:logGet(46)) - raft.server.watch.timeout.denomination = 1s (default)
2023-07-13 06:11:12,568 [d320ba6c-c03b-47af-a073-41dad91ccf26@group-E8F993469F13-LeaderElection6] INFO  server.RaftServerConfigKeys (ConfUtils.java:logGet(46)) - raft.server.watch.element-limit = 65536 (default)
2023-07-13 06:11:12,568 [d320ba6c-c03b-47af-a073-41dad91ccf26@group-E8F993469F13-LeaderElection6] INFO  server.RaftServerConfigKeys (ConfUtils.java:logGet(46)) - raft.server.write.element-limit = 1024 (custom)
2023-07-13 06:11:12,568 [d320ba6c-c03b-47af-a073-41dad91ccf26@group-E8F993469F13-LeaderElection6] INFO  server.RaftServerConfigKeys (ConfUtils.java:logGet(46)) - raft.server.write.follower.gap.ratio.max = -1.0 (default)
2023-07-13 06:11:12,568 [d320ba6c-c03b-47af-a073-41dad91ccf26@group-E8F993469F13-LeaderElection6] INFO  impl.RoleInfo (RoleInfo.java:updateAndGet(139)) - d320ba6c-c03b-47af-a073-41dad91ccf26: start d320ba6c-c03b-47af-a073-41dad91ccf26@group-E8F993469F13-LeaderStateImpl
2023-07-13 06:11:12,568 [d320ba6c-c03b-47af-a073-41dad91ccf26@group-E8F993469F13-LeaderElection6] INFO  segmented.SegmentedRaftLogWorker (SegmentedRaftLogWorker.java:startLogSegment(447)) - d320ba6c-c03b-47af-a073-41dad91ccf26@group-E8F993469F13-SegmentedRaftLogWorker: Starting segment from index:0
2023-07-13 06:11:12,573 [d320ba6c-c03b-47af-a073-41dad91ccf26@group-E8F993469F13-SegmentedRaftLogWorker] INFO  segmented.SegmentedRaftLogWorker (SegmentedRaftLogWorker.java:execute(651)) - d320ba6c-c03b-47af-a073-41dad91ccf26@group-E8F993469F13-SegmentedRaftLogWorker: created new log segment /home/runner/work/ozone/ozone/hadoop-ozone/integration-test/target/test-dir/MiniOzoneClusterImpl-40c29f8c-30b3-4208-9c4d-d76d276bda5b/datanode-2/data/ratis/9afc47fa-bb5a-4396-88ff-e8f993469f13/current/log_inprogress_0
2023-07-13 06:11:12,577 [d320ba6c-c03b-47af-a073-41dad91ccf26@group-F1FCC772349B-LeaderElection7-2] INFO  server.GrpcServerProtocolClient (GrpcServerProtocolClient.java:<init>(65)) - Build channel for 562e6811-3892-4bb8-8c1f-2833a6a2708d
2023-07-13 06:11:12,590 [grpc-default-executor-2] INFO  server.RaftServer$Division (RaftServerImpl.java:requestVote(1302)) - d320ba6c-c03b-47af-a073-41dad91ccf26@group-F1FCC772349B: receive requestVote(PRE_VOTE, 562e6811-3892-4bb8-8c1f-2833a6a2708d, group-F1FCC772349B, 0, (t:0, i:0))
2023-07-13 06:11:12,590 [grpc-default-executor-2] INFO  impl.VoteContext (VoteContext.java:log(49)) - d320ba6c-c03b-47af-a073-41dad91ccf26@group-F1FCC772349B-CANDIDATE: accept PRE_VOTE from 562e6811-3892-4bb8-8c1f-2833a6a2708d: our priority 0 <= candidate's priority 1
2023-07-13 06:11:12,590 [grpc-default-executor-2] INFO  server.RaftServer$Division (RaftServerImpl.java:requestVote(1335)) - d320ba6c-c03b-47af-a073-41dad91ccf26@group-F1FCC772349B replies to PRE_VOTE vote request: 562e6811-3892-4bb8-8c1f-2833a6a2708d<-d320ba6c-c03b-47af-a073-41dad91ccf26#0:OK-t0. Peer's state: d320ba6c-c03b-47af-a073-41dad91ccf26@group-F1FCC772349B:t0, leader=null, voted=, raftlog=Memoized:d320ba6c-c03b-47af-a073-41dad91ccf26@group-F1FCC772349B-SegmentedRaftLog:OPENED:c-1, conf=-1: peers:[d320ba6c-c03b-47af-a073-41dad91ccf26|rpc:10.1.0.28:15032|admin:10.1.0.28:15031|client:10.1.0.28:15030|dataStream:10.1.0.28:15033|priority:0|startupRole:FOLLOWER, 82b6249a-e03c-430a-993b-f8cc239713ce|rpc:10.1.0.28:15014|admin:10.1.0.28:15013|client:10.1.0.28:15012|dataStream:10.1.0.28:15015|priority:0|startupRole:FOLLOWER, 562e6811-3892-4bb8-8c1f-2833a6a2708d|rpc:10.1.0.28:15023|admin:10.1.0.28:15022|client:10.1.0.28:15021|dataStream:10.1.0.28:15024|priority:1|startupRole:FOLLOWER]|listeners:[], old=null
2023-07-13 06:11:12,591 [d320ba6c-c03b-47af-a073-41dad91ccf26@group-E8F993469F13-LeaderElection6] INFO  server.RaftServer$Division (ServerState.java:setRaftConf(434)) - d320ba6c-c03b-47af-a073-41dad91ccf26@group-E8F993469F13: set configuration 0: peers:[d320ba6c-c03b-47af-a073-41dad91ccf26|rpc:10.1.0.28:15032|admin:10.1.0.28:15031|client:10.1.0.28:15030|dataStream:10.1.0.28:15033|priority:1|startupRole:FOLLOWER]|listeners:[], old=null
2023-07-13 06:11:12,596 [grpc-default-executor-3] INFO  server.RaftServer$Division (RaftServerImpl.java:requestVote(1302)) - 82b6249a-e03c-430a-993b-f8cc239713ce@group-F1FCC772349B: receive requestVote(PRE_VOTE, 562e6811-3892-4bb8-8c1f-2833a6a2708d, group-F1FCC772349B, 0, (t:0, i:0))
2023-07-13 06:11:12,597 [grpc-default-executor-3] INFO  impl.VoteContext (VoteContext.java:log(49)) - 82b6249a-e03c-430a-993b-f8cc239713ce@group-F1FCC772349B-FOLLOWER: accept PRE_VOTE from 562e6811-3892-4bb8-8c1f-2833a6a2708d: our priority 0 <= candidate's priority 1
2023-07-13 06:11:12,597 [grpc-default-executor-3] INFO  server.RaftServer$Division (RaftServerImpl.java:requestVote(1335)) - 82b6249a-e03c-430a-993b-f8cc239713ce@group-F1FCC772349B replies to PRE_VOTE vote request: 562e6811-3892-4bb8-8c1f-2833a6a2708d<-82b6249a-e03c-430a-993b-f8cc239713ce#0:OK-t0. Peer's state: 82b6249a-e03c-430a-993b-f8cc239713ce@group-F1FCC772349B:t0, leader=null, voted=, raftlog=Memoized:82b6249a-e03c-430a-993b-f8cc239713ce@group-F1FCC772349B-SegmentedRaftLog:OPENED:c-1, conf=-1: peers:[d320ba6c-c03b-47af-a073-41dad91ccf26|rpc:10.1.0.28:15032|admin:10.1.0.28:15031|client:10.1.0.28:15030|dataStream:10.1.0.28:15033|priority:0|startupRole:FOLLOWER, 82b6249a-e03c-430a-993b-f8cc239713ce|rpc:10.1.0.28:15014|admin:10.1.0.28:15013|client:10.1.0.28:15012|dataStream:10.1.0.28:15015|priority:0|startupRole:FOLLOWER, 562e6811-3892-4bb8-8c1f-2833a6a2708d|rpc:10.1.0.28:15023|admin:10.1.0.28:15022|client:10.1.0.28:15021|dataStream:10.1.0.28:15024|priority:1|startupRole:FOLLOWER]|listeners:[], old=null
2023-07-13 06:11:12,600 [562e6811-3892-4bb8-8c1f-2833a6a2708d@group-F1FCC772349B-LeaderElection5] INFO  impl.LeaderElection (LeaderElection.java:logAndReturn(90)) - 562e6811-3892-4bb8-8c1f-2833a6a2708d@group-F1FCC772349B-LeaderElection5: PRE_VOTE PASSED received 1 response(s) and 0 exception(s):
2023-07-13 06:11:12,600 [562e6811-3892-4bb8-8c1f-2833a6a2708d@group-F1FCC772349B-LeaderElection5] INFO  impl.LeaderElection (LeaderElection.java:logAndReturn(94)) -   Response 0: 562e6811-3892-4bb8-8c1f-2833a6a2708d<-d320ba6c-c03b-47af-a073-41dad91ccf26#0:OK-t0
2023-07-13 06:11:12,600 [562e6811-3892-4bb8-8c1f-2833a6a2708d@group-F1FCC772349B-LeaderElection5] INFO  impl.LeaderElection (LeaderElection.java:askForVotes(323)) - 562e6811-3892-4bb8-8c1f-2833a6a2708d@group-F1FCC772349B-LeaderElection5 PRE_VOTE round 0: result PASSED
2023-07-13 06:11:12,604 [562e6811-3892-4bb8-8c1f-2833a6a2708d@group-F1FCC772349B-LeaderElection5] INFO  impl.LeaderElection (LeaderElection.java:askForVotes(321)) - 562e6811-3892-4bb8-8c1f-2833a6a2708d@group-F1FCC772349B-LeaderElection5 ELECTION round 0: submit vote requests at term 1 for -1: peers:[d320ba6c-c03b-47af-a073-41dad91ccf26|rpc:10.1.0.28:15032|admin:10.1.0.28:15031|client:10.1.0.28:15030|dataStream:10.1.0.28:15033|priority:0|startupRole:FOLLOWER, 82b6249a-e03c-430a-993b-f8cc239713ce|rpc:10.1.0.28:15014|admin:10.1.0.28:15013|client:10.1.0.28:15012|dataStream:10.1.0.28:15015|priority:0|startupRole:FOLLOWER, 562e6811-3892-4bb8-8c1f-2833a6a2708d|rpc:10.1.0.28:15023|admin:10.1.0.28:15022|client:10.1.0.28:15021|dataStream:10.1.0.28:15024|priority:1|startupRole:FOLLOWER]|listeners:[], old=null
2023-07-13 06:11:12,613 [562e6811-3892-4bb8-8c1f-2833a6a2708d@group-F1FCC772349B-LeaderElection5] INFO  server.RaftServerConfigKeys (ConfUtils.java:logFallback(53)) - raft.server.rpc.first-election.timeout.min = 5s (fallback to raft.server.rpc.timeout.min)
2023-07-13 06:11:12,613 [562e6811-3892-4bb8-8c1f-2833a6a2708d@group-F1FCC772349B-LeaderElection5] INFO  server.RaftServerConfigKeys (ConfUtils.java:logFallback(53)) - raft.server.rpc.first-election.timeout.max = 5200ms (fallback to raft.server.rpc.timeout.max)
2023-07-13 06:11:12,616 [82b6249a-e03c-430a-993b-f8cc239713ce@group-F1FCC772349B-FollowerState] INFO  server.RaftServerConfigKeys (ConfUtils.java:logFallback(53)) - raft.server.rpc.first-election.timeout.min = 5s (fallback to raft.server.rpc.timeout.min)
2023-07-13 06:11:12,616 [82b6249a-e03c-430a-993b-f8cc239713ce@group-F1FCC772349B-FollowerState] INFO  server.RaftServerConfigKeys (ConfUtils.java:logFallback(53)) - raft.server.rpc.first-election.timeout.max = 5200ms (fallback to raft.server.rpc.timeout.max)
2023-07-13 06:11:12,616 [grpc-default-executor-2] INFO  server.RaftServer$Division (RaftServerImpl.java:requestVote(1302)) - 82b6249a-e03c-430a-993b-f8cc239713ce@group-F1FCC772349B: receive requestVote(PRE_VOTE, d320ba6c-c03b-47af-a073-41dad91ccf26, group-F1FCC772349B, 0, (t:0, i:0))
2023-07-13 06:11:12,616 [grpc-default-executor-2] INFO  impl.VoteContext (VoteContext.java:log(49)) - 82b6249a-e03c-430a-993b-f8cc239713ce@group-F1FCC772349B-FOLLOWER: accept PRE_VOTE from d320ba6c-c03b-47af-a073-41dad91ccf26: our priority 0 <= candidate's priority 0
2023-07-13 06:11:12,616 [grpc-default-executor-2] INFO  server.RaftServer$Division (RaftServerImpl.java:requestVote(1335)) - 82b6249a-e03c-430a-993b-f8cc239713ce@group-F1FCC772349B replies to PRE_VOTE vote request: d320ba6c-c03b-47af-a073-41dad91ccf26<-82b6249a-e03c-430a-993b-f8cc239713ce#0:OK-t0. Peer's state: 82b6249a-e03c-430a-993b-f8cc239713ce@group-F1FCC772349B:t0, leader=null, voted=, raftlog=Memoized:82b6249a-e03c-430a-993b-f8cc239713ce@group-F1FCC772349B-SegmentedRaftLog:OPENED:c-1, conf=-1: peers:[d320ba6c-c03b-47af-a073-41dad91ccf26|rpc:10.1.0.28:15032|admin:10.1.0.28:15031|client:10.1.0.28:15030|dataStream:10.1.0.28:15033|priority:0|startupRole:FOLLOWER, 82b6249a-e03c-430a-993b-f8cc239713ce|rpc:10.1.0.28:15014|admin:10.1.0.28:15013|client:10.1.0.28:15012|dataStream:10.1.0.28:15015|priority:0|startupRole:FOLLOWER, 562e6811-3892-4bb8-8c1f-2833a6a2708d|rpc:10.1.0.28:15023|admin:10.1.0.28:15022|client:10.1.0.28:15021|dataStream:10.1.0.28:15024|priority:1|startupRole:FOLLOWER]|listeners:[], old=null
2023-07-13 06:11:12,617 [grpc-default-executor-3] INFO  server.RaftServer$Division (RaftServerImpl.java:requestVote(1302)) - 562e6811-3892-4bb8-8c1f-2833a6a2708d@group-F1FCC772349B: receive requestVote(PRE_VOTE, d320ba6c-c03b-47af-a073-41dad91ccf26, group-F1FCC772349B, 0, (t:0, i:0))
2023-07-13 06:11:12,617 [grpc-default-executor-3] INFO  impl.VoteContext (VoteContext.java:log(49)) - 562e6811-3892-4bb8-8c1f-2833a6a2708d@group-F1FCC772349B-CANDIDATE: reject PRE_VOTE from d320ba6c-c03b-47af-a073-41dad91ccf26: our priority 1 > candidate's priority 0
2023-07-13 06:11:12,617 [grpc-default-executor-3] INFO  server.RaftServer$Division (RaftServerImpl.java:requestVote(1335)) - 562e6811-3892-4bb8-8c1f-2833a6a2708d@group-F1FCC772349B replies to PRE_VOTE vote request: d320ba6c-c03b-47af-a073-41dad91ccf26<-562e6811-3892-4bb8-8c1f-2833a6a2708d#0:FAIL-t1. Peer's state: 562e6811-3892-4bb8-8c1f-2833a6a2708d@group-F1FCC772349B:t1, leader=null, voted=562e6811-3892-4bb8-8c1f-2833a6a2708d, raftlog=Memoized:562e6811-3892-4bb8-8c1f-2833a6a2708d@group-F1FCC772349B-SegmentedRaftLog:OPENED:c-1, conf=-1: peers:[d320ba6c-c03b-47af-a073-41dad91ccf26|rpc:10.1.0.28:15032|admin:10.1.0.28:15031|client:10.1.0.28:15030|dataStream:10.1.0.28:15033|priority:0|startupRole:FOLLOWER, 82b6249a-e03c-430a-993b-f8cc239713ce|rpc:10.1.0.28:15014|admin:10.1.0.28:15013|client:10.1.0.28:15012|dataStream:10.1.0.28:15015|priority:0|startupRole:FOLLOWER, 562e6811-3892-4bb8-8c1f-2833a6a2708d|rpc:10.1.0.28:15023|admin:10.1.0.28:15022|client:10.1.0.28:15021|dataStream:10.1.0.28:15024|priority:1|startupRole:FOLLOWER]|listeners:[], old=null
2023-07-13 06:11:12,618 [grpc-default-executor-4] INFO  server.RaftServer$Division (RaftServerImpl.java:requestVote(1302)) - d320ba6c-c03b-47af-a073-41dad91ccf26@group-F1FCC772349B: receive requestVote(ELECTION, 562e6811-3892-4bb8-8c1f-2833a6a2708d, group-F1FCC772349B, 1, (t:0, i:0))
2023-07-13 06:11:12,618 [grpc-default-executor-4] INFO  impl.VoteContext (VoteContext.java:log(49)) - d320ba6c-c03b-47af-a073-41dad91ccf26@group-F1FCC772349B-CANDIDATE: accept ELECTION from 562e6811-3892-4bb8-8c1f-2833a6a2708d: our priority 0 <= candidate's priority 1
2023-07-13 06:11:12,618 [grpc-default-executor-4] INFO  server.RaftServer$Division (RaftServerImpl.java:setRole(329)) - d320ba6c-c03b-47af-a073-41dad91ccf26@group-F1FCC772349B: changes role from CANDIDATE to FOLLOWER at term 1 for candidate:562e6811-3892-4bb8-8c1f-2833a6a2708d
2023-07-13 06:11:12,618 [grpc-default-executor-4] INFO  impl.RoleInfo (RoleInfo.java:shutdownLeaderElection(130)) - d320ba6c-c03b-47af-a073-41dad91ccf26: shutdown d320ba6c-c03b-47af-a073-41dad91ccf26@group-F1FCC772349B-LeaderElection7
2023-07-13 06:11:12,618 [grpc-default-executor-4] INFO  impl.RoleInfo (RoleInfo.java:updateAndGet(139)) - d320ba6c-c03b-47af-a073-41dad91ccf26: start d320ba6c-c03b-47af-a073-41dad91ccf26@group-F1FCC772349B-FollowerState
2023-07-13 06:11:12,624 [grpc-default-executor-4] INFO  server.RaftServer$Division (RaftServerImpl.java:requestVote(1335)) - d320ba6c-c03b-47af-a073-41dad91ccf26@group-F1FCC772349B replies to ELECTION vote request: 562e6811-3892-4bb8-8c1f-2833a6a2708d<-d320ba6c-c03b-47af-a073-41dad91ccf26#0:OK-t1. Peer's state: d320ba6c-c03b-47af-a073-41dad91ccf26@group-F1FCC772349B:t1, leader=null, voted=562e6811-3892-4bb8-8c1f-2833a6a2708d, raftlog=Memoized:d320ba6c-c03b-47af-a073-41dad91ccf26@group-F1FCC772349B-SegmentedRaftLog:OPENED:c-1, conf=-1: peers:[d320ba6c-c03b-47af-a073-41dad91ccf26|rpc:10.1.0.28:15032|admin:10.1.0.28:15031|client:10.1.0.28:15030|dataStream:10.1.0.28:15033|priority:0|startupRole:FOLLOWER, 82b6249a-e03c-430a-993b-f8cc239713ce|rpc:10.1.0.28:15014|admin:10.1.0.28:15013|client:10.1.0.28:15012|dataStream:10.1.0.28:15015|priority:0|startupRole:FOLLOWER, 562e6811-3892-4bb8-8c1f-2833a6a2708d|rpc:10.1.0.28:15023|admin:10.1.0.28:15022|client:10.1.0.28:15021|dataStream:10.1.0.28:15024|priority:1|startupRole:FOLLOWER]|listeners:[], old=null
2023-07-13 06:11:12,626 [562e6811-3892-4bb8-8c1f-2833a6a2708d@group-F1FCC772349B-LeaderElection5] INFO  impl.LeaderElection (LeaderElection.java:logAndReturn(90)) - 562e6811-3892-4bb8-8c1f-2833a6a2708d@group-F1FCC772349B-LeaderElection5: ELECTION PASSED received 1 response(s) and 0 exception(s):
2023-07-13 06:11:12,627 [562e6811-3892-4bb8-8c1f-2833a6a2708d@group-F1FCC772349B-LeaderElection5] INFO  impl.LeaderElection (LeaderElection.java:logAndReturn(94)) -   Response 0: 562e6811-3892-4bb8-8c1f-2833a6a2708d<-d320ba6c-c03b-47af-a073-41dad91ccf26#0:OK-t1
2023-07-13 06:11:12,627 [562e6811-3892-4bb8-8c1f-2833a6a2708d@group-F1FCC772349B-LeaderElection5] INFO  impl.LeaderElection (LeaderElection.java:askForVotes(323)) - 562e6811-3892-4bb8-8c1f-2833a6a2708d@group-F1FCC772349B-LeaderElection5 ELECTION round 0: result PASSED
2023-07-13 06:11:12,627 [562e6811-3892-4bb8-8c1f-2833a6a2708d@group-F1FCC772349B-LeaderElection5] INFO  impl.RoleInfo (RoleInfo.java:shutdownLeaderElection(130)) - 562e6811-3892-4bb8-8c1f-2833a6a2708d: shutdown 562e6811-3892-4bb8-8c1f-2833a6a2708d@group-F1FCC772349B-LeaderElection5
2023-07-13 06:11:12,627 [562e6811-3892-4bb8-8c1f-2833a6a2708d@group-F1FCC772349B-LeaderElection5] INFO  server.RaftServer$Division (RaftServerImpl.java:setRole(329)) - 562e6811-3892-4bb8-8c1f-2833a6a2708d@group-F1FCC772349B: changes role from CANDIDATE to LEADER at term 1 for changeToLeader
2023-07-13 06:11:12,628 [562e6811-3892-4bb8-8c1f-2833a6a2708d@group-F1FCC772349B-LeaderElection5] INFO  ratis.XceiverServerRatis (XceiverServerRatis.java:handleLeaderChangedNotification(902)) - Leader change notification received for group: group-F1FCC772349B with new leaderId: 562e6811-3892-4bb8-8c1f-2833a6a2708d
2023-07-13 06:11:12,628 [d320ba6c-c03b-47af-a073-41dad91ccf26@group-F1FCC772349B-LeaderElection7] INFO  impl.LeaderElection (LeaderElection.java:logAndReturn(90)) - d320ba6c-c03b-47af-a073-41dad91ccf26@group-F1FCC772349B-LeaderElection7: PRE_VOTE DISCOVERED_A_NEW_TERM (term=1) received 1 response(s) and 0 exception(s):
2023-07-13 06:11:12,628 [d320ba6c-c03b-47af-a073-41dad91ccf26@group-F1FCC772349B-LeaderElection7] INFO  impl.LeaderElection (LeaderElection.java:logAndReturn(94)) -   Response 0: d320ba6c-c03b-47af-a073-41dad91ccf26<-562e6811-3892-4bb8-8c1f-2833a6a2708d#0:FAIL-t1
2023-07-13 06:11:12,628 [d320ba6c-c03b-47af-a073-41dad91ccf26@group-F1FCC772349B-LeaderElection7] INFO  impl.LeaderElection (LeaderElection.java:askForVotes(323)) - d320ba6c-c03b-47af-a073-41dad91ccf26@group-F1FCC772349B-LeaderElection7 PRE_VOTE round 0: result DISCOVERED_A_NEW_TERM (term=1)
2023-07-13 06:11:12,628 [562e6811-3892-4bb8-8c1f-2833a6a2708d@group-F1FCC772349B-LeaderElection5] INFO  server.RaftServer$Division (ServerState.java:setLeader(317)) - 562e6811-3892-4bb8-8c1f-2833a6a2708d@group-F1FCC772349B: change Leader from null to 562e6811-3892-4bb8-8c1f-2833a6a2708d at term 1 for becomeLeader, leader elected after 5279ms
2023-07-13 06:11:12,630 [562e6811-3892-4bb8-8c1f-2833a6a2708d@group-F1FCC772349B-LeaderElection5] INFO  server.RaftServerConfigKeys (ConfUtils.java:logGet(46)) - raft.server.staging.catchup.gap = 1000 (default)
2023-07-13 06:11:12,630 [562e6811-3892-4bb8-8c1f-2833a6a2708d@group-F1FCC772349B-LeaderElection5] INFO  server.RaftServerConfigKeys (ConfUtils.java:logGet(46)) - raft.server.write.element-limit = 1024 (custom)
2023-07-13 06:11:12,630 [562e6811-3892-4bb8-8c1f-2833a6a2708d@group-F1FCC772349B-LeaderElection5] INFO  server.RaftServerConfigKeys (ConfUtils.java:logGet(46)) - raft.server.write.byte-limit = 1024 M (=1073741824) (custom)
2023-07-13 06:11:12,630 [562e6811-3892-4bb8-8c1f-2833a6a2708d@group-F1FCC772349B-LeaderElection5] INFO  server.RaftServerConfigKeys (ConfUtils.java:logGet(46)) - raft.server.watch.timeout = 180s (custom)
2023-07-13 06:11:12,630 [562e6811-3892-4bb8-8c1f-2833a6a2708d@group-F1FCC772349B-LeaderElection5] INFO  server.RaftServerConfigKeys (ConfUtils.java:logGet(46)) - raft.server.watch.timeout.denomination = 1s (default)
2023-07-13 06:11:12,631 [562e6811-3892-4bb8-8c1f-2833a6a2708d@group-F1FCC772349B-LeaderElection5] INFO  server.RaftServerConfigKeys (ConfUtils.java:logGet(46)) - raft.server.watch.element-limit = 65536 (default)
2023-07-13 06:11:12,631 [562e6811-3892-4bb8-8c1f-2833a6a2708d@group-F1FCC772349B-LeaderElection5] INFO  server.RaftServerConfigKeys (ConfUtils.java:logGet(46)) - raft.server.write.element-limit = 1024 (custom)
2023-07-13 06:11:12,631 [562e6811-3892-4bb8-8c1f-2833a6a2708d@group-F1FCC772349B-LeaderElection5] INFO  server.RaftServerConfigKeys (ConfUtils.java:logGet(46)) - raft.server.write.follower.gap.ratio.max = -1.0 (default)
2023-07-13 06:11:12,632 [562e6811-3892-4bb8-8c1f-2833a6a2708d@group-F1FCC772349B-LeaderElection5] INFO  server.RaftServerConfigKeys (ConfUtils.java:logGet(46)) - raft.server.log.appender.snapshot.chunk.size.max = 16MB (=16777216) (default)
2023-07-13 06:11:12,638 [562e6811-3892-4bb8-8c1f-2833a6a2708d@group-F1FCC772349B-LeaderElection5] INFO  server.RaftServerConfigKeys (ConfUtils.java:logGet(46)) - raft.server.log.appender.buffer.byte-limit = 33554432 (custom)
2023-07-13 06:11:12,638 [562e6811-3892-4bb8-8c1f-2833a6a2708d@group-F1FCC772349B-LeaderElection5] INFO  server.RaftServerConfigKeys (ConfUtils.java:logGet(46)) - raft.server.log.appender.buffer.element-limit = 1 (custom)
2023-07-13 06:11:12,639 [562e6811-3892-4bb8-8c1f-2833a6a2708d@group-F1FCC772349B-LeaderElection5] INFO  server.RaftServerConfigKeys (ConfUtils.java:logGet(46)) - raft.server.log.appender.wait-time.min = 10ms (default)
2023-07-13 06:11:12,639 [562e6811-3892-4bb8-8c1f-2833a6a2708d@group-F1FCC772349B-LeaderElection5] INFO  grpc.GrpcConfigKeys (ConfUtils.java:logGet(46)) - raft.grpc.server.leader.outstanding.appends.max = 128 (default)
2023-07-13 06:11:12,639 [562e6811-3892-4bb8-8c1f-2833a6a2708d@group-F1FCC772349B-LeaderElection5] INFO  server.RaftServerConfigKeys (ConfUtils.java:logGet(46)) - raft.server.rpc.request.timeout = 60s (custom)
2023-07-13 06:11:12,639 [562e6811-3892-4bb8-8c1f-2833a6a2708d@group-F1FCC772349B-LeaderElection5] INFO  grpc.GrpcConfigKeys (ConfUtils.java:logGet(46)) - raft.grpc.server.install_snapshot.request.element-limit = 8 (default)
2023-07-13 06:11:12,639 [562e6811-3892-4bb8-8c1f-2833a6a2708d@group-F1FCC772349B-LeaderElection5] INFO  grpc.GrpcConfigKeys (ConfUtils.java:logGet(46)) - raft.grpc.server.install_snapshot.request.timeout = 3000ms (default)
2023-07-13 06:11:12,639 [562e6811-3892-4bb8-8c1f-2833a6a2708d@group-F1FCC772349B-LeaderElection5] INFO  server.RaftServerConfigKeys (ConfUtils.java:logGet(46)) - raft.server.log.appender.install.snapshot.enabled = false (custom)
2023-07-13 06:11:12,639 [562e6811-3892-4bb8-8c1f-2833a6a2708d@group-F1FCC772349B-LeaderElection5] INFO  grpc.GrpcConfigKeys (ConfUtils.java:logGet(46)) - raft.grpc.server.heartbeat.channel = true (default)
2023-07-13 06:11:12,640 [562e6811-3892-4bb8-8c1f-2833a6a2708d@group-F1FCC772349B-LeaderElection5] INFO  server.RaftServerConfigKeys (ConfUtils.java:logGet(46)) - raft.server.log.appender.snapshot.chunk.size.max = 16MB (=16777216) (default)
2023-07-13 06:11:12,640 [562e6811-3892-4bb8-8c1f-2833a6a2708d@group-F1FCC772349B-LeaderElection5] INFO  server.RaftServerConfigKeys (ConfUtils.java:logGet(46)) - raft.server.log.appender.buffer.byte-limit = 33554432 (custom)
2023-07-13 06:11:12,640 [562e6811-3892-4bb8-8c1f-2833a6a2708d@group-F1FCC772349B-LeaderElection5] INFO  server.RaftServerConfigKeys (ConfUtils.java:logGet(46)) - raft.server.log.appender.buffer.element-limit = 1 (custom)
2023-07-13 06:11:12,640 [562e6811-3892-4bb8-8c1f-2833a6a2708d@group-F1FCC772349B-LeaderElection5] INFO  server.RaftServerConfigKeys (ConfUtils.java:logGet(46)) - raft.server.log.appender.wait-time.min = 10ms (default)
2023-07-13 06:11:12,640 [562e6811-3892-4bb8-8c1f-2833a6a2708d@group-F1FCC772349B-LeaderElection5] INFO  grpc.GrpcConfigKeys (ConfUtils.java:logGet(46)) - raft.grpc.server.leader.outstanding.appends.max = 128 (default)
2023-07-13 06:11:12,641 [562e6811-3892-4bb8-8c1f-2833a6a2708d@group-F1FCC772349B-LeaderElection5] INFO  server.RaftServerConfigKeys (ConfUtils.java:logGet(46)) - raft.server.rpc.request.timeout = 60s (custom)
2023-07-13 06:11:12,641 [562e6811-3892-4bb8-8c1f-2833a6a2708d@group-F1FCC772349B-LeaderElection5] INFO  grpc.GrpcConfigKeys (ConfUtils.java:logGet(46)) - raft.grpc.server.install_snapshot.request.element-limit = 8 (default)
2023-07-13 06:11:12,641 [562e6811-3892-4bb8-8c1f-2833a6a2708d@group-F1FCC772349B-LeaderElection5] INFO  grpc.GrpcConfigKeys (ConfUtils.java:logGet(46)) - raft.grpc.server.install_snapshot.request.timeout = 3000ms (default)
2023-07-13 06:11:12,641 [562e6811-3892-4bb8-8c1f-2833a6a2708d@group-F1FCC772349B-LeaderElection5] INFO  server.RaftServerConfigKeys (ConfUtils.java:logGet(46)) - raft.server.log.appender.install.snapshot.enabled = false (custom)
2023-07-13 06:11:12,641 [562e6811-3892-4bb8-8c1f-2833a6a2708d@group-F1FCC772349B-LeaderElection5] INFO  grpc.GrpcConfigKeys (ConfUtils.java:logGet(46)) - raft.grpc.server.heartbeat.channel = true (default)
2023-07-13 06:11:12,641 [562e6811-3892-4bb8-8c1f-2833a6a2708d@group-F1FCC772349B-LeaderElection5] INFO  impl.RoleInfo (RoleInfo.java:updateAndGet(139)) - 562e6811-3892-4bb8-8c1f-2833a6a2708d: start 562e6811-3892-4bb8-8c1f-2833a6a2708d@group-F1FCC772349B-LeaderStateImpl
2023-07-13 06:11:12,642 [562e6811-3892-4bb8-8c1f-2833a6a2708d@group-F1FCC772349B-LeaderElection5] INFO  segmented.SegmentedRaftLogWorker (SegmentedRaftLogWorker.java:startLogSegment(447)) - 562e6811-3892-4bb8-8c1f-2833a6a2708d@group-F1FCC772349B-SegmentedRaftLogWorker: Starting segment from index:0
2023-07-13 06:11:12,643 [EventQueue-PipelineReportForPipelineReportHandler] INFO  pipeline.PipelineReportHandler (PipelineReportHandler.java:processPipelineReport(136)) - Opened pipeline PipelineID=af39817d-4a8d-4188-bd56-f1fcc772349b
2023-07-13 06:11:12,643 [grpc-default-executor-4] INFO  server.RaftServer$Division (RaftServerImpl.java:requestVote(1302)) - 82b6249a-e03c-430a-993b-f8cc239713ce@group-F1FCC772349B: receive requestVote(ELECTION, 562e6811-3892-4bb8-8c1f-2833a6a2708d, group-F1FCC772349B, 1, (t:0, i:0))
2023-07-13 06:11:12,645 [grpc-default-executor-4] INFO  impl.VoteContext (VoteContext.java:log(49)) - 82b6249a-e03c-430a-993b-f8cc239713ce@group-F1FCC772349B-FOLLOWER: accept ELECTION from 562e6811-3892-4bb8-8c1f-2833a6a2708d: our priority 0 <= candidate's priority 1
2023-07-13 06:11:12,645 [grpc-default-executor-4] INFO  server.RaftServer$Division (RaftServerImpl.java:setRole(329)) - 82b6249a-e03c-430a-993b-f8cc239713ce@group-F1FCC772349B: changes role from  FOLLOWER to FOLLOWER at term 1 for candidate:562e6811-3892-4bb8-8c1f-2833a6a2708d
2023-07-13 06:11:12,645 [grpc-default-executor-4] INFO  impl.RoleInfo (RoleInfo.java:shutdownFollowerState(110)) - 82b6249a-e03c-430a-993b-f8cc239713ce: shutdown 82b6249a-e03c-430a-993b-f8cc239713ce@group-F1FCC772349B-FollowerState
2023-07-13 06:11:12,645 [82b6249a-e03c-430a-993b-f8cc239713ce@group-F1FCC772349B-FollowerState] INFO  impl.FollowerState (FollowerState.java:run(152)) - 82b6249a-e03c-430a-993b-f8cc239713ce@group-F1FCC772349B-FollowerState was interrupted
2023-07-13 06:11:12,647 [grpc-default-executor-4] INFO  impl.RoleInfo (RoleInfo.java:updateAndGet(139)) - 82b6249a-e03c-430a-993b-f8cc239713ce: start 82b6249a-e03c-430a-993b-f8cc239713ce@group-F1FCC772349B-FollowerState
2023-07-13 06:11:12,648 [562e6811-3892-4bb8-8c1f-2833a6a2708d@group-F1FCC772349B-SegmentedRaftLogWorker] INFO  segmented.SegmentedRaftLogWorker (SegmentedRaftLogWorker.java:execute(651)) - 562e6811-3892-4bb8-8c1f-2833a6a2708d@group-F1FCC772349B-SegmentedRaftLogWorker: created new log segment /home/runner/work/ozone/ozone/hadoop-ozone/integration-test/target/test-dir/MiniOzoneClusterImpl-40c29f8c-30b3-4208-9c4d-d76d276bda5b/datanode-1/data/ratis/af39817d-4a8d-4188-bd56-f1fcc772349b/current/log_inprogress_0
2023-07-13 06:11:12,652 [grpc-default-executor-4] INFO  server.RaftServer$Division (RaftServerImpl.java:requestVote(1335)) - 82b6249a-e03c-430a-993b-f8cc239713ce@group-F1FCC772349B replies to ELECTION vote request: 562e6811-3892-4bb8-8c1f-2833a6a2708d<-82b6249a-e03c-430a-993b-f8cc239713ce#0:OK-t1. Peer's state: 82b6249a-e03c-430a-993b-f8cc239713ce@group-F1FCC772349B:t1, leader=null, voted=562e6811-3892-4bb8-8c1f-2833a6a2708d, raftlog=Memoized:82b6249a-e03c-430a-993b-f8cc239713ce@group-F1FCC772349B-SegmentedRaftLog:OPENED:c-1, conf=-1: peers:[d320ba6c-c03b-47af-a073-41dad91ccf26|rpc:10.1.0.28:15032|admin:10.1.0.28:15031|client:10.1.0.28:15030|dataStream:10.1.0.28:15033|priority:0|startupRole:FOLLOWER, 82b6249a-e03c-430a-993b-f8cc239713ce|rpc:10.1.0.28:15014|admin:10.1.0.28:15013|client:10.1.0.28:15012|dataStream:10.1.0.28:15015|priority:0|startupRole:FOLLOWER, 562e6811-3892-4bb8-8c1f-2833a6a2708d|rpc:10.1.0.28:15023|admin:10.1.0.28:15022|client:10.1.0.28:15021|dataStream:10.1.0.28:15024|priority:1|startupRole:FOLLOWER]|listeners:[], old=null
2023-07-13 06:11:12,675 [562e6811-3892-4bb8-8c1f-2833a6a2708d@group-F1FCC772349B-LeaderElection5] INFO  server.RaftServer$Division (ServerState.java:setRaftConf(434)) - 562e6811-3892-4bb8-8c1f-2833a6a2708d@group-F1FCC772349B: set configuration 0: peers:[d320ba6c-c03b-47af-a073-41dad91ccf26|rpc:10.1.0.28:15032|admin:10.1.0.28:15031|client:10.1.0.28:15030|dataStream:10.1.0.28:15033|priority:0|startupRole:FOLLOWER, 82b6249a-e03c-430a-993b-f8cc239713ce|rpc:10.1.0.28:15014|admin:10.1.0.28:15013|client:10.1.0.28:15012|dataStream:10.1.0.28:15015|priority:0|startupRole:FOLLOWER, 562e6811-3892-4bb8-8c1f-2833a6a2708d|rpc:10.1.0.28:15023|admin:10.1.0.28:15022|client:10.1.0.28:15021|dataStream:10.1.0.28:15024|priority:1|startupRole:FOLLOWER]|listeners:[], old=null
2023-07-13 06:11:12,697 [d320ba6c-c03b-47af-a073-41dad91ccf26-server-thread2] INFO  ratis.XceiverServerRatis (XceiverServerRatis.java:handleLeaderChangedNotification(902)) - Leader change notification received for group: group-F1FCC772349B with new leaderId: 562e6811-3892-4bb8-8c1f-2833a6a2708d
2023-07-13 06:11:12,697 [d320ba6c-c03b-47af-a073-41dad91ccf26-server-thread2] INFO  server.RaftServer$Division (ServerState.java:setLeader(317)) - d320ba6c-c03b-47af-a073-41dad91ccf26@group-F1FCC772349B: change Leader from null to 562e6811-3892-4bb8-8c1f-2833a6a2708d at term 1 for appendEntries, leader elected after 5308ms
2023-07-13 06:11:12,706 [82b6249a-e03c-430a-993b-f8cc239713ce-server-thread2] INFO  ratis.XceiverServerRatis (XceiverServerRatis.java:handleLeaderChangedNotification(902)) - Leader change notification received for group: group-F1FCC772349B with new leaderId: 562e6811-3892-4bb8-8c1f-2833a6a2708d
2023-07-13 06:11:12,706 [82b6249a-e03c-430a-993b-f8cc239713ce-server-thread2] INFO  server.RaftServer$Division (ServerState.java:setLeader(317)) - 82b6249a-e03c-430a-993b-f8cc239713ce@group-F1FCC772349B: change Leader from null to 562e6811-3892-4bb8-8c1f-2833a6a2708d at term 1 for appendEntries, leader elected after 5348ms
2023-07-13 06:11:12,710 [d320ba6c-c03b-47af-a073-41dad91ccf26-server-thread1] INFO  server.RaftServer$Division (ServerState.java:setRaftConf(434)) - d320ba6c-c03b-47af-a073-41dad91ccf26@group-F1FCC772349B: set configuration 0: peers:[d320ba6c-c03b-47af-a073-41dad91ccf26|rpc:10.1.0.28:15032|admin:10.1.0.28:15031|client:10.1.0.28:15030|dataStream:10.1.0.28:15033|priority:0|startupRole:FOLLOWER, 82b6249a-e03c-430a-993b-f8cc239713ce|rpc:10.1.0.28:15014|admin:10.1.0.28:15013|client:10.1.0.28:15012|dataStream:10.1.0.28:15015|priority:0|startupRole:FOLLOWER, 562e6811-3892-4bb8-8c1f-2833a6a2708d|rpc:10.1.0.28:15023|admin:10.1.0.28:15022|client:10.1.0.28:15021|dataStream:10.1.0.28:15024|priority:1|startupRole:FOLLOWER]|listeners:[], old=null
2023-07-13 06:11:12,711 [d320ba6c-c03b-47af-a073-41dad91ccf26-server-thread1] INFO  segmented.SegmentedRaftLogWorker (SegmentedRaftLogWorker.java:startLogSegment(447)) - d320ba6c-c03b-47af-a073-41dad91ccf26@group-F1FCC772349B-SegmentedRaftLogWorker: Starting segment from index:0
2023-07-13 06:11:12,713 [d320ba6c-c03b-47af-a073-41dad91ccf26@group-F1FCC772349B-SegmentedRaftLogWorker] INFO  segmented.SegmentedRaftLogWorker (SegmentedRaftLogWorker.java:execute(651)) - d320ba6c-c03b-47af-a073-41dad91ccf26@group-F1FCC772349B-SegmentedRaftLogWorker: created new log segment /home/runner/work/ozone/ozone/hadoop-ozone/integration-test/target/test-dir/MiniOzoneClusterImpl-40c29f8c-30b3-4208-9c4d-d76d276bda5b/datanode-2/data/ratis/af39817d-4a8d-4188-bd56-f1fcc772349b/current/log_inprogress_0
2023-07-13 06:11:12,726 [82b6249a-e03c-430a-993b-f8cc239713ce-server-thread1] INFO  server.RaftServer$Division (ServerState.java:setRaftConf(434)) - 82b6249a-e03c-430a-993b-f8cc239713ce@group-F1FCC772349B: set configuration 0: peers:[d320ba6c-c03b-47af-a073-41dad91ccf26|rpc:10.1.0.28:15032|admin:10.1.0.28:15031|client:10.1.0.28:15030|dataStream:10.1.0.28:15033|priority:0|startupRole:FOLLOWER, 82b6249a-e03c-430a-993b-f8cc239713ce|rpc:10.1.0.28:15014|admin:10.1.0.28:15013|client:10.1.0.28:15012|dataStream:10.1.0.28:15015|priority:0|startupRole:FOLLOWER, 562e6811-3892-4bb8-8c1f-2833a6a2708d|rpc:10.1.0.28:15023|admin:10.1.0.28:15022|client:10.1.0.28:15021|dataStream:10.1.0.28:15024|priority:1|startupRole:FOLLOWER]|listeners:[], old=null
2023-07-13 06:11:12,727 [82b6249a-e03c-430a-993b-f8cc239713ce-server-thread1] INFO  segmented.SegmentedRaftLogWorker (SegmentedRaftLogWorker.java:startLogSegment(447)) - 82b6249a-e03c-430a-993b-f8cc239713ce@group-F1FCC772349B-SegmentedRaftLogWorker: Starting segment from index:0
2023-07-13 06:11:12,732 [82b6249a-e03c-430a-993b-f8cc239713ce@group-F1FCC772349B-SegmentedRaftLogWorker] INFO  segmented.SegmentedRaftLogWorker (SegmentedRaftLogWorker.java:execute(651)) - 82b6249a-e03c-430a-993b-f8cc239713ce@group-F1FCC772349B-SegmentedRaftLogWorker: created new log segment /home/runner/work/ozone/ozone/hadoop-ozone/integration-test/target/test-dir/MiniOzoneClusterImpl-40c29f8c-30b3-4208-9c4d-d76d276bda5b/datanode-0/data/ratis/af39817d-4a8d-4188-bd56-f1fcc772349b/current/log_inprogress_0
2023-07-13 06:11:12,835 [qtp1221433900-15] ERROR generators.WadlGeneratorJAXBGrammarGenerator (WadlGeneratorJAXBGrammarGenerator.java:buildModelAndSchemas(207)) - Failed to generate the schema for the JAX-B elements
com.sun.xml.bind.v2.runtime.IllegalAnnotationsException: 1 counts of IllegalAnnotationExceptions
java.util.Map is an interface, and JAXB can't handle interfaces.
	this problem is related to the following location:
		at java.util.Map

	at com.sun.xml.bind.v2.runtime.IllegalAnnotationsException$Builder.check(IllegalAnnotationsException.java:106)
	at com.sun.xml.bind.v2.runtime.JAXBContextImpl.getTypeInfoSet(JAXBContextImpl.java:471)
	at com.sun.xml.bind.v2.runtime.JAXBContextImpl.<init>(JAXBContextImpl.java:303)
	at com.sun.xml.bind.v2.runtime.JAXBContextImpl.<init>(JAXBContextImpl.java:139)
	at com.sun.xml.bind.v2.runtime.JAXBContextImpl$JAXBContextBuilder.build(JAXBContextImpl.java:1156)
	at com.sun.xml.bind.v2.ContextFactory.createContext(ContextFactory.java:165)
	at sun.reflect.NativeMethodAccessorImpl.invoke0(Native Method)
	at sun.reflect.NativeMethodAccessorImpl.invoke(NativeMethodAccessorImpl.java:62)
	at sun.reflect.DelegatingMethodAccessorImpl.invoke(DelegatingMethodAccessorImpl.java:43)
	at java.lang.reflect.Method.invoke(Method.java:498)
	at javax.xml.bind.ContextFinder.newInstance(ContextFinder.java:247)
	at javax.xml.bind.ContextFinder.newInstance(ContextFinder.java:234)
	at javax.xml.bind.ContextFinder.find(ContextFinder.java:441)
	at javax.xml.bind.JAXBContext.newInstance(JAXBContext.java:641)
	at javax.xml.bind.JAXBContext.newInstance(JAXBContext.java:584)
	at com.sun.jersey.server.wadl.generators.WadlGeneratorJAXBGrammarGenerator.buildModelAndSchemas(WadlGeneratorJAXBGrammarGenerator.java:169)
	at com.sun.jersey.server.wadl.generators.AbstractWadlGeneratorGrammarGenerator.createExternalGrammar(AbstractWadlGeneratorGrammarGenerator.java:405)
	at com.sun.jersey.server.wadl.WadlBuilder.generate(WadlBuilder.java:149)
	at com.sun.jersey.server.impl.wadl.WadlApplicationContextImpl.getApplication(WadlApplicationContextImpl.java:119)
	at com.sun.jersey.server.impl.wadl.WadlApplicationContextImpl.getApplication(WadlApplicationContextImpl.java:138)
	at com.sun.jersey.server.impl.wadl.WadlMethodFactory$WadlOptionsMethodDispatcher.dispatch(WadlMethodFactory.java:110)
	at com.sun.jersey.server.impl.uri.rules.HttpMethodRule.accept(HttpMethodRule.java:302)
	at com.sun.jersey.server.impl.uri.rules.RightHandPathRule.accept(RightHandPathRule.java:147)
	at com.sun.jersey.server.impl.uri.rules.ResourceClassRule.accept(ResourceClassRule.java:108)
	at com.sun.jersey.server.impl.uri.rules.RightHandPathRule.accept(RightHandPathRule.java:147)
	at com.sun.jersey.server.impl.uri.rules.RootResourceClassesRule.accept(RootResourceClassesRule.java:84)
	at com.sun.jersey.server.impl.application.WebApplicationImpl._handleRequest(WebApplicationImpl.java:1542)
	at com.sun.jersey.server.impl.application.WebApplicationImpl._handleRequest(WebApplicationImpl.java:1473)
	at com.sun.jersey.server.impl.application.WebApplicationImpl.handleRequest(WebApplicationImpl.java:1419)
	at com.sun.jersey.server.impl.application.WebApplicationImpl.handleRequest(WebApplicationImpl.java:1409)
	at com.sun.jersey.spi.container.servlet.WebComponent.service(WebComponent.java:409)
	at com.sun.jersey.spi.container.servlet.ServletContainer.service(ServletContainer.java:558)
	at com.sun.jersey.spi.container.servlet.ServletContainer.service(ServletContainer.java:733)
	at javax.servlet.http.HttpServlet.service(HttpServlet.java:590)
	at org.eclipse.jetty.servlet.ServletHolder$NotAsync.service(ServletHolder.java:1459)
	at org.eclipse.jetty.servlet.ServletHolder.handle(ServletHolder.java:799)
	at org.eclipse.jetty.servlet.ServletHandler$ChainEnd.doFilter(ServletHandler.java:1656)
	at org.apache.hadoop.crypto.key.kms.server.KMSMDCFilter.doFilter(KMSMDCFilter.java:98)
	at org.eclipse.jetty.servlet.FilterHolder.doFilter(FilterHolder.java:193)
	at org.eclipse.jetty.servlet.ServletHandler$Chain.doFilter(ServletHandler.java:1626)
	at org.apache.hadoop.security.authentication.server.AuthenticationFilter.doFilter(AuthenticationFilter.java:650)
	at org.apache.hadoop.security.token.delegation.web.DelegationTokenAuthenticationFilter.doFilter(DelegationTokenAuthenticationFilter.java:305)
	at org.apache.hadoop.security.authentication.server.AuthenticationFilter.doFilter(AuthenticationFilter.java:592)
	at org.apache.hadoop.crypto.key.kms.server.KMSAuthenticationFilter.doFilter(KMSAuthenticationFilter.java:162)
	at org.eclipse.jetty.servlet.FilterHolder.doFilter(FilterHolder.java:201)
	at org.eclipse.jetty.servlet.ServletHandler$Chain.doFilter(ServletHandler.java:1626)
	at org.apache.hadoop.http.lib.StaticUserWebFilter$StaticUserFilter.doFilter(StaticUserWebFilter.java:110)
	at org.eclipse.jetty.servlet.FilterHolder.doFilter(FilterHolder.java:193)
	at org.eclipse.jetty.servlet.ServletHandler$Chain.doFilter(ServletHandler.java:1626)
	at org.apache.hadoop.http.HttpServer2$QuotingInputFilter.doFilter(HttpServer2.java:1794)
	at org.eclipse.jetty.servlet.FilterHolder.doFilter(FilterHolder.java:193)
	at org.eclipse.jetty.servlet.ServletHandler$Chain.doFilter(ServletHandler.java:1626)
	at org.apache.hadoop.http.NoCacheFilter.doFilter(NoCacheFilter.java:45)
	at org.eclipse.jetty.servlet.FilterHolder.doFilter(FilterHolder.java:193)
	at org.eclipse.jetty.servlet.ServletHandler$Chain.doFilter(ServletHandler.java:1626)
	at org.eclipse.jetty.servlet.ServletHandler.doHandle(ServletHandler.java:552)
	at org.eclipse.jetty.server.handler.ScopedHandler.handle(ScopedHandler.java:143)
	at org.eclipse.jetty.security.SecurityHandler.handle(SecurityHandler.java:600)
	at org.eclipse.jetty.server.handler.HandlerWrapper.handle(HandlerWrapper.java:127)
	at org.eclipse.jetty.server.handler.ScopedHandler.nextHandle(ScopedHandler.java:235)
	at org.eclipse.jetty.server.session.SessionHandler.doHandle(SessionHandler.java:1624)
	at org.eclipse.jetty.server.handler.ScopedHandler.nextHandle(ScopedHandler.java:233)
	at org.eclipse.jetty.server.handler.ContextHandler.doHandle(ContextHandler.java:1440)
	at org.eclipse.jetty.server.handler.ScopedHandler.nextScope(ScopedHandler.java:188)
	at org.eclipse.jetty.servlet.ServletHandler.doScope(ServletHandler.java:505)
	at org.eclipse.jetty.server.session.SessionHandler.doScope(SessionHandler.java:1594)
	at org.eclipse.jetty.server.handler.ScopedHandler.nextScope(ScopedHandler.java:186)
	at org.eclipse.jetty.server.handler.ContextHandler.doScope(ContextHandler.java:1355)
	at org.eclipse.jetty.server.handler.ScopedHandler.handle(ScopedHandler.java:141)
	at org.eclipse.jetty.server.handler.HandlerCollection.handle(HandlerCollection.java:146)
	at org.eclipse.jetty.server.handler.HandlerWrapper.handle(HandlerWrapper.java:127)
	at org.eclipse.jetty.server.Server.handle(Server.java:512)
	at org.eclipse.jetty.server.HttpChannel.lambda$handle$1(HttpChannel.java:487)
	at org.eclipse.jetty.server.HttpChannel.dispatch(HttpChannel.java:732)
	at org.eclipse.jetty.server.HttpChannel.handle(HttpChannel.java:479)
	at org.eclipse.jetty.server.HttpConnection.onFillable(HttpConnection.java:277)
	at org.eclipse.jetty.io.AbstractConnection$ReadCallback.succeeded(AbstractConnection.java:311)
	at org.eclipse.jetty.io.FillInterest.fillable(FillInterest.java:105)
	at org.eclipse.jetty.io.ChannelEndPoint$1.run(ChannelEndPoint.java:104)
	at org.eclipse.jetty.util.thread.strategy.EatWhatYouKill.runTask(EatWhatYouKill.java:338)
	at org.eclipse.jetty.util.thread.strategy.EatWhatYouKill.doProduce(EatWhatYouKill.java:315)
	at org.eclipse.jetty.util.thread.strategy.EatWhatYouKill.tryProduce(EatWhatYouKill.java:173)
	at org.eclipse.jetty.util.thread.strategy.EatWhatYouKill.produce(EatWhatYouKill.java:137)
	at org.eclipse.jetty.util.thread.QueuedThreadPool.runJob(QueuedThreadPool.java:883)
	at org.eclipse.jetty.util.thread.QueuedThreadPool$Runner.run(QueuedThreadPool.java:1034)
	at java.lang.Thread.run(Thread.java:750)
2023-07-13 06:11:12,840 [qtp1221433900-15] INFO  generators.AbstractWadlGeneratorGrammarGenerator (AbstractWadlGeneratorGrammarGenerator.java:attachTypes(479)) - Couldn't find grammar element for class javax.ws.rs.core.Response
2023-07-13 06:11:12,840 [qtp1221433900-15] INFO  generators.AbstractWadlGeneratorGrammarGenerator (AbstractWadlGeneratorGrammarGenerator.java:attachTypes(479)) - Couldn't find grammar element for class javax.ws.rs.core.Response
2023-07-13 06:11:12,841 [qtp1221433900-15] INFO  generators.AbstractWadlGeneratorGrammarGenerator (AbstractWadlGeneratorGrammarGenerator.java:attachTypes(479)) - Couldn't find grammar element for class java.util.Map
2023-07-13 06:11:12,841 [qtp1221433900-15] INFO  generators.AbstractWadlGeneratorGrammarGenerator (AbstractWadlGeneratorGrammarGenerator.java:attachTypes(479)) - Couldn't find grammar element for class java.util.Map
2023-07-13 06:11:12,842 [qtp1221433900-15] INFO  generators.AbstractWadlGeneratorGrammarGenerator (AbstractWadlGeneratorGrammarGenerator.java:attachTypes(479)) - Couldn't find grammar element for class javax.ws.rs.core.Response
2023-07-13 06:11:12,842 [qtp1221433900-15] INFO  generators.AbstractWadlGeneratorGrammarGenerator (AbstractWadlGeneratorGrammarGenerator.java:attachTypes(479)) - Couldn't find grammar element for class java.util.Map
2023-07-13 06:11:12,842 [qtp1221433900-15] INFO  generators.AbstractWadlGeneratorGrammarGenerator (AbstractWadlGeneratorGrammarGenerator.java:attachTypes(479)) - Couldn't find grammar element for class java.util.Map
2023-07-13 06:11:12,843 [qtp1221433900-15] INFO  generators.AbstractWadlGeneratorGrammarGenerator (AbstractWadlGeneratorGrammarGenerator.java:attachTypes(479)) - Couldn't find grammar element for class java.util.Map
2023-07-13 06:11:13,186 [eb0edd12-afad-4318-b446-71865e03089a@group-37C2EC48C358-FollowerState] INFO  impl.FollowerState (FollowerState.java:run(143)) - eb0edd12-afad-4318-b446-71865e03089a@group-37C2EC48C358-FollowerState: change to CANDIDATE, lastRpcElapsedTime:5034031639ns, electionTimeout:5022ms
2023-07-13 06:11:13,187 [eb0edd12-afad-4318-b446-71865e03089a@group-37C2EC48C358-FollowerState] INFO  impl.RoleInfo (RoleInfo.java:shutdownFollowerState(110)) - eb0edd12-afad-4318-b446-71865e03089a: shutdown eb0edd12-afad-4318-b446-71865e03089a@group-37C2EC48C358-FollowerState
2023-07-13 06:11:13,187 [eb0edd12-afad-4318-b446-71865e03089a@group-37C2EC48C358-FollowerState] INFO  server.RaftServer$Division (RaftServerImpl.java:setRole(329)) - eb0edd12-afad-4318-b446-71865e03089a@group-37C2EC48C358: changes role from  FOLLOWER to CANDIDATE at term 0 for changeToCandidate
2023-07-13 06:11:13,187 [eb0edd12-afad-4318-b446-71865e03089a@group-37C2EC48C358-FollowerState] INFO  server.RaftServerConfigKeys (ConfUtils.java:logGet(46)) - raft.server.leaderelection.pre-vote = true (default)
2023-07-13 06:11:13,187 [eb0edd12-afad-4318-b446-71865e03089a@group-37C2EC48C358-FollowerState] INFO  impl.RoleInfo (RoleInfo.java:updateAndGet(139)) - eb0edd12-afad-4318-b446-71865e03089a: start eb0edd12-afad-4318-b446-71865e03089a@group-37C2EC48C358-LeaderElection8
2023-07-13 06:11:13,198 [eb0edd12-afad-4318-b446-71865e03089a@group-37C2EC48C358-LeaderElection8] INFO  impl.LeaderElection (LeaderElection.java:askForVotes(321)) - eb0edd12-afad-4318-b446-71865e03089a@group-37C2EC48C358-LeaderElection8 PRE_VOTE round 0: submit vote requests at term 0 for -1: peers:[eb0edd12-afad-4318-b446-71865e03089a|rpc:10.1.0.28:15041|admin:10.1.0.28:15040|client:10.1.0.28:15039|dataStream:10.1.0.28:15042|priority:1|startupRole:FOLLOWER]|listeners:[], old=null
2023-07-13 06:11:13,198 [eb0edd12-afad-4318-b446-71865e03089a@group-37C2EC48C358-LeaderElection8] INFO  impl.LeaderElection (LeaderElection.java:askForVotes(323)) - eb0edd12-afad-4318-b446-71865e03089a@group-37C2EC48C358-LeaderElection8 PRE_VOTE round 0: result PASSED (term=0)
2023-07-13 06:11:13,200 [eb0edd12-afad-4318-b446-71865e03089a@group-37C2EC48C358-LeaderElection8] INFO  impl.LeaderElection (LeaderElection.java:askForVotes(321)) - eb0edd12-afad-4318-b446-71865e03089a@group-37C2EC48C358-LeaderElection8 ELECTION round 0: submit vote requests at term 1 for -1: peers:[eb0edd12-afad-4318-b446-71865e03089a|rpc:10.1.0.28:15041|admin:10.1.0.28:15040|client:10.1.0.28:15039|dataStream:10.1.0.28:15042|priority:1|startupRole:FOLLOWER]|listeners:[], old=null
2023-07-13 06:11:13,200 [eb0edd12-afad-4318-b446-71865e03089a@group-37C2EC48C358-LeaderElection8] INFO  impl.LeaderElection (LeaderElection.java:askForVotes(323)) - eb0edd12-afad-4318-b446-71865e03089a@group-37C2EC48C358-LeaderElection8 ELECTION round 0: result PASSED (term=1)
2023-07-13 06:11:13,200 [eb0edd12-afad-4318-b446-71865e03089a@group-37C2EC48C358-LeaderElection8] INFO  impl.RoleInfo (RoleInfo.java:shutdownLeaderElection(130)) - eb0edd12-afad-4318-b446-71865e03089a: shutdown eb0edd12-afad-4318-b446-71865e03089a@group-37C2EC48C358-LeaderElection8
2023-07-13 06:11:13,200 [eb0edd12-afad-4318-b446-71865e03089a@group-37C2EC48C358-LeaderElection8] INFO  server.RaftServer$Division (RaftServerImpl.java:setRole(329)) - eb0edd12-afad-4318-b446-71865e03089a@group-37C2EC48C358: changes role from CANDIDATE to LEADER at term 1 for changeToLeader
2023-07-13 06:11:13,200 [eb0edd12-afad-4318-b446-71865e03089a@group-37C2EC48C358-LeaderElection8] INFO  ratis.XceiverServerRatis (XceiverServerRatis.java:handleLeaderChangedNotification(902)) - Leader change notification received for group: group-37C2EC48C358 with new leaderId: eb0edd12-afad-4318-b446-71865e03089a
2023-07-13 06:11:13,200 [eb0edd12-afad-4318-b446-71865e03089a@group-37C2EC48C358-LeaderElection8] INFO  server.RaftServer$Division (ServerState.java:setLeader(317)) - eb0edd12-afad-4318-b446-71865e03089a@group-37C2EC48C358: change Leader from null to eb0edd12-afad-4318-b446-71865e03089a at term 1 for becomeLeader, leader elected after 5466ms
2023-07-13 06:11:13,202 [eb0edd12-afad-4318-b446-71865e03089a@group-37C2EC48C358-LeaderElection8] INFO  server.RaftServerConfigKeys (ConfUtils.java:logGet(46)) - raft.server.staging.catchup.gap = 1000 (default)
2023-07-13 06:11:13,203 [eb0edd12-afad-4318-b446-71865e03089a@group-37C2EC48C358-LeaderElection8] INFO  server.RaftServerConfigKeys (ConfUtils.java:logGet(46)) - raft.server.write.element-limit = 1024 (custom)
2023-07-13 06:11:13,205 [eb0edd12-afad-4318-b446-71865e03089a@group-37C2EC48C358-LeaderElection8] INFO  server.RaftServerConfigKeys (ConfUtils.java:logGet(46)) - raft.server.write.byte-limit = 1024 M (=1073741824) (custom)
2023-07-13 06:11:13,206 [eb0edd12-afad-4318-b446-71865e03089a@group-37C2EC48C358-LeaderElection8] INFO  server.RaftServerConfigKeys (ConfUtils.java:logGet(46)) - raft.server.watch.timeout = 180s (custom)
2023-07-13 06:11:13,206 [eb0edd12-afad-4318-b446-71865e03089a@group-37C2EC48C358-LeaderElection8] INFO  server.RaftServerConfigKeys (ConfUtils.java:logGet(46)) - raft.server.watch.timeout.denomination = 1s (default)
2023-07-13 06:11:13,206 [eb0edd12-afad-4318-b446-71865e03089a@group-37C2EC48C358-LeaderElection8] INFO  server.RaftServerConfigKeys (ConfUtils.java:logGet(46)) - raft.server.watch.element-limit = 65536 (default)
2023-07-13 06:11:13,206 [eb0edd12-afad-4318-b446-71865e03089a@group-37C2EC48C358-LeaderElection8] INFO  server.RaftServerConfigKeys (ConfUtils.java:logGet(46)) - raft.server.write.element-limit = 1024 (custom)
2023-07-13 06:11:13,207 [eb0edd12-afad-4318-b446-71865e03089a@group-37C2EC48C358-LeaderElection8] INFO  server.RaftServerConfigKeys (ConfUtils.java:logGet(46)) - raft.server.write.follower.gap.ratio.max = -1.0 (default)
2023-07-13 06:11:13,207 [eb0edd12-afad-4318-b446-71865e03089a@group-37C2EC48C358-LeaderElection8] INFO  impl.RoleInfo (RoleInfo.java:updateAndGet(139)) - eb0edd12-afad-4318-b446-71865e03089a: start eb0edd12-afad-4318-b446-71865e03089a@group-37C2EC48C358-LeaderStateImpl
2023-07-13 06:11:13,210 [eb0edd12-afad-4318-b446-71865e03089a@group-37C2EC48C358-LeaderElection8] INFO  segmented.SegmentedRaftLogWorker (SegmentedRaftLogWorker.java:startLogSegment(447)) - eb0edd12-afad-4318-b446-71865e03089a@group-37C2EC48C358-SegmentedRaftLogWorker: Starting segment from index:0
2023-07-13 06:11:13,215 [eb0edd12-afad-4318-b446-71865e03089a@group-37C2EC48C358-SegmentedRaftLogWorker] INFO  segmented.SegmentedRaftLogWorker (SegmentedRaftLogWorker.java:execute(651)) - eb0edd12-afad-4318-b446-71865e03089a@group-37C2EC48C358-SegmentedRaftLogWorker: created new log segment /home/runner/work/ozone/ozone/hadoop-ozone/integration-test/target/test-dir/MiniOzoneClusterImpl-40c29f8c-30b3-4208-9c4d-d76d276bda5b/datanode-3/data/ratis/66fd15ce-7d03-4be7-8d5b-37c2ec48c358/current/log_inprogress_0
2023-07-13 06:11:13,222 [eb0edd12-afad-4318-b446-71865e03089a@group-37C2EC48C358-LeaderElection8] INFO  server.RaftServer$Division (ServerState.java:setRaftConf(434)) - eb0edd12-afad-4318-b446-71865e03089a@group-37C2EC48C358: set configuration 0: peers:[eb0edd12-afad-4318-b446-71865e03089a|rpc:10.1.0.28:15041|admin:10.1.0.28:15040|client:10.1.0.28:15039|dataStream:10.1.0.28:15042|priority:1|startupRole:FOLLOWER]|listeners:[], old=null
2023-07-13 06:11:13,373 [892099fe-78a6-4491-a754-7c56149f1c99@group-5CCCCE6C36CA-FollowerState] INFO  impl.FollowerState (FollowerState.java:run(143)) - 892099fe-78a6-4491-a754-7c56149f1c99@group-5CCCCE6C36CA-FollowerState: change to CANDIDATE, lastRpcElapsedTime:5020716146ns, electionTimeout:5011ms
2023-07-13 06:11:13,374 [892099fe-78a6-4491-a754-7c56149f1c99@group-5CCCCE6C36CA-FollowerState] INFO  impl.RoleInfo (RoleInfo.java:shutdownFollowerState(110)) - 892099fe-78a6-4491-a754-7c56149f1c99: shutdown 892099fe-78a6-4491-a754-7c56149f1c99@group-5CCCCE6C36CA-FollowerState
2023-07-13 06:11:13,374 [892099fe-78a6-4491-a754-7c56149f1c99@group-5CCCCE6C36CA-FollowerState] INFO  server.RaftServer$Division (RaftServerImpl.java:setRole(329)) - 892099fe-78a6-4491-a754-7c56149f1c99@group-5CCCCE6C36CA: changes role from  FOLLOWER to CANDIDATE at term 0 for changeToCandidate
2023-07-13 06:11:13,374 [892099fe-78a6-4491-a754-7c56149f1c99@group-5CCCCE6C36CA-FollowerState] INFO  server.RaftServerConfigKeys (ConfUtils.java:logGet(46)) - raft.server.leaderelection.pre-vote = true (default)
2023-07-13 06:11:13,374 [892099fe-78a6-4491-a754-7c56149f1c99@group-5CCCCE6C36CA-FollowerState] INFO  impl.RoleInfo (RoleInfo.java:updateAndGet(139)) - 892099fe-78a6-4491-a754-7c56149f1c99: start 892099fe-78a6-4491-a754-7c56149f1c99@group-5CCCCE6C36CA-LeaderElection9
2023-07-13 06:11:13,380 [892099fe-78a6-4491-a754-7c56149f1c99@group-5CCCCE6C36CA-LeaderElection9] INFO  impl.LeaderElection (LeaderElection.java:askForVotes(321)) - 892099fe-78a6-4491-a754-7c56149f1c99@group-5CCCCE6C36CA-LeaderElection9 PRE_VOTE round 0: submit vote requests at term 0 for -1: peers:[eb0edd12-afad-4318-b446-71865e03089a|rpc:10.1.0.28:15041|admin:10.1.0.28:15040|client:10.1.0.28:15039|dataStream:10.1.0.28:15042|priority:1|startupRole:FOLLOWER, 4d503614-acf7-4d3e-bd56-c00356288aee|rpc:10.1.0.28:15050|admin:10.1.0.28:15049|client:10.1.0.28:15048|dataStream:10.1.0.28:15051|priority:0|startupRole:FOLLOWER, 892099fe-78a6-4491-a754-7c56149f1c99|rpc:10.1.0.28:15059|admin:10.1.0.28:15058|client:10.1.0.28:15057|dataStream:10.1.0.28:15060|priority:0|startupRole:FOLLOWER]|listeners:[], old=null
2023-07-13 06:11:13,381 [892099fe-78a6-4491-a754-7c56149f1c99@group-5CCCCE6C36CA-LeaderElection9-1] INFO  server.GrpcServerProtocolClient (GrpcServerProtocolClient.java:<init>(65)) - Build channel for eb0edd12-afad-4318-b446-71865e03089a
2023-07-13 06:11:13,382 [892099fe-78a6-4491-a754-7c56149f1c99@group-5CCCCE6C36CA-LeaderElection9] INFO  server.RaftServerConfigKeys (ConfUtils.java:logFallback(53)) - raft.server.rpc.first-election.timeout.min = 5s (fallback to raft.server.rpc.timeout.min)
2023-07-13 06:11:13,382 [892099fe-78a6-4491-a754-7c56149f1c99@group-5CCCCE6C36CA-LeaderElection9] INFO  server.RaftServerConfigKeys (ConfUtils.java:logFallback(53)) - raft.server.rpc.first-election.timeout.max = 5200ms (fallback to raft.server.rpc.timeout.max)
2023-07-13 06:11:13,382 [892099fe-78a6-4491-a754-7c56149f1c99@group-5CCCCE6C36CA-LeaderElection9-2] INFO  server.GrpcServerProtocolClient (GrpcServerProtocolClient.java:<init>(65)) - Build channel for 4d503614-acf7-4d3e-bd56-c00356288aee
2023-07-13 06:11:13,383 [eb0edd12-afad-4318-b446-71865e03089a@group-5CCCCE6C36CA-FollowerState] INFO  impl.FollowerState (FollowerState.java:run(143)) - eb0edd12-afad-4318-b446-71865e03089a@group-5CCCCE6C36CA-FollowerState: change to CANDIDATE, lastRpcElapsedTime:5163292127ns, electionTimeout:5156ms
2023-07-13 06:11:13,383 [eb0edd12-afad-4318-b446-71865e03089a@group-5CCCCE6C36CA-FollowerState] INFO  impl.RoleInfo (RoleInfo.java:shutdownFollowerState(110)) - eb0edd12-afad-4318-b446-71865e03089a: shutdown eb0edd12-afad-4318-b446-71865e03089a@group-5CCCCE6C36CA-FollowerState
2023-07-13 06:11:13,384 [eb0edd12-afad-4318-b446-71865e03089a@group-5CCCCE6C36CA-FollowerState] INFO  server.RaftServer$Division (RaftServerImpl.java:setRole(329)) - eb0edd12-afad-4318-b446-71865e03089a@group-5CCCCE6C36CA: changes role from  FOLLOWER to CANDIDATE at term 0 for changeToCandidate
2023-07-13 06:11:13,384 [eb0edd12-afad-4318-b446-71865e03089a@group-5CCCCE6C36CA-FollowerState] INFO  server.RaftServerConfigKeys (ConfUtils.java:logGet(46)) - raft.server.leaderelection.pre-vote = true (default)
2023-07-13 06:11:13,384 [eb0edd12-afad-4318-b446-71865e03089a@group-5CCCCE6C36CA-FollowerState] INFO  impl.RoleInfo (RoleInfo.java:updateAndGet(139)) - eb0edd12-afad-4318-b446-71865e03089a: start eb0edd12-afad-4318-b446-71865e03089a@group-5CCCCE6C36CA-LeaderElection10
2023-07-13 06:11:13,397 [grpc-default-executor-4] INFO  server.RaftServer$Division (RaftServerImpl.java:requestVote(1302)) - eb0edd12-afad-4318-b446-71865e03089a@group-5CCCCE6C36CA: receive requestVote(PRE_VOTE, 892099fe-78a6-4491-a754-7c56149f1c99, group-5CCCCE6C36CA, 0, (t:0, i:0))
2023-07-13 06:11:13,398 [grpc-default-executor-4] INFO  impl.VoteContext (VoteContext.java:log(49)) - eb0edd12-afad-4318-b446-71865e03089a@group-5CCCCE6C36CA-CANDIDATE: reject PRE_VOTE from 892099fe-78a6-4491-a754-7c56149f1c99: our priority 1 > candidate's priority 0
2023-07-13 06:11:13,399 [grpc-default-executor-4] INFO  server.RaftServer$Division (RaftServerImpl.java:requestVote(1335)) - eb0edd12-afad-4318-b446-71865e03089a@group-5CCCCE6C36CA replies to PRE_VOTE vote request: 892099fe-78a6-4491-a754-7c56149f1c99<-eb0edd12-afad-4318-b446-71865e03089a#0:FAIL-t0. Peer's state: eb0edd12-afad-4318-b446-71865e03089a@group-5CCCCE6C36CA:t0, leader=null, voted=, raftlog=Memoized:eb0edd12-afad-4318-b446-71865e03089a@group-5CCCCE6C36CA-SegmentedRaftLog:OPENED:c-1, conf=-1: peers:[eb0edd12-afad-4318-b446-71865e03089a|rpc:10.1.0.28:15041|admin:10.1.0.28:15040|client:10.1.0.28:15039|dataStream:10.1.0.28:15042|priority:1|startupRole:FOLLOWER, 4d503614-acf7-4d3e-bd56-c00356288aee|rpc:10.1.0.28:15050|admin:10.1.0.28:15049|client:10.1.0.28:15048|dataStream:10.1.0.28:15051|priority:0|startupRole:FOLLOWER, 892099fe-78a6-4491-a754-7c56149f1c99|rpc:10.1.0.28:15059|admin:10.1.0.28:15058|client:10.1.0.28:15057|dataStream:10.1.0.28:15060|priority:0|startupRole:FOLLOWER]|listeners:[], old=null
2023-07-13 06:11:13,399 [eb0edd12-afad-4318-b446-71865e03089a@group-5CCCCE6C36CA-LeaderElection10] INFO  impl.LeaderElection (LeaderElection.java:askForVotes(321)) - eb0edd12-afad-4318-b446-71865e03089a@group-5CCCCE6C36CA-LeaderElection10 PRE_VOTE round 0: submit vote requests at term 0 for -1: peers:[eb0edd12-afad-4318-b446-71865e03089a|rpc:10.1.0.28:15041|admin:10.1.0.28:15040|client:10.1.0.28:15039|dataStream:10.1.0.28:15042|priority:1|startupRole:FOLLOWER, 4d503614-acf7-4d3e-bd56-c00356288aee|rpc:10.1.0.28:15050|admin:10.1.0.28:15049|client:10.1.0.28:15048|dataStream:10.1.0.28:15051|priority:0|startupRole:FOLLOWER, 892099fe-78a6-4491-a754-7c56149f1c99|rpc:10.1.0.28:15059|admin:10.1.0.28:15058|client:10.1.0.28:15057|dataStream:10.1.0.28:15060|priority:0|startupRole:FOLLOWER]|listeners:[], old=null
2023-07-13 06:11:13,400 [892099fe-78a6-4491-a754-7c56149f1c99@group-5CCCCE6C36CA-LeaderElection9] INFO  impl.LeaderElection (LeaderElection.java:logAndReturn(90)) - 892099fe-78a6-4491-a754-7c56149f1c99@group-5CCCCE6C36CA-LeaderElection9: PRE_VOTE REJECTED received 1 response(s) and 0 exception(s):
2023-07-13 06:11:13,401 [892099fe-78a6-4491-a754-7c56149f1c99@group-5CCCCE6C36CA-LeaderElection9] INFO  impl.LeaderElection (LeaderElection.java:logAndReturn(94)) -   Response 0: 892099fe-78a6-4491-a754-7c56149f1c99<-eb0edd12-afad-4318-b446-71865e03089a#0:FAIL-t0
2023-07-13 06:11:13,401 [892099fe-78a6-4491-a754-7c56149f1c99@group-5CCCCE6C36CA-LeaderElection9] INFO  impl.LeaderElection (LeaderElection.java:askForVotes(323)) - 892099fe-78a6-4491-a754-7c56149f1c99@group-5CCCCE6C36CA-LeaderElection9 PRE_VOTE round 0: result REJECTED
2023-07-13 06:11:13,401 [892099fe-78a6-4491-a754-7c56149f1c99@group-5CCCCE6C36CA-LeaderElection9] INFO  server.RaftServer$Division (RaftServerImpl.java:setRole(329)) - 892099fe-78a6-4491-a754-7c56149f1c99@group-5CCCCE6C36CA: changes role from CANDIDATE to FOLLOWER at term 0 for REJECTED
2023-07-13 06:11:13,401 [892099fe-78a6-4491-a754-7c56149f1c99@group-5CCCCE6C36CA-LeaderElection9] INFO  impl.RoleInfo (RoleInfo.java:shutdownLeaderElection(130)) - 892099fe-78a6-4491-a754-7c56149f1c99: shutdown 892099fe-78a6-4491-a754-7c56149f1c99@group-5CCCCE6C36CA-LeaderElection9
2023-07-13 06:11:13,401 [892099fe-78a6-4491-a754-7c56149f1c99@group-5CCCCE6C36CA-LeaderElection9] INFO  impl.RoleInfo (RoleInfo.java:updateAndGet(139)) - 892099fe-78a6-4491-a754-7c56149f1c99: start 892099fe-78a6-4491-a754-7c56149f1c99@group-5CCCCE6C36CA-FollowerState
2023-07-13 06:11:13,401 [eb0edd12-afad-4318-b446-71865e03089a@group-5CCCCE6C36CA-LeaderElection10-1] INFO  server.GrpcServerProtocolClient (GrpcServerProtocolClient.java:<init>(65)) - Build channel for 4d503614-acf7-4d3e-bd56-c00356288aee
2023-07-13 06:11:13,414 [eb0edd12-afad-4318-b446-71865e03089a@group-5CCCCE6C36CA-LeaderElection10] INFO  server.RaftServerConfigKeys (ConfUtils.java:logFallback(53)) - raft.server.rpc.first-election.timeout.min = 5s (fallback to raft.server.rpc.timeout.min)
2023-07-13 06:11:13,414 [eb0edd12-afad-4318-b446-71865e03089a@group-5CCCCE6C36CA-LeaderElection10-2] INFO  server.GrpcServerProtocolClient (GrpcServerProtocolClient.java:<init>(65)) - Build channel for 892099fe-78a6-4491-a754-7c56149f1c99
2023-07-13 06:11:13,418 [4d503614-acf7-4d3e-bd56-c00356288aee@group-D6B37019B6D4-FollowerState] INFO  impl.FollowerState (FollowerState.java:run(143)) - 4d503614-acf7-4d3e-bd56-c00356288aee@group-D6B37019B6D4-FollowerState: change to CANDIDATE, lastRpcElapsedTime:5202692302ns, electionTimeout:5174ms
2023-07-13 06:11:13,419 [4d503614-acf7-4d3e-bd56-c00356288aee@group-D6B37019B6D4-FollowerState] INFO  impl.RoleInfo (RoleInfo.java:shutdownFollowerState(110)) - 4d503614-acf7-4d3e-bd56-c00356288aee: shutdown 4d503614-acf7-4d3e-bd56-c00356288aee@group-D6B37019B6D4-FollowerState
2023-07-13 06:11:13,419 [4d503614-acf7-4d3e-bd56-c00356288aee@group-D6B37019B6D4-FollowerState] INFO  server.RaftServer$Division (RaftServerImpl.java:setRole(329)) - 4d503614-acf7-4d3e-bd56-c00356288aee@group-D6B37019B6D4: changes role from  FOLLOWER to CANDIDATE at term 0 for changeToCandidate
2023-07-13 06:11:13,419 [4d503614-acf7-4d3e-bd56-c00356288aee@group-D6B37019B6D4-FollowerState] INFO  server.RaftServerConfigKeys (ConfUtils.java:logGet(46)) - raft.server.leaderelection.pre-vote = true (default)
2023-07-13 06:11:13,419 [4d503614-acf7-4d3e-bd56-c00356288aee@group-D6B37019B6D4-FollowerState] INFO  impl.RoleInfo (RoleInfo.java:updateAndGet(139)) - 4d503614-acf7-4d3e-bd56-c00356288aee: start 4d503614-acf7-4d3e-bd56-c00356288aee@group-D6B37019B6D4-LeaderElection11
2023-07-13 06:11:13,414 [eb0edd12-afad-4318-b446-71865e03089a@group-5CCCCE6C36CA-LeaderElection10] INFO  server.RaftServerConfigKeys (ConfUtils.java:logFallback(53)) - raft.server.rpc.first-election.timeout.max = 5200ms (fallback to raft.server.rpc.timeout.max)
2023-07-13 06:11:13,427 [grpc-default-executor-4] INFO  server.RaftServer$Division (RaftServerImpl.java:requestVote(1302)) - 4d503614-acf7-4d3e-bd56-c00356288aee@group-5CCCCE6C36CA: receive requestVote(PRE_VOTE, 892099fe-78a6-4491-a754-7c56149f1c99, group-5CCCCE6C36CA, 0, (t:0, i:0))
2023-07-13 06:11:13,427 [grpc-default-executor-4] INFO  impl.VoteContext (VoteContext.java:log(49)) - 4d503614-acf7-4d3e-bd56-c00356288aee@group-5CCCCE6C36CA-FOLLOWER: accept PRE_VOTE from 892099fe-78a6-4491-a754-7c56149f1c99: our priority 0 <= candidate's priority 0
2023-07-13 06:11:13,427 [grpc-default-executor-4] INFO  server.RaftServer$Division (RaftServerImpl.java:requestVote(1335)) - 4d503614-acf7-4d3e-bd56-c00356288aee@group-5CCCCE6C36CA replies to PRE_VOTE vote request: 892099fe-78a6-4491-a754-7c56149f1c99<-4d503614-acf7-4d3e-bd56-c00356288aee#0:OK-t0. Peer's state: 4d503614-acf7-4d3e-bd56-c00356288aee@group-5CCCCE6C36CA:t0, leader=null, voted=, raftlog=Memoized:4d503614-acf7-4d3e-bd56-c00356288aee@group-5CCCCE6C36CA-SegmentedRaftLog:OPENED:c-1, conf=-1: peers:[eb0edd12-afad-4318-b446-71865e03089a|rpc:10.1.0.28:15041|admin:10.1.0.28:15040|client:10.1.0.28:15039|dataStream:10.1.0.28:15042|priority:1|startupRole:FOLLOWER, 4d503614-acf7-4d3e-bd56-c00356288aee|rpc:10.1.0.28:15050|admin:10.1.0.28:15049|client:10.1.0.28:15048|dataStream:10.1.0.28:15051|priority:0|startupRole:FOLLOWER, 892099fe-78a6-4491-a754-7c56149f1c99|rpc:10.1.0.28:15059|admin:10.1.0.28:15058|client:10.1.0.28:15057|dataStream:10.1.0.28:15060|priority:0|startupRole:FOLLOWER]|listeners:[], old=null
2023-07-13 06:11:13,432 [grpc-default-executor-0] INFO  server.RaftServer$Division (RaftServerImpl.java:requestVote(1302)) - 4d503614-acf7-4d3e-bd56-c00356288aee@group-5CCCCE6C36CA: receive requestVote(PRE_VOTE, eb0edd12-afad-4318-b446-71865e03089a, group-5CCCCE6C36CA, 0, (t:0, i:0))
2023-07-13 06:11:13,437 [4d503614-acf7-4d3e-bd56-c00356288aee@group-D6B37019B6D4-LeaderElection11] INFO  impl.LeaderElection (LeaderElection.java:askForVotes(321)) - 4d503614-acf7-4d3e-bd56-c00356288aee@group-D6B37019B6D4-LeaderElection11 PRE_VOTE round 0: submit vote requests at term 0 for -1: peers:[4d503614-acf7-4d3e-bd56-c00356288aee|rpc:10.1.0.28:15050|admin:10.1.0.28:15049|client:10.1.0.28:15048|dataStream:10.1.0.28:15051|priority:1|startupRole:FOLLOWER]|listeners:[], old=null
2023-07-13 06:11:13,437 [4d503614-acf7-4d3e-bd56-c00356288aee@group-D6B37019B6D4-LeaderElection11] INFO  impl.LeaderElection (LeaderElection.java:askForVotes(323)) - 4d503614-acf7-4d3e-bd56-c00356288aee@group-D6B37019B6D4-LeaderElection11 PRE_VOTE round 0: result PASSED (term=0)
2023-07-13 06:11:13,437 [grpc-default-executor-0] INFO  impl.VoteContext (VoteContext.java:log(49)) - 4d503614-acf7-4d3e-bd56-c00356288aee@group-5CCCCE6C36CA-FOLLOWER: accept PRE_VOTE from eb0edd12-afad-4318-b446-71865e03089a: our priority 0 <= candidate's priority 1
2023-07-13 06:11:13,439 [grpc-default-executor-0] INFO  server.RaftServer$Division (RaftServerImpl.java:requestVote(1335)) - 4d503614-acf7-4d3e-bd56-c00356288aee@group-5CCCCE6C36CA replies to PRE_VOTE vote request: eb0edd12-afad-4318-b446-71865e03089a<-4d503614-acf7-4d3e-bd56-c00356288aee#0:OK-t0. Peer's state: 4d503614-acf7-4d3e-bd56-c00356288aee@group-5CCCCE6C36CA:t0, leader=null, voted=, raftlog=Memoized:4d503614-acf7-4d3e-bd56-c00356288aee@group-5CCCCE6C36CA-SegmentedRaftLog:OPENED:c-1, conf=-1: peers:[eb0edd12-afad-4318-b446-71865e03089a|rpc:10.1.0.28:15041|admin:10.1.0.28:15040|client:10.1.0.28:15039|dataStream:10.1.0.28:15042|priority:1|startupRole:FOLLOWER, 4d503614-acf7-4d3e-bd56-c00356288aee|rpc:10.1.0.28:15050|admin:10.1.0.28:15049|client:10.1.0.28:15048|dataStream:10.1.0.28:15051|priority:0|startupRole:FOLLOWER, 892099fe-78a6-4491-a754-7c56149f1c99|rpc:10.1.0.28:15059|admin:10.1.0.28:15058|client:10.1.0.28:15057|dataStream:10.1.0.28:15060|priority:0|startupRole:FOLLOWER]|listeners:[], old=null
2023-07-13 06:11:13,444 [grpc-default-executor-2] INFO  server.RaftServer$Division (RaftServerImpl.java:requestVote(1302)) - 892099fe-78a6-4491-a754-7c56149f1c99@group-5CCCCE6C36CA: receive requestVote(PRE_VOTE, eb0edd12-afad-4318-b446-71865e03089a, group-5CCCCE6C36CA, 0, (t:0, i:0))
2023-07-13 06:11:13,444 [grpc-default-executor-2] INFO  impl.VoteContext (VoteContext.java:log(49)) - 892099fe-78a6-4491-a754-7c56149f1c99@group-5CCCCE6C36CA-FOLLOWER: accept PRE_VOTE from eb0edd12-afad-4318-b446-71865e03089a: our priority 0 <= candidate's priority 1
2023-07-13 06:11:13,445 [4d503614-acf7-4d3e-bd56-c00356288aee@group-D6B37019B6D4-LeaderElection11] INFO  impl.LeaderElection (LeaderElection.java:askForVotes(321)) - 4d503614-acf7-4d3e-bd56-c00356288aee@group-D6B37019B6D4-LeaderElection11 ELECTION round 0: submit vote requests at term 1 for -1: peers:[4d503614-acf7-4d3e-bd56-c00356288aee|rpc:10.1.0.28:15050|admin:10.1.0.28:15049|client:10.1.0.28:15048|dataStream:10.1.0.28:15051|priority:1|startupRole:FOLLOWER]|listeners:[], old=null
2023-07-13 06:11:13,445 [4d503614-acf7-4d3e-bd56-c00356288aee@group-D6B37019B6D4-LeaderElection11] INFO  impl.LeaderElection (LeaderElection.java:askForVotes(323)) - 4d503614-acf7-4d3e-bd56-c00356288aee@group-D6B37019B6D4-LeaderElection11 ELECTION round 0: result PASSED (term=1)
2023-07-13 06:11:13,445 [grpc-default-executor-2] INFO  server.RaftServer$Division (RaftServerImpl.java:requestVote(1335)) - 892099fe-78a6-4491-a754-7c56149f1c99@group-5CCCCE6C36CA replies to PRE_VOTE vote request: eb0edd12-afad-4318-b446-71865e03089a<-892099fe-78a6-4491-a754-7c56149f1c99#0:OK-t0. Peer's state: 892099fe-78a6-4491-a754-7c56149f1c99@group-5CCCCE6C36CA:t0, leader=null, voted=, raftlog=Memoized:892099fe-78a6-4491-a754-7c56149f1c99@group-5CCCCE6C36CA-SegmentedRaftLog:OPENED:c-1, conf=-1: peers:[eb0edd12-afad-4318-b446-71865e03089a|rpc:10.1.0.28:15041|admin:10.1.0.28:15040|client:10.1.0.28:15039|dataStream:10.1.0.28:15042|priority:1|startupRole:FOLLOWER, 4d503614-acf7-4d3e-bd56-c00356288aee|rpc:10.1.0.28:15050|admin:10.1.0.28:15049|client:10.1.0.28:15048|dataStream:10.1.0.28:15051|priority:0|startupRole:FOLLOWER, 892099fe-78a6-4491-a754-7c56149f1c99|rpc:10.1.0.28:15059|admin:10.1.0.28:15058|client:10.1.0.28:15057|dataStream:10.1.0.28:15060|priority:0|startupRole:FOLLOWER]|listeners:[], old=null
2023-07-13 06:11:13,445 [4d503614-acf7-4d3e-bd56-c00356288aee@group-D6B37019B6D4-LeaderElection11] INFO  impl.RoleInfo (RoleInfo.java:shutdownLeaderElection(130)) - 4d503614-acf7-4d3e-bd56-c00356288aee: shutdown 4d503614-acf7-4d3e-bd56-c00356288aee@group-D6B37019B6D4-LeaderElection11
2023-07-13 06:11:13,446 [4d503614-acf7-4d3e-bd56-c00356288aee@group-D6B37019B6D4-LeaderElection11] INFO  server.RaftServer$Division (RaftServerImpl.java:setRole(329)) - 4d503614-acf7-4d3e-bd56-c00356288aee@group-D6B37019B6D4: changes role from CANDIDATE to LEADER at term 1 for changeToLeader
2023-07-13 06:11:13,446 [4d503614-acf7-4d3e-bd56-c00356288aee@group-D6B37019B6D4-LeaderElection11] INFO  ratis.XceiverServerRatis (XceiverServerRatis.java:handleLeaderChangedNotification(902)) - Leader change notification received for group: group-D6B37019B6D4 with new leaderId: 4d503614-acf7-4d3e-bd56-c00356288aee
2023-07-13 06:11:13,446 [4d503614-acf7-4d3e-bd56-c00356288aee@group-D6B37019B6D4-LeaderElection11] INFO  server.RaftServer$Division (ServerState.java:setLeader(317)) - 4d503614-acf7-4d3e-bd56-c00356288aee@group-D6B37019B6D4: change Leader from null to 4d503614-acf7-4d3e-bd56-c00356288aee at term 1 for becomeLeader, leader elected after 5292ms
2023-07-13 06:11:13,446 [4d503614-acf7-4d3e-bd56-c00356288aee@group-D6B37019B6D4-LeaderElection11] INFO  server.RaftServerConfigKeys (ConfUtils.java:logGet(46)) - raft.server.staging.catchup.gap = 1000 (default)
2023-07-13 06:11:13,446 [eb0edd12-afad-4318-b446-71865e03089a@group-5CCCCE6C36CA-LeaderElection10] INFO  impl.LeaderElection (LeaderElection.java:logAndReturn(90)) - eb0edd12-afad-4318-b446-71865e03089a@group-5CCCCE6C36CA-LeaderElection10: PRE_VOTE PASSED received 1 response(s) and 0 exception(s):
2023-07-13 06:11:13,446 [eb0edd12-afad-4318-b446-71865e03089a@group-5CCCCE6C36CA-LeaderElection10] INFO  impl.LeaderElection (LeaderElection.java:logAndReturn(94)) -   Response 0: eb0edd12-afad-4318-b446-71865e03089a<-4d503614-acf7-4d3e-bd56-c00356288aee#0:OK-t0
2023-07-13 06:11:13,446 [eb0edd12-afad-4318-b446-71865e03089a@group-5CCCCE6C36CA-LeaderElection10] INFO  impl.LeaderElection (LeaderElection.java:askForVotes(323)) - eb0edd12-afad-4318-b446-71865e03089a@group-5CCCCE6C36CA-LeaderElection10 PRE_VOTE round 0: result PASSED
2023-07-13 06:11:13,447 [4d503614-acf7-4d3e-bd56-c00356288aee@group-D6B37019B6D4-LeaderElection11] INFO  server.RaftServerConfigKeys (ConfUtils.java:logGet(46)) - raft.server.write.element-limit = 1024 (custom)
2023-07-13 06:11:13,448 [4d503614-acf7-4d3e-bd56-c00356288aee@group-D6B37019B6D4-LeaderElection11] INFO  server.RaftServerConfigKeys (ConfUtils.java:logGet(46)) - raft.server.write.byte-limit = 1024 M (=1073741824) (custom)
2023-07-13 06:11:13,448 [eb0edd12-afad-4318-b446-71865e03089a@group-5CCCCE6C36CA-LeaderElection10] INFO  impl.LeaderElection (LeaderElection.java:askForVotes(321)) - eb0edd12-afad-4318-b446-71865e03089a@group-5CCCCE6C36CA-LeaderElection10 ELECTION round 0: submit vote requests at term 1 for -1: peers:[eb0edd12-afad-4318-b446-71865e03089a|rpc:10.1.0.28:15041|admin:10.1.0.28:15040|client:10.1.0.28:15039|dataStream:10.1.0.28:15042|priority:1|startupRole:FOLLOWER, 4d503614-acf7-4d3e-bd56-c00356288aee|rpc:10.1.0.28:15050|admin:10.1.0.28:15049|client:10.1.0.28:15048|dataStream:10.1.0.28:15051|priority:0|startupRole:FOLLOWER, 892099fe-78a6-4491-a754-7c56149f1c99|rpc:10.1.0.28:15059|admin:10.1.0.28:15058|client:10.1.0.28:15057|dataStream:10.1.0.28:15060|priority:0|startupRole:FOLLOWER]|listeners:[], old=null
2023-07-13 06:11:13,451 [4d503614-acf7-4d3e-bd56-c00356288aee@group-D6B37019B6D4-LeaderElection11] INFO  server.RaftServerConfigKeys (ConfUtils.java:logGet(46)) - raft.server.watch.timeout = 180s (custom)
2023-07-13 06:11:13,451 [4d503614-acf7-4d3e-bd56-c00356288aee@group-D6B37019B6D4-LeaderElection11] INFO  server.RaftServerConfigKeys (ConfUtils.java:logGet(46)) - raft.server.watch.timeout.denomination = 1s (default)
2023-07-13 06:11:13,451 [4d503614-acf7-4d3e-bd56-c00356288aee@group-D6B37019B6D4-LeaderElection11] INFO  server.RaftServerConfigKeys (ConfUtils.java:logGet(46)) - raft.server.watch.element-limit = 65536 (default)
2023-07-13 06:11:13,452 [4d503614-acf7-4d3e-bd56-c00356288aee@group-D6B37019B6D4-LeaderElection11] INFO  server.RaftServerConfigKeys (ConfUtils.java:logGet(46)) - raft.server.write.element-limit = 1024 (custom)
2023-07-13 06:11:13,452 [4d503614-acf7-4d3e-bd56-c00356288aee@group-D6B37019B6D4-LeaderElection11] INFO  server.RaftServerConfigKeys (ConfUtils.java:logGet(46)) - raft.server.write.follower.gap.ratio.max = -1.0 (default)
2023-07-13 06:11:13,452 [4d503614-acf7-4d3e-bd56-c00356288aee@group-D6B37019B6D4-LeaderElection11] INFO  impl.RoleInfo (RoleInfo.java:updateAndGet(139)) - 4d503614-acf7-4d3e-bd56-c00356288aee: start 4d503614-acf7-4d3e-bd56-c00356288aee@group-D6B37019B6D4-LeaderStateImpl
2023-07-13 06:11:13,452 [4d503614-acf7-4d3e-bd56-c00356288aee@group-D6B37019B6D4-LeaderElection11] INFO  segmented.SegmentedRaftLogWorker (SegmentedRaftLogWorker.java:startLogSegment(447)) - 4d503614-acf7-4d3e-bd56-c00356288aee@group-D6B37019B6D4-SegmentedRaftLogWorker: Starting segment from index:0
2023-07-13 06:11:13,453 [eb0edd12-afad-4318-b446-71865e03089a@group-5CCCCE6C36CA-LeaderElection10] INFO  server.RaftServerConfigKeys (ConfUtils.java:logFallback(53)) - raft.server.rpc.first-election.timeout.min = 5s (fallback to raft.server.rpc.timeout.min)
2023-07-13 06:11:13,453 [eb0edd12-afad-4318-b446-71865e03089a@group-5CCCCE6C36CA-LeaderElection10] INFO  server.RaftServerConfigKeys (ConfUtils.java:logFallback(53)) - raft.server.rpc.first-election.timeout.max = 5200ms (fallback to raft.server.rpc.timeout.max)
2023-07-13 06:11:13,456 [4d503614-acf7-4d3e-bd56-c00356288aee@group-D6B37019B6D4-SegmentedRaftLogWorker] INFO  segmented.SegmentedRaftLogWorker (SegmentedRaftLogWorker.java:execute(651)) - 4d503614-acf7-4d3e-bd56-c00356288aee@group-D6B37019B6D4-SegmentedRaftLogWorker: created new log segment /home/runner/work/ozone/ozone/hadoop-ozone/integration-test/target/test-dir/MiniOzoneClusterImpl-40c29f8c-30b3-4208-9c4d-d76d276bda5b/datanode-4/data/ratis/430ebd84-e4ae-4e68-8694-d6b37019b6d4/current/log_inprogress_0
2023-07-13 06:11:13,462 [grpc-default-executor-2] INFO  server.RaftServer$Division (RaftServerImpl.java:requestVote(1302)) - 4d503614-acf7-4d3e-bd56-c00356288aee@group-5CCCCE6C36CA: receive requestVote(ELECTION, eb0edd12-afad-4318-b446-71865e03089a, group-5CCCCE6C36CA, 1, (t:0, i:0))
2023-07-13 06:11:13,462 [grpc-default-executor-2] INFO  impl.VoteContext (VoteContext.java:log(49)) - 4d503614-acf7-4d3e-bd56-c00356288aee@group-5CCCCE6C36CA-FOLLOWER: accept ELECTION from eb0edd12-afad-4318-b446-71865e03089a: our priority 0 <= candidate's priority 1
2023-07-13 06:11:13,462 [grpc-default-executor-2] INFO  server.RaftServer$Division (RaftServerImpl.java:setRole(329)) - 4d503614-acf7-4d3e-bd56-c00356288aee@group-5CCCCE6C36CA: changes role from  FOLLOWER to FOLLOWER at term 1 for candidate:eb0edd12-afad-4318-b446-71865e03089a
2023-07-13 06:11:13,462 [grpc-default-executor-2] INFO  impl.RoleInfo (RoleInfo.java:shutdownFollowerState(110)) - 4d503614-acf7-4d3e-bd56-c00356288aee: shutdown 4d503614-acf7-4d3e-bd56-c00356288aee@group-5CCCCE6C36CA-FollowerState
2023-07-13 06:11:13,462 [grpc-default-executor-2] INFO  impl.RoleInfo (RoleInfo.java:updateAndGet(139)) - 4d503614-acf7-4d3e-bd56-c00356288aee: start 4d503614-acf7-4d3e-bd56-c00356288aee@group-5CCCCE6C36CA-FollowerState
2023-07-13 06:11:13,462 [4d503614-acf7-4d3e-bd56-c00356288aee@group-D6B37019B6D4-LeaderElection11] INFO  server.RaftServer$Division (ServerState.java:setRaftConf(434)) - 4d503614-acf7-4d3e-bd56-c00356288aee@group-D6B37019B6D4: set configuration 0: peers:[4d503614-acf7-4d3e-bd56-c00356288aee|rpc:10.1.0.28:15050|admin:10.1.0.28:15049|client:10.1.0.28:15048|dataStream:10.1.0.28:15051|priority:1|startupRole:FOLLOWER]|listeners:[], old=null
2023-07-13 06:11:13,462 [4d503614-acf7-4d3e-bd56-c00356288aee@group-5CCCCE6C36CA-FollowerState] INFO  impl.FollowerState (FollowerState.java:run(152)) - 4d503614-acf7-4d3e-bd56-c00356288aee@group-5CCCCE6C36CA-FollowerState was interrupted
2023-07-13 06:11:13,463 [grpc-default-executor-0] INFO  server.RaftServer$Division (RaftServerImpl.java:requestVote(1302)) - 892099fe-78a6-4491-a754-7c56149f1c99@group-5CCCCE6C36CA: receive requestVote(ELECTION, eb0edd12-afad-4318-b446-71865e03089a, group-5CCCCE6C36CA, 1, (t:0, i:0))
2023-07-13 06:11:13,463 [grpc-default-executor-0] INFO  impl.VoteContext (VoteContext.java:log(49)) - 892099fe-78a6-4491-a754-7c56149f1c99@group-5CCCCE6C36CA-FOLLOWER: accept ELECTION from eb0edd12-afad-4318-b446-71865e03089a: our priority 0 <= candidate's priority 1
2023-07-13 06:11:13,463 [grpc-default-executor-0] INFO  server.RaftServer$Division (RaftServerImpl.java:setRole(329)) - 892099fe-78a6-4491-a754-7c56149f1c99@group-5CCCCE6C36CA: changes role from  FOLLOWER to FOLLOWER at term 1 for candidate:eb0edd12-afad-4318-b446-71865e03089a
2023-07-13 06:11:13,463 [grpc-default-executor-0] INFO  impl.RoleInfo (RoleInfo.java:shutdownFollowerState(110)) - 892099fe-78a6-4491-a754-7c56149f1c99: shutdown 892099fe-78a6-4491-a754-7c56149f1c99@group-5CCCCE6C36CA-FollowerState
2023-07-13 06:11:13,469 [grpc-default-executor-0] INFO  impl.RoleInfo (RoleInfo.java:updateAndGet(139)) - 892099fe-78a6-4491-a754-7c56149f1c99: start 892099fe-78a6-4491-a754-7c56149f1c99@group-5CCCCE6C36CA-FollowerState
2023-07-13 06:11:13,469 [892099fe-78a6-4491-a754-7c56149f1c99@group-5CCCCE6C36CA-FollowerState] INFO  impl.FollowerState (FollowerState.java:run(152)) - 892099fe-78a6-4491-a754-7c56149f1c99@group-5CCCCE6C36CA-FollowerState was interrupted
2023-07-13 06:11:13,474 [grpc-default-executor-2] INFO  server.RaftServer$Division (RaftServerImpl.java:requestVote(1335)) - 4d503614-acf7-4d3e-bd56-c00356288aee@group-5CCCCE6C36CA replies to ELECTION vote request: eb0edd12-afad-4318-b446-71865e03089a<-4d503614-acf7-4d3e-bd56-c00356288aee#0:OK-t1. Peer's state: 4d503614-acf7-4d3e-bd56-c00356288aee@group-5CCCCE6C36CA:t1, leader=null, voted=eb0edd12-afad-4318-b446-71865e03089a, raftlog=Memoized:4d503614-acf7-4d3e-bd56-c00356288aee@group-5CCCCE6C36CA-SegmentedRaftLog:OPENED:c-1, conf=-1: peers:[eb0edd12-afad-4318-b446-71865e03089a|rpc:10.1.0.28:15041|admin:10.1.0.28:15040|client:10.1.0.28:15039|dataStream:10.1.0.28:15042|priority:1|startupRole:FOLLOWER, 4d503614-acf7-4d3e-bd56-c00356288aee|rpc:10.1.0.28:15050|admin:10.1.0.28:15049|client:10.1.0.28:15048|dataStream:10.1.0.28:15051|priority:0|startupRole:FOLLOWER, 892099fe-78a6-4491-a754-7c56149f1c99|rpc:10.1.0.28:15059|admin:10.1.0.28:15058|client:10.1.0.28:15057|dataStream:10.1.0.28:15060|priority:0|startupRole:FOLLOWER]|listeners:[], old=null
2023-07-13 06:11:13,475 [grpc-default-executor-0] INFO  server.RaftServer$Division (RaftServerImpl.java:requestVote(1335)) - 892099fe-78a6-4491-a754-7c56149f1c99@group-5CCCCE6C36CA replies to ELECTION vote request: eb0edd12-afad-4318-b446-71865e03089a<-892099fe-78a6-4491-a754-7c56149f1c99#0:OK-t1. Peer's state: 892099fe-78a6-4491-a754-7c56149f1c99@group-5CCCCE6C36CA:t1, leader=null, voted=eb0edd12-afad-4318-b446-71865e03089a, raftlog=Memoized:892099fe-78a6-4491-a754-7c56149f1c99@group-5CCCCE6C36CA-SegmentedRaftLog:OPENED:c-1, conf=-1: peers:[eb0edd12-afad-4318-b446-71865e03089a|rpc:10.1.0.28:15041|admin:10.1.0.28:15040|client:10.1.0.28:15039|dataStream:10.1.0.28:15042|priority:1|startupRole:FOLLOWER, 4d503614-acf7-4d3e-bd56-c00356288aee|rpc:10.1.0.28:15050|admin:10.1.0.28:15049|client:10.1.0.28:15048|dataStream:10.1.0.28:15051|priority:0|startupRole:FOLLOWER, 892099fe-78a6-4491-a754-7c56149f1c99|rpc:10.1.0.28:15059|admin:10.1.0.28:15058|client:10.1.0.28:15057|dataStream:10.1.0.28:15060|priority:0|startupRole:FOLLOWER]|listeners:[], old=null
2023-07-13 06:11:13,475 [eb0edd12-afad-4318-b446-71865e03089a@group-5CCCCE6C36CA-LeaderElection10] INFO  impl.LeaderElection (LeaderElection.java:logAndReturn(90)) - eb0edd12-afad-4318-b446-71865e03089a@group-5CCCCE6C36CA-LeaderElection10: ELECTION PASSED received 1 response(s) and 0 exception(s):
2023-07-13 06:11:13,475 [eb0edd12-afad-4318-b446-71865e03089a@group-5CCCCE6C36CA-LeaderElection10] INFO  impl.LeaderElection (LeaderElection.java:logAndReturn(94)) -   Response 0: eb0edd12-afad-4318-b446-71865e03089a<-4d503614-acf7-4d3e-bd56-c00356288aee#0:OK-t1
2023-07-13 06:11:13,476 [eb0edd12-afad-4318-b446-71865e03089a@group-5CCCCE6C36CA-LeaderElection10] INFO  impl.LeaderElection (LeaderElection.java:askForVotes(323)) - eb0edd12-afad-4318-b446-71865e03089a@group-5CCCCE6C36CA-LeaderElection10 ELECTION round 0: result PASSED
2023-07-13 06:11:13,476 [eb0edd12-afad-4318-b446-71865e03089a@group-5CCCCE6C36CA-LeaderElection10] INFO  impl.RoleInfo (RoleInfo.java:shutdownLeaderElection(130)) - eb0edd12-afad-4318-b446-71865e03089a: shutdown eb0edd12-afad-4318-b446-71865e03089a@group-5CCCCE6C36CA-LeaderElection10
2023-07-13 06:11:13,476 [eb0edd12-afad-4318-b446-71865e03089a@group-5CCCCE6C36CA-LeaderElection10] INFO  server.RaftServer$Division (RaftServerImpl.java:setRole(329)) - eb0edd12-afad-4318-b446-71865e03089a@group-5CCCCE6C36CA: changes role from CANDIDATE to LEADER at term 1 for changeToLeader
2023-07-13 06:11:13,476 [eb0edd12-afad-4318-b446-71865e03089a@group-5CCCCE6C36CA-LeaderElection10] INFO  ratis.XceiverServerRatis (XceiverServerRatis.java:handleLeaderChangedNotification(902)) - Leader change notification received for group: group-5CCCCE6C36CA with new leaderId: eb0edd12-afad-4318-b446-71865e03089a
2023-07-13 06:11:13,476 [eb0edd12-afad-4318-b446-71865e03089a@group-5CCCCE6C36CA-LeaderElection10] INFO  server.RaftServer$Division (ServerState.java:setLeader(317)) - eb0edd12-afad-4318-b446-71865e03089a@group-5CCCCE6C36CA: change Leader from null to eb0edd12-afad-4318-b446-71865e03089a at term 1 for becomeLeader, leader elected after 5306ms
2023-07-13 06:11:13,476 [eb0edd12-afad-4318-b446-71865e03089a@group-5CCCCE6C36CA-LeaderElection10] INFO  server.RaftServerConfigKeys (ConfUtils.java:logGet(46)) - raft.server.staging.catchup.gap = 1000 (default)
2023-07-13 06:11:13,483 [eb0edd12-afad-4318-b446-71865e03089a@group-5CCCCE6C36CA-LeaderElection10] INFO  server.RaftServerConfigKeys (ConfUtils.java:logGet(46)) - raft.server.write.element-limit = 1024 (custom)
2023-07-13 06:11:13,484 [eb0edd12-afad-4318-b446-71865e03089a@group-5CCCCE6C36CA-LeaderElection10] INFO  server.RaftServerConfigKeys (ConfUtils.java:logGet(46)) - raft.server.write.byte-limit = 1024 M (=1073741824) (custom)
2023-07-13 06:11:13,484 [eb0edd12-afad-4318-b446-71865e03089a@group-5CCCCE6C36CA-LeaderElection10] INFO  server.RaftServerConfigKeys (ConfUtils.java:logGet(46)) - raft.server.watch.timeout = 180s (custom)
2023-07-13 06:11:13,484 [eb0edd12-afad-4318-b446-71865e03089a@group-5CCCCE6C36CA-LeaderElection10] INFO  server.RaftServerConfigKeys (ConfUtils.java:logGet(46)) - raft.server.watch.timeout.denomination = 1s (default)
2023-07-13 06:11:13,484 [eb0edd12-afad-4318-b446-71865e03089a@group-5CCCCE6C36CA-LeaderElection10] INFO  server.RaftServerConfigKeys (ConfUtils.java:logGet(46)) - raft.server.watch.element-limit = 65536 (default)
2023-07-13 06:11:13,484 [eb0edd12-afad-4318-b446-71865e03089a@group-5CCCCE6C36CA-LeaderElection10] INFO  server.RaftServerConfigKeys (ConfUtils.java:logGet(46)) - raft.server.write.element-limit = 1024 (custom)
2023-07-13 06:11:13,484 [eb0edd12-afad-4318-b446-71865e03089a@group-5CCCCE6C36CA-LeaderElection10] INFO  server.RaftServerConfigKeys (ConfUtils.java:logGet(46)) - raft.server.write.follower.gap.ratio.max = -1.0 (default)
2023-07-13 06:11:13,485 [eb0edd12-afad-4318-b446-71865e03089a@group-5CCCCE6C36CA-LeaderElection10] INFO  server.RaftServerConfigKeys (ConfUtils.java:logGet(46)) - raft.server.log.appender.snapshot.chunk.size.max = 16MB (=16777216) (default)
2023-07-13 06:11:13,485 [eb0edd12-afad-4318-b446-71865e03089a@group-5CCCCE6C36CA-LeaderElection10] INFO  server.RaftServerConfigKeys (ConfUtils.java:logGet(46)) - raft.server.log.appender.buffer.byte-limit = 33554432 (custom)
2023-07-13 06:11:13,485 [eb0edd12-afad-4318-b446-71865e03089a@group-5CCCCE6C36CA-LeaderElection10] INFO  server.RaftServerConfigKeys (ConfUtils.java:logGet(46)) - raft.server.log.appender.buffer.element-limit = 1 (custom)
2023-07-13 06:11:13,485 [eb0edd12-afad-4318-b446-71865e03089a@group-5CCCCE6C36CA-LeaderElection10] INFO  server.RaftServerConfigKeys (ConfUtils.java:logGet(46)) - raft.server.log.appender.wait-time.min = 10ms (default)
2023-07-13 06:11:13,486 [eb0edd12-afad-4318-b446-71865e03089a@group-5CCCCE6C36CA-LeaderElection10] INFO  grpc.GrpcConfigKeys (ConfUtils.java:logGet(46)) - raft.grpc.server.leader.outstanding.appends.max = 128 (default)
2023-07-13 06:11:13,486 [eb0edd12-afad-4318-b446-71865e03089a@group-5CCCCE6C36CA-LeaderElection10] INFO  server.RaftServerConfigKeys (ConfUtils.java:logGet(46)) - raft.server.rpc.request.timeout = 60s (custom)
2023-07-13 06:11:13,486 [eb0edd12-afad-4318-b446-71865e03089a@group-5CCCCE6C36CA-LeaderElection10] INFO  grpc.GrpcConfigKeys (ConfUtils.java:logGet(46)) - raft.grpc.server.install_snapshot.request.element-limit = 8 (default)
2023-07-13 06:11:13,486 [eb0edd12-afad-4318-b446-71865e03089a@group-5CCCCE6C36CA-LeaderElection10] INFO  grpc.GrpcConfigKeys (ConfUtils.java:logGet(46)) - raft.grpc.server.install_snapshot.request.timeout = 3000ms (default)
2023-07-13 06:11:13,486 [eb0edd12-afad-4318-b446-71865e03089a@group-5CCCCE6C36CA-LeaderElection10] INFO  server.RaftServerConfigKeys (ConfUtils.java:logGet(46)) - raft.server.log.appender.install.snapshot.enabled = false (custom)
2023-07-13 06:11:13,486 [eb0edd12-afad-4318-b446-71865e03089a@group-5CCCCE6C36CA-LeaderElection10] INFO  grpc.GrpcConfigKeys (ConfUtils.java:logGet(46)) - raft.grpc.server.heartbeat.channel = true (default)
2023-07-13 06:11:13,487 [eb0edd12-afad-4318-b446-71865e03089a@group-5CCCCE6C36CA-LeaderElection10] INFO  server.RaftServerConfigKeys (ConfUtils.java:logGet(46)) - raft.server.log.appender.snapshot.chunk.size.max = 16MB (=16777216) (default)
2023-07-13 06:11:13,487 [eb0edd12-afad-4318-b446-71865e03089a@group-5CCCCE6C36CA-LeaderElection10] INFO  server.RaftServerConfigKeys (ConfUtils.java:logGet(46)) - raft.server.log.appender.buffer.byte-limit = 33554432 (custom)
2023-07-13 06:11:13,487 [eb0edd12-afad-4318-b446-71865e03089a@group-5CCCCE6C36CA-LeaderElection10] INFO  server.RaftServerConfigKeys (ConfUtils.java:logGet(46)) - raft.server.log.appender.buffer.element-limit = 1 (custom)
2023-07-13 06:11:13,487 [eb0edd12-afad-4318-b446-71865e03089a@group-5CCCCE6C36CA-LeaderElection10] INFO  server.RaftServerConfigKeys (ConfUtils.java:logGet(46)) - raft.server.log.appender.wait-time.min = 10ms (default)
2023-07-13 06:11:13,487 [eb0edd12-afad-4318-b446-71865e03089a@group-5CCCCE6C36CA-LeaderElection10] INFO  grpc.GrpcConfigKeys (ConfUtils.java:logGet(46)) - raft.grpc.server.leader.outstanding.appends.max = 128 (default)
2023-07-13 06:11:13,487 [eb0edd12-afad-4318-b446-71865e03089a@group-5CCCCE6C36CA-LeaderElection10] INFO  server.RaftServerConfigKeys (ConfUtils.java:logGet(46)) - raft.server.rpc.request.timeout = 60s (custom)
2023-07-13 06:11:13,487 [eb0edd12-afad-4318-b446-71865e03089a@group-5CCCCE6C36CA-LeaderElection10] INFO  grpc.GrpcConfigKeys (ConfUtils.java:logGet(46)) - raft.grpc.server.install_snapshot.request.element-limit = 8 (default)
2023-07-13 06:11:13,487 [eb0edd12-afad-4318-b446-71865e03089a@group-5CCCCE6C36CA-LeaderElection10] INFO  grpc.GrpcConfigKeys (ConfUtils.java:logGet(46)) - raft.grpc.server.install_snapshot.request.timeout = 3000ms (default)
2023-07-13 06:11:13,487 [eb0edd12-afad-4318-b446-71865e03089a@group-5CCCCE6C36CA-LeaderElection10] INFO  server.RaftServerConfigKeys (ConfUtils.java:logGet(46)) - raft.server.log.appender.install.snapshot.enabled = false (custom)
2023-07-13 06:11:13,487 [eb0edd12-afad-4318-b446-71865e03089a@group-5CCCCE6C36CA-LeaderElection10] INFO  grpc.GrpcConfigKeys (ConfUtils.java:logGet(46)) - raft.grpc.server.heartbeat.channel = true (default)
2023-07-13 06:11:13,491 [EventQueue-PipelineReportForPipelineReportHandler] INFO  pipeline.PipelineReportHandler (PipelineReportHandler.java:processPipelineReport(136)) - Opened pipeline PipelineID=fb173f23-772a-40a4-b62a-5cccce6c36ca
2023-07-13 06:11:13,492 [eb0edd12-afad-4318-b446-71865e03089a@group-5CCCCE6C36CA-LeaderElection10] INFO  impl.RoleInfo (RoleInfo.java:updateAndGet(139)) - eb0edd12-afad-4318-b446-71865e03089a: start eb0edd12-afad-4318-b446-71865e03089a@group-5CCCCE6C36CA-LeaderStateImpl
2023-07-13 06:11:13,494 [eb0edd12-afad-4318-b446-71865e03089a@group-5CCCCE6C36CA-LeaderElection10] INFO  segmented.SegmentedRaftLogWorker (SegmentedRaftLogWorker.java:startLogSegment(447)) - eb0edd12-afad-4318-b446-71865e03089a@group-5CCCCE6C36CA-SegmentedRaftLogWorker: Starting segment from index:0
2023-07-13 06:11:13,496 [eb0edd12-afad-4318-b446-71865e03089a@group-5CCCCE6C36CA-SegmentedRaftLogWorker] INFO  segmented.SegmentedRaftLogWorker (SegmentedRaftLogWorker.java:execute(651)) - eb0edd12-afad-4318-b446-71865e03089a@group-5CCCCE6C36CA-SegmentedRaftLogWorker: created new log segment /home/runner/work/ozone/ozone/hadoop-ozone/integration-test/target/test-dir/MiniOzoneClusterImpl-40c29f8c-30b3-4208-9c4d-d76d276bda5b/datanode-3/data/ratis/fb173f23-772a-40a4-b62a-5cccce6c36ca/current/log_inprogress_0
2023-07-13 06:11:13,505 [eb0edd12-afad-4318-b446-71865e03089a@group-5CCCCE6C36CA-LeaderElection10] INFO  server.RaftServer$Division (ServerState.java:setRaftConf(434)) - eb0edd12-afad-4318-b446-71865e03089a@group-5CCCCE6C36CA: set configuration 0: peers:[eb0edd12-afad-4318-b446-71865e03089a|rpc:10.1.0.28:15041|admin:10.1.0.28:15040|client:10.1.0.28:15039|dataStream:10.1.0.28:15042|priority:1|startupRole:FOLLOWER, 4d503614-acf7-4d3e-bd56-c00356288aee|rpc:10.1.0.28:15050|admin:10.1.0.28:15049|client:10.1.0.28:15048|dataStream:10.1.0.28:15051|priority:0|startupRole:FOLLOWER, 892099fe-78a6-4491-a754-7c56149f1c99|rpc:10.1.0.28:15059|admin:10.1.0.28:15058|client:10.1.0.28:15057|dataStream:10.1.0.28:15060|priority:0|startupRole:FOLLOWER]|listeners:[], old=null
2023-07-13 06:11:13,510 [4d503614-acf7-4d3e-bd56-c00356288aee-server-thread1] INFO  ratis.XceiverServerRatis (XceiverServerRatis.java:handleLeaderChangedNotification(902)) - Leader change notification received for group: group-5CCCCE6C36CA with new leaderId: eb0edd12-afad-4318-b446-71865e03089a
2023-07-13 06:11:13,510 [4d503614-acf7-4d3e-bd56-c00356288aee-server-thread1] INFO  server.RaftServer$Division (ServerState.java:setLeader(317)) - 4d503614-acf7-4d3e-bd56-c00356288aee@group-5CCCCE6C36CA: change Leader from null to eb0edd12-afad-4318-b446-71865e03089a at term 1 for appendEntries, leader elected after 5274ms
2023-07-13 06:11:13,530 [4d503614-acf7-4d3e-bd56-c00356288aee-server-thread2] INFO  server.RaftServer$Division (ServerState.java:setRaftConf(434)) - 4d503614-acf7-4d3e-bd56-c00356288aee@group-5CCCCE6C36CA: set configuration 0: peers:[eb0edd12-afad-4318-b446-71865e03089a|rpc:10.1.0.28:15041|admin:10.1.0.28:15040|client:10.1.0.28:15039|dataStream:10.1.0.28:15042|priority:1|startupRole:FOLLOWER, 4d503614-acf7-4d3e-bd56-c00356288aee|rpc:10.1.0.28:15050|admin:10.1.0.28:15049|client:10.1.0.28:15048|dataStream:10.1.0.28:15051|priority:0|startupRole:FOLLOWER, 892099fe-78a6-4491-a754-7c56149f1c99|rpc:10.1.0.28:15059|admin:10.1.0.28:15058|client:10.1.0.28:15057|dataStream:10.1.0.28:15060|priority:0|startupRole:FOLLOWER]|listeners:[], old=null
2023-07-13 06:11:13,534 [4d503614-acf7-4d3e-bd56-c00356288aee-server-thread2] INFO  segmented.SegmentedRaftLogWorker (SegmentedRaftLogWorker.java:startLogSegment(447)) - 4d503614-acf7-4d3e-bd56-c00356288aee@group-5CCCCE6C36CA-SegmentedRaftLogWorker: Starting segment from index:0
2023-07-13 06:11:13,536 [4d503614-acf7-4d3e-bd56-c00356288aee@group-5CCCCE6C36CA-SegmentedRaftLogWorker] INFO  segmented.SegmentedRaftLogWorker (SegmentedRaftLogWorker.java:execute(651)) - 4d503614-acf7-4d3e-bd56-c00356288aee@group-5CCCCE6C36CA-SegmentedRaftLogWorker: created new log segment /home/runner/work/ozone/ozone/hadoop-ozone/integration-test/target/test-dir/MiniOzoneClusterImpl-40c29f8c-30b3-4208-9c4d-d76d276bda5b/datanode-4/data/ratis/fb173f23-772a-40a4-b62a-5cccce6c36ca/current/log_inprogress_0
2023-07-13 06:11:13,545 [892099fe-78a6-4491-a754-7c56149f1c99-server-thread1] INFO  ratis.XceiverServerRatis (XceiverServerRatis.java:handleLeaderChangedNotification(902)) - Leader change notification received for group: group-5CCCCE6C36CA with new leaderId: eb0edd12-afad-4318-b446-71865e03089a
2023-07-13 06:11:13,545 [892099fe-78a6-4491-a754-7c56149f1c99-server-thread1] INFO  server.RaftServer$Division (ServerState.java:setLeader(317)) - 892099fe-78a6-4491-a754-7c56149f1c99@group-5CCCCE6C36CA: change Leader from null to eb0edd12-afad-4318-b446-71865e03089a at term 1 for appendEntries, leader elected after 5251ms
2023-07-13 06:11:13,559 [892099fe-78a6-4491-a754-7c56149f1c99-server-thread2] INFO  server.RaftServer$Division (ServerState.java:setRaftConf(434)) - 892099fe-78a6-4491-a754-7c56149f1c99@group-5CCCCE6C36CA: set configuration 0: peers:[eb0edd12-afad-4318-b446-71865e03089a|rpc:10.1.0.28:15041|admin:10.1.0.28:15040|client:10.1.0.28:15039|dataStream:10.1.0.28:15042|priority:1|startupRole:FOLLOWER, 4d503614-acf7-4d3e-bd56-c00356288aee|rpc:10.1.0.28:15050|admin:10.1.0.28:15049|client:10.1.0.28:15048|dataStream:10.1.0.28:15051|priority:0|startupRole:FOLLOWER, 892099fe-78a6-4491-a754-7c56149f1c99|rpc:10.1.0.28:15059|admin:10.1.0.28:15058|client:10.1.0.28:15057|dataStream:10.1.0.28:15060|priority:0|startupRole:FOLLOWER]|listeners:[], old=null
2023-07-13 06:11:13,560 [892099fe-78a6-4491-a754-7c56149f1c99-server-thread2] INFO  segmented.SegmentedRaftLogWorker (SegmentedRaftLogWorker.java:startLogSegment(447)) - 892099fe-78a6-4491-a754-7c56149f1c99@group-5CCCCE6C36CA-SegmentedRaftLogWorker: Starting segment from index:0
2023-07-13 06:11:13,562 [892099fe-78a6-4491-a754-7c56149f1c99@group-5CCCCE6C36CA-SegmentedRaftLogWorker] INFO  segmented.SegmentedRaftLogWorker (SegmentedRaftLogWorker.java:execute(651)) - 892099fe-78a6-4491-a754-7c56149f1c99@group-5CCCCE6C36CA-SegmentedRaftLogWorker: created new log segment /home/runner/work/ozone/ozone/hadoop-ozone/integration-test/target/test-dir/MiniOzoneClusterImpl-40c29f8c-30b3-4208-9c4d-d76d276bda5b/datanode-5/data/ratis/fb173f23-772a-40a4-b62a-5cccce6c36ca/current/log_inprogress_0
2023-07-13 06:11:13,606 [qtp1221433900-18] INFO  kms-audit (SimpleKMSAuditLogger.java:logAuditSimpleFormat(93)) - OK[op=CREATE_KEY, key=key1, user=runner] UserProvidedMaterial:false Description:key1
2023-07-13 06:11:13,611 [eb0edd12-afad-4318-b446-71865e03089a@group-5689823E11F9-FollowerState] INFO  impl.FollowerState (FollowerState.java:run(143)) - eb0edd12-afad-4318-b446-71865e03089a@group-5689823E11F9-FollowerState: change to CANDIDATE, lastRpcElapsedTime:5103273154ns, electionTimeout:5097ms
2023-07-13 06:11:13,612 [eb0edd12-afad-4318-b446-71865e03089a@group-5689823E11F9-FollowerState] INFO  impl.RoleInfo (RoleInfo.java:shutdownFollowerState(110)) - eb0edd12-afad-4318-b446-71865e03089a: shutdown eb0edd12-afad-4318-b446-71865e03089a@group-5689823E11F9-FollowerState
2023-07-13 06:11:13,612 [eb0edd12-afad-4318-b446-71865e03089a@group-5689823E11F9-FollowerState] INFO  server.RaftServer$Division (RaftServerImpl.java:setRole(329)) - eb0edd12-afad-4318-b446-71865e03089a@group-5689823E11F9: changes role from  FOLLOWER to CANDIDATE at term 0 for changeToCandidate
2023-07-13 06:11:13,612 [eb0edd12-afad-4318-b446-71865e03089a@group-5689823E11F9-FollowerState] INFO  server.RaftServerConfigKeys (ConfUtils.java:logGet(46)) - raft.server.leaderelection.pre-vote = true (default)
2023-07-13 06:11:13,612 [eb0edd12-afad-4318-b446-71865e03089a@group-5689823E11F9-FollowerState] INFO  impl.RoleInfo (RoleInfo.java:updateAndGet(139)) - eb0edd12-afad-4318-b446-71865e03089a: start eb0edd12-afad-4318-b446-71865e03089a@group-5689823E11F9-LeaderElection12
2023-07-13 06:11:13,629 [eb0edd12-afad-4318-b446-71865e03089a@group-5689823E11F9-LeaderElection12] INFO  impl.LeaderElection (LeaderElection.java:askForVotes(321)) - eb0edd12-afad-4318-b446-71865e03089a@group-5689823E11F9-LeaderElection12 PRE_VOTE round 0: submit vote requests at term 0 for -1: peers:[eb0edd12-afad-4318-b446-71865e03089a|rpc:10.1.0.28:15041|admin:10.1.0.28:15040|client:10.1.0.28:15039|dataStream:10.1.0.28:15042|priority:0|startupRole:FOLLOWER, 4d503614-acf7-4d3e-bd56-c00356288aee|rpc:10.1.0.28:15050|admin:10.1.0.28:15049|client:10.1.0.28:15048|dataStream:10.1.0.28:15051|priority:0|startupRole:FOLLOWER, 892099fe-78a6-4491-a754-7c56149f1c99|rpc:10.1.0.28:15059|admin:10.1.0.28:15058|client:10.1.0.28:15057|dataStream:10.1.0.28:15060|priority:1|startupRole:FOLLOWER]|listeners:[], old=null
2023-07-13 06:11:13,640 [eb0edd12-afad-4318-b446-71865e03089a@group-5689823E11F9-LeaderElection12] INFO  server.RaftServerConfigKeys (ConfUtils.java:logFallback(53)) - raft.server.rpc.first-election.timeout.min = 5s (fallback to raft.server.rpc.timeout.min)
2023-07-13 06:11:13,640 [eb0edd12-afad-4318-b446-71865e03089a@group-5689823E11F9-LeaderElection12] INFO  server.RaftServerConfigKeys (ConfUtils.java:logFallback(53)) - raft.server.rpc.first-election.timeout.max = 5200ms (fallback to raft.server.rpc.timeout.max)
2023-07-13 06:11:13,643 [grpc-default-executor-2] INFO  server.RaftServer$Division (RaftServerImpl.java:requestVote(1302)) - 4d503614-acf7-4d3e-bd56-c00356288aee@group-5689823E11F9: receive requestVote(PRE_VOTE, eb0edd12-afad-4318-b446-71865e03089a, group-5689823E11F9, 0, (t:0, i:0))
2023-07-13 06:11:13,644 [grpc-default-executor-2] INFO  impl.VoteContext (VoteContext.java:log(49)) - 4d503614-acf7-4d3e-bd56-c00356288aee@group-5689823E11F9-FOLLOWER: accept PRE_VOTE from eb0edd12-afad-4318-b446-71865e03089a: our priority 0 <= candidate's priority 0
2023-07-13 06:11:13,644 [grpc-default-executor-2] INFO  server.RaftServer$Division (RaftServerImpl.java:requestVote(1335)) - 4d503614-acf7-4d3e-bd56-c00356288aee@group-5689823E11F9 replies to PRE_VOTE vote request: eb0edd12-afad-4318-b446-71865e03089a<-4d503614-acf7-4d3e-bd56-c00356288aee#0:OK-t0. Peer's state: 4d503614-acf7-4d3e-bd56-c00356288aee@group-5689823E11F9:t0, leader=null, voted=, raftlog=Memoized:4d503614-acf7-4d3e-bd56-c00356288aee@group-5689823E11F9-SegmentedRaftLog:OPENED:c-1, conf=-1: peers:[eb0edd12-afad-4318-b446-71865e03089a|rpc:10.1.0.28:15041|admin:10.1.0.28:15040|client:10.1.0.28:15039|dataStream:10.1.0.28:15042|priority:0|startupRole:FOLLOWER, 4d503614-acf7-4d3e-bd56-c00356288aee|rpc:10.1.0.28:15050|admin:10.1.0.28:15049|client:10.1.0.28:15048|dataStream:10.1.0.28:15051|priority:0|startupRole:FOLLOWER, 892099fe-78a6-4491-a754-7c56149f1c99|rpc:10.1.0.28:15059|admin:10.1.0.28:15058|client:10.1.0.28:15057|dataStream:10.1.0.28:15060|priority:1|startupRole:FOLLOWER]|listeners:[], old=null
2023-07-13 06:11:13,654 [grpc-default-executor-4] INFO  server.RaftServer$Division (RaftServerImpl.java:requestVote(1302)) - 892099fe-78a6-4491-a754-7c56149f1c99@group-5689823E11F9: receive requestVote(PRE_VOTE, eb0edd12-afad-4318-b446-71865e03089a, group-5689823E11F9, 0, (t:0, i:0))
2023-07-13 06:11:13,655 [grpc-default-executor-4] INFO  impl.VoteContext (VoteContext.java:log(49)) - 892099fe-78a6-4491-a754-7c56149f1c99@group-5689823E11F9-FOLLOWER: reject PRE_VOTE from eb0edd12-afad-4318-b446-71865e03089a: our priority 1 > candidate's priority 0
2023-07-13 06:11:13,655 [grpc-default-executor-4] INFO  server.RaftServer$Division (RaftServerImpl.java:requestVote(1335)) - 892099fe-78a6-4491-a754-7c56149f1c99@group-5689823E11F9 replies to PRE_VOTE vote request: eb0edd12-afad-4318-b446-71865e03089a<-892099fe-78a6-4491-a754-7c56149f1c99#0:FAIL-t0. Peer's state: 892099fe-78a6-4491-a754-7c56149f1c99@group-5689823E11F9:t0, leader=null, voted=, raftlog=Memoized:892099fe-78a6-4491-a754-7c56149f1c99@group-5689823E11F9-SegmentedRaftLog:OPENED:c-1, conf=-1: peers:[eb0edd12-afad-4318-b446-71865e03089a|rpc:10.1.0.28:15041|admin:10.1.0.28:15040|client:10.1.0.28:15039|dataStream:10.1.0.28:15042|priority:0|startupRole:FOLLOWER, 4d503614-acf7-4d3e-bd56-c00356288aee|rpc:10.1.0.28:15050|admin:10.1.0.28:15049|client:10.1.0.28:15048|dataStream:10.1.0.28:15051|priority:0|startupRole:FOLLOWER, 892099fe-78a6-4491-a754-7c56149f1c99|rpc:10.1.0.28:15059|admin:10.1.0.28:15058|client:10.1.0.28:15057|dataStream:10.1.0.28:15060|priority:1|startupRole:FOLLOWER]|listeners:[], old=null
2023-07-13 06:11:13,656 [eb0edd12-afad-4318-b446-71865e03089a@group-5689823E11F9-LeaderElection12] INFO  impl.LeaderElection (LeaderElection.java:logAndReturn(90)) - eb0edd12-afad-4318-b446-71865e03089a@group-5689823E11F9-LeaderElection12: PRE_VOTE REJECTED received 2 response(s) and 0 exception(s):
2023-07-13 06:11:13,656 [eb0edd12-afad-4318-b446-71865e03089a@group-5689823E11F9-LeaderElection12] INFO  impl.LeaderElection (LeaderElection.java:logAndReturn(94)) -   Response 0: eb0edd12-afad-4318-b446-71865e03089a<-4d503614-acf7-4d3e-bd56-c00356288aee#0:OK-t0
2023-07-13 06:11:13,656 [eb0edd12-afad-4318-b446-71865e03089a@group-5689823E11F9-LeaderElection12] INFO  impl.LeaderElection (LeaderElection.java:logAndReturn(94)) -   Response 1: eb0edd12-afad-4318-b446-71865e03089a<-892099fe-78a6-4491-a754-7c56149f1c99#0:FAIL-t0
2023-07-13 06:11:13,656 [eb0edd12-afad-4318-b446-71865e03089a@group-5689823E11F9-LeaderElection12] INFO  impl.LeaderElection (LeaderElection.java:askForVotes(323)) - eb0edd12-afad-4318-b446-71865e03089a@group-5689823E11F9-LeaderElection12 PRE_VOTE round 0: result REJECTED
2023-07-13 06:11:13,656 [eb0edd12-afad-4318-b446-71865e03089a@group-5689823E11F9-LeaderElection12] INFO  server.RaftServer$Division (RaftServerImpl.java:setRole(329)) - eb0edd12-afad-4318-b446-71865e03089a@group-5689823E11F9: changes role from CANDIDATE to FOLLOWER at term 0 for REJECTED
2023-07-13 06:11:13,657 [eb0edd12-afad-4318-b446-71865e03089a@group-5689823E11F9-LeaderElection12] INFO  impl.RoleInfo (RoleInfo.java:shutdownLeaderElection(130)) - eb0edd12-afad-4318-b446-71865e03089a: shutdown eb0edd12-afad-4318-b446-71865e03089a@group-5689823E11F9-LeaderElection12
2023-07-13 06:11:13,657 [eb0edd12-afad-4318-b446-71865e03089a@group-5689823E11F9-LeaderElection12] INFO  impl.RoleInfo (RoleInfo.java:updateAndGet(139)) - eb0edd12-afad-4318-b446-71865e03089a: start eb0edd12-afad-4318-b446-71865e03089a@group-5689823E11F9-FollowerState
2023-07-13 06:11:13,663 [main] INFO  rpc.RpcClient (RpcClient.java:createVolume(460)) - Creating Volume: c7ccbdf9-7053-4079-bde3-6108a642f06f, with runner as owner and space quota set to -1 bytes, counts quota set to -1
2023-07-13 06:11:13,675 [892099fe-78a6-4491-a754-7c56149f1c99@group-5689823E11F9-FollowerState] INFO  impl.FollowerState (FollowerState.java:run(143)) - 892099fe-78a6-4491-a754-7c56149f1c99@group-5689823E11F9-FollowerState: change to CANDIDATE, lastRpcElapsedTime:5077035373ns, electionTimeout:5057ms
2023-07-13 06:11:13,675 [892099fe-78a6-4491-a754-7c56149f1c99@group-5689823E11F9-FollowerState] INFO  impl.RoleInfo (RoleInfo.java:shutdownFollowerState(110)) - 892099fe-78a6-4491-a754-7c56149f1c99: shutdown 892099fe-78a6-4491-a754-7c56149f1c99@group-5689823E11F9-FollowerState
2023-07-13 06:11:13,675 [892099fe-78a6-4491-a754-7c56149f1c99@group-5689823E11F9-FollowerState] INFO  server.RaftServer$Division (RaftServerImpl.java:setRole(329)) - 892099fe-78a6-4491-a754-7c56149f1c99@group-5689823E11F9: changes role from  FOLLOWER to CANDIDATE at term 0 for changeToCandidate
2023-07-13 06:11:13,675 [892099fe-78a6-4491-a754-7c56149f1c99@group-5689823E11F9-FollowerState] INFO  server.RaftServerConfigKeys (ConfUtils.java:logGet(46)) - raft.server.leaderelection.pre-vote = true (default)
2023-07-13 06:11:13,677 [892099fe-78a6-4491-a754-7c56149f1c99@group-5689823E11F9-FollowerState] INFO  impl.RoleInfo (RoleInfo.java:updateAndGet(139)) - 892099fe-78a6-4491-a754-7c56149f1c99: start 892099fe-78a6-4491-a754-7c56149f1c99@group-5689823E11F9-LeaderElection13
2023-07-13 06:11:13,695 [892099fe-78a6-4491-a754-7c56149f1c99@group-5689823E11F9-LeaderElection13] INFO  impl.LeaderElection (LeaderElection.java:askForVotes(321)) - 892099fe-78a6-4491-a754-7c56149f1c99@group-5689823E11F9-LeaderElection13 PRE_VOTE round 0: submit vote requests at term 0 for -1: peers:[eb0edd12-afad-4318-b446-71865e03089a|rpc:10.1.0.28:15041|admin:10.1.0.28:15040|client:10.1.0.28:15039|dataStream:10.1.0.28:15042|priority:0|startupRole:FOLLOWER, 4d503614-acf7-4d3e-bd56-c00356288aee|rpc:10.1.0.28:15050|admin:10.1.0.28:15049|client:10.1.0.28:15048|dataStream:10.1.0.28:15051|priority:0|startupRole:FOLLOWER, 892099fe-78a6-4491-a754-7c56149f1c99|rpc:10.1.0.28:15059|admin:10.1.0.28:15058|client:10.1.0.28:15057|dataStream:10.1.0.28:15060|priority:1|startupRole:FOLLOWER]|listeners:[], old=null
2023-07-13 06:11:13,705 [grpc-default-executor-4] INFO  server.RaftServer$Division (RaftServerImpl.java:requestVote(1302)) - eb0edd12-afad-4318-b446-71865e03089a@group-5689823E11F9: receive requestVote(PRE_VOTE, 892099fe-78a6-4491-a754-7c56149f1c99, group-5689823E11F9, 0, (t:0, i:0))
2023-07-13 06:11:13,706 [grpc-default-executor-4] INFO  impl.VoteContext (VoteContext.java:log(49)) - eb0edd12-afad-4318-b446-71865e03089a@group-5689823E11F9-FOLLOWER: accept PRE_VOTE from 892099fe-78a6-4491-a754-7c56149f1c99: our priority 0 <= candidate's priority 1
2023-07-13 06:11:13,706 [grpc-default-executor-4] INFO  server.RaftServer$Division (RaftServerImpl.java:requestVote(1335)) - eb0edd12-afad-4318-b446-71865e03089a@group-5689823E11F9 replies to PRE_VOTE vote request: 892099fe-78a6-4491-a754-7c56149f1c99<-eb0edd12-afad-4318-b446-71865e03089a#0:OK-t0. Peer's state: eb0edd12-afad-4318-b446-71865e03089a@group-5689823E11F9:t0, leader=null, voted=, raftlog=Memoized:eb0edd12-afad-4318-b446-71865e03089a@group-5689823E11F9-SegmentedRaftLog:OPENED:c-1, conf=-1: peers:[eb0edd12-afad-4318-b446-71865e03089a|rpc:10.1.0.28:15041|admin:10.1.0.28:15040|client:10.1.0.28:15039|dataStream:10.1.0.28:15042|priority:0|startupRole:FOLLOWER, 4d503614-acf7-4d3e-bd56-c00356288aee|rpc:10.1.0.28:15050|admin:10.1.0.28:15049|client:10.1.0.28:15048|dataStream:10.1.0.28:15051|priority:0|startupRole:FOLLOWER, 892099fe-78a6-4491-a754-7c56149f1c99|rpc:10.1.0.28:15059|admin:10.1.0.28:15058|client:10.1.0.28:15057|dataStream:10.1.0.28:15060|priority:1|startupRole:FOLLOWER]|listeners:[], old=null
2023-07-13 06:11:13,707 [892099fe-78a6-4491-a754-7c56149f1c99@group-5689823E11F9-LeaderElection13] INFO  server.RaftServerConfigKeys (ConfUtils.java:logFallback(53)) - raft.server.rpc.first-election.timeout.min = 5s (fallback to raft.server.rpc.timeout.min)
2023-07-13 06:11:13,707 [892099fe-78a6-4491-a754-7c56149f1c99@group-5689823E11F9-LeaderElection13] INFO  server.RaftServerConfigKeys (ConfUtils.java:logFallback(53)) - raft.server.rpc.first-election.timeout.max = 5200ms (fallback to raft.server.rpc.timeout.max)
2023-07-13 06:11:13,709 [892099fe-78a6-4491-a754-7c56149f1c99@group-5689823E11F9-LeaderElection13] INFO  impl.LeaderElection (LeaderElection.java:logAndReturn(90)) - 892099fe-78a6-4491-a754-7c56149f1c99@group-5689823E11F9-LeaderElection13: PRE_VOTE PASSED received 1 response(s) and 0 exception(s):
2023-07-13 06:11:13,709 [892099fe-78a6-4491-a754-7c56149f1c99@group-5689823E11F9-LeaderElection13] INFO  impl.LeaderElection (LeaderElection.java:logAndReturn(94)) -   Response 0: 892099fe-78a6-4491-a754-7c56149f1c99<-eb0edd12-afad-4318-b446-71865e03089a#0:OK-t0
2023-07-13 06:11:13,709 [892099fe-78a6-4491-a754-7c56149f1c99@group-5689823E11F9-LeaderElection13] INFO  impl.LeaderElection (LeaderElection.java:askForVotes(323)) - 892099fe-78a6-4491-a754-7c56149f1c99@group-5689823E11F9-LeaderElection13 PRE_VOTE round 0: result PASSED
2023-07-13 06:11:13,710 [grpc-default-executor-4] INFO  server.RaftServer$Division (RaftServerImpl.java:requestVote(1302)) - 4d503614-acf7-4d3e-bd56-c00356288aee@group-5689823E11F9: receive requestVote(PRE_VOTE, 892099fe-78a6-4491-a754-7c56149f1c99, group-5689823E11F9, 0, (t:0, i:0))
2023-07-13 06:11:13,712 [4d503614-acf7-4d3e-bd56-c00356288aee@group-5689823E11F9-FollowerState] INFO  server.RaftServerConfigKeys (ConfUtils.java:logFallback(53)) - raft.server.rpc.first-election.timeout.min = 5s (fallback to raft.server.rpc.timeout.min)
2023-07-13 06:11:13,713 [4d503614-acf7-4d3e-bd56-c00356288aee@group-5689823E11F9-FollowerState] INFO  server.RaftServerConfigKeys (ConfUtils.java:logFallback(53)) - raft.server.rpc.first-election.timeout.max = 5200ms (fallback to raft.server.rpc.timeout.max)
2023-07-13 06:11:13,713 [grpc-default-executor-4] INFO  impl.VoteContext (VoteContext.java:log(49)) - 4d503614-acf7-4d3e-bd56-c00356288aee@group-5689823E11F9-FOLLOWER: accept PRE_VOTE from 892099fe-78a6-4491-a754-7c56149f1c99: our priority 0 <= candidate's priority 1
2023-07-13 06:11:13,713 [grpc-default-executor-4] INFO  server.RaftServer$Division (RaftServerImpl.java:requestVote(1335)) - 4d503614-acf7-4d3e-bd56-c00356288aee@group-5689823E11F9 replies to PRE_VOTE vote request: 892099fe-78a6-4491-a754-7c56149f1c99<-4d503614-acf7-4d3e-bd56-c00356288aee#0:OK-t0. Peer's state: 4d503614-acf7-4d3e-bd56-c00356288aee@group-5689823E11F9:t0, leader=null, voted=, raftlog=Memoized:4d503614-acf7-4d3e-bd56-c00356288aee@group-5689823E11F9-SegmentedRaftLog:OPENED:c-1, conf=-1: peers:[eb0edd12-afad-4318-b446-71865e03089a|rpc:10.1.0.28:15041|admin:10.1.0.28:15040|client:10.1.0.28:15039|dataStream:10.1.0.28:15042|priority:0|startupRole:FOLLOWER, 4d503614-acf7-4d3e-bd56-c00356288aee|rpc:10.1.0.28:15050|admin:10.1.0.28:15049|client:10.1.0.28:15048|dataStream:10.1.0.28:15051|priority:0|startupRole:FOLLOWER, 892099fe-78a6-4491-a754-7c56149f1c99|rpc:10.1.0.28:15059|admin:10.1.0.28:15058|client:10.1.0.28:15057|dataStream:10.1.0.28:15060|priority:1|startupRole:FOLLOWER]|listeners:[], old=null
2023-07-13 06:11:13,716 [892099fe-78a6-4491-a754-7c56149f1c99@group-5689823E11F9-LeaderElection13] INFO  impl.LeaderElection (LeaderElection.java:askForVotes(321)) - 892099fe-78a6-4491-a754-7c56149f1c99@group-5689823E11F9-LeaderElection13 ELECTION round 0: submit vote requests at term 1 for -1: peers:[eb0edd12-afad-4318-b446-71865e03089a|rpc:10.1.0.28:15041|admin:10.1.0.28:15040|client:10.1.0.28:15039|dataStream:10.1.0.28:15042|priority:0|startupRole:FOLLOWER, 4d503614-acf7-4d3e-bd56-c00356288aee|rpc:10.1.0.28:15050|admin:10.1.0.28:15049|client:10.1.0.28:15048|dataStream:10.1.0.28:15051|priority:0|startupRole:FOLLOWER, 892099fe-78a6-4491-a754-7c56149f1c99|rpc:10.1.0.28:15059|admin:10.1.0.28:15058|client:10.1.0.28:15057|dataStream:10.1.0.28:15060|priority:1|startupRole:FOLLOWER]|listeners:[], old=null
2023-07-13 06:11:13,720 [892099fe-78a6-4491-a754-7c56149f1c99@group-5689823E11F9-LeaderElection13] INFO  server.RaftServerConfigKeys (ConfUtils.java:logFallback(53)) - raft.server.rpc.first-election.timeout.min = 5s (fallback to raft.server.rpc.timeout.min)
2023-07-13 06:11:13,720 [892099fe-78a6-4491-a754-7c56149f1c99@group-5689823E11F9-LeaderElection13] INFO  server.RaftServerConfigKeys (ConfUtils.java:logFallback(53)) - raft.server.rpc.first-election.timeout.max = 5200ms (fallback to raft.server.rpc.timeout.max)
2023-07-13 06:11:13,722 [grpc-default-executor-4] INFO  server.RaftServer$Division (RaftServerImpl.java:requestVote(1302)) - eb0edd12-afad-4318-b446-71865e03089a@group-5689823E11F9: receive requestVote(ELECTION, 892099fe-78a6-4491-a754-7c56149f1c99, group-5689823E11F9, 1, (t:0, i:0))
2023-07-13 06:11:13,722 [grpc-default-executor-4] INFO  impl.VoteContext (VoteContext.java:log(49)) - eb0edd12-afad-4318-b446-71865e03089a@group-5689823E11F9-FOLLOWER: accept ELECTION from 892099fe-78a6-4491-a754-7c56149f1c99: our priority 0 <= candidate's priority 1
2023-07-13 06:11:13,722 [grpc-default-executor-4] INFO  server.RaftServer$Division (RaftServerImpl.java:setRole(329)) - eb0edd12-afad-4318-b446-71865e03089a@group-5689823E11F9: changes role from  FOLLOWER to FOLLOWER at term 1 for candidate:892099fe-78a6-4491-a754-7c56149f1c99
2023-07-13 06:11:13,722 [grpc-default-executor-4] INFO  impl.RoleInfo (RoleInfo.java:shutdownFollowerState(110)) - eb0edd12-afad-4318-b446-71865e03089a: shutdown eb0edd12-afad-4318-b446-71865e03089a@group-5689823E11F9-FollowerState
2023-07-13 06:11:13,722 [grpc-default-executor-4] INFO  impl.RoleInfo (RoleInfo.java:updateAndGet(139)) - eb0edd12-afad-4318-b446-71865e03089a: start eb0edd12-afad-4318-b446-71865e03089a@group-5689823E11F9-FollowerState
2023-07-13 06:11:13,722 [eb0edd12-afad-4318-b446-71865e03089a@group-5689823E11F9-FollowerState] INFO  impl.FollowerState (FollowerState.java:run(152)) - eb0edd12-afad-4318-b446-71865e03089a@group-5689823E11F9-FollowerState was interrupted
2023-07-13 06:11:13,725 [grpc-default-executor-2] INFO  server.RaftServer$Division (RaftServerImpl.java:requestVote(1302)) - 4d503614-acf7-4d3e-bd56-c00356288aee@group-5689823E11F9: receive requestVote(ELECTION, 892099fe-78a6-4491-a754-7c56149f1c99, group-5689823E11F9, 1, (t:0, i:0))
2023-07-13 06:11:13,726 [grpc-default-executor-2] INFO  impl.VoteContext (VoteContext.java:log(49)) - 4d503614-acf7-4d3e-bd56-c00356288aee@group-5689823E11F9-FOLLOWER: accept ELECTION from 892099fe-78a6-4491-a754-7c56149f1c99: our priority 0 <= candidate's priority 1
2023-07-13 06:11:13,726 [grpc-default-executor-2] INFO  server.RaftServer$Division (RaftServerImpl.java:setRole(329)) - 4d503614-acf7-4d3e-bd56-c00356288aee@group-5689823E11F9: changes role from  FOLLOWER to FOLLOWER at term 1 for candidate:892099fe-78a6-4491-a754-7c56149f1c99
2023-07-13 06:11:13,726 [grpc-default-executor-2] INFO  impl.RoleInfo (RoleInfo.java:shutdownFollowerState(110)) - 4d503614-acf7-4d3e-bd56-c00356288aee: shutdown 4d503614-acf7-4d3e-bd56-c00356288aee@group-5689823E11F9-FollowerState
2023-07-13 06:11:13,728 [grpc-default-executor-2] INFO  impl.RoleInfo (RoleInfo.java:updateAndGet(139)) - 4d503614-acf7-4d3e-bd56-c00356288aee: start 4d503614-acf7-4d3e-bd56-c00356288aee@group-5689823E11F9-FollowerState
2023-07-13 06:11:13,728 [4d503614-acf7-4d3e-bd56-c00356288aee@group-5689823E11F9-FollowerState] INFO  impl.FollowerState (FollowerState.java:run(152)) - 4d503614-acf7-4d3e-bd56-c00356288aee@group-5689823E11F9-FollowerState was interrupted
2023-07-13 06:11:13,740 [grpc-default-executor-4] INFO  server.RaftServer$Division (RaftServerImpl.java:requestVote(1335)) - eb0edd12-afad-4318-b446-71865e03089a@group-5689823E11F9 replies to ELECTION vote request: 892099fe-78a6-4491-a754-7c56149f1c99<-eb0edd12-afad-4318-b446-71865e03089a#0:OK-t1. Peer's state: eb0edd12-afad-4318-b446-71865e03089a@group-5689823E11F9:t1, leader=null, voted=892099fe-78a6-4491-a754-7c56149f1c99, raftlog=Memoized:eb0edd12-afad-4318-b446-71865e03089a@group-5689823E11F9-SegmentedRaftLog:OPENED:c-1, conf=-1: peers:[eb0edd12-afad-4318-b446-71865e03089a|rpc:10.1.0.28:15041|admin:10.1.0.28:15040|client:10.1.0.28:15039|dataStream:10.1.0.28:15042|priority:0|startupRole:FOLLOWER, 4d503614-acf7-4d3e-bd56-c00356288aee|rpc:10.1.0.28:15050|admin:10.1.0.28:15049|client:10.1.0.28:15048|dataStream:10.1.0.28:15051|priority:0|startupRole:FOLLOWER, 892099fe-78a6-4491-a754-7c56149f1c99|rpc:10.1.0.28:15059|admin:10.1.0.28:15058|client:10.1.0.28:15057|dataStream:10.1.0.28:15060|priority:1|startupRole:FOLLOWER]|listeners:[], old=null
2023-07-13 06:11:13,744 [892099fe-78a6-4491-a754-7c56149f1c99@group-5689823E11F9-LeaderElection13] INFO  impl.LeaderElection (LeaderElection.java:logAndReturn(90)) - 892099fe-78a6-4491-a754-7c56149f1c99@group-5689823E11F9-LeaderElection13: ELECTION PASSED received 1 response(s) and 0 exception(s):
2023-07-13 06:11:13,744 [892099fe-78a6-4491-a754-7c56149f1c99@group-5689823E11F9-LeaderElection13] INFO  impl.LeaderElection (LeaderElection.java:logAndReturn(94)) -   Response 0: 892099fe-78a6-4491-a754-7c56149f1c99<-eb0edd12-afad-4318-b446-71865e03089a#0:OK-t1
2023-07-13 06:11:13,744 [892099fe-78a6-4491-a754-7c56149f1c99@group-5689823E11F9-LeaderElection13] INFO  impl.LeaderElection (LeaderElection.java:askForVotes(323)) - 892099fe-78a6-4491-a754-7c56149f1c99@group-5689823E11F9-LeaderElection13 ELECTION round 0: result PASSED
2023-07-13 06:11:13,744 [892099fe-78a6-4491-a754-7c56149f1c99@group-5689823E11F9-LeaderElection13] INFO  impl.RoleInfo (RoleInfo.java:shutdownLeaderElection(130)) - 892099fe-78a6-4491-a754-7c56149f1c99: shutdown 892099fe-78a6-4491-a754-7c56149f1c99@group-5689823E11F9-LeaderElection13
2023-07-13 06:11:13,744 [892099fe-78a6-4491-a754-7c56149f1c99@group-5689823E11F9-LeaderElection13] INFO  server.RaftServer$Division (RaftServerImpl.java:setRole(329)) - 892099fe-78a6-4491-a754-7c56149f1c99@group-5689823E11F9: changes role from CANDIDATE to LEADER at term 1 for changeToLeader
2023-07-13 06:11:13,744 [892099fe-78a6-4491-a754-7c56149f1c99@group-5689823E11F9-LeaderElection13] INFO  ratis.XceiverServerRatis (XceiverServerRatis.java:handleLeaderChangedNotification(902)) - Leader change notification received for group: group-5689823E11F9 with new leaderId: 892099fe-78a6-4491-a754-7c56149f1c99
2023-07-13 06:11:13,745 [892099fe-78a6-4491-a754-7c56149f1c99@group-5689823E11F9-LeaderElection13] INFO  server.RaftServer$Division (ServerState.java:setLeader(317)) - 892099fe-78a6-4491-a754-7c56149f1c99@group-5689823E11F9: change Leader from null to 892099fe-78a6-4491-a754-7c56149f1c99 at term 1 for becomeLeader, leader elected after 5198ms
2023-07-13 06:11:13,745 [892099fe-78a6-4491-a754-7c56149f1c99@group-5689823E11F9-LeaderElection13] INFO  server.RaftServerConfigKeys (ConfUtils.java:logGet(46)) - raft.server.staging.catchup.gap = 1000 (default)
2023-07-13 06:11:13,745 [892099fe-78a6-4491-a754-7c56149f1c99@group-5689823E11F9-LeaderElection13] INFO  server.RaftServerConfigKeys (ConfUtils.java:logGet(46)) - raft.server.write.element-limit = 1024 (custom)
2023-07-13 06:11:13,745 [892099fe-78a6-4491-a754-7c56149f1c99@group-5689823E11F9-LeaderElection13] INFO  server.RaftServerConfigKeys (ConfUtils.java:logGet(46)) - raft.server.write.byte-limit = 1024 M (=1073741824) (custom)
2023-07-13 06:11:13,746 [892099fe-78a6-4491-a754-7c56149f1c99@group-5689823E11F9-LeaderElection13] INFO  server.RaftServerConfigKeys (ConfUtils.java:logGet(46)) - raft.server.watch.timeout = 180s (custom)
2023-07-13 06:11:13,746 [892099fe-78a6-4491-a754-7c56149f1c99@group-5689823E11F9-LeaderElection13] INFO  server.RaftServerConfigKeys (ConfUtils.java:logGet(46)) - raft.server.watch.timeout.denomination = 1s (default)
2023-07-13 06:11:13,746 [892099fe-78a6-4491-a754-7c56149f1c99@group-5689823E11F9-LeaderElection13] INFO  server.RaftServerConfigKeys (ConfUtils.java:logGet(46)) - raft.server.watch.element-limit = 65536 (default)
2023-07-13 06:11:13,746 [892099fe-78a6-4491-a754-7c56149f1c99@group-5689823E11F9-LeaderElection13] INFO  server.RaftServerConfigKeys (ConfUtils.java:logGet(46)) - raft.server.write.element-limit = 1024 (custom)
2023-07-13 06:11:13,746 [892099fe-78a6-4491-a754-7c56149f1c99@group-5689823E11F9-LeaderElection13] INFO  server.RaftServerConfigKeys (ConfUtils.java:logGet(46)) - raft.server.write.follower.gap.ratio.max = -1.0 (default)
2023-07-13 06:11:13,747 [892099fe-78a6-4491-a754-7c56149f1c99@group-5689823E11F9-LeaderElection13] INFO  server.RaftServerConfigKeys (ConfUtils.java:logGet(46)) - raft.server.log.appender.snapshot.chunk.size.max = 16MB (=16777216) (default)
2023-07-13 06:11:13,747 [892099fe-78a6-4491-a754-7c56149f1c99@group-5689823E11F9-LeaderElection13] INFO  server.RaftServerConfigKeys (ConfUtils.java:logGet(46)) - raft.server.log.appender.buffer.byte-limit = 33554432 (custom)
2023-07-13 06:11:13,747 [892099fe-78a6-4491-a754-7c56149f1c99@group-5689823E11F9-LeaderElection13] INFO  server.RaftServerConfigKeys (ConfUtils.java:logGet(46)) - raft.server.log.appender.buffer.element-limit = 1 (custom)
2023-07-13 06:11:13,747 [892099fe-78a6-4491-a754-7c56149f1c99@group-5689823E11F9-LeaderElection13] INFO  server.RaftServerConfigKeys (ConfUtils.java:logGet(46)) - raft.server.log.appender.wait-time.min = 10ms (default)
2023-07-13 06:11:13,748 [892099fe-78a6-4491-a754-7c56149f1c99@group-5689823E11F9-LeaderElection13] INFO  grpc.GrpcConfigKeys (ConfUtils.java:logGet(46)) - raft.grpc.server.leader.outstanding.appends.max = 128 (default)
2023-07-13 06:11:13,748 [892099fe-78a6-4491-a754-7c56149f1c99@group-5689823E11F9-LeaderElection13] INFO  server.RaftServerConfigKeys (ConfUtils.java:logGet(46)) - raft.server.rpc.request.timeout = 60s (custom)
2023-07-13 06:11:13,748 [892099fe-78a6-4491-a754-7c56149f1c99@group-5689823E11F9-LeaderElection13] INFO  grpc.GrpcConfigKeys (ConfUtils.java:logGet(46)) - raft.grpc.server.install_snapshot.request.element-limit = 8 (default)
2023-07-13 06:11:13,748 [892099fe-78a6-4491-a754-7c56149f1c99@group-5689823E11F9-LeaderElection13] INFO  grpc.GrpcConfigKeys (ConfUtils.java:logGet(46)) - raft.grpc.server.install_snapshot.request.timeout = 3000ms (default)
2023-07-13 06:11:13,748 [892099fe-78a6-4491-a754-7c56149f1c99@group-5689823E11F9-LeaderElection13] INFO  server.RaftServerConfigKeys (ConfUtils.java:logGet(46)) - raft.server.log.appender.install.snapshot.enabled = false (custom)
2023-07-13 06:11:13,748 [892099fe-78a6-4491-a754-7c56149f1c99@group-5689823E11F9-LeaderElection13] INFO  grpc.GrpcConfigKeys (ConfUtils.java:logGet(46)) - raft.grpc.server.heartbeat.channel = true (default)
2023-07-13 06:11:13,749 [grpc-default-executor-2] INFO  server.RaftServer$Division (RaftServerImpl.java:requestVote(1335)) - 4d503614-acf7-4d3e-bd56-c00356288aee@group-5689823E11F9 replies to ELECTION vote request: 892099fe-78a6-4491-a754-7c56149f1c99<-4d503614-acf7-4d3e-bd56-c00356288aee#0:OK-t1. Peer's state: 4d503614-acf7-4d3e-bd56-c00356288aee@group-5689823E11F9:t1, leader=null, voted=892099fe-78a6-4491-a754-7c56149f1c99, raftlog=Memoized:4d503614-acf7-4d3e-bd56-c00356288aee@group-5689823E11F9-SegmentedRaftLog:OPENED:c-1, conf=-1: peers:[eb0edd12-afad-4318-b446-71865e03089a|rpc:10.1.0.28:15041|admin:10.1.0.28:15040|client:10.1.0.28:15039|dataStream:10.1.0.28:15042|priority:0|startupRole:FOLLOWER, 4d503614-acf7-4d3e-bd56-c00356288aee|rpc:10.1.0.28:15050|admin:10.1.0.28:15049|client:10.1.0.28:15048|dataStream:10.1.0.28:15051|priority:0|startupRole:FOLLOWER, 892099fe-78a6-4491-a754-7c56149f1c99|rpc:10.1.0.28:15059|admin:10.1.0.28:15058|client:10.1.0.28:15057|dataStream:10.1.0.28:15060|priority:1|startupRole:FOLLOWER]|listeners:[], old=null
2023-07-13 06:11:13,751 [EventQueue-PipelineReportForPipelineReportHandler] INFO  pipeline.PipelineReportHandler (PipelineReportHandler.java:processPipelineReport(136)) - Opened pipeline PipelineID=77ceaaa9-251f-4144-ada6-5689823e11f9
2023-07-13 06:11:13,754 [892099fe-78a6-4491-a754-7c56149f1c99@group-5689823E11F9-LeaderElection13] INFO  server.RaftServerConfigKeys (ConfUtils.java:logGet(46)) - raft.server.log.appender.snapshot.chunk.size.max = 16MB (=16777216) (default)
2023-07-13 06:11:13,754 [892099fe-78a6-4491-a754-7c56149f1c99@group-5689823E11F9-LeaderElection13] INFO  server.RaftServerConfigKeys (ConfUtils.java:logGet(46)) - raft.server.log.appender.buffer.byte-limit = 33554432 (custom)
2023-07-13 06:11:13,754 [892099fe-78a6-4491-a754-7c56149f1c99@group-5689823E11F9-LeaderElection13] INFO  server.RaftServerConfigKeys (ConfUtils.java:logGet(46)) - raft.server.log.appender.buffer.element-limit = 1 (custom)
2023-07-13 06:11:13,754 [892099fe-78a6-4491-a754-7c56149f1c99@group-5689823E11F9-LeaderElection13] INFO  server.RaftServerConfigKeys (ConfUtils.java:logGet(46)) - raft.server.log.appender.wait-time.min = 10ms (default)
2023-07-13 06:11:13,754 [892099fe-78a6-4491-a754-7c56149f1c99@group-5689823E11F9-LeaderElection13] INFO  grpc.GrpcConfigKeys (ConfUtils.java:logGet(46)) - raft.grpc.server.leader.outstanding.appends.max = 128 (default)
2023-07-13 06:11:13,755 [892099fe-78a6-4491-a754-7c56149f1c99@group-5689823E11F9-LeaderElection13] INFO  server.RaftServerConfigKeys (ConfUtils.java:logGet(46)) - raft.server.rpc.request.timeout = 60s (custom)
2023-07-13 06:11:13,755 [892099fe-78a6-4491-a754-7c56149f1c99@group-5689823E11F9-LeaderElection13] INFO  grpc.GrpcConfigKeys (ConfUtils.java:logGet(46)) - raft.grpc.server.install_snapshot.request.element-limit = 8 (default)
2023-07-13 06:11:13,755 [892099fe-78a6-4491-a754-7c56149f1c99@group-5689823E11F9-LeaderElection13] INFO  grpc.GrpcConfigKeys (ConfUtils.java:logGet(46)) - raft.grpc.server.install_snapshot.request.timeout = 3000ms (default)
2023-07-13 06:11:13,755 [892099fe-78a6-4491-a754-7c56149f1c99@group-5689823E11F9-LeaderElection13] INFO  server.RaftServerConfigKeys (ConfUtils.java:logGet(46)) - raft.server.log.appender.install.snapshot.enabled = false (custom)
2023-07-13 06:11:13,755 [892099fe-78a6-4491-a754-7c56149f1c99@group-5689823E11F9-LeaderElection13] INFO  grpc.GrpcConfigKeys (ConfUtils.java:logGet(46)) - raft.grpc.server.heartbeat.channel = true (default)
2023-07-13 06:11:13,755 [892099fe-78a6-4491-a754-7c56149f1c99@group-5689823E11F9-LeaderElection13] INFO  impl.RoleInfo (RoleInfo.java:updateAndGet(139)) - 892099fe-78a6-4491-a754-7c56149f1c99: start 892099fe-78a6-4491-a754-7c56149f1c99@group-5689823E11F9-LeaderStateImpl
2023-07-13 06:11:13,756 [892099fe-78a6-4491-a754-7c56149f1c99@group-5689823E11F9-LeaderElection13] INFO  segmented.SegmentedRaftLogWorker (SegmentedRaftLogWorker.java:startLogSegment(447)) - 892099fe-78a6-4491-a754-7c56149f1c99@group-5689823E11F9-SegmentedRaftLogWorker: Starting segment from index:0
2023-07-13 06:11:13,758 [892099fe-78a6-4491-a754-7c56149f1c99@group-5689823E11F9-SegmentedRaftLogWorker] INFO  segmented.SegmentedRaftLogWorker (SegmentedRaftLogWorker.java:execute(651)) - 892099fe-78a6-4491-a754-7c56149f1c99@group-5689823E11F9-SegmentedRaftLogWorker: created new log segment /home/runner/work/ozone/ozone/hadoop-ozone/integration-test/target/test-dir/MiniOzoneClusterImpl-40c29f8c-30b3-4208-9c4d-d76d276bda5b/datanode-5/data/ratis/77ceaaa9-251f-4144-ada6-5689823e11f9/current/log_inprogress_0
2023-07-13 06:11:13,781 [892099fe-78a6-4491-a754-7c56149f1c99@group-5689823E11F9-LeaderElection13] INFO  server.RaftServer$Division (ServerState.java:setRaftConf(434)) - 892099fe-78a6-4491-a754-7c56149f1c99@group-5689823E11F9: set configuration 0: peers:[eb0edd12-afad-4318-b446-71865e03089a|rpc:10.1.0.28:15041|admin:10.1.0.28:15040|client:10.1.0.28:15039|dataStream:10.1.0.28:15042|priority:0|startupRole:FOLLOWER, 4d503614-acf7-4d3e-bd56-c00356288aee|rpc:10.1.0.28:15050|admin:10.1.0.28:15049|client:10.1.0.28:15048|dataStream:10.1.0.28:15051|priority:0|startupRole:FOLLOWER, 892099fe-78a6-4491-a754-7c56149f1c99|rpc:10.1.0.28:15059|admin:10.1.0.28:15058|client:10.1.0.28:15057|dataStream:10.1.0.28:15060|priority:1|startupRole:FOLLOWER]|listeners:[], old=null
2023-07-13 06:11:13,794 [eb0edd12-afad-4318-b446-71865e03089a-server-thread1] INFO  ratis.XceiverServerRatis (XceiverServerRatis.java:handleLeaderChangedNotification(902)) - Leader change notification received for group: group-5689823E11F9 with new leaderId: 892099fe-78a6-4491-a754-7c56149f1c99
2023-07-13 06:11:13,794 [eb0edd12-afad-4318-b446-71865e03089a-server-thread1] INFO  server.RaftServer$Division (ServerState.java:setLeader(317)) - eb0edd12-afad-4318-b446-71865e03089a@group-5689823E11F9: change Leader from null to 892099fe-78a6-4491-a754-7c56149f1c99 at term 1 for appendEntries, leader elected after 5318ms
2023-07-13 06:11:13,801 [892099fe-78a6-4491-a754-7c56149f1c99@group-85D787105946-FollowerState] INFO  impl.FollowerState (FollowerState.java:run(143)) - 892099fe-78a6-4491-a754-7c56149f1c99@group-85D787105946-FollowerState: change to CANDIDATE, lastRpcElapsedTime:5072216604ns, electionTimeout:5071ms
2023-07-13 06:11:13,801 [892099fe-78a6-4491-a754-7c56149f1c99@group-85D787105946-FollowerState] INFO  impl.RoleInfo (RoleInfo.java:shutdownFollowerState(110)) - 892099fe-78a6-4491-a754-7c56149f1c99: shutdown 892099fe-78a6-4491-a754-7c56149f1c99@group-85D787105946-FollowerState
2023-07-13 06:11:13,801 [892099fe-78a6-4491-a754-7c56149f1c99@group-85D787105946-FollowerState] INFO  server.RaftServer$Division (RaftServerImpl.java:setRole(329)) - 892099fe-78a6-4491-a754-7c56149f1c99@group-85D787105946: changes role from  FOLLOWER to CANDIDATE at term 0 for changeToCandidate
2023-07-13 06:11:13,802 [892099fe-78a6-4491-a754-7c56149f1c99@group-85D787105946-FollowerState] INFO  server.RaftServerConfigKeys (ConfUtils.java:logGet(46)) - raft.server.leaderelection.pre-vote = true (default)
2023-07-13 06:11:13,802 [892099fe-78a6-4491-a754-7c56149f1c99@group-85D787105946-FollowerState] INFO  impl.RoleInfo (RoleInfo.java:updateAndGet(139)) - 892099fe-78a6-4491-a754-7c56149f1c99: start 892099fe-78a6-4491-a754-7c56149f1c99@group-85D787105946-LeaderElection14
2023-07-13 06:11:13,802 [eb0edd12-afad-4318-b446-71865e03089a-server-thread2] INFO  server.RaftServer$Division (ServerState.java:setRaftConf(434)) - eb0edd12-afad-4318-b446-71865e03089a@group-5689823E11F9: set configuration 0: peers:[eb0edd12-afad-4318-b446-71865e03089a|rpc:10.1.0.28:15041|admin:10.1.0.28:15040|client:10.1.0.28:15039|dataStream:10.1.0.28:15042|priority:0|startupRole:FOLLOWER, 4d503614-acf7-4d3e-bd56-c00356288aee|rpc:10.1.0.28:15050|admin:10.1.0.28:15049|client:10.1.0.28:15048|dataStream:10.1.0.28:15051|priority:0|startupRole:FOLLOWER, 892099fe-78a6-4491-a754-7c56149f1c99|rpc:10.1.0.28:15059|admin:10.1.0.28:15058|client:10.1.0.28:15057|dataStream:10.1.0.28:15060|priority:1|startupRole:FOLLOWER]|listeners:[], old=null
2023-07-13 06:11:13,802 [eb0edd12-afad-4318-b446-71865e03089a-server-thread2] INFO  segmented.SegmentedRaftLogWorker (SegmentedRaftLogWorker.java:startLogSegment(447)) - eb0edd12-afad-4318-b446-71865e03089a@group-5689823E11F9-SegmentedRaftLogWorker: Starting segment from index:0
2023-07-13 06:11:13,809 [4d503614-acf7-4d3e-bd56-c00356288aee-server-thread1] INFO  ratis.XceiverServerRatis (XceiverServerRatis.java:handleLeaderChangedNotification(902)) - Leader change notification received for group: group-5689823E11F9 with new leaderId: 892099fe-78a6-4491-a754-7c56149f1c99
2023-07-13 06:11:13,809 [4d503614-acf7-4d3e-bd56-c00356288aee-server-thread1] INFO  server.RaftServer$Division (ServerState.java:setLeader(317)) - 4d503614-acf7-4d3e-bd56-c00356288aee@group-5689823E11F9: change Leader from null to 892099fe-78a6-4491-a754-7c56149f1c99 at term 1 for appendEntries, leader elected after 5367ms
2023-07-13 06:11:13,809 [eb0edd12-afad-4318-b446-71865e03089a@group-5689823E11F9-SegmentedRaftLogWorker] INFO  segmented.SegmentedRaftLogWorker (SegmentedRaftLogWorker.java:execute(651)) - eb0edd12-afad-4318-b446-71865e03089a@group-5689823E11F9-SegmentedRaftLogWorker: created new log segment /home/runner/work/ozone/ozone/hadoop-ozone/integration-test/target/test-dir/MiniOzoneClusterImpl-40c29f8c-30b3-4208-9c4d-d76d276bda5b/datanode-3/data/ratis/77ceaaa9-251f-4144-ada6-5689823e11f9/current/log_inprogress_0
2023-07-13 06:11:13,813 [OM StateMachine ApplyTransaction Thread - 0] INFO  volume.OMVolumeCreateRequest (OMVolumeCreateRequest.java:validateAndUpdateCache(196)) - created volume:c7ccbdf9-7053-4079-bde3-6108a642f06f for user:runner
2023-07-13 06:11:13,832 [892099fe-78a6-4491-a754-7c56149f1c99@group-85D787105946-LeaderElection14] INFO  impl.LeaderElection (LeaderElection.java:askForVotes(321)) - 892099fe-78a6-4491-a754-7c56149f1c99@group-85D787105946-LeaderElection14 PRE_VOTE round 0: submit vote requests at term 0 for -1: peers:[892099fe-78a6-4491-a754-7c56149f1c99|rpc:10.1.0.28:15059|admin:10.1.0.28:15058|client:10.1.0.28:15057|dataStream:10.1.0.28:15060|priority:1|startupRole:FOLLOWER]|listeners:[], old=null
2023-07-13 06:11:13,832 [892099fe-78a6-4491-a754-7c56149f1c99@group-85D787105946-LeaderElection14] INFO  impl.LeaderElection (LeaderElection.java:askForVotes(323)) - 892099fe-78a6-4491-a754-7c56149f1c99@group-85D787105946-LeaderElection14 PRE_VOTE round 0: result PASSED (term=0)
2023-07-13 06:11:13,835 [892099fe-78a6-4491-a754-7c56149f1c99@group-85D787105946-LeaderElection14] INFO  impl.LeaderElection (LeaderElection.java:askForVotes(321)) - 892099fe-78a6-4491-a754-7c56149f1c99@group-85D787105946-LeaderElection14 ELECTION round 0: submit vote requests at term 1 for -1: peers:[892099fe-78a6-4491-a754-7c56149f1c99|rpc:10.1.0.28:15059|admin:10.1.0.28:15058|client:10.1.0.28:15057|dataStream:10.1.0.28:15060|priority:1|startupRole:FOLLOWER]|listeners:[], old=null
2023-07-13 06:11:13,835 [892099fe-78a6-4491-a754-7c56149f1c99@group-85D787105946-LeaderElection14] INFO  impl.LeaderElection (LeaderElection.java:askForVotes(323)) - 892099fe-78a6-4491-a754-7c56149f1c99@group-85D787105946-LeaderElection14 ELECTION round 0: result PASSED (term=1)
2023-07-13 06:11:13,835 [892099fe-78a6-4491-a754-7c56149f1c99@group-85D787105946-LeaderElection14] INFO  impl.RoleInfo (RoleInfo.java:shutdownLeaderElection(130)) - 892099fe-78a6-4491-a754-7c56149f1c99: shutdown 892099fe-78a6-4491-a754-7c56149f1c99@group-85D787105946-LeaderElection14
2023-07-13 06:11:13,835 [892099fe-78a6-4491-a754-7c56149f1c99@group-85D787105946-LeaderElection14] INFO  server.RaftServer$Division (RaftServerImpl.java:setRole(329)) - 892099fe-78a6-4491-a754-7c56149f1c99@group-85D787105946: changes role from CANDIDATE to LEADER at term 1 for changeToLeader
2023-07-13 06:11:13,835 [892099fe-78a6-4491-a754-7c56149f1c99@group-85D787105946-LeaderElection14] INFO  ratis.XceiverServerRatis (XceiverServerRatis.java:handleLeaderChangedNotification(902)) - Leader change notification received for group: group-85D787105946 with new leaderId: 892099fe-78a6-4491-a754-7c56149f1c99
2023-07-13 06:11:13,836 [892099fe-78a6-4491-a754-7c56149f1c99@group-85D787105946-LeaderElection14] INFO  server.RaftServer$Division (ServerState.java:setLeader(317)) - 892099fe-78a6-4491-a754-7c56149f1c99@group-85D787105946: change Leader from null to 892099fe-78a6-4491-a754-7c56149f1c99 at term 1 for becomeLeader, leader elected after 5135ms
2023-07-13 06:11:13,836 [892099fe-78a6-4491-a754-7c56149f1c99@group-85D787105946-LeaderElection14] INFO  server.RaftServerConfigKeys (ConfUtils.java:logGet(46)) - raft.server.staging.catchup.gap = 1000 (default)
2023-07-13 06:11:13,836 [892099fe-78a6-4491-a754-7c56149f1c99@group-85D787105946-LeaderElection14] INFO  server.RaftServerConfigKeys (ConfUtils.java:logGet(46)) - raft.server.write.element-limit = 1024 (custom)
2023-07-13 06:11:13,836 [892099fe-78a6-4491-a754-7c56149f1c99@group-85D787105946-LeaderElection14] INFO  server.RaftServerConfigKeys (ConfUtils.java:logGet(46)) - raft.server.write.byte-limit = 1024 M (=1073741824) (custom)
2023-07-13 06:11:13,837 [892099fe-78a6-4491-a754-7c56149f1c99@group-85D787105946-LeaderElection14] INFO  server.RaftServerConfigKeys (ConfUtils.java:logGet(46)) - raft.server.watch.timeout = 180s (custom)
2023-07-13 06:11:13,846 [892099fe-78a6-4491-a754-7c56149f1c99@group-85D787105946-LeaderElection14] INFO  server.RaftServerConfigKeys (ConfUtils.java:logGet(46)) - raft.server.watch.timeout.denomination = 1s (default)
2023-07-13 06:11:13,846 [892099fe-78a6-4491-a754-7c56149f1c99@group-85D787105946-LeaderElection14] INFO  server.RaftServerConfigKeys (ConfUtils.java:logGet(46)) - raft.server.watch.element-limit = 65536 (default)
2023-07-13 06:11:13,846 [892099fe-78a6-4491-a754-7c56149f1c99@group-85D787105946-LeaderElection14] INFO  server.RaftServerConfigKeys (ConfUtils.java:logGet(46)) - raft.server.write.element-limit = 1024 (custom)
2023-07-13 06:11:13,846 [892099fe-78a6-4491-a754-7c56149f1c99@group-85D787105946-LeaderElection14] INFO  server.RaftServerConfigKeys (ConfUtils.java:logGet(46)) - raft.server.write.follower.gap.ratio.max = -1.0 (default)
2023-07-13 06:11:13,846 [892099fe-78a6-4491-a754-7c56149f1c99@group-85D787105946-LeaderElection14] INFO  impl.RoleInfo (RoleInfo.java:updateAndGet(139)) - 892099fe-78a6-4491-a754-7c56149f1c99: start 892099fe-78a6-4491-a754-7c56149f1c99@group-85D787105946-LeaderStateImpl
2023-07-13 06:11:13,847 [892099fe-78a6-4491-a754-7c56149f1c99@group-85D787105946-LeaderElection14] INFO  segmented.SegmentedRaftLogWorker (SegmentedRaftLogWorker.java:startLogSegment(447)) - 892099fe-78a6-4491-a754-7c56149f1c99@group-85D787105946-SegmentedRaftLogWorker: Starting segment from index:0
2023-07-13 06:11:13,838 [4d503614-acf7-4d3e-bd56-c00356288aee-server-thread2] INFO  server.RaftServer$Division (ServerState.java:setRaftConf(434)) - 4d503614-acf7-4d3e-bd56-c00356288aee@group-5689823E11F9: set configuration 0: peers:[eb0edd12-afad-4318-b446-71865e03089a|rpc:10.1.0.28:15041|admin:10.1.0.28:15040|client:10.1.0.28:15039|dataStream:10.1.0.28:15042|priority:0|startupRole:FOLLOWER, 4d503614-acf7-4d3e-bd56-c00356288aee|rpc:10.1.0.28:15050|admin:10.1.0.28:15049|client:10.1.0.28:15048|dataStream:10.1.0.28:15051|priority:0|startupRole:FOLLOWER, 892099fe-78a6-4491-a754-7c56149f1c99|rpc:10.1.0.28:15059|admin:10.1.0.28:15058|client:10.1.0.28:15057|dataStream:10.1.0.28:15060|priority:1|startupRole:FOLLOWER]|listeners:[], old=null
2023-07-13 06:11:13,851 [4d503614-acf7-4d3e-bd56-c00356288aee-server-thread2] INFO  segmented.SegmentedRaftLogWorker (SegmentedRaftLogWorker.java:startLogSegment(447)) - 4d503614-acf7-4d3e-bd56-c00356288aee@group-5689823E11F9-SegmentedRaftLogWorker: Starting segment from index:0
2023-07-13 06:11:13,850 [892099fe-78a6-4491-a754-7c56149f1c99@group-85D787105946-SegmentedRaftLogWorker] INFO  segmented.SegmentedRaftLogWorker (SegmentedRaftLogWorker.java:execute(651)) - 892099fe-78a6-4491-a754-7c56149f1c99@group-85D787105946-SegmentedRaftLogWorker: created new log segment /home/runner/work/ozone/ozone/hadoop-ozone/integration-test/target/test-dir/MiniOzoneClusterImpl-40c29f8c-30b3-4208-9c4d-d76d276bda5b/datanode-5/data/ratis/8711a943-4cec-4e80-89df-85d787105946/current/log_inprogress_0
2023-07-13 06:11:13,849 [892099fe-78a6-4491-a754-7c56149f1c99@group-85D787105946-LeaderElection14] INFO  server.RaftServer$Division (ServerState.java:setRaftConf(434)) - 892099fe-78a6-4491-a754-7c56149f1c99@group-85D787105946: set configuration 0: peers:[892099fe-78a6-4491-a754-7c56149f1c99|rpc:10.1.0.28:15059|admin:10.1.0.28:15058|client:10.1.0.28:15057|dataStream:10.1.0.28:15060|priority:1|startupRole:FOLLOWER]|listeners:[], old=null
2023-07-13 06:11:13,854 [4d503614-acf7-4d3e-bd56-c00356288aee@group-5689823E11F9-SegmentedRaftLogWorker] INFO  segmented.SegmentedRaftLogWorker (SegmentedRaftLogWorker.java:execute(651)) - 4d503614-acf7-4d3e-bd56-c00356288aee@group-5689823E11F9-SegmentedRaftLogWorker: created new log segment /home/runner/work/ozone/ozone/hadoop-ozone/integration-test/target/test-dir/MiniOzoneClusterImpl-40c29f8c-30b3-4208-9c4d-d76d276bda5b/datanode-4/data/ratis/77ceaaa9-251f-4144-ada6-5689823e11f9/current/log_inprogress_0
2023-07-13 06:11:13,880 [main] INFO  rpc.RpcClient (RpcClient.java:createBucket(687)) - Creating Bucket: c7ccbdf9-7053-4079-bde3-6108a642f06f/5c3908f1-8ffd-4d48-ba10-998653aa5c66, with bucket layout FILE_SYSTEM_OPTIMIZED, runner as owner, Versioning false, Storage Type set to DISK and Encryption set to true, Replication Type set to server-side default replication type, Namespace Quota set to -1, Space Quota set to -1 
2023-07-13 06:11:13,914 [qtp1221433900-21] INFO  kms-audit (SimpleKMSAuditLogger.java:logAuditSimpleFormat(93)) - OK[op=GET_METADATA, key=key1, user=runner] 
2023-07-13 06:11:14,174 [qtp1221433900-21] INFO  kms-audit (SimpleKMSAuditLogger.java:logAuditEvent(59)) - OK[op=GENERATE_EEK, key=key1, user=runner, accessCount=1, interval=0ms] 
2023-07-13 06:11:14,218 [OM StateMachine ApplyTransaction Thread - 0] INFO  bucket.OMBucketCreateRequest (OMBucketCreateRequest.java:validateAndUpdateCache(270)) - created bucket: 5c3908f1-8ffd-4d48-ba10-998653aa5c66 of layout FILE_SYSTEM_OPTIMIZED in volume: c7ccbdf9-7053-4079-bde3-6108a642f06f
2023-07-13 06:11:14,340 [IPC Server handler 14 on default port 15001] INFO  ha.SequenceIdGenerator (SequenceIdGenerator.java:getNextId(140)) - Allocate a batch for containerId, change lastId from 0 to 1000.
2023-07-13 06:11:14,350 [aeec539b-574d-4d91-8fa7-d5e640bad944@group-86C21C04D4A7-FollowerState] INFO  impl.FollowerState (FollowerState.java:run(143)) - aeec539b-574d-4d91-8fa7-d5e640bad944@group-86C21C04D4A7-FollowerState: change to CANDIDATE, lastRpcElapsedTime:5109854459ns, electionTimeout:5109ms
2023-07-13 06:11:14,350 [aeec539b-574d-4d91-8fa7-d5e640bad944@group-86C21C04D4A7-FollowerState] INFO  impl.RoleInfo (RoleInfo.java:shutdownFollowerState(110)) - aeec539b-574d-4d91-8fa7-d5e640bad944: shutdown aeec539b-574d-4d91-8fa7-d5e640bad944@group-86C21C04D4A7-FollowerState
2023-07-13 06:11:14,350 [aeec539b-574d-4d91-8fa7-d5e640bad944@group-86C21C04D4A7-FollowerState] INFO  server.RaftServer$Division (RaftServerImpl.java:setRole(329)) - aeec539b-574d-4d91-8fa7-d5e640bad944@group-86C21C04D4A7: changes role from  FOLLOWER to CANDIDATE at term 0 for changeToCandidate
2023-07-13 06:11:14,350 [aeec539b-574d-4d91-8fa7-d5e640bad944@group-86C21C04D4A7-FollowerState] INFO  server.RaftServerConfigKeys (ConfUtils.java:logGet(46)) - raft.server.leaderelection.pre-vote = true (default)
2023-07-13 06:11:14,350 [aeec539b-574d-4d91-8fa7-d5e640bad944@group-86C21C04D4A7-FollowerState] INFO  impl.RoleInfo (RoleInfo.java:updateAndGet(139)) - aeec539b-574d-4d91-8fa7-d5e640bad944: start aeec539b-574d-4d91-8fa7-d5e640bad944@group-86C21C04D4A7-LeaderElection15
2023-07-13 06:11:14,355 [aeec539b-574d-4d91-8fa7-d5e640bad944@group-86C21C04D4A7-LeaderElection15] INFO  impl.LeaderElection (LeaderElection.java:askForVotes(321)) - aeec539b-574d-4d91-8fa7-d5e640bad944@group-86C21C04D4A7-LeaderElection15 PRE_VOTE round 0: submit vote requests at term 0 for -1: peers:[aeec539b-574d-4d91-8fa7-d5e640bad944|rpc:10.1.0.28:15068|admin:10.1.0.28:15067|client:10.1.0.28:15066|dataStream:10.1.0.28:15069|priority:1|startupRole:FOLLOWER]|listeners:[], old=null
2023-07-13 06:11:14,356 [aeec539b-574d-4d91-8fa7-d5e640bad944@group-86C21C04D4A7-LeaderElection15] INFO  impl.LeaderElection (LeaderElection.java:askForVotes(323)) - aeec539b-574d-4d91-8fa7-d5e640bad944@group-86C21C04D4A7-LeaderElection15 PRE_VOTE round 0: result PASSED (term=0)
2023-07-13 06:11:14,355 [IPC Server handler 14 on default port 15001] WARN  ha.SequenceIdGenerator (SequenceIdGenerator.java:allocateBatch(249)) - Failed to allocate a batch for localId, expected lastId is 0, actual lastId is 111677748019200000.
2023-07-13 06:11:14,358 [IPC Server handler 14 on default port 15001] INFO  ha.SequenceIdGenerator (SequenceIdGenerator.java:getNextId(140)) - Allocate a batch for localId, change lastId from 111677748019200000 to 111677748019201000.
2023-07-13 06:11:14,358 [aeec539b-574d-4d91-8fa7-d5e640bad944@group-86C21C04D4A7-LeaderElection15] INFO  impl.LeaderElection (LeaderElection.java:askForVotes(321)) - aeec539b-574d-4d91-8fa7-d5e640bad944@group-86C21C04D4A7-LeaderElection15 ELECTION round 0: submit vote requests at term 1 for -1: peers:[aeec539b-574d-4d91-8fa7-d5e640bad944|rpc:10.1.0.28:15068|admin:10.1.0.28:15067|client:10.1.0.28:15066|dataStream:10.1.0.28:15069|priority:1|startupRole:FOLLOWER]|listeners:[], old=null
2023-07-13 06:11:14,358 [aeec539b-574d-4d91-8fa7-d5e640bad944@group-86C21C04D4A7-LeaderElection15] INFO  impl.LeaderElection (LeaderElection.java:askForVotes(323)) - aeec539b-574d-4d91-8fa7-d5e640bad944@group-86C21C04D4A7-LeaderElection15 ELECTION round 0: result PASSED (term=1)
2023-07-13 06:11:14,358 [aeec539b-574d-4d91-8fa7-d5e640bad944@group-86C21C04D4A7-LeaderElection15] INFO  impl.RoleInfo (RoleInfo.java:shutdownLeaderElection(130)) - aeec539b-574d-4d91-8fa7-d5e640bad944: shutdown aeec539b-574d-4d91-8fa7-d5e640bad944@group-86C21C04D4A7-LeaderElection15
2023-07-13 06:11:14,358 [aeec539b-574d-4d91-8fa7-d5e640bad944@group-86C21C04D4A7-LeaderElection15] INFO  server.RaftServer$Division (RaftServerImpl.java:setRole(329)) - aeec539b-574d-4d91-8fa7-d5e640bad944@group-86C21C04D4A7: changes role from CANDIDATE to LEADER at term 1 for changeToLeader
2023-07-13 06:11:14,359 [aeec539b-574d-4d91-8fa7-d5e640bad944@group-86C21C04D4A7-LeaderElection15] INFO  ratis.XceiverServerRatis (XceiverServerRatis.java:handleLeaderChangedNotification(902)) - Leader change notification received for group: group-86C21C04D4A7 with new leaderId: aeec539b-574d-4d91-8fa7-d5e640bad944
2023-07-13 06:11:14,359 [aeec539b-574d-4d91-8fa7-d5e640bad944@group-86C21C04D4A7-LeaderElection15] INFO  server.RaftServer$Division (ServerState.java:setLeader(317)) - aeec539b-574d-4d91-8fa7-d5e640bad944@group-86C21C04D4A7: change Leader from null to aeec539b-574d-4d91-8fa7-d5e640bad944 at term 1 for becomeLeader, leader elected after 5167ms
2023-07-13 06:11:14,359 [aeec539b-574d-4d91-8fa7-d5e640bad944@group-86C21C04D4A7-LeaderElection15] INFO  server.RaftServerConfigKeys (ConfUtils.java:logGet(46)) - raft.server.staging.catchup.gap = 1000 (default)
2023-07-13 06:11:14,359 [aeec539b-574d-4d91-8fa7-d5e640bad944@group-86C21C04D4A7-LeaderElection15] INFO  server.RaftServerConfigKeys (ConfUtils.java:logGet(46)) - raft.server.write.element-limit = 1024 (custom)
2023-07-13 06:11:14,359 [aeec539b-574d-4d91-8fa7-d5e640bad944@group-86C21C04D4A7-LeaderElection15] INFO  server.RaftServerConfigKeys (ConfUtils.java:logGet(46)) - raft.server.write.byte-limit = 1024 M (=1073741824) (custom)
2023-07-13 06:11:14,360 [aeec539b-574d-4d91-8fa7-d5e640bad944@group-86C21C04D4A7-LeaderElection15] INFO  server.RaftServerConfigKeys (ConfUtils.java:logGet(46)) - raft.server.watch.timeout = 180s (custom)
2023-07-13 06:11:14,360 [aeec539b-574d-4d91-8fa7-d5e640bad944@group-86C21C04D4A7-LeaderElection15] INFO  server.RaftServerConfigKeys (ConfUtils.java:logGet(46)) - raft.server.watch.timeout.denomination = 1s (default)
2023-07-13 06:11:14,360 [aeec539b-574d-4d91-8fa7-d5e640bad944@group-86C21C04D4A7-LeaderElection15] INFO  server.RaftServerConfigKeys (ConfUtils.java:logGet(46)) - raft.server.watch.element-limit = 65536 (default)
2023-07-13 06:11:14,360 [aeec539b-574d-4d91-8fa7-d5e640bad944@group-86C21C04D4A7-LeaderElection15] INFO  server.RaftServerConfigKeys (ConfUtils.java:logGet(46)) - raft.server.write.element-limit = 1024 (custom)
2023-07-13 06:11:14,360 [aeec539b-574d-4d91-8fa7-d5e640bad944@group-86C21C04D4A7-LeaderElection15] INFO  server.RaftServerConfigKeys (ConfUtils.java:logGet(46)) - raft.server.write.follower.gap.ratio.max = -1.0 (default)
2023-07-13 06:11:14,360 [aeec539b-574d-4d91-8fa7-d5e640bad944@group-86C21C04D4A7-LeaderElection15] INFO  impl.RoleInfo (RoleInfo.java:updateAndGet(139)) - aeec539b-574d-4d91-8fa7-d5e640bad944: start aeec539b-574d-4d91-8fa7-d5e640bad944@group-86C21C04D4A7-LeaderStateImpl
2023-07-13 06:11:14,361 [aeec539b-574d-4d91-8fa7-d5e640bad944@group-86C21C04D4A7-LeaderElection15] INFO  segmented.SegmentedRaftLogWorker (SegmentedRaftLogWorker.java:startLogSegment(447)) - aeec539b-574d-4d91-8fa7-d5e640bad944@group-86C21C04D4A7-SegmentedRaftLogWorker: Starting segment from index:0
2023-07-13 06:11:14,373 [aeec539b-574d-4d91-8fa7-d5e640bad944@group-86C21C04D4A7-LeaderElection15] INFO  server.RaftServer$Division (ServerState.java:setRaftConf(434)) - aeec539b-574d-4d91-8fa7-d5e640bad944@group-86C21C04D4A7: set configuration 0: peers:[aeec539b-574d-4d91-8fa7-d5e640bad944|rpc:10.1.0.28:15068|admin:10.1.0.28:15067|client:10.1.0.28:15066|dataStream:10.1.0.28:15069|priority:1|startupRole:FOLLOWER]|listeners:[], old=null
2023-07-13 06:11:14,381 [aeec539b-574d-4d91-8fa7-d5e640bad944@group-86C21C04D4A7-SegmentedRaftLogWorker] INFO  segmented.SegmentedRaftLogWorker (SegmentedRaftLogWorker.java:execute(651)) - aeec539b-574d-4d91-8fa7-d5e640bad944@group-86C21C04D4A7-SegmentedRaftLogWorker: created new log segment /home/runner/work/ozone/ozone/hadoop-ozone/integration-test/target/test-dir/MiniOzoneClusterImpl-40c29f8c-30b3-4208-9c4d-d76d276bda5b/datanode-6/data/ratis/8874d03c-53ad-40cf-b578-86c21c04d4a7/current/log_inprogress_0
2023-07-13 06:11:14,422 [aeec539b-574d-4d91-8fa7-d5e640bad944@group-DF427437EA4B-FollowerState] INFO  impl.FollowerState (FollowerState.java:run(143)) - aeec539b-574d-4d91-8fa7-d5e640bad944@group-DF427437EA4B-FollowerState: change to CANDIDATE, lastRpcElapsedTime:5139728597ns, electionTimeout:5130ms
2023-07-13 06:11:14,422 [aeec539b-574d-4d91-8fa7-d5e640bad944@group-DF427437EA4B-FollowerState] INFO  impl.RoleInfo (RoleInfo.java:shutdownFollowerState(110)) - aeec539b-574d-4d91-8fa7-d5e640bad944: shutdown aeec539b-574d-4d91-8fa7-d5e640bad944@group-DF427437EA4B-FollowerState
2023-07-13 06:11:14,422 [aeec539b-574d-4d91-8fa7-d5e640bad944@group-DF427437EA4B-FollowerState] INFO  server.RaftServer$Division (RaftServerImpl.java:setRole(329)) - aeec539b-574d-4d91-8fa7-d5e640bad944@group-DF427437EA4B: changes role from  FOLLOWER to CANDIDATE at term 0 for changeToCandidate
2023-07-13 06:11:14,422 [aeec539b-574d-4d91-8fa7-d5e640bad944@group-DF427437EA4B-FollowerState] INFO  server.RaftServerConfigKeys (ConfUtils.java:logGet(46)) - raft.server.leaderelection.pre-vote = true (default)
2023-07-13 06:11:14,422 [aeec539b-574d-4d91-8fa7-d5e640bad944@group-DF427437EA4B-FollowerState] INFO  impl.RoleInfo (RoleInfo.java:updateAndGet(139)) - aeec539b-574d-4d91-8fa7-d5e640bad944: start aeec539b-574d-4d91-8fa7-d5e640bad944@group-DF427437EA4B-LeaderElection16
2023-07-13 06:11:14,433 [42c94fbf-dc57-4435-80ab-f9b7a4e6d382@group-DF427437EA4B-FollowerState] INFO  impl.FollowerState (FollowerState.java:run(143)) - 42c94fbf-dc57-4435-80ab-f9b7a4e6d382@group-DF427437EA4B-FollowerState: change to CANDIDATE, lastRpcElapsedTime:5100531224ns, electionTimeout:5093ms
2023-07-13 06:11:14,433 [42c94fbf-dc57-4435-80ab-f9b7a4e6d382@group-DF427437EA4B-FollowerState] INFO  impl.RoleInfo (RoleInfo.java:shutdownFollowerState(110)) - 42c94fbf-dc57-4435-80ab-f9b7a4e6d382: shutdown 42c94fbf-dc57-4435-80ab-f9b7a4e6d382@group-DF427437EA4B-FollowerState
2023-07-13 06:11:14,433 [42c94fbf-dc57-4435-80ab-f9b7a4e6d382@group-DF427437EA4B-FollowerState] INFO  server.RaftServer$Division (RaftServerImpl.java:setRole(329)) - 42c94fbf-dc57-4435-80ab-f9b7a4e6d382@group-DF427437EA4B: changes role from  FOLLOWER to CANDIDATE at term 0 for changeToCandidate
2023-07-13 06:11:14,433 [42c94fbf-dc57-4435-80ab-f9b7a4e6d382@group-DF427437EA4B-FollowerState] INFO  server.RaftServerConfigKeys (ConfUtils.java:logGet(46)) - raft.server.leaderelection.pre-vote = true (default)
2023-07-13 06:11:14,433 [42c94fbf-dc57-4435-80ab-f9b7a4e6d382@group-DF427437EA4B-FollowerState] INFO  impl.RoleInfo (RoleInfo.java:updateAndGet(139)) - 42c94fbf-dc57-4435-80ab-f9b7a4e6d382: start 42c94fbf-dc57-4435-80ab-f9b7a4e6d382@group-DF427437EA4B-LeaderElection17
2023-07-13 06:11:14,435 [aeec539b-574d-4d91-8fa7-d5e640bad944@group-DF427437EA4B-LeaderElection16] INFO  impl.LeaderElection (LeaderElection.java:askForVotes(321)) - aeec539b-574d-4d91-8fa7-d5e640bad944@group-DF427437EA4B-LeaderElection16 PRE_VOTE round 0: submit vote requests at term 0 for -1: peers:[aeec539b-574d-4d91-8fa7-d5e640bad944|rpc:10.1.0.28:15068|admin:10.1.0.28:15067|client:10.1.0.28:15066|dataStream:10.1.0.28:15069|priority:1|startupRole:FOLLOWER, 42c94fbf-dc57-4435-80ab-f9b7a4e6d382|rpc:10.1.0.28:15077|admin:10.1.0.28:15076|client:10.1.0.28:15075|dataStream:10.1.0.28:15078|priority:0|startupRole:FOLLOWER, d12304a5-d481-4f9e-9203-502383e83214|rpc:10.1.0.28:15086|admin:10.1.0.28:15085|client:10.1.0.28:15084|dataStream:10.1.0.28:15087|priority:0|startupRole:FOLLOWER]|listeners:[], old=null
2023-07-13 06:11:14,451 [aeec539b-574d-4d91-8fa7-d5e640bad944@group-DF427437EA4B-LeaderElection16-1] INFO  server.GrpcServerProtocolClient (GrpcServerProtocolClient.java:<init>(65)) - Build channel for 42c94fbf-dc57-4435-80ab-f9b7a4e6d382
2023-07-13 06:11:14,462 [grpc-default-executor-1] INFO  server.RaftServer$Division (RaftServerImpl.java:requestVote(1302)) - 42c94fbf-dc57-4435-80ab-f9b7a4e6d382@group-DF427437EA4B: receive requestVote(PRE_VOTE, aeec539b-574d-4d91-8fa7-d5e640bad944, group-DF427437EA4B, 0, (t:0, i:0))
2023-07-13 06:11:14,472 [aeec539b-574d-4d91-8fa7-d5e640bad944@group-DF427437EA4B-LeaderElection16] INFO  server.RaftServerConfigKeys (ConfUtils.java:logFallback(53)) - raft.server.rpc.first-election.timeout.min = 5s (fallback to raft.server.rpc.timeout.min)
2023-07-13 06:11:14,472 [aeec539b-574d-4d91-8fa7-d5e640bad944@group-DF427437EA4B-LeaderElection16] INFO  server.RaftServerConfigKeys (ConfUtils.java:logFallback(53)) - raft.server.rpc.first-election.timeout.max = 5200ms (fallback to raft.server.rpc.timeout.max)
2023-07-13 06:11:14,474 [grpc-default-executor-1] INFO  impl.VoteContext (VoteContext.java:log(49)) - 42c94fbf-dc57-4435-80ab-f9b7a4e6d382@group-DF427437EA4B-CANDIDATE: accept PRE_VOTE from aeec539b-574d-4d91-8fa7-d5e640bad944: our priority 0 <= candidate's priority 1
2023-07-13 06:11:14,474 [grpc-default-executor-1] INFO  server.RaftServer$Division (RaftServerImpl.java:requestVote(1335)) - 42c94fbf-dc57-4435-80ab-f9b7a4e6d382@group-DF427437EA4B replies to PRE_VOTE vote request: aeec539b-574d-4d91-8fa7-d5e640bad944<-42c94fbf-dc57-4435-80ab-f9b7a4e6d382#0:OK-t0. Peer's state: 42c94fbf-dc57-4435-80ab-f9b7a4e6d382@group-DF427437EA4B:t0, leader=null, voted=, raftlog=Memoized:42c94fbf-dc57-4435-80ab-f9b7a4e6d382@group-DF427437EA4B-SegmentedRaftLog:OPENED:c-1, conf=-1: peers:[aeec539b-574d-4d91-8fa7-d5e640bad944|rpc:10.1.0.28:15068|admin:10.1.0.28:15067|client:10.1.0.28:15066|dataStream:10.1.0.28:15069|priority:1|startupRole:FOLLOWER, 42c94fbf-dc57-4435-80ab-f9b7a4e6d382|rpc:10.1.0.28:15077|admin:10.1.0.28:15076|client:10.1.0.28:15075|dataStream:10.1.0.28:15078|priority:0|startupRole:FOLLOWER, d12304a5-d481-4f9e-9203-502383e83214|rpc:10.1.0.28:15086|admin:10.1.0.28:15085|client:10.1.0.28:15084|dataStream:10.1.0.28:15087|priority:0|startupRole:FOLLOWER]|listeners:[], old=null
2023-07-13 06:11:14,476 [aeec539b-574d-4d91-8fa7-d5e640bad944@group-DF427437EA4B-LeaderElection16] INFO  impl.LeaderElection (LeaderElection.java:logAndReturn(90)) - aeec539b-574d-4d91-8fa7-d5e640bad944@group-DF427437EA4B-LeaderElection16: PRE_VOTE PASSED received 1 response(s) and 0 exception(s):
2023-07-13 06:11:14,476 [aeec539b-574d-4d91-8fa7-d5e640bad944@group-DF427437EA4B-LeaderElection16] INFO  impl.LeaderElection (LeaderElection.java:logAndReturn(94)) -   Response 0: aeec539b-574d-4d91-8fa7-d5e640bad944<-42c94fbf-dc57-4435-80ab-f9b7a4e6d382#0:OK-t0
2023-07-13 06:11:14,476 [42c94fbf-dc57-4435-80ab-f9b7a4e6d382@group-DF427437EA4B-LeaderElection17] INFO  impl.LeaderElection (LeaderElection.java:askForVotes(321)) - 42c94fbf-dc57-4435-80ab-f9b7a4e6d382@group-DF427437EA4B-LeaderElection17 PRE_VOTE round 0: submit vote requests at term 0 for -1: peers:[aeec539b-574d-4d91-8fa7-d5e640bad944|rpc:10.1.0.28:15068|admin:10.1.0.28:15067|client:10.1.0.28:15066|dataStream:10.1.0.28:15069|priority:1|startupRole:FOLLOWER, 42c94fbf-dc57-4435-80ab-f9b7a4e6d382|rpc:10.1.0.28:15077|admin:10.1.0.28:15076|client:10.1.0.28:15075|dataStream:10.1.0.28:15078|priority:0|startupRole:FOLLOWER, d12304a5-d481-4f9e-9203-502383e83214|rpc:10.1.0.28:15086|admin:10.1.0.28:15085|client:10.1.0.28:15084|dataStream:10.1.0.28:15087|priority:0|startupRole:FOLLOWER]|listeners:[], old=null
2023-07-13 06:11:14,476 [aeec539b-574d-4d91-8fa7-d5e640bad944@group-DF427437EA4B-LeaderElection16] INFO  impl.LeaderElection (LeaderElection.java:askForVotes(323)) - aeec539b-574d-4d91-8fa7-d5e640bad944@group-DF427437EA4B-LeaderElection16 PRE_VOTE round 0: result PASSED
2023-07-13 06:11:14,479 [aeec539b-574d-4d91-8fa7-d5e640bad944@group-DF427437EA4B-LeaderElection16-2] INFO  server.GrpcServerProtocolClient (GrpcServerProtocolClient.java:<init>(65)) - Build channel for d12304a5-d481-4f9e-9203-502383e83214
2023-07-13 06:11:14,479 [aeec539b-574d-4d91-8fa7-d5e640bad944@group-DF427437EA4B-LeaderElection16] INFO  impl.LeaderElection (LeaderElection.java:askForVotes(321)) - aeec539b-574d-4d91-8fa7-d5e640bad944@group-DF427437EA4B-LeaderElection16 ELECTION round 0: submit vote requests at term 1 for -1: peers:[aeec539b-574d-4d91-8fa7-d5e640bad944|rpc:10.1.0.28:15068|admin:10.1.0.28:15067|client:10.1.0.28:15066|dataStream:10.1.0.28:15069|priority:1|startupRole:FOLLOWER, 42c94fbf-dc57-4435-80ab-f9b7a4e6d382|rpc:10.1.0.28:15077|admin:10.1.0.28:15076|client:10.1.0.28:15075|dataStream:10.1.0.28:15078|priority:0|startupRole:FOLLOWER, d12304a5-d481-4f9e-9203-502383e83214|rpc:10.1.0.28:15086|admin:10.1.0.28:15085|client:10.1.0.28:15084|dataStream:10.1.0.28:15087|priority:0|startupRole:FOLLOWER]|listeners:[], old=null
2023-07-13 06:11:14,482 [42c94fbf-dc57-4435-80ab-f9b7a4e6d382@group-DF427437EA4B-LeaderElection17-1] INFO  server.GrpcServerProtocolClient (GrpcServerProtocolClient.java:<init>(65)) - Build channel for aeec539b-574d-4d91-8fa7-d5e640bad944
2023-07-13 06:11:14,488 [grpc-default-executor-1] INFO  server.RaftServer$Division (RaftServerImpl.java:requestVote(1302)) - 42c94fbf-dc57-4435-80ab-f9b7a4e6d382@group-DF427437EA4B: receive requestVote(ELECTION, aeec539b-574d-4d91-8fa7-d5e640bad944, group-DF427437EA4B, 1, (t:0, i:0))
2023-07-13 06:11:14,488 [grpc-default-executor-1] INFO  impl.VoteContext (VoteContext.java:log(49)) - 42c94fbf-dc57-4435-80ab-f9b7a4e6d382@group-DF427437EA4B-CANDIDATE: accept ELECTION from aeec539b-574d-4d91-8fa7-d5e640bad944: our priority 0 <= candidate's priority 1
2023-07-13 06:11:14,488 [grpc-default-executor-1] INFO  server.RaftServer$Division (RaftServerImpl.java:setRole(329)) - 42c94fbf-dc57-4435-80ab-f9b7a4e6d382@group-DF427437EA4B: changes role from CANDIDATE to FOLLOWER at term 1 for candidate:aeec539b-574d-4d91-8fa7-d5e640bad944
2023-07-13 06:11:14,489 [grpc-default-executor-1] INFO  impl.RoleInfo (RoleInfo.java:shutdownLeaderElection(130)) - 42c94fbf-dc57-4435-80ab-f9b7a4e6d382: shutdown 42c94fbf-dc57-4435-80ab-f9b7a4e6d382@group-DF427437EA4B-LeaderElection17
2023-07-13 06:11:14,491 [aeec539b-574d-4d91-8fa7-d5e640bad944@group-DF427437EA4B-LeaderElection16] INFO  server.RaftServerConfigKeys (ConfUtils.java:logFallback(53)) - raft.server.rpc.first-election.timeout.min = 5s (fallback to raft.server.rpc.timeout.min)
2023-07-13 06:11:14,491 [aeec539b-574d-4d91-8fa7-d5e640bad944@group-DF427437EA4B-LeaderElection16] INFO  server.RaftServerConfigKeys (ConfUtils.java:logFallback(53)) - raft.server.rpc.first-election.timeout.max = 5200ms (fallback to raft.server.rpc.timeout.max)
2023-07-13 06:11:14,496 [42c94fbf-dc57-4435-80ab-f9b7a4e6d382@group-DF427437EA4B-LeaderElection17] INFO  server.RaftServerConfigKeys (ConfUtils.java:logFallback(53)) - raft.server.rpc.first-election.timeout.min = 5s (fallback to raft.server.rpc.timeout.min)
2023-07-13 06:11:14,496 [42c94fbf-dc57-4435-80ab-f9b7a4e6d382@group-DF427437EA4B-LeaderElection17] INFO  server.RaftServerConfigKeys (ConfUtils.java:logFallback(53)) - raft.server.rpc.first-election.timeout.max = 5200ms (fallback to raft.server.rpc.timeout.max)
2023-07-13 06:11:14,496 [42c94fbf-dc57-4435-80ab-f9b7a4e6d382@group-DF427437EA4B-LeaderElection17] INFO  impl.LeaderElection (LeaderElection.java:logAndReturn(90)) - 42c94fbf-dc57-4435-80ab-f9b7a4e6d382@group-DF427437EA4B-LeaderElection17: PRE_VOTE REJECTED received 0 response(s) and 0 exception(s):
2023-07-13 06:11:14,496 [42c94fbf-dc57-4435-80ab-f9b7a4e6d382@group-DF427437EA4B-LeaderElection17] INFO  impl.LeaderElection (LeaderElection.java:askForVotes(323)) - 42c94fbf-dc57-4435-80ab-f9b7a4e6d382@group-DF427437EA4B-LeaderElection17 PRE_VOTE round 0: result REJECTED
2023-07-13 06:11:14,497 [grpc-default-executor-1] INFO  impl.RoleInfo (RoleInfo.java:updateAndGet(139)) - 42c94fbf-dc57-4435-80ab-f9b7a4e6d382: start 42c94fbf-dc57-4435-80ab-f9b7a4e6d382@group-DF427437EA4B-FollowerState
2023-07-13 06:11:14,497 [42c94fbf-dc57-4435-80ab-f9b7a4e6d382@group-DF427437EA4B-LeaderElection17-2] INFO  server.GrpcServerProtocolClient (GrpcServerProtocolClient.java:<init>(65)) - Build channel for d12304a5-d481-4f9e-9203-502383e83214
2023-07-13 06:11:14,502 [grpc-default-executor-1] INFO  server.RaftServer$Division (RaftServerImpl.java:requestVote(1335)) - 42c94fbf-dc57-4435-80ab-f9b7a4e6d382@group-DF427437EA4B replies to ELECTION vote request: aeec539b-574d-4d91-8fa7-d5e640bad944<-42c94fbf-dc57-4435-80ab-f9b7a4e6d382#0:OK-t1. Peer's state: 42c94fbf-dc57-4435-80ab-f9b7a4e6d382@group-DF427437EA4B:t1, leader=null, voted=aeec539b-574d-4d91-8fa7-d5e640bad944, raftlog=Memoized:42c94fbf-dc57-4435-80ab-f9b7a4e6d382@group-DF427437EA4B-SegmentedRaftLog:OPENED:c-1, conf=-1: peers:[aeec539b-574d-4d91-8fa7-d5e640bad944|rpc:10.1.0.28:15068|admin:10.1.0.28:15067|client:10.1.0.28:15066|dataStream:10.1.0.28:15069|priority:1|startupRole:FOLLOWER, 42c94fbf-dc57-4435-80ab-f9b7a4e6d382|rpc:10.1.0.28:15077|admin:10.1.0.28:15076|client:10.1.0.28:15075|dataStream:10.1.0.28:15078|priority:0|startupRole:FOLLOWER, d12304a5-d481-4f9e-9203-502383e83214|rpc:10.1.0.28:15086|admin:10.1.0.28:15085|client:10.1.0.28:15084|dataStream:10.1.0.28:15087|priority:0|startupRole:FOLLOWER]|listeners:[], old=null
2023-07-13 06:11:14,505 [aeec539b-574d-4d91-8fa7-d5e640bad944@group-F88CADE39363-FollowerState] INFO  impl.FollowerState (FollowerState.java:run(143)) - aeec539b-574d-4d91-8fa7-d5e640bad944@group-F88CADE39363-FollowerState: change to CANDIDATE, lastRpcElapsedTime:5056591284ns, electionTimeout:5055ms
2023-07-13 06:11:14,505 [aeec539b-574d-4d91-8fa7-d5e640bad944@group-F88CADE39363-FollowerState] INFO  impl.RoleInfo (RoleInfo.java:shutdownFollowerState(110)) - aeec539b-574d-4d91-8fa7-d5e640bad944: shutdown aeec539b-574d-4d91-8fa7-d5e640bad944@group-F88CADE39363-FollowerState
2023-07-13 06:11:14,506 [aeec539b-574d-4d91-8fa7-d5e640bad944@group-F88CADE39363-FollowerState] INFO  server.RaftServer$Division (RaftServerImpl.java:setRole(329)) - aeec539b-574d-4d91-8fa7-d5e640bad944@group-F88CADE39363: changes role from  FOLLOWER to CANDIDATE at term 0 for changeToCandidate
2023-07-13 06:11:14,506 [aeec539b-574d-4d91-8fa7-d5e640bad944@group-F88CADE39363-FollowerState] INFO  server.RaftServerConfigKeys (ConfUtils.java:logGet(46)) - raft.server.leaderelection.pre-vote = true (default)
2023-07-13 06:11:14,506 [aeec539b-574d-4d91-8fa7-d5e640bad944@group-F88CADE39363-FollowerState] INFO  impl.RoleInfo (RoleInfo.java:updateAndGet(139)) - aeec539b-574d-4d91-8fa7-d5e640bad944: start aeec539b-574d-4d91-8fa7-d5e640bad944@group-F88CADE39363-LeaderElection18
2023-07-13 06:11:14,512 [aeec539b-574d-4d91-8fa7-d5e640bad944@group-F88CADE39363-LeaderElection18] INFO  impl.LeaderElection (LeaderElection.java:askForVotes(321)) - aeec539b-574d-4d91-8fa7-d5e640bad944@group-F88CADE39363-LeaderElection18 PRE_VOTE round 0: submit vote requests at term 0 for -1: peers:[aeec539b-574d-4d91-8fa7-d5e640bad944|rpc:10.1.0.28:15068|admin:10.1.0.28:15067|client:10.1.0.28:15066|dataStream:10.1.0.28:15069|priority:0|startupRole:FOLLOWER, 42c94fbf-dc57-4435-80ab-f9b7a4e6d382|rpc:10.1.0.28:15077|admin:10.1.0.28:15076|client:10.1.0.28:15075|dataStream:10.1.0.28:15078|priority:0|startupRole:FOLLOWER, d12304a5-d481-4f9e-9203-502383e83214|rpc:10.1.0.28:15086|admin:10.1.0.28:15085|client:10.1.0.28:15084|dataStream:10.1.0.28:15087|priority:1|startupRole:FOLLOWER]|listeners:[], old=null
2023-07-13 06:11:14,514 [grpc-default-executor-1] INFO  server.RaftServer$Division (RaftServerImpl.java:requestVote(1302)) - d12304a5-d481-4f9e-9203-502383e83214@group-DF427437EA4B: receive requestVote(ELECTION, aeec539b-574d-4d91-8fa7-d5e640bad944, group-DF427437EA4B, 1, (t:0, i:0))
2023-07-13 06:11:14,514 [grpc-default-executor-1] INFO  impl.VoteContext (VoteContext.java:log(49)) - d12304a5-d481-4f9e-9203-502383e83214@group-DF427437EA4B-FOLLOWER: accept ELECTION from aeec539b-574d-4d91-8fa7-d5e640bad944: our priority 0 <= candidate's priority 1
2023-07-13 06:11:14,514 [grpc-default-executor-1] INFO  server.RaftServer$Division (RaftServerImpl.java:setRole(329)) - d12304a5-d481-4f9e-9203-502383e83214@group-DF427437EA4B: changes role from  FOLLOWER to FOLLOWER at term 1 for candidate:aeec539b-574d-4d91-8fa7-d5e640bad944
2023-07-13 06:11:14,514 [grpc-default-executor-1] INFO  impl.RoleInfo (RoleInfo.java:shutdownFollowerState(110)) - d12304a5-d481-4f9e-9203-502383e83214: shutdown d12304a5-d481-4f9e-9203-502383e83214@group-DF427437EA4B-FollowerState
2023-07-13 06:11:14,515 [aeec539b-574d-4d91-8fa7-d5e640bad944@group-F88CADE39363-LeaderElection18] INFO  server.RaftServerConfigKeys (ConfUtils.java:logFallback(53)) - raft.server.rpc.first-election.timeout.min = 5s (fallback to raft.server.rpc.timeout.min)
2023-07-13 06:11:14,515 [aeec539b-574d-4d91-8fa7-d5e640bad944@group-F88CADE39363-LeaderElection18] INFO  server.RaftServerConfigKeys (ConfUtils.java:logFallback(53)) - raft.server.rpc.first-election.timeout.max = 5200ms (fallback to raft.server.rpc.timeout.max)
2023-07-13 06:11:14,515 [grpc-default-executor-5] INFO  server.RaftServer$Division (RaftServerImpl.java:requestVote(1302)) - d12304a5-d481-4f9e-9203-502383e83214@group-DF427437EA4B: receive requestVote(PRE_VOTE, aeec539b-574d-4d91-8fa7-d5e640bad944, group-DF427437EA4B, 0, (t:0, i:0))
2023-07-13 06:11:14,520 [grpc-default-executor-2] INFO  server.RaftServer$Division (RaftServerImpl.java:requestVote(1302)) - aeec539b-574d-4d91-8fa7-d5e640bad944@group-DF427437EA4B: receive requestVote(PRE_VOTE, 42c94fbf-dc57-4435-80ab-f9b7a4e6d382, group-DF427437EA4B, 0, (t:0, i:0))
2023-07-13 06:11:14,520 [grpc-default-executor-2] INFO  impl.VoteContext (VoteContext.java:log(49)) - aeec539b-574d-4d91-8fa7-d5e640bad944@group-DF427437EA4B-CANDIDATE: reject PRE_VOTE from 42c94fbf-dc57-4435-80ab-f9b7a4e6d382: our priority 1 > candidate's priority 0
2023-07-13 06:11:14,520 [grpc-default-executor-2] INFO  server.RaftServer$Division (RaftServerImpl.java:requestVote(1335)) - aeec539b-574d-4d91-8fa7-d5e640bad944@group-DF427437EA4B replies to PRE_VOTE vote request: 42c94fbf-dc57-4435-80ab-f9b7a4e6d382<-aeec539b-574d-4d91-8fa7-d5e640bad944#0:FAIL-t1. Peer's state: aeec539b-574d-4d91-8fa7-d5e640bad944@group-DF427437EA4B:t1, leader=null, voted=aeec539b-574d-4d91-8fa7-d5e640bad944, raftlog=Memoized:aeec539b-574d-4d91-8fa7-d5e640bad944@group-DF427437EA4B-SegmentedRaftLog:OPENED:c-1, conf=-1: peers:[aeec539b-574d-4d91-8fa7-d5e640bad944|rpc:10.1.0.28:15068|admin:10.1.0.28:15067|client:10.1.0.28:15066|dataStream:10.1.0.28:15069|priority:1|startupRole:FOLLOWER, 42c94fbf-dc57-4435-80ab-f9b7a4e6d382|rpc:10.1.0.28:15077|admin:10.1.0.28:15076|client:10.1.0.28:15075|dataStream:10.1.0.28:15078|priority:0|startupRole:FOLLOWER, d12304a5-d481-4f9e-9203-502383e83214|rpc:10.1.0.28:15086|admin:10.1.0.28:15085|client:10.1.0.28:15084|dataStream:10.1.0.28:15087|priority:0|startupRole:FOLLOWER]|listeners:[], old=null
2023-07-13 06:11:14,521 [grpc-default-executor-1] INFO  impl.RoleInfo (RoleInfo.java:updateAndGet(139)) - d12304a5-d481-4f9e-9203-502383e83214: start d12304a5-d481-4f9e-9203-502383e83214@group-DF427437EA4B-FollowerState
2023-07-13 06:11:14,524 [d12304a5-d481-4f9e-9203-502383e83214@group-DF427437EA4B-FollowerState] INFO  impl.FollowerState (FollowerState.java:run(152)) - d12304a5-d481-4f9e-9203-502383e83214@group-DF427437EA4B-FollowerState was interrupted
2023-07-13 06:11:14,543 [aeec539b-574d-4d91-8fa7-d5e640bad944@group-DF427437EA4B-LeaderElection16] INFO  impl.LeaderElection (LeaderElection.java:logAndReturn(90)) - aeec539b-574d-4d91-8fa7-d5e640bad944@group-DF427437EA4B-LeaderElection16: ELECTION PASSED received 1 response(s) and 0 exception(s):
2023-07-13 06:11:14,543 [aeec539b-574d-4d91-8fa7-d5e640bad944@group-DF427437EA4B-LeaderElection16] INFO  impl.LeaderElection (LeaderElection.java:logAndReturn(94)) -   Response 0: aeec539b-574d-4d91-8fa7-d5e640bad944<-42c94fbf-dc57-4435-80ab-f9b7a4e6d382#0:OK-t1
2023-07-13 06:11:14,543 [aeec539b-574d-4d91-8fa7-d5e640bad944@group-DF427437EA4B-LeaderElection16] INFO  impl.LeaderElection (LeaderElection.java:askForVotes(323)) - aeec539b-574d-4d91-8fa7-d5e640bad944@group-DF427437EA4B-LeaderElection16 ELECTION round 0: result PASSED
2023-07-13 06:11:14,543 [aeec539b-574d-4d91-8fa7-d5e640bad944@group-DF427437EA4B-LeaderElection16] INFO  impl.RoleInfo (RoleInfo.java:shutdownLeaderElection(130)) - aeec539b-574d-4d91-8fa7-d5e640bad944: shutdown aeec539b-574d-4d91-8fa7-d5e640bad944@group-DF427437EA4B-LeaderElection16
2023-07-13 06:11:14,543 [aeec539b-574d-4d91-8fa7-d5e640bad944@group-DF427437EA4B-LeaderElection16] INFO  server.RaftServer$Division (RaftServerImpl.java:setRole(329)) - aeec539b-574d-4d91-8fa7-d5e640bad944@group-DF427437EA4B: changes role from CANDIDATE to LEADER at term 1 for changeToLeader
2023-07-13 06:11:14,543 [aeec539b-574d-4d91-8fa7-d5e640bad944@group-DF427437EA4B-LeaderElection16] INFO  ratis.XceiverServerRatis (XceiverServerRatis.java:handleLeaderChangedNotification(902)) - Leader change notification received for group: group-DF427437EA4B with new leaderId: aeec539b-574d-4d91-8fa7-d5e640bad944
2023-07-13 06:11:14,544 [aeec539b-574d-4d91-8fa7-d5e640bad944@group-DF427437EA4B-LeaderElection16] INFO  server.RaftServer$Division (ServerState.java:setLeader(317)) - aeec539b-574d-4d91-8fa7-d5e640bad944@group-DF427437EA4B: change Leader from null to aeec539b-574d-4d91-8fa7-d5e640bad944 at term 1 for becomeLeader, leader elected after 5285ms
2023-07-13 06:11:14,544 [aeec539b-574d-4d91-8fa7-d5e640bad944@group-DF427437EA4B-LeaderElection16] INFO  server.RaftServerConfigKeys (ConfUtils.java:logGet(46)) - raft.server.staging.catchup.gap = 1000 (default)
2023-07-13 06:11:14,544 [aeec539b-574d-4d91-8fa7-d5e640bad944@group-DF427437EA4B-LeaderElection16] INFO  server.RaftServerConfigKeys (ConfUtils.java:logGet(46)) - raft.server.write.element-limit = 1024 (custom)
2023-07-13 06:11:14,544 [aeec539b-574d-4d91-8fa7-d5e640bad944@group-DF427437EA4B-LeaderElection16] INFO  server.RaftServerConfigKeys (ConfUtils.java:logGet(46)) - raft.server.write.byte-limit = 1024 M (=1073741824) (custom)
2023-07-13 06:11:14,544 [aeec539b-574d-4d91-8fa7-d5e640bad944@group-DF427437EA4B-LeaderElection16] INFO  server.RaftServerConfigKeys (ConfUtils.java:logGet(46)) - raft.server.watch.timeout = 180s (custom)
2023-07-13 06:11:14,544 [aeec539b-574d-4d91-8fa7-d5e640bad944@group-DF427437EA4B-LeaderElection16] INFO  server.RaftServerConfigKeys (ConfUtils.java:logGet(46)) - raft.server.watch.timeout.denomination = 1s (default)
2023-07-13 06:11:14,545 [aeec539b-574d-4d91-8fa7-d5e640bad944@group-DF427437EA4B-LeaderElection16] INFO  server.RaftServerConfigKeys (ConfUtils.java:logGet(46)) - raft.server.watch.element-limit = 65536 (default)
2023-07-13 06:11:14,545 [aeec539b-574d-4d91-8fa7-d5e640bad944@group-DF427437EA4B-LeaderElection16] INFO  server.RaftServerConfigKeys (ConfUtils.java:logGet(46)) - raft.server.write.element-limit = 1024 (custom)
2023-07-13 06:11:14,545 [aeec539b-574d-4d91-8fa7-d5e640bad944@group-DF427437EA4B-LeaderElection16] INFO  server.RaftServerConfigKeys (ConfUtils.java:logGet(46)) - raft.server.write.follower.gap.ratio.max = -1.0 (default)
2023-07-13 06:11:14,545 [aeec539b-574d-4d91-8fa7-d5e640bad944@group-DF427437EA4B-LeaderElection16] INFO  server.RaftServerConfigKeys (ConfUtils.java:logGet(46)) - raft.server.log.appender.snapshot.chunk.size.max = 16MB (=16777216) (default)
2023-07-13 06:11:14,547 [aeec539b-574d-4d91-8fa7-d5e640bad944@group-DF427437EA4B-LeaderElection16] INFO  server.RaftServerConfigKeys (ConfUtils.java:logGet(46)) - raft.server.log.appender.buffer.byte-limit = 33554432 (custom)
2023-07-13 06:11:14,547 [aeec539b-574d-4d91-8fa7-d5e640bad944@group-DF427437EA4B-LeaderElection16] INFO  server.RaftServerConfigKeys (ConfUtils.java:logGet(46)) - raft.server.log.appender.buffer.element-limit = 1 (custom)
2023-07-13 06:11:14,547 [aeec539b-574d-4d91-8fa7-d5e640bad944@group-DF427437EA4B-LeaderElection16] INFO  server.RaftServerConfigKeys (ConfUtils.java:logGet(46)) - raft.server.log.appender.wait-time.min = 10ms (default)
2023-07-13 06:11:14,547 [aeec539b-574d-4d91-8fa7-d5e640bad944@group-DF427437EA4B-LeaderElection16] INFO  grpc.GrpcConfigKeys (ConfUtils.java:logGet(46)) - raft.grpc.server.leader.outstanding.appends.max = 128 (default)
2023-07-13 06:11:14,546 [grpc-default-executor-1] INFO  server.RaftServer$Division (RaftServerImpl.java:requestVote(1335)) - d12304a5-d481-4f9e-9203-502383e83214@group-DF427437EA4B replies to ELECTION vote request: aeec539b-574d-4d91-8fa7-d5e640bad944<-d12304a5-d481-4f9e-9203-502383e83214#0:OK-t1. Peer's state: d12304a5-d481-4f9e-9203-502383e83214@group-DF427437EA4B:t1, leader=null, voted=aeec539b-574d-4d91-8fa7-d5e640bad944, raftlog=Memoized:d12304a5-d481-4f9e-9203-502383e83214@group-DF427437EA4B-SegmentedRaftLog:OPENED:c-1, conf=-1: peers:[aeec539b-574d-4d91-8fa7-d5e640bad944|rpc:10.1.0.28:15068|admin:10.1.0.28:15067|client:10.1.0.28:15066|dataStream:10.1.0.28:15069|priority:1|startupRole:FOLLOWER, 42c94fbf-dc57-4435-80ab-f9b7a4e6d382|rpc:10.1.0.28:15077|admin:10.1.0.28:15076|client:10.1.0.28:15075|dataStream:10.1.0.28:15078|priority:0|startupRole:FOLLOWER, d12304a5-d481-4f9e-9203-502383e83214|rpc:10.1.0.28:15086|admin:10.1.0.28:15085|client:10.1.0.28:15084|dataStream:10.1.0.28:15087|priority:0|startupRole:FOLLOWER]|listeners:[], old=null
2023-07-13 06:11:14,548 [42c94fbf-dc57-4435-80ab-f9b7a4e6d382@group-F88CADE39363-FollowerState] INFO  impl.FollowerState (FollowerState.java:run(143)) - 42c94fbf-dc57-4435-80ab-f9b7a4e6d382@group-F88CADE39363-FollowerState: change to CANDIDATE, lastRpcElapsedTime:5061691760ns, electionTimeout:5060ms
2023-07-13 06:11:14,548 [grpc-default-executor-5] INFO  impl.VoteContext (VoteContext.java:log(49)) - d12304a5-d481-4f9e-9203-502383e83214@group-DF427437EA4B-FOLLOWER: accept PRE_VOTE from aeec539b-574d-4d91-8fa7-d5e640bad944: our priority 0 <= candidate's priority 1
2023-07-13 06:11:14,548 [grpc-default-executor-5] INFO  server.RaftServer$Division (RaftServerImpl.java:requestVote(1335)) - d12304a5-d481-4f9e-9203-502383e83214@group-DF427437EA4B replies to PRE_VOTE vote request: aeec539b-574d-4d91-8fa7-d5e640bad944<-d12304a5-d481-4f9e-9203-502383e83214#0:OK-t1. Peer's state: d12304a5-d481-4f9e-9203-502383e83214@group-DF427437EA4B:t1, leader=null, voted=aeec539b-574d-4d91-8fa7-d5e640bad944, raftlog=Memoized:d12304a5-d481-4f9e-9203-502383e83214@group-DF427437EA4B-SegmentedRaftLog:OPENED:c-1, conf=-1: peers:[aeec539b-574d-4d91-8fa7-d5e640bad944|rpc:10.1.0.28:15068|admin:10.1.0.28:15067|client:10.1.0.28:15066|dataStream:10.1.0.28:15069|priority:1|startupRole:FOLLOWER, 42c94fbf-dc57-4435-80ab-f9b7a4e6d382|rpc:10.1.0.28:15077|admin:10.1.0.28:15076|client:10.1.0.28:15075|dataStream:10.1.0.28:15078|priority:0|startupRole:FOLLOWER, d12304a5-d481-4f9e-9203-502383e83214|rpc:10.1.0.28:15086|admin:10.1.0.28:15085|client:10.1.0.28:15084|dataStream:10.1.0.28:15087|priority:0|startupRole:FOLLOWER]|listeners:[], old=null
2023-07-13 06:11:14,547 [aeec539b-574d-4d91-8fa7-d5e640bad944@group-DF427437EA4B-LeaderElection16] INFO  server.RaftServerConfigKeys (ConfUtils.java:logGet(46)) - raft.server.rpc.request.timeout = 60s (custom)
2023-07-13 06:11:14,549 [42c94fbf-dc57-4435-80ab-f9b7a4e6d382@group-F88CADE39363-FollowerState] INFO  impl.RoleInfo (RoleInfo.java:shutdownFollowerState(110)) - 42c94fbf-dc57-4435-80ab-f9b7a4e6d382: shutdown 42c94fbf-dc57-4435-80ab-f9b7a4e6d382@group-F88CADE39363-FollowerState
2023-07-13 06:11:14,549 [42c94fbf-dc57-4435-80ab-f9b7a4e6d382@group-F88CADE39363-FollowerState] INFO  server.RaftServer$Division (RaftServerImpl.java:setRole(329)) - 42c94fbf-dc57-4435-80ab-f9b7a4e6d382@group-F88CADE39363: changes role from  FOLLOWER to CANDIDATE at term 0 for changeToCandidate
2023-07-13 06:11:14,549 [42c94fbf-dc57-4435-80ab-f9b7a4e6d382@group-F88CADE39363-FollowerState] INFO  server.RaftServerConfigKeys (ConfUtils.java:logGet(46)) - raft.server.leaderelection.pre-vote = true (default)
2023-07-13 06:11:14,549 [42c94fbf-dc57-4435-80ab-f9b7a4e6d382@group-F88CADE39363-FollowerState] INFO  impl.RoleInfo (RoleInfo.java:updateAndGet(139)) - 42c94fbf-dc57-4435-80ab-f9b7a4e6d382: start 42c94fbf-dc57-4435-80ab-f9b7a4e6d382@group-F88CADE39363-LeaderElection19
2023-07-13 06:11:14,549 [aeec539b-574d-4d91-8fa7-d5e640bad944@group-DF427437EA4B-LeaderElection16] INFO  grpc.GrpcConfigKeys (ConfUtils.java:logGet(46)) - raft.grpc.server.install_snapshot.request.element-limit = 8 (default)
2023-07-13 06:11:14,549 [aeec539b-574d-4d91-8fa7-d5e640bad944@group-DF427437EA4B-LeaderElection16] INFO  grpc.GrpcConfigKeys (ConfUtils.java:logGet(46)) - raft.grpc.server.install_snapshot.request.timeout = 3000ms (default)
2023-07-13 06:11:14,549 [aeec539b-574d-4d91-8fa7-d5e640bad944@group-DF427437EA4B-LeaderElection16] INFO  server.RaftServerConfigKeys (ConfUtils.java:logGet(46)) - raft.server.log.appender.install.snapshot.enabled = false (custom)
2023-07-13 06:11:14,550 [aeec539b-574d-4d91-8fa7-d5e640bad944@group-DF427437EA4B-LeaderElection16] INFO  grpc.GrpcConfigKeys (ConfUtils.java:logGet(46)) - raft.grpc.server.heartbeat.channel = true (default)
2023-07-13 06:11:14,550 [aeec539b-574d-4d91-8fa7-d5e640bad944@group-DF427437EA4B-LeaderElection16] INFO  server.RaftServerConfigKeys (ConfUtils.java:logGet(46)) - raft.server.log.appender.snapshot.chunk.size.max = 16MB (=16777216) (default)
2023-07-13 06:11:14,550 [aeec539b-574d-4d91-8fa7-d5e640bad944@group-DF427437EA4B-LeaderElection16] INFO  server.RaftServerConfigKeys (ConfUtils.java:logGet(46)) - raft.server.log.appender.buffer.byte-limit = 33554432 (custom)
2023-07-13 06:11:14,550 [aeec539b-574d-4d91-8fa7-d5e640bad944@group-DF427437EA4B-LeaderElection16] INFO  server.RaftServerConfigKeys (ConfUtils.java:logGet(46)) - raft.server.log.appender.buffer.element-limit = 1 (custom)
2023-07-13 06:11:14,561 [aeec539b-574d-4d91-8fa7-d5e640bad944@group-DF427437EA4B-LeaderElection16] INFO  server.RaftServerConfigKeys (ConfUtils.java:logGet(46)) - raft.server.log.appender.wait-time.min = 10ms (default)
2023-07-13 06:11:14,561 [aeec539b-574d-4d91-8fa7-d5e640bad944@group-DF427437EA4B-LeaderElection16] INFO  grpc.GrpcConfigKeys (ConfUtils.java:logGet(46)) - raft.grpc.server.leader.outstanding.appends.max = 128 (default)
2023-07-13 06:11:14,561 [aeec539b-574d-4d91-8fa7-d5e640bad944@group-DF427437EA4B-LeaderElection16] INFO  server.RaftServerConfigKeys (ConfUtils.java:logGet(46)) - raft.server.rpc.request.timeout = 60s (custom)
2023-07-13 06:11:14,561 [aeec539b-574d-4d91-8fa7-d5e640bad944@group-DF427437EA4B-LeaderElection16] INFO  grpc.GrpcConfigKeys (ConfUtils.java:logGet(46)) - raft.grpc.server.install_snapshot.request.element-limit = 8 (default)
2023-07-13 06:11:14,561 [aeec539b-574d-4d91-8fa7-d5e640bad944@group-DF427437EA4B-LeaderElection16] INFO  grpc.GrpcConfigKeys (ConfUtils.java:logGet(46)) - raft.grpc.server.install_snapshot.request.timeout = 3000ms (default)
2023-07-13 06:11:14,561 [aeec539b-574d-4d91-8fa7-d5e640bad944@group-DF427437EA4B-LeaderElection16] INFO  server.RaftServerConfigKeys (ConfUtils.java:logGet(46)) - raft.server.log.appender.install.snapshot.enabled = false (custom)
2023-07-13 06:11:14,561 [aeec539b-574d-4d91-8fa7-d5e640bad944@group-DF427437EA4B-LeaderElection16] INFO  grpc.GrpcConfigKeys (ConfUtils.java:logGet(46)) - raft.grpc.server.heartbeat.channel = true (default)
2023-07-13 06:11:14,561 [aeec539b-574d-4d91-8fa7-d5e640bad944@group-DF427437EA4B-LeaderElection16] INFO  impl.RoleInfo (RoleInfo.java:updateAndGet(139)) - aeec539b-574d-4d91-8fa7-d5e640bad944: start aeec539b-574d-4d91-8fa7-d5e640bad944@group-DF427437EA4B-LeaderStateImpl
2023-07-13 06:11:14,561 [aeec539b-574d-4d91-8fa7-d5e640bad944@group-DF427437EA4B-LeaderElection16] INFO  segmented.SegmentedRaftLogWorker (SegmentedRaftLogWorker.java:startLogSegment(447)) - aeec539b-574d-4d91-8fa7-d5e640bad944@group-DF427437EA4B-SegmentedRaftLogWorker: Starting segment from index:0
2023-07-13 06:11:14,564 [EventQueue-PipelineReportForPipelineReportHandler] INFO  pipeline.PipelineReportHandler (PipelineReportHandler.java:processPipelineReport(136)) - Opened pipeline PipelineID=1f042781-405f-4473-aded-df427437ea4b
2023-07-13 06:11:14,566 [aeec539b-574d-4d91-8fa7-d5e640bad944@group-DF427437EA4B-SegmentedRaftLogWorker] INFO  segmented.SegmentedRaftLogWorker (SegmentedRaftLogWorker.java:execute(651)) - aeec539b-574d-4d91-8fa7-d5e640bad944@group-DF427437EA4B-SegmentedRaftLogWorker: created new log segment /home/runner/work/ozone/ozone/hadoop-ozone/integration-test/target/test-dir/MiniOzoneClusterImpl-40c29f8c-30b3-4208-9c4d-d76d276bda5b/datanode-6/data/ratis/1f042781-405f-4473-aded-df427437ea4b/current/log_inprogress_0
2023-07-13 06:11:14,584 [aeec539b-574d-4d91-8fa7-d5e640bad944@group-DF427437EA4B-LeaderElection16] INFO  server.RaftServer$Division (ServerState.java:setRaftConf(434)) - aeec539b-574d-4d91-8fa7-d5e640bad944@group-DF427437EA4B: set configuration 0: peers:[aeec539b-574d-4d91-8fa7-d5e640bad944|rpc:10.1.0.28:15068|admin:10.1.0.28:15067|client:10.1.0.28:15066|dataStream:10.1.0.28:15069|priority:1|startupRole:FOLLOWER, 42c94fbf-dc57-4435-80ab-f9b7a4e6d382|rpc:10.1.0.28:15077|admin:10.1.0.28:15076|client:10.1.0.28:15075|dataStream:10.1.0.28:15078|priority:0|startupRole:FOLLOWER, d12304a5-d481-4f9e-9203-502383e83214|rpc:10.1.0.28:15086|admin:10.1.0.28:15085|client:10.1.0.28:15084|dataStream:10.1.0.28:15087|priority:0|startupRole:FOLLOWER]|listeners:[], old=null
2023-07-13 06:11:14,597 [42c94fbf-dc57-4435-80ab-f9b7a4e6d382@group-F88CADE39363-LeaderElection19] INFO  impl.LeaderElection (LeaderElection.java:askForVotes(321)) - 42c94fbf-dc57-4435-80ab-f9b7a4e6d382@group-F88CADE39363-LeaderElection19 PRE_VOTE round 0: submit vote requests at term 0 for -1: peers:[aeec539b-574d-4d91-8fa7-d5e640bad944|rpc:10.1.0.28:15068|admin:10.1.0.28:15067|client:10.1.0.28:15066|dataStream:10.1.0.28:15069|priority:0|startupRole:FOLLOWER, 42c94fbf-dc57-4435-80ab-f9b7a4e6d382|rpc:10.1.0.28:15077|admin:10.1.0.28:15076|client:10.1.0.28:15075|dataStream:10.1.0.28:15078|priority:0|startupRole:FOLLOWER, d12304a5-d481-4f9e-9203-502383e83214|rpc:10.1.0.28:15086|admin:10.1.0.28:15085|client:10.1.0.28:15084|dataStream:10.1.0.28:15087|priority:1|startupRole:FOLLOWER]|listeners:[], old=null
2023-07-13 06:11:14,598 [42c94fbf-dc57-4435-80ab-f9b7a4e6d382@group-F88CADE39363-LeaderElection19] INFO  server.RaftServerConfigKeys (ConfUtils.java:logFallback(53)) - raft.server.rpc.first-election.timeout.min = 5s (fallback to raft.server.rpc.timeout.min)
2023-07-13 06:11:14,598 [42c94fbf-dc57-4435-80ab-f9b7a4e6d382@group-F88CADE39363-LeaderElection19] INFO  server.RaftServerConfigKeys (ConfUtils.java:logFallback(53)) - raft.server.rpc.first-election.timeout.max = 5200ms (fallback to raft.server.rpc.timeout.max)
2023-07-13 06:11:14,606 [grpc-default-executor-2] INFO  server.RaftServer$Division (RaftServerImpl.java:requestVote(1302)) - d12304a5-d481-4f9e-9203-502383e83214@group-DF427437EA4B: receive requestVote(PRE_VOTE, 42c94fbf-dc57-4435-80ab-f9b7a4e6d382, group-DF427437EA4B, 0, (t:0, i:0))
2023-07-13 06:11:14,606 [grpc-default-executor-2] INFO  impl.VoteContext (VoteContext.java:log(49)) - d12304a5-d481-4f9e-9203-502383e83214@group-DF427437EA4B-FOLLOWER: accept PRE_VOTE from 42c94fbf-dc57-4435-80ab-f9b7a4e6d382: our priority 0 <= candidate's priority 0
2023-07-13 06:11:14,606 [grpc-default-executor-2] INFO  server.RaftServer$Division (RaftServerImpl.java:requestVote(1335)) - d12304a5-d481-4f9e-9203-502383e83214@group-DF427437EA4B replies to PRE_VOTE vote request: 42c94fbf-dc57-4435-80ab-f9b7a4e6d382<-d12304a5-d481-4f9e-9203-502383e83214#0:OK-t1. Peer's state: d12304a5-d481-4f9e-9203-502383e83214@group-DF427437EA4B:t1, leader=null, voted=aeec539b-574d-4d91-8fa7-d5e640bad944, raftlog=Memoized:d12304a5-d481-4f9e-9203-502383e83214@group-DF427437EA4B-SegmentedRaftLog:OPENED:c-1, conf=-1: peers:[aeec539b-574d-4d91-8fa7-d5e640bad944|rpc:10.1.0.28:15068|admin:10.1.0.28:15067|client:10.1.0.28:15066|dataStream:10.1.0.28:15069|priority:1|startupRole:FOLLOWER, 42c94fbf-dc57-4435-80ab-f9b7a4e6d382|rpc:10.1.0.28:15077|admin:10.1.0.28:15076|client:10.1.0.28:15075|dataStream:10.1.0.28:15078|priority:0|startupRole:FOLLOWER, d12304a5-d481-4f9e-9203-502383e83214|rpc:10.1.0.28:15086|admin:10.1.0.28:15085|client:10.1.0.28:15084|dataStream:10.1.0.28:15087|priority:0|startupRole:FOLLOWER]|listeners:[], old=null
2023-07-13 06:11:14,606 [grpc-default-executor-4] INFO  server.RaftServer$Division (RaftServerImpl.java:requestVote(1302)) - 42c94fbf-dc57-4435-80ab-f9b7a4e6d382@group-F88CADE39363: receive requestVote(PRE_VOTE, aeec539b-574d-4d91-8fa7-d5e640bad944, group-F88CADE39363, 0, (t:0, i:0))
2023-07-13 06:11:14,607 [grpc-default-executor-4] INFO  impl.VoteContext (VoteContext.java:log(49)) - 42c94fbf-dc57-4435-80ab-f9b7a4e6d382@group-F88CADE39363-CANDIDATE: accept PRE_VOTE from aeec539b-574d-4d91-8fa7-d5e640bad944: our priority 0 <= candidate's priority 0
2023-07-13 06:11:14,608 [grpc-default-executor-4] INFO  server.RaftServer$Division (RaftServerImpl.java:requestVote(1335)) - 42c94fbf-dc57-4435-80ab-f9b7a4e6d382@group-F88CADE39363 replies to PRE_VOTE vote request: aeec539b-574d-4d91-8fa7-d5e640bad944<-42c94fbf-dc57-4435-80ab-f9b7a4e6d382#0:OK-t0. Peer's state: 42c94fbf-dc57-4435-80ab-f9b7a4e6d382@group-F88CADE39363:t0, leader=null, voted=, raftlog=Memoized:42c94fbf-dc57-4435-80ab-f9b7a4e6d382@group-F88CADE39363-SegmentedRaftLog:OPENED:c-1, conf=-1: peers:[aeec539b-574d-4d91-8fa7-d5e640bad944|rpc:10.1.0.28:15068|admin:10.1.0.28:15067|client:10.1.0.28:15066|dataStream:10.1.0.28:15069|priority:0|startupRole:FOLLOWER, 42c94fbf-dc57-4435-80ab-f9b7a4e6d382|rpc:10.1.0.28:15077|admin:10.1.0.28:15076|client:10.1.0.28:15075|dataStream:10.1.0.28:15078|priority:0|startupRole:FOLLOWER, d12304a5-d481-4f9e-9203-502383e83214|rpc:10.1.0.28:15086|admin:10.1.0.28:15085|client:10.1.0.28:15084|dataStream:10.1.0.28:15087|priority:1|startupRole:FOLLOWER]|listeners:[], old=null
2023-07-13 06:11:14,608 [d12304a5-d481-4f9e-9203-502383e83214@group-F88CADE39363-FollowerState] INFO  impl.FollowerState (FollowerState.java:run(143)) - d12304a5-d481-4f9e-9203-502383e83214@group-F88CADE39363-FollowerState: change to CANDIDATE, lastRpcElapsedTime:5046974346ns, electionTimeout:5044ms
2023-07-13 06:11:14,608 [d12304a5-d481-4f9e-9203-502383e83214@group-F88CADE39363-FollowerState] INFO  impl.RoleInfo (RoleInfo.java:shutdownFollowerState(110)) - d12304a5-d481-4f9e-9203-502383e83214: shutdown d12304a5-d481-4f9e-9203-502383e83214@group-F88CADE39363-FollowerState
2023-07-13 06:11:14,608 [d12304a5-d481-4f9e-9203-502383e83214@group-F88CADE39363-FollowerState] INFO  server.RaftServer$Division (RaftServerImpl.java:setRole(329)) - d12304a5-d481-4f9e-9203-502383e83214@group-F88CADE39363: changes role from  FOLLOWER to CANDIDATE at term 0 for changeToCandidate
2023-07-13 06:11:14,608 [grpc-default-executor-1] INFO  server.RaftServer$Division (RaftServerImpl.java:requestVote(1302)) - d12304a5-d481-4f9e-9203-502383e83214@group-F88CADE39363: receive requestVote(PRE_VOTE, aeec539b-574d-4d91-8fa7-d5e640bad944, group-F88CADE39363, 0, (t:0, i:0))
2023-07-13 06:11:14,608 [d12304a5-d481-4f9e-9203-502383e83214@group-F88CADE39363-FollowerState] INFO  server.RaftServerConfigKeys (ConfUtils.java:logGet(46)) - raft.server.leaderelection.pre-vote = true (default)
2023-07-13 06:11:14,608 [d12304a5-d481-4f9e-9203-502383e83214@group-F88CADE39363-FollowerState] INFO  impl.RoleInfo (RoleInfo.java:updateAndGet(139)) - d12304a5-d481-4f9e-9203-502383e83214: start d12304a5-d481-4f9e-9203-502383e83214@group-F88CADE39363-LeaderElection20
2023-07-13 06:11:14,627 [grpc-default-executor-1] INFO  impl.VoteContext (VoteContext.java:log(49)) - d12304a5-d481-4f9e-9203-502383e83214@group-F88CADE39363-CANDIDATE: reject PRE_VOTE from aeec539b-574d-4d91-8fa7-d5e640bad944: our priority 1 > candidate's priority 0
2023-07-13 06:11:14,627 [grpc-default-executor-1] INFO  server.RaftServer$Division (RaftServerImpl.java:requestVote(1335)) - d12304a5-d481-4f9e-9203-502383e83214@group-F88CADE39363 replies to PRE_VOTE vote request: aeec539b-574d-4d91-8fa7-d5e640bad944<-d12304a5-d481-4f9e-9203-502383e83214#0:FAIL-t0. Peer's state: d12304a5-d481-4f9e-9203-502383e83214@group-F88CADE39363:t0, leader=null, voted=, raftlog=Memoized:d12304a5-d481-4f9e-9203-502383e83214@group-F88CADE39363-SegmentedRaftLog:OPENED:c-1, conf=-1: peers:[aeec539b-574d-4d91-8fa7-d5e640bad944|rpc:10.1.0.28:15068|admin:10.1.0.28:15067|client:10.1.0.28:15066|dataStream:10.1.0.28:15069|priority:0|startupRole:FOLLOWER, 42c94fbf-dc57-4435-80ab-f9b7a4e6d382|rpc:10.1.0.28:15077|admin:10.1.0.28:15076|client:10.1.0.28:15075|dataStream:10.1.0.28:15078|priority:0|startupRole:FOLLOWER, d12304a5-d481-4f9e-9203-502383e83214|rpc:10.1.0.28:15086|admin:10.1.0.28:15085|client:10.1.0.28:15084|dataStream:10.1.0.28:15087|priority:1|startupRole:FOLLOWER]|listeners:[], old=null
2023-07-13 06:11:14,627 [d12304a5-d481-4f9e-9203-502383e83214@group-F88CADE39363-LeaderElection20] INFO  impl.LeaderElection (LeaderElection.java:askForVotes(321)) - d12304a5-d481-4f9e-9203-502383e83214@group-F88CADE39363-LeaderElection20 PRE_VOTE round 0: submit vote requests at term 0 for -1: peers:[aeec539b-574d-4d91-8fa7-d5e640bad944|rpc:10.1.0.28:15068|admin:10.1.0.28:15067|client:10.1.0.28:15066|dataStream:10.1.0.28:15069|priority:0|startupRole:FOLLOWER, 42c94fbf-dc57-4435-80ab-f9b7a4e6d382|rpc:10.1.0.28:15077|admin:10.1.0.28:15076|client:10.1.0.28:15075|dataStream:10.1.0.28:15078|priority:0|startupRole:FOLLOWER, d12304a5-d481-4f9e-9203-502383e83214|rpc:10.1.0.28:15086|admin:10.1.0.28:15085|client:10.1.0.28:15084|dataStream:10.1.0.28:15087|priority:1|startupRole:FOLLOWER]|listeners:[], old=null
2023-07-13 06:11:14,628 [d12304a5-d481-4f9e-9203-502383e83214@group-F88CADE39363-LeaderElection20-1] INFO  server.GrpcServerProtocolClient (GrpcServerProtocolClient.java:<init>(65)) - Build channel for aeec539b-574d-4d91-8fa7-d5e640bad944
2023-07-13 06:11:14,634 [d12304a5-d481-4f9e-9203-502383e83214@group-F88CADE39363-LeaderElection20] INFO  server.RaftServerConfigKeys (ConfUtils.java:logFallback(53)) - raft.server.rpc.first-election.timeout.min = 5s (fallback to raft.server.rpc.timeout.min)
2023-07-13 06:11:14,634 [d12304a5-d481-4f9e-9203-502383e83214@group-F88CADE39363-LeaderElection20] INFO  server.RaftServerConfigKeys (ConfUtils.java:logFallback(53)) - raft.server.rpc.first-election.timeout.max = 5200ms (fallback to raft.server.rpc.timeout.max)
2023-07-13 06:11:14,640 [d12304a5-d481-4f9e-9203-502383e83214@group-F88CADE39363-LeaderElection20-2] INFO  server.GrpcServerProtocolClient (GrpcServerProtocolClient.java:<init>(65)) - Build channel for 42c94fbf-dc57-4435-80ab-f9b7a4e6d382
2023-07-13 06:11:14,670 [qtp1221433900-18] ERROR generators.WadlGeneratorJAXBGrammarGenerator (WadlGeneratorJAXBGrammarGenerator.java:buildModelAndSchemas(207)) - Failed to generate the schema for the JAX-B elements
com.sun.xml.bind.v2.runtime.IllegalAnnotationsException: 1 counts of IllegalAnnotationExceptions
java.util.Map is an interface, and JAXB can't handle interfaces.
	this problem is related to the following location:
		at java.util.Map

	at com.sun.xml.bind.v2.runtime.IllegalAnnotationsException$Builder.check(IllegalAnnotationsException.java:106)
	at com.sun.xml.bind.v2.runtime.JAXBContextImpl.getTypeInfoSet(JAXBContextImpl.java:471)
	at com.sun.xml.bind.v2.runtime.JAXBContextImpl.<init>(JAXBContextImpl.java:303)
	at com.sun.xml.bind.v2.runtime.JAXBContextImpl.<init>(JAXBContextImpl.java:139)
	at com.sun.xml.bind.v2.runtime.JAXBContextImpl$JAXBContextBuilder.build(JAXBContextImpl.java:1156)
	at com.sun.xml.bind.v2.ContextFactory.createContext(ContextFactory.java:165)
	at sun.reflect.NativeMethodAccessorImpl.invoke0(Native Method)
	at sun.reflect.NativeMethodAccessorImpl.invoke(NativeMethodAccessorImpl.java:62)
	at sun.reflect.DelegatingMethodAccessorImpl.invoke(DelegatingMethodAccessorImpl.java:43)
	at java.lang.reflect.Method.invoke(Method.java:498)
	at javax.xml.bind.ContextFinder.newInstance(ContextFinder.java:247)
	at javax.xml.bind.ContextFinder.newInstance(ContextFinder.java:234)
	at javax.xml.bind.ContextFinder.find(ContextFinder.java:441)
	at javax.xml.bind.JAXBContext.newInstance(JAXBContext.java:641)
	at javax.xml.bind.JAXBContext.newInstance(JAXBContext.java:584)
	at com.sun.jersey.server.wadl.generators.WadlGeneratorJAXBGrammarGenerator.buildModelAndSchemas(WadlGeneratorJAXBGrammarGenerator.java:169)
	at com.sun.jersey.server.wadl.generators.AbstractWadlGeneratorGrammarGenerator.createExternalGrammar(AbstractWadlGeneratorGrammarGenerator.java:405)
	at com.sun.jersey.server.wadl.WadlBuilder.generate(WadlBuilder.java:149)
	at com.sun.jersey.server.impl.wadl.WadlApplicationContextImpl.getApplication(WadlApplicationContextImpl.java:119)
	at com.sun.jersey.server.impl.wadl.WadlApplicationContextImpl.getApplication(WadlApplicationContextImpl.java:138)
	at com.sun.jersey.server.impl.wadl.WadlMethodFactory$WadlOptionsMethodDispatcher.dispatch(WadlMethodFactory.java:110)
	at com.sun.jersey.server.impl.uri.rules.HttpMethodRule.accept(HttpMethodRule.java:302)
	at com.sun.jersey.server.impl.uri.rules.RightHandPathRule.accept(RightHandPathRule.java:147)
	at com.sun.jersey.server.impl.uri.rules.ResourceClassRule.accept(ResourceClassRule.java:108)
	at com.sun.jersey.server.impl.uri.rules.RightHandPathRule.accept(RightHandPathRule.java:147)
	at com.sun.jersey.server.impl.uri.rules.RootResourceClassesRule.accept(RootResourceClassesRule.java:84)
	at com.sun.jersey.server.impl.application.WebApplicationImpl._handleRequest(WebApplicationImpl.java:1542)
	at com.sun.jersey.server.impl.application.WebApplicationImpl._handleRequest(WebApplicationImpl.java:1473)
	at com.sun.jersey.server.impl.application.WebApplicationImpl.handleRequest(WebApplicationImpl.java:1419)
	at com.sun.jersey.server.impl.application.WebApplicationImpl.handleRequest(WebApplicationImpl.java:1409)
	at com.sun.jersey.spi.container.servlet.WebComponent.service(WebComponent.java:409)
	at com.sun.jersey.spi.container.servlet.ServletContainer.service(ServletContainer.java:558)
	at com.sun.jersey.spi.container.servlet.ServletContainer.service(ServletContainer.java:733)
	at javax.servlet.http.HttpServlet.service(HttpServlet.java:590)
	at org.eclipse.jetty.servlet.ServletHolder$NotAsync.service(ServletHolder.java:1459)
	at org.eclipse.jetty.servlet.ServletHolder.handle(ServletHolder.java:799)
	at org.eclipse.jetty.servlet.ServletHandler$ChainEnd.doFilter(ServletHandler.java:1656)
	at org.apache.hadoop.crypto.key.kms.server.KMSMDCFilter.doFilter(KMSMDCFilter.java:98)
	at org.eclipse.jetty.servlet.FilterHolder.doFilter(FilterHolder.java:193)
	at org.eclipse.jetty.servlet.ServletHandler$Chain.doFilter(ServletHandler.java:1626)
	at org.apache.hadoop.security.authentication.server.AuthenticationFilter.doFilter(AuthenticationFilter.java:650)
	at org.apache.hadoop.security.token.delegation.web.DelegationTokenAuthenticationFilter.doFilter(DelegationTokenAuthenticationFilter.java:305)
	at org.apache.hadoop.security.authentication.server.AuthenticationFilter.doFilter(AuthenticationFilter.java:592)
	at org.apache.hadoop.crypto.key.kms.server.KMSAuthenticationFilter.doFilter(KMSAuthenticationFilter.java:162)
	at org.eclipse.jetty.servlet.FilterHolder.doFilter(FilterHolder.java:201)
	at org.eclipse.jetty.servlet.ServletHandler$Chain.doFilter(ServletHandler.java:1626)
	at org.apache.hadoop.http.lib.StaticUserWebFilter$StaticUserFilter.doFilter(StaticUserWebFilter.java:110)
	at org.eclipse.jetty.servlet.FilterHolder.doFilter(FilterHolder.java:193)
	at org.eclipse.jetty.servlet.ServletHandler$Chain.doFilter(ServletHandler.java:1626)
	at org.apache.hadoop.http.HttpServer2$QuotingInputFilter.doFilter(HttpServer2.java:1794)
	at org.eclipse.jetty.servlet.FilterHolder.doFilter(FilterHolder.java:193)
	at org.eclipse.jetty.servlet.ServletHandler$Chain.doFilter(ServletHandler.java:1626)
	at org.apache.hadoop.http.NoCacheFilter.doFilter(NoCacheFilter.java:45)
	at org.eclipse.jetty.servlet.FilterHolder.doFilter(FilterHolder.java:193)
	at org.eclipse.jetty.servlet.ServletHandler$Chain.doFilter(ServletHandler.java:1626)
	at org.eclipse.jetty.servlet.ServletHandler.doHandle(ServletHandler.java:552)
	at org.eclipse.jetty.server.handler.ScopedHandler.handle(ScopedHandler.java:143)
	at org.eclipse.jetty.security.SecurityHandler.handle(SecurityHandler.java:600)
	at org.eclipse.jetty.server.handler.HandlerWrapper.handle(HandlerWrapper.java:127)
	at org.eclipse.jetty.server.handler.ScopedHandler.nextHandle(ScopedHandler.java:235)
	at org.eclipse.jetty.server.session.SessionHandler.doHandle(SessionHandler.java:1624)
	at org.eclipse.jetty.server.handler.ScopedHandler.nextHandle(ScopedHandler.java:233)
	at org.eclipse.jetty.server.handler.ContextHandler.doHandle(ContextHandler.java:1440)
	at org.eclipse.jetty.server.handler.ScopedHandler.nextScope(ScopedHandler.java:188)
	at org.eclipse.jetty.servlet.ServletHandler.doScope(ServletHandler.java:505)
	at org.eclipse.jetty.server.session.SessionHandler.doScope(SessionHandler.java:1594)
	at org.eclipse.jetty.server.handler.ScopedHandler.nextScope(ScopedHandler.java:186)
	at org.eclipse.jetty.server.handler.ContextHandler.doScope(ContextHandler.java:1355)
	at org.eclipse.jetty.server.handler.ScopedHandler.handle(ScopedHandler.java:141)
	at org.eclipse.jetty.server.handler.HandlerCollection.handle(HandlerCollection.java:146)
	at org.eclipse.jetty.server.handler.HandlerWrapper.handle(HandlerWrapper.java:127)
	at org.eclipse.jetty.server.Server.handle(Server.java:512)
	at org.eclipse.jetty.server.HttpChannel.lambda$handle$1(HttpChannel.java:487)
	at org.eclipse.jetty.server.HttpChannel.dispatch(HttpChannel.java:732)
	at org.eclipse.jetty.server.HttpChannel.handle(HttpChannel.java:479)
	at org.eclipse.jetty.server.HttpConnection.onFillable(HttpConnection.java:277)
	at org.eclipse.jetty.io.AbstractConnection$ReadCallback.succeeded(AbstractConnection.java:311)
	at org.eclipse.jetty.io.FillInterest.fillable(FillInterest.java:105)
	at org.eclipse.jetty.io.ChannelEndPoint$1.run(ChannelEndPoint.java:104)
	at org.eclipse.jetty.util.thread.strategy.EatWhatYouKill.runTask(EatWhatYouKill.java:338)
	at org.eclipse.jetty.util.thread.strategy.EatWhatYouKill.doProduce(EatWhatYouKill.java:315)
	at org.eclipse.jetty.util.thread.strategy.EatWhatYouKill.tryProduce(EatWhatYouKill.java:173)
	at org.eclipse.jetty.util.thread.strategy.EatWhatYouKill.run(EatWhatYouKill.java:131)
	at org.eclipse.jetty.util.thread.ReservedThreadExecutor$ReservedThread.run(ReservedThreadExecutor.java:409)
	at org.eclipse.jetty.util.thread.QueuedThreadPool.runJob(QueuedThreadPool.java:883)
	at org.eclipse.jetty.util.thread.QueuedThreadPool$Runner.run(QueuedThreadPool.java:1034)
	at java.lang.Thread.run(Thread.java:750)
2023-07-13 06:11:14,682 [grpc-default-executor-1] INFO  server.RaftServer$Division (RaftServerImpl.java:requestVote(1302)) - aeec539b-574d-4d91-8fa7-d5e640bad944@group-F88CADE39363: receive requestVote(PRE_VOTE, 42c94fbf-dc57-4435-80ab-f9b7a4e6d382, group-F88CADE39363, 0, (t:0, i:0))
2023-07-13 06:11:14,682 [grpc-default-executor-1] INFO  impl.VoteContext (VoteContext.java:log(49)) - aeec539b-574d-4d91-8fa7-d5e640bad944@group-F88CADE39363-CANDIDATE: accept PRE_VOTE from 42c94fbf-dc57-4435-80ab-f9b7a4e6d382: our priority 0 <= candidate's priority 0
2023-07-13 06:11:14,682 [grpc-default-executor-1] INFO  server.RaftServer$Division (RaftServerImpl.java:requestVote(1335)) - aeec539b-574d-4d91-8fa7-d5e640bad944@group-F88CADE39363 replies to PRE_VOTE vote request: 42c94fbf-dc57-4435-80ab-f9b7a4e6d382<-aeec539b-574d-4d91-8fa7-d5e640bad944#0:OK-t0. Peer's state: aeec539b-574d-4d91-8fa7-d5e640bad944@group-F88CADE39363:t0, leader=null, voted=, raftlog=Memoized:aeec539b-574d-4d91-8fa7-d5e640bad944@group-F88CADE39363-SegmentedRaftLog:OPENED:c-1, conf=-1: peers:[aeec539b-574d-4d91-8fa7-d5e640bad944|rpc:10.1.0.28:15068|admin:10.1.0.28:15067|client:10.1.0.28:15066|dataStream:10.1.0.28:15069|priority:0|startupRole:FOLLOWER, 42c94fbf-dc57-4435-80ab-f9b7a4e6d382|rpc:10.1.0.28:15077|admin:10.1.0.28:15076|client:10.1.0.28:15075|dataStream:10.1.0.28:15078|priority:0|startupRole:FOLLOWER, d12304a5-d481-4f9e-9203-502383e83214|rpc:10.1.0.28:15086|admin:10.1.0.28:15085|client:10.1.0.28:15084|dataStream:10.1.0.28:15087|priority:1|startupRole:FOLLOWER]|listeners:[], old=null
2023-07-13 06:11:14,683 [grpc-default-executor-1] INFO  server.RaftServer$Division (RaftServerImpl.java:requestVote(1302)) - d12304a5-d481-4f9e-9203-502383e83214@group-F88CADE39363: receive requestVote(PRE_VOTE, 42c94fbf-dc57-4435-80ab-f9b7a4e6d382, group-F88CADE39363, 0, (t:0, i:0))
2023-07-13 06:11:14,683 [grpc-default-executor-1] INFO  impl.VoteContext (VoteContext.java:log(49)) - d12304a5-d481-4f9e-9203-502383e83214@group-F88CADE39363-CANDIDATE: reject PRE_VOTE from 42c94fbf-dc57-4435-80ab-f9b7a4e6d382: our priority 1 > candidate's priority 0
2023-07-13 06:11:14,683 [grpc-default-executor-1] INFO  server.RaftServer$Division (RaftServerImpl.java:requestVote(1335)) - d12304a5-d481-4f9e-9203-502383e83214@group-F88CADE39363 replies to PRE_VOTE vote request: 42c94fbf-dc57-4435-80ab-f9b7a4e6d382<-d12304a5-d481-4f9e-9203-502383e83214#0:FAIL-t0. Peer's state: d12304a5-d481-4f9e-9203-502383e83214@group-F88CADE39363:t0, leader=null, voted=, raftlog=Memoized:d12304a5-d481-4f9e-9203-502383e83214@group-F88CADE39363-SegmentedRaftLog:OPENED:c-1, conf=-1: peers:[aeec539b-574d-4d91-8fa7-d5e640bad944|rpc:10.1.0.28:15068|admin:10.1.0.28:15067|client:10.1.0.28:15066|dataStream:10.1.0.28:15069|priority:0|startupRole:FOLLOWER, 42c94fbf-dc57-4435-80ab-f9b7a4e6d382|rpc:10.1.0.28:15077|admin:10.1.0.28:15076|client:10.1.0.28:15075|dataStream:10.1.0.28:15078|priority:0|startupRole:FOLLOWER, d12304a5-d481-4f9e-9203-502383e83214|rpc:10.1.0.28:15086|admin:10.1.0.28:15085|client:10.1.0.28:15084|dataStream:10.1.0.28:15087|priority:1|startupRole:FOLLOWER]|listeners:[], old=null
2023-07-13 06:11:14,675 [qtp1221433900-18] INFO  generators.AbstractWadlGeneratorGrammarGenerator (AbstractWadlGeneratorGrammarGenerator.java:attachTypes(479)) - Couldn't find grammar element for class javax.ws.rs.core.Response
2023-07-13 06:11:14,684 [qtp1221433900-18] INFO  generators.AbstractWadlGeneratorGrammarGenerator (AbstractWadlGeneratorGrammarGenerator.java:attachTypes(479)) - Couldn't find grammar element for class javax.ws.rs.core.Response
2023-07-13 06:11:14,685 [qtp1221433900-18] INFO  generators.AbstractWadlGeneratorGrammarGenerator (AbstractWadlGeneratorGrammarGenerator.java:attachTypes(479)) - Couldn't find grammar element for class java.util.Map
2023-07-13 06:11:14,685 [qtp1221433900-18] INFO  generators.AbstractWadlGeneratorGrammarGenerator (AbstractWadlGeneratorGrammarGenerator.java:attachTypes(479)) - Couldn't find grammar element for class java.util.Map
2023-07-13 06:11:14,686 [aeec539b-574d-4d91-8fa7-d5e640bad944@group-F88CADE39363-LeaderElection18] INFO  impl.LeaderElection (LeaderElection.java:logAndReturn(90)) - aeec539b-574d-4d91-8fa7-d5e640bad944@group-F88CADE39363-LeaderElection18: PRE_VOTE REJECTED received 2 response(s) and 0 exception(s):
2023-07-13 06:11:14,686 [aeec539b-574d-4d91-8fa7-d5e640bad944@group-F88CADE39363-LeaderElection18] INFO  impl.LeaderElection (LeaderElection.java:logAndReturn(94)) -   Response 0: aeec539b-574d-4d91-8fa7-d5e640bad944<-42c94fbf-dc57-4435-80ab-f9b7a4e6d382#0:OK-t0
2023-07-13 06:11:14,686 [aeec539b-574d-4d91-8fa7-d5e640bad944@group-F88CADE39363-LeaderElection18] INFO  impl.LeaderElection (LeaderElection.java:logAndReturn(94)) -   Response 1: aeec539b-574d-4d91-8fa7-d5e640bad944<-d12304a5-d481-4f9e-9203-502383e83214#0:FAIL-t0
2023-07-13 06:11:14,686 [qtp1221433900-18] INFO  generators.AbstractWadlGeneratorGrammarGenerator (AbstractWadlGeneratorGrammarGenerator.java:attachTypes(479)) - Couldn't find grammar element for class javax.ws.rs.core.Response
2023-07-13 06:11:14,686 [qtp1221433900-18] INFO  generators.AbstractWadlGeneratorGrammarGenerator (AbstractWadlGeneratorGrammarGenerator.java:attachTypes(479)) - Couldn't find grammar element for class java.util.Map
2023-07-13 06:11:14,687 [qtp1221433900-18] INFO  generators.AbstractWadlGeneratorGrammarGenerator (AbstractWadlGeneratorGrammarGenerator.java:attachTypes(479)) - Couldn't find grammar element for class java.util.Map
2023-07-13 06:11:14,687 [42c94fbf-dc57-4435-80ab-f9b7a4e6d382-server-thread1] INFO  ratis.XceiverServerRatis (XceiverServerRatis.java:handleLeaderChangedNotification(902)) - Leader change notification received for group: group-DF427437EA4B with new leaderId: aeec539b-574d-4d91-8fa7-d5e640bad944
2023-07-13 06:11:14,687 [42c94fbf-dc57-4435-80ab-f9b7a4e6d382-server-thread1] INFO  server.RaftServer$Division (ServerState.java:setLeader(317)) - 42c94fbf-dc57-4435-80ab-f9b7a4e6d382@group-DF427437EA4B: change Leader from null to aeec539b-574d-4d91-8fa7-d5e640bad944 at term 1 for appendEntries, leader elected after 5380ms
2023-07-13 06:11:14,688 [42c94fbf-dc57-4435-80ab-f9b7a4e6d382-server-thread1] INFO  server.RaftServer$Division (ServerState.java:setRaftConf(434)) - 42c94fbf-dc57-4435-80ab-f9b7a4e6d382@group-DF427437EA4B: set configuration 0: peers:[aeec539b-574d-4d91-8fa7-d5e640bad944|rpc:10.1.0.28:15068|admin:10.1.0.28:15067|client:10.1.0.28:15066|dataStream:10.1.0.28:15069|priority:1|startupRole:FOLLOWER, 42c94fbf-dc57-4435-80ab-f9b7a4e6d382|rpc:10.1.0.28:15077|admin:10.1.0.28:15076|client:10.1.0.28:15075|dataStream:10.1.0.28:15078|priority:0|startupRole:FOLLOWER, d12304a5-d481-4f9e-9203-502383e83214|rpc:10.1.0.28:15086|admin:10.1.0.28:15085|client:10.1.0.28:15084|dataStream:10.1.0.28:15087|priority:0|startupRole:FOLLOWER]|listeners:[], old=null
2023-07-13 06:11:14,688 [42c94fbf-dc57-4435-80ab-f9b7a4e6d382-server-thread1] INFO  segmented.SegmentedRaftLogWorker (SegmentedRaftLogWorker.java:startLogSegment(447)) - 42c94fbf-dc57-4435-80ab-f9b7a4e6d382@group-DF427437EA4B-SegmentedRaftLogWorker: Starting segment from index:0
2023-07-13 06:11:14,688 [d12304a5-d481-4f9e-9203-502383e83214-server-thread1] INFO  ratis.XceiverServerRatis (XceiverServerRatis.java:handleLeaderChangedNotification(902)) - Leader change notification received for group: group-DF427437EA4B with new leaderId: aeec539b-574d-4d91-8fa7-d5e640bad944
2023-07-13 06:11:14,688 [d12304a5-d481-4f9e-9203-502383e83214-server-thread1] INFO  server.RaftServer$Division (ServerState.java:setLeader(317)) - d12304a5-d481-4f9e-9203-502383e83214@group-DF427437EA4B: change Leader from null to aeec539b-574d-4d91-8fa7-d5e640bad944 at term 1 for appendEntries, leader elected after 5310ms
2023-07-13 06:11:14,689 [d12304a5-d481-4f9e-9203-502383e83214-server-thread1] INFO  server.RaftServer$Division (ServerState.java:setRaftConf(434)) - d12304a5-d481-4f9e-9203-502383e83214@group-DF427437EA4B: set configuration 0: peers:[aeec539b-574d-4d91-8fa7-d5e640bad944|rpc:10.1.0.28:15068|admin:10.1.0.28:15067|client:10.1.0.28:15066|dataStream:10.1.0.28:15069|priority:1|startupRole:FOLLOWER, 42c94fbf-dc57-4435-80ab-f9b7a4e6d382|rpc:10.1.0.28:15077|admin:10.1.0.28:15076|client:10.1.0.28:15075|dataStream:10.1.0.28:15078|priority:0|startupRole:FOLLOWER, d12304a5-d481-4f9e-9203-502383e83214|rpc:10.1.0.28:15086|admin:10.1.0.28:15085|client:10.1.0.28:15084|dataStream:10.1.0.28:15087|priority:0|startupRole:FOLLOWER]|listeners:[], old=null
2023-07-13 06:11:14,689 [d12304a5-d481-4f9e-9203-502383e83214-server-thread1] INFO  segmented.SegmentedRaftLogWorker (SegmentedRaftLogWorker.java:startLogSegment(447)) - d12304a5-d481-4f9e-9203-502383e83214@group-DF427437EA4B-SegmentedRaftLogWorker: Starting segment from index:0
2023-07-13 06:11:14,690 [qtp1221433900-18] INFO  generators.AbstractWadlGeneratorGrammarGenerator (AbstractWadlGeneratorGrammarGenerator.java:attachTypes(479)) - Couldn't find grammar element for class java.util.Map
2023-07-13 06:11:14,702 [aeec539b-574d-4d91-8fa7-d5e640bad944@group-F88CADE39363-LeaderElection18] INFO  impl.LeaderElection (LeaderElection.java:askForVotes(323)) - aeec539b-574d-4d91-8fa7-d5e640bad944@group-F88CADE39363-LeaderElection18 PRE_VOTE round 0: result REJECTED
2023-07-13 06:11:14,702 [aeec539b-574d-4d91-8fa7-d5e640bad944@group-F88CADE39363-LeaderElection18] INFO  server.RaftServer$Division (RaftServerImpl.java:setRole(329)) - aeec539b-574d-4d91-8fa7-d5e640bad944@group-F88CADE39363: changes role from CANDIDATE to FOLLOWER at term 0 for REJECTED
2023-07-13 06:11:14,702 [aeec539b-574d-4d91-8fa7-d5e640bad944@group-F88CADE39363-LeaderElection18] INFO  impl.RoleInfo (RoleInfo.java:shutdownLeaderElection(130)) - aeec539b-574d-4d91-8fa7-d5e640bad944: shutdown aeec539b-574d-4d91-8fa7-d5e640bad944@group-F88CADE39363-LeaderElection18
2023-07-13 06:11:14,702 [aeec539b-574d-4d91-8fa7-d5e640bad944@group-F88CADE39363-LeaderElection18] INFO  impl.RoleInfo (RoleInfo.java:updateAndGet(139)) - aeec539b-574d-4d91-8fa7-d5e640bad944: start aeec539b-574d-4d91-8fa7-d5e640bad944@group-F88CADE39363-FollowerState
2023-07-13 06:11:14,703 [42c94fbf-dc57-4435-80ab-f9b7a4e6d382@group-F88CADE39363-LeaderElection19] INFO  impl.LeaderElection (LeaderElection.java:logAndReturn(90)) - 42c94fbf-dc57-4435-80ab-f9b7a4e6d382@group-F88CADE39363-LeaderElection19: PRE_VOTE REJECTED received 1 response(s) and 0 exception(s):
2023-07-13 06:11:14,703 [grpc-default-executor-5] INFO  server.RaftServer$Division (RaftServerImpl.java:requestVote(1302)) - aeec539b-574d-4d91-8fa7-d5e640bad944@group-F88CADE39363: receive requestVote(PRE_VOTE, d12304a5-d481-4f9e-9203-502383e83214, group-F88CADE39363, 0, (t:0, i:0))
2023-07-13 06:11:14,703 [42c94fbf-dc57-4435-80ab-f9b7a4e6d382@group-F88CADE39363-LeaderElection19] INFO  impl.LeaderElection (LeaderElection.java:logAndReturn(94)) -   Response 0: 42c94fbf-dc57-4435-80ab-f9b7a4e6d382<-d12304a5-d481-4f9e-9203-502383e83214#0:FAIL-t0
2023-07-13 06:11:14,704 [grpc-default-executor-4] INFO  server.RaftServer$Division (RaftServerImpl.java:requestVote(1302)) - 42c94fbf-dc57-4435-80ab-f9b7a4e6d382@group-F88CADE39363: receive requestVote(PRE_VOTE, d12304a5-d481-4f9e-9203-502383e83214, group-F88CADE39363, 0, (t:0, i:0))
2023-07-13 06:11:14,704 [grpc-default-executor-4] INFO  impl.VoteContext (VoteContext.java:log(49)) - 42c94fbf-dc57-4435-80ab-f9b7a4e6d382@group-F88CADE39363-CANDIDATE: accept PRE_VOTE from d12304a5-d481-4f9e-9203-502383e83214: our priority 0 <= candidate's priority 1
2023-07-13 06:11:14,704 [grpc-default-executor-4] INFO  server.RaftServer$Division (RaftServerImpl.java:requestVote(1335)) - 42c94fbf-dc57-4435-80ab-f9b7a4e6d382@group-F88CADE39363 replies to PRE_VOTE vote request: d12304a5-d481-4f9e-9203-502383e83214<-42c94fbf-dc57-4435-80ab-f9b7a4e6d382#0:OK-t0. Peer's state: 42c94fbf-dc57-4435-80ab-f9b7a4e6d382@group-F88CADE39363:t0, leader=null, voted=, raftlog=Memoized:42c94fbf-dc57-4435-80ab-f9b7a4e6d382@group-F88CADE39363-SegmentedRaftLog:OPENED:c-1, conf=-1: peers:[aeec539b-574d-4d91-8fa7-d5e640bad944|rpc:10.1.0.28:15068|admin:10.1.0.28:15067|client:10.1.0.28:15066|dataStream:10.1.0.28:15069|priority:0|startupRole:FOLLOWER, 42c94fbf-dc57-4435-80ab-f9b7a4e6d382|rpc:10.1.0.28:15077|admin:10.1.0.28:15076|client:10.1.0.28:15075|dataStream:10.1.0.28:15078|priority:0|startupRole:FOLLOWER, d12304a5-d481-4f9e-9203-502383e83214|rpc:10.1.0.28:15086|admin:10.1.0.28:15085|client:10.1.0.28:15084|dataStream:10.1.0.28:15087|priority:1|startupRole:FOLLOWER]|listeners:[], old=null
2023-07-13 06:11:14,706 [grpc-default-executor-5] INFO  impl.VoteContext (VoteContext.java:log(49)) - aeec539b-574d-4d91-8fa7-d5e640bad944@group-F88CADE39363-FOLLOWER: accept PRE_VOTE from d12304a5-d481-4f9e-9203-502383e83214: our priority 0 <= candidate's priority 1
2023-07-13 06:11:14,706 [grpc-default-executor-5] INFO  server.RaftServer$Division (RaftServerImpl.java:requestVote(1335)) - aeec539b-574d-4d91-8fa7-d5e640bad944@group-F88CADE39363 replies to PRE_VOTE vote request: d12304a5-d481-4f9e-9203-502383e83214<-aeec539b-574d-4d91-8fa7-d5e640bad944#0:OK-t0. Peer's state: aeec539b-574d-4d91-8fa7-d5e640bad944@group-F88CADE39363:t0, leader=null, voted=, raftlog=Memoized:aeec539b-574d-4d91-8fa7-d5e640bad944@group-F88CADE39363-SegmentedRaftLog:OPENED:c-1, conf=-1: peers:[aeec539b-574d-4d91-8fa7-d5e640bad944|rpc:10.1.0.28:15068|admin:10.1.0.28:15067|client:10.1.0.28:15066|dataStream:10.1.0.28:15069|priority:0|startupRole:FOLLOWER, 42c94fbf-dc57-4435-80ab-f9b7a4e6d382|rpc:10.1.0.28:15077|admin:10.1.0.28:15076|client:10.1.0.28:15075|dataStream:10.1.0.28:15078|priority:0|startupRole:FOLLOWER, d12304a5-d481-4f9e-9203-502383e83214|rpc:10.1.0.28:15086|admin:10.1.0.28:15085|client:10.1.0.28:15084|dataStream:10.1.0.28:15087|priority:1|startupRole:FOLLOWER]|listeners:[], old=null
2023-07-13 06:11:14,714 [d12304a5-d481-4f9e-9203-502383e83214@group-F88CADE39363-LeaderElection20] INFO  impl.LeaderElection (LeaderElection.java:logAndReturn(90)) - d12304a5-d481-4f9e-9203-502383e83214@group-F88CADE39363-LeaderElection20: PRE_VOTE PASSED received 1 response(s) and 0 exception(s):
2023-07-13 06:11:14,715 [d12304a5-d481-4f9e-9203-502383e83214@group-F88CADE39363-LeaderElection20] INFO  impl.LeaderElection (LeaderElection.java:logAndReturn(94)) -   Response 0: d12304a5-d481-4f9e-9203-502383e83214<-42c94fbf-dc57-4435-80ab-f9b7a4e6d382#0:OK-t0
2023-07-13 06:11:14,714 [42c94fbf-dc57-4435-80ab-f9b7a4e6d382@group-DF427437EA4B-SegmentedRaftLogWorker] INFO  segmented.SegmentedRaftLogWorker (SegmentedRaftLogWorker.java:execute(651)) - 42c94fbf-dc57-4435-80ab-f9b7a4e6d382@group-DF427437EA4B-SegmentedRaftLogWorker: created new log segment /home/runner/work/ozone/ozone/hadoop-ozone/integration-test/target/test-dir/MiniOzoneClusterImpl-40c29f8c-30b3-4208-9c4d-d76d276bda5b/datanode-7/data/ratis/1f042781-405f-4473-aded-df427437ea4b/current/log_inprogress_0
2023-07-13 06:11:14,714 [d12304a5-d481-4f9e-9203-502383e83214@group-DF427437EA4B-SegmentedRaftLogWorker] INFO  segmented.SegmentedRaftLogWorker (SegmentedRaftLogWorker.java:execute(651)) - d12304a5-d481-4f9e-9203-502383e83214@group-DF427437EA4B-SegmentedRaftLogWorker: created new log segment /home/runner/work/ozone/ozone/hadoop-ozone/integration-test/target/test-dir/MiniOzoneClusterImpl-40c29f8c-30b3-4208-9c4d-d76d276bda5b/datanode-8/data/ratis/1f042781-405f-4473-aded-df427437ea4b/current/log_inprogress_0
2023-07-13 06:11:14,729 [d12304a5-d481-4f9e-9203-502383e83214@group-F88CADE39363-LeaderElection20] INFO  impl.LeaderElection (LeaderElection.java:askForVotes(323)) - d12304a5-d481-4f9e-9203-502383e83214@group-F88CADE39363-LeaderElection20 PRE_VOTE round 0: result PASSED
2023-07-13 06:11:14,733 [42c94fbf-dc57-4435-80ab-f9b7a4e6d382@group-F88CADE39363-LeaderElection19] INFO  impl.LeaderElection (LeaderElection.java:askForVotes(323)) - 42c94fbf-dc57-4435-80ab-f9b7a4e6d382@group-F88CADE39363-LeaderElection19 PRE_VOTE round 0: result REJECTED
2023-07-13 06:11:14,733 [42c94fbf-dc57-4435-80ab-f9b7a4e6d382@group-F88CADE39363-LeaderElection19] INFO  server.RaftServer$Division (RaftServerImpl.java:setRole(329)) - 42c94fbf-dc57-4435-80ab-f9b7a4e6d382@group-F88CADE39363: changes role from CANDIDATE to FOLLOWER at term 0 for REJECTED
2023-07-13 06:11:14,733 [42c94fbf-dc57-4435-80ab-f9b7a4e6d382@group-F88CADE39363-LeaderElection19] INFO  impl.RoleInfo (RoleInfo.java:shutdownLeaderElection(130)) - 42c94fbf-dc57-4435-80ab-f9b7a4e6d382: shutdown 42c94fbf-dc57-4435-80ab-f9b7a4e6d382@group-F88CADE39363-LeaderElection19
2023-07-13 06:11:14,734 [42c94fbf-dc57-4435-80ab-f9b7a4e6d382@group-F88CADE39363-LeaderElection19] INFO  impl.RoleInfo (RoleInfo.java:updateAndGet(139)) - 42c94fbf-dc57-4435-80ab-f9b7a4e6d382: start 42c94fbf-dc57-4435-80ab-f9b7a4e6d382@group-F88CADE39363-FollowerState
2023-07-13 06:11:14,744 [d12304a5-d481-4f9e-9203-502383e83214@group-F88CADE39363-LeaderElection20] INFO  impl.LeaderElection (LeaderElection.java:askForVotes(321)) - d12304a5-d481-4f9e-9203-502383e83214@group-F88CADE39363-LeaderElection20 ELECTION round 0: submit vote requests at term 1 for -1: peers:[aeec539b-574d-4d91-8fa7-d5e640bad944|rpc:10.1.0.28:15068|admin:10.1.0.28:15067|client:10.1.0.28:15066|dataStream:10.1.0.28:15069|priority:0|startupRole:FOLLOWER, 42c94fbf-dc57-4435-80ab-f9b7a4e6d382|rpc:10.1.0.28:15077|admin:10.1.0.28:15076|client:10.1.0.28:15075|dataStream:10.1.0.28:15078|priority:0|startupRole:FOLLOWER, d12304a5-d481-4f9e-9203-502383e83214|rpc:10.1.0.28:15086|admin:10.1.0.28:15085|client:10.1.0.28:15084|dataStream:10.1.0.28:15087|priority:1|startupRole:FOLLOWER]|listeners:[], old=null
2023-07-13 06:11:14,749 [grpc-default-executor-2] INFO  server.RaftServer$Division (RaftServerImpl.java:requestVote(1302)) - aeec539b-574d-4d91-8fa7-d5e640bad944@group-F88CADE39363: receive requestVote(ELECTION, d12304a5-d481-4f9e-9203-502383e83214, group-F88CADE39363, 1, (t:0, i:0))
2023-07-13 06:11:14,749 [grpc-default-executor-2] INFO  impl.VoteContext (VoteContext.java:log(49)) - aeec539b-574d-4d91-8fa7-d5e640bad944@group-F88CADE39363-FOLLOWER: accept ELECTION from d12304a5-d481-4f9e-9203-502383e83214: our priority 0 <= candidate's priority 1
2023-07-13 06:11:14,749 [grpc-default-executor-2] INFO  server.RaftServer$Division (RaftServerImpl.java:setRole(329)) - aeec539b-574d-4d91-8fa7-d5e640bad944@group-F88CADE39363: changes role from  FOLLOWER to FOLLOWER at term 1 for candidate:d12304a5-d481-4f9e-9203-502383e83214
2023-07-13 06:11:14,749 [grpc-default-executor-2] INFO  impl.RoleInfo (RoleInfo.java:shutdownFollowerState(110)) - aeec539b-574d-4d91-8fa7-d5e640bad944: shutdown aeec539b-574d-4d91-8fa7-d5e640bad944@group-F88CADE39363-FollowerState
2023-07-13 06:11:14,752 [grpc-default-executor-2] INFO  impl.RoleInfo (RoleInfo.java:updateAndGet(139)) - aeec539b-574d-4d91-8fa7-d5e640bad944: start aeec539b-574d-4d91-8fa7-d5e640bad944@group-F88CADE39363-FollowerState
2023-07-13 06:11:14,752 [d12304a5-d481-4f9e-9203-502383e83214@group-F88CADE39363-LeaderElection20] INFO  server.RaftServerConfigKeys (ConfUtils.java:logFallback(53)) - raft.server.rpc.first-election.timeout.min = 5s (fallback to raft.server.rpc.timeout.min)
2023-07-13 06:11:14,752 [aeec539b-574d-4d91-8fa7-d5e640bad944@group-F88CADE39363-FollowerState] INFO  impl.FollowerState (FollowerState.java:run(152)) - aeec539b-574d-4d91-8fa7-d5e640bad944@group-F88CADE39363-FollowerState was interrupted
2023-07-13 06:11:14,752 [d12304a5-d481-4f9e-9203-502383e83214@group-F88CADE39363-LeaderElection20] INFO  server.RaftServerConfigKeys (ConfUtils.java:logFallback(53)) - raft.server.rpc.first-election.timeout.max = 5200ms (fallback to raft.server.rpc.timeout.max)
2023-07-13 06:11:14,753 [grpc-default-executor-5] INFO  server.RaftServer$Division (RaftServerImpl.java:requestVote(1302)) - 42c94fbf-dc57-4435-80ab-f9b7a4e6d382@group-F88CADE39363: receive requestVote(ELECTION, d12304a5-d481-4f9e-9203-502383e83214, group-F88CADE39363, 1, (t:0, i:0))
2023-07-13 06:11:14,754 [grpc-default-executor-5] INFO  impl.VoteContext (VoteContext.java:log(49)) - 42c94fbf-dc57-4435-80ab-f9b7a4e6d382@group-F88CADE39363-FOLLOWER: accept ELECTION from d12304a5-d481-4f9e-9203-502383e83214: our priority 0 <= candidate's priority 1
2023-07-13 06:11:14,754 [grpc-default-executor-5] INFO  server.RaftServer$Division (RaftServerImpl.java:setRole(329)) - 42c94fbf-dc57-4435-80ab-f9b7a4e6d382@group-F88CADE39363: changes role from  FOLLOWER to FOLLOWER at term 1 for candidate:d12304a5-d481-4f9e-9203-502383e83214
2023-07-13 06:11:14,754 [grpc-default-executor-5] INFO  impl.RoleInfo (RoleInfo.java:shutdownFollowerState(110)) - 42c94fbf-dc57-4435-80ab-f9b7a4e6d382: shutdown 42c94fbf-dc57-4435-80ab-f9b7a4e6d382@group-F88CADE39363-FollowerState
2023-07-13 06:11:14,756 [grpc-default-executor-5] INFO  impl.RoleInfo (RoleInfo.java:updateAndGet(139)) - 42c94fbf-dc57-4435-80ab-f9b7a4e6d382: start 42c94fbf-dc57-4435-80ab-f9b7a4e6d382@group-F88CADE39363-FollowerState
2023-07-13 06:11:14,756 [42c94fbf-dc57-4435-80ab-f9b7a4e6d382@group-F88CADE39363-FollowerState] INFO  impl.FollowerState (FollowerState.java:run(152)) - 42c94fbf-dc57-4435-80ab-f9b7a4e6d382@group-F88CADE39363-FollowerState was interrupted
2023-07-13 06:11:14,758 [grpc-default-executor-2] INFO  server.RaftServer$Division (RaftServerImpl.java:requestVote(1335)) - aeec539b-574d-4d91-8fa7-d5e640bad944@group-F88CADE39363 replies to ELECTION vote request: d12304a5-d481-4f9e-9203-502383e83214<-aeec539b-574d-4d91-8fa7-d5e640bad944#0:OK-t1. Peer's state: aeec539b-574d-4d91-8fa7-d5e640bad944@group-F88CADE39363:t1, leader=null, voted=d12304a5-d481-4f9e-9203-502383e83214, raftlog=Memoized:aeec539b-574d-4d91-8fa7-d5e640bad944@group-F88CADE39363-SegmentedRaftLog:OPENED:c-1, conf=-1: peers:[aeec539b-574d-4d91-8fa7-d5e640bad944|rpc:10.1.0.28:15068|admin:10.1.0.28:15067|client:10.1.0.28:15066|dataStream:10.1.0.28:15069|priority:0|startupRole:FOLLOWER, 42c94fbf-dc57-4435-80ab-f9b7a4e6d382|rpc:10.1.0.28:15077|admin:10.1.0.28:15076|client:10.1.0.28:15075|dataStream:10.1.0.28:15078|priority:0|startupRole:FOLLOWER, d12304a5-d481-4f9e-9203-502383e83214|rpc:10.1.0.28:15086|admin:10.1.0.28:15085|client:10.1.0.28:15084|dataStream:10.1.0.28:15087|priority:1|startupRole:FOLLOWER]|listeners:[], old=null
2023-07-13 06:11:14,770 [d12304a5-d481-4f9e-9203-502383e83214@group-F88CADE39363-LeaderElection20] INFO  impl.LeaderElection (LeaderElection.java:logAndReturn(90)) - d12304a5-d481-4f9e-9203-502383e83214@group-F88CADE39363-LeaderElection20: ELECTION PASSED received 1 response(s) and 0 exception(s):
2023-07-13 06:11:14,770 [d12304a5-d481-4f9e-9203-502383e83214@group-F88CADE39363-LeaderElection20] INFO  impl.LeaderElection (LeaderElection.java:logAndReturn(94)) -   Response 0: d12304a5-d481-4f9e-9203-502383e83214<-aeec539b-574d-4d91-8fa7-d5e640bad944#0:OK-t1
2023-07-13 06:11:14,770 [d12304a5-d481-4f9e-9203-502383e83214@group-F88CADE39363-LeaderElection20] INFO  impl.LeaderElection (LeaderElection.java:askForVotes(323)) - d12304a5-d481-4f9e-9203-502383e83214@group-F88CADE39363-LeaderElection20 ELECTION round 0: result PASSED
2023-07-13 06:11:14,770 [d12304a5-d481-4f9e-9203-502383e83214@group-F88CADE39363-LeaderElection20] INFO  impl.RoleInfo (RoleInfo.java:shutdownLeaderElection(130)) - d12304a5-d481-4f9e-9203-502383e83214: shutdown d12304a5-d481-4f9e-9203-502383e83214@group-F88CADE39363-LeaderElection20
2023-07-13 06:11:14,770 [d12304a5-d481-4f9e-9203-502383e83214@group-F88CADE39363-LeaderElection20] INFO  server.RaftServer$Division (RaftServerImpl.java:setRole(329)) - d12304a5-d481-4f9e-9203-502383e83214@group-F88CADE39363: changes role from CANDIDATE to LEADER at term 1 for changeToLeader
2023-07-13 06:11:14,770 [d12304a5-d481-4f9e-9203-502383e83214@group-F88CADE39363-LeaderElection20] INFO  ratis.XceiverServerRatis (XceiverServerRatis.java:handleLeaderChangedNotification(902)) - Leader change notification received for group: group-F88CADE39363 with new leaderId: d12304a5-d481-4f9e-9203-502383e83214
2023-07-13 06:11:14,771 [d12304a5-d481-4f9e-9203-502383e83214@group-F88CADE39363-LeaderElection20] INFO  server.RaftServer$Division (ServerState.java:setLeader(317)) - d12304a5-d481-4f9e-9203-502383e83214@group-F88CADE39363: change Leader from null to d12304a5-d481-4f9e-9203-502383e83214 at term 1 for becomeLeader, leader elected after 5246ms
2023-07-13 06:11:14,771 [d12304a5-d481-4f9e-9203-502383e83214@group-F88CADE39363-LeaderElection20] INFO  server.RaftServerConfigKeys (ConfUtils.java:logGet(46)) - raft.server.staging.catchup.gap = 1000 (default)
2023-07-13 06:11:14,771 [d12304a5-d481-4f9e-9203-502383e83214@group-F88CADE39363-LeaderElection20] INFO  server.RaftServerConfigKeys (ConfUtils.java:logGet(46)) - raft.server.write.element-limit = 1024 (custom)
2023-07-13 06:11:14,771 [d12304a5-d481-4f9e-9203-502383e83214@group-F88CADE39363-LeaderElection20] INFO  server.RaftServerConfigKeys (ConfUtils.java:logGet(46)) - raft.server.write.byte-limit = 1024 M (=1073741824) (custom)
2023-07-13 06:11:14,772 [d12304a5-d481-4f9e-9203-502383e83214@group-F88CADE39363-LeaderElection20] INFO  server.RaftServerConfigKeys (ConfUtils.java:logGet(46)) - raft.server.watch.timeout = 180s (custom)
2023-07-13 06:11:14,772 [d12304a5-d481-4f9e-9203-502383e83214@group-F88CADE39363-LeaderElection20] INFO  server.RaftServerConfigKeys (ConfUtils.java:logGet(46)) - raft.server.watch.timeout.denomination = 1s (default)
2023-07-13 06:11:14,772 [d12304a5-d481-4f9e-9203-502383e83214@group-F88CADE39363-LeaderElection20] INFO  server.RaftServerConfigKeys (ConfUtils.java:logGet(46)) - raft.server.watch.element-limit = 65536 (default)
2023-07-13 06:11:14,772 [d12304a5-d481-4f9e-9203-502383e83214@group-F88CADE39363-LeaderElection20] INFO  server.RaftServerConfigKeys (ConfUtils.java:logGet(46)) - raft.server.write.element-limit = 1024 (custom)
2023-07-13 06:11:14,772 [d12304a5-d481-4f9e-9203-502383e83214@group-F88CADE39363-LeaderElection20] INFO  server.RaftServerConfigKeys (ConfUtils.java:logGet(46)) - raft.server.write.follower.gap.ratio.max = -1.0 (default)
2023-07-13 06:11:14,773 [grpc-default-executor-5] INFO  server.RaftServer$Division (RaftServerImpl.java:requestVote(1335)) - 42c94fbf-dc57-4435-80ab-f9b7a4e6d382@group-F88CADE39363 replies to ELECTION vote request: d12304a5-d481-4f9e-9203-502383e83214<-42c94fbf-dc57-4435-80ab-f9b7a4e6d382#0:OK-t1. Peer's state: 42c94fbf-dc57-4435-80ab-f9b7a4e6d382@group-F88CADE39363:t1, leader=null, voted=d12304a5-d481-4f9e-9203-502383e83214, raftlog=Memoized:42c94fbf-dc57-4435-80ab-f9b7a4e6d382@group-F88CADE39363-SegmentedRaftLog:OPENED:c-1, conf=-1: peers:[aeec539b-574d-4d91-8fa7-d5e640bad944|rpc:10.1.0.28:15068|admin:10.1.0.28:15067|client:10.1.0.28:15066|dataStream:10.1.0.28:15069|priority:0|startupRole:FOLLOWER, 42c94fbf-dc57-4435-80ab-f9b7a4e6d382|rpc:10.1.0.28:15077|admin:10.1.0.28:15076|client:10.1.0.28:15075|dataStream:10.1.0.28:15078|priority:0|startupRole:FOLLOWER, d12304a5-d481-4f9e-9203-502383e83214|rpc:10.1.0.28:15086|admin:10.1.0.28:15085|client:10.1.0.28:15084|dataStream:10.1.0.28:15087|priority:1|startupRole:FOLLOWER]|listeners:[], old=null
2023-07-13 06:11:14,776 [EventQueue-PipelineReportForPipelineReportHandler] INFO  pipeline.PipelineReportHandler (PipelineReportHandler.java:processPipelineReport(136)) - Opened pipeline PipelineID=7473db23-7357-47bb-8e9a-f88cade39363
2023-07-13 06:11:14,777 [d12304a5-d481-4f9e-9203-502383e83214@group-F88CADE39363-LeaderElection20] INFO  server.RaftServerConfigKeys (ConfUtils.java:logGet(46)) - raft.server.log.appender.snapshot.chunk.size.max = 16MB (=16777216) (default)
2023-07-13 06:11:14,778 [d12304a5-d481-4f9e-9203-502383e83214@group-F88CADE39363-LeaderElection20] INFO  server.RaftServerConfigKeys (ConfUtils.java:logGet(46)) - raft.server.log.appender.buffer.byte-limit = 33554432 (custom)
2023-07-13 06:11:14,778 [d12304a5-d481-4f9e-9203-502383e83214@group-F88CADE39363-LeaderElection20] INFO  server.RaftServerConfigKeys (ConfUtils.java:logGet(46)) - raft.server.log.appender.buffer.element-limit = 1 (custom)
2023-07-13 06:11:14,778 [d12304a5-d481-4f9e-9203-502383e83214@group-F88CADE39363-LeaderElection20] INFO  server.RaftServerConfigKeys (ConfUtils.java:logGet(46)) - raft.server.log.appender.wait-time.min = 10ms (default)
2023-07-13 06:11:14,778 [d12304a5-d481-4f9e-9203-502383e83214@group-F88CADE39363-LeaderElection20] INFO  grpc.GrpcConfigKeys (ConfUtils.java:logGet(46)) - raft.grpc.server.leader.outstanding.appends.max = 128 (default)
2023-07-13 06:11:14,778 [d12304a5-d481-4f9e-9203-502383e83214@group-F88CADE39363-LeaderElection20] INFO  server.RaftServerConfigKeys (ConfUtils.java:logGet(46)) - raft.server.rpc.request.timeout = 60s (custom)
2023-07-13 06:11:14,778 [d12304a5-d481-4f9e-9203-502383e83214@group-F88CADE39363-LeaderElection20] INFO  grpc.GrpcConfigKeys (ConfUtils.java:logGet(46)) - raft.grpc.server.install_snapshot.request.element-limit = 8 (default)
2023-07-13 06:11:14,778 [d12304a5-d481-4f9e-9203-502383e83214@group-F88CADE39363-LeaderElection20] INFO  grpc.GrpcConfigKeys (ConfUtils.java:logGet(46)) - raft.grpc.server.install_snapshot.request.timeout = 3000ms (default)
2023-07-13 06:11:14,778 [d12304a5-d481-4f9e-9203-502383e83214@group-F88CADE39363-LeaderElection20] INFO  server.RaftServerConfigKeys (ConfUtils.java:logGet(46)) - raft.server.log.appender.install.snapshot.enabled = false (custom)
2023-07-13 06:11:14,778 [d12304a5-d481-4f9e-9203-502383e83214@group-F88CADE39363-LeaderElection20] INFO  grpc.GrpcConfigKeys (ConfUtils.java:logGet(46)) - raft.grpc.server.heartbeat.channel = true (default)
2023-07-13 06:11:14,779 [d12304a5-d481-4f9e-9203-502383e83214@group-F88CADE39363-LeaderElection20] INFO  server.RaftServerConfigKeys (ConfUtils.java:logGet(46)) - raft.server.log.appender.snapshot.chunk.size.max = 16MB (=16777216) (default)
2023-07-13 06:11:14,779 [d12304a5-d481-4f9e-9203-502383e83214@group-F88CADE39363-LeaderElection20] INFO  server.RaftServerConfigKeys (ConfUtils.java:logGet(46)) - raft.server.log.appender.buffer.byte-limit = 33554432 (custom)
2023-07-13 06:11:14,779 [d12304a5-d481-4f9e-9203-502383e83214@group-F88CADE39363-LeaderElection20] INFO  server.RaftServerConfigKeys (ConfUtils.java:logGet(46)) - raft.server.log.appender.buffer.element-limit = 1 (custom)
2023-07-13 06:11:14,779 [d12304a5-d481-4f9e-9203-502383e83214@group-F88CADE39363-LeaderElection20] INFO  server.RaftServerConfigKeys (ConfUtils.java:logGet(46)) - raft.server.log.appender.wait-time.min = 10ms (default)
2023-07-13 06:11:14,779 [d12304a5-d481-4f9e-9203-502383e83214@group-F88CADE39363-LeaderElection20] INFO  grpc.GrpcConfigKeys (ConfUtils.java:logGet(46)) - raft.grpc.server.leader.outstanding.appends.max = 128 (default)
2023-07-13 06:11:14,779 [d12304a5-d481-4f9e-9203-502383e83214@group-F88CADE39363-LeaderElection20] INFO  server.RaftServerConfigKeys (ConfUtils.java:logGet(46)) - raft.server.rpc.request.timeout = 60s (custom)
2023-07-13 06:11:14,779 [d12304a5-d481-4f9e-9203-502383e83214@group-F88CADE39363-LeaderElection20] INFO  grpc.GrpcConfigKeys (ConfUtils.java:logGet(46)) - raft.grpc.server.install_snapshot.request.element-limit = 8 (default)
2023-07-13 06:11:14,781 [d12304a5-d481-4f9e-9203-502383e83214@group-F88CADE39363-LeaderElection20] INFO  grpc.GrpcConfigKeys (ConfUtils.java:logGet(46)) - raft.grpc.server.install_snapshot.request.timeout = 3000ms (default)
2023-07-13 06:11:14,781 [d12304a5-d481-4f9e-9203-502383e83214@group-F88CADE39363-LeaderElection20] INFO  server.RaftServerConfigKeys (ConfUtils.java:logGet(46)) - raft.server.log.appender.install.snapshot.enabled = false (custom)
2023-07-13 06:11:14,781 [d12304a5-d481-4f9e-9203-502383e83214@group-F88CADE39363-LeaderElection20] INFO  grpc.GrpcConfigKeys (ConfUtils.java:logGet(46)) - raft.grpc.server.heartbeat.channel = true (default)
2023-07-13 06:11:14,782 [d12304a5-d481-4f9e-9203-502383e83214@group-F88CADE39363-LeaderElection20] INFO  impl.RoleInfo (RoleInfo.java:updateAndGet(139)) - d12304a5-d481-4f9e-9203-502383e83214: start d12304a5-d481-4f9e-9203-502383e83214@group-F88CADE39363-LeaderStateImpl
2023-07-13 06:11:14,782 [d12304a5-d481-4f9e-9203-502383e83214@group-F88CADE39363-LeaderElection20] INFO  segmented.SegmentedRaftLogWorker (SegmentedRaftLogWorker.java:startLogSegment(447)) - d12304a5-d481-4f9e-9203-502383e83214@group-F88CADE39363-SegmentedRaftLogWorker: Starting segment from index:0
2023-07-13 06:11:14,786 [d12304a5-d481-4f9e-9203-502383e83214@group-F88CADE39363-SegmentedRaftLogWorker] INFO  segmented.SegmentedRaftLogWorker (SegmentedRaftLogWorker.java:execute(651)) - d12304a5-d481-4f9e-9203-502383e83214@group-F88CADE39363-SegmentedRaftLogWorker: created new log segment /home/runner/work/ozone/ozone/hadoop-ozone/integration-test/target/test-dir/MiniOzoneClusterImpl-40c29f8c-30b3-4208-9c4d-d76d276bda5b/datanode-8/data/ratis/7473db23-7357-47bb-8e9a-f88cade39363/current/log_inprogress_0
2023-07-13 06:11:14,789 [d12304a5-d481-4f9e-9203-502383e83214@group-F88CADE39363-LeaderElection20] INFO  server.RaftServer$Division (ServerState.java:setRaftConf(434)) - d12304a5-d481-4f9e-9203-502383e83214@group-F88CADE39363: set configuration 0: peers:[aeec539b-574d-4d91-8fa7-d5e640bad944|rpc:10.1.0.28:15068|admin:10.1.0.28:15067|client:10.1.0.28:15066|dataStream:10.1.0.28:15069|priority:0|startupRole:FOLLOWER, 42c94fbf-dc57-4435-80ab-f9b7a4e6d382|rpc:10.1.0.28:15077|admin:10.1.0.28:15076|client:10.1.0.28:15075|dataStream:10.1.0.28:15078|priority:0|startupRole:FOLLOWER, d12304a5-d481-4f9e-9203-502383e83214|rpc:10.1.0.28:15086|admin:10.1.0.28:15085|client:10.1.0.28:15084|dataStream:10.1.0.28:15087|priority:1|startupRole:FOLLOWER]|listeners:[], old=null
2023-07-13 06:11:14,812 [aeec539b-574d-4d91-8fa7-d5e640bad944-server-thread1] INFO  ratis.XceiverServerRatis (XceiverServerRatis.java:handleLeaderChangedNotification(902)) - Leader change notification received for group: group-F88CADE39363 with new leaderId: d12304a5-d481-4f9e-9203-502383e83214
2023-07-13 06:11:14,813 [aeec539b-574d-4d91-8fa7-d5e640bad944-server-thread1] INFO  server.RaftServer$Division (ServerState.java:setLeader(317)) - aeec539b-574d-4d91-8fa7-d5e640bad944@group-F88CADE39363: change Leader from null to d12304a5-d481-4f9e-9203-502383e83214 at term 1 for appendEntries, leader elected after 5383ms
2023-07-13 06:11:14,814 [42c94fbf-dc57-4435-80ab-f9b7a4e6d382-server-thread1] INFO  ratis.XceiverServerRatis (XceiverServerRatis.java:handleLeaderChangedNotification(902)) - Leader change notification received for group: group-F88CADE39363 with new leaderId: d12304a5-d481-4f9e-9203-502383e83214
2023-07-13 06:11:14,814 [42c94fbf-dc57-4435-80ab-f9b7a4e6d382-server-thread1] INFO  server.RaftServer$Division (ServerState.java:setLeader(317)) - 42c94fbf-dc57-4435-80ab-f9b7a4e6d382@group-F88CADE39363: change Leader from null to d12304a5-d481-4f9e-9203-502383e83214 at term 1 for appendEntries, leader elected after 5346ms
2023-07-13 06:11:14,823 [aeec539b-574d-4d91-8fa7-d5e640bad944-server-thread3] INFO  server.RaftServer$Division (ServerState.java:setRaftConf(434)) - aeec539b-574d-4d91-8fa7-d5e640bad944@group-F88CADE39363: set configuration 0: peers:[aeec539b-574d-4d91-8fa7-d5e640bad944|rpc:10.1.0.28:15068|admin:10.1.0.28:15067|client:10.1.0.28:15066|dataStream:10.1.0.28:15069|priority:0|startupRole:FOLLOWER, 42c94fbf-dc57-4435-80ab-f9b7a4e6d382|rpc:10.1.0.28:15077|admin:10.1.0.28:15076|client:10.1.0.28:15075|dataStream:10.1.0.28:15078|priority:0|startupRole:FOLLOWER, d12304a5-d481-4f9e-9203-502383e83214|rpc:10.1.0.28:15086|admin:10.1.0.28:15085|client:10.1.0.28:15084|dataStream:10.1.0.28:15087|priority:1|startupRole:FOLLOWER]|listeners:[], old=null
2023-07-13 06:11:14,823 [aeec539b-574d-4d91-8fa7-d5e640bad944-server-thread3] INFO  segmented.SegmentedRaftLogWorker (SegmentedRaftLogWorker.java:startLogSegment(447)) - aeec539b-574d-4d91-8fa7-d5e640bad944@group-F88CADE39363-SegmentedRaftLogWorker: Starting segment from index:0
2023-07-13 06:11:14,825 [42c94fbf-dc57-4435-80ab-f9b7a4e6d382-server-thread3] INFO  server.RaftServer$Division (ServerState.java:setRaftConf(434)) - 42c94fbf-dc57-4435-80ab-f9b7a4e6d382@group-F88CADE39363: set configuration 0: peers:[aeec539b-574d-4d91-8fa7-d5e640bad944|rpc:10.1.0.28:15068|admin:10.1.0.28:15067|client:10.1.0.28:15066|dataStream:10.1.0.28:15069|priority:0|startupRole:FOLLOWER, 42c94fbf-dc57-4435-80ab-f9b7a4e6d382|rpc:10.1.0.28:15077|admin:10.1.0.28:15076|client:10.1.0.28:15075|dataStream:10.1.0.28:15078|priority:0|startupRole:FOLLOWER, d12304a5-d481-4f9e-9203-502383e83214|rpc:10.1.0.28:15086|admin:10.1.0.28:15085|client:10.1.0.28:15084|dataStream:10.1.0.28:15087|priority:1|startupRole:FOLLOWER]|listeners:[], old=null
2023-07-13 06:11:14,825 [42c94fbf-dc57-4435-80ab-f9b7a4e6d382-server-thread3] INFO  segmented.SegmentedRaftLogWorker (SegmentedRaftLogWorker.java:startLogSegment(447)) - 42c94fbf-dc57-4435-80ab-f9b7a4e6d382@group-F88CADE39363-SegmentedRaftLogWorker: Starting segment from index:0
2023-07-13 06:11:14,828 [aeec539b-574d-4d91-8fa7-d5e640bad944@group-F88CADE39363-SegmentedRaftLogWorker] INFO  segmented.SegmentedRaftLogWorker (SegmentedRaftLogWorker.java:execute(651)) - aeec539b-574d-4d91-8fa7-d5e640bad944@group-F88CADE39363-SegmentedRaftLogWorker: created new log segment /home/runner/work/ozone/ozone/hadoop-ozone/integration-test/target/test-dir/MiniOzoneClusterImpl-40c29f8c-30b3-4208-9c4d-d76d276bda5b/datanode-6/data/ratis/7473db23-7357-47bb-8e9a-f88cade39363/current/log_inprogress_0
2023-07-13 06:11:14,829 [42c94fbf-dc57-4435-80ab-f9b7a4e6d382@group-F88CADE39363-SegmentedRaftLogWorker] INFO  segmented.SegmentedRaftLogWorker (SegmentedRaftLogWorker.java:execute(651)) - 42c94fbf-dc57-4435-80ab-f9b7a4e6d382@group-F88CADE39363-SegmentedRaftLogWorker: created new log segment /home/runner/work/ozone/ozone/hadoop-ozone/integration-test/target/test-dir/MiniOzoneClusterImpl-40c29f8c-30b3-4208-9c4d-d76d276bda5b/datanode-7/data/ratis/7473db23-7357-47bb-8e9a-f88cade39363/current/log_inprogress_0
2023-07-13 06:11:14,916 [qtp1221433900-21] INFO  kms-audit (SimpleKMSAuditLogger.java:logAuditEvent(59)) - OK[op=DECRYPT_EEK, key=key1, user=runner, accessCount=1, interval=0ms] 
2023-07-13 06:11:14,952 [main] INFO  impl.MetricsSystemImpl (MetricsSystemImpl.java:init(158)) - XceiverClientMetrics metrics system started (again)
2023-07-13 06:11:14,952 [main] INFO  lib.Interns (Interns.java:removeEldestEntry(50)) - Metrics intern cache overflow at 2011 for MetricsSystem={MetricsSystem=MetricsInfoImpl{name=MetricsSystem, description=MetricsSystem}, MetricsSystem record=MetricsInfoImpl{name=MetricsSystem, description=MetricsSystem record}}
2023-07-13 06:11:15,518 [IPC Server handler 7 on default port 15001] WARN  node.SCMNodeManager (SCMNodeManager.java:getNodesByAddress(1373)) - Cannot find node for address 127.0.0.1
2023-07-13 06:11:15,531 [42c94fbf-dc57-4435-80ab-f9b7a4e6d382@group-FE843C8439AB-FollowerState] INFO  impl.FollowerState (FollowerState.java:run(143)) - 42c94fbf-dc57-4435-80ab-f9b7a4e6d382@group-FE843C8439AB-FollowerState: change to CANDIDATE, lastRpcElapsedTime:5136858169ns, electionTimeout:5135ms
2023-07-13 06:11:15,532 [42c94fbf-dc57-4435-80ab-f9b7a4e6d382@group-FE843C8439AB-FollowerState] INFO  impl.RoleInfo (RoleInfo.java:shutdownFollowerState(110)) - 42c94fbf-dc57-4435-80ab-f9b7a4e6d382: shutdown 42c94fbf-dc57-4435-80ab-f9b7a4e6d382@group-FE843C8439AB-FollowerState
2023-07-13 06:11:15,532 [42c94fbf-dc57-4435-80ab-f9b7a4e6d382@group-FE843C8439AB-FollowerState] INFO  server.RaftServer$Division (RaftServerImpl.java:setRole(329)) - 42c94fbf-dc57-4435-80ab-f9b7a4e6d382@group-FE843C8439AB: changes role from  FOLLOWER to CANDIDATE at term 0 for changeToCandidate
2023-07-13 06:11:15,532 [42c94fbf-dc57-4435-80ab-f9b7a4e6d382@group-FE843C8439AB-FollowerState] INFO  server.RaftServerConfigKeys (ConfUtils.java:logGet(46)) - raft.server.leaderelection.pre-vote = true (default)
2023-07-13 06:11:15,532 [42c94fbf-dc57-4435-80ab-f9b7a4e6d382@group-FE843C8439AB-FollowerState] INFO  impl.RoleInfo (RoleInfo.java:updateAndGet(139)) - 42c94fbf-dc57-4435-80ab-f9b7a4e6d382: start 42c94fbf-dc57-4435-80ab-f9b7a4e6d382@group-FE843C8439AB-LeaderElection21
2023-07-13 06:11:15,538 [IPC Server handler 19 on default port 15001] WARN  node.SCMNodeManager (SCMNodeManager.java:getNodesByAddress(1373)) - Cannot find node for address 127.0.0.1
2023-07-13 06:11:15,538 [42c94fbf-dc57-4435-80ab-f9b7a4e6d382@group-FE843C8439AB-LeaderElection21] INFO  impl.LeaderElection (LeaderElection.java:askForVotes(321)) - 42c94fbf-dc57-4435-80ab-f9b7a4e6d382@group-FE843C8439AB-LeaderElection21 PRE_VOTE round 0: submit vote requests at term 0 for -1: peers:[42c94fbf-dc57-4435-80ab-f9b7a4e6d382|rpc:10.1.0.28:15077|admin:10.1.0.28:15076|client:10.1.0.28:15075|dataStream:10.1.0.28:15078|priority:1|startupRole:FOLLOWER]|listeners:[], old=null
2023-07-13 06:11:15,539 [42c94fbf-dc57-4435-80ab-f9b7a4e6d382@group-FE843C8439AB-LeaderElection21] INFO  impl.LeaderElection (LeaderElection.java:askForVotes(323)) - 42c94fbf-dc57-4435-80ab-f9b7a4e6d382@group-FE843C8439AB-LeaderElection21 PRE_VOTE round 0: result PASSED (term=0)
2023-07-13 06:11:15,540 [d12304a5-d481-4f9e-9203-502383e83214@group-525AC21D8BF6-FollowerState] INFO  impl.FollowerState (FollowerState.java:run(143)) - d12304a5-d481-4f9e-9203-502383e83214@group-525AC21D8BF6-FollowerState: change to CANDIDATE, lastRpcElapsedTime:5015625900ns, electionTimeout:5013ms
2023-07-13 06:11:15,543 [d12304a5-d481-4f9e-9203-502383e83214@group-525AC21D8BF6-FollowerState] INFO  impl.RoleInfo (RoleInfo.java:shutdownFollowerState(110)) - d12304a5-d481-4f9e-9203-502383e83214: shutdown d12304a5-d481-4f9e-9203-502383e83214@group-525AC21D8BF6-FollowerState
2023-07-13 06:11:15,543 [d12304a5-d481-4f9e-9203-502383e83214@group-525AC21D8BF6-FollowerState] INFO  server.RaftServer$Division (RaftServerImpl.java:setRole(329)) - d12304a5-d481-4f9e-9203-502383e83214@group-525AC21D8BF6: changes role from  FOLLOWER to CANDIDATE at term 0 for changeToCandidate
2023-07-13 06:11:15,543 [d12304a5-d481-4f9e-9203-502383e83214@group-525AC21D8BF6-FollowerState] INFO  server.RaftServerConfigKeys (ConfUtils.java:logGet(46)) - raft.server.leaderelection.pre-vote = true (default)
2023-07-13 06:11:15,543 [d12304a5-d481-4f9e-9203-502383e83214@group-525AC21D8BF6-FollowerState] INFO  impl.RoleInfo (RoleInfo.java:updateAndGet(139)) - d12304a5-d481-4f9e-9203-502383e83214: start d12304a5-d481-4f9e-9203-502383e83214@group-525AC21D8BF6-LeaderElection22
2023-07-13 06:11:15,546 [42c94fbf-dc57-4435-80ab-f9b7a4e6d382@group-FE843C8439AB-LeaderElection21] INFO  impl.LeaderElection (LeaderElection.java:askForVotes(321)) - 42c94fbf-dc57-4435-80ab-f9b7a4e6d382@group-FE843C8439AB-LeaderElection21 ELECTION round 0: submit vote requests at term 1 for -1: peers:[42c94fbf-dc57-4435-80ab-f9b7a4e6d382|rpc:10.1.0.28:15077|admin:10.1.0.28:15076|client:10.1.0.28:15075|dataStream:10.1.0.28:15078|priority:1|startupRole:FOLLOWER]|listeners:[], old=null
2023-07-13 06:11:15,546 [42c94fbf-dc57-4435-80ab-f9b7a4e6d382@group-FE843C8439AB-LeaderElection21] INFO  impl.LeaderElection (LeaderElection.java:askForVotes(323)) - 42c94fbf-dc57-4435-80ab-f9b7a4e6d382@group-FE843C8439AB-LeaderElection21 ELECTION round 0: result PASSED (term=1)
2023-07-13 06:11:15,546 [42c94fbf-dc57-4435-80ab-f9b7a4e6d382@group-FE843C8439AB-LeaderElection21] INFO  impl.RoleInfo (RoleInfo.java:shutdownLeaderElection(130)) - 42c94fbf-dc57-4435-80ab-f9b7a4e6d382: shutdown 42c94fbf-dc57-4435-80ab-f9b7a4e6d382@group-FE843C8439AB-LeaderElection21
2023-07-13 06:11:15,546 [42c94fbf-dc57-4435-80ab-f9b7a4e6d382@group-FE843C8439AB-LeaderElection21] INFO  server.RaftServer$Division (RaftServerImpl.java:setRole(329)) - 42c94fbf-dc57-4435-80ab-f9b7a4e6d382@group-FE843C8439AB: changes role from CANDIDATE to LEADER at term 1 for changeToLeader
2023-07-13 06:11:15,546 [42c94fbf-dc57-4435-80ab-f9b7a4e6d382@group-FE843C8439AB-LeaderElection21] INFO  ratis.XceiverServerRatis (XceiverServerRatis.java:handleLeaderChangedNotification(902)) - Leader change notification received for group: group-FE843C8439AB with new leaderId: 42c94fbf-dc57-4435-80ab-f9b7a4e6d382
2023-07-13 06:11:15,547 [42c94fbf-dc57-4435-80ab-f9b7a4e6d382@group-FE843C8439AB-LeaderElection21] INFO  server.RaftServer$Division (ServerState.java:setLeader(317)) - 42c94fbf-dc57-4435-80ab-f9b7a4e6d382@group-FE843C8439AB: change Leader from null to 42c94fbf-dc57-4435-80ab-f9b7a4e6d382 at term 1 for becomeLeader, leader elected after 5859ms
2023-07-13 06:11:15,547 [42c94fbf-dc57-4435-80ab-f9b7a4e6d382@group-FE843C8439AB-LeaderElection21] INFO  server.RaftServerConfigKeys (ConfUtils.java:logGet(46)) - raft.server.staging.catchup.gap = 1000 (default)
2023-07-13 06:11:15,548 [42c94fbf-dc57-4435-80ab-f9b7a4e6d382@group-FE843C8439AB-LeaderElection21] INFO  server.RaftServerConfigKeys (ConfUtils.java:logGet(46)) - raft.server.write.element-limit = 1024 (custom)
2023-07-13 06:11:15,549 [42c94fbf-dc57-4435-80ab-f9b7a4e6d382@group-FE843C8439AB-LeaderElection21] INFO  server.RaftServerConfigKeys (ConfUtils.java:logGet(46)) - raft.server.write.byte-limit = 1024 M (=1073741824) (custom)
2023-07-13 06:11:15,549 [42c94fbf-dc57-4435-80ab-f9b7a4e6d382@group-FE843C8439AB-LeaderElection21] INFO  server.RaftServerConfigKeys (ConfUtils.java:logGet(46)) - raft.server.watch.timeout = 180s (custom)
2023-07-13 06:11:15,549 [42c94fbf-dc57-4435-80ab-f9b7a4e6d382@group-FE843C8439AB-LeaderElection21] INFO  server.RaftServerConfigKeys (ConfUtils.java:logGet(46)) - raft.server.watch.timeout.denomination = 1s (default)
2023-07-13 06:11:15,549 [42c94fbf-dc57-4435-80ab-f9b7a4e6d382@group-FE843C8439AB-LeaderElection21] INFO  server.RaftServerConfigKeys (ConfUtils.java:logGet(46)) - raft.server.watch.element-limit = 65536 (default)
2023-07-13 06:11:15,550 [42c94fbf-dc57-4435-80ab-f9b7a4e6d382@group-FE843C8439AB-LeaderElection21] INFO  server.RaftServerConfigKeys (ConfUtils.java:logGet(46)) - raft.server.write.element-limit = 1024 (custom)
2023-07-13 06:11:15,550 [42c94fbf-dc57-4435-80ab-f9b7a4e6d382@group-FE843C8439AB-LeaderElection21] INFO  server.RaftServerConfigKeys (ConfUtils.java:logGet(46)) - raft.server.write.follower.gap.ratio.max = -1.0 (default)
2023-07-13 06:11:15,550 [42c94fbf-dc57-4435-80ab-f9b7a4e6d382@group-FE843C8439AB-LeaderElection21] INFO  impl.RoleInfo (RoleInfo.java:updateAndGet(139)) - 42c94fbf-dc57-4435-80ab-f9b7a4e6d382: start 42c94fbf-dc57-4435-80ab-f9b7a4e6d382@group-FE843C8439AB-LeaderStateImpl
2023-07-13 06:11:15,549 [d12304a5-d481-4f9e-9203-502383e83214@group-525AC21D8BF6-LeaderElection22] INFO  impl.LeaderElection (LeaderElection.java:askForVotes(321)) - d12304a5-d481-4f9e-9203-502383e83214@group-525AC21D8BF6-LeaderElection22 PRE_VOTE round 0: submit vote requests at term 0 for -1: peers:[d12304a5-d481-4f9e-9203-502383e83214|rpc:10.1.0.28:15086|admin:10.1.0.28:15085|client:10.1.0.28:15084|dataStream:10.1.0.28:15087|priority:1|startupRole:FOLLOWER]|listeners:[], old=null
2023-07-13 06:11:15,552 [d12304a5-d481-4f9e-9203-502383e83214@group-525AC21D8BF6-LeaderElection22] INFO  impl.LeaderElection (LeaderElection.java:askForVotes(323)) - d12304a5-d481-4f9e-9203-502383e83214@group-525AC21D8BF6-LeaderElection22 PRE_VOTE round 0: result PASSED (term=0)
2023-07-13 06:11:15,552 [42c94fbf-dc57-4435-80ab-f9b7a4e6d382@group-FE843C8439AB-LeaderElection21] INFO  segmented.SegmentedRaftLogWorker (SegmentedRaftLogWorker.java:startLogSegment(447)) - 42c94fbf-dc57-4435-80ab-f9b7a4e6d382@group-FE843C8439AB-SegmentedRaftLogWorker: Starting segment from index:0
2023-07-13 06:11:15,554 [42c94fbf-dc57-4435-80ab-f9b7a4e6d382@group-FE843C8439AB-SegmentedRaftLogWorker] INFO  segmented.SegmentedRaftLogWorker (SegmentedRaftLogWorker.java:execute(651)) - 42c94fbf-dc57-4435-80ab-f9b7a4e6d382@group-FE843C8439AB-SegmentedRaftLogWorker: created new log segment /home/runner/work/ozone/ozone/hadoop-ozone/integration-test/target/test-dir/MiniOzoneClusterImpl-40c29f8c-30b3-4208-9c4d-d76d276bda5b/datanode-7/data/ratis/6a2ffa38-7a17-4e3a-994d-fe843c8439ab/current/log_inprogress_0
2023-07-13 06:11:15,555 [d12304a5-d481-4f9e-9203-502383e83214@group-525AC21D8BF6-LeaderElection22] INFO  impl.LeaderElection (LeaderElection.java:askForVotes(321)) - d12304a5-d481-4f9e-9203-502383e83214@group-525AC21D8BF6-LeaderElection22 ELECTION round 0: submit vote requests at term 1 for -1: peers:[d12304a5-d481-4f9e-9203-502383e83214|rpc:10.1.0.28:15086|admin:10.1.0.28:15085|client:10.1.0.28:15084|dataStream:10.1.0.28:15087|priority:1|startupRole:FOLLOWER]|listeners:[], old=null
2023-07-13 06:11:15,555 [d12304a5-d481-4f9e-9203-502383e83214@group-525AC21D8BF6-LeaderElection22] INFO  impl.LeaderElection (LeaderElection.java:askForVotes(323)) - d12304a5-d481-4f9e-9203-502383e83214@group-525AC21D8BF6-LeaderElection22 ELECTION round 0: result PASSED (term=1)
2023-07-13 06:11:15,555 [d12304a5-d481-4f9e-9203-502383e83214@group-525AC21D8BF6-LeaderElection22] INFO  impl.RoleInfo (RoleInfo.java:shutdownLeaderElection(130)) - d12304a5-d481-4f9e-9203-502383e83214: shutdown d12304a5-d481-4f9e-9203-502383e83214@group-525AC21D8BF6-LeaderElection22
2023-07-13 06:11:15,555 [d12304a5-d481-4f9e-9203-502383e83214@group-525AC21D8BF6-LeaderElection22] INFO  server.RaftServer$Division (RaftServerImpl.java:setRole(329)) - d12304a5-d481-4f9e-9203-502383e83214@group-525AC21D8BF6: changes role from CANDIDATE to LEADER at term 1 for changeToLeader
2023-07-13 06:11:15,555 [d12304a5-d481-4f9e-9203-502383e83214@group-525AC21D8BF6-LeaderElection22] INFO  ratis.XceiverServerRatis (XceiverServerRatis.java:handleLeaderChangedNotification(902)) - Leader change notification received for group: group-525AC21D8BF6 with new leaderId: d12304a5-d481-4f9e-9203-502383e83214
2023-07-13 06:11:15,561 [d12304a5-d481-4f9e-9203-502383e83214@group-525AC21D8BF6-LeaderElection22] INFO  server.RaftServer$Division (ServerState.java:setLeader(317)) - d12304a5-d481-4f9e-9203-502383e83214@group-525AC21D8BF6: change Leader from null to d12304a5-d481-4f9e-9203-502383e83214 at term 1 for becomeLeader, leader elected after 5065ms
2023-07-13 06:11:15,561 [d12304a5-d481-4f9e-9203-502383e83214@group-525AC21D8BF6-LeaderElection22] INFO  server.RaftServerConfigKeys (ConfUtils.java:logGet(46)) - raft.server.staging.catchup.gap = 1000 (default)
2023-07-13 06:11:15,561 [d12304a5-d481-4f9e-9203-502383e83214@group-525AC21D8BF6-LeaderElection22] INFO  server.RaftServerConfigKeys (ConfUtils.java:logGet(46)) - raft.server.write.element-limit = 1024 (custom)
2023-07-13 06:11:15,561 [d12304a5-d481-4f9e-9203-502383e83214@group-525AC21D8BF6-LeaderElection22] INFO  server.RaftServerConfigKeys (ConfUtils.java:logGet(46)) - raft.server.write.byte-limit = 1024 M (=1073741824) (custom)
2023-07-13 06:11:15,561 [d12304a5-d481-4f9e-9203-502383e83214@group-525AC21D8BF6-LeaderElection22] INFO  server.RaftServerConfigKeys (ConfUtils.java:logGet(46)) - raft.server.watch.timeout = 180s (custom)
2023-07-13 06:11:15,562 [d12304a5-d481-4f9e-9203-502383e83214@group-525AC21D8BF6-LeaderElection22] INFO  server.RaftServerConfigKeys (ConfUtils.java:logGet(46)) - raft.server.watch.timeout.denomination = 1s (default)
2023-07-13 06:11:15,562 [d12304a5-d481-4f9e-9203-502383e83214@group-525AC21D8BF6-LeaderElection22] INFO  server.RaftServerConfigKeys (ConfUtils.java:logGet(46)) - raft.server.watch.element-limit = 65536 (default)
2023-07-13 06:11:15,562 [42c94fbf-dc57-4435-80ab-f9b7a4e6d382@group-FE843C8439AB-LeaderElection21] INFO  server.RaftServer$Division (ServerState.java:setRaftConf(434)) - 42c94fbf-dc57-4435-80ab-f9b7a4e6d382@group-FE843C8439AB: set configuration 0: peers:[42c94fbf-dc57-4435-80ab-f9b7a4e6d382|rpc:10.1.0.28:15077|admin:10.1.0.28:15076|client:10.1.0.28:15075|dataStream:10.1.0.28:15078|priority:1|startupRole:FOLLOWER]|listeners:[], old=null
2023-07-13 06:11:15,562 [d12304a5-d481-4f9e-9203-502383e83214@group-525AC21D8BF6-LeaderElection22] INFO  server.RaftServerConfigKeys (ConfUtils.java:logGet(46)) - raft.server.write.element-limit = 1024 (custom)
2023-07-13 06:11:15,562 [d12304a5-d481-4f9e-9203-502383e83214@group-525AC21D8BF6-LeaderElection22] INFO  server.RaftServerConfigKeys (ConfUtils.java:logGet(46)) - raft.server.write.follower.gap.ratio.max = -1.0 (default)
2023-07-13 06:11:15,562 [d12304a5-d481-4f9e-9203-502383e83214@group-525AC21D8BF6-LeaderElection22] INFO  impl.RoleInfo (RoleInfo.java:updateAndGet(139)) - d12304a5-d481-4f9e-9203-502383e83214: start d12304a5-d481-4f9e-9203-502383e83214@group-525AC21D8BF6-LeaderStateImpl
2023-07-13 06:11:15,562 [d12304a5-d481-4f9e-9203-502383e83214@group-525AC21D8BF6-LeaderElection22] INFO  segmented.SegmentedRaftLogWorker (SegmentedRaftLogWorker.java:startLogSegment(447)) - d12304a5-d481-4f9e-9203-502383e83214@group-525AC21D8BF6-SegmentedRaftLogWorker: Starting segment from index:0
2023-07-13 06:11:15,564 [d12304a5-d481-4f9e-9203-502383e83214@group-525AC21D8BF6-LeaderElection22] INFO  server.RaftServer$Division (ServerState.java:setRaftConf(434)) - d12304a5-d481-4f9e-9203-502383e83214@group-525AC21D8BF6: set configuration 0: peers:[d12304a5-d481-4f9e-9203-502383e83214|rpc:10.1.0.28:15086|admin:10.1.0.28:15085|client:10.1.0.28:15084|dataStream:10.1.0.28:15087|priority:1|startupRole:FOLLOWER]|listeners:[], old=null
2023-07-13 06:11:15,565 [d12304a5-d481-4f9e-9203-502383e83214@group-525AC21D8BF6-SegmentedRaftLogWorker] INFO  segmented.SegmentedRaftLogWorker (SegmentedRaftLogWorker.java:execute(651)) - d12304a5-d481-4f9e-9203-502383e83214@group-525AC21D8BF6-SegmentedRaftLogWorker: created new log segment /home/runner/work/ozone/ozone/hadoop-ozone/integration-test/target/test-dir/MiniOzoneClusterImpl-40c29f8c-30b3-4208-9c4d-d76d276bda5b/datanode-8/data/ratis/dd254145-e3d9-41e9-940e-525ac21d8bf6/current/log_inprogress_0
2023-07-13 06:11:15,728 [a7e23495-4fba-47f2-ab25-3c088ebfd5ba@group-C6E76F4A8A30-FollowerState] INFO  impl.FollowerState (FollowerState.java:run(143)) - a7e23495-4fba-47f2-ab25-3c088ebfd5ba@group-C6E76F4A8A30-FollowerState: change to CANDIDATE, lastRpcElapsedTime:5020123569ns, electionTimeout:5016ms
2023-07-13 06:11:15,729 [a7e23495-4fba-47f2-ab25-3c088ebfd5ba@group-C6E76F4A8A30-FollowerState] INFO  impl.RoleInfo (RoleInfo.java:shutdownFollowerState(110)) - a7e23495-4fba-47f2-ab25-3c088ebfd5ba: shutdown a7e23495-4fba-47f2-ab25-3c088ebfd5ba@group-C6E76F4A8A30-FollowerState
2023-07-13 06:11:15,729 [a7e23495-4fba-47f2-ab25-3c088ebfd5ba@group-C6E76F4A8A30-FollowerState] INFO  server.RaftServer$Division (RaftServerImpl.java:setRole(329)) - a7e23495-4fba-47f2-ab25-3c088ebfd5ba@group-C6E76F4A8A30: changes role from  FOLLOWER to CANDIDATE at term 0 for changeToCandidate
2023-07-13 06:11:15,729 [a7e23495-4fba-47f2-ab25-3c088ebfd5ba@group-C6E76F4A8A30-FollowerState] INFO  server.RaftServerConfigKeys (ConfUtils.java:logGet(46)) - raft.server.leaderelection.pre-vote = true (default)
2023-07-13 06:11:15,729 [a7e23495-4fba-47f2-ab25-3c088ebfd5ba@group-C6E76F4A8A30-FollowerState] INFO  impl.RoleInfo (RoleInfo.java:updateAndGet(139)) - a7e23495-4fba-47f2-ab25-3c088ebfd5ba: start a7e23495-4fba-47f2-ab25-3c088ebfd5ba@group-C6E76F4A8A30-LeaderElection23
2023-07-13 06:11:15,737 [a7e23495-4fba-47f2-ab25-3c088ebfd5ba@group-C6E76F4A8A30-LeaderElection23] INFO  impl.LeaderElection (LeaderElection.java:askForVotes(321)) - a7e23495-4fba-47f2-ab25-3c088ebfd5ba@group-C6E76F4A8A30-LeaderElection23 PRE_VOTE round 0: submit vote requests at term 0 for -1: peers:[a7e23495-4fba-47f2-ab25-3c088ebfd5ba|rpc:10.1.0.28:15095|admin:10.1.0.28:15094|client:10.1.0.28:15093|dataStream:10.1.0.28:15096|priority:1|startupRole:FOLLOWER]|listeners:[], old=null
2023-07-13 06:11:15,737 [a7e23495-4fba-47f2-ab25-3c088ebfd5ba@group-C6E76F4A8A30-LeaderElection23] INFO  impl.LeaderElection (LeaderElection.java:askForVotes(323)) - a7e23495-4fba-47f2-ab25-3c088ebfd5ba@group-C6E76F4A8A30-LeaderElection23 PRE_VOTE round 0: result PASSED (term=0)
2023-07-13 06:11:15,739 [a7e23495-4fba-47f2-ab25-3c088ebfd5ba@group-C6E76F4A8A30-LeaderElection23] INFO  impl.LeaderElection (LeaderElection.java:askForVotes(321)) - a7e23495-4fba-47f2-ab25-3c088ebfd5ba@group-C6E76F4A8A30-LeaderElection23 ELECTION round 0: submit vote requests at term 1 for -1: peers:[a7e23495-4fba-47f2-ab25-3c088ebfd5ba|rpc:10.1.0.28:15095|admin:10.1.0.28:15094|client:10.1.0.28:15093|dataStream:10.1.0.28:15096|priority:1|startupRole:FOLLOWER]|listeners:[], old=null
2023-07-13 06:11:15,739 [a7e23495-4fba-47f2-ab25-3c088ebfd5ba@group-C6E76F4A8A30-LeaderElection23] INFO  impl.LeaderElection (LeaderElection.java:askForVotes(323)) - a7e23495-4fba-47f2-ab25-3c088ebfd5ba@group-C6E76F4A8A30-LeaderElection23 ELECTION round 0: result PASSED (term=1)
2023-07-13 06:11:15,739 [a7e23495-4fba-47f2-ab25-3c088ebfd5ba@group-C6E76F4A8A30-LeaderElection23] INFO  impl.RoleInfo (RoleInfo.java:shutdownLeaderElection(130)) - a7e23495-4fba-47f2-ab25-3c088ebfd5ba: shutdown a7e23495-4fba-47f2-ab25-3c088ebfd5ba@group-C6E76F4A8A30-LeaderElection23
2023-07-13 06:11:15,739 [a7e23495-4fba-47f2-ab25-3c088ebfd5ba@group-C6E76F4A8A30-LeaderElection23] INFO  server.RaftServer$Division (RaftServerImpl.java:setRole(329)) - a7e23495-4fba-47f2-ab25-3c088ebfd5ba@group-C6E76F4A8A30: changes role from CANDIDATE to LEADER at term 1 for changeToLeader
2023-07-13 06:11:15,739 [a7e23495-4fba-47f2-ab25-3c088ebfd5ba@group-C6E76F4A8A30-LeaderElection23] INFO  ratis.XceiverServerRatis (XceiverServerRatis.java:handleLeaderChangedNotification(902)) - Leader change notification received for group: group-C6E76F4A8A30 with new leaderId: a7e23495-4fba-47f2-ab25-3c088ebfd5ba
2023-07-13 06:11:15,741 [a7e23495-4fba-47f2-ab25-3c088ebfd5ba@group-C6E76F4A8A30-LeaderElection23] INFO  server.RaftServer$Division (ServerState.java:setLeader(317)) - a7e23495-4fba-47f2-ab25-3c088ebfd5ba@group-C6E76F4A8A30: change Leader from null to a7e23495-4fba-47f2-ab25-3c088ebfd5ba at term 1 for becomeLeader, leader elected after 5059ms
2023-07-13 06:11:15,741 [a7e23495-4fba-47f2-ab25-3c088ebfd5ba@group-C6E76F4A8A30-LeaderElection23] INFO  server.RaftServerConfigKeys (ConfUtils.java:logGet(46)) - raft.server.staging.catchup.gap = 1000 (default)
2023-07-13 06:11:15,742 [a7e23495-4fba-47f2-ab25-3c088ebfd5ba@group-C6E76F4A8A30-LeaderElection23] INFO  server.RaftServerConfigKeys (ConfUtils.java:logGet(46)) - raft.server.write.element-limit = 1024 (custom)
2023-07-13 06:11:15,743 [a7e23495-4fba-47f2-ab25-3c088ebfd5ba@group-C6E76F4A8A30-LeaderElection23] INFO  server.RaftServerConfigKeys (ConfUtils.java:logGet(46)) - raft.server.write.byte-limit = 1024 M (=1073741824) (custom)
2023-07-13 06:11:15,743 [a7e23495-4fba-47f2-ab25-3c088ebfd5ba@group-C6E76F4A8A30-LeaderElection23] INFO  server.RaftServerConfigKeys (ConfUtils.java:logGet(46)) - raft.server.watch.timeout = 180s (custom)
2023-07-13 06:11:15,744 [a7e23495-4fba-47f2-ab25-3c088ebfd5ba@group-C6E76F4A8A30-LeaderElection23] INFO  server.RaftServerConfigKeys (ConfUtils.java:logGet(46)) - raft.server.watch.timeout.denomination = 1s (default)
2023-07-13 06:11:15,744 [a7e23495-4fba-47f2-ab25-3c088ebfd5ba@group-C6E76F4A8A30-LeaderElection23] INFO  server.RaftServerConfigKeys (ConfUtils.java:logGet(46)) - raft.server.watch.element-limit = 65536 (default)
2023-07-13 06:11:15,744 [a7e23495-4fba-47f2-ab25-3c088ebfd5ba@group-C6E76F4A8A30-LeaderElection23] INFO  server.RaftServerConfigKeys (ConfUtils.java:logGet(46)) - raft.server.write.element-limit = 1024 (custom)
2023-07-13 06:11:15,744 [a7e23495-4fba-47f2-ab25-3c088ebfd5ba@group-C6E76F4A8A30-LeaderElection23] INFO  server.RaftServerConfigKeys (ConfUtils.java:logGet(46)) - raft.server.write.follower.gap.ratio.max = -1.0 (default)
2023-07-13 06:11:15,744 [a7e23495-4fba-47f2-ab25-3c088ebfd5ba@group-C6E76F4A8A30-LeaderElection23] INFO  impl.RoleInfo (RoleInfo.java:updateAndGet(139)) - a7e23495-4fba-47f2-ab25-3c088ebfd5ba: start a7e23495-4fba-47f2-ab25-3c088ebfd5ba@group-C6E76F4A8A30-LeaderStateImpl
2023-07-13 06:11:15,745 [a7e23495-4fba-47f2-ab25-3c088ebfd5ba@group-C6E76F4A8A30-LeaderElection23] INFO  segmented.SegmentedRaftLogWorker (SegmentedRaftLogWorker.java:startLogSegment(447)) - a7e23495-4fba-47f2-ab25-3c088ebfd5ba@group-C6E76F4A8A30-SegmentedRaftLogWorker: Starting segment from index:0
2023-07-13 06:11:15,747 [a7e23495-4fba-47f2-ab25-3c088ebfd5ba@group-C6E76F4A8A30-LeaderElection23] INFO  server.RaftServer$Division (ServerState.java:setRaftConf(434)) - a7e23495-4fba-47f2-ab25-3c088ebfd5ba@group-C6E76F4A8A30: set configuration 0: peers:[a7e23495-4fba-47f2-ab25-3c088ebfd5ba|rpc:10.1.0.28:15095|admin:10.1.0.28:15094|client:10.1.0.28:15093|dataStream:10.1.0.28:15096|priority:1|startupRole:FOLLOWER]|listeners:[], old=null
2023-07-13 06:11:15,748 [a7e23495-4fba-47f2-ab25-3c088ebfd5ba@group-C6E76F4A8A30-SegmentedRaftLogWorker] INFO  segmented.SegmentedRaftLogWorker (SegmentedRaftLogWorker.java:execute(651)) - a7e23495-4fba-47f2-ab25-3c088ebfd5ba@group-C6E76F4A8A30-SegmentedRaftLogWorker: created new log segment /home/runner/work/ozone/ozone/hadoop-ozone/integration-test/target/test-dir/MiniOzoneClusterImpl-40c29f8c-30b3-4208-9c4d-d76d276bda5b/datanode-9/data/ratis/37c0789a-d5c7-4ba3-bbde-c6e76f4a8a30/current/log_inprogress_0
2023-07-13 06:11:15,748 [main] INFO  client.DataStreamClient (ConfUtils.java:logGet(46)) - raft.datastream.type = NETTY (custom)
2023-07-13 06:11:15,755 [main] INFO  netty.NettyConfigKeys$DataStream (ConfUtils.java:logGet(46)) - raft.netty.dataStream.client.tls.conf = null (default)
2023-07-13 06:11:15,756 [main] INFO  netty.NettyConfigKeys$DataStream (ConfUtils.java:logGet(46)) - raft.netty.dataStream.client.reply.queue.grace-period = 1s (default)
2023-07-13 06:11:15,760 [main] INFO  netty.NettyConfigKeys$DataStream (ConfUtils.java:logGet(46)) - raft.netty.dataStream.client.worker-group.share = false (default)
2023-07-13 06:11:15,760 [main] INFO  netty.NettyConfigKeys$DataStream (ConfUtils.java:logGet(46)) - raft.netty.dataStream.client.worker-group.size = 4 (default)
2023-07-13 06:11:15,794 [562e6811-3892-4bb8-8c1f-2833a6a2708d-NettyServerStreamRpc-bossGroup--thread1] INFO  logging.LoggingHandler (AbstractInternalLogger.java:log(148)) - [id: 0xd425f11f, L:/0:0:0:0:0:0:0:0:15024] READ: [id: 0xf2b1acb8, L:/10.1.0.28:15024 - R:/10.1.0.28:44458]
2023-07-13 06:11:15,794 [562e6811-3892-4bb8-8c1f-2833a6a2708d-NettyServerStreamRpc-bossGroup--thread1] INFO  logging.LoggingHandler (AbstractInternalLogger.java:log(148)) - [id: 0xd425f11f, L:/0:0:0:0:0:0:0:0:15024] READ COMPLETE
2023-07-13 06:11:15,938 [IPC Server handler 16 on default port 15001] WARN  node.SCMNodeManager (SCMNodeManager.java:getNodesByAddress(1373)) - Cannot find node for address 127.0.0.1
2023-07-13 06:11:15,946 [IPC Server handler 15 on default port 15001] WARN  node.SCMNodeManager (SCMNodeManager.java:getNodesByAddress(1373)) - Cannot find node for address 127.0.0.1
]]></system-out>
    <system-err><![CDATA[ERROR StatusLogger Reconfiguration failed: No configuration found for '18b4aac2' at 'null' in 'null'
]]></system-err>
  </testcase>
  <testcase name="testPutKeyWithEncryption" classname="TestOzoneAtRestEncryption" time="0.123">
    <system-out><![CDATA[2023-07-13 06:11:47,055 [main] INFO  rpc.RpcClient (RpcClient.java:createVolume(460)) - Creating Volume: 9d900b9c-1038-4dea-a12c-df0c20a7aab6, with runner as owner and space quota set to -1 bytes, counts quota set to -1
2023-07-13 06:11:47,059 [OM StateMachine ApplyTransaction Thread - 0] INFO  volume.OMVolumeCreateRequest (OMVolumeCreateRequest.java:validateAndUpdateCache(196)) - created volume:9d900b9c-1038-4dea-a12c-df0c20a7aab6 for user:runner
2023-07-13 06:11:47,064 [main] INFO  rpc.RpcClient (RpcClient.java:createBucket(687)) - Creating Bucket: 9d900b9c-1038-4dea-a12c-df0c20a7aab6/5c15b414-e579-4a78-b707-661c6b20644d, with bucket layout OBJECT_STORE, runner as owner, Versioning false, Storage Type set to DISK and Encryption set to true, Replication Type set to server-side default replication type, Namespace Quota set to -1, Space Quota set to -1 
2023-07-13 06:11:47,067 [qtp1221433900-18] INFO  kms-audit (SimpleKMSAuditLogger.java:logAuditSimpleFormat(93)) - OK[op=GET_METADATA, key=key1, user=runner] 
2023-07-13 06:11:47,071 [OM StateMachine ApplyTransaction Thread - 0] INFO  bucket.OMBucketCreateRequest (OMBucketCreateRequest.java:validateAndUpdateCache(270)) - created bucket: 5c15b414-e579-4a78-b707-661c6b20644d of layout OBJECT_STORE in volume: 9d900b9c-1038-4dea-a12c-df0c20a7aab6
2023-07-13 06:11:47,103 [IPC Server handler 5 on default port 15001] WARN  node.SCMNodeManager (SCMNodeManager.java:getNodesByAddress(1373)) - Cannot find node for address 127.0.0.1
2023-07-13 06:11:47,106 [IPC Server handler 7 on default port 15001] WARN  node.SCMNodeManager (SCMNodeManager.java:getNodesByAddress(1373)) - Cannot find node for address 127.0.0.1
2023-07-13 06:11:47,157 [IPC Server handler 17 on default port 15001] WARN  node.SCMNodeManager (SCMNodeManager.java:getNodesByAddress(1373)) - Cannot find node for address 127.0.0.1
2023-07-13 06:11:47,161 [IPC Server handler 12 on default port 15001] WARN  node.SCMNodeManager (SCMNodeManager.java:getNodesByAddress(1373)) - Cannot find node for address 127.0.0.1
]]></system-out>
  </testcase>
  <testcase name="testMPUwithOnePart" classname="TestOzoneAtRestEncryption" time="1.97">
    <system-out><![CDATA[2023-07-13 06:11:15,994 [main] INFO  rpc.RpcClient (RpcClient.java:createVolume(460)) - Creating Volume: 6410058f-e1f6-4a91-8111-cb4f0ffe51d4, with runner as owner and space quota set to -1 bytes, counts quota set to -1
2023-07-13 06:11:15,999 [OM StateMachine ApplyTransaction Thread - 0] INFO  volume.OMVolumeCreateRequest (OMVolumeCreateRequest.java:validateAndUpdateCache(196)) - created volume:6410058f-e1f6-4a91-8111-cb4f0ffe51d4 for user:runner
2023-07-13 06:11:16,004 [main] INFO  rpc.RpcClient (RpcClient.java:createBucket(687)) - Creating Bucket: 6410058f-e1f6-4a91-8111-cb4f0ffe51d4/c680a708-37f5-4a59-9a01-df20b1ec9a3d, with bucket layout FILE_SYSTEM_OPTIMIZED, runner as owner, Versioning false, Storage Type set to DISK and Encryption set to true, Replication Type set to server-side default replication type, Namespace Quota set to -1, Space Quota set to -1 
2023-07-13 06:11:16,015 [qtp1221433900-18] INFO  kms-audit (SimpleKMSAuditLogger.java:logAuditSimpleFormat(93)) - OK[op=GET_METADATA, key=key1, user=runner] 
2023-07-13 06:11:16,021 [OM StateMachine ApplyTransaction Thread - 0] INFO  bucket.OMBucketCreateRequest (OMBucketCreateRequest.java:validateAndUpdateCache(270)) - created bucket: c680a708-37f5-4a59-9a01-df20b1ec9a3d of layout FILE_SYSTEM_OPTIMIZED in volume: 6410058f-e1f6-4a91-8111-cb4f0ffe51d4
2023-07-13 06:11:16,888 [IPC Server handler 15 on default port 15001] WARN  node.SCMNodeManager (SCMNodeManager.java:getNodesByAddress(1373)) - Cannot find node for address 127.0.0.1
2023-07-13 06:11:16,889 [IPC Server handler 12 on default port 15001] WARN  node.SCMNodeManager (SCMNodeManager.java:getNodesByAddress(1373)) - Cannot find node for address 127.0.0.1
2023-07-13 06:11:16,891 [IPC Server handler 13 on default port 15001] WARN  node.SCMNodeManager (SCMNodeManager.java:getNodesByAddress(1373)) - Cannot find node for address 127.0.0.1
2023-07-13 06:11:16,892 [IPC Server handler 11 on default port 15001] WARN  node.SCMNodeManager (SCMNodeManager.java:getNodesByAddress(1373)) - Cannot find node for address 127.0.0.1
2023-07-13 06:11:16,894 [IPC Server handler 18 on default port 15001] WARN  node.SCMNodeManager (SCMNodeManager.java:getNodesByAddress(1373)) - Cannot find node for address 127.0.0.1
]]></system-out>
  </testcase>
  <testcase name="testMPUwithOnePart" classname="TestOzoneAtRestEncryption" time="0.525">
    <system-out><![CDATA[2023-07-13 06:11:47,181 [main] INFO  rpc.RpcClient (RpcClient.java:createVolume(460)) - Creating Volume: da4fe9a1-9aa2-4021-a248-0de00776dca0, with runner as owner and space quota set to -1 bytes, counts quota set to -1
2023-07-13 06:11:47,183 [OM StateMachine ApplyTransaction Thread - 0] INFO  volume.OMVolumeCreateRequest (OMVolumeCreateRequest.java:validateAndUpdateCache(196)) - created volume:da4fe9a1-9aa2-4021-a248-0de00776dca0 for user:runner
2023-07-13 06:11:47,186 [main] INFO  rpc.RpcClient (RpcClient.java:createBucket(687)) - Creating Bucket: da4fe9a1-9aa2-4021-a248-0de00776dca0/2e5b3fec-905b-499b-9245-ce7e4bbeffc7, with bucket layout OBJECT_STORE, runner as owner, Versioning false, Storage Type set to DISK and Encryption set to true, Replication Type set to server-side default replication type, Namespace Quota set to -1, Space Quota set to -1 
2023-07-13 06:11:47,188 [qtp1221433900-18] INFO  kms-audit (SimpleKMSAuditLogger.java:logAuditSimpleFormat(93)) - OK[op=GET_METADATA, key=key1, user=runner] 
2023-07-13 06:11:47,192 [OM StateMachine ApplyTransaction Thread - 0] INFO  bucket.OMBucketCreateRequest (OMBucketCreateRequest.java:validateAndUpdateCache(270)) - created bucket: 2e5b3fec-905b-499b-9245-ce7e4bbeffc7 of layout OBJECT_STORE in volume: da4fe9a1-9aa2-4021-a248-0de00776dca0
2023-07-13 06:11:47,339 [IPC Server handler 10 on default port 15001] WARN  node.SCMNodeManager (SCMNodeManager.java:getNodesByAddress(1373)) - Cannot find node for address 127.0.0.1
2023-07-13 06:11:47,340 [IPC Server handler 1 on default port 15001] WARN  node.SCMNodeManager (SCMNodeManager.java:getNodesByAddress(1373)) - Cannot find node for address 127.0.0.1
2023-07-13 06:11:47,341 [IPC Server handler 4 on default port 15001] WARN  node.SCMNodeManager (SCMNodeManager.java:getNodesByAddress(1373)) - Cannot find node for address 127.0.0.1
2023-07-13 06:11:47,342 [IPC Server handler 3 on default port 15001] WARN  node.SCMNodeManager (SCMNodeManager.java:getNodesByAddress(1373)) - Cannot find node for address 127.0.0.1
2023-07-13 06:11:47,343 [IPC Server handler 0 on default port 15001] WARN  node.SCMNodeManager (SCMNodeManager.java:getNodesByAddress(1373)) - Cannot find node for address 127.0.0.1
]]></system-out>
  </testcase>
  <testcase name="testLinkEncryptedBuckets" classname="TestOzoneAtRestEncryption" time="0.382">
    <system-out><![CDATA[2023-07-13 06:11:17,963 [main] INFO  rpc.RpcClient (RpcClient.java:createVolume(460)) - Creating Volume: f5da52ad-63b1-4acd-8e83-e7e1614bb031, with runner as owner and space quota set to -1 bytes, counts quota set to -1
2023-07-13 06:11:17,968 [OM StateMachine ApplyTransaction Thread - 0] INFO  volume.OMVolumeCreateRequest (OMVolumeCreateRequest.java:validateAndUpdateCache(196)) - created volume:f5da52ad-63b1-4acd-8e83-e7e1614bb031 for user:runner
2023-07-13 06:11:17,972 [main] INFO  rpc.RpcClient (RpcClient.java:createBucket(687)) - Creating Bucket: f5da52ad-63b1-4acd-8e83-e7e1614bb031/f71f3a17-0d58-4af1-9686-62063b0f0fce, with bucket layout FILE_SYSTEM_OPTIMIZED, runner as owner, Versioning false, Storage Type set to DISK and Encryption set to true, Replication Type set to server-side default replication type, Namespace Quota set to -1, Space Quota set to -1 
2023-07-13 06:11:17,976 [qtp1221433900-18] INFO  kms-audit (SimpleKMSAuditLogger.java:logAuditSimpleFormat(93)) - OK[op=GET_METADATA, key=key1, user=runner] 
2023-07-13 06:11:17,982 [OM StateMachine ApplyTransaction Thread - 0] INFO  bucket.OMBucketCreateRequest (OMBucketCreateRequest.java:validateAndUpdateCache(270)) - created bucket: f71f3a17-0d58-4af1-9686-62063b0f0fce of layout FILE_SYSTEM_OPTIMIZED in volume: f5da52ad-63b1-4acd-8e83-e7e1614bb031
2023-07-13 06:11:17,985 [main] INFO  rpc.RpcClient (RpcClient.java:createVolume(460)) - Creating Volume: 23bbd22f-1e8d-4f27-8da2-aee49c216f19, with runner as owner and space quota set to -1 bytes, counts quota set to -1
2023-07-13 06:11:17,988 [OM StateMachine ApplyTransaction Thread - 0] INFO  volume.OMVolumeCreateRequest (OMVolumeCreateRequest.java:validateAndUpdateCache(196)) - created volume:23bbd22f-1e8d-4f27-8da2-aee49c216f19 for user:runner
2023-07-13 06:11:17,991 [main] INFO  rpc.RpcClient (RpcClient.java:createBucket(687)) - Creating Bucket: 23bbd22f-1e8d-4f27-8da2-aee49c216f19/1996e9fe-ebad-47c5-834a-52e545204263, with bucket layout FILE_SYSTEM_OPTIMIZED, runner as owner, Versioning false, Storage Type set to DISK and Encryption set to false, Replication Type set to server-side default replication type, Namespace Quota set to -1, Space Quota set to -1 
2023-07-13 06:11:17,995 [OM StateMachine ApplyTransaction Thread - 0] INFO  bucket.OMBucketCreateRequest (OMBucketCreateRequest.java:validateAndUpdateCache(270)) - created bucket: 1996e9fe-ebad-47c5-834a-52e545204263 of layout FILE_SYSTEM_OPTIMIZED in volume: 23bbd22f-1e8d-4f27-8da2-aee49c216f19
2023-07-13 06:11:18,121 [IPC Server handler 10 on default port 15001] WARN  node.SCMNodeManager (SCMNodeManager.java:getNodesByAddress(1373)) - Cannot find node for address 127.0.0.1
2023-07-13 06:11:18,127 [IPC Server handler 1 on default port 15001] WARN  node.SCMNodeManager (SCMNodeManager.java:getNodesByAddress(1373)) - Cannot find node for address 127.0.0.1
2023-07-13 06:11:18,199 [main] INFO  client.DataStreamClient (ConfUtils.java:logGet(46)) - raft.datastream.type = NETTY (custom)
2023-07-13 06:11:18,199 [main] INFO  netty.NettyConfigKeys$DataStream (ConfUtils.java:logGet(46)) - raft.netty.dataStream.client.tls.conf = null (default)
2023-07-13 06:11:18,199 [main] INFO  netty.NettyConfigKeys$DataStream (ConfUtils.java:logGet(46)) - raft.netty.dataStream.client.reply.queue.grace-period = 1s (default)
2023-07-13 06:11:18,199 [main] INFO  netty.NettyConfigKeys$DataStream (ConfUtils.java:logGet(46)) - raft.netty.dataStream.client.worker-group.share = false (default)
2023-07-13 06:11:18,199 [main] INFO  netty.NettyConfigKeys$DataStream (ConfUtils.java:logGet(46)) - raft.netty.dataStream.client.worker-group.size = 4 (default)
2023-07-13 06:11:18,208 [a7e23495-4fba-47f2-ab25-3c088ebfd5ba-NettyServerStreamRpc-bossGroup--thread1] INFO  logging.LoggingHandler (AbstractInternalLogger.java:log(148)) - [id: 0x5d446133, L:/0:0:0:0:0:0:0:0:15096] READ: [id: 0x0981fad4, L:/10.1.0.28:15096 - R:/10.1.0.28:41428]
2023-07-13 06:11:18,209 [a7e23495-4fba-47f2-ab25-3c088ebfd5ba-NettyServerStreamRpc-bossGroup--thread1] INFO  logging.LoggingHandler (AbstractInternalLogger.java:log(148)) - [id: 0x5d446133, L:/0:0:0:0:0:0:0:0:15096] READ COMPLETE
2023-07-13 06:11:18,316 [IPC Server handler 3 on default port 15001] WARN  node.SCMNodeManager (SCMNodeManager.java:getNodesByAddress(1373)) - Cannot find node for address 127.0.0.1
2023-07-13 06:11:18,324 [IPC Server handler 0 on default port 15001] WARN  node.SCMNodeManager (SCMNodeManager.java:getNodesByAddress(1373)) - Cannot find node for address 127.0.0.1
]]></system-out>
  </testcase>
  <testcase name="testLinkEncryptedBuckets" classname="TestOzoneAtRestEncryption" time="0.144">
    <system-out><![CDATA[2023-07-13 06:11:47,711 [main] INFO  rpc.RpcClient (RpcClient.java:createVolume(460)) - Creating Volume: 58b8d9fd-2296-4795-8879-4bc6badc329c, with runner as owner and space quota set to -1 bytes, counts quota set to -1
2023-07-13 06:11:47,723 [OM StateMachine ApplyTransaction Thread - 0] INFO  volume.OMVolumeCreateRequest (OMVolumeCreateRequest.java:validateAndUpdateCache(196)) - created volume:58b8d9fd-2296-4795-8879-4bc6badc329c for user:runner
2023-07-13 06:11:47,726 [main] INFO  rpc.RpcClient (RpcClient.java:createBucket(687)) - Creating Bucket: 58b8d9fd-2296-4795-8879-4bc6badc329c/45c39ac4-292e-48a5-8e44-b7df520ceac0, with bucket layout OBJECT_STORE, runner as owner, Versioning false, Storage Type set to DISK and Encryption set to true, Replication Type set to server-side default replication type, Namespace Quota set to -1, Space Quota set to -1 
2023-07-13 06:11:47,729 [qtp1221433900-18] INFO  kms-audit (SimpleKMSAuditLogger.java:logAuditSimpleFormat(93)) - OK[op=GET_METADATA, key=key1, user=runner] 
2023-07-13 06:11:47,738 [OM StateMachine ApplyTransaction Thread - 0] INFO  bucket.OMBucketCreateRequest (OMBucketCreateRequest.java:validateAndUpdateCache(270)) - created bucket: 45c39ac4-292e-48a5-8e44-b7df520ceac0 of layout OBJECT_STORE in volume: 58b8d9fd-2296-4795-8879-4bc6badc329c
2023-07-13 06:11:47,741 [main] INFO  rpc.RpcClient (RpcClient.java:createVolume(460)) - Creating Volume: 7d502c54-24e5-4007-bdcd-f89a2a14ae9f, with runner as owner and space quota set to -1 bytes, counts quota set to -1
2023-07-13 06:11:47,744 [OM StateMachine ApplyTransaction Thread - 0] INFO  volume.OMVolumeCreateRequest (OMVolumeCreateRequest.java:validateAndUpdateCache(196)) - created volume:7d502c54-24e5-4007-bdcd-f89a2a14ae9f for user:runner
2023-07-13 06:11:47,748 [main] INFO  rpc.RpcClient (RpcClient.java:createBucket(687)) - Creating Bucket: 7d502c54-24e5-4007-bdcd-f89a2a14ae9f/1de169b6-fc29-4e86-9b0b-4f67b167b784, with bucket layout OBJECT_STORE, runner as owner, Versioning false, Storage Type set to DISK and Encryption set to false, Replication Type set to server-side default replication type, Namespace Quota set to -1, Space Quota set to -1 
2023-07-13 06:11:47,750 [OM StateMachine ApplyTransaction Thread - 0] INFO  bucket.OMBucketCreateRequest (OMBucketCreateRequest.java:validateAndUpdateCache(270)) - created bucket: 1de169b6-fc29-4e86-9b0b-4f67b167b784 of layout OBJECT_STORE in volume: 7d502c54-24e5-4007-bdcd-f89a2a14ae9f
2023-07-13 06:11:47,781 [IPC Server handler 5 on default port 15001] WARN  node.SCMNodeManager (SCMNodeManager.java:getNodesByAddress(1373)) - Cannot find node for address 127.0.0.1
2023-07-13 06:11:47,784 [IPC Server handler 7 on default port 15001] WARN  node.SCMNodeManager (SCMNodeManager.java:getNodesByAddress(1373)) - Cannot find node for address 127.0.0.1
2023-07-13 06:11:47,834 [IPC Server handler 17 on default port 15001] WARN  node.SCMNodeManager (SCMNodeManager.java:getNodesByAddress(1373)) - Cannot find node for address 127.0.0.1
2023-07-13 06:11:47,837 [IPC Server handler 12 on default port 15001] WARN  node.SCMNodeManager (SCMNodeManager.java:getNodesByAddress(1373)) - Cannot find node for address 127.0.0.1
]]></system-out>
  </testcase>
  <testcase name="testMPUwithTwoParts" classname="TestOzoneAtRestEncryption" time="2.523">
    <system-out><![CDATA[2023-07-13 06:11:18,347 [main] INFO  rpc.RpcClient (RpcClient.java:createVolume(460)) - Creating Volume: 3684fa1f-3c57-42ae-99ab-05ad0f625c07, with runner as owner and space quota set to -1 bytes, counts quota set to -1
2023-07-13 06:11:18,356 [OM StateMachine ApplyTransaction Thread - 0] INFO  volume.OMVolumeCreateRequest (OMVolumeCreateRequest.java:validateAndUpdateCache(196)) - created volume:3684fa1f-3c57-42ae-99ab-05ad0f625c07 for user:runner
2023-07-13 06:11:18,361 [main] INFO  rpc.RpcClient (RpcClient.java:createBucket(687)) - Creating Bucket: 3684fa1f-3c57-42ae-99ab-05ad0f625c07/c95b9eaf-de7f-471b-af57-dff6e1c6e6f9, with bucket layout FILE_SYSTEM_OPTIMIZED, runner as owner, Versioning false, Storage Type set to DISK and Encryption set to true, Replication Type set to server-side default replication type, Namespace Quota set to -1, Space Quota set to -1 
2023-07-13 06:11:18,364 [qtp1221433900-19] INFO  kms-audit (SimpleKMSAuditLogger.java:logAuditSimpleFormat(93)) - OK[op=GET_METADATA, key=key1, user=runner] 
2023-07-13 06:11:18,368 [OM StateMachine ApplyTransaction Thread - 0] INFO  bucket.OMBucketCreateRequest (OMBucketCreateRequest.java:validateAndUpdateCache(270)) - created bucket: c95b9eaf-de7f-471b-af57-dff6e1c6e6f9 of layout FILE_SYSTEM_OPTIMIZED in volume: 3684fa1f-3c57-42ae-99ab-05ad0f625c07
2023-07-13 06:11:19,339 [OM StateMachine ApplyTransaction Thread - 0] DEBUG db.CodecBuffer (CodecBuffer.java:setCapacity(212)) - setCapacity: 4096 -> 10897, max=2147483647
2023-07-13 06:11:19,357 [IPC Server handler 6 on default port 15001] WARN  node.SCMNodeManager (SCMNodeManager.java:getNodesByAddress(1373)) - Cannot find node for address 127.0.0.1
2023-07-13 06:11:19,358 [IPC Server handler 5 on default port 15001] WARN  node.SCMNodeManager (SCMNodeManager.java:getNodesByAddress(1373)) - Cannot find node for address 127.0.0.1
2023-07-13 06:11:19,360 [IPC Server handler 14 on default port 15001] WARN  node.SCMNodeManager (SCMNodeManager.java:getNodesByAddress(1373)) - Cannot find node for address 127.0.0.1
2023-07-13 06:11:19,361 [IPC Server handler 7 on default port 15001] WARN  node.SCMNodeManager (SCMNodeManager.java:getNodesByAddress(1373)) - Cannot find node for address 127.0.0.1
2023-07-13 06:11:19,362 [IPC Server handler 19 on default port 15001] WARN  node.SCMNodeManager (SCMNodeManager.java:getNodesByAddress(1373)) - Cannot find node for address 127.0.0.1
2023-07-13 06:11:19,363 [IPC Server handler 17 on default port 15001] WARN  node.SCMNodeManager (SCMNodeManager.java:getNodesByAddress(1373)) - Cannot find node for address 127.0.0.1
]]></system-out>
  </testcase>
  <testcase name="testMPUwithTwoParts" classname="TestOzoneAtRestEncryption" time="1.139">
    <system-out><![CDATA[2023-07-13 06:11:47,852 [main] INFO  rpc.RpcClient (RpcClient.java:createVolume(460)) - Creating Volume: 9a6b7261-df40-49ba-a2e4-0da1b9c0ac2b, with runner as owner and space quota set to -1 bytes, counts quota set to -1
2023-07-13 06:11:47,854 [OM StateMachine ApplyTransaction Thread - 0] INFO  volume.OMVolumeCreateRequest (OMVolumeCreateRequest.java:validateAndUpdateCache(196)) - created volume:9a6b7261-df40-49ba-a2e4-0da1b9c0ac2b for user:runner
2023-07-13 06:11:47,857 [main] INFO  rpc.RpcClient (RpcClient.java:createBucket(687)) - Creating Bucket: 9a6b7261-df40-49ba-a2e4-0da1b9c0ac2b/fa9979f7-d115-4bd6-a782-7c033e5289bc, with bucket layout OBJECT_STORE, runner as owner, Versioning false, Storage Type set to DISK and Encryption set to true, Replication Type set to server-side default replication type, Namespace Quota set to -1, Space Quota set to -1 
2023-07-13 06:11:47,860 [qtp1221433900-18] INFO  kms-audit (SimpleKMSAuditLogger.java:logAuditSimpleFormat(93)) - OK[op=GET_METADATA, key=key1, user=runner] 
2023-07-13 06:11:47,864 [OM StateMachine ApplyTransaction Thread - 0] INFO  bucket.OMBucketCreateRequest (OMBucketCreateRequest.java:validateAndUpdateCache(270)) - created bucket: fa9979f7-d115-4bd6-a782-7c033e5289bc of layout OBJECT_STORE in volume: 9a6b7261-df40-49ba-a2e4-0da1b9c0ac2b
2023-07-13 06:11:48,255 [OM StateMachine ApplyTransaction Thread - 0] DEBUG db.CodecBuffer (CodecBuffer.java:setCapacity(212)) - setCapacity: 4096 -> 10915, max=2147483647
2023-07-13 06:11:48,260 [IPC Server handler 6 on default port 15001] WARN  node.SCMNodeManager (SCMNodeManager.java:getNodesByAddress(1373)) - Cannot find node for address 127.0.0.1
2023-07-13 06:11:48,260 [IPC Server handler 5 on default port 15001] WARN  node.SCMNodeManager (SCMNodeManager.java:getNodesByAddress(1373)) - Cannot find node for address 127.0.0.1
2023-07-13 06:11:48,261 [IPC Server handler 7 on default port 15001] WARN  node.SCMNodeManager (SCMNodeManager.java:getNodesByAddress(1373)) - Cannot find node for address 127.0.0.1
2023-07-13 06:11:48,262 [IPC Server handler 19 on default port 15001] WARN  node.SCMNodeManager (SCMNodeManager.java:getNodesByAddress(1373)) - Cannot find node for address 127.0.0.1
2023-07-13 06:11:48,262 [IPC Server handler 17 on default port 15001] WARN  node.SCMNodeManager (SCMNodeManager.java:getNodesByAddress(1373)) - Cannot find node for address 127.0.0.1
2023-07-13 06:11:48,263 [IPC Server handler 12 on default port 15001] WARN  node.SCMNodeManager (SCMNodeManager.java:getNodesByAddress(1373)) - Cannot find node for address 127.0.0.1
2023-07-13 06:11:48,264 [IPC Server handler 15 on default port 15001] WARN  node.SCMNodeManager (SCMNodeManager.java:getNodesByAddress(1373)) - Cannot find node for address 127.0.0.1
2023-07-13 06:11:48,264 [IPC Server handler 16 on default port 15001] WARN  node.SCMNodeManager (SCMNodeManager.java:getNodesByAddress(1373)) - Cannot find node for address 127.0.0.1
2023-07-13 06:11:48,265 [IPC Server handler 13 on default port 15001] WARN  node.SCMNodeManager (SCMNodeManager.java:getNodesByAddress(1373)) - Cannot find node for address 127.0.0.1
]]></system-out>
  </testcase>
  <testcase name="testGetKeyProvider" classname="TestOzoneAtRestEncryption" time="2.384"/>
  <testcase name="testGetKeyProvider" classname="TestOzoneAtRestEncryption" time="0.2"/>
  <testcase name="testMPUwithOneStreamPart" classname="TestOzoneAtRestEncryption" time="4.208">
    <system-out><![CDATA[2023-07-13 06:11:23,257 [main] INFO  rpc.RpcClient (RpcClient.java:createVolume(460)) - Creating Volume: 7c2bdb54-caf2-443a-93f2-48b17a6b91f8, with runner as owner and space quota set to -1 bytes, counts quota set to -1
2023-07-13 06:11:23,264 [OM StateMachine ApplyTransaction Thread - 0] INFO  volume.OMVolumeCreateRequest (OMVolumeCreateRequest.java:validateAndUpdateCache(196)) - created volume:7c2bdb54-caf2-443a-93f2-48b17a6b91f8 for user:runner
2023-07-13 06:11:23,275 [main] INFO  rpc.RpcClient (RpcClient.java:createBucket(687)) - Creating Bucket: 7c2bdb54-caf2-443a-93f2-48b17a6b91f8/5ce053d1-ed56-45c6-a1c5-0f55d98e8cdb, with bucket layout FILE_SYSTEM_OPTIMIZED, runner as owner, Versioning false, Storage Type set to DISK and Encryption set to true, Replication Type set to server-side default replication type, Namespace Quota set to -1, Space Quota set to -1 
2023-07-13 06:11:23,282 [qtp1221433900-18] INFO  kms-audit (SimpleKMSAuditLogger.java:logAuditSimpleFormat(93)) - OK[op=GET_METADATA, key=key1, user=runner] 
2023-07-13 06:11:23,291 [OM StateMachine ApplyTransaction Thread - 0] INFO  bucket.OMBucketCreateRequest (OMBucketCreateRequest.java:validateAndUpdateCache(270)) - created bucket: 5ce053d1-ed56-45c6-a1c5-0f55d98e8cdb of layout FILE_SYSTEM_OPTIMIZED in volume: 7c2bdb54-caf2-443a-93f2-48b17a6b91f8
2023-07-13 06:11:23,412 [qtp1221433900-18] ERROR generators.WadlGeneratorJAXBGrammarGenerator (WadlGeneratorJAXBGrammarGenerator.java:buildModelAndSchemas(207)) - Failed to generate the schema for the JAX-B elements
com.sun.xml.bind.v2.runtime.IllegalAnnotationsException: 1 counts of IllegalAnnotationExceptions
java.util.Map is an interface, and JAXB can't handle interfaces.
	this problem is related to the following location:
		at java.util.Map

	at com.sun.xml.bind.v2.runtime.IllegalAnnotationsException$Builder.check(IllegalAnnotationsException.java:106)
	at com.sun.xml.bind.v2.runtime.JAXBContextImpl.getTypeInfoSet(JAXBContextImpl.java:471)
	at com.sun.xml.bind.v2.runtime.JAXBContextImpl.<init>(JAXBContextImpl.java:303)
	at com.sun.xml.bind.v2.runtime.JAXBContextImpl.<init>(JAXBContextImpl.java:139)
	at com.sun.xml.bind.v2.runtime.JAXBContextImpl$JAXBContextBuilder.build(JAXBContextImpl.java:1156)
	at com.sun.xml.bind.v2.ContextFactory.createContext(ContextFactory.java:165)
	at sun.reflect.NativeMethodAccessorImpl.invoke0(Native Method)
	at sun.reflect.NativeMethodAccessorImpl.invoke(NativeMethodAccessorImpl.java:62)
	at sun.reflect.DelegatingMethodAccessorImpl.invoke(DelegatingMethodAccessorImpl.java:43)
	at java.lang.reflect.Method.invoke(Method.java:498)
	at javax.xml.bind.ContextFinder.newInstance(ContextFinder.java:247)
	at javax.xml.bind.ContextFinder.newInstance(ContextFinder.java:234)
	at javax.xml.bind.ContextFinder.find(ContextFinder.java:441)
	at javax.xml.bind.JAXBContext.newInstance(JAXBContext.java:641)
	at javax.xml.bind.JAXBContext.newInstance(JAXBContext.java:584)
	at com.sun.jersey.server.wadl.generators.WadlGeneratorJAXBGrammarGenerator.buildModelAndSchemas(WadlGeneratorJAXBGrammarGenerator.java:169)
	at com.sun.jersey.server.wadl.generators.AbstractWadlGeneratorGrammarGenerator.createExternalGrammar(AbstractWadlGeneratorGrammarGenerator.java:405)
	at com.sun.jersey.server.wadl.WadlBuilder.generate(WadlBuilder.java:149)
	at com.sun.jersey.server.impl.wadl.WadlApplicationContextImpl.getApplication(WadlApplicationContextImpl.java:119)
	at com.sun.jersey.server.impl.wadl.WadlApplicationContextImpl.getApplication(WadlApplicationContextImpl.java:138)
	at com.sun.jersey.server.impl.wadl.WadlMethodFactory$WadlOptionsMethodDispatcher.dispatch(WadlMethodFactory.java:110)
	at com.sun.jersey.server.impl.uri.rules.HttpMethodRule.accept(HttpMethodRule.java:302)
	at com.sun.jersey.server.impl.uri.rules.RightHandPathRule.accept(RightHandPathRule.java:147)
	at com.sun.jersey.server.impl.uri.rules.ResourceClassRule.accept(ResourceClassRule.java:108)
	at com.sun.jersey.server.impl.uri.rules.RightHandPathRule.accept(RightHandPathRule.java:147)
	at com.sun.jersey.server.impl.uri.rules.RootResourceClassesRule.accept(RootResourceClassesRule.java:84)
	at com.sun.jersey.server.impl.application.WebApplicationImpl._handleRequest(WebApplicationImpl.java:1542)
	at com.sun.jersey.server.impl.application.WebApplicationImpl._handleRequest(WebApplicationImpl.java:1473)
	at com.sun.jersey.server.impl.application.WebApplicationImpl.handleRequest(WebApplicationImpl.java:1419)
	at com.sun.jersey.server.impl.application.WebApplicationImpl.handleRequest(WebApplicationImpl.java:1409)
	at com.sun.jersey.spi.container.servlet.WebComponent.service(WebComponent.java:409)
	at com.sun.jersey.spi.container.servlet.ServletContainer.service(ServletContainer.java:558)
	at com.sun.jersey.spi.container.servlet.ServletContainer.service(ServletContainer.java:733)
	at javax.servlet.http.HttpServlet.service(HttpServlet.java:590)
	at org.eclipse.jetty.servlet.ServletHolder$NotAsync.service(ServletHolder.java:1459)
	at org.eclipse.jetty.servlet.ServletHolder.handle(ServletHolder.java:799)
	at org.eclipse.jetty.servlet.ServletHandler$ChainEnd.doFilter(ServletHandler.java:1656)
	at org.apache.hadoop.crypto.key.kms.server.KMSMDCFilter.doFilter(KMSMDCFilter.java:98)
	at org.eclipse.jetty.servlet.FilterHolder.doFilter(FilterHolder.java:193)
	at org.eclipse.jetty.servlet.ServletHandler$Chain.doFilter(ServletHandler.java:1626)
	at org.apache.hadoop.security.authentication.server.AuthenticationFilter.doFilter(AuthenticationFilter.java:650)
	at org.apache.hadoop.security.token.delegation.web.DelegationTokenAuthenticationFilter.doFilter(DelegationTokenAuthenticationFilter.java:305)
	at org.apache.hadoop.security.authentication.server.AuthenticationFilter.doFilter(AuthenticationFilter.java:592)
	at org.apache.hadoop.crypto.key.kms.server.KMSAuthenticationFilter.doFilter(KMSAuthenticationFilter.java:162)
	at org.eclipse.jetty.servlet.FilterHolder.doFilter(FilterHolder.java:201)
	at org.eclipse.jetty.servlet.ServletHandler$Chain.doFilter(ServletHandler.java:1626)
	at org.apache.hadoop.http.lib.StaticUserWebFilter$StaticUserFilter.doFilter(StaticUserWebFilter.java:110)
	at org.eclipse.jetty.servlet.FilterHolder.doFilter(FilterHolder.java:193)
	at org.eclipse.jetty.servlet.ServletHandler$Chain.doFilter(ServletHandler.java:1626)
	at org.apache.hadoop.http.HttpServer2$QuotingInputFilter.doFilter(HttpServer2.java:1794)
	at org.eclipse.jetty.servlet.FilterHolder.doFilter(FilterHolder.java:193)
	at org.eclipse.jetty.servlet.ServletHandler$Chain.doFilter(ServletHandler.java:1626)
	at org.apache.hadoop.http.NoCacheFilter.doFilter(NoCacheFilter.java:45)
	at org.eclipse.jetty.servlet.FilterHolder.doFilter(FilterHolder.java:193)
	at org.eclipse.jetty.servlet.ServletHandler$Chain.doFilter(ServletHandler.java:1626)
	at org.eclipse.jetty.servlet.ServletHandler.doHandle(ServletHandler.java:552)
	at org.eclipse.jetty.server.handler.ScopedHandler.handle(ScopedHandler.java:143)
	at org.eclipse.jetty.security.SecurityHandler.handle(SecurityHandler.java:600)
	at org.eclipse.jetty.server.handler.HandlerWrapper.handle(HandlerWrapper.java:127)
	at org.eclipse.jetty.server.handler.ScopedHandler.nextHandle(ScopedHandler.java:235)
	at org.eclipse.jetty.server.session.SessionHandler.doHandle(SessionHandler.java:1624)
	at org.eclipse.jetty.server.handler.ScopedHandler.nextHandle(ScopedHandler.java:233)
	at org.eclipse.jetty.server.handler.ContextHandler.doHandle(ContextHandler.java:1440)
	at org.eclipse.jetty.server.handler.ScopedHandler.nextScope(ScopedHandler.java:188)
	at org.eclipse.jetty.servlet.ServletHandler.doScope(ServletHandler.java:505)
	at org.eclipse.jetty.server.session.SessionHandler.doScope(SessionHandler.java:1594)
	at org.eclipse.jetty.server.handler.ScopedHandler.nextScope(ScopedHandler.java:186)
	at org.eclipse.jetty.server.handler.ContextHandler.doScope(ContextHandler.java:1355)
	at org.eclipse.jetty.server.handler.ScopedHandler.handle(ScopedHandler.java:141)
	at org.eclipse.jetty.server.handler.HandlerCollection.handle(HandlerCollection.java:146)
	at org.eclipse.jetty.server.handler.HandlerWrapper.handle(HandlerWrapper.java:127)
	at org.eclipse.jetty.server.Server.handle(Server.java:512)
	at org.eclipse.jetty.server.HttpChannel.lambda$handle$1(HttpChannel.java:487)
	at org.eclipse.jetty.server.HttpChannel.dispatch(HttpChannel.java:732)
	at org.eclipse.jetty.server.HttpChannel.handle(HttpChannel.java:479)
	at org.eclipse.jetty.server.HttpConnection.onFillable(HttpConnection.java:277)
	at org.eclipse.jetty.io.AbstractConnection$ReadCallback.succeeded(AbstractConnection.java:311)
	at org.eclipse.jetty.io.FillInterest.fillable(FillInterest.java:105)
	at org.eclipse.jetty.io.ChannelEndPoint$1.run(ChannelEndPoint.java:104)
	at org.eclipse.jetty.util.thread.strategy.EatWhatYouKill.runTask(EatWhatYouKill.java:338)
	at org.eclipse.jetty.util.thread.strategy.EatWhatYouKill.doProduce(EatWhatYouKill.java:315)
	at org.eclipse.jetty.util.thread.strategy.EatWhatYouKill.tryProduce(EatWhatYouKill.java:173)
	at org.eclipse.jetty.util.thread.strategy.EatWhatYouKill.run(EatWhatYouKill.java:131)
	at org.eclipse.jetty.util.thread.ReservedThreadExecutor$ReservedThread.run(ReservedThreadExecutor.java:409)
	at org.eclipse.jetty.util.thread.QueuedThreadPool.runJob(QueuedThreadPool.java:883)
	at org.eclipse.jetty.util.thread.QueuedThreadPool$Runner.run(QueuedThreadPool.java:1034)
	at java.lang.Thread.run(Thread.java:750)
2023-07-13 06:11:23,415 [qtp1221433900-18] INFO  generators.AbstractWadlGeneratorGrammarGenerator (AbstractWadlGeneratorGrammarGenerator.java:attachTypes(479)) - Couldn't find grammar element for class javax.ws.rs.core.Response
2023-07-13 06:11:23,415 [qtp1221433900-18] INFO  generators.AbstractWadlGeneratorGrammarGenerator (AbstractWadlGeneratorGrammarGenerator.java:attachTypes(479)) - Couldn't find grammar element for class javax.ws.rs.core.Response
2023-07-13 06:11:23,416 [qtp1221433900-18] INFO  generators.AbstractWadlGeneratorGrammarGenerator (AbstractWadlGeneratorGrammarGenerator.java:attachTypes(479)) - Couldn't find grammar element for class java.util.Map
2023-07-13 06:11:23,416 [qtp1221433900-18] INFO  generators.AbstractWadlGeneratorGrammarGenerator (AbstractWadlGeneratorGrammarGenerator.java:attachTypes(479)) - Couldn't find grammar element for class java.util.Map
2023-07-13 06:11:23,416 [qtp1221433900-18] INFO  generators.AbstractWadlGeneratorGrammarGenerator (AbstractWadlGeneratorGrammarGenerator.java:attachTypes(479)) - Couldn't find grammar element for class javax.ws.rs.core.Response
2023-07-13 06:11:23,418 [qtp1221433900-18] INFO  generators.AbstractWadlGeneratorGrammarGenerator (AbstractWadlGeneratorGrammarGenerator.java:attachTypes(479)) - Couldn't find grammar element for class java.util.Map
2023-07-13 06:11:23,418 [qtp1221433900-18] INFO  generators.AbstractWadlGeneratorGrammarGenerator (AbstractWadlGeneratorGrammarGenerator.java:attachTypes(479)) - Couldn't find grammar element for class java.util.Map
2023-07-13 06:11:23,419 [qtp1221433900-18] INFO  generators.AbstractWadlGeneratorGrammarGenerator (AbstractWadlGeneratorGrammarGenerator.java:attachTypes(479)) - Couldn't find grammar element for class java.util.Map
2023-07-13 06:11:23,467 [main] INFO  client.DataStreamClient (ConfUtils.java:logGet(46)) - raft.datastream.type = NETTY (custom)
2023-07-13 06:11:23,467 [main] INFO  netty.NettyConfigKeys$DataStream (ConfUtils.java:logGet(46)) - raft.netty.dataStream.client.tls.conf = null (default)
2023-07-13 06:11:23,468 [main] INFO  netty.NettyConfigKeys$DataStream (ConfUtils.java:logGet(46)) - raft.netty.dataStream.client.reply.queue.grace-period = 1s (default)
2023-07-13 06:11:23,469 [main] INFO  netty.NettyConfigKeys$DataStream (ConfUtils.java:logGet(46)) - raft.netty.dataStream.client.worker-group.share = false (default)
2023-07-13 06:11:23,469 [main] INFO  netty.NettyConfigKeys$DataStream (ConfUtils.java:logGet(46)) - raft.netty.dataStream.client.worker-group.size = 4 (default)
2023-07-13 06:11:23,475 [4d503614-acf7-4d3e-bd56-c00356288aee-NettyServerStreamRpc-bossGroup--thread1] INFO  logging.LoggingHandler (AbstractInternalLogger.java:log(148)) - [id: 0x543f49cf, L:/0:0:0:0:0:0:0:0:15051] READ: [id: 0x717ae2be, L:/10.1.0.28:15051 - R:/10.1.0.28:54222]
2023-07-13 06:11:23,484 [4d503614-acf7-4d3e-bd56-c00356288aee-NettyServerStreamRpc-bossGroup--thread1] INFO  logging.LoggingHandler (AbstractInternalLogger.java:log(148)) - [id: 0x543f49cf, L:/0:0:0:0:0:0:0:0:15051] READ COMPLETE
2023-07-13 06:11:24,313 [main] INFO  client.DataStreamClient (ConfUtils.java:logGet(46)) - raft.datastream.type = NETTY (custom)
2023-07-13 06:11:24,314 [main] INFO  netty.NettyConfigKeys$DataStream (ConfUtils.java:logGet(46)) - raft.netty.dataStream.client.tls.conf = null (default)
2023-07-13 06:11:24,315 [main] INFO  netty.NettyConfigKeys$DataStream (ConfUtils.java:logGet(46)) - raft.netty.dataStream.client.reply.queue.grace-period = 1s (default)
2023-07-13 06:11:24,316 [main] INFO  netty.NettyConfigKeys$DataStream (ConfUtils.java:logGet(46)) - raft.netty.dataStream.client.worker-group.share = false (default)
2023-07-13 06:11:24,316 [main] INFO  netty.NettyConfigKeys$DataStream (ConfUtils.java:logGet(46)) - raft.netty.dataStream.client.worker-group.size = 4 (default)
2023-07-13 06:11:24,328 [d12304a5-d481-4f9e-9203-502383e83214-NettyServerStreamRpc-bossGroup--thread1] INFO  logging.LoggingHandler (AbstractInternalLogger.java:log(148)) - [id: 0xb06332af, L:/0:0:0:0:0:0:0:0:15087] READ: [id: 0x1bb7b568, L:/10.1.0.28:15087 - R:/10.1.0.28:56536]
2023-07-13 06:11:24,332 [d12304a5-d481-4f9e-9203-502383e83214-NettyServerStreamRpc-bossGroup--thread1] INFO  logging.LoggingHandler (AbstractInternalLogger.java:log(148)) - [id: 0xb06332af, L:/0:0:0:0:0:0:0:0:15087] READ COMPLETE
2023-07-13 06:11:24,521 [kms-audit_thread] INFO  kms-audit (SimpleKMSAuditLogger.java:logAuditEvent(59)) - OK[op=GENERATE_EEK, key=key1, user=runner, accessCount=2, interval=10348ms] 
2023-07-13 06:11:24,606 [main] INFO  client.DataStreamClient (ConfUtils.java:logGet(46)) - raft.datastream.type = NETTY (custom)
2023-07-13 06:11:24,607 [main] INFO  netty.NettyConfigKeys$DataStream (ConfUtils.java:logGet(46)) - raft.netty.dataStream.client.tls.conf = null (default)
2023-07-13 06:11:24,608 [main] INFO  netty.NettyConfigKeys$DataStream (ConfUtils.java:logGet(46)) - raft.netty.dataStream.client.reply.queue.grace-period = 1s (default)
2023-07-13 06:11:24,608 [main] INFO  netty.NettyConfigKeys$DataStream (ConfUtils.java:logGet(46)) - raft.netty.dataStream.client.worker-group.share = false (default)
2023-07-13 06:11:24,609 [main] INFO  netty.NettyConfigKeys$DataStream (ConfUtils.java:logGet(46)) - raft.netty.dataStream.client.worker-group.size = 4 (default)
2023-07-13 06:11:24,617 [eb0edd12-afad-4318-b446-71865e03089a-NettyServerStreamRpc-bossGroup--thread1] INFO  logging.LoggingHandler (AbstractInternalLogger.java:log(148)) - [id: 0x25ff2d4d, L:/0:0:0:0:0:0:0:0:15042] READ: [id: 0x92bce7d9, L:/10.1.0.28:15042 - R:/10.1.0.28:50220]
2023-07-13 06:11:24,618 [eb0edd12-afad-4318-b446-71865e03089a-NettyServerStreamRpc-bossGroup--thread1] INFO  logging.LoggingHandler (AbstractInternalLogger.java:log(148)) - [id: 0x25ff2d4d, L:/0:0:0:0:0:0:0:0:15042] READ COMPLETE
2023-07-13 06:11:24,925 [main] INFO  client.DataStreamClient (ConfUtils.java:logGet(46)) - raft.datastream.type = NETTY (custom)
2023-07-13 06:11:24,926 [main] INFO  netty.NettyConfigKeys$DataStream (ConfUtils.java:logGet(46)) - raft.netty.dataStream.client.tls.conf = null (default)
2023-07-13 06:11:24,926 [main] INFO  netty.NettyConfigKeys$DataStream (ConfUtils.java:logGet(46)) - raft.netty.dataStream.client.reply.queue.grace-period = 1s (default)
2023-07-13 06:11:24,927 [main] INFO  netty.NettyConfigKeys$DataStream (ConfUtils.java:logGet(46)) - raft.netty.dataStream.client.worker-group.share = false (default)
2023-07-13 06:11:24,927 [main] INFO  netty.NettyConfigKeys$DataStream (ConfUtils.java:logGet(46)) - raft.netty.dataStream.client.worker-group.size = 4 (default)
2023-07-13 06:11:24,948 [892099fe-78a6-4491-a754-7c56149f1c99-NettyServerStreamRpc-bossGroup--thread1] INFO  logging.LoggingHandler (AbstractInternalLogger.java:log(148)) - [id: 0x24f425de, L:/0:0:0:0:0:0:0:0:15060] READ: [id: 0xacd901f2, L:/10.1.0.28:15060 - R:/10.1.0.28:48990]
2023-07-13 06:11:24,950 [892099fe-78a6-4491-a754-7c56149f1c99-NettyServerStreamRpc-bossGroup--thread1] INFO  logging.LoggingHandler (AbstractInternalLogger.java:log(148)) - [id: 0x24f425de, L:/0:0:0:0:0:0:0:0:15060] READ COMPLETE
2023-07-13 06:11:25,113 [IPC Server handler 3 on default port 15001] WARN  node.SCMNodeManager (SCMNodeManager.java:getNodesByAddress(1373)) - Cannot find node for address 127.0.0.1
2023-07-13 06:11:25,122 [IPC Server handler 0 on default port 15001] WARN  node.SCMNodeManager (SCMNodeManager.java:getNodesByAddress(1373)) - Cannot find node for address 127.0.0.1
2023-07-13 06:11:25,123 [IPC Server handler 8 on default port 15001] WARN  node.SCMNodeManager (SCMNodeManager.java:getNodesByAddress(1373)) - Cannot find node for address 127.0.0.1
2023-07-13 06:11:25,124 [IPC Server handler 9 on default port 15001] WARN  node.SCMNodeManager (SCMNodeManager.java:getNodesByAddress(1373)) - Cannot find node for address 127.0.0.1
2023-07-13 06:11:25,140 [qtp1221433900-18] INFO  kms-audit (SimpleKMSAuditLogger.java:logAuditEvent(59)) - OK[op=DECRYPT_EEK, key=key1, user=runner, accessCount=14, interval=10224ms] 
2023-07-13 06:11:25,144 [qtp1221433900-18] INFO  kms-audit (SimpleKMSAuditLogger.java:logAuditEvent(59)) - OK[op=DECRYPT_EEK, key=key1, user=runner, accessCount=1, interval=4ms] 
]]></system-out>
  </testcase>
  <testcase name="testMPUwithOneStreamPart" classname="TestOzoneAtRestEncryption" time="0.68">
    <error type="org.apache.hadoop.hdds.scm.container.common.helpers.StorageContainerException"><![CDATA[org.apache.hadoop.hdds.scm.container.common.helpers.StorageContainerException: Unable to find the block with bcsID 271 .Container 5 bcsId is 269.
	at org.apache.hadoop.hdds.scm.storage.ContainerProtocolCalls.validateContainerResponse(ContainerProtocolCalls.java:707)
	at org.apache.hadoop.hdds.scm.storage.ContainerProtocolCalls.lambda$createValidators$4(ContainerProtocolCalls.java:718)
	at org.apache.hadoop.hdds.scm.XceiverClientGrpc.sendCommandWithRetry(XceiverClientGrpc.java:407)
	at org.apache.hadoop.hdds.scm.XceiverClientGrpc.lambda$sendCommandWithTraceIDAndRetry$0(XceiverClientGrpc.java:347)
	at org.apache.hadoop.hdds.tracing.TracingUtil.executeInSpan(TracingUtil.java:169)
	at org.apache.hadoop.hdds.tracing.TracingUtil.executeInNewSpan(TracingUtil.java:149)
	at org.apache.hadoop.hdds.scm.XceiverClientGrpc.sendCommandWithTraceIDAndRetry(XceiverClientGrpc.java:342)
	at org.apache.hadoop.hdds.scm.XceiverClientGrpc.sendCommand(XceiverClientGrpc.java:323)
	at org.apache.hadoop.hdds.scm.storage.ContainerProtocolCalls.getBlock(ContainerProtocolCalls.java:208)
	at org.apache.hadoop.hdds.scm.storage.ContainerProtocolCalls.lambda$getBlock$0(ContainerProtocolCalls.java:186)
	at org.apache.hadoop.hdds.scm.storage.ContainerProtocolCalls.tryEachDatanode(ContainerProtocolCalls.java:146)
	at org.apache.hadoop.hdds.scm.storage.ContainerProtocolCalls.getBlock(ContainerProtocolCalls.java:185)
	at org.apache.hadoop.hdds.scm.storage.BlockInputStream.getChunkInfos(BlockInputStream.java:255)
	at org.apache.hadoop.hdds.scm.storage.BlockInputStream.initialize(BlockInputStream.java:146)
	at org.apache.hadoop.hdds.scm.storage.BlockInputStream.readWithStrategy(BlockInputStream.java:308)
	at org.apache.hadoop.hdds.scm.storage.ExtendedInputStream.read(ExtendedInputStream.java:66)
	at org.apache.hadoop.hdds.scm.storage.ByteBufferReader.readFromBlock(ByteBufferReader.java:56)
	at org.apache.hadoop.hdds.scm.storage.MultipartInputStream.readWithStrategy(MultipartInputStream.java:96)
	at org.apache.hadoop.hdds.scm.storage.ExtendedInputStream.read(ExtendedInputStream.java:66)
	at org.apache.hadoop.crypto.CryptoInputStream.read(CryptoInputStream.java:203)
	at org.apache.hadoop.ozone.client.io.OzoneCryptoInputStream.read(OzoneCryptoInputStream.java:130)
	at org.apache.hadoop.hdds.scm.storage.ByteArrayReader.readFromBlock(ByteArrayReader.java:57)
	at org.apache.hadoop.hdds.scm.storage.MultipartInputStream.readWithStrategy(MultipartInputStream.java:96)
	at org.apache.hadoop.hdds.scm.storage.ExtendedInputStream.read(ExtendedInputStream.java:56)
	at org.apache.hadoop.ozone.client.io.OzoneInputStream.read(OzoneInputStream.java:56)
	at org.apache.hadoop.ozone.client.rpc.TestOzoneAtRestEncryption.testMultipartUploadWithEncryption(TestOzoneAtRestEncryption.java:567)
	at org.apache.hadoop.ozone.client.rpc.TestOzoneAtRestEncryption.testMPUwithOneStreamPart(TestOzoneAtRestEncryption.java:474)
	at sun.reflect.NativeMethodAccessorImpl.invoke0(Native Method)
	at sun.reflect.NativeMethodAccessorImpl.invoke(NativeMethodAccessorImpl.java:62)
	at sun.reflect.DelegatingMethodAccessorImpl.invoke(DelegatingMethodAccessorImpl.java:43)
	at java.lang.reflect.Method.invoke(Method.java:498)
	at org.junit.runners.model.FrameworkMethod$1.runReflectiveCall(FrameworkMethod.java:59)
	at org.junit.internal.runners.model.ReflectiveCallable.run(ReflectiveCallable.java:12)
	at org.junit.runners.model.FrameworkMethod.invokeExplosively(FrameworkMethod.java:56)
	at org.junit.internal.runners.statements.InvokeMethod.evaluate(InvokeMethod.java:17)
	at org.junit.runners.ParentRunner$3.evaluate(ParentRunner.java:306)
	at org.junit.runners.BlockJUnit4ClassRunner$1.evaluate(BlockJUnit4ClassRunner.java:100)
	at org.junit.runners.ParentRunner.runLeaf(ParentRunner.java:366)
	at org.junit.runners.BlockJUnit4ClassRunner.runChild(BlockJUnit4ClassRunner.java:103)
	at org.junit.runners.BlockJUnit4ClassRunner.runChild(BlockJUnit4ClassRunner.java:63)
	at org.junit.runners.ParentRunner$4.run(ParentRunner.java:331)
	at org.junit.runners.ParentRunner$1.schedule(ParentRunner.java:79)
	at org.junit.runners.ParentRunner.runChildren(ParentRunner.java:329)
	at org.junit.runners.ParentRunner.access$100(ParentRunner.java:66)
	at org.junit.runners.ParentRunner$2.evaluate(ParentRunner.java:293)
	at org.junit.runners.ParentRunner.run(ParentRunner.java:413)
	at org.junit.runners.Suite.runChild(Suite.java:128)
	at org.junit.runners.Suite.runChild(Suite.java:27)
	at org.junit.runners.ParentRunner$4.run(ParentRunner.java:331)
	at org.junit.runners.ParentRunner$1.schedule(ParentRunner.java:79)
	at org.junit.runners.ParentRunner.runChildren(ParentRunner.java:329)
	at org.junit.runners.ParentRunner.access$100(ParentRunner.java:66)
	at org.junit.runners.ParentRunner$2.evaluate(ParentRunner.java:293)
	at org.junit.internal.runners.statements.RunBefores.evaluate(RunBefores.java:26)
	at org.junit.internal.runners.statements.RunAfters.evaluate(RunAfters.java:27)
	at org.junit.runners.ParentRunner$3.evaluate(ParentRunner.java:306)
	at org.junit.runners.ParentRunner.run(ParentRunner.java:413)
	at org.junit.runner.JUnitCore.run(JUnitCore.java:137)
	at org.junit.runner.JUnitCore.run(JUnitCore.java:115)
	at org.junit.vintage.engine.execution.RunnerExecutor.execute(RunnerExecutor.java:42)
	at org.junit.vintage.engine.VintageTestEngine.executeAllChildren(VintageTestEngine.java:80)
	at org.junit.vintage.engine.VintageTestEngine.execute(VintageTestEngine.java:72)
	at org.junit.platform.launcher.core.EngineExecutionOrchestrator.execute(EngineExecutionOrchestrator.java:107)
	at org.junit.platform.launcher.core.EngineExecutionOrchestrator.execute(EngineExecutionOrchestrator.java:88)
	at org.junit.platform.launcher.core.EngineExecutionOrchestrator.lambda$execute$0(EngineExecutionOrchestrator.java:54)
	at org.junit.platform.launcher.core.EngineExecutionOrchestrator.withInterceptedStreams(EngineExecutionOrchestrator.java:67)
	at org.junit.platform.launcher.core.EngineExecutionOrchestrator.execute(EngineExecutionOrchestrator.java:52)
	at org.junit.platform.launcher.core.DefaultLauncher.execute(DefaultLauncher.java:114)
	at org.junit.platform.launcher.core.DefaultLauncher.execute(DefaultLauncher.java:86)
	at org.junit.platform.launcher.core.DefaultLauncherSession$DelegatingLauncher.execute(DefaultLauncherSession.java:86)
	at org.junit.platform.launcher.core.SessionPerRequestLauncher.execute(SessionPerRequestLauncher.java:53)
	at org.apache.maven.surefire.junitplatform.JUnitPlatformProvider.execute(JUnitPlatformProvider.java:188)
	at org.apache.maven.surefire.junitplatform.JUnitPlatformProvider.invokeAllTests(JUnitPlatformProvider.java:154)
	at org.apache.maven.surefire.junitplatform.JUnitPlatformProvider.invoke(JUnitPlatformProvider.java:124)
	at org.apache.maven.surefire.booter.ForkedBooter.runSuitesInProcess(ForkedBooter.java:428)
	at org.apache.maven.surefire.booter.ForkedBooter.execute(ForkedBooter.java:162)
	at org.apache.maven.surefire.booter.ForkedBooter.run(ForkedBooter.java:562)
	at org.apache.maven.surefire.booter.ForkedBooter.main(ForkedBooter.java:548)
]]></error>
    <system-out><![CDATA[2023-07-13 06:11:49,191 [main] INFO  rpc.RpcClient (RpcClient.java:createVolume(460)) - Creating Volume: 5e80f0c6-ad4f-427c-a86f-9659697df1e6, with runner as owner and space quota set to -1 bytes, counts quota set to -1
2023-07-13 06:11:49,194 [OM StateMachine ApplyTransaction Thread - 0] INFO  volume.OMVolumeCreateRequest (OMVolumeCreateRequest.java:validateAndUpdateCache(196)) - created volume:5e80f0c6-ad4f-427c-a86f-9659697df1e6 for user:runner
2023-07-13 06:11:49,196 [main] INFO  rpc.RpcClient (RpcClient.java:createBucket(687)) - Creating Bucket: 5e80f0c6-ad4f-427c-a86f-9659697df1e6/7516bdc3-7292-4c05-9158-cfcd0c00466c, with bucket layout OBJECT_STORE, runner as owner, Versioning false, Storage Type set to DISK and Encryption set to true, Replication Type set to server-side default replication type, Namespace Quota set to -1, Space Quota set to -1 
2023-07-13 06:11:49,200 [qtp1221433900-19] INFO  kms-audit (SimpleKMSAuditLogger.java:logAuditSimpleFormat(93)) - OK[op=GET_METADATA, key=key1, user=runner] 
2023-07-13 06:11:49,202 [OM StateMachine ApplyTransaction Thread - 0] INFO  bucket.OMBucketCreateRequest (OMBucketCreateRequest.java:validateAndUpdateCache(270)) - created bucket: 7516bdc3-7292-4c05-9158-cfcd0c00466c of layout OBJECT_STORE in volume: 5e80f0c6-ad4f-427c-a86f-9659697df1e6
2023-07-13 06:11:49,231 [qtp1221433900-19] ERROR generators.WadlGeneratorJAXBGrammarGenerator (WadlGeneratorJAXBGrammarGenerator.java:buildModelAndSchemas(207)) - Failed to generate the schema for the JAX-B elements
com.sun.xml.bind.v2.runtime.IllegalAnnotationsException: 1 counts of IllegalAnnotationExceptions
java.util.Map is an interface, and JAXB can't handle interfaces.
	this problem is related to the following location:
		at java.util.Map

	at com.sun.xml.bind.v2.runtime.IllegalAnnotationsException$Builder.check(IllegalAnnotationsException.java:106)
	at com.sun.xml.bind.v2.runtime.JAXBContextImpl.getTypeInfoSet(JAXBContextImpl.java:471)
	at com.sun.xml.bind.v2.runtime.JAXBContextImpl.<init>(JAXBContextImpl.java:303)
	at com.sun.xml.bind.v2.runtime.JAXBContextImpl.<init>(JAXBContextImpl.java:139)
	at com.sun.xml.bind.v2.runtime.JAXBContextImpl$JAXBContextBuilder.build(JAXBContextImpl.java:1156)
	at com.sun.xml.bind.v2.ContextFactory.createContext(ContextFactory.java:165)
	at sun.reflect.NativeMethodAccessorImpl.invoke0(Native Method)
	at sun.reflect.NativeMethodAccessorImpl.invoke(NativeMethodAccessorImpl.java:62)
	at sun.reflect.DelegatingMethodAccessorImpl.invoke(DelegatingMethodAccessorImpl.java:43)
	at java.lang.reflect.Method.invoke(Method.java:498)
	at javax.xml.bind.ContextFinder.newInstance(ContextFinder.java:247)
	at javax.xml.bind.ContextFinder.newInstance(ContextFinder.java:234)
	at javax.xml.bind.ContextFinder.find(ContextFinder.java:441)
	at javax.xml.bind.JAXBContext.newInstance(JAXBContext.java:641)
	at javax.xml.bind.JAXBContext.newInstance(JAXBContext.java:584)
	at com.sun.jersey.server.wadl.generators.WadlGeneratorJAXBGrammarGenerator.buildModelAndSchemas(WadlGeneratorJAXBGrammarGenerator.java:169)
	at com.sun.jersey.server.wadl.generators.AbstractWadlGeneratorGrammarGenerator.createExternalGrammar(AbstractWadlGeneratorGrammarGenerator.java:405)
	at com.sun.jersey.server.wadl.WadlBuilder.generate(WadlBuilder.java:149)
	at com.sun.jersey.server.impl.wadl.WadlApplicationContextImpl.getApplication(WadlApplicationContextImpl.java:119)
	at com.sun.jersey.server.impl.wadl.WadlApplicationContextImpl.getApplication(WadlApplicationContextImpl.java:138)
	at com.sun.jersey.server.impl.wadl.WadlMethodFactory$WadlOptionsMethodDispatcher.dispatch(WadlMethodFactory.java:110)
	at com.sun.jersey.server.impl.uri.rules.HttpMethodRule.accept(HttpMethodRule.java:302)
	at com.sun.jersey.server.impl.uri.rules.RightHandPathRule.accept(RightHandPathRule.java:147)
	at com.sun.jersey.server.impl.uri.rules.ResourceClassRule.accept(ResourceClassRule.java:108)
	at com.sun.jersey.server.impl.uri.rules.RightHandPathRule.accept(RightHandPathRule.java:147)
	at com.sun.jersey.server.impl.uri.rules.RootResourceClassesRule.accept(RootResourceClassesRule.java:84)
	at com.sun.jersey.server.impl.application.WebApplicationImpl._handleRequest(WebApplicationImpl.java:1542)
	at com.sun.jersey.server.impl.application.WebApplicationImpl._handleRequest(WebApplicationImpl.java:1473)
	at com.sun.jersey.server.impl.application.WebApplicationImpl.handleRequest(WebApplicationImpl.java:1419)
	at com.sun.jersey.server.impl.application.WebApplicationImpl.handleRequest(WebApplicationImpl.java:1409)
	at com.sun.jersey.spi.container.servlet.WebComponent.service(WebComponent.java:409)
	at com.sun.jersey.spi.container.servlet.ServletContainer.service(ServletContainer.java:558)
	at com.sun.jersey.spi.container.servlet.ServletContainer.service(ServletContainer.java:733)
	at javax.servlet.http.HttpServlet.service(HttpServlet.java:590)
	at org.eclipse.jetty.servlet.ServletHolder$NotAsync.service(ServletHolder.java:1459)
	at org.eclipse.jetty.servlet.ServletHolder.handle(ServletHolder.java:799)
	at org.eclipse.jetty.servlet.ServletHandler$ChainEnd.doFilter(ServletHandler.java:1656)
	at org.apache.hadoop.crypto.key.kms.server.KMSMDCFilter.doFilter(KMSMDCFilter.java:98)
	at org.eclipse.jetty.servlet.FilterHolder.doFilter(FilterHolder.java:193)
	at org.eclipse.jetty.servlet.ServletHandler$Chain.doFilter(ServletHandler.java:1626)
	at org.apache.hadoop.security.authentication.server.AuthenticationFilter.doFilter(AuthenticationFilter.java:650)
	at org.apache.hadoop.security.token.delegation.web.DelegationTokenAuthenticationFilter.doFilter(DelegationTokenAuthenticationFilter.java:305)
	at org.apache.hadoop.security.authentication.server.AuthenticationFilter.doFilter(AuthenticationFilter.java:592)
	at org.apache.hadoop.crypto.key.kms.server.KMSAuthenticationFilter.doFilter(KMSAuthenticationFilter.java:162)
	at org.eclipse.jetty.servlet.FilterHolder.doFilter(FilterHolder.java:201)
	at org.eclipse.jetty.servlet.ServletHandler$Chain.doFilter(ServletHandler.java:1626)
	at org.apache.hadoop.http.lib.StaticUserWebFilter$StaticUserFilter.doFilter(StaticUserWebFilter.java:110)
	at org.eclipse.jetty.servlet.FilterHolder.doFilter(FilterHolder.java:193)
	at org.eclipse.jetty.servlet.ServletHandler$Chain.doFilter(ServletHandler.java:1626)
	at org.apache.hadoop.http.HttpServer2$QuotingInputFilter.doFilter(HttpServer2.java:1794)
	at org.eclipse.jetty.servlet.FilterHolder.doFilter(FilterHolder.java:193)
	at org.eclipse.jetty.servlet.ServletHandler$Chain.doFilter(ServletHandler.java:1626)
	at org.apache.hadoop.http.NoCacheFilter.doFilter(NoCacheFilter.java:45)
	at org.eclipse.jetty.servlet.FilterHolder.doFilter(FilterHolder.java:193)
	at org.eclipse.jetty.servlet.ServletHandler$Chain.doFilter(ServletHandler.java:1626)
	at org.eclipse.jetty.servlet.ServletHandler.doHandle(ServletHandler.java:552)
	at org.eclipse.jetty.server.handler.ScopedHandler.handle(ScopedHandler.java:143)
	at org.eclipse.jetty.security.SecurityHandler.handle(SecurityHandler.java:600)
	at org.eclipse.jetty.server.handler.HandlerWrapper.handle(HandlerWrapper.java:127)
	at org.eclipse.jetty.server.handler.ScopedHandler.nextHandle(ScopedHandler.java:235)
	at org.eclipse.jetty.server.session.SessionHandler.doHandle(SessionHandler.java:1624)
	at org.eclipse.jetty.server.handler.ScopedHandler.nextHandle(ScopedHandler.java:233)
	at org.eclipse.jetty.server.handler.ContextHandler.doHandle(ContextHandler.java:1440)
	at org.eclipse.jetty.server.handler.ScopedHandler.nextScope(ScopedHandler.java:188)
	at org.eclipse.jetty.servlet.ServletHandler.doScope(ServletHandler.java:505)
	at org.eclipse.jetty.server.session.SessionHandler.doScope(SessionHandler.java:1594)
	at org.eclipse.jetty.server.handler.ScopedHandler.nextScope(ScopedHandler.java:186)
	at org.eclipse.jetty.server.handler.ContextHandler.doScope(ContextHandler.java:1355)
	at org.eclipse.jetty.server.handler.ScopedHandler.handle(ScopedHandler.java:141)
	at org.eclipse.jetty.server.handler.HandlerCollection.handle(HandlerCollection.java:146)
	at org.eclipse.jetty.server.handler.HandlerWrapper.handle(HandlerWrapper.java:127)
	at org.eclipse.jetty.server.Server.handle(Server.java:512)
	at org.eclipse.jetty.server.HttpChannel.lambda$handle$1(HttpChannel.java:487)
	at org.eclipse.jetty.server.HttpChannel.dispatch(HttpChannel.java:732)
	at org.eclipse.jetty.server.HttpChannel.handle(HttpChannel.java:479)
	at org.eclipse.jetty.server.HttpConnection.onFillable(HttpConnection.java:277)
	at org.eclipse.jetty.io.AbstractConnection$ReadCallback.succeeded(AbstractConnection.java:311)
	at org.eclipse.jetty.io.FillInterest.fillable(FillInterest.java:105)
	at org.eclipse.jetty.io.ChannelEndPoint$1.run(ChannelEndPoint.java:104)
	at org.eclipse.jetty.util.thread.strategy.EatWhatYouKill.runTask(EatWhatYouKill.java:338)
	at org.eclipse.jetty.util.thread.strategy.EatWhatYouKill.doProduce(EatWhatYouKill.java:315)
	at org.eclipse.jetty.util.thread.strategy.EatWhatYouKill.tryProduce(EatWhatYouKill.java:173)
	at org.eclipse.jetty.util.thread.strategy.EatWhatYouKill.run(EatWhatYouKill.java:131)
	at org.eclipse.jetty.util.thread.ReservedThreadExecutor$ReservedThread.run(ReservedThreadExecutor.java:409)
	at org.eclipse.jetty.util.thread.QueuedThreadPool.runJob(QueuedThreadPool.java:883)
	at org.eclipse.jetty.util.thread.QueuedThreadPool$Runner.run(QueuedThreadPool.java:1034)
	at java.lang.Thread.run(Thread.java:750)
2023-07-13 06:11:49,239 [qtp1221433900-19] INFO  generators.AbstractWadlGeneratorGrammarGenerator (AbstractWadlGeneratorGrammarGenerator.java:attachTypes(479)) - Couldn't find grammar element for class javax.ws.rs.core.Response
2023-07-13 06:11:49,240 [qtp1221433900-19] INFO  generators.AbstractWadlGeneratorGrammarGenerator (AbstractWadlGeneratorGrammarGenerator.java:attachTypes(479)) - Couldn't find grammar element for class javax.ws.rs.core.Response
2023-07-13 06:11:49,240 [qtp1221433900-19] INFO  generators.AbstractWadlGeneratorGrammarGenerator (AbstractWadlGeneratorGrammarGenerator.java:attachTypes(479)) - Couldn't find grammar element for class java.util.Map
2023-07-13 06:11:49,240 [qtp1221433900-19] INFO  generators.AbstractWadlGeneratorGrammarGenerator (AbstractWadlGeneratorGrammarGenerator.java:attachTypes(479)) - Couldn't find grammar element for class java.util.Map
2023-07-13 06:11:49,240 [qtp1221433900-19] INFO  generators.AbstractWadlGeneratorGrammarGenerator (AbstractWadlGeneratorGrammarGenerator.java:attachTypes(479)) - Couldn't find grammar element for class javax.ws.rs.core.Response
2023-07-13 06:11:49,241 [qtp1221433900-19] INFO  generators.AbstractWadlGeneratorGrammarGenerator (AbstractWadlGeneratorGrammarGenerator.java:attachTypes(479)) - Couldn't find grammar element for class java.util.Map
2023-07-13 06:11:49,241 [qtp1221433900-19] INFO  generators.AbstractWadlGeneratorGrammarGenerator (AbstractWadlGeneratorGrammarGenerator.java:attachTypes(479)) - Couldn't find grammar element for class java.util.Map
2023-07-13 06:11:49,241 [qtp1221433900-19] INFO  generators.AbstractWadlGeneratorGrammarGenerator (AbstractWadlGeneratorGrammarGenerator.java:attachTypes(479)) - Couldn't find grammar element for class java.util.Map
2023-07-13 06:11:49,258 [main] INFO  client.DataStreamClient (ConfUtils.java:logGet(46)) - raft.datastream.type = NETTY (custom)
2023-07-13 06:11:49,259 [main] INFO  netty.NettyConfigKeys$DataStream (ConfUtils.java:logGet(46)) - raft.netty.dataStream.client.tls.conf = null (default)
2023-07-13 06:11:49,259 [main] INFO  netty.NettyConfigKeys$DataStream (ConfUtils.java:logGet(46)) - raft.netty.dataStream.client.reply.queue.grace-period = 1s (default)
2023-07-13 06:11:49,259 [main] INFO  netty.NettyConfigKeys$DataStream (ConfUtils.java:logGet(46)) - raft.netty.dataStream.client.worker-group.share = false (default)
2023-07-13 06:11:49,260 [main] INFO  netty.NettyConfigKeys$DataStream (ConfUtils.java:logGet(46)) - raft.netty.dataStream.client.worker-group.size = 4 (default)
2023-07-13 06:11:49,267 [82b6249a-e03c-430a-993b-f8cc239713ce-NettyServerStreamRpc-bossGroup--thread1] INFO  logging.LoggingHandler (AbstractInternalLogger.java:log(148)) - [id: 0x582cecd4, L:/0:0:0:0:0:0:0:0:15015] READ: [id: 0xb0740c72, L:/10.1.0.28:15015 - R:/10.1.0.28:59910]
2023-07-13 06:11:49,274 [82b6249a-e03c-430a-993b-f8cc239713ce-NettyServerStreamRpc-bossGroup--thread1] INFO  logging.LoggingHandler (AbstractInternalLogger.java:log(148)) - [id: 0x582cecd4, L:/0:0:0:0:0:0:0:0:15015] READ COMPLETE
2023-07-13 06:11:49,366 [main] INFO  client.DataStreamClient (ConfUtils.java:logGet(46)) - raft.datastream.type = NETTY (custom)
2023-07-13 06:11:49,366 [main] INFO  netty.NettyConfigKeys$DataStream (ConfUtils.java:logGet(46)) - raft.netty.dataStream.client.tls.conf = null (default)
2023-07-13 06:11:49,366 [main] INFO  netty.NettyConfigKeys$DataStream (ConfUtils.java:logGet(46)) - raft.netty.dataStream.client.reply.queue.grace-period = 1s (default)
2023-07-13 06:11:49,367 [main] INFO  netty.NettyConfigKeys$DataStream (ConfUtils.java:logGet(46)) - raft.netty.dataStream.client.worker-group.share = false (default)
2023-07-13 06:11:49,367 [main] INFO  netty.NettyConfigKeys$DataStream (ConfUtils.java:logGet(46)) - raft.netty.dataStream.client.worker-group.size = 4 (default)
2023-07-13 06:11:49,375 [4d503614-acf7-4d3e-bd56-c00356288aee-NettyServerStreamRpc-bossGroup--thread1] INFO  logging.LoggingHandler (AbstractInternalLogger.java:log(148)) - [id: 0x543f49cf, L:/0:0:0:0:0:0:0:0:15051] READ: [id: 0xbb1ddfb0, L:/10.1.0.28:15051 - R:/10.1.0.28:45958]
2023-07-13 06:11:49,375 [4d503614-acf7-4d3e-bd56-c00356288aee-NettyServerStreamRpc-bossGroup--thread1] INFO  logging.LoggingHandler (AbstractInternalLogger.java:log(148)) - [id: 0x543f49cf, L:/0:0:0:0:0:0:0:0:15051] READ COMPLETE
2023-07-13 06:11:49,476 [main] INFO  client.DataStreamClient (ConfUtils.java:logGet(46)) - raft.datastream.type = NETTY (custom)
2023-07-13 06:11:49,476 [main] INFO  netty.NettyConfigKeys$DataStream (ConfUtils.java:logGet(46)) - raft.netty.dataStream.client.tls.conf = null (default)
2023-07-13 06:11:49,477 [main] INFO  netty.NettyConfigKeys$DataStream (ConfUtils.java:logGet(46)) - raft.netty.dataStream.client.reply.queue.grace-period = 1s (default)
2023-07-13 06:11:49,477 [main] INFO  netty.NettyConfigKeys$DataStream (ConfUtils.java:logGet(46)) - raft.netty.dataStream.client.worker-group.share = false (default)
2023-07-13 06:11:49,477 [main] INFO  netty.NettyConfigKeys$DataStream (ConfUtils.java:logGet(46)) - raft.netty.dataStream.client.worker-group.size = 4 (default)
2023-07-13 06:11:49,492 [562e6811-3892-4bb8-8c1f-2833a6a2708d-NettyServerStreamRpc-bossGroup--thread1] INFO  logging.LoggingHandler (AbstractInternalLogger.java:log(148)) - [id: 0xd425f11f, L:/0:0:0:0:0:0:0:0:15024] READ: [id: 0x1f1aeb70, L:/10.1.0.28:15024 - R:/10.1.0.28:58952]
2023-07-13 06:11:49,493 [562e6811-3892-4bb8-8c1f-2833a6a2708d-NettyServerStreamRpc-bossGroup--thread1] INFO  logging.LoggingHandler (AbstractInternalLogger.java:log(148)) - [id: 0xd425f11f, L:/0:0:0:0:0:0:0:0:15024] READ COMPLETE
2023-07-13 06:11:49,585 [main] INFO  client.DataStreamClient (ConfUtils.java:logGet(46)) - raft.datastream.type = NETTY (custom)
2023-07-13 06:11:49,585 [main] INFO  netty.NettyConfigKeys$DataStream (ConfUtils.java:logGet(46)) - raft.netty.dataStream.client.tls.conf = null (default)
2023-07-13 06:11:49,586 [main] INFO  netty.NettyConfigKeys$DataStream (ConfUtils.java:logGet(46)) - raft.netty.dataStream.client.reply.queue.grace-period = 1s (default)
2023-07-13 06:11:49,586 [main] INFO  netty.NettyConfigKeys$DataStream (ConfUtils.java:logGet(46)) - raft.netty.dataStream.client.worker-group.share = false (default)
2023-07-13 06:11:49,586 [main] INFO  netty.NettyConfigKeys$DataStream (ConfUtils.java:logGet(46)) - raft.netty.dataStream.client.worker-group.size = 4 (default)
2023-07-13 06:11:49,589 [892099fe-78a6-4491-a754-7c56149f1c99-NettyServerStreamRpc-bossGroup--thread1] INFO  logging.LoggingHandler (AbstractInternalLogger.java:log(148)) - [id: 0x24f425de, L:/0:0:0:0:0:0:0:0:15060] READ: [id: 0x52f24994, L:/10.1.0.28:15060 - R:/10.1.0.28:52884]
2023-07-13 06:11:49,590 [892099fe-78a6-4491-a754-7c56149f1c99-NettyServerStreamRpc-bossGroup--thread1] INFO  logging.LoggingHandler (AbstractInternalLogger.java:log(148)) - [id: 0x24f425de, L:/0:0:0:0:0:0:0:0:15060] READ COMPLETE
2023-07-13 06:11:49,626 [IPC Server handler 10 on default port 15001] WARN  node.SCMNodeManager (SCMNodeManager.java:getNodesByAddress(1373)) - Cannot find node for address 127.0.0.1
2023-07-13 06:11:49,627 [IPC Server handler 1 on default port 15001] WARN  node.SCMNodeManager (SCMNodeManager.java:getNodesByAddress(1373)) - Cannot find node for address 127.0.0.1
2023-07-13 06:11:49,628 [IPC Server handler 4 on default port 15001] WARN  node.SCMNodeManager (SCMNodeManager.java:getNodesByAddress(1373)) - Cannot find node for address 127.0.0.1
2023-07-13 06:11:49,628 [IPC Server handler 3 on default port 15001] WARN  node.SCMNodeManager (SCMNodeManager.java:getNodesByAddress(1373)) - Cannot find node for address 127.0.0.1
2023-07-13 06:11:49,747 [ChunkReader-1] WARN  keyvalue.KeyValueHandler (ContainerUtils.java:logAndReturnError(95)) - Operation: GetBlock , Trace ID:  , Message: Unable to find the block with bcsID 271 .Container 5 bcsId is 269. , Result: UNKNOWN_BCSID , StorageContainerException Occurred.
org.apache.hadoop.hdds.scm.container.common.helpers.StorageContainerException: Unable to find the block with bcsID 271 .Container 5 bcsId is 269.
	at org.apache.hadoop.ozone.container.keyvalue.impl.BlockManagerImpl.getBlock(BlockManagerImpl.java:248)
	at org.apache.hadoop.ozone.container.keyvalue.KeyValueHandler.handleGetBlock(KeyValueHandler.java:588)
	at org.apache.hadoop.ozone.container.keyvalue.KeyValueHandler.dispatchRequest(KeyValueHandler.java:257)
	at org.apache.hadoop.ozone.container.keyvalue.KeyValueHandler.handle(KeyValueHandler.java:226)
	at org.apache.hadoop.ozone.container.common.impl.HddsDispatcher.dispatchRequest(HddsDispatcher.java:324)
	at org.apache.hadoop.ozone.container.common.impl.HddsDispatcher.lambda$dispatch$0(HddsDispatcher.java:175)
	at org.apache.hadoop.hdds.server.OzoneProtocolMessageDispatcher.processRequest(OzoneProtocolMessageDispatcher.java:87)
	at org.apache.hadoop.ozone.container.common.impl.HddsDispatcher.dispatch(HddsDispatcher.java:174)
	at org.apache.hadoop.ozone.container.common.transport.server.GrpcXceiverService$1.onNext(GrpcXceiverService.java:57)
	at org.apache.hadoop.ozone.container.common.transport.server.GrpcXceiverService$1.onNext(GrpcXceiverService.java:50)
	at org.apache.ratis.thirdparty.io.grpc.stub.ServerCalls$StreamingServerCallHandler$StreamingServerCallListener.onMessage(ServerCalls.java:262)
	at org.apache.ratis.thirdparty.io.grpc.ForwardingServerCallListener.onMessage(ForwardingServerCallListener.java:33)
	at org.apache.hadoop.hdds.tracing.GrpcServerInterceptor$1.onMessage(GrpcServerInterceptor.java:49)
	at org.apache.ratis.thirdparty.io.grpc.internal.ServerCallImpl$ServerStreamListenerImpl.messagesAvailableInternal(ServerCallImpl.java:333)
	at org.apache.ratis.thirdparty.io.grpc.internal.ServerCallImpl$ServerStreamListenerImpl.messagesAvailable(ServerCallImpl.java:316)
	at org.apache.ratis.thirdparty.io.grpc.internal.ServerImpl$JumpToApplicationThreadServerStreamListener$1MessagesAvailable.runInContext(ServerImpl.java:835)
	at org.apache.ratis.thirdparty.io.grpc.internal.ContextRunnable.run(ContextRunnable.java:37)
	at org.apache.ratis.thirdparty.io.grpc.internal.SerializingExecutor.run(SerializingExecutor.java:133)
	at java.util.concurrent.ThreadPoolExecutor.runWorker(ThreadPoolExecutor.java:1149)
	at java.util.concurrent.ThreadPoolExecutor$Worker.run(ThreadPoolExecutor.java:624)
	at java.lang.Thread.run(Thread.java:750)
06:11:49.790 [ChunkReader-1] ERROR DNAudit - user=null | ip=null | op=GET_BLOCK {blockData=conID: 5 locID: 111677748019200193 bcsId: 271} | ret=FAILURE
java.lang.Exception: Unable to find the block with bcsID 271 .Container 5 bcsId is 269.
	at org.apache.hadoop.ozone.container.common.impl.HddsDispatcher.dispatchRequest(HddsDispatcher.java:398) ~[hdds-container-service-1.4.0-SNAPSHOT.jar:?]
	at org.apache.hadoop.ozone.container.common.impl.HddsDispatcher.lambda$dispatch$0(HddsDispatcher.java:175) ~[hdds-container-service-1.4.0-SNAPSHOT.jar:?]
	at org.apache.hadoop.hdds.server.OzoneProtocolMessageDispatcher.processRequest(OzoneProtocolMessageDispatcher.java:87) [hdds-server-framework-1.4.0-SNAPSHOT.jar:?]
	at org.apache.hadoop.ozone.container.common.impl.HddsDispatcher.dispatch(HddsDispatcher.java:174) [hdds-container-service-1.4.0-SNAPSHOT.jar:?]
	at org.apache.hadoop.ozone.container.common.transport.server.GrpcXceiverService$1.onNext(GrpcXceiverService.java:57) [hdds-container-service-1.4.0-SNAPSHOT.jar:?]
	at org.apache.hadoop.ozone.container.common.transport.server.GrpcXceiverService$1.onNext(GrpcXceiverService.java:50) [hdds-container-service-1.4.0-SNAPSHOT.jar:?]
	at org.apache.ratis.thirdparty.io.grpc.stub.ServerCalls$StreamingServerCallHandler$StreamingServerCallListener.onMessage(ServerCalls.java:262) [ratis-thirdparty-misc-1.0.4.jar:1.0.4]
	at org.apache.ratis.thirdparty.io.grpc.ForwardingServerCallListener.onMessage(ForwardingServerCallListener.java:33) [ratis-thirdparty-misc-1.0.4.jar:1.0.4]
	at org.apache.hadoop.hdds.tracing.GrpcServerInterceptor$1.onMessage(GrpcServerInterceptor.java:49) [hdds-common-1.4.0-SNAPSHOT.jar:?]
	at org.apache.ratis.thirdparty.io.grpc.internal.ServerCallImpl$ServerStreamListenerImpl.messagesAvailableInternal(ServerCallImpl.java:333) [ratis-thirdparty-misc-1.0.4.jar:1.0.4]
	at org.apache.ratis.thirdparty.io.grpc.internal.ServerCallImpl$ServerStreamListenerImpl.messagesAvailable(ServerCallImpl.java:316) [ratis-thirdparty-misc-1.0.4.jar:1.0.4]
	at org.apache.ratis.thirdparty.io.grpc.internal.ServerImpl$JumpToApplicationThreadServerStreamListener$1MessagesAvailable.runInContext(ServerImpl.java:835) [ratis-thirdparty-misc-1.0.4.jar:1.0.4]
	at org.apache.ratis.thirdparty.io.grpc.internal.ContextRunnable.run(ContextRunnable.java:37) [ratis-thirdparty-misc-1.0.4.jar:1.0.4]
	at org.apache.ratis.thirdparty.io.grpc.internal.SerializingExecutor.run(SerializingExecutor.java:133) [ratis-thirdparty-misc-1.0.4.jar:1.0.4]
	at java.util.concurrent.ThreadPoolExecutor.runWorker(ThreadPoolExecutor.java:1149) [?:1.8.0_372]
	at java.util.concurrent.ThreadPoolExecutor$Worker.run(ThreadPoolExecutor.java:624) [?:1.8.0_372]
	at java.lang.Thread.run(Thread.java:750) [?:1.8.0_372]
2023-07-13 06:11:49,809 [main] ERROR scm.XceiverClientGrpc (XceiverClientGrpc.java:sendCommandWithRetry(450)) - Failed to execute command GetBlock on the pipeline Pipeline[ Id: 8711a943-4cec-4e80-89df-85d787105946, Nodes: 892099fe-78a6-4491-a754-7c56149f1c99(fv-az932-602.ktyqbx4ivk1enavz3wfkrixyxe.bx.internal.cloudapp.net/10.1.0.28), ReplicationConfig: STANDALONE/ONE, State:OPEN, leaderId:892099fe-78a6-4491-a754-7c56149f1c99, CreationTimestamp2023-07-13T06:11:05.695Z[Etc/UTC]].
2023-07-13 06:11:49,809 [main] INFO  storage.BlockInputStream (BlockInputStream.java:refreshBlockInfo(205)) - Unable to read information for block conID: 5 locID: 111677748019200193 bcsId: 271 from pipeline PipelineID=8711a943-4cec-4e80-89df-85d787105946: Unable to find the block with bcsID 271 .Container 5 bcsId is 269.
2023-07-13 06:11:49,824 [IPC Server handler 0 on default port 15001] WARN  node.SCMNodeManager (SCMNodeManager.java:getNodesByAddress(1373)) - Cannot find node for address 127.0.0.1
2023-07-13 06:11:49,825 [IPC Server handler 8 on default port 15001] WARN  node.SCMNodeManager (SCMNodeManager.java:getNodesByAddress(1373)) - Cannot find node for address 127.0.0.1
2023-07-13 06:11:49,826 [IPC Server handler 9 on default port 15001] WARN  node.SCMNodeManager (SCMNodeManager.java:getNodesByAddress(1373)) - Cannot find node for address 127.0.0.1
2023-07-13 06:11:49,827 [IPC Server handler 6 on default port 15001] WARN  node.SCMNodeManager (SCMNodeManager.java:getNodesByAddress(1373)) - Cannot find node for address 127.0.0.1
2023-07-13 06:11:49,833 [ChunkReader-3] WARN  keyvalue.KeyValueHandler (ContainerUtils.java:logAndReturnError(95)) - Operation: GetBlock , Trace ID:  , Message: Unable to find the block with bcsID 271 .Container 5 bcsId is 269. , Result: UNKNOWN_BCSID , StorageContainerException Occurred.
org.apache.hadoop.hdds.scm.container.common.helpers.StorageContainerException: Unable to find the block with bcsID 271 .Container 5 bcsId is 269.
	at org.apache.hadoop.ozone.container.keyvalue.impl.BlockManagerImpl.getBlock(BlockManagerImpl.java:248)
	at org.apache.hadoop.ozone.container.keyvalue.KeyValueHandler.handleGetBlock(KeyValueHandler.java:588)
	at org.apache.hadoop.ozone.container.keyvalue.KeyValueHandler.dispatchRequest(KeyValueHandler.java:257)
	at org.apache.hadoop.ozone.container.keyvalue.KeyValueHandler.handle(KeyValueHandler.java:226)
	at org.apache.hadoop.ozone.container.common.impl.HddsDispatcher.dispatchRequest(HddsDispatcher.java:324)
	at org.apache.hadoop.ozone.container.common.impl.HddsDispatcher.lambda$dispatch$0(HddsDispatcher.java:175)
	at org.apache.hadoop.hdds.server.OzoneProtocolMessageDispatcher.processRequest(OzoneProtocolMessageDispatcher.java:87)
	at org.apache.hadoop.ozone.container.common.impl.HddsDispatcher.dispatch(HddsDispatcher.java:174)
	at org.apache.hadoop.ozone.container.common.transport.server.GrpcXceiverService$1.onNext(GrpcXceiverService.java:57)
	at org.apache.hadoop.ozone.container.common.transport.server.GrpcXceiverService$1.onNext(GrpcXceiverService.java:50)
	at org.apache.ratis.thirdparty.io.grpc.stub.ServerCalls$StreamingServerCallHandler$StreamingServerCallListener.onMessage(ServerCalls.java:262)
	at org.apache.ratis.thirdparty.io.grpc.ForwardingServerCallListener.onMessage(ForwardingServerCallListener.java:33)
	at org.apache.hadoop.hdds.tracing.GrpcServerInterceptor$1.onMessage(GrpcServerInterceptor.java:49)
	at org.apache.ratis.thirdparty.io.grpc.internal.ServerCallImpl$ServerStreamListenerImpl.messagesAvailableInternal(ServerCallImpl.java:333)
	at org.apache.ratis.thirdparty.io.grpc.internal.ServerCallImpl$ServerStreamListenerImpl.messagesAvailable(ServerCallImpl.java:316)
	at org.apache.ratis.thirdparty.io.grpc.internal.ServerImpl$JumpToApplicationThreadServerStreamListener$1MessagesAvailable.runInContext(ServerImpl.java:835)
	at org.apache.ratis.thirdparty.io.grpc.internal.ContextRunnable.run(ContextRunnable.java:37)
	at org.apache.ratis.thirdparty.io.grpc.internal.SerializingExecutor.run(SerializingExecutor.java:133)
	at java.util.concurrent.ThreadPoolExecutor.runWorker(ThreadPoolExecutor.java:1149)
	at java.util.concurrent.ThreadPoolExecutor$Worker.run(ThreadPoolExecutor.java:624)
	at java.lang.Thread.run(Thread.java:750)
06:11:49.837 [ChunkReader-3] ERROR DNAudit - user=null | ip=null | op=GET_BLOCK {blockData=conID: 5 locID: 111677748019200193 bcsId: 271} | ret=FAILURE
java.lang.Exception: Unable to find the block with bcsID 271 .Container 5 bcsId is 269.
	at org.apache.hadoop.ozone.container.common.impl.HddsDispatcher.dispatchRequest(HddsDispatcher.java:398) ~[hdds-container-service-1.4.0-SNAPSHOT.jar:?]
	at org.apache.hadoop.ozone.container.common.impl.HddsDispatcher.lambda$dispatch$0(HddsDispatcher.java:175) ~[hdds-container-service-1.4.0-SNAPSHOT.jar:?]
	at org.apache.hadoop.hdds.server.OzoneProtocolMessageDispatcher.processRequest(OzoneProtocolMessageDispatcher.java:87) [hdds-server-framework-1.4.0-SNAPSHOT.jar:?]
	at org.apache.hadoop.ozone.container.common.impl.HddsDispatcher.dispatch(HddsDispatcher.java:174) [hdds-container-service-1.4.0-SNAPSHOT.jar:?]
	at org.apache.hadoop.ozone.container.common.transport.server.GrpcXceiverService$1.onNext(GrpcXceiverService.java:57) [hdds-container-service-1.4.0-SNAPSHOT.jar:?]
	at org.apache.hadoop.ozone.container.common.transport.server.GrpcXceiverService$1.onNext(GrpcXceiverService.java:50) [hdds-container-service-1.4.0-SNAPSHOT.jar:?]
	at org.apache.ratis.thirdparty.io.grpc.stub.ServerCalls$StreamingServerCallHandler$StreamingServerCallListener.onMessage(ServerCalls.java:262) [ratis-thirdparty-misc-1.0.4.jar:1.0.4]
	at org.apache.ratis.thirdparty.io.grpc.ForwardingServerCallListener.onMessage(ForwardingServerCallListener.java:33) [ratis-thirdparty-misc-1.0.4.jar:1.0.4]
	at org.apache.hadoop.hdds.tracing.GrpcServerInterceptor$1.onMessage(GrpcServerInterceptor.java:49) [hdds-common-1.4.0-SNAPSHOT.jar:?]
	at org.apache.ratis.thirdparty.io.grpc.internal.ServerCallImpl$ServerStreamListenerImpl.messagesAvailableInternal(ServerCallImpl.java:333) [ratis-thirdparty-misc-1.0.4.jar:1.0.4]
	at org.apache.ratis.thirdparty.io.grpc.internal.ServerCallImpl$ServerStreamListenerImpl.messagesAvailable(ServerCallImpl.java:316) [ratis-thirdparty-misc-1.0.4.jar:1.0.4]
	at org.apache.ratis.thirdparty.io.grpc.internal.ServerImpl$JumpToApplicationThreadServerStreamListener$1MessagesAvailable.runInContext(ServerImpl.java:835) [ratis-thirdparty-misc-1.0.4.jar:1.0.4]
	at org.apache.ratis.thirdparty.io.grpc.internal.ContextRunnable.run(ContextRunnable.java:37) [ratis-thirdparty-misc-1.0.4.jar:1.0.4]
	at org.apache.ratis.thirdparty.io.grpc.internal.SerializingExecutor.run(SerializingExecutor.java:133) [ratis-thirdparty-misc-1.0.4.jar:1.0.4]
	at java.util.concurrent.ThreadPoolExecutor.runWorker(ThreadPoolExecutor.java:1149) [?:1.8.0_372]
	at java.util.concurrent.ThreadPoolExecutor$Worker.run(ThreadPoolExecutor.java:624) [?:1.8.0_372]
	at java.lang.Thread.run(Thread.java:750) [?:1.8.0_372]
2023-07-13 06:11:49,838 [main] ERROR scm.XceiverClientGrpc (XceiverClientGrpc.java:sendCommandWithRetry(450)) - Failed to execute command GetBlock on the pipeline Pipeline[ Id: 8711a943-4cec-4e80-89df-85d787105946, Nodes: 892099fe-78a6-4491-a754-7c56149f1c99(fv-az932-602.ktyqbx4ivk1enavz3wfkrixyxe.bx.internal.cloudapp.net/10.1.0.28), ReplicationConfig: STANDALONE/ONE, State:OPEN, leaderId:892099fe-78a6-4491-a754-7c56149f1c99, CreationTimestamp2023-07-13T06:11:05.695Z[Etc/UTC]].
2023-07-13 06:11:49,838 [main] INFO  storage.BlockInputStream (BlockInputStream.java:refreshBlockInfo(205)) - Unable to read information for block conID: 5 locID: 111677748019200193 bcsId: 271 from pipeline PipelineID=8711a943-4cec-4e80-89df-85d787105946: Unable to find the block with bcsID 271 .Container 5 bcsId is 269.
2023-07-13 06:11:49,842 [IPC Server handler 5 on default port 15001] WARN  node.SCMNodeManager (SCMNodeManager.java:getNodesByAddress(1373)) - Cannot find node for address 127.0.0.1
2023-07-13 06:11:49,843 [IPC Server handler 7 on default port 15001] WARN  node.SCMNodeManager (SCMNodeManager.java:getNodesByAddress(1373)) - Cannot find node for address 127.0.0.1
2023-07-13 06:11:49,845 [IPC Server handler 19 on default port 15001] WARN  node.SCMNodeManager (SCMNodeManager.java:getNodesByAddress(1373)) - Cannot find node for address 127.0.0.1
2023-07-13 06:11:49,845 [IPC Server handler 17 on default port 15001] WARN  node.SCMNodeManager (SCMNodeManager.java:getNodesByAddress(1373)) - Cannot find node for address 127.0.0.1
2023-07-13 06:11:49,848 [ChunkReader-5] WARN  keyvalue.KeyValueHandler (ContainerUtils.java:logAndReturnError(95)) - Operation: GetBlock , Trace ID:  , Message: Unable to find the block with bcsID 271 .Container 5 bcsId is 269. , Result: UNKNOWN_BCSID , StorageContainerException Occurred.
org.apache.hadoop.hdds.scm.container.common.helpers.StorageContainerException: Unable to find the block with bcsID 271 .Container 5 bcsId is 269.
	at org.apache.hadoop.ozone.container.keyvalue.impl.BlockManagerImpl.getBlock(BlockManagerImpl.java:248)
	at org.apache.hadoop.ozone.container.keyvalue.KeyValueHandler.handleGetBlock(KeyValueHandler.java:588)
	at org.apache.hadoop.ozone.container.keyvalue.KeyValueHandler.dispatchRequest(KeyValueHandler.java:257)
	at org.apache.hadoop.ozone.container.keyvalue.KeyValueHandler.handle(KeyValueHandler.java:226)
	at org.apache.hadoop.ozone.container.common.impl.HddsDispatcher.dispatchRequest(HddsDispatcher.java:324)
	at org.apache.hadoop.ozone.container.common.impl.HddsDispatcher.lambda$dispatch$0(HddsDispatcher.java:175)
	at org.apache.hadoop.hdds.server.OzoneProtocolMessageDispatcher.processRequest(OzoneProtocolMessageDispatcher.java:87)
	at org.apache.hadoop.ozone.container.common.impl.HddsDispatcher.dispatch(HddsDispatcher.java:174)
	at org.apache.hadoop.ozone.container.common.transport.server.GrpcXceiverService$1.onNext(GrpcXceiverService.java:57)
	at org.apache.hadoop.ozone.container.common.transport.server.GrpcXceiverService$1.onNext(GrpcXceiverService.java:50)
	at org.apache.ratis.thirdparty.io.grpc.stub.ServerCalls$StreamingServerCallHandler$StreamingServerCallListener.onMessage(ServerCalls.java:262)
	at org.apache.ratis.thirdparty.io.grpc.ForwardingServerCallListener.onMessage(ForwardingServerCallListener.java:33)
	at org.apache.hadoop.hdds.tracing.GrpcServerInterceptor$1.onMessage(GrpcServerInterceptor.java:49)
	at org.apache.ratis.thirdparty.io.grpc.internal.ServerCallImpl$ServerStreamListenerImpl.messagesAvailableInternal(ServerCallImpl.java:333)
	at org.apache.ratis.thirdparty.io.grpc.internal.ServerCallImpl$ServerStreamListenerImpl.messagesAvailable(ServerCallImpl.java:316)
	at org.apache.ratis.thirdparty.io.grpc.internal.ServerImpl$JumpToApplicationThreadServerStreamListener$1MessagesAvailable.runInContext(ServerImpl.java:835)
	at org.apache.ratis.thirdparty.io.grpc.internal.ContextRunnable.run(ContextRunnable.java:37)
	at org.apache.ratis.thirdparty.io.grpc.internal.SerializingExecutor.run(SerializingExecutor.java:133)
	at java.util.concurrent.ThreadPoolExecutor.runWorker(ThreadPoolExecutor.java:1149)
	at java.util.concurrent.ThreadPoolExecutor$Worker.run(ThreadPoolExecutor.java:624)
	at java.lang.Thread.run(Thread.java:750)
06:11:49.848 [ChunkReader-5] ERROR DNAudit - user=null | ip=null | op=GET_BLOCK {blockData=conID: 5 locID: 111677748019200193 bcsId: 271} | ret=FAILURE
java.lang.Exception: Unable to find the block with bcsID 271 .Container 5 bcsId is 269.
	at org.apache.hadoop.ozone.container.common.impl.HddsDispatcher.dispatchRequest(HddsDispatcher.java:398) ~[hdds-container-service-1.4.0-SNAPSHOT.jar:?]
	at org.apache.hadoop.ozone.container.common.impl.HddsDispatcher.lambda$dispatch$0(HddsDispatcher.java:175) ~[hdds-container-service-1.4.0-SNAPSHOT.jar:?]
	at org.apache.hadoop.hdds.server.OzoneProtocolMessageDispatcher.processRequest(OzoneProtocolMessageDispatcher.java:87) [hdds-server-framework-1.4.0-SNAPSHOT.jar:?]
	at org.apache.hadoop.ozone.container.common.impl.HddsDispatcher.dispatch(HddsDispatcher.java:174) [hdds-container-service-1.4.0-SNAPSHOT.jar:?]
	at org.apache.hadoop.ozone.container.common.transport.server.GrpcXceiverService$1.onNext(GrpcXceiverService.java:57) [hdds-container-service-1.4.0-SNAPSHOT.jar:?]
	at org.apache.hadoop.ozone.container.common.transport.server.GrpcXceiverService$1.onNext(GrpcXceiverService.java:50) [hdds-container-service-1.4.0-SNAPSHOT.jar:?]
	at org.apache.ratis.thirdparty.io.grpc.stub.ServerCalls$StreamingServerCallHandler$StreamingServerCallListener.onMessage(ServerCalls.java:262) [ratis-thirdparty-misc-1.0.4.jar:1.0.4]
	at org.apache.ratis.thirdparty.io.grpc.ForwardingServerCallListener.onMessage(ForwardingServerCallListener.java:33) [ratis-thirdparty-misc-1.0.4.jar:1.0.4]
	at org.apache.hadoop.hdds.tracing.GrpcServerInterceptor$1.onMessage(GrpcServerInterceptor.java:49) [hdds-common-1.4.0-SNAPSHOT.jar:?]
	at org.apache.ratis.thirdparty.io.grpc.internal.ServerCallImpl$ServerStreamListenerImpl.messagesAvailableInternal(ServerCallImpl.java:333) [ratis-thirdparty-misc-1.0.4.jar:1.0.4]
	at org.apache.ratis.thirdparty.io.grpc.internal.ServerCallImpl$ServerStreamListenerImpl.messagesAvailable(ServerCallImpl.java:316) [ratis-thirdparty-misc-1.0.4.jar:1.0.4]
	at org.apache.ratis.thirdparty.io.grpc.internal.ServerImpl$JumpToApplicationThreadServerStreamListener$1MessagesAvailable.runInContext(ServerImpl.java:835) [ratis-thirdparty-misc-1.0.4.jar:1.0.4]
	at org.apache.ratis.thirdparty.io.grpc.internal.ContextRunnable.run(ContextRunnable.java:37) [ratis-thirdparty-misc-1.0.4.jar:1.0.4]
	at org.apache.ratis.thirdparty.io.grpc.internal.SerializingExecutor.run(SerializingExecutor.java:133) [ratis-thirdparty-misc-1.0.4.jar:1.0.4]
	at java.util.concurrent.ThreadPoolExecutor.runWorker(ThreadPoolExecutor.java:1149) [?:1.8.0_372]
	at java.util.concurrent.ThreadPoolExecutor$Worker.run(ThreadPoolExecutor.java:624) [?:1.8.0_372]
	at java.lang.Thread.run(Thread.java:750) [?:1.8.0_372]
2023-07-13 06:11:49,849 [main] ERROR scm.XceiverClientGrpc (XceiverClientGrpc.java:sendCommandWithRetry(450)) - Failed to execute command GetBlock on the pipeline Pipeline[ Id: 8711a943-4cec-4e80-89df-85d787105946, Nodes: 892099fe-78a6-4491-a754-7c56149f1c99(fv-az932-602.ktyqbx4ivk1enavz3wfkrixyxe.bx.internal.cloudapp.net/10.1.0.28), ReplicationConfig: STANDALONE/ONE, State:OPEN, leaderId:892099fe-78a6-4491-a754-7c56149f1c99, CreationTimestamp2023-07-13T06:11:05.695Z[Etc/UTC]].
2023-07-13 06:11:49,854 [main] INFO  storage.BlockInputStream (BlockInputStream.java:refreshBlockInfo(205)) - Unable to read information for block conID: 5 locID: 111677748019200193 bcsId: 271 from pipeline PipelineID=8711a943-4cec-4e80-89df-85d787105946: Unable to find the block with bcsID 271 .Container 5 bcsId is 269.
2023-07-13 06:11:49,859 [IPC Server handler 12 on default port 15001] WARN  node.SCMNodeManager (SCMNodeManager.java:getNodesByAddress(1373)) - Cannot find node for address 127.0.0.1
2023-07-13 06:11:49,860 [IPC Server handler 13 on default port 15001] WARN  node.SCMNodeManager (SCMNodeManager.java:getNodesByAddress(1373)) - Cannot find node for address 127.0.0.1
2023-07-13 06:11:49,861 [IPC Server handler 16 on default port 15001] WARN  node.SCMNodeManager (SCMNodeManager.java:getNodesByAddress(1373)) - Cannot find node for address 127.0.0.1
2023-07-13 06:11:49,864 [IPC Server handler 15 on default port 15001] WARN  node.SCMNodeManager (SCMNodeManager.java:getNodesByAddress(1373)) - Cannot find node for address 127.0.0.1
]]></system-out>
  </testcase>
  <testcase name="testMPUwithThreePartsOverride" classname="TestOzoneAtRestEncryption" time="6.109">
    <system-out><![CDATA[2023-07-13 06:11:27,467 [main] INFO  rpc.RpcClient (RpcClient.java:createVolume(460)) - Creating Volume: fe66b8ba-0f22-4bc5-9e38-e4b8316084c3, with runner as owner and space quota set to -1 bytes, counts quota set to -1
2023-07-13 06:11:27,474 [OM StateMachine ApplyTransaction Thread - 0] INFO  volume.OMVolumeCreateRequest (OMVolumeCreateRequest.java:validateAndUpdateCache(196)) - created volume:fe66b8ba-0f22-4bc5-9e38-e4b8316084c3 for user:runner
2023-07-13 06:11:27,478 [main] INFO  rpc.RpcClient (RpcClient.java:createBucket(687)) - Creating Bucket: fe66b8ba-0f22-4bc5-9e38-e4b8316084c3/c0b5260c-fa91-4533-b85d-0b25aa3c3cd3, with bucket layout FILE_SYSTEM_OPTIMIZED, runner as owner, Versioning false, Storage Type set to DISK and Encryption set to true, Replication Type set to server-side default replication type, Namespace Quota set to -1, Space Quota set to -1 
2023-07-13 06:11:27,492 [qtp1221433900-19] INFO  kms-audit (SimpleKMSAuditLogger.java:logAuditSimpleFormat(93)) - OK[op=GET_METADATA, key=key1, user=runner] 
2023-07-13 06:11:27,502 [OM StateMachine ApplyTransaction Thread - 0] INFO  bucket.OMBucketCreateRequest (OMBucketCreateRequest.java:validateAndUpdateCache(270)) - created bucket: c0b5260c-fa91-4533-b85d-0b25aa3c3cd3 of layout FILE_SYSTEM_OPTIMIZED in volume: fe66b8ba-0f22-4bc5-9e38-e4b8316084c3
2023-07-13 06:11:29,098 [OM StateMachine ApplyTransaction Thread - 0] DEBUG db.CodecBuffer (CodecBuffer.java:setCapacity(212)) - setCapacity: 4096 -> 10914, max=2147483647
2023-07-13 06:11:29,113 [OM StateMachine ApplyTransaction Thread - 0] DEBUG db.CodecBuffer (CodecBuffer.java:setCapacity(212)) - setCapacity: 4096 -> 20592, max=2147483647
2023-07-13 06:11:29,132 [IPC Server handler 7 on default port 15001] WARN  node.SCMNodeManager (SCMNodeManager.java:getNodesByAddress(1373)) - Cannot find node for address 127.0.0.1
2023-07-13 06:11:29,133 [IPC Server handler 19 on default port 15001] WARN  node.SCMNodeManager (SCMNodeManager.java:getNodesByAddress(1373)) - Cannot find node for address 127.0.0.1
2023-07-13 06:11:29,134 [IPC Server handler 17 on default port 15001] WARN  node.SCMNodeManager (SCMNodeManager.java:getNodesByAddress(1373)) - Cannot find node for address 127.0.0.1
2023-07-13 06:11:29,135 [IPC Server handler 15 on default port 15001] WARN  node.SCMNodeManager (SCMNodeManager.java:getNodesByAddress(1373)) - Cannot find node for address 127.0.0.1
2023-07-13 06:11:29,136 [IPC Server handler 16 on default port 15001] WARN  node.SCMNodeManager (SCMNodeManager.java:getNodesByAddress(1373)) - Cannot find node for address 127.0.0.1
2023-07-13 06:11:29,137 [IPC Server handler 12 on default port 15001] WARN  node.SCMNodeManager (SCMNodeManager.java:getNodesByAddress(1373)) - Cannot find node for address 127.0.0.1
2023-07-13 06:11:29,140 [IPC Server handler 13 on default port 15001] WARN  node.SCMNodeManager (SCMNodeManager.java:getNodesByAddress(1373)) - Cannot find node for address 127.0.0.1
2023-07-13 06:11:29,141 [IPC Server handler 11 on default port 15001] WARN  node.SCMNodeManager (SCMNodeManager.java:getNodesByAddress(1373)) - Cannot find node for address 127.0.0.1
2023-07-13 06:11:29,142 [IPC Server handler 18 on default port 15001] WARN  node.SCMNodeManager (SCMNodeManager.java:getNodesByAddress(1373)) - Cannot find node for address 127.0.0.1
2023-07-13 06:11:32,224 [OM StateMachine ApplyTransaction Thread - 0] DEBUG db.CodecBuffer (CodecBuffer.java:setCapacity(212)) - setCapacity: 4096 -> 10928, max=2147483647
2023-07-13 06:11:32,236 [OM StateMachine ApplyTransaction Thread - 0] DEBUG db.CodecBuffer (CodecBuffer.java:setCapacity(212)) - setCapacity: 4096 -> 20608, max=2147483647
2023-07-13 06:11:32,255 [IPC Server handler 9 on default port 15001] WARN  node.SCMNodeManager (SCMNodeManager.java:getNodesByAddress(1373)) - Cannot find node for address 127.0.0.1
2023-07-13 06:11:32,256 [IPC Server handler 6 on default port 15001] WARN  node.SCMNodeManager (SCMNodeManager.java:getNodesByAddress(1373)) - Cannot find node for address 127.0.0.1
2023-07-13 06:11:32,257 [IPC Server handler 5 on default port 15001] WARN  node.SCMNodeManager (SCMNodeManager.java:getNodesByAddress(1373)) - Cannot find node for address 127.0.0.1
2023-07-13 06:11:32,258 [IPC Server handler 14 on default port 15001] WARN  node.SCMNodeManager (SCMNodeManager.java:getNodesByAddress(1373)) - Cannot find node for address 127.0.0.1
2023-07-13 06:11:32,259 [IPC Server handler 7 on default port 15001] WARN  node.SCMNodeManager (SCMNodeManager.java:getNodesByAddress(1373)) - Cannot find node for address 127.0.0.1
2023-07-13 06:11:32,260 [IPC Server handler 19 on default port 15001] WARN  node.SCMNodeManager (SCMNodeManager.java:getNodesByAddress(1373)) - Cannot find node for address 127.0.0.1
2023-07-13 06:11:32,262 [IPC Server handler 17 on default port 15001] WARN  node.SCMNodeManager (SCMNodeManager.java:getNodesByAddress(1373)) - Cannot find node for address 127.0.0.1
2023-07-13 06:11:32,264 [IPC Server handler 15 on default port 15001] WARN  node.SCMNodeManager (SCMNodeManager.java:getNodesByAddress(1373)) - Cannot find node for address 127.0.0.1
2023-07-13 06:11:32,265 [IPC Server handler 16 on default port 15001] WARN  node.SCMNodeManager (SCMNodeManager.java:getNodesByAddress(1373)) - Cannot find node for address 127.0.0.1
2023-07-13 06:11:32,266 [IPC Server handler 12 on default port 15001] WARN  node.SCMNodeManager (SCMNodeManager.java:getNodesByAddress(1373)) - Cannot find node for address 127.0.0.1
]]></system-out>
  </testcase>
  <testcase name="testMPUwithThreePartsOverride" classname="TestOzoneAtRestEncryption" time="4.042">
    <system-out><![CDATA[2023-07-13 06:11:49,886 [main] INFO  rpc.RpcClient (RpcClient.java:createVolume(460)) - Creating Volume: 43fe7403-f841-4f80-bb26-a9584dbbfafb, with runner as owner and space quota set to -1 bytes, counts quota set to -1
2023-07-13 06:11:49,890 [OM StateMachine ApplyTransaction Thread - 0] INFO  volume.OMVolumeCreateRequest (OMVolumeCreateRequest.java:validateAndUpdateCache(196)) - created volume:43fe7403-f841-4f80-bb26-a9584dbbfafb for user:runner
2023-07-13 06:11:49,893 [main] INFO  rpc.RpcClient (RpcClient.java:createBucket(687)) - Creating Bucket: 43fe7403-f841-4f80-bb26-a9584dbbfafb/853775f8-6d64-496b-9de9-62efeaf20146, with bucket layout OBJECT_STORE, runner as owner, Versioning false, Storage Type set to DISK and Encryption set to true, Replication Type set to server-side default replication type, Namespace Quota set to -1, Space Quota set to -1 
2023-07-13 06:11:49,912 [qtp1221433900-18] INFO  kms-audit (SimpleKMSAuditLogger.java:logAuditSimpleFormat(93)) - OK[op=GET_METADATA, key=key1, user=runner] 
2023-07-13 06:11:49,915 [OM StateMachine ApplyTransaction Thread - 0] INFO  bucket.OMBucketCreateRequest (OMBucketCreateRequest.java:validateAndUpdateCache(270)) - created bucket: 853775f8-6d64-496b-9de9-62efeaf20146 of layout OBJECT_STORE in volume: 43fe7403-f841-4f80-bb26-a9584dbbfafb
2023-07-13 06:11:50,788 [OM StateMachine ApplyTransaction Thread - 0] DEBUG db.CodecBuffer (CodecBuffer.java:setCapacity(212)) - setCapacity: 4096 -> 10906, max=2147483647
2023-07-13 06:11:50,793 [OM StateMachine ApplyTransaction Thread - 0] DEBUG db.CodecBuffer (CodecBuffer.java:setCapacity(212)) - setCapacity: 4096 -> 20588, max=2147483647
2023-07-13 06:11:50,799 [IPC Server handler 3 on default port 15001] WARN  node.SCMNodeManager (SCMNodeManager.java:getNodesByAddress(1373)) - Cannot find node for address 127.0.0.1
2023-07-13 06:11:50,800 [IPC Server handler 0 on default port 15001] WARN  node.SCMNodeManager (SCMNodeManager.java:getNodesByAddress(1373)) - Cannot find node for address 127.0.0.1
2023-07-13 06:11:50,801 [IPC Server handler 8 on default port 15001] WARN  node.SCMNodeManager (SCMNodeManager.java:getNodesByAddress(1373)) - Cannot find node for address 127.0.0.1
2023-07-13 06:11:50,801 [IPC Server handler 9 on default port 15001] WARN  node.SCMNodeManager (SCMNodeManager.java:getNodesByAddress(1373)) - Cannot find node for address 127.0.0.1
2023-07-13 06:11:50,802 [IPC Server handler 6 on default port 15001] WARN  node.SCMNodeManager (SCMNodeManager.java:getNodesByAddress(1373)) - Cannot find node for address 127.0.0.1
2023-07-13 06:11:50,803 [IPC Server handler 5 on default port 15001] WARN  node.SCMNodeManager (SCMNodeManager.java:getNodesByAddress(1373)) - Cannot find node for address 127.0.0.1
2023-07-13 06:11:50,803 [IPC Server handler 7 on default port 15001] WARN  node.SCMNodeManager (SCMNodeManager.java:getNodesByAddress(1373)) - Cannot find node for address 127.0.0.1
2023-07-13 06:11:50,804 [IPC Server handler 19 on default port 15001] WARN  node.SCMNodeManager (SCMNodeManager.java:getNodesByAddress(1373)) - Cannot find node for address 127.0.0.1
2023-07-13 06:11:50,805 [IPC Server handler 17 on default port 15001] WARN  node.SCMNodeManager (SCMNodeManager.java:getNodesByAddress(1373)) - Cannot find node for address 127.0.0.1
2023-07-13 06:11:52,559 [OM StateMachine ApplyTransaction Thread - 0] DEBUG db.CodecBuffer (CodecBuffer.java:setCapacity(212)) - setCapacity: 4096 -> 10897, max=2147483647
2023-07-13 06:11:52,565 [OM StateMachine ApplyTransaction Thread - 0] DEBUG db.CodecBuffer (CodecBuffer.java:setCapacity(212)) - setCapacity: 4096 -> 20584, max=2147483647
2023-07-13 06:11:52,571 [IPC Server handler 2 on default port 15001] WARN  node.SCMNodeManager (SCMNodeManager.java:getNodesByAddress(1373)) - Cannot find node for address 127.0.0.1
2023-07-13 06:11:52,572 [IPC Server handler 10 on default port 15001] WARN  node.SCMNodeManager (SCMNodeManager.java:getNodesByAddress(1373)) - Cannot find node for address 127.0.0.1
2023-07-13 06:11:52,573 [IPC Server handler 1 on default port 15001] WARN  node.SCMNodeManager (SCMNodeManager.java:getNodesByAddress(1373)) - Cannot find node for address 127.0.0.1
2023-07-13 06:11:52,573 [IPC Server handler 4 on default port 15001] WARN  node.SCMNodeManager (SCMNodeManager.java:getNodesByAddress(1373)) - Cannot find node for address 127.0.0.1
2023-07-13 06:11:52,574 [IPC Server handler 3 on default port 15001] WARN  node.SCMNodeManager (SCMNodeManager.java:getNodesByAddress(1373)) - Cannot find node for address 127.0.0.1
2023-07-13 06:11:52,576 [IPC Server handler 8 on default port 15001] WARN  node.SCMNodeManager (SCMNodeManager.java:getNodesByAddress(1373)) - Cannot find node for address 127.0.0.1
2023-07-13 06:11:52,577 [IPC Server handler 0 on default port 15001] WARN  node.SCMNodeManager (SCMNodeManager.java:getNodesByAddress(1373)) - Cannot find node for address 127.0.0.1
2023-07-13 06:11:52,577 [IPC Server handler 9 on default port 15001] WARN  node.SCMNodeManager (SCMNodeManager.java:getNodesByAddress(1373)) - Cannot find node for address 127.0.0.1
2023-07-13 06:11:52,578 [IPC Server handler 6 on default port 15001] WARN  node.SCMNodeManager (SCMNodeManager.java:getNodesByAddress(1373)) - Cannot find node for address 127.0.0.1
2023-07-13 06:11:52,580 [IPC Server handler 5 on default port 15001] WARN  node.SCMNodeManager (SCMNodeManager.java:getNodesByAddress(1373)) - Cannot find node for address 127.0.0.1
]]></system-out>
  </testcase>
  <testcase name="testMPUwithTwoStreamParts" classname="TestOzoneAtRestEncryption" time="4.066">
    <system-out><![CDATA[2023-07-13 06:11:33,580 [main] INFO  rpc.RpcClient (RpcClient.java:createVolume(460)) - Creating Volume: d0a85ad8-51c5-4dfe-a7aa-1903770a3ae7, with runner as owner and space quota set to -1 bytes, counts quota set to -1
2023-07-13 06:11:33,585 [OM StateMachine ApplyTransaction Thread - 0] INFO  volume.OMVolumeCreateRequest (OMVolumeCreateRequest.java:validateAndUpdateCache(196)) - created volume:d0a85ad8-51c5-4dfe-a7aa-1903770a3ae7 for user:runner
2023-07-13 06:11:33,591 [main] INFO  rpc.RpcClient (RpcClient.java:createBucket(687)) - Creating Bucket: d0a85ad8-51c5-4dfe-a7aa-1903770a3ae7/5b95aaab-6f07-481f-98ef-ed9c20e22568, with bucket layout FILE_SYSTEM_OPTIMIZED, runner as owner, Versioning false, Storage Type set to DISK and Encryption set to true, Replication Type set to server-side default replication type, Namespace Quota set to -1, Space Quota set to -1 
2023-07-13 06:11:33,595 [qtp1221433900-18] INFO  kms-audit (SimpleKMSAuditLogger.java:logAuditSimpleFormat(93)) - OK[op=GET_METADATA, key=key1, user=runner] 
2023-07-13 06:11:33,600 [OM StateMachine ApplyTransaction Thread - 0] INFO  bucket.OMBucketCreateRequest (OMBucketCreateRequest.java:validateAndUpdateCache(270)) - created bucket: 5b95aaab-6f07-481f-98ef-ed9c20e22568 of layout FILE_SYSTEM_OPTIMIZED in volume: d0a85ad8-51c5-4dfe-a7aa-1903770a3ae7
2023-07-13 06:11:33,774 [main] INFO  client.DataStreamClient (ConfUtils.java:logGet(46)) - raft.datastream.type = NETTY (custom)
2023-07-13 06:11:33,774 [main] INFO  netty.NettyConfigKeys$DataStream (ConfUtils.java:logGet(46)) - raft.netty.dataStream.client.tls.conf = null (default)
2023-07-13 06:11:33,774 [main] INFO  netty.NettyConfigKeys$DataStream (ConfUtils.java:logGet(46)) - raft.netty.dataStream.client.reply.queue.grace-period = 1s (default)
2023-07-13 06:11:33,775 [main] INFO  netty.NettyConfigKeys$DataStream (ConfUtils.java:logGet(46)) - raft.netty.dataStream.client.worker-group.share = false (default)
2023-07-13 06:11:33,775 [main] INFO  netty.NettyConfigKeys$DataStream (ConfUtils.java:logGet(46)) - raft.netty.dataStream.client.worker-group.size = 4 (default)
2023-07-13 06:11:33,790 [82b6249a-e03c-430a-993b-f8cc239713ce-NettyServerStreamRpc-bossGroup--thread1] INFO  logging.LoggingHandler (AbstractInternalLogger.java:log(148)) - [id: 0x582cecd4, L:/0:0:0:0:0:0:0:0:15015] READ: [id: 0x9c3ef2f5, L:/10.1.0.28:15015 - R:/10.1.0.28:47888]
2023-07-13 06:11:33,790 [82b6249a-e03c-430a-993b-f8cc239713ce-NettyServerStreamRpc-bossGroup--thread1] INFO  logging.LoggingHandler (AbstractInternalLogger.java:log(148)) - [id: 0x582cecd4, L:/0:0:0:0:0:0:0:0:15015] READ COMPLETE
2023-07-13 06:11:33,939 [main] INFO  client.DataStreamClient (ConfUtils.java:logGet(46)) - raft.datastream.type = NETTY (custom)
2023-07-13 06:11:33,939 [main] INFO  netty.NettyConfigKeys$DataStream (ConfUtils.java:logGet(46)) - raft.netty.dataStream.client.tls.conf = null (default)
2023-07-13 06:11:33,939 [main] INFO  netty.NettyConfigKeys$DataStream (ConfUtils.java:logGet(46)) - raft.netty.dataStream.client.reply.queue.grace-period = 1s (default)
2023-07-13 06:11:33,939 [main] INFO  netty.NettyConfigKeys$DataStream (ConfUtils.java:logGet(46)) - raft.netty.dataStream.client.worker-group.share = false (default)
2023-07-13 06:11:33,940 [main] INFO  netty.NettyConfigKeys$DataStream (ConfUtils.java:logGet(46)) - raft.netty.dataStream.client.worker-group.size = 4 (default)
2023-07-13 06:11:33,944 [42c94fbf-dc57-4435-80ab-f9b7a4e6d382-NettyServerStreamRpc-bossGroup--thread1] INFO  logging.LoggingHandler (AbstractInternalLogger.java:log(148)) - [id: 0x5ff24d87, L:/0:0:0:0:0:0:0:0:15078] READ: [id: 0x847955b2, L:/10.1.0.28:15078 - R:/10.1.0.28:58460]
2023-07-13 06:11:33,952 [42c94fbf-dc57-4435-80ab-f9b7a4e6d382-NettyServerStreamRpc-bossGroup--thread1] INFO  logging.LoggingHandler (AbstractInternalLogger.java:log(148)) - [id: 0x5ff24d87, L:/0:0:0:0:0:0:0:0:15078] READ COMPLETE
2023-07-13 06:11:34,132 [main] INFO  client.DataStreamClient (ConfUtils.java:logGet(46)) - raft.datastream.type = NETTY (custom)
2023-07-13 06:11:34,132 [main] INFO  netty.NettyConfigKeys$DataStream (ConfUtils.java:logGet(46)) - raft.netty.dataStream.client.tls.conf = null (default)
2023-07-13 06:11:34,133 [main] INFO  netty.NettyConfigKeys$DataStream (ConfUtils.java:logGet(46)) - raft.netty.dataStream.client.reply.queue.grace-period = 1s (default)
2023-07-13 06:11:34,133 [main] INFO  netty.NettyConfigKeys$DataStream (ConfUtils.java:logGet(46)) - raft.netty.dataStream.client.worker-group.share = false (default)
2023-07-13 06:11:34,133 [main] INFO  netty.NettyConfigKeys$DataStream (ConfUtils.java:logGet(46)) - raft.netty.dataStream.client.worker-group.size = 4 (default)
2023-07-13 06:11:34,141 [a7e23495-4fba-47f2-ab25-3c088ebfd5ba-NettyServerStreamRpc-bossGroup--thread1] INFO  logging.LoggingHandler (AbstractInternalLogger.java:log(148)) - [id: 0x5d446133, L:/0:0:0:0:0:0:0:0:15096] READ: [id: 0xff8b2762, L:/10.1.0.28:15096 - R:/10.1.0.28:43490]
2023-07-13 06:11:34,153 [a7e23495-4fba-47f2-ab25-3c088ebfd5ba-NettyServerStreamRpc-bossGroup--thread1] INFO  logging.LoggingHandler (AbstractInternalLogger.java:log(148)) - [id: 0x5d446133, L:/0:0:0:0:0:0:0:0:15096] READ COMPLETE
2023-07-13 06:11:34,560 [main] INFO  client.DataStreamClient (ConfUtils.java:logGet(46)) - raft.datastream.type = NETTY (custom)
2023-07-13 06:11:34,561 [main] INFO  netty.NettyConfigKeys$DataStream (ConfUtils.java:logGet(46)) - raft.netty.dataStream.client.tls.conf = null (default)
2023-07-13 06:11:34,561 [main] INFO  netty.NettyConfigKeys$DataStream (ConfUtils.java:logGet(46)) - raft.netty.dataStream.client.reply.queue.grace-period = 1s (default)
2023-07-13 06:11:34,561 [main] INFO  netty.NettyConfigKeys$DataStream (ConfUtils.java:logGet(46)) - raft.netty.dataStream.client.worker-group.share = false (default)
2023-07-13 06:11:34,562 [main] INFO  netty.NettyConfigKeys$DataStream (ConfUtils.java:logGet(46)) - raft.netty.dataStream.client.worker-group.size = 4 (default)
2023-07-13 06:11:34,567 [d320ba6c-c03b-47af-a073-41dad91ccf26-NettyServerStreamRpc-bossGroup--thread1] INFO  logging.LoggingHandler (AbstractInternalLogger.java:log(148)) - [id: 0x516b4721, L:/0:0:0:0:0:0:0:0:15033] READ: [id: 0x686a3a0b, L:/10.1.0.28:15033 - R:/10.1.0.28:45116]
2023-07-13 06:11:34,570 [d320ba6c-c03b-47af-a073-41dad91ccf26-NettyServerStreamRpc-bossGroup--thread1] INFO  logging.LoggingHandler (AbstractInternalLogger.java:log(148)) - [id: 0x516b4721, L:/0:0:0:0:0:0:0:0:15033] READ COMPLETE
2023-07-13 06:11:35,230 [OM StateMachine ApplyTransaction Thread - 0] DEBUG db.CodecBuffer (CodecBuffer.java:setCapacity(212)) - setCapacity: 4096 -> 10926, max=2147483647
2023-07-13 06:11:35,239 [IPC Server handler 9 on default port 15001] WARN  node.SCMNodeManager (SCMNodeManager.java:getNodesByAddress(1373)) - Cannot find node for address 127.0.0.1
2023-07-13 06:11:35,242 [IPC Server handler 6 on default port 15001] WARN  node.SCMNodeManager (SCMNodeManager.java:getNodesByAddress(1373)) - Cannot find node for address 127.0.0.1
2023-07-13 06:11:35,244 [IPC Server handler 5 on default port 15001] WARN  node.SCMNodeManager (SCMNodeManager.java:getNodesByAddress(1373)) - Cannot find node for address 127.0.0.1
2023-07-13 06:11:35,245 [IPC Server handler 14 on default port 15001] WARN  node.SCMNodeManager (SCMNodeManager.java:getNodesByAddress(1373)) - Cannot find node for address 127.0.0.1
2023-07-13 06:11:35,246 [IPC Server handler 7 on default port 15001] WARN  node.SCMNodeManager (SCMNodeManager.java:getNodesByAddress(1373)) - Cannot find node for address 127.0.0.1
2023-07-13 06:11:35,247 [IPC Server handler 19 on default port 15001] WARN  node.SCMNodeManager (SCMNodeManager.java:getNodesByAddress(1373)) - Cannot find node for address 127.0.0.1
2023-07-13 06:11:35,248 [IPC Server handler 17 on default port 15001] WARN  node.SCMNodeManager (SCMNodeManager.java:getNodesByAddress(1373)) - Cannot find node for address 127.0.0.1
2023-07-13 06:11:35,255 [qtp1221433900-19] INFO  kms-audit (SimpleKMSAuditLogger.java:logAuditEvent(59)) - OK[op=DECRYPT_EEK, key=key1, user=runner, accessCount=10, interval=20339ms] 
2023-07-13 06:11:35,255 [qtp1221433900-19] INFO  kms-audit (SimpleKMSAuditLogger.java:logAuditEvent(59)) - OK[op=DECRYPT_EEK, key=key1, user=runner, accessCount=1, interval=0ms] 
]]></system-out>
  </testcase>
  <testcase name="testMPUwithTwoStreamParts" classname="TestOzoneAtRestEncryption" time="2.564">
    <system-out><![CDATA[2023-07-13 06:11:53,927 [main] INFO  rpc.RpcClient (RpcClient.java:createVolume(460)) - Creating Volume: 5fdd001e-6801-47dc-a0e8-1c0f4759fc7a, with runner as owner and space quota set to -1 bytes, counts quota set to -1
2023-07-13 06:11:53,932 [OM StateMachine ApplyTransaction Thread - 0] INFO  volume.OMVolumeCreateRequest (OMVolumeCreateRequest.java:validateAndUpdateCache(196)) - created volume:5fdd001e-6801-47dc-a0e8-1c0f4759fc7a for user:runner
2023-07-13 06:11:53,936 [main] INFO  rpc.RpcClient (RpcClient.java:createBucket(687)) - Creating Bucket: 5fdd001e-6801-47dc-a0e8-1c0f4759fc7a/9d05da12-f1e0-4d29-ad74-d07d86dc5e20, with bucket layout OBJECT_STORE, runner as owner, Versioning false, Storage Type set to DISK and Encryption set to true, Replication Type set to server-side default replication type, Namespace Quota set to -1, Space Quota set to -1 
2023-07-13 06:11:53,939 [qtp1221433900-18] INFO  kms-audit (SimpleKMSAuditLogger.java:logAuditSimpleFormat(93)) - OK[op=GET_METADATA, key=key1, user=runner] 
2023-07-13 06:11:53,942 [OM StateMachine ApplyTransaction Thread - 0] INFO  bucket.OMBucketCreateRequest (OMBucketCreateRequest.java:validateAndUpdateCache(270)) - created bucket: 9d05da12-f1e0-4d29-ad74-d07d86dc5e20 of layout OBJECT_STORE in volume: 5fdd001e-6801-47dc-a0e8-1c0f4759fc7a
2023-07-13 06:11:53,960 [main] INFO  client.DataStreamClient (ConfUtils.java:logGet(46)) - raft.datastream.type = NETTY (custom)
2023-07-13 06:11:53,961 [main] INFO  netty.NettyConfigKeys$DataStream (ConfUtils.java:logGet(46)) - raft.netty.dataStream.client.tls.conf = null (default)
2023-07-13 06:11:53,961 [main] INFO  netty.NettyConfigKeys$DataStream (ConfUtils.java:logGet(46)) - raft.netty.dataStream.client.reply.queue.grace-period = 1s (default)
2023-07-13 06:11:53,961 [main] INFO  netty.NettyConfigKeys$DataStream (ConfUtils.java:logGet(46)) - raft.netty.dataStream.client.worker-group.share = false (default)
2023-07-13 06:11:53,961 [main] INFO  netty.NettyConfigKeys$DataStream (ConfUtils.java:logGet(46)) - raft.netty.dataStream.client.worker-group.size = 4 (default)
2023-07-13 06:11:53,968 [d320ba6c-c03b-47af-a073-41dad91ccf26-NettyServerStreamRpc-bossGroup--thread1] INFO  logging.LoggingHandler (AbstractInternalLogger.java:log(148)) - [id: 0x516b4721, L:/0:0:0:0:0:0:0:0:15033] READ: [id: 0xac9e7e54, L:/10.1.0.28:15033 - R:/10.1.0.28:39692]
2023-07-13 06:11:53,969 [d320ba6c-c03b-47af-a073-41dad91ccf26-NettyServerStreamRpc-bossGroup--thread1] INFO  logging.LoggingHandler (AbstractInternalLogger.java:log(148)) - [id: 0x516b4721, L:/0:0:0:0:0:0:0:0:15033] READ COMPLETE
2023-07-13 06:11:54,010 [main] INFO  client.DataStreamClient (ConfUtils.java:logGet(46)) - raft.datastream.type = NETTY (custom)
2023-07-13 06:11:54,012 [main] INFO  netty.NettyConfigKeys$DataStream (ConfUtils.java:logGet(46)) - raft.netty.dataStream.client.tls.conf = null (default)
2023-07-13 06:11:54,012 [main] INFO  netty.NettyConfigKeys$DataStream (ConfUtils.java:logGet(46)) - raft.netty.dataStream.client.reply.queue.grace-period = 1s (default)
2023-07-13 06:11:54,012 [main] INFO  netty.NettyConfigKeys$DataStream (ConfUtils.java:logGet(46)) - raft.netty.dataStream.client.worker-group.share = false (default)
2023-07-13 06:11:54,012 [main] INFO  netty.NettyConfigKeys$DataStream (ConfUtils.java:logGet(46)) - raft.netty.dataStream.client.worker-group.size = 4 (default)
2023-07-13 06:11:54,014 [eb0edd12-afad-4318-b446-71865e03089a-NettyServerStreamRpc-bossGroup--thread1] INFO  logging.LoggingHandler (AbstractInternalLogger.java:log(148)) - [id: 0x25ff2d4d, L:/0:0:0:0:0:0:0:0:15042] READ: [id: 0xe1d52c94, L:/10.1.0.28:15042 - R:/10.1.0.28:50914]
2023-07-13 06:11:54,027 [eb0edd12-afad-4318-b446-71865e03089a-NettyServerStreamRpc-bossGroup--thread1] INFO  logging.LoggingHandler (AbstractInternalLogger.java:log(148)) - [id: 0x25ff2d4d, L:/0:0:0:0:0:0:0:0:15042] READ COMPLETE
2023-07-13 06:11:54,058 [main] INFO  client.DataStreamClient (ConfUtils.java:logGet(46)) - raft.datastream.type = NETTY (custom)
2023-07-13 06:11:54,059 [main] INFO  netty.NettyConfigKeys$DataStream (ConfUtils.java:logGet(46)) - raft.netty.dataStream.client.tls.conf = null (default)
2023-07-13 06:11:54,059 [main] INFO  netty.NettyConfigKeys$DataStream (ConfUtils.java:logGet(46)) - raft.netty.dataStream.client.reply.queue.grace-period = 1s (default)
2023-07-13 06:11:54,059 [main] INFO  netty.NettyConfigKeys$DataStream (ConfUtils.java:logGet(46)) - raft.netty.dataStream.client.worker-group.share = false (default)
2023-07-13 06:11:54,059 [main] INFO  netty.NettyConfigKeys$DataStream (ConfUtils.java:logGet(46)) - raft.netty.dataStream.client.worker-group.size = 4 (default)
2023-07-13 06:11:54,067 [a7e23495-4fba-47f2-ab25-3c088ebfd5ba-NettyServerStreamRpc-bossGroup--thread1] INFO  logging.LoggingHandler (AbstractInternalLogger.java:log(148)) - [id: 0x5d446133, L:/0:0:0:0:0:0:0:0:15096] READ: [id: 0x3100076a, L:/10.1.0.28:15096 - R:/10.1.0.28:49058]
2023-07-13 06:11:54,068 [a7e23495-4fba-47f2-ab25-3c088ebfd5ba-NettyServerStreamRpc-bossGroup--thread1] INFO  logging.LoggingHandler (AbstractInternalLogger.java:log(148)) - [id: 0x5d446133, L:/0:0:0:0:0:0:0:0:15096] READ COMPLETE
2023-07-13 06:11:54,240 [main] INFO  client.DataStreamClient (ConfUtils.java:logGet(46)) - raft.datastream.type = NETTY (custom)
2023-07-13 06:11:54,241 [main] INFO  netty.NettyConfigKeys$DataStream (ConfUtils.java:logGet(46)) - raft.netty.dataStream.client.tls.conf = null (default)
2023-07-13 06:11:54,242 [main] INFO  netty.NettyConfigKeys$DataStream (ConfUtils.java:logGet(46)) - raft.netty.dataStream.client.reply.queue.grace-period = 1s (default)
2023-07-13 06:11:54,242 [main] INFO  netty.NettyConfigKeys$DataStream (ConfUtils.java:logGet(46)) - raft.netty.dataStream.client.worker-group.share = false (default)
2023-07-13 06:11:54,242 [main] INFO  netty.NettyConfigKeys$DataStream (ConfUtils.java:logGet(46)) - raft.netty.dataStream.client.worker-group.size = 4 (default)
2023-07-13 06:11:54,245 [aeec539b-574d-4d91-8fa7-d5e640bad944-NettyServerStreamRpc-bossGroup--thread1] INFO  logging.LoggingHandler (AbstractInternalLogger.java:log(148)) - [id: 0xe2f7dfab, L:/0:0:0:0:0:0:0:0:15069] READ: [id: 0xf55302b3, L:/10.1.0.28:15069 - R:/10.1.0.28:45312]
2023-07-13 06:11:54,249 [aeec539b-574d-4d91-8fa7-d5e640bad944-NettyServerStreamRpc-bossGroup--thread1] INFO  logging.LoggingHandler (AbstractInternalLogger.java:log(148)) - [id: 0xe2f7dfab, L:/0:0:0:0:0:0:0:0:15069] READ COMPLETE
2023-07-13 06:11:54,289 [main] INFO  client.DataStreamClient (ConfUtils.java:logGet(46)) - raft.datastream.type = NETTY (custom)
2023-07-13 06:11:54,289 [main] INFO  netty.NettyConfigKeys$DataStream (ConfUtils.java:logGet(46)) - raft.netty.dataStream.client.tls.conf = null (default)
2023-07-13 06:11:54,289 [main] INFO  netty.NettyConfigKeys$DataStream (ConfUtils.java:logGet(46)) - raft.netty.dataStream.client.reply.queue.grace-period = 1s (default)
2023-07-13 06:11:54,290 [main] INFO  netty.NettyConfigKeys$DataStream (ConfUtils.java:logGet(46)) - raft.netty.dataStream.client.worker-group.share = false (default)
2023-07-13 06:11:54,290 [main] INFO  netty.NettyConfigKeys$DataStream (ConfUtils.java:logGet(46)) - raft.netty.dataStream.client.worker-group.size = 4 (default)
2023-07-13 06:11:54,301 [42c94fbf-dc57-4435-80ab-f9b7a4e6d382-NettyServerStreamRpc-bossGroup--thread1] INFO  logging.LoggingHandler (AbstractInternalLogger.java:log(148)) - [id: 0x5ff24d87, L:/0:0:0:0:0:0:0:0:15078] READ: [id: 0xe7d39bd9, L:/10.1.0.28:15078 - R:/10.1.0.28:39586]
2023-07-13 06:11:54,302 [42c94fbf-dc57-4435-80ab-f9b7a4e6d382-NettyServerStreamRpc-bossGroup--thread1] INFO  logging.LoggingHandler (AbstractInternalLogger.java:log(148)) - [id: 0x5ff24d87, L:/0:0:0:0:0:0:0:0:15078] READ COMPLETE
2023-07-13 06:11:54,633 [OM StateMachine ApplyTransaction Thread - 0] DEBUG db.CodecBuffer (CodecBuffer.java:setCapacity(212)) - setCapacity: 4096 -> 10908, max=2147483647
2023-07-13 06:11:54,637 [IPC Server handler 19 on default port 15001] WARN  node.SCMNodeManager (SCMNodeManager.java:getNodesByAddress(1373)) - Cannot find node for address 127.0.0.1
2023-07-13 06:11:54,638 [IPC Server handler 17 on default port 15001] WARN  node.SCMNodeManager (SCMNodeManager.java:getNodesByAddress(1373)) - Cannot find node for address 127.0.0.1
2023-07-13 06:11:54,638 [IPC Server handler 12 on default port 15001] WARN  node.SCMNodeManager (SCMNodeManager.java:getNodesByAddress(1373)) - Cannot find node for address 127.0.0.1
2023-07-13 06:11:54,639 [IPC Server handler 13 on default port 15001] WARN  node.SCMNodeManager (SCMNodeManager.java:getNodesByAddress(1373)) - Cannot find node for address 127.0.0.1
2023-07-13 06:11:54,640 [IPC Server handler 16 on default port 15001] WARN  node.SCMNodeManager (SCMNodeManager.java:getNodesByAddress(1373)) - Cannot find node for address 127.0.0.1
2023-07-13 06:11:54,641 [IPC Server handler 15 on default port 15001] WARN  node.SCMNodeManager (SCMNodeManager.java:getNodesByAddress(1373)) - Cannot find node for address 127.0.0.1
2023-07-13 06:11:54,642 [IPC Server handler 14 on default port 15001] WARN  node.SCMNodeManager (SCMNodeManager.java:getNodesByAddress(1373)) - Cannot find node for address 127.0.0.1
2023-07-13 06:11:54,642 [IPC Server handler 11 on default port 15001] WARN  node.SCMNodeManager (SCMNodeManager.java:getNodesByAddress(1373)) - Cannot find node for address 127.0.0.1
]]></system-out>
  </testcase>
  <testcase name="testMPUwithThreeStreamPartsOverride" classname="TestOzoneAtRestEncryption" time="8.136">
    <system-out><![CDATA[2023-07-13 06:11:37,645 [main] INFO  rpc.RpcClient (RpcClient.java:createVolume(460)) - Creating Volume: 0575618c-2bbd-4799-90ce-6c6fcb4e362e, with runner as owner and space quota set to -1 bytes, counts quota set to -1
2023-07-13 06:11:37,657 [OM StateMachine ApplyTransaction Thread - 0] INFO  volume.OMVolumeCreateRequest (OMVolumeCreateRequest.java:validateAndUpdateCache(196)) - created volume:0575618c-2bbd-4799-90ce-6c6fcb4e362e for user:runner
2023-07-13 06:11:37,661 [main] INFO  rpc.RpcClient (RpcClient.java:createBucket(687)) - Creating Bucket: 0575618c-2bbd-4799-90ce-6c6fcb4e362e/2fa5b5e3-11c7-444d-9bcf-fb94f81fc753, with bucket layout FILE_SYSTEM_OPTIMIZED, runner as owner, Versioning false, Storage Type set to DISK and Encryption set to true, Replication Type set to server-side default replication type, Namespace Quota set to -1, Space Quota set to -1 
2023-07-13 06:11:37,665 [qtp1221433900-18] INFO  kms-audit (SimpleKMSAuditLogger.java:logAuditSimpleFormat(93)) - OK[op=GET_METADATA, key=key1, user=runner] 
2023-07-13 06:11:37,671 [OM StateMachine ApplyTransaction Thread - 0] INFO  bucket.OMBucketCreateRequest (OMBucketCreateRequest.java:validateAndUpdateCache(270)) - created bucket: 2fa5b5e3-11c7-444d-9bcf-fb94f81fc753 of layout FILE_SYSTEM_OPTIMIZED in volume: 0575618c-2bbd-4799-90ce-6c6fcb4e362e
2023-07-13 06:11:38,499 [OM StateMachine ApplyTransaction Thread - 0] DEBUG db.CodecBuffer (CodecBuffer.java:setCapacity(212)) - setCapacity: 4096 -> 10930, max=2147483647
2023-07-13 06:11:38,505 [OM StateMachine ApplyTransaction Thread - 0] DEBUG db.CodecBuffer (CodecBuffer.java:setCapacity(212)) - setCapacity: 4096 -> 20613, max=2147483647
2023-07-13 06:11:38,512 [IPC Server handler 5 on default port 15001] WARN  node.SCMNodeManager (SCMNodeManager.java:getNodesByAddress(1373)) - Cannot find node for address 127.0.0.1
2023-07-13 06:11:38,513 [IPC Server handler 14 on default port 15001] WARN  node.SCMNodeManager (SCMNodeManager.java:getNodesByAddress(1373)) - Cannot find node for address 127.0.0.1
2023-07-13 06:11:38,514 [IPC Server handler 7 on default port 15001] WARN  node.SCMNodeManager (SCMNodeManager.java:getNodesByAddress(1373)) - Cannot find node for address 127.0.0.1
2023-07-13 06:11:38,515 [IPC Server handler 19 on default port 15001] WARN  node.SCMNodeManager (SCMNodeManager.java:getNodesByAddress(1373)) - Cannot find node for address 127.0.0.1
2023-07-13 06:11:38,515 [IPC Server handler 17 on default port 15001] WARN  node.SCMNodeManager (SCMNodeManager.java:getNodesByAddress(1373)) - Cannot find node for address 127.0.0.1
2023-07-13 06:11:38,516 [IPC Server handler 12 on default port 15001] WARN  node.SCMNodeManager (SCMNodeManager.java:getNodesByAddress(1373)) - Cannot find node for address 127.0.0.1
2023-07-13 06:11:38,517 [IPC Server handler 15 on default port 15001] WARN  node.SCMNodeManager (SCMNodeManager.java:getNodesByAddress(1373)) - Cannot find node for address 127.0.0.1
2023-07-13 06:11:38,518 [IPC Server handler 16 on default port 15001] WARN  node.SCMNodeManager (SCMNodeManager.java:getNodesByAddress(1373)) - Cannot find node for address 127.0.0.1
2023-07-13 06:11:38,518 [IPC Server handler 13 on default port 15001] WARN  node.SCMNodeManager (SCMNodeManager.java:getNodesByAddress(1373)) - Cannot find node for address 127.0.0.1
2023-07-13 06:11:39,504 [main] INFO  client.DataStreamClient (ConfUtils.java:logGet(46)) - raft.datastream.type = NETTY (custom)
2023-07-13 06:11:39,506 [main] INFO  netty.NettyConfigKeys$DataStream (ConfUtils.java:logGet(46)) - raft.netty.dataStream.client.tls.conf = null (default)
2023-07-13 06:11:39,506 [main] INFO  netty.NettyConfigKeys$DataStream (ConfUtils.java:logGet(46)) - raft.netty.dataStream.client.reply.queue.grace-period = 1s (default)
2023-07-13 06:11:39,507 [main] INFO  netty.NettyConfigKeys$DataStream (ConfUtils.java:logGet(46)) - raft.netty.dataStream.client.worker-group.share = false (default)
2023-07-13 06:11:39,507 [main] INFO  netty.NettyConfigKeys$DataStream (ConfUtils.java:logGet(46)) - raft.netty.dataStream.client.worker-group.size = 4 (default)
2023-07-13 06:11:39,516 [aeec539b-574d-4d91-8fa7-d5e640bad944-NettyServerStreamRpc-bossGroup--thread1] INFO  logging.LoggingHandler (AbstractInternalLogger.java:log(148)) - [id: 0xe2f7dfab, L:/0:0:0:0:0:0:0:0:15069] READ: [id: 0xb8125e57, L:/10.1.0.28:15069 - R:/10.1.0.28:54992]
2023-07-13 06:11:39,520 [aeec539b-574d-4d91-8fa7-d5e640bad944-NettyServerStreamRpc-bossGroup--thread1] INFO  logging.LoggingHandler (AbstractInternalLogger.java:log(148)) - [id: 0xe2f7dfab, L:/0:0:0:0:0:0:0:0:15069] READ COMPLETE
2023-07-13 06:11:41,254 [OM StateMachine ApplyTransaction Thread - 0] DEBUG db.CodecBuffer (CodecBuffer.java:setCapacity(212)) - setCapacity: 4096 -> 10950, max=2147483647
2023-07-13 06:11:41,262 [OM StateMachine ApplyTransaction Thread - 0] DEBUG db.CodecBuffer (CodecBuffer.java:setCapacity(212)) - setCapacity: 4096 -> 20641, max=2147483647
2023-07-13 06:11:41,270 [IPC Server handler 19 on default port 15001] WARN  node.SCMNodeManager (SCMNodeManager.java:getNodesByAddress(1373)) - Cannot find node for address 127.0.0.1
2023-07-13 06:11:41,271 [IPC Server handler 17 on default port 15001] WARN  node.SCMNodeManager (SCMNodeManager.java:getNodesByAddress(1373)) - Cannot find node for address 127.0.0.1
2023-07-13 06:11:41,272 [IPC Server handler 12 on default port 15001] WARN  node.SCMNodeManager (SCMNodeManager.java:getNodesByAddress(1373)) - Cannot find node for address 127.0.0.1
2023-07-13 06:11:41,273 [IPC Server handler 15 on default port 15001] WARN  node.SCMNodeManager (SCMNodeManager.java:getNodesByAddress(1373)) - Cannot find node for address 127.0.0.1
2023-07-13 06:11:41,274 [IPC Server handler 16 on default port 15001] WARN  node.SCMNodeManager (SCMNodeManager.java:getNodesByAddress(1373)) - Cannot find node for address 127.0.0.1
2023-07-13 06:11:41,275 [IPC Server handler 13 on default port 15001] WARN  node.SCMNodeManager (SCMNodeManager.java:getNodesByAddress(1373)) - Cannot find node for address 127.0.0.1
2023-07-13 06:11:41,276 [IPC Server handler 14 on default port 15001] WARN  node.SCMNodeManager (SCMNodeManager.java:getNodesByAddress(1373)) - Cannot find node for address 127.0.0.1
2023-07-13 06:11:41,277 [IPC Server handler 11 on default port 15001] WARN  node.SCMNodeManager (SCMNodeManager.java:getNodesByAddress(1373)) - Cannot find node for address 127.0.0.1
2023-07-13 06:11:45,510 [kms-audit_thread] INFO  kms-audit (SimpleKMSAuditLogger.java:logAuditEvent(59)) - OK[op=DECRYPT_EEK, key=key1, user=runner, accessCount=8, interval=30594ms] 
]]></system-out>
  </testcase>
  <testcase name="testMPUwithThreeStreamPartsOverride" classname="TestOzoneAtRestEncryption" time="5.986">
    <system-out><![CDATA[2023-07-13 06:11:56,492 [main] INFO  rpc.RpcClient (RpcClient.java:createVolume(460)) - Creating Volume: 59a13453-7195-4f8e-8ff0-c40245140851, with runner as owner and space quota set to -1 bytes, counts quota set to -1
2023-07-13 06:11:56,496 [OM StateMachine ApplyTransaction Thread - 0] INFO  volume.OMVolumeCreateRequest (OMVolumeCreateRequest.java:validateAndUpdateCache(196)) - created volume:59a13453-7195-4f8e-8ff0-c40245140851 for user:runner
2023-07-13 06:11:56,497 [main] INFO  rpc.RpcClient (RpcClient.java:createBucket(687)) - Creating Bucket: 59a13453-7195-4f8e-8ff0-c40245140851/6b77ae9e-af48-4c24-94d8-917355ff5ecc, with bucket layout OBJECT_STORE, runner as owner, Versioning false, Storage Type set to DISK and Encryption set to true, Replication Type set to server-side default replication type, Namespace Quota set to -1, Space Quota set to -1 
2023-07-13 06:11:56,500 [qtp1221433900-19] INFO  kms-audit (SimpleKMSAuditLogger.java:logAuditSimpleFormat(93)) - OK[op=GET_METADATA, key=key1, user=runner] 
2023-07-13 06:11:56,504 [OM StateMachine ApplyTransaction Thread - 0] INFO  bucket.OMBucketCreateRequest (OMBucketCreateRequest.java:validateAndUpdateCache(270)) - created bucket: 6b77ae9e-af48-4c24-94d8-917355ff5ecc of layout OBJECT_STORE in volume: 59a13453-7195-4f8e-8ff0-c40245140851
2023-07-13 06:11:56,510 [kms-audit_thread] INFO  kms-audit (SimpleKMSAuditLogger.java:logAuditEvent(59)) - OK[op=DECRYPT_EEK, key=key1, user=runner, accessCount=31, interval=41594ms] 
2023-07-13 06:11:57,114 [OM StateMachine ApplyTransaction Thread - 0] DEBUG db.CodecBuffer (CodecBuffer.java:setCapacity(212)) - setCapacity: 4096 -> 10913, max=2147483647
2023-07-13 06:11:57,120 [OM StateMachine ApplyTransaction Thread - 0] DEBUG db.CodecBuffer (CodecBuffer.java:setCapacity(212)) - setCapacity: 4096 -> 20605, max=2147483647
2023-07-13 06:11:57,125 [IPC Server handler 2 on default port 15001] WARN  node.SCMNodeManager (SCMNodeManager.java:getNodesByAddress(1373)) - Cannot find node for address 127.0.0.1
2023-07-13 06:11:57,125 [IPC Server handler 10 on default port 15001] WARN  node.SCMNodeManager (SCMNodeManager.java:getNodesByAddress(1373)) - Cannot find node for address 127.0.0.1
2023-07-13 06:11:57,126 [IPC Server handler 1 on default port 15001] WARN  node.SCMNodeManager (SCMNodeManager.java:getNodesByAddress(1373)) - Cannot find node for address 127.0.0.1
2023-07-13 06:11:57,126 [IPC Server handler 4 on default port 15001] WARN  node.SCMNodeManager (SCMNodeManager.java:getNodesByAddress(1373)) - Cannot find node for address 127.0.0.1
2023-07-13 06:11:57,127 [IPC Server handler 3 on default port 15001] WARN  node.SCMNodeManager (SCMNodeManager.java:getNodesByAddress(1373)) - Cannot find node for address 127.0.0.1
2023-07-13 06:11:57,128 [IPC Server handler 8 on default port 15001] WARN  node.SCMNodeManager (SCMNodeManager.java:getNodesByAddress(1373)) - Cannot find node for address 127.0.0.1
2023-07-13 06:11:57,128 [IPC Server handler 0 on default port 15001] WARN  node.SCMNodeManager (SCMNodeManager.java:getNodesByAddress(1373)) - Cannot find node for address 127.0.0.1
2023-07-13 06:11:57,129 [IPC Server handler 9 on default port 15001] WARN  node.SCMNodeManager (SCMNodeManager.java:getNodesByAddress(1373)) - Cannot find node for address 127.0.0.1
2023-07-13 06:11:57,633 [IPC Server handler 6 on default port 15001] INFO  ha.SequenceIdGenerator (SequenceIdGenerator.java:getNextId(140)) - Allocate a batch for delTxnId, change lastId from 0 to 1000.
2023-07-13 06:11:58,498 [main] INFO  client.DataStreamClient (ConfUtils.java:logGet(46)) - raft.datastream.type = NETTY (custom)
2023-07-13 06:11:58,499 [main] INFO  netty.NettyConfigKeys$DataStream (ConfUtils.java:logGet(46)) - raft.netty.dataStream.client.tls.conf = null (default)
2023-07-13 06:11:58,499 [main] INFO  netty.NettyConfigKeys$DataStream (ConfUtils.java:logGet(46)) - raft.netty.dataStream.client.reply.queue.grace-period = 1s (default)
2023-07-13 06:11:58,499 [main] INFO  netty.NettyConfigKeys$DataStream (ConfUtils.java:logGet(46)) - raft.netty.dataStream.client.worker-group.share = false (default)
2023-07-13 06:11:58,500 [main] INFO  netty.NettyConfigKeys$DataStream (ConfUtils.java:logGet(46)) - raft.netty.dataStream.client.worker-group.size = 4 (default)
2023-07-13 06:11:58,502 [d12304a5-d481-4f9e-9203-502383e83214-NettyServerStreamRpc-bossGroup--thread1] INFO  logging.LoggingHandler (AbstractInternalLogger.java:log(148)) - [id: 0xb06332af, L:/0:0:0:0:0:0:0:0:15087] READ: [id: 0x2d6316f8, L:/10.1.0.28:15087 - R:/10.1.0.28:55046]
2023-07-13 06:11:58,507 [d12304a5-d481-4f9e-9203-502383e83214-NettyServerStreamRpc-bossGroup--thread1] INFO  logging.LoggingHandler (AbstractInternalLogger.java:log(148)) - [id: 0xb06332af, L:/0:0:0:0:0:0:0:0:15087] READ COMPLETE
2023-07-13 06:11:59,169 [OM StateMachine ApplyTransaction Thread - 0] DEBUG db.CodecBuffer (CodecBuffer.java:setCapacity(212)) - setCapacity: 4096 -> 10902, max=2147483647
2023-07-13 06:11:59,176 [OM StateMachine ApplyTransaction Thread - 0] DEBUG db.CodecBuffer (CodecBuffer.java:setCapacity(212)) - setCapacity: 4096 -> 20589, max=2147483647
2023-07-13 06:11:59,182 [IPC Server handler 16 on default port 15001] WARN  node.SCMNodeManager (SCMNodeManager.java:getNodesByAddress(1373)) - Cannot find node for address 127.0.0.1
2023-07-13 06:11:59,183 [IPC Server handler 15 on default port 15001] WARN  node.SCMNodeManager (SCMNodeManager.java:getNodesByAddress(1373)) - Cannot find node for address 127.0.0.1
2023-07-13 06:11:59,184 [IPC Server handler 14 on default port 15001] WARN  node.SCMNodeManager (SCMNodeManager.java:getNodesByAddress(1373)) - Cannot find node for address 127.0.0.1
2023-07-13 06:11:59,184 [IPC Server handler 11 on default port 15001] WARN  node.SCMNodeManager (SCMNodeManager.java:getNodesByAddress(1373)) - Cannot find node for address 127.0.0.1
2023-07-13 06:11:59,185 [IPC Server handler 18 on default port 15001] WARN  node.SCMNodeManager (SCMNodeManager.java:getNodesByAddress(1373)) - Cannot find node for address 127.0.0.1
2023-07-13 06:11:59,186 [IPC Server handler 2 on default port 15001] WARN  node.SCMNodeManager (SCMNodeManager.java:getNodesByAddress(1373)) - Cannot find node for address 127.0.0.1
2023-07-13 06:11:59,187 [IPC Server handler 10 on default port 15001] WARN  node.SCMNodeManager (SCMNodeManager.java:getNodesByAddress(1373)) - Cannot find node for address 127.0.0.1
2023-07-13 06:11:59,187 [IPC Server handler 1 on default port 15001] WARN  node.SCMNodeManager (SCMNodeManager.java:getNodesByAddress(1373)) - Cannot find node for address 127.0.0.1
2023-07-13 06:11:59,188 [IPC Server handler 4 on default port 15001] WARN  node.SCMNodeManager (SCMNodeManager.java:getNodesByAddress(1373)) - Cannot find node for address 127.0.0.1
2023-07-13 06:11:59,188 [IPC Server handler 3 on default port 15001] WARN  node.SCMNodeManager (SCMNodeManager.java:getNodesByAddress(1373)) - Cannot find node for address 127.0.0.1
2023-07-13 06:12:01,754 [BlockDeletingService#0] INFO  interfaces.ContainerDeletionChoosingPolicyTemplate (ContainerDeletionChoosingPolicyTemplate.java:chooseContainerForBlockDeletion(83)) - Chosen 0/5000 blocks from 0 candidate containers.
2023-07-13 06:12:01,934 [BlockDeletingService#0] INFO  interfaces.ContainerDeletionChoosingPolicyTemplate (ContainerDeletionChoosingPolicyTemplate.java:chooseContainerForBlockDeletion(83)) - Chosen 0/5000 blocks from 0 candidate containers.
2023-07-13 06:12:02,421 [BlockDeletingService#0] INFO  interfaces.ContainerDeletionChoosingPolicyTemplate (ContainerDeletionChoosingPolicyTemplate.java:chooseContainerForBlockDeletion(83)) - Chosen 0/5000 blocks from 0 candidate containers.
]]></system-out>
  </testcase>
  <testcase name="testKeyWithEncryptionAndGdpr" classname="TestOzoneAtRestEncryption" time="0.174">
    <system-out><![CDATA[2023-07-13 06:11:45,782 [main] INFO  rpc.RpcClient (RpcClient.java:createVolume(460)) - Creating Volume: 48bbace8-9b0e-4246-bfb2-2bd7e110bae0, with runner as owner and space quota set to -1 bytes, counts quota set to -1
2023-07-13 06:11:45,786 [OM StateMachine ApplyTransaction Thread - 0] INFO  volume.OMVolumeCreateRequest (OMVolumeCreateRequest.java:validateAndUpdateCache(196)) - created volume:48bbace8-9b0e-4246-bfb2-2bd7e110bae0 for user:runner
2023-07-13 06:11:45,789 [main] INFO  rpc.RpcClient (RpcClient.java:createBucket(687)) - Creating Bucket: 48bbace8-9b0e-4246-bfb2-2bd7e110bae0/210107e6-f25f-4eda-b8f8-dea107df814b, with bucket layout FILE_SYSTEM_OPTIMIZED, runner as owner, Versioning false, Storage Type set to DISK and Encryption set to true, Replication Type set to server-side default replication type, Namespace Quota set to -1, Space Quota set to -1 
2023-07-13 06:11:45,795 [qtp1221433900-18] INFO  kms-audit (SimpleKMSAuditLogger.java:logAuditSimpleFormat(93)) - OK[op=GET_METADATA, key=key1, user=runner] 
2023-07-13 06:11:45,801 [OM StateMachine ApplyTransaction Thread - 0] INFO  bucket.OMBucketCreateRequest (OMBucketCreateRequest.java:validateAndUpdateCache(270)) - created bucket: 210107e6-f25f-4eda-b8f8-dea107df814b of layout FILE_SYSTEM_OPTIMIZED in volume: 48bbace8-9b0e-4246-bfb2-2bd7e110bae0
2023-07-13 06:11:45,851 [IPC Server handler 4 on default port 15001] WARN  node.SCMNodeManager (SCMNodeManager.java:getNodesByAddress(1373)) - Cannot find node for address 127.0.0.1
2023-07-13 06:11:45,855 [IPC Server handler 3 on default port 15001] WARN  node.SCMNodeManager (SCMNodeManager.java:getNodesByAddress(1373)) - Cannot find node for address 127.0.0.1
]]></system-out>
  </testcase>
  <testcase name="testKeyWithEncryptionAndGdpr" classname="TestOzoneAtRestEncryption" time="0.093">
    <system-out><![CDATA[2023-07-13 06:12:02,480 [main] INFO  rpc.RpcClient (RpcClient.java:createVolume(460)) - Creating Volume: fd61dc2a-af31-42d7-9211-8a8c3787088f, with runner as owner and space quota set to -1 bytes, counts quota set to -1
2023-07-13 06:12:02,484 [OM StateMachine ApplyTransaction Thread - 0] INFO  volume.OMVolumeCreateRequest (OMVolumeCreateRequest.java:validateAndUpdateCache(196)) - created volume:fd61dc2a-af31-42d7-9211-8a8c3787088f for user:runner
2023-07-13 06:12:02,486 [main] INFO  rpc.RpcClient (RpcClient.java:createBucket(687)) - Creating Bucket: fd61dc2a-af31-42d7-9211-8a8c3787088f/0eb417d5-018a-4200-b324-fd89a8196cb2, with bucket layout OBJECT_STORE, runner as owner, Versioning false, Storage Type set to DISK and Encryption set to true, Replication Type set to server-side default replication type, Namespace Quota set to -1, Space Quota set to -1 
2023-07-13 06:12:02,489 [qtp1221433900-18] INFO  kms-audit (SimpleKMSAuditLogger.java:logAuditSimpleFormat(93)) - OK[op=GET_METADATA, key=key1, user=runner] 
2023-07-13 06:12:02,493 [OM StateMachine ApplyTransaction Thread - 0] INFO  bucket.OMBucketCreateRequest (OMBucketCreateRequest.java:validateAndUpdateCache(270)) - created bucket: 0eb417d5-018a-4200-b324-fd89a8196cb2 of layout OBJECT_STORE in volume: fd61dc2a-af31-42d7-9211-8a8c3787088f
2023-07-13 06:12:02,517 [IPC Server handler 0 on default port 15001] WARN  node.SCMNodeManager (SCMNodeManager.java:getNodesByAddress(1373)) - Cannot find node for address 127.0.0.1
2023-07-13 06:12:02,520 [IPC Server handler 9 on default port 15001] WARN  node.SCMNodeManager (SCMNodeManager.java:getNodesByAddress(1373)) - Cannot find node for address 127.0.0.1
]]></system-out>
  </testcase>
  <testcase name="testMPUwithLinkBucket" classname="TestOzoneAtRestEncryption" time="1.094">
    <system-out><![CDATA[2023-07-13 06:11:45,958 [main] INFO  rpc.RpcClient (RpcClient.java:createVolume(460)) - Creating Volume: c126682c-5f6d-4de6-9985-234222fb54a0, with runner as owner and space quota set to -1 bytes, counts quota set to -1
2023-07-13 06:11:45,961 [OM StateMachine ApplyTransaction Thread - 0] INFO  volume.OMVolumeCreateRequest (OMVolumeCreateRequest.java:validateAndUpdateCache(196)) - created volume:c126682c-5f6d-4de6-9985-234222fb54a0 for user:runner
2023-07-13 06:11:45,963 [main] INFO  rpc.RpcClient (RpcClient.java:createBucket(687)) - Creating Bucket: c126682c-5f6d-4de6-9985-234222fb54a0/0cb7878e-f38d-477d-8861-9a38cd7affcc, with bucket layout FILE_SYSTEM_OPTIMIZED, runner as owner, Versioning false, Storage Type set to DISK and Encryption set to true, Replication Type set to server-side default replication type, Namespace Quota set to -1, Space Quota set to -1 
2023-07-13 06:11:45,966 [qtp1221433900-18] INFO  kms-audit (SimpleKMSAuditLogger.java:logAuditSimpleFormat(93)) - OK[op=GET_METADATA, key=key1, user=runner] 
2023-07-13 06:11:45,969 [OM StateMachine ApplyTransaction Thread - 0] INFO  bucket.OMBucketCreateRequest (OMBucketCreateRequest.java:validateAndUpdateCache(270)) - created bucket: 0cb7878e-f38d-477d-8861-9a38cd7affcc of layout FILE_SYSTEM_OPTIMIZED in volume: c126682c-5f6d-4de6-9985-234222fb54a0
2023-07-13 06:11:45,971 [main] INFO  rpc.RpcClient (RpcClient.java:createVolume(460)) - Creating Volume: 64d06a20-57a7-44ad-ae2b-11ca70101d06, with runner as owner and space quota set to -1 bytes, counts quota set to -1
2023-07-13 06:11:45,973 [OM StateMachine ApplyTransaction Thread - 0] INFO  volume.OMVolumeCreateRequest (OMVolumeCreateRequest.java:validateAndUpdateCache(196)) - created volume:64d06a20-57a7-44ad-ae2b-11ca70101d06 for user:runner
2023-07-13 06:11:45,975 [main] INFO  rpc.RpcClient (RpcClient.java:createBucket(687)) - Creating Bucket: 64d06a20-57a7-44ad-ae2b-11ca70101d06/e3dc1e42-0e85-44e7-be41-7b1d3e74a25d, with bucket layout FILE_SYSTEM_OPTIMIZED, runner as owner, Versioning false, Storage Type set to DISK and Encryption set to false, Replication Type set to server-side default replication type, Namespace Quota set to -1, Space Quota set to -1 
2023-07-13 06:11:45,978 [OM StateMachine ApplyTransaction Thread - 0] INFO  bucket.OMBucketCreateRequest (OMBucketCreateRequest.java:validateAndUpdateCache(270)) - created bucket: e3dc1e42-0e85-44e7-be41-7b1d3e74a25d of layout FILE_SYSTEM_OPTIMIZED in volume: 64d06a20-57a7-44ad-ae2b-11ca70101d06
2023-07-13 06:11:46,378 [OM StateMachine ApplyTransaction Thread - 0] DEBUG db.CodecBuffer (CodecBuffer.java:setCapacity(212)) - setCapacity: 4096 -> 10920, max=2147483647
2023-07-13 06:11:46,384 [IPC Server handler 1 on default port 15001] WARN  node.SCMNodeManager (SCMNodeManager.java:getNodesByAddress(1373)) - Cannot find node for address 127.0.0.1
2023-07-13 06:11:46,385 [IPC Server handler 4 on default port 15001] WARN  node.SCMNodeManager (SCMNodeManager.java:getNodesByAddress(1373)) - Cannot find node for address 127.0.0.1
2023-07-13 06:11:46,385 [IPC Server handler 3 on default port 15001] WARN  node.SCMNodeManager (SCMNodeManager.java:getNodesByAddress(1373)) - Cannot find node for address 127.0.0.1
2023-07-13 06:11:46,386 [IPC Server handler 0 on default port 15001] WARN  node.SCMNodeManager (SCMNodeManager.java:getNodesByAddress(1373)) - Cannot find node for address 127.0.0.1
2023-07-13 06:11:46,387 [IPC Server handler 8 on default port 15001] WARN  node.SCMNodeManager (SCMNodeManager.java:getNodesByAddress(1373)) - Cannot find node for address 127.0.0.1
2023-07-13 06:11:46,387 [IPC Server handler 9 on default port 15001] WARN  node.SCMNodeManager (SCMNodeManager.java:getNodesByAddress(1373)) - Cannot find node for address 127.0.0.1
]]></system-out>
  </testcase>
  <testcase name="testMPUwithLinkBucket" classname="TestOzoneAtRestEncryption" time="0.827">
    <system-out><![CDATA[2023-07-13 06:12:02,573 [main] INFO  rpc.RpcClient (RpcClient.java:createVolume(460)) - Creating Volume: d513dd72-ae12-4898-8a3c-1b7dd5bb1cc9, with runner as owner and space quota set to -1 bytes, counts quota set to -1
2023-07-13 06:12:02,578 [OM StateMachine ApplyTransaction Thread - 0] INFO  volume.OMVolumeCreateRequest (OMVolumeCreateRequest.java:validateAndUpdateCache(196)) - created volume:d513dd72-ae12-4898-8a3c-1b7dd5bb1cc9 for user:runner
2023-07-13 06:12:02,579 [main] INFO  rpc.RpcClient (RpcClient.java:createBucket(687)) - Creating Bucket: d513dd72-ae12-4898-8a3c-1b7dd5bb1cc9/9ec5fe4f-f53a-45f3-8f31-0634f61628e4, with bucket layout OBJECT_STORE, runner as owner, Versioning false, Storage Type set to DISK and Encryption set to true, Replication Type set to server-side default replication type, Namespace Quota set to -1, Space Quota set to -1 
2023-07-13 06:12:02,582 [qtp1221433900-19] INFO  kms-audit (SimpleKMSAuditLogger.java:logAuditSimpleFormat(93)) - OK[op=GET_METADATA, key=key1, user=runner] 
2023-07-13 06:12:02,586 [OM StateMachine ApplyTransaction Thread - 0] INFO  bucket.OMBucketCreateRequest (OMBucketCreateRequest.java:validateAndUpdateCache(270)) - created bucket: 9ec5fe4f-f53a-45f3-8f31-0634f61628e4 of layout OBJECT_STORE in volume: d513dd72-ae12-4898-8a3c-1b7dd5bb1cc9
2023-07-13 06:12:02,588 [main] INFO  rpc.RpcClient (RpcClient.java:createVolume(460)) - Creating Volume: a37efb4e-e660-4e2a-82a9-caf49828c384, with runner as owner and space quota set to -1 bytes, counts quota set to -1
2023-07-13 06:12:02,590 [OM StateMachine ApplyTransaction Thread - 0] INFO  volume.OMVolumeCreateRequest (OMVolumeCreateRequest.java:validateAndUpdateCache(196)) - created volume:a37efb4e-e660-4e2a-82a9-caf49828c384 for user:runner
2023-07-13 06:12:02,592 [main] INFO  rpc.RpcClient (RpcClient.java:createBucket(687)) - Creating Bucket: a37efb4e-e660-4e2a-82a9-caf49828c384/a5abfef8-f00d-4e47-9eb5-0e04d67ea35c, with bucket layout OBJECT_STORE, runner as owner, Versioning false, Storage Type set to DISK and Encryption set to false, Replication Type set to server-side default replication type, Namespace Quota set to -1, Space Quota set to -1 
2023-07-13 06:12:02,595 [OM StateMachine ApplyTransaction Thread - 0] INFO  bucket.OMBucketCreateRequest (OMBucketCreateRequest.java:validateAndUpdateCache(270)) - created bucket: a5abfef8-f00d-4e47-9eb5-0e04d67ea35c of layout OBJECT_STORE in volume: a37efb4e-e660-4e2a-82a9-caf49828c384
2023-07-13 06:12:02,880 [BlockDeletingService#0] INFO  interfaces.ContainerDeletionChoosingPolicyTemplate (ContainerDeletionChoosingPolicyTemplate.java:chooseContainerForBlockDeletion(83)) - Chosen 0/5000 blocks from 0 candidate containers.
2023-07-13 06:12:02,939 [OM StateMachine ApplyTransaction Thread - 0] DEBUG db.CodecBuffer (CodecBuffer.java:setCapacity(212)) - setCapacity: 4096 -> 10914, max=2147483647
2023-07-13 06:12:02,944 [IPC Server handler 1 on default port 15001] WARN  node.SCMNodeManager (SCMNodeManager.java:getNodesByAddress(1373)) - Cannot find node for address 127.0.0.1
2023-07-13 06:12:02,944 [IPC Server handler 4 on default port 15001] WARN  node.SCMNodeManager (SCMNodeManager.java:getNodesByAddress(1373)) - Cannot find node for address 127.0.0.1
2023-07-13 06:12:02,945 [IPC Server handler 3 on default port 15001] WARN  node.SCMNodeManager (SCMNodeManager.java:getNodesByAddress(1373)) - Cannot find node for address 127.0.0.1
2023-07-13 06:12:02,945 [IPC Server handler 8 on default port 15001] WARN  node.SCMNodeManager (SCMNodeManager.java:getNodesByAddress(1373)) - Cannot find node for address 127.0.0.1
2023-07-13 06:12:02,946 [IPC Server handler 0 on default port 15001] WARN  node.SCMNodeManager (SCMNodeManager.java:getNodesByAddress(1373)) - Cannot find node for address 127.0.0.1
2023-07-13 06:12:02,947 [IPC Server handler 9 on default port 15001] WARN  node.SCMNodeManager (SCMNodeManager.java:getNodesByAddress(1373)) - Cannot find node for address 127.0.0.1
2023-07-13 06:12:02,948 [IPC Server handler 6 on default port 15001] WARN  node.SCMNodeManager (SCMNodeManager.java:getNodesByAddress(1373)) - Cannot find node for address 127.0.0.1
2023-07-13 06:12:02,948 [IPC Server handler 5 on default port 15001] WARN  node.SCMNodeManager (SCMNodeManager.java:getNodesByAddress(1373)) - Cannot find node for address 127.0.0.1
2023-07-13 06:12:03,247 [BlockDeletingService#0] INFO  interfaces.ContainerDeletionChoosingPolicyTemplate (ContainerDeletionChoosingPolicyTemplate.java:chooseContainerForBlockDeletion(83)) - Chosen 0/5000 blocks from 0 candidate containers.
]]></system-out>
  </testcase>
</testsuite>