<?xml version="1.0" encoding="UTF-8"?>
<testsuite xmlns:xsi="http://www.w3.org/2001/XMLSchema-instance" xsi:noNamespaceSchemaLocation="https://maven.apache.org/surefire/maven-surefire-plugin/xsd/surefire-test-report.xsd" name="org.apache.hadoop.ozone.client.rpc.TestWatchForCommit" time="233.72" tests="4" errors="1" skipped="0" failures="0">
  <properties>
    <property name="awt.toolkit" value="sun.awt.X11.XToolkit"/>
    <property name="file.encoding.pkg" value="sun.io"/>
    <property name="java.specification.version" value="1.8"/>
    <property name="sun.cpu.isalist" value=""/>
    <property name="sun.jnu.encoding" value="ANSI_X3.4-1968"/>
    <property name="java.class.path" value="/github/workspace/mnt/ozone/hadoop-ozone/integration-test/target/test-classes:/github/workspace/mnt/ozone/hadoop-ozone/integration-test/target/classes:/home/user/.m2/repository/org/apache/hadoop/hadoop-ozone-common/1.2.0-SNAPSHOT/hadoop-ozone-common-1.2.0-SNAPSHOT.jar:/home/user/.m2/repository/org/apache/commons/commons-compress/1.20/commons-compress-1.20.jar:/home/user/.m2/repository/org/apache/hadoop/hadoop-hdds-common/1.2.0-SNAPSHOT/hadoop-hdds-common-1.2.0-SNAPSHOT.jar:/home/user/.m2/repository/org/apache/hadoop/hadoop-hdds-client/1.2.0-SNAPSHOT/hadoop-hdds-client-1.2.0-SNAPSHOT.jar:/home/user/.m2/repository/org/apache/hadoop/hadoop-ozone-interface-client/1.2.0-SNAPSHOT/hadoop-ozone-interface-client-1.2.0-SNAPSHOT.jar:/home/user/.m2/repository/org/apache/hadoop/hadoop-hdds-test-utils/1.2.0-SNAPSHOT/hadoop-hdds-test-utils-1.2.0-SNAPSHOT.jar:/home/user/.m2/repository/com/google/guava/guava/30.1.1-jre/guava-30.1.1-jre.jar:/home/user/.m2/repository/com/google/guava/failureaccess/1.0.1/failureaccess-1.0.1.jar:/home/user/.m2/repository/com/google/guava/listenablefuture/9999.0-empty-to-avoid-conflict-with-guava/listenablefuture-9999.0-empty-to-avoid-conflict-with-guava.jar:/home/user/.m2/repository/com/google/code/findbugs/jsr305/3.0.0/jsr305-3.0.0.jar:/home/user/.m2/repository/org/checkerframework/checker-qual/3.8.0/checker-qual-3.8.0.jar:/home/user/.m2/repository/com/google/errorprone/error_prone_annotations/2.2.0/error_prone_annotations-2.2.0.jar:/home/user/.m2/repository/com/google/j2objc/j2objc-annotations/1.3/j2objc-annotations-1.3.jar:/home/user/.m2/repository/commons-io/commons-io/2.8.0/commons-io-2.8.0.jar:/home/user/.m2/repository/commons-logging/commons-logging/1.2/commons-logging-1.2.jar:/home/user/.m2/repository/log4j/log4j/1.2.17/log4j-1.2.17.jar:/home/user/.m2/repository/org/slf4j/slf4j-api/1.7.30/slf4j-api-1.7.30.jar:/home/user/.m2/repository/org/apache/hadoop/hadoop-hdds-server-scm/1.2.0-SNAPSHOT/hadoop-hdds-server-scm-1.2.0-SNAPSHOT.jar:/home/user/.m2/repository/org/apache/hadoop/hadoop-hdds-container-service/1.2.0-SNAPSHOT/hadoop-hdds-container-service-1.2.0-SNAPSHOT.jar:/home/user/.m2/repository/org/apache/hadoop/hadoop-hdds-hadoop-dependency-server/1.2.0-SNAPSHOT/hadoop-hdds-hadoop-dependency-server-1.2.0-SNAPSHOT.jar:/home/user/.m2/repository/org/apache/hadoop/hadoop-hdfs/3.2.2/hadoop-hdfs-3.2.2.jar:/home/user/.m2/repository/org/apache/hadoop/hadoop-hdds-server-framework/1.2.0-SNAPSHOT/hadoop-hdds-server-framework-1.2.0-SNAPSHOT.jar:/home/user/.m2/repository/org/apache/hadoop/hadoop-hdds-interface-server/1.2.0-SNAPSHOT/hadoop-hdds-interface-server-1.2.0-SNAPSHOT.jar:/home/user/.m2/repository/org/eclipse/jetty/jetty-servlet/9.4.35.v20201120/jetty-servlet-9.4.35.v20201120.jar:/home/user/.m2/repository/org/eclipse/jetty/jetty-security/9.4.35.v20201120/jetty-security-9.4.35.v20201120.jar:/home/user/.m2/repository/org/rocksdb/rocksdbjni/6.8.1/rocksdbjni-6.8.1.jar:/home/user/.m2/repository/io/prometheus/simpleclient_dropwizard/0.7.0/simpleclient_dropwizard-0.7.0.jar:/home/user/.m2/repository/io/prometheus/simpleclient/0.7.0/simpleclient-0.7.0.jar:/home/user/.m2/repository/io/prometheus/simpleclient_common/0.7.0/simpleclient_common-0.7.0.jar:/home/user/.m2/repository/com/fasterxml/jackson/datatype/jackson-datatype-jsr310/2.12.1/jackson-datatype-jsr310-2.12.1.jar:/home/user/.m2/repository/io/dropwizard/metrics/metrics-core/3.2.4/metrics-core-3.2.4.jar:/home/user/.m2/repository/org/apache/hadoop/hadoop-hdfs-client/3.2.2/hadoop-hdfs-client-3.2.2.jar:/home/user/.m2/repository/org/bouncycastle/bcprov-jdk15on/1.67/bcprov-jdk15on-1.67.jar:/home/user/.m2/repository/com/google/protobuf/protobuf-java/2.5.0/protobuf-java-2.5.0.jar:/home/user/.m2/repository/org/apache/hadoop/hadoop-ozone-ozone-manager/1.2.0-SNAPSHOT/hadoop-ozone-ozone-manager-1.2.0-SNAPSHOT.jar:/home/user/.m2/repository/org/apache/hadoop/hadoop-hdds-interface-client/1.2.0-SNAPSHOT/hadoop-hdds-interface-client-1.2.0-SNAPSHOT.jar:/home/user/.m2/repository/org/apache/ratis/ratis-thirdparty-misc/0.7.0-a398b19-SNAPSHOT/ratis-thirdparty-misc-0.7.0-a398b19-SNAPSHOT.jar:/home/user/.m2/repository/org/apache/hadoop/hadoop-ozone-interface-storage/1.2.0-SNAPSHOT/hadoop-ozone-interface-storage-1.2.0-SNAPSHOT.jar:/home/user/.m2/repository/org/apache/hadoop/hadoop-minikdc/3.2.2/hadoop-minikdc-3.2.2.jar:/home/user/.m2/repository/org/apache/kerby/kerb-simplekdc/1.0.1/kerb-simplekdc-1.0.1.jar:/home/user/.m2/repository/org/apache/kerby/kerb-client/1.0.1/kerb-client-1.0.1.jar:/home/user/.m2/repository/org/apache/kerby/kerby-config/1.0.1/kerby-config-1.0.1.jar:/home/user/.m2/repository/org/apache/kerby/kerb-core/1.0.1/kerb-core-1.0.1.jar:/home/user/.m2/repository/org/apache/kerby/kerby-pkix/1.0.1/kerby-pkix-1.0.1.jar:/home/user/.m2/repository/org/apache/kerby/kerby-asn1/1.0.1/kerby-asn1-1.0.1.jar:/home/user/.m2/repository/org/apache/kerby/kerby-util/1.0.1/kerby-util-1.0.1.jar:/home/user/.m2/repository/org/apache/kerby/kerb-common/1.0.1/kerb-common-1.0.1.jar:/home/user/.m2/repository/org/apache/kerby/kerb-crypto/1.0.1/kerb-crypto-1.0.1.jar:/home/user/.m2/repository/org/apache/kerby/kerb-util/1.0.1/kerb-util-1.0.1.jar:/home/user/.m2/repository/org/apache/kerby/token-provider/1.0.1/token-provider-1.0.1.jar:/home/user/.m2/repository/org/apache/kerby/kerb-admin/1.0.1/kerb-admin-1.0.1.jar:/home/user/.m2/repository/org/apache/kerby/kerb-server/1.0.1/kerb-server-1.0.1.jar:/home/user/.m2/repository/org/apache/kerby/kerb-identity/1.0.1/kerb-identity-1.0.1.jar:/home/user/.m2/repository/org/apache/kerby/kerby-xdr/1.0.1/kerby-xdr-1.0.1.jar:/home/user/.m2/repository/org/slf4j/slf4j-log4j12/1.7.30/slf4j-log4j12-1.7.30.jar:/home/user/.m2/repository/org/apache/hadoop/hadoop-ozone-s3gateway/1.2.0-SNAPSHOT/hadoop-ozone-s3gateway-1.2.0-SNAPSHOT.jar:/home/user/.m2/repository/org/jboss/weld/servlet/weld-servlet/2.4.7.Final/weld-servlet-2.4.7.Final.jar:/home/user/.m2/repository/org/glassfish/jersey/containers/jersey-container-servlet-core/2.33/jersey-container-servlet-core-2.33.jar:/home/user/.m2/repository/org/glassfish/hk2/external/jakarta.inject/2.6.1/jakarta.inject-2.6.1.jar:/home/user/.m2/repository/org/glassfish/jersey/core/jersey-common/2.33/jersey-common-2.33.jar:/home/user/.m2/repository/jakarta/ws/rs/jakarta.ws.rs-api/2.1.6/jakarta.ws.rs-api-2.1.6.jar:/home/user/.m2/repository/org/glassfish/jersey/ext/cdi/jersey-cdi1x/2.33/jersey-cdi1x-2.33.jar:/home/user/.m2/repository/org/glassfish/jersey/inject/jersey-hk2/2.33/jersey-hk2-2.33.jar:/home/user/.m2/repository/org/glassfish/hk2/hk2-locator/2.6.1/hk2-locator-2.6.1.jar:/home/user/.m2/repository/org/javassist/javassist/3.25.0-GA/javassist-3.25.0-GA.jar:/home/user/.m2/repository/org/glassfish/jersey/media/jersey-media-jaxb/2.33/jersey-media-jaxb-2.33.jar:/home/user/.m2/repository/org/glassfish/hk2/osgi-resource-locator/1.0.3/osgi-resource-locator-1.0.3.jar:/home/user/.m2/repository/org/glassfish/hk2/hk2-api/2.5.0/hk2-api-2.5.0.jar:/home/user/.m2/repository/org/glassfish/hk2/hk2-utils/2.5.0/hk2-utils-2.5.0.jar:/home/user/.m2/repository/org/glassfish/hk2/external/aopalliance-repackaged/2.5.0/aopalliance-repackaged-2.5.0.jar:/home/user/.m2/repository/com/fasterxml/jackson/dataformat/jackson-dataformat-xml/2.12.1/jackson-dataformat-xml-2.12.1.jar:/home/user/.m2/repository/com/fasterxml/jackson/core/jackson-core/2.12.1/jackson-core-2.12.1.jar:/home/user/.m2/repository/com/fasterxml/jackson/module/jackson-module-jaxb-annotations/2.12.1/jackson-module-jaxb-annotations-2.12.1.jar:/home/user/.m2/repository/jakarta/xml/bind/jakarta.xml.bind-api/2.3.2/jakarta.xml.bind-api-2.3.2.jar:/home/user/.m2/repository/jakarta/activation/jakarta.activation-api/1.2.1/jakarta.activation-api-1.2.1.jar:/home/user/.m2/repository/org/codehaus/woodstox/stax2-api/3.1.4/stax2-api-3.1.4.jar:/home/user/.m2/repository/com/fasterxml/woodstox/woodstox-core/5.0.3/woodstox-core-5.0.3.jar:/home/user/.m2/repository/javax/enterprise/cdi-api/1.2/cdi-api-1.2.jar:/home/user/.m2/repository/javax/el/javax.el-api/3.0.0/javax.el-api-3.0.0.jar:/home/user/.m2/repository/javax/interceptor/javax.interceptor-api/1.2/javax.interceptor-api-1.2.jar:/home/user/.m2/repository/javax/inject/javax.inject/1/javax.inject-1.jar:/home/user/.m2/repository/javax/xml/bind/jaxb-api/2.3.0/jaxb-api-2.3.0.jar:/home/user/.m2/repository/org/glassfish/jaxb/jaxb-runtime/2.3.0.1/jaxb-runtime-2.3.0.1.jar:/home/user/.m2/repository/org/glassfish/jaxb/jaxb-core/2.3.0.1/jaxb-core-2.3.0.1.jar:/home/user/.m2/repository/org/glassfish/jaxb/txw2/2.3.0.1/txw2-2.3.0.1.jar:/home/user/.m2/repository/com/sun/istack/istack-commons-runtime/3.0.5/istack-commons-runtime-3.0.5.jar:/home/user/.m2/repository/org/jvnet/staxex/stax-ex/1.7.8/stax-ex-1.7.8.jar:/home/user/.m2/repository/com/sun/xml/fastinfoset/FastInfoset/1.2.13/FastInfoset-1.2.13.jar:/home/user/.m2/repository/javax/activation/activation/1.1.1/activation-1.1.1.jar:/home/user/.m2/repository/org/apache/hadoop/hadoop-ozone-csi/1.2.0-SNAPSHOT/hadoop-ozone-csi-1.2.0-SNAPSHOT.jar:/home/user/.m2/repository/com/google/protobuf/protobuf-java-util/3.12.0/protobuf-java-util-3.12.0.jar:/home/user/.m2/repository/com/google/code/gson/gson/2.2.4/gson-2.2.4.jar:/home/user/.m2/repository/org/apache/hadoop/hadoop-hdds-config/1.2.0-SNAPSHOT/hadoop-hdds-config-1.2.0-SNAPSHOT.jar:/home/user/.m2/repository/io/grpc/grpc-netty/1.33.0/grpc-netty-1.33.0.jar:/home/user/.m2/repository/io/grpc/grpc-core/1.33.0/grpc-core-1.33.0.jar:/home/user/.m2/repository/com/google/android/annotations/4.1.1.4/annotations-4.1.1.4.jar:/home/user/.m2/repository/io/netty/netty-codec-http2/4.1.51.Final/netty-codec-http2-4.1.51.Final.jar:/home/user/.m2/repository/io/netty/netty-codec/4.1.51.Final/netty-codec-4.1.51.Final.jar:/home/user/.m2/repository/io/netty/netty-handler/4.1.51.Final/netty-handler-4.1.51.Final.jar:/home/user/.m2/repository/io/netty/netty-codec-http/4.1.51.Final/netty-codec-http-4.1.51.Final.jar:/home/user/.m2/repository/io/netty/netty-handler-proxy/4.1.51.Final/netty-handler-proxy-4.1.51.Final.jar:/home/user/.m2/repository/io/netty/netty-codec-socks/4.1.51.Final/netty-codec-socks-4.1.51.Final.jar:/home/user/.m2/repository/io/perfmark/perfmark-api/0.19.0/perfmark-api-0.19.0.jar:/home/user/.m2/repository/org/codehaus/mojo/animal-sniffer-annotations/1.18/animal-sniffer-annotations-1.18.jar:/home/user/.m2/repository/io/netty/netty-transport-native-epoll/4.1.63.Final/netty-transport-native-epoll-4.1.63.Final.jar:/home/user/.m2/repository/io/netty/netty-common/4.1.63.Final/netty-common-4.1.63.Final.jar:/home/user/.m2/repository/io/netty/netty-buffer/4.1.63.Final/netty-buffer-4.1.63.Final.jar:/home/user/.m2/repository/io/netty/netty-transport/4.1.63.Final/netty-transport-4.1.63.Final.jar:/home/user/.m2/repository/io/netty/netty-resolver/4.1.63.Final/netty-resolver-4.1.63.Final.jar:/home/user/.m2/repository/io/netty/netty-transport-native-unix-common/4.1.63.Final/netty-transport-native-unix-common-4.1.63.Final.jar:/home/user/.m2/repository/io/grpc/grpc-protobuf/1.33.0/grpc-protobuf-1.33.0.jar:/home/user/.m2/repository/io/grpc/grpc-api/1.33.0/grpc-api-1.33.0.jar:/home/user/.m2/repository/io/grpc/grpc-context/1.33.0/grpc-context-1.33.0.jar:/home/user/.m2/repository/com/google/api/grpc/proto-google-common-protos/1.17.0/proto-google-common-protos-1.17.0.jar:/home/user/.m2/repository/io/grpc/grpc-protobuf-lite/1.33.0/grpc-protobuf-lite-1.33.0.jar:/home/user/.m2/repository/io/grpc/grpc-stub/1.33.0/grpc-stub-1.33.0.jar:/home/user/.m2/repository/org/apache/hadoop/hadoop-ozone-recon/1.2.0-SNAPSHOT/hadoop-ozone-recon-1.2.0-SNAPSHOT.jar:/home/user/.m2/repository/org/apache/hadoop/hadoop-ozone-reconcodegen/1.2.0-SNAPSHOT/hadoop-ozone-reconcodegen-1.2.0-SNAPSHOT.jar:/home/user/.m2/repository/com/google/inject/extensions/guice-multibindings/4.0/guice-multibindings-4.0.jar:/home/user/.m2/repository/com/google/inject/guice/4.0/guice-4.0.jar:/home/user/.m2/repository/aopalliance/aopalliance/1.0/aopalliance-1.0.jar:/home/user/.m2/repository/com/google/inject/extensions/guice-assistedinject/4.0/guice-assistedinject-4.0.jar:/home/user/.m2/repository/com/google/inject/extensions/guice-servlet/4.0/guice-servlet-4.0.jar:/home/user/.m2/repository/org/glassfish/jersey/containers/jersey-container-servlet/2.33/jersey-container-servlet-2.33.jar:/home/user/.m2/repository/org/glassfish/hk2/guice-bridge/2.5.0/guice-bridge-2.5.0.jar:/home/user/.m2/repository/org/glassfish/jersey/core/jersey-server/2.33/jersey-server-2.33.jar:/home/user/.m2/repository/org/glassfish/jersey/core/jersey-client/2.33/jersey-client-2.33.jar:/home/user/.m2/repository/jakarta/annotation/jakarta.annotation-api/1.3.5/jakarta.annotation-api-1.3.5.jar:/home/user/.m2/repository/jakarta/validation/jakarta.validation-api/2.0.2/jakarta.validation-api-2.0.2.jar:/home/user/.m2/repository/org/glassfish/jersey/media/jersey-media-json-jackson/2.33/jersey-media-json-jackson-2.33.jar:/home/user/.m2/repository/org/glassfish/jersey/ext/jersey-entity-filtering/2.33/jersey-entity-filtering-2.33.jar:/home/user/.m2/repository/org/jooq/jooq/3.11.10/jooq-3.11.10.jar:/home/user/.m2/repository/org/jooq/jooq-meta/3.11.10/jooq-meta-3.11.10.jar:/home/user/.m2/repository/org/jooq/jooq-codegen/3.11.10/jooq-codegen-3.11.10.jar:/home/user/.m2/repository/com/jolbox/bonecp/0.8.0.RELEASE/bonecp-0.8.0.RELEASE.jar:/home/user/.m2/repository/org/apache/derby/derby/10.14.2.0/derby-10.14.2.0.jar:/home/user/.m2/repository/org/xerial/sqlite-jdbc/3.25.2/sqlite-jdbc-3.25.2.jar:/home/user/.m2/repository/org/springframework/spring-jdbc/5.2.11.RELEASE/spring-jdbc-5.2.11.RELEASE.jar:/home/user/.m2/repository/org/springframework/spring-beans/5.2.11.RELEASE/spring-beans-5.2.11.RELEASE.jar:/home/user/.m2/repository/org/springframework/spring-core/5.2.11.RELEASE/spring-core-5.2.11.RELEASE.jar:/home/user/.m2/repository/org/springframework/spring-jcl/5.2.11.RELEASE/spring-jcl-5.2.11.RELEASE.jar:/home/user/.m2/repository/org/springframework/spring-tx/5.2.11.RELEASE/spring-tx-5.2.11.RELEASE.jar:/home/user/.m2/repository/org/apache/hadoop/hadoop-ozone-client/1.2.0-SNAPSHOT/hadoop-ozone-client-1.2.0-SNAPSHOT.jar:/home/user/.m2/repository/org/apache/hadoop/hadoop-ozone-filesystem/1.2.0-SNAPSHOT/hadoop-ozone-filesystem-1.2.0-SNAPSHOT.jar:/home/user/.m2/repository/org/apache/hadoop/hadoop-ozone-filesystem-common/1.2.0-SNAPSHOT/hadoop-ozone-filesystem-common-1.2.0-SNAPSHOT.jar:/home/user/.m2/repository/org/apache/hadoop/hadoop-ozone-tools/1.2.0-SNAPSHOT/hadoop-ozone-tools-1.2.0-SNAPSHOT.jar:/home/user/.m2/repository/org/apache/ratis/ratis-tools/2.1.0-ff8aa66-SNAPSHOT/ratis-tools-2.1.0-ff8aa66-SNAPSHOT.jar:/home/user/.m2/repository/org/apache/ratis/ratis-proto/2.1.0-ff8aa66-SNAPSHOT/ratis-proto-2.1.0-ff8aa66-SNAPSHOT.jar:/home/user/.m2/repository/org/apache/ratis/ratis-common/2.1.0-ff8aa66-SNAPSHOT/ratis-common-2.1.0-ff8aa66-SNAPSHOT.jar:/home/user/.m2/repository/com/amazonaws/aws-java-sdk-core/1.11.901/aws-java-sdk-core-1.11.901.jar:/home/user/.m2/repository/org/apache/httpcomponents/httpclient/4.5.13/httpclient-4.5.13.jar:/home/user/.m2/repository/org/apache/httpcomponents/httpcore/4.4.13/httpcore-4.4.13.jar:/home/user/.m2/repository/software/amazon/ion/ion-java/1.0.2/ion-java-1.0.2.jar:/home/user/.m2/repository/com/fasterxml/jackson/dataformat/jackson-dataformat-cbor/2.12.1/jackson-dataformat-cbor-2.12.1.jar:/home/user/.m2/repository/joda-time/joda-time/2.8.1/joda-time-2.8.1.jar:/home/user/.m2/repository/com/amazonaws/aws-java-sdk-s3/1.11.901/aws-java-sdk-s3-1.11.901.jar:/home/user/.m2/repository/com/amazonaws/aws-java-sdk-kms/1.11.901/aws-java-sdk-kms-1.11.901.jar:/home/user/.m2/repository/com/amazonaws/jmespath-java/1.11.901/jmespath-java-1.11.901.jar:/home/user/.m2/repository/org/kohsuke/metainf-services/metainf-services/1.8/metainf-services-1.8.jar:/home/user/.m2/repository/org/apache/hadoop/hadoop-hdds-tools/1.2.0-SNAPSHOT/hadoop-hdds-tools-1.2.0-SNAPSHOT.jar:/home/user/.m2/repository/commons-cli/commons-cli/1.2/commons-cli-1.2.jar:/home/user/.m2/repository/org/apache/commons/commons-lang3/3.7/commons-lang3-3.7.jar:/home/user/.m2/repository/org/apache/hadoop/hadoop-ozone-ozone-manager/1.2.0-SNAPSHOT/hadoop-ozone-ozone-manager-1.2.0-SNAPSHOT-tests.jar:/home/user/.m2/repository/org/apache/hadoop/hadoop-hdds-common/1.2.0-SNAPSHOT/hadoop-hdds-common-1.2.0-SNAPSHOT-tests.jar:/home/user/.m2/repository/org/apache/hadoop/hadoop-hdds-hadoop-dependency-client/1.2.0-SNAPSHOT/hadoop-hdds-hadoop-dependency-client-1.2.0-SNAPSHOT.jar:/home/user/.m2/repository/info/picocli/picocli/4.4.0/picocli-4.4.0.jar:/home/user/.m2/repository/com/fasterxml/jackson/core/jackson-annotations/2.12.1/jackson-annotations-2.12.1.jar:/home/user/.m2/repository/javax/annotation/javax.annotation-api/1.2/javax.annotation-api-1.2.jar:/home/user/.m2/repository/org/fusesource/leveldbjni/leveldbjni-all/1.8/leveldbjni-all-1.8.jar:/home/user/.m2/repository/org/apache/ratis/ratis-server/2.1.0-ff8aa66-SNAPSHOT/ratis-server-2.1.0-ff8aa66-SNAPSHOT.jar:/home/user/.m2/repository/org/apache/ratis/ratis-client/2.1.0-ff8aa66-SNAPSHOT/ratis-client-2.1.0-ff8aa66-SNAPSHOT.jar:/home/user/.m2/repository/org/apache/ratis/ratis-server-api/2.1.0-ff8aa66-SNAPSHOT/ratis-server-api-2.1.0-ff8aa66-SNAPSHOT.jar:/home/user/.m2/repository/org/apache/ratis/ratis-metrics/2.1.0-ff8aa66-SNAPSHOT/ratis-metrics-2.1.0-ff8aa66-SNAPSHOT.jar:/home/user/.m2/repository/org/apache/ratis/ratis-netty/2.1.0-ff8aa66-SNAPSHOT/ratis-netty-2.1.0-ff8aa66-SNAPSHOT.jar:/home/user/.m2/repository/org/apache/ratis/ratis-grpc/2.1.0-ff8aa66-SNAPSHOT/ratis-grpc-2.1.0-ff8aa66-SNAPSHOT.jar:/home/user/.m2/repository/org/apache/logging/log4j/log4j-api/2.13.3/log4j-api-2.13.3.jar:/home/user/.m2/repository/org/apache/logging/log4j/log4j-core/2.13.3/log4j-core-2.13.3.jar:/home/user/.m2/repository/com/lmax/disruptor/3.4.2/disruptor-3.4.2.jar:/home/user/.m2/repository/org/apache/commons/commons-pool2/2.6.0/commons-pool2-2.6.0.jar:/home/user/.m2/repository/org/bouncycastle/bcpkix-jdk15on/1.67/bcpkix-jdk15on-1.67.jar:/home/user/.m2/repository/commons-validator/commons-validator/1.6/commons-validator-1.6.jar:/home/user/.m2/repository/commons-beanutils/commons-beanutils/1.9.4/commons-beanutils-1.9.4.jar:/home/user/.m2/repository/commons-digester/commons-digester/1.8.1/commons-digester-1.8.1.jar:/home/user/.m2/repository/commons-collections/commons-collections/3.2.2/commons-collections-3.2.2.jar:/home/user/.m2/repository/io/jaegertracing/jaeger-client/1.6.0/jaeger-client-1.6.0.jar:/home/user/.m2/repository/io/jaegertracing/jaeger-thrift/1.6.0/jaeger-thrift-1.6.0.jar:/home/user/.m2/repository/org/apache/thrift/libthrift/0.14.1/libthrift-0.14.1.jar:/home/user/.m2/repository/com/squareup/okhttp3/okhttp/4.9.0/okhttp-4.9.0.jar:/home/user/.m2/repository/com/squareup/okio/okio/2.8.0/okio-2.8.0.jar:/home/user/.m2/repository/io/jaegertracing/jaeger-core/1.6.0/jaeger-core-1.6.0.jar:/home/user/.m2/repository/io/jaegertracing/jaeger-tracerresolver/1.6.0/jaeger-tracerresolver-1.6.0.jar:/home/user/.m2/repository/io/opentracing/contrib/opentracing-tracerresolver/0.1.8/opentracing-tracerresolver-0.1.8.jar:/home/user/.m2/repository/org/jetbrains/kotlin/kotlin-stdlib/1.4.31/kotlin-stdlib-1.4.31.jar:/home/user/.m2/repository/org/jetbrains/kotlin/kotlin-stdlib-common/1.4.31/kotlin-stdlib-common-1.4.31.jar:/home/user/.m2/repository/org/jetbrains/annotations/13.0/annotations-13.0.jar:/home/user/.m2/repository/io/opentracing/opentracing-util/0.33.0/opentracing-util-0.33.0.jar:/home/user/.m2/repository/io/opentracing/opentracing-api/0.33.0/opentracing-api-0.33.0.jar:/home/user/.m2/repository/io/opentracing/opentracing-noop/0.33.0/opentracing-noop-0.33.0.jar:/home/user/.m2/repository/org/yaml/snakeyaml/1.26/snakeyaml-1.26.jar:/home/user/.m2/repository/org/apache/hadoop/hadoop-hdds-interface-admin/1.2.0-SNAPSHOT/hadoop-hdds-interface-admin-1.2.0-SNAPSHOT.jar:/home/user/.m2/repository/junit/junit/4.13.1/junit-4.13.1.jar:/home/user/.m2/repository/org/hamcrest/hamcrest-core/1.3/hamcrest-core-1.3.jar:/home/user/.m2/repository/org/junit/jupiter/junit-jupiter-api/5.7.0/junit-jupiter-api-5.7.0.jar:/home/user/.m2/repository/org/apiguardian/apiguardian-api/1.1.0/apiguardian-api-1.1.0.jar:/home/user/.m2/repository/org/opentest4j/opentest4j/1.2.0/opentest4j-1.2.0.jar:/home/user/.m2/repository/org/junit/platform/junit-platform-commons/1.7.0/junit-platform-commons-1.7.0.jar:/home/user/.m2/repository/org/junit/jupiter/junit-jupiter-engine/5.7.0/junit-jupiter-engine-5.7.0.jar:/home/user/.m2/repository/org/junit/platform/junit-platform-engine/1.7.0/junit-platform-engine-1.7.0.jar:/home/user/.m2/repository/org/junit/vintage/junit-vintage-engine/5.7.0/junit-vintage-engine-5.7.0.jar:/home/user/.m2/repository/org/junit/platform/junit-platform-launcher/1.7.0/junit-platform-launcher-1.7.0.jar:/home/user/.m2/repository/org/openjdk/jmh/jmh-core/1.19/jmh-core-1.19.jar:/home/user/.m2/repository/net/sf/jopt-simple/jopt-simple/4.6/jopt-simple-4.6.jar:/home/user/.m2/repository/org/apache/commons/commons-math3/3.1.1/commons-math3-3.1.1.jar:/home/user/.m2/repository/org/openjdk/jmh/jmh-generator-annprocess/1.19/jmh-generator-annprocess-1.19.jar:/home/user/.m2/repository/org/mockito/mockito-all/1.8.5/mockito-all-1.8.5.jar:/home/user/.m2/repository/org/apache/hadoop/hadoop-kms/3.2.2/hadoop-kms-3.2.2.jar:/home/user/.m2/repository/org/apache/hadoop/hadoop-auth/3.2.2/hadoop-auth-3.2.2.jar:/home/user/.m2/repository/com/nimbusds/nimbus-jose-jwt/7.9/nimbus-jose-jwt-7.9.jar:/home/user/.m2/repository/com/github/stephenc/jcip/jcip-annotations/1.0-1/jcip-annotations-1.0-1.jar:/home/user/.m2/repository/net/minidev/json-smart/2.3/json-smart-2.3.jar:/home/user/.m2/repository/net/minidev/accessors-smart/1.2/accessors-smart-1.2.jar:/home/user/.m2/repository/org/ow2/asm/asm/5.0.4/asm-5.0.4.jar:/home/user/.m2/repository/org/apache/zookeeper/zookeeper/3.4.13/zookeeper-3.4.13.jar:/home/user/.m2/repository/org/apache/yetus/audience-annotations/0.5.0/audience-annotations-0.5.0.jar:/home/user/.m2/repository/org/apache/curator/curator-framework/2.13.0/curator-framework-2.13.0.jar:/home/user/.m2/repository/com/sun/jersey/jersey-core/1.19/jersey-core-1.19.jar:/home/user/.m2/repository/javax/ws/rs/jsr311-api/1.1.1/jsr311-api-1.1.1.jar:/home/user/.m2/repository/com/sun/jersey/jersey-server/1.19/jersey-server-1.19.jar:/home/user/.m2/repository/javax/servlet/javax.servlet-api/3.1.0/javax.servlet-api-3.1.0.jar:/home/user/.m2/repository/org/eclipse/jetty/jetty-server/9.4.35.v20201120/jetty-server-9.4.35.v20201120.jar:/home/user/.m2/repository/org/eclipse/jetty/jetty-http/9.4.35.v20201120/jetty-http-9.4.35.v20201120.jar:/home/user/.m2/repository/org/eclipse/jetty/jetty-io/9.4.35.v20201120/jetty-io-9.4.35.v20201120.jar:/home/user/.m2/repository/org/eclipse/jetty/jetty-webapp/9.4.35.v20201120/jetty-webapp-9.4.35.v20201120.jar:/home/user/.m2/repository/org/eclipse/jetty/jetty-xml/9.4.35.v20201120/jetty-xml-9.4.35.v20201120.jar:/home/user/.m2/repository/org/apache/hadoop/hadoop-common/3.2.2/hadoop-common-3.2.2.jar:/home/user/.m2/repository/commons-net/commons-net/3.6/commons-net-3.6.jar:/home/user/.m2/repository/javax/activation/javax.activation-api/1.2.0/javax.activation-api-1.2.0.jar:/home/user/.m2/repository/com/sun/jersey/jersey-servlet/1.19/jersey-servlet-1.19.jar:/home/user/.m2/repository/com/sun/jersey/jersey-json/1.19/jersey-json-1.19.jar:/home/user/.m2/repository/org/codehaus/jettison/jettison/1.1/jettison-1.1.jar:/home/user/.m2/repository/com/sun/xml/bind/jaxb-impl/2.2.3-1/jaxb-impl-2.2.3-1.jar:/home/user/.m2/repository/org/codehaus/jackson/jackson-jaxrs/1.9.2/jackson-jaxrs-1.9.2.jar:/home/user/.m2/repository/org/codehaus/jackson/jackson-xc/1.9.2/jackson-xc-1.9.2.jar:/home/user/.m2/repository/org/apache/commons/commons-configuration2/2.1.1/commons-configuration2-2.1.1.jar:/home/user/.m2/repository/org/apache/commons/commons-text/1.4/commons-text-1.4.jar:/home/user/.m2/repository/com/google/re2j/re2j/1.1/re2j-1.1.jar:/home/user/.m2/repository/com/jcraft/jsch/0.1.54/jsch-0.1.54.jar:/home/user/.m2/repository/org/apache/curator/curator-client/2.13.0/curator-client-2.13.0.jar:/home/user/.m2/repository/org/apache/curator/curator-recipes/2.13.0/curator-recipes-2.13.0.jar:/home/user/.m2/repository/dnsjava/dnsjava/2.1.7/dnsjava-2.1.7.jar:/home/user/.m2/repository/org/slf4j/jul-to-slf4j/1.7.30/jul-to-slf4j-1.7.30.jar:/home/user/.m2/repository/org/eclipse/jetty/jetty-util/9.4.35.v20201120/jetty-util-9.4.35.v20201120.jar:/home/user/.m2/repository/com/fasterxml/jackson/core/jackson-databind/2.12.1/jackson-databind-2.12.1.jar:/home/user/.m2/repository/org/apache/hadoop/hadoop-kms/3.2.2/hadoop-kms-3.2.2-tests.jar:/home/user/.m2/repository/org/apache/hadoop/hadoop-hdds-server-scm/1.2.0-SNAPSHOT/hadoop-hdds-server-scm-1.2.0-SNAPSHOT-tests.jar:/home/user/.m2/repository/org/apache/hadoop/hadoop-hdds-container-service/1.2.0-SNAPSHOT/hadoop-hdds-container-service-1.2.0-SNAPSHOT-tests.jar:/home/user/.m2/repository/commons-codec/commons-codec/1.11/commons-codec-1.11.jar:/home/user/.m2/repository/org/apache/hadoop/hadoop-hdds-hadoop-dependency-test/1.2.0-SNAPSHOT/hadoop-hdds-hadoop-dependency-test-1.2.0-SNAPSHOT.jar:/home/user/.m2/repository/org/apache/hadoop/hadoop-common/3.2.2/hadoop-common-3.2.2-tests.jar:/home/user/.m2/repository/org/apache/hadoop/hadoop-hdfs/3.2.2/hadoop-hdfs-3.2.2-tests.jar:/home/user/.m2/repository/org/eclipse/jetty/jetty-util-ajax/9.4.35.v20201120/jetty-util-ajax-9.4.35.v20201120.jar:/home/user/.m2/repository/commons-daemon/commons-daemon/1.0.13/commons-daemon-1.0.13.jar:/home/user/.m2/repository/io/netty/netty/3.10.6.Final/netty-3.10.6.Final.jar:/home/user/.m2/repository/io/netty/netty-all/4.1.63.Final/netty-all-4.1.63.Final.jar:/home/user/.m2/repository/org/apache/htrace/htrace-core4/4.1.0-incubating/htrace-core4-4.1.0-incubating.jar:/home/user/.m2/repository/org/apache/hadoop/hadoop-distcp/3.2.2/hadoop-distcp-3.2.2.jar:/home/user/.m2/repository/org/apache/hadoop/hadoop-mapreduce-client-jobclient/3.2.2/hadoop-mapreduce-client-jobclient-3.2.2.jar:/home/user/.m2/repository/org/apache/hadoop/hadoop-mapreduce-client-common/3.2.2/hadoop-mapreduce-client-common-3.2.2.jar:/home/user/.m2/repository/org/apache/hadoop/hadoop-yarn-common/3.2.2/hadoop-yarn-common-3.2.2.jar:/home/user/.m2/repository/org/apache/hadoop/hadoop-yarn-api/3.2.2/hadoop-yarn-api-3.2.2.jar:/home/user/.m2/repository/com/sun/jersey/jersey-client/1.19/jersey-client-1.19.jar:/home/user/.m2/repository/com/sun/jersey/contribs/jersey-guice/1.19/jersey-guice-1.19.jar:/home/user/.m2/repository/com/fasterxml/jackson/jaxrs/jackson-jaxrs-json-provider/2.12.1/jackson-jaxrs-json-provider-2.12.1.jar:/home/user/.m2/repository/com/fasterxml/jackson/jaxrs/jackson-jaxrs-base/2.12.1/jackson-jaxrs-base-2.12.1.jar:/home/user/.m2/repository/org/apache/hadoop/hadoop-yarn-client/3.2.2/hadoop-yarn-client-3.2.2.jar:/home/user/.m2/repository/org/apache/hadoop/hadoop-mapreduce-client-core/3.2.2/hadoop-mapreduce-client-core-3.2.2.jar:/home/user/.m2/repository/org/apache/avro/avro/1.7.7/avro-1.7.7.jar:/home/user/.m2/repository/org/codehaus/jackson/jackson-core-asl/1.9.13/jackson-core-asl-1.9.13.jar:/home/user/.m2/repository/org/codehaus/jackson/jackson-mapper-asl/1.9.13/jackson-mapper-asl-1.9.13.jar:/home/user/.m2/repository/com/thoughtworks/paranamer/paranamer/2.3/paranamer-2.3.jar:/home/user/.m2/repository/org/xerial/snappy/snappy-java/1.0.5/snappy-java-1.0.5.jar:/home/user/.m2/repository/org/apache/hadoop/hadoop-annotations/3.2.2/hadoop-annotations-3.2.2.jar:/usr/lib/jvm/java-1.8.0-openjdk-1.8.0.232.b09-0.el7_7.x86_64/jre/../lib/tools.jar:/home/user/.m2/repository/org/apache/hadoop/hadoop-distcp/3.2.2/hadoop-distcp-3.2.2-tests.jar:"/>
    <property name="java.vm.vendor" value="Oracle Corporation"/>
    <property name="sun.arch.data.model" value="64"/>
    <property name="test.build.dir" value="/github/workspace/mnt/ozone/hadoop-ozone/integration-test/target/test-dir"/>
    <property name="test.cache.data" value=""/>
    <property name="java.vendor.url" value="http://java.oracle.com/"/>
    <property name="user.timezone" value=""/>
    <property name="java.vm.specification.version" value="1.8"/>
    <property name="os.name" value="Linux"/>
    <property name="test.build.data" value="/github/workspace/mnt/ozone/hadoop-ozone/integration-test/target/test-dir"/>
    <property name="user.country" value="US"/>
    <property name="sun.java.launcher" value="SUN_STANDARD"/>
    <property name="sun.boot.library.path" value="/usr/lib/jvm/java-1.8.0-openjdk-1.8.0.232.b09-0.el7_7.x86_64/jre/lib/amd64"/>
    <property name="sun.java.command" value="/github/workspace/mnt/ozone/hadoop-ozone/integration-test/target/surefire/surefirebooter9087640306716712671.jar /github/workspace/mnt/ozone/hadoop-ozone/integration-test/target/surefire 2021-05-05T14-56-48_666-jvmRun1 surefire6727047072686942371tmp surefire_66897270874837472866tmp"/>
    <property name="surefire.test.class.path" value="/github/workspace/mnt/ozone/hadoop-ozone/integration-test/target/test-classes:/github/workspace/mnt/ozone/hadoop-ozone/integration-test/target/classes:/home/user/.m2/repository/org/apache/hadoop/hadoop-ozone-common/1.2.0-SNAPSHOT/hadoop-ozone-common-1.2.0-SNAPSHOT.jar:/home/user/.m2/repository/org/apache/commons/commons-compress/1.20/commons-compress-1.20.jar:/home/user/.m2/repository/org/apache/hadoop/hadoop-hdds-common/1.2.0-SNAPSHOT/hadoop-hdds-common-1.2.0-SNAPSHOT.jar:/home/user/.m2/repository/org/apache/hadoop/hadoop-hdds-client/1.2.0-SNAPSHOT/hadoop-hdds-client-1.2.0-SNAPSHOT.jar:/home/user/.m2/repository/org/apache/hadoop/hadoop-ozone-interface-client/1.2.0-SNAPSHOT/hadoop-ozone-interface-client-1.2.0-SNAPSHOT.jar:/home/user/.m2/repository/org/apache/hadoop/hadoop-hdds-test-utils/1.2.0-SNAPSHOT/hadoop-hdds-test-utils-1.2.0-SNAPSHOT.jar:/home/user/.m2/repository/com/google/guava/guava/30.1.1-jre/guava-30.1.1-jre.jar:/home/user/.m2/repository/com/google/guava/failureaccess/1.0.1/failureaccess-1.0.1.jar:/home/user/.m2/repository/com/google/guava/listenablefuture/9999.0-empty-to-avoid-conflict-with-guava/listenablefuture-9999.0-empty-to-avoid-conflict-with-guava.jar:/home/user/.m2/repository/com/google/code/findbugs/jsr305/3.0.0/jsr305-3.0.0.jar:/home/user/.m2/repository/org/checkerframework/checker-qual/3.8.0/checker-qual-3.8.0.jar:/home/user/.m2/repository/com/google/errorprone/error_prone_annotations/2.2.0/error_prone_annotations-2.2.0.jar:/home/user/.m2/repository/com/google/j2objc/j2objc-annotations/1.3/j2objc-annotations-1.3.jar:/home/user/.m2/repository/commons-io/commons-io/2.8.0/commons-io-2.8.0.jar:/home/user/.m2/repository/commons-logging/commons-logging/1.2/commons-logging-1.2.jar:/home/user/.m2/repository/log4j/log4j/1.2.17/log4j-1.2.17.jar:/home/user/.m2/repository/org/slf4j/slf4j-api/1.7.30/slf4j-api-1.7.30.jar:/home/user/.m2/repository/org/apache/hadoop/hadoop-hdds-server-scm/1.2.0-SNAPSHOT/hadoop-hdds-server-scm-1.2.0-SNAPSHOT.jar:/home/user/.m2/repository/org/apache/hadoop/hadoop-hdds-container-service/1.2.0-SNAPSHOT/hadoop-hdds-container-service-1.2.0-SNAPSHOT.jar:/home/user/.m2/repository/org/apache/hadoop/hadoop-hdds-hadoop-dependency-server/1.2.0-SNAPSHOT/hadoop-hdds-hadoop-dependency-server-1.2.0-SNAPSHOT.jar:/home/user/.m2/repository/org/apache/hadoop/hadoop-hdfs/3.2.2/hadoop-hdfs-3.2.2.jar:/home/user/.m2/repository/org/apache/hadoop/hadoop-hdds-server-framework/1.2.0-SNAPSHOT/hadoop-hdds-server-framework-1.2.0-SNAPSHOT.jar:/home/user/.m2/repository/org/apache/hadoop/hadoop-hdds-interface-server/1.2.0-SNAPSHOT/hadoop-hdds-interface-server-1.2.0-SNAPSHOT.jar:/home/user/.m2/repository/org/eclipse/jetty/jetty-servlet/9.4.35.v20201120/jetty-servlet-9.4.35.v20201120.jar:/home/user/.m2/repository/org/eclipse/jetty/jetty-security/9.4.35.v20201120/jetty-security-9.4.35.v20201120.jar:/home/user/.m2/repository/org/rocksdb/rocksdbjni/6.8.1/rocksdbjni-6.8.1.jar:/home/user/.m2/repository/io/prometheus/simpleclient_dropwizard/0.7.0/simpleclient_dropwizard-0.7.0.jar:/home/user/.m2/repository/io/prometheus/simpleclient/0.7.0/simpleclient-0.7.0.jar:/home/user/.m2/repository/io/prometheus/simpleclient_common/0.7.0/simpleclient_common-0.7.0.jar:/home/user/.m2/repository/com/fasterxml/jackson/datatype/jackson-datatype-jsr310/2.12.1/jackson-datatype-jsr310-2.12.1.jar:/home/user/.m2/repository/io/dropwizard/metrics/metrics-core/3.2.4/metrics-core-3.2.4.jar:/home/user/.m2/repository/org/apache/hadoop/hadoop-hdfs-client/3.2.2/hadoop-hdfs-client-3.2.2.jar:/home/user/.m2/repository/org/bouncycastle/bcprov-jdk15on/1.67/bcprov-jdk15on-1.67.jar:/home/user/.m2/repository/com/google/protobuf/protobuf-java/2.5.0/protobuf-java-2.5.0.jar:/home/user/.m2/repository/org/apache/hadoop/hadoop-ozone-ozone-manager/1.2.0-SNAPSHOT/hadoop-ozone-ozone-manager-1.2.0-SNAPSHOT.jar:/home/user/.m2/repository/org/apache/hadoop/hadoop-hdds-interface-client/1.2.0-SNAPSHOT/hadoop-hdds-interface-client-1.2.0-SNAPSHOT.jar:/home/user/.m2/repository/org/apache/ratis/ratis-thirdparty-misc/0.7.0-a398b19-SNAPSHOT/ratis-thirdparty-misc-0.7.0-a398b19-SNAPSHOT.jar:/home/user/.m2/repository/org/apache/hadoop/hadoop-ozone-interface-storage/1.2.0-SNAPSHOT/hadoop-ozone-interface-storage-1.2.0-SNAPSHOT.jar:/home/user/.m2/repository/org/apache/hadoop/hadoop-minikdc/3.2.2/hadoop-minikdc-3.2.2.jar:/home/user/.m2/repository/org/apache/kerby/kerb-simplekdc/1.0.1/kerb-simplekdc-1.0.1.jar:/home/user/.m2/repository/org/apache/kerby/kerb-client/1.0.1/kerb-client-1.0.1.jar:/home/user/.m2/repository/org/apache/kerby/kerby-config/1.0.1/kerby-config-1.0.1.jar:/home/user/.m2/repository/org/apache/kerby/kerb-core/1.0.1/kerb-core-1.0.1.jar:/home/user/.m2/repository/org/apache/kerby/kerby-pkix/1.0.1/kerby-pkix-1.0.1.jar:/home/user/.m2/repository/org/apache/kerby/kerby-asn1/1.0.1/kerby-asn1-1.0.1.jar:/home/user/.m2/repository/org/apache/kerby/kerby-util/1.0.1/kerby-util-1.0.1.jar:/home/user/.m2/repository/org/apache/kerby/kerb-common/1.0.1/kerb-common-1.0.1.jar:/home/user/.m2/repository/org/apache/kerby/kerb-crypto/1.0.1/kerb-crypto-1.0.1.jar:/home/user/.m2/repository/org/apache/kerby/kerb-util/1.0.1/kerb-util-1.0.1.jar:/home/user/.m2/repository/org/apache/kerby/token-provider/1.0.1/token-provider-1.0.1.jar:/home/user/.m2/repository/org/apache/kerby/kerb-admin/1.0.1/kerb-admin-1.0.1.jar:/home/user/.m2/repository/org/apache/kerby/kerb-server/1.0.1/kerb-server-1.0.1.jar:/home/user/.m2/repository/org/apache/kerby/kerb-identity/1.0.1/kerb-identity-1.0.1.jar:/home/user/.m2/repository/org/apache/kerby/kerby-xdr/1.0.1/kerby-xdr-1.0.1.jar:/home/user/.m2/repository/org/slf4j/slf4j-log4j12/1.7.30/slf4j-log4j12-1.7.30.jar:/home/user/.m2/repository/org/apache/hadoop/hadoop-ozone-s3gateway/1.2.0-SNAPSHOT/hadoop-ozone-s3gateway-1.2.0-SNAPSHOT.jar:/home/user/.m2/repository/org/jboss/weld/servlet/weld-servlet/2.4.7.Final/weld-servlet-2.4.7.Final.jar:/home/user/.m2/repository/org/glassfish/jersey/containers/jersey-container-servlet-core/2.33/jersey-container-servlet-core-2.33.jar:/home/user/.m2/repository/org/glassfish/hk2/external/jakarta.inject/2.6.1/jakarta.inject-2.6.1.jar:/home/user/.m2/repository/org/glassfish/jersey/core/jersey-common/2.33/jersey-common-2.33.jar:/home/user/.m2/repository/jakarta/ws/rs/jakarta.ws.rs-api/2.1.6/jakarta.ws.rs-api-2.1.6.jar:/home/user/.m2/repository/org/glassfish/jersey/ext/cdi/jersey-cdi1x/2.33/jersey-cdi1x-2.33.jar:/home/user/.m2/repository/org/glassfish/jersey/inject/jersey-hk2/2.33/jersey-hk2-2.33.jar:/home/user/.m2/repository/org/glassfish/hk2/hk2-locator/2.6.1/hk2-locator-2.6.1.jar:/home/user/.m2/repository/org/javassist/javassist/3.25.0-GA/javassist-3.25.0-GA.jar:/home/user/.m2/repository/org/glassfish/jersey/media/jersey-media-jaxb/2.33/jersey-media-jaxb-2.33.jar:/home/user/.m2/repository/org/glassfish/hk2/osgi-resource-locator/1.0.3/osgi-resource-locator-1.0.3.jar:/home/user/.m2/repository/org/glassfish/hk2/hk2-api/2.5.0/hk2-api-2.5.0.jar:/home/user/.m2/repository/org/glassfish/hk2/hk2-utils/2.5.0/hk2-utils-2.5.0.jar:/home/user/.m2/repository/org/glassfish/hk2/external/aopalliance-repackaged/2.5.0/aopalliance-repackaged-2.5.0.jar:/home/user/.m2/repository/com/fasterxml/jackson/dataformat/jackson-dataformat-xml/2.12.1/jackson-dataformat-xml-2.12.1.jar:/home/user/.m2/repository/com/fasterxml/jackson/core/jackson-core/2.12.1/jackson-core-2.12.1.jar:/home/user/.m2/repository/com/fasterxml/jackson/module/jackson-module-jaxb-annotations/2.12.1/jackson-module-jaxb-annotations-2.12.1.jar:/home/user/.m2/repository/jakarta/xml/bind/jakarta.xml.bind-api/2.3.2/jakarta.xml.bind-api-2.3.2.jar:/home/user/.m2/repository/jakarta/activation/jakarta.activation-api/1.2.1/jakarta.activation-api-1.2.1.jar:/home/user/.m2/repository/org/codehaus/woodstox/stax2-api/3.1.4/stax2-api-3.1.4.jar:/home/user/.m2/repository/com/fasterxml/woodstox/woodstox-core/5.0.3/woodstox-core-5.0.3.jar:/home/user/.m2/repository/javax/enterprise/cdi-api/1.2/cdi-api-1.2.jar:/home/user/.m2/repository/javax/el/javax.el-api/3.0.0/javax.el-api-3.0.0.jar:/home/user/.m2/repository/javax/interceptor/javax.interceptor-api/1.2/javax.interceptor-api-1.2.jar:/home/user/.m2/repository/javax/inject/javax.inject/1/javax.inject-1.jar:/home/user/.m2/repository/javax/xml/bind/jaxb-api/2.3.0/jaxb-api-2.3.0.jar:/home/user/.m2/repository/org/glassfish/jaxb/jaxb-runtime/2.3.0.1/jaxb-runtime-2.3.0.1.jar:/home/user/.m2/repository/org/glassfish/jaxb/jaxb-core/2.3.0.1/jaxb-core-2.3.0.1.jar:/home/user/.m2/repository/org/glassfish/jaxb/txw2/2.3.0.1/txw2-2.3.0.1.jar:/home/user/.m2/repository/com/sun/istack/istack-commons-runtime/3.0.5/istack-commons-runtime-3.0.5.jar:/home/user/.m2/repository/org/jvnet/staxex/stax-ex/1.7.8/stax-ex-1.7.8.jar:/home/user/.m2/repository/com/sun/xml/fastinfoset/FastInfoset/1.2.13/FastInfoset-1.2.13.jar:/home/user/.m2/repository/javax/activation/activation/1.1.1/activation-1.1.1.jar:/home/user/.m2/repository/org/apache/hadoop/hadoop-ozone-csi/1.2.0-SNAPSHOT/hadoop-ozone-csi-1.2.0-SNAPSHOT.jar:/home/user/.m2/repository/com/google/protobuf/protobuf-java-util/3.12.0/protobuf-java-util-3.12.0.jar:/home/user/.m2/repository/com/google/code/gson/gson/2.2.4/gson-2.2.4.jar:/home/user/.m2/repository/org/apache/hadoop/hadoop-hdds-config/1.2.0-SNAPSHOT/hadoop-hdds-config-1.2.0-SNAPSHOT.jar:/home/user/.m2/repository/io/grpc/grpc-netty/1.33.0/grpc-netty-1.33.0.jar:/home/user/.m2/repository/io/grpc/grpc-core/1.33.0/grpc-core-1.33.0.jar:/home/user/.m2/repository/com/google/android/annotations/4.1.1.4/annotations-4.1.1.4.jar:/home/user/.m2/repository/io/netty/netty-codec-http2/4.1.51.Final/netty-codec-http2-4.1.51.Final.jar:/home/user/.m2/repository/io/netty/netty-codec/4.1.51.Final/netty-codec-4.1.51.Final.jar:/home/user/.m2/repository/io/netty/netty-handler/4.1.51.Final/netty-handler-4.1.51.Final.jar:/home/user/.m2/repository/io/netty/netty-codec-http/4.1.51.Final/netty-codec-http-4.1.51.Final.jar:/home/user/.m2/repository/io/netty/netty-handler-proxy/4.1.51.Final/netty-handler-proxy-4.1.51.Final.jar:/home/user/.m2/repository/io/netty/netty-codec-socks/4.1.51.Final/netty-codec-socks-4.1.51.Final.jar:/home/user/.m2/repository/io/perfmark/perfmark-api/0.19.0/perfmark-api-0.19.0.jar:/home/user/.m2/repository/org/codehaus/mojo/animal-sniffer-annotations/1.18/animal-sniffer-annotations-1.18.jar:/home/user/.m2/repository/io/netty/netty-transport-native-epoll/4.1.63.Final/netty-transport-native-epoll-4.1.63.Final.jar:/home/user/.m2/repository/io/netty/netty-common/4.1.63.Final/netty-common-4.1.63.Final.jar:/home/user/.m2/repository/io/netty/netty-buffer/4.1.63.Final/netty-buffer-4.1.63.Final.jar:/home/user/.m2/repository/io/netty/netty-transport/4.1.63.Final/netty-transport-4.1.63.Final.jar:/home/user/.m2/repository/io/netty/netty-resolver/4.1.63.Final/netty-resolver-4.1.63.Final.jar:/home/user/.m2/repository/io/netty/netty-transport-native-unix-common/4.1.63.Final/netty-transport-native-unix-common-4.1.63.Final.jar:/home/user/.m2/repository/io/grpc/grpc-protobuf/1.33.0/grpc-protobuf-1.33.0.jar:/home/user/.m2/repository/io/grpc/grpc-api/1.33.0/grpc-api-1.33.0.jar:/home/user/.m2/repository/io/grpc/grpc-context/1.33.0/grpc-context-1.33.0.jar:/home/user/.m2/repository/com/google/api/grpc/proto-google-common-protos/1.17.0/proto-google-common-protos-1.17.0.jar:/home/user/.m2/repository/io/grpc/grpc-protobuf-lite/1.33.0/grpc-protobuf-lite-1.33.0.jar:/home/user/.m2/repository/io/grpc/grpc-stub/1.33.0/grpc-stub-1.33.0.jar:/home/user/.m2/repository/org/apache/hadoop/hadoop-ozone-recon/1.2.0-SNAPSHOT/hadoop-ozone-recon-1.2.0-SNAPSHOT.jar:/home/user/.m2/repository/org/apache/hadoop/hadoop-ozone-reconcodegen/1.2.0-SNAPSHOT/hadoop-ozone-reconcodegen-1.2.0-SNAPSHOT.jar:/home/user/.m2/repository/com/google/inject/extensions/guice-multibindings/4.0/guice-multibindings-4.0.jar:/home/user/.m2/repository/com/google/inject/guice/4.0/guice-4.0.jar:/home/user/.m2/repository/aopalliance/aopalliance/1.0/aopalliance-1.0.jar:/home/user/.m2/repository/com/google/inject/extensions/guice-assistedinject/4.0/guice-assistedinject-4.0.jar:/home/user/.m2/repository/com/google/inject/extensions/guice-servlet/4.0/guice-servlet-4.0.jar:/home/user/.m2/repository/org/glassfish/jersey/containers/jersey-container-servlet/2.33/jersey-container-servlet-2.33.jar:/home/user/.m2/repository/org/glassfish/hk2/guice-bridge/2.5.0/guice-bridge-2.5.0.jar:/home/user/.m2/repository/org/glassfish/jersey/core/jersey-server/2.33/jersey-server-2.33.jar:/home/user/.m2/repository/org/glassfish/jersey/core/jersey-client/2.33/jersey-client-2.33.jar:/home/user/.m2/repository/jakarta/annotation/jakarta.annotation-api/1.3.5/jakarta.annotation-api-1.3.5.jar:/home/user/.m2/repository/jakarta/validation/jakarta.validation-api/2.0.2/jakarta.validation-api-2.0.2.jar:/home/user/.m2/repository/org/glassfish/jersey/media/jersey-media-json-jackson/2.33/jersey-media-json-jackson-2.33.jar:/home/user/.m2/repository/org/glassfish/jersey/ext/jersey-entity-filtering/2.33/jersey-entity-filtering-2.33.jar:/home/user/.m2/repository/org/jooq/jooq/3.11.10/jooq-3.11.10.jar:/home/user/.m2/repository/org/jooq/jooq-meta/3.11.10/jooq-meta-3.11.10.jar:/home/user/.m2/repository/org/jooq/jooq-codegen/3.11.10/jooq-codegen-3.11.10.jar:/home/user/.m2/repository/com/jolbox/bonecp/0.8.0.RELEASE/bonecp-0.8.0.RELEASE.jar:/home/user/.m2/repository/org/apache/derby/derby/10.14.2.0/derby-10.14.2.0.jar:/home/user/.m2/repository/org/xerial/sqlite-jdbc/3.25.2/sqlite-jdbc-3.25.2.jar:/home/user/.m2/repository/org/springframework/spring-jdbc/5.2.11.RELEASE/spring-jdbc-5.2.11.RELEASE.jar:/home/user/.m2/repository/org/springframework/spring-beans/5.2.11.RELEASE/spring-beans-5.2.11.RELEASE.jar:/home/user/.m2/repository/org/springframework/spring-core/5.2.11.RELEASE/spring-core-5.2.11.RELEASE.jar:/home/user/.m2/repository/org/springframework/spring-jcl/5.2.11.RELEASE/spring-jcl-5.2.11.RELEASE.jar:/home/user/.m2/repository/org/springframework/spring-tx/5.2.11.RELEASE/spring-tx-5.2.11.RELEASE.jar:/home/user/.m2/repository/org/apache/hadoop/hadoop-ozone-client/1.2.0-SNAPSHOT/hadoop-ozone-client-1.2.0-SNAPSHOT.jar:/home/user/.m2/repository/org/apache/hadoop/hadoop-ozone-filesystem/1.2.0-SNAPSHOT/hadoop-ozone-filesystem-1.2.0-SNAPSHOT.jar:/home/user/.m2/repository/org/apache/hadoop/hadoop-ozone-filesystem-common/1.2.0-SNAPSHOT/hadoop-ozone-filesystem-common-1.2.0-SNAPSHOT.jar:/home/user/.m2/repository/org/apache/hadoop/hadoop-ozone-tools/1.2.0-SNAPSHOT/hadoop-ozone-tools-1.2.0-SNAPSHOT.jar:/home/user/.m2/repository/org/apache/ratis/ratis-tools/2.1.0-ff8aa66-SNAPSHOT/ratis-tools-2.1.0-ff8aa66-SNAPSHOT.jar:/home/user/.m2/repository/org/apache/ratis/ratis-proto/2.1.0-ff8aa66-SNAPSHOT/ratis-proto-2.1.0-ff8aa66-SNAPSHOT.jar:/home/user/.m2/repository/org/apache/ratis/ratis-common/2.1.0-ff8aa66-SNAPSHOT/ratis-common-2.1.0-ff8aa66-SNAPSHOT.jar:/home/user/.m2/repository/com/amazonaws/aws-java-sdk-core/1.11.901/aws-java-sdk-core-1.11.901.jar:/home/user/.m2/repository/org/apache/httpcomponents/httpclient/4.5.13/httpclient-4.5.13.jar:/home/user/.m2/repository/org/apache/httpcomponents/httpcore/4.4.13/httpcore-4.4.13.jar:/home/user/.m2/repository/software/amazon/ion/ion-java/1.0.2/ion-java-1.0.2.jar:/home/user/.m2/repository/com/fasterxml/jackson/dataformat/jackson-dataformat-cbor/2.12.1/jackson-dataformat-cbor-2.12.1.jar:/home/user/.m2/repository/joda-time/joda-time/2.8.1/joda-time-2.8.1.jar:/home/user/.m2/repository/com/amazonaws/aws-java-sdk-s3/1.11.901/aws-java-sdk-s3-1.11.901.jar:/home/user/.m2/repository/com/amazonaws/aws-java-sdk-kms/1.11.901/aws-java-sdk-kms-1.11.901.jar:/home/user/.m2/repository/com/amazonaws/jmespath-java/1.11.901/jmespath-java-1.11.901.jar:/home/user/.m2/repository/org/kohsuke/metainf-services/metainf-services/1.8/metainf-services-1.8.jar:/home/user/.m2/repository/org/apache/hadoop/hadoop-hdds-tools/1.2.0-SNAPSHOT/hadoop-hdds-tools-1.2.0-SNAPSHOT.jar:/home/user/.m2/repository/commons-cli/commons-cli/1.2/commons-cli-1.2.jar:/home/user/.m2/repository/org/apache/commons/commons-lang3/3.7/commons-lang3-3.7.jar:/home/user/.m2/repository/org/apache/hadoop/hadoop-ozone-ozone-manager/1.2.0-SNAPSHOT/hadoop-ozone-ozone-manager-1.2.0-SNAPSHOT-tests.jar:/home/user/.m2/repository/org/apache/hadoop/hadoop-hdds-common/1.2.0-SNAPSHOT/hadoop-hdds-common-1.2.0-SNAPSHOT-tests.jar:/home/user/.m2/repository/org/apache/hadoop/hadoop-hdds-hadoop-dependency-client/1.2.0-SNAPSHOT/hadoop-hdds-hadoop-dependency-client-1.2.0-SNAPSHOT.jar:/home/user/.m2/repository/info/picocli/picocli/4.4.0/picocli-4.4.0.jar:/home/user/.m2/repository/com/fasterxml/jackson/core/jackson-annotations/2.12.1/jackson-annotations-2.12.1.jar:/home/user/.m2/repository/javax/annotation/javax.annotation-api/1.2/javax.annotation-api-1.2.jar:/home/user/.m2/repository/org/fusesource/leveldbjni/leveldbjni-all/1.8/leveldbjni-all-1.8.jar:/home/user/.m2/repository/org/apache/ratis/ratis-server/2.1.0-ff8aa66-SNAPSHOT/ratis-server-2.1.0-ff8aa66-SNAPSHOT.jar:/home/user/.m2/repository/org/apache/ratis/ratis-client/2.1.0-ff8aa66-SNAPSHOT/ratis-client-2.1.0-ff8aa66-SNAPSHOT.jar:/home/user/.m2/repository/org/apache/ratis/ratis-server-api/2.1.0-ff8aa66-SNAPSHOT/ratis-server-api-2.1.0-ff8aa66-SNAPSHOT.jar:/home/user/.m2/repository/org/apache/ratis/ratis-metrics/2.1.0-ff8aa66-SNAPSHOT/ratis-metrics-2.1.0-ff8aa66-SNAPSHOT.jar:/home/user/.m2/repository/org/apache/ratis/ratis-netty/2.1.0-ff8aa66-SNAPSHOT/ratis-netty-2.1.0-ff8aa66-SNAPSHOT.jar:/home/user/.m2/repository/org/apache/ratis/ratis-grpc/2.1.0-ff8aa66-SNAPSHOT/ratis-grpc-2.1.0-ff8aa66-SNAPSHOT.jar:/home/user/.m2/repository/org/apache/logging/log4j/log4j-api/2.13.3/log4j-api-2.13.3.jar:/home/user/.m2/repository/org/apache/logging/log4j/log4j-core/2.13.3/log4j-core-2.13.3.jar:/home/user/.m2/repository/com/lmax/disruptor/3.4.2/disruptor-3.4.2.jar:/home/user/.m2/repository/org/apache/commons/commons-pool2/2.6.0/commons-pool2-2.6.0.jar:/home/user/.m2/repository/org/bouncycastle/bcpkix-jdk15on/1.67/bcpkix-jdk15on-1.67.jar:/home/user/.m2/repository/commons-validator/commons-validator/1.6/commons-validator-1.6.jar:/home/user/.m2/repository/commons-beanutils/commons-beanutils/1.9.4/commons-beanutils-1.9.4.jar:/home/user/.m2/repository/commons-digester/commons-digester/1.8.1/commons-digester-1.8.1.jar:/home/user/.m2/repository/commons-collections/commons-collections/3.2.2/commons-collections-3.2.2.jar:/home/user/.m2/repository/io/jaegertracing/jaeger-client/1.6.0/jaeger-client-1.6.0.jar:/home/user/.m2/repository/io/jaegertracing/jaeger-thrift/1.6.0/jaeger-thrift-1.6.0.jar:/home/user/.m2/repository/org/apache/thrift/libthrift/0.14.1/libthrift-0.14.1.jar:/home/user/.m2/repository/com/squareup/okhttp3/okhttp/4.9.0/okhttp-4.9.0.jar:/home/user/.m2/repository/com/squareup/okio/okio/2.8.0/okio-2.8.0.jar:/home/user/.m2/repository/io/jaegertracing/jaeger-core/1.6.0/jaeger-core-1.6.0.jar:/home/user/.m2/repository/io/jaegertracing/jaeger-tracerresolver/1.6.0/jaeger-tracerresolver-1.6.0.jar:/home/user/.m2/repository/io/opentracing/contrib/opentracing-tracerresolver/0.1.8/opentracing-tracerresolver-0.1.8.jar:/home/user/.m2/repository/org/jetbrains/kotlin/kotlin-stdlib/1.4.31/kotlin-stdlib-1.4.31.jar:/home/user/.m2/repository/org/jetbrains/kotlin/kotlin-stdlib-common/1.4.31/kotlin-stdlib-common-1.4.31.jar:/home/user/.m2/repository/org/jetbrains/annotations/13.0/annotations-13.0.jar:/home/user/.m2/repository/io/opentracing/opentracing-util/0.33.0/opentracing-util-0.33.0.jar:/home/user/.m2/repository/io/opentracing/opentracing-api/0.33.0/opentracing-api-0.33.0.jar:/home/user/.m2/repository/io/opentracing/opentracing-noop/0.33.0/opentracing-noop-0.33.0.jar:/home/user/.m2/repository/org/yaml/snakeyaml/1.26/snakeyaml-1.26.jar:/home/user/.m2/repository/org/apache/hadoop/hadoop-hdds-interface-admin/1.2.0-SNAPSHOT/hadoop-hdds-interface-admin-1.2.0-SNAPSHOT.jar:/home/user/.m2/repository/junit/junit/4.13.1/junit-4.13.1.jar:/home/user/.m2/repository/org/hamcrest/hamcrest-core/1.3/hamcrest-core-1.3.jar:/home/user/.m2/repository/org/junit/jupiter/junit-jupiter-api/5.7.0/junit-jupiter-api-5.7.0.jar:/home/user/.m2/repository/org/apiguardian/apiguardian-api/1.1.0/apiguardian-api-1.1.0.jar:/home/user/.m2/repository/org/opentest4j/opentest4j/1.2.0/opentest4j-1.2.0.jar:/home/user/.m2/repository/org/junit/platform/junit-platform-commons/1.7.0/junit-platform-commons-1.7.0.jar:/home/user/.m2/repository/org/junit/jupiter/junit-jupiter-engine/5.7.0/junit-jupiter-engine-5.7.0.jar:/home/user/.m2/repository/org/junit/platform/junit-platform-engine/1.7.0/junit-platform-engine-1.7.0.jar:/home/user/.m2/repository/org/junit/vintage/junit-vintage-engine/5.7.0/junit-vintage-engine-5.7.0.jar:/home/user/.m2/repository/org/junit/platform/junit-platform-launcher/1.7.0/junit-platform-launcher-1.7.0.jar:/home/user/.m2/repository/org/openjdk/jmh/jmh-core/1.19/jmh-core-1.19.jar:/home/user/.m2/repository/net/sf/jopt-simple/jopt-simple/4.6/jopt-simple-4.6.jar:/home/user/.m2/repository/org/apache/commons/commons-math3/3.1.1/commons-math3-3.1.1.jar:/home/user/.m2/repository/org/openjdk/jmh/jmh-generator-annprocess/1.19/jmh-generator-annprocess-1.19.jar:/home/user/.m2/repository/org/mockito/mockito-all/1.8.5/mockito-all-1.8.5.jar:/home/user/.m2/repository/org/apache/hadoop/hadoop-kms/3.2.2/hadoop-kms-3.2.2.jar:/home/user/.m2/repository/org/apache/hadoop/hadoop-auth/3.2.2/hadoop-auth-3.2.2.jar:/home/user/.m2/repository/com/nimbusds/nimbus-jose-jwt/7.9/nimbus-jose-jwt-7.9.jar:/home/user/.m2/repository/com/github/stephenc/jcip/jcip-annotations/1.0-1/jcip-annotations-1.0-1.jar:/home/user/.m2/repository/net/minidev/json-smart/2.3/json-smart-2.3.jar:/home/user/.m2/repository/net/minidev/accessors-smart/1.2/accessors-smart-1.2.jar:/home/user/.m2/repository/org/ow2/asm/asm/5.0.4/asm-5.0.4.jar:/home/user/.m2/repository/org/apache/zookeeper/zookeeper/3.4.13/zookeeper-3.4.13.jar:/home/user/.m2/repository/org/apache/yetus/audience-annotations/0.5.0/audience-annotations-0.5.0.jar:/home/user/.m2/repository/org/apache/curator/curator-framework/2.13.0/curator-framework-2.13.0.jar:/home/user/.m2/repository/com/sun/jersey/jersey-core/1.19/jersey-core-1.19.jar:/home/user/.m2/repository/javax/ws/rs/jsr311-api/1.1.1/jsr311-api-1.1.1.jar:/home/user/.m2/repository/com/sun/jersey/jersey-server/1.19/jersey-server-1.19.jar:/home/user/.m2/repository/javax/servlet/javax.servlet-api/3.1.0/javax.servlet-api-3.1.0.jar:/home/user/.m2/repository/org/eclipse/jetty/jetty-server/9.4.35.v20201120/jetty-server-9.4.35.v20201120.jar:/home/user/.m2/repository/org/eclipse/jetty/jetty-http/9.4.35.v20201120/jetty-http-9.4.35.v20201120.jar:/home/user/.m2/repository/org/eclipse/jetty/jetty-io/9.4.35.v20201120/jetty-io-9.4.35.v20201120.jar:/home/user/.m2/repository/org/eclipse/jetty/jetty-webapp/9.4.35.v20201120/jetty-webapp-9.4.35.v20201120.jar:/home/user/.m2/repository/org/eclipse/jetty/jetty-xml/9.4.35.v20201120/jetty-xml-9.4.35.v20201120.jar:/home/user/.m2/repository/org/apache/hadoop/hadoop-common/3.2.2/hadoop-common-3.2.2.jar:/home/user/.m2/repository/commons-net/commons-net/3.6/commons-net-3.6.jar:/home/user/.m2/repository/javax/activation/javax.activation-api/1.2.0/javax.activation-api-1.2.0.jar:/home/user/.m2/repository/com/sun/jersey/jersey-servlet/1.19/jersey-servlet-1.19.jar:/home/user/.m2/repository/com/sun/jersey/jersey-json/1.19/jersey-json-1.19.jar:/home/user/.m2/repository/org/codehaus/jettison/jettison/1.1/jettison-1.1.jar:/home/user/.m2/repository/com/sun/xml/bind/jaxb-impl/2.2.3-1/jaxb-impl-2.2.3-1.jar:/home/user/.m2/repository/org/codehaus/jackson/jackson-jaxrs/1.9.2/jackson-jaxrs-1.9.2.jar:/home/user/.m2/repository/org/codehaus/jackson/jackson-xc/1.9.2/jackson-xc-1.9.2.jar:/home/user/.m2/repository/org/apache/commons/commons-configuration2/2.1.1/commons-configuration2-2.1.1.jar:/home/user/.m2/repository/org/apache/commons/commons-text/1.4/commons-text-1.4.jar:/home/user/.m2/repository/com/google/re2j/re2j/1.1/re2j-1.1.jar:/home/user/.m2/repository/com/jcraft/jsch/0.1.54/jsch-0.1.54.jar:/home/user/.m2/repository/org/apache/curator/curator-client/2.13.0/curator-client-2.13.0.jar:/home/user/.m2/repository/org/apache/curator/curator-recipes/2.13.0/curator-recipes-2.13.0.jar:/home/user/.m2/repository/dnsjava/dnsjava/2.1.7/dnsjava-2.1.7.jar:/home/user/.m2/repository/org/slf4j/jul-to-slf4j/1.7.30/jul-to-slf4j-1.7.30.jar:/home/user/.m2/repository/org/eclipse/jetty/jetty-util/9.4.35.v20201120/jetty-util-9.4.35.v20201120.jar:/home/user/.m2/repository/com/fasterxml/jackson/core/jackson-databind/2.12.1/jackson-databind-2.12.1.jar:/home/user/.m2/repository/org/apache/hadoop/hadoop-kms/3.2.2/hadoop-kms-3.2.2-tests.jar:/home/user/.m2/repository/org/apache/hadoop/hadoop-hdds-server-scm/1.2.0-SNAPSHOT/hadoop-hdds-server-scm-1.2.0-SNAPSHOT-tests.jar:/home/user/.m2/repository/org/apache/hadoop/hadoop-hdds-container-service/1.2.0-SNAPSHOT/hadoop-hdds-container-service-1.2.0-SNAPSHOT-tests.jar:/home/user/.m2/repository/commons-codec/commons-codec/1.11/commons-codec-1.11.jar:/home/user/.m2/repository/org/apache/hadoop/hadoop-hdds-hadoop-dependency-test/1.2.0-SNAPSHOT/hadoop-hdds-hadoop-dependency-test-1.2.0-SNAPSHOT.jar:/home/user/.m2/repository/org/apache/hadoop/hadoop-common/3.2.2/hadoop-common-3.2.2-tests.jar:/home/user/.m2/repository/org/apache/hadoop/hadoop-hdfs/3.2.2/hadoop-hdfs-3.2.2-tests.jar:/home/user/.m2/repository/org/eclipse/jetty/jetty-util-ajax/9.4.35.v20201120/jetty-util-ajax-9.4.35.v20201120.jar:/home/user/.m2/repository/commons-daemon/commons-daemon/1.0.13/commons-daemon-1.0.13.jar:/home/user/.m2/repository/io/netty/netty/3.10.6.Final/netty-3.10.6.Final.jar:/home/user/.m2/repository/io/netty/netty-all/4.1.63.Final/netty-all-4.1.63.Final.jar:/home/user/.m2/repository/org/apache/htrace/htrace-core4/4.1.0-incubating/htrace-core4-4.1.0-incubating.jar:/home/user/.m2/repository/org/apache/hadoop/hadoop-distcp/3.2.2/hadoop-distcp-3.2.2.jar:/home/user/.m2/repository/org/apache/hadoop/hadoop-mapreduce-client-jobclient/3.2.2/hadoop-mapreduce-client-jobclient-3.2.2.jar:/home/user/.m2/repository/org/apache/hadoop/hadoop-mapreduce-client-common/3.2.2/hadoop-mapreduce-client-common-3.2.2.jar:/home/user/.m2/repository/org/apache/hadoop/hadoop-yarn-common/3.2.2/hadoop-yarn-common-3.2.2.jar:/home/user/.m2/repository/org/apache/hadoop/hadoop-yarn-api/3.2.2/hadoop-yarn-api-3.2.2.jar:/home/user/.m2/repository/com/sun/jersey/jersey-client/1.19/jersey-client-1.19.jar:/home/user/.m2/repository/com/sun/jersey/contribs/jersey-guice/1.19/jersey-guice-1.19.jar:/home/user/.m2/repository/com/fasterxml/jackson/jaxrs/jackson-jaxrs-json-provider/2.12.1/jackson-jaxrs-json-provider-2.12.1.jar:/home/user/.m2/repository/com/fasterxml/jackson/jaxrs/jackson-jaxrs-base/2.12.1/jackson-jaxrs-base-2.12.1.jar:/home/user/.m2/repository/org/apache/hadoop/hadoop-yarn-client/3.2.2/hadoop-yarn-client-3.2.2.jar:/home/user/.m2/repository/org/apache/hadoop/hadoop-mapreduce-client-core/3.2.2/hadoop-mapreduce-client-core-3.2.2.jar:/home/user/.m2/repository/org/apache/avro/avro/1.7.7/avro-1.7.7.jar:/home/user/.m2/repository/org/codehaus/jackson/jackson-core-asl/1.9.13/jackson-core-asl-1.9.13.jar:/home/user/.m2/repository/org/codehaus/jackson/jackson-mapper-asl/1.9.13/jackson-mapper-asl-1.9.13.jar:/home/user/.m2/repository/com/thoughtworks/paranamer/paranamer/2.3/paranamer-2.3.jar:/home/user/.m2/repository/org/xerial/snappy/snappy-java/1.0.5/snappy-java-1.0.5.jar:/home/user/.m2/repository/org/apache/hadoop/hadoop-annotations/3.2.2/hadoop-annotations-3.2.2.jar:/usr/lib/jvm/java-1.8.0-openjdk-1.8.0.232.b09-0.el7_7.x86_64/jre/../lib/tools.jar:/home/user/.m2/repository/org/apache/hadoop/hadoop-distcp/3.2.2/hadoop-distcp-3.2.2-tests.jar:"/>
    <property name="sun.cpu.endian" value="little"/>
    <property name="user.home" value="/home/user"/>
    <property name="user.language" value="en"/>
    <property name="java.specification.vendor" value="Oracle Corporation"/>
    <property name="java.home" value="/usr/lib/jvm/java-1.8.0-openjdk-1.8.0.232.b09-0.el7_7.x86_64/jre"/>
    <property name="java.security.krb5.conf" value="/github/workspace/mnt/ozone/hadoop-ozone/integration-test/target/test-classes/krb5.conf"/>
    <property name="basedir" value="/github/workspace/mnt/ozone/hadoop-ozone/integration-test"/>
    <property name="file.separator" value="/"/>
    <property name="line.separator" value="&#10;"/>
    <property name="java.vm.specification.vendor" value="Oracle Corporation"/>
    <property name="java.specification.name" value="Java Platform API Specification"/>
    <property name="java.awt.graphicsenv" value="sun.awt.X11GraphicsEnvironment"/>
    <property name="skip.installnpx" value="true"/>
    <property name="surefire.real.class.path" value="/github/workspace/mnt/ozone/hadoop-ozone/integration-test/target/surefire/surefirebooter9087640306716712671.jar:/home/user/.m2/repository/org/jacoco/org.jacoco.agent/0.8.5/org.jacoco.agent-0.8.5-runtime.jar"/>
    <property name="hadoop.log.dir" value="/github/workspace/mnt/ozone/hadoop-ozone/integration-test/target/log"/>
    <property name="sun.boot.class.path" value="/usr/lib/jvm/java-1.8.0-openjdk-1.8.0.232.b09-0.el7_7.x86_64/jre/lib/resources.jar:/usr/lib/jvm/java-1.8.0-openjdk-1.8.0.232.b09-0.el7_7.x86_64/jre/lib/rt.jar:/usr/lib/jvm/java-1.8.0-openjdk-1.8.0.232.b09-0.el7_7.x86_64/jre/lib/sunrsasign.jar:/usr/lib/jvm/java-1.8.0-openjdk-1.8.0.232.b09-0.el7_7.x86_64/jre/lib/jsse.jar:/usr/lib/jvm/java-1.8.0-openjdk-1.8.0.232.b09-0.el7_7.x86_64/jre/lib/jce.jar:/usr/lib/jvm/java-1.8.0-openjdk-1.8.0.232.b09-0.el7_7.x86_64/jre/lib/charsets.jar:/usr/lib/jvm/java-1.8.0-openjdk-1.8.0.232.b09-0.el7_7.x86_64/jre/lib/jfr.jar:/usr/lib/jvm/java-1.8.0-openjdk-1.8.0.232.b09-0.el7_7.x86_64/jre/classes"/>
    <property name="sun.management.compiler" value="HotSpot 64-Bit Tiered Compilers"/>
    <property name="skip.npx" value="true"/>
    <property name="java.runtime.version" value="1.8.0_232-b09"/>
    <property name="java.net.preferIPv4Stack" value="true"/>
    <property name="user.name" value="jenkins1001"/>
    <property name="path.separator" value=":"/>
    <property name="java.security.egd" value="file:///dev/urandom"/>
    <property name="os.version" value="5.4.0-1046-azure"/>
    <property name="java.endorsed.dirs" value="/usr/lib/jvm/java-1.8.0-openjdk-1.8.0.232.b09-0.el7_7.x86_64/jre/lib/endorsed"/>
    <property name="java.runtime.name" value="OpenJDK Runtime Environment"/>
    <property name="file.encoding" value="ANSI_X3.4-1968"/>
    <property name="java.vm.name" value="OpenJDK 64-Bit Server VM"/>
    <property name="test.build.webapps" value=""/>
    <property name="localRepository" value="/home/user/.m2/repository"/>
    <property name="java.vendor.url.bug" value="http://bugreport.sun.com/bugreport/"/>
    <property name="java.io.tmpdir" value="/tmp"/>
    <property name="require.test.libhadoop" value=""/>
    <property name="java.version" value="1.8.0_232"/>
    <property name="user.dir" value="/github/workspace/mnt/ozone/hadoop-ozone/integration-test"/>
    <property name="os.arch" value="amd64"/>
    <property name="java.vm.specification.name" value="Java Virtual Machine Specification"/>
    <property name="test.build.classes" value="/github/workspace/mnt/ozone/hadoop-ozone/integration-test/target/test-classes"/>
    <property name="java.awt.printerjob" value="sun.print.PSPrinterJob"/>
    <property name="sun.os.patch.level" value="unknown"/>
    <property name="hadoop.tmp.dir" value="/github/workspace/mnt/ozone/hadoop-ozone/integration-test/target/tmp"/>
    <property name="java.library.path" value="/usr/lib:/usr/java/packages/lib/amd64:/usr/lib64:/lib64:/lib:/usr/lib"/>
    <property name="java.vm.info" value="mixed mode"/>
    <property name="java.vendor" value="Oracle Corporation"/>
    <property name="java.vm.version" value="25.232-b09"/>
    <property name="java.ext.dirs" value="/usr/lib/jvm/java-1.8.0-openjdk-1.8.0.232.b09-0.el7_7.x86_64/jre/lib/ext:/usr/java/packages/lib/ext"/>
    <property name="sun.io.unicode.encoding" value="UnicodeLittle"/>
    <property name="java.class.version" value="52.0"/>
  </properties>
  <testcase name="testWatchForCommitWithKeyWrite" classname="org.apache.hadoop.ozone.client.rpc.TestWatchForCommit" time="67.884"/>
  <testcase name="testWatchForCommitForRetryfailure" classname="org.apache.hadoop.ozone.client.rpc.TestWatchForCommit" time="68.791"/>
  <testcase name="testWatchForCommitForGroupMismatchException" classname="org.apache.hadoop.ozone.client.rpc.TestWatchForCommit" time="46.279"/>
  <testcase name="test2WayCommitForTimeoutException" classname="org.apache.hadoop.ozone.client.rpc.TestWatchForCommit" time="50.747">
    <error message="org.apache.ratis.protocol.exceptions.AlreadyClosedException: SlidingWindow$Client:client-D33379494828-&gt;RAFT is closed." type="java.util.concurrent.ExecutionException">java.util.concurrent.ExecutionException: org.apache.ratis.protocol.exceptions.AlreadyClosedException: SlidingWindow$Client:client-D33379494828->RAFT is closed.
	at java.util.concurrent.CompletableFuture.reportGet(CompletableFuture.java:357)
	at java.util.concurrent.CompletableFuture.get(CompletableFuture.java:1908)
	at org.apache.hadoop.ozone.client.rpc.TestWatchForCommit.test2WayCommitForTimeoutException(TestWatchForCommit.java:308)
	at sun.reflect.NativeMethodAccessorImpl.invoke0(Native Method)
	at sun.reflect.NativeMethodAccessorImpl.invoke(NativeMethodAccessorImpl.java:62)
	at sun.reflect.DelegatingMethodAccessorImpl.invoke(DelegatingMethodAccessorImpl.java:43)
	at java.lang.reflect.Method.invoke(Method.java:498)
	at org.junit.runners.model.FrameworkMethod$1.runReflectiveCall(FrameworkMethod.java:59)
	at org.junit.internal.runners.model.ReflectiveCallable.run(ReflectiveCallable.java:12)
	at org.junit.runners.model.FrameworkMethod.invokeExplosively(FrameworkMethod.java:56)
	at org.junit.internal.runners.statements.InvokeMethod.evaluate(InvokeMethod.java:17)
	at org.junit.internal.runners.statements.RunBefores.evaluate(RunBefores.java:26)
	at org.junit.internal.runners.statements.RunAfters.evaluate(RunAfters.java:27)
	at org.junit.runners.ParentRunner$3.evaluate(ParentRunner.java:306)
	at org.junit.runners.BlockJUnit4ClassRunner$1.evaluate(BlockJUnit4ClassRunner.java:100)
	at org.junit.runners.ParentRunner.runLeaf(ParentRunner.java:366)
	at org.junit.runners.BlockJUnit4ClassRunner.runChild(BlockJUnit4ClassRunner.java:103)
	at org.junit.runners.BlockJUnit4ClassRunner.runChild(BlockJUnit4ClassRunner.java:63)
	at org.junit.runners.ParentRunner$4.run(ParentRunner.java:331)
	at org.junit.runners.ParentRunner$1.schedule(ParentRunner.java:79)
	at org.junit.runners.ParentRunner.runChildren(ParentRunner.java:329)
	at org.junit.runners.ParentRunner.access$100(ParentRunner.java:66)
	at org.junit.runners.ParentRunner$2.evaluate(ParentRunner.java:293)
	at org.junit.runners.ParentRunner$3.evaluate(ParentRunner.java:306)
	at org.junit.runners.ParentRunner.run(ParentRunner.java:413)
	at org.junit.runner.JUnitCore.run(JUnitCore.java:137)
	at org.junit.runner.JUnitCore.run(JUnitCore.java:115)
	at org.junit.vintage.engine.execution.RunnerExecutor.execute(RunnerExecutor.java:43)
	at java.util.stream.ForEachOps$ForEachOp$OfRef.accept(ForEachOps.java:183)
	at java.util.stream.ReferencePipeline$3$1.accept(ReferencePipeline.java:193)
	at java.util.Iterator.forEachRemaining(Iterator.java:116)
	at java.util.Spliterators$IteratorSpliterator.forEachRemaining(Spliterators.java:1801)
	at java.util.stream.AbstractPipeline.copyInto(AbstractPipeline.java:482)
	at java.util.stream.AbstractPipeline.wrapAndCopyInto(AbstractPipeline.java:472)
	at java.util.stream.ForEachOps$ForEachOp.evaluateSequential(ForEachOps.java:150)
	at java.util.stream.ForEachOps$ForEachOp$OfRef.evaluateSequential(ForEachOps.java:173)
	at java.util.stream.AbstractPipeline.evaluate(AbstractPipeline.java:234)
	at java.util.stream.ReferencePipeline.forEach(ReferencePipeline.java:485)
	at org.junit.vintage.engine.VintageTestEngine.executeAllChildren(VintageTestEngine.java:82)
	at org.junit.vintage.engine.VintageTestEngine.execute(VintageTestEngine.java:73)
	at org.junit.platform.launcher.core.EngineExecutionOrchestrator.execute(EngineExecutionOrchestrator.java:108)
	at org.junit.platform.launcher.core.EngineExecutionOrchestrator.execute(EngineExecutionOrchestrator.java:88)
	at org.junit.platform.launcher.core.EngineExecutionOrchestrator.lambda$execute$0(EngineExecutionOrchestrator.java:54)
	at org.junit.platform.launcher.core.EngineExecutionOrchestrator.withInterceptedStreams(EngineExecutionOrchestrator.java:67)
	at org.junit.platform.launcher.core.EngineExecutionOrchestrator.execute(EngineExecutionOrchestrator.java:52)
	at org.junit.platform.launcher.core.DefaultLauncher.execute(DefaultLauncher.java:96)
	at org.junit.platform.launcher.core.DefaultLauncher.execute(DefaultLauncher.java:75)
	at org.apache.maven.surefire.junitplatform.JUnitPlatformProvider.invokeAllTests(JUnitPlatformProvider.java:142)
	at org.apache.maven.surefire.junitplatform.JUnitPlatformProvider.invoke(JUnitPlatformProvider.java:113)
	at org.apache.maven.surefire.booter.ForkedBooter.invokeProviderInSameClassLoader(ForkedBooter.java:384)
	at org.apache.maven.surefire.booter.ForkedBooter.runSuitesInProcess(ForkedBooter.java:345)
	at org.apache.maven.surefire.booter.ForkedBooter.execute(ForkedBooter.java:126)
	at org.apache.maven.surefire.booter.ForkedBooter.main(ForkedBooter.java:418)
Caused by: org.apache.ratis.protocol.exceptions.AlreadyClosedException: SlidingWindow$Client:client-D33379494828->RAFT is closed.
	at org.apache.ratis.util.SlidingWindow$Client.alreadyClosed(SlidingWindow.java:378)
	at org.apache.ratis.util.SlidingWindow$Client.fail(SlidingWindow.java:366)
	at org.apache.ratis.client.impl.OrderedAsync.failAllAsyncRequests(OrderedAsync.java:148)
	at org.apache.ratis.client.impl.OrderedAsync.handleAsyncRetryFailure(OrderedAsync.java:152)
	at org.apache.ratis.client.impl.OrderedAsync.lambda$sendRequest$10(OrderedAsync.java:252)
	at java.util.concurrent.CompletableFuture.uniExceptionally(CompletableFuture.java:884)
	at java.util.concurrent.CompletableFuture$UniExceptionally.tryFire(CompletableFuture.java:866)
	at java.util.concurrent.CompletableFuture.postComplete(CompletableFuture.java:488)
	at java.util.concurrent.CompletableFuture.completeExceptionally(CompletableFuture.java:1990)
	at org.apache.ratis.grpc.client.GrpcClientProtocolClient$AsyncStreamObservers.completeReplyExceptionally(GrpcClientProtocolClient.java:388)
	at org.apache.ratis.grpc.client.GrpcClientProtocolClient$AsyncStreamObservers.access$000(GrpcClientProtocolClient.java:294)
	at org.apache.ratis.grpc.client.GrpcClientProtocolClient$AsyncStreamObservers$1.onNext(GrpcClientProtocolClient.java:308)
	at org.apache.ratis.grpc.client.GrpcClientProtocolClient$AsyncStreamObservers$1.onNext(GrpcClientProtocolClient.java:299)
	at org.apache.ratis.thirdparty.io.grpc.stub.ClientCalls$StreamObserverToCallListenerAdapter.onMessage(ClientCalls.java:465)
	at org.apache.ratis.thirdparty.io.grpc.ForwardingClientCallListener.onMessage(ForwardingClientCallListener.java:33)
	at org.apache.ratis.thirdparty.io.grpc.internal.DelayedClientCall$DelayedListener.onMessage(DelayedClientCall.java:447)
	at org.apache.ratis.thirdparty.io.grpc.internal.ClientCallImpl$ClientStreamListenerImpl$1MessagesAvailable.runInternal(ClientCallImpl.java:715)
	at org.apache.ratis.thirdparty.io.grpc.internal.ClientCallImpl$ClientStreamListenerImpl$1MessagesAvailable.runInContext(ClientCallImpl.java:700)
	at org.apache.ratis.thirdparty.io.grpc.internal.ContextRunnable.run(ContextRunnable.java:37)
	at org.apache.ratis.thirdparty.io.grpc.internal.SerializingExecutor.run(SerializingExecutor.java:123)
	at java.util.concurrent.ThreadPoolExecutor.runWorker(ThreadPoolExecutor.java:1149)
	at java.util.concurrent.ThreadPoolExecutor$Worker.run(ThreadPoolExecutor.java:624)
	at java.lang.Thread.run(Thread.java:748)
Caused by: org.apache.ratis.protocol.exceptions.RaftRetryFailureException: Failed RaftClientRequest:client-D33379494828->89dd138e-de60-41fb-966a-8d68ccbfd781@group-EC4FF14613B3, cid=58, seq=1*, Watch(0), null for 3 attempts with RequestTypeDependentRetryPolicy{WRITE->org.apache.ratis.retry.ExceptionDependentRetry@491c417b, WATCH->org.apache.ratis.retry.ExceptionDependentRetry@380f1877}
	at org.apache.ratis.client.impl.RaftClientImpl.noMoreRetries(RaftClientImpl.java:254)
	... 20 more
Caused by: org.apache.ratis.protocol.exceptions.NotLeaderException: Server 89dd138e-de60-41fb-966a-8d68ccbfd781@group-EC4FF14613B3 is not the leader
	at org.apache.ratis.client.impl.ClientProtoUtils.toRaftClientReply(ClientProtoUtils.java:368)
	at org.apache.ratis.grpc.client.GrpcClientProtocolClient$AsyncStreamObservers$1.onNext(GrpcClientProtocolClient.java:304)
	... 11 more
</error>
    <system-out><![CDATA[2021-05-05 15:13:58,363 [Listener at 127.0.0.1/43359] WARN  server.ServerUtils (ServerUtils.java:getScmDbDir(148)) - ozone.scm.db.dirs is not configured. We recommend adding this setting. Falling back to ozone.metadata.dirs instead.
2021-05-05 15:13:58,365 [Listener at 127.0.0.1/43359] INFO  ha.SCMHANodeDetails (SCMHANodeDetails.java:loadSCMHAConfig(149)) - ServiceID for StorageContainerManager is null
2021-05-05 15:13:58,365 [Listener at 127.0.0.1/43359] INFO  ha.SCMHANodeDetails (SCMHANodeDetails.java:loadSCMHAConfig(154)) - ozone.scm.default.service.id is not defined, falling back to ozone.scm.service.ids to find serviceID for StorageContainerManager if it is HA enabled cluster
2021-05-05 15:13:58,366 [Listener at 127.0.0.1/43359] WARN  server.ServerUtils (ServerUtils.java:getScmDbDir(148)) - ozone.scm.db.dirs is not configured. We recommend adding this setting. Falling back to ozone.metadata.dirs instead.
2021-05-05 15:13:58,366 [Listener at 127.0.0.1/43359] WARN  utils.HAUtils (HAUtils.java:getMetaDir(326)) - ozone.scm.db.dirs is not configured. We recommend adding this setting. Falling back to ozone.metadata.dirs instead.
2021-05-05 15:13:58,367 [Listener at 127.0.0.1/43359] WARN  db.DBStoreBuilder (DBStoreBuilder.java:applyDBDefinition(145)) - ozone.scm.db.dirs is not configured. We recommend adding this setting. Falling back to ozone.metadata.dirs instead.
2021-05-05 15:13:58,415 [Listener at 127.0.0.1/43359] INFO  net.NodeSchemaLoader (NodeSchemaLoader.java:loadSchemaFromFile(129)) - Loading schema from [jar:file:/home/user/.m2/repository/org/apache/hadoop/hadoop-hdds-common/1.2.0-SNAPSHOT/hadoop-hdds-common-1.2.0-SNAPSHOT.jar!/network-topology-default.xml, jar:file:/home/user/.m2/repository/org/apache/hadoop/hadoop-ozone-ozone-manager/1.2.0-SNAPSHOT/hadoop-ozone-ozone-manager-1.2.0-SNAPSHOT-tests.jar!/network-topology-default.xml, jar:file:/home/user/.m2/repository/org/apache/hadoop/hadoop-hdds-server-scm/1.2.0-SNAPSHOT/hadoop-hdds-server-scm-1.2.0-SNAPSHOT-tests.jar!/network-topology-default.xml]
2021-05-05 15:13:58,415 [Listener at 127.0.0.1/43359] INFO  net.NodeSchemaLoader (NodeSchemaLoader.java:loadSchema(176)) - Loading network topology layer schema file
2021-05-05 15:13:58,418 [Listener at 127.0.0.1/43359] INFO  ha.SequenceIdGenerator (SequenceIdGenerator.java:upgradeToSequenceId(300)) - upgrade localId to 107544261427200000
2021-05-05 15:13:58,418 [Listener at 127.0.0.1/43359] INFO  ha.SequenceIdGenerator (SequenceIdGenerator.java:upgradeToSequenceId(310)) - upgrade delTxnId to 0
2021-05-05 15:13:58,418 [Listener at 127.0.0.1/43359] INFO  ha.SequenceIdGenerator (SequenceIdGenerator.java:upgradeToSequenceId(324)) - upgrade containerId to 0
2021-05-05 15:13:58,418 [Listener at 127.0.0.1/43359] INFO  ha.SequenceIdGenerator (SequenceIdGenerator.java:<init>(196)) - Init the HA SequenceIdGenerator.
2021-05-05 15:13:58,419 [Listener at 127.0.0.1/43359] INFO  node.SCMNodeManager (SCMNodeManager.java:<init>(125)) - Entering startup safe mode.
2021-05-05 15:13:58,419 [Listener at 127.0.0.1/43359] INFO  algorithms.ContainerPlacementPolicyFactory (ContainerPlacementPolicyFactory.java:getPolicy(60)) - Create container placement policy of type org.apache.hadoop.hdds.scm.container.placement.algorithms.SCMContainerPlacementRandom
2021-05-05 15:13:58,419 [Listener at 127.0.0.1/43359] INFO  pipeline.PipelineStateManager (PipelineStateManagerV2Impl.java:initialize(78)) - No pipeline exists in current db
2021-05-05 15:13:58,420 [Listener at 127.0.0.1/43359] INFO  algorithms.LeaderChoosePolicyFactory (LeaderChoosePolicyFactory.java:getPolicy(57)) - Create leader choose policy of type org.apache.hadoop.hdds.scm.pipeline.leader.choose.algorithms.MinLeaderCountChoosePolicy
2021-05-05 15:13:58,420 [Listener at 127.0.0.1/43359] INFO  ha.SCMServiceManager (SCMServiceManager.java:register(43)) - Registering service BackgroundPipelineCreator.
2021-05-05 15:13:58,420 [Listener at 127.0.0.1/43359] INFO  pipeline.BackgroundPipelineCreator (BackgroundPipelineCreatorV2.java:start(130)) - Starting RatisPipelineUtilsThread.
2021-05-05 15:13:58,421 [Listener at 127.0.0.1/43359] INFO  algorithms.PipelineChoosePolicyFactory (PipelineChoosePolicyFactory.java:createPipelineChoosePolicyFromClass(73)) - Create pipeline choose policy of type org.apache.hadoop.hdds.scm.pipeline.choose.algorithms.RandomPipelineChoosePolicy
2021-05-05 15:13:58,421 [Listener at 127.0.0.1/43359] INFO  ha.SCMServiceManager (SCMServiceManager.java:register(43)) - Registering service SCMBlockDeletingService.
2021-05-05 15:13:58,422 [Listener at 127.0.0.1/43359] INFO  ha.SCMServiceManager (SCMServiceManager.java:register(43)) - Registering service ReplicationManager.
2021-05-05 15:13:58,422 [Listener at 127.0.0.1/43359] INFO  container.ReplicationManager (ReplicationManager.java:start(226)) - Starting Replication Monitor Thread.
2021-05-05 15:13:58,423 [Listener at 127.0.0.1/43359] INFO  safemode.HealthyPipelineSafeModeRule (HealthyPipelineSafeModeRule.java:<init>(90)) - Total pipeline count is 0, healthy pipeline threshold count is 0
2021-05-05 15:13:58,424 [Listener at 127.0.0.1/43359] INFO  safemode.OneReplicaPipelineSafeModeRule (OneReplicaPipelineSafeModeRule.java:<init>(86)) - Total pipeline count is 0, pipeline's with at least one datanode reported threshold count is 0
2021-05-05 15:13:58,428 [Listener at 127.0.0.1/43359] INFO  ipc.CallQueueManager (CallQueueManager.java:<init>(85)) - Using callQueue: class java.util.concurrent.LinkedBlockingQueue, queueCapacity: 2000, scheduler: class org.apache.hadoop.ipc.DefaultRpcScheduler, ipcBackoff: false.
2021-05-05 15:13:58,428 [Socket Reader #1 for port 0] INFO  ipc.Server (Server.java:run(1255)) - Starting Socket Reader #1 for port 0
2021-05-05 15:13:58,428 [ReplicationMonitor] INFO  container.ReplicationManager (ReplicationManager.java:run(290)) - Replication Monitor Thread took 0 milliseconds for processing 0 containers.
2021-05-05 15:13:58,432 [Listener at 0.0.0.0/34979] INFO  ipc.CallQueueManager (CallQueueManager.java:<init>(85)) - Using callQueue: class java.util.concurrent.LinkedBlockingQueue, queueCapacity: 2000, scheduler: class org.apache.hadoop.ipc.DefaultRpcScheduler, ipcBackoff: false.
2021-05-05 15:13:58,432 [Socket Reader #1 for port 0] INFO  ipc.Server (Server.java:run(1255)) - Starting Socket Reader #1 for port 0
2021-05-05 15:13:58,436 [Listener at 0.0.0.0/38697] INFO  ipc.CallQueueManager (CallQueueManager.java:<init>(85)) - Using callQueue: class java.util.concurrent.LinkedBlockingQueue, queueCapacity: 2000, scheduler: class org.apache.hadoop.ipc.DefaultRpcScheduler, ipcBackoff: false.
2021-05-05 15:13:58,439 [Socket Reader #1 for port 0] INFO  ipc.Server (Server.java:run(1255)) - Starting Socket Reader #1 for port 0
2021-05-05 15:13:58,444 [Listener at 0.0.0.0/41779] INFO  server.StorageContainerManager (StorageContainerManager.java:<init>(406)) - Container Balancer status:
Key                            Value
Running                        false
Container Balancer Configuration values:
Key                            Value
Threshold                      0.100000
Max Datanodes to Balance       5
Max Size to Move               10737418240B

2021-05-05 15:13:58,444 [Listener at 0.0.0.0/41779] WARN  events.EventQueue (EventQueue.java:fireEvent(185)) - No event handler registered for event TypedEvent{payloadType=SafeModeStatus, name='Safe mode status'}
2021-05-05 15:13:58,445 [Listener at 0.0.0.0/41779] INFO  ha.SCMContext (SCMContext.java:updateSafeModeStatus(147)) - Update SafeModeStatus from SafeModeStatus{safeModeStatus=true, preCheckPassed=false} to SafeModeStatus{safeModeStatus=true, preCheckPassed=false}.
2021-05-05 15:13:58,445 [Listener at 0.0.0.0/41779] INFO  server.StorageContainerManager (StorageContainerManager.java:start(1143)) - StorageContainerLocationProtocol RPC server is listening at /0.0.0.0:41779
2021-05-05 15:13:58,446 [Listener at 0.0.0.0/41779] WARN  impl.MetricsConfig (MetricsConfig.java:loadFirst(136)) - Cannot locate configuration: tried hadoop-metrics2-storagecontainermanager.properties,hadoop-metrics2.properties
2021-05-05 15:13:58,447 [Listener at 0.0.0.0/41779] INFO  impl.MetricsSystemImpl (MetricsSystemImpl.java:startTimer(378)) - Scheduled Metric snapshot period at 10 second(s).
2021-05-05 15:13:58,447 [Listener at 0.0.0.0/41779] INFO  impl.MetricsSystemImpl (MetricsSystemImpl.java:start(191)) - StorageContainerManager metrics system started
2021-05-05 15:13:58,452 [Listener at 0.0.0.0/41779] INFO  impl.MetricsSinkAdapter (MetricsSinkAdapter.java:start(204)) - Sink prometheus started
2021-05-05 15:13:58,452 [Listener at 0.0.0.0/41779] INFO  impl.MetricsSystemImpl (MetricsSystemImpl.java:registerSink(305)) - Registered sink prometheus
2021-05-05 15:13:58,466 [Listener at 0.0.0.0/41779] INFO  server.SCMClientProtocolServer (SCMClientProtocolServer.java:start(157)) - RPC server for Client  is listening at /0.0.0.0:41779
2021-05-05 15:13:58,466 [IPC Server Responder] INFO  ipc.Server (Server.java:run(1497)) - IPC Server Responder: starting
2021-05-05 15:13:58,467 [IPC Server listener on 0] INFO  ipc.Server (Server.java:run(1334)) - IPC Server listener on 0: starting
2021-05-05 15:13:58,476 [Listener at 0.0.0.0/41779] INFO  server.StorageContainerManager (StorageContainerManager.java:start(1157)) - ScmBlockLocationProtocol RPC server is listening at /0.0.0.0:38697
2021-05-05 15:13:58,476 [Listener at 0.0.0.0/41779] INFO  server.SCMBlockProtocolServer (SCMBlockProtocolServer.java:start(149)) - RPC server for Block Protocol is listening at /0.0.0.0:38697
2021-05-05 15:13:58,477 [IPC Server Responder] INFO  ipc.Server (Server.java:run(1497)) - IPC Server Responder: starting
2021-05-05 15:13:58,477 [IPC Server listener on 0] INFO  ipc.Server (Server.java:run(1334)) - IPC Server listener on 0: starting
2021-05-05 15:13:58,481 [Listener at 0.0.0.0/41779] INFO  server.StorageContainerManager (StorageContainerManager.java:start(1163)) - ScmDatanodeProtocl RPC server is listening at /0.0.0.0:34979
2021-05-05 15:13:58,481 [Listener at 0.0.0.0/41779] INFO  server.SCMDatanodeProtocolServer (SCMDatanodeProtocolServer.java:start(174)) - RPC server for DataNodes is listening at /0.0.0.0:34979
2021-05-05 15:13:58,481 [IPC Server Responder] INFO  ipc.Server (Server.java:run(1497)) - IPC Server Responder: starting
2021-05-05 15:13:58,481 [IPC Server listener on 0] INFO  ipc.Server (Server.java:run(1334)) - IPC Server listener on 0: starting
2021-05-05 15:13:58,486 [org.apache.hadoop.util.JvmPauseMonitor$Monitor@735c49cc] INFO  util.JvmPauseMonitor (JvmPauseMonitor.java:run(188)) - Starting JVM pause monitor
2021-05-05 15:13:58,489 [Listener at 0.0.0.0/41779] INFO  http.BaseHttpServer (BaseHttpServer.java:newHttpServer2BuilderForOzone(207)) - Starting Web-server for scm at: http://0.0.0.0:0
2021-05-05 15:13:58,489 [Listener at 0.0.0.0/41779] INFO  http.BaseHttpServer (BaseHttpServer.java:<init>(106)) - Hadoop Security Enabled: false Ozone Security Enabled: false Ozone HTTP Security Enabled: false 
2021-05-05 15:13:58,490 [Listener at 0.0.0.0/41779] INFO  server.AuthenticationFilter (AuthenticationFilter.java:constructSecretProvider(240)) - Unable to initialize FileSignerSecretProvider, falling back to use random secrets.
2021-05-05 15:13:58,490 [Listener at 0.0.0.0/41779] WARN  http.HttpRequestLog (HttpRequestLog.java:getRequestLog(103)) - Jetty request log can only be enabled using Log4j
2021-05-05 15:13:58,491 [Listener at 0.0.0.0/41779] INFO  http.HttpServer2 (HttpServer2.java:addGlobalFilter(1020)) - Added global filter 'safety' (class=org.apache.hadoop.hdds.server.http.HttpServer2$QuotingInputFilter)
2021-05-05 15:13:58,492 [Listener at 0.0.0.0/41779] INFO  http.HttpServer2 (HttpServer2.java:addFilter(996)) - Added filter static_user_filter (class=org.apache.hadoop.http.lib.StaticUserWebFilter$StaticUserFilter) to context scm
2021-05-05 15:13:58,492 [Listener at 0.0.0.0/41779] INFO  http.HttpServer2 (HttpServer2.java:addFilter(1004)) - Added filter static_user_filter (class=org.apache.hadoop.http.lib.StaticUserWebFilter$StaticUserFilter) to context logs
2021-05-05 15:13:58,492 [Listener at 0.0.0.0/41779] INFO  http.HttpServer2 (HttpServer2.java:addFilter(1004)) - Added filter static_user_filter (class=org.apache.hadoop.http.lib.StaticUserWebFilter$StaticUserFilter) to context static
2021-05-05 15:13:58,492 [Listener at 0.0.0.0/41779] INFO  http.HttpServer2 (HttpServer2.java:bindListener(1238)) - Jetty bound to port 39859
2021-05-05 15:13:58,492 [Listener at 0.0.0.0/41779] INFO  server.Server (Server.java:doStart(375)) - jetty-9.4.35.v20201120; built: 2020-11-20T21:17:03.964Z; git: bdc54f03a5e0a7e280fab27f55c3c75ee8da89fb; jvm 1.8.0_232-b09
2021-05-05 15:13:58,493 [Listener at 0.0.0.0/41779] INFO  server.session (DefaultSessionIdManager.java:doStart(334)) - DefaultSessionIdManager workerName=node0
2021-05-05 15:13:58,494 [Listener at 0.0.0.0/41779] INFO  server.session (DefaultSessionIdManager.java:doStart(339)) - No SessionScavenger set, using defaults
2021-05-05 15:13:58,494 [Listener at 0.0.0.0/41779] INFO  server.session (HouseKeeper.java:startScavenging(132)) - node0 Scavenging every 660000ms
2021-05-05 15:13:58,494 [Listener at 0.0.0.0/41779] INFO  handler.ContextHandler (ContextHandler.java:doStart(916)) - Started o.e.j.s.ServletContextHandler@24411981{logs,/logs,file:///github/workspace/mnt/ozone/hadoop-ozone/integration-test/target/log,AVAILABLE}
2021-05-05 15:13:58,495 [Listener at 0.0.0.0/41779] INFO  handler.ContextHandler (ContextHandler.java:doStart(916)) - Started o.e.j.s.ServletContextHandler@7553d28b{static,/static,file:///github/workspace/mnt/ozone/hadoop-ozone/integration-test/target/test-classes/webapps/static,AVAILABLE}
2021-05-05 15:13:58,498 [Listener at 0.0.0.0/41779] INFO  handler.ContextHandler (ContextHandler.java:doStart(916)) - Started o.e.j.w.WebAppContext@6cbb6d0d{scm,/,file:///github/workspace/mnt/ozone/hadoop-ozone/integration-test/target/test-classes/webapps/scm/,AVAILABLE}{file:/github/workspace/mnt/ozone/hadoop-ozone/integration-test/target/test-classes/webapps/scm}
2021-05-05 15:13:58,498 [Listener at 0.0.0.0/41779] INFO  server.AbstractConnector (AbstractConnector.java:doStart(331)) - Started ServerConnector@4bc06a3e{HTTP/1.1, (http/1.1)}{0.0.0.0:39859}
2021-05-05 15:13:58,499 [Listener at 0.0.0.0/41779] INFO  server.Server (Server.java:doStart(415)) - Started @184200ms
2021-05-05 15:13:58,499 [Listener at 0.0.0.0/41779] WARN  impl.MetricsSystemImpl (MetricsSystemImpl.java:register(279)) - Sink prometheus already exists!
2021-05-05 15:13:58,504 [Listener at 0.0.0.0/41779] INFO  http.BaseHttpServer (BaseHttpServer.java:updateConnectorAddress(327)) - HTTP server of scm listening at http://0.0.0.0:39859
2021-05-05 15:13:58,505 [Listener at 0.0.0.0/41779] WARN  server.ServerUtils (ServerUtils.java:getDBPath(225)) - ozone.om.db.dirs is not configured. We recommend adding this setting. Falling back to ozone.metadata.dirs instead.
2021-05-05 15:13:58,506 [Listener at 0.0.0.0/41779] INFO  ha.OMHANodeDetails (OMHANodeDetails.java:loadOMHAConfig(105)) - ozone.om.internal.service.id is not defined, falling back to ozone.om.service.ids to find serviceID for OzoneManager if it is HA enabled cluster
2021-05-05 15:13:58,506 [Listener at 0.0.0.0/41779] INFO  ha.OMHANodeDetails (OMHANodeDetails.java:loadOMHAConfig(212)) - Configuration does not have ozone.om.address set. Falling back to the default OM address /127.0.0.1:0
2021-05-05 15:13:58,506 [Listener at 0.0.0.0/41779] INFO  ha.OMHANodeDetails (OMHANodeDetails.java:getOMNodeDetails(240)) - OM Service ID is not set. Setting it to the default ID: omServiceIdDefault
2021-05-05 15:13:58,506 [Listener at 0.0.0.0/41779] INFO  ha.OMHANodeDetails (OMHANodeDetails.java:getOMNodeDetails(247)) - OM Node ID is not set. Setting it to the default ID: om1
2021-05-05 15:13:58,507 [Listener at 0.0.0.0/41779] WARN  server.ServerUtils (ServerUtils.java:getDBPath(225)) - ozone.om.db.dirs is not configured. We recommend adding this setting. Falling back to ozone.metadata.dirs instead.
2021-05-05 15:13:58,507 [Listener at 0.0.0.0/41779] WARN  server.ServerUtils (ServerUtils.java:getDBPath(225)) - ozone.om.db.dirs is not configured. We recommend adding this setting. Falling back to ozone.metadata.dirs instead.
2021-05-05 15:13:58,513 [Listener at 0.0.0.0/41779] WARN  server.ServerUtils (ServerUtils.java:getDBPath(225)) - ozone.om.db.dirs is not configured. We recommend adding this setting. Falling back to ozone.metadata.dirs instead.
2021-05-05 15:13:58,514 [Listener at 0.0.0.0/41779] INFO  codec.OmKeyInfoCodec (OmKeyInfoCodec.java:<init>(43)) - OmKeyInfoCodec ignorePipeline = true
2021-05-05 15:13:58,514 [Listener at 0.0.0.0/41779] INFO  codec.RepeatedOmKeyInfoCodec (RepeatedOmKeyInfoCodec.java:<init>(42)) - RepeatedOmKeyInfoCodec ignorePipeline = true
2021-05-05 15:13:58,563 [Listener at 0.0.0.0/41779] INFO  om.OzoneManager (OzoneManager.java:addS3GVolumeToDB(3726)) - Created Volume s3v With Owner jenkins1001 required for S3Gateway operations.
2021-05-05 15:13:58,564 [Listener at 0.0.0.0/41779] WARN  server.ServerUtils (ServerUtils.java:getDefaultRatisDirectory(237)) - Storage directory for Ratis is not configured. It is a good idea to map this to an SSD disk. Falling back to ozone.metadata.dirs
2021-05-05 15:13:58,564 [Listener at 0.0.0.0/41779] WARN  ratis.OzoneManagerRatisServer (OzoneManagerRatisServer.java:getOMRatisSnapshotDirectory(634)) - ozone.om.ratis.snapshot.dir is not configured. Falling back to ozone.metadata.dirs config
2021-05-05 15:13:58,564 [Listener at 0.0.0.0/41779] WARN  server.ServerUtils (ServerUtils.java:getDefaultRatisDirectory(237)) - Storage directory for Ratis is not configured. It is a good idea to map this to an SSD disk. Falling back to ozone.metadata.dirs
2021-05-05 15:13:58,565 [Listener at 0.0.0.0/41779] INFO  ratis.OzoneManagerRatisServer (OzoneManagerRatisServer.java:<init>(288)) - Instantiating OM Ratis server with GroupID: omServiceIdDefault and Raft Peers: localhost:9872
2021-05-05 15:13:58,565 [Listener at 0.0.0.0/41779] INFO  ratis.OzoneManagerStateMachine (OzoneManagerStateMachine.java:loadSnapshotInfoFromDB(520)) - LastAppliedIndex is set from TransactionInfo from OM DB as (t:0, i:~)
2021-05-05 15:13:58,565 [Listener at 0.0.0.0/41779] INFO  server.RaftServer (ConfUtils.java:logGet(44)) - raft.rpc.type = GRPC (default)
2021-05-05 15:13:58,565 [Listener at 0.0.0.0/41779] INFO  grpc.GrpcFactory (GrpcFactory.java:checkPooledByteBufAllocatorUseCacheForAllThreads(48)) - PERFORMANCE WARNING: useCacheForAllThreads is true that may cause Netty to create a lot garbage objects and, as a result, trigger GC.
	It is recommended to disable useCacheForAllThreads by setting -Dorg.apache.ratis.thirdparty.io.netty.allocator.useCacheForAllThreads=false in command line.
2021-05-05 15:13:58,566 [Listener at 0.0.0.0/41779] INFO  grpc.GrpcConfigKeys (ConfUtils.java:logGet(44)) - raft.grpc.admin.port = -1 (default)
2021-05-05 15:13:58,566 [Listener at 0.0.0.0/41779] INFO  grpc.GrpcConfigKeys (ConfUtils.java:logGet(44)) - raft.grpc.server.port = 9872 (custom)
2021-05-05 15:13:58,566 [Listener at 0.0.0.0/41779] INFO  grpc.GrpcConfigKeys (ConfUtils.java:logGet(44)) - raft.grpc.client.port = -1 (default)
2021-05-05 15:13:58,566 [Listener at 0.0.0.0/41779] INFO  grpc.GrpcConfigKeys (ConfUtils.java:logGet(44)) - raft.grpc.server.port = 9872 (custom)
2021-05-05 15:13:58,566 [Listener at 0.0.0.0/41779] INFO  grpc.GrpcConfigKeys (ConfUtils.java:logGet(44)) - raft.grpc.server.port = 9872 (custom)
2021-05-05 15:13:58,566 [Listener at 0.0.0.0/41779] INFO  server.GrpcService (ConfUtils.java:logGet(44)) - raft.grpc.message.size.max = 33554432 (custom)
2021-05-05 15:13:58,567 [Listener at 0.0.0.0/41779] INFO  server.RaftServerConfigKeys (ConfUtils.java:logGet(44)) - raft.server.log.appender.buffer.byte-limit = 33554432 (custom)
2021-05-05 15:13:58,567 [Listener at 0.0.0.0/41779] INFO  server.GrpcService (ConfUtils.java:logGet(44)) - raft.grpc.flow.control.window = 1MB (=1048576) (default)
2021-05-05 15:13:58,567 [Listener at 0.0.0.0/41779] INFO  server.RaftServerConfigKeys (ConfUtils.java:logGet(44)) - raft.server.rpc.request.timeout = 3000ms (default)
2021-05-05 15:13:58,569 [Listener at 0.0.0.0/41779] INFO  impl.DataStreamServerImpl (ConfUtils.java:logGet(44)) - raft.datastream.type = DISABLED (default)
2021-05-05 15:13:58,569 [Listener at 0.0.0.0/41779] INFO  server.RaftServerConfigKeys (ConfUtils.java:logGet(44)) - raft.server.rpc.slowness.timeout = 120s (custom)
2021-05-05 15:13:58,569 [Listener at 0.0.0.0/41779] INFO  server.RaftServerConfigKeys (ConfUtils.java:logGet(44)) - raft.server.leaderelection.leader.step-down.wait-time = 10s (default)
2021-05-05 15:13:58,570 [Listener at 0.0.0.0/41779] INFO  server.RaftServerConfigKeys (ConfUtils.java:logGet(44)) - raft.server.storage.dir = [/github/workspace/mnt/ozone/hadoop-ozone/integration-test/target/test-dir/MiniOzoneClusterImpl-c76e6b88-ed31-44d7-ac8c-51a305797015/ozone-meta/ratis] (custom)
2021-05-05 15:13:58,570 [Listener at 0.0.0.0/41779] INFO  server.RaftServer (RaftServerProxy.java:addNew(95)) - om1: addNew group-C5BA1605619E:[om1|rpc:localhost:9872|priority:0] returns group-C5BA1605619E:java.util.concurrent.CompletableFuture@27d48912[Not completed]
2021-05-05 15:13:58,570 [Listener at 0.0.0.0/41779] INFO  om.OzoneManager (OzoneManager.java:initializeRatisServer(1294)) - OzoneManager Ratis server initialized at port 9872
2021-05-05 15:13:58,572 [Listener at 0.0.0.0/41779] INFO  ipc.CallQueueManager (CallQueueManager.java:<init>(85)) - Using callQueue: class java.util.concurrent.LinkedBlockingQueue, queueCapacity: 2000, scheduler: class org.apache.hadoop.ipc.DefaultRpcScheduler, ipcBackoff: false.
2021-05-05 15:13:58,572 [pool-664-thread-1] INFO  server.RaftServer$Division (RaftServerImpl.java:<init>(180)) - om1: new RaftServerImpl for group-C5BA1605619E:[om1|rpc:localhost:9872|priority:0] with OzoneManagerStateMachine:uninitialized
2021-05-05 15:13:58,573 [pool-664-thread-1] INFO  server.RaftServerConfigKeys (ConfUtils.java:logGet(44)) - raft.server.rpc.timeout.min = 1s (custom)
2021-05-05 15:13:58,573 [pool-664-thread-1] INFO  server.RaftServerConfigKeys (ConfUtils.java:logGet(44)) - raft.server.rpc.timeout.max = 1200ms (custom)
2021-05-05 15:13:58,573 [pool-664-thread-1] INFO  server.RaftServerConfigKeys (ConfUtils.java:logGet(44)) - raft.server.rpc.sleep.time = 25ms (default)
2021-05-05 15:13:58,573 [pool-664-thread-1] INFO  server.RaftServerConfigKeys (ConfUtils.java:logGet(44)) - raft.server.rpc.slowness.timeout = 120s (custom)
2021-05-05 15:13:58,573 [pool-664-thread-1] INFO  server.RaftServerConfigKeys (ConfUtils.java:logGet(44)) - raft.server.leaderelection.leader.step-down.wait-time = 10s (default)
2021-05-05 15:13:58,573 [pool-664-thread-1] INFO  server.RaftServerConfigKeys (ConfUtils.java:logGet(44)) - raft.server.sleep.deviation.threshold = 300ms (default)
2021-05-05 15:13:58,573 [pool-664-thread-1] INFO  server.RaftServerConfigKeys (ConfUtils.java:logGet(44)) - raft.server.log.appender.install.snapshot.enabled = false (custom)
2021-05-05 15:13:58,573 [pool-664-thread-1] INFO  server.RaftServer$Division (ServerState.java:<init>(105)) - om1@group-C5BA1605619E: ConfigurationManager, init=-1: [om1|rpc:localhost:9872|priority:0], old=null, confs=<EMPTY_MAP>
2021-05-05 15:13:58,573 [pool-664-thread-1] INFO  server.RaftServerConfigKeys (ConfUtils.java:logGet(44)) - raft.server.storage.dir = [/github/workspace/mnt/ozone/hadoop-ozone/integration-test/target/test-dir/MiniOzoneClusterImpl-c76e6b88-ed31-44d7-ac8c-51a305797015/ozone-meta/ratis] (custom)
2021-05-05 15:13:58,574 [pool-664-thread-1] INFO  server.RaftServerConfigKeys (ConfUtils.java:logGet(44)) - raft.server.log.corruption.policy = EXCEPTION (default)
2021-05-05 15:13:58,574 [pool-664-thread-1] INFO  storage.RaftStorageDirectory (RaftStorageDirectoryImpl.java:analyzeStorage(132)) - The storage directory /github/workspace/mnt/ozone/hadoop-ozone/integration-test/target/test-dir/MiniOzoneClusterImpl-c76e6b88-ed31-44d7-ac8c-51a305797015/ozone-meta/ratis/bf265839-605b-3f16-9796-c5ba1605619e does not exist. Creating ...
2021-05-05 15:13:58,574 [Socket Reader #1 for port 0] INFO  ipc.Server (Server.java:run(1255)) - Starting Socket Reader #1 for port 0
2021-05-05 15:13:58,575 [pool-664-thread-1] INFO  storage.RaftStorageDirectory (RaftStorageDirectoryImpl.java:tryLock(215)) - Lock on /github/workspace/mnt/ozone/hadoop-ozone/integration-test/target/test-dir/MiniOzoneClusterImpl-c76e6b88-ed31-44d7-ac8c-51a305797015/ozone-meta/ratis/bf265839-605b-3f16-9796-c5ba1605619e/in_use.lock acquired by nodename 25793@d81b9af81a7a
2021-05-05 15:13:58,576 [pool-664-thread-1] INFO  storage.RaftStorage (RaftStorageImpl.java:format(87)) - Storage directory /github/workspace/mnt/ozone/hadoop-ozone/integration-test/target/test-dir/MiniOzoneClusterImpl-c76e6b88-ed31-44d7-ac8c-51a305797015/ozone-meta/ratis/bf265839-605b-3f16-9796-c5ba1605619e has been successfully formatted.
2021-05-05 15:13:58,577 [pool-664-thread-1] INFO  server.RaftServerConfigKeys (ConfUtils.java:logGet(44)) - raft.server.notification.no-leader.timeout = 120s (custom)
2021-05-05 15:13:58,577 [pool-664-thread-1] INFO  server.RaftServerConfigKeys (ConfUtils.java:logGet(44)) - raft.server.log.use.memory = false (default)
2021-05-05 15:13:58,577 [pool-664-thread-1] INFO  server.RaftServerConfigKeys (ConfUtils.java:logGet(44)) - raft.server.log.purge.gap = 1000000 (custom)
2021-05-05 15:13:58,577 [pool-664-thread-1] INFO  server.RaftServerConfigKeys (ConfUtils.java:logGet(44)) - raft.server.log.appender.buffer.byte-limit = 33554432 (custom)
2021-05-05 15:13:58,577 [pool-664-thread-1] INFO  metrics.RatisMetrics (RatisMetrics.java:lambda$create$0(36)) - Creating Metrics Registry : ratis.log_worker.om1@group-C5BA1605619E
2021-05-05 15:13:58,577 [pool-664-thread-1] INFO  server.RaftServerConfigKeys (ConfUtils.java:logGet(44)) - raft.server.log.segment.size.max = 4194304 (custom)
2021-05-05 15:13:58,578 [pool-664-thread-1] INFO  server.RaftServerConfigKeys (ConfUtils.java:logGet(44)) - raft.server.log.segment.cache.num.max = 2 (custom)
2021-05-05 15:13:58,578 [pool-664-thread-1] INFO  server.RaftServerConfigKeys (ConfUtils.java:logGet(44)) - raft.server.log.segment.cache.size.max = 200MB (=209715200) (default)
2021-05-05 15:13:58,578 [pool-664-thread-1] INFO  segmented.SegmentedRaftLogWorker (SegmentedRaftLogWorker.java:<init>(182)) - new om1@group-C5BA1605619E-SegmentedRaftLogWorker for RaftStorageImpl:Storage Directory /github/workspace/mnt/ozone/hadoop-ozone/integration-test/target/test-dir/MiniOzoneClusterImpl-c76e6b88-ed31-44d7-ac8c-51a305797015/ozone-meta/ratis/bf265839-605b-3f16-9796-c5ba1605619e
2021-05-05 15:13:58,578 [pool-664-thread-1] INFO  server.RaftServerConfigKeys (ConfUtils.java:logGet(44)) - raft.server.log.queue.byte-limit = 64MB (=67108864) (default)
2021-05-05 15:13:58,578 [pool-664-thread-1] INFO  server.RaftServerConfigKeys (ConfUtils.java:logGet(44)) - raft.server.log.queue.element-limit = 4096 (default)
2021-05-05 15:13:58,579 [pool-664-thread-1] INFO  server.RaftServerConfigKeys (ConfUtils.java:logGet(44)) - raft.server.log.segment.size.max = 4194304 (custom)
2021-05-05 15:13:58,579 [pool-664-thread-1] INFO  server.RaftServerConfigKeys (ConfUtils.java:logGet(44)) - raft.server.log.preallocated.size = 4194304 (custom)
2021-05-05 15:13:58,579 [pool-664-thread-1] INFO  server.RaftServerConfigKeys (ConfUtils.java:logGet(44)) - raft.server.log.force.sync.num = 128 (default)
2021-05-05 15:13:58,579 [pool-664-thread-1] INFO  server.RaftServerConfigKeys (ConfUtils.java:logGet(44)) - raft.server.log.statemachine.data.sync = true (default)
2021-05-05 15:13:58,579 [pool-664-thread-1] INFO  server.RaftServerConfigKeys (ConfUtils.java:logGet(44)) - raft.server.log.statemachine.data.sync.timeout = 10s (default)
2021-05-05 15:13:58,579 [pool-664-thread-1] INFO  server.RaftServerConfigKeys (ConfUtils.java:logGet(44)) - raft.server.log.statemachine.data.sync.timeout.retry = -1 (default)
2021-05-05 15:13:58,580 [pool-664-thread-1] INFO  server.RaftServerConfigKeys (ConfUtils.java:logGet(44)) - raft.server.log.write.buffer.size = 64KB (=65536) (default)
2021-05-05 15:13:58,580 [pool-664-thread-1] INFO  server.RaftServerConfigKeys (ConfUtils.java:logGet(44)) - raft.server.log.statemachine.data.caching.enabled = false (default)
2021-05-05 15:13:58,581 [pool-664-thread-1] INFO  segmented.SegmentedRaftLogWorker (SegmentedRaftLogWorker.java:lambda$new$0(133)) - om1@group-C5BA1605619E-SegmentedRaftLogWorker: flushIndex: setUnconditionally 0 -> -1
2021-05-05 15:13:58,584 [pool-664-thread-1] INFO  segmented.SegmentedRaftLogWorker (SegmentedRaftLogWorker.java:lambda$new$0(133)) - om1@group-C5BA1605619E-SegmentedRaftLogWorker: safeCacheEvictIndex: setUnconditionally 0 -> -1
2021-05-05 15:13:58,588 [Listener at 127.0.0.1/33403] INFO  impl.MetricsSystemImpl (MetricsSystemImpl.java:init(158)) - OzoneManager metrics system started (again)
2021-05-05 15:13:58,588 [pool-664-thread-1] INFO  server.RaftServerConfigKeys (ConfUtils.java:logGet(44)) - raft.server.snapshot.auto.trigger.enabled = true (custom)
2021-05-05 15:13:58,588 [pool-664-thread-1] INFO  server.RaftServerConfigKeys (ConfUtils.java:logGet(44)) - raft.server.snapshot.auto.trigger.threshold = 400000 (default)
2021-05-05 15:13:58,588 [pool-664-thread-1] INFO  server.RaftServerConfigKeys (ConfUtils.java:logGet(44)) - raft.server.snapshot.retention.file.num = -1 (default)
2021-05-05 15:13:58,588 [pool-664-thread-1] INFO  server.RaftServerConfigKeys (ConfUtils.java:logGet(44)) - raft.server.log.purge.upto.snapshot.index = true (custom)
2021-05-05 15:13:58,589 [pool-664-thread-1] INFO  server.RaftServerConfigKeys (ConfUtils.java:logGet(44)) - raft.server.retrycache.expirytime = 300s (custom)
2021-05-05 15:13:58,589 [pool-664-thread-1] INFO  server.RaftServerConfigKeys (ConfUtils.java:logGet(44)) - raft.server.retrycache.statistics.expirytime = 100?s (default)
2021-05-05 15:13:58,589 [pool-664-thread-1] INFO  metrics.RatisMetrics (RatisMetrics.java:lambda$create$0(36)) - Creating Metrics Registry : ratis.leader_election.om1@group-C5BA1605619E
2021-05-05 15:13:58,589 [Listener at 127.0.0.1/33403] INFO  om.OzoneManager (OzoneManager.java:start(1104)) - OzoneManager RPC server is listening at localhost/127.0.0.1:33403
2021-05-05 15:13:58,589 [Listener at 127.0.0.1/33403] INFO  ratis.OzoneManagerRatisServer (OzoneManagerRatisServer.java:start(388)) - Starting OzoneManagerRatisServer om1 at port 9872
2021-05-05 15:13:58,589 [pool-664-thread-1] INFO  metrics.RatisMetrics (RatisMetrics.java:lambda$create$0(36)) - Creating Metrics Registry : ratis.server.om1@group-C5BA1605619E
2021-05-05 15:13:58,591 [Listener at 127.0.0.1/33403] INFO  server.RaftServer$Division (RaftServerImpl.java:start(295)) - om1@group-C5BA1605619E: start as a follower, conf=-1: [om1|rpc:localhost:9872|priority:0], old=null
2021-05-05 15:13:58,591 [Listener at 127.0.0.1/33403] INFO  server.RaftServer$Division (RaftServerImpl.java:setRole(284)) - om1@group-C5BA1605619E: changes role from      null to FOLLOWER at term 0 for startAsFollower
2021-05-05 15:13:58,591 [Listener at 127.0.0.1/33403] INFO  impl.RoleInfo (RoleInfo.java:updateAndGet(130)) - om1: start om1@group-C5BA1605619E-FollowerState
2021-05-05 15:13:58,592 [Listener at 127.0.0.1/33403] INFO  util.JmxRegister (JmxRegister.java:tryRegister(44)) - Successfully registered JMX Bean with object name Ratis:service=RaftServer,group=group-C5BA1605619E,id=om1
2021-05-05 15:13:58,593 [Listener at 127.0.0.1/33403] INFO  metrics.RatisMetrics (RatisMetrics.java:lambda$create$0(36)) - Creating Metrics Registry : ratis.state_machine.om1@group-C5BA1605619E
2021-05-05 15:13:58,594 [Listener at 127.0.0.1/33403] INFO  server.RaftServer (RaftServerProxy.java:lambda$start$5(374)) - om1: start RPC server
2021-05-05 15:13:58,594 [Listener at 127.0.0.1/33403] INFO  server.GrpcService (GrpcService.java:startImpl(253)) - om1: GrpcService started, listening on 9872
2021-05-05 15:13:58,595 [org.apache.ratis.util.JvmPauseMonitor$$Lambda$504/1672688893@5e618639] INFO  util.JvmPauseMonitor (JvmPauseMonitor.java:run(103)) - JvmPauseMonitor-om1: Started
2021-05-05 15:13:58,643 [Listener at 127.0.0.1/33403] INFO  http.BaseHttpServer (BaseHttpServer.java:newHttpServer2BuilderForOzone(207)) - Starting Web-server for ozoneManager at: http://0.0.0.0:0
2021-05-05 15:13:58,643 [Listener at 127.0.0.1/33403] INFO  http.BaseHttpServer (BaseHttpServer.java:<init>(106)) - Hadoop Security Enabled: false Ozone Security Enabled: false Ozone HTTP Security Enabled: false 
2021-05-05 15:13:58,644 [Listener at 127.0.0.1/33403] INFO  server.AuthenticationFilter (AuthenticationFilter.java:constructSecretProvider(240)) - Unable to initialize FileSignerSecretProvider, falling back to use random secrets.
2021-05-05 15:13:58,644 [Listener at 127.0.0.1/33403] WARN  http.HttpRequestLog (HttpRequestLog.java:getRequestLog(103)) - Jetty request log can only be enabled using Log4j
2021-05-05 15:13:58,645 [Listener at 127.0.0.1/33403] INFO  http.HttpServer2 (HttpServer2.java:addGlobalFilter(1020)) - Added global filter 'safety' (class=org.apache.hadoop.hdds.server.http.HttpServer2$QuotingInputFilter)
2021-05-05 15:13:58,646 [Listener at 127.0.0.1/33403] INFO  http.HttpServer2 (HttpServer2.java:addFilter(996)) - Added filter static_user_filter (class=org.apache.hadoop.http.lib.StaticUserWebFilter$StaticUserFilter) to context ozoneManager
2021-05-05 15:13:58,646 [Listener at 127.0.0.1/33403] INFO  http.HttpServer2 (HttpServer2.java:addFilter(1004)) - Added filter static_user_filter (class=org.apache.hadoop.http.lib.StaticUserWebFilter$StaticUserFilter) to context logs
2021-05-05 15:13:58,646 [Listener at 127.0.0.1/33403] INFO  http.HttpServer2 (HttpServer2.java:addFilter(1004)) - Added filter static_user_filter (class=org.apache.hadoop.http.lib.StaticUserWebFilter$StaticUserFilter) to context static
2021-05-05 15:13:58,647 [Listener at 127.0.0.1/33403] INFO  http.HttpServer2 (HttpServer2.java:bindListener(1238)) - Jetty bound to port 45257
2021-05-05 15:13:58,647 [Listener at 127.0.0.1/33403] INFO  server.Server (Server.java:doStart(375)) - jetty-9.4.35.v20201120; built: 2020-11-20T21:17:03.964Z; git: bdc54f03a5e0a7e280fab27f55c3c75ee8da89fb; jvm 1.8.0_232-b09
2021-05-05 15:13:58,649 [Listener at 127.0.0.1/33403] INFO  server.session (DefaultSessionIdManager.java:doStart(334)) - DefaultSessionIdManager workerName=node0
2021-05-05 15:13:58,649 [Listener at 127.0.0.1/33403] INFO  server.session (DefaultSessionIdManager.java:doStart(339)) - No SessionScavenger set, using defaults
2021-05-05 15:13:58,650 [Listener at 127.0.0.1/33403] INFO  server.session (HouseKeeper.java:startScavenging(132)) - node0 Scavenging every 660000ms
2021-05-05 15:13:58,650 [Listener at 127.0.0.1/33403] INFO  handler.ContextHandler (ContextHandler.java:doStart(916)) - Started o.e.j.s.ServletContextHandler@4fa057b0{logs,/logs,file:///github/workspace/mnt/ozone/hadoop-ozone/integration-test/target/log,AVAILABLE}
2021-05-05 15:13:58,650 [Listener at 127.0.0.1/33403] INFO  handler.ContextHandler (ContextHandler.java:doStart(916)) - Started o.e.j.s.ServletContextHandler@d88f81c{static,/static,file:///github/workspace/mnt/ozone/hadoop-ozone/integration-test/target/test-classes/webapps/static,AVAILABLE}
2021-05-05 15:13:58,654 [Listener at 127.0.0.1/33403] INFO  handler.ContextHandler (ContextHandler.java:doStart(916)) - Started o.e.j.w.WebAppContext@344c2157{ozoneManager,/,file:///github/workspace/mnt/ozone/hadoop-ozone/integration-test/target/test-classes/webapps/ozoneManager/,AVAILABLE}{file:/github/workspace/mnt/ozone/hadoop-ozone/integration-test/target/test-classes/webapps/ozoneManager}
2021-05-05 15:13:58,655 [Listener at 127.0.0.1/33403] INFO  server.AbstractConnector (AbstractConnector.java:doStart(331)) - Started ServerConnector@6c95bb3c{HTTP/1.1, (http/1.1)}{0.0.0.0:45257}
2021-05-05 15:13:58,655 [Listener at 127.0.0.1/33403] INFO  server.Server (Server.java:doStart(415)) - Started @184357ms
2021-05-05 15:13:58,655 [Listener at 127.0.0.1/33403] WARN  impl.MetricsSystemImpl (MetricsSystemImpl.java:register(279)) - Sink prometheus already exists!
2021-05-05 15:13:58,658 [Listener at 127.0.0.1/33403] INFO  http.BaseHttpServer (BaseHttpServer.java:updateConnectorAddress(327)) - HTTP server of ozoneManager listening at http://0.0.0.0:45257
2021-05-05 15:13:58,658 [IPC Server Responder] INFO  ipc.Server (Server.java:run(1497)) - IPC Server Responder: starting
2021-05-05 15:13:58,658 [IPC Server listener on 0] INFO  ipc.Server (Server.java:run(1334)) - IPC Server listener on 0: starting
2021-05-05 15:13:58,665 [Listener at 127.0.0.1/33403] INFO  om.OzoneManager (OzoneManager.java:startTrashEmptier(1234)) - Trash Interval set to 0. Files deleted will not move to trash
2021-05-05 15:13:58,665 [org.apache.hadoop.util.JvmPauseMonitor$Monitor@670ef436] INFO  util.JvmPauseMonitor (JvmPauseMonitor.java:run(188)) - Starting JVM pause monitor
2021-05-05 15:13:58,685 [Listener at 127.0.0.1/33403] INFO  impl.MetricsSystemImpl (MetricsSystemImpl.java:init(158)) - HddsDatanode metrics system started (again)
2021-05-05 15:13:58,687 [Listener at 127.0.0.1/33403] INFO  ozone.HddsDatanodeService (HddsDatanodeService.java:start(220)) - HddsDatanodeService host:d81b9af81a7a ip:172.17.0.2
2021-05-05 15:13:58,706 [Listener at 127.0.0.1/33403] INFO  volume.HddsVolume (HddsVolume.java:<init>(176)) - Creating Volume: /github/workspace/mnt/ozone/hadoop-ozone/integration-test/target/test-dir/MiniOzoneClusterImpl-c76e6b88-ed31-44d7-ac8c-51a305797015/datanode-0/data-0/containers/hdds of storage type : DISK and capacity : 9223372036854775807
2021-05-05 15:13:58,706 [Listener at 127.0.0.1/33403] INFO  volume.MutableVolumeSet (MutableVolumeSet.java:initializeVolumeSet(195)) - Added Volume : /github/workspace/mnt/ozone/hadoop-ozone/integration-test/target/test-dir/MiniOzoneClusterImpl-c76e6b88-ed31-44d7-ac8c-51a305797015/datanode-0/data-0/containers/hdds to VolumeSet
2021-05-05 15:13:58,706 [Listener at 127.0.0.1/33403] INFO  volume.ThrottledAsyncChecker (ThrottledAsyncChecker.java:schedule(141)) - Scheduling a check for /github/workspace/mnt/ozone/hadoop-ozone/integration-test/target/test-dir/MiniOzoneClusterImpl-c76e6b88-ed31-44d7-ac8c-51a305797015/datanode-0/data-0/containers/hdds
2021-05-05 15:13:58,707 [Listener at 127.0.0.1/33403] INFO  volume.HddsVolumeChecker (HddsVolumeChecker.java:checkAllVolumes(200)) - Scheduled health check for volume /github/workspace/mnt/ozone/hadoop-ozone/integration-test/target/test-dir/MiniOzoneClusterImpl-c76e6b88-ed31-44d7-ac8c-51a305797015/datanode-0/data-0/containers/hdds
2021-05-05 15:13:58,719 [Listener at 127.0.0.1/33403] INFO  ozoneimpl.ContainerReader (ContainerReader.java:<init>(98)) - Running in upgrade mode:true
2021-05-05 15:13:58,719 [Thread-1624] INFO  ozoneimpl.ContainerReader (ContainerReader.java:readVolume(142)) - Start to verify containers on volume /github/workspace/mnt/ozone/hadoop-ozone/integration-test/target/test-dir/MiniOzoneClusterImpl-c76e6b88-ed31-44d7-ac8c-51a305797015/datanode-0/data-0/containers/hdds
2021-05-05 15:13:58,719 [Thread-1624] INFO  ozoneimpl.ContainerReader (ContainerReader.java:readVolume(174)) - Finish verifying containers on volume /github/workspace/mnt/ozone/hadoop-ozone/integration-test/target/test-dir/MiniOzoneClusterImpl-c76e6b88-ed31-44d7-ac8c-51a305797015/datanode-0/data-0/containers/hdds
2021-05-05 15:13:58,720 [Listener at 127.0.0.1/33403] INFO  ozoneimpl.OzoneContainer (OzoneContainer.java:buildContainerSet(225)) - Build ContainerSet costs 0s
2021-05-05 15:13:58,721 [Listener at 127.0.0.1/33403] INFO  server.RaftServer (ConfUtils.java:logGet(44)) - raft.rpc.type = GRPC (default)
2021-05-05 15:13:58,721 [Listener at 127.0.0.1/33403] INFO  grpc.GrpcFactory (GrpcFactory.java:checkPooledByteBufAllocatorUseCacheForAllThreads(48)) - PERFORMANCE WARNING: useCacheForAllThreads is true that may cause Netty to create a lot garbage objects and, as a result, trigger GC.
	It is recommended to disable useCacheForAllThreads by setting -Dorg.apache.ratis.thirdparty.io.netty.allocator.useCacheForAllThreads=false in command line.
2021-05-05 15:13:58,721 [Listener at 127.0.0.1/33403] INFO  grpc.GrpcConfigKeys (ConfUtils.java:logGet(44)) - raft.grpc.admin.port = 0 (custom)
2021-05-05 15:13:58,722 [Listener at 127.0.0.1/33403] INFO  grpc.GrpcConfigKeys (ConfUtils.java:logGet(44)) - raft.grpc.client.port = 0 (custom)
2021-05-05 15:13:58,722 [Listener at 127.0.0.1/33403] INFO  grpc.GrpcConfigKeys (ConfUtils.java:logGet(44)) - raft.grpc.server.port = 0 (default)
2021-05-05 15:13:58,722 [Listener at 127.0.0.1/33403] INFO  server.GrpcService (ConfUtils.java:logGet(44)) - raft.grpc.message.size.max = 32MB (=33554432) (custom)
2021-05-05 15:13:58,722 [Listener at 127.0.0.1/33403] INFO  server.RaftServerConfigKeys (ConfUtils.java:logGet(44)) - raft.server.log.appender.buffer.byte-limit = 33554432 (custom)
2021-05-05 15:13:58,722 [Listener at 127.0.0.1/33403] INFO  server.GrpcService (ConfUtils.java:logGet(44)) - raft.grpc.flow.control.window = 5MB (=5242880) (custom)
2021-05-05 15:13:58,722 [Listener at 127.0.0.1/33403] INFO  server.RaftServerConfigKeys (ConfUtils.java:logGet(44)) - raft.server.rpc.request.timeout = 3000ms (default)
2021-05-05 15:13:58,723 [Listener at 127.0.0.1/33403] INFO  impl.DataStreamServerImpl (ConfUtils.java:logGet(44)) - raft.datastream.type = DISABLED (default)
2021-05-05 15:13:58,724 [Listener at 127.0.0.1/33403] INFO  server.RaftServerConfigKeys (ConfUtils.java:logGet(44)) - raft.server.rpc.slowness.timeout = 300000ms (custom)
2021-05-05 15:13:58,724 [Listener at 127.0.0.1/33403] INFO  server.RaftServerConfigKeys (ConfUtils.java:logGet(44)) - raft.server.leaderelection.leader.step-down.wait-time = 10s (default)
2021-05-05 15:13:58,724 [Listener at 127.0.0.1/33403] INFO  server.RaftServerConfigKeys (ConfUtils.java:logGet(44)) - raft.server.storage.dir = [/github/workspace/mnt/ozone/hadoop-ozone/integration-test/target/test-dir/MiniOzoneClusterImpl-c76e6b88-ed31-44d7-ac8c-51a305797015/datanode-0/data/ratis] (custom)
2021-05-05 15:13:58,730 [Listener at 127.0.0.1/33403] INFO  http.BaseHttpServer (BaseHttpServer.java:newHttpServer2BuilderForOzone(207)) - Starting Web-server for hddsDatanode at: http://0.0.0.0:0
2021-05-05 15:13:58,730 [Listener at 127.0.0.1/33403] INFO  http.BaseHttpServer (BaseHttpServer.java:<init>(106)) - Hadoop Security Enabled: false Ozone Security Enabled: false Ozone HTTP Security Enabled: false 
2021-05-05 15:13:58,731 [Listener at 127.0.0.1/33403] INFO  server.AuthenticationFilter (AuthenticationFilter.java:constructSecretProvider(240)) - Unable to initialize FileSignerSecretProvider, falling back to use random secrets.
2021-05-05 15:13:58,731 [Listener at 127.0.0.1/33403] WARN  http.HttpRequestLog (HttpRequestLog.java:getRequestLog(103)) - Jetty request log can only be enabled using Log4j
2021-05-05 15:13:58,732 [Listener at 127.0.0.1/33403] INFO  http.HttpServer2 (HttpServer2.java:addGlobalFilter(1020)) - Added global filter 'safety' (class=org.apache.hadoop.hdds.server.http.HttpServer2$QuotingInputFilter)
2021-05-05 15:13:58,732 [Listener at 127.0.0.1/33403] INFO  http.HttpServer2 (HttpServer2.java:addFilter(996)) - Added filter static_user_filter (class=org.apache.hadoop.http.lib.StaticUserWebFilter$StaticUserFilter) to context hddsDatanode
2021-05-05 15:13:58,732 [Listener at 127.0.0.1/33403] INFO  http.HttpServer2 (HttpServer2.java:addFilter(1004)) - Added filter static_user_filter (class=org.apache.hadoop.http.lib.StaticUserWebFilter$StaticUserFilter) to context logs
2021-05-05 15:13:58,732 [Listener at 127.0.0.1/33403] INFO  http.HttpServer2 (HttpServer2.java:addFilter(1004)) - Added filter static_user_filter (class=org.apache.hadoop.http.lib.StaticUserWebFilter$StaticUserFilter) to context static
2021-05-05 15:13:58,733 [Listener at 127.0.0.1/33403] INFO  http.HttpServer2 (HttpServer2.java:bindListener(1238)) - Jetty bound to port 39717
2021-05-05 15:13:58,733 [Listener at 127.0.0.1/33403] INFO  server.Server (Server.java:doStart(375)) - jetty-9.4.35.v20201120; built: 2020-11-20T21:17:03.964Z; git: bdc54f03a5e0a7e280fab27f55c3c75ee8da89fb; jvm 1.8.0_232-b09
2021-05-05 15:13:58,735 [Listener at 127.0.0.1/33403] INFO  server.session (DefaultSessionIdManager.java:doStart(334)) - DefaultSessionIdManager workerName=node0
2021-05-05 15:13:58,735 [Listener at 127.0.0.1/33403] INFO  server.session (DefaultSessionIdManager.java:doStart(339)) - No SessionScavenger set, using defaults
2021-05-05 15:13:58,736 [Listener at 127.0.0.1/33403] INFO  server.session (HouseKeeper.java:startScavenging(132)) - node0 Scavenging every 600000ms
2021-05-05 15:13:58,736 [Listener at 127.0.0.1/33403] INFO  handler.ContextHandler (ContextHandler.java:doStart(916)) - Started o.e.j.s.ServletContextHandler@111c2c9c{logs,/logs,file:///github/workspace/mnt/ozone/hadoop-ozone/integration-test/target/log,AVAILABLE}
2021-05-05 15:13:58,737 [Listener at 127.0.0.1/33403] INFO  handler.ContextHandler (ContextHandler.java:doStart(916)) - Started o.e.j.s.ServletContextHandler@501904ff{static,/static,jar:file:/home/user/.m2/repository/org/apache/hadoop/hadoop-hdds-container-service/1.2.0-SNAPSHOT/hadoop-hdds-container-service-1.2.0-SNAPSHOT.jar!/webapps/static,AVAILABLE}
2021-05-05 15:13:58,894 [Listener at 127.0.0.1/33403] INFO  handler.ContextHandler (ContextHandler.java:doStart(916)) - Started o.e.j.w.WebAppContext@482f0077{hddsDatanode,/,file:///tmp/jetty-0_0_0_0-39717-hadoop-hdds-container-service-1_2_0-SNAPSHOT_jar-_-any-6760990549212722517/webapp/,AVAILABLE}{jar:file:/home/user/.m2/repository/org/apache/hadoop/hadoop-hdds-container-service/1.2.0-SNAPSHOT/hadoop-hdds-container-service-1.2.0-SNAPSHOT.jar!/webapps/hddsDatanode}
2021-05-05 15:13:58,896 [Listener at 127.0.0.1/33403] INFO  server.AbstractConnector (AbstractConnector.java:doStart(331)) - Started ServerConnector@7e1b80d3{HTTP/1.1, (http/1.1)}{0.0.0.0:39717}
2021-05-05 15:13:58,896 [Listener at 127.0.0.1/33403] INFO  server.Server (Server.java:doStart(415)) - Started @184598ms
2021-05-05 15:13:58,896 [Listener at 127.0.0.1/33403] WARN  impl.MetricsSystemImpl (MetricsSystemImpl.java:register(279)) - Sink prometheus already exists!
2021-05-05 15:13:58,899 [Listener at 127.0.0.1/33403] INFO  http.BaseHttpServer (BaseHttpServer.java:updateConnectorAddress(327)) - HTTP server of hddsDatanode listening at http://0.0.0.0:39717
2021-05-05 15:13:58,904 [Listener at 127.0.0.1/33403] INFO  impl.MetricsSystemImpl (MetricsSystemImpl.java:init(158)) - HddsDatanode metrics system started (again)
2021-05-05 15:13:58,905 [Listener at 127.0.0.1/33403] INFO  ozone.HddsDatanodeService (HddsDatanodeService.java:start(220)) - HddsDatanodeService host:d81b9af81a7a ip:172.17.0.2
2021-05-05 15:13:58,912 [org.apache.hadoop.util.JvmPauseMonitor$Monitor@3c42d2b2] INFO  util.JvmPauseMonitor (JvmPauseMonitor.java:run(188)) - Starting JVM pause monitor
2021-05-05 15:13:58,914 [Datanode State Machine Task Thread - 0] INFO  datanode.InitDatanodeState (InitDatanodeState.java:persistContainerDatanodeDetails(145)) - DatanodeDetails is persisted to /github/workspace/mnt/ozone/hadoop-ozone/integration-test/target/test-dir/MiniOzoneClusterImpl-c76e6b88-ed31-44d7-ac8c-51a305797015/datanode-0/meta/datanode.id
2021-05-05 15:13:58,924 [Listener at 127.0.0.1/33403] INFO  volume.HddsVolume (HddsVolume.java:<init>(176)) - Creating Volume: /github/workspace/mnt/ozone/hadoop-ozone/integration-test/target/test-dir/MiniOzoneClusterImpl-c76e6b88-ed31-44d7-ac8c-51a305797015/datanode-1/data-0/containers/hdds of storage type : DISK and capacity : 9223372036854775807
2021-05-05 15:13:58,924 [Listener at 127.0.0.1/33403] INFO  volume.MutableVolumeSet (MutableVolumeSet.java:initializeVolumeSet(195)) - Added Volume : /github/workspace/mnt/ozone/hadoop-ozone/integration-test/target/test-dir/MiniOzoneClusterImpl-c76e6b88-ed31-44d7-ac8c-51a305797015/datanode-1/data-0/containers/hdds to VolumeSet
2021-05-05 15:13:58,925 [Listener at 127.0.0.1/33403] INFO  volume.ThrottledAsyncChecker (ThrottledAsyncChecker.java:schedule(141)) - Scheduling a check for /github/workspace/mnt/ozone/hadoop-ozone/integration-test/target/test-dir/MiniOzoneClusterImpl-c76e6b88-ed31-44d7-ac8c-51a305797015/datanode-1/data-0/containers/hdds
2021-05-05 15:13:58,925 [Listener at 127.0.0.1/33403] INFO  volume.HddsVolumeChecker (HddsVolumeChecker.java:checkAllVolumes(200)) - Scheduled health check for volume /github/workspace/mnt/ozone/hadoop-ozone/integration-test/target/test-dir/MiniOzoneClusterImpl-c76e6b88-ed31-44d7-ac8c-51a305797015/datanode-1/data-0/containers/hdds
2021-05-05 15:13:58,938 [Listener at 127.0.0.1/33403] INFO  ozoneimpl.ContainerReader (ContainerReader.java:<init>(98)) - Running in upgrade mode:true
2021-05-05 15:13:58,938 [Thread-1635] INFO  ozoneimpl.ContainerReader (ContainerReader.java:readVolume(142)) - Start to verify containers on volume /github/workspace/mnt/ozone/hadoop-ozone/integration-test/target/test-dir/MiniOzoneClusterImpl-c76e6b88-ed31-44d7-ac8c-51a305797015/datanode-1/data-0/containers/hdds
2021-05-05 15:13:58,938 [Thread-1635] INFO  ozoneimpl.ContainerReader (ContainerReader.java:readVolume(174)) - Finish verifying containers on volume /github/workspace/mnt/ozone/hadoop-ozone/integration-test/target/test-dir/MiniOzoneClusterImpl-c76e6b88-ed31-44d7-ac8c-51a305797015/datanode-1/data-0/containers/hdds
2021-05-05 15:13:58,938 [Listener at 127.0.0.1/33403] INFO  ozoneimpl.OzoneContainer (OzoneContainer.java:buildContainerSet(225)) - Build ContainerSet costs 0s
2021-05-05 15:13:58,940 [Listener at 127.0.0.1/33403] INFO  server.RaftServer (ConfUtils.java:logGet(44)) - raft.rpc.type = GRPC (default)
2021-05-05 15:13:58,940 [Listener at 127.0.0.1/33403] INFO  grpc.GrpcFactory (GrpcFactory.java:checkPooledByteBufAllocatorUseCacheForAllThreads(48)) - PERFORMANCE WARNING: useCacheForAllThreads is true that may cause Netty to create a lot garbage objects and, as a result, trigger GC.
	It is recommended to disable useCacheForAllThreads by setting -Dorg.apache.ratis.thirdparty.io.netty.allocator.useCacheForAllThreads=false in command line.
2021-05-05 15:13:58,940 [Listener at 127.0.0.1/33403] INFO  grpc.GrpcConfigKeys (ConfUtils.java:logGet(44)) - raft.grpc.admin.port = 0 (custom)
2021-05-05 15:13:58,940 [Listener at 127.0.0.1/33403] INFO  grpc.GrpcConfigKeys (ConfUtils.java:logGet(44)) - raft.grpc.client.port = 0 (custom)
2021-05-05 15:13:58,940 [Listener at 127.0.0.1/33403] INFO  grpc.GrpcConfigKeys (ConfUtils.java:logGet(44)) - raft.grpc.server.port = 0 (default)
2021-05-05 15:13:58,941 [Listener at 127.0.0.1/33403] INFO  server.GrpcService (ConfUtils.java:logGet(44)) - raft.grpc.message.size.max = 32MB (=33554432) (custom)
2021-05-05 15:13:58,941 [Listener at 127.0.0.1/33403] INFO  server.RaftServerConfigKeys (ConfUtils.java:logGet(44)) - raft.server.log.appender.buffer.byte-limit = 33554432 (custom)
2021-05-05 15:13:58,941 [Listener at 127.0.0.1/33403] INFO  server.GrpcService (ConfUtils.java:logGet(44)) - raft.grpc.flow.control.window = 5MB (=5242880) (custom)
2021-05-05 15:13:58,941 [Listener at 127.0.0.1/33403] INFO  server.RaftServerConfigKeys (ConfUtils.java:logGet(44)) - raft.server.rpc.request.timeout = 3000ms (default)
2021-05-05 15:13:58,942 [Listener at 127.0.0.1/33403] INFO  impl.DataStreamServerImpl (ConfUtils.java:logGet(44)) - raft.datastream.type = DISABLED (default)
2021-05-05 15:13:58,942 [Listener at 127.0.0.1/33403] INFO  server.RaftServerConfigKeys (ConfUtils.java:logGet(44)) - raft.server.rpc.slowness.timeout = 300000ms (custom)
2021-05-05 15:13:58,942 [Listener at 127.0.0.1/33403] INFO  server.RaftServerConfigKeys (ConfUtils.java:logGet(44)) - raft.server.leaderelection.leader.step-down.wait-time = 10s (default)
2021-05-05 15:13:58,943 [Listener at 127.0.0.1/33403] INFO  server.RaftServerConfigKeys (ConfUtils.java:logGet(44)) - raft.server.storage.dir = [/github/workspace/mnt/ozone/hadoop-ozone/integration-test/target/test-dir/MiniOzoneClusterImpl-c76e6b88-ed31-44d7-ac8c-51a305797015/datanode-1/data/ratis] (custom)
2021-05-05 15:13:58,947 [Listener at 127.0.0.1/33403] INFO  http.BaseHttpServer (BaseHttpServer.java:newHttpServer2BuilderForOzone(207)) - Starting Web-server for hddsDatanode at: http://0.0.0.0:0
2021-05-05 15:13:58,947 [Listener at 127.0.0.1/33403] INFO  http.BaseHttpServer (BaseHttpServer.java:<init>(106)) - Hadoop Security Enabled: false Ozone Security Enabled: false Ozone HTTP Security Enabled: false 
2021-05-05 15:13:58,948 [Listener at 127.0.0.1/33403] INFO  server.AuthenticationFilter (AuthenticationFilter.java:constructSecretProvider(240)) - Unable to initialize FileSignerSecretProvider, falling back to use random secrets.
2021-05-05 15:13:58,949 [Listener at 127.0.0.1/33403] WARN  http.HttpRequestLog (HttpRequestLog.java:getRequestLog(103)) - Jetty request log can only be enabled using Log4j
2021-05-05 15:13:58,950 [Listener at 127.0.0.1/33403] INFO  http.HttpServer2 (HttpServer2.java:addGlobalFilter(1020)) - Added global filter 'safety' (class=org.apache.hadoop.hdds.server.http.HttpServer2$QuotingInputFilter)
2021-05-05 15:13:58,950 [Listener at 127.0.0.1/33403] INFO  http.HttpServer2 (HttpServer2.java:addFilter(996)) - Added filter static_user_filter (class=org.apache.hadoop.http.lib.StaticUserWebFilter$StaticUserFilter) to context hddsDatanode
2021-05-05 15:13:58,951 [Listener at 127.0.0.1/33403] INFO  http.HttpServer2 (HttpServer2.java:addFilter(1004)) - Added filter static_user_filter (class=org.apache.hadoop.http.lib.StaticUserWebFilter$StaticUserFilter) to context static
2021-05-05 15:13:58,951 [Listener at 127.0.0.1/33403] INFO  http.HttpServer2 (HttpServer2.java:addFilter(1004)) - Added filter static_user_filter (class=org.apache.hadoop.http.lib.StaticUserWebFilter$StaticUserFilter) to context logs
2021-05-05 15:13:58,951 [Listener at 127.0.0.1/33403] INFO  http.HttpServer2 (HttpServer2.java:bindListener(1238)) - Jetty bound to port 46825
2021-05-05 15:13:58,951 [Listener at 127.0.0.1/33403] INFO  server.Server (Server.java:doStart(375)) - jetty-9.4.35.v20201120; built: 2020-11-20T21:17:03.964Z; git: bdc54f03a5e0a7e280fab27f55c3c75ee8da89fb; jvm 1.8.0_232-b09
2021-05-05 15:13:58,953 [Listener at 127.0.0.1/33403] INFO  server.session (DefaultSessionIdManager.java:doStart(334)) - DefaultSessionIdManager workerName=node0
2021-05-05 15:13:58,953 [Listener at 127.0.0.1/33403] INFO  server.session (DefaultSessionIdManager.java:doStart(339)) - No SessionScavenger set, using defaults
2021-05-05 15:13:58,953 [Listener at 127.0.0.1/33403] INFO  server.session (HouseKeeper.java:startScavenging(132)) - node0 Scavenging every 600000ms
2021-05-05 15:13:58,954 [Listener at 127.0.0.1/33403] INFO  handler.ContextHandler (ContextHandler.java:doStart(916)) - Started o.e.j.s.ServletContextHandler@19b3cf8e{logs,/logs,file:///github/workspace/mnt/ozone/hadoop-ozone/integration-test/target/log,AVAILABLE}
2021-05-05 15:13:58,954 [Listener at 127.0.0.1/33403] INFO  handler.ContextHandler (ContextHandler.java:doStart(916)) - Started o.e.j.s.ServletContextHandler@3122e792{static,/static,jar:file:/home/user/.m2/repository/org/apache/hadoop/hadoop-hdds-container-service/1.2.0-SNAPSHOT/hadoop-hdds-container-service-1.2.0-SNAPSHOT.jar!/webapps/static,AVAILABLE}
2021-05-05 15:13:59,111 [Listener at 127.0.0.1/33403] INFO  handler.ContextHandler (ContextHandler.java:doStart(916)) - Started o.e.j.w.WebAppContext@35219634{hddsDatanode,/,file:///tmp/jetty-0_0_0_0-46825-hadoop-hdds-container-service-1_2_0-SNAPSHOT_jar-_-any-1453746620449391523/webapp/,AVAILABLE}{jar:file:/home/user/.m2/repository/org/apache/hadoop/hadoop-hdds-container-service/1.2.0-SNAPSHOT/hadoop-hdds-container-service-1.2.0-SNAPSHOT.jar!/webapps/hddsDatanode}
2021-05-05 15:13:59,112 [Listener at 127.0.0.1/33403] INFO  server.AbstractConnector (AbstractConnector.java:doStart(331)) - Started ServerConnector@57598df7{HTTP/1.1, (http/1.1)}{0.0.0.0:46825}
2021-05-05 15:13:59,112 [Listener at 127.0.0.1/33403] INFO  server.Server (Server.java:doStart(415)) - Started @184814ms
2021-05-05 15:13:59,112 [Listener at 127.0.0.1/33403] WARN  impl.MetricsSystemImpl (MetricsSystemImpl.java:register(279)) - Sink prometheus already exists!
2021-05-05 15:13:59,115 [Listener at 127.0.0.1/33403] INFO  http.BaseHttpServer (BaseHttpServer.java:updateConnectorAddress(327)) - HTTP server of hddsDatanode listening at http://0.0.0.0:46825
2021-05-05 15:13:59,120 [Listener at 127.0.0.1/33403] INFO  impl.MetricsSystemImpl (MetricsSystemImpl.java:init(158)) - HddsDatanode metrics system started (again)
2021-05-05 15:13:59,121 [Listener at 127.0.0.1/33403] INFO  ozone.HddsDatanodeService (HddsDatanodeService.java:start(220)) - HddsDatanodeService host:d81b9af81a7a ip:172.17.0.2
2021-05-05 15:13:59,127 [org.apache.hadoop.util.JvmPauseMonitor$Monitor@27c723b] INFO  util.JvmPauseMonitor (JvmPauseMonitor.java:run(188)) - Starting JVM pause monitor
2021-05-05 15:13:59,128 [Datanode State Machine Task Thread - 0] INFO  datanode.InitDatanodeState (InitDatanodeState.java:persistContainerDatanodeDetails(145)) - DatanodeDetails is persisted to /github/workspace/mnt/ozone/hadoop-ozone/integration-test/target/test-dir/MiniOzoneClusterImpl-c76e6b88-ed31-44d7-ac8c-51a305797015/datanode-1/meta/datanode.id
2021-05-05 15:13:59,138 [Listener at 127.0.0.1/33403] INFO  volume.HddsVolume (HddsVolume.java:<init>(176)) - Creating Volume: /github/workspace/mnt/ozone/hadoop-ozone/integration-test/target/test-dir/MiniOzoneClusterImpl-c76e6b88-ed31-44d7-ac8c-51a305797015/datanode-2/data-0/containers/hdds of storage type : DISK and capacity : 9223372036854775807
2021-05-05 15:13:59,138 [Listener at 127.0.0.1/33403] INFO  volume.MutableVolumeSet (MutableVolumeSet.java:initializeVolumeSet(195)) - Added Volume : /github/workspace/mnt/ozone/hadoop-ozone/integration-test/target/test-dir/MiniOzoneClusterImpl-c76e6b88-ed31-44d7-ac8c-51a305797015/datanode-2/data-0/containers/hdds to VolumeSet
2021-05-05 15:13:59,138 [Listener at 127.0.0.1/33403] INFO  volume.ThrottledAsyncChecker (ThrottledAsyncChecker.java:schedule(141)) - Scheduling a check for /github/workspace/mnt/ozone/hadoop-ozone/integration-test/target/test-dir/MiniOzoneClusterImpl-c76e6b88-ed31-44d7-ac8c-51a305797015/datanode-2/data-0/containers/hdds
2021-05-05 15:13:59,139 [Listener at 127.0.0.1/33403] INFO  volume.HddsVolumeChecker (HddsVolumeChecker.java:checkAllVolumes(200)) - Scheduled health check for volume /github/workspace/mnt/ozone/hadoop-ozone/integration-test/target/test-dir/MiniOzoneClusterImpl-c76e6b88-ed31-44d7-ac8c-51a305797015/datanode-2/data-0/containers/hdds
2021-05-05 15:13:59,152 [Listener at 127.0.0.1/33403] INFO  ozoneimpl.ContainerReader (ContainerReader.java:<init>(98)) - Running in upgrade mode:true
2021-05-05 15:13:59,152 [Thread-1646] INFO  ozoneimpl.ContainerReader (ContainerReader.java:readVolume(142)) - Start to verify containers on volume /github/workspace/mnt/ozone/hadoop-ozone/integration-test/target/test-dir/MiniOzoneClusterImpl-c76e6b88-ed31-44d7-ac8c-51a305797015/datanode-2/data-0/containers/hdds
2021-05-05 15:13:59,152 [Thread-1646] INFO  ozoneimpl.ContainerReader (ContainerReader.java:readVolume(174)) - Finish verifying containers on volume /github/workspace/mnt/ozone/hadoop-ozone/integration-test/target/test-dir/MiniOzoneClusterImpl-c76e6b88-ed31-44d7-ac8c-51a305797015/datanode-2/data-0/containers/hdds
2021-05-05 15:13:59,152 [Listener at 127.0.0.1/33403] INFO  ozoneimpl.OzoneContainer (OzoneContainer.java:buildContainerSet(225)) - Build ContainerSet costs 0s
2021-05-05 15:13:59,157 [Listener at 127.0.0.1/33403] INFO  server.RaftServer (ConfUtils.java:logGet(44)) - raft.rpc.type = GRPC (default)
2021-05-05 15:13:59,157 [Listener at 127.0.0.1/33403] INFO  grpc.GrpcFactory (GrpcFactory.java:checkPooledByteBufAllocatorUseCacheForAllThreads(48)) - PERFORMANCE WARNING: useCacheForAllThreads is true that may cause Netty to create a lot garbage objects and, as a result, trigger GC.
	It is recommended to disable useCacheForAllThreads by setting -Dorg.apache.ratis.thirdparty.io.netty.allocator.useCacheForAllThreads=false in command line.
2021-05-05 15:13:59,157 [Listener at 127.0.0.1/33403] INFO  grpc.GrpcConfigKeys (ConfUtils.java:logGet(44)) - raft.grpc.admin.port = 0 (custom)
2021-05-05 15:13:59,158 [Listener at 127.0.0.1/33403] INFO  grpc.GrpcConfigKeys (ConfUtils.java:logGet(44)) - raft.grpc.client.port = 0 (custom)
2021-05-05 15:13:59,158 [Listener at 127.0.0.1/33403] INFO  grpc.GrpcConfigKeys (ConfUtils.java:logGet(44)) - raft.grpc.server.port = 0 (default)
2021-05-05 15:13:59,158 [Listener at 127.0.0.1/33403] INFO  server.GrpcService (ConfUtils.java:logGet(44)) - raft.grpc.message.size.max = 32MB (=33554432) (custom)
2021-05-05 15:13:59,158 [Listener at 127.0.0.1/33403] INFO  server.RaftServerConfigKeys (ConfUtils.java:logGet(44)) - raft.server.log.appender.buffer.byte-limit = 33554432 (custom)
2021-05-05 15:13:59,158 [Listener at 127.0.0.1/33403] INFO  server.GrpcService (ConfUtils.java:logGet(44)) - raft.grpc.flow.control.window = 5MB (=5242880) (custom)
2021-05-05 15:13:59,158 [Listener at 127.0.0.1/33403] INFO  server.RaftServerConfigKeys (ConfUtils.java:logGet(44)) - raft.server.rpc.request.timeout = 3000ms (default)
2021-05-05 15:13:59,160 [Listener at 127.0.0.1/33403] INFO  impl.DataStreamServerImpl (ConfUtils.java:logGet(44)) - raft.datastream.type = DISABLED (default)
2021-05-05 15:13:59,160 [Listener at 127.0.0.1/33403] INFO  server.RaftServerConfigKeys (ConfUtils.java:logGet(44)) - raft.server.rpc.slowness.timeout = 300000ms (custom)
2021-05-05 15:13:59,160 [Listener at 127.0.0.1/33403] INFO  server.RaftServerConfigKeys (ConfUtils.java:logGet(44)) - raft.server.leaderelection.leader.step-down.wait-time = 10s (default)
2021-05-05 15:13:59,160 [Listener at 127.0.0.1/33403] INFO  server.RaftServerConfigKeys (ConfUtils.java:logGet(44)) - raft.server.storage.dir = [/github/workspace/mnt/ozone/hadoop-ozone/integration-test/target/test-dir/MiniOzoneClusterImpl-c76e6b88-ed31-44d7-ac8c-51a305797015/datanode-2/data/ratis] (custom)
2021-05-05 15:13:59,207 [Listener at 127.0.0.1/33403] INFO  http.BaseHttpServer (BaseHttpServer.java:newHttpServer2BuilderForOzone(207)) - Starting Web-server for hddsDatanode at: http://0.0.0.0:0
2021-05-05 15:13:59,207 [Listener at 127.0.0.1/33403] INFO  http.BaseHttpServer (BaseHttpServer.java:<init>(106)) - Hadoop Security Enabled: false Ozone Security Enabled: false Ozone HTTP Security Enabled: false 
2021-05-05 15:13:59,208 [Listener at 127.0.0.1/33403] INFO  server.AuthenticationFilter (AuthenticationFilter.java:constructSecretProvider(240)) - Unable to initialize FileSignerSecretProvider, falling back to use random secrets.
2021-05-05 15:13:59,208 [Listener at 127.0.0.1/33403] WARN  http.HttpRequestLog (HttpRequestLog.java:getRequestLog(103)) - Jetty request log can only be enabled using Log4j
2021-05-05 15:13:59,209 [Listener at 127.0.0.1/33403] INFO  http.HttpServer2 (HttpServer2.java:addGlobalFilter(1020)) - Added global filter 'safety' (class=org.apache.hadoop.hdds.server.http.HttpServer2$QuotingInputFilter)
2021-05-05 15:13:59,210 [Listener at 127.0.0.1/33403] INFO  http.HttpServer2 (HttpServer2.java:addFilter(996)) - Added filter static_user_filter (class=org.apache.hadoop.http.lib.StaticUserWebFilter$StaticUserFilter) to context hddsDatanode
2021-05-05 15:13:59,210 [Listener at 127.0.0.1/33403] INFO  http.HttpServer2 (HttpServer2.java:addFilter(1004)) - Added filter static_user_filter (class=org.apache.hadoop.http.lib.StaticUserWebFilter$StaticUserFilter) to context logs
2021-05-05 15:13:59,210 [Listener at 127.0.0.1/33403] INFO  http.HttpServer2 (HttpServer2.java:addFilter(1004)) - Added filter static_user_filter (class=org.apache.hadoop.http.lib.StaticUserWebFilter$StaticUserFilter) to context static
2021-05-05 15:13:59,210 [Listener at 127.0.0.1/33403] INFO  http.HttpServer2 (HttpServer2.java:bindListener(1238)) - Jetty bound to port 43985
2021-05-05 15:13:59,211 [Listener at 127.0.0.1/33403] INFO  server.Server (Server.java:doStart(375)) - jetty-9.4.35.v20201120; built: 2020-11-20T21:17:03.964Z; git: bdc54f03a5e0a7e280fab27f55c3c75ee8da89fb; jvm 1.8.0_232-b09
2021-05-05 15:13:59,212 [Listener at 127.0.0.1/33403] INFO  server.session (DefaultSessionIdManager.java:doStart(334)) - DefaultSessionIdManager workerName=node0
2021-05-05 15:13:59,212 [Listener at 127.0.0.1/33403] INFO  server.session (DefaultSessionIdManager.java:doStart(339)) - No SessionScavenger set, using defaults
2021-05-05 15:13:59,212 [Listener at 127.0.0.1/33403] INFO  server.session (HouseKeeper.java:startScavenging(132)) - node0 Scavenging every 660000ms
2021-05-05 15:13:59,213 [Listener at 127.0.0.1/33403] INFO  handler.ContextHandler (ContextHandler.java:doStart(916)) - Started o.e.j.s.ServletContextHandler@236e2729{logs,/logs,file:///github/workspace/mnt/ozone/hadoop-ozone/integration-test/target/log,AVAILABLE}
2021-05-05 15:13:59,213 [Listener at 127.0.0.1/33403] INFO  handler.ContextHandler (ContextHandler.java:doStart(916)) - Started o.e.j.s.ServletContextHandler@2cf97fb4{static,/static,jar:file:/home/user/.m2/repository/org/apache/hadoop/hadoop-hdds-container-service/1.2.0-SNAPSHOT/hadoop-hdds-container-service-1.2.0-SNAPSHOT.jar!/webapps/static,AVAILABLE}
2021-05-05 15:13:59,367 [Listener at 127.0.0.1/33403] INFO  handler.ContextHandler (ContextHandler.java:doStart(916)) - Started o.e.j.w.WebAppContext@7b1c2bf7{hddsDatanode,/,file:///tmp/jetty-0_0_0_0-43985-hadoop-hdds-container-service-1_2_0-SNAPSHOT_jar-_-any-4180203386244691440/webapp/,AVAILABLE}{jar:file:/home/user/.m2/repository/org/apache/hadoop/hadoop-hdds-container-service/1.2.0-SNAPSHOT/hadoop-hdds-container-service-1.2.0-SNAPSHOT.jar!/webapps/hddsDatanode}
2021-05-05 15:13:59,368 [Listener at 127.0.0.1/33403] INFO  server.AbstractConnector (AbstractConnector.java:doStart(331)) - Started ServerConnector@c01b{HTTP/1.1, (http/1.1)}{0.0.0.0:43985}
2021-05-05 15:13:59,368 [Listener at 127.0.0.1/33403] INFO  server.Server (Server.java:doStart(415)) - Started @185070ms
2021-05-05 15:13:59,368 [Listener at 127.0.0.1/33403] WARN  impl.MetricsSystemImpl (MetricsSystemImpl.java:register(279)) - Sink prometheus already exists!
2021-05-05 15:13:59,371 [Listener at 127.0.0.1/33403] INFO  http.BaseHttpServer (BaseHttpServer.java:updateConnectorAddress(327)) - HTTP server of hddsDatanode listening at http://0.0.0.0:43985
2021-05-05 15:13:59,372 [Listener at 127.0.0.1/33403] INFO  impl.MetricsSystemImpl (MetricsSystemImpl.java:init(158)) - HddsDatanode metrics system started (again)
2021-05-05 15:13:59,374 [Listener at 127.0.0.1/33403] INFO  ozone.HddsDatanodeService (HddsDatanodeService.java:start(220)) - HddsDatanodeService host:d81b9af81a7a ip:172.17.0.2
2021-05-05 15:13:59,376 [org.apache.hadoop.util.JvmPauseMonitor$Monitor@96795c5] INFO  util.JvmPauseMonitor (JvmPauseMonitor.java:run(188)) - Starting JVM pause monitor
2021-05-05 15:13:59,377 [Datanode State Machine Task Thread - 0] INFO  datanode.InitDatanodeState (InitDatanodeState.java:persistContainerDatanodeDetails(145)) - DatanodeDetails is persisted to /github/workspace/mnt/ozone/hadoop-ozone/integration-test/target/test-dir/MiniOzoneClusterImpl-c76e6b88-ed31-44d7-ac8c-51a305797015/datanode-2/meta/datanode.id
2021-05-05 15:13:59,393 [Listener at 127.0.0.1/33403] INFO  volume.HddsVolume (HddsVolume.java:<init>(176)) - Creating Volume: /github/workspace/mnt/ozone/hadoop-ozone/integration-test/target/test-dir/MiniOzoneClusterImpl-c76e6b88-ed31-44d7-ac8c-51a305797015/datanode-3/data-0/containers/hdds of storage type : DISK and capacity : 9223372036854775807
2021-05-05 15:13:59,393 [Listener at 127.0.0.1/33403] INFO  volume.MutableVolumeSet (MutableVolumeSet.java:initializeVolumeSet(195)) - Added Volume : /github/workspace/mnt/ozone/hadoop-ozone/integration-test/target/test-dir/MiniOzoneClusterImpl-c76e6b88-ed31-44d7-ac8c-51a305797015/datanode-3/data-0/containers/hdds to VolumeSet
2021-05-05 15:13:59,393 [Listener at 127.0.0.1/33403] INFO  volume.ThrottledAsyncChecker (ThrottledAsyncChecker.java:schedule(141)) - Scheduling a check for /github/workspace/mnt/ozone/hadoop-ozone/integration-test/target/test-dir/MiniOzoneClusterImpl-c76e6b88-ed31-44d7-ac8c-51a305797015/datanode-3/data-0/containers/hdds
2021-05-05 15:13:59,394 [Listener at 127.0.0.1/33403] INFO  volume.HddsVolumeChecker (HddsVolumeChecker.java:checkAllVolumes(200)) - Scheduled health check for volume /github/workspace/mnt/ozone/hadoop-ozone/integration-test/target/test-dir/MiniOzoneClusterImpl-c76e6b88-ed31-44d7-ac8c-51a305797015/datanode-3/data-0/containers/hdds
2021-05-05 15:13:59,406 [Listener at 127.0.0.1/33403] INFO  ozoneimpl.ContainerReader (ContainerReader.java:<init>(98)) - Running in upgrade mode:true
2021-05-05 15:13:59,406 [Thread-1657] INFO  ozoneimpl.ContainerReader (ContainerReader.java:readVolume(142)) - Start to verify containers on volume /github/workspace/mnt/ozone/hadoop-ozone/integration-test/target/test-dir/MiniOzoneClusterImpl-c76e6b88-ed31-44d7-ac8c-51a305797015/datanode-3/data-0/containers/hdds
2021-05-05 15:13:59,406 [Thread-1657] INFO  ozoneimpl.ContainerReader (ContainerReader.java:readVolume(174)) - Finish verifying containers on volume /github/workspace/mnt/ozone/hadoop-ozone/integration-test/target/test-dir/MiniOzoneClusterImpl-c76e6b88-ed31-44d7-ac8c-51a305797015/datanode-3/data-0/containers/hdds
2021-05-05 15:13:59,406 [Listener at 127.0.0.1/33403] INFO  ozoneimpl.OzoneContainer (OzoneContainer.java:buildContainerSet(225)) - Build ContainerSet costs 0s
2021-05-05 15:13:59,408 [Listener at 127.0.0.1/33403] INFO  server.RaftServer (ConfUtils.java:logGet(44)) - raft.rpc.type = GRPC (default)
2021-05-05 15:13:59,408 [Listener at 127.0.0.1/33403] INFO  grpc.GrpcFactory (GrpcFactory.java:checkPooledByteBufAllocatorUseCacheForAllThreads(48)) - PERFORMANCE WARNING: useCacheForAllThreads is true that may cause Netty to create a lot garbage objects and, as a result, trigger GC.
	It is recommended to disable useCacheForAllThreads by setting -Dorg.apache.ratis.thirdparty.io.netty.allocator.useCacheForAllThreads=false in command line.
2021-05-05 15:13:59,408 [Listener at 127.0.0.1/33403] INFO  grpc.GrpcConfigKeys (ConfUtils.java:logGet(44)) - raft.grpc.admin.port = 0 (custom)
2021-05-05 15:13:59,408 [Listener at 127.0.0.1/33403] INFO  grpc.GrpcConfigKeys (ConfUtils.java:logGet(44)) - raft.grpc.client.port = 0 (custom)
2021-05-05 15:13:59,409 [Listener at 127.0.0.1/33403] INFO  grpc.GrpcConfigKeys (ConfUtils.java:logGet(44)) - raft.grpc.server.port = 0 (default)
2021-05-05 15:13:59,409 [Listener at 127.0.0.1/33403] INFO  server.GrpcService (ConfUtils.java:logGet(44)) - raft.grpc.message.size.max = 32MB (=33554432) (custom)
2021-05-05 15:13:59,409 [Listener at 127.0.0.1/33403] INFO  server.RaftServerConfigKeys (ConfUtils.java:logGet(44)) - raft.server.log.appender.buffer.byte-limit = 33554432 (custom)
2021-05-05 15:13:59,409 [Listener at 127.0.0.1/33403] INFO  server.GrpcService (ConfUtils.java:logGet(44)) - raft.grpc.flow.control.window = 5MB (=5242880) (custom)
2021-05-05 15:13:59,409 [Listener at 127.0.0.1/33403] INFO  server.RaftServerConfigKeys (ConfUtils.java:logGet(44)) - raft.server.rpc.request.timeout = 3000ms (default)
2021-05-05 15:13:59,410 [Listener at 127.0.0.1/33403] INFO  impl.DataStreamServerImpl (ConfUtils.java:logGet(44)) - raft.datastream.type = DISABLED (default)
2021-05-05 15:13:59,410 [Listener at 127.0.0.1/33403] INFO  server.RaftServerConfigKeys (ConfUtils.java:logGet(44)) - raft.server.rpc.slowness.timeout = 300000ms (custom)
2021-05-05 15:13:59,410 [Listener at 127.0.0.1/33403] INFO  server.RaftServerConfigKeys (ConfUtils.java:logGet(44)) - raft.server.leaderelection.leader.step-down.wait-time = 10s (default)
2021-05-05 15:13:59,411 [Listener at 127.0.0.1/33403] INFO  server.RaftServerConfigKeys (ConfUtils.java:logGet(44)) - raft.server.storage.dir = [/github/workspace/mnt/ozone/hadoop-ozone/integration-test/target/test-dir/MiniOzoneClusterImpl-c76e6b88-ed31-44d7-ac8c-51a305797015/datanode-3/data/ratis] (custom)
2021-05-05 15:13:59,415 [Listener at 127.0.0.1/33403] INFO  http.BaseHttpServer (BaseHttpServer.java:newHttpServer2BuilderForOzone(207)) - Starting Web-server for hddsDatanode at: http://0.0.0.0:0
2021-05-05 15:13:59,415 [Listener at 127.0.0.1/33403] INFO  http.BaseHttpServer (BaseHttpServer.java:<init>(106)) - Hadoop Security Enabled: false Ozone Security Enabled: false Ozone HTTP Security Enabled: false 
2021-05-05 15:13:59,416 [Listener at 127.0.0.1/33403] INFO  server.AuthenticationFilter (AuthenticationFilter.java:constructSecretProvider(240)) - Unable to initialize FileSignerSecretProvider, falling back to use random secrets.
2021-05-05 15:13:59,416 [Listener at 127.0.0.1/33403] WARN  http.HttpRequestLog (HttpRequestLog.java:getRequestLog(103)) - Jetty request log can only be enabled using Log4j
2021-05-05 15:13:59,417 [Listener at 127.0.0.1/33403] INFO  http.HttpServer2 (HttpServer2.java:addGlobalFilter(1020)) - Added global filter 'safety' (class=org.apache.hadoop.hdds.server.http.HttpServer2$QuotingInputFilter)
2021-05-05 15:13:59,417 [Listener at 127.0.0.1/33403] INFO  http.HttpServer2 (HttpServer2.java:addFilter(996)) - Added filter static_user_filter (class=org.apache.hadoop.http.lib.StaticUserWebFilter$StaticUserFilter) to context hddsDatanode
2021-05-05 15:13:59,418 [Listener at 127.0.0.1/33403] INFO  http.HttpServer2 (HttpServer2.java:addFilter(1004)) - Added filter static_user_filter (class=org.apache.hadoop.http.lib.StaticUserWebFilter$StaticUserFilter) to context logs
2021-05-05 15:13:59,418 [Listener at 127.0.0.1/33403] INFO  http.HttpServer2 (HttpServer2.java:addFilter(1004)) - Added filter static_user_filter (class=org.apache.hadoop.http.lib.StaticUserWebFilter$StaticUserFilter) to context static
2021-05-05 15:13:59,418 [Listener at 127.0.0.1/33403] INFO  http.HttpServer2 (HttpServer2.java:bindListener(1238)) - Jetty bound to port 34971
2021-05-05 15:13:59,418 [Listener at 127.0.0.1/33403] INFO  server.Server (Server.java:doStart(375)) - jetty-9.4.35.v20201120; built: 2020-11-20T21:17:03.964Z; git: bdc54f03a5e0a7e280fab27f55c3c75ee8da89fb; jvm 1.8.0_232-b09
2021-05-05 15:13:59,419 [Listener at 127.0.0.1/33403] INFO  server.session (DefaultSessionIdManager.java:doStart(334)) - DefaultSessionIdManager workerName=node0
2021-05-05 15:13:59,420 [Listener at 127.0.0.1/33403] INFO  server.session (DefaultSessionIdManager.java:doStart(339)) - No SessionScavenger set, using defaults
2021-05-05 15:13:59,420 [Listener at 127.0.0.1/33403] INFO  server.session (HouseKeeper.java:startScavenging(132)) - node0 Scavenging every 660000ms
2021-05-05 15:13:59,420 [Listener at 127.0.0.1/33403] INFO  handler.ContextHandler (ContextHandler.java:doStart(916)) - Started o.e.j.s.ServletContextHandler@645f3895{logs,/logs,file:///github/workspace/mnt/ozone/hadoop-ozone/integration-test/target/log,AVAILABLE}
2021-05-05 15:13:59,421 [Listener at 127.0.0.1/33403] INFO  handler.ContextHandler (ContextHandler.java:doStart(916)) - Started o.e.j.s.ServletContextHandler@2e554aeb{static,/static,jar:file:/home/user/.m2/repository/org/apache/hadoop/hadoop-hdds-container-service/1.2.0-SNAPSHOT/hadoop-hdds-container-service-1.2.0-SNAPSHOT.jar!/webapps/static,AVAILABLE}
2021-05-05 15:13:59,579 [Listener at 127.0.0.1/33403] INFO  handler.ContextHandler (ContextHandler.java:doStart(916)) - Started o.e.j.w.WebAppContext@6dd6a2f9{hddsDatanode,/,file:///tmp/jetty-0_0_0_0-34971-hadoop-hdds-container-service-1_2_0-SNAPSHOT_jar-_-any-7468990958227066040/webapp/,AVAILABLE}{jar:file:/home/user/.m2/repository/org/apache/hadoop/hadoop-hdds-container-service/1.2.0-SNAPSHOT/hadoop-hdds-container-service-1.2.0-SNAPSHOT.jar!/webapps/hddsDatanode}
2021-05-05 15:13:59,581 [Listener at 127.0.0.1/33403] INFO  server.AbstractConnector (AbstractConnector.java:doStart(331)) - Started ServerConnector@70ebe93e{HTTP/1.1, (http/1.1)}{0.0.0.0:34971}
2021-05-05 15:13:59,581 [Listener at 127.0.0.1/33403] INFO  server.Server (Server.java:doStart(415)) - Started @185282ms
2021-05-05 15:13:59,581 [Listener at 127.0.0.1/33403] WARN  impl.MetricsSystemImpl (MetricsSystemImpl.java:register(279)) - Sink prometheus already exists!
2021-05-05 15:13:59,584 [Listener at 127.0.0.1/33403] INFO  http.BaseHttpServer (BaseHttpServer.java:updateConnectorAddress(327)) - HTTP server of hddsDatanode listening at http://0.0.0.0:34971
2021-05-05 15:13:59,585 [Listener at 127.0.0.1/33403] INFO  impl.MetricsSystemImpl (MetricsSystemImpl.java:init(158)) - HddsDatanode metrics system started (again)
2021-05-05 15:13:59,587 [Listener at 127.0.0.1/33403] INFO  ozone.HddsDatanodeService (HddsDatanodeService.java:start(220)) - HddsDatanodeService host:d81b9af81a7a ip:172.17.0.2
2021-05-05 15:13:59,595 [org.apache.hadoop.util.JvmPauseMonitor$Monitor@cae8362] INFO  util.JvmPauseMonitor (JvmPauseMonitor.java:run(188)) - Starting JVM pause monitor
2021-05-05 15:13:59,597 [Datanode State Machine Task Thread - 0] INFO  datanode.InitDatanodeState (InitDatanodeState.java:persistContainerDatanodeDetails(145)) - DatanodeDetails is persisted to /github/workspace/mnt/ozone/hadoop-ozone/integration-test/target/test-dir/MiniOzoneClusterImpl-c76e6b88-ed31-44d7-ac8c-51a305797015/datanode-3/meta/datanode.id
2021-05-05 15:13:59,607 [Listener at 127.0.0.1/33403] INFO  volume.HddsVolume (HddsVolume.java:<init>(176)) - Creating Volume: /github/workspace/mnt/ozone/hadoop-ozone/integration-test/target/test-dir/MiniOzoneClusterImpl-c76e6b88-ed31-44d7-ac8c-51a305797015/datanode-4/data-0/containers/hdds of storage type : DISK and capacity : 9223372036854775807
2021-05-05 15:13:59,607 [Listener at 127.0.0.1/33403] INFO  volume.MutableVolumeSet (MutableVolumeSet.java:initializeVolumeSet(195)) - Added Volume : /github/workspace/mnt/ozone/hadoop-ozone/integration-test/target/test-dir/MiniOzoneClusterImpl-c76e6b88-ed31-44d7-ac8c-51a305797015/datanode-4/data-0/containers/hdds to VolumeSet
2021-05-05 15:13:59,607 [Listener at 127.0.0.1/33403] INFO  volume.ThrottledAsyncChecker (ThrottledAsyncChecker.java:schedule(141)) - Scheduling a check for /github/workspace/mnt/ozone/hadoop-ozone/integration-test/target/test-dir/MiniOzoneClusterImpl-c76e6b88-ed31-44d7-ac8c-51a305797015/datanode-4/data-0/containers/hdds
2021-05-05 15:13:59,608 [Listener at 127.0.0.1/33403] INFO  volume.HddsVolumeChecker (HddsVolumeChecker.java:checkAllVolumes(200)) - Scheduled health check for volume /github/workspace/mnt/ozone/hadoop-ozone/integration-test/target/test-dir/MiniOzoneClusterImpl-c76e6b88-ed31-44d7-ac8c-51a305797015/datanode-4/data-0/containers/hdds
2021-05-05 15:13:59,620 [Listener at 127.0.0.1/33403] INFO  ozoneimpl.ContainerReader (ContainerReader.java:<init>(98)) - Running in upgrade mode:true
2021-05-05 15:13:59,621 [Thread-1668] INFO  ozoneimpl.ContainerReader (ContainerReader.java:readVolume(142)) - Start to verify containers on volume /github/workspace/mnt/ozone/hadoop-ozone/integration-test/target/test-dir/MiniOzoneClusterImpl-c76e6b88-ed31-44d7-ac8c-51a305797015/datanode-4/data-0/containers/hdds
2021-05-05 15:13:59,621 [Thread-1668] INFO  ozoneimpl.ContainerReader (ContainerReader.java:readVolume(174)) - Finish verifying containers on volume /github/workspace/mnt/ozone/hadoop-ozone/integration-test/target/test-dir/MiniOzoneClusterImpl-c76e6b88-ed31-44d7-ac8c-51a305797015/datanode-4/data-0/containers/hdds
2021-05-05 15:13:59,621 [Listener at 127.0.0.1/33403] INFO  ozoneimpl.OzoneContainer (OzoneContainer.java:buildContainerSet(225)) - Build ContainerSet costs 0s
2021-05-05 15:13:59,622 [Listener at 127.0.0.1/33403] INFO  server.RaftServer (ConfUtils.java:logGet(44)) - raft.rpc.type = GRPC (default)
2021-05-05 15:13:59,622 [Listener at 127.0.0.1/33403] INFO  grpc.GrpcFactory (GrpcFactory.java:checkPooledByteBufAllocatorUseCacheForAllThreads(48)) - PERFORMANCE WARNING: useCacheForAllThreads is true that may cause Netty to create a lot garbage objects and, as a result, trigger GC.
	It is recommended to disable useCacheForAllThreads by setting -Dorg.apache.ratis.thirdparty.io.netty.allocator.useCacheForAllThreads=false in command line.
2021-05-05 15:13:59,622 [Listener at 127.0.0.1/33403] INFO  grpc.GrpcConfigKeys (ConfUtils.java:logGet(44)) - raft.grpc.admin.port = 0 (custom)
2021-05-05 15:13:59,623 [Listener at 127.0.0.1/33403] INFO  grpc.GrpcConfigKeys (ConfUtils.java:logGet(44)) - raft.grpc.client.port = 0 (custom)
2021-05-05 15:13:59,623 [Listener at 127.0.0.1/33403] INFO  grpc.GrpcConfigKeys (ConfUtils.java:logGet(44)) - raft.grpc.server.port = 0 (default)
2021-05-05 15:13:59,623 [Listener at 127.0.0.1/33403] INFO  server.GrpcService (ConfUtils.java:logGet(44)) - raft.grpc.message.size.max = 32MB (=33554432) (custom)
2021-05-05 15:13:59,623 [Listener at 127.0.0.1/33403] INFO  server.RaftServerConfigKeys (ConfUtils.java:logGet(44)) - raft.server.log.appender.buffer.byte-limit = 33554432 (custom)
2021-05-05 15:13:59,623 [Listener at 127.0.0.1/33403] INFO  server.GrpcService (ConfUtils.java:logGet(44)) - raft.grpc.flow.control.window = 5MB (=5242880) (custom)
2021-05-05 15:13:59,623 [Listener at 127.0.0.1/33403] INFO  server.RaftServerConfigKeys (ConfUtils.java:logGet(44)) - raft.server.rpc.request.timeout = 3000ms (default)
2021-05-05 15:13:59,624 [Listener at 127.0.0.1/33403] INFO  impl.DataStreamServerImpl (ConfUtils.java:logGet(44)) - raft.datastream.type = DISABLED (default)
2021-05-05 15:13:59,624 [Listener at 127.0.0.1/33403] INFO  server.RaftServerConfigKeys (ConfUtils.java:logGet(44)) - raft.server.rpc.slowness.timeout = 300000ms (custom)
2021-05-05 15:13:59,625 [Listener at 127.0.0.1/33403] INFO  server.RaftServerConfigKeys (ConfUtils.java:logGet(44)) - raft.server.leaderelection.leader.step-down.wait-time = 10s (default)
2021-05-05 15:13:59,625 [Listener at 127.0.0.1/33403] INFO  server.RaftServerConfigKeys (ConfUtils.java:logGet(44)) - raft.server.storage.dir = [/github/workspace/mnt/ozone/hadoop-ozone/integration-test/target/test-dir/MiniOzoneClusterImpl-c76e6b88-ed31-44d7-ac8c-51a305797015/datanode-4/data/ratis] (custom)
2021-05-05 15:13:59,629 [Listener at 127.0.0.1/33403] INFO  http.BaseHttpServer (BaseHttpServer.java:newHttpServer2BuilderForOzone(207)) - Starting Web-server for hddsDatanode at: http://0.0.0.0:0
2021-05-05 15:13:59,630 [Listener at 127.0.0.1/33403] INFO  http.BaseHttpServer (BaseHttpServer.java:<init>(106)) - Hadoop Security Enabled: false Ozone Security Enabled: false Ozone HTTP Security Enabled: false 
2021-05-05 15:13:59,631 [Listener at 127.0.0.1/33403] INFO  server.AuthenticationFilter (AuthenticationFilter.java:constructSecretProvider(240)) - Unable to initialize FileSignerSecretProvider, falling back to use random secrets.
2021-05-05 15:13:59,631 [Listener at 127.0.0.1/33403] WARN  http.HttpRequestLog (HttpRequestLog.java:getRequestLog(103)) - Jetty request log can only be enabled using Log4j
2021-05-05 15:13:59,632 [Listener at 127.0.0.1/33403] INFO  http.HttpServer2 (HttpServer2.java:addGlobalFilter(1020)) - Added global filter 'safety' (class=org.apache.hadoop.hdds.server.http.HttpServer2$QuotingInputFilter)
2021-05-05 15:13:59,632 [Listener at 127.0.0.1/33403] INFO  http.HttpServer2 (HttpServer2.java:addFilter(996)) - Added filter static_user_filter (class=org.apache.hadoop.http.lib.StaticUserWebFilter$StaticUserFilter) to context hddsDatanode
2021-05-05 15:13:59,632 [Listener at 127.0.0.1/33403] INFO  http.HttpServer2 (HttpServer2.java:addFilter(1004)) - Added filter static_user_filter (class=org.apache.hadoop.http.lib.StaticUserWebFilter$StaticUserFilter) to context static
2021-05-05 15:13:59,632 [Listener at 127.0.0.1/33403] INFO  http.HttpServer2 (HttpServer2.java:addFilter(1004)) - Added filter static_user_filter (class=org.apache.hadoop.http.lib.StaticUserWebFilter$StaticUserFilter) to context logs
2021-05-05 15:13:59,633 [Listener at 127.0.0.1/33403] INFO  http.HttpServer2 (HttpServer2.java:bindListener(1238)) - Jetty bound to port 38823
2021-05-05 15:13:59,633 [Listener at 127.0.0.1/33403] INFO  server.Server (Server.java:doStart(375)) - jetty-9.4.35.v20201120; built: 2020-11-20T21:17:03.964Z; git: bdc54f03a5e0a7e280fab27f55c3c75ee8da89fb; jvm 1.8.0_232-b09
2021-05-05 15:13:59,636 [Listener at 127.0.0.1/33403] INFO  server.session (DefaultSessionIdManager.java:doStart(334)) - DefaultSessionIdManager workerName=node0
2021-05-05 15:13:59,637 [Listener at 127.0.0.1/33403] INFO  server.session (DefaultSessionIdManager.java:doStart(339)) - No SessionScavenger set, using defaults
2021-05-05 15:13:59,637 [Listener at 127.0.0.1/33403] INFO  server.session (HouseKeeper.java:startScavenging(132)) - node0 Scavenging every 600000ms
2021-05-05 15:13:59,637 [Listener at 127.0.0.1/33403] INFO  handler.ContextHandler (ContextHandler.java:doStart(916)) - Started o.e.j.s.ServletContextHandler@378d9ea0{logs,/logs,file:///github/workspace/mnt/ozone/hadoop-ozone/integration-test/target/log,AVAILABLE}
2021-05-05 15:13:59,638 [Listener at 127.0.0.1/33403] INFO  handler.ContextHandler (ContextHandler.java:doStart(916)) - Started o.e.j.s.ServletContextHandler@6deda9a6{static,/static,jar:file:/home/user/.m2/repository/org/apache/hadoop/hadoop-hdds-container-service/1.2.0-SNAPSHOT/hadoop-hdds-container-service-1.2.0-SNAPSHOT.jar!/webapps/static,AVAILABLE}
2021-05-05 15:13:59,675 [om1@group-C5BA1605619E-FollowerState] INFO  impl.FollowerState (FollowerState.java:run(134)) - om1@group-C5BA1605619E-FollowerState: change to CANDIDATE, lastRpcElapsedTime:1084250849ns, electionTimeout:1080ms
2021-05-05 15:13:59,676 [om1@group-C5BA1605619E-FollowerState] INFO  impl.RoleInfo (RoleInfo.java:shutdownFollowerState(108)) - om1: shutdown om1@group-C5BA1605619E-FollowerState
2021-05-05 15:13:59,676 [om1@group-C5BA1605619E-FollowerState] INFO  server.RaftServer$Division (RaftServerImpl.java:setRole(284)) - om1@group-C5BA1605619E: changes role from  FOLLOWER to CANDIDATE at term 0 for changeToCandidate
2021-05-05 15:13:59,676 [om1@group-C5BA1605619E-FollowerState] INFO  server.RaftServerConfigKeys (ConfUtils.java:logGet(44)) - raft.server.leaderelection.pre-vote = false (custom)
2021-05-05 15:13:59,676 [om1@group-C5BA1605619E-FollowerState] INFO  impl.RoleInfo (RoleInfo.java:updateAndGet(130)) - om1: start om1@group-C5BA1605619E-LeaderElection80
2021-05-05 15:13:59,685 [om1@group-C5BA1605619E-LeaderElection80] INFO  impl.LeaderElection (LeaderElection.java:askForVotes(306)) - om1@group-C5BA1605619E-LeaderElection80 ELECTION round 0: submit vote requests at term 1 for -1: [om1|rpc:localhost:9872|priority:0], old=null
2021-05-05 15:13:59,685 [om1@group-C5BA1605619E-LeaderElection80] INFO  impl.LeaderElection (LeaderElection.java:askForVotes(308)) - om1@group-C5BA1605619E-LeaderElection80 ELECTION round 0: result PASSED (term=1)
2021-05-05 15:13:59,685 [om1@group-C5BA1605619E-LeaderElection80] INFO  impl.RoleInfo (RoleInfo.java:shutdownLeaderElection(121)) - om1: shutdown om1@group-C5BA1605619E-LeaderElection80
2021-05-05 15:13:59,685 [om1@group-C5BA1605619E-LeaderElection80] INFO  server.RaftServer$Division (RaftServerImpl.java:setRole(284)) - om1@group-C5BA1605619E: changes role from CANDIDATE to LEADER at term 1 for changeToLeader
2021-05-05 15:13:59,685 [om1@group-C5BA1605619E-LeaderElection80] INFO  server.RaftServer$Division (ServerState.java:setLeader(271)) - om1@group-C5BA1605619E: change Leader from null to om1 at term 1 for becomeLeader, leader elected after 1108ms
2021-05-05 15:13:59,685 [om1@group-C5BA1605619E-LeaderElection80] INFO  server.RaftServerConfigKeys (ConfUtils.java:logGet(44)) - raft.server.staging.catchup.gap = 1000 (default)
2021-05-05 15:13:59,685 [om1@group-C5BA1605619E-LeaderElection80] INFO  metrics.RatisMetrics (RatisMetrics.java:lambda$create$0(36)) - Creating Metrics Registry : ratis.log_appender.om1@group-C5BA1605619E
2021-05-05 15:13:59,685 [om1@group-C5BA1605619E-LeaderElection80] INFO  server.RaftServerConfigKeys (ConfUtils.java:logGet(44)) - raft.server.write.element-limit = 4096 (default)
2021-05-05 15:13:59,685 [om1@group-C5BA1605619E-LeaderElection80] INFO  server.RaftServerConfigKeys (ConfUtils.java:logGet(44)) - raft.server.write.byte-limit = 64MB (=67108864) (default)
2021-05-05 15:13:59,686 [om1@group-C5BA1605619E-LeaderElection80] INFO  server.RaftServerConfigKeys (ConfUtils.java:logGet(44)) - raft.server.watch.timeout = 10s (default)
2021-05-05 15:13:59,686 [om1@group-C5BA1605619E-LeaderElection80] INFO  server.RaftServerConfigKeys (ConfUtils.java:logGet(44)) - raft.server.watch.timeout.denomination = 1s (default)
2021-05-05 15:13:59,686 [om1@group-C5BA1605619E-LeaderElection80] INFO  server.RaftServerConfigKeys (ConfUtils.java:logGet(44)) - raft.server.watch.element-limit = 65536 (default)
2021-05-05 15:13:59,686 [om1@group-C5BA1605619E-LeaderElection80] INFO  impl.RoleInfo (RoleInfo.java:updateAndGet(130)) - om1: start om1@group-C5BA1605619E-LeaderStateImpl
2021-05-05 15:13:59,687 [om1@group-C5BA1605619E-LeaderElection80] INFO  segmented.SegmentedRaftLogWorker (SegmentedRaftLogWorker.java:startLogSegment(394)) - om1@group-C5BA1605619E-SegmentedRaftLogWorker: Starting segment from index:0
2021-05-05 15:13:59,694 [om1@group-C5BA1605619E-SegmentedRaftLogWorker] INFO  segmented.SegmentedRaftLogWorker (SegmentedRaftLogWorker.java:execute(601)) - om1@group-C5BA1605619E-SegmentedRaftLogWorker: created new log segment /github/workspace/mnt/ozone/hadoop-ozone/integration-test/target/test-dir/MiniOzoneClusterImpl-c76e6b88-ed31-44d7-ac8c-51a305797015/ozone-meta/ratis/bf265839-605b-3f16-9796-c5ba1605619e/current/log_inprogress_0
2021-05-05 15:13:59,708 [om1@group-C5BA1605619E-LeaderElection80] INFO  server.RaftServer$Division (ServerState.java:setRaftConf(373)) - om1@group-C5BA1605619E: set configuration 0: [om1|rpc:localhost:9872|admin:|client:|dataStream:|priority:0], old=null
2021-05-05 15:13:59,808 [Listener at 127.0.0.1/33403] INFO  handler.ContextHandler (ContextHandler.java:doStart(916)) - Started o.e.j.w.WebAppContext@6430c591{hddsDatanode,/,file:///tmp/jetty-0_0_0_0-38823-hadoop-hdds-container-service-1_2_0-SNAPSHOT_jar-_-any-6124854963419772353/webapp/,AVAILABLE}{jar:file:/home/user/.m2/repository/org/apache/hadoop/hadoop-hdds-container-service/1.2.0-SNAPSHOT/hadoop-hdds-container-service-1.2.0-SNAPSHOT.jar!/webapps/hddsDatanode}
2021-05-05 15:13:59,809 [Listener at 127.0.0.1/33403] INFO  server.AbstractConnector (AbstractConnector.java:doStart(331)) - Started ServerConnector@14d16b8f{HTTP/1.1, (http/1.1)}{0.0.0.0:38823}
2021-05-05 15:13:59,809 [Listener at 127.0.0.1/33403] INFO  server.Server (Server.java:doStart(415)) - Started @185511ms
2021-05-05 15:13:59,809 [Listener at 127.0.0.1/33403] WARN  impl.MetricsSystemImpl (MetricsSystemImpl.java:register(279)) - Sink prometheus already exists!
2021-05-05 15:13:59,812 [Listener at 127.0.0.1/33403] INFO  http.BaseHttpServer (BaseHttpServer.java:updateConnectorAddress(327)) - HTTP server of hddsDatanode listening at http://0.0.0.0:38823
2021-05-05 15:13:59,816 [Listener at 127.0.0.1/33403] INFO  impl.MetricsSystemImpl (MetricsSystemImpl.java:init(158)) - HddsDatanode metrics system started (again)
2021-05-05 15:13:59,820 [org.apache.hadoop.util.JvmPauseMonitor$Monitor@46960e0a] INFO  util.JvmPauseMonitor (JvmPauseMonitor.java:run(188)) - Starting JVM pause monitor
2021-05-05 15:13:59,822 [Listener at 127.0.0.1/33403] INFO  ozone.HddsDatanodeService (HddsDatanodeService.java:start(220)) - HddsDatanodeService host:d81b9af81a7a ip:172.17.0.2
2021-05-05 15:13:59,822 [Datanode State Machine Task Thread - 0] INFO  datanode.InitDatanodeState (InitDatanodeState.java:persistContainerDatanodeDetails(145)) - DatanodeDetails is persisted to /github/workspace/mnt/ozone/hadoop-ozone/integration-test/target/test-dir/MiniOzoneClusterImpl-c76e6b88-ed31-44d7-ac8c-51a305797015/datanode-4/meta/datanode.id
2021-05-05 15:13:59,839 [Listener at 127.0.0.1/33403] INFO  volume.HddsVolume (HddsVolume.java:<init>(176)) - Creating Volume: /github/workspace/mnt/ozone/hadoop-ozone/integration-test/target/test-dir/MiniOzoneClusterImpl-c76e6b88-ed31-44d7-ac8c-51a305797015/datanode-5/data-0/containers/hdds of storage type : DISK and capacity : 9223372036854775807
2021-05-05 15:13:59,840 [Listener at 127.0.0.1/33403] INFO  volume.MutableVolumeSet (MutableVolumeSet.java:initializeVolumeSet(195)) - Added Volume : /github/workspace/mnt/ozone/hadoop-ozone/integration-test/target/test-dir/MiniOzoneClusterImpl-c76e6b88-ed31-44d7-ac8c-51a305797015/datanode-5/data-0/containers/hdds to VolumeSet
2021-05-05 15:13:59,840 [Listener at 127.0.0.1/33403] INFO  volume.ThrottledAsyncChecker (ThrottledAsyncChecker.java:schedule(141)) - Scheduling a check for /github/workspace/mnt/ozone/hadoop-ozone/integration-test/target/test-dir/MiniOzoneClusterImpl-c76e6b88-ed31-44d7-ac8c-51a305797015/datanode-5/data-0/containers/hdds
2021-05-05 15:13:59,841 [Listener at 127.0.0.1/33403] INFO  volume.HddsVolumeChecker (HddsVolumeChecker.java:checkAllVolumes(200)) - Scheduled health check for volume /github/workspace/mnt/ozone/hadoop-ozone/integration-test/target/test-dir/MiniOzoneClusterImpl-c76e6b88-ed31-44d7-ac8c-51a305797015/datanode-5/data-0/containers/hdds
2021-05-05 15:13:59,855 [Listener at 127.0.0.1/33403] INFO  ozoneimpl.ContainerReader (ContainerReader.java:<init>(98)) - Running in upgrade mode:true
2021-05-05 15:13:59,856 [Thread-1681] INFO  ozoneimpl.ContainerReader (ContainerReader.java:readVolume(142)) - Start to verify containers on volume /github/workspace/mnt/ozone/hadoop-ozone/integration-test/target/test-dir/MiniOzoneClusterImpl-c76e6b88-ed31-44d7-ac8c-51a305797015/datanode-5/data-0/containers/hdds
2021-05-05 15:13:59,856 [Thread-1681] INFO  ozoneimpl.ContainerReader (ContainerReader.java:readVolume(174)) - Finish verifying containers on volume /github/workspace/mnt/ozone/hadoop-ozone/integration-test/target/test-dir/MiniOzoneClusterImpl-c76e6b88-ed31-44d7-ac8c-51a305797015/datanode-5/data-0/containers/hdds
2021-05-05 15:13:59,856 [Listener at 127.0.0.1/33403] INFO  ozoneimpl.OzoneContainer (OzoneContainer.java:buildContainerSet(225)) - Build ContainerSet costs 0s
2021-05-05 15:13:59,857 [Listener at 127.0.0.1/33403] INFO  server.RaftServer (ConfUtils.java:logGet(44)) - raft.rpc.type = GRPC (default)
2021-05-05 15:13:59,858 [Listener at 127.0.0.1/33403] INFO  grpc.GrpcFactory (GrpcFactory.java:checkPooledByteBufAllocatorUseCacheForAllThreads(48)) - PERFORMANCE WARNING: useCacheForAllThreads is true that may cause Netty to create a lot garbage objects and, as a result, trigger GC.
	It is recommended to disable useCacheForAllThreads by setting -Dorg.apache.ratis.thirdparty.io.netty.allocator.useCacheForAllThreads=false in command line.
2021-05-05 15:13:59,858 [Listener at 127.0.0.1/33403] INFO  grpc.GrpcConfigKeys (ConfUtils.java:logGet(44)) - raft.grpc.admin.port = 0 (custom)
2021-05-05 15:13:59,858 [Listener at 127.0.0.1/33403] INFO  grpc.GrpcConfigKeys (ConfUtils.java:logGet(44)) - raft.grpc.client.port = 0 (custom)
2021-05-05 15:13:59,858 [Listener at 127.0.0.1/33403] INFO  grpc.GrpcConfigKeys (ConfUtils.java:logGet(44)) - raft.grpc.server.port = 0 (default)
2021-05-05 15:13:59,858 [Listener at 127.0.0.1/33403] INFO  server.GrpcService (ConfUtils.java:logGet(44)) - raft.grpc.message.size.max = 32MB (=33554432) (custom)
2021-05-05 15:13:59,858 [Listener at 127.0.0.1/33403] INFO  server.RaftServerConfigKeys (ConfUtils.java:logGet(44)) - raft.server.log.appender.buffer.byte-limit = 33554432 (custom)
2021-05-05 15:13:59,859 [Listener at 127.0.0.1/33403] INFO  server.GrpcService (ConfUtils.java:logGet(44)) - raft.grpc.flow.control.window = 5MB (=5242880) (custom)
2021-05-05 15:13:59,859 [Listener at 127.0.0.1/33403] INFO  server.RaftServerConfigKeys (ConfUtils.java:logGet(44)) - raft.server.rpc.request.timeout = 3000ms (default)
2021-05-05 15:13:59,860 [Listener at 127.0.0.1/33403] INFO  impl.DataStreamServerImpl (ConfUtils.java:logGet(44)) - raft.datastream.type = DISABLED (default)
2021-05-05 15:13:59,860 [Listener at 127.0.0.1/33403] INFO  server.RaftServerConfigKeys (ConfUtils.java:logGet(44)) - raft.server.rpc.slowness.timeout = 300000ms (custom)
2021-05-05 15:13:59,860 [Listener at 127.0.0.1/33403] INFO  server.RaftServerConfigKeys (ConfUtils.java:logGet(44)) - raft.server.leaderelection.leader.step-down.wait-time = 10s (default)
2021-05-05 15:13:59,860 [Listener at 127.0.0.1/33403] INFO  server.RaftServerConfigKeys (ConfUtils.java:logGet(44)) - raft.server.storage.dir = [/github/workspace/mnt/ozone/hadoop-ozone/integration-test/target/test-dir/MiniOzoneClusterImpl-c76e6b88-ed31-44d7-ac8c-51a305797015/datanode-5/data/ratis] (custom)
2021-05-05 15:13:59,907 [Listener at 127.0.0.1/33403] INFO  http.BaseHttpServer (BaseHttpServer.java:newHttpServer2BuilderForOzone(207)) - Starting Web-server for hddsDatanode at: http://0.0.0.0:0
2021-05-05 15:13:59,907 [Listener at 127.0.0.1/33403] INFO  http.BaseHttpServer (BaseHttpServer.java:<init>(106)) - Hadoop Security Enabled: false Ozone Security Enabled: false Ozone HTTP Security Enabled: false 
2021-05-05 15:13:59,908 [Listener at 127.0.0.1/33403] INFO  server.AuthenticationFilter (AuthenticationFilter.java:constructSecretProvider(240)) - Unable to initialize FileSignerSecretProvider, falling back to use random secrets.
2021-05-05 15:13:59,908 [Listener at 127.0.0.1/33403] WARN  http.HttpRequestLog (HttpRequestLog.java:getRequestLog(103)) - Jetty request log can only be enabled using Log4j
2021-05-05 15:13:59,909 [Listener at 127.0.0.1/33403] INFO  http.HttpServer2 (HttpServer2.java:addGlobalFilter(1020)) - Added global filter 'safety' (class=org.apache.hadoop.hdds.server.http.HttpServer2$QuotingInputFilter)
2021-05-05 15:13:59,909 [Listener at 127.0.0.1/33403] INFO  http.HttpServer2 (HttpServer2.java:addFilter(996)) - Added filter static_user_filter (class=org.apache.hadoop.http.lib.StaticUserWebFilter$StaticUserFilter) to context hddsDatanode
2021-05-05 15:13:59,909 [Listener at 127.0.0.1/33403] INFO  http.HttpServer2 (HttpServer2.java:addFilter(1004)) - Added filter static_user_filter (class=org.apache.hadoop.http.lib.StaticUserWebFilter$StaticUserFilter) to context logs
2021-05-05 15:13:59,910 [Listener at 127.0.0.1/33403] INFO  http.HttpServer2 (HttpServer2.java:addFilter(1004)) - Added filter static_user_filter (class=org.apache.hadoop.http.lib.StaticUserWebFilter$StaticUserFilter) to context static
2021-05-05 15:13:59,910 [Listener at 127.0.0.1/33403] INFO  http.HttpServer2 (HttpServer2.java:bindListener(1238)) - Jetty bound to port 34505
2021-05-05 15:13:59,910 [Listener at 127.0.0.1/33403] INFO  server.Server (Server.java:doStart(375)) - jetty-9.4.35.v20201120; built: 2020-11-20T21:17:03.964Z; git: bdc54f03a5e0a7e280fab27f55c3c75ee8da89fb; jvm 1.8.0_232-b09
2021-05-05 15:13:59,912 [Listener at 127.0.0.1/33403] INFO  server.session (DefaultSessionIdManager.java:doStart(334)) - DefaultSessionIdManager workerName=node0
2021-05-05 15:13:59,912 [Listener at 127.0.0.1/33403] INFO  server.session (DefaultSessionIdManager.java:doStart(339)) - No SessionScavenger set, using defaults
2021-05-05 15:13:59,912 [Listener at 127.0.0.1/33403] INFO  server.session (HouseKeeper.java:startScavenging(132)) - node0 Scavenging every 660000ms
2021-05-05 15:13:59,914 [Listener at 127.0.0.1/33403] INFO  handler.ContextHandler (ContextHandler.java:doStart(916)) - Started o.e.j.s.ServletContextHandler@72663b1e{logs,/logs,file:///github/workspace/mnt/ozone/hadoop-ozone/integration-test/target/log,AVAILABLE}
2021-05-05 15:13:59,914 [Listener at 127.0.0.1/33403] INFO  handler.ContextHandler (ContextHandler.java:doStart(916)) - Started o.e.j.s.ServletContextHandler@6f51c04f{static,/static,jar:file:/home/user/.m2/repository/org/apache/hadoop/hadoop-hdds-container-service/1.2.0-SNAPSHOT/hadoop-hdds-container-service-1.2.0-SNAPSHOT.jar!/webapps/static,AVAILABLE}
2021-05-05 15:14:00,074 [Listener at 127.0.0.1/33403] INFO  handler.ContextHandler (ContextHandler.java:doStart(916)) - Started o.e.j.w.WebAppContext@4c08cf9b{hddsDatanode,/,file:///tmp/jetty-0_0_0_0-34505-hadoop-hdds-container-service-1_2_0-SNAPSHOT_jar-_-any-7565273159675838344/webapp/,AVAILABLE}{jar:file:/home/user/.m2/repository/org/apache/hadoop/hadoop-hdds-container-service/1.2.0-SNAPSHOT/hadoop-hdds-container-service-1.2.0-SNAPSHOT.jar!/webapps/hddsDatanode}
2021-05-05 15:14:00,076 [Listener at 127.0.0.1/33403] INFO  server.AbstractConnector (AbstractConnector.java:doStart(331)) - Started ServerConnector@410f8fd3{HTTP/1.1, (http/1.1)}{0.0.0.0:34505}
2021-05-05 15:14:00,076 [Listener at 127.0.0.1/33403] INFO  server.Server (Server.java:doStart(415)) - Started @185778ms
2021-05-05 15:14:00,076 [Listener at 127.0.0.1/33403] WARN  impl.MetricsSystemImpl (MetricsSystemImpl.java:register(279)) - Sink prometheus already exists!
2021-05-05 15:14:00,081 [Listener at 127.0.0.1/33403] INFO  http.BaseHttpServer (BaseHttpServer.java:updateConnectorAddress(327)) - HTTP server of hddsDatanode listening at http://0.0.0.0:34505
2021-05-05 15:14:00,084 [Listener at 127.0.0.1/33403] INFO  impl.MetricsSystemImpl (MetricsSystemImpl.java:init(158)) - HddsDatanode metrics system started (again)
2021-05-05 15:14:00,086 [Listener at 127.0.0.1/33403] INFO  ozone.HddsDatanodeService (HddsDatanodeService.java:start(220)) - HddsDatanodeService host:d81b9af81a7a ip:172.17.0.2
2021-05-05 15:14:00,088 [org.apache.hadoop.util.JvmPauseMonitor$Monitor@2cfb671e] INFO  util.JvmPauseMonitor (JvmPauseMonitor.java:run(188)) - Starting JVM pause monitor
2021-05-05 15:14:00,090 [Datanode State Machine Task Thread - 0] INFO  datanode.InitDatanodeState (InitDatanodeState.java:persistContainerDatanodeDetails(145)) - DatanodeDetails is persisted to /github/workspace/mnt/ozone/hadoop-ozone/integration-test/target/test-dir/MiniOzoneClusterImpl-c76e6b88-ed31-44d7-ac8c-51a305797015/datanode-5/meta/datanode.id
2021-05-05 15:14:00,106 [Listener at 127.0.0.1/33403] INFO  volume.HddsVolume (HddsVolume.java:<init>(176)) - Creating Volume: /github/workspace/mnt/ozone/hadoop-ozone/integration-test/target/test-dir/MiniOzoneClusterImpl-c76e6b88-ed31-44d7-ac8c-51a305797015/datanode-6/data-0/containers/hdds of storage type : DISK and capacity : 9223372036854775807
2021-05-05 15:14:00,107 [Listener at 127.0.0.1/33403] INFO  volume.MutableVolumeSet (MutableVolumeSet.java:initializeVolumeSet(195)) - Added Volume : /github/workspace/mnt/ozone/hadoop-ozone/integration-test/target/test-dir/MiniOzoneClusterImpl-c76e6b88-ed31-44d7-ac8c-51a305797015/datanode-6/data-0/containers/hdds to VolumeSet
2021-05-05 15:14:00,107 [Listener at 127.0.0.1/33403] INFO  volume.ThrottledAsyncChecker (ThrottledAsyncChecker.java:schedule(141)) - Scheduling a check for /github/workspace/mnt/ozone/hadoop-ozone/integration-test/target/test-dir/MiniOzoneClusterImpl-c76e6b88-ed31-44d7-ac8c-51a305797015/datanode-6/data-0/containers/hdds
2021-05-05 15:14:00,108 [Listener at 127.0.0.1/33403] INFO  volume.HddsVolumeChecker (HddsVolumeChecker.java:checkAllVolumes(200)) - Scheduled health check for volume /github/workspace/mnt/ozone/hadoop-ozone/integration-test/target/test-dir/MiniOzoneClusterImpl-c76e6b88-ed31-44d7-ac8c-51a305797015/datanode-6/data-0/containers/hdds
2021-05-05 15:14:00,120 [Listener at 127.0.0.1/33403] INFO  ozoneimpl.ContainerReader (ContainerReader.java:<init>(98)) - Running in upgrade mode:true
2021-05-05 15:14:00,120 [Thread-1692] INFO  ozoneimpl.ContainerReader (ContainerReader.java:readVolume(142)) - Start to verify containers on volume /github/workspace/mnt/ozone/hadoop-ozone/integration-test/target/test-dir/MiniOzoneClusterImpl-c76e6b88-ed31-44d7-ac8c-51a305797015/datanode-6/data-0/containers/hdds
2021-05-05 15:14:00,120 [Thread-1692] INFO  ozoneimpl.ContainerReader (ContainerReader.java:readVolume(174)) - Finish verifying containers on volume /github/workspace/mnt/ozone/hadoop-ozone/integration-test/target/test-dir/MiniOzoneClusterImpl-c76e6b88-ed31-44d7-ac8c-51a305797015/datanode-6/data-0/containers/hdds
2021-05-05 15:14:00,120 [Listener at 127.0.0.1/33403] INFO  ozoneimpl.OzoneContainer (OzoneContainer.java:buildContainerSet(225)) - Build ContainerSet costs 0s
2021-05-05 15:14:00,122 [Listener at 127.0.0.1/33403] INFO  server.RaftServer (ConfUtils.java:logGet(44)) - raft.rpc.type = GRPC (default)
2021-05-05 15:14:00,122 [Listener at 127.0.0.1/33403] INFO  grpc.GrpcFactory (GrpcFactory.java:checkPooledByteBufAllocatorUseCacheForAllThreads(48)) - PERFORMANCE WARNING: useCacheForAllThreads is true that may cause Netty to create a lot garbage objects and, as a result, trigger GC.
	It is recommended to disable useCacheForAllThreads by setting -Dorg.apache.ratis.thirdparty.io.netty.allocator.useCacheForAllThreads=false in command line.
2021-05-05 15:14:00,122 [Listener at 127.0.0.1/33403] INFO  grpc.GrpcConfigKeys (ConfUtils.java:logGet(44)) - raft.grpc.admin.port = 0 (custom)
2021-05-05 15:14:00,122 [Listener at 127.0.0.1/33403] INFO  grpc.GrpcConfigKeys (ConfUtils.java:logGet(44)) - raft.grpc.client.port = 0 (custom)
2021-05-05 15:14:00,122 [Listener at 127.0.0.1/33403] INFO  grpc.GrpcConfigKeys (ConfUtils.java:logGet(44)) - raft.grpc.server.port = 0 (default)
2021-05-05 15:14:00,123 [Listener at 127.0.0.1/33403] INFO  server.GrpcService (ConfUtils.java:logGet(44)) - raft.grpc.message.size.max = 32MB (=33554432) (custom)
2021-05-05 15:14:00,123 [Listener at 127.0.0.1/33403] INFO  server.RaftServerConfigKeys (ConfUtils.java:logGet(44)) - raft.server.log.appender.buffer.byte-limit = 33554432 (custom)
2021-05-05 15:14:00,123 [Listener at 127.0.0.1/33403] INFO  server.GrpcService (ConfUtils.java:logGet(44)) - raft.grpc.flow.control.window = 5MB (=5242880) (custom)
2021-05-05 15:14:00,123 [Listener at 127.0.0.1/33403] INFO  server.RaftServerConfigKeys (ConfUtils.java:logGet(44)) - raft.server.rpc.request.timeout = 3000ms (default)
2021-05-05 15:14:00,124 [Listener at 127.0.0.1/33403] INFO  impl.DataStreamServerImpl (ConfUtils.java:logGet(44)) - raft.datastream.type = DISABLED (default)
2021-05-05 15:14:00,124 [Listener at 127.0.0.1/33403] INFO  server.RaftServerConfigKeys (ConfUtils.java:logGet(44)) - raft.server.rpc.slowness.timeout = 300000ms (custom)
2021-05-05 15:14:00,125 [Listener at 127.0.0.1/33403] INFO  server.RaftServerConfigKeys (ConfUtils.java:logGet(44)) - raft.server.leaderelection.leader.step-down.wait-time = 10s (default)
2021-05-05 15:14:00,125 [Listener at 127.0.0.1/33403] INFO  server.RaftServerConfigKeys (ConfUtils.java:logGet(44)) - raft.server.storage.dir = [/github/workspace/mnt/ozone/hadoop-ozone/integration-test/target/test-dir/MiniOzoneClusterImpl-c76e6b88-ed31-44d7-ac8c-51a305797015/datanode-6/data/ratis] (custom)
2021-05-05 15:14:00,129 [Listener at 127.0.0.1/33403] INFO  http.BaseHttpServer (BaseHttpServer.java:newHttpServer2BuilderForOzone(207)) - Starting Web-server for hddsDatanode at: http://0.0.0.0:0
2021-05-05 15:14:00,129 [Listener at 127.0.0.1/33403] INFO  http.BaseHttpServer (BaseHttpServer.java:<init>(106)) - Hadoop Security Enabled: false Ozone Security Enabled: false Ozone HTTP Security Enabled: false 
2021-05-05 15:14:00,132 [Listener at 127.0.0.1/33403] INFO  server.AuthenticationFilter (AuthenticationFilter.java:constructSecretProvider(240)) - Unable to initialize FileSignerSecretProvider, falling back to use random secrets.
2021-05-05 15:14:00,133 [Listener at 127.0.0.1/33403] WARN  http.HttpRequestLog (HttpRequestLog.java:getRequestLog(103)) - Jetty request log can only be enabled using Log4j
2021-05-05 15:14:00,133 [Listener at 127.0.0.1/33403] INFO  http.HttpServer2 (HttpServer2.java:addGlobalFilter(1020)) - Added global filter 'safety' (class=org.apache.hadoop.hdds.server.http.HttpServer2$QuotingInputFilter)
2021-05-05 15:14:00,134 [Listener at 127.0.0.1/33403] INFO  http.HttpServer2 (HttpServer2.java:addFilter(996)) - Added filter static_user_filter (class=org.apache.hadoop.http.lib.StaticUserWebFilter$StaticUserFilter) to context hddsDatanode
2021-05-05 15:14:00,134 [Listener at 127.0.0.1/33403] INFO  http.HttpServer2 (HttpServer2.java:addFilter(1004)) - Added filter static_user_filter (class=org.apache.hadoop.http.lib.StaticUserWebFilter$StaticUserFilter) to context logs
2021-05-05 15:14:00,134 [Listener at 127.0.0.1/33403] INFO  http.HttpServer2 (HttpServer2.java:addFilter(1004)) - Added filter static_user_filter (class=org.apache.hadoop.http.lib.StaticUserWebFilter$StaticUserFilter) to context static
2021-05-05 15:14:00,135 [Listener at 127.0.0.1/33403] INFO  http.HttpServer2 (HttpServer2.java:bindListener(1238)) - Jetty bound to port 45851
2021-05-05 15:14:00,135 [Listener at 127.0.0.1/33403] INFO  server.Server (Server.java:doStart(375)) - jetty-9.4.35.v20201120; built: 2020-11-20T21:17:03.964Z; git: bdc54f03a5e0a7e280fab27f55c3c75ee8da89fb; jvm 1.8.0_232-b09
2021-05-05 15:14:00,136 [Listener at 127.0.0.1/33403] INFO  server.session (DefaultSessionIdManager.java:doStart(334)) - DefaultSessionIdManager workerName=node0
2021-05-05 15:14:00,136 [Listener at 127.0.0.1/33403] INFO  server.session (DefaultSessionIdManager.java:doStart(339)) - No SessionScavenger set, using defaults
2021-05-05 15:14:00,138 [Listener at 127.0.0.1/33403] INFO  server.session (HouseKeeper.java:startScavenging(132)) - node0 Scavenging every 660000ms
2021-05-05 15:14:00,138 [Listener at 127.0.0.1/33403] INFO  handler.ContextHandler (ContextHandler.java:doStart(916)) - Started o.e.j.s.ServletContextHandler@4bf5b473{logs,/logs,file:///github/workspace/mnt/ozone/hadoop-ozone/integration-test/target/log,AVAILABLE}
2021-05-05 15:14:00,139 [Listener at 127.0.0.1/33403] INFO  handler.ContextHandler (ContextHandler.java:doStart(916)) - Started o.e.j.s.ServletContextHandler@42fccd6a{static,/static,jar:file:/home/user/.m2/repository/org/apache/hadoop/hadoop-hdds-container-service/1.2.0-SNAPSHOT/hadoop-hdds-container-service-1.2.0-SNAPSHOT.jar!/webapps/static,AVAILABLE}
2021-05-05 15:14:00,298 [Listener at 127.0.0.1/33403] INFO  handler.ContextHandler (ContextHandler.java:doStart(916)) - Started o.e.j.w.WebAppContext@2c5ff4a5{hddsDatanode,/,file:///tmp/jetty-0_0_0_0-45851-hadoop-hdds-container-service-1_2_0-SNAPSHOT_jar-_-any-3879185285975036668/webapp/,AVAILABLE}{jar:file:/home/user/.m2/repository/org/apache/hadoop/hadoop-hdds-container-service/1.2.0-SNAPSHOT/hadoop-hdds-container-service-1.2.0-SNAPSHOT.jar!/webapps/hddsDatanode}
2021-05-05 15:14:00,301 [Listener at 127.0.0.1/33403] INFO  server.AbstractConnector (AbstractConnector.java:doStart(331)) - Started ServerConnector@6b86fed8{HTTP/1.1, (http/1.1)}{0.0.0.0:45851}
2021-05-05 15:14:00,302 [Listener at 127.0.0.1/33403] INFO  server.Server (Server.java:doStart(415)) - Started @186003ms
2021-05-05 15:14:00,302 [Listener at 127.0.0.1/33403] WARN  impl.MetricsSystemImpl (MetricsSystemImpl.java:register(279)) - Sink prometheus already exists!
2021-05-05 15:14:00,305 [Listener at 127.0.0.1/33403] INFO  http.BaseHttpServer (BaseHttpServer.java:updateConnectorAddress(327)) - HTTP server of hddsDatanode listening at http://0.0.0.0:45851
2021-05-05 15:14:00,305 [Listener at 127.0.0.1/33403] INFO  impl.MetricsSystemImpl (MetricsSystemImpl.java:init(158)) - HddsDatanode metrics system started (again)
2021-05-05 15:14:00,308 [Listener at 127.0.0.1/33403] INFO  ozone.HddsDatanodeService (HddsDatanodeService.java:start(220)) - HddsDatanodeService host:d81b9af81a7a ip:172.17.0.2
2021-05-05 15:14:00,315 [org.apache.hadoop.util.JvmPauseMonitor$Monitor@40b076b2] INFO  util.JvmPauseMonitor (JvmPauseMonitor.java:run(188)) - Starting JVM pause monitor
2021-05-05 15:14:00,317 [Datanode State Machine Task Thread - 0] INFO  datanode.InitDatanodeState (InitDatanodeState.java:persistContainerDatanodeDetails(145)) - DatanodeDetails is persisted to /github/workspace/mnt/ozone/hadoop-ozone/integration-test/target/test-dir/MiniOzoneClusterImpl-c76e6b88-ed31-44d7-ac8c-51a305797015/datanode-6/meta/datanode.id
2021-05-05 15:14:00,330 [Listener at 127.0.0.1/33403] INFO  volume.HddsVolume (HddsVolume.java:<init>(176)) - Creating Volume: /github/workspace/mnt/ozone/hadoop-ozone/integration-test/target/test-dir/MiniOzoneClusterImpl-c76e6b88-ed31-44d7-ac8c-51a305797015/datanode-7/data-0/containers/hdds of storage type : DISK and capacity : 9223372036854775807
2021-05-05 15:14:00,330 [Listener at 127.0.0.1/33403] INFO  volume.MutableVolumeSet (MutableVolumeSet.java:initializeVolumeSet(195)) - Added Volume : /github/workspace/mnt/ozone/hadoop-ozone/integration-test/target/test-dir/MiniOzoneClusterImpl-c76e6b88-ed31-44d7-ac8c-51a305797015/datanode-7/data-0/containers/hdds to VolumeSet
2021-05-05 15:14:00,330 [Listener at 127.0.0.1/33403] INFO  volume.ThrottledAsyncChecker (ThrottledAsyncChecker.java:schedule(141)) - Scheduling a check for /github/workspace/mnt/ozone/hadoop-ozone/integration-test/target/test-dir/MiniOzoneClusterImpl-c76e6b88-ed31-44d7-ac8c-51a305797015/datanode-7/data-0/containers/hdds
2021-05-05 15:14:00,330 [Listener at 127.0.0.1/33403] INFO  volume.HddsVolumeChecker (HddsVolumeChecker.java:checkAllVolumes(200)) - Scheduled health check for volume /github/workspace/mnt/ozone/hadoop-ozone/integration-test/target/test-dir/MiniOzoneClusterImpl-c76e6b88-ed31-44d7-ac8c-51a305797015/datanode-7/data-0/containers/hdds
2021-05-05 15:14:00,342 [Listener at 127.0.0.1/33403] INFO  ozoneimpl.ContainerReader (ContainerReader.java:<init>(98)) - Running in upgrade mode:true
2021-05-05 15:14:00,343 [Thread-1703] INFO  ozoneimpl.ContainerReader (ContainerReader.java:readVolume(142)) - Start to verify containers on volume /github/workspace/mnt/ozone/hadoop-ozone/integration-test/target/test-dir/MiniOzoneClusterImpl-c76e6b88-ed31-44d7-ac8c-51a305797015/datanode-7/data-0/containers/hdds
2021-05-05 15:14:00,343 [Thread-1703] INFO  ozoneimpl.ContainerReader (ContainerReader.java:readVolume(174)) - Finish verifying containers on volume /github/workspace/mnt/ozone/hadoop-ozone/integration-test/target/test-dir/MiniOzoneClusterImpl-c76e6b88-ed31-44d7-ac8c-51a305797015/datanode-7/data-0/containers/hdds
2021-05-05 15:14:00,343 [Listener at 127.0.0.1/33403] INFO  ozoneimpl.OzoneContainer (OzoneContainer.java:buildContainerSet(225)) - Build ContainerSet costs 0s
2021-05-05 15:14:00,345 [Listener at 127.0.0.1/33403] INFO  server.RaftServer (ConfUtils.java:logGet(44)) - raft.rpc.type = GRPC (default)
2021-05-05 15:14:00,345 [Listener at 127.0.0.1/33403] INFO  grpc.GrpcFactory (GrpcFactory.java:checkPooledByteBufAllocatorUseCacheForAllThreads(48)) - PERFORMANCE WARNING: useCacheForAllThreads is true that may cause Netty to create a lot garbage objects and, as a result, trigger GC.
	It is recommended to disable useCacheForAllThreads by setting -Dorg.apache.ratis.thirdparty.io.netty.allocator.useCacheForAllThreads=false in command line.
2021-05-05 15:14:00,345 [Listener at 127.0.0.1/33403] INFO  grpc.GrpcConfigKeys (ConfUtils.java:logGet(44)) - raft.grpc.admin.port = 0 (custom)
2021-05-05 15:14:00,345 [Listener at 127.0.0.1/33403] INFO  grpc.GrpcConfigKeys (ConfUtils.java:logGet(44)) - raft.grpc.client.port = 0 (custom)
2021-05-05 15:14:00,345 [Listener at 127.0.0.1/33403] INFO  grpc.GrpcConfigKeys (ConfUtils.java:logGet(44)) - raft.grpc.server.port = 0 (default)
2021-05-05 15:14:00,345 [Listener at 127.0.0.1/33403] INFO  server.GrpcService (ConfUtils.java:logGet(44)) - raft.grpc.message.size.max = 32MB (=33554432) (custom)
2021-05-05 15:14:00,346 [Listener at 127.0.0.1/33403] INFO  server.RaftServerConfigKeys (ConfUtils.java:logGet(44)) - raft.server.log.appender.buffer.byte-limit = 33554432 (custom)
2021-05-05 15:14:00,346 [Listener at 127.0.0.1/33403] INFO  server.GrpcService (ConfUtils.java:logGet(44)) - raft.grpc.flow.control.window = 5MB (=5242880) (custom)
2021-05-05 15:14:00,346 [Listener at 127.0.0.1/33403] INFO  server.RaftServerConfigKeys (ConfUtils.java:logGet(44)) - raft.server.rpc.request.timeout = 3000ms (default)
2021-05-05 15:14:00,347 [Listener at 127.0.0.1/33403] INFO  impl.DataStreamServerImpl (ConfUtils.java:logGet(44)) - raft.datastream.type = DISABLED (default)
2021-05-05 15:14:00,347 [Listener at 127.0.0.1/33403] INFO  server.RaftServerConfigKeys (ConfUtils.java:logGet(44)) - raft.server.rpc.slowness.timeout = 300000ms (custom)
2021-05-05 15:14:00,347 [Listener at 127.0.0.1/33403] INFO  server.RaftServerConfigKeys (ConfUtils.java:logGet(44)) - raft.server.leaderelection.leader.step-down.wait-time = 10s (default)
2021-05-05 15:14:00,348 [Listener at 127.0.0.1/33403] INFO  server.RaftServerConfigKeys (ConfUtils.java:logGet(44)) - raft.server.storage.dir = [/github/workspace/mnt/ozone/hadoop-ozone/integration-test/target/test-dir/MiniOzoneClusterImpl-c76e6b88-ed31-44d7-ac8c-51a305797015/datanode-7/data/ratis] (custom)
2021-05-05 15:14:00,352 [Listener at 127.0.0.1/33403] INFO  http.BaseHttpServer (BaseHttpServer.java:newHttpServer2BuilderForOzone(207)) - Starting Web-server for hddsDatanode at: http://0.0.0.0:0
2021-05-05 15:14:00,352 [Listener at 127.0.0.1/33403] INFO  http.BaseHttpServer (BaseHttpServer.java:<init>(106)) - Hadoop Security Enabled: false Ozone Security Enabled: false Ozone HTTP Security Enabled: false 
2021-05-05 15:14:00,353 [Listener at 127.0.0.1/33403] INFO  server.AuthenticationFilter (AuthenticationFilter.java:constructSecretProvider(240)) - Unable to initialize FileSignerSecretProvider, falling back to use random secrets.
2021-05-05 15:14:00,353 [Listener at 127.0.0.1/33403] WARN  http.HttpRequestLog (HttpRequestLog.java:getRequestLog(103)) - Jetty request log can only be enabled using Log4j
2021-05-05 15:14:00,354 [Listener at 127.0.0.1/33403] INFO  http.HttpServer2 (HttpServer2.java:addGlobalFilter(1020)) - Added global filter 'safety' (class=org.apache.hadoop.hdds.server.http.HttpServer2$QuotingInputFilter)
2021-05-05 15:14:00,354 [Listener at 127.0.0.1/33403] INFO  http.HttpServer2 (HttpServer2.java:addFilter(996)) - Added filter static_user_filter (class=org.apache.hadoop.http.lib.StaticUserWebFilter$StaticUserFilter) to context hddsDatanode
2021-05-05 15:14:00,355 [Listener at 127.0.0.1/33403] INFO  http.HttpServer2 (HttpServer2.java:addFilter(1004)) - Added filter static_user_filter (class=org.apache.hadoop.http.lib.StaticUserWebFilter$StaticUserFilter) to context logs
2021-05-05 15:14:00,355 [Listener at 127.0.0.1/33403] INFO  http.HttpServer2 (HttpServer2.java:addFilter(1004)) - Added filter static_user_filter (class=org.apache.hadoop.http.lib.StaticUserWebFilter$StaticUserFilter) to context static
2021-05-05 15:14:00,355 [Listener at 127.0.0.1/33403] INFO  http.HttpServer2 (HttpServer2.java:bindListener(1238)) - Jetty bound to port 41809
2021-05-05 15:14:00,355 [Listener at 127.0.0.1/33403] INFO  server.Server (Server.java:doStart(375)) - jetty-9.4.35.v20201120; built: 2020-11-20T21:17:03.964Z; git: bdc54f03a5e0a7e280fab27f55c3c75ee8da89fb; jvm 1.8.0_232-b09
2021-05-05 15:14:00,357 [Listener at 127.0.0.1/33403] INFO  server.session (DefaultSessionIdManager.java:doStart(334)) - DefaultSessionIdManager workerName=node0
2021-05-05 15:14:00,357 [Listener at 127.0.0.1/33403] INFO  server.session (DefaultSessionIdManager.java:doStart(339)) - No SessionScavenger set, using defaults
2021-05-05 15:14:00,357 [Listener at 127.0.0.1/33403] INFO  server.session (HouseKeeper.java:startScavenging(132)) - node0 Scavenging every 600000ms
2021-05-05 15:14:00,358 [Listener at 127.0.0.1/33403] INFO  handler.ContextHandler (ContextHandler.java:doStart(916)) - Started o.e.j.s.ServletContextHandler@24a99b1c{logs,/logs,file:///github/workspace/mnt/ozone/hadoop-ozone/integration-test/target/log,AVAILABLE}
2021-05-05 15:14:00,358 [Listener at 127.0.0.1/33403] INFO  handler.ContextHandler (ContextHandler.java:doStart(916)) - Started o.e.j.s.ServletContextHandler@219cfe45{static,/static,jar:file:/home/user/.m2/repository/org/apache/hadoop/hadoop-hdds-container-service/1.2.0-SNAPSHOT/hadoop-hdds-container-service-1.2.0-SNAPSHOT.jar!/webapps/static,AVAILABLE}
2021-05-05 15:14:00,515 [Listener at 127.0.0.1/33403] INFO  handler.ContextHandler (ContextHandler.java:doStart(916)) - Started o.e.j.w.WebAppContext@6b906d88{hddsDatanode,/,file:///tmp/jetty-0_0_0_0-41809-hadoop-hdds-container-service-1_2_0-SNAPSHOT_jar-_-any-6156940326981730759/webapp/,AVAILABLE}{jar:file:/home/user/.m2/repository/org/apache/hadoop/hadoop-hdds-container-service/1.2.0-SNAPSHOT/hadoop-hdds-container-service-1.2.0-SNAPSHOT.jar!/webapps/hddsDatanode}
2021-05-05 15:14:00,517 [Listener at 127.0.0.1/33403] INFO  server.AbstractConnector (AbstractConnector.java:doStart(331)) - Started ServerConnector@281dfc79{HTTP/1.1, (http/1.1)}{0.0.0.0:41809}
2021-05-05 15:14:00,517 [Listener at 127.0.0.1/33403] INFO  server.Server (Server.java:doStart(415)) - Started @186218ms
2021-05-05 15:14:00,517 [Listener at 127.0.0.1/33403] WARN  impl.MetricsSystemImpl (MetricsSystemImpl.java:register(279)) - Sink prometheus already exists!
2021-05-05 15:14:00,520 [Listener at 127.0.0.1/33403] INFO  http.BaseHttpServer (BaseHttpServer.java:updateConnectorAddress(327)) - HTTP server of hddsDatanode listening at http://0.0.0.0:41809
2021-05-05 15:14:00,521 [Listener at 127.0.0.1/33403] INFO  impl.MetricsSystemImpl (MetricsSystemImpl.java:init(158)) - HddsDatanode metrics system started (again)
2021-05-05 15:14:00,524 [Listener at 127.0.0.1/33403] INFO  ozone.HddsDatanodeService (HddsDatanodeService.java:start(220)) - HddsDatanodeService host:d81b9af81a7a ip:172.17.0.2
2021-05-05 15:14:00,526 [org.apache.hadoop.util.JvmPauseMonitor$Monitor@46cb7d89] INFO  util.JvmPauseMonitor (JvmPauseMonitor.java:run(188)) - Starting JVM pause monitor
2021-05-05 15:14:00,526 [Datanode State Machine Task Thread - 0] INFO  datanode.InitDatanodeState (InitDatanodeState.java:persistContainerDatanodeDetails(145)) - DatanodeDetails is persisted to /github/workspace/mnt/ozone/hadoop-ozone/integration-test/target/test-dir/MiniOzoneClusterImpl-c76e6b88-ed31-44d7-ac8c-51a305797015/datanode-7/meta/datanode.id
2021-05-05 15:14:00,539 [Listener at 127.0.0.1/33403] INFO  volume.HddsVolume (HddsVolume.java:<init>(176)) - Creating Volume: /github/workspace/mnt/ozone/hadoop-ozone/integration-test/target/test-dir/MiniOzoneClusterImpl-c76e6b88-ed31-44d7-ac8c-51a305797015/datanode-8/data-0/containers/hdds of storage type : DISK and capacity : 9223372036854775807
2021-05-05 15:14:00,539 [Listener at 127.0.0.1/33403] INFO  volume.MutableVolumeSet (MutableVolumeSet.java:initializeVolumeSet(195)) - Added Volume : /github/workspace/mnt/ozone/hadoop-ozone/integration-test/target/test-dir/MiniOzoneClusterImpl-c76e6b88-ed31-44d7-ac8c-51a305797015/datanode-8/data-0/containers/hdds to VolumeSet
2021-05-05 15:14:00,539 [Listener at 127.0.0.1/33403] INFO  volume.ThrottledAsyncChecker (ThrottledAsyncChecker.java:schedule(141)) - Scheduling a check for /github/workspace/mnt/ozone/hadoop-ozone/integration-test/target/test-dir/MiniOzoneClusterImpl-c76e6b88-ed31-44d7-ac8c-51a305797015/datanode-8/data-0/containers/hdds
2021-05-05 15:14:00,540 [Listener at 127.0.0.1/33403] INFO  volume.HddsVolumeChecker (HddsVolumeChecker.java:checkAllVolumes(200)) - Scheduled health check for volume /github/workspace/mnt/ozone/hadoop-ozone/integration-test/target/test-dir/MiniOzoneClusterImpl-c76e6b88-ed31-44d7-ac8c-51a305797015/datanode-8/data-0/containers/hdds
2021-05-05 15:14:00,552 [Listener at 127.0.0.1/33403] INFO  ozoneimpl.ContainerReader (ContainerReader.java:<init>(98)) - Running in upgrade mode:true
2021-05-05 15:14:00,552 [Thread-1714] INFO  ozoneimpl.ContainerReader (ContainerReader.java:readVolume(142)) - Start to verify containers on volume /github/workspace/mnt/ozone/hadoop-ozone/integration-test/target/test-dir/MiniOzoneClusterImpl-c76e6b88-ed31-44d7-ac8c-51a305797015/datanode-8/data-0/containers/hdds
2021-05-05 15:14:00,552 [Thread-1714] INFO  ozoneimpl.ContainerReader (ContainerReader.java:readVolume(174)) - Finish verifying containers on volume /github/workspace/mnt/ozone/hadoop-ozone/integration-test/target/test-dir/MiniOzoneClusterImpl-c76e6b88-ed31-44d7-ac8c-51a305797015/datanode-8/data-0/containers/hdds
2021-05-05 15:14:00,553 [Listener at 127.0.0.1/33403] INFO  ozoneimpl.OzoneContainer (OzoneContainer.java:buildContainerSet(225)) - Build ContainerSet costs 0s
2021-05-05 15:14:00,554 [Listener at 127.0.0.1/33403] INFO  server.RaftServer (ConfUtils.java:logGet(44)) - raft.rpc.type = GRPC (default)
2021-05-05 15:14:00,554 [Listener at 127.0.0.1/33403] INFO  grpc.GrpcFactory (GrpcFactory.java:checkPooledByteBufAllocatorUseCacheForAllThreads(48)) - PERFORMANCE WARNING: useCacheForAllThreads is true that may cause Netty to create a lot garbage objects and, as a result, trigger GC.
	It is recommended to disable useCacheForAllThreads by setting -Dorg.apache.ratis.thirdparty.io.netty.allocator.useCacheForAllThreads=false in command line.
2021-05-05 15:14:00,554 [Listener at 127.0.0.1/33403] INFO  grpc.GrpcConfigKeys (ConfUtils.java:logGet(44)) - raft.grpc.admin.port = 0 (custom)
2021-05-05 15:14:00,554 [Listener at 127.0.0.1/33403] INFO  grpc.GrpcConfigKeys (ConfUtils.java:logGet(44)) - raft.grpc.client.port = 0 (custom)
2021-05-05 15:14:00,555 [Listener at 127.0.0.1/33403] INFO  grpc.GrpcConfigKeys (ConfUtils.java:logGet(44)) - raft.grpc.server.port = 0 (default)
2021-05-05 15:14:00,555 [Listener at 127.0.0.1/33403] INFO  server.GrpcService (ConfUtils.java:logGet(44)) - raft.grpc.message.size.max = 32MB (=33554432) (custom)
2021-05-05 15:14:00,555 [Listener at 127.0.0.1/33403] INFO  server.RaftServerConfigKeys (ConfUtils.java:logGet(44)) - raft.server.log.appender.buffer.byte-limit = 33554432 (custom)
2021-05-05 15:14:00,555 [Listener at 127.0.0.1/33403] INFO  server.GrpcService (ConfUtils.java:logGet(44)) - raft.grpc.flow.control.window = 5MB (=5242880) (custom)
2021-05-05 15:14:00,555 [Listener at 127.0.0.1/33403] INFO  server.RaftServerConfigKeys (ConfUtils.java:logGet(44)) - raft.server.rpc.request.timeout = 3000ms (default)
2021-05-05 15:14:00,556 [Listener at 127.0.0.1/33403] INFO  impl.DataStreamServerImpl (ConfUtils.java:logGet(44)) - raft.datastream.type = DISABLED (default)
2021-05-05 15:14:00,556 [Listener at 127.0.0.1/33403] INFO  server.RaftServerConfigKeys (ConfUtils.java:logGet(44)) - raft.server.rpc.slowness.timeout = 300000ms (custom)
2021-05-05 15:14:00,557 [Listener at 127.0.0.1/33403] INFO  server.RaftServerConfigKeys (ConfUtils.java:logGet(44)) - raft.server.leaderelection.leader.step-down.wait-time = 10s (default)
2021-05-05 15:14:00,557 [Listener at 127.0.0.1/33403] INFO  server.RaftServerConfigKeys (ConfUtils.java:logGet(44)) - raft.server.storage.dir = [/github/workspace/mnt/ozone/hadoop-ozone/integration-test/target/test-dir/MiniOzoneClusterImpl-c76e6b88-ed31-44d7-ac8c-51a305797015/datanode-8/data/ratis] (custom)
2021-05-05 15:14:00,612 [Listener at 127.0.0.1/33403] INFO  http.BaseHttpServer (BaseHttpServer.java:newHttpServer2BuilderForOzone(207)) - Starting Web-server for hddsDatanode at: http://0.0.0.0:0
2021-05-05 15:14:00,612 [Listener at 127.0.0.1/33403] INFO  http.BaseHttpServer (BaseHttpServer.java:<init>(106)) - Hadoop Security Enabled: false Ozone Security Enabled: false Ozone HTTP Security Enabled: false 
2021-05-05 15:14:00,613 [Listener at 127.0.0.1/33403] INFO  server.AuthenticationFilter (AuthenticationFilter.java:constructSecretProvider(240)) - Unable to initialize FileSignerSecretProvider, falling back to use random secrets.
2021-05-05 15:14:00,614 [Listener at 127.0.0.1/33403] WARN  http.HttpRequestLog (HttpRequestLog.java:getRequestLog(103)) - Jetty request log can only be enabled using Log4j
2021-05-05 15:14:00,615 [Listener at 127.0.0.1/33403] INFO  http.HttpServer2 (HttpServer2.java:addGlobalFilter(1020)) - Added global filter 'safety' (class=org.apache.hadoop.hdds.server.http.HttpServer2$QuotingInputFilter)
2021-05-05 15:14:00,615 [Listener at 127.0.0.1/33403] INFO  http.HttpServer2 (HttpServer2.java:addFilter(996)) - Added filter static_user_filter (class=org.apache.hadoop.http.lib.StaticUserWebFilter$StaticUserFilter) to context hddsDatanode
2021-05-05 15:14:00,615 [Listener at 127.0.0.1/33403] INFO  http.HttpServer2 (HttpServer2.java:addFilter(1004)) - Added filter static_user_filter (class=org.apache.hadoop.http.lib.StaticUserWebFilter$StaticUserFilter) to context logs
2021-05-05 15:14:00,616 [Listener at 127.0.0.1/33403] INFO  http.HttpServer2 (HttpServer2.java:addFilter(1004)) - Added filter static_user_filter (class=org.apache.hadoop.http.lib.StaticUserWebFilter$StaticUserFilter) to context static
2021-05-05 15:14:00,616 [Listener at 127.0.0.1/33403] INFO  http.HttpServer2 (HttpServer2.java:bindListener(1238)) - Jetty bound to port 35551
2021-05-05 15:14:00,616 [Listener at 127.0.0.1/33403] INFO  server.Server (Server.java:doStart(375)) - jetty-9.4.35.v20201120; built: 2020-11-20T21:17:03.964Z; git: bdc54f03a5e0a7e280fab27f55c3c75ee8da89fb; jvm 1.8.0_232-b09
2021-05-05 15:14:00,617 [Listener at 127.0.0.1/33403] INFO  server.session (DefaultSessionIdManager.java:doStart(334)) - DefaultSessionIdManager workerName=node0
2021-05-05 15:14:00,618 [Listener at 127.0.0.1/33403] INFO  server.session (DefaultSessionIdManager.java:doStart(339)) - No SessionScavenger set, using defaults
2021-05-05 15:14:00,618 [Listener at 127.0.0.1/33403] INFO  server.session (HouseKeeper.java:startScavenging(132)) - node0 Scavenging every 660000ms
2021-05-05 15:14:00,618 [Listener at 127.0.0.1/33403] INFO  handler.ContextHandler (ContextHandler.java:doStart(916)) - Started o.e.j.s.ServletContextHandler@8e41d4c{logs,/logs,file:///github/workspace/mnt/ozone/hadoop-ozone/integration-test/target/log,AVAILABLE}
2021-05-05 15:14:00,619 [Listener at 127.0.0.1/33403] INFO  handler.ContextHandler (ContextHandler.java:doStart(916)) - Started o.e.j.s.ServletContextHandler@68852b5{static,/static,jar:file:/home/user/.m2/repository/org/apache/hadoop/hadoop-hdds-container-service/1.2.0-SNAPSHOT/hadoop-hdds-container-service-1.2.0-SNAPSHOT.jar!/webapps/static,AVAILABLE}
2021-05-05 15:14:00,775 [Listener at 127.0.0.1/33403] INFO  handler.ContextHandler (ContextHandler.java:doStart(916)) - Started o.e.j.w.WebAppContext@2e7b57b3{hddsDatanode,/,file:///tmp/jetty-0_0_0_0-35551-hadoop-hdds-container-service-1_2_0-SNAPSHOT_jar-_-any-3980609358829690501/webapp/,AVAILABLE}{jar:file:/home/user/.m2/repository/org/apache/hadoop/hadoop-hdds-container-service/1.2.0-SNAPSHOT/hadoop-hdds-container-service-1.2.0-SNAPSHOT.jar!/webapps/hddsDatanode}
2021-05-05 15:14:00,779 [Listener at 127.0.0.1/33403] INFO  server.AbstractConnector (AbstractConnector.java:doStart(331)) - Started ServerConnector@5b5954bd{HTTP/1.1, (http/1.1)}{0.0.0.0:35551}
2021-05-05 15:14:00,779 [Listener at 127.0.0.1/33403] INFO  server.Server (Server.java:doStart(415)) - Started @186481ms
2021-05-05 15:14:00,780 [Listener at 127.0.0.1/33403] WARN  impl.MetricsSystemImpl (MetricsSystemImpl.java:register(279)) - Sink prometheus already exists!
2021-05-05 15:14:00,782 [Listener at 127.0.0.1/33403] INFO  http.BaseHttpServer (BaseHttpServer.java:updateConnectorAddress(327)) - HTTP server of hddsDatanode listening at http://0.0.0.0:35551
2021-05-05 15:14:00,783 [Listener at 127.0.0.1/33403] INFO  ozone.MiniOzoneClusterImpl (MiniOzoneClusterImpl.java:lambda$waitForClusterToBeReady$0(224)) - Waiting for nodes to be ready. Got 0 of 9 DN Heartbeats.
2021-05-05 15:14:00,783 [Listener at 127.0.0.1/33403] INFO  ozone.MiniOzoneClusterImpl (MiniOzoneClusterImpl.java:lambda$waitForClusterToBeReady$0(227)) - Waiting for cluster to exit safe mode
2021-05-05 15:14:00,783 [Listener at 127.0.0.1/33403] INFO  ozone.MiniOzoneClusterImpl (MiniOzoneClusterImpl.java:lambda$waitForClusterToBeReady$0(230)) - SCM became leader
2021-05-05 15:14:00,804 [org.apache.hadoop.util.JvmPauseMonitor$Monitor@34f41435] INFO  util.JvmPauseMonitor (JvmPauseMonitor.java:run(188)) - Starting JVM pause monitor
2021-05-05 15:14:00,806 [Datanode State Machine Task Thread - 0] INFO  datanode.InitDatanodeState (InitDatanodeState.java:persistContainerDatanodeDetails(145)) - DatanodeDetails is persisted to /github/workspace/mnt/ozone/hadoop-ozone/integration-test/target/test-dir/MiniOzoneClusterImpl-c76e6b88-ed31-44d7-ac8c-51a305797015/datanode-8/meta/datanode.id
2021-05-05 15:14:00,917 [EndpointStateMachine task thread for /0.0.0.0:34979 - 0 ] INFO  ozoneimpl.OzoneContainer (OzoneContainer.java:start(292)) - Attempting to start container services.
2021-05-05 15:14:00,917 [EndpointStateMachine task thread for /0.0.0.0:34979 - 0 ] INFO  ozoneimpl.OzoneContainer (OzoneContainer.java:startContainerScrub(238)) - Background container scanner has been disabled.
2021-05-05 15:14:00,917 [EndpointStateMachine task thread for /0.0.0.0:34979 - 0 ] INFO  replication.ReplicationServer (ReplicationServer.java:start(106)) - ReplicationServer is started using port 41063
2021-05-05 15:14:00,920 [EndpointStateMachine task thread for /0.0.0.0:34979 - 0 ] INFO  ratis.XceiverServerRatis (XceiverServerRatis.java:start(490)) - Starting XceiverServerRatis 8cc4f11c-26a9-4978-bb71-8737c51096c0
2021-05-05 15:14:00,920 [EndpointStateMachine task thread for /0.0.0.0:34979 - 0 ] INFO  server.RaftServer (RaftServerProxy.java:lambda$start$5(374)) - 8cc4f11c-26a9-4978-bb71-8737c51096c0: start RPC server
2021-05-05 15:14:00,921 [EndpointStateMachine task thread for /0.0.0.0:34979 - 0 ] INFO  server.GrpcService (GrpcService.java:startImpl(253)) - 8cc4f11c-26a9-4978-bb71-8737c51096c0: GrpcService started, listening on 34407
2021-05-05 15:14:00,921 [EndpointStateMachine task thread for /0.0.0.0:34979 - 0 ] INFO  ratis.XceiverServerRatis (XceiverServerRatis.java:getRealPort(511)) - XceiverServerRatis 8cc4f11c-26a9-4978-bb71-8737c51096c0 is started using port 34407 for RATIS
2021-05-05 15:14:00,921 [org.apache.ratis.util.JvmPauseMonitor$$Lambda$504/1672688893@36cf7933] INFO  util.JvmPauseMonitor (JvmPauseMonitor.java:run(103)) - JvmPauseMonitor-8cc4f11c-26a9-4978-bb71-8737c51096c0: Started
2021-05-05 15:14:00,921 [EndpointStateMachine task thread for /0.0.0.0:34979 - 0 ] INFO  ratis.XceiverServerRatis (XceiverServerRatis.java:getRealPort(511)) - XceiverServerRatis 8cc4f11c-26a9-4978-bb71-8737c51096c0 is started using port 34407 for RATIS_ADMIN
2021-05-05 15:14:00,921 [EndpointStateMachine task thread for /0.0.0.0:34979 - 0 ] INFO  ratis.XceiverServerRatis (XceiverServerRatis.java:getRealPort(511)) - XceiverServerRatis 8cc4f11c-26a9-4978-bb71-8737c51096c0 is started using port 34407 for RATIS_SERVER
2021-05-05 15:14:00,923 [EndpointStateMachine task thread for /0.0.0.0:34979 - 0 ] INFO  server.XceiverServerGrpc (XceiverServerGrpc.java:start(135)) - XceiverServerGrpc 8cc4f11c-26a9-4978-bb71-8737c51096c0 is started using port 35355
2021-05-05 15:14:01,131 [EndpointStateMachine task thread for /0.0.0.0:34979 - 0 ] INFO  ozoneimpl.OzoneContainer (OzoneContainer.java:start(292)) - Attempting to start container services.
2021-05-05 15:14:01,131 [EndpointStateMachine task thread for /0.0.0.0:34979 - 0 ] INFO  ozoneimpl.OzoneContainer (OzoneContainer.java:startContainerScrub(238)) - Background container scanner has been disabled.
2021-05-05 15:14:01,132 [EndpointStateMachine task thread for /0.0.0.0:34979 - 0 ] INFO  replication.ReplicationServer (ReplicationServer.java:start(106)) - ReplicationServer is started using port 39681
2021-05-05 15:14:01,135 [EndpointStateMachine task thread for /0.0.0.0:34979 - 0 ] INFO  ratis.XceiverServerRatis (XceiverServerRatis.java:start(490)) - Starting XceiverServerRatis a99b94f7-bcc3-419a-91d6-c5ca6fccf1ee
2021-05-05 15:14:01,136 [EndpointStateMachine task thread for /0.0.0.0:34979 - 0 ] INFO  server.RaftServer (RaftServerProxy.java:lambda$start$5(374)) - a99b94f7-bcc3-419a-91d6-c5ca6fccf1ee: start RPC server
2021-05-05 15:14:01,141 [EndpointStateMachine task thread for /0.0.0.0:34979 - 0 ] INFO  server.GrpcService (GrpcService.java:startImpl(253)) - a99b94f7-bcc3-419a-91d6-c5ca6fccf1ee: GrpcService started, listening on 44371
2021-05-05 15:14:01,145 [EndpointStateMachine task thread for /0.0.0.0:34979 - 0 ] INFO  ratis.XceiverServerRatis (XceiverServerRatis.java:getRealPort(511)) - XceiverServerRatis a99b94f7-bcc3-419a-91d6-c5ca6fccf1ee is started using port 44371 for RATIS
2021-05-05 15:14:01,145 [org.apache.ratis.util.JvmPauseMonitor$$Lambda$504/1672688893@15d981bf] INFO  util.JvmPauseMonitor (JvmPauseMonitor.java:run(103)) - JvmPauseMonitor-a99b94f7-bcc3-419a-91d6-c5ca6fccf1ee: Started
2021-05-05 15:14:01,145 [EndpointStateMachine task thread for /0.0.0.0:34979 - 0 ] INFO  ratis.XceiverServerRatis (XceiverServerRatis.java:getRealPort(511)) - XceiverServerRatis a99b94f7-bcc3-419a-91d6-c5ca6fccf1ee is started using port 44371 for RATIS_ADMIN
2021-05-05 15:14:01,146 [EndpointStateMachine task thread for /0.0.0.0:34979 - 0 ] INFO  ratis.XceiverServerRatis (XceiverServerRatis.java:getRealPort(511)) - XceiverServerRatis a99b94f7-bcc3-419a-91d6-c5ca6fccf1ee is started using port 44371 for RATIS_SERVER
2021-05-05 15:14:01,146 [EndpointStateMachine task thread for /0.0.0.0:34979 - 0 ] INFO  server.XceiverServerGrpc (XceiverServerGrpc.java:start(135)) - XceiverServerGrpc a99b94f7-bcc3-419a-91d6-c5ca6fccf1ee is started using port 37087
2021-05-05 15:14:01,379 [EndpointStateMachine task thread for /0.0.0.0:34979 - 0 ] INFO  ozoneimpl.OzoneContainer (OzoneContainer.java:start(292)) - Attempting to start container services.
2021-05-05 15:14:01,379 [EndpointStateMachine task thread for /0.0.0.0:34979 - 0 ] INFO  ozoneimpl.OzoneContainer (OzoneContainer.java:startContainerScrub(238)) - Background container scanner has been disabled.
2021-05-05 15:14:01,380 [EndpointStateMachine task thread for /0.0.0.0:34979 - 0 ] INFO  replication.ReplicationServer (ReplicationServer.java:start(106)) - ReplicationServer is started using port 42701
2021-05-05 15:14:01,381 [EndpointStateMachine task thread for /0.0.0.0:34979 - 0 ] INFO  ratis.XceiverServerRatis (XceiverServerRatis.java:start(490)) - Starting XceiverServerRatis c9225e55-1a9d-4728-b49d-cebf6a0677b3
2021-05-05 15:14:01,381 [EndpointStateMachine task thread for /0.0.0.0:34979 - 0 ] INFO  server.RaftServer (RaftServerProxy.java:lambda$start$5(374)) - c9225e55-1a9d-4728-b49d-cebf6a0677b3: start RPC server
2021-05-05 15:14:01,382 [EndpointStateMachine task thread for /0.0.0.0:34979 - 0 ] INFO  server.GrpcService (GrpcService.java:startImpl(253)) - c9225e55-1a9d-4728-b49d-cebf6a0677b3: GrpcService started, listening on 38287
2021-05-05 15:14:01,382 [EndpointStateMachine task thread for /0.0.0.0:34979 - 0 ] INFO  ratis.XceiverServerRatis (XceiverServerRatis.java:getRealPort(511)) - XceiverServerRatis c9225e55-1a9d-4728-b49d-cebf6a0677b3 is started using port 38287 for RATIS
2021-05-05 15:14:01,382 [org.apache.ratis.util.JvmPauseMonitor$$Lambda$504/1672688893@56905cdc] INFO  util.JvmPauseMonitor (JvmPauseMonitor.java:run(103)) - JvmPauseMonitor-c9225e55-1a9d-4728-b49d-cebf6a0677b3: Started
2021-05-05 15:14:01,382 [EndpointStateMachine task thread for /0.0.0.0:34979 - 0 ] INFO  ratis.XceiverServerRatis (XceiverServerRatis.java:getRealPort(511)) - XceiverServerRatis c9225e55-1a9d-4728-b49d-cebf6a0677b3 is started using port 38287 for RATIS_ADMIN
2021-05-05 15:14:01,382 [EndpointStateMachine task thread for /0.0.0.0:34979 - 0 ] INFO  ratis.XceiverServerRatis (XceiverServerRatis.java:getRealPort(511)) - XceiverServerRatis c9225e55-1a9d-4728-b49d-cebf6a0677b3 is started using port 38287 for RATIS_SERVER
2021-05-05 15:14:01,382 [EndpointStateMachine task thread for /0.0.0.0:34979 - 0 ] INFO  server.XceiverServerGrpc (XceiverServerGrpc.java:start(135)) - XceiverServerGrpc c9225e55-1a9d-4728-b49d-cebf6a0677b3 is started using port 36241
2021-05-05 15:14:01,597 [EndpointStateMachine task thread for /0.0.0.0:34979 - 0 ] INFO  ozoneimpl.OzoneContainer (OzoneContainer.java:start(292)) - Attempting to start container services.
2021-05-05 15:14:01,598 [EndpointStateMachine task thread for /0.0.0.0:34979 - 0 ] INFO  ozoneimpl.OzoneContainer (OzoneContainer.java:startContainerScrub(238)) - Background container scanner has been disabled.
2021-05-05 15:14:01,598 [EndpointStateMachine task thread for /0.0.0.0:34979 - 0 ] INFO  replication.ReplicationServer (ReplicationServer.java:start(106)) - ReplicationServer is started using port 44585
2021-05-05 15:14:01,599 [EndpointStateMachine task thread for /0.0.0.0:34979 - 0 ] INFO  ratis.XceiverServerRatis (XceiverServerRatis.java:start(490)) - Starting XceiverServerRatis 588c0cf1-2ab3-4f31-88e6-40c30440d309
2021-05-05 15:14:01,600 [EndpointStateMachine task thread for /0.0.0.0:34979 - 0 ] INFO  server.RaftServer (RaftServerProxy.java:lambda$start$5(374)) - 588c0cf1-2ab3-4f31-88e6-40c30440d309: start RPC server
2021-05-05 15:14:01,600 [EndpointStateMachine task thread for /0.0.0.0:34979 - 0 ] INFO  server.GrpcService (GrpcService.java:startImpl(253)) - 588c0cf1-2ab3-4f31-88e6-40c30440d309: GrpcService started, listening on 46273
2021-05-05 15:14:01,600 [EndpointStateMachine task thread for /0.0.0.0:34979 - 0 ] INFO  ratis.XceiverServerRatis (XceiverServerRatis.java:getRealPort(511)) - XceiverServerRatis 588c0cf1-2ab3-4f31-88e6-40c30440d309 is started using port 46273 for RATIS
2021-05-05 15:14:01,600 [org.apache.ratis.util.JvmPauseMonitor$$Lambda$504/1672688893@5e214cd2] INFO  util.JvmPauseMonitor (JvmPauseMonitor.java:run(103)) - JvmPauseMonitor-588c0cf1-2ab3-4f31-88e6-40c30440d309: Started
2021-05-05 15:14:01,600 [EndpointStateMachine task thread for /0.0.0.0:34979 - 0 ] INFO  ratis.XceiverServerRatis (XceiverServerRatis.java:getRealPort(511)) - XceiverServerRatis 588c0cf1-2ab3-4f31-88e6-40c30440d309 is started using port 46273 for RATIS_ADMIN
2021-05-05 15:14:01,600 [EndpointStateMachine task thread for /0.0.0.0:34979 - 0 ] INFO  ratis.XceiverServerRatis (XceiverServerRatis.java:getRealPort(511)) - XceiverServerRatis 588c0cf1-2ab3-4f31-88e6-40c30440d309 is started using port 46273 for RATIS_SERVER
2021-05-05 15:14:01,601 [EndpointStateMachine task thread for /0.0.0.0:34979 - 0 ] INFO  server.XceiverServerGrpc (XceiverServerGrpc.java:start(135)) - XceiverServerGrpc 588c0cf1-2ab3-4f31-88e6-40c30440d309 is started using port 42425
2021-05-05 15:14:01,783 [Listener at 127.0.0.1/33403] INFO  ozone.MiniOzoneClusterImpl (MiniOzoneClusterImpl.java:lambda$waitForClusterToBeReady$0(224)) - Waiting for nodes to be ready. Got 0 of 9 DN Heartbeats.
2021-05-05 15:14:01,784 [Listener at 127.0.0.1/33403] INFO  ozone.MiniOzoneClusterImpl (MiniOzoneClusterImpl.java:lambda$waitForClusterToBeReady$0(227)) - Waiting for cluster to exit safe mode
2021-05-05 15:14:01,784 [Listener at 127.0.0.1/33403] INFO  ozone.MiniOzoneClusterImpl (MiniOzoneClusterImpl.java:lambda$waitForClusterToBeReady$0(230)) - SCM became leader
2021-05-05 15:14:01,822 [EndpointStateMachine task thread for /0.0.0.0:34979 - 0 ] INFO  ozoneimpl.OzoneContainer (OzoneContainer.java:start(292)) - Attempting to start container services.
2021-05-05 15:14:01,822 [EndpointStateMachine task thread for /0.0.0.0:34979 - 0 ] INFO  ozoneimpl.OzoneContainer (OzoneContainer.java:startContainerScrub(238)) - Background container scanner has been disabled.
2021-05-05 15:14:01,823 [EndpointStateMachine task thread for /0.0.0.0:34979 - 0 ] INFO  replication.ReplicationServer (ReplicationServer.java:start(106)) - ReplicationServer is started using port 39975
2021-05-05 15:14:01,823 [EndpointStateMachine task thread for /0.0.0.0:34979 - 0 ] INFO  ratis.XceiverServerRatis (XceiverServerRatis.java:start(490)) - Starting XceiverServerRatis 89dd138e-de60-41fb-966a-8d68ccbfd781
2021-05-05 15:14:01,824 [EndpointStateMachine task thread for /0.0.0.0:34979 - 0 ] INFO  server.RaftServer (RaftServerProxy.java:lambda$start$5(374)) - 89dd138e-de60-41fb-966a-8d68ccbfd781: start RPC server
2021-05-05 15:14:01,824 [EndpointStateMachine task thread for /0.0.0.0:34979 - 0 ] INFO  server.GrpcService (GrpcService.java:startImpl(253)) - 89dd138e-de60-41fb-966a-8d68ccbfd781: GrpcService started, listening on 32835
2021-05-05 15:14:01,825 [EndpointStateMachine task thread for /0.0.0.0:34979 - 0 ] INFO  ratis.XceiverServerRatis (XceiverServerRatis.java:getRealPort(511)) - XceiverServerRatis 89dd138e-de60-41fb-966a-8d68ccbfd781 is started using port 32835 for RATIS
2021-05-05 15:14:01,825 [org.apache.ratis.util.JvmPauseMonitor$$Lambda$504/1672688893@70503450] INFO  util.JvmPauseMonitor (JvmPauseMonitor.java:run(103)) - JvmPauseMonitor-89dd138e-de60-41fb-966a-8d68ccbfd781: Started
2021-05-05 15:14:01,825 [EndpointStateMachine task thread for /0.0.0.0:34979 - 0 ] INFO  ratis.XceiverServerRatis (XceiverServerRatis.java:getRealPort(511)) - XceiverServerRatis 89dd138e-de60-41fb-966a-8d68ccbfd781 is started using port 32835 for RATIS_ADMIN
2021-05-05 15:14:01,825 [EndpointStateMachine task thread for /0.0.0.0:34979 - 0 ] INFO  ratis.XceiverServerRatis (XceiverServerRatis.java:getRealPort(511)) - XceiverServerRatis 89dd138e-de60-41fb-966a-8d68ccbfd781 is started using port 32835 for RATIS_SERVER
2021-05-05 15:14:01,825 [EndpointStateMachine task thread for /0.0.0.0:34979 - 0 ] INFO  server.XceiverServerGrpc (XceiverServerGrpc.java:start(135)) - XceiverServerGrpc 89dd138e-de60-41fb-966a-8d68ccbfd781 is started using port 42755
2021-05-05 15:14:02,090 [EndpointStateMachine task thread for /0.0.0.0:34979 - 0 ] INFO  ozoneimpl.OzoneContainer (OzoneContainer.java:start(292)) - Attempting to start container services.
2021-05-05 15:14:02,091 [EndpointStateMachine task thread for /0.0.0.0:34979 - 0 ] INFO  ozoneimpl.OzoneContainer (OzoneContainer.java:startContainerScrub(238)) - Background container scanner has been disabled.
2021-05-05 15:14:02,091 [EndpointStateMachine task thread for /0.0.0.0:34979 - 0 ] INFO  replication.ReplicationServer (ReplicationServer.java:start(106)) - ReplicationServer is started using port 38537
2021-05-05 15:14:02,092 [EndpointStateMachine task thread for /0.0.0.0:34979 - 0 ] INFO  ratis.XceiverServerRatis (XceiverServerRatis.java:start(490)) - Starting XceiverServerRatis 7ec8b880-4b6b-4ec3-8434-09a8711643ec
2021-05-05 15:14:02,095 [EndpointStateMachine task thread for /0.0.0.0:34979 - 0 ] INFO  server.RaftServer (RaftServerProxy.java:lambda$start$5(374)) - 7ec8b880-4b6b-4ec3-8434-09a8711643ec: start RPC server
2021-05-05 15:14:02,096 [EndpointStateMachine task thread for /0.0.0.0:34979 - 0 ] INFO  server.GrpcService (GrpcService.java:startImpl(253)) - 7ec8b880-4b6b-4ec3-8434-09a8711643ec: GrpcService started, listening on 33093
2021-05-05 15:14:02,096 [EndpointStateMachine task thread for /0.0.0.0:34979 - 0 ] INFO  ratis.XceiverServerRatis (XceiverServerRatis.java:getRealPort(511)) - XceiverServerRatis 7ec8b880-4b6b-4ec3-8434-09a8711643ec is started using port 33093 for RATIS
2021-05-05 15:14:02,096 [EndpointStateMachine task thread for /0.0.0.0:34979 - 0 ] INFO  ratis.XceiverServerRatis (XceiverServerRatis.java:getRealPort(511)) - XceiverServerRatis 7ec8b880-4b6b-4ec3-8434-09a8711643ec is started using port 33093 for RATIS_ADMIN
2021-05-05 15:14:02,096 [EndpointStateMachine task thread for /0.0.0.0:34979 - 0 ] INFO  ratis.XceiverServerRatis (XceiverServerRatis.java:getRealPort(511)) - XceiverServerRatis 7ec8b880-4b6b-4ec3-8434-09a8711643ec is started using port 33093 for RATIS_SERVER
2021-05-05 15:14:02,096 [org.apache.ratis.util.JvmPauseMonitor$$Lambda$504/1672688893@1406a76b] INFO  util.JvmPauseMonitor (JvmPauseMonitor.java:run(103)) - JvmPauseMonitor-7ec8b880-4b6b-4ec3-8434-09a8711643ec: Started
2021-05-05 15:14:02,096 [EndpointStateMachine task thread for /0.0.0.0:34979 - 0 ] INFO  server.XceiverServerGrpc (XceiverServerGrpc.java:start(135)) - XceiverServerGrpc 7ec8b880-4b6b-4ec3-8434-09a8711643ec is started using port 41679
2021-05-05 15:14:02,319 [EndpointStateMachine task thread for /0.0.0.0:34979 - 0 ] INFO  ozoneimpl.OzoneContainer (OzoneContainer.java:start(292)) - Attempting to start container services.
2021-05-05 15:14:02,319 [EndpointStateMachine task thread for /0.0.0.0:34979 - 0 ] INFO  ozoneimpl.OzoneContainer (OzoneContainer.java:startContainerScrub(238)) - Background container scanner has been disabled.
2021-05-05 15:14:02,320 [EndpointStateMachine task thread for /0.0.0.0:34979 - 0 ] INFO  replication.ReplicationServer (ReplicationServer.java:start(106)) - ReplicationServer is started using port 40581
2021-05-05 15:14:02,321 [EndpointStateMachine task thread for /0.0.0.0:34979 - 0 ] INFO  ratis.XceiverServerRatis (XceiverServerRatis.java:start(490)) - Starting XceiverServerRatis 3aae9554-9ce2-4940-80df-bab76ceffe99
2021-05-05 15:14:02,325 [EndpointStateMachine task thread for /0.0.0.0:34979 - 0 ] INFO  server.RaftServer (RaftServerProxy.java:lambda$start$5(374)) - 3aae9554-9ce2-4940-80df-bab76ceffe99: start RPC server
2021-05-05 15:14:02,325 [EndpointStateMachine task thread for /0.0.0.0:34979 - 0 ] INFO  server.GrpcService (GrpcService.java:startImpl(253)) - 3aae9554-9ce2-4940-80df-bab76ceffe99: GrpcService started, listening on 40809
2021-05-05 15:14:02,327 [EndpointStateMachine task thread for /0.0.0.0:34979 - 0 ] INFO  ratis.XceiverServerRatis (XceiverServerRatis.java:getRealPort(511)) - XceiverServerRatis 3aae9554-9ce2-4940-80df-bab76ceffe99 is started using port 40809 for RATIS
2021-05-05 15:14:02,327 [EndpointStateMachine task thread for /0.0.0.0:34979 - 0 ] INFO  ratis.XceiverServerRatis (XceiverServerRatis.java:getRealPort(511)) - XceiverServerRatis 3aae9554-9ce2-4940-80df-bab76ceffe99 is started using port 40809 for RATIS_ADMIN
2021-05-05 15:14:02,327 [EndpointStateMachine task thread for /0.0.0.0:34979 - 0 ] INFO  ratis.XceiverServerRatis (XceiverServerRatis.java:getRealPort(511)) - XceiverServerRatis 3aae9554-9ce2-4940-80df-bab76ceffe99 is started using port 40809 for RATIS_SERVER
2021-05-05 15:14:02,327 [EndpointStateMachine task thread for /0.0.0.0:34979 - 0 ] INFO  server.XceiverServerGrpc (XceiverServerGrpc.java:start(135)) - XceiverServerGrpc 3aae9554-9ce2-4940-80df-bab76ceffe99 is started using port 38757
2021-05-05 15:14:02,328 [org.apache.ratis.util.JvmPauseMonitor$$Lambda$504/1672688893@4a9e4f00] INFO  util.JvmPauseMonitor (JvmPauseMonitor.java:run(103)) - JvmPauseMonitor-3aae9554-9ce2-4940-80df-bab76ceffe99: Started
2021-05-05 15:14:02,528 [EndpointStateMachine task thread for /0.0.0.0:34979 - 0 ] INFO  ozoneimpl.OzoneContainer (OzoneContainer.java:start(292)) - Attempting to start container services.
2021-05-05 15:14:02,528 [EndpointStateMachine task thread for /0.0.0.0:34979 - 0 ] INFO  ozoneimpl.OzoneContainer (OzoneContainer.java:startContainerScrub(238)) - Background container scanner has been disabled.
2021-05-05 15:14:02,529 [EndpointStateMachine task thread for /0.0.0.0:34979 - 0 ] INFO  replication.ReplicationServer (ReplicationServer.java:start(106)) - ReplicationServer is started using port 36343
2021-05-05 15:14:02,530 [EndpointStateMachine task thread for /0.0.0.0:34979 - 0 ] INFO  ratis.XceiverServerRatis (XceiverServerRatis.java:start(490)) - Starting XceiverServerRatis ba91ce60-c1e0-470b-8f12-0816737cfb30
2021-05-05 15:14:02,531 [EndpointStateMachine task thread for /0.0.0.0:34979 - 0 ] INFO  server.RaftServer (RaftServerProxy.java:lambda$start$5(374)) - ba91ce60-c1e0-470b-8f12-0816737cfb30: start RPC server
2021-05-05 15:14:02,531 [EndpointStateMachine task thread for /0.0.0.0:34979 - 0 ] INFO  server.GrpcService (GrpcService.java:startImpl(253)) - ba91ce60-c1e0-470b-8f12-0816737cfb30: GrpcService started, listening on 37935
2021-05-05 15:14:02,532 [EndpointStateMachine task thread for /0.0.0.0:34979 - 0 ] INFO  ratis.XceiverServerRatis (XceiverServerRatis.java:getRealPort(511)) - XceiverServerRatis ba91ce60-c1e0-470b-8f12-0816737cfb30 is started using port 37935 for RATIS
2021-05-05 15:14:02,532 [EndpointStateMachine task thread for /0.0.0.0:34979 - 0 ] INFO  ratis.XceiverServerRatis (XceiverServerRatis.java:getRealPort(511)) - XceiverServerRatis ba91ce60-c1e0-470b-8f12-0816737cfb30 is started using port 37935 for RATIS_ADMIN
2021-05-05 15:14:02,532 [EndpointStateMachine task thread for /0.0.0.0:34979 - 0 ] INFO  ratis.XceiverServerRatis (XceiverServerRatis.java:getRealPort(511)) - XceiverServerRatis ba91ce60-c1e0-470b-8f12-0816737cfb30 is started using port 37935 for RATIS_SERVER
2021-05-05 15:14:02,532 [org.apache.ratis.util.JvmPauseMonitor$$Lambda$504/1672688893@38946a4e] INFO  util.JvmPauseMonitor (JvmPauseMonitor.java:run(103)) - JvmPauseMonitor-ba91ce60-c1e0-470b-8f12-0816737cfb30: Started
2021-05-05 15:14:02,532 [EndpointStateMachine task thread for /0.0.0.0:34979 - 0 ] INFO  server.XceiverServerGrpc (XceiverServerGrpc.java:start(135)) - XceiverServerGrpc ba91ce60-c1e0-470b-8f12-0816737cfb30 is started using port 43589
2021-05-05 15:14:02,784 [Listener at 127.0.0.1/33403] INFO  ozone.MiniOzoneClusterImpl (MiniOzoneClusterImpl.java:lambda$waitForClusterToBeReady$0(224)) - Waiting for nodes to be ready. Got 0 of 9 DN Heartbeats.
2021-05-05 15:14:02,784 [Listener at 127.0.0.1/33403] INFO  ozone.MiniOzoneClusterImpl (MiniOzoneClusterImpl.java:lambda$waitForClusterToBeReady$0(227)) - Waiting for cluster to exit safe mode
2021-05-05 15:14:02,784 [Listener at 127.0.0.1/33403] INFO  ozone.MiniOzoneClusterImpl (MiniOzoneClusterImpl.java:lambda$waitForClusterToBeReady$0(230)) - SCM became leader
2021-05-05 15:14:02,806 [EndpointStateMachine task thread for /0.0.0.0:34979 - 0 ] INFO  ozoneimpl.OzoneContainer (OzoneContainer.java:start(292)) - Attempting to start container services.
2021-05-05 15:14:02,806 [EndpointStateMachine task thread for /0.0.0.0:34979 - 0 ] INFO  ozoneimpl.OzoneContainer (OzoneContainer.java:startContainerScrub(238)) - Background container scanner has been disabled.
2021-05-05 15:14:02,807 [EndpointStateMachine task thread for /0.0.0.0:34979 - 0 ] INFO  replication.ReplicationServer (ReplicationServer.java:start(106)) - ReplicationServer is started using port 44717
2021-05-05 15:14:02,808 [EndpointStateMachine task thread for /0.0.0.0:34979 - 0 ] INFO  ratis.XceiverServerRatis (XceiverServerRatis.java:start(490)) - Starting XceiverServerRatis 84f014eb-0543-4c23-a581-806bb6567559
2021-05-05 15:14:02,808 [EndpointStateMachine task thread for /0.0.0.0:34979 - 0 ] INFO  server.RaftServer (RaftServerProxy.java:lambda$start$5(374)) - 84f014eb-0543-4c23-a581-806bb6567559: start RPC server
2021-05-05 15:14:02,811 [EndpointStateMachine task thread for /0.0.0.0:34979 - 0 ] INFO  server.GrpcService (GrpcService.java:startImpl(253)) - 84f014eb-0543-4c23-a581-806bb6567559: GrpcService started, listening on 43113
2021-05-05 15:14:02,812 [EndpointStateMachine task thread for /0.0.0.0:34979 - 0 ] INFO  ratis.XceiverServerRatis (XceiverServerRatis.java:getRealPort(511)) - XceiverServerRatis 84f014eb-0543-4c23-a581-806bb6567559 is started using port 43113 for RATIS
2021-05-05 15:14:02,812 [org.apache.ratis.util.JvmPauseMonitor$$Lambda$504/1672688893@4a060f36] INFO  util.JvmPauseMonitor (JvmPauseMonitor.java:run(103)) - JvmPauseMonitor-84f014eb-0543-4c23-a581-806bb6567559: Started
2021-05-05 15:14:02,812 [EndpointStateMachine task thread for /0.0.0.0:34979 - 0 ] INFO  ratis.XceiverServerRatis (XceiverServerRatis.java:getRealPort(511)) - XceiverServerRatis 84f014eb-0543-4c23-a581-806bb6567559 is started using port 43113 for RATIS_ADMIN
2021-05-05 15:14:02,812 [EndpointStateMachine task thread for /0.0.0.0:34979 - 0 ] INFO  ratis.XceiverServerRatis (XceiverServerRatis.java:getRealPort(511)) - XceiverServerRatis 84f014eb-0543-4c23-a581-806bb6567559 is started using port 43113 for RATIS_SERVER
2021-05-05 15:14:02,812 [EndpointStateMachine task thread for /0.0.0.0:34979 - 0 ] INFO  server.XceiverServerGrpc (XceiverServerGrpc.java:start(135)) - XceiverServerGrpc 84f014eb-0543-4c23-a581-806bb6567559 is started using port 46559
2021-05-05 15:14:02,913 [IPC Server handler 4 on default port 34979] INFO  net.NetworkTopologyImpl (NetworkTopologyImpl.java:add(112)) - Added a new node: /default-rack/8cc4f11c-26a9-4978-bb71-8737c51096c0
2021-05-05 15:14:02,914 [IPC Server handler 4 on default port 34979] INFO  node.SCMNodeManager (SCMNodeManager.java:register(348)) - Registered Data node : 8cc4f11c-26a9-4978-bb71-8737c51096c0{ip: 172.17.0.2, host: d81b9af81a7a, ports: [REPLICATION=41063, RATIS=34407, RATIS_ADMIN=34407, RATIS_SERVER=34407, STANDALONE=35355], networkLocation: /default-rack, certSerialId: null, persistedOpState: null, persistedOpStateExpiryEpochSec: 0}
2021-05-05 15:14:02,923 [EventQueue-NewNodeForNewNodeHandler] INFO  pipeline.BackgroundPipelineCreator (BackgroundPipelineCreatorV2.java:notifyEventTriggered(282)) - trigger a one-shot run on RatisPipelineUtilsThread.
2021-05-05 15:14:02,932 [EventQueue-NodeRegistrationContainerReportForContainerSafeModeRule] INFO  safemode.SCMSafeModeManager (SCMSafeModeManager.java:validateSafeModeExitRules(201)) - ContainerSafeModeRule rule is successfully validated
2021-05-05 15:14:02,932 [RatisPipelineUtilsThread - 0] INFO  pipeline.RatisPipelineProvider (RatisPipelineProvider.java:lambda$create$0(170)) - Sending CreatePipelineCommand for pipeline:PipelineID=05546f09-a1e7-4c23-bca1-b56e3f96e5e5 to datanode:8cc4f11c-26a9-4978-bb71-8737c51096c0
2021-05-05 15:14:02,933 [EventQueue-NodeRegistrationContainerReportForDataNodeSafeModeRule] INFO  safemode.SCMSafeModeManager (DataNodeSafeModeRule.java:process(71)) - SCM in safe mode. 1 DataNodes registered, 1 required.
2021-05-05 15:14:02,936 [RatisPipelineUtilsThread - 0] INFO  pipeline.PipelineStateManager (PipelineStateManagerV2Impl.java:addPipeline(101)) - Created pipeline Pipeline[ Id: 05546f09-a1e7-4c23-bca1-b56e3f96e5e5, Nodes: 8cc4f11c-26a9-4978-bb71-8737c51096c0{ip: 172.17.0.2, host: d81b9af81a7a, ports: [REPLICATION=41063, RATIS=34407, RATIS_ADMIN=34407, RATIS_SERVER=34407, STANDALONE=35355], networkLocation: /default-rack, certSerialId: null, persistedOpState: IN_SERVICE, persistedOpStateExpiryEpochSec: 0}, ReplicationConfig: RATIS/ONE, State:ALLOCATED, leaderId:, CreationTimestamp2021-05-05T15:14:02.932Z].
2021-05-05 15:14:02,936 [EventQueue-NodeRegistrationContainerReportForDataNodeSafeModeRule] INFO  safemode.SCMSafeModeManager (SCMSafeModeManager.java:validateSafeModeExitRules(201)) - DataNodeSafeModeRule rule is successfully validated
2021-05-05 15:14:02,936 [EventQueue-NodeRegistrationContainerReportForDataNodeSafeModeRule] INFO  safemode.SCMSafeModeManager (SCMSafeModeManager.java:completePreCheck(229)) - All SCM safe mode pre check rules have passed
2021-05-05 15:14:02,936 [EventQueue-NodeRegistrationContainerReportForDataNodeSafeModeRule] WARN  events.EventQueue (EventQueue.java:fireEvent(185)) - No event handler registered for event TypedEvent{payloadType=SafeModeStatus, name='Safe mode status'}
2021-05-05 15:14:02,936 [EventQueue-NodeRegistrationContainerReportForDataNodeSafeModeRule] INFO  ha.SCMContext (SCMContext.java:updateSafeModeStatus(147)) - Update SafeModeStatus from SafeModeStatus{safeModeStatus=true, preCheckPassed=false} to SafeModeStatus{safeModeStatus=true, preCheckPassed=true}.
2021-05-05 15:14:02,936 [EventQueue-NodeRegistrationContainerReportForDataNodeSafeModeRule] INFO  pipeline.BackgroundPipelineCreator (BackgroundPipelineCreatorV2.java:notifyEventTriggered(282)) - trigger a one-shot run on RatisPipelineUtilsThread.
2021-05-05 15:14:02,937 [RatisPipelineUtilsThread - 0] WARN  pipeline.PipelinePlacementPolicy (PipelinePlacementPolicy.java:filterViableNodes(149)) - Pipeline creation failed due to no sufficient healthy datanodes. Required 3. Found 1.
2021-05-05 15:14:02,937 [EventQueue-PipelineReportForOneReplicaPipelineSafeModeRule] INFO  safemode.SCMSafeModeManager (SCMSafeModeManager.java:validateSafeModeExitRules(201)) - AtleastOneDatanodeReportedRule rule is successfully validated
2021-05-05 15:14:03,128 [IPC Server handler 5 on default port 34979] INFO  net.NetworkTopologyImpl (NetworkTopologyImpl.java:add(112)) - Added a new node: /default-rack/a99b94f7-bcc3-419a-91d6-c5ca6fccf1ee
2021-05-05 15:14:03,129 [IPC Server handler 5 on default port 34979] INFO  node.SCMNodeManager (SCMNodeManager.java:register(348)) - Registered Data node : a99b94f7-bcc3-419a-91d6-c5ca6fccf1ee{ip: 172.17.0.2, host: d81b9af81a7a, ports: [REPLICATION=39681, RATIS=44371, RATIS_ADMIN=44371, RATIS_SERVER=44371, STANDALONE=37087], networkLocation: /default-rack, certSerialId: null, persistedOpState: null, persistedOpStateExpiryEpochSec: 0}
2021-05-05 15:14:03,129 [EventQueue-NewNodeForNewNodeHandler] INFO  pipeline.BackgroundPipelineCreator (BackgroundPipelineCreatorV2.java:notifyEventTriggered(282)) - trigger a one-shot run on RatisPipelineUtilsThread.
2021-05-05 15:14:03,129 [EventQueue-NodeRegistrationContainerReportForContainerSafeModeRule] INFO  safemode.SCMSafeModeManager (SCMSafeModeManager.java:validateSafeModeExitRules(201)) - ContainerSafeModeRule rule is successfully validated
2021-05-05 15:14:03,129 [EventQueue-NodeRegistrationContainerReportForDataNodeSafeModeRule] INFO  safemode.SCMSafeModeManager (SCMSafeModeManager.java:validateSafeModeExitRules(201)) - DataNodeSafeModeRule rule is successfully validated
2021-05-05 15:14:03,129 [EventQueue-PipelineReportForOneReplicaPipelineSafeModeRule] INFO  safemode.SCMSafeModeManager (SCMSafeModeManager.java:validateSafeModeExitRules(201)) - AtleastOneDatanodeReportedRule rule is successfully validated
2021-05-05 15:14:03,129 [RatisPipelineUtilsThread - 0] INFO  pipeline.RatisPipelineProvider (RatisPipelineProvider.java:lambda$create$0(170)) - Sending CreatePipelineCommand for pipeline:PipelineID=1d6913de-fc3d-4972-9de6-312b05c36f4a to datanode:a99b94f7-bcc3-419a-91d6-c5ca6fccf1ee
2021-05-05 15:14:03,130 [RatisPipelineUtilsThread - 0] INFO  pipeline.PipelineStateManager (PipelineStateManagerV2Impl.java:addPipeline(101)) - Created pipeline Pipeline[ Id: 1d6913de-fc3d-4972-9de6-312b05c36f4a, Nodes: a99b94f7-bcc3-419a-91d6-c5ca6fccf1ee{ip: 172.17.0.2, host: d81b9af81a7a, ports: [REPLICATION=39681, RATIS=44371, RATIS_ADMIN=44371, RATIS_SERVER=44371, STANDALONE=37087], networkLocation: /default-rack, certSerialId: null, persistedOpState: IN_SERVICE, persistedOpStateExpiryEpochSec: 0}, ReplicationConfig: RATIS/ONE, State:ALLOCATED, leaderId:, CreationTimestamp2021-05-05T15:14:03.129Z].
2021-05-05 15:14:03,130 [RatisPipelineUtilsThread - 0] WARN  pipeline.PipelinePlacementPolicy (PipelinePlacementPolicy.java:filterViableNodes(149)) - Pipeline creation failed due to no sufficient healthy datanodes. Required 3. Found 2.
2021-05-05 15:14:03,378 [IPC Server handler 6 on default port 34979] INFO  net.NetworkTopologyImpl (NetworkTopologyImpl.java:add(112)) - Added a new node: /default-rack/c9225e55-1a9d-4728-b49d-cebf6a0677b3
2021-05-05 15:14:03,378 [IPC Server handler 6 on default port 34979] INFO  node.SCMNodeManager (SCMNodeManager.java:register(348)) - Registered Data node : c9225e55-1a9d-4728-b49d-cebf6a0677b3{ip: 172.17.0.2, host: d81b9af81a7a, ports: [REPLICATION=42701, RATIS=38287, RATIS_ADMIN=38287, RATIS_SERVER=38287, STANDALONE=36241], networkLocation: /default-rack, certSerialId: null, persistedOpState: null, persistedOpStateExpiryEpochSec: 0}
2021-05-05 15:14:03,378 [EventQueue-NodeRegistrationContainerReportForContainerSafeModeRule] INFO  safemode.SCMSafeModeManager (SCMSafeModeManager.java:validateSafeModeExitRules(201)) - ContainerSafeModeRule rule is successfully validated
2021-05-05 15:14:03,378 [EventQueue-NewNodeForNewNodeHandler] INFO  pipeline.BackgroundPipelineCreator (BackgroundPipelineCreatorV2.java:notifyEventTriggered(282)) - trigger a one-shot run on RatisPipelineUtilsThread.
2021-05-05 15:14:03,378 [EventQueue-PipelineReportForOneReplicaPipelineSafeModeRule] INFO  safemode.SCMSafeModeManager (SCMSafeModeManager.java:validateSafeModeExitRules(201)) - AtleastOneDatanodeReportedRule rule is successfully validated
2021-05-05 15:14:03,378 [EventQueue-NodeRegistrationContainerReportForDataNodeSafeModeRule] INFO  safemode.SCMSafeModeManager (SCMSafeModeManager.java:validateSafeModeExitRules(201)) - DataNodeSafeModeRule rule is successfully validated
2021-05-05 15:14:03,379 [RatisPipelineUtilsThread - 0] INFO  pipeline.RatisPipelineProvider (RatisPipelineProvider.java:lambda$create$0(170)) - Sending CreatePipelineCommand for pipeline:PipelineID=ab19c863-e790-44a0-9343-674e8e270ee1 to datanode:c9225e55-1a9d-4728-b49d-cebf6a0677b3
2021-05-05 15:14:03,379 [RatisPipelineUtilsThread - 0] INFO  pipeline.PipelineStateManager (PipelineStateManagerV2Impl.java:addPipeline(101)) - Created pipeline Pipeline[ Id: ab19c863-e790-44a0-9343-674e8e270ee1, Nodes: c9225e55-1a9d-4728-b49d-cebf6a0677b3{ip: 172.17.0.2, host: d81b9af81a7a, ports: [REPLICATION=42701, RATIS=38287, RATIS_ADMIN=38287, RATIS_SERVER=38287, STANDALONE=36241], networkLocation: /default-rack, certSerialId: null, persistedOpState: IN_SERVICE, persistedOpStateExpiryEpochSec: 0}, ReplicationConfig: RATIS/ONE, State:ALLOCATED, leaderId:, CreationTimestamp2021-05-05T15:14:03.379Z].
2021-05-05 15:14:03,379 [RatisPipelineUtilsThread - 0] INFO  pipeline.RatisPipelineProvider (RatisPipelineProvider.java:lambda$create$0(170)) - Sending CreatePipelineCommand for pipeline:PipelineID=2dc2dbe7-ca3e-4d45-bdcb-bfcf83161046 to datanode:c9225e55-1a9d-4728-b49d-cebf6a0677b3
2021-05-05 15:14:03,379 [RatisPipelineUtilsThread - 0] INFO  pipeline.RatisPipelineProvider (RatisPipelineProvider.java:lambda$create$0(170)) - Sending CreatePipelineCommand for pipeline:PipelineID=2dc2dbe7-ca3e-4d45-bdcb-bfcf83161046 to datanode:a99b94f7-bcc3-419a-91d6-c5ca6fccf1ee
2021-05-05 15:14:03,379 [RatisPipelineUtilsThread - 0] INFO  pipeline.RatisPipelineProvider (RatisPipelineProvider.java:lambda$create$0(170)) - Sending CreatePipelineCommand for pipeline:PipelineID=2dc2dbe7-ca3e-4d45-bdcb-bfcf83161046 to datanode:8cc4f11c-26a9-4978-bb71-8737c51096c0
2021-05-05 15:14:03,380 [RatisPipelineUtilsThread - 0] INFO  pipeline.PipelineStateManager (PipelineStateManagerV2Impl.java:addPipeline(101)) - Created pipeline Pipeline[ Id: 2dc2dbe7-ca3e-4d45-bdcb-bfcf83161046, Nodes: c9225e55-1a9d-4728-b49d-cebf6a0677b3{ip: 172.17.0.2, host: d81b9af81a7a, ports: [REPLICATION=42701, RATIS=38287, RATIS_ADMIN=38287, RATIS_SERVER=38287, STANDALONE=36241], networkLocation: /default-rack, certSerialId: null, persistedOpState: IN_SERVICE, persistedOpStateExpiryEpochSec: 0}a99b94f7-bcc3-419a-91d6-c5ca6fccf1ee{ip: 172.17.0.2, host: d81b9af81a7a, ports: [REPLICATION=39681, RATIS=44371, RATIS_ADMIN=44371, RATIS_SERVER=44371, STANDALONE=37087], networkLocation: /default-rack, certSerialId: null, persistedOpState: IN_SERVICE, persistedOpStateExpiryEpochSec: 0}8cc4f11c-26a9-4978-bb71-8737c51096c0{ip: 172.17.0.2, host: d81b9af81a7a, ports: [REPLICATION=41063, RATIS=34407, RATIS_ADMIN=34407, RATIS_SERVER=34407, STANDALONE=35355], networkLocation: /default-rack, certSerialId: null, persistedOpState: IN_SERVICE, persistedOpStateExpiryEpochSec: 0}, ReplicationConfig: RATIS/THREE, State:ALLOCATED, leaderId:, CreationTimestamp2021-05-05T15:14:03.379Z].
2021-05-05 15:14:03,596 [IPC Server handler 2 on default port 34979] INFO  net.NetworkTopologyImpl (NetworkTopologyImpl.java:add(112)) - Added a new node: /default-rack/588c0cf1-2ab3-4f31-88e6-40c30440d309
2021-05-05 15:14:03,596 [IPC Server handler 2 on default port 34979] INFO  node.SCMNodeManager (SCMNodeManager.java:register(348)) - Registered Data node : 588c0cf1-2ab3-4f31-88e6-40c30440d309{ip: 172.17.0.2, host: d81b9af81a7a, ports: [REPLICATION=44585, RATIS=46273, RATIS_ADMIN=46273, RATIS_SERVER=46273, STANDALONE=42425], networkLocation: /default-rack, certSerialId: null, persistedOpState: null, persistedOpStateExpiryEpochSec: 0}
2021-05-05 15:14:03,597 [EventQueue-NodeRegistrationContainerReportForContainerSafeModeRule] INFO  safemode.SCMSafeModeManager (SCMSafeModeManager.java:validateSafeModeExitRules(201)) - ContainerSafeModeRule rule is successfully validated
2021-05-05 15:14:03,597 [EventQueue-NodeRegistrationContainerReportForDataNodeSafeModeRule] INFO  safemode.SCMSafeModeManager (SCMSafeModeManager.java:validateSafeModeExitRules(201)) - DataNodeSafeModeRule rule is successfully validated
2021-05-05 15:14:03,597 [EventQueue-PipelineReportForOneReplicaPipelineSafeModeRule] INFO  safemode.SCMSafeModeManager (SCMSafeModeManager.java:validateSafeModeExitRules(201)) - AtleastOneDatanodeReportedRule rule is successfully validated
2021-05-05 15:14:03,596 [EventQueue-NewNodeForNewNodeHandler] INFO  pipeline.BackgroundPipelineCreator (BackgroundPipelineCreatorV2.java:notifyEventTriggered(282)) - trigger a one-shot run on RatisPipelineUtilsThread.
2021-05-05 15:14:03,597 [RatisPipelineUtilsThread - 0] INFO  pipeline.RatisPipelineProvider (RatisPipelineProvider.java:lambda$create$0(170)) - Sending CreatePipelineCommand for pipeline:PipelineID=f0cbfb52-3c1c-42d5-823d-20b1db7269b1 to datanode:588c0cf1-2ab3-4f31-88e6-40c30440d309
2021-05-05 15:14:03,599 [RatisPipelineUtilsThread - 0] INFO  pipeline.PipelineStateManager (PipelineStateManagerV2Impl.java:addPipeline(101)) - Created pipeline Pipeline[ Id: f0cbfb52-3c1c-42d5-823d-20b1db7269b1, Nodes: 588c0cf1-2ab3-4f31-88e6-40c30440d309{ip: 172.17.0.2, host: d81b9af81a7a, ports: [REPLICATION=44585, RATIS=46273, RATIS_ADMIN=46273, RATIS_SERVER=46273, STANDALONE=42425], networkLocation: /default-rack, certSerialId: null, persistedOpState: IN_SERVICE, persistedOpStateExpiryEpochSec: 0}, ReplicationConfig: RATIS/ONE, State:ALLOCATED, leaderId:, CreationTimestamp2021-05-05T15:14:03.597Z].
2021-05-05 15:14:03,785 [Listener at 127.0.0.1/33403] INFO  ozone.MiniOzoneClusterImpl (MiniOzoneClusterImpl.java:lambda$waitForClusterToBeReady$0(224)) - Waiting for nodes to be ready. Got 4 of 9 DN Heartbeats.
2021-05-05 15:14:03,785 [Listener at 127.0.0.1/33403] INFO  ozone.MiniOzoneClusterImpl (MiniOzoneClusterImpl.java:lambda$waitForClusterToBeReady$0(227)) - Waiting for cluster to exit safe mode
2021-05-05 15:14:03,785 [Listener at 127.0.0.1/33403] INFO  ozone.MiniOzoneClusterImpl (MiniOzoneClusterImpl.java:lambda$waitForClusterToBeReady$0(230)) - SCM became leader
2021-05-05 15:14:03,820 [IPC Server handler 4 on default port 34979] INFO  net.NetworkTopologyImpl (NetworkTopologyImpl.java:add(112)) - Added a new node: /default-rack/89dd138e-de60-41fb-966a-8d68ccbfd781
2021-05-05 15:14:03,821 [IPC Server handler 4 on default port 34979] INFO  node.SCMNodeManager (SCMNodeManager.java:register(348)) - Registered Data node : 89dd138e-de60-41fb-966a-8d68ccbfd781{ip: 172.17.0.2, host: d81b9af81a7a, ports: [REPLICATION=39975, RATIS=32835, RATIS_ADMIN=32835, RATIS_SERVER=32835, STANDALONE=42755], networkLocation: /default-rack, certSerialId: null, persistedOpState: null, persistedOpStateExpiryEpochSec: 0}
2021-05-05 15:14:03,821 [EventQueue-NewNodeForNewNodeHandler] INFO  pipeline.BackgroundPipelineCreator (BackgroundPipelineCreatorV2.java:notifyEventTriggered(282)) - trigger a one-shot run on RatisPipelineUtilsThread.
2021-05-05 15:14:03,821 [EventQueue-NodeRegistrationContainerReportForContainerSafeModeRule] INFO  safemode.SCMSafeModeManager (SCMSafeModeManager.java:validateSafeModeExitRules(201)) - ContainerSafeModeRule rule is successfully validated
2021-05-05 15:14:03,821 [EventQueue-PipelineReportForOneReplicaPipelineSafeModeRule] INFO  safemode.SCMSafeModeManager (SCMSafeModeManager.java:validateSafeModeExitRules(201)) - AtleastOneDatanodeReportedRule rule is successfully validated
2021-05-05 15:14:03,821 [EventQueue-NodeRegistrationContainerReportForDataNodeSafeModeRule] INFO  safemode.SCMSafeModeManager (SCMSafeModeManager.java:validateSafeModeExitRules(201)) - DataNodeSafeModeRule rule is successfully validated
2021-05-05 15:14:03,821 [RatisPipelineUtilsThread - 0] INFO  pipeline.RatisPipelineProvider (RatisPipelineProvider.java:lambda$create$0(170)) - Sending CreatePipelineCommand for pipeline:PipelineID=6924b6a5-a559-48ae-92e3-5312536de4e5 to datanode:89dd138e-de60-41fb-966a-8d68ccbfd781
2021-05-05 15:14:03,822 [RatisPipelineUtilsThread - 0] INFO  pipeline.PipelineStateManager (PipelineStateManagerV2Impl.java:addPipeline(101)) - Created pipeline Pipeline[ Id: 6924b6a5-a559-48ae-92e3-5312536de4e5, Nodes: 89dd138e-de60-41fb-966a-8d68ccbfd781{ip: 172.17.0.2, host: d81b9af81a7a, ports: [REPLICATION=39975, RATIS=32835, RATIS_ADMIN=32835, RATIS_SERVER=32835, STANDALONE=42755], networkLocation: /default-rack, certSerialId: null, persistedOpState: IN_SERVICE, persistedOpStateExpiryEpochSec: 0}, ReplicationConfig: RATIS/ONE, State:ALLOCATED, leaderId:, CreationTimestamp2021-05-05T15:14:03.821Z].
2021-05-05 15:14:04,090 [IPC Server handler 5 on default port 34979] INFO  net.NetworkTopologyImpl (NetworkTopologyImpl.java:add(112)) - Added a new node: /default-rack/7ec8b880-4b6b-4ec3-8434-09a8711643ec
2021-05-05 15:14:04,090 [IPC Server handler 5 on default port 34979] INFO  node.SCMNodeManager (SCMNodeManager.java:register(348)) - Registered Data node : 7ec8b880-4b6b-4ec3-8434-09a8711643ec{ip: 172.17.0.2, host: d81b9af81a7a, ports: [REPLICATION=38537, RATIS=33093, RATIS_ADMIN=33093, RATIS_SERVER=33093, STANDALONE=41679], networkLocation: /default-rack, certSerialId: null, persistedOpState: null, persistedOpStateExpiryEpochSec: 0}
2021-05-05 15:14:04,090 [EventQueue-NewNodeForNewNodeHandler] INFO  pipeline.BackgroundPipelineCreator (BackgroundPipelineCreatorV2.java:notifyEventTriggered(282)) - trigger a one-shot run on RatisPipelineUtilsThread.
2021-05-05 15:14:04,090 [EventQueue-NodeRegistrationContainerReportForDataNodeSafeModeRule] INFO  safemode.SCMSafeModeManager (SCMSafeModeManager.java:validateSafeModeExitRules(201)) - DataNodeSafeModeRule rule is successfully validated
2021-05-05 15:14:04,090 [EventQueue-NodeRegistrationContainerReportForContainerSafeModeRule] INFO  safemode.SCMSafeModeManager (SCMSafeModeManager.java:validateSafeModeExitRules(201)) - ContainerSafeModeRule rule is successfully validated
2021-05-05 15:14:04,090 [EventQueue-PipelineReportForOneReplicaPipelineSafeModeRule] INFO  safemode.SCMSafeModeManager (SCMSafeModeManager.java:validateSafeModeExitRules(201)) - AtleastOneDatanodeReportedRule rule is successfully validated
2021-05-05 15:14:04,091 [RatisPipelineUtilsThread - 0] INFO  pipeline.RatisPipelineProvider (RatisPipelineProvider.java:lambda$create$0(170)) - Sending CreatePipelineCommand for pipeline:PipelineID=1ce5c1af-807b-488f-92e4-71f27519f4b4 to datanode:7ec8b880-4b6b-4ec3-8434-09a8711643ec
2021-05-05 15:14:04,092 [RatisPipelineUtilsThread - 0] INFO  pipeline.PipelineStateManager (PipelineStateManagerV2Impl.java:addPipeline(101)) - Created pipeline Pipeline[ Id: 1ce5c1af-807b-488f-92e4-71f27519f4b4, Nodes: 7ec8b880-4b6b-4ec3-8434-09a8711643ec{ip: 172.17.0.2, host: d81b9af81a7a, ports: [REPLICATION=38537, RATIS=33093, RATIS_ADMIN=33093, RATIS_SERVER=33093, STANDALONE=41679], networkLocation: /default-rack, certSerialId: null, persistedOpState: IN_SERVICE, persistedOpStateExpiryEpochSec: 0}, ReplicationConfig: RATIS/ONE, State:ALLOCATED, leaderId:, CreationTimestamp2021-05-05T15:14:04.091Z].
2021-05-05 15:14:04,093 [RatisPipelineUtilsThread - 0] INFO  pipeline.RatisPipelineProvider (RatisPipelineProvider.java:lambda$create$0(170)) - Sending CreatePipelineCommand for pipeline:PipelineID=03d84a71-6970-4bc3-a5b0-ec4ff14613b3 to datanode:7ec8b880-4b6b-4ec3-8434-09a8711643ec
2021-05-05 15:14:04,093 [RatisPipelineUtilsThread - 0] INFO  pipeline.RatisPipelineProvider (RatisPipelineProvider.java:lambda$create$0(170)) - Sending CreatePipelineCommand for pipeline:PipelineID=03d84a71-6970-4bc3-a5b0-ec4ff14613b3 to datanode:588c0cf1-2ab3-4f31-88e6-40c30440d309
2021-05-05 15:14:04,093 [RatisPipelineUtilsThread - 0] INFO  pipeline.RatisPipelineProvider (RatisPipelineProvider.java:lambda$create$0(170)) - Sending CreatePipelineCommand for pipeline:PipelineID=03d84a71-6970-4bc3-a5b0-ec4ff14613b3 to datanode:89dd138e-de60-41fb-966a-8d68ccbfd781
2021-05-05 15:14:04,093 [RatisPipelineUtilsThread - 0] INFO  pipeline.PipelineStateManager (PipelineStateManagerV2Impl.java:addPipeline(101)) - Created pipeline Pipeline[ Id: 03d84a71-6970-4bc3-a5b0-ec4ff14613b3, Nodes: 7ec8b880-4b6b-4ec3-8434-09a8711643ec{ip: 172.17.0.2, host: d81b9af81a7a, ports: [REPLICATION=38537, RATIS=33093, RATIS_ADMIN=33093, RATIS_SERVER=33093, STANDALONE=41679], networkLocation: /default-rack, certSerialId: null, persistedOpState: IN_SERVICE, persistedOpStateExpiryEpochSec: 0}588c0cf1-2ab3-4f31-88e6-40c30440d309{ip: 172.17.0.2, host: d81b9af81a7a, ports: [REPLICATION=44585, RATIS=46273, RATIS_ADMIN=46273, RATIS_SERVER=46273, STANDALONE=42425], networkLocation: /default-rack, certSerialId: null, persistedOpState: IN_SERVICE, persistedOpStateExpiryEpochSec: 0}89dd138e-de60-41fb-966a-8d68ccbfd781{ip: 172.17.0.2, host: d81b9af81a7a, ports: [REPLICATION=39975, RATIS=32835, RATIS_ADMIN=32835, RATIS_SERVER=32835, STANDALONE=42755], networkLocation: /default-rack, certSerialId: null, persistedOpState: IN_SERVICE, persistedOpStateExpiryEpochSec: 0}, ReplicationConfig: RATIS/THREE, State:ALLOCATED, leaderId:, CreationTimestamp2021-05-05T15:14:04.093Z].
2021-05-05 15:14:04,316 [IPC Server handler 6 on default port 34979] INFO  net.NetworkTopologyImpl (NetworkTopologyImpl.java:add(112)) - Added a new node: /default-rack/3aae9554-9ce2-4940-80df-bab76ceffe99
2021-05-05 15:14:04,316 [IPC Server handler 6 on default port 34979] INFO  node.SCMNodeManager (SCMNodeManager.java:register(348)) - Registered Data node : 3aae9554-9ce2-4940-80df-bab76ceffe99{ip: 172.17.0.2, host: d81b9af81a7a, ports: [REPLICATION=40581, RATIS=40809, RATIS_ADMIN=40809, RATIS_SERVER=40809, STANDALONE=38757], networkLocation: /default-rack, certSerialId: null, persistedOpState: null, persistedOpStateExpiryEpochSec: 0}
2021-05-05 15:14:04,316 [EventQueue-NewNodeForNewNodeHandler] INFO  pipeline.BackgroundPipelineCreator (BackgroundPipelineCreatorV2.java:notifyEventTriggered(282)) - trigger a one-shot run on RatisPipelineUtilsThread.
2021-05-05 15:14:04,317 [EventQueue-NodeRegistrationContainerReportForContainerSafeModeRule] INFO  safemode.SCMSafeModeManager (SCMSafeModeManager.java:validateSafeModeExitRules(201)) - ContainerSafeModeRule rule is successfully validated
2021-05-05 15:14:04,317 [RatisPipelineUtilsThread - 0] INFO  pipeline.RatisPipelineProvider (RatisPipelineProvider.java:lambda$create$0(170)) - Sending CreatePipelineCommand for pipeline:PipelineID=330bab0d-bc3e-47dd-bc50-1c435d73cd00 to datanode:3aae9554-9ce2-4940-80df-bab76ceffe99
2021-05-05 15:14:04,317 [RatisPipelineUtilsThread - 0] INFO  pipeline.PipelineStateManager (PipelineStateManagerV2Impl.java:addPipeline(101)) - Created pipeline Pipeline[ Id: 330bab0d-bc3e-47dd-bc50-1c435d73cd00, Nodes: 3aae9554-9ce2-4940-80df-bab76ceffe99{ip: 172.17.0.2, host: d81b9af81a7a, ports: [REPLICATION=40581, RATIS=40809, RATIS_ADMIN=40809, RATIS_SERVER=40809, STANDALONE=38757], networkLocation: /default-rack, certSerialId: null, persistedOpState: IN_SERVICE, persistedOpStateExpiryEpochSec: 0}, ReplicationConfig: RATIS/ONE, State:ALLOCATED, leaderId:, CreationTimestamp2021-05-05T15:14:04.317Z].
2021-05-05 15:14:04,317 [EventQueue-NodeRegistrationContainerReportForDataNodeSafeModeRule] INFO  safemode.SCMSafeModeManager (SCMSafeModeManager.java:validateSafeModeExitRules(201)) - DataNodeSafeModeRule rule is successfully validated
2021-05-05 15:14:04,318 [EventQueue-PipelineReportForOneReplicaPipelineSafeModeRule] INFO  safemode.SCMSafeModeManager (SCMSafeModeManager.java:validateSafeModeExitRules(201)) - AtleastOneDatanodeReportedRule rule is successfully validated
2021-05-05 15:14:04,526 [IPC Server handler 0 on default port 34979] INFO  net.NetworkTopologyImpl (NetworkTopologyImpl.java:add(112)) - Added a new node: /default-rack/ba91ce60-c1e0-470b-8f12-0816737cfb30
2021-05-05 15:14:04,526 [IPC Server handler 0 on default port 34979] INFO  node.SCMNodeManager (SCMNodeManager.java:register(348)) - Registered Data node : ba91ce60-c1e0-470b-8f12-0816737cfb30{ip: 172.17.0.2, host: d81b9af81a7a, ports: [REPLICATION=36343, RATIS=37935, RATIS_ADMIN=37935, RATIS_SERVER=37935, STANDALONE=43589], networkLocation: /default-rack, certSerialId: null, persistedOpState: null, persistedOpStateExpiryEpochSec: 0}
2021-05-05 15:14:04,526 [EventQueue-NodeRegistrationContainerReportForContainerSafeModeRule] INFO  safemode.SCMSafeModeManager (SCMSafeModeManager.java:validateSafeModeExitRules(201)) - ContainerSafeModeRule rule is successfully validated
2021-05-05 15:14:04,526 [EventQueue-NodeRegistrationContainerReportForDataNodeSafeModeRule] INFO  safemode.SCMSafeModeManager (SCMSafeModeManager.java:validateSafeModeExitRules(201)) - DataNodeSafeModeRule rule is successfully validated
2021-05-05 15:14:04,526 [EventQueue-PipelineReportForOneReplicaPipelineSafeModeRule] INFO  safemode.SCMSafeModeManager (SCMSafeModeManager.java:validateSafeModeExitRules(201)) - AtleastOneDatanodeReportedRule rule is successfully validated
2021-05-05 15:14:04,526 [EventQueue-NewNodeForNewNodeHandler] INFO  pipeline.BackgroundPipelineCreator (BackgroundPipelineCreatorV2.java:notifyEventTriggered(282)) - trigger a one-shot run on RatisPipelineUtilsThread.
2021-05-05 15:14:04,529 [RatisPipelineUtilsThread - 0] INFO  pipeline.RatisPipelineProvider (RatisPipelineProvider.java:lambda$create$0(170)) - Sending CreatePipelineCommand for pipeline:PipelineID=b0fc7138-dfef-4860-a2a3-c60ed51e1479 to datanode:ba91ce60-c1e0-470b-8f12-0816737cfb30
2021-05-05 15:14:04,530 [RatisPipelineUtilsThread - 0] INFO  pipeline.PipelineStateManager (PipelineStateManagerV2Impl.java:addPipeline(101)) - Created pipeline Pipeline[ Id: b0fc7138-dfef-4860-a2a3-c60ed51e1479, Nodes: ba91ce60-c1e0-470b-8f12-0816737cfb30{ip: 172.17.0.2, host: d81b9af81a7a, ports: [REPLICATION=36343, RATIS=37935, RATIS_ADMIN=37935, RATIS_SERVER=37935, STANDALONE=43589], networkLocation: /default-rack, certSerialId: null, persistedOpState: IN_SERVICE, persistedOpStateExpiryEpochSec: 0}, ReplicationConfig: RATIS/ONE, State:ALLOCATED, leaderId:, CreationTimestamp2021-05-05T15:14:04.529Z].
2021-05-05 15:14:04,785 [Listener at 127.0.0.1/33403] INFO  ozone.MiniOzoneClusterImpl (MiniOzoneClusterImpl.java:lambda$waitForClusterToBeReady$0(224)) - Waiting for nodes to be ready. Got 8 of 9 DN Heartbeats.
2021-05-05 15:14:04,786 [Listener at 127.0.0.1/33403] INFO  ozone.MiniOzoneClusterImpl (MiniOzoneClusterImpl.java:lambda$waitForClusterToBeReady$0(227)) - Waiting for cluster to exit safe mode
2021-05-05 15:14:04,786 [Listener at 127.0.0.1/33403] INFO  ozone.MiniOzoneClusterImpl (MiniOzoneClusterImpl.java:lambda$waitForClusterToBeReady$0(230)) - SCM became leader
2021-05-05 15:14:04,804 [IPC Server handler 4 on default port 34979] INFO  net.NetworkTopologyImpl (NetworkTopologyImpl.java:add(112)) - Added a new node: /default-rack/84f014eb-0543-4c23-a581-806bb6567559
2021-05-05 15:14:04,805 [IPC Server handler 4 on default port 34979] INFO  node.SCMNodeManager (SCMNodeManager.java:register(348)) - Registered Data node : 84f014eb-0543-4c23-a581-806bb6567559{ip: 172.17.0.2, host: d81b9af81a7a, ports: [REPLICATION=44717, RATIS=43113, RATIS_ADMIN=43113, RATIS_SERVER=43113, STANDALONE=46559], networkLocation: /default-rack, certSerialId: null, persistedOpState: null, persistedOpStateExpiryEpochSec: 0}
2021-05-05 15:14:04,805 [EventQueue-NodeRegistrationContainerReportForDataNodeSafeModeRule] INFO  safemode.SCMSafeModeManager (SCMSafeModeManager.java:validateSafeModeExitRules(201)) - DataNodeSafeModeRule rule is successfully validated
2021-05-05 15:14:04,805 [EventQueue-NodeRegistrationContainerReportForContainerSafeModeRule] INFO  safemode.SCMSafeModeManager (SCMSafeModeManager.java:validateSafeModeExitRules(201)) - ContainerSafeModeRule rule is successfully validated
2021-05-05 15:14:04,805 [EventQueue-PipelineReportForOneReplicaPipelineSafeModeRule] INFO  safemode.SCMSafeModeManager (SCMSafeModeManager.java:validateSafeModeExitRules(201)) - AtleastOneDatanodeReportedRule rule is successfully validated
2021-05-05 15:14:04,805 [EventQueue-NewNodeForNewNodeHandler] INFO  pipeline.BackgroundPipelineCreator (BackgroundPipelineCreatorV2.java:notifyEventTriggered(282)) - trigger a one-shot run on RatisPipelineUtilsThread.
2021-05-05 15:14:04,806 [RatisPipelineUtilsThread - 0] INFO  pipeline.RatisPipelineProvider (RatisPipelineProvider.java:lambda$create$0(170)) - Sending CreatePipelineCommand for pipeline:PipelineID=ded032a8-b89c-46d0-91c7-c2de9598cdd8 to datanode:84f014eb-0543-4c23-a581-806bb6567559
2021-05-05 15:14:04,807 [RatisPipelineUtilsThread - 0] INFO  pipeline.PipelineStateManager (PipelineStateManagerV2Impl.java:addPipeline(101)) - Created pipeline Pipeline[ Id: ded032a8-b89c-46d0-91c7-c2de9598cdd8, Nodes: 84f014eb-0543-4c23-a581-806bb6567559{ip: 172.17.0.2, host: d81b9af81a7a, ports: [REPLICATION=44717, RATIS=43113, RATIS_ADMIN=43113, RATIS_SERVER=43113, STANDALONE=46559], networkLocation: /default-rack, certSerialId: null, persistedOpState: IN_SERVICE, persistedOpStateExpiryEpochSec: 0}, ReplicationConfig: RATIS/ONE, State:ALLOCATED, leaderId:, CreationTimestamp2021-05-05T15:14:04.806Z].
2021-05-05 15:14:04,807 [RatisPipelineUtilsThread - 0] INFO  pipeline.RatisPipelineProvider (RatisPipelineProvider.java:lambda$create$0(170)) - Sending CreatePipelineCommand for pipeline:PipelineID=fcc5943e-3b03-440e-9901-1bedc8ed2755 to datanode:3aae9554-9ce2-4940-80df-bab76ceffe99
2021-05-05 15:14:04,807 [RatisPipelineUtilsThread - 0] INFO  pipeline.RatisPipelineProvider (RatisPipelineProvider.java:lambda$create$0(170)) - Sending CreatePipelineCommand for pipeline:PipelineID=fcc5943e-3b03-440e-9901-1bedc8ed2755 to datanode:84f014eb-0543-4c23-a581-806bb6567559
2021-05-05 15:14:04,807 [RatisPipelineUtilsThread - 0] INFO  pipeline.RatisPipelineProvider (RatisPipelineProvider.java:lambda$create$0(170)) - Sending CreatePipelineCommand for pipeline:PipelineID=fcc5943e-3b03-440e-9901-1bedc8ed2755 to datanode:ba91ce60-c1e0-470b-8f12-0816737cfb30
2021-05-05 15:14:04,807 [RatisPipelineUtilsThread - 0] INFO  pipeline.PipelineStateManager (PipelineStateManagerV2Impl.java:addPipeline(101)) - Created pipeline Pipeline[ Id: fcc5943e-3b03-440e-9901-1bedc8ed2755, Nodes: 3aae9554-9ce2-4940-80df-bab76ceffe99{ip: 172.17.0.2, host: d81b9af81a7a, ports: [REPLICATION=40581, RATIS=40809, RATIS_ADMIN=40809, RATIS_SERVER=40809, STANDALONE=38757], networkLocation: /default-rack, certSerialId: null, persistedOpState: IN_SERVICE, persistedOpStateExpiryEpochSec: 0}84f014eb-0543-4c23-a581-806bb6567559{ip: 172.17.0.2, host: d81b9af81a7a, ports: [REPLICATION=44717, RATIS=43113, RATIS_ADMIN=43113, RATIS_SERVER=43113, STANDALONE=46559], networkLocation: /default-rack, certSerialId: null, persistedOpState: IN_SERVICE, persistedOpStateExpiryEpochSec: 0}ba91ce60-c1e0-470b-8f12-0816737cfb30{ip: 172.17.0.2, host: d81b9af81a7a, ports: [REPLICATION=36343, RATIS=37935, RATIS_ADMIN=37935, RATIS_SERVER=37935, STANDALONE=43589], networkLocation: /default-rack, certSerialId: null, persistedOpState: IN_SERVICE, persistedOpStateExpiryEpochSec: 0}, ReplicationConfig: RATIS/THREE, State:ALLOCATED, leaderId:, CreationTimestamp2021-05-05T15:14:04.807Z].
2021-05-05 15:14:05,786 [Listener at 127.0.0.1/33403] INFO  ozone.MiniOzoneClusterImpl (MiniOzoneClusterImpl.java:lambda$waitForClusterToBeReady$0(224)) - Nodes are ready. Got 9 of 9 DN Heartbeats.
2021-05-05 15:14:05,786 [Listener at 127.0.0.1/33403] INFO  ozone.MiniOzoneClusterImpl (MiniOzoneClusterImpl.java:lambda$waitForClusterToBeReady$0(227)) - Waiting for cluster to exit safe mode
2021-05-05 15:14:05,786 [Listener at 127.0.0.1/33403] INFO  ozone.MiniOzoneClusterImpl (MiniOzoneClusterImpl.java:lambda$waitForClusterToBeReady$0(230)) - SCM became leader
2021-05-05 15:14:05,914 [Command processor thread] INFO  server.RaftServer (RaftServerProxy.java:addNew(95)) - 8cc4f11c-26a9-4978-bb71-8737c51096c0: addNew group-B56E3F96E5E5:[8cc4f11c-26a9-4978-bb71-8737c51096c0|rpc:172.17.0.2:34407|priority:1] returns group-B56E3F96E5E5:java.util.concurrent.CompletableFuture@3188791c[Not completed]
2021-05-05 15:14:05,915 [pool-677-thread-1] INFO  server.RaftServer$Division (RaftServerImpl.java:<init>(180)) - 8cc4f11c-26a9-4978-bb71-8737c51096c0: new RaftServerImpl for group-B56E3F96E5E5:[8cc4f11c-26a9-4978-bb71-8737c51096c0|rpc:172.17.0.2:34407|priority:1] with ContainerStateMachine:uninitialized
2021-05-05 15:14:05,915 [pool-677-thread-1] INFO  server.RaftServerConfigKeys (ConfUtils.java:logGet(44)) - raft.server.rpc.timeout.min = 5s (custom)
2021-05-05 15:14:05,915 [pool-677-thread-1] INFO  server.RaftServerConfigKeys (ConfUtils.java:logGet(44)) - raft.server.rpc.timeout.max = 5200ms (custom)
2021-05-05 15:14:05,915 [pool-677-thread-1] INFO  server.RaftServerConfigKeys (ConfUtils.java:logGet(44)) - raft.server.rpc.sleep.time = 25ms (default)
2021-05-05 15:14:05,915 [pool-677-thread-1] INFO  server.RaftServerConfigKeys (ConfUtils.java:logGet(44)) - raft.server.rpc.slowness.timeout = 300000ms (custom)
2021-05-05 15:14:05,915 [pool-677-thread-1] INFO  server.RaftServerConfigKeys (ConfUtils.java:logGet(44)) - raft.server.leaderelection.leader.step-down.wait-time = 10s (default)
2021-05-05 15:14:05,915 [pool-677-thread-1] INFO  server.RaftServerConfigKeys (ConfUtils.java:logGet(44)) - raft.server.sleep.deviation.threshold = 300ms (default)
2021-05-05 15:14:05,915 [pool-677-thread-1] INFO  server.RaftServerConfigKeys (ConfUtils.java:logGet(44)) - raft.server.log.appender.install.snapshot.enabled = false (custom)
2021-05-05 15:14:05,915 [pool-677-thread-1] INFO  server.RaftServer$Division (ServerState.java:<init>(105)) - 8cc4f11c-26a9-4978-bb71-8737c51096c0@group-B56E3F96E5E5: ConfigurationManager, init=-1: [8cc4f11c-26a9-4978-bb71-8737c51096c0|rpc:172.17.0.2:34407|priority:1], old=null, confs=<EMPTY_MAP>
2021-05-05 15:14:05,915 [pool-677-thread-1] INFO  server.RaftServerConfigKeys (ConfUtils.java:logGet(44)) - raft.server.storage.dir = [/github/workspace/mnt/ozone/hadoop-ozone/integration-test/target/test-dir/MiniOzoneClusterImpl-c76e6b88-ed31-44d7-ac8c-51a305797015/datanode-0/data/ratis] (custom)
2021-05-05 15:14:05,916 [pool-677-thread-1] INFO  server.RaftServerConfigKeys (ConfUtils.java:logGet(44)) - raft.server.log.corruption.policy = EXCEPTION (default)
2021-05-05 15:14:05,916 [pool-677-thread-1] INFO  storage.RaftStorageDirectory (RaftStorageDirectoryImpl.java:analyzeStorage(132)) - The storage directory /github/workspace/mnt/ozone/hadoop-ozone/integration-test/target/test-dir/MiniOzoneClusterImpl-c76e6b88-ed31-44d7-ac8c-51a305797015/datanode-0/data/ratis/05546f09-a1e7-4c23-bca1-b56e3f96e5e5 does not exist. Creating ...
2021-05-05 15:14:05,917 [pool-677-thread-1] INFO  storage.RaftStorageDirectory (RaftStorageDirectoryImpl.java:tryLock(215)) - Lock on /github/workspace/mnt/ozone/hadoop-ozone/integration-test/target/test-dir/MiniOzoneClusterImpl-c76e6b88-ed31-44d7-ac8c-51a305797015/datanode-0/data/ratis/05546f09-a1e7-4c23-bca1-b56e3f96e5e5/in_use.lock acquired by nodename 25793@d81b9af81a7a
2021-05-05 15:14:05,918 [pool-677-thread-1] INFO  storage.RaftStorage (RaftStorageImpl.java:format(87)) - Storage directory /github/workspace/mnt/ozone/hadoop-ozone/integration-test/target/test-dir/MiniOzoneClusterImpl-c76e6b88-ed31-44d7-ac8c-51a305797015/datanode-0/data/ratis/05546f09-a1e7-4c23-bca1-b56e3f96e5e5 has been successfully formatted.
2021-05-05 15:14:05,918 [pool-677-thread-1] INFO  ratis.ContainerStateMachine (ContainerStateMachine.java:loadSnapshot(224)) - group-B56E3F96E5E5: The snapshot info is null. Setting the last applied indexto:(t:0, i:~)
2021-05-05 15:14:05,918 [pool-677-thread-1] INFO  server.RaftServerConfigKeys (ConfUtils.java:logGet(44)) - raft.server.notification.no-leader.timeout = 300000ms (custom)
2021-05-05 15:14:05,919 [EventQueue-PipelineReportForPipelineReportHandler] INFO  pipeline.PipelineManagerV2Impl (PipelineManagerV2Impl.java:openPipeline(270)) - Pipeline Pipeline[ Id: 05546f09-a1e7-4c23-bca1-b56e3f96e5e5, Nodes: 8cc4f11c-26a9-4978-bb71-8737c51096c0{ip: 172.17.0.2, host: d81b9af81a7a, ports: [REPLICATION=41063, RATIS=34407, RATIS_ADMIN=34407, RATIS_SERVER=34407, STANDALONE=35355], networkLocation: /default-rack, certSerialId: null, persistedOpState: IN_SERVICE, persistedOpStateExpiryEpochSec: 0}, ReplicationConfig: RATIS/ONE, State:ALLOCATED, leaderId:8cc4f11c-26a9-4978-bb71-8737c51096c0, CreationTimestamp2021-05-05T15:14:02.932Z] moved to OPEN state
2021-05-05 15:14:05,919 [pool-677-thread-1] INFO  server.RaftServerConfigKeys (ConfUtils.java:logGet(44)) - raft.server.log.use.memory = false (default)
2021-05-05 15:14:05,919 [pool-677-thread-1] INFO  server.RaftServerConfigKeys (ConfUtils.java:logGet(44)) - raft.server.log.purge.gap = 1000000 (custom)
2021-05-05 15:14:05,919 [pool-677-thread-1] INFO  server.RaftServerConfigKeys (ConfUtils.java:logGet(44)) - raft.server.log.appender.buffer.byte-limit = 33554432 (custom)
2021-05-05 15:14:05,920 [pool-677-thread-1] INFO  metrics.RatisMetrics (RatisMetrics.java:lambda$create$0(36)) - Creating Metrics Registry : ratis.log_worker.8cc4f11c-26a9-4978-bb71-8737c51096c0@group-B56E3F96E5E5
2021-05-05 15:14:05,919 [EventQueue-PipelineReportForOneReplicaPipelineSafeModeRule] INFO  safemode.SCMSafeModeManager (SCMSafeModeManager.java:validateSafeModeExitRules(201)) - AtleastOneDatanodeReportedRule rule is successfully validated
2021-05-05 15:14:05,920 [pool-677-thread-1] INFO  server.RaftServerConfigKeys (ConfUtils.java:logGet(44)) - raft.server.log.segment.size.max = 1048576 (custom)
2021-05-05 15:14:05,920 [EventQueue-OpenPipelineForHealthyPipelineSafeModeRule] INFO  safemode.SCMSafeModeManager (HealthyPipelineSafeModeRule.java:process(130)) - SCM in safe mode. Healthy pipelines reported count is 0, required healthy pipeline reported count is 1
2021-05-05 15:14:05,921 [pool-677-thread-1] INFO  server.RaftServerConfigKeys (ConfUtils.java:logGet(44)) - raft.server.log.segment.cache.num.max = 2 (custom)
2021-05-05 15:14:05,921 [pool-677-thread-1] INFO  server.RaftServerConfigKeys (ConfUtils.java:logGet(44)) - raft.server.log.segment.cache.size.max = 200MB (=209715200) (default)
2021-05-05 15:14:05,921 [pool-677-thread-1] INFO  segmented.SegmentedRaftLogWorker (SegmentedRaftLogWorker.java:<init>(182)) - new 8cc4f11c-26a9-4978-bb71-8737c51096c0@group-B56E3F96E5E5-SegmentedRaftLogWorker for RaftStorageImpl:Storage Directory /github/workspace/mnt/ozone/hadoop-ozone/integration-test/target/test-dir/MiniOzoneClusterImpl-c76e6b88-ed31-44d7-ac8c-51a305797015/datanode-0/data/ratis/05546f09-a1e7-4c23-bca1-b56e3f96e5e5
2021-05-05 15:14:05,921 [pool-677-thread-1] INFO  server.RaftServerConfigKeys (ConfUtils.java:logGet(44)) - raft.server.log.queue.byte-limit = 2147483647 (custom)
2021-05-05 15:14:05,921 [pool-677-thread-1] INFO  server.RaftServerConfigKeys (ConfUtils.java:logGet(44)) - raft.server.log.queue.element-limit = 1024 (custom)
2021-05-05 15:14:05,921 [pool-677-thread-1] INFO  server.RaftServerConfigKeys (ConfUtils.java:logGet(44)) - raft.server.log.segment.size.max = 1048576 (custom)
2021-05-05 15:14:05,921 [pool-677-thread-1] INFO  server.RaftServerConfigKeys (ConfUtils.java:logGet(44)) - raft.server.log.preallocated.size = 16384 (custom)
2021-05-05 15:14:05,921 [pool-677-thread-1] INFO  server.RaftServerConfigKeys (ConfUtils.java:logGet(44)) - raft.server.log.force.sync.num = 128 (default)
2021-05-05 15:14:05,922 [pool-677-thread-1] INFO  server.RaftServerConfigKeys (ConfUtils.java:logGet(44)) - raft.server.log.statemachine.data.sync = true (default)
2021-05-05 15:14:05,922 [pool-677-thread-1] INFO  server.RaftServerConfigKeys (ConfUtils.java:logGet(44)) - raft.server.log.statemachine.data.sync.timeout = 10s (default)
2021-05-05 15:14:05,922 [pool-677-thread-1] INFO  server.RaftServerConfigKeys (ConfUtils.java:logGet(44)) - raft.server.log.statemachine.data.sync.timeout.retry = -1 (default)
2021-05-05 15:14:05,924 [pool-677-thread-1] INFO  server.RaftServerConfigKeys (ConfUtils.java:logGet(44)) - raft.server.log.write.buffer.size = 1048576 (custom)
2021-05-05 15:14:05,924 [pool-677-thread-1] INFO  server.RaftServerConfigKeys (ConfUtils.java:logGet(44)) - raft.server.log.statemachine.data.caching.enabled = true (custom)
2021-05-05 15:14:05,925 [pool-677-thread-1] INFO  segmented.SegmentedRaftLogWorker (SegmentedRaftLogWorker.java:lambda$new$0(133)) - 8cc4f11c-26a9-4978-bb71-8737c51096c0@group-B56E3F96E5E5-SegmentedRaftLogWorker: flushIndex: setUnconditionally 0 -> -1
2021-05-05 15:14:05,925 [pool-677-thread-1] INFO  segmented.SegmentedRaftLogWorker (SegmentedRaftLogWorker.java:lambda$new$0(133)) - 8cc4f11c-26a9-4978-bb71-8737c51096c0@group-B56E3F96E5E5-SegmentedRaftLogWorker: safeCacheEvictIndex: setUnconditionally 0 -> -1
2021-05-05 15:14:05,925 [pool-677-thread-1] INFO  server.RaftServerConfigKeys (ConfUtils.java:logGet(44)) - raft.server.snapshot.auto.trigger.enabled = true (custom)
2021-05-05 15:14:05,925 [pool-677-thread-1] INFO  server.RaftServerConfigKeys (ConfUtils.java:logGet(44)) - raft.server.snapshot.auto.trigger.threshold = 10000 (custom)
2021-05-05 15:14:05,925 [pool-677-thread-1] INFO  server.RaftServerConfigKeys (ConfUtils.java:logGet(44)) - raft.server.snapshot.retention.file.num = 5 (custom)
2021-05-05 15:14:05,925 [pool-677-thread-1] INFO  server.RaftServerConfigKeys (ConfUtils.java:logGet(44)) - raft.server.log.purge.upto.snapshot.index = false (default)
2021-05-05 15:14:05,925 [pool-677-thread-1] INFO  server.RaftServerConfigKeys (ConfUtils.java:logGet(44)) - raft.server.retrycache.expirytime = 600000ms (custom)
2021-05-05 15:14:05,925 [pool-677-thread-1] INFO  server.RaftServerConfigKeys (ConfUtils.java:logGet(44)) - raft.server.retrycache.statistics.expirytime = 100?s (default)
2021-05-05 15:14:05,925 [pool-677-thread-1] INFO  metrics.RatisMetrics (RatisMetrics.java:lambda$create$0(36)) - Creating Metrics Registry : ratis.leader_election.8cc4f11c-26a9-4978-bb71-8737c51096c0@group-B56E3F96E5E5
2021-05-05 15:14:05,926 [pool-677-thread-1] INFO  metrics.RatisMetrics (RatisMetrics.java:lambda$create$0(36)) - Creating Metrics Registry : ratis.server.8cc4f11c-26a9-4978-bb71-8737c51096c0@group-B56E3F96E5E5
2021-05-05 15:14:05,928 [pool-677-thread-1] INFO  server.RaftServer$Division (RaftServerImpl.java:start(295)) - 8cc4f11c-26a9-4978-bb71-8737c51096c0@group-B56E3F96E5E5: start as a follower, conf=-1: [8cc4f11c-26a9-4978-bb71-8737c51096c0|rpc:172.17.0.2:34407|priority:1], old=null
2021-05-05 15:14:05,928 [pool-677-thread-1] INFO  server.RaftServer$Division (RaftServerImpl.java:setRole(284)) - 8cc4f11c-26a9-4978-bb71-8737c51096c0@group-B56E3F96E5E5: changes role from      null to FOLLOWER at term 0 for startAsFollower
2021-05-05 15:14:05,928 [pool-677-thread-1] INFO  impl.RoleInfo (RoleInfo.java:updateAndGet(130)) - 8cc4f11c-26a9-4978-bb71-8737c51096c0: start 8cc4f11c-26a9-4978-bb71-8737c51096c0@group-B56E3F96E5E5-FollowerState
2021-05-05 15:14:05,931 [pool-677-thread-1] INFO  util.JmxRegister (JmxRegister.java:tryRegister(44)) - Successfully registered JMX Bean with object name Ratis:service=RaftServer,group=group-B56E3F96E5E5,id=8cc4f11c-26a9-4978-bb71-8737c51096c0
2021-05-05 15:14:05,931 [pool-677-thread-1] INFO  metrics.RatisMetrics (RatisMetrics.java:lambda$create$0(36)) - Creating Metrics Registry : ratis.state_machine.8cc4f11c-26a9-4978-bb71-8737c51096c0@group-B56E3F96E5E5
2021-05-05 15:14:05,932 [Command processor thread] INFO  ratis.XceiverServerRatis (XceiverServerRatis.java:addGroup(808)) - Created group PipelineID=05546f09-a1e7-4c23-bca1-b56e3f96e5e5
2021-05-05 15:14:05,932 [Command processor thread] INFO  commandhandler.CreatePipelineCommandHandler (CreatePipelineCommandHandler.java:handle(106)) - Created Pipeline RATIS ONE PipelineID=05546f09-a1e7-4c23-bca1-b56e3f96e5e5.
2021-05-05 15:14:05,932 [Command processor thread] INFO  server.RaftServer (RaftServerProxy.java:addNew(95)) - 8cc4f11c-26a9-4978-bb71-8737c51096c0: addNew group-BFCF83161046:[a99b94f7-bcc3-419a-91d6-c5ca6fccf1ee|rpc:172.17.0.2:44371|priority:0, c9225e55-1a9d-4728-b49d-cebf6a0677b3|rpc:172.17.0.2:38287|priority:1, 8cc4f11c-26a9-4978-bb71-8737c51096c0|rpc:172.17.0.2:34407|priority:0] returns group-BFCF83161046:java.util.concurrent.CompletableFuture@35b7ebf5[Not completed]
2021-05-05 15:14:05,933 [pool-677-thread-1] INFO  server.RaftServer$Division (RaftServerImpl.java:<init>(180)) - 8cc4f11c-26a9-4978-bb71-8737c51096c0: new RaftServerImpl for group-BFCF83161046:[a99b94f7-bcc3-419a-91d6-c5ca6fccf1ee|rpc:172.17.0.2:44371|priority:0, c9225e55-1a9d-4728-b49d-cebf6a0677b3|rpc:172.17.0.2:38287|priority:1, 8cc4f11c-26a9-4978-bb71-8737c51096c0|rpc:172.17.0.2:34407|priority:0] with ContainerStateMachine:uninitialized
2021-05-05 15:14:05,933 [pool-677-thread-1] INFO  server.RaftServerConfigKeys (ConfUtils.java:logGet(44)) - raft.server.rpc.timeout.min = 5s (custom)
2021-05-05 15:14:05,933 [pool-677-thread-1] INFO  server.RaftServerConfigKeys (ConfUtils.java:logGet(44)) - raft.server.rpc.timeout.max = 5200ms (custom)
2021-05-05 15:14:05,933 [pool-677-thread-1] INFO  server.RaftServerConfigKeys (ConfUtils.java:logGet(44)) - raft.server.rpc.sleep.time = 25ms (default)
2021-05-05 15:14:05,933 [pool-677-thread-1] INFO  server.RaftServerConfigKeys (ConfUtils.java:logGet(44)) - raft.server.rpc.slowness.timeout = 300000ms (custom)
2021-05-05 15:14:05,933 [pool-677-thread-1] INFO  server.RaftServerConfigKeys (ConfUtils.java:logGet(44)) - raft.server.leaderelection.leader.step-down.wait-time = 10s (default)
2021-05-05 15:14:05,933 [pool-677-thread-1] INFO  server.RaftServerConfigKeys (ConfUtils.java:logGet(44)) - raft.server.sleep.deviation.threshold = 300ms (default)
2021-05-05 15:14:05,933 [pool-677-thread-1] INFO  server.RaftServerConfigKeys (ConfUtils.java:logGet(44)) - raft.server.log.appender.install.snapshot.enabled = false (custom)
2021-05-05 15:14:05,933 [pool-677-thread-1] INFO  server.RaftServer$Division (ServerState.java:<init>(105)) - 8cc4f11c-26a9-4978-bb71-8737c51096c0@group-BFCF83161046: ConfigurationManager, init=-1: [a99b94f7-bcc3-419a-91d6-c5ca6fccf1ee|rpc:172.17.0.2:44371|priority:0, c9225e55-1a9d-4728-b49d-cebf6a0677b3|rpc:172.17.0.2:38287|priority:1, 8cc4f11c-26a9-4978-bb71-8737c51096c0|rpc:172.17.0.2:34407|priority:0], old=null, confs=<EMPTY_MAP>
2021-05-05 15:14:05,933 [pool-677-thread-1] INFO  server.RaftServerConfigKeys (ConfUtils.java:logGet(44)) - raft.server.storage.dir = [/github/workspace/mnt/ozone/hadoop-ozone/integration-test/target/test-dir/MiniOzoneClusterImpl-c76e6b88-ed31-44d7-ac8c-51a305797015/datanode-0/data/ratis] (custom)
2021-05-05 15:14:05,934 [pool-677-thread-1] INFO  server.RaftServerConfigKeys (ConfUtils.java:logGet(44)) - raft.server.log.corruption.policy = EXCEPTION (default)
2021-05-05 15:14:05,934 [pool-677-thread-1] INFO  storage.RaftStorageDirectory (RaftStorageDirectoryImpl.java:analyzeStorage(132)) - The storage directory /github/workspace/mnt/ozone/hadoop-ozone/integration-test/target/test-dir/MiniOzoneClusterImpl-c76e6b88-ed31-44d7-ac8c-51a305797015/datanode-0/data/ratis/2dc2dbe7-ca3e-4d45-bdcb-bfcf83161046 does not exist. Creating ...
2021-05-05 15:14:05,935 [pool-677-thread-1] INFO  storage.RaftStorageDirectory (RaftStorageDirectoryImpl.java:tryLock(215)) - Lock on /github/workspace/mnt/ozone/hadoop-ozone/integration-test/target/test-dir/MiniOzoneClusterImpl-c76e6b88-ed31-44d7-ac8c-51a305797015/datanode-0/data/ratis/2dc2dbe7-ca3e-4d45-bdcb-bfcf83161046/in_use.lock acquired by nodename 25793@d81b9af81a7a
2021-05-05 15:14:05,936 [pool-677-thread-1] INFO  storage.RaftStorage (RaftStorageImpl.java:format(87)) - Storage directory /github/workspace/mnt/ozone/hadoop-ozone/integration-test/target/test-dir/MiniOzoneClusterImpl-c76e6b88-ed31-44d7-ac8c-51a305797015/datanode-0/data/ratis/2dc2dbe7-ca3e-4d45-bdcb-bfcf83161046 has been successfully formatted.
2021-05-05 15:14:05,936 [pool-677-thread-1] INFO  ratis.ContainerStateMachine (ContainerStateMachine.java:loadSnapshot(224)) - group-BFCF83161046: The snapshot info is null. Setting the last applied indexto:(t:0, i:~)
2021-05-05 15:14:05,936 [pool-677-thread-1] INFO  server.RaftServerConfigKeys (ConfUtils.java:logGet(44)) - raft.server.notification.no-leader.timeout = 300000ms (custom)
2021-05-05 15:14:05,937 [pool-677-thread-1] INFO  server.RaftServerConfigKeys (ConfUtils.java:logGet(44)) - raft.server.log.use.memory = false (default)
2021-05-05 15:14:05,937 [pool-677-thread-1] INFO  server.RaftServerConfigKeys (ConfUtils.java:logGet(44)) - raft.server.log.purge.gap = 1000000 (custom)
2021-05-05 15:14:05,937 [pool-677-thread-1] INFO  server.RaftServerConfigKeys (ConfUtils.java:logGet(44)) - raft.server.log.appender.buffer.byte-limit = 33554432 (custom)
2021-05-05 15:14:05,937 [pool-677-thread-1] INFO  metrics.RatisMetrics (RatisMetrics.java:lambda$create$0(36)) - Creating Metrics Registry : ratis.log_worker.8cc4f11c-26a9-4978-bb71-8737c51096c0@group-BFCF83161046
2021-05-05 15:14:05,937 [pool-677-thread-1] INFO  server.RaftServerConfigKeys (ConfUtils.java:logGet(44)) - raft.server.log.segment.size.max = 1048576 (custom)
2021-05-05 15:14:05,938 [EventQueue-PipelineReportForOneReplicaPipelineSafeModeRule] INFO  safemode.SCMSafeModeManager (SCMSafeModeManager.java:validateSafeModeExitRules(201)) - AtleastOneDatanodeReportedRule rule is successfully validated
2021-05-05 15:14:05,938 [EventQueue-OpenPipelineForHealthyPipelineSafeModeRule] INFO  safemode.SCMSafeModeManager (HealthyPipelineSafeModeRule.java:process(130)) - SCM in safe mode. Healthy pipelines reported count is 0, required healthy pipeline reported count is 1
2021-05-05 15:14:05,938 [pool-677-thread-1] INFO  server.RaftServerConfigKeys (ConfUtils.java:logGet(44)) - raft.server.log.segment.cache.num.max = 2 (custom)
2021-05-05 15:14:05,938 [pool-677-thread-1] INFO  server.RaftServerConfigKeys (ConfUtils.java:logGet(44)) - raft.server.log.segment.cache.size.max = 200MB (=209715200) (default)
2021-05-05 15:14:05,938 [pool-677-thread-1] INFO  segmented.SegmentedRaftLogWorker (SegmentedRaftLogWorker.java:<init>(182)) - new 8cc4f11c-26a9-4978-bb71-8737c51096c0@group-BFCF83161046-SegmentedRaftLogWorker for RaftStorageImpl:Storage Directory /github/workspace/mnt/ozone/hadoop-ozone/integration-test/target/test-dir/MiniOzoneClusterImpl-c76e6b88-ed31-44d7-ac8c-51a305797015/datanode-0/data/ratis/2dc2dbe7-ca3e-4d45-bdcb-bfcf83161046
2021-05-05 15:14:05,938 [pool-677-thread-1] INFO  server.RaftServerConfigKeys (ConfUtils.java:logGet(44)) - raft.server.log.queue.byte-limit = 2147483647 (custom)
2021-05-05 15:14:05,939 [pool-677-thread-1] INFO  server.RaftServerConfigKeys (ConfUtils.java:logGet(44)) - raft.server.log.queue.element-limit = 1024 (custom)
2021-05-05 15:14:05,939 [pool-677-thread-1] INFO  server.RaftServerConfigKeys (ConfUtils.java:logGet(44)) - raft.server.log.segment.size.max = 1048576 (custom)
2021-05-05 15:14:05,939 [pool-677-thread-1] INFO  server.RaftServerConfigKeys (ConfUtils.java:logGet(44)) - raft.server.log.preallocated.size = 16384 (custom)
2021-05-05 15:14:05,939 [pool-677-thread-1] INFO  server.RaftServerConfigKeys (ConfUtils.java:logGet(44)) - raft.server.log.force.sync.num = 128 (default)
2021-05-05 15:14:05,939 [pool-677-thread-1] INFO  server.RaftServerConfigKeys (ConfUtils.java:logGet(44)) - raft.server.log.statemachine.data.sync = true (default)
2021-05-05 15:14:05,939 [pool-677-thread-1] INFO  server.RaftServerConfigKeys (ConfUtils.java:logGet(44)) - raft.server.log.statemachine.data.sync.timeout = 10s (default)
2021-05-05 15:14:05,939 [pool-677-thread-1] INFO  server.RaftServerConfigKeys (ConfUtils.java:logGet(44)) - raft.server.log.statemachine.data.sync.timeout.retry = -1 (default)
2021-05-05 15:14:05,941 [pool-677-thread-1] INFO  server.RaftServerConfigKeys (ConfUtils.java:logGet(44)) - raft.server.log.write.buffer.size = 1048576 (custom)
2021-05-05 15:14:05,942 [pool-677-thread-1] INFO  server.RaftServerConfigKeys (ConfUtils.java:logGet(44)) - raft.server.log.statemachine.data.caching.enabled = true (custom)
2021-05-05 15:14:05,942 [pool-677-thread-1] INFO  segmented.SegmentedRaftLogWorker (SegmentedRaftLogWorker.java:lambda$new$0(133)) - 8cc4f11c-26a9-4978-bb71-8737c51096c0@group-BFCF83161046-SegmentedRaftLogWorker: flushIndex: setUnconditionally 0 -> -1
2021-05-05 15:14:05,942 [pool-677-thread-1] INFO  segmented.SegmentedRaftLogWorker (SegmentedRaftLogWorker.java:lambda$new$0(133)) - 8cc4f11c-26a9-4978-bb71-8737c51096c0@group-BFCF83161046-SegmentedRaftLogWorker: safeCacheEvictIndex: setUnconditionally 0 -> -1
2021-05-05 15:14:05,947 [pool-677-thread-1] INFO  server.RaftServerConfigKeys (ConfUtils.java:logGet(44)) - raft.server.snapshot.auto.trigger.enabled = true (custom)
2021-05-05 15:14:05,947 [pool-677-thread-1] INFO  server.RaftServerConfigKeys (ConfUtils.java:logGet(44)) - raft.server.snapshot.auto.trigger.threshold = 10000 (custom)
2021-05-05 15:14:05,947 [pool-677-thread-1] INFO  server.RaftServerConfigKeys (ConfUtils.java:logGet(44)) - raft.server.snapshot.retention.file.num = 5 (custom)
2021-05-05 15:14:05,947 [pool-677-thread-1] INFO  server.RaftServerConfigKeys (ConfUtils.java:logGet(44)) - raft.server.log.purge.upto.snapshot.index = false (default)
2021-05-05 15:14:05,947 [pool-677-thread-1] INFO  server.RaftServerConfigKeys (ConfUtils.java:logGet(44)) - raft.server.retrycache.expirytime = 600000ms (custom)
2021-05-05 15:14:05,948 [pool-677-thread-1] INFO  server.RaftServerConfigKeys (ConfUtils.java:logGet(44)) - raft.server.retrycache.statistics.expirytime = 100?s (default)
2021-05-05 15:14:05,948 [pool-677-thread-1] INFO  metrics.RatisMetrics (RatisMetrics.java:lambda$create$0(36)) - Creating Metrics Registry : ratis.leader_election.8cc4f11c-26a9-4978-bb71-8737c51096c0@group-BFCF83161046
2021-05-05 15:14:05,948 [pool-677-thread-1] INFO  metrics.RatisMetrics (RatisMetrics.java:lambda$create$0(36)) - Creating Metrics Registry : ratis.server.8cc4f11c-26a9-4978-bb71-8737c51096c0@group-BFCF83161046
2021-05-05 15:14:05,950 [pool-677-thread-1] INFO  server.RaftServer$Division (RaftServerImpl.java:start(295)) - 8cc4f11c-26a9-4978-bb71-8737c51096c0@group-BFCF83161046: start as a follower, conf=-1: [a99b94f7-bcc3-419a-91d6-c5ca6fccf1ee|rpc:172.17.0.2:44371|priority:0, c9225e55-1a9d-4728-b49d-cebf6a0677b3|rpc:172.17.0.2:38287|priority:1, 8cc4f11c-26a9-4978-bb71-8737c51096c0|rpc:172.17.0.2:34407|priority:0], old=null
2021-05-05 15:14:05,950 [pool-677-thread-1] INFO  server.RaftServer$Division (RaftServerImpl.java:setRole(284)) - 8cc4f11c-26a9-4978-bb71-8737c51096c0@group-BFCF83161046: changes role from      null to FOLLOWER at term 0 for startAsFollower
2021-05-05 15:14:05,950 [pool-677-thread-1] INFO  impl.RoleInfo (RoleInfo.java:updateAndGet(130)) - 8cc4f11c-26a9-4978-bb71-8737c51096c0: start 8cc4f11c-26a9-4978-bb71-8737c51096c0@group-BFCF83161046-FollowerState
2021-05-05 15:14:05,950 [pool-677-thread-1] INFO  util.JmxRegister (JmxRegister.java:tryRegister(44)) - Successfully registered JMX Bean with object name Ratis:service=RaftServer,group=group-BFCF83161046,id=8cc4f11c-26a9-4978-bb71-8737c51096c0
2021-05-05 15:14:05,951 [pool-677-thread-1] INFO  metrics.RatisMetrics (RatisMetrics.java:lambda$create$0(36)) - Creating Metrics Registry : ratis.state_machine.8cc4f11c-26a9-4978-bb71-8737c51096c0@group-BFCF83161046
2021-05-05 15:14:05,951 [Command processor thread] INFO  ratis.XceiverServerRatis (XceiverServerRatis.java:addGroup(808)) - Created group PipelineID=2dc2dbe7-ca3e-4d45-bdcb-bfcf83161046
2021-05-05 15:14:05,952 [Command processor thread] INFO  metrics.RatisMetrics (RatisMetrics.java:lambda$create$0(36)) - Creating Metrics Registry : ratis.client_message_metrics.client-7911F92D165C->c9225e55-1a9d-4728-b49d-cebf6a0677b3
2021-05-05 15:14:05,956 [grpc-default-executor-1] INFO  metrics.RatisMetrics (RatisMetrics.java:lambda$create$0(36)) - Creating Metrics Registry : ratis.server_message_metrics.c9225e55-1a9d-4728-b49d-cebf6a0677b3
2021-05-05 15:14:05,958 [grpc-default-executor-1] INFO  server.RaftServer (RaftServerProxy.java:addNew(95)) - c9225e55-1a9d-4728-b49d-cebf6a0677b3: addNew group-BFCF83161046:[a99b94f7-bcc3-419a-91d6-c5ca6fccf1ee|rpc:172.17.0.2:44371|dataStream:|priority:0, c9225e55-1a9d-4728-b49d-cebf6a0677b3|rpc:172.17.0.2:38287|dataStream:|priority:1, 8cc4f11c-26a9-4978-bb71-8737c51096c0|rpc:172.17.0.2:34407|dataStream:|priority:0] returns group-BFCF83161046:java.util.concurrent.CompletableFuture@4b94fd22[Not completed]
2021-05-05 15:14:05,959 [pool-713-thread-1] INFO  server.RaftServer$Division (RaftServerImpl.java:<init>(180)) - c9225e55-1a9d-4728-b49d-cebf6a0677b3: new RaftServerImpl for group-BFCF83161046:[a99b94f7-bcc3-419a-91d6-c5ca6fccf1ee|rpc:172.17.0.2:44371|dataStream:|priority:0, c9225e55-1a9d-4728-b49d-cebf6a0677b3|rpc:172.17.0.2:38287|dataStream:|priority:1, 8cc4f11c-26a9-4978-bb71-8737c51096c0|rpc:172.17.0.2:34407|dataStream:|priority:0] with ContainerStateMachine:uninitialized
2021-05-05 15:14:05,959 [pool-713-thread-1] INFO  server.RaftServerConfigKeys (ConfUtils.java:logGet(44)) - raft.server.rpc.timeout.min = 5s (custom)
2021-05-05 15:14:05,959 [pool-713-thread-1] INFO  server.RaftServerConfigKeys (ConfUtils.java:logGet(44)) - raft.server.rpc.timeout.max = 5200ms (custom)
2021-05-05 15:14:05,959 [pool-713-thread-1] INFO  server.RaftServerConfigKeys (ConfUtils.java:logGet(44)) - raft.server.rpc.sleep.time = 25ms (default)
2021-05-05 15:14:05,959 [pool-713-thread-1] INFO  server.RaftServerConfigKeys (ConfUtils.java:logGet(44)) - raft.server.rpc.slowness.timeout = 300000ms (custom)
2021-05-05 15:14:05,959 [pool-713-thread-1] INFO  server.RaftServerConfigKeys (ConfUtils.java:logGet(44)) - raft.server.leaderelection.leader.step-down.wait-time = 10s (default)
2021-05-05 15:14:05,959 [pool-713-thread-1] INFO  server.RaftServerConfigKeys (ConfUtils.java:logGet(44)) - raft.server.sleep.deviation.threshold = 300ms (default)
2021-05-05 15:14:05,959 [pool-713-thread-1] INFO  server.RaftServerConfigKeys (ConfUtils.java:logGet(44)) - raft.server.log.appender.install.snapshot.enabled = false (custom)
2021-05-05 15:14:05,959 [pool-713-thread-1] INFO  server.RaftServer$Division (ServerState.java:<init>(105)) - c9225e55-1a9d-4728-b49d-cebf6a0677b3@group-BFCF83161046: ConfigurationManager, init=-1: [a99b94f7-bcc3-419a-91d6-c5ca6fccf1ee|rpc:172.17.0.2:44371|dataStream:|priority:0, c9225e55-1a9d-4728-b49d-cebf6a0677b3|rpc:172.17.0.2:38287|dataStream:|priority:1, 8cc4f11c-26a9-4978-bb71-8737c51096c0|rpc:172.17.0.2:34407|dataStream:|priority:0], old=null, confs=<EMPTY_MAP>
2021-05-05 15:14:05,960 [pool-713-thread-1] INFO  server.RaftServerConfigKeys (ConfUtils.java:logGet(44)) - raft.server.storage.dir = [/github/workspace/mnt/ozone/hadoop-ozone/integration-test/target/test-dir/MiniOzoneClusterImpl-c76e6b88-ed31-44d7-ac8c-51a305797015/datanode-2/data/ratis] (custom)
2021-05-05 15:14:05,960 [pool-713-thread-1] INFO  server.RaftServerConfigKeys (ConfUtils.java:logGet(44)) - raft.server.log.corruption.policy = EXCEPTION (default)
2021-05-05 15:14:05,960 [pool-713-thread-1] INFO  storage.RaftStorageDirectory (RaftStorageDirectoryImpl.java:analyzeStorage(132)) - The storage directory /github/workspace/mnt/ozone/hadoop-ozone/integration-test/target/test-dir/MiniOzoneClusterImpl-c76e6b88-ed31-44d7-ac8c-51a305797015/datanode-2/data/ratis/2dc2dbe7-ca3e-4d45-bdcb-bfcf83161046 does not exist. Creating ...
2021-05-05 15:14:05,961 [pool-713-thread-1] INFO  storage.RaftStorageDirectory (RaftStorageDirectoryImpl.java:tryLock(215)) - Lock on /github/workspace/mnt/ozone/hadoop-ozone/integration-test/target/test-dir/MiniOzoneClusterImpl-c76e6b88-ed31-44d7-ac8c-51a305797015/datanode-2/data/ratis/2dc2dbe7-ca3e-4d45-bdcb-bfcf83161046/in_use.lock acquired by nodename 25793@d81b9af81a7a
2021-05-05 15:14:05,962 [pool-713-thread-1] INFO  storage.RaftStorage (RaftStorageImpl.java:format(87)) - Storage directory /github/workspace/mnt/ozone/hadoop-ozone/integration-test/target/test-dir/MiniOzoneClusterImpl-c76e6b88-ed31-44d7-ac8c-51a305797015/datanode-2/data/ratis/2dc2dbe7-ca3e-4d45-bdcb-bfcf83161046 has been successfully formatted.
2021-05-05 15:14:05,962 [pool-713-thread-1] INFO  ratis.ContainerStateMachine (ContainerStateMachine.java:loadSnapshot(224)) - group-BFCF83161046: The snapshot info is null. Setting the last applied indexto:(t:0, i:~)
2021-05-05 15:14:05,963 [pool-713-thread-1] INFO  server.RaftServerConfigKeys (ConfUtils.java:logGet(44)) - raft.server.notification.no-leader.timeout = 300000ms (custom)
2021-05-05 15:14:05,963 [pool-713-thread-1] INFO  server.RaftServerConfigKeys (ConfUtils.java:logGet(44)) - raft.server.log.use.memory = false (default)
2021-05-05 15:14:05,963 [pool-713-thread-1] INFO  server.RaftServerConfigKeys (ConfUtils.java:logGet(44)) - raft.server.log.purge.gap = 1000000 (custom)
2021-05-05 15:14:05,963 [pool-713-thread-1] INFO  server.RaftServerConfigKeys (ConfUtils.java:logGet(44)) - raft.server.log.appender.buffer.byte-limit = 33554432 (custom)
2021-05-05 15:14:05,964 [EventQueue-PipelineReportForOneReplicaPipelineSafeModeRule] INFO  safemode.SCMSafeModeManager (SCMSafeModeManager.java:validateSafeModeExitRules(201)) - AtleastOneDatanodeReportedRule rule is successfully validated
2021-05-05 15:14:05,964 [pool-713-thread-1] INFO  metrics.RatisMetrics (RatisMetrics.java:lambda$create$0(36)) - Creating Metrics Registry : ratis.log_worker.c9225e55-1a9d-4728-b49d-cebf6a0677b3@group-BFCF83161046
2021-05-05 15:14:05,964 [pool-713-thread-1] INFO  server.RaftServerConfigKeys (ConfUtils.java:logGet(44)) - raft.server.log.segment.size.max = 1048576 (custom)
2021-05-05 15:14:05,965 [pool-713-thread-1] INFO  server.RaftServerConfigKeys (ConfUtils.java:logGet(44)) - raft.server.log.segment.cache.num.max = 2 (custom)
2021-05-05 15:14:05,965 [pool-713-thread-1] INFO  server.RaftServerConfigKeys (ConfUtils.java:logGet(44)) - raft.server.log.segment.cache.size.max = 200MB (=209715200) (default)
2021-05-05 15:14:05,965 [pool-713-thread-1] INFO  segmented.SegmentedRaftLogWorker (SegmentedRaftLogWorker.java:<init>(182)) - new c9225e55-1a9d-4728-b49d-cebf6a0677b3@group-BFCF83161046-SegmentedRaftLogWorker for RaftStorageImpl:Storage Directory /github/workspace/mnt/ozone/hadoop-ozone/integration-test/target/test-dir/MiniOzoneClusterImpl-c76e6b88-ed31-44d7-ac8c-51a305797015/datanode-2/data/ratis/2dc2dbe7-ca3e-4d45-bdcb-bfcf83161046
2021-05-05 15:14:05,965 [pool-713-thread-1] INFO  server.RaftServerConfigKeys (ConfUtils.java:logGet(44)) - raft.server.log.queue.byte-limit = 2147483647 (custom)
2021-05-05 15:14:05,965 [pool-713-thread-1] INFO  server.RaftServerConfigKeys (ConfUtils.java:logGet(44)) - raft.server.log.queue.element-limit = 1024 (custom)
2021-05-05 15:14:05,965 [pool-713-thread-1] INFO  server.RaftServerConfigKeys (ConfUtils.java:logGet(44)) - raft.server.log.segment.size.max = 1048576 (custom)
2021-05-05 15:14:05,965 [pool-713-thread-1] INFO  server.RaftServerConfigKeys (ConfUtils.java:logGet(44)) - raft.server.log.preallocated.size = 16384 (custom)
2021-05-05 15:14:05,966 [pool-713-thread-1] INFO  server.RaftServerConfigKeys (ConfUtils.java:logGet(44)) - raft.server.log.force.sync.num = 128 (default)
2021-05-05 15:14:05,966 [pool-713-thread-1] INFO  server.RaftServerConfigKeys (ConfUtils.java:logGet(44)) - raft.server.log.statemachine.data.sync = true (default)
2021-05-05 15:14:05,966 [pool-713-thread-1] INFO  server.RaftServerConfigKeys (ConfUtils.java:logGet(44)) - raft.server.log.statemachine.data.sync.timeout = 10s (default)
2021-05-05 15:14:05,966 [pool-713-thread-1] INFO  server.RaftServerConfigKeys (ConfUtils.java:logGet(44)) - raft.server.log.statemachine.data.sync.timeout.retry = -1 (default)
2021-05-05 15:14:05,967 [pool-713-thread-1] INFO  server.RaftServerConfigKeys (ConfUtils.java:logGet(44)) - raft.server.log.write.buffer.size = 1048576 (custom)
2021-05-05 15:14:05,968 [pool-713-thread-1] INFO  server.RaftServerConfigKeys (ConfUtils.java:logGet(44)) - raft.server.log.statemachine.data.caching.enabled = true (custom)
2021-05-05 15:14:05,968 [pool-713-thread-1] INFO  segmented.SegmentedRaftLogWorker (SegmentedRaftLogWorker.java:lambda$new$0(133)) - c9225e55-1a9d-4728-b49d-cebf6a0677b3@group-BFCF83161046-SegmentedRaftLogWorker: flushIndex: setUnconditionally 0 -> -1
2021-05-05 15:14:05,968 [pool-713-thread-1] INFO  segmented.SegmentedRaftLogWorker (SegmentedRaftLogWorker.java:lambda$new$0(133)) - c9225e55-1a9d-4728-b49d-cebf6a0677b3@group-BFCF83161046-SegmentedRaftLogWorker: safeCacheEvictIndex: setUnconditionally 0 -> -1
2021-05-05 15:14:05,969 [pool-713-thread-1] INFO  server.RaftServerConfigKeys (ConfUtils.java:logGet(44)) - raft.server.snapshot.auto.trigger.enabled = true (custom)
2021-05-05 15:14:05,969 [pool-713-thread-1] INFO  server.RaftServerConfigKeys (ConfUtils.java:logGet(44)) - raft.server.snapshot.auto.trigger.threshold = 10000 (custom)
2021-05-05 15:14:05,969 [pool-713-thread-1] INFO  server.RaftServerConfigKeys (ConfUtils.java:logGet(44)) - raft.server.snapshot.retention.file.num = 5 (custom)
2021-05-05 15:14:05,969 [pool-713-thread-1] INFO  server.RaftServerConfigKeys (ConfUtils.java:logGet(44)) - raft.server.log.purge.upto.snapshot.index = false (default)
2021-05-05 15:14:05,969 [pool-713-thread-1] INFO  server.RaftServerConfigKeys (ConfUtils.java:logGet(44)) - raft.server.retrycache.expirytime = 600000ms (custom)
2021-05-05 15:14:05,969 [pool-713-thread-1] INFO  server.RaftServerConfigKeys (ConfUtils.java:logGet(44)) - raft.server.retrycache.statistics.expirytime = 100?s (default)
2021-05-05 15:14:05,969 [pool-713-thread-1] INFO  metrics.RatisMetrics (RatisMetrics.java:lambda$create$0(36)) - Creating Metrics Registry : ratis.leader_election.c9225e55-1a9d-4728-b49d-cebf6a0677b3@group-BFCF83161046
2021-05-05 15:14:05,970 [pool-713-thread-1] INFO  metrics.RatisMetrics (RatisMetrics.java:lambda$create$0(36)) - Creating Metrics Registry : ratis.server.c9225e55-1a9d-4728-b49d-cebf6a0677b3@group-BFCF83161046
2021-05-05 15:14:05,971 [pool-713-thread-1] INFO  server.RaftServer$Division (RaftServerImpl.java:start(295)) - c9225e55-1a9d-4728-b49d-cebf6a0677b3@group-BFCF83161046: start as a follower, conf=-1: [a99b94f7-bcc3-419a-91d6-c5ca6fccf1ee|rpc:172.17.0.2:44371|dataStream:|priority:0, c9225e55-1a9d-4728-b49d-cebf6a0677b3|rpc:172.17.0.2:38287|dataStream:|priority:1, 8cc4f11c-26a9-4978-bb71-8737c51096c0|rpc:172.17.0.2:34407|dataStream:|priority:0], old=null
2021-05-05 15:14:05,972 [pool-713-thread-1] INFO  server.RaftServer$Division (RaftServerImpl.java:setRole(284)) - c9225e55-1a9d-4728-b49d-cebf6a0677b3@group-BFCF83161046: changes role from      null to FOLLOWER at term 0 for startAsFollower
2021-05-05 15:14:05,972 [pool-713-thread-1] INFO  impl.RoleInfo (RoleInfo.java:updateAndGet(130)) - c9225e55-1a9d-4728-b49d-cebf6a0677b3: start c9225e55-1a9d-4728-b49d-cebf6a0677b3@group-BFCF83161046-FollowerState
2021-05-05 15:14:05,973 [pool-713-thread-1] INFO  util.JmxRegister (JmxRegister.java:tryRegister(44)) - Successfully registered JMX Bean with object name Ratis:service=RaftServer,group=group-BFCF83161046,id=c9225e55-1a9d-4728-b49d-cebf6a0677b3
2021-05-05 15:14:05,973 [pool-713-thread-1] INFO  metrics.RatisMetrics (RatisMetrics.java:lambda$create$0(36)) - Creating Metrics Registry : ratis.state_machine.c9225e55-1a9d-4728-b49d-cebf6a0677b3@group-BFCF83161046
2021-05-05 15:14:05,978 [Command processor thread] INFO  metrics.RatisMetrics (RatisMetrics.java:lambda$create$0(36)) - Creating Metrics Registry : ratis.client_message_metrics.client-BD78CCD6F9FD->a99b94f7-bcc3-419a-91d6-c5ca6fccf1ee
2021-05-05 15:14:05,982 [grpc-default-executor-1] INFO  metrics.RatisMetrics (RatisMetrics.java:lambda$create$0(36)) - Creating Metrics Registry : ratis.server_message_metrics.a99b94f7-bcc3-419a-91d6-c5ca6fccf1ee
2021-05-05 15:14:05,984 [grpc-default-executor-1] INFO  server.RaftServer (RaftServerProxy.java:addNew(95)) - a99b94f7-bcc3-419a-91d6-c5ca6fccf1ee: addNew group-BFCF83161046:[a99b94f7-bcc3-419a-91d6-c5ca6fccf1ee|rpc:172.17.0.2:44371|dataStream:|priority:0, c9225e55-1a9d-4728-b49d-cebf6a0677b3|rpc:172.17.0.2:38287|dataStream:|priority:1, 8cc4f11c-26a9-4978-bb71-8737c51096c0|rpc:172.17.0.2:34407|dataStream:|priority:0] returns group-BFCF83161046:java.util.concurrent.CompletableFuture@2a2f1472[Not completed]
2021-05-05 15:14:05,985 [pool-695-thread-1] INFO  server.RaftServer$Division (RaftServerImpl.java:<init>(180)) - a99b94f7-bcc3-419a-91d6-c5ca6fccf1ee: new RaftServerImpl for group-BFCF83161046:[a99b94f7-bcc3-419a-91d6-c5ca6fccf1ee|rpc:172.17.0.2:44371|dataStream:|priority:0, c9225e55-1a9d-4728-b49d-cebf6a0677b3|rpc:172.17.0.2:38287|dataStream:|priority:1, 8cc4f11c-26a9-4978-bb71-8737c51096c0|rpc:172.17.0.2:34407|dataStream:|priority:0] with ContainerStateMachine:uninitialized
2021-05-05 15:14:05,985 [pool-695-thread-1] INFO  server.RaftServerConfigKeys (ConfUtils.java:logGet(44)) - raft.server.rpc.timeout.min = 5s (custom)
2021-05-05 15:14:05,985 [pool-695-thread-1] INFO  server.RaftServerConfigKeys (ConfUtils.java:logGet(44)) - raft.server.rpc.timeout.max = 5200ms (custom)
2021-05-05 15:14:05,985 [pool-695-thread-1] INFO  server.RaftServerConfigKeys (ConfUtils.java:logGet(44)) - raft.server.rpc.sleep.time = 25ms (default)
2021-05-05 15:14:05,985 [pool-695-thread-1] INFO  server.RaftServerConfigKeys (ConfUtils.java:logGet(44)) - raft.server.rpc.slowness.timeout = 300000ms (custom)
2021-05-05 15:14:05,985 [pool-695-thread-1] INFO  server.RaftServerConfigKeys (ConfUtils.java:logGet(44)) - raft.server.leaderelection.leader.step-down.wait-time = 10s (default)
2021-05-05 15:14:05,986 [pool-695-thread-1] INFO  server.RaftServerConfigKeys (ConfUtils.java:logGet(44)) - raft.server.sleep.deviation.threshold = 300ms (default)
2021-05-05 15:14:05,986 [pool-695-thread-1] INFO  server.RaftServerConfigKeys (ConfUtils.java:logGet(44)) - raft.server.log.appender.install.snapshot.enabled = false (custom)
2021-05-05 15:14:05,986 [pool-695-thread-1] INFO  server.RaftServer$Division (ServerState.java:<init>(105)) - a99b94f7-bcc3-419a-91d6-c5ca6fccf1ee@group-BFCF83161046: ConfigurationManager, init=-1: [a99b94f7-bcc3-419a-91d6-c5ca6fccf1ee|rpc:172.17.0.2:44371|dataStream:|priority:0, c9225e55-1a9d-4728-b49d-cebf6a0677b3|rpc:172.17.0.2:38287|dataStream:|priority:1, 8cc4f11c-26a9-4978-bb71-8737c51096c0|rpc:172.17.0.2:34407|dataStream:|priority:0], old=null, confs=<EMPTY_MAP>
2021-05-05 15:14:05,986 [pool-695-thread-1] INFO  server.RaftServerConfigKeys (ConfUtils.java:logGet(44)) - raft.server.storage.dir = [/github/workspace/mnt/ozone/hadoop-ozone/integration-test/target/test-dir/MiniOzoneClusterImpl-c76e6b88-ed31-44d7-ac8c-51a305797015/datanode-1/data/ratis] (custom)
2021-05-05 15:14:05,986 [pool-695-thread-1] INFO  server.RaftServerConfigKeys (ConfUtils.java:logGet(44)) - raft.server.log.corruption.policy = EXCEPTION (default)
2021-05-05 15:14:05,986 [pool-695-thread-1] INFO  storage.RaftStorageDirectory (RaftStorageDirectoryImpl.java:analyzeStorage(132)) - The storage directory /github/workspace/mnt/ozone/hadoop-ozone/integration-test/target/test-dir/MiniOzoneClusterImpl-c76e6b88-ed31-44d7-ac8c-51a305797015/datanode-1/data/ratis/2dc2dbe7-ca3e-4d45-bdcb-bfcf83161046 does not exist. Creating ...
2021-05-05 15:14:05,987 [pool-695-thread-1] INFO  storage.RaftStorageDirectory (RaftStorageDirectoryImpl.java:tryLock(215)) - Lock on /github/workspace/mnt/ozone/hadoop-ozone/integration-test/target/test-dir/MiniOzoneClusterImpl-c76e6b88-ed31-44d7-ac8c-51a305797015/datanode-1/data/ratis/2dc2dbe7-ca3e-4d45-bdcb-bfcf83161046/in_use.lock acquired by nodename 25793@d81b9af81a7a
2021-05-05 15:14:05,989 [pool-695-thread-1] INFO  storage.RaftStorage (RaftStorageImpl.java:format(87)) - Storage directory /github/workspace/mnt/ozone/hadoop-ozone/integration-test/target/test-dir/MiniOzoneClusterImpl-c76e6b88-ed31-44d7-ac8c-51a305797015/datanode-1/data/ratis/2dc2dbe7-ca3e-4d45-bdcb-bfcf83161046 has been successfully formatted.
2021-05-05 15:14:05,989 [pool-695-thread-1] INFO  ratis.ContainerStateMachine (ContainerStateMachine.java:loadSnapshot(224)) - group-BFCF83161046: The snapshot info is null. Setting the last applied indexto:(t:0, i:~)
2021-05-05 15:14:05,989 [pool-695-thread-1] INFO  server.RaftServerConfigKeys (ConfUtils.java:logGet(44)) - raft.server.notification.no-leader.timeout = 300000ms (custom)
2021-05-05 15:14:05,990 [pool-695-thread-1] INFO  server.RaftServerConfigKeys (ConfUtils.java:logGet(44)) - raft.server.log.use.memory = false (default)
2021-05-05 15:14:05,990 [pool-695-thread-1] INFO  server.RaftServerConfigKeys (ConfUtils.java:logGet(44)) - raft.server.log.purge.gap = 1000000 (custom)
2021-05-05 15:14:05,990 [pool-695-thread-1] INFO  server.RaftServerConfigKeys (ConfUtils.java:logGet(44)) - raft.server.log.appender.buffer.byte-limit = 33554432 (custom)
2021-05-05 15:14:05,990 [EventQueue-PipelineReportForOneReplicaPipelineSafeModeRule] INFO  safemode.SCMSafeModeManager (SCMSafeModeManager.java:validateSafeModeExitRules(201)) - AtleastOneDatanodeReportedRule rule is successfully validated
2021-05-05 15:14:05,990 [pool-695-thread-1] INFO  metrics.RatisMetrics (RatisMetrics.java:lambda$create$0(36)) - Creating Metrics Registry : ratis.log_worker.a99b94f7-bcc3-419a-91d6-c5ca6fccf1ee@group-BFCF83161046
2021-05-05 15:14:05,990 [pool-695-thread-1] INFO  server.RaftServerConfigKeys (ConfUtils.java:logGet(44)) - raft.server.log.segment.size.max = 1048576 (custom)
2021-05-05 15:14:05,991 [pool-695-thread-1] INFO  server.RaftServerConfigKeys (ConfUtils.java:logGet(44)) - raft.server.log.segment.cache.num.max = 2 (custom)
2021-05-05 15:14:05,991 [pool-695-thread-1] INFO  server.RaftServerConfigKeys (ConfUtils.java:logGet(44)) - raft.server.log.segment.cache.size.max = 200MB (=209715200) (default)
2021-05-05 15:14:05,991 [pool-695-thread-1] INFO  segmented.SegmentedRaftLogWorker (SegmentedRaftLogWorker.java:<init>(182)) - new a99b94f7-bcc3-419a-91d6-c5ca6fccf1ee@group-BFCF83161046-SegmentedRaftLogWorker for RaftStorageImpl:Storage Directory /github/workspace/mnt/ozone/hadoop-ozone/integration-test/target/test-dir/MiniOzoneClusterImpl-c76e6b88-ed31-44d7-ac8c-51a305797015/datanode-1/data/ratis/2dc2dbe7-ca3e-4d45-bdcb-bfcf83161046
2021-05-05 15:14:05,991 [pool-695-thread-1] INFO  server.RaftServerConfigKeys (ConfUtils.java:logGet(44)) - raft.server.log.queue.byte-limit = 2147483647 (custom)
2021-05-05 15:14:05,991 [pool-695-thread-1] INFO  server.RaftServerConfigKeys (ConfUtils.java:logGet(44)) - raft.server.log.queue.element-limit = 1024 (custom)
2021-05-05 15:14:05,991 [pool-695-thread-1] INFO  server.RaftServerConfigKeys (ConfUtils.java:logGet(44)) - raft.server.log.segment.size.max = 1048576 (custom)
2021-05-05 15:14:05,991 [pool-695-thread-1] INFO  server.RaftServerConfigKeys (ConfUtils.java:logGet(44)) - raft.server.log.preallocated.size = 16384 (custom)
2021-05-05 15:14:05,991 [pool-695-thread-1] INFO  server.RaftServerConfigKeys (ConfUtils.java:logGet(44)) - raft.server.log.force.sync.num = 128 (default)
2021-05-05 15:14:05,991 [pool-695-thread-1] INFO  server.RaftServerConfigKeys (ConfUtils.java:logGet(44)) - raft.server.log.statemachine.data.sync = true (default)
2021-05-05 15:14:05,992 [pool-695-thread-1] INFO  server.RaftServerConfigKeys (ConfUtils.java:logGet(44)) - raft.server.log.statemachine.data.sync.timeout = 10s (default)
2021-05-05 15:14:05,992 [pool-695-thread-1] INFO  server.RaftServerConfigKeys (ConfUtils.java:logGet(44)) - raft.server.log.statemachine.data.sync.timeout.retry = -1 (default)
2021-05-05 15:14:05,993 [pool-695-thread-1] INFO  server.RaftServerConfigKeys (ConfUtils.java:logGet(44)) - raft.server.log.write.buffer.size = 1048576 (custom)
2021-05-05 15:14:05,994 [pool-695-thread-1] INFO  server.RaftServerConfigKeys (ConfUtils.java:logGet(44)) - raft.server.log.statemachine.data.caching.enabled = true (custom)
2021-05-05 15:14:05,994 [pool-695-thread-1] INFO  segmented.SegmentedRaftLogWorker (SegmentedRaftLogWorker.java:lambda$new$0(133)) - a99b94f7-bcc3-419a-91d6-c5ca6fccf1ee@group-BFCF83161046-SegmentedRaftLogWorker: flushIndex: setUnconditionally 0 -> -1
2021-05-05 15:14:05,994 [pool-695-thread-1] INFO  segmented.SegmentedRaftLogWorker (SegmentedRaftLogWorker.java:lambda$new$0(133)) - a99b94f7-bcc3-419a-91d6-c5ca6fccf1ee@group-BFCF83161046-SegmentedRaftLogWorker: safeCacheEvictIndex: setUnconditionally 0 -> -1
2021-05-05 15:14:05,995 [pool-695-thread-1] INFO  server.RaftServerConfigKeys (ConfUtils.java:logGet(44)) - raft.server.snapshot.auto.trigger.enabled = true (custom)
2021-05-05 15:14:05,995 [pool-695-thread-1] INFO  server.RaftServerConfigKeys (ConfUtils.java:logGet(44)) - raft.server.snapshot.auto.trigger.threshold = 10000 (custom)
2021-05-05 15:14:05,995 [pool-695-thread-1] INFO  server.RaftServerConfigKeys (ConfUtils.java:logGet(44)) - raft.server.snapshot.retention.file.num = 5 (custom)
2021-05-05 15:14:05,995 [pool-695-thread-1] INFO  server.RaftServerConfigKeys (ConfUtils.java:logGet(44)) - raft.server.log.purge.upto.snapshot.index = false (default)
2021-05-05 15:14:05,995 [pool-695-thread-1] INFO  server.RaftServerConfigKeys (ConfUtils.java:logGet(44)) - raft.server.retrycache.expirytime = 600000ms (custom)
2021-05-05 15:14:05,995 [pool-695-thread-1] INFO  server.RaftServerConfigKeys (ConfUtils.java:logGet(44)) - raft.server.retrycache.statistics.expirytime = 100?s (default)
2021-05-05 15:14:05,995 [pool-695-thread-1] INFO  metrics.RatisMetrics (RatisMetrics.java:lambda$create$0(36)) - Creating Metrics Registry : ratis.leader_election.a99b94f7-bcc3-419a-91d6-c5ca6fccf1ee@group-BFCF83161046
2021-05-05 15:14:05,996 [pool-695-thread-1] INFO  metrics.RatisMetrics (RatisMetrics.java:lambda$create$0(36)) - Creating Metrics Registry : ratis.server.a99b94f7-bcc3-419a-91d6-c5ca6fccf1ee@group-BFCF83161046
2021-05-05 15:14:05,998 [pool-695-thread-1] INFO  server.RaftServer$Division (RaftServerImpl.java:start(295)) - a99b94f7-bcc3-419a-91d6-c5ca6fccf1ee@group-BFCF83161046: start as a follower, conf=-1: [a99b94f7-bcc3-419a-91d6-c5ca6fccf1ee|rpc:172.17.0.2:44371|dataStream:|priority:0, c9225e55-1a9d-4728-b49d-cebf6a0677b3|rpc:172.17.0.2:38287|dataStream:|priority:1, 8cc4f11c-26a9-4978-bb71-8737c51096c0|rpc:172.17.0.2:34407|dataStream:|priority:0], old=null
2021-05-05 15:14:05,998 [pool-695-thread-1] INFO  server.RaftServer$Division (RaftServerImpl.java:setRole(284)) - a99b94f7-bcc3-419a-91d6-c5ca6fccf1ee@group-BFCF83161046: changes role from      null to FOLLOWER at term 0 for startAsFollower
2021-05-05 15:14:05,998 [pool-695-thread-1] INFO  impl.RoleInfo (RoleInfo.java:updateAndGet(130)) - a99b94f7-bcc3-419a-91d6-c5ca6fccf1ee: start a99b94f7-bcc3-419a-91d6-c5ca6fccf1ee@group-BFCF83161046-FollowerState
2021-05-05 15:14:05,998 [pool-695-thread-1] INFO  util.JmxRegister (JmxRegister.java:tryRegister(44)) - Successfully registered JMX Bean with object name Ratis:service=RaftServer,group=group-BFCF83161046,id=a99b94f7-bcc3-419a-91d6-c5ca6fccf1ee
2021-05-05 15:14:05,998 [pool-695-thread-1] INFO  metrics.RatisMetrics (RatisMetrics.java:lambda$create$0(36)) - Creating Metrics Registry : ratis.state_machine.a99b94f7-bcc3-419a-91d6-c5ca6fccf1ee@group-BFCF83161046
2021-05-05 15:14:06,002 [Command processor thread] INFO  commandhandler.CreatePipelineCommandHandler (CreatePipelineCommandHandler.java:handle(106)) - Created Pipeline RATIS THREE PipelineID=2dc2dbe7-ca3e-4d45-bdcb-bfcf83161046.
2021-05-05 15:14:06,128 [Command processor thread] INFO  server.RaftServer (RaftServerProxy.java:addNew(95)) - a99b94f7-bcc3-419a-91d6-c5ca6fccf1ee: addNew group-312B05C36F4A:[a99b94f7-bcc3-419a-91d6-c5ca6fccf1ee|rpc:172.17.0.2:44371|priority:1] returns group-312B05C36F4A:java.util.concurrent.CompletableFuture@3aeb827f[Not completed]
2021-05-05 15:14:06,128 [pool-695-thread-1] INFO  server.RaftServer$Division (RaftServerImpl.java:<init>(180)) - a99b94f7-bcc3-419a-91d6-c5ca6fccf1ee: new RaftServerImpl for group-312B05C36F4A:[a99b94f7-bcc3-419a-91d6-c5ca6fccf1ee|rpc:172.17.0.2:44371|priority:1] with ContainerStateMachine:uninitialized
2021-05-05 15:14:06,128 [pool-695-thread-1] INFO  server.RaftServerConfigKeys (ConfUtils.java:logGet(44)) - raft.server.rpc.timeout.min = 5s (custom)
2021-05-05 15:14:06,128 [pool-695-thread-1] INFO  server.RaftServerConfigKeys (ConfUtils.java:logGet(44)) - raft.server.rpc.timeout.max = 5200ms (custom)
2021-05-05 15:14:06,128 [pool-695-thread-1] INFO  server.RaftServerConfigKeys (ConfUtils.java:logGet(44)) - raft.server.rpc.sleep.time = 25ms (default)
2021-05-05 15:14:06,129 [pool-695-thread-1] INFO  server.RaftServerConfigKeys (ConfUtils.java:logGet(44)) - raft.server.rpc.slowness.timeout = 300000ms (custom)
2021-05-05 15:14:06,129 [pool-695-thread-1] INFO  server.RaftServerConfigKeys (ConfUtils.java:logGet(44)) - raft.server.leaderelection.leader.step-down.wait-time = 10s (default)
2021-05-05 15:14:06,129 [pool-695-thread-1] INFO  server.RaftServerConfigKeys (ConfUtils.java:logGet(44)) - raft.server.sleep.deviation.threshold = 300ms (default)
2021-05-05 15:14:06,129 [pool-695-thread-1] INFO  server.RaftServerConfigKeys (ConfUtils.java:logGet(44)) - raft.server.log.appender.install.snapshot.enabled = false (custom)
2021-05-05 15:14:06,129 [pool-695-thread-1] INFO  server.RaftServer$Division (ServerState.java:<init>(105)) - a99b94f7-bcc3-419a-91d6-c5ca6fccf1ee@group-312B05C36F4A: ConfigurationManager, init=-1: [a99b94f7-bcc3-419a-91d6-c5ca6fccf1ee|rpc:172.17.0.2:44371|priority:1], old=null, confs=<EMPTY_MAP>
2021-05-05 15:14:06,129 [pool-695-thread-1] INFO  server.RaftServerConfigKeys (ConfUtils.java:logGet(44)) - raft.server.storage.dir = [/github/workspace/mnt/ozone/hadoop-ozone/integration-test/target/test-dir/MiniOzoneClusterImpl-c76e6b88-ed31-44d7-ac8c-51a305797015/datanode-1/data/ratis] (custom)
2021-05-05 15:14:06,129 [pool-695-thread-1] INFO  server.RaftServerConfigKeys (ConfUtils.java:logGet(44)) - raft.server.log.corruption.policy = EXCEPTION (default)
2021-05-05 15:14:06,129 [pool-695-thread-1] INFO  storage.RaftStorageDirectory (RaftStorageDirectoryImpl.java:analyzeStorage(132)) - The storage directory /github/workspace/mnt/ozone/hadoop-ozone/integration-test/target/test-dir/MiniOzoneClusterImpl-c76e6b88-ed31-44d7-ac8c-51a305797015/datanode-1/data/ratis/1d6913de-fc3d-4972-9de6-312b05c36f4a does not exist. Creating ...
2021-05-05 15:14:06,130 [pool-695-thread-1] INFO  storage.RaftStorageDirectory (RaftStorageDirectoryImpl.java:tryLock(215)) - Lock on /github/workspace/mnt/ozone/hadoop-ozone/integration-test/target/test-dir/MiniOzoneClusterImpl-c76e6b88-ed31-44d7-ac8c-51a305797015/datanode-1/data/ratis/1d6913de-fc3d-4972-9de6-312b05c36f4a/in_use.lock acquired by nodename 25793@d81b9af81a7a
2021-05-05 15:14:06,131 [pool-695-thread-1] INFO  storage.RaftStorage (RaftStorageImpl.java:format(87)) - Storage directory /github/workspace/mnt/ozone/hadoop-ozone/integration-test/target/test-dir/MiniOzoneClusterImpl-c76e6b88-ed31-44d7-ac8c-51a305797015/datanode-1/data/ratis/1d6913de-fc3d-4972-9de6-312b05c36f4a has been successfully formatted.
2021-05-05 15:14:06,132 [pool-695-thread-1] INFO  ratis.ContainerStateMachine (ContainerStateMachine.java:loadSnapshot(224)) - group-312B05C36F4A: The snapshot info is null. Setting the last applied indexto:(t:0, i:~)
2021-05-05 15:14:06,132 [pool-695-thread-1] INFO  server.RaftServerConfigKeys (ConfUtils.java:logGet(44)) - raft.server.notification.no-leader.timeout = 300000ms (custom)
2021-05-05 15:14:06,132 [pool-695-thread-1] INFO  server.RaftServerConfigKeys (ConfUtils.java:logGet(44)) - raft.server.log.use.memory = false (default)
2021-05-05 15:14:06,132 [pool-695-thread-1] INFO  server.RaftServerConfigKeys (ConfUtils.java:logGet(44)) - raft.server.log.purge.gap = 1000000 (custom)
2021-05-05 15:14:06,132 [pool-695-thread-1] INFO  server.RaftServerConfigKeys (ConfUtils.java:logGet(44)) - raft.server.log.appender.buffer.byte-limit = 33554432 (custom)
2021-05-05 15:14:06,132 [EventQueue-PipelineReportForPipelineReportHandler] INFO  pipeline.PipelineManagerV2Impl (PipelineManagerV2Impl.java:openPipeline(270)) - Pipeline Pipeline[ Id: 1d6913de-fc3d-4972-9de6-312b05c36f4a, Nodes: a99b94f7-bcc3-419a-91d6-c5ca6fccf1ee{ip: 172.17.0.2, host: d81b9af81a7a, ports: [REPLICATION=39681, RATIS=44371, RATIS_ADMIN=44371, RATIS_SERVER=44371, STANDALONE=37087], networkLocation: /default-rack, certSerialId: null, persistedOpState: IN_SERVICE, persistedOpStateExpiryEpochSec: 0}, ReplicationConfig: RATIS/ONE, State:ALLOCATED, leaderId:a99b94f7-bcc3-419a-91d6-c5ca6fccf1ee, CreationTimestamp2021-05-05T15:14:03.129Z] moved to OPEN state
2021-05-05 15:14:06,133 [EventQueue-PipelineReportForOneReplicaPipelineSafeModeRule] INFO  safemode.SCMSafeModeManager (SCMSafeModeManager.java:validateSafeModeExitRules(201)) - AtleastOneDatanodeReportedRule rule is successfully validated
2021-05-05 15:14:06,132 [pool-695-thread-1] INFO  metrics.RatisMetrics (RatisMetrics.java:lambda$create$0(36)) - Creating Metrics Registry : ratis.log_worker.a99b94f7-bcc3-419a-91d6-c5ca6fccf1ee@group-312B05C36F4A
2021-05-05 15:14:06,133 [EventQueue-OpenPipelineForHealthyPipelineSafeModeRule] INFO  safemode.SCMSafeModeManager (HealthyPipelineSafeModeRule.java:process(130)) - SCM in safe mode. Healthy pipelines reported count is 0, required healthy pipeline reported count is 1
2021-05-05 15:14:06,133 [pool-695-thread-1] INFO  server.RaftServerConfigKeys (ConfUtils.java:logGet(44)) - raft.server.log.segment.size.max = 1048576 (custom)
2021-05-05 15:14:06,134 [pool-695-thread-1] INFO  server.RaftServerConfigKeys (ConfUtils.java:logGet(44)) - raft.server.log.segment.cache.num.max = 2 (custom)
2021-05-05 15:14:06,134 [pool-695-thread-1] INFO  server.RaftServerConfigKeys (ConfUtils.java:logGet(44)) - raft.server.log.segment.cache.size.max = 200MB (=209715200) (default)
2021-05-05 15:14:06,134 [pool-695-thread-1] INFO  segmented.SegmentedRaftLogWorker (SegmentedRaftLogWorker.java:<init>(182)) - new a99b94f7-bcc3-419a-91d6-c5ca6fccf1ee@group-312B05C36F4A-SegmentedRaftLogWorker for RaftStorageImpl:Storage Directory /github/workspace/mnt/ozone/hadoop-ozone/integration-test/target/test-dir/MiniOzoneClusterImpl-c76e6b88-ed31-44d7-ac8c-51a305797015/datanode-1/data/ratis/1d6913de-fc3d-4972-9de6-312b05c36f4a
2021-05-05 15:14:06,134 [pool-695-thread-1] INFO  server.RaftServerConfigKeys (ConfUtils.java:logGet(44)) - raft.server.log.queue.byte-limit = 2147483647 (custom)
2021-05-05 15:14:06,134 [pool-695-thread-1] INFO  server.RaftServerConfigKeys (ConfUtils.java:logGet(44)) - raft.server.log.queue.element-limit = 1024 (custom)
2021-05-05 15:14:06,134 [pool-695-thread-1] INFO  server.RaftServerConfigKeys (ConfUtils.java:logGet(44)) - raft.server.log.segment.size.max = 1048576 (custom)
2021-05-05 15:14:06,134 [pool-695-thread-1] INFO  server.RaftServerConfigKeys (ConfUtils.java:logGet(44)) - raft.server.log.preallocated.size = 16384 (custom)
2021-05-05 15:14:06,134 [pool-695-thread-1] INFO  server.RaftServerConfigKeys (ConfUtils.java:logGet(44)) - raft.server.log.force.sync.num = 128 (default)
2021-05-05 15:14:06,134 [pool-695-thread-1] INFO  server.RaftServerConfigKeys (ConfUtils.java:logGet(44)) - raft.server.log.statemachine.data.sync = true (default)
2021-05-05 15:14:06,134 [pool-695-thread-1] INFO  server.RaftServerConfigKeys (ConfUtils.java:logGet(44)) - raft.server.log.statemachine.data.sync.timeout = 10s (default)
2021-05-05 15:14:06,134 [pool-695-thread-1] INFO  server.RaftServerConfigKeys (ConfUtils.java:logGet(44)) - raft.server.log.statemachine.data.sync.timeout.retry = -1 (default)
2021-05-05 15:14:06,136 [pool-695-thread-1] INFO  server.RaftServerConfigKeys (ConfUtils.java:logGet(44)) - raft.server.log.write.buffer.size = 1048576 (custom)
2021-05-05 15:14:06,137 [pool-695-thread-1] INFO  server.RaftServerConfigKeys (ConfUtils.java:logGet(44)) - raft.server.log.statemachine.data.caching.enabled = true (custom)
2021-05-05 15:14:06,137 [pool-695-thread-1] INFO  segmented.SegmentedRaftLogWorker (SegmentedRaftLogWorker.java:lambda$new$0(133)) - a99b94f7-bcc3-419a-91d6-c5ca6fccf1ee@group-312B05C36F4A-SegmentedRaftLogWorker: flushIndex: setUnconditionally 0 -> -1
2021-05-05 15:14:06,137 [pool-695-thread-1] INFO  segmented.SegmentedRaftLogWorker (SegmentedRaftLogWorker.java:lambda$new$0(133)) - a99b94f7-bcc3-419a-91d6-c5ca6fccf1ee@group-312B05C36F4A-SegmentedRaftLogWorker: safeCacheEvictIndex: setUnconditionally 0 -> -1
2021-05-05 15:14:06,137 [pool-695-thread-1] INFO  server.RaftServerConfigKeys (ConfUtils.java:logGet(44)) - raft.server.snapshot.auto.trigger.enabled = true (custom)
2021-05-05 15:14:06,138 [pool-695-thread-1] INFO  server.RaftServerConfigKeys (ConfUtils.java:logGet(44)) - raft.server.snapshot.auto.trigger.threshold = 10000 (custom)
2021-05-05 15:14:06,138 [pool-695-thread-1] INFO  server.RaftServerConfigKeys (ConfUtils.java:logGet(44)) - raft.server.snapshot.retention.file.num = 5 (custom)
2021-05-05 15:14:06,138 [pool-695-thread-1] INFO  server.RaftServerConfigKeys (ConfUtils.java:logGet(44)) - raft.server.log.purge.upto.snapshot.index = false (default)
2021-05-05 15:14:06,138 [pool-695-thread-1] INFO  server.RaftServerConfigKeys (ConfUtils.java:logGet(44)) - raft.server.retrycache.expirytime = 600000ms (custom)
2021-05-05 15:14:06,138 [pool-695-thread-1] INFO  server.RaftServerConfigKeys (ConfUtils.java:logGet(44)) - raft.server.retrycache.statistics.expirytime = 100?s (default)
2021-05-05 15:14:06,138 [pool-695-thread-1] INFO  metrics.RatisMetrics (RatisMetrics.java:lambda$create$0(36)) - Creating Metrics Registry : ratis.leader_election.a99b94f7-bcc3-419a-91d6-c5ca6fccf1ee@group-312B05C36F4A
2021-05-05 15:14:06,139 [pool-695-thread-1] INFO  metrics.RatisMetrics (RatisMetrics.java:lambda$create$0(36)) - Creating Metrics Registry : ratis.server.a99b94f7-bcc3-419a-91d6-c5ca6fccf1ee@group-312B05C36F4A
2021-05-05 15:14:06,140 [pool-695-thread-1] INFO  server.RaftServer$Division (RaftServerImpl.java:start(295)) - a99b94f7-bcc3-419a-91d6-c5ca6fccf1ee@group-312B05C36F4A: start as a follower, conf=-1: [a99b94f7-bcc3-419a-91d6-c5ca6fccf1ee|rpc:172.17.0.2:44371|priority:1], old=null
2021-05-05 15:14:06,140 [pool-695-thread-1] INFO  server.RaftServer$Division (RaftServerImpl.java:setRole(284)) - a99b94f7-bcc3-419a-91d6-c5ca6fccf1ee@group-312B05C36F4A: changes role from      null to FOLLOWER at term 0 for startAsFollower
2021-05-05 15:14:06,140 [pool-695-thread-1] INFO  impl.RoleInfo (RoleInfo.java:updateAndGet(130)) - a99b94f7-bcc3-419a-91d6-c5ca6fccf1ee: start a99b94f7-bcc3-419a-91d6-c5ca6fccf1ee@group-312B05C36F4A-FollowerState
2021-05-05 15:14:06,141 [pool-695-thread-1] INFO  util.JmxRegister (JmxRegister.java:tryRegister(44)) - Successfully registered JMX Bean with object name Ratis:service=RaftServer,group=group-312B05C36F4A,id=a99b94f7-bcc3-419a-91d6-c5ca6fccf1ee
2021-05-05 15:14:06,141 [pool-695-thread-1] INFO  metrics.RatisMetrics (RatisMetrics.java:lambda$create$0(36)) - Creating Metrics Registry : ratis.state_machine.a99b94f7-bcc3-419a-91d6-c5ca6fccf1ee@group-312B05C36F4A
2021-05-05 15:14:06,142 [Command processor thread] INFO  ratis.XceiverServerRatis (XceiverServerRatis.java:addGroup(808)) - Created group PipelineID=1d6913de-fc3d-4972-9de6-312b05c36f4a
2021-05-05 15:14:06,142 [Command processor thread] INFO  commandhandler.CreatePipelineCommandHandler (CreatePipelineCommandHandler.java:handle(106)) - Created Pipeline RATIS ONE PipelineID=1d6913de-fc3d-4972-9de6-312b05c36f4a.
2021-05-05 15:14:06,376 [Command processor thread] INFO  server.RaftServer (RaftServerProxy.java:addNew(95)) - c9225e55-1a9d-4728-b49d-cebf6a0677b3: addNew group-674E8E270EE1:[c9225e55-1a9d-4728-b49d-cebf6a0677b3|rpc:172.17.0.2:38287|priority:1] returns group-674E8E270EE1:java.util.concurrent.CompletableFuture@2c27b924[Not completed]
2021-05-05 15:14:06,377 [pool-713-thread-1] INFO  server.RaftServer$Division (RaftServerImpl.java:<init>(180)) - c9225e55-1a9d-4728-b49d-cebf6a0677b3: new RaftServerImpl for group-674E8E270EE1:[c9225e55-1a9d-4728-b49d-cebf6a0677b3|rpc:172.17.0.2:38287|priority:1] with ContainerStateMachine:uninitialized
2021-05-05 15:14:06,377 [pool-713-thread-1] INFO  server.RaftServerConfigKeys (ConfUtils.java:logGet(44)) - raft.server.rpc.timeout.min = 5s (custom)
2021-05-05 15:14:06,377 [pool-713-thread-1] INFO  server.RaftServerConfigKeys (ConfUtils.java:logGet(44)) - raft.server.rpc.timeout.max = 5200ms (custom)
2021-05-05 15:14:06,377 [pool-713-thread-1] INFO  server.RaftServerConfigKeys (ConfUtils.java:logGet(44)) - raft.server.rpc.sleep.time = 25ms (default)
2021-05-05 15:14:06,377 [pool-713-thread-1] INFO  server.RaftServerConfigKeys (ConfUtils.java:logGet(44)) - raft.server.rpc.slowness.timeout = 300000ms (custom)
2021-05-05 15:14:06,377 [pool-713-thread-1] INFO  server.RaftServerConfigKeys (ConfUtils.java:logGet(44)) - raft.server.leaderelection.leader.step-down.wait-time = 10s (default)
2021-05-05 15:14:06,377 [pool-713-thread-1] INFO  server.RaftServerConfigKeys (ConfUtils.java:logGet(44)) - raft.server.sleep.deviation.threshold = 300ms (default)
2021-05-05 15:14:06,377 [pool-713-thread-1] INFO  server.RaftServerConfigKeys (ConfUtils.java:logGet(44)) - raft.server.log.appender.install.snapshot.enabled = false (custom)
2021-05-05 15:14:06,377 [pool-713-thread-1] INFO  server.RaftServer$Division (ServerState.java:<init>(105)) - c9225e55-1a9d-4728-b49d-cebf6a0677b3@group-674E8E270EE1: ConfigurationManager, init=-1: [c9225e55-1a9d-4728-b49d-cebf6a0677b3|rpc:172.17.0.2:38287|priority:1], old=null, confs=<EMPTY_MAP>
2021-05-05 15:14:06,377 [pool-713-thread-1] INFO  server.RaftServerConfigKeys (ConfUtils.java:logGet(44)) - raft.server.storage.dir = [/github/workspace/mnt/ozone/hadoop-ozone/integration-test/target/test-dir/MiniOzoneClusterImpl-c76e6b88-ed31-44d7-ac8c-51a305797015/datanode-2/data/ratis] (custom)
2021-05-05 15:14:06,377 [pool-713-thread-1] INFO  server.RaftServerConfigKeys (ConfUtils.java:logGet(44)) - raft.server.log.corruption.policy = EXCEPTION (default)
2021-05-05 15:14:06,377 [pool-713-thread-1] INFO  storage.RaftStorageDirectory (RaftStorageDirectoryImpl.java:analyzeStorage(132)) - The storage directory /github/workspace/mnt/ozone/hadoop-ozone/integration-test/target/test-dir/MiniOzoneClusterImpl-c76e6b88-ed31-44d7-ac8c-51a305797015/datanode-2/data/ratis/ab19c863-e790-44a0-9343-674e8e270ee1 does not exist. Creating ...
2021-05-05 15:14:06,379 [pool-713-thread-1] INFO  storage.RaftStorageDirectory (RaftStorageDirectoryImpl.java:tryLock(215)) - Lock on /github/workspace/mnt/ozone/hadoop-ozone/integration-test/target/test-dir/MiniOzoneClusterImpl-c76e6b88-ed31-44d7-ac8c-51a305797015/datanode-2/data/ratis/ab19c863-e790-44a0-9343-674e8e270ee1/in_use.lock acquired by nodename 25793@d81b9af81a7a
2021-05-05 15:14:06,381 [pool-713-thread-1] INFO  storage.RaftStorage (RaftStorageImpl.java:format(87)) - Storage directory /github/workspace/mnt/ozone/hadoop-ozone/integration-test/target/test-dir/MiniOzoneClusterImpl-c76e6b88-ed31-44d7-ac8c-51a305797015/datanode-2/data/ratis/ab19c863-e790-44a0-9343-674e8e270ee1 has been successfully formatted.
2021-05-05 15:14:06,381 [pool-713-thread-1] INFO  ratis.ContainerStateMachine (ContainerStateMachine.java:loadSnapshot(224)) - group-674E8E270EE1: The snapshot info is null. Setting the last applied indexto:(t:0, i:~)
2021-05-05 15:14:06,381 [pool-713-thread-1] INFO  server.RaftServerConfigKeys (ConfUtils.java:logGet(44)) - raft.server.notification.no-leader.timeout = 300000ms (custom)
2021-05-05 15:14:06,381 [pool-713-thread-1] INFO  server.RaftServerConfigKeys (ConfUtils.java:logGet(44)) - raft.server.log.use.memory = false (default)
2021-05-05 15:14:06,381 [pool-713-thread-1] INFO  server.RaftServerConfigKeys (ConfUtils.java:logGet(44)) - raft.server.log.purge.gap = 1000000 (custom)
2021-05-05 15:14:06,382 [EventQueue-PipelineReportForOneReplicaPipelineSafeModeRule] INFO  safemode.SCMSafeModeManager (SCMSafeModeManager.java:validateSafeModeExitRules(201)) - AtleastOneDatanodeReportedRule rule is successfully validated
2021-05-05 15:14:06,382 [EventQueue-PipelineReportForPipelineReportHandler] INFO  pipeline.PipelineManagerV2Impl (PipelineManagerV2Impl.java:openPipeline(270)) - Pipeline Pipeline[ Id: ab19c863-e790-44a0-9343-674e8e270ee1, Nodes: c9225e55-1a9d-4728-b49d-cebf6a0677b3{ip: 172.17.0.2, host: d81b9af81a7a, ports: [REPLICATION=42701, RATIS=38287, RATIS_ADMIN=38287, RATIS_SERVER=38287, STANDALONE=36241], networkLocation: /default-rack, certSerialId: null, persistedOpState: IN_SERVICE, persistedOpStateExpiryEpochSec: 0}, ReplicationConfig: RATIS/ONE, State:ALLOCATED, leaderId:c9225e55-1a9d-4728-b49d-cebf6a0677b3, CreationTimestamp2021-05-05T15:14:03.379Z] moved to OPEN state
2021-05-05 15:14:06,382 [pool-713-thread-1] INFO  server.RaftServerConfigKeys (ConfUtils.java:logGet(44)) - raft.server.log.appender.buffer.byte-limit = 33554432 (custom)
2021-05-05 15:14:06,382 [pool-713-thread-1] INFO  metrics.RatisMetrics (RatisMetrics.java:lambda$create$0(36)) - Creating Metrics Registry : ratis.log_worker.c9225e55-1a9d-4728-b49d-cebf6a0677b3@group-674E8E270EE1
2021-05-05 15:14:06,382 [EventQueue-OpenPipelineForHealthyPipelineSafeModeRule] INFO  safemode.SCMSafeModeManager (HealthyPipelineSafeModeRule.java:process(130)) - SCM in safe mode. Healthy pipelines reported count is 0, required healthy pipeline reported count is 1
2021-05-05 15:14:06,382 [pool-713-thread-1] INFO  server.RaftServerConfigKeys (ConfUtils.java:logGet(44)) - raft.server.log.segment.size.max = 1048576 (custom)
2021-05-05 15:14:06,383 [pool-713-thread-1] INFO  server.RaftServerConfigKeys (ConfUtils.java:logGet(44)) - raft.server.log.segment.cache.num.max = 2 (custom)
2021-05-05 15:14:06,383 [pool-713-thread-1] INFO  server.RaftServerConfigKeys (ConfUtils.java:logGet(44)) - raft.server.log.segment.cache.size.max = 200MB (=209715200) (default)
2021-05-05 15:14:06,383 [pool-713-thread-1] INFO  segmented.SegmentedRaftLogWorker (SegmentedRaftLogWorker.java:<init>(182)) - new c9225e55-1a9d-4728-b49d-cebf6a0677b3@group-674E8E270EE1-SegmentedRaftLogWorker for RaftStorageImpl:Storage Directory /github/workspace/mnt/ozone/hadoop-ozone/integration-test/target/test-dir/MiniOzoneClusterImpl-c76e6b88-ed31-44d7-ac8c-51a305797015/datanode-2/data/ratis/ab19c863-e790-44a0-9343-674e8e270ee1
2021-05-05 15:14:06,383 [pool-713-thread-1] INFO  server.RaftServerConfigKeys (ConfUtils.java:logGet(44)) - raft.server.log.queue.byte-limit = 2147483647 (custom)
2021-05-05 15:14:06,384 [pool-713-thread-1] INFO  server.RaftServerConfigKeys (ConfUtils.java:logGet(44)) - raft.server.log.queue.element-limit = 1024 (custom)
2021-05-05 15:14:06,384 [pool-713-thread-1] INFO  server.RaftServerConfigKeys (ConfUtils.java:logGet(44)) - raft.server.log.segment.size.max = 1048576 (custom)
2021-05-05 15:14:06,384 [pool-713-thread-1] INFO  server.RaftServerConfigKeys (ConfUtils.java:logGet(44)) - raft.server.log.preallocated.size = 16384 (custom)
2021-05-05 15:14:06,384 [pool-713-thread-1] INFO  server.RaftServerConfigKeys (ConfUtils.java:logGet(44)) - raft.server.log.force.sync.num = 128 (default)
2021-05-05 15:14:06,384 [pool-713-thread-1] INFO  server.RaftServerConfigKeys (ConfUtils.java:logGet(44)) - raft.server.log.statemachine.data.sync = true (default)
2021-05-05 15:14:06,384 [pool-713-thread-1] INFO  server.RaftServerConfigKeys (ConfUtils.java:logGet(44)) - raft.server.log.statemachine.data.sync.timeout = 10s (default)
2021-05-05 15:14:06,384 [pool-713-thread-1] INFO  server.RaftServerConfigKeys (ConfUtils.java:logGet(44)) - raft.server.log.statemachine.data.sync.timeout.retry = -1 (default)
2021-05-05 15:14:06,386 [pool-713-thread-1] INFO  server.RaftServerConfigKeys (ConfUtils.java:logGet(44)) - raft.server.log.write.buffer.size = 1048576 (custom)
2021-05-05 15:14:06,386 [pool-713-thread-1] INFO  server.RaftServerConfigKeys (ConfUtils.java:logGet(44)) - raft.server.log.statemachine.data.caching.enabled = true (custom)
2021-05-05 15:14:06,387 [pool-713-thread-1] INFO  segmented.SegmentedRaftLogWorker (SegmentedRaftLogWorker.java:lambda$new$0(133)) - c9225e55-1a9d-4728-b49d-cebf6a0677b3@group-674E8E270EE1-SegmentedRaftLogWorker: flushIndex: setUnconditionally 0 -> -1
2021-05-05 15:14:06,387 [pool-713-thread-1] INFO  segmented.SegmentedRaftLogWorker (SegmentedRaftLogWorker.java:lambda$new$0(133)) - c9225e55-1a9d-4728-b49d-cebf6a0677b3@group-674E8E270EE1-SegmentedRaftLogWorker: safeCacheEvictIndex: setUnconditionally 0 -> -1
2021-05-05 15:14:06,387 [pool-713-thread-1] INFO  server.RaftServerConfigKeys (ConfUtils.java:logGet(44)) - raft.server.snapshot.auto.trigger.enabled = true (custom)
2021-05-05 15:14:06,387 [pool-713-thread-1] INFO  server.RaftServerConfigKeys (ConfUtils.java:logGet(44)) - raft.server.snapshot.auto.trigger.threshold = 10000 (custom)
2021-05-05 15:14:06,387 [pool-713-thread-1] INFO  server.RaftServerConfigKeys (ConfUtils.java:logGet(44)) - raft.server.snapshot.retention.file.num = 5 (custom)
2021-05-05 15:14:06,388 [pool-713-thread-1] INFO  server.RaftServerConfigKeys (ConfUtils.java:logGet(44)) - raft.server.log.purge.upto.snapshot.index = false (default)
2021-05-05 15:14:06,388 [pool-713-thread-1] INFO  server.RaftServerConfigKeys (ConfUtils.java:logGet(44)) - raft.server.retrycache.expirytime = 600000ms (custom)
2021-05-05 15:14:06,388 [pool-713-thread-1] INFO  server.RaftServerConfigKeys (ConfUtils.java:logGet(44)) - raft.server.retrycache.statistics.expirytime = 100?s (default)
2021-05-05 15:14:06,388 [pool-713-thread-1] INFO  metrics.RatisMetrics (RatisMetrics.java:lambda$create$0(36)) - Creating Metrics Registry : ratis.leader_election.c9225e55-1a9d-4728-b49d-cebf6a0677b3@group-674E8E270EE1
2021-05-05 15:14:06,388 [pool-713-thread-1] INFO  metrics.RatisMetrics (RatisMetrics.java:lambda$create$0(36)) - Creating Metrics Registry : ratis.server.c9225e55-1a9d-4728-b49d-cebf6a0677b3@group-674E8E270EE1
2021-05-05 15:14:06,390 [pool-713-thread-1] INFO  server.RaftServer$Division (RaftServerImpl.java:start(295)) - c9225e55-1a9d-4728-b49d-cebf6a0677b3@group-674E8E270EE1: start as a follower, conf=-1: [c9225e55-1a9d-4728-b49d-cebf6a0677b3|rpc:172.17.0.2:38287|priority:1], old=null
2021-05-05 15:14:06,390 [pool-713-thread-1] INFO  server.RaftServer$Division (RaftServerImpl.java:setRole(284)) - c9225e55-1a9d-4728-b49d-cebf6a0677b3@group-674E8E270EE1: changes role from      null to FOLLOWER at term 0 for startAsFollower
2021-05-05 15:14:06,390 [pool-713-thread-1] INFO  impl.RoleInfo (RoleInfo.java:updateAndGet(130)) - c9225e55-1a9d-4728-b49d-cebf6a0677b3: start c9225e55-1a9d-4728-b49d-cebf6a0677b3@group-674E8E270EE1-FollowerState
2021-05-05 15:14:06,391 [pool-713-thread-1] INFO  util.JmxRegister (JmxRegister.java:tryRegister(44)) - Successfully registered JMX Bean with object name Ratis:service=RaftServer,group=group-674E8E270EE1,id=c9225e55-1a9d-4728-b49d-cebf6a0677b3
2021-05-05 15:14:06,391 [pool-713-thread-1] INFO  metrics.RatisMetrics (RatisMetrics.java:lambda$create$0(36)) - Creating Metrics Registry : ratis.state_machine.c9225e55-1a9d-4728-b49d-cebf6a0677b3@group-674E8E270EE1
2021-05-05 15:14:06,392 [Command processor thread] INFO  ratis.XceiverServerRatis (XceiverServerRatis.java:addGroup(808)) - Created group PipelineID=ab19c863-e790-44a0-9343-674e8e270ee1
2021-05-05 15:14:06,392 [Command processor thread] INFO  commandhandler.CreatePipelineCommandHandler (CreatePipelineCommandHandler.java:handle(106)) - Created Pipeline RATIS ONE PipelineID=ab19c863-e790-44a0-9343-674e8e270ee1.
2021-05-05 15:14:06,596 [Command processor thread] INFO  server.RaftServer (RaftServerProxy.java:addNew(95)) - 588c0cf1-2ab3-4f31-88e6-40c30440d309: addNew group-20B1DB7269B1:[588c0cf1-2ab3-4f31-88e6-40c30440d309|rpc:172.17.0.2:46273|priority:1] returns group-20B1DB7269B1:java.util.concurrent.CompletableFuture@2968e4b8[Not completed]
2021-05-05 15:14:06,597 [pool-731-thread-1] INFO  server.RaftServer$Division (RaftServerImpl.java:<init>(180)) - 588c0cf1-2ab3-4f31-88e6-40c30440d309: new RaftServerImpl for group-20B1DB7269B1:[588c0cf1-2ab3-4f31-88e6-40c30440d309|rpc:172.17.0.2:46273|priority:1] with ContainerStateMachine:uninitialized
2021-05-05 15:14:06,597 [pool-731-thread-1] INFO  server.RaftServerConfigKeys (ConfUtils.java:logGet(44)) - raft.server.rpc.timeout.min = 5s (custom)
2021-05-05 15:14:06,597 [pool-731-thread-1] INFO  server.RaftServerConfigKeys (ConfUtils.java:logGet(44)) - raft.server.rpc.timeout.max = 5200ms (custom)
2021-05-05 15:14:06,598 [pool-731-thread-1] INFO  server.RaftServerConfigKeys (ConfUtils.java:logGet(44)) - raft.server.rpc.sleep.time = 25ms (default)
2021-05-05 15:14:06,598 [pool-731-thread-1] INFO  server.RaftServerConfigKeys (ConfUtils.java:logGet(44)) - raft.server.rpc.slowness.timeout = 300000ms (custom)
2021-05-05 15:14:06,598 [pool-731-thread-1] INFO  server.RaftServerConfigKeys (ConfUtils.java:logGet(44)) - raft.server.leaderelection.leader.step-down.wait-time = 10s (default)
2021-05-05 15:14:06,598 [pool-731-thread-1] INFO  server.RaftServerConfigKeys (ConfUtils.java:logGet(44)) - raft.server.sleep.deviation.threshold = 300ms (default)
2021-05-05 15:14:06,598 [pool-731-thread-1] INFO  server.RaftServerConfigKeys (ConfUtils.java:logGet(44)) - raft.server.log.appender.install.snapshot.enabled = false (custom)
2021-05-05 15:14:06,598 [pool-731-thread-1] INFO  server.RaftServer$Division (ServerState.java:<init>(105)) - 588c0cf1-2ab3-4f31-88e6-40c30440d309@group-20B1DB7269B1: ConfigurationManager, init=-1: [588c0cf1-2ab3-4f31-88e6-40c30440d309|rpc:172.17.0.2:46273|priority:1], old=null, confs=<EMPTY_MAP>
2021-05-05 15:14:06,598 [pool-731-thread-1] INFO  server.RaftServerConfigKeys (ConfUtils.java:logGet(44)) - raft.server.storage.dir = [/github/workspace/mnt/ozone/hadoop-ozone/integration-test/target/test-dir/MiniOzoneClusterImpl-c76e6b88-ed31-44d7-ac8c-51a305797015/datanode-3/data/ratis] (custom)
2021-05-05 15:14:06,598 [pool-731-thread-1] INFO  server.RaftServerConfigKeys (ConfUtils.java:logGet(44)) - raft.server.log.corruption.policy = EXCEPTION (default)
2021-05-05 15:14:06,598 [pool-731-thread-1] INFO  storage.RaftStorageDirectory (RaftStorageDirectoryImpl.java:analyzeStorage(132)) - The storage directory /github/workspace/mnt/ozone/hadoop-ozone/integration-test/target/test-dir/MiniOzoneClusterImpl-c76e6b88-ed31-44d7-ac8c-51a305797015/datanode-3/data/ratis/f0cbfb52-3c1c-42d5-823d-20b1db7269b1 does not exist. Creating ...
2021-05-05 15:14:06,600 [pool-731-thread-1] INFO  storage.RaftStorageDirectory (RaftStorageDirectoryImpl.java:tryLock(215)) - Lock on /github/workspace/mnt/ozone/hadoop-ozone/integration-test/target/test-dir/MiniOzoneClusterImpl-c76e6b88-ed31-44d7-ac8c-51a305797015/datanode-3/data/ratis/f0cbfb52-3c1c-42d5-823d-20b1db7269b1/in_use.lock acquired by nodename 25793@d81b9af81a7a
2021-05-05 15:14:06,601 [pool-731-thread-1] INFO  storage.RaftStorage (RaftStorageImpl.java:format(87)) - Storage directory /github/workspace/mnt/ozone/hadoop-ozone/integration-test/target/test-dir/MiniOzoneClusterImpl-c76e6b88-ed31-44d7-ac8c-51a305797015/datanode-3/data/ratis/f0cbfb52-3c1c-42d5-823d-20b1db7269b1 has been successfully formatted.
2021-05-05 15:14:06,601 [pool-731-thread-1] INFO  ratis.ContainerStateMachine (ContainerStateMachine.java:loadSnapshot(224)) - group-20B1DB7269B1: The snapshot info is null. Setting the last applied indexto:(t:0, i:~)
2021-05-05 15:14:06,601 [pool-731-thread-1] INFO  server.RaftServerConfigKeys (ConfUtils.java:logGet(44)) - raft.server.notification.no-leader.timeout = 300000ms (custom)
2021-05-05 15:14:06,601 [pool-731-thread-1] INFO  server.RaftServerConfigKeys (ConfUtils.java:logGet(44)) - raft.server.log.use.memory = false (default)
2021-05-05 15:14:06,601 [pool-731-thread-1] INFO  server.RaftServerConfigKeys (ConfUtils.java:logGet(44)) - raft.server.log.purge.gap = 1000000 (custom)
2021-05-05 15:14:06,601 [pool-731-thread-1] INFO  server.RaftServerConfigKeys (ConfUtils.java:logGet(44)) - raft.server.log.appender.buffer.byte-limit = 33554432 (custom)
2021-05-05 15:14:06,601 [EventQueue-PipelineReportForPipelineReportHandler] INFO  pipeline.PipelineManagerV2Impl (PipelineManagerV2Impl.java:openPipeline(270)) - Pipeline Pipeline[ Id: f0cbfb52-3c1c-42d5-823d-20b1db7269b1, Nodes: 588c0cf1-2ab3-4f31-88e6-40c30440d309{ip: 172.17.0.2, host: d81b9af81a7a, ports: [REPLICATION=44585, RATIS=46273, RATIS_ADMIN=46273, RATIS_SERVER=46273, STANDALONE=42425], networkLocation: /default-rack, certSerialId: null, persistedOpState: IN_SERVICE, persistedOpStateExpiryEpochSec: 0}, ReplicationConfig: RATIS/ONE, State:ALLOCATED, leaderId:588c0cf1-2ab3-4f31-88e6-40c30440d309, CreationTimestamp2021-05-05T15:14:03.597Z] moved to OPEN state
2021-05-05 15:14:06,601 [EventQueue-PipelineReportForOneReplicaPipelineSafeModeRule] INFO  safemode.SCMSafeModeManager (SCMSafeModeManager.java:validateSafeModeExitRules(201)) - AtleastOneDatanodeReportedRule rule is successfully validated
2021-05-05 15:14:06,601 [pool-731-thread-1] INFO  metrics.RatisMetrics (RatisMetrics.java:lambda$create$0(36)) - Creating Metrics Registry : ratis.log_worker.588c0cf1-2ab3-4f31-88e6-40c30440d309@group-20B1DB7269B1
2021-05-05 15:14:06,602 [EventQueue-OpenPipelineForHealthyPipelineSafeModeRule] INFO  safemode.SCMSafeModeManager (HealthyPipelineSafeModeRule.java:process(130)) - SCM in safe mode. Healthy pipelines reported count is 0, required healthy pipeline reported count is 1
2021-05-05 15:14:06,602 [pool-731-thread-1] INFO  server.RaftServerConfigKeys (ConfUtils.java:logGet(44)) - raft.server.log.segment.size.max = 1048576 (custom)
2021-05-05 15:14:06,603 [pool-731-thread-1] INFO  server.RaftServerConfigKeys (ConfUtils.java:logGet(44)) - raft.server.log.segment.cache.num.max = 2 (custom)
2021-05-05 15:14:06,603 [pool-731-thread-1] INFO  server.RaftServerConfigKeys (ConfUtils.java:logGet(44)) - raft.server.log.segment.cache.size.max = 200MB (=209715200) (default)
2021-05-05 15:14:06,603 [pool-731-thread-1] INFO  segmented.SegmentedRaftLogWorker (SegmentedRaftLogWorker.java:<init>(182)) - new 588c0cf1-2ab3-4f31-88e6-40c30440d309@group-20B1DB7269B1-SegmentedRaftLogWorker for RaftStorageImpl:Storage Directory /github/workspace/mnt/ozone/hadoop-ozone/integration-test/target/test-dir/MiniOzoneClusterImpl-c76e6b88-ed31-44d7-ac8c-51a305797015/datanode-3/data/ratis/f0cbfb52-3c1c-42d5-823d-20b1db7269b1
2021-05-05 15:14:06,603 [pool-731-thread-1] INFO  server.RaftServerConfigKeys (ConfUtils.java:logGet(44)) - raft.server.log.queue.byte-limit = 2147483647 (custom)
2021-05-05 15:14:06,603 [pool-731-thread-1] INFO  server.RaftServerConfigKeys (ConfUtils.java:logGet(44)) - raft.server.log.queue.element-limit = 1024 (custom)
2021-05-05 15:14:06,603 [pool-731-thread-1] INFO  server.RaftServerConfigKeys (ConfUtils.java:logGet(44)) - raft.server.log.segment.size.max = 1048576 (custom)
2021-05-05 15:14:06,603 [pool-731-thread-1] INFO  server.RaftServerConfigKeys (ConfUtils.java:logGet(44)) - raft.server.log.preallocated.size = 16384 (custom)
2021-05-05 15:14:06,603 [pool-731-thread-1] INFO  server.RaftServerConfigKeys (ConfUtils.java:logGet(44)) - raft.server.log.force.sync.num = 128 (default)
2021-05-05 15:14:06,603 [pool-731-thread-1] INFO  server.RaftServerConfigKeys (ConfUtils.java:logGet(44)) - raft.server.log.statemachine.data.sync = true (default)
2021-05-05 15:14:06,603 [pool-731-thread-1] INFO  server.RaftServerConfigKeys (ConfUtils.java:logGet(44)) - raft.server.log.statemachine.data.sync.timeout = 10s (default)
2021-05-05 15:14:06,603 [pool-731-thread-1] INFO  server.RaftServerConfigKeys (ConfUtils.java:logGet(44)) - raft.server.log.statemachine.data.sync.timeout.retry = -1 (default)
2021-05-05 15:14:06,605 [pool-731-thread-1] INFO  server.RaftServerConfigKeys (ConfUtils.java:logGet(44)) - raft.server.log.write.buffer.size = 1048576 (custom)
2021-05-05 15:14:06,606 [pool-731-thread-1] INFO  server.RaftServerConfigKeys (ConfUtils.java:logGet(44)) - raft.server.log.statemachine.data.caching.enabled = true (custom)
2021-05-05 15:14:06,606 [pool-731-thread-1] INFO  segmented.SegmentedRaftLogWorker (SegmentedRaftLogWorker.java:lambda$new$0(133)) - 588c0cf1-2ab3-4f31-88e6-40c30440d309@group-20B1DB7269B1-SegmentedRaftLogWorker: flushIndex: setUnconditionally 0 -> -1
2021-05-05 15:14:06,606 [pool-731-thread-1] INFO  segmented.SegmentedRaftLogWorker (SegmentedRaftLogWorker.java:lambda$new$0(133)) - 588c0cf1-2ab3-4f31-88e6-40c30440d309@group-20B1DB7269B1-SegmentedRaftLogWorker: safeCacheEvictIndex: setUnconditionally 0 -> -1
2021-05-05 15:14:06,606 [pool-731-thread-1] INFO  server.RaftServerConfigKeys (ConfUtils.java:logGet(44)) - raft.server.snapshot.auto.trigger.enabled = true (custom)
2021-05-05 15:14:06,606 [pool-731-thread-1] INFO  server.RaftServerConfigKeys (ConfUtils.java:logGet(44)) - raft.server.snapshot.auto.trigger.threshold = 10000 (custom)
2021-05-05 15:14:06,606 [pool-731-thread-1] INFO  server.RaftServerConfigKeys (ConfUtils.java:logGet(44)) - raft.server.snapshot.retention.file.num = 5 (custom)
2021-05-05 15:14:06,606 [pool-731-thread-1] INFO  server.RaftServerConfigKeys (ConfUtils.java:logGet(44)) - raft.server.log.purge.upto.snapshot.index = false (default)
2021-05-05 15:14:06,606 [pool-731-thread-1] INFO  server.RaftServerConfigKeys (ConfUtils.java:logGet(44)) - raft.server.retrycache.expirytime = 600000ms (custom)
2021-05-05 15:14:06,607 [pool-731-thread-1] INFO  server.RaftServerConfigKeys (ConfUtils.java:logGet(44)) - raft.server.retrycache.statistics.expirytime = 100?s (default)
2021-05-05 15:14:06,607 [pool-731-thread-1] INFO  metrics.RatisMetrics (RatisMetrics.java:lambda$create$0(36)) - Creating Metrics Registry : ratis.leader_election.588c0cf1-2ab3-4f31-88e6-40c30440d309@group-20B1DB7269B1
2021-05-05 15:14:06,607 [pool-731-thread-1] INFO  metrics.RatisMetrics (RatisMetrics.java:lambda$create$0(36)) - Creating Metrics Registry : ratis.server.588c0cf1-2ab3-4f31-88e6-40c30440d309@group-20B1DB7269B1
2021-05-05 15:14:06,609 [pool-731-thread-1] INFO  server.RaftServer$Division (RaftServerImpl.java:start(295)) - 588c0cf1-2ab3-4f31-88e6-40c30440d309@group-20B1DB7269B1: start as a follower, conf=-1: [588c0cf1-2ab3-4f31-88e6-40c30440d309|rpc:172.17.0.2:46273|priority:1], old=null
2021-05-05 15:14:06,609 [pool-731-thread-1] INFO  server.RaftServer$Division (RaftServerImpl.java:setRole(284)) - 588c0cf1-2ab3-4f31-88e6-40c30440d309@group-20B1DB7269B1: changes role from      null to FOLLOWER at term 0 for startAsFollower
2021-05-05 15:14:06,609 [pool-731-thread-1] INFO  impl.RoleInfo (RoleInfo.java:updateAndGet(130)) - 588c0cf1-2ab3-4f31-88e6-40c30440d309: start 588c0cf1-2ab3-4f31-88e6-40c30440d309@group-20B1DB7269B1-FollowerState
2021-05-05 15:14:06,610 [pool-731-thread-1] INFO  util.JmxRegister (JmxRegister.java:tryRegister(44)) - Successfully registered JMX Bean with object name Ratis:service=RaftServer,group=group-20B1DB7269B1,id=588c0cf1-2ab3-4f31-88e6-40c30440d309
2021-05-05 15:14:06,610 [pool-731-thread-1] INFO  metrics.RatisMetrics (RatisMetrics.java:lambda$create$0(36)) - Creating Metrics Registry : ratis.state_machine.588c0cf1-2ab3-4f31-88e6-40c30440d309@group-20B1DB7269B1
2021-05-05 15:14:06,610 [Command processor thread] INFO  ratis.XceiverServerRatis (XceiverServerRatis.java:addGroup(808)) - Created group PipelineID=f0cbfb52-3c1c-42d5-823d-20b1db7269b1
2021-05-05 15:14:06,610 [Command processor thread] INFO  commandhandler.CreatePipelineCommandHandler (CreatePipelineCommandHandler.java:handle(106)) - Created Pipeline RATIS ONE PipelineID=f0cbfb52-3c1c-42d5-823d-20b1db7269b1.
2021-05-05 15:14:06,611 [Command processor thread] INFO  server.RaftServer (RaftServerProxy.java:addNew(95)) - 588c0cf1-2ab3-4f31-88e6-40c30440d309: addNew group-EC4FF14613B3:[89dd138e-de60-41fb-966a-8d68ccbfd781|rpc:172.17.0.2:32835|priority:0, 7ec8b880-4b6b-4ec3-8434-09a8711643ec|rpc:172.17.0.2:33093|priority:0, 588c0cf1-2ab3-4f31-88e6-40c30440d309|rpc:172.17.0.2:46273|priority:1] returns group-EC4FF14613B3:java.util.concurrent.CompletableFuture@2d57754d[Not completed]
2021-05-05 15:14:06,611 [pool-731-thread-1] INFO  server.RaftServer$Division (RaftServerImpl.java:<init>(180)) - 588c0cf1-2ab3-4f31-88e6-40c30440d309: new RaftServerImpl for group-EC4FF14613B3:[89dd138e-de60-41fb-966a-8d68ccbfd781|rpc:172.17.0.2:32835|priority:0, 7ec8b880-4b6b-4ec3-8434-09a8711643ec|rpc:172.17.0.2:33093|priority:0, 588c0cf1-2ab3-4f31-88e6-40c30440d309|rpc:172.17.0.2:46273|priority:1] with ContainerStateMachine:uninitialized
2021-05-05 15:14:06,611 [pool-731-thread-1] INFO  server.RaftServerConfigKeys (ConfUtils.java:logGet(44)) - raft.server.rpc.timeout.min = 5s (custom)
2021-05-05 15:14:06,611 [pool-731-thread-1] INFO  server.RaftServerConfigKeys (ConfUtils.java:logGet(44)) - raft.server.rpc.timeout.max = 5200ms (custom)
2021-05-05 15:14:06,612 [pool-731-thread-1] INFO  server.RaftServerConfigKeys (ConfUtils.java:logGet(44)) - raft.server.rpc.sleep.time = 25ms (default)
2021-05-05 15:14:06,612 [pool-731-thread-1] INFO  server.RaftServerConfigKeys (ConfUtils.java:logGet(44)) - raft.server.rpc.slowness.timeout = 300000ms (custom)
2021-05-05 15:14:06,612 [pool-731-thread-1] INFO  server.RaftServerConfigKeys (ConfUtils.java:logGet(44)) - raft.server.leaderelection.leader.step-down.wait-time = 10s (default)
2021-05-05 15:14:06,612 [pool-731-thread-1] INFO  server.RaftServerConfigKeys (ConfUtils.java:logGet(44)) - raft.server.sleep.deviation.threshold = 300ms (default)
2021-05-05 15:14:06,612 [pool-731-thread-1] INFO  server.RaftServerConfigKeys (ConfUtils.java:logGet(44)) - raft.server.log.appender.install.snapshot.enabled = false (custom)
2021-05-05 15:14:06,612 [pool-731-thread-1] INFO  server.RaftServer$Division (ServerState.java:<init>(105)) - 588c0cf1-2ab3-4f31-88e6-40c30440d309@group-EC4FF14613B3: ConfigurationManager, init=-1: [89dd138e-de60-41fb-966a-8d68ccbfd781|rpc:172.17.0.2:32835|priority:0, 7ec8b880-4b6b-4ec3-8434-09a8711643ec|rpc:172.17.0.2:33093|priority:0, 588c0cf1-2ab3-4f31-88e6-40c30440d309|rpc:172.17.0.2:46273|priority:1], old=null, confs=<EMPTY_MAP>
2021-05-05 15:14:06,612 [pool-731-thread-1] INFO  server.RaftServerConfigKeys (ConfUtils.java:logGet(44)) - raft.server.storage.dir = [/github/workspace/mnt/ozone/hadoop-ozone/integration-test/target/test-dir/MiniOzoneClusterImpl-c76e6b88-ed31-44d7-ac8c-51a305797015/datanode-3/data/ratis] (custom)
2021-05-05 15:14:06,612 [pool-731-thread-1] INFO  server.RaftServerConfigKeys (ConfUtils.java:logGet(44)) - raft.server.log.corruption.policy = EXCEPTION (default)
2021-05-05 15:14:06,612 [pool-731-thread-1] INFO  storage.RaftStorageDirectory (RaftStorageDirectoryImpl.java:analyzeStorage(132)) - The storage directory /github/workspace/mnt/ozone/hadoop-ozone/integration-test/target/test-dir/MiniOzoneClusterImpl-c76e6b88-ed31-44d7-ac8c-51a305797015/datanode-3/data/ratis/03d84a71-6970-4bc3-a5b0-ec4ff14613b3 does not exist. Creating ...
2021-05-05 15:14:06,613 [pool-731-thread-1] INFO  storage.RaftStorageDirectory (RaftStorageDirectoryImpl.java:tryLock(215)) - Lock on /github/workspace/mnt/ozone/hadoop-ozone/integration-test/target/test-dir/MiniOzoneClusterImpl-c76e6b88-ed31-44d7-ac8c-51a305797015/datanode-3/data/ratis/03d84a71-6970-4bc3-a5b0-ec4ff14613b3/in_use.lock acquired by nodename 25793@d81b9af81a7a
2021-05-05 15:14:06,614 [pool-731-thread-1] INFO  storage.RaftStorage (RaftStorageImpl.java:format(87)) - Storage directory /github/workspace/mnt/ozone/hadoop-ozone/integration-test/target/test-dir/MiniOzoneClusterImpl-c76e6b88-ed31-44d7-ac8c-51a305797015/datanode-3/data/ratis/03d84a71-6970-4bc3-a5b0-ec4ff14613b3 has been successfully formatted.
2021-05-05 15:14:06,615 [pool-731-thread-1] INFO  ratis.ContainerStateMachine (ContainerStateMachine.java:loadSnapshot(224)) - group-EC4FF14613B3: The snapshot info is null. Setting the last applied indexto:(t:0, i:~)
2021-05-05 15:14:06,615 [pool-731-thread-1] INFO  server.RaftServerConfigKeys (ConfUtils.java:logGet(44)) - raft.server.notification.no-leader.timeout = 300000ms (custom)
2021-05-05 15:14:06,615 [pool-731-thread-1] INFO  server.RaftServerConfigKeys (ConfUtils.java:logGet(44)) - raft.server.log.use.memory = false (default)
2021-05-05 15:14:06,615 [EventQueue-PipelineReportForOneReplicaPipelineSafeModeRule] INFO  safemode.SCMSafeModeManager (SCMSafeModeManager.java:validateSafeModeExitRules(201)) - AtleastOneDatanodeReportedRule rule is successfully validated
2021-05-05 15:14:06,615 [EventQueue-OpenPipelineForHealthyPipelineSafeModeRule] INFO  safemode.SCMSafeModeManager (HealthyPipelineSafeModeRule.java:process(130)) - SCM in safe mode. Healthy pipelines reported count is 0, required healthy pipeline reported count is 1
2021-05-05 15:14:06,615 [pool-731-thread-1] INFO  server.RaftServerConfigKeys (ConfUtils.java:logGet(44)) - raft.server.log.purge.gap = 1000000 (custom)
2021-05-05 15:14:06,615 [pool-731-thread-1] INFO  server.RaftServerConfigKeys (ConfUtils.java:logGet(44)) - raft.server.log.appender.buffer.byte-limit = 33554432 (custom)
2021-05-05 15:14:06,616 [pool-731-thread-1] INFO  metrics.RatisMetrics (RatisMetrics.java:lambda$create$0(36)) - Creating Metrics Registry : ratis.log_worker.588c0cf1-2ab3-4f31-88e6-40c30440d309@group-EC4FF14613B3
2021-05-05 15:14:06,616 [pool-731-thread-1] INFO  server.RaftServerConfigKeys (ConfUtils.java:logGet(44)) - raft.server.log.segment.size.max = 1048576 (custom)
2021-05-05 15:14:06,617 [pool-731-thread-1] INFO  server.RaftServerConfigKeys (ConfUtils.java:logGet(44)) - raft.server.log.segment.cache.num.max = 2 (custom)
2021-05-05 15:14:06,617 [pool-731-thread-1] INFO  server.RaftServerConfigKeys (ConfUtils.java:logGet(44)) - raft.server.log.segment.cache.size.max = 200MB (=209715200) (default)
2021-05-05 15:14:06,617 [pool-731-thread-1] INFO  segmented.SegmentedRaftLogWorker (SegmentedRaftLogWorker.java:<init>(182)) - new 588c0cf1-2ab3-4f31-88e6-40c30440d309@group-EC4FF14613B3-SegmentedRaftLogWorker for RaftStorageImpl:Storage Directory /github/workspace/mnt/ozone/hadoop-ozone/integration-test/target/test-dir/MiniOzoneClusterImpl-c76e6b88-ed31-44d7-ac8c-51a305797015/datanode-3/data/ratis/03d84a71-6970-4bc3-a5b0-ec4ff14613b3
2021-05-05 15:14:06,617 [pool-731-thread-1] INFO  server.RaftServerConfigKeys (ConfUtils.java:logGet(44)) - raft.server.log.queue.byte-limit = 2147483647 (custom)
2021-05-05 15:14:06,617 [pool-731-thread-1] INFO  server.RaftServerConfigKeys (ConfUtils.java:logGet(44)) - raft.server.log.queue.element-limit = 1024 (custom)
2021-05-05 15:14:06,617 [pool-731-thread-1] INFO  server.RaftServerConfigKeys (ConfUtils.java:logGet(44)) - raft.server.log.segment.size.max = 1048576 (custom)
2021-05-05 15:14:06,617 [pool-731-thread-1] INFO  server.RaftServerConfigKeys (ConfUtils.java:logGet(44)) - raft.server.log.preallocated.size = 16384 (custom)
2021-05-05 15:14:06,617 [pool-731-thread-1] INFO  server.RaftServerConfigKeys (ConfUtils.java:logGet(44)) - raft.server.log.force.sync.num = 128 (default)
2021-05-05 15:14:06,617 [pool-731-thread-1] INFO  server.RaftServerConfigKeys (ConfUtils.java:logGet(44)) - raft.server.log.statemachine.data.sync = true (default)
2021-05-05 15:14:06,617 [pool-731-thread-1] INFO  server.RaftServerConfigKeys (ConfUtils.java:logGet(44)) - raft.server.log.statemachine.data.sync.timeout = 10s (default)
2021-05-05 15:14:06,618 [pool-731-thread-1] INFO  server.RaftServerConfigKeys (ConfUtils.java:logGet(44)) - raft.server.log.statemachine.data.sync.timeout.retry = -1 (default)
2021-05-05 15:14:06,619 [pool-731-thread-1] INFO  server.RaftServerConfigKeys (ConfUtils.java:logGet(44)) - raft.server.log.write.buffer.size = 1048576 (custom)
2021-05-05 15:14:06,620 [pool-731-thread-1] INFO  server.RaftServerConfigKeys (ConfUtils.java:logGet(44)) - raft.server.log.statemachine.data.caching.enabled = true (custom)
2021-05-05 15:14:06,620 [pool-731-thread-1] INFO  segmented.SegmentedRaftLogWorker (SegmentedRaftLogWorker.java:lambda$new$0(133)) - 588c0cf1-2ab3-4f31-88e6-40c30440d309@group-EC4FF14613B3-SegmentedRaftLogWorker: flushIndex: setUnconditionally 0 -> -1
2021-05-05 15:14:06,620 [pool-731-thread-1] INFO  segmented.SegmentedRaftLogWorker (SegmentedRaftLogWorker.java:lambda$new$0(133)) - 588c0cf1-2ab3-4f31-88e6-40c30440d309@group-EC4FF14613B3-SegmentedRaftLogWorker: safeCacheEvictIndex: setUnconditionally 0 -> -1
2021-05-05 15:14:06,621 [pool-731-thread-1] INFO  server.RaftServerConfigKeys (ConfUtils.java:logGet(44)) - raft.server.snapshot.auto.trigger.enabled = true (custom)
2021-05-05 15:14:06,621 [pool-731-thread-1] INFO  server.RaftServerConfigKeys (ConfUtils.java:logGet(44)) - raft.server.snapshot.auto.trigger.threshold = 10000 (custom)
2021-05-05 15:14:06,621 [pool-731-thread-1] INFO  server.RaftServerConfigKeys (ConfUtils.java:logGet(44)) - raft.server.snapshot.retention.file.num = 5 (custom)
2021-05-05 15:14:06,621 [pool-731-thread-1] INFO  server.RaftServerConfigKeys (ConfUtils.java:logGet(44)) - raft.server.log.purge.upto.snapshot.index = false (default)
2021-05-05 15:14:06,621 [pool-731-thread-1] INFO  server.RaftServerConfigKeys (ConfUtils.java:logGet(44)) - raft.server.retrycache.expirytime = 600000ms (custom)
2021-05-05 15:14:06,621 [pool-731-thread-1] INFO  server.RaftServerConfigKeys (ConfUtils.java:logGet(44)) - raft.server.retrycache.statistics.expirytime = 100?s (default)
2021-05-05 15:14:06,621 [pool-731-thread-1] INFO  metrics.RatisMetrics (RatisMetrics.java:lambda$create$0(36)) - Creating Metrics Registry : ratis.leader_election.588c0cf1-2ab3-4f31-88e6-40c30440d309@group-EC4FF14613B3
2021-05-05 15:14:06,622 [pool-731-thread-1] INFO  metrics.RatisMetrics (RatisMetrics.java:lambda$create$0(36)) - Creating Metrics Registry : ratis.server.588c0cf1-2ab3-4f31-88e6-40c30440d309@group-EC4FF14613B3
2021-05-05 15:14:06,624 [pool-731-thread-1] INFO  server.RaftServer$Division (RaftServerImpl.java:start(295)) - 588c0cf1-2ab3-4f31-88e6-40c30440d309@group-EC4FF14613B3: start as a follower, conf=-1: [89dd138e-de60-41fb-966a-8d68ccbfd781|rpc:172.17.0.2:32835|priority:0, 7ec8b880-4b6b-4ec3-8434-09a8711643ec|rpc:172.17.0.2:33093|priority:0, 588c0cf1-2ab3-4f31-88e6-40c30440d309|rpc:172.17.0.2:46273|priority:1], old=null
2021-05-05 15:14:06,624 [pool-731-thread-1] INFO  server.RaftServer$Division (RaftServerImpl.java:setRole(284)) - 588c0cf1-2ab3-4f31-88e6-40c30440d309@group-EC4FF14613B3: changes role from      null to FOLLOWER at term 0 for startAsFollower
2021-05-05 15:14:06,624 [pool-731-thread-1] INFO  impl.RoleInfo (RoleInfo.java:updateAndGet(130)) - 588c0cf1-2ab3-4f31-88e6-40c30440d309: start 588c0cf1-2ab3-4f31-88e6-40c30440d309@group-EC4FF14613B3-FollowerState
2021-05-05 15:14:06,624 [pool-731-thread-1] INFO  util.JmxRegister (JmxRegister.java:tryRegister(44)) - Successfully registered JMX Bean with object name Ratis:service=RaftServer,group=group-EC4FF14613B3,id=588c0cf1-2ab3-4f31-88e6-40c30440d309
2021-05-05 15:14:06,624 [pool-731-thread-1] INFO  metrics.RatisMetrics (RatisMetrics.java:lambda$create$0(36)) - Creating Metrics Registry : ratis.state_machine.588c0cf1-2ab3-4f31-88e6-40c30440d309@group-EC4FF14613B3
2021-05-05 15:14:06,625 [Command processor thread] INFO  ratis.XceiverServerRatis (XceiverServerRatis.java:addGroup(808)) - Created group PipelineID=03d84a71-6970-4bc3-a5b0-ec4ff14613b3
2021-05-05 15:14:06,626 [Command processor thread] INFO  metrics.RatisMetrics (RatisMetrics.java:lambda$create$0(36)) - Creating Metrics Registry : ratis.client_message_metrics.client-D93F65CFA833->7ec8b880-4b6b-4ec3-8434-09a8711643ec
2021-05-05 15:14:06,630 [grpc-default-executor-1] INFO  metrics.RatisMetrics (RatisMetrics.java:lambda$create$0(36)) - Creating Metrics Registry : ratis.server_message_metrics.7ec8b880-4b6b-4ec3-8434-09a8711643ec
2021-05-05 15:14:06,632 [grpc-default-executor-1] INFO  server.RaftServer (RaftServerProxy.java:addNew(95)) - 7ec8b880-4b6b-4ec3-8434-09a8711643ec: addNew group-EC4FF14613B3:[89dd138e-de60-41fb-966a-8d68ccbfd781|rpc:172.17.0.2:32835|dataStream:|priority:0, 7ec8b880-4b6b-4ec3-8434-09a8711643ec|rpc:172.17.0.2:33093|dataStream:|priority:0, 588c0cf1-2ab3-4f31-88e6-40c30440d309|rpc:172.17.0.2:46273|dataStream:|priority:1] returns group-EC4FF14613B3:java.util.concurrent.CompletableFuture@53ac54c0[Not completed]
2021-05-05 15:14:06,633 [pool-767-thread-1] INFO  server.RaftServer$Division (RaftServerImpl.java:<init>(180)) - 7ec8b880-4b6b-4ec3-8434-09a8711643ec: new RaftServerImpl for group-EC4FF14613B3:[89dd138e-de60-41fb-966a-8d68ccbfd781|rpc:172.17.0.2:32835|dataStream:|priority:0, 7ec8b880-4b6b-4ec3-8434-09a8711643ec|rpc:172.17.0.2:33093|dataStream:|priority:0, 588c0cf1-2ab3-4f31-88e6-40c30440d309|rpc:172.17.0.2:46273|dataStream:|priority:1] with ContainerStateMachine:uninitialized
2021-05-05 15:14:06,633 [pool-767-thread-1] INFO  server.RaftServerConfigKeys (ConfUtils.java:logGet(44)) - raft.server.rpc.timeout.min = 5s (custom)
2021-05-05 15:14:06,633 [pool-767-thread-1] INFO  server.RaftServerConfigKeys (ConfUtils.java:logGet(44)) - raft.server.rpc.timeout.max = 5200ms (custom)
2021-05-05 15:14:06,633 [pool-767-thread-1] INFO  server.RaftServerConfigKeys (ConfUtils.java:logGet(44)) - raft.server.rpc.sleep.time = 25ms (default)
2021-05-05 15:14:06,633 [pool-767-thread-1] INFO  server.RaftServerConfigKeys (ConfUtils.java:logGet(44)) - raft.server.rpc.slowness.timeout = 300000ms (custom)
2021-05-05 15:14:06,633 [pool-767-thread-1] INFO  server.RaftServerConfigKeys (ConfUtils.java:logGet(44)) - raft.server.leaderelection.leader.step-down.wait-time = 10s (default)
2021-05-05 15:14:06,633 [pool-767-thread-1] INFO  server.RaftServerConfigKeys (ConfUtils.java:logGet(44)) - raft.server.sleep.deviation.threshold = 300ms (default)
2021-05-05 15:14:06,633 [pool-767-thread-1] INFO  server.RaftServerConfigKeys (ConfUtils.java:logGet(44)) - raft.server.log.appender.install.snapshot.enabled = false (custom)
2021-05-05 15:14:06,634 [pool-767-thread-1] INFO  server.RaftServer$Division (ServerState.java:<init>(105)) - 7ec8b880-4b6b-4ec3-8434-09a8711643ec@group-EC4FF14613B3: ConfigurationManager, init=-1: [89dd138e-de60-41fb-966a-8d68ccbfd781|rpc:172.17.0.2:32835|dataStream:|priority:0, 7ec8b880-4b6b-4ec3-8434-09a8711643ec|rpc:172.17.0.2:33093|dataStream:|priority:0, 588c0cf1-2ab3-4f31-88e6-40c30440d309|rpc:172.17.0.2:46273|dataStream:|priority:1], old=null, confs=<EMPTY_MAP>
2021-05-05 15:14:06,634 [pool-767-thread-1] INFO  server.RaftServerConfigKeys (ConfUtils.java:logGet(44)) - raft.server.storage.dir = [/github/workspace/mnt/ozone/hadoop-ozone/integration-test/target/test-dir/MiniOzoneClusterImpl-c76e6b88-ed31-44d7-ac8c-51a305797015/datanode-5/data/ratis] (custom)
2021-05-05 15:14:06,634 [pool-767-thread-1] INFO  server.RaftServerConfigKeys (ConfUtils.java:logGet(44)) - raft.server.log.corruption.policy = EXCEPTION (default)
2021-05-05 15:14:06,634 [pool-767-thread-1] INFO  storage.RaftStorageDirectory (RaftStorageDirectoryImpl.java:analyzeStorage(132)) - The storage directory /github/workspace/mnt/ozone/hadoop-ozone/integration-test/target/test-dir/MiniOzoneClusterImpl-c76e6b88-ed31-44d7-ac8c-51a305797015/datanode-5/data/ratis/03d84a71-6970-4bc3-a5b0-ec4ff14613b3 does not exist. Creating ...
2021-05-05 15:14:06,635 [pool-767-thread-1] INFO  storage.RaftStorageDirectory (RaftStorageDirectoryImpl.java:tryLock(215)) - Lock on /github/workspace/mnt/ozone/hadoop-ozone/integration-test/target/test-dir/MiniOzoneClusterImpl-c76e6b88-ed31-44d7-ac8c-51a305797015/datanode-5/data/ratis/03d84a71-6970-4bc3-a5b0-ec4ff14613b3/in_use.lock acquired by nodename 25793@d81b9af81a7a
2021-05-05 15:14:06,636 [pool-767-thread-1] INFO  storage.RaftStorage (RaftStorageImpl.java:format(87)) - Storage directory /github/workspace/mnt/ozone/hadoop-ozone/integration-test/target/test-dir/MiniOzoneClusterImpl-c76e6b88-ed31-44d7-ac8c-51a305797015/datanode-5/data/ratis/03d84a71-6970-4bc3-a5b0-ec4ff14613b3 has been successfully formatted.
2021-05-05 15:14:06,636 [pool-767-thread-1] INFO  ratis.ContainerStateMachine (ContainerStateMachine.java:loadSnapshot(224)) - group-EC4FF14613B3: The snapshot info is null. Setting the last applied indexto:(t:0, i:~)
2021-05-05 15:14:06,637 [pool-767-thread-1] INFO  server.RaftServerConfigKeys (ConfUtils.java:logGet(44)) - raft.server.notification.no-leader.timeout = 300000ms (custom)
2021-05-05 15:14:06,637 [pool-767-thread-1] INFO  server.RaftServerConfigKeys (ConfUtils.java:logGet(44)) - raft.server.log.use.memory = false (default)
2021-05-05 15:14:06,637 [pool-767-thread-1] INFO  server.RaftServerConfigKeys (ConfUtils.java:logGet(44)) - raft.server.log.purge.gap = 1000000 (custom)
2021-05-05 15:14:06,637 [EventQueue-PipelineReportForOneReplicaPipelineSafeModeRule] INFO  safemode.SCMSafeModeManager (SCMSafeModeManager.java:validateSafeModeExitRules(201)) - AtleastOneDatanodeReportedRule rule is successfully validated
2021-05-05 15:14:06,637 [pool-767-thread-1] INFO  server.RaftServerConfigKeys (ConfUtils.java:logGet(44)) - raft.server.log.appender.buffer.byte-limit = 33554432 (custom)
2021-05-05 15:14:06,637 [pool-767-thread-1] INFO  metrics.RatisMetrics (RatisMetrics.java:lambda$create$0(36)) - Creating Metrics Registry : ratis.log_worker.7ec8b880-4b6b-4ec3-8434-09a8711643ec@group-EC4FF14613B3
2021-05-05 15:14:06,637 [pool-767-thread-1] INFO  server.RaftServerConfigKeys (ConfUtils.java:logGet(44)) - raft.server.log.segment.size.max = 1048576 (custom)
2021-05-05 15:14:06,638 [pool-767-thread-1] INFO  server.RaftServerConfigKeys (ConfUtils.java:logGet(44)) - raft.server.log.segment.cache.num.max = 2 (custom)
2021-05-05 15:14:06,638 [pool-767-thread-1] INFO  server.RaftServerConfigKeys (ConfUtils.java:logGet(44)) - raft.server.log.segment.cache.size.max = 200MB (=209715200) (default)
2021-05-05 15:14:06,638 [pool-767-thread-1] INFO  segmented.SegmentedRaftLogWorker (SegmentedRaftLogWorker.java:<init>(182)) - new 7ec8b880-4b6b-4ec3-8434-09a8711643ec@group-EC4FF14613B3-SegmentedRaftLogWorker for RaftStorageImpl:Storage Directory /github/workspace/mnt/ozone/hadoop-ozone/integration-test/target/test-dir/MiniOzoneClusterImpl-c76e6b88-ed31-44d7-ac8c-51a305797015/datanode-5/data/ratis/03d84a71-6970-4bc3-a5b0-ec4ff14613b3
2021-05-05 15:14:06,639 [pool-767-thread-1] INFO  server.RaftServerConfigKeys (ConfUtils.java:logGet(44)) - raft.server.log.queue.byte-limit = 2147483647 (custom)
2021-05-05 15:14:06,639 [pool-767-thread-1] INFO  server.RaftServerConfigKeys (ConfUtils.java:logGet(44)) - raft.server.log.queue.element-limit = 1024 (custom)
2021-05-05 15:14:06,639 [pool-767-thread-1] INFO  server.RaftServerConfigKeys (ConfUtils.java:logGet(44)) - raft.server.log.segment.size.max = 1048576 (custom)
2021-05-05 15:14:06,639 [pool-767-thread-1] INFO  server.RaftServerConfigKeys (ConfUtils.java:logGet(44)) - raft.server.log.preallocated.size = 16384 (custom)
2021-05-05 15:14:06,639 [pool-767-thread-1] INFO  server.RaftServerConfigKeys (ConfUtils.java:logGet(44)) - raft.server.log.force.sync.num = 128 (default)
2021-05-05 15:14:06,639 [pool-767-thread-1] INFO  server.RaftServerConfigKeys (ConfUtils.java:logGet(44)) - raft.server.log.statemachine.data.sync = true (default)
2021-05-05 15:14:06,639 [pool-767-thread-1] INFO  server.RaftServerConfigKeys (ConfUtils.java:logGet(44)) - raft.server.log.statemachine.data.sync.timeout = 10s (default)
2021-05-05 15:14:06,639 [pool-767-thread-1] INFO  server.RaftServerConfigKeys (ConfUtils.java:logGet(44)) - raft.server.log.statemachine.data.sync.timeout.retry = -1 (default)
2021-05-05 15:14:06,641 [pool-767-thread-1] INFO  server.RaftServerConfigKeys (ConfUtils.java:logGet(44)) - raft.server.log.write.buffer.size = 1048576 (custom)
2021-05-05 15:14:06,641 [pool-767-thread-1] INFO  server.RaftServerConfigKeys (ConfUtils.java:logGet(44)) - raft.server.log.statemachine.data.caching.enabled = true (custom)
2021-05-05 15:14:06,641 [pool-767-thread-1] INFO  segmented.SegmentedRaftLogWorker (SegmentedRaftLogWorker.java:lambda$new$0(133)) - 7ec8b880-4b6b-4ec3-8434-09a8711643ec@group-EC4FF14613B3-SegmentedRaftLogWorker: flushIndex: setUnconditionally 0 -> -1
2021-05-05 15:14:06,641 [pool-767-thread-1] INFO  segmented.SegmentedRaftLogWorker (SegmentedRaftLogWorker.java:lambda$new$0(133)) - 7ec8b880-4b6b-4ec3-8434-09a8711643ec@group-EC4FF14613B3-SegmentedRaftLogWorker: safeCacheEvictIndex: setUnconditionally 0 -> -1
2021-05-05 15:14:06,642 [pool-767-thread-1] INFO  server.RaftServerConfigKeys (ConfUtils.java:logGet(44)) - raft.server.snapshot.auto.trigger.enabled = true (custom)
2021-05-05 15:14:06,642 [pool-767-thread-1] INFO  server.RaftServerConfigKeys (ConfUtils.java:logGet(44)) - raft.server.snapshot.auto.trigger.threshold = 10000 (custom)
2021-05-05 15:14:06,642 [pool-767-thread-1] INFO  server.RaftServerConfigKeys (ConfUtils.java:logGet(44)) - raft.server.snapshot.retention.file.num = 5 (custom)
2021-05-05 15:14:06,642 [pool-767-thread-1] INFO  server.RaftServerConfigKeys (ConfUtils.java:logGet(44)) - raft.server.log.purge.upto.snapshot.index = false (default)
2021-05-05 15:14:06,642 [pool-767-thread-1] INFO  server.RaftServerConfigKeys (ConfUtils.java:logGet(44)) - raft.server.retrycache.expirytime = 600000ms (custom)
2021-05-05 15:14:06,642 [pool-767-thread-1] INFO  server.RaftServerConfigKeys (ConfUtils.java:logGet(44)) - raft.server.retrycache.statistics.expirytime = 100?s (default)
2021-05-05 15:14:06,642 [pool-767-thread-1] INFO  metrics.RatisMetrics (RatisMetrics.java:lambda$create$0(36)) - Creating Metrics Registry : ratis.leader_election.7ec8b880-4b6b-4ec3-8434-09a8711643ec@group-EC4FF14613B3
2021-05-05 15:14:06,643 [pool-767-thread-1] INFO  metrics.RatisMetrics (RatisMetrics.java:lambda$create$0(36)) - Creating Metrics Registry : ratis.server.7ec8b880-4b6b-4ec3-8434-09a8711643ec@group-EC4FF14613B3
2021-05-05 15:14:06,645 [pool-767-thread-1] INFO  server.RaftServer$Division (RaftServerImpl.java:start(295)) - 7ec8b880-4b6b-4ec3-8434-09a8711643ec@group-EC4FF14613B3: start as a follower, conf=-1: [89dd138e-de60-41fb-966a-8d68ccbfd781|rpc:172.17.0.2:32835|dataStream:|priority:0, 7ec8b880-4b6b-4ec3-8434-09a8711643ec|rpc:172.17.0.2:33093|dataStream:|priority:0, 588c0cf1-2ab3-4f31-88e6-40c30440d309|rpc:172.17.0.2:46273|dataStream:|priority:1], old=null
2021-05-05 15:14:06,645 [pool-767-thread-1] INFO  server.RaftServer$Division (RaftServerImpl.java:setRole(284)) - 7ec8b880-4b6b-4ec3-8434-09a8711643ec@group-EC4FF14613B3: changes role from      null to FOLLOWER at term 0 for startAsFollower
2021-05-05 15:14:06,645 [pool-767-thread-1] INFO  impl.RoleInfo (RoleInfo.java:updateAndGet(130)) - 7ec8b880-4b6b-4ec3-8434-09a8711643ec: start 7ec8b880-4b6b-4ec3-8434-09a8711643ec@group-EC4FF14613B3-FollowerState
2021-05-05 15:14:06,645 [pool-767-thread-1] INFO  util.JmxRegister (JmxRegister.java:tryRegister(44)) - Successfully registered JMX Bean with object name Ratis:service=RaftServer,group=group-EC4FF14613B3,id=7ec8b880-4b6b-4ec3-8434-09a8711643ec
2021-05-05 15:14:06,645 [pool-767-thread-1] INFO  metrics.RatisMetrics (RatisMetrics.java:lambda$create$0(36)) - Creating Metrics Registry : ratis.state_machine.7ec8b880-4b6b-4ec3-8434-09a8711643ec@group-EC4FF14613B3
2021-05-05 15:14:06,651 [Command processor thread] INFO  metrics.RatisMetrics (RatisMetrics.java:lambda$create$0(36)) - Creating Metrics Registry : ratis.client_message_metrics.client-7D76EF883B06->89dd138e-de60-41fb-966a-8d68ccbfd781
2021-05-05 15:14:06,655 [grpc-default-executor-1] INFO  metrics.RatisMetrics (RatisMetrics.java:lambda$create$0(36)) - Creating Metrics Registry : ratis.server_message_metrics.89dd138e-de60-41fb-966a-8d68ccbfd781
2021-05-05 15:14:06,657 [grpc-default-executor-1] INFO  server.RaftServer (RaftServerProxy.java:addNew(95)) - 89dd138e-de60-41fb-966a-8d68ccbfd781: addNew group-EC4FF14613B3:[89dd138e-de60-41fb-966a-8d68ccbfd781|rpc:172.17.0.2:32835|dataStream:|priority:0, 7ec8b880-4b6b-4ec3-8434-09a8711643ec|rpc:172.17.0.2:33093|dataStream:|priority:0, 588c0cf1-2ab3-4f31-88e6-40c30440d309|rpc:172.17.0.2:46273|dataStream:|priority:1] returns group-EC4FF14613B3:java.util.concurrent.CompletableFuture@79a43720[Not completed]
2021-05-05 15:14:06,658 [pool-749-thread-1] INFO  server.RaftServer$Division (RaftServerImpl.java:<init>(180)) - 89dd138e-de60-41fb-966a-8d68ccbfd781: new RaftServerImpl for group-EC4FF14613B3:[89dd138e-de60-41fb-966a-8d68ccbfd781|rpc:172.17.0.2:32835|dataStream:|priority:0, 7ec8b880-4b6b-4ec3-8434-09a8711643ec|rpc:172.17.0.2:33093|dataStream:|priority:0, 588c0cf1-2ab3-4f31-88e6-40c30440d309|rpc:172.17.0.2:46273|dataStream:|priority:1] with ContainerStateMachine:uninitialized
2021-05-05 15:14:06,658 [pool-749-thread-1] INFO  server.RaftServerConfigKeys (ConfUtils.java:logGet(44)) - raft.server.rpc.timeout.min = 5s (custom)
2021-05-05 15:14:06,658 [pool-749-thread-1] INFO  server.RaftServerConfigKeys (ConfUtils.java:logGet(44)) - raft.server.rpc.timeout.max = 5200ms (custom)
2021-05-05 15:14:06,658 [pool-749-thread-1] INFO  server.RaftServerConfigKeys (ConfUtils.java:logGet(44)) - raft.server.rpc.sleep.time = 25ms (default)
2021-05-05 15:14:06,658 [pool-749-thread-1] INFO  server.RaftServerConfigKeys (ConfUtils.java:logGet(44)) - raft.server.rpc.slowness.timeout = 300000ms (custom)
2021-05-05 15:14:06,658 [pool-749-thread-1] INFO  server.RaftServerConfigKeys (ConfUtils.java:logGet(44)) - raft.server.leaderelection.leader.step-down.wait-time = 10s (default)
2021-05-05 15:14:06,658 [pool-749-thread-1] INFO  server.RaftServerConfigKeys (ConfUtils.java:logGet(44)) - raft.server.sleep.deviation.threshold = 300ms (default)
2021-05-05 15:14:06,658 [pool-749-thread-1] INFO  server.RaftServerConfigKeys (ConfUtils.java:logGet(44)) - raft.server.log.appender.install.snapshot.enabled = false (custom)
2021-05-05 15:14:06,658 [pool-749-thread-1] INFO  server.RaftServer$Division (ServerState.java:<init>(105)) - 89dd138e-de60-41fb-966a-8d68ccbfd781@group-EC4FF14613B3: ConfigurationManager, init=-1: [89dd138e-de60-41fb-966a-8d68ccbfd781|rpc:172.17.0.2:32835|dataStream:|priority:0, 7ec8b880-4b6b-4ec3-8434-09a8711643ec|rpc:172.17.0.2:33093|dataStream:|priority:0, 588c0cf1-2ab3-4f31-88e6-40c30440d309|rpc:172.17.0.2:46273|dataStream:|priority:1], old=null, confs=<EMPTY_MAP>
2021-05-05 15:14:06,658 [pool-749-thread-1] INFO  server.RaftServerConfigKeys (ConfUtils.java:logGet(44)) - raft.server.storage.dir = [/github/workspace/mnt/ozone/hadoop-ozone/integration-test/target/test-dir/MiniOzoneClusterImpl-c76e6b88-ed31-44d7-ac8c-51a305797015/datanode-4/data/ratis] (custom)
2021-05-05 15:14:06,659 [pool-749-thread-1] INFO  server.RaftServerConfigKeys (ConfUtils.java:logGet(44)) - raft.server.log.corruption.policy = EXCEPTION (default)
2021-05-05 15:14:06,659 [pool-749-thread-1] INFO  storage.RaftStorageDirectory (RaftStorageDirectoryImpl.java:analyzeStorage(132)) - The storage directory /github/workspace/mnt/ozone/hadoop-ozone/integration-test/target/test-dir/MiniOzoneClusterImpl-c76e6b88-ed31-44d7-ac8c-51a305797015/datanode-4/data/ratis/03d84a71-6970-4bc3-a5b0-ec4ff14613b3 does not exist. Creating ...
2021-05-05 15:14:06,660 [pool-749-thread-1] INFO  storage.RaftStorageDirectory (RaftStorageDirectoryImpl.java:tryLock(215)) - Lock on /github/workspace/mnt/ozone/hadoop-ozone/integration-test/target/test-dir/MiniOzoneClusterImpl-c76e6b88-ed31-44d7-ac8c-51a305797015/datanode-4/data/ratis/03d84a71-6970-4bc3-a5b0-ec4ff14613b3/in_use.lock acquired by nodename 25793@d81b9af81a7a
2021-05-05 15:14:06,662 [pool-749-thread-1] INFO  storage.RaftStorage (RaftStorageImpl.java:format(87)) - Storage directory /github/workspace/mnt/ozone/hadoop-ozone/integration-test/target/test-dir/MiniOzoneClusterImpl-c76e6b88-ed31-44d7-ac8c-51a305797015/datanode-4/data/ratis/03d84a71-6970-4bc3-a5b0-ec4ff14613b3 has been successfully formatted.
2021-05-05 15:14:06,662 [pool-749-thread-1] INFO  ratis.ContainerStateMachine (ContainerStateMachine.java:loadSnapshot(224)) - group-EC4FF14613B3: The snapshot info is null. Setting the last applied indexto:(t:0, i:~)
2021-05-05 15:14:06,662 [EventQueue-PipelineReportForOneReplicaPipelineSafeModeRule] INFO  safemode.SCMSafeModeManager (SCMSafeModeManager.java:validateSafeModeExitRules(201)) - AtleastOneDatanodeReportedRule rule is successfully validated
2021-05-05 15:14:06,663 [pool-749-thread-1] INFO  server.RaftServerConfigKeys (ConfUtils.java:logGet(44)) - raft.server.notification.no-leader.timeout = 300000ms (custom)
2021-05-05 15:14:06,663 [pool-749-thread-1] INFO  server.RaftServerConfigKeys (ConfUtils.java:logGet(44)) - raft.server.log.use.memory = false (default)
2021-05-05 15:14:06,663 [pool-749-thread-1] INFO  server.RaftServerConfigKeys (ConfUtils.java:logGet(44)) - raft.server.log.purge.gap = 1000000 (custom)
2021-05-05 15:14:06,663 [pool-749-thread-1] INFO  server.RaftServerConfigKeys (ConfUtils.java:logGet(44)) - raft.server.log.appender.buffer.byte-limit = 33554432 (custom)
2021-05-05 15:14:06,663 [pool-749-thread-1] INFO  metrics.RatisMetrics (RatisMetrics.java:lambda$create$0(36)) - Creating Metrics Registry : ratis.log_worker.89dd138e-de60-41fb-966a-8d68ccbfd781@group-EC4FF14613B3
2021-05-05 15:14:06,663 [pool-749-thread-1] INFO  server.RaftServerConfigKeys (ConfUtils.java:logGet(44)) - raft.server.log.segment.size.max = 1048576 (custom)
2021-05-05 15:14:06,664 [pool-749-thread-1] INFO  server.RaftServerConfigKeys (ConfUtils.java:logGet(44)) - raft.server.log.segment.cache.num.max = 2 (custom)
2021-05-05 15:14:06,664 [pool-749-thread-1] INFO  server.RaftServerConfigKeys (ConfUtils.java:logGet(44)) - raft.server.log.segment.cache.size.max = 200MB (=209715200) (default)
2021-05-05 15:14:06,664 [pool-749-thread-1] INFO  segmented.SegmentedRaftLogWorker (SegmentedRaftLogWorker.java:<init>(182)) - new 89dd138e-de60-41fb-966a-8d68ccbfd781@group-EC4FF14613B3-SegmentedRaftLogWorker for RaftStorageImpl:Storage Directory /github/workspace/mnt/ozone/hadoop-ozone/integration-test/target/test-dir/MiniOzoneClusterImpl-c76e6b88-ed31-44d7-ac8c-51a305797015/datanode-4/data/ratis/03d84a71-6970-4bc3-a5b0-ec4ff14613b3
2021-05-05 15:14:06,664 [pool-749-thread-1] INFO  server.RaftServerConfigKeys (ConfUtils.java:logGet(44)) - raft.server.log.queue.byte-limit = 2147483647 (custom)
2021-05-05 15:14:06,664 [pool-749-thread-1] INFO  server.RaftServerConfigKeys (ConfUtils.java:logGet(44)) - raft.server.log.queue.element-limit = 1024 (custom)
2021-05-05 15:14:06,664 [pool-749-thread-1] INFO  server.RaftServerConfigKeys (ConfUtils.java:logGet(44)) - raft.server.log.segment.size.max = 1048576 (custom)
2021-05-05 15:14:06,664 [pool-749-thread-1] INFO  server.RaftServerConfigKeys (ConfUtils.java:logGet(44)) - raft.server.log.preallocated.size = 16384 (custom)
2021-05-05 15:14:06,664 [pool-749-thread-1] INFO  server.RaftServerConfigKeys (ConfUtils.java:logGet(44)) - raft.server.log.force.sync.num = 128 (default)
2021-05-05 15:14:06,664 [pool-749-thread-1] INFO  server.RaftServerConfigKeys (ConfUtils.java:logGet(44)) - raft.server.log.statemachine.data.sync = true (default)
2021-05-05 15:14:06,665 [pool-749-thread-1] INFO  server.RaftServerConfigKeys (ConfUtils.java:logGet(44)) - raft.server.log.statemachine.data.sync.timeout = 10s (default)
2021-05-05 15:14:06,665 [pool-749-thread-1] INFO  server.RaftServerConfigKeys (ConfUtils.java:logGet(44)) - raft.server.log.statemachine.data.sync.timeout.retry = -1 (default)
2021-05-05 15:14:06,666 [pool-749-thread-1] INFO  server.RaftServerConfigKeys (ConfUtils.java:logGet(44)) - raft.server.log.write.buffer.size = 1048576 (custom)
2021-05-05 15:14:06,667 [pool-749-thread-1] INFO  server.RaftServerConfigKeys (ConfUtils.java:logGet(44)) - raft.server.log.statemachine.data.caching.enabled = true (custom)
2021-05-05 15:14:06,667 [pool-749-thread-1] INFO  segmented.SegmentedRaftLogWorker (SegmentedRaftLogWorker.java:lambda$new$0(133)) - 89dd138e-de60-41fb-966a-8d68ccbfd781@group-EC4FF14613B3-SegmentedRaftLogWorker: flushIndex: setUnconditionally 0 -> -1
2021-05-05 15:14:06,667 [pool-749-thread-1] INFO  segmented.SegmentedRaftLogWorker (SegmentedRaftLogWorker.java:lambda$new$0(133)) - 89dd138e-de60-41fb-966a-8d68ccbfd781@group-EC4FF14613B3-SegmentedRaftLogWorker: safeCacheEvictIndex: setUnconditionally 0 -> -1
2021-05-05 15:14:06,667 [pool-749-thread-1] INFO  server.RaftServerConfigKeys (ConfUtils.java:logGet(44)) - raft.server.snapshot.auto.trigger.enabled = true (custom)
2021-05-05 15:14:06,668 [pool-749-thread-1] INFO  server.RaftServerConfigKeys (ConfUtils.java:logGet(44)) - raft.server.snapshot.auto.trigger.threshold = 10000 (custom)
2021-05-05 15:14:06,668 [pool-749-thread-1] INFO  server.RaftServerConfigKeys (ConfUtils.java:logGet(44)) - raft.server.snapshot.retention.file.num = 5 (custom)
2021-05-05 15:14:06,668 [pool-749-thread-1] INFO  server.RaftServerConfigKeys (ConfUtils.java:logGet(44)) - raft.server.log.purge.upto.snapshot.index = false (default)
2021-05-05 15:14:06,668 [pool-749-thread-1] INFO  server.RaftServerConfigKeys (ConfUtils.java:logGet(44)) - raft.server.retrycache.expirytime = 600000ms (custom)
2021-05-05 15:14:06,668 [pool-749-thread-1] INFO  server.RaftServerConfigKeys (ConfUtils.java:logGet(44)) - raft.server.retrycache.statistics.expirytime = 100?s (default)
2021-05-05 15:14:06,668 [pool-749-thread-1] INFO  metrics.RatisMetrics (RatisMetrics.java:lambda$create$0(36)) - Creating Metrics Registry : ratis.leader_election.89dd138e-de60-41fb-966a-8d68ccbfd781@group-EC4FF14613B3
2021-05-05 15:14:06,669 [pool-749-thread-1] INFO  metrics.RatisMetrics (RatisMetrics.java:lambda$create$0(36)) - Creating Metrics Registry : ratis.server.89dd138e-de60-41fb-966a-8d68ccbfd781@group-EC4FF14613B3
2021-05-05 15:14:06,670 [pool-749-thread-1] INFO  server.RaftServer$Division (RaftServerImpl.java:start(295)) - 89dd138e-de60-41fb-966a-8d68ccbfd781@group-EC4FF14613B3: start as a follower, conf=-1: [89dd138e-de60-41fb-966a-8d68ccbfd781|rpc:172.17.0.2:32835|dataStream:|priority:0, 7ec8b880-4b6b-4ec3-8434-09a8711643ec|rpc:172.17.0.2:33093|dataStream:|priority:0, 588c0cf1-2ab3-4f31-88e6-40c30440d309|rpc:172.17.0.2:46273|dataStream:|priority:1], old=null
2021-05-05 15:14:06,671 [pool-749-thread-1] INFO  server.RaftServer$Division (RaftServerImpl.java:setRole(284)) - 89dd138e-de60-41fb-966a-8d68ccbfd781@group-EC4FF14613B3: changes role from      null to FOLLOWER at term 0 for startAsFollower
2021-05-05 15:14:06,671 [pool-749-thread-1] INFO  impl.RoleInfo (RoleInfo.java:updateAndGet(130)) - 89dd138e-de60-41fb-966a-8d68ccbfd781: start 89dd138e-de60-41fb-966a-8d68ccbfd781@group-EC4FF14613B3-FollowerState
2021-05-05 15:14:06,671 [pool-749-thread-1] INFO  util.JmxRegister (JmxRegister.java:tryRegister(44)) - Successfully registered JMX Bean with object name Ratis:service=RaftServer,group=group-EC4FF14613B3,id=89dd138e-de60-41fb-966a-8d68ccbfd781
2021-05-05 15:14:06,671 [pool-749-thread-1] INFO  metrics.RatisMetrics (RatisMetrics.java:lambda$create$0(36)) - Creating Metrics Registry : ratis.state_machine.89dd138e-de60-41fb-966a-8d68ccbfd781@group-EC4FF14613B3
2021-05-05 15:14:06,678 [Command processor thread] INFO  commandhandler.CreatePipelineCommandHandler (CreatePipelineCommandHandler.java:handle(106)) - Created Pipeline RATIS THREE PipelineID=03d84a71-6970-4bc3-a5b0-ec4ff14613b3.
2021-05-05 15:14:06,787 [Listener at 127.0.0.1/33403] INFO  ozone.MiniOzoneClusterImpl (MiniOzoneClusterImpl.java:lambda$waitForClusterToBeReady$0(224)) - Nodes are ready. Got 9 of 9 DN Heartbeats.
2021-05-05 15:14:06,787 [Listener at 127.0.0.1/33403] INFO  ozone.MiniOzoneClusterImpl (MiniOzoneClusterImpl.java:lambda$waitForClusterToBeReady$0(227)) - Waiting for cluster to exit safe mode
2021-05-05 15:14:06,787 [Listener at 127.0.0.1/33403] INFO  ozone.MiniOzoneClusterImpl (MiniOzoneClusterImpl.java:lambda$waitForClusterToBeReady$0(230)) - SCM became leader
2021-05-05 15:14:06,820 [Command processor thread] INFO  server.RaftServer (RaftServerProxy.java:addNew(95)) - 89dd138e-de60-41fb-966a-8d68ccbfd781: addNew group-5312536DE4E5:[89dd138e-de60-41fb-966a-8d68ccbfd781|rpc:172.17.0.2:32835|priority:1] returns group-5312536DE4E5:java.util.concurrent.CompletableFuture@7be37940[Not completed]
2021-05-05 15:14:06,820 [pool-749-thread-1] INFO  server.RaftServer$Division (RaftServerImpl.java:<init>(180)) - 89dd138e-de60-41fb-966a-8d68ccbfd781: new RaftServerImpl for group-5312536DE4E5:[89dd138e-de60-41fb-966a-8d68ccbfd781|rpc:172.17.0.2:32835|priority:1] with ContainerStateMachine:uninitialized
2021-05-05 15:14:06,820 [pool-749-thread-1] INFO  server.RaftServerConfigKeys (ConfUtils.java:logGet(44)) - raft.server.rpc.timeout.min = 5s (custom)
2021-05-05 15:14:06,820 [pool-749-thread-1] INFO  server.RaftServerConfigKeys (ConfUtils.java:logGet(44)) - raft.server.rpc.timeout.max = 5200ms (custom)
2021-05-05 15:14:06,820 [pool-749-thread-1] INFO  server.RaftServerConfigKeys (ConfUtils.java:logGet(44)) - raft.server.rpc.sleep.time = 25ms (default)
2021-05-05 15:14:06,820 [pool-749-thread-1] INFO  server.RaftServerConfigKeys (ConfUtils.java:logGet(44)) - raft.server.rpc.slowness.timeout = 300000ms (custom)
2021-05-05 15:14:06,821 [pool-749-thread-1] INFO  server.RaftServerConfigKeys (ConfUtils.java:logGet(44)) - raft.server.leaderelection.leader.step-down.wait-time = 10s (default)
2021-05-05 15:14:06,821 [pool-749-thread-1] INFO  server.RaftServerConfigKeys (ConfUtils.java:logGet(44)) - raft.server.sleep.deviation.threshold = 300ms (default)
2021-05-05 15:14:06,821 [pool-749-thread-1] INFO  server.RaftServerConfigKeys (ConfUtils.java:logGet(44)) - raft.server.log.appender.install.snapshot.enabled = false (custom)
2021-05-05 15:14:06,821 [pool-749-thread-1] INFO  server.RaftServer$Division (ServerState.java:<init>(105)) - 89dd138e-de60-41fb-966a-8d68ccbfd781@group-5312536DE4E5: ConfigurationManager, init=-1: [89dd138e-de60-41fb-966a-8d68ccbfd781|rpc:172.17.0.2:32835|priority:1], old=null, confs=<EMPTY_MAP>
2021-05-05 15:14:06,821 [pool-749-thread-1] INFO  server.RaftServerConfigKeys (ConfUtils.java:logGet(44)) - raft.server.storage.dir = [/github/workspace/mnt/ozone/hadoop-ozone/integration-test/target/test-dir/MiniOzoneClusterImpl-c76e6b88-ed31-44d7-ac8c-51a305797015/datanode-4/data/ratis] (custom)
2021-05-05 15:14:06,821 [pool-749-thread-1] INFO  server.RaftServerConfigKeys (ConfUtils.java:logGet(44)) - raft.server.log.corruption.policy = EXCEPTION (default)
2021-05-05 15:14:06,821 [pool-749-thread-1] INFO  storage.RaftStorageDirectory (RaftStorageDirectoryImpl.java:analyzeStorage(132)) - The storage directory /github/workspace/mnt/ozone/hadoop-ozone/integration-test/target/test-dir/MiniOzoneClusterImpl-c76e6b88-ed31-44d7-ac8c-51a305797015/datanode-4/data/ratis/6924b6a5-a559-48ae-92e3-5312536de4e5 does not exist. Creating ...
2021-05-05 15:14:06,822 [pool-749-thread-1] INFO  storage.RaftStorageDirectory (RaftStorageDirectoryImpl.java:tryLock(215)) - Lock on /github/workspace/mnt/ozone/hadoop-ozone/integration-test/target/test-dir/MiniOzoneClusterImpl-c76e6b88-ed31-44d7-ac8c-51a305797015/datanode-4/data/ratis/6924b6a5-a559-48ae-92e3-5312536de4e5/in_use.lock acquired by nodename 25793@d81b9af81a7a
2021-05-05 15:14:06,823 [pool-749-thread-1] INFO  storage.RaftStorage (RaftStorageImpl.java:format(87)) - Storage directory /github/workspace/mnt/ozone/hadoop-ozone/integration-test/target/test-dir/MiniOzoneClusterImpl-c76e6b88-ed31-44d7-ac8c-51a305797015/datanode-4/data/ratis/6924b6a5-a559-48ae-92e3-5312536de4e5 has been successfully formatted.
2021-05-05 15:14:06,824 [pool-749-thread-1] INFO  ratis.ContainerStateMachine (ContainerStateMachine.java:loadSnapshot(224)) - group-5312536DE4E5: The snapshot info is null. Setting the last applied indexto:(t:0, i:~)
2021-05-05 15:14:06,824 [pool-749-thread-1] INFO  server.RaftServerConfigKeys (ConfUtils.java:logGet(44)) - raft.server.notification.no-leader.timeout = 300000ms (custom)
2021-05-05 15:14:06,824 [pool-749-thread-1] INFO  server.RaftServerConfigKeys (ConfUtils.java:logGet(44)) - raft.server.log.use.memory = false (default)
2021-05-05 15:14:06,824 [EventQueue-PipelineReportForOneReplicaPipelineSafeModeRule] INFO  safemode.SCMSafeModeManager (SCMSafeModeManager.java:validateSafeModeExitRules(201)) - AtleastOneDatanodeReportedRule rule is successfully validated
2021-05-05 15:14:06,824 [EventQueue-PipelineReportForPipelineReportHandler] INFO  pipeline.PipelineManagerV2Impl (PipelineManagerV2Impl.java:openPipeline(270)) - Pipeline Pipeline[ Id: 6924b6a5-a559-48ae-92e3-5312536de4e5, Nodes: 89dd138e-de60-41fb-966a-8d68ccbfd781{ip: 172.17.0.2, host: d81b9af81a7a, ports: [REPLICATION=39975, RATIS=32835, RATIS_ADMIN=32835, RATIS_SERVER=32835, STANDALONE=42755], networkLocation: /default-rack, certSerialId: null, persistedOpState: IN_SERVICE, persistedOpStateExpiryEpochSec: 0}, ReplicationConfig: RATIS/ONE, State:ALLOCATED, leaderId:89dd138e-de60-41fb-966a-8d68ccbfd781, CreationTimestamp2021-05-05T15:14:03.821Z] moved to OPEN state
2021-05-05 15:14:06,824 [pool-749-thread-1] INFO  server.RaftServerConfigKeys (ConfUtils.java:logGet(44)) - raft.server.log.purge.gap = 1000000 (custom)
2021-05-05 15:14:06,825 [pool-749-thread-1] INFO  server.RaftServerConfigKeys (ConfUtils.java:logGet(44)) - raft.server.log.appender.buffer.byte-limit = 33554432 (custom)
2021-05-05 15:14:06,825 [pool-749-thread-1] INFO  metrics.RatisMetrics (RatisMetrics.java:lambda$create$0(36)) - Creating Metrics Registry : ratis.log_worker.89dd138e-de60-41fb-966a-8d68ccbfd781@group-5312536DE4E5
2021-05-05 15:14:06,825 [EventQueue-OpenPipelineForHealthyPipelineSafeModeRule] INFO  safemode.SCMSafeModeManager (HealthyPipelineSafeModeRule.java:process(130)) - SCM in safe mode. Healthy pipelines reported count is 0, required healthy pipeline reported count is 1
2021-05-05 15:14:06,825 [pool-749-thread-1] INFO  server.RaftServerConfigKeys (ConfUtils.java:logGet(44)) - raft.server.log.segment.size.max = 1048576 (custom)
2021-05-05 15:14:06,826 [pool-749-thread-1] INFO  server.RaftServerConfigKeys (ConfUtils.java:logGet(44)) - raft.server.log.segment.cache.num.max = 2 (custom)
2021-05-05 15:14:06,826 [pool-749-thread-1] INFO  server.RaftServerConfigKeys (ConfUtils.java:logGet(44)) - raft.server.log.segment.cache.size.max = 200MB (=209715200) (default)
2021-05-05 15:14:06,826 [pool-749-thread-1] INFO  segmented.SegmentedRaftLogWorker (SegmentedRaftLogWorker.java:<init>(182)) - new 89dd138e-de60-41fb-966a-8d68ccbfd781@group-5312536DE4E5-SegmentedRaftLogWorker for RaftStorageImpl:Storage Directory /github/workspace/mnt/ozone/hadoop-ozone/integration-test/target/test-dir/MiniOzoneClusterImpl-c76e6b88-ed31-44d7-ac8c-51a305797015/datanode-4/data/ratis/6924b6a5-a559-48ae-92e3-5312536de4e5
2021-05-05 15:14:06,826 [pool-749-thread-1] INFO  server.RaftServerConfigKeys (ConfUtils.java:logGet(44)) - raft.server.log.queue.byte-limit = 2147483647 (custom)
2021-05-05 15:14:06,826 [pool-749-thread-1] INFO  server.RaftServerConfigKeys (ConfUtils.java:logGet(44)) - raft.server.log.queue.element-limit = 1024 (custom)
2021-05-05 15:14:06,826 [pool-749-thread-1] INFO  server.RaftServerConfigKeys (ConfUtils.java:logGet(44)) - raft.server.log.segment.size.max = 1048576 (custom)
2021-05-05 15:14:06,827 [pool-749-thread-1] INFO  server.RaftServerConfigKeys (ConfUtils.java:logGet(44)) - raft.server.log.preallocated.size = 16384 (custom)
2021-05-05 15:14:06,827 [pool-749-thread-1] INFO  server.RaftServerConfigKeys (ConfUtils.java:logGet(44)) - raft.server.log.force.sync.num = 128 (default)
2021-05-05 15:14:06,827 [pool-749-thread-1] INFO  server.RaftServerConfigKeys (ConfUtils.java:logGet(44)) - raft.server.log.statemachine.data.sync = true (default)
2021-05-05 15:14:06,827 [pool-749-thread-1] INFO  server.RaftServerConfigKeys (ConfUtils.java:logGet(44)) - raft.server.log.statemachine.data.sync.timeout = 10s (default)
2021-05-05 15:14:06,827 [pool-749-thread-1] INFO  server.RaftServerConfigKeys (ConfUtils.java:logGet(44)) - raft.server.log.statemachine.data.sync.timeout.retry = -1 (default)
2021-05-05 15:14:06,829 [pool-749-thread-1] INFO  server.RaftServerConfigKeys (ConfUtils.java:logGet(44)) - raft.server.log.write.buffer.size = 1048576 (custom)
2021-05-05 15:14:06,829 [pool-749-thread-1] INFO  server.RaftServerConfigKeys (ConfUtils.java:logGet(44)) - raft.server.log.statemachine.data.caching.enabled = true (custom)
2021-05-05 15:14:06,829 [pool-749-thread-1] INFO  segmented.SegmentedRaftLogWorker (SegmentedRaftLogWorker.java:lambda$new$0(133)) - 89dd138e-de60-41fb-966a-8d68ccbfd781@group-5312536DE4E5-SegmentedRaftLogWorker: flushIndex: setUnconditionally 0 -> -1
2021-05-05 15:14:06,830 [pool-749-thread-1] INFO  segmented.SegmentedRaftLogWorker (SegmentedRaftLogWorker.java:lambda$new$0(133)) - 89dd138e-de60-41fb-966a-8d68ccbfd781@group-5312536DE4E5-SegmentedRaftLogWorker: safeCacheEvictIndex: setUnconditionally 0 -> -1
2021-05-05 15:14:06,830 [pool-749-thread-1] INFO  server.RaftServerConfigKeys (ConfUtils.java:logGet(44)) - raft.server.snapshot.auto.trigger.enabled = true (custom)
2021-05-05 15:14:06,830 [pool-749-thread-1] INFO  server.RaftServerConfigKeys (ConfUtils.java:logGet(44)) - raft.server.snapshot.auto.trigger.threshold = 10000 (custom)
2021-05-05 15:14:06,830 [pool-749-thread-1] INFO  server.RaftServerConfigKeys (ConfUtils.java:logGet(44)) - raft.server.snapshot.retention.file.num = 5 (custom)
2021-05-05 15:14:06,830 [pool-749-thread-1] INFO  server.RaftServerConfigKeys (ConfUtils.java:logGet(44)) - raft.server.log.purge.upto.snapshot.index = false (default)
2021-05-05 15:14:06,830 [pool-749-thread-1] INFO  server.RaftServerConfigKeys (ConfUtils.java:logGet(44)) - raft.server.retrycache.expirytime = 600000ms (custom)
2021-05-05 15:14:06,830 [pool-749-thread-1] INFO  server.RaftServerConfigKeys (ConfUtils.java:logGet(44)) - raft.server.retrycache.statistics.expirytime = 100?s (default)
2021-05-05 15:14:06,830 [pool-749-thread-1] INFO  metrics.RatisMetrics (RatisMetrics.java:lambda$create$0(36)) - Creating Metrics Registry : ratis.leader_election.89dd138e-de60-41fb-966a-8d68ccbfd781@group-5312536DE4E5
2021-05-05 15:14:06,831 [pool-749-thread-1] INFO  metrics.RatisMetrics (RatisMetrics.java:lambda$create$0(36)) - Creating Metrics Registry : ratis.server.89dd138e-de60-41fb-966a-8d68ccbfd781@group-5312536DE4E5
2021-05-05 15:14:06,833 [pool-749-thread-1] INFO  server.RaftServer$Division (RaftServerImpl.java:start(295)) - 89dd138e-de60-41fb-966a-8d68ccbfd781@group-5312536DE4E5: start as a follower, conf=-1: [89dd138e-de60-41fb-966a-8d68ccbfd781|rpc:172.17.0.2:32835|priority:1], old=null
2021-05-05 15:14:06,833 [pool-749-thread-1] INFO  server.RaftServer$Division (RaftServerImpl.java:setRole(284)) - 89dd138e-de60-41fb-966a-8d68ccbfd781@group-5312536DE4E5: changes role from      null to FOLLOWER at term 0 for startAsFollower
2021-05-05 15:14:06,833 [pool-749-thread-1] INFO  impl.RoleInfo (RoleInfo.java:updateAndGet(130)) - 89dd138e-de60-41fb-966a-8d68ccbfd781: start 89dd138e-de60-41fb-966a-8d68ccbfd781@group-5312536DE4E5-FollowerState
2021-05-05 15:14:06,833 [pool-749-thread-1] INFO  util.JmxRegister (JmxRegister.java:tryRegister(44)) - Successfully registered JMX Bean with object name Ratis:service=RaftServer,group=group-5312536DE4E5,id=89dd138e-de60-41fb-966a-8d68ccbfd781
2021-05-05 15:14:06,833 [pool-749-thread-1] INFO  metrics.RatisMetrics (RatisMetrics.java:lambda$create$0(36)) - Creating Metrics Registry : ratis.state_machine.89dd138e-de60-41fb-966a-8d68ccbfd781@group-5312536DE4E5
2021-05-05 15:14:06,834 [Command processor thread] INFO  ratis.XceiverServerRatis (XceiverServerRatis.java:addGroup(808)) - Created group PipelineID=6924b6a5-a559-48ae-92e3-5312536de4e5
2021-05-05 15:14:06,835 [Command processor thread] INFO  commandhandler.CreatePipelineCommandHandler (CreatePipelineCommandHandler.java:handle(106)) - Created Pipeline RATIS ONE PipelineID=6924b6a5-a559-48ae-92e3-5312536de4e5.
2021-05-05 15:14:06,938 [EventQueue-PipelineReportForOneReplicaPipelineSafeModeRule] INFO  safemode.SCMSafeModeManager (SCMSafeModeManager.java:validateSafeModeExitRules(201)) - AtleastOneDatanodeReportedRule rule is successfully validated
2021-05-05 15:14:06,938 [EventQueue-OpenPipelineForHealthyPipelineSafeModeRule] INFO  safemode.SCMSafeModeManager (HealthyPipelineSafeModeRule.java:process(130)) - SCM in safe mode. Healthy pipelines reported count is 0, required healthy pipeline reported count is 1
2021-05-05 15:14:07,089 [Command processor thread] INFO  server.RaftServer (RaftServerProxy.java:addNew(95)) - 7ec8b880-4b6b-4ec3-8434-09a8711643ec: addNew group-71F27519F4B4:[7ec8b880-4b6b-4ec3-8434-09a8711643ec|rpc:172.17.0.2:33093|priority:1] returns group-71F27519F4B4:java.util.concurrent.CompletableFuture@6925bb1b[Not completed]
2021-05-05 15:14:07,090 [pool-767-thread-1] INFO  server.RaftServer$Division (RaftServerImpl.java:<init>(180)) - 7ec8b880-4b6b-4ec3-8434-09a8711643ec: new RaftServerImpl for group-71F27519F4B4:[7ec8b880-4b6b-4ec3-8434-09a8711643ec|rpc:172.17.0.2:33093|priority:1] with ContainerStateMachine:uninitialized
2021-05-05 15:14:07,090 [pool-767-thread-1] INFO  server.RaftServerConfigKeys (ConfUtils.java:logGet(44)) - raft.server.rpc.timeout.min = 5s (custom)
2021-05-05 15:14:07,090 [pool-767-thread-1] INFO  server.RaftServerConfigKeys (ConfUtils.java:logGet(44)) - raft.server.rpc.timeout.max = 5200ms (custom)
2021-05-05 15:14:07,090 [pool-767-thread-1] INFO  server.RaftServerConfigKeys (ConfUtils.java:logGet(44)) - raft.server.rpc.sleep.time = 25ms (default)
2021-05-05 15:14:07,090 [pool-767-thread-1] INFO  server.RaftServerConfigKeys (ConfUtils.java:logGet(44)) - raft.server.rpc.slowness.timeout = 300000ms (custom)
2021-05-05 15:14:07,090 [pool-767-thread-1] INFO  server.RaftServerConfigKeys (ConfUtils.java:logGet(44)) - raft.server.leaderelection.leader.step-down.wait-time = 10s (default)
2021-05-05 15:14:07,090 [pool-767-thread-1] INFO  server.RaftServerConfigKeys (ConfUtils.java:logGet(44)) - raft.server.sleep.deviation.threshold = 300ms (default)
2021-05-05 15:14:07,091 [pool-767-thread-1] INFO  server.RaftServerConfigKeys (ConfUtils.java:logGet(44)) - raft.server.log.appender.install.snapshot.enabled = false (custom)
2021-05-05 15:14:07,091 [pool-767-thread-1] INFO  server.RaftServer$Division (ServerState.java:<init>(105)) - 7ec8b880-4b6b-4ec3-8434-09a8711643ec@group-71F27519F4B4: ConfigurationManager, init=-1: [7ec8b880-4b6b-4ec3-8434-09a8711643ec|rpc:172.17.0.2:33093|priority:1], old=null, confs=<EMPTY_MAP>
2021-05-05 15:14:07,091 [pool-767-thread-1] INFO  server.RaftServerConfigKeys (ConfUtils.java:logGet(44)) - raft.server.storage.dir = [/github/workspace/mnt/ozone/hadoop-ozone/integration-test/target/test-dir/MiniOzoneClusterImpl-c76e6b88-ed31-44d7-ac8c-51a305797015/datanode-5/data/ratis] (custom)
2021-05-05 15:14:07,091 [pool-767-thread-1] INFO  server.RaftServerConfigKeys (ConfUtils.java:logGet(44)) - raft.server.log.corruption.policy = EXCEPTION (default)
2021-05-05 15:14:07,091 [pool-767-thread-1] INFO  storage.RaftStorageDirectory (RaftStorageDirectoryImpl.java:analyzeStorage(132)) - The storage directory /github/workspace/mnt/ozone/hadoop-ozone/integration-test/target/test-dir/MiniOzoneClusterImpl-c76e6b88-ed31-44d7-ac8c-51a305797015/datanode-5/data/ratis/1ce5c1af-807b-488f-92e4-71f27519f4b4 does not exist. Creating ...
2021-05-05 15:14:07,093 [pool-767-thread-1] INFO  storage.RaftStorageDirectory (RaftStorageDirectoryImpl.java:tryLock(215)) - Lock on /github/workspace/mnt/ozone/hadoop-ozone/integration-test/target/test-dir/MiniOzoneClusterImpl-c76e6b88-ed31-44d7-ac8c-51a305797015/datanode-5/data/ratis/1ce5c1af-807b-488f-92e4-71f27519f4b4/in_use.lock acquired by nodename 25793@d81b9af81a7a
2021-05-05 15:14:07,094 [pool-767-thread-1] INFO  storage.RaftStorage (RaftStorageImpl.java:format(87)) - Storage directory /github/workspace/mnt/ozone/hadoop-ozone/integration-test/target/test-dir/MiniOzoneClusterImpl-c76e6b88-ed31-44d7-ac8c-51a305797015/datanode-5/data/ratis/1ce5c1af-807b-488f-92e4-71f27519f4b4 has been successfully formatted.
2021-05-05 15:14:07,094 [pool-767-thread-1] INFO  ratis.ContainerStateMachine (ContainerStateMachine.java:loadSnapshot(224)) - group-71F27519F4B4: The snapshot info is null. Setting the last applied indexto:(t:0, i:~)
2021-05-05 15:14:07,094 [pool-767-thread-1] INFO  server.RaftServerConfigKeys (ConfUtils.java:logGet(44)) - raft.server.notification.no-leader.timeout = 300000ms (custom)
2021-05-05 15:14:07,094 [pool-767-thread-1] INFO  server.RaftServerConfigKeys (ConfUtils.java:logGet(44)) - raft.server.log.use.memory = false (default)
2021-05-05 15:14:07,094 [pool-767-thread-1] INFO  server.RaftServerConfigKeys (ConfUtils.java:logGet(44)) - raft.server.log.purge.gap = 1000000 (custom)
2021-05-05 15:14:07,095 [EventQueue-PipelineReportForOneReplicaPipelineSafeModeRule] INFO  safemode.SCMSafeModeManager (SCMSafeModeManager.java:validateSafeModeExitRules(201)) - AtleastOneDatanodeReportedRule rule is successfully validated
2021-05-05 15:14:07,095 [EventQueue-PipelineReportForPipelineReportHandler] INFO  pipeline.PipelineManagerV2Impl (PipelineManagerV2Impl.java:openPipeline(270)) - Pipeline Pipeline[ Id: 1ce5c1af-807b-488f-92e4-71f27519f4b4, Nodes: 7ec8b880-4b6b-4ec3-8434-09a8711643ec{ip: 172.17.0.2, host: d81b9af81a7a, ports: [REPLICATION=38537, RATIS=33093, RATIS_ADMIN=33093, RATIS_SERVER=33093, STANDALONE=41679], networkLocation: /default-rack, certSerialId: null, persistedOpState: IN_SERVICE, persistedOpStateExpiryEpochSec: 0}, ReplicationConfig: RATIS/ONE, State:ALLOCATED, leaderId:7ec8b880-4b6b-4ec3-8434-09a8711643ec, CreationTimestamp2021-05-05T15:14:04.091Z] moved to OPEN state
2021-05-05 15:14:07,095 [EventQueue-OpenPipelineForHealthyPipelineSafeModeRule] INFO  safemode.SCMSafeModeManager (HealthyPipelineSafeModeRule.java:process(130)) - SCM in safe mode. Healthy pipelines reported count is 0, required healthy pipeline reported count is 1
2021-05-05 15:14:07,095 [pool-767-thread-1] INFO  server.RaftServerConfigKeys (ConfUtils.java:logGet(44)) - raft.server.log.appender.buffer.byte-limit = 33554432 (custom)
2021-05-05 15:14:07,096 [pool-767-thread-1] INFO  metrics.RatisMetrics (RatisMetrics.java:lambda$create$0(36)) - Creating Metrics Registry : ratis.log_worker.7ec8b880-4b6b-4ec3-8434-09a8711643ec@group-71F27519F4B4
2021-05-05 15:14:07,096 [pool-767-thread-1] INFO  server.RaftServerConfigKeys (ConfUtils.java:logGet(44)) - raft.server.log.segment.size.max = 1048576 (custom)
2021-05-05 15:14:07,097 [pool-767-thread-1] INFO  server.RaftServerConfigKeys (ConfUtils.java:logGet(44)) - raft.server.log.segment.cache.num.max = 2 (custom)
2021-05-05 15:14:07,097 [pool-767-thread-1] INFO  server.RaftServerConfigKeys (ConfUtils.java:logGet(44)) - raft.server.log.segment.cache.size.max = 200MB (=209715200) (default)
2021-05-05 15:14:07,097 [pool-767-thread-1] INFO  segmented.SegmentedRaftLogWorker (SegmentedRaftLogWorker.java:<init>(182)) - new 7ec8b880-4b6b-4ec3-8434-09a8711643ec@group-71F27519F4B4-SegmentedRaftLogWorker for RaftStorageImpl:Storage Directory /github/workspace/mnt/ozone/hadoop-ozone/integration-test/target/test-dir/MiniOzoneClusterImpl-c76e6b88-ed31-44d7-ac8c-51a305797015/datanode-5/data/ratis/1ce5c1af-807b-488f-92e4-71f27519f4b4
2021-05-05 15:14:07,097 [pool-767-thread-1] INFO  server.RaftServerConfigKeys (ConfUtils.java:logGet(44)) - raft.server.log.queue.byte-limit = 2147483647 (custom)
2021-05-05 15:14:07,097 [pool-767-thread-1] INFO  server.RaftServerConfigKeys (ConfUtils.java:logGet(44)) - raft.server.log.queue.element-limit = 1024 (custom)
2021-05-05 15:14:07,097 [pool-767-thread-1] INFO  server.RaftServerConfigKeys (ConfUtils.java:logGet(44)) - raft.server.log.segment.size.max = 1048576 (custom)
2021-05-05 15:14:07,097 [pool-767-thread-1] INFO  server.RaftServerConfigKeys (ConfUtils.java:logGet(44)) - raft.server.log.preallocated.size = 16384 (custom)
2021-05-05 15:14:07,097 [pool-767-thread-1] INFO  server.RaftServerConfigKeys (ConfUtils.java:logGet(44)) - raft.server.log.force.sync.num = 128 (default)
2021-05-05 15:14:07,098 [pool-767-thread-1] INFO  server.RaftServerConfigKeys (ConfUtils.java:logGet(44)) - raft.server.log.statemachine.data.sync = true (default)
2021-05-05 15:14:07,098 [pool-767-thread-1] INFO  server.RaftServerConfigKeys (ConfUtils.java:logGet(44)) - raft.server.log.statemachine.data.sync.timeout = 10s (default)
2021-05-05 15:14:07,098 [pool-767-thread-1] INFO  server.RaftServerConfigKeys (ConfUtils.java:logGet(44)) - raft.server.log.statemachine.data.sync.timeout.retry = -1 (default)
2021-05-05 15:14:07,099 [pool-767-thread-1] INFO  server.RaftServerConfigKeys (ConfUtils.java:logGet(44)) - raft.server.log.write.buffer.size = 1048576 (custom)
2021-05-05 15:14:07,100 [pool-767-thread-1] INFO  server.RaftServerConfigKeys (ConfUtils.java:logGet(44)) - raft.server.log.statemachine.data.caching.enabled = true (custom)
2021-05-05 15:14:07,100 [pool-767-thread-1] INFO  segmented.SegmentedRaftLogWorker (SegmentedRaftLogWorker.java:lambda$new$0(133)) - 7ec8b880-4b6b-4ec3-8434-09a8711643ec@group-71F27519F4B4-SegmentedRaftLogWorker: flushIndex: setUnconditionally 0 -> -1
2021-05-05 15:14:07,100 [pool-767-thread-1] INFO  segmented.SegmentedRaftLogWorker (SegmentedRaftLogWorker.java:lambda$new$0(133)) - 7ec8b880-4b6b-4ec3-8434-09a8711643ec@group-71F27519F4B4-SegmentedRaftLogWorker: safeCacheEvictIndex: setUnconditionally 0 -> -1
2021-05-05 15:14:07,101 [pool-767-thread-1] INFO  server.RaftServerConfigKeys (ConfUtils.java:logGet(44)) - raft.server.snapshot.auto.trigger.enabled = true (custom)
2021-05-05 15:14:07,101 [pool-767-thread-1] INFO  server.RaftServerConfigKeys (ConfUtils.java:logGet(44)) - raft.server.snapshot.auto.trigger.threshold = 10000 (custom)
2021-05-05 15:14:07,101 [pool-767-thread-1] INFO  server.RaftServerConfigKeys (ConfUtils.java:logGet(44)) - raft.server.snapshot.retention.file.num = 5 (custom)
2021-05-05 15:14:07,101 [pool-767-thread-1] INFO  server.RaftServerConfigKeys (ConfUtils.java:logGet(44)) - raft.server.log.purge.upto.snapshot.index = false (default)
2021-05-05 15:14:07,101 [pool-767-thread-1] INFO  server.RaftServerConfigKeys (ConfUtils.java:logGet(44)) - raft.server.retrycache.expirytime = 600000ms (custom)
2021-05-05 15:14:07,101 [pool-767-thread-1] INFO  server.RaftServerConfigKeys (ConfUtils.java:logGet(44)) - raft.server.retrycache.statistics.expirytime = 100?s (default)
2021-05-05 15:14:07,101 [pool-767-thread-1] INFO  metrics.RatisMetrics (RatisMetrics.java:lambda$create$0(36)) - Creating Metrics Registry : ratis.leader_election.7ec8b880-4b6b-4ec3-8434-09a8711643ec@group-71F27519F4B4
2021-05-05 15:14:07,102 [pool-767-thread-1] INFO  metrics.RatisMetrics (RatisMetrics.java:lambda$create$0(36)) - Creating Metrics Registry : ratis.server.7ec8b880-4b6b-4ec3-8434-09a8711643ec@group-71F27519F4B4
2021-05-05 15:14:07,104 [pool-767-thread-1] INFO  server.RaftServer$Division (RaftServerImpl.java:start(295)) - 7ec8b880-4b6b-4ec3-8434-09a8711643ec@group-71F27519F4B4: start as a follower, conf=-1: [7ec8b880-4b6b-4ec3-8434-09a8711643ec|rpc:172.17.0.2:33093|priority:1], old=null
2021-05-05 15:14:07,104 [pool-767-thread-1] INFO  server.RaftServer$Division (RaftServerImpl.java:setRole(284)) - 7ec8b880-4b6b-4ec3-8434-09a8711643ec@group-71F27519F4B4: changes role from      null to FOLLOWER at term 0 for startAsFollower
2021-05-05 15:14:07,104 [pool-767-thread-1] INFO  impl.RoleInfo (RoleInfo.java:updateAndGet(130)) - 7ec8b880-4b6b-4ec3-8434-09a8711643ec: start 7ec8b880-4b6b-4ec3-8434-09a8711643ec@group-71F27519F4B4-FollowerState
2021-05-05 15:14:07,104 [pool-767-thread-1] INFO  util.JmxRegister (JmxRegister.java:tryRegister(44)) - Successfully registered JMX Bean with object name Ratis:service=RaftServer,group=group-71F27519F4B4,id=7ec8b880-4b6b-4ec3-8434-09a8711643ec
2021-05-05 15:14:07,104 [pool-767-thread-1] INFO  metrics.RatisMetrics (RatisMetrics.java:lambda$create$0(36)) - Creating Metrics Registry : ratis.state_machine.7ec8b880-4b6b-4ec3-8434-09a8711643ec@group-71F27519F4B4
2021-05-05 15:14:07,105 [Command processor thread] INFO  ratis.XceiverServerRatis (XceiverServerRatis.java:addGroup(808)) - Created group PipelineID=1ce5c1af-807b-488f-92e4-71f27519f4b4
2021-05-05 15:14:07,105 [Command processor thread] INFO  commandhandler.CreatePipelineCommandHandler (CreatePipelineCommandHandler.java:handle(106)) - Created Pipeline RATIS ONE PipelineID=1ce5c1af-807b-488f-92e4-71f27519f4b4.
2021-05-05 15:14:07,133 [EventQueue-PipelineReportForOneReplicaPipelineSafeModeRule] INFO  safemode.SCMSafeModeManager (SCMSafeModeManager.java:validateSafeModeExitRules(201)) - AtleastOneDatanodeReportedRule rule is successfully validated
2021-05-05 15:14:07,134 [EventQueue-OpenPipelineForHealthyPipelineSafeModeRule] INFO  safemode.SCMSafeModeManager (HealthyPipelineSafeModeRule.java:process(130)) - SCM in safe mode. Healthy pipelines reported count is 0, required healthy pipeline reported count is 1
2021-05-05 15:14:07,317 [Command processor thread] INFO  server.RaftServer (RaftServerProxy.java:addNew(95)) - 3aae9554-9ce2-4940-80df-bab76ceffe99: addNew group-1C435D73CD00:[3aae9554-9ce2-4940-80df-bab76ceffe99|rpc:172.17.0.2:40809|priority:1] returns group-1C435D73CD00:java.util.concurrent.CompletableFuture@40cb8cf9[Not completed]
2021-05-05 15:14:07,318 [pool-785-thread-1] INFO  server.RaftServer$Division (RaftServerImpl.java:<init>(180)) - 3aae9554-9ce2-4940-80df-bab76ceffe99: new RaftServerImpl for group-1C435D73CD00:[3aae9554-9ce2-4940-80df-bab76ceffe99|rpc:172.17.0.2:40809|priority:1] with ContainerStateMachine:uninitialized
2021-05-05 15:14:07,318 [pool-785-thread-1] INFO  server.RaftServerConfigKeys (ConfUtils.java:logGet(44)) - raft.server.rpc.timeout.min = 5s (custom)
2021-05-05 15:14:07,318 [pool-785-thread-1] INFO  server.RaftServerConfigKeys (ConfUtils.java:logGet(44)) - raft.server.rpc.timeout.max = 5200ms (custom)
2021-05-05 15:14:07,318 [pool-785-thread-1] INFO  server.RaftServerConfigKeys (ConfUtils.java:logGet(44)) - raft.server.rpc.sleep.time = 25ms (default)
2021-05-05 15:14:07,318 [pool-785-thread-1] INFO  server.RaftServerConfigKeys (ConfUtils.java:logGet(44)) - raft.server.rpc.slowness.timeout = 300000ms (custom)
2021-05-05 15:14:07,318 [pool-785-thread-1] INFO  server.RaftServerConfigKeys (ConfUtils.java:logGet(44)) - raft.server.leaderelection.leader.step-down.wait-time = 10s (default)
2021-05-05 15:14:07,318 [pool-785-thread-1] INFO  server.RaftServerConfigKeys (ConfUtils.java:logGet(44)) - raft.server.sleep.deviation.threshold = 300ms (default)
2021-05-05 15:14:07,318 [pool-785-thread-1] INFO  server.RaftServerConfigKeys (ConfUtils.java:logGet(44)) - raft.server.log.appender.install.snapshot.enabled = false (custom)
2021-05-05 15:14:07,318 [pool-785-thread-1] INFO  server.RaftServer$Division (ServerState.java:<init>(105)) - 3aae9554-9ce2-4940-80df-bab76ceffe99@group-1C435D73CD00: ConfigurationManager, init=-1: [3aae9554-9ce2-4940-80df-bab76ceffe99|rpc:172.17.0.2:40809|priority:1], old=null, confs=<EMPTY_MAP>
2021-05-05 15:14:07,318 [pool-785-thread-1] INFO  server.RaftServerConfigKeys (ConfUtils.java:logGet(44)) - raft.server.storage.dir = [/github/workspace/mnt/ozone/hadoop-ozone/integration-test/target/test-dir/MiniOzoneClusterImpl-c76e6b88-ed31-44d7-ac8c-51a305797015/datanode-6/data/ratis] (custom)
2021-05-05 15:14:07,318 [pool-785-thread-1] INFO  server.RaftServerConfigKeys (ConfUtils.java:logGet(44)) - raft.server.log.corruption.policy = EXCEPTION (default)
2021-05-05 15:14:07,319 [pool-785-thread-1] INFO  storage.RaftStorageDirectory (RaftStorageDirectoryImpl.java:analyzeStorage(132)) - The storage directory /github/workspace/mnt/ozone/hadoop-ozone/integration-test/target/test-dir/MiniOzoneClusterImpl-c76e6b88-ed31-44d7-ac8c-51a305797015/datanode-6/data/ratis/330bab0d-bc3e-47dd-bc50-1c435d73cd00 does not exist. Creating ...
2021-05-05 15:14:07,320 [pool-785-thread-1] INFO  storage.RaftStorageDirectory (RaftStorageDirectoryImpl.java:tryLock(215)) - Lock on /github/workspace/mnt/ozone/hadoop-ozone/integration-test/target/test-dir/MiniOzoneClusterImpl-c76e6b88-ed31-44d7-ac8c-51a305797015/datanode-6/data/ratis/330bab0d-bc3e-47dd-bc50-1c435d73cd00/in_use.lock acquired by nodename 25793@d81b9af81a7a
2021-05-05 15:14:07,321 [pool-785-thread-1] INFO  storage.RaftStorage (RaftStorageImpl.java:format(87)) - Storage directory /github/workspace/mnt/ozone/hadoop-ozone/integration-test/target/test-dir/MiniOzoneClusterImpl-c76e6b88-ed31-44d7-ac8c-51a305797015/datanode-6/data/ratis/330bab0d-bc3e-47dd-bc50-1c435d73cd00 has been successfully formatted.
2021-05-05 15:14:07,321 [pool-785-thread-1] INFO  ratis.ContainerStateMachine (ContainerStateMachine.java:loadSnapshot(224)) - group-1C435D73CD00: The snapshot info is null. Setting the last applied indexto:(t:0, i:~)
2021-05-05 15:14:07,322 [pool-785-thread-1] INFO  server.RaftServerConfigKeys (ConfUtils.java:logGet(44)) - raft.server.notification.no-leader.timeout = 300000ms (custom)
2021-05-05 15:14:07,322 [EventQueue-PipelineReportForOneReplicaPipelineSafeModeRule] INFO  safemode.SCMSafeModeManager (SCMSafeModeManager.java:validateSafeModeExitRules(201)) - AtleastOneDatanodeReportedRule rule is successfully validated
2021-05-05 15:14:07,322 [EventQueue-PipelineReportForPipelineReportHandler] INFO  pipeline.PipelineManagerV2Impl (PipelineManagerV2Impl.java:openPipeline(270)) - Pipeline Pipeline[ Id: 330bab0d-bc3e-47dd-bc50-1c435d73cd00, Nodes: 3aae9554-9ce2-4940-80df-bab76ceffe99{ip: 172.17.0.2, host: d81b9af81a7a, ports: [REPLICATION=40581, RATIS=40809, RATIS_ADMIN=40809, RATIS_SERVER=40809, STANDALONE=38757], networkLocation: /default-rack, certSerialId: null, persistedOpState: IN_SERVICE, persistedOpStateExpiryEpochSec: 0}, ReplicationConfig: RATIS/ONE, State:ALLOCATED, leaderId:3aae9554-9ce2-4940-80df-bab76ceffe99, CreationTimestamp2021-05-05T15:14:04.317Z] moved to OPEN state
2021-05-05 15:14:07,323 [EventQueue-OpenPipelineForHealthyPipelineSafeModeRule] INFO  safemode.SCMSafeModeManager (HealthyPipelineSafeModeRule.java:process(130)) - SCM in safe mode. Healthy pipelines reported count is 0, required healthy pipeline reported count is 1
2021-05-05 15:14:07,323 [pool-785-thread-1] INFO  server.RaftServerConfigKeys (ConfUtils.java:logGet(44)) - raft.server.log.use.memory = false (default)
2021-05-05 15:14:07,323 [pool-785-thread-1] INFO  server.RaftServerConfigKeys (ConfUtils.java:logGet(44)) - raft.server.log.purge.gap = 1000000 (custom)
2021-05-05 15:14:07,323 [pool-785-thread-1] INFO  server.RaftServerConfigKeys (ConfUtils.java:logGet(44)) - raft.server.log.appender.buffer.byte-limit = 33554432 (custom)
2021-05-05 15:14:07,323 [pool-785-thread-1] INFO  metrics.RatisMetrics (RatisMetrics.java:lambda$create$0(36)) - Creating Metrics Registry : ratis.log_worker.3aae9554-9ce2-4940-80df-bab76ceffe99@group-1C435D73CD00
2021-05-05 15:14:07,323 [pool-785-thread-1] INFO  server.RaftServerConfigKeys (ConfUtils.java:logGet(44)) - raft.server.log.segment.size.max = 1048576 (custom)
2021-05-05 15:14:07,324 [pool-785-thread-1] INFO  server.RaftServerConfigKeys (ConfUtils.java:logGet(44)) - raft.server.log.segment.cache.num.max = 2 (custom)
2021-05-05 15:14:07,324 [pool-785-thread-1] INFO  server.RaftServerConfigKeys (ConfUtils.java:logGet(44)) - raft.server.log.segment.cache.size.max = 200MB (=209715200) (default)
2021-05-05 15:14:07,324 [pool-785-thread-1] INFO  segmented.SegmentedRaftLogWorker (SegmentedRaftLogWorker.java:<init>(182)) - new 3aae9554-9ce2-4940-80df-bab76ceffe99@group-1C435D73CD00-SegmentedRaftLogWorker for RaftStorageImpl:Storage Directory /github/workspace/mnt/ozone/hadoop-ozone/integration-test/target/test-dir/MiniOzoneClusterImpl-c76e6b88-ed31-44d7-ac8c-51a305797015/datanode-6/data/ratis/330bab0d-bc3e-47dd-bc50-1c435d73cd00
2021-05-05 15:14:07,324 [pool-785-thread-1] INFO  server.RaftServerConfigKeys (ConfUtils.java:logGet(44)) - raft.server.log.queue.byte-limit = 2147483647 (custom)
2021-05-05 15:14:07,324 [pool-785-thread-1] INFO  server.RaftServerConfigKeys (ConfUtils.java:logGet(44)) - raft.server.log.queue.element-limit = 1024 (custom)
2021-05-05 15:14:07,324 [pool-785-thread-1] INFO  server.RaftServerConfigKeys (ConfUtils.java:logGet(44)) - raft.server.log.segment.size.max = 1048576 (custom)
2021-05-05 15:14:07,324 [pool-785-thread-1] INFO  server.RaftServerConfigKeys (ConfUtils.java:logGet(44)) - raft.server.log.preallocated.size = 16384 (custom)
2021-05-05 15:14:07,324 [pool-785-thread-1] INFO  server.RaftServerConfigKeys (ConfUtils.java:logGet(44)) - raft.server.log.force.sync.num = 128 (default)
2021-05-05 15:14:07,324 [pool-785-thread-1] INFO  server.RaftServerConfigKeys (ConfUtils.java:logGet(44)) - raft.server.log.statemachine.data.sync = true (default)
2021-05-05 15:14:07,325 [pool-785-thread-1] INFO  server.RaftServerConfigKeys (ConfUtils.java:logGet(44)) - raft.server.log.statemachine.data.sync.timeout = 10s (default)
2021-05-05 15:14:07,325 [pool-785-thread-1] INFO  server.RaftServerConfigKeys (ConfUtils.java:logGet(44)) - raft.server.log.statemachine.data.sync.timeout.retry = -1 (default)
2021-05-05 15:14:07,326 [pool-785-thread-1] INFO  server.RaftServerConfigKeys (ConfUtils.java:logGet(44)) - raft.server.log.write.buffer.size = 1048576 (custom)
2021-05-05 15:14:07,327 [pool-785-thread-1] INFO  server.RaftServerConfigKeys (ConfUtils.java:logGet(44)) - raft.server.log.statemachine.data.caching.enabled = true (custom)
2021-05-05 15:14:07,327 [pool-785-thread-1] INFO  segmented.SegmentedRaftLogWorker (SegmentedRaftLogWorker.java:lambda$new$0(133)) - 3aae9554-9ce2-4940-80df-bab76ceffe99@group-1C435D73CD00-SegmentedRaftLogWorker: flushIndex: setUnconditionally 0 -> -1
2021-05-05 15:14:07,327 [pool-785-thread-1] INFO  segmented.SegmentedRaftLogWorker (SegmentedRaftLogWorker.java:lambda$new$0(133)) - 3aae9554-9ce2-4940-80df-bab76ceffe99@group-1C435D73CD00-SegmentedRaftLogWorker: safeCacheEvictIndex: setUnconditionally 0 -> -1
2021-05-05 15:14:07,327 [pool-785-thread-1] INFO  server.RaftServerConfigKeys (ConfUtils.java:logGet(44)) - raft.server.snapshot.auto.trigger.enabled = true (custom)
2021-05-05 15:14:07,327 [pool-785-thread-1] INFO  server.RaftServerConfigKeys (ConfUtils.java:logGet(44)) - raft.server.snapshot.auto.trigger.threshold = 10000 (custom)
2021-05-05 15:14:07,327 [pool-785-thread-1] INFO  server.RaftServerConfigKeys (ConfUtils.java:logGet(44)) - raft.server.snapshot.retention.file.num = 5 (custom)
2021-05-05 15:14:07,327 [pool-785-thread-1] INFO  server.RaftServerConfigKeys (ConfUtils.java:logGet(44)) - raft.server.log.purge.upto.snapshot.index = false (default)
2021-05-05 15:14:07,327 [pool-785-thread-1] INFO  server.RaftServerConfigKeys (ConfUtils.java:logGet(44)) - raft.server.retrycache.expirytime = 600000ms (custom)
2021-05-05 15:14:07,327 [pool-785-thread-1] INFO  server.RaftServerConfigKeys (ConfUtils.java:logGet(44)) - raft.server.retrycache.statistics.expirytime = 100?s (default)
2021-05-05 15:14:07,328 [pool-785-thread-1] INFO  metrics.RatisMetrics (RatisMetrics.java:lambda$create$0(36)) - Creating Metrics Registry : ratis.leader_election.3aae9554-9ce2-4940-80df-bab76ceffe99@group-1C435D73CD00
2021-05-05 15:14:07,328 [pool-785-thread-1] INFO  metrics.RatisMetrics (RatisMetrics.java:lambda$create$0(36)) - Creating Metrics Registry : ratis.server.3aae9554-9ce2-4940-80df-bab76ceffe99@group-1C435D73CD00
2021-05-05 15:14:07,330 [pool-785-thread-1] INFO  server.RaftServer$Division (RaftServerImpl.java:start(295)) - 3aae9554-9ce2-4940-80df-bab76ceffe99@group-1C435D73CD00: start as a follower, conf=-1: [3aae9554-9ce2-4940-80df-bab76ceffe99|rpc:172.17.0.2:40809|priority:1], old=null
2021-05-05 15:14:07,330 [pool-785-thread-1] INFO  server.RaftServer$Division (RaftServerImpl.java:setRole(284)) - 3aae9554-9ce2-4940-80df-bab76ceffe99@group-1C435D73CD00: changes role from      null to FOLLOWER at term 0 for startAsFollower
2021-05-05 15:14:07,330 [pool-785-thread-1] INFO  impl.RoleInfo (RoleInfo.java:updateAndGet(130)) - 3aae9554-9ce2-4940-80df-bab76ceffe99: start 3aae9554-9ce2-4940-80df-bab76ceffe99@group-1C435D73CD00-FollowerState
2021-05-05 15:14:07,330 [pool-785-thread-1] INFO  util.JmxRegister (JmxRegister.java:tryRegister(44)) - Successfully registered JMX Bean with object name Ratis:service=RaftServer,group=group-1C435D73CD00,id=3aae9554-9ce2-4940-80df-bab76ceffe99
2021-05-05 15:14:07,330 [pool-785-thread-1] INFO  metrics.RatisMetrics (RatisMetrics.java:lambda$create$0(36)) - Creating Metrics Registry : ratis.state_machine.3aae9554-9ce2-4940-80df-bab76ceffe99@group-1C435D73CD00
2021-05-05 15:14:07,331 [Command processor thread] INFO  ratis.XceiverServerRatis (XceiverServerRatis.java:addGroup(808)) - Created group PipelineID=330bab0d-bc3e-47dd-bc50-1c435d73cd00
2021-05-05 15:14:07,331 [Command processor thread] INFO  commandhandler.CreatePipelineCommandHandler (CreatePipelineCommandHandler.java:handle(106)) - Created Pipeline RATIS ONE PipelineID=330bab0d-bc3e-47dd-bc50-1c435d73cd00.
2021-05-05 15:14:07,331 [Command processor thread] INFO  server.RaftServer (RaftServerProxy.java:addNew(95)) - 3aae9554-9ce2-4940-80df-bab76ceffe99: addNew group-1BEDC8ED2755:[3aae9554-9ce2-4940-80df-bab76ceffe99|rpc:172.17.0.2:40809|priority:0, ba91ce60-c1e0-470b-8f12-0816737cfb30|rpc:172.17.0.2:37935|priority:1, 84f014eb-0543-4c23-a581-806bb6567559|rpc:172.17.0.2:43113|priority:0] returns group-1BEDC8ED2755:java.util.concurrent.CompletableFuture@44f40038[Not completed]
2021-05-05 15:14:07,332 [pool-785-thread-1] INFO  server.RaftServer$Division (RaftServerImpl.java:<init>(180)) - 3aae9554-9ce2-4940-80df-bab76ceffe99: new RaftServerImpl for group-1BEDC8ED2755:[3aae9554-9ce2-4940-80df-bab76ceffe99|rpc:172.17.0.2:40809|priority:0, ba91ce60-c1e0-470b-8f12-0816737cfb30|rpc:172.17.0.2:37935|priority:1, 84f014eb-0543-4c23-a581-806bb6567559|rpc:172.17.0.2:43113|priority:0] with ContainerStateMachine:uninitialized
2021-05-05 15:14:07,332 [pool-785-thread-1] INFO  server.RaftServerConfigKeys (ConfUtils.java:logGet(44)) - raft.server.rpc.timeout.min = 5s (custom)
2021-05-05 15:14:07,332 [pool-785-thread-1] INFO  server.RaftServerConfigKeys (ConfUtils.java:logGet(44)) - raft.server.rpc.timeout.max = 5200ms (custom)
2021-05-05 15:14:07,332 [pool-785-thread-1] INFO  server.RaftServerConfigKeys (ConfUtils.java:logGet(44)) - raft.server.rpc.sleep.time = 25ms (default)
2021-05-05 15:14:07,332 [pool-785-thread-1] INFO  server.RaftServerConfigKeys (ConfUtils.java:logGet(44)) - raft.server.rpc.slowness.timeout = 300000ms (custom)
2021-05-05 15:14:07,332 [pool-785-thread-1] INFO  server.RaftServerConfigKeys (ConfUtils.java:logGet(44)) - raft.server.leaderelection.leader.step-down.wait-time = 10s (default)
2021-05-05 15:14:07,332 [pool-785-thread-1] INFO  server.RaftServerConfigKeys (ConfUtils.java:logGet(44)) - raft.server.sleep.deviation.threshold = 300ms (default)
2021-05-05 15:14:07,332 [pool-785-thread-1] INFO  server.RaftServerConfigKeys (ConfUtils.java:logGet(44)) - raft.server.log.appender.install.snapshot.enabled = false (custom)
2021-05-05 15:14:07,332 [pool-785-thread-1] INFO  server.RaftServer$Division (ServerState.java:<init>(105)) - 3aae9554-9ce2-4940-80df-bab76ceffe99@group-1BEDC8ED2755: ConfigurationManager, init=-1: [3aae9554-9ce2-4940-80df-bab76ceffe99|rpc:172.17.0.2:40809|priority:0, ba91ce60-c1e0-470b-8f12-0816737cfb30|rpc:172.17.0.2:37935|priority:1, 84f014eb-0543-4c23-a581-806bb6567559|rpc:172.17.0.2:43113|priority:0], old=null, confs=<EMPTY_MAP>
2021-05-05 15:14:07,333 [pool-785-thread-1] INFO  server.RaftServerConfigKeys (ConfUtils.java:logGet(44)) - raft.server.storage.dir = [/github/workspace/mnt/ozone/hadoop-ozone/integration-test/target/test-dir/MiniOzoneClusterImpl-c76e6b88-ed31-44d7-ac8c-51a305797015/datanode-6/data/ratis] (custom)
2021-05-05 15:14:07,333 [pool-785-thread-1] INFO  server.RaftServerConfigKeys (ConfUtils.java:logGet(44)) - raft.server.log.corruption.policy = EXCEPTION (default)
2021-05-05 15:14:07,333 [pool-785-thread-1] INFO  storage.RaftStorageDirectory (RaftStorageDirectoryImpl.java:analyzeStorage(132)) - The storage directory /github/workspace/mnt/ozone/hadoop-ozone/integration-test/target/test-dir/MiniOzoneClusterImpl-c76e6b88-ed31-44d7-ac8c-51a305797015/datanode-6/data/ratis/fcc5943e-3b03-440e-9901-1bedc8ed2755 does not exist. Creating ...
2021-05-05 15:14:07,334 [pool-785-thread-1] INFO  storage.RaftStorageDirectory (RaftStorageDirectoryImpl.java:tryLock(215)) - Lock on /github/workspace/mnt/ozone/hadoop-ozone/integration-test/target/test-dir/MiniOzoneClusterImpl-c76e6b88-ed31-44d7-ac8c-51a305797015/datanode-6/data/ratis/fcc5943e-3b03-440e-9901-1bedc8ed2755/in_use.lock acquired by nodename 25793@d81b9af81a7a
2021-05-05 15:14:07,335 [pool-785-thread-1] INFO  storage.RaftStorage (RaftStorageImpl.java:format(87)) - Storage directory /github/workspace/mnt/ozone/hadoop-ozone/integration-test/target/test-dir/MiniOzoneClusterImpl-c76e6b88-ed31-44d7-ac8c-51a305797015/datanode-6/data/ratis/fcc5943e-3b03-440e-9901-1bedc8ed2755 has been successfully formatted.
2021-05-05 15:14:07,335 [pool-785-thread-1] INFO  ratis.ContainerStateMachine (ContainerStateMachine.java:loadSnapshot(224)) - group-1BEDC8ED2755: The snapshot info is null. Setting the last applied indexto:(t:0, i:~)
2021-05-05 15:14:07,335 [pool-785-thread-1] INFO  server.RaftServerConfigKeys (ConfUtils.java:logGet(44)) - raft.server.notification.no-leader.timeout = 300000ms (custom)
2021-05-05 15:14:07,335 [pool-785-thread-1] INFO  server.RaftServerConfigKeys (ConfUtils.java:logGet(44)) - raft.server.log.use.memory = false (default)
2021-05-05 15:14:07,335 [pool-785-thread-1] INFO  server.RaftServerConfigKeys (ConfUtils.java:logGet(44)) - raft.server.log.purge.gap = 1000000 (custom)
2021-05-05 15:14:07,335 [pool-785-thread-1] INFO  server.RaftServerConfigKeys (ConfUtils.java:logGet(44)) - raft.server.log.appender.buffer.byte-limit = 33554432 (custom)
2021-05-05 15:14:07,336 [EventQueue-OpenPipelineForHealthyPipelineSafeModeRule] INFO  safemode.SCMSafeModeManager (HealthyPipelineSafeModeRule.java:process(130)) - SCM in safe mode. Healthy pipelines reported count is 0, required healthy pipeline reported count is 1
2021-05-05 15:14:07,336 [EventQueue-PipelineReportForOneReplicaPipelineSafeModeRule] INFO  safemode.SCMSafeModeManager (SCMSafeModeManager.java:validateSafeModeExitRules(201)) - AtleastOneDatanodeReportedRule rule is successfully validated
2021-05-05 15:14:07,336 [pool-785-thread-1] INFO  metrics.RatisMetrics (RatisMetrics.java:lambda$create$0(36)) - Creating Metrics Registry : ratis.log_worker.3aae9554-9ce2-4940-80df-bab76ceffe99@group-1BEDC8ED2755
2021-05-05 15:14:07,336 [pool-785-thread-1] INFO  server.RaftServerConfigKeys (ConfUtils.java:logGet(44)) - raft.server.log.segment.size.max = 1048576 (custom)
2021-05-05 15:14:07,337 [pool-785-thread-1] INFO  server.RaftServerConfigKeys (ConfUtils.java:logGet(44)) - raft.server.log.segment.cache.num.max = 2 (custom)
2021-05-05 15:14:07,337 [pool-785-thread-1] INFO  server.RaftServerConfigKeys (ConfUtils.java:logGet(44)) - raft.server.log.segment.cache.size.max = 200MB (=209715200) (default)
2021-05-05 15:14:07,337 [pool-785-thread-1] INFO  segmented.SegmentedRaftLogWorker (SegmentedRaftLogWorker.java:<init>(182)) - new 3aae9554-9ce2-4940-80df-bab76ceffe99@group-1BEDC8ED2755-SegmentedRaftLogWorker for RaftStorageImpl:Storage Directory /github/workspace/mnt/ozone/hadoop-ozone/integration-test/target/test-dir/MiniOzoneClusterImpl-c76e6b88-ed31-44d7-ac8c-51a305797015/datanode-6/data/ratis/fcc5943e-3b03-440e-9901-1bedc8ed2755
2021-05-05 15:14:07,337 [pool-785-thread-1] INFO  server.RaftServerConfigKeys (ConfUtils.java:logGet(44)) - raft.server.log.queue.byte-limit = 2147483647 (custom)
2021-05-05 15:14:07,337 [pool-785-thread-1] INFO  server.RaftServerConfigKeys (ConfUtils.java:logGet(44)) - raft.server.log.queue.element-limit = 1024 (custom)
2021-05-05 15:14:07,337 [pool-785-thread-1] INFO  server.RaftServerConfigKeys (ConfUtils.java:logGet(44)) - raft.server.log.segment.size.max = 1048576 (custom)
2021-05-05 15:14:07,337 [pool-785-thread-1] INFO  server.RaftServerConfigKeys (ConfUtils.java:logGet(44)) - raft.server.log.preallocated.size = 16384 (custom)
2021-05-05 15:14:07,337 [pool-785-thread-1] INFO  server.RaftServerConfigKeys (ConfUtils.java:logGet(44)) - raft.server.log.force.sync.num = 128 (default)
2021-05-05 15:14:07,337 [pool-785-thread-1] INFO  server.RaftServerConfigKeys (ConfUtils.java:logGet(44)) - raft.server.log.statemachine.data.sync = true (default)
2021-05-05 15:14:07,338 [pool-785-thread-1] INFO  server.RaftServerConfigKeys (ConfUtils.java:logGet(44)) - raft.server.log.statemachine.data.sync.timeout = 10s (default)
2021-05-05 15:14:07,338 [pool-785-thread-1] INFO  server.RaftServerConfigKeys (ConfUtils.java:logGet(44)) - raft.server.log.statemachine.data.sync.timeout.retry = -1 (default)
2021-05-05 15:14:07,339 [pool-785-thread-1] INFO  server.RaftServerConfigKeys (ConfUtils.java:logGet(44)) - raft.server.log.write.buffer.size = 1048576 (custom)
2021-05-05 15:14:07,340 [pool-785-thread-1] INFO  server.RaftServerConfigKeys (ConfUtils.java:logGet(44)) - raft.server.log.statemachine.data.caching.enabled = true (custom)
2021-05-05 15:14:07,340 [pool-785-thread-1] INFO  segmented.SegmentedRaftLogWorker (SegmentedRaftLogWorker.java:lambda$new$0(133)) - 3aae9554-9ce2-4940-80df-bab76ceffe99@group-1BEDC8ED2755-SegmentedRaftLogWorker: flushIndex: setUnconditionally 0 -> -1
2021-05-05 15:14:07,340 [pool-785-thread-1] INFO  segmented.SegmentedRaftLogWorker (SegmentedRaftLogWorker.java:lambda$new$0(133)) - 3aae9554-9ce2-4940-80df-bab76ceffe99@group-1BEDC8ED2755-SegmentedRaftLogWorker: safeCacheEvictIndex: setUnconditionally 0 -> -1
2021-05-05 15:14:07,340 [pool-785-thread-1] INFO  server.RaftServerConfigKeys (ConfUtils.java:logGet(44)) - raft.server.snapshot.auto.trigger.enabled = true (custom)
2021-05-05 15:14:07,340 [pool-785-thread-1] INFO  server.RaftServerConfigKeys (ConfUtils.java:logGet(44)) - raft.server.snapshot.auto.trigger.threshold = 10000 (custom)
2021-05-05 15:14:07,341 [pool-785-thread-1] INFO  server.RaftServerConfigKeys (ConfUtils.java:logGet(44)) - raft.server.snapshot.retention.file.num = 5 (custom)
2021-05-05 15:14:07,341 [pool-785-thread-1] INFO  server.RaftServerConfigKeys (ConfUtils.java:logGet(44)) - raft.server.log.purge.upto.snapshot.index = false (default)
2021-05-05 15:14:07,341 [pool-785-thread-1] INFO  server.RaftServerConfigKeys (ConfUtils.java:logGet(44)) - raft.server.retrycache.expirytime = 600000ms (custom)
2021-05-05 15:14:07,341 [pool-785-thread-1] INFO  server.RaftServerConfigKeys (ConfUtils.java:logGet(44)) - raft.server.retrycache.statistics.expirytime = 100?s (default)
2021-05-05 15:14:07,341 [pool-785-thread-1] INFO  metrics.RatisMetrics (RatisMetrics.java:lambda$create$0(36)) - Creating Metrics Registry : ratis.leader_election.3aae9554-9ce2-4940-80df-bab76ceffe99@group-1BEDC8ED2755
2021-05-05 15:14:07,342 [pool-785-thread-1] INFO  metrics.RatisMetrics (RatisMetrics.java:lambda$create$0(36)) - Creating Metrics Registry : ratis.server.3aae9554-9ce2-4940-80df-bab76ceffe99@group-1BEDC8ED2755
2021-05-05 15:14:07,343 [pool-785-thread-1] INFO  server.RaftServer$Division (RaftServerImpl.java:start(295)) - 3aae9554-9ce2-4940-80df-bab76ceffe99@group-1BEDC8ED2755: start as a follower, conf=-1: [3aae9554-9ce2-4940-80df-bab76ceffe99|rpc:172.17.0.2:40809|priority:0, ba91ce60-c1e0-470b-8f12-0816737cfb30|rpc:172.17.0.2:37935|priority:1, 84f014eb-0543-4c23-a581-806bb6567559|rpc:172.17.0.2:43113|priority:0], old=null
2021-05-05 15:14:07,343 [pool-785-thread-1] INFO  server.RaftServer$Division (RaftServerImpl.java:setRole(284)) - 3aae9554-9ce2-4940-80df-bab76ceffe99@group-1BEDC8ED2755: changes role from      null to FOLLOWER at term 0 for startAsFollower
2021-05-05 15:14:07,343 [pool-785-thread-1] INFO  impl.RoleInfo (RoleInfo.java:updateAndGet(130)) - 3aae9554-9ce2-4940-80df-bab76ceffe99: start 3aae9554-9ce2-4940-80df-bab76ceffe99@group-1BEDC8ED2755-FollowerState
2021-05-05 15:14:07,344 [pool-785-thread-1] INFO  util.JmxRegister (JmxRegister.java:tryRegister(44)) - Successfully registered JMX Bean with object name Ratis:service=RaftServer,group=group-1BEDC8ED2755,id=3aae9554-9ce2-4940-80df-bab76ceffe99
2021-05-05 15:14:07,344 [pool-785-thread-1] INFO  metrics.RatisMetrics (RatisMetrics.java:lambda$create$0(36)) - Creating Metrics Registry : ratis.state_machine.3aae9554-9ce2-4940-80df-bab76ceffe99@group-1BEDC8ED2755
2021-05-05 15:14:07,355 [Command processor thread] INFO  ratis.XceiverServerRatis (XceiverServerRatis.java:addGroup(808)) - Created group PipelineID=fcc5943e-3b03-440e-9901-1bedc8ed2755
2021-05-05 15:14:07,356 [Command processor thread] INFO  metrics.RatisMetrics (RatisMetrics.java:lambda$create$0(36)) - Creating Metrics Registry : ratis.client_message_metrics.client-1EBA25205D5C->84f014eb-0543-4c23-a581-806bb6567559
2021-05-05 15:14:07,362 [grpc-default-executor-1] INFO  metrics.RatisMetrics (RatisMetrics.java:lambda$create$0(36)) - Creating Metrics Registry : ratis.server_message_metrics.84f014eb-0543-4c23-a581-806bb6567559
2021-05-05 15:14:07,364 [grpc-default-executor-1] INFO  server.RaftServer (RaftServerProxy.java:addNew(95)) - 84f014eb-0543-4c23-a581-806bb6567559: addNew group-1BEDC8ED2755:[3aae9554-9ce2-4940-80df-bab76ceffe99|rpc:172.17.0.2:40809|dataStream:|priority:0, ba91ce60-c1e0-470b-8f12-0816737cfb30|rpc:172.17.0.2:37935|dataStream:|priority:1, 84f014eb-0543-4c23-a581-806bb6567559|rpc:172.17.0.2:43113|dataStream:|priority:0] returns group-1BEDC8ED2755:java.util.concurrent.CompletableFuture@3c3947db[Not completed]
2021-05-05 15:14:07,364 [pool-821-thread-1] INFO  server.RaftServer$Division (RaftServerImpl.java:<init>(180)) - 84f014eb-0543-4c23-a581-806bb6567559: new RaftServerImpl for group-1BEDC8ED2755:[3aae9554-9ce2-4940-80df-bab76ceffe99|rpc:172.17.0.2:40809|dataStream:|priority:0, ba91ce60-c1e0-470b-8f12-0816737cfb30|rpc:172.17.0.2:37935|dataStream:|priority:1, 84f014eb-0543-4c23-a581-806bb6567559|rpc:172.17.0.2:43113|dataStream:|priority:0] with ContainerStateMachine:uninitialized
2021-05-05 15:14:07,364 [pool-821-thread-1] INFO  server.RaftServerConfigKeys (ConfUtils.java:logGet(44)) - raft.server.rpc.timeout.min = 5s (custom)
2021-05-05 15:14:07,364 [pool-821-thread-1] INFO  server.RaftServerConfigKeys (ConfUtils.java:logGet(44)) - raft.server.rpc.timeout.max = 5200ms (custom)
2021-05-05 15:14:07,365 [pool-821-thread-1] INFO  server.RaftServerConfigKeys (ConfUtils.java:logGet(44)) - raft.server.rpc.sleep.time = 25ms (default)
2021-05-05 15:14:07,365 [pool-821-thread-1] INFO  server.RaftServerConfigKeys (ConfUtils.java:logGet(44)) - raft.server.rpc.slowness.timeout = 300000ms (custom)
2021-05-05 15:14:07,365 [pool-821-thread-1] INFO  server.RaftServerConfigKeys (ConfUtils.java:logGet(44)) - raft.server.leaderelection.leader.step-down.wait-time = 10s (default)
2021-05-05 15:14:07,365 [pool-821-thread-1] INFO  server.RaftServerConfigKeys (ConfUtils.java:logGet(44)) - raft.server.sleep.deviation.threshold = 300ms (default)
2021-05-05 15:14:07,365 [pool-821-thread-1] INFO  server.RaftServerConfigKeys (ConfUtils.java:logGet(44)) - raft.server.log.appender.install.snapshot.enabled = false (custom)
2021-05-05 15:14:07,365 [pool-821-thread-1] INFO  server.RaftServer$Division (ServerState.java:<init>(105)) - 84f014eb-0543-4c23-a581-806bb6567559@group-1BEDC8ED2755: ConfigurationManager, init=-1: [3aae9554-9ce2-4940-80df-bab76ceffe99|rpc:172.17.0.2:40809|dataStream:|priority:0, ba91ce60-c1e0-470b-8f12-0816737cfb30|rpc:172.17.0.2:37935|dataStream:|priority:1, 84f014eb-0543-4c23-a581-806bb6567559|rpc:172.17.0.2:43113|dataStream:|priority:0], old=null, confs=<EMPTY_MAP>
2021-05-05 15:14:07,365 [pool-821-thread-1] INFO  server.RaftServerConfigKeys (ConfUtils.java:logGet(44)) - raft.server.storage.dir = [/github/workspace/mnt/ozone/hadoop-ozone/integration-test/target/test-dir/MiniOzoneClusterImpl-c76e6b88-ed31-44d7-ac8c-51a305797015/datanode-8/data/ratis] (custom)
2021-05-05 15:14:07,366 [pool-821-thread-1] INFO  server.RaftServerConfigKeys (ConfUtils.java:logGet(44)) - raft.server.log.corruption.policy = EXCEPTION (default)
2021-05-05 15:14:07,366 [pool-821-thread-1] INFO  storage.RaftStorageDirectory (RaftStorageDirectoryImpl.java:analyzeStorage(132)) - The storage directory /github/workspace/mnt/ozone/hadoop-ozone/integration-test/target/test-dir/MiniOzoneClusterImpl-c76e6b88-ed31-44d7-ac8c-51a305797015/datanode-8/data/ratis/fcc5943e-3b03-440e-9901-1bedc8ed2755 does not exist. Creating ...
2021-05-05 15:14:07,367 [pool-821-thread-1] INFO  storage.RaftStorageDirectory (RaftStorageDirectoryImpl.java:tryLock(215)) - Lock on /github/workspace/mnt/ozone/hadoop-ozone/integration-test/target/test-dir/MiniOzoneClusterImpl-c76e6b88-ed31-44d7-ac8c-51a305797015/datanode-8/data/ratis/fcc5943e-3b03-440e-9901-1bedc8ed2755/in_use.lock acquired by nodename 25793@d81b9af81a7a
2021-05-05 15:14:07,368 [pool-821-thread-1] INFO  storage.RaftStorage (RaftStorageImpl.java:format(87)) - Storage directory /github/workspace/mnt/ozone/hadoop-ozone/integration-test/target/test-dir/MiniOzoneClusterImpl-c76e6b88-ed31-44d7-ac8c-51a305797015/datanode-8/data/ratis/fcc5943e-3b03-440e-9901-1bedc8ed2755 has been successfully formatted.
2021-05-05 15:14:07,368 [pool-821-thread-1] INFO  ratis.ContainerStateMachine (ContainerStateMachine.java:loadSnapshot(224)) - group-1BEDC8ED2755: The snapshot info is null. Setting the last applied indexto:(t:0, i:~)
2021-05-05 15:14:07,369 [pool-821-thread-1] INFO  server.RaftServerConfigKeys (ConfUtils.java:logGet(44)) - raft.server.notification.no-leader.timeout = 300000ms (custom)
2021-05-05 15:14:07,369 [pool-821-thread-1] INFO  server.RaftServerConfigKeys (ConfUtils.java:logGet(44)) - raft.server.log.use.memory = false (default)
2021-05-05 15:14:07,369 [pool-821-thread-1] INFO  server.RaftServerConfigKeys (ConfUtils.java:logGet(44)) - raft.server.log.purge.gap = 1000000 (custom)
2021-05-05 15:14:07,369 [pool-821-thread-1] INFO  server.RaftServerConfigKeys (ConfUtils.java:logGet(44)) - raft.server.log.appender.buffer.byte-limit = 33554432 (custom)
2021-05-05 15:14:07,369 [pool-821-thread-1] INFO  metrics.RatisMetrics (RatisMetrics.java:lambda$create$0(36)) - Creating Metrics Registry : ratis.log_worker.84f014eb-0543-4c23-a581-806bb6567559@group-1BEDC8ED2755
2021-05-05 15:14:07,369 [EventQueue-PipelineReportForOneReplicaPipelineSafeModeRule] INFO  safemode.SCMSafeModeManager (SCMSafeModeManager.java:validateSafeModeExitRules(201)) - AtleastOneDatanodeReportedRule rule is successfully validated
2021-05-05 15:14:07,369 [pool-821-thread-1] INFO  server.RaftServerConfigKeys (ConfUtils.java:logGet(44)) - raft.server.log.segment.size.max = 1048576 (custom)
2021-05-05 15:14:07,370 [pool-821-thread-1] INFO  server.RaftServerConfigKeys (ConfUtils.java:logGet(44)) - raft.server.log.segment.cache.num.max = 2 (custom)
2021-05-05 15:14:07,370 [pool-821-thread-1] INFO  server.RaftServerConfigKeys (ConfUtils.java:logGet(44)) - raft.server.log.segment.cache.size.max = 200MB (=209715200) (default)
2021-05-05 15:14:07,370 [pool-821-thread-1] INFO  segmented.SegmentedRaftLogWorker (SegmentedRaftLogWorker.java:<init>(182)) - new 84f014eb-0543-4c23-a581-806bb6567559@group-1BEDC8ED2755-SegmentedRaftLogWorker for RaftStorageImpl:Storage Directory /github/workspace/mnt/ozone/hadoop-ozone/integration-test/target/test-dir/MiniOzoneClusterImpl-c76e6b88-ed31-44d7-ac8c-51a305797015/datanode-8/data/ratis/fcc5943e-3b03-440e-9901-1bedc8ed2755
2021-05-05 15:14:07,370 [pool-821-thread-1] INFO  server.RaftServerConfigKeys (ConfUtils.java:logGet(44)) - raft.server.log.queue.byte-limit = 2147483647 (custom)
2021-05-05 15:14:07,370 [pool-821-thread-1] INFO  server.RaftServerConfigKeys (ConfUtils.java:logGet(44)) - raft.server.log.queue.element-limit = 1024 (custom)
2021-05-05 15:14:07,370 [pool-821-thread-1] INFO  server.RaftServerConfigKeys (ConfUtils.java:logGet(44)) - raft.server.log.segment.size.max = 1048576 (custom)
2021-05-05 15:14:07,370 [pool-821-thread-1] INFO  server.RaftServerConfigKeys (ConfUtils.java:logGet(44)) - raft.server.log.preallocated.size = 16384 (custom)
2021-05-05 15:14:07,370 [pool-821-thread-1] INFO  server.RaftServerConfigKeys (ConfUtils.java:logGet(44)) - raft.server.log.force.sync.num = 128 (default)
2021-05-05 15:14:07,370 [pool-821-thread-1] INFO  server.RaftServerConfigKeys (ConfUtils.java:logGet(44)) - raft.server.log.statemachine.data.sync = true (default)
2021-05-05 15:14:07,370 [pool-821-thread-1] INFO  server.RaftServerConfigKeys (ConfUtils.java:logGet(44)) - raft.server.log.statemachine.data.sync.timeout = 10s (default)
2021-05-05 15:14:07,370 [pool-821-thread-1] INFO  server.RaftServerConfigKeys (ConfUtils.java:logGet(44)) - raft.server.log.statemachine.data.sync.timeout.retry = -1 (default)
2021-05-05 15:14:07,372 [pool-821-thread-1] INFO  server.RaftServerConfigKeys (ConfUtils.java:logGet(44)) - raft.server.log.write.buffer.size = 1048576 (custom)
2021-05-05 15:14:07,373 [pool-821-thread-1] INFO  server.RaftServerConfigKeys (ConfUtils.java:logGet(44)) - raft.server.log.statemachine.data.caching.enabled = true (custom)
2021-05-05 15:14:07,373 [pool-821-thread-1] INFO  segmented.SegmentedRaftLogWorker (SegmentedRaftLogWorker.java:lambda$new$0(133)) - 84f014eb-0543-4c23-a581-806bb6567559@group-1BEDC8ED2755-SegmentedRaftLogWorker: flushIndex: setUnconditionally 0 -> -1
2021-05-05 15:14:07,373 [pool-821-thread-1] INFO  segmented.SegmentedRaftLogWorker (SegmentedRaftLogWorker.java:lambda$new$0(133)) - 84f014eb-0543-4c23-a581-806bb6567559@group-1BEDC8ED2755-SegmentedRaftLogWorker: safeCacheEvictIndex: setUnconditionally 0 -> -1
2021-05-05 15:14:07,373 [pool-821-thread-1] INFO  server.RaftServerConfigKeys (ConfUtils.java:logGet(44)) - raft.server.snapshot.auto.trigger.enabled = true (custom)
2021-05-05 15:14:07,374 [pool-821-thread-1] INFO  server.RaftServerConfigKeys (ConfUtils.java:logGet(44)) - raft.server.snapshot.auto.trigger.threshold = 10000 (custom)
2021-05-05 15:14:07,374 [pool-821-thread-1] INFO  server.RaftServerConfigKeys (ConfUtils.java:logGet(44)) - raft.server.snapshot.retention.file.num = 5 (custom)
2021-05-05 15:14:07,374 [pool-821-thread-1] INFO  server.RaftServerConfigKeys (ConfUtils.java:logGet(44)) - raft.server.log.purge.upto.snapshot.index = false (default)
2021-05-05 15:14:07,374 [pool-821-thread-1] INFO  server.RaftServerConfigKeys (ConfUtils.java:logGet(44)) - raft.server.retrycache.expirytime = 600000ms (custom)
2021-05-05 15:14:07,374 [pool-821-thread-1] INFO  server.RaftServerConfigKeys (ConfUtils.java:logGet(44)) - raft.server.retrycache.statistics.expirytime = 100?s (default)
2021-05-05 15:14:07,374 [pool-821-thread-1] INFO  metrics.RatisMetrics (RatisMetrics.java:lambda$create$0(36)) - Creating Metrics Registry : ratis.leader_election.84f014eb-0543-4c23-a581-806bb6567559@group-1BEDC8ED2755
2021-05-05 15:14:07,375 [pool-821-thread-1] INFO  metrics.RatisMetrics (RatisMetrics.java:lambda$create$0(36)) - Creating Metrics Registry : ratis.server.84f014eb-0543-4c23-a581-806bb6567559@group-1BEDC8ED2755
2021-05-05 15:14:07,377 [pool-821-thread-1] INFO  server.RaftServer$Division (RaftServerImpl.java:start(295)) - 84f014eb-0543-4c23-a581-806bb6567559@group-1BEDC8ED2755: start as a follower, conf=-1: [3aae9554-9ce2-4940-80df-bab76ceffe99|rpc:172.17.0.2:40809|dataStream:|priority:0, ba91ce60-c1e0-470b-8f12-0816737cfb30|rpc:172.17.0.2:37935|dataStream:|priority:1, 84f014eb-0543-4c23-a581-806bb6567559|rpc:172.17.0.2:43113|dataStream:|priority:0], old=null
2021-05-05 15:14:07,377 [pool-821-thread-1] INFO  server.RaftServer$Division (RaftServerImpl.java:setRole(284)) - 84f014eb-0543-4c23-a581-806bb6567559@group-1BEDC8ED2755: changes role from      null to FOLLOWER at term 0 for startAsFollower
2021-05-05 15:14:07,377 [pool-821-thread-1] INFO  impl.RoleInfo (RoleInfo.java:updateAndGet(130)) - 84f014eb-0543-4c23-a581-806bb6567559: start 84f014eb-0543-4c23-a581-806bb6567559@group-1BEDC8ED2755-FollowerState
2021-05-05 15:14:07,377 [pool-821-thread-1] INFO  util.JmxRegister (JmxRegister.java:tryRegister(44)) - Successfully registered JMX Bean with object name Ratis:service=RaftServer,group=group-1BEDC8ED2755,id=84f014eb-0543-4c23-a581-806bb6567559
2021-05-05 15:14:07,377 [pool-821-thread-1] INFO  metrics.RatisMetrics (RatisMetrics.java:lambda$create$0(36)) - Creating Metrics Registry : ratis.state_machine.84f014eb-0543-4c23-a581-806bb6567559@group-1BEDC8ED2755
2021-05-05 15:14:07,383 [EventQueue-PipelineReportForOneReplicaPipelineSafeModeRule] INFO  safemode.SCMSafeModeManager (SCMSafeModeManager.java:validateSafeModeExitRules(201)) - AtleastOneDatanodeReportedRule rule is successfully validated
2021-05-05 15:14:07,383 [EventQueue-OpenPipelineForHealthyPipelineSafeModeRule] INFO  safemode.SCMSafeModeManager (HealthyPipelineSafeModeRule.java:process(130)) - SCM in safe mode. Healthy pipelines reported count is 0, required healthy pipeline reported count is 1
2021-05-05 15:14:07,384 [Command processor thread] INFO  metrics.RatisMetrics (RatisMetrics.java:lambda$create$0(36)) - Creating Metrics Registry : ratis.client_message_metrics.client-B5ED2BE5AC58->ba91ce60-c1e0-470b-8f12-0816737cfb30
2021-05-05 15:14:07,389 [grpc-default-executor-1] INFO  metrics.RatisMetrics (RatisMetrics.java:lambda$create$0(36)) - Creating Metrics Registry : ratis.server_message_metrics.ba91ce60-c1e0-470b-8f12-0816737cfb30
2021-05-05 15:14:07,391 [grpc-default-executor-1] INFO  server.RaftServer (RaftServerProxy.java:addNew(95)) - ba91ce60-c1e0-470b-8f12-0816737cfb30: addNew group-1BEDC8ED2755:[3aae9554-9ce2-4940-80df-bab76ceffe99|rpc:172.17.0.2:40809|dataStream:|priority:0, ba91ce60-c1e0-470b-8f12-0816737cfb30|rpc:172.17.0.2:37935|dataStream:|priority:1, 84f014eb-0543-4c23-a581-806bb6567559|rpc:172.17.0.2:43113|dataStream:|priority:0] returns group-1BEDC8ED2755:java.util.concurrent.CompletableFuture@5c3e09ff[Not completed]
2021-05-05 15:14:07,392 [pool-803-thread-1] INFO  server.RaftServer$Division (RaftServerImpl.java:<init>(180)) - ba91ce60-c1e0-470b-8f12-0816737cfb30: new RaftServerImpl for group-1BEDC8ED2755:[3aae9554-9ce2-4940-80df-bab76ceffe99|rpc:172.17.0.2:40809|dataStream:|priority:0, ba91ce60-c1e0-470b-8f12-0816737cfb30|rpc:172.17.0.2:37935|dataStream:|priority:1, 84f014eb-0543-4c23-a581-806bb6567559|rpc:172.17.0.2:43113|dataStream:|priority:0] with ContainerStateMachine:uninitialized
2021-05-05 15:14:07,392 [pool-803-thread-1] INFO  server.RaftServerConfigKeys (ConfUtils.java:logGet(44)) - raft.server.rpc.timeout.min = 5s (custom)
2021-05-05 15:14:07,392 [pool-803-thread-1] INFO  server.RaftServerConfigKeys (ConfUtils.java:logGet(44)) - raft.server.rpc.timeout.max = 5200ms (custom)
2021-05-05 15:14:07,392 [pool-803-thread-1] INFO  server.RaftServerConfigKeys (ConfUtils.java:logGet(44)) - raft.server.rpc.sleep.time = 25ms (default)
2021-05-05 15:14:07,392 [pool-803-thread-1] INFO  server.RaftServerConfigKeys (ConfUtils.java:logGet(44)) - raft.server.rpc.slowness.timeout = 300000ms (custom)
2021-05-05 15:14:07,392 [pool-803-thread-1] INFO  server.RaftServerConfigKeys (ConfUtils.java:logGet(44)) - raft.server.leaderelection.leader.step-down.wait-time = 10s (default)
2021-05-05 15:14:07,393 [pool-803-thread-1] INFO  server.RaftServerConfigKeys (ConfUtils.java:logGet(44)) - raft.server.sleep.deviation.threshold = 300ms (default)
2021-05-05 15:14:07,393 [pool-803-thread-1] INFO  server.RaftServerConfigKeys (ConfUtils.java:logGet(44)) - raft.server.log.appender.install.snapshot.enabled = false (custom)
2021-05-05 15:14:07,393 [pool-803-thread-1] INFO  server.RaftServer$Division (ServerState.java:<init>(105)) - ba91ce60-c1e0-470b-8f12-0816737cfb30@group-1BEDC8ED2755: ConfigurationManager, init=-1: [3aae9554-9ce2-4940-80df-bab76ceffe99|rpc:172.17.0.2:40809|dataStream:|priority:0, ba91ce60-c1e0-470b-8f12-0816737cfb30|rpc:172.17.0.2:37935|dataStream:|priority:1, 84f014eb-0543-4c23-a581-806bb6567559|rpc:172.17.0.2:43113|dataStream:|priority:0], old=null, confs=<EMPTY_MAP>
2021-05-05 15:14:07,393 [pool-803-thread-1] INFO  server.RaftServerConfigKeys (ConfUtils.java:logGet(44)) - raft.server.storage.dir = [/github/workspace/mnt/ozone/hadoop-ozone/integration-test/target/test-dir/MiniOzoneClusterImpl-c76e6b88-ed31-44d7-ac8c-51a305797015/datanode-7/data/ratis] (custom)
2021-05-05 15:14:07,393 [pool-803-thread-1] INFO  server.RaftServerConfigKeys (ConfUtils.java:logGet(44)) - raft.server.log.corruption.policy = EXCEPTION (default)
2021-05-05 15:14:07,393 [pool-803-thread-1] INFO  storage.RaftStorageDirectory (RaftStorageDirectoryImpl.java:analyzeStorage(132)) - The storage directory /github/workspace/mnt/ozone/hadoop-ozone/integration-test/target/test-dir/MiniOzoneClusterImpl-c76e6b88-ed31-44d7-ac8c-51a305797015/datanode-7/data/ratis/fcc5943e-3b03-440e-9901-1bedc8ed2755 does not exist. Creating ...
2021-05-05 15:14:07,394 [pool-803-thread-1] INFO  storage.RaftStorageDirectory (RaftStorageDirectoryImpl.java:tryLock(215)) - Lock on /github/workspace/mnt/ozone/hadoop-ozone/integration-test/target/test-dir/MiniOzoneClusterImpl-c76e6b88-ed31-44d7-ac8c-51a305797015/datanode-7/data/ratis/fcc5943e-3b03-440e-9901-1bedc8ed2755/in_use.lock acquired by nodename 25793@d81b9af81a7a
2021-05-05 15:14:07,396 [pool-803-thread-1] INFO  storage.RaftStorage (RaftStorageImpl.java:format(87)) - Storage directory /github/workspace/mnt/ozone/hadoop-ozone/integration-test/target/test-dir/MiniOzoneClusterImpl-c76e6b88-ed31-44d7-ac8c-51a305797015/datanode-7/data/ratis/fcc5943e-3b03-440e-9901-1bedc8ed2755 has been successfully formatted.
2021-05-05 15:14:07,396 [EventQueue-PipelineReportForOneReplicaPipelineSafeModeRule] INFO  safemode.SCMSafeModeManager (SCMSafeModeManager.java:validateSafeModeExitRules(201)) - AtleastOneDatanodeReportedRule rule is successfully validated
2021-05-05 15:14:07,397 [pool-803-thread-1] INFO  ratis.ContainerStateMachine (ContainerStateMachine.java:loadSnapshot(224)) - group-1BEDC8ED2755: The snapshot info is null. Setting the last applied indexto:(t:0, i:~)
2021-05-05 15:14:07,397 [pool-803-thread-1] INFO  server.RaftServerConfigKeys (ConfUtils.java:logGet(44)) - raft.server.notification.no-leader.timeout = 300000ms (custom)
2021-05-05 15:14:07,397 [pool-803-thread-1] INFO  server.RaftServerConfigKeys (ConfUtils.java:logGet(44)) - raft.server.log.use.memory = false (default)
2021-05-05 15:14:07,397 [pool-803-thread-1] INFO  server.RaftServerConfigKeys (ConfUtils.java:logGet(44)) - raft.server.log.purge.gap = 1000000 (custom)
2021-05-05 15:14:07,397 [pool-803-thread-1] INFO  server.RaftServerConfigKeys (ConfUtils.java:logGet(44)) - raft.server.log.appender.buffer.byte-limit = 33554432 (custom)
2021-05-05 15:14:07,397 [pool-803-thread-1] INFO  metrics.RatisMetrics (RatisMetrics.java:lambda$create$0(36)) - Creating Metrics Registry : ratis.log_worker.ba91ce60-c1e0-470b-8f12-0816737cfb30@group-1BEDC8ED2755
2021-05-05 15:14:07,397 [pool-803-thread-1] INFO  server.RaftServerConfigKeys (ConfUtils.java:logGet(44)) - raft.server.log.segment.size.max = 1048576 (custom)
2021-05-05 15:14:07,398 [pool-803-thread-1] INFO  server.RaftServerConfigKeys (ConfUtils.java:logGet(44)) - raft.server.log.segment.cache.num.max = 2 (custom)
2021-05-05 15:14:07,398 [pool-803-thread-1] INFO  server.RaftServerConfigKeys (ConfUtils.java:logGet(44)) - raft.server.log.segment.cache.size.max = 200MB (=209715200) (default)
2021-05-05 15:14:07,398 [pool-803-thread-1] INFO  segmented.SegmentedRaftLogWorker (SegmentedRaftLogWorker.java:<init>(182)) - new ba91ce60-c1e0-470b-8f12-0816737cfb30@group-1BEDC8ED2755-SegmentedRaftLogWorker for RaftStorageImpl:Storage Directory /github/workspace/mnt/ozone/hadoop-ozone/integration-test/target/test-dir/MiniOzoneClusterImpl-c76e6b88-ed31-44d7-ac8c-51a305797015/datanode-7/data/ratis/fcc5943e-3b03-440e-9901-1bedc8ed2755
2021-05-05 15:14:07,399 [pool-803-thread-1] INFO  server.RaftServerConfigKeys (ConfUtils.java:logGet(44)) - raft.server.log.queue.byte-limit = 2147483647 (custom)
2021-05-05 15:14:07,399 [pool-803-thread-1] INFO  server.RaftServerConfigKeys (ConfUtils.java:logGet(44)) - raft.server.log.queue.element-limit = 1024 (custom)
2021-05-05 15:14:07,399 [pool-803-thread-1] INFO  server.RaftServerConfigKeys (ConfUtils.java:logGet(44)) - raft.server.log.segment.size.max = 1048576 (custom)
2021-05-05 15:14:07,399 [pool-803-thread-1] INFO  server.RaftServerConfigKeys (ConfUtils.java:logGet(44)) - raft.server.log.preallocated.size = 16384 (custom)
2021-05-05 15:14:07,399 [pool-803-thread-1] INFO  server.RaftServerConfigKeys (ConfUtils.java:logGet(44)) - raft.server.log.force.sync.num = 128 (default)
2021-05-05 15:14:07,399 [pool-803-thread-1] INFO  server.RaftServerConfigKeys (ConfUtils.java:logGet(44)) - raft.server.log.statemachine.data.sync = true (default)
2021-05-05 15:14:07,399 [pool-803-thread-1] INFO  server.RaftServerConfigKeys (ConfUtils.java:logGet(44)) - raft.server.log.statemachine.data.sync.timeout = 10s (default)
2021-05-05 15:14:07,399 [pool-803-thread-1] INFO  server.RaftServerConfigKeys (ConfUtils.java:logGet(44)) - raft.server.log.statemachine.data.sync.timeout.retry = -1 (default)
2021-05-05 15:14:07,401 [pool-803-thread-1] INFO  server.RaftServerConfigKeys (ConfUtils.java:logGet(44)) - raft.server.log.write.buffer.size = 1048576 (custom)
2021-05-05 15:14:07,401 [pool-803-thread-1] INFO  server.RaftServerConfigKeys (ConfUtils.java:logGet(44)) - raft.server.log.statemachine.data.caching.enabled = true (custom)
2021-05-05 15:14:07,401 [pool-803-thread-1] INFO  segmented.SegmentedRaftLogWorker (SegmentedRaftLogWorker.java:lambda$new$0(133)) - ba91ce60-c1e0-470b-8f12-0816737cfb30@group-1BEDC8ED2755-SegmentedRaftLogWorker: flushIndex: setUnconditionally 0 -> -1
2021-05-05 15:14:07,401 [pool-803-thread-1] INFO  segmented.SegmentedRaftLogWorker (SegmentedRaftLogWorker.java:lambda$new$0(133)) - ba91ce60-c1e0-470b-8f12-0816737cfb30@group-1BEDC8ED2755-SegmentedRaftLogWorker: safeCacheEvictIndex: setUnconditionally 0 -> -1
2021-05-05 15:14:07,402 [pool-803-thread-1] INFO  server.RaftServerConfigKeys (ConfUtils.java:logGet(44)) - raft.server.snapshot.auto.trigger.enabled = true (custom)
2021-05-05 15:14:07,402 [pool-803-thread-1] INFO  server.RaftServerConfigKeys (ConfUtils.java:logGet(44)) - raft.server.snapshot.auto.trigger.threshold = 10000 (custom)
2021-05-05 15:14:07,402 [pool-803-thread-1] INFO  server.RaftServerConfigKeys (ConfUtils.java:logGet(44)) - raft.server.snapshot.retention.file.num = 5 (custom)
2021-05-05 15:14:07,402 [pool-803-thread-1] INFO  server.RaftServerConfigKeys (ConfUtils.java:logGet(44)) - raft.server.log.purge.upto.snapshot.index = false (default)
2021-05-05 15:14:07,402 [pool-803-thread-1] INFO  server.RaftServerConfigKeys (ConfUtils.java:logGet(44)) - raft.server.retrycache.expirytime = 600000ms (custom)
2021-05-05 15:14:07,402 [pool-803-thread-1] INFO  server.RaftServerConfigKeys (ConfUtils.java:logGet(44)) - raft.server.retrycache.statistics.expirytime = 100?s (default)
2021-05-05 15:14:07,402 [pool-803-thread-1] INFO  metrics.RatisMetrics (RatisMetrics.java:lambda$create$0(36)) - Creating Metrics Registry : ratis.leader_election.ba91ce60-c1e0-470b-8f12-0816737cfb30@group-1BEDC8ED2755
2021-05-05 15:14:07,403 [pool-803-thread-1] INFO  metrics.RatisMetrics (RatisMetrics.java:lambda$create$0(36)) - Creating Metrics Registry : ratis.server.ba91ce60-c1e0-470b-8f12-0816737cfb30@group-1BEDC8ED2755
2021-05-05 15:14:07,405 [pool-803-thread-1] INFO  server.RaftServer$Division (RaftServerImpl.java:start(295)) - ba91ce60-c1e0-470b-8f12-0816737cfb30@group-1BEDC8ED2755: start as a follower, conf=-1: [3aae9554-9ce2-4940-80df-bab76ceffe99|rpc:172.17.0.2:40809|dataStream:|priority:0, ba91ce60-c1e0-470b-8f12-0816737cfb30|rpc:172.17.0.2:37935|dataStream:|priority:1, 84f014eb-0543-4c23-a581-806bb6567559|rpc:172.17.0.2:43113|dataStream:|priority:0], old=null
2021-05-05 15:14:07,405 [pool-803-thread-1] INFO  server.RaftServer$Division (RaftServerImpl.java:setRole(284)) - ba91ce60-c1e0-470b-8f12-0816737cfb30@group-1BEDC8ED2755: changes role from      null to FOLLOWER at term 0 for startAsFollower
2021-05-05 15:14:07,405 [pool-803-thread-1] INFO  impl.RoleInfo (RoleInfo.java:updateAndGet(130)) - ba91ce60-c1e0-470b-8f12-0816737cfb30: start ba91ce60-c1e0-470b-8f12-0816737cfb30@group-1BEDC8ED2755-FollowerState
2021-05-05 15:14:07,405 [pool-803-thread-1] INFO  util.JmxRegister (JmxRegister.java:tryRegister(44)) - Successfully registered JMX Bean with object name Ratis:service=RaftServer,group=group-1BEDC8ED2755,id=ba91ce60-c1e0-470b-8f12-0816737cfb30
2021-05-05 15:14:07,405 [pool-803-thread-1] INFO  metrics.RatisMetrics (RatisMetrics.java:lambda$create$0(36)) - Creating Metrics Registry : ratis.state_machine.ba91ce60-c1e0-470b-8f12-0816737cfb30@group-1BEDC8ED2755
2021-05-05 15:14:07,409 [Command processor thread] INFO  commandhandler.CreatePipelineCommandHandler (CreatePipelineCommandHandler.java:handle(106)) - Created Pipeline RATIS THREE PipelineID=fcc5943e-3b03-440e-9901-1bedc8ed2755.
2021-05-05 15:14:07,525 [Command processor thread] INFO  server.RaftServer (RaftServerProxy.java:addNew(95)) - ba91ce60-c1e0-470b-8f12-0816737cfb30: addNew group-C60ED51E1479:[ba91ce60-c1e0-470b-8f12-0816737cfb30|rpc:172.17.0.2:37935|priority:1] returns group-C60ED51E1479:java.util.concurrent.CompletableFuture@44706aa7[Not completed]
2021-05-05 15:14:07,526 [pool-803-thread-1] INFO  server.RaftServer$Division (RaftServerImpl.java:<init>(180)) - ba91ce60-c1e0-470b-8f12-0816737cfb30: new RaftServerImpl for group-C60ED51E1479:[ba91ce60-c1e0-470b-8f12-0816737cfb30|rpc:172.17.0.2:37935|priority:1] with ContainerStateMachine:uninitialized
2021-05-05 15:14:07,526 [pool-803-thread-1] INFO  server.RaftServerConfigKeys (ConfUtils.java:logGet(44)) - raft.server.rpc.timeout.min = 5s (custom)
2021-05-05 15:14:07,526 [pool-803-thread-1] INFO  server.RaftServerConfigKeys (ConfUtils.java:logGet(44)) - raft.server.rpc.timeout.max = 5200ms (custom)
2021-05-05 15:14:07,526 [pool-803-thread-1] INFO  server.RaftServerConfigKeys (ConfUtils.java:logGet(44)) - raft.server.rpc.sleep.time = 25ms (default)
2021-05-05 15:14:07,526 [pool-803-thread-1] INFO  server.RaftServerConfigKeys (ConfUtils.java:logGet(44)) - raft.server.rpc.slowness.timeout = 300000ms (custom)
2021-05-05 15:14:07,526 [pool-803-thread-1] INFO  server.RaftServerConfigKeys (ConfUtils.java:logGet(44)) - raft.server.leaderelection.leader.step-down.wait-time = 10s (default)
2021-05-05 15:14:07,526 [pool-803-thread-1] INFO  server.RaftServerConfigKeys (ConfUtils.java:logGet(44)) - raft.server.sleep.deviation.threshold = 300ms (default)
2021-05-05 15:14:07,526 [pool-803-thread-1] INFO  server.RaftServerConfigKeys (ConfUtils.java:logGet(44)) - raft.server.log.appender.install.snapshot.enabled = false (custom)
2021-05-05 15:14:07,526 [pool-803-thread-1] INFO  server.RaftServer$Division (ServerState.java:<init>(105)) - ba91ce60-c1e0-470b-8f12-0816737cfb30@group-C60ED51E1479: ConfigurationManager, init=-1: [ba91ce60-c1e0-470b-8f12-0816737cfb30|rpc:172.17.0.2:37935|priority:1], old=null, confs=<EMPTY_MAP>
2021-05-05 15:14:07,526 [pool-803-thread-1] INFO  server.RaftServerConfigKeys (ConfUtils.java:logGet(44)) - raft.server.storage.dir = [/github/workspace/mnt/ozone/hadoop-ozone/integration-test/target/test-dir/MiniOzoneClusterImpl-c76e6b88-ed31-44d7-ac8c-51a305797015/datanode-7/data/ratis] (custom)
2021-05-05 15:14:07,526 [pool-803-thread-1] INFO  server.RaftServerConfigKeys (ConfUtils.java:logGet(44)) - raft.server.log.corruption.policy = EXCEPTION (default)
2021-05-05 15:14:07,527 [pool-803-thread-1] INFO  storage.RaftStorageDirectory (RaftStorageDirectoryImpl.java:analyzeStorage(132)) - The storage directory /github/workspace/mnt/ozone/hadoop-ozone/integration-test/target/test-dir/MiniOzoneClusterImpl-c76e6b88-ed31-44d7-ac8c-51a305797015/datanode-7/data/ratis/b0fc7138-dfef-4860-a2a3-c60ed51e1479 does not exist. Creating ...
2021-05-05 15:14:07,528 [pool-803-thread-1] INFO  storage.RaftStorageDirectory (RaftStorageDirectoryImpl.java:tryLock(215)) - Lock on /github/workspace/mnt/ozone/hadoop-ozone/integration-test/target/test-dir/MiniOzoneClusterImpl-c76e6b88-ed31-44d7-ac8c-51a305797015/datanode-7/data/ratis/b0fc7138-dfef-4860-a2a3-c60ed51e1479/in_use.lock acquired by nodename 25793@d81b9af81a7a
2021-05-05 15:14:07,529 [pool-803-thread-1] INFO  storage.RaftStorage (RaftStorageImpl.java:format(87)) - Storage directory /github/workspace/mnt/ozone/hadoop-ozone/integration-test/target/test-dir/MiniOzoneClusterImpl-c76e6b88-ed31-44d7-ac8c-51a305797015/datanode-7/data/ratis/b0fc7138-dfef-4860-a2a3-c60ed51e1479 has been successfully formatted.
2021-05-05 15:14:07,529 [pool-803-thread-1] INFO  ratis.ContainerStateMachine (ContainerStateMachine.java:loadSnapshot(224)) - group-C60ED51E1479: The snapshot info is null. Setting the last applied indexto:(t:0, i:~)
2021-05-05 15:14:07,529 [pool-803-thread-1] INFO  server.RaftServerConfigKeys (ConfUtils.java:logGet(44)) - raft.server.notification.no-leader.timeout = 300000ms (custom)
2021-05-05 15:14:07,529 [pool-803-thread-1] INFO  server.RaftServerConfigKeys (ConfUtils.java:logGet(44)) - raft.server.log.use.memory = false (default)
2021-05-05 15:14:07,529 [pool-803-thread-1] INFO  server.RaftServerConfigKeys (ConfUtils.java:logGet(44)) - raft.server.log.purge.gap = 1000000 (custom)
2021-05-05 15:14:07,529 [pool-803-thread-1] INFO  server.RaftServerConfigKeys (ConfUtils.java:logGet(44)) - raft.server.log.appender.buffer.byte-limit = 33554432 (custom)
2021-05-05 15:14:07,529 [pool-803-thread-1] INFO  metrics.RatisMetrics (RatisMetrics.java:lambda$create$0(36)) - Creating Metrics Registry : ratis.log_worker.ba91ce60-c1e0-470b-8f12-0816737cfb30@group-C60ED51E1479
2021-05-05 15:14:07,530 [EventQueue-PipelineReportForPipelineReportHandler] INFO  pipeline.PipelineManagerV2Impl (PipelineManagerV2Impl.java:openPipeline(270)) - Pipeline Pipeline[ Id: b0fc7138-dfef-4860-a2a3-c60ed51e1479, Nodes: ba91ce60-c1e0-470b-8f12-0816737cfb30{ip: 172.17.0.2, host: d81b9af81a7a, ports: [REPLICATION=36343, RATIS=37935, RATIS_ADMIN=37935, RATIS_SERVER=37935, STANDALONE=43589], networkLocation: /default-rack, certSerialId: null, persistedOpState: IN_SERVICE, persistedOpStateExpiryEpochSec: 0}, ReplicationConfig: RATIS/ONE, State:ALLOCATED, leaderId:ba91ce60-c1e0-470b-8f12-0816737cfb30, CreationTimestamp2021-05-05T15:14:04.529Z] moved to OPEN state
2021-05-05 15:14:07,530 [pool-803-thread-1] INFO  server.RaftServerConfigKeys (ConfUtils.java:logGet(44)) - raft.server.log.segment.size.max = 1048576 (custom)
2021-05-05 15:14:07,530 [EventQueue-PipelineReportForOneReplicaPipelineSafeModeRule] INFO  safemode.SCMSafeModeManager (SCMSafeModeManager.java:validateSafeModeExitRules(201)) - AtleastOneDatanodeReportedRule rule is successfully validated
2021-05-05 15:14:07,530 [EventQueue-OpenPipelineForHealthyPipelineSafeModeRule] INFO  safemode.SCMSafeModeManager (HealthyPipelineSafeModeRule.java:process(130)) - SCM in safe mode. Healthy pipelines reported count is 0, required healthy pipeline reported count is 1
2021-05-05 15:14:07,531 [pool-803-thread-1] INFO  server.RaftServerConfigKeys (ConfUtils.java:logGet(44)) - raft.server.log.segment.cache.num.max = 2 (custom)
2021-05-05 15:14:07,531 [pool-803-thread-1] INFO  server.RaftServerConfigKeys (ConfUtils.java:logGet(44)) - raft.server.log.segment.cache.size.max = 200MB (=209715200) (default)
2021-05-05 15:14:07,531 [pool-803-thread-1] INFO  segmented.SegmentedRaftLogWorker (SegmentedRaftLogWorker.java:<init>(182)) - new ba91ce60-c1e0-470b-8f12-0816737cfb30@group-C60ED51E1479-SegmentedRaftLogWorker for RaftStorageImpl:Storage Directory /github/workspace/mnt/ozone/hadoop-ozone/integration-test/target/test-dir/MiniOzoneClusterImpl-c76e6b88-ed31-44d7-ac8c-51a305797015/datanode-7/data/ratis/b0fc7138-dfef-4860-a2a3-c60ed51e1479
2021-05-05 15:14:07,531 [pool-803-thread-1] INFO  server.RaftServerConfigKeys (ConfUtils.java:logGet(44)) - raft.server.log.queue.byte-limit = 2147483647 (custom)
2021-05-05 15:14:07,531 [pool-803-thread-1] INFO  server.RaftServerConfigKeys (ConfUtils.java:logGet(44)) - raft.server.log.queue.element-limit = 1024 (custom)
2021-05-05 15:14:07,531 [pool-803-thread-1] INFO  server.RaftServerConfigKeys (ConfUtils.java:logGet(44)) - raft.server.log.segment.size.max = 1048576 (custom)
2021-05-05 15:14:07,531 [pool-803-thread-1] INFO  server.RaftServerConfigKeys (ConfUtils.java:logGet(44)) - raft.server.log.preallocated.size = 16384 (custom)
2021-05-05 15:14:07,531 [pool-803-thread-1] INFO  server.RaftServerConfigKeys (ConfUtils.java:logGet(44)) - raft.server.log.force.sync.num = 128 (default)
2021-05-05 15:14:07,531 [pool-803-thread-1] INFO  server.RaftServerConfigKeys (ConfUtils.java:logGet(44)) - raft.server.log.statemachine.data.sync = true (default)
2021-05-05 15:14:07,532 [pool-803-thread-1] INFO  server.RaftServerConfigKeys (ConfUtils.java:logGet(44)) - raft.server.log.statemachine.data.sync.timeout = 10s (default)
2021-05-05 15:14:07,532 [pool-803-thread-1] INFO  server.RaftServerConfigKeys (ConfUtils.java:logGet(44)) - raft.server.log.statemachine.data.sync.timeout.retry = -1 (default)
2021-05-05 15:14:07,533 [pool-803-thread-1] INFO  server.RaftServerConfigKeys (ConfUtils.java:logGet(44)) - raft.server.log.write.buffer.size = 1048576 (custom)
2021-05-05 15:14:07,534 [pool-803-thread-1] INFO  server.RaftServerConfigKeys (ConfUtils.java:logGet(44)) - raft.server.log.statemachine.data.caching.enabled = true (custom)
2021-05-05 15:14:07,534 [pool-803-thread-1] INFO  segmented.SegmentedRaftLogWorker (SegmentedRaftLogWorker.java:lambda$new$0(133)) - ba91ce60-c1e0-470b-8f12-0816737cfb30@group-C60ED51E1479-SegmentedRaftLogWorker: flushIndex: setUnconditionally 0 -> -1
2021-05-05 15:14:07,534 [pool-803-thread-1] INFO  segmented.SegmentedRaftLogWorker (SegmentedRaftLogWorker.java:lambda$new$0(133)) - ba91ce60-c1e0-470b-8f12-0816737cfb30@group-C60ED51E1479-SegmentedRaftLogWorker: safeCacheEvictIndex: setUnconditionally 0 -> -1
2021-05-05 15:14:07,535 [pool-803-thread-1] INFO  server.RaftServerConfigKeys (ConfUtils.java:logGet(44)) - raft.server.snapshot.auto.trigger.enabled = true (custom)
2021-05-05 15:14:07,535 [pool-803-thread-1] INFO  server.RaftServerConfigKeys (ConfUtils.java:logGet(44)) - raft.server.snapshot.auto.trigger.threshold = 10000 (custom)
2021-05-05 15:14:07,535 [pool-803-thread-1] INFO  server.RaftServerConfigKeys (ConfUtils.java:logGet(44)) - raft.server.snapshot.retention.file.num = 5 (custom)
2021-05-05 15:14:07,535 [pool-803-thread-1] INFO  server.RaftServerConfigKeys (ConfUtils.java:logGet(44)) - raft.server.log.purge.upto.snapshot.index = false (default)
2021-05-05 15:14:07,535 [pool-803-thread-1] INFO  server.RaftServerConfigKeys (ConfUtils.java:logGet(44)) - raft.server.retrycache.expirytime = 600000ms (custom)
2021-05-05 15:14:07,535 [pool-803-thread-1] INFO  server.RaftServerConfigKeys (ConfUtils.java:logGet(44)) - raft.server.retrycache.statistics.expirytime = 100?s (default)
2021-05-05 15:14:07,535 [pool-803-thread-1] INFO  metrics.RatisMetrics (RatisMetrics.java:lambda$create$0(36)) - Creating Metrics Registry : ratis.leader_election.ba91ce60-c1e0-470b-8f12-0816737cfb30@group-C60ED51E1479
2021-05-05 15:14:07,536 [pool-803-thread-1] INFO  metrics.RatisMetrics (RatisMetrics.java:lambda$create$0(36)) - Creating Metrics Registry : ratis.server.ba91ce60-c1e0-470b-8f12-0816737cfb30@group-C60ED51E1479
2021-05-05 15:14:07,537 [pool-803-thread-1] INFO  server.RaftServer$Division (RaftServerImpl.java:start(295)) - ba91ce60-c1e0-470b-8f12-0816737cfb30@group-C60ED51E1479: start as a follower, conf=-1: [ba91ce60-c1e0-470b-8f12-0816737cfb30|rpc:172.17.0.2:37935|priority:1], old=null
2021-05-05 15:14:07,538 [pool-803-thread-1] INFO  server.RaftServer$Division (RaftServerImpl.java:setRole(284)) - ba91ce60-c1e0-470b-8f12-0816737cfb30@group-C60ED51E1479: changes role from      null to FOLLOWER at term 0 for startAsFollower
2021-05-05 15:14:07,538 [pool-803-thread-1] INFO  impl.RoleInfo (RoleInfo.java:updateAndGet(130)) - ba91ce60-c1e0-470b-8f12-0816737cfb30: start ba91ce60-c1e0-470b-8f12-0816737cfb30@group-C60ED51E1479-FollowerState
2021-05-05 15:14:07,538 [pool-803-thread-1] INFO  util.JmxRegister (JmxRegister.java:tryRegister(44)) - Successfully registered JMX Bean with object name Ratis:service=RaftServer,group=group-C60ED51E1479,id=ba91ce60-c1e0-470b-8f12-0816737cfb30
2021-05-05 15:14:07,538 [pool-803-thread-1] INFO  metrics.RatisMetrics (RatisMetrics.java:lambda$create$0(36)) - Creating Metrics Registry : ratis.state_machine.ba91ce60-c1e0-470b-8f12-0816737cfb30@group-C60ED51E1479
2021-05-05 15:14:07,539 [Command processor thread] INFO  ratis.XceiverServerRatis (XceiverServerRatis.java:addGroup(808)) - Created group PipelineID=b0fc7138-dfef-4860-a2a3-c60ed51e1479
2021-05-05 15:14:07,539 [Command processor thread] INFO  commandhandler.CreatePipelineCommandHandler (CreatePipelineCommandHandler.java:handle(106)) - Created Pipeline RATIS ONE PipelineID=b0fc7138-dfef-4860-a2a3-c60ed51e1479.
2021-05-05 15:14:07,615 [EventQueue-PipelineReportForOneReplicaPipelineSafeModeRule] INFO  safemode.SCMSafeModeManager (SCMSafeModeManager.java:validateSafeModeExitRules(201)) - AtleastOneDatanodeReportedRule rule is successfully validated
2021-05-05 15:14:07,615 [EventQueue-OpenPipelineForHealthyPipelineSafeModeRule] INFO  safemode.SCMSafeModeManager (HealthyPipelineSafeModeRule.java:process(130)) - SCM in safe mode. Healthy pipelines reported count is 0, required healthy pipeline reported count is 1
2021-05-05 15:14:07,787 [Listener at 127.0.0.1/33403] INFO  ozone.MiniOzoneClusterImpl (MiniOzoneClusterImpl.java:lambda$waitForClusterToBeReady$0(224)) - Nodes are ready. Got 9 of 9 DN Heartbeats.
2021-05-05 15:14:07,788 [Listener at 127.0.0.1/33403] INFO  ozone.MiniOzoneClusterImpl (MiniOzoneClusterImpl.java:lambda$waitForClusterToBeReady$0(227)) - Waiting for cluster to exit safe mode
2021-05-05 15:14:07,788 [Listener at 127.0.0.1/33403] INFO  ozone.MiniOzoneClusterImpl (MiniOzoneClusterImpl.java:lambda$waitForClusterToBeReady$0(230)) - SCM became leader
2021-05-05 15:14:07,803 [Command processor thread] INFO  server.RaftServer (RaftServerProxy.java:addNew(95)) - 84f014eb-0543-4c23-a581-806bb6567559: addNew group-C2DE9598CDD8:[84f014eb-0543-4c23-a581-806bb6567559|rpc:172.17.0.2:43113|priority:1] returns group-C2DE9598CDD8:java.util.concurrent.CompletableFuture@1a554c61[Not completed]
2021-05-05 15:14:07,804 [pool-821-thread-1] INFO  server.RaftServer$Division (RaftServerImpl.java:<init>(180)) - 84f014eb-0543-4c23-a581-806bb6567559: new RaftServerImpl for group-C2DE9598CDD8:[84f014eb-0543-4c23-a581-806bb6567559|rpc:172.17.0.2:43113|priority:1] with ContainerStateMachine:uninitialized
2021-05-05 15:14:07,804 [pool-821-thread-1] INFO  server.RaftServerConfigKeys (ConfUtils.java:logGet(44)) - raft.server.rpc.timeout.min = 5s (custom)
2021-05-05 15:14:07,804 [pool-821-thread-1] INFO  server.RaftServerConfigKeys (ConfUtils.java:logGet(44)) - raft.server.rpc.timeout.max = 5200ms (custom)
2021-05-05 15:14:07,804 [pool-821-thread-1] INFO  server.RaftServerConfigKeys (ConfUtils.java:logGet(44)) - raft.server.rpc.sleep.time = 25ms (default)
2021-05-05 15:14:07,804 [pool-821-thread-1] INFO  server.RaftServerConfigKeys (ConfUtils.java:logGet(44)) - raft.server.rpc.slowness.timeout = 300000ms (custom)
2021-05-05 15:14:07,804 [pool-821-thread-1] INFO  server.RaftServerConfigKeys (ConfUtils.java:logGet(44)) - raft.server.leaderelection.leader.step-down.wait-time = 10s (default)
2021-05-05 15:14:07,804 [pool-821-thread-1] INFO  server.RaftServerConfigKeys (ConfUtils.java:logGet(44)) - raft.server.sleep.deviation.threshold = 300ms (default)
2021-05-05 15:14:07,804 [pool-821-thread-1] INFO  server.RaftServerConfigKeys (ConfUtils.java:logGet(44)) - raft.server.log.appender.install.snapshot.enabled = false (custom)
2021-05-05 15:14:07,804 [pool-821-thread-1] INFO  server.RaftServer$Division (ServerState.java:<init>(105)) - 84f014eb-0543-4c23-a581-806bb6567559@group-C2DE9598CDD8: ConfigurationManager, init=-1: [84f014eb-0543-4c23-a581-806bb6567559|rpc:172.17.0.2:43113|priority:1], old=null, confs=<EMPTY_MAP>
2021-05-05 15:14:07,804 [pool-821-thread-1] INFO  server.RaftServerConfigKeys (ConfUtils.java:logGet(44)) - raft.server.storage.dir = [/github/workspace/mnt/ozone/hadoop-ozone/integration-test/target/test-dir/MiniOzoneClusterImpl-c76e6b88-ed31-44d7-ac8c-51a305797015/datanode-8/data/ratis] (custom)
2021-05-05 15:14:07,805 [pool-821-thread-1] INFO  server.RaftServerConfigKeys (ConfUtils.java:logGet(44)) - raft.server.log.corruption.policy = EXCEPTION (default)
2021-05-05 15:14:07,805 [pool-821-thread-1] INFO  storage.RaftStorageDirectory (RaftStorageDirectoryImpl.java:analyzeStorage(132)) - The storage directory /github/workspace/mnt/ozone/hadoop-ozone/integration-test/target/test-dir/MiniOzoneClusterImpl-c76e6b88-ed31-44d7-ac8c-51a305797015/datanode-8/data/ratis/ded032a8-b89c-46d0-91c7-c2de9598cdd8 does not exist. Creating ...
2021-05-05 15:14:07,806 [pool-821-thread-1] INFO  storage.RaftStorageDirectory (RaftStorageDirectoryImpl.java:tryLock(215)) - Lock on /github/workspace/mnt/ozone/hadoop-ozone/integration-test/target/test-dir/MiniOzoneClusterImpl-c76e6b88-ed31-44d7-ac8c-51a305797015/datanode-8/data/ratis/ded032a8-b89c-46d0-91c7-c2de9598cdd8/in_use.lock acquired by nodename 25793@d81b9af81a7a
2021-05-05 15:14:07,807 [pool-821-thread-1] INFO  storage.RaftStorage (RaftStorageImpl.java:format(87)) - Storage directory /github/workspace/mnt/ozone/hadoop-ozone/integration-test/target/test-dir/MiniOzoneClusterImpl-c76e6b88-ed31-44d7-ac8c-51a305797015/datanode-8/data/ratis/ded032a8-b89c-46d0-91c7-c2de9598cdd8 has been successfully formatted.
2021-05-05 15:14:07,807 [pool-821-thread-1] INFO  ratis.ContainerStateMachine (ContainerStateMachine.java:loadSnapshot(224)) - group-C2DE9598CDD8: The snapshot info is null. Setting the last applied indexto:(t:0, i:~)
2021-05-05 15:14:07,808 [pool-821-thread-1] INFO  server.RaftServerConfigKeys (ConfUtils.java:logGet(44)) - raft.server.notification.no-leader.timeout = 300000ms (custom)
2021-05-05 15:14:07,808 [pool-821-thread-1] INFO  server.RaftServerConfigKeys (ConfUtils.java:logGet(44)) - raft.server.log.use.memory = false (default)
2021-05-05 15:14:07,808 [pool-821-thread-1] INFO  server.RaftServerConfigKeys (ConfUtils.java:logGet(44)) - raft.server.log.purge.gap = 1000000 (custom)
2021-05-05 15:14:07,808 [pool-821-thread-1] INFO  server.RaftServerConfigKeys (ConfUtils.java:logGet(44)) - raft.server.log.appender.buffer.byte-limit = 33554432 (custom)
2021-05-05 15:14:07,808 [pool-821-thread-1] INFO  metrics.RatisMetrics (RatisMetrics.java:lambda$create$0(36)) - Creating Metrics Registry : ratis.log_worker.84f014eb-0543-4c23-a581-806bb6567559@group-C2DE9598CDD8
2021-05-05 15:14:07,808 [pool-821-thread-1] INFO  server.RaftServerConfigKeys (ConfUtils.java:logGet(44)) - raft.server.log.segment.size.max = 1048576 (custom)
2021-05-05 15:14:07,809 [pool-821-thread-1] INFO  server.RaftServerConfigKeys (ConfUtils.java:logGet(44)) - raft.server.log.segment.cache.num.max = 2 (custom)
2021-05-05 15:14:07,809 [pool-821-thread-1] INFO  server.RaftServerConfigKeys (ConfUtils.java:logGet(44)) - raft.server.log.segment.cache.size.max = 200MB (=209715200) (default)
2021-05-05 15:14:07,809 [pool-821-thread-1] INFO  segmented.SegmentedRaftLogWorker (SegmentedRaftLogWorker.java:<init>(182)) - new 84f014eb-0543-4c23-a581-806bb6567559@group-C2DE9598CDD8-SegmentedRaftLogWorker for RaftStorageImpl:Storage Directory /github/workspace/mnt/ozone/hadoop-ozone/integration-test/target/test-dir/MiniOzoneClusterImpl-c76e6b88-ed31-44d7-ac8c-51a305797015/datanode-8/data/ratis/ded032a8-b89c-46d0-91c7-c2de9598cdd8
2021-05-05 15:14:07,809 [pool-821-thread-1] INFO  server.RaftServerConfigKeys (ConfUtils.java:logGet(44)) - raft.server.log.queue.byte-limit = 2147483647 (custom)
2021-05-05 15:14:07,809 [pool-821-thread-1] INFO  server.RaftServerConfigKeys (ConfUtils.java:logGet(44)) - raft.server.log.queue.element-limit = 1024 (custom)
2021-05-05 15:14:07,809 [pool-821-thread-1] INFO  server.RaftServerConfigKeys (ConfUtils.java:logGet(44)) - raft.server.log.segment.size.max = 1048576 (custom)
2021-05-05 15:14:07,809 [pool-821-thread-1] INFO  server.RaftServerConfigKeys (ConfUtils.java:logGet(44)) - raft.server.log.preallocated.size = 16384 (custom)
2021-05-05 15:14:07,809 [pool-821-thread-1] INFO  server.RaftServerConfigKeys (ConfUtils.java:logGet(44)) - raft.server.log.force.sync.num = 128 (default)
2021-05-05 15:14:07,809 [pool-821-thread-1] INFO  server.RaftServerConfigKeys (ConfUtils.java:logGet(44)) - raft.server.log.statemachine.data.sync = true (default)
2021-05-05 15:14:07,809 [pool-821-thread-1] INFO  server.RaftServerConfigKeys (ConfUtils.java:logGet(44)) - raft.server.log.statemachine.data.sync.timeout = 10s (default)
2021-05-05 15:14:07,810 [pool-821-thread-1] INFO  server.RaftServerConfigKeys (ConfUtils.java:logGet(44)) - raft.server.log.statemachine.data.sync.timeout.retry = -1 (default)
2021-05-05 15:14:07,811 [pool-821-thread-1] INFO  server.RaftServerConfigKeys (ConfUtils.java:logGet(44)) - raft.server.log.write.buffer.size = 1048576 (custom)
2021-05-05 15:14:07,812 [EventQueue-PipelineReportForOneReplicaPipelineSafeModeRule] INFO  safemode.SCMSafeModeManager (SCMSafeModeManager.java:validateSafeModeExitRules(201)) - AtleastOneDatanodeReportedRule rule is successfully validated
2021-05-05 15:14:07,812 [EventQueue-PipelineReportForPipelineReportHandler] INFO  pipeline.PipelineManagerV2Impl (PipelineManagerV2Impl.java:openPipeline(270)) - Pipeline Pipeline[ Id: ded032a8-b89c-46d0-91c7-c2de9598cdd8, Nodes: 84f014eb-0543-4c23-a581-806bb6567559{ip: 172.17.0.2, host: d81b9af81a7a, ports: [REPLICATION=44717, RATIS=43113, RATIS_ADMIN=43113, RATIS_SERVER=43113, STANDALONE=46559], networkLocation: /default-rack, certSerialId: null, persistedOpState: IN_SERVICE, persistedOpStateExpiryEpochSec: 0}, ReplicationConfig: RATIS/ONE, State:ALLOCATED, leaderId:84f014eb-0543-4c23-a581-806bb6567559, CreationTimestamp2021-05-05T15:14:04.806Z] moved to OPEN state
2021-05-05 15:14:07,812 [EventQueue-OpenPipelineForHealthyPipelineSafeModeRule] INFO  safemode.SCMSafeModeManager (HealthyPipelineSafeModeRule.java:process(130)) - SCM in safe mode. Healthy pipelines reported count is 0, required healthy pipeline reported count is 1
2021-05-05 15:14:07,813 [pool-821-thread-1] INFO  server.RaftServerConfigKeys (ConfUtils.java:logGet(44)) - raft.server.log.statemachine.data.caching.enabled = true (custom)
2021-05-05 15:14:07,813 [pool-821-thread-1] INFO  segmented.SegmentedRaftLogWorker (SegmentedRaftLogWorker.java:lambda$new$0(133)) - 84f014eb-0543-4c23-a581-806bb6567559@group-C2DE9598CDD8-SegmentedRaftLogWorker: flushIndex: setUnconditionally 0 -> -1
2021-05-05 15:14:07,813 [pool-821-thread-1] INFO  segmented.SegmentedRaftLogWorker (SegmentedRaftLogWorker.java:lambda$new$0(133)) - 84f014eb-0543-4c23-a581-806bb6567559@group-C2DE9598CDD8-SegmentedRaftLogWorker: safeCacheEvictIndex: setUnconditionally 0 -> -1
2021-05-05 15:14:07,813 [pool-821-thread-1] INFO  server.RaftServerConfigKeys (ConfUtils.java:logGet(44)) - raft.server.snapshot.auto.trigger.enabled = true (custom)
2021-05-05 15:14:07,813 [pool-821-thread-1] INFO  server.RaftServerConfigKeys (ConfUtils.java:logGet(44)) - raft.server.snapshot.auto.trigger.threshold = 10000 (custom)
2021-05-05 15:14:07,814 [pool-821-thread-1] INFO  server.RaftServerConfigKeys (ConfUtils.java:logGet(44)) - raft.server.snapshot.retention.file.num = 5 (custom)
2021-05-05 15:14:07,814 [pool-821-thread-1] INFO  server.RaftServerConfigKeys (ConfUtils.java:logGet(44)) - raft.server.log.purge.upto.snapshot.index = false (default)
2021-05-05 15:14:07,814 [pool-821-thread-1] INFO  server.RaftServerConfigKeys (ConfUtils.java:logGet(44)) - raft.server.retrycache.expirytime = 600000ms (custom)
2021-05-05 15:14:07,814 [pool-821-thread-1] INFO  server.RaftServerConfigKeys (ConfUtils.java:logGet(44)) - raft.server.retrycache.statistics.expirytime = 100?s (default)
2021-05-05 15:14:07,814 [pool-821-thread-1] INFO  metrics.RatisMetrics (RatisMetrics.java:lambda$create$0(36)) - Creating Metrics Registry : ratis.leader_election.84f014eb-0543-4c23-a581-806bb6567559@group-C2DE9598CDD8
2021-05-05 15:14:07,815 [pool-821-thread-1] INFO  metrics.RatisMetrics (RatisMetrics.java:lambda$create$0(36)) - Creating Metrics Registry : ratis.server.84f014eb-0543-4c23-a581-806bb6567559@group-C2DE9598CDD8
2021-05-05 15:14:07,816 [pool-821-thread-1] INFO  server.RaftServer$Division (RaftServerImpl.java:start(295)) - 84f014eb-0543-4c23-a581-806bb6567559@group-C2DE9598CDD8: start as a follower, conf=-1: [84f014eb-0543-4c23-a581-806bb6567559|rpc:172.17.0.2:43113|priority:1], old=null
2021-05-05 15:14:07,816 [pool-821-thread-1] INFO  server.RaftServer$Division (RaftServerImpl.java:setRole(284)) - 84f014eb-0543-4c23-a581-806bb6567559@group-C2DE9598CDD8: changes role from      null to FOLLOWER at term 0 for startAsFollower
2021-05-05 15:14:07,816 [pool-821-thread-1] INFO  impl.RoleInfo (RoleInfo.java:updateAndGet(130)) - 84f014eb-0543-4c23-a581-806bb6567559: start 84f014eb-0543-4c23-a581-806bb6567559@group-C2DE9598CDD8-FollowerState
2021-05-05 15:14:07,817 [pool-821-thread-1] INFO  util.JmxRegister (JmxRegister.java:tryRegister(44)) - Successfully registered JMX Bean with object name Ratis:service=RaftServer,group=group-C2DE9598CDD8,id=84f014eb-0543-4c23-a581-806bb6567559
2021-05-05 15:14:07,817 [pool-821-thread-1] INFO  metrics.RatisMetrics (RatisMetrics.java:lambda$create$0(36)) - Creating Metrics Registry : ratis.state_machine.84f014eb-0543-4c23-a581-806bb6567559@group-C2DE9598CDD8
2021-05-05 15:14:07,818 [Command processor thread] INFO  ratis.XceiverServerRatis (XceiverServerRatis.java:addGroup(808)) - Created group PipelineID=ded032a8-b89c-46d0-91c7-c2de9598cdd8
2021-05-05 15:14:07,818 [Command processor thread] INFO  commandhandler.CreatePipelineCommandHandler (CreatePipelineCommandHandler.java:handle(106)) - Created Pipeline RATIS ONE PipelineID=ded032a8-b89c-46d0-91c7-c2de9598cdd8.
2021-05-05 15:14:07,824 [EventQueue-PipelineReportForOneReplicaPipelineSafeModeRule] INFO  safemode.SCMSafeModeManager (SCMSafeModeManager.java:validateSafeModeExitRules(201)) - AtleastOneDatanodeReportedRule rule is successfully validated
2021-05-05 15:14:07,825 [EventQueue-OpenPipelineForHealthyPipelineSafeModeRule] INFO  safemode.SCMSafeModeManager (HealthyPipelineSafeModeRule.java:process(130)) - SCM in safe mode. Healthy pipelines reported count is 0, required healthy pipeline reported count is 1
2021-05-05 15:14:07,938 [EventQueue-OpenPipelineForHealthyPipelineSafeModeRule] INFO  safemode.SCMSafeModeManager (HealthyPipelineSafeModeRule.java:process(130)) - SCM in safe mode. Healthy pipelines reported count is 0, required healthy pipeline reported count is 1
2021-05-05 15:14:07,938 [EventQueue-PipelineReportForOneReplicaPipelineSafeModeRule] INFO  safemode.SCMSafeModeManager (SCMSafeModeManager.java:validateSafeModeExitRules(201)) - AtleastOneDatanodeReportedRule rule is successfully validated
2021-05-05 15:14:08,095 [EventQueue-PipelineReportForOneReplicaPipelineSafeModeRule] INFO  safemode.SCMSafeModeManager (SCMSafeModeManager.java:validateSafeModeExitRules(201)) - AtleastOneDatanodeReportedRule rule is successfully validated
2021-05-05 15:14:08,095 [EventQueue-OpenPipelineForHealthyPipelineSafeModeRule] INFO  safemode.SCMSafeModeManager (HealthyPipelineSafeModeRule.java:process(130)) - SCM in safe mode. Healthy pipelines reported count is 0, required healthy pipeline reported count is 1
2021-05-05 15:14:08,132 [EventQueue-OpenPipelineForHealthyPipelineSafeModeRule] INFO  safemode.SCMSafeModeManager (HealthyPipelineSafeModeRule.java:process(130)) - SCM in safe mode. Healthy pipelines reported count is 0, required healthy pipeline reported count is 1
2021-05-05 15:14:08,132 [EventQueue-PipelineReportForOneReplicaPipelineSafeModeRule] INFO  safemode.SCMSafeModeManager (SCMSafeModeManager.java:validateSafeModeExitRules(201)) - AtleastOneDatanodeReportedRule rule is successfully validated
2021-05-05 15:14:08,336 [EventQueue-OpenPipelineForHealthyPipelineSafeModeRule] INFO  safemode.SCMSafeModeManager (HealthyPipelineSafeModeRule.java:process(130)) - SCM in safe mode. Healthy pipelines reported count is 0, required healthy pipeline reported count is 1
2021-05-05 15:14:08,336 [EventQueue-PipelineReportForOneReplicaPipelineSafeModeRule] INFO  safemode.SCMSafeModeManager (SCMSafeModeManager.java:validateSafeModeExitRules(201)) - AtleastOneDatanodeReportedRule rule is successfully validated
2021-05-05 15:14:08,382 [EventQueue-PipelineReportForOneReplicaPipelineSafeModeRule] INFO  safemode.SCMSafeModeManager (SCMSafeModeManager.java:validateSafeModeExitRules(201)) - AtleastOneDatanodeReportedRule rule is successfully validated
2021-05-05 15:14:08,382 [EventQueue-OpenPipelineForHealthyPipelineSafeModeRule] INFO  safemode.SCMSafeModeManager (HealthyPipelineSafeModeRule.java:process(130)) - SCM in safe mode. Healthy pipelines reported count is 0, required healthy pipeline reported count is 1
2021-05-05 15:14:08,530 [EventQueue-OpenPipelineForHealthyPipelineSafeModeRule] INFO  safemode.SCMSafeModeManager (HealthyPipelineSafeModeRule.java:process(130)) - SCM in safe mode. Healthy pipelines reported count is 0, required healthy pipeline reported count is 1
2021-05-05 15:14:08,530 [EventQueue-PipelineReportForOneReplicaPipelineSafeModeRule] INFO  safemode.SCMSafeModeManager (SCMSafeModeManager.java:validateSafeModeExitRules(201)) - AtleastOneDatanodeReportedRule rule is successfully validated
2021-05-05 15:14:08,620 [EventQueue-PipelineReportForOneReplicaPipelineSafeModeRule] INFO  safemode.SCMSafeModeManager (SCMSafeModeManager.java:validateSafeModeExitRules(201)) - AtleastOneDatanodeReportedRule rule is successfully validated
2021-05-05 15:14:08,620 [EventQueue-OpenPipelineForHealthyPipelineSafeModeRule] INFO  safemode.SCMSafeModeManager (HealthyPipelineSafeModeRule.java:process(130)) - SCM in safe mode. Healthy pipelines reported count is 0, required healthy pipeline reported count is 1
2021-05-05 15:14:08,788 [Listener at 127.0.0.1/33403] INFO  ozone.MiniOzoneClusterImpl (MiniOzoneClusterImpl.java:lambda$waitForClusterToBeReady$0(224)) - Nodes are ready. Got 9 of 9 DN Heartbeats.
2021-05-05 15:14:08,788 [Listener at 127.0.0.1/33403] INFO  ozone.MiniOzoneClusterImpl (MiniOzoneClusterImpl.java:lambda$waitForClusterToBeReady$0(227)) - Waiting for cluster to exit safe mode
2021-05-05 15:14:08,788 [Listener at 127.0.0.1/33403] INFO  ozone.MiniOzoneClusterImpl (MiniOzoneClusterImpl.java:lambda$waitForClusterToBeReady$0(230)) - SCM became leader
2021-05-05 15:14:08,812 [EventQueue-OpenPipelineForHealthyPipelineSafeModeRule] INFO  safemode.SCMSafeModeManager (HealthyPipelineSafeModeRule.java:process(130)) - SCM in safe mode. Healthy pipelines reported count is 0, required healthy pipeline reported count is 1
2021-05-05 15:14:08,812 [EventQueue-PipelineReportForOneReplicaPipelineSafeModeRule] INFO  safemode.SCMSafeModeManager (SCMSafeModeManager.java:validateSafeModeExitRules(201)) - AtleastOneDatanodeReportedRule rule is successfully validated
2021-05-05 15:14:08,825 [EventQueue-OpenPipelineForHealthyPipelineSafeModeRule] INFO  safemode.SCMSafeModeManager (HealthyPipelineSafeModeRule.java:process(130)) - SCM in safe mode. Healthy pipelines reported count is 0, required healthy pipeline reported count is 1
2021-05-05 15:14:08,825 [EventQueue-PipelineReportForOneReplicaPipelineSafeModeRule] INFO  safemode.SCMSafeModeManager (SCMSafeModeManager.java:validateSafeModeExitRules(201)) - AtleastOneDatanodeReportedRule rule is successfully validated
2021-05-05 15:14:08,938 [EventQueue-OpenPipelineForHealthyPipelineSafeModeRule] INFO  safemode.SCMSafeModeManager (HealthyPipelineSafeModeRule.java:process(130)) - SCM in safe mode. Healthy pipelines reported count is 0, required healthy pipeline reported count is 1
2021-05-05 15:14:08,938 [EventQueue-PipelineReportForOneReplicaPipelineSafeModeRule] INFO  safemode.SCMSafeModeManager (SCMSafeModeManager.java:validateSafeModeExitRules(201)) - AtleastOneDatanodeReportedRule rule is successfully validated
2021-05-05 15:14:09,095 [EventQueue-PipelineReportForOneReplicaPipelineSafeModeRule] INFO  safemode.SCMSafeModeManager (SCMSafeModeManager.java:validateSafeModeExitRules(201)) - AtleastOneDatanodeReportedRule rule is successfully validated
2021-05-05 15:14:09,095 [EventQueue-OpenPipelineForHealthyPipelineSafeModeRule] INFO  safemode.SCMSafeModeManager (HealthyPipelineSafeModeRule.java:process(130)) - SCM in safe mode. Healthy pipelines reported count is 0, required healthy pipeline reported count is 1
2021-05-05 15:14:09,133 [EventQueue-PipelineReportForOneReplicaPipelineSafeModeRule] INFO  safemode.SCMSafeModeManager (SCMSafeModeManager.java:validateSafeModeExitRules(201)) - AtleastOneDatanodeReportedRule rule is successfully validated
2021-05-05 15:14:09,133 [EventQueue-OpenPipelineForHealthyPipelineSafeModeRule] INFO  safemode.SCMSafeModeManager (HealthyPipelineSafeModeRule.java:process(130)) - SCM in safe mode. Healthy pipelines reported count is 0, required healthy pipeline reported count is 1
2021-05-05 15:14:09,336 [EventQueue-OpenPipelineForHealthyPipelineSafeModeRule] INFO  safemode.SCMSafeModeManager (HealthyPipelineSafeModeRule.java:process(130)) - SCM in safe mode. Healthy pipelines reported count is 0, required healthy pipeline reported count is 1
2021-05-05 15:14:09,336 [EventQueue-PipelineReportForOneReplicaPipelineSafeModeRule] INFO  safemode.SCMSafeModeManager (SCMSafeModeManager.java:validateSafeModeExitRules(201)) - AtleastOneDatanodeReportedRule rule is successfully validated
2021-05-05 15:14:09,382 [EventQueue-OpenPipelineForHealthyPipelineSafeModeRule] INFO  safemode.SCMSafeModeManager (HealthyPipelineSafeModeRule.java:process(130)) - SCM in safe mode. Healthy pipelines reported count is 0, required healthy pipeline reported count is 1
2021-05-05 15:14:09,382 [EventQueue-PipelineReportForOneReplicaPipelineSafeModeRule] INFO  safemode.SCMSafeModeManager (SCMSafeModeManager.java:validateSafeModeExitRules(201)) - AtleastOneDatanodeReportedRule rule is successfully validated
2021-05-05 15:14:09,530 [EventQueue-PipelineReportForOneReplicaPipelineSafeModeRule] INFO  safemode.SCMSafeModeManager (SCMSafeModeManager.java:validateSafeModeExitRules(201)) - AtleastOneDatanodeReportedRule rule is successfully validated
2021-05-05 15:14:09,531 [EventQueue-OpenPipelineForHealthyPipelineSafeModeRule] INFO  safemode.SCMSafeModeManager (HealthyPipelineSafeModeRule.java:process(130)) - SCM in safe mode. Healthy pipelines reported count is 0, required healthy pipeline reported count is 1
2021-05-05 15:14:09,620 [EventQueue-OpenPipelineForHealthyPipelineSafeModeRule] INFO  safemode.SCMSafeModeManager (HealthyPipelineSafeModeRule.java:process(130)) - SCM in safe mode. Healthy pipelines reported count is 0, required healthy pipeline reported count is 1
2021-05-05 15:14:09,620 [EventQueue-PipelineReportForOneReplicaPipelineSafeModeRule] INFO  safemode.SCMSafeModeManager (SCMSafeModeManager.java:validateSafeModeExitRules(201)) - AtleastOneDatanodeReportedRule rule is successfully validated
2021-05-05 15:14:09,789 [Listener at 127.0.0.1/33403] INFO  ozone.MiniOzoneClusterImpl (MiniOzoneClusterImpl.java:lambda$waitForClusterToBeReady$0(224)) - Nodes are ready. Got 9 of 9 DN Heartbeats.
2021-05-05 15:14:09,789 [Listener at 127.0.0.1/33403] INFO  ozone.MiniOzoneClusterImpl (MiniOzoneClusterImpl.java:lambda$waitForClusterToBeReady$0(227)) - Waiting for cluster to exit safe mode
2021-05-05 15:14:09,789 [Listener at 127.0.0.1/33403] INFO  ozone.MiniOzoneClusterImpl (MiniOzoneClusterImpl.java:lambda$waitForClusterToBeReady$0(230)) - SCM became leader
2021-05-05 15:14:09,812 [EventQueue-OpenPipelineForHealthyPipelineSafeModeRule] INFO  safemode.SCMSafeModeManager (HealthyPipelineSafeModeRule.java:process(130)) - SCM in safe mode. Healthy pipelines reported count is 0, required healthy pipeline reported count is 1
2021-05-05 15:14:09,812 [EventQueue-PipelineReportForOneReplicaPipelineSafeModeRule] INFO  safemode.SCMSafeModeManager (SCMSafeModeManager.java:validateSafeModeExitRules(201)) - AtleastOneDatanodeReportedRule rule is successfully validated
2021-05-05 15:14:09,825 [EventQueue-OpenPipelineForHealthyPipelineSafeModeRule] INFO  safemode.SCMSafeModeManager (HealthyPipelineSafeModeRule.java:process(130)) - SCM in safe mode. Healthy pipelines reported count is 0, required healthy pipeline reported count is 1
2021-05-05 15:14:09,825 [EventQueue-PipelineReportForOneReplicaPipelineSafeModeRule] INFO  safemode.SCMSafeModeManager (SCMSafeModeManager.java:validateSafeModeExitRules(201)) - AtleastOneDatanodeReportedRule rule is successfully validated
2021-05-05 15:14:09,938 [EventQueue-OpenPipelineForHealthyPipelineSafeModeRule] INFO  safemode.SCMSafeModeManager (HealthyPipelineSafeModeRule.java:process(130)) - SCM in safe mode. Healthy pipelines reported count is 0, required healthy pipeline reported count is 1
2021-05-05 15:14:09,938 [EventQueue-PipelineReportForOneReplicaPipelineSafeModeRule] INFO  safemode.SCMSafeModeManager (SCMSafeModeManager.java:validateSafeModeExitRules(201)) - AtleastOneDatanodeReportedRule rule is successfully validated
2021-05-05 15:14:10,095 [EventQueue-PipelineReportForOneReplicaPipelineSafeModeRule] INFO  safemode.SCMSafeModeManager (SCMSafeModeManager.java:validateSafeModeExitRules(201)) - AtleastOneDatanodeReportedRule rule is successfully validated
2021-05-05 15:14:10,095 [EventQueue-OpenPipelineForHealthyPipelineSafeModeRule] INFO  safemode.SCMSafeModeManager (HealthyPipelineSafeModeRule.java:process(130)) - SCM in safe mode. Healthy pipelines reported count is 0, required healthy pipeline reported count is 1
2021-05-05 15:14:10,134 [EventQueue-OpenPipelineForHealthyPipelineSafeModeRule] INFO  safemode.SCMSafeModeManager (HealthyPipelineSafeModeRule.java:process(130)) - SCM in safe mode. Healthy pipelines reported count is 0, required healthy pipeline reported count is 1
2021-05-05 15:14:10,134 [EventQueue-PipelineReportForOneReplicaPipelineSafeModeRule] INFO  safemode.SCMSafeModeManager (SCMSafeModeManager.java:validateSafeModeExitRules(201)) - AtleastOneDatanodeReportedRule rule is successfully validated
2021-05-05 15:14:10,336 [EventQueue-OpenPipelineForHealthyPipelineSafeModeRule] INFO  safemode.SCMSafeModeManager (HealthyPipelineSafeModeRule.java:process(130)) - SCM in safe mode. Healthy pipelines reported count is 0, required healthy pipeline reported count is 1
2021-05-05 15:14:10,336 [EventQueue-PipelineReportForOneReplicaPipelineSafeModeRule] INFO  safemode.SCMSafeModeManager (SCMSafeModeManager.java:validateSafeModeExitRules(201)) - AtleastOneDatanodeReportedRule rule is successfully validated
2021-05-05 15:14:10,382 [EventQueue-OpenPipelineForHealthyPipelineSafeModeRule] INFO  safemode.SCMSafeModeManager (HealthyPipelineSafeModeRule.java:process(130)) - SCM in safe mode. Healthy pipelines reported count is 0, required healthy pipeline reported count is 1
2021-05-05 15:14:10,382 [EventQueue-PipelineReportForOneReplicaPipelineSafeModeRule] INFO  safemode.SCMSafeModeManager (SCMSafeModeManager.java:validateSafeModeExitRules(201)) - AtleastOneDatanodeReportedRule rule is successfully validated
2021-05-05 15:14:10,531 [EventQueue-OpenPipelineForHealthyPipelineSafeModeRule] INFO  safemode.SCMSafeModeManager (HealthyPipelineSafeModeRule.java:process(130)) - SCM in safe mode. Healthy pipelines reported count is 0, required healthy pipeline reported count is 1
2021-05-05 15:14:10,531 [EventQueue-PipelineReportForOneReplicaPipelineSafeModeRule] INFO  safemode.SCMSafeModeManager (SCMSafeModeManager.java:validateSafeModeExitRules(201)) - AtleastOneDatanodeReportedRule rule is successfully validated
2021-05-05 15:14:10,620 [EventQueue-OpenPipelineForHealthyPipelineSafeModeRule] INFO  safemode.SCMSafeModeManager (HealthyPipelineSafeModeRule.java:process(130)) - SCM in safe mode. Healthy pipelines reported count is 0, required healthy pipeline reported count is 1
2021-05-05 15:14:10,620 [EventQueue-PipelineReportForOneReplicaPipelineSafeModeRule] INFO  safemode.SCMSafeModeManager (SCMSafeModeManager.java:validateSafeModeExitRules(201)) - AtleastOneDatanodeReportedRule rule is successfully validated
2021-05-05 15:14:10,789 [Listener at 127.0.0.1/33403] INFO  ozone.MiniOzoneClusterImpl (MiniOzoneClusterImpl.java:lambda$waitForClusterToBeReady$0(224)) - Nodes are ready. Got 9 of 9 DN Heartbeats.
2021-05-05 15:14:10,789 [Listener at 127.0.0.1/33403] INFO  ozone.MiniOzoneClusterImpl (MiniOzoneClusterImpl.java:lambda$waitForClusterToBeReady$0(227)) - Waiting for cluster to exit safe mode
2021-05-05 15:14:10,790 [Listener at 127.0.0.1/33403] INFO  ozone.MiniOzoneClusterImpl (MiniOzoneClusterImpl.java:lambda$waitForClusterToBeReady$0(230)) - SCM became leader
2021-05-05 15:14:10,812 [EventQueue-OpenPipelineForHealthyPipelineSafeModeRule] INFO  safemode.SCMSafeModeManager (HealthyPipelineSafeModeRule.java:process(130)) - SCM in safe mode. Healthy pipelines reported count is 0, required healthy pipeline reported count is 1
2021-05-05 15:14:10,812 [EventQueue-PipelineReportForOneReplicaPipelineSafeModeRule] INFO  safemode.SCMSafeModeManager (SCMSafeModeManager.java:validateSafeModeExitRules(201)) - AtleastOneDatanodeReportedRule rule is successfully validated
2021-05-05 15:14:10,824 [EventQueue-OpenPipelineForHealthyPipelineSafeModeRule] INFO  safemode.SCMSafeModeManager (HealthyPipelineSafeModeRule.java:process(130)) - SCM in safe mode. Healthy pipelines reported count is 0, required healthy pipeline reported count is 1
2021-05-05 15:14:10,824 [EventQueue-PipelineReportForOneReplicaPipelineSafeModeRule] INFO  safemode.SCMSafeModeManager (SCMSafeModeManager.java:validateSafeModeExitRules(201)) - AtleastOneDatanodeReportedRule rule is successfully validated
2021-05-05 15:14:10,938 [EventQueue-OpenPipelineForHealthyPipelineSafeModeRule] INFO  safemode.SCMSafeModeManager (HealthyPipelineSafeModeRule.java:process(130)) - SCM in safe mode. Healthy pipelines reported count is 0, required healthy pipeline reported count is 1
2021-05-05 15:14:10,938 [EventQueue-PipelineReportForOneReplicaPipelineSafeModeRule] INFO  safemode.SCMSafeModeManager (SCMSafeModeManager.java:validateSafeModeExitRules(201)) - AtleastOneDatanodeReportedRule rule is successfully validated
2021-05-05 15:14:10,964 [8cc4f11c-26a9-4978-bb71-8737c51096c0@group-BFCF83161046-FollowerState] INFO  impl.FollowerState (FollowerState.java:run(134)) - 8cc4f11c-26a9-4978-bb71-8737c51096c0@group-BFCF83161046-FollowerState: change to CANDIDATE, lastRpcElapsedTime:5013369784ns, electionTimeout:5013ms
2021-05-05 15:14:10,964 [8cc4f11c-26a9-4978-bb71-8737c51096c0@group-BFCF83161046-FollowerState] INFO  impl.RoleInfo (RoleInfo.java:shutdownFollowerState(108)) - 8cc4f11c-26a9-4978-bb71-8737c51096c0: shutdown 8cc4f11c-26a9-4978-bb71-8737c51096c0@group-BFCF83161046-FollowerState
2021-05-05 15:14:10,964 [8cc4f11c-26a9-4978-bb71-8737c51096c0@group-BFCF83161046-FollowerState] INFO  server.RaftServer$Division (RaftServerImpl.java:setRole(284)) - 8cc4f11c-26a9-4978-bb71-8737c51096c0@group-BFCF83161046: changes role from  FOLLOWER to CANDIDATE at term 0 for changeToCandidate
2021-05-05 15:14:10,965 [8cc4f11c-26a9-4978-bb71-8737c51096c0@group-BFCF83161046-FollowerState] INFO  server.RaftServerConfigKeys (ConfUtils.java:logGet(44)) - raft.server.leaderelection.pre-vote = false (custom)
2021-05-05 15:14:10,965 [8cc4f11c-26a9-4978-bb71-8737c51096c0@group-BFCF83161046-FollowerState] INFO  impl.RoleInfo (RoleInfo.java:updateAndGet(130)) - 8cc4f11c-26a9-4978-bb71-8737c51096c0: start 8cc4f11c-26a9-4978-bb71-8737c51096c0@group-BFCF83161046-LeaderElection81
2021-05-05 15:14:10,967 [8cc4f11c-26a9-4978-bb71-8737c51096c0@group-BFCF83161046-LeaderElection81] INFO  impl.LeaderElection (LeaderElection.java:askForVotes(306)) - 8cc4f11c-26a9-4978-bb71-8737c51096c0@group-BFCF83161046-LeaderElection81 ELECTION round 0: submit vote requests at term 1 for -1: [a99b94f7-bcc3-419a-91d6-c5ca6fccf1ee|rpc:172.17.0.2:44371|priority:0, c9225e55-1a9d-4728-b49d-cebf6a0677b3|rpc:172.17.0.2:38287|priority:1, 8cc4f11c-26a9-4978-bb71-8737c51096c0|rpc:172.17.0.2:34407|priority:0], old=null
2021-05-05 15:14:10,981 [grpc-default-executor-1] INFO  server.RaftServer$Division (RaftServerImpl.java:requestVote(1042)) - c9225e55-1a9d-4728-b49d-cebf6a0677b3@group-BFCF83161046: receive requestVote(ELECTION, 8cc4f11c-26a9-4978-bb71-8737c51096c0, group-BFCF83161046, 1, (t:0, i:0))
2021-05-05 15:14:10,981 [grpc-default-executor-1] INFO  impl.VoteContext (VoteContext.java:log(48)) - c9225e55-1a9d-4728-b49d-cebf6a0677b3@group-BFCF83161046-FOLLOWER: reject ELECTION from 8cc4f11c-26a9-4978-bb71-8737c51096c0: our priority 1 > candidate's priority 0
2021-05-05 15:14:10,981 [grpc-default-executor-1] INFO  server.RaftServer$Division (RaftServerImpl.java:setRole(284)) - c9225e55-1a9d-4728-b49d-cebf6a0677b3@group-BFCF83161046: changes role from  FOLLOWER to FOLLOWER at term 1 for candidate:8cc4f11c-26a9-4978-bb71-8737c51096c0
2021-05-05 15:14:10,981 [grpc-default-executor-1] INFO  impl.RoleInfo (RoleInfo.java:shutdownFollowerState(108)) - c9225e55-1a9d-4728-b49d-cebf6a0677b3: shutdown c9225e55-1a9d-4728-b49d-cebf6a0677b3@group-BFCF83161046-FollowerState
2021-05-05 15:14:10,981 [grpc-default-executor-1] INFO  impl.RoleInfo (RoleInfo.java:updateAndGet(130)) - c9225e55-1a9d-4728-b49d-cebf6a0677b3: start c9225e55-1a9d-4728-b49d-cebf6a0677b3@group-BFCF83161046-FollowerState
2021-05-05 15:14:10,981 [grpc-default-executor-0] INFO  server.RaftServer$Division (RaftServerImpl.java:requestVote(1042)) - a99b94f7-bcc3-419a-91d6-c5ca6fccf1ee@group-BFCF83161046: receive requestVote(ELECTION, 8cc4f11c-26a9-4978-bb71-8737c51096c0, group-BFCF83161046, 1, (t:0, i:0))
2021-05-05 15:14:10,981 [grpc-default-executor-0] INFO  impl.VoteContext (VoteContext.java:log(48)) - a99b94f7-bcc3-419a-91d6-c5ca6fccf1ee@group-BFCF83161046-FOLLOWER: accept ELECTION from 8cc4f11c-26a9-4978-bb71-8737c51096c0: our priority 0 <= candidate's priority 0
2021-05-05 15:14:10,981 [grpc-default-executor-0] INFO  server.RaftServer$Division (RaftServerImpl.java:setRole(284)) - a99b94f7-bcc3-419a-91d6-c5ca6fccf1ee@group-BFCF83161046: changes role from  FOLLOWER to FOLLOWER at term 1 for candidate:8cc4f11c-26a9-4978-bb71-8737c51096c0
2021-05-05 15:14:10,981 [grpc-default-executor-0] INFO  impl.RoleInfo (RoleInfo.java:shutdownFollowerState(108)) - a99b94f7-bcc3-419a-91d6-c5ca6fccf1ee: shutdown a99b94f7-bcc3-419a-91d6-c5ca6fccf1ee@group-BFCF83161046-FollowerState
2021-05-05 15:14:10,981 [grpc-default-executor-0] INFO  impl.RoleInfo (RoleInfo.java:updateAndGet(130)) - a99b94f7-bcc3-419a-91d6-c5ca6fccf1ee: start a99b94f7-bcc3-419a-91d6-c5ca6fccf1ee@group-BFCF83161046-FollowerState
2021-05-05 15:14:10,982 [a99b94f7-bcc3-419a-91d6-c5ca6fccf1ee@group-BFCF83161046-FollowerState] INFO  impl.FollowerState (FollowerState.java:run(143)) - a99b94f7-bcc3-419a-91d6-c5ca6fccf1ee@group-BFCF83161046-FollowerState was interrupted: {}
java.lang.InterruptedException: sleep interrupted
	at java.lang.Thread.sleep(Native Method)
	at java.lang.Thread.sleep(Thread.java:340)
	at java.util.concurrent.TimeUnit.sleep(TimeUnit.java:386)
	at org.apache.ratis.util.TimeDuration.sleep(TimeDuration.java:324)
	at org.apache.ratis.util.TimeDuration.sleep(TimeDuration.java:309)
	at org.apache.ratis.server.impl.FollowerState.run(FollowerState.java:118)
2021-05-05 15:14:10,981 [c9225e55-1a9d-4728-b49d-cebf6a0677b3@group-BFCF83161046-FollowerState] INFO  impl.FollowerState (FollowerState.java:run(143)) - c9225e55-1a9d-4728-b49d-cebf6a0677b3@group-BFCF83161046-FollowerState was interrupted: {}
java.lang.InterruptedException: sleep interrupted
	at java.lang.Thread.sleep(Native Method)
	at java.lang.Thread.sleep(Thread.java:340)
	at java.util.concurrent.TimeUnit.sleep(TimeUnit.java:386)
	at org.apache.ratis.util.TimeDuration.sleep(TimeDuration.java:324)
	at org.apache.ratis.util.TimeDuration.sleep(TimeDuration.java:309)
	at org.apache.ratis.server.impl.FollowerState.run(FollowerState.java:118)
2021-05-05 15:14:10,982 [grpc-default-executor-1] INFO  server.RaftServer$Division (RaftServerImpl.java:requestVote(1074)) - c9225e55-1a9d-4728-b49d-cebf6a0677b3@group-BFCF83161046 replies to ELECTION vote request: 8cc4f11c-26a9-4978-bb71-8737c51096c0<-c9225e55-1a9d-4728-b49d-cebf6a0677b3#0:FAIL-t1. Peer's state: c9225e55-1a9d-4728-b49d-cebf6a0677b3@group-BFCF83161046:t1, leader=null, voted=null, raftlog=c9225e55-1a9d-4728-b49d-cebf6a0677b3@group-BFCF83161046-SegmentedRaftLog:OPENED:c-1,f-1,i0, conf=-1: [a99b94f7-bcc3-419a-91d6-c5ca6fccf1ee|rpc:172.17.0.2:44371|dataStream:|priority:0, c9225e55-1a9d-4728-b49d-cebf6a0677b3|rpc:172.17.0.2:38287|dataStream:|priority:1, 8cc4f11c-26a9-4978-bb71-8737c51096c0|rpc:172.17.0.2:34407|dataStream:|priority:0], old=null
2021-05-05 15:14:10,983 [8cc4f11c-26a9-4978-bb71-8737c51096c0@group-BFCF83161046-LeaderElection81] INFO  impl.LeaderElection (LeaderElection.java:logAndReturn(89)) - 8cc4f11c-26a9-4978-bb71-8737c51096c0@group-BFCF83161046-LeaderElection81: ELECTION REJECTED received 1 response(s) and 0 exception(s):
2021-05-05 15:14:10,984 [8cc4f11c-26a9-4978-bb71-8737c51096c0@group-BFCF83161046-LeaderElection81] INFO  impl.LeaderElection (LeaderElection.java:logAndReturn(93)) -   Response 0: 8cc4f11c-26a9-4978-bb71-8737c51096c0<-c9225e55-1a9d-4728-b49d-cebf6a0677b3#0:FAIL-t1
2021-05-05 15:14:10,984 [8cc4f11c-26a9-4978-bb71-8737c51096c0@group-BFCF83161046-LeaderElection81] INFO  impl.LeaderElection (LeaderElection.java:askForVotes(308)) - 8cc4f11c-26a9-4978-bb71-8737c51096c0@group-BFCF83161046-LeaderElection81 ELECTION round 0: result REJECTED
2021-05-05 15:14:10,984 [8cc4f11c-26a9-4978-bb71-8737c51096c0@group-BFCF83161046-LeaderElection81] INFO  server.RaftServer$Division (RaftServerImpl.java:setRole(284)) - 8cc4f11c-26a9-4978-bb71-8737c51096c0@group-BFCF83161046: changes role from CANDIDATE to FOLLOWER at term 1 for REJECTED
2021-05-05 15:14:10,984 [8cc4f11c-26a9-4978-bb71-8737c51096c0@group-BFCF83161046-LeaderElection81] INFO  impl.RoleInfo (RoleInfo.java:shutdownLeaderElection(121)) - 8cc4f11c-26a9-4978-bb71-8737c51096c0: shutdown 8cc4f11c-26a9-4978-bb71-8737c51096c0@group-BFCF83161046-LeaderElection81
2021-05-05 15:14:10,984 [8cc4f11c-26a9-4978-bb71-8737c51096c0@group-BFCF83161046-LeaderElection81] INFO  impl.RoleInfo (RoleInfo.java:updateAndGet(130)) - 8cc4f11c-26a9-4978-bb71-8737c51096c0: start 8cc4f11c-26a9-4978-bb71-8737c51096c0@group-BFCF83161046-FollowerState
2021-05-05 15:14:10,984 [grpc-default-executor-0] INFO  server.RaftServer$Division (RaftServerImpl.java:requestVote(1074)) - a99b94f7-bcc3-419a-91d6-c5ca6fccf1ee@group-BFCF83161046 replies to ELECTION vote request: 8cc4f11c-26a9-4978-bb71-8737c51096c0<-a99b94f7-bcc3-419a-91d6-c5ca6fccf1ee#0:OK-t1. Peer's state: a99b94f7-bcc3-419a-91d6-c5ca6fccf1ee@group-BFCF83161046:t1, leader=null, voted=8cc4f11c-26a9-4978-bb71-8737c51096c0, raftlog=a99b94f7-bcc3-419a-91d6-c5ca6fccf1ee@group-BFCF83161046-SegmentedRaftLog:OPENED:c-1,f-1,i0, conf=-1: [a99b94f7-bcc3-419a-91d6-c5ca6fccf1ee|rpc:172.17.0.2:44371|dataStream:|priority:0, c9225e55-1a9d-4728-b49d-cebf6a0677b3|rpc:172.17.0.2:38287|dataStream:|priority:1, 8cc4f11c-26a9-4978-bb71-8737c51096c0|rpc:172.17.0.2:34407|dataStream:|priority:0], old=null
2021-05-05 15:14:11,062 [8cc4f11c-26a9-4978-bb71-8737c51096c0@group-B56E3F96E5E5-FollowerState] INFO  impl.FollowerState (FollowerState.java:run(134)) - 8cc4f11c-26a9-4978-bb71-8737c51096c0@group-B56E3F96E5E5-FollowerState: change to CANDIDATE, lastRpcElapsedTime:5134228755ns, electionTimeout:5130ms
2021-05-05 15:14:11,063 [8cc4f11c-26a9-4978-bb71-8737c51096c0@group-B56E3F96E5E5-FollowerState] INFO  impl.RoleInfo (RoleInfo.java:shutdownFollowerState(108)) - 8cc4f11c-26a9-4978-bb71-8737c51096c0: shutdown 8cc4f11c-26a9-4978-bb71-8737c51096c0@group-B56E3F96E5E5-FollowerState
2021-05-05 15:14:11,063 [8cc4f11c-26a9-4978-bb71-8737c51096c0@group-B56E3F96E5E5-FollowerState] INFO  server.RaftServer$Division (RaftServerImpl.java:setRole(284)) - 8cc4f11c-26a9-4978-bb71-8737c51096c0@group-B56E3F96E5E5: changes role from  FOLLOWER to CANDIDATE at term 0 for changeToCandidate
2021-05-05 15:14:11,063 [8cc4f11c-26a9-4978-bb71-8737c51096c0@group-B56E3F96E5E5-FollowerState] INFO  server.RaftServerConfigKeys (ConfUtils.java:logGet(44)) - raft.server.leaderelection.pre-vote = false (custom)
2021-05-05 15:14:11,063 [8cc4f11c-26a9-4978-bb71-8737c51096c0@group-B56E3F96E5E5-FollowerState] INFO  impl.RoleInfo (RoleInfo.java:updateAndGet(130)) - 8cc4f11c-26a9-4978-bb71-8737c51096c0: start 8cc4f11c-26a9-4978-bb71-8737c51096c0@group-B56E3F96E5E5-LeaderElection82
2021-05-05 15:14:11,065 [8cc4f11c-26a9-4978-bb71-8737c51096c0@group-B56E3F96E5E5-LeaderElection82] INFO  impl.LeaderElection (LeaderElection.java:askForVotes(306)) - 8cc4f11c-26a9-4978-bb71-8737c51096c0@group-B56E3F96E5E5-LeaderElection82 ELECTION round 0: submit vote requests at term 1 for -1: [8cc4f11c-26a9-4978-bb71-8737c51096c0|rpc:172.17.0.2:34407|priority:1], old=null
2021-05-05 15:14:11,065 [8cc4f11c-26a9-4978-bb71-8737c51096c0@group-B56E3F96E5E5-LeaderElection82] INFO  impl.LeaderElection (LeaderElection.java:askForVotes(308)) - 8cc4f11c-26a9-4978-bb71-8737c51096c0@group-B56E3F96E5E5-LeaderElection82 ELECTION round 0: result PASSED (term=1)
2021-05-05 15:14:11,065 [8cc4f11c-26a9-4978-bb71-8737c51096c0@group-B56E3F96E5E5-LeaderElection82] INFO  impl.RoleInfo (RoleInfo.java:shutdownLeaderElection(121)) - 8cc4f11c-26a9-4978-bb71-8737c51096c0: shutdown 8cc4f11c-26a9-4978-bb71-8737c51096c0@group-B56E3F96E5E5-LeaderElection82
2021-05-05 15:14:11,065 [8cc4f11c-26a9-4978-bb71-8737c51096c0@group-B56E3F96E5E5-LeaderElection82] INFO  server.RaftServer$Division (RaftServerImpl.java:setRole(284)) - 8cc4f11c-26a9-4978-bb71-8737c51096c0@group-B56E3F96E5E5: changes role from CANDIDATE to LEADER at term 1 for changeToLeader
2021-05-05 15:14:11,065 [8cc4f11c-26a9-4978-bb71-8737c51096c0@group-B56E3F96E5E5-LeaderElection82] INFO  ratis.XceiverServerRatis (XceiverServerRatis.java:handleLeaderChangedNotification(906)) - Leader change notification received for group: group-B56E3F96E5E5 with new leaderId: 8cc4f11c-26a9-4978-bb71-8737c51096c0
2021-05-05 15:14:11,065 [8cc4f11c-26a9-4978-bb71-8737c51096c0@group-B56E3F96E5E5-LeaderElection82] INFO  server.RaftServer$Division (ServerState.java:setLeader(271)) - 8cc4f11c-26a9-4978-bb71-8737c51096c0@group-B56E3F96E5E5: change Leader from null to 8cc4f11c-26a9-4978-bb71-8737c51096c0 at term 1 for becomeLeader, leader elected after 5146ms
2021-05-05 15:14:11,065 [8cc4f11c-26a9-4978-bb71-8737c51096c0@group-B56E3F96E5E5-LeaderElection82] INFO  server.RaftServerConfigKeys (ConfUtils.java:logGet(44)) - raft.server.staging.catchup.gap = 1000 (default)
2021-05-05 15:14:11,065 [8cc4f11c-26a9-4978-bb71-8737c51096c0@group-B56E3F96E5E5-LeaderElection82] INFO  metrics.RatisMetrics (RatisMetrics.java:lambda$create$0(36)) - Creating Metrics Registry : ratis.log_appender.8cc4f11c-26a9-4978-bb71-8737c51096c0@group-B56E3F96E5E5
2021-05-05 15:14:11,066 [EventQueue-PipelineReportForOneReplicaPipelineSafeModeRule] INFO  safemode.SCMSafeModeManager (SCMSafeModeManager.java:validateSafeModeExitRules(201)) - AtleastOneDatanodeReportedRule rule is successfully validated
2021-05-05 15:14:11,066 [EventQueue-OpenPipelineForHealthyPipelineSafeModeRule] INFO  safemode.SCMSafeModeManager (HealthyPipelineSafeModeRule.java:process(130)) - SCM in safe mode. Healthy pipelines reported count is 0, required healthy pipeline reported count is 1
2021-05-05 15:14:11,066 [8cc4f11c-26a9-4978-bb71-8737c51096c0@group-B56E3F96E5E5-LeaderElection82] INFO  server.RaftServerConfigKeys (ConfUtils.java:logGet(44)) - raft.server.write.element-limit = 1024 (custom)
2021-05-05 15:14:11,066 [8cc4f11c-26a9-4978-bb71-8737c51096c0@group-B56E3F96E5E5-LeaderElection82] INFO  server.RaftServerConfigKeys (ConfUtils.java:logGet(44)) - raft.server.write.byte-limit = 1073741824 (custom)
2021-05-05 15:14:11,067 [8cc4f11c-26a9-4978-bb71-8737c51096c0@group-B56E3F96E5E5-LeaderElection82] INFO  server.RaftServerConfigKeys (ConfUtils.java:logGet(44)) - raft.server.watch.timeout = 3000ms (custom)
2021-05-05 15:14:11,067 [8cc4f11c-26a9-4978-bb71-8737c51096c0@group-B56E3F96E5E5-LeaderElection82] INFO  server.RaftServerConfigKeys (ConfUtils.java:logGet(44)) - raft.server.watch.timeout.denomination = 1s (default)
2021-05-05 15:14:11,067 [8cc4f11c-26a9-4978-bb71-8737c51096c0@group-B56E3F96E5E5-LeaderElection82] INFO  server.RaftServerConfigKeys (ConfUtils.java:logGet(44)) - raft.server.watch.element-limit = 65536 (default)
2021-05-05 15:14:11,067 [8cc4f11c-26a9-4978-bb71-8737c51096c0@group-B56E3F96E5E5-LeaderElection82] INFO  impl.RoleInfo (RoleInfo.java:updateAndGet(130)) - 8cc4f11c-26a9-4978-bb71-8737c51096c0: start 8cc4f11c-26a9-4978-bb71-8737c51096c0@group-B56E3F96E5E5-LeaderStateImpl
2021-05-05 15:14:11,067 [8cc4f11c-26a9-4978-bb71-8737c51096c0@group-B56E3F96E5E5-LeaderElection82] INFO  segmented.SegmentedRaftLogWorker (SegmentedRaftLogWorker.java:startLogSegment(394)) - 8cc4f11c-26a9-4978-bb71-8737c51096c0@group-B56E3F96E5E5-SegmentedRaftLogWorker: Starting segment from index:0
2021-05-05 15:14:11,069 [8cc4f11c-26a9-4978-bb71-8737c51096c0@group-B56E3F96E5E5-LeaderElection82] INFO  server.RaftServer$Division (ServerState.java:setRaftConf(373)) - 8cc4f11c-26a9-4978-bb71-8737c51096c0@group-B56E3F96E5E5: set configuration 0: [8cc4f11c-26a9-4978-bb71-8737c51096c0|rpc:172.17.0.2:34407|dataStream:|priority:1], old=null
2021-05-05 15:14:11,069 [8cc4f11c-26a9-4978-bb71-8737c51096c0@group-B56E3F96E5E5-SegmentedRaftLogWorker] INFO  segmented.SegmentedRaftLogWorker (SegmentedRaftLogWorker.java:execute(601)) - 8cc4f11c-26a9-4978-bb71-8737c51096c0@group-B56E3F96E5E5-SegmentedRaftLogWorker: created new log segment /github/workspace/mnt/ozone/hadoop-ozone/integration-test/target/test-dir/MiniOzoneClusterImpl-c76e6b88-ed31-44d7-ac8c-51a305797015/datanode-0/data/ratis/05546f09-a1e7-4c23-bca1-b56e3f96e5e5/current/log_inprogress_0
2021-05-05 15:14:11,095 [EventQueue-OpenPipelineForHealthyPipelineSafeModeRule] INFO  safemode.SCMSafeModeManager (HealthyPipelineSafeModeRule.java:process(130)) - SCM in safe mode. Healthy pipelines reported count is 0, required healthy pipeline reported count is 1
2021-05-05 15:14:11,095 [EventQueue-PipelineReportForOneReplicaPipelineSafeModeRule] INFO  safemode.SCMSafeModeManager (SCMSafeModeManager.java:validateSafeModeExitRules(201)) - AtleastOneDatanodeReportedRule rule is successfully validated
2021-05-05 15:14:11,134 [EventQueue-PipelineReportForOneReplicaPipelineSafeModeRule] INFO  safemode.SCMSafeModeManager (SCMSafeModeManager.java:validateSafeModeExitRules(201)) - AtleastOneDatanodeReportedRule rule is successfully validated
2021-05-05 15:14:11,134 [EventQueue-OpenPipelineForHealthyPipelineSafeModeRule] INFO  safemode.SCMSafeModeManager (HealthyPipelineSafeModeRule.java:process(130)) - SCM in safe mode. Healthy pipelines reported count is 0, required healthy pipeline reported count is 1
2021-05-05 15:14:11,185 [a99b94f7-bcc3-419a-91d6-c5ca6fccf1ee@group-312B05C36F4A-FollowerState] INFO  impl.FollowerState (FollowerState.java:run(134)) - a99b94f7-bcc3-419a-91d6-c5ca6fccf1ee@group-312B05C36F4A-FollowerState: change to CANDIDATE, lastRpcElapsedTime:5044338574ns, electionTimeout:5044ms
2021-05-05 15:14:11,185 [a99b94f7-bcc3-419a-91d6-c5ca6fccf1ee@group-312B05C36F4A-FollowerState] INFO  impl.RoleInfo (RoleInfo.java:shutdownFollowerState(108)) - a99b94f7-bcc3-419a-91d6-c5ca6fccf1ee: shutdown a99b94f7-bcc3-419a-91d6-c5ca6fccf1ee@group-312B05C36F4A-FollowerState
2021-05-05 15:14:11,185 [a99b94f7-bcc3-419a-91d6-c5ca6fccf1ee@group-312B05C36F4A-FollowerState] INFO  server.RaftServer$Division (RaftServerImpl.java:setRole(284)) - a99b94f7-bcc3-419a-91d6-c5ca6fccf1ee@group-312B05C36F4A: changes role from  FOLLOWER to CANDIDATE at term 0 for changeToCandidate
2021-05-05 15:14:11,186 [a99b94f7-bcc3-419a-91d6-c5ca6fccf1ee@group-312B05C36F4A-FollowerState] INFO  server.RaftServerConfigKeys (ConfUtils.java:logGet(44)) - raft.server.leaderelection.pre-vote = false (custom)
2021-05-05 15:14:11,186 [a99b94f7-bcc3-419a-91d6-c5ca6fccf1ee@group-312B05C36F4A-FollowerState] INFO  impl.RoleInfo (RoleInfo.java:updateAndGet(130)) - a99b94f7-bcc3-419a-91d6-c5ca6fccf1ee: start a99b94f7-bcc3-419a-91d6-c5ca6fccf1ee@group-312B05C36F4A-LeaderElection83
2021-05-05 15:14:11,188 [a99b94f7-bcc3-419a-91d6-c5ca6fccf1ee@group-312B05C36F4A-LeaderElection83] INFO  impl.LeaderElection (LeaderElection.java:askForVotes(306)) - a99b94f7-bcc3-419a-91d6-c5ca6fccf1ee@group-312B05C36F4A-LeaderElection83 ELECTION round 0: submit vote requests at term 1 for -1: [a99b94f7-bcc3-419a-91d6-c5ca6fccf1ee|rpc:172.17.0.2:44371|priority:1], old=null
2021-05-05 15:14:11,188 [a99b94f7-bcc3-419a-91d6-c5ca6fccf1ee@group-312B05C36F4A-LeaderElection83] INFO  impl.LeaderElection (LeaderElection.java:askForVotes(308)) - a99b94f7-bcc3-419a-91d6-c5ca6fccf1ee@group-312B05C36F4A-LeaderElection83 ELECTION round 0: result PASSED (term=1)
2021-05-05 15:14:11,188 [a99b94f7-bcc3-419a-91d6-c5ca6fccf1ee@group-312B05C36F4A-LeaderElection83] INFO  impl.RoleInfo (RoleInfo.java:shutdownLeaderElection(121)) - a99b94f7-bcc3-419a-91d6-c5ca6fccf1ee: shutdown a99b94f7-bcc3-419a-91d6-c5ca6fccf1ee@group-312B05C36F4A-LeaderElection83
2021-05-05 15:14:11,188 [a99b94f7-bcc3-419a-91d6-c5ca6fccf1ee@group-312B05C36F4A-LeaderElection83] INFO  server.RaftServer$Division (RaftServerImpl.java:setRole(284)) - a99b94f7-bcc3-419a-91d6-c5ca6fccf1ee@group-312B05C36F4A: changes role from CANDIDATE to LEADER at term 1 for changeToLeader
2021-05-05 15:14:11,188 [a99b94f7-bcc3-419a-91d6-c5ca6fccf1ee@group-312B05C36F4A-LeaderElection83] INFO  ratis.XceiverServerRatis (XceiverServerRatis.java:handleLeaderChangedNotification(906)) - Leader change notification received for group: group-312B05C36F4A with new leaderId: a99b94f7-bcc3-419a-91d6-c5ca6fccf1ee
2021-05-05 15:14:11,188 [a99b94f7-bcc3-419a-91d6-c5ca6fccf1ee@group-312B05C36F4A-LeaderElection83] INFO  server.RaftServer$Division (ServerState.java:setLeader(271)) - a99b94f7-bcc3-419a-91d6-c5ca6fccf1ee@group-312B05C36F4A: change Leader from null to a99b94f7-bcc3-419a-91d6-c5ca6fccf1ee at term 1 for becomeLeader, leader elected after 5056ms
2021-05-05 15:14:11,188 [a99b94f7-bcc3-419a-91d6-c5ca6fccf1ee@group-312B05C36F4A-LeaderElection83] INFO  server.RaftServerConfigKeys (ConfUtils.java:logGet(44)) - raft.server.staging.catchup.gap = 1000 (default)
2021-05-05 15:14:11,189 [a99b94f7-bcc3-419a-91d6-c5ca6fccf1ee@group-312B05C36F4A-LeaderElection83] INFO  metrics.RatisMetrics (RatisMetrics.java:lambda$create$0(36)) - Creating Metrics Registry : ratis.log_appender.a99b94f7-bcc3-419a-91d6-c5ca6fccf1ee@group-312B05C36F4A
2021-05-05 15:14:11,189 [EventQueue-OpenPipelineForHealthyPipelineSafeModeRule] INFO  safemode.SCMSafeModeManager (HealthyPipelineSafeModeRule.java:process(130)) - SCM in safe mode. Healthy pipelines reported count is 0, required healthy pipeline reported count is 1
2021-05-05 15:14:11,189 [EventQueue-PipelineReportForOneReplicaPipelineSafeModeRule] INFO  safemode.SCMSafeModeManager (SCMSafeModeManager.java:validateSafeModeExitRules(201)) - AtleastOneDatanodeReportedRule rule is successfully validated
2021-05-05 15:14:11,189 [a99b94f7-bcc3-419a-91d6-c5ca6fccf1ee@group-312B05C36F4A-LeaderElection83] INFO  server.RaftServerConfigKeys (ConfUtils.java:logGet(44)) - raft.server.write.element-limit = 1024 (custom)
2021-05-05 15:14:11,189 [a99b94f7-bcc3-419a-91d6-c5ca6fccf1ee@group-312B05C36F4A-LeaderElection83] INFO  server.RaftServerConfigKeys (ConfUtils.java:logGet(44)) - raft.server.write.byte-limit = 1073741824 (custom)
2021-05-05 15:14:11,190 [a99b94f7-bcc3-419a-91d6-c5ca6fccf1ee@group-312B05C36F4A-LeaderElection83] INFO  server.RaftServerConfigKeys (ConfUtils.java:logGet(44)) - raft.server.watch.timeout = 3000ms (custom)
2021-05-05 15:14:11,190 [a99b94f7-bcc3-419a-91d6-c5ca6fccf1ee@group-312B05C36F4A-LeaderElection83] INFO  server.RaftServerConfigKeys (ConfUtils.java:logGet(44)) - raft.server.watch.timeout.denomination = 1s (default)
2021-05-05 15:14:11,190 [a99b94f7-bcc3-419a-91d6-c5ca6fccf1ee@group-312B05C36F4A-LeaderElection83] INFO  server.RaftServerConfigKeys (ConfUtils.java:logGet(44)) - raft.server.watch.element-limit = 65536 (default)
2021-05-05 15:14:11,190 [a99b94f7-bcc3-419a-91d6-c5ca6fccf1ee@group-312B05C36F4A-LeaderElection83] INFO  impl.RoleInfo (RoleInfo.java:updateAndGet(130)) - a99b94f7-bcc3-419a-91d6-c5ca6fccf1ee: start a99b94f7-bcc3-419a-91d6-c5ca6fccf1ee@group-312B05C36F4A-LeaderStateImpl
2021-05-05 15:14:11,190 [a99b94f7-bcc3-419a-91d6-c5ca6fccf1ee@group-312B05C36F4A-LeaderElection83] INFO  segmented.SegmentedRaftLogWorker (SegmentedRaftLogWorker.java:startLogSegment(394)) - a99b94f7-bcc3-419a-91d6-c5ca6fccf1ee@group-312B05C36F4A-SegmentedRaftLogWorker: Starting segment from index:0
2021-05-05 15:14:11,192 [a99b94f7-bcc3-419a-91d6-c5ca6fccf1ee@group-312B05C36F4A-SegmentedRaftLogWorker] INFO  segmented.SegmentedRaftLogWorker (SegmentedRaftLogWorker.java:execute(601)) - a99b94f7-bcc3-419a-91d6-c5ca6fccf1ee@group-312B05C36F4A-SegmentedRaftLogWorker: created new log segment /github/workspace/mnt/ozone/hadoop-ozone/integration-test/target/test-dir/MiniOzoneClusterImpl-c76e6b88-ed31-44d7-ac8c-51a305797015/datanode-1/data/ratis/1d6913de-fc3d-4972-9de6-312b05c36f4a/current/log_inprogress_0
2021-05-05 15:14:11,192 [a99b94f7-bcc3-419a-91d6-c5ca6fccf1ee@group-312B05C36F4A-LeaderElection83] INFO  server.RaftServer$Division (ServerState.java:setRaftConf(373)) - a99b94f7-bcc3-419a-91d6-c5ca6fccf1ee@group-312B05C36F4A: set configuration 0: [a99b94f7-bcc3-419a-91d6-c5ca6fccf1ee|rpc:172.17.0.2:44371|dataStream:|priority:1], old=null
2021-05-05 15:14:11,336 [EventQueue-OpenPipelineForHealthyPipelineSafeModeRule] INFO  safemode.SCMSafeModeManager (HealthyPipelineSafeModeRule.java:process(130)) - SCM in safe mode. Healthy pipelines reported count is 0, required healthy pipeline reported count is 1
2021-05-05 15:14:11,336 [EventQueue-PipelineReportForOneReplicaPipelineSafeModeRule] INFO  safemode.SCMSafeModeManager (SCMSafeModeManager.java:validateSafeModeExitRules(201)) - AtleastOneDatanodeReportedRule rule is successfully validated
2021-05-05 15:14:11,382 [EventQueue-PipelineReportForOneReplicaPipelineSafeModeRule] INFO  safemode.SCMSafeModeManager (SCMSafeModeManager.java:validateSafeModeExitRules(201)) - AtleastOneDatanodeReportedRule rule is successfully validated
2021-05-05 15:14:11,382 [EventQueue-OpenPipelineForHealthyPipelineSafeModeRule] INFO  safemode.SCMSafeModeManager (HealthyPipelineSafeModeRule.java:process(130)) - SCM in safe mode. Healthy pipelines reported count is 0, required healthy pipeline reported count is 1
2021-05-05 15:14:11,454 [c9225e55-1a9d-4728-b49d-cebf6a0677b3@group-674E8E270EE1-FollowerState] INFO  impl.FollowerState (FollowerState.java:run(134)) - c9225e55-1a9d-4728-b49d-cebf6a0677b3@group-674E8E270EE1-FollowerState: change to CANDIDATE, lastRpcElapsedTime:5063769805ns, electionTimeout:5062ms
2021-05-05 15:14:11,454 [c9225e55-1a9d-4728-b49d-cebf6a0677b3@group-674E8E270EE1-FollowerState] INFO  impl.RoleInfo (RoleInfo.java:shutdownFollowerState(108)) - c9225e55-1a9d-4728-b49d-cebf6a0677b3: shutdown c9225e55-1a9d-4728-b49d-cebf6a0677b3@group-674E8E270EE1-FollowerState
2021-05-05 15:14:11,454 [c9225e55-1a9d-4728-b49d-cebf6a0677b3@group-674E8E270EE1-FollowerState] INFO  server.RaftServer$Division (RaftServerImpl.java:setRole(284)) - c9225e55-1a9d-4728-b49d-cebf6a0677b3@group-674E8E270EE1: changes role from  FOLLOWER to CANDIDATE at term 0 for changeToCandidate
2021-05-05 15:14:11,456 [c9225e55-1a9d-4728-b49d-cebf6a0677b3@group-674E8E270EE1-FollowerState] INFO  server.RaftServerConfigKeys (ConfUtils.java:logGet(44)) - raft.server.leaderelection.pre-vote = false (custom)
2021-05-05 15:14:11,456 [c9225e55-1a9d-4728-b49d-cebf6a0677b3@group-674E8E270EE1-FollowerState] INFO  impl.RoleInfo (RoleInfo.java:updateAndGet(130)) - c9225e55-1a9d-4728-b49d-cebf6a0677b3: start c9225e55-1a9d-4728-b49d-cebf6a0677b3@group-674E8E270EE1-LeaderElection84
2021-05-05 15:14:11,457 [c9225e55-1a9d-4728-b49d-cebf6a0677b3@group-674E8E270EE1-LeaderElection84] INFO  impl.LeaderElection (LeaderElection.java:askForVotes(306)) - c9225e55-1a9d-4728-b49d-cebf6a0677b3@group-674E8E270EE1-LeaderElection84 ELECTION round 0: submit vote requests at term 1 for -1: [c9225e55-1a9d-4728-b49d-cebf6a0677b3|rpc:172.17.0.2:38287|priority:1], old=null
2021-05-05 15:14:11,457 [c9225e55-1a9d-4728-b49d-cebf6a0677b3@group-674E8E270EE1-LeaderElection84] INFO  impl.LeaderElection (LeaderElection.java:askForVotes(308)) - c9225e55-1a9d-4728-b49d-cebf6a0677b3@group-674E8E270EE1-LeaderElection84 ELECTION round 0: result PASSED (term=1)
2021-05-05 15:14:11,457 [c9225e55-1a9d-4728-b49d-cebf6a0677b3@group-674E8E270EE1-LeaderElection84] INFO  impl.RoleInfo (RoleInfo.java:shutdownLeaderElection(121)) - c9225e55-1a9d-4728-b49d-cebf6a0677b3: shutdown c9225e55-1a9d-4728-b49d-cebf6a0677b3@group-674E8E270EE1-LeaderElection84
2021-05-05 15:14:11,458 [c9225e55-1a9d-4728-b49d-cebf6a0677b3@group-674E8E270EE1-LeaderElection84] INFO  server.RaftServer$Division (RaftServerImpl.java:setRole(284)) - c9225e55-1a9d-4728-b49d-cebf6a0677b3@group-674E8E270EE1: changes role from CANDIDATE to LEADER at term 1 for changeToLeader
2021-05-05 15:14:11,458 [c9225e55-1a9d-4728-b49d-cebf6a0677b3@group-674E8E270EE1-LeaderElection84] INFO  ratis.XceiverServerRatis (XceiverServerRatis.java:handleLeaderChangedNotification(906)) - Leader change notification received for group: group-674E8E270EE1 with new leaderId: c9225e55-1a9d-4728-b49d-cebf6a0677b3
2021-05-05 15:14:11,458 [c9225e55-1a9d-4728-b49d-cebf6a0677b3@group-674E8E270EE1-LeaderElection84] INFO  server.RaftServer$Division (ServerState.java:setLeader(271)) - c9225e55-1a9d-4728-b49d-cebf6a0677b3@group-674E8E270EE1: change Leader from null to c9225e55-1a9d-4728-b49d-cebf6a0677b3 at term 1 for becomeLeader, leader elected after 5076ms
2021-05-05 15:14:11,458 [c9225e55-1a9d-4728-b49d-cebf6a0677b3@group-674E8E270EE1-LeaderElection84] INFO  server.RaftServerConfigKeys (ConfUtils.java:logGet(44)) - raft.server.staging.catchup.gap = 1000 (default)
2021-05-05 15:14:11,458 [c9225e55-1a9d-4728-b49d-cebf6a0677b3@group-674E8E270EE1-LeaderElection84] INFO  metrics.RatisMetrics (RatisMetrics.java:lambda$create$0(36)) - Creating Metrics Registry : ratis.log_appender.c9225e55-1a9d-4728-b49d-cebf6a0677b3@group-674E8E270EE1
2021-05-05 15:14:11,458 [EventQueue-PipelineReportForOneReplicaPipelineSafeModeRule] INFO  safemode.SCMSafeModeManager (SCMSafeModeManager.java:validateSafeModeExitRules(201)) - AtleastOneDatanodeReportedRule rule is successfully validated
2021-05-05 15:14:11,459 [c9225e55-1a9d-4728-b49d-cebf6a0677b3@group-674E8E270EE1-LeaderElection84] INFO  server.RaftServerConfigKeys (ConfUtils.java:logGet(44)) - raft.server.write.element-limit = 1024 (custom)
2021-05-05 15:14:11,459 [EventQueue-OpenPipelineForHealthyPipelineSafeModeRule] INFO  safemode.SCMSafeModeManager (HealthyPipelineSafeModeRule.java:process(130)) - SCM in safe mode. Healthy pipelines reported count is 0, required healthy pipeline reported count is 1
2021-05-05 15:14:11,459 [c9225e55-1a9d-4728-b49d-cebf6a0677b3@group-674E8E270EE1-LeaderElection84] INFO  server.RaftServerConfigKeys (ConfUtils.java:logGet(44)) - raft.server.write.byte-limit = 1073741824 (custom)
2021-05-05 15:14:11,459 [c9225e55-1a9d-4728-b49d-cebf6a0677b3@group-674E8E270EE1-LeaderElection84] INFO  server.RaftServerConfigKeys (ConfUtils.java:logGet(44)) - raft.server.watch.timeout = 3000ms (custom)
2021-05-05 15:14:11,459 [c9225e55-1a9d-4728-b49d-cebf6a0677b3@group-674E8E270EE1-LeaderElection84] INFO  server.RaftServerConfigKeys (ConfUtils.java:logGet(44)) - raft.server.watch.timeout.denomination = 1s (default)
2021-05-05 15:14:11,459 [c9225e55-1a9d-4728-b49d-cebf6a0677b3@group-674E8E270EE1-LeaderElection84] INFO  server.RaftServerConfigKeys (ConfUtils.java:logGet(44)) - raft.server.watch.element-limit = 65536 (default)
2021-05-05 15:14:11,459 [c9225e55-1a9d-4728-b49d-cebf6a0677b3@group-674E8E270EE1-LeaderElection84] INFO  impl.RoleInfo (RoleInfo.java:updateAndGet(130)) - c9225e55-1a9d-4728-b49d-cebf6a0677b3: start c9225e55-1a9d-4728-b49d-cebf6a0677b3@group-674E8E270EE1-LeaderStateImpl
2021-05-05 15:14:11,460 [c9225e55-1a9d-4728-b49d-cebf6a0677b3@group-674E8E270EE1-LeaderElection84] INFO  segmented.SegmentedRaftLogWorker (SegmentedRaftLogWorker.java:startLogSegment(394)) - c9225e55-1a9d-4728-b49d-cebf6a0677b3@group-674E8E270EE1-SegmentedRaftLogWorker: Starting segment from index:0
2021-05-05 15:14:11,461 [c9225e55-1a9d-4728-b49d-cebf6a0677b3@group-674E8E270EE1-SegmentedRaftLogWorker] INFO  segmented.SegmentedRaftLogWorker (SegmentedRaftLogWorker.java:execute(601)) - c9225e55-1a9d-4728-b49d-cebf6a0677b3@group-674E8E270EE1-SegmentedRaftLogWorker: created new log segment /github/workspace/mnt/ozone/hadoop-ozone/integration-test/target/test-dir/MiniOzoneClusterImpl-c76e6b88-ed31-44d7-ac8c-51a305797015/datanode-2/data/ratis/ab19c863-e790-44a0-9343-674e8e270ee1/current/log_inprogress_0
2021-05-05 15:14:11,462 [c9225e55-1a9d-4728-b49d-cebf6a0677b3@group-674E8E270EE1-LeaderElection84] INFO  server.RaftServer$Division (ServerState.java:setRaftConf(373)) - c9225e55-1a9d-4728-b49d-cebf6a0677b3@group-674E8E270EE1: set configuration 0: [c9225e55-1a9d-4728-b49d-cebf6a0677b3|rpc:172.17.0.2:38287|dataStream:|priority:1], old=null
2021-05-05 15:14:11,531 [EventQueue-PipelineReportForOneReplicaPipelineSafeModeRule] INFO  safemode.SCMSafeModeManager (SCMSafeModeManager.java:validateSafeModeExitRules(201)) - AtleastOneDatanodeReportedRule rule is successfully validated
2021-05-05 15:14:11,531 [EventQueue-OpenPipelineForHealthyPipelineSafeModeRule] INFO  safemode.SCMSafeModeManager (HealthyPipelineSafeModeRule.java:process(130)) - SCM in safe mode. Healthy pipelines reported count is 0, required healthy pipeline reported count is 1
2021-05-05 15:14:11,620 [EventQueue-PipelineReportForOneReplicaPipelineSafeModeRule] INFO  safemode.SCMSafeModeManager (SCMSafeModeManager.java:validateSafeModeExitRules(201)) - AtleastOneDatanodeReportedRule rule is successfully validated
2021-05-05 15:14:11,620 [EventQueue-OpenPipelineForHealthyPipelineSafeModeRule] INFO  safemode.SCMSafeModeManager (HealthyPipelineSafeModeRule.java:process(130)) - SCM in safe mode. Healthy pipelines reported count is 0, required healthy pipeline reported count is 1
2021-05-05 15:14:11,685 [588c0cf1-2ab3-4f31-88e6-40c30440d309@group-EC4FF14613B3-FollowerState] INFO  impl.FollowerState (FollowerState.java:run(134)) - 588c0cf1-2ab3-4f31-88e6-40c30440d309@group-EC4FF14613B3-FollowerState: change to CANDIDATE, lastRpcElapsedTime:5061372613ns, electionTimeout:5061ms
2021-05-05 15:14:11,686 [588c0cf1-2ab3-4f31-88e6-40c30440d309@group-EC4FF14613B3-FollowerState] INFO  impl.RoleInfo (RoleInfo.java:shutdownFollowerState(108)) - 588c0cf1-2ab3-4f31-88e6-40c30440d309: shutdown 588c0cf1-2ab3-4f31-88e6-40c30440d309@group-EC4FF14613B3-FollowerState
2021-05-05 15:14:11,686 [588c0cf1-2ab3-4f31-88e6-40c30440d309@group-EC4FF14613B3-FollowerState] INFO  server.RaftServer$Division (RaftServerImpl.java:setRole(284)) - 588c0cf1-2ab3-4f31-88e6-40c30440d309@group-EC4FF14613B3: changes role from  FOLLOWER to CANDIDATE at term 0 for changeToCandidate
2021-05-05 15:14:11,687 [588c0cf1-2ab3-4f31-88e6-40c30440d309@group-EC4FF14613B3-FollowerState] INFO  server.RaftServerConfigKeys (ConfUtils.java:logGet(44)) - raft.server.leaderelection.pre-vote = false (custom)
2021-05-05 15:14:11,687 [588c0cf1-2ab3-4f31-88e6-40c30440d309@group-EC4FF14613B3-FollowerState] INFO  impl.RoleInfo (RoleInfo.java:updateAndGet(130)) - 588c0cf1-2ab3-4f31-88e6-40c30440d309: start 588c0cf1-2ab3-4f31-88e6-40c30440d309@group-EC4FF14613B3-LeaderElection85
2021-05-05 15:14:11,689 [588c0cf1-2ab3-4f31-88e6-40c30440d309@group-EC4FF14613B3-LeaderElection85] INFO  impl.LeaderElection (LeaderElection.java:askForVotes(306)) - 588c0cf1-2ab3-4f31-88e6-40c30440d309@group-EC4FF14613B3-LeaderElection85 ELECTION round 0: submit vote requests at term 1 for -1: [89dd138e-de60-41fb-966a-8d68ccbfd781|rpc:172.17.0.2:32835|priority:0, 7ec8b880-4b6b-4ec3-8434-09a8711643ec|rpc:172.17.0.2:33093|priority:0, 588c0cf1-2ab3-4f31-88e6-40c30440d309|rpc:172.17.0.2:46273|priority:1], old=null
2021-05-05 15:14:11,698 [grpc-default-executor-0] INFO  server.RaftServer$Division (RaftServerImpl.java:requestVote(1042)) - 89dd138e-de60-41fb-966a-8d68ccbfd781@group-EC4FF14613B3: receive requestVote(ELECTION, 588c0cf1-2ab3-4f31-88e6-40c30440d309, group-EC4FF14613B3, 1, (t:0, i:0))
2021-05-05 15:14:11,698 [grpc-default-executor-0] INFO  impl.VoteContext (VoteContext.java:log(48)) - 89dd138e-de60-41fb-966a-8d68ccbfd781@group-EC4FF14613B3-FOLLOWER: accept ELECTION from 588c0cf1-2ab3-4f31-88e6-40c30440d309: our priority 0 <= candidate's priority 1
2021-05-05 15:14:11,698 [grpc-default-executor-0] INFO  server.RaftServer$Division (RaftServerImpl.java:setRole(284)) - 89dd138e-de60-41fb-966a-8d68ccbfd781@group-EC4FF14613B3: changes role from  FOLLOWER to FOLLOWER at term 1 for candidate:588c0cf1-2ab3-4f31-88e6-40c30440d309
2021-05-05 15:14:11,698 [grpc-default-executor-0] INFO  impl.RoleInfo (RoleInfo.java:shutdownFollowerState(108)) - 89dd138e-de60-41fb-966a-8d68ccbfd781: shutdown 89dd138e-de60-41fb-966a-8d68ccbfd781@group-EC4FF14613B3-FollowerState
2021-05-05 15:14:11,698 [grpc-default-executor-0] INFO  impl.RoleInfo (RoleInfo.java:updateAndGet(130)) - 89dd138e-de60-41fb-966a-8d68ccbfd781: start 89dd138e-de60-41fb-966a-8d68ccbfd781@group-EC4FF14613B3-FollowerState
2021-05-05 15:14:11,699 [grpc-default-executor-1] INFO  server.RaftServer$Division (RaftServerImpl.java:requestVote(1042)) - 7ec8b880-4b6b-4ec3-8434-09a8711643ec@group-EC4FF14613B3: receive requestVote(ELECTION, 588c0cf1-2ab3-4f31-88e6-40c30440d309, group-EC4FF14613B3, 1, (t:0, i:0))
2021-05-05 15:14:11,699 [grpc-default-executor-1] INFO  impl.VoteContext (VoteContext.java:log(48)) - 7ec8b880-4b6b-4ec3-8434-09a8711643ec@group-EC4FF14613B3-FOLLOWER: accept ELECTION from 588c0cf1-2ab3-4f31-88e6-40c30440d309: our priority 0 <= candidate's priority 1
2021-05-05 15:14:11,699 [grpc-default-executor-1] INFO  server.RaftServer$Division (RaftServerImpl.java:setRole(284)) - 7ec8b880-4b6b-4ec3-8434-09a8711643ec@group-EC4FF14613B3: changes role from  FOLLOWER to FOLLOWER at term 1 for candidate:588c0cf1-2ab3-4f31-88e6-40c30440d309
2021-05-05 15:14:11,699 [grpc-default-executor-1] INFO  impl.RoleInfo (RoleInfo.java:shutdownFollowerState(108)) - 7ec8b880-4b6b-4ec3-8434-09a8711643ec: shutdown 7ec8b880-4b6b-4ec3-8434-09a8711643ec@group-EC4FF14613B3-FollowerState
2021-05-05 15:14:11,700 [grpc-default-executor-1] INFO  impl.RoleInfo (RoleInfo.java:updateAndGet(130)) - 7ec8b880-4b6b-4ec3-8434-09a8711643ec: start 7ec8b880-4b6b-4ec3-8434-09a8711643ec@group-EC4FF14613B3-FollowerState
2021-05-05 15:14:11,700 [7ec8b880-4b6b-4ec3-8434-09a8711643ec@group-EC4FF14613B3-FollowerState] INFO  impl.FollowerState (FollowerState.java:run(143)) - 7ec8b880-4b6b-4ec3-8434-09a8711643ec@group-EC4FF14613B3-FollowerState was interrupted: {}
java.lang.InterruptedException: sleep interrupted
	at java.lang.Thread.sleep(Native Method)
	at java.lang.Thread.sleep(Thread.java:340)
	at java.util.concurrent.TimeUnit.sleep(TimeUnit.java:386)
	at org.apache.ratis.util.TimeDuration.sleep(TimeDuration.java:324)
	at org.apache.ratis.util.TimeDuration.sleep(TimeDuration.java:309)
	at org.apache.ratis.server.impl.FollowerState.run(FollowerState.java:118)
2021-05-05 15:14:11,702 [grpc-default-executor-0] INFO  server.RaftServer$Division (RaftServerImpl.java:requestVote(1074)) - 89dd138e-de60-41fb-966a-8d68ccbfd781@group-EC4FF14613B3 replies to ELECTION vote request: 588c0cf1-2ab3-4f31-88e6-40c30440d309<-89dd138e-de60-41fb-966a-8d68ccbfd781#0:OK-t1. Peer's state: 89dd138e-de60-41fb-966a-8d68ccbfd781@group-EC4FF14613B3:t1, leader=null, voted=588c0cf1-2ab3-4f31-88e6-40c30440d309, raftlog=89dd138e-de60-41fb-966a-8d68ccbfd781@group-EC4FF14613B3-SegmentedRaftLog:OPENED:c-1,f-1,i0, conf=-1: [89dd138e-de60-41fb-966a-8d68ccbfd781|rpc:172.17.0.2:32835|dataStream:|priority:0, 7ec8b880-4b6b-4ec3-8434-09a8711643ec|rpc:172.17.0.2:33093|dataStream:|priority:0, 588c0cf1-2ab3-4f31-88e6-40c30440d309|rpc:172.17.0.2:46273|dataStream:|priority:1], old=null
2021-05-05 15:14:11,703 [89dd138e-de60-41fb-966a-8d68ccbfd781@group-EC4FF14613B3-FollowerState] INFO  impl.FollowerState (FollowerState.java:run(134)) - 89dd138e-de60-41fb-966a-8d68ccbfd781@group-EC4FF14613B3-FollowerState: change to CANDIDATE, lastRpcElapsedTime:5032074617ns, electionTimeout:5027ms
2021-05-05 15:14:11,703 [89dd138e-de60-41fb-966a-8d68ccbfd781@group-EC4FF14613B3-FollowerState] INFO  impl.RoleInfo (RoleInfo.java:shutdownFollowerState(108)) - 89dd138e-de60-41fb-966a-8d68ccbfd781: shutdown 89dd138e-de60-41fb-966a-8d68ccbfd781@group-EC4FF14613B3-FollowerState
2021-05-05 15:14:11,703 [89dd138e-de60-41fb-966a-8d68ccbfd781@group-EC4FF14613B3-FollowerState] INFO  server.RaftServer$Division (RaftServerImpl.java:setRole(284)) - 89dd138e-de60-41fb-966a-8d68ccbfd781@group-EC4FF14613B3: changes role from  FOLLOWER to CANDIDATE at term 1 for changeToCandidate
2021-05-05 15:14:11,704 [89dd138e-de60-41fb-966a-8d68ccbfd781@group-EC4FF14613B3-FollowerState] INFO  impl.FollowerState (FollowerState.java:run(143)) - 89dd138e-de60-41fb-966a-8d68ccbfd781@group-EC4FF14613B3-FollowerState was interrupted: {}
java.lang.InterruptedException: sleep interrupted
	at java.lang.Thread.sleep(Native Method)
	at java.lang.Thread.sleep(Thread.java:340)
	at java.util.concurrent.TimeUnit.sleep(TimeUnit.java:386)
	at org.apache.ratis.util.TimeDuration.sleep(TimeDuration.java:324)
	at org.apache.ratis.util.TimeDuration.sleep(TimeDuration.java:309)
	at org.apache.ratis.server.impl.FollowerState.run(FollowerState.java:118)
2021-05-05 15:14:11,704 [89dd138e-de60-41fb-966a-8d68ccbfd781@group-EC4FF14613B3-FollowerState] INFO  server.RaftServerConfigKeys (ConfUtils.java:logGet(44)) - raft.server.leaderelection.pre-vote = false (custom)
2021-05-05 15:14:11,705 [89dd138e-de60-41fb-966a-8d68ccbfd781@group-EC4FF14613B3-FollowerState] INFO  impl.RoleInfo (RoleInfo.java:updateAndGet(130)) - 89dd138e-de60-41fb-966a-8d68ccbfd781: start 89dd138e-de60-41fb-966a-8d68ccbfd781@group-EC4FF14613B3-LeaderElection86
2021-05-05 15:14:11,704 [grpc-default-executor-1] INFO  server.RaftServer$Division (RaftServerImpl.java:requestVote(1074)) - 7ec8b880-4b6b-4ec3-8434-09a8711643ec@group-EC4FF14613B3 replies to ELECTION vote request: 588c0cf1-2ab3-4f31-88e6-40c30440d309<-7ec8b880-4b6b-4ec3-8434-09a8711643ec#0:OK-t1. Peer's state: 7ec8b880-4b6b-4ec3-8434-09a8711643ec@group-EC4FF14613B3:t1, leader=null, voted=588c0cf1-2ab3-4f31-88e6-40c30440d309, raftlog=7ec8b880-4b6b-4ec3-8434-09a8711643ec@group-EC4FF14613B3-SegmentedRaftLog:OPENED:c-1,f-1,i0, conf=-1: [89dd138e-de60-41fb-966a-8d68ccbfd781|rpc:172.17.0.2:32835|dataStream:|priority:0, 7ec8b880-4b6b-4ec3-8434-09a8711643ec|rpc:172.17.0.2:33093|dataStream:|priority:0, 588c0cf1-2ab3-4f31-88e6-40c30440d309|rpc:172.17.0.2:46273|dataStream:|priority:1], old=null
2021-05-05 15:14:11,712 [588c0cf1-2ab3-4f31-88e6-40c30440d309@group-EC4FF14613B3-LeaderElection85] INFO  impl.LeaderElection (LeaderElection.java:logAndReturn(89)) - 588c0cf1-2ab3-4f31-88e6-40c30440d309@group-EC4FF14613B3-LeaderElection85: ELECTION PASSED received 1 response(s) and 0 exception(s):
2021-05-05 15:14:11,712 [588c0cf1-2ab3-4f31-88e6-40c30440d309@group-EC4FF14613B3-LeaderElection85] INFO  impl.LeaderElection (LeaderElection.java:logAndReturn(93)) -   Response 0: 588c0cf1-2ab3-4f31-88e6-40c30440d309<-89dd138e-de60-41fb-966a-8d68ccbfd781#0:OK-t1
2021-05-05 15:14:11,712 [89dd138e-de60-41fb-966a-8d68ccbfd781@group-EC4FF14613B3-LeaderElection86] INFO  impl.LeaderElection (LeaderElection.java:askForVotes(306)) - 89dd138e-de60-41fb-966a-8d68ccbfd781@group-EC4FF14613B3-LeaderElection86 ELECTION round 0: submit vote requests at term 2 for -1: [89dd138e-de60-41fb-966a-8d68ccbfd781|rpc:172.17.0.2:32835|dataStream:|priority:0, 7ec8b880-4b6b-4ec3-8434-09a8711643ec|rpc:172.17.0.2:33093|dataStream:|priority:0, 588c0cf1-2ab3-4f31-88e6-40c30440d309|rpc:172.17.0.2:46273|dataStream:|priority:1], old=null
2021-05-05 15:14:11,712 [588c0cf1-2ab3-4f31-88e6-40c30440d309@group-EC4FF14613B3-LeaderElection85] INFO  impl.LeaderElection (LeaderElection.java:askForVotes(308)) - 588c0cf1-2ab3-4f31-88e6-40c30440d309@group-EC4FF14613B3-LeaderElection85 ELECTION round 0: result PASSED
2021-05-05 15:14:11,712 [588c0cf1-2ab3-4f31-88e6-40c30440d309@group-EC4FF14613B3-LeaderElection85] INFO  impl.RoleInfo (RoleInfo.java:shutdownLeaderElection(121)) - 588c0cf1-2ab3-4f31-88e6-40c30440d309: shutdown 588c0cf1-2ab3-4f31-88e6-40c30440d309@group-EC4FF14613B3-LeaderElection85
2021-05-05 15:14:11,712 [588c0cf1-2ab3-4f31-88e6-40c30440d309@group-EC4FF14613B3-LeaderElection85] INFO  server.RaftServer$Division (RaftServerImpl.java:setRole(284)) - 588c0cf1-2ab3-4f31-88e6-40c30440d309@group-EC4FF14613B3: changes role from CANDIDATE to LEADER at term 1 for changeToLeader
2021-05-05 15:14:11,712 [588c0cf1-2ab3-4f31-88e6-40c30440d309@group-EC4FF14613B3-LeaderElection85] INFO  ratis.XceiverServerRatis (XceiverServerRatis.java:handleLeaderChangedNotification(906)) - Leader change notification received for group: group-EC4FF14613B3 with new leaderId: 588c0cf1-2ab3-4f31-88e6-40c30440d309
2021-05-05 15:14:11,713 [588c0cf1-2ab3-4f31-88e6-40c30440d309@group-EC4FF14613B3-LeaderElection85] INFO  server.RaftServer$Division (ServerState.java:setLeader(271)) - 588c0cf1-2ab3-4f31-88e6-40c30440d309@group-EC4FF14613B3: change Leader from null to 588c0cf1-2ab3-4f31-88e6-40c30440d309 at term 1 for becomeLeader, leader elected after 5097ms
2021-05-05 15:14:11,713 [588c0cf1-2ab3-4f31-88e6-40c30440d309@group-EC4FF14613B3-LeaderElection85] INFO  server.RaftServerConfigKeys (ConfUtils.java:logGet(44)) - raft.server.staging.catchup.gap = 1000 (default)
2021-05-05 15:14:11,713 [588c0cf1-2ab3-4f31-88e6-40c30440d309@group-EC4FF14613B3-LeaderElection85] INFO  metrics.RatisMetrics (RatisMetrics.java:lambda$create$0(36)) - Creating Metrics Registry : ratis.log_appender.588c0cf1-2ab3-4f31-88e6-40c30440d309@group-EC4FF14613B3
2021-05-05 15:14:11,713 [588c0cf1-2ab3-4f31-88e6-40c30440d309@group-EC4FF14613B3-LeaderElection85] INFO  server.RaftServerConfigKeys (ConfUtils.java:logGet(44)) - raft.server.write.element-limit = 1024 (custom)
2021-05-05 15:14:11,713 [588c0cf1-2ab3-4f31-88e6-40c30440d309@group-EC4FF14613B3-LeaderElection85] INFO  server.RaftServerConfigKeys (ConfUtils.java:logGet(44)) - raft.server.write.byte-limit = 1073741824 (custom)
2021-05-05 15:14:11,714 [588c0cf1-2ab3-4f31-88e6-40c30440d309@group-EC4FF14613B3-LeaderElection85] INFO  server.RaftServerConfigKeys (ConfUtils.java:logGet(44)) - raft.server.watch.timeout = 3000ms (custom)
2021-05-05 15:14:11,714 [588c0cf1-2ab3-4f31-88e6-40c30440d309@group-EC4FF14613B3-LeaderElection85] INFO  server.RaftServerConfigKeys (ConfUtils.java:logGet(44)) - raft.server.watch.timeout.denomination = 1s (default)
2021-05-05 15:14:11,714 [588c0cf1-2ab3-4f31-88e6-40c30440d309@group-EC4FF14613B3-LeaderElection85] INFO  server.RaftServerConfigKeys (ConfUtils.java:logGet(44)) - raft.server.watch.element-limit = 65536 (default)
2021-05-05 15:14:11,714 [588c0cf1-2ab3-4f31-88e6-40c30440d309@group-EC4FF14613B3-LeaderElection85] INFO  server.RaftServerConfigKeys (ConfUtils.java:logGet(44)) - raft.server.log.appender.snapshot.chunk.size.max = 16MB (=16777216) (default)
2021-05-05 15:14:11,714 [588c0cf1-2ab3-4f31-88e6-40c30440d309@group-EC4FF14613B3-LeaderElection85] INFO  server.RaftServerConfigKeys (ConfUtils.java:logGet(44)) - raft.server.log.appender.buffer.byte-limit = 33554432 (custom)
2021-05-05 15:14:11,714 [588c0cf1-2ab3-4f31-88e6-40c30440d309@group-EC4FF14613B3-LeaderElection85] INFO  server.RaftServerConfigKeys (ConfUtils.java:logGet(44)) - raft.server.log.appender.buffer.element-limit = 1 (custom)
2021-05-05 15:14:11,714 [588c0cf1-2ab3-4f31-88e6-40c30440d309@group-EC4FF14613B3-LeaderElection85] INFO  grpc.GrpcConfigKeys (ConfUtils.java:logGet(44)) - raft.grpc.server.leader.outstanding.appends.max = 128 (default)
2021-05-05 15:14:11,714 [588c0cf1-2ab3-4f31-88e6-40c30440d309@group-EC4FF14613B3-LeaderElection85] INFO  server.RaftServerConfigKeys (ConfUtils.java:logGet(44)) - raft.server.rpc.request.timeout = 3000ms (default)
2021-05-05 15:14:11,714 [588c0cf1-2ab3-4f31-88e6-40c30440d309@group-EC4FF14613B3-LeaderElection85] INFO  server.RaftServerConfigKeys (ConfUtils.java:logGet(44)) - raft.server.log.appender.install.snapshot.enabled = false (custom)
2021-05-05 15:14:11,714 [588c0cf1-2ab3-4f31-88e6-40c30440d309@group-EC4FF14613B3-LeaderElection85] INFO  metrics.RatisMetrics (RatisMetrics.java:lambda$create$0(36)) - Creating Metrics Registry : ratis_grpc.log_appender.588c0cf1-2ab3-4f31-88e6-40c30440d309@group-EC4FF14613B3
2021-05-05 15:14:11,717 [EventQueue-PipelineReportForPipelineReportHandler] INFO  pipeline.PipelineManagerV2Impl (PipelineManagerV2Impl.java:openPipeline(270)) - Pipeline Pipeline[ Id: 03d84a71-6970-4bc3-a5b0-ec4ff14613b3, Nodes: 7ec8b880-4b6b-4ec3-8434-09a8711643ec{ip: 172.17.0.2, host: d81b9af81a7a, ports: [REPLICATION=38537, RATIS=33093, RATIS_ADMIN=33093, RATIS_SERVER=33093, STANDALONE=41679], networkLocation: /default-rack, certSerialId: null, persistedOpState: IN_SERVICE, persistedOpStateExpiryEpochSec: 0}588c0cf1-2ab3-4f31-88e6-40c30440d309{ip: 172.17.0.2, host: d81b9af81a7a, ports: [REPLICATION=44585, RATIS=46273, RATIS_ADMIN=46273, RATIS_SERVER=46273, STANDALONE=42425], networkLocation: /default-rack, certSerialId: null, persistedOpState: IN_SERVICE, persistedOpStateExpiryEpochSec: 0}89dd138e-de60-41fb-966a-8d68ccbfd781{ip: 172.17.0.2, host: d81b9af81a7a, ports: [REPLICATION=39975, RATIS=32835, RATIS_ADMIN=32835, RATIS_SERVER=32835, STANDALONE=42755], networkLocation: /default-rack, certSerialId: null, persistedOpState: IN_SERVICE, persistedOpStateExpiryEpochSec: 0}, ReplicationConfig: RATIS/THREE, State:ALLOCATED, leaderId:588c0cf1-2ab3-4f31-88e6-40c30440d309, CreationTimestamp2021-05-05T15:14:04.093Z] moved to OPEN state
2021-05-05 15:14:11,717 [EventQueue-PipelineReportForOneReplicaPipelineSafeModeRule] INFO  safemode.SCMSafeModeManager (SCMSafeModeManager.java:validateSafeModeExitRules(201)) - AtleastOneDatanodeReportedRule rule is successfully validated
2021-05-05 15:14:11,717 [EventQueue-OpenPipelineForHealthyPipelineSafeModeRule] INFO  safemode.SCMSafeModeManager (HealthyPipelineSafeModeRule.java:process(130)) - SCM in safe mode. Healthy pipelines reported count is 1, required healthy pipeline reported count is 1
2021-05-05 15:14:11,717 [EventQueue-OpenPipelineForHealthyPipelineSafeModeRule] INFO  safemode.SCMSafeModeManager (SCMSafeModeManager.java:validateSafeModeExitRules(201)) - HealthyPipelineSafeModeRule rule is successfully validated
2021-05-05 15:14:11,717 [EventQueue-OpenPipelineForHealthyPipelineSafeModeRule] INFO  safemode.SCMSafeModeManager (SCMSafeModeManager.java:validateSafeModeExitRules(215)) - ScmSafeModeManager, all rules are successfully validated
2021-05-05 15:14:11,717 [EventQueue-OpenPipelineForHealthyPipelineSafeModeRule] INFO  safemode.SCMSafeModeManager (SCMSafeModeManager.java:exitSafeMode(244)) - SCM exiting safe mode.
2021-05-05 15:14:11,717 [EventQueue-OpenPipelineForHealthyPipelineSafeModeRule] WARN  events.EventQueue (EventQueue.java:fireEvent(185)) - No event handler registered for event TypedEvent{payloadType=SafeModeStatus, name='Safe mode status'}
2021-05-05 15:14:11,717 [EventQueue-OpenPipelineForHealthyPipelineSafeModeRule] INFO  ha.SCMContext (SCMContext.java:updateSafeModeStatus(147)) - Update SafeModeStatus from SafeModeStatus{safeModeStatus=true, preCheckPassed=true} to SafeModeStatus{safeModeStatus=false, preCheckPassed=true}.
2021-05-05 15:14:11,718 [EventQueue-OpenPipelineForHealthyPipelineSafeModeRule] INFO  pipeline.BackgroundPipelineCreator (BackgroundPipelineCreatorV2.java:notifyStatusChanged(261)) - Service BackgroundPipelineCreator transitions to RUNNING.
2021-05-05 15:14:11,718 [EventQueue-OpenPipelineForHealthyPipelineSafeModeRule] INFO  container.ReplicationManager (ReplicationManager.java:notifyStatusChanged(1279)) - Service ReplicationManager transitions to RUNNING.
2021-05-05 15:14:11,719 [grpc-default-executor-1] INFO  server.RaftServer$Division (RaftServerImpl.java:requestVote(1042)) - 7ec8b880-4b6b-4ec3-8434-09a8711643ec@group-EC4FF14613B3: receive requestVote(ELECTION, 89dd138e-de60-41fb-966a-8d68ccbfd781, group-EC4FF14613B3, 2, (t:0, i:0))
2021-05-05 15:14:11,719 [grpc-default-executor-1] INFO  impl.VoteContext (VoteContext.java:log(48)) - 7ec8b880-4b6b-4ec3-8434-09a8711643ec@group-EC4FF14613B3-FOLLOWER: accept ELECTION from 89dd138e-de60-41fb-966a-8d68ccbfd781: our priority 0 <= candidate's priority 0
2021-05-05 15:14:11,720 [grpc-default-executor-1] INFO  server.RaftServer$Division (RaftServerImpl.java:setRole(284)) - 7ec8b880-4b6b-4ec3-8434-09a8711643ec@group-EC4FF14613B3: changes role from  FOLLOWER to FOLLOWER at term 2 for candidate:89dd138e-de60-41fb-966a-8d68ccbfd781
2021-05-05 15:14:11,720 [grpc-default-executor-1] INFO  impl.RoleInfo (RoleInfo.java:shutdownFollowerState(108)) - 7ec8b880-4b6b-4ec3-8434-09a8711643ec: shutdown 7ec8b880-4b6b-4ec3-8434-09a8711643ec@group-EC4FF14613B3-FollowerState
2021-05-05 15:14:11,720 [grpc-default-executor-1] INFO  impl.RoleInfo (RoleInfo.java:updateAndGet(130)) - 7ec8b880-4b6b-4ec3-8434-09a8711643ec: start 7ec8b880-4b6b-4ec3-8434-09a8711643ec@group-EC4FF14613B3-FollowerState
2021-05-05 15:14:11,721 [7ec8b880-4b6b-4ec3-8434-09a8711643ec@group-EC4FF14613B3-FollowerState] INFO  impl.FollowerState (FollowerState.java:run(143)) - 7ec8b880-4b6b-4ec3-8434-09a8711643ec@group-EC4FF14613B3-FollowerState was interrupted: {}
java.lang.InterruptedException: sleep interrupted
	at java.lang.Thread.sleep(Native Method)
	at java.lang.Thread.sleep(Thread.java:340)
	at java.util.concurrent.TimeUnit.sleep(TimeUnit.java:386)
	at org.apache.ratis.util.TimeDuration.sleep(TimeDuration.java:324)
	at org.apache.ratis.util.TimeDuration.sleep(TimeDuration.java:309)
	at org.apache.ratis.server.impl.FollowerState.run(FollowerState.java:118)
2021-05-05 15:14:11,722 [grpc-default-executor-1] INFO  server.RaftServer$Division (RaftServerImpl.java:requestVote(1074)) - 7ec8b880-4b6b-4ec3-8434-09a8711643ec@group-EC4FF14613B3 replies to ELECTION vote request: 89dd138e-de60-41fb-966a-8d68ccbfd781<-7ec8b880-4b6b-4ec3-8434-09a8711643ec#0:OK-t2. Peer's state: 7ec8b880-4b6b-4ec3-8434-09a8711643ec@group-EC4FF14613B3:t2, leader=null, voted=89dd138e-de60-41fb-966a-8d68ccbfd781, raftlog=7ec8b880-4b6b-4ec3-8434-09a8711643ec@group-EC4FF14613B3-SegmentedRaftLog:OPENED:c-1,f-1,i0, conf=-1: [89dd138e-de60-41fb-966a-8d68ccbfd781|rpc:172.17.0.2:32835|dataStream:|priority:0, 7ec8b880-4b6b-4ec3-8434-09a8711643ec|rpc:172.17.0.2:33093|dataStream:|priority:0, 588c0cf1-2ab3-4f31-88e6-40c30440d309|rpc:172.17.0.2:46273|dataStream:|priority:1], old=null
2021-05-05 15:14:11,723 [grpc-default-executor-1] INFO  metrics.RatisMetrics (RatisMetrics.java:lambda$create$0(36)) - Creating Metrics Registry : ratis.server_message_metrics.588c0cf1-2ab3-4f31-88e6-40c30440d309
2021-05-05 15:14:11,726 [588c0cf1-2ab3-4f31-88e6-40c30440d309@group-EC4FF14613B3-LeaderElection85] INFO  server.RaftServerConfigKeys (ConfUtils.java:logGet(44)) - raft.server.log.appender.snapshot.chunk.size.max = 16MB (=16777216) (default)
2021-05-05 15:14:11,727 [588c0cf1-2ab3-4f31-88e6-40c30440d309@group-EC4FF14613B3-LeaderElection85] INFO  server.RaftServerConfigKeys (ConfUtils.java:logGet(44)) - raft.server.log.appender.buffer.byte-limit = 33554432 (custom)
2021-05-05 15:14:11,727 [grpc-default-executor-1] INFO  server.RaftServer$Division (RaftServerImpl.java:requestVote(1042)) - 588c0cf1-2ab3-4f31-88e6-40c30440d309@group-EC4FF14613B3: receive requestVote(ELECTION, 89dd138e-de60-41fb-966a-8d68ccbfd781, group-EC4FF14613B3, 2, (t:0, i:0))
2021-05-05 15:14:11,727 [588c0cf1-2ab3-4f31-88e6-40c30440d309@group-EC4FF14613B3-LeaderElection85] INFO  server.RaftServerConfigKeys (ConfUtils.java:logGet(44)) - raft.server.log.appender.buffer.element-limit = 1 (custom)
2021-05-05 15:14:11,727 [588c0cf1-2ab3-4f31-88e6-40c30440d309@group-EC4FF14613B3-LeaderElection85] INFO  grpc.GrpcConfigKeys (ConfUtils.java:logGet(44)) - raft.grpc.server.leader.outstanding.appends.max = 128 (default)
2021-05-05 15:14:11,727 [588c0cf1-2ab3-4f31-88e6-40c30440d309@group-EC4FF14613B3-LeaderElection85] INFO  server.RaftServerConfigKeys (ConfUtils.java:logGet(44)) - raft.server.rpc.request.timeout = 3000ms (default)
2021-05-05 15:14:11,727 [588c0cf1-2ab3-4f31-88e6-40c30440d309@group-EC4FF14613B3-LeaderElection85] INFO  server.RaftServerConfigKeys (ConfUtils.java:logGet(44)) - raft.server.log.appender.install.snapshot.enabled = false (custom)
2021-05-05 15:14:11,729 [588c0cf1-2ab3-4f31-88e6-40c30440d309@group-EC4FF14613B3-LeaderElection85] INFO  impl.RoleInfo (RoleInfo.java:updateAndGet(130)) - 588c0cf1-2ab3-4f31-88e6-40c30440d309: start 588c0cf1-2ab3-4f31-88e6-40c30440d309@group-EC4FF14613B3-LeaderStateImpl
2021-05-05 15:14:11,729 [588c0cf1-2ab3-4f31-88e6-40c30440d309@group-EC4FF14613B3-LeaderElection85] INFO  segmented.SegmentedRaftLogWorker (SegmentedRaftLogWorker.java:startLogSegment(394)) - 588c0cf1-2ab3-4f31-88e6-40c30440d309@group-EC4FF14613B3-SegmentedRaftLogWorker: Starting segment from index:0
2021-05-05 15:14:11,731 [588c0cf1-2ab3-4f31-88e6-40c30440d309@group-EC4FF14613B3-SegmentedRaftLogWorker] INFO  segmented.SegmentedRaftLogWorker (SegmentedRaftLogWorker.java:execute(601)) - 588c0cf1-2ab3-4f31-88e6-40c30440d309@group-EC4FF14613B3-SegmentedRaftLogWorker: created new log segment /github/workspace/mnt/ozone/hadoop-ozone/integration-test/target/test-dir/MiniOzoneClusterImpl-c76e6b88-ed31-44d7-ac8c-51a305797015/datanode-3/data/ratis/03d84a71-6970-4bc3-a5b0-ec4ff14613b3/current/log_inprogress_0
2021-05-05 15:14:11,736 [588c0cf1-2ab3-4f31-88e6-40c30440d309@group-EC4FF14613B3-LeaderElection85] INFO  server.RaftServer$Division (ServerState.java:setRaftConf(373)) - 588c0cf1-2ab3-4f31-88e6-40c30440d309@group-EC4FF14613B3: set configuration 0: [89dd138e-de60-41fb-966a-8d68ccbfd781|rpc:172.17.0.2:32835|dataStream:|priority:0, 7ec8b880-4b6b-4ec3-8434-09a8711643ec|rpc:172.17.0.2:33093|dataStream:|priority:0, 588c0cf1-2ab3-4f31-88e6-40c30440d309|rpc:172.17.0.2:46273|dataStream:|priority:1], old=null
2021-05-05 15:14:11,736 [grpc-default-executor-1] INFO  impl.VoteContext (VoteContext.java:log(48)) - 588c0cf1-2ab3-4f31-88e6-40c30440d309@group-EC4FF14613B3-LEADER: reject ELECTION from 89dd138e-de60-41fb-966a-8d68ccbfd781: our last entry (t:1, i:0) > candidate's last entry (t:0, i:0)
2021-05-05 15:14:11,736 [grpc-default-executor-1] INFO  server.RaftServer$Division (ServerState.java:setLeader(271)) - 588c0cf1-2ab3-4f31-88e6-40c30440d309@group-EC4FF14613B3: change Leader from 588c0cf1-2ab3-4f31-88e6-40c30440d309 to null at term 2 for updateCurrentTerm
2021-05-05 15:14:11,736 [grpc-default-executor-1] INFO  server.RaftServer$Division (RaftServerImpl.java:setRole(284)) - 588c0cf1-2ab3-4f31-88e6-40c30440d309@group-EC4FF14613B3: changes role from    LEADER to FOLLOWER at term 2 for candidate:89dd138e-de60-41fb-966a-8d68ccbfd781
2021-05-05 15:14:11,736 [grpc-default-executor-1] INFO  impl.RoleInfo (RoleInfo.java:shutdownLeaderState(91)) - 588c0cf1-2ab3-4f31-88e6-40c30440d309: shutdown 588c0cf1-2ab3-4f31-88e6-40c30440d309@group-EC4FF14613B3-LeaderStateImpl
2021-05-05 15:14:11,736 [grpc-default-executor-1] INFO  metrics.RatisMetrics (RatisMetrics.java:unregister(43)) - Unregistering Metrics Registry : ratis_grpc.log_appender.588c0cf1-2ab3-4f31-88e6-40c30440d309@group-EC4FF14613B3
2021-05-05 15:14:11,736 [grpc-default-executor-1] INFO  metrics.RatisMetrics (RatisMetrics.java:unregister(43)) - Unregistering Metrics Registry : ratis_grpc.log_appender.588c0cf1-2ab3-4f31-88e6-40c30440d309@group-EC4FF14613B3
2021-05-05 15:14:11,736 [grpc-default-executor-1] INFO  impl.PendingRequests (PendingRequests.java:sendNotLeaderResponses(249)) - 588c0cf1-2ab3-4f31-88e6-40c30440d309@group-EC4FF14613B3-PendingRequests: sendNotLeaderResponses
2021-05-05 15:14:11,736 [grpc-default-executor-1] INFO  metrics.RatisMetrics (RatisMetrics.java:unregister(43)) - Unregistering Metrics Registry : ratis.log_appender.588c0cf1-2ab3-4f31-88e6-40c30440d309@group-EC4FF14613B3
2021-05-05 15:14:11,737 [grpc-default-executor-1] INFO  metrics.RatisMetrics (RatisMetrics.java:unregister(43)) - Unregistering Metrics Registry : ratis.server.588c0cf1-2ab3-4f31-88e6-40c30440d309@group-EC4FF14613B3
2021-05-05 15:14:11,740 [grpc-default-executor-0] INFO  server.GrpcServerProtocolService (GrpcServerProtocolService.java:onCompleted(140)) - 89dd138e-de60-41fb-966a-8d68ccbfd781: Completed APPEND_ENTRIES, lastRequest: null
2021-05-05 15:14:11,741 [grpc-default-executor-1] INFO  impl.RoleInfo (RoleInfo.java:updateAndGet(130)) - 588c0cf1-2ab3-4f31-88e6-40c30440d309: start 588c0cf1-2ab3-4f31-88e6-40c30440d309@group-EC4FF14613B3-FollowerState
2021-05-05 15:14:11,743 [grpc-default-executor-1] INFO  server.RaftServer$Division (RaftServerImpl.java:requestVote(1074)) - 588c0cf1-2ab3-4f31-88e6-40c30440d309@group-EC4FF14613B3 replies to ELECTION vote request: 89dd138e-de60-41fb-966a-8d68ccbfd781<-588c0cf1-2ab3-4f31-88e6-40c30440d309#0:FAIL-t2. Peer's state: 588c0cf1-2ab3-4f31-88e6-40c30440d309@group-EC4FF14613B3:t2, leader=null, voted=null, raftlog=588c0cf1-2ab3-4f31-88e6-40c30440d309@group-EC4FF14613B3-SegmentedRaftLog:OPENED:c-1,f0,i0, conf=0: [89dd138e-de60-41fb-966a-8d68ccbfd781|rpc:172.17.0.2:32835|dataStream:|priority:0, 7ec8b880-4b6b-4ec3-8434-09a8711643ec|rpc:172.17.0.2:33093|dataStream:|priority:0, 588c0cf1-2ab3-4f31-88e6-40c30440d309|rpc:172.17.0.2:46273|dataStream:|priority:1], old=null
2021-05-05 15:14:11,748 [grpc-default-executor-3] INFO  server.GrpcLogAppender (GrpcLogAppender.java:onCompleted(344)) - 588c0cf1-2ab3-4f31-88e6-40c30440d309@group-EC4FF14613B3->89dd138e-de60-41fb-966a-8d68ccbfd781-AppendLogResponseHandler: follower responses appendEntries COMPLETED
2021-05-05 15:14:11,748 [grpc-default-executor-3] INFO  leader.FollowerInfo (FollowerInfoImpl.java:lambda$new$0(46)) - 588c0cf1-2ab3-4f31-88e6-40c30440d309@group-EC4FF14613B3->89dd138e-de60-41fb-966a-8d68ccbfd781: nextIndex: updateUnconditionally 0 -> 0
2021-05-05 15:14:11,749 [588c0cf1-2ab3-4f31-88e6-40c30440d309@group-20B1DB7269B1-FollowerState] INFO  impl.FollowerState (FollowerState.java:run(134)) - 588c0cf1-2ab3-4f31-88e6-40c30440d309@group-20B1DB7269B1-FollowerState: change to CANDIDATE, lastRpcElapsedTime:5139329436ns, electionTimeout:5139ms
2021-05-05 15:14:11,749 [588c0cf1-2ab3-4f31-88e6-40c30440d309@group-20B1DB7269B1-FollowerState] INFO  impl.RoleInfo (RoleInfo.java:shutdownFollowerState(108)) - 588c0cf1-2ab3-4f31-88e6-40c30440d309: shutdown 588c0cf1-2ab3-4f31-88e6-40c30440d309@group-20B1DB7269B1-FollowerState
2021-05-05 15:14:11,750 [588c0cf1-2ab3-4f31-88e6-40c30440d309@group-20B1DB7269B1-FollowerState] INFO  server.RaftServer$Division (RaftServerImpl.java:setRole(284)) - 588c0cf1-2ab3-4f31-88e6-40c30440d309@group-20B1DB7269B1: changes role from  FOLLOWER to CANDIDATE at term 0 for changeToCandidate
2021-05-05 15:14:11,750 [588c0cf1-2ab3-4f31-88e6-40c30440d309@group-20B1DB7269B1-FollowerState] INFO  server.RaftServerConfigKeys (ConfUtils.java:logGet(44)) - raft.server.leaderelection.pre-vote = false (custom)
2021-05-05 15:14:11,750 [588c0cf1-2ab3-4f31-88e6-40c30440d309@group-20B1DB7269B1-FollowerState] INFO  impl.RoleInfo (RoleInfo.java:updateAndGet(130)) - 588c0cf1-2ab3-4f31-88e6-40c30440d309: start 588c0cf1-2ab3-4f31-88e6-40c30440d309@group-20B1DB7269B1-LeaderElection87
2021-05-05 15:14:11,750 [89dd138e-de60-41fb-966a-8d68ccbfd781@group-EC4FF14613B3-LeaderElection86] INFO  impl.LeaderElection (LeaderElection.java:logAndReturn(89)) - 89dd138e-de60-41fb-966a-8d68ccbfd781@group-EC4FF14613B3-LeaderElection86: ELECTION REJECTED received 2 response(s) and 0 exception(s):
2021-05-05 15:14:11,750 [89dd138e-de60-41fb-966a-8d68ccbfd781@group-EC4FF14613B3-LeaderElection86] INFO  impl.LeaderElection (LeaderElection.java:logAndReturn(93)) -   Response 0: 89dd138e-de60-41fb-966a-8d68ccbfd781<-7ec8b880-4b6b-4ec3-8434-09a8711643ec#0:OK-t2
2021-05-05 15:14:11,750 [89dd138e-de60-41fb-966a-8d68ccbfd781@group-EC4FF14613B3-LeaderElection86] INFO  impl.LeaderElection (LeaderElection.java:logAndReturn(93)) -   Response 1: 89dd138e-de60-41fb-966a-8d68ccbfd781<-588c0cf1-2ab3-4f31-88e6-40c30440d309#0:FAIL-t2
2021-05-05 15:14:11,750 [89dd138e-de60-41fb-966a-8d68ccbfd781@group-EC4FF14613B3-LeaderElection86] INFO  impl.LeaderElection (LeaderElection.java:askForVotes(308)) - 89dd138e-de60-41fb-966a-8d68ccbfd781@group-EC4FF14613B3-LeaderElection86 ELECTION round 0: result REJECTED
2021-05-05 15:14:11,750 [89dd138e-de60-41fb-966a-8d68ccbfd781@group-EC4FF14613B3-LeaderElection86] INFO  server.RaftServer$Division (RaftServerImpl.java:setRole(284)) - 89dd138e-de60-41fb-966a-8d68ccbfd781@group-EC4FF14613B3: changes role from CANDIDATE to FOLLOWER at term 2 for REJECTED
2021-05-05 15:14:11,750 [89dd138e-de60-41fb-966a-8d68ccbfd781@group-EC4FF14613B3-LeaderElection86] INFO  impl.RoleInfo (RoleInfo.java:shutdownLeaderElection(121)) - 89dd138e-de60-41fb-966a-8d68ccbfd781: shutdown 89dd138e-de60-41fb-966a-8d68ccbfd781@group-EC4FF14613B3-LeaderElection86
2021-05-05 15:14:11,750 [89dd138e-de60-41fb-966a-8d68ccbfd781@group-EC4FF14613B3-LeaderElection86] INFO  impl.RoleInfo (RoleInfo.java:updateAndGet(130)) - 89dd138e-de60-41fb-966a-8d68ccbfd781: start 89dd138e-de60-41fb-966a-8d68ccbfd781@group-EC4FF14613B3-FollowerState
2021-05-05 15:14:11,753 [588c0cf1-2ab3-4f31-88e6-40c30440d309@group-20B1DB7269B1-LeaderElection87] INFO  impl.LeaderElection (LeaderElection.java:askForVotes(306)) - 588c0cf1-2ab3-4f31-88e6-40c30440d309@group-20B1DB7269B1-LeaderElection87 ELECTION round 0: submit vote requests at term 1 for -1: [588c0cf1-2ab3-4f31-88e6-40c30440d309|rpc:172.17.0.2:46273|priority:1], old=null
2021-05-05 15:14:11,753 [588c0cf1-2ab3-4f31-88e6-40c30440d309@group-20B1DB7269B1-LeaderElection87] INFO  impl.LeaderElection (LeaderElection.java:askForVotes(308)) - 588c0cf1-2ab3-4f31-88e6-40c30440d309@group-20B1DB7269B1-LeaderElection87 ELECTION round 0: result PASSED (term=1)
2021-05-05 15:14:11,753 [588c0cf1-2ab3-4f31-88e6-40c30440d309@group-20B1DB7269B1-LeaderElection87] INFO  impl.RoleInfo (RoleInfo.java:shutdownLeaderElection(121)) - 588c0cf1-2ab3-4f31-88e6-40c30440d309: shutdown 588c0cf1-2ab3-4f31-88e6-40c30440d309@group-20B1DB7269B1-LeaderElection87
2021-05-05 15:14:11,753 [588c0cf1-2ab3-4f31-88e6-40c30440d309@group-20B1DB7269B1-LeaderElection87] INFO  server.RaftServer$Division (RaftServerImpl.java:setRole(284)) - 588c0cf1-2ab3-4f31-88e6-40c30440d309@group-20B1DB7269B1: changes role from CANDIDATE to LEADER at term 1 for changeToLeader
2021-05-05 15:14:11,753 [588c0cf1-2ab3-4f31-88e6-40c30440d309@group-20B1DB7269B1-LeaderElection87] INFO  ratis.XceiverServerRatis (XceiverServerRatis.java:handleLeaderChangedNotification(906)) - Leader change notification received for group: group-20B1DB7269B1 with new leaderId: 588c0cf1-2ab3-4f31-88e6-40c30440d309
2021-05-05 15:14:11,754 [588c0cf1-2ab3-4f31-88e6-40c30440d309@group-20B1DB7269B1-LeaderElection87] INFO  server.RaftServer$Division (ServerState.java:setLeader(271)) - 588c0cf1-2ab3-4f31-88e6-40c30440d309@group-20B1DB7269B1: change Leader from null to 588c0cf1-2ab3-4f31-88e6-40c30440d309 at term 1 for becomeLeader, leader elected after 5152ms
2021-05-05 15:14:11,754 [588c0cf1-2ab3-4f31-88e6-40c30440d309@group-20B1DB7269B1-LeaderElection87] INFO  server.RaftServerConfigKeys (ConfUtils.java:logGet(44)) - raft.server.staging.catchup.gap = 1000 (default)
2021-05-05 15:14:11,754 [588c0cf1-2ab3-4f31-88e6-40c30440d309@group-20B1DB7269B1-LeaderElection87] INFO  metrics.RatisMetrics (RatisMetrics.java:lambda$create$0(36)) - Creating Metrics Registry : ratis.log_appender.588c0cf1-2ab3-4f31-88e6-40c30440d309@group-20B1DB7269B1
2021-05-05 15:14:11,754 [588c0cf1-2ab3-4f31-88e6-40c30440d309@group-20B1DB7269B1-LeaderElection87] INFO  server.RaftServerConfigKeys (ConfUtils.java:logGet(44)) - raft.server.write.element-limit = 1024 (custom)
2021-05-05 15:14:11,754 [588c0cf1-2ab3-4f31-88e6-40c30440d309@group-20B1DB7269B1-LeaderElection87] INFO  server.RaftServerConfigKeys (ConfUtils.java:logGet(44)) - raft.server.write.byte-limit = 1073741824 (custom)
2021-05-05 15:14:11,755 [588c0cf1-2ab3-4f31-88e6-40c30440d309@group-20B1DB7269B1-LeaderElection87] INFO  server.RaftServerConfigKeys (ConfUtils.java:logGet(44)) - raft.server.watch.timeout = 3000ms (custom)
2021-05-05 15:14:11,755 [588c0cf1-2ab3-4f31-88e6-40c30440d309@group-20B1DB7269B1-LeaderElection87] INFO  server.RaftServerConfigKeys (ConfUtils.java:logGet(44)) - raft.server.watch.timeout.denomination = 1s (default)
2021-05-05 15:14:11,755 [588c0cf1-2ab3-4f31-88e6-40c30440d309@group-20B1DB7269B1-LeaderElection87] INFO  server.RaftServerConfigKeys (ConfUtils.java:logGet(44)) - raft.server.watch.element-limit = 65536 (default)
2021-05-05 15:14:11,755 [588c0cf1-2ab3-4f31-88e6-40c30440d309@group-20B1DB7269B1-LeaderElection87] INFO  impl.RoleInfo (RoleInfo.java:updateAndGet(130)) - 588c0cf1-2ab3-4f31-88e6-40c30440d309: start 588c0cf1-2ab3-4f31-88e6-40c30440d309@group-20B1DB7269B1-LeaderStateImpl
2021-05-05 15:14:11,756 [588c0cf1-2ab3-4f31-88e6-40c30440d309@group-20B1DB7269B1-LeaderElection87] INFO  segmented.SegmentedRaftLogWorker (SegmentedRaftLogWorker.java:startLogSegment(394)) - 588c0cf1-2ab3-4f31-88e6-40c30440d309@group-20B1DB7269B1-SegmentedRaftLogWorker: Starting segment from index:0
2021-05-05 15:14:11,757 [588c0cf1-2ab3-4f31-88e6-40c30440d309@group-20B1DB7269B1-LeaderElection87] INFO  server.RaftServer$Division (ServerState.java:setRaftConf(373)) - 588c0cf1-2ab3-4f31-88e6-40c30440d309@group-20B1DB7269B1: set configuration 0: [588c0cf1-2ab3-4f31-88e6-40c30440d309|rpc:172.17.0.2:46273|dataStream:|priority:1], old=null
2021-05-05 15:14:11,758 [588c0cf1-2ab3-4f31-88e6-40c30440d309@group-20B1DB7269B1-SegmentedRaftLogWorker] INFO  segmented.SegmentedRaftLogWorker (SegmentedRaftLogWorker.java:execute(601)) - 588c0cf1-2ab3-4f31-88e6-40c30440d309@group-20B1DB7269B1-SegmentedRaftLogWorker: created new log segment /github/workspace/mnt/ozone/hadoop-ozone/integration-test/target/test-dir/MiniOzoneClusterImpl-c76e6b88-ed31-44d7-ac8c-51a305797015/datanode-3/data/ratis/f0cbfb52-3c1c-42d5-823d-20b1db7269b1/current/log_inprogress_0
2021-05-05 15:14:11,790 [Listener at 127.0.0.1/33403] INFO  ozone.MiniOzoneClusterImpl (MiniOzoneClusterImpl.java:lambda$waitForClusterToBeReady$0(224)) - Nodes are ready. Got 9 of 9 DN Heartbeats.
2021-05-05 15:14:11,790 [Listener at 127.0.0.1/33403] INFO  ozone.MiniOzoneClusterImpl (MiniOzoneClusterImpl.java:lambda$waitForClusterToBeReady$0(227)) - Cluster exits safe mode
2021-05-05 15:14:11,790 [Listener at 127.0.0.1/33403] INFO  ozone.MiniOzoneClusterImpl (MiniOzoneClusterImpl.java:lambda$waitForClusterToBeReady$0(230)) - SCM became leader
2021-05-05 15:14:11,798 [Listener at 127.0.0.1/33403] INFO  rpc.RpcClient (RpcClient.java:createVolume(320)) - Creating Volume: watchforcommithandlingtest, with jenkins1001 as owner and space quota set to -1 bytes, counts quota set to -1
2021-05-05 15:14:11,801 [OM StateMachine ApplyTransaction Thread - 0] INFO  volume.OMVolumeCreateRequest (OMVolumeCreateRequest.java:validateAndUpdateCache(195)) - created volume:watchforcommithandlingtest for user:jenkins1001
2021-05-05 15:14:11,807 [Listener at 127.0.0.1/33403] INFO  rpc.RpcClient (RpcClient.java:createBucket(479)) - Creating Bucket: watchforcommithandlingtest/watchforcommithandlingtest, with Versioning false and Storage Type set to DISK and Encryption set to false 
2021-05-05 15:14:11,811 [Listener at 127.0.0.1/33403] INFO  ozone.MiniOzoneClusterImpl (MiniOzoneClusterImpl.java:getStorageContainerLocationClient(336)) - Creating StorageContainerLocationProtocol RPC client with address /0.0.0.0:41779
2021-05-05 15:14:11,817 [IPC Server handler 0 on default port 41779] INFO  ha.SequenceIdGenerator (SequenceIdGenerator.java:getNextId(127)) - Allocate a batch for containerId, change lastId from 0 to 1000.
2021-05-05 15:14:11,822 [Listener at 127.0.0.1/33403] INFO  metrics.RatisMetrics (RatisMetrics.java:lambda$create$0(36)) - Creating Metrics Registry : ratis.client_message_metrics.client-D33379494828->588c0cf1-2ab3-4f31-88e6-40c30440d309
2021-05-05 15:14:12,004 [89dd138e-de60-41fb-966a-8d68ccbfd781@group-5312536DE4E5-FollowerState] INFO  impl.FollowerState (FollowerState.java:run(134)) - 89dd138e-de60-41fb-966a-8d68ccbfd781@group-5312536DE4E5-FollowerState: change to CANDIDATE, lastRpcElapsedTime:5171684221ns, electionTimeout:5170ms
2021-05-05 15:14:12,005 [89dd138e-de60-41fb-966a-8d68ccbfd781@group-5312536DE4E5-FollowerState] INFO  impl.RoleInfo (RoleInfo.java:shutdownFollowerState(108)) - 89dd138e-de60-41fb-966a-8d68ccbfd781: shutdown 89dd138e-de60-41fb-966a-8d68ccbfd781@group-5312536DE4E5-FollowerState
2021-05-05 15:14:12,005 [89dd138e-de60-41fb-966a-8d68ccbfd781@group-5312536DE4E5-FollowerState] INFO  server.RaftServer$Division (RaftServerImpl.java:setRole(284)) - 89dd138e-de60-41fb-966a-8d68ccbfd781@group-5312536DE4E5: changes role from  FOLLOWER to CANDIDATE at term 0 for changeToCandidate
2021-05-05 15:14:12,005 [89dd138e-de60-41fb-966a-8d68ccbfd781@group-5312536DE4E5-FollowerState] INFO  server.RaftServerConfigKeys (ConfUtils.java:logGet(44)) - raft.server.leaderelection.pre-vote = false (custom)
2021-05-05 15:14:12,005 [89dd138e-de60-41fb-966a-8d68ccbfd781@group-5312536DE4E5-FollowerState] INFO  impl.RoleInfo (RoleInfo.java:updateAndGet(130)) - 89dd138e-de60-41fb-966a-8d68ccbfd781: start 89dd138e-de60-41fb-966a-8d68ccbfd781@group-5312536DE4E5-LeaderElection88
2021-05-05 15:14:12,007 [89dd138e-de60-41fb-966a-8d68ccbfd781@group-5312536DE4E5-LeaderElection88] INFO  impl.LeaderElection (LeaderElection.java:askForVotes(306)) - 89dd138e-de60-41fb-966a-8d68ccbfd781@group-5312536DE4E5-LeaderElection88 ELECTION round 0: submit vote requests at term 1 for -1: [89dd138e-de60-41fb-966a-8d68ccbfd781|rpc:172.17.0.2:32835|priority:1], old=null
2021-05-05 15:14:12,007 [89dd138e-de60-41fb-966a-8d68ccbfd781@group-5312536DE4E5-LeaderElection88] INFO  impl.LeaderElection (LeaderElection.java:askForVotes(308)) - 89dd138e-de60-41fb-966a-8d68ccbfd781@group-5312536DE4E5-LeaderElection88 ELECTION round 0: result PASSED (term=1)
2021-05-05 15:14:12,007 [89dd138e-de60-41fb-966a-8d68ccbfd781@group-5312536DE4E5-LeaderElection88] INFO  impl.RoleInfo (RoleInfo.java:shutdownLeaderElection(121)) - 89dd138e-de60-41fb-966a-8d68ccbfd781: shutdown 89dd138e-de60-41fb-966a-8d68ccbfd781@group-5312536DE4E5-LeaderElection88
2021-05-05 15:14:12,007 [89dd138e-de60-41fb-966a-8d68ccbfd781@group-5312536DE4E5-LeaderElection88] INFO  server.RaftServer$Division (RaftServerImpl.java:setRole(284)) - 89dd138e-de60-41fb-966a-8d68ccbfd781@group-5312536DE4E5: changes role from CANDIDATE to LEADER at term 1 for changeToLeader
2021-05-05 15:14:12,007 [89dd138e-de60-41fb-966a-8d68ccbfd781@group-5312536DE4E5-LeaderElection88] INFO  ratis.XceiverServerRatis (XceiverServerRatis.java:handleLeaderChangedNotification(906)) - Leader change notification received for group: group-5312536DE4E5 with new leaderId: 89dd138e-de60-41fb-966a-8d68ccbfd781
2021-05-05 15:14:12,007 [89dd138e-de60-41fb-966a-8d68ccbfd781@group-5312536DE4E5-LeaderElection88] INFO  server.RaftServer$Division (ServerState.java:setLeader(271)) - 89dd138e-de60-41fb-966a-8d68ccbfd781@group-5312536DE4E5: change Leader from null to 89dd138e-de60-41fb-966a-8d68ccbfd781 at term 1 for becomeLeader, leader elected after 5183ms
2021-05-05 15:14:12,007 [89dd138e-de60-41fb-966a-8d68ccbfd781@group-5312536DE4E5-LeaderElection88] INFO  server.RaftServerConfigKeys (ConfUtils.java:logGet(44)) - raft.server.staging.catchup.gap = 1000 (default)
2021-05-05 15:14:12,008 [89dd138e-de60-41fb-966a-8d68ccbfd781@group-5312536DE4E5-LeaderElection88] INFO  metrics.RatisMetrics (RatisMetrics.java:lambda$create$0(36)) - Creating Metrics Registry : ratis.log_appender.89dd138e-de60-41fb-966a-8d68ccbfd781@group-5312536DE4E5
2021-05-05 15:14:12,008 [89dd138e-de60-41fb-966a-8d68ccbfd781@group-5312536DE4E5-LeaderElection88] INFO  server.RaftServerConfigKeys (ConfUtils.java:logGet(44)) - raft.server.write.element-limit = 1024 (custom)
2021-05-05 15:14:12,008 [89dd138e-de60-41fb-966a-8d68ccbfd781@group-5312536DE4E5-LeaderElection88] INFO  server.RaftServerConfigKeys (ConfUtils.java:logGet(44)) - raft.server.write.byte-limit = 1073741824 (custom)
2021-05-05 15:14:12,009 [89dd138e-de60-41fb-966a-8d68ccbfd781@group-5312536DE4E5-LeaderElection88] INFO  server.RaftServerConfigKeys (ConfUtils.java:logGet(44)) - raft.server.watch.timeout = 3000ms (custom)
2021-05-05 15:14:12,009 [89dd138e-de60-41fb-966a-8d68ccbfd781@group-5312536DE4E5-LeaderElection88] INFO  server.RaftServerConfigKeys (ConfUtils.java:logGet(44)) - raft.server.watch.timeout.denomination = 1s (default)
2021-05-05 15:14:12,009 [89dd138e-de60-41fb-966a-8d68ccbfd781@group-5312536DE4E5-LeaderElection88] INFO  server.RaftServerConfigKeys (ConfUtils.java:logGet(44)) - raft.server.watch.element-limit = 65536 (default)
2021-05-05 15:14:12,009 [89dd138e-de60-41fb-966a-8d68ccbfd781@group-5312536DE4E5-LeaderElection88] INFO  impl.RoleInfo (RoleInfo.java:updateAndGet(130)) - 89dd138e-de60-41fb-966a-8d68ccbfd781: start 89dd138e-de60-41fb-966a-8d68ccbfd781@group-5312536DE4E5-LeaderStateImpl
2021-05-05 15:14:12,010 [89dd138e-de60-41fb-966a-8d68ccbfd781@group-5312536DE4E5-LeaderElection88] INFO  segmented.SegmentedRaftLogWorker (SegmentedRaftLogWorker.java:startLogSegment(394)) - 89dd138e-de60-41fb-966a-8d68ccbfd781@group-5312536DE4E5-SegmentedRaftLogWorker: Starting segment from index:0
2021-05-05 15:14:12,011 [89dd138e-de60-41fb-966a-8d68ccbfd781@group-5312536DE4E5-LeaderElection88] INFO  server.RaftServer$Division (ServerState.java:setRaftConf(373)) - 89dd138e-de60-41fb-966a-8d68ccbfd781@group-5312536DE4E5: set configuration 0: [89dd138e-de60-41fb-966a-8d68ccbfd781|rpc:172.17.0.2:32835|dataStream:|priority:1], old=null
2021-05-05 15:14:12,012 [89dd138e-de60-41fb-966a-8d68ccbfd781@group-5312536DE4E5-SegmentedRaftLogWorker] INFO  segmented.SegmentedRaftLogWorker (SegmentedRaftLogWorker.java:execute(601)) - 89dd138e-de60-41fb-966a-8d68ccbfd781@group-5312536DE4E5-SegmentedRaftLogWorker: created new log segment /github/workspace/mnt/ozone/hadoop-ozone/integration-test/target/test-dir/MiniOzoneClusterImpl-c76e6b88-ed31-44d7-ac8c-51a305797015/datanode-4/data/ratis/6924b6a5-a559-48ae-92e3-5312536de4e5/current/log_inprogress_0
2021-05-05 15:14:12,114 [7ec8b880-4b6b-4ec3-8434-09a8711643ec@group-71F27519F4B4-FollowerState] INFO  impl.FollowerState (FollowerState.java:run(134)) - 7ec8b880-4b6b-4ec3-8434-09a8711643ec@group-71F27519F4B4-FollowerState: change to CANDIDATE, lastRpcElapsedTime:5010356993ns, electionTimeout:5010ms
2021-05-05 15:14:12,114 [7ec8b880-4b6b-4ec3-8434-09a8711643ec@group-71F27519F4B4-FollowerState] INFO  impl.RoleInfo (RoleInfo.java:shutdownFollowerState(108)) - 7ec8b880-4b6b-4ec3-8434-09a8711643ec: shutdown 7ec8b880-4b6b-4ec3-8434-09a8711643ec@group-71F27519F4B4-FollowerState
2021-05-05 15:14:12,114 [7ec8b880-4b6b-4ec3-8434-09a8711643ec@group-71F27519F4B4-FollowerState] INFO  server.RaftServer$Division (RaftServerImpl.java:setRole(284)) - 7ec8b880-4b6b-4ec3-8434-09a8711643ec@group-71F27519F4B4: changes role from  FOLLOWER to CANDIDATE at term 0 for changeToCandidate
2021-05-05 15:14:12,116 [7ec8b880-4b6b-4ec3-8434-09a8711643ec@group-71F27519F4B4-FollowerState] INFO  server.RaftServerConfigKeys (ConfUtils.java:logGet(44)) - raft.server.leaderelection.pre-vote = false (custom)
2021-05-05 15:14:12,116 [7ec8b880-4b6b-4ec3-8434-09a8711643ec@group-71F27519F4B4-FollowerState] INFO  impl.RoleInfo (RoleInfo.java:updateAndGet(130)) - 7ec8b880-4b6b-4ec3-8434-09a8711643ec: start 7ec8b880-4b6b-4ec3-8434-09a8711643ec@group-71F27519F4B4-LeaderElection89
2021-05-05 15:14:12,117 [7ec8b880-4b6b-4ec3-8434-09a8711643ec@group-71F27519F4B4-LeaderElection89] INFO  impl.LeaderElection (LeaderElection.java:askForVotes(306)) - 7ec8b880-4b6b-4ec3-8434-09a8711643ec@group-71F27519F4B4-LeaderElection89 ELECTION round 0: submit vote requests at term 1 for -1: [7ec8b880-4b6b-4ec3-8434-09a8711643ec|rpc:172.17.0.2:33093|priority:1], old=null
2021-05-05 15:14:12,117 [7ec8b880-4b6b-4ec3-8434-09a8711643ec@group-71F27519F4B4-LeaderElection89] INFO  impl.LeaderElection (LeaderElection.java:askForVotes(308)) - 7ec8b880-4b6b-4ec3-8434-09a8711643ec@group-71F27519F4B4-LeaderElection89 ELECTION round 0: result PASSED (term=1)
2021-05-05 15:14:12,117 [7ec8b880-4b6b-4ec3-8434-09a8711643ec@group-71F27519F4B4-LeaderElection89] INFO  impl.RoleInfo (RoleInfo.java:shutdownLeaderElection(121)) - 7ec8b880-4b6b-4ec3-8434-09a8711643ec: shutdown 7ec8b880-4b6b-4ec3-8434-09a8711643ec@group-71F27519F4B4-LeaderElection89
2021-05-05 15:14:12,117 [7ec8b880-4b6b-4ec3-8434-09a8711643ec@group-71F27519F4B4-LeaderElection89] INFO  server.RaftServer$Division (RaftServerImpl.java:setRole(284)) - 7ec8b880-4b6b-4ec3-8434-09a8711643ec@group-71F27519F4B4: changes role from CANDIDATE to LEADER at term 1 for changeToLeader
2021-05-05 15:14:12,117 [7ec8b880-4b6b-4ec3-8434-09a8711643ec@group-71F27519F4B4-LeaderElection89] INFO  ratis.XceiverServerRatis (XceiverServerRatis.java:handleLeaderChangedNotification(906)) - Leader change notification received for group: group-71F27519F4B4 with new leaderId: 7ec8b880-4b6b-4ec3-8434-09a8711643ec
2021-05-05 15:14:12,118 [7ec8b880-4b6b-4ec3-8434-09a8711643ec@group-71F27519F4B4-LeaderElection89] INFO  server.RaftServer$Division (ServerState.java:setLeader(271)) - 7ec8b880-4b6b-4ec3-8434-09a8711643ec@group-71F27519F4B4: change Leader from null to 7ec8b880-4b6b-4ec3-8434-09a8711643ec at term 1 for becomeLeader, leader elected after 5023ms
2021-05-05 15:14:12,118 [7ec8b880-4b6b-4ec3-8434-09a8711643ec@group-71F27519F4B4-LeaderElection89] INFO  server.RaftServerConfigKeys (ConfUtils.java:logGet(44)) - raft.server.staging.catchup.gap = 1000 (default)
2021-05-05 15:14:12,118 [7ec8b880-4b6b-4ec3-8434-09a8711643ec@group-71F27519F4B4-LeaderElection89] INFO  metrics.RatisMetrics (RatisMetrics.java:lambda$create$0(36)) - Creating Metrics Registry : ratis.log_appender.7ec8b880-4b6b-4ec3-8434-09a8711643ec@group-71F27519F4B4
2021-05-05 15:14:12,118 [7ec8b880-4b6b-4ec3-8434-09a8711643ec@group-71F27519F4B4-LeaderElection89] INFO  server.RaftServerConfigKeys (ConfUtils.java:logGet(44)) - raft.server.write.element-limit = 1024 (custom)
2021-05-05 15:14:12,118 [7ec8b880-4b6b-4ec3-8434-09a8711643ec@group-71F27519F4B4-LeaderElection89] INFO  server.RaftServerConfigKeys (ConfUtils.java:logGet(44)) - raft.server.write.byte-limit = 1073741824 (custom)
2021-05-05 15:14:12,119 [7ec8b880-4b6b-4ec3-8434-09a8711643ec@group-71F27519F4B4-LeaderElection89] INFO  server.RaftServerConfigKeys (ConfUtils.java:logGet(44)) - raft.server.watch.timeout = 3000ms (custom)
2021-05-05 15:14:12,119 [7ec8b880-4b6b-4ec3-8434-09a8711643ec@group-71F27519F4B4-LeaderElection89] INFO  server.RaftServerConfigKeys (ConfUtils.java:logGet(44)) - raft.server.watch.timeout.denomination = 1s (default)
2021-05-05 15:14:12,119 [7ec8b880-4b6b-4ec3-8434-09a8711643ec@group-71F27519F4B4-LeaderElection89] INFO  server.RaftServerConfigKeys (ConfUtils.java:logGet(44)) - raft.server.watch.element-limit = 65536 (default)
2021-05-05 15:14:12,119 [7ec8b880-4b6b-4ec3-8434-09a8711643ec@group-71F27519F4B4-LeaderElection89] INFO  impl.RoleInfo (RoleInfo.java:updateAndGet(130)) - 7ec8b880-4b6b-4ec3-8434-09a8711643ec: start 7ec8b880-4b6b-4ec3-8434-09a8711643ec@group-71F27519F4B4-LeaderStateImpl
2021-05-05 15:14:12,120 [7ec8b880-4b6b-4ec3-8434-09a8711643ec@group-71F27519F4B4-LeaderElection89] INFO  segmented.SegmentedRaftLogWorker (SegmentedRaftLogWorker.java:startLogSegment(394)) - 7ec8b880-4b6b-4ec3-8434-09a8711643ec@group-71F27519F4B4-SegmentedRaftLogWorker: Starting segment from index:0
2021-05-05 15:14:12,121 [7ec8b880-4b6b-4ec3-8434-09a8711643ec@group-71F27519F4B4-SegmentedRaftLogWorker] INFO  segmented.SegmentedRaftLogWorker (SegmentedRaftLogWorker.java:execute(601)) - 7ec8b880-4b6b-4ec3-8434-09a8711643ec@group-71F27519F4B4-SegmentedRaftLogWorker: created new log segment /github/workspace/mnt/ozone/hadoop-ozone/integration-test/target/test-dir/MiniOzoneClusterImpl-c76e6b88-ed31-44d7-ac8c-51a305797015/datanode-5/data/ratis/1ce5c1af-807b-488f-92e4-71f27519f4b4/current/log_inprogress_0
2021-05-05 15:14:12,122 [7ec8b880-4b6b-4ec3-8434-09a8711643ec@group-71F27519F4B4-LeaderElection89] INFO  server.RaftServer$Division (ServerState.java:setRaftConf(373)) - 7ec8b880-4b6b-4ec3-8434-09a8711643ec@group-71F27519F4B4: set configuration 0: [7ec8b880-4b6b-4ec3-8434-09a8711643ec|rpc:172.17.0.2:33093|dataStream:|priority:1], old=null
2021-05-05 15:14:12,497 [84f014eb-0543-4c23-a581-806bb6567559@group-1BEDC8ED2755-FollowerState] INFO  impl.FollowerState (FollowerState.java:run(134)) - 84f014eb-0543-4c23-a581-806bb6567559@group-1BEDC8ED2755-FollowerState: change to CANDIDATE, lastRpcElapsedTime:5120318603ns, electionTimeout:5120ms
2021-05-05 15:14:12,497 [84f014eb-0543-4c23-a581-806bb6567559@group-1BEDC8ED2755-FollowerState] INFO  impl.RoleInfo (RoleInfo.java:shutdownFollowerState(108)) - 84f014eb-0543-4c23-a581-806bb6567559: shutdown 84f014eb-0543-4c23-a581-806bb6567559@group-1BEDC8ED2755-FollowerState
2021-05-05 15:14:12,497 [84f014eb-0543-4c23-a581-806bb6567559@group-1BEDC8ED2755-FollowerState] INFO  server.RaftServer$Division (RaftServerImpl.java:setRole(284)) - 84f014eb-0543-4c23-a581-806bb6567559@group-1BEDC8ED2755: changes role from  FOLLOWER to CANDIDATE at term 0 for changeToCandidate
2021-05-05 15:14:12,499 [84f014eb-0543-4c23-a581-806bb6567559@group-1BEDC8ED2755-FollowerState] INFO  server.RaftServerConfigKeys (ConfUtils.java:logGet(44)) - raft.server.leaderelection.pre-vote = false (custom)
2021-05-05 15:14:12,499 [84f014eb-0543-4c23-a581-806bb6567559@group-1BEDC8ED2755-FollowerState] INFO  impl.RoleInfo (RoleInfo.java:updateAndGet(130)) - 84f014eb-0543-4c23-a581-806bb6567559: start 84f014eb-0543-4c23-a581-806bb6567559@group-1BEDC8ED2755-LeaderElection90
2021-05-05 15:14:12,500 [84f014eb-0543-4c23-a581-806bb6567559@group-1BEDC8ED2755-LeaderElection90] INFO  impl.LeaderElection (LeaderElection.java:askForVotes(306)) - 84f014eb-0543-4c23-a581-806bb6567559@group-1BEDC8ED2755-LeaderElection90 ELECTION round 0: submit vote requests at term 1 for -1: [3aae9554-9ce2-4940-80df-bab76ceffe99|rpc:172.17.0.2:40809|dataStream:|priority:0, ba91ce60-c1e0-470b-8f12-0816737cfb30|rpc:172.17.0.2:37935|dataStream:|priority:1, 84f014eb-0543-4c23-a581-806bb6567559|rpc:172.17.0.2:43113|dataStream:|priority:0], old=null
2021-05-05 15:14:12,501 [3aae9554-9ce2-4940-80df-bab76ceffe99@group-1C435D73CD00-FollowerState] INFO  impl.FollowerState (FollowerState.java:run(134)) - 3aae9554-9ce2-4940-80df-bab76ceffe99@group-1C435D73CD00-FollowerState: change to CANDIDATE, lastRpcElapsedTime:5171312722ns, electionTimeout:5171ms
2021-05-05 15:14:12,502 [3aae9554-9ce2-4940-80df-bab76ceffe99@group-1C435D73CD00-FollowerState] INFO  impl.RoleInfo (RoleInfo.java:shutdownFollowerState(108)) - 3aae9554-9ce2-4940-80df-bab76ceffe99: shutdown 3aae9554-9ce2-4940-80df-bab76ceffe99@group-1C435D73CD00-FollowerState
2021-05-05 15:14:12,502 [3aae9554-9ce2-4940-80df-bab76ceffe99@group-1C435D73CD00-FollowerState] INFO  server.RaftServer$Division (RaftServerImpl.java:setRole(284)) - 3aae9554-9ce2-4940-80df-bab76ceffe99@group-1C435D73CD00: changes role from  FOLLOWER to CANDIDATE at term 0 for changeToCandidate
2021-05-05 15:14:12,502 [3aae9554-9ce2-4940-80df-bab76ceffe99@group-1C435D73CD00-FollowerState] INFO  server.RaftServerConfigKeys (ConfUtils.java:logGet(44)) - raft.server.leaderelection.pre-vote = false (custom)
2021-05-05 15:14:12,502 [3aae9554-9ce2-4940-80df-bab76ceffe99@group-1C435D73CD00-FollowerState] INFO  impl.RoleInfo (RoleInfo.java:updateAndGet(130)) - 3aae9554-9ce2-4940-80df-bab76ceffe99: start 3aae9554-9ce2-4940-80df-bab76ceffe99@group-1C435D73CD00-LeaderElection91
2021-05-05 15:14:12,506 [grpc-default-executor-1] INFO  metrics.RatisMetrics (RatisMetrics.java:lambda$create$0(36)) - Creating Metrics Registry : ratis.server_message_metrics.3aae9554-9ce2-4940-80df-bab76ceffe99
2021-05-05 15:14:12,507 [grpc-default-executor-1] INFO  server.RaftServer$Division (RaftServerImpl.java:requestVote(1042)) - 3aae9554-9ce2-4940-80df-bab76ceffe99@group-1BEDC8ED2755: receive requestVote(ELECTION, 84f014eb-0543-4c23-a581-806bb6567559, group-1BEDC8ED2755, 1, (t:0, i:0))
2021-05-05 15:14:12,507 [grpc-default-executor-1] INFO  impl.VoteContext (VoteContext.java:log(48)) - 3aae9554-9ce2-4940-80df-bab76ceffe99@group-1BEDC8ED2755-FOLLOWER: accept ELECTION from 84f014eb-0543-4c23-a581-806bb6567559: our priority 0 <= candidate's priority 0
2021-05-05 15:14:12,507 [grpc-default-executor-1] INFO  server.RaftServer$Division (RaftServerImpl.java:setRole(284)) - 3aae9554-9ce2-4940-80df-bab76ceffe99@group-1BEDC8ED2755: changes role from  FOLLOWER to FOLLOWER at term 1 for candidate:84f014eb-0543-4c23-a581-806bb6567559
2021-05-05 15:14:12,507 [grpc-default-executor-1] INFO  impl.RoleInfo (RoleInfo.java:shutdownFollowerState(108)) - 3aae9554-9ce2-4940-80df-bab76ceffe99: shutdown 3aae9554-9ce2-4940-80df-bab76ceffe99@group-1BEDC8ED2755-FollowerState
2021-05-05 15:14:12,507 [grpc-default-executor-1] INFO  impl.RoleInfo (RoleInfo.java:updateAndGet(130)) - 3aae9554-9ce2-4940-80df-bab76ceffe99: start 3aae9554-9ce2-4940-80df-bab76ceffe99@group-1BEDC8ED2755-FollowerState
2021-05-05 15:14:12,507 [3aae9554-9ce2-4940-80df-bab76ceffe99@group-1BEDC8ED2755-FollowerState] INFO  impl.FollowerState (FollowerState.java:run(143)) - 3aae9554-9ce2-4940-80df-bab76ceffe99@group-1BEDC8ED2755-FollowerState was interrupted: {}
java.lang.InterruptedException: sleep interrupted
	at java.lang.Thread.sleep(Native Method)
	at java.lang.Thread.sleep(Thread.java:340)
	at java.util.concurrent.TimeUnit.sleep(TimeUnit.java:386)
	at org.apache.ratis.util.TimeDuration.sleep(TimeDuration.java:324)
	at org.apache.ratis.util.TimeDuration.sleep(TimeDuration.java:309)
	at org.apache.ratis.server.impl.FollowerState.run(FollowerState.java:118)
2021-05-05 15:14:12,510 [grpc-default-executor-1] INFO  server.RaftServer$Division (RaftServerImpl.java:requestVote(1074)) - 3aae9554-9ce2-4940-80df-bab76ceffe99@group-1BEDC8ED2755 replies to ELECTION vote request: 84f014eb-0543-4c23-a581-806bb6567559<-3aae9554-9ce2-4940-80df-bab76ceffe99#0:OK-t1. Peer's state: 3aae9554-9ce2-4940-80df-bab76ceffe99@group-1BEDC8ED2755:t1, leader=null, voted=84f014eb-0543-4c23-a581-806bb6567559, raftlog=3aae9554-9ce2-4940-80df-bab76ceffe99@group-1BEDC8ED2755-SegmentedRaftLog:OPENED:c-1,f-1,i0, conf=-1: [3aae9554-9ce2-4940-80df-bab76ceffe99|rpc:172.17.0.2:40809|priority:0, ba91ce60-c1e0-470b-8f12-0816737cfb30|rpc:172.17.0.2:37935|priority:1, 84f014eb-0543-4c23-a581-806bb6567559|rpc:172.17.0.2:43113|priority:0], old=null
2021-05-05 15:14:12,512 [3aae9554-9ce2-4940-80df-bab76ceffe99@group-1C435D73CD00-LeaderElection91] INFO  impl.LeaderElection (LeaderElection.java:askForVotes(306)) - 3aae9554-9ce2-4940-80df-bab76ceffe99@group-1C435D73CD00-LeaderElection91 ELECTION round 0: submit vote requests at term 1 for -1: [3aae9554-9ce2-4940-80df-bab76ceffe99|rpc:172.17.0.2:40809|priority:1], old=null
2021-05-05 15:14:12,512 [3aae9554-9ce2-4940-80df-bab76ceffe99@group-1C435D73CD00-LeaderElection91] INFO  impl.LeaderElection (LeaderElection.java:askForVotes(308)) - 3aae9554-9ce2-4940-80df-bab76ceffe99@group-1C435D73CD00-LeaderElection91 ELECTION round 0: result PASSED (term=1)
2021-05-05 15:14:12,512 [3aae9554-9ce2-4940-80df-bab76ceffe99@group-1C435D73CD00-LeaderElection91] INFO  impl.RoleInfo (RoleInfo.java:shutdownLeaderElection(121)) - 3aae9554-9ce2-4940-80df-bab76ceffe99: shutdown 3aae9554-9ce2-4940-80df-bab76ceffe99@group-1C435D73CD00-LeaderElection91
2021-05-05 15:14:12,512 [3aae9554-9ce2-4940-80df-bab76ceffe99@group-1C435D73CD00-LeaderElection91] INFO  server.RaftServer$Division (RaftServerImpl.java:setRole(284)) - 3aae9554-9ce2-4940-80df-bab76ceffe99@group-1C435D73CD00: changes role from CANDIDATE to LEADER at term 1 for changeToLeader
2021-05-05 15:14:12,512 [3aae9554-9ce2-4940-80df-bab76ceffe99@group-1C435D73CD00-LeaderElection91] INFO  ratis.XceiverServerRatis (XceiverServerRatis.java:handleLeaderChangedNotification(906)) - Leader change notification received for group: group-1C435D73CD00 with new leaderId: 3aae9554-9ce2-4940-80df-bab76ceffe99
2021-05-05 15:14:12,512 [3aae9554-9ce2-4940-80df-bab76ceffe99@group-1C435D73CD00-LeaderElection91] INFO  server.RaftServer$Division (ServerState.java:setLeader(271)) - 3aae9554-9ce2-4940-80df-bab76ceffe99@group-1C435D73CD00: change Leader from null to 3aae9554-9ce2-4940-80df-bab76ceffe99 at term 1 for becomeLeader, leader elected after 5190ms
2021-05-05 15:14:12,512 [3aae9554-9ce2-4940-80df-bab76ceffe99@group-1C435D73CD00-LeaderElection91] INFO  server.RaftServerConfigKeys (ConfUtils.java:logGet(44)) - raft.server.staging.catchup.gap = 1000 (default)
2021-05-05 15:14:12,514 [3aae9554-9ce2-4940-80df-bab76ceffe99@group-1C435D73CD00-LeaderElection91] INFO  metrics.RatisMetrics (RatisMetrics.java:lambda$create$0(36)) - Creating Metrics Registry : ratis.log_appender.3aae9554-9ce2-4940-80df-bab76ceffe99@group-1C435D73CD00
2021-05-05 15:14:12,514 [3aae9554-9ce2-4940-80df-bab76ceffe99@group-1C435D73CD00-LeaderElection91] INFO  server.RaftServerConfigKeys (ConfUtils.java:logGet(44)) - raft.server.write.element-limit = 1024 (custom)
2021-05-05 15:14:12,514 [3aae9554-9ce2-4940-80df-bab76ceffe99@group-1C435D73CD00-LeaderElection91] INFO  server.RaftServerConfigKeys (ConfUtils.java:logGet(44)) - raft.server.write.byte-limit = 1073741824 (custom)
2021-05-05 15:14:12,515 [3aae9554-9ce2-4940-80df-bab76ceffe99@group-1C435D73CD00-LeaderElection91] INFO  server.RaftServerConfigKeys (ConfUtils.java:logGet(44)) - raft.server.watch.timeout = 3000ms (custom)
2021-05-05 15:14:12,515 [3aae9554-9ce2-4940-80df-bab76ceffe99@group-1C435D73CD00-LeaderElection91] INFO  server.RaftServerConfigKeys (ConfUtils.java:logGet(44)) - raft.server.watch.timeout.denomination = 1s (default)
2021-05-05 15:14:12,515 [3aae9554-9ce2-4940-80df-bab76ceffe99@group-1C435D73CD00-LeaderElection91] INFO  server.RaftServerConfigKeys (ConfUtils.java:logGet(44)) - raft.server.watch.element-limit = 65536 (default)
2021-05-05 15:14:12,515 [3aae9554-9ce2-4940-80df-bab76ceffe99@group-1C435D73CD00-LeaderElection91] INFO  impl.RoleInfo (RoleInfo.java:updateAndGet(130)) - 3aae9554-9ce2-4940-80df-bab76ceffe99: start 3aae9554-9ce2-4940-80df-bab76ceffe99@group-1C435D73CD00-LeaderStateImpl
2021-05-05 15:14:12,515 [3aae9554-9ce2-4940-80df-bab76ceffe99@group-1C435D73CD00-LeaderElection91] INFO  segmented.SegmentedRaftLogWorker (SegmentedRaftLogWorker.java:startLogSegment(394)) - 3aae9554-9ce2-4940-80df-bab76ceffe99@group-1C435D73CD00-SegmentedRaftLogWorker: Starting segment from index:0
2021-05-05 15:14:12,514 [grpc-default-executor-1] INFO  server.RaftServer$Division (RaftServerImpl.java:requestVote(1042)) - ba91ce60-c1e0-470b-8f12-0816737cfb30@group-1BEDC8ED2755: receive requestVote(ELECTION, 84f014eb-0543-4c23-a581-806bb6567559, group-1BEDC8ED2755, 1, (t:0, i:0))
2021-05-05 15:14:12,515 [grpc-default-executor-1] INFO  impl.VoteContext (VoteContext.java:log(48)) - ba91ce60-c1e0-470b-8f12-0816737cfb30@group-1BEDC8ED2755-FOLLOWER: reject ELECTION from 84f014eb-0543-4c23-a581-806bb6567559: our priority 1 > candidate's priority 0
2021-05-05 15:14:12,516 [grpc-default-executor-1] INFO  server.RaftServer$Division (RaftServerImpl.java:setRole(284)) - ba91ce60-c1e0-470b-8f12-0816737cfb30@group-1BEDC8ED2755: changes role from  FOLLOWER to FOLLOWER at term 1 for candidate:84f014eb-0543-4c23-a581-806bb6567559
2021-05-05 15:14:12,516 [grpc-default-executor-1] INFO  impl.RoleInfo (RoleInfo.java:shutdownFollowerState(108)) - ba91ce60-c1e0-470b-8f12-0816737cfb30: shutdown ba91ce60-c1e0-470b-8f12-0816737cfb30@group-1BEDC8ED2755-FollowerState
2021-05-05 15:14:12,516 [grpc-default-executor-1] INFO  impl.RoleInfo (RoleInfo.java:updateAndGet(130)) - ba91ce60-c1e0-470b-8f12-0816737cfb30: start ba91ce60-c1e0-470b-8f12-0816737cfb30@group-1BEDC8ED2755-FollowerState
2021-05-05 15:14:12,516 [ba91ce60-c1e0-470b-8f12-0816737cfb30@group-1BEDC8ED2755-FollowerState] INFO  impl.FollowerState (FollowerState.java:run(143)) - ba91ce60-c1e0-470b-8f12-0816737cfb30@group-1BEDC8ED2755-FollowerState was interrupted: {}
java.lang.InterruptedException: sleep interrupted
	at java.lang.Thread.sleep(Native Method)
	at java.lang.Thread.sleep(Thread.java:340)
	at java.util.concurrent.TimeUnit.sleep(TimeUnit.java:386)
	at org.apache.ratis.util.TimeDuration.sleep(TimeDuration.java:324)
	at org.apache.ratis.util.TimeDuration.sleep(TimeDuration.java:309)
	at org.apache.ratis.server.impl.FollowerState.run(FollowerState.java:118)
2021-05-05 15:14:12,517 [3aae9554-9ce2-4940-80df-bab76ceffe99@group-1C435D73CD00-SegmentedRaftLogWorker] INFO  segmented.SegmentedRaftLogWorker (SegmentedRaftLogWorker.java:execute(601)) - 3aae9554-9ce2-4940-80df-bab76ceffe99@group-1C435D73CD00-SegmentedRaftLogWorker: created new log segment /github/workspace/mnt/ozone/hadoop-ozone/integration-test/target/test-dir/MiniOzoneClusterImpl-c76e6b88-ed31-44d7-ac8c-51a305797015/datanode-6/data/ratis/330bab0d-bc3e-47dd-bc50-1c435d73cd00/current/log_inprogress_0
2021-05-05 15:14:12,520 [grpc-default-executor-1] INFO  server.RaftServer$Division (RaftServerImpl.java:requestVote(1074)) - ba91ce60-c1e0-470b-8f12-0816737cfb30@group-1BEDC8ED2755 replies to ELECTION vote request: 84f014eb-0543-4c23-a581-806bb6567559<-ba91ce60-c1e0-470b-8f12-0816737cfb30#0:FAIL-t1. Peer's state: ba91ce60-c1e0-470b-8f12-0816737cfb30@group-1BEDC8ED2755:t1, leader=null, voted=null, raftlog=ba91ce60-c1e0-470b-8f12-0816737cfb30@group-1BEDC8ED2755-SegmentedRaftLog:OPENED:c-1,f-1,i0, conf=-1: [3aae9554-9ce2-4940-80df-bab76ceffe99|rpc:172.17.0.2:40809|dataStream:|priority:0, ba91ce60-c1e0-470b-8f12-0816737cfb30|rpc:172.17.0.2:37935|dataStream:|priority:1, 84f014eb-0543-4c23-a581-806bb6567559|rpc:172.17.0.2:43113|dataStream:|priority:0], old=null
2021-05-05 15:14:12,528 [84f014eb-0543-4c23-a581-806bb6567559@group-1BEDC8ED2755-LeaderElection90] INFO  impl.LeaderElection (LeaderElection.java:logAndReturn(89)) - 84f014eb-0543-4c23-a581-806bb6567559@group-1BEDC8ED2755-LeaderElection90: ELECTION REJECTED received 2 response(s) and 0 exception(s):
2021-05-05 15:14:12,528 [3aae9554-9ce2-4940-80df-bab76ceffe99@group-1C435D73CD00-LeaderElection91] INFO  server.RaftServer$Division (ServerState.java:setRaftConf(373)) - 3aae9554-9ce2-4940-80df-bab76ceffe99@group-1C435D73CD00: set configuration 0: [3aae9554-9ce2-4940-80df-bab76ceffe99|rpc:172.17.0.2:40809|dataStream:|priority:1], old=null
2021-05-05 15:14:12,528 [84f014eb-0543-4c23-a581-806bb6567559@group-1BEDC8ED2755-LeaderElection90] INFO  impl.LeaderElection (LeaderElection.java:logAndReturn(93)) -   Response 0: 84f014eb-0543-4c23-a581-806bb6567559<-3aae9554-9ce2-4940-80df-bab76ceffe99#0:OK-t1
2021-05-05 15:14:12,528 [84f014eb-0543-4c23-a581-806bb6567559@group-1BEDC8ED2755-LeaderElection90] INFO  impl.LeaderElection (LeaderElection.java:logAndReturn(93)) -   Response 1: 84f014eb-0543-4c23-a581-806bb6567559<-ba91ce60-c1e0-470b-8f12-0816737cfb30#0:FAIL-t1
2021-05-05 15:14:12,528 [84f014eb-0543-4c23-a581-806bb6567559@group-1BEDC8ED2755-LeaderElection90] INFO  impl.LeaderElection (LeaderElection.java:askForVotes(308)) - 84f014eb-0543-4c23-a581-806bb6567559@group-1BEDC8ED2755-LeaderElection90 ELECTION round 0: result REJECTED
2021-05-05 15:14:12,528 [84f014eb-0543-4c23-a581-806bb6567559@group-1BEDC8ED2755-LeaderElection90] INFO  server.RaftServer$Division (RaftServerImpl.java:setRole(284)) - 84f014eb-0543-4c23-a581-806bb6567559@group-1BEDC8ED2755: changes role from CANDIDATE to FOLLOWER at term 1 for REJECTED
2021-05-05 15:14:12,528 [84f014eb-0543-4c23-a581-806bb6567559@group-1BEDC8ED2755-LeaderElection90] INFO  impl.RoleInfo (RoleInfo.java:shutdownLeaderElection(121)) - 84f014eb-0543-4c23-a581-806bb6567559: shutdown 84f014eb-0543-4c23-a581-806bb6567559@group-1BEDC8ED2755-LeaderElection90
2021-05-05 15:14:12,529 [84f014eb-0543-4c23-a581-806bb6567559@group-1BEDC8ED2755-LeaderElection90] INFO  impl.RoleInfo (RoleInfo.java:updateAndGet(130)) - 84f014eb-0543-4c23-a581-806bb6567559: start 84f014eb-0543-4c23-a581-806bb6567559@group-1BEDC8ED2755-FollowerState
2021-05-05 15:14:12,579 [ba91ce60-c1e0-470b-8f12-0816737cfb30@group-C60ED51E1479-FollowerState] INFO  impl.FollowerState (FollowerState.java:run(134)) - ba91ce60-c1e0-470b-8f12-0816737cfb30@group-C60ED51E1479-FollowerState: change to CANDIDATE, lastRpcElapsedTime:5041503883ns, electionTimeout:5041ms
2021-05-05 15:14:12,579 [ba91ce60-c1e0-470b-8f12-0816737cfb30@group-C60ED51E1479-FollowerState] INFO  impl.RoleInfo (RoleInfo.java:shutdownFollowerState(108)) - ba91ce60-c1e0-470b-8f12-0816737cfb30: shutdown ba91ce60-c1e0-470b-8f12-0816737cfb30@group-C60ED51E1479-FollowerState
2021-05-05 15:14:12,579 [ba91ce60-c1e0-470b-8f12-0816737cfb30@group-C60ED51E1479-FollowerState] INFO  server.RaftServer$Division (RaftServerImpl.java:setRole(284)) - ba91ce60-c1e0-470b-8f12-0816737cfb30@group-C60ED51E1479: changes role from  FOLLOWER to CANDIDATE at term 0 for changeToCandidate
2021-05-05 15:14:12,580 [ba91ce60-c1e0-470b-8f12-0816737cfb30@group-C60ED51E1479-FollowerState] INFO  server.RaftServerConfigKeys (ConfUtils.java:logGet(44)) - raft.server.leaderelection.pre-vote = false (custom)
2021-05-05 15:14:12,580 [ba91ce60-c1e0-470b-8f12-0816737cfb30@group-C60ED51E1479-FollowerState] INFO  impl.RoleInfo (RoleInfo.java:updateAndGet(130)) - ba91ce60-c1e0-470b-8f12-0816737cfb30: start ba91ce60-c1e0-470b-8f12-0816737cfb30@group-C60ED51E1479-LeaderElection92
2021-05-05 15:14:12,582 [ba91ce60-c1e0-470b-8f12-0816737cfb30@group-C60ED51E1479-LeaderElection92] INFO  impl.LeaderElection (LeaderElection.java:askForVotes(306)) - ba91ce60-c1e0-470b-8f12-0816737cfb30@group-C60ED51E1479-LeaderElection92 ELECTION round 0: submit vote requests at term 1 for -1: [ba91ce60-c1e0-470b-8f12-0816737cfb30|rpc:172.17.0.2:37935|priority:1], old=null
2021-05-05 15:14:12,582 [ba91ce60-c1e0-470b-8f12-0816737cfb30@group-C60ED51E1479-LeaderElection92] INFO  impl.LeaderElection (LeaderElection.java:askForVotes(308)) - ba91ce60-c1e0-470b-8f12-0816737cfb30@group-C60ED51E1479-LeaderElection92 ELECTION round 0: result PASSED (term=1)
2021-05-05 15:14:12,582 [ba91ce60-c1e0-470b-8f12-0816737cfb30@group-C60ED51E1479-LeaderElection92] INFO  impl.RoleInfo (RoleInfo.java:shutdownLeaderElection(121)) - ba91ce60-c1e0-470b-8f12-0816737cfb30: shutdown ba91ce60-c1e0-470b-8f12-0816737cfb30@group-C60ED51E1479-LeaderElection92
2021-05-05 15:14:12,582 [ba91ce60-c1e0-470b-8f12-0816737cfb30@group-C60ED51E1479-LeaderElection92] INFO  server.RaftServer$Division (RaftServerImpl.java:setRole(284)) - ba91ce60-c1e0-470b-8f12-0816737cfb30@group-C60ED51E1479: changes role from CANDIDATE to LEADER at term 1 for changeToLeader
2021-05-05 15:14:12,582 [ba91ce60-c1e0-470b-8f12-0816737cfb30@group-C60ED51E1479-LeaderElection92] INFO  ratis.XceiverServerRatis (XceiverServerRatis.java:handleLeaderChangedNotification(906)) - Leader change notification received for group: group-C60ED51E1479 with new leaderId: ba91ce60-c1e0-470b-8f12-0816737cfb30
2021-05-05 15:14:12,582 [ba91ce60-c1e0-470b-8f12-0816737cfb30@group-C60ED51E1479-LeaderElection92] INFO  server.RaftServer$Division (ServerState.java:setLeader(271)) - ba91ce60-c1e0-470b-8f12-0816737cfb30@group-C60ED51E1479: change Leader from null to ba91ce60-c1e0-470b-8f12-0816737cfb30 at term 1 for becomeLeader, leader elected after 5052ms
2021-05-05 15:14:12,582 [ba91ce60-c1e0-470b-8f12-0816737cfb30@group-C60ED51E1479-LeaderElection92] INFO  server.RaftServerConfigKeys (ConfUtils.java:logGet(44)) - raft.server.staging.catchup.gap = 1000 (default)
2021-05-05 15:14:12,582 [ba91ce60-c1e0-470b-8f12-0816737cfb30@group-C60ED51E1479-LeaderElection92] INFO  metrics.RatisMetrics (RatisMetrics.java:lambda$create$0(36)) - Creating Metrics Registry : ratis.log_appender.ba91ce60-c1e0-470b-8f12-0816737cfb30@group-C60ED51E1479
2021-05-05 15:14:12,583 [ba91ce60-c1e0-470b-8f12-0816737cfb30@group-C60ED51E1479-LeaderElection92] INFO  server.RaftServerConfigKeys (ConfUtils.java:logGet(44)) - raft.server.write.element-limit = 1024 (custom)
2021-05-05 15:14:12,583 [ba91ce60-c1e0-470b-8f12-0816737cfb30@group-C60ED51E1479-LeaderElection92] INFO  server.RaftServerConfigKeys (ConfUtils.java:logGet(44)) - raft.server.write.byte-limit = 1073741824 (custom)
2021-05-05 15:14:12,583 [ba91ce60-c1e0-470b-8f12-0816737cfb30@group-C60ED51E1479-LeaderElection92] INFO  server.RaftServerConfigKeys (ConfUtils.java:logGet(44)) - raft.server.watch.timeout = 3000ms (custom)
2021-05-05 15:14:12,583 [ba91ce60-c1e0-470b-8f12-0816737cfb30@group-C60ED51E1479-LeaderElection92] INFO  server.RaftServerConfigKeys (ConfUtils.java:logGet(44)) - raft.server.watch.timeout.denomination = 1s (default)
2021-05-05 15:14:12,584 [ba91ce60-c1e0-470b-8f12-0816737cfb30@group-C60ED51E1479-LeaderElection92] INFO  server.RaftServerConfigKeys (ConfUtils.java:logGet(44)) - raft.server.watch.element-limit = 65536 (default)
2021-05-05 15:14:12,585 [ba91ce60-c1e0-470b-8f12-0816737cfb30@group-C60ED51E1479-LeaderElection92] INFO  impl.RoleInfo (RoleInfo.java:updateAndGet(130)) - ba91ce60-c1e0-470b-8f12-0816737cfb30: start ba91ce60-c1e0-470b-8f12-0816737cfb30@group-C60ED51E1479-LeaderStateImpl
2021-05-05 15:14:12,585 [ba91ce60-c1e0-470b-8f12-0816737cfb30@group-C60ED51E1479-LeaderElection92] INFO  segmented.SegmentedRaftLogWorker (SegmentedRaftLogWorker.java:startLogSegment(394)) - ba91ce60-c1e0-470b-8f12-0816737cfb30@group-C60ED51E1479-SegmentedRaftLogWorker: Starting segment from index:0
2021-05-05 15:14:12,586 [ba91ce60-c1e0-470b-8f12-0816737cfb30@group-C60ED51E1479-LeaderElection92] INFO  server.RaftServer$Division (ServerState.java:setRaftConf(373)) - ba91ce60-c1e0-470b-8f12-0816737cfb30@group-C60ED51E1479: set configuration 0: [ba91ce60-c1e0-470b-8f12-0816737cfb30|rpc:172.17.0.2:37935|dataStream:|priority:1], old=null
2021-05-05 15:14:12,587 [ba91ce60-c1e0-470b-8f12-0816737cfb30@group-C60ED51E1479-SegmentedRaftLogWorker] INFO  segmented.SegmentedRaftLogWorker (SegmentedRaftLogWorker.java:execute(601)) - ba91ce60-c1e0-470b-8f12-0816737cfb30@group-C60ED51E1479-SegmentedRaftLogWorker: created new log segment /github/workspace/mnt/ozone/hadoop-ozone/integration-test/target/test-dir/MiniOzoneClusterImpl-c76e6b88-ed31-44d7-ac8c-51a305797015/datanode-7/data/ratis/b0fc7138-dfef-4860-a2a3-c60ed51e1479/current/log_inprogress_0
2021-05-05 15:14:12,948 [84f014eb-0543-4c23-a581-806bb6567559@group-C2DE9598CDD8-FollowerState] INFO  impl.FollowerState (FollowerState.java:run(134)) - 84f014eb-0543-4c23-a581-806bb6567559@group-C2DE9598CDD8-FollowerState: change to CANDIDATE, lastRpcElapsedTime:5131349362ns, electionTimeout:5131ms
2021-05-05 15:14:12,948 [84f014eb-0543-4c23-a581-806bb6567559@group-C2DE9598CDD8-FollowerState] INFO  impl.RoleInfo (RoleInfo.java:shutdownFollowerState(108)) - 84f014eb-0543-4c23-a581-806bb6567559: shutdown 84f014eb-0543-4c23-a581-806bb6567559@group-C2DE9598CDD8-FollowerState
2021-05-05 15:14:12,948 [84f014eb-0543-4c23-a581-806bb6567559@group-C2DE9598CDD8-FollowerState] INFO  server.RaftServer$Division (RaftServerImpl.java:setRole(284)) - 84f014eb-0543-4c23-a581-806bb6567559@group-C2DE9598CDD8: changes role from  FOLLOWER to CANDIDATE at term 0 for changeToCandidate
2021-05-05 15:14:12,948 [84f014eb-0543-4c23-a581-806bb6567559@group-C2DE9598CDD8-FollowerState] INFO  server.RaftServerConfigKeys (ConfUtils.java:logGet(44)) - raft.server.leaderelection.pre-vote = false (custom)
2021-05-05 15:14:12,948 [84f014eb-0543-4c23-a581-806bb6567559@group-C2DE9598CDD8-FollowerState] INFO  impl.RoleInfo (RoleInfo.java:updateAndGet(130)) - 84f014eb-0543-4c23-a581-806bb6567559: start 84f014eb-0543-4c23-a581-806bb6567559@group-C2DE9598CDD8-LeaderElection93
2021-05-05 15:14:12,951 [84f014eb-0543-4c23-a581-806bb6567559@group-C2DE9598CDD8-LeaderElection93] INFO  impl.LeaderElection (LeaderElection.java:askForVotes(306)) - 84f014eb-0543-4c23-a581-806bb6567559@group-C2DE9598CDD8-LeaderElection93 ELECTION round 0: submit vote requests at term 1 for -1: [84f014eb-0543-4c23-a581-806bb6567559|rpc:172.17.0.2:43113|priority:1], old=null
2021-05-05 15:14:12,951 [84f014eb-0543-4c23-a581-806bb6567559@group-C2DE9598CDD8-LeaderElection93] INFO  impl.LeaderElection (LeaderElection.java:askForVotes(308)) - 84f014eb-0543-4c23-a581-806bb6567559@group-C2DE9598CDD8-LeaderElection93 ELECTION round 0: result PASSED (term=1)
2021-05-05 15:14:12,951 [84f014eb-0543-4c23-a581-806bb6567559@group-C2DE9598CDD8-LeaderElection93] INFO  impl.RoleInfo (RoleInfo.java:shutdownLeaderElection(121)) - 84f014eb-0543-4c23-a581-806bb6567559: shutdown 84f014eb-0543-4c23-a581-806bb6567559@group-C2DE9598CDD8-LeaderElection93
2021-05-05 15:14:12,951 [84f014eb-0543-4c23-a581-806bb6567559@group-C2DE9598CDD8-LeaderElection93] INFO  server.RaftServer$Division (RaftServerImpl.java:setRole(284)) - 84f014eb-0543-4c23-a581-806bb6567559@group-C2DE9598CDD8: changes role from CANDIDATE to LEADER at term 1 for changeToLeader
2021-05-05 15:14:12,951 [84f014eb-0543-4c23-a581-806bb6567559@group-C2DE9598CDD8-LeaderElection93] INFO  ratis.XceiverServerRatis (XceiverServerRatis.java:handleLeaderChangedNotification(906)) - Leader change notification received for group: group-C2DE9598CDD8 with new leaderId: 84f014eb-0543-4c23-a581-806bb6567559
2021-05-05 15:14:12,951 [84f014eb-0543-4c23-a581-806bb6567559@group-C2DE9598CDD8-LeaderElection93] INFO  server.RaftServer$Division (ServerState.java:setLeader(271)) - 84f014eb-0543-4c23-a581-806bb6567559@group-C2DE9598CDD8: change Leader from null to 84f014eb-0543-4c23-a581-806bb6567559 at term 1 for becomeLeader, leader elected after 5143ms
2021-05-05 15:14:12,951 [84f014eb-0543-4c23-a581-806bb6567559@group-C2DE9598CDD8-LeaderElection93] INFO  server.RaftServerConfigKeys (ConfUtils.java:logGet(44)) - raft.server.staging.catchup.gap = 1000 (default)
2021-05-05 15:14:12,951 [84f014eb-0543-4c23-a581-806bb6567559@group-C2DE9598CDD8-LeaderElection93] INFO  metrics.RatisMetrics (RatisMetrics.java:lambda$create$0(36)) - Creating Metrics Registry : ratis.log_appender.84f014eb-0543-4c23-a581-806bb6567559@group-C2DE9598CDD8
2021-05-05 15:14:12,952 [84f014eb-0543-4c23-a581-806bb6567559@group-C2DE9598CDD8-LeaderElection93] INFO  server.RaftServerConfigKeys (ConfUtils.java:logGet(44)) - raft.server.write.element-limit = 1024 (custom)
2021-05-05 15:14:12,952 [84f014eb-0543-4c23-a581-806bb6567559@group-C2DE9598CDD8-LeaderElection93] INFO  server.RaftServerConfigKeys (ConfUtils.java:logGet(44)) - raft.server.write.byte-limit = 1073741824 (custom)
2021-05-05 15:14:12,952 [84f014eb-0543-4c23-a581-806bb6567559@group-C2DE9598CDD8-LeaderElection93] INFO  server.RaftServerConfigKeys (ConfUtils.java:logGet(44)) - raft.server.watch.timeout = 3000ms (custom)
2021-05-05 15:14:12,952 [84f014eb-0543-4c23-a581-806bb6567559@group-C2DE9598CDD8-LeaderElection93] INFO  server.RaftServerConfigKeys (ConfUtils.java:logGet(44)) - raft.server.watch.timeout.denomination = 1s (default)
2021-05-05 15:14:12,952 [84f014eb-0543-4c23-a581-806bb6567559@group-C2DE9598CDD8-LeaderElection93] INFO  server.RaftServerConfigKeys (ConfUtils.java:logGet(44)) - raft.server.watch.element-limit = 65536 (default)
2021-05-05 15:14:12,953 [84f014eb-0543-4c23-a581-806bb6567559@group-C2DE9598CDD8-LeaderElection93] INFO  impl.RoleInfo (RoleInfo.java:updateAndGet(130)) - 84f014eb-0543-4c23-a581-806bb6567559: start 84f014eb-0543-4c23-a581-806bb6567559@group-C2DE9598CDD8-LeaderStateImpl
2021-05-05 15:14:12,953 [84f014eb-0543-4c23-a581-806bb6567559@group-C2DE9598CDD8-LeaderElection93] INFO  segmented.SegmentedRaftLogWorker (SegmentedRaftLogWorker.java:startLogSegment(394)) - 84f014eb-0543-4c23-a581-806bb6567559@group-C2DE9598CDD8-SegmentedRaftLogWorker: Starting segment from index:0
2021-05-05 15:14:12,954 [84f014eb-0543-4c23-a581-806bb6567559@group-C2DE9598CDD8-SegmentedRaftLogWorker] INFO  segmented.SegmentedRaftLogWorker (SegmentedRaftLogWorker.java:execute(601)) - 84f014eb-0543-4c23-a581-806bb6567559@group-C2DE9598CDD8-SegmentedRaftLogWorker: created new log segment /github/workspace/mnt/ozone/hadoop-ozone/integration-test/target/test-dir/MiniOzoneClusterImpl-c76e6b88-ed31-44d7-ac8c-51a305797015/datanode-8/data/ratis/ded032a8-b89c-46d0-91c7-c2de9598cdd8/current/log_inprogress_0
2021-05-05 15:14:12,956 [84f014eb-0543-4c23-a581-806bb6567559@group-C2DE9598CDD8-LeaderElection93] INFO  server.RaftServer$Division (ServerState.java:setRaftConf(373)) - 84f014eb-0543-4c23-a581-806bb6567559@group-C2DE9598CDD8: set configuration 0: [84f014eb-0543-4c23-a581-806bb6567559|rpc:172.17.0.2:43113|dataStream:|priority:1], old=null
2021-05-05 15:14:16,063 [8cc4f11c-26a9-4978-bb71-8737c51096c0@group-BFCF83161046-FollowerState] INFO  impl.FollowerState (FollowerState.java:run(134)) - 8cc4f11c-26a9-4978-bb71-8737c51096c0@group-BFCF83161046-FollowerState: change to CANDIDATE, lastRpcElapsedTime:5079222945ns, electionTimeout:5078ms
2021-05-05 15:14:16,063 [8cc4f11c-26a9-4978-bb71-8737c51096c0@group-BFCF83161046-FollowerState] INFO  impl.RoleInfo (RoleInfo.java:shutdownFollowerState(108)) - 8cc4f11c-26a9-4978-bb71-8737c51096c0: shutdown 8cc4f11c-26a9-4978-bb71-8737c51096c0@group-BFCF83161046-FollowerState
2021-05-05 15:14:16,063 [8cc4f11c-26a9-4978-bb71-8737c51096c0@group-BFCF83161046-FollowerState] INFO  server.RaftServer$Division (RaftServerImpl.java:setRole(284)) - 8cc4f11c-26a9-4978-bb71-8737c51096c0@group-BFCF83161046: changes role from  FOLLOWER to CANDIDATE at term 1 for changeToCandidate
2021-05-05 15:14:16,063 [8cc4f11c-26a9-4978-bb71-8737c51096c0@group-BFCF83161046-FollowerState] INFO  server.RaftServerConfigKeys (ConfUtils.java:logGet(44)) - raft.server.leaderelection.pre-vote = false (custom)
2021-05-05 15:14:16,063 [8cc4f11c-26a9-4978-bb71-8737c51096c0@group-BFCF83161046-FollowerState] INFO  impl.RoleInfo (RoleInfo.java:updateAndGet(130)) - 8cc4f11c-26a9-4978-bb71-8737c51096c0: start 8cc4f11c-26a9-4978-bb71-8737c51096c0@group-BFCF83161046-LeaderElection94
2021-05-05 15:14:16,065 [8cc4f11c-26a9-4978-bb71-8737c51096c0@group-BFCF83161046-LeaderElection94] INFO  impl.LeaderElection (LeaderElection.java:askForVotes(306)) - 8cc4f11c-26a9-4978-bb71-8737c51096c0@group-BFCF83161046-LeaderElection94 ELECTION round 0: submit vote requests at term 2 for -1: [a99b94f7-bcc3-419a-91d6-c5ca6fccf1ee|rpc:172.17.0.2:44371|priority:0, c9225e55-1a9d-4728-b49d-cebf6a0677b3|rpc:172.17.0.2:38287|priority:1, 8cc4f11c-26a9-4978-bb71-8737c51096c0|rpc:172.17.0.2:34407|priority:0], old=null
2021-05-05 15:14:16,067 [grpc-default-executor-1] INFO  server.RaftServer$Division (RaftServerImpl.java:requestVote(1042)) - c9225e55-1a9d-4728-b49d-cebf6a0677b3@group-BFCF83161046: receive requestVote(ELECTION, 8cc4f11c-26a9-4978-bb71-8737c51096c0, group-BFCF83161046, 2, (t:0, i:0))
2021-05-05 15:14:16,067 [grpc-default-executor-1] INFO  impl.VoteContext (VoteContext.java:log(48)) - c9225e55-1a9d-4728-b49d-cebf6a0677b3@group-BFCF83161046-FOLLOWER: reject ELECTION from 8cc4f11c-26a9-4978-bb71-8737c51096c0: our priority 1 > candidate's priority 0
2021-05-05 15:14:16,067 [grpc-default-executor-1] INFO  server.RaftServer$Division (RaftServerImpl.java:setRole(284)) - c9225e55-1a9d-4728-b49d-cebf6a0677b3@group-BFCF83161046: changes role from  FOLLOWER to FOLLOWER at term 2 for candidate:8cc4f11c-26a9-4978-bb71-8737c51096c0
2021-05-05 15:14:16,067 [grpc-default-executor-1] INFO  impl.RoleInfo (RoleInfo.java:shutdownFollowerState(108)) - c9225e55-1a9d-4728-b49d-cebf6a0677b3: shutdown c9225e55-1a9d-4728-b49d-cebf6a0677b3@group-BFCF83161046-FollowerState
2021-05-05 15:14:16,067 [grpc-default-executor-1] INFO  impl.RoleInfo (RoleInfo.java:updateAndGet(130)) - c9225e55-1a9d-4728-b49d-cebf6a0677b3: start c9225e55-1a9d-4728-b49d-cebf6a0677b3@group-BFCF83161046-FollowerState
2021-05-05 15:14:16,067 [c9225e55-1a9d-4728-b49d-cebf6a0677b3@group-BFCF83161046-FollowerState] INFO  impl.FollowerState (FollowerState.java:run(143)) - c9225e55-1a9d-4728-b49d-cebf6a0677b3@group-BFCF83161046-FollowerState was interrupted: {}
java.lang.InterruptedException: sleep interrupted
	at java.lang.Thread.sleep(Native Method)
	at java.lang.Thread.sleep(Thread.java:340)
	at java.util.concurrent.TimeUnit.sleep(TimeUnit.java:386)
	at org.apache.ratis.util.TimeDuration.sleep(TimeDuration.java:324)
	at org.apache.ratis.util.TimeDuration.sleep(TimeDuration.java:309)
	at org.apache.ratis.server.impl.FollowerState.run(FollowerState.java:118)
2021-05-05 15:14:16,069 [grpc-default-executor-1] INFO  server.RaftServer$Division (RaftServerImpl.java:requestVote(1074)) - c9225e55-1a9d-4728-b49d-cebf6a0677b3@group-BFCF83161046 replies to ELECTION vote request: 8cc4f11c-26a9-4978-bb71-8737c51096c0<-c9225e55-1a9d-4728-b49d-cebf6a0677b3#0:FAIL-t2. Peer's state: c9225e55-1a9d-4728-b49d-cebf6a0677b3@group-BFCF83161046:t2, leader=null, voted=null, raftlog=c9225e55-1a9d-4728-b49d-cebf6a0677b3@group-BFCF83161046-SegmentedRaftLog:OPENED:c-1,f-1,i0, conf=-1: [a99b94f7-bcc3-419a-91d6-c5ca6fccf1ee|rpc:172.17.0.2:44371|dataStream:|priority:0, c9225e55-1a9d-4728-b49d-cebf6a0677b3|rpc:172.17.0.2:38287|dataStream:|priority:1, 8cc4f11c-26a9-4978-bb71-8737c51096c0|rpc:172.17.0.2:34407|dataStream:|priority:0], old=null
2021-05-05 15:14:16,070 [grpc-default-executor-1] INFO  server.RaftServer$Division (RaftServerImpl.java:requestVote(1042)) - a99b94f7-bcc3-419a-91d6-c5ca6fccf1ee@group-BFCF83161046: receive requestVote(ELECTION, 8cc4f11c-26a9-4978-bb71-8737c51096c0, group-BFCF83161046, 2, (t:0, i:0))
2021-05-05 15:14:16,070 [grpc-default-executor-1] INFO  impl.VoteContext (VoteContext.java:log(48)) - a99b94f7-bcc3-419a-91d6-c5ca6fccf1ee@group-BFCF83161046-FOLLOWER: accept ELECTION from 8cc4f11c-26a9-4978-bb71-8737c51096c0: our priority 0 <= candidate's priority 0
2021-05-05 15:14:16,070 [grpc-default-executor-1] INFO  server.RaftServer$Division (RaftServerImpl.java:setRole(284)) - a99b94f7-bcc3-419a-91d6-c5ca6fccf1ee@group-BFCF83161046: changes role from  FOLLOWER to FOLLOWER at term 2 for candidate:8cc4f11c-26a9-4978-bb71-8737c51096c0
2021-05-05 15:14:16,070 [grpc-default-executor-1] INFO  impl.RoleInfo (RoleInfo.java:shutdownFollowerState(108)) - a99b94f7-bcc3-419a-91d6-c5ca6fccf1ee: shutdown a99b94f7-bcc3-419a-91d6-c5ca6fccf1ee@group-BFCF83161046-FollowerState
2021-05-05 15:14:16,070 [grpc-default-executor-1] INFO  impl.RoleInfo (RoleInfo.java:updateAndGet(130)) - a99b94f7-bcc3-419a-91d6-c5ca6fccf1ee: start a99b94f7-bcc3-419a-91d6-c5ca6fccf1ee@group-BFCF83161046-FollowerState
2021-05-05 15:14:16,070 [a99b94f7-bcc3-419a-91d6-c5ca6fccf1ee@group-BFCF83161046-FollowerState] INFO  impl.FollowerState (FollowerState.java:run(143)) - a99b94f7-bcc3-419a-91d6-c5ca6fccf1ee@group-BFCF83161046-FollowerState was interrupted: {}
java.lang.InterruptedException: sleep interrupted
	at java.lang.Thread.sleep(Native Method)
	at java.lang.Thread.sleep(Thread.java:340)
	at java.util.concurrent.TimeUnit.sleep(TimeUnit.java:386)
	at org.apache.ratis.util.TimeDuration.sleep(TimeDuration.java:324)
	at org.apache.ratis.util.TimeDuration.sleep(TimeDuration.java:309)
	at org.apache.ratis.server.impl.FollowerState.run(FollowerState.java:118)
2021-05-05 15:14:16,074 [8cc4f11c-26a9-4978-bb71-8737c51096c0@group-BFCF83161046-LeaderElection94] INFO  impl.LeaderElection (LeaderElection.java:logAndReturn(89)) - 8cc4f11c-26a9-4978-bb71-8737c51096c0@group-BFCF83161046-LeaderElection94: ELECTION REJECTED received 1 response(s) and 0 exception(s):
2021-05-05 15:14:16,074 [8cc4f11c-26a9-4978-bb71-8737c51096c0@group-BFCF83161046-LeaderElection94] INFO  impl.LeaderElection (LeaderElection.java:logAndReturn(93)) -   Response 0: 8cc4f11c-26a9-4978-bb71-8737c51096c0<-c9225e55-1a9d-4728-b49d-cebf6a0677b3#0:FAIL-t2
2021-05-05 15:14:16,074 [8cc4f11c-26a9-4978-bb71-8737c51096c0@group-BFCF83161046-LeaderElection94] INFO  impl.LeaderElection (LeaderElection.java:askForVotes(308)) - 8cc4f11c-26a9-4978-bb71-8737c51096c0@group-BFCF83161046-LeaderElection94 ELECTION round 0: result REJECTED
2021-05-05 15:14:16,074 [8cc4f11c-26a9-4978-bb71-8737c51096c0@group-BFCF83161046-LeaderElection94] INFO  server.RaftServer$Division (RaftServerImpl.java:setRole(284)) - 8cc4f11c-26a9-4978-bb71-8737c51096c0@group-BFCF83161046: changes role from CANDIDATE to FOLLOWER at term 2 for REJECTED
2021-05-05 15:14:16,074 [8cc4f11c-26a9-4978-bb71-8737c51096c0@group-BFCF83161046-LeaderElection94] INFO  impl.RoleInfo (RoleInfo.java:shutdownLeaderElection(121)) - 8cc4f11c-26a9-4978-bb71-8737c51096c0: shutdown 8cc4f11c-26a9-4978-bb71-8737c51096c0@group-BFCF83161046-LeaderElection94
2021-05-05 15:14:16,074 [8cc4f11c-26a9-4978-bb71-8737c51096c0@group-BFCF83161046-LeaderElection94] INFO  impl.RoleInfo (RoleInfo.java:updateAndGet(130)) - 8cc4f11c-26a9-4978-bb71-8737c51096c0: start 8cc4f11c-26a9-4978-bb71-8737c51096c0@group-BFCF83161046-FollowerState
2021-05-05 15:14:16,075 [grpc-default-executor-1] INFO  server.RaftServer$Division (RaftServerImpl.java:requestVote(1074)) - a99b94f7-bcc3-419a-91d6-c5ca6fccf1ee@group-BFCF83161046 replies to ELECTION vote request: 8cc4f11c-26a9-4978-bb71-8737c51096c0<-a99b94f7-bcc3-419a-91d6-c5ca6fccf1ee#0:OK-t2. Peer's state: a99b94f7-bcc3-419a-91d6-c5ca6fccf1ee@group-BFCF83161046:t2, leader=null, voted=8cc4f11c-26a9-4978-bb71-8737c51096c0, raftlog=a99b94f7-bcc3-419a-91d6-c5ca6fccf1ee@group-BFCF83161046-SegmentedRaftLog:OPENED:c-1,f-1,i0, conf=-1: [a99b94f7-bcc3-419a-91d6-c5ca6fccf1ee|rpc:172.17.0.2:44371|dataStream:|priority:0, c9225e55-1a9d-4728-b49d-cebf6a0677b3|rpc:172.17.0.2:38287|dataStream:|priority:1, 8cc4f11c-26a9-4978-bb71-8737c51096c0|rpc:172.17.0.2:34407|dataStream:|priority:0], old=null
2021-05-05 15:14:16,793 [89dd138e-de60-41fb-966a-8d68ccbfd781@group-EC4FF14613B3-FollowerState] INFO  impl.FollowerState (FollowerState.java:run(134)) - 89dd138e-de60-41fb-966a-8d68ccbfd781@group-EC4FF14613B3-FollowerState: change to CANDIDATE, lastRpcElapsedTime:5042484974ns, electionTimeout:5042ms
2021-05-05 15:14:16,793 [89dd138e-de60-41fb-966a-8d68ccbfd781@group-EC4FF14613B3-FollowerState] INFO  impl.RoleInfo (RoleInfo.java:shutdownFollowerState(108)) - 89dd138e-de60-41fb-966a-8d68ccbfd781: shutdown 89dd138e-de60-41fb-966a-8d68ccbfd781@group-EC4FF14613B3-FollowerState
2021-05-05 15:14:16,793 [89dd138e-de60-41fb-966a-8d68ccbfd781@group-EC4FF14613B3-FollowerState] INFO  server.RaftServer$Division (RaftServerImpl.java:setRole(284)) - 89dd138e-de60-41fb-966a-8d68ccbfd781@group-EC4FF14613B3: changes role from  FOLLOWER to CANDIDATE at term 2 for changeToCandidate
2021-05-05 15:14:16,793 [89dd138e-de60-41fb-966a-8d68ccbfd781@group-EC4FF14613B3-FollowerState] INFO  server.RaftServerConfigKeys (ConfUtils.java:logGet(44)) - raft.server.leaderelection.pre-vote = false (custom)
2021-05-05 15:14:16,793 [89dd138e-de60-41fb-966a-8d68ccbfd781@group-EC4FF14613B3-FollowerState] INFO  impl.RoleInfo (RoleInfo.java:updateAndGet(130)) - 89dd138e-de60-41fb-966a-8d68ccbfd781: start 89dd138e-de60-41fb-966a-8d68ccbfd781@group-EC4FF14613B3-LeaderElection95
2021-05-05 15:14:16,795 [89dd138e-de60-41fb-966a-8d68ccbfd781@group-EC4FF14613B3-LeaderElection95] INFO  impl.LeaderElection (LeaderElection.java:askForVotes(306)) - 89dd138e-de60-41fb-966a-8d68ccbfd781@group-EC4FF14613B3-LeaderElection95 ELECTION round 0: submit vote requests at term 3 for -1: [89dd138e-de60-41fb-966a-8d68ccbfd781|rpc:172.17.0.2:32835|dataStream:|priority:0, 7ec8b880-4b6b-4ec3-8434-09a8711643ec|rpc:172.17.0.2:33093|dataStream:|priority:0, 588c0cf1-2ab3-4f31-88e6-40c30440d309|rpc:172.17.0.2:46273|dataStream:|priority:1], old=null
2021-05-05 15:14:16,797 [grpc-default-executor-3] INFO  server.RaftServer$Division (RaftServerImpl.java:requestVote(1042)) - 7ec8b880-4b6b-4ec3-8434-09a8711643ec@group-EC4FF14613B3: receive requestVote(ELECTION, 89dd138e-de60-41fb-966a-8d68ccbfd781, group-EC4FF14613B3, 3, (t:0, i:0))
2021-05-05 15:14:16,797 [grpc-default-executor-3] INFO  impl.VoteContext (VoteContext.java:log(48)) - 7ec8b880-4b6b-4ec3-8434-09a8711643ec@group-EC4FF14613B3-FOLLOWER: accept ELECTION from 89dd138e-de60-41fb-966a-8d68ccbfd781: our priority 0 <= candidate's priority 0
2021-05-05 15:14:16,797 [grpc-default-executor-3] INFO  server.RaftServer$Division (RaftServerImpl.java:setRole(284)) - 7ec8b880-4b6b-4ec3-8434-09a8711643ec@group-EC4FF14613B3: changes role from  FOLLOWER to FOLLOWER at term 3 for candidate:89dd138e-de60-41fb-966a-8d68ccbfd781
2021-05-05 15:14:16,797 [grpc-default-executor-3] INFO  impl.RoleInfo (RoleInfo.java:shutdownFollowerState(108)) - 7ec8b880-4b6b-4ec3-8434-09a8711643ec: shutdown 7ec8b880-4b6b-4ec3-8434-09a8711643ec@group-EC4FF14613B3-FollowerState
2021-05-05 15:14:16,797 [grpc-default-executor-3] INFO  impl.RoleInfo (RoleInfo.java:updateAndGet(130)) - 7ec8b880-4b6b-4ec3-8434-09a8711643ec: start 7ec8b880-4b6b-4ec3-8434-09a8711643ec@group-EC4FF14613B3-FollowerState
2021-05-05 15:14:16,798 [7ec8b880-4b6b-4ec3-8434-09a8711643ec@group-EC4FF14613B3-FollowerState] INFO  impl.FollowerState (FollowerState.java:run(143)) - 7ec8b880-4b6b-4ec3-8434-09a8711643ec@group-EC4FF14613B3-FollowerState was interrupted: {}
java.lang.InterruptedException: sleep interrupted
	at java.lang.Thread.sleep(Native Method)
	at java.lang.Thread.sleep(Thread.java:340)
	at java.util.concurrent.TimeUnit.sleep(TimeUnit.java:386)
	at org.apache.ratis.util.TimeDuration.sleep(TimeDuration.java:324)
	at org.apache.ratis.util.TimeDuration.sleep(TimeDuration.java:309)
	at org.apache.ratis.server.impl.FollowerState.run(FollowerState.java:118)
2021-05-05 15:14:16,798 [grpc-default-executor-1] INFO  server.RaftServer$Division (RaftServerImpl.java:requestVote(1042)) - 588c0cf1-2ab3-4f31-88e6-40c30440d309@group-EC4FF14613B3: receive requestVote(ELECTION, 89dd138e-de60-41fb-966a-8d68ccbfd781, group-EC4FF14613B3, 3, (t:0, i:0))
2021-05-05 15:14:16,798 [grpc-default-executor-1] INFO  impl.VoteContext (VoteContext.java:log(48)) - 588c0cf1-2ab3-4f31-88e6-40c30440d309@group-EC4FF14613B3-FOLLOWER: reject ELECTION from 89dd138e-de60-41fb-966a-8d68ccbfd781: our last entry (t:1, i:0) > candidate's last entry (t:0, i:0)
2021-05-05 15:14:16,798 [grpc-default-executor-1] INFO  server.RaftServer$Division (RaftServerImpl.java:setRole(284)) - 588c0cf1-2ab3-4f31-88e6-40c30440d309@group-EC4FF14613B3: changes role from  FOLLOWER to FOLLOWER at term 3 for candidate:89dd138e-de60-41fb-966a-8d68ccbfd781
2021-05-05 15:14:16,799 [grpc-default-executor-1] INFO  impl.RoleInfo (RoleInfo.java:shutdownFollowerState(108)) - 588c0cf1-2ab3-4f31-88e6-40c30440d309: shutdown 588c0cf1-2ab3-4f31-88e6-40c30440d309@group-EC4FF14613B3-FollowerState
2021-05-05 15:14:16,799 [grpc-default-executor-1] INFO  impl.RoleInfo (RoleInfo.java:updateAndGet(130)) - 588c0cf1-2ab3-4f31-88e6-40c30440d309: start 588c0cf1-2ab3-4f31-88e6-40c30440d309@group-EC4FF14613B3-FollowerState
2021-05-05 15:14:16,799 [588c0cf1-2ab3-4f31-88e6-40c30440d309@group-EC4FF14613B3-FollowerState] INFO  impl.FollowerState (FollowerState.java:run(143)) - 588c0cf1-2ab3-4f31-88e6-40c30440d309@group-EC4FF14613B3-FollowerState was interrupted: {}
java.lang.InterruptedException: sleep interrupted
	at java.lang.Thread.sleep(Native Method)
	at java.lang.Thread.sleep(Thread.java:340)
	at java.util.concurrent.TimeUnit.sleep(TimeUnit.java:386)
	at org.apache.ratis.util.TimeDuration.sleep(TimeDuration.java:324)
	at org.apache.ratis.util.TimeDuration.sleep(TimeDuration.java:309)
	at org.apache.ratis.server.impl.FollowerState.run(FollowerState.java:118)
2021-05-05 15:14:16,800 [grpc-default-executor-3] INFO  server.RaftServer$Division (RaftServerImpl.java:requestVote(1074)) - 7ec8b880-4b6b-4ec3-8434-09a8711643ec@group-EC4FF14613B3 replies to ELECTION vote request: 89dd138e-de60-41fb-966a-8d68ccbfd781<-7ec8b880-4b6b-4ec3-8434-09a8711643ec#0:OK-t3. Peer's state: 7ec8b880-4b6b-4ec3-8434-09a8711643ec@group-EC4FF14613B3:t3, leader=null, voted=89dd138e-de60-41fb-966a-8d68ccbfd781, raftlog=7ec8b880-4b6b-4ec3-8434-09a8711643ec@group-EC4FF14613B3-SegmentedRaftLog:OPENED:c-1,f-1,i0, conf=-1: [89dd138e-de60-41fb-966a-8d68ccbfd781|rpc:172.17.0.2:32835|dataStream:|priority:0, 7ec8b880-4b6b-4ec3-8434-09a8711643ec|rpc:172.17.0.2:33093|dataStream:|priority:0, 588c0cf1-2ab3-4f31-88e6-40c30440d309|rpc:172.17.0.2:46273|dataStream:|priority:1], old=null
2021-05-05 15:14:16,800 [grpc-default-executor-1] INFO  server.RaftServer$Division (RaftServerImpl.java:requestVote(1074)) - 588c0cf1-2ab3-4f31-88e6-40c30440d309@group-EC4FF14613B3 replies to ELECTION vote request: 89dd138e-de60-41fb-966a-8d68ccbfd781<-588c0cf1-2ab3-4f31-88e6-40c30440d309#0:FAIL-t3. Peer's state: 588c0cf1-2ab3-4f31-88e6-40c30440d309@group-EC4FF14613B3:t3, leader=null, voted=null, raftlog=588c0cf1-2ab3-4f31-88e6-40c30440d309@group-EC4FF14613B3-SegmentedRaftLog:OPENED:c-1,f0,i0, conf=0: [89dd138e-de60-41fb-966a-8d68ccbfd781|rpc:172.17.0.2:32835|dataStream:|priority:0, 7ec8b880-4b6b-4ec3-8434-09a8711643ec|rpc:172.17.0.2:33093|dataStream:|priority:0, 588c0cf1-2ab3-4f31-88e6-40c30440d309|rpc:172.17.0.2:46273|dataStream:|priority:1], old=null
2021-05-05 15:14:16,802 [89dd138e-de60-41fb-966a-8d68ccbfd781@group-EC4FF14613B3-LeaderElection95] INFO  impl.LeaderElection (LeaderElection.java:logAndReturn(89)) - 89dd138e-de60-41fb-966a-8d68ccbfd781@group-EC4FF14613B3-LeaderElection95: ELECTION REJECTED received 2 response(s) and 0 exception(s):
2021-05-05 15:14:16,802 [89dd138e-de60-41fb-966a-8d68ccbfd781@group-EC4FF14613B3-LeaderElection95] INFO  impl.LeaderElection (LeaderElection.java:logAndReturn(93)) -   Response 0: 89dd138e-de60-41fb-966a-8d68ccbfd781<-7ec8b880-4b6b-4ec3-8434-09a8711643ec#0:OK-t3
2021-05-05 15:14:16,802 [89dd138e-de60-41fb-966a-8d68ccbfd781@group-EC4FF14613B3-LeaderElection95] INFO  impl.LeaderElection (LeaderElection.java:logAndReturn(93)) -   Response 1: 89dd138e-de60-41fb-966a-8d68ccbfd781<-588c0cf1-2ab3-4f31-88e6-40c30440d309#0:FAIL-t3
2021-05-05 15:14:16,802 [89dd138e-de60-41fb-966a-8d68ccbfd781@group-EC4FF14613B3-LeaderElection95] INFO  impl.LeaderElection (LeaderElection.java:askForVotes(308)) - 89dd138e-de60-41fb-966a-8d68ccbfd781@group-EC4FF14613B3-LeaderElection95 ELECTION round 0: result REJECTED
2021-05-05 15:14:16,802 [89dd138e-de60-41fb-966a-8d68ccbfd781@group-EC4FF14613B3-LeaderElection95] INFO  server.RaftServer$Division (RaftServerImpl.java:setRole(284)) - 89dd138e-de60-41fb-966a-8d68ccbfd781@group-EC4FF14613B3: changes role from CANDIDATE to FOLLOWER at term 3 for REJECTED
2021-05-05 15:14:16,802 [89dd138e-de60-41fb-966a-8d68ccbfd781@group-EC4FF14613B3-LeaderElection95] INFO  impl.RoleInfo (RoleInfo.java:shutdownLeaderElection(121)) - 89dd138e-de60-41fb-966a-8d68ccbfd781: shutdown 89dd138e-de60-41fb-966a-8d68ccbfd781@group-EC4FF14613B3-LeaderElection95
2021-05-05 15:14:16,802 [89dd138e-de60-41fb-966a-8d68ccbfd781@group-EC4FF14613B3-LeaderElection95] INFO  impl.RoleInfo (RoleInfo.java:updateAndGet(130)) - 89dd138e-de60-41fb-966a-8d68ccbfd781: start 89dd138e-de60-41fb-966a-8d68ccbfd781@group-EC4FF14613B3-FollowerState
2021-05-05 15:14:16,831 [java.util.concurrent.ThreadPoolExecutor$Worker@544a9812[State = -1, empty queue]] INFO  metrics.RatisMetrics (RatisMetrics.java:lambda$create$0(36)) - Creating Metrics Registry : ratis.client_message_metrics.client-D33379494828->7ec8b880-4b6b-4ec3-8434-09a8711643ec
2021-05-05 15:14:17,569 [ba91ce60-c1e0-470b-8f12-0816737cfb30@group-1BEDC8ED2755-FollowerState] INFO  impl.FollowerState (FollowerState.java:run(134)) - ba91ce60-c1e0-470b-8f12-0816737cfb30@group-1BEDC8ED2755-FollowerState: change to CANDIDATE, lastRpcElapsedTime:5052866137ns, electionTimeout:5049ms
2021-05-05 15:14:17,569 [ba91ce60-c1e0-470b-8f12-0816737cfb30@group-1BEDC8ED2755-FollowerState] INFO  impl.RoleInfo (RoleInfo.java:shutdownFollowerState(108)) - ba91ce60-c1e0-470b-8f12-0816737cfb30: shutdown ba91ce60-c1e0-470b-8f12-0816737cfb30@group-1BEDC8ED2755-FollowerState
2021-05-05 15:14:17,569 [ba91ce60-c1e0-470b-8f12-0816737cfb30@group-1BEDC8ED2755-FollowerState] INFO  server.RaftServer$Division (RaftServerImpl.java:setRole(284)) - ba91ce60-c1e0-470b-8f12-0816737cfb30@group-1BEDC8ED2755: changes role from  FOLLOWER to CANDIDATE at term 1 for changeToCandidate
2021-05-05 15:14:17,569 [ba91ce60-c1e0-470b-8f12-0816737cfb30@group-1BEDC8ED2755-FollowerState] INFO  server.RaftServerConfigKeys (ConfUtils.java:logGet(44)) - raft.server.leaderelection.pre-vote = false (custom)
2021-05-05 15:14:17,569 [ba91ce60-c1e0-470b-8f12-0816737cfb30@group-1BEDC8ED2755-FollowerState] INFO  impl.RoleInfo (RoleInfo.java:updateAndGet(130)) - ba91ce60-c1e0-470b-8f12-0816737cfb30: start ba91ce60-c1e0-470b-8f12-0816737cfb30@group-1BEDC8ED2755-LeaderElection96
2021-05-05 15:14:17,571 [ba91ce60-c1e0-470b-8f12-0816737cfb30@group-1BEDC8ED2755-LeaderElection96] INFO  impl.LeaderElection (LeaderElection.java:askForVotes(306)) - ba91ce60-c1e0-470b-8f12-0816737cfb30@group-1BEDC8ED2755-LeaderElection96 ELECTION round 0: submit vote requests at term 2 for -1: [3aae9554-9ce2-4940-80df-bab76ceffe99|rpc:172.17.0.2:40809|dataStream:|priority:0, ba91ce60-c1e0-470b-8f12-0816737cfb30|rpc:172.17.0.2:37935|dataStream:|priority:1, 84f014eb-0543-4c23-a581-806bb6567559|rpc:172.17.0.2:43113|dataStream:|priority:0], old=null
2021-05-05 15:14:17,582 [grpc-default-executor-1] INFO  server.RaftServer$Division (RaftServerImpl.java:requestVote(1042)) - 3aae9554-9ce2-4940-80df-bab76ceffe99@group-1BEDC8ED2755: receive requestVote(ELECTION, ba91ce60-c1e0-470b-8f12-0816737cfb30, group-1BEDC8ED2755, 2, (t:0, i:0))
2021-05-05 15:14:17,582 [grpc-default-executor-1] INFO  impl.VoteContext (VoteContext.java:log(48)) - 3aae9554-9ce2-4940-80df-bab76ceffe99@group-1BEDC8ED2755-FOLLOWER: accept ELECTION from ba91ce60-c1e0-470b-8f12-0816737cfb30: our priority 0 <= candidate's priority 1
2021-05-05 15:14:17,582 [grpc-default-executor-3] INFO  server.RaftServer$Division (RaftServerImpl.java:requestVote(1042)) - 84f014eb-0543-4c23-a581-806bb6567559@group-1BEDC8ED2755: receive requestVote(ELECTION, ba91ce60-c1e0-470b-8f12-0816737cfb30, group-1BEDC8ED2755, 2, (t:0, i:0))
2021-05-05 15:14:17,583 [grpc-default-executor-3] INFO  impl.VoteContext (VoteContext.java:log(48)) - 84f014eb-0543-4c23-a581-806bb6567559@group-1BEDC8ED2755-FOLLOWER: accept ELECTION from ba91ce60-c1e0-470b-8f12-0816737cfb30: our priority 0 <= candidate's priority 1
2021-05-05 15:14:17,583 [grpc-default-executor-3] INFO  server.RaftServer$Division (RaftServerImpl.java:setRole(284)) - 84f014eb-0543-4c23-a581-806bb6567559@group-1BEDC8ED2755: changes role from  FOLLOWER to FOLLOWER at term 2 for candidate:ba91ce60-c1e0-470b-8f12-0816737cfb30
2021-05-05 15:14:17,583 [grpc-default-executor-3] INFO  impl.RoleInfo (RoleInfo.java:shutdownFollowerState(108)) - 84f014eb-0543-4c23-a581-806bb6567559: shutdown 84f014eb-0543-4c23-a581-806bb6567559@group-1BEDC8ED2755-FollowerState
2021-05-05 15:14:17,583 [grpc-default-executor-3] INFO  impl.RoleInfo (RoleInfo.java:updateAndGet(130)) - 84f014eb-0543-4c23-a581-806bb6567559: start 84f014eb-0543-4c23-a581-806bb6567559@group-1BEDC8ED2755-FollowerState
2021-05-05 15:14:17,583 [84f014eb-0543-4c23-a581-806bb6567559@group-1BEDC8ED2755-FollowerState] INFO  impl.FollowerState (FollowerState.java:run(143)) - 84f014eb-0543-4c23-a581-806bb6567559@group-1BEDC8ED2755-FollowerState was interrupted: {}
java.lang.InterruptedException: sleep interrupted
	at java.lang.Thread.sleep(Native Method)
	at java.lang.Thread.sleep(Thread.java:340)
	at java.util.concurrent.TimeUnit.sleep(TimeUnit.java:386)
	at org.apache.ratis.util.TimeDuration.sleep(TimeDuration.java:324)
	at org.apache.ratis.util.TimeDuration.sleep(TimeDuration.java:309)
	at org.apache.ratis.server.impl.FollowerState.run(FollowerState.java:118)
2021-05-05 15:14:17,582 [grpc-default-executor-1] INFO  server.RaftServer$Division (RaftServerImpl.java:setRole(284)) - 3aae9554-9ce2-4940-80df-bab76ceffe99@group-1BEDC8ED2755: changes role from  FOLLOWER to FOLLOWER at term 2 for candidate:ba91ce60-c1e0-470b-8f12-0816737cfb30
2021-05-05 15:14:17,583 [grpc-default-executor-1] INFO  impl.RoleInfo (RoleInfo.java:shutdownFollowerState(108)) - 3aae9554-9ce2-4940-80df-bab76ceffe99: shutdown 3aae9554-9ce2-4940-80df-bab76ceffe99@group-1BEDC8ED2755-FollowerState
2021-05-05 15:14:17,584 [grpc-default-executor-1] INFO  impl.RoleInfo (RoleInfo.java:updateAndGet(130)) - 3aae9554-9ce2-4940-80df-bab76ceffe99: start 3aae9554-9ce2-4940-80df-bab76ceffe99@group-1BEDC8ED2755-FollowerState
2021-05-05 15:14:17,584 [3aae9554-9ce2-4940-80df-bab76ceffe99@group-1BEDC8ED2755-FollowerState] INFO  impl.FollowerState (FollowerState.java:run(143)) - 3aae9554-9ce2-4940-80df-bab76ceffe99@group-1BEDC8ED2755-FollowerState was interrupted: {}
java.lang.InterruptedException: sleep interrupted
	at java.lang.Thread.sleep(Native Method)
	at java.lang.Thread.sleep(Thread.java:340)
	at java.util.concurrent.TimeUnit.sleep(TimeUnit.java:386)
	at org.apache.ratis.util.TimeDuration.sleep(TimeDuration.java:324)
	at org.apache.ratis.util.TimeDuration.sleep(TimeDuration.java:309)
	at org.apache.ratis.server.impl.FollowerState.run(FollowerState.java:118)
2021-05-05 15:14:17,585 [grpc-default-executor-3] INFO  server.RaftServer$Division (RaftServerImpl.java:requestVote(1074)) - 84f014eb-0543-4c23-a581-806bb6567559@group-1BEDC8ED2755 replies to ELECTION vote request: ba91ce60-c1e0-470b-8f12-0816737cfb30<-84f014eb-0543-4c23-a581-806bb6567559#0:OK-t2. Peer's state: 84f014eb-0543-4c23-a581-806bb6567559@group-1BEDC8ED2755:t2, leader=null, voted=ba91ce60-c1e0-470b-8f12-0816737cfb30, raftlog=84f014eb-0543-4c23-a581-806bb6567559@group-1BEDC8ED2755-SegmentedRaftLog:OPENED:c-1,f-1,i0, conf=-1: [3aae9554-9ce2-4940-80df-bab76ceffe99|rpc:172.17.0.2:40809|dataStream:|priority:0, ba91ce60-c1e0-470b-8f12-0816737cfb30|rpc:172.17.0.2:37935|dataStream:|priority:1, 84f014eb-0543-4c23-a581-806bb6567559|rpc:172.17.0.2:43113|dataStream:|priority:0], old=null
2021-05-05 15:14:17,586 [grpc-default-executor-1] INFO  server.RaftServer$Division (RaftServerImpl.java:requestVote(1074)) - 3aae9554-9ce2-4940-80df-bab76ceffe99@group-1BEDC8ED2755 replies to ELECTION vote request: ba91ce60-c1e0-470b-8f12-0816737cfb30<-3aae9554-9ce2-4940-80df-bab76ceffe99#0:OK-t2. Peer's state: 3aae9554-9ce2-4940-80df-bab76ceffe99@group-1BEDC8ED2755:t2, leader=null, voted=ba91ce60-c1e0-470b-8f12-0816737cfb30, raftlog=3aae9554-9ce2-4940-80df-bab76ceffe99@group-1BEDC8ED2755-SegmentedRaftLog:OPENED:c-1,f-1,i0, conf=-1: [3aae9554-9ce2-4940-80df-bab76ceffe99|rpc:172.17.0.2:40809|priority:0, ba91ce60-c1e0-470b-8f12-0816737cfb30|rpc:172.17.0.2:37935|priority:1, 84f014eb-0543-4c23-a581-806bb6567559|rpc:172.17.0.2:43113|priority:0], old=null
2021-05-05 15:14:17,588 [ba91ce60-c1e0-470b-8f12-0816737cfb30@group-1BEDC8ED2755-LeaderElection96] INFO  impl.LeaderElection (LeaderElection.java:logAndReturn(89)) - ba91ce60-c1e0-470b-8f12-0816737cfb30@group-1BEDC8ED2755-LeaderElection96: ELECTION PASSED received 1 response(s) and 0 exception(s):
2021-05-05 15:14:17,588 [ba91ce60-c1e0-470b-8f12-0816737cfb30@group-1BEDC8ED2755-LeaderElection96] INFO  impl.LeaderElection (LeaderElection.java:logAndReturn(93)) -   Response 0: ba91ce60-c1e0-470b-8f12-0816737cfb30<-84f014eb-0543-4c23-a581-806bb6567559#0:OK-t2
2021-05-05 15:14:17,588 [ba91ce60-c1e0-470b-8f12-0816737cfb30@group-1BEDC8ED2755-LeaderElection96] INFO  impl.LeaderElection (LeaderElection.java:askForVotes(308)) - ba91ce60-c1e0-470b-8f12-0816737cfb30@group-1BEDC8ED2755-LeaderElection96 ELECTION round 0: result PASSED
2021-05-05 15:14:17,588 [ba91ce60-c1e0-470b-8f12-0816737cfb30@group-1BEDC8ED2755-LeaderElection96] INFO  impl.RoleInfo (RoleInfo.java:shutdownLeaderElection(121)) - ba91ce60-c1e0-470b-8f12-0816737cfb30: shutdown ba91ce60-c1e0-470b-8f12-0816737cfb30@group-1BEDC8ED2755-LeaderElection96
2021-05-05 15:14:17,588 [ba91ce60-c1e0-470b-8f12-0816737cfb30@group-1BEDC8ED2755-LeaderElection96] INFO  server.RaftServer$Division (RaftServerImpl.java:setRole(284)) - ba91ce60-c1e0-470b-8f12-0816737cfb30@group-1BEDC8ED2755: changes role from CANDIDATE to LEADER at term 2 for changeToLeader
2021-05-05 15:14:17,588 [ba91ce60-c1e0-470b-8f12-0816737cfb30@group-1BEDC8ED2755-LeaderElection96] INFO  ratis.XceiverServerRatis (XceiverServerRatis.java:handleLeaderChangedNotification(906)) - Leader change notification received for group: group-1BEDC8ED2755 with new leaderId: ba91ce60-c1e0-470b-8f12-0816737cfb30
2021-05-05 15:14:17,589 [ba91ce60-c1e0-470b-8f12-0816737cfb30@group-1BEDC8ED2755-LeaderElection96] INFO  server.RaftServer$Division (ServerState.java:setLeader(271)) - ba91ce60-c1e0-470b-8f12-0816737cfb30@group-1BEDC8ED2755: change Leader from null to ba91ce60-c1e0-470b-8f12-0816737cfb30 at term 2 for becomeLeader, leader elected after 10191ms
2021-05-05 15:14:17,589 [ba91ce60-c1e0-470b-8f12-0816737cfb30@group-1BEDC8ED2755-LeaderElection96] INFO  server.RaftServerConfigKeys (ConfUtils.java:logGet(44)) - raft.server.staging.catchup.gap = 1000 (default)
2021-05-05 15:14:17,589 [ba91ce60-c1e0-470b-8f12-0816737cfb30@group-1BEDC8ED2755-LeaderElection96] INFO  metrics.RatisMetrics (RatisMetrics.java:lambda$create$0(36)) - Creating Metrics Registry : ratis.log_appender.ba91ce60-c1e0-470b-8f12-0816737cfb30@group-1BEDC8ED2755
2021-05-05 15:14:17,589 [ba91ce60-c1e0-470b-8f12-0816737cfb30@group-1BEDC8ED2755-LeaderElection96] INFO  server.RaftServerConfigKeys (ConfUtils.java:logGet(44)) - raft.server.write.element-limit = 1024 (custom)
2021-05-05 15:14:17,589 [ba91ce60-c1e0-470b-8f12-0816737cfb30@group-1BEDC8ED2755-LeaderElection96] INFO  server.RaftServerConfigKeys (ConfUtils.java:logGet(44)) - raft.server.write.byte-limit = 1073741824 (custom)
2021-05-05 15:14:17,590 [ba91ce60-c1e0-470b-8f12-0816737cfb30@group-1BEDC8ED2755-LeaderElection96] INFO  server.RaftServerConfigKeys (ConfUtils.java:logGet(44)) - raft.server.watch.timeout = 3000ms (custom)
2021-05-05 15:14:17,590 [ba91ce60-c1e0-470b-8f12-0816737cfb30@group-1BEDC8ED2755-LeaderElection96] INFO  server.RaftServerConfigKeys (ConfUtils.java:logGet(44)) - raft.server.watch.timeout.denomination = 1s (default)
2021-05-05 15:14:17,590 [ba91ce60-c1e0-470b-8f12-0816737cfb30@group-1BEDC8ED2755-LeaderElection96] INFO  server.RaftServerConfigKeys (ConfUtils.java:logGet(44)) - raft.server.watch.element-limit = 65536 (default)
2021-05-05 15:14:17,590 [ba91ce60-c1e0-470b-8f12-0816737cfb30@group-1BEDC8ED2755-LeaderElection96] INFO  server.RaftServerConfigKeys (ConfUtils.java:logGet(44)) - raft.server.log.appender.snapshot.chunk.size.max = 16MB (=16777216) (default)
2021-05-05 15:14:17,590 [ba91ce60-c1e0-470b-8f12-0816737cfb30@group-1BEDC8ED2755-LeaderElection96] INFO  server.RaftServerConfigKeys (ConfUtils.java:logGet(44)) - raft.server.log.appender.buffer.byte-limit = 33554432 (custom)
2021-05-05 15:14:17,590 [ba91ce60-c1e0-470b-8f12-0816737cfb30@group-1BEDC8ED2755-LeaderElection96] INFO  server.RaftServerConfigKeys (ConfUtils.java:logGet(44)) - raft.server.log.appender.buffer.element-limit = 1 (custom)
2021-05-05 15:14:17,590 [ba91ce60-c1e0-470b-8f12-0816737cfb30@group-1BEDC8ED2755-LeaderElection96] INFO  grpc.GrpcConfigKeys (ConfUtils.java:logGet(44)) - raft.grpc.server.leader.outstanding.appends.max = 128 (default)
2021-05-05 15:14:17,590 [ba91ce60-c1e0-470b-8f12-0816737cfb30@group-1BEDC8ED2755-LeaderElection96] INFO  server.RaftServerConfigKeys (ConfUtils.java:logGet(44)) - raft.server.rpc.request.timeout = 3000ms (default)
2021-05-05 15:14:17,590 [ba91ce60-c1e0-470b-8f12-0816737cfb30@group-1BEDC8ED2755-LeaderElection96] INFO  server.RaftServerConfigKeys (ConfUtils.java:logGet(44)) - raft.server.log.appender.install.snapshot.enabled = false (custom)
2021-05-05 15:14:17,590 [ba91ce60-c1e0-470b-8f12-0816737cfb30@group-1BEDC8ED2755-LeaderElection96] INFO  metrics.RatisMetrics (RatisMetrics.java:lambda$create$0(36)) - Creating Metrics Registry : ratis_grpc.log_appender.ba91ce60-c1e0-470b-8f12-0816737cfb30@group-1BEDC8ED2755
2021-05-05 15:14:17,591 [EventQueue-PipelineReportForPipelineReportHandler] INFO  pipeline.PipelineManagerV2Impl (PipelineManagerV2Impl.java:openPipeline(270)) - Pipeline Pipeline[ Id: fcc5943e-3b03-440e-9901-1bedc8ed2755, Nodes: 3aae9554-9ce2-4940-80df-bab76ceffe99{ip: 172.17.0.2, host: d81b9af81a7a, ports: [REPLICATION=40581, RATIS=40809, RATIS_ADMIN=40809, RATIS_SERVER=40809, STANDALONE=38757], networkLocation: /default-rack, certSerialId: null, persistedOpState: IN_SERVICE, persistedOpStateExpiryEpochSec: 0}84f014eb-0543-4c23-a581-806bb6567559{ip: 172.17.0.2, host: d81b9af81a7a, ports: [REPLICATION=44717, RATIS=43113, RATIS_ADMIN=43113, RATIS_SERVER=43113, STANDALONE=46559], networkLocation: /default-rack, certSerialId: null, persistedOpState: IN_SERVICE, persistedOpStateExpiryEpochSec: 0}ba91ce60-c1e0-470b-8f12-0816737cfb30{ip: 172.17.0.2, host: d81b9af81a7a, ports: [REPLICATION=36343, RATIS=37935, RATIS_ADMIN=37935, RATIS_SERVER=37935, STANDALONE=43589], networkLocation: /default-rack, certSerialId: null, persistedOpState: IN_SERVICE, persistedOpStateExpiryEpochSec: 0}, ReplicationConfig: RATIS/THREE, State:ALLOCATED, leaderId:ba91ce60-c1e0-470b-8f12-0816737cfb30, CreationTimestamp2021-05-05T15:14:04.807Z] moved to OPEN state
2021-05-05 15:14:17,594 [ba91ce60-c1e0-470b-8f12-0816737cfb30@group-1BEDC8ED2755-LeaderElection96] INFO  server.RaftServerConfigKeys (ConfUtils.java:logGet(44)) - raft.server.log.appender.snapshot.chunk.size.max = 16MB (=16777216) (default)
2021-05-05 15:14:17,594 [ba91ce60-c1e0-470b-8f12-0816737cfb30@group-1BEDC8ED2755-LeaderElection96] INFO  server.RaftServerConfigKeys (ConfUtils.java:logGet(44)) - raft.server.log.appender.buffer.byte-limit = 33554432 (custom)
2021-05-05 15:14:17,594 [ba91ce60-c1e0-470b-8f12-0816737cfb30@group-1BEDC8ED2755-LeaderElection96] INFO  server.RaftServerConfigKeys (ConfUtils.java:logGet(44)) - raft.server.log.appender.buffer.element-limit = 1 (custom)
2021-05-05 15:14:17,594 [ba91ce60-c1e0-470b-8f12-0816737cfb30@group-1BEDC8ED2755-LeaderElection96] INFO  grpc.GrpcConfigKeys (ConfUtils.java:logGet(44)) - raft.grpc.server.leader.outstanding.appends.max = 128 (default)
2021-05-05 15:14:17,594 [ba91ce60-c1e0-470b-8f12-0816737cfb30@group-1BEDC8ED2755-LeaderElection96] INFO  server.RaftServerConfigKeys (ConfUtils.java:logGet(44)) - raft.server.rpc.request.timeout = 3000ms (default)
2021-05-05 15:14:17,594 [ba91ce60-c1e0-470b-8f12-0816737cfb30@group-1BEDC8ED2755-LeaderElection96] INFO  server.RaftServerConfigKeys (ConfUtils.java:logGet(44)) - raft.server.log.appender.install.snapshot.enabled = false (custom)
2021-05-05 15:14:17,596 [ba91ce60-c1e0-470b-8f12-0816737cfb30@group-1BEDC8ED2755-LeaderElection96] INFO  impl.RoleInfo (RoleInfo.java:updateAndGet(130)) - ba91ce60-c1e0-470b-8f12-0816737cfb30: start ba91ce60-c1e0-470b-8f12-0816737cfb30@group-1BEDC8ED2755-LeaderStateImpl
2021-05-05 15:14:17,596 [ba91ce60-c1e0-470b-8f12-0816737cfb30@group-1BEDC8ED2755-LeaderElection96] INFO  segmented.SegmentedRaftLogWorker (SegmentedRaftLogWorker.java:startLogSegment(394)) - ba91ce60-c1e0-470b-8f12-0816737cfb30@group-1BEDC8ED2755-SegmentedRaftLogWorker: Starting segment from index:0
2021-05-05 15:14:17,598 [ba91ce60-c1e0-470b-8f12-0816737cfb30@group-1BEDC8ED2755-SegmentedRaftLogWorker] INFO  segmented.SegmentedRaftLogWorker (SegmentedRaftLogWorker.java:execute(601)) - ba91ce60-c1e0-470b-8f12-0816737cfb30@group-1BEDC8ED2755-SegmentedRaftLogWorker: created new log segment /github/workspace/mnt/ozone/hadoop-ozone/integration-test/target/test-dir/MiniOzoneClusterImpl-c76e6b88-ed31-44d7-ac8c-51a305797015/datanode-7/data/ratis/fcc5943e-3b03-440e-9901-1bedc8ed2755/current/log_inprogress_0
2021-05-05 15:14:17,598 [ba91ce60-c1e0-470b-8f12-0816737cfb30@group-1BEDC8ED2755-LeaderElection96] INFO  server.RaftServer$Division (ServerState.java:setRaftConf(373)) - ba91ce60-c1e0-470b-8f12-0816737cfb30@group-1BEDC8ED2755: set configuration 0: [3aae9554-9ce2-4940-80df-bab76ceffe99|rpc:172.17.0.2:40809|dataStream:|priority:0, ba91ce60-c1e0-470b-8f12-0816737cfb30|rpc:172.17.0.2:37935|dataStream:|priority:1, 84f014eb-0543-4c23-a581-806bb6567559|rpc:172.17.0.2:43113|dataStream:|priority:0], old=null
2021-05-05 15:14:17,610 [grpc-default-executor-3] INFO  ratis.XceiverServerRatis (XceiverServerRatis.java:handleLeaderChangedNotification(906)) - Leader change notification received for group: group-1BEDC8ED2755 with new leaderId: ba91ce60-c1e0-470b-8f12-0816737cfb30
2021-05-05 15:14:17,610 [grpc-default-executor-3] INFO  server.RaftServer$Division (ServerState.java:setLeader(271)) - 3aae9554-9ce2-4940-80df-bab76ceffe99@group-1BEDC8ED2755: change Leader from null to ba91ce60-c1e0-470b-8f12-0816737cfb30 at term 2 for appendEntries, leader elected after 10274ms
2021-05-05 15:14:17,612 [grpc-default-executor-1] INFO  ratis.XceiverServerRatis (XceiverServerRatis.java:handleLeaderChangedNotification(906)) - Leader change notification received for group: group-1BEDC8ED2755 with new leaderId: ba91ce60-c1e0-470b-8f12-0816737cfb30
2021-05-05 15:14:17,612 [grpc-default-executor-1] INFO  server.RaftServer$Division (ServerState.java:setLeader(271)) - 84f014eb-0543-4c23-a581-806bb6567559@group-1BEDC8ED2755: change Leader from null to ba91ce60-c1e0-470b-8f12-0816737cfb30 at term 2 for appendEntries, leader elected after 10243ms
2021-05-05 15:14:17,617 [grpc-default-executor-0] INFO  server.RaftServer$Division (ServerState.java:setRaftConf(373)) - 84f014eb-0543-4c23-a581-806bb6567559@group-1BEDC8ED2755: set configuration 0: [3aae9554-9ce2-4940-80df-bab76ceffe99|rpc:172.17.0.2:40809|dataStream:|priority:0, ba91ce60-c1e0-470b-8f12-0816737cfb30|rpc:172.17.0.2:37935|dataStream:|priority:1, 84f014eb-0543-4c23-a581-806bb6567559|rpc:172.17.0.2:43113|dataStream:|priority:0], old=null
2021-05-05 15:14:17,621 [grpc-default-executor-0] INFO  segmented.SegmentedRaftLogWorker (SegmentedRaftLogWorker.java:startLogSegment(394)) - 84f014eb-0543-4c23-a581-806bb6567559@group-1BEDC8ED2755-SegmentedRaftLogWorker: Starting segment from index:0
2021-05-05 15:14:17,621 [grpc-default-executor-2] INFO  server.RaftServer$Division (ServerState.java:setRaftConf(373)) - 3aae9554-9ce2-4940-80df-bab76ceffe99@group-1BEDC8ED2755: set configuration 0: [3aae9554-9ce2-4940-80df-bab76ceffe99|rpc:172.17.0.2:40809|dataStream:|priority:0, ba91ce60-c1e0-470b-8f12-0816737cfb30|rpc:172.17.0.2:37935|dataStream:|priority:1, 84f014eb-0543-4c23-a581-806bb6567559|rpc:172.17.0.2:43113|dataStream:|priority:0], old=null
2021-05-05 15:14:17,623 [grpc-default-executor-2] INFO  segmented.SegmentedRaftLogWorker (SegmentedRaftLogWorker.java:startLogSegment(394)) - 3aae9554-9ce2-4940-80df-bab76ceffe99@group-1BEDC8ED2755-SegmentedRaftLogWorker: Starting segment from index:0
2021-05-05 15:14:17,624 [84f014eb-0543-4c23-a581-806bb6567559@group-1BEDC8ED2755-SegmentedRaftLogWorker] INFO  segmented.SegmentedRaftLogWorker (SegmentedRaftLogWorker.java:execute(601)) - 84f014eb-0543-4c23-a581-806bb6567559@group-1BEDC8ED2755-SegmentedRaftLogWorker: created new log segment /github/workspace/mnt/ozone/hadoop-ozone/integration-test/target/test-dir/MiniOzoneClusterImpl-c76e6b88-ed31-44d7-ac8c-51a305797015/datanode-8/data/ratis/fcc5943e-3b03-440e-9901-1bedc8ed2755/current/log_inprogress_0
2021-05-05 15:14:17,625 [3aae9554-9ce2-4940-80df-bab76ceffe99@group-1BEDC8ED2755-SegmentedRaftLogWorker] INFO  segmented.SegmentedRaftLogWorker (SegmentedRaftLogWorker.java:execute(601)) - 3aae9554-9ce2-4940-80df-bab76ceffe99@group-1BEDC8ED2755-SegmentedRaftLogWorker: created new log segment /github/workspace/mnt/ozone/hadoop-ozone/integration-test/target/test-dir/MiniOzoneClusterImpl-c76e6b88-ed31-44d7-ac8c-51a305797015/datanode-6/data/ratis/fcc5943e-3b03-440e-9901-1bedc8ed2755/current/log_inprogress_0
2021-05-05 15:14:21,097 [c9225e55-1a9d-4728-b49d-cebf6a0677b3@group-BFCF83161046-FollowerState] INFO  impl.FollowerState (FollowerState.java:run(134)) - c9225e55-1a9d-4728-b49d-cebf6a0677b3@group-BFCF83161046-FollowerState: change to CANDIDATE, lastRpcElapsedTime:5029911214ns, electionTimeout:5029ms
2021-05-05 15:14:21,097 [c9225e55-1a9d-4728-b49d-cebf6a0677b3@group-BFCF83161046-FollowerState] INFO  impl.RoleInfo (RoleInfo.java:shutdownFollowerState(108)) - c9225e55-1a9d-4728-b49d-cebf6a0677b3: shutdown c9225e55-1a9d-4728-b49d-cebf6a0677b3@group-BFCF83161046-FollowerState
2021-05-05 15:14:21,097 [c9225e55-1a9d-4728-b49d-cebf6a0677b3@group-BFCF83161046-FollowerState] INFO  server.RaftServer$Division (RaftServerImpl.java:setRole(284)) - c9225e55-1a9d-4728-b49d-cebf6a0677b3@group-BFCF83161046: changes role from  FOLLOWER to CANDIDATE at term 2 for changeToCandidate
2021-05-05 15:14:21,097 [c9225e55-1a9d-4728-b49d-cebf6a0677b3@group-BFCF83161046-FollowerState] INFO  server.RaftServerConfigKeys (ConfUtils.java:logGet(44)) - raft.server.leaderelection.pre-vote = false (custom)
2021-05-05 15:14:21,098 [c9225e55-1a9d-4728-b49d-cebf6a0677b3@group-BFCF83161046-FollowerState] INFO  impl.RoleInfo (RoleInfo.java:updateAndGet(130)) - c9225e55-1a9d-4728-b49d-cebf6a0677b3: start c9225e55-1a9d-4728-b49d-cebf6a0677b3@group-BFCF83161046-LeaderElection97
2021-05-05 15:14:21,099 [c9225e55-1a9d-4728-b49d-cebf6a0677b3@group-BFCF83161046-LeaderElection97] INFO  impl.LeaderElection (LeaderElection.java:askForVotes(306)) - c9225e55-1a9d-4728-b49d-cebf6a0677b3@group-BFCF83161046-LeaderElection97 ELECTION round 0: submit vote requests at term 3 for -1: [a99b94f7-bcc3-419a-91d6-c5ca6fccf1ee|rpc:172.17.0.2:44371|dataStream:|priority:0, c9225e55-1a9d-4728-b49d-cebf6a0677b3|rpc:172.17.0.2:38287|dataStream:|priority:1, 8cc4f11c-26a9-4978-bb71-8737c51096c0|rpc:172.17.0.2:34407|dataStream:|priority:0], old=null
2021-05-05 15:14:21,106 [grpc-default-executor-2] INFO  server.RaftServer$Division (RaftServerImpl.java:requestVote(1042)) - a99b94f7-bcc3-419a-91d6-c5ca6fccf1ee@group-BFCF83161046: receive requestVote(ELECTION, c9225e55-1a9d-4728-b49d-cebf6a0677b3, group-BFCF83161046, 3, (t:0, i:0))
2021-05-05 15:14:21,106 [grpc-default-executor-2] INFO  impl.VoteContext (VoteContext.java:log(48)) - a99b94f7-bcc3-419a-91d6-c5ca6fccf1ee@group-BFCF83161046-FOLLOWER: accept ELECTION from c9225e55-1a9d-4728-b49d-cebf6a0677b3: our priority 0 <= candidate's priority 1
2021-05-05 15:14:21,106 [grpc-default-executor-2] INFO  server.RaftServer$Division (RaftServerImpl.java:setRole(284)) - a99b94f7-bcc3-419a-91d6-c5ca6fccf1ee@group-BFCF83161046: changes role from  FOLLOWER to FOLLOWER at term 3 for candidate:c9225e55-1a9d-4728-b49d-cebf6a0677b3
2021-05-05 15:14:21,106 [grpc-default-executor-2] INFO  impl.RoleInfo (RoleInfo.java:shutdownFollowerState(108)) - a99b94f7-bcc3-419a-91d6-c5ca6fccf1ee: shutdown a99b94f7-bcc3-419a-91d6-c5ca6fccf1ee@group-BFCF83161046-FollowerState
2021-05-05 15:14:21,106 [grpc-default-executor-2] INFO  impl.RoleInfo (RoleInfo.java:updateAndGet(130)) - a99b94f7-bcc3-419a-91d6-c5ca6fccf1ee: start a99b94f7-bcc3-419a-91d6-c5ca6fccf1ee@group-BFCF83161046-FollowerState
2021-05-05 15:14:21,107 [a99b94f7-bcc3-419a-91d6-c5ca6fccf1ee@group-BFCF83161046-FollowerState] INFO  impl.FollowerState (FollowerState.java:run(143)) - a99b94f7-bcc3-419a-91d6-c5ca6fccf1ee@group-BFCF83161046-FollowerState was interrupted: {}
java.lang.InterruptedException: sleep interrupted
	at java.lang.Thread.sleep(Native Method)
	at java.lang.Thread.sleep(Thread.java:340)
	at java.util.concurrent.TimeUnit.sleep(TimeUnit.java:386)
	at org.apache.ratis.util.TimeDuration.sleep(TimeDuration.java:324)
	at org.apache.ratis.util.TimeDuration.sleep(TimeDuration.java:309)
	at org.apache.ratis.server.impl.FollowerState.run(FollowerState.java:118)
2021-05-05 15:14:21,108 [grpc-default-executor-0] INFO  metrics.RatisMetrics (RatisMetrics.java:lambda$create$0(36)) - Creating Metrics Registry : ratis.server_message_metrics.8cc4f11c-26a9-4978-bb71-8737c51096c0
2021-05-05 15:14:21,108 [grpc-default-executor-2] INFO  server.RaftServer$Division (RaftServerImpl.java:requestVote(1074)) - a99b94f7-bcc3-419a-91d6-c5ca6fccf1ee@group-BFCF83161046 replies to ELECTION vote request: c9225e55-1a9d-4728-b49d-cebf6a0677b3<-a99b94f7-bcc3-419a-91d6-c5ca6fccf1ee#0:OK-t3. Peer's state: a99b94f7-bcc3-419a-91d6-c5ca6fccf1ee@group-BFCF83161046:t3, leader=null, voted=c9225e55-1a9d-4728-b49d-cebf6a0677b3, raftlog=a99b94f7-bcc3-419a-91d6-c5ca6fccf1ee@group-BFCF83161046-SegmentedRaftLog:OPENED:c-1,f-1,i0, conf=-1: [a99b94f7-bcc3-419a-91d6-c5ca6fccf1ee|rpc:172.17.0.2:44371|dataStream:|priority:0, c9225e55-1a9d-4728-b49d-cebf6a0677b3|rpc:172.17.0.2:38287|dataStream:|priority:1, 8cc4f11c-26a9-4978-bb71-8737c51096c0|rpc:172.17.0.2:34407|dataStream:|priority:0], old=null
2021-05-05 15:14:21,109 [grpc-default-executor-0] INFO  server.RaftServer$Division (RaftServerImpl.java:requestVote(1042)) - 8cc4f11c-26a9-4978-bb71-8737c51096c0@group-BFCF83161046: receive requestVote(ELECTION, c9225e55-1a9d-4728-b49d-cebf6a0677b3, group-BFCF83161046, 3, (t:0, i:0))
2021-05-05 15:14:21,109 [grpc-default-executor-0] INFO  impl.VoteContext (VoteContext.java:log(48)) - 8cc4f11c-26a9-4978-bb71-8737c51096c0@group-BFCF83161046-FOLLOWER: accept ELECTION from c9225e55-1a9d-4728-b49d-cebf6a0677b3: our priority 0 <= candidate's priority 1
2021-05-05 15:14:21,109 [grpc-default-executor-0] INFO  server.RaftServer$Division (RaftServerImpl.java:setRole(284)) - 8cc4f11c-26a9-4978-bb71-8737c51096c0@group-BFCF83161046: changes role from  FOLLOWER to FOLLOWER at term 3 for candidate:c9225e55-1a9d-4728-b49d-cebf6a0677b3
2021-05-05 15:14:21,109 [grpc-default-executor-0] INFO  impl.RoleInfo (RoleInfo.java:shutdownFollowerState(108)) - 8cc4f11c-26a9-4978-bb71-8737c51096c0: shutdown 8cc4f11c-26a9-4978-bb71-8737c51096c0@group-BFCF83161046-FollowerState
2021-05-05 15:14:21,109 [grpc-default-executor-0] INFO  impl.RoleInfo (RoleInfo.java:updateAndGet(130)) - 8cc4f11c-26a9-4978-bb71-8737c51096c0: start 8cc4f11c-26a9-4978-bb71-8737c51096c0@group-BFCF83161046-FollowerState
2021-05-05 15:14:21,109 [8cc4f11c-26a9-4978-bb71-8737c51096c0@group-BFCF83161046-FollowerState] INFO  impl.FollowerState (FollowerState.java:run(143)) - 8cc4f11c-26a9-4978-bb71-8737c51096c0@group-BFCF83161046-FollowerState was interrupted: {}
java.lang.InterruptedException: sleep interrupted
	at java.lang.Thread.sleep(Native Method)
	at java.lang.Thread.sleep(Thread.java:340)
	at java.util.concurrent.TimeUnit.sleep(TimeUnit.java:386)
	at org.apache.ratis.util.TimeDuration.sleep(TimeDuration.java:324)
	at org.apache.ratis.util.TimeDuration.sleep(TimeDuration.java:309)
	at org.apache.ratis.server.impl.FollowerState.run(FollowerState.java:118)
2021-05-05 15:14:21,109 [c9225e55-1a9d-4728-b49d-cebf6a0677b3@group-BFCF83161046-LeaderElection97] INFO  impl.LeaderElection (LeaderElection.java:logAndReturn(89)) - c9225e55-1a9d-4728-b49d-cebf6a0677b3@group-BFCF83161046-LeaderElection97: ELECTION PASSED received 1 response(s) and 0 exception(s):
2021-05-05 15:14:21,109 [c9225e55-1a9d-4728-b49d-cebf6a0677b3@group-BFCF83161046-LeaderElection97] INFO  impl.LeaderElection (LeaderElection.java:logAndReturn(93)) -   Response 0: c9225e55-1a9d-4728-b49d-cebf6a0677b3<-a99b94f7-bcc3-419a-91d6-c5ca6fccf1ee#0:OK-t3
2021-05-05 15:14:21,111 [c9225e55-1a9d-4728-b49d-cebf6a0677b3@group-BFCF83161046-LeaderElection97] INFO  impl.LeaderElection (LeaderElection.java:askForVotes(308)) - c9225e55-1a9d-4728-b49d-cebf6a0677b3@group-BFCF83161046-LeaderElection97 ELECTION round 0: result PASSED
2021-05-05 15:14:21,111 [grpc-default-executor-0] INFO  server.RaftServer$Division (RaftServerImpl.java:requestVote(1074)) - 8cc4f11c-26a9-4978-bb71-8737c51096c0@group-BFCF83161046 replies to ELECTION vote request: c9225e55-1a9d-4728-b49d-cebf6a0677b3<-8cc4f11c-26a9-4978-bb71-8737c51096c0#0:OK-t3. Peer's state: 8cc4f11c-26a9-4978-bb71-8737c51096c0@group-BFCF83161046:t3, leader=null, voted=c9225e55-1a9d-4728-b49d-cebf6a0677b3, raftlog=8cc4f11c-26a9-4978-bb71-8737c51096c0@group-BFCF83161046-SegmentedRaftLog:OPENED:c-1,f-1,i0, conf=-1: [a99b94f7-bcc3-419a-91d6-c5ca6fccf1ee|rpc:172.17.0.2:44371|priority:0, c9225e55-1a9d-4728-b49d-cebf6a0677b3|rpc:172.17.0.2:38287|priority:1, 8cc4f11c-26a9-4978-bb71-8737c51096c0|rpc:172.17.0.2:34407|priority:0], old=null
2021-05-05 15:14:21,111 [c9225e55-1a9d-4728-b49d-cebf6a0677b3@group-BFCF83161046-LeaderElection97] INFO  impl.RoleInfo (RoleInfo.java:shutdownLeaderElection(121)) - c9225e55-1a9d-4728-b49d-cebf6a0677b3: shutdown c9225e55-1a9d-4728-b49d-cebf6a0677b3@group-BFCF83161046-LeaderElection97
2021-05-05 15:14:21,111 [c9225e55-1a9d-4728-b49d-cebf6a0677b3@group-BFCF83161046-LeaderElection97] INFO  server.RaftServer$Division (RaftServerImpl.java:setRole(284)) - c9225e55-1a9d-4728-b49d-cebf6a0677b3@group-BFCF83161046: changes role from CANDIDATE to LEADER at term 3 for changeToLeader
2021-05-05 15:14:21,111 [c9225e55-1a9d-4728-b49d-cebf6a0677b3@group-BFCF83161046-LeaderElection97] INFO  ratis.XceiverServerRatis (XceiverServerRatis.java:handleLeaderChangedNotification(906)) - Leader change notification received for group: group-BFCF83161046 with new leaderId: c9225e55-1a9d-4728-b49d-cebf6a0677b3
2021-05-05 15:14:21,111 [c9225e55-1a9d-4728-b49d-cebf6a0677b3@group-BFCF83161046-LeaderElection97] INFO  server.RaftServer$Division (ServerState.java:setLeader(271)) - c9225e55-1a9d-4728-b49d-cebf6a0677b3@group-BFCF83161046: change Leader from null to c9225e55-1a9d-4728-b49d-cebf6a0677b3 at term 3 for becomeLeader, leader elected after 15148ms
2021-05-05 15:14:21,111 [c9225e55-1a9d-4728-b49d-cebf6a0677b3@group-BFCF83161046-LeaderElection97] INFO  server.RaftServerConfigKeys (ConfUtils.java:logGet(44)) - raft.server.staging.catchup.gap = 1000 (default)
2021-05-05 15:14:21,111 [c9225e55-1a9d-4728-b49d-cebf6a0677b3@group-BFCF83161046-LeaderElection97] INFO  metrics.RatisMetrics (RatisMetrics.java:lambda$create$0(36)) - Creating Metrics Registry : ratis.log_appender.c9225e55-1a9d-4728-b49d-cebf6a0677b3@group-BFCF83161046
2021-05-05 15:14:21,111 [c9225e55-1a9d-4728-b49d-cebf6a0677b3@group-BFCF83161046-LeaderElection97] INFO  server.RaftServerConfigKeys (ConfUtils.java:logGet(44)) - raft.server.write.element-limit = 1024 (custom)
2021-05-05 15:14:21,111 [c9225e55-1a9d-4728-b49d-cebf6a0677b3@group-BFCF83161046-LeaderElection97] INFO  server.RaftServerConfigKeys (ConfUtils.java:logGet(44)) - raft.server.write.byte-limit = 1073741824 (custom)
2021-05-05 15:14:21,112 [c9225e55-1a9d-4728-b49d-cebf6a0677b3@group-BFCF83161046-LeaderElection97] INFO  server.RaftServerConfigKeys (ConfUtils.java:logGet(44)) - raft.server.watch.timeout = 3000ms (custom)
2021-05-05 15:14:21,112 [c9225e55-1a9d-4728-b49d-cebf6a0677b3@group-BFCF83161046-LeaderElection97] INFO  server.RaftServerConfigKeys (ConfUtils.java:logGet(44)) - raft.server.watch.timeout.denomination = 1s (default)
2021-05-05 15:14:21,112 [c9225e55-1a9d-4728-b49d-cebf6a0677b3@group-BFCF83161046-LeaderElection97] INFO  server.RaftServerConfigKeys (ConfUtils.java:logGet(44)) - raft.server.watch.element-limit = 65536 (default)
2021-05-05 15:14:21,112 [c9225e55-1a9d-4728-b49d-cebf6a0677b3@group-BFCF83161046-LeaderElection97] INFO  server.RaftServerConfigKeys (ConfUtils.java:logGet(44)) - raft.server.log.appender.snapshot.chunk.size.max = 16MB (=16777216) (default)
2021-05-05 15:14:21,112 [c9225e55-1a9d-4728-b49d-cebf6a0677b3@group-BFCF83161046-LeaderElection97] INFO  server.RaftServerConfigKeys (ConfUtils.java:logGet(44)) - raft.server.log.appender.buffer.byte-limit = 33554432 (custom)
2021-05-05 15:14:21,112 [c9225e55-1a9d-4728-b49d-cebf6a0677b3@group-BFCF83161046-LeaderElection97] INFO  server.RaftServerConfigKeys (ConfUtils.java:logGet(44)) - raft.server.log.appender.buffer.element-limit = 1 (custom)
2021-05-05 15:14:21,112 [c9225e55-1a9d-4728-b49d-cebf6a0677b3@group-BFCF83161046-LeaderElection97] INFO  grpc.GrpcConfigKeys (ConfUtils.java:logGet(44)) - raft.grpc.server.leader.outstanding.appends.max = 128 (default)
2021-05-05 15:14:21,112 [c9225e55-1a9d-4728-b49d-cebf6a0677b3@group-BFCF83161046-LeaderElection97] INFO  server.RaftServerConfigKeys (ConfUtils.java:logGet(44)) - raft.server.rpc.request.timeout = 3000ms (default)
2021-05-05 15:14:21,113 [c9225e55-1a9d-4728-b49d-cebf6a0677b3@group-BFCF83161046-LeaderElection97] INFO  server.RaftServerConfigKeys (ConfUtils.java:logGet(44)) - raft.server.log.appender.install.snapshot.enabled = false (custom)
2021-05-05 15:14:21,113 [c9225e55-1a9d-4728-b49d-cebf6a0677b3@group-BFCF83161046-LeaderElection97] INFO  metrics.RatisMetrics (RatisMetrics.java:lambda$create$0(36)) - Creating Metrics Registry : ratis_grpc.log_appender.c9225e55-1a9d-4728-b49d-cebf6a0677b3@group-BFCF83161046
2021-05-05 15:14:21,114 [EventQueue-PipelineReportForPipelineReportHandler] INFO  pipeline.PipelineManagerV2Impl (PipelineManagerV2Impl.java:openPipeline(270)) - Pipeline Pipeline[ Id: 2dc2dbe7-ca3e-4d45-bdcb-bfcf83161046, Nodes: c9225e55-1a9d-4728-b49d-cebf6a0677b3{ip: 172.17.0.2, host: d81b9af81a7a, ports: [REPLICATION=42701, RATIS=38287, RATIS_ADMIN=38287, RATIS_SERVER=38287, STANDALONE=36241], networkLocation: /default-rack, certSerialId: null, persistedOpState: IN_SERVICE, persistedOpStateExpiryEpochSec: 0}a99b94f7-bcc3-419a-91d6-c5ca6fccf1ee{ip: 172.17.0.2, host: d81b9af81a7a, ports: [REPLICATION=39681, RATIS=44371, RATIS_ADMIN=44371, RATIS_SERVER=44371, STANDALONE=37087], networkLocation: /default-rack, certSerialId: null, persistedOpState: IN_SERVICE, persistedOpStateExpiryEpochSec: 0}8cc4f11c-26a9-4978-bb71-8737c51096c0{ip: 172.17.0.2, host: d81b9af81a7a, ports: [REPLICATION=41063, RATIS=34407, RATIS_ADMIN=34407, RATIS_SERVER=34407, STANDALONE=35355], networkLocation: /default-rack, certSerialId: null, persistedOpState: IN_SERVICE, persistedOpStateExpiryEpochSec: 0}, ReplicationConfig: RATIS/THREE, State:ALLOCATED, leaderId:c9225e55-1a9d-4728-b49d-cebf6a0677b3, CreationTimestamp2021-05-05T15:14:03.379Z] moved to OPEN state
2021-05-05 15:14:21,115 [c9225e55-1a9d-4728-b49d-cebf6a0677b3@group-BFCF83161046-LeaderElection97] INFO  server.RaftServerConfigKeys (ConfUtils.java:logGet(44)) - raft.server.log.appender.snapshot.chunk.size.max = 16MB (=16777216) (default)
2021-05-05 15:14:21,115 [c9225e55-1a9d-4728-b49d-cebf6a0677b3@group-BFCF83161046-LeaderElection97] INFO  server.RaftServerConfigKeys (ConfUtils.java:logGet(44)) - raft.server.log.appender.buffer.byte-limit = 33554432 (custom)
2021-05-05 15:14:21,115 [c9225e55-1a9d-4728-b49d-cebf6a0677b3@group-BFCF83161046-LeaderElection97] INFO  server.RaftServerConfigKeys (ConfUtils.java:logGet(44)) - raft.server.log.appender.buffer.element-limit = 1 (custom)
2021-05-05 15:14:21,115 [c9225e55-1a9d-4728-b49d-cebf6a0677b3@group-BFCF83161046-LeaderElection97] INFO  grpc.GrpcConfigKeys (ConfUtils.java:logGet(44)) - raft.grpc.server.leader.outstanding.appends.max = 128 (default)
2021-05-05 15:14:21,115 [c9225e55-1a9d-4728-b49d-cebf6a0677b3@group-BFCF83161046-LeaderElection97] INFO  server.RaftServerConfigKeys (ConfUtils.java:logGet(44)) - raft.server.rpc.request.timeout = 3000ms (default)
2021-05-05 15:14:21,116 [c9225e55-1a9d-4728-b49d-cebf6a0677b3@group-BFCF83161046-LeaderElection97] INFO  server.RaftServerConfigKeys (ConfUtils.java:logGet(44)) - raft.server.log.appender.install.snapshot.enabled = false (custom)
2021-05-05 15:14:21,118 [c9225e55-1a9d-4728-b49d-cebf6a0677b3@group-BFCF83161046-LeaderElection97] INFO  impl.RoleInfo (RoleInfo.java:updateAndGet(130)) - c9225e55-1a9d-4728-b49d-cebf6a0677b3: start c9225e55-1a9d-4728-b49d-cebf6a0677b3@group-BFCF83161046-LeaderStateImpl
2021-05-05 15:14:21,118 [c9225e55-1a9d-4728-b49d-cebf6a0677b3@group-BFCF83161046-LeaderElection97] INFO  segmented.SegmentedRaftLogWorker (SegmentedRaftLogWorker.java:startLogSegment(394)) - c9225e55-1a9d-4728-b49d-cebf6a0677b3@group-BFCF83161046-SegmentedRaftLogWorker: Starting segment from index:0
2021-05-05 15:14:21,120 [c9225e55-1a9d-4728-b49d-cebf6a0677b3@group-BFCF83161046-SegmentedRaftLogWorker] INFO  segmented.SegmentedRaftLogWorker (SegmentedRaftLogWorker.java:execute(601)) - c9225e55-1a9d-4728-b49d-cebf6a0677b3@group-BFCF83161046-SegmentedRaftLogWorker: created new log segment /github/workspace/mnt/ozone/hadoop-ozone/integration-test/target/test-dir/MiniOzoneClusterImpl-c76e6b88-ed31-44d7-ac8c-51a305797015/datanode-2/data/ratis/2dc2dbe7-ca3e-4d45-bdcb-bfcf83161046/current/log_inprogress_0
2021-05-05 15:14:21,120 [c9225e55-1a9d-4728-b49d-cebf6a0677b3@group-BFCF83161046-LeaderElection97] INFO  server.RaftServer$Division (ServerState.java:setRaftConf(373)) - c9225e55-1a9d-4728-b49d-cebf6a0677b3@group-BFCF83161046: set configuration 0: [a99b94f7-bcc3-419a-91d6-c5ca6fccf1ee|rpc:172.17.0.2:44371|dataStream:|priority:0, c9225e55-1a9d-4728-b49d-cebf6a0677b3|rpc:172.17.0.2:38287|dataStream:|priority:1, 8cc4f11c-26a9-4978-bb71-8737c51096c0|rpc:172.17.0.2:34407|dataStream:|priority:0], old=null
2021-05-05 15:14:21,130 [grpc-default-executor-1] INFO  ratis.XceiverServerRatis (XceiverServerRatis.java:handleLeaderChangedNotification(906)) - Leader change notification received for group: group-BFCF83161046 with new leaderId: c9225e55-1a9d-4728-b49d-cebf6a0677b3
2021-05-05 15:14:21,130 [grpc-default-executor-1] INFO  server.RaftServer$Division (ServerState.java:setLeader(271)) - a99b94f7-bcc3-419a-91d6-c5ca6fccf1ee@group-BFCF83161046: change Leader from null to c9225e55-1a9d-4728-b49d-cebf6a0677b3 at term 3 for appendEntries, leader elected after 15140ms
2021-05-05 15:14:21,137 [grpc-default-executor-0] INFO  ratis.XceiverServerRatis (XceiverServerRatis.java:handleLeaderChangedNotification(906)) - Leader change notification received for group: group-BFCF83161046 with new leaderId: c9225e55-1a9d-4728-b49d-cebf6a0677b3
2021-05-05 15:14:21,137 [grpc-default-executor-0] INFO  server.RaftServer$Division (ServerState.java:setLeader(271)) - 8cc4f11c-26a9-4978-bb71-8737c51096c0@group-BFCF83161046: change Leader from null to c9225e55-1a9d-4728-b49d-cebf6a0677b3 at term 3 for appendEntries, leader elected after 15200ms
2021-05-05 15:14:21,144 [grpc-default-executor-2] INFO  server.RaftServer$Division (ServerState.java:setRaftConf(373)) - a99b94f7-bcc3-419a-91d6-c5ca6fccf1ee@group-BFCF83161046: set configuration 0: [a99b94f7-bcc3-419a-91d6-c5ca6fccf1ee|rpc:172.17.0.2:44371|dataStream:|priority:0, c9225e55-1a9d-4728-b49d-cebf6a0677b3|rpc:172.17.0.2:38287|dataStream:|priority:1, 8cc4f11c-26a9-4978-bb71-8737c51096c0|rpc:172.17.0.2:34407|dataStream:|priority:0], old=null
2021-05-05 15:14:21,151 [grpc-default-executor-2] INFO  segmented.SegmentedRaftLogWorker (SegmentedRaftLogWorker.java:startLogSegment(394)) - a99b94f7-bcc3-419a-91d6-c5ca6fccf1ee@group-BFCF83161046-SegmentedRaftLogWorker: Starting segment from index:0
2021-05-05 15:14:21,153 [grpc-default-executor-1] INFO  server.RaftServer$Division (ServerState.java:setRaftConf(373)) - 8cc4f11c-26a9-4978-bb71-8737c51096c0@group-BFCF83161046: set configuration 0: [a99b94f7-bcc3-419a-91d6-c5ca6fccf1ee|rpc:172.17.0.2:44371|dataStream:|priority:0, c9225e55-1a9d-4728-b49d-cebf6a0677b3|rpc:172.17.0.2:38287|dataStream:|priority:1, 8cc4f11c-26a9-4978-bb71-8737c51096c0|rpc:172.17.0.2:34407|dataStream:|priority:0], old=null
2021-05-05 15:14:21,154 [grpc-default-executor-1] INFO  segmented.SegmentedRaftLogWorker (SegmentedRaftLogWorker.java:startLogSegment(394)) - 8cc4f11c-26a9-4978-bb71-8737c51096c0@group-BFCF83161046-SegmentedRaftLogWorker: Starting segment from index:0
2021-05-05 15:14:21,154 [a99b94f7-bcc3-419a-91d6-c5ca6fccf1ee@group-BFCF83161046-SegmentedRaftLogWorker] INFO  segmented.SegmentedRaftLogWorker (SegmentedRaftLogWorker.java:execute(601)) - a99b94f7-bcc3-419a-91d6-c5ca6fccf1ee@group-BFCF83161046-SegmentedRaftLogWorker: created new log segment /github/workspace/mnt/ozone/hadoop-ozone/integration-test/target/test-dir/MiniOzoneClusterImpl-c76e6b88-ed31-44d7-ac8c-51a305797015/datanode-1/data/ratis/2dc2dbe7-ca3e-4d45-bdcb-bfcf83161046/current/log_inprogress_0
2021-05-05 15:14:21,155 [8cc4f11c-26a9-4978-bb71-8737c51096c0@group-BFCF83161046-SegmentedRaftLogWorker] INFO  segmented.SegmentedRaftLogWorker (SegmentedRaftLogWorker.java:execute(601)) - 8cc4f11c-26a9-4978-bb71-8737c51096c0@group-BFCF83161046-SegmentedRaftLogWorker: created new log segment /github/workspace/mnt/ozone/hadoop-ozone/integration-test/target/test-dir/MiniOzoneClusterImpl-c76e6b88-ed31-44d7-ac8c-51a305797015/datanode-0/data/ratis/2dc2dbe7-ca3e-4d45-bdcb-bfcf83161046/current/log_inprogress_0
2021-05-05 15:14:21,891 [89dd138e-de60-41fb-966a-8d68ccbfd781@group-EC4FF14613B3-FollowerState] INFO  impl.FollowerState (FollowerState.java:run(134)) - 89dd138e-de60-41fb-966a-8d68ccbfd781@group-EC4FF14613B3-FollowerState: change to CANDIDATE, lastRpcElapsedTime:5089281602ns, electionTimeout:5089ms
2021-05-05 15:14:21,892 [89dd138e-de60-41fb-966a-8d68ccbfd781@group-EC4FF14613B3-FollowerState] INFO  impl.RoleInfo (RoleInfo.java:shutdownFollowerState(108)) - 89dd138e-de60-41fb-966a-8d68ccbfd781: shutdown 89dd138e-de60-41fb-966a-8d68ccbfd781@group-EC4FF14613B3-FollowerState
2021-05-05 15:14:21,892 [89dd138e-de60-41fb-966a-8d68ccbfd781@group-EC4FF14613B3-FollowerState] INFO  server.RaftServer$Division (RaftServerImpl.java:setRole(284)) - 89dd138e-de60-41fb-966a-8d68ccbfd781@group-EC4FF14613B3: changes role from  FOLLOWER to CANDIDATE at term 3 for changeToCandidate
2021-05-05 15:14:21,892 [89dd138e-de60-41fb-966a-8d68ccbfd781@group-EC4FF14613B3-FollowerState] INFO  server.RaftServerConfigKeys (ConfUtils.java:logGet(44)) - raft.server.leaderelection.pre-vote = false (custom)
2021-05-05 15:14:21,892 [89dd138e-de60-41fb-966a-8d68ccbfd781@group-EC4FF14613B3-FollowerState] INFO  impl.RoleInfo (RoleInfo.java:updateAndGet(130)) - 89dd138e-de60-41fb-966a-8d68ccbfd781: start 89dd138e-de60-41fb-966a-8d68ccbfd781@group-EC4FF14613B3-LeaderElection98
2021-05-05 15:14:21,893 [89dd138e-de60-41fb-966a-8d68ccbfd781@group-EC4FF14613B3-LeaderElection98] INFO  impl.LeaderElection (LeaderElection.java:askForVotes(306)) - 89dd138e-de60-41fb-966a-8d68ccbfd781@group-EC4FF14613B3-LeaderElection98 ELECTION round 0: submit vote requests at term 4 for -1: [89dd138e-de60-41fb-966a-8d68ccbfd781|rpc:172.17.0.2:32835|dataStream:|priority:0, 7ec8b880-4b6b-4ec3-8434-09a8711643ec|rpc:172.17.0.2:33093|dataStream:|priority:0, 588c0cf1-2ab3-4f31-88e6-40c30440d309|rpc:172.17.0.2:46273|dataStream:|priority:1], old=null
2021-05-05 15:14:21,895 [grpc-default-executor-0] INFO  server.RaftServer$Division (RaftServerImpl.java:requestVote(1042)) - 7ec8b880-4b6b-4ec3-8434-09a8711643ec@group-EC4FF14613B3: receive requestVote(ELECTION, 89dd138e-de60-41fb-966a-8d68ccbfd781, group-EC4FF14613B3, 4, (t:0, i:0))
2021-05-05 15:14:21,895 [grpc-default-executor-1] INFO  server.RaftServer$Division (RaftServerImpl.java:requestVote(1042)) - 588c0cf1-2ab3-4f31-88e6-40c30440d309@group-EC4FF14613B3: receive requestVote(ELECTION, 89dd138e-de60-41fb-966a-8d68ccbfd781, group-EC4FF14613B3, 4, (t:0, i:0))
2021-05-05 15:14:21,895 [grpc-default-executor-0] INFO  impl.VoteContext (VoteContext.java:log(48)) - 7ec8b880-4b6b-4ec3-8434-09a8711643ec@group-EC4FF14613B3-FOLLOWER: accept ELECTION from 89dd138e-de60-41fb-966a-8d68ccbfd781: our priority 0 <= candidate's priority 0
2021-05-05 15:14:21,895 [grpc-default-executor-0] INFO  server.RaftServer$Division (RaftServerImpl.java:setRole(284)) - 7ec8b880-4b6b-4ec3-8434-09a8711643ec@group-EC4FF14613B3: changes role from  FOLLOWER to FOLLOWER at term 4 for candidate:89dd138e-de60-41fb-966a-8d68ccbfd781
2021-05-05 15:14:21,895 [grpc-default-executor-0] INFO  impl.RoleInfo (RoleInfo.java:shutdownFollowerState(108)) - 7ec8b880-4b6b-4ec3-8434-09a8711643ec: shutdown 7ec8b880-4b6b-4ec3-8434-09a8711643ec@group-EC4FF14613B3-FollowerState
2021-05-05 15:14:21,896 [grpc-default-executor-0] INFO  impl.RoleInfo (RoleInfo.java:updateAndGet(130)) - 7ec8b880-4b6b-4ec3-8434-09a8711643ec: start 7ec8b880-4b6b-4ec3-8434-09a8711643ec@group-EC4FF14613B3-FollowerState
2021-05-05 15:14:21,895 [grpc-default-executor-1] INFO  impl.VoteContext (VoteContext.java:log(48)) - 588c0cf1-2ab3-4f31-88e6-40c30440d309@group-EC4FF14613B3-FOLLOWER: reject ELECTION from 89dd138e-de60-41fb-966a-8d68ccbfd781: our last entry (t:1, i:0) > candidate's last entry (t:0, i:0)
2021-05-05 15:14:21,896 [7ec8b880-4b6b-4ec3-8434-09a8711643ec@group-EC4FF14613B3-FollowerState] INFO  impl.FollowerState (FollowerState.java:run(143)) - 7ec8b880-4b6b-4ec3-8434-09a8711643ec@group-EC4FF14613B3-FollowerState was interrupted: {}
java.lang.InterruptedException: sleep interrupted
	at java.lang.Thread.sleep(Native Method)
	at java.lang.Thread.sleep(Thread.java:340)
	at java.util.concurrent.TimeUnit.sleep(TimeUnit.java:386)
	at org.apache.ratis.util.TimeDuration.sleep(TimeDuration.java:324)
	at org.apache.ratis.util.TimeDuration.sleep(TimeDuration.java:309)
	at org.apache.ratis.server.impl.FollowerState.run(FollowerState.java:118)
2021-05-05 15:14:21,896 [grpc-default-executor-1] INFO  server.RaftServer$Division (RaftServerImpl.java:setRole(284)) - 588c0cf1-2ab3-4f31-88e6-40c30440d309@group-EC4FF14613B3: changes role from  FOLLOWER to FOLLOWER at term 4 for candidate:89dd138e-de60-41fb-966a-8d68ccbfd781
2021-05-05 15:14:21,896 [grpc-default-executor-1] INFO  impl.RoleInfo (RoleInfo.java:shutdownFollowerState(108)) - 588c0cf1-2ab3-4f31-88e6-40c30440d309: shutdown 588c0cf1-2ab3-4f31-88e6-40c30440d309@group-EC4FF14613B3-FollowerState
2021-05-05 15:14:21,896 [grpc-default-executor-1] INFO  impl.RoleInfo (RoleInfo.java:updateAndGet(130)) - 588c0cf1-2ab3-4f31-88e6-40c30440d309: start 588c0cf1-2ab3-4f31-88e6-40c30440d309@group-EC4FF14613B3-FollowerState
2021-05-05 15:14:21,896 [588c0cf1-2ab3-4f31-88e6-40c30440d309@group-EC4FF14613B3-FollowerState] INFO  impl.FollowerState (FollowerState.java:run(143)) - 588c0cf1-2ab3-4f31-88e6-40c30440d309@group-EC4FF14613B3-FollowerState was interrupted: {}
java.lang.InterruptedException: sleep interrupted
	at java.lang.Thread.sleep(Native Method)
	at java.lang.Thread.sleep(Thread.java:340)
	at java.util.concurrent.TimeUnit.sleep(TimeUnit.java:386)
	at org.apache.ratis.util.TimeDuration.sleep(TimeDuration.java:324)
	at org.apache.ratis.util.TimeDuration.sleep(TimeDuration.java:309)
	at org.apache.ratis.server.impl.FollowerState.run(FollowerState.java:118)
2021-05-05 15:14:21,899 [grpc-default-executor-0] INFO  server.RaftServer$Division (RaftServerImpl.java:requestVote(1074)) - 7ec8b880-4b6b-4ec3-8434-09a8711643ec@group-EC4FF14613B3 replies to ELECTION vote request: 89dd138e-de60-41fb-966a-8d68ccbfd781<-7ec8b880-4b6b-4ec3-8434-09a8711643ec#0:OK-t4. Peer's state: 7ec8b880-4b6b-4ec3-8434-09a8711643ec@group-EC4FF14613B3:t4, leader=null, voted=89dd138e-de60-41fb-966a-8d68ccbfd781, raftlog=7ec8b880-4b6b-4ec3-8434-09a8711643ec@group-EC4FF14613B3-SegmentedRaftLog:OPENED:c-1,f-1,i0, conf=-1: [89dd138e-de60-41fb-966a-8d68ccbfd781|rpc:172.17.0.2:32835|dataStream:|priority:0, 7ec8b880-4b6b-4ec3-8434-09a8711643ec|rpc:172.17.0.2:33093|dataStream:|priority:0, 588c0cf1-2ab3-4f31-88e6-40c30440d309|rpc:172.17.0.2:46273|dataStream:|priority:1], old=null
2021-05-05 15:14:21,899 [grpc-default-executor-1] INFO  server.RaftServer$Division (RaftServerImpl.java:requestVote(1074)) - 588c0cf1-2ab3-4f31-88e6-40c30440d309@group-EC4FF14613B3 replies to ELECTION vote request: 89dd138e-de60-41fb-966a-8d68ccbfd781<-588c0cf1-2ab3-4f31-88e6-40c30440d309#0:FAIL-t4. Peer's state: 588c0cf1-2ab3-4f31-88e6-40c30440d309@group-EC4FF14613B3:t4, leader=null, voted=null, raftlog=588c0cf1-2ab3-4f31-88e6-40c30440d309@group-EC4FF14613B3-SegmentedRaftLog:OPENED:c-1,f0,i0, conf=0: [89dd138e-de60-41fb-966a-8d68ccbfd781|rpc:172.17.0.2:32835|dataStream:|priority:0, 7ec8b880-4b6b-4ec3-8434-09a8711643ec|rpc:172.17.0.2:33093|dataStream:|priority:0, 588c0cf1-2ab3-4f31-88e6-40c30440d309|rpc:172.17.0.2:46273|dataStream:|priority:1], old=null
2021-05-05 15:14:21,899 [89dd138e-de60-41fb-966a-8d68ccbfd781@group-EC4FF14613B3-LeaderElection98] INFO  impl.LeaderElection (LeaderElection.java:logAndReturn(89)) - 89dd138e-de60-41fb-966a-8d68ccbfd781@group-EC4FF14613B3-LeaderElection98: ELECTION REJECTED received 2 response(s) and 0 exception(s):
2021-05-05 15:14:21,899 [89dd138e-de60-41fb-966a-8d68ccbfd781@group-EC4FF14613B3-LeaderElection98] INFO  impl.LeaderElection (LeaderElection.java:logAndReturn(93)) -   Response 0: 89dd138e-de60-41fb-966a-8d68ccbfd781<-7ec8b880-4b6b-4ec3-8434-09a8711643ec#0:OK-t4
2021-05-05 15:14:21,899 [89dd138e-de60-41fb-966a-8d68ccbfd781@group-EC4FF14613B3-LeaderElection98] INFO  impl.LeaderElection (LeaderElection.java:logAndReturn(93)) -   Response 1: 89dd138e-de60-41fb-966a-8d68ccbfd781<-588c0cf1-2ab3-4f31-88e6-40c30440d309#0:FAIL-t4
2021-05-05 15:14:21,900 [89dd138e-de60-41fb-966a-8d68ccbfd781@group-EC4FF14613B3-LeaderElection98] INFO  impl.LeaderElection (LeaderElection.java:askForVotes(308)) - 89dd138e-de60-41fb-966a-8d68ccbfd781@group-EC4FF14613B3-LeaderElection98 ELECTION round 0: result REJECTED
2021-05-05 15:14:21,900 [89dd138e-de60-41fb-966a-8d68ccbfd781@group-EC4FF14613B3-LeaderElection98] INFO  server.RaftServer$Division (RaftServerImpl.java:setRole(284)) - 89dd138e-de60-41fb-966a-8d68ccbfd781@group-EC4FF14613B3: changes role from CANDIDATE to FOLLOWER at term 4 for REJECTED
2021-05-05 15:14:21,900 [89dd138e-de60-41fb-966a-8d68ccbfd781@group-EC4FF14613B3-LeaderElection98] INFO  impl.RoleInfo (RoleInfo.java:shutdownLeaderElection(121)) - 89dd138e-de60-41fb-966a-8d68ccbfd781: shutdown 89dd138e-de60-41fb-966a-8d68ccbfd781@group-EC4FF14613B3-LeaderElection98
2021-05-05 15:14:21,900 [89dd138e-de60-41fb-966a-8d68ccbfd781@group-EC4FF14613B3-LeaderElection98] INFO  impl.RoleInfo (RoleInfo.java:updateAndGet(130)) - 89dd138e-de60-41fb-966a-8d68ccbfd781: start 89dd138e-de60-41fb-966a-8d68ccbfd781@group-EC4FF14613B3-FollowerState
2021-05-05 15:14:23,600 [java.util.concurrent.ThreadPoolExecutor$Worker@5b410b3[State = -1, empty queue]] INFO  metrics.RatisMetrics (RatisMetrics.java:lambda$create$0(36)) - Creating Metrics Registry : ratis.client_message_metrics.client-D33379494828->89dd138e-de60-41fb-966a-8d68ccbfd781
2021-05-05 15:14:23,611 [Listener at 127.0.0.1/33403] INFO  ozone.MiniOzoneClusterImpl (MiniOzoneClusterImpl.java:shutdown(443)) - Shutting down the Mini Ozone Cluster
2021-05-05 15:14:23,611 [Listener at 127.0.0.1/33403] INFO  ozone.MiniOzoneClusterImpl (MiniOzoneClusterImpl.java:stop(458)) - Stopping the Mini Ozone Cluster
2021-05-05 15:14:23,611 [Listener at 127.0.0.1/33403] INFO  ozone.MiniOzoneClusterImpl (MiniOzoneClusterImpl.java:stopOM(540)) - Stopping the OzoneManager
2021-05-05 15:14:23,611 [Listener at 127.0.0.1/33403] INFO  ipc.Server (Server.java:stop(3403)) - Stopping server on 33403
2021-05-05 15:14:23,617 [IPC Server listener on 0] INFO  ipc.Server (Server.java:run(1366)) - Stopping IPC Server listener on 0
2021-05-05 15:14:23,618 [Listener at 127.0.0.1/33403] INFO  server.RaftServer (RaftServerProxy.java:lambda$close$6(391)) - om1: close
2021-05-05 15:14:23,618 [IPC Server Responder] INFO  ipc.Server (Server.java:run(1502)) - Stopping IPC Server Responder
2021-05-05 15:14:23,618 [Listener at 127.0.0.1/33403] INFO  server.RaftServer$Division (RaftServerImpl.java:lambda$close$4(406)) - om1@group-C5BA1605619E: shutdown
2021-05-05 15:14:23,619 [Listener at 127.0.0.1/33403] INFO  util.JmxRegister (JmxRegister.java:unregister(73)) - Successfully un-registered JMX Bean with object name Ratis:service=RaftServer,group=group-C5BA1605619E,id=om1
2021-05-05 15:14:23,619 [Listener at 127.0.0.1/33403] INFO  impl.RoleInfo (RoleInfo.java:shutdownLeaderState(91)) - om1: shutdown om1@group-C5BA1605619E-LeaderStateImpl
2021-05-05 15:14:23,619 [Listener at 127.0.0.1/33403] INFO  impl.PendingRequests (PendingRequests.java:sendNotLeaderResponses(249)) - om1@group-C5BA1605619E-PendingRequests: sendNotLeaderResponses
2021-05-05 15:14:23,622 [Listener at 127.0.0.1/33403] INFO  metrics.RatisMetrics (RatisMetrics.java:unregister(43)) - Unregistering Metrics Registry : ratis.log_appender.om1@group-C5BA1605619E
2021-05-05 15:14:23,622 [Listener at 127.0.0.1/33403] INFO  metrics.RatisMetrics (RatisMetrics.java:unregister(43)) - Unregistering Metrics Registry : ratis.server.om1@group-C5BA1605619E
2021-05-05 15:14:23,623 [Listener at 127.0.0.1/33403] INFO  impl.StateMachineUpdater (StateMachineUpdater.java:stopAndJoin(149)) - om1@group-C5BA1605619E-StateMachineUpdater: set stopIndex = 4
2021-05-05 15:14:23,623 [om1@group-C5BA1605619E-StateMachineUpdater] INFO  ratis.OzoneManagerStateMachine (OzoneManagerStateMachine.java:takeSnapshot(347)) - Current Snapshot Index (t:1, i:4)
2021-05-05 15:14:23,623 [om1@group-C5BA1605619E-StateMachineUpdater] INFO  impl.StateMachineUpdater (StateMachineUpdater.java:takeSnapshot(281)) - om1@group-C5BA1605619E-StateMachineUpdater: Took a snapshot at index 4
2021-05-05 15:14:23,623 [om1@group-C5BA1605619E-StateMachineUpdater] INFO  impl.StateMachineUpdater (StateMachineUpdater.java:lambda$new$0(89)) - om1@group-C5BA1605619E-StateMachineUpdater: snapshotIndex: updateIncreasingly -1 -> 4
2021-05-05 15:14:23,623 [om1@group-C5BA1605619E-StateMachineUpdater] INFO  metrics.RatisMetrics (RatisMetrics.java:unregister(43)) - Unregistering Metrics Registry : ratis.state_machine.om1@group-C5BA1605619E
2021-05-05 15:14:23,624 [Listener at 127.0.0.1/33403] INFO  server.RaftServer$Division (ServerState.java:close(405)) - om1@group-C5BA1605619E: closes. applyIndex: 4
2021-05-05 15:14:23,624 [om1@group-C5BA1605619E-SegmentedRaftLogWorker] INFO  segmented.SegmentedRaftLogWorker (SegmentedRaftLogWorker.java:run(327)) - om1@group-C5BA1605619E-SegmentedRaftLogWorker was interrupted, exiting. There are 0 tasks remaining in the queue.
2021-05-05 15:14:23,625 [Listener at 127.0.0.1/33403] INFO  segmented.SegmentedRaftLogWorker (SegmentedRaftLogWorker.java:close(237)) - om1@group-C5BA1605619E-SegmentedRaftLogWorker close()
2021-05-05 15:14:23,628 [Listener at 127.0.0.1/33403] INFO  metrics.RatisMetrics (RatisMetrics.java:unregister(43)) - Unregistering Metrics Registry : ratis.log_worker.om1@group-C5BA1605619E
2021-05-05 15:14:23,628 [Listener at 127.0.0.1/33403] INFO  metrics.RatisMetrics (RatisMetrics.java:unregister(43)) - Unregistering Metrics Registry : ratis.leader_election.om1@group-C5BA1605619E
2021-05-05 15:14:23,629 [Listener at 127.0.0.1/33403] INFO  metrics.RatisMetrics (RatisMetrics.java:unregister(43)) - Unregistering Metrics Registry : ratis.server.om1@group-C5BA1605619E
2021-05-05 15:14:23,629 [Listener at 127.0.0.1/33403] INFO  server.GrpcService (GrpcService.java:closeImpl(262)) - om1: shutdown server with port 9872 now
2021-05-05 15:14:23,629 [Listener at 127.0.0.1/33403] INFO  server.GrpcService (GrpcService.java:closeImpl(271)) - om1: shutdown server with port 9872 successfully
2021-05-05 15:14:23,629 [org.apache.ratis.util.JvmPauseMonitor$$Lambda$504/1672688893@5e618639] INFO  util.JvmPauseMonitor (JvmPauseMonitor.java:run(109)) - JvmPauseMonitor-om1: Stopped
2021-05-05 15:14:23,630 [Listener at 127.0.0.1/33403] INFO  ratis.OzoneManagerDoubleBuffer (OzoneManagerDoubleBuffer.java:stop(426)) - Stopping OMDoubleBuffer flush thread
2021-05-05 15:14:23,630 [OMDoubleBufferFlushThread] INFO  ratis.OzoneManagerDoubleBuffer (OzoneManagerDoubleBuffer.java:flushTransactions(353)) - OMDoubleBuffer flush thread OMDoubleBufferFlushThread is interrupted and will exit. OMDoubleBufferFlushThread
2021-05-05 15:14:23,632 [Listener at 127.0.0.1/33403] INFO  ratis.OzoneManagerStateMachine (HadoopExecutors.java:shutdown(118)) - Gracefully shutting down executor service. Waiting max 5 SECONDS
2021-05-05 15:14:23,632 [Listener at 127.0.0.1/33403] INFO  ratis.OzoneManagerStateMachine (HadoopExecutors.java:shutdown(129)) - Succesfully shutdown executor service
2021-05-05 15:14:23,633 [Listener at 127.0.0.1/33403] INFO  ratis.OzoneManagerStateMachine (HadoopExecutors.java:shutdown(118)) - Gracefully shutting down executor service. Waiting max 5 SECONDS
2021-05-05 15:14:23,633 [Listener at 127.0.0.1/33403] INFO  ratis.OzoneManagerStateMachine (HadoopExecutors.java:shutdown(129)) - Succesfully shutdown executor service
2021-05-05 15:14:23,633 [Listener at 127.0.0.1/33403] INFO  utils.BackgroundService (BackgroundService.java:shutdown(132)) - Shutting down service KeyDeletingService
2021-05-05 15:14:23,633 [Listener at 127.0.0.1/33403] INFO  handler.ContextHandler (ContextHandler.java:doStop(1154)) - Stopped o.e.j.w.WebAppContext@344c2157{ozoneManager,/,null,STOPPED}{file:/github/workspace/mnt/ozone/hadoop-ozone/integration-test/target/test-classes/webapps/ozoneManager}
2021-05-05 15:14:23,634 [Listener at 127.0.0.1/33403] INFO  server.AbstractConnector (AbstractConnector.java:doStop(381)) - Stopped ServerConnector@6c95bb3c{HTTP/1.1, (http/1.1)}{0.0.0.0:0}
2021-05-05 15:14:23,635 [Listener at 127.0.0.1/33403] INFO  server.session (HouseKeeper.java:stopScavenging(149)) - node0 Stopped scavenging
2021-05-05 15:14:23,635 [Listener at 127.0.0.1/33403] INFO  handler.ContextHandler (ContextHandler.java:doStop(1154)) - Stopped o.e.j.s.ServletContextHandler@d88f81c{static,/static,file:///github/workspace/mnt/ozone/hadoop-ozone/integration-test/target/test-classes/webapps/static,STOPPED}
2021-05-05 15:14:23,635 [Listener at 127.0.0.1/33403] INFO  handler.ContextHandler (ContextHandler.java:doStop(1154)) - Stopped o.e.j.s.ServletContextHandler@4fa057b0{logs,/logs,file:///github/workspace/mnt/ozone/hadoop-ozone/integration-test/target/log,STOPPED}
2021-05-05 15:14:23,637 [Listener at 127.0.0.1/33403] INFO  ozone.MiniOzoneClusterImpl (MiniOzoneClusterImpl.java:stopDatanodes(517)) - Stopping the HddsDatanodes
2021-05-05 15:14:24,007 [Datanode State Machine Thread - 0] INFO  statemachine.DatanodeStateMachine (DatanodeStateMachine.java:lambda$startDaemon$0(411)) - Ozone container server started.
2021-05-05 15:14:24,111 [Datanode State Machine Thread - 0] INFO  statemachine.DatanodeStateMachine (DatanodeStateMachine.java:lambda$startDaemon$0(411)) - Ozone container server started.
2021-05-05 15:14:27,019 [89dd138e-de60-41fb-966a-8d68ccbfd781@group-EC4FF14613B3-FollowerState] INFO  impl.FollowerState (FollowerState.java:run(134)) - 89dd138e-de60-41fb-966a-8d68ccbfd781@group-EC4FF14613B3-FollowerState: change to CANDIDATE, lastRpcElapsedTime:5119289489ns, electionTimeout:5119ms
2021-05-05 15:14:27,019 [89dd138e-de60-41fb-966a-8d68ccbfd781@group-EC4FF14613B3-FollowerState] INFO  impl.RoleInfo (RoleInfo.java:shutdownFollowerState(108)) - 89dd138e-de60-41fb-966a-8d68ccbfd781: shutdown 89dd138e-de60-41fb-966a-8d68ccbfd781@group-EC4FF14613B3-FollowerState
2021-05-05 15:14:27,019 [89dd138e-de60-41fb-966a-8d68ccbfd781@group-EC4FF14613B3-FollowerState] INFO  server.RaftServer$Division (RaftServerImpl.java:setRole(284)) - 89dd138e-de60-41fb-966a-8d68ccbfd781@group-EC4FF14613B3: changes role from  FOLLOWER to CANDIDATE at term 4 for changeToCandidate
2021-05-05 15:14:27,019 [89dd138e-de60-41fb-966a-8d68ccbfd781@group-EC4FF14613B3-FollowerState] INFO  server.RaftServerConfigKeys (ConfUtils.java:logGet(44)) - raft.server.leaderelection.pre-vote = false (custom)
2021-05-05 15:14:27,019 [89dd138e-de60-41fb-966a-8d68ccbfd781@group-EC4FF14613B3-FollowerState] INFO  impl.RoleInfo (RoleInfo.java:updateAndGet(130)) - 89dd138e-de60-41fb-966a-8d68ccbfd781: start 89dd138e-de60-41fb-966a-8d68ccbfd781@group-EC4FF14613B3-LeaderElection99
2021-05-05 15:14:27,021 [89dd138e-de60-41fb-966a-8d68ccbfd781@group-EC4FF14613B3-LeaderElection99] INFO  impl.LeaderElection (LeaderElection.java:askForVotes(306)) - 89dd138e-de60-41fb-966a-8d68ccbfd781@group-EC4FF14613B3-LeaderElection99 ELECTION round 0: submit vote requests at term 5 for -1: [89dd138e-de60-41fb-966a-8d68ccbfd781|rpc:172.17.0.2:32835|dataStream:|priority:0, 7ec8b880-4b6b-4ec3-8434-09a8711643ec|rpc:172.17.0.2:33093|dataStream:|priority:0, 588c0cf1-2ab3-4f31-88e6-40c30440d309|rpc:172.17.0.2:46273|dataStream:|priority:1], old=null
2021-05-05 15:14:27,022 [grpc-default-executor-2] INFO  server.RaftServer$Division (RaftServerImpl.java:requestVote(1042)) - 7ec8b880-4b6b-4ec3-8434-09a8711643ec@group-EC4FF14613B3: receive requestVote(ELECTION, 89dd138e-de60-41fb-966a-8d68ccbfd781, group-EC4FF14613B3, 5, (t:0, i:0))
2021-05-05 15:14:27,023 [grpc-default-executor-2] INFO  impl.VoteContext (VoteContext.java:log(48)) - 7ec8b880-4b6b-4ec3-8434-09a8711643ec@group-EC4FF14613B3-FOLLOWER: accept ELECTION from 89dd138e-de60-41fb-966a-8d68ccbfd781: our priority 0 <= candidate's priority 0
2021-05-05 15:14:27,023 [grpc-default-executor-2] INFO  server.RaftServer$Division (RaftServerImpl.java:setRole(284)) - 7ec8b880-4b6b-4ec3-8434-09a8711643ec@group-EC4FF14613B3: changes role from  FOLLOWER to FOLLOWER at term 5 for candidate:89dd138e-de60-41fb-966a-8d68ccbfd781
2021-05-05 15:14:27,023 [grpc-default-executor-2] INFO  impl.RoleInfo (RoleInfo.java:shutdownFollowerState(108)) - 7ec8b880-4b6b-4ec3-8434-09a8711643ec: shutdown 7ec8b880-4b6b-4ec3-8434-09a8711643ec@group-EC4FF14613B3-FollowerState
2021-05-05 15:14:27,023 [grpc-default-executor-2] INFO  impl.RoleInfo (RoleInfo.java:updateAndGet(130)) - 7ec8b880-4b6b-4ec3-8434-09a8711643ec: start 7ec8b880-4b6b-4ec3-8434-09a8711643ec@group-EC4FF14613B3-FollowerState
2021-05-05 15:14:27,023 [7ec8b880-4b6b-4ec3-8434-09a8711643ec@group-EC4FF14613B3-FollowerState] INFO  impl.FollowerState (FollowerState.java:run(143)) - 7ec8b880-4b6b-4ec3-8434-09a8711643ec@group-EC4FF14613B3-FollowerState was interrupted: {}
java.lang.InterruptedException: sleep interrupted
	at java.lang.Thread.sleep(Native Method)
	at java.lang.Thread.sleep(Thread.java:340)
	at java.util.concurrent.TimeUnit.sleep(TimeUnit.java:386)
	at org.apache.ratis.util.TimeDuration.sleep(TimeDuration.java:324)
	at org.apache.ratis.util.TimeDuration.sleep(TimeDuration.java:309)
	at org.apache.ratis.server.impl.FollowerState.run(FollowerState.java:118)
2021-05-05 15:14:27,023 [grpc-default-executor-1] INFO  server.RaftServer$Division (RaftServerImpl.java:requestVote(1042)) - 588c0cf1-2ab3-4f31-88e6-40c30440d309@group-EC4FF14613B3: receive requestVote(ELECTION, 89dd138e-de60-41fb-966a-8d68ccbfd781, group-EC4FF14613B3, 5, (t:0, i:0))
2021-05-05 15:14:27,023 [grpc-default-executor-1] INFO  impl.VoteContext (VoteContext.java:log(48)) - 588c0cf1-2ab3-4f31-88e6-40c30440d309@group-EC4FF14613B3-FOLLOWER: reject ELECTION from 89dd138e-de60-41fb-966a-8d68ccbfd781: our last entry (t:1, i:0) > candidate's last entry (t:0, i:0)
2021-05-05 15:14:27,023 [grpc-default-executor-1] INFO  server.RaftServer$Division (RaftServerImpl.java:setRole(284)) - 588c0cf1-2ab3-4f31-88e6-40c30440d309@group-EC4FF14613B3: changes role from  FOLLOWER to FOLLOWER at term 5 for candidate:89dd138e-de60-41fb-966a-8d68ccbfd781
2021-05-05 15:14:27,024 [grpc-default-executor-1] INFO  impl.RoleInfo (RoleInfo.java:shutdownFollowerState(108)) - 588c0cf1-2ab3-4f31-88e6-40c30440d309: shutdown 588c0cf1-2ab3-4f31-88e6-40c30440d309@group-EC4FF14613B3-FollowerState
2021-05-05 15:14:27,024 [grpc-default-executor-1] INFO  impl.RoleInfo (RoleInfo.java:updateAndGet(130)) - 588c0cf1-2ab3-4f31-88e6-40c30440d309: start 588c0cf1-2ab3-4f31-88e6-40c30440d309@group-EC4FF14613B3-FollowerState
2021-05-05 15:14:27,024 [588c0cf1-2ab3-4f31-88e6-40c30440d309@group-EC4FF14613B3-FollowerState] INFO  impl.FollowerState (FollowerState.java:run(143)) - 588c0cf1-2ab3-4f31-88e6-40c30440d309@group-EC4FF14613B3-FollowerState was interrupted: {}
java.lang.InterruptedException: sleep interrupted
	at java.lang.Thread.sleep(Native Method)
	at java.lang.Thread.sleep(Thread.java:340)
	at java.util.concurrent.TimeUnit.sleep(TimeUnit.java:386)
	at org.apache.ratis.util.TimeDuration.sleep(TimeDuration.java:324)
	at org.apache.ratis.util.TimeDuration.sleep(TimeDuration.java:309)
	at org.apache.ratis.server.impl.FollowerState.run(FollowerState.java:118)
2021-05-05 15:14:27,024 [grpc-default-executor-2] INFO  server.RaftServer$Division (RaftServerImpl.java:requestVote(1074)) - 7ec8b880-4b6b-4ec3-8434-09a8711643ec@group-EC4FF14613B3 replies to ELECTION vote request: 89dd138e-de60-41fb-966a-8d68ccbfd781<-7ec8b880-4b6b-4ec3-8434-09a8711643ec#0:OK-t5. Peer's state: 7ec8b880-4b6b-4ec3-8434-09a8711643ec@group-EC4FF14613B3:t5, leader=null, voted=89dd138e-de60-41fb-966a-8d68ccbfd781, raftlog=7ec8b880-4b6b-4ec3-8434-09a8711643ec@group-EC4FF14613B3-SegmentedRaftLog:OPENED:c-1,f-1,i0, conf=-1: [89dd138e-de60-41fb-966a-8d68ccbfd781|rpc:172.17.0.2:32835|dataStream:|priority:0, 7ec8b880-4b6b-4ec3-8434-09a8711643ec|rpc:172.17.0.2:33093|dataStream:|priority:0, 588c0cf1-2ab3-4f31-88e6-40c30440d309|rpc:172.17.0.2:46273|dataStream:|priority:1], old=null
2021-05-05 15:14:27,025 [grpc-default-executor-1] INFO  server.RaftServer$Division (RaftServerImpl.java:requestVote(1074)) - 588c0cf1-2ab3-4f31-88e6-40c30440d309@group-EC4FF14613B3 replies to ELECTION vote request: 89dd138e-de60-41fb-966a-8d68ccbfd781<-588c0cf1-2ab3-4f31-88e6-40c30440d309#0:FAIL-t5. Peer's state: 588c0cf1-2ab3-4f31-88e6-40c30440d309@group-EC4FF14613B3:t5, leader=null, voted=null, raftlog=588c0cf1-2ab3-4f31-88e6-40c30440d309@group-EC4FF14613B3-SegmentedRaftLog:OPENED:c-1,f0,i0, conf=0: [89dd138e-de60-41fb-966a-8d68ccbfd781|rpc:172.17.0.2:32835|dataStream:|priority:0, 7ec8b880-4b6b-4ec3-8434-09a8711643ec|rpc:172.17.0.2:33093|dataStream:|priority:0, 588c0cf1-2ab3-4f31-88e6-40c30440d309|rpc:172.17.0.2:46273|dataStream:|priority:1], old=null
2021-05-05 15:14:27,026 [89dd138e-de60-41fb-966a-8d68ccbfd781@group-EC4FF14613B3-LeaderElection99] INFO  impl.LeaderElection (LeaderElection.java:logAndReturn(89)) - 89dd138e-de60-41fb-966a-8d68ccbfd781@group-EC4FF14613B3-LeaderElection99: ELECTION REJECTED received 2 response(s) and 0 exception(s):
2021-05-05 15:14:27,026 [89dd138e-de60-41fb-966a-8d68ccbfd781@group-EC4FF14613B3-LeaderElection99] INFO  impl.LeaderElection (LeaderElection.java:logAndReturn(93)) -   Response 0: 89dd138e-de60-41fb-966a-8d68ccbfd781<-7ec8b880-4b6b-4ec3-8434-09a8711643ec#0:OK-t5
2021-05-05 15:14:27,026 [89dd138e-de60-41fb-966a-8d68ccbfd781@group-EC4FF14613B3-LeaderElection99] INFO  impl.LeaderElection (LeaderElection.java:logAndReturn(93)) -   Response 1: 89dd138e-de60-41fb-966a-8d68ccbfd781<-588c0cf1-2ab3-4f31-88e6-40c30440d309#0:FAIL-t5
2021-05-05 15:14:27,026 [89dd138e-de60-41fb-966a-8d68ccbfd781@group-EC4FF14613B3-LeaderElection99] INFO  impl.LeaderElection (LeaderElection.java:askForVotes(308)) - 89dd138e-de60-41fb-966a-8d68ccbfd781@group-EC4FF14613B3-LeaderElection99 ELECTION round 0: result REJECTED
2021-05-05 15:14:27,026 [89dd138e-de60-41fb-966a-8d68ccbfd781@group-EC4FF14613B3-LeaderElection99] INFO  server.RaftServer$Division (RaftServerImpl.java:setRole(284)) - 89dd138e-de60-41fb-966a-8d68ccbfd781@group-EC4FF14613B3: changes role from CANDIDATE to FOLLOWER at term 5 for REJECTED
2021-05-05 15:14:27,026 [89dd138e-de60-41fb-966a-8d68ccbfd781@group-EC4FF14613B3-LeaderElection99] INFO  impl.RoleInfo (RoleInfo.java:shutdownLeaderElection(121)) - 89dd138e-de60-41fb-966a-8d68ccbfd781: shutdown 89dd138e-de60-41fb-966a-8d68ccbfd781@group-EC4FF14613B3-LeaderElection99
2021-05-05 15:14:27,026 [89dd138e-de60-41fb-966a-8d68ccbfd781@group-EC4FF14613B3-LeaderElection99] INFO  impl.RoleInfo (RoleInfo.java:updateAndGet(130)) - 89dd138e-de60-41fb-966a-8d68ccbfd781: start 89dd138e-de60-41fb-966a-8d68ccbfd781@group-EC4FF14613B3-FollowerState
2021-05-05 15:14:28,638 [ForkJoinPool.commonPool-worker-0] INFO  ozoneimpl.OzoneContainer (OzoneContainer.java:stop(313)) - Attempting to stop container services.
2021-05-05 15:14:28,639 [Listener at 127.0.0.1/33403] INFO  ozoneimpl.OzoneContainer (OzoneContainer.java:stop(313)) - Attempting to stop container services.
2021-05-05 15:14:28,639 [Listener at 127.0.0.1/33403] INFO  server.RaftServer (RaftServerProxy.java:lambda$close$6(391)) - 89dd138e-de60-41fb-966a-8d68ccbfd781: close
2021-05-05 15:14:28,639 [Listener at 127.0.0.1/33403] INFO  server.RaftServer$Division (RaftServerImpl.java:lambda$close$4(406)) - 89dd138e-de60-41fb-966a-8d68ccbfd781@group-EC4FF14613B3: shutdown
2021-05-05 15:14:28,640 [Listener at 127.0.0.1/33403] INFO  util.JmxRegister (JmxRegister.java:unregister(73)) - Successfully un-registered JMX Bean with object name Ratis:service=RaftServer,group=group-EC4FF14613B3,id=89dd138e-de60-41fb-966a-8d68ccbfd781
2021-05-05 15:14:28,640 [Listener at 127.0.0.1/33403] INFO  impl.RoleInfo (RoleInfo.java:shutdownFollowerState(108)) - 89dd138e-de60-41fb-966a-8d68ccbfd781: shutdown 89dd138e-de60-41fb-966a-8d68ccbfd781@group-EC4FF14613B3-FollowerState
2021-05-05 15:14:28,640 [Listener at 127.0.0.1/33403] INFO  impl.StateMachineUpdater (StateMachineUpdater.java:stopAndJoin(149)) - 89dd138e-de60-41fb-966a-8d68ccbfd781@group-EC4FF14613B3-StateMachineUpdater: set stopIndex = -1
2021-05-05 15:14:28,640 [89dd138e-de60-41fb-966a-8d68ccbfd781@group-EC4FF14613B3-FollowerState] INFO  impl.FollowerState (FollowerState.java:run(143)) - 89dd138e-de60-41fb-966a-8d68ccbfd781@group-EC4FF14613B3-FollowerState was interrupted: {}
java.lang.InterruptedException: sleep interrupted
	at java.lang.Thread.sleep(Native Method)
	at java.lang.Thread.sleep(Thread.java:340)
	at java.util.concurrent.TimeUnit.sleep(TimeUnit.java:386)
	at org.apache.ratis.util.TimeDuration.sleep(TimeDuration.java:324)
	at org.apache.ratis.util.TimeDuration.sleep(TimeDuration.java:309)
	at org.apache.ratis.server.impl.FollowerState.run(FollowerState.java:118)
2021-05-05 15:14:28,640 [89dd138e-de60-41fb-966a-8d68ccbfd781@group-EC4FF14613B3-StateMachineUpdater] INFO  metrics.RatisMetrics (RatisMetrics.java:unregister(43)) - Unregistering Metrics Registry : ratis.state_machine.89dd138e-de60-41fb-966a-8d68ccbfd781@group-EC4FF14613B3
2021-05-05 15:14:28,641 [ForkJoinPool.commonPool-worker-0] INFO  server.RaftServer (RaftServerProxy.java:lambda$close$6(391)) - c9225e55-1a9d-4728-b49d-cebf6a0677b3: close
2021-05-05 15:14:28,641 [ForkJoinPool.commonPool-worker-0] INFO  server.RaftServer$Division (RaftServerImpl.java:lambda$close$4(406)) - c9225e55-1a9d-4728-b49d-cebf6a0677b3@group-674E8E270EE1: shutdown
2021-05-05 15:14:28,641 [ForkJoinPool.commonPool-worker-0] INFO  util.JmxRegister (JmxRegister.java:unregister(73)) - Successfully un-registered JMX Bean with object name Ratis:service=RaftServer,group=group-674E8E270EE1,id=c9225e55-1a9d-4728-b49d-cebf6a0677b3
2021-05-05 15:14:28,641 [ForkJoinPool.commonPool-worker-0] INFO  impl.RoleInfo (RoleInfo.java:shutdownLeaderState(91)) - c9225e55-1a9d-4728-b49d-cebf6a0677b3: shutdown c9225e55-1a9d-4728-b49d-cebf6a0677b3@group-674E8E270EE1-LeaderStateImpl
2021-05-05 15:14:28,641 [ForkJoinPool.commonPool-worker-0] INFO  impl.PendingRequests (PendingRequests.java:sendNotLeaderResponses(249)) - c9225e55-1a9d-4728-b49d-cebf6a0677b3@group-674E8E270EE1-PendingRequests: sendNotLeaderResponses
2021-05-05 15:14:28,641 [ForkJoinPool.commonPool-worker-0] INFO  metrics.RatisMetrics (RatisMetrics.java:unregister(43)) - Unregistering Metrics Registry : ratis.log_appender.c9225e55-1a9d-4728-b49d-cebf6a0677b3@group-674E8E270EE1
2021-05-05 15:14:28,641 [ForkJoinPool.commonPool-worker-0] INFO  metrics.RatisMetrics (RatisMetrics.java:unregister(43)) - Unregistering Metrics Registry : ratis.server.c9225e55-1a9d-4728-b49d-cebf6a0677b3@group-674E8E270EE1
2021-05-05 15:14:28,642 [ForkJoinPool.commonPool-worker-0] INFO  impl.StateMachineUpdater (StateMachineUpdater.java:stopAndJoin(149)) - c9225e55-1a9d-4728-b49d-cebf6a0677b3@group-674E8E270EE1-StateMachineUpdater: set stopIndex = 0
2021-05-05 15:14:28,643 [Listener at 127.0.0.1/33403] INFO  server.RaftServer$Division (ServerState.java:close(405)) - 89dd138e-de60-41fb-966a-8d68ccbfd781@group-EC4FF14613B3: closes. applyIndex: -1
2021-05-05 15:14:28,643 [c9225e55-1a9d-4728-b49d-cebf6a0677b3@group-674E8E270EE1-StateMachineUpdater] INFO  ratis.ContainerStateMachine (ContainerStateMachine.java:takeSnapshot(292)) - group-674E8E270EE1: Taking a snapshot at:(t:1, i:0) file /github/workspace/mnt/ozone/hadoop-ozone/integration-test/target/test-dir/MiniOzoneClusterImpl-c76e6b88-ed31-44d7-ac8c-51a305797015/datanode-2/data/ratis/ab19c863-e790-44a0-9343-674e8e270ee1/sm/snapshot.1_0
2021-05-05 15:14:28,643 [89dd138e-de60-41fb-966a-8d68ccbfd781@group-EC4FF14613B3-SegmentedRaftLogWorker] INFO  segmented.SegmentedRaftLogWorker (SegmentedRaftLogWorker.java:run(327)) - 89dd138e-de60-41fb-966a-8d68ccbfd781@group-EC4FF14613B3-SegmentedRaftLogWorker was interrupted, exiting. There are 0 tasks remaining in the queue.
2021-05-05 15:14:28,643 [Listener at 127.0.0.1/33403] INFO  segmented.SegmentedRaftLogWorker (SegmentedRaftLogWorker.java:close(237)) - 89dd138e-de60-41fb-966a-8d68ccbfd781@group-EC4FF14613B3-SegmentedRaftLogWorker close()
2021-05-05 15:14:28,644 [c9225e55-1a9d-4728-b49d-cebf6a0677b3@group-674E8E270EE1-StateMachineUpdater] INFO  ratis.ContainerStateMachine (ContainerStateMachine.java:takeSnapshot(303)) - group-674E8E270EE1: Finished taking a snapshot at:(t:1, i:0) file:/github/workspace/mnt/ozone/hadoop-ozone/integration-test/target/test-dir/MiniOzoneClusterImpl-c76e6b88-ed31-44d7-ac8c-51a305797015/datanode-2/data/ratis/ab19c863-e790-44a0-9343-674e8e270ee1/sm/snapshot.1_0 took: 1 ms
2021-05-05 15:14:28,644 [Listener at 127.0.0.1/33403] INFO  metrics.RatisMetrics (RatisMetrics.java:unregister(43)) - Unregistering Metrics Registry : ratis.log_worker.89dd138e-de60-41fb-966a-8d68ccbfd781@group-EC4FF14613B3
2021-05-05 15:14:28,645 [c9225e55-1a9d-4728-b49d-cebf6a0677b3@group-674E8E270EE1-StateMachineUpdater] INFO  impl.StateMachineUpdater (StateMachineUpdater.java:takeSnapshot(281)) - c9225e55-1a9d-4728-b49d-cebf6a0677b3@group-674E8E270EE1-StateMachineUpdater: Took a snapshot at index 0
2021-05-05 15:14:28,645 [c9225e55-1a9d-4728-b49d-cebf6a0677b3@group-674E8E270EE1-StateMachineUpdater] INFO  impl.StateMachineUpdater (StateMachineUpdater.java:lambda$new$0(89)) - c9225e55-1a9d-4728-b49d-cebf6a0677b3@group-674E8E270EE1-StateMachineUpdater: snapshotIndex: updateIncreasingly -1 -> 0
2021-05-05 15:14:28,645 [Listener at 127.0.0.1/33403] INFO  metrics.RatisMetrics (RatisMetrics.java:unregister(43)) - Unregistering Metrics Registry : ratis.leader_election.89dd138e-de60-41fb-966a-8d68ccbfd781@group-EC4FF14613B3
2021-05-05 15:14:28,645 [c9225e55-1a9d-4728-b49d-cebf6a0677b3@group-674E8E270EE1-StateMachineUpdater] INFO  metrics.RatisMetrics (RatisMetrics.java:unregister(43)) - Unregistering Metrics Registry : ratis.state_machine.c9225e55-1a9d-4728-b49d-cebf6a0677b3@group-674E8E270EE1
2021-05-05 15:14:28,645 [Listener at 127.0.0.1/33403] INFO  metrics.RatisMetrics (RatisMetrics.java:unregister(43)) - Unregistering Metrics Registry : ratis.server.89dd138e-de60-41fb-966a-8d68ccbfd781@group-EC4FF14613B3
2021-05-05 15:14:28,645 [ForkJoinPool.commonPool-worker-0] INFO  server.RaftServer$Division (ServerState.java:close(405)) - c9225e55-1a9d-4728-b49d-cebf6a0677b3@group-674E8E270EE1: closes. applyIndex: 0
2021-05-05 15:14:28,646 [c9225e55-1a9d-4728-b49d-cebf6a0677b3@group-674E8E270EE1-SegmentedRaftLogWorker] INFO  segmented.SegmentedRaftLogWorker (SegmentedRaftLogWorker.java:run(327)) - c9225e55-1a9d-4728-b49d-cebf6a0677b3@group-674E8E270EE1-SegmentedRaftLogWorker was interrupted, exiting. There are 0 tasks remaining in the queue.
2021-05-05 15:14:28,648 [ForkJoinPool.commonPool-worker-0] INFO  segmented.SegmentedRaftLogWorker (SegmentedRaftLogWorker.java:close(237)) - c9225e55-1a9d-4728-b49d-cebf6a0677b3@group-674E8E270EE1-SegmentedRaftLogWorker close()
2021-05-05 15:14:28,648 [Listener at 127.0.0.1/33403] INFO  server.RaftServer$Division (RaftServerImpl.java:lambda$close$4(406)) - 89dd138e-de60-41fb-966a-8d68ccbfd781@group-5312536DE4E5: shutdown
2021-05-05 15:14:28,649 [Listener at 127.0.0.1/33403] INFO  util.JmxRegister (JmxRegister.java:unregister(73)) - Successfully un-registered JMX Bean with object name Ratis:service=RaftServer,group=group-5312536DE4E5,id=89dd138e-de60-41fb-966a-8d68ccbfd781
2021-05-05 15:14:28,649 [Listener at 127.0.0.1/33403] INFO  impl.RoleInfo (RoleInfo.java:shutdownLeaderState(91)) - 89dd138e-de60-41fb-966a-8d68ccbfd781: shutdown 89dd138e-de60-41fb-966a-8d68ccbfd781@group-5312536DE4E5-LeaderStateImpl
2021-05-05 15:14:28,649 [Listener at 127.0.0.1/33403] INFO  impl.PendingRequests (PendingRequests.java:sendNotLeaderResponses(249)) - 89dd138e-de60-41fb-966a-8d68ccbfd781@group-5312536DE4E5-PendingRequests: sendNotLeaderResponses
2021-05-05 15:14:28,650 [Listener at 127.0.0.1/33403] INFO  metrics.RatisMetrics (RatisMetrics.java:unregister(43)) - Unregistering Metrics Registry : ratis.log_appender.89dd138e-de60-41fb-966a-8d68ccbfd781@group-5312536DE4E5
2021-05-05 15:14:28,650 [Listener at 127.0.0.1/33403] INFO  metrics.RatisMetrics (RatisMetrics.java:unregister(43)) - Unregistering Metrics Registry : ratis.server.89dd138e-de60-41fb-966a-8d68ccbfd781@group-5312536DE4E5
2021-05-05 15:14:28,649 [ForkJoinPool.commonPool-worker-0] INFO  metrics.RatisMetrics (RatisMetrics.java:unregister(43)) - Unregistering Metrics Registry : ratis.log_worker.c9225e55-1a9d-4728-b49d-cebf6a0677b3@group-674E8E270EE1
2021-05-05 15:14:28,652 [ForkJoinPool.commonPool-worker-0] INFO  metrics.RatisMetrics (RatisMetrics.java:unregister(43)) - Unregistering Metrics Registry : ratis.leader_election.c9225e55-1a9d-4728-b49d-cebf6a0677b3@group-674E8E270EE1
2021-05-05 15:14:28,652 [ForkJoinPool.commonPool-worker-0] INFO  metrics.RatisMetrics (RatisMetrics.java:unregister(43)) - Unregistering Metrics Registry : ratis.server.c9225e55-1a9d-4728-b49d-cebf6a0677b3@group-674E8E270EE1
2021-05-05 15:14:28,652 [ForkJoinPool.commonPool-worker-0] INFO  server.RaftServer$Division (RaftServerImpl.java:lambda$close$4(406)) - c9225e55-1a9d-4728-b49d-cebf6a0677b3@group-BFCF83161046: shutdown
2021-05-05 15:14:28,652 [ForkJoinPool.commonPool-worker-0] INFO  util.JmxRegister (JmxRegister.java:unregister(73)) - Successfully un-registered JMX Bean with object name Ratis:service=RaftServer,group=group-BFCF83161046,id=c9225e55-1a9d-4728-b49d-cebf6a0677b3
2021-05-05 15:14:28,652 [ForkJoinPool.commonPool-worker-0] INFO  impl.RoleInfo (RoleInfo.java:shutdownLeaderState(91)) - c9225e55-1a9d-4728-b49d-cebf6a0677b3: shutdown c9225e55-1a9d-4728-b49d-cebf6a0677b3@group-BFCF83161046-LeaderStateImpl
2021-05-05 15:14:28,652 [ForkJoinPool.commonPool-worker-0] INFO  metrics.RatisMetrics (RatisMetrics.java:unregister(43)) - Unregistering Metrics Registry : ratis_grpc.log_appender.c9225e55-1a9d-4728-b49d-cebf6a0677b3@group-BFCF83161046
2021-05-05 15:14:28,653 [ForkJoinPool.commonPool-worker-0] INFO  metrics.RatisMetrics (RatisMetrics.java:unregister(43)) - Unregistering Metrics Registry : ratis_grpc.log_appender.c9225e55-1a9d-4728-b49d-cebf6a0677b3@group-BFCF83161046
2021-05-05 15:14:28,653 [c9225e55-1a9d-4728-b49d-cebf6a0677b3@group-BFCF83161046->a99b94f7-bcc3-419a-91d6-c5ca6fccf1ee-GrpcLogAppender-LogAppenderDaemon] WARN  server.GrpcLogAppender (GrpcLogAppender.java:mayWait(175)) - c9225e55-1a9d-4728-b49d-cebf6a0677b3@group-BFCF83161046->a99b94f7-bcc3-419a-91d6-c5ca6fccf1ee-GrpcLogAppender: Wait interrupted by java.lang.InterruptedException
2021-05-05 15:14:28,653 [ForkJoinPool.commonPool-worker-0] INFO  impl.PendingRequests (PendingRequests.java:sendNotLeaderResponses(249)) - c9225e55-1a9d-4728-b49d-cebf6a0677b3@group-BFCF83161046-PendingRequests: sendNotLeaderResponses
2021-05-05 15:14:28,653 [ForkJoinPool.commonPool-worker-0] INFO  metrics.RatisMetrics (RatisMetrics.java:unregister(43)) - Unregistering Metrics Registry : ratis.log_appender.c9225e55-1a9d-4728-b49d-cebf6a0677b3@group-BFCF83161046
2021-05-05 15:14:28,653 [ForkJoinPool.commonPool-worker-0] INFO  metrics.RatisMetrics (RatisMetrics.java:unregister(43)) - Unregistering Metrics Registry : ratis.server.c9225e55-1a9d-4728-b49d-cebf6a0677b3@group-BFCF83161046
2021-05-05 15:14:28,653 [grpc-default-executor-1] INFO  server.GrpcServerProtocolService (GrpcServerProtocolService.java:onCompleted(140)) - a99b94f7-bcc3-419a-91d6-c5ca6fccf1ee: Completed APPEND_ENTRIES, lastRequest: c9225e55-1a9d-4728-b49d-cebf6a0677b3->a99b94f7-bcc3-419a-91d6-c5ca6fccf1ee#1-t3,previous=(t:0, i:0),leaderCommit=-1,initializing? true,entries: size=1, first=(t:3, i:0), CONFIGURATIONENTRY
2021-05-05 15:14:28,653 [c9225e55-1a9d-4728-b49d-cebf6a0677b3@group-BFCF83161046->8cc4f11c-26a9-4978-bb71-8737c51096c0-GrpcLogAppender-LogAppenderDaemon] WARN  server.GrpcLogAppender (GrpcLogAppender.java:mayWait(175)) - c9225e55-1a9d-4728-b49d-cebf6a0677b3@group-BFCF83161046->8cc4f11c-26a9-4978-bb71-8737c51096c0-GrpcLogAppender: Wait interrupted by java.lang.InterruptedException
2021-05-05 15:14:28,654 [Listener at 127.0.0.1/33403] INFO  impl.StateMachineUpdater (StateMachineUpdater.java:stopAndJoin(149)) - 89dd138e-de60-41fb-966a-8d68ccbfd781@group-5312536DE4E5-StateMachineUpdater: set stopIndex = 0
2021-05-05 15:14:28,654 [grpc-default-executor-2] INFO  server.GrpcServerProtocolService (GrpcServerProtocolService.java:onCompleted(140)) - 8cc4f11c-26a9-4978-bb71-8737c51096c0: Completed APPEND_ENTRIES, lastRequest: c9225e55-1a9d-4728-b49d-cebf6a0677b3->8cc4f11c-26a9-4978-bb71-8737c51096c0#1-t3,previous=(t:0, i:0),leaderCommit=-1,initializing? true,entries: size=1, first=(t:3, i:0), CONFIGURATIONENTRY
2021-05-05 15:14:28,658 [grpc-default-executor-0] INFO  server.GrpcLogAppender (GrpcLogAppender.java:onCompleted(344)) - c9225e55-1a9d-4728-b49d-cebf6a0677b3@group-BFCF83161046->a99b94f7-bcc3-419a-91d6-c5ca6fccf1ee-AppendLogResponseHandler: follower responses appendEntries COMPLETED
2021-05-05 15:14:28,658 [grpc-default-executor-0] INFO  leader.FollowerInfo (FollowerInfoImpl.java:lambda$new$0(46)) - c9225e55-1a9d-4728-b49d-cebf6a0677b3@group-BFCF83161046->a99b94f7-bcc3-419a-91d6-c5ca6fccf1ee: nextIndex: updateUnconditionally 1 -> 0
2021-05-05 15:14:28,658 [89dd138e-de60-41fb-966a-8d68ccbfd781@group-5312536DE4E5-StateMachineUpdater] INFO  ratis.ContainerStateMachine (ContainerStateMachine.java:takeSnapshot(292)) - group-5312536DE4E5: Taking a snapshot at:(t:1, i:0) file /github/workspace/mnt/ozone/hadoop-ozone/integration-test/target/test-dir/MiniOzoneClusterImpl-c76e6b88-ed31-44d7-ac8c-51a305797015/datanode-4/data/ratis/6924b6a5-a559-48ae-92e3-5312536de4e5/sm/snapshot.1_0
2021-05-05 15:14:28,659 [grpc-default-executor-0] INFO  server.GrpcLogAppender (GrpcLogAppender.java:onCompleted(344)) - c9225e55-1a9d-4728-b49d-cebf6a0677b3@group-BFCF83161046->8cc4f11c-26a9-4978-bb71-8737c51096c0-AppendLogResponseHandler: follower responses appendEntries COMPLETED
2021-05-05 15:14:28,659 [grpc-default-executor-0] INFO  leader.FollowerInfo (FollowerInfoImpl.java:lambda$new$0(46)) - c9225e55-1a9d-4728-b49d-cebf6a0677b3@group-BFCF83161046->8cc4f11c-26a9-4978-bb71-8737c51096c0: nextIndex: updateUnconditionally 1 -> 0
2021-05-05 15:14:28,659 [ForkJoinPool.commonPool-worker-0] INFO  impl.StateMachineUpdater (StateMachineUpdater.java:stopAndJoin(149)) - c9225e55-1a9d-4728-b49d-cebf6a0677b3@group-BFCF83161046-StateMachineUpdater: set stopIndex = 0
2021-05-05 15:14:28,659 [89dd138e-de60-41fb-966a-8d68ccbfd781@group-5312536DE4E5-StateMachineUpdater] INFO  ratis.ContainerStateMachine (ContainerStateMachine.java:takeSnapshot(303)) - group-5312536DE4E5: Finished taking a snapshot at:(t:1, i:0) file:/github/workspace/mnt/ozone/hadoop-ozone/integration-test/target/test-dir/MiniOzoneClusterImpl-c76e6b88-ed31-44d7-ac8c-51a305797015/datanode-4/data/ratis/6924b6a5-a559-48ae-92e3-5312536de4e5/sm/snapshot.1_0 took: 1 ms
2021-05-05 15:14:28,660 [c9225e55-1a9d-4728-b49d-cebf6a0677b3@group-BFCF83161046-StateMachineUpdater] INFO  ratis.ContainerStateMachine (ContainerStateMachine.java:takeSnapshot(292)) - group-BFCF83161046: Taking a snapshot at:(t:3, i:0) file /github/workspace/mnt/ozone/hadoop-ozone/integration-test/target/test-dir/MiniOzoneClusterImpl-c76e6b88-ed31-44d7-ac8c-51a305797015/datanode-2/data/ratis/2dc2dbe7-ca3e-4d45-bdcb-bfcf83161046/sm/snapshot.3_0
2021-05-05 15:14:28,660 [89dd138e-de60-41fb-966a-8d68ccbfd781@group-5312536DE4E5-StateMachineUpdater] INFO  impl.StateMachineUpdater (StateMachineUpdater.java:takeSnapshot(281)) - 89dd138e-de60-41fb-966a-8d68ccbfd781@group-5312536DE4E5-StateMachineUpdater: Took a snapshot at index 0
2021-05-05 15:14:28,660 [89dd138e-de60-41fb-966a-8d68ccbfd781@group-5312536DE4E5-StateMachineUpdater] INFO  impl.StateMachineUpdater (StateMachineUpdater.java:lambda$new$0(89)) - 89dd138e-de60-41fb-966a-8d68ccbfd781@group-5312536DE4E5-StateMachineUpdater: snapshotIndex: updateIncreasingly -1 -> 0
2021-05-05 15:14:28,660 [89dd138e-de60-41fb-966a-8d68ccbfd781@group-5312536DE4E5-StateMachineUpdater] INFO  metrics.RatisMetrics (RatisMetrics.java:unregister(43)) - Unregistering Metrics Registry : ratis.state_machine.89dd138e-de60-41fb-966a-8d68ccbfd781@group-5312536DE4E5
2021-05-05 15:14:28,660 [c9225e55-1a9d-4728-b49d-cebf6a0677b3@group-BFCF83161046-StateMachineUpdater] INFO  ratis.ContainerStateMachine (ContainerStateMachine.java:takeSnapshot(303)) - group-BFCF83161046: Finished taking a snapshot at:(t:3, i:0) file:/github/workspace/mnt/ozone/hadoop-ozone/integration-test/target/test-dir/MiniOzoneClusterImpl-c76e6b88-ed31-44d7-ac8c-51a305797015/datanode-2/data/ratis/2dc2dbe7-ca3e-4d45-bdcb-bfcf83161046/sm/snapshot.3_0 took: 1 ms
2021-05-05 15:14:28,660 [Listener at 127.0.0.1/33403] INFO  server.RaftServer$Division (ServerState.java:close(405)) - 89dd138e-de60-41fb-966a-8d68ccbfd781@group-5312536DE4E5: closes. applyIndex: 0
2021-05-05 15:14:28,660 [c9225e55-1a9d-4728-b49d-cebf6a0677b3@group-BFCF83161046-StateMachineUpdater] INFO  impl.StateMachineUpdater (StateMachineUpdater.java:takeSnapshot(281)) - c9225e55-1a9d-4728-b49d-cebf6a0677b3@group-BFCF83161046-StateMachineUpdater: Took a snapshot at index 0
2021-05-05 15:14:28,660 [c9225e55-1a9d-4728-b49d-cebf6a0677b3@group-BFCF83161046-StateMachineUpdater] INFO  impl.StateMachineUpdater (StateMachineUpdater.java:lambda$new$0(89)) - c9225e55-1a9d-4728-b49d-cebf6a0677b3@group-BFCF83161046-StateMachineUpdater: snapshotIndex: updateIncreasingly -1 -> 0
2021-05-05 15:14:28,660 [89dd138e-de60-41fb-966a-8d68ccbfd781@group-5312536DE4E5-SegmentedRaftLogWorker] INFO  segmented.SegmentedRaftLogWorker (SegmentedRaftLogWorker.java:run(327)) - 89dd138e-de60-41fb-966a-8d68ccbfd781@group-5312536DE4E5-SegmentedRaftLogWorker was interrupted, exiting. There are 0 tasks remaining in the queue.
2021-05-05 15:14:28,661 [c9225e55-1a9d-4728-b49d-cebf6a0677b3@group-BFCF83161046-StateMachineUpdater] INFO  metrics.RatisMetrics (RatisMetrics.java:unregister(43)) - Unregistering Metrics Registry : ratis.state_machine.c9225e55-1a9d-4728-b49d-cebf6a0677b3@group-BFCF83161046
2021-05-05 15:14:28,662 [ForkJoinPool.commonPool-worker-0] INFO  server.RaftServer$Division (ServerState.java:close(405)) - c9225e55-1a9d-4728-b49d-cebf6a0677b3@group-BFCF83161046: closes. applyIndex: 0
2021-05-05 15:14:28,662 [Listener at 127.0.0.1/33403] INFO  segmented.SegmentedRaftLogWorker (SegmentedRaftLogWorker.java:close(237)) - 89dd138e-de60-41fb-966a-8d68ccbfd781@group-5312536DE4E5-SegmentedRaftLogWorker close()
2021-05-05 15:14:28,662 [c9225e55-1a9d-4728-b49d-cebf6a0677b3@group-BFCF83161046-SegmentedRaftLogWorker] INFO  segmented.SegmentedRaftLogWorker (SegmentedRaftLogWorker.java:run(327)) - c9225e55-1a9d-4728-b49d-cebf6a0677b3@group-BFCF83161046-SegmentedRaftLogWorker was interrupted, exiting. There are 0 tasks remaining in the queue.
2021-05-05 15:14:28,663 [Listener at 127.0.0.1/33403] INFO  metrics.RatisMetrics (RatisMetrics.java:unregister(43)) - Unregistering Metrics Registry : ratis.log_worker.89dd138e-de60-41fb-966a-8d68ccbfd781@group-5312536DE4E5
2021-05-05 15:14:28,663 [Listener at 127.0.0.1/33403] INFO  metrics.RatisMetrics (RatisMetrics.java:unregister(43)) - Unregistering Metrics Registry : ratis.leader_election.89dd138e-de60-41fb-966a-8d68ccbfd781@group-5312536DE4E5
2021-05-05 15:14:28,663 [Listener at 127.0.0.1/33403] INFO  metrics.RatisMetrics (RatisMetrics.java:unregister(43)) - Unregistering Metrics Registry : ratis.server.89dd138e-de60-41fb-966a-8d68ccbfd781@group-5312536DE4E5
2021-05-05 15:14:28,664 [Listener at 127.0.0.1/33403] INFO  server.GrpcService (GrpcService.java:closeImpl(262)) - 89dd138e-de60-41fb-966a-8d68ccbfd781: shutdown server with port 32835 now
2021-05-05 15:14:28,665 [ForkJoinPool.commonPool-worker-0] INFO  segmented.SegmentedRaftLogWorker (SegmentedRaftLogWorker.java:close(237)) - c9225e55-1a9d-4728-b49d-cebf6a0677b3@group-BFCF83161046-SegmentedRaftLogWorker close()
2021-05-05 15:14:28,670 [grpc-default-executor-2] WARN  client.GrpcClientProtocolService (LogUtils.java:warn(122)) - 0-OrderedRequestStreamObserver0: onError: org.apache.ratis.thirdparty.io.grpc.StatusRuntimeException: CANCELLED: client cancelled
2021-05-05 15:14:28,680 [ForkJoinPool.commonPool-worker-0] INFO  metrics.RatisMetrics (RatisMetrics.java:unregister(43)) - Unregistering Metrics Registry : ratis.log_worker.c9225e55-1a9d-4728-b49d-cebf6a0677b3@group-BFCF83161046
2021-05-05 15:14:28,680 [ForkJoinPool.commonPool-worker-0] INFO  metrics.RatisMetrics (RatisMetrics.java:unregister(43)) - Unregistering Metrics Registry : ratis.leader_election.c9225e55-1a9d-4728-b49d-cebf6a0677b3@group-BFCF83161046
2021-05-05 15:14:28,681 [ForkJoinPool.commonPool-worker-0] INFO  metrics.RatisMetrics (RatisMetrics.java:unregister(43)) - Unregistering Metrics Registry : ratis.server.c9225e55-1a9d-4728-b49d-cebf6a0677b3@group-BFCF83161046
2021-05-05 15:14:28,681 [ForkJoinPool.commonPool-worker-0] INFO  server.GrpcService (GrpcService.java:closeImpl(262)) - c9225e55-1a9d-4728-b49d-cebf6a0677b3: shutdown server with port 38287 now
2021-05-05 15:14:28,684 [ForkJoinPool.commonPool-worker-0] INFO  server.GrpcService (GrpcService.java:closeImpl(271)) - c9225e55-1a9d-4728-b49d-cebf6a0677b3: shutdown server with port 38287 successfully
2021-05-05 15:14:28,684 [org.apache.ratis.util.JvmPauseMonitor$$Lambda$504/1672688893@56905cdc] INFO  util.JvmPauseMonitor (JvmPauseMonitor.java:run(109)) - JvmPauseMonitor-c9225e55-1a9d-4728-b49d-cebf6a0677b3: Stopped
2021-05-05 15:14:28,685 [Listener at 127.0.0.1/33403] INFO  server.GrpcService (GrpcService.java:closeImpl(271)) - 89dd138e-de60-41fb-966a-8d68ccbfd781: shutdown server with port 32835 successfully
2021-05-05 15:14:28,685 [org.apache.ratis.util.JvmPauseMonitor$$Lambda$504/1672688893@70503450] INFO  util.JvmPauseMonitor (JvmPauseMonitor.java:run(109)) - JvmPauseMonitor-89dd138e-de60-41fb-966a-8d68ccbfd781: Stopped
2021-05-05 15:14:28,690 [Listener at 127.0.0.1/33403] INFO  utils.BackgroundService (BackgroundService.java:shutdown(132)) - Shutting down service BlockDeletingService
2021-05-05 15:14:28,694 [Listener at 127.0.0.1/33403] INFO  statemachine.DatanodeStateMachine (DatanodeStateMachine.java:stopDaemon(469)) - Ozone container server stopped.
2021-05-05 15:14:28,699 [ForkJoinPool.commonPool-worker-0] INFO  utils.BackgroundService (BackgroundService.java:shutdown(132)) - Shutting down service BlockDeletingService
2021-05-05 15:14:28,706 [ForkJoinPool.commonPool-worker-0] INFO  statemachine.DatanodeStateMachine (DatanodeStateMachine.java:stopDaemon(469)) - Ozone container server stopped.
2021-05-05 15:14:28,712 [Listener at 127.0.0.1/33403] INFO  handler.ContextHandler (ContextHandler.java:doStop(1154)) - Stopped o.e.j.w.WebAppContext@6430c591{hddsDatanode,/,null,STOPPED}{jar:file:/home/user/.m2/repository/org/apache/hadoop/hadoop-hdds-container-service/1.2.0-SNAPSHOT/hadoop-hdds-container-service-1.2.0-SNAPSHOT.jar!/webapps/hddsDatanode}
2021-05-05 15:14:28,712 [Listener at 127.0.0.1/33403] INFO  server.AbstractConnector (AbstractConnector.java:doStop(381)) - Stopped ServerConnector@14d16b8f{HTTP/1.1, (http/1.1)}{0.0.0.0:0}
2021-05-05 15:14:28,712 [Listener at 127.0.0.1/33403] INFO  server.session (HouseKeeper.java:stopScavenging(149)) - node0 Stopped scavenging
2021-05-05 15:14:28,713 [Listener at 127.0.0.1/33403] INFO  handler.ContextHandler (ContextHandler.java:doStop(1154)) - Stopped o.e.j.s.ServletContextHandler@6deda9a6{static,/static,jar:file:/home/user/.m2/repository/org/apache/hadoop/hadoop-hdds-container-service/1.2.0-SNAPSHOT/hadoop-hdds-container-service-1.2.0-SNAPSHOT.jar!/webapps/static,STOPPED}
2021-05-05 15:14:28,713 [Listener at 127.0.0.1/33403] INFO  handler.ContextHandler (ContextHandler.java:doStop(1154)) - Stopped o.e.j.s.ServletContextHandler@378d9ea0{logs,/logs,file:///github/workspace/mnt/ozone/hadoop-ozone/integration-test/target/log,STOPPED}
2021-05-05 15:14:28,726 [ForkJoinPool.commonPool-worker-0] INFO  handler.ContextHandler (ContextHandler.java:doStop(1154)) - Stopped o.e.j.w.WebAppContext@7b1c2bf7{hddsDatanode,/,null,STOPPED}{jar:file:/home/user/.m2/repository/org/apache/hadoop/hadoop-hdds-container-service/1.2.0-SNAPSHOT/hadoop-hdds-container-service-1.2.0-SNAPSHOT.jar!/webapps/hddsDatanode}
2021-05-05 15:14:28,728 [ForkJoinPool.commonPool-worker-0] INFO  server.AbstractConnector (AbstractConnector.java:doStop(381)) - Stopped ServerConnector@c01b{HTTP/1.1, (http/1.1)}{0.0.0.0:0}
2021-05-05 15:14:28,728 [ForkJoinPool.commonPool-worker-0] INFO  server.session (HouseKeeper.java:stopScavenging(149)) - node0 Stopped scavenging
2021-05-05 15:14:28,729 [ForkJoinPool.commonPool-worker-0] INFO  handler.ContextHandler (ContextHandler.java:doStop(1154)) - Stopped o.e.j.s.ServletContextHandler@2cf97fb4{static,/static,jar:file:/home/user/.m2/repository/org/apache/hadoop/hadoop-hdds-container-service/1.2.0-SNAPSHOT/hadoop-hdds-container-service-1.2.0-SNAPSHOT.jar!/webapps/static,STOPPED}
2021-05-05 15:14:28,730 [ForkJoinPool.commonPool-worker-0] INFO  handler.ContextHandler (ContextHandler.java:doStop(1154)) - Stopped o.e.j.s.ServletContextHandler@236e2729{logs,/logs,file:///github/workspace/mnt/ozone/hadoop-ozone/integration-test/target/log,STOPPED}
2021-05-05 15:14:28,753 [Datanode State Machine Thread - 0] INFO  statemachine.DatanodeStateMachine (DatanodeStateMachine.java:lambda$startDaemon$0(411)) - Ozone container server started.
2021-05-05 15:14:29,117 [Datanode State Machine Thread - 0] INFO  statemachine.DatanodeStateMachine (DatanodeStateMachine.java:lambda$startDaemon$0(411)) - Ozone container server started.
2021-05-05 15:14:31,300 [8cc4f11c-26a9-4978-bb71-8737c51096c0@group-BFCF83161046-FollowerState] INFO  impl.FollowerState (FollowerState.java:run(134)) - 8cc4f11c-26a9-4978-bb71-8737c51096c0@group-BFCF83161046-FollowerState: change to CANDIDATE, lastRpcElapsedTime:5137093022ns, electionTimeout:5097ms
2021-05-05 15:14:31,300 [8cc4f11c-26a9-4978-bb71-8737c51096c0@group-BFCF83161046-FollowerState] INFO  impl.RoleInfo (RoleInfo.java:shutdownFollowerState(108)) - 8cc4f11c-26a9-4978-bb71-8737c51096c0: shutdown 8cc4f11c-26a9-4978-bb71-8737c51096c0@group-BFCF83161046-FollowerState
2021-05-05 15:14:31,300 [8cc4f11c-26a9-4978-bb71-8737c51096c0@group-BFCF83161046-FollowerState] INFO  server.RaftServer$Division (RaftServerImpl.java:setRole(284)) - 8cc4f11c-26a9-4978-bb71-8737c51096c0@group-BFCF83161046: changes role from  FOLLOWER to CANDIDATE at term 3 for changeToCandidate
2021-05-05 15:14:31,301 [8cc4f11c-26a9-4978-bb71-8737c51096c0@group-BFCF83161046-FollowerState] INFO  server.RaftServerConfigKeys (ConfUtils.java:logGet(44)) - raft.server.leaderelection.pre-vote = false (custom)
2021-05-05 15:14:31,301 [8cc4f11c-26a9-4978-bb71-8737c51096c0@group-BFCF83161046-FollowerState] INFO  impl.RoleInfo (RoleInfo.java:updateAndGet(130)) - 8cc4f11c-26a9-4978-bb71-8737c51096c0: start 8cc4f11c-26a9-4978-bb71-8737c51096c0@group-BFCF83161046-LeaderElection100
2021-05-05 15:14:31,301 [8cc4f11c-26a9-4978-bb71-8737c51096c0@group-BFCF83161046-LeaderElection100] INFO  server.RaftServer$Division (ServerState.java:setLeader(271)) - 8cc4f11c-26a9-4978-bb71-8737c51096c0@group-BFCF83161046: change Leader from c9225e55-1a9d-4728-b49d-cebf6a0677b3 to null at term 3 for ELECTION
2021-05-05 15:14:31,302 [8cc4f11c-26a9-4978-bb71-8737c51096c0@group-BFCF83161046-LeaderElection100] INFO  impl.LeaderElection (LeaderElection.java:askForVotes(306)) - 8cc4f11c-26a9-4978-bb71-8737c51096c0@group-BFCF83161046-LeaderElection100 ELECTION round 0: submit vote requests at term 4 for 0: [a99b94f7-bcc3-419a-91d6-c5ca6fccf1ee|rpc:172.17.0.2:44371|dataStream:|priority:0, c9225e55-1a9d-4728-b49d-cebf6a0677b3|rpc:172.17.0.2:38287|dataStream:|priority:1, 8cc4f11c-26a9-4978-bb71-8737c51096c0|rpc:172.17.0.2:34407|dataStream:|priority:0], old=null
2021-05-05 15:14:31,305 [8cc4f11c-26a9-4978-bb71-8737c51096c0@group-BFCF83161046-LeaderElection100] INFO  impl.LeaderElection (LogUtils.java:infoOrTrace(137)) - 8cc4f11c-26a9-4978-bb71-8737c51096c0@group-BFCF83161046-LeaderElection100 got exception when requesting votes: java.util.concurrent.ExecutionException: org.apache.ratis.thirdparty.io.grpc.StatusRuntimeException: UNAVAILABLE: io exception
2021-05-05 15:14:31,309 [grpc-default-executor-2] INFO  server.RaftServer$Division (RaftServerImpl.java:requestVote(1042)) - a99b94f7-bcc3-419a-91d6-c5ca6fccf1ee@group-BFCF83161046: receive requestVote(ELECTION, 8cc4f11c-26a9-4978-bb71-8737c51096c0, group-BFCF83161046, 4, (t:3, i:0))
2021-05-05 15:14:31,309 [grpc-default-executor-2] INFO  impl.VoteContext (VoteContext.java:log(48)) - a99b94f7-bcc3-419a-91d6-c5ca6fccf1ee@group-BFCF83161046-FOLLOWER: accept ELECTION from 8cc4f11c-26a9-4978-bb71-8737c51096c0: our priority 0 <= candidate's priority 0
2021-05-05 15:14:31,309 [grpc-default-executor-2] INFO  server.RaftServer$Division (ServerState.java:setLeader(271)) - a99b94f7-bcc3-419a-91d6-c5ca6fccf1ee@group-BFCF83161046: change Leader from c9225e55-1a9d-4728-b49d-cebf6a0677b3 to null at term 4 for updateCurrentTerm
2021-05-05 15:14:31,309 [grpc-default-executor-2] INFO  server.RaftServer$Division (RaftServerImpl.java:setRole(284)) - a99b94f7-bcc3-419a-91d6-c5ca6fccf1ee@group-BFCF83161046: changes role from  FOLLOWER to FOLLOWER at term 4 for candidate:8cc4f11c-26a9-4978-bb71-8737c51096c0
2021-05-05 15:14:31,309 [grpc-default-executor-2] INFO  impl.RoleInfo (RoleInfo.java:shutdownFollowerState(108)) - a99b94f7-bcc3-419a-91d6-c5ca6fccf1ee: shutdown a99b94f7-bcc3-419a-91d6-c5ca6fccf1ee@group-BFCF83161046-FollowerState
2021-05-05 15:14:31,309 [grpc-default-executor-2] INFO  impl.RoleInfo (RoleInfo.java:updateAndGet(130)) - a99b94f7-bcc3-419a-91d6-c5ca6fccf1ee: start a99b94f7-bcc3-419a-91d6-c5ca6fccf1ee@group-BFCF83161046-FollowerState
2021-05-05 15:14:31,310 [a99b94f7-bcc3-419a-91d6-c5ca6fccf1ee@group-BFCF83161046-FollowerState] INFO  impl.FollowerState (FollowerState.java:run(143)) - a99b94f7-bcc3-419a-91d6-c5ca6fccf1ee@group-BFCF83161046-FollowerState was interrupted: {}
java.lang.InterruptedException: sleep interrupted
	at java.lang.Thread.sleep(Native Method)
	at java.lang.Thread.sleep(Thread.java:340)
	at java.util.concurrent.TimeUnit.sleep(TimeUnit.java:386)
	at org.apache.ratis.util.TimeDuration.sleep(TimeDuration.java:324)
	at org.apache.ratis.util.TimeDuration.sleep(TimeDuration.java:309)
	at org.apache.ratis.server.impl.FollowerState.run(FollowerState.java:118)
2021-05-05 15:14:31,311 [grpc-default-executor-2] INFO  server.RaftServer$Division (RaftServerImpl.java:requestVote(1074)) - a99b94f7-bcc3-419a-91d6-c5ca6fccf1ee@group-BFCF83161046 replies to ELECTION vote request: 8cc4f11c-26a9-4978-bb71-8737c51096c0<-a99b94f7-bcc3-419a-91d6-c5ca6fccf1ee#0:OK-t4. Peer's state: a99b94f7-bcc3-419a-91d6-c5ca6fccf1ee@group-BFCF83161046:t4, leader=null, voted=8cc4f11c-26a9-4978-bb71-8737c51096c0, raftlog=a99b94f7-bcc3-419a-91d6-c5ca6fccf1ee@group-BFCF83161046-SegmentedRaftLog:OPENED:c0,f0,i0, conf=0: [a99b94f7-bcc3-419a-91d6-c5ca6fccf1ee|rpc:172.17.0.2:44371|dataStream:|priority:0, c9225e55-1a9d-4728-b49d-cebf6a0677b3|rpc:172.17.0.2:38287|dataStream:|priority:1, 8cc4f11c-26a9-4978-bb71-8737c51096c0|rpc:172.17.0.2:34407|dataStream:|priority:0], old=null
2021-05-05 15:14:31,312 [8cc4f11c-26a9-4978-bb71-8737c51096c0@group-BFCF83161046-LeaderElection100] INFO  impl.LeaderElection (LeaderElection.java:logAndReturn(89)) - 8cc4f11c-26a9-4978-bb71-8737c51096c0@group-BFCF83161046-LeaderElection100: ELECTION PASSED received 1 response(s) and 1 exception(s):
2021-05-05 15:14:31,312 [8cc4f11c-26a9-4978-bb71-8737c51096c0@group-BFCF83161046-LeaderElection100] INFO  impl.LeaderElection (LeaderElection.java:logAndReturn(93)) -   Response 0: 8cc4f11c-26a9-4978-bb71-8737c51096c0<-a99b94f7-bcc3-419a-91d6-c5ca6fccf1ee#0:OK-t4
2021-05-05 15:14:31,312 [8cc4f11c-26a9-4978-bb71-8737c51096c0@group-BFCF83161046-LeaderElection100] INFO  impl.LeaderElection (LogUtils.java:infoOrTrace(137)) -   Exception 1: java.util.concurrent.ExecutionException: org.apache.ratis.thirdparty.io.grpc.StatusRuntimeException: UNAVAILABLE: io exception
2021-05-05 15:14:31,312 [8cc4f11c-26a9-4978-bb71-8737c51096c0@group-BFCF83161046-LeaderElection100] INFO  impl.LeaderElection (LeaderElection.java:askForVotes(308)) - 8cc4f11c-26a9-4978-bb71-8737c51096c0@group-BFCF83161046-LeaderElection100 ELECTION round 0: result PASSED
2021-05-05 15:14:31,312 [8cc4f11c-26a9-4978-bb71-8737c51096c0@group-BFCF83161046-LeaderElection100] INFO  impl.RoleInfo (RoleInfo.java:shutdownLeaderElection(121)) - 8cc4f11c-26a9-4978-bb71-8737c51096c0: shutdown 8cc4f11c-26a9-4978-bb71-8737c51096c0@group-BFCF83161046-LeaderElection100
2021-05-05 15:14:31,312 [8cc4f11c-26a9-4978-bb71-8737c51096c0@group-BFCF83161046-LeaderElection100] INFO  server.RaftServer$Division (RaftServerImpl.java:setRole(284)) - 8cc4f11c-26a9-4978-bb71-8737c51096c0@group-BFCF83161046: changes role from CANDIDATE to LEADER at term 4 for changeToLeader
2021-05-05 15:14:31,312 [8cc4f11c-26a9-4978-bb71-8737c51096c0@group-BFCF83161046-LeaderElection100] INFO  ratis.XceiverServerRatis (XceiverServerRatis.java:handleLeaderChangedNotification(906)) - Leader change notification received for group: group-BFCF83161046 with new leaderId: 8cc4f11c-26a9-4978-bb71-8737c51096c0
2021-05-05 15:14:31,312 [8cc4f11c-26a9-4978-bb71-8737c51096c0@group-BFCF83161046-LeaderElection100] INFO  server.RaftServer$Division (ServerState.java:setLeader(271)) - 8cc4f11c-26a9-4978-bb71-8737c51096c0@group-BFCF83161046: change Leader from null to 8cc4f11c-26a9-4978-bb71-8737c51096c0 at term 4 for becomeLeader, leader elected after 11ms
2021-05-05 15:14:31,312 [8cc4f11c-26a9-4978-bb71-8737c51096c0@group-BFCF83161046-LeaderElection100] INFO  server.RaftServerConfigKeys (ConfUtils.java:logGet(44)) - raft.server.staging.catchup.gap = 1000 (default)
2021-05-05 15:14:31,312 [8cc4f11c-26a9-4978-bb71-8737c51096c0@group-BFCF83161046-LeaderElection100] INFO  metrics.RatisMetrics (RatisMetrics.java:lambda$create$0(36)) - Creating Metrics Registry : ratis.log_appender.8cc4f11c-26a9-4978-bb71-8737c51096c0@group-BFCF83161046
2021-05-05 15:14:31,313 [8cc4f11c-26a9-4978-bb71-8737c51096c0@group-BFCF83161046-LeaderElection100] INFO  server.RaftServerConfigKeys (ConfUtils.java:logGet(44)) - raft.server.write.element-limit = 1024 (custom)
2021-05-05 15:14:31,313 [8cc4f11c-26a9-4978-bb71-8737c51096c0@group-BFCF83161046-LeaderElection100] INFO  server.RaftServerConfigKeys (ConfUtils.java:logGet(44)) - raft.server.write.byte-limit = 1073741824 (custom)
2021-05-05 15:14:31,313 [8cc4f11c-26a9-4978-bb71-8737c51096c0@group-BFCF83161046-LeaderElection100] INFO  server.RaftServerConfigKeys (ConfUtils.java:logGet(44)) - raft.server.watch.timeout = 3000ms (custom)
2021-05-05 15:14:31,313 [8cc4f11c-26a9-4978-bb71-8737c51096c0@group-BFCF83161046-LeaderElection100] INFO  server.RaftServerConfigKeys (ConfUtils.java:logGet(44)) - raft.server.watch.timeout.denomination = 1s (default)
2021-05-05 15:14:31,313 [8cc4f11c-26a9-4978-bb71-8737c51096c0@group-BFCF83161046-LeaderElection100] INFO  server.RaftServerConfigKeys (ConfUtils.java:logGet(44)) - raft.server.watch.element-limit = 65536 (default)
2021-05-05 15:14:31,314 [8cc4f11c-26a9-4978-bb71-8737c51096c0@group-BFCF83161046-LeaderElection100] INFO  server.RaftServerConfigKeys (ConfUtils.java:logGet(44)) - raft.server.log.appender.snapshot.chunk.size.max = 16MB (=16777216) (default)
2021-05-05 15:14:31,314 [8cc4f11c-26a9-4978-bb71-8737c51096c0@group-BFCF83161046-LeaderElection100] INFO  server.RaftServerConfigKeys (ConfUtils.java:logGet(44)) - raft.server.log.appender.buffer.byte-limit = 33554432 (custom)
2021-05-05 15:14:31,314 [8cc4f11c-26a9-4978-bb71-8737c51096c0@group-BFCF83161046-LeaderElection100] INFO  server.RaftServerConfigKeys (ConfUtils.java:logGet(44)) - raft.server.log.appender.buffer.element-limit = 1 (custom)
2021-05-05 15:14:31,314 [8cc4f11c-26a9-4978-bb71-8737c51096c0@group-BFCF83161046-LeaderElection100] INFO  grpc.GrpcConfigKeys (ConfUtils.java:logGet(44)) - raft.grpc.server.leader.outstanding.appends.max = 128 (default)
2021-05-05 15:14:31,314 [8cc4f11c-26a9-4978-bb71-8737c51096c0@group-BFCF83161046-LeaderElection100] INFO  server.RaftServerConfigKeys (ConfUtils.java:logGet(44)) - raft.server.rpc.request.timeout = 3000ms (default)
2021-05-05 15:14:31,314 [8cc4f11c-26a9-4978-bb71-8737c51096c0@group-BFCF83161046-LeaderElection100] INFO  server.RaftServerConfigKeys (ConfUtils.java:logGet(44)) - raft.server.log.appender.install.snapshot.enabled = false (custom)
2021-05-05 15:14:31,314 [8cc4f11c-26a9-4978-bb71-8737c51096c0@group-BFCF83161046-LeaderElection100] INFO  metrics.RatisMetrics (RatisMetrics.java:lambda$create$0(36)) - Creating Metrics Registry : ratis_grpc.log_appender.8cc4f11c-26a9-4978-bb71-8737c51096c0@group-BFCF83161046
2021-05-05 15:14:31,317 [8cc4f11c-26a9-4978-bb71-8737c51096c0@group-BFCF83161046-LeaderElection100] INFO  server.RaftServerConfigKeys (ConfUtils.java:logGet(44)) - raft.server.log.appender.snapshot.chunk.size.max = 16MB (=16777216) (default)
2021-05-05 15:14:31,317 [8cc4f11c-26a9-4978-bb71-8737c51096c0@group-BFCF83161046-LeaderElection100] INFO  server.RaftServerConfigKeys (ConfUtils.java:logGet(44)) - raft.server.log.appender.buffer.byte-limit = 33554432 (custom)
2021-05-05 15:14:31,317 [8cc4f11c-26a9-4978-bb71-8737c51096c0@group-BFCF83161046-LeaderElection100] INFO  server.RaftServerConfigKeys (ConfUtils.java:logGet(44)) - raft.server.log.appender.buffer.element-limit = 1 (custom)
2021-05-05 15:14:31,317 [8cc4f11c-26a9-4978-bb71-8737c51096c0@group-BFCF83161046-LeaderElection100] INFO  grpc.GrpcConfigKeys (ConfUtils.java:logGet(44)) - raft.grpc.server.leader.outstanding.appends.max = 128 (default)
2021-05-05 15:14:31,317 [8cc4f11c-26a9-4978-bb71-8737c51096c0@group-BFCF83161046-LeaderElection100] INFO  server.RaftServerConfigKeys (ConfUtils.java:logGet(44)) - raft.server.rpc.request.timeout = 3000ms (default)
2021-05-05 15:14:31,317 [8cc4f11c-26a9-4978-bb71-8737c51096c0@group-BFCF83161046-LeaderElection100] INFO  server.RaftServerConfigKeys (ConfUtils.java:logGet(44)) - raft.server.log.appender.install.snapshot.enabled = false (custom)
2021-05-05 15:14:31,319 [8cc4f11c-26a9-4978-bb71-8737c51096c0@group-BFCF83161046-LeaderElection100] INFO  impl.RoleInfo (RoleInfo.java:updateAndGet(130)) - 8cc4f11c-26a9-4978-bb71-8737c51096c0: start 8cc4f11c-26a9-4978-bb71-8737c51096c0@group-BFCF83161046-LeaderStateImpl
2021-05-05 15:14:31,319 [8cc4f11c-26a9-4978-bb71-8737c51096c0@group-BFCF83161046-LeaderElection100] INFO  segmented.SegmentedRaftLogWorker (SegmentedRaftLogWorker.java:rollLogSegment(399)) - 8cc4f11c-26a9-4978-bb71-8737c51096c0@group-BFCF83161046-SegmentedRaftLogWorker: Rolling segment log-0_0 to index:0
2021-05-05 15:14:31,320 [8cc4f11c-26a9-4978-bb71-8737c51096c0@group-BFCF83161046-SegmentedRaftLogWorker] INFO  segmented.SegmentedRaftLogWorker (SegmentedRaftLogWorker.java:execute(558)) - 8cc4f11c-26a9-4978-bb71-8737c51096c0@group-BFCF83161046-SegmentedRaftLogWorker: Rolled log segment from /github/workspace/mnt/ozone/hadoop-ozone/integration-test/target/test-dir/MiniOzoneClusterImpl-c76e6b88-ed31-44d7-ac8c-51a305797015/datanode-0/data/ratis/2dc2dbe7-ca3e-4d45-bdcb-bfcf83161046/current/log_inprogress_0 to /github/workspace/mnt/ozone/hadoop-ozone/integration-test/target/test-dir/MiniOzoneClusterImpl-c76e6b88-ed31-44d7-ac8c-51a305797015/datanode-0/data/ratis/2dc2dbe7-ca3e-4d45-bdcb-bfcf83161046/current/log_0-0
2021-05-05 15:14:31,321 [8cc4f11c-26a9-4978-bb71-8737c51096c0@group-BFCF83161046-SegmentedRaftLogWorker] INFO  segmented.SegmentedRaftLogWorker (SegmentedRaftLogWorker.java:execute(601)) - 8cc4f11c-26a9-4978-bb71-8737c51096c0@group-BFCF83161046-SegmentedRaftLogWorker: created new log segment /github/workspace/mnt/ozone/hadoop-ozone/integration-test/target/test-dir/MiniOzoneClusterImpl-c76e6b88-ed31-44d7-ac8c-51a305797015/datanode-0/data/ratis/2dc2dbe7-ca3e-4d45-bdcb-bfcf83161046/current/log_inprogress_1
2021-05-05 15:14:31,322 [grpc-default-executor-1] INFO  ratis.XceiverServerRatis (XceiverServerRatis.java:handleLeaderChangedNotification(906)) - Leader change notification received for group: group-BFCF83161046 with new leaderId: 8cc4f11c-26a9-4978-bb71-8737c51096c0
2021-05-05 15:14:31,322 [grpc-default-executor-1] INFO  server.RaftServer$Division (ServerState.java:setLeader(271)) - a99b94f7-bcc3-419a-91d6-c5ca6fccf1ee@group-BFCF83161046: change Leader from null to 8cc4f11c-26a9-4978-bb71-8737c51096c0 at term 4 for appendEntries, leader elected after 12ms
2021-05-05 15:14:31,323 [8cc4f11c-26a9-4978-bb71-8737c51096c0@group-BFCF83161046-LeaderElection100] INFO  server.RaftServer$Division (ServerState.java:setRaftConf(373)) - 8cc4f11c-26a9-4978-bb71-8737c51096c0@group-BFCF83161046: set configuration 1: [a99b94f7-bcc3-419a-91d6-c5ca6fccf1ee|rpc:172.17.0.2:44371|dataStream:|priority:0, c9225e55-1a9d-4728-b49d-cebf6a0677b3|rpc:172.17.0.2:38287|dataStream:|priority:1, 8cc4f11c-26a9-4978-bb71-8737c51096c0|rpc:172.17.0.2:34407|dataStream:|priority:0], old=null
2021-05-05 15:14:31,323 [grpc-default-executor-1] INFO  server.RaftServer$Division (ServerState.java:setRaftConf(373)) - a99b94f7-bcc3-419a-91d6-c5ca6fccf1ee@group-BFCF83161046: set configuration 1: [a99b94f7-bcc3-419a-91d6-c5ca6fccf1ee|rpc:172.17.0.2:44371|dataStream:|priority:0, c9225e55-1a9d-4728-b49d-cebf6a0677b3|rpc:172.17.0.2:38287|dataStream:|priority:1, 8cc4f11c-26a9-4978-bb71-8737c51096c0|rpc:172.17.0.2:34407|dataStream:|priority:0], old=null
2021-05-05 15:14:31,323 [grpc-default-executor-1] INFO  segmented.SegmentedRaftLogWorker (SegmentedRaftLogWorker.java:rollLogSegment(399)) - a99b94f7-bcc3-419a-91d6-c5ca6fccf1ee@group-BFCF83161046-SegmentedRaftLogWorker: Rolling segment log-0_0 to index:0
2021-05-05 15:14:31,324 [grpc-default-executor-2] WARN  server.GrpcLogAppender (LogUtils.java:warn(122)) - 8cc4f11c-26a9-4978-bb71-8737c51096c0@group-BFCF83161046->c9225e55-1a9d-4728-b49d-cebf6a0677b3-AppendLogResponseHandler: Failed appendEntries: org.apache.ratis.thirdparty.io.grpc.StatusRuntimeException: UNAVAILABLE: io exception
2021-05-05 15:14:31,324 [grpc-default-executor-2] WARN  server.GrpcLogAppender (GrpcLogAppender.java:resetClient(111)) - 8cc4f11c-26a9-4978-bb71-8737c51096c0@group-BFCF83161046->c9225e55-1a9d-4728-b49d-cebf6a0677b3-GrpcLogAppender: Leader has not got in touch with Follower 8cc4f11c-26a9-4978-bb71-8737c51096c0@group-BFCF83161046->c9225e55-1a9d-4728-b49d-cebf6a0677b3(c-1,m0,n2, attendVote=true, lastRpcSendTime=0, lastRpcResponseTime=5210) yet, just keep nextIndex unchanged and retry.
2021-05-05 15:14:31,325 [a99b94f7-bcc3-419a-91d6-c5ca6fccf1ee@group-BFCF83161046-SegmentedRaftLogWorker] INFO  segmented.SegmentedRaftLogWorker (SegmentedRaftLogWorker.java:execute(558)) - a99b94f7-bcc3-419a-91d6-c5ca6fccf1ee@group-BFCF83161046-SegmentedRaftLogWorker: Rolled log segment from /github/workspace/mnt/ozone/hadoop-ozone/integration-test/target/test-dir/MiniOzoneClusterImpl-c76e6b88-ed31-44d7-ac8c-51a305797015/datanode-1/data/ratis/2dc2dbe7-ca3e-4d45-bdcb-bfcf83161046/current/log_inprogress_0 to /github/workspace/mnt/ozone/hadoop-ozone/integration-test/target/test-dir/MiniOzoneClusterImpl-c76e6b88-ed31-44d7-ac8c-51a305797015/datanode-1/data/ratis/2dc2dbe7-ca3e-4d45-bdcb-bfcf83161046/current/log_0-0
2021-05-05 15:14:31,326 [a99b94f7-bcc3-419a-91d6-c5ca6fccf1ee@group-BFCF83161046-SegmentedRaftLogWorker] INFO  segmented.SegmentedRaftLogWorker (SegmentedRaftLogWorker.java:execute(601)) - a99b94f7-bcc3-419a-91d6-c5ca6fccf1ee@group-BFCF83161046-SegmentedRaftLogWorker: created new log segment /github/workspace/mnt/ozone/hadoop-ozone/integration-test/target/test-dir/MiniOzoneClusterImpl-c76e6b88-ed31-44d7-ac8c-51a305797015/datanode-1/data/ratis/2dc2dbe7-ca3e-4d45-bdcb-bfcf83161046/current/log_inprogress_1
2021-05-05 15:14:31,332 [grpc-default-executor-2] WARN  server.GrpcLogAppender (LogUtils.java:warn(122)) - 8cc4f11c-26a9-4978-bb71-8737c51096c0@group-BFCF83161046->c9225e55-1a9d-4728-b49d-cebf6a0677b3-AppendLogResponseHandler: Failed appendEntries: org.apache.ratis.thirdparty.io.grpc.StatusRuntimeException: UNAVAILABLE: io exception
2021-05-05 15:14:31,333 [grpc-default-executor-2] WARN  server.GrpcLogAppender (GrpcLogAppender.java:resetClient(111)) - 8cc4f11c-26a9-4978-bb71-8737c51096c0@group-BFCF83161046->c9225e55-1a9d-4728-b49d-cebf6a0677b3-GrpcLogAppender: Leader has not got in touch with Follower 8cc4f11c-26a9-4978-bb71-8737c51096c0@group-BFCF83161046->c9225e55-1a9d-4728-b49d-cebf6a0677b3(c-1,m0,n3, attendVote=true, lastRpcSendTime=0, lastRpcResponseTime=5219) yet, just keep nextIndex unchanged and retry.
2021-05-05 15:14:32,198 [588c0cf1-2ab3-4f31-88e6-40c30440d309@group-EC4FF14613B3-FollowerState] INFO  impl.FollowerState (FollowerState.java:run(134)) - 588c0cf1-2ab3-4f31-88e6-40c30440d309@group-EC4FF14613B3-FollowerState: change to CANDIDATE, lastRpcElapsedTime:5174665087ns, electionTimeout:5174ms
2021-05-05 15:14:32,198 [588c0cf1-2ab3-4f31-88e6-40c30440d309@group-EC4FF14613B3-FollowerState] INFO  impl.RoleInfo (RoleInfo.java:shutdownFollowerState(108)) - 588c0cf1-2ab3-4f31-88e6-40c30440d309: shutdown 588c0cf1-2ab3-4f31-88e6-40c30440d309@group-EC4FF14613B3-FollowerState
2021-05-05 15:14:32,198 [588c0cf1-2ab3-4f31-88e6-40c30440d309@group-EC4FF14613B3-FollowerState] INFO  server.RaftServer$Division (RaftServerImpl.java:setRole(284)) - 588c0cf1-2ab3-4f31-88e6-40c30440d309@group-EC4FF14613B3: changes role from  FOLLOWER to CANDIDATE at term 5 for changeToCandidate
2021-05-05 15:14:32,199 [588c0cf1-2ab3-4f31-88e6-40c30440d309@group-EC4FF14613B3-FollowerState] INFO  server.RaftServerConfigKeys (ConfUtils.java:logGet(44)) - raft.server.leaderelection.pre-vote = false (custom)
2021-05-05 15:14:32,199 [588c0cf1-2ab3-4f31-88e6-40c30440d309@group-EC4FF14613B3-FollowerState] INFO  impl.RoleInfo (RoleInfo.java:updateAndGet(130)) - 588c0cf1-2ab3-4f31-88e6-40c30440d309: start 588c0cf1-2ab3-4f31-88e6-40c30440d309@group-EC4FF14613B3-LeaderElection101
2021-05-05 15:14:32,201 [588c0cf1-2ab3-4f31-88e6-40c30440d309@group-EC4FF14613B3-LeaderElection101] INFO  impl.LeaderElection (LeaderElection.java:askForVotes(306)) - 588c0cf1-2ab3-4f31-88e6-40c30440d309@group-EC4FF14613B3-LeaderElection101 ELECTION round 0: submit vote requests at term 6 for 0: [89dd138e-de60-41fb-966a-8d68ccbfd781|rpc:172.17.0.2:32835|dataStream:|priority:0, 7ec8b880-4b6b-4ec3-8434-09a8711643ec|rpc:172.17.0.2:33093|dataStream:|priority:0, 588c0cf1-2ab3-4f31-88e6-40c30440d309|rpc:172.17.0.2:46273|dataStream:|priority:1], old=null
2021-05-05 15:14:32,202 [588c0cf1-2ab3-4f31-88e6-40c30440d309@group-EC4FF14613B3-LeaderElection101] INFO  impl.LeaderElection (LogUtils.java:infoOrTrace(137)) - 588c0cf1-2ab3-4f31-88e6-40c30440d309@group-EC4FF14613B3-LeaderElection101 got exception when requesting votes: java.util.concurrent.ExecutionException: org.apache.ratis.thirdparty.io.grpc.StatusRuntimeException: UNAVAILABLE: io exception
2021-05-05 15:14:32,205 [grpc-default-executor-1] INFO  server.RaftServer$Division (RaftServerImpl.java:requestVote(1042)) - 7ec8b880-4b6b-4ec3-8434-09a8711643ec@group-EC4FF14613B3: receive requestVote(ELECTION, 588c0cf1-2ab3-4f31-88e6-40c30440d309, group-EC4FF14613B3, 6, (t:1, i:0))
2021-05-05 15:14:32,205 [grpc-default-executor-1] INFO  impl.VoteContext (VoteContext.java:log(48)) - 7ec8b880-4b6b-4ec3-8434-09a8711643ec@group-EC4FF14613B3-FOLLOWER: accept ELECTION from 588c0cf1-2ab3-4f31-88e6-40c30440d309: our last entry null < candidate's last entry (t:1, i:0)
2021-05-05 15:14:32,205 [grpc-default-executor-1] INFO  server.RaftServer$Division (RaftServerImpl.java:setRole(284)) - 7ec8b880-4b6b-4ec3-8434-09a8711643ec@group-EC4FF14613B3: changes role from  FOLLOWER to FOLLOWER at term 6 for candidate:588c0cf1-2ab3-4f31-88e6-40c30440d309
2021-05-05 15:14:32,205 [grpc-default-executor-1] INFO  impl.RoleInfo (RoleInfo.java:shutdownFollowerState(108)) - 7ec8b880-4b6b-4ec3-8434-09a8711643ec: shutdown 7ec8b880-4b6b-4ec3-8434-09a8711643ec@group-EC4FF14613B3-FollowerState
2021-05-05 15:14:32,205 [grpc-default-executor-1] INFO  impl.RoleInfo (RoleInfo.java:updateAndGet(130)) - 7ec8b880-4b6b-4ec3-8434-09a8711643ec: start 7ec8b880-4b6b-4ec3-8434-09a8711643ec@group-EC4FF14613B3-FollowerState
2021-05-05 15:14:32,205 [7ec8b880-4b6b-4ec3-8434-09a8711643ec@group-EC4FF14613B3-FollowerState] INFO  impl.FollowerState (FollowerState.java:run(143)) - 7ec8b880-4b6b-4ec3-8434-09a8711643ec@group-EC4FF14613B3-FollowerState was interrupted: {}
java.lang.InterruptedException: sleep interrupted
	at java.lang.Thread.sleep(Native Method)
	at java.lang.Thread.sleep(Thread.java:340)
	at java.util.concurrent.TimeUnit.sleep(TimeUnit.java:386)
	at org.apache.ratis.util.TimeDuration.sleep(TimeDuration.java:324)
	at org.apache.ratis.util.TimeDuration.sleep(TimeDuration.java:309)
	at org.apache.ratis.server.impl.FollowerState.run(FollowerState.java:118)
2021-05-05 15:14:32,206 [grpc-default-executor-1] INFO  server.RaftServer$Division (RaftServerImpl.java:requestVote(1074)) - 7ec8b880-4b6b-4ec3-8434-09a8711643ec@group-EC4FF14613B3 replies to ELECTION vote request: 588c0cf1-2ab3-4f31-88e6-40c30440d309<-7ec8b880-4b6b-4ec3-8434-09a8711643ec#0:OK-t6. Peer's state: 7ec8b880-4b6b-4ec3-8434-09a8711643ec@group-EC4FF14613B3:t6, leader=null, voted=588c0cf1-2ab3-4f31-88e6-40c30440d309, raftlog=7ec8b880-4b6b-4ec3-8434-09a8711643ec@group-EC4FF14613B3-SegmentedRaftLog:OPENED:c-1,f-1,i0, conf=-1: [89dd138e-de60-41fb-966a-8d68ccbfd781|rpc:172.17.0.2:32835|dataStream:|priority:0, 7ec8b880-4b6b-4ec3-8434-09a8711643ec|rpc:172.17.0.2:33093|dataStream:|priority:0, 588c0cf1-2ab3-4f31-88e6-40c30440d309|rpc:172.17.0.2:46273|dataStream:|priority:1], old=null
2021-05-05 15:14:32,208 [588c0cf1-2ab3-4f31-88e6-40c30440d309@group-EC4FF14613B3-LeaderElection101] INFO  impl.LeaderElection (LeaderElection.java:logAndReturn(89)) - 588c0cf1-2ab3-4f31-88e6-40c30440d309@group-EC4FF14613B3-LeaderElection101: ELECTION PASSED received 1 response(s) and 1 exception(s):
2021-05-05 15:14:32,209 [588c0cf1-2ab3-4f31-88e6-40c30440d309@group-EC4FF14613B3-LeaderElection101] INFO  impl.LeaderElection (LeaderElection.java:logAndReturn(93)) -   Response 0: 588c0cf1-2ab3-4f31-88e6-40c30440d309<-7ec8b880-4b6b-4ec3-8434-09a8711643ec#0:OK-t6
2021-05-05 15:14:32,209 [588c0cf1-2ab3-4f31-88e6-40c30440d309@group-EC4FF14613B3-LeaderElection101] INFO  impl.LeaderElection (LogUtils.java:infoOrTrace(137)) -   Exception 1: java.util.concurrent.ExecutionException: org.apache.ratis.thirdparty.io.grpc.StatusRuntimeException: UNAVAILABLE: io exception
2021-05-05 15:14:32,209 [588c0cf1-2ab3-4f31-88e6-40c30440d309@group-EC4FF14613B3-LeaderElection101] INFO  impl.LeaderElection (LeaderElection.java:askForVotes(308)) - 588c0cf1-2ab3-4f31-88e6-40c30440d309@group-EC4FF14613B3-LeaderElection101 ELECTION round 0: result PASSED
2021-05-05 15:14:32,209 [588c0cf1-2ab3-4f31-88e6-40c30440d309@group-EC4FF14613B3-LeaderElection101] INFO  impl.RoleInfo (RoleInfo.java:shutdownLeaderElection(121)) - 588c0cf1-2ab3-4f31-88e6-40c30440d309: shutdown 588c0cf1-2ab3-4f31-88e6-40c30440d309@group-EC4FF14613B3-LeaderElection101
2021-05-05 15:14:32,209 [588c0cf1-2ab3-4f31-88e6-40c30440d309@group-EC4FF14613B3-LeaderElection101] INFO  server.RaftServer$Division (RaftServerImpl.java:setRole(284)) - 588c0cf1-2ab3-4f31-88e6-40c30440d309@group-EC4FF14613B3: changes role from CANDIDATE to LEADER at term 6 for changeToLeader
2021-05-05 15:14:32,209 [588c0cf1-2ab3-4f31-88e6-40c30440d309@group-EC4FF14613B3-LeaderElection101] INFO  ratis.XceiverServerRatis (XceiverServerRatis.java:handleLeaderChangedNotification(906)) - Leader change notification received for group: group-EC4FF14613B3 with new leaderId: 588c0cf1-2ab3-4f31-88e6-40c30440d309
2021-05-05 15:14:32,209 [588c0cf1-2ab3-4f31-88e6-40c30440d309@group-EC4FF14613B3-LeaderElection101] INFO  server.RaftServer$Division (ServerState.java:setLeader(271)) - 588c0cf1-2ab3-4f31-88e6-40c30440d309@group-EC4FF14613B3: change Leader from null to 588c0cf1-2ab3-4f31-88e6-40c30440d309 at term 6 for becomeLeader, leader elected after 20472ms
2021-05-05 15:14:32,209 [588c0cf1-2ab3-4f31-88e6-40c30440d309@group-EC4FF14613B3-LeaderElection101] INFO  server.RaftServerConfigKeys (ConfUtils.java:logGet(44)) - raft.server.staging.catchup.gap = 1000 (default)
2021-05-05 15:14:32,209 [588c0cf1-2ab3-4f31-88e6-40c30440d309@group-EC4FF14613B3-LeaderElection101] INFO  metrics.RatisMetrics (RatisMetrics.java:lambda$create$0(36)) - Creating Metrics Registry : ratis.log_appender.588c0cf1-2ab3-4f31-88e6-40c30440d309@group-EC4FF14613B3
2021-05-05 15:14:32,209 [588c0cf1-2ab3-4f31-88e6-40c30440d309@group-EC4FF14613B3-LeaderElection101] INFO  server.RaftServerConfigKeys (ConfUtils.java:logGet(44)) - raft.server.write.element-limit = 1024 (custom)
2021-05-05 15:14:32,209 [588c0cf1-2ab3-4f31-88e6-40c30440d309@group-EC4FF14613B3-LeaderElection101] INFO  server.RaftServerConfigKeys (ConfUtils.java:logGet(44)) - raft.server.write.byte-limit = 1073741824 (custom)
2021-05-05 15:14:32,210 [588c0cf1-2ab3-4f31-88e6-40c30440d309@group-EC4FF14613B3-LeaderElection101] INFO  server.RaftServerConfigKeys (ConfUtils.java:logGet(44)) - raft.server.watch.timeout = 3000ms (custom)
2021-05-05 15:14:32,210 [588c0cf1-2ab3-4f31-88e6-40c30440d309@group-EC4FF14613B3-LeaderElection101] INFO  server.RaftServerConfigKeys (ConfUtils.java:logGet(44)) - raft.server.watch.timeout.denomination = 1s (default)
2021-05-05 15:14:32,210 [588c0cf1-2ab3-4f31-88e6-40c30440d309@group-EC4FF14613B3-LeaderElection101] INFO  server.RaftServerConfigKeys (ConfUtils.java:logGet(44)) - raft.server.watch.element-limit = 65536 (default)
2021-05-05 15:14:32,210 [588c0cf1-2ab3-4f31-88e6-40c30440d309@group-EC4FF14613B3-LeaderElection101] INFO  server.RaftServerConfigKeys (ConfUtils.java:logGet(44)) - raft.server.log.appender.snapshot.chunk.size.max = 16MB (=16777216) (default)
2021-05-05 15:14:32,210 [588c0cf1-2ab3-4f31-88e6-40c30440d309@group-EC4FF14613B3-LeaderElection101] INFO  server.RaftServerConfigKeys (ConfUtils.java:logGet(44)) - raft.server.log.appender.buffer.byte-limit = 33554432 (custom)
2021-05-05 15:14:32,210 [588c0cf1-2ab3-4f31-88e6-40c30440d309@group-EC4FF14613B3-LeaderElection101] INFO  server.RaftServerConfigKeys (ConfUtils.java:logGet(44)) - raft.server.log.appender.buffer.element-limit = 1 (custom)
2021-05-05 15:14:32,210 [588c0cf1-2ab3-4f31-88e6-40c30440d309@group-EC4FF14613B3-LeaderElection101] INFO  grpc.GrpcConfigKeys (ConfUtils.java:logGet(44)) - raft.grpc.server.leader.outstanding.appends.max = 128 (default)
2021-05-05 15:14:32,210 [588c0cf1-2ab3-4f31-88e6-40c30440d309@group-EC4FF14613B3-LeaderElection101] INFO  server.RaftServerConfigKeys (ConfUtils.java:logGet(44)) - raft.server.rpc.request.timeout = 3000ms (default)
2021-05-05 15:14:32,210 [588c0cf1-2ab3-4f31-88e6-40c30440d309@group-EC4FF14613B3-LeaderElection101] INFO  server.RaftServerConfigKeys (ConfUtils.java:logGet(44)) - raft.server.log.appender.install.snapshot.enabled = false (custom)
2021-05-05 15:14:32,211 [588c0cf1-2ab3-4f31-88e6-40c30440d309@group-EC4FF14613B3-LeaderElection101] INFO  metrics.RatisMetrics (RatisMetrics.java:lambda$create$0(36)) - Creating Metrics Registry : ratis_grpc.log_appender.588c0cf1-2ab3-4f31-88e6-40c30440d309@group-EC4FF14613B3
2021-05-05 15:14:32,212 [588c0cf1-2ab3-4f31-88e6-40c30440d309@group-EC4FF14613B3-LeaderElection101] INFO  server.RaftServerConfigKeys (ConfUtils.java:logGet(44)) - raft.server.log.appender.snapshot.chunk.size.max = 16MB (=16777216) (default)
2021-05-05 15:14:32,213 [588c0cf1-2ab3-4f31-88e6-40c30440d309@group-EC4FF14613B3-LeaderElection101] INFO  server.RaftServerConfigKeys (ConfUtils.java:logGet(44)) - raft.server.log.appender.buffer.byte-limit = 33554432 (custom)
2021-05-05 15:14:32,213 [588c0cf1-2ab3-4f31-88e6-40c30440d309@group-EC4FF14613B3-LeaderElection101] INFO  server.RaftServerConfigKeys (ConfUtils.java:logGet(44)) - raft.server.log.appender.buffer.element-limit = 1 (custom)
2021-05-05 15:14:32,213 [588c0cf1-2ab3-4f31-88e6-40c30440d309@group-EC4FF14613B3-LeaderElection101] INFO  grpc.GrpcConfigKeys (ConfUtils.java:logGet(44)) - raft.grpc.server.leader.outstanding.appends.max = 128 (default)
2021-05-05 15:14:32,213 [588c0cf1-2ab3-4f31-88e6-40c30440d309@group-EC4FF14613B3-LeaderElection101] INFO  server.RaftServerConfigKeys (ConfUtils.java:logGet(44)) - raft.server.rpc.request.timeout = 3000ms (default)
2021-05-05 15:14:32,213 [588c0cf1-2ab3-4f31-88e6-40c30440d309@group-EC4FF14613B3-LeaderElection101] INFO  server.RaftServerConfigKeys (ConfUtils.java:logGet(44)) - raft.server.log.appender.install.snapshot.enabled = false (custom)
2021-05-05 15:14:32,214 [588c0cf1-2ab3-4f31-88e6-40c30440d309@group-EC4FF14613B3-LeaderElection101] INFO  impl.RoleInfo (RoleInfo.java:updateAndGet(130)) - 588c0cf1-2ab3-4f31-88e6-40c30440d309: start 588c0cf1-2ab3-4f31-88e6-40c30440d309@group-EC4FF14613B3-LeaderStateImpl
2021-05-05 15:14:32,216 [588c0cf1-2ab3-4f31-88e6-40c30440d309@group-EC4FF14613B3-LeaderElection101] INFO  segmented.SegmentedRaftLogWorker (SegmentedRaftLogWorker.java:rollLogSegment(399)) - 588c0cf1-2ab3-4f31-88e6-40c30440d309@group-EC4FF14613B3-SegmentedRaftLogWorker: Rolling segment log-0_0 to index:0
2021-05-05 15:14:32,217 [588c0cf1-2ab3-4f31-88e6-40c30440d309@group-EC4FF14613B3-SegmentedRaftLogWorker] INFO  segmented.SegmentedRaftLogWorker (SegmentedRaftLogWorker.java:execute(558)) - 588c0cf1-2ab3-4f31-88e6-40c30440d309@group-EC4FF14613B3-SegmentedRaftLogWorker: Rolled log segment from /github/workspace/mnt/ozone/hadoop-ozone/integration-test/target/test-dir/MiniOzoneClusterImpl-c76e6b88-ed31-44d7-ac8c-51a305797015/datanode-3/data/ratis/03d84a71-6970-4bc3-a5b0-ec4ff14613b3/current/log_inprogress_0 to /github/workspace/mnt/ozone/hadoop-ozone/integration-test/target/test-dir/MiniOzoneClusterImpl-c76e6b88-ed31-44d7-ac8c-51a305797015/datanode-3/data/ratis/03d84a71-6970-4bc3-a5b0-ec4ff14613b3/current/log_0-0
2021-05-05 15:14:32,218 [588c0cf1-2ab3-4f31-88e6-40c30440d309@group-EC4FF14613B3-SegmentedRaftLogWorker] INFO  segmented.SegmentedRaftLogWorker (SegmentedRaftLogWorker.java:execute(601)) - 588c0cf1-2ab3-4f31-88e6-40c30440d309@group-EC4FF14613B3-SegmentedRaftLogWorker: created new log segment /github/workspace/mnt/ozone/hadoop-ozone/integration-test/target/test-dir/MiniOzoneClusterImpl-c76e6b88-ed31-44d7-ac8c-51a305797015/datanode-3/data/ratis/03d84a71-6970-4bc3-a5b0-ec4ff14613b3/current/log_inprogress_1
2021-05-05 15:14:32,260 [588c0cf1-2ab3-4f31-88e6-40c30440d309@group-EC4FF14613B3-LeaderElection101] INFO  server.RaftServer$Division (ServerState.java:setRaftConf(373)) - 588c0cf1-2ab3-4f31-88e6-40c30440d309@group-EC4FF14613B3: set configuration 1: [89dd138e-de60-41fb-966a-8d68ccbfd781|rpc:172.17.0.2:32835|dataStream:|priority:0, 7ec8b880-4b6b-4ec3-8434-09a8711643ec|rpc:172.17.0.2:33093|dataStream:|priority:0, 588c0cf1-2ab3-4f31-88e6-40c30440d309|rpc:172.17.0.2:46273|dataStream:|priority:1], old=null
2021-05-05 15:14:32,263 [grpc-default-executor-1] WARN  server.GrpcLogAppender (LogUtils.java:warn(122)) - 588c0cf1-2ab3-4f31-88e6-40c30440d309@group-EC4FF14613B3->89dd138e-de60-41fb-966a-8d68ccbfd781-AppendLogResponseHandler: Failed appendEntries: org.apache.ratis.thirdparty.io.grpc.StatusRuntimeException: UNAVAILABLE: io exception
2021-05-05 15:14:32,275 [grpc-default-executor-1] WARN  server.GrpcLogAppender (GrpcLogAppender.java:resetClient(111)) - 588c0cf1-2ab3-4f31-88e6-40c30440d309@group-EC4FF14613B3->89dd138e-de60-41fb-966a-8d68ccbfd781-GrpcLogAppender: Leader has not got in touch with Follower 588c0cf1-2ab3-4f31-88e6-40c30440d309@group-EC4FF14613B3->89dd138e-de60-41fb-966a-8d68ccbfd781(c-1,m0,n2, attendVote=true, lastRpcSendTime=0, lastRpcResponseTime=5265) yet, just keep nextIndex unchanged and retry.
2021-05-05 15:14:32,277 [grpc-default-executor-0] INFO  ratis.XceiverServerRatis (XceiverServerRatis.java:handleLeaderChangedNotification(906)) - Leader change notification received for group: group-EC4FF14613B3 with new leaderId: 588c0cf1-2ab3-4f31-88e6-40c30440d309
2021-05-05 15:14:32,277 [grpc-default-executor-0] INFO  server.RaftServer$Division (ServerState.java:setLeader(271)) - 7ec8b880-4b6b-4ec3-8434-09a8711643ec@group-EC4FF14613B3: change Leader from null to 588c0cf1-2ab3-4f31-88e6-40c30440d309 at term 6 for appendEntries, leader elected after 25639ms
2021-05-05 15:14:32,277 [grpc-default-executor-0] INFO  server.RaftServer$Division (RaftServerImpl.java:checkInconsistentAppendEntries(1318)) - 7ec8b880-4b6b-4ec3-8434-09a8711643ec@group-EC4FF14613B3: Failed appendEntries as previous log entry ((t:1, i:0)) is not found
2021-05-05 15:14:32,277 [grpc-default-executor-0] INFO  server.RaftServer$Division (RaftServerImpl.java:checkInconsistentAppendEntries(1284)) - 7ec8b880-4b6b-4ec3-8434-09a8711643ec@group-EC4FF14613B3: inconsistency entries. Reply:588c0cf1-2ab3-4f31-88e6-40c30440d309<-7ec8b880-4b6b-4ec3-8434-09a8711643ec#0:FAIL-t6,INCONSISTENCY,nextIndex=0,followerCommit=-1
2021-05-05 15:14:32,278 [grpc-default-executor-1] INFO  leader.FollowerInfo (FollowerInfoImpl.java:lambda$new$0(46)) - 588c0cf1-2ab3-4f31-88e6-40c30440d309@group-EC4FF14613B3->7ec8b880-4b6b-4ec3-8434-09a8711643ec: nextIndex: updateUnconditionally 2 -> 0
2021-05-05 15:14:32,280 [grpc-default-executor-0] INFO  server.RaftServer$Division (RaftServerImpl.java:checkInconsistentAppendEntries(1318)) - 7ec8b880-4b6b-4ec3-8434-09a8711643ec@group-EC4FF14613B3: Failed appendEntries as previous log entry ((t:1, i:0)) is not found
2021-05-05 15:14:32,282 [grpc-default-executor-0] INFO  server.RaftServer$Division (RaftServerImpl.java:checkInconsistentAppendEntries(1284)) - 7ec8b880-4b6b-4ec3-8434-09a8711643ec@group-EC4FF14613B3: inconsistency entries. Reply:588c0cf1-2ab3-4f31-88e6-40c30440d309<-7ec8b880-4b6b-4ec3-8434-09a8711643ec#1:FAIL-t6,INCONSISTENCY,nextIndex=0,followerCommit=-1
2021-05-05 15:14:32,283 [grpc-default-executor-1] INFO  leader.FollowerInfo (FollowerInfoImpl.java:lambda$new$0(46)) - 588c0cf1-2ab3-4f31-88e6-40c30440d309@group-EC4FF14613B3->7ec8b880-4b6b-4ec3-8434-09a8711643ec: nextIndex: updateUnconditionally 2 -> 0
2021-05-05 15:14:32,285 [grpc-default-executor-0] INFO  server.RaftServer$Division (ServerState.java:setRaftConf(373)) - 7ec8b880-4b6b-4ec3-8434-09a8711643ec@group-EC4FF14613B3: set configuration 0: [89dd138e-de60-41fb-966a-8d68ccbfd781|rpc:172.17.0.2:32835|dataStream:|priority:0, 7ec8b880-4b6b-4ec3-8434-09a8711643ec|rpc:172.17.0.2:33093|dataStream:|priority:0, 588c0cf1-2ab3-4f31-88e6-40c30440d309|rpc:172.17.0.2:46273|dataStream:|priority:1], old=null
2021-05-05 15:14:32,286 [grpc-default-executor-0] INFO  segmented.SegmentedRaftLogWorker (SegmentedRaftLogWorker.java:startLogSegment(394)) - 7ec8b880-4b6b-4ec3-8434-09a8711643ec@group-EC4FF14613B3-SegmentedRaftLogWorker: Starting segment from index:0
2021-05-05 15:14:32,287 [7ec8b880-4b6b-4ec3-8434-09a8711643ec@group-EC4FF14613B3-SegmentedRaftLogWorker] INFO  segmented.SegmentedRaftLogWorker (SegmentedRaftLogWorker.java:execute(601)) - 7ec8b880-4b6b-4ec3-8434-09a8711643ec@group-EC4FF14613B3-SegmentedRaftLogWorker: created new log segment /github/workspace/mnt/ozone/hadoop-ozone/integration-test/target/test-dir/MiniOzoneClusterImpl-c76e6b88-ed31-44d7-ac8c-51a305797015/datanode-5/data/ratis/03d84a71-6970-4bc3-a5b0-ec4ff14613b3/current/log_inprogress_0
2021-05-05 15:14:32,288 [grpc-default-executor-0] INFO  server.RaftServer$Division (ServerState.java:setRaftConf(373)) - 7ec8b880-4b6b-4ec3-8434-09a8711643ec@group-EC4FF14613B3: set configuration 1: [89dd138e-de60-41fb-966a-8d68ccbfd781|rpc:172.17.0.2:32835|dataStream:|priority:0, 7ec8b880-4b6b-4ec3-8434-09a8711643ec|rpc:172.17.0.2:33093|dataStream:|priority:0, 588c0cf1-2ab3-4f31-88e6-40c30440d309|rpc:172.17.0.2:46273|dataStream:|priority:1], old=null
2021-05-05 15:14:32,289 [grpc-default-executor-0] INFO  segmented.SegmentedRaftLogWorker (SegmentedRaftLogWorker.java:rollLogSegment(399)) - 7ec8b880-4b6b-4ec3-8434-09a8711643ec@group-EC4FF14613B3-SegmentedRaftLogWorker: Rolling segment log-0_0 to index:0
2021-05-05 15:14:32,290 [grpc-default-executor-0] INFO  server.RaftServer$Division (ServerState.java:setRaftConf(373)) - 7ec8b880-4b6b-4ec3-8434-09a8711643ec@group-EC4FF14613B3: set configuration 0: [89dd138e-de60-41fb-966a-8d68ccbfd781|rpc:172.17.0.2:32835|dataStream:|priority:0, 7ec8b880-4b6b-4ec3-8434-09a8711643ec|rpc:172.17.0.2:33093|dataStream:|priority:0, 588c0cf1-2ab3-4f31-88e6-40c30440d309|rpc:172.17.0.2:46273|dataStream:|priority:1], old=null
2021-05-05 15:14:32,291 [7ec8b880-4b6b-4ec3-8434-09a8711643ec@group-EC4FF14613B3-SegmentedRaftLogWorker] INFO  segmented.SegmentedRaftLogWorker (SegmentedRaftLogWorker.java:execute(558)) - 7ec8b880-4b6b-4ec3-8434-09a8711643ec@group-EC4FF14613B3-SegmentedRaftLogWorker: Rolled log segment from /github/workspace/mnt/ozone/hadoop-ozone/integration-test/target/test-dir/MiniOzoneClusterImpl-c76e6b88-ed31-44d7-ac8c-51a305797015/datanode-5/data/ratis/03d84a71-6970-4bc3-a5b0-ec4ff14613b3/current/log_inprogress_0 to /github/workspace/mnt/ozone/hadoop-ozone/integration-test/target/test-dir/MiniOzoneClusterImpl-c76e6b88-ed31-44d7-ac8c-51a305797015/datanode-5/data/ratis/03d84a71-6970-4bc3-a5b0-ec4ff14613b3/current/log_0-0
2021-05-05 15:14:32,295 [7ec8b880-4b6b-4ec3-8434-09a8711643ec@group-EC4FF14613B3-SegmentedRaftLogWorker] INFO  segmented.SegmentedRaftLogWorker (SegmentedRaftLogWorker.java:execute(601)) - 7ec8b880-4b6b-4ec3-8434-09a8711643ec@group-EC4FF14613B3-SegmentedRaftLogWorker: created new log segment /github/workspace/mnt/ozone/hadoop-ozone/integration-test/target/test-dir/MiniOzoneClusterImpl-c76e6b88-ed31-44d7-ac8c-51a305797015/datanode-5/data/ratis/03d84a71-6970-4bc3-a5b0-ec4ff14613b3/current/log_inprogress_1
2021-05-05 15:14:32,295 [grpc-default-executor-0] INFO  server.RaftServer$Division (ServerState.java:setRaftConf(373)) - 7ec8b880-4b6b-4ec3-8434-09a8711643ec@group-EC4FF14613B3: set configuration 1: [89dd138e-de60-41fb-966a-8d68ccbfd781|rpc:172.17.0.2:32835|dataStream:|priority:0, 7ec8b880-4b6b-4ec3-8434-09a8711643ec|rpc:172.17.0.2:33093|dataStream:|priority:0, 588c0cf1-2ab3-4f31-88e6-40c30440d309|rpc:172.17.0.2:46273|dataStream:|priority:1], old=null
2021-05-05 15:14:32,299 [grpc-default-executor-0] WARN  server.GrpcLogAppender (LogUtils.java:warn(122)) - 588c0cf1-2ab3-4f31-88e6-40c30440d309@group-EC4FF14613B3->89dd138e-de60-41fb-966a-8d68ccbfd781-AppendLogResponseHandler: Failed appendEntries: org.apache.ratis.thirdparty.io.grpc.StatusRuntimeException: UNAVAILABLE: io exception
2021-05-05 15:14:32,299 [grpc-default-executor-0] WARN  server.GrpcLogAppender (GrpcLogAppender.java:resetClient(111)) - 588c0cf1-2ab3-4f31-88e6-40c30440d309@group-EC4FF14613B3->89dd138e-de60-41fb-966a-8d68ccbfd781-GrpcLogAppender: Leader has not got in touch with Follower 588c0cf1-2ab3-4f31-88e6-40c30440d309@group-EC4FF14613B3->89dd138e-de60-41fb-966a-8d68ccbfd781(c-1,m0,n3, attendVote=true, lastRpcSendTime=0, lastRpcResponseTime=5289) yet, just keep nextIndex unchanged and retry.
2021-05-05 15:14:33,715 [Listener at 127.0.0.1/33403] INFO  ozoneimpl.OzoneContainer (OzoneContainer.java:stop(313)) - Attempting to stop container services.
2021-05-05 15:14:33,716 [Listener at 127.0.0.1/33403] INFO  server.RaftServer (RaftServerProxy.java:lambda$close$6(391)) - 7ec8b880-4b6b-4ec3-8434-09a8711643ec: close
2021-05-05 15:14:33,716 [Listener at 127.0.0.1/33403] INFO  server.RaftServer$Division (RaftServerImpl.java:lambda$close$4(406)) - 7ec8b880-4b6b-4ec3-8434-09a8711643ec@group-EC4FF14613B3: shutdown
2021-05-05 15:14:33,716 [Listener at 127.0.0.1/33403] INFO  util.JmxRegister (JmxRegister.java:unregister(73)) - Successfully un-registered JMX Bean with object name Ratis:service=RaftServer,group=group-EC4FF14613B3,id=7ec8b880-4b6b-4ec3-8434-09a8711643ec
2021-05-05 15:14:33,717 [Listener at 127.0.0.1/33403] INFO  impl.RoleInfo (RoleInfo.java:shutdownFollowerState(108)) - 7ec8b880-4b6b-4ec3-8434-09a8711643ec: shutdown 7ec8b880-4b6b-4ec3-8434-09a8711643ec@group-EC4FF14613B3-FollowerState
2021-05-05 15:14:33,717 [Listener at 127.0.0.1/33403] INFO  impl.StateMachineUpdater (StateMachineUpdater.java:stopAndJoin(149)) - 7ec8b880-4b6b-4ec3-8434-09a8711643ec@group-EC4FF14613B3-StateMachineUpdater: set stopIndex = 1
2021-05-05 15:14:33,717 [7ec8b880-4b6b-4ec3-8434-09a8711643ec@group-EC4FF14613B3-FollowerState] INFO  impl.FollowerState (FollowerState.java:run(143)) - 7ec8b880-4b6b-4ec3-8434-09a8711643ec@group-EC4FF14613B3-FollowerState was interrupted: {}
java.lang.InterruptedException: sleep interrupted
	at java.lang.Thread.sleep(Native Method)
	at java.lang.Thread.sleep(Thread.java:340)
	at java.util.concurrent.TimeUnit.sleep(TimeUnit.java:386)
	at org.apache.ratis.util.TimeDuration.sleep(TimeDuration.java:324)
	at org.apache.ratis.util.TimeDuration.sleep(TimeDuration.java:309)
	at org.apache.ratis.server.impl.FollowerState.run(FollowerState.java:118)
2021-05-05 15:14:33,732 [ForkJoinPool.commonPool-worker-0] INFO  ozoneimpl.OzoneContainer (OzoneContainer.java:stop(313)) - Attempting to stop container services.
2021-05-05 15:14:33,727 [7ec8b880-4b6b-4ec3-8434-09a8711643ec@group-EC4FF14613B3-StateMachineUpdater] INFO  ratis.ContainerStateMachine (ContainerStateMachine.java:takeSnapshot(292)) - group-EC4FF14613B3: Taking a snapshot at:(t:6, i:1) file /github/workspace/mnt/ozone/hadoop-ozone/integration-test/target/test-dir/MiniOzoneClusterImpl-c76e6b88-ed31-44d7-ac8c-51a305797015/datanode-5/data/ratis/03d84a71-6970-4bc3-a5b0-ec4ff14613b3/sm/snapshot.6_1
2021-05-05 15:14:33,733 [ForkJoinPool.commonPool-worker-0] INFO  server.RaftServer (RaftServerProxy.java:lambda$close$6(391)) - 588c0cf1-2ab3-4f31-88e6-40c30440d309: close
2021-05-05 15:14:33,733 [ForkJoinPool.commonPool-worker-0] INFO  server.RaftServer$Division (RaftServerImpl.java:lambda$close$4(406)) - 588c0cf1-2ab3-4f31-88e6-40c30440d309@group-EC4FF14613B3: shutdown
2021-05-05 15:14:33,733 [ForkJoinPool.commonPool-worker-0] INFO  util.JmxRegister (JmxRegister.java:unregister(73)) - Successfully un-registered JMX Bean with object name Ratis:service=RaftServer,group=group-EC4FF14613B3,id=588c0cf1-2ab3-4f31-88e6-40c30440d309
2021-05-05 15:14:33,733 [7ec8b880-4b6b-4ec3-8434-09a8711643ec@group-EC4FF14613B3-StateMachineUpdater] INFO  ratis.ContainerStateMachine (ContainerStateMachine.java:takeSnapshot(303)) - group-EC4FF14613B3: Finished taking a snapshot at:(t:6, i:1) file:/github/workspace/mnt/ozone/hadoop-ozone/integration-test/target/test-dir/MiniOzoneClusterImpl-c76e6b88-ed31-44d7-ac8c-51a305797015/datanode-5/data/ratis/03d84a71-6970-4bc3-a5b0-ec4ff14613b3/sm/snapshot.6_1 took: 6 ms
2021-05-05 15:14:33,733 [ForkJoinPool.commonPool-worker-0] INFO  impl.RoleInfo (RoleInfo.java:shutdownLeaderState(91)) - 588c0cf1-2ab3-4f31-88e6-40c30440d309: shutdown 588c0cf1-2ab3-4f31-88e6-40c30440d309@group-EC4FF14613B3-LeaderStateImpl
2021-05-05 15:14:33,734 [7ec8b880-4b6b-4ec3-8434-09a8711643ec@group-EC4FF14613B3-StateMachineUpdater] INFO  impl.StateMachineUpdater (StateMachineUpdater.java:takeSnapshot(281)) - 7ec8b880-4b6b-4ec3-8434-09a8711643ec@group-EC4FF14613B3-StateMachineUpdater: Took a snapshot at index 1
2021-05-05 15:14:33,734 [7ec8b880-4b6b-4ec3-8434-09a8711643ec@group-EC4FF14613B3-StateMachineUpdater] INFO  impl.StateMachineUpdater (StateMachineUpdater.java:lambda$new$0(89)) - 7ec8b880-4b6b-4ec3-8434-09a8711643ec@group-EC4FF14613B3-StateMachineUpdater: snapshotIndex: updateIncreasingly -1 -> 1
2021-05-05 15:14:33,734 [ForkJoinPool.commonPool-worker-0] INFO  metrics.RatisMetrics (RatisMetrics.java:unregister(43)) - Unregistering Metrics Registry : ratis_grpc.log_appender.588c0cf1-2ab3-4f31-88e6-40c30440d309@group-EC4FF14613B3
2021-05-05 15:14:33,734 [7ec8b880-4b6b-4ec3-8434-09a8711643ec@group-EC4FF14613B3-StateMachineUpdater] INFO  metrics.RatisMetrics (RatisMetrics.java:unregister(43)) - Unregistering Metrics Registry : ratis.state_machine.7ec8b880-4b6b-4ec3-8434-09a8711643ec@group-EC4FF14613B3
2021-05-05 15:14:33,734 [ForkJoinPool.commonPool-worker-0] INFO  metrics.RatisMetrics (RatisMetrics.java:unregister(43)) - Unregistering Metrics Registry : ratis_grpc.log_appender.588c0cf1-2ab3-4f31-88e6-40c30440d309@group-EC4FF14613B3
2021-05-05 15:14:33,734 [Listener at 127.0.0.1/33403] INFO  server.RaftServer$Division (ServerState.java:close(405)) - 7ec8b880-4b6b-4ec3-8434-09a8711643ec@group-EC4FF14613B3: closes. applyIndex: 1
2021-05-05 15:14:33,734 [588c0cf1-2ab3-4f31-88e6-40c30440d309@group-EC4FF14613B3->7ec8b880-4b6b-4ec3-8434-09a8711643ec-GrpcLogAppender-LogAppenderDaemon] WARN  server.GrpcLogAppender (GrpcLogAppender.java:mayWait(175)) - 588c0cf1-2ab3-4f31-88e6-40c30440d309@group-EC4FF14613B3->7ec8b880-4b6b-4ec3-8434-09a8711643ec-GrpcLogAppender: Wait interrupted by java.lang.InterruptedException
2021-05-05 15:14:33,734 [ForkJoinPool.commonPool-worker-0] INFO  impl.PendingRequests (PendingRequests.java:sendNotLeaderResponses(249)) - 588c0cf1-2ab3-4f31-88e6-40c30440d309@group-EC4FF14613B3-PendingRequests: sendNotLeaderResponses
2021-05-05 15:14:33,734 [7ec8b880-4b6b-4ec3-8434-09a8711643ec@group-EC4FF14613B3-SegmentedRaftLogWorker] INFO  segmented.SegmentedRaftLogWorker (SegmentedRaftLogWorker.java:run(327)) - 7ec8b880-4b6b-4ec3-8434-09a8711643ec@group-EC4FF14613B3-SegmentedRaftLogWorker was interrupted, exiting. There are 0 tasks remaining in the queue.
2021-05-05 15:14:33,737 [grpc-default-executor-0] INFO  server.GrpcServerProtocolService (GrpcServerProtocolService.java:onCompleted(140)) - 7ec8b880-4b6b-4ec3-8434-09a8711643ec: Completed APPEND_ENTRIES, lastRequest: 588c0cf1-2ab3-4f31-88e6-40c30440d309->7ec8b880-4b6b-4ec3-8434-09a8711643ec#6-t6,previous=(t:6, i:1),leaderCommit=1,initializing? true,entries: size=1, first=(t:6, i:2), METADATAENTRY(c:1)
2021-05-05 15:14:33,736 [ForkJoinPool.commonPool-worker-0] INFO  metrics.RatisMetrics (RatisMetrics.java:unregister(43)) - Unregistering Metrics Registry : ratis.log_appender.588c0cf1-2ab3-4f31-88e6-40c30440d309@group-EC4FF14613B3
2021-05-05 15:14:33,740 [ForkJoinPool.commonPool-worker-0] INFO  metrics.RatisMetrics (RatisMetrics.java:unregister(43)) - Unregistering Metrics Registry : ratis.server.588c0cf1-2ab3-4f31-88e6-40c30440d309@group-EC4FF14613B3
2021-05-05 15:14:33,740 [Listener at 127.0.0.1/33403] INFO  segmented.SegmentedRaftLogWorker (SegmentedRaftLogWorker.java:close(237)) - 7ec8b880-4b6b-4ec3-8434-09a8711643ec@group-EC4FF14613B3-SegmentedRaftLogWorker close()
2021-05-05 15:14:33,740 [grpc-default-executor-2] INFO  server.GrpcLogAppender (GrpcLogAppender.java:onCompleted(344)) - 588c0cf1-2ab3-4f31-88e6-40c30440d309@group-EC4FF14613B3->7ec8b880-4b6b-4ec3-8434-09a8711643ec-AppendLogResponseHandler: follower responses appendEntries COMPLETED
2021-05-05 15:14:33,744 [grpc-default-executor-2] INFO  leader.FollowerInfo (FollowerInfoImpl.java:lambda$new$0(46)) - 588c0cf1-2ab3-4f31-88e6-40c30440d309@group-EC4FF14613B3->7ec8b880-4b6b-4ec3-8434-09a8711643ec: nextIndex: updateUnconditionally 3 -> 2
2021-05-05 15:14:33,744 [588c0cf1-2ab3-4f31-88e6-40c30440d309@group-EC4FF14613B3-StateMachineUpdater] INFO  ratis.ContainerStateMachine (ContainerStateMachine.java:takeSnapshot(292)) - group-EC4FF14613B3: Taking a snapshot at:(t:6, i:2) file /github/workspace/mnt/ozone/hadoop-ozone/integration-test/target/test-dir/MiniOzoneClusterImpl-c76e6b88-ed31-44d7-ac8c-51a305797015/datanode-3/data/ratis/03d84a71-6970-4bc3-a5b0-ec4ff14613b3/sm/snapshot.6_2
2021-05-05 15:14:33,744 [ForkJoinPool.commonPool-worker-0] INFO  impl.StateMachineUpdater (StateMachineUpdater.java:stopAndJoin(149)) - 588c0cf1-2ab3-4f31-88e6-40c30440d309@group-EC4FF14613B3-StateMachineUpdater: set stopIndex = 2
2021-05-05 15:14:33,744 [Listener at 127.0.0.1/33403] INFO  metrics.RatisMetrics (RatisMetrics.java:unregister(43)) - Unregistering Metrics Registry : ratis.log_worker.7ec8b880-4b6b-4ec3-8434-09a8711643ec@group-EC4FF14613B3
2021-05-05 15:14:33,745 [588c0cf1-2ab3-4f31-88e6-40c30440d309@group-EC4FF14613B3-StateMachineUpdater] INFO  ratis.ContainerStateMachine (ContainerStateMachine.java:takeSnapshot(303)) - group-EC4FF14613B3: Finished taking a snapshot at:(t:6, i:2) file:/github/workspace/mnt/ozone/hadoop-ozone/integration-test/target/test-dir/MiniOzoneClusterImpl-c76e6b88-ed31-44d7-ac8c-51a305797015/datanode-3/data/ratis/03d84a71-6970-4bc3-a5b0-ec4ff14613b3/sm/snapshot.6_2 took: 0 ms
2021-05-05 15:14:33,745 [Listener at 127.0.0.1/33403] INFO  metrics.RatisMetrics (RatisMetrics.java:unregister(43)) - Unregistering Metrics Registry : ratis.leader_election.7ec8b880-4b6b-4ec3-8434-09a8711643ec@group-EC4FF14613B3
2021-05-05 15:14:33,745 [588c0cf1-2ab3-4f31-88e6-40c30440d309@group-EC4FF14613B3-StateMachineUpdater] INFO  impl.StateMachineUpdater (StateMachineUpdater.java:takeSnapshot(281)) - 588c0cf1-2ab3-4f31-88e6-40c30440d309@group-EC4FF14613B3-StateMachineUpdater: Took a snapshot at index 2
2021-05-05 15:14:33,745 [588c0cf1-2ab3-4f31-88e6-40c30440d309@group-EC4FF14613B3-StateMachineUpdater] INFO  impl.StateMachineUpdater (StateMachineUpdater.java:lambda$new$0(89)) - 588c0cf1-2ab3-4f31-88e6-40c30440d309@group-EC4FF14613B3-StateMachineUpdater: snapshotIndex: updateIncreasingly -1 -> 2
2021-05-05 15:14:33,745 [588c0cf1-2ab3-4f31-88e6-40c30440d309@group-EC4FF14613B3-StateMachineUpdater] INFO  metrics.RatisMetrics (RatisMetrics.java:unregister(43)) - Unregistering Metrics Registry : ratis.state_machine.588c0cf1-2ab3-4f31-88e6-40c30440d309@group-EC4FF14613B3
2021-05-05 15:14:33,745 [Listener at 127.0.0.1/33403] INFO  metrics.RatisMetrics (RatisMetrics.java:unregister(43)) - Unregistering Metrics Registry : ratis.server.7ec8b880-4b6b-4ec3-8434-09a8711643ec@group-EC4FF14613B3
2021-05-05 15:14:33,746 [Listener at 127.0.0.1/33403] INFO  server.RaftServer$Division (RaftServerImpl.java:lambda$close$4(406)) - 7ec8b880-4b6b-4ec3-8434-09a8711643ec@group-71F27519F4B4: shutdown
2021-05-05 15:14:33,746 [Listener at 127.0.0.1/33403] INFO  util.JmxRegister (JmxRegister.java:unregister(73)) - Successfully un-registered JMX Bean with object name Ratis:service=RaftServer,group=group-71F27519F4B4,id=7ec8b880-4b6b-4ec3-8434-09a8711643ec
2021-05-05 15:14:33,746 [Listener at 127.0.0.1/33403] INFO  impl.RoleInfo (RoleInfo.java:shutdownLeaderState(91)) - 7ec8b880-4b6b-4ec3-8434-09a8711643ec: shutdown 7ec8b880-4b6b-4ec3-8434-09a8711643ec@group-71F27519F4B4-LeaderStateImpl
2021-05-05 15:14:33,747 [Listener at 127.0.0.1/33403] INFO  impl.PendingRequests (PendingRequests.java:sendNotLeaderResponses(249)) - 7ec8b880-4b6b-4ec3-8434-09a8711643ec@group-71F27519F4B4-PendingRequests: sendNotLeaderResponses
2021-05-05 15:14:33,747 [Listener at 127.0.0.1/33403] INFO  metrics.RatisMetrics (RatisMetrics.java:unregister(43)) - Unregistering Metrics Registry : ratis.log_appender.7ec8b880-4b6b-4ec3-8434-09a8711643ec@group-71F27519F4B4
2021-05-05 15:14:33,747 [Listener at 127.0.0.1/33403] INFO  metrics.RatisMetrics (RatisMetrics.java:unregister(43)) - Unregistering Metrics Registry : ratis.server.7ec8b880-4b6b-4ec3-8434-09a8711643ec@group-71F27519F4B4
2021-05-05 15:14:33,748 [Listener at 127.0.0.1/33403] INFO  impl.StateMachineUpdater (StateMachineUpdater.java:stopAndJoin(149)) - 7ec8b880-4b6b-4ec3-8434-09a8711643ec@group-71F27519F4B4-StateMachineUpdater: set stopIndex = 0
2021-05-05 15:14:33,749 [ForkJoinPool.commonPool-worker-0] INFO  server.RaftServer$Division (ServerState.java:close(405)) - 588c0cf1-2ab3-4f31-88e6-40c30440d309@group-EC4FF14613B3: closes. applyIndex: 2
2021-05-05 15:14:33,749 [7ec8b880-4b6b-4ec3-8434-09a8711643ec@group-71F27519F4B4-StateMachineUpdater] INFO  ratis.ContainerStateMachine (ContainerStateMachine.java:takeSnapshot(292)) - group-71F27519F4B4: Taking a snapshot at:(t:1, i:0) file /github/workspace/mnt/ozone/hadoop-ozone/integration-test/target/test-dir/MiniOzoneClusterImpl-c76e6b88-ed31-44d7-ac8c-51a305797015/datanode-5/data/ratis/1ce5c1af-807b-488f-92e4-71f27519f4b4/sm/snapshot.1_0
2021-05-05 15:14:33,749 [588c0cf1-2ab3-4f31-88e6-40c30440d309@group-EC4FF14613B3-SegmentedRaftLogWorker] INFO  segmented.SegmentedRaftLogWorker (SegmentedRaftLogWorker.java:run(327)) - 588c0cf1-2ab3-4f31-88e6-40c30440d309@group-EC4FF14613B3-SegmentedRaftLogWorker was interrupted, exiting. There are 0 tasks remaining in the queue.
2021-05-05 15:14:33,750 [7ec8b880-4b6b-4ec3-8434-09a8711643ec@group-71F27519F4B4-StateMachineUpdater] INFO  ratis.ContainerStateMachine (ContainerStateMachine.java:takeSnapshot(303)) - group-71F27519F4B4: Finished taking a snapshot at:(t:1, i:0) file:/github/workspace/mnt/ozone/hadoop-ozone/integration-test/target/test-dir/MiniOzoneClusterImpl-c76e6b88-ed31-44d7-ac8c-51a305797015/datanode-5/data/ratis/1ce5c1af-807b-488f-92e4-71f27519f4b4/sm/snapshot.1_0 took: 0 ms
2021-05-05 15:14:33,750 [ForkJoinPool.commonPool-worker-0] INFO  segmented.SegmentedRaftLogWorker (SegmentedRaftLogWorker.java:close(237)) - 588c0cf1-2ab3-4f31-88e6-40c30440d309@group-EC4FF14613B3-SegmentedRaftLogWorker close()
2021-05-05 15:14:33,750 [7ec8b880-4b6b-4ec3-8434-09a8711643ec@group-71F27519F4B4-StateMachineUpdater] INFO  impl.StateMachineUpdater (StateMachineUpdater.java:takeSnapshot(281)) - 7ec8b880-4b6b-4ec3-8434-09a8711643ec@group-71F27519F4B4-StateMachineUpdater: Took a snapshot at index 0
2021-05-05 15:14:33,751 [7ec8b880-4b6b-4ec3-8434-09a8711643ec@group-71F27519F4B4-StateMachineUpdater] INFO  impl.StateMachineUpdater (StateMachineUpdater.java:lambda$new$0(89)) - 7ec8b880-4b6b-4ec3-8434-09a8711643ec@group-71F27519F4B4-StateMachineUpdater: snapshotIndex: updateIncreasingly -1 -> 0
2021-05-05 15:14:33,750 [ForkJoinPool.commonPool-worker-0] INFO  metrics.RatisMetrics (RatisMetrics.java:unregister(43)) - Unregistering Metrics Registry : ratis.log_worker.588c0cf1-2ab3-4f31-88e6-40c30440d309@group-EC4FF14613B3
2021-05-05 15:14:33,751 [7ec8b880-4b6b-4ec3-8434-09a8711643ec@group-71F27519F4B4-StateMachineUpdater] INFO  metrics.RatisMetrics (RatisMetrics.java:unregister(43)) - Unregistering Metrics Registry : ratis.state_machine.7ec8b880-4b6b-4ec3-8434-09a8711643ec@group-71F27519F4B4
2021-05-05 15:14:33,751 [ForkJoinPool.commonPool-worker-0] INFO  metrics.RatisMetrics (RatisMetrics.java:unregister(43)) - Unregistering Metrics Registry : ratis.leader_election.588c0cf1-2ab3-4f31-88e6-40c30440d309@group-EC4FF14613B3
2021-05-05 15:14:33,751 [ForkJoinPool.commonPool-worker-0] INFO  metrics.RatisMetrics (RatisMetrics.java:unregister(43)) - Unregistering Metrics Registry : ratis.server.588c0cf1-2ab3-4f31-88e6-40c30440d309@group-EC4FF14613B3
2021-05-05 15:14:33,751 [ForkJoinPool.commonPool-worker-0] INFO  server.RaftServer$Division (RaftServerImpl.java:lambda$close$4(406)) - 588c0cf1-2ab3-4f31-88e6-40c30440d309@group-20B1DB7269B1: shutdown
2021-05-05 15:14:33,751 [ForkJoinPool.commonPool-worker-0] INFO  util.JmxRegister (JmxRegister.java:unregister(73)) - Successfully un-registered JMX Bean with object name Ratis:service=RaftServer,group=group-20B1DB7269B1,id=588c0cf1-2ab3-4f31-88e6-40c30440d309
2021-05-05 15:14:33,751 [ForkJoinPool.commonPool-worker-0] INFO  impl.RoleInfo (RoleInfo.java:shutdownLeaderState(91)) - 588c0cf1-2ab3-4f31-88e6-40c30440d309: shutdown 588c0cf1-2ab3-4f31-88e6-40c30440d309@group-20B1DB7269B1-LeaderStateImpl
2021-05-05 15:14:33,752 [ForkJoinPool.commonPool-worker-0] INFO  impl.PendingRequests (PendingRequests.java:sendNotLeaderResponses(249)) - 588c0cf1-2ab3-4f31-88e6-40c30440d309@group-20B1DB7269B1-PendingRequests: sendNotLeaderResponses
2021-05-05 15:14:33,752 [ForkJoinPool.commonPool-worker-0] INFO  metrics.RatisMetrics (RatisMetrics.java:unregister(43)) - Unregistering Metrics Registry : ratis.log_appender.588c0cf1-2ab3-4f31-88e6-40c30440d309@group-20B1DB7269B1
2021-05-05 15:14:33,752 [ForkJoinPool.commonPool-worker-0] INFO  metrics.RatisMetrics (RatisMetrics.java:unregister(43)) - Unregistering Metrics Registry : ratis.server.588c0cf1-2ab3-4f31-88e6-40c30440d309@group-20B1DB7269B1
2021-05-05 15:14:33,751 [Listener at 127.0.0.1/33403] INFO  server.RaftServer$Division (ServerState.java:close(405)) - 7ec8b880-4b6b-4ec3-8434-09a8711643ec@group-71F27519F4B4: closes. applyIndex: 0
2021-05-05 15:14:33,753 [7ec8b880-4b6b-4ec3-8434-09a8711643ec@group-71F27519F4B4-SegmentedRaftLogWorker] INFO  segmented.SegmentedRaftLogWorker (SegmentedRaftLogWorker.java:run(327)) - 7ec8b880-4b6b-4ec3-8434-09a8711643ec@group-71F27519F4B4-SegmentedRaftLogWorker was interrupted, exiting. There are 0 tasks remaining in the queue.
2021-05-05 15:14:33,753 [588c0cf1-2ab3-4f31-88e6-40c30440d309@group-20B1DB7269B1-StateMachineUpdater] INFO  ratis.ContainerStateMachine (ContainerStateMachine.java:takeSnapshot(292)) - group-20B1DB7269B1: Taking a snapshot at:(t:1, i:0) file /github/workspace/mnt/ozone/hadoop-ozone/integration-test/target/test-dir/MiniOzoneClusterImpl-c76e6b88-ed31-44d7-ac8c-51a305797015/datanode-3/data/ratis/f0cbfb52-3c1c-42d5-823d-20b1db7269b1/sm/snapshot.1_0
2021-05-05 15:14:33,754 [ForkJoinPool.commonPool-worker-0] INFO  impl.StateMachineUpdater (StateMachineUpdater.java:stopAndJoin(149)) - 588c0cf1-2ab3-4f31-88e6-40c30440d309@group-20B1DB7269B1-StateMachineUpdater: set stopIndex = 0
2021-05-05 15:14:33,756 [Listener at 127.0.0.1/33403] INFO  segmented.SegmentedRaftLogWorker (SegmentedRaftLogWorker.java:close(237)) - 7ec8b880-4b6b-4ec3-8434-09a8711643ec@group-71F27519F4B4-SegmentedRaftLogWorker close()
2021-05-05 15:14:33,756 [588c0cf1-2ab3-4f31-88e6-40c30440d309@group-20B1DB7269B1-StateMachineUpdater] INFO  ratis.ContainerStateMachine (ContainerStateMachine.java:takeSnapshot(303)) - group-20B1DB7269B1: Finished taking a snapshot at:(t:1, i:0) file:/github/workspace/mnt/ozone/hadoop-ozone/integration-test/target/test-dir/MiniOzoneClusterImpl-c76e6b88-ed31-44d7-ac8c-51a305797015/datanode-3/data/ratis/f0cbfb52-3c1c-42d5-823d-20b1db7269b1/sm/snapshot.1_0 took: 2 ms
2021-05-05 15:14:33,757 [588c0cf1-2ab3-4f31-88e6-40c30440d309@group-20B1DB7269B1-StateMachineUpdater] INFO  impl.StateMachineUpdater (StateMachineUpdater.java:takeSnapshot(281)) - 588c0cf1-2ab3-4f31-88e6-40c30440d309@group-20B1DB7269B1-StateMachineUpdater: Took a snapshot at index 0
2021-05-05 15:14:33,757 [588c0cf1-2ab3-4f31-88e6-40c30440d309@group-20B1DB7269B1-StateMachineUpdater] INFO  impl.StateMachineUpdater (StateMachineUpdater.java:lambda$new$0(89)) - 588c0cf1-2ab3-4f31-88e6-40c30440d309@group-20B1DB7269B1-StateMachineUpdater: snapshotIndex: updateIncreasingly -1 -> 0
2021-05-05 15:14:33,757 [588c0cf1-2ab3-4f31-88e6-40c30440d309@group-20B1DB7269B1-StateMachineUpdater] INFO  metrics.RatisMetrics (RatisMetrics.java:unregister(43)) - Unregistering Metrics Registry : ratis.state_machine.588c0cf1-2ab3-4f31-88e6-40c30440d309@group-20B1DB7269B1
2021-05-05 15:14:33,757 [Listener at 127.0.0.1/33403] INFO  metrics.RatisMetrics (RatisMetrics.java:unregister(43)) - Unregistering Metrics Registry : ratis.log_worker.7ec8b880-4b6b-4ec3-8434-09a8711643ec@group-71F27519F4B4
2021-05-05 15:14:33,757 [Listener at 127.0.0.1/33403] INFO  metrics.RatisMetrics (RatisMetrics.java:unregister(43)) - Unregistering Metrics Registry : ratis.leader_election.7ec8b880-4b6b-4ec3-8434-09a8711643ec@group-71F27519F4B4
2021-05-05 15:14:33,757 [Listener at 127.0.0.1/33403] INFO  metrics.RatisMetrics (RatisMetrics.java:unregister(43)) - Unregistering Metrics Registry : ratis.server.7ec8b880-4b6b-4ec3-8434-09a8711643ec@group-71F27519F4B4
2021-05-05 15:14:33,758 [Listener at 127.0.0.1/33403] INFO  server.GrpcService (GrpcService.java:closeImpl(262)) - 7ec8b880-4b6b-4ec3-8434-09a8711643ec: shutdown server with port 33093 now
2021-05-05 15:14:33,759 [Listener at 127.0.0.1/33403] INFO  server.GrpcService (GrpcService.java:closeImpl(271)) - 7ec8b880-4b6b-4ec3-8434-09a8711643ec: shutdown server with port 33093 successfully
2021-05-05 15:14:33,759 [org.apache.ratis.util.JvmPauseMonitor$$Lambda$504/1672688893@1406a76b] INFO  util.JvmPauseMonitor (JvmPauseMonitor.java:run(109)) - JvmPauseMonitor-7ec8b880-4b6b-4ec3-8434-09a8711643ec: Stopped
2021-05-05 15:14:33,760 [ForkJoinPool.commonPool-worker-0] INFO  server.RaftServer$Division (ServerState.java:close(405)) - 588c0cf1-2ab3-4f31-88e6-40c30440d309@group-20B1DB7269B1: closes. applyIndex: 0
2021-05-05 15:14:33,760 [588c0cf1-2ab3-4f31-88e6-40c30440d309@group-20B1DB7269B1-SegmentedRaftLogWorker] INFO  segmented.SegmentedRaftLogWorker (SegmentedRaftLogWorker.java:run(327)) - 588c0cf1-2ab3-4f31-88e6-40c30440d309@group-20B1DB7269B1-SegmentedRaftLogWorker was interrupted, exiting. There are 0 tasks remaining in the queue.
2021-05-05 15:14:33,764 [ForkJoinPool.commonPool-worker-0] INFO  segmented.SegmentedRaftLogWorker (SegmentedRaftLogWorker.java:close(237)) - 588c0cf1-2ab3-4f31-88e6-40c30440d309@group-20B1DB7269B1-SegmentedRaftLogWorker close()
2021-05-05 15:14:33,764 [ForkJoinPool.commonPool-worker-0] INFO  metrics.RatisMetrics (RatisMetrics.java:unregister(43)) - Unregistering Metrics Registry : ratis.log_worker.588c0cf1-2ab3-4f31-88e6-40c30440d309@group-20B1DB7269B1
2021-05-05 15:14:33,764 [ForkJoinPool.commonPool-worker-0] INFO  metrics.RatisMetrics (RatisMetrics.java:unregister(43)) - Unregistering Metrics Registry : ratis.leader_election.588c0cf1-2ab3-4f31-88e6-40c30440d309@group-20B1DB7269B1
2021-05-05 15:14:33,764 [Listener at 127.0.0.1/33403] INFO  utils.BackgroundService (BackgroundService.java:shutdown(132)) - Shutting down service BlockDeletingService
2021-05-05 15:14:33,764 [ForkJoinPool.commonPool-worker-0] INFO  metrics.RatisMetrics (RatisMetrics.java:unregister(43)) - Unregistering Metrics Registry : ratis.server.588c0cf1-2ab3-4f31-88e6-40c30440d309@group-20B1DB7269B1
2021-05-05 15:14:33,765 [ForkJoinPool.commonPool-worker-0] INFO  server.GrpcService (GrpcService.java:closeImpl(262)) - 588c0cf1-2ab3-4f31-88e6-40c30440d309: shutdown server with port 46273 now
2021-05-05 15:14:33,766 [Listener at 127.0.0.1/33403] INFO  statemachine.DatanodeStateMachine (DatanodeStateMachine.java:stopDaemon(469)) - Ozone container server stopped.
2021-05-05 15:14:33,768 [ForkJoinPool.commonPool-worker-0] INFO  server.GrpcService (GrpcService.java:closeImpl(271)) - 588c0cf1-2ab3-4f31-88e6-40c30440d309: shutdown server with port 46273 successfully
2021-05-05 15:14:33,768 [org.apache.ratis.util.JvmPauseMonitor$$Lambda$504/1672688893@5e214cd2] INFO  util.JvmPauseMonitor (JvmPauseMonitor.java:run(109)) - JvmPauseMonitor-588c0cf1-2ab3-4f31-88e6-40c30440d309: Stopped
2021-05-05 15:14:33,770 [ForkJoinPool.commonPool-worker-0] INFO  utils.BackgroundService (BackgroundService.java:shutdown(132)) - Shutting down service BlockDeletingService
2021-05-05 15:14:33,771 [ForkJoinPool.commonPool-worker-0] INFO  statemachine.DatanodeStateMachine (DatanodeStateMachine.java:stopDaemon(469)) - Ozone container server stopped.
2021-05-05 15:14:33,783 [ForkJoinPool.commonPool-worker-0] INFO  handler.ContextHandler (ContextHandler.java:doStop(1154)) - Stopped o.e.j.w.WebAppContext@6dd6a2f9{hddsDatanode,/,null,STOPPED}{jar:file:/home/user/.m2/repository/org/apache/hadoop/hadoop-hdds-container-service/1.2.0-SNAPSHOT/hadoop-hdds-container-service-1.2.0-SNAPSHOT.jar!/webapps/hddsDatanode}
2021-05-05 15:14:33,783 [ForkJoinPool.commonPool-worker-0] INFO  server.AbstractConnector (AbstractConnector.java:doStop(381)) - Stopped ServerConnector@70ebe93e{HTTP/1.1, (http/1.1)}{0.0.0.0:0}
2021-05-05 15:14:33,783 [ForkJoinPool.commonPool-worker-0] INFO  server.session (HouseKeeper.java:stopScavenging(149)) - node0 Stopped scavenging
2021-05-05 15:14:33,786 [ForkJoinPool.commonPool-worker-0] INFO  handler.ContextHandler (ContextHandler.java:doStop(1154)) - Stopped o.e.j.s.ServletContextHandler@2e554aeb{static,/static,jar:file:/home/user/.m2/repository/org/apache/hadoop/hadoop-hdds-container-service/1.2.0-SNAPSHOT/hadoop-hdds-container-service-1.2.0-SNAPSHOT.jar!/webapps/static,STOPPED}
2021-05-05 15:14:33,786 [ForkJoinPool.commonPool-worker-0] INFO  handler.ContextHandler (ContextHandler.java:doStop(1154)) - Stopped o.e.j.s.ServletContextHandler@645f3895{logs,/logs,file:///github/workspace/mnt/ozone/hadoop-ozone/integration-test/target/log,STOPPED}
2021-05-05 15:14:33,798 [Listener at 127.0.0.1/33403] INFO  handler.ContextHandler (ContextHandler.java:doStop(1154)) - Stopped o.e.j.w.WebAppContext@4c08cf9b{hddsDatanode,/,null,STOPPED}{jar:file:/home/user/.m2/repository/org/apache/hadoop/hadoop-hdds-container-service/1.2.0-SNAPSHOT/hadoop-hdds-container-service-1.2.0-SNAPSHOT.jar!/webapps/hddsDatanode}
2021-05-05 15:14:33,801 [Listener at 127.0.0.1/33403] INFO  server.AbstractConnector (AbstractConnector.java:doStop(381)) - Stopped ServerConnector@410f8fd3{HTTP/1.1, (http/1.1)}{0.0.0.0:0}
2021-05-05 15:14:33,801 [Listener at 127.0.0.1/33403] INFO  server.session (HouseKeeper.java:stopScavenging(149)) - node0 Stopped scavenging
2021-05-05 15:14:33,802 [Listener at 127.0.0.1/33403] INFO  handler.ContextHandler (ContextHandler.java:doStop(1154)) - Stopped o.e.j.s.ServletContextHandler@6f51c04f{static,/static,jar:file:/home/user/.m2/repository/org/apache/hadoop/hadoop-hdds-container-service/1.2.0-SNAPSHOT/hadoop-hdds-container-service-1.2.0-SNAPSHOT.jar!/webapps/static,STOPPED}
2021-05-05 15:14:33,802 [Listener at 127.0.0.1/33403] INFO  handler.ContextHandler (ContextHandler.java:doStop(1154)) - Stopped o.e.j.s.ServletContextHandler@72663b1e{logs,/logs,file:///github/workspace/mnt/ozone/hadoop-ozone/integration-test/target/log,STOPPED}
2021-05-05 15:14:33,858 [grpc-default-executor-2] WARN  server.GrpcLogAppender (LogUtils.java:warn(122)) - 8cc4f11c-26a9-4978-bb71-8737c51096c0@group-BFCF83161046->c9225e55-1a9d-4728-b49d-cebf6a0677b3-AppendLogResponseHandler: Failed appendEntries: org.apache.ratis.thirdparty.io.grpc.StatusRuntimeException: UNAVAILABLE: io exception
2021-05-05 15:14:33,858 [grpc-default-executor-2] WARN  server.GrpcLogAppender (GrpcLogAppender.java:resetClient(111)) - 8cc4f11c-26a9-4978-bb71-8737c51096c0@group-BFCF83161046->c9225e55-1a9d-4728-b49d-cebf6a0677b3-GrpcLogAppender: Leader has not got in touch with Follower 8cc4f11c-26a9-4978-bb71-8737c51096c0@group-BFCF83161046->c9225e55-1a9d-4728-b49d-cebf6a0677b3(c-1,m0,n3, attendVote=true, lastRpcSendTime=0, lastRpcResponseTime=7744) yet, just keep nextIndex unchanged and retry.
2021-05-05 15:14:34,312 [Datanode State Machine Thread - 0] INFO  statemachine.DatanodeStateMachine (DatanodeStateMachine.java:lambda$startDaemon$0(411)) - Ozone container server started.
2021-05-05 15:14:34,590 [Datanode State Machine Thread - 0] INFO  statemachine.DatanodeStateMachine (DatanodeStateMachine.java:lambda$startDaemon$0(411)) - Ozone container server started.
2021-05-05 15:14:36,358 [grpc-default-executor-2] WARN  server.GrpcLogAppender (LogUtils.java:warn(122)) - 8cc4f11c-26a9-4978-bb71-8737c51096c0@group-BFCF83161046->c9225e55-1a9d-4728-b49d-cebf6a0677b3-AppendLogResponseHandler: Failed appendEntries: org.apache.ratis.thirdparty.io.grpc.StatusRuntimeException: UNAVAILABLE: io exception
2021-05-05 15:14:36,359 [grpc-default-executor-2] WARN  server.GrpcLogAppender (GrpcLogAppender.java:resetClient(111)) - 8cc4f11c-26a9-4978-bb71-8737c51096c0@group-BFCF83161046->c9225e55-1a9d-4728-b49d-cebf6a0677b3-GrpcLogAppender: Leader has not got in touch with Follower 8cc4f11c-26a9-4978-bb71-8737c51096c0@group-BFCF83161046->c9225e55-1a9d-4728-b49d-cebf6a0677b3(c-1,m0,n3, attendVote=true, lastRpcSendTime=0, lastRpcResponseTime=10245) yet, just keep nextIndex unchanged and retry.
2021-05-05 15:14:38,791 [ForkJoinPool.commonPool-worker-0] INFO  ozoneimpl.OzoneContainer (OzoneContainer.java:stop(313)) - Attempting to stop container services.
2021-05-05 15:14:38,791 [ForkJoinPool.commonPool-worker-0] INFO  server.RaftServer (RaftServerProxy.java:lambda$close$6(391)) - 8cc4f11c-26a9-4978-bb71-8737c51096c0: close
2021-05-05 15:14:38,791 [ForkJoinPool.commonPool-worker-0] INFO  server.RaftServer$Division (RaftServerImpl.java:lambda$close$4(406)) - 8cc4f11c-26a9-4978-bb71-8737c51096c0@group-B56E3F96E5E5: shutdown
2021-05-05 15:14:38,791 [ForkJoinPool.commonPool-worker-0] INFO  util.JmxRegister (JmxRegister.java:unregister(73)) - Successfully un-registered JMX Bean with object name Ratis:service=RaftServer,group=group-B56E3F96E5E5,id=8cc4f11c-26a9-4978-bb71-8737c51096c0
2021-05-05 15:14:38,791 [ForkJoinPool.commonPool-worker-0] INFO  impl.RoleInfo (RoleInfo.java:shutdownLeaderState(91)) - 8cc4f11c-26a9-4978-bb71-8737c51096c0: shutdown 8cc4f11c-26a9-4978-bb71-8737c51096c0@group-B56E3F96E5E5-LeaderStateImpl
2021-05-05 15:14:38,792 [ForkJoinPool.commonPool-worker-0] INFO  impl.PendingRequests (PendingRequests.java:sendNotLeaderResponses(249)) - 8cc4f11c-26a9-4978-bb71-8737c51096c0@group-B56E3F96E5E5-PendingRequests: sendNotLeaderResponses
2021-05-05 15:14:38,792 [ForkJoinPool.commonPool-worker-0] INFO  metrics.RatisMetrics (RatisMetrics.java:unregister(43)) - Unregistering Metrics Registry : ratis.log_appender.8cc4f11c-26a9-4978-bb71-8737c51096c0@group-B56E3F96E5E5
2021-05-05 15:14:38,792 [ForkJoinPool.commonPool-worker-0] INFO  metrics.RatisMetrics (RatisMetrics.java:unregister(43)) - Unregistering Metrics Registry : ratis.server.8cc4f11c-26a9-4978-bb71-8737c51096c0@group-B56E3F96E5E5
2021-05-05 15:14:38,794 [8cc4f11c-26a9-4978-bb71-8737c51096c0@group-B56E3F96E5E5-StateMachineUpdater] INFO  ratis.ContainerStateMachine (ContainerStateMachine.java:takeSnapshot(292)) - group-B56E3F96E5E5: Taking a snapshot at:(t:1, i:0) file /github/workspace/mnt/ozone/hadoop-ozone/integration-test/target/test-dir/MiniOzoneClusterImpl-c76e6b88-ed31-44d7-ac8c-51a305797015/datanode-0/data/ratis/05546f09-a1e7-4c23-bca1-b56e3f96e5e5/sm/snapshot.1_0
2021-05-05 15:14:38,794 [ForkJoinPool.commonPool-worker-0] INFO  impl.StateMachineUpdater (StateMachineUpdater.java:stopAndJoin(149)) - 8cc4f11c-26a9-4978-bb71-8737c51096c0@group-B56E3F96E5E5-StateMachineUpdater: set stopIndex = 0
2021-05-05 15:14:38,795 [8cc4f11c-26a9-4978-bb71-8737c51096c0@group-B56E3F96E5E5-StateMachineUpdater] INFO  ratis.ContainerStateMachine (ContainerStateMachine.java:takeSnapshot(303)) - group-B56E3F96E5E5: Finished taking a snapshot at:(t:1, i:0) file:/github/workspace/mnt/ozone/hadoop-ozone/integration-test/target/test-dir/MiniOzoneClusterImpl-c76e6b88-ed31-44d7-ac8c-51a305797015/datanode-0/data/ratis/05546f09-a1e7-4c23-bca1-b56e3f96e5e5/sm/snapshot.1_0 took: 1 ms
2021-05-05 15:14:38,795 [8cc4f11c-26a9-4978-bb71-8737c51096c0@group-B56E3F96E5E5-StateMachineUpdater] INFO  impl.StateMachineUpdater (StateMachineUpdater.java:takeSnapshot(281)) - 8cc4f11c-26a9-4978-bb71-8737c51096c0@group-B56E3F96E5E5-StateMachineUpdater: Took a snapshot at index 0
2021-05-05 15:14:38,795 [8cc4f11c-26a9-4978-bb71-8737c51096c0@group-B56E3F96E5E5-StateMachineUpdater] INFO  impl.StateMachineUpdater (StateMachineUpdater.java:lambda$new$0(89)) - 8cc4f11c-26a9-4978-bb71-8737c51096c0@group-B56E3F96E5E5-StateMachineUpdater: snapshotIndex: updateIncreasingly -1 -> 0
2021-05-05 15:14:38,795 [8cc4f11c-26a9-4978-bb71-8737c51096c0@group-B56E3F96E5E5-StateMachineUpdater] INFO  metrics.RatisMetrics (RatisMetrics.java:unregister(43)) - Unregistering Metrics Registry : ratis.state_machine.8cc4f11c-26a9-4978-bb71-8737c51096c0@group-B56E3F96E5E5
2021-05-05 15:14:38,796 [ForkJoinPool.commonPool-worker-0] INFO  server.RaftServer$Division (ServerState.java:close(405)) - 8cc4f11c-26a9-4978-bb71-8737c51096c0@group-B56E3F96E5E5: closes. applyIndex: 0
2021-05-05 15:14:38,796 [8cc4f11c-26a9-4978-bb71-8737c51096c0@group-B56E3F96E5E5-SegmentedRaftLogWorker] INFO  segmented.SegmentedRaftLogWorker (SegmentedRaftLogWorker.java:run(327)) - 8cc4f11c-26a9-4978-bb71-8737c51096c0@group-B56E3F96E5E5-SegmentedRaftLogWorker was interrupted, exiting. There are 0 tasks remaining in the queue.
2021-05-05 15:14:38,797 [ForkJoinPool.commonPool-worker-0] INFO  segmented.SegmentedRaftLogWorker (SegmentedRaftLogWorker.java:close(237)) - 8cc4f11c-26a9-4978-bb71-8737c51096c0@group-B56E3F96E5E5-SegmentedRaftLogWorker close()
2021-05-05 15:14:38,798 [ForkJoinPool.commonPool-worker-0] INFO  metrics.RatisMetrics (RatisMetrics.java:unregister(43)) - Unregistering Metrics Registry : ratis.log_worker.8cc4f11c-26a9-4978-bb71-8737c51096c0@group-B56E3F96E5E5
2021-05-05 15:14:38,798 [ForkJoinPool.commonPool-worker-0] INFO  metrics.RatisMetrics (RatisMetrics.java:unregister(43)) - Unregistering Metrics Registry : ratis.leader_election.8cc4f11c-26a9-4978-bb71-8737c51096c0@group-B56E3F96E5E5
2021-05-05 15:14:38,798 [ForkJoinPool.commonPool-worker-0] INFO  metrics.RatisMetrics (RatisMetrics.java:unregister(43)) - Unregistering Metrics Registry : ratis.server.8cc4f11c-26a9-4978-bb71-8737c51096c0@group-B56E3F96E5E5
2021-05-05 15:14:38,798 [ForkJoinPool.commonPool-worker-0] INFO  server.RaftServer$Division (RaftServerImpl.java:lambda$close$4(406)) - 8cc4f11c-26a9-4978-bb71-8737c51096c0@group-BFCF83161046: shutdown
2021-05-05 15:14:38,798 [ForkJoinPool.commonPool-worker-0] INFO  util.JmxRegister (JmxRegister.java:unregister(73)) - Successfully un-registered JMX Bean with object name Ratis:service=RaftServer,group=group-BFCF83161046,id=8cc4f11c-26a9-4978-bb71-8737c51096c0
2021-05-05 15:14:38,798 [ForkJoinPool.commonPool-worker-0] INFO  impl.RoleInfo (RoleInfo.java:shutdownLeaderState(91)) - 8cc4f11c-26a9-4978-bb71-8737c51096c0: shutdown 8cc4f11c-26a9-4978-bb71-8737c51096c0@group-BFCF83161046-LeaderStateImpl
2021-05-05 15:14:38,799 [ForkJoinPool.commonPool-worker-0] INFO  metrics.RatisMetrics (RatisMetrics.java:unregister(43)) - Unregistering Metrics Registry : ratis_grpc.log_appender.8cc4f11c-26a9-4978-bb71-8737c51096c0@group-BFCF83161046
2021-05-05 15:14:38,799 [8cc4f11c-26a9-4978-bb71-8737c51096c0@group-BFCF83161046->a99b94f7-bcc3-419a-91d6-c5ca6fccf1ee-GrpcLogAppender-LogAppenderDaemon] WARN  server.GrpcLogAppender (GrpcLogAppender.java:mayWait(175)) - 8cc4f11c-26a9-4978-bb71-8737c51096c0@group-BFCF83161046->a99b94f7-bcc3-419a-91d6-c5ca6fccf1ee-GrpcLogAppender: Wait interrupted by java.lang.InterruptedException
2021-05-05 15:14:38,799 [grpc-default-executor-2] INFO  server.GrpcServerProtocolService (GrpcServerProtocolService.java:onCompleted(140)) - a99b94f7-bcc3-419a-91d6-c5ca6fccf1ee: Completed APPEND_ENTRIES, lastRequest: 8cc4f11c-26a9-4978-bb71-8737c51096c0->a99b94f7-bcc3-419a-91d6-c5ca6fccf1ee#2-t4,previous=(t:4, i:1),leaderCommit=1,initializing? true,entries: size=1, first=(t:4, i:2), METADATAENTRY(c:1)
2021-05-05 15:14:38,800 [grpc-default-executor-0] INFO  server.GrpcLogAppender (GrpcLogAppender.java:onCompleted(344)) - 8cc4f11c-26a9-4978-bb71-8737c51096c0@group-BFCF83161046->a99b94f7-bcc3-419a-91d6-c5ca6fccf1ee-AppendLogResponseHandler: follower responses appendEntries COMPLETED
2021-05-05 15:14:38,800 [grpc-default-executor-0] INFO  leader.FollowerInfo (FollowerInfoImpl.java:lambda$new$0(46)) - 8cc4f11c-26a9-4978-bb71-8737c51096c0@group-BFCF83161046->a99b94f7-bcc3-419a-91d6-c5ca6fccf1ee: nextIndex: updateUnconditionally 3 -> 2
2021-05-05 15:14:38,800 [ForkJoinPool.commonPool-worker-0] INFO  metrics.RatisMetrics (RatisMetrics.java:unregister(43)) - Unregistering Metrics Registry : ratis_grpc.log_appender.8cc4f11c-26a9-4978-bb71-8737c51096c0@group-BFCF83161046
2021-05-05 15:14:38,800 [ForkJoinPool.commonPool-worker-0] INFO  impl.PendingRequests (PendingRequests.java:sendNotLeaderResponses(249)) - 8cc4f11c-26a9-4978-bb71-8737c51096c0@group-BFCF83161046-PendingRequests: sendNotLeaderResponses
2021-05-05 15:14:38,801 [ForkJoinPool.commonPool-worker-0] INFO  metrics.RatisMetrics (RatisMetrics.java:unregister(43)) - Unregistering Metrics Registry : ratis.log_appender.8cc4f11c-26a9-4978-bb71-8737c51096c0@group-BFCF83161046
2021-05-05 15:14:38,801 [ForkJoinPool.commonPool-worker-0] INFO  metrics.RatisMetrics (RatisMetrics.java:unregister(43)) - Unregistering Metrics Registry : ratis.server.8cc4f11c-26a9-4978-bb71-8737c51096c0@group-BFCF83161046
2021-05-05 15:14:38,802 [ForkJoinPool.commonPool-worker-0] INFO  impl.StateMachineUpdater (StateMachineUpdater.java:stopAndJoin(149)) - 8cc4f11c-26a9-4978-bb71-8737c51096c0@group-BFCF83161046-StateMachineUpdater: set stopIndex = 2
2021-05-05 15:14:38,802 [8cc4f11c-26a9-4978-bb71-8737c51096c0@group-BFCF83161046-StateMachineUpdater] INFO  ratis.ContainerStateMachine (ContainerStateMachine.java:takeSnapshot(292)) - group-BFCF83161046: Taking a snapshot at:(t:4, i:2) file /github/workspace/mnt/ozone/hadoop-ozone/integration-test/target/test-dir/MiniOzoneClusterImpl-c76e6b88-ed31-44d7-ac8c-51a305797015/datanode-0/data/ratis/2dc2dbe7-ca3e-4d45-bdcb-bfcf83161046/sm/snapshot.4_2
2021-05-05 15:14:38,803 [8cc4f11c-26a9-4978-bb71-8737c51096c0@group-BFCF83161046-StateMachineUpdater] INFO  ratis.ContainerStateMachine (ContainerStateMachine.java:takeSnapshot(303)) - group-BFCF83161046: Finished taking a snapshot at:(t:4, i:2) file:/github/workspace/mnt/ozone/hadoop-ozone/integration-test/target/test-dir/MiniOzoneClusterImpl-c76e6b88-ed31-44d7-ac8c-51a305797015/datanode-0/data/ratis/2dc2dbe7-ca3e-4d45-bdcb-bfcf83161046/sm/snapshot.4_2 took: 1 ms
2021-05-05 15:14:38,804 [8cc4f11c-26a9-4978-bb71-8737c51096c0@group-BFCF83161046-StateMachineUpdater] INFO  impl.StateMachineUpdater (StateMachineUpdater.java:takeSnapshot(281)) - 8cc4f11c-26a9-4978-bb71-8737c51096c0@group-BFCF83161046-StateMachineUpdater: Took a snapshot at index 2
2021-05-05 15:14:38,804 [8cc4f11c-26a9-4978-bb71-8737c51096c0@group-BFCF83161046-StateMachineUpdater] INFO  impl.StateMachineUpdater (StateMachineUpdater.java:lambda$new$0(89)) - 8cc4f11c-26a9-4978-bb71-8737c51096c0@group-BFCF83161046-StateMachineUpdater: snapshotIndex: updateIncreasingly -1 -> 2
2021-05-05 15:14:38,804 [8cc4f11c-26a9-4978-bb71-8737c51096c0@group-BFCF83161046-StateMachineUpdater] INFO  metrics.RatisMetrics (RatisMetrics.java:unregister(43)) - Unregistering Metrics Registry : ratis.state_machine.8cc4f11c-26a9-4978-bb71-8737c51096c0@group-BFCF83161046
2021-05-05 15:14:38,804 [ForkJoinPool.commonPool-worker-0] INFO  server.RaftServer$Division (ServerState.java:close(405)) - 8cc4f11c-26a9-4978-bb71-8737c51096c0@group-BFCF83161046: closes. applyIndex: 2
2021-05-05 15:14:38,804 [Listener at 127.0.0.1/33403] INFO  ozoneimpl.OzoneContainer (OzoneContainer.java:stop(313)) - Attempting to stop container services.
2021-05-05 15:14:38,805 [Listener at 127.0.0.1/33403] INFO  server.RaftServer (RaftServerProxy.java:lambda$close$6(391)) - ba91ce60-c1e0-470b-8f12-0816737cfb30: close
2021-05-05 15:14:38,805 [Listener at 127.0.0.1/33403] INFO  server.RaftServer$Division (RaftServerImpl.java:lambda$close$4(406)) - ba91ce60-c1e0-470b-8f12-0816737cfb30@group-C60ED51E1479: shutdown
2021-05-05 15:14:38,805 [Listener at 127.0.0.1/33403] INFO  util.JmxRegister (JmxRegister.java:unregister(73)) - Successfully un-registered JMX Bean with object name Ratis:service=RaftServer,group=group-C60ED51E1479,id=ba91ce60-c1e0-470b-8f12-0816737cfb30
2021-05-05 15:14:38,805 [Listener at 127.0.0.1/33403] INFO  impl.RoleInfo (RoleInfo.java:shutdownLeaderState(91)) - ba91ce60-c1e0-470b-8f12-0816737cfb30: shutdown ba91ce60-c1e0-470b-8f12-0816737cfb30@group-C60ED51E1479-LeaderStateImpl
2021-05-05 15:14:38,806 [Listener at 127.0.0.1/33403] INFO  impl.PendingRequests (PendingRequests.java:sendNotLeaderResponses(249)) - ba91ce60-c1e0-470b-8f12-0816737cfb30@group-C60ED51E1479-PendingRequests: sendNotLeaderResponses
2021-05-05 15:14:38,806 [Listener at 127.0.0.1/33403] INFO  metrics.RatisMetrics (RatisMetrics.java:unregister(43)) - Unregistering Metrics Registry : ratis.log_appender.ba91ce60-c1e0-470b-8f12-0816737cfb30@group-C60ED51E1479
2021-05-05 15:14:38,806 [Listener at 127.0.0.1/33403] INFO  metrics.RatisMetrics (RatisMetrics.java:unregister(43)) - Unregistering Metrics Registry : ratis.server.ba91ce60-c1e0-470b-8f12-0816737cfb30@group-C60ED51E1479
2021-05-05 15:14:38,808 [Listener at 127.0.0.1/33403] INFO  impl.StateMachineUpdater (StateMachineUpdater.java:stopAndJoin(149)) - ba91ce60-c1e0-470b-8f12-0816737cfb30@group-C60ED51E1479-StateMachineUpdater: set stopIndex = 0
2021-05-05 15:14:38,808 [ba91ce60-c1e0-470b-8f12-0816737cfb30@group-C60ED51E1479-StateMachineUpdater] INFO  ratis.ContainerStateMachine (ContainerStateMachine.java:takeSnapshot(292)) - group-C60ED51E1479: Taking a snapshot at:(t:1, i:0) file /github/workspace/mnt/ozone/hadoop-ozone/integration-test/target/test-dir/MiniOzoneClusterImpl-c76e6b88-ed31-44d7-ac8c-51a305797015/datanode-7/data/ratis/b0fc7138-dfef-4860-a2a3-c60ed51e1479/sm/snapshot.1_0
2021-05-05 15:14:38,808 [8cc4f11c-26a9-4978-bb71-8737c51096c0@group-BFCF83161046-SegmentedRaftLogWorker] INFO  segmented.SegmentedRaftLogWorker (SegmentedRaftLogWorker.java:run(327)) - 8cc4f11c-26a9-4978-bb71-8737c51096c0@group-BFCF83161046-SegmentedRaftLogWorker was interrupted, exiting. There are 0 tasks remaining in the queue.
2021-05-05 15:14:38,810 [ba91ce60-c1e0-470b-8f12-0816737cfb30@group-C60ED51E1479-StateMachineUpdater] INFO  ratis.ContainerStateMachine (ContainerStateMachine.java:takeSnapshot(303)) - group-C60ED51E1479: Finished taking a snapshot at:(t:1, i:0) file:/github/workspace/mnt/ozone/hadoop-ozone/integration-test/target/test-dir/MiniOzoneClusterImpl-c76e6b88-ed31-44d7-ac8c-51a305797015/datanode-7/data/ratis/b0fc7138-dfef-4860-a2a3-c60ed51e1479/sm/snapshot.1_0 took: 2 ms
2021-05-05 15:14:38,810 [ForkJoinPool.commonPool-worker-0] INFO  segmented.SegmentedRaftLogWorker (SegmentedRaftLogWorker.java:close(237)) - 8cc4f11c-26a9-4978-bb71-8737c51096c0@group-BFCF83161046-SegmentedRaftLogWorker close()
2021-05-05 15:14:38,810 [ba91ce60-c1e0-470b-8f12-0816737cfb30@group-C60ED51E1479-StateMachineUpdater] INFO  impl.StateMachineUpdater (StateMachineUpdater.java:takeSnapshot(281)) - ba91ce60-c1e0-470b-8f12-0816737cfb30@group-C60ED51E1479-StateMachineUpdater: Took a snapshot at index 0
2021-05-05 15:14:38,810 [ba91ce60-c1e0-470b-8f12-0816737cfb30@group-C60ED51E1479-StateMachineUpdater] INFO  impl.StateMachineUpdater (StateMachineUpdater.java:lambda$new$0(89)) - ba91ce60-c1e0-470b-8f12-0816737cfb30@group-C60ED51E1479-StateMachineUpdater: snapshotIndex: updateIncreasingly -1 -> 0
2021-05-05 15:14:38,810 [ForkJoinPool.commonPool-worker-0] INFO  metrics.RatisMetrics (RatisMetrics.java:unregister(43)) - Unregistering Metrics Registry : ratis.log_worker.8cc4f11c-26a9-4978-bb71-8737c51096c0@group-BFCF83161046
2021-05-05 15:14:38,810 [ForkJoinPool.commonPool-worker-0] INFO  metrics.RatisMetrics (RatisMetrics.java:unregister(43)) - Unregistering Metrics Registry : ratis.leader_election.8cc4f11c-26a9-4978-bb71-8737c51096c0@group-BFCF83161046
2021-05-05 15:14:38,811 [ForkJoinPool.commonPool-worker-0] INFO  metrics.RatisMetrics (RatisMetrics.java:unregister(43)) - Unregistering Metrics Registry : ratis.server.8cc4f11c-26a9-4978-bb71-8737c51096c0@group-BFCF83161046
2021-05-05 15:14:38,811 [ForkJoinPool.commonPool-worker-0] INFO  server.GrpcService (GrpcService.java:closeImpl(262)) - 8cc4f11c-26a9-4978-bb71-8737c51096c0: shutdown server with port 34407 now
2021-05-05 15:14:38,810 [ba91ce60-c1e0-470b-8f12-0816737cfb30@group-C60ED51E1479-StateMachineUpdater] INFO  metrics.RatisMetrics (RatisMetrics.java:unregister(43)) - Unregistering Metrics Registry : ratis.state_machine.ba91ce60-c1e0-470b-8f12-0816737cfb30@group-C60ED51E1479
2021-05-05 15:14:38,811 [Listener at 127.0.0.1/33403] INFO  server.RaftServer$Division (ServerState.java:close(405)) - ba91ce60-c1e0-470b-8f12-0816737cfb30@group-C60ED51E1479: closes. applyIndex: 0
2021-05-05 15:14:38,812 [ba91ce60-c1e0-470b-8f12-0816737cfb30@group-C60ED51E1479-SegmentedRaftLogWorker] INFO  segmented.SegmentedRaftLogWorker (SegmentedRaftLogWorker.java:run(327)) - ba91ce60-c1e0-470b-8f12-0816737cfb30@group-C60ED51E1479-SegmentedRaftLogWorker was interrupted, exiting. There are 0 tasks remaining in the queue.
2021-05-05 15:14:38,812 [Listener at 127.0.0.1/33403] INFO  segmented.SegmentedRaftLogWorker (SegmentedRaftLogWorker.java:close(237)) - ba91ce60-c1e0-470b-8f12-0816737cfb30@group-C60ED51E1479-SegmentedRaftLogWorker close()
2021-05-05 15:14:38,812 [Listener at 127.0.0.1/33403] INFO  metrics.RatisMetrics (RatisMetrics.java:unregister(43)) - Unregistering Metrics Registry : ratis.log_worker.ba91ce60-c1e0-470b-8f12-0816737cfb30@group-C60ED51E1479
2021-05-05 15:14:38,812 [Listener at 127.0.0.1/33403] INFO  metrics.RatisMetrics (RatisMetrics.java:unregister(43)) - Unregistering Metrics Registry : ratis.leader_election.ba91ce60-c1e0-470b-8f12-0816737cfb30@group-C60ED51E1479
2021-05-05 15:14:38,812 [Listener at 127.0.0.1/33403] INFO  metrics.RatisMetrics (RatisMetrics.java:unregister(43)) - Unregistering Metrics Registry : ratis.server.ba91ce60-c1e0-470b-8f12-0816737cfb30@group-C60ED51E1479
2021-05-05 15:14:38,813 [Listener at 127.0.0.1/33403] INFO  server.RaftServer$Division (RaftServerImpl.java:lambda$close$4(406)) - ba91ce60-c1e0-470b-8f12-0816737cfb30@group-1BEDC8ED2755: shutdown
2021-05-05 15:14:38,813 [Listener at 127.0.0.1/33403] INFO  util.JmxRegister (JmxRegister.java:unregister(73)) - Successfully un-registered JMX Bean with object name Ratis:service=RaftServer,group=group-1BEDC8ED2755,id=ba91ce60-c1e0-470b-8f12-0816737cfb30
2021-05-05 15:14:38,813 [Listener at 127.0.0.1/33403] INFO  impl.RoleInfo (RoleInfo.java:shutdownLeaderState(91)) - ba91ce60-c1e0-470b-8f12-0816737cfb30: shutdown ba91ce60-c1e0-470b-8f12-0816737cfb30@group-1BEDC8ED2755-LeaderStateImpl
2021-05-05 15:14:38,813 [Listener at 127.0.0.1/33403] INFO  metrics.RatisMetrics (RatisMetrics.java:unregister(43)) - Unregistering Metrics Registry : ratis_grpc.log_appender.ba91ce60-c1e0-470b-8f12-0816737cfb30@group-1BEDC8ED2755
2021-05-05 15:14:38,813 [Listener at 127.0.0.1/33403] INFO  metrics.RatisMetrics (RatisMetrics.java:unregister(43)) - Unregistering Metrics Registry : ratis_grpc.log_appender.ba91ce60-c1e0-470b-8f12-0816737cfb30@group-1BEDC8ED2755
2021-05-05 15:14:38,813 [ba91ce60-c1e0-470b-8f12-0816737cfb30@group-1BEDC8ED2755->3aae9554-9ce2-4940-80df-bab76ceffe99-GrpcLogAppender-LogAppenderDaemon] WARN  server.GrpcLogAppender (GrpcLogAppender.java:mayWait(175)) - ba91ce60-c1e0-470b-8f12-0816737cfb30@group-1BEDC8ED2755->3aae9554-9ce2-4940-80df-bab76ceffe99-GrpcLogAppender: Wait interrupted by java.lang.InterruptedException
2021-05-05 15:14:38,814 [Listener at 127.0.0.1/33403] INFO  impl.PendingRequests (PendingRequests.java:sendNotLeaderResponses(249)) - ba91ce60-c1e0-470b-8f12-0816737cfb30@group-1BEDC8ED2755-PendingRequests: sendNotLeaderResponses
2021-05-05 15:14:38,814 [Listener at 127.0.0.1/33403] INFO  metrics.RatisMetrics (RatisMetrics.java:unregister(43)) - Unregistering Metrics Registry : ratis.log_appender.ba91ce60-c1e0-470b-8f12-0816737cfb30@group-1BEDC8ED2755
2021-05-05 15:14:38,814 [ba91ce60-c1e0-470b-8f12-0816737cfb30@group-1BEDC8ED2755->84f014eb-0543-4c23-a581-806bb6567559-GrpcLogAppender-LogAppenderDaemon] WARN  server.GrpcLogAppender (GrpcLogAppender.java:mayWait(175)) - ba91ce60-c1e0-470b-8f12-0816737cfb30@group-1BEDC8ED2755->84f014eb-0543-4c23-a581-806bb6567559-GrpcLogAppender: Wait interrupted by java.lang.InterruptedException
2021-05-05 15:14:38,814 [grpc-default-executor-2] INFO  server.GrpcServerProtocolService (GrpcServerProtocolService.java:onCompleted(140)) - 3aae9554-9ce2-4940-80df-bab76ceffe99: Completed APPEND_ENTRIES, lastRequest: ba91ce60-c1e0-470b-8f12-0816737cfb30->3aae9554-9ce2-4940-80df-bab76ceffe99#1-t2,previous=(t:0, i:0),leaderCommit=-1,initializing? true,entries: size=1, first=(t:2, i:0), CONFIGURATIONENTRY
2021-05-05 15:14:38,814 [grpc-default-executor-0] INFO  server.GrpcServerProtocolService (GrpcServerProtocolService.java:onCompleted(140)) - 84f014eb-0543-4c23-a581-806bb6567559: Completed APPEND_ENTRIES, lastRequest: ba91ce60-c1e0-470b-8f12-0816737cfb30->84f014eb-0543-4c23-a581-806bb6567559#1-t2,previous=(t:0, i:0),leaderCommit=-1,initializing? true,entries: size=1, first=(t:2, i:0), CONFIGURATIONENTRY
2021-05-05 15:14:38,814 [Listener at 127.0.0.1/33403] INFO  metrics.RatisMetrics (RatisMetrics.java:unregister(43)) - Unregistering Metrics Registry : ratis.server.ba91ce60-c1e0-470b-8f12-0816737cfb30@group-1BEDC8ED2755
2021-05-05 15:14:38,818 [grpc-default-executor-2] INFO  server.GrpcLogAppender (GrpcLogAppender.java:onCompleted(344)) - ba91ce60-c1e0-470b-8f12-0816737cfb30@group-1BEDC8ED2755->3aae9554-9ce2-4940-80df-bab76ceffe99-AppendLogResponseHandler: follower responses appendEntries COMPLETED
2021-05-05 15:14:38,818 [grpc-default-executor-2] INFO  leader.FollowerInfo (FollowerInfoImpl.java:lambda$new$0(46)) - ba91ce60-c1e0-470b-8f12-0816737cfb30@group-1BEDC8ED2755->3aae9554-9ce2-4940-80df-bab76ceffe99: nextIndex: updateUnconditionally 1 -> 0
2021-05-05 15:14:38,819 [grpc-default-executor-2] INFO  server.GrpcLogAppender (GrpcLogAppender.java:onCompleted(344)) - ba91ce60-c1e0-470b-8f12-0816737cfb30@group-1BEDC8ED2755->84f014eb-0543-4c23-a581-806bb6567559-AppendLogResponseHandler: follower responses appendEntries COMPLETED
2021-05-05 15:14:38,819 [grpc-default-executor-2] INFO  leader.FollowerInfo (FollowerInfoImpl.java:lambda$new$0(46)) - ba91ce60-c1e0-470b-8f12-0816737cfb30@group-1BEDC8ED2755->84f014eb-0543-4c23-a581-806bb6567559: nextIndex: updateUnconditionally 1 -> 0
2021-05-05 15:14:38,821 [Listener at 127.0.0.1/33403] INFO  impl.StateMachineUpdater (StateMachineUpdater.java:stopAndJoin(149)) - ba91ce60-c1e0-470b-8f12-0816737cfb30@group-1BEDC8ED2755-StateMachineUpdater: set stopIndex = 0
2021-05-05 15:14:38,822 [ba91ce60-c1e0-470b-8f12-0816737cfb30@group-1BEDC8ED2755-StateMachineUpdater] INFO  ratis.ContainerStateMachine (ContainerStateMachine.java:takeSnapshot(292)) - group-1BEDC8ED2755: Taking a snapshot at:(t:2, i:0) file /github/workspace/mnt/ozone/hadoop-ozone/integration-test/target/test-dir/MiniOzoneClusterImpl-c76e6b88-ed31-44d7-ac8c-51a305797015/datanode-7/data/ratis/fcc5943e-3b03-440e-9901-1bedc8ed2755/sm/snapshot.2_0
2021-05-05 15:14:38,822 [ForkJoinPool.commonPool-worker-0] INFO  server.GrpcService (GrpcService.java:closeImpl(271)) - 8cc4f11c-26a9-4978-bb71-8737c51096c0: shutdown server with port 34407 successfully
2021-05-05 15:14:38,822 [org.apache.ratis.util.JvmPauseMonitor$$Lambda$504/1672688893@36cf7933] INFO  util.JvmPauseMonitor (JvmPauseMonitor.java:run(109)) - JvmPauseMonitor-8cc4f11c-26a9-4978-bb71-8737c51096c0: Stopped
2021-05-05 15:14:38,823 [ba91ce60-c1e0-470b-8f12-0816737cfb30@group-1BEDC8ED2755-StateMachineUpdater] INFO  ratis.ContainerStateMachine (ContainerStateMachine.java:takeSnapshot(303)) - group-1BEDC8ED2755: Finished taking a snapshot at:(t:2, i:0) file:/github/workspace/mnt/ozone/hadoop-ozone/integration-test/target/test-dir/MiniOzoneClusterImpl-c76e6b88-ed31-44d7-ac8c-51a305797015/datanode-7/data/ratis/fcc5943e-3b03-440e-9901-1bedc8ed2755/sm/snapshot.2_0 took: 0 ms
2021-05-05 15:14:38,823 [ba91ce60-c1e0-470b-8f12-0816737cfb30@group-1BEDC8ED2755-StateMachineUpdater] INFO  impl.StateMachineUpdater (StateMachineUpdater.java:takeSnapshot(281)) - ba91ce60-c1e0-470b-8f12-0816737cfb30@group-1BEDC8ED2755-StateMachineUpdater: Took a snapshot at index 0
2021-05-05 15:14:38,823 [ba91ce60-c1e0-470b-8f12-0816737cfb30@group-1BEDC8ED2755-StateMachineUpdater] INFO  impl.StateMachineUpdater (StateMachineUpdater.java:lambda$new$0(89)) - ba91ce60-c1e0-470b-8f12-0816737cfb30@group-1BEDC8ED2755-StateMachineUpdater: snapshotIndex: updateIncreasingly -1 -> 0
2021-05-05 15:14:38,823 [ba91ce60-c1e0-470b-8f12-0816737cfb30@group-1BEDC8ED2755-StateMachineUpdater] INFO  metrics.RatisMetrics (RatisMetrics.java:unregister(43)) - Unregistering Metrics Registry : ratis.state_machine.ba91ce60-c1e0-470b-8f12-0816737cfb30@group-1BEDC8ED2755
2021-05-05 15:14:38,826 [Listener at 127.0.0.1/33403] INFO  server.RaftServer$Division (ServerState.java:close(405)) - ba91ce60-c1e0-470b-8f12-0816737cfb30@group-1BEDC8ED2755: closes. applyIndex: 0
2021-05-05 15:14:38,827 [ba91ce60-c1e0-470b-8f12-0816737cfb30@group-1BEDC8ED2755-SegmentedRaftLogWorker] INFO  segmented.SegmentedRaftLogWorker (SegmentedRaftLogWorker.java:run(327)) - ba91ce60-c1e0-470b-8f12-0816737cfb30@group-1BEDC8ED2755-SegmentedRaftLogWorker was interrupted, exiting. There are 0 tasks remaining in the queue.
2021-05-05 15:14:38,827 [Listener at 127.0.0.1/33403] INFO  segmented.SegmentedRaftLogWorker (SegmentedRaftLogWorker.java:close(237)) - ba91ce60-c1e0-470b-8f12-0816737cfb30@group-1BEDC8ED2755-SegmentedRaftLogWorker close()
2021-05-05 15:14:38,827 [Listener at 127.0.0.1/33403] INFO  metrics.RatisMetrics (RatisMetrics.java:unregister(43)) - Unregistering Metrics Registry : ratis.log_worker.ba91ce60-c1e0-470b-8f12-0816737cfb30@group-1BEDC8ED2755
2021-05-05 15:14:38,827 [ForkJoinPool.commonPool-worker-0] INFO  utils.BackgroundService (BackgroundService.java:shutdown(132)) - Shutting down service BlockDeletingService
2021-05-05 15:14:38,827 [Listener at 127.0.0.1/33403] INFO  metrics.RatisMetrics (RatisMetrics.java:unregister(43)) - Unregistering Metrics Registry : ratis.leader_election.ba91ce60-c1e0-470b-8f12-0816737cfb30@group-1BEDC8ED2755
2021-05-05 15:14:38,828 [Listener at 127.0.0.1/33403] INFO  metrics.RatisMetrics (RatisMetrics.java:unregister(43)) - Unregistering Metrics Registry : ratis.server.ba91ce60-c1e0-470b-8f12-0816737cfb30@group-1BEDC8ED2755
2021-05-05 15:14:38,828 [Listener at 127.0.0.1/33403] INFO  server.GrpcService (GrpcService.java:closeImpl(262)) - ba91ce60-c1e0-470b-8f12-0816737cfb30: shutdown server with port 37935 now
2021-05-05 15:14:38,833 [ForkJoinPool.commonPool-worker-0] INFO  statemachine.DatanodeStateMachine (DatanodeStateMachine.java:stopDaemon(469)) - Ozone container server stopped.
2021-05-05 15:14:38,846 [ForkJoinPool.commonPool-worker-0] INFO  handler.ContextHandler (ContextHandler.java:doStop(1154)) - Stopped o.e.j.w.WebAppContext@482f0077{hddsDatanode,/,null,STOPPED}{jar:file:/home/user/.m2/repository/org/apache/hadoop/hadoop-hdds-container-service/1.2.0-SNAPSHOT/hadoop-hdds-container-service-1.2.0-SNAPSHOT.jar!/webapps/hddsDatanode}
2021-05-05 15:14:38,846 [Listener at 127.0.0.1/33403] INFO  server.GrpcService (GrpcService.java:closeImpl(271)) - ba91ce60-c1e0-470b-8f12-0816737cfb30: shutdown server with port 37935 successfully
2021-05-05 15:14:38,847 [ForkJoinPool.commonPool-worker-0] INFO  server.AbstractConnector (AbstractConnector.java:doStop(381)) - Stopped ServerConnector@7e1b80d3{HTTP/1.1, (http/1.1)}{0.0.0.0:0}
2021-05-05 15:14:38,847 [org.apache.ratis.util.JvmPauseMonitor$$Lambda$504/1672688893@38946a4e] INFO  util.JvmPauseMonitor (JvmPauseMonitor.java:run(109)) - JvmPauseMonitor-ba91ce60-c1e0-470b-8f12-0816737cfb30: Stopped
2021-05-05 15:14:38,847 [ForkJoinPool.commonPool-worker-0] INFO  server.session (HouseKeeper.java:stopScavenging(149)) - node0 Stopped scavenging
2021-05-05 15:14:38,847 [ForkJoinPool.commonPool-worker-0] INFO  handler.ContextHandler (ContextHandler.java:doStop(1154)) - Stopped o.e.j.s.ServletContextHandler@501904ff{static,/static,jar:file:/home/user/.m2/repository/org/apache/hadoop/hadoop-hdds-container-service/1.2.0-SNAPSHOT/hadoop-hdds-container-service-1.2.0-SNAPSHOT.jar!/webapps/static,STOPPED}
2021-05-05 15:14:38,848 [ForkJoinPool.commonPool-worker-0] INFO  handler.ContextHandler (ContextHandler.java:doStop(1154)) - Stopped o.e.j.s.ServletContextHandler@111c2c9c{logs,/logs,file:///github/workspace/mnt/ozone/hadoop-ozone/integration-test/target/log,STOPPED}
2021-05-05 15:14:38,849 [Listener at 127.0.0.1/33403] INFO  utils.BackgroundService (BackgroundService.java:shutdown(132)) - Shutting down service BlockDeletingService
2021-05-05 15:14:38,854 [Listener at 127.0.0.1/33403] INFO  statemachine.DatanodeStateMachine (DatanodeStateMachine.java:stopDaemon(469)) - Ozone container server stopped.
2021-05-05 15:14:38,863 [Listener at 127.0.0.1/33403] INFO  handler.ContextHandler (ContextHandler.java:doStop(1154)) - Stopped o.e.j.w.WebAppContext@6b906d88{hddsDatanode,/,null,STOPPED}{jar:file:/home/user/.m2/repository/org/apache/hadoop/hadoop-hdds-container-service/1.2.0-SNAPSHOT/hadoop-hdds-container-service-1.2.0-SNAPSHOT.jar!/webapps/hddsDatanode}
2021-05-05 15:14:38,864 [Listener at 127.0.0.1/33403] INFO  server.AbstractConnector (AbstractConnector.java:doStop(381)) - Stopped ServerConnector@281dfc79{HTTP/1.1, (http/1.1)}{0.0.0.0:0}
2021-05-05 15:14:38,864 [Listener at 127.0.0.1/33403] INFO  server.session (HouseKeeper.java:stopScavenging(149)) - node0 Stopped scavenging
2021-05-05 15:14:38,864 [Listener at 127.0.0.1/33403] INFO  handler.ContextHandler (ContextHandler.java:doStop(1154)) - Stopped o.e.j.s.ServletContextHandler@219cfe45{static,/static,jar:file:/home/user/.m2/repository/org/apache/hadoop/hadoop-hdds-container-service/1.2.0-SNAPSHOT/hadoop-hdds-container-service-1.2.0-SNAPSHOT.jar!/webapps/static,STOPPED}
2021-05-05 15:14:38,865 [Listener at 127.0.0.1/33403] INFO  handler.ContextHandler (ContextHandler.java:doStop(1154)) - Stopped o.e.j.s.ServletContextHandler@24a99b1c{logs,/logs,file:///github/workspace/mnt/ozone/hadoop-ozone/integration-test/target/log,STOPPED}
2021-05-05 15:14:38,953 [Datanode State Machine Thread - 0] INFO  statemachine.DatanodeStateMachine (DatanodeStateMachine.java:lambda$startDaemon$0(411)) - Ozone container server started.
2021-05-05 15:14:39,191 [Datanode State Machine Thread - 0] INFO  statemachine.DatanodeStateMachine (DatanodeStateMachine.java:lambda$startDaemon$0(411)) - Ozone container server started.
2021-05-05 15:14:42,983 [3aae9554-9ce2-4940-80df-bab76ceffe99@group-1BEDC8ED2755-FollowerState] INFO  impl.FollowerState (FollowerState.java:run(134)) - 3aae9554-9ce2-4940-80df-bab76ceffe99@group-1BEDC8ED2755-FollowerState: change to CANDIDATE, lastRpcElapsedTime:5323814444ns, electionTimeout:5001ms
2021-05-05 15:14:42,983 [3aae9554-9ce2-4940-80df-bab76ceffe99@group-1BEDC8ED2755-FollowerState] INFO  impl.RoleInfo (RoleInfo.java:shutdownFollowerState(108)) - 3aae9554-9ce2-4940-80df-bab76ceffe99: shutdown 3aae9554-9ce2-4940-80df-bab76ceffe99@group-1BEDC8ED2755-FollowerState
2021-05-05 15:14:42,984 [3aae9554-9ce2-4940-80df-bab76ceffe99@group-1BEDC8ED2755-FollowerState] INFO  server.RaftServer$Division (RaftServerImpl.java:setRole(284)) - 3aae9554-9ce2-4940-80df-bab76ceffe99@group-1BEDC8ED2755: changes role from  FOLLOWER to CANDIDATE at term 2 for changeToCandidate
2021-05-05 15:14:42,984 [3aae9554-9ce2-4940-80df-bab76ceffe99@group-1BEDC8ED2755-FollowerState] INFO  server.RaftServerConfigKeys (ConfUtils.java:logGet(44)) - raft.server.leaderelection.pre-vote = false (custom)
2021-05-05 15:14:42,984 [3aae9554-9ce2-4940-80df-bab76ceffe99@group-1BEDC8ED2755-FollowerState] INFO  impl.RoleInfo (RoleInfo.java:updateAndGet(130)) - 3aae9554-9ce2-4940-80df-bab76ceffe99: start 3aae9554-9ce2-4940-80df-bab76ceffe99@group-1BEDC8ED2755-LeaderElection102
2021-05-05 15:14:42,984 [3aae9554-9ce2-4940-80df-bab76ceffe99@group-1BEDC8ED2755-LeaderElection102] INFO  server.RaftServer$Division (ServerState.java:setLeader(271)) - 3aae9554-9ce2-4940-80df-bab76ceffe99@group-1BEDC8ED2755: change Leader from ba91ce60-c1e0-470b-8f12-0816737cfb30 to null at term 2 for ELECTION
2021-05-05 15:14:42,985 [3aae9554-9ce2-4940-80df-bab76ceffe99@group-1BEDC8ED2755-LeaderElection102] INFO  impl.LeaderElection (LeaderElection.java:askForVotes(306)) - 3aae9554-9ce2-4940-80df-bab76ceffe99@group-1BEDC8ED2755-LeaderElection102 ELECTION round 0: submit vote requests at term 3 for 0: [3aae9554-9ce2-4940-80df-bab76ceffe99|rpc:172.17.0.2:40809|dataStream:|priority:0, ba91ce60-c1e0-470b-8f12-0816737cfb30|rpc:172.17.0.2:37935|dataStream:|priority:1, 84f014eb-0543-4c23-a581-806bb6567559|rpc:172.17.0.2:43113|dataStream:|priority:0], old=null
2021-05-05 15:14:42,990 [3aae9554-9ce2-4940-80df-bab76ceffe99@group-1BEDC8ED2755-LeaderElection102] INFO  impl.LeaderElection (LogUtils.java:infoOrTrace(137)) - 3aae9554-9ce2-4940-80df-bab76ceffe99@group-1BEDC8ED2755-LeaderElection102 got exception when requesting votes: java.util.concurrent.ExecutionException: org.apache.ratis.thirdparty.io.grpc.StatusRuntimeException: UNAVAILABLE: io exception
2021-05-05 15:14:42,991 [grpc-default-executor-2] INFO  server.RaftServer$Division (RaftServerImpl.java:requestVote(1042)) - 84f014eb-0543-4c23-a581-806bb6567559@group-1BEDC8ED2755: receive requestVote(ELECTION, 3aae9554-9ce2-4940-80df-bab76ceffe99, group-1BEDC8ED2755, 3, (t:2, i:0))
2021-05-05 15:14:42,991 [grpc-default-executor-2] INFO  impl.VoteContext (VoteContext.java:log(48)) - 84f014eb-0543-4c23-a581-806bb6567559@group-1BEDC8ED2755-FOLLOWER: accept ELECTION from 3aae9554-9ce2-4940-80df-bab76ceffe99: our priority 0 <= candidate's priority 0
2021-05-05 15:14:42,991 [grpc-default-executor-2] INFO  server.RaftServer$Division (ServerState.java:setLeader(271)) - 84f014eb-0543-4c23-a581-806bb6567559@group-1BEDC8ED2755: change Leader from ba91ce60-c1e0-470b-8f12-0816737cfb30 to null at term 3 for updateCurrentTerm
2021-05-05 15:14:42,991 [grpc-default-executor-2] INFO  server.RaftServer$Division (RaftServerImpl.java:setRole(284)) - 84f014eb-0543-4c23-a581-806bb6567559@group-1BEDC8ED2755: changes role from  FOLLOWER to FOLLOWER at term 3 for candidate:3aae9554-9ce2-4940-80df-bab76ceffe99
2021-05-05 15:14:42,991 [grpc-default-executor-2] INFO  impl.RoleInfo (RoleInfo.java:shutdownFollowerState(108)) - 84f014eb-0543-4c23-a581-806bb6567559: shutdown 84f014eb-0543-4c23-a581-806bb6567559@group-1BEDC8ED2755-FollowerState
2021-05-05 15:14:42,991 [grpc-default-executor-2] INFO  impl.RoleInfo (RoleInfo.java:updateAndGet(130)) - 84f014eb-0543-4c23-a581-806bb6567559: start 84f014eb-0543-4c23-a581-806bb6567559@group-1BEDC8ED2755-FollowerState
2021-05-05 15:14:42,991 [84f014eb-0543-4c23-a581-806bb6567559@group-1BEDC8ED2755-FollowerState] INFO  impl.FollowerState (FollowerState.java:run(143)) - 84f014eb-0543-4c23-a581-806bb6567559@group-1BEDC8ED2755-FollowerState was interrupted: {}
java.lang.InterruptedException: sleep interrupted
	at java.lang.Thread.sleep(Native Method)
	at java.lang.Thread.sleep(Thread.java:340)
	at java.util.concurrent.TimeUnit.sleep(TimeUnit.java:386)
	at org.apache.ratis.util.TimeDuration.sleep(TimeDuration.java:324)
	at org.apache.ratis.util.TimeDuration.sleep(TimeDuration.java:309)
	at org.apache.ratis.server.impl.FollowerState.run(FollowerState.java:118)
2021-05-05 15:14:42,992 [grpc-default-executor-2] INFO  server.RaftServer$Division (RaftServerImpl.java:requestVote(1074)) - 84f014eb-0543-4c23-a581-806bb6567559@group-1BEDC8ED2755 replies to ELECTION vote request: 3aae9554-9ce2-4940-80df-bab76ceffe99<-84f014eb-0543-4c23-a581-806bb6567559#0:OK-t3. Peer's state: 84f014eb-0543-4c23-a581-806bb6567559@group-1BEDC8ED2755:t3, leader=null, voted=3aae9554-9ce2-4940-80df-bab76ceffe99, raftlog=84f014eb-0543-4c23-a581-806bb6567559@group-1BEDC8ED2755-SegmentedRaftLog:OPENED:c0,f0,i0, conf=0: [3aae9554-9ce2-4940-80df-bab76ceffe99|rpc:172.17.0.2:40809|dataStream:|priority:0, ba91ce60-c1e0-470b-8f12-0816737cfb30|rpc:172.17.0.2:37935|dataStream:|priority:1, 84f014eb-0543-4c23-a581-806bb6567559|rpc:172.17.0.2:43113|dataStream:|priority:0], old=null
2021-05-05 15:14:42,993 [3aae9554-9ce2-4940-80df-bab76ceffe99@group-1BEDC8ED2755-LeaderElection102] INFO  impl.LeaderElection (LeaderElection.java:logAndReturn(89)) - 3aae9554-9ce2-4940-80df-bab76ceffe99@group-1BEDC8ED2755-LeaderElection102: ELECTION PASSED received 1 response(s) and 1 exception(s):
2021-05-05 15:14:42,993 [3aae9554-9ce2-4940-80df-bab76ceffe99@group-1BEDC8ED2755-LeaderElection102] INFO  impl.LeaderElection (LeaderElection.java:logAndReturn(93)) -   Response 0: 3aae9554-9ce2-4940-80df-bab76ceffe99<-84f014eb-0543-4c23-a581-806bb6567559#0:OK-t3
2021-05-05 15:14:42,993 [3aae9554-9ce2-4940-80df-bab76ceffe99@group-1BEDC8ED2755-LeaderElection102] INFO  impl.LeaderElection (LogUtils.java:infoOrTrace(137)) -   Exception 1: java.util.concurrent.ExecutionException: org.apache.ratis.thirdparty.io.grpc.StatusRuntimeException: UNAVAILABLE: io exception
2021-05-05 15:14:42,993 [3aae9554-9ce2-4940-80df-bab76ceffe99@group-1BEDC8ED2755-LeaderElection102] INFO  impl.LeaderElection (LeaderElection.java:askForVotes(308)) - 3aae9554-9ce2-4940-80df-bab76ceffe99@group-1BEDC8ED2755-LeaderElection102 ELECTION round 0: result PASSED
2021-05-05 15:14:42,993 [3aae9554-9ce2-4940-80df-bab76ceffe99@group-1BEDC8ED2755-LeaderElection102] INFO  impl.RoleInfo (RoleInfo.java:shutdownLeaderElection(121)) - 3aae9554-9ce2-4940-80df-bab76ceffe99: shutdown 3aae9554-9ce2-4940-80df-bab76ceffe99@group-1BEDC8ED2755-LeaderElection102
2021-05-05 15:14:42,993 [3aae9554-9ce2-4940-80df-bab76ceffe99@group-1BEDC8ED2755-LeaderElection102] INFO  server.RaftServer$Division (RaftServerImpl.java:setRole(284)) - 3aae9554-9ce2-4940-80df-bab76ceffe99@group-1BEDC8ED2755: changes role from CANDIDATE to LEADER at term 3 for changeToLeader
2021-05-05 15:14:42,993 [3aae9554-9ce2-4940-80df-bab76ceffe99@group-1BEDC8ED2755-LeaderElection102] INFO  ratis.XceiverServerRatis (XceiverServerRatis.java:handleLeaderChangedNotification(906)) - Leader change notification received for group: group-1BEDC8ED2755 with new leaderId: 3aae9554-9ce2-4940-80df-bab76ceffe99
2021-05-05 15:14:42,994 [3aae9554-9ce2-4940-80df-bab76ceffe99@group-1BEDC8ED2755-LeaderElection102] INFO  server.RaftServer$Division (ServerState.java:setLeader(271)) - 3aae9554-9ce2-4940-80df-bab76ceffe99@group-1BEDC8ED2755: change Leader from null to 3aae9554-9ce2-4940-80df-bab76ceffe99 at term 3 for becomeLeader, leader elected after 9ms
2021-05-05 15:14:42,994 [3aae9554-9ce2-4940-80df-bab76ceffe99@group-1BEDC8ED2755-LeaderElection102] INFO  server.RaftServerConfigKeys (ConfUtils.java:logGet(44)) - raft.server.staging.catchup.gap = 1000 (default)
2021-05-05 15:14:42,994 [3aae9554-9ce2-4940-80df-bab76ceffe99@group-1BEDC8ED2755-LeaderElection102] INFO  metrics.RatisMetrics (RatisMetrics.java:lambda$create$0(36)) - Creating Metrics Registry : ratis.log_appender.3aae9554-9ce2-4940-80df-bab76ceffe99@group-1BEDC8ED2755
2021-05-05 15:14:42,994 [3aae9554-9ce2-4940-80df-bab76ceffe99@group-1BEDC8ED2755-LeaderElection102] INFO  server.RaftServerConfigKeys (ConfUtils.java:logGet(44)) - raft.server.write.element-limit = 1024 (custom)
2021-05-05 15:14:42,994 [3aae9554-9ce2-4940-80df-bab76ceffe99@group-1BEDC8ED2755-LeaderElection102] INFO  server.RaftServerConfigKeys (ConfUtils.java:logGet(44)) - raft.server.write.byte-limit = 1073741824 (custom)
2021-05-05 15:14:42,995 [3aae9554-9ce2-4940-80df-bab76ceffe99@group-1BEDC8ED2755-LeaderElection102] INFO  server.RaftServerConfigKeys (ConfUtils.java:logGet(44)) - raft.server.watch.timeout = 3000ms (custom)
2021-05-05 15:14:42,995 [3aae9554-9ce2-4940-80df-bab76ceffe99@group-1BEDC8ED2755-LeaderElection102] INFO  server.RaftServerConfigKeys (ConfUtils.java:logGet(44)) - raft.server.watch.timeout.denomination = 1s (default)
2021-05-05 15:14:42,995 [3aae9554-9ce2-4940-80df-bab76ceffe99@group-1BEDC8ED2755-LeaderElection102] INFO  server.RaftServerConfigKeys (ConfUtils.java:logGet(44)) - raft.server.watch.element-limit = 65536 (default)
2021-05-05 15:14:42,995 [3aae9554-9ce2-4940-80df-bab76ceffe99@group-1BEDC8ED2755-LeaderElection102] INFO  server.RaftServerConfigKeys (ConfUtils.java:logGet(44)) - raft.server.log.appender.snapshot.chunk.size.max = 16MB (=16777216) (default)
2021-05-05 15:14:42,995 [3aae9554-9ce2-4940-80df-bab76ceffe99@group-1BEDC8ED2755-LeaderElection102] INFO  server.RaftServerConfigKeys (ConfUtils.java:logGet(44)) - raft.server.log.appender.buffer.byte-limit = 33554432 (custom)
2021-05-05 15:14:42,995 [3aae9554-9ce2-4940-80df-bab76ceffe99@group-1BEDC8ED2755-LeaderElection102] INFO  server.RaftServerConfigKeys (ConfUtils.java:logGet(44)) - raft.server.log.appender.buffer.element-limit = 1 (custom)
2021-05-05 15:14:42,995 [3aae9554-9ce2-4940-80df-bab76ceffe99@group-1BEDC8ED2755-LeaderElection102] INFO  grpc.GrpcConfigKeys (ConfUtils.java:logGet(44)) - raft.grpc.server.leader.outstanding.appends.max = 128 (default)
2021-05-05 15:14:42,995 [3aae9554-9ce2-4940-80df-bab76ceffe99@group-1BEDC8ED2755-LeaderElection102] INFO  server.RaftServerConfigKeys (ConfUtils.java:logGet(44)) - raft.server.rpc.request.timeout = 3000ms (default)
2021-05-05 15:14:42,995 [3aae9554-9ce2-4940-80df-bab76ceffe99@group-1BEDC8ED2755-LeaderElection102] INFO  server.RaftServerConfigKeys (ConfUtils.java:logGet(44)) - raft.server.log.appender.install.snapshot.enabled = false (custom)
2021-05-05 15:14:42,995 [3aae9554-9ce2-4940-80df-bab76ceffe99@group-1BEDC8ED2755-LeaderElection102] INFO  metrics.RatisMetrics (RatisMetrics.java:lambda$create$0(36)) - Creating Metrics Registry : ratis_grpc.log_appender.3aae9554-9ce2-4940-80df-bab76ceffe99@group-1BEDC8ED2755
2021-05-05 15:14:42,998 [3aae9554-9ce2-4940-80df-bab76ceffe99@group-1BEDC8ED2755-LeaderElection102] INFO  server.RaftServerConfigKeys (ConfUtils.java:logGet(44)) - raft.server.log.appender.snapshot.chunk.size.max = 16MB (=16777216) (default)
2021-05-05 15:14:42,998 [3aae9554-9ce2-4940-80df-bab76ceffe99@group-1BEDC8ED2755-LeaderElection102] INFO  server.RaftServerConfigKeys (ConfUtils.java:logGet(44)) - raft.server.log.appender.buffer.byte-limit = 33554432 (custom)
2021-05-05 15:14:42,998 [3aae9554-9ce2-4940-80df-bab76ceffe99@group-1BEDC8ED2755-LeaderElection102] INFO  server.RaftServerConfigKeys (ConfUtils.java:logGet(44)) - raft.server.log.appender.buffer.element-limit = 1 (custom)
2021-05-05 15:14:42,999 [3aae9554-9ce2-4940-80df-bab76ceffe99@group-1BEDC8ED2755-LeaderElection102] INFO  grpc.GrpcConfigKeys (ConfUtils.java:logGet(44)) - raft.grpc.server.leader.outstanding.appends.max = 128 (default)
2021-05-05 15:14:42,999 [3aae9554-9ce2-4940-80df-bab76ceffe99@group-1BEDC8ED2755-LeaderElection102] INFO  server.RaftServerConfigKeys (ConfUtils.java:logGet(44)) - raft.server.rpc.request.timeout = 3000ms (default)
2021-05-05 15:14:42,999 [3aae9554-9ce2-4940-80df-bab76ceffe99@group-1BEDC8ED2755-LeaderElection102] INFO  server.RaftServerConfigKeys (ConfUtils.java:logGet(44)) - raft.server.log.appender.install.snapshot.enabled = false (custom)
2021-05-05 15:14:43,001 [3aae9554-9ce2-4940-80df-bab76ceffe99@group-1BEDC8ED2755-LeaderElection102] INFO  impl.RoleInfo (RoleInfo.java:updateAndGet(130)) - 3aae9554-9ce2-4940-80df-bab76ceffe99: start 3aae9554-9ce2-4940-80df-bab76ceffe99@group-1BEDC8ED2755-LeaderStateImpl
2021-05-05 15:14:43,002 [3aae9554-9ce2-4940-80df-bab76ceffe99@group-1BEDC8ED2755-LeaderElection102] INFO  segmented.SegmentedRaftLogWorker (SegmentedRaftLogWorker.java:rollLogSegment(399)) - 3aae9554-9ce2-4940-80df-bab76ceffe99@group-1BEDC8ED2755-SegmentedRaftLogWorker: Rolling segment log-0_0 to index:0
2021-05-05 15:14:43,002 [3aae9554-9ce2-4940-80df-bab76ceffe99@group-1BEDC8ED2755-SegmentedRaftLogWorker] INFO  segmented.SegmentedRaftLogWorker (SegmentedRaftLogWorker.java:execute(558)) - 3aae9554-9ce2-4940-80df-bab76ceffe99@group-1BEDC8ED2755-SegmentedRaftLogWorker: Rolled log segment from /github/workspace/mnt/ozone/hadoop-ozone/integration-test/target/test-dir/MiniOzoneClusterImpl-c76e6b88-ed31-44d7-ac8c-51a305797015/datanode-6/data/ratis/fcc5943e-3b03-440e-9901-1bedc8ed2755/current/log_inprogress_0 to /github/workspace/mnt/ozone/hadoop-ozone/integration-test/target/test-dir/MiniOzoneClusterImpl-c76e6b88-ed31-44d7-ac8c-51a305797015/datanode-6/data/ratis/fcc5943e-3b03-440e-9901-1bedc8ed2755/current/log_0-0
2021-05-05 15:14:43,003 [3aae9554-9ce2-4940-80df-bab76ceffe99@group-1BEDC8ED2755-SegmentedRaftLogWorker] INFO  segmented.SegmentedRaftLogWorker (SegmentedRaftLogWorker.java:execute(601)) - 3aae9554-9ce2-4940-80df-bab76ceffe99@group-1BEDC8ED2755-SegmentedRaftLogWorker: created new log segment /github/workspace/mnt/ozone/hadoop-ozone/integration-test/target/test-dir/MiniOzoneClusterImpl-c76e6b88-ed31-44d7-ac8c-51a305797015/datanode-6/data/ratis/fcc5943e-3b03-440e-9901-1bedc8ed2755/current/log_inprogress_1
2021-05-05 15:14:43,004 [grpc-default-executor-2] WARN  server.GrpcLogAppender (LogUtils.java:warn(122)) - 3aae9554-9ce2-4940-80df-bab76ceffe99@group-1BEDC8ED2755->ba91ce60-c1e0-470b-8f12-0816737cfb30-AppendLogResponseHandler: Failed appendEntries: org.apache.ratis.thirdparty.io.grpc.StatusRuntimeException: UNAVAILABLE: io exception
2021-05-05 15:14:43,004 [3aae9554-9ce2-4940-80df-bab76ceffe99@group-1BEDC8ED2755-LeaderElection102] INFO  server.RaftServer$Division (ServerState.java:setRaftConf(373)) - 3aae9554-9ce2-4940-80df-bab76ceffe99@group-1BEDC8ED2755: set configuration 1: [3aae9554-9ce2-4940-80df-bab76ceffe99|rpc:172.17.0.2:40809|dataStream:|priority:0, ba91ce60-c1e0-470b-8f12-0816737cfb30|rpc:172.17.0.2:37935|dataStream:|priority:1, 84f014eb-0543-4c23-a581-806bb6567559|rpc:172.17.0.2:43113|dataStream:|priority:0], old=null
2021-05-05 15:14:43,009 [grpc-default-executor-2] WARN  server.GrpcLogAppender (GrpcLogAppender.java:resetClient(111)) - 3aae9554-9ce2-4940-80df-bab76ceffe99@group-1BEDC8ED2755->ba91ce60-c1e0-470b-8f12-0816737cfb30-GrpcLogAppender: Leader has not got in touch with Follower 3aae9554-9ce2-4940-80df-bab76ceffe99@group-1BEDC8ED2755->ba91ce60-c1e0-470b-8f12-0816737cfb30(c-1,m0,n2, attendVote=true, lastRpcSendTime=0, lastRpcResponseTime=5213) yet, just keep nextIndex unchanged and retry.
2021-05-05 15:14:43,012 [grpc-default-executor-2] INFO  ratis.XceiverServerRatis (XceiverServerRatis.java:handleLeaderChangedNotification(906)) - Leader change notification received for group: group-1BEDC8ED2755 with new leaderId: 3aae9554-9ce2-4940-80df-bab76ceffe99
2021-05-05 15:14:43,012 [grpc-default-executor-2] INFO  server.RaftServer$Division (ServerState.java:setLeader(271)) - 84f014eb-0543-4c23-a581-806bb6567559@group-1BEDC8ED2755: change Leader from null to 3aae9554-9ce2-4940-80df-bab76ceffe99 at term 3 for appendEntries, leader elected after 20ms
2021-05-05 15:14:43,013 [grpc-default-executor-2] INFO  server.RaftServer$Division (ServerState.java:setRaftConf(373)) - 84f014eb-0543-4c23-a581-806bb6567559@group-1BEDC8ED2755: set configuration 1: [3aae9554-9ce2-4940-80df-bab76ceffe99|rpc:172.17.0.2:40809|dataStream:|priority:0, ba91ce60-c1e0-470b-8f12-0816737cfb30|rpc:172.17.0.2:37935|dataStream:|priority:1, 84f014eb-0543-4c23-a581-806bb6567559|rpc:172.17.0.2:43113|dataStream:|priority:0], old=null
2021-05-05 15:14:43,013 [grpc-default-executor-2] INFO  segmented.SegmentedRaftLogWorker (SegmentedRaftLogWorker.java:rollLogSegment(399)) - 84f014eb-0543-4c23-a581-806bb6567559@group-1BEDC8ED2755-SegmentedRaftLogWorker: Rolling segment log-0_0 to index:0
2021-05-05 15:14:43,014 [84f014eb-0543-4c23-a581-806bb6567559@group-1BEDC8ED2755-SegmentedRaftLogWorker] INFO  segmented.SegmentedRaftLogWorker (SegmentedRaftLogWorker.java:execute(558)) - 84f014eb-0543-4c23-a581-806bb6567559@group-1BEDC8ED2755-SegmentedRaftLogWorker: Rolled log segment from /github/workspace/mnt/ozone/hadoop-ozone/integration-test/target/test-dir/MiniOzoneClusterImpl-c76e6b88-ed31-44d7-ac8c-51a305797015/datanode-8/data/ratis/fcc5943e-3b03-440e-9901-1bedc8ed2755/current/log_inprogress_0 to /github/workspace/mnt/ozone/hadoop-ozone/integration-test/target/test-dir/MiniOzoneClusterImpl-c76e6b88-ed31-44d7-ac8c-51a305797015/datanode-8/data/ratis/fcc5943e-3b03-440e-9901-1bedc8ed2755/current/log_0-0
2021-05-05 15:14:43,015 [84f014eb-0543-4c23-a581-806bb6567559@group-1BEDC8ED2755-SegmentedRaftLogWorker] INFO  segmented.SegmentedRaftLogWorker (SegmentedRaftLogWorker.java:execute(601)) - 84f014eb-0543-4c23-a581-806bb6567559@group-1BEDC8ED2755-SegmentedRaftLogWorker: created new log segment /github/workspace/mnt/ozone/hadoop-ozone/integration-test/target/test-dir/MiniOzoneClusterImpl-c76e6b88-ed31-44d7-ac8c-51a305797015/datanode-8/data/ratis/fcc5943e-3b03-440e-9901-1bedc8ed2755/current/log_inprogress_1
2021-05-05 15:14:43,022 [grpc-default-executor-0] WARN  server.GrpcLogAppender (LogUtils.java:warn(122)) - 3aae9554-9ce2-4940-80df-bab76ceffe99@group-1BEDC8ED2755->ba91ce60-c1e0-470b-8f12-0816737cfb30-AppendLogResponseHandler: Failed appendEntries: org.apache.ratis.thirdparty.io.grpc.StatusRuntimeException: UNAVAILABLE: io exception
2021-05-05 15:14:43,022 [grpc-default-executor-0] WARN  server.GrpcLogAppender (GrpcLogAppender.java:resetClient(111)) - 3aae9554-9ce2-4940-80df-bab76ceffe99@group-1BEDC8ED2755->ba91ce60-c1e0-470b-8f12-0816737cfb30-GrpcLogAppender: Leader has not got in touch with Follower 3aae9554-9ce2-4940-80df-bab76ceffe99@group-1BEDC8ED2755->ba91ce60-c1e0-470b-8f12-0816737cfb30(c-1,m0,n3, attendVote=true, lastRpcSendTime=0, lastRpcResponseTime=5227) yet, just keep nextIndex unchanged and retry.
2021-05-05 15:14:43,850 [ForkJoinPool.commonPool-worker-0] INFO  ozoneimpl.OzoneContainer (OzoneContainer.java:stop(313)) - Attempting to stop container services.
2021-05-05 15:14:43,851 [ForkJoinPool.commonPool-worker-0] INFO  server.RaftServer (RaftServerProxy.java:lambda$close$6(391)) - a99b94f7-bcc3-419a-91d6-c5ca6fccf1ee: close
2021-05-05 15:14:43,851 [ForkJoinPool.commonPool-worker-0] INFO  server.RaftServer$Division (RaftServerImpl.java:lambda$close$4(406)) - a99b94f7-bcc3-419a-91d6-c5ca6fccf1ee@group-BFCF83161046: shutdown
2021-05-05 15:14:43,851 [ForkJoinPool.commonPool-worker-0] INFO  util.JmxRegister (JmxRegister.java:unregister(73)) - Successfully un-registered JMX Bean with object name Ratis:service=RaftServer,group=group-BFCF83161046,id=a99b94f7-bcc3-419a-91d6-c5ca6fccf1ee
2021-05-05 15:14:43,851 [ForkJoinPool.commonPool-worker-0] INFO  impl.RoleInfo (RoleInfo.java:shutdownFollowerState(108)) - a99b94f7-bcc3-419a-91d6-c5ca6fccf1ee: shutdown a99b94f7-bcc3-419a-91d6-c5ca6fccf1ee@group-BFCF83161046-FollowerState
2021-05-05 15:14:43,851 [ForkJoinPool.commonPool-worker-0] INFO  impl.StateMachineUpdater (StateMachineUpdater.java:stopAndJoin(149)) - a99b94f7-bcc3-419a-91d6-c5ca6fccf1ee@group-BFCF83161046-StateMachineUpdater: set stopIndex = 2
2021-05-05 15:14:43,851 [a99b94f7-bcc3-419a-91d6-c5ca6fccf1ee@group-BFCF83161046-FollowerState] INFO  impl.FollowerState (FollowerState.java:run(143)) - a99b94f7-bcc3-419a-91d6-c5ca6fccf1ee@group-BFCF83161046-FollowerState was interrupted: {}
java.lang.InterruptedException: sleep interrupted
	at java.lang.Thread.sleep(Native Method)
	at java.lang.Thread.sleep(Thread.java:340)
	at java.util.concurrent.TimeUnit.sleep(TimeUnit.java:386)
	at org.apache.ratis.util.TimeDuration.sleep(TimeDuration.java:324)
	at org.apache.ratis.util.TimeDuration.sleep(TimeDuration.java:309)
	at org.apache.ratis.server.impl.FollowerState.run(FollowerState.java:118)
2021-05-05 15:14:43,852 [a99b94f7-bcc3-419a-91d6-c5ca6fccf1ee@group-BFCF83161046-StateMachineUpdater] INFO  ratis.ContainerStateMachine (ContainerStateMachine.java:takeSnapshot(292)) - group-BFCF83161046: Taking a snapshot at:(t:4, i:2) file /github/workspace/mnt/ozone/hadoop-ozone/integration-test/target/test-dir/MiniOzoneClusterImpl-c76e6b88-ed31-44d7-ac8c-51a305797015/datanode-1/data/ratis/2dc2dbe7-ca3e-4d45-bdcb-bfcf83161046/sm/snapshot.4_2
2021-05-05 15:14:43,855 [a99b94f7-bcc3-419a-91d6-c5ca6fccf1ee@group-BFCF83161046-StateMachineUpdater] INFO  ratis.ContainerStateMachine (ContainerStateMachine.java:takeSnapshot(303)) - group-BFCF83161046: Finished taking a snapshot at:(t:4, i:2) file:/github/workspace/mnt/ozone/hadoop-ozone/integration-test/target/test-dir/MiniOzoneClusterImpl-c76e6b88-ed31-44d7-ac8c-51a305797015/datanode-1/data/ratis/2dc2dbe7-ca3e-4d45-bdcb-bfcf83161046/sm/snapshot.4_2 took: 3 ms
2021-05-05 15:14:43,855 [a99b94f7-bcc3-419a-91d6-c5ca6fccf1ee@group-BFCF83161046-StateMachineUpdater] INFO  impl.StateMachineUpdater (StateMachineUpdater.java:takeSnapshot(281)) - a99b94f7-bcc3-419a-91d6-c5ca6fccf1ee@group-BFCF83161046-StateMachineUpdater: Took a snapshot at index 2
2021-05-05 15:14:43,855 [a99b94f7-bcc3-419a-91d6-c5ca6fccf1ee@group-BFCF83161046-StateMachineUpdater] INFO  impl.StateMachineUpdater (StateMachineUpdater.java:lambda$new$0(89)) - a99b94f7-bcc3-419a-91d6-c5ca6fccf1ee@group-BFCF83161046-StateMachineUpdater: snapshotIndex: updateIncreasingly -1 -> 2
2021-05-05 15:14:43,855 [a99b94f7-bcc3-419a-91d6-c5ca6fccf1ee@group-BFCF83161046-StateMachineUpdater] INFO  metrics.RatisMetrics (RatisMetrics.java:unregister(43)) - Unregistering Metrics Registry : ratis.state_machine.a99b94f7-bcc3-419a-91d6-c5ca6fccf1ee@group-BFCF83161046
2021-05-05 15:14:43,856 [ForkJoinPool.commonPool-worker-0] INFO  server.RaftServer$Division (ServerState.java:close(405)) - a99b94f7-bcc3-419a-91d6-c5ca6fccf1ee@group-BFCF83161046: closes. applyIndex: 2
2021-05-05 15:14:43,856 [a99b94f7-bcc3-419a-91d6-c5ca6fccf1ee@group-BFCF83161046-SegmentedRaftLogWorker] INFO  segmented.SegmentedRaftLogWorker (SegmentedRaftLogWorker.java:run(327)) - a99b94f7-bcc3-419a-91d6-c5ca6fccf1ee@group-BFCF83161046-SegmentedRaftLogWorker was interrupted, exiting. There are 0 tasks remaining in the queue.
2021-05-05 15:14:43,856 [ForkJoinPool.commonPool-worker-0] INFO  segmented.SegmentedRaftLogWorker (SegmentedRaftLogWorker.java:close(237)) - a99b94f7-bcc3-419a-91d6-c5ca6fccf1ee@group-BFCF83161046-SegmentedRaftLogWorker close()
2021-05-05 15:14:43,856 [ForkJoinPool.commonPool-worker-0] INFO  metrics.RatisMetrics (RatisMetrics.java:unregister(43)) - Unregistering Metrics Registry : ratis.log_worker.a99b94f7-bcc3-419a-91d6-c5ca6fccf1ee@group-BFCF83161046
2021-05-05 15:14:43,856 [ForkJoinPool.commonPool-worker-0] INFO  metrics.RatisMetrics (RatisMetrics.java:unregister(43)) - Unregistering Metrics Registry : ratis.leader_election.a99b94f7-bcc3-419a-91d6-c5ca6fccf1ee@group-BFCF83161046
2021-05-05 15:14:43,856 [ForkJoinPool.commonPool-worker-0] INFO  metrics.RatisMetrics (RatisMetrics.java:unregister(43)) - Unregistering Metrics Registry : ratis.server.a99b94f7-bcc3-419a-91d6-c5ca6fccf1ee@group-BFCF83161046
2021-05-05 15:14:43,856 [ForkJoinPool.commonPool-worker-0] INFO  server.RaftServer$Division (RaftServerImpl.java:lambda$close$4(406)) - a99b94f7-bcc3-419a-91d6-c5ca6fccf1ee@group-312B05C36F4A: shutdown
2021-05-05 15:14:43,856 [ForkJoinPool.commonPool-worker-0] INFO  util.JmxRegister (JmxRegister.java:unregister(73)) - Successfully un-registered JMX Bean with object name Ratis:service=RaftServer,group=group-312B05C36F4A,id=a99b94f7-bcc3-419a-91d6-c5ca6fccf1ee
2021-05-05 15:14:43,857 [ForkJoinPool.commonPool-worker-0] INFO  impl.RoleInfo (RoleInfo.java:shutdownLeaderState(91)) - a99b94f7-bcc3-419a-91d6-c5ca6fccf1ee: shutdown a99b94f7-bcc3-419a-91d6-c5ca6fccf1ee@group-312B05C36F4A-LeaderStateImpl
2021-05-05 15:14:43,857 [ForkJoinPool.commonPool-worker-0] INFO  impl.PendingRequests (PendingRequests.java:sendNotLeaderResponses(249)) - a99b94f7-bcc3-419a-91d6-c5ca6fccf1ee@group-312B05C36F4A-PendingRequests: sendNotLeaderResponses
2021-05-05 15:14:43,857 [ForkJoinPool.commonPool-worker-0] INFO  metrics.RatisMetrics (RatisMetrics.java:unregister(43)) - Unregistering Metrics Registry : ratis.log_appender.a99b94f7-bcc3-419a-91d6-c5ca6fccf1ee@group-312B05C36F4A
2021-05-05 15:14:43,857 [ForkJoinPool.commonPool-worker-0] INFO  metrics.RatisMetrics (RatisMetrics.java:unregister(43)) - Unregistering Metrics Registry : ratis.server.a99b94f7-bcc3-419a-91d6-c5ca6fccf1ee@group-312B05C36F4A
2021-05-05 15:14:43,858 [a99b94f7-bcc3-419a-91d6-c5ca6fccf1ee@group-312B05C36F4A-StateMachineUpdater] INFO  ratis.ContainerStateMachine (ContainerStateMachine.java:takeSnapshot(292)) - group-312B05C36F4A: Taking a snapshot at:(t:1, i:0) file /github/workspace/mnt/ozone/hadoop-ozone/integration-test/target/test-dir/MiniOzoneClusterImpl-c76e6b88-ed31-44d7-ac8c-51a305797015/datanode-1/data/ratis/1d6913de-fc3d-4972-9de6-312b05c36f4a/sm/snapshot.1_0
2021-05-05 15:14:43,859 [ForkJoinPool.commonPool-worker-0] INFO  impl.StateMachineUpdater (StateMachineUpdater.java:stopAndJoin(149)) - a99b94f7-bcc3-419a-91d6-c5ca6fccf1ee@group-312B05C36F4A-StateMachineUpdater: set stopIndex = 0
2021-05-05 15:14:43,859 [a99b94f7-bcc3-419a-91d6-c5ca6fccf1ee@group-312B05C36F4A-StateMachineUpdater] INFO  ratis.ContainerStateMachine (ContainerStateMachine.java:takeSnapshot(303)) - group-312B05C36F4A: Finished taking a snapshot at:(t:1, i:0) file:/github/workspace/mnt/ozone/hadoop-ozone/integration-test/target/test-dir/MiniOzoneClusterImpl-c76e6b88-ed31-44d7-ac8c-51a305797015/datanode-1/data/ratis/1d6913de-fc3d-4972-9de6-312b05c36f4a/sm/snapshot.1_0 took: 1 ms
2021-05-05 15:14:43,860 [a99b94f7-bcc3-419a-91d6-c5ca6fccf1ee@group-312B05C36F4A-StateMachineUpdater] INFO  impl.StateMachineUpdater (StateMachineUpdater.java:takeSnapshot(281)) - a99b94f7-bcc3-419a-91d6-c5ca6fccf1ee@group-312B05C36F4A-StateMachineUpdater: Took a snapshot at index 0
2021-05-05 15:14:43,860 [a99b94f7-bcc3-419a-91d6-c5ca6fccf1ee@group-312B05C36F4A-StateMachineUpdater] INFO  impl.StateMachineUpdater (StateMachineUpdater.java:lambda$new$0(89)) - a99b94f7-bcc3-419a-91d6-c5ca6fccf1ee@group-312B05C36F4A-StateMachineUpdater: snapshotIndex: updateIncreasingly -1 -> 0
2021-05-05 15:14:43,860 [a99b94f7-bcc3-419a-91d6-c5ca6fccf1ee@group-312B05C36F4A-StateMachineUpdater] INFO  metrics.RatisMetrics (RatisMetrics.java:unregister(43)) - Unregistering Metrics Registry : ratis.state_machine.a99b94f7-bcc3-419a-91d6-c5ca6fccf1ee@group-312B05C36F4A
2021-05-05 15:14:43,861 [ForkJoinPool.commonPool-worker-0] INFO  server.RaftServer$Division (ServerState.java:close(405)) - a99b94f7-bcc3-419a-91d6-c5ca6fccf1ee@group-312B05C36F4A: closes. applyIndex: 0
2021-05-05 15:14:43,861 [a99b94f7-bcc3-419a-91d6-c5ca6fccf1ee@group-312B05C36F4A-SegmentedRaftLogWorker] INFO  segmented.SegmentedRaftLogWorker (SegmentedRaftLogWorker.java:run(327)) - a99b94f7-bcc3-419a-91d6-c5ca6fccf1ee@group-312B05C36F4A-SegmentedRaftLogWorker was interrupted, exiting. There are 0 tasks remaining in the queue.
2021-05-05 15:14:43,861 [ForkJoinPool.commonPool-worker-0] INFO  segmented.SegmentedRaftLogWorker (SegmentedRaftLogWorker.java:close(237)) - a99b94f7-bcc3-419a-91d6-c5ca6fccf1ee@group-312B05C36F4A-SegmentedRaftLogWorker close()
2021-05-05 15:14:43,861 [ForkJoinPool.commonPool-worker-0] INFO  metrics.RatisMetrics (RatisMetrics.java:unregister(43)) - Unregistering Metrics Registry : ratis.log_worker.a99b94f7-bcc3-419a-91d6-c5ca6fccf1ee@group-312B05C36F4A
2021-05-05 15:14:43,862 [ForkJoinPool.commonPool-worker-0] INFO  metrics.RatisMetrics (RatisMetrics.java:unregister(43)) - Unregistering Metrics Registry : ratis.leader_election.a99b94f7-bcc3-419a-91d6-c5ca6fccf1ee@group-312B05C36F4A
2021-05-05 15:14:43,862 [ForkJoinPool.commonPool-worker-0] INFO  metrics.RatisMetrics (RatisMetrics.java:unregister(43)) - Unregistering Metrics Registry : ratis.server.a99b94f7-bcc3-419a-91d6-c5ca6fccf1ee@group-312B05C36F4A
2021-05-05 15:14:43,862 [ForkJoinPool.commonPool-worker-0] INFO  server.GrpcService (GrpcService.java:closeImpl(262)) - a99b94f7-bcc3-419a-91d6-c5ca6fccf1ee: shutdown server with port 44371 now
2021-05-05 15:14:43,862 [ForkJoinPool.commonPool-worker-0] INFO  server.GrpcService (GrpcService.java:closeImpl(271)) - a99b94f7-bcc3-419a-91d6-c5ca6fccf1ee: shutdown server with port 44371 successfully
2021-05-05 15:14:43,862 [org.apache.ratis.util.JvmPauseMonitor$$Lambda$504/1672688893@15d981bf] INFO  util.JvmPauseMonitor (JvmPauseMonitor.java:run(109)) - JvmPauseMonitor-a99b94f7-bcc3-419a-91d6-c5ca6fccf1ee: Stopped
2021-05-05 15:14:43,867 [Listener at 127.0.0.1/33403] INFO  ozoneimpl.OzoneContainer (OzoneContainer.java:stop(313)) - Attempting to stop container services.
2021-05-05 15:14:43,872 [Listener at 127.0.0.1/33403] INFO  server.RaftServer (RaftServerProxy.java:lambda$close$6(391)) - 84f014eb-0543-4c23-a581-806bb6567559: close
2021-05-05 15:14:43,873 [Listener at 127.0.0.1/33403] INFO  server.RaftServer$Division (RaftServerImpl.java:lambda$close$4(406)) - 84f014eb-0543-4c23-a581-806bb6567559@group-1BEDC8ED2755: shutdown
2021-05-05 15:14:43,873 [Listener at 127.0.0.1/33403] INFO  util.JmxRegister (JmxRegister.java:unregister(73)) - Successfully un-registered JMX Bean with object name Ratis:service=RaftServer,group=group-1BEDC8ED2755,id=84f014eb-0543-4c23-a581-806bb6567559
2021-05-05 15:14:43,873 [Listener at 127.0.0.1/33403] INFO  impl.RoleInfo (RoleInfo.java:shutdownFollowerState(108)) - 84f014eb-0543-4c23-a581-806bb6567559: shutdown 84f014eb-0543-4c23-a581-806bb6567559@group-1BEDC8ED2755-FollowerState
2021-05-05 15:14:43,873 [Listener at 127.0.0.1/33403] INFO  impl.StateMachineUpdater (StateMachineUpdater.java:stopAndJoin(149)) - 84f014eb-0543-4c23-a581-806bb6567559@group-1BEDC8ED2755-StateMachineUpdater: set stopIndex = 1
2021-05-05 15:14:43,872 [ForkJoinPool.commonPool-worker-0] INFO  utils.BackgroundService (BackgroundService.java:shutdown(132)) - Shutting down service BlockDeletingService
2021-05-05 15:14:43,873 [84f014eb-0543-4c23-a581-806bb6567559@group-1BEDC8ED2755-StateMachineUpdater] INFO  ratis.ContainerStateMachine (ContainerStateMachine.java:takeSnapshot(292)) - group-1BEDC8ED2755: Taking a snapshot at:(t:3, i:1) file /github/workspace/mnt/ozone/hadoop-ozone/integration-test/target/test-dir/MiniOzoneClusterImpl-c76e6b88-ed31-44d7-ac8c-51a305797015/datanode-8/data/ratis/fcc5943e-3b03-440e-9901-1bedc8ed2755/sm/snapshot.3_1
2021-05-05 15:14:43,873 [84f014eb-0543-4c23-a581-806bb6567559@group-1BEDC8ED2755-FollowerState] INFO  impl.FollowerState (FollowerState.java:run(143)) - 84f014eb-0543-4c23-a581-806bb6567559@group-1BEDC8ED2755-FollowerState was interrupted: {}
java.lang.InterruptedException: sleep interrupted
	at java.lang.Thread.sleep(Native Method)
	at java.lang.Thread.sleep(Thread.java:340)
	at java.util.concurrent.TimeUnit.sleep(TimeUnit.java:386)
	at org.apache.ratis.util.TimeDuration.sleep(TimeDuration.java:324)
	at org.apache.ratis.util.TimeDuration.sleep(TimeDuration.java:309)
	at org.apache.ratis.server.impl.FollowerState.run(FollowerState.java:118)
2021-05-05 15:14:43,874 [84f014eb-0543-4c23-a581-806bb6567559@group-1BEDC8ED2755-StateMachineUpdater] INFO  ratis.ContainerStateMachine (ContainerStateMachine.java:takeSnapshot(303)) - group-1BEDC8ED2755: Finished taking a snapshot at:(t:3, i:1) file:/github/workspace/mnt/ozone/hadoop-ozone/integration-test/target/test-dir/MiniOzoneClusterImpl-c76e6b88-ed31-44d7-ac8c-51a305797015/datanode-8/data/ratis/fcc5943e-3b03-440e-9901-1bedc8ed2755/sm/snapshot.3_1 took: 1 ms
2021-05-05 15:14:43,875 [84f014eb-0543-4c23-a581-806bb6567559@group-1BEDC8ED2755-StateMachineUpdater] INFO  impl.StateMachineUpdater (StateMachineUpdater.java:takeSnapshot(281)) - 84f014eb-0543-4c23-a581-806bb6567559@group-1BEDC8ED2755-StateMachineUpdater: Took a snapshot at index 1
2021-05-05 15:14:43,875 [84f014eb-0543-4c23-a581-806bb6567559@group-1BEDC8ED2755-StateMachineUpdater] INFO  impl.StateMachineUpdater (StateMachineUpdater.java:lambda$new$0(89)) - 84f014eb-0543-4c23-a581-806bb6567559@group-1BEDC8ED2755-StateMachineUpdater: snapshotIndex: updateIncreasingly -1 -> 1
2021-05-05 15:14:43,875 [ForkJoinPool.commonPool-worker-0] INFO  statemachine.DatanodeStateMachine (DatanodeStateMachine.java:stopDaemon(469)) - Ozone container server stopped.
2021-05-05 15:14:43,875 [84f014eb-0543-4c23-a581-806bb6567559@group-1BEDC8ED2755-StateMachineUpdater] INFO  metrics.RatisMetrics (RatisMetrics.java:unregister(43)) - Unregistering Metrics Registry : ratis.state_machine.84f014eb-0543-4c23-a581-806bb6567559@group-1BEDC8ED2755
2021-05-05 15:14:43,875 [Listener at 127.0.0.1/33403] INFO  server.RaftServer$Division (ServerState.java:close(405)) - 84f014eb-0543-4c23-a581-806bb6567559@group-1BEDC8ED2755: closes. applyIndex: 1
2021-05-05 15:14:43,876 [84f014eb-0543-4c23-a581-806bb6567559@group-1BEDC8ED2755-SegmentedRaftLogWorker] INFO  segmented.SegmentedRaftLogWorker (SegmentedRaftLogWorker.java:run(327)) - 84f014eb-0543-4c23-a581-806bb6567559@group-1BEDC8ED2755-SegmentedRaftLogWorker was interrupted, exiting. There are 0 tasks remaining in the queue.
2021-05-05 15:14:43,877 [Listener at 127.0.0.1/33403] INFO  segmented.SegmentedRaftLogWorker (SegmentedRaftLogWorker.java:close(237)) - 84f014eb-0543-4c23-a581-806bb6567559@group-1BEDC8ED2755-SegmentedRaftLogWorker close()
2021-05-05 15:14:43,877 [Listener at 127.0.0.1/33403] INFO  metrics.RatisMetrics (RatisMetrics.java:unregister(43)) - Unregistering Metrics Registry : ratis.log_worker.84f014eb-0543-4c23-a581-806bb6567559@group-1BEDC8ED2755
2021-05-05 15:14:43,877 [Listener at 127.0.0.1/33403] INFO  metrics.RatisMetrics (RatisMetrics.java:unregister(43)) - Unregistering Metrics Registry : ratis.leader_election.84f014eb-0543-4c23-a581-806bb6567559@group-1BEDC8ED2755
2021-05-05 15:14:43,877 [Listener at 127.0.0.1/33403] INFO  metrics.RatisMetrics (RatisMetrics.java:unregister(43)) - Unregistering Metrics Registry : ratis.server.84f014eb-0543-4c23-a581-806bb6567559@group-1BEDC8ED2755
2021-05-05 15:14:43,878 [Listener at 127.0.0.1/33403] INFO  server.RaftServer$Division (RaftServerImpl.java:lambda$close$4(406)) - 84f014eb-0543-4c23-a581-806bb6567559@group-C2DE9598CDD8: shutdown
2021-05-05 15:14:43,878 [Listener at 127.0.0.1/33403] INFO  util.JmxRegister (JmxRegister.java:unregister(73)) - Successfully un-registered JMX Bean with object name Ratis:service=RaftServer,group=group-C2DE9598CDD8,id=84f014eb-0543-4c23-a581-806bb6567559
2021-05-05 15:14:43,878 [Listener at 127.0.0.1/33403] INFO  impl.RoleInfo (RoleInfo.java:shutdownLeaderState(91)) - 84f014eb-0543-4c23-a581-806bb6567559: shutdown 84f014eb-0543-4c23-a581-806bb6567559@group-C2DE9598CDD8-LeaderStateImpl
2021-05-05 15:14:43,878 [Listener at 127.0.0.1/33403] INFO  impl.PendingRequests (PendingRequests.java:sendNotLeaderResponses(249)) - 84f014eb-0543-4c23-a581-806bb6567559@group-C2DE9598CDD8-PendingRequests: sendNotLeaderResponses
2021-05-05 15:14:43,878 [Listener at 127.0.0.1/33403] INFO  metrics.RatisMetrics (RatisMetrics.java:unregister(43)) - Unregistering Metrics Registry : ratis.log_appender.84f014eb-0543-4c23-a581-806bb6567559@group-C2DE9598CDD8
2021-05-05 15:14:43,879 [Listener at 127.0.0.1/33403] INFO  metrics.RatisMetrics (RatisMetrics.java:unregister(43)) - Unregistering Metrics Registry : ratis.server.84f014eb-0543-4c23-a581-806bb6567559@group-C2DE9598CDD8
2021-05-05 15:14:43,880 [Listener at 127.0.0.1/33403] INFO  impl.StateMachineUpdater (StateMachineUpdater.java:stopAndJoin(149)) - 84f014eb-0543-4c23-a581-806bb6567559@group-C2DE9598CDD8-StateMachineUpdater: set stopIndex = 0
2021-05-05 15:14:43,881 [84f014eb-0543-4c23-a581-806bb6567559@group-C2DE9598CDD8-StateMachineUpdater] INFO  ratis.ContainerStateMachine (ContainerStateMachine.java:takeSnapshot(292)) - group-C2DE9598CDD8: Taking a snapshot at:(t:1, i:0) file /github/workspace/mnt/ozone/hadoop-ozone/integration-test/target/test-dir/MiniOzoneClusterImpl-c76e6b88-ed31-44d7-ac8c-51a305797015/datanode-8/data/ratis/ded032a8-b89c-46d0-91c7-c2de9598cdd8/sm/snapshot.1_0
2021-05-05 15:14:43,888 [84f014eb-0543-4c23-a581-806bb6567559@group-C2DE9598CDD8-StateMachineUpdater] INFO  ratis.ContainerStateMachine (ContainerStateMachine.java:takeSnapshot(303)) - group-C2DE9598CDD8: Finished taking a snapshot at:(t:1, i:0) file:/github/workspace/mnt/ozone/hadoop-ozone/integration-test/target/test-dir/MiniOzoneClusterImpl-c76e6b88-ed31-44d7-ac8c-51a305797015/datanode-8/data/ratis/ded032a8-b89c-46d0-91c7-c2de9598cdd8/sm/snapshot.1_0 took: 7 ms
2021-05-05 15:14:43,888 [84f014eb-0543-4c23-a581-806bb6567559@group-C2DE9598CDD8-StateMachineUpdater] INFO  impl.StateMachineUpdater (StateMachineUpdater.java:takeSnapshot(281)) - 84f014eb-0543-4c23-a581-806bb6567559@group-C2DE9598CDD8-StateMachineUpdater: Took a snapshot at index 0
2021-05-05 15:14:43,888 [84f014eb-0543-4c23-a581-806bb6567559@group-C2DE9598CDD8-StateMachineUpdater] INFO  impl.StateMachineUpdater (StateMachineUpdater.java:lambda$new$0(89)) - 84f014eb-0543-4c23-a581-806bb6567559@group-C2DE9598CDD8-StateMachineUpdater: snapshotIndex: updateIncreasingly -1 -> 0
2021-05-05 15:14:43,888 [84f014eb-0543-4c23-a581-806bb6567559@group-C2DE9598CDD8-StateMachineUpdater] INFO  metrics.RatisMetrics (RatisMetrics.java:unregister(43)) - Unregistering Metrics Registry : ratis.state_machine.84f014eb-0543-4c23-a581-806bb6567559@group-C2DE9598CDD8
2021-05-05 15:14:43,888 [Listener at 127.0.0.1/33403] INFO  server.RaftServer$Division (ServerState.java:close(405)) - 84f014eb-0543-4c23-a581-806bb6567559@group-C2DE9598CDD8: closes. applyIndex: 0
2021-05-05 15:14:43,888 [84f014eb-0543-4c23-a581-806bb6567559@group-C2DE9598CDD8-SegmentedRaftLogWorker] INFO  segmented.SegmentedRaftLogWorker (SegmentedRaftLogWorker.java:run(327)) - 84f014eb-0543-4c23-a581-806bb6567559@group-C2DE9598CDD8-SegmentedRaftLogWorker was interrupted, exiting. There are 0 tasks remaining in the queue.
2021-05-05 15:14:43,889 [Listener at 127.0.0.1/33403] INFO  segmented.SegmentedRaftLogWorker (SegmentedRaftLogWorker.java:close(237)) - 84f014eb-0543-4c23-a581-806bb6567559@group-C2DE9598CDD8-SegmentedRaftLogWorker close()
2021-05-05 15:14:43,889 [Listener at 127.0.0.1/33403] INFO  metrics.RatisMetrics (RatisMetrics.java:unregister(43)) - Unregistering Metrics Registry : ratis.log_worker.84f014eb-0543-4c23-a581-806bb6567559@group-C2DE9598CDD8
2021-05-05 15:14:43,889 [Listener at 127.0.0.1/33403] INFO  metrics.RatisMetrics (RatisMetrics.java:unregister(43)) - Unregistering Metrics Registry : ratis.leader_election.84f014eb-0543-4c23-a581-806bb6567559@group-C2DE9598CDD8
2021-05-05 15:14:43,889 [Listener at 127.0.0.1/33403] INFO  metrics.RatisMetrics (RatisMetrics.java:unregister(43)) - Unregistering Metrics Registry : ratis.server.84f014eb-0543-4c23-a581-806bb6567559@group-C2DE9598CDD8
2021-05-05 15:14:43,889 [Listener at 127.0.0.1/33403] INFO  server.GrpcService (GrpcService.java:closeImpl(262)) - 84f014eb-0543-4c23-a581-806bb6567559: shutdown server with port 43113 now
2021-05-05 15:14:43,891 [grpc-default-executor-2] WARN  server.GrpcServerProtocolService (LogUtils.java:warn(122)) - 84f014eb-0543-4c23-a581-806bb6567559: installSnapshot onError, lastRequest: 3aae9554-9ce2-4940-80df-bab76ceffe99->84f014eb-0543-4c23-a581-806bb6567559#2-t3,previous=(t:3, i:1),leaderCommit=1,initializing? true,entries: size=1, first=(t:3, i:2), METADATAENTRY(c:1): org.apache.ratis.thirdparty.io.grpc.StatusRuntimeException: CANCELLED: client cancelled
2021-05-05 15:14:43,891 [grpc-default-executor-1] WARN  server.GrpcLogAppender (LogUtils.java:warn(122)) - 3aae9554-9ce2-4940-80df-bab76ceffe99@group-1BEDC8ED2755->84f014eb-0543-4c23-a581-806bb6567559-AppendLogResponseHandler: Failed appendEntries: org.apache.ratis.thirdparty.io.grpc.StatusRuntimeException: CANCELLED: HTTP/2 error code: CANCEL
Received Rst Stream
2021-05-05 15:14:43,891 [grpc-default-executor-1] INFO  leader.FollowerInfo (FollowerInfoImpl.java:lambda$new$0(46)) - 3aae9554-9ce2-4940-80df-bab76ceffe99@group-1BEDC8ED2755->84f014eb-0543-4c23-a581-806bb6567559: nextIndex: updateUnconditionally 3 -> 2
2021-05-05 15:14:43,892 [Listener at 127.0.0.1/33403] INFO  server.GrpcService (GrpcService.java:closeImpl(271)) - 84f014eb-0543-4c23-a581-806bb6567559: shutdown server with port 43113 successfully
2021-05-05 15:14:43,892 [org.apache.ratis.util.JvmPauseMonitor$$Lambda$504/1672688893@4a060f36] INFO  util.JvmPauseMonitor (JvmPauseMonitor.java:run(109)) - JvmPauseMonitor-84f014eb-0543-4c23-a581-806bb6567559: Stopped
2021-05-05 15:14:43,895 [grpc-default-executor-2] WARN  server.GrpcLogAppender (LogUtils.java:warn(122)) - 3aae9554-9ce2-4940-80df-bab76ceffe99@group-1BEDC8ED2755->84f014eb-0543-4c23-a581-806bb6567559-AppendLogResponseHandler: Failed appendEntries: org.apache.ratis.thirdparty.io.grpc.StatusRuntimeException: UNAVAILABLE: io exception
2021-05-05 15:14:43,896 [grpc-default-executor-2] INFO  leader.FollowerInfo (FollowerInfoImpl.java:lambda$new$0(46)) - 3aae9554-9ce2-4940-80df-bab76ceffe99@group-1BEDC8ED2755->84f014eb-0543-4c23-a581-806bb6567559: nextIndex: updateUnconditionally 3 -> 2
2021-05-05 15:14:43,896 [Listener at 127.0.0.1/33403] INFO  utils.BackgroundService (BackgroundService.java:shutdown(132)) - Shutting down service BlockDeletingService
2021-05-05 15:14:43,904 [Listener at 127.0.0.1/33403] INFO  statemachine.DatanodeStateMachine (DatanodeStateMachine.java:stopDaemon(469)) - Ozone container server stopped.
2021-05-05 15:14:43,910 [ForkJoinPool.commonPool-worker-0] INFO  handler.ContextHandler (ContextHandler.java:doStop(1154)) - Stopped o.e.j.w.WebAppContext@35219634{hddsDatanode,/,null,STOPPED}{jar:file:/home/user/.m2/repository/org/apache/hadoop/hadoop-hdds-container-service/1.2.0-SNAPSHOT/hadoop-hdds-container-service-1.2.0-SNAPSHOT.jar!/webapps/hddsDatanode}
2021-05-05 15:14:43,912 [ForkJoinPool.commonPool-worker-0] INFO  server.AbstractConnector (AbstractConnector.java:doStop(381)) - Stopped ServerConnector@57598df7{HTTP/1.1, (http/1.1)}{0.0.0.0:0}
2021-05-05 15:14:43,912 [ForkJoinPool.commonPool-worker-0] INFO  server.session (HouseKeeper.java:stopScavenging(149)) - node0 Stopped scavenging
2021-05-05 15:14:43,912 [ForkJoinPool.commonPool-worker-0] INFO  handler.ContextHandler (ContextHandler.java:doStop(1154)) - Stopped o.e.j.s.ServletContextHandler@3122e792{static,/static,jar:file:/home/user/.m2/repository/org/apache/hadoop/hadoop-hdds-container-service/1.2.0-SNAPSHOT/hadoop-hdds-container-service-1.2.0-SNAPSHOT.jar!/webapps/static,STOPPED}
2021-05-05 15:14:43,912 [ForkJoinPool.commonPool-worker-0] INFO  handler.ContextHandler (ContextHandler.java:doStop(1154)) - Stopped o.e.j.s.ServletContextHandler@19b3cf8e{logs,/logs,file:///github/workspace/mnt/ozone/hadoop-ozone/integration-test/target/log,STOPPED}
2021-05-05 15:14:43,916 [Listener at 127.0.0.1/33403] INFO  handler.ContextHandler (ContextHandler.java:doStop(1154)) - Stopped o.e.j.w.WebAppContext@2e7b57b3{hddsDatanode,/,null,STOPPED}{jar:file:/home/user/.m2/repository/org/apache/hadoop/hadoop-hdds-container-service/1.2.0-SNAPSHOT/hadoop-hdds-container-service-1.2.0-SNAPSHOT.jar!/webapps/hddsDatanode}
2021-05-05 15:14:43,917 [Listener at 127.0.0.1/33403] INFO  server.AbstractConnector (AbstractConnector.java:doStop(381)) - Stopped ServerConnector@5b5954bd{HTTP/1.1, (http/1.1)}{0.0.0.0:0}
2021-05-05 15:14:43,917 [Listener at 127.0.0.1/33403] INFO  server.session (HouseKeeper.java:stopScavenging(149)) - node0 Stopped scavenging
2021-05-05 15:14:43,917 [Listener at 127.0.0.1/33403] INFO  handler.ContextHandler (ContextHandler.java:doStop(1154)) - Stopped o.e.j.s.ServletContextHandler@68852b5{static,/static,jar:file:/home/user/.m2/repository/org/apache/hadoop/hadoop-hdds-container-service/1.2.0-SNAPSHOT/hadoop-hdds-container-service-1.2.0-SNAPSHOT.jar!/webapps/static,STOPPED}
2021-05-05 15:14:43,917 [Listener at 127.0.0.1/33403] INFO  handler.ContextHandler (ContextHandler.java:doStop(1154)) - Stopped o.e.j.s.ServletContextHandler@8e41d4c{logs,/logs,file:///github/workspace/mnt/ozone/hadoop-ozone/integration-test/target/log,STOPPED}
2021-05-05 15:14:43,993 [Datanode State Machine Thread - 0] INFO  statemachine.DatanodeStateMachine (DatanodeStateMachine.java:lambda$startDaemon$0(411)) - Ozone container server started.
2021-05-05 15:14:45,522 [grpc-default-executor-2] WARN  server.GrpcLogAppender (LogUtils.java:warn(122)) - 3aae9554-9ce2-4940-80df-bab76ceffe99@group-1BEDC8ED2755->ba91ce60-c1e0-470b-8f12-0816737cfb30-AppendLogResponseHandler: Failed appendEntries: org.apache.ratis.thirdparty.io.grpc.StatusRuntimeException: UNAVAILABLE: io exception
2021-05-05 15:14:45,523 [grpc-default-executor-2] WARN  server.GrpcLogAppender (GrpcLogAppender.java:resetClient(111)) - 3aae9554-9ce2-4940-80df-bab76ceffe99@group-1BEDC8ED2755->ba91ce60-c1e0-470b-8f12-0816737cfb30-GrpcLogAppender: Leader has not got in touch with Follower 3aae9554-9ce2-4940-80df-bab76ceffe99@group-1BEDC8ED2755->ba91ce60-c1e0-470b-8f12-0816737cfb30(c-1,m0,n3, attendVote=true, lastRpcSendTime=0, lastRpcResponseTime=7727) yet, just keep nextIndex unchanged and retry.
2021-05-05 15:14:46,394 [grpc-default-executor-2] WARN  server.GrpcLogAppender (LogUtils.java:warn(122)) - 3aae9554-9ce2-4940-80df-bab76ceffe99@group-1BEDC8ED2755->84f014eb-0543-4c23-a581-806bb6567559-AppendLogResponseHandler: Failed appendEntries: org.apache.ratis.thirdparty.io.grpc.StatusRuntimeException: UNAVAILABLE: io exception
2021-05-05 15:14:46,395 [grpc-default-executor-2] INFO  leader.FollowerInfo (FollowerInfoImpl.java:lambda$new$0(46)) - 3aae9554-9ce2-4940-80df-bab76ceffe99@group-1BEDC8ED2755->84f014eb-0543-4c23-a581-806bb6567559: nextIndex: updateUnconditionally 3 -> 2
2021-05-05 15:14:48,022 [grpc-default-executor-2] WARN  server.GrpcLogAppender (LogUtils.java:warn(122)) - 3aae9554-9ce2-4940-80df-bab76ceffe99@group-1BEDC8ED2755->ba91ce60-c1e0-470b-8f12-0816737cfb30-AppendLogResponseHandler: Failed appendEntries: org.apache.ratis.thirdparty.io.grpc.StatusRuntimeException: UNAVAILABLE: io exception
2021-05-05 15:14:48,023 [grpc-default-executor-2] WARN  server.GrpcLogAppender (GrpcLogAppender.java:resetClient(111)) - 3aae9554-9ce2-4940-80df-bab76ceffe99@group-1BEDC8ED2755->ba91ce60-c1e0-470b-8f12-0816737cfb30-GrpcLogAppender: Leader has not got in touch with Follower 3aae9554-9ce2-4940-80df-bab76ceffe99@group-1BEDC8ED2755->ba91ce60-c1e0-470b-8f12-0816737cfb30(c-1,m0,n3, attendVote=true, lastRpcSendTime=0, lastRpcResponseTime=10228) yet, just keep nextIndex unchanged and retry.
2021-05-05 15:14:48,895 [grpc-default-executor-2] WARN  server.GrpcLogAppender (LogUtils.java:warn(122)) - 3aae9554-9ce2-4940-80df-bab76ceffe99@group-1BEDC8ED2755->84f014eb-0543-4c23-a581-806bb6567559-AppendLogResponseHandler: Failed appendEntries: org.apache.ratis.thirdparty.io.grpc.StatusRuntimeException: UNAVAILABLE: io exception
2021-05-05 15:14:48,895 [grpc-default-executor-2] INFO  leader.FollowerInfo (FollowerInfoImpl.java:lambda$new$0(46)) - 3aae9554-9ce2-4940-80df-bab76ceffe99@group-1BEDC8ED2755->84f014eb-0543-4c23-a581-806bb6567559: nextIndex: updateUnconditionally 3 -> 2
2021-05-05 15:14:48,915 [ForkJoinPool.commonPool-worker-0] INFO  ozoneimpl.OzoneContainer (OzoneContainer.java:stop(313)) - Attempting to stop container services.
2021-05-05 15:14:48,921 [ForkJoinPool.commonPool-worker-0] INFO  server.RaftServer (RaftServerProxy.java:lambda$close$6(391)) - 3aae9554-9ce2-4940-80df-bab76ceffe99: close
2021-05-05 15:14:48,921 [ForkJoinPool.commonPool-worker-0] INFO  server.RaftServer$Division (RaftServerImpl.java:lambda$close$4(406)) - 3aae9554-9ce2-4940-80df-bab76ceffe99@group-1BEDC8ED2755: shutdown
2021-05-05 15:14:48,921 [ForkJoinPool.commonPool-worker-0] INFO  util.JmxRegister (JmxRegister.java:unregister(73)) - Successfully un-registered JMX Bean with object name Ratis:service=RaftServer,group=group-1BEDC8ED2755,id=3aae9554-9ce2-4940-80df-bab76ceffe99
2021-05-05 15:14:48,921 [ForkJoinPool.commonPool-worker-0] INFO  impl.RoleInfo (RoleInfo.java:shutdownLeaderState(91)) - 3aae9554-9ce2-4940-80df-bab76ceffe99: shutdown 3aae9554-9ce2-4940-80df-bab76ceffe99@group-1BEDC8ED2755-LeaderStateImpl
2021-05-05 15:14:48,921 [ForkJoinPool.commonPool-worker-0] INFO  metrics.RatisMetrics (RatisMetrics.java:unregister(43)) - Unregistering Metrics Registry : ratis_grpc.log_appender.3aae9554-9ce2-4940-80df-bab76ceffe99@group-1BEDC8ED2755
2021-05-05 15:14:48,921 [ForkJoinPool.commonPool-worker-0] INFO  metrics.RatisMetrics (RatisMetrics.java:unregister(43)) - Unregistering Metrics Registry : ratis_grpc.log_appender.3aae9554-9ce2-4940-80df-bab76ceffe99@group-1BEDC8ED2755
2021-05-05 15:14:48,921 [ForkJoinPool.commonPool-worker-0] INFO  impl.PendingRequests (PendingRequests.java:sendNotLeaderResponses(249)) - 3aae9554-9ce2-4940-80df-bab76ceffe99@group-1BEDC8ED2755-PendingRequests: sendNotLeaderResponses
2021-05-05 15:14:48,922 [3aae9554-9ce2-4940-80df-bab76ceffe99@group-1BEDC8ED2755->84f014eb-0543-4c23-a581-806bb6567559-GrpcLogAppender-LogAppenderDaemon] WARN  server.GrpcLogAppender (GrpcLogAppender.java:mayWait(175)) - 3aae9554-9ce2-4940-80df-bab76ceffe99@group-1BEDC8ED2755->84f014eb-0543-4c23-a581-806bb6567559-GrpcLogAppender: Wait interrupted by java.lang.InterruptedException
2021-05-05 15:14:48,922 [ForkJoinPool.commonPool-worker-0] INFO  metrics.RatisMetrics (RatisMetrics.java:unregister(43)) - Unregistering Metrics Registry : ratis.log_appender.3aae9554-9ce2-4940-80df-bab76ceffe99@group-1BEDC8ED2755
2021-05-05 15:14:48,923 [ForkJoinPool.commonPool-worker-0] INFO  metrics.RatisMetrics (RatisMetrics.java:unregister(43)) - Unregistering Metrics Registry : ratis.server.3aae9554-9ce2-4940-80df-bab76ceffe99@group-1BEDC8ED2755
2021-05-05 15:14:48,924 [ForkJoinPool.commonPool-worker-0] INFO  impl.StateMachineUpdater (StateMachineUpdater.java:stopAndJoin(149)) - 3aae9554-9ce2-4940-80df-bab76ceffe99@group-1BEDC8ED2755-StateMachineUpdater: set stopIndex = 2
2021-05-05 15:14:48,924 [3aae9554-9ce2-4940-80df-bab76ceffe99@group-1BEDC8ED2755-StateMachineUpdater] INFO  ratis.ContainerStateMachine (ContainerStateMachine.java:takeSnapshot(292)) - group-1BEDC8ED2755: Taking a snapshot at:(t:3, i:2) file /github/workspace/mnt/ozone/hadoop-ozone/integration-test/target/test-dir/MiniOzoneClusterImpl-c76e6b88-ed31-44d7-ac8c-51a305797015/datanode-6/data/ratis/fcc5943e-3b03-440e-9901-1bedc8ed2755/sm/snapshot.3_2
2021-05-05 15:14:48,925 [3aae9554-9ce2-4940-80df-bab76ceffe99@group-1BEDC8ED2755-StateMachineUpdater] INFO  ratis.ContainerStateMachine (ContainerStateMachine.java:takeSnapshot(303)) - group-1BEDC8ED2755: Finished taking a snapshot at:(t:3, i:2) file:/github/workspace/mnt/ozone/hadoop-ozone/integration-test/target/test-dir/MiniOzoneClusterImpl-c76e6b88-ed31-44d7-ac8c-51a305797015/datanode-6/data/ratis/fcc5943e-3b03-440e-9901-1bedc8ed2755/sm/snapshot.3_2 took: 1 ms
2021-05-05 15:14:48,925 [3aae9554-9ce2-4940-80df-bab76ceffe99@group-1BEDC8ED2755-StateMachineUpdater] INFO  impl.StateMachineUpdater (StateMachineUpdater.java:takeSnapshot(281)) - 3aae9554-9ce2-4940-80df-bab76ceffe99@group-1BEDC8ED2755-StateMachineUpdater: Took a snapshot at index 2
2021-05-05 15:14:48,925 [3aae9554-9ce2-4940-80df-bab76ceffe99@group-1BEDC8ED2755-StateMachineUpdater] INFO  impl.StateMachineUpdater (StateMachineUpdater.java:lambda$new$0(89)) - 3aae9554-9ce2-4940-80df-bab76ceffe99@group-1BEDC8ED2755-StateMachineUpdater: snapshotIndex: updateIncreasingly -1 -> 2
2021-05-05 15:14:48,925 [3aae9554-9ce2-4940-80df-bab76ceffe99@group-1BEDC8ED2755-StateMachineUpdater] INFO  metrics.RatisMetrics (RatisMetrics.java:unregister(43)) - Unregistering Metrics Registry : ratis.state_machine.3aae9554-9ce2-4940-80df-bab76ceffe99@group-1BEDC8ED2755
2021-05-05 15:14:48,925 [ForkJoinPool.commonPool-worker-0] INFO  server.RaftServer$Division (ServerState.java:close(405)) - 3aae9554-9ce2-4940-80df-bab76ceffe99@group-1BEDC8ED2755: closes. applyIndex: 2
2021-05-05 15:14:48,926 [3aae9554-9ce2-4940-80df-bab76ceffe99@group-1BEDC8ED2755-SegmentedRaftLogWorker] INFO  segmented.SegmentedRaftLogWorker (SegmentedRaftLogWorker.java:run(327)) - 3aae9554-9ce2-4940-80df-bab76ceffe99@group-1BEDC8ED2755-SegmentedRaftLogWorker was interrupted, exiting. There are 0 tasks remaining in the queue.
2021-05-05 15:14:48,926 [ForkJoinPool.commonPool-worker-0] INFO  segmented.SegmentedRaftLogWorker (SegmentedRaftLogWorker.java:close(237)) - 3aae9554-9ce2-4940-80df-bab76ceffe99@group-1BEDC8ED2755-SegmentedRaftLogWorker close()
2021-05-05 15:14:48,926 [ForkJoinPool.commonPool-worker-0] INFO  metrics.RatisMetrics (RatisMetrics.java:unregister(43)) - Unregistering Metrics Registry : ratis.log_worker.3aae9554-9ce2-4940-80df-bab76ceffe99@group-1BEDC8ED2755
2021-05-05 15:14:48,926 [ForkJoinPool.commonPool-worker-0] INFO  metrics.RatisMetrics (RatisMetrics.java:unregister(43)) - Unregistering Metrics Registry : ratis.leader_election.3aae9554-9ce2-4940-80df-bab76ceffe99@group-1BEDC8ED2755
2021-05-05 15:14:48,926 [ForkJoinPool.commonPool-worker-0] INFO  metrics.RatisMetrics (RatisMetrics.java:unregister(43)) - Unregistering Metrics Registry : ratis.server.3aae9554-9ce2-4940-80df-bab76ceffe99@group-1BEDC8ED2755
2021-05-05 15:14:48,927 [ForkJoinPool.commonPool-worker-0] INFO  server.RaftServer$Division (RaftServerImpl.java:lambda$close$4(406)) - 3aae9554-9ce2-4940-80df-bab76ceffe99@group-1C435D73CD00: shutdown
2021-05-05 15:14:48,927 [ForkJoinPool.commonPool-worker-0] INFO  util.JmxRegister (JmxRegister.java:unregister(73)) - Successfully un-registered JMX Bean with object name Ratis:service=RaftServer,group=group-1C435D73CD00,id=3aae9554-9ce2-4940-80df-bab76ceffe99
2021-05-05 15:14:48,927 [ForkJoinPool.commonPool-worker-0] INFO  impl.RoleInfo (RoleInfo.java:shutdownLeaderState(91)) - 3aae9554-9ce2-4940-80df-bab76ceffe99: shutdown 3aae9554-9ce2-4940-80df-bab76ceffe99@group-1C435D73CD00-LeaderStateImpl
2021-05-05 15:14:48,927 [ForkJoinPool.commonPool-worker-0] INFO  impl.PendingRequests (PendingRequests.java:sendNotLeaderResponses(249)) - 3aae9554-9ce2-4940-80df-bab76ceffe99@group-1C435D73CD00-PendingRequests: sendNotLeaderResponses
2021-05-05 15:14:48,927 [ForkJoinPool.commonPool-worker-0] INFO  metrics.RatisMetrics (RatisMetrics.java:unregister(43)) - Unregistering Metrics Registry : ratis.log_appender.3aae9554-9ce2-4940-80df-bab76ceffe99@group-1C435D73CD00
2021-05-05 15:14:48,927 [ForkJoinPool.commonPool-worker-0] INFO  metrics.RatisMetrics (RatisMetrics.java:unregister(43)) - Unregistering Metrics Registry : ratis.server.3aae9554-9ce2-4940-80df-bab76ceffe99@group-1C435D73CD00
2021-05-05 15:14:48,928 [ForkJoinPool.commonPool-worker-0] INFO  impl.StateMachineUpdater (StateMachineUpdater.java:stopAndJoin(149)) - 3aae9554-9ce2-4940-80df-bab76ceffe99@group-1C435D73CD00-StateMachineUpdater: set stopIndex = 0
2021-05-05 15:14:48,928 [3aae9554-9ce2-4940-80df-bab76ceffe99@group-1C435D73CD00-StateMachineUpdater] INFO  ratis.ContainerStateMachine (ContainerStateMachine.java:takeSnapshot(292)) - group-1C435D73CD00: Taking a snapshot at:(t:1, i:0) file /github/workspace/mnt/ozone/hadoop-ozone/integration-test/target/test-dir/MiniOzoneClusterImpl-c76e6b88-ed31-44d7-ac8c-51a305797015/datanode-6/data/ratis/330bab0d-bc3e-47dd-bc50-1c435d73cd00/sm/snapshot.1_0
2021-05-05 15:14:48,929 [3aae9554-9ce2-4940-80df-bab76ceffe99@group-1C435D73CD00-StateMachineUpdater] INFO  ratis.ContainerStateMachine (ContainerStateMachine.java:takeSnapshot(303)) - group-1C435D73CD00: Finished taking a snapshot at:(t:1, i:0) file:/github/workspace/mnt/ozone/hadoop-ozone/integration-test/target/test-dir/MiniOzoneClusterImpl-c76e6b88-ed31-44d7-ac8c-51a305797015/datanode-6/data/ratis/330bab0d-bc3e-47dd-bc50-1c435d73cd00/sm/snapshot.1_0 took: 1 ms
2021-05-05 15:14:48,929 [3aae9554-9ce2-4940-80df-bab76ceffe99@group-1C435D73CD00-StateMachineUpdater] INFO  impl.StateMachineUpdater (StateMachineUpdater.java:takeSnapshot(281)) - 3aae9554-9ce2-4940-80df-bab76ceffe99@group-1C435D73CD00-StateMachineUpdater: Took a snapshot at index 0
2021-05-05 15:14:48,929 [3aae9554-9ce2-4940-80df-bab76ceffe99@group-1C435D73CD00-StateMachineUpdater] INFO  impl.StateMachineUpdater (StateMachineUpdater.java:lambda$new$0(89)) - 3aae9554-9ce2-4940-80df-bab76ceffe99@group-1C435D73CD00-StateMachineUpdater: snapshotIndex: updateIncreasingly -1 -> 0
2021-05-05 15:14:48,929 [3aae9554-9ce2-4940-80df-bab76ceffe99@group-1C435D73CD00-StateMachineUpdater] INFO  metrics.RatisMetrics (RatisMetrics.java:unregister(43)) - Unregistering Metrics Registry : ratis.state_machine.3aae9554-9ce2-4940-80df-bab76ceffe99@group-1C435D73CD00
2021-05-05 15:14:48,930 [ForkJoinPool.commonPool-worker-0] INFO  server.RaftServer$Division (ServerState.java:close(405)) - 3aae9554-9ce2-4940-80df-bab76ceffe99@group-1C435D73CD00: closes. applyIndex: 0
2021-05-05 15:14:48,930 [3aae9554-9ce2-4940-80df-bab76ceffe99@group-1C435D73CD00-SegmentedRaftLogWorker] INFO  segmented.SegmentedRaftLogWorker (SegmentedRaftLogWorker.java:run(327)) - 3aae9554-9ce2-4940-80df-bab76ceffe99@group-1C435D73CD00-SegmentedRaftLogWorker was interrupted, exiting. There are 0 tasks remaining in the queue.
2021-05-05 15:14:48,930 [ForkJoinPool.commonPool-worker-0] INFO  segmented.SegmentedRaftLogWorker (SegmentedRaftLogWorker.java:close(237)) - 3aae9554-9ce2-4940-80df-bab76ceffe99@group-1C435D73CD00-SegmentedRaftLogWorker close()
2021-05-05 15:14:48,930 [ForkJoinPool.commonPool-worker-0] INFO  metrics.RatisMetrics (RatisMetrics.java:unregister(43)) - Unregistering Metrics Registry : ratis.log_worker.3aae9554-9ce2-4940-80df-bab76ceffe99@group-1C435D73CD00
2021-05-05 15:14:48,930 [ForkJoinPool.commonPool-worker-0] INFO  metrics.RatisMetrics (RatisMetrics.java:unregister(43)) - Unregistering Metrics Registry : ratis.leader_election.3aae9554-9ce2-4940-80df-bab76ceffe99@group-1C435D73CD00
2021-05-05 15:14:48,930 [ForkJoinPool.commonPool-worker-0] INFO  metrics.RatisMetrics (RatisMetrics.java:unregister(43)) - Unregistering Metrics Registry : ratis.server.3aae9554-9ce2-4940-80df-bab76ceffe99@group-1C435D73CD00
2021-05-05 15:14:48,930 [ForkJoinPool.commonPool-worker-0] INFO  server.GrpcService (GrpcService.java:closeImpl(262)) - 3aae9554-9ce2-4940-80df-bab76ceffe99: shutdown server with port 40809 now
2021-05-05 15:14:48,932 [ForkJoinPool.commonPool-worker-0] INFO  server.GrpcService (GrpcService.java:closeImpl(271)) - 3aae9554-9ce2-4940-80df-bab76ceffe99: shutdown server with port 40809 successfully
2021-05-05 15:14:48,932 [org.apache.ratis.util.JvmPauseMonitor$$Lambda$504/1672688893@4a9e4f00] INFO  util.JvmPauseMonitor (JvmPauseMonitor.java:run(109)) - JvmPauseMonitor-3aae9554-9ce2-4940-80df-bab76ceffe99: Stopped
2021-05-05 15:14:48,934 [ForkJoinPool.commonPool-worker-0] INFO  utils.BackgroundService (BackgroundService.java:shutdown(132)) - Shutting down service BlockDeletingService
2021-05-05 15:14:48,936 [ForkJoinPool.commonPool-worker-0] INFO  statemachine.DatanodeStateMachine (DatanodeStateMachine.java:stopDaemon(469)) - Ozone container server stopped.
2021-05-05 15:14:48,946 [ForkJoinPool.commonPool-worker-0] INFO  handler.ContextHandler (ContextHandler.java:doStop(1154)) - Stopped o.e.j.w.WebAppContext@2c5ff4a5{hddsDatanode,/,null,STOPPED}{jar:file:/home/user/.m2/repository/org/apache/hadoop/hadoop-hdds-container-service/1.2.0-SNAPSHOT/hadoop-hdds-container-service-1.2.0-SNAPSHOT.jar!/webapps/hddsDatanode}
2021-05-05 15:14:48,949 [ForkJoinPool.commonPool-worker-0] INFO  server.AbstractConnector (AbstractConnector.java:doStop(381)) - Stopped ServerConnector@6b86fed8{HTTP/1.1, (http/1.1)}{0.0.0.0:0}
2021-05-05 15:14:48,949 [ForkJoinPool.commonPool-worker-0] INFO  server.session (HouseKeeper.java:stopScavenging(149)) - node0 Stopped scavenging
2021-05-05 15:14:48,949 [ForkJoinPool.commonPool-worker-0] INFO  handler.ContextHandler (ContextHandler.java:doStop(1154)) - Stopped o.e.j.s.ServletContextHandler@42fccd6a{static,/static,jar:file:/home/user/.m2/repository/org/apache/hadoop/hadoop-hdds-container-service/1.2.0-SNAPSHOT/hadoop-hdds-container-service-1.2.0-SNAPSHOT.jar!/webapps/static,STOPPED}
2021-05-05 15:14:48,951 [ForkJoinPool.commonPool-worker-0] INFO  handler.ContextHandler (ContextHandler.java:doStop(1154)) - Stopped o.e.j.s.ServletContextHandler@4bf5b473{logs,/logs,file:///github/workspace/mnt/ozone/hadoop-ozone/integration-test/target/log,STOPPED}
2021-05-05 15:14:48,956 [Listener at 127.0.0.1/33403] INFO  ozone.MiniOzoneClusterImpl (MiniOzoneClusterImpl.java:stopSCM(532)) - Stopping the StorageContainerManager
2021-05-05 15:14:48,956 [Listener at 127.0.0.1/33403] INFO  server.StorageContainerManager (StorageContainerManager.java:stop(1230)) - Stopping Replication Manager Service.
2021-05-05 15:14:48,957 [Listener at 127.0.0.1/33403] INFO  container.ReplicationManager (ReplicationManager.java:stop(267)) - Stopping Replication Monitor Thread.
2021-05-05 15:14:48,957 [Listener at 127.0.0.1/33403] INFO  server.StorageContainerManager (StorageContainerManager.java:stop(1237)) - Stopping the Datanode Admin Monitor.
2021-05-05 15:14:48,957 [Listener at 127.0.0.1/33403] INFO  server.StorageContainerManager (StorageContainerManager.java:stop(1244)) - Stopping Lease Manager of the command watchers
2021-05-05 15:14:48,957 [Listener at 127.0.0.1/33403] INFO  server.StorageContainerManager (StorageContainerManager.java:stop(1251)) - Stopping datanode service RPC server
2021-05-05 15:14:48,957 [Listener at 127.0.0.1/33403] INFO  server.SCMDatanodeProtocolServer (SCMDatanodeProtocolServer.java:stop(374)) - Stopping the RPC server for DataNodes
2021-05-05 15:14:48,957 [Listener at 127.0.0.1/33403] INFO  ipc.Server (Server.java:stop(3403)) - Stopping server on 34979
2021-05-05 15:14:48,959 [IPC Server Responder] INFO  ipc.Server (Server.java:run(1502)) - Stopping IPC Server Responder
2021-05-05 15:14:48,960 [IPC Server listener on 0] INFO  ipc.Server (Server.java:run(1366)) - Stopping IPC Server listener on 0
2021-05-05 15:14:49,036 [SCM Heartbeat Processing Thread - 0] WARN  node.NodeStateManager (NodeStateManager.java:scheduleNextHealthCheck(688)) - Current Thread is interrupted, shutting down HB processing thread for Node Manager.
2021-05-05 15:14:49,037 [Listener at 127.0.0.1/33403] INFO  server.StorageContainerManager (StorageContainerManager.java:stop(1259)) - Stopping block service RPC server
2021-05-05 15:14:49,037 [Listener at 127.0.0.1/33403] INFO  server.SCMBlockProtocolServer (SCMBlockProtocolServer.java:stop(158)) - Stopping the RPC server for Block Protocol
2021-05-05 15:14:49,037 [Listener at 127.0.0.1/33403] INFO  ipc.Server (Server.java:stop(3403)) - Stopping server on 38697
2021-05-05 15:14:49,038 [Listener at 127.0.0.1/33403] INFO  server.StorageContainerManager (StorageContainerManager.java:stop(1266)) - Stopping the StorageContainerLocationProtocol RPC server
2021-05-05 15:14:49,039 [Listener at 127.0.0.1/33403] INFO  server.SCMClientProtocolServer (SCMClientProtocolServer.java:stop(166)) - Stopping the RPC server for Client Protocol
2021-05-05 15:14:49,039 [Listener at 127.0.0.1/33403] INFO  ipc.Server (Server.java:stop(3403)) - Stopping server on 41779
2021-05-05 15:14:49,039 [IPC Server listener on 0] INFO  ipc.Server (Server.java:run(1366)) - Stopping IPC Server listener on 0
2021-05-05 15:14:49,039 [IPC Server Responder] INFO  ipc.Server (Server.java:run(1502)) - Stopping IPC Server Responder
2021-05-05 15:14:49,041 [IPC Server Responder] INFO  ipc.Server (Server.java:run(1502)) - Stopping IPC Server Responder
2021-05-05 15:14:49,041 [Listener at 127.0.0.1/33403] INFO  server.StorageContainerManager (StorageContainerManager.java:stop(1273)) - Stopping Storage Container Manager HTTP server.
2021-05-05 15:14:49,042 [IPC Server listener on 0] INFO  ipc.Server (Server.java:run(1366)) - Stopping IPC Server listener on 0
2021-05-05 15:14:49,042 [Listener at 127.0.0.1/33403] INFO  handler.ContextHandler (ContextHandler.java:doStop(1154)) - Stopped o.e.j.w.WebAppContext@6cbb6d0d{scm,/,null,STOPPED}{file:/github/workspace/mnt/ozone/hadoop-ozone/integration-test/target/test-classes/webapps/scm}
2021-05-05 15:14:49,043 [Listener at 127.0.0.1/33403] INFO  server.AbstractConnector (AbstractConnector.java:doStop(381)) - Stopped ServerConnector@4bc06a3e{HTTP/1.1, (http/1.1)}{0.0.0.0:0}
2021-05-05 15:14:49,043 [Listener at 127.0.0.1/33403] INFO  server.session (HouseKeeper.java:stopScavenging(149)) - node0 Stopped scavenging
2021-05-05 15:14:49,043 [Listener at 127.0.0.1/33403] INFO  handler.ContextHandler (ContextHandler.java:doStop(1154)) - Stopped o.e.j.s.ServletContextHandler@7553d28b{static,/static,file:///github/workspace/mnt/ozone/hadoop-ozone/integration-test/target/test-classes/webapps/static,STOPPED}
2021-05-05 15:14:49,044 [Listener at 127.0.0.1/33403] INFO  handler.ContextHandler (ContextHandler.java:doStop(1154)) - Stopped o.e.j.s.ServletContextHandler@24411981{logs,/logs,file:///github/workspace/mnt/ozone/hadoop-ozone/integration-test/target/log,STOPPED}
2021-05-05 15:14:49,045 [Listener at 127.0.0.1/33403] INFO  server.StorageContainerManager (StorageContainerManager.java:stop(1284)) - Stopping Block Manager Service.
2021-05-05 15:14:49,045 [Listener at 127.0.0.1/33403] INFO  utils.BackgroundService (BackgroundService.java:shutdown(132)) - Shutting down service SCMBlockDeletingService
2021-05-05 15:14:49,045 [Listener at 127.0.0.1/33403] INFO  utils.BackgroundService (BackgroundService.java:shutdown(132)) - Shutting down service SCMBlockDeletingService
2021-05-05 15:14:49,046 [Listener at 127.0.0.1/33403] INFO  server.StorageContainerManager (StorageContainerManager.java:stop(1309)) - Stopping SCM Event Queue.
2021-05-05 15:14:49,047 [Listener at 127.0.0.1/33403] WARN  pipeline.BackgroundPipelineCreator (BackgroundPipelineCreatorV2.java:stop(154)) - RatisPipelineUtilsThread is not running, just ignore.
2021-05-05 15:14:49,048 [Listener at 127.0.0.1/33403] INFO  impl.MetricsSystemImpl (MetricsSystemImpl.java:stop(210)) - Stopping HddsDatanode metrics system...
2021-05-05 15:14:49,055 [prometheus] INFO  impl.MetricsSinkAdapter (MetricsSinkAdapter.java:publishMetricsFromQueue(141)) - prometheus thread interrupted.
2021-05-05 15:14:49,055 [Listener at 127.0.0.1/33403] INFO  impl.MetricsSystemImpl (MetricsSystemImpl.java:stop(216)) - HddsDatanode metrics system stopped.
]]></system-out>
    <system-err><![CDATA[May 05, 2021 3:14:38 PM org.apache.ratis.thirdparty.io.grpc.internal.ManagedChannelOrphanWrapper$ManagedChannelReference cleanQueue
SEVERE: *~*~*~ Channel ManagedChannelImpl{logId=875, target=172.17.0.2:32835} was not shutdown properly!!! ~*~*~*
    Make sure to call shutdown()/shutdownNow() and wait until awaitTermination() returns true.
java.lang.RuntimeException: ManagedChannel allocation site
	at org.apache.ratis.thirdparty.io.grpc.internal.ManagedChannelOrphanWrapper$ManagedChannelReference.<init>(ManagedChannelOrphanWrapper.java:93)
	at org.apache.ratis.thirdparty.io.grpc.internal.ManagedChannelOrphanWrapper.<init>(ManagedChannelOrphanWrapper.java:53)
	at org.apache.ratis.thirdparty.io.grpc.internal.ManagedChannelOrphanWrapper.<init>(ManagedChannelOrphanWrapper.java:44)
	at org.apache.ratis.thirdparty.io.grpc.internal.ManagedChannelImplBuilder.build(ManagedChannelImplBuilder.java:596)
	at org.apache.ratis.thirdparty.io.grpc.ForwardingChannelBuilder.build(ForwardingChannelBuilder.java:255)
	at org.apache.ratis.grpc.client.GrpcClientProtocolClient.buildChannel(GrpcClientProtocolClient.java:159)
	at org.apache.ratis.grpc.client.GrpcClientProtocolClient.<init>(GrpcClientProtocolClient.java:110)
	at org.apache.ratis.grpc.client.GrpcClientRpc.lambda$new$0(GrpcClientRpc.java:57)
	at org.apache.ratis.util.PeerProxyMap$PeerAndProxy.lambda$getProxy$0(PeerProxyMap.java:63)
	at org.apache.ratis.util.LifeCycle.startAndTransition(LifeCycle.java:270)
	at org.apache.ratis.util.PeerProxyMap$PeerAndProxy.getProxy(PeerProxyMap.java:62)
	at org.apache.ratis.util.PeerProxyMap.getProxy(PeerProxyMap.java:114)
	at org.apache.ratis.grpc.client.GrpcClientRpc.sendRequestAsync(GrpcClientRpc.java:67)
	at org.apache.ratis.client.impl.OrderedAsync.sendRequest(OrderedAsync.java:235)
	at org.apache.ratis.client.impl.OrderedAsync.sendRequestWithRetry(OrderedAsync.java:189)
	at org.apache.ratis.util.SlidingWindow$Client.sendOrDelayRequest(SlidingWindow.java:280)
	at org.apache.ratis.util.SlidingWindow$Client.retry(SlidingWindow.java:296)
	at org.apache.ratis.client.impl.OrderedAsync.lambda$scheduleWithTimeout$7(OrderedAsync.java:222)
	at org.apache.ratis.util.TimeoutScheduler.lambda$onTimeout$0(TimeoutScheduler.java:141)
	at org.apache.ratis.util.TimeoutScheduler.lambda$onTimeout$1(TimeoutScheduler.java:155)
	at org.apache.ratis.util.LogUtils.runAndLog(LogUtils.java:38)
	at org.apache.ratis.util.LogUtils$1.run(LogUtils.java:79)
	at java.util.concurrent.Executors$RunnableAdapter.call(Executors.java:511)
	at java.util.concurrent.FutureTask.run(FutureTask.java:266)
	at java.util.concurrent.ScheduledThreadPoolExecutor$ScheduledFutureTask.access$201(ScheduledThreadPoolExecutor.java:180)
	at java.util.concurrent.ScheduledThreadPoolExecutor$ScheduledFutureTask.run(ScheduledThreadPoolExecutor.java:293)
	at java.util.concurrent.ThreadPoolExecutor.runWorker(ThreadPoolExecutor.java:1149)
	at java.util.concurrent.ThreadPoolExecutor$Worker.run(ThreadPoolExecutor.java:624)
	at java.lang.Thread.run(Thread.java:748)

]]></system-err>
  </testcase>
</testsuite>