<?xml version="1.0" encoding="UTF-8"?>
<testsuite xmlns:xsi="http://www.w3.org/2001/XMLSchema-instance" xsi:noNamespaceSchemaLocation="https://maven.apache.org/surefire/maven-surefire-plugin/xsd/surefire-test-report-3.0.xsd" version="3.0" name="org.apache.hadoop.ozone.om.snapshot.TestSnapshotDirectoryCleaningService" time="46.502" tests="1" errors="0" skipped="0" failures="1">
  <properties>
    <property name="java.specification.version" value="17"/>
    <property name="sun.jnu.encoding" value="UTF-8"/>
    <property name="gradle.enterprise.listener.surefire.forkId" value="1"/>
    <property name="java.class.path" value="/home/runner/work/ozone/ozone/hadoop-ozone/integration-test/target/test-classes:/home/runner/work/ozone/ozone/hadoop-ozone/integration-test/target/classes:/home/runner/work/ozone/ozone/hadoop-ozone/common/target/classes:/home/runner/.m2/repository/io/grpc/grpc-netty/1.58.0/grpc-netty-1.58.0.jar:/home/runner/.m2/repository/io/grpc/grpc-core/1.58.0/grpc-core-1.58.0.jar:/home/runner/.m2/repository/com/google/android/annotations/4.1.1.4/annotations-4.1.1.4.jar:/home/runner/.m2/repository/org/codehaus/mojo/animal-sniffer-annotations/1.23/animal-sniffer-annotations-1.23.jar:/home/runner/.m2/repository/io/grpc/grpc-context/1.58.0/grpc-context-1.58.0.jar:/home/runner/.m2/repository/io/grpc/grpc-util/1.58.0/grpc-util-1.58.0.jar:/home/runner/.m2/repository/com/google/errorprone/error_prone_annotations/2.2.0/error_prone_annotations-2.2.0.jar:/home/runner/.m2/repository/io/perfmark/perfmark-api/0.26.0/perfmark-api-0.26.0.jar:/home/runner/.m2/repository/io/netty/netty-codec-http2/4.1.109.Final/netty-codec-http2-4.1.109.Final.jar:/home/runner/.m2/repository/io/netty/netty-common/4.1.109.Final/netty-common-4.1.109.Final.jar:/home/runner/.m2/repository/io/netty/netty-buffer/4.1.109.Final/netty-buffer-4.1.109.Final.jar:/home/runner/.m2/repository/io/netty/netty-codec-http/4.1.109.Final/netty-codec-http-4.1.109.Final.jar:/home/runner/.m2/repository/io/netty/netty-handler-proxy/4.1.109.Final/netty-handler-proxy-4.1.109.Final.jar:/home/runner/.m2/repository/io/netty/netty-codec-socks/4.1.109.Final/netty-codec-socks-4.1.109.Final.jar:/home/runner/.m2/repository/io/netty/netty-tcnative-boringssl-static/2.0.65.Final/netty-tcnative-boringssl-static-2.0.65.Final.jar:/home/runner/.m2/repository/io/netty/netty-tcnative-classes/2.0.65.Final/netty-tcnative-classes-2.0.65.Final.jar:/home/runner/.m2/repository/io/netty/netty-tcnative-boringssl-static/2.0.65.Final/netty-tcnative-boringssl-static-2.0.65.Final-linux-x86_64.jar:/home/runner/.m2/repository/io/netty/netty-tcnative-boringssl-static/2.0.65.Final/netty-tcnative-boringssl-static-2.0.65.Final-linux-aarch_64.jar:/home/runner/.m2/repository/io/netty/netty-tcnative-boringssl-static/2.0.65.Final/netty-tcnative-boringssl-static-2.0.65.Final-osx-x86_64.jar:/home/runner/.m2/repository/io/netty/netty-tcnative-boringssl-static/2.0.65.Final/netty-tcnative-boringssl-static-2.0.65.Final-osx-aarch_64.jar:/home/runner/.m2/repository/io/netty/netty-tcnative-boringssl-static/2.0.65.Final/netty-tcnative-boringssl-static-2.0.65.Final-windows-x86_64.jar:/home/runner/.m2/repository/org/apache/commons/commons-compress/1.26.0/commons-compress-1.26.0.jar:/home/runner/work/ozone/ozone/hadoop-hdds/common/target/classes:/home/runner/work/ozone/ozone/hadoop-hdds/client/target/classes:/home/runner/work/ozone/ozone/hadoop-ozone/interface-client/target/classes:/home/runner/.m2/repository/org/apache/hadoop/hadoop-hdfs-client/3.3.6/hadoop-hdfs-client-3.3.6.jar:/home/runner/.m2/repository/com/squareup/okhttp3/okhttp/4.12.0/okhttp-4.12.0.jar:/home/runner/.m2/repository/com/squareup/okio/okio/3.6.0/okio-3.6.0.jar:/home/runner/.m2/repository/com/squareup/okio/okio-jvm/3.6.0/okio-jvm-3.6.0.jar:/home/runner/.m2/repository/org/jetbrains/kotlin/kotlin-stdlib-jdk8/1.9.22/kotlin-stdlib-jdk8-1.9.22.jar:/home/runner/.m2/repository/org/jetbrains/kotlin/kotlin-stdlib-jdk7/1.9.22/kotlin-stdlib-jdk7-1.9.22.jar:/home/runner/.m2/repository/org/jetbrains/kotlin/kotlin-stdlib-common/1.9.22/kotlin-stdlib-common-1.9.22.jar:/home/runner/work/ozone/ozone/hadoop-hdds/test-utils/target/classes:/home/runner/.m2/repository/org/assertj/assertj-core/3.12.2/assertj-core-3.12.2.jar:/home/runner/.m2/repository/com/google/guava/guava/32.1.3-jre/guava-32.1.3-jre.jar:/home/runner/.m2/repository/com/google/guava/failureaccess/1.0.1/failureaccess-1.0.1.jar:/home/runner/.m2/repository/com/google/guava/listenablefuture/9999.0-empty-to-avoid-conflict-with-guava/listenablefuture-9999.0-empty-to-avoid-conflict-with-guava.jar:/home/runner/.m2/repository/org/checkerframework/checker-qual/3.37.0/checker-qual-3.37.0.jar:/home/runner/.m2/repository/com/google/j2objc/j2objc-annotations/2.8/j2objc-annotations-2.8.jar:/home/runner/.m2/repository/commons-io/commons-io/2.16.1/commons-io-2.16.1.jar:/home/runner/.m2/repository/commons-logging/commons-logging/1.2/commons-logging-1.2.jar:/home/runner/.m2/repository/org/junit/jupiter/junit-jupiter-api/5.10.2/junit-jupiter-api-5.10.2.jar:/home/runner/.m2/repository/org/opentest4j/opentest4j/1.3.0/opentest4j-1.3.0.jar:/home/runner/.m2/repository/org/junit/platform/junit-platform-commons/1.10.2/junit-platform-commons-1.10.2.jar:/home/runner/.m2/repository/ch/qos/reload4j/reload4j/1.2.25/reload4j-1.2.25.jar:/home/runner/.m2/repository/jakarta/annotation/jakarta.annotation-api/2.1.1/jakarta.annotation-api-2.1.1.jar:/home/runner/.m2/repository/org/slf4j/slf4j-api/2.0.12/slf4j-api-2.0.12.jar:/home/runner/.m2/repository/org/apache/logging/log4j/log4j-api/2.17.1/log4j-api-2.17.1.jar:/home/runner/work/ozone/ozone/hadoop-hdds/server-scm/target/classes:/home/runner/.m2/repository/com/google/protobuf/protobuf-java/2.5.0/protobuf-java-2.5.0.jar:/home/runner/work/ozone/ozone/hadoop-hdds/container-service/target/classes:/home/runner/work/ozone/ozone/hadoop-hdds/hadoop-dependency-server/target/classes:/home/runner/.m2/repository/com/nimbusds/nimbus-jose-jwt/9.37.2/nimbus-jose-jwt-9.37.2.jar:/home/runner/.m2/repository/com/github/stephenc/jcip/jcip-annotations/1.0-1/jcip-annotations-1.0-1.jar:/home/runner/.m2/repository/org/apache/hadoop/hadoop-hdfs/3.3.6/hadoop-hdfs-3.3.6.jar:/home/runner/.m2/repository/commons-daemon/commons-daemon/1.3.4/commons-daemon-1.3.4.jar:/home/runner/.m2/repository/org/xerial/snappy/snappy-java/1.1.10.5/snappy-java-1.1.10.5.jar:/home/runner/work/ozone/ozone/hadoop-hdds/framework/target/classes:/home/runner/.m2/repository/org/bouncycastle/bcprov-jdk18on/1.77/bcprov-jdk18on-1.77.jar:/home/runner/.m2/repository/io/dropwizard/metrics/metrics-core/3.2.4/metrics-core-3.2.4.jar:/home/runner/.m2/repository/org/apache/commons/commons-text/1.11.0/commons-text-1.11.0.jar:/home/runner/work/ozone/ozone/hadoop-hdds/framework/target/test-classes:/home/runner/work/ozone/ozone/hadoop-hdds/interface-server/target/classes:/home/runner/work/ozone/ozone/hadoop-hdds/interface-admin/target/classes:/home/runner/work/ozone/ozone/hadoop-hdds/managed-rocksdb/target/classes:/home/runner/.m2/repository/org/rocksdb/rocksdbjni/7.7.3/rocksdbjni-7.7.3.jar:/home/runner/.m2/repository/org/slf4j/slf4j-reload4j/2.0.12/slf4j-reload4j-2.0.12.jar:/home/runner/.m2/repository/org/apache/commons/commons-configuration2/2.10.1/commons-configuration2-2.10.1.jar:/home/runner/.m2/repository/commons-fileupload/commons-fileupload/1.5/commons-fileupload-1.5.jar:/home/runner/.m2/repository/org/apache/logging/log4j/log4j-core/2.17.1/log4j-core-2.17.1.jar:/home/runner/.m2/repository/com/lmax/disruptor/3.4.4/disruptor-3.4.4.jar:/home/runner/.m2/repository/org/eclipse/jetty/jetty-util/9.4.54.v20240208/jetty-util-9.4.54.v20240208.jar:/home/runner/.m2/repository/org/eclipse/jetty/jetty-server/9.4.54.v20240208/jetty-server-9.4.54.v20240208.jar:/home/runner/.m2/repository/org/eclipse/jetty/jetty-http/9.4.54.v20240208/jetty-http-9.4.54.v20240208.jar:/home/runner/.m2/repository/org/eclipse/jetty/jetty-io/9.4.54.v20240208/jetty-io-9.4.54.v20240208.jar:/home/runner/.m2/repository/org/eclipse/jetty/jetty-servlet/9.4.54.v20240208/jetty-servlet-9.4.54.v20240208.jar:/home/runner/.m2/repository/org/eclipse/jetty/jetty-security/9.4.54.v20240208/jetty-security-9.4.54.v20240208.jar:/home/runner/.m2/repository/org/eclipse/jetty/jetty-util-ajax/9.4.54.v20240208/jetty-util-ajax-9.4.54.v20240208.jar:/home/runner/.m2/repository/org/eclipse/jetty/jetty-webapp/9.4.54.v20240208/jetty-webapp-9.4.54.v20240208.jar:/home/runner/.m2/repository/org/eclipse/jetty/jetty-xml/9.4.54.v20240208/jetty-xml-9.4.54.v20240208.jar:/home/runner/.m2/repository/org/apache/ratis/ratis-server/3.0.1/ratis-server-3.0.1.jar:/home/runner/.m2/repository/org/apache/ratis/ratis-thirdparty-misc/1.0.5/ratis-thirdparty-misc-1.0.5.jar:/home/runner/.m2/repository/org/apache/ratis/ratis-proto/3.0.1/ratis-proto-3.0.1.jar:/home/runner/.m2/repository/org/apache/ratis/ratis-common/3.0.1/ratis-common-3.0.1.jar:/home/runner/.m2/repository/org/apache/ratis/ratis-client/3.0.1/ratis-client-3.0.1.jar:/home/runner/.m2/repository/org/apache/ratis/ratis-server-api/3.0.1/ratis-server-api-3.0.1.jar:/home/runner/.m2/repository/org/apache/ratis/ratis-metrics-api/3.0.1/ratis-metrics-api-3.0.1.jar:/home/runner/.m2/repository/org/apache/ratis/ratis-metrics-dropwizard3/3.0.1/ratis-metrics-dropwizard3-3.0.1.jar:/home/runner/.m2/repository/io/prometheus/simpleclient_dropwizard/0.16.0/simpleclient_dropwizard-0.16.0.jar:/home/runner/.m2/repository/io/prometheus/simpleclient/0.16.0/simpleclient-0.16.0.jar:/home/runner/.m2/repository/io/prometheus/simpleclient_common/0.16.0/simpleclient_common-0.16.0.jar:/home/runner/.m2/repository/com/fasterxml/jackson/datatype/jackson-datatype-jsr310/2.16.1/jackson-datatype-jsr310-2.16.1.jar:/home/runner/.m2/repository/com/fasterxml/jackson/core/jackson-core/2.16.1/jackson-core-2.16.1.jar:/home/runner/work/ozone/ozone/hadoop-hdds/rocksdb-checkpoint-differ/target/classes:/home/runner/.m2/repository/org/jgrapht/jgrapht-core/1.4.0/jgrapht-core-1.4.0.jar:/home/runner/.m2/repository/org/jheaps/jheaps/0.11/jheaps-0.11.jar:/home/runner/.m2/repository/org/jgrapht/jgrapht-ext/1.4.0/jgrapht-ext-1.4.0.jar:/home/runner/.m2/repository/com/github/vlsi/mxgraph/jgraphx/3.9.8.1/jgraphx-3.9.8.1.jar:/home/runner/work/ozone/ozone/hadoop-ozone/ozone-manager/target/classes:/home/runner/.m2/repository/org/aspectj/aspectjrt/1.9.7/aspectjrt-1.9.7.jar:/home/runner/.m2/repository/org/aspectj/aspectjweaver/1.9.7/aspectjweaver-1.9.7.jar:/home/runner/work/ozone/ozone/hadoop-hdds/interface-client/target/classes:/home/runner/.m2/repository/org/apache/hadoop/thirdparty/hadoop-shaded-protobuf_3_7/1.1.1/hadoop-shaded-protobuf_3_7-1.1.1.jar:/home/runner/work/ozone/ozone/hadoop-ozone/interface-storage/target/classes:/home/runner/.m2/repository/org/reflections/reflections/0.10.2/reflections-0.10.2.jar:/home/runner/.m2/repository/com/sun/jersey/jersey-client/1.19.4/jersey-client-1.19.4.jar:/home/runner/.m2/repository/org/codehaus/jackson/jackson-core-asl/1.9.13/jackson-core-asl-1.9.13.jar:/home/runner/.m2/repository/org/codehaus/jackson/jackson-mapper-asl/1.9.13/jackson-mapper-asl-1.9.13.jar:/home/runner/.m2/repository/org/codehaus/jackson/jackson-jaxrs/1.9.13/jackson-jaxrs-1.9.13.jar:/home/runner/.m2/repository/org/apache/ranger/ranger-intg/2.3.0/ranger-intg-2.3.0.jar:/home/runner/.m2/repository/org/apache/ranger/ranger-plugins-common/2.3.0/ranger-plugins-common-2.3.0.jar:/home/runner/.m2/repository/commons-lang/commons-lang/2.6/commons-lang-2.6.jar:/home/runner/.m2/repository/org/apache/ranger/ranger-plugins-cred/2.3.0/ranger-plugins-cred-2.3.0.jar:/home/runner/.m2/repository/org/apache/ranger/ranger-plugins-audit/2.3.0/ranger-plugins-audit-2.3.0.jar:/home/runner/.m2/repository/org/eclipse/jetty/jetty-client/9.4.54.v20240208/jetty-client-9.4.54.v20240208.jar:/home/runner/.m2/repository/org/apache/httpcomponents/httpmime/4.5.6/httpmime-4.5.6.jar:/home/runner/.m2/repository/org/apache/httpcomponents/httpcore-nio/4.4.16/httpcore-nio-4.4.16.jar:/home/runner/.m2/repository/org/apache/httpcomponents/httpasyncclient/4.1.3/httpasyncclient-4.1.3.jar:/home/runner/.m2/repository/com/carrotsearch/hppc/0.8.0/hppc-0.8.0.jar:/home/runner/.m2/repository/org/apache/orc/orc-core/1.5.8/orc-core-1.5.8.jar:/home/runner/.m2/repository/net/java/dev/jna/jna/5.2.0/jna-5.2.0.jar:/home/runner/.m2/repository/net/java/dev/jna/jna-platform/5.2.0/jna-platform-5.2.0.jar:/home/runner/.m2/repository/com/kstruct/gethostname4j/0.0.2/gethostname4j-0.0.2.jar:/home/runner/.m2/repository/org/apache/ranger/ranger-plugin-classloader/2.3.0/ranger-plugin-classloader-2.3.0.jar:/home/runner/work/ozone/ozone/hadoop-hdds/rocks-native/target/classes:/home/runner/.m2/repository/org/apache/hadoop/hadoop-minikdc/3.3.6/hadoop-minikdc-3.3.6.jar:/home/runner/.m2/repository/org/apache/kerby/kerb-simplekdc/1.0.1/kerb-simplekdc-1.0.1.jar:/home/runner/.m2/repository/org/apache/kerby/kerb-client/1.0.1/kerb-client-1.0.1.jar:/home/runner/.m2/repository/org/apache/kerby/kerby-config/1.0.1/kerby-config-1.0.1.jar:/home/runner/.m2/repository/org/apache/kerby/kerb-common/1.0.1/kerb-common-1.0.1.jar:/home/runner/.m2/repository/org/apache/kerby/kerb-crypto/1.0.1/kerb-crypto-1.0.1.jar:/home/runner/.m2/repository/org/apache/kerby/kerb-util/1.0.1/kerb-util-1.0.1.jar:/home/runner/.m2/repository/org/apache/kerby/token-provider/1.0.1/token-provider-1.0.1.jar:/home/runner/.m2/repository/org/apache/kerby/kerb-admin/1.0.1/kerb-admin-1.0.1.jar:/home/runner/.m2/repository/org/apache/kerby/kerb-server/1.0.1/kerb-server-1.0.1.jar:/home/runner/.m2/repository/org/apache/kerby/kerb-identity/1.0.1/kerb-identity-1.0.1.jar:/home/runner/.m2/repository/org/apache/kerby/kerby-xdr/1.0.1/kerby-xdr-1.0.1.jar:/home/runner/.m2/repository/junit/junit/4.13.2/junit-4.13.2.jar:/home/runner/.m2/repository/org/hamcrest/hamcrest-core/1.3/hamcrest-core-1.3.jar:/home/runner/work/ozone/ozone/hadoop-ozone/s3gateway/target/classes:/home/runner/.m2/repository/org/javassist/javassist/3.30.2-GA/javassist-3.30.2-GA.jar:/home/runner/.m2/repository/org/jboss/weld/servlet/weld-servlet-shaded/3.1.9.Final/weld-servlet-shaded-3.1.9.Final.jar:/home/runner/.m2/repository/org/glassfish/jersey/containers/jersey-container-servlet-core/2.42/jersey-container-servlet-core-2.42.jar:/home/runner/.m2/repository/org/glassfish/hk2/external/jakarta.inject/2.6.1/jakarta.inject-2.6.1.jar:/home/runner/.m2/repository/org/glassfish/jersey/core/jersey-common/2.42/jersey-common-2.42.jar:/home/runner/.m2/repository/jakarta/ws/rs/jakarta.ws.rs-api/2.1.6/jakarta.ws.rs-api-2.1.6.jar:/home/runner/.m2/repository/org/glassfish/jersey/ext/cdi/jersey-cdi1x/2.42/jersey-cdi1x-2.42.jar:/home/runner/.m2/repository/org/glassfish/jersey/inject/jersey-hk2/2.42/jersey-hk2-2.42.jar:/home/runner/.m2/repository/org/glassfish/hk2/hk2-locator/2.6.1/hk2-locator-2.6.1.jar:/home/runner/.m2/repository/org/glassfish/jersey/media/jersey-media-jaxb/2.42/jersey-media-jaxb-2.42.jar:/home/runner/.m2/repository/org/glassfish/hk2/osgi-resource-locator/1.0.3/osgi-resource-locator-1.0.3.jar:/home/runner/.m2/repository/org/glassfish/hk2/hk2-api/2.6.1/hk2-api-2.6.1.jar:/home/runner/.m2/repository/org/glassfish/hk2/hk2-utils/2.6.1/hk2-utils-2.6.1.jar:/home/runner/.m2/repository/org/glassfish/hk2/external/aopalliance-repackaged/2.6.1/aopalliance-repackaged-2.6.1.jar:/home/runner/.m2/repository/com/fasterxml/jackson/dataformat/jackson-dataformat-xml/2.16.1/jackson-dataformat-xml-2.16.1.jar:/home/runner/.m2/repository/org/codehaus/woodstox/stax2-api/4.2.2/stax2-api-4.2.2.jar:/home/runner/.m2/repository/com/fasterxml/woodstox/woodstox-core/5.4.0/woodstox-core-5.4.0.jar:/home/runner/.m2/repository/com/fasterxml/jackson/module/jackson-module-jaxb-annotations/2.16.1/jackson-module-jaxb-annotations-2.16.1.jar:/home/runner/.m2/repository/javax/enterprise/cdi-api/2.0/cdi-api-2.0.jar:/home/runner/.m2/repository/javax/el/javax.el-api/3.0.0/javax.el-api-3.0.0.jar:/home/runner/.m2/repository/javax/interceptor/javax.interceptor-api/1.2/javax.interceptor-api-1.2.jar:/home/runner/.m2/repository/javax/inject/javax.inject/1/javax.inject-1.jar:/home/runner/.m2/repository/jakarta/xml/bind/jakarta.xml.bind-api/2.3.3/jakarta.xml.bind-api-2.3.3.jar:/home/runner/.m2/repository/org/glassfish/jaxb/jaxb-runtime/2.3.9/jaxb-runtime-2.3.9.jar:/home/runner/.m2/repository/org/glassfish/jaxb/txw2/2.3.9/txw2-2.3.9.jar:/home/runner/.m2/repository/com/sun/istack/istack-commons-runtime/3.0.12/istack-commons-runtime-3.0.12.jar:/home/runner/.m2/repository/com/sun/activation/jakarta.activation/1.2.2/jakarta.activation-1.2.2.jar:/home/runner/.m2/repository/jakarta/activation/jakarta.activation-api/1.2.2/jakarta.activation-api-1.2.2.jar:/home/runner/.m2/repository/io/grpc/grpc-protobuf/1.58.0/grpc-protobuf-1.58.0.jar:/home/runner/.m2/repository/com/google/api/grpc/proto-google-common-protos/2.22.0/proto-google-common-protos-2.22.0.jar:/home/runner/.m2/repository/io/grpc/grpc-protobuf-lite/1.58.0/grpc-protobuf-lite-1.58.0.jar:/home/runner/.m2/repository/io/grpc/grpc-stub/1.58.0/grpc-stub-1.58.0.jar:/home/runner/.m2/repository/io/netty/netty-transport/4.1.109.Final/netty-transport-4.1.109.Final.jar:/home/runner/.m2/repository/io/netty/netty-resolver/4.1.109.Final/netty-resolver-4.1.109.Final.jar:/home/runner/work/ozone/ozone/hadoop-ozone/csi/target/classes:/home/runner/.m2/repository/com/google/protobuf/protobuf-java-util/3.19.6/protobuf-java-util-3.19.6.jar:/home/runner/.m2/repository/com/google/code/gson/gson/2.10.1/gson-2.10.1.jar:/home/runner/work/ozone/ozone/hadoop-hdds/config/target/classes:/home/runner/.m2/repository/io/netty/netty-transport-native-epoll/4.1.109.Final/netty-transport-native-epoll-4.1.109.Final-linux-x86_64.jar:/home/runner/.m2/repository/io/netty/netty-transport-classes-epoll/4.1.109.Final/netty-transport-classes-epoll-4.1.109.Final.jar:/home/runner/.m2/repository/io/netty/netty-transport-native-unix-common/4.1.109.Final/netty-transport-native-unix-common-4.1.109.Final.jar:/home/runner/work/ozone/ozone/hadoop-ozone/recon/target/classes:/home/runner/work/ozone/ozone/hadoop-ozone/recon-codegen/target/classes:/home/runner/.m2/repository/com/google/inject/guice/6.0.0/guice-6.0.0.jar:/home/runner/.m2/repository/jakarta/inject/jakarta.inject-api/2.0.1/jakarta.inject-api-2.0.1.jar:/home/runner/.m2/repository/aopalliance/aopalliance/1.0/aopalliance-1.0.jar:/home/runner/.m2/repository/com/google/inject/extensions/guice-assistedinject/6.0.0/guice-assistedinject-6.0.0.jar:/home/runner/.m2/repository/com/google/inject/extensions/guice-servlet/6.0.0/guice-servlet-6.0.0.jar:/home/runner/.m2/repository/org/glassfish/jersey/containers/jersey-container-servlet/2.42/jersey-container-servlet-2.42.jar:/home/runner/.m2/repository/org/glassfish/hk2/guice-bridge/2.6.1/guice-bridge-2.6.1.jar:/home/runner/.m2/repository/org/glassfish/jersey/core/jersey-server/2.42/jersey-server-2.42.jar:/home/runner/.m2/repository/org/glassfish/jersey/core/jersey-client/2.42/jersey-client-2.42.jar:/home/runner/.m2/repository/jakarta/validation/jakarta.validation-api/2.0.2/jakarta.validation-api-2.0.2.jar:/home/runner/.m2/repository/org/glassfish/jersey/media/jersey-media-json-jackson/2.42/jersey-media-json-jackson-2.42.jar:/home/runner/.m2/repository/org/glassfish/jersey/ext/jersey-entity-filtering/2.42/jersey-entity-filtering-2.42.jar:/home/runner/.m2/repository/org/jooq/jooq/3.11.10/jooq-3.11.10.jar:/home/runner/.m2/repository/org/jooq/jooq-meta/3.11.10/jooq-meta-3.11.10.jar:/home/runner/.m2/repository/org/jooq/jooq-codegen/3.11.10/jooq-codegen-3.11.10.jar:/home/runner/.m2/repository/com/jolbox/bonecp/0.8.0.RELEASE/bonecp-0.8.0.RELEASE.jar:/home/runner/.m2/repository/org/apache/derby/derby/10.14.2.0/derby-10.14.2.0.jar:/home/runner/.m2/repository/org/xerial/sqlite-jdbc/3.44.1.0/sqlite-jdbc-3.44.1.0.jar:/home/runner/.m2/repository/org/springframework/spring-jdbc/5.3.27/spring-jdbc-5.3.27.jar:/home/runner/.m2/repository/org/springframework/spring-beans/5.3.27/spring-beans-5.3.27.jar:/home/runner/.m2/repository/org/springframework/spring-core/5.3.27/spring-core-5.3.27.jar:/home/runner/.m2/repository/org/springframework/spring-tx/5.3.27/spring-tx-5.3.27.jar:/home/runner/work/ozone/ozone/hadoop-ozone/client/target/classes:/home/runner/work/ozone/ozone/hadoop-hdds/erasurecode/target/classes:/home/runner/work/ozone/ozone/hadoop-ozone/ozonefs/target/classes:/home/runner/work/ozone/ozone/hadoop-ozone/ozonefs-common/target/classes:/home/runner/work/ozone/ozone/hadoop-ozone/tools/target/classes:/home/runner/.m2/repository/com/amazonaws/aws-java-sdk-core/1.12.661/aws-java-sdk-core-1.12.661.jar:/home/runner/.m2/repository/org/apache/httpcomponents/httpclient/4.5.14/httpclient-4.5.14.jar:/home/runner/.m2/repository/org/apache/httpcomponents/httpcore/4.4.16/httpcore-4.4.16.jar:/home/runner/.m2/repository/com/fasterxml/jackson/dataformat/jackson-dataformat-cbor/2.16.1/jackson-dataformat-cbor-2.16.1.jar:/home/runner/.m2/repository/joda-time/joda-time/2.12.7/joda-time-2.12.7.jar:/home/runner/.m2/repository/com/amazonaws/aws-java-sdk-s3/1.12.661/aws-java-sdk-s3-1.12.661.jar:/home/runner/.m2/repository/com/amazonaws/aws-java-sdk-kms/1.12.661/aws-java-sdk-kms-1.12.661.jar:/home/runner/.m2/repository/com/amazonaws/jmespath-java/1.12.661/jmespath-java-1.12.661.jar:/home/runner/.m2/repository/org/kohsuke/metainf-services/metainf-services/1.11/metainf-services-1.11.jar:/home/runner/work/ozone/ozone/hadoop-hdds/tools/target/classes:/home/runner/.m2/repository/org/apache/ratis/ratis-tools/3.0.1/ratis-tools-3.0.1.jar:/home/runner/.m2/repository/commons-cli/commons-cli/1.6.0/commons-cli-1.6.0.jar:/home/runner/.m2/repository/org/apache/commons/commons-lang3/3.14.0/commons-lang3-3.14.0.jar:/home/runner/work/ozone/ozone/hadoop-ozone/ozone-manager/target/test-classes:/home/runner/work/ozone/ozone/hadoop-hdds/common/target/test-classes:/home/runner/work/ozone/ozone/hadoop-hdds/hadoop-dependency-client/target/classes:/home/runner/.m2/repository/info/picocli/picocli/4.7.5/picocli-4.7.5.jar:/home/runner/.m2/repository/com/fasterxml/jackson/core/jackson-annotations/2.16.1/jackson-annotations-2.16.1.jar:/home/runner/work/ozone/ozone/hadoop-hdds/annotations/target/classes:/home/runner/.m2/repository/javax/annotation/javax.annotation-api/1.3.2/javax.annotation-api-1.3.2.jar:/home/runner/.m2/repository/org/apache/ratis/ratis-netty/3.0.1/ratis-netty-3.0.1.jar:/home/runner/.m2/repository/org/apache/ratis/ratis-grpc/3.0.1/ratis-grpc-3.0.1.jar:/home/runner/.m2/repository/org/bouncycastle/bcpkix-jdk18on/1.77/bcpkix-jdk18on-1.77.jar:/home/runner/.m2/repository/org/bouncycastle/bcutil-jdk18on/1.77/bcutil-jdk18on-1.77.jar:/home/runner/.m2/repository/commons-validator/commons-validator/1.6/commons-validator-1.6.jar:/home/runner/.m2/repository/commons-beanutils/commons-beanutils/1.9.4/commons-beanutils-1.9.4.jar:/home/runner/.m2/repository/commons-digester/commons-digester/1.8.1/commons-digester-1.8.1.jar:/home/runner/.m2/repository/commons-collections/commons-collections/3.2.2/commons-collections-3.2.2.jar:/home/runner/.m2/repository/io/jaegertracing/jaeger-client/1.8.1/jaeger-client-1.8.1.jar:/home/runner/.m2/repository/io/jaegertracing/jaeger-thrift/1.8.1/jaeger-thrift-1.8.1.jar:/home/runner/.m2/repository/org/apache/thrift/libthrift/0.15.0/libthrift-0.15.0.jar:/home/runner/.m2/repository/io/jaegertracing/jaeger-core/1.8.1/jaeger-core-1.8.1.jar:/home/runner/.m2/repository/io/jaegertracing/jaeger-tracerresolver/1.8.1/jaeger-tracerresolver-1.8.1.jar:/home/runner/.m2/repository/io/opentracing/contrib/opentracing-tracerresolver/0.1.8/opentracing-tracerresolver-0.1.8.jar:/home/runner/.m2/repository/org/jetbrains/kotlin/kotlin-stdlib/1.9.22/kotlin-stdlib-1.9.22.jar:/home/runner/.m2/repository/org/jetbrains/annotations/13.0/annotations-13.0.jar:/home/runner/.m2/repository/io/opentracing/opentracing-util/0.33.0/opentracing-util-0.33.0.jar:/home/runner/.m2/repository/io/opentracing/opentracing-api/0.33.0/opentracing-api-0.33.0.jar:/home/runner/.m2/repository/io/opentracing/opentracing-noop/0.33.0/opentracing-noop-0.33.0.jar:/home/runner/.m2/repository/org/yaml/snakeyaml/2.0/snakeyaml-2.0.jar:/home/runner/.m2/repository/io/grpc/grpc-api/1.58.0/grpc-api-1.58.0.jar:/home/runner/.m2/repository/org/junit/platform/junit-platform-launcher/1.10.2/junit-platform-launcher-1.10.2.jar:/home/runner/.m2/repository/org/junit/platform/junit-platform-engine/1.10.2/junit-platform-engine-1.10.2.jar:/home/runner/.m2/repository/org/apiguardian/apiguardian-api/1.1.2/apiguardian-api-1.1.2.jar:/home/runner/.m2/repository/org/apache/hadoop/hadoop-kms/3.3.6/hadoop-kms-3.3.6.jar:/home/runner/.m2/repository/org/apache/hadoop/hadoop-auth/3.3.6/hadoop-auth-3.3.6.jar:/home/runner/.m2/repository/org/apache/zookeeper/zookeeper/3.8.4/zookeeper-3.8.4.jar:/home/runner/.m2/repository/org/apache/zookeeper/zookeeper-jute/3.8.4/zookeeper-jute-3.8.4.jar:/home/runner/.m2/repository/org/apache/yetus/audience-annotations/0.12.0/audience-annotations-0.12.0.jar:/home/runner/.m2/repository/org/apache/curator/curator-framework/4.2.0/curator-framework-4.2.0.jar:/home/runner/.m2/repository/org/apache/hadoop/thirdparty/hadoop-shaded-guava/1.2.0/hadoop-shaded-guava-1.2.0.jar:/home/runner/.m2/repository/com/sun/jersey/jersey-core/1.19.4/jersey-core-1.19.4.jar:/home/runner/.m2/repository/javax/ws/rs/jsr311-api/1.1.1/jsr311-api-1.1.1.jar:/home/runner/.m2/repository/com/sun/jersey/jersey-server/1.19.4/jersey-server-1.19.4.jar:/home/runner/.m2/repository/javax/servlet/javax.servlet-api/3.1.0/javax.servlet-api-3.1.0.jar:/home/runner/.m2/repository/org/apache/hadoop/hadoop-common/3.3.6/hadoop-common-3.3.6.jar:/home/runner/.m2/repository/org/apache/commons/commons-math3/3.6.1/commons-math3-3.6.1.jar:/home/runner/.m2/repository/commons-net/commons-net/3.10.0/commons-net-3.10.0.jar:/home/runner/.m2/repository/com/sun/jersey/jersey-servlet/1.19.4/jersey-servlet-1.19.4.jar:/home/runner/.m2/repository/com/github/pjfanning/jersey-json/1.20/jersey-json-1.20.jar:/home/runner/.m2/repository/org/codehaus/jettison/jettison/1.1/jettison-1.1.jar:/home/runner/.m2/repository/com/sun/xml/bind/jaxb-impl/2.2.3-1/jaxb-impl-2.2.3-1.jar:/home/runner/.m2/repository/com/google/re2j/re2j/1.7/re2j-1.7.jar:/home/runner/.m2/repository/com/jcraft/jsch/0.1.55/jsch-0.1.55.jar:/home/runner/.m2/repository/org/apache/curator/curator-client/4.2.0/curator-client-4.2.0.jar:/home/runner/.m2/repository/org/apache/curator/curator-recipes/5.2.0/curator-recipes-5.2.0.jar:/home/runner/.m2/repository/com/google/code/findbugs/jsr305/3.0.2/jsr305-3.0.2.jar:/home/runner/.m2/repository/org/apache/kerby/kerb-core/1.0.1/kerb-core-1.0.1.jar:/home/runner/.m2/repository/org/apache/kerby/kerby-pkix/1.0.1/kerby-pkix-1.0.1.jar:/home/runner/.m2/repository/org/apache/kerby/kerby-asn1/1.0.1/kerby-asn1-1.0.1.jar:/home/runner/.m2/repository/org/apache/kerby/kerby-util/1.0.1/kerby-util-1.0.1.jar:/home/runner/.m2/repository/dnsjava/dnsjava/2.1.7/dnsjava-2.1.7.jar:/home/runner/.m2/repository/com/fasterxml/jackson/core/jackson-databind/2.16.1/jackson-databind-2.16.1.jar:/home/runner/.m2/repository/org/apache/hadoop/hadoop-kms/3.3.6/hadoop-kms-3.3.6-tests.jar:/home/runner/work/ozone/ozone/hadoop-hdds/server-scm/target/test-classes:/home/runner/work/ozone/ozone/hadoop-hdds/container-service/target/test-classes:/home/runner/.m2/repository/com/github/luben/zstd-jni/1.5.6-2/zstd-jni-1.5.6-2.jar:/home/runner/.m2/repository/commons-codec/commons-codec/1.15/commons-codec-1.15.jar:/home/runner/.m2/repository/io/netty/netty-codec/4.1.109.Final/netty-codec-4.1.109.Final.jar:/home/runner/.m2/repository/io/netty/netty-handler/4.1.109.Final/netty-handler-4.1.109.Final.jar:/home/runner/work/ozone/ozone/hadoop-hdds/hadoop-dependency-test/target/classes:/home/runner/.m2/repository/org/apache/hadoop/hadoop-common/3.3.6/hadoop-common-3.3.6-tests.jar:/home/runner/.m2/repository/org/apache/hadoop/hadoop-hdfs/3.3.6/hadoop-hdfs-3.3.6-tests.jar:/home/runner/.m2/repository/org/junit/jupiter/junit-jupiter-engine/5.10.2/junit-jupiter-engine-5.10.2.jar:/home/runner/.m2/repository/org/junit/jupiter/junit-jupiter-params/5.10.2/junit-jupiter-params-5.10.2.jar:/home/runner/.m2/repository/org/mockito/mockito-core/4.11.0/mockito-core-4.11.0.jar:/home/runner/.m2/repository/net/bytebuddy/byte-buddy/1.12.19/byte-buddy-1.12.19.jar:/home/runner/.m2/repository/net/bytebuddy/byte-buddy-agent/1.12.19/byte-buddy-agent-1.12.19.jar:/home/runner/.m2/repository/org/objenesis/objenesis/3.3/objenesis-3.3.jar:/home/runner/.m2/repository/org/mockito/mockito-inline/4.11.0/mockito-inline-4.11.0.jar:/home/runner/.m2/repository/org/mockito/mockito-junit-jupiter/4.11.0/mockito-junit-jupiter-4.11.0.jar:/home/runner/.m2/repository/org/apache/hadoop/hadoop-distcp/3.3.6/hadoop-distcp-3.3.6.jar:/home/runner/.m2/repository/org/apache/hadoop/hadoop-mapreduce-client-jobclient/3.3.6/hadoop-mapreduce-client-jobclient-3.3.6.jar:/home/runner/.m2/repository/org/apache/hadoop/hadoop-mapreduce-client-common/3.3.6/hadoop-mapreduce-client-common-3.3.6.jar:/home/runner/.m2/repository/org/apache/hadoop/hadoop-yarn-common/3.3.6/hadoop-yarn-common-3.3.6.jar:/home/runner/.m2/repository/org/apache/hadoop/hadoop-yarn-api/3.3.6/hadoop-yarn-api-3.3.6.jar:/home/runner/.m2/repository/javax/xml/bind/jaxb-api/2.2.11/jaxb-api-2.2.11.jar:/home/runner/.m2/repository/com/sun/jersey/contribs/jersey-guice/1.19.4/jersey-guice-1.19.4.jar:/home/runner/.m2/repository/com/fasterxml/jackson/jaxrs/jackson-jaxrs-json-provider/2.16.1/jackson-jaxrs-json-provider-2.16.1.jar:/home/runner/.m2/repository/com/fasterxml/jackson/jaxrs/jackson-jaxrs-base/2.16.1/jackson-jaxrs-base-2.16.1.jar:/home/runner/.m2/repository/org/apache/hadoop/hadoop-yarn-client/3.3.6/hadoop-yarn-client-3.3.6.jar:/home/runner/.m2/repository/org/eclipse/jetty/websocket/websocket-client/9.4.51.v20230217/websocket-client-9.4.51.v20230217.jar:/home/runner/.m2/repository/org/eclipse/jetty/websocket/websocket-common/9.4.51.v20230217/websocket-common-9.4.51.v20230217.jar:/home/runner/.m2/repository/org/eclipse/jetty/websocket/websocket-api/9.4.51.v20230217/websocket-api-9.4.51.v20230217.jar:/home/runner/.m2/repository/org/jline/jline/3.9.0/jline-3.9.0.jar:/home/runner/.m2/repository/org/apache/hadoop/hadoop-mapreduce-client-core/3.3.6/hadoop-mapreduce-client-core-3.3.6.jar:/home/runner/.m2/repository/org/apache/avro/avro/1.7.7/avro-1.7.7.jar:/home/runner/.m2/repository/com/thoughtworks/paranamer/paranamer/2.3/paranamer-2.3.jar:/home/runner/.m2/repository/org/apache/hadoop/hadoop-annotations/3.3.6/hadoop-annotations-3.3.6.jar:/home/runner/.m2/repository/io/netty/netty/3.10.6.Final/netty-3.10.6.Final.jar:/home/runner/.m2/repository/org/apache/hadoop/hadoop-distcp/3.3.6/hadoop-distcp-3.3.6-tests.jar:/home/runner/.m2/repository/org/hamcrest/hamcrest/2.2/hamcrest-2.2.jar:/home/runner/.m2/repository/org/slf4j/jul-to-slf4j/2.0.12/jul-to-slf4j-2.0.12.jar:/home/runner/work/ozone/ozone/hadoop-ozone/integration-test/target/gradle-enterprise/test-listeners.jar:"/>
    <property name="java.vm.vendor" value="Eclipse Adoptium"/>
    <property name="sun.arch.data.model" value="64"/>
    <property name="test.build.dir" value="/home/runner/work/ozone/ozone/hadoop-ozone/integration-test/target/test-dir"/>
    <property name="test.cache.data" value=""/>
    <property name="java.vendor.url" value="https://adoptium.net/"/>
    <property name="user.timezone" value="Etc/UTC"/>
    <property name="maven-surefire-plugin.argLineAccessArgs" value=" --add-opens java.management/com.sun.jmx.mbeanserver=ALL-UNNAMED --add-exports java.management/com.sun.jmx.mbeanserver=ALL-UNNAMED --add-opens java.base/java.nio=ALL-UNNAMED --add-opens java.base/java.lang=ALL-UNNAMED --add-opens java.base/java.lang.reflect=ALL-UNNAMED"/>
    <property name="os.name" value="Linux"/>
    <property name="java.vm.specification.version" value="17"/>
    <property name="test.build.data" value="/home/runner/work/ozone/ozone/hadoop-ozone/integration-test/target/test-dir"/>
    <property name="sun.java.launcher" value="SUN_STANDARD"/>
    <property name="sun.boot.library.path" value="/usr/lib/jvm/temurin-17-jdk-amd64/lib"/>
    <property name="sun.java.command" value="/home/runner/work/ozone/ozone/hadoop-ozone/integration-test/target/surefire/surefirebooter14986762544959040510.jar /home/runner/work/ozone/ozone/hadoop-ozone/integration-test/target/surefire 2024-05-03T17-59-14_869-jvmRun1 surefire17050893977494291255tmp surefire_2017708849555070049458tmp"/>
    <property name="jdk.debug" value="release"/>
    <property name="native.lib.tmp.dir" value="/tmp"/>
    <property name="surefire.test.class.path" value="/home/runner/work/ozone/ozone/hadoop-ozone/integration-test/target/test-classes:/home/runner/work/ozone/ozone/hadoop-ozone/integration-test/target/classes:/home/runner/work/ozone/ozone/hadoop-ozone/common/target/classes:/home/runner/.m2/repository/io/grpc/grpc-netty/1.58.0/grpc-netty-1.58.0.jar:/home/runner/.m2/repository/io/grpc/grpc-core/1.58.0/grpc-core-1.58.0.jar:/home/runner/.m2/repository/com/google/android/annotations/4.1.1.4/annotations-4.1.1.4.jar:/home/runner/.m2/repository/org/codehaus/mojo/animal-sniffer-annotations/1.23/animal-sniffer-annotations-1.23.jar:/home/runner/.m2/repository/io/grpc/grpc-context/1.58.0/grpc-context-1.58.0.jar:/home/runner/.m2/repository/io/grpc/grpc-util/1.58.0/grpc-util-1.58.0.jar:/home/runner/.m2/repository/com/google/errorprone/error_prone_annotations/2.2.0/error_prone_annotations-2.2.0.jar:/home/runner/.m2/repository/io/perfmark/perfmark-api/0.26.0/perfmark-api-0.26.0.jar:/home/runner/.m2/repository/io/netty/netty-codec-http2/4.1.109.Final/netty-codec-http2-4.1.109.Final.jar:/home/runner/.m2/repository/io/netty/netty-common/4.1.109.Final/netty-common-4.1.109.Final.jar:/home/runner/.m2/repository/io/netty/netty-buffer/4.1.109.Final/netty-buffer-4.1.109.Final.jar:/home/runner/.m2/repository/io/netty/netty-codec-http/4.1.109.Final/netty-codec-http-4.1.109.Final.jar:/home/runner/.m2/repository/io/netty/netty-handler-proxy/4.1.109.Final/netty-handler-proxy-4.1.109.Final.jar:/home/runner/.m2/repository/io/netty/netty-codec-socks/4.1.109.Final/netty-codec-socks-4.1.109.Final.jar:/home/runner/.m2/repository/io/netty/netty-tcnative-boringssl-static/2.0.65.Final/netty-tcnative-boringssl-static-2.0.65.Final.jar:/home/runner/.m2/repository/io/netty/netty-tcnative-classes/2.0.65.Final/netty-tcnative-classes-2.0.65.Final.jar:/home/runner/.m2/repository/io/netty/netty-tcnative-boringssl-static/2.0.65.Final/netty-tcnative-boringssl-static-2.0.65.Final-linux-x86_64.jar:/home/runner/.m2/repository/io/netty/netty-tcnative-boringssl-static/2.0.65.Final/netty-tcnative-boringssl-static-2.0.65.Final-linux-aarch_64.jar:/home/runner/.m2/repository/io/netty/netty-tcnative-boringssl-static/2.0.65.Final/netty-tcnative-boringssl-static-2.0.65.Final-osx-x86_64.jar:/home/runner/.m2/repository/io/netty/netty-tcnative-boringssl-static/2.0.65.Final/netty-tcnative-boringssl-static-2.0.65.Final-osx-aarch_64.jar:/home/runner/.m2/repository/io/netty/netty-tcnative-boringssl-static/2.0.65.Final/netty-tcnative-boringssl-static-2.0.65.Final-windows-x86_64.jar:/home/runner/.m2/repository/org/apache/commons/commons-compress/1.26.0/commons-compress-1.26.0.jar:/home/runner/work/ozone/ozone/hadoop-hdds/common/target/classes:/home/runner/work/ozone/ozone/hadoop-hdds/client/target/classes:/home/runner/work/ozone/ozone/hadoop-ozone/interface-client/target/classes:/home/runner/.m2/repository/org/apache/hadoop/hadoop-hdfs-client/3.3.6/hadoop-hdfs-client-3.3.6.jar:/home/runner/.m2/repository/com/squareup/okhttp3/okhttp/4.12.0/okhttp-4.12.0.jar:/home/runner/.m2/repository/com/squareup/okio/okio/3.6.0/okio-3.6.0.jar:/home/runner/.m2/repository/com/squareup/okio/okio-jvm/3.6.0/okio-jvm-3.6.0.jar:/home/runner/.m2/repository/org/jetbrains/kotlin/kotlin-stdlib-jdk8/1.9.22/kotlin-stdlib-jdk8-1.9.22.jar:/home/runner/.m2/repository/org/jetbrains/kotlin/kotlin-stdlib-jdk7/1.9.22/kotlin-stdlib-jdk7-1.9.22.jar:/home/runner/.m2/repository/org/jetbrains/kotlin/kotlin-stdlib-common/1.9.22/kotlin-stdlib-common-1.9.22.jar:/home/runner/work/ozone/ozone/hadoop-hdds/test-utils/target/classes:/home/runner/.m2/repository/org/assertj/assertj-core/3.12.2/assertj-core-3.12.2.jar:/home/runner/.m2/repository/com/google/guava/guava/32.1.3-jre/guava-32.1.3-jre.jar:/home/runner/.m2/repository/com/google/guava/failureaccess/1.0.1/failureaccess-1.0.1.jar:/home/runner/.m2/repository/com/google/guava/listenablefuture/9999.0-empty-to-avoid-conflict-with-guava/listenablefuture-9999.0-empty-to-avoid-conflict-with-guava.jar:/home/runner/.m2/repository/org/checkerframework/checker-qual/3.37.0/checker-qual-3.37.0.jar:/home/runner/.m2/repository/com/google/j2objc/j2objc-annotations/2.8/j2objc-annotations-2.8.jar:/home/runner/.m2/repository/commons-io/commons-io/2.16.1/commons-io-2.16.1.jar:/home/runner/.m2/repository/commons-logging/commons-logging/1.2/commons-logging-1.2.jar:/home/runner/.m2/repository/org/junit/jupiter/junit-jupiter-api/5.10.2/junit-jupiter-api-5.10.2.jar:/home/runner/.m2/repository/org/opentest4j/opentest4j/1.3.0/opentest4j-1.3.0.jar:/home/runner/.m2/repository/org/junit/platform/junit-platform-commons/1.10.2/junit-platform-commons-1.10.2.jar:/home/runner/.m2/repository/ch/qos/reload4j/reload4j/1.2.25/reload4j-1.2.25.jar:/home/runner/.m2/repository/jakarta/annotation/jakarta.annotation-api/2.1.1/jakarta.annotation-api-2.1.1.jar:/home/runner/.m2/repository/org/slf4j/slf4j-api/2.0.12/slf4j-api-2.0.12.jar:/home/runner/.m2/repository/org/apache/logging/log4j/log4j-api/2.17.1/log4j-api-2.17.1.jar:/home/runner/work/ozone/ozone/hadoop-hdds/server-scm/target/classes:/home/runner/.m2/repository/com/google/protobuf/protobuf-java/2.5.0/protobuf-java-2.5.0.jar:/home/runner/work/ozone/ozone/hadoop-hdds/container-service/target/classes:/home/runner/work/ozone/ozone/hadoop-hdds/hadoop-dependency-server/target/classes:/home/runner/.m2/repository/com/nimbusds/nimbus-jose-jwt/9.37.2/nimbus-jose-jwt-9.37.2.jar:/home/runner/.m2/repository/com/github/stephenc/jcip/jcip-annotations/1.0-1/jcip-annotations-1.0-1.jar:/home/runner/.m2/repository/org/apache/hadoop/hadoop-hdfs/3.3.6/hadoop-hdfs-3.3.6.jar:/home/runner/.m2/repository/commons-daemon/commons-daemon/1.3.4/commons-daemon-1.3.4.jar:/home/runner/.m2/repository/org/xerial/snappy/snappy-java/1.1.10.5/snappy-java-1.1.10.5.jar:/home/runner/work/ozone/ozone/hadoop-hdds/framework/target/classes:/home/runner/.m2/repository/org/bouncycastle/bcprov-jdk18on/1.77/bcprov-jdk18on-1.77.jar:/home/runner/.m2/repository/io/dropwizard/metrics/metrics-core/3.2.4/metrics-core-3.2.4.jar:/home/runner/.m2/repository/org/apache/commons/commons-text/1.11.0/commons-text-1.11.0.jar:/home/runner/work/ozone/ozone/hadoop-hdds/framework/target/test-classes:/home/runner/work/ozone/ozone/hadoop-hdds/interface-server/target/classes:/home/runner/work/ozone/ozone/hadoop-hdds/interface-admin/target/classes:/home/runner/work/ozone/ozone/hadoop-hdds/managed-rocksdb/target/classes:/home/runner/.m2/repository/org/rocksdb/rocksdbjni/7.7.3/rocksdbjni-7.7.3.jar:/home/runner/.m2/repository/org/slf4j/slf4j-reload4j/2.0.12/slf4j-reload4j-2.0.12.jar:/home/runner/.m2/repository/org/apache/commons/commons-configuration2/2.10.1/commons-configuration2-2.10.1.jar:/home/runner/.m2/repository/commons-fileupload/commons-fileupload/1.5/commons-fileupload-1.5.jar:/home/runner/.m2/repository/org/apache/logging/log4j/log4j-core/2.17.1/log4j-core-2.17.1.jar:/home/runner/.m2/repository/com/lmax/disruptor/3.4.4/disruptor-3.4.4.jar:/home/runner/.m2/repository/org/eclipse/jetty/jetty-util/9.4.54.v20240208/jetty-util-9.4.54.v20240208.jar:/home/runner/.m2/repository/org/eclipse/jetty/jetty-server/9.4.54.v20240208/jetty-server-9.4.54.v20240208.jar:/home/runner/.m2/repository/org/eclipse/jetty/jetty-http/9.4.54.v20240208/jetty-http-9.4.54.v20240208.jar:/home/runner/.m2/repository/org/eclipse/jetty/jetty-io/9.4.54.v20240208/jetty-io-9.4.54.v20240208.jar:/home/runner/.m2/repository/org/eclipse/jetty/jetty-servlet/9.4.54.v20240208/jetty-servlet-9.4.54.v20240208.jar:/home/runner/.m2/repository/org/eclipse/jetty/jetty-security/9.4.54.v20240208/jetty-security-9.4.54.v20240208.jar:/home/runner/.m2/repository/org/eclipse/jetty/jetty-util-ajax/9.4.54.v20240208/jetty-util-ajax-9.4.54.v20240208.jar:/home/runner/.m2/repository/org/eclipse/jetty/jetty-webapp/9.4.54.v20240208/jetty-webapp-9.4.54.v20240208.jar:/home/runner/.m2/repository/org/eclipse/jetty/jetty-xml/9.4.54.v20240208/jetty-xml-9.4.54.v20240208.jar:/home/runner/.m2/repository/org/apache/ratis/ratis-server/3.0.1/ratis-server-3.0.1.jar:/home/runner/.m2/repository/org/apache/ratis/ratis-thirdparty-misc/1.0.5/ratis-thirdparty-misc-1.0.5.jar:/home/runner/.m2/repository/org/apache/ratis/ratis-proto/3.0.1/ratis-proto-3.0.1.jar:/home/runner/.m2/repository/org/apache/ratis/ratis-common/3.0.1/ratis-common-3.0.1.jar:/home/runner/.m2/repository/org/apache/ratis/ratis-client/3.0.1/ratis-client-3.0.1.jar:/home/runner/.m2/repository/org/apache/ratis/ratis-server-api/3.0.1/ratis-server-api-3.0.1.jar:/home/runner/.m2/repository/org/apache/ratis/ratis-metrics-api/3.0.1/ratis-metrics-api-3.0.1.jar:/home/runner/.m2/repository/org/apache/ratis/ratis-metrics-dropwizard3/3.0.1/ratis-metrics-dropwizard3-3.0.1.jar:/home/runner/.m2/repository/io/prometheus/simpleclient_dropwizard/0.16.0/simpleclient_dropwizard-0.16.0.jar:/home/runner/.m2/repository/io/prometheus/simpleclient/0.16.0/simpleclient-0.16.0.jar:/home/runner/.m2/repository/io/prometheus/simpleclient_common/0.16.0/simpleclient_common-0.16.0.jar:/home/runner/.m2/repository/com/fasterxml/jackson/datatype/jackson-datatype-jsr310/2.16.1/jackson-datatype-jsr310-2.16.1.jar:/home/runner/.m2/repository/com/fasterxml/jackson/core/jackson-core/2.16.1/jackson-core-2.16.1.jar:/home/runner/work/ozone/ozone/hadoop-hdds/rocksdb-checkpoint-differ/target/classes:/home/runner/.m2/repository/org/jgrapht/jgrapht-core/1.4.0/jgrapht-core-1.4.0.jar:/home/runner/.m2/repository/org/jheaps/jheaps/0.11/jheaps-0.11.jar:/home/runner/.m2/repository/org/jgrapht/jgrapht-ext/1.4.0/jgrapht-ext-1.4.0.jar:/home/runner/.m2/repository/com/github/vlsi/mxgraph/jgraphx/3.9.8.1/jgraphx-3.9.8.1.jar:/home/runner/work/ozone/ozone/hadoop-ozone/ozone-manager/target/classes:/home/runner/.m2/repository/org/aspectj/aspectjrt/1.9.7/aspectjrt-1.9.7.jar:/home/runner/.m2/repository/org/aspectj/aspectjweaver/1.9.7/aspectjweaver-1.9.7.jar:/home/runner/work/ozone/ozone/hadoop-hdds/interface-client/target/classes:/home/runner/.m2/repository/org/apache/hadoop/thirdparty/hadoop-shaded-protobuf_3_7/1.1.1/hadoop-shaded-protobuf_3_7-1.1.1.jar:/home/runner/work/ozone/ozone/hadoop-ozone/interface-storage/target/classes:/home/runner/.m2/repository/org/reflections/reflections/0.10.2/reflections-0.10.2.jar:/home/runner/.m2/repository/com/sun/jersey/jersey-client/1.19.4/jersey-client-1.19.4.jar:/home/runner/.m2/repository/org/codehaus/jackson/jackson-core-asl/1.9.13/jackson-core-asl-1.9.13.jar:/home/runner/.m2/repository/org/codehaus/jackson/jackson-mapper-asl/1.9.13/jackson-mapper-asl-1.9.13.jar:/home/runner/.m2/repository/org/codehaus/jackson/jackson-jaxrs/1.9.13/jackson-jaxrs-1.9.13.jar:/home/runner/.m2/repository/org/apache/ranger/ranger-intg/2.3.0/ranger-intg-2.3.0.jar:/home/runner/.m2/repository/org/apache/ranger/ranger-plugins-common/2.3.0/ranger-plugins-common-2.3.0.jar:/home/runner/.m2/repository/commons-lang/commons-lang/2.6/commons-lang-2.6.jar:/home/runner/.m2/repository/org/apache/ranger/ranger-plugins-cred/2.3.0/ranger-plugins-cred-2.3.0.jar:/home/runner/.m2/repository/org/apache/ranger/ranger-plugins-audit/2.3.0/ranger-plugins-audit-2.3.0.jar:/home/runner/.m2/repository/org/eclipse/jetty/jetty-client/9.4.54.v20240208/jetty-client-9.4.54.v20240208.jar:/home/runner/.m2/repository/org/apache/httpcomponents/httpmime/4.5.6/httpmime-4.5.6.jar:/home/runner/.m2/repository/org/apache/httpcomponents/httpcore-nio/4.4.16/httpcore-nio-4.4.16.jar:/home/runner/.m2/repository/org/apache/httpcomponents/httpasyncclient/4.1.3/httpasyncclient-4.1.3.jar:/home/runner/.m2/repository/com/carrotsearch/hppc/0.8.0/hppc-0.8.0.jar:/home/runner/.m2/repository/org/apache/orc/orc-core/1.5.8/orc-core-1.5.8.jar:/home/runner/.m2/repository/net/java/dev/jna/jna/5.2.0/jna-5.2.0.jar:/home/runner/.m2/repository/net/java/dev/jna/jna-platform/5.2.0/jna-platform-5.2.0.jar:/home/runner/.m2/repository/com/kstruct/gethostname4j/0.0.2/gethostname4j-0.0.2.jar:/home/runner/.m2/repository/org/apache/ranger/ranger-plugin-classloader/2.3.0/ranger-plugin-classloader-2.3.0.jar:/home/runner/work/ozone/ozone/hadoop-hdds/rocks-native/target/classes:/home/runner/.m2/repository/org/apache/hadoop/hadoop-minikdc/3.3.6/hadoop-minikdc-3.3.6.jar:/home/runner/.m2/repository/org/apache/kerby/kerb-simplekdc/1.0.1/kerb-simplekdc-1.0.1.jar:/home/runner/.m2/repository/org/apache/kerby/kerb-client/1.0.1/kerb-client-1.0.1.jar:/home/runner/.m2/repository/org/apache/kerby/kerby-config/1.0.1/kerby-config-1.0.1.jar:/home/runner/.m2/repository/org/apache/kerby/kerb-common/1.0.1/kerb-common-1.0.1.jar:/home/runner/.m2/repository/org/apache/kerby/kerb-crypto/1.0.1/kerb-crypto-1.0.1.jar:/home/runner/.m2/repository/org/apache/kerby/kerb-util/1.0.1/kerb-util-1.0.1.jar:/home/runner/.m2/repository/org/apache/kerby/token-provider/1.0.1/token-provider-1.0.1.jar:/home/runner/.m2/repository/org/apache/kerby/kerb-admin/1.0.1/kerb-admin-1.0.1.jar:/home/runner/.m2/repository/org/apache/kerby/kerb-server/1.0.1/kerb-server-1.0.1.jar:/home/runner/.m2/repository/org/apache/kerby/kerb-identity/1.0.1/kerb-identity-1.0.1.jar:/home/runner/.m2/repository/org/apache/kerby/kerby-xdr/1.0.1/kerby-xdr-1.0.1.jar:/home/runner/.m2/repository/junit/junit/4.13.2/junit-4.13.2.jar:/home/runner/.m2/repository/org/hamcrest/hamcrest-core/1.3/hamcrest-core-1.3.jar:/home/runner/work/ozone/ozone/hadoop-ozone/s3gateway/target/classes:/home/runner/.m2/repository/org/javassist/javassist/3.30.2-GA/javassist-3.30.2-GA.jar:/home/runner/.m2/repository/org/jboss/weld/servlet/weld-servlet-shaded/3.1.9.Final/weld-servlet-shaded-3.1.9.Final.jar:/home/runner/.m2/repository/org/glassfish/jersey/containers/jersey-container-servlet-core/2.42/jersey-container-servlet-core-2.42.jar:/home/runner/.m2/repository/org/glassfish/hk2/external/jakarta.inject/2.6.1/jakarta.inject-2.6.1.jar:/home/runner/.m2/repository/org/glassfish/jersey/core/jersey-common/2.42/jersey-common-2.42.jar:/home/runner/.m2/repository/jakarta/ws/rs/jakarta.ws.rs-api/2.1.6/jakarta.ws.rs-api-2.1.6.jar:/home/runner/.m2/repository/org/glassfish/jersey/ext/cdi/jersey-cdi1x/2.42/jersey-cdi1x-2.42.jar:/home/runner/.m2/repository/org/glassfish/jersey/inject/jersey-hk2/2.42/jersey-hk2-2.42.jar:/home/runner/.m2/repository/org/glassfish/hk2/hk2-locator/2.6.1/hk2-locator-2.6.1.jar:/home/runner/.m2/repository/org/glassfish/jersey/media/jersey-media-jaxb/2.42/jersey-media-jaxb-2.42.jar:/home/runner/.m2/repository/org/glassfish/hk2/osgi-resource-locator/1.0.3/osgi-resource-locator-1.0.3.jar:/home/runner/.m2/repository/org/glassfish/hk2/hk2-api/2.6.1/hk2-api-2.6.1.jar:/home/runner/.m2/repository/org/glassfish/hk2/hk2-utils/2.6.1/hk2-utils-2.6.1.jar:/home/runner/.m2/repository/org/glassfish/hk2/external/aopalliance-repackaged/2.6.1/aopalliance-repackaged-2.6.1.jar:/home/runner/.m2/repository/com/fasterxml/jackson/dataformat/jackson-dataformat-xml/2.16.1/jackson-dataformat-xml-2.16.1.jar:/home/runner/.m2/repository/org/codehaus/woodstox/stax2-api/4.2.2/stax2-api-4.2.2.jar:/home/runner/.m2/repository/com/fasterxml/woodstox/woodstox-core/5.4.0/woodstox-core-5.4.0.jar:/home/runner/.m2/repository/com/fasterxml/jackson/module/jackson-module-jaxb-annotations/2.16.1/jackson-module-jaxb-annotations-2.16.1.jar:/home/runner/.m2/repository/javax/enterprise/cdi-api/2.0/cdi-api-2.0.jar:/home/runner/.m2/repository/javax/el/javax.el-api/3.0.0/javax.el-api-3.0.0.jar:/home/runner/.m2/repository/javax/interceptor/javax.interceptor-api/1.2/javax.interceptor-api-1.2.jar:/home/runner/.m2/repository/javax/inject/javax.inject/1/javax.inject-1.jar:/home/runner/.m2/repository/jakarta/xml/bind/jakarta.xml.bind-api/2.3.3/jakarta.xml.bind-api-2.3.3.jar:/home/runner/.m2/repository/org/glassfish/jaxb/jaxb-runtime/2.3.9/jaxb-runtime-2.3.9.jar:/home/runner/.m2/repository/org/glassfish/jaxb/txw2/2.3.9/txw2-2.3.9.jar:/home/runner/.m2/repository/com/sun/istack/istack-commons-runtime/3.0.12/istack-commons-runtime-3.0.12.jar:/home/runner/.m2/repository/com/sun/activation/jakarta.activation/1.2.2/jakarta.activation-1.2.2.jar:/home/runner/.m2/repository/jakarta/activation/jakarta.activation-api/1.2.2/jakarta.activation-api-1.2.2.jar:/home/runner/.m2/repository/io/grpc/grpc-protobuf/1.58.0/grpc-protobuf-1.58.0.jar:/home/runner/.m2/repository/com/google/api/grpc/proto-google-common-protos/2.22.0/proto-google-common-protos-2.22.0.jar:/home/runner/.m2/repository/io/grpc/grpc-protobuf-lite/1.58.0/grpc-protobuf-lite-1.58.0.jar:/home/runner/.m2/repository/io/grpc/grpc-stub/1.58.0/grpc-stub-1.58.0.jar:/home/runner/.m2/repository/io/netty/netty-transport/4.1.109.Final/netty-transport-4.1.109.Final.jar:/home/runner/.m2/repository/io/netty/netty-resolver/4.1.109.Final/netty-resolver-4.1.109.Final.jar:/home/runner/work/ozone/ozone/hadoop-ozone/csi/target/classes:/home/runner/.m2/repository/com/google/protobuf/protobuf-java-util/3.19.6/protobuf-java-util-3.19.6.jar:/home/runner/.m2/repository/com/google/code/gson/gson/2.10.1/gson-2.10.1.jar:/home/runner/work/ozone/ozone/hadoop-hdds/config/target/classes:/home/runner/.m2/repository/io/netty/netty-transport-native-epoll/4.1.109.Final/netty-transport-native-epoll-4.1.109.Final-linux-x86_64.jar:/home/runner/.m2/repository/io/netty/netty-transport-classes-epoll/4.1.109.Final/netty-transport-classes-epoll-4.1.109.Final.jar:/home/runner/.m2/repository/io/netty/netty-transport-native-unix-common/4.1.109.Final/netty-transport-native-unix-common-4.1.109.Final.jar:/home/runner/work/ozone/ozone/hadoop-ozone/recon/target/classes:/home/runner/work/ozone/ozone/hadoop-ozone/recon-codegen/target/classes:/home/runner/.m2/repository/com/google/inject/guice/6.0.0/guice-6.0.0.jar:/home/runner/.m2/repository/jakarta/inject/jakarta.inject-api/2.0.1/jakarta.inject-api-2.0.1.jar:/home/runner/.m2/repository/aopalliance/aopalliance/1.0/aopalliance-1.0.jar:/home/runner/.m2/repository/com/google/inject/extensions/guice-assistedinject/6.0.0/guice-assistedinject-6.0.0.jar:/home/runner/.m2/repository/com/google/inject/extensions/guice-servlet/6.0.0/guice-servlet-6.0.0.jar:/home/runner/.m2/repository/org/glassfish/jersey/containers/jersey-container-servlet/2.42/jersey-container-servlet-2.42.jar:/home/runner/.m2/repository/org/glassfish/hk2/guice-bridge/2.6.1/guice-bridge-2.6.1.jar:/home/runner/.m2/repository/org/glassfish/jersey/core/jersey-server/2.42/jersey-server-2.42.jar:/home/runner/.m2/repository/org/glassfish/jersey/core/jersey-client/2.42/jersey-client-2.42.jar:/home/runner/.m2/repository/jakarta/validation/jakarta.validation-api/2.0.2/jakarta.validation-api-2.0.2.jar:/home/runner/.m2/repository/org/glassfish/jersey/media/jersey-media-json-jackson/2.42/jersey-media-json-jackson-2.42.jar:/home/runner/.m2/repository/org/glassfish/jersey/ext/jersey-entity-filtering/2.42/jersey-entity-filtering-2.42.jar:/home/runner/.m2/repository/org/jooq/jooq/3.11.10/jooq-3.11.10.jar:/home/runner/.m2/repository/org/jooq/jooq-meta/3.11.10/jooq-meta-3.11.10.jar:/home/runner/.m2/repository/org/jooq/jooq-codegen/3.11.10/jooq-codegen-3.11.10.jar:/home/runner/.m2/repository/com/jolbox/bonecp/0.8.0.RELEASE/bonecp-0.8.0.RELEASE.jar:/home/runner/.m2/repository/org/apache/derby/derby/10.14.2.0/derby-10.14.2.0.jar:/home/runner/.m2/repository/org/xerial/sqlite-jdbc/3.44.1.0/sqlite-jdbc-3.44.1.0.jar:/home/runner/.m2/repository/org/springframework/spring-jdbc/5.3.27/spring-jdbc-5.3.27.jar:/home/runner/.m2/repository/org/springframework/spring-beans/5.3.27/spring-beans-5.3.27.jar:/home/runner/.m2/repository/org/springframework/spring-core/5.3.27/spring-core-5.3.27.jar:/home/runner/.m2/repository/org/springframework/spring-tx/5.3.27/spring-tx-5.3.27.jar:/home/runner/work/ozone/ozone/hadoop-ozone/client/target/classes:/home/runner/work/ozone/ozone/hadoop-hdds/erasurecode/target/classes:/home/runner/work/ozone/ozone/hadoop-ozone/ozonefs/target/classes:/home/runner/work/ozone/ozone/hadoop-ozone/ozonefs-common/target/classes:/home/runner/work/ozone/ozone/hadoop-ozone/tools/target/classes:/home/runner/.m2/repository/com/amazonaws/aws-java-sdk-core/1.12.661/aws-java-sdk-core-1.12.661.jar:/home/runner/.m2/repository/org/apache/httpcomponents/httpclient/4.5.14/httpclient-4.5.14.jar:/home/runner/.m2/repository/org/apache/httpcomponents/httpcore/4.4.16/httpcore-4.4.16.jar:/home/runner/.m2/repository/com/fasterxml/jackson/dataformat/jackson-dataformat-cbor/2.16.1/jackson-dataformat-cbor-2.16.1.jar:/home/runner/.m2/repository/joda-time/joda-time/2.12.7/joda-time-2.12.7.jar:/home/runner/.m2/repository/com/amazonaws/aws-java-sdk-s3/1.12.661/aws-java-sdk-s3-1.12.661.jar:/home/runner/.m2/repository/com/amazonaws/aws-java-sdk-kms/1.12.661/aws-java-sdk-kms-1.12.661.jar:/home/runner/.m2/repository/com/amazonaws/jmespath-java/1.12.661/jmespath-java-1.12.661.jar:/home/runner/.m2/repository/org/kohsuke/metainf-services/metainf-services/1.11/metainf-services-1.11.jar:/home/runner/work/ozone/ozone/hadoop-hdds/tools/target/classes:/home/runner/.m2/repository/org/apache/ratis/ratis-tools/3.0.1/ratis-tools-3.0.1.jar:/home/runner/.m2/repository/commons-cli/commons-cli/1.6.0/commons-cli-1.6.0.jar:/home/runner/.m2/repository/org/apache/commons/commons-lang3/3.14.0/commons-lang3-3.14.0.jar:/home/runner/work/ozone/ozone/hadoop-ozone/ozone-manager/target/test-classes:/home/runner/work/ozone/ozone/hadoop-hdds/common/target/test-classes:/home/runner/work/ozone/ozone/hadoop-hdds/hadoop-dependency-client/target/classes:/home/runner/.m2/repository/info/picocli/picocli/4.7.5/picocli-4.7.5.jar:/home/runner/.m2/repository/com/fasterxml/jackson/core/jackson-annotations/2.16.1/jackson-annotations-2.16.1.jar:/home/runner/work/ozone/ozone/hadoop-hdds/annotations/target/classes:/home/runner/.m2/repository/javax/annotation/javax.annotation-api/1.3.2/javax.annotation-api-1.3.2.jar:/home/runner/.m2/repository/org/apache/ratis/ratis-netty/3.0.1/ratis-netty-3.0.1.jar:/home/runner/.m2/repository/org/apache/ratis/ratis-grpc/3.0.1/ratis-grpc-3.0.1.jar:/home/runner/.m2/repository/org/bouncycastle/bcpkix-jdk18on/1.77/bcpkix-jdk18on-1.77.jar:/home/runner/.m2/repository/org/bouncycastle/bcutil-jdk18on/1.77/bcutil-jdk18on-1.77.jar:/home/runner/.m2/repository/commons-validator/commons-validator/1.6/commons-validator-1.6.jar:/home/runner/.m2/repository/commons-beanutils/commons-beanutils/1.9.4/commons-beanutils-1.9.4.jar:/home/runner/.m2/repository/commons-digester/commons-digester/1.8.1/commons-digester-1.8.1.jar:/home/runner/.m2/repository/commons-collections/commons-collections/3.2.2/commons-collections-3.2.2.jar:/home/runner/.m2/repository/io/jaegertracing/jaeger-client/1.8.1/jaeger-client-1.8.1.jar:/home/runner/.m2/repository/io/jaegertracing/jaeger-thrift/1.8.1/jaeger-thrift-1.8.1.jar:/home/runner/.m2/repository/org/apache/thrift/libthrift/0.15.0/libthrift-0.15.0.jar:/home/runner/.m2/repository/io/jaegertracing/jaeger-core/1.8.1/jaeger-core-1.8.1.jar:/home/runner/.m2/repository/io/jaegertracing/jaeger-tracerresolver/1.8.1/jaeger-tracerresolver-1.8.1.jar:/home/runner/.m2/repository/io/opentracing/contrib/opentracing-tracerresolver/0.1.8/opentracing-tracerresolver-0.1.8.jar:/home/runner/.m2/repository/org/jetbrains/kotlin/kotlin-stdlib/1.9.22/kotlin-stdlib-1.9.22.jar:/home/runner/.m2/repository/org/jetbrains/annotations/13.0/annotations-13.0.jar:/home/runner/.m2/repository/io/opentracing/opentracing-util/0.33.0/opentracing-util-0.33.0.jar:/home/runner/.m2/repository/io/opentracing/opentracing-api/0.33.0/opentracing-api-0.33.0.jar:/home/runner/.m2/repository/io/opentracing/opentracing-noop/0.33.0/opentracing-noop-0.33.0.jar:/home/runner/.m2/repository/org/yaml/snakeyaml/2.0/snakeyaml-2.0.jar:/home/runner/.m2/repository/io/grpc/grpc-api/1.58.0/grpc-api-1.58.0.jar:/home/runner/.m2/repository/org/junit/platform/junit-platform-launcher/1.10.2/junit-platform-launcher-1.10.2.jar:/home/runner/.m2/repository/org/junit/platform/junit-platform-engine/1.10.2/junit-platform-engine-1.10.2.jar:/home/runner/.m2/repository/org/apiguardian/apiguardian-api/1.1.2/apiguardian-api-1.1.2.jar:/home/runner/.m2/repository/org/apache/hadoop/hadoop-kms/3.3.6/hadoop-kms-3.3.6.jar:/home/runner/.m2/repository/org/apache/hadoop/hadoop-auth/3.3.6/hadoop-auth-3.3.6.jar:/home/runner/.m2/repository/org/apache/zookeeper/zookeeper/3.8.4/zookeeper-3.8.4.jar:/home/runner/.m2/repository/org/apache/zookeeper/zookeeper-jute/3.8.4/zookeeper-jute-3.8.4.jar:/home/runner/.m2/repository/org/apache/yetus/audience-annotations/0.12.0/audience-annotations-0.12.0.jar:/home/runner/.m2/repository/org/apache/curator/curator-framework/4.2.0/curator-framework-4.2.0.jar:/home/runner/.m2/repository/org/apache/hadoop/thirdparty/hadoop-shaded-guava/1.2.0/hadoop-shaded-guava-1.2.0.jar:/home/runner/.m2/repository/com/sun/jersey/jersey-core/1.19.4/jersey-core-1.19.4.jar:/home/runner/.m2/repository/javax/ws/rs/jsr311-api/1.1.1/jsr311-api-1.1.1.jar:/home/runner/.m2/repository/com/sun/jersey/jersey-server/1.19.4/jersey-server-1.19.4.jar:/home/runner/.m2/repository/javax/servlet/javax.servlet-api/3.1.0/javax.servlet-api-3.1.0.jar:/home/runner/.m2/repository/org/apache/hadoop/hadoop-common/3.3.6/hadoop-common-3.3.6.jar:/home/runner/.m2/repository/org/apache/commons/commons-math3/3.6.1/commons-math3-3.6.1.jar:/home/runner/.m2/repository/commons-net/commons-net/3.10.0/commons-net-3.10.0.jar:/home/runner/.m2/repository/com/sun/jersey/jersey-servlet/1.19.4/jersey-servlet-1.19.4.jar:/home/runner/.m2/repository/com/github/pjfanning/jersey-json/1.20/jersey-json-1.20.jar:/home/runner/.m2/repository/org/codehaus/jettison/jettison/1.1/jettison-1.1.jar:/home/runner/.m2/repository/com/sun/xml/bind/jaxb-impl/2.2.3-1/jaxb-impl-2.2.3-1.jar:/home/runner/.m2/repository/com/google/re2j/re2j/1.7/re2j-1.7.jar:/home/runner/.m2/repository/com/jcraft/jsch/0.1.55/jsch-0.1.55.jar:/home/runner/.m2/repository/org/apache/curator/curator-client/4.2.0/curator-client-4.2.0.jar:/home/runner/.m2/repository/org/apache/curator/curator-recipes/5.2.0/curator-recipes-5.2.0.jar:/home/runner/.m2/repository/com/google/code/findbugs/jsr305/3.0.2/jsr305-3.0.2.jar:/home/runner/.m2/repository/org/apache/kerby/kerb-core/1.0.1/kerb-core-1.0.1.jar:/home/runner/.m2/repository/org/apache/kerby/kerby-pkix/1.0.1/kerby-pkix-1.0.1.jar:/home/runner/.m2/repository/org/apache/kerby/kerby-asn1/1.0.1/kerby-asn1-1.0.1.jar:/home/runner/.m2/repository/org/apache/kerby/kerby-util/1.0.1/kerby-util-1.0.1.jar:/home/runner/.m2/repository/dnsjava/dnsjava/2.1.7/dnsjava-2.1.7.jar:/home/runner/.m2/repository/com/fasterxml/jackson/core/jackson-databind/2.16.1/jackson-databind-2.16.1.jar:/home/runner/.m2/repository/org/apache/hadoop/hadoop-kms/3.3.6/hadoop-kms-3.3.6-tests.jar:/home/runner/work/ozone/ozone/hadoop-hdds/server-scm/target/test-classes:/home/runner/work/ozone/ozone/hadoop-hdds/container-service/target/test-classes:/home/runner/.m2/repository/com/github/luben/zstd-jni/1.5.6-2/zstd-jni-1.5.6-2.jar:/home/runner/.m2/repository/commons-codec/commons-codec/1.15/commons-codec-1.15.jar:/home/runner/.m2/repository/io/netty/netty-codec/4.1.109.Final/netty-codec-4.1.109.Final.jar:/home/runner/.m2/repository/io/netty/netty-handler/4.1.109.Final/netty-handler-4.1.109.Final.jar:/home/runner/work/ozone/ozone/hadoop-hdds/hadoop-dependency-test/target/classes:/home/runner/.m2/repository/org/apache/hadoop/hadoop-common/3.3.6/hadoop-common-3.3.6-tests.jar:/home/runner/.m2/repository/org/apache/hadoop/hadoop-hdfs/3.3.6/hadoop-hdfs-3.3.6-tests.jar:/home/runner/.m2/repository/org/junit/jupiter/junit-jupiter-engine/5.10.2/junit-jupiter-engine-5.10.2.jar:/home/runner/.m2/repository/org/junit/jupiter/junit-jupiter-params/5.10.2/junit-jupiter-params-5.10.2.jar:/home/runner/.m2/repository/org/mockito/mockito-core/4.11.0/mockito-core-4.11.0.jar:/home/runner/.m2/repository/net/bytebuddy/byte-buddy/1.12.19/byte-buddy-1.12.19.jar:/home/runner/.m2/repository/net/bytebuddy/byte-buddy-agent/1.12.19/byte-buddy-agent-1.12.19.jar:/home/runner/.m2/repository/org/objenesis/objenesis/3.3/objenesis-3.3.jar:/home/runner/.m2/repository/org/mockito/mockito-inline/4.11.0/mockito-inline-4.11.0.jar:/home/runner/.m2/repository/org/mockito/mockito-junit-jupiter/4.11.0/mockito-junit-jupiter-4.11.0.jar:/home/runner/.m2/repository/org/apache/hadoop/hadoop-distcp/3.3.6/hadoop-distcp-3.3.6.jar:/home/runner/.m2/repository/org/apache/hadoop/hadoop-mapreduce-client-jobclient/3.3.6/hadoop-mapreduce-client-jobclient-3.3.6.jar:/home/runner/.m2/repository/org/apache/hadoop/hadoop-mapreduce-client-common/3.3.6/hadoop-mapreduce-client-common-3.3.6.jar:/home/runner/.m2/repository/org/apache/hadoop/hadoop-yarn-common/3.3.6/hadoop-yarn-common-3.3.6.jar:/home/runner/.m2/repository/org/apache/hadoop/hadoop-yarn-api/3.3.6/hadoop-yarn-api-3.3.6.jar:/home/runner/.m2/repository/javax/xml/bind/jaxb-api/2.2.11/jaxb-api-2.2.11.jar:/home/runner/.m2/repository/com/sun/jersey/contribs/jersey-guice/1.19.4/jersey-guice-1.19.4.jar:/home/runner/.m2/repository/com/fasterxml/jackson/jaxrs/jackson-jaxrs-json-provider/2.16.1/jackson-jaxrs-json-provider-2.16.1.jar:/home/runner/.m2/repository/com/fasterxml/jackson/jaxrs/jackson-jaxrs-base/2.16.1/jackson-jaxrs-base-2.16.1.jar:/home/runner/.m2/repository/org/apache/hadoop/hadoop-yarn-client/3.3.6/hadoop-yarn-client-3.3.6.jar:/home/runner/.m2/repository/org/eclipse/jetty/websocket/websocket-client/9.4.51.v20230217/websocket-client-9.4.51.v20230217.jar:/home/runner/.m2/repository/org/eclipse/jetty/websocket/websocket-common/9.4.51.v20230217/websocket-common-9.4.51.v20230217.jar:/home/runner/.m2/repository/org/eclipse/jetty/websocket/websocket-api/9.4.51.v20230217/websocket-api-9.4.51.v20230217.jar:/home/runner/.m2/repository/org/jline/jline/3.9.0/jline-3.9.0.jar:/home/runner/.m2/repository/org/apache/hadoop/hadoop-mapreduce-client-core/3.3.6/hadoop-mapreduce-client-core-3.3.6.jar:/home/runner/.m2/repository/org/apache/avro/avro/1.7.7/avro-1.7.7.jar:/home/runner/.m2/repository/com/thoughtworks/paranamer/paranamer/2.3/paranamer-2.3.jar:/home/runner/.m2/repository/org/apache/hadoop/hadoop-annotations/3.3.6/hadoop-annotations-3.3.6.jar:/home/runner/.m2/repository/io/netty/netty/3.10.6.Final/netty-3.10.6.Final.jar:/home/runner/.m2/repository/org/apache/hadoop/hadoop-distcp/3.3.6/hadoop-distcp-3.3.6-tests.jar:/home/runner/.m2/repository/org/hamcrest/hamcrest/2.2/hamcrest-2.2.jar:/home/runner/.m2/repository/org/slf4j/jul-to-slf4j/2.0.12/jul-to-slf4j-2.0.12.jar:/home/runner/work/ozone/ozone/hadoop-ozone/integration-test/target/gradle-enterprise/test-listeners.jar:"/>
    <property name="sun.cpu.endian" value="little"/>
    <property name="user.home" value="/home/runner"/>
    <property name="user.language" value="en"/>
    <property name="java.specification.vendor" value="Oracle Corporation"/>
    <property name="java.version.date" value="2024-01-16"/>
    <property name="java.home" value="/usr/lib/jvm/temurin-17-jdk-amd64"/>
    <property name="java.security.krb5.conf" value="/home/runner/work/ozone/ozone/hadoop-ozone/integration-test/target/test-classes/krb5.conf"/>
    <property name="file.separator" value="/"/>
    <property name="basedir" value="/home/runner/work/ozone/ozone/hadoop-ozone/integration-test"/>
    <property name="java.vm.compressedOopsMode" value="Zero based"/>
    <property name="line.separator" value="&#10;"/>
    <property name="java.vm.specification.vendor" value="Oracle Corporation"/>
    <property name="java.specification.name" value="Java Platform API Specification"/>
    <property name="skip.installnpx" value="true"/>
    <property name="surefire.real.class.path" value="/home/runner/work/ozone/ozone/hadoop-ozone/integration-test/target/surefire/surefirebooter14986762544959040510.jar"/>
    <property name="hadoop.log.dir" value="/home/runner/work/ozone/ozone/hadoop-ozone/integration-test/target/log"/>
    <property name="sun.management.compiler" value="HotSpot 64-Bit Tiered Compilers"/>
    <property name="java.runtime.version" value="17.0.10+7"/>
    <property name="skip.npx" value="true"/>
    <property name="user.name" value="runner"/>
    <property name="java.net.preferIPv4Stack" value="true"/>
    <property name="path.separator" value=":"/>
    <property name="java.security.egd" value="file:///dev/urandom"/>
    <property name="os.version" value="5.15.0-1061-azure"/>
    <property name="java.runtime.name" value="OpenJDK Runtime Environment"/>
    <property name="com.gradle.maven.scan.extension.test.listener.junitplatform.NestedExecutionSafeDelegatingTestExecutionListener" value="2fd1433e"/>
    <property name="file.encoding" value="UTF-8"/>
    <property name="java.vm.name" value="OpenJDK 64-Bit Server VM"/>
    <property name="java.vendor.version" value="Temurin-17.0.10+7"/>
    <property name="test.build.webapps" value=""/>
    <property name="gradle.enterprise.listener.port" value="46859"/>
    <property name="localRepository" value="/home/runner/.m2/repository"/>
    <property name="java.vendor.url.bug" value="https://github.com/adoptium/adoptium-support/issues"/>
    <property name="jetty.git.hash" value="cef3fbd6d736a21e7d541a5db490381d95a2047d"/>
    <property name="java.io.tmpdir" value="/tmp"/>
    <property name="require.test.libhadoop" value=""/>
    <property name="java.version" value="17.0.10"/>
    <property name="user.dir" value="/home/runner/work/ozone/ozone/hadoop-ozone/integration-test"/>
    <property name="os.arch" value="amd64"/>
    <property name="java.vm.specification.name" value="Java Virtual Machine Specification"/>
    <property name="test.build.classes" value="/home/runner/work/ozone/ozone/hadoop-ozone/integration-test/target/test-classes"/>
    <property name="org.apache.ratis.thirdparty.io.netty.allocator.useCacheForAllThreads" value="false"/>
    <property name="native.encoding" value="UTF-8"/>
    <property name="hadoop.tmp.dir" value="/home/runner/work/ozone/ozone/hadoop-ozone/integration-test/target/tmp"/>
    <property name="java.library.path" value="/usr/java/packages/lib:/usr/lib64:/lib64:/lib:/usr/lib"/>
    <property name="java.vm.info" value="mixed mode, sharing"/>
    <property name="java.vendor" value="Eclipse Adoptium"/>
    <property name="java.vm.version" value="17.0.10+7"/>
    <property name="sun.io.unicode.encoding" value="UnicodeLittle"/>
    <property name="java.class.version" value="61.0"/>
  </properties>
  <testcase name="testExclusiveSizeWithDirectoryDeepClean" classname="org.apache.hadoop.ozone.om.snapshot.TestSnapshotDirectoryCleaningService" time="11.681">
    <failure type="org.opentest4j.AssertionFailedError"><![CDATA[org.opentest4j.AssertionFailedError: expected: <3> but was: <0>
	at org.junit.jupiter.api.AssertionFailureBuilder.build(AssertionFailureBuilder.java:151)
	at org.junit.jupiter.api.AssertionFailureBuilder.buildAndThrow(AssertionFailureBuilder.java:132)
	at org.junit.jupiter.api.AssertEquals.failNotEqual(AssertEquals.java:197)
	at org.junit.jupiter.api.AssertEquals.assertEquals(AssertEquals.java:182)
	at org.junit.jupiter.api.AssertEquals.assertEquals(AssertEquals.java:177)
	at org.junit.jupiter.api.Assertions.assertEquals(Assertions.java:646)
	at org.apache.hadoop.ozone.om.snapshot.TestSnapshotDirectoryCleaningService.testExclusiveSizeWithDirectoryDeepClean(TestSnapshotDirectoryCleaningService.java:242)
	at java.base/java.lang.reflect.Method.invoke(Method.java:568)
	at java.base/java.util.ArrayList.forEach(ArrayList.java:1511)
	at java.base/java.util.ArrayList.forEach(ArrayList.java:1511)
]]></failure>
    <system-out><![CDATA[2024-05-03 18:17:17,273 [main] WARN  server.ServerUtils (ServerUtils.java:getScmDbDir(143)) - ozone.scm.db.dirs is not configured. We recommend adding this setting. Falling back to ozone.metadata.dirs instead.
2024-05-03 18:17:17,464 [main] INFO  reflections.Reflections (Reflections.java:scan(219)) - Reflections took 160 ms to scan 7 urls, producing 158 keys and 372 values
2024-05-03 18:17:17,612 [main] WARN  server.ServerUtils (ServerUtils.java:getScmDbDir(143)) - ozone.scm.db.dirs is not configured. We recommend adding this setting. Falling back to ozone.metadata.dirs instead.
2024-05-03 18:17:17,616 [main] INFO  ha.SCMHANodeDetails (SCMHANodeDetails.java:loadSCMHAConfig(207)) - ServiceID for StorageContainerManager is null
2024-05-03 18:17:17,623 [main] WARN  ha.SCMHANodeDetails (SCMHANodeDetails.java:validateSCMHAConfig(180)) - Default/Configured value of config ozone.scm.ratis.enable conflicts with the expected value. Default/Configured: true. Expected: false. Falling back to the expected value. Current State of SCM: SCM is running without Ratis. Ratis SCM -> Non Ratis SCM is not supported.
2024-05-03 18:17:17,623 [main] INFO  ha.SCMHANodeDetails (SCMHANodeDetails.java:loadSCMHAConfig(212)) - ozone.scm.default.service.id is not defined, falling back to ozone.scm.service.ids to find serviceID for StorageContainerManager if it is HA enabled cluster
2024-05-03 18:17:18,132 [main] WARN  utils.HAUtils (HAUtils.java:getMetaDir(339)) - ozone.scm.db.dirs is not configured. We recommend adding this setting. Falling back to ozone.metadata.dirs instead.
2024-05-03 18:17:18,259 [main] WARN  db.DBStoreBuilder (DBStoreBuilder.java:applyDBDefinition(171)) - ozone.scm.db.dirs is not configured. We recommend adding this setting. Falling back to ozone.metadata.dirs instead.
2024-05-03 18:17:18,268 [main] INFO  utils.LeakDetector (LeakDetector.java:start(73)) - Starting leak detector thread ManagedRocksObject0.
2024-05-03 18:17:18,506 [main] INFO  net.NodeSchemaLoader (NodeSchemaLoader.java:loadSchemaFromFile(129)) - Loading schema from [file:/home/runner/work/ozone/ozone/hadoop-hdds/common/target/classes/network-topology-default.xml]
2024-05-03 18:17:18,507 [main] INFO  net.NodeSchemaLoader (NodeSchemaLoader.java:loadSchema(176)) - Loading network topology layer schema file
2024-05-03 18:17:18,553 [main] INFO  metrics.MetricRegistries (MetricRegistriesLoader.java:load(64)) - Loaded MetricRegistries class org.apache.ratis.metrics.dropwizard3.Dm3MetricRegistriesImpl
2024-05-03 18:17:18,566 [main] INFO  upgrade.AbstractLayoutVersionManager (AbstractLayoutVersionManager.java:init(83)) - Initializing Layout version manager with metadata layout = HADOOP_PRC_PORTS_IN_DATANODEDETAILS (version = 7), software layout = HADOOP_PRC_PORTS_IN_DATANODEDETAILS (version = 7)
2024-05-03 18:17:18,716 [main] INFO  ha.SequenceIdGenerator (SequenceIdGenerator.java:upgradeToSequenceId(370)) - upgrade localId to 113750153625600000
2024-05-03 18:17:18,718 [main] INFO  ha.SequenceIdGenerator (SequenceIdGenerator.java:upgradeToSequenceId(380)) - upgrade delTxnId to 0
2024-05-03 18:17:18,724 [main] INFO  ha.SequenceIdGenerator (SequenceIdGenerator.java:upgradeToSequenceId(397)) - upgrade containerId to 0
2024-05-03 18:17:18,727 [main] INFO  ha.SequenceIdGenerator (SequenceIdGenerator.java:upgradeToCertificateSequenceId(444)) - upgrade CertificateId to 2
2024-05-03 18:17:18,730 [main] INFO  ha.SequenceIdGenerator (SequenceIdGenerator.java:<init>(241)) - Init the HA SequenceIdGenerator.
2024-05-03 18:17:18,776 [main] WARN  server.ServerUtils (ServerUtils.java:sanitizeUserArgs(79)) - ozone.scm.stale.node.interval value = 300000 is larger than max = 100000 based on the key value of ozone.scm.heartbeat.thread.interval, reset to the max value 100000.
2024-05-03 18:17:18,777 [main] WARN  server.ServerUtils (ServerUtils.java:sanitizeUserArgs(79)) - ozone.scm.stale.node.interval value = 300000 is larger than max = 100000 based on the key value of ozone.scm.heartbeat.thread.interval, reset to the max value 100000.
2024-05-03 18:17:18,784 [main] INFO  node.SCMNodeManager (SCMNodeManager.java:<init>(177)) - Entering startup safe mode.
2024-05-03 18:17:18,808 [main] INFO  algorithms.ContainerPlacementPolicyFactory (ContainerPlacementPolicyFactory.java:getPolicyInternal(86)) - Create container placement policy of type org.apache.hadoop.hdds.scm.container.placement.algorithms.SCMContainerPlacementRackAware
2024-05-03 18:17:18,811 [main] INFO  algorithms.ContainerPlacementPolicyFactory (ContainerPlacementPolicyFactory.java:getPolicyInternal(86)) - Create container placement policy of type org.apache.hadoop.hdds.scm.container.placement.algorithms.SCMContainerPlacementRackScatter
2024-05-03 18:17:18,822 [main] INFO  pipeline.PipelineStateManagerImpl (PipelineStateManagerImpl.java:initialize(78)) - No pipeline exists in current db
2024-05-03 18:17:18,834 [main] INFO  algorithms.LeaderChoosePolicyFactory (LeaderChoosePolicyFactory.java:getPolicy(57)) - Create leader choose policy of type org.apache.hadoop.hdds.scm.pipeline.leader.choose.algorithms.MinLeaderCountChoosePolicy
2024-05-03 18:17:18,835 [main] INFO  algorithms.ContainerPlacementPolicyFactory (ContainerPlacementPolicyFactory.java:getPolicyInternal(86)) - Create container placement policy of type org.apache.hadoop.hdds.scm.container.placement.algorithms.SCMContainerPlacementRackScatter
2024-05-03 18:17:18,841 [main] INFO  ha.SCMServiceManager (SCMServiceManager.java:register(42)) - Registering service BackgroundPipelineCreator.
2024-05-03 18:17:18,841 [main] INFO  pipeline.BackgroundPipelineCreator (BackgroundPipelineCreator.java:start(127)) - Starting RatisPipelineUtilsThread.
2024-05-03 18:17:18,844 [main] INFO  BackgroundPipelineScrubber (BackgroundSCMService.java:start(65)) - Starting BackgroundPipelineScrubber Service.
2024-05-03 18:17:18,845 [main] INFO  ha.SCMServiceManager (SCMServiceManager.java:register(42)) - Registering service BackgroundPipelineScrubber.
2024-05-03 18:17:18,851 [main] INFO  ExpiredContainerReplicaOpScrubber (BackgroundSCMService.java:start(65)) - Starting ExpiredContainerReplicaOpScrubber Service.
2024-05-03 18:17:18,851 [main] INFO  ha.SCMServiceManager (SCMServiceManager.java:register(42)) - Registering service ExpiredContainerReplicaOpScrubber.
2024-05-03 18:17:18,871 [main] INFO  algorithms.PipelineChoosePolicyFactory (PipelineChoosePolicyFactory.java:createPipelineChoosePolicyFromClass(80)) - Create pipeline choose policy of type org.apache.hadoop.hdds.scm.pipeline.choose.algorithms.RandomPipelineChoosePolicy
2024-05-03 18:17:18,871 [main] INFO  algorithms.PipelineChoosePolicyFactory (PipelineChoosePolicyFactory.java:createPipelineChoosePolicyFromClass(80)) - Create pipeline choose policy of type org.apache.hadoop.hdds.scm.pipeline.choose.algorithms.RandomPipelineChoosePolicy
2024-05-03 18:17:18,894 [main] INFO  ha.SCMServiceManager (SCMServiceManager.java:register(42)) - Registering service SCMBlockDeletingService.
2024-05-03 18:17:18,953 [main] INFO  replication.ReplicationManager (ReplicationManager.java:start(296)) - Starting Replication Monitor Thread.
2024-05-03 18:17:18,954 [main] INFO  ha.SCMServiceManager (SCMServiceManager.java:register(42)) - Registering service ReplicationManager.
2024-05-03 18:17:18,955 [ReplicationMonitor] INFO  replication.ReplicationManager (ReplicationManager.java:processAll(372)) - Replication Manager is not ready to run until 3000ms after safemode exit
2024-05-03 18:17:18,966 [main] INFO  safemode.ContainerSafeModeRule (ContainerSafeModeRule.java:<init>(91)) - containers with one replica threshold count 0
2024-05-03 18:17:18,971 [main] INFO  safemode.HealthyPipelineSafeModeRule (HealthyPipelineSafeModeRule.java:initializeRule(176)) - Total pipeline count is 0, healthy pipeline threshold count is 1
2024-05-03 18:17:18,976 [main] INFO  safemode.OneReplicaPipelineSafeModeRule (OneReplicaPipelineSafeModeRule.java:initializeRule(193)) - Total pipeline count is 0, pipeline's with at least one datanode reported threshold count is 0
2024-05-03 18:17:19,039 [main] INFO  server.StorageContainerManager (StorageContainerManager.java:<init>(440)) - SCM start with adminUsers: [runner]
2024-05-03 18:17:19,263 [main] INFO  audit.AuditLogger (AuditLogger.java:refreshDebugCmdSet(135)) - Refresh DebugCmdSet for SCMAudit to [].
2024-05-03 18:17:19,290 [main] INFO  ipc.CallQueueManager (CallQueueManager.java:<init>(90)) - Using callQueue: class java.util.concurrent.LinkedBlockingQueue, queueCapacity: 10000, scheduler: class org.apache.hadoop.ipc.DefaultRpcScheduler, ipcBackoff: false.
2024-05-03 18:17:19,319 [main] INFO  ipc.Server (Server.java:<init>(1287)) - Listener at 0.0.0.0:15002
2024-05-03 18:17:19,321 [Socket Reader #1 for port 15002] INFO  ipc.Server (Server.java:run(1323)) - Starting Socket Reader #1 for port 15002
2024-05-03 18:17:19,369 [main] INFO  audit.AuditLogger (AuditLogger.java:refreshDebugCmdSet(135)) - Refresh DebugCmdSet for SCMAudit to [].
2024-05-03 18:17:19,374 [main] INFO  ipc.CallQueueManager (CallQueueManager.java:<init>(90)) - Using callQueue: class java.util.concurrent.LinkedBlockingQueue, queueCapacity: 10000, scheduler: class org.apache.hadoop.ipc.DefaultRpcScheduler, ipcBackoff: false.
2024-05-03 18:17:19,375 [main] INFO  ipc.Server (Server.java:<init>(1287)) - Listener at 0.0.0.0:15001
2024-05-03 18:17:19,377 [Socket Reader #1 for port 15001] INFO  ipc.Server (Server.java:run(1323)) - Starting Socket Reader #1 for port 15001
2024-05-03 18:17:19,406 [main] INFO  audit.AuditLogger (AuditLogger.java:refreshDebugCmdSet(135)) - Refresh DebugCmdSet for SCMAudit to [].
2024-05-03 18:17:19,416 [main] INFO  ipc.CallQueueManager (CallQueueManager.java:<init>(90)) - Using callQueue: class java.util.concurrent.LinkedBlockingQueue, queueCapacity: 10000, scheduler: class org.apache.hadoop.ipc.DefaultRpcScheduler, ipcBackoff: false.
2024-05-03 18:17:19,417 [main] INFO  ipc.Server (Server.java:<init>(1287)) - Listener at 0.0.0.0:15000
2024-05-03 18:17:19,419 [Socket Reader #1 for port 15000] INFO  ipc.Server (Server.java:run(1323)) - Starting Socket Reader #1 for port 15000
2024-05-03 18:17:19,466 [main] INFO  ha.SCMServiceManager (SCMServiceManager.java:register(42)) - Registering service ContainerBalancer.
2024-05-03 18:17:19,467 [main] INFO  ha.SCMContext (SCMContext.java:updateSafeModeStatus(225)) - Update SafeModeStatus from SafeModeStatus{safeModeStatus=true, preCheckPassed=false} to SafeModeStatus{safeModeStatus=true, preCheckPassed=false}.
2024-05-03 18:17:19,469 [main] INFO  server.StorageContainerManager (StorageContainerManager.java:start(1545)) - StorageContainerLocationProtocol RPC server is listening at /0.0.0.0:15000
2024-05-03 18:17:19,539 [main] WARN  impl.MetricsConfig (MetricsConfig.java:loadFirst(136)) - Cannot locate configuration: tried hadoop-metrics2-storagecontainermanager.properties,hadoop-metrics2.properties
2024-05-03 18:17:19,548 [main] INFO  impl.MetricsSystemImpl (MetricsSystemImpl.java:startTimer(378)) - Scheduled Metric snapshot period at 10 second(s).
2024-05-03 18:17:19,548 [main] INFO  impl.MetricsSystemImpl (MetricsSystemImpl.java:start(191)) - StorageContainerManager metrics system started
2024-05-03 18:17:19,744 [main] INFO  server.SCMClientProtocolServer (SCMClientProtocolServer.java:start(204)) - RPC server for Client  is listening at /0.0.0.0:15000
2024-05-03 18:17:19,746 [IPC Server Responder] INFO  ipc.Server (Server.java:run(1562)) - IPC Server Responder: starting
2024-05-03 18:17:19,751 [IPC Server listener on 15000] INFO  ipc.Server (Server.java:run(1402)) - IPC Server listener on 15000: starting
2024-05-03 18:17:19,840 [main] INFO  server.StorageContainerManager (StorageContainerManager.java:start(1558)) - ScmBlockLocationProtocol RPC server is listening at /0.0.0.0:15001
2024-05-03 18:17:19,841 [main] INFO  server.SCMBlockProtocolServer (SCMBlockProtocolServer.java:start(162)) - RPC server for Block Protocol is listening at /0.0.0.0:15001
2024-05-03 18:17:19,843 [IPC Server Responder] INFO  ipc.Server (Server.java:run(1562)) - IPC Server Responder: starting
2024-05-03 18:17:19,843 [IPC Server listener on 15001] INFO  ipc.Server (Server.java:run(1402)) - IPC Server listener on 15001: starting
2024-05-03 18:17:19,895 [main] INFO  server.SCMDatanodeProtocolServer (SCMDatanodeProtocolServer.java:start(194)) - ScmDatanodeProtocol RPC server for DataNodes is listening at /0.0.0.0:15002
2024-05-03 18:17:19,896 [IPC Server Responder] INFO  ipc.Server (Server.java:run(1562)) - IPC Server Responder: starting
2024-05-03 18:17:19,899 [IPC Server listener on 15002] INFO  ipc.Server (Server.java:run(1402)) - IPC Server listener on 15002: starting
2024-05-03 18:17:19,933 [JvmPauseMonitor0] INFO  util.JvmPauseMonitor (JvmPauseMonitor.java:run(146)) - JvmPauseMonitor-2c06fa7f-4da0-4cb7-9c69-0a2e5cee8aee: Started
2024-05-03 18:17:19,943 [main] INFO  http.BaseHttpServer (BaseHttpServer.java:newHttpServer2BuilderForOzone(223)) - Starting Web-server for scm at: http://0.0.0.0:15003
2024-05-03 18:17:19,944 [main] INFO  http.BaseHttpServer (BaseHttpServer.java:<init>(110)) - Hadoop Security Enabled: false Ozone Security Enabled: false Ozone HTTP Security Enabled: false 
2024-05-03 18:17:19,964 [main] INFO  util.log (Log.java:initialized(170)) - Logging initialized @3844ms to org.eclipse.jetty.util.log.Slf4jLog
2024-05-03 18:17:20,044 [main] WARN  server.AuthenticationFilter (AuthenticationFilter.java:constructSecretProvider(240)) - Unable to initialize FileSignerSecretProvider, falling back to use random secrets. Reason: Could not read signature secret file: /home/runner/hadoop-http-auth-signature-secret
2024-05-03 18:17:20,049 [main] INFO  http.HttpRequestLog (HttpRequestLog.java:getRequestLog(86)) - Http request log for http.requests.scm is not defined
2024-05-03 18:17:20,054 [main] INFO  http.HttpServer2 (HttpServer2.java:addGlobalFilter(1036)) - Added global filter 'safety' (class=org.apache.hadoop.hdds.server.http.HttpServer2$QuotingInputFilter)
2024-05-03 18:17:20,057 [main] INFO  http.HttpServer2 (HttpServer2.java:addFilter(1012)) - Added filter static_user_filter (class=org.apache.hadoop.http.lib.StaticUserWebFilter$StaticUserFilter) to context scm
2024-05-03 18:17:20,057 [main] INFO  http.HttpServer2 (HttpServer2.java:addFilter(1020)) - Added filter static_user_filter (class=org.apache.hadoop.http.lib.StaticUserWebFilter$StaticUserFilter) to context static
2024-05-03 18:17:20,057 [main] INFO  http.HttpServer2 (HttpServer2.java:addFilter(1020)) - Added filter static_user_filter (class=org.apache.hadoop.http.lib.StaticUserWebFilter$StaticUserFilter) to context logs
2024-05-03 18:17:20,084 [main] INFO  http.BaseHttpServer (BaseHttpServer.java:<init>(189)) - HTTP server of scm uses base directory /home/runner/work/ozone/ozone/hadoop-ozone/integration-test/target/test-dir/MiniOzoneClusterImpl-50ce9170-f56e-46a6-9cd7-e4b6a7a9fc1c/ozone-meta/webserver
2024-05-03 18:17:20,085 [main] INFO  http.HttpServer2 (HttpServer2.java:bindListener(1236)) - Jetty bound to port 15003
2024-05-03 18:17:20,086 [main] INFO  server.Server (Server.java:doStart(375)) - jetty-9.4.54.v20240208; built: 2024-02-08T19:42:39.027Z; git: cef3fbd6d736a21e7d541a5db490381d95a2047d; jvm 17.0.10+7
2024-05-03 18:17:20,115 [main] INFO  server.session (DefaultSessionIdManager.java:doStart(334)) - DefaultSessionIdManager workerName=node0
2024-05-03 18:17:20,116 [main] INFO  server.session (DefaultSessionIdManager.java:doStart(339)) - No SessionScavenger set, using defaults
2024-05-03 18:17:20,118 [main] INFO  server.session (HouseKeeper.java:startScavenging(132)) - node0 Scavenging every 600000ms
2024-05-03 18:17:20,128 [main] INFO  handler.ContextHandler (ContextHandler.java:doStart(921)) - Started o.e.j.s.ServletContextHandler@a80a896{logs,/logs,file:///home/runner/work/ozone/ozone/hadoop-ozone/integration-test/target/log,AVAILABLE}
2024-05-03 18:17:20,129 [main] INFO  handler.ContextHandler (ContextHandler.java:doStart(921)) - Started o.e.j.s.ServletContextHandler@8167f57{static,/static,file:///home/runner/work/ozone/ozone/hadoop-ozone/integration-test/target/test-classes/webapps/static,AVAILABLE}
2024-05-03 18:17:20,167 [main] INFO  handler.ContextHandler (ContextHandler.java:doStart(921)) - Started o.e.j.w.WebAppContext@7bdf94f2{scm,/,file:///home/runner/work/ozone/ozone/hadoop-ozone/integration-test/target/test-classes/webapps/scm/,AVAILABLE}{file:/home/runner/work/ozone/ozone/hadoop-ozone/integration-test/target/test-classes/webapps/scm}
2024-05-03 18:17:20,174 [main] INFO  server.AbstractConnector (AbstractConnector.java:doStart(333)) - Started ServerConnector@5d98364c{HTTP/1.1, (http/1.1)}{0.0.0.0:15003}
2024-05-03 18:17:20,174 [main] INFO  server.Server (Server.java:doStart(415)) - Started @4054ms
2024-05-03 18:17:20,176 [main] INFO  impl.MetricsSinkAdapter (MetricsSinkAdapter.java:start(204)) - Sink prometheus started
2024-05-03 18:17:20,176 [main] INFO  impl.MetricsSystemImpl (MetricsSystemImpl.java:registerSink(305)) - Registered sink prometheus
2024-05-03 18:17:20,177 [main] INFO  http.BaseHttpServer (BaseHttpServer.java:updateConnectorAddress(354)) - HTTP server of scm listening at http://0.0.0.0:15003
2024-05-03 18:17:20,180 [main] WARN  server.ServerUtils (ServerUtils.java:getDBPath(299)) - ozone.om.db.dirs is not configured. We recommend adding this setting. Falling back to ozone.metadata.dirs instead.
2024-05-03 18:17:20,238 [main] INFO  audit.AuditLogger (AuditLogger.java:refreshDebugCmdSet(135)) - Refresh DebugCmdSet for OMAudit to [].
2024-05-03 18:17:20,298 [main] INFO  ha.OMHANodeDetails (OMHANodeDetails.java:loadOMHAConfig(115)) - ozone.om.internal.service.id is not defined, falling back to ozone.om.service.ids to find serviceID for OzoneManager if it is HA enabled cluster
2024-05-03 18:17:20,301 [main] INFO  ha.OMHANodeDetails (OMHANodeDetails.java:loadOMHAConfig(226)) - Configuration does not have ozone.om.address set. Falling back to the default OM address /127.0.0.1:15004
2024-05-03 18:17:20,301 [main] INFO  ha.OMHANodeDetails (OMHANodeDetails.java:getOMNodeDetailsForNonHA(254)) - OM Service ID is not set. Setting it to the default ID: omServiceIdDefault
2024-05-03 18:17:20,301 [main] INFO  ha.OMHANodeDetails (OMHANodeDetails.java:getOMNodeDetailsForNonHA(261)) - OM Node ID is not set. Setting it to the default ID: om1
2024-05-03 18:17:20,305 [main] WARN  server.ServerUtils (ServerUtils.java:getDBPath(299)) - ozone.om.db.dirs is not configured. We recommend adding this setting. Falling back to ozone.metadata.dirs instead.
2024-05-03 18:17:20,308 [main] INFO  upgrade.AbstractLayoutVersionManager (AbstractLayoutVersionManager.java:init(83)) - Initializing Layout version manager with metadata layout = QUOTA (version = 6), software layout = QUOTA (version = 6)
2024-05-03 18:17:20,400 [main] INFO  reflections.Reflections (Reflections.java:scan(219)) - Reflections took 91 ms to scan 2 urls, producing 188 keys and 545 values
2024-05-03 18:17:20,403 [main] INFO  upgrade.OMLayoutVersionManager (OMLayoutVersionManager.java:lambda$0(113)) - Skipping Upgrade Action QuotaRepairUpgradeAction since it has been finalized.
2024-05-03 18:17:20,405 [main] INFO  upgrade.OMLayoutVersionManager (OMLayoutVersionManager.java:lambda$0(113)) - Skipping Upgrade Action MockOmUpgradeAction since it has been finalized.
2024-05-03 18:17:20,406 [main] WARN  server.ServerUtils (ServerUtils.java:getDBPath(299)) - ozone.om.db.dirs is not configured. We recommend adding this setting. Falling back to ozone.metadata.dirs instead.
2024-05-03 18:17:20,541 [main] INFO  proxy.SCMBlockLocationFailoverProxyProvider (SCMBlockLocationFailoverProxyProvider.java:<init>(115)) - Created block location fail-over proxy with 1 nodes: [nodeId=scmNodeId,nodeAddress=/0.0.0.0:15001]
2024-05-03 18:17:20,570 [main] INFO  proxy.SCMBlockLocationFailoverProxyProvider (SCMBlockLocationFailoverProxyProvider.java:<init>(115)) - Created block location fail-over proxy with 1 nodes: [nodeId=scmNodeId,nodeAddress=/0.0.0.0:15001]
2024-05-03 18:17:20,749 [main] INFO  om.OzoneManager (OzoneManager.java:<init>(677)) - OM start with adminUsers: [runner]
2024-05-03 18:17:20,763 [main] WARN  server.ServerUtils (ServerUtils.java:getDBPath(299)) - ozone.om.db.dirs is not configured. We recommend adding this setting. Falling back to ozone.metadata.dirs instead.
2024-05-03 18:17:20,785 [main] INFO  helpers.OmKeyInfo (OmKeyInfo.java:getCodec(72)) - OmKeyInfo.getCodec ignorePipeline = true
2024-05-03 18:17:20,993 [main] INFO  om.OzoneManager (OzoneManager.java:instantiateServices(811)) - S3 Multi-Tenancy is disabled
2024-05-03 18:17:21,017 [main] INFO  om.OmSnapshotManager (OmSnapshotManager.java:<init>(179)) - Ozone filesystem snapshot feature is enabled.
2024-05-03 18:17:21,024 [main] WARN  server.ServerUtils (ServerUtils.java:getDBPath(299)) - ozone.om.snapshot.diff.db.dir is not configured. We recommend adding this setting. Falling back to ozone.metadata.dirs instead.
2024-05-03 18:17:21,062 [main] INFO  utils.NativeLibraryLoader (NativeLibraryLoader.java:loadLibrary(111)) - Loading Library: ozone_rocksdb_tools
2024-05-03 18:17:21,064 [main] ERROR snapshot.SnapshotDiffManager (SnapshotDiffManager.java:initNativeLibraryForEfficientDiff(287)) - Native Library for raw sst file reading loading failed.
org.apache.hadoop.hdds.utils.NativeLibraryNotLoadedException: Unable to load library ozone_rocksdb_tools from both java.library.path & resource file libozone_rocksdb_tools.so from jar.
	at org.apache.hadoop.hdds.utils.db.managed.ManagedRawSSTFileReader.loadLibrary(ManagedRawSSTFileReader.java:40)
	at org.apache.hadoop.ozone.om.snapshot.SnapshotDiffManager.initNativeLibraryForEfficientDiff(SnapshotDiffManager.java:285)
	at org.apache.hadoop.ozone.om.snapshot.SnapshotDiffManager.<init>(SnapshotDiffManager.java:259)
	at org.apache.hadoop.ozone.om.OmSnapshotManager.<init>(OmSnapshotManager.java:286)
	at org.apache.hadoop.ozone.om.OzoneManager.instantiateServices(OzoneManager.java:863)
	at org.apache.hadoop.ozone.om.OzoneManager.<init>(OzoneManager.java:687)
	at org.apache.hadoop.ozone.om.OzoneManager.createOm(OzoneManager.java:774)
	at org.apache.hadoop.ozone.MiniOzoneClusterImpl$Builder.createOM(MiniOzoneClusterImpl.java:689)
	at org.apache.hadoop.ozone.MiniOzoneClusterImpl$Builder.createAndStartSingleOM(MiniOzoneClusterImpl.java:673)
	at org.apache.hadoop.ozone.MiniOzoneClusterImpl$Builder.build(MiniOzoneClusterImpl.java:535)
	at org.apache.hadoop.ozone.om.snapshot.TestSnapshotDirectoryCleaningService.init(TestSnapshotDirectoryCleaningService.java:86)
	at java.base/jdk.internal.reflect.NativeMethodAccessorImpl.invoke0(Native Method)
	at java.base/jdk.internal.reflect.NativeMethodAccessorImpl.invoke(NativeMethodAccessorImpl.java:77)
	at java.base/jdk.internal.reflect.DelegatingMethodAccessorImpl.invoke(DelegatingMethodAccessorImpl.java:43)
	at java.base/java.lang.reflect.Method.invoke(Method.java:568)
	at org.junit.platform.commons.util.ReflectionUtils.invokeMethod(ReflectionUtils.java:728)
	at org.junit.jupiter.engine.execution.MethodInvocation.proceed(MethodInvocation.java:60)
	at org.junit.jupiter.engine.execution.InvocationInterceptorChain$ValidatingInvocation.proceed(InvocationInterceptorChain.java:131)
	at org.junit.jupiter.engine.extension.TimeoutExtension.intercept(TimeoutExtension.java:156)
	at org.junit.jupiter.engine.extension.TimeoutExtension.interceptLifecycleMethod(TimeoutExtension.java:128)
	at org.junit.jupiter.engine.extension.TimeoutExtension.interceptBeforeAllMethod(TimeoutExtension.java:70)
	at org.junit.jupiter.engine.execution.InterceptingExecutableInvoker$ReflectiveInterceptorCall.lambda$ofVoidMethod$0(InterceptingExecutableInvoker.java:103)
	at org.junit.jupiter.engine.execution.InterceptingExecutableInvoker.lambda$invoke$0(InterceptingExecutableInvoker.java:93)
	at org.junit.jupiter.engine.execution.InvocationInterceptorChain$InterceptedInvocation.proceed(InvocationInterceptorChain.java:106)
	at org.junit.jupiter.engine.execution.InvocationInterceptorChain.proceed(InvocationInterceptorChain.java:64)
	at org.junit.jupiter.engine.execution.InvocationInterceptorChain.chainAndInvoke(InvocationInterceptorChain.java:45)
	at org.junit.jupiter.engine.execution.InvocationInterceptorChain.invoke(InvocationInterceptorChain.java:37)
	at org.junit.jupiter.engine.execution.InterceptingExecutableInvoker.invoke(InterceptingExecutableInvoker.java:92)
	at org.junit.jupiter.engine.execution.InterceptingExecutableInvoker.invoke(InterceptingExecutableInvoker.java:86)
	at org.junit.jupiter.engine.descriptor.ClassBasedTestDescriptor.lambda$invokeBeforeAllMethods$13(ClassBasedTestDescriptor.java:412)
	at org.junit.platform.engine.support.hierarchical.ThrowableCollector.execute(ThrowableCollector.java:73)
	at org.junit.jupiter.engine.descriptor.ClassBasedTestDescriptor.invokeBeforeAllMethods(ClassBasedTestDescriptor.java:410)
	at org.junit.jupiter.engine.descriptor.ClassBasedTestDescriptor.before(ClassBasedTestDescriptor.java:216)
	at org.junit.jupiter.engine.descriptor.ClassBasedTestDescriptor.before(ClassBasedTestDescriptor.java:85)
	at org.junit.platform.engine.support.hierarchical.NodeTestTask.lambda$executeRecursively$6(NodeTestTask.java:148)
	at org.junit.platform.engine.support.hierarchical.ThrowableCollector.execute(ThrowableCollector.java:73)
	at org.junit.platform.engine.support.hierarchical.NodeTestTask.lambda$executeRecursively$8(NodeTestTask.java:141)
	at org.junit.platform.engine.support.hierarchical.Node.around(Node.java:137)
	at org.junit.platform.engine.support.hierarchical.NodeTestTask.lambda$executeRecursively$9(NodeTestTask.java:139)
	at org.junit.platform.engine.support.hierarchical.ThrowableCollector.execute(ThrowableCollector.java:73)
	at org.junit.platform.engine.support.hierarchical.NodeTestTask.executeRecursively(NodeTestTask.java:138)
	at org.junit.platform.engine.support.hierarchical.NodeTestTask.execute(NodeTestTask.java:95)
	at java.base/java.util.ArrayList.forEach(ArrayList.java:1511)
	at org.junit.platform.engine.support.hierarchical.SameThreadHierarchicalTestExecutorService.invokeAll(SameThreadHierarchicalTestExecutorService.java:41)
	at org.junit.platform.engine.support.hierarchical.NodeTestTask.lambda$executeRecursively$6(NodeTestTask.java:155)
	at org.junit.platform.engine.support.hierarchical.ThrowableCollector.execute(ThrowableCollector.java:73)
	at org.junit.platform.engine.support.hierarchical.NodeTestTask.lambda$executeRecursively$8(NodeTestTask.java:141)
	at org.junit.platform.engine.support.hierarchical.Node.around(Node.java:137)
	at org.junit.platform.engine.support.hierarchical.NodeTestTask.lambda$executeRecursively$9(NodeTestTask.java:139)
	at org.junit.platform.engine.support.hierarchical.ThrowableCollector.execute(ThrowableCollector.java:73)
	at org.junit.platform.engine.support.hierarchical.NodeTestTask.executeRecursively(NodeTestTask.java:138)
	at org.junit.platform.engine.support.hierarchical.NodeTestTask.execute(NodeTestTask.java:95)
	at org.junit.platform.engine.support.hierarchical.SameThreadHierarchicalTestExecutorService.submit(SameThreadHierarchicalTestExecutorService.java:35)
	at org.junit.platform.engine.support.hierarchical.HierarchicalTestExecutor.execute(HierarchicalTestExecutor.java:57)
	at org.junit.platform.engine.support.hierarchical.HierarchicalTestEngine.execute(HierarchicalTestEngine.java:54)
	at org.junit.platform.launcher.core.EngineExecutionOrchestrator.execute(EngineExecutionOrchestrator.java:198)
	at org.junit.platform.launcher.core.EngineExecutionOrchestrator.execute(EngineExecutionOrchestrator.java:169)
	at org.junit.platform.launcher.core.EngineExecutionOrchestrator.execute(EngineExecutionOrchestrator.java:93)
	at org.junit.platform.launcher.core.EngineExecutionOrchestrator.lambda$execute$0(EngineExecutionOrchestrator.java:58)
	at org.junit.platform.launcher.core.EngineExecutionOrchestrator.withInterceptedStreams(EngineExecutionOrchestrator.java:141)
	at org.junit.platform.launcher.core.EngineExecutionOrchestrator.execute(EngineExecutionOrchestrator.java:57)
	at org.junit.platform.launcher.core.DefaultLauncher.execute(DefaultLauncher.java:103)
	at org.junit.platform.launcher.core.DefaultLauncher.execute(DefaultLauncher.java:85)
	at org.junit.platform.launcher.core.DelegatingLauncher.execute(DelegatingLauncher.java:47)
	at org.junit.platform.launcher.core.SessionPerRequestLauncher.execute(SessionPerRequestLauncher.java:63)
	at org.apache.maven.surefire.junitplatform.JUnitPlatformProvider.invokeAllTests(JUnitPlatformProvider.java:154)
	at org.apache.maven.surefire.junitplatform.JUnitPlatformProvider.invoke(JUnitPlatformProvider.java:123)
	at org.apache.maven.surefire.booter.ForkedBooter.runSuitesInProcess(ForkedBooter.java:377)
	at org.apache.maven.surefire.booter.ForkedBooter.execute(ForkedBooter.java:138)
	at org.apache.maven.surefire.booter.ForkedBooter.run(ForkedBooter.java:465)
	at org.apache.maven.surefire.booter.ForkedBooter.main(ForkedBooter.java:451)
2024-05-03 18:17:21,105 [main] INFO  om.OzoneManager (OzoneManager.java:addS3GVolumeToDB(4463)) - Created Volume s3v With Owner runner required for S3Gateway operations.
2024-05-03 18:17:21,143 [main] WARN  server.ServerUtils (ServerUtils.java:getDefaultRatisDirectory(311)) - Storage directory for Ratis is not configured. It is a good idea to map this to an SSD disk. Falling back to ozone.metadata.dirs
2024-05-03 18:17:21,145 [main] WARN  utils.OzoneManagerRatisUtils (OzoneManagerRatisUtils.java:getOMRatisSnapshotDirectory(476)) - ozone.om.ratis.snapshot.dir is not configured. Falling back to ozone.metadata.dirs config
2024-05-03 18:17:21,154 [main] WARN  server.ServerUtils (ServerUtils.java:getDefaultRatisDirectory(311)) - Storage directory for Ratis is not configured. It is a good idea to map this to an SSD disk. Falling back to ozone.metadata.dirs
2024-05-03 18:17:21,170 [main] INFO  ratis.OzoneManagerRatisServer (OzoneManagerRatisServer.java:<init>(167)) - Instantiating OM Ratis server with groupID: omServiceIdDefault and peers: localhost:15007
2024-05-03 18:17:21,177 [main] INFO  ratis.OzoneManagerStateMachine (OzoneManagerStateMachine.java:loadSnapshotInfoFromDB(589)) - TransactionInfo not found in OM DB.
2024-05-03 18:17:21,213 [main] INFO  server.RaftServer (ConfUtils.java:logGet(46)) - raft.rpc.type = GRPC (default)
2024-05-03 18:17:21,219 [main] INFO  grpc.GrpcConfigKeys (ConfUtils.java:logFallback(53)) - raft.grpc.admin.host = null (fallback to raft.grpc.server.host)
2024-05-03 18:17:21,220 [main] INFO  grpc.GrpcConfigKeys (ConfUtils.java:logFallback(53)) - raft.grpc.admin.port = 15007 (fallback to raft.grpc.server.port)
2024-05-03 18:17:21,220 [main] INFO  grpc.GrpcConfigKeys (ConfUtils.java:logFallback(53)) - raft.grpc.client.host = null (fallback to raft.grpc.server.host)
2024-05-03 18:17:21,221 [main] INFO  grpc.GrpcConfigKeys (ConfUtils.java:logFallback(53)) - raft.grpc.client.port = 15007 (fallback to raft.grpc.server.port)
2024-05-03 18:17:21,222 [main] INFO  grpc.GrpcConfigKeys (ConfUtils.java:logGet(46)) - raft.grpc.server.host = null (default)
2024-05-03 18:17:21,222 [main] INFO  grpc.GrpcConfigKeys (ConfUtils.java:logGet(46)) - raft.grpc.server.port = 15007 (custom)
2024-05-03 18:17:21,223 [main] INFO  server.GrpcService (ConfUtils.java:logGet(46)) - raft.grpc.message.size.max = 4194304 (custom)
2024-05-03 18:17:21,224 [main] INFO  server.RaftServerConfigKeys (ConfUtils.java:logGet(46)) - raft.server.log.appender.buffer.byte-limit = 4194304 (custom)
2024-05-03 18:17:21,224 [main] INFO  server.GrpcService (ConfUtils.java:logGet(46)) - raft.grpc.flow.control.window = 1MB (=1048576) (default)
2024-05-03 18:17:21,225 [main] INFO  server.RaftServerConfigKeys (ConfUtils.java:logGet(46)) - raft.server.rpc.request.timeout = 3000ms (default)
2024-05-03 18:17:21,230 [main] INFO  grpc.GrpcConfigKeys (ConfUtils.java:logGet(46)) - raft.grpc.server.heartbeat.channel = true (default)
2024-05-03 18:17:21,233 [main] INFO  grpc.GrpcConfigKeys (ConfUtils.java:logGet(46)) - raft.grpc.server.async.request.thread.pool.cached = true (default)
2024-05-03 18:17:21,233 [main] INFO  grpc.GrpcConfigKeys (ConfUtils.java:logGet(46)) - raft.grpc.server.async.request.thread.pool.size = 32 (default)
2024-05-03 18:17:21,361 [main] INFO  impl.DataStreamServerImpl (ConfUtils.java:logGet(46)) - raft.datastream.type = DISABLED (default)
2024-05-03 18:17:21,363 [main] INFO  server.RaftServerConfigKeys (ConfUtils.java:logGet(46)) - raft.server.sleep.deviation.threshold = 300ms (default)
2024-05-03 18:17:21,364 [main] INFO  server.RaftServerConfigKeys (ConfUtils.java:logGet(46)) - raft.server.close.threshold = 60s (default)
2024-05-03 18:17:21,364 [main] INFO  server.RaftServerConfigKeys (ConfUtils.java:logGet(46)) - raft.server.leaderelection.leader.step-down.wait-time = 10s (default)
2024-05-03 18:17:21,366 [main] INFO  server.RaftServerConfigKeys (ConfUtils.java:logGet(46)) - raft.server.storage.dir = [/home/runner/work/ozone/ozone/hadoop-ozone/integration-test/target/test-dir/MiniOzoneClusterImpl-50ce9170-f56e-46a6-9cd7-e4b6a7a9fc1c/ozone-meta/ratis] (custom)
2024-05-03 18:17:21,367 [main] INFO  server.RaftServerConfigKeys (ConfUtils.java:logGet(46)) - raft.server.threadpool.proxy.cached = true (default)
2024-05-03 18:17:21,367 [main] INFO  server.RaftServerConfigKeys (ConfUtils.java:logGet(46)) - raft.server.threadpool.proxy.size = 0 (default)
2024-05-03 18:17:21,372 [main] INFO  server.RaftServer (RaftServerProxy.java:addNew(100)) - om1: addNew group-C5BA1605619E:[om1|localhost:15007] returns group-C5BA1605619E:java.util.concurrent.CompletableFuture@5411a529[Not completed]
2024-05-03 18:17:21,372 [main] INFO  om.OzoneManager (OzoneManager.java:initializeRatisServer(2168)) - OzoneManager Ratis server initialized at port 15007
2024-05-03 18:17:21,375 [main] INFO  om.OzoneManager (OzoneManager.java:getRpcServer(1227)) - Creating RPC Server
2024-05-03 18:17:21,380 [om1-groupManagement] INFO  server.RaftServer$Division (RaftServerImpl.java:<init>(256)) - om1: new RaftServerImpl for group-C5BA1605619E:[om1|localhost:15007] with OzoneManagerStateMachine:uninitialized
2024-05-03 18:17:21,381 [om1-groupManagement] INFO  server.RaftServerConfigKeys (ConfUtils.java:logGet(46)) - raft.server.rpc.timeout.min = 1s (custom)
2024-05-03 18:17:21,381 [om1-groupManagement] INFO  server.RaftServerConfigKeys (ConfUtils.java:logGet(46)) - raft.server.rpc.timeout.max = 1200ms (custom)
2024-05-03 18:17:21,381 [om1-groupManagement] INFO  server.RaftServerConfigKeys (ConfUtils.java:logGet(46)) - raft.server.rpc.sleep.time = 25ms (default)
2024-05-03 18:17:21,381 [om1-groupManagement] INFO  server.RaftServerConfigKeys (ConfUtils.java:logGet(46)) - raft.server.rpc.slowness.timeout = 120s (custom)
2024-05-03 18:17:21,381 [om1-groupManagement] INFO  server.RaftServerConfigKeys (ConfUtils.java:logGet(46)) - raft.server.leaderelection.leader.step-down.wait-time = 10s (default)
2024-05-03 18:17:21,382 [om1-groupManagement] INFO  server.RaftServerConfigKeys (ConfUtils.java:logGet(46)) - raft.server.leaderelection.member.majority-add = false (default)
2024-05-03 18:17:21,382 [om1-groupManagement] INFO  server.RaftServerConfigKeys (ConfUtils.java:logGet(46)) - raft.server.sleep.deviation.threshold = 300ms (default)
2024-05-03 18:17:21,388 [om1-groupManagement] INFO  server.RaftServer$Division (ServerState.java:<init>(113)) - om1@group-C5BA1605619E: ConfigurationManager, init=-1: peers:[om1|localhost:15007]|listeners:[], old=null, confs=<EMPTY_MAP>
2024-05-03 18:17:21,393 [om1-groupManagement] INFO  server.RaftServerConfigKeys (ConfUtils.java:logGet(46)) - raft.server.notification.no-leader.timeout = 120s (custom)
2024-05-03 18:17:21,396 [om1-groupManagement] INFO  server.RaftServerConfigKeys (ConfUtils.java:logGet(46)) - raft.server.read.timeout = 10s (default)
2024-05-03 18:17:21,400 [om1-groupManagement] INFO  server.RaftServerConfigKeys (ConfUtils.java:logGet(46)) - raft.server.retrycache.expirytime = 300s (custom)
2024-05-03 18:17:21,401 [om1-groupManagement] INFO  server.RaftServerConfigKeys (ConfUtils.java:logGet(46)) - raft.server.retrycache.statistics.expirytime = 100ms (default)
2024-05-03 18:17:21,405 [om1-groupManagement] INFO  server.RaftServerConfigKeys (ConfUtils.java:logGet(46)) - raft.server.read.option = DEFAULT (default)
2024-05-03 18:17:21,405 [om1-groupManagement] INFO  server.RaftServerConfigKeys (ConfUtils.java:logGet(46)) - raft.server.read.read-after-write-consistent.write-index-cache.expiry-time = 60s (default)
2024-05-03 18:17:21,510 [om1-groupManagement] INFO  server.RaftServerConfigKeys (ConfUtils.java:logGet(46)) - raft.server.rpc.request.timeout = 3000ms (default)
2024-05-03 18:17:21,516 [om1-groupManagement] INFO  server.RaftServerConfigKeys (ConfUtils.java:logGet(46)) - raft.server.log.appender.install.snapshot.enabled = false (custom)
2024-05-03 18:17:21,517 [om1-groupManagement] INFO  server.RaftServerConfigKeys (ConfUtils.java:logGet(46)) - raft.server.threadpool.server.cached = true (default)
2024-05-03 18:17:21,517 [om1-groupManagement] INFO  server.RaftServerConfigKeys (ConfUtils.java:logGet(46)) - raft.server.threadpool.server.size = 0 (default)
2024-05-03 18:17:21,518 [om1-groupManagement] INFO  server.RaftServerConfigKeys (ConfUtils.java:logGet(46)) - raft.server.threadpool.client.cached = true (default)
2024-05-03 18:17:21,518 [om1-groupManagement] INFO  server.RaftServerConfigKeys (ConfUtils.java:logGet(46)) - raft.server.threadpool.client.size = 0 (default)
2024-05-03 18:17:21,977 [main] INFO  reflections.Reflections (Reflections.java:scan(219)) - Reflections took 559 ms to scan 20 urls, producing 58 keys and 6585 values
2024-05-03 18:17:22,097 [main] INFO  ipc.CallQueueManager (CallQueueManager.java:<init>(90)) - Using callQueue: class java.util.concurrent.LinkedBlockingQueue, queueCapacity: 2000, scheduler: class org.apache.hadoop.ipc.DefaultRpcScheduler, ipcBackoff: false.
2024-05-03 18:17:22,097 [main] INFO  ipc.Server (Server.java:<init>(1287)) - Listener at 127.0.0.1:15004
2024-05-03 18:17:22,098 [Socket Reader #1 for port 15004] INFO  ipc.Server (Server.java:run(1323)) - Starting Socket Reader #1 for port 15004
2024-05-03 18:17:22,124 [main] INFO  impl.MetricsSystemImpl (MetricsSystemImpl.java:init(158)) - OzoneManager metrics system started (again)
2024-05-03 18:17:22,134 [main] INFO  om.OzoneManager (OzoneManager.java:start(1649)) - OzoneManager RPC server is listening at localhost/127.0.0.1:15004
2024-05-03 18:17:22,134 [main] INFO  ratis.OzoneManagerRatisServer (OzoneManagerRatisServer.java:start(588)) - Starting OzoneManagerRatisServer om1 at port 15007
2024-05-03 18:17:22,137 [om1-impl-thread1] INFO  server.RaftServerConfigKeys (ConfUtils.java:logGet(46)) - raft.server.storage.free-space.min = 0MB (=0) (default)
2024-05-03 18:17:22,137 [om1-impl-thread1] INFO  server.RaftServerConfigKeys (ConfUtils.java:logGet(46)) - raft.server.log.corruption.policy = EXCEPTION (default)
2024-05-03 18:17:22,137 [om1-impl-thread1] INFO  server.RaftServerConfigKeys (ConfUtils.java:logGet(46)) - raft.server.storage.dir = [/home/runner/work/ozone/ozone/hadoop-ozone/integration-test/target/test-dir/MiniOzoneClusterImpl-50ce9170-f56e-46a6-9cd7-e4b6a7a9fc1c/ozone-meta/ratis] (custom)
2024-05-03 18:17:22,142 [om1-impl-thread1] INFO  storage.RaftStorageDirectory (RaftStorageDirectoryImpl.java:analyzeStorage(138)) - The storage directory /home/runner/work/ozone/ozone/hadoop-ozone/integration-test/target/test-dir/MiniOzoneClusterImpl-50ce9170-f56e-46a6-9cd7-e4b6a7a9fc1c/ozone-meta/ratis/bf265839-605b-3f16-9796-c5ba1605619e does not exist. Creating ...
2024-05-03 18:17:22,145 [om1-impl-thread1] INFO  storage.RaftStorageDirectory (RaftStorageDirectoryImpl.java:tryLock(228)) - Lock on /home/runner/work/ozone/ozone/hadoop-ozone/integration-test/target/test-dir/MiniOzoneClusterImpl-50ce9170-f56e-46a6-9cd7-e4b6a7a9fc1c/ozone-meta/ratis/bf265839-605b-3f16-9796-c5ba1605619e/in_use.lock acquired by nodename 84935@fv-az889-242
2024-05-03 18:17:22,150 [om1-impl-thread1] INFO  storage.RaftStorage (RaftStorageImpl.java:format(99)) - Storage directory /home/runner/work/ozone/ozone/hadoop-ozone/integration-test/target/test-dir/MiniOzoneClusterImpl-50ce9170-f56e-46a6-9cd7-e4b6a7a9fc1c/ozone-meta/ratis/bf265839-605b-3f16-9796-c5ba1605619e has been successfully formatted.
2024-05-03 18:17:22,150 [om1-impl-thread1] WARN  util.FileUtils (LogUtils.java:supplyAndLog(63)) - Failed to Files.newInputStream /home/runner/work/ozone/ozone/hadoop-ozone/integration-test/target/test-dir/MiniOzoneClusterImpl-50ce9170-f56e-46a6-9cd7-e4b6a7a9fc1c/ozone-meta/ratis/bf265839-605b-3f16-9796-c5ba1605619e/current/raft-meta.conf with options []: java.nio.file.NoSuchFileException: /home/runner/work/ozone/ozone/hadoop-ozone/integration-test/target/test-dir/MiniOzoneClusterImpl-50ce9170-f56e-46a6-9cd7-e4b6a7a9fc1c/ozone-meta/ratis/bf265839-605b-3f16-9796-c5ba1605619e/current/raft-meta.conf
2024-05-03 18:17:22,152 [om1-impl-thread1] INFO  server.RaftServerConfigKeys (ConfUtils.java:logGet(46)) - raft.server.log.use.memory = false (default)
2024-05-03 18:17:22,158 [om1-impl-thread1] INFO  server.RaftServerConfigKeys (ConfUtils.java:logGet(46)) - raft.server.log.purge.gap = 1000000 (custom)
2024-05-03 18:17:22,158 [om1-impl-thread1] INFO  server.RaftServerConfigKeys (ConfUtils.java:logGet(46)) - raft.server.log.appender.buffer.byte-limit = 4194304 (custom)
2024-05-03 18:17:22,159 [om1-impl-thread1] INFO  server.RaftServerConfigKeys (ConfUtils.java:logGet(46)) - raft.server.log.statemachine.data.read.timeout = 1000ms (default)
2024-05-03 18:17:22,160 [om1-impl-thread1] INFO  server.RaftServerConfigKeys (ConfUtils.java:logGet(46)) - raft.server.log.purge.preservation.log.num = 0 (default)
2024-05-03 18:17:22,163 [om1-impl-thread1] INFO  server.RaftServerConfigKeys (ConfUtils.java:logGet(46)) - raft.server.log.segment.size.max = 4194304 (custom)
2024-05-03 18:17:22,167 [om1-impl-thread1] INFO  server.RaftServerConfigKeys (ConfUtils.java:logGet(46)) - raft.server.log.segment.cache.num.max = 2 (custom)
2024-05-03 18:17:22,167 [om1-impl-thread1] INFO  server.RaftServerConfigKeys (ConfUtils.java:logGet(46)) - raft.server.log.segment.cache.size.max = 200MB (=209715200) (default)
2024-05-03 18:17:22,167 [om1-impl-thread1] INFO  server.RaftServerConfigKeys (ConfUtils.java:logGet(46)) - raft.server.log.appender.buffer.byte-limit = 4194304 (custom)
2024-05-03 18:17:22,168 [om1-impl-thread1] INFO  util.AwaitToRun (AwaitToRun.java:start(81)) - Thread[om1@group-C5BA1605619E-cacheEviction-AwaitToRun,5,main] started
2024-05-03 18:17:22,171 [om1-impl-thread1] INFO  segmented.SegmentedRaftLogWorker (SegmentedRaftLogWorker.java:<init>(182)) - new om1@group-C5BA1605619E-SegmentedRaftLogWorker for RaftStorageImpl:Storage Directory /home/runner/work/ozone/ozone/hadoop-ozone/integration-test/target/test-dir/MiniOzoneClusterImpl-50ce9170-f56e-46a6-9cd7-e4b6a7a9fc1c/ozone-meta/ratis/bf265839-605b-3f16-9796-c5ba1605619e
2024-05-03 18:17:22,172 [om1-impl-thread1] INFO  server.RaftServerConfigKeys (ConfUtils.java:logGet(46)) - raft.server.log.queue.byte-limit = 64MB (=67108864) (default)
2024-05-03 18:17:22,172 [om1-impl-thread1] INFO  server.RaftServerConfigKeys (ConfUtils.java:logGet(46)) - raft.server.log.queue.element-limit = 4096 (default)
2024-05-03 18:17:22,173 [om1-impl-thread1] INFO  server.RaftServerConfigKeys (ConfUtils.java:logGet(46)) - raft.server.log.segment.size.max = 4194304 (custom)
2024-05-03 18:17:22,174 [om1-impl-thread1] INFO  server.RaftServerConfigKeys (ConfUtils.java:logGet(46)) - raft.server.log.preallocated.size = 4194304 (custom)
2024-05-03 18:17:22,174 [om1-impl-thread1] INFO  server.RaftServerConfigKeys (ConfUtils.java:logGet(46)) - raft.server.log.force.sync.num = 128 (default)
2024-05-03 18:17:22,174 [om1-impl-thread1] INFO  server.RaftServerConfigKeys (ConfUtils.java:logGet(46)) - raft.server.log.statemachine.data.sync = true (default)
2024-05-03 18:17:22,175 [om1-impl-thread1] INFO  server.RaftServerConfigKeys (ConfUtils.java:logGet(46)) - raft.server.log.statemachine.data.sync.timeout = 10s (default)
2024-05-03 18:17:22,175 [om1-impl-thread1] INFO  server.RaftServerConfigKeys (ConfUtils.java:logGet(46)) - raft.server.log.statemachine.data.sync.timeout.retry = -1 (default)
2024-05-03 18:17:22,177 [om1-impl-thread1] INFO  server.RaftServerConfigKeys (ConfUtils.java:logGet(46)) - raft.server.log.write.buffer.size = 4194312 (custom)
2024-05-03 18:17:22,177 [om1-impl-thread1] INFO  server.RaftServerConfigKeys (ConfUtils.java:logGet(46)) - raft.server.log.appender.buffer.byte-limit = 4194304 (custom)
2024-05-03 18:17:22,178 [om1-impl-thread1] INFO  server.RaftServerConfigKeys (ConfUtils.java:logGet(46)) - raft.server.log.unsafe-flush.enabled = false (default)
2024-05-03 18:17:22,178 [om1-impl-thread1] INFO  server.RaftServerConfigKeys (ConfUtils.java:logGet(46)) - raft.server.log.async-flush.enabled = false (default)
2024-05-03 18:17:22,178 [om1-impl-thread1] INFO  server.RaftServerConfigKeys (ConfUtils.java:logGet(46)) - raft.server.log.statemachine.data.caching.enabled = false (default)
2024-05-03 18:17:22,181 [om1-impl-thread1] INFO  segmented.SegmentedRaftLogWorker (SegmentedRaftLogWorker.java:lambda$new$0(134)) - om1@group-C5BA1605619E-SegmentedRaftLogWorker: flushIndex: setUnconditionally 0 -> -1
2024-05-03 18:17:22,181 [om1-impl-thread1] INFO  segmented.SegmentedRaftLogWorker (SegmentedRaftLogWorker.java:lambda$new$0(134)) - om1@group-C5BA1605619E-SegmentedRaftLogWorker: safeCacheEvictIndex: setUnconditionally 0 -> -1
2024-05-03 18:17:22,182 [om1-impl-thread1] INFO  server.RaftServer$Division (RaftServerImpl.java:start(396)) - om1@group-C5BA1605619E: start as a follower, conf=-1: peers:[om1|localhost:15007]|listeners:[], old=null
2024-05-03 18:17:22,183 [om1-impl-thread1] INFO  server.RaftServer$Division (RaftServerImpl.java:setRole(383)) - om1@group-C5BA1605619E: changes role from      null to FOLLOWER at term 0 for startAsFollower
2024-05-03 18:17:22,184 [om1-impl-thread1] INFO  impl.RoleInfo (RoleInfo.java:updateAndGet(139)) - om1: start om1@group-C5BA1605619E-FollowerState
2024-05-03 18:17:22,184 [om1@group-C5BA1605619E-FollowerState] INFO  server.RaftServerConfigKeys (ConfUtils.java:logFallback(53)) - raft.server.rpc.first-election.timeout.min = 1s (fallback to raft.server.rpc.timeout.min)
2024-05-03 18:17:22,185 [om1@group-C5BA1605619E-FollowerState] INFO  server.RaftServerConfigKeys (ConfUtils.java:logFallback(53)) - raft.server.rpc.first-election.timeout.max = 1200ms (fallback to raft.server.rpc.timeout.max)
2024-05-03 18:17:22,185 [om1-impl-thread1] INFO  util.JmxRegister (JmxRegister.java:tryRegister(44)) - Successfully registered JMX Bean with object name Ratis:service=RaftServer,group=group-C5BA1605619E,id=om1
2024-05-03 18:17:22,187 [om1-impl-thread1] INFO  server.RaftServerConfigKeys (ConfUtils.java:logGet(46)) - raft.server.snapshot.trigger-when-stop.enabled = true (default)
2024-05-03 18:17:22,188 [om1-impl-thread1] INFO  server.RaftServerConfigKeys (ConfUtils.java:logGet(46)) - raft.server.snapshot.auto.trigger.enabled = true (custom)
2024-05-03 18:17:22,188 [om1-impl-thread1] INFO  server.RaftServerConfigKeys (ConfUtils.java:logGet(46)) - raft.server.snapshot.auto.trigger.threshold = 400000 (default)
2024-05-03 18:17:22,188 [om1-impl-thread1] INFO  server.RaftServerConfigKeys (ConfUtils.java:logGet(46)) - raft.server.snapshot.retention.file.num = -1 (default)
2024-05-03 18:17:22,188 [om1-impl-thread1] INFO  server.RaftServerConfigKeys (ConfUtils.java:logGet(46)) - raft.server.log.purge.upto.snapshot.index = true (custom)
2024-05-03 18:17:22,192 [main] INFO  server.RaftServer (RaftServerProxy.java:startImpl(406)) - om1: start RPC server
2024-05-03 18:17:22,220 [main] INFO  server.GrpcService (GrpcService.java:startImpl(302)) - om1: GrpcService started, listening on 15007
2024-05-03 18:17:22,220 [JvmPauseMonitor1] INFO  util.JvmPauseMonitor (JvmPauseMonitor.java:run(146)) - JvmPauseMonitor-om1: Started
2024-05-03 18:17:22,221 [main] INFO  om.OzoneManager (OzoneManager.java:start(1665)) - Version File has different layout version (6) than OM DB (null). That is expected if this OM has never been finalized to a newer layout version.
2024-05-03 18:17:22,240 [main] INFO  client.ScmTopologyClient (ScmTopologyClient.java:start(72)) - Initial network topology fetched from SCM: /.
2024-05-03 18:17:22,241 [main] INFO  net.NodeSchemaLoader (NodeSchemaLoader.java:loadSchemaFromFile(129)) - Loading schema from [file:/home/runner/work/ozone/ozone/hadoop-hdds/common/target/classes/network-topology-default.xml]
2024-05-03 18:17:22,241 [main] INFO  net.NodeSchemaLoader (NodeSchemaLoader.java:loadSchema(176)) - Loading network topology layer schema file
2024-05-03 18:17:22,260 [main] INFO  http.BaseHttpServer (BaseHttpServer.java:newHttpServer2BuilderForOzone(223)) - Starting Web-server for ozoneManager at: http://0.0.0.0:15005
2024-05-03 18:17:22,260 [main] INFO  http.BaseHttpServer (BaseHttpServer.java:<init>(110)) - Hadoop Security Enabled: false Ozone Security Enabled: false Ozone HTTP Security Enabled: false 
2024-05-03 18:17:22,262 [main] WARN  server.AuthenticationFilter (AuthenticationFilter.java:constructSecretProvider(240)) - Unable to initialize FileSignerSecretProvider, falling back to use random secrets. Reason: Could not read signature secret file: /home/runner/hadoop-http-auth-signature-secret
2024-05-03 18:17:22,264 [main] INFO  http.HttpRequestLog (HttpRequestLog.java:getRequestLog(86)) - Http request log for http.requests.ozoneManager is not defined
2024-05-03 18:17:22,265 [main] INFO  http.HttpServer2 (HttpServer2.java:addGlobalFilter(1036)) - Added global filter 'safety' (class=org.apache.hadoop.hdds.server.http.HttpServer2$QuotingInputFilter)
2024-05-03 18:17:22,266 [main] INFO  http.HttpServer2 (HttpServer2.java:addFilter(1012)) - Added filter static_user_filter (class=org.apache.hadoop.http.lib.StaticUserWebFilter$StaticUserFilter) to context ozoneManager
2024-05-03 18:17:22,266 [main] INFO  http.HttpServer2 (HttpServer2.java:addFilter(1020)) - Added filter static_user_filter (class=org.apache.hadoop.http.lib.StaticUserWebFilter$StaticUserFilter) to context logs
2024-05-03 18:17:22,266 [main] INFO  http.HttpServer2 (HttpServer2.java:addFilter(1020)) - Added filter static_user_filter (class=org.apache.hadoop.http.lib.StaticUserWebFilter$StaticUserFilter) to context static
2024-05-03 18:17:22,268 [main] INFO  http.BaseHttpServer (BaseHttpServer.java:<init>(189)) - HTTP server of ozoneManager uses base directory /home/runner/work/ozone/ozone/hadoop-ozone/integration-test/target/test-dir/MiniOzoneClusterImpl-50ce9170-f56e-46a6-9cd7-e4b6a7a9fc1c/ozone-meta/webserver
2024-05-03 18:17:22,271 [main] INFO  http.HttpServer2 (HttpServer2.java:bindListener(1236)) - Jetty bound to port 15005
2024-05-03 18:17:22,271 [main] INFO  server.Server (Server.java:doStart(375)) - jetty-9.4.54.v20240208; built: 2024-02-08T19:42:39.027Z; git: cef3fbd6d736a21e7d541a5db490381d95a2047d; jvm 17.0.10+7
2024-05-03 18:17:22,283 [main] INFO  server.session (DefaultSessionIdManager.java:doStart(334)) - DefaultSessionIdManager workerName=node0
2024-05-03 18:17:22,283 [main] INFO  server.session (DefaultSessionIdManager.java:doStart(339)) - No SessionScavenger set, using defaults
2024-05-03 18:17:22,283 [main] INFO  server.session (HouseKeeper.java:startScavenging(132)) - node0 Scavenging every 600000ms
2024-05-03 18:17:22,284 [main] INFO  handler.ContextHandler (ContextHandler.java:doStart(921)) - Started o.e.j.s.ServletContextHandler@1babd50e{logs,/logs,file:///home/runner/work/ozone/ozone/hadoop-ozone/integration-test/target/log,AVAILABLE}
2024-05-03 18:17:22,285 [main] INFO  handler.ContextHandler (ContextHandler.java:doStart(921)) - Started o.e.j.s.ServletContextHandler@3aa2646f{static,/static,file:///home/runner/work/ozone/ozone/hadoop-ozone/integration-test/target/test-classes/webapps/static,AVAILABLE}
2024-05-03 18:17:22,293 [main] INFO  handler.ContextHandler (ContextHandler.java:doStart(921)) - Started o.e.j.w.WebAppContext@79009bde{ozoneManager,/,file:///home/runner/work/ozone/ozone/hadoop-ozone/integration-test/target/test-classes/webapps/ozoneManager/,AVAILABLE}{file:/home/runner/work/ozone/ozone/hadoop-ozone/integration-test/target/test-classes/webapps/ozoneManager}
2024-05-03 18:17:22,294 [main] INFO  server.AbstractConnector (AbstractConnector.java:doStart(333)) - Started ServerConnector@3366a998{HTTP/1.1, (http/1.1)}{0.0.0.0:15005}
2024-05-03 18:17:22,294 [main] INFO  server.Server (Server.java:doStart(415)) - Started @6174ms
2024-05-03 18:17:22,294 [main] WARN  impl.MetricsSystemImpl (MetricsSystemImpl.java:register(279)) - Sink prometheus already exists!
2024-05-03 18:17:22,296 [main] INFO  http.BaseHttpServer (BaseHttpServer.java:updateConnectorAddress(354)) - HTTP server of ozoneManager listening at http://0.0.0.0:15005
2024-05-03 18:17:22,297 [IPC Server Responder] INFO  ipc.Server (Server.java:run(1562)) - IPC Server Responder: starting
2024-05-03 18:17:22,297 [IPC Server listener on 15004] INFO  ipc.Server (Server.java:run(1402)) - IPC Server listener on 15004: starting
2024-05-03 18:17:22,321 [main] INFO  om.OzoneManager (OzoneManager.java:startTrashEmptier(2121)) - Trash Interval set to 0. Files deleted won't move to trash
2024-05-03 18:17:22,330 [main] INFO  db.CodecBuffer (CodecBuffer.java:set(63)) - Successfully set constructor to org.apache.hadoop.hdds.utils.db.CodecBuffer$$Lambda$1153/0x00007fdfdc735cf8@57e273e0
2024-05-03 18:17:22,431 [main] WARN  dropwizard3.Dm3MetricRegistriesImpl (Dm3MetricRegistriesImpl.java:addReporterRegistration(113)) - New reporters are added after registries were created. Some metrics will be missing from the reporter. Please add reporter before adding any new registry.
2024-05-03 18:17:22,431 [main] WARN  dropwizard3.Dm3MetricRegistriesImpl (Dm3MetricRegistriesImpl.java:addReporterRegistration(113)) - New reporters are added after registries were created. Some metrics will be missing from the reporter. Please add reporter before adding any new registry.
2024-05-03 18:17:22,431 [main] INFO  impl.MetricsSystemImpl (MetricsSystemImpl.java:init(158)) - HddsDatanode metrics system started (again)
2024-05-03 18:17:22,448 [main] INFO  ozone.HddsDatanodeService (HddsDatanodeService.java:start(240)) - HddsDatanodeService host:fv-az889-242.0uloxy4xllhuhla4wvomrgtxqg.cx.internal.cloudapp.net ip:10.1.0.4
2024-05-03 18:17:22,473 [main] INFO  upgrade.AbstractLayoutVersionManager (AbstractLayoutVersionManager.java:init(83)) - Initializing Layout version manager with metadata layout = HADOOP_PRC_PORTS_IN_DATANODEDETAILS (version = 7), software layout = HADOOP_PRC_PORTS_IN_DATANODEDETAILS (version = 7)
2024-05-03 18:17:22,475 [main] INFO  statemachine.DatanodeStateMachine (DatanodeStateMachine.java:getEndPointTaskThreadPoolSize(299)) - Datanode State Machine Task Thread Pool size 2
2024-05-03 18:17:22,520 [main] INFO  volume.HddsVolume (HddsVolume.java:<init>(126)) - Creating HddsVolume: /home/runner/work/ozone/ozone/hadoop-ozone/integration-test/target/test-dir/MiniOzoneClusterImpl-50ce9170-f56e-46a6-9cd7-e4b6a7a9fc1c/ozone-meta/datanode-1/data-0/hdds of storage type : DISK capacity : 9222449699674390527
2024-05-03 18:17:22,522 [main] INFO  volume.MutableVolumeSet (MutableVolumeSet.java:initializeVolumeSet(173)) - Added Volume : /home/runner/work/ozone/ozone/hadoop-ozone/integration-test/target/test-dir/MiniOzoneClusterImpl-50ce9170-f56e-46a6-9cd7-e4b6a7a9fc1c/ozone-meta/datanode-1/data-0/hdds to VolumeSet
2024-05-03 18:17:22,526 [main] INFO  volume.MutableVolumeSet (MutableVolumeSet.java:initializeVolumeSet(173)) - Added Volume : /home/runner/work/ozone/ozone/hadoop-ozone/integration-test/target/test-dir/MiniOzoneClusterImpl-50ce9170-f56e-46a6-9cd7-e4b6a7a9fc1c/ozone-meta/datanode-1/ratis to VolumeSet
2024-05-03 18:17:22,529 [main] INFO  ozoneimpl.OzoneContainer (HddsVolumeUtil.java:loadAllHddsVolumeDbStore(103)) - Load 1 volumes DbStore cost: 1ms
2024-05-03 18:17:22,582 [main] INFO  audit.AuditLogger (AuditLogger.java:refreshDebugCmdSet(135)) - Refresh DebugCmdSet for DNAudit to [].
2024-05-03 18:17:22,614 [main] INFO  server.RaftServer (ConfUtils.java:logGet(46)) - raft.rpc.type = GRPC (default)
2024-05-03 18:17:22,615 [main] INFO  grpc.GrpcConfigKeys (ConfUtils.java:logFallback(53)) - raft.grpc.admin.host = null (fallback to raft.grpc.server.host)
2024-05-03 18:17:22,615 [main] INFO  grpc.GrpcConfigKeys (ConfUtils.java:logGet(46)) - raft.grpc.admin.port = 15013 (custom)
2024-05-03 18:17:22,615 [main] INFO  grpc.GrpcConfigKeys (ConfUtils.java:logFallback(53)) - raft.grpc.client.host = null (fallback to raft.grpc.server.host)
2024-05-03 18:17:22,615 [main] INFO  grpc.GrpcConfigKeys (ConfUtils.java:logGet(46)) - raft.grpc.client.port = 15012 (custom)
2024-05-03 18:17:22,615 [main] INFO  grpc.GrpcConfigKeys (ConfUtils.java:logGet(46)) - raft.grpc.server.host = null (default)
2024-05-03 18:17:22,615 [main] INFO  grpc.GrpcConfigKeys (ConfUtils.java:logGet(46)) - raft.grpc.server.port = 15014 (custom)
2024-05-03 18:17:22,616 [main] INFO  server.GrpcService (ConfUtils.java:logGet(46)) - raft.grpc.message.size.max = 32MB (=33554432) (custom)
2024-05-03 18:17:22,616 [main] INFO  server.RaftServerConfigKeys (ConfUtils.java:logGet(46)) - raft.server.log.appender.buffer.byte-limit = 8388608 (custom)
2024-05-03 18:17:22,616 [main] INFO  server.GrpcService (ConfUtils.java:logGet(46)) - raft.grpc.flow.control.window = 5MB (=5242880) (custom)
2024-05-03 18:17:22,616 [main] INFO  server.RaftServerConfigKeys (ConfUtils.java:logGet(46)) - raft.server.rpc.request.timeout = 60s (custom)
2024-05-03 18:17:22,616 [main] INFO  grpc.GrpcConfigKeys (ConfUtils.java:logGet(46)) - raft.grpc.server.heartbeat.channel = true (default)
2024-05-03 18:17:22,616 [main] INFO  grpc.GrpcConfigKeys (ConfUtils.java:logGet(46)) - raft.grpc.server.async.request.thread.pool.cached = true (default)
2024-05-03 18:17:22,617 [main] INFO  grpc.GrpcConfigKeys (ConfUtils.java:logGet(46)) - raft.grpc.server.async.request.thread.pool.size = 32 (default)
2024-05-03 18:17:22,619 [main] INFO  impl.DataStreamServerImpl (ConfUtils.java:logGet(46)) - raft.datastream.type = NETTY (custom)
2024-05-03 18:17:22,631 [main] INFO  server.RaftServerConfigKeys (ConfUtils.java:logGet(46)) - raft.server.data-stream.async.request.thread.pool.cached = false (default)
2024-05-03 18:17:22,631 [main] INFO  server.RaftServerConfigKeys (ConfUtils.java:logGet(46)) - raft.server.data-stream.async.request.thread.pool.size = 20 (custom)
2024-05-03 18:17:22,632 [main] INFO  server.RaftServerConfigKeys (ConfUtils.java:logGet(46)) - raft.server.data-stream.async.write.thread.pool.size = 16 (default)
2024-05-03 18:17:22,632 [main] INFO  netty.NettyConfigKeys$DataStream (ConfUtils.java:logGet(46)) - raft.netty.dataStream.server.channel.inactive.grace-period = 10min (default)
2024-05-03 18:17:22,633 [main] INFO  server.RaftServerConfigKeys (ConfUtils.java:logGet(46)) - raft.server.data-stream.client.pool.size = 10 (default)
2024-05-03 18:17:22,635 [main] INFO  netty.NettyConfigKeys$DataStream (ConfUtils.java:logGet(46)) - raft.netty.dataStream.server.use-epoll = true (default)
2024-05-03 18:17:22,635 [main] INFO  netty.NettyConfigKeys$DataStream (ConfUtils.java:logGet(46)) - raft.netty.dataStream.server.boss-group.size = 0 (default)
2024-05-03 18:17:22,636 [main] INFO  netty.NettyUtils (NettyUtils.java:newEventLoopGroup(69)) - Create EpollEventLoopGroup for a4462983-f44a-4197-b2bd-8a8d54f7910a-NettyServerStreamRpc-bossGroup; Thread size is 0.
2024-05-03 18:17:22,637 [main] INFO  netty.NettyConfigKeys$DataStream (ConfUtils.java:logGet(46)) - raft.netty.dataStream.server.worker-group.size = 0 (default)
2024-05-03 18:17:22,637 [main] INFO  netty.NettyUtils (NettyUtils.java:newEventLoopGroup(69)) - Create EpollEventLoopGroup for a4462983-f44a-4197-b2bd-8a8d54f7910a-NettyServerStreamRpc-workerGroup; Thread size is 0.
2024-05-03 18:17:22,638 [main] INFO  netty.NettyConfigKeys$DataStream (ConfUtils.java:logGet(46)) - raft.netty.dataStream.server.tls.conf = null (default)
2024-05-03 18:17:22,639 [main] INFO  netty.NettyConfigKeys$DataStream (ConfUtils.java:logGet(46)) - raft.netty.dataStream.host = null (default)
2024-05-03 18:17:22,639 [main] INFO  netty.NettyConfigKeys$DataStream (ConfUtils.java:logGet(46)) - raft.netty.dataStream.port = 15015 (custom)
2024-05-03 18:17:22,642 [main] INFO  server.RaftServerConfigKeys (ConfUtils.java:logGet(46)) - raft.server.sleep.deviation.threshold = 300ms (default)
2024-05-03 18:17:22,642 [main] INFO  server.RaftServerConfigKeys (ConfUtils.java:logGet(46)) - raft.server.close.threshold = 60s (default)
2024-05-03 18:17:22,643 [main] INFO  server.RaftServerConfigKeys (ConfUtils.java:logGet(46)) - raft.server.leaderelection.leader.step-down.wait-time = 10s (default)
2024-05-03 18:17:22,643 [main] INFO  server.RaftServerConfigKeys (ConfUtils.java:logGet(46)) - raft.server.storage.dir = [/home/runner/work/ozone/ozone/hadoop-ozone/integration-test/target/test-dir/MiniOzoneClusterImpl-50ce9170-f56e-46a6-9cd7-e4b6a7a9fc1c/ozone-meta/datanode-1/ratis] (custom)
2024-05-03 18:17:22,643 [main] INFO  server.RaftServerConfigKeys (ConfUtils.java:logGet(46)) - raft.server.threadpool.proxy.cached = true (default)
2024-05-03 18:17:22,643 [main] INFO  server.RaftServerConfigKeys (ConfUtils.java:logGet(46)) - raft.server.threadpool.proxy.size = 0 (default)
2024-05-03 18:17:22,647 [a4462983-f44a-4197-b2bd-8a8d54f7910a-impl-thread1] INFO  server.RaftServer (RaftServerProxy.java:initGroupDir(264)) - a4462983-f44a-4197-b2bd-8a8d54f7910a: found a subdirectory /home/runner/work/ozone/ozone/hadoop-ozone/integration-test/target/test-dir/MiniOzoneClusterImpl-50ce9170-f56e-46a6-9cd7-e4b6a7a9fc1c/ozone-meta/datanode-1/ratis/tmp
2024-05-03 18:17:22,647 [a4462983-f44a-4197-b2bd-8a8d54f7910a-impl-thread1] INFO  server.RaftServer (RaftServerProxy.java:initGroupDir(269)) - a4462983-f44a-4197-b2bd-8a8d54f7910a: The directory /home/runner/work/ozone/ozone/hadoop-ozone/integration-test/target/test-dir/MiniOzoneClusterImpl-50ce9170-f56e-46a6-9cd7-e4b6a7a9fc1c/ozone-meta/datanode-1/ratis/tmp is not a group directory; ignoring it. 
2024-05-03 18:17:22,650 [main] INFO  replication.ReplicationServer (ReplicationServer.java:<init>(86)) - Initializing replication server with thread count = 10 queue length = 4096
2024-05-03 18:17:22,662 [a4462983-f44a-4197-b2bd-8a8d54f7910a-NettyServerStreamRpc-bossGroup--thread1] INFO  logging.LoggingHandler (AbstractInternalLogger.java:log(148)) - [id: 0xaa2f7602] REGISTERED
2024-05-03 18:17:22,662 [a4462983-f44a-4197-b2bd-8a8d54f7910a-NettyServerStreamRpc-bossGroup--thread1] INFO  logging.LoggingHandler (AbstractInternalLogger.java:log(148)) - [id: 0xaa2f7602] BIND: 0.0.0.0/0.0.0.0:15015
2024-05-03 18:17:22,662 [a4462983-f44a-4197-b2bd-8a8d54f7910a-NettyServerStreamRpc-bossGroup--thread1] INFO  logging.LoggingHandler (AbstractInternalLogger.java:log(148)) - [id: 0xaa2f7602, L:/0.0.0.0:15015] ACTIVE
2024-05-03 18:17:22,673 [main] INFO  server.XceiverServerGrpc (XceiverServerGrpc.java:<init>(141)) - GrpcServer channel type EpollServerSocketChannel
2024-05-03 18:17:22,699 [main] INFO  replication.ReplicationSupervisor (ReplicationSupervisor.java:build(157)) - Initializing replication supervisor with thread count = 10
2024-05-03 18:17:22,701 [main] INFO  replication.ReplicationSupervisor (ReplicationSupervisor.java:nodeStateUpdated(312)) - Node state updated to IN_SERVICE, scaling executor pool size to 10
2024-05-03 18:17:22,768 [main] INFO  http.BaseHttpServer (BaseHttpServer.java:newHttpServer2BuilderForOzone(223)) - Starting Web-server for hddsDatanode at: http://0.0.0.0:15009
2024-05-03 18:17:22,769 [main] INFO  http.BaseHttpServer (BaseHttpServer.java:<init>(110)) - Hadoop Security Enabled: false Ozone Security Enabled: false Ozone HTTP Security Enabled: false 
2024-05-03 18:17:22,771 [main] WARN  server.AuthenticationFilter (AuthenticationFilter.java:constructSecretProvider(240)) - Unable to initialize FileSignerSecretProvider, falling back to use random secrets. Reason: Could not read signature secret file: /home/runner/hadoop-http-auth-signature-secret
2024-05-03 18:17:22,772 [main] INFO  http.HttpRequestLog (HttpRequestLog.java:getRequestLog(86)) - Http request log for http.requests.hddsDatanode is not defined
2024-05-03 18:17:22,774 [main] INFO  http.HttpServer2 (HttpServer2.java:addGlobalFilter(1036)) - Added global filter 'safety' (class=org.apache.hadoop.hdds.server.http.HttpServer2$QuotingInputFilter)
2024-05-03 18:17:22,775 [main] INFO  http.HttpServer2 (HttpServer2.java:addFilter(1012)) - Added filter static_user_filter (class=org.apache.hadoop.http.lib.StaticUserWebFilter$StaticUserFilter) to context hddsDatanode
2024-05-03 18:17:22,775 [main] INFO  http.HttpServer2 (HttpServer2.java:addFilter(1020)) - Added filter static_user_filter (class=org.apache.hadoop.http.lib.StaticUserWebFilter$StaticUserFilter) to context logs
2024-05-03 18:17:22,776 [main] INFO  http.HttpServer2 (HttpServer2.java:addFilter(1020)) - Added filter static_user_filter (class=org.apache.hadoop.http.lib.StaticUserWebFilter$StaticUserFilter) to context static
2024-05-03 18:17:22,777 [main] INFO  http.BaseHttpServer (BaseHttpServer.java:<init>(189)) - HTTP server of hddsDatanode uses base directory /home/runner/work/ozone/ozone/hadoop-ozone/integration-test/target/test-dir/MiniOzoneClusterImpl-50ce9170-f56e-46a6-9cd7-e4b6a7a9fc1c/ozone-meta/datanode-1/meta/webserver
2024-05-03 18:17:22,777 [main] INFO  http.HttpServer2 (HttpServer2.java:bindListener(1236)) - Jetty bound to port 15009
2024-05-03 18:17:22,778 [main] INFO  server.Server (Server.java:doStart(375)) - jetty-9.4.54.v20240208; built: 2024-02-08T19:42:39.027Z; git: cef3fbd6d736a21e7d541a5db490381d95a2047d; jvm 17.0.10+7
2024-05-03 18:17:22,783 [main] INFO  server.session (DefaultSessionIdManager.java:doStart(334)) - DefaultSessionIdManager workerName=node0
2024-05-03 18:17:22,783 [main] INFO  server.session (DefaultSessionIdManager.java:doStart(339)) - No SessionScavenger set, using defaults
2024-05-03 18:17:22,783 [main] INFO  server.session (HouseKeeper.java:startScavenging(132)) - node0 Scavenging every 600000ms
2024-05-03 18:17:22,786 [main] INFO  handler.ContextHandler (ContextHandler.java:doStart(921)) - Started o.e.j.s.ServletContextHandler@452d9887{logs,/logs,file:///home/runner/work/ozone/ozone/hadoop-ozone/integration-test/target/log,AVAILABLE}
2024-05-03 18:17:22,786 [main] INFO  handler.ContextHandler (ContextHandler.java:doStart(921)) - Started o.e.j.s.ServletContextHandler@1b7708d9{static,/static,file:///home/runner/work/ozone/ozone/hadoop-hdds/container-service/target/classes/webapps/static,AVAILABLE}
2024-05-03 18:17:22,791 [main] INFO  handler.ContextHandler (ContextHandler.java:doStart(921)) - Started o.e.j.w.WebAppContext@4289feba{hddsDatanode,/,file:///home/runner/work/ozone/ozone/hadoop-hdds/container-service/target/classes/webapps/hddsDatanode/,AVAILABLE}{file:/home/runner/work/ozone/ozone/hadoop-hdds/container-service/target/classes/webapps/hddsDatanode}
2024-05-03 18:17:22,792 [main] INFO  server.AbstractConnector (AbstractConnector.java:doStart(333)) - Started ServerConnector@36e7a455{HTTP/1.1, (http/1.1)}{0.0.0.0:15009}
2024-05-03 18:17:22,792 [main] INFO  server.Server (Server.java:doStart(415)) - Started @6672ms
2024-05-03 18:17:22,792 [main] WARN  impl.MetricsSystemImpl (MetricsSystemImpl.java:register(279)) - Sink prometheus already exists!
2024-05-03 18:17:22,793 [main] INFO  http.BaseHttpServer (BaseHttpServer.java:updateConnectorAddress(354)) - HTTP server of hddsDatanode listening at http://0.0.0.0:15009
2024-05-03 18:17:22,795 [main] INFO  ipc.CallQueueManager (CallQueueManager.java:<init>(90)) - Using callQueue: class java.util.concurrent.LinkedBlockingQueue, queueCapacity: 100, scheduler: class org.apache.hadoop.ipc.DefaultRpcScheduler, ipcBackoff: false.
2024-05-03 18:17:22,796 [main] INFO  ipc.Server (Server.java:<init>(1287)) - Listener at 0.0.0.0:15010
2024-05-03 18:17:22,796 [Socket Reader #1 for port 15010] INFO  ipc.Server (Server.java:run(1323)) - Starting Socket Reader #1 for port 15010
2024-05-03 18:17:22,798 [main] INFO  ozone.HddsDatanodeService (HddsDatanodeService.java:start(327)) - Datanode start with admins: [runner]
2024-05-03 18:17:22,798 [main] INFO  ozone.HddsDatanodeClientProtocolServer (HddsDatanodeClientProtocolServer.java:start(77)) - RPC server for Client /0.0.0.0:15010
2024-05-03 18:17:22,801 [IPC Server Responder] INFO  ipc.Server (Server.java:run(1562)) - IPC Server Responder: starting
2024-05-03 18:17:22,801 [IPC Server listener on 15010] INFO  ipc.Server (Server.java:run(1402)) - IPC Server listener on 15010: starting
2024-05-03 18:17:22,802 [main] WARN  dropwizard3.Dm3MetricRegistriesImpl (Dm3MetricRegistriesImpl.java:addReporterRegistration(113)) - New reporters are added after registries were created. Some metrics will be missing from the reporter. Please add reporter before adding any new registry.
2024-05-03 18:17:22,803 [main] WARN  dropwizard3.Dm3MetricRegistriesImpl (Dm3MetricRegistriesImpl.java:addReporterRegistration(113)) - New reporters are added after registries were created. Some metrics will be missing from the reporter. Please add reporter before adding any new registry.
2024-05-03 18:17:22,803 [main] INFO  impl.MetricsSystemImpl (MetricsSystemImpl.java:init(158)) - HddsDatanode metrics system started (again)
2024-05-03 18:17:22,807 [a4462983-f44a-4197-b2bd-8a8d54f7910a-DatanodeStateMachineDaemonThread] INFO  statemachine.DatanodeStateMachine (DatanodeStateMachine.java:lambda$startDaemon$1(555)) - Ozone container server started.
2024-05-03 18:17:22,818 [main] INFO  ozone.HddsDatanodeService (HddsDatanodeService.java:start(240)) - HddsDatanodeService host:fv-az889-242.0uloxy4xllhuhla4wvomrgtxqg.cx.internal.cloudapp.net ip:10.1.0.4
2024-05-03 18:17:22,847 [main] INFO  upgrade.AbstractLayoutVersionManager (AbstractLayoutVersionManager.java:init(83)) - Initializing Layout version manager with metadata layout = HADOOP_PRC_PORTS_IN_DATANODEDETAILS (version = 7), software layout = HADOOP_PRC_PORTS_IN_DATANODEDETAILS (version = 7)
2024-05-03 18:17:22,848 [main] INFO  statemachine.DatanodeStateMachine (DatanodeStateMachine.java:getEndPointTaskThreadPoolSize(299)) - Datanode State Machine Task Thread Pool size 2
2024-05-03 18:17:22,851 [main] INFO  volume.HddsVolume (HddsVolume.java:<init>(126)) - Creating HddsVolume: /home/runner/work/ozone/ozone/hadoop-ozone/integration-test/target/test-dir/MiniOzoneClusterImpl-50ce9170-f56e-46a6-9cd7-e4b6a7a9fc1c/ozone-meta/datanode-2/data-0/hdds of storage type : DISK capacity : 9222449699674390527
2024-05-03 18:17:22,852 [main] INFO  volume.MutableVolumeSet (MutableVolumeSet.java:initializeVolumeSet(173)) - Added Volume : /home/runner/work/ozone/ozone/hadoop-ozone/integration-test/target/test-dir/MiniOzoneClusterImpl-50ce9170-f56e-46a6-9cd7-e4b6a7a9fc1c/ozone-meta/datanode-2/data-0/hdds to VolumeSet
2024-05-03 18:17:22,853 [main] INFO  volume.MutableVolumeSet (MutableVolumeSet.java:initializeVolumeSet(173)) - Added Volume : /home/runner/work/ozone/ozone/hadoop-ozone/integration-test/target/test-dir/MiniOzoneClusterImpl-50ce9170-f56e-46a6-9cd7-e4b6a7a9fc1c/ozone-meta/datanode-2/ratis to VolumeSet
2024-05-03 18:17:22,854 [main] INFO  ozoneimpl.OzoneContainer (HddsVolumeUtil.java:loadAllHddsVolumeDbStore(103)) - Load 1 volumes DbStore cost: 0ms
2024-05-03 18:17:22,858 [main] INFO  server.RaftServer (ConfUtils.java:logGet(46)) - raft.rpc.type = GRPC (default)
2024-05-03 18:17:22,859 [main] INFO  grpc.GrpcConfigKeys (ConfUtils.java:logFallback(53)) - raft.grpc.admin.host = null (fallback to raft.grpc.server.host)
2024-05-03 18:17:22,859 [main] INFO  grpc.GrpcConfigKeys (ConfUtils.java:logGet(46)) - raft.grpc.admin.port = 15022 (custom)
2024-05-03 18:17:22,859 [main] INFO  grpc.GrpcConfigKeys (ConfUtils.java:logFallback(53)) - raft.grpc.client.host = null (fallback to raft.grpc.server.host)
2024-05-03 18:17:22,859 [main] INFO  grpc.GrpcConfigKeys (ConfUtils.java:logGet(46)) - raft.grpc.client.port = 15021 (custom)
2024-05-03 18:17:22,859 [main] INFO  grpc.GrpcConfigKeys (ConfUtils.java:logGet(46)) - raft.grpc.server.host = null (default)
2024-05-03 18:17:22,860 [main] INFO  grpc.GrpcConfigKeys (ConfUtils.java:logGet(46)) - raft.grpc.server.port = 15023 (custom)
2024-05-03 18:17:22,860 [main] INFO  server.GrpcService (ConfUtils.java:logGet(46)) - raft.grpc.message.size.max = 32MB (=33554432) (custom)
2024-05-03 18:17:22,860 [main] INFO  server.RaftServerConfigKeys (ConfUtils.java:logGet(46)) - raft.server.log.appender.buffer.byte-limit = 8388608 (custom)
2024-05-03 18:17:22,860 [main] INFO  server.GrpcService (ConfUtils.java:logGet(46)) - raft.grpc.flow.control.window = 5MB (=5242880) (custom)
2024-05-03 18:17:22,860 [main] INFO  server.RaftServerConfigKeys (ConfUtils.java:logGet(46)) - raft.server.rpc.request.timeout = 60s (custom)
2024-05-03 18:17:22,860 [main] INFO  grpc.GrpcConfigKeys (ConfUtils.java:logGet(46)) - raft.grpc.server.heartbeat.channel = true (default)
2024-05-03 18:17:22,860 [main] INFO  grpc.GrpcConfigKeys (ConfUtils.java:logGet(46)) - raft.grpc.server.async.request.thread.pool.cached = true (default)
2024-05-03 18:17:22,861 [main] INFO  grpc.GrpcConfigKeys (ConfUtils.java:logGet(46)) - raft.grpc.server.async.request.thread.pool.size = 32 (default)
2024-05-03 18:17:22,863 [main] INFO  impl.DataStreamServerImpl (ConfUtils.java:logGet(46)) - raft.datastream.type = NETTY (custom)
2024-05-03 18:17:22,863 [main] INFO  server.RaftServerConfigKeys (ConfUtils.java:logGet(46)) - raft.server.data-stream.async.request.thread.pool.cached = false (default)
2024-05-03 18:17:22,864 [main] INFO  server.RaftServerConfigKeys (ConfUtils.java:logGet(46)) - raft.server.data-stream.async.request.thread.pool.size = 20 (custom)
2024-05-03 18:17:22,864 [main] INFO  server.RaftServerConfigKeys (ConfUtils.java:logGet(46)) - raft.server.data-stream.async.write.thread.pool.size = 16 (default)
2024-05-03 18:17:22,864 [main] INFO  netty.NettyConfigKeys$DataStream (ConfUtils.java:logGet(46)) - raft.netty.dataStream.server.channel.inactive.grace-period = 10min (default)
2024-05-03 18:17:22,864 [main] INFO  server.RaftServerConfigKeys (ConfUtils.java:logGet(46)) - raft.server.data-stream.client.pool.size = 10 (default)
2024-05-03 18:17:22,864 [main] INFO  netty.NettyConfigKeys$DataStream (ConfUtils.java:logGet(46)) - raft.netty.dataStream.server.use-epoll = true (default)
2024-05-03 18:17:22,865 [main] INFO  netty.NettyConfigKeys$DataStream (ConfUtils.java:logGet(46)) - raft.netty.dataStream.server.boss-group.size = 0 (default)
2024-05-03 18:17:22,865 [main] INFO  netty.NettyUtils (NettyUtils.java:newEventLoopGroup(69)) - Create EpollEventLoopGroup for 99a655c4-0b57-4952-9df4-c48c67505b31-NettyServerStreamRpc-bossGroup; Thread size is 0.
2024-05-03 18:17:22,886 [main] INFO  netty.NettyConfigKeys$DataStream (ConfUtils.java:logGet(46)) - raft.netty.dataStream.server.worker-group.size = 0 (default)
2024-05-03 18:17:22,886 [main] INFO  netty.NettyUtils (NettyUtils.java:newEventLoopGroup(69)) - Create EpollEventLoopGroup for 99a655c4-0b57-4952-9df4-c48c67505b31-NettyServerStreamRpc-workerGroup; Thread size is 0.
2024-05-03 18:17:22,887 [main] INFO  netty.NettyConfigKeys$DataStream (ConfUtils.java:logGet(46)) - raft.netty.dataStream.server.tls.conf = null (default)
2024-05-03 18:17:22,887 [main] INFO  netty.NettyConfigKeys$DataStream (ConfUtils.java:logGet(46)) - raft.netty.dataStream.host = null (default)
2024-05-03 18:17:22,887 [main] INFO  netty.NettyConfigKeys$DataStream (ConfUtils.java:logGet(46)) - raft.netty.dataStream.port = 15024 (custom)
2024-05-03 18:17:22,888 [main] INFO  server.RaftServerConfigKeys (ConfUtils.java:logGet(46)) - raft.server.sleep.deviation.threshold = 300ms (default)
2024-05-03 18:17:22,888 [main] INFO  server.RaftServerConfigKeys (ConfUtils.java:logGet(46)) - raft.server.close.threshold = 60s (default)
2024-05-03 18:17:22,888 [main] INFO  server.RaftServerConfigKeys (ConfUtils.java:logGet(46)) - raft.server.leaderelection.leader.step-down.wait-time = 10s (default)
2024-05-03 18:17:22,888 [main] INFO  server.RaftServerConfigKeys (ConfUtils.java:logGet(46)) - raft.server.storage.dir = [/home/runner/work/ozone/ozone/hadoop-ozone/integration-test/target/test-dir/MiniOzoneClusterImpl-50ce9170-f56e-46a6-9cd7-e4b6a7a9fc1c/ozone-meta/datanode-2/ratis] (custom)
2024-05-03 18:17:22,888 [main] INFO  server.RaftServerConfigKeys (ConfUtils.java:logGet(46)) - raft.server.threadpool.proxy.cached = true (default)
2024-05-03 18:17:22,889 [main] INFO  server.RaftServerConfigKeys (ConfUtils.java:logGet(46)) - raft.server.threadpool.proxy.size = 0 (default)
2024-05-03 18:17:22,892 [99a655c4-0b57-4952-9df4-c48c67505b31-NettyServerStreamRpc-bossGroup--thread1] INFO  logging.LoggingHandler (AbstractInternalLogger.java:log(148)) - [id: 0x0f565e1f] REGISTERED
2024-05-03 18:17:22,892 [99a655c4-0b57-4952-9df4-c48c67505b31-NettyServerStreamRpc-bossGroup--thread1] INFO  logging.LoggingHandler (AbstractInternalLogger.java:log(148)) - [id: 0x0f565e1f] BIND: 0.0.0.0/0.0.0.0:15024
2024-05-03 18:17:22,892 [99a655c4-0b57-4952-9df4-c48c67505b31-NettyServerStreamRpc-bossGroup--thread1] INFO  logging.LoggingHandler (AbstractInternalLogger.java:log(148)) - [id: 0x0f565e1f, L:/0.0.0.0:15024] ACTIVE
2024-05-03 18:17:22,895 [99a655c4-0b57-4952-9df4-c48c67505b31-impl-thread1] INFO  server.RaftServer (RaftServerProxy.java:initGroupDir(264)) - 99a655c4-0b57-4952-9df4-c48c67505b31: found a subdirectory /home/runner/work/ozone/ozone/hadoop-ozone/integration-test/target/test-dir/MiniOzoneClusterImpl-50ce9170-f56e-46a6-9cd7-e4b6a7a9fc1c/ozone-meta/datanode-2/ratis/tmp
2024-05-03 18:17:22,896 [99a655c4-0b57-4952-9df4-c48c67505b31-impl-thread1] INFO  server.RaftServer (RaftServerProxy.java:initGroupDir(269)) - 99a655c4-0b57-4952-9df4-c48c67505b31: The directory /home/runner/work/ozone/ozone/hadoop-ozone/integration-test/target/test-dir/MiniOzoneClusterImpl-50ce9170-f56e-46a6-9cd7-e4b6a7a9fc1c/ozone-meta/datanode-2/ratis/tmp is not a group directory; ignoring it. 
2024-05-03 18:17:22,896 [main] INFO  replication.ReplicationServer (ReplicationServer.java:<init>(86)) - Initializing replication server with thread count = 10 queue length = 4096
2024-05-03 18:17:22,898 [main] INFO  server.XceiverServerGrpc (XceiverServerGrpc.java:<init>(141)) - GrpcServer channel type EpollServerSocketChannel
2024-05-03 18:17:22,904 [main] INFO  replication.ReplicationSupervisor (ReplicationSupervisor.java:build(157)) - Initializing replication supervisor with thread count = 10
2024-05-03 18:17:22,905 [main] INFO  replication.ReplicationSupervisor (ReplicationSupervisor.java:nodeStateUpdated(312)) - Node state updated to IN_SERVICE, scaling executor pool size to 10
2024-05-03 18:17:22,911 [main] INFO  http.BaseHttpServer (BaseHttpServer.java:newHttpServer2BuilderForOzone(223)) - Starting Web-server for hddsDatanode at: http://0.0.0.0:15018
2024-05-03 18:17:22,912 [main] INFO  http.BaseHttpServer (BaseHttpServer.java:<init>(110)) - Hadoop Security Enabled: false Ozone Security Enabled: false Ozone HTTP Security Enabled: false 
2024-05-03 18:17:22,914 [main] WARN  server.AuthenticationFilter (AuthenticationFilter.java:constructSecretProvider(240)) - Unable to initialize FileSignerSecretProvider, falling back to use random secrets. Reason: Could not read signature secret file: /home/runner/hadoop-http-auth-signature-secret
2024-05-03 18:17:22,915 [a4462983-f44a-4197-b2bd-8a8d54f7910a-DatanodeStateMachineTaskThread-0] INFO  datanode.InitDatanodeState (InitDatanodeState.java:persistContainerDatanodeDetails(139)) - DatanodeDetails is persisted to /home/runner/work/ozone/ozone/hadoop-ozone/integration-test/target/test-dir/MiniOzoneClusterImpl-50ce9170-f56e-46a6-9cd7-e4b6a7a9fc1c/ozone-meta/datanode-1/meta/datanode.id
2024-05-03 18:17:22,915 [main] INFO  http.HttpRequestLog (HttpRequestLog.java:getRequestLog(86)) - Http request log for http.requests.hddsDatanode is not defined
2024-05-03 18:17:22,917 [main] INFO  http.HttpServer2 (HttpServer2.java:addGlobalFilter(1036)) - Added global filter 'safety' (class=org.apache.hadoop.hdds.server.http.HttpServer2$QuotingInputFilter)
2024-05-03 18:17:22,918 [main] INFO  http.HttpServer2 (HttpServer2.java:addFilter(1012)) - Added filter static_user_filter (class=org.apache.hadoop.http.lib.StaticUserWebFilter$StaticUserFilter) to context hddsDatanode
2024-05-03 18:17:22,918 [main] INFO  http.HttpServer2 (HttpServer2.java:addFilter(1020)) - Added filter static_user_filter (class=org.apache.hadoop.http.lib.StaticUserWebFilter$StaticUserFilter) to context static
2024-05-03 18:17:22,918 [main] INFO  http.HttpServer2 (HttpServer2.java:addFilter(1020)) - Added filter static_user_filter (class=org.apache.hadoop.http.lib.StaticUserWebFilter$StaticUserFilter) to context logs
2024-05-03 18:17:22,919 [main] INFO  http.BaseHttpServer (BaseHttpServer.java:<init>(189)) - HTTP server of hddsDatanode uses base directory /home/runner/work/ozone/ozone/hadoop-ozone/integration-test/target/test-dir/MiniOzoneClusterImpl-50ce9170-f56e-46a6-9cd7-e4b6a7a9fc1c/ozone-meta/datanode-2/meta/webserver
2024-05-03 18:17:22,919 [main] INFO  http.HttpServer2 (HttpServer2.java:bindListener(1236)) - Jetty bound to port 15018
2024-05-03 18:17:22,919 [main] INFO  server.Server (Server.java:doStart(375)) - jetty-9.4.54.v20240208; built: 2024-02-08T19:42:39.027Z; git: cef3fbd6d736a21e7d541a5db490381d95a2047d; jvm 17.0.10+7
2024-05-03 18:17:22,921 [main] INFO  server.session (DefaultSessionIdManager.java:doStart(334)) - DefaultSessionIdManager workerName=node0
2024-05-03 18:17:22,921 [main] INFO  server.session (DefaultSessionIdManager.java:doStart(339)) - No SessionScavenger set, using defaults
2024-05-03 18:17:22,921 [main] INFO  server.session (HouseKeeper.java:startScavenging(132)) - node0 Scavenging every 600000ms
2024-05-03 18:17:22,922 [main] INFO  handler.ContextHandler (ContextHandler.java:doStart(921)) - Started o.e.j.s.ServletContextHandler@3c81a51a{logs,/logs,file:///home/runner/work/ozone/ozone/hadoop-ozone/integration-test/target/log,AVAILABLE}
2024-05-03 18:17:22,923 [main] INFO  handler.ContextHandler (ContextHandler.java:doStart(921)) - Started o.e.j.s.ServletContextHandler@70bdc9df{static,/static,file:///home/runner/work/ozone/ozone/hadoop-hdds/container-service/target/classes/webapps/static,AVAILABLE}
2024-05-03 18:17:22,931 [main] INFO  handler.ContextHandler (ContextHandler.java:doStart(921)) - Started o.e.j.w.WebAppContext@56418318{hddsDatanode,/,file:///home/runner/work/ozone/ozone/hadoop-hdds/container-service/target/classes/webapps/hddsDatanode/,AVAILABLE}{file:/home/runner/work/ozone/ozone/hadoop-hdds/container-service/target/classes/webapps/hddsDatanode}
2024-05-03 18:17:22,932 [main] INFO  server.AbstractConnector (AbstractConnector.java:doStart(333)) - Started ServerConnector@41c77559{HTTP/1.1, (http/1.1)}{0.0.0.0:15018}
2024-05-03 18:17:22,932 [main] INFO  server.Server (Server.java:doStart(415)) - Started @6812ms
2024-05-03 18:17:22,932 [main] WARN  impl.MetricsSystemImpl (MetricsSystemImpl.java:register(279)) - Sink prometheus already exists!
2024-05-03 18:17:22,935 [main] INFO  http.BaseHttpServer (BaseHttpServer.java:updateConnectorAddress(354)) - HTTP server of hddsDatanode listening at http://0.0.0.0:15018
2024-05-03 18:17:22,936 [main] INFO  ipc.CallQueueManager (CallQueueManager.java:<init>(90)) - Using callQueue: class java.util.concurrent.LinkedBlockingQueue, queueCapacity: 100, scheduler: class org.apache.hadoop.ipc.DefaultRpcScheduler, ipcBackoff: false.
2024-05-03 18:17:22,936 [main] INFO  ipc.Server (Server.java:<init>(1287)) - Listener at 0.0.0.0:15019
2024-05-03 18:17:22,936 [Socket Reader #1 for port 15019] INFO  ipc.Server (Server.java:run(1323)) - Starting Socket Reader #1 for port 15019
2024-05-03 18:17:22,939 [main] INFO  ozone.HddsDatanodeService (HddsDatanodeService.java:start(327)) - Datanode start with admins: [runner]
2024-05-03 18:17:22,939 [main] INFO  ozone.HddsDatanodeClientProtocolServer (HddsDatanodeClientProtocolServer.java:start(77)) - RPC server for Client /0.0.0.0:15019
2024-05-03 18:17:22,940 [IPC Server Responder] INFO  ipc.Server (Server.java:run(1562)) - IPC Server Responder: starting
2024-05-03 18:17:22,943 [IPC Server listener on 15019] INFO  ipc.Server (Server.java:run(1402)) - IPC Server listener on 15019: starting
2024-05-03 18:17:22,947 [99a655c4-0b57-4952-9df4-c48c67505b31-DatanodeStateMachineDaemonThread] INFO  statemachine.DatanodeStateMachine (DatanodeStateMachine.java:lambda$startDaemon$1(555)) - Ozone container server started.
2024-05-03 18:17:22,947 [main] WARN  dropwizard3.Dm3MetricRegistriesImpl (Dm3MetricRegistriesImpl.java:addReporterRegistration(113)) - New reporters are added after registries were created. Some metrics will be missing from the reporter. Please add reporter before adding any new registry.
2024-05-03 18:17:22,948 [main] WARN  dropwizard3.Dm3MetricRegistriesImpl (Dm3MetricRegistriesImpl.java:addReporterRegistration(113)) - New reporters are added after registries were created. Some metrics will be missing from the reporter. Please add reporter before adding any new registry.
2024-05-03 18:17:22,948 [main] INFO  impl.MetricsSystemImpl (MetricsSystemImpl.java:init(158)) - HddsDatanode metrics system started (again)
2024-05-03 18:17:22,962 [main] INFO  ozone.HddsDatanodeService (HddsDatanodeService.java:start(240)) - HddsDatanodeService host:fv-az889-242.0uloxy4xllhuhla4wvomrgtxqg.cx.internal.cloudapp.net ip:10.1.0.4
2024-05-03 18:17:22,963 [99a655c4-0b57-4952-9df4-c48c67505b31-DatanodeStateMachineTaskThread-0] INFO  datanode.InitDatanodeState (InitDatanodeState.java:persistContainerDatanodeDetails(139)) - DatanodeDetails is persisted to /home/runner/work/ozone/ozone/hadoop-ozone/integration-test/target/test-dir/MiniOzoneClusterImpl-50ce9170-f56e-46a6-9cd7-e4b6a7a9fc1c/ozone-meta/datanode-2/meta/datanode.id
2024-05-03 18:17:22,983 [main] INFO  upgrade.AbstractLayoutVersionManager (AbstractLayoutVersionManager.java:init(83)) - Initializing Layout version manager with metadata layout = HADOOP_PRC_PORTS_IN_DATANODEDETAILS (version = 7), software layout = HADOOP_PRC_PORTS_IN_DATANODEDETAILS (version = 7)
2024-05-03 18:17:22,984 [main] INFO  statemachine.DatanodeStateMachine (DatanodeStateMachine.java:getEndPointTaskThreadPoolSize(299)) - Datanode State Machine Task Thread Pool size 2
2024-05-03 18:17:22,993 [main] INFO  volume.HddsVolume (HddsVolume.java:<init>(126)) - Creating HddsVolume: /home/runner/work/ozone/ozone/hadoop-ozone/integration-test/target/test-dir/MiniOzoneClusterImpl-50ce9170-f56e-46a6-9cd7-e4b6a7a9fc1c/ozone-meta/datanode-3/data-0/hdds of storage type : DISK capacity : 9222449699674390527
2024-05-03 18:17:22,993 [main] INFO  volume.MutableVolumeSet (MutableVolumeSet.java:initializeVolumeSet(173)) - Added Volume : /home/runner/work/ozone/ozone/hadoop-ozone/integration-test/target/test-dir/MiniOzoneClusterImpl-50ce9170-f56e-46a6-9cd7-e4b6a7a9fc1c/ozone-meta/datanode-3/data-0/hdds to VolumeSet
2024-05-03 18:17:22,996 [main] INFO  volume.MutableVolumeSet (MutableVolumeSet.java:initializeVolumeSet(173)) - Added Volume : /home/runner/work/ozone/ozone/hadoop-ozone/integration-test/target/test-dir/MiniOzoneClusterImpl-50ce9170-f56e-46a6-9cd7-e4b6a7a9fc1c/ozone-meta/datanode-3/ratis to VolumeSet
2024-05-03 18:17:22,997 [main] INFO  ozoneimpl.OzoneContainer (HddsVolumeUtil.java:loadAllHddsVolumeDbStore(103)) - Load 1 volumes DbStore cost: 0ms
2024-05-03 18:17:23,001 [main] INFO  server.RaftServer (ConfUtils.java:logGet(46)) - raft.rpc.type = GRPC (default)
2024-05-03 18:17:23,001 [main] INFO  grpc.GrpcConfigKeys (ConfUtils.java:logFallback(53)) - raft.grpc.admin.host = null (fallback to raft.grpc.server.host)
2024-05-03 18:17:23,002 [main] INFO  grpc.GrpcConfigKeys (ConfUtils.java:logGet(46)) - raft.grpc.admin.port = 15031 (custom)
2024-05-03 18:17:23,002 [main] INFO  grpc.GrpcConfigKeys (ConfUtils.java:logFallback(53)) - raft.grpc.client.host = null (fallback to raft.grpc.server.host)
2024-05-03 18:17:23,003 [main] INFO  grpc.GrpcConfigKeys (ConfUtils.java:logGet(46)) - raft.grpc.client.port = 15030 (custom)
2024-05-03 18:17:23,003 [main] INFO  grpc.GrpcConfigKeys (ConfUtils.java:logGet(46)) - raft.grpc.server.host = null (default)
2024-05-03 18:17:23,003 [main] INFO  grpc.GrpcConfigKeys (ConfUtils.java:logGet(46)) - raft.grpc.server.port = 15032 (custom)
2024-05-03 18:17:23,004 [main] INFO  server.GrpcService (ConfUtils.java:logGet(46)) - raft.grpc.message.size.max = 32MB (=33554432) (custom)
2024-05-03 18:17:23,004 [main] INFO  server.RaftServerConfigKeys (ConfUtils.java:logGet(46)) - raft.server.log.appender.buffer.byte-limit = 8388608 (custom)
2024-05-03 18:17:23,004 [main] INFO  server.GrpcService (ConfUtils.java:logGet(46)) - raft.grpc.flow.control.window = 5MB (=5242880) (custom)
2024-05-03 18:17:23,004 [main] INFO  server.RaftServerConfigKeys (ConfUtils.java:logGet(46)) - raft.server.rpc.request.timeout = 60s (custom)
2024-05-03 18:17:23,005 [main] INFO  grpc.GrpcConfigKeys (ConfUtils.java:logGet(46)) - raft.grpc.server.heartbeat.channel = true (default)
2024-05-03 18:17:23,005 [main] INFO  grpc.GrpcConfigKeys (ConfUtils.java:logGet(46)) - raft.grpc.server.async.request.thread.pool.cached = true (default)
2024-05-03 18:17:23,005 [main] INFO  grpc.GrpcConfigKeys (ConfUtils.java:logGet(46)) - raft.grpc.server.async.request.thread.pool.size = 32 (default)
2024-05-03 18:17:23,007 [main] INFO  impl.DataStreamServerImpl (ConfUtils.java:logGet(46)) - raft.datastream.type = NETTY (custom)
2024-05-03 18:17:23,009 [main] INFO  server.RaftServerConfigKeys (ConfUtils.java:logGet(46)) - raft.server.data-stream.async.request.thread.pool.cached = false (default)
2024-05-03 18:17:23,009 [main] INFO  server.RaftServerConfigKeys (ConfUtils.java:logGet(46)) - raft.server.data-stream.async.request.thread.pool.size = 20 (custom)
2024-05-03 18:17:23,009 [main] INFO  server.RaftServerConfigKeys (ConfUtils.java:logGet(46)) - raft.server.data-stream.async.write.thread.pool.size = 16 (default)
2024-05-03 18:17:23,009 [main] INFO  netty.NettyConfigKeys$DataStream (ConfUtils.java:logGet(46)) - raft.netty.dataStream.server.channel.inactive.grace-period = 10min (default)
2024-05-03 18:17:23,009 [main] INFO  server.RaftServerConfigKeys (ConfUtils.java:logGet(46)) - raft.server.data-stream.client.pool.size = 10 (default)
2024-05-03 18:17:23,009 [main] INFO  netty.NettyConfigKeys$DataStream (ConfUtils.java:logGet(46)) - raft.netty.dataStream.server.use-epoll = true (default)
2024-05-03 18:17:23,009 [main] INFO  netty.NettyConfigKeys$DataStream (ConfUtils.java:logGet(46)) - raft.netty.dataStream.server.boss-group.size = 0 (default)
2024-05-03 18:17:23,010 [main] INFO  netty.NettyUtils (NettyUtils.java:newEventLoopGroup(69)) - Create EpollEventLoopGroup for 44084586-cd1e-41a9-8c13-ea2cf27b07b5-NettyServerStreamRpc-bossGroup; Thread size is 0.
2024-05-03 18:17:23,010 [main] INFO  netty.NettyConfigKeys$DataStream (ConfUtils.java:logGet(46)) - raft.netty.dataStream.server.worker-group.size = 0 (default)
2024-05-03 18:17:23,010 [main] INFO  netty.NettyUtils (NettyUtils.java:newEventLoopGroup(69)) - Create EpollEventLoopGroup for 44084586-cd1e-41a9-8c13-ea2cf27b07b5-NettyServerStreamRpc-workerGroup; Thread size is 0.
2024-05-03 18:17:23,011 [main] INFO  netty.NettyConfigKeys$DataStream (ConfUtils.java:logGet(46)) - raft.netty.dataStream.server.tls.conf = null (default)
2024-05-03 18:17:23,011 [main] INFO  netty.NettyConfigKeys$DataStream (ConfUtils.java:logGet(46)) - raft.netty.dataStream.host = null (default)
2024-05-03 18:17:23,011 [main] INFO  netty.NettyConfigKeys$DataStream (ConfUtils.java:logGet(46)) - raft.netty.dataStream.port = 15033 (custom)
2024-05-03 18:17:23,012 [main] INFO  server.RaftServerConfigKeys (ConfUtils.java:logGet(46)) - raft.server.sleep.deviation.threshold = 300ms (default)
2024-05-03 18:17:23,012 [main] INFO  server.RaftServerConfigKeys (ConfUtils.java:logGet(46)) - raft.server.close.threshold = 60s (default)
2024-05-03 18:17:23,012 [main] INFO  server.RaftServerConfigKeys (ConfUtils.java:logGet(46)) - raft.server.leaderelection.leader.step-down.wait-time = 10s (default)
2024-05-03 18:17:23,013 [main] INFO  server.RaftServerConfigKeys (ConfUtils.java:logGet(46)) - raft.server.storage.dir = [/home/runner/work/ozone/ozone/hadoop-ozone/integration-test/target/test-dir/MiniOzoneClusterImpl-50ce9170-f56e-46a6-9cd7-e4b6a7a9fc1c/ozone-meta/datanode-3/ratis] (custom)
2024-05-03 18:17:23,013 [main] INFO  server.RaftServerConfigKeys (ConfUtils.java:logGet(46)) - raft.server.threadpool.proxy.cached = true (default)
2024-05-03 18:17:23,013 [main] INFO  server.RaftServerConfigKeys (ConfUtils.java:logGet(46)) - raft.server.threadpool.proxy.size = 0 (default)
2024-05-03 18:17:23,013 [44084586-cd1e-41a9-8c13-ea2cf27b07b5-impl-thread1] INFO  server.RaftServer (RaftServerProxy.java:initGroupDir(264)) - 44084586-cd1e-41a9-8c13-ea2cf27b07b5: found a subdirectory /home/runner/work/ozone/ozone/hadoop-ozone/integration-test/target/test-dir/MiniOzoneClusterImpl-50ce9170-f56e-46a6-9cd7-e4b6a7a9fc1c/ozone-meta/datanode-3/ratis/tmp
2024-05-03 18:17:23,014 [44084586-cd1e-41a9-8c13-ea2cf27b07b5-impl-thread1] INFO  server.RaftServer (RaftServerProxy.java:initGroupDir(269)) - 44084586-cd1e-41a9-8c13-ea2cf27b07b5: The directory /home/runner/work/ozone/ozone/hadoop-ozone/integration-test/target/test-dir/MiniOzoneClusterImpl-50ce9170-f56e-46a6-9cd7-e4b6a7a9fc1c/ozone-meta/datanode-3/ratis/tmp is not a group directory; ignoring it. 
2024-05-03 18:17:23,014 [main] INFO  replication.ReplicationServer (ReplicationServer.java:<init>(86)) - Initializing replication server with thread count = 10 queue length = 4096
2024-05-03 18:17:23,014 [44084586-cd1e-41a9-8c13-ea2cf27b07b5-NettyServerStreamRpc-bossGroup--thread1] INFO  logging.LoggingHandler (AbstractInternalLogger.java:log(148)) - [id: 0x534647b2] REGISTERED
2024-05-03 18:17:23,015 [44084586-cd1e-41a9-8c13-ea2cf27b07b5-NettyServerStreamRpc-bossGroup--thread1] INFO  logging.LoggingHandler (AbstractInternalLogger.java:log(148)) - [id: 0x534647b2] BIND: 0.0.0.0/0.0.0.0:15033
2024-05-03 18:17:23,016 [44084586-cd1e-41a9-8c13-ea2cf27b07b5-NettyServerStreamRpc-bossGroup--thread1] INFO  logging.LoggingHandler (AbstractInternalLogger.java:log(148)) - [id: 0x534647b2, L:/0.0.0.0:15033] ACTIVE
2024-05-03 18:17:23,016 [main] INFO  server.XceiverServerGrpc (XceiverServerGrpc.java:<init>(141)) - GrpcServer channel type EpollServerSocketChannel
2024-05-03 18:17:23,022 [main] INFO  replication.ReplicationSupervisor (ReplicationSupervisor.java:build(157)) - Initializing replication supervisor with thread count = 10
2024-05-03 18:17:23,022 [main] INFO  replication.ReplicationSupervisor (ReplicationSupervisor.java:nodeStateUpdated(312)) - Node state updated to IN_SERVICE, scaling executor pool size to 10
2024-05-03 18:17:23,028 [main] INFO  http.BaseHttpServer (BaseHttpServer.java:newHttpServer2BuilderForOzone(223)) - Starting Web-server for hddsDatanode at: http://0.0.0.0:15027
2024-05-03 18:17:23,029 [main] INFO  http.BaseHttpServer (BaseHttpServer.java:<init>(110)) - Hadoop Security Enabled: false Ozone Security Enabled: false Ozone HTTP Security Enabled: false 
2024-05-03 18:17:23,031 [main] WARN  server.AuthenticationFilter (AuthenticationFilter.java:constructSecretProvider(240)) - Unable to initialize FileSignerSecretProvider, falling back to use random secrets. Reason: Could not read signature secret file: /home/runner/hadoop-http-auth-signature-secret
2024-05-03 18:17:23,033 [main] INFO  http.HttpRequestLog (HttpRequestLog.java:getRequestLog(86)) - Http request log for http.requests.hddsDatanode is not defined
2024-05-03 18:17:23,035 [main] INFO  http.HttpServer2 (HttpServer2.java:addGlobalFilter(1036)) - Added global filter 'safety' (class=org.apache.hadoop.hdds.server.http.HttpServer2$QuotingInputFilter)
2024-05-03 18:17:23,036 [main] INFO  http.HttpServer2 (HttpServer2.java:addFilter(1012)) - Added filter static_user_filter (class=org.apache.hadoop.http.lib.StaticUserWebFilter$StaticUserFilter) to context hddsDatanode
2024-05-03 18:17:23,036 [main] INFO  http.HttpServer2 (HttpServer2.java:addFilter(1020)) - Added filter static_user_filter (class=org.apache.hadoop.http.lib.StaticUserWebFilter$StaticUserFilter) to context logs
2024-05-03 18:17:23,036 [main] INFO  http.HttpServer2 (HttpServer2.java:addFilter(1020)) - Added filter static_user_filter (class=org.apache.hadoop.http.lib.StaticUserWebFilter$StaticUserFilter) to context static
2024-05-03 18:17:23,037 [main] INFO  http.BaseHttpServer (BaseHttpServer.java:<init>(189)) - HTTP server of hddsDatanode uses base directory /home/runner/work/ozone/ozone/hadoop-ozone/integration-test/target/test-dir/MiniOzoneClusterImpl-50ce9170-f56e-46a6-9cd7-e4b6a7a9fc1c/ozone-meta/datanode-3/meta/webserver
2024-05-03 18:17:23,038 [main] INFO  http.HttpServer2 (HttpServer2.java:bindListener(1236)) - Jetty bound to port 15027
2024-05-03 18:17:23,038 [main] INFO  server.Server (Server.java:doStart(375)) - jetty-9.4.54.v20240208; built: 2024-02-08T19:42:39.027Z; git: cef3fbd6d736a21e7d541a5db490381d95a2047d; jvm 17.0.10+7
2024-05-03 18:17:23,047 [main] INFO  server.session (DefaultSessionIdManager.java:doStart(334)) - DefaultSessionIdManager workerName=node0
2024-05-03 18:17:23,047 [main] INFO  server.session (DefaultSessionIdManager.java:doStart(339)) - No SessionScavenger set, using defaults
2024-05-03 18:17:23,047 [main] INFO  server.session (HouseKeeper.java:startScavenging(132)) - node0 Scavenging every 600000ms
2024-05-03 18:17:23,051 [main] INFO  handler.ContextHandler (ContextHandler.java:doStart(921)) - Started o.e.j.s.ServletContextHandler@8dc73c7{logs,/logs,file:///home/runner/work/ozone/ozone/hadoop-ozone/integration-test/target/log,AVAILABLE}
2024-05-03 18:17:23,052 [main] INFO  handler.ContextHandler (ContextHandler.java:doStart(921)) - Started o.e.j.s.ServletContextHandler@168740db{static,/static,file:///home/runner/work/ozone/ozone/hadoop-hdds/container-service/target/classes/webapps/static,AVAILABLE}
2024-05-03 18:17:23,057 [main] INFO  handler.ContextHandler (ContextHandler.java:doStart(921)) - Started o.e.j.w.WebAppContext@36bf28d2{hddsDatanode,/,file:///home/runner/work/ozone/ozone/hadoop-hdds/container-service/target/classes/webapps/hddsDatanode/,AVAILABLE}{file:/home/runner/work/ozone/ozone/hadoop-hdds/container-service/target/classes/webapps/hddsDatanode}
2024-05-03 18:17:23,058 [main] INFO  server.AbstractConnector (AbstractConnector.java:doStart(333)) - Started ServerConnector@6b861a26{HTTP/1.1, (http/1.1)}{0.0.0.0:15027}
2024-05-03 18:17:23,059 [main] INFO  server.Server (Server.java:doStart(415)) - Started @6938ms
2024-05-03 18:17:23,059 [main] WARN  impl.MetricsSystemImpl (MetricsSystemImpl.java:register(279)) - Sink prometheus already exists!
2024-05-03 18:17:23,059 [main] INFO  http.BaseHttpServer (BaseHttpServer.java:updateConnectorAddress(354)) - HTTP server of hddsDatanode listening at http://0.0.0.0:15027
2024-05-03 18:17:23,060 [main] INFO  ipc.CallQueueManager (CallQueueManager.java:<init>(90)) - Using callQueue: class java.util.concurrent.LinkedBlockingQueue, queueCapacity: 100, scheduler: class org.apache.hadoop.ipc.DefaultRpcScheduler, ipcBackoff: false.
2024-05-03 18:17:23,060 [main] INFO  ipc.Server (Server.java:<init>(1287)) - Listener at 0.0.0.0:15028
2024-05-03 18:17:23,060 [Socket Reader #1 for port 15028] INFO  ipc.Server (Server.java:run(1323)) - Starting Socket Reader #1 for port 15028
2024-05-03 18:17:23,065 [main] INFO  ozone.HddsDatanodeService (HddsDatanodeService.java:start(327)) - Datanode start with admins: [runner]
2024-05-03 18:17:23,065 [main] INFO  ozone.HddsDatanodeClientProtocolServer (HddsDatanodeClientProtocolServer.java:start(77)) - RPC server for Client /0.0.0.0:15028
2024-05-03 18:17:23,066 [IPC Server Responder] INFO  ipc.Server (Server.java:run(1562)) - IPC Server Responder: starting
2024-05-03 18:17:23,066 [IPC Server listener on 15028] INFO  ipc.Server (Server.java:run(1402)) - IPC Server listener on 15028: starting
2024-05-03 18:17:23,067 [44084586-cd1e-41a9-8c13-ea2cf27b07b5-DatanodeStateMachineDaemonThread] INFO  statemachine.DatanodeStateMachine (DatanodeStateMachine.java:lambda$startDaemon$1(555)) - Ozone container server started.
2024-05-03 18:17:23,068 [main] INFO  ozone.MiniOzoneClusterImpl (MiniOzoneClusterImpl.java:lambda$waitForClusterToBeReady$0(194)) - Waiting for nodes to be ready. Got 0 of 3 DN Heartbeats.
2024-05-03 18:17:23,068 [main] INFO  ozone.MiniOzoneClusterImpl (MiniOzoneClusterImpl.java:lambda$waitForClusterToBeReady$0(197)) - Waiting for cluster to exit safe mode
2024-05-03 18:17:23,069 [main] INFO  ozone.MiniOzoneClusterImpl (MiniOzoneClusterImpl.java:lambda$waitForClusterToBeReady$0(199)) - SCM became leader
2024-05-03 18:17:23,076 [44084586-cd1e-41a9-8c13-ea2cf27b07b5-DatanodeStateMachineTaskThread-0] INFO  datanode.InitDatanodeState (InitDatanodeState.java:persistContainerDatanodeDetails(139)) - DatanodeDetails is persisted to /home/runner/work/ozone/ozone/hadoop-ozone/integration-test/target/test-dir/MiniOzoneClusterImpl-50ce9170-f56e-46a6-9cd7-e4b6a7a9fc1c/ozone-meta/datanode-3/meta/datanode.id
2024-05-03 18:17:23,365 [om1@group-C5BA1605619E-FollowerState] INFO  impl.FollowerState (FollowerState.java:run(143)) - om1@group-C5BA1605619E-FollowerState: change to CANDIDATE, lastRpcElapsedTime:1181060840ns, electionTimeout:1179ms
2024-05-03 18:17:23,365 [om1@group-C5BA1605619E-FollowerState] INFO  impl.RoleInfo (RoleInfo.java:shutdownFollowerState(110)) - om1: shutdown om1@group-C5BA1605619E-FollowerState
2024-05-03 18:17:23,365 [om1@group-C5BA1605619E-FollowerState] INFO  server.RaftServer$Division (RaftServerImpl.java:setRole(383)) - om1@group-C5BA1605619E: changes role from  FOLLOWER to CANDIDATE at term 0 for changeToCandidate
2024-05-03 18:17:23,367 [om1@group-C5BA1605619E-FollowerState] INFO  server.RaftServerConfigKeys (ConfUtils.java:logGet(46)) - raft.server.leaderelection.pre-vote = true (default)
2024-05-03 18:17:23,367 [om1@group-C5BA1605619E-FollowerState] INFO  impl.RoleInfo (RoleInfo.java:updateAndGet(139)) - om1: start om1@group-C5BA1605619E-LeaderElection1
2024-05-03 18:17:23,370 [om1@group-C5BA1605619E-LeaderElection1] INFO  impl.LeaderElection (LeaderElection.java:askForVotes(321)) - om1@group-C5BA1605619E-LeaderElection1 PRE_VOTE round 0: submit vote requests at term 0 for -1: peers:[om1|localhost:15007]|listeners:[], old=null
2024-05-03 18:17:23,370 [om1@group-C5BA1605619E-LeaderElection1] INFO  impl.LeaderElection (LeaderElection.java:askForVotes(323)) - om1@group-C5BA1605619E-LeaderElection1 PRE_VOTE round 0: result PASSED (term=0)
2024-05-03 18:17:23,372 [om1@group-C5BA1605619E-LeaderElection1] INFO  impl.LeaderElection (LeaderElection.java:askForVotes(321)) - om1@group-C5BA1605619E-LeaderElection1 ELECTION round 0: submit vote requests at term 1 for -1: peers:[om1|localhost:15007]|listeners:[], old=null
2024-05-03 18:17:23,373 [om1@group-C5BA1605619E-LeaderElection1] INFO  impl.LeaderElection (LeaderElection.java:askForVotes(323)) - om1@group-C5BA1605619E-LeaderElection1 ELECTION round 0: result PASSED (term=1)
2024-05-03 18:17:23,374 [om1@group-C5BA1605619E-LeaderElection1] INFO  impl.RoleInfo (RoleInfo.java:shutdownLeaderElection(130)) - om1: shutdown om1@group-C5BA1605619E-LeaderElection1
2024-05-03 18:17:23,374 [om1@group-C5BA1605619E-LeaderElection1] INFO  server.RaftServer$Division (RaftServerImpl.java:setRole(383)) - om1@group-C5BA1605619E: changes role from CANDIDATE to LEADER at term 1 for changeToLeader
2024-05-03 18:17:23,378 [om1@group-C5BA1605619E-LeaderElection1] INFO  server.RaftServerConfigKeys (ConfUtils.java:logGet(46)) - raft.server.staging.catchup.gap = 1000 (default)
2024-05-03 18:17:23,380 [om1@group-C5BA1605619E-LeaderElection1] INFO  server.RaftServerConfigKeys (ConfUtils.java:logGet(46)) - raft.server.write.element-limit = 4096 (default)
2024-05-03 18:17:23,381 [om1@group-C5BA1605619E-LeaderElection1] INFO  server.RaftServerConfigKeys (ConfUtils.java:logGet(46)) - raft.server.write.byte-limit = 64MB (=67108864) (default)
2024-05-03 18:17:23,385 [om1@group-C5BA1605619E-LeaderElection1] INFO  server.RaftServerConfigKeys (ConfUtils.java:logGet(46)) - raft.server.watch.timeout = 10s (default)
2024-05-03 18:17:23,385 [om1@group-C5BA1605619E-LeaderElection1] INFO  server.RaftServerConfigKeys (ConfUtils.java:logGet(46)) - raft.server.watch.timeout.denomination = 1s (default)
2024-05-03 18:17:23,385 [om1@group-C5BA1605619E-LeaderElection1] INFO  server.RaftServerConfigKeys (ConfUtils.java:logGet(46)) - raft.server.watch.element-limit = 65536 (default)
2024-05-03 18:17:23,389 [om1@group-C5BA1605619E-LeaderElection1] INFO  server.RaftServerConfigKeys (ConfUtils.java:logGet(46)) - raft.server.read.leader.lease.enabled = false (default)
2024-05-03 18:17:23,391 [om1@group-C5BA1605619E-LeaderElection1] INFO  server.RaftServerConfigKeys (ConfUtils.java:logGet(46)) - raft.server.read.leader.lease.timeout.ratio = 0.9 (default)
2024-05-03 18:17:23,392 [om1@group-C5BA1605619E-LeaderElection1] INFO  server.RaftServerConfigKeys (ConfUtils.java:logGet(46)) - raft.server.rpc.timeout.min = 1s (custom)
2024-05-03 18:17:23,392 [om1@group-C5BA1605619E-LeaderElection1] INFO  server.RaftServerConfigKeys (ConfUtils.java:logGet(46)) - raft.server.write.element-limit = 4096 (default)
2024-05-03 18:17:23,392 [om1@group-C5BA1605619E-LeaderElection1] INFO  server.RaftServerConfigKeys (ConfUtils.java:logGet(46)) - raft.server.write.follower.gap.ratio.max = -1.0 (default)
2024-05-03 18:17:23,394 [om1@group-C5BA1605619E-LeaderElection1] INFO  impl.RoleInfo (RoleInfo.java:updateAndGet(139)) - om1: start om1@group-C5BA1605619E-LeaderStateImpl
2024-05-03 18:17:23,394 [om1@group-C5BA1605619E-LeaderElection1] INFO  server.RaftServer$Division (RaftServerImpl.java:setFirstElection(574)) - om1@group-C5BA1605619E: set firstElectionSinceStartup to false for becomeLeader
2024-05-03 18:17:23,396 [om1@group-C5BA1605619E-LeaderElection1] INFO  server.RaftServer$Division (ServerState.java:setLeader(269)) - om1@group-C5BA1605619E: change Leader from null to om1 at term 1 for becomeLeader, leader elected after 2000ms
2024-05-03 18:17:23,414 [om1@group-C5BA1605619E-LeaderElection1] INFO  segmented.SegmentedRaftLogWorker (SegmentedRaftLogWorker.java:startLogSegment(430)) - om1@group-C5BA1605619E-SegmentedRaftLogWorker: Starting segment from index:0
2024-05-03 18:17:23,429 [om1@group-C5BA1605619E-LeaderElection1] INFO  server.RaftServer$Division (ServerState.java:setRaftConf(386)) - om1@group-C5BA1605619E: set configuration 0: peers:[om1|localhost:15007]|listeners:[], old=null
2024-05-03 18:17:23,443 [om1@group-C5BA1605619E-SegmentedRaftLogWorker] INFO  segmented.BufferedWriteChannel (BufferedWriteChannel.java:open(62)) - open log_inprogress_0 at position 0
2024-05-03 18:17:23,450 [om1@group-C5BA1605619E-SegmentedRaftLogWorker] INFO  segmented.SegmentedRaftLogWorker (SegmentedRaftLogWorker.java:execute(634)) - om1@group-C5BA1605619E-SegmentedRaftLogWorker: created new log segment /home/runner/work/ozone/ozone/hadoop-ozone/integration-test/target/test-dir/MiniOzoneClusterImpl-50ce9170-f56e-46a6-9cd7-e4b6a7a9fc1c/ozone-meta/ratis/bf265839-605b-3f16-9796-c5ba1605619e/current/log_inprogress_0
2024-05-03 18:17:23,509 [om1@group-C5BA1605619E-StateMachineUpdater] INFO  ratis.OzoneManagerStateMachine (OzoneManagerStateMachine.java:notifyConfigurationChanged(212)) - Received Configuration change notification from Ratis. New Peer list:
[id: "om1"
address: "localhost:15007"
startupRole: FOLLOWER
]
2024-05-03 18:17:23,510 [om1@group-C5BA1605619E-StateMachineUpdater] INFO  server.RaftServer$Division (LeaderStateImpl.java:isApplied(320)) - leader is ready since appliedIndex == 0 >= startIndex == 0
2024-05-03 18:17:24,069 [main] INFO  ozone.MiniOzoneClusterImpl (MiniOzoneClusterImpl.java:lambda$waitForClusterToBeReady$0(194)) - Waiting for nodes to be ready. Got 0 of 3 DN Heartbeats.
2024-05-03 18:17:24,069 [main] INFO  ozone.MiniOzoneClusterImpl (MiniOzoneClusterImpl.java:lambda$waitForClusterToBeReady$0(197)) - Waiting for cluster to exit safe mode
2024-05-03 18:17:24,069 [main] INFO  ozone.MiniOzoneClusterImpl (MiniOzoneClusterImpl.java:lambda$waitForClusterToBeReady$0(199)) - SCM became leader
2024-05-03 18:17:24,896 [a4462983-f44a-4197-b2bd-8a8d54f7910a-EndpointStateMachineTaskThread-/0.0.0.0:15002-0 ] INFO  utils.DatanodeStoreCache (DatanodeStoreCache.java:addDB(72)) - Added db /home/runner/work/ozone/ozone/hadoop-ozone/integration-test/target/test-dir/MiniOzoneClusterImpl-50ce9170-f56e-46a6-9cd7-e4b6a7a9fc1c/ozone-meta/datanode-1/data-0/hdds/50ce9170-f56e-46a6-9cd7-e4b6a7a9fc1c/DS-ee5fb2e8-01b8-48dc-87e6-15a9c466c6a5/container.db to cache
2024-05-03 18:17:24,896 [a4462983-f44a-4197-b2bd-8a8d54f7910a-EndpointStateMachineTaskThread-/0.0.0.0:15002-0 ] INFO  volume.HddsVolume (HddsVolume.java:createDbStore(437)) - SchemaV3 db is created and loaded at /home/runner/work/ozone/ozone/hadoop-ozone/integration-test/target/test-dir/MiniOzoneClusterImpl-50ce9170-f56e-46a6-9cd7-e4b6a7a9fc1c/ozone-meta/datanode-1/data-0/hdds/50ce9170-f56e-46a6-9cd7-e4b6a7a9fc1c/DS-ee5fb2e8-01b8-48dc-87e6-15a9c466c6a5/container.db for volume DS-ee5fb2e8-01b8-48dc-87e6-15a9c466c6a5
2024-05-03 18:17:24,910 [a4462983-f44a-4197-b2bd-8a8d54f7910a-ContainerReader-0] INFO  ozoneimpl.ContainerReader (ContainerReader.java:readVolume(148)) - Start to verify containers on volume /home/runner/work/ozone/ozone/hadoop-ozone/integration-test/target/test-dir/MiniOzoneClusterImpl-50ce9170-f56e-46a6-9cd7-e4b6a7a9fc1c/ozone-meta/datanode-1/data-0/hdds
2024-05-03 18:17:24,910 [a4462983-f44a-4197-b2bd-8a8d54f7910a-ContainerReader-0] INFO  ozoneimpl.ContainerReader (ContainerReader.java:readVolume(178)) - Finish verifying containers on volume /home/runner/work/ozone/ozone/hadoop-ozone/integration-test/target/test-dir/MiniOzoneClusterImpl-50ce9170-f56e-46a6-9cd7-e4b6a7a9fc1c/ozone-meta/datanode-1/data-0/hdds
2024-05-03 18:17:24,910 [a4462983-f44a-4197-b2bd-8a8d54f7910a-EndpointStateMachineTaskThread-/0.0.0.0:15002-0 ] INFO  ozoneimpl.OzoneContainer (OzoneContainer.java:buildContainerSet(328)) - Build ContainerSet costs 0s
2024-05-03 18:17:24,911 [a4462983-f44a-4197-b2bd-8a8d54f7910a-EndpointStateMachineTaskThread-/0.0.0.0:15002-0 ] INFO  volume.ThrottledAsyncChecker (ThrottledAsyncChecker.java:schedule(141)) - Scheduling a check for /home/runner/work/ozone/ozone/hadoop-ozone/integration-test/target/test-dir/MiniOzoneClusterImpl-50ce9170-f56e-46a6-9cd7-e4b6a7a9fc1c/ozone-meta/datanode-1/data-0/hdds
2024-05-03 18:17:24,916 [a4462983-f44a-4197-b2bd-8a8d54f7910a-EndpointStateMachineTaskThread-/0.0.0.0:15002-0 ] INFO  volume.StorageVolumeChecker (StorageVolumeChecker.java:checkAllVolumes(218)) - Scheduled health check for volume /home/runner/work/ozone/ozone/hadoop-ozone/integration-test/target/test-dir/MiniOzoneClusterImpl-50ce9170-f56e-46a6-9cd7-e4b6a7a9fc1c/ozone-meta/datanode-1/data-0/hdds
2024-05-03 18:17:24,920 [a4462983-f44a-4197-b2bd-8a8d54f7910a-EndpointStateMachineTaskThread-/0.0.0.0:15002-0 ] INFO  volume.ThrottledAsyncChecker (ThrottledAsyncChecker.java:schedule(141)) - Scheduling a check for /home/runner/work/ozone/ozone/hadoop-ozone/integration-test/target/test-dir/MiniOzoneClusterImpl-50ce9170-f56e-46a6-9cd7-e4b6a7a9fc1c/ozone-meta/datanode-1/ratis
2024-05-03 18:17:24,921 [a4462983-f44a-4197-b2bd-8a8d54f7910a-EndpointStateMachineTaskThread-/0.0.0.0:15002-0 ] INFO  volume.StorageVolumeChecker (StorageVolumeChecker.java:checkAllVolumes(218)) - Scheduled health check for volume /home/runner/work/ozone/ozone/hadoop-ozone/integration-test/target/test-dir/MiniOzoneClusterImpl-50ce9170-f56e-46a6-9cd7-e4b6a7a9fc1c/ozone-meta/datanode-1/ratis
2024-05-03 18:17:24,921 [a4462983-f44a-4197-b2bd-8a8d54f7910a-EndpointStateMachineTaskThread-/0.0.0.0:15002-0 ] INFO  ozoneimpl.OzoneContainer (OzoneContainer.java:start(459)) - Attempting to start container services.
2024-05-03 18:17:24,926 [ContainerMetadataScanner] INFO  ozoneimpl.AbstractBackgroundContainerScanner (AbstractBackgroundContainerScanner.java:runIteration(87)) - Completed an iteration in 0 minutes. Number of iterations (since the data-node restart) : 1, Number of containers scanned in this iteration : 0, Number of unhealthy containers found in this iteration : 0
2024-05-03 18:17:24,928 [a4462983-f44a-4197-b2bd-8a8d54f7910a-EndpointStateMachineTaskThread-/0.0.0.0:15002-0 ] INFO  replication.ReplicationServer (ReplicationServer.java:start(142)) - ReplicationServer is started using port 15016
2024-05-03 18:17:24,928 [a4462983-f44a-4197-b2bd-8a8d54f7910a-EndpointStateMachineTaskThread-/0.0.0.0:15002-0 ] INFO  ratis.XceiverServerRatis (XceiverServerRatis.java:start(566)) - Starting XceiverServerRatis a4462983-f44a-4197-b2bd-8a8d54f7910a
2024-05-03 18:17:24,928 [ContainerDataScanner(/home/runner/work/ozone/ozone/hadoop-ozone/integration-test/target/test-dir/MiniOzoneClusterImpl-50ce9170-f56e-46a6-9cd7-e4b6a7a9fc1c/ozone-meta/datanode-1/data-0/hdds)] INFO  ozoneimpl.AbstractBackgroundContainerScanner (AbstractBackgroundContainerScanner.java:runIteration(87)) - Completed an iteration in 0 minutes. Number of iterations (since the data-node restart) : 1, Number of containers scanned in this iteration : 0, Number of unhealthy containers found in this iteration : 0
2024-05-03 18:17:24,929 [a4462983-f44a-4197-b2bd-8a8d54f7910a-EndpointStateMachineTaskThread-/0.0.0.0:15002-0 ] INFO  server.RaftServer (RaftServerProxy.java:startImpl(406)) - a4462983-f44a-4197-b2bd-8a8d54f7910a: start RPC server
2024-05-03 18:17:24,929 [a4462983-f44a-4197-b2bd-8a8d54f7910a-EndpointStateMachineTaskThread-/0.0.0.0:15002-0 ] INFO  server.GrpcService (GrpcService.java:startImpl(302)) - a4462983-f44a-4197-b2bd-8a8d54f7910a: GrpcService started, listening on 15012
2024-05-03 18:17:24,930 [a4462983-f44a-4197-b2bd-8a8d54f7910a-EndpointStateMachineTaskThread-/0.0.0.0:15002-0 ] INFO  server.GrpcService (GrpcService.java:startImpl(302)) - a4462983-f44a-4197-b2bd-8a8d54f7910a: GrpcService started, listening on 15014
2024-05-03 18:17:24,930 [a4462983-f44a-4197-b2bd-8a8d54f7910a-EndpointStateMachineTaskThread-/0.0.0.0:15002-0 ] INFO  server.GrpcService (GrpcService.java:startImpl(302)) - a4462983-f44a-4197-b2bd-8a8d54f7910a: GrpcService started, listening on 15013
2024-05-03 18:17:24,930 [JvmPauseMonitor2] INFO  util.JvmPauseMonitor (JvmPauseMonitor.java:run(146)) - JvmPauseMonitor-a4462983-f44a-4197-b2bd-8a8d54f7910a: Started
2024-05-03 18:17:24,930 [a4462983-f44a-4197-b2bd-8a8d54f7910a-EndpointStateMachineTaskThread-/0.0.0.0:15002-0 ] INFO  ratis.XceiverServerRatis (XceiverServerRatis.java:getRealPort(592)) - XceiverServerRatis a4462983-f44a-4197-b2bd-8a8d54f7910a is started using port 15012 for RATIS
2024-05-03 18:17:24,930 [a4462983-f44a-4197-b2bd-8a8d54f7910a-EndpointStateMachineTaskThread-/0.0.0.0:15002-0 ] INFO  ratis.XceiverServerRatis (XceiverServerRatis.java:getRealPort(592)) - XceiverServerRatis a4462983-f44a-4197-b2bd-8a8d54f7910a is started using port 15013 for RATIS_ADMIN
2024-05-03 18:17:24,930 [a4462983-f44a-4197-b2bd-8a8d54f7910a-EndpointStateMachineTaskThread-/0.0.0.0:15002-0 ] INFO  ratis.XceiverServerRatis (XceiverServerRatis.java:getRealPort(592)) - XceiverServerRatis a4462983-f44a-4197-b2bd-8a8d54f7910a is started using port 15014 for RATIS_SERVER
2024-05-03 18:17:24,931 [a4462983-f44a-4197-b2bd-8a8d54f7910a-EndpointStateMachineTaskThread-/0.0.0.0:15002-0 ] INFO  ratis.XceiverServerRatis (XceiverServerRatis.java:getRealPort(592)) - XceiverServerRatis a4462983-f44a-4197-b2bd-8a8d54f7910a is started using port 15015 for RATIS_DATASTREAM
2024-05-03 18:17:24,933 [a4462983-f44a-4197-b2bd-8a8d54f7910a-BlockDeletingService#0] INFO  interfaces.ContainerDeletionChoosingPolicyTemplate (ContainerDeletionChoosingPolicyTemplate.java:chooseContainerForBlockDeletion(85)) - Chosen 0/5000 blocks from 0 candidate containers.
2024-05-03 18:17:24,983 [99a655c4-0b57-4952-9df4-c48c67505b31-EndpointStateMachineTaskThread-/0.0.0.0:15002-0 ] INFO  utils.DatanodeStoreCache (DatanodeStoreCache.java:addDB(72)) - Added db /home/runner/work/ozone/ozone/hadoop-ozone/integration-test/target/test-dir/MiniOzoneClusterImpl-50ce9170-f56e-46a6-9cd7-e4b6a7a9fc1c/ozone-meta/datanode-2/data-0/hdds/50ce9170-f56e-46a6-9cd7-e4b6a7a9fc1c/DS-683d2b37-3d6a-41f3-ae1b-93dd1d6c9b6c/container.db to cache
2024-05-03 18:17:24,983 [99a655c4-0b57-4952-9df4-c48c67505b31-EndpointStateMachineTaskThread-/0.0.0.0:15002-0 ] INFO  volume.HddsVolume (HddsVolume.java:createDbStore(437)) - SchemaV3 db is created and loaded at /home/runner/work/ozone/ozone/hadoop-ozone/integration-test/target/test-dir/MiniOzoneClusterImpl-50ce9170-f56e-46a6-9cd7-e4b6a7a9fc1c/ozone-meta/datanode-2/data-0/hdds/50ce9170-f56e-46a6-9cd7-e4b6a7a9fc1c/DS-683d2b37-3d6a-41f3-ae1b-93dd1d6c9b6c/container.db for volume DS-683d2b37-3d6a-41f3-ae1b-93dd1d6c9b6c
2024-05-03 18:17:24,987 [99a655c4-0b57-4952-9df4-c48c67505b31-ContainerReader-0] INFO  ozoneimpl.ContainerReader (ContainerReader.java:readVolume(148)) - Start to verify containers on volume /home/runner/work/ozone/ozone/hadoop-ozone/integration-test/target/test-dir/MiniOzoneClusterImpl-50ce9170-f56e-46a6-9cd7-e4b6a7a9fc1c/ozone-meta/datanode-2/data-0/hdds
2024-05-03 18:17:24,988 [99a655c4-0b57-4952-9df4-c48c67505b31-ContainerReader-0] INFO  ozoneimpl.ContainerReader (ContainerReader.java:readVolume(178)) - Finish verifying containers on volume /home/runner/work/ozone/ozone/hadoop-ozone/integration-test/target/test-dir/MiniOzoneClusterImpl-50ce9170-f56e-46a6-9cd7-e4b6a7a9fc1c/ozone-meta/datanode-2/data-0/hdds
2024-05-03 18:17:24,988 [99a655c4-0b57-4952-9df4-c48c67505b31-EndpointStateMachineTaskThread-/0.0.0.0:15002-0 ] INFO  ozoneimpl.OzoneContainer (OzoneContainer.java:buildContainerSet(328)) - Build ContainerSet costs 0s
2024-05-03 18:17:24,988 [99a655c4-0b57-4952-9df4-c48c67505b31-EndpointStateMachineTaskThread-/0.0.0.0:15002-0 ] INFO  volume.ThrottledAsyncChecker (ThrottledAsyncChecker.java:schedule(141)) - Scheduling a check for /home/runner/work/ozone/ozone/hadoop-ozone/integration-test/target/test-dir/MiniOzoneClusterImpl-50ce9170-f56e-46a6-9cd7-e4b6a7a9fc1c/ozone-meta/datanode-2/data-0/hdds
2024-05-03 18:17:24,989 [99a655c4-0b57-4952-9df4-c48c67505b31-EndpointStateMachineTaskThread-/0.0.0.0:15002-0 ] INFO  volume.StorageVolumeChecker (StorageVolumeChecker.java:checkAllVolumes(218)) - Scheduled health check for volume /home/runner/work/ozone/ozone/hadoop-ozone/integration-test/target/test-dir/MiniOzoneClusterImpl-50ce9170-f56e-46a6-9cd7-e4b6a7a9fc1c/ozone-meta/datanode-2/data-0/hdds
2024-05-03 18:17:24,990 [99a655c4-0b57-4952-9df4-c48c67505b31-EndpointStateMachineTaskThread-/0.0.0.0:15002-0 ] INFO  volume.ThrottledAsyncChecker (ThrottledAsyncChecker.java:schedule(141)) - Scheduling a check for /home/runner/work/ozone/ozone/hadoop-ozone/integration-test/target/test-dir/MiniOzoneClusterImpl-50ce9170-f56e-46a6-9cd7-e4b6a7a9fc1c/ozone-meta/datanode-2/ratis
2024-05-03 18:17:24,990 [99a655c4-0b57-4952-9df4-c48c67505b31-EndpointStateMachineTaskThread-/0.0.0.0:15002-0 ] INFO  volume.StorageVolumeChecker (StorageVolumeChecker.java:checkAllVolumes(218)) - Scheduled health check for volume /home/runner/work/ozone/ozone/hadoop-ozone/integration-test/target/test-dir/MiniOzoneClusterImpl-50ce9170-f56e-46a6-9cd7-e4b6a7a9fc1c/ozone-meta/datanode-2/ratis
2024-05-03 18:17:24,991 [99a655c4-0b57-4952-9df4-c48c67505b31-EndpointStateMachineTaskThread-/0.0.0.0:15002-0 ] INFO  ozoneimpl.OzoneContainer (OzoneContainer.java:start(459)) - Attempting to start container services.
2024-05-03 18:17:24,991 [99a655c4-0b57-4952-9df4-c48c67505b31-EndpointStateMachineTaskThread-/0.0.0.0:15002-0 ] WARN  ozoneimpl.OnDemandContainerDataScanner (OnDemandContainerDataScanner.java:init(75)) - Trying to initialize on demand scanner a second time on a datanode.
2024-05-03 18:17:24,995 [ContainerMetadataScanner] INFO  ozoneimpl.AbstractBackgroundContainerScanner (AbstractBackgroundContainerScanner.java:runIteration(87)) - Completed an iteration in 0 minutes. Number of iterations (since the data-node restart) : 1, Number of containers scanned in this iteration : 0, Number of unhealthy containers found in this iteration : 0
2024-05-03 18:17:24,996 [99a655c4-0b57-4952-9df4-c48c67505b31-EndpointStateMachineTaskThread-/0.0.0.0:15002-0 ] INFO  replication.ReplicationServer (ReplicationServer.java:start(142)) - ReplicationServer is started using port 15025
2024-05-03 18:17:24,996 [99a655c4-0b57-4952-9df4-c48c67505b31-EndpointStateMachineTaskThread-/0.0.0.0:15002-0 ] INFO  ratis.XceiverServerRatis (XceiverServerRatis.java:start(566)) - Starting XceiverServerRatis 99a655c4-0b57-4952-9df4-c48c67505b31
2024-05-03 18:17:24,996 [ContainerDataScanner(/home/runner/work/ozone/ozone/hadoop-ozone/integration-test/target/test-dir/MiniOzoneClusterImpl-50ce9170-f56e-46a6-9cd7-e4b6a7a9fc1c/ozone-meta/datanode-2/data-0/hdds)] INFO  ozoneimpl.AbstractBackgroundContainerScanner (AbstractBackgroundContainerScanner.java:runIteration(87)) - Completed an iteration in 0 minutes. Number of iterations (since the data-node restart) : 1, Number of containers scanned in this iteration : 0, Number of unhealthy containers found in this iteration : 0
2024-05-03 18:17:25,003 [99a655c4-0b57-4952-9df4-c48c67505b31-EndpointStateMachineTaskThread-/0.0.0.0:15002-0 ] INFO  server.RaftServer (RaftServerProxy.java:startImpl(406)) - 99a655c4-0b57-4952-9df4-c48c67505b31: start RPC server
2024-05-03 18:17:25,003 [99a655c4-0b57-4952-9df4-c48c67505b31-EndpointStateMachineTaskThread-/0.0.0.0:15002-0 ] INFO  server.GrpcService (GrpcService.java:startImpl(302)) - 99a655c4-0b57-4952-9df4-c48c67505b31: GrpcService started, listening on 15021
2024-05-03 18:17:25,004 [99a655c4-0b57-4952-9df4-c48c67505b31-EndpointStateMachineTaskThread-/0.0.0.0:15002-0 ] INFO  server.GrpcService (GrpcService.java:startImpl(302)) - 99a655c4-0b57-4952-9df4-c48c67505b31: GrpcService started, listening on 15023
2024-05-03 18:17:25,004 [99a655c4-0b57-4952-9df4-c48c67505b31-EndpointStateMachineTaskThread-/0.0.0.0:15002-0 ] INFO  server.GrpcService (GrpcService.java:startImpl(302)) - 99a655c4-0b57-4952-9df4-c48c67505b31: GrpcService started, listening on 15022
2024-05-03 18:17:25,006 [99a655c4-0b57-4952-9df4-c48c67505b31-EndpointStateMachineTaskThread-/0.0.0.0:15002-0 ] INFO  ratis.XceiverServerRatis (XceiverServerRatis.java:getRealPort(592)) - XceiverServerRatis 99a655c4-0b57-4952-9df4-c48c67505b31 is started using port 15021 for RATIS
2024-05-03 18:17:25,006 [99a655c4-0b57-4952-9df4-c48c67505b31-EndpointStateMachineTaskThread-/0.0.0.0:15002-0 ] INFO  ratis.XceiverServerRatis (XceiverServerRatis.java:getRealPort(592)) - XceiverServerRatis 99a655c4-0b57-4952-9df4-c48c67505b31 is started using port 15022 for RATIS_ADMIN
2024-05-03 18:17:25,006 [99a655c4-0b57-4952-9df4-c48c67505b31-EndpointStateMachineTaskThread-/0.0.0.0:15002-0 ] INFO  ratis.XceiverServerRatis (XceiverServerRatis.java:getRealPort(592)) - XceiverServerRatis 99a655c4-0b57-4952-9df4-c48c67505b31 is started using port 15023 for RATIS_SERVER
2024-05-03 18:17:25,006 [99a655c4-0b57-4952-9df4-c48c67505b31-EndpointStateMachineTaskThread-/0.0.0.0:15002-0 ] INFO  ratis.XceiverServerRatis (XceiverServerRatis.java:getRealPort(592)) - XceiverServerRatis 99a655c4-0b57-4952-9df4-c48c67505b31 is started using port 15024 for RATIS_DATASTREAM
2024-05-03 18:17:25,007 [JvmPauseMonitor3] INFO  util.JvmPauseMonitor (JvmPauseMonitor.java:run(146)) - JvmPauseMonitor-99a655c4-0b57-4952-9df4-c48c67505b31: Started
2024-05-03 18:17:25,009 [99a655c4-0b57-4952-9df4-c48c67505b31-BlockDeletingService#0] INFO  interfaces.ContainerDeletionChoosingPolicyTemplate (ContainerDeletionChoosingPolicyTemplate.java:chooseContainerForBlockDeletion(85)) - Chosen 0/5000 blocks from 0 candidate containers.
2024-05-03 18:17:25,069 [main] INFO  ozone.MiniOzoneClusterImpl (MiniOzoneClusterImpl.java:lambda$waitForClusterToBeReady$0(194)) - Waiting for nodes to be ready. Got 0 of 3 DN Heartbeats.
2024-05-03 18:17:25,070 [main] INFO  ozone.MiniOzoneClusterImpl (MiniOzoneClusterImpl.java:lambda$waitForClusterToBeReady$0(197)) - Waiting for cluster to exit safe mode
2024-05-03 18:17:25,070 [main] INFO  ozone.MiniOzoneClusterImpl (MiniOzoneClusterImpl.java:lambda$waitForClusterToBeReady$0(199)) - SCM became leader
2024-05-03 18:17:25,095 [44084586-cd1e-41a9-8c13-ea2cf27b07b5-EndpointStateMachineTaskThread-/0.0.0.0:15002-0 ] INFO  utils.DatanodeStoreCache (DatanodeStoreCache.java:addDB(72)) - Added db /home/runner/work/ozone/ozone/hadoop-ozone/integration-test/target/test-dir/MiniOzoneClusterImpl-50ce9170-f56e-46a6-9cd7-e4b6a7a9fc1c/ozone-meta/datanode-3/data-0/hdds/50ce9170-f56e-46a6-9cd7-e4b6a7a9fc1c/DS-4f171b5f-848d-404c-a085-d54b0cfb7e48/container.db to cache
2024-05-03 18:17:25,095 [44084586-cd1e-41a9-8c13-ea2cf27b07b5-EndpointStateMachineTaskThread-/0.0.0.0:15002-0 ] INFO  volume.HddsVolume (HddsVolume.java:createDbStore(437)) - SchemaV3 db is created and loaded at /home/runner/work/ozone/ozone/hadoop-ozone/integration-test/target/test-dir/MiniOzoneClusterImpl-50ce9170-f56e-46a6-9cd7-e4b6a7a9fc1c/ozone-meta/datanode-3/data-0/hdds/50ce9170-f56e-46a6-9cd7-e4b6a7a9fc1c/DS-4f171b5f-848d-404c-a085-d54b0cfb7e48/container.db for volume DS-4f171b5f-848d-404c-a085-d54b0cfb7e48
2024-05-03 18:17:25,098 [44084586-cd1e-41a9-8c13-ea2cf27b07b5-ContainerReader-0] INFO  ozoneimpl.ContainerReader (ContainerReader.java:readVolume(148)) - Start to verify containers on volume /home/runner/work/ozone/ozone/hadoop-ozone/integration-test/target/test-dir/MiniOzoneClusterImpl-50ce9170-f56e-46a6-9cd7-e4b6a7a9fc1c/ozone-meta/datanode-3/data-0/hdds
2024-05-03 18:17:25,098 [44084586-cd1e-41a9-8c13-ea2cf27b07b5-ContainerReader-0] INFO  ozoneimpl.ContainerReader (ContainerReader.java:readVolume(178)) - Finish verifying containers on volume /home/runner/work/ozone/ozone/hadoop-ozone/integration-test/target/test-dir/MiniOzoneClusterImpl-50ce9170-f56e-46a6-9cd7-e4b6a7a9fc1c/ozone-meta/datanode-3/data-0/hdds
2024-05-03 18:17:25,098 [44084586-cd1e-41a9-8c13-ea2cf27b07b5-EndpointStateMachineTaskThread-/0.0.0.0:15002-0 ] INFO  ozoneimpl.OzoneContainer (OzoneContainer.java:buildContainerSet(328)) - Build ContainerSet costs 0s
2024-05-03 18:17:25,098 [44084586-cd1e-41a9-8c13-ea2cf27b07b5-EndpointStateMachineTaskThread-/0.0.0.0:15002-0 ] INFO  volume.ThrottledAsyncChecker (ThrottledAsyncChecker.java:schedule(141)) - Scheduling a check for /home/runner/work/ozone/ozone/hadoop-ozone/integration-test/target/test-dir/MiniOzoneClusterImpl-50ce9170-f56e-46a6-9cd7-e4b6a7a9fc1c/ozone-meta/datanode-3/data-0/hdds
2024-05-03 18:17:25,099 [44084586-cd1e-41a9-8c13-ea2cf27b07b5-EndpointStateMachineTaskThread-/0.0.0.0:15002-0 ] INFO  volume.StorageVolumeChecker (StorageVolumeChecker.java:checkAllVolumes(218)) - Scheduled health check for volume /home/runner/work/ozone/ozone/hadoop-ozone/integration-test/target/test-dir/MiniOzoneClusterImpl-50ce9170-f56e-46a6-9cd7-e4b6a7a9fc1c/ozone-meta/datanode-3/data-0/hdds
2024-05-03 18:17:25,100 [44084586-cd1e-41a9-8c13-ea2cf27b07b5-EndpointStateMachineTaskThread-/0.0.0.0:15002-0 ] INFO  volume.ThrottledAsyncChecker (ThrottledAsyncChecker.java:schedule(141)) - Scheduling a check for /home/runner/work/ozone/ozone/hadoop-ozone/integration-test/target/test-dir/MiniOzoneClusterImpl-50ce9170-f56e-46a6-9cd7-e4b6a7a9fc1c/ozone-meta/datanode-3/ratis
2024-05-03 18:17:25,100 [44084586-cd1e-41a9-8c13-ea2cf27b07b5-EndpointStateMachineTaskThread-/0.0.0.0:15002-0 ] INFO  volume.StorageVolumeChecker (StorageVolumeChecker.java:checkAllVolumes(218)) - Scheduled health check for volume /home/runner/work/ozone/ozone/hadoop-ozone/integration-test/target/test-dir/MiniOzoneClusterImpl-50ce9170-f56e-46a6-9cd7-e4b6a7a9fc1c/ozone-meta/datanode-3/ratis
2024-05-03 18:17:25,101 [44084586-cd1e-41a9-8c13-ea2cf27b07b5-EndpointStateMachineTaskThread-/0.0.0.0:15002-0 ] INFO  ozoneimpl.OzoneContainer (OzoneContainer.java:start(459)) - Attempting to start container services.
2024-05-03 18:17:25,101 [44084586-cd1e-41a9-8c13-ea2cf27b07b5-EndpointStateMachineTaskThread-/0.0.0.0:15002-0 ] WARN  ozoneimpl.OnDemandContainerDataScanner (OnDemandContainerDataScanner.java:init(75)) - Trying to initialize on demand scanner a second time on a datanode.
2024-05-03 18:17:25,103 [ContainerDataScanner(/home/runner/work/ozone/ozone/hadoop-ozone/integration-test/target/test-dir/MiniOzoneClusterImpl-50ce9170-f56e-46a6-9cd7-e4b6a7a9fc1c/ozone-meta/datanode-3/data-0/hdds)] INFO  ozoneimpl.AbstractBackgroundContainerScanner (AbstractBackgroundContainerScanner.java:runIteration(87)) - Completed an iteration in 0 minutes. Number of iterations (since the data-node restart) : 1, Number of containers scanned in this iteration : 0, Number of unhealthy containers found in this iteration : 0
2024-05-03 18:17:25,104 [44084586-cd1e-41a9-8c13-ea2cf27b07b5-EndpointStateMachineTaskThread-/0.0.0.0:15002-0 ] INFO  replication.ReplicationServer (ReplicationServer.java:start(142)) - ReplicationServer is started using port 15034
2024-05-03 18:17:25,104 [44084586-cd1e-41a9-8c13-ea2cf27b07b5-EndpointStateMachineTaskThread-/0.0.0.0:15002-0 ] INFO  ratis.XceiverServerRatis (XceiverServerRatis.java:start(566)) - Starting XceiverServerRatis 44084586-cd1e-41a9-8c13-ea2cf27b07b5
2024-05-03 18:17:25,104 [ContainerMetadataScanner] INFO  ozoneimpl.AbstractBackgroundContainerScanner (AbstractBackgroundContainerScanner.java:runIteration(87)) - Completed an iteration in 0 minutes. Number of iterations (since the data-node restart) : 1, Number of containers scanned in this iteration : 0, Number of unhealthy containers found in this iteration : 0
2024-05-03 18:17:25,107 [44084586-cd1e-41a9-8c13-ea2cf27b07b5-EndpointStateMachineTaskThread-/0.0.0.0:15002-0 ] INFO  server.RaftServer (RaftServerProxy.java:startImpl(406)) - 44084586-cd1e-41a9-8c13-ea2cf27b07b5: start RPC server
2024-05-03 18:17:25,108 [44084586-cd1e-41a9-8c13-ea2cf27b07b5-EndpointStateMachineTaskThread-/0.0.0.0:15002-0 ] INFO  server.GrpcService (GrpcService.java:startImpl(302)) - 44084586-cd1e-41a9-8c13-ea2cf27b07b5: GrpcService started, listening on 15030
2024-05-03 18:17:25,108 [44084586-cd1e-41a9-8c13-ea2cf27b07b5-EndpointStateMachineTaskThread-/0.0.0.0:15002-0 ] INFO  server.GrpcService (GrpcService.java:startImpl(302)) - 44084586-cd1e-41a9-8c13-ea2cf27b07b5: GrpcService started, listening on 15032
2024-05-03 18:17:25,109 [44084586-cd1e-41a9-8c13-ea2cf27b07b5-EndpointStateMachineTaskThread-/0.0.0.0:15002-0 ] INFO  server.GrpcService (GrpcService.java:startImpl(302)) - 44084586-cd1e-41a9-8c13-ea2cf27b07b5: GrpcService started, listening on 15031
2024-05-03 18:17:25,111 [44084586-cd1e-41a9-8c13-ea2cf27b07b5-EndpointStateMachineTaskThread-/0.0.0.0:15002-0 ] INFO  ratis.XceiverServerRatis (XceiverServerRatis.java:getRealPort(592)) - XceiverServerRatis 44084586-cd1e-41a9-8c13-ea2cf27b07b5 is started using port 15030 for RATIS
2024-05-03 18:17:25,111 [44084586-cd1e-41a9-8c13-ea2cf27b07b5-EndpointStateMachineTaskThread-/0.0.0.0:15002-0 ] INFO  ratis.XceiverServerRatis (XceiverServerRatis.java:getRealPort(592)) - XceiverServerRatis 44084586-cd1e-41a9-8c13-ea2cf27b07b5 is started using port 15031 for RATIS_ADMIN
2024-05-03 18:17:25,111 [44084586-cd1e-41a9-8c13-ea2cf27b07b5-EndpointStateMachineTaskThread-/0.0.0.0:15002-0 ] INFO  ratis.XceiverServerRatis (XceiverServerRatis.java:getRealPort(592)) - XceiverServerRatis 44084586-cd1e-41a9-8c13-ea2cf27b07b5 is started using port 15032 for RATIS_SERVER
2024-05-03 18:17:25,111 [44084586-cd1e-41a9-8c13-ea2cf27b07b5-EndpointStateMachineTaskThread-/0.0.0.0:15002-0 ] INFO  ratis.XceiverServerRatis (XceiverServerRatis.java:getRealPort(592)) - XceiverServerRatis 44084586-cd1e-41a9-8c13-ea2cf27b07b5 is started using port 15033 for RATIS_DATASTREAM
2024-05-03 18:17:25,111 [JvmPauseMonitor4] INFO  util.JvmPauseMonitor (JvmPauseMonitor.java:run(146)) - JvmPauseMonitor-44084586-cd1e-41a9-8c13-ea2cf27b07b5: Started
2024-05-03 18:17:25,113 [44084586-cd1e-41a9-8c13-ea2cf27b07b5-BlockDeletingService#0] INFO  interfaces.ContainerDeletionChoosingPolicyTemplate (ContainerDeletionChoosingPolicyTemplate.java:chooseContainerForBlockDeletion(85)) - Chosen 0/5000 blocks from 0 candidate containers.
2024-05-03 18:17:26,070 [main] INFO  ozone.MiniOzoneClusterImpl (MiniOzoneClusterImpl.java:lambda$waitForClusterToBeReady$0(194)) - Waiting for nodes to be ready. Got 0 of 3 DN Heartbeats.
2024-05-03 18:17:26,070 [main] INFO  ozone.MiniOzoneClusterImpl (MiniOzoneClusterImpl.java:lambda$waitForClusterToBeReady$0(197)) - Waiting for cluster to exit safe mode
2024-05-03 18:17:26,070 [main] INFO  ozone.MiniOzoneClusterImpl (MiniOzoneClusterImpl.java:lambda$waitForClusterToBeReady$0(199)) - SCM became leader
2024-05-03 18:17:26,832 [IPC Server handler 2 on default port 15002] INFO  net.NetworkTopologyImpl (NetworkTopologyImpl.java:add(134)) - Added a new node: /default-rack/a4462983-f44a-4197-b2bd-8a8d54f7910a
2024-05-03 18:17:26,835 [IPC Server handler 2 on default port 15002] INFO  node.SCMNodeManager (SCMNodeManager.java:register(421)) - Registered datanode: a4462983-f44a-4197-b2bd-8a8d54f7910a{ip: 127.0.0.1, host: localhost, ports: [HTTP=15009, CLIENT_RPC=15010, REPLICATION=15016, RATIS=15012, RATIS_ADMIN=15013, RATIS_SERVER=15014, RATIS_DATASTREAM=15015, STANDALONE=15011], networkLocation: /default-rack, certSerialId: null, persistedOpState: null, persistedOpStateExpiryEpochSec: 0}
2024-05-03 18:17:26,836 [EventQueue-NewNodeForNewNodeHandler] INFO  pipeline.BackgroundPipelineCreator (BackgroundPipelineCreator.java:notifyEventTriggered(280)) - trigger a one-shot run on RatisPipelineUtilsThread.
2024-05-03 18:17:26,838 [EventQueue-NodeRegistrationContainerReportForContainerSafeModeRule] INFO  safemode.SCMSafeModeManager (SCMSafeModeManager.java:validateSafeModeExitRules(203)) - ContainerSafeModeRule rule is successfully validated
2024-05-03 18:17:26,839 [EventQueue-NodeRegistrationContainerReportForDataNodeSafeModeRule] INFO  safemode.SCMSafeModeManager (DataNodeSafeModeRule.java:process(71)) - SCM in safe mode. 1 DataNodes registered, 3 required.
2024-05-03 18:17:26,842 [EventQueue-PipelineReportForOneReplicaPipelineSafeModeRule] INFO  safemode.SCMSafeModeManager (SCMSafeModeManager.java:validateSafeModeExitRules(203)) - AtleastOneDatanodeReportedRule rule is successfully validated
2024-05-03 18:17:26,842 [RatisPipelineUtilsThread-0] INFO  pipeline.RatisPipelineProvider (RatisPipelineProvider.java:lambda$create$0(205)) - Sending CreatePipelineCommand for pipeline:PipelineID=b467423f-5b6b-400c-94c6-eaac35c97cc6 to datanode:a4462983-f44a-4197-b2bd-8a8d54f7910a
2024-05-03 18:17:26,850 [RatisPipelineUtilsThread-0] INFO  pipeline.BackgroundPipelineCreator (BackgroundPipelineCreator.java:createPipelines(236)) - Created new pipeline Pipeline[ Id: b467423f-5b6b-400c-94c6-eaac35c97cc6, Nodes: a4462983-f44a-4197-b2bd-8a8d54f7910a(localhost/127.0.0.1), ReplicationConfig: RATIS/ONE, State:ALLOCATED, leaderId:, CreationTimestamp2024-05-03T18:17:26.841696087Z[Etc/UTC]]
2024-05-03 18:17:26,957 [IPC Server handler 0 on default port 15002] INFO  net.NetworkTopologyImpl (NetworkTopologyImpl.java:add(134)) - Added a new node: /default-rack/99a655c4-0b57-4952-9df4-c48c67505b31
2024-05-03 18:17:26,958 [IPC Server handler 0 on default port 15002] INFO  node.SCMNodeManager (SCMNodeManager.java:register(421)) - Registered datanode: 99a655c4-0b57-4952-9df4-c48c67505b31{ip: 127.0.0.1, host: localhost, ports: [HTTP=15018, CLIENT_RPC=15019, REPLICATION=15025, RATIS=15021, RATIS_ADMIN=15022, RATIS_SERVER=15023, RATIS_DATASTREAM=15024, STANDALONE=15020], networkLocation: /default-rack, certSerialId: null, persistedOpState: null, persistedOpStateExpiryEpochSec: 0}
2024-05-03 18:17:26,958 [EventQueue-NewNodeForNewNodeHandler] INFO  pipeline.BackgroundPipelineCreator (BackgroundPipelineCreator.java:notifyEventTriggered(280)) - trigger a one-shot run on RatisPipelineUtilsThread.
2024-05-03 18:17:26,959 [EventQueue-NodeRegistrationContainerReportForDataNodeSafeModeRule] INFO  safemode.SCMSafeModeManager (DataNodeSafeModeRule.java:process(71)) - SCM in safe mode. 2 DataNodes registered, 3 required.
2024-05-03 18:17:26,959 [RatisPipelineUtilsThread-0] INFO  pipeline.RatisPipelineProvider (RatisPipelineProvider.java:lambda$create$0(205)) - Sending CreatePipelineCommand for pipeline:PipelineID=38ae59ed-7377-4f0b-9f63-ab7192c08f08 to datanode:99a655c4-0b57-4952-9df4-c48c67505b31
2024-05-03 18:17:26,960 [RatisPipelineUtilsThread-0] INFO  pipeline.BackgroundPipelineCreator (BackgroundPipelineCreator.java:createPipelines(236)) - Created new pipeline Pipeline[ Id: 38ae59ed-7377-4f0b-9f63-ab7192c08f08, Nodes: 99a655c4-0b57-4952-9df4-c48c67505b31(localhost/127.0.0.1), ReplicationConfig: RATIS/ONE, State:ALLOCATED, leaderId:, CreationTimestamp2024-05-03T18:17:26.959742624Z[Etc/UTC]]
2024-05-03 18:17:27,070 [main] INFO  ozone.MiniOzoneClusterImpl (MiniOzoneClusterImpl.java:lambda$waitForClusterToBeReady$0(194)) - Waiting for nodes to be ready. Got 2 of 3 DN Heartbeats.
2024-05-03 18:17:27,071 [main] INFO  ozone.MiniOzoneClusterImpl (MiniOzoneClusterImpl.java:lambda$waitForClusterToBeReady$0(197)) - Waiting for cluster to exit safe mode
2024-05-03 18:17:27,071 [main] INFO  ozone.MiniOzoneClusterImpl (MiniOzoneClusterImpl.java:lambda$waitForClusterToBeReady$0(199)) - SCM became leader
2024-05-03 18:17:27,074 [IPC Server handler 1 on default port 15002] INFO  net.NetworkTopologyImpl (NetworkTopologyImpl.java:add(134)) - Added a new node: /default-rack/44084586-cd1e-41a9-8c13-ea2cf27b07b5
2024-05-03 18:17:27,074 [IPC Server handler 1 on default port 15002] INFO  node.SCMNodeManager (SCMNodeManager.java:register(421)) - Registered datanode: 44084586-cd1e-41a9-8c13-ea2cf27b07b5{ip: 127.0.0.1, host: localhost, ports: [HTTP=15027, CLIENT_RPC=15028, REPLICATION=15034, RATIS=15030, RATIS_ADMIN=15031, RATIS_SERVER=15032, RATIS_DATASTREAM=15033, STANDALONE=15029], networkLocation: /default-rack, certSerialId: null, persistedOpState: null, persistedOpStateExpiryEpochSec: 0}
2024-05-03 18:17:27,075 [EventQueue-NewNodeForNewNodeHandler] INFO  pipeline.BackgroundPipelineCreator (BackgroundPipelineCreator.java:notifyEventTriggered(280)) - trigger a one-shot run on RatisPipelineUtilsThread.
2024-05-03 18:17:27,075 [EventQueue-NodeRegistrationContainerReportForDataNodeSafeModeRule] INFO  safemode.SCMSafeModeManager (DataNodeSafeModeRule.java:process(71)) - SCM in safe mode. 3 DataNodes registered, 3 required.
2024-05-03 18:17:27,075 [EventQueue-NodeRegistrationContainerReportForDataNodeSafeModeRule] INFO  safemode.SCMSafeModeManager (SCMSafeModeManager.java:validateSafeModeExitRules(203)) - DataNodeSafeModeRule rule is successfully validated
2024-05-03 18:17:27,075 [EventQueue-NodeRegistrationContainerReportForDataNodeSafeModeRule] INFO  safemode.SCMSafeModeManager (SCMSafeModeManager.java:completePreCheck(232)) - All SCM safe mode pre check rules have passed
2024-05-03 18:17:27,075 [EventQueue-NodeRegistrationContainerReportForDataNodeSafeModeRule] INFO  ha.SCMContext (SCMContext.java:updateSafeModeStatus(225)) - Update SafeModeStatus from SafeModeStatus{safeModeStatus=true, preCheckPassed=false} to SafeModeStatus{safeModeStatus=true, preCheckPassed=true}.
2024-05-03 18:17:27,075 [EventQueue-NodeRegistrationContainerReportForDataNodeSafeModeRule] INFO  pipeline.BackgroundPipelineCreator (BackgroundPipelineCreator.java:notifyEventTriggered(280)) - trigger a one-shot run on RatisPipelineUtilsThread.
2024-05-03 18:17:27,076 [RatisPipelineUtilsThread-0] INFO  pipeline.RatisPipelineProvider (RatisPipelineProvider.java:lambda$create$0(205)) - Sending CreatePipelineCommand for pipeline:PipelineID=11e1339b-b4d8-4eeb-9ad6-6536c7a7faf3 to datanode:44084586-cd1e-41a9-8c13-ea2cf27b07b5
2024-05-03 18:17:27,076 [RatisPipelineUtilsThread-0] INFO  pipeline.BackgroundPipelineCreator (BackgroundPipelineCreator.java:createPipelines(236)) - Created new pipeline Pipeline[ Id: 11e1339b-b4d8-4eeb-9ad6-6536c7a7faf3, Nodes: 44084586-cd1e-41a9-8c13-ea2cf27b07b5(localhost/127.0.0.1), ReplicationConfig: RATIS/ONE, State:ALLOCATED, leaderId:, CreationTimestamp2024-05-03T18:17:27.076084412Z[Etc/UTC]]
2024-05-03 18:17:27,079 [RatisPipelineUtilsThread-0] INFO  pipeline.RatisPipelineProvider (RatisPipelineProvider.java:lambda$create$0(205)) - Sending CreatePipelineCommand for pipeline:PipelineID=862901db-c3cf-41e0-976b-9912bb9f3d05 to datanode:99a655c4-0b57-4952-9df4-c48c67505b31
2024-05-03 18:17:27,080 [RatisPipelineUtilsThread-0] INFO  pipeline.RatisPipelineProvider (RatisPipelineProvider.java:lambda$create$0(205)) - Sending CreatePipelineCommand for pipeline:PipelineID=862901db-c3cf-41e0-976b-9912bb9f3d05 to datanode:44084586-cd1e-41a9-8c13-ea2cf27b07b5
2024-05-03 18:17:27,080 [RatisPipelineUtilsThread-0] INFO  pipeline.RatisPipelineProvider (RatisPipelineProvider.java:lambda$create$0(205)) - Sending CreatePipelineCommand for pipeline:PipelineID=862901db-c3cf-41e0-976b-9912bb9f3d05 to datanode:a4462983-f44a-4197-b2bd-8a8d54f7910a
2024-05-03 18:17:27,081 [RatisPipelineUtilsThread-0] INFO  pipeline.BackgroundPipelineCreator (BackgroundPipelineCreator.java:createPipelines(236)) - Created new pipeline Pipeline[ Id: 862901db-c3cf-41e0-976b-9912bb9f3d05, Nodes: 99a655c4-0b57-4952-9df4-c48c67505b31(localhost/127.0.0.1)44084586-cd1e-41a9-8c13-ea2cf27b07b5(localhost/127.0.0.1)a4462983-f44a-4197-b2bd-8a8d54f7910a(localhost/127.0.0.1), ReplicationConfig: RATIS/THREE, State:ALLOCATED, leaderId:, CreationTimestamp2024-05-03T18:17:27.079937221Z[Etc/UTC]]
2024-05-03 18:17:27,082 [RatisPipelineUtilsThread-0] INFO  pipeline.RatisPipelineProvider (RatisPipelineProvider.java:lambda$create$0(205)) - Sending CreatePipelineCommand for pipeline:PipelineID=a6cbb7ab-e0f2-480c-9ab2-b35983d8130b to datanode:99a655c4-0b57-4952-9df4-c48c67505b31
2024-05-03 18:17:27,082 [RatisPipelineUtilsThread-0] INFO  pipeline.RatisPipelineProvider (RatisPipelineProvider.java:lambda$create$0(205)) - Sending CreatePipelineCommand for pipeline:PipelineID=a6cbb7ab-e0f2-480c-9ab2-b35983d8130b to datanode:a4462983-f44a-4197-b2bd-8a8d54f7910a
2024-05-03 18:17:27,083 [RatisPipelineUtilsThread-0] INFO  pipeline.RatisPipelineProvider (RatisPipelineProvider.java:lambda$create$0(205)) - Sending CreatePipelineCommand for pipeline:PipelineID=a6cbb7ab-e0f2-480c-9ab2-b35983d8130b to datanode:44084586-cd1e-41a9-8c13-ea2cf27b07b5
2024-05-03 18:17:27,084 [RatisPipelineUtilsThread-0] INFO  pipeline.PipelineManagerImpl (PipelineManagerImpl.java:recordMetricsForPipeline(916)) - Pipeline: PipelineID=a6cbb7ab-e0f2-480c-9ab2-b35983d8130b contains same datanodes as previous pipelines: PipelineID=862901db-c3cf-41e0-976b-9912bb9f3d05 nodeIds: 99a655c4-0b57-4952-9df4-c48c67505b31, a4462983-f44a-4197-b2bd-8a8d54f7910a, 44084586-cd1e-41a9-8c13-ea2cf27b07b5
2024-05-03 18:17:27,084 [RatisPipelineUtilsThread-0] INFO  pipeline.BackgroundPipelineCreator (BackgroundPipelineCreator.java:createPipelines(236)) - Created new pipeline Pipeline[ Id: a6cbb7ab-e0f2-480c-9ab2-b35983d8130b, Nodes: 99a655c4-0b57-4952-9df4-c48c67505b31(localhost/127.0.0.1)a4462983-f44a-4197-b2bd-8a8d54f7910a(localhost/127.0.0.1)44084586-cd1e-41a9-8c13-ea2cf27b07b5(localhost/127.0.0.1), ReplicationConfig: RATIS/THREE, State:ALLOCATED, leaderId:, CreationTimestamp2024-05-03T18:17:27.082758046Z[Etc/UTC]]
2024-05-03 18:17:28,071 [main] INFO  ozone.MiniOzoneClusterImpl (MiniOzoneClusterImpl.java:lambda$waitForClusterToBeReady$0(194)) - Nodes are ready. Got 3 of 3 DN Heartbeats.
2024-05-03 18:17:28,071 [main] INFO  ozone.MiniOzoneClusterImpl (MiniOzoneClusterImpl.java:lambda$waitForClusterToBeReady$0(197)) - Waiting for cluster to exit safe mode
2024-05-03 18:17:28,071 [main] INFO  ozone.MiniOzoneClusterImpl (MiniOzoneClusterImpl.java:lambda$waitForClusterToBeReady$0(199)) - SCM became leader
2024-05-03 18:17:29,072 [main] INFO  ozone.MiniOzoneClusterImpl (MiniOzoneClusterImpl.java:lambda$waitForClusterToBeReady$0(194)) - Nodes are ready. Got 3 of 3 DN Heartbeats.
2024-05-03 18:17:29,072 [main] INFO  ozone.MiniOzoneClusterImpl (MiniOzoneClusterImpl.java:lambda$waitForClusterToBeReady$0(197)) - Waiting for cluster to exit safe mode
2024-05-03 18:17:29,072 [main] INFO  ozone.MiniOzoneClusterImpl (MiniOzoneClusterImpl.java:lambda$waitForClusterToBeReady$0(199)) - SCM became leader
2024-05-03 18:17:29,831 [a4462983-f44a-4197-b2bd-8a8d54f7910a-PipelineCommandHandlerThread-0] INFO  server.RaftServer (RaftServerProxy.java:addNew(100)) - a4462983-f44a-4197-b2bd-8a8d54f7910a: addNew group-EAAC35C97CC6:[a4462983-f44a-4197-b2bd-8a8d54f7910a|127.0.0.1:15014] returns group-EAAC35C97CC6:java.util.concurrent.CompletableFuture@763a40f0[Not completed]
2024-05-03 18:17:29,834 [a4462983-f44a-4197-b2bd-8a8d54f7910a-groupManagement] INFO  lib.Interns (Interns.java:removeEldestEntry(50)) - Metrics intern cache overflow at 2011 for MetricsSystem={MetricsSystem=MetricsInfoImpl{name=MetricsSystem, description=MetricsSystem}, MetricsSystem record=MetricsInfoImpl{name=MetricsSystem, description=MetricsSystem record}}
2024-05-03 18:17:29,836 [a4462983-f44a-4197-b2bd-8a8d54f7910a-groupManagement] INFO  server.RaftServer$Division (RaftServerImpl.java:<init>(256)) - a4462983-f44a-4197-b2bd-8a8d54f7910a: new RaftServerImpl for group-EAAC35C97CC6:[a4462983-f44a-4197-b2bd-8a8d54f7910a|127.0.0.1:15014] with ContainerStateMachine:uninitialized
2024-05-03 18:17:29,836 [a4462983-f44a-4197-b2bd-8a8d54f7910a-groupManagement] INFO  server.RaftServerConfigKeys (ConfUtils.java:logGet(46)) - raft.server.rpc.timeout.min = 5s (custom)
2024-05-03 18:17:29,836 [a4462983-f44a-4197-b2bd-8a8d54f7910a-groupManagement] INFO  server.RaftServerConfigKeys (ConfUtils.java:logGet(46)) - raft.server.rpc.timeout.max = 5200ms (custom)
2024-05-03 18:17:29,836 [a4462983-f44a-4197-b2bd-8a8d54f7910a-groupManagement] INFO  server.RaftServerConfigKeys (ConfUtils.java:logGet(46)) - raft.server.rpc.sleep.time = 25ms (default)
2024-05-03 18:17:29,836 [a4462983-f44a-4197-b2bd-8a8d54f7910a-groupManagement] INFO  server.RaftServerConfigKeys (ConfUtils.java:logGet(46)) - raft.server.rpc.slowness.timeout = 300s (custom)
2024-05-03 18:17:29,836 [a4462983-f44a-4197-b2bd-8a8d54f7910a-groupManagement] INFO  server.RaftServerConfigKeys (ConfUtils.java:logGet(46)) - raft.server.leaderelection.leader.step-down.wait-time = 10s (default)
2024-05-03 18:17:29,836 [a4462983-f44a-4197-b2bd-8a8d54f7910a-groupManagement] INFO  server.RaftServerConfigKeys (ConfUtils.java:logGet(46)) - raft.server.leaderelection.member.majority-add = false (default)
2024-05-03 18:17:29,837 [a4462983-f44a-4197-b2bd-8a8d54f7910a-groupManagement] INFO  server.RaftServerConfigKeys (ConfUtils.java:logGet(46)) - raft.server.sleep.deviation.threshold = 300ms (default)
2024-05-03 18:17:29,837 [a4462983-f44a-4197-b2bd-8a8d54f7910a-groupManagement] INFO  server.RaftServer$Division (ServerState.java:<init>(113)) - a4462983-f44a-4197-b2bd-8a8d54f7910a@group-EAAC35C97CC6: ConfigurationManager, init=-1: peers:[a4462983-f44a-4197-b2bd-8a8d54f7910a|127.0.0.1:15014]|listeners:[], old=null, confs=<EMPTY_MAP>
2024-05-03 18:17:29,837 [a4462983-f44a-4197-b2bd-8a8d54f7910a-groupManagement] INFO  server.RaftServerConfigKeys (ConfUtils.java:logGet(46)) - raft.server.notification.no-leader.timeout = 300s (custom)
2024-05-03 18:17:29,837 [a4462983-f44a-4197-b2bd-8a8d54f7910a-groupManagement] INFO  server.RaftServerConfigKeys (ConfUtils.java:logGet(46)) - raft.server.read.timeout = 10s (default)
2024-05-03 18:17:29,837 [a4462983-f44a-4197-b2bd-8a8d54f7910a-groupManagement] INFO  server.RaftServerConfigKeys (ConfUtils.java:logGet(46)) - raft.server.retrycache.expirytime = 600000ms (custom)
2024-05-03 18:17:29,837 [a4462983-f44a-4197-b2bd-8a8d54f7910a-groupManagement] INFO  server.RaftServerConfigKeys (ConfUtils.java:logGet(46)) - raft.server.retrycache.statistics.expirytime = 100ms (default)
2024-05-03 18:17:29,837 [a4462983-f44a-4197-b2bd-8a8d54f7910a-groupManagement] INFO  server.RaftServerConfigKeys (ConfUtils.java:logGet(46)) - raft.server.read.option = DEFAULT (default)
2024-05-03 18:17:29,837 [a4462983-f44a-4197-b2bd-8a8d54f7910a-groupManagement] INFO  server.RaftServerConfigKeys (ConfUtils.java:logGet(46)) - raft.server.read.read-after-write-consistent.write-index-cache.expiry-time = 60s (default)
2024-05-03 18:17:29,844 [a4462983-f44a-4197-b2bd-8a8d54f7910a-groupManagement] INFO  server.RaftServerConfigKeys (ConfUtils.java:logGet(46)) - raft.server.rpc.request.timeout = 60s (custom)
2024-05-03 18:17:29,844 [a4462983-f44a-4197-b2bd-8a8d54f7910a-groupManagement] INFO  server.RaftServerConfigKeys (ConfUtils.java:logGet(46)) - raft.server.log.appender.install.snapshot.enabled = false (custom)
2024-05-03 18:17:29,844 [a4462983-f44a-4197-b2bd-8a8d54f7910a-groupManagement] INFO  server.RaftServerConfigKeys (ConfUtils.java:logGet(46)) - raft.server.threadpool.server.cached = true (default)
2024-05-03 18:17:29,844 [a4462983-f44a-4197-b2bd-8a8d54f7910a-groupManagement] INFO  server.RaftServerConfigKeys (ConfUtils.java:logGet(46)) - raft.server.threadpool.server.size = 0 (default)
2024-05-03 18:17:29,844 [a4462983-f44a-4197-b2bd-8a8d54f7910a-groupManagement] INFO  server.RaftServerConfigKeys (ConfUtils.java:logGet(46)) - raft.server.threadpool.client.cached = true (default)
2024-05-03 18:17:29,844 [a4462983-f44a-4197-b2bd-8a8d54f7910a-groupManagement] INFO  server.RaftServerConfigKeys (ConfUtils.java:logGet(46)) - raft.server.threadpool.client.size = 0 (default)
2024-05-03 18:17:29,844 [a4462983-f44a-4197-b2bd-8a8d54f7910a-groupManagement] INFO  server.RaftServerConfigKeys (ConfUtils.java:logGet(46)) - raft.server.storage.free-space.min = 0MB (=0) (default)
2024-05-03 18:17:29,845 [a4462983-f44a-4197-b2bd-8a8d54f7910a-groupManagement] INFO  server.RaftServerConfigKeys (ConfUtils.java:logGet(46)) - raft.server.log.corruption.policy = EXCEPTION (default)
2024-05-03 18:17:29,845 [a4462983-f44a-4197-b2bd-8a8d54f7910a-groupManagement] INFO  server.RaftServerConfigKeys (ConfUtils.java:logGet(46)) - raft.server.storage.dir = [/home/runner/work/ozone/ozone/hadoop-ozone/integration-test/target/test-dir/MiniOzoneClusterImpl-50ce9170-f56e-46a6-9cd7-e4b6a7a9fc1c/ozone-meta/datanode-1/ratis] (custom)
2024-05-03 18:17:29,845 [a4462983-f44a-4197-b2bd-8a8d54f7910a-groupManagement] INFO  storage.RaftStorageDirectory (RaftStorageDirectoryImpl.java:analyzeStorage(138)) - The storage directory /home/runner/work/ozone/ozone/hadoop-ozone/integration-test/target/test-dir/MiniOzoneClusterImpl-50ce9170-f56e-46a6-9cd7-e4b6a7a9fc1c/ozone-meta/datanode-1/ratis/b467423f-5b6b-400c-94c6-eaac35c97cc6 does not exist. Creating ...
2024-05-03 18:17:29,846 [a4462983-f44a-4197-b2bd-8a8d54f7910a-groupManagement] INFO  storage.RaftStorageDirectory (RaftStorageDirectoryImpl.java:tryLock(228)) - Lock on /home/runner/work/ozone/ozone/hadoop-ozone/integration-test/target/test-dir/MiniOzoneClusterImpl-50ce9170-f56e-46a6-9cd7-e4b6a7a9fc1c/ozone-meta/datanode-1/ratis/b467423f-5b6b-400c-94c6-eaac35c97cc6/in_use.lock acquired by nodename 84935@fv-az889-242
2024-05-03 18:17:29,848 [a4462983-f44a-4197-b2bd-8a8d54f7910a-groupManagement] INFO  storage.RaftStorage (RaftStorageImpl.java:format(99)) - Storage directory /home/runner/work/ozone/ozone/hadoop-ozone/integration-test/target/test-dir/MiniOzoneClusterImpl-50ce9170-f56e-46a6-9cd7-e4b6a7a9fc1c/ozone-meta/datanode-1/ratis/b467423f-5b6b-400c-94c6-eaac35c97cc6 has been successfully formatted.
2024-05-03 18:17:29,848 [a4462983-f44a-4197-b2bd-8a8d54f7910a-groupManagement] WARN  util.FileUtils (LogUtils.java:supplyAndLog(63)) - Failed to Files.newInputStream /home/runner/work/ozone/ozone/hadoop-ozone/integration-test/target/test-dir/MiniOzoneClusterImpl-50ce9170-f56e-46a6-9cd7-e4b6a7a9fc1c/ozone-meta/datanode-1/ratis/b467423f-5b6b-400c-94c6-eaac35c97cc6/current/raft-meta.conf with options []: java.nio.file.NoSuchFileException: /home/runner/work/ozone/ozone/hadoop-ozone/integration-test/target/test-dir/MiniOzoneClusterImpl-50ce9170-f56e-46a6-9cd7-e4b6a7a9fc1c/ozone-meta/datanode-1/ratis/b467423f-5b6b-400c-94c6-eaac35c97cc6/current/raft-meta.conf
2024-05-03 18:17:29,851 [a4462983-f44a-4197-b2bd-8a8d54f7910a-groupManagement] INFO  ratis.ContainerStateMachine (ContainerStateMachine.java:loadSnapshot(287)) - group-EAAC35C97CC6: The snapshot info is null. Setting the last applied index to:(t:0, i:~)
2024-05-03 18:17:29,851 [a4462983-f44a-4197-b2bd-8a8d54f7910a-groupManagement] INFO  server.RaftServerConfigKeys (ConfUtils.java:logGet(46)) - raft.server.log.use.memory = false (default)
2024-05-03 18:17:29,852 [a4462983-f44a-4197-b2bd-8a8d54f7910a-groupManagement] INFO  server.RaftServerConfigKeys (ConfUtils.java:logGet(46)) - raft.server.log.purge.gap = 1000000 (custom)
2024-05-03 18:17:29,852 [a4462983-f44a-4197-b2bd-8a8d54f7910a-groupManagement] INFO  server.RaftServerConfigKeys (ConfUtils.java:logGet(46)) - raft.server.log.appender.buffer.byte-limit = 8388608 (custom)
2024-05-03 18:17:29,852 [a4462983-f44a-4197-b2bd-8a8d54f7910a-groupManagement] INFO  server.RaftServerConfigKeys (ConfUtils.java:logGet(46)) - raft.server.log.statemachine.data.read.timeout = 1000ms (default)
2024-05-03 18:17:29,852 [a4462983-f44a-4197-b2bd-8a8d54f7910a-groupManagement] INFO  server.RaftServerConfigKeys (ConfUtils.java:logGet(46)) - raft.server.log.purge.preservation.log.num = 0 (default)
2024-05-03 18:17:29,855 [a4462983-f44a-4197-b2bd-8a8d54f7910a-groupManagement] INFO  server.RaftServerConfigKeys (ConfUtils.java:logGet(46)) - raft.server.log.segment.size.max = 67108864 (custom)
2024-05-03 18:17:29,856 [a4462983-f44a-4197-b2bd-8a8d54f7910a-groupManagement] INFO  server.RaftServerConfigKeys (ConfUtils.java:logGet(46)) - raft.server.log.segment.cache.num.max = 2 (custom)
2024-05-03 18:17:29,856 [a4462983-f44a-4197-b2bd-8a8d54f7910a-groupManagement] INFO  server.RaftServerConfigKeys (ConfUtils.java:logGet(46)) - raft.server.log.segment.cache.size.max = 200MB (=209715200) (default)
2024-05-03 18:17:29,856 [a4462983-f44a-4197-b2bd-8a8d54f7910a-groupManagement] INFO  server.RaftServerConfigKeys (ConfUtils.java:logGet(46)) - raft.server.log.appender.buffer.byte-limit = 8388608 (custom)
2024-05-03 18:17:29,856 [a4462983-f44a-4197-b2bd-8a8d54f7910a-groupManagement] INFO  util.AwaitToRun (AwaitToRun.java:start(81)) - Thread[a4462983-f44a-4197-b2bd-8a8d54f7910a@group-EAAC35C97CC6-cacheEviction-AwaitToRun,5,main] started
2024-05-03 18:17:29,856 [a4462983-f44a-4197-b2bd-8a8d54f7910a-groupManagement] INFO  segmented.SegmentedRaftLogWorker (SegmentedRaftLogWorker.java:<init>(182)) - new a4462983-f44a-4197-b2bd-8a8d54f7910a@group-EAAC35C97CC6-SegmentedRaftLogWorker for RaftStorageImpl:Storage Directory /home/runner/work/ozone/ozone/hadoop-ozone/integration-test/target/test-dir/MiniOzoneClusterImpl-50ce9170-f56e-46a6-9cd7-e4b6a7a9fc1c/ozone-meta/datanode-1/ratis/b467423f-5b6b-400c-94c6-eaac35c97cc6
2024-05-03 18:17:29,856 [a4462983-f44a-4197-b2bd-8a8d54f7910a-groupManagement] INFO  server.RaftServerConfigKeys (ConfUtils.java:logGet(46)) - raft.server.log.queue.byte-limit = 4294967296 (custom)
2024-05-03 18:17:29,856 [a4462983-f44a-4197-b2bd-8a8d54f7910a-groupManagement] INFO  server.RaftServerConfigKeys (ConfUtils.java:logGet(46)) - raft.server.log.queue.element-limit = 1024 (custom)
2024-05-03 18:17:29,857 [a4462983-f44a-4197-b2bd-8a8d54f7910a-groupManagement] INFO  server.RaftServerConfigKeys (ConfUtils.java:logGet(46)) - raft.server.log.segment.size.max = 67108864 (custom)
2024-05-03 18:17:29,857 [a4462983-f44a-4197-b2bd-8a8d54f7910a-groupManagement] INFO  server.RaftServerConfigKeys (ConfUtils.java:logGet(46)) - raft.server.log.preallocated.size = 4194304 (custom)
2024-05-03 18:17:29,857 [a4462983-f44a-4197-b2bd-8a8d54f7910a-groupManagement] INFO  server.RaftServerConfigKeys (ConfUtils.java:logGet(46)) - raft.server.log.force.sync.num = 128 (default)
2024-05-03 18:17:29,857 [a4462983-f44a-4197-b2bd-8a8d54f7910a-groupManagement] INFO  server.RaftServerConfigKeys (ConfUtils.java:logGet(46)) - raft.server.log.statemachine.data.sync = true (default)
2024-05-03 18:17:29,857 [a4462983-f44a-4197-b2bd-8a8d54f7910a-groupManagement] INFO  server.RaftServerConfigKeys (ConfUtils.java:logGet(46)) - raft.server.log.statemachine.data.sync.timeout = 10s (default)
2024-05-03 18:17:29,857 [a4462983-f44a-4197-b2bd-8a8d54f7910a-groupManagement] INFO  server.RaftServerConfigKeys (ConfUtils.java:logGet(46)) - raft.server.log.statemachine.data.sync.timeout.retry = 30 (custom)
2024-05-03 18:17:29,858 [a4462983-f44a-4197-b2bd-8a8d54f7910a-groupManagement] INFO  server.RaftServerConfigKeys (ConfUtils.java:logGet(46)) - raft.server.log.write.buffer.size = 8388616 (custom)
2024-05-03 18:17:29,860 [a4462983-f44a-4197-b2bd-8a8d54f7910a-groupManagement] INFO  server.RaftServerConfigKeys (ConfUtils.java:logGet(46)) - raft.server.log.appender.buffer.byte-limit = 8388608 (custom)
2024-05-03 18:17:29,860 [a4462983-f44a-4197-b2bd-8a8d54f7910a-groupManagement] INFO  server.RaftServerConfigKeys (ConfUtils.java:logGet(46)) - raft.server.log.unsafe-flush.enabled = false (default)
2024-05-03 18:17:29,860 [a4462983-f44a-4197-b2bd-8a8d54f7910a-groupManagement] INFO  server.RaftServerConfigKeys (ConfUtils.java:logGet(46)) - raft.server.log.async-flush.enabled = false (default)
2024-05-03 18:17:29,860 [a4462983-f44a-4197-b2bd-8a8d54f7910a-groupManagement] INFO  server.RaftServerConfigKeys (ConfUtils.java:logGet(46)) - raft.server.log.statemachine.data.caching.enabled = true (custom)
2024-05-03 18:17:29,860 [a4462983-f44a-4197-b2bd-8a8d54f7910a-groupManagement] INFO  segmented.SegmentedRaftLogWorker (SegmentedRaftLogWorker.java:lambda$new$0(134)) - a4462983-f44a-4197-b2bd-8a8d54f7910a@group-EAAC35C97CC6-SegmentedRaftLogWorker: flushIndex: setUnconditionally 0 -> -1
2024-05-03 18:17:29,860 [a4462983-f44a-4197-b2bd-8a8d54f7910a-groupManagement] INFO  segmented.SegmentedRaftLogWorker (SegmentedRaftLogWorker.java:lambda$new$0(134)) - a4462983-f44a-4197-b2bd-8a8d54f7910a@group-EAAC35C97CC6-SegmentedRaftLogWorker: safeCacheEvictIndex: setUnconditionally 0 -> -1
2024-05-03 18:17:29,862 [a4462983-f44a-4197-b2bd-8a8d54f7910a-groupManagement] INFO  server.RaftServer$Division (RaftServerImpl.java:start(396)) - a4462983-f44a-4197-b2bd-8a8d54f7910a@group-EAAC35C97CC6: start as a follower, conf=-1: peers:[a4462983-f44a-4197-b2bd-8a8d54f7910a|127.0.0.1:15014]|listeners:[], old=null
2024-05-03 18:17:29,862 [a4462983-f44a-4197-b2bd-8a8d54f7910a-groupManagement] INFO  server.RaftServer$Division (RaftServerImpl.java:setRole(383)) - a4462983-f44a-4197-b2bd-8a8d54f7910a@group-EAAC35C97CC6: changes role from      null to FOLLOWER at term 0 for startAsFollower
2024-05-03 18:17:29,863 [a4462983-f44a-4197-b2bd-8a8d54f7910a-groupManagement] INFO  impl.RoleInfo (RoleInfo.java:updateAndGet(139)) - a4462983-f44a-4197-b2bd-8a8d54f7910a: start a4462983-f44a-4197-b2bd-8a8d54f7910a@group-EAAC35C97CC6-FollowerState
2024-05-03 18:17:29,863 [a4462983-f44a-4197-b2bd-8a8d54f7910a@group-EAAC35C97CC6-FollowerState] INFO  server.RaftServerConfigKeys (ConfUtils.java:logFallback(53)) - raft.server.rpc.first-election.timeout.min = 5s (fallback to raft.server.rpc.timeout.min)
2024-05-03 18:17:29,863 [a4462983-f44a-4197-b2bd-8a8d54f7910a-groupManagement] INFO  util.JmxRegister (JmxRegister.java:tryRegister(44)) - Successfully registered JMX Bean with object name Ratis:service=RaftServer,group=group-EAAC35C97CC6,id=a4462983-f44a-4197-b2bd-8a8d54f7910a
2024-05-03 18:17:29,865 [a4462983-f44a-4197-b2bd-8a8d54f7910a@group-EAAC35C97CC6-FollowerState] INFO  server.RaftServerConfigKeys (ConfUtils.java:logFallback(53)) - raft.server.rpc.first-election.timeout.max = 5200ms (fallback to raft.server.rpc.timeout.max)
2024-05-03 18:17:29,865 [a4462983-f44a-4197-b2bd-8a8d54f7910a-groupManagement] INFO  server.RaftServerConfigKeys (ConfUtils.java:logGet(46)) - raft.server.snapshot.trigger-when-stop.enabled = true (default)
2024-05-03 18:17:29,865 [a4462983-f44a-4197-b2bd-8a8d54f7910a-groupManagement] INFO  server.RaftServerConfigKeys (ConfUtils.java:logGet(46)) - raft.server.snapshot.auto.trigger.enabled = true (custom)
2024-05-03 18:17:29,866 [a4462983-f44a-4197-b2bd-8a8d54f7910a-groupManagement] INFO  server.RaftServerConfigKeys (ConfUtils.java:logGet(46)) - raft.server.snapshot.auto.trigger.threshold = 10000 (custom)
2024-05-03 18:17:29,866 [a4462983-f44a-4197-b2bd-8a8d54f7910a-groupManagement] INFO  server.RaftServerConfigKeys (ConfUtils.java:logGet(46)) - raft.server.snapshot.retention.file.num = 5 (custom)
2024-05-03 18:17:29,866 [a4462983-f44a-4197-b2bd-8a8d54f7910a-groupManagement] INFO  server.RaftServerConfigKeys (ConfUtils.java:logGet(46)) - raft.server.log.purge.upto.snapshot.index = false (default)
2024-05-03 18:17:29,871 [EventQueue-PipelineReportForPipelineReportHandler] INFO  pipeline.PipelineReportHandler (PipelineReportHandler.java:processPipelineReport(136)) - Opened pipeline PipelineID=b467423f-5b6b-400c-94c6-eaac35c97cc6
2024-05-03 18:17:29,872 [a4462983-f44a-4197-b2bd-8a8d54f7910a-PipelineCommandHandlerThread-0] INFO  ratis.XceiverServerRatis (XceiverServerRatis.java:addGroup(864)) - Created group PipelineID=b467423f-5b6b-400c-94c6-eaac35c97cc6
2024-05-03 18:17:29,872 [a4462983-f44a-4197-b2bd-8a8d54f7910a-PipelineCommandHandlerThread-0] INFO  commandhandler.CreatePipelineCommandHandler (CreatePipelineCommandHandler.java:lambda$handle$2(124)) - Created Pipeline RATIS ONE PipelineID=b467423f-5b6b-400c-94c6-eaac35c97cc6.
2024-05-03 18:17:29,873 [a4462983-f44a-4197-b2bd-8a8d54f7910a-PipelineCommandHandlerThread-0] INFO  server.RaftServer (RaftServerProxy.java:addNew(100)) - a4462983-f44a-4197-b2bd-8a8d54f7910a: addNew group-9912BB9F3D05:[99a655c4-0b57-4952-9df4-c48c67505b31|127.0.0.1:15023, a4462983-f44a-4197-b2bd-8a8d54f7910a|127.0.0.1:15014, 44084586-cd1e-41a9-8c13-ea2cf27b07b5|127.0.0.1:15032] returns group-9912BB9F3D05:java.util.concurrent.CompletableFuture@6c7450c3[Not completed]
2024-05-03 18:17:29,874 [a4462983-f44a-4197-b2bd-8a8d54f7910a-groupManagement] INFO  server.RaftServer$Division (RaftServerImpl.java:<init>(256)) - a4462983-f44a-4197-b2bd-8a8d54f7910a: new RaftServerImpl for group-9912BB9F3D05:[99a655c4-0b57-4952-9df4-c48c67505b31|127.0.0.1:15023, a4462983-f44a-4197-b2bd-8a8d54f7910a|127.0.0.1:15014, 44084586-cd1e-41a9-8c13-ea2cf27b07b5|127.0.0.1:15032] with ContainerStateMachine:uninitialized
2024-05-03 18:17:29,874 [a4462983-f44a-4197-b2bd-8a8d54f7910a-groupManagement] INFO  server.RaftServerConfigKeys (ConfUtils.java:logGet(46)) - raft.server.rpc.timeout.min = 5s (custom)
2024-05-03 18:17:29,875 [a4462983-f44a-4197-b2bd-8a8d54f7910a-groupManagement] INFO  server.RaftServerConfigKeys (ConfUtils.java:logGet(46)) - raft.server.rpc.timeout.max = 5200ms (custom)
2024-05-03 18:17:29,875 [a4462983-f44a-4197-b2bd-8a8d54f7910a-groupManagement] INFO  server.RaftServerConfigKeys (ConfUtils.java:logGet(46)) - raft.server.rpc.sleep.time = 25ms (default)
2024-05-03 18:17:29,875 [a4462983-f44a-4197-b2bd-8a8d54f7910a-groupManagement] INFO  server.RaftServerConfigKeys (ConfUtils.java:logGet(46)) - raft.server.rpc.slowness.timeout = 300s (custom)
2024-05-03 18:17:29,875 [a4462983-f44a-4197-b2bd-8a8d54f7910a-groupManagement] INFO  server.RaftServerConfigKeys (ConfUtils.java:logGet(46)) - raft.server.leaderelection.leader.step-down.wait-time = 10s (default)
2024-05-03 18:17:29,875 [a4462983-f44a-4197-b2bd-8a8d54f7910a-groupManagement] INFO  server.RaftServerConfigKeys (ConfUtils.java:logGet(46)) - raft.server.leaderelection.member.majority-add = false (default)
2024-05-03 18:17:29,875 [a4462983-f44a-4197-b2bd-8a8d54f7910a-groupManagement] INFO  server.RaftServerConfigKeys (ConfUtils.java:logGet(46)) - raft.server.sleep.deviation.threshold = 300ms (default)
2024-05-03 18:17:29,875 [a4462983-f44a-4197-b2bd-8a8d54f7910a-groupManagement] INFO  server.RaftServer$Division (ServerState.java:<init>(113)) - a4462983-f44a-4197-b2bd-8a8d54f7910a@group-9912BB9F3D05: ConfigurationManager, init=-1: peers:[99a655c4-0b57-4952-9df4-c48c67505b31|127.0.0.1:15023, a4462983-f44a-4197-b2bd-8a8d54f7910a|127.0.0.1:15014, 44084586-cd1e-41a9-8c13-ea2cf27b07b5|127.0.0.1:15032]|listeners:[], old=null, confs=<EMPTY_MAP>
2024-05-03 18:17:29,875 [a4462983-f44a-4197-b2bd-8a8d54f7910a-groupManagement] INFO  server.RaftServerConfigKeys (ConfUtils.java:logGet(46)) - raft.server.notification.no-leader.timeout = 300s (custom)
2024-05-03 18:17:29,875 [a4462983-f44a-4197-b2bd-8a8d54f7910a-groupManagement] INFO  server.RaftServerConfigKeys (ConfUtils.java:logGet(46)) - raft.server.read.timeout = 10s (default)
2024-05-03 18:17:29,875 [a4462983-f44a-4197-b2bd-8a8d54f7910a-groupManagement] INFO  server.RaftServerConfigKeys (ConfUtils.java:logGet(46)) - raft.server.retrycache.expirytime = 600000ms (custom)
2024-05-03 18:17:29,876 [a4462983-f44a-4197-b2bd-8a8d54f7910a-groupManagement] INFO  server.RaftServerConfigKeys (ConfUtils.java:logGet(46)) - raft.server.retrycache.statistics.expirytime = 100ms (default)
2024-05-03 18:17:29,876 [a4462983-f44a-4197-b2bd-8a8d54f7910a-groupManagement] INFO  server.RaftServerConfigKeys (ConfUtils.java:logGet(46)) - raft.server.read.option = DEFAULT (default)
2024-05-03 18:17:29,876 [a4462983-f44a-4197-b2bd-8a8d54f7910a-groupManagement] INFO  server.RaftServerConfigKeys (ConfUtils.java:logGet(46)) - raft.server.read.read-after-write-consistent.write-index-cache.expiry-time = 60s (default)
2024-05-03 18:17:29,881 [EventQueue-OpenPipelineForHealthyPipelineSafeModeRule] INFO  safemode.SCMSafeModeManager (HealthyPipelineSafeModeRule.java:process(140)) - SCM in safe mode. Healthy pipelines reported count is 0, required healthy pipeline reported count is 1
2024-05-03 18:17:29,882 [a4462983-f44a-4197-b2bd-8a8d54f7910a-groupManagement] INFO  server.RaftServerConfigKeys (ConfUtils.java:logGet(46)) - raft.server.rpc.request.timeout = 60s (custom)
2024-05-03 18:17:29,882 [a4462983-f44a-4197-b2bd-8a8d54f7910a-groupManagement] INFO  server.RaftServerConfigKeys (ConfUtils.java:logGet(46)) - raft.server.log.appender.install.snapshot.enabled = false (custom)
2024-05-03 18:17:29,882 [a4462983-f44a-4197-b2bd-8a8d54f7910a-groupManagement] INFO  server.RaftServerConfigKeys (ConfUtils.java:logGet(46)) - raft.server.threadpool.server.cached = true (default)
2024-05-03 18:17:29,882 [a4462983-f44a-4197-b2bd-8a8d54f7910a-groupManagement] INFO  server.RaftServerConfigKeys (ConfUtils.java:logGet(46)) - raft.server.threadpool.server.size = 0 (default)
2024-05-03 18:17:29,882 [a4462983-f44a-4197-b2bd-8a8d54f7910a-groupManagement] INFO  server.RaftServerConfigKeys (ConfUtils.java:logGet(46)) - raft.server.threadpool.client.cached = true (default)
2024-05-03 18:17:29,883 [a4462983-f44a-4197-b2bd-8a8d54f7910a-groupManagement] INFO  server.RaftServerConfigKeys (ConfUtils.java:logGet(46)) - raft.server.threadpool.client.size = 0 (default)
2024-05-03 18:17:29,883 [a4462983-f44a-4197-b2bd-8a8d54f7910a-groupManagement] INFO  server.RaftServerConfigKeys (ConfUtils.java:logGet(46)) - raft.server.storage.free-space.min = 0MB (=0) (default)
2024-05-03 18:17:29,883 [a4462983-f44a-4197-b2bd-8a8d54f7910a-groupManagement] INFO  server.RaftServerConfigKeys (ConfUtils.java:logGet(46)) - raft.server.log.corruption.policy = EXCEPTION (default)
2024-05-03 18:17:29,883 [a4462983-f44a-4197-b2bd-8a8d54f7910a-groupManagement] INFO  server.RaftServerConfigKeys (ConfUtils.java:logGet(46)) - raft.server.storage.dir = [/home/runner/work/ozone/ozone/hadoop-ozone/integration-test/target/test-dir/MiniOzoneClusterImpl-50ce9170-f56e-46a6-9cd7-e4b6a7a9fc1c/ozone-meta/datanode-1/ratis] (custom)
2024-05-03 18:17:29,883 [a4462983-f44a-4197-b2bd-8a8d54f7910a-groupManagement] INFO  storage.RaftStorageDirectory (RaftStorageDirectoryImpl.java:analyzeStorage(138)) - The storage directory /home/runner/work/ozone/ozone/hadoop-ozone/integration-test/target/test-dir/MiniOzoneClusterImpl-50ce9170-f56e-46a6-9cd7-e4b6a7a9fc1c/ozone-meta/datanode-1/ratis/862901db-c3cf-41e0-976b-9912bb9f3d05 does not exist. Creating ...
2024-05-03 18:17:29,884 [a4462983-f44a-4197-b2bd-8a8d54f7910a-groupManagement] INFO  storage.RaftStorageDirectory (RaftStorageDirectoryImpl.java:tryLock(228)) - Lock on /home/runner/work/ozone/ozone/hadoop-ozone/integration-test/target/test-dir/MiniOzoneClusterImpl-50ce9170-f56e-46a6-9cd7-e4b6a7a9fc1c/ozone-meta/datanode-1/ratis/862901db-c3cf-41e0-976b-9912bb9f3d05/in_use.lock acquired by nodename 84935@fv-az889-242
2024-05-03 18:17:29,885 [a4462983-f44a-4197-b2bd-8a8d54f7910a-groupManagement] INFO  storage.RaftStorage (RaftStorageImpl.java:format(99)) - Storage directory /home/runner/work/ozone/ozone/hadoop-ozone/integration-test/target/test-dir/MiniOzoneClusterImpl-50ce9170-f56e-46a6-9cd7-e4b6a7a9fc1c/ozone-meta/datanode-1/ratis/862901db-c3cf-41e0-976b-9912bb9f3d05 has been successfully formatted.
2024-05-03 18:17:29,886 [a4462983-f44a-4197-b2bd-8a8d54f7910a-groupManagement] WARN  util.FileUtils (LogUtils.java:supplyAndLog(63)) - Failed to Files.newInputStream /home/runner/work/ozone/ozone/hadoop-ozone/integration-test/target/test-dir/MiniOzoneClusterImpl-50ce9170-f56e-46a6-9cd7-e4b6a7a9fc1c/ozone-meta/datanode-1/ratis/862901db-c3cf-41e0-976b-9912bb9f3d05/current/raft-meta.conf with options []: java.nio.file.NoSuchFileException: /home/runner/work/ozone/ozone/hadoop-ozone/integration-test/target/test-dir/MiniOzoneClusterImpl-50ce9170-f56e-46a6-9cd7-e4b6a7a9fc1c/ozone-meta/datanode-1/ratis/862901db-c3cf-41e0-976b-9912bb9f3d05/current/raft-meta.conf
2024-05-03 18:17:29,886 [a4462983-f44a-4197-b2bd-8a8d54f7910a-groupManagement] INFO  ratis.ContainerStateMachine (ContainerStateMachine.java:loadSnapshot(287)) - group-9912BB9F3D05: The snapshot info is null. Setting the last applied index to:(t:0, i:~)
2024-05-03 18:17:29,886 [a4462983-f44a-4197-b2bd-8a8d54f7910a-groupManagement] INFO  server.RaftServerConfigKeys (ConfUtils.java:logGet(46)) - raft.server.log.use.memory = false (default)
2024-05-03 18:17:29,886 [a4462983-f44a-4197-b2bd-8a8d54f7910a-groupManagement] INFO  server.RaftServerConfigKeys (ConfUtils.java:logGet(46)) - raft.server.log.purge.gap = 1000000 (custom)
2024-05-03 18:17:29,886 [a4462983-f44a-4197-b2bd-8a8d54f7910a-groupManagement] INFO  server.RaftServerConfigKeys (ConfUtils.java:logGet(46)) - raft.server.log.appender.buffer.byte-limit = 8388608 (custom)
2024-05-03 18:17:29,886 [a4462983-f44a-4197-b2bd-8a8d54f7910a-groupManagement] INFO  server.RaftServerConfigKeys (ConfUtils.java:logGet(46)) - raft.server.log.statemachine.data.read.timeout = 1000ms (default)
2024-05-03 18:17:29,887 [a4462983-f44a-4197-b2bd-8a8d54f7910a-groupManagement] INFO  server.RaftServerConfigKeys (ConfUtils.java:logGet(46)) - raft.server.log.purge.preservation.log.num = 0 (default)
2024-05-03 18:17:29,888 [EventQueue-OpenPipelineForHealthyPipelineSafeModeRule] INFO  safemode.SCMSafeModeManager (HealthyPipelineSafeModeRule.java:process(140)) - SCM in safe mode. Healthy pipelines reported count is 0, required healthy pipeline reported count is 1
2024-05-03 18:17:29,890 [a4462983-f44a-4197-b2bd-8a8d54f7910a-groupManagement] INFO  server.RaftServerConfigKeys (ConfUtils.java:logGet(46)) - raft.server.log.segment.size.max = 67108864 (custom)
2024-05-03 18:17:29,890 [a4462983-f44a-4197-b2bd-8a8d54f7910a-groupManagement] INFO  server.RaftServerConfigKeys (ConfUtils.java:logGet(46)) - raft.server.log.segment.cache.num.max = 2 (custom)
2024-05-03 18:17:29,890 [a4462983-f44a-4197-b2bd-8a8d54f7910a-groupManagement] INFO  server.RaftServerConfigKeys (ConfUtils.java:logGet(46)) - raft.server.log.segment.cache.size.max = 200MB (=209715200) (default)
2024-05-03 18:17:29,890 [a4462983-f44a-4197-b2bd-8a8d54f7910a-groupManagement] INFO  server.RaftServerConfigKeys (ConfUtils.java:logGet(46)) - raft.server.log.appender.buffer.byte-limit = 8388608 (custom)
2024-05-03 18:17:29,894 [a4462983-f44a-4197-b2bd-8a8d54f7910a-groupManagement] INFO  util.AwaitToRun (AwaitToRun.java:start(81)) - Thread[a4462983-f44a-4197-b2bd-8a8d54f7910a@group-9912BB9F3D05-cacheEviction-AwaitToRun,5,main] started
2024-05-03 18:17:29,894 [a4462983-f44a-4197-b2bd-8a8d54f7910a-groupManagement] INFO  segmented.SegmentedRaftLogWorker (SegmentedRaftLogWorker.java:<init>(182)) - new a4462983-f44a-4197-b2bd-8a8d54f7910a@group-9912BB9F3D05-SegmentedRaftLogWorker for RaftStorageImpl:Storage Directory /home/runner/work/ozone/ozone/hadoop-ozone/integration-test/target/test-dir/MiniOzoneClusterImpl-50ce9170-f56e-46a6-9cd7-e4b6a7a9fc1c/ozone-meta/datanode-1/ratis/862901db-c3cf-41e0-976b-9912bb9f3d05
2024-05-03 18:17:29,894 [a4462983-f44a-4197-b2bd-8a8d54f7910a-groupManagement] INFO  server.RaftServerConfigKeys (ConfUtils.java:logGet(46)) - raft.server.log.queue.byte-limit = 4294967296 (custom)
2024-05-03 18:17:29,894 [a4462983-f44a-4197-b2bd-8a8d54f7910a-groupManagement] INFO  server.RaftServerConfigKeys (ConfUtils.java:logGet(46)) - raft.server.log.queue.element-limit = 1024 (custom)
2024-05-03 18:17:29,895 [a4462983-f44a-4197-b2bd-8a8d54f7910a-groupManagement] INFO  server.RaftServerConfigKeys (ConfUtils.java:logGet(46)) - raft.server.log.segment.size.max = 67108864 (custom)
2024-05-03 18:17:29,895 [a4462983-f44a-4197-b2bd-8a8d54f7910a-groupManagement] INFO  server.RaftServerConfigKeys (ConfUtils.java:logGet(46)) - raft.server.log.preallocated.size = 4194304 (custom)
2024-05-03 18:17:29,895 [a4462983-f44a-4197-b2bd-8a8d54f7910a-groupManagement] INFO  server.RaftServerConfigKeys (ConfUtils.java:logGet(46)) - raft.server.log.force.sync.num = 128 (default)
2024-05-03 18:17:29,895 [a4462983-f44a-4197-b2bd-8a8d54f7910a-groupManagement] INFO  server.RaftServerConfigKeys (ConfUtils.java:logGet(46)) - raft.server.log.statemachine.data.sync = true (default)
2024-05-03 18:17:29,895 [a4462983-f44a-4197-b2bd-8a8d54f7910a-groupManagement] INFO  server.RaftServerConfigKeys (ConfUtils.java:logGet(46)) - raft.server.log.statemachine.data.sync.timeout = 10s (default)
2024-05-03 18:17:29,895 [a4462983-f44a-4197-b2bd-8a8d54f7910a-groupManagement] INFO  server.RaftServerConfigKeys (ConfUtils.java:logGet(46)) - raft.server.log.statemachine.data.sync.timeout.retry = 30 (custom)
2024-05-03 18:17:29,895 [a4462983-f44a-4197-b2bd-8a8d54f7910a-groupManagement] INFO  server.RaftServerConfigKeys (ConfUtils.java:logGet(46)) - raft.server.log.write.buffer.size = 8388616 (custom)
2024-05-03 18:17:29,897 [a4462983-f44a-4197-b2bd-8a8d54f7910a-groupManagement] INFO  server.RaftServerConfigKeys (ConfUtils.java:logGet(46)) - raft.server.log.appender.buffer.byte-limit = 8388608 (custom)
2024-05-03 18:17:29,897 [a4462983-f44a-4197-b2bd-8a8d54f7910a-groupManagement] INFO  server.RaftServerConfigKeys (ConfUtils.java:logGet(46)) - raft.server.log.unsafe-flush.enabled = false (default)
2024-05-03 18:17:29,897 [a4462983-f44a-4197-b2bd-8a8d54f7910a-groupManagement] INFO  server.RaftServerConfigKeys (ConfUtils.java:logGet(46)) - raft.server.log.async-flush.enabled = false (default)
2024-05-03 18:17:29,897 [a4462983-f44a-4197-b2bd-8a8d54f7910a-groupManagement] INFO  server.RaftServerConfigKeys (ConfUtils.java:logGet(46)) - raft.server.log.statemachine.data.caching.enabled = true (custom)
2024-05-03 18:17:29,898 [a4462983-f44a-4197-b2bd-8a8d54f7910a-groupManagement] INFO  segmented.SegmentedRaftLogWorker (SegmentedRaftLogWorker.java:lambda$new$0(134)) - a4462983-f44a-4197-b2bd-8a8d54f7910a@group-9912BB9F3D05-SegmentedRaftLogWorker: flushIndex: setUnconditionally 0 -> -1
2024-05-03 18:17:29,898 [a4462983-f44a-4197-b2bd-8a8d54f7910a-groupManagement] INFO  segmented.SegmentedRaftLogWorker (SegmentedRaftLogWorker.java:lambda$new$0(134)) - a4462983-f44a-4197-b2bd-8a8d54f7910a@group-9912BB9F3D05-SegmentedRaftLogWorker: safeCacheEvictIndex: setUnconditionally 0 -> -1
2024-05-03 18:17:29,899 [a4462983-f44a-4197-b2bd-8a8d54f7910a-groupManagement] INFO  server.RaftServer$Division (RaftServerImpl.java:start(396)) - a4462983-f44a-4197-b2bd-8a8d54f7910a@group-9912BB9F3D05: start as a follower, conf=-1: peers:[99a655c4-0b57-4952-9df4-c48c67505b31|127.0.0.1:15023, a4462983-f44a-4197-b2bd-8a8d54f7910a|127.0.0.1:15014, 44084586-cd1e-41a9-8c13-ea2cf27b07b5|127.0.0.1:15032]|listeners:[], old=null
2024-05-03 18:17:29,899 [a4462983-f44a-4197-b2bd-8a8d54f7910a-groupManagement] INFO  server.RaftServer$Division (RaftServerImpl.java:setRole(383)) - a4462983-f44a-4197-b2bd-8a8d54f7910a@group-9912BB9F3D05: changes role from      null to FOLLOWER at term 0 for startAsFollower
2024-05-03 18:17:29,899 [a4462983-f44a-4197-b2bd-8a8d54f7910a-groupManagement] INFO  impl.RoleInfo (RoleInfo.java:updateAndGet(139)) - a4462983-f44a-4197-b2bd-8a8d54f7910a: start a4462983-f44a-4197-b2bd-8a8d54f7910a@group-9912BB9F3D05-FollowerState
2024-05-03 18:17:29,903 [a4462983-f44a-4197-b2bd-8a8d54f7910a-groupManagement] INFO  util.JmxRegister (JmxRegister.java:tryRegister(44)) - Successfully registered JMX Bean with object name Ratis:service=RaftServer,group=group-9912BB9F3D05,id=a4462983-f44a-4197-b2bd-8a8d54f7910a
2024-05-03 18:17:29,903 [a4462983-f44a-4197-b2bd-8a8d54f7910a-groupManagement] INFO  server.RaftServerConfigKeys (ConfUtils.java:logGet(46)) - raft.server.snapshot.trigger-when-stop.enabled = true (default)
2024-05-03 18:17:29,903 [a4462983-f44a-4197-b2bd-8a8d54f7910a-groupManagement] INFO  server.RaftServerConfigKeys (ConfUtils.java:logGet(46)) - raft.server.snapshot.auto.trigger.enabled = true (custom)
2024-05-03 18:17:29,903 [a4462983-f44a-4197-b2bd-8a8d54f7910a-groupManagement] INFO  server.RaftServerConfigKeys (ConfUtils.java:logGet(46)) - raft.server.snapshot.auto.trigger.threshold = 10000 (custom)
2024-05-03 18:17:29,903 [a4462983-f44a-4197-b2bd-8a8d54f7910a-groupManagement] INFO  server.RaftServerConfigKeys (ConfUtils.java:logGet(46)) - raft.server.snapshot.retention.file.num = 5 (custom)
2024-05-03 18:17:29,904 [a4462983-f44a-4197-b2bd-8a8d54f7910a-groupManagement] INFO  server.RaftServerConfigKeys (ConfUtils.java:logGet(46)) - raft.server.log.purge.upto.snapshot.index = false (default)
2024-05-03 18:17:29,905 [a4462983-f44a-4197-b2bd-8a8d54f7910a@group-9912BB9F3D05-FollowerState] INFO  server.RaftServerConfigKeys (ConfUtils.java:logFallback(53)) - raft.server.rpc.first-election.timeout.min = 5s (fallback to raft.server.rpc.timeout.min)
2024-05-03 18:17:29,905 [a4462983-f44a-4197-b2bd-8a8d54f7910a@group-9912BB9F3D05-FollowerState] INFO  server.RaftServerConfigKeys (ConfUtils.java:logFallback(53)) - raft.server.rpc.first-election.timeout.max = 5200ms (fallback to raft.server.rpc.timeout.max)
2024-05-03 18:17:29,905 [a4462983-f44a-4197-b2bd-8a8d54f7910a-PipelineCommandHandlerThread-0] INFO  ratis.XceiverServerRatis (XceiverServerRatis.java:addGroup(864)) - Created group PipelineID=862901db-c3cf-41e0-976b-9912bb9f3d05
2024-05-03 18:17:29,957 [99a655c4-0b57-4952-9df4-c48c67505b31-PipelineCommandHandlerThread-0] INFO  server.RaftServer (RaftServerProxy.java:addNew(100)) - 99a655c4-0b57-4952-9df4-c48c67505b31: addNew group-AB7192C08F08:[99a655c4-0b57-4952-9df4-c48c67505b31|127.0.0.1:15023] returns group-AB7192C08F08:java.util.concurrent.CompletableFuture@73d0fe7c[Not completed]
2024-05-03 18:17:29,959 [99a655c4-0b57-4952-9df4-c48c67505b31-groupManagement] INFO  server.RaftServer$Division (RaftServerImpl.java:<init>(256)) - 99a655c4-0b57-4952-9df4-c48c67505b31: new RaftServerImpl for group-AB7192C08F08:[99a655c4-0b57-4952-9df4-c48c67505b31|127.0.0.1:15023] with ContainerStateMachine:uninitialized
2024-05-03 18:17:29,959 [99a655c4-0b57-4952-9df4-c48c67505b31-groupManagement] INFO  server.RaftServerConfigKeys (ConfUtils.java:logGet(46)) - raft.server.rpc.timeout.min = 5s (custom)
2024-05-03 18:17:29,959 [99a655c4-0b57-4952-9df4-c48c67505b31-groupManagement] INFO  server.RaftServerConfigKeys (ConfUtils.java:logGet(46)) - raft.server.rpc.timeout.max = 5200ms (custom)
2024-05-03 18:17:29,959 [99a655c4-0b57-4952-9df4-c48c67505b31-groupManagement] INFO  server.RaftServerConfigKeys (ConfUtils.java:logGet(46)) - raft.server.rpc.sleep.time = 25ms (default)
2024-05-03 18:17:29,959 [99a655c4-0b57-4952-9df4-c48c67505b31-groupManagement] INFO  server.RaftServerConfigKeys (ConfUtils.java:logGet(46)) - raft.server.rpc.slowness.timeout = 300s (custom)
2024-05-03 18:17:29,959 [99a655c4-0b57-4952-9df4-c48c67505b31-groupManagement] INFO  server.RaftServerConfigKeys (ConfUtils.java:logGet(46)) - raft.server.leaderelection.leader.step-down.wait-time = 10s (default)
2024-05-03 18:17:29,959 [99a655c4-0b57-4952-9df4-c48c67505b31-groupManagement] INFO  server.RaftServerConfigKeys (ConfUtils.java:logGet(46)) - raft.server.leaderelection.member.majority-add = false (default)
2024-05-03 18:17:29,959 [99a655c4-0b57-4952-9df4-c48c67505b31-groupManagement] INFO  server.RaftServerConfigKeys (ConfUtils.java:logGet(46)) - raft.server.sleep.deviation.threshold = 300ms (default)
2024-05-03 18:17:29,959 [99a655c4-0b57-4952-9df4-c48c67505b31-groupManagement] INFO  server.RaftServer$Division (ServerState.java:<init>(113)) - 99a655c4-0b57-4952-9df4-c48c67505b31@group-AB7192C08F08: ConfigurationManager, init=-1: peers:[99a655c4-0b57-4952-9df4-c48c67505b31|127.0.0.1:15023]|listeners:[], old=null, confs=<EMPTY_MAP>
2024-05-03 18:17:29,960 [99a655c4-0b57-4952-9df4-c48c67505b31-groupManagement] INFO  server.RaftServerConfigKeys (ConfUtils.java:logGet(46)) - raft.server.notification.no-leader.timeout = 300s (custom)
2024-05-03 18:17:29,960 [99a655c4-0b57-4952-9df4-c48c67505b31-groupManagement] INFO  server.RaftServerConfigKeys (ConfUtils.java:logGet(46)) - raft.server.read.timeout = 10s (default)
2024-05-03 18:17:29,960 [99a655c4-0b57-4952-9df4-c48c67505b31-groupManagement] INFO  server.RaftServerConfigKeys (ConfUtils.java:logGet(46)) - raft.server.retrycache.expirytime = 600000ms (custom)
2024-05-03 18:17:29,960 [99a655c4-0b57-4952-9df4-c48c67505b31-groupManagement] INFO  server.RaftServerConfigKeys (ConfUtils.java:logGet(46)) - raft.server.retrycache.statistics.expirytime = 100ms (default)
2024-05-03 18:17:29,960 [99a655c4-0b57-4952-9df4-c48c67505b31-groupManagement] INFO  server.RaftServerConfigKeys (ConfUtils.java:logGet(46)) - raft.server.read.option = DEFAULT (default)
2024-05-03 18:17:29,960 [99a655c4-0b57-4952-9df4-c48c67505b31-groupManagement] INFO  server.RaftServerConfigKeys (ConfUtils.java:logGet(46)) - raft.server.read.read-after-write-consistent.write-index-cache.expiry-time = 60s (default)
2024-05-03 18:17:29,973 [99a655c4-0b57-4952-9df4-c48c67505b31-groupManagement] INFO  server.RaftServerConfigKeys (ConfUtils.java:logGet(46)) - raft.server.rpc.request.timeout = 60s (custom)
2024-05-03 18:17:29,974 [99a655c4-0b57-4952-9df4-c48c67505b31-groupManagement] INFO  server.RaftServerConfigKeys (ConfUtils.java:logGet(46)) - raft.server.log.appender.install.snapshot.enabled = false (custom)
2024-05-03 18:17:29,974 [99a655c4-0b57-4952-9df4-c48c67505b31-groupManagement] INFO  server.RaftServerConfigKeys (ConfUtils.java:logGet(46)) - raft.server.threadpool.server.cached = true (default)
2024-05-03 18:17:29,974 [99a655c4-0b57-4952-9df4-c48c67505b31-groupManagement] INFO  server.RaftServerConfigKeys (ConfUtils.java:logGet(46)) - raft.server.threadpool.server.size = 0 (default)
2024-05-03 18:17:29,975 [99a655c4-0b57-4952-9df4-c48c67505b31-groupManagement] INFO  server.RaftServerConfigKeys (ConfUtils.java:logGet(46)) - raft.server.threadpool.client.cached = true (default)
2024-05-03 18:17:29,975 [99a655c4-0b57-4952-9df4-c48c67505b31-groupManagement] INFO  server.RaftServerConfigKeys (ConfUtils.java:logGet(46)) - raft.server.threadpool.client.size = 0 (default)
2024-05-03 18:17:29,975 [99a655c4-0b57-4952-9df4-c48c67505b31-groupManagement] INFO  server.RaftServerConfigKeys (ConfUtils.java:logGet(46)) - raft.server.storage.free-space.min = 0MB (=0) (default)
2024-05-03 18:17:29,975 [99a655c4-0b57-4952-9df4-c48c67505b31-groupManagement] INFO  server.RaftServerConfigKeys (ConfUtils.java:logGet(46)) - raft.server.log.corruption.policy = EXCEPTION (default)
2024-05-03 18:17:29,975 [99a655c4-0b57-4952-9df4-c48c67505b31-groupManagement] INFO  server.RaftServerConfigKeys (ConfUtils.java:logGet(46)) - raft.server.storage.dir = [/home/runner/work/ozone/ozone/hadoop-ozone/integration-test/target/test-dir/MiniOzoneClusterImpl-50ce9170-f56e-46a6-9cd7-e4b6a7a9fc1c/ozone-meta/datanode-2/ratis] (custom)
2024-05-03 18:17:29,976 [99a655c4-0b57-4952-9df4-c48c67505b31-groupManagement] INFO  storage.RaftStorageDirectory (RaftStorageDirectoryImpl.java:analyzeStorage(138)) - The storage directory /home/runner/work/ozone/ozone/hadoop-ozone/integration-test/target/test-dir/MiniOzoneClusterImpl-50ce9170-f56e-46a6-9cd7-e4b6a7a9fc1c/ozone-meta/datanode-2/ratis/38ae59ed-7377-4f0b-9f63-ab7192c08f08 does not exist. Creating ...
2024-05-03 18:17:29,978 [99a655c4-0b57-4952-9df4-c48c67505b31-groupManagement] INFO  storage.RaftStorageDirectory (RaftStorageDirectoryImpl.java:tryLock(228)) - Lock on /home/runner/work/ozone/ozone/hadoop-ozone/integration-test/target/test-dir/MiniOzoneClusterImpl-50ce9170-f56e-46a6-9cd7-e4b6a7a9fc1c/ozone-meta/datanode-2/ratis/38ae59ed-7377-4f0b-9f63-ab7192c08f08/in_use.lock acquired by nodename 84935@fv-az889-242
2024-05-03 18:17:29,980 [99a655c4-0b57-4952-9df4-c48c67505b31-groupManagement] INFO  storage.RaftStorage (RaftStorageImpl.java:format(99)) - Storage directory /home/runner/work/ozone/ozone/hadoop-ozone/integration-test/target/test-dir/MiniOzoneClusterImpl-50ce9170-f56e-46a6-9cd7-e4b6a7a9fc1c/ozone-meta/datanode-2/ratis/38ae59ed-7377-4f0b-9f63-ab7192c08f08 has been successfully formatted.
2024-05-03 18:17:29,981 [99a655c4-0b57-4952-9df4-c48c67505b31-groupManagement] WARN  util.FileUtils (LogUtils.java:supplyAndLog(63)) - Failed to Files.newInputStream /home/runner/work/ozone/ozone/hadoop-ozone/integration-test/target/test-dir/MiniOzoneClusterImpl-50ce9170-f56e-46a6-9cd7-e4b6a7a9fc1c/ozone-meta/datanode-2/ratis/38ae59ed-7377-4f0b-9f63-ab7192c08f08/current/raft-meta.conf with options []: java.nio.file.NoSuchFileException: /home/runner/work/ozone/ozone/hadoop-ozone/integration-test/target/test-dir/MiniOzoneClusterImpl-50ce9170-f56e-46a6-9cd7-e4b6a7a9fc1c/ozone-meta/datanode-2/ratis/38ae59ed-7377-4f0b-9f63-ab7192c08f08/current/raft-meta.conf
2024-05-03 18:17:29,981 [99a655c4-0b57-4952-9df4-c48c67505b31-groupManagement] INFO  ratis.ContainerStateMachine (ContainerStateMachine.java:loadSnapshot(287)) - group-AB7192C08F08: The snapshot info is null. Setting the last applied index to:(t:0, i:~)
2024-05-03 18:17:29,981 [99a655c4-0b57-4952-9df4-c48c67505b31-groupManagement] INFO  server.RaftServerConfigKeys (ConfUtils.java:logGet(46)) - raft.server.log.use.memory = false (default)
2024-05-03 18:17:29,981 [99a655c4-0b57-4952-9df4-c48c67505b31-groupManagement] INFO  server.RaftServerConfigKeys (ConfUtils.java:logGet(46)) - raft.server.log.purge.gap = 1000000 (custom)
2024-05-03 18:17:29,981 [99a655c4-0b57-4952-9df4-c48c67505b31-groupManagement] INFO  server.RaftServerConfigKeys (ConfUtils.java:logGet(46)) - raft.server.log.appender.buffer.byte-limit = 8388608 (custom)
2024-05-03 18:17:29,982 [99a655c4-0b57-4952-9df4-c48c67505b31-groupManagement] INFO  server.RaftServerConfigKeys (ConfUtils.java:logGet(46)) - raft.server.log.statemachine.data.read.timeout = 1000ms (default)
2024-05-03 18:17:29,982 [99a655c4-0b57-4952-9df4-c48c67505b31-groupManagement] INFO  server.RaftServerConfigKeys (ConfUtils.java:logGet(46)) - raft.server.log.purge.preservation.log.num = 0 (default)
2024-05-03 18:17:29,984 [EventQueue-PipelineReportForPipelineReportHandler] INFO  pipeline.PipelineReportHandler (PipelineReportHandler.java:processPipelineReport(136)) - Opened pipeline PipelineID=38ae59ed-7377-4f0b-9f63-ab7192c08f08
2024-05-03 18:17:29,984 [EventQueue-OpenPipelineForHealthyPipelineSafeModeRule] INFO  safemode.SCMSafeModeManager (HealthyPipelineSafeModeRule.java:process(140)) - SCM in safe mode. Healthy pipelines reported count is 0, required healthy pipeline reported count is 1
2024-05-03 18:17:29,991 [99a655c4-0b57-4952-9df4-c48c67505b31-groupManagement] INFO  server.RaftServerConfigKeys (ConfUtils.java:logGet(46)) - raft.server.log.segment.size.max = 67108864 (custom)
2024-05-03 18:17:29,993 [99a655c4-0b57-4952-9df4-c48c67505b31-groupManagement] INFO  server.RaftServerConfigKeys (ConfUtils.java:logGet(46)) - raft.server.log.segment.cache.num.max = 2 (custom)
2024-05-03 18:17:29,993 [99a655c4-0b57-4952-9df4-c48c67505b31-groupManagement] INFO  server.RaftServerConfigKeys (ConfUtils.java:logGet(46)) - raft.server.log.segment.cache.size.max = 200MB (=209715200) (default)
2024-05-03 18:17:29,993 [99a655c4-0b57-4952-9df4-c48c67505b31-groupManagement] INFO  server.RaftServerConfigKeys (ConfUtils.java:logGet(46)) - raft.server.log.appender.buffer.byte-limit = 8388608 (custom)
2024-05-03 18:17:30,000 [99a655c4-0b57-4952-9df4-c48c67505b31-groupManagement] INFO  util.AwaitToRun (AwaitToRun.java:start(81)) - Thread[99a655c4-0b57-4952-9df4-c48c67505b31@group-AB7192C08F08-cacheEviction-AwaitToRun,5,main] started
2024-05-03 18:17:30,000 [99a655c4-0b57-4952-9df4-c48c67505b31-groupManagement] INFO  segmented.SegmentedRaftLogWorker (SegmentedRaftLogWorker.java:<init>(182)) - new 99a655c4-0b57-4952-9df4-c48c67505b31@group-AB7192C08F08-SegmentedRaftLogWorker for RaftStorageImpl:Storage Directory /home/runner/work/ozone/ozone/hadoop-ozone/integration-test/target/test-dir/MiniOzoneClusterImpl-50ce9170-f56e-46a6-9cd7-e4b6a7a9fc1c/ozone-meta/datanode-2/ratis/38ae59ed-7377-4f0b-9f63-ab7192c08f08
2024-05-03 18:17:30,000 [99a655c4-0b57-4952-9df4-c48c67505b31-groupManagement] INFO  server.RaftServerConfigKeys (ConfUtils.java:logGet(46)) - raft.server.log.queue.byte-limit = 4294967296 (custom)
2024-05-03 18:17:30,000 [99a655c4-0b57-4952-9df4-c48c67505b31-groupManagement] INFO  server.RaftServerConfigKeys (ConfUtils.java:logGet(46)) - raft.server.log.queue.element-limit = 1024 (custom)
2024-05-03 18:17:30,000 [99a655c4-0b57-4952-9df4-c48c67505b31-groupManagement] INFO  server.RaftServerConfigKeys (ConfUtils.java:logGet(46)) - raft.server.log.segment.size.max = 67108864 (custom)
2024-05-03 18:17:30,000 [99a655c4-0b57-4952-9df4-c48c67505b31-groupManagement] INFO  server.RaftServerConfigKeys (ConfUtils.java:logGet(46)) - raft.server.log.preallocated.size = 4194304 (custom)
2024-05-03 18:17:30,000 [99a655c4-0b57-4952-9df4-c48c67505b31-groupManagement] INFO  server.RaftServerConfigKeys (ConfUtils.java:logGet(46)) - raft.server.log.force.sync.num = 128 (default)
2024-05-03 18:17:30,000 [99a655c4-0b57-4952-9df4-c48c67505b31-groupManagement] INFO  server.RaftServerConfigKeys (ConfUtils.java:logGet(46)) - raft.server.log.statemachine.data.sync = true (default)
2024-05-03 18:17:30,000 [99a655c4-0b57-4952-9df4-c48c67505b31-groupManagement] INFO  server.RaftServerConfigKeys (ConfUtils.java:logGet(46)) - raft.server.log.statemachine.data.sync.timeout = 10s (default)
2024-05-03 18:17:30,000 [99a655c4-0b57-4952-9df4-c48c67505b31-groupManagement] INFO  server.RaftServerConfigKeys (ConfUtils.java:logGet(46)) - raft.server.log.statemachine.data.sync.timeout.retry = 30 (custom)
2024-05-03 18:17:30,001 [99a655c4-0b57-4952-9df4-c48c67505b31-groupManagement] INFO  server.RaftServerConfigKeys (ConfUtils.java:logGet(46)) - raft.server.log.write.buffer.size = 8388616 (custom)
2024-05-03 18:17:30,004 [99a655c4-0b57-4952-9df4-c48c67505b31-groupManagement] INFO  server.RaftServerConfigKeys (ConfUtils.java:logGet(46)) - raft.server.log.appender.buffer.byte-limit = 8388608 (custom)
2024-05-03 18:17:30,004 [99a655c4-0b57-4952-9df4-c48c67505b31-groupManagement] INFO  server.RaftServerConfigKeys (ConfUtils.java:logGet(46)) - raft.server.log.unsafe-flush.enabled = false (default)
2024-05-03 18:17:30,005 [99a655c4-0b57-4952-9df4-c48c67505b31-groupManagement] INFO  server.RaftServerConfigKeys (ConfUtils.java:logGet(46)) - raft.server.log.async-flush.enabled = false (default)
2024-05-03 18:17:30,005 [99a655c4-0b57-4952-9df4-c48c67505b31-groupManagement] INFO  server.RaftServerConfigKeys (ConfUtils.java:logGet(46)) - raft.server.log.statemachine.data.caching.enabled = true (custom)
2024-05-03 18:17:30,005 [99a655c4-0b57-4952-9df4-c48c67505b31-groupManagement] INFO  segmented.SegmentedRaftLogWorker (SegmentedRaftLogWorker.java:lambda$new$0(134)) - 99a655c4-0b57-4952-9df4-c48c67505b31@group-AB7192C08F08-SegmentedRaftLogWorker: flushIndex: setUnconditionally 0 -> -1
2024-05-03 18:17:30,005 [99a655c4-0b57-4952-9df4-c48c67505b31-groupManagement] INFO  segmented.SegmentedRaftLogWorker (SegmentedRaftLogWorker.java:lambda$new$0(134)) - 99a655c4-0b57-4952-9df4-c48c67505b31@group-AB7192C08F08-SegmentedRaftLogWorker: safeCacheEvictIndex: setUnconditionally 0 -> -1
2024-05-03 18:17:30,008 [99a655c4-0b57-4952-9df4-c48c67505b31-groupManagement] INFO  server.RaftServer$Division (RaftServerImpl.java:start(396)) - 99a655c4-0b57-4952-9df4-c48c67505b31@group-AB7192C08F08: start as a follower, conf=-1: peers:[99a655c4-0b57-4952-9df4-c48c67505b31|127.0.0.1:15023]|listeners:[], old=null
2024-05-03 18:17:30,008 [99a655c4-0b57-4952-9df4-c48c67505b31-groupManagement] INFO  server.RaftServer$Division (RaftServerImpl.java:setRole(383)) - 99a655c4-0b57-4952-9df4-c48c67505b31@group-AB7192C08F08: changes role from      null to FOLLOWER at term 0 for startAsFollower
2024-05-03 18:17:30,008 [99a655c4-0b57-4952-9df4-c48c67505b31-groupManagement] INFO  impl.RoleInfo (RoleInfo.java:updateAndGet(139)) - 99a655c4-0b57-4952-9df4-c48c67505b31: start 99a655c4-0b57-4952-9df4-c48c67505b31@group-AB7192C08F08-FollowerState
2024-05-03 18:17:30,012 [99a655c4-0b57-4952-9df4-c48c67505b31-groupManagement] INFO  util.JmxRegister (JmxRegister.java:tryRegister(44)) - Successfully registered JMX Bean with object name Ratis:service=RaftServer,group=group-AB7192C08F08,id=99a655c4-0b57-4952-9df4-c48c67505b31
2024-05-03 18:17:30,012 [99a655c4-0b57-4952-9df4-c48c67505b31-groupManagement] INFO  server.RaftServerConfigKeys (ConfUtils.java:logGet(46)) - raft.server.snapshot.trigger-when-stop.enabled = true (default)
2024-05-03 18:17:30,012 [99a655c4-0b57-4952-9df4-c48c67505b31-groupManagement] INFO  server.RaftServerConfigKeys (ConfUtils.java:logGet(46)) - raft.server.snapshot.auto.trigger.enabled = true (custom)
2024-05-03 18:17:30,012 [99a655c4-0b57-4952-9df4-c48c67505b31-groupManagement] INFO  server.RaftServerConfigKeys (ConfUtils.java:logGet(46)) - raft.server.snapshot.auto.trigger.threshold = 10000 (custom)
2024-05-03 18:17:30,012 [99a655c4-0b57-4952-9df4-c48c67505b31-groupManagement] INFO  server.RaftServerConfigKeys (ConfUtils.java:logGet(46)) - raft.server.snapshot.retention.file.num = 5 (custom)
2024-05-03 18:17:30,012 [99a655c4-0b57-4952-9df4-c48c67505b31-groupManagement] INFO  server.RaftServerConfigKeys (ConfUtils.java:logGet(46)) - raft.server.log.purge.upto.snapshot.index = false (default)
2024-05-03 18:17:30,013 [99a655c4-0b57-4952-9df4-c48c67505b31@group-AB7192C08F08-FollowerState] INFO  server.RaftServerConfigKeys (ConfUtils.java:logFallback(53)) - raft.server.rpc.first-election.timeout.min = 5s (fallback to raft.server.rpc.timeout.min)
2024-05-03 18:17:30,013 [99a655c4-0b57-4952-9df4-c48c67505b31-PipelineCommandHandlerThread-0] INFO  ratis.XceiverServerRatis (XceiverServerRatis.java:addGroup(864)) - Created group PipelineID=38ae59ed-7377-4f0b-9f63-ab7192c08f08
2024-05-03 18:17:30,013 [99a655c4-0b57-4952-9df4-c48c67505b31-PipelineCommandHandlerThread-0] INFO  commandhandler.CreatePipelineCommandHandler (CreatePipelineCommandHandler.java:lambda$handle$2(124)) - Created Pipeline RATIS ONE PipelineID=38ae59ed-7377-4f0b-9f63-ab7192c08f08.
2024-05-03 18:17:30,014 [99a655c4-0b57-4952-9df4-c48c67505b31-PipelineCommandHandlerThread-0] INFO  server.RaftServer (RaftServerProxy.java:addNew(100)) - 99a655c4-0b57-4952-9df4-c48c67505b31: addNew group-9912BB9F3D05:[99a655c4-0b57-4952-9df4-c48c67505b31|127.0.0.1:15023, a4462983-f44a-4197-b2bd-8a8d54f7910a|127.0.0.1:15014, 44084586-cd1e-41a9-8c13-ea2cf27b07b5|127.0.0.1:15032] returns group-9912BB9F3D05:java.util.concurrent.CompletableFuture@77ef74de[Not completed]
2024-05-03 18:17:30,014 [99a655c4-0b57-4952-9df4-c48c67505b31@group-AB7192C08F08-FollowerState] INFO  server.RaftServerConfigKeys (ConfUtils.java:logFallback(53)) - raft.server.rpc.first-election.timeout.max = 5200ms (fallback to raft.server.rpc.timeout.max)
2024-05-03 18:17:30,016 [99a655c4-0b57-4952-9df4-c48c67505b31-groupManagement] INFO  server.RaftServer$Division (RaftServerImpl.java:<init>(256)) - 99a655c4-0b57-4952-9df4-c48c67505b31: new RaftServerImpl for group-9912BB9F3D05:[99a655c4-0b57-4952-9df4-c48c67505b31|127.0.0.1:15023, a4462983-f44a-4197-b2bd-8a8d54f7910a|127.0.0.1:15014, 44084586-cd1e-41a9-8c13-ea2cf27b07b5|127.0.0.1:15032] with ContainerStateMachine:uninitialized
2024-05-03 18:17:30,017 [99a655c4-0b57-4952-9df4-c48c67505b31-groupManagement] INFO  server.RaftServerConfigKeys (ConfUtils.java:logGet(46)) - raft.server.rpc.timeout.min = 5s (custom)
2024-05-03 18:17:30,017 [99a655c4-0b57-4952-9df4-c48c67505b31-groupManagement] INFO  server.RaftServerConfigKeys (ConfUtils.java:logGet(46)) - raft.server.rpc.timeout.max = 5200ms (custom)
2024-05-03 18:17:30,017 [99a655c4-0b57-4952-9df4-c48c67505b31-groupManagement] INFO  server.RaftServerConfigKeys (ConfUtils.java:logGet(46)) - raft.server.rpc.sleep.time = 25ms (default)
2024-05-03 18:17:30,018 [99a655c4-0b57-4952-9df4-c48c67505b31-groupManagement] INFO  server.RaftServerConfigKeys (ConfUtils.java:logGet(46)) - raft.server.rpc.slowness.timeout = 300s (custom)
2024-05-03 18:17:30,018 [99a655c4-0b57-4952-9df4-c48c67505b31-groupManagement] INFO  server.RaftServerConfigKeys (ConfUtils.java:logGet(46)) - raft.server.leaderelection.leader.step-down.wait-time = 10s (default)
2024-05-03 18:17:30,019 [99a655c4-0b57-4952-9df4-c48c67505b31-groupManagement] INFO  server.RaftServerConfigKeys (ConfUtils.java:logGet(46)) - raft.server.leaderelection.member.majority-add = false (default)
2024-05-03 18:17:30,019 [99a655c4-0b57-4952-9df4-c48c67505b31-groupManagement] INFO  server.RaftServerConfigKeys (ConfUtils.java:logGet(46)) - raft.server.sleep.deviation.threshold = 300ms (default)
2024-05-03 18:17:30,019 [99a655c4-0b57-4952-9df4-c48c67505b31-groupManagement] INFO  server.RaftServer$Division (ServerState.java:<init>(113)) - 99a655c4-0b57-4952-9df4-c48c67505b31@group-9912BB9F3D05: ConfigurationManager, init=-1: peers:[99a655c4-0b57-4952-9df4-c48c67505b31|127.0.0.1:15023, a4462983-f44a-4197-b2bd-8a8d54f7910a|127.0.0.1:15014, 44084586-cd1e-41a9-8c13-ea2cf27b07b5|127.0.0.1:15032]|listeners:[], old=null, confs=<EMPTY_MAP>
2024-05-03 18:17:30,020 [99a655c4-0b57-4952-9df4-c48c67505b31-groupManagement] INFO  server.RaftServerConfigKeys (ConfUtils.java:logGet(46)) - raft.server.notification.no-leader.timeout = 300s (custom)
2024-05-03 18:17:30,021 [99a655c4-0b57-4952-9df4-c48c67505b31-groupManagement] INFO  server.RaftServerConfigKeys (ConfUtils.java:logGet(46)) - raft.server.read.timeout = 10s (default)
2024-05-03 18:17:30,021 [99a655c4-0b57-4952-9df4-c48c67505b31-groupManagement] INFO  server.RaftServerConfigKeys (ConfUtils.java:logGet(46)) - raft.server.retrycache.expirytime = 600000ms (custom)
2024-05-03 18:17:30,022 [99a655c4-0b57-4952-9df4-c48c67505b31-groupManagement] INFO  server.RaftServerConfigKeys (ConfUtils.java:logGet(46)) - raft.server.retrycache.statistics.expirytime = 100ms (default)
2024-05-03 18:17:30,022 [99a655c4-0b57-4952-9df4-c48c67505b31-groupManagement] INFO  server.RaftServerConfigKeys (ConfUtils.java:logGet(46)) - raft.server.read.option = DEFAULT (default)
2024-05-03 18:17:30,022 [99a655c4-0b57-4952-9df4-c48c67505b31-groupManagement] INFO  server.RaftServerConfigKeys (ConfUtils.java:logGet(46)) - raft.server.read.read-after-write-consistent.write-index-cache.expiry-time = 60s (default)
2024-05-03 18:17:30,026 [99a655c4-0b57-4952-9df4-c48c67505b31-groupManagement] INFO  server.RaftServerConfigKeys (ConfUtils.java:logGet(46)) - raft.server.rpc.request.timeout = 60s (custom)
2024-05-03 18:17:30,027 [99a655c4-0b57-4952-9df4-c48c67505b31-groupManagement] INFO  server.RaftServerConfigKeys (ConfUtils.java:logGet(46)) - raft.server.log.appender.install.snapshot.enabled = false (custom)
2024-05-03 18:17:30,027 [99a655c4-0b57-4952-9df4-c48c67505b31-groupManagement] INFO  server.RaftServerConfigKeys (ConfUtils.java:logGet(46)) - raft.server.threadpool.server.cached = true (default)
2024-05-03 18:17:30,028 [99a655c4-0b57-4952-9df4-c48c67505b31-groupManagement] INFO  server.RaftServerConfigKeys (ConfUtils.java:logGet(46)) - raft.server.threadpool.server.size = 0 (default)
2024-05-03 18:17:30,028 [99a655c4-0b57-4952-9df4-c48c67505b31-groupManagement] INFO  server.RaftServerConfigKeys (ConfUtils.java:logGet(46)) - raft.server.threadpool.client.cached = true (default)
2024-05-03 18:17:30,029 [99a655c4-0b57-4952-9df4-c48c67505b31-groupManagement] INFO  server.RaftServerConfigKeys (ConfUtils.java:logGet(46)) - raft.server.threadpool.client.size = 0 (default)
2024-05-03 18:17:30,029 [99a655c4-0b57-4952-9df4-c48c67505b31-groupManagement] INFO  server.RaftServerConfigKeys (ConfUtils.java:logGet(46)) - raft.server.storage.free-space.min = 0MB (=0) (default)
2024-05-03 18:17:30,029 [99a655c4-0b57-4952-9df4-c48c67505b31-groupManagement] INFO  server.RaftServerConfigKeys (ConfUtils.java:logGet(46)) - raft.server.log.corruption.policy = EXCEPTION (default)
2024-05-03 18:17:30,030 [99a655c4-0b57-4952-9df4-c48c67505b31-groupManagement] INFO  server.RaftServerConfigKeys (ConfUtils.java:logGet(46)) - raft.server.storage.dir = [/home/runner/work/ozone/ozone/hadoop-ozone/integration-test/target/test-dir/MiniOzoneClusterImpl-50ce9170-f56e-46a6-9cd7-e4b6a7a9fc1c/ozone-meta/datanode-2/ratis] (custom)
2024-05-03 18:17:30,031 [99a655c4-0b57-4952-9df4-c48c67505b31-groupManagement] INFO  storage.RaftStorageDirectory (RaftStorageDirectoryImpl.java:analyzeStorage(138)) - The storage directory /home/runner/work/ozone/ozone/hadoop-ozone/integration-test/target/test-dir/MiniOzoneClusterImpl-50ce9170-f56e-46a6-9cd7-e4b6a7a9fc1c/ozone-meta/datanode-2/ratis/862901db-c3cf-41e0-976b-9912bb9f3d05 does not exist. Creating ...
2024-05-03 18:17:30,032 [99a655c4-0b57-4952-9df4-c48c67505b31-groupManagement] INFO  storage.RaftStorageDirectory (RaftStorageDirectoryImpl.java:tryLock(228)) - Lock on /home/runner/work/ozone/ozone/hadoop-ozone/integration-test/target/test-dir/MiniOzoneClusterImpl-50ce9170-f56e-46a6-9cd7-e4b6a7a9fc1c/ozone-meta/datanode-2/ratis/862901db-c3cf-41e0-976b-9912bb9f3d05/in_use.lock acquired by nodename 84935@fv-az889-242
2024-05-03 18:17:30,033 [99a655c4-0b57-4952-9df4-c48c67505b31-groupManagement] INFO  storage.RaftStorage (RaftStorageImpl.java:format(99)) - Storage directory /home/runner/work/ozone/ozone/hadoop-ozone/integration-test/target/test-dir/MiniOzoneClusterImpl-50ce9170-f56e-46a6-9cd7-e4b6a7a9fc1c/ozone-meta/datanode-2/ratis/862901db-c3cf-41e0-976b-9912bb9f3d05 has been successfully formatted.
2024-05-03 18:17:30,034 [99a655c4-0b57-4952-9df4-c48c67505b31-groupManagement] WARN  util.FileUtils (LogUtils.java:supplyAndLog(63)) - Failed to Files.newInputStream /home/runner/work/ozone/ozone/hadoop-ozone/integration-test/target/test-dir/MiniOzoneClusterImpl-50ce9170-f56e-46a6-9cd7-e4b6a7a9fc1c/ozone-meta/datanode-2/ratis/862901db-c3cf-41e0-976b-9912bb9f3d05/current/raft-meta.conf with options []: java.nio.file.NoSuchFileException: /home/runner/work/ozone/ozone/hadoop-ozone/integration-test/target/test-dir/MiniOzoneClusterImpl-50ce9170-f56e-46a6-9cd7-e4b6a7a9fc1c/ozone-meta/datanode-2/ratis/862901db-c3cf-41e0-976b-9912bb9f3d05/current/raft-meta.conf
2024-05-03 18:17:30,034 [99a655c4-0b57-4952-9df4-c48c67505b31-groupManagement] INFO  ratis.ContainerStateMachine (ContainerStateMachine.java:loadSnapshot(287)) - group-9912BB9F3D05: The snapshot info is null. Setting the last applied index to:(t:0, i:~)
2024-05-03 18:17:30,035 [99a655c4-0b57-4952-9df4-c48c67505b31-groupManagement] INFO  server.RaftServerConfigKeys (ConfUtils.java:logGet(46)) - raft.server.log.use.memory = false (default)
2024-05-03 18:17:30,035 [99a655c4-0b57-4952-9df4-c48c67505b31-groupManagement] INFO  server.RaftServerConfigKeys (ConfUtils.java:logGet(46)) - raft.server.log.purge.gap = 1000000 (custom)
2024-05-03 18:17:30,036 [99a655c4-0b57-4952-9df4-c48c67505b31-groupManagement] INFO  server.RaftServerConfigKeys (ConfUtils.java:logGet(46)) - raft.server.log.appender.buffer.byte-limit = 8388608 (custom)
2024-05-03 18:17:30,036 [99a655c4-0b57-4952-9df4-c48c67505b31-groupManagement] INFO  server.RaftServerConfigKeys (ConfUtils.java:logGet(46)) - raft.server.log.statemachine.data.read.timeout = 1000ms (default)
2024-05-03 18:17:30,036 [EventQueue-OpenPipelineForHealthyPipelineSafeModeRule] INFO  safemode.SCMSafeModeManager (HealthyPipelineSafeModeRule.java:process(140)) - SCM in safe mode. Healthy pipelines reported count is 0, required healthy pipeline reported count is 1
2024-05-03 18:17:30,036 [99a655c4-0b57-4952-9df4-c48c67505b31-groupManagement] INFO  server.RaftServerConfigKeys (ConfUtils.java:logGet(46)) - raft.server.log.purge.preservation.log.num = 0 (default)
2024-05-03 18:17:30,039 [99a655c4-0b57-4952-9df4-c48c67505b31-groupManagement] INFO  server.RaftServerConfigKeys (ConfUtils.java:logGet(46)) - raft.server.log.segment.size.max = 67108864 (custom)
2024-05-03 18:17:30,040 [99a655c4-0b57-4952-9df4-c48c67505b31-groupManagement] INFO  server.RaftServerConfigKeys (ConfUtils.java:logGet(46)) - raft.server.log.segment.cache.num.max = 2 (custom)
2024-05-03 18:17:30,040 [99a655c4-0b57-4952-9df4-c48c67505b31-groupManagement] INFO  server.RaftServerConfigKeys (ConfUtils.java:logGet(46)) - raft.server.log.segment.cache.size.max = 200MB (=209715200) (default)
2024-05-03 18:17:30,041 [99a655c4-0b57-4952-9df4-c48c67505b31-groupManagement] INFO  server.RaftServerConfigKeys (ConfUtils.java:logGet(46)) - raft.server.log.appender.buffer.byte-limit = 8388608 (custom)
2024-05-03 18:17:30,043 [99a655c4-0b57-4952-9df4-c48c67505b31-groupManagement] INFO  util.AwaitToRun (AwaitToRun.java:start(81)) - Thread[99a655c4-0b57-4952-9df4-c48c67505b31@group-9912BB9F3D05-cacheEviction-AwaitToRun,5,main] started
2024-05-03 18:17:30,043 [99a655c4-0b57-4952-9df4-c48c67505b31-groupManagement] INFO  segmented.SegmentedRaftLogWorker (SegmentedRaftLogWorker.java:<init>(182)) - new 99a655c4-0b57-4952-9df4-c48c67505b31@group-9912BB9F3D05-SegmentedRaftLogWorker for RaftStorageImpl:Storage Directory /home/runner/work/ozone/ozone/hadoop-ozone/integration-test/target/test-dir/MiniOzoneClusterImpl-50ce9170-f56e-46a6-9cd7-e4b6a7a9fc1c/ozone-meta/datanode-2/ratis/862901db-c3cf-41e0-976b-9912bb9f3d05
2024-05-03 18:17:30,043 [99a655c4-0b57-4952-9df4-c48c67505b31-groupManagement] INFO  server.RaftServerConfigKeys (ConfUtils.java:logGet(46)) - raft.server.log.queue.byte-limit = 4294967296 (custom)
2024-05-03 18:17:30,043 [99a655c4-0b57-4952-9df4-c48c67505b31-groupManagement] INFO  server.RaftServerConfigKeys (ConfUtils.java:logGet(46)) - raft.server.log.queue.element-limit = 1024 (custom)
2024-05-03 18:17:30,043 [99a655c4-0b57-4952-9df4-c48c67505b31-groupManagement] INFO  server.RaftServerConfigKeys (ConfUtils.java:logGet(46)) - raft.server.log.segment.size.max = 67108864 (custom)
2024-05-03 18:17:30,043 [99a655c4-0b57-4952-9df4-c48c67505b31-groupManagement] INFO  server.RaftServerConfigKeys (ConfUtils.java:logGet(46)) - raft.server.log.preallocated.size = 4194304 (custom)
2024-05-03 18:17:30,043 [99a655c4-0b57-4952-9df4-c48c67505b31-groupManagement] INFO  server.RaftServerConfigKeys (ConfUtils.java:logGet(46)) - raft.server.log.force.sync.num = 128 (default)
2024-05-03 18:17:30,043 [99a655c4-0b57-4952-9df4-c48c67505b31-groupManagement] INFO  server.RaftServerConfigKeys (ConfUtils.java:logGet(46)) - raft.server.log.statemachine.data.sync = true (default)
2024-05-03 18:17:30,043 [99a655c4-0b57-4952-9df4-c48c67505b31-groupManagement] INFO  server.RaftServerConfigKeys (ConfUtils.java:logGet(46)) - raft.server.log.statemachine.data.sync.timeout = 10s (default)
2024-05-03 18:17:30,043 [99a655c4-0b57-4952-9df4-c48c67505b31-groupManagement] INFO  server.RaftServerConfigKeys (ConfUtils.java:logGet(46)) - raft.server.log.statemachine.data.sync.timeout.retry = 30 (custom)
2024-05-03 18:17:30,044 [99a655c4-0b57-4952-9df4-c48c67505b31-groupManagement] INFO  server.RaftServerConfigKeys (ConfUtils.java:logGet(46)) - raft.server.log.write.buffer.size = 8388616 (custom)
2024-05-03 18:17:30,045 [99a655c4-0b57-4952-9df4-c48c67505b31-groupManagement] INFO  server.RaftServerConfigKeys (ConfUtils.java:logGet(46)) - raft.server.log.appender.buffer.byte-limit = 8388608 (custom)
2024-05-03 18:17:30,045 [99a655c4-0b57-4952-9df4-c48c67505b31-groupManagement] INFO  server.RaftServerConfigKeys (ConfUtils.java:logGet(46)) - raft.server.log.unsafe-flush.enabled = false (default)
2024-05-03 18:17:30,045 [99a655c4-0b57-4952-9df4-c48c67505b31-groupManagement] INFO  server.RaftServerConfigKeys (ConfUtils.java:logGet(46)) - raft.server.log.async-flush.enabled = false (default)
2024-05-03 18:17:30,045 [99a655c4-0b57-4952-9df4-c48c67505b31-groupManagement] INFO  server.RaftServerConfigKeys (ConfUtils.java:logGet(46)) - raft.server.log.statemachine.data.caching.enabled = true (custom)
2024-05-03 18:17:30,046 [99a655c4-0b57-4952-9df4-c48c67505b31-groupManagement] INFO  segmented.SegmentedRaftLogWorker (SegmentedRaftLogWorker.java:lambda$new$0(134)) - 99a655c4-0b57-4952-9df4-c48c67505b31@group-9912BB9F3D05-SegmentedRaftLogWorker: flushIndex: setUnconditionally 0 -> -1
2024-05-03 18:17:30,046 [99a655c4-0b57-4952-9df4-c48c67505b31-groupManagement] INFO  segmented.SegmentedRaftLogWorker (SegmentedRaftLogWorker.java:lambda$new$0(134)) - 99a655c4-0b57-4952-9df4-c48c67505b31@group-9912BB9F3D05-SegmentedRaftLogWorker: safeCacheEvictIndex: setUnconditionally 0 -> -1
2024-05-03 18:17:30,046 [99a655c4-0b57-4952-9df4-c48c67505b31-groupManagement] INFO  server.RaftServer$Division (RaftServerImpl.java:start(396)) - 99a655c4-0b57-4952-9df4-c48c67505b31@group-9912BB9F3D05: start as a follower, conf=-1: peers:[99a655c4-0b57-4952-9df4-c48c67505b31|127.0.0.1:15023, a4462983-f44a-4197-b2bd-8a8d54f7910a|127.0.0.1:15014, 44084586-cd1e-41a9-8c13-ea2cf27b07b5|127.0.0.1:15032]|listeners:[], old=null
2024-05-03 18:17:30,047 [99a655c4-0b57-4952-9df4-c48c67505b31-groupManagement] INFO  server.RaftServer$Division (RaftServerImpl.java:setRole(383)) - 99a655c4-0b57-4952-9df4-c48c67505b31@group-9912BB9F3D05: changes role from      null to FOLLOWER at term 0 for startAsFollower
2024-05-03 18:17:30,047 [99a655c4-0b57-4952-9df4-c48c67505b31-groupManagement] INFO  impl.RoleInfo (RoleInfo.java:updateAndGet(139)) - 99a655c4-0b57-4952-9df4-c48c67505b31: start 99a655c4-0b57-4952-9df4-c48c67505b31@group-9912BB9F3D05-FollowerState
2024-05-03 18:17:30,047 [99a655c4-0b57-4952-9df4-c48c67505b31-groupManagement] INFO  util.JmxRegister (JmxRegister.java:tryRegister(44)) - Successfully registered JMX Bean with object name Ratis:service=RaftServer,group=group-9912BB9F3D05,id=99a655c4-0b57-4952-9df4-c48c67505b31
2024-05-03 18:17:30,048 [99a655c4-0b57-4952-9df4-c48c67505b31-groupManagement] INFO  server.RaftServerConfigKeys (ConfUtils.java:logGet(46)) - raft.server.snapshot.trigger-when-stop.enabled = true (default)
2024-05-03 18:17:30,048 [99a655c4-0b57-4952-9df4-c48c67505b31-groupManagement] INFO  server.RaftServerConfigKeys (ConfUtils.java:logGet(46)) - raft.server.snapshot.auto.trigger.enabled = true (custom)
2024-05-03 18:17:30,048 [99a655c4-0b57-4952-9df4-c48c67505b31-groupManagement] INFO  server.RaftServerConfigKeys (ConfUtils.java:logGet(46)) - raft.server.snapshot.auto.trigger.threshold = 10000 (custom)
2024-05-03 18:17:30,049 [99a655c4-0b57-4952-9df4-c48c67505b31-groupManagement] INFO  server.RaftServerConfigKeys (ConfUtils.java:logGet(46)) - raft.server.snapshot.retention.file.num = 5 (custom)
2024-05-03 18:17:30,049 [99a655c4-0b57-4952-9df4-c48c67505b31-groupManagement] INFO  server.RaftServerConfigKeys (ConfUtils.java:logGet(46)) - raft.server.log.purge.upto.snapshot.index = false (default)
2024-05-03 18:17:30,051 [99a655c4-0b57-4952-9df4-c48c67505b31@group-9912BB9F3D05-FollowerState] INFO  server.RaftServerConfigKeys (ConfUtils.java:logFallback(53)) - raft.server.rpc.first-election.timeout.min = 5s (fallback to raft.server.rpc.timeout.min)
2024-05-03 18:17:30,051 [99a655c4-0b57-4952-9df4-c48c67505b31@group-9912BB9F3D05-FollowerState] INFO  server.RaftServerConfigKeys (ConfUtils.java:logFallback(53)) - raft.server.rpc.first-election.timeout.max = 5200ms (fallback to raft.server.rpc.timeout.max)
2024-05-03 18:17:30,052 [99a655c4-0b57-4952-9df4-c48c67505b31-PipelineCommandHandlerThread-0] INFO  ratis.XceiverServerRatis (XceiverServerRatis.java:addGroup(864)) - Created group PipelineID=862901db-c3cf-41e0-976b-9912bb9f3d05
2024-05-03 18:17:30,072 [main] INFO  ozone.MiniOzoneClusterImpl (MiniOzoneClusterImpl.java:lambda$waitForClusterToBeReady$0(194)) - Nodes are ready. Got 3 of 3 DN Heartbeats.
2024-05-03 18:17:30,072 [main] INFO  ozone.MiniOzoneClusterImpl (MiniOzoneClusterImpl.java:lambda$waitForClusterToBeReady$0(197)) - Waiting for cluster to exit safe mode
2024-05-03 18:17:30,072 [main] INFO  ozone.MiniOzoneClusterImpl (MiniOzoneClusterImpl.java:lambda$waitForClusterToBeReady$0(199)) - SCM became leader
2024-05-03 18:17:30,076 [44084586-cd1e-41a9-8c13-ea2cf27b07b5-PipelineCommandHandlerThread-0] INFO  server.RaftServer (RaftServerProxy.java:addNew(100)) - 44084586-cd1e-41a9-8c13-ea2cf27b07b5: addNew group-6536C7A7FAF3:[44084586-cd1e-41a9-8c13-ea2cf27b07b5|127.0.0.1:15032] returns group-6536C7A7FAF3:java.util.concurrent.CompletableFuture@3b8b3993[Not completed]
2024-05-03 18:17:30,078 [44084586-cd1e-41a9-8c13-ea2cf27b07b5-groupManagement] INFO  server.RaftServer$Division (RaftServerImpl.java:<init>(256)) - 44084586-cd1e-41a9-8c13-ea2cf27b07b5: new RaftServerImpl for group-6536C7A7FAF3:[44084586-cd1e-41a9-8c13-ea2cf27b07b5|127.0.0.1:15032] with ContainerStateMachine:uninitialized
2024-05-03 18:17:30,078 [44084586-cd1e-41a9-8c13-ea2cf27b07b5-groupManagement] INFO  server.RaftServerConfigKeys (ConfUtils.java:logGet(46)) - raft.server.rpc.timeout.min = 5s (custom)
2024-05-03 18:17:30,078 [44084586-cd1e-41a9-8c13-ea2cf27b07b5-groupManagement] INFO  server.RaftServerConfigKeys (ConfUtils.java:logGet(46)) - raft.server.rpc.timeout.max = 5200ms (custom)
2024-05-03 18:17:30,078 [44084586-cd1e-41a9-8c13-ea2cf27b07b5-groupManagement] INFO  server.RaftServerConfigKeys (ConfUtils.java:logGet(46)) - raft.server.rpc.sleep.time = 25ms (default)
2024-05-03 18:17:30,078 [44084586-cd1e-41a9-8c13-ea2cf27b07b5-groupManagement] INFO  server.RaftServerConfigKeys (ConfUtils.java:logGet(46)) - raft.server.rpc.slowness.timeout = 300s (custom)
2024-05-03 18:17:30,078 [44084586-cd1e-41a9-8c13-ea2cf27b07b5-groupManagement] INFO  server.RaftServerConfigKeys (ConfUtils.java:logGet(46)) - raft.server.leaderelection.leader.step-down.wait-time = 10s (default)
2024-05-03 18:17:30,078 [44084586-cd1e-41a9-8c13-ea2cf27b07b5-groupManagement] INFO  server.RaftServerConfigKeys (ConfUtils.java:logGet(46)) - raft.server.leaderelection.member.majority-add = false (default)
2024-05-03 18:17:30,078 [44084586-cd1e-41a9-8c13-ea2cf27b07b5-groupManagement] INFO  server.RaftServerConfigKeys (ConfUtils.java:logGet(46)) - raft.server.sleep.deviation.threshold = 300ms (default)
2024-05-03 18:17:30,078 [44084586-cd1e-41a9-8c13-ea2cf27b07b5-groupManagement] INFO  server.RaftServer$Division (ServerState.java:<init>(113)) - 44084586-cd1e-41a9-8c13-ea2cf27b07b5@group-6536C7A7FAF3: ConfigurationManager, init=-1: peers:[44084586-cd1e-41a9-8c13-ea2cf27b07b5|127.0.0.1:15032]|listeners:[], old=null, confs=<EMPTY_MAP>
2024-05-03 18:17:30,079 [44084586-cd1e-41a9-8c13-ea2cf27b07b5-groupManagement] INFO  server.RaftServerConfigKeys (ConfUtils.java:logGet(46)) - raft.server.notification.no-leader.timeout = 300s (custom)
2024-05-03 18:17:30,079 [44084586-cd1e-41a9-8c13-ea2cf27b07b5-groupManagement] INFO  server.RaftServerConfigKeys (ConfUtils.java:logGet(46)) - raft.server.read.timeout = 10s (default)
2024-05-03 18:17:30,079 [44084586-cd1e-41a9-8c13-ea2cf27b07b5-groupManagement] INFO  server.RaftServerConfigKeys (ConfUtils.java:logGet(46)) - raft.server.retrycache.expirytime = 600000ms (custom)
2024-05-03 18:17:30,079 [44084586-cd1e-41a9-8c13-ea2cf27b07b5-groupManagement] INFO  server.RaftServerConfigKeys (ConfUtils.java:logGet(46)) - raft.server.retrycache.statistics.expirytime = 100ms (default)
2024-05-03 18:17:30,079 [44084586-cd1e-41a9-8c13-ea2cf27b07b5-groupManagement] INFO  server.RaftServerConfigKeys (ConfUtils.java:logGet(46)) - raft.server.read.option = DEFAULT (default)
2024-05-03 18:17:30,079 [44084586-cd1e-41a9-8c13-ea2cf27b07b5-groupManagement] INFO  server.RaftServerConfigKeys (ConfUtils.java:logGet(46)) - raft.server.read.read-after-write-consistent.write-index-cache.expiry-time = 60s (default)
2024-05-03 18:17:30,082 [44084586-cd1e-41a9-8c13-ea2cf27b07b5-groupManagement] INFO  server.RaftServerConfigKeys (ConfUtils.java:logGet(46)) - raft.server.rpc.request.timeout = 60s (custom)
2024-05-03 18:17:30,083 [44084586-cd1e-41a9-8c13-ea2cf27b07b5-groupManagement] INFO  server.RaftServerConfigKeys (ConfUtils.java:logGet(46)) - raft.server.log.appender.install.snapshot.enabled = false (custom)
2024-05-03 18:17:30,083 [44084586-cd1e-41a9-8c13-ea2cf27b07b5-groupManagement] INFO  server.RaftServerConfigKeys (ConfUtils.java:logGet(46)) - raft.server.threadpool.server.cached = true (default)
2024-05-03 18:17:30,083 [44084586-cd1e-41a9-8c13-ea2cf27b07b5-groupManagement] INFO  server.RaftServerConfigKeys (ConfUtils.java:logGet(46)) - raft.server.threadpool.server.size = 0 (default)
2024-05-03 18:17:30,084 [44084586-cd1e-41a9-8c13-ea2cf27b07b5-groupManagement] INFO  server.RaftServerConfigKeys (ConfUtils.java:logGet(46)) - raft.server.threadpool.client.cached = true (default)
2024-05-03 18:17:30,084 [44084586-cd1e-41a9-8c13-ea2cf27b07b5-groupManagement] INFO  server.RaftServerConfigKeys (ConfUtils.java:logGet(46)) - raft.server.threadpool.client.size = 0 (default)
2024-05-03 18:17:30,085 [44084586-cd1e-41a9-8c13-ea2cf27b07b5-groupManagement] INFO  server.RaftServerConfigKeys (ConfUtils.java:logGet(46)) - raft.server.storage.free-space.min = 0MB (=0) (default)
2024-05-03 18:17:30,085 [44084586-cd1e-41a9-8c13-ea2cf27b07b5-groupManagement] INFO  server.RaftServerConfigKeys (ConfUtils.java:logGet(46)) - raft.server.log.corruption.policy = EXCEPTION (default)
2024-05-03 18:17:30,085 [44084586-cd1e-41a9-8c13-ea2cf27b07b5-groupManagement] INFO  server.RaftServerConfigKeys (ConfUtils.java:logGet(46)) - raft.server.storage.dir = [/home/runner/work/ozone/ozone/hadoop-ozone/integration-test/target/test-dir/MiniOzoneClusterImpl-50ce9170-f56e-46a6-9cd7-e4b6a7a9fc1c/ozone-meta/datanode-3/ratis] (custom)
2024-05-03 18:17:30,086 [44084586-cd1e-41a9-8c13-ea2cf27b07b5-groupManagement] INFO  storage.RaftStorageDirectory (RaftStorageDirectoryImpl.java:analyzeStorage(138)) - The storage directory /home/runner/work/ozone/ozone/hadoop-ozone/integration-test/target/test-dir/MiniOzoneClusterImpl-50ce9170-f56e-46a6-9cd7-e4b6a7a9fc1c/ozone-meta/datanode-3/ratis/11e1339b-b4d8-4eeb-9ad6-6536c7a7faf3 does not exist. Creating ...
2024-05-03 18:17:30,090 [44084586-cd1e-41a9-8c13-ea2cf27b07b5-groupManagement] INFO  storage.RaftStorageDirectory (RaftStorageDirectoryImpl.java:tryLock(228)) - Lock on /home/runner/work/ozone/ozone/hadoop-ozone/integration-test/target/test-dir/MiniOzoneClusterImpl-50ce9170-f56e-46a6-9cd7-e4b6a7a9fc1c/ozone-meta/datanode-3/ratis/11e1339b-b4d8-4eeb-9ad6-6536c7a7faf3/in_use.lock acquired by nodename 84935@fv-az889-242
2024-05-03 18:17:30,092 [44084586-cd1e-41a9-8c13-ea2cf27b07b5-groupManagement] INFO  storage.RaftStorage (RaftStorageImpl.java:format(99)) - Storage directory /home/runner/work/ozone/ozone/hadoop-ozone/integration-test/target/test-dir/MiniOzoneClusterImpl-50ce9170-f56e-46a6-9cd7-e4b6a7a9fc1c/ozone-meta/datanode-3/ratis/11e1339b-b4d8-4eeb-9ad6-6536c7a7faf3 has been successfully formatted.
2024-05-03 18:17:30,092 [44084586-cd1e-41a9-8c13-ea2cf27b07b5-groupManagement] WARN  util.FileUtils (LogUtils.java:supplyAndLog(63)) - Failed to Files.newInputStream /home/runner/work/ozone/ozone/hadoop-ozone/integration-test/target/test-dir/MiniOzoneClusterImpl-50ce9170-f56e-46a6-9cd7-e4b6a7a9fc1c/ozone-meta/datanode-3/ratis/11e1339b-b4d8-4eeb-9ad6-6536c7a7faf3/current/raft-meta.conf with options []: java.nio.file.NoSuchFileException: /home/runner/work/ozone/ozone/hadoop-ozone/integration-test/target/test-dir/MiniOzoneClusterImpl-50ce9170-f56e-46a6-9cd7-e4b6a7a9fc1c/ozone-meta/datanode-3/ratis/11e1339b-b4d8-4eeb-9ad6-6536c7a7faf3/current/raft-meta.conf
2024-05-03 18:17:30,093 [44084586-cd1e-41a9-8c13-ea2cf27b07b5-groupManagement] INFO  ratis.ContainerStateMachine (ContainerStateMachine.java:loadSnapshot(287)) - group-6536C7A7FAF3: The snapshot info is null. Setting the last applied index to:(t:0, i:~)
2024-05-03 18:17:30,093 [44084586-cd1e-41a9-8c13-ea2cf27b07b5-groupManagement] INFO  server.RaftServerConfigKeys (ConfUtils.java:logGet(46)) - raft.server.log.use.memory = false (default)
2024-05-03 18:17:30,094 [44084586-cd1e-41a9-8c13-ea2cf27b07b5-groupManagement] INFO  server.RaftServerConfigKeys (ConfUtils.java:logGet(46)) - raft.server.log.purge.gap = 1000000 (custom)
2024-05-03 18:17:30,094 [44084586-cd1e-41a9-8c13-ea2cf27b07b5-groupManagement] INFO  server.RaftServerConfigKeys (ConfUtils.java:logGet(46)) - raft.server.log.appender.buffer.byte-limit = 8388608 (custom)
2024-05-03 18:17:30,095 [44084586-cd1e-41a9-8c13-ea2cf27b07b5-groupManagement] INFO  server.RaftServerConfigKeys (ConfUtils.java:logGet(46)) - raft.server.log.statemachine.data.read.timeout = 1000ms (default)
2024-05-03 18:17:30,095 [EventQueue-PipelineReportForPipelineReportHandler] INFO  pipeline.PipelineReportHandler (PipelineReportHandler.java:processPipelineReport(136)) - Opened pipeline PipelineID=11e1339b-b4d8-4eeb-9ad6-6536c7a7faf3
2024-05-03 18:17:30,095 [EventQueue-OpenPipelineForHealthyPipelineSafeModeRule] INFO  safemode.SCMSafeModeManager (HealthyPipelineSafeModeRule.java:process(140)) - SCM in safe mode. Healthy pipelines reported count is 0, required healthy pipeline reported count is 1
2024-05-03 18:17:30,095 [44084586-cd1e-41a9-8c13-ea2cf27b07b5-groupManagement] INFO  server.RaftServerConfigKeys (ConfUtils.java:logGet(46)) - raft.server.log.purge.preservation.log.num = 0 (default)
2024-05-03 18:17:30,099 [44084586-cd1e-41a9-8c13-ea2cf27b07b5-groupManagement] INFO  server.RaftServerConfigKeys (ConfUtils.java:logGet(46)) - raft.server.log.segment.size.max = 67108864 (custom)
2024-05-03 18:17:30,100 [44084586-cd1e-41a9-8c13-ea2cf27b07b5-groupManagement] INFO  server.RaftServerConfigKeys (ConfUtils.java:logGet(46)) - raft.server.log.segment.cache.num.max = 2 (custom)
2024-05-03 18:17:30,100 [44084586-cd1e-41a9-8c13-ea2cf27b07b5-groupManagement] INFO  server.RaftServerConfigKeys (ConfUtils.java:logGet(46)) - raft.server.log.segment.cache.size.max = 200MB (=209715200) (default)
2024-05-03 18:17:30,100 [44084586-cd1e-41a9-8c13-ea2cf27b07b5-groupManagement] INFO  server.RaftServerConfigKeys (ConfUtils.java:logGet(46)) - raft.server.log.appender.buffer.byte-limit = 8388608 (custom)
2024-05-03 18:17:30,101 [44084586-cd1e-41a9-8c13-ea2cf27b07b5-groupManagement] INFO  util.AwaitToRun (AwaitToRun.java:start(81)) - Thread[44084586-cd1e-41a9-8c13-ea2cf27b07b5@group-6536C7A7FAF3-cacheEviction-AwaitToRun,5,main] started
2024-05-03 18:17:30,101 [44084586-cd1e-41a9-8c13-ea2cf27b07b5-groupManagement] INFO  segmented.SegmentedRaftLogWorker (SegmentedRaftLogWorker.java:<init>(182)) - new 44084586-cd1e-41a9-8c13-ea2cf27b07b5@group-6536C7A7FAF3-SegmentedRaftLogWorker for RaftStorageImpl:Storage Directory /home/runner/work/ozone/ozone/hadoop-ozone/integration-test/target/test-dir/MiniOzoneClusterImpl-50ce9170-f56e-46a6-9cd7-e4b6a7a9fc1c/ozone-meta/datanode-3/ratis/11e1339b-b4d8-4eeb-9ad6-6536c7a7faf3
2024-05-03 18:17:30,101 [44084586-cd1e-41a9-8c13-ea2cf27b07b5-groupManagement] INFO  server.RaftServerConfigKeys (ConfUtils.java:logGet(46)) - raft.server.log.queue.byte-limit = 4294967296 (custom)
2024-05-03 18:17:30,101 [44084586-cd1e-41a9-8c13-ea2cf27b07b5-groupManagement] INFO  server.RaftServerConfigKeys (ConfUtils.java:logGet(46)) - raft.server.log.queue.element-limit = 1024 (custom)
2024-05-03 18:17:30,101 [44084586-cd1e-41a9-8c13-ea2cf27b07b5-groupManagement] INFO  server.RaftServerConfigKeys (ConfUtils.java:logGet(46)) - raft.server.log.segment.size.max = 67108864 (custom)
2024-05-03 18:17:30,101 [44084586-cd1e-41a9-8c13-ea2cf27b07b5-groupManagement] INFO  server.RaftServerConfigKeys (ConfUtils.java:logGet(46)) - raft.server.log.preallocated.size = 4194304 (custom)
2024-05-03 18:17:30,101 [44084586-cd1e-41a9-8c13-ea2cf27b07b5-groupManagement] INFO  server.RaftServerConfigKeys (ConfUtils.java:logGet(46)) - raft.server.log.force.sync.num = 128 (default)
2024-05-03 18:17:30,101 [44084586-cd1e-41a9-8c13-ea2cf27b07b5-groupManagement] INFO  server.RaftServerConfigKeys (ConfUtils.java:logGet(46)) - raft.server.log.statemachine.data.sync = true (default)
2024-05-03 18:17:30,101 [44084586-cd1e-41a9-8c13-ea2cf27b07b5-groupManagement] INFO  server.RaftServerConfigKeys (ConfUtils.java:logGet(46)) - raft.server.log.statemachine.data.sync.timeout = 10s (default)
2024-05-03 18:17:30,101 [44084586-cd1e-41a9-8c13-ea2cf27b07b5-groupManagement] INFO  server.RaftServerConfigKeys (ConfUtils.java:logGet(46)) - raft.server.log.statemachine.data.sync.timeout.retry = 30 (custom)
2024-05-03 18:17:30,102 [44084586-cd1e-41a9-8c13-ea2cf27b07b5-groupManagement] INFO  server.RaftServerConfigKeys (ConfUtils.java:logGet(46)) - raft.server.log.write.buffer.size = 8388616 (custom)
2024-05-03 18:17:30,103 [44084586-cd1e-41a9-8c13-ea2cf27b07b5-groupManagement] INFO  server.RaftServerConfigKeys (ConfUtils.java:logGet(46)) - raft.server.log.appender.buffer.byte-limit = 8388608 (custom)
2024-05-03 18:17:30,103 [44084586-cd1e-41a9-8c13-ea2cf27b07b5-groupManagement] INFO  server.RaftServerConfigKeys (ConfUtils.java:logGet(46)) - raft.server.log.unsafe-flush.enabled = false (default)
2024-05-03 18:17:30,103 [44084586-cd1e-41a9-8c13-ea2cf27b07b5-groupManagement] INFO  server.RaftServerConfigKeys (ConfUtils.java:logGet(46)) - raft.server.log.async-flush.enabled = false (default)
2024-05-03 18:17:30,103 [44084586-cd1e-41a9-8c13-ea2cf27b07b5-groupManagement] INFO  server.RaftServerConfigKeys (ConfUtils.java:logGet(46)) - raft.server.log.statemachine.data.caching.enabled = true (custom)
2024-05-03 18:17:30,104 [44084586-cd1e-41a9-8c13-ea2cf27b07b5-groupManagement] INFO  segmented.SegmentedRaftLogWorker (SegmentedRaftLogWorker.java:lambda$new$0(134)) - 44084586-cd1e-41a9-8c13-ea2cf27b07b5@group-6536C7A7FAF3-SegmentedRaftLogWorker: flushIndex: setUnconditionally 0 -> -1
2024-05-03 18:17:30,104 [44084586-cd1e-41a9-8c13-ea2cf27b07b5-groupManagement] INFO  segmented.SegmentedRaftLogWorker (SegmentedRaftLogWorker.java:lambda$new$0(134)) - 44084586-cd1e-41a9-8c13-ea2cf27b07b5@group-6536C7A7FAF3-SegmentedRaftLogWorker: safeCacheEvictIndex: setUnconditionally 0 -> -1
2024-05-03 18:17:30,106 [44084586-cd1e-41a9-8c13-ea2cf27b07b5-groupManagement] INFO  server.RaftServer$Division (RaftServerImpl.java:start(396)) - 44084586-cd1e-41a9-8c13-ea2cf27b07b5@group-6536C7A7FAF3: start as a follower, conf=-1: peers:[44084586-cd1e-41a9-8c13-ea2cf27b07b5|127.0.0.1:15032]|listeners:[], old=null
2024-05-03 18:17:30,106 [44084586-cd1e-41a9-8c13-ea2cf27b07b5-groupManagement] INFO  server.RaftServer$Division (RaftServerImpl.java:setRole(383)) - 44084586-cd1e-41a9-8c13-ea2cf27b07b5@group-6536C7A7FAF3: changes role from      null to FOLLOWER at term 0 for startAsFollower
2024-05-03 18:17:30,106 [44084586-cd1e-41a9-8c13-ea2cf27b07b5-groupManagement] INFO  impl.RoleInfo (RoleInfo.java:updateAndGet(139)) - 44084586-cd1e-41a9-8c13-ea2cf27b07b5: start 44084586-cd1e-41a9-8c13-ea2cf27b07b5@group-6536C7A7FAF3-FollowerState
2024-05-03 18:17:30,106 [44084586-cd1e-41a9-8c13-ea2cf27b07b5-groupManagement] INFO  util.JmxRegister (JmxRegister.java:tryRegister(44)) - Successfully registered JMX Bean with object name Ratis:service=RaftServer,group=group-6536C7A7FAF3,id=44084586-cd1e-41a9-8c13-ea2cf27b07b5
2024-05-03 18:17:30,107 [44084586-cd1e-41a9-8c13-ea2cf27b07b5-groupManagement] INFO  server.RaftServerConfigKeys (ConfUtils.java:logGet(46)) - raft.server.snapshot.trigger-when-stop.enabled = true (default)
2024-05-03 18:17:30,107 [44084586-cd1e-41a9-8c13-ea2cf27b07b5-groupManagement] INFO  server.RaftServerConfigKeys (ConfUtils.java:logGet(46)) - raft.server.snapshot.auto.trigger.enabled = true (custom)
2024-05-03 18:17:30,107 [44084586-cd1e-41a9-8c13-ea2cf27b07b5-groupManagement] INFO  server.RaftServerConfigKeys (ConfUtils.java:logGet(46)) - raft.server.snapshot.auto.trigger.threshold = 10000 (custom)
2024-05-03 18:17:30,107 [44084586-cd1e-41a9-8c13-ea2cf27b07b5-groupManagement] INFO  server.RaftServerConfigKeys (ConfUtils.java:logGet(46)) - raft.server.snapshot.retention.file.num = 5 (custom)
2024-05-03 18:17:30,107 [44084586-cd1e-41a9-8c13-ea2cf27b07b5-groupManagement] INFO  server.RaftServerConfigKeys (ConfUtils.java:logGet(46)) - raft.server.log.purge.upto.snapshot.index = false (default)
2024-05-03 18:17:30,108 [44084586-cd1e-41a9-8c13-ea2cf27b07b5@group-6536C7A7FAF3-FollowerState] INFO  server.RaftServerConfigKeys (ConfUtils.java:logFallback(53)) - raft.server.rpc.first-election.timeout.min = 5s (fallback to raft.server.rpc.timeout.min)
2024-05-03 18:17:30,108 [44084586-cd1e-41a9-8c13-ea2cf27b07b5@group-6536C7A7FAF3-FollowerState] INFO  server.RaftServerConfigKeys (ConfUtils.java:logFallback(53)) - raft.server.rpc.first-election.timeout.max = 5200ms (fallback to raft.server.rpc.timeout.max)
2024-05-03 18:17:30,109 [44084586-cd1e-41a9-8c13-ea2cf27b07b5-PipelineCommandHandlerThread-0] INFO  ratis.XceiverServerRatis (XceiverServerRatis.java:addGroup(864)) - Created group PipelineID=11e1339b-b4d8-4eeb-9ad6-6536c7a7faf3
2024-05-03 18:17:30,109 [44084586-cd1e-41a9-8c13-ea2cf27b07b5-PipelineCommandHandlerThread-0] INFO  commandhandler.CreatePipelineCommandHandler (CreatePipelineCommandHandler.java:lambda$handle$2(124)) - Created Pipeline RATIS ONE PipelineID=11e1339b-b4d8-4eeb-9ad6-6536c7a7faf3.
2024-05-03 18:17:30,109 [44084586-cd1e-41a9-8c13-ea2cf27b07b5-PipelineCommandHandlerThread-0] INFO  server.RaftServer (RaftServerProxy.java:addNew(100)) - 44084586-cd1e-41a9-8c13-ea2cf27b07b5: addNew group-9912BB9F3D05:[99a655c4-0b57-4952-9df4-c48c67505b31|127.0.0.1:15023, a4462983-f44a-4197-b2bd-8a8d54f7910a|127.0.0.1:15014, 44084586-cd1e-41a9-8c13-ea2cf27b07b5|127.0.0.1:15032] returns group-9912BB9F3D05:java.util.concurrent.CompletableFuture@3fb4aa3a[Not completed]
2024-05-03 18:17:30,111 [44084586-cd1e-41a9-8c13-ea2cf27b07b5-groupManagement] INFO  server.RaftServer$Division (RaftServerImpl.java:<init>(256)) - 44084586-cd1e-41a9-8c13-ea2cf27b07b5: new RaftServerImpl for group-9912BB9F3D05:[99a655c4-0b57-4952-9df4-c48c67505b31|127.0.0.1:15023, a4462983-f44a-4197-b2bd-8a8d54f7910a|127.0.0.1:15014, 44084586-cd1e-41a9-8c13-ea2cf27b07b5|127.0.0.1:15032] with ContainerStateMachine:uninitialized
2024-05-03 18:17:30,111 [44084586-cd1e-41a9-8c13-ea2cf27b07b5-groupManagement] INFO  server.RaftServerConfigKeys (ConfUtils.java:logGet(46)) - raft.server.rpc.timeout.min = 5s (custom)
2024-05-03 18:17:30,111 [44084586-cd1e-41a9-8c13-ea2cf27b07b5-groupManagement] INFO  server.RaftServerConfigKeys (ConfUtils.java:logGet(46)) - raft.server.rpc.timeout.max = 5200ms (custom)
2024-05-03 18:17:30,112 [44084586-cd1e-41a9-8c13-ea2cf27b07b5-groupManagement] INFO  server.RaftServerConfigKeys (ConfUtils.java:logGet(46)) - raft.server.rpc.sleep.time = 25ms (default)
2024-05-03 18:17:30,112 [44084586-cd1e-41a9-8c13-ea2cf27b07b5-groupManagement] INFO  server.RaftServerConfigKeys (ConfUtils.java:logGet(46)) - raft.server.rpc.slowness.timeout = 300s (custom)
2024-05-03 18:17:30,112 [44084586-cd1e-41a9-8c13-ea2cf27b07b5-groupManagement] INFO  server.RaftServerConfigKeys (ConfUtils.java:logGet(46)) - raft.server.leaderelection.leader.step-down.wait-time = 10s (default)
2024-05-03 18:17:30,112 [44084586-cd1e-41a9-8c13-ea2cf27b07b5-groupManagement] INFO  server.RaftServerConfigKeys (ConfUtils.java:logGet(46)) - raft.server.leaderelection.member.majority-add = false (default)
2024-05-03 18:17:30,112 [44084586-cd1e-41a9-8c13-ea2cf27b07b5-groupManagement] INFO  server.RaftServerConfigKeys (ConfUtils.java:logGet(46)) - raft.server.sleep.deviation.threshold = 300ms (default)
2024-05-03 18:17:30,112 [44084586-cd1e-41a9-8c13-ea2cf27b07b5-groupManagement] INFO  server.RaftServer$Division (ServerState.java:<init>(113)) - 44084586-cd1e-41a9-8c13-ea2cf27b07b5@group-9912BB9F3D05: ConfigurationManager, init=-1: peers:[99a655c4-0b57-4952-9df4-c48c67505b31|127.0.0.1:15023, a4462983-f44a-4197-b2bd-8a8d54f7910a|127.0.0.1:15014, 44084586-cd1e-41a9-8c13-ea2cf27b07b5|127.0.0.1:15032]|listeners:[], old=null, confs=<EMPTY_MAP>
2024-05-03 18:17:30,112 [44084586-cd1e-41a9-8c13-ea2cf27b07b5-groupManagement] INFO  server.RaftServerConfigKeys (ConfUtils.java:logGet(46)) - raft.server.notification.no-leader.timeout = 300s (custom)
2024-05-03 18:17:30,112 [44084586-cd1e-41a9-8c13-ea2cf27b07b5-groupManagement] INFO  server.RaftServerConfigKeys (ConfUtils.java:logGet(46)) - raft.server.read.timeout = 10s (default)
2024-05-03 18:17:30,112 [44084586-cd1e-41a9-8c13-ea2cf27b07b5-groupManagement] INFO  server.RaftServerConfigKeys (ConfUtils.java:logGet(46)) - raft.server.retrycache.expirytime = 600000ms (custom)
2024-05-03 18:17:30,112 [44084586-cd1e-41a9-8c13-ea2cf27b07b5-groupManagement] INFO  server.RaftServerConfigKeys (ConfUtils.java:logGet(46)) - raft.server.retrycache.statistics.expirytime = 100ms (default)
2024-05-03 18:17:30,112 [44084586-cd1e-41a9-8c13-ea2cf27b07b5-groupManagement] INFO  server.RaftServerConfigKeys (ConfUtils.java:logGet(46)) - raft.server.read.option = DEFAULT (default)
2024-05-03 18:17:30,112 [44084586-cd1e-41a9-8c13-ea2cf27b07b5-groupManagement] INFO  server.RaftServerConfigKeys (ConfUtils.java:logGet(46)) - raft.server.read.read-after-write-consistent.write-index-cache.expiry-time = 60s (default)
2024-05-03 18:17:30,116 [44084586-cd1e-41a9-8c13-ea2cf27b07b5-groupManagement] INFO  server.RaftServerConfigKeys (ConfUtils.java:logGet(46)) - raft.server.rpc.request.timeout = 60s (custom)
2024-05-03 18:17:30,116 [44084586-cd1e-41a9-8c13-ea2cf27b07b5-groupManagement] INFO  server.RaftServerConfigKeys (ConfUtils.java:logGet(46)) - raft.server.log.appender.install.snapshot.enabled = false (custom)
2024-05-03 18:17:30,116 [44084586-cd1e-41a9-8c13-ea2cf27b07b5-groupManagement] INFO  server.RaftServerConfigKeys (ConfUtils.java:logGet(46)) - raft.server.threadpool.server.cached = true (default)
2024-05-03 18:17:30,116 [44084586-cd1e-41a9-8c13-ea2cf27b07b5-groupManagement] INFO  server.RaftServerConfigKeys (ConfUtils.java:logGet(46)) - raft.server.threadpool.server.size = 0 (default)
2024-05-03 18:17:30,116 [44084586-cd1e-41a9-8c13-ea2cf27b07b5-groupManagement] INFO  server.RaftServerConfigKeys (ConfUtils.java:logGet(46)) - raft.server.threadpool.client.cached = true (default)
2024-05-03 18:17:30,116 [44084586-cd1e-41a9-8c13-ea2cf27b07b5-groupManagement] INFO  server.RaftServerConfigKeys (ConfUtils.java:logGet(46)) - raft.server.threadpool.client.size = 0 (default)
2024-05-03 18:17:30,116 [44084586-cd1e-41a9-8c13-ea2cf27b07b5-groupManagement] INFO  server.RaftServerConfigKeys (ConfUtils.java:logGet(46)) - raft.server.storage.free-space.min = 0MB (=0) (default)
2024-05-03 18:17:30,116 [44084586-cd1e-41a9-8c13-ea2cf27b07b5-groupManagement] INFO  server.RaftServerConfigKeys (ConfUtils.java:logGet(46)) - raft.server.log.corruption.policy = EXCEPTION (default)
2024-05-03 18:17:30,116 [44084586-cd1e-41a9-8c13-ea2cf27b07b5-groupManagement] INFO  server.RaftServerConfigKeys (ConfUtils.java:logGet(46)) - raft.server.storage.dir = [/home/runner/work/ozone/ozone/hadoop-ozone/integration-test/target/test-dir/MiniOzoneClusterImpl-50ce9170-f56e-46a6-9cd7-e4b6a7a9fc1c/ozone-meta/datanode-3/ratis] (custom)
2024-05-03 18:17:30,116 [44084586-cd1e-41a9-8c13-ea2cf27b07b5-groupManagement] INFO  storage.RaftStorageDirectory (RaftStorageDirectoryImpl.java:analyzeStorage(138)) - The storage directory /home/runner/work/ozone/ozone/hadoop-ozone/integration-test/target/test-dir/MiniOzoneClusterImpl-50ce9170-f56e-46a6-9cd7-e4b6a7a9fc1c/ozone-meta/datanode-3/ratis/862901db-c3cf-41e0-976b-9912bb9f3d05 does not exist. Creating ...
2024-05-03 18:17:30,117 [44084586-cd1e-41a9-8c13-ea2cf27b07b5-groupManagement] INFO  storage.RaftStorageDirectory (RaftStorageDirectoryImpl.java:tryLock(228)) - Lock on /home/runner/work/ozone/ozone/hadoop-ozone/integration-test/target/test-dir/MiniOzoneClusterImpl-50ce9170-f56e-46a6-9cd7-e4b6a7a9fc1c/ozone-meta/datanode-3/ratis/862901db-c3cf-41e0-976b-9912bb9f3d05/in_use.lock acquired by nodename 84935@fv-az889-242
2024-05-03 18:17:30,118 [44084586-cd1e-41a9-8c13-ea2cf27b07b5-groupManagement] INFO  storage.RaftStorage (RaftStorageImpl.java:format(99)) - Storage directory /home/runner/work/ozone/ozone/hadoop-ozone/integration-test/target/test-dir/MiniOzoneClusterImpl-50ce9170-f56e-46a6-9cd7-e4b6a7a9fc1c/ozone-meta/datanode-3/ratis/862901db-c3cf-41e0-976b-9912bb9f3d05 has been successfully formatted.
2024-05-03 18:17:30,119 [44084586-cd1e-41a9-8c13-ea2cf27b07b5-groupManagement] WARN  util.FileUtils (LogUtils.java:supplyAndLog(63)) - Failed to Files.newInputStream /home/runner/work/ozone/ozone/hadoop-ozone/integration-test/target/test-dir/MiniOzoneClusterImpl-50ce9170-f56e-46a6-9cd7-e4b6a7a9fc1c/ozone-meta/datanode-3/ratis/862901db-c3cf-41e0-976b-9912bb9f3d05/current/raft-meta.conf with options []: java.nio.file.NoSuchFileException: /home/runner/work/ozone/ozone/hadoop-ozone/integration-test/target/test-dir/MiniOzoneClusterImpl-50ce9170-f56e-46a6-9cd7-e4b6a7a9fc1c/ozone-meta/datanode-3/ratis/862901db-c3cf-41e0-976b-9912bb9f3d05/current/raft-meta.conf
2024-05-03 18:17:30,121 [44084586-cd1e-41a9-8c13-ea2cf27b07b5-groupManagement] INFO  ratis.ContainerStateMachine (ContainerStateMachine.java:loadSnapshot(287)) - group-9912BB9F3D05: The snapshot info is null. Setting the last applied index to:(t:0, i:~)
2024-05-03 18:17:30,121 [44084586-cd1e-41a9-8c13-ea2cf27b07b5-groupManagement] INFO  server.RaftServerConfigKeys (ConfUtils.java:logGet(46)) - raft.server.log.use.memory = false (default)
2024-05-03 18:17:30,121 [44084586-cd1e-41a9-8c13-ea2cf27b07b5-groupManagement] INFO  server.RaftServerConfigKeys (ConfUtils.java:logGet(46)) - raft.server.log.purge.gap = 1000000 (custom)
2024-05-03 18:17:30,121 [44084586-cd1e-41a9-8c13-ea2cf27b07b5-groupManagement] INFO  server.RaftServerConfigKeys (ConfUtils.java:logGet(46)) - raft.server.log.appender.buffer.byte-limit = 8388608 (custom)
2024-05-03 18:17:30,122 [EventQueue-OpenPipelineForHealthyPipelineSafeModeRule] INFO  safemode.SCMSafeModeManager (HealthyPipelineSafeModeRule.java:process(140)) - SCM in safe mode. Healthy pipelines reported count is 0, required healthy pipeline reported count is 1
2024-05-03 18:17:30,123 [44084586-cd1e-41a9-8c13-ea2cf27b07b5-groupManagement] INFO  server.RaftServerConfigKeys (ConfUtils.java:logGet(46)) - raft.server.log.statemachine.data.read.timeout = 1000ms (default)
2024-05-03 18:17:30,123 [44084586-cd1e-41a9-8c13-ea2cf27b07b5-groupManagement] INFO  server.RaftServerConfigKeys (ConfUtils.java:logGet(46)) - raft.server.log.purge.preservation.log.num = 0 (default)
2024-05-03 18:17:30,126 [44084586-cd1e-41a9-8c13-ea2cf27b07b5-groupManagement] INFO  server.RaftServerConfigKeys (ConfUtils.java:logGet(46)) - raft.server.log.segment.size.max = 67108864 (custom)
2024-05-03 18:17:30,127 [44084586-cd1e-41a9-8c13-ea2cf27b07b5-groupManagement] INFO  server.RaftServerConfigKeys (ConfUtils.java:logGet(46)) - raft.server.log.segment.cache.num.max = 2 (custom)
2024-05-03 18:17:30,127 [44084586-cd1e-41a9-8c13-ea2cf27b07b5-groupManagement] INFO  server.RaftServerConfigKeys (ConfUtils.java:logGet(46)) - raft.server.log.segment.cache.size.max = 200MB (=209715200) (default)
2024-05-03 18:17:30,127 [44084586-cd1e-41a9-8c13-ea2cf27b07b5-groupManagement] INFO  server.RaftServerConfigKeys (ConfUtils.java:logGet(46)) - raft.server.log.appender.buffer.byte-limit = 8388608 (custom)
2024-05-03 18:17:30,132 [44084586-cd1e-41a9-8c13-ea2cf27b07b5-groupManagement] INFO  util.AwaitToRun (AwaitToRun.java:start(81)) - Thread[44084586-cd1e-41a9-8c13-ea2cf27b07b5@group-9912BB9F3D05-cacheEviction-AwaitToRun,5,main] started
2024-05-03 18:17:30,132 [44084586-cd1e-41a9-8c13-ea2cf27b07b5-groupManagement] INFO  segmented.SegmentedRaftLogWorker (SegmentedRaftLogWorker.java:<init>(182)) - new 44084586-cd1e-41a9-8c13-ea2cf27b07b5@group-9912BB9F3D05-SegmentedRaftLogWorker for RaftStorageImpl:Storage Directory /home/runner/work/ozone/ozone/hadoop-ozone/integration-test/target/test-dir/MiniOzoneClusterImpl-50ce9170-f56e-46a6-9cd7-e4b6a7a9fc1c/ozone-meta/datanode-3/ratis/862901db-c3cf-41e0-976b-9912bb9f3d05
2024-05-03 18:17:30,133 [44084586-cd1e-41a9-8c13-ea2cf27b07b5-groupManagement] INFO  server.RaftServerConfigKeys (ConfUtils.java:logGet(46)) - raft.server.log.queue.byte-limit = 4294967296 (custom)
2024-05-03 18:17:30,133 [44084586-cd1e-41a9-8c13-ea2cf27b07b5-groupManagement] INFO  server.RaftServerConfigKeys (ConfUtils.java:logGet(46)) - raft.server.log.queue.element-limit = 1024 (custom)
2024-05-03 18:17:30,133 [44084586-cd1e-41a9-8c13-ea2cf27b07b5-groupManagement] INFO  server.RaftServerConfigKeys (ConfUtils.java:logGet(46)) - raft.server.log.segment.size.max = 67108864 (custom)
2024-05-03 18:17:30,133 [44084586-cd1e-41a9-8c13-ea2cf27b07b5-groupManagement] INFO  server.RaftServerConfigKeys (ConfUtils.java:logGet(46)) - raft.server.log.preallocated.size = 4194304 (custom)
2024-05-03 18:17:30,133 [44084586-cd1e-41a9-8c13-ea2cf27b07b5-groupManagement] INFO  server.RaftServerConfigKeys (ConfUtils.java:logGet(46)) - raft.server.log.force.sync.num = 128 (default)
2024-05-03 18:17:30,133 [44084586-cd1e-41a9-8c13-ea2cf27b07b5-groupManagement] INFO  server.RaftServerConfigKeys (ConfUtils.java:logGet(46)) - raft.server.log.statemachine.data.sync = true (default)
2024-05-03 18:17:30,133 [44084586-cd1e-41a9-8c13-ea2cf27b07b5-groupManagement] INFO  server.RaftServerConfigKeys (ConfUtils.java:logGet(46)) - raft.server.log.statemachine.data.sync.timeout = 10s (default)
2024-05-03 18:17:30,133 [44084586-cd1e-41a9-8c13-ea2cf27b07b5-groupManagement] INFO  server.RaftServerConfigKeys (ConfUtils.java:logGet(46)) - raft.server.log.statemachine.data.sync.timeout.retry = 30 (custom)
2024-05-03 18:17:30,133 [44084586-cd1e-41a9-8c13-ea2cf27b07b5-groupManagement] INFO  server.RaftServerConfigKeys (ConfUtils.java:logGet(46)) - raft.server.log.write.buffer.size = 8388616 (custom)
2024-05-03 18:17:30,135 [44084586-cd1e-41a9-8c13-ea2cf27b07b5-groupManagement] INFO  server.RaftServerConfigKeys (ConfUtils.java:logGet(46)) - raft.server.log.appender.buffer.byte-limit = 8388608 (custom)
2024-05-03 18:17:30,135 [44084586-cd1e-41a9-8c13-ea2cf27b07b5-groupManagement] INFO  server.RaftServerConfigKeys (ConfUtils.java:logGet(46)) - raft.server.log.unsafe-flush.enabled = false (default)
2024-05-03 18:17:30,135 [44084586-cd1e-41a9-8c13-ea2cf27b07b5-groupManagement] INFO  server.RaftServerConfigKeys (ConfUtils.java:logGet(46)) - raft.server.log.async-flush.enabled = false (default)
2024-05-03 18:17:30,135 [44084586-cd1e-41a9-8c13-ea2cf27b07b5-groupManagement] INFO  server.RaftServerConfigKeys (ConfUtils.java:logGet(46)) - raft.server.log.statemachine.data.caching.enabled = true (custom)
2024-05-03 18:17:30,136 [44084586-cd1e-41a9-8c13-ea2cf27b07b5-groupManagement] INFO  segmented.SegmentedRaftLogWorker (SegmentedRaftLogWorker.java:lambda$new$0(134)) - 44084586-cd1e-41a9-8c13-ea2cf27b07b5@group-9912BB9F3D05-SegmentedRaftLogWorker: flushIndex: setUnconditionally 0 -> -1
2024-05-03 18:17:30,136 [44084586-cd1e-41a9-8c13-ea2cf27b07b5-groupManagement] INFO  segmented.SegmentedRaftLogWorker (SegmentedRaftLogWorker.java:lambda$new$0(134)) - 44084586-cd1e-41a9-8c13-ea2cf27b07b5@group-9912BB9F3D05-SegmentedRaftLogWorker: safeCacheEvictIndex: setUnconditionally 0 -> -1
2024-05-03 18:17:30,136 [44084586-cd1e-41a9-8c13-ea2cf27b07b5-groupManagement] INFO  server.RaftServer$Division (RaftServerImpl.java:start(396)) - 44084586-cd1e-41a9-8c13-ea2cf27b07b5@group-9912BB9F3D05: start as a follower, conf=-1: peers:[99a655c4-0b57-4952-9df4-c48c67505b31|127.0.0.1:15023, a4462983-f44a-4197-b2bd-8a8d54f7910a|127.0.0.1:15014, 44084586-cd1e-41a9-8c13-ea2cf27b07b5|127.0.0.1:15032]|listeners:[], old=null
2024-05-03 18:17:30,137 [44084586-cd1e-41a9-8c13-ea2cf27b07b5-groupManagement] INFO  server.RaftServer$Division (RaftServerImpl.java:setRole(383)) - 44084586-cd1e-41a9-8c13-ea2cf27b07b5@group-9912BB9F3D05: changes role from      null to FOLLOWER at term 0 for startAsFollower
2024-05-03 18:17:30,137 [44084586-cd1e-41a9-8c13-ea2cf27b07b5-groupManagement] INFO  impl.RoleInfo (RoleInfo.java:updateAndGet(139)) - 44084586-cd1e-41a9-8c13-ea2cf27b07b5: start 44084586-cd1e-41a9-8c13-ea2cf27b07b5@group-9912BB9F3D05-FollowerState
2024-05-03 18:17:30,151 [44084586-cd1e-41a9-8c13-ea2cf27b07b5-groupManagement] INFO  util.JmxRegister (JmxRegister.java:tryRegister(44)) - Successfully registered JMX Bean with object name Ratis:service=RaftServer,group=group-9912BB9F3D05,id=44084586-cd1e-41a9-8c13-ea2cf27b07b5
2024-05-03 18:17:30,152 [44084586-cd1e-41a9-8c13-ea2cf27b07b5-groupManagement] INFO  server.RaftServerConfigKeys (ConfUtils.java:logGet(46)) - raft.server.snapshot.trigger-when-stop.enabled = true (default)
2024-05-03 18:17:30,152 [44084586-cd1e-41a9-8c13-ea2cf27b07b5-groupManagement] INFO  server.RaftServerConfigKeys (ConfUtils.java:logGet(46)) - raft.server.snapshot.auto.trigger.enabled = true (custom)
2024-05-03 18:17:30,153 [44084586-cd1e-41a9-8c13-ea2cf27b07b5-groupManagement] INFO  server.RaftServerConfigKeys (ConfUtils.java:logGet(46)) - raft.server.snapshot.auto.trigger.threshold = 10000 (custom)
2024-05-03 18:17:30,154 [44084586-cd1e-41a9-8c13-ea2cf27b07b5-groupManagement] INFO  server.RaftServerConfigKeys (ConfUtils.java:logGet(46)) - raft.server.snapshot.retention.file.num = 5 (custom)
2024-05-03 18:17:30,154 [44084586-cd1e-41a9-8c13-ea2cf27b07b5-groupManagement] INFO  server.RaftServerConfigKeys (ConfUtils.java:logGet(46)) - raft.server.log.purge.upto.snapshot.index = false (default)
2024-05-03 18:17:30,152 [44084586-cd1e-41a9-8c13-ea2cf27b07b5@group-9912BB9F3D05-FollowerState] INFO  server.RaftServerConfigKeys (ConfUtils.java:logFallback(53)) - raft.server.rpc.first-election.timeout.min = 5s (fallback to raft.server.rpc.timeout.min)
2024-05-03 18:17:30,156 [44084586-cd1e-41a9-8c13-ea2cf27b07b5@group-9912BB9F3D05-FollowerState] INFO  server.RaftServerConfigKeys (ConfUtils.java:logFallback(53)) - raft.server.rpc.first-election.timeout.max = 5200ms (fallback to raft.server.rpc.timeout.max)
2024-05-03 18:17:30,157 [44084586-cd1e-41a9-8c13-ea2cf27b07b5-PipelineCommandHandlerThread-0] INFO  ratis.XceiverServerRatis (XceiverServerRatis.java:addGroup(864)) - Created group PipelineID=862901db-c3cf-41e0-976b-9912bb9f3d05
2024-05-03 18:17:30,323 [99a655c4-0b57-4952-9df4-c48c67505b31-PipelineCommandHandlerThread-0] INFO  commandhandler.CreatePipelineCommandHandler (CreatePipelineCommandHandler.java:lambda$handle$2(124)) - Created Pipeline RATIS THREE PipelineID=862901db-c3cf-41e0-976b-9912bb9f3d05.
2024-05-03 18:17:30,324 [99a655c4-0b57-4952-9df4-c48c67505b31-PipelineCommandHandlerThread-0] INFO  server.RaftServer (RaftServerProxy.java:addNew(100)) - 99a655c4-0b57-4952-9df4-c48c67505b31: addNew group-B35983D8130B:[99a655c4-0b57-4952-9df4-c48c67505b31|127.0.0.1:15023, a4462983-f44a-4197-b2bd-8a8d54f7910a|127.0.0.1:15014, 44084586-cd1e-41a9-8c13-ea2cf27b07b5|127.0.0.1:15032] returns group-B35983D8130B:java.util.concurrent.CompletableFuture@3c74c68b[Not completed]
2024-05-03 18:17:30,325 [99a655c4-0b57-4952-9df4-c48c67505b31-groupManagement] INFO  server.RaftServer$Division (RaftServerImpl.java:<init>(256)) - 99a655c4-0b57-4952-9df4-c48c67505b31: new RaftServerImpl for group-B35983D8130B:[99a655c4-0b57-4952-9df4-c48c67505b31|127.0.0.1:15023, a4462983-f44a-4197-b2bd-8a8d54f7910a|127.0.0.1:15014, 44084586-cd1e-41a9-8c13-ea2cf27b07b5|127.0.0.1:15032] with ContainerStateMachine:uninitialized
2024-05-03 18:17:30,325 [99a655c4-0b57-4952-9df4-c48c67505b31-groupManagement] INFO  server.RaftServerConfigKeys (ConfUtils.java:logGet(46)) - raft.server.rpc.timeout.min = 5s (custom)
2024-05-03 18:17:30,325 [99a655c4-0b57-4952-9df4-c48c67505b31-groupManagement] INFO  server.RaftServerConfigKeys (ConfUtils.java:logGet(46)) - raft.server.rpc.timeout.max = 5200ms (custom)
2024-05-03 18:17:30,325 [99a655c4-0b57-4952-9df4-c48c67505b31-groupManagement] INFO  server.RaftServerConfigKeys (ConfUtils.java:logGet(46)) - raft.server.rpc.sleep.time = 25ms (default)
2024-05-03 18:17:30,325 [99a655c4-0b57-4952-9df4-c48c67505b31-groupManagement] INFO  server.RaftServerConfigKeys (ConfUtils.java:logGet(46)) - raft.server.rpc.slowness.timeout = 300s (custom)
2024-05-03 18:17:30,325 [99a655c4-0b57-4952-9df4-c48c67505b31-groupManagement] INFO  server.RaftServerConfigKeys (ConfUtils.java:logGet(46)) - raft.server.leaderelection.leader.step-down.wait-time = 10s (default)
2024-05-03 18:17:30,325 [99a655c4-0b57-4952-9df4-c48c67505b31-groupManagement] INFO  server.RaftServerConfigKeys (ConfUtils.java:logGet(46)) - raft.server.leaderelection.member.majority-add = false (default)
2024-05-03 18:17:30,326 [99a655c4-0b57-4952-9df4-c48c67505b31-groupManagement] INFO  server.RaftServerConfigKeys (ConfUtils.java:logGet(46)) - raft.server.sleep.deviation.threshold = 300ms (default)
2024-05-03 18:17:30,326 [99a655c4-0b57-4952-9df4-c48c67505b31-groupManagement] INFO  server.RaftServer$Division (ServerState.java:<init>(113)) - 99a655c4-0b57-4952-9df4-c48c67505b31@group-B35983D8130B: ConfigurationManager, init=-1: peers:[99a655c4-0b57-4952-9df4-c48c67505b31|127.0.0.1:15023, a4462983-f44a-4197-b2bd-8a8d54f7910a|127.0.0.1:15014, 44084586-cd1e-41a9-8c13-ea2cf27b07b5|127.0.0.1:15032]|listeners:[], old=null, confs=<EMPTY_MAP>
2024-05-03 18:17:30,326 [99a655c4-0b57-4952-9df4-c48c67505b31-groupManagement] INFO  server.RaftServerConfigKeys (ConfUtils.java:logGet(46)) - raft.server.notification.no-leader.timeout = 300s (custom)
2024-05-03 18:17:30,326 [99a655c4-0b57-4952-9df4-c48c67505b31-groupManagement] INFO  server.RaftServerConfigKeys (ConfUtils.java:logGet(46)) - raft.server.read.timeout = 10s (default)
2024-05-03 18:17:30,326 [99a655c4-0b57-4952-9df4-c48c67505b31-groupManagement] INFO  server.RaftServerConfigKeys (ConfUtils.java:logGet(46)) - raft.server.retrycache.expirytime = 600000ms (custom)
2024-05-03 18:17:30,326 [99a655c4-0b57-4952-9df4-c48c67505b31-groupManagement] INFO  server.RaftServerConfigKeys (ConfUtils.java:logGet(46)) - raft.server.retrycache.statistics.expirytime = 100ms (default)
2024-05-03 18:17:30,326 [99a655c4-0b57-4952-9df4-c48c67505b31-groupManagement] INFO  server.RaftServerConfigKeys (ConfUtils.java:logGet(46)) - raft.server.read.option = DEFAULT (default)
2024-05-03 18:17:30,326 [99a655c4-0b57-4952-9df4-c48c67505b31-groupManagement] INFO  server.RaftServerConfigKeys (ConfUtils.java:logGet(46)) - raft.server.read.read-after-write-consistent.write-index-cache.expiry-time = 60s (default)
2024-05-03 18:17:30,328 [99a655c4-0b57-4952-9df4-c48c67505b31-groupManagement] INFO  server.RaftServerConfigKeys (ConfUtils.java:logGet(46)) - raft.server.rpc.request.timeout = 60s (custom)
2024-05-03 18:17:30,328 [99a655c4-0b57-4952-9df4-c48c67505b31-groupManagement] INFO  server.RaftServerConfigKeys (ConfUtils.java:logGet(46)) - raft.server.log.appender.install.snapshot.enabled = false (custom)
2024-05-03 18:17:30,328 [99a655c4-0b57-4952-9df4-c48c67505b31-groupManagement] INFO  server.RaftServerConfigKeys (ConfUtils.java:logGet(46)) - raft.server.threadpool.server.cached = true (default)
2024-05-03 18:17:30,328 [99a655c4-0b57-4952-9df4-c48c67505b31-groupManagement] INFO  server.RaftServerConfigKeys (ConfUtils.java:logGet(46)) - raft.server.threadpool.server.size = 0 (default)
2024-05-03 18:17:30,328 [99a655c4-0b57-4952-9df4-c48c67505b31-groupManagement] INFO  server.RaftServerConfigKeys (ConfUtils.java:logGet(46)) - raft.server.threadpool.client.cached = true (default)
2024-05-03 18:17:30,329 [99a655c4-0b57-4952-9df4-c48c67505b31-groupManagement] INFO  server.RaftServerConfigKeys (ConfUtils.java:logGet(46)) - raft.server.threadpool.client.size = 0 (default)
2024-05-03 18:17:30,329 [99a655c4-0b57-4952-9df4-c48c67505b31-groupManagement] INFO  server.RaftServerConfigKeys (ConfUtils.java:logGet(46)) - raft.server.storage.free-space.min = 0MB (=0) (default)
2024-05-03 18:17:30,329 [99a655c4-0b57-4952-9df4-c48c67505b31-groupManagement] INFO  server.RaftServerConfigKeys (ConfUtils.java:logGet(46)) - raft.server.log.corruption.policy = EXCEPTION (default)
2024-05-03 18:17:30,329 [99a655c4-0b57-4952-9df4-c48c67505b31-groupManagement] INFO  server.RaftServerConfigKeys (ConfUtils.java:logGet(46)) - raft.server.storage.dir = [/home/runner/work/ozone/ozone/hadoop-ozone/integration-test/target/test-dir/MiniOzoneClusterImpl-50ce9170-f56e-46a6-9cd7-e4b6a7a9fc1c/ozone-meta/datanode-2/ratis] (custom)
2024-05-03 18:17:30,329 [99a655c4-0b57-4952-9df4-c48c67505b31-groupManagement] INFO  storage.RaftStorageDirectory (RaftStorageDirectoryImpl.java:analyzeStorage(138)) - The storage directory /home/runner/work/ozone/ozone/hadoop-ozone/integration-test/target/test-dir/MiniOzoneClusterImpl-50ce9170-f56e-46a6-9cd7-e4b6a7a9fc1c/ozone-meta/datanode-2/ratis/a6cbb7ab-e0f2-480c-9ab2-b35983d8130b does not exist. Creating ...
2024-05-03 18:17:30,331 [99a655c4-0b57-4952-9df4-c48c67505b31-groupManagement] INFO  storage.RaftStorageDirectory (RaftStorageDirectoryImpl.java:tryLock(228)) - Lock on /home/runner/work/ozone/ozone/hadoop-ozone/integration-test/target/test-dir/MiniOzoneClusterImpl-50ce9170-f56e-46a6-9cd7-e4b6a7a9fc1c/ozone-meta/datanode-2/ratis/a6cbb7ab-e0f2-480c-9ab2-b35983d8130b/in_use.lock acquired by nodename 84935@fv-az889-242
2024-05-03 18:17:30,332 [99a655c4-0b57-4952-9df4-c48c67505b31-groupManagement] INFO  storage.RaftStorage (RaftStorageImpl.java:format(99)) - Storage directory /home/runner/work/ozone/ozone/hadoop-ozone/integration-test/target/test-dir/MiniOzoneClusterImpl-50ce9170-f56e-46a6-9cd7-e4b6a7a9fc1c/ozone-meta/datanode-2/ratis/a6cbb7ab-e0f2-480c-9ab2-b35983d8130b has been successfully formatted.
2024-05-03 18:17:30,332 [44084586-cd1e-41a9-8c13-ea2cf27b07b5-PipelineCommandHandlerThread-0] INFO  commandhandler.CreatePipelineCommandHandler (CreatePipelineCommandHandler.java:lambda$handle$2(124)) - Created Pipeline RATIS THREE PipelineID=862901db-c3cf-41e0-976b-9912bb9f3d05.
2024-05-03 18:17:30,333 [44084586-cd1e-41a9-8c13-ea2cf27b07b5-PipelineCommandHandlerThread-0] INFO  server.RaftServer (RaftServerProxy.java:addNew(100)) - 44084586-cd1e-41a9-8c13-ea2cf27b07b5: addNew group-B35983D8130B:[99a655c4-0b57-4952-9df4-c48c67505b31|127.0.0.1:15023, a4462983-f44a-4197-b2bd-8a8d54f7910a|127.0.0.1:15014, 44084586-cd1e-41a9-8c13-ea2cf27b07b5|127.0.0.1:15032] returns group-B35983D8130B:java.util.concurrent.CompletableFuture@e48be5a[Not completed]
2024-05-03 18:17:30,334 [44084586-cd1e-41a9-8c13-ea2cf27b07b5-groupManagement] INFO  server.RaftServer$Division (RaftServerImpl.java:<init>(256)) - 44084586-cd1e-41a9-8c13-ea2cf27b07b5: new RaftServerImpl for group-B35983D8130B:[99a655c4-0b57-4952-9df4-c48c67505b31|127.0.0.1:15023, a4462983-f44a-4197-b2bd-8a8d54f7910a|127.0.0.1:15014, 44084586-cd1e-41a9-8c13-ea2cf27b07b5|127.0.0.1:15032] with ContainerStateMachine:uninitialized
2024-05-03 18:17:30,334 [44084586-cd1e-41a9-8c13-ea2cf27b07b5-groupManagement] INFO  server.RaftServerConfigKeys (ConfUtils.java:logGet(46)) - raft.server.rpc.timeout.min = 5s (custom)
2024-05-03 18:17:30,334 [44084586-cd1e-41a9-8c13-ea2cf27b07b5-groupManagement] INFO  server.RaftServerConfigKeys (ConfUtils.java:logGet(46)) - raft.server.rpc.timeout.max = 5200ms (custom)
2024-05-03 18:17:30,334 [44084586-cd1e-41a9-8c13-ea2cf27b07b5-groupManagement] INFO  server.RaftServerConfigKeys (ConfUtils.java:logGet(46)) - raft.server.rpc.sleep.time = 25ms (default)
2024-05-03 18:17:30,335 [44084586-cd1e-41a9-8c13-ea2cf27b07b5-groupManagement] INFO  server.RaftServerConfigKeys (ConfUtils.java:logGet(46)) - raft.server.rpc.slowness.timeout = 300s (custom)
2024-05-03 18:17:30,335 [44084586-cd1e-41a9-8c13-ea2cf27b07b5-groupManagement] INFO  server.RaftServerConfigKeys (ConfUtils.java:logGet(46)) - raft.server.leaderelection.leader.step-down.wait-time = 10s (default)
2024-05-03 18:17:30,335 [44084586-cd1e-41a9-8c13-ea2cf27b07b5-groupManagement] INFO  server.RaftServerConfigKeys (ConfUtils.java:logGet(46)) - raft.server.leaderelection.member.majority-add = false (default)
2024-05-03 18:17:30,335 [44084586-cd1e-41a9-8c13-ea2cf27b07b5-groupManagement] INFO  server.RaftServerConfigKeys (ConfUtils.java:logGet(46)) - raft.server.sleep.deviation.threshold = 300ms (default)
2024-05-03 18:17:30,335 [44084586-cd1e-41a9-8c13-ea2cf27b07b5-groupManagement] INFO  server.RaftServer$Division (ServerState.java:<init>(113)) - 44084586-cd1e-41a9-8c13-ea2cf27b07b5@group-B35983D8130B: ConfigurationManager, init=-1: peers:[99a655c4-0b57-4952-9df4-c48c67505b31|127.0.0.1:15023, a4462983-f44a-4197-b2bd-8a8d54f7910a|127.0.0.1:15014, 44084586-cd1e-41a9-8c13-ea2cf27b07b5|127.0.0.1:15032]|listeners:[], old=null, confs=<EMPTY_MAP>
2024-05-03 18:17:30,335 [44084586-cd1e-41a9-8c13-ea2cf27b07b5-groupManagement] INFO  server.RaftServerConfigKeys (ConfUtils.java:logGet(46)) - raft.server.notification.no-leader.timeout = 300s (custom)
2024-05-03 18:17:30,335 [44084586-cd1e-41a9-8c13-ea2cf27b07b5-groupManagement] INFO  server.RaftServerConfigKeys (ConfUtils.java:logGet(46)) - raft.server.read.timeout = 10s (default)
2024-05-03 18:17:30,335 [44084586-cd1e-41a9-8c13-ea2cf27b07b5-groupManagement] INFO  server.RaftServerConfigKeys (ConfUtils.java:logGet(46)) - raft.server.retrycache.expirytime = 600000ms (custom)
2024-05-03 18:17:30,335 [44084586-cd1e-41a9-8c13-ea2cf27b07b5-groupManagement] INFO  server.RaftServerConfigKeys (ConfUtils.java:logGet(46)) - raft.server.retrycache.statistics.expirytime = 100ms (default)
2024-05-03 18:17:30,335 [a4462983-f44a-4197-b2bd-8a8d54f7910a-PipelineCommandHandlerThread-0] INFO  commandhandler.CreatePipelineCommandHandler (CreatePipelineCommandHandler.java:lambda$handle$2(124)) - Created Pipeline RATIS THREE PipelineID=862901db-c3cf-41e0-976b-9912bb9f3d05.
2024-05-03 18:17:30,335 [44084586-cd1e-41a9-8c13-ea2cf27b07b5-groupManagement] INFO  server.RaftServerConfigKeys (ConfUtils.java:logGet(46)) - raft.server.read.option = DEFAULT (default)
2024-05-03 18:17:30,335 [44084586-cd1e-41a9-8c13-ea2cf27b07b5-groupManagement] INFO  server.RaftServerConfigKeys (ConfUtils.java:logGet(46)) - raft.server.read.read-after-write-consistent.write-index-cache.expiry-time = 60s (default)
2024-05-03 18:17:30,335 [a4462983-f44a-4197-b2bd-8a8d54f7910a-PipelineCommandHandlerThread-0] INFO  server.RaftServer (RaftServerProxy.java:addNew(100)) - a4462983-f44a-4197-b2bd-8a8d54f7910a: addNew group-B35983D8130B:[99a655c4-0b57-4952-9df4-c48c67505b31|127.0.0.1:15023, a4462983-f44a-4197-b2bd-8a8d54f7910a|127.0.0.1:15014, 44084586-cd1e-41a9-8c13-ea2cf27b07b5|127.0.0.1:15032] returns group-B35983D8130B:java.util.concurrent.CompletableFuture@6277e0f2[Not completed]
2024-05-03 18:17:30,336 [a4462983-f44a-4197-b2bd-8a8d54f7910a-groupManagement] INFO  server.RaftServer$Division (RaftServerImpl.java:<init>(256)) - a4462983-f44a-4197-b2bd-8a8d54f7910a: new RaftServerImpl for group-B35983D8130B:[99a655c4-0b57-4952-9df4-c48c67505b31|127.0.0.1:15023, a4462983-f44a-4197-b2bd-8a8d54f7910a|127.0.0.1:15014, 44084586-cd1e-41a9-8c13-ea2cf27b07b5|127.0.0.1:15032] with ContainerStateMachine:uninitialized
2024-05-03 18:17:30,336 [a4462983-f44a-4197-b2bd-8a8d54f7910a-groupManagement] INFO  server.RaftServerConfigKeys (ConfUtils.java:logGet(46)) - raft.server.rpc.timeout.min = 5s (custom)
2024-05-03 18:17:30,336 [a4462983-f44a-4197-b2bd-8a8d54f7910a-groupManagement] INFO  server.RaftServerConfigKeys (ConfUtils.java:logGet(46)) - raft.server.rpc.timeout.max = 5200ms (custom)
2024-05-03 18:17:30,336 [a4462983-f44a-4197-b2bd-8a8d54f7910a-groupManagement] INFO  server.RaftServerConfigKeys (ConfUtils.java:logGet(46)) - raft.server.rpc.sleep.time = 25ms (default)
2024-05-03 18:17:30,336 [a4462983-f44a-4197-b2bd-8a8d54f7910a-groupManagement] INFO  server.RaftServerConfigKeys (ConfUtils.java:logGet(46)) - raft.server.rpc.slowness.timeout = 300s (custom)
2024-05-03 18:17:30,336 [a4462983-f44a-4197-b2bd-8a8d54f7910a-groupManagement] INFO  server.RaftServerConfigKeys (ConfUtils.java:logGet(46)) - raft.server.leaderelection.leader.step-down.wait-time = 10s (default)
2024-05-03 18:17:30,336 [a4462983-f44a-4197-b2bd-8a8d54f7910a-groupManagement] INFO  server.RaftServerConfigKeys (ConfUtils.java:logGet(46)) - raft.server.leaderelection.member.majority-add = false (default)
2024-05-03 18:17:30,336 [a4462983-f44a-4197-b2bd-8a8d54f7910a-groupManagement] INFO  server.RaftServerConfigKeys (ConfUtils.java:logGet(46)) - raft.server.sleep.deviation.threshold = 300ms (default)
2024-05-03 18:17:30,336 [a4462983-f44a-4197-b2bd-8a8d54f7910a-groupManagement] INFO  server.RaftServer$Division (ServerState.java:<init>(113)) - a4462983-f44a-4197-b2bd-8a8d54f7910a@group-B35983D8130B: ConfigurationManager, init=-1: peers:[99a655c4-0b57-4952-9df4-c48c67505b31|127.0.0.1:15023, a4462983-f44a-4197-b2bd-8a8d54f7910a|127.0.0.1:15014, 44084586-cd1e-41a9-8c13-ea2cf27b07b5|127.0.0.1:15032]|listeners:[], old=null, confs=<EMPTY_MAP>
2024-05-03 18:17:30,337 [a4462983-f44a-4197-b2bd-8a8d54f7910a-groupManagement] INFO  server.RaftServerConfigKeys (ConfUtils.java:logGet(46)) - raft.server.notification.no-leader.timeout = 300s (custom)
2024-05-03 18:17:30,337 [a4462983-f44a-4197-b2bd-8a8d54f7910a-groupManagement] INFO  server.RaftServerConfigKeys (ConfUtils.java:logGet(46)) - raft.server.read.timeout = 10s (default)
2024-05-03 18:17:30,337 [a4462983-f44a-4197-b2bd-8a8d54f7910a-groupManagement] INFO  server.RaftServerConfigKeys (ConfUtils.java:logGet(46)) - raft.server.retrycache.expirytime = 600000ms (custom)
2024-05-03 18:17:30,337 [a4462983-f44a-4197-b2bd-8a8d54f7910a-groupManagement] INFO  server.RaftServerConfigKeys (ConfUtils.java:logGet(46)) - raft.server.retrycache.statistics.expirytime = 100ms (default)
2024-05-03 18:17:30,337 [a4462983-f44a-4197-b2bd-8a8d54f7910a-groupManagement] INFO  server.RaftServerConfigKeys (ConfUtils.java:logGet(46)) - raft.server.read.option = DEFAULT (default)
2024-05-03 18:17:30,337 [a4462983-f44a-4197-b2bd-8a8d54f7910a-groupManagement] INFO  server.RaftServerConfigKeys (ConfUtils.java:logGet(46)) - raft.server.read.read-after-write-consistent.write-index-cache.expiry-time = 60s (default)
2024-05-03 18:17:30,337 [99a655c4-0b57-4952-9df4-c48c67505b31-groupManagement] WARN  util.FileUtils (LogUtils.java:supplyAndLog(63)) - Failed to Files.newInputStream /home/runner/work/ozone/ozone/hadoop-ozone/integration-test/target/test-dir/MiniOzoneClusterImpl-50ce9170-f56e-46a6-9cd7-e4b6a7a9fc1c/ozone-meta/datanode-2/ratis/a6cbb7ab-e0f2-480c-9ab2-b35983d8130b/current/raft-meta.conf with options []: java.nio.file.NoSuchFileException: /home/runner/work/ozone/ozone/hadoop-ozone/integration-test/target/test-dir/MiniOzoneClusterImpl-50ce9170-f56e-46a6-9cd7-e4b6a7a9fc1c/ozone-meta/datanode-2/ratis/a6cbb7ab-e0f2-480c-9ab2-b35983d8130b/current/raft-meta.conf
2024-05-03 18:17:30,338 [99a655c4-0b57-4952-9df4-c48c67505b31-groupManagement] INFO  ratis.ContainerStateMachine (ContainerStateMachine.java:loadSnapshot(287)) - group-B35983D8130B: The snapshot info is null. Setting the last applied index to:(t:0, i:~)
2024-05-03 18:17:30,338 [99a655c4-0b57-4952-9df4-c48c67505b31-groupManagement] INFO  server.RaftServerConfigKeys (ConfUtils.java:logGet(46)) - raft.server.log.use.memory = false (default)
2024-05-03 18:17:30,338 [99a655c4-0b57-4952-9df4-c48c67505b31-groupManagement] INFO  server.RaftServerConfigKeys (ConfUtils.java:logGet(46)) - raft.server.log.purge.gap = 1000000 (custom)
2024-05-03 18:17:30,338 [99a655c4-0b57-4952-9df4-c48c67505b31-groupManagement] INFO  server.RaftServerConfigKeys (ConfUtils.java:logGet(46)) - raft.server.log.appender.buffer.byte-limit = 8388608 (custom)
2024-05-03 18:17:30,338 [99a655c4-0b57-4952-9df4-c48c67505b31-groupManagement] INFO  server.RaftServerConfigKeys (ConfUtils.java:logGet(46)) - raft.server.log.statemachine.data.read.timeout = 1000ms (default)
2024-05-03 18:17:30,339 [99a655c4-0b57-4952-9df4-c48c67505b31-groupManagement] INFO  server.RaftServerConfigKeys (ConfUtils.java:logGet(46)) - raft.server.log.purge.preservation.log.num = 0 (default)
2024-05-03 18:17:30,340 [EventQueue-OpenPipelineForHealthyPipelineSafeModeRule] INFO  safemode.SCMSafeModeManager (HealthyPipelineSafeModeRule.java:process(140)) - SCM in safe mode. Healthy pipelines reported count is 0, required healthy pipeline reported count is 1
2024-05-03 18:17:30,343 [44084586-cd1e-41a9-8c13-ea2cf27b07b5-groupManagement] INFO  server.RaftServerConfigKeys (ConfUtils.java:logGet(46)) - raft.server.rpc.request.timeout = 60s (custom)
2024-05-03 18:17:30,343 [44084586-cd1e-41a9-8c13-ea2cf27b07b5-groupManagement] INFO  server.RaftServerConfigKeys (ConfUtils.java:logGet(46)) - raft.server.log.appender.install.snapshot.enabled = false (custom)
2024-05-03 18:17:30,343 [44084586-cd1e-41a9-8c13-ea2cf27b07b5-groupManagement] INFO  server.RaftServerConfigKeys (ConfUtils.java:logGet(46)) - raft.server.threadpool.server.cached = true (default)
2024-05-03 18:17:30,343 [44084586-cd1e-41a9-8c13-ea2cf27b07b5-groupManagement] INFO  server.RaftServerConfigKeys (ConfUtils.java:logGet(46)) - raft.server.threadpool.server.size = 0 (default)
2024-05-03 18:17:30,343 [44084586-cd1e-41a9-8c13-ea2cf27b07b5-groupManagement] INFO  server.RaftServerConfigKeys (ConfUtils.java:logGet(46)) - raft.server.threadpool.client.cached = true (default)
2024-05-03 18:17:30,343 [44084586-cd1e-41a9-8c13-ea2cf27b07b5-groupManagement] INFO  server.RaftServerConfigKeys (ConfUtils.java:logGet(46)) - raft.server.threadpool.client.size = 0 (default)
2024-05-03 18:17:30,343 [44084586-cd1e-41a9-8c13-ea2cf27b07b5-groupManagement] INFO  server.RaftServerConfigKeys (ConfUtils.java:logGet(46)) - raft.server.storage.free-space.min = 0MB (=0) (default)
2024-05-03 18:17:30,344 [44084586-cd1e-41a9-8c13-ea2cf27b07b5-groupManagement] INFO  server.RaftServerConfigKeys (ConfUtils.java:logGet(46)) - raft.server.log.corruption.policy = EXCEPTION (default)
2024-05-03 18:17:30,344 [44084586-cd1e-41a9-8c13-ea2cf27b07b5-groupManagement] INFO  server.RaftServerConfigKeys (ConfUtils.java:logGet(46)) - raft.server.storage.dir = [/home/runner/work/ozone/ozone/hadoop-ozone/integration-test/target/test-dir/MiniOzoneClusterImpl-50ce9170-f56e-46a6-9cd7-e4b6a7a9fc1c/ozone-meta/datanode-3/ratis] (custom)
2024-05-03 18:17:30,344 [44084586-cd1e-41a9-8c13-ea2cf27b07b5-groupManagement] INFO  storage.RaftStorageDirectory (RaftStorageDirectoryImpl.java:analyzeStorage(138)) - The storage directory /home/runner/work/ozone/ozone/hadoop-ozone/integration-test/target/test-dir/MiniOzoneClusterImpl-50ce9170-f56e-46a6-9cd7-e4b6a7a9fc1c/ozone-meta/datanode-3/ratis/a6cbb7ab-e0f2-480c-9ab2-b35983d8130b does not exist. Creating ...
2024-05-03 18:17:30,346 [a4462983-f44a-4197-b2bd-8a8d54f7910a-groupManagement] INFO  server.RaftServerConfigKeys (ConfUtils.java:logGet(46)) - raft.server.rpc.request.timeout = 60s (custom)
2024-05-03 18:17:30,346 [a4462983-f44a-4197-b2bd-8a8d54f7910a-groupManagement] INFO  server.RaftServerConfigKeys (ConfUtils.java:logGet(46)) - raft.server.log.appender.install.snapshot.enabled = false (custom)
2024-05-03 18:17:30,346 [a4462983-f44a-4197-b2bd-8a8d54f7910a-groupManagement] INFO  server.RaftServerConfigKeys (ConfUtils.java:logGet(46)) - raft.server.threadpool.server.cached = true (default)
2024-05-03 18:17:30,346 [a4462983-f44a-4197-b2bd-8a8d54f7910a-groupManagement] INFO  server.RaftServerConfigKeys (ConfUtils.java:logGet(46)) - raft.server.threadpool.server.size = 0 (default)
2024-05-03 18:17:30,346 [a4462983-f44a-4197-b2bd-8a8d54f7910a-groupManagement] INFO  server.RaftServerConfigKeys (ConfUtils.java:logGet(46)) - raft.server.threadpool.client.cached = true (default)
2024-05-03 18:17:30,346 [a4462983-f44a-4197-b2bd-8a8d54f7910a-groupManagement] INFO  server.RaftServerConfigKeys (ConfUtils.java:logGet(46)) - raft.server.threadpool.client.size = 0 (default)
2024-05-03 18:17:30,346 [a4462983-f44a-4197-b2bd-8a8d54f7910a-groupManagement] INFO  server.RaftServerConfigKeys (ConfUtils.java:logGet(46)) - raft.server.storage.free-space.min = 0MB (=0) (default)
2024-05-03 18:17:30,346 [a4462983-f44a-4197-b2bd-8a8d54f7910a-groupManagement] INFO  server.RaftServerConfigKeys (ConfUtils.java:logGet(46)) - raft.server.log.corruption.policy = EXCEPTION (default)
2024-05-03 18:17:30,346 [a4462983-f44a-4197-b2bd-8a8d54f7910a-groupManagement] INFO  server.RaftServerConfigKeys (ConfUtils.java:logGet(46)) - raft.server.storage.dir = [/home/runner/work/ozone/ozone/hadoop-ozone/integration-test/target/test-dir/MiniOzoneClusterImpl-50ce9170-f56e-46a6-9cd7-e4b6a7a9fc1c/ozone-meta/datanode-1/ratis] (custom)
2024-05-03 18:17:30,346 [a4462983-f44a-4197-b2bd-8a8d54f7910a-groupManagement] INFO  storage.RaftStorageDirectory (RaftStorageDirectoryImpl.java:analyzeStorage(138)) - The storage directory /home/runner/work/ozone/ozone/hadoop-ozone/integration-test/target/test-dir/MiniOzoneClusterImpl-50ce9170-f56e-46a6-9cd7-e4b6a7a9fc1c/ozone-meta/datanode-1/ratis/a6cbb7ab-e0f2-480c-9ab2-b35983d8130b does not exist. Creating ...
2024-05-03 18:17:30,349 [99a655c4-0b57-4952-9df4-c48c67505b31-groupManagement] INFO  server.RaftServerConfigKeys (ConfUtils.java:logGet(46)) - raft.server.log.segment.size.max = 67108864 (custom)
2024-05-03 18:17:30,349 [99a655c4-0b57-4952-9df4-c48c67505b31-groupManagement] INFO  server.RaftServerConfigKeys (ConfUtils.java:logGet(46)) - raft.server.log.segment.cache.num.max = 2 (custom)
2024-05-03 18:17:30,349 [99a655c4-0b57-4952-9df4-c48c67505b31-groupManagement] INFO  server.RaftServerConfigKeys (ConfUtils.java:logGet(46)) - raft.server.log.segment.cache.size.max = 200MB (=209715200) (default)
2024-05-03 18:17:30,349 [99a655c4-0b57-4952-9df4-c48c67505b31-groupManagement] INFO  server.RaftServerConfigKeys (ConfUtils.java:logGet(46)) - raft.server.log.appender.buffer.byte-limit = 8388608 (custom)
2024-05-03 18:17:30,349 [a4462983-f44a-4197-b2bd-8a8d54f7910a-groupManagement] INFO  storage.RaftStorageDirectory (RaftStorageDirectoryImpl.java:tryLock(228)) - Lock on /home/runner/work/ozone/ozone/hadoop-ozone/integration-test/target/test-dir/MiniOzoneClusterImpl-50ce9170-f56e-46a6-9cd7-e4b6a7a9fc1c/ozone-meta/datanode-1/ratis/a6cbb7ab-e0f2-480c-9ab2-b35983d8130b/in_use.lock acquired by nodename 84935@fv-az889-242
2024-05-03 18:17:30,350 [44084586-cd1e-41a9-8c13-ea2cf27b07b5-groupManagement] INFO  storage.RaftStorageDirectory (RaftStorageDirectoryImpl.java:tryLock(228)) - Lock on /home/runner/work/ozone/ozone/hadoop-ozone/integration-test/target/test-dir/MiniOzoneClusterImpl-50ce9170-f56e-46a6-9cd7-e4b6a7a9fc1c/ozone-meta/datanode-3/ratis/a6cbb7ab-e0f2-480c-9ab2-b35983d8130b/in_use.lock acquired by nodename 84935@fv-az889-242
2024-05-03 18:17:30,350 [99a655c4-0b57-4952-9df4-c48c67505b31-groupManagement] INFO  util.AwaitToRun (AwaitToRun.java:start(81)) - Thread[99a655c4-0b57-4952-9df4-c48c67505b31@group-B35983D8130B-cacheEviction-AwaitToRun,5,main] started
2024-05-03 18:17:30,351 [99a655c4-0b57-4952-9df4-c48c67505b31-groupManagement] INFO  segmented.SegmentedRaftLogWorker (SegmentedRaftLogWorker.java:<init>(182)) - new 99a655c4-0b57-4952-9df4-c48c67505b31@group-B35983D8130B-SegmentedRaftLogWorker for RaftStorageImpl:Storage Directory /home/runner/work/ozone/ozone/hadoop-ozone/integration-test/target/test-dir/MiniOzoneClusterImpl-50ce9170-f56e-46a6-9cd7-e4b6a7a9fc1c/ozone-meta/datanode-2/ratis/a6cbb7ab-e0f2-480c-9ab2-b35983d8130b
2024-05-03 18:17:30,351 [99a655c4-0b57-4952-9df4-c48c67505b31-groupManagement] INFO  server.RaftServerConfigKeys (ConfUtils.java:logGet(46)) - raft.server.log.queue.byte-limit = 4294967296 (custom)
2024-05-03 18:17:30,351 [99a655c4-0b57-4952-9df4-c48c67505b31-groupManagement] INFO  server.RaftServerConfigKeys (ConfUtils.java:logGet(46)) - raft.server.log.queue.element-limit = 1024 (custom)
2024-05-03 18:17:30,351 [a4462983-f44a-4197-b2bd-8a8d54f7910a-groupManagement] INFO  storage.RaftStorage (RaftStorageImpl.java:format(99)) - Storage directory /home/runner/work/ozone/ozone/hadoop-ozone/integration-test/target/test-dir/MiniOzoneClusterImpl-50ce9170-f56e-46a6-9cd7-e4b6a7a9fc1c/ozone-meta/datanode-1/ratis/a6cbb7ab-e0f2-480c-9ab2-b35983d8130b has been successfully formatted.
2024-05-03 18:17:30,351 [a4462983-f44a-4197-b2bd-8a8d54f7910a-groupManagement] WARN  util.FileUtils (LogUtils.java:supplyAndLog(63)) - Failed to Files.newInputStream /home/runner/work/ozone/ozone/hadoop-ozone/integration-test/target/test-dir/MiniOzoneClusterImpl-50ce9170-f56e-46a6-9cd7-e4b6a7a9fc1c/ozone-meta/datanode-1/ratis/a6cbb7ab-e0f2-480c-9ab2-b35983d8130b/current/raft-meta.conf with options []: java.nio.file.NoSuchFileException: /home/runner/work/ozone/ozone/hadoop-ozone/integration-test/target/test-dir/MiniOzoneClusterImpl-50ce9170-f56e-46a6-9cd7-e4b6a7a9fc1c/ozone-meta/datanode-1/ratis/a6cbb7ab-e0f2-480c-9ab2-b35983d8130b/current/raft-meta.conf
2024-05-03 18:17:30,351 [a4462983-f44a-4197-b2bd-8a8d54f7910a-groupManagement] INFO  ratis.ContainerStateMachine (ContainerStateMachine.java:loadSnapshot(287)) - group-B35983D8130B: The snapshot info is null. Setting the last applied index to:(t:0, i:~)
2024-05-03 18:17:30,351 [a4462983-f44a-4197-b2bd-8a8d54f7910a-groupManagement] INFO  server.RaftServerConfigKeys (ConfUtils.java:logGet(46)) - raft.server.log.use.memory = false (default)
2024-05-03 18:17:30,351 [a4462983-f44a-4197-b2bd-8a8d54f7910a-groupManagement] INFO  server.RaftServerConfigKeys (ConfUtils.java:logGet(46)) - raft.server.log.purge.gap = 1000000 (custom)
2024-05-03 18:17:30,351 [a4462983-f44a-4197-b2bd-8a8d54f7910a-groupManagement] INFO  server.RaftServerConfigKeys (ConfUtils.java:logGet(46)) - raft.server.log.appender.buffer.byte-limit = 8388608 (custom)
2024-05-03 18:17:30,352 [a4462983-f44a-4197-b2bd-8a8d54f7910a-groupManagement] INFO  server.RaftServerConfigKeys (ConfUtils.java:logGet(46)) - raft.server.log.statemachine.data.read.timeout = 1000ms (default)
2024-05-03 18:17:30,352 [a4462983-f44a-4197-b2bd-8a8d54f7910a-groupManagement] INFO  server.RaftServerConfigKeys (ConfUtils.java:logGet(46)) - raft.server.log.purge.preservation.log.num = 0 (default)
2024-05-03 18:17:30,353 [EventQueue-OpenPipelineForHealthyPipelineSafeModeRule] INFO  safemode.SCMSafeModeManager (HealthyPipelineSafeModeRule.java:process(140)) - SCM in safe mode. Healthy pipelines reported count is 0, required healthy pipeline reported count is 1
2024-05-03 18:17:30,353 [a4462983-f44a-4197-b2bd-8a8d54f7910a-groupManagement] INFO  server.RaftServerConfigKeys (ConfUtils.java:logGet(46)) - raft.server.log.segment.size.max = 67108864 (custom)
2024-05-03 18:17:30,354 [a4462983-f44a-4197-b2bd-8a8d54f7910a-groupManagement] INFO  server.RaftServerConfigKeys (ConfUtils.java:logGet(46)) - raft.server.log.segment.cache.num.max = 2 (custom)
2024-05-03 18:17:30,354 [a4462983-f44a-4197-b2bd-8a8d54f7910a-groupManagement] INFO  server.RaftServerConfigKeys (ConfUtils.java:logGet(46)) - raft.server.log.segment.cache.size.max = 200MB (=209715200) (default)
2024-05-03 18:17:30,354 [a4462983-f44a-4197-b2bd-8a8d54f7910a-groupManagement] INFO  server.RaftServerConfigKeys (ConfUtils.java:logGet(46)) - raft.server.log.appender.buffer.byte-limit = 8388608 (custom)
2024-05-03 18:17:30,355 [44084586-cd1e-41a9-8c13-ea2cf27b07b5-groupManagement] INFO  storage.RaftStorage (RaftStorageImpl.java:format(99)) - Storage directory /home/runner/work/ozone/ozone/hadoop-ozone/integration-test/target/test-dir/MiniOzoneClusterImpl-50ce9170-f56e-46a6-9cd7-e4b6a7a9fc1c/ozone-meta/datanode-3/ratis/a6cbb7ab-e0f2-480c-9ab2-b35983d8130b has been successfully formatted.
2024-05-03 18:17:30,355 [44084586-cd1e-41a9-8c13-ea2cf27b07b5-groupManagement] WARN  util.FileUtils (LogUtils.java:supplyAndLog(63)) - Failed to Files.newInputStream /home/runner/work/ozone/ozone/hadoop-ozone/integration-test/target/test-dir/MiniOzoneClusterImpl-50ce9170-f56e-46a6-9cd7-e4b6a7a9fc1c/ozone-meta/datanode-3/ratis/a6cbb7ab-e0f2-480c-9ab2-b35983d8130b/current/raft-meta.conf with options []: java.nio.file.NoSuchFileException: /home/runner/work/ozone/ozone/hadoop-ozone/integration-test/target/test-dir/MiniOzoneClusterImpl-50ce9170-f56e-46a6-9cd7-e4b6a7a9fc1c/ozone-meta/datanode-3/ratis/a6cbb7ab-e0f2-480c-9ab2-b35983d8130b/current/raft-meta.conf
2024-05-03 18:17:30,355 [a4462983-f44a-4197-b2bd-8a8d54f7910a-groupManagement] INFO  util.AwaitToRun (AwaitToRun.java:start(81)) - Thread[a4462983-f44a-4197-b2bd-8a8d54f7910a@group-B35983D8130B-cacheEviction-AwaitToRun,5,main] started
2024-05-03 18:17:30,355 [a4462983-f44a-4197-b2bd-8a8d54f7910a-groupManagement] INFO  segmented.SegmentedRaftLogWorker (SegmentedRaftLogWorker.java:<init>(182)) - new a4462983-f44a-4197-b2bd-8a8d54f7910a@group-B35983D8130B-SegmentedRaftLogWorker for RaftStorageImpl:Storage Directory /home/runner/work/ozone/ozone/hadoop-ozone/integration-test/target/test-dir/MiniOzoneClusterImpl-50ce9170-f56e-46a6-9cd7-e4b6a7a9fc1c/ozone-meta/datanode-1/ratis/a6cbb7ab-e0f2-480c-9ab2-b35983d8130b
2024-05-03 18:17:30,355 [a4462983-f44a-4197-b2bd-8a8d54f7910a-groupManagement] INFO  server.RaftServerConfigKeys (ConfUtils.java:logGet(46)) - raft.server.log.queue.byte-limit = 4294967296 (custom)
2024-05-03 18:17:30,356 [a4462983-f44a-4197-b2bd-8a8d54f7910a-groupManagement] INFO  server.RaftServerConfigKeys (ConfUtils.java:logGet(46)) - raft.server.log.queue.element-limit = 1024 (custom)
2024-05-03 18:17:30,356 [a4462983-f44a-4197-b2bd-8a8d54f7910a-groupManagement] INFO  server.RaftServerConfigKeys (ConfUtils.java:logGet(46)) - raft.server.log.segment.size.max = 67108864 (custom)
2024-05-03 18:17:30,356 [a4462983-f44a-4197-b2bd-8a8d54f7910a-groupManagement] INFO  server.RaftServerConfigKeys (ConfUtils.java:logGet(46)) - raft.server.log.preallocated.size = 4194304 (custom)
2024-05-03 18:17:30,356 [a4462983-f44a-4197-b2bd-8a8d54f7910a-groupManagement] INFO  server.RaftServerConfigKeys (ConfUtils.java:logGet(46)) - raft.server.log.force.sync.num = 128 (default)
2024-05-03 18:17:30,356 [a4462983-f44a-4197-b2bd-8a8d54f7910a-groupManagement] INFO  server.RaftServerConfigKeys (ConfUtils.java:logGet(46)) - raft.server.log.statemachine.data.sync = true (default)
2024-05-03 18:17:30,356 [44084586-cd1e-41a9-8c13-ea2cf27b07b5-groupManagement] INFO  ratis.ContainerStateMachine (ContainerStateMachine.java:loadSnapshot(287)) - group-B35983D8130B: The snapshot info is null. Setting the last applied index to:(t:0, i:~)
2024-05-03 18:17:30,356 [44084586-cd1e-41a9-8c13-ea2cf27b07b5-groupManagement] INFO  server.RaftServerConfigKeys (ConfUtils.java:logGet(46)) - raft.server.log.use.memory = false (default)
2024-05-03 18:17:30,356 [44084586-cd1e-41a9-8c13-ea2cf27b07b5-groupManagement] INFO  server.RaftServerConfigKeys (ConfUtils.java:logGet(46)) - raft.server.log.purge.gap = 1000000 (custom)
2024-05-03 18:17:30,356 [44084586-cd1e-41a9-8c13-ea2cf27b07b5-groupManagement] INFO  server.RaftServerConfigKeys (ConfUtils.java:logGet(46)) - raft.server.log.appender.buffer.byte-limit = 8388608 (custom)
2024-05-03 18:17:30,356 [44084586-cd1e-41a9-8c13-ea2cf27b07b5-groupManagement] INFO  server.RaftServerConfigKeys (ConfUtils.java:logGet(46)) - raft.server.log.statemachine.data.read.timeout = 1000ms (default)
2024-05-03 18:17:30,356 [44084586-cd1e-41a9-8c13-ea2cf27b07b5-groupManagement] INFO  server.RaftServerConfigKeys (ConfUtils.java:logGet(46)) - raft.server.log.purge.preservation.log.num = 0 (default)
2024-05-03 18:17:30,357 [EventQueue-OpenPipelineForHealthyPipelineSafeModeRule] INFO  safemode.SCMSafeModeManager (HealthyPipelineSafeModeRule.java:process(140)) - SCM in safe mode. Healthy pipelines reported count is 0, required healthy pipeline reported count is 1
2024-05-03 18:17:30,358 [44084586-cd1e-41a9-8c13-ea2cf27b07b5-groupManagement] INFO  server.RaftServerConfigKeys (ConfUtils.java:logGet(46)) - raft.server.log.segment.size.max = 67108864 (custom)
2024-05-03 18:17:30,356 [a4462983-f44a-4197-b2bd-8a8d54f7910a-groupManagement] INFO  server.RaftServerConfigKeys (ConfUtils.java:logGet(46)) - raft.server.log.statemachine.data.sync.timeout = 10s (default)
2024-05-03 18:17:30,358 [44084586-cd1e-41a9-8c13-ea2cf27b07b5-groupManagement] INFO  server.RaftServerConfigKeys (ConfUtils.java:logGet(46)) - raft.server.log.segment.cache.num.max = 2 (custom)
2024-05-03 18:17:30,358 [44084586-cd1e-41a9-8c13-ea2cf27b07b5-groupManagement] INFO  server.RaftServerConfigKeys (ConfUtils.java:logGet(46)) - raft.server.log.segment.cache.size.max = 200MB (=209715200) (default)
2024-05-03 18:17:30,359 [44084586-cd1e-41a9-8c13-ea2cf27b07b5-groupManagement] INFO  server.RaftServerConfigKeys (ConfUtils.java:logGet(46)) - raft.server.log.appender.buffer.byte-limit = 8388608 (custom)
2024-05-03 18:17:30,358 [a4462983-f44a-4197-b2bd-8a8d54f7910a-groupManagement] INFO  server.RaftServerConfigKeys (ConfUtils.java:logGet(46)) - raft.server.log.statemachine.data.sync.timeout.retry = 30 (custom)
2024-05-03 18:17:30,359 [99a655c4-0b57-4952-9df4-c48c67505b31-groupManagement] INFO  server.RaftServerConfigKeys (ConfUtils.java:logGet(46)) - raft.server.log.segment.size.max = 67108864 (custom)
2024-05-03 18:17:30,359 [99a655c4-0b57-4952-9df4-c48c67505b31-groupManagement] INFO  server.RaftServerConfigKeys (ConfUtils.java:logGet(46)) - raft.server.log.preallocated.size = 4194304 (custom)
2024-05-03 18:17:30,359 [99a655c4-0b57-4952-9df4-c48c67505b31-groupManagement] INFO  server.RaftServerConfigKeys (ConfUtils.java:logGet(46)) - raft.server.log.force.sync.num = 128 (default)
2024-05-03 18:17:30,359 [99a655c4-0b57-4952-9df4-c48c67505b31-groupManagement] INFO  server.RaftServerConfigKeys (ConfUtils.java:logGet(46)) - raft.server.log.statemachine.data.sync = true (default)
2024-05-03 18:17:30,359 [99a655c4-0b57-4952-9df4-c48c67505b31-groupManagement] INFO  server.RaftServerConfigKeys (ConfUtils.java:logGet(46)) - raft.server.log.statemachine.data.sync.timeout = 10s (default)
2024-05-03 18:17:30,359 [99a655c4-0b57-4952-9df4-c48c67505b31-groupManagement] INFO  server.RaftServerConfigKeys (ConfUtils.java:logGet(46)) - raft.server.log.statemachine.data.sync.timeout.retry = 30 (custom)
2024-05-03 18:17:30,360 [a4462983-f44a-4197-b2bd-8a8d54f7910a-groupManagement] INFO  server.RaftServerConfigKeys (ConfUtils.java:logGet(46)) - raft.server.log.write.buffer.size = 8388616 (custom)
2024-05-03 18:17:30,360 [99a655c4-0b57-4952-9df4-c48c67505b31-groupManagement] INFO  server.RaftServerConfigKeys (ConfUtils.java:logGet(46)) - raft.server.log.write.buffer.size = 8388616 (custom)
2024-05-03 18:17:30,362 [99a655c4-0b57-4952-9df4-c48c67505b31-groupManagement] INFO  server.RaftServerConfigKeys (ConfUtils.java:logGet(46)) - raft.server.log.appender.buffer.byte-limit = 8388608 (custom)
2024-05-03 18:17:30,362 [99a655c4-0b57-4952-9df4-c48c67505b31-groupManagement] INFO  server.RaftServerConfigKeys (ConfUtils.java:logGet(46)) - raft.server.log.unsafe-flush.enabled = false (default)
2024-05-03 18:17:30,362 [99a655c4-0b57-4952-9df4-c48c67505b31-groupManagement] INFO  server.RaftServerConfigKeys (ConfUtils.java:logGet(46)) - raft.server.log.async-flush.enabled = false (default)
2024-05-03 18:17:30,362 [99a655c4-0b57-4952-9df4-c48c67505b31-groupManagement] INFO  server.RaftServerConfigKeys (ConfUtils.java:logGet(46)) - raft.server.log.statemachine.data.caching.enabled = true (custom)
2024-05-03 18:17:30,362 [99a655c4-0b57-4952-9df4-c48c67505b31-groupManagement] INFO  segmented.SegmentedRaftLogWorker (SegmentedRaftLogWorker.java:lambda$new$0(134)) - 99a655c4-0b57-4952-9df4-c48c67505b31@group-B35983D8130B-SegmentedRaftLogWorker: flushIndex: setUnconditionally 0 -> -1
2024-05-03 18:17:30,363 [99a655c4-0b57-4952-9df4-c48c67505b31-groupManagement] INFO  segmented.SegmentedRaftLogWorker (SegmentedRaftLogWorker.java:lambda$new$0(134)) - 99a655c4-0b57-4952-9df4-c48c67505b31@group-B35983D8130B-SegmentedRaftLogWorker: safeCacheEvictIndex: setUnconditionally 0 -> -1
2024-05-03 18:17:30,363 [44084586-cd1e-41a9-8c13-ea2cf27b07b5-groupManagement] INFO  util.AwaitToRun (AwaitToRun.java:start(81)) - Thread[44084586-cd1e-41a9-8c13-ea2cf27b07b5@group-B35983D8130B-cacheEviction-AwaitToRun,5,main] started
2024-05-03 18:17:30,363 [44084586-cd1e-41a9-8c13-ea2cf27b07b5-groupManagement] INFO  segmented.SegmentedRaftLogWorker (SegmentedRaftLogWorker.java:<init>(182)) - new 44084586-cd1e-41a9-8c13-ea2cf27b07b5@group-B35983D8130B-SegmentedRaftLogWorker for RaftStorageImpl:Storage Directory /home/runner/work/ozone/ozone/hadoop-ozone/integration-test/target/test-dir/MiniOzoneClusterImpl-50ce9170-f56e-46a6-9cd7-e4b6a7a9fc1c/ozone-meta/datanode-3/ratis/a6cbb7ab-e0f2-480c-9ab2-b35983d8130b
2024-05-03 18:17:30,363 [44084586-cd1e-41a9-8c13-ea2cf27b07b5-groupManagement] INFO  server.RaftServerConfigKeys (ConfUtils.java:logGet(46)) - raft.server.log.queue.byte-limit = 4294967296 (custom)
2024-05-03 18:17:30,363 [44084586-cd1e-41a9-8c13-ea2cf27b07b5-groupManagement] INFO  server.RaftServerConfigKeys (ConfUtils.java:logGet(46)) - raft.server.log.queue.element-limit = 1024 (custom)
2024-05-03 18:17:30,363 [44084586-cd1e-41a9-8c13-ea2cf27b07b5-groupManagement] INFO  server.RaftServerConfigKeys (ConfUtils.java:logGet(46)) - raft.server.log.segment.size.max = 67108864 (custom)
2024-05-03 18:17:30,363 [44084586-cd1e-41a9-8c13-ea2cf27b07b5-groupManagement] INFO  server.RaftServerConfigKeys (ConfUtils.java:logGet(46)) - raft.server.log.preallocated.size = 4194304 (custom)
2024-05-03 18:17:30,363 [44084586-cd1e-41a9-8c13-ea2cf27b07b5-groupManagement] INFO  server.RaftServerConfigKeys (ConfUtils.java:logGet(46)) - raft.server.log.force.sync.num = 128 (default)
2024-05-03 18:17:30,363 [44084586-cd1e-41a9-8c13-ea2cf27b07b5-groupManagement] INFO  server.RaftServerConfigKeys (ConfUtils.java:logGet(46)) - raft.server.log.statemachine.data.sync = true (default)
2024-05-03 18:17:30,364 [44084586-cd1e-41a9-8c13-ea2cf27b07b5-groupManagement] INFO  server.RaftServerConfigKeys (ConfUtils.java:logGet(46)) - raft.server.log.statemachine.data.sync.timeout = 10s (default)
2024-05-03 18:17:30,364 [44084586-cd1e-41a9-8c13-ea2cf27b07b5-groupManagement] INFO  server.RaftServerConfigKeys (ConfUtils.java:logGet(46)) - raft.server.log.statemachine.data.sync.timeout.retry = 30 (custom)
2024-05-03 18:17:30,364 [a4462983-f44a-4197-b2bd-8a8d54f7910a-groupManagement] INFO  server.RaftServerConfigKeys (ConfUtils.java:logGet(46)) - raft.server.log.appender.buffer.byte-limit = 8388608 (custom)
2024-05-03 18:17:30,364 [a4462983-f44a-4197-b2bd-8a8d54f7910a-groupManagement] INFO  server.RaftServerConfigKeys (ConfUtils.java:logGet(46)) - raft.server.log.unsafe-flush.enabled = false (default)
2024-05-03 18:17:30,364 [44084586-cd1e-41a9-8c13-ea2cf27b07b5-groupManagement] INFO  server.RaftServerConfigKeys (ConfUtils.java:logGet(46)) - raft.server.log.write.buffer.size = 8388616 (custom)
2024-05-03 18:17:30,364 [a4462983-f44a-4197-b2bd-8a8d54f7910a-groupManagement] INFO  server.RaftServerConfigKeys (ConfUtils.java:logGet(46)) - raft.server.log.async-flush.enabled = false (default)
2024-05-03 18:17:30,364 [a4462983-f44a-4197-b2bd-8a8d54f7910a-groupManagement] INFO  server.RaftServerConfigKeys (ConfUtils.java:logGet(46)) - raft.server.log.statemachine.data.caching.enabled = true (custom)
2024-05-03 18:17:30,364 [a4462983-f44a-4197-b2bd-8a8d54f7910a-groupManagement] INFO  segmented.SegmentedRaftLogWorker (SegmentedRaftLogWorker.java:lambda$new$0(134)) - a4462983-f44a-4197-b2bd-8a8d54f7910a@group-B35983D8130B-SegmentedRaftLogWorker: flushIndex: setUnconditionally 0 -> -1
2024-05-03 18:17:30,365 [a4462983-f44a-4197-b2bd-8a8d54f7910a-groupManagement] INFO  segmented.SegmentedRaftLogWorker (SegmentedRaftLogWorker.java:lambda$new$0(134)) - a4462983-f44a-4197-b2bd-8a8d54f7910a@group-B35983D8130B-SegmentedRaftLogWorker: safeCacheEvictIndex: setUnconditionally 0 -> -1
2024-05-03 18:17:30,365 [a4462983-f44a-4197-b2bd-8a8d54f7910a-groupManagement] INFO  server.RaftServer$Division (RaftServerImpl.java:start(396)) - a4462983-f44a-4197-b2bd-8a8d54f7910a@group-B35983D8130B: start as a follower, conf=-1: peers:[99a655c4-0b57-4952-9df4-c48c67505b31|127.0.0.1:15023, a4462983-f44a-4197-b2bd-8a8d54f7910a|127.0.0.1:15014, 44084586-cd1e-41a9-8c13-ea2cf27b07b5|127.0.0.1:15032]|listeners:[], old=null
2024-05-03 18:17:30,365 [a4462983-f44a-4197-b2bd-8a8d54f7910a-groupManagement] INFO  server.RaftServer$Division (RaftServerImpl.java:setRole(383)) - a4462983-f44a-4197-b2bd-8a8d54f7910a@group-B35983D8130B: changes role from      null to FOLLOWER at term 0 for startAsFollower
2024-05-03 18:17:30,365 [a4462983-f44a-4197-b2bd-8a8d54f7910a-groupManagement] INFO  impl.RoleInfo (RoleInfo.java:updateAndGet(139)) - a4462983-f44a-4197-b2bd-8a8d54f7910a: start a4462983-f44a-4197-b2bd-8a8d54f7910a@group-B35983D8130B-FollowerState
2024-05-03 18:17:30,366 [44084586-cd1e-41a9-8c13-ea2cf27b07b5-groupManagement] INFO  server.RaftServerConfigKeys (ConfUtils.java:logGet(46)) - raft.server.log.appender.buffer.byte-limit = 8388608 (custom)
2024-05-03 18:17:30,366 [44084586-cd1e-41a9-8c13-ea2cf27b07b5-groupManagement] INFO  server.RaftServerConfigKeys (ConfUtils.java:logGet(46)) - raft.server.log.unsafe-flush.enabled = false (default)
2024-05-03 18:17:30,366 [44084586-cd1e-41a9-8c13-ea2cf27b07b5-groupManagement] INFO  server.RaftServerConfigKeys (ConfUtils.java:logGet(46)) - raft.server.log.async-flush.enabled = false (default)
2024-05-03 18:17:30,366 [44084586-cd1e-41a9-8c13-ea2cf27b07b5-groupManagement] INFO  server.RaftServerConfigKeys (ConfUtils.java:logGet(46)) - raft.server.log.statemachine.data.caching.enabled = true (custom)
2024-05-03 18:17:30,366 [44084586-cd1e-41a9-8c13-ea2cf27b07b5-groupManagement] INFO  segmented.SegmentedRaftLogWorker (SegmentedRaftLogWorker.java:lambda$new$0(134)) - 44084586-cd1e-41a9-8c13-ea2cf27b07b5@group-B35983D8130B-SegmentedRaftLogWorker: flushIndex: setUnconditionally 0 -> -1
2024-05-03 18:17:30,366 [44084586-cd1e-41a9-8c13-ea2cf27b07b5-groupManagement] INFO  segmented.SegmentedRaftLogWorker (SegmentedRaftLogWorker.java:lambda$new$0(134)) - 44084586-cd1e-41a9-8c13-ea2cf27b07b5@group-B35983D8130B-SegmentedRaftLogWorker: safeCacheEvictIndex: setUnconditionally 0 -> -1
2024-05-03 18:17:30,367 [a4462983-f44a-4197-b2bd-8a8d54f7910a@group-B35983D8130B-FollowerState] INFO  server.RaftServerConfigKeys (ConfUtils.java:logFallback(53)) - raft.server.rpc.first-election.timeout.min = 5s (fallback to raft.server.rpc.timeout.min)
2024-05-03 18:17:30,367 [a4462983-f44a-4197-b2bd-8a8d54f7910a@group-B35983D8130B-FollowerState] INFO  server.RaftServerConfigKeys (ConfUtils.java:logFallback(53)) - raft.server.rpc.first-election.timeout.max = 5200ms (fallback to raft.server.rpc.timeout.max)
2024-05-03 18:17:30,367 [a4462983-f44a-4197-b2bd-8a8d54f7910a-groupManagement] INFO  util.JmxRegister (JmxRegister.java:tryRegister(44)) - Successfully registered JMX Bean with object name Ratis:service=RaftServer,group=group-B35983D8130B,id=a4462983-f44a-4197-b2bd-8a8d54f7910a
2024-05-03 18:17:30,367 [a4462983-f44a-4197-b2bd-8a8d54f7910a-groupManagement] INFO  server.RaftServerConfigKeys (ConfUtils.java:logGet(46)) - raft.server.snapshot.trigger-when-stop.enabled = true (default)
2024-05-03 18:17:30,368 [a4462983-f44a-4197-b2bd-8a8d54f7910a-groupManagement] INFO  server.RaftServerConfigKeys (ConfUtils.java:logGet(46)) - raft.server.snapshot.auto.trigger.enabled = true (custom)
2024-05-03 18:17:30,368 [a4462983-f44a-4197-b2bd-8a8d54f7910a-groupManagement] INFO  server.RaftServerConfigKeys (ConfUtils.java:logGet(46)) - raft.server.snapshot.auto.trigger.threshold = 10000 (custom)
2024-05-03 18:17:30,368 [a4462983-f44a-4197-b2bd-8a8d54f7910a-groupManagement] INFO  server.RaftServerConfigKeys (ConfUtils.java:logGet(46)) - raft.server.snapshot.retention.file.num = 5 (custom)
2024-05-03 18:17:30,368 [a4462983-f44a-4197-b2bd-8a8d54f7910a-groupManagement] INFO  server.RaftServerConfigKeys (ConfUtils.java:logGet(46)) - raft.server.log.purge.upto.snapshot.index = false (default)
2024-05-03 18:17:30,371 [44084586-cd1e-41a9-8c13-ea2cf27b07b5-groupManagement] INFO  server.RaftServer$Division (RaftServerImpl.java:start(396)) - 44084586-cd1e-41a9-8c13-ea2cf27b07b5@group-B35983D8130B: start as a follower, conf=-1: peers:[99a655c4-0b57-4952-9df4-c48c67505b31|127.0.0.1:15023, a4462983-f44a-4197-b2bd-8a8d54f7910a|127.0.0.1:15014, 44084586-cd1e-41a9-8c13-ea2cf27b07b5|127.0.0.1:15032]|listeners:[], old=null
2024-05-03 18:17:30,371 [44084586-cd1e-41a9-8c13-ea2cf27b07b5-groupManagement] INFO  server.RaftServer$Division (RaftServerImpl.java:setRole(383)) - 44084586-cd1e-41a9-8c13-ea2cf27b07b5@group-B35983D8130B: changes role from      null to FOLLOWER at term 0 for startAsFollower
2024-05-03 18:17:30,371 [44084586-cd1e-41a9-8c13-ea2cf27b07b5-groupManagement] INFO  impl.RoleInfo (RoleInfo.java:updateAndGet(139)) - 44084586-cd1e-41a9-8c13-ea2cf27b07b5: start 44084586-cd1e-41a9-8c13-ea2cf27b07b5@group-B35983D8130B-FollowerState
2024-05-03 18:17:30,375 [99a655c4-0b57-4952-9df4-c48c67505b31-groupManagement] INFO  server.RaftServer$Division (RaftServerImpl.java:start(396)) - 99a655c4-0b57-4952-9df4-c48c67505b31@group-B35983D8130B: start as a follower, conf=-1: peers:[99a655c4-0b57-4952-9df4-c48c67505b31|127.0.0.1:15023, a4462983-f44a-4197-b2bd-8a8d54f7910a|127.0.0.1:15014, 44084586-cd1e-41a9-8c13-ea2cf27b07b5|127.0.0.1:15032]|listeners:[], old=null
2024-05-03 18:17:30,375 [99a655c4-0b57-4952-9df4-c48c67505b31-groupManagement] INFO  server.RaftServer$Division (RaftServerImpl.java:setRole(383)) - 99a655c4-0b57-4952-9df4-c48c67505b31@group-B35983D8130B: changes role from      null to FOLLOWER at term 0 for startAsFollower
2024-05-03 18:17:30,375 [99a655c4-0b57-4952-9df4-c48c67505b31-groupManagement] INFO  impl.RoleInfo (RoleInfo.java:updateAndGet(139)) - 99a655c4-0b57-4952-9df4-c48c67505b31: start 99a655c4-0b57-4952-9df4-c48c67505b31@group-B35983D8130B-FollowerState
2024-05-03 18:17:30,375 [a4462983-f44a-4197-b2bd-8a8d54f7910a-PipelineCommandHandlerThread-0] INFO  ratis.XceiverServerRatis (XceiverServerRatis.java:addGroup(864)) - Created group PipelineID=a6cbb7ab-e0f2-480c-9ab2-b35983d8130b
2024-05-03 18:17:30,376 [44084586-cd1e-41a9-8c13-ea2cf27b07b5-groupManagement] INFO  util.JmxRegister (JmxRegister.java:tryRegister(44)) - Successfully registered JMX Bean with object name Ratis:service=RaftServer,group=group-B35983D8130B,id=44084586-cd1e-41a9-8c13-ea2cf27b07b5
2024-05-03 18:17:30,376 [44084586-cd1e-41a9-8c13-ea2cf27b07b5@group-B35983D8130B-FollowerState] INFO  server.RaftServerConfigKeys (ConfUtils.java:logFallback(53)) - raft.server.rpc.first-election.timeout.min = 5s (fallback to raft.server.rpc.timeout.min)
2024-05-03 18:17:30,376 [44084586-cd1e-41a9-8c13-ea2cf27b07b5@group-B35983D8130B-FollowerState] INFO  server.RaftServerConfigKeys (ConfUtils.java:logFallback(53)) - raft.server.rpc.first-election.timeout.max = 5200ms (fallback to raft.server.rpc.timeout.max)
2024-05-03 18:17:30,376 [44084586-cd1e-41a9-8c13-ea2cf27b07b5-groupManagement] INFO  server.RaftServerConfigKeys (ConfUtils.java:logGet(46)) - raft.server.snapshot.trigger-when-stop.enabled = true (default)
2024-05-03 18:17:30,376 [44084586-cd1e-41a9-8c13-ea2cf27b07b5-groupManagement] INFO  server.RaftServerConfigKeys (ConfUtils.java:logGet(46)) - raft.server.snapshot.auto.trigger.enabled = true (custom)
2024-05-03 18:17:30,376 [44084586-cd1e-41a9-8c13-ea2cf27b07b5-groupManagement] INFO  server.RaftServerConfigKeys (ConfUtils.java:logGet(46)) - raft.server.snapshot.auto.trigger.threshold = 10000 (custom)
2024-05-03 18:17:30,376 [44084586-cd1e-41a9-8c13-ea2cf27b07b5-groupManagement] INFO  server.RaftServerConfigKeys (ConfUtils.java:logGet(46)) - raft.server.snapshot.retention.file.num = 5 (custom)
2024-05-03 18:17:30,376 [44084586-cd1e-41a9-8c13-ea2cf27b07b5-groupManagement] INFO  server.RaftServerConfigKeys (ConfUtils.java:logGet(46)) - raft.server.log.purge.upto.snapshot.index = false (default)
2024-05-03 18:17:30,379 [99a655c4-0b57-4952-9df4-c48c67505b31-groupManagement] INFO  util.JmxRegister (JmxRegister.java:tryRegister(44)) - Successfully registered JMX Bean with object name Ratis:service=RaftServer,group=group-B35983D8130B,id=99a655c4-0b57-4952-9df4-c48c67505b31
2024-05-03 18:17:30,379 [99a655c4-0b57-4952-9df4-c48c67505b31-groupManagement] INFO  server.RaftServerConfigKeys (ConfUtils.java:logGet(46)) - raft.server.snapshot.trigger-when-stop.enabled = true (default)
2024-05-03 18:17:30,379 [99a655c4-0b57-4952-9df4-c48c67505b31-groupManagement] INFO  server.RaftServerConfigKeys (ConfUtils.java:logGet(46)) - raft.server.snapshot.auto.trigger.enabled = true (custom)
2024-05-03 18:17:30,379 [99a655c4-0b57-4952-9df4-c48c67505b31-groupManagement] INFO  server.RaftServerConfigKeys (ConfUtils.java:logGet(46)) - raft.server.snapshot.auto.trigger.threshold = 10000 (custom)
2024-05-03 18:17:30,379 [99a655c4-0b57-4952-9df4-c48c67505b31-groupManagement] INFO  server.RaftServerConfigKeys (ConfUtils.java:logGet(46)) - raft.server.snapshot.retention.file.num = 5 (custom)
2024-05-03 18:17:30,379 [99a655c4-0b57-4952-9df4-c48c67505b31-groupManagement] INFO  server.RaftServerConfigKeys (ConfUtils.java:logGet(46)) - raft.server.log.purge.upto.snapshot.index = false (default)
2024-05-03 18:17:30,380 [99a655c4-0b57-4952-9df4-c48c67505b31@group-B35983D8130B-FollowerState] INFO  server.RaftServerConfigKeys (ConfUtils.java:logFallback(53)) - raft.server.rpc.first-election.timeout.min = 5s (fallback to raft.server.rpc.timeout.min)
2024-05-03 18:17:30,380 [99a655c4-0b57-4952-9df4-c48c67505b31@group-B35983D8130B-FollowerState] INFO  server.RaftServerConfigKeys (ConfUtils.java:logFallback(53)) - raft.server.rpc.first-election.timeout.max = 5200ms (fallback to raft.server.rpc.timeout.max)
2024-05-03 18:17:30,384 [44084586-cd1e-41a9-8c13-ea2cf27b07b5-PipelineCommandHandlerThread-0] INFO  ratis.XceiverServerRatis (XceiverServerRatis.java:addGroup(864)) - Created group PipelineID=a6cbb7ab-e0f2-480c-9ab2-b35983d8130b
2024-05-03 18:17:30,384 [99a655c4-0b57-4952-9df4-c48c67505b31-PipelineCommandHandlerThread-0] INFO  ratis.XceiverServerRatis (XceiverServerRatis.java:addGroup(864)) - Created group PipelineID=a6cbb7ab-e0f2-480c-9ab2-b35983d8130b
2024-05-03 18:17:30,425 [44084586-cd1e-41a9-8c13-ea2cf27b07b5-PipelineCommandHandlerThread-0] INFO  commandhandler.CreatePipelineCommandHandler (CreatePipelineCommandHandler.java:lambda$handle$2(124)) - Created Pipeline RATIS THREE PipelineID=a6cbb7ab-e0f2-480c-9ab2-b35983d8130b.
2024-05-03 18:17:30,427 [99a655c4-0b57-4952-9df4-c48c67505b31-PipelineCommandHandlerThread-0] INFO  commandhandler.CreatePipelineCommandHandler (CreatePipelineCommandHandler.java:lambda$handle$2(124)) - Created Pipeline RATIS THREE PipelineID=a6cbb7ab-e0f2-480c-9ab2-b35983d8130b.
2024-05-03 18:17:30,428 [a4462983-f44a-4197-b2bd-8a8d54f7910a-PipelineCommandHandlerThread-0] INFO  commandhandler.CreatePipelineCommandHandler (CreatePipelineCommandHandler.java:lambda$handle$2(124)) - Created Pipeline RATIS THREE PipelineID=a6cbb7ab-e0f2-480c-9ab2-b35983d8130b.
2024-05-03 18:17:31,073 [main] INFO  ozone.MiniOzoneClusterImpl (MiniOzoneClusterImpl.java:lambda$waitForClusterToBeReady$0(194)) - Nodes are ready. Got 3 of 3 DN Heartbeats.
2024-05-03 18:17:31,073 [main] INFO  ozone.MiniOzoneClusterImpl (MiniOzoneClusterImpl.java:lambda$waitForClusterToBeReady$0(197)) - Waiting for cluster to exit safe mode
2024-05-03 18:17:31,073 [main] INFO  ozone.MiniOzoneClusterImpl (MiniOzoneClusterImpl.java:lambda$waitForClusterToBeReady$0(199)) - SCM became leader
2024-05-03 18:17:32,073 [main] INFO  ozone.MiniOzoneClusterImpl (MiniOzoneClusterImpl.java:lambda$waitForClusterToBeReady$0(194)) - Nodes are ready. Got 3 of 3 DN Heartbeats.
2024-05-03 18:17:32,073 [main] INFO  ozone.MiniOzoneClusterImpl (MiniOzoneClusterImpl.java:lambda$waitForClusterToBeReady$0(197)) - Waiting for cluster to exit safe mode
2024-05-03 18:17:32,073 [main] INFO  ozone.MiniOzoneClusterImpl (MiniOzoneClusterImpl.java:lambda$waitForClusterToBeReady$0(199)) - SCM became leader
2024-05-03 18:17:33,074 [main] INFO  ozone.MiniOzoneClusterImpl (MiniOzoneClusterImpl.java:lambda$waitForClusterToBeReady$0(194)) - Nodes are ready. Got 3 of 3 DN Heartbeats.
2024-05-03 18:17:33,074 [main] INFO  ozone.MiniOzoneClusterImpl (MiniOzoneClusterImpl.java:lambda$waitForClusterToBeReady$0(197)) - Waiting for cluster to exit safe mode
2024-05-03 18:17:33,074 [main] INFO  ozone.MiniOzoneClusterImpl (MiniOzoneClusterImpl.java:lambda$waitForClusterToBeReady$0(199)) - SCM became leader
2024-05-03 18:17:34,074 [main] INFO  ozone.MiniOzoneClusterImpl (MiniOzoneClusterImpl.java:lambda$waitForClusterToBeReady$0(194)) - Nodes are ready. Got 3 of 3 DN Heartbeats.
2024-05-03 18:17:34,074 [main] INFO  ozone.MiniOzoneClusterImpl (MiniOzoneClusterImpl.java:lambda$waitForClusterToBeReady$0(197)) - Waiting for cluster to exit safe mode
2024-05-03 18:17:34,074 [main] INFO  ozone.MiniOzoneClusterImpl (MiniOzoneClusterImpl.java:lambda$waitForClusterToBeReady$0(199)) - SCM became leader
2024-05-03 18:17:34,876 [a4462983-f44a-4197-b2bd-8a8d54f7910a@group-EAAC35C97CC6-FollowerState] INFO  impl.FollowerState (FollowerState.java:run(143)) - a4462983-f44a-4197-b2bd-8a8d54f7910a@group-EAAC35C97CC6-FollowerState: change to CANDIDATE, lastRpcElapsedTime:5013785662ns, electionTimeout:5011ms
2024-05-03 18:17:34,877 [a4462983-f44a-4197-b2bd-8a8d54f7910a@group-EAAC35C97CC6-FollowerState] INFO  impl.RoleInfo (RoleInfo.java:shutdownFollowerState(110)) - a4462983-f44a-4197-b2bd-8a8d54f7910a: shutdown a4462983-f44a-4197-b2bd-8a8d54f7910a@group-EAAC35C97CC6-FollowerState
2024-05-03 18:17:34,877 [a4462983-f44a-4197-b2bd-8a8d54f7910a@group-EAAC35C97CC6-FollowerState] INFO  server.RaftServer$Division (RaftServerImpl.java:setRole(383)) - a4462983-f44a-4197-b2bd-8a8d54f7910a@group-EAAC35C97CC6: changes role from  FOLLOWER to CANDIDATE at term 0 for changeToCandidate
2024-05-03 18:17:34,877 [a4462983-f44a-4197-b2bd-8a8d54f7910a@group-EAAC35C97CC6-FollowerState] INFO  server.RaftServerConfigKeys (ConfUtils.java:logGet(46)) - raft.server.leaderelection.pre-vote = true (default)
2024-05-03 18:17:34,877 [a4462983-f44a-4197-b2bd-8a8d54f7910a@group-EAAC35C97CC6-FollowerState] INFO  impl.RoleInfo (RoleInfo.java:updateAndGet(139)) - a4462983-f44a-4197-b2bd-8a8d54f7910a: start a4462983-f44a-4197-b2bd-8a8d54f7910a@group-EAAC35C97CC6-LeaderElection2
2024-05-03 18:17:34,877 [a4462983-f44a-4197-b2bd-8a8d54f7910a@group-EAAC35C97CC6-LeaderElection2] INFO  impl.LeaderElection (LeaderElection.java:askForVotes(321)) - a4462983-f44a-4197-b2bd-8a8d54f7910a@group-EAAC35C97CC6-LeaderElection2 PRE_VOTE round 0: submit vote requests at term 0 for -1: peers:[a4462983-f44a-4197-b2bd-8a8d54f7910a|127.0.0.1:15014]|listeners:[], old=null
2024-05-03 18:17:34,877 [a4462983-f44a-4197-b2bd-8a8d54f7910a@group-EAAC35C97CC6-LeaderElection2] INFO  impl.LeaderElection (LeaderElection.java:askForVotes(323)) - a4462983-f44a-4197-b2bd-8a8d54f7910a@group-EAAC35C97CC6-LeaderElection2 PRE_VOTE round 0: result PASSED (term=0)
2024-05-03 18:17:34,879 [a4462983-f44a-4197-b2bd-8a8d54f7910a@group-EAAC35C97CC6-LeaderElection2] INFO  impl.LeaderElection (LeaderElection.java:askForVotes(321)) - a4462983-f44a-4197-b2bd-8a8d54f7910a@group-EAAC35C97CC6-LeaderElection2 ELECTION round 0: submit vote requests at term 1 for -1: peers:[a4462983-f44a-4197-b2bd-8a8d54f7910a|127.0.0.1:15014]|listeners:[], old=null
2024-05-03 18:17:34,879 [a4462983-f44a-4197-b2bd-8a8d54f7910a@group-EAAC35C97CC6-LeaderElection2] INFO  impl.LeaderElection (LeaderElection.java:askForVotes(323)) - a4462983-f44a-4197-b2bd-8a8d54f7910a@group-EAAC35C97CC6-LeaderElection2 ELECTION round 0: result PASSED (term=1)
2024-05-03 18:17:34,879 [a4462983-f44a-4197-b2bd-8a8d54f7910a@group-EAAC35C97CC6-LeaderElection2] INFO  impl.RoleInfo (RoleInfo.java:shutdownLeaderElection(130)) - a4462983-f44a-4197-b2bd-8a8d54f7910a: shutdown a4462983-f44a-4197-b2bd-8a8d54f7910a@group-EAAC35C97CC6-LeaderElection2
2024-05-03 18:17:34,879 [a4462983-f44a-4197-b2bd-8a8d54f7910a@group-EAAC35C97CC6-LeaderElection2] INFO  server.RaftServer$Division (RaftServerImpl.java:setRole(383)) - a4462983-f44a-4197-b2bd-8a8d54f7910a@group-EAAC35C97CC6: changes role from CANDIDATE to LEADER at term 1 for changeToLeader
2024-05-03 18:17:34,879 [a4462983-f44a-4197-b2bd-8a8d54f7910a@group-EAAC35C97CC6-LeaderElection2] INFO  server.RaftServerConfigKeys (ConfUtils.java:logGet(46)) - raft.server.staging.catchup.gap = 1000 (default)
2024-05-03 18:17:34,879 [a4462983-f44a-4197-b2bd-8a8d54f7910a@group-EAAC35C97CC6-LeaderElection2] INFO  server.RaftServerConfigKeys (ConfUtils.java:logGet(46)) - raft.server.write.element-limit = 1024 (custom)
2024-05-03 18:17:34,879 [a4462983-f44a-4197-b2bd-8a8d54f7910a@group-EAAC35C97CC6-LeaderElection2] INFO  server.RaftServerConfigKeys (ConfUtils.java:logGet(46)) - raft.server.write.byte-limit = 1024 M (=1073741824) (custom)
2024-05-03 18:17:34,880 [a4462983-f44a-4197-b2bd-8a8d54f7910a@group-EAAC35C97CC6-LeaderElection2] INFO  server.RaftServerConfigKeys (ConfUtils.java:logGet(46)) - raft.server.watch.timeout = 180s (custom)
2024-05-03 18:17:34,880 [a4462983-f44a-4197-b2bd-8a8d54f7910a@group-EAAC35C97CC6-LeaderElection2] INFO  server.RaftServerConfigKeys (ConfUtils.java:logGet(46)) - raft.server.watch.timeout.denomination = 1s (default)
2024-05-03 18:17:34,880 [a4462983-f44a-4197-b2bd-8a8d54f7910a@group-EAAC35C97CC6-LeaderElection2] INFO  server.RaftServerConfigKeys (ConfUtils.java:logGet(46)) - raft.server.watch.element-limit = 65536 (default)
2024-05-03 18:17:34,880 [a4462983-f44a-4197-b2bd-8a8d54f7910a@group-EAAC35C97CC6-LeaderElection2] INFO  server.RaftServerConfigKeys (ConfUtils.java:logGet(46)) - raft.server.read.leader.lease.enabled = false (default)
2024-05-03 18:17:34,880 [a4462983-f44a-4197-b2bd-8a8d54f7910a@group-EAAC35C97CC6-LeaderElection2] INFO  server.RaftServerConfigKeys (ConfUtils.java:logGet(46)) - raft.server.read.leader.lease.timeout.ratio = 0.9 (default)
2024-05-03 18:17:34,880 [a4462983-f44a-4197-b2bd-8a8d54f7910a@group-EAAC35C97CC6-LeaderElection2] INFO  server.RaftServerConfigKeys (ConfUtils.java:logGet(46)) - raft.server.rpc.timeout.min = 5s (custom)
2024-05-03 18:17:34,880 [a4462983-f44a-4197-b2bd-8a8d54f7910a@group-EAAC35C97CC6-LeaderElection2] INFO  server.RaftServerConfigKeys (ConfUtils.java:logGet(46)) - raft.server.write.element-limit = 1024 (custom)
2024-05-03 18:17:34,880 [a4462983-f44a-4197-b2bd-8a8d54f7910a@group-EAAC35C97CC6-LeaderElection2] INFO  server.RaftServerConfigKeys (ConfUtils.java:logGet(46)) - raft.server.write.follower.gap.ratio.max = -1.0 (default)
2024-05-03 18:17:34,881 [a4462983-f44a-4197-b2bd-8a8d54f7910a@group-EAAC35C97CC6-LeaderElection2] INFO  impl.RoleInfo (RoleInfo.java:updateAndGet(139)) - a4462983-f44a-4197-b2bd-8a8d54f7910a: start a4462983-f44a-4197-b2bd-8a8d54f7910a@group-EAAC35C97CC6-LeaderStateImpl
2024-05-03 18:17:34,881 [a4462983-f44a-4197-b2bd-8a8d54f7910a@group-EAAC35C97CC6-LeaderElection2] INFO  server.RaftServer$Division (RaftServerImpl.java:setFirstElection(574)) - a4462983-f44a-4197-b2bd-8a8d54f7910a@group-EAAC35C97CC6: set firstElectionSinceStartup to false for becomeLeader
2024-05-03 18:17:34,881 [a4462983-f44a-4197-b2bd-8a8d54f7910a@group-EAAC35C97CC6-LeaderElection2] INFO  ratis.XceiverServerRatis (XceiverServerRatis.java:handleLeaderChangedNotification(966)) - Leader change notification received for group: group-EAAC35C97CC6 with new leaderId: a4462983-f44a-4197-b2bd-8a8d54f7910a
2024-05-03 18:17:34,882 [a4462983-f44a-4197-b2bd-8a8d54f7910a@group-EAAC35C97CC6-LeaderElection2] INFO  server.RaftServer$Division (ServerState.java:setLeader(269)) - a4462983-f44a-4197-b2bd-8a8d54f7910a@group-EAAC35C97CC6: change Leader from null to a4462983-f44a-4197-b2bd-8a8d54f7910a at term 1 for becomeLeader, leader elected after 5043ms
2024-05-03 18:17:34,882 [a4462983-f44a-4197-b2bd-8a8d54f7910a@group-EAAC35C97CC6-LeaderElection2] INFO  segmented.SegmentedRaftLogWorker (SegmentedRaftLogWorker.java:startLogSegment(430)) - a4462983-f44a-4197-b2bd-8a8d54f7910a@group-EAAC35C97CC6-SegmentedRaftLogWorker: Starting segment from index:0
2024-05-03 18:17:34,882 [a4462983-f44a-4197-b2bd-8a8d54f7910a@group-EAAC35C97CC6-SegmentedRaftLogWorker] INFO  segmented.BufferedWriteChannel (BufferedWriteChannel.java:open(62)) - open log_inprogress_0 at position 0
2024-05-03 18:17:34,883 [a4462983-f44a-4197-b2bd-8a8d54f7910a@group-EAAC35C97CC6-LeaderElection2] INFO  server.RaftServer$Division (ServerState.java:setRaftConf(386)) - a4462983-f44a-4197-b2bd-8a8d54f7910a@group-EAAC35C97CC6: set configuration 0: peers:[a4462983-f44a-4197-b2bd-8a8d54f7910a|127.0.0.1:15014]|listeners:[], old=null
2024-05-03 18:17:34,884 [EventQueue-OpenPipelineForHealthyPipelineSafeModeRule] INFO  safemode.SCMSafeModeManager (HealthyPipelineSafeModeRule.java:process(140)) - SCM in safe mode. Healthy pipelines reported count is 0, required healthy pipeline reported count is 1
2024-05-03 18:17:34,890 [a4462983-f44a-4197-b2bd-8a8d54f7910a@group-EAAC35C97CC6-SegmentedRaftLogWorker] INFO  segmented.SegmentedRaftLogWorker (SegmentedRaftLogWorker.java:execute(634)) - a4462983-f44a-4197-b2bd-8a8d54f7910a@group-EAAC35C97CC6-SegmentedRaftLogWorker: created new log segment /home/runner/work/ozone/ozone/hadoop-ozone/integration-test/target/test-dir/MiniOzoneClusterImpl-50ce9170-f56e-46a6-9cd7-e4b6a7a9fc1c/ozone-meta/datanode-1/ratis/b467423f-5b6b-400c-94c6-eaac35c97cc6/current/log_inprogress_0
2024-05-03 18:17:34,892 [a4462983-f44a-4197-b2bd-8a8d54f7910a@group-EAAC35C97CC6-StateMachineUpdater] INFO  server.RaftServer$Division (LeaderStateImpl.java:isApplied(320)) - leader is ready since appliedIndex == 0 >= startIndex == 0
2024-05-03 18:17:34,914 [a4462983-f44a-4197-b2bd-8a8d54f7910a@group-9912BB9F3D05-FollowerState] INFO  impl.FollowerState (FollowerState.java:run(143)) - a4462983-f44a-4197-b2bd-8a8d54f7910a@group-9912BB9F3D05-FollowerState: change to CANDIDATE, lastRpcElapsedTime:5015039132ns, electionTimeout:5009ms
2024-05-03 18:17:34,914 [a4462983-f44a-4197-b2bd-8a8d54f7910a@group-9912BB9F3D05-FollowerState] INFO  impl.RoleInfo (RoleInfo.java:shutdownFollowerState(110)) - a4462983-f44a-4197-b2bd-8a8d54f7910a: shutdown a4462983-f44a-4197-b2bd-8a8d54f7910a@group-9912BB9F3D05-FollowerState
2024-05-03 18:17:34,914 [a4462983-f44a-4197-b2bd-8a8d54f7910a@group-9912BB9F3D05-FollowerState] INFO  server.RaftServer$Division (RaftServerImpl.java:setRole(383)) - a4462983-f44a-4197-b2bd-8a8d54f7910a@group-9912BB9F3D05: changes role from  FOLLOWER to CANDIDATE at term 0 for changeToCandidate
2024-05-03 18:17:34,914 [a4462983-f44a-4197-b2bd-8a8d54f7910a@group-9912BB9F3D05-FollowerState] INFO  server.RaftServerConfigKeys (ConfUtils.java:logGet(46)) - raft.server.leaderelection.pre-vote = true (default)
2024-05-03 18:17:34,914 [a4462983-f44a-4197-b2bd-8a8d54f7910a@group-9912BB9F3D05-FollowerState] INFO  impl.RoleInfo (RoleInfo.java:updateAndGet(139)) - a4462983-f44a-4197-b2bd-8a8d54f7910a: start a4462983-f44a-4197-b2bd-8a8d54f7910a@group-9912BB9F3D05-LeaderElection3
2024-05-03 18:17:34,915 [a4462983-f44a-4197-b2bd-8a8d54f7910a@group-9912BB9F3D05-LeaderElection3] INFO  impl.LeaderElection (LeaderElection.java:askForVotes(321)) - a4462983-f44a-4197-b2bd-8a8d54f7910a@group-9912BB9F3D05-LeaderElection3 PRE_VOTE round 0: submit vote requests at term 0 for -1: peers:[99a655c4-0b57-4952-9df4-c48c67505b31|127.0.0.1:15023, a4462983-f44a-4197-b2bd-8a8d54f7910a|127.0.0.1:15014, 44084586-cd1e-41a9-8c13-ea2cf27b07b5|127.0.0.1:15032]|listeners:[], old=null
2024-05-03 18:17:34,918 [a4462983-f44a-4197-b2bd-8a8d54f7910a@group-9912BB9F3D05-LeaderElection3] INFO  server.RaftServerConfigKeys (ConfUtils.java:logFallback(53)) - raft.server.rpc.first-election.timeout.min = 5s (fallback to raft.server.rpc.timeout.min)
2024-05-03 18:17:34,918 [a4462983-f44a-4197-b2bd-8a8d54f7910a@group-9912BB9F3D05-LeaderElection3-1] INFO  server.GrpcServerProtocolClient (GrpcServerProtocolClient.java:<init>(65)) - Build channel for 99a655c4-0b57-4952-9df4-c48c67505b31|127.0.0.1:15023
2024-05-03 18:17:34,918 [a4462983-f44a-4197-b2bd-8a8d54f7910a@group-9912BB9F3D05-LeaderElection3] INFO  server.RaftServerConfigKeys (ConfUtils.java:logFallback(53)) - raft.server.rpc.first-election.timeout.max = 5200ms (fallback to raft.server.rpc.timeout.max)
2024-05-03 18:17:34,918 [a4462983-f44a-4197-b2bd-8a8d54f7910a@group-9912BB9F3D05-LeaderElection3-2] INFO  server.GrpcServerProtocolClient (GrpcServerProtocolClient.java:<init>(65)) - Build channel for 44084586-cd1e-41a9-8c13-ea2cf27b07b5|127.0.0.1:15032
2024-05-03 18:17:34,926 [grpc-default-executor-2] INFO  server.RaftServer$Division (RaftServerImpl.java:requestVote(1389)) - 99a655c4-0b57-4952-9df4-c48c67505b31@group-9912BB9F3D05: receive requestVote(PRE_VOTE, a4462983-f44a-4197-b2bd-8a8d54f7910a, group-9912BB9F3D05, 0, (t:0, i:0))
2024-05-03 18:17:34,926 [grpc-default-executor-1] INFO  server.RaftServer$Division (RaftServerImpl.java:requestVote(1389)) - 44084586-cd1e-41a9-8c13-ea2cf27b07b5@group-9912BB9F3D05: receive requestVote(PRE_VOTE, a4462983-f44a-4197-b2bd-8a8d54f7910a, group-9912BB9F3D05, 0, (t:0, i:0))
2024-05-03 18:17:34,927 [grpc-default-executor-2] INFO  impl.VoteContext (VoteContext.java:log(49)) - 99a655c4-0b57-4952-9df4-c48c67505b31@group-9912BB9F3D05-FOLLOWER: accept PRE_VOTE from a4462983-f44a-4197-b2bd-8a8d54f7910a: our priority 0 <= candidate's priority 1
2024-05-03 18:17:34,927 [grpc-default-executor-1] INFO  impl.VoteContext (VoteContext.java:log(49)) - 44084586-cd1e-41a9-8c13-ea2cf27b07b5@group-9912BB9F3D05-FOLLOWER: accept PRE_VOTE from a4462983-f44a-4197-b2bd-8a8d54f7910a: our priority 0 <= candidate's priority 1
2024-05-03 18:17:34,931 [grpc-default-executor-1] INFO  server.RaftServer$Division (RaftServerImpl.java:requestVote(1422)) - 44084586-cd1e-41a9-8c13-ea2cf27b07b5@group-9912BB9F3D05 replies to PRE_VOTE vote request: a4462983-f44a-4197-b2bd-8a8d54f7910a<-44084586-cd1e-41a9-8c13-ea2cf27b07b5#0:OK-t0. Peer's state: 44084586-cd1e-41a9-8c13-ea2cf27b07b5@group-9912BB9F3D05:t0, leader=null, voted=, raftlog=Memoized:44084586-cd1e-41a9-8c13-ea2cf27b07b5@group-9912BB9F3D05-SegmentedRaftLog:OPENED:c-1, conf=-1: peers:[99a655c4-0b57-4952-9df4-c48c67505b31|127.0.0.1:15023, a4462983-f44a-4197-b2bd-8a8d54f7910a|127.0.0.1:15014, 44084586-cd1e-41a9-8c13-ea2cf27b07b5|127.0.0.1:15032]|listeners:[], old=null
2024-05-03 18:17:34,931 [grpc-default-executor-2] INFO  server.RaftServer$Division (RaftServerImpl.java:requestVote(1422)) - 99a655c4-0b57-4952-9df4-c48c67505b31@group-9912BB9F3D05 replies to PRE_VOTE vote request: a4462983-f44a-4197-b2bd-8a8d54f7910a<-99a655c4-0b57-4952-9df4-c48c67505b31#0:OK-t0. Peer's state: 99a655c4-0b57-4952-9df4-c48c67505b31@group-9912BB9F3D05:t0, leader=null, voted=, raftlog=Memoized:99a655c4-0b57-4952-9df4-c48c67505b31@group-9912BB9F3D05-SegmentedRaftLog:OPENED:c-1, conf=-1: peers:[99a655c4-0b57-4952-9df4-c48c67505b31|127.0.0.1:15023, a4462983-f44a-4197-b2bd-8a8d54f7910a|127.0.0.1:15014, 44084586-cd1e-41a9-8c13-ea2cf27b07b5|127.0.0.1:15032]|listeners:[], old=null
2024-05-03 18:17:34,934 [a4462983-f44a-4197-b2bd-8a8d54f7910a@group-9912BB9F3D05-LeaderElection3] INFO  impl.LeaderElection (LeaderElection.java:logAndReturn(89)) - a4462983-f44a-4197-b2bd-8a8d54f7910a@group-9912BB9F3D05-LeaderElection3: PRE_VOTE PASSED received 1 response(s) and 0 exception(s):
2024-05-03 18:17:34,934 [a4462983-f44a-4197-b2bd-8a8d54f7910a@group-9912BB9F3D05-LeaderElection3] INFO  impl.LeaderElection (LeaderElection.java:logAndReturn(93)) -   Response 0: a4462983-f44a-4197-b2bd-8a8d54f7910a<-44084586-cd1e-41a9-8c13-ea2cf27b07b5#0:OK-t0
2024-05-03 18:17:34,934 [a4462983-f44a-4197-b2bd-8a8d54f7910a@group-9912BB9F3D05-LeaderElection3] INFO  impl.LeaderElection (LeaderElection.java:askForVotes(323)) - a4462983-f44a-4197-b2bd-8a8d54f7910a@group-9912BB9F3D05-LeaderElection3 PRE_VOTE round 0: result PASSED
2024-05-03 18:17:34,935 [a4462983-f44a-4197-b2bd-8a8d54f7910a@group-9912BB9F3D05-LeaderElection3] INFO  impl.LeaderElection (LeaderElection.java:askForVotes(321)) - a4462983-f44a-4197-b2bd-8a8d54f7910a@group-9912BB9F3D05-LeaderElection3 ELECTION round 0: submit vote requests at term 1 for -1: peers:[99a655c4-0b57-4952-9df4-c48c67505b31|127.0.0.1:15023, a4462983-f44a-4197-b2bd-8a8d54f7910a|127.0.0.1:15014, 44084586-cd1e-41a9-8c13-ea2cf27b07b5|127.0.0.1:15032]|listeners:[], old=null
2024-05-03 18:17:34,936 [a4462983-f44a-4197-b2bd-8a8d54f7910a@group-9912BB9F3D05-LeaderElection3] INFO  server.RaftServerConfigKeys (ConfUtils.java:logFallback(53)) - raft.server.rpc.first-election.timeout.min = 5s (fallback to raft.server.rpc.timeout.min)
2024-05-03 18:17:34,936 [a4462983-f44a-4197-b2bd-8a8d54f7910a@group-9912BB9F3D05-LeaderElection3] INFO  server.RaftServerConfigKeys (ConfUtils.java:logFallback(53)) - raft.server.rpc.first-election.timeout.max = 5200ms (fallback to raft.server.rpc.timeout.max)
2024-05-03 18:17:34,937 [grpc-default-executor-2] INFO  server.RaftServer$Division (RaftServerImpl.java:requestVote(1389)) - 44084586-cd1e-41a9-8c13-ea2cf27b07b5@group-9912BB9F3D05: receive requestVote(ELECTION, a4462983-f44a-4197-b2bd-8a8d54f7910a, group-9912BB9F3D05, 1, (t:0, i:0))
2024-05-03 18:17:34,938 [grpc-default-executor-1] INFO  server.RaftServer$Division (RaftServerImpl.java:requestVote(1389)) - 99a655c4-0b57-4952-9df4-c48c67505b31@group-9912BB9F3D05: receive requestVote(ELECTION, a4462983-f44a-4197-b2bd-8a8d54f7910a, group-9912BB9F3D05, 1, (t:0, i:0))
2024-05-03 18:17:34,938 [grpc-default-executor-2] INFO  impl.VoteContext (VoteContext.java:log(49)) - 44084586-cd1e-41a9-8c13-ea2cf27b07b5@group-9912BB9F3D05-FOLLOWER: accept ELECTION from a4462983-f44a-4197-b2bd-8a8d54f7910a: our priority 0 <= candidate's priority 1
2024-05-03 18:17:34,938 [grpc-default-executor-1] INFO  impl.VoteContext (VoteContext.java:log(49)) - 99a655c4-0b57-4952-9df4-c48c67505b31@group-9912BB9F3D05-FOLLOWER: accept ELECTION from a4462983-f44a-4197-b2bd-8a8d54f7910a: our priority 0 <= candidate's priority 1
2024-05-03 18:17:34,938 [grpc-default-executor-1] INFO  server.RaftServer$Division (RaftServerImpl.java:setRole(383)) - 99a655c4-0b57-4952-9df4-c48c67505b31@group-9912BB9F3D05: changes role from  FOLLOWER to FOLLOWER at term 1 for candidate:a4462983-f44a-4197-b2bd-8a8d54f7910a
2024-05-03 18:17:34,938 [grpc-default-executor-1] INFO  impl.RoleInfo (RoleInfo.java:shutdownFollowerState(110)) - 99a655c4-0b57-4952-9df4-c48c67505b31: shutdown 99a655c4-0b57-4952-9df4-c48c67505b31@group-9912BB9F3D05-FollowerState
2024-05-03 18:17:34,938 [grpc-default-executor-1] INFO  impl.RoleInfo (RoleInfo.java:updateAndGet(139)) - 99a655c4-0b57-4952-9df4-c48c67505b31: start 99a655c4-0b57-4952-9df4-c48c67505b31@group-9912BB9F3D05-FollowerState
2024-05-03 18:17:34,938 [99a655c4-0b57-4952-9df4-c48c67505b31@group-9912BB9F3D05-FollowerState] INFO  impl.FollowerState (FollowerState.java:run(152)) - 99a655c4-0b57-4952-9df4-c48c67505b31@group-9912BB9F3D05-FollowerState was interrupted
2024-05-03 18:17:34,938 [grpc-default-executor-2] INFO  server.RaftServer$Division (RaftServerImpl.java:setRole(383)) - 44084586-cd1e-41a9-8c13-ea2cf27b07b5@group-9912BB9F3D05: changes role from  FOLLOWER to FOLLOWER at term 1 for candidate:a4462983-f44a-4197-b2bd-8a8d54f7910a
2024-05-03 18:17:34,939 [grpc-default-executor-2] INFO  impl.RoleInfo (RoleInfo.java:shutdownFollowerState(110)) - 44084586-cd1e-41a9-8c13-ea2cf27b07b5: shutdown 44084586-cd1e-41a9-8c13-ea2cf27b07b5@group-9912BB9F3D05-FollowerState
2024-05-03 18:17:34,939 [grpc-default-executor-2] INFO  impl.RoleInfo (RoleInfo.java:updateAndGet(139)) - 44084586-cd1e-41a9-8c13-ea2cf27b07b5: start 44084586-cd1e-41a9-8c13-ea2cf27b07b5@group-9912BB9F3D05-FollowerState
2024-05-03 18:17:34,939 [44084586-cd1e-41a9-8c13-ea2cf27b07b5@group-9912BB9F3D05-FollowerState] INFO  impl.FollowerState (FollowerState.java:run(152)) - 44084586-cd1e-41a9-8c13-ea2cf27b07b5@group-9912BB9F3D05-FollowerState was interrupted
2024-05-03 18:17:34,939 [grpc-default-executor-1] INFO  server.RaftServer$Division (RaftServerImpl.java:setFirstElection(574)) - 99a655c4-0b57-4952-9df4-c48c67505b31@group-9912BB9F3D05: set firstElectionSinceStartup to false for candidate:a4462983-f44a-4197-b2bd-8a8d54f7910a
2024-05-03 18:17:34,939 [grpc-default-executor-2] INFO  server.RaftServer$Division (RaftServerImpl.java:setFirstElection(574)) - 44084586-cd1e-41a9-8c13-ea2cf27b07b5@group-9912BB9F3D05: set firstElectionSinceStartup to false for candidate:a4462983-f44a-4197-b2bd-8a8d54f7910a
2024-05-03 18:17:34,940 [grpc-default-executor-1] INFO  server.RaftServer$Division (RaftServerImpl.java:requestVote(1422)) - 99a655c4-0b57-4952-9df4-c48c67505b31@group-9912BB9F3D05 replies to ELECTION vote request: a4462983-f44a-4197-b2bd-8a8d54f7910a<-99a655c4-0b57-4952-9df4-c48c67505b31#0:OK-t1. Peer's state: 99a655c4-0b57-4952-9df4-c48c67505b31@group-9912BB9F3D05:t1, leader=null, voted=a4462983-f44a-4197-b2bd-8a8d54f7910a, raftlog=Memoized:99a655c4-0b57-4952-9df4-c48c67505b31@group-9912BB9F3D05-SegmentedRaftLog:OPENED:c-1, conf=-1: peers:[99a655c4-0b57-4952-9df4-c48c67505b31|127.0.0.1:15023, a4462983-f44a-4197-b2bd-8a8d54f7910a|127.0.0.1:15014, 44084586-cd1e-41a9-8c13-ea2cf27b07b5|127.0.0.1:15032]|listeners:[], old=null
2024-05-03 18:17:34,940 [grpc-default-executor-2] INFO  server.RaftServer$Division (RaftServerImpl.java:requestVote(1422)) - 44084586-cd1e-41a9-8c13-ea2cf27b07b5@group-9912BB9F3D05 replies to ELECTION vote request: a4462983-f44a-4197-b2bd-8a8d54f7910a<-44084586-cd1e-41a9-8c13-ea2cf27b07b5#0:OK-t1. Peer's state: 44084586-cd1e-41a9-8c13-ea2cf27b07b5@group-9912BB9F3D05:t1, leader=null, voted=a4462983-f44a-4197-b2bd-8a8d54f7910a, raftlog=Memoized:44084586-cd1e-41a9-8c13-ea2cf27b07b5@group-9912BB9F3D05-SegmentedRaftLog:OPENED:c-1, conf=-1: peers:[99a655c4-0b57-4952-9df4-c48c67505b31|127.0.0.1:15023, a4462983-f44a-4197-b2bd-8a8d54f7910a|127.0.0.1:15014, 44084586-cd1e-41a9-8c13-ea2cf27b07b5|127.0.0.1:15032]|listeners:[], old=null
2024-05-03 18:17:34,941 [a4462983-f44a-4197-b2bd-8a8d54f7910a@group-9912BB9F3D05-LeaderElection3] INFO  impl.LeaderElection (LeaderElection.java:logAndReturn(89)) - a4462983-f44a-4197-b2bd-8a8d54f7910a@group-9912BB9F3D05-LeaderElection3: ELECTION PASSED received 1 response(s) and 0 exception(s):
2024-05-03 18:17:34,941 [a4462983-f44a-4197-b2bd-8a8d54f7910a@group-9912BB9F3D05-LeaderElection3] INFO  impl.LeaderElection (LeaderElection.java:logAndReturn(93)) -   Response 0: a4462983-f44a-4197-b2bd-8a8d54f7910a<-99a655c4-0b57-4952-9df4-c48c67505b31#0:OK-t1
2024-05-03 18:17:34,941 [a4462983-f44a-4197-b2bd-8a8d54f7910a@group-9912BB9F3D05-LeaderElection3] INFO  impl.LeaderElection (LeaderElection.java:askForVotes(323)) - a4462983-f44a-4197-b2bd-8a8d54f7910a@group-9912BB9F3D05-LeaderElection3 ELECTION round 0: result PASSED
2024-05-03 18:17:34,941 [a4462983-f44a-4197-b2bd-8a8d54f7910a@group-9912BB9F3D05-LeaderElection3] INFO  impl.RoleInfo (RoleInfo.java:shutdownLeaderElection(130)) - a4462983-f44a-4197-b2bd-8a8d54f7910a: shutdown a4462983-f44a-4197-b2bd-8a8d54f7910a@group-9912BB9F3D05-LeaderElection3
2024-05-03 18:17:34,941 [a4462983-f44a-4197-b2bd-8a8d54f7910a@group-9912BB9F3D05-LeaderElection3] INFO  server.RaftServer$Division (RaftServerImpl.java:setRole(383)) - a4462983-f44a-4197-b2bd-8a8d54f7910a@group-9912BB9F3D05: changes role from CANDIDATE to LEADER at term 1 for changeToLeader
2024-05-03 18:17:34,942 [a4462983-f44a-4197-b2bd-8a8d54f7910a@group-9912BB9F3D05-LeaderElection3] INFO  server.RaftServerConfigKeys (ConfUtils.java:logGet(46)) - raft.server.staging.catchup.gap = 1000 (default)
2024-05-03 18:17:34,942 [a4462983-f44a-4197-b2bd-8a8d54f7910a@group-9912BB9F3D05-LeaderElection3] INFO  server.RaftServerConfigKeys (ConfUtils.java:logGet(46)) - raft.server.write.element-limit = 1024 (custom)
2024-05-03 18:17:34,942 [a4462983-f44a-4197-b2bd-8a8d54f7910a@group-9912BB9F3D05-LeaderElection3] INFO  server.RaftServerConfigKeys (ConfUtils.java:logGet(46)) - raft.server.write.byte-limit = 1024 M (=1073741824) (custom)
2024-05-03 18:17:34,942 [a4462983-f44a-4197-b2bd-8a8d54f7910a@group-9912BB9F3D05-LeaderElection3] INFO  server.RaftServerConfigKeys (ConfUtils.java:logGet(46)) - raft.server.watch.timeout = 180s (custom)
2024-05-03 18:17:34,942 [a4462983-f44a-4197-b2bd-8a8d54f7910a@group-9912BB9F3D05-LeaderElection3] INFO  server.RaftServerConfigKeys (ConfUtils.java:logGet(46)) - raft.server.watch.timeout.denomination = 1s (default)
2024-05-03 18:17:34,942 [a4462983-f44a-4197-b2bd-8a8d54f7910a@group-9912BB9F3D05-LeaderElection3] INFO  server.RaftServerConfigKeys (ConfUtils.java:logGet(46)) - raft.server.watch.element-limit = 65536 (default)
2024-05-03 18:17:34,942 [a4462983-f44a-4197-b2bd-8a8d54f7910a@group-9912BB9F3D05-LeaderElection3] INFO  server.RaftServerConfigKeys (ConfUtils.java:logGet(46)) - raft.server.read.leader.lease.enabled = false (default)
2024-05-03 18:17:34,942 [a4462983-f44a-4197-b2bd-8a8d54f7910a@group-9912BB9F3D05-LeaderElection3] INFO  server.RaftServerConfigKeys (ConfUtils.java:logGet(46)) - raft.server.read.leader.lease.timeout.ratio = 0.9 (default)
2024-05-03 18:17:34,942 [a4462983-f44a-4197-b2bd-8a8d54f7910a@group-9912BB9F3D05-LeaderElection3] INFO  server.RaftServerConfigKeys (ConfUtils.java:logGet(46)) - raft.server.rpc.timeout.min = 5s (custom)
2024-05-03 18:17:34,942 [a4462983-f44a-4197-b2bd-8a8d54f7910a@group-9912BB9F3D05-LeaderElection3] INFO  server.RaftServerConfigKeys (ConfUtils.java:logGet(46)) - raft.server.write.element-limit = 1024 (custom)
2024-05-03 18:17:34,942 [a4462983-f44a-4197-b2bd-8a8d54f7910a@group-9912BB9F3D05-LeaderElection3] INFO  server.RaftServerConfigKeys (ConfUtils.java:logGet(46)) - raft.server.write.follower.gap.ratio.max = -1.0 (default)
2024-05-03 18:17:34,948 [a4462983-f44a-4197-b2bd-8a8d54f7910a@group-9912BB9F3D05-LeaderElection3] INFO  server.RaftServerConfigKeys (ConfUtils.java:logGet(46)) - raft.server.log.appender.snapshot.chunk.size.max = 16MB (=16777216) (default)
2024-05-03 18:17:34,948 [a4462983-f44a-4197-b2bd-8a8d54f7910a@group-9912BB9F3D05-LeaderElection3] INFO  server.RaftServerConfigKeys (ConfUtils.java:logGet(46)) - raft.server.log.appender.buffer.byte-limit = 8388608 (custom)
2024-05-03 18:17:34,948 [a4462983-f44a-4197-b2bd-8a8d54f7910a@group-9912BB9F3D05-LeaderElection3] INFO  server.RaftServerConfigKeys (ConfUtils.java:logGet(46)) - raft.server.log.appender.buffer.element-limit = 1 (custom)
2024-05-03 18:17:34,949 [a4462983-f44a-4197-b2bd-8a8d54f7910a@group-9912BB9F3D05-LeaderElection3] INFO  server.RaftServerConfigKeys (ConfUtils.java:logGet(46)) - raft.server.log.appender.wait-time.min = 0μs (custom)
2024-05-03 18:17:34,950 [a4462983-f44a-4197-b2bd-8a8d54f7910a@group-9912BB9F3D05-LeaderElection3] INFO  grpc.GrpcConfigKeys (ConfUtils.java:logGet(46)) - raft.grpc.server.leader.outstanding.appends.max = 8 (default)
2024-05-03 18:17:34,950 [a4462983-f44a-4197-b2bd-8a8d54f7910a@group-9912BB9F3D05-LeaderElection3] INFO  server.RaftServerConfigKeys (ConfUtils.java:logGet(46)) - raft.server.rpc.request.timeout = 60s (custom)
2024-05-03 18:17:34,951 [a4462983-f44a-4197-b2bd-8a8d54f7910a@group-9912BB9F3D05-LeaderElection3] INFO  grpc.GrpcConfigKeys (ConfUtils.java:logGet(46)) - raft.grpc.server.install_snapshot.request.element-limit = 8 (default)
2024-05-03 18:17:34,951 [a4462983-f44a-4197-b2bd-8a8d54f7910a@group-9912BB9F3D05-LeaderElection3] INFO  grpc.GrpcConfigKeys (ConfUtils.java:logGet(46)) - raft.grpc.server.install_snapshot.request.timeout = 3000ms (default)
2024-05-03 18:17:34,951 [a4462983-f44a-4197-b2bd-8a8d54f7910a@group-9912BB9F3D05-LeaderElection3] INFO  grpc.GrpcConfigKeys (ConfUtils.java:logGet(46)) - raft.grpc.server.log-message.batch.duration = 5s (default)
2024-05-03 18:17:34,951 [a4462983-f44a-4197-b2bd-8a8d54f7910a@group-9912BB9F3D05-LeaderElection3] INFO  server.RaftServerConfigKeys (ConfUtils.java:logGet(46)) - raft.server.log.appender.install.snapshot.enabled = false (custom)
2024-05-03 18:17:34,951 [a4462983-f44a-4197-b2bd-8a8d54f7910a@group-9912BB9F3D05-LeaderElection3] INFO  grpc.GrpcConfigKeys (ConfUtils.java:logGet(46)) - raft.grpc.server.heartbeat.channel = true (default)
2024-05-03 18:17:34,953 [a4462983-f44a-4197-b2bd-8a8d54f7910a@group-9912BB9F3D05-LeaderElection3] INFO  server.RaftServerConfigKeys (ConfUtils.java:logGet(46)) - raft.server.log.appender.snapshot.chunk.size.max = 16MB (=16777216) (default)
2024-05-03 18:17:34,953 [a4462983-f44a-4197-b2bd-8a8d54f7910a@group-9912BB9F3D05-LeaderElection3] INFO  server.RaftServerConfigKeys (ConfUtils.java:logGet(46)) - raft.server.log.appender.buffer.byte-limit = 8388608 (custom)
2024-05-03 18:17:34,953 [a4462983-f44a-4197-b2bd-8a8d54f7910a@group-9912BB9F3D05-LeaderElection3] INFO  server.RaftServerConfigKeys (ConfUtils.java:logGet(46)) - raft.server.log.appender.buffer.element-limit = 1 (custom)
2024-05-03 18:17:34,954 [a4462983-f44a-4197-b2bd-8a8d54f7910a@group-9912BB9F3D05-LeaderElection3] INFO  server.RaftServerConfigKeys (ConfUtils.java:logGet(46)) - raft.server.log.appender.wait-time.min = 0μs (custom)
2024-05-03 18:17:34,954 [a4462983-f44a-4197-b2bd-8a8d54f7910a@group-9912BB9F3D05-LeaderElection3] INFO  grpc.GrpcConfigKeys (ConfUtils.java:logGet(46)) - raft.grpc.server.leader.outstanding.appends.max = 8 (default)
2024-05-03 18:17:34,954 [a4462983-f44a-4197-b2bd-8a8d54f7910a@group-9912BB9F3D05-LeaderElection3] INFO  server.RaftServerConfigKeys (ConfUtils.java:logGet(46)) - raft.server.rpc.request.timeout = 60s (custom)
2024-05-03 18:17:34,954 [a4462983-f44a-4197-b2bd-8a8d54f7910a@group-9912BB9F3D05-LeaderElection3] INFO  grpc.GrpcConfigKeys (ConfUtils.java:logGet(46)) - raft.grpc.server.install_snapshot.request.element-limit = 8 (default)
2024-05-03 18:17:34,954 [a4462983-f44a-4197-b2bd-8a8d54f7910a@group-9912BB9F3D05-LeaderElection3] INFO  grpc.GrpcConfigKeys (ConfUtils.java:logGet(46)) - raft.grpc.server.install_snapshot.request.timeout = 3000ms (default)
2024-05-03 18:17:34,954 [a4462983-f44a-4197-b2bd-8a8d54f7910a@group-9912BB9F3D05-LeaderElection3] INFO  grpc.GrpcConfigKeys (ConfUtils.java:logGet(46)) - raft.grpc.server.log-message.batch.duration = 5s (default)
2024-05-03 18:17:34,954 [a4462983-f44a-4197-b2bd-8a8d54f7910a@group-9912BB9F3D05-LeaderElection3] INFO  server.RaftServerConfigKeys (ConfUtils.java:logGet(46)) - raft.server.log.appender.install.snapshot.enabled = false (custom)
2024-05-03 18:17:34,954 [a4462983-f44a-4197-b2bd-8a8d54f7910a@group-9912BB9F3D05-LeaderElection3] INFO  grpc.GrpcConfigKeys (ConfUtils.java:logGet(46)) - raft.grpc.server.heartbeat.channel = true (default)
2024-05-03 18:17:34,955 [a4462983-f44a-4197-b2bd-8a8d54f7910a@group-9912BB9F3D05-LeaderElection3] INFO  impl.RoleInfo (RoleInfo.java:updateAndGet(139)) - a4462983-f44a-4197-b2bd-8a8d54f7910a: start a4462983-f44a-4197-b2bd-8a8d54f7910a@group-9912BB9F3D05-LeaderStateImpl
2024-05-03 18:17:34,955 [a4462983-f44a-4197-b2bd-8a8d54f7910a@group-9912BB9F3D05-LeaderElection3] INFO  server.RaftServer$Division (RaftServerImpl.java:setFirstElection(574)) - a4462983-f44a-4197-b2bd-8a8d54f7910a@group-9912BB9F3D05: set firstElectionSinceStartup to false for becomeLeader
2024-05-03 18:17:34,955 [a4462983-f44a-4197-b2bd-8a8d54f7910a@group-9912BB9F3D05-LeaderElection3] INFO  ratis.XceiverServerRatis (XceiverServerRatis.java:handleLeaderChangedNotification(966)) - Leader change notification received for group: group-9912BB9F3D05 with new leaderId: a4462983-f44a-4197-b2bd-8a8d54f7910a
2024-05-03 18:17:34,955 [a4462983-f44a-4197-b2bd-8a8d54f7910a@group-9912BB9F3D05-LeaderElection3] INFO  server.RaftServer$Division (ServerState.java:setLeader(269)) - a4462983-f44a-4197-b2bd-8a8d54f7910a@group-9912BB9F3D05: change Leader from null to a4462983-f44a-4197-b2bd-8a8d54f7910a at term 1 for becomeLeader, leader elected after 5079ms
2024-05-03 18:17:34,956 [a4462983-f44a-4197-b2bd-8a8d54f7910a@group-9912BB9F3D05-LeaderElection3] INFO  segmented.SegmentedRaftLogWorker (SegmentedRaftLogWorker.java:startLogSegment(430)) - a4462983-f44a-4197-b2bd-8a8d54f7910a@group-9912BB9F3D05-SegmentedRaftLogWorker: Starting segment from index:0
2024-05-03 18:17:34,956 [a4462983-f44a-4197-b2bd-8a8d54f7910a@group-9912BB9F3D05-LeaderElection3] INFO  server.RaftServer$Division (ServerState.java:setRaftConf(386)) - a4462983-f44a-4197-b2bd-8a8d54f7910a@group-9912BB9F3D05: set configuration 0: peers:[99a655c4-0b57-4952-9df4-c48c67505b31|127.0.0.1:15023, a4462983-f44a-4197-b2bd-8a8d54f7910a|127.0.0.1:15014, 44084586-cd1e-41a9-8c13-ea2cf27b07b5|127.0.0.1:15032]|listeners:[], old=null
2024-05-03 18:17:34,957 [a4462983-f44a-4197-b2bd-8a8d54f7910a@group-9912BB9F3D05-SegmentedRaftLogWorker] INFO  segmented.BufferedWriteChannel (BufferedWriteChannel.java:open(62)) - open log_inprogress_0 at position 0
2024-05-03 18:17:34,961 [EventQueue-PipelineReportForPipelineReportHandler] INFO  pipeline.PipelineReportHandler (PipelineReportHandler.java:processPipelineReport(136)) - Opened pipeline PipelineID=862901db-c3cf-41e0-976b-9912bb9f3d05
2024-05-03 18:17:34,961 [EventQueue-OpenPipelineForHealthyPipelineSafeModeRule] INFO  safemode.SCMSafeModeManager (HealthyPipelineSafeModeRule.java:process(140)) - SCM in safe mode. Healthy pipelines reported count is 0, required healthy pipeline reported count is 1
2024-05-03 18:17:34,961 [EventQueue-OpenPipelineForHealthyPipelineSafeModeRule] INFO  safemode.SCMSafeModeManager (HealthyPipelineSafeModeRule.java:process(140)) - SCM in safe mode. Healthy pipelines reported count is 1, required healthy pipeline reported count is 1
2024-05-03 18:17:34,961 [EventQueue-OpenPipelineForHealthyPipelineSafeModeRule] INFO  safemode.SCMSafeModeManager (SCMSafeModeManager.java:validateSafeModeExitRules(203)) - HealthyPipelineSafeModeRule rule is successfully validated
2024-05-03 18:17:34,961 [EventQueue-OpenPipelineForHealthyPipelineSafeModeRule] INFO  safemode.SCMSafeModeManager (SCMSafeModeManager.java:validateSafeModeExitRules(218)) - ScmSafeModeManager, all rules are successfully validated
2024-05-03 18:17:34,961 [EventQueue-OpenPipelineForHealthyPipelineSafeModeRule] INFO  safemode.SCMSafeModeManager (SCMSafeModeManager.java:exitSafeMode(248)) - SCM exiting safe mode.
2024-05-03 18:17:34,961 [EventQueue-OpenPipelineForHealthyPipelineSafeModeRule] INFO  ha.SCMContext (SCMContext.java:updateSafeModeStatus(225)) - Update SafeModeStatus from SafeModeStatus{safeModeStatus=true, preCheckPassed=true} to SafeModeStatus{safeModeStatus=false, preCheckPassed=true}.
2024-05-03 18:17:34,962 [EventQueue-OpenPipelineForHealthyPipelineSafeModeRule] INFO  pipeline.BackgroundPipelineCreator (BackgroundPipelineCreator.java:notifyStatusChanged(258)) - Service BackgroundPipelineCreator transitions to RUNNING.
2024-05-03 18:17:34,962 [EventQueue-OpenPipelineForHealthyPipelineSafeModeRule] INFO  BackgroundPipelineScrubber (BackgroundSCMService.java:notifyStatusChanged(79)) - Service BackgroundPipelineScrubber transitions to RUNNING.
2024-05-03 18:17:34,962 [EventQueue-OpenPipelineForHealthyPipelineSafeModeRule] INFO  ExpiredContainerReplicaOpScrubber (BackgroundSCMService.java:notifyStatusChanged(79)) - Service ExpiredContainerReplicaOpScrubber transitions to RUNNING.
2024-05-03 18:17:34,962 [EventQueue-OpenPipelineForHealthyPipelineSafeModeRule] INFO  block.SCMBlockDeletingService (SCMBlockDeletingService.java:notifyStatusChanged(247)) - notifyStatusChanged:RUNNING
2024-05-03 18:17:34,962 [EventQueue-OpenPipelineForHealthyPipelineSafeModeRule] INFO  replication.ReplicationManager (ReplicationManager.java:notifyStatusChanged(1404)) - Service ReplicationManager transitions to RUNNING.
2024-05-03 18:17:34,976 [a4462983-f44a-4197-b2bd-8a8d54f7910a@group-9912BB9F3D05-SegmentedRaftLogWorker] INFO  segmented.SegmentedRaftLogWorker (SegmentedRaftLogWorker.java:execute(634)) - a4462983-f44a-4197-b2bd-8a8d54f7910a@group-9912BB9F3D05-SegmentedRaftLogWorker: created new log segment /home/runner/work/ozone/ozone/hadoop-ozone/integration-test/target/test-dir/MiniOzoneClusterImpl-50ce9170-f56e-46a6-9cd7-e4b6a7a9fc1c/ozone-meta/datanode-1/ratis/862901db-c3cf-41e0-976b-9912bb9f3d05/current/log_inprogress_0
2024-05-03 18:17:34,977 [EventQueue-OpenPipelineForHealthyPipelineSafeModeRule] WARN  balancer.ContainerBalancer (ContainerBalancer.java:shouldRun(134)) - Could not find persisted configuration for ContainerBalancer when checking if ContainerBalancer should run. ContainerBalancer should not run now.
2024-05-03 18:17:34,981 [99a655c4-0b57-4952-9df4-c48c67505b31-server-thread1] INFO  ratis.XceiverServerRatis (XceiverServerRatis.java:handleLeaderChangedNotification(966)) - Leader change notification received for group: group-9912BB9F3D05 with new leaderId: a4462983-f44a-4197-b2bd-8a8d54f7910a
2024-05-03 18:17:34,981 [99a655c4-0b57-4952-9df4-c48c67505b31-server-thread1] INFO  server.RaftServer$Division (ServerState.java:setLeader(269)) - 99a655c4-0b57-4952-9df4-c48c67505b31@group-9912BB9F3D05: change Leader from null to a4462983-f44a-4197-b2bd-8a8d54f7910a at term 1 for appendEntries, leader elected after 4961ms
2024-05-03 18:17:34,983 [99a655c4-0b57-4952-9df4-c48c67505b31-server-thread2] INFO  server.RaftServer$Division (ServerState.java:setRaftConf(386)) - 99a655c4-0b57-4952-9df4-c48c67505b31@group-9912BB9F3D05: set configuration 0: peers:[99a655c4-0b57-4952-9df4-c48c67505b31|127.0.0.1:15023, a4462983-f44a-4197-b2bd-8a8d54f7910a|127.0.0.1:15014, 44084586-cd1e-41a9-8c13-ea2cf27b07b5|127.0.0.1:15032]|listeners:[], old=null
2024-05-03 18:17:34,985 [99a655c4-0b57-4952-9df4-c48c67505b31-server-thread2] INFO  segmented.SegmentedRaftLogWorker (SegmentedRaftLogWorker.java:startLogSegment(430)) - 99a655c4-0b57-4952-9df4-c48c67505b31@group-9912BB9F3D05-SegmentedRaftLogWorker: Starting segment from index:0
2024-05-03 18:17:34,985 [99a655c4-0b57-4952-9df4-c48c67505b31@group-9912BB9F3D05-SegmentedRaftLogWorker] INFO  segmented.BufferedWriteChannel (BufferedWriteChannel.java:open(62)) - open log_inprogress_0 at position 0
2024-05-03 18:17:34,993 [99a655c4-0b57-4952-9df4-c48c67505b31@group-9912BB9F3D05-SegmentedRaftLogWorker] INFO  segmented.SegmentedRaftLogWorker (SegmentedRaftLogWorker.java:execute(634)) - 99a655c4-0b57-4952-9df4-c48c67505b31@group-9912BB9F3D05-SegmentedRaftLogWorker: created new log segment /home/runner/work/ozone/ozone/hadoop-ozone/integration-test/target/test-dir/MiniOzoneClusterImpl-50ce9170-f56e-46a6-9cd7-e4b6a7a9fc1c/ozone-meta/datanode-2/ratis/862901db-c3cf-41e0-976b-9912bb9f3d05/current/log_inprogress_0
2024-05-03 18:17:34,999 [44084586-cd1e-41a9-8c13-ea2cf27b07b5-server-thread1] INFO  ratis.XceiverServerRatis (XceiverServerRatis.java:handleLeaderChangedNotification(966)) - Leader change notification received for group: group-9912BB9F3D05 with new leaderId: a4462983-f44a-4197-b2bd-8a8d54f7910a
2024-05-03 18:17:34,999 [44084586-cd1e-41a9-8c13-ea2cf27b07b5-server-thread1] INFO  server.RaftServer$Division (ServerState.java:setLeader(269)) - 44084586-cd1e-41a9-8c13-ea2cf27b07b5@group-9912BB9F3D05: change Leader from null to a4462983-f44a-4197-b2bd-8a8d54f7910a at term 1 for appendEntries, leader elected after 4886ms
2024-05-03 18:17:34,999 [44084586-cd1e-41a9-8c13-ea2cf27b07b5-server-thread2] INFO  server.RaftServer$Division (ServerState.java:setRaftConf(386)) - 44084586-cd1e-41a9-8c13-ea2cf27b07b5@group-9912BB9F3D05: set configuration 0: peers:[99a655c4-0b57-4952-9df4-c48c67505b31|127.0.0.1:15023, a4462983-f44a-4197-b2bd-8a8d54f7910a|127.0.0.1:15014, 44084586-cd1e-41a9-8c13-ea2cf27b07b5|127.0.0.1:15032]|listeners:[], old=null
2024-05-03 18:17:35,000 [44084586-cd1e-41a9-8c13-ea2cf27b07b5-server-thread2] INFO  segmented.SegmentedRaftLogWorker (SegmentedRaftLogWorker.java:startLogSegment(430)) - 44084586-cd1e-41a9-8c13-ea2cf27b07b5@group-9912BB9F3D05-SegmentedRaftLogWorker: Starting segment from index:0
2024-05-03 18:17:35,000 [44084586-cd1e-41a9-8c13-ea2cf27b07b5@group-9912BB9F3D05-SegmentedRaftLogWorker] INFO  segmented.BufferedWriteChannel (BufferedWriteChannel.java:open(62)) - open log_inprogress_0 at position 0
2024-05-03 18:17:35,001 [a4462983-f44a-4197-b2bd-8a8d54f7910a@group-9912BB9F3D05-StateMachineUpdater] INFO  server.RaftServer$Division (LeaderStateImpl.java:isApplied(320)) - leader is ready since appliedIndex == 0 >= startIndex == 0
2024-05-03 18:17:35,007 [44084586-cd1e-41a9-8c13-ea2cf27b07b5@group-9912BB9F3D05-SegmentedRaftLogWorker] INFO  segmented.SegmentedRaftLogWorker (SegmentedRaftLogWorker.java:execute(634)) - 44084586-cd1e-41a9-8c13-ea2cf27b07b5@group-9912BB9F3D05-SegmentedRaftLogWorker: created new log segment /home/runner/work/ozone/ozone/hadoop-ozone/integration-test/target/test-dir/MiniOzoneClusterImpl-50ce9170-f56e-46a6-9cd7-e4b6a7a9fc1c/ozone-meta/datanode-3/ratis/862901db-c3cf-41e0-976b-9912bb9f3d05/current/log_inprogress_0
2024-05-03 18:17:35,075 [main] INFO  ozone.MiniOzoneClusterImpl (MiniOzoneClusterImpl.java:lambda$waitForClusterToBeReady$0(194)) - Nodes are ready. Got 3 of 3 DN Heartbeats.
2024-05-03 18:17:35,075 [main] INFO  ozone.MiniOzoneClusterImpl (MiniOzoneClusterImpl.java:lambda$waitForClusterToBeReady$0(197)) - Cluster exits safe mode
2024-05-03 18:17:35,075 [main] INFO  ozone.MiniOzoneClusterImpl (MiniOzoneClusterImpl.java:lambda$waitForClusterToBeReady$0(199)) - SCM became leader
2024-05-03 18:17:35,089 [main] INFO  protocolPB.OmTransportFactory (OmTransportFactory.java:createFactory(62)) - Loading OM transport implementation org.apache.hadoop.ozone.om.protocolPB.Hadoop3OmTransportFactory as specified by configuration.
2024-05-03 18:17:35,178 [99a655c4-0b57-4952-9df4-c48c67505b31@group-AB7192C08F08-FollowerState] INFO  impl.FollowerState (FollowerState.java:run(143)) - 99a655c4-0b57-4952-9df4-c48c67505b31@group-AB7192C08F08-FollowerState: change to CANDIDATE, lastRpcElapsedTime:5170114482ns, electionTimeout:5164ms
2024-05-03 18:17:35,178 [99a655c4-0b57-4952-9df4-c48c67505b31@group-AB7192C08F08-FollowerState] INFO  impl.RoleInfo (RoleInfo.java:shutdownFollowerState(110)) - 99a655c4-0b57-4952-9df4-c48c67505b31: shutdown 99a655c4-0b57-4952-9df4-c48c67505b31@group-AB7192C08F08-FollowerState
2024-05-03 18:17:35,179 [99a655c4-0b57-4952-9df4-c48c67505b31@group-AB7192C08F08-FollowerState] INFO  server.RaftServer$Division (RaftServerImpl.java:setRole(383)) - 99a655c4-0b57-4952-9df4-c48c67505b31@group-AB7192C08F08: changes role from  FOLLOWER to CANDIDATE at term 0 for changeToCandidate
2024-05-03 18:17:35,179 [99a655c4-0b57-4952-9df4-c48c67505b31@group-AB7192C08F08-FollowerState] INFO  server.RaftServerConfigKeys (ConfUtils.java:logGet(46)) - raft.server.leaderelection.pre-vote = true (default)
2024-05-03 18:17:35,179 [99a655c4-0b57-4952-9df4-c48c67505b31@group-AB7192C08F08-FollowerState] INFO  impl.RoleInfo (RoleInfo.java:updateAndGet(139)) - 99a655c4-0b57-4952-9df4-c48c67505b31: start 99a655c4-0b57-4952-9df4-c48c67505b31@group-AB7192C08F08-LeaderElection4
2024-05-03 18:17:35,179 [99a655c4-0b57-4952-9df4-c48c67505b31@group-AB7192C08F08-LeaderElection4] INFO  impl.LeaderElection (LeaderElection.java:askForVotes(321)) - 99a655c4-0b57-4952-9df4-c48c67505b31@group-AB7192C08F08-LeaderElection4 PRE_VOTE round 0: submit vote requests at term 0 for -1: peers:[99a655c4-0b57-4952-9df4-c48c67505b31|127.0.0.1:15023]|listeners:[], old=null
2024-05-03 18:17:35,180 [99a655c4-0b57-4952-9df4-c48c67505b31@group-AB7192C08F08-LeaderElection4] INFO  impl.LeaderElection (LeaderElection.java:askForVotes(323)) - 99a655c4-0b57-4952-9df4-c48c67505b31@group-AB7192C08F08-LeaderElection4 PRE_VOTE round 0: result PASSED (term=0)
2024-05-03 18:17:35,182 [99a655c4-0b57-4952-9df4-c48c67505b31@group-AB7192C08F08-LeaderElection4] INFO  impl.LeaderElection (LeaderElection.java:askForVotes(321)) - 99a655c4-0b57-4952-9df4-c48c67505b31@group-AB7192C08F08-LeaderElection4 ELECTION round 0: submit vote requests at term 1 for -1: peers:[99a655c4-0b57-4952-9df4-c48c67505b31|127.0.0.1:15023]|listeners:[], old=null
2024-05-03 18:17:35,182 [99a655c4-0b57-4952-9df4-c48c67505b31@group-AB7192C08F08-LeaderElection4] INFO  impl.LeaderElection (LeaderElection.java:askForVotes(323)) - 99a655c4-0b57-4952-9df4-c48c67505b31@group-AB7192C08F08-LeaderElection4 ELECTION round 0: result PASSED (term=1)
2024-05-03 18:17:35,182 [99a655c4-0b57-4952-9df4-c48c67505b31@group-AB7192C08F08-LeaderElection4] INFO  impl.RoleInfo (RoleInfo.java:shutdownLeaderElection(130)) - 99a655c4-0b57-4952-9df4-c48c67505b31: shutdown 99a655c4-0b57-4952-9df4-c48c67505b31@group-AB7192C08F08-LeaderElection4
2024-05-03 18:17:35,182 [99a655c4-0b57-4952-9df4-c48c67505b31@group-AB7192C08F08-LeaderElection4] INFO  server.RaftServer$Division (RaftServerImpl.java:setRole(383)) - 99a655c4-0b57-4952-9df4-c48c67505b31@group-AB7192C08F08: changes role from CANDIDATE to LEADER at term 1 for changeToLeader
2024-05-03 18:17:35,183 [99a655c4-0b57-4952-9df4-c48c67505b31@group-AB7192C08F08-LeaderElection4] INFO  server.RaftServerConfigKeys (ConfUtils.java:logGet(46)) - raft.server.staging.catchup.gap = 1000 (default)
2024-05-03 18:17:35,183 [99a655c4-0b57-4952-9df4-c48c67505b31@group-AB7192C08F08-LeaderElection4] INFO  server.RaftServerConfigKeys (ConfUtils.java:logGet(46)) - raft.server.write.element-limit = 1024 (custom)
2024-05-03 18:17:35,183 [99a655c4-0b57-4952-9df4-c48c67505b31@group-AB7192C08F08-LeaderElection4] INFO  server.RaftServerConfigKeys (ConfUtils.java:logGet(46)) - raft.server.write.byte-limit = 1024 M (=1073741824) (custom)
2024-05-03 18:17:35,184 [99a655c4-0b57-4952-9df4-c48c67505b31@group-AB7192C08F08-LeaderElection4] INFO  server.RaftServerConfigKeys (ConfUtils.java:logGet(46)) - raft.server.watch.timeout = 180s (custom)
2024-05-03 18:17:35,184 [99a655c4-0b57-4952-9df4-c48c67505b31@group-AB7192C08F08-LeaderElection4] INFO  server.RaftServerConfigKeys (ConfUtils.java:logGet(46)) - raft.server.watch.timeout.denomination = 1s (default)
2024-05-03 18:17:35,184 [99a655c4-0b57-4952-9df4-c48c67505b31@group-AB7192C08F08-LeaderElection4] INFO  server.RaftServerConfigKeys (ConfUtils.java:logGet(46)) - raft.server.watch.element-limit = 65536 (default)
2024-05-03 18:17:35,184 [99a655c4-0b57-4952-9df4-c48c67505b31@group-AB7192C08F08-LeaderElection4] INFO  server.RaftServerConfigKeys (ConfUtils.java:logGet(46)) - raft.server.read.leader.lease.enabled = false (default)
2024-05-03 18:17:35,184 [99a655c4-0b57-4952-9df4-c48c67505b31@group-AB7192C08F08-LeaderElection4] INFO  server.RaftServerConfigKeys (ConfUtils.java:logGet(46)) - raft.server.read.leader.lease.timeout.ratio = 0.9 (default)
2024-05-03 18:17:35,184 [99a655c4-0b57-4952-9df4-c48c67505b31@group-AB7192C08F08-LeaderElection4] INFO  server.RaftServerConfigKeys (ConfUtils.java:logGet(46)) - raft.server.rpc.timeout.min = 5s (custom)
2024-05-03 18:17:35,185 [99a655c4-0b57-4952-9df4-c48c67505b31@group-AB7192C08F08-LeaderElection4] INFO  server.RaftServerConfigKeys (ConfUtils.java:logGet(46)) - raft.server.write.element-limit = 1024 (custom)
2024-05-03 18:17:35,185 [99a655c4-0b57-4952-9df4-c48c67505b31@group-AB7192C08F08-LeaderElection4] INFO  server.RaftServerConfigKeys (ConfUtils.java:logGet(46)) - raft.server.write.follower.gap.ratio.max = -1.0 (default)
2024-05-03 18:17:35,185 [99a655c4-0b57-4952-9df4-c48c67505b31@group-AB7192C08F08-LeaderElection4] INFO  impl.RoleInfo (RoleInfo.java:updateAndGet(139)) - 99a655c4-0b57-4952-9df4-c48c67505b31: start 99a655c4-0b57-4952-9df4-c48c67505b31@group-AB7192C08F08-LeaderStateImpl
2024-05-03 18:17:35,185 [99a655c4-0b57-4952-9df4-c48c67505b31@group-AB7192C08F08-LeaderElection4] INFO  server.RaftServer$Division (RaftServerImpl.java:setFirstElection(574)) - 99a655c4-0b57-4952-9df4-c48c67505b31@group-AB7192C08F08: set firstElectionSinceStartup to false for becomeLeader
2024-05-03 18:17:35,185 [99a655c4-0b57-4952-9df4-c48c67505b31@group-AB7192C08F08-LeaderElection4] INFO  ratis.XceiverServerRatis (XceiverServerRatis.java:handleLeaderChangedNotification(966)) - Leader change notification received for group: group-AB7192C08F08 with new leaderId: 99a655c4-0b57-4952-9df4-c48c67505b31
2024-05-03 18:17:35,186 [99a655c4-0b57-4952-9df4-c48c67505b31@group-AB7192C08F08-LeaderElection4] INFO  server.RaftServer$Division (ServerState.java:setLeader(269)) - 99a655c4-0b57-4952-9df4-c48c67505b31@group-AB7192C08F08: change Leader from null to 99a655c4-0b57-4952-9df4-c48c67505b31 at term 1 for becomeLeader, leader elected after 5225ms
2024-05-03 18:17:35,186 [99a655c4-0b57-4952-9df4-c48c67505b31@group-AB7192C08F08-LeaderElection4] INFO  segmented.SegmentedRaftLogWorker (SegmentedRaftLogWorker.java:startLogSegment(430)) - 99a655c4-0b57-4952-9df4-c48c67505b31@group-AB7192C08F08-SegmentedRaftLogWorker: Starting segment from index:0
2024-05-03 18:17:35,186 [99a655c4-0b57-4952-9df4-c48c67505b31@group-AB7192C08F08-LeaderElection4] INFO  server.RaftServer$Division (ServerState.java:setRaftConf(386)) - 99a655c4-0b57-4952-9df4-c48c67505b31@group-AB7192C08F08: set configuration 0: peers:[99a655c4-0b57-4952-9df4-c48c67505b31|127.0.0.1:15023]|listeners:[], old=null
2024-05-03 18:17:35,187 [99a655c4-0b57-4952-9df4-c48c67505b31@group-AB7192C08F08-SegmentedRaftLogWorker] INFO  segmented.BufferedWriteChannel (BufferedWriteChannel.java:open(62)) - open log_inprogress_0 at position 0
2024-05-03 18:17:35,196 [99a655c4-0b57-4952-9df4-c48c67505b31@group-AB7192C08F08-SegmentedRaftLogWorker] INFO  segmented.SegmentedRaftLogWorker (SegmentedRaftLogWorker.java:execute(634)) - 99a655c4-0b57-4952-9df4-c48c67505b31@group-AB7192C08F08-SegmentedRaftLogWorker: created new log segment /home/runner/work/ozone/ozone/hadoop-ozone/integration-test/target/test-dir/MiniOzoneClusterImpl-50ce9170-f56e-46a6-9cd7-e4b6a7a9fc1c/ozone-meta/datanode-2/ratis/38ae59ed-7377-4f0b-9f63-ab7192c08f08/current/log_inprogress_0
2024-05-03 18:17:35,200 [99a655c4-0b57-4952-9df4-c48c67505b31@group-AB7192C08F08-StateMachineUpdater] INFO  server.RaftServer$Division (LeaderStateImpl.java:isApplied(320)) - leader is ready since appliedIndex == 0 >= startIndex == 0
2024-05-03 18:17:35,274 [44084586-cd1e-41a9-8c13-ea2cf27b07b5@group-6536C7A7FAF3-FollowerState] INFO  impl.FollowerState (FollowerState.java:run(143)) - 44084586-cd1e-41a9-8c13-ea2cf27b07b5@group-6536C7A7FAF3-FollowerState: change to CANDIDATE, lastRpcElapsedTime:5168289233ns, electionTimeout:5166ms
2024-05-03 18:17:35,275 [44084586-cd1e-41a9-8c13-ea2cf27b07b5@group-6536C7A7FAF3-FollowerState] INFO  impl.RoleInfo (RoleInfo.java:shutdownFollowerState(110)) - 44084586-cd1e-41a9-8c13-ea2cf27b07b5: shutdown 44084586-cd1e-41a9-8c13-ea2cf27b07b5@group-6536C7A7FAF3-FollowerState
2024-05-03 18:17:35,275 [44084586-cd1e-41a9-8c13-ea2cf27b07b5@group-6536C7A7FAF3-FollowerState] INFO  server.RaftServer$Division (RaftServerImpl.java:setRole(383)) - 44084586-cd1e-41a9-8c13-ea2cf27b07b5@group-6536C7A7FAF3: changes role from  FOLLOWER to CANDIDATE at term 0 for changeToCandidate
2024-05-03 18:17:35,275 [44084586-cd1e-41a9-8c13-ea2cf27b07b5@group-6536C7A7FAF3-FollowerState] INFO  server.RaftServerConfigKeys (ConfUtils.java:logGet(46)) - raft.server.leaderelection.pre-vote = true (default)
2024-05-03 18:17:35,275 [44084586-cd1e-41a9-8c13-ea2cf27b07b5@group-6536C7A7FAF3-FollowerState] INFO  impl.RoleInfo (RoleInfo.java:updateAndGet(139)) - 44084586-cd1e-41a9-8c13-ea2cf27b07b5: start 44084586-cd1e-41a9-8c13-ea2cf27b07b5@group-6536C7A7FAF3-LeaderElection5
2024-05-03 18:17:35,276 [44084586-cd1e-41a9-8c13-ea2cf27b07b5@group-6536C7A7FAF3-LeaderElection5] INFO  impl.LeaderElection (LeaderElection.java:askForVotes(321)) - 44084586-cd1e-41a9-8c13-ea2cf27b07b5@group-6536C7A7FAF3-LeaderElection5 PRE_VOTE round 0: submit vote requests at term 0 for -1: peers:[44084586-cd1e-41a9-8c13-ea2cf27b07b5|127.0.0.1:15032]|listeners:[], old=null
2024-05-03 18:17:35,276 [44084586-cd1e-41a9-8c13-ea2cf27b07b5@group-6536C7A7FAF3-LeaderElection5] INFO  impl.LeaderElection (LeaderElection.java:askForVotes(323)) - 44084586-cd1e-41a9-8c13-ea2cf27b07b5@group-6536C7A7FAF3-LeaderElection5 PRE_VOTE round 0: result PASSED (term=0)
2024-05-03 18:17:35,277 [44084586-cd1e-41a9-8c13-ea2cf27b07b5@group-6536C7A7FAF3-LeaderElection5] INFO  impl.LeaderElection (LeaderElection.java:askForVotes(321)) - 44084586-cd1e-41a9-8c13-ea2cf27b07b5@group-6536C7A7FAF3-LeaderElection5 ELECTION round 0: submit vote requests at term 1 for -1: peers:[44084586-cd1e-41a9-8c13-ea2cf27b07b5|127.0.0.1:15032]|listeners:[], old=null
2024-05-03 18:17:35,277 [44084586-cd1e-41a9-8c13-ea2cf27b07b5@group-6536C7A7FAF3-LeaderElection5] INFO  impl.LeaderElection (LeaderElection.java:askForVotes(323)) - 44084586-cd1e-41a9-8c13-ea2cf27b07b5@group-6536C7A7FAF3-LeaderElection5 ELECTION round 0: result PASSED (term=1)
2024-05-03 18:17:35,278 [44084586-cd1e-41a9-8c13-ea2cf27b07b5@group-6536C7A7FAF3-LeaderElection5] INFO  impl.RoleInfo (RoleInfo.java:shutdownLeaderElection(130)) - 44084586-cd1e-41a9-8c13-ea2cf27b07b5: shutdown 44084586-cd1e-41a9-8c13-ea2cf27b07b5@group-6536C7A7FAF3-LeaderElection5
2024-05-03 18:17:35,278 [44084586-cd1e-41a9-8c13-ea2cf27b07b5@group-6536C7A7FAF3-LeaderElection5] INFO  server.RaftServer$Division (RaftServerImpl.java:setRole(383)) - 44084586-cd1e-41a9-8c13-ea2cf27b07b5@group-6536C7A7FAF3: changes role from CANDIDATE to LEADER at term 1 for changeToLeader
2024-05-03 18:17:35,278 [44084586-cd1e-41a9-8c13-ea2cf27b07b5@group-6536C7A7FAF3-LeaderElection5] INFO  server.RaftServerConfigKeys (ConfUtils.java:logGet(46)) - raft.server.staging.catchup.gap = 1000 (default)
2024-05-03 18:17:35,279 [44084586-cd1e-41a9-8c13-ea2cf27b07b5@group-6536C7A7FAF3-LeaderElection5] INFO  server.RaftServerConfigKeys (ConfUtils.java:logGet(46)) - raft.server.write.element-limit = 1024 (custom)
2024-05-03 18:17:35,279 [44084586-cd1e-41a9-8c13-ea2cf27b07b5@group-6536C7A7FAF3-LeaderElection5] INFO  server.RaftServerConfigKeys (ConfUtils.java:logGet(46)) - raft.server.write.byte-limit = 1024 M (=1073741824) (custom)
2024-05-03 18:17:35,280 [44084586-cd1e-41a9-8c13-ea2cf27b07b5@group-6536C7A7FAF3-LeaderElection5] INFO  server.RaftServerConfigKeys (ConfUtils.java:logGet(46)) - raft.server.watch.timeout = 180s (custom)
2024-05-03 18:17:35,280 [44084586-cd1e-41a9-8c13-ea2cf27b07b5@group-6536C7A7FAF3-LeaderElection5] INFO  server.RaftServerConfigKeys (ConfUtils.java:logGet(46)) - raft.server.watch.timeout.denomination = 1s (default)
2024-05-03 18:17:35,280 [44084586-cd1e-41a9-8c13-ea2cf27b07b5@group-6536C7A7FAF3-LeaderElection5] INFO  server.RaftServerConfigKeys (ConfUtils.java:logGet(46)) - raft.server.watch.element-limit = 65536 (default)
2024-05-03 18:17:35,280 [44084586-cd1e-41a9-8c13-ea2cf27b07b5@group-6536C7A7FAF3-LeaderElection5] INFO  server.RaftServerConfigKeys (ConfUtils.java:logGet(46)) - raft.server.read.leader.lease.enabled = false (default)
2024-05-03 18:17:35,280 [44084586-cd1e-41a9-8c13-ea2cf27b07b5@group-6536C7A7FAF3-LeaderElection5] INFO  server.RaftServerConfigKeys (ConfUtils.java:logGet(46)) - raft.server.read.leader.lease.timeout.ratio = 0.9 (default)
2024-05-03 18:17:35,281 [44084586-cd1e-41a9-8c13-ea2cf27b07b5@group-6536C7A7FAF3-LeaderElection5] INFO  server.RaftServerConfigKeys (ConfUtils.java:logGet(46)) - raft.server.rpc.timeout.min = 5s (custom)
2024-05-03 18:17:35,281 [44084586-cd1e-41a9-8c13-ea2cf27b07b5@group-6536C7A7FAF3-LeaderElection5] INFO  server.RaftServerConfigKeys (ConfUtils.java:logGet(46)) - raft.server.write.element-limit = 1024 (custom)
2024-05-03 18:17:35,281 [44084586-cd1e-41a9-8c13-ea2cf27b07b5@group-6536C7A7FAF3-LeaderElection5] INFO  server.RaftServerConfigKeys (ConfUtils.java:logGet(46)) - raft.server.write.follower.gap.ratio.max = -1.0 (default)
2024-05-03 18:17:35,281 [44084586-cd1e-41a9-8c13-ea2cf27b07b5@group-6536C7A7FAF3-LeaderElection5] INFO  impl.RoleInfo (RoleInfo.java:updateAndGet(139)) - 44084586-cd1e-41a9-8c13-ea2cf27b07b5: start 44084586-cd1e-41a9-8c13-ea2cf27b07b5@group-6536C7A7FAF3-LeaderStateImpl
2024-05-03 18:17:35,281 [44084586-cd1e-41a9-8c13-ea2cf27b07b5@group-6536C7A7FAF3-LeaderElection5] INFO  server.RaftServer$Division (RaftServerImpl.java:setFirstElection(574)) - 44084586-cd1e-41a9-8c13-ea2cf27b07b5@group-6536C7A7FAF3: set firstElectionSinceStartup to false for becomeLeader
2024-05-03 18:17:35,281 [44084586-cd1e-41a9-8c13-ea2cf27b07b5@group-6536C7A7FAF3-LeaderElection5] INFO  ratis.XceiverServerRatis (XceiverServerRatis.java:handleLeaderChangedNotification(966)) - Leader change notification received for group: group-6536C7A7FAF3 with new leaderId: 44084586-cd1e-41a9-8c13-ea2cf27b07b5
2024-05-03 18:17:35,282 [44084586-cd1e-41a9-8c13-ea2cf27b07b5@group-6536C7A7FAF3-LeaderElection5] INFO  server.RaftServer$Division (ServerState.java:setLeader(269)) - 44084586-cd1e-41a9-8c13-ea2cf27b07b5@group-6536C7A7FAF3: change Leader from null to 44084586-cd1e-41a9-8c13-ea2cf27b07b5 at term 1 for becomeLeader, leader elected after 5202ms
2024-05-03 18:17:35,283 [44084586-cd1e-41a9-8c13-ea2cf27b07b5@group-6536C7A7FAF3-LeaderElection5] INFO  segmented.SegmentedRaftLogWorker (SegmentedRaftLogWorker.java:startLogSegment(430)) - 44084586-cd1e-41a9-8c13-ea2cf27b07b5@group-6536C7A7FAF3-SegmentedRaftLogWorker: Starting segment from index:0
2024-05-03 18:17:35,284 [44084586-cd1e-41a9-8c13-ea2cf27b07b5@group-6536C7A7FAF3-LeaderElection5] INFO  server.RaftServer$Division (ServerState.java:setRaftConf(386)) - 44084586-cd1e-41a9-8c13-ea2cf27b07b5@group-6536C7A7FAF3: set configuration 0: peers:[44084586-cd1e-41a9-8c13-ea2cf27b07b5|127.0.0.1:15032]|listeners:[], old=null
2024-05-03 18:17:35,284 [44084586-cd1e-41a9-8c13-ea2cf27b07b5@group-6536C7A7FAF3-SegmentedRaftLogWorker] INFO  segmented.BufferedWriteChannel (BufferedWriteChannel.java:open(62)) - open log_inprogress_0 at position 0
2024-05-03 18:17:35,292 [44084586-cd1e-41a9-8c13-ea2cf27b07b5@group-6536C7A7FAF3-SegmentedRaftLogWorker] INFO  segmented.SegmentedRaftLogWorker (SegmentedRaftLogWorker.java:execute(634)) - 44084586-cd1e-41a9-8c13-ea2cf27b07b5@group-6536C7A7FAF3-SegmentedRaftLogWorker: created new log segment /home/runner/work/ozone/ozone/hadoop-ozone/integration-test/target/test-dir/MiniOzoneClusterImpl-50ce9170-f56e-46a6-9cd7-e4b6a7a9fc1c/ozone-meta/datanode-3/ratis/11e1339b-b4d8-4eeb-9ad6-6536c7a7faf3/current/log_inprogress_0
2024-05-03 18:17:35,295 [44084586-cd1e-41a9-8c13-ea2cf27b07b5@group-6536C7A7FAF3-StateMachineUpdater] INFO  server.RaftServer$Division (LeaderStateImpl.java:isApplied(320)) - leader is ready since appliedIndex == 0 >= startIndex == 0
2024-05-03 18:17:35,392 [main] INFO  rpc.RpcClient (RpcClient.java:createVolume(470)) - Creating Volume: volume24084, with user56204 as owner and space quota set to -1 bytes, counts quota set to -1
2024-05-03 18:17:35,428 [44084586-cd1e-41a9-8c13-ea2cf27b07b5@group-B35983D8130B-FollowerState] INFO  impl.FollowerState (FollowerState.java:run(143)) - 44084586-cd1e-41a9-8c13-ea2cf27b07b5@group-B35983D8130B-FollowerState: change to CANDIDATE, lastRpcElapsedTime:5056818102ns, electionTimeout:5052ms
2024-05-03 18:17:35,428 [44084586-cd1e-41a9-8c13-ea2cf27b07b5@group-B35983D8130B-FollowerState] INFO  impl.RoleInfo (RoleInfo.java:shutdownFollowerState(110)) - 44084586-cd1e-41a9-8c13-ea2cf27b07b5: shutdown 44084586-cd1e-41a9-8c13-ea2cf27b07b5@group-B35983D8130B-FollowerState
2024-05-03 18:17:35,428 [44084586-cd1e-41a9-8c13-ea2cf27b07b5@group-B35983D8130B-FollowerState] INFO  server.RaftServer$Division (RaftServerImpl.java:setRole(383)) - 44084586-cd1e-41a9-8c13-ea2cf27b07b5@group-B35983D8130B: changes role from  FOLLOWER to CANDIDATE at term 0 for changeToCandidate
2024-05-03 18:17:35,428 [44084586-cd1e-41a9-8c13-ea2cf27b07b5@group-B35983D8130B-FollowerState] INFO  server.RaftServerConfigKeys (ConfUtils.java:logGet(46)) - raft.server.leaderelection.pre-vote = true (default)
2024-05-03 18:17:35,428 [44084586-cd1e-41a9-8c13-ea2cf27b07b5@group-B35983D8130B-FollowerState] INFO  impl.RoleInfo (RoleInfo.java:updateAndGet(139)) - 44084586-cd1e-41a9-8c13-ea2cf27b07b5: start 44084586-cd1e-41a9-8c13-ea2cf27b07b5@group-B35983D8130B-LeaderElection6
2024-05-03 18:17:35,429 [44084586-cd1e-41a9-8c13-ea2cf27b07b5@group-B35983D8130B-LeaderElection6] INFO  impl.LeaderElection (LeaderElection.java:askForVotes(321)) - 44084586-cd1e-41a9-8c13-ea2cf27b07b5@group-B35983D8130B-LeaderElection6 PRE_VOTE round 0: submit vote requests at term 0 for -1: peers:[99a655c4-0b57-4952-9df4-c48c67505b31|127.0.0.1:15023, a4462983-f44a-4197-b2bd-8a8d54f7910a|127.0.0.1:15014, 44084586-cd1e-41a9-8c13-ea2cf27b07b5|127.0.0.1:15032]|listeners:[], old=null
2024-05-03 18:17:35,433 [44084586-cd1e-41a9-8c13-ea2cf27b07b5@group-B35983D8130B-LeaderElection6-1] INFO  server.GrpcServerProtocolClient (GrpcServerProtocolClient.java:<init>(65)) - Build channel for 99a655c4-0b57-4952-9df4-c48c67505b31|127.0.0.1:15023
2024-05-03 18:17:35,437 [om1-OMStateMachineApplyTransactionThread - 0] INFO  volume.OMVolumeCreateRequest (OMVolumeCreateRequest.java:validateAndUpdateCache(198)) - created volume:volume24084 for user:user56204
2024-05-03 18:17:35,438 [44084586-cd1e-41a9-8c13-ea2cf27b07b5@group-B35983D8130B-LeaderElection6] INFO  server.RaftServerConfigKeys (ConfUtils.java:logFallback(53)) - raft.server.rpc.first-election.timeout.min = 5s (fallback to raft.server.rpc.timeout.min)
2024-05-03 18:17:35,438 [44084586-cd1e-41a9-8c13-ea2cf27b07b5@group-B35983D8130B-LeaderElection6] INFO  server.RaftServerConfigKeys (ConfUtils.java:logFallback(53)) - raft.server.rpc.first-election.timeout.max = 5200ms (fallback to raft.server.rpc.timeout.max)
2024-05-03 18:17:35,443 [a4462983-f44a-4197-b2bd-8a8d54f7910a@group-B35983D8130B-FollowerState] INFO  impl.FollowerState (FollowerState.java:run(143)) - a4462983-f44a-4197-b2bd-8a8d54f7910a@group-B35983D8130B-FollowerState: change to CANDIDATE, lastRpcElapsedTime:5077680169ns, electionTimeout:5075ms
2024-05-03 18:17:35,443 [a4462983-f44a-4197-b2bd-8a8d54f7910a@group-B35983D8130B-FollowerState] INFO  impl.RoleInfo (RoleInfo.java:shutdownFollowerState(110)) - a4462983-f44a-4197-b2bd-8a8d54f7910a: shutdown a4462983-f44a-4197-b2bd-8a8d54f7910a@group-B35983D8130B-FollowerState
2024-05-03 18:17:35,443 [44084586-cd1e-41a9-8c13-ea2cf27b07b5@group-B35983D8130B-LeaderElection6-2] INFO  server.GrpcServerProtocolClient (GrpcServerProtocolClient.java:<init>(65)) - Build channel for a4462983-f44a-4197-b2bd-8a8d54f7910a|127.0.0.1:15014
2024-05-03 18:17:35,443 [a4462983-f44a-4197-b2bd-8a8d54f7910a@group-B35983D8130B-FollowerState] INFO  server.RaftServer$Division (RaftServerImpl.java:setRole(383)) - a4462983-f44a-4197-b2bd-8a8d54f7910a@group-B35983D8130B: changes role from  FOLLOWER to CANDIDATE at term 0 for changeToCandidate
2024-05-03 18:17:35,444 [a4462983-f44a-4197-b2bd-8a8d54f7910a@group-B35983D8130B-FollowerState] INFO  server.RaftServerConfigKeys (ConfUtils.java:logGet(46)) - raft.server.leaderelection.pre-vote = true (default)
2024-05-03 18:17:35,444 [a4462983-f44a-4197-b2bd-8a8d54f7910a@group-B35983D8130B-FollowerState] INFO  impl.RoleInfo (RoleInfo.java:updateAndGet(139)) - a4462983-f44a-4197-b2bd-8a8d54f7910a: start a4462983-f44a-4197-b2bd-8a8d54f7910a@group-B35983D8130B-LeaderElection7
2024-05-03 18:17:35,444 [a4462983-f44a-4197-b2bd-8a8d54f7910a@group-B35983D8130B-LeaderElection7] INFO  impl.LeaderElection (LeaderElection.java:askForVotes(321)) - a4462983-f44a-4197-b2bd-8a8d54f7910a@group-B35983D8130B-LeaderElection7 PRE_VOTE round 0: submit vote requests at term 0 for -1: peers:[99a655c4-0b57-4952-9df4-c48c67505b31|127.0.0.1:15023, a4462983-f44a-4197-b2bd-8a8d54f7910a|127.0.0.1:15014, 44084586-cd1e-41a9-8c13-ea2cf27b07b5|127.0.0.1:15032]|listeners:[], old=null
2024-05-03 18:17:35,445 [om1-OMDoubleBufferFlushThread] INFO  helpers.OmKeyInfo (OmKeyInfo.java:getCodec(72)) - OmKeyInfo.getCodec ignorePipeline = true
2024-05-03 18:17:35,445 [a4462983-f44a-4197-b2bd-8a8d54f7910a@group-B35983D8130B-LeaderElection7] INFO  server.RaftServerConfigKeys (ConfUtils.java:logFallback(53)) - raft.server.rpc.first-election.timeout.min = 5s (fallback to raft.server.rpc.timeout.min)
2024-05-03 18:17:35,445 [a4462983-f44a-4197-b2bd-8a8d54f7910a@group-B35983D8130B-LeaderElection7] INFO  server.RaftServerConfigKeys (ConfUtils.java:logFallback(53)) - raft.server.rpc.first-election.timeout.max = 5200ms (fallback to raft.server.rpc.timeout.max)
2024-05-03 18:17:35,445 [om1-OMDoubleBufferFlushThread] INFO  helpers.OmKeyInfo (OmKeyInfo.java:getCodec(72)) - OmKeyInfo.getCodec ignorePipeline = true
2024-05-03 18:17:35,448 [grpc-default-executor-2] INFO  server.RaftServer$Division (RaftServerImpl.java:requestVote(1389)) - 99a655c4-0b57-4952-9df4-c48c67505b31@group-B35983D8130B: receive requestVote(PRE_VOTE, 44084586-cd1e-41a9-8c13-ea2cf27b07b5, group-B35983D8130B, 0, (t:0, i:0))
2024-05-03 18:17:35,448 [grpc-default-executor-2] INFO  impl.VoteContext (VoteContext.java:log(49)) - 99a655c4-0b57-4952-9df4-c48c67505b31@group-B35983D8130B-FOLLOWER: accept PRE_VOTE from 44084586-cd1e-41a9-8c13-ea2cf27b07b5: our priority 0 <= candidate's priority 1
2024-05-03 18:17:35,448 [grpc-default-executor-2] INFO  server.RaftServer$Division (RaftServerImpl.java:requestVote(1422)) - 99a655c4-0b57-4952-9df4-c48c67505b31@group-B35983D8130B replies to PRE_VOTE vote request: 44084586-cd1e-41a9-8c13-ea2cf27b07b5<-99a655c4-0b57-4952-9df4-c48c67505b31#0:OK-t0. Peer's state: 99a655c4-0b57-4952-9df4-c48c67505b31@group-B35983D8130B:t0, leader=null, voted=, raftlog=Memoized:99a655c4-0b57-4952-9df4-c48c67505b31@group-B35983D8130B-SegmentedRaftLog:OPENED:c-1, conf=-1: peers:[99a655c4-0b57-4952-9df4-c48c67505b31|127.0.0.1:15023, a4462983-f44a-4197-b2bd-8a8d54f7910a|127.0.0.1:15014, 44084586-cd1e-41a9-8c13-ea2cf27b07b5|127.0.0.1:15032]|listeners:[], old=null
2024-05-03 18:17:35,448 [om1-OMDoubleBufferFlushThread] INFO  helpers.OmKeyInfo (OmKeyInfo.java:getCodec(72)) - OmKeyInfo.getCodec ignorePipeline = true
2024-05-03 18:17:35,448 [grpc-default-executor-3] INFO  server.RaftServer$Division (RaftServerImpl.java:requestVote(1389)) - 99a655c4-0b57-4952-9df4-c48c67505b31@group-B35983D8130B: receive requestVote(PRE_VOTE, a4462983-f44a-4197-b2bd-8a8d54f7910a, group-B35983D8130B, 0, (t:0, i:0))
2024-05-03 18:17:35,448 [grpc-default-executor-3] INFO  impl.VoteContext (VoteContext.java:log(49)) - 99a655c4-0b57-4952-9df4-c48c67505b31@group-B35983D8130B-FOLLOWER: accept PRE_VOTE from a4462983-f44a-4197-b2bd-8a8d54f7910a: our priority 0 <= candidate's priority 0
2024-05-03 18:17:35,448 [grpc-default-executor-3] INFO  server.RaftServer$Division (RaftServerImpl.java:requestVote(1422)) - 99a655c4-0b57-4952-9df4-c48c67505b31@group-B35983D8130B replies to PRE_VOTE vote request: a4462983-f44a-4197-b2bd-8a8d54f7910a<-99a655c4-0b57-4952-9df4-c48c67505b31#0:OK-t0. Peer's state: 99a655c4-0b57-4952-9df4-c48c67505b31@group-B35983D8130B:t0, leader=null, voted=, raftlog=Memoized:99a655c4-0b57-4952-9df4-c48c67505b31@group-B35983D8130B-SegmentedRaftLog:OPENED:c-1, conf=-1: peers:[99a655c4-0b57-4952-9df4-c48c67505b31|127.0.0.1:15023, a4462983-f44a-4197-b2bd-8a8d54f7910a|127.0.0.1:15014, 44084586-cd1e-41a9-8c13-ea2cf27b07b5|127.0.0.1:15032]|listeners:[], old=null
2024-05-03 18:17:35,449 [om1-OMDoubleBufferFlushThread] INFO  helpers.OmKeyInfo (OmKeyInfo.java:getCodec(72)) - OmKeyInfo.getCodec ignorePipeline = true
2024-05-03 18:17:35,449 [om1-OMDoubleBufferFlushThread] INFO  helpers.OmKeyInfo (OmKeyInfo.java:getCodec(72)) - OmKeyInfo.getCodec ignorePipeline = true
2024-05-03 18:17:35,451 [44084586-cd1e-41a9-8c13-ea2cf27b07b5@group-B35983D8130B-LeaderElection6] INFO  impl.LeaderElection (LeaderElection.java:logAndReturn(89)) - 44084586-cd1e-41a9-8c13-ea2cf27b07b5@group-B35983D8130B-LeaderElection6: PRE_VOTE PASSED received 1 response(s) and 0 exception(s):
2024-05-03 18:17:35,451 [44084586-cd1e-41a9-8c13-ea2cf27b07b5@group-B35983D8130B-LeaderElection6] INFO  impl.LeaderElection (LeaderElection.java:logAndReturn(93)) -   Response 0: 44084586-cd1e-41a9-8c13-ea2cf27b07b5<-99a655c4-0b57-4952-9df4-c48c67505b31#0:OK-t0
2024-05-03 18:17:35,451 [44084586-cd1e-41a9-8c13-ea2cf27b07b5@group-B35983D8130B-LeaderElection6] INFO  impl.LeaderElection (LeaderElection.java:askForVotes(323)) - 44084586-cd1e-41a9-8c13-ea2cf27b07b5@group-B35983D8130B-LeaderElection6 PRE_VOTE round 0: result PASSED
2024-05-03 18:17:35,452 [grpc-default-executor-3] INFO  server.RaftServer$Division (RaftServerImpl.java:requestVote(1389)) - 44084586-cd1e-41a9-8c13-ea2cf27b07b5@group-B35983D8130B: receive requestVote(PRE_VOTE, a4462983-f44a-4197-b2bd-8a8d54f7910a, group-B35983D8130B, 0, (t:0, i:0))
2024-05-03 18:17:35,453 [grpc-default-executor-3] INFO  impl.VoteContext (VoteContext.java:log(49)) - 44084586-cd1e-41a9-8c13-ea2cf27b07b5@group-B35983D8130B-CANDIDATE: reject PRE_VOTE from a4462983-f44a-4197-b2bd-8a8d54f7910a: our priority 1 > candidate's priority 0
2024-05-03 18:17:35,453 [grpc-default-executor-3] INFO  server.RaftServer$Division (RaftServerImpl.java:requestVote(1422)) - 44084586-cd1e-41a9-8c13-ea2cf27b07b5@group-B35983D8130B replies to PRE_VOTE vote request: a4462983-f44a-4197-b2bd-8a8d54f7910a<-44084586-cd1e-41a9-8c13-ea2cf27b07b5#0:FAIL-t1. Peer's state: 44084586-cd1e-41a9-8c13-ea2cf27b07b5@group-B35983D8130B:t1, leader=null, voted=44084586-cd1e-41a9-8c13-ea2cf27b07b5, raftlog=Memoized:44084586-cd1e-41a9-8c13-ea2cf27b07b5@group-B35983D8130B-SegmentedRaftLog:OPENED:c-1, conf=-1: peers:[99a655c4-0b57-4952-9df4-c48c67505b31|127.0.0.1:15023, a4462983-f44a-4197-b2bd-8a8d54f7910a|127.0.0.1:15014, 44084586-cd1e-41a9-8c13-ea2cf27b07b5|127.0.0.1:15032]|listeners:[], old=null
2024-05-03 18:17:35,453 [44084586-cd1e-41a9-8c13-ea2cf27b07b5@group-B35983D8130B-LeaderElection6] INFO  impl.LeaderElection (LeaderElection.java:askForVotes(321)) - 44084586-cd1e-41a9-8c13-ea2cf27b07b5@group-B35983D8130B-LeaderElection6 ELECTION round 0: submit vote requests at term 1 for -1: peers:[99a655c4-0b57-4952-9df4-c48c67505b31|127.0.0.1:15023, a4462983-f44a-4197-b2bd-8a8d54f7910a|127.0.0.1:15014, 44084586-cd1e-41a9-8c13-ea2cf27b07b5|127.0.0.1:15032]|listeners:[], old=null
2024-05-03 18:17:35,455 [grpc-default-executor-3] INFO  server.RaftServer$Division (RaftServerImpl.java:requestVote(1389)) - 99a655c4-0b57-4952-9df4-c48c67505b31@group-B35983D8130B: receive requestVote(ELECTION, 44084586-cd1e-41a9-8c13-ea2cf27b07b5, group-B35983D8130B, 1, (t:0, i:0))
2024-05-03 18:17:35,455 [grpc-default-executor-3] INFO  impl.VoteContext (VoteContext.java:log(49)) - 99a655c4-0b57-4952-9df4-c48c67505b31@group-B35983D8130B-FOLLOWER: accept ELECTION from 44084586-cd1e-41a9-8c13-ea2cf27b07b5: our priority 0 <= candidate's priority 1
2024-05-03 18:17:35,455 [grpc-default-executor-3] INFO  server.RaftServer$Division (RaftServerImpl.java:setRole(383)) - 99a655c4-0b57-4952-9df4-c48c67505b31@group-B35983D8130B: changes role from  FOLLOWER to FOLLOWER at term 1 for candidate:44084586-cd1e-41a9-8c13-ea2cf27b07b5
2024-05-03 18:17:35,455 [grpc-default-executor-3] INFO  impl.RoleInfo (RoleInfo.java:shutdownFollowerState(110)) - 99a655c4-0b57-4952-9df4-c48c67505b31: shutdown 99a655c4-0b57-4952-9df4-c48c67505b31@group-B35983D8130B-FollowerState
2024-05-03 18:17:35,455 [grpc-default-executor-3] INFO  impl.RoleInfo (RoleInfo.java:updateAndGet(139)) - 99a655c4-0b57-4952-9df4-c48c67505b31: start 99a655c4-0b57-4952-9df4-c48c67505b31@group-B35983D8130B-FollowerState
2024-05-03 18:17:35,455 [99a655c4-0b57-4952-9df4-c48c67505b31@group-B35983D8130B-FollowerState] INFO  impl.FollowerState (FollowerState.java:run(152)) - 99a655c4-0b57-4952-9df4-c48c67505b31@group-B35983D8130B-FollowerState was interrupted
2024-05-03 18:17:35,456 [grpc-default-executor-4] INFO  server.RaftServer$Division (RaftServerImpl.java:requestVote(1389)) - a4462983-f44a-4197-b2bd-8a8d54f7910a@group-B35983D8130B: receive requestVote(PRE_VOTE, 44084586-cd1e-41a9-8c13-ea2cf27b07b5, group-B35983D8130B, 0, (t:0, i:0))
2024-05-03 18:17:35,456 [grpc-default-executor-4] INFO  impl.VoteContext (VoteContext.java:log(49)) - a4462983-f44a-4197-b2bd-8a8d54f7910a@group-B35983D8130B-CANDIDATE: accept PRE_VOTE from 44084586-cd1e-41a9-8c13-ea2cf27b07b5: our priority 0 <= candidate's priority 1
2024-05-03 18:17:35,457 [grpc-default-executor-4] INFO  server.RaftServer$Division (RaftServerImpl.java:requestVote(1422)) - a4462983-f44a-4197-b2bd-8a8d54f7910a@group-B35983D8130B replies to PRE_VOTE vote request: 44084586-cd1e-41a9-8c13-ea2cf27b07b5<-a4462983-f44a-4197-b2bd-8a8d54f7910a#0:OK-t0. Peer's state: a4462983-f44a-4197-b2bd-8a8d54f7910a@group-B35983D8130B:t0, leader=null, voted=, raftlog=Memoized:a4462983-f44a-4197-b2bd-8a8d54f7910a@group-B35983D8130B-SegmentedRaftLog:OPENED:c-1, conf=-1: peers:[99a655c4-0b57-4952-9df4-c48c67505b31|127.0.0.1:15023, a4462983-f44a-4197-b2bd-8a8d54f7910a|127.0.0.1:15014, 44084586-cd1e-41a9-8c13-ea2cf27b07b5|127.0.0.1:15032]|listeners:[], old=null
2024-05-03 18:17:35,457 [a4462983-f44a-4197-b2bd-8a8d54f7910a@group-B35983D8130B-LeaderElection7] INFO  impl.LeaderElection (LeaderElection.java:logAndReturn(89)) - a4462983-f44a-4197-b2bd-8a8d54f7910a@group-B35983D8130B-LeaderElection7: PRE_VOTE DISCOVERED_A_NEW_TERM (term=1) received 2 response(s) and 0 exception(s):
2024-05-03 18:17:35,457 [a4462983-f44a-4197-b2bd-8a8d54f7910a@group-B35983D8130B-LeaderElection7] INFO  impl.LeaderElection (LeaderElection.java:logAndReturn(93)) -   Response 0: a4462983-f44a-4197-b2bd-8a8d54f7910a<-99a655c4-0b57-4952-9df4-c48c67505b31#0:OK-t0
2024-05-03 18:17:35,457 [a4462983-f44a-4197-b2bd-8a8d54f7910a@group-B35983D8130B-LeaderElection7] INFO  impl.LeaderElection (LeaderElection.java:logAndReturn(93)) -   Response 1: a4462983-f44a-4197-b2bd-8a8d54f7910a<-44084586-cd1e-41a9-8c13-ea2cf27b07b5#0:FAIL-t1
2024-05-03 18:17:35,457 [a4462983-f44a-4197-b2bd-8a8d54f7910a@group-B35983D8130B-LeaderElection7] INFO  impl.LeaderElection (LeaderElection.java:askForVotes(323)) - a4462983-f44a-4197-b2bd-8a8d54f7910a@group-B35983D8130B-LeaderElection7 PRE_VOTE round 0: result DISCOVERED_A_NEW_TERM (term=1)
2024-05-03 18:17:35,457 [a4462983-f44a-4197-b2bd-8a8d54f7910a@group-B35983D8130B-LeaderElection7] INFO  server.RaftServer$Division (RaftServerImpl.java:setRole(383)) - a4462983-f44a-4197-b2bd-8a8d54f7910a@group-B35983D8130B: changes role from CANDIDATE to FOLLOWER at term 1 for DISCOVERED_A_NEW_TERM (term=1)
2024-05-03 18:17:35,457 [a4462983-f44a-4197-b2bd-8a8d54f7910a@group-B35983D8130B-LeaderElection7] INFO  impl.RoleInfo (RoleInfo.java:shutdownLeaderElection(130)) - a4462983-f44a-4197-b2bd-8a8d54f7910a: shutdown a4462983-f44a-4197-b2bd-8a8d54f7910a@group-B35983D8130B-LeaderElection7
2024-05-03 18:17:35,457 [a4462983-f44a-4197-b2bd-8a8d54f7910a@group-B35983D8130B-LeaderElection7] INFO  impl.RoleInfo (RoleInfo.java:updateAndGet(139)) - a4462983-f44a-4197-b2bd-8a8d54f7910a: start a4462983-f44a-4197-b2bd-8a8d54f7910a@group-B35983D8130B-FollowerState
2024-05-03 18:17:35,459 [main] INFO  rpc.RpcClient (RpcClient.java:createBucket(696)) - Creating Bucket: volume24084/bucket34669, with bucket layout FILE_SYSTEM_OPTIMIZED, runner as owner, Versioning false, Storage Type set to DISK and Encryption set to false, Replication Type set to server-side default replication type, Namespace Quota set to -1, Space Quota set to -1 
2024-05-03 18:17:35,463 [44084586-cd1e-41a9-8c13-ea2cf27b07b5@group-B35983D8130B-LeaderElection6] INFO  server.RaftServerConfigKeys (ConfUtils.java:logFallback(53)) - raft.server.rpc.first-election.timeout.min = 5s (fallback to raft.server.rpc.timeout.min)
2024-05-03 18:17:35,463 [44084586-cd1e-41a9-8c13-ea2cf27b07b5@group-B35983D8130B-LeaderElection6] INFO  server.RaftServerConfigKeys (ConfUtils.java:logFallback(53)) - raft.server.rpc.first-election.timeout.max = 5200ms (fallback to raft.server.rpc.timeout.max)
2024-05-03 18:17:35,464 [grpc-default-executor-4] INFO  server.RaftServer$Division (RaftServerImpl.java:requestVote(1389)) - a4462983-f44a-4197-b2bd-8a8d54f7910a@group-B35983D8130B: receive requestVote(ELECTION, 44084586-cd1e-41a9-8c13-ea2cf27b07b5, group-B35983D8130B, 1, (t:0, i:0))
2024-05-03 18:17:35,467 [grpc-default-executor-3] INFO  server.RaftServer$Division (RaftServerImpl.java:setFirstElection(574)) - 99a655c4-0b57-4952-9df4-c48c67505b31@group-B35983D8130B: set firstElectionSinceStartup to false for candidate:44084586-cd1e-41a9-8c13-ea2cf27b07b5
2024-05-03 18:17:35,468 [a4462983-f44a-4197-b2bd-8a8d54f7910a@group-B35983D8130B-LeaderElection7] INFO  server.RaftServer$Division (RaftServerImpl.java:setFirstElection(574)) - a4462983-f44a-4197-b2bd-8a8d54f7910a@group-B35983D8130B: set firstElectionSinceStartup to false for DISCOVERED_A_NEW_TERM (term=1)
2024-05-03 18:17:35,470 [grpc-default-executor-4] INFO  impl.VoteContext (VoteContext.java:log(49)) - a4462983-f44a-4197-b2bd-8a8d54f7910a@group-B35983D8130B-FOLLOWER: accept ELECTION from 44084586-cd1e-41a9-8c13-ea2cf27b07b5: our priority 0 <= candidate's priority 1
2024-05-03 18:17:35,471 [grpc-default-executor-4] INFO  server.RaftServer$Division (RaftServerImpl.java:setRole(383)) - a4462983-f44a-4197-b2bd-8a8d54f7910a@group-B35983D8130B: changes role from  FOLLOWER to FOLLOWER at term 1 for candidate:44084586-cd1e-41a9-8c13-ea2cf27b07b5
2024-05-03 18:17:35,471 [grpc-default-executor-4] INFO  impl.RoleInfo (RoleInfo.java:shutdownFollowerState(110)) - a4462983-f44a-4197-b2bd-8a8d54f7910a: shutdown a4462983-f44a-4197-b2bd-8a8d54f7910a@group-B35983D8130B-FollowerState
2024-05-03 18:17:35,471 [grpc-default-executor-4] INFO  impl.RoleInfo (RoleInfo.java:updateAndGet(139)) - a4462983-f44a-4197-b2bd-8a8d54f7910a: start a4462983-f44a-4197-b2bd-8a8d54f7910a@group-B35983D8130B-FollowerState
2024-05-03 18:17:35,471 [a4462983-f44a-4197-b2bd-8a8d54f7910a@group-B35983D8130B-FollowerState] INFO  impl.FollowerState (FollowerState.java:run(152)) - a4462983-f44a-4197-b2bd-8a8d54f7910a@group-B35983D8130B-FollowerState was interrupted
2024-05-03 18:17:35,473 [grpc-default-executor-3] INFO  server.RaftServer$Division (RaftServerImpl.java:requestVote(1422)) - 99a655c4-0b57-4952-9df4-c48c67505b31@group-B35983D8130B replies to ELECTION vote request: 44084586-cd1e-41a9-8c13-ea2cf27b07b5<-99a655c4-0b57-4952-9df4-c48c67505b31#0:OK-t1. Peer's state: 99a655c4-0b57-4952-9df4-c48c67505b31@group-B35983D8130B:t1, leader=null, voted=44084586-cd1e-41a9-8c13-ea2cf27b07b5, raftlog=Memoized:99a655c4-0b57-4952-9df4-c48c67505b31@group-B35983D8130B-SegmentedRaftLog:OPENED:c-1, conf=-1: peers:[99a655c4-0b57-4952-9df4-c48c67505b31|127.0.0.1:15023, a4462983-f44a-4197-b2bd-8a8d54f7910a|127.0.0.1:15014, 44084586-cd1e-41a9-8c13-ea2cf27b07b5|127.0.0.1:15032]|listeners:[], old=null
2024-05-03 18:17:35,473 [grpc-default-executor-4] INFO  server.RaftServer$Division (RaftServerImpl.java:requestVote(1422)) - a4462983-f44a-4197-b2bd-8a8d54f7910a@group-B35983D8130B replies to ELECTION vote request: 44084586-cd1e-41a9-8c13-ea2cf27b07b5<-a4462983-f44a-4197-b2bd-8a8d54f7910a#0:OK-t1. Peer's state: a4462983-f44a-4197-b2bd-8a8d54f7910a@group-B35983D8130B:t1, leader=null, voted=44084586-cd1e-41a9-8c13-ea2cf27b07b5, raftlog=Memoized:a4462983-f44a-4197-b2bd-8a8d54f7910a@group-B35983D8130B-SegmentedRaftLog:OPENED:c-1, conf=-1: peers:[99a655c4-0b57-4952-9df4-c48c67505b31|127.0.0.1:15023, a4462983-f44a-4197-b2bd-8a8d54f7910a|127.0.0.1:15014, 44084586-cd1e-41a9-8c13-ea2cf27b07b5|127.0.0.1:15032]|listeners:[], old=null
2024-05-03 18:17:35,474 [44084586-cd1e-41a9-8c13-ea2cf27b07b5@group-B35983D8130B-LeaderElection6] INFO  impl.LeaderElection (LeaderElection.java:logAndReturn(89)) - 44084586-cd1e-41a9-8c13-ea2cf27b07b5@group-B35983D8130B-LeaderElection6: ELECTION PASSED received 1 response(s) and 0 exception(s):
2024-05-03 18:17:35,474 [44084586-cd1e-41a9-8c13-ea2cf27b07b5@group-B35983D8130B-LeaderElection6] INFO  impl.LeaderElection (LeaderElection.java:logAndReturn(93)) -   Response 0: 44084586-cd1e-41a9-8c13-ea2cf27b07b5<-99a655c4-0b57-4952-9df4-c48c67505b31#0:OK-t1
2024-05-03 18:17:35,474 [44084586-cd1e-41a9-8c13-ea2cf27b07b5@group-B35983D8130B-LeaderElection6] INFO  impl.LeaderElection (LeaderElection.java:askForVotes(323)) - 44084586-cd1e-41a9-8c13-ea2cf27b07b5@group-B35983D8130B-LeaderElection6 ELECTION round 0: result PASSED
2024-05-03 18:17:35,475 [44084586-cd1e-41a9-8c13-ea2cf27b07b5@group-B35983D8130B-LeaderElection6] INFO  impl.RoleInfo (RoleInfo.java:shutdownLeaderElection(130)) - 44084586-cd1e-41a9-8c13-ea2cf27b07b5: shutdown 44084586-cd1e-41a9-8c13-ea2cf27b07b5@group-B35983D8130B-LeaderElection6
2024-05-03 18:17:35,475 [44084586-cd1e-41a9-8c13-ea2cf27b07b5@group-B35983D8130B-LeaderElection6] INFO  server.RaftServer$Division (RaftServerImpl.java:setRole(383)) - 44084586-cd1e-41a9-8c13-ea2cf27b07b5@group-B35983D8130B: changes role from CANDIDATE to LEADER at term 1 for changeToLeader
2024-05-03 18:17:35,475 [44084586-cd1e-41a9-8c13-ea2cf27b07b5@group-B35983D8130B-LeaderElection6] INFO  server.RaftServerConfigKeys (ConfUtils.java:logGet(46)) - raft.server.staging.catchup.gap = 1000 (default)
2024-05-03 18:17:35,475 [44084586-cd1e-41a9-8c13-ea2cf27b07b5@group-B35983D8130B-LeaderElection6] INFO  server.RaftServerConfigKeys (ConfUtils.java:logGet(46)) - raft.server.write.element-limit = 1024 (custom)
2024-05-03 18:17:35,475 [om1-OMStateMachineApplyTransactionThread - 0] INFO  bucket.OMBucketCreateRequest (OMBucketCreateRequest.java:validateAndUpdateCache(293)) - created bucket: bucket34669 of layout FILE_SYSTEM_OPTIMIZED in volume: volume24084
2024-05-03 18:17:35,475 [44084586-cd1e-41a9-8c13-ea2cf27b07b5@group-B35983D8130B-LeaderElection6] INFO  server.RaftServerConfigKeys (ConfUtils.java:logGet(46)) - raft.server.write.byte-limit = 1024 M (=1073741824) (custom)
2024-05-03 18:17:35,478 [44084586-cd1e-41a9-8c13-ea2cf27b07b5@group-B35983D8130B-LeaderElection6] INFO  server.RaftServerConfigKeys (ConfUtils.java:logGet(46)) - raft.server.watch.timeout = 180s (custom)
2024-05-03 18:17:35,478 [44084586-cd1e-41a9-8c13-ea2cf27b07b5@group-B35983D8130B-LeaderElection6] INFO  server.RaftServerConfigKeys (ConfUtils.java:logGet(46)) - raft.server.watch.timeout.denomination = 1s (default)
2024-05-03 18:17:35,478 [44084586-cd1e-41a9-8c13-ea2cf27b07b5@group-B35983D8130B-LeaderElection6] INFO  server.RaftServerConfigKeys (ConfUtils.java:logGet(46)) - raft.server.watch.element-limit = 65536 (default)
2024-05-03 18:17:35,478 [44084586-cd1e-41a9-8c13-ea2cf27b07b5@group-B35983D8130B-LeaderElection6] INFO  server.RaftServerConfigKeys (ConfUtils.java:logGet(46)) - raft.server.read.leader.lease.enabled = false (default)
2024-05-03 18:17:35,478 [44084586-cd1e-41a9-8c13-ea2cf27b07b5@group-B35983D8130B-LeaderElection6] INFO  server.RaftServerConfigKeys (ConfUtils.java:logGet(46)) - raft.server.read.leader.lease.timeout.ratio = 0.9 (default)
2024-05-03 18:17:35,478 [44084586-cd1e-41a9-8c13-ea2cf27b07b5@group-B35983D8130B-LeaderElection6] INFO  server.RaftServerConfigKeys (ConfUtils.java:logGet(46)) - raft.server.rpc.timeout.min = 5s (custom)
2024-05-03 18:17:35,478 [44084586-cd1e-41a9-8c13-ea2cf27b07b5@group-B35983D8130B-LeaderElection6] INFO  server.RaftServerConfigKeys (ConfUtils.java:logGet(46)) - raft.server.write.element-limit = 1024 (custom)
2024-05-03 18:17:35,479 [44084586-cd1e-41a9-8c13-ea2cf27b07b5@group-B35983D8130B-LeaderElection6] INFO  server.RaftServerConfigKeys (ConfUtils.java:logGet(46)) - raft.server.write.follower.gap.ratio.max = -1.0 (default)
2024-05-03 18:17:35,481 [44084586-cd1e-41a9-8c13-ea2cf27b07b5@group-B35983D8130B-LeaderElection6] INFO  server.RaftServerConfigKeys (ConfUtils.java:logGet(46)) - raft.server.log.appender.snapshot.chunk.size.max = 16MB (=16777216) (default)
2024-05-03 18:17:35,481 [44084586-cd1e-41a9-8c13-ea2cf27b07b5@group-B35983D8130B-LeaderElection6] INFO  server.RaftServerConfigKeys (ConfUtils.java:logGet(46)) - raft.server.log.appender.buffer.byte-limit = 8388608 (custom)
2024-05-03 18:17:35,481 [44084586-cd1e-41a9-8c13-ea2cf27b07b5@group-B35983D8130B-LeaderElection6] INFO  server.RaftServerConfigKeys (ConfUtils.java:logGet(46)) - raft.server.log.appender.buffer.element-limit = 1 (custom)
2024-05-03 18:17:35,482 [44084586-cd1e-41a9-8c13-ea2cf27b07b5@group-B35983D8130B-LeaderElection6] INFO  server.RaftServerConfigKeys (ConfUtils.java:logGet(46)) - raft.server.log.appender.wait-time.min = 0μs (custom)
2024-05-03 18:17:35,483 [44084586-cd1e-41a9-8c13-ea2cf27b07b5@group-B35983D8130B-LeaderElection6] INFO  grpc.GrpcConfigKeys (ConfUtils.java:logGet(46)) - raft.grpc.server.leader.outstanding.appends.max = 8 (default)
2024-05-03 18:17:35,483 [44084586-cd1e-41a9-8c13-ea2cf27b07b5@group-B35983D8130B-LeaderElection6] INFO  server.RaftServerConfigKeys (ConfUtils.java:logGet(46)) - raft.server.rpc.request.timeout = 60s (custom)
2024-05-03 18:17:35,483 [44084586-cd1e-41a9-8c13-ea2cf27b07b5@group-B35983D8130B-LeaderElection6] INFO  grpc.GrpcConfigKeys (ConfUtils.java:logGet(46)) - raft.grpc.server.install_snapshot.request.element-limit = 8 (default)
2024-05-03 18:17:35,483 [44084586-cd1e-41a9-8c13-ea2cf27b07b5@group-B35983D8130B-LeaderElection6] INFO  grpc.GrpcConfigKeys (ConfUtils.java:logGet(46)) - raft.grpc.server.install_snapshot.request.timeout = 3000ms (default)
2024-05-03 18:17:35,483 [44084586-cd1e-41a9-8c13-ea2cf27b07b5@group-B35983D8130B-LeaderElection6] INFO  grpc.GrpcConfigKeys (ConfUtils.java:logGet(46)) - raft.grpc.server.log-message.batch.duration = 5s (default)
2024-05-03 18:17:35,483 [44084586-cd1e-41a9-8c13-ea2cf27b07b5@group-B35983D8130B-LeaderElection6] INFO  server.RaftServerConfigKeys (ConfUtils.java:logGet(46)) - raft.server.log.appender.install.snapshot.enabled = false (custom)
2024-05-03 18:17:35,483 [44084586-cd1e-41a9-8c13-ea2cf27b07b5@group-B35983D8130B-LeaderElection6] INFO  grpc.GrpcConfigKeys (ConfUtils.java:logGet(46)) - raft.grpc.server.heartbeat.channel = true (default)
2024-05-03 18:17:35,485 [44084586-cd1e-41a9-8c13-ea2cf27b07b5@group-B35983D8130B-LeaderElection6] INFO  server.RaftServerConfigKeys (ConfUtils.java:logGet(46)) - raft.server.log.appender.snapshot.chunk.size.max = 16MB (=16777216) (default)
2024-05-03 18:17:35,485 [44084586-cd1e-41a9-8c13-ea2cf27b07b5@group-B35983D8130B-LeaderElection6] INFO  server.RaftServerConfigKeys (ConfUtils.java:logGet(46)) - raft.server.log.appender.buffer.byte-limit = 8388608 (custom)
2024-05-03 18:17:35,485 [44084586-cd1e-41a9-8c13-ea2cf27b07b5@group-B35983D8130B-LeaderElection6] INFO  server.RaftServerConfigKeys (ConfUtils.java:logGet(46)) - raft.server.log.appender.buffer.element-limit = 1 (custom)
2024-05-03 18:17:35,485 [44084586-cd1e-41a9-8c13-ea2cf27b07b5@group-B35983D8130B-LeaderElection6] INFO  server.RaftServerConfigKeys (ConfUtils.java:logGet(46)) - raft.server.log.appender.wait-time.min = 0μs (custom)
2024-05-03 18:17:35,485 [44084586-cd1e-41a9-8c13-ea2cf27b07b5@group-B35983D8130B-LeaderElection6] INFO  grpc.GrpcConfigKeys (ConfUtils.java:logGet(46)) - raft.grpc.server.leader.outstanding.appends.max = 8 (default)
2024-05-03 18:17:35,485 [44084586-cd1e-41a9-8c13-ea2cf27b07b5@group-B35983D8130B-LeaderElection6] INFO  server.RaftServerConfigKeys (ConfUtils.java:logGet(46)) - raft.server.rpc.request.timeout = 60s (custom)
2024-05-03 18:17:35,485 [44084586-cd1e-41a9-8c13-ea2cf27b07b5@group-B35983D8130B-LeaderElection6] INFO  grpc.GrpcConfigKeys (ConfUtils.java:logGet(46)) - raft.grpc.server.install_snapshot.request.element-limit = 8 (default)
2024-05-03 18:17:35,485 [44084586-cd1e-41a9-8c13-ea2cf27b07b5@group-B35983D8130B-LeaderElection6] INFO  grpc.GrpcConfigKeys (ConfUtils.java:logGet(46)) - raft.grpc.server.install_snapshot.request.timeout = 3000ms (default)
2024-05-03 18:17:35,486 [44084586-cd1e-41a9-8c13-ea2cf27b07b5@group-B35983D8130B-LeaderElection6] INFO  grpc.GrpcConfigKeys (ConfUtils.java:logGet(46)) - raft.grpc.server.log-message.batch.duration = 5s (default)
2024-05-03 18:17:35,486 [44084586-cd1e-41a9-8c13-ea2cf27b07b5@group-B35983D8130B-LeaderElection6] INFO  server.RaftServerConfigKeys (ConfUtils.java:logGet(46)) - raft.server.log.appender.install.snapshot.enabled = false (custom)
2024-05-03 18:17:35,486 [44084586-cd1e-41a9-8c13-ea2cf27b07b5@group-B35983D8130B-LeaderElection6] INFO  grpc.GrpcConfigKeys (ConfUtils.java:logGet(46)) - raft.grpc.server.heartbeat.channel = true (default)
2024-05-03 18:17:35,486 [44084586-cd1e-41a9-8c13-ea2cf27b07b5@group-B35983D8130B-LeaderElection6] INFO  impl.RoleInfo (RoleInfo.java:updateAndGet(139)) - 44084586-cd1e-41a9-8c13-ea2cf27b07b5: start 44084586-cd1e-41a9-8c13-ea2cf27b07b5@group-B35983D8130B-LeaderStateImpl
2024-05-03 18:17:35,486 [44084586-cd1e-41a9-8c13-ea2cf27b07b5@group-B35983D8130B-LeaderElection6] INFO  server.RaftServer$Division (RaftServerImpl.java:setFirstElection(574)) - 44084586-cd1e-41a9-8c13-ea2cf27b07b5@group-B35983D8130B: set firstElectionSinceStartup to false for becomeLeader
2024-05-03 18:17:35,486 [44084586-cd1e-41a9-8c13-ea2cf27b07b5@group-B35983D8130B-LeaderElection6] INFO  ratis.XceiverServerRatis (XceiverServerRatis.java:handleLeaderChangedNotification(966)) - Leader change notification received for group: group-B35983D8130B with new leaderId: 44084586-cd1e-41a9-8c13-ea2cf27b07b5
2024-05-03 18:17:35,487 [44084586-cd1e-41a9-8c13-ea2cf27b07b5@group-B35983D8130B-LeaderElection6] INFO  server.RaftServer$Division (ServerState.java:setLeader(269)) - 44084586-cd1e-41a9-8c13-ea2cf27b07b5@group-B35983D8130B: change Leader from null to 44084586-cd1e-41a9-8c13-ea2cf27b07b5 at term 1 for becomeLeader, leader elected after 5151ms
2024-05-03 18:17:35,487 [44084586-cd1e-41a9-8c13-ea2cf27b07b5@group-B35983D8130B-LeaderElection6] INFO  segmented.SegmentedRaftLogWorker (SegmentedRaftLogWorker.java:startLogSegment(430)) - 44084586-cd1e-41a9-8c13-ea2cf27b07b5@group-B35983D8130B-SegmentedRaftLogWorker: Starting segment from index:0
2024-05-03 18:17:35,487 [44084586-cd1e-41a9-8c13-ea2cf27b07b5@group-B35983D8130B-SegmentedRaftLogWorker] INFO  segmented.BufferedWriteChannel (BufferedWriteChannel.java:open(62)) - open log_inprogress_0 at position 0
2024-05-03 18:17:35,492 [EventQueue-PipelineReportForPipelineReportHandler] INFO  pipeline.PipelineReportHandler (PipelineReportHandler.java:processPipelineReport(136)) - Opened pipeline PipelineID=a6cbb7ab-e0f2-480c-9ab2-b35983d8130b
2024-05-03 18:17:35,494 [44084586-cd1e-41a9-8c13-ea2cf27b07b5@group-B35983D8130B-LeaderElection6] INFO  server.RaftServer$Division (ServerState.java:setRaftConf(386)) - 44084586-cd1e-41a9-8c13-ea2cf27b07b5@group-B35983D8130B: set configuration 0: peers:[99a655c4-0b57-4952-9df4-c48c67505b31|127.0.0.1:15023, a4462983-f44a-4197-b2bd-8a8d54f7910a|127.0.0.1:15014, 44084586-cd1e-41a9-8c13-ea2cf27b07b5|127.0.0.1:15032]|listeners:[], old=null
2024-05-03 18:17:35,497 [44084586-cd1e-41a9-8c13-ea2cf27b07b5@group-B35983D8130B-SegmentedRaftLogWorker] INFO  segmented.SegmentedRaftLogWorker (SegmentedRaftLogWorker.java:execute(634)) - 44084586-cd1e-41a9-8c13-ea2cf27b07b5@group-B35983D8130B-SegmentedRaftLogWorker: created new log segment /home/runner/work/ozone/ozone/hadoop-ozone/integration-test/target/test-dir/MiniOzoneClusterImpl-50ce9170-f56e-46a6-9cd7-e4b6a7a9fc1c/ozone-meta/datanode-3/ratis/a6cbb7ab-e0f2-480c-9ab2-b35983d8130b/current/log_inprogress_0
2024-05-03 18:17:35,510 [99a655c4-0b57-4952-9df4-c48c67505b31-server-thread2] INFO  ratis.XceiverServerRatis (XceiverServerRatis.java:handleLeaderChangedNotification(966)) - Leader change notification received for group: group-B35983D8130B with new leaderId: 44084586-cd1e-41a9-8c13-ea2cf27b07b5
2024-05-03 18:17:35,510 [99a655c4-0b57-4952-9df4-c48c67505b31-server-thread2] INFO  server.RaftServer$Division (ServerState.java:setLeader(269)) - 99a655c4-0b57-4952-9df4-c48c67505b31@group-B35983D8130B: change Leader from null to 44084586-cd1e-41a9-8c13-ea2cf27b07b5 at term 1 for appendEntries, leader elected after 5184ms
2024-05-03 18:17:35,511 [99a655c4-0b57-4952-9df4-c48c67505b31-server-thread2] INFO  server.RaftServer$Division (ServerState.java:setRaftConf(386)) - 99a655c4-0b57-4952-9df4-c48c67505b31@group-B35983D8130B: set configuration 0: peers:[99a655c4-0b57-4952-9df4-c48c67505b31|127.0.0.1:15023, a4462983-f44a-4197-b2bd-8a8d54f7910a|127.0.0.1:15014, 44084586-cd1e-41a9-8c13-ea2cf27b07b5|127.0.0.1:15032]|listeners:[], old=null
2024-05-03 18:17:35,511 [99a655c4-0b57-4952-9df4-c48c67505b31-server-thread2] INFO  segmented.SegmentedRaftLogWorker (SegmentedRaftLogWorker.java:startLogSegment(430)) - 99a655c4-0b57-4952-9df4-c48c67505b31@group-B35983D8130B-SegmentedRaftLogWorker: Starting segment from index:0
2024-05-03 18:17:35,511 [99a655c4-0b57-4952-9df4-c48c67505b31@group-B35983D8130B-SegmentedRaftLogWorker] INFO  segmented.BufferedWriteChannel (BufferedWriteChannel.java:open(62)) - open log_inprogress_0 at position 0
2024-05-03 18:17:35,520 [99a655c4-0b57-4952-9df4-c48c67505b31@group-B35983D8130B-SegmentedRaftLogWorker] INFO  segmented.SegmentedRaftLogWorker (SegmentedRaftLogWorker.java:execute(634)) - 99a655c4-0b57-4952-9df4-c48c67505b31@group-B35983D8130B-SegmentedRaftLogWorker: created new log segment /home/runner/work/ozone/ozone/hadoop-ozone/integration-test/target/test-dir/MiniOzoneClusterImpl-50ce9170-f56e-46a6-9cd7-e4b6a7a9fc1c/ozone-meta/datanode-2/ratis/a6cbb7ab-e0f2-480c-9ab2-b35983d8130b/current/log_inprogress_0
2024-05-03 18:17:35,522 [a4462983-f44a-4197-b2bd-8a8d54f7910a-server-thread1] INFO  ratis.XceiverServerRatis (XceiverServerRatis.java:handleLeaderChangedNotification(966)) - Leader change notification received for group: group-B35983D8130B with new leaderId: 44084586-cd1e-41a9-8c13-ea2cf27b07b5
2024-05-03 18:17:35,522 [a4462983-f44a-4197-b2bd-8a8d54f7910a-server-thread1] INFO  server.RaftServer$Division (ServerState.java:setLeader(269)) - a4462983-f44a-4197-b2bd-8a8d54f7910a@group-B35983D8130B: change Leader from null to 44084586-cd1e-41a9-8c13-ea2cf27b07b5 at term 1 for appendEntries, leader elected after 5185ms
2024-05-03 18:17:35,523 [a4462983-f44a-4197-b2bd-8a8d54f7910a-server-thread2] INFO  server.RaftServer$Division (ServerState.java:setRaftConf(386)) - a4462983-f44a-4197-b2bd-8a8d54f7910a@group-B35983D8130B: set configuration 0: peers:[99a655c4-0b57-4952-9df4-c48c67505b31|127.0.0.1:15023, a4462983-f44a-4197-b2bd-8a8d54f7910a|127.0.0.1:15014, 44084586-cd1e-41a9-8c13-ea2cf27b07b5|127.0.0.1:15032]|listeners:[], old=null
2024-05-03 18:17:35,523 [a4462983-f44a-4197-b2bd-8a8d54f7910a-server-thread2] INFO  segmented.SegmentedRaftLogWorker (SegmentedRaftLogWorker.java:startLogSegment(430)) - a4462983-f44a-4197-b2bd-8a8d54f7910a@group-B35983D8130B-SegmentedRaftLogWorker: Starting segment from index:0
2024-05-03 18:17:35,524 [a4462983-f44a-4197-b2bd-8a8d54f7910a@group-B35983D8130B-SegmentedRaftLogWorker] INFO  segmented.BufferedWriteChannel (BufferedWriteChannel.java:open(62)) - open log_inprogress_0 at position 0
2024-05-03 18:17:35,533 [a4462983-f44a-4197-b2bd-8a8d54f7910a@group-B35983D8130B-SegmentedRaftLogWorker] INFO  segmented.SegmentedRaftLogWorker (SegmentedRaftLogWorker.java:execute(634)) - a4462983-f44a-4197-b2bd-8a8d54f7910a@group-B35983D8130B-SegmentedRaftLogWorker: created new log segment /home/runner/work/ozone/ozone/hadoop-ozone/integration-test/target/test-dir/MiniOzoneClusterImpl-50ce9170-f56e-46a6-9cd7-e4b6a7a9fc1c/ozone-meta/datanode-1/ratis/a6cbb7ab-e0f2-480c-9ab2-b35983d8130b/current/log_inprogress_0
2024-05-03 18:17:35,534 [44084586-cd1e-41a9-8c13-ea2cf27b07b5@group-B35983D8130B-StateMachineUpdater] INFO  server.RaftServer$Division (LeaderStateImpl.java:isApplied(320)) - leader is ready since appliedIndex == 0 >= startIndex == 0
2024-05-03 18:17:35,597 [main] INFO  protocolPB.OmTransportFactory (OmTransportFactory.java:createFactory(62)) - Loading OM transport implementation org.apache.hadoop.ozone.om.protocolPB.Hadoop3OmTransportFactory as specified by configuration.
2024-05-03 18:17:35,667 [IPC Server handler 2 on default port 15001] INFO  ha.SequenceIdGenerator (SequenceIdGenerator.java:getNextId(145)) - Allocate a batch for containerId, change lastId from 0 to 1000.
2024-05-03 18:17:35,674 [IPC Server handler 2 on default port 15001] WARN  ha.SequenceIdGenerator (SequenceIdGenerator.java:allocateBatch(258)) - Failed to allocate a batch for localId, expected lastId is 0, actual lastId is 113750153625600000.
2024-05-03 18:17:35,674 [IPC Server handler 2 on default port 15001] INFO  ha.SequenceIdGenerator (SequenceIdGenerator.java:getNextId(145)) - Allocate a batch for localId, change lastId from 113750153625600000 to 113750153625601000.
2024-05-03 18:17:35,730 [main] INFO  impl.MetricsSystemImpl (MetricsSystemImpl.java:init(158)) - XceiverClientMetrics metrics system started (again)
2024-05-03 18:17:39,004 [main] INFO  snapshot.TestSnapshotDirectoryCleaningService (TestSnapshotDirectoryCleaningService.java:lambda$assertTableRowCount$3(263)) - fileTable actual row count=14, expectedCount=14
2024-05-03 18:17:39,006 [main] INFO  snapshot.TestSnapshotDirectoryCleaningService (TestSnapshotDirectoryCleaningService.java:lambda$assertTableRowCount$3(263)) - directoryTable actual row count=13, expectedCount=13
2024-05-03 18:17:39,030 [om1-OMStateMachineApplyTransactionThread - 0] WARN  snapshot.OMSnapshotCreateRequest (OMSnapshotCreateRequest.java:estimateBucketDataSize(337)) - DefaultReplicationConfig is not correctly set in OmBucketInfo for volume 'volume24084' bucket 'bucket34669'. Falling back to config default 'RATIS/THREE'
2024-05-03 18:17:39,035 [om1-OMStateMachineApplyTransactionThread - 0] INFO  snapshot.OMSnapshotCreateRequest (OMSnapshotCreateRequest.java:validateAndUpdateCache(218)) - Created snapshot: 'snap1' with snapshotId: '8ab87614-6711-4a96-b7b1-6aed1893b756' under path 'volume24084/bucket34669'
2024-05-03 18:17:39,079 [om1-OMDoubleBufferFlushThread] INFO  db.RDBCheckpointManager (RDBCheckpointManager.java:createCheckpoint(89)) - Created checkpoint in rocksDB at /home/runner/work/ozone/ozone/hadoop-ozone/integration-test/target/test-dir/MiniOzoneClusterImpl-50ce9170-f56e-46a6-9cd7-e4b6a7a9fc1c/ozone-meta/db.snapshots/checkpointState/om.db-8ab87614-6711-4a96-b7b1-6aed1893b756 in 40 milliseconds
2024-05-03 18:17:39,083 [om1-OMDoubleBufferFlushThread] INFO  om.OmSnapshotManager (OmSnapshotManager.java:createOmSnapshotCheckpoint(499)) - Created checkpoint : /home/runner/work/ozone/ozone/hadoop-ozone/integration-test/target/test-dir/MiniOzoneClusterImpl-50ce9170-f56e-46a6-9cd7-e4b6a7a9fc1c/ozone-meta/db.snapshots/checkpointState/om.db-8ab87614-6711-4a96-b7b1-6aed1893b756 for snapshot snap1
2024-05-03 18:17:39,622 [main] INFO  snapshot.TestSnapshotDirectoryCleaningService (TestSnapshotDirectoryCleaningService.java:lambda$assertTableRowCount$3(263)) - deletedDirectoryTable actual row count=0, expectedCount=0
2024-05-03 18:17:39,640 [main] INFO  snapshot.TestSnapshotDirectoryCleaningService (TestSnapshotDirectoryCleaningService.java:lambda$assertTableRowCount$3(263)) - fileTable actual row count=34, expectedCount=34
2024-05-03 18:17:39,642 [main] INFO  snapshot.TestSnapshotDirectoryCleaningService (TestSnapshotDirectoryCleaningService.java:lambda$assertTableRowCount$3(263)) - directoryTable actual row count=13, expectedCount=13
2024-05-03 18:17:39,656 [main] INFO  snapshot.TestSnapshotDirectoryCleaningService (TestSnapshotDirectoryCleaningService.java:lambda$assertTableRowCount$3(263)) - deletedDirectoryTable actual row count=1, expectedCount=1
2024-05-03 18:17:39,680 [om1-OMStateMachineApplyTransactionThread - 0] WARN  snapshot.OMSnapshotCreateRequest (OMSnapshotCreateRequest.java:estimateBucketDataSize(337)) - DefaultReplicationConfig is not correctly set in OmBucketInfo for volume 'volume24084' bucket 'bucket34669'. Falling back to config default 'RATIS/THREE'
2024-05-03 18:17:39,682 [om1-OMStateMachineApplyTransactionThread - 0] INFO  snapshot.OMSnapshotCreateRequest (OMSnapshotCreateRequest.java:validateAndUpdateCache(218)) - Created snapshot: 'snap2' with snapshotId: 'e25b936a-3c31-4307-a38e-e9c6a8b4d664' under path 'volume24084/bucket34669'
2024-05-03 18:17:39,719 [om1-OMDoubleBufferFlushThread] INFO  db.RDBCheckpointManager (RDBCheckpointManager.java:createCheckpoint(89)) - Created checkpoint in rocksDB at /home/runner/work/ozone/ozone/hadoop-ozone/integration-test/target/test-dir/MiniOzoneClusterImpl-50ce9170-f56e-46a6-9cd7-e4b6a7a9fc1c/ozone-meta/db.snapshots/checkpointState/om.db-e25b936a-3c31-4307-a38e-e9c6a8b4d664 in 35 milliseconds
2024-05-03 18:17:39,720 [om1-OMDoubleBufferFlushThread] WARN  om.OmSnapshotManager (OmSnapshotManager.java:performOperationOnKeys(566)) - Took 569112 ns to find endKey. Caller is deleteKeysFromDelDirTableInSnapshotScope
2024-05-03 18:17:39,720 [om1-OMDoubleBufferFlushThread] INFO  om.OmSnapshotManager (OmSnapshotManager.java:createOmSnapshotCheckpoint(499)) - Created checkpoint : /home/runner/work/ozone/ozone/hadoop-ozone/integration-test/target/test-dir/MiniOzoneClusterImpl-50ce9170-f56e-46a6-9cd7-e4b6a7a9fc1c/ozone-meta/db.snapshots/checkpointState/om.db-e25b936a-3c31-4307-a38e-e9c6a8b4d664 for snapshot snap2
2024-05-03 18:17:39,739 [main] INFO  snapshot.TestSnapshotDirectoryCleaningService (TestSnapshotDirectoryCleaningService.java:lambda$assertTableRowCount$3(263)) - deletedTable actual row count=10, expectedCount=10
2024-05-03 18:17:39,753 [om1-KeyDeletingService#0] INFO  snapshot.SnapshotCache (SnapshotCache.java:lambda$2(156)) - Loading SnapshotId: 'e25b936a-3c31-4307-a38e-e9c6a8b4d664'
2024-05-03 18:17:39,754 [om1-KeyDeletingService#0] WARN  server.ServerUtils (ServerUtils.java:getDBPath(299)) - ozone.om.db.dirs is not configured. We recommend adding this setting. Falling back to ozone.metadata.dirs instead.
2024-05-03 18:17:39,754 [om1-KeyDeletingService#0] INFO  helpers.OmKeyInfo (OmKeyInfo.java:getCodec(72)) - OmKeyInfo.getCodec ignorePipeline = true
2024-05-03 18:17:39,760 [om1-OMStateMachineApplyTransactionThread - 0] WARN  snapshot.OMSnapshotCreateRequest (OMSnapshotCreateRequest.java:estimateBucketDataSize(337)) - DefaultReplicationConfig is not correctly set in OmBucketInfo for volume 'volume24084' bucket 'bucket34669'. Falling back to config default 'RATIS/THREE'
2024-05-03 18:17:39,760 [om1-SnapshotDirectoryCleaningService#0] INFO  snapshot.SnapshotCache (SnapshotCache.java:lambda$2(156)) - Loading SnapshotId: '8ab87614-6711-4a96-b7b1-6aed1893b756'
2024-05-03 18:17:39,761 [om1-SnapshotDirectoryCleaningService#0] WARN  server.ServerUtils (ServerUtils.java:getDBPath(299)) - ozone.om.db.dirs is not configured. We recommend adding this setting. Falling back to ozone.metadata.dirs instead.
2024-05-03 18:17:39,761 [om1-SnapshotDirectoryCleaningService#0] INFO  helpers.OmKeyInfo (OmKeyInfo.java:getCodec(72)) - OmKeyInfo.getCodec ignorePipeline = true
2024-05-03 18:17:39,763 [om1-OMStateMachineApplyTransactionThread - 0] INFO  snapshot.OMSnapshotCreateRequest (OMSnapshotCreateRequest.java:validateAndUpdateCache(218)) - Created snapshot: 'snap3' with snapshotId: 'f84ac2e3-39a9-4f3f-b192-514957555739' under path 'volume24084/bucket34669'
2024-05-03 18:17:39,835 [om1-SnapshotDirectoryCleaningService#0] INFO  audit.AuditLogger (AuditLogger.java:refreshDebugCmdSet(135)) - Refresh DebugCmdSet for OMAudit to [].
2024-05-03 18:17:39,838 [om1-KeyDeletingService#0] INFO  snapshot.SnapshotCache (SnapshotCache.java:lambda$2(156)) - Loading SnapshotId: 'f84ac2e3-39a9-4f3f-b192-514957555739'
2024-05-03 18:17:39,838 [om1-KeyDeletingService#0] WARN  server.ServerUtils (ServerUtils.java:getDBPath(299)) - ozone.om.db.dirs is not configured. We recommend adding this setting. Falling back to ozone.metadata.dirs instead.
2024-05-03 18:17:39,843 [om1-OMStateMachineApplyTransactionThread - 0] INFO  snapshot.OMSnapshotSetPropertyRequest (OMSnapshotSetPropertyRequest.java:validateAndUpdateCache(123)) - Successfully executed snapshotSetPropertyRequest: {snapshotKey: "/volume24084/bucket34669/snap1"
deepCleanedDeletedDir: true
}.
2024-05-03 18:17:39,861 [IPC Server handler 50 on default port 15001] INFO  ha.SequenceIdGenerator (SequenceIdGenerator.java:getNextId(145)) - Allocate a batch for delTxnId, change lastId from 0 to 1000.
2024-05-03 18:17:39,905 [om1-OMStateMachineApplyTransactionThread - 0] INFO  snapshot.OMSnapshotSetPropertyRequest (OMSnapshotSetPropertyRequest.java:validateAndUpdateCache(123)) - Successfully executed snapshotSetPropertyRequest: {snapshotKey: "/volume24084/bucket34669/snap2"
deepCleanedDeletedDir: true
}.
2024-05-03 18:17:39,907 [om1-OMStateMachineApplyTransactionThread - 0] INFO  snapshot.OMSnapshotSetPropertyRequest (OMSnapshotSetPropertyRequest.java:validateAndUpdateCache(123)) - Successfully executed snapshotSetPropertyRequest: {snapshotKey: "/volume24084/bucket34669/snap1"
snapshotSize {
  exclusiveSize: 3
  exclusiveReplicatedSize: 9
}
}.
2024-05-03 18:17:42,262 [om1-OMStateMachineApplyTransactionThread - 0] INFO  snapshot.OMSnapshotSetPropertyRequest (OMSnapshotSetPropertyRequest.java:validateAndUpdateCache(123)) - Successfully executed snapshotSetPropertyRequest: {snapshotKey: "/volume24084/bucket34669/snap1"
deepCleanedDeletedDir: true
}.
2024-05-03 18:17:42,308 [om1-OMStateMachineApplyTransactionThread - 0] INFO  snapshot.OMSnapshotSetPropertyRequest (OMSnapshotSetPropertyRequest.java:validateAndUpdateCache(123)) - Successfully executed snapshotSetPropertyRequest: {snapshotKey: "/volume24084/bucket34669/snap2"
deepCleanedDeletedDir: true
}.
2024-05-03 18:17:42,310 [om1-OMStateMachineApplyTransactionThread - 0] INFO  snapshot.OMSnapshotSetPropertyRequest (OMSnapshotSetPropertyRequest.java:validateAndUpdateCache(123)) - Successfully executed snapshotSetPropertyRequest: {snapshotKey: "/volume24084/bucket34669/snap1"
snapshotSize {
  exclusiveSize: 3
  exclusiveReplicatedSize: 9
}
}.
2024-05-03 18:17:44,762 [om1-OMStateMachineApplyTransactionThread - 0] INFO  snapshot.OMSnapshotSetPropertyRequest (OMSnapshotSetPropertyRequest.java:validateAndUpdateCache(123)) - Successfully executed snapshotSetPropertyRequest: {snapshotKey: "/volume24084/bucket34669/snap1"
deepCleanedDeletedDir: true
}.
2024-05-03 18:17:44,794 [om1-OMStateMachineApplyTransactionThread - 0] INFO  snapshot.OMSnapshotSetPropertyRequest (OMSnapshotSetPropertyRequest.java:validateAndUpdateCache(123)) - Successfully executed snapshotSetPropertyRequest: {snapshotKey: "/volume24084/bucket34669/snap2"
deepCleanedDeletedDir: true
}.
2024-05-03 18:17:44,796 [om1-OMStateMachineApplyTransactionThread - 0] INFO  snapshot.OMSnapshotSetPropertyRequest (OMSnapshotSetPropertyRequest.java:validateAndUpdateCache(123)) - Successfully executed snapshotSetPropertyRequest: {snapshotKey: "/volume24084/bucket34669/snap1"
snapshotSize {
  exclusiveSize: 3
  exclusiveReplicatedSize: 9
}
}.
2024-05-03 18:17:47,262 [om1-OMStateMachineApplyTransactionThread - 0] INFO  snapshot.OMSnapshotSetPropertyRequest (OMSnapshotSetPropertyRequest.java:validateAndUpdateCache(123)) - Successfully executed snapshotSetPropertyRequest: {snapshotKey: "/volume24084/bucket34669/snap1"
deepCleanedDeletedDir: true
}.
2024-05-03 18:17:47,300 [om1-OMStateMachineApplyTransactionThread - 0] INFO  snapshot.OMSnapshotSetPropertyRequest (OMSnapshotSetPropertyRequest.java:validateAndUpdateCache(123)) - Successfully executed snapshotSetPropertyRequest: {snapshotKey: "/volume24084/bucket34669/snap2"
deepCleanedDeletedDir: true
}.
2024-05-03 18:17:47,302 [om1-OMStateMachineApplyTransactionThread - 0] INFO  snapshot.OMSnapshotSetPropertyRequest (OMSnapshotSetPropertyRequest.java:validateAndUpdateCache(123)) - Successfully executed snapshotSetPropertyRequest: {snapshotKey: "/volume24084/bucket34669/snap1"
snapshotSize {
  exclusiveSize: 3
  exclusiveReplicatedSize: 9
}
}.
]]></system-out>
  </testcase>
</testsuite>