<?xml version="1.0" encoding="UTF-8"?>
<testsuite xmlns:xsi="http://www.w3.org/2001/XMLSchema-instance" xsi:noNamespaceSchemaLocation="https://maven.apache.org/surefire/maven-surefire-plugin/xsd/surefire-test-report.xsd" name="org.apache.hadoop.ozone.scm.pipeline.TestPipelineManagerMXBean" time="35.41" tests="1" errors="0" skipped="0" failures="1">
  <properties>
    <property name="awt.toolkit" value="sun.awt.X11.XToolkit"/>
    <property name="file.encoding.pkg" value="sun.io"/>
    <property name="java.specification.version" value="1.8"/>
    <property name="sun.cpu.isalist" value=""/>
    <property name="sun.jnu.encoding" value="UTF-8"/>
    <property name="java.class.path" value="/home/runner/work/ozone/ozone/hadoop-ozone/integration-test/target/test-classes:/home/runner/work/ozone/ozone/hadoop-ozone/integration-test/target/classes:/home/runner/.m2/repository/org/apache/ozone/ozone-common/1.2.0-SNAPSHOT/ozone-common-1.2.0-SNAPSHOT.jar:/home/runner/.m2/repository/org/apache/commons/commons-compress/1.20/commons-compress-1.20.jar:/home/runner/.m2/repository/org/apache/ozone/hdds-common/1.2.0-SNAPSHOT/hdds-common-1.2.0-SNAPSHOT.jar:/home/runner/.m2/repository/org/apache/ozone/hdds-client/1.2.0-SNAPSHOT/hdds-client-1.2.0-SNAPSHOT.jar:/home/runner/.m2/repository/org/apache/ozone/ozone-interface-client/1.2.0-SNAPSHOT/ozone-interface-client-1.2.0-SNAPSHOT.jar:/home/runner/.m2/repository/org/apache/ozone/hdds-server-framework/1.2.0-SNAPSHOT/hdds-server-framework-1.2.0-SNAPSHOT.jar:/home/runner/.m2/repository/org/apache/ozone/hdds-interface-server/1.2.0-SNAPSHOT/hdds-interface-server-1.2.0-SNAPSHOT.jar:/home/runner/.m2/repository/org/eclipse/jetty/jetty-servlet/9.4.43.v20210629/jetty-servlet-9.4.43.v20210629.jar:/home/runner/.m2/repository/org/eclipse/jetty/jetty-security/9.4.43.v20210629/jetty-security-9.4.43.v20210629.jar:/home/runner/.m2/repository/org/rocksdb/rocksdbjni/6.20.3/rocksdbjni-6.20.3.jar:/home/runner/.m2/repository/io/prometheus/simpleclient_dropwizard/0.7.0/simpleclient_dropwizard-0.7.0.jar:/home/runner/.m2/repository/io/prometheus/simpleclient/0.7.0/simpleclient-0.7.0.jar:/home/runner/.m2/repository/io/prometheus/simpleclient_common/0.7.0/simpleclient_common-0.7.0.jar:/home/runner/.m2/repository/com/fasterxml/jackson/datatype/jackson-datatype-jsr310/2.12.1/jackson-datatype-jsr310-2.12.1.jar:/home/runner/.m2/repository/org/apache/ozone/hdds-test-utils/1.2.0-SNAPSHOT/hdds-test-utils-1.2.0-SNAPSHOT.jar:/home/runner/.m2/repository/com/google/guava/guava/30.1.1-jre/guava-30.1.1-jre.jar:/home/runner/.m2/repository/com/google/guava/failureaccess/1.0.1/failureaccess-1.0.1.jar:/home/runner/.m2/repository/com/google/guava/listenablefuture/9999.0-empty-to-avoid-conflict-with-guava/listenablefuture-9999.0-empty-to-avoid-conflict-with-guava.jar:/home/runner/.m2/repository/com/google/code/findbugs/jsr305/3.0.0/jsr305-3.0.0.jar:/home/runner/.m2/repository/org/checkerframework/checker-qual/3.8.0/checker-qual-3.8.0.jar:/home/runner/.m2/repository/com/google/errorprone/error_prone_annotations/2.2.0/error_prone_annotations-2.2.0.jar:/home/runner/.m2/repository/com/google/j2objc/j2objc-annotations/1.3/j2objc-annotations-1.3.jar:/home/runner/.m2/repository/commons-io/commons-io/2.8.0/commons-io-2.8.0.jar:/home/runner/.m2/repository/commons-logging/commons-logging/1.2/commons-logging-1.2.jar:/home/runner/.m2/repository/log4j/log4j/1.2.17/log4j-1.2.17.jar:/home/runner/.m2/repository/org/slf4j/slf4j-api/1.7.30/slf4j-api-1.7.30.jar:/home/runner/.m2/repository/org/apache/ozone/hdds-server-scm/1.2.0-SNAPSHOT/hdds-server-scm-1.2.0-SNAPSHOT.jar:/home/runner/.m2/repository/org/apache/ozone/hdds-container-service/1.2.0-SNAPSHOT/hdds-container-service-1.2.0-SNAPSHOT.jar:/home/runner/.m2/repository/org/apache/ozone/hdds-hadoop-dependency-server/1.2.0-SNAPSHOT/hdds-hadoop-dependency-server-1.2.0-SNAPSHOT.jar:/home/runner/.m2/repository/org/apache/hadoop/hadoop-hdfs/3.3.1/hadoop-hdfs-3.3.1.jar:/home/runner/.m2/repository/io/dropwizard/metrics/metrics-core/3.2.4/metrics-core-3.2.4.jar:/home/runner/.m2/repository/org/apache/hadoop/hadoop-hdfs-client/3.3.1/hadoop-hdfs-client-3.3.1.jar:/home/runner/.m2/repository/org/bouncycastle/bcprov-jdk15on/1.67/bcprov-jdk15on-1.67.jar:/home/runner/.m2/repository/com/google/protobuf/protobuf-java/2.5.0/protobuf-java-2.5.0.jar:/home/runner/.m2/repository/org/apache/ozone/ozone-manager/1.2.0-SNAPSHOT/ozone-manager-1.2.0-SNAPSHOT.jar:/home/runner/.m2/repository/org/aspectj/aspectjrt/1.8.9/aspectjrt-1.8.9.jar:/home/runner/.m2/repository/org/aspectj/aspectjweaver/1.8.9/aspectjweaver-1.8.9.jar:/home/runner/.m2/repository/org/apache/ozone/hdds-interface-client/1.2.0-SNAPSHOT/hdds-interface-client-1.2.0-SNAPSHOT.jar:/home/runner/.m2/repository/org/apache/hadoop/thirdparty/hadoop-shaded-protobuf_3_7/1.1.1/hadoop-shaded-protobuf_3_7-1.1.1.jar:/home/runner/.m2/repository/org/apache/ozone/ozone-interface-storage/1.2.0-SNAPSHOT/ozone-interface-storage-1.2.0-SNAPSHOT.jar:/home/runner/.m2/repository/org/reflections/reflections/0.9.11/reflections-0.9.11.jar:/home/runner/.m2/repository/org/apache/hadoop/hadoop-minikdc/3.3.1/hadoop-minikdc-3.3.1.jar:/home/runner/.m2/repository/org/apache/kerby/kerb-simplekdc/1.0.1/kerb-simplekdc-1.0.1.jar:/home/runner/.m2/repository/org/apache/kerby/kerb-client/1.0.1/kerb-client-1.0.1.jar:/home/runner/.m2/repository/org/apache/kerby/kerby-config/1.0.1/kerby-config-1.0.1.jar:/home/runner/.m2/repository/org/apache/kerby/kerb-common/1.0.1/kerb-common-1.0.1.jar:/home/runner/.m2/repository/org/apache/kerby/kerb-crypto/1.0.1/kerb-crypto-1.0.1.jar:/home/runner/.m2/repository/org/apache/kerby/kerb-util/1.0.1/kerb-util-1.0.1.jar:/home/runner/.m2/repository/org/apache/kerby/token-provider/1.0.1/token-provider-1.0.1.jar:/home/runner/.m2/repository/org/apache/kerby/kerb-admin/1.0.1/kerb-admin-1.0.1.jar:/home/runner/.m2/repository/org/apache/kerby/kerb-server/1.0.1/kerb-server-1.0.1.jar:/home/runner/.m2/repository/org/apache/kerby/kerb-identity/1.0.1/kerb-identity-1.0.1.jar:/home/runner/.m2/repository/org/apache/kerby/kerby-xdr/1.0.1/kerby-xdr-1.0.1.jar:/home/runner/.m2/repository/org/slf4j/slf4j-log4j12/1.7.30/slf4j-log4j12-1.7.30.jar:/home/runner/.m2/repository/org/apache/ozone/ozone-s3gateway/1.2.0-SNAPSHOT/ozone-s3gateway-1.2.0-SNAPSHOT.jar:/home/runner/.m2/repository/org/javassist/javassist/3.21.0-GA/javassist-3.21.0-GA.jar:/home/runner/.m2/repository/org/jboss/weld/servlet/weld-servlet/2.4.7.Final/weld-servlet-2.4.7.Final.jar:/home/runner/.m2/repository/org/glassfish/jersey/containers/jersey-container-servlet-core/2.33/jersey-container-servlet-core-2.33.jar:/home/runner/.m2/repository/org/glassfish/hk2/external/jakarta.inject/2.6.1/jakarta.inject-2.6.1.jar:/home/runner/.m2/repository/org/glassfish/jersey/core/jersey-common/2.33/jersey-common-2.33.jar:/home/runner/.m2/repository/jakarta/ws/rs/jakarta.ws.rs-api/2.1.6/jakarta.ws.rs-api-2.1.6.jar:/home/runner/.m2/repository/org/glassfish/jersey/ext/cdi/jersey-cdi1x/2.33/jersey-cdi1x-2.33.jar:/home/runner/.m2/repository/org/glassfish/jersey/inject/jersey-hk2/2.33/jersey-hk2-2.33.jar:/home/runner/.m2/repository/org/glassfish/hk2/hk2-locator/2.6.1/hk2-locator-2.6.1.jar:/home/runner/.m2/repository/org/glassfish/jersey/media/jersey-media-jaxb/2.33/jersey-media-jaxb-2.33.jar:/home/runner/.m2/repository/org/glassfish/hk2/osgi-resource-locator/1.0.3/osgi-resource-locator-1.0.3.jar:/home/runner/.m2/repository/org/glassfish/hk2/hk2-api/2.5.0/hk2-api-2.5.0.jar:/home/runner/.m2/repository/org/glassfish/hk2/hk2-utils/2.5.0/hk2-utils-2.5.0.jar:/home/runner/.m2/repository/org/glassfish/hk2/external/aopalliance-repackaged/2.5.0/aopalliance-repackaged-2.5.0.jar:/home/runner/.m2/repository/com/fasterxml/jackson/dataformat/jackson-dataformat-xml/2.12.1/jackson-dataformat-xml-2.12.1.jar:/home/runner/.m2/repository/com/fasterxml/jackson/core/jackson-core/2.12.1/jackson-core-2.12.1.jar:/home/runner/.m2/repository/com/fasterxml/jackson/module/jackson-module-jaxb-annotations/2.12.1/jackson-module-jaxb-annotations-2.12.1.jar:/home/runner/.m2/repository/jakarta/xml/bind/jakarta.xml.bind-api/2.3.2/jakarta.xml.bind-api-2.3.2.jar:/home/runner/.m2/repository/org/codehaus/woodstox/stax2-api/3.1.4/stax2-api-3.1.4.jar:/home/runner/.m2/repository/com/fasterxml/woodstox/woodstox-core/5.0.3/woodstox-core-5.0.3.jar:/home/runner/.m2/repository/javax/enterprise/cdi-api/1.2/cdi-api-1.2.jar:/home/runner/.m2/repository/javax/el/javax.el-api/3.0.0/javax.el-api-3.0.0.jar:/home/runner/.m2/repository/javax/interceptor/javax.interceptor-api/1.2/javax.interceptor-api-1.2.jar:/home/runner/.m2/repository/javax/inject/javax.inject/1/javax.inject-1.jar:/home/runner/.m2/repository/javax/xml/bind/jaxb-api/2.3.0/jaxb-api-2.3.0.jar:/home/runner/.m2/repository/org/glassfish/jaxb/jaxb-runtime/2.3.0.1/jaxb-runtime-2.3.0.1.jar:/home/runner/.m2/repository/org/glassfish/jaxb/jaxb-core/2.3.0.1/jaxb-core-2.3.0.1.jar:/home/runner/.m2/repository/org/glassfish/jaxb/txw2/2.3.0.1/txw2-2.3.0.1.jar:/home/runner/.m2/repository/com/sun/istack/istack-commons-runtime/3.0.5/istack-commons-runtime-3.0.5.jar:/home/runner/.m2/repository/org/jvnet/staxex/stax-ex/1.7.8/stax-ex-1.7.8.jar:/home/runner/.m2/repository/com/sun/xml/fastinfoset/FastInfoset/1.2.13/FastInfoset-1.2.13.jar:/home/runner/.m2/repository/javax/activation/activation/1.1.1/activation-1.1.1.jar:/home/runner/.m2/repository/org/apache/ozone/ozone-csi/1.2.0-SNAPSHOT/ozone-csi-1.2.0-SNAPSHOT.jar:/home/runner/.m2/repository/com/google/protobuf/protobuf-java-util/3.12.0/protobuf-java-util-3.12.0.jar:/home/runner/.m2/repository/com/google/code/gson/gson/2.2.4/gson-2.2.4.jar:/home/runner/.m2/repository/org/apache/ozone/hdds-config/1.2.0-SNAPSHOT/hdds-config-1.2.0-SNAPSHOT.jar:/home/runner/.m2/repository/io/grpc/grpc-netty/1.33.0/grpc-netty-1.33.0.jar:/home/runner/.m2/repository/io/grpc/grpc-core/1.33.0/grpc-core-1.33.0.jar:/home/runner/.m2/repository/com/google/android/annotations/4.1.1.4/annotations-4.1.1.4.jar:/home/runner/.m2/repository/io/netty/netty-codec-http2/4.1.63.Final/netty-codec-http2-4.1.63.Final.jar:/home/runner/.m2/repository/io/netty/netty-codec-http/4.1.63.Final/netty-codec-http-4.1.63.Final.jar:/home/runner/.m2/repository/io/netty/netty-handler-proxy/4.1.63.Final/netty-handler-proxy-4.1.63.Final.jar:/home/runner/.m2/repository/io/netty/netty-codec-socks/4.1.63.Final/netty-codec-socks-4.1.63.Final.jar:/home/runner/.m2/repository/io/perfmark/perfmark-api/0.19.0/perfmark-api-0.19.0.jar:/home/runner/.m2/repository/org/codehaus/mojo/animal-sniffer-annotations/1.18/animal-sniffer-annotations-1.18.jar:/home/runner/.m2/repository/io/netty/netty-transport-native-epoll/4.1.63.Final/netty-transport-native-epoll-4.1.63.Final.jar:/home/runner/.m2/repository/io/netty/netty-common/4.1.63.Final/netty-common-4.1.63.Final.jar:/home/runner/.m2/repository/io/netty/netty-buffer/4.1.63.Final/netty-buffer-4.1.63.Final.jar:/home/runner/.m2/repository/io/netty/netty-transport-native-unix-common/4.1.63.Final/netty-transport-native-unix-common-4.1.63.Final.jar:/home/runner/.m2/repository/io/grpc/grpc-protobuf/1.33.0/grpc-protobuf-1.33.0.jar:/home/runner/.m2/repository/io/grpc/grpc-api/1.33.0/grpc-api-1.33.0.jar:/home/runner/.m2/repository/io/grpc/grpc-context/1.33.0/grpc-context-1.33.0.jar:/home/runner/.m2/repository/com/google/api/grpc/proto-google-common-protos/1.17.0/proto-google-common-protos-1.17.0.jar:/home/runner/.m2/repository/io/grpc/grpc-protobuf-lite/1.33.0/grpc-protobuf-lite-1.33.0.jar:/home/runner/.m2/repository/io/grpc/grpc-stub/1.33.0/grpc-stub-1.33.0.jar:/home/runner/.m2/repository/org/apache/ozone/ozone-recon/1.2.0-SNAPSHOT/ozone-recon-1.2.0-SNAPSHOT.jar:/home/runner/.m2/repository/org/apache/ozone/ozone-reconcodegen/1.2.0-SNAPSHOT/ozone-reconcodegen-1.2.0-SNAPSHOT.jar:/home/runner/.m2/repository/com/google/inject/extensions/guice-multibindings/4.0/guice-multibindings-4.0.jar:/home/runner/.m2/repository/com/google/inject/guice/4.0/guice-4.0.jar:/home/runner/.m2/repository/aopalliance/aopalliance/1.0/aopalliance-1.0.jar:/home/runner/.m2/repository/com/google/inject/extensions/guice-assistedinject/4.0/guice-assistedinject-4.0.jar:/home/runner/.m2/repository/com/google/inject/extensions/guice-servlet/4.0/guice-servlet-4.0.jar:/home/runner/.m2/repository/org/glassfish/jersey/containers/jersey-container-servlet/2.33/jersey-container-servlet-2.33.jar:/home/runner/.m2/repository/org/glassfish/hk2/guice-bridge/2.5.0/guice-bridge-2.5.0.jar:/home/runner/.m2/repository/org/glassfish/jersey/core/jersey-server/2.33/jersey-server-2.33.jar:/home/runner/.m2/repository/org/glassfish/jersey/core/jersey-client/2.33/jersey-client-2.33.jar:/home/runner/.m2/repository/jakarta/annotation/jakarta.annotation-api/1.3.5/jakarta.annotation-api-1.3.5.jar:/home/runner/.m2/repository/jakarta/validation/jakarta.validation-api/2.0.2/jakarta.validation-api-2.0.2.jar:/home/runner/.m2/repository/org/glassfish/jersey/media/jersey-media-json-jackson/2.33/jersey-media-json-jackson-2.33.jar:/home/runner/.m2/repository/org/glassfish/jersey/ext/jersey-entity-filtering/2.33/jersey-entity-filtering-2.33.jar:/home/runner/.m2/repository/org/jooq/jooq/3.11.10/jooq-3.11.10.jar:/home/runner/.m2/repository/org/jooq/jooq-meta/3.11.10/jooq-meta-3.11.10.jar:/home/runner/.m2/repository/org/jooq/jooq-codegen/3.11.10/jooq-codegen-3.11.10.jar:/home/runner/.m2/repository/com/jolbox/bonecp/0.8.0.RELEASE/bonecp-0.8.0.RELEASE.jar:/home/runner/.m2/repository/org/apache/derby/derby/10.14.2.0/derby-10.14.2.0.jar:/home/runner/.m2/repository/org/xerial/sqlite-jdbc/3.25.2/sqlite-jdbc-3.25.2.jar:/home/runner/.m2/repository/org/springframework/spring-jdbc/5.2.11.RELEASE/spring-jdbc-5.2.11.RELEASE.jar:/home/runner/.m2/repository/org/springframework/spring-beans/5.2.11.RELEASE/spring-beans-5.2.11.RELEASE.jar:/home/runner/.m2/repository/org/springframework/spring-core/5.2.11.RELEASE/spring-core-5.2.11.RELEASE.jar:/home/runner/.m2/repository/org/springframework/spring-jcl/5.2.11.RELEASE/spring-jcl-5.2.11.RELEASE.jar:/home/runner/.m2/repository/org/springframework/spring-tx/5.2.11.RELEASE/spring-tx-5.2.11.RELEASE.jar:/home/runner/.m2/repository/org/apache/ozone/ozone-client/1.2.0-SNAPSHOT/ozone-client-1.2.0-SNAPSHOT.jar:/home/runner/.m2/repository/org/apache/ozone/ozone-filesystem/1.2.0-SNAPSHOT/ozone-filesystem-1.2.0-SNAPSHOT.jar:/home/runner/.m2/repository/org/apache/ozone/ozone-filesystem-common/1.2.0-SNAPSHOT/ozone-filesystem-common-1.2.0-SNAPSHOT.jar:/home/runner/.m2/repository/org/apache/ozone/ozone-tools/1.2.0-SNAPSHOT/ozone-tools-1.2.0-SNAPSHOT.jar:/home/runner/.m2/repository/org/apache/ratis/ratis-tools/2.1.0-03f3b68-SNAPSHOT/ratis-tools-2.1.0-03f3b68-SNAPSHOT.jar:/home/runner/.m2/repository/com/amazonaws/aws-java-sdk-core/1.11.901/aws-java-sdk-core-1.11.901.jar:/home/runner/.m2/repository/org/apache/httpcomponents/httpclient/4.5.13/httpclient-4.5.13.jar:/home/runner/.m2/repository/org/apache/httpcomponents/httpcore/4.4.13/httpcore-4.4.13.jar:/home/runner/.m2/repository/software/amazon/ion/ion-java/1.0.2/ion-java-1.0.2.jar:/home/runner/.m2/repository/com/fasterxml/jackson/dataformat/jackson-dataformat-cbor/2.12.1/jackson-dataformat-cbor-2.12.1.jar:/home/runner/.m2/repository/joda-time/joda-time/2.8.1/joda-time-2.8.1.jar:/home/runner/.m2/repository/com/amazonaws/aws-java-sdk-s3/1.11.901/aws-java-sdk-s3-1.11.901.jar:/home/runner/.m2/repository/com/amazonaws/aws-java-sdk-kms/1.11.901/aws-java-sdk-kms-1.11.901.jar:/home/runner/.m2/repository/com/amazonaws/jmespath-java/1.11.901/jmespath-java-1.11.901.jar:/home/runner/.m2/repository/org/kohsuke/metainf-services/metainf-services/1.8/metainf-services-1.8.jar:/home/runner/.m2/repository/org/apache/ozone/hdds-tools/1.2.0-SNAPSHOT/hdds-tools-1.2.0-SNAPSHOT.jar:/home/runner/.m2/repository/commons-cli/commons-cli/1.2/commons-cli-1.2.jar:/home/runner/.m2/repository/org/apache/commons/commons-lang3/3.7/commons-lang3-3.7.jar:/home/runner/.m2/repository/org/apache/ozone/ozone-manager/1.2.0-SNAPSHOT/ozone-manager-1.2.0-SNAPSHOT-tests.jar:/home/runner/.m2/repository/org/apache/ozone/hdds-common/1.2.0-SNAPSHOT/hdds-common-1.2.0-SNAPSHOT-tests.jar:/home/runner/.m2/repository/org/apache/ozone/hdds-hadoop-dependency-client/1.2.0-SNAPSHOT/hdds-hadoop-dependency-client-1.2.0-SNAPSHOT.jar:/home/runner/.m2/repository/info/picocli/picocli/4.6.1/picocli-4.6.1.jar:/home/runner/.m2/repository/com/fasterxml/jackson/core/jackson-annotations/2.12.1/jackson-annotations-2.12.1.jar:/home/runner/.m2/repository/javax/annotation/javax.annotation-api/1.2/javax.annotation-api-1.2.jar:/home/runner/.m2/repository/org/apache/ratis/ratis-server/2.1.0-03f3b68-SNAPSHOT/ratis-server-2.1.0-03f3b68-SNAPSHOT.jar:/home/runner/.m2/repository/org/apache/ratis/ratis-client/2.1.0-03f3b68-SNAPSHOT/ratis-client-2.1.0-03f3b68-SNAPSHOT.jar:/home/runner/.m2/repository/org/apache/ratis/ratis-server-api/2.1.0-03f3b68-SNAPSHOT/ratis-server-api-2.1.0-03f3b68-SNAPSHOT.jar:/home/runner/.m2/repository/org/apache/ratis/ratis-metrics/2.1.0-03f3b68-SNAPSHOT/ratis-metrics-2.1.0-03f3b68-SNAPSHOT.jar:/home/runner/.m2/repository/org/apache/ratis/ratis-netty/2.1.0-03f3b68-SNAPSHOT/ratis-netty-2.1.0-03f3b68-SNAPSHOT.jar:/home/runner/.m2/repository/org/apache/ratis/ratis-grpc/2.1.0-03f3b68-SNAPSHOT/ratis-grpc-2.1.0-03f3b68-SNAPSHOT.jar:/home/runner/.m2/repository/org/apache/logging/log4j/log4j-api/2.13.3/log4j-api-2.13.3.jar:/home/runner/.m2/repository/org/apache/logging/log4j/log4j-core/2.13.3/log4j-core-2.13.3.jar:/home/runner/.m2/repository/com/lmax/disruptor/3.4.2/disruptor-3.4.2.jar:/home/runner/.m2/repository/org/apache/commons/commons-pool2/2.6.0/commons-pool2-2.6.0.jar:/home/runner/.m2/repository/org/bouncycastle/bcpkix-jdk15on/1.67/bcpkix-jdk15on-1.67.jar:/home/runner/.m2/repository/commons-validator/commons-validator/1.6/commons-validator-1.6.jar:/home/runner/.m2/repository/commons-beanutils/commons-beanutils/1.9.4/commons-beanutils-1.9.4.jar:/home/runner/.m2/repository/commons-digester/commons-digester/1.8.1/commons-digester-1.8.1.jar:/home/runner/.m2/repository/commons-collections/commons-collections/3.2.2/commons-collections-3.2.2.jar:/home/runner/.m2/repository/io/jaegertracing/jaeger-client/1.6.0/jaeger-client-1.6.0.jar:/home/runner/.m2/repository/io/jaegertracing/jaeger-thrift/1.6.0/jaeger-thrift-1.6.0.jar:/home/runner/.m2/repository/org/apache/thrift/libthrift/0.14.1/libthrift-0.14.1.jar:/home/runner/.m2/repository/com/squareup/okhttp3/okhttp/4.9.0/okhttp-4.9.0.jar:/home/runner/.m2/repository/com/squareup/okio/okio/2.8.0/okio-2.8.0.jar:/home/runner/.m2/repository/io/jaegertracing/jaeger-core/1.6.0/jaeger-core-1.6.0.jar:/home/runner/.m2/repository/io/jaegertracing/jaeger-tracerresolver/1.6.0/jaeger-tracerresolver-1.6.0.jar:/home/runner/.m2/repository/io/opentracing/contrib/opentracing-tracerresolver/0.1.8/opentracing-tracerresolver-0.1.8.jar:/home/runner/.m2/repository/org/jetbrains/kotlin/kotlin-stdlib/1.4.31/kotlin-stdlib-1.4.31.jar:/home/runner/.m2/repository/org/jetbrains/kotlin/kotlin-stdlib-common/1.4.31/kotlin-stdlib-common-1.4.31.jar:/home/runner/.m2/repository/org/jetbrains/annotations/13.0/annotations-13.0.jar:/home/runner/.m2/repository/io/opentracing/opentracing-util/0.33.0/opentracing-util-0.33.0.jar:/home/runner/.m2/repository/io/opentracing/opentracing-api/0.33.0/opentracing-api-0.33.0.jar:/home/runner/.m2/repository/io/opentracing/opentracing-noop/0.33.0/opentracing-noop-0.33.0.jar:/home/runner/.m2/repository/org/yaml/snakeyaml/1.26/snakeyaml-1.26.jar:/home/runner/.m2/repository/org/apache/ozone/hdds-interface-admin/1.2.0-SNAPSHOT/hdds-interface-admin-1.2.0-SNAPSHOT.jar:/home/runner/.m2/repository/junit/junit/4.13.1/junit-4.13.1.jar:/home/runner/.m2/repository/org/hamcrest/hamcrest-core/1.3/hamcrest-core-1.3.jar:/home/runner/.m2/repository/org/junit/jupiter/junit-jupiter-api/5.7.0/junit-jupiter-api-5.7.0.jar:/home/runner/.m2/repository/org/apiguardian/apiguardian-api/1.1.0/apiguardian-api-1.1.0.jar:/home/runner/.m2/repository/org/opentest4j/opentest4j/1.2.0/opentest4j-1.2.0.jar:/home/runner/.m2/repository/org/junit/platform/junit-platform-commons/1.7.0/junit-platform-commons-1.7.0.jar:/home/runner/.m2/repository/org/junit/jupiter/junit-jupiter-engine/5.7.0/junit-jupiter-engine-5.7.0.jar:/home/runner/.m2/repository/org/junit/platform/junit-platform-engine/1.7.0/junit-platform-engine-1.7.0.jar:/home/runner/.m2/repository/org/junit/vintage/junit-vintage-engine/5.7.0/junit-vintage-engine-5.7.0.jar:/home/runner/.m2/repository/org/junit/platform/junit-platform-launcher/1.7.0/junit-platform-launcher-1.7.0.jar:/home/runner/.m2/repository/org/openjdk/jmh/jmh-core/1.19/jmh-core-1.19.jar:/home/runner/.m2/repository/net/sf/jopt-simple/jopt-simple/4.6/jopt-simple-4.6.jar:/home/runner/.m2/repository/org/apache/commons/commons-math3/3.1.1/commons-math3-3.1.1.jar:/home/runner/.m2/repository/org/openjdk/jmh/jmh-generator-annprocess/1.19/jmh-generator-annprocess-1.19.jar:/home/runner/.m2/repository/org/mockito/mockito-core/2.28.2/mockito-core-2.28.2.jar:/home/runner/.m2/repository/net/bytebuddy/byte-buddy/1.9.10/byte-buddy-1.9.10.jar:/home/runner/.m2/repository/net/bytebuddy/byte-buddy-agent/1.9.10/byte-buddy-agent-1.9.10.jar:/home/runner/.m2/repository/org/objenesis/objenesis/1.0/objenesis-1.0.jar:/home/runner/.m2/repository/org/apache/hadoop/hadoop-kms/3.3.1/hadoop-kms-3.3.1.jar:/home/runner/.m2/repository/org/apache/hadoop/hadoop-auth/3.3.1/hadoop-auth-3.3.1.jar:/home/runner/.m2/repository/com/nimbusds/nimbus-jose-jwt/7.9/nimbus-jose-jwt-7.9.jar:/home/runner/.m2/repository/com/github/stephenc/jcip/jcip-annotations/1.0-1/jcip-annotations-1.0-1.jar:/home/runner/.m2/repository/net/minidev/json-smart/2.3/json-smart-2.3.jar:/home/runner/.m2/repository/net/minidev/accessors-smart/1.2/accessors-smart-1.2.jar:/home/runner/.m2/repository/org/ow2/asm/asm/5.0.4/asm-5.0.4.jar:/home/runner/.m2/repository/org/apache/zookeeper/zookeeper/3.5.6/zookeeper-3.5.6.jar:/home/runner/.m2/repository/org/apache/zookeeper/zookeeper-jute/3.5.6/zookeeper-jute-3.5.6.jar:/home/runner/.m2/repository/org/apache/yetus/audience-annotations/0.5.0/audience-annotations-0.5.0.jar:/home/runner/.m2/repository/org/apache/curator/curator-framework/4.2.0/curator-framework-4.2.0.jar:/home/runner/.m2/repository/org/apache/hadoop/thirdparty/hadoop-shaded-guava/1.1.1/hadoop-shaded-guava-1.1.1.jar:/home/runner/.m2/repository/com/sun/jersey/jersey-core/1.19/jersey-core-1.19.jar:/home/runner/.m2/repository/javax/ws/rs/jsr311-api/1.1.1/jsr311-api-1.1.1.jar:/home/runner/.m2/repository/com/sun/jersey/jersey-server/1.19/jersey-server-1.19.jar:/home/runner/.m2/repository/javax/servlet/javax.servlet-api/3.1.0/javax.servlet-api-3.1.0.jar:/home/runner/.m2/repository/org/eclipse/jetty/jetty-server/9.4.43.v20210629/jetty-server-9.4.43.v20210629.jar:/home/runner/.m2/repository/org/eclipse/jetty/jetty-http/9.4.43.v20210629/jetty-http-9.4.43.v20210629.jar:/home/runner/.m2/repository/org/eclipse/jetty/jetty-io/9.4.43.v20210629/jetty-io-9.4.43.v20210629.jar:/home/runner/.m2/repository/org/eclipse/jetty/jetty-webapp/9.4.43.v20210629/jetty-webapp-9.4.43.v20210629.jar:/home/runner/.m2/repository/org/eclipse/jetty/jetty-xml/9.4.43.v20210629/jetty-xml-9.4.43.v20210629.jar:/home/runner/.m2/repository/org/apache/hadoop/hadoop-common/3.3.1/hadoop-common-3.3.1.jar:/home/runner/.m2/repository/commons-net/commons-net/3.6/commons-net-3.6.jar:/home/runner/.m2/repository/jakarta/activation/jakarta.activation-api/1.2.1/jakarta.activation-api-1.2.1.jar:/home/runner/.m2/repository/com/sun/jersey/jersey-servlet/1.19/jersey-servlet-1.19.jar:/home/runner/.m2/repository/com/sun/jersey/jersey-json/1.19/jersey-json-1.19.jar:/home/runner/.m2/repository/org/codehaus/jettison/jettison/1.1/jettison-1.1.jar:/home/runner/.m2/repository/com/sun/xml/bind/jaxb-impl/2.2.3-1/jaxb-impl-2.2.3-1.jar:/home/runner/.m2/repository/org/codehaus/jackson/jackson-jaxrs/1.9.2/jackson-jaxrs-1.9.2.jar:/home/runner/.m2/repository/org/codehaus/jackson/jackson-xc/1.9.2/jackson-xc-1.9.2.jar:/home/runner/.m2/repository/org/apache/commons/commons-configuration2/2.1.1/commons-configuration2-2.1.1.jar:/home/runner/.m2/repository/org/apache/commons/commons-text/1.4/commons-text-1.4.jar:/home/runner/.m2/repository/com/google/re2j/re2j/1.1/re2j-1.1.jar:/home/runner/.m2/repository/com/jcraft/jsch/0.1.54/jsch-0.1.54.jar:/home/runner/.m2/repository/org/apache/curator/curator-client/4.2.0/curator-client-4.2.0.jar:/home/runner/.m2/repository/org/apache/curator/curator-recipes/4.2.0/curator-recipes-4.2.0.jar:/home/runner/.m2/repository/org/apache/kerby/kerb-core/1.0.1/kerb-core-1.0.1.jar:/home/runner/.m2/repository/org/apache/kerby/kerby-pkix/1.0.1/kerby-pkix-1.0.1.jar:/home/runner/.m2/repository/org/apache/kerby/kerby-asn1/1.0.1/kerby-asn1-1.0.1.jar:/home/runner/.m2/repository/org/apache/kerby/kerby-util/1.0.1/kerby-util-1.0.1.jar:/home/runner/.m2/repository/dnsjava/dnsjava/2.1.7/dnsjava-2.1.7.jar:/home/runner/.m2/repository/org/xerial/snappy/snappy-java/1.1.8.2/snappy-java-1.1.8.2.jar:/home/runner/.m2/repository/org/slf4j/jul-to-slf4j/1.7.30/jul-to-slf4j-1.7.30.jar:/home/runner/.m2/repository/org/eclipse/jetty/jetty-util/9.4.43.v20210629/jetty-util-9.4.43.v20210629.jar:/home/runner/.m2/repository/com/fasterxml/jackson/core/jackson-databind/2.12.1/jackson-databind-2.12.1.jar:/home/runner/.m2/repository/org/apache/hadoop/hadoop-kms/3.3.1/hadoop-kms-3.3.1-tests.jar:/home/runner/.m2/repository/org/apache/ozone/hdds-server-scm/1.2.0-SNAPSHOT/hdds-server-scm-1.2.0-SNAPSHOT-tests.jar:/home/runner/.m2/repository/org/apache/ozone/hdds-container-service/1.2.0-SNAPSHOT/hdds-container-service-1.2.0-SNAPSHOT-tests.jar:/home/runner/.m2/repository/commons-codec/commons-codec/1.11/commons-codec-1.11.jar:/home/runner/.m2/repository/io/netty/netty-transport/4.1.63.Final/netty-transport-4.1.63.Final.jar:/home/runner/.m2/repository/io/netty/netty-resolver/4.1.63.Final/netty-resolver-4.1.63.Final.jar:/home/runner/.m2/repository/io/netty/netty-codec/4.1.63.Final/netty-codec-4.1.63.Final.jar:/home/runner/.m2/repository/io/netty/netty-handler/4.1.63.Final/netty-handler-4.1.63.Final.jar:/home/runner/.m2/repository/org/apache/ozone/hdds-hadoop-dependency-test/1.2.0-SNAPSHOT/hdds-hadoop-dependency-test-1.2.0-SNAPSHOT.jar:/home/runner/.m2/repository/org/apache/hadoop/hadoop-common/3.3.1/hadoop-common-3.3.1-tests.jar:/home/runner/.m2/repository/org/assertj/assertj-core/3.12.2/assertj-core-3.12.2.jar:/home/runner/.m2/repository/org/apache/hadoop/hadoop-hdfs/3.3.1/hadoop-hdfs-3.3.1-tests.jar:/home/runner/.m2/repository/org/eclipse/jetty/jetty-util-ajax/9.4.43.v20210629/jetty-util-ajax-9.4.43.v20210629.jar:/home/runner/.m2/repository/commons-daemon/commons-daemon/1.0.13/commons-daemon-1.0.13.jar:/home/runner/.m2/repository/io/netty/netty/3.10.6.Final/netty-3.10.6.Final.jar:/home/runner/.m2/repository/io/netty/netty-all/4.1.63.Final/netty-all-4.1.63.Final.jar:/home/runner/.m2/repository/org/apache/htrace/htrace-core4/4.1.0-incubating/htrace-core4-4.1.0-incubating.jar:/home/runner/.m2/repository/org/fusesource/leveldbjni/leveldbjni-all/1.8/leveldbjni-all-1.8.jar:/home/runner/.m2/repository/org/apache/hadoop/hadoop-distcp/3.3.1/hadoop-distcp-3.3.1.jar:/home/runner/.m2/repository/org/apache/hadoop/hadoop-mapreduce-client-jobclient/3.3.1/hadoop-mapreduce-client-jobclient-3.3.1.jar:/home/runner/.m2/repository/org/apache/hadoop/hadoop-mapreduce-client-common/3.3.1/hadoop-mapreduce-client-common-3.3.1.jar:/home/runner/.m2/repository/org/apache/hadoop/hadoop-yarn-common/3.3.1/hadoop-yarn-common-3.3.1.jar:/home/runner/.m2/repository/org/apache/hadoop/hadoop-yarn-api/3.3.1/hadoop-yarn-api-3.3.1.jar:/home/runner/.m2/repository/com/sun/jersey/jersey-client/1.19/jersey-client-1.19.jar:/home/runner/.m2/repository/com/sun/jersey/contribs/jersey-guice/1.19/jersey-guice-1.19.jar:/home/runner/.m2/repository/com/fasterxml/jackson/jaxrs/jackson-jaxrs-json-provider/2.12.1/jackson-jaxrs-json-provider-2.12.1.jar:/home/runner/.m2/repository/com/fasterxml/jackson/jaxrs/jackson-jaxrs-base/2.12.1/jackson-jaxrs-base-2.12.1.jar:/home/runner/.m2/repository/org/apache/hadoop/hadoop-yarn-client/3.3.1/hadoop-yarn-client-3.3.1.jar:/home/runner/.m2/repository/org/eclipse/jetty/websocket/websocket-client/9.4.40.v20210413/websocket-client-9.4.40.v20210413.jar:/home/runner/.m2/repository/org/eclipse/jetty/jetty-client/9.4.40.v20210413/jetty-client-9.4.40.v20210413.jar:/home/runner/.m2/repository/org/eclipse/jetty/websocket/websocket-common/9.4.40.v20210413/websocket-common-9.4.40.v20210413.jar:/home/runner/.m2/repository/org/eclipse/jetty/websocket/websocket-api/9.4.40.v20210413/websocket-api-9.4.40.v20210413.jar:/home/runner/.m2/repository/org/jline/jline/3.9.0/jline-3.9.0.jar:/home/runner/.m2/repository/org/apache/hadoop/hadoop-mapreduce-client-core/3.3.1/hadoop-mapreduce-client-core-3.3.1.jar:/home/runner/.m2/repository/org/apache/avro/avro/1.7.7/avro-1.7.7.jar:/home/runner/.m2/repository/org/codehaus/jackson/jackson-core-asl/1.9.13/jackson-core-asl-1.9.13.jar:/home/runner/.m2/repository/org/codehaus/jackson/jackson-mapper-asl/1.9.13/jackson-mapper-asl-1.9.13.jar:/home/runner/.m2/repository/com/thoughtworks/paranamer/paranamer/2.3/paranamer-2.3.jar:/home/runner/.m2/repository/org/apache/hadoop/hadoop-annotations/3.3.1/hadoop-annotations-3.3.1.jar:/usr/lib/jvm/adoptopenjdk-8-hotspot-amd64/jre/../lib/tools.jar:/home/runner/.m2/repository/org/apache/hadoop/hadoop-distcp/3.3.1/hadoop-distcp-3.3.1-tests.jar:/home/runner/.m2/repository/org/apache/ratis/ratis-common/2.1.0-03f3b68-SNAPSHOT/ratis-common-2.1.0-03f3b68-SNAPSHOT.jar:/home/runner/.m2/repository/org/apache/ratis/ratis-thirdparty-misc/0.7.0/ratis-thirdparty-misc-0.7.0.jar:/home/runner/.m2/repository/org/apache/ratis/ratis-proto/2.1.0-03f3b68-SNAPSHOT/ratis-proto-2.1.0-03f3b68-SNAPSHOT.jar:"/>
    <property name="java.vm.vendor" value="AdoptOpenJDK"/>
    <property name="sun.arch.data.model" value="64"/>
    <property name="test.build.dir" value="/home/runner/work/ozone/ozone/hadoop-ozone/integration-test/target/test-dir"/>
    <property name="test.cache.data" value=""/>
    <property name="java.vendor.url" value="https://adoptopenjdk.net/"/>
    <property name="user.timezone" value=""/>
    <property name="java.vm.specification.version" value="1.8"/>
    <property name="os.name" value="Linux"/>
    <property name="test.build.data" value="/home/runner/work/ozone/ozone/hadoop-ozone/integration-test/target/test-dir"/>
    <property name="sun.java.launcher" value="SUN_STANDARD"/>
    <property name="sun.boot.library.path" value="/usr/lib/jvm/adoptopenjdk-8-hotspot-amd64/jre/lib/amd64"/>
    <property name="sun.java.command" value="/home/runner/work/ozone/ozone/hadoop-ozone/integration-test/target/surefire/surefirebooter3343452610828466389.jar /home/runner/work/ozone/ozone/hadoop-ozone/integration-test/target/surefire 2021-09-14T04-26-33_067-jvmRun1 surefire3343036554456694357tmp surefire_812730967164983462230tmp"/>
    <property name="surefire.test.class.path" value="/home/runner/work/ozone/ozone/hadoop-ozone/integration-test/target/test-classes:/home/runner/work/ozone/ozone/hadoop-ozone/integration-test/target/classes:/home/runner/.m2/repository/org/apache/ozone/ozone-common/1.2.0-SNAPSHOT/ozone-common-1.2.0-SNAPSHOT.jar:/home/runner/.m2/repository/org/apache/commons/commons-compress/1.20/commons-compress-1.20.jar:/home/runner/.m2/repository/org/apache/ozone/hdds-common/1.2.0-SNAPSHOT/hdds-common-1.2.0-SNAPSHOT.jar:/home/runner/.m2/repository/org/apache/ozone/hdds-client/1.2.0-SNAPSHOT/hdds-client-1.2.0-SNAPSHOT.jar:/home/runner/.m2/repository/org/apache/ozone/ozone-interface-client/1.2.0-SNAPSHOT/ozone-interface-client-1.2.0-SNAPSHOT.jar:/home/runner/.m2/repository/org/apache/ozone/hdds-server-framework/1.2.0-SNAPSHOT/hdds-server-framework-1.2.0-SNAPSHOT.jar:/home/runner/.m2/repository/org/apache/ozone/hdds-interface-server/1.2.0-SNAPSHOT/hdds-interface-server-1.2.0-SNAPSHOT.jar:/home/runner/.m2/repository/org/eclipse/jetty/jetty-servlet/9.4.43.v20210629/jetty-servlet-9.4.43.v20210629.jar:/home/runner/.m2/repository/org/eclipse/jetty/jetty-security/9.4.43.v20210629/jetty-security-9.4.43.v20210629.jar:/home/runner/.m2/repository/org/rocksdb/rocksdbjni/6.20.3/rocksdbjni-6.20.3.jar:/home/runner/.m2/repository/io/prometheus/simpleclient_dropwizard/0.7.0/simpleclient_dropwizard-0.7.0.jar:/home/runner/.m2/repository/io/prometheus/simpleclient/0.7.0/simpleclient-0.7.0.jar:/home/runner/.m2/repository/io/prometheus/simpleclient_common/0.7.0/simpleclient_common-0.7.0.jar:/home/runner/.m2/repository/com/fasterxml/jackson/datatype/jackson-datatype-jsr310/2.12.1/jackson-datatype-jsr310-2.12.1.jar:/home/runner/.m2/repository/org/apache/ozone/hdds-test-utils/1.2.0-SNAPSHOT/hdds-test-utils-1.2.0-SNAPSHOT.jar:/home/runner/.m2/repository/com/google/guava/guava/30.1.1-jre/guava-30.1.1-jre.jar:/home/runner/.m2/repository/com/google/guava/failureaccess/1.0.1/failureaccess-1.0.1.jar:/home/runner/.m2/repository/com/google/guava/listenablefuture/9999.0-empty-to-avoid-conflict-with-guava/listenablefuture-9999.0-empty-to-avoid-conflict-with-guava.jar:/home/runner/.m2/repository/com/google/code/findbugs/jsr305/3.0.0/jsr305-3.0.0.jar:/home/runner/.m2/repository/org/checkerframework/checker-qual/3.8.0/checker-qual-3.8.0.jar:/home/runner/.m2/repository/com/google/errorprone/error_prone_annotations/2.2.0/error_prone_annotations-2.2.0.jar:/home/runner/.m2/repository/com/google/j2objc/j2objc-annotations/1.3/j2objc-annotations-1.3.jar:/home/runner/.m2/repository/commons-io/commons-io/2.8.0/commons-io-2.8.0.jar:/home/runner/.m2/repository/commons-logging/commons-logging/1.2/commons-logging-1.2.jar:/home/runner/.m2/repository/log4j/log4j/1.2.17/log4j-1.2.17.jar:/home/runner/.m2/repository/org/slf4j/slf4j-api/1.7.30/slf4j-api-1.7.30.jar:/home/runner/.m2/repository/org/apache/ozone/hdds-server-scm/1.2.0-SNAPSHOT/hdds-server-scm-1.2.0-SNAPSHOT.jar:/home/runner/.m2/repository/org/apache/ozone/hdds-container-service/1.2.0-SNAPSHOT/hdds-container-service-1.2.0-SNAPSHOT.jar:/home/runner/.m2/repository/org/apache/ozone/hdds-hadoop-dependency-server/1.2.0-SNAPSHOT/hdds-hadoop-dependency-server-1.2.0-SNAPSHOT.jar:/home/runner/.m2/repository/org/apache/hadoop/hadoop-hdfs/3.3.1/hadoop-hdfs-3.3.1.jar:/home/runner/.m2/repository/io/dropwizard/metrics/metrics-core/3.2.4/metrics-core-3.2.4.jar:/home/runner/.m2/repository/org/apache/hadoop/hadoop-hdfs-client/3.3.1/hadoop-hdfs-client-3.3.1.jar:/home/runner/.m2/repository/org/bouncycastle/bcprov-jdk15on/1.67/bcprov-jdk15on-1.67.jar:/home/runner/.m2/repository/com/google/protobuf/protobuf-java/2.5.0/protobuf-java-2.5.0.jar:/home/runner/.m2/repository/org/apache/ozone/ozone-manager/1.2.0-SNAPSHOT/ozone-manager-1.2.0-SNAPSHOT.jar:/home/runner/.m2/repository/org/aspectj/aspectjrt/1.8.9/aspectjrt-1.8.9.jar:/home/runner/.m2/repository/org/aspectj/aspectjweaver/1.8.9/aspectjweaver-1.8.9.jar:/home/runner/.m2/repository/org/apache/ozone/hdds-interface-client/1.2.0-SNAPSHOT/hdds-interface-client-1.2.0-SNAPSHOT.jar:/home/runner/.m2/repository/org/apache/hadoop/thirdparty/hadoop-shaded-protobuf_3_7/1.1.1/hadoop-shaded-protobuf_3_7-1.1.1.jar:/home/runner/.m2/repository/org/apache/ozone/ozone-interface-storage/1.2.0-SNAPSHOT/ozone-interface-storage-1.2.0-SNAPSHOT.jar:/home/runner/.m2/repository/org/reflections/reflections/0.9.11/reflections-0.9.11.jar:/home/runner/.m2/repository/org/apache/hadoop/hadoop-minikdc/3.3.1/hadoop-minikdc-3.3.1.jar:/home/runner/.m2/repository/org/apache/kerby/kerb-simplekdc/1.0.1/kerb-simplekdc-1.0.1.jar:/home/runner/.m2/repository/org/apache/kerby/kerb-client/1.0.1/kerb-client-1.0.1.jar:/home/runner/.m2/repository/org/apache/kerby/kerby-config/1.0.1/kerby-config-1.0.1.jar:/home/runner/.m2/repository/org/apache/kerby/kerb-common/1.0.1/kerb-common-1.0.1.jar:/home/runner/.m2/repository/org/apache/kerby/kerb-crypto/1.0.1/kerb-crypto-1.0.1.jar:/home/runner/.m2/repository/org/apache/kerby/kerb-util/1.0.1/kerb-util-1.0.1.jar:/home/runner/.m2/repository/org/apache/kerby/token-provider/1.0.1/token-provider-1.0.1.jar:/home/runner/.m2/repository/org/apache/kerby/kerb-admin/1.0.1/kerb-admin-1.0.1.jar:/home/runner/.m2/repository/org/apache/kerby/kerb-server/1.0.1/kerb-server-1.0.1.jar:/home/runner/.m2/repository/org/apache/kerby/kerb-identity/1.0.1/kerb-identity-1.0.1.jar:/home/runner/.m2/repository/org/apache/kerby/kerby-xdr/1.0.1/kerby-xdr-1.0.1.jar:/home/runner/.m2/repository/org/slf4j/slf4j-log4j12/1.7.30/slf4j-log4j12-1.7.30.jar:/home/runner/.m2/repository/org/apache/ozone/ozone-s3gateway/1.2.0-SNAPSHOT/ozone-s3gateway-1.2.0-SNAPSHOT.jar:/home/runner/.m2/repository/org/javassist/javassist/3.21.0-GA/javassist-3.21.0-GA.jar:/home/runner/.m2/repository/org/jboss/weld/servlet/weld-servlet/2.4.7.Final/weld-servlet-2.4.7.Final.jar:/home/runner/.m2/repository/org/glassfish/jersey/containers/jersey-container-servlet-core/2.33/jersey-container-servlet-core-2.33.jar:/home/runner/.m2/repository/org/glassfish/hk2/external/jakarta.inject/2.6.1/jakarta.inject-2.6.1.jar:/home/runner/.m2/repository/org/glassfish/jersey/core/jersey-common/2.33/jersey-common-2.33.jar:/home/runner/.m2/repository/jakarta/ws/rs/jakarta.ws.rs-api/2.1.6/jakarta.ws.rs-api-2.1.6.jar:/home/runner/.m2/repository/org/glassfish/jersey/ext/cdi/jersey-cdi1x/2.33/jersey-cdi1x-2.33.jar:/home/runner/.m2/repository/org/glassfish/jersey/inject/jersey-hk2/2.33/jersey-hk2-2.33.jar:/home/runner/.m2/repository/org/glassfish/hk2/hk2-locator/2.6.1/hk2-locator-2.6.1.jar:/home/runner/.m2/repository/org/glassfish/jersey/media/jersey-media-jaxb/2.33/jersey-media-jaxb-2.33.jar:/home/runner/.m2/repository/org/glassfish/hk2/osgi-resource-locator/1.0.3/osgi-resource-locator-1.0.3.jar:/home/runner/.m2/repository/org/glassfish/hk2/hk2-api/2.5.0/hk2-api-2.5.0.jar:/home/runner/.m2/repository/org/glassfish/hk2/hk2-utils/2.5.0/hk2-utils-2.5.0.jar:/home/runner/.m2/repository/org/glassfish/hk2/external/aopalliance-repackaged/2.5.0/aopalliance-repackaged-2.5.0.jar:/home/runner/.m2/repository/com/fasterxml/jackson/dataformat/jackson-dataformat-xml/2.12.1/jackson-dataformat-xml-2.12.1.jar:/home/runner/.m2/repository/com/fasterxml/jackson/core/jackson-core/2.12.1/jackson-core-2.12.1.jar:/home/runner/.m2/repository/com/fasterxml/jackson/module/jackson-module-jaxb-annotations/2.12.1/jackson-module-jaxb-annotations-2.12.1.jar:/home/runner/.m2/repository/jakarta/xml/bind/jakarta.xml.bind-api/2.3.2/jakarta.xml.bind-api-2.3.2.jar:/home/runner/.m2/repository/org/codehaus/woodstox/stax2-api/3.1.4/stax2-api-3.1.4.jar:/home/runner/.m2/repository/com/fasterxml/woodstox/woodstox-core/5.0.3/woodstox-core-5.0.3.jar:/home/runner/.m2/repository/javax/enterprise/cdi-api/1.2/cdi-api-1.2.jar:/home/runner/.m2/repository/javax/el/javax.el-api/3.0.0/javax.el-api-3.0.0.jar:/home/runner/.m2/repository/javax/interceptor/javax.interceptor-api/1.2/javax.interceptor-api-1.2.jar:/home/runner/.m2/repository/javax/inject/javax.inject/1/javax.inject-1.jar:/home/runner/.m2/repository/javax/xml/bind/jaxb-api/2.3.0/jaxb-api-2.3.0.jar:/home/runner/.m2/repository/org/glassfish/jaxb/jaxb-runtime/2.3.0.1/jaxb-runtime-2.3.0.1.jar:/home/runner/.m2/repository/org/glassfish/jaxb/jaxb-core/2.3.0.1/jaxb-core-2.3.0.1.jar:/home/runner/.m2/repository/org/glassfish/jaxb/txw2/2.3.0.1/txw2-2.3.0.1.jar:/home/runner/.m2/repository/com/sun/istack/istack-commons-runtime/3.0.5/istack-commons-runtime-3.0.5.jar:/home/runner/.m2/repository/org/jvnet/staxex/stax-ex/1.7.8/stax-ex-1.7.8.jar:/home/runner/.m2/repository/com/sun/xml/fastinfoset/FastInfoset/1.2.13/FastInfoset-1.2.13.jar:/home/runner/.m2/repository/javax/activation/activation/1.1.1/activation-1.1.1.jar:/home/runner/.m2/repository/org/apache/ozone/ozone-csi/1.2.0-SNAPSHOT/ozone-csi-1.2.0-SNAPSHOT.jar:/home/runner/.m2/repository/com/google/protobuf/protobuf-java-util/3.12.0/protobuf-java-util-3.12.0.jar:/home/runner/.m2/repository/com/google/code/gson/gson/2.2.4/gson-2.2.4.jar:/home/runner/.m2/repository/org/apache/ozone/hdds-config/1.2.0-SNAPSHOT/hdds-config-1.2.0-SNAPSHOT.jar:/home/runner/.m2/repository/io/grpc/grpc-netty/1.33.0/grpc-netty-1.33.0.jar:/home/runner/.m2/repository/io/grpc/grpc-core/1.33.0/grpc-core-1.33.0.jar:/home/runner/.m2/repository/com/google/android/annotations/4.1.1.4/annotations-4.1.1.4.jar:/home/runner/.m2/repository/io/netty/netty-codec-http2/4.1.63.Final/netty-codec-http2-4.1.63.Final.jar:/home/runner/.m2/repository/io/netty/netty-codec-http/4.1.63.Final/netty-codec-http-4.1.63.Final.jar:/home/runner/.m2/repository/io/netty/netty-handler-proxy/4.1.63.Final/netty-handler-proxy-4.1.63.Final.jar:/home/runner/.m2/repository/io/netty/netty-codec-socks/4.1.63.Final/netty-codec-socks-4.1.63.Final.jar:/home/runner/.m2/repository/io/perfmark/perfmark-api/0.19.0/perfmark-api-0.19.0.jar:/home/runner/.m2/repository/org/codehaus/mojo/animal-sniffer-annotations/1.18/animal-sniffer-annotations-1.18.jar:/home/runner/.m2/repository/io/netty/netty-transport-native-epoll/4.1.63.Final/netty-transport-native-epoll-4.1.63.Final.jar:/home/runner/.m2/repository/io/netty/netty-common/4.1.63.Final/netty-common-4.1.63.Final.jar:/home/runner/.m2/repository/io/netty/netty-buffer/4.1.63.Final/netty-buffer-4.1.63.Final.jar:/home/runner/.m2/repository/io/netty/netty-transport-native-unix-common/4.1.63.Final/netty-transport-native-unix-common-4.1.63.Final.jar:/home/runner/.m2/repository/io/grpc/grpc-protobuf/1.33.0/grpc-protobuf-1.33.0.jar:/home/runner/.m2/repository/io/grpc/grpc-api/1.33.0/grpc-api-1.33.0.jar:/home/runner/.m2/repository/io/grpc/grpc-context/1.33.0/grpc-context-1.33.0.jar:/home/runner/.m2/repository/com/google/api/grpc/proto-google-common-protos/1.17.0/proto-google-common-protos-1.17.0.jar:/home/runner/.m2/repository/io/grpc/grpc-protobuf-lite/1.33.0/grpc-protobuf-lite-1.33.0.jar:/home/runner/.m2/repository/io/grpc/grpc-stub/1.33.0/grpc-stub-1.33.0.jar:/home/runner/.m2/repository/org/apache/ozone/ozone-recon/1.2.0-SNAPSHOT/ozone-recon-1.2.0-SNAPSHOT.jar:/home/runner/.m2/repository/org/apache/ozone/ozone-reconcodegen/1.2.0-SNAPSHOT/ozone-reconcodegen-1.2.0-SNAPSHOT.jar:/home/runner/.m2/repository/com/google/inject/extensions/guice-multibindings/4.0/guice-multibindings-4.0.jar:/home/runner/.m2/repository/com/google/inject/guice/4.0/guice-4.0.jar:/home/runner/.m2/repository/aopalliance/aopalliance/1.0/aopalliance-1.0.jar:/home/runner/.m2/repository/com/google/inject/extensions/guice-assistedinject/4.0/guice-assistedinject-4.0.jar:/home/runner/.m2/repository/com/google/inject/extensions/guice-servlet/4.0/guice-servlet-4.0.jar:/home/runner/.m2/repository/org/glassfish/jersey/containers/jersey-container-servlet/2.33/jersey-container-servlet-2.33.jar:/home/runner/.m2/repository/org/glassfish/hk2/guice-bridge/2.5.0/guice-bridge-2.5.0.jar:/home/runner/.m2/repository/org/glassfish/jersey/core/jersey-server/2.33/jersey-server-2.33.jar:/home/runner/.m2/repository/org/glassfish/jersey/core/jersey-client/2.33/jersey-client-2.33.jar:/home/runner/.m2/repository/jakarta/annotation/jakarta.annotation-api/1.3.5/jakarta.annotation-api-1.3.5.jar:/home/runner/.m2/repository/jakarta/validation/jakarta.validation-api/2.0.2/jakarta.validation-api-2.0.2.jar:/home/runner/.m2/repository/org/glassfish/jersey/media/jersey-media-json-jackson/2.33/jersey-media-json-jackson-2.33.jar:/home/runner/.m2/repository/org/glassfish/jersey/ext/jersey-entity-filtering/2.33/jersey-entity-filtering-2.33.jar:/home/runner/.m2/repository/org/jooq/jooq/3.11.10/jooq-3.11.10.jar:/home/runner/.m2/repository/org/jooq/jooq-meta/3.11.10/jooq-meta-3.11.10.jar:/home/runner/.m2/repository/org/jooq/jooq-codegen/3.11.10/jooq-codegen-3.11.10.jar:/home/runner/.m2/repository/com/jolbox/bonecp/0.8.0.RELEASE/bonecp-0.8.0.RELEASE.jar:/home/runner/.m2/repository/org/apache/derby/derby/10.14.2.0/derby-10.14.2.0.jar:/home/runner/.m2/repository/org/xerial/sqlite-jdbc/3.25.2/sqlite-jdbc-3.25.2.jar:/home/runner/.m2/repository/org/springframework/spring-jdbc/5.2.11.RELEASE/spring-jdbc-5.2.11.RELEASE.jar:/home/runner/.m2/repository/org/springframework/spring-beans/5.2.11.RELEASE/spring-beans-5.2.11.RELEASE.jar:/home/runner/.m2/repository/org/springframework/spring-core/5.2.11.RELEASE/spring-core-5.2.11.RELEASE.jar:/home/runner/.m2/repository/org/springframework/spring-jcl/5.2.11.RELEASE/spring-jcl-5.2.11.RELEASE.jar:/home/runner/.m2/repository/org/springframework/spring-tx/5.2.11.RELEASE/spring-tx-5.2.11.RELEASE.jar:/home/runner/.m2/repository/org/apache/ozone/ozone-client/1.2.0-SNAPSHOT/ozone-client-1.2.0-SNAPSHOT.jar:/home/runner/.m2/repository/org/apache/ozone/ozone-filesystem/1.2.0-SNAPSHOT/ozone-filesystem-1.2.0-SNAPSHOT.jar:/home/runner/.m2/repository/org/apache/ozone/ozone-filesystem-common/1.2.0-SNAPSHOT/ozone-filesystem-common-1.2.0-SNAPSHOT.jar:/home/runner/.m2/repository/org/apache/ozone/ozone-tools/1.2.0-SNAPSHOT/ozone-tools-1.2.0-SNAPSHOT.jar:/home/runner/.m2/repository/org/apache/ratis/ratis-tools/2.1.0-03f3b68-SNAPSHOT/ratis-tools-2.1.0-03f3b68-SNAPSHOT.jar:/home/runner/.m2/repository/com/amazonaws/aws-java-sdk-core/1.11.901/aws-java-sdk-core-1.11.901.jar:/home/runner/.m2/repository/org/apache/httpcomponents/httpclient/4.5.13/httpclient-4.5.13.jar:/home/runner/.m2/repository/org/apache/httpcomponents/httpcore/4.4.13/httpcore-4.4.13.jar:/home/runner/.m2/repository/software/amazon/ion/ion-java/1.0.2/ion-java-1.0.2.jar:/home/runner/.m2/repository/com/fasterxml/jackson/dataformat/jackson-dataformat-cbor/2.12.1/jackson-dataformat-cbor-2.12.1.jar:/home/runner/.m2/repository/joda-time/joda-time/2.8.1/joda-time-2.8.1.jar:/home/runner/.m2/repository/com/amazonaws/aws-java-sdk-s3/1.11.901/aws-java-sdk-s3-1.11.901.jar:/home/runner/.m2/repository/com/amazonaws/aws-java-sdk-kms/1.11.901/aws-java-sdk-kms-1.11.901.jar:/home/runner/.m2/repository/com/amazonaws/jmespath-java/1.11.901/jmespath-java-1.11.901.jar:/home/runner/.m2/repository/org/kohsuke/metainf-services/metainf-services/1.8/metainf-services-1.8.jar:/home/runner/.m2/repository/org/apache/ozone/hdds-tools/1.2.0-SNAPSHOT/hdds-tools-1.2.0-SNAPSHOT.jar:/home/runner/.m2/repository/commons-cli/commons-cli/1.2/commons-cli-1.2.jar:/home/runner/.m2/repository/org/apache/commons/commons-lang3/3.7/commons-lang3-3.7.jar:/home/runner/.m2/repository/org/apache/ozone/ozone-manager/1.2.0-SNAPSHOT/ozone-manager-1.2.0-SNAPSHOT-tests.jar:/home/runner/.m2/repository/org/apache/ozone/hdds-common/1.2.0-SNAPSHOT/hdds-common-1.2.0-SNAPSHOT-tests.jar:/home/runner/.m2/repository/org/apache/ozone/hdds-hadoop-dependency-client/1.2.0-SNAPSHOT/hdds-hadoop-dependency-client-1.2.0-SNAPSHOT.jar:/home/runner/.m2/repository/info/picocli/picocli/4.6.1/picocli-4.6.1.jar:/home/runner/.m2/repository/com/fasterxml/jackson/core/jackson-annotations/2.12.1/jackson-annotations-2.12.1.jar:/home/runner/.m2/repository/javax/annotation/javax.annotation-api/1.2/javax.annotation-api-1.2.jar:/home/runner/.m2/repository/org/apache/ratis/ratis-server/2.1.0-03f3b68-SNAPSHOT/ratis-server-2.1.0-03f3b68-SNAPSHOT.jar:/home/runner/.m2/repository/org/apache/ratis/ratis-client/2.1.0-03f3b68-SNAPSHOT/ratis-client-2.1.0-03f3b68-SNAPSHOT.jar:/home/runner/.m2/repository/org/apache/ratis/ratis-server-api/2.1.0-03f3b68-SNAPSHOT/ratis-server-api-2.1.0-03f3b68-SNAPSHOT.jar:/home/runner/.m2/repository/org/apache/ratis/ratis-metrics/2.1.0-03f3b68-SNAPSHOT/ratis-metrics-2.1.0-03f3b68-SNAPSHOT.jar:/home/runner/.m2/repository/org/apache/ratis/ratis-netty/2.1.0-03f3b68-SNAPSHOT/ratis-netty-2.1.0-03f3b68-SNAPSHOT.jar:/home/runner/.m2/repository/org/apache/ratis/ratis-grpc/2.1.0-03f3b68-SNAPSHOT/ratis-grpc-2.1.0-03f3b68-SNAPSHOT.jar:/home/runner/.m2/repository/org/apache/logging/log4j/log4j-api/2.13.3/log4j-api-2.13.3.jar:/home/runner/.m2/repository/org/apache/logging/log4j/log4j-core/2.13.3/log4j-core-2.13.3.jar:/home/runner/.m2/repository/com/lmax/disruptor/3.4.2/disruptor-3.4.2.jar:/home/runner/.m2/repository/org/apache/commons/commons-pool2/2.6.0/commons-pool2-2.6.0.jar:/home/runner/.m2/repository/org/bouncycastle/bcpkix-jdk15on/1.67/bcpkix-jdk15on-1.67.jar:/home/runner/.m2/repository/commons-validator/commons-validator/1.6/commons-validator-1.6.jar:/home/runner/.m2/repository/commons-beanutils/commons-beanutils/1.9.4/commons-beanutils-1.9.4.jar:/home/runner/.m2/repository/commons-digester/commons-digester/1.8.1/commons-digester-1.8.1.jar:/home/runner/.m2/repository/commons-collections/commons-collections/3.2.2/commons-collections-3.2.2.jar:/home/runner/.m2/repository/io/jaegertracing/jaeger-client/1.6.0/jaeger-client-1.6.0.jar:/home/runner/.m2/repository/io/jaegertracing/jaeger-thrift/1.6.0/jaeger-thrift-1.6.0.jar:/home/runner/.m2/repository/org/apache/thrift/libthrift/0.14.1/libthrift-0.14.1.jar:/home/runner/.m2/repository/com/squareup/okhttp3/okhttp/4.9.0/okhttp-4.9.0.jar:/home/runner/.m2/repository/com/squareup/okio/okio/2.8.0/okio-2.8.0.jar:/home/runner/.m2/repository/io/jaegertracing/jaeger-core/1.6.0/jaeger-core-1.6.0.jar:/home/runner/.m2/repository/io/jaegertracing/jaeger-tracerresolver/1.6.0/jaeger-tracerresolver-1.6.0.jar:/home/runner/.m2/repository/io/opentracing/contrib/opentracing-tracerresolver/0.1.8/opentracing-tracerresolver-0.1.8.jar:/home/runner/.m2/repository/org/jetbrains/kotlin/kotlin-stdlib/1.4.31/kotlin-stdlib-1.4.31.jar:/home/runner/.m2/repository/org/jetbrains/kotlin/kotlin-stdlib-common/1.4.31/kotlin-stdlib-common-1.4.31.jar:/home/runner/.m2/repository/org/jetbrains/annotations/13.0/annotations-13.0.jar:/home/runner/.m2/repository/io/opentracing/opentracing-util/0.33.0/opentracing-util-0.33.0.jar:/home/runner/.m2/repository/io/opentracing/opentracing-api/0.33.0/opentracing-api-0.33.0.jar:/home/runner/.m2/repository/io/opentracing/opentracing-noop/0.33.0/opentracing-noop-0.33.0.jar:/home/runner/.m2/repository/org/yaml/snakeyaml/1.26/snakeyaml-1.26.jar:/home/runner/.m2/repository/org/apache/ozone/hdds-interface-admin/1.2.0-SNAPSHOT/hdds-interface-admin-1.2.0-SNAPSHOT.jar:/home/runner/.m2/repository/junit/junit/4.13.1/junit-4.13.1.jar:/home/runner/.m2/repository/org/hamcrest/hamcrest-core/1.3/hamcrest-core-1.3.jar:/home/runner/.m2/repository/org/junit/jupiter/junit-jupiter-api/5.7.0/junit-jupiter-api-5.7.0.jar:/home/runner/.m2/repository/org/apiguardian/apiguardian-api/1.1.0/apiguardian-api-1.1.0.jar:/home/runner/.m2/repository/org/opentest4j/opentest4j/1.2.0/opentest4j-1.2.0.jar:/home/runner/.m2/repository/org/junit/platform/junit-platform-commons/1.7.0/junit-platform-commons-1.7.0.jar:/home/runner/.m2/repository/org/junit/jupiter/junit-jupiter-engine/5.7.0/junit-jupiter-engine-5.7.0.jar:/home/runner/.m2/repository/org/junit/platform/junit-platform-engine/1.7.0/junit-platform-engine-1.7.0.jar:/home/runner/.m2/repository/org/junit/vintage/junit-vintage-engine/5.7.0/junit-vintage-engine-5.7.0.jar:/home/runner/.m2/repository/org/junit/platform/junit-platform-launcher/1.7.0/junit-platform-launcher-1.7.0.jar:/home/runner/.m2/repository/org/openjdk/jmh/jmh-core/1.19/jmh-core-1.19.jar:/home/runner/.m2/repository/net/sf/jopt-simple/jopt-simple/4.6/jopt-simple-4.6.jar:/home/runner/.m2/repository/org/apache/commons/commons-math3/3.1.1/commons-math3-3.1.1.jar:/home/runner/.m2/repository/org/openjdk/jmh/jmh-generator-annprocess/1.19/jmh-generator-annprocess-1.19.jar:/home/runner/.m2/repository/org/mockito/mockito-core/2.28.2/mockito-core-2.28.2.jar:/home/runner/.m2/repository/net/bytebuddy/byte-buddy/1.9.10/byte-buddy-1.9.10.jar:/home/runner/.m2/repository/net/bytebuddy/byte-buddy-agent/1.9.10/byte-buddy-agent-1.9.10.jar:/home/runner/.m2/repository/org/objenesis/objenesis/1.0/objenesis-1.0.jar:/home/runner/.m2/repository/org/apache/hadoop/hadoop-kms/3.3.1/hadoop-kms-3.3.1.jar:/home/runner/.m2/repository/org/apache/hadoop/hadoop-auth/3.3.1/hadoop-auth-3.3.1.jar:/home/runner/.m2/repository/com/nimbusds/nimbus-jose-jwt/7.9/nimbus-jose-jwt-7.9.jar:/home/runner/.m2/repository/com/github/stephenc/jcip/jcip-annotations/1.0-1/jcip-annotations-1.0-1.jar:/home/runner/.m2/repository/net/minidev/json-smart/2.3/json-smart-2.3.jar:/home/runner/.m2/repository/net/minidev/accessors-smart/1.2/accessors-smart-1.2.jar:/home/runner/.m2/repository/org/ow2/asm/asm/5.0.4/asm-5.0.4.jar:/home/runner/.m2/repository/org/apache/zookeeper/zookeeper/3.5.6/zookeeper-3.5.6.jar:/home/runner/.m2/repository/org/apache/zookeeper/zookeeper-jute/3.5.6/zookeeper-jute-3.5.6.jar:/home/runner/.m2/repository/org/apache/yetus/audience-annotations/0.5.0/audience-annotations-0.5.0.jar:/home/runner/.m2/repository/org/apache/curator/curator-framework/4.2.0/curator-framework-4.2.0.jar:/home/runner/.m2/repository/org/apache/hadoop/thirdparty/hadoop-shaded-guava/1.1.1/hadoop-shaded-guava-1.1.1.jar:/home/runner/.m2/repository/com/sun/jersey/jersey-core/1.19/jersey-core-1.19.jar:/home/runner/.m2/repository/javax/ws/rs/jsr311-api/1.1.1/jsr311-api-1.1.1.jar:/home/runner/.m2/repository/com/sun/jersey/jersey-server/1.19/jersey-server-1.19.jar:/home/runner/.m2/repository/javax/servlet/javax.servlet-api/3.1.0/javax.servlet-api-3.1.0.jar:/home/runner/.m2/repository/org/eclipse/jetty/jetty-server/9.4.43.v20210629/jetty-server-9.4.43.v20210629.jar:/home/runner/.m2/repository/org/eclipse/jetty/jetty-http/9.4.43.v20210629/jetty-http-9.4.43.v20210629.jar:/home/runner/.m2/repository/org/eclipse/jetty/jetty-io/9.4.43.v20210629/jetty-io-9.4.43.v20210629.jar:/home/runner/.m2/repository/org/eclipse/jetty/jetty-webapp/9.4.43.v20210629/jetty-webapp-9.4.43.v20210629.jar:/home/runner/.m2/repository/org/eclipse/jetty/jetty-xml/9.4.43.v20210629/jetty-xml-9.4.43.v20210629.jar:/home/runner/.m2/repository/org/apache/hadoop/hadoop-common/3.3.1/hadoop-common-3.3.1.jar:/home/runner/.m2/repository/commons-net/commons-net/3.6/commons-net-3.6.jar:/home/runner/.m2/repository/jakarta/activation/jakarta.activation-api/1.2.1/jakarta.activation-api-1.2.1.jar:/home/runner/.m2/repository/com/sun/jersey/jersey-servlet/1.19/jersey-servlet-1.19.jar:/home/runner/.m2/repository/com/sun/jersey/jersey-json/1.19/jersey-json-1.19.jar:/home/runner/.m2/repository/org/codehaus/jettison/jettison/1.1/jettison-1.1.jar:/home/runner/.m2/repository/com/sun/xml/bind/jaxb-impl/2.2.3-1/jaxb-impl-2.2.3-1.jar:/home/runner/.m2/repository/org/codehaus/jackson/jackson-jaxrs/1.9.2/jackson-jaxrs-1.9.2.jar:/home/runner/.m2/repository/org/codehaus/jackson/jackson-xc/1.9.2/jackson-xc-1.9.2.jar:/home/runner/.m2/repository/org/apache/commons/commons-configuration2/2.1.1/commons-configuration2-2.1.1.jar:/home/runner/.m2/repository/org/apache/commons/commons-text/1.4/commons-text-1.4.jar:/home/runner/.m2/repository/com/google/re2j/re2j/1.1/re2j-1.1.jar:/home/runner/.m2/repository/com/jcraft/jsch/0.1.54/jsch-0.1.54.jar:/home/runner/.m2/repository/org/apache/curator/curator-client/4.2.0/curator-client-4.2.0.jar:/home/runner/.m2/repository/org/apache/curator/curator-recipes/4.2.0/curator-recipes-4.2.0.jar:/home/runner/.m2/repository/org/apache/kerby/kerb-core/1.0.1/kerb-core-1.0.1.jar:/home/runner/.m2/repository/org/apache/kerby/kerby-pkix/1.0.1/kerby-pkix-1.0.1.jar:/home/runner/.m2/repository/org/apache/kerby/kerby-asn1/1.0.1/kerby-asn1-1.0.1.jar:/home/runner/.m2/repository/org/apache/kerby/kerby-util/1.0.1/kerby-util-1.0.1.jar:/home/runner/.m2/repository/dnsjava/dnsjava/2.1.7/dnsjava-2.1.7.jar:/home/runner/.m2/repository/org/xerial/snappy/snappy-java/1.1.8.2/snappy-java-1.1.8.2.jar:/home/runner/.m2/repository/org/slf4j/jul-to-slf4j/1.7.30/jul-to-slf4j-1.7.30.jar:/home/runner/.m2/repository/org/eclipse/jetty/jetty-util/9.4.43.v20210629/jetty-util-9.4.43.v20210629.jar:/home/runner/.m2/repository/com/fasterxml/jackson/core/jackson-databind/2.12.1/jackson-databind-2.12.1.jar:/home/runner/.m2/repository/org/apache/hadoop/hadoop-kms/3.3.1/hadoop-kms-3.3.1-tests.jar:/home/runner/.m2/repository/org/apache/ozone/hdds-server-scm/1.2.0-SNAPSHOT/hdds-server-scm-1.2.0-SNAPSHOT-tests.jar:/home/runner/.m2/repository/org/apache/ozone/hdds-container-service/1.2.0-SNAPSHOT/hdds-container-service-1.2.0-SNAPSHOT-tests.jar:/home/runner/.m2/repository/commons-codec/commons-codec/1.11/commons-codec-1.11.jar:/home/runner/.m2/repository/io/netty/netty-transport/4.1.63.Final/netty-transport-4.1.63.Final.jar:/home/runner/.m2/repository/io/netty/netty-resolver/4.1.63.Final/netty-resolver-4.1.63.Final.jar:/home/runner/.m2/repository/io/netty/netty-codec/4.1.63.Final/netty-codec-4.1.63.Final.jar:/home/runner/.m2/repository/io/netty/netty-handler/4.1.63.Final/netty-handler-4.1.63.Final.jar:/home/runner/.m2/repository/org/apache/ozone/hdds-hadoop-dependency-test/1.2.0-SNAPSHOT/hdds-hadoop-dependency-test-1.2.0-SNAPSHOT.jar:/home/runner/.m2/repository/org/apache/hadoop/hadoop-common/3.3.1/hadoop-common-3.3.1-tests.jar:/home/runner/.m2/repository/org/assertj/assertj-core/3.12.2/assertj-core-3.12.2.jar:/home/runner/.m2/repository/org/apache/hadoop/hadoop-hdfs/3.3.1/hadoop-hdfs-3.3.1-tests.jar:/home/runner/.m2/repository/org/eclipse/jetty/jetty-util-ajax/9.4.43.v20210629/jetty-util-ajax-9.4.43.v20210629.jar:/home/runner/.m2/repository/commons-daemon/commons-daemon/1.0.13/commons-daemon-1.0.13.jar:/home/runner/.m2/repository/io/netty/netty/3.10.6.Final/netty-3.10.6.Final.jar:/home/runner/.m2/repository/io/netty/netty-all/4.1.63.Final/netty-all-4.1.63.Final.jar:/home/runner/.m2/repository/org/apache/htrace/htrace-core4/4.1.0-incubating/htrace-core4-4.1.0-incubating.jar:/home/runner/.m2/repository/org/fusesource/leveldbjni/leveldbjni-all/1.8/leveldbjni-all-1.8.jar:/home/runner/.m2/repository/org/apache/hadoop/hadoop-distcp/3.3.1/hadoop-distcp-3.3.1.jar:/home/runner/.m2/repository/org/apache/hadoop/hadoop-mapreduce-client-jobclient/3.3.1/hadoop-mapreduce-client-jobclient-3.3.1.jar:/home/runner/.m2/repository/org/apache/hadoop/hadoop-mapreduce-client-common/3.3.1/hadoop-mapreduce-client-common-3.3.1.jar:/home/runner/.m2/repository/org/apache/hadoop/hadoop-yarn-common/3.3.1/hadoop-yarn-common-3.3.1.jar:/home/runner/.m2/repository/org/apache/hadoop/hadoop-yarn-api/3.3.1/hadoop-yarn-api-3.3.1.jar:/home/runner/.m2/repository/com/sun/jersey/jersey-client/1.19/jersey-client-1.19.jar:/home/runner/.m2/repository/com/sun/jersey/contribs/jersey-guice/1.19/jersey-guice-1.19.jar:/home/runner/.m2/repository/com/fasterxml/jackson/jaxrs/jackson-jaxrs-json-provider/2.12.1/jackson-jaxrs-json-provider-2.12.1.jar:/home/runner/.m2/repository/com/fasterxml/jackson/jaxrs/jackson-jaxrs-base/2.12.1/jackson-jaxrs-base-2.12.1.jar:/home/runner/.m2/repository/org/apache/hadoop/hadoop-yarn-client/3.3.1/hadoop-yarn-client-3.3.1.jar:/home/runner/.m2/repository/org/eclipse/jetty/websocket/websocket-client/9.4.40.v20210413/websocket-client-9.4.40.v20210413.jar:/home/runner/.m2/repository/org/eclipse/jetty/jetty-client/9.4.40.v20210413/jetty-client-9.4.40.v20210413.jar:/home/runner/.m2/repository/org/eclipse/jetty/websocket/websocket-common/9.4.40.v20210413/websocket-common-9.4.40.v20210413.jar:/home/runner/.m2/repository/org/eclipse/jetty/websocket/websocket-api/9.4.40.v20210413/websocket-api-9.4.40.v20210413.jar:/home/runner/.m2/repository/org/jline/jline/3.9.0/jline-3.9.0.jar:/home/runner/.m2/repository/org/apache/hadoop/hadoop-mapreduce-client-core/3.3.1/hadoop-mapreduce-client-core-3.3.1.jar:/home/runner/.m2/repository/org/apache/avro/avro/1.7.7/avro-1.7.7.jar:/home/runner/.m2/repository/org/codehaus/jackson/jackson-core-asl/1.9.13/jackson-core-asl-1.9.13.jar:/home/runner/.m2/repository/org/codehaus/jackson/jackson-mapper-asl/1.9.13/jackson-mapper-asl-1.9.13.jar:/home/runner/.m2/repository/com/thoughtworks/paranamer/paranamer/2.3/paranamer-2.3.jar:/home/runner/.m2/repository/org/apache/hadoop/hadoop-annotations/3.3.1/hadoop-annotations-3.3.1.jar:/usr/lib/jvm/adoptopenjdk-8-hotspot-amd64/jre/../lib/tools.jar:/home/runner/.m2/repository/org/apache/hadoop/hadoop-distcp/3.3.1/hadoop-distcp-3.3.1-tests.jar:/home/runner/.m2/repository/org/apache/ratis/ratis-common/2.1.0-03f3b68-SNAPSHOT/ratis-common-2.1.0-03f3b68-SNAPSHOT.jar:/home/runner/.m2/repository/org/apache/ratis/ratis-thirdparty-misc/0.7.0/ratis-thirdparty-misc-0.7.0.jar:/home/runner/.m2/repository/org/apache/ratis/ratis-proto/2.1.0-03f3b68-SNAPSHOT/ratis-proto-2.1.0-03f3b68-SNAPSHOT.jar:"/>
    <property name="sun.cpu.endian" value="little"/>
    <property name="user.home" value="/home/runner"/>
    <property name="user.language" value="en"/>
    <property name="java.specification.vendor" value="Oracle Corporation"/>
    <property name="java.home" value="/usr/lib/jvm/adoptopenjdk-8-hotspot-amd64/jre"/>
    <property name="java.security.krb5.conf" value="/home/runner/work/ozone/ozone/hadoop-ozone/integration-test/target/test-classes/krb5.conf"/>
    <property name="basedir" value="/home/runner/work/ozone/ozone/hadoop-ozone/integration-test"/>
    <property name="file.separator" value="/"/>
    <property name="line.separator" value="&#10;"/>
    <property name="java.vm.specification.vendor" value="Oracle Corporation"/>
    <property name="java.specification.name" value="Java Platform API Specification"/>
    <property name="java.awt.graphicsenv" value="sun.awt.X11GraphicsEnvironment"/>
    <property name="skip.installnpx" value="true"/>
    <property name="surefire.real.class.path" value="/home/runner/work/ozone/ozone/hadoop-ozone/integration-test/target/surefire/surefirebooter3343452610828466389.jar:/home/runner/.m2/repository/org/jacoco/org.jacoco.agent/0.8.5/org.jacoco.agent-0.8.5-runtime.jar"/>
    <property name="hadoop.log.dir" value="/home/runner/work/ozone/ozone/hadoop-ozone/integration-test/target/log"/>
    <property name="sun.boot.class.path" value="/usr/lib/jvm/adoptopenjdk-8-hotspot-amd64/jre/lib/resources.jar:/usr/lib/jvm/adoptopenjdk-8-hotspot-amd64/jre/lib/rt.jar:/usr/lib/jvm/adoptopenjdk-8-hotspot-amd64/jre/lib/sunrsasign.jar:/usr/lib/jvm/adoptopenjdk-8-hotspot-amd64/jre/lib/jsse.jar:/usr/lib/jvm/adoptopenjdk-8-hotspot-amd64/jre/lib/jce.jar:/usr/lib/jvm/adoptopenjdk-8-hotspot-amd64/jre/lib/charsets.jar:/usr/lib/jvm/adoptopenjdk-8-hotspot-amd64/jre/lib/jfr.jar:/usr/lib/jvm/adoptopenjdk-8-hotspot-amd64/jre/classes"/>
    <property name="sun.management.compiler" value="HotSpot 64-Bit Tiered Compilers"/>
    <property name="skip.npx" value="true"/>
    <property name="java.runtime.version" value="1.8.0_292-b10"/>
    <property name="java.net.preferIPv4Stack" value="true"/>
    <property name="user.name" value="runner"/>
    <property name="path.separator" value=":"/>
    <property name="java.security.egd" value="file:///dev/urandom"/>
    <property name="os.version" value="5.4.0-1056-azure"/>
    <property name="java.endorsed.dirs" value="/usr/lib/jvm/adoptopenjdk-8-hotspot-amd64/jre/lib/endorsed"/>
    <property name="java.runtime.name" value="OpenJDK Runtime Environment"/>
    <property name="file.encoding" value="UTF-8"/>
    <property name="java.vm.name" value="OpenJDK 64-Bit Server VM"/>
    <property name="test.build.webapps" value=""/>
    <property name="localRepository" value="/home/runner/.m2/repository"/>
    <property name="java.vendor.url.bug" value="https://github.com/AdoptOpenJDK/openjdk-support/issues"/>
    <property name="java.io.tmpdir" value="/tmp"/>
    <property name="require.test.libhadoop" value=""/>
    <property name="java.version" value="1.8.0_292"/>
    <property name="user.dir" value="/home/runner/work/ozone/ozone/hadoop-ozone/integration-test"/>
    <property name="os.arch" value="amd64"/>
    <property name="java.vm.specification.name" value="Java Virtual Machine Specification"/>
    <property name="test.build.classes" value="/home/runner/work/ozone/ozone/hadoop-ozone/integration-test/target/test-classes"/>
    <property name="java.awt.printerjob" value="sun.print.PSPrinterJob"/>
    <property name="sun.os.patch.level" value="unknown"/>
    <property name="hadoop.tmp.dir" value="/home/runner/work/ozone/ozone/hadoop-ozone/integration-test/target/tmp"/>
    <property name="java.library.path" value="/usr/java/packages/lib/amd64:/usr/lib64:/lib64:/lib:/usr/lib"/>
    <property name="java.vm.info" value="mixed mode"/>
    <property name="java.vendor" value="AdoptOpenJDK"/>
    <property name="java.vm.version" value="25.292-b10"/>
    <property name="java.ext.dirs" value="/usr/lib/jvm/adoptopenjdk-8-hotspot-amd64/jre/lib/ext:/usr/java/packages/lib/ext"/>
    <property name="sun.io.unicode.encoding" value="UnicodeLittle"/>
    <property name="java.class.version" value="52.0"/>
  </properties>
  <testcase name="testPipelineInfo" classname="org.apache.hadoop.ozone.scm.pipeline.TestPipelineManagerMXBean" time="35.401">
    <failure message="expected:&lt;0&gt; but was:&lt;1&gt;" type="java.lang.AssertionError"><![CDATA[java.lang.AssertionError: expected:<0> but was:<1>
	at org.junit.Assert.fail(Assert.java:89)
	at org.junit.Assert.failNotEquals(Assert.java:835)
	at org.junit.Assert.assertEquals(Assert.java:647)
	at org.junit.Assert.assertEquals(Assert.java:633)
	at org.apache.hadoop.ozone.scm.pipeline.TestPipelineManagerMXBean.verifyEquals(TestPipelineManagerMXBean.java:96)
	at org.apache.hadoop.ozone.scm.pipeline.TestPipelineManagerMXBean.testPipelineInfo(TestPipelineManagerMXBean.java:79)
	at sun.reflect.NativeMethodAccessorImpl.invoke0(Native Method)
	at sun.reflect.NativeMethodAccessorImpl.invoke(NativeMethodAccessorImpl.java:62)
	at sun.reflect.DelegatingMethodAccessorImpl.invoke(DelegatingMethodAccessorImpl.java:43)
	at java.lang.reflect.Method.invoke(Method.java:498)
	at org.junit.runners.model.FrameworkMethod$1.runReflectiveCall(FrameworkMethod.java:59)
	at org.junit.internal.runners.model.ReflectiveCallable.run(ReflectiveCallable.java:12)
	at org.junit.runners.model.FrameworkMethod.invokeExplosively(FrameworkMethod.java:56)
	at org.junit.internal.runners.statements.InvokeMethod.evaluate(InvokeMethod.java:17)
	at org.junit.internal.runners.statements.RunBefores.evaluate(RunBefores.java:26)
	at org.junit.internal.runners.statements.RunAfters.evaluate(RunAfters.java:27)
	at org.junit.internal.runners.statements.FailOnTimeout$CallableStatement.call(FailOnTimeout.java:288)
	at org.junit.internal.runners.statements.FailOnTimeout$CallableStatement.call(FailOnTimeout.java:282)
	at java.util.concurrent.FutureTask.run(FutureTask.java:266)
	at java.lang.Thread.run(Thread.java:748)
]]></failure>
    <system-out><![CDATA[2021-09-14 06:06:18,410 [Time-limited test] WARN  server.ServerUtils (ServerUtils.java:getScmDbDir(148)) - ozone.scm.db.dirs is not configured. We recommend adding this setting. Falling back to ozone.metadata.dirs instead.
2021-09-14 06:06:18,511 [Time-limited test] INFO  ha.SCMHANodeDetails (SCMHANodeDetails.java:loadSCMHAConfig(157)) - ServiceID for StorageContainerManager is null
2021-09-14 06:06:18,512 [Time-limited test] INFO  ha.SCMHANodeDetails (SCMHANodeDetails.java:loadSCMHAConfig(162)) - ozone.scm.default.service.id is not defined, falling back to ozone.scm.service.ids to find serviceID for StorageContainerManager if it is HA enabled cluster
2021-09-14 06:06:18,630 [Time-limited test] WARN  server.ServerUtils (ServerUtils.java:getScmDbDir(148)) - ozone.scm.db.dirs is not configured. We recommend adding this setting. Falling back to ozone.metadata.dirs instead.
2021-09-14 06:06:18,633 [Time-limited test] INFO  upgrade.AbstractLayoutVersionManager (AbstractLayoutVersionManager.java:init(79)) - Initializing Layout version manager with metadata layout = SCM_HA (version = 2), software layout = SCM_HA (version = 2)
2021-09-14 06:06:18,896 [Time-limited test] INFO  reflections.Reflections (Reflections.java:scan(232)) - Reflections took 162 ms to scan 7 urls, producing 119 keys and 275 values 
2021-09-14 06:06:19,562 [Time-limited test] WARN  utils.HAUtils (HAUtils.java:getMetaDir(342)) - ozone.scm.db.dirs is not configured. We recommend adding this setting. Falling back to ozone.metadata.dirs instead.
2021-09-14 06:06:19,696 [Time-limited test] WARN  db.DBStoreBuilder (DBStoreBuilder.java:applyDBDefinition(145)) - ozone.scm.db.dirs is not configured. We recommend adding this setting. Falling back to ozone.metadata.dirs instead.
2021-09-14 06:06:19,846 [Time-limited test] INFO  net.NodeSchemaLoader (NodeSchemaLoader.java:loadSchemaFromFile(129)) - Loading schema from [jar:file:/home/runner/.m2/repository/org/apache/ozone/hdds-common/1.2.0-SNAPSHOT/hdds-common-1.2.0-SNAPSHOT.jar!/network-topology-default.xml]
2021-09-14 06:06:19,848 [Time-limited test] INFO  net.NodeSchemaLoader (NodeSchemaLoader.java:loadSchema(176)) - Loading network topology layer schema file
2021-09-14 06:06:19,887 [Time-limited test] INFO  metrics.MetricRegistries (MetricRegistriesLoader.java:load(64)) - Loaded MetricRegistries class org.apache.ratis.metrics.impl.MetricRegistriesImpl
2021-09-14 06:06:19,903 [Time-limited test] INFO  ha.SequenceIdGenerator (SequenceIdGenerator.java:upgradeToSequenceId(327)) - upgrade localId to 107544261427200000
2021-09-14 06:06:19,904 [Time-limited test] INFO  ha.SequenceIdGenerator (SequenceIdGenerator.java:upgradeToSequenceId(337)) - upgrade delTxnId to 0
2021-09-14 06:06:19,907 [Time-limited test] INFO  ha.SequenceIdGenerator (SequenceIdGenerator.java:upgradeToSequenceId(351)) - upgrade containerId to 0
2021-09-14 06:06:19,909 [Time-limited test] INFO  ha.SequenceIdGenerator (SequenceIdGenerator.java:<init>(217)) - Init the HA SequenceIdGenerator.
2021-09-14 06:06:19,945 [Time-limited test] WARN  server.ServerUtils (ServerUtils.java:sanitizeUserArgs(73)) - ozone.scm.stale.node.interval value = 300000 is larger than max = 100000 based on the key value of ozone.scm.heartbeat.thread.interval, reset to the max value 100000.
2021-09-14 06:06:19,946 [Time-limited test] WARN  server.ServerUtils (ServerUtils.java:sanitizeUserArgs(73)) - ozone.scm.stale.node.interval value = 300000 is larger than max = 100000 based on the key value of ozone.scm.heartbeat.thread.interval, reset to the max value 100000.
2021-09-14 06:06:19,951 [Time-limited test] INFO  node.SCMNodeManager (SCMNodeManager.java:<init>(145)) - Entering startup safe mode.
2021-09-14 06:06:20,003 [Time-limited test] INFO  algorithms.ContainerPlacementPolicyFactory (ContainerPlacementPolicyFactory.java:getPolicy(60)) - Create container placement policy of type org.apache.hadoop.hdds.scm.container.placement.algorithms.SCMContainerPlacementRandom
2021-09-14 06:06:20,012 [Time-limited test] INFO  pipeline.PipelineStateManager (PipelineStateManagerV2Impl.java:initialize(78)) - No pipeline exists in current db
2021-09-14 06:06:20,044 [Time-limited test] INFO  algorithms.LeaderChoosePolicyFactory (LeaderChoosePolicyFactory.java:getPolicy(57)) - Create leader choose policy of type org.apache.hadoop.hdds.scm.pipeline.leader.choose.algorithms.MinLeaderCountChoosePolicy
2021-09-14 06:06:20,054 [Time-limited test] INFO  ha.SCMServiceManager (SCMServiceManager.java:register(43)) - Registering service BackgroundPipelineCreator.
2021-09-14 06:06:20,054 [Time-limited test] INFO  pipeline.BackgroundPipelineCreator (BackgroundPipelineCreatorV2.java:start(130)) - Starting RatisPipelineUtilsThread.
2021-09-14 06:06:20,084 [Time-limited test] INFO  algorithms.PipelineChoosePolicyFactory (PipelineChoosePolicyFactory.java:createPipelineChoosePolicyFromClass(73)) - Create pipeline choose policy of type org.apache.hadoop.hdds.scm.pipeline.choose.algorithms.RandomPipelineChoosePolicy
2021-09-14 06:06:20,100 [Time-limited test] INFO  ha.SCMServiceManager (SCMServiceManager.java:register(43)) - Registering service SCMBlockDeletingService.
2021-09-14 06:06:20,126 [Time-limited test] INFO  ha.SCMServiceManager (SCMServiceManager.java:register(43)) - Registering service ReplicationManager.
2021-09-14 06:06:20,127 [Time-limited test] INFO  container.ReplicationManager (ReplicationManager.java:start(319)) - Starting Replication Monitor Thread.
2021-09-14 06:06:20,138 [Time-limited test] INFO  safemode.ContainerSafeModeRule (ContainerSafeModeRule.java:<init>(89)) - containers with one replica threshold count 0
2021-09-14 06:06:20,139 [ReplicationMonitor] INFO  container.ReplicationManager (ReplicationManager.java:processAll(371)) - Replication Monitor Thread took 1 milliseconds for processing 0 containers.
2021-09-14 06:06:20,142 [Time-limited test] INFO  safemode.HealthyPipelineSafeModeRule (HealthyPipelineSafeModeRule.java:initializeRule(156)) - Total pipeline count is 0, healthy pipeline threshold count is 1
2021-09-14 06:06:20,145 [Time-limited test] INFO  safemode.OneReplicaPipelineSafeModeRule (OneReplicaPipelineSafeModeRule.java:initializeRule(180)) - Total pipeline count is 0, pipeline's with at least one datanode reported threshold count is 0
2021-09-14 06:06:20,521 [Time-limited test] INFO  ipc.CallQueueManager (CallQueueManager.java:<init>(90)) - Using callQueue: class java.util.concurrent.LinkedBlockingQueue, queueCapacity: 2000, scheduler: class org.apache.hadoop.ipc.DefaultRpcScheduler, ipcBackoff: false.
2021-09-14 06:06:20,561 [Socket Reader #1 for port 0] INFO  ipc.Server (Server.java:run(1265)) - Starting Socket Reader #1 for port 0
2021-09-14 06:06:20,606 [Listener at 0.0.0.0/36183] INFO  ipc.CallQueueManager (CallQueueManager.java:<init>(90)) - Using callQueue: class java.util.concurrent.LinkedBlockingQueue, queueCapacity: 2000, scheduler: class org.apache.hadoop.ipc.DefaultRpcScheduler, ipcBackoff: false.
2021-09-14 06:06:20,607 [Socket Reader #1 for port 0] INFO  ipc.Server (Server.java:run(1265)) - Starting Socket Reader #1 for port 0
2021-09-14 06:06:20,624 [Listener at 0.0.0.0/40871] INFO  ipc.CallQueueManager (CallQueueManager.java:<init>(90)) - Using callQueue: class java.util.concurrent.LinkedBlockingQueue, queueCapacity: 2000, scheduler: class org.apache.hadoop.ipc.DefaultRpcScheduler, ipcBackoff: false.
2021-09-14 06:06:20,625 [Socket Reader #1 for port 0] INFO  ipc.Server (Server.java:run(1265)) - Starting Socket Reader #1 for port 0
2021-09-14 06:06:20,680 [Listener at 0.0.0.0/43261] INFO  algorithms.ContainerPlacementPolicyFactory (ContainerPlacementPolicyFactory.java:getPolicy(60)) - Create container placement policy of type org.apache.hadoop.hdds.scm.container.placement.algorithms.SCMContainerPlacementRandom
2021-09-14 06:06:20,685 [Listener at 0.0.0.0/43261] INFO  server.StorageContainerManager (StorageContainerManager.java:<init>(387)) - 
Container Balancer status:
Key                            Value
Running                        false
Container Balancer Configuration values:
Key                                                Value
Threshold                                          0.1
Max Datanodes to Involve per Iteration(ratio)      0.5
Max Size to Move per Iteration                     10737418240B

2021-09-14 06:06:20,685 [Listener at 0.0.0.0/43261] WARN  events.EventQueue (EventQueue.java:fireEvent(194)) - No event handler registered for event TypedEvent{payloadType=SafeModeStatus, name='Safe mode status'}
2021-09-14 06:06:20,686 [Listener at 0.0.0.0/43261] INFO  ha.SCMContext (SCMContext.java:updateSafeModeStatus(205)) - Update SafeModeStatus from SafeModeStatus{safeModeStatus=true, preCheckPassed=false} to SafeModeStatus{safeModeStatus=true, preCheckPassed=false}.
2021-09-14 06:06:20,689 [Listener at 0.0.0.0/43261] INFO  server.StorageContainerManager (StorageContainerManager.java:start(1279)) - StorageContainerLocationProtocol RPC server is listening at /0.0.0.0:43261
2021-09-14 06:06:20,759 [Listener at 0.0.0.0/43261] WARN  impl.MetricsConfig (MetricsConfig.java:loadFirst(136)) - Cannot locate configuration: tried hadoop-metrics2-storagecontainermanager.properties,hadoop-metrics2.properties
2021-09-14 06:06:20,778 [Listener at 0.0.0.0/43261] INFO  impl.MetricsSystemImpl (MetricsSystemImpl.java:startTimer(378)) - Scheduled Metric snapshot period at 10 second(s).
2021-09-14 06:06:20,778 [Listener at 0.0.0.0/43261] INFO  impl.MetricsSystemImpl (MetricsSystemImpl.java:start(191)) - StorageContainerManager metrics system started
2021-09-14 06:06:21,153 [Listener at 0.0.0.0/43261] INFO  server.SCMClientProtocolServer (SCMClientProtocolServer.java:start(164)) - RPC server for Client  is listening at /0.0.0.0:43261
2021-09-14 06:06:21,155 [IPC Server Responder] INFO  ipc.Server (Server.java:run(1507)) - IPC Server Responder: starting
2021-09-14 06:06:21,156 [IPC Server listener on 0] INFO  ipc.Server (Server.java:run(1344)) - IPC Server listener on 0: starting
2021-09-14 06:06:21,162 [Listener at 0.0.0.0/43261] INFO  server.StorageContainerManager (StorageContainerManager.java:start(1294)) - ScmBlockLocationProtocol RPC server is listening at /0.0.0.0:40871
2021-09-14 06:06:21,163 [Listener at 0.0.0.0/43261] INFO  server.SCMBlockProtocolServer (SCMBlockProtocolServer.java:start(151)) - RPC server for Block Protocol is listening at /0.0.0.0:40871
2021-09-14 06:06:21,165 [IPC Server Responder] INFO  ipc.Server (Server.java:run(1507)) - IPC Server Responder: starting
2021-09-14 06:06:21,165 [IPC Server listener on 0] INFO  ipc.Server (Server.java:run(1344)) - IPC Server listener on 0: starting
2021-09-14 06:06:21,170 [Listener at 0.0.0.0/43261] INFO  server.StorageContainerManager (StorageContainerManager.java:start(1300)) - ScmDatanodeProtocl RPC server is listening at /0.0.0.0:36183
2021-09-14 06:06:21,170 [Listener at 0.0.0.0/43261] INFO  server.SCMDatanodeProtocolServer (SCMDatanodeProtocolServer.java:start(181)) - RPC server for DataNodes is listening at /0.0.0.0:36183
2021-09-14 06:06:21,172 [IPC Server Responder] INFO  ipc.Server (Server.java:run(1507)) - IPC Server Responder: starting
2021-09-14 06:06:21,172 [IPC Server listener on 0] INFO  ipc.Server (Server.java:run(1344)) - IPC Server listener on 0: starting
2021-09-14 06:06:21,197 [org.apache.hadoop.util.JvmPauseMonitor$Monitor@5c6a73a9] INFO  util.JvmPauseMonitor (JvmPauseMonitor.java:run(188)) - Starting JVM pause monitor
2021-09-14 06:06:21,217 [Listener at 0.0.0.0/43261] INFO  http.BaseHttpServer (BaseHttpServer.java:newHttpServer2BuilderForOzone(209)) - Starting Web-server for scm at: http://0.0.0.0:0
2021-09-14 06:06:21,217 [Listener at 0.0.0.0/43261] INFO  http.BaseHttpServer (BaseHttpServer.java:<init>(107)) - Hadoop Security Enabled: false Ozone Security Enabled: false Ozone HTTP Security Enabled: false 
2021-09-14 06:06:21,246 [Listener at 0.0.0.0/43261] INFO  util.log (Log.java:initialized(170)) - Logging initialized @4229ms to org.eclipse.jetty.util.log.Slf4jLog
2021-09-14 06:06:21,359 [Listener at 0.0.0.0/43261] INFO  server.AuthenticationFilter (AuthenticationFilter.java:constructSecretProvider(240)) - Unable to initialize FileSignerSecretProvider, falling back to use random secrets.
2021-09-14 06:06:21,364 [Listener at 0.0.0.0/43261] WARN  http.HttpRequestLog (HttpRequestLog.java:getRequestLog(103)) - Jetty request log can only be enabled using Log4j
2021-09-14 06:06:21,372 [Listener at 0.0.0.0/43261] INFO  http.HttpServer2 (HttpServer2.java:addGlobalFilter(1030)) - Added global filter 'safety' (class=org.apache.hadoop.hdds.server.http.HttpServer2$QuotingInputFilter)
2021-09-14 06:06:21,374 [Listener at 0.0.0.0/43261] INFO  http.HttpServer2 (HttpServer2.java:addFilter(1006)) - Added filter static_user_filter (class=org.apache.hadoop.http.lib.StaticUserWebFilter$StaticUserFilter) to context scm
2021-09-14 06:06:21,375 [Listener at 0.0.0.0/43261] INFO  http.HttpServer2 (HttpServer2.java:addFilter(1014)) - Added filter static_user_filter (class=org.apache.hadoop.http.lib.StaticUserWebFilter$StaticUserFilter) to context static
2021-09-14 06:06:21,375 [Listener at 0.0.0.0/43261] INFO  http.HttpServer2 (HttpServer2.java:addFilter(1014)) - Added filter static_user_filter (class=org.apache.hadoop.http.lib.StaticUserWebFilter$StaticUserFilter) to context logs
2021-09-14 06:06:21,417 [Listener at 0.0.0.0/43261] INFO  http.HttpServer2 (HttpServer2.java:bindListener(1249)) - Jetty bound to port 33617
2021-09-14 06:06:21,419 [Listener at 0.0.0.0/43261] INFO  server.Server (Server.java:doStart(375)) - jetty-9.4.43.v20210629; built: 2021-06-30T11:07:22.254Z; git: 526006ecfa3af7f1a27ef3a288e2bef7ea9dd7e8; jvm 1.8.0_292-b10
2021-09-14 06:06:21,453 [Listener at 0.0.0.0/43261] INFO  server.session (DefaultSessionIdManager.java:doStart(334)) - DefaultSessionIdManager workerName=node0
2021-09-14 06:06:21,453 [Listener at 0.0.0.0/43261] INFO  server.session (DefaultSessionIdManager.java:doStart(339)) - No SessionScavenger set, using defaults
2021-09-14 06:06:21,455 [Listener at 0.0.0.0/43261] INFO  server.session (HouseKeeper.java:startScavenging(132)) - node0 Scavenging every 660000ms
2021-09-14 06:06:21,468 [Listener at 0.0.0.0/43261] INFO  handler.ContextHandler (ContextHandler.java:doStart(915)) - Started o.e.j.s.ServletContextHandler@418ebe61{logs,/logs,file:///home/runner/work/ozone/ozone/hadoop-ozone/integration-test/target/log,AVAILABLE}
2021-09-14 06:06:21,469 [Listener at 0.0.0.0/43261] INFO  handler.ContextHandler (ContextHandler.java:doStart(915)) - Started o.e.j.s.ServletContextHandler@66cb8de2{static,/static,file:///home/runner/work/ozone/ozone/hadoop-ozone/integration-test/target/test-classes/webapps/static,AVAILABLE}
2021-09-14 06:06:21,518 [Listener at 0.0.0.0/43261] INFO  handler.ContextHandler (ContextHandler.java:doStart(915)) - Started o.e.j.w.WebAppContext@372a5c94{scm,/,file:///home/runner/work/ozone/ozone/hadoop-ozone/integration-test/target/test-classes/webapps/scm/,AVAILABLE}{file:/home/runner/work/ozone/ozone/hadoop-ozone/integration-test/target/test-classes/webapps/scm}
2021-09-14 06:06:21,528 [Listener at 0.0.0.0/43261] INFO  server.AbstractConnector (AbstractConnector.java:doStart(331)) - Started ServerConnector@44c2d045{HTTP/1.1, (http/1.1)}{0.0.0.0:33617}
2021-09-14 06:06:21,529 [Listener at 0.0.0.0/43261] INFO  server.Server (Server.java:doStart(415)) - Started @4511ms
2021-09-14 06:06:21,531 [Listener at 0.0.0.0/43261] INFO  impl.MetricsSinkAdapter (MetricsSinkAdapter.java:start(204)) - Sink prometheus started
2021-09-14 06:06:21,531 [Listener at 0.0.0.0/43261] INFO  impl.MetricsSystemImpl (MetricsSystemImpl.java:registerSink(305)) - Registered sink prometheus
2021-09-14 06:06:21,532 [Listener at 0.0.0.0/43261] INFO  http.BaseHttpServer (BaseHttpServer.java:updateConnectorAddress(329)) - HTTP server of scm listening at http://0.0.0.0:33617
2021-09-14 06:06:21,534 [Listener at 0.0.0.0/43261] WARN  server.ServerUtils (ServerUtils.java:getDBPath(225)) - ozone.om.db.dirs is not configured. We recommend adding this setting. Falling back to ozone.metadata.dirs instead.
2021-09-14 06:06:21,655 [Listener at 0.0.0.0/43261] INFO  ha.OMHANodeDetails (OMHANodeDetails.java:loadOMHAConfig(112)) - ozone.om.internal.service.id is not defined, falling back to ozone.om.service.ids to find serviceID for OzoneManager if it is HA enabled cluster
2021-09-14 06:06:21,659 [Listener at 0.0.0.0/43261] INFO  ha.OMHANodeDetails (OMHANodeDetails.java:loadOMHAConfig(219)) - Configuration does not have ozone.om.address set. Falling back to the default OM address /127.0.0.1:0
2021-09-14 06:06:21,659 [Listener at 0.0.0.0/43261] INFO  ha.OMHANodeDetails (OMHANodeDetails.java:getOMNodeDetails(247)) - OM Service ID is not set. Setting it to the default ID: omServiceIdDefault
2021-09-14 06:06:21,659 [Listener at 0.0.0.0/43261] INFO  ha.OMHANodeDetails (OMHANodeDetails.java:getOMNodeDetails(254)) - OM Node ID is not set. Setting it to the default ID: om1
2021-09-14 06:06:21,663 [Listener at 0.0.0.0/43261] WARN  server.ServerUtils (ServerUtils.java:getDBPath(225)) - ozone.om.db.dirs is not configured. We recommend adding this setting. Falling back to ozone.metadata.dirs instead.
2021-09-14 06:06:21,666 [Listener at 0.0.0.0/43261] INFO  upgrade.AbstractLayoutVersionManager (AbstractLayoutVersionManager.java:init(79)) - Initializing Layout version manager with metadata layout = INITIAL_VERSION (version = 0), software layout = INITIAL_VERSION (version = 0)
2021-09-14 06:06:21,732 [Listener at 0.0.0.0/43261] INFO  reflections.Reflections (Reflections.java:scan(232)) - Reflections took 59 ms to scan 2 urls, producing 131 keys and 342 values [using 2 cores]
2021-09-14 06:06:21,738 [Listener at 0.0.0.0/43261] INFO  upgrade.OMLayoutVersionManager (OMLayoutVersionManager.java:lambda$0(115)) - Skipping Upgrade Action MockOmUpgradeAction since it has been finalized.
2021-09-14 06:06:21,745 [Listener at 0.0.0.0/43261] WARN  server.ServerUtils (ServerUtils.java:getDBPath(225)) - ozone.om.db.dirs is not configured. We recommend adding this setting. Falling back to ozone.metadata.dirs instead.
2021-09-14 06:06:22,153 [Listener at 0.0.0.0/43261] WARN  server.ServerUtils (ServerUtils.java:getDBPath(225)) - ozone.om.db.dirs is not configured. We recommend adding this setting. Falling back to ozone.metadata.dirs instead.
2021-09-14 06:06:22,160 [Listener at 0.0.0.0/43261] INFO  codec.OmKeyInfoCodec (OmKeyInfoCodec.java:<init>(51)) - OmKeyInfoCodec ignorePipeline = true
2021-09-14 06:06:22,162 [Listener at 0.0.0.0/43261] INFO  codec.RepeatedOmKeyInfoCodec (RepeatedOmKeyInfoCodec.java:<init>(42)) - RepeatedOmKeyInfoCodec ignorePipeline = true
2021-09-14 06:06:22,376 [Listener at 0.0.0.0/43261] INFO  om.OzoneManager (OzoneManager.java:addS3GVolumeToDB(4115)) - Created Volume s3v With Owner runner required for S3Gateway operations.
2021-09-14 06:06:22,456 [Listener at 0.0.0.0/43261] WARN  server.ServerUtils (ServerUtils.java:getDefaultRatisDirectory(237)) - Storage directory for Ratis is not configured. It is a good idea to map this to an SSD disk. Falling back to ozone.metadata.dirs
2021-09-14 06:06:22,457 [Listener at 0.0.0.0/43261] WARN  utils.OzoneManagerRatisUtils (OzoneManagerRatisUtils.java:getOMRatisSnapshotDirectory(391)) - ozone.om.ratis.snapshot.dir is not configured. Falling back to ozone.metadata.dirs config
2021-09-14 06:06:22,492 [Listener at 0.0.0.0/43261] WARN  server.ServerUtils (ServerUtils.java:getDefaultRatisDirectory(237)) - Storage directory for Ratis is not configured. It is a good idea to map this to an SSD disk. Falling back to ozone.metadata.dirs
2021-09-14 06:06:22,528 [Listener at 0.0.0.0/43261] INFO  ratis.OzoneManagerRatisServer (OzoneManagerRatisServer.java:<init>(158)) - Instantiating OM Ratis server with groupID: omServiceIdDefault and peers: localhost:9872
2021-09-14 06:06:22,539 [Listener at 0.0.0.0/43261] INFO  ratis.OzoneManagerStateMachine (OzoneManagerStateMachine.java:loadSnapshotInfoFromDB(605)) - LastAppliedIndex is set from TransactionInfo from OM DB as (t:0, i:~)
2021-09-14 06:06:22,577 [Listener at 0.0.0.0/43261] INFO  server.RaftServer (ConfUtils.java:logGet(44)) - raft.rpc.type = GRPC (default)
2021-09-14 06:06:22,668 [Listener at 0.0.0.0/43261] INFO  grpc.GrpcFactory (GrpcFactory.java:checkPooledByteBufAllocatorUseCacheForAllThreads(48)) - PERFORMANCE WARNING: useCacheForAllThreads is true that may cause Netty to create a lot garbage objects and, as a result, trigger GC.
	It is recommended to disable useCacheForAllThreads by setting -Dorg.apache.ratis.thirdparty.io.netty.allocator.useCacheForAllThreads=false in command line.
2021-09-14 06:06:22,674 [Listener at 0.0.0.0/43261] INFO  grpc.GrpcConfigKeys (ConfUtils.java:logGet(44)) - raft.grpc.admin.port = -1 (default)
2021-09-14 06:06:22,675 [Listener at 0.0.0.0/43261] INFO  grpc.GrpcConfigKeys (ConfUtils.java:logGet(44)) - raft.grpc.server.port = 9872 (custom)
2021-09-14 06:06:22,676 [Listener at 0.0.0.0/43261] INFO  grpc.GrpcConfigKeys (ConfUtils.java:logGet(44)) - raft.grpc.client.port = -1 (default)
2021-09-14 06:06:22,676 [Listener at 0.0.0.0/43261] INFO  grpc.GrpcConfigKeys (ConfUtils.java:logGet(44)) - raft.grpc.server.port = 9872 (custom)
2021-09-14 06:06:22,677 [Listener at 0.0.0.0/43261] INFO  grpc.GrpcConfigKeys (ConfUtils.java:logGet(44)) - raft.grpc.server.port = 9872 (custom)
2021-09-14 06:06:22,682 [Listener at 0.0.0.0/43261] INFO  server.GrpcService (ConfUtils.java:logGet(44)) - raft.grpc.message.size.max = 33554432 (custom)
2021-09-14 06:06:22,684 [Listener at 0.0.0.0/43261] INFO  server.RaftServerConfigKeys (ConfUtils.java:logGet(44)) - raft.server.log.appender.buffer.byte-limit = 33554432 (custom)
2021-09-14 06:06:22,692 [Listener at 0.0.0.0/43261] INFO  server.GrpcService (ConfUtils.java:logGet(44)) - raft.grpc.flow.control.window = 1MB (=1048576) (default)
2021-09-14 06:06:22,693 [Listener at 0.0.0.0/43261] INFO  server.RaftServerConfigKeys (ConfUtils.java:logGet(44)) - raft.server.rpc.request.timeout = 3000ms (default)
2021-09-14 06:06:23,011 [Listener at 0.0.0.0/43261] INFO  impl.DataStreamServerImpl (ConfUtils.java:logGet(44)) - raft.datastream.type = DISABLED (default)
2021-09-14 06:06:23,014 [Listener at 0.0.0.0/43261] INFO  server.RaftServerConfigKeys (ConfUtils.java:logGet(44)) - raft.server.rpc.slowness.timeout = 120s (custom)
2021-09-14 06:06:23,014 [Listener at 0.0.0.0/43261] INFO  server.RaftServerConfigKeys (ConfUtils.java:logGet(44)) - raft.server.leaderelection.leader.step-down.wait-time = 10s (default)
2021-09-14 06:06:23,031 [Listener at 0.0.0.0/43261] INFO  server.RaftServerConfigKeys (ConfUtils.java:logGet(44)) - raft.server.storage.dir = [/home/runner/work/ozone/ozone/hadoop-ozone/integration-test/target/test-dir/MiniOzoneClusterImpl-90c4e534-bc13-49cf-ad4e-23f32b71864f/ozone-meta/ratis] (custom)
2021-09-14 06:06:23,038 [Listener at 0.0.0.0/43261] INFO  server.RaftServer (RaftServerProxy.java:addNew(95)) - om1: addNew group-C5BA1605619E:[om1|rpc:localhost:9872|priority:0] returns group-C5BA1605619E:java.util.concurrent.CompletableFuture@d04f3[Not completed]
2021-09-14 06:06:23,038 [Listener at 0.0.0.0/43261] INFO  om.OzoneManager (OzoneManager.java:initializeRatisServer(1573)) - OzoneManager Ratis server initialized at port 9872
2021-09-14 06:06:23,064 [Listener at 0.0.0.0/43261] INFO  ipc.CallQueueManager (CallQueueManager.java:<init>(90)) - Using callQueue: class java.util.concurrent.LinkedBlockingQueue, queueCapacity: 2000, scheduler: class org.apache.hadoop.ipc.DefaultRpcScheduler, ipcBackoff: false.
2021-09-14 06:06:23,064 [Socket Reader #1 for port 0] INFO  ipc.Server (Server.java:run(1265)) - Starting Socket Reader #1 for port 0
2021-09-14 06:06:23,075 [pool-39-thread-1] INFO  server.RaftServer$Division (RaftServerImpl.java:<init>(181)) - om1: new RaftServerImpl for group-C5BA1605619E:[om1|rpc:localhost:9872|priority:0] with OzoneManagerStateMachine:uninitialized
2021-09-14 06:06:23,086 [pool-39-thread-1] INFO  server.RaftServerConfigKeys (ConfUtils.java:logGet(44)) - raft.server.rpc.timeout.min = 1s (custom)
2021-09-14 06:06:23,087 [pool-39-thread-1] INFO  server.RaftServerConfigKeys (ConfUtils.java:logGet(44)) - raft.server.rpc.timeout.max = 1200ms (custom)
2021-09-14 06:06:23,087 [pool-39-thread-1] INFO  server.RaftServerConfigKeys (ConfUtils.java:logGet(44)) - raft.server.rpc.sleep.time = 25ms (default)
2021-09-14 06:06:23,087 [pool-39-thread-1] INFO  server.RaftServerConfigKeys (ConfUtils.java:logGet(44)) - raft.server.rpc.slowness.timeout = 120s (custom)
2021-09-14 06:06:23,087 [pool-39-thread-1] INFO  server.RaftServerConfigKeys (ConfUtils.java:logGet(44)) - raft.server.leaderelection.leader.step-down.wait-time = 10s (default)
2021-09-14 06:06:23,087 [pool-39-thread-1] INFO  server.RaftServerConfigKeys (ConfUtils.java:logGet(44)) - raft.server.sleep.deviation.threshold = 300ms (default)
2021-09-14 06:06:23,088 [pool-39-thread-1] INFO  server.RaftServerConfigKeys (ConfUtils.java:logGet(44)) - raft.server.log.appender.install.snapshot.enabled = false (custom)
2021-09-14 06:06:23,093 [pool-39-thread-1] INFO  server.RaftServer$Division (ServerState.java:<init>(105)) - om1@group-C5BA1605619E: ConfigurationManager, init=-1: [om1|rpc:localhost:9872|priority:0], old=null, confs=<EMPTY_MAP>
2021-09-14 06:06:23,094 [pool-39-thread-1] INFO  server.RaftServerConfigKeys (ConfUtils.java:logGet(44)) - raft.server.storage.dir = [/home/runner/work/ozone/ozone/hadoop-ozone/integration-test/target/test-dir/MiniOzoneClusterImpl-90c4e534-bc13-49cf-ad4e-23f32b71864f/ozone-meta/ratis] (custom)
2021-09-14 06:06:23,107 [pool-39-thread-1] INFO  server.RaftServerConfigKeys (ConfUtils.java:logGet(44)) - raft.server.log.corruption.policy = EXCEPTION (default)
2021-09-14 06:06:23,107 [pool-39-thread-1] INFO  server.RaftServerConfigKeys (ConfUtils.java:logGet(44)) - raft.server.storage.free-space.min = 0MB (=0) (default)
2021-09-14 06:06:23,109 [pool-39-thread-1] INFO  storage.RaftStorageDirectory (RaftStorageDirectoryImpl.java:analyzeStorage(135)) - The storage directory /home/runner/work/ozone/ozone/hadoop-ozone/integration-test/target/test-dir/MiniOzoneClusterImpl-90c4e534-bc13-49cf-ad4e-23f32b71864f/ozone-meta/ratis/bf265839-605b-3f16-9796-c5ba1605619e does not exist. Creating ...
2021-09-14 06:06:23,117 [Listener at 127.0.0.1/34925] INFO  om.OzoneManager (OzoneManager.java:initFSOLayout(4321)) - Configured ozone.om.metadata.layout=SIMPLE and disabled optimized OM FS operations
2021-09-14 06:06:23,118 [Listener at 127.0.0.1/34925] INFO  impl.MetricsSystemImpl (MetricsSystemImpl.java:init(158)) - OzoneManager metrics system started (again)
2021-09-14 06:06:23,122 [pool-39-thread-1] INFO  storage.RaftStorageDirectory (RaftStorageDirectoryImpl.java:tryLock(230)) - Lock on /home/runner/work/ozone/ozone/hadoop-ozone/integration-test/target/test-dir/MiniOzoneClusterImpl-90c4e534-bc13-49cf-ad4e-23f32b71864f/ozone-meta/ratis/bf265839-605b-3f16-9796-c5ba1605619e/in_use.lock acquired by nodename 18765@fv-az195-153
2021-09-14 06:06:23,136 [pool-39-thread-1] INFO  storage.RaftStorage (RaftStorageImpl.java:format(89)) - Storage directory /home/runner/work/ozone/ozone/hadoop-ozone/integration-test/target/test-dir/MiniOzoneClusterImpl-90c4e534-bc13-49cf-ad4e-23f32b71864f/ozone-meta/ratis/bf265839-605b-3f16-9796-c5ba1605619e has been successfully formatted.
2021-09-14 06:06:23,139 [pool-39-thread-1] INFO  server.RaftServerConfigKeys (ConfUtils.java:logGet(44)) - raft.server.notification.no-leader.timeout = 120s (custom)
2021-09-14 06:06:23,141 [pool-39-thread-1] INFO  server.RaftServerConfigKeys (ConfUtils.java:logGet(44)) - raft.server.log.use.memory = false (default)
2021-09-14 06:06:23,152 [pool-39-thread-1] INFO  server.RaftServerConfigKeys (ConfUtils.java:logGet(44)) - raft.server.log.purge.gap = 1000000 (custom)
2021-09-14 06:06:23,152 [pool-39-thread-1] INFO  server.RaftServerConfigKeys (ConfUtils.java:logGet(44)) - raft.server.log.appender.buffer.byte-limit = 33554432 (custom)
2021-09-14 06:06:23,162 [Listener at 127.0.0.1/34925] INFO  om.OzoneManager (OzoneManager.java:start(1270)) - OzoneManager RPC server is listening at localhost/127.0.0.1:34925
2021-09-14 06:06:23,162 [Listener at 127.0.0.1/34925] INFO  ratis.OzoneManagerRatisServer (OzoneManagerRatisServer.java:start(516)) - Starting OzoneManagerRatisServer om1 at port 9872
2021-09-14 06:06:23,165 [pool-39-thread-1] INFO  server.RaftServerConfigKeys (ConfUtils.java:logGet(44)) - raft.server.log.segment.size.max = 4194304 (custom)
2021-09-14 06:06:23,175 [pool-39-thread-1] INFO  server.RaftServerConfigKeys (ConfUtils.java:logGet(44)) - raft.server.log.segment.cache.num.max = 2 (custom)
2021-09-14 06:06:23,175 [pool-39-thread-1] INFO  server.RaftServerConfigKeys (ConfUtils.java:logGet(44)) - raft.server.log.segment.cache.size.max = 200MB (=209715200) (default)
2021-09-14 06:06:23,182 [pool-39-thread-1] INFO  segmented.SegmentedRaftLogWorker (SegmentedRaftLogWorker.java:<init>(182)) - new om1@group-C5BA1605619E-SegmentedRaftLogWorker for RaftStorageImpl:Storage Directory /home/runner/work/ozone/ozone/hadoop-ozone/integration-test/target/test-dir/MiniOzoneClusterImpl-90c4e534-bc13-49cf-ad4e-23f32b71864f/ozone-meta/ratis/bf265839-605b-3f16-9796-c5ba1605619e
2021-09-14 06:06:23,182 [pool-39-thread-1] INFO  server.RaftServerConfigKeys (ConfUtils.java:logGet(44)) - raft.server.log.queue.byte-limit = 64MB (=67108864) (default)
2021-09-14 06:06:23,183 [pool-39-thread-1] INFO  server.RaftServerConfigKeys (ConfUtils.java:logGet(44)) - raft.server.log.queue.element-limit = 4096 (default)
2021-09-14 06:06:23,183 [pool-39-thread-1] INFO  server.RaftServerConfigKeys (ConfUtils.java:logGet(44)) - raft.server.log.segment.size.max = 4194304 (custom)
2021-09-14 06:06:23,184 [pool-39-thread-1] INFO  server.RaftServerConfigKeys (ConfUtils.java:logGet(44)) - raft.server.log.preallocated.size = 4194304 (custom)
2021-09-14 06:06:23,184 [pool-39-thread-1] INFO  server.RaftServerConfigKeys (ConfUtils.java:logGet(44)) - raft.server.log.force.sync.num = 128 (default)
2021-09-14 06:06:23,186 [pool-39-thread-1] INFO  server.RaftServerConfigKeys (ConfUtils.java:logGet(44)) - raft.server.log.statemachine.data.sync = true (default)
2021-09-14 06:06:23,186 [pool-39-thread-1] INFO  server.RaftServerConfigKeys (ConfUtils.java:logGet(44)) - raft.server.log.statemachine.data.sync.timeout = 10s (default)
2021-09-14 06:06:23,186 [pool-39-thread-1] INFO  server.RaftServerConfigKeys (ConfUtils.java:logGet(44)) - raft.server.log.statemachine.data.sync.timeout.retry = -1 (default)
2021-09-14 06:06:23,197 [pool-39-thread-1] INFO  server.RaftServerConfigKeys (ConfUtils.java:logGet(44)) - raft.server.log.write.buffer.size = 64KB (=65536) (default)
2021-09-14 06:06:23,198 [pool-39-thread-1] INFO  server.RaftServerConfigKeys (ConfUtils.java:logGet(44)) - raft.server.log.statemachine.data.caching.enabled = false (default)
2021-09-14 06:06:23,207 [pool-39-thread-1] INFO  segmented.SegmentedRaftLogWorker (SegmentedRaftLogWorker.java:lambda$new$0(133)) - om1@group-C5BA1605619E-SegmentedRaftLogWorker: flushIndex: setUnconditionally 0 -> -1
2021-09-14 06:06:23,207 [pool-39-thread-1] INFO  segmented.SegmentedRaftLogWorker (SegmentedRaftLogWorker.java:lambda$new$0(133)) - om1@group-C5BA1605619E-SegmentedRaftLogWorker: safeCacheEvictIndex: setUnconditionally 0 -> -1
2021-09-14 06:06:23,211 [pool-39-thread-1] INFO  server.RaftServerConfigKeys (ConfUtils.java:logGet(44)) - raft.server.snapshot.auto.trigger.enabled = true (custom)
2021-09-14 06:06:23,212 [pool-39-thread-1] INFO  server.RaftServerConfigKeys (ConfUtils.java:logGet(44)) - raft.server.snapshot.auto.trigger.threshold = 400000 (default)
2021-09-14 06:06:23,213 [pool-39-thread-1] INFO  server.RaftServerConfigKeys (ConfUtils.java:logGet(44)) - raft.server.snapshot.retention.file.num = -1 (default)
2021-09-14 06:06:23,213 [pool-39-thread-1] INFO  server.RaftServerConfigKeys (ConfUtils.java:logGet(44)) - raft.server.log.purge.upto.snapshot.index = true (custom)
2021-09-14 06:06:23,214 [pool-39-thread-1] INFO  server.RaftServerConfigKeys (ConfUtils.java:logGet(44)) - raft.server.retrycache.expirytime = 300s (custom)
2021-09-14 06:06:23,215 [pool-39-thread-1] INFO  server.RaftServerConfigKeys (ConfUtils.java:logGet(44)) - raft.server.retrycache.statistics.expirytime = 100μs (default)
2021-09-14 06:06:23,256 [Listener at 127.0.0.1/34925] INFO  server.RaftServer$Division (RaftServerImpl.java:start(296)) - om1@group-C5BA1605619E: start as a follower, conf=-1: [om1|rpc:localhost:9872|priority:0], old=null
2021-09-14 06:06:23,258 [Listener at 127.0.0.1/34925] INFO  server.RaftServer$Division (RaftServerImpl.java:setRole(285)) - om1@group-C5BA1605619E: changes role from      null to FOLLOWER at term 0 for startAsFollower
2021-09-14 06:06:23,259 [Listener at 127.0.0.1/34925] INFO  impl.RoleInfo (RoleInfo.java:updateAndGet(130)) - om1: start om1@group-C5BA1605619E-FollowerState
2021-09-14 06:06:23,260 [Listener at 127.0.0.1/34925] INFO  util.JmxRegister (JmxRegister.java:tryRegister(44)) - Successfully registered JMX Bean with object name Ratis:service=RaftServer,group=group-C5BA1605619E,id=om1
2021-09-14 06:06:23,263 [Listener at 127.0.0.1/34925] INFO  server.RaftServer (RaftServerProxy.java:lambda$start$5(374)) - om1: start RPC server
2021-09-14 06:06:23,328 [Listener at 127.0.0.1/34925] INFO  server.GrpcService (GrpcService.java:startImpl(253)) - om1: GrpcService started, listening on 9872
2021-09-14 06:06:23,330 [Listener at 127.0.0.1/34925] INFO  om.OzoneManager (OzoneManager.java:start(1288)) - Version File has different layout version (0) than OM DB (null). That is expected if this OM has never been finalized to a newer layout version.
2021-09-14 06:06:23,331 [org.apache.ratis.util.JvmPauseMonitor$$Lambda$531/194277244@30323182] INFO  util.JvmPauseMonitor (JvmPauseMonitor.java:run(103)) - JvmPauseMonitor-om1: Started
2021-09-14 06:06:23,336 [Listener at 127.0.0.1/34925] INFO  http.BaseHttpServer (BaseHttpServer.java:newHttpServer2BuilderForOzone(209)) - Starting Web-server for ozoneManager at: http://0.0.0.0:0
2021-09-14 06:06:23,336 [Listener at 127.0.0.1/34925] INFO  http.BaseHttpServer (BaseHttpServer.java:<init>(107)) - Hadoop Security Enabled: false Ozone Security Enabled: false Ozone HTTP Security Enabled: false 
2021-09-14 06:06:23,338 [Listener at 127.0.0.1/34925] INFO  server.AuthenticationFilter (AuthenticationFilter.java:constructSecretProvider(240)) - Unable to initialize FileSignerSecretProvider, falling back to use random secrets.
2021-09-14 06:06:23,348 [Listener at 127.0.0.1/34925] WARN  http.HttpRequestLog (HttpRequestLog.java:getRequestLog(103)) - Jetty request log can only be enabled using Log4j
2021-09-14 06:06:23,350 [Listener at 127.0.0.1/34925] INFO  http.HttpServer2 (HttpServer2.java:addGlobalFilter(1030)) - Added global filter 'safety' (class=org.apache.hadoop.hdds.server.http.HttpServer2$QuotingInputFilter)
2021-09-14 06:06:23,351 [Listener at 127.0.0.1/34925] INFO  http.HttpServer2 (HttpServer2.java:addFilter(1006)) - Added filter static_user_filter (class=org.apache.hadoop.http.lib.StaticUserWebFilter$StaticUserFilter) to context ozoneManager
2021-09-14 06:06:23,351 [Listener at 127.0.0.1/34925] INFO  http.HttpServer2 (HttpServer2.java:addFilter(1014)) - Added filter static_user_filter (class=org.apache.hadoop.http.lib.StaticUserWebFilter$StaticUserFilter) to context static
2021-09-14 06:06:23,351 [Listener at 127.0.0.1/34925] INFO  http.HttpServer2 (HttpServer2.java:addFilter(1014)) - Added filter static_user_filter (class=org.apache.hadoop.http.lib.StaticUserWebFilter$StaticUserFilter) to context logs
2021-09-14 06:06:23,355 [Listener at 127.0.0.1/34925] INFO  http.HttpServer2 (HttpServer2.java:bindListener(1249)) - Jetty bound to port 45571
2021-09-14 06:06:23,355 [Listener at 127.0.0.1/34925] INFO  server.Server (Server.java:doStart(375)) - jetty-9.4.43.v20210629; built: 2021-06-30T11:07:22.254Z; git: 526006ecfa3af7f1a27ef3a288e2bef7ea9dd7e8; jvm 1.8.0_292-b10
2021-09-14 06:06:23,361 [Listener at 127.0.0.1/34925] INFO  server.session (DefaultSessionIdManager.java:doStart(334)) - DefaultSessionIdManager workerName=node0
2021-09-14 06:06:23,361 [Listener at 127.0.0.1/34925] INFO  server.session (DefaultSessionIdManager.java:doStart(339)) - No SessionScavenger set, using defaults
2021-09-14 06:06:23,361 [Listener at 127.0.0.1/34925] INFO  server.session (HouseKeeper.java:startScavenging(132)) - node0 Scavenging every 600000ms
2021-09-14 06:06:23,362 [Listener at 127.0.0.1/34925] INFO  handler.ContextHandler (ContextHandler.java:doStart(915)) - Started o.e.j.s.ServletContextHandler@61e94952{logs,/logs,file:///home/runner/work/ozone/ozone/hadoop-ozone/integration-test/target/log,AVAILABLE}
2021-09-14 06:06:23,363 [Listener at 127.0.0.1/34925] INFO  handler.ContextHandler (ContextHandler.java:doStart(915)) - Started o.e.j.s.ServletContextHandler@2e632324{static,/static,file:///home/runner/work/ozone/ozone/hadoop-ozone/integration-test/target/test-classes/webapps/static,AVAILABLE}
2021-09-14 06:06:23,366 [Listener at 127.0.0.1/34925] INFO  handler.ContextHandler (ContextHandler.java:doStart(915)) - Started o.e.j.w.WebAppContext@a09072e{ozoneManager,/,file:///home/runner/work/ozone/ozone/hadoop-ozone/integration-test/target/test-classes/webapps/ozoneManager/,AVAILABLE}{file:/home/runner/work/ozone/ozone/hadoop-ozone/integration-test/target/test-classes/webapps/ozoneManager}
2021-09-14 06:06:23,367 [Listener at 127.0.0.1/34925] INFO  server.AbstractConnector (AbstractConnector.java:doStart(331)) - Started ServerConnector@e2ea048{HTTP/1.1, (http/1.1)}{0.0.0.0:45571}
2021-09-14 06:06:23,368 [Listener at 127.0.0.1/34925] INFO  server.Server (Server.java:doStart(415)) - Started @6350ms
2021-09-14 06:06:23,368 [Listener at 127.0.0.1/34925] WARN  impl.MetricsSystemImpl (MetricsSystemImpl.java:register(279)) - Sink prometheus already exists!
2021-09-14 06:06:23,369 [Listener at 127.0.0.1/34925] INFO  http.BaseHttpServer (BaseHttpServer.java:updateConnectorAddress(329)) - HTTP server of ozoneManager listening at http://0.0.0.0:45571
2021-09-14 06:06:23,369 [IPC Server Responder] INFO  ipc.Server (Server.java:run(1507)) - IPC Server Responder: starting
2021-09-14 06:06:23,370 [IPC Server listener on 0] INFO  ipc.Server (Server.java:run(1344)) - IPC Server listener on 0: starting
2021-09-14 06:06:23,375 [Listener at 127.0.0.1/34925] INFO  om.OzoneManager (OzoneManager.java:startTrashEmptier(1531)) - Trash Interval set to 0. Files deleted will not move to trash
2021-09-14 06:06:23,390 [org.apache.hadoop.util.JvmPauseMonitor$Monitor@597df010] INFO  util.JvmPauseMonitor (JvmPauseMonitor.java:run(188)) - Starting JVM pause monitor
2021-09-14 06:06:23,549 [Listener at 127.0.0.1/34925] WARN  impl.MetricRegistriesImpl (MetricRegistriesImpl.java:addReporterRegistration(111)) - New reporters are added after registries were created. Some metrics will be missing from the reporter. Please add reporter before adding any new registry.
2021-09-14 06:06:23,549 [Listener at 127.0.0.1/34925] WARN  impl.MetricRegistriesImpl (MetricRegistriesImpl.java:addReporterRegistration(111)) - New reporters are added after registries were created. Some metrics will be missing from the reporter. Please add reporter before adding any new registry.
2021-09-14 06:06:23,550 [Listener at 127.0.0.1/34925] INFO  impl.MetricsSystemImpl (MetricsSystemImpl.java:init(158)) - HddsDatanode metrics system started (again)
2021-09-14 06:06:23,574 [Listener at 127.0.0.1/34925] INFO  ozone.HddsDatanodeService (HddsDatanodeService.java:start(234)) - HddsDatanodeService host:fv-az195-153.u3nnjwd0vyge1bu22idnsdeq2e.cx.internal.cloudapp.net ip:10.1.0.22
2021-09-14 06:06:23,602 [Listener at 127.0.0.1/34925] INFO  upgrade.AbstractLayoutVersionManager (AbstractLayoutVersionManager.java:init(79)) - Initializing Layout version manager with metadata layout = SCM_HA (version = 2), software layout = SCM_HA (version = 2)
2021-09-14 06:06:23,656 [Listener at 127.0.0.1/34925] INFO  reflections.Reflections (Reflections.java:scan(232)) - Reflections took 53 ms to scan 7 urls, producing 119 keys and 275 values 
2021-09-14 06:06:23,727 [Listener at 127.0.0.1/34925] INFO  volume.HddsVolume (HddsVolume.java:<init>(120)) - Creating HddsVolume: /home/runner/work/ozone/ozone/hadoop-ozone/integration-test/target/test-dir/MiniOzoneClusterImpl-90c4e534-bc13-49cf-ad4e-23f32b71864f/datanode-0/data-0/containers/hdds of storage type : DISK capacity : 9223372036854775807
2021-09-14 06:06:23,729 [Listener at 127.0.0.1/34925] INFO  volume.MutableVolumeSet (MutableVolumeSet.java:initializeVolumeSet(168)) - Added Volume : /home/runner/work/ozone/ozone/hadoop-ozone/integration-test/target/test-dir/MiniOzoneClusterImpl-90c4e534-bc13-49cf-ad4e-23f32b71864f/datanode-0/data-0/containers/hdds to VolumeSet
2021-09-14 06:06:23,730 [Listener at 127.0.0.1/34925] INFO  volume.ThrottledAsyncChecker (ThrottledAsyncChecker.java:schedule(141)) - Scheduling a check for /home/runner/work/ozone/ozone/hadoop-ozone/integration-test/target/test-dir/MiniOzoneClusterImpl-90c4e534-bc13-49cf-ad4e-23f32b71864f/datanode-0/data-0/containers/hdds
2021-09-14 06:06:23,749 [Listener at 127.0.0.1/34925] INFO  volume.StorageVolumeChecker (StorageVolumeChecker.java:checkAllVolumes(202)) - Scheduled health check for volume /home/runner/work/ozone/ozone/hadoop-ozone/integration-test/target/test-dir/MiniOzoneClusterImpl-90c4e534-bc13-49cf-ad4e-23f32b71864f/datanode-0/data-0/containers/hdds
2021-09-14 06:06:23,772 [Listener at 127.0.0.1/34925] INFO  volume.MutableVolumeSet (MutableVolumeSet.java:initializeVolumeSet(168)) - Added Volume : /home/runner/work/ozone/ozone/hadoop-ozone/integration-test/target/test-dir/MiniOzoneClusterImpl-90c4e534-bc13-49cf-ad4e-23f32b71864f/datanode-0/data/ratis to VolumeSet
2021-09-14 06:06:23,773 [Listener at 127.0.0.1/34925] INFO  volume.ThrottledAsyncChecker (ThrottledAsyncChecker.java:schedule(141)) - Scheduling a check for /home/runner/work/ozone/ozone/hadoop-ozone/integration-test/target/test-dir/MiniOzoneClusterImpl-90c4e534-bc13-49cf-ad4e-23f32b71864f/datanode-0/data/ratis
2021-09-14 06:06:23,773 [Listener at 127.0.0.1/34925] INFO  volume.StorageVolumeChecker (StorageVolumeChecker.java:checkAllVolumes(202)) - Scheduled health check for volume /home/runner/work/ozone/ozone/hadoop-ozone/integration-test/target/test-dir/MiniOzoneClusterImpl-90c4e534-bc13-49cf-ad4e-23f32b71864f/datanode-0/data/ratis
2021-09-14 06:06:23,806 [Thread-128] INFO  ozoneimpl.ContainerReader (ContainerReader.java:readVolume(172)) - Finish verifying containers on volume /home/runner/work/ozone/ozone/hadoop-ozone/integration-test/target/test-dir/MiniOzoneClusterImpl-90c4e534-bc13-49cf-ad4e-23f32b71864f/datanode-0/data-0/containers/hdds
2021-09-14 06:06:23,806 [Listener at 127.0.0.1/34925] INFO  ozoneimpl.OzoneContainer (OzoneContainer.java:buildContainerSet(236)) - Build ContainerSet costs 0s
2021-09-14 06:06:23,889 [Listener at 127.0.0.1/34925] INFO  server.RaftServer (ConfUtils.java:logGet(44)) - raft.rpc.type = GRPC (default)
2021-09-14 06:06:23,889 [Listener at 127.0.0.1/34925] INFO  grpc.GrpcFactory (GrpcFactory.java:checkPooledByteBufAllocatorUseCacheForAllThreads(48)) - PERFORMANCE WARNING: useCacheForAllThreads is true that may cause Netty to create a lot garbage objects and, as a result, trigger GC.
	It is recommended to disable useCacheForAllThreads by setting -Dorg.apache.ratis.thirdparty.io.netty.allocator.useCacheForAllThreads=false in command line.
2021-09-14 06:06:23,890 [Listener at 127.0.0.1/34925] INFO  grpc.GrpcConfigKeys (ConfUtils.java:logGet(44)) - raft.grpc.admin.port = 0 (custom)
2021-09-14 06:06:23,890 [Listener at 127.0.0.1/34925] INFO  grpc.GrpcConfigKeys (ConfUtils.java:logGet(44)) - raft.grpc.client.port = 0 (custom)
2021-09-14 06:06:23,891 [Listener at 127.0.0.1/34925] INFO  grpc.GrpcConfigKeys (ConfUtils.java:logGet(44)) - raft.grpc.server.port = 0 (default)
2021-09-14 06:06:23,892 [Listener at 127.0.0.1/34925] INFO  server.GrpcService (ConfUtils.java:logGet(44)) - raft.grpc.message.size.max = 32MB (=33554432) (custom)
2021-09-14 06:06:23,892 [Listener at 127.0.0.1/34925] INFO  server.RaftServerConfigKeys (ConfUtils.java:logGet(44)) - raft.server.log.appender.buffer.byte-limit = 33554432 (custom)
2021-09-14 06:06:23,892 [Listener at 127.0.0.1/34925] INFO  server.GrpcService (ConfUtils.java:logGet(44)) - raft.grpc.flow.control.window = 5MB (=5242880) (custom)
2021-09-14 06:06:23,892 [Listener at 127.0.0.1/34925] INFO  server.RaftServerConfigKeys (ConfUtils.java:logGet(44)) - raft.server.rpc.request.timeout = 60s (custom)
2021-09-14 06:06:23,894 [Listener at 127.0.0.1/34925] INFO  impl.DataStreamServerImpl (ConfUtils.java:logGet(44)) - raft.datastream.type = DISABLED (default)
2021-09-14 06:06:23,894 [Listener at 127.0.0.1/34925] INFO  server.RaftServerConfigKeys (ConfUtils.java:logGet(44)) - raft.server.rpc.slowness.timeout = 300s (custom)
2021-09-14 06:06:23,895 [Listener at 127.0.0.1/34925] INFO  server.RaftServerConfigKeys (ConfUtils.java:logGet(44)) - raft.server.leaderelection.leader.step-down.wait-time = 10s (default)
2021-09-14 06:06:23,898 [Listener at 127.0.0.1/34925] INFO  server.RaftServerConfigKeys (ConfUtils.java:logGet(44)) - raft.server.storage.dir = [/home/runner/work/ozone/ozone/hadoop-ozone/integration-test/target/test-dir/MiniOzoneClusterImpl-90c4e534-bc13-49cf-ad4e-23f32b71864f/datanode-0/data/ratis] (custom)
2021-09-14 06:06:23,978 [Listener at 127.0.0.1/34925] INFO  http.BaseHttpServer (BaseHttpServer.java:newHttpServer2BuilderForOzone(209)) - Starting Web-server for hddsDatanode at: http://0.0.0.0:0
2021-09-14 06:06:23,978 [Listener at 127.0.0.1/34925] INFO  http.BaseHttpServer (BaseHttpServer.java:<init>(107)) - Hadoop Security Enabled: false Ozone Security Enabled: false Ozone HTTP Security Enabled: false 
2021-09-14 06:06:23,980 [Listener at 127.0.0.1/34925] INFO  server.AuthenticationFilter (AuthenticationFilter.java:constructSecretProvider(240)) - Unable to initialize FileSignerSecretProvider, falling back to use random secrets.
2021-09-14 06:06:23,983 [Listener at 127.0.0.1/34925] WARN  http.HttpRequestLog (HttpRequestLog.java:getRequestLog(103)) - Jetty request log can only be enabled using Log4j
2021-09-14 06:06:23,984 [Listener at 127.0.0.1/34925] INFO  http.HttpServer2 (HttpServer2.java:addGlobalFilter(1030)) - Added global filter 'safety' (class=org.apache.hadoop.hdds.server.http.HttpServer2$QuotingInputFilter)
2021-09-14 06:06:23,985 [Listener at 127.0.0.1/34925] INFO  http.HttpServer2 (HttpServer2.java:addFilter(1006)) - Added filter static_user_filter (class=org.apache.hadoop.http.lib.StaticUserWebFilter$StaticUserFilter) to context hddsDatanode
2021-09-14 06:06:23,985 [Listener at 127.0.0.1/34925] INFO  http.HttpServer2 (HttpServer2.java:addFilter(1014)) - Added filter static_user_filter (class=org.apache.hadoop.http.lib.StaticUserWebFilter$StaticUserFilter) to context logs
2021-09-14 06:06:23,985 [Listener at 127.0.0.1/34925] INFO  http.HttpServer2 (HttpServer2.java:addFilter(1014)) - Added filter static_user_filter (class=org.apache.hadoop.http.lib.StaticUserWebFilter$StaticUserFilter) to context static
2021-09-14 06:06:23,986 [Listener at 127.0.0.1/34925] INFO  http.HttpServer2 (HttpServer2.java:bindListener(1249)) - Jetty bound to port 46653
2021-09-14 06:06:23,986 [Listener at 127.0.0.1/34925] INFO  server.Server (Server.java:doStart(375)) - jetty-9.4.43.v20210629; built: 2021-06-30T11:07:22.254Z; git: 526006ecfa3af7f1a27ef3a288e2bef7ea9dd7e8; jvm 1.8.0_292-b10
2021-09-14 06:06:23,989 [Listener at 127.0.0.1/34925] INFO  server.session (DefaultSessionIdManager.java:doStart(334)) - DefaultSessionIdManager workerName=node0
2021-09-14 06:06:23,989 [Listener at 127.0.0.1/34925] INFO  server.session (DefaultSessionIdManager.java:doStart(339)) - No SessionScavenger set, using defaults
2021-09-14 06:06:23,989 [Listener at 127.0.0.1/34925] INFO  server.session (HouseKeeper.java:startScavenging(132)) - node0 Scavenging every 600000ms
2021-09-14 06:06:23,990 [Listener at 127.0.0.1/34925] INFO  handler.ContextHandler (ContextHandler.java:doStart(915)) - Started o.e.j.s.ServletContextHandler@51f5ec42{logs,/logs,file:///home/runner/work/ozone/ozone/hadoop-ozone/integration-test/target/log,AVAILABLE}
2021-09-14 06:06:23,991 [Listener at 127.0.0.1/34925] INFO  handler.ContextHandler (ContextHandler.java:doStart(915)) - Started o.e.j.s.ServletContextHandler@5ed82f77{static,/static,jar:file:/home/runner/.m2/repository/org/apache/ozone/hdds-container-service/1.2.0-SNAPSHOT/hdds-container-service-1.2.0-SNAPSHOT.jar!/webapps/static,AVAILABLE}
2021-09-14 06:06:24,059 [Listener at 127.0.0.1/34925] INFO  handler.ContextHandler (ContextHandler.java:doStart(915)) - Started o.e.j.w.WebAppContext@4ed70d36{hddsDatanode,/,file:///tmp/jetty-0_0_0_0-46653-hdds-container-service-1_2_0-SNAPSHOT_jar-_-any-5814790361977788896/webapp/,AVAILABLE}{jar:file:/home/runner/.m2/repository/org/apache/ozone/hdds-container-service/1.2.0-SNAPSHOT/hdds-container-service-1.2.0-SNAPSHOT.jar!/webapps/hddsDatanode}
2021-09-14 06:06:24,061 [Listener at 127.0.0.1/34925] INFO  server.AbstractConnector (AbstractConnector.java:doStart(331)) - Started ServerConnector@7ddb6570{HTTP/1.1, (http/1.1)}{0.0.0.0:46653}
2021-09-14 06:06:24,062 [Listener at 127.0.0.1/34925] INFO  server.Server (Server.java:doStart(415)) - Started @7044ms
2021-09-14 06:06:24,062 [Listener at 127.0.0.1/34925] WARN  impl.MetricsSystemImpl (MetricsSystemImpl.java:register(279)) - Sink prometheus already exists!
2021-09-14 06:06:24,063 [Listener at 127.0.0.1/34925] INFO  http.BaseHttpServer (BaseHttpServer.java:updateConnectorAddress(329)) - HTTP server of hddsDatanode listening at http://0.0.0.0:46653
2021-09-14 06:06:24,069 [Listener at 127.0.0.1/34925] WARN  impl.MetricRegistriesImpl (MetricRegistriesImpl.java:addReporterRegistration(111)) - New reporters are added after registries were created. Some metrics will be missing from the reporter. Please add reporter before adding any new registry.
2021-09-14 06:06:24,069 [Listener at 127.0.0.1/34925] WARN  impl.MetricRegistriesImpl (MetricRegistriesImpl.java:addReporterRegistration(111)) - New reporters are added after registries were created. Some metrics will be missing from the reporter. Please add reporter before adding any new registry.
2021-09-14 06:06:24,069 [Listener at 127.0.0.1/34925] INFO  impl.MetricsSystemImpl (MetricsSystemImpl.java:init(158)) - HddsDatanode metrics system started (again)
2021-09-14 06:06:24,072 [Datanode State Machine Thread - 0] INFO  statemachine.DatanodeStateMachine (DatanodeStateMachine.java:lambda$startDaemon$0(456)) - Ozone container server started.
2021-09-14 06:06:24,092 [org.apache.hadoop.util.JvmPauseMonitor$Monitor@5a3d9b] INFO  util.JvmPauseMonitor (JvmPauseMonitor.java:run(188)) - Starting JVM pause monitor
2021-09-14 06:06:24,117 [Listener at 127.0.0.1/34925] INFO  ozone.HddsDatanodeService (HddsDatanodeService.java:start(234)) - HddsDatanodeService host:fv-az195-153.u3nnjwd0vyge1bu22idnsdeq2e.cx.internal.cloudapp.net ip:10.1.0.22
2021-09-14 06:06:24,148 [Listener at 127.0.0.1/34925] INFO  upgrade.AbstractLayoutVersionManager (AbstractLayoutVersionManager.java:init(79)) - Initializing Layout version manager with metadata layout = SCM_HA (version = 2), software layout = SCM_HA (version = 2)
2021-09-14 06:06:24,254 [Listener at 127.0.0.1/34925] INFO  reflections.Reflections (Reflections.java:scan(232)) - Reflections took 104 ms to scan 7 urls, producing 119 keys and 275 values 
2021-09-14 06:06:24,257 [Listener at 127.0.0.1/34925] INFO  volume.HddsVolume (HddsVolume.java:<init>(120)) - Creating HddsVolume: /home/runner/work/ozone/ozone/hadoop-ozone/integration-test/target/test-dir/MiniOzoneClusterImpl-90c4e534-bc13-49cf-ad4e-23f32b71864f/datanode-1/data-0/containers/hdds of storage type : DISK capacity : 9223372036854775807
2021-09-14 06:06:24,257 [Listener at 127.0.0.1/34925] INFO  volume.MutableVolumeSet (MutableVolumeSet.java:initializeVolumeSet(168)) - Added Volume : /home/runner/work/ozone/ozone/hadoop-ozone/integration-test/target/test-dir/MiniOzoneClusterImpl-90c4e534-bc13-49cf-ad4e-23f32b71864f/datanode-1/data-0/containers/hdds to VolumeSet
2021-09-14 06:06:24,257 [Listener at 127.0.0.1/34925] INFO  volume.ThrottledAsyncChecker (ThrottledAsyncChecker.java:schedule(141)) - Scheduling a check for /home/runner/work/ozone/ozone/hadoop-ozone/integration-test/target/test-dir/MiniOzoneClusterImpl-90c4e534-bc13-49cf-ad4e-23f32b71864f/datanode-1/data-0/containers/hdds
2021-09-14 06:06:24,258 [Listener at 127.0.0.1/34925] INFO  volume.StorageVolumeChecker (StorageVolumeChecker.java:checkAllVolumes(202)) - Scheduled health check for volume /home/runner/work/ozone/ozone/hadoop-ozone/integration-test/target/test-dir/MiniOzoneClusterImpl-90c4e534-bc13-49cf-ad4e-23f32b71864f/datanode-1/data-0/containers/hdds
2021-09-14 06:06:24,274 [Listener at 127.0.0.1/34925] INFO  volume.MutableVolumeSet (MutableVolumeSet.java:initializeVolumeSet(168)) - Added Volume : /home/runner/work/ozone/ozone/hadoop-ozone/integration-test/target/test-dir/MiniOzoneClusterImpl-90c4e534-bc13-49cf-ad4e-23f32b71864f/datanode-1/data/ratis to VolumeSet
2021-09-14 06:06:24,274 [Listener at 127.0.0.1/34925] INFO  volume.ThrottledAsyncChecker (ThrottledAsyncChecker.java:schedule(141)) - Scheduling a check for /home/runner/work/ozone/ozone/hadoop-ozone/integration-test/target/test-dir/MiniOzoneClusterImpl-90c4e534-bc13-49cf-ad4e-23f32b71864f/datanode-1/data/ratis
2021-09-14 06:06:24,274 [Listener at 127.0.0.1/34925] INFO  volume.StorageVolumeChecker (StorageVolumeChecker.java:checkAllVolumes(202)) - Scheduled health check for volume /home/runner/work/ozone/ozone/hadoop-ozone/integration-test/target/test-dir/MiniOzoneClusterImpl-90c4e534-bc13-49cf-ad4e-23f32b71864f/datanode-1/data/ratis
2021-09-14 06:06:24,315 [Thread-140] INFO  ozoneimpl.ContainerReader (ContainerReader.java:readVolume(172)) - Finish verifying containers on volume /home/runner/work/ozone/ozone/hadoop-ozone/integration-test/target/test-dir/MiniOzoneClusterImpl-90c4e534-bc13-49cf-ad4e-23f32b71864f/datanode-1/data-0/containers/hdds
2021-09-14 06:06:24,315 [Listener at 127.0.0.1/34925] INFO  ozoneimpl.OzoneContainer (OzoneContainer.java:buildContainerSet(236)) - Build ContainerSet costs 0s
2021-09-14 06:06:24,319 [Listener at 127.0.0.1/34925] INFO  server.RaftServer (ConfUtils.java:logGet(44)) - raft.rpc.type = GRPC (default)
2021-09-14 06:06:24,319 [Listener at 127.0.0.1/34925] INFO  grpc.GrpcFactory (GrpcFactory.java:checkPooledByteBufAllocatorUseCacheForAllThreads(48)) - PERFORMANCE WARNING: useCacheForAllThreads is true that may cause Netty to create a lot garbage objects and, as a result, trigger GC.
	It is recommended to disable useCacheForAllThreads by setting -Dorg.apache.ratis.thirdparty.io.netty.allocator.useCacheForAllThreads=false in command line.
2021-09-14 06:06:24,320 [Listener at 127.0.0.1/34925] INFO  grpc.GrpcConfigKeys (ConfUtils.java:logGet(44)) - raft.grpc.admin.port = 0 (custom)
2021-09-14 06:06:24,320 [Listener at 127.0.0.1/34925] INFO  grpc.GrpcConfigKeys (ConfUtils.java:logGet(44)) - raft.grpc.client.port = 0 (custom)
2021-09-14 06:06:24,320 [Listener at 127.0.0.1/34925] INFO  grpc.GrpcConfigKeys (ConfUtils.java:logGet(44)) - raft.grpc.server.port = 0 (default)
2021-09-14 06:06:24,320 [Listener at 127.0.0.1/34925] INFO  server.GrpcService (ConfUtils.java:logGet(44)) - raft.grpc.message.size.max = 32MB (=33554432) (custom)
2021-09-14 06:06:24,320 [Listener at 127.0.0.1/34925] INFO  server.RaftServerConfigKeys (ConfUtils.java:logGet(44)) - raft.server.log.appender.buffer.byte-limit = 33554432 (custom)
2021-09-14 06:06:24,321 [Listener at 127.0.0.1/34925] INFO  server.GrpcService (ConfUtils.java:logGet(44)) - raft.grpc.flow.control.window = 5MB (=5242880) (custom)
2021-09-14 06:06:24,321 [Listener at 127.0.0.1/34925] INFO  server.RaftServerConfigKeys (ConfUtils.java:logGet(44)) - raft.server.rpc.request.timeout = 60s (custom)
2021-09-14 06:06:24,322 [Listener at 127.0.0.1/34925] INFO  impl.DataStreamServerImpl (ConfUtils.java:logGet(44)) - raft.datastream.type = DISABLED (default)
2021-09-14 06:06:24,326 [Listener at 127.0.0.1/34925] INFO  server.RaftServerConfigKeys (ConfUtils.java:logGet(44)) - raft.server.rpc.slowness.timeout = 300s (custom)
2021-09-14 06:06:24,327 [Listener at 127.0.0.1/34925] INFO  server.RaftServerConfigKeys (ConfUtils.java:logGet(44)) - raft.server.leaderelection.leader.step-down.wait-time = 10s (default)
2021-09-14 06:06:24,327 [Listener at 127.0.0.1/34925] INFO  server.RaftServerConfigKeys (ConfUtils.java:logGet(44)) - raft.server.storage.dir = [/home/runner/work/ozone/ozone/hadoop-ozone/integration-test/target/test-dir/MiniOzoneClusterImpl-90c4e534-bc13-49cf-ad4e-23f32b71864f/datanode-1/data/ratis] (custom)
2021-09-14 06:06:24,326 [Datanode State Machine Task Thread - 0] INFO  datanode.InitDatanodeState (InitDatanodeState.java:persistContainerDatanodeDetails(145)) - DatanodeDetails is persisted to /home/runner/work/ozone/ozone/hadoop-ozone/integration-test/target/test-dir/MiniOzoneClusterImpl-90c4e534-bc13-49cf-ad4e-23f32b71864f/datanode-0/meta/datanode.id
2021-09-14 06:06:24,333 [Listener at 127.0.0.1/34925] INFO  http.BaseHttpServer (BaseHttpServer.java:newHttpServer2BuilderForOzone(209)) - Starting Web-server for hddsDatanode at: http://0.0.0.0:0
2021-09-14 06:06:24,333 [Listener at 127.0.0.1/34925] INFO  http.BaseHttpServer (BaseHttpServer.java:<init>(107)) - Hadoop Security Enabled: false Ozone Security Enabled: false Ozone HTTP Security Enabled: false 
2021-09-14 06:06:24,334 [Listener at 127.0.0.1/34925] INFO  server.AuthenticationFilter (AuthenticationFilter.java:constructSecretProvider(240)) - Unable to initialize FileSignerSecretProvider, falling back to use random secrets.
2021-09-14 06:06:24,336 [Listener at 127.0.0.1/34925] WARN  http.HttpRequestLog (HttpRequestLog.java:getRequestLog(103)) - Jetty request log can only be enabled using Log4j
2021-09-14 06:06:24,337 [Listener at 127.0.0.1/34925] INFO  http.HttpServer2 (HttpServer2.java:addGlobalFilter(1030)) - Added global filter 'safety' (class=org.apache.hadoop.hdds.server.http.HttpServer2$QuotingInputFilter)
2021-09-14 06:06:24,338 [Listener at 127.0.0.1/34925] INFO  http.HttpServer2 (HttpServer2.java:addFilter(1006)) - Added filter static_user_filter (class=org.apache.hadoop.http.lib.StaticUserWebFilter$StaticUserFilter) to context hddsDatanode
2021-09-14 06:06:24,338 [Listener at 127.0.0.1/34925] INFO  http.HttpServer2 (HttpServer2.java:addFilter(1014)) - Added filter static_user_filter (class=org.apache.hadoop.http.lib.StaticUserWebFilter$StaticUserFilter) to context logs
2021-09-14 06:06:24,338 [Listener at 127.0.0.1/34925] INFO  http.HttpServer2 (HttpServer2.java:addFilter(1014)) - Added filter static_user_filter (class=org.apache.hadoop.http.lib.StaticUserWebFilter$StaticUserFilter) to context static
2021-09-14 06:06:24,339 [Listener at 127.0.0.1/34925] INFO  http.HttpServer2 (HttpServer2.java:bindListener(1249)) - Jetty bound to port 43353
2021-09-14 06:06:24,339 [Listener at 127.0.0.1/34925] INFO  server.Server (Server.java:doStart(375)) - jetty-9.4.43.v20210629; built: 2021-06-30T11:07:22.254Z; git: 526006ecfa3af7f1a27ef3a288e2bef7ea9dd7e8; jvm 1.8.0_292-b10
2021-09-14 06:06:24,345 [Listener at 127.0.0.1/34925] INFO  server.session (DefaultSessionIdManager.java:doStart(334)) - DefaultSessionIdManager workerName=node0
2021-09-14 06:06:24,345 [Listener at 127.0.0.1/34925] INFO  server.session (DefaultSessionIdManager.java:doStart(339)) - No SessionScavenger set, using defaults
2021-09-14 06:06:24,345 [Listener at 127.0.0.1/34925] INFO  server.session (HouseKeeper.java:startScavenging(132)) - node0 Scavenging every 600000ms
2021-09-14 06:06:24,348 [Listener at 127.0.0.1/34925] INFO  handler.ContextHandler (ContextHandler.java:doStart(915)) - Started o.e.j.s.ServletContextHandler@6a0ac9a8{logs,/logs,file:///home/runner/work/ozone/ozone/hadoop-ozone/integration-test/target/log,AVAILABLE}
2021-09-14 06:06:24,349 [Listener at 127.0.0.1/34925] INFO  handler.ContextHandler (ContextHandler.java:doStart(915)) - Started o.e.j.s.ServletContextHandler@7046033c{static,/static,jar:file:/home/runner/.m2/repository/org/apache/ozone/hdds-container-service/1.2.0-SNAPSHOT/hdds-container-service-1.2.0-SNAPSHOT.jar!/webapps/static,AVAILABLE}
2021-09-14 06:06:24,396 [Listener at 127.0.0.1/34925] INFO  handler.ContextHandler (ContextHandler.java:doStart(915)) - Started o.e.j.w.WebAppContext@37edb745{hddsDatanode,/,file:///tmp/jetty-0_0_0_0-43353-hdds-container-service-1_2_0-SNAPSHOT_jar-_-any-7550276105456521948/webapp/,AVAILABLE}{jar:file:/home/runner/.m2/repository/org/apache/ozone/hdds-container-service/1.2.0-SNAPSHOT/hdds-container-service-1.2.0-SNAPSHOT.jar!/webapps/hddsDatanode}
2021-09-14 06:06:24,397 [Listener at 127.0.0.1/34925] INFO  server.AbstractConnector (AbstractConnector.java:doStart(331)) - Started ServerConnector@3f6a2cee{HTTP/1.1, (http/1.1)}{0.0.0.0:43353}
2021-09-14 06:06:24,397 [Listener at 127.0.0.1/34925] INFO  server.Server (Server.java:doStart(415)) - Started @7380ms
2021-09-14 06:06:24,397 [Listener at 127.0.0.1/34925] WARN  impl.MetricsSystemImpl (MetricsSystemImpl.java:register(279)) - Sink prometheus already exists!
2021-09-14 06:06:24,398 [Listener at 127.0.0.1/34925] INFO  http.BaseHttpServer (BaseHttpServer.java:updateConnectorAddress(329)) - HTTP server of hddsDatanode listening at http://0.0.0.0:43353
2021-09-14 06:06:24,399 [Listener at 127.0.0.1/34925] WARN  impl.MetricRegistriesImpl (MetricRegistriesImpl.java:addReporterRegistration(111)) - New reporters are added after registries were created. Some metrics will be missing from the reporter. Please add reporter before adding any new registry.
2021-09-14 06:06:24,399 [Listener at 127.0.0.1/34925] WARN  impl.MetricRegistriesImpl (MetricRegistriesImpl.java:addReporterRegistration(111)) - New reporters are added after registries were created. Some metrics will be missing from the reporter. Please add reporter before adding any new registry.
2021-09-14 06:06:24,399 [Listener at 127.0.0.1/34925] INFO  impl.MetricsSystemImpl (MetricsSystemImpl.java:init(158)) - HddsDatanode metrics system started (again)
2021-09-14 06:06:24,404 [Datanode State Machine Thread - 0] INFO  statemachine.DatanodeStateMachine (DatanodeStateMachine.java:lambda$startDaemon$0(456)) - Ozone container server started.
2021-09-14 06:06:24,423 [om1@group-C5BA1605619E-FollowerState] INFO  impl.FollowerState (FollowerState.java:run(134)) - om1@group-C5BA1605619E-FollowerState: change to CANDIDATE, lastRpcElapsedTime:1163812959ns, electionTimeout:1162ms
2021-09-14 06:06:24,424 [om1@group-C5BA1605619E-FollowerState] INFO  impl.RoleInfo (RoleInfo.java:shutdownFollowerState(108)) - om1: shutdown om1@group-C5BA1605619E-FollowerState
2021-09-14 06:06:24,424 [om1@group-C5BA1605619E-FollowerState] INFO  server.RaftServer$Division (RaftServerImpl.java:setRole(285)) - om1@group-C5BA1605619E: changes role from  FOLLOWER to CANDIDATE at term 0 for changeToCandidate
2021-09-14 06:06:24,429 [Listener at 127.0.0.1/34925] INFO  ozone.HddsDatanodeService (HddsDatanodeService.java:start(234)) - HddsDatanodeService host:fv-az195-153.u3nnjwd0vyge1bu22idnsdeq2e.cx.internal.cloudapp.net ip:10.1.0.22
2021-09-14 06:06:24,430 [om1@group-C5BA1605619E-FollowerState] INFO  server.RaftServerConfigKeys (ConfUtils.java:logGet(44)) - raft.server.leaderelection.pre-vote = false (custom)
2021-09-14 06:06:24,430 [om1@group-C5BA1605619E-FollowerState] INFO  impl.RoleInfo (RoleInfo.java:updateAndGet(130)) - om1: start om1@group-C5BA1605619E-LeaderElection1
2021-09-14 06:06:24,452 [org.apache.hadoop.util.JvmPauseMonitor$Monitor@615a5c76] INFO  util.JvmPauseMonitor (JvmPauseMonitor.java:run(188)) - Starting JVM pause monitor
2021-09-14 06:06:24,466 [Datanode State Machine Task Thread - 0] INFO  datanode.InitDatanodeState (InitDatanodeState.java:persistContainerDatanodeDetails(145)) - DatanodeDetails is persisted to /home/runner/work/ozone/ozone/hadoop-ozone/integration-test/target/test-dir/MiniOzoneClusterImpl-90c4e534-bc13-49cf-ad4e-23f32b71864f/datanode-1/meta/datanode.id
2021-09-14 06:06:24,470 [Listener at 127.0.0.1/34925] INFO  upgrade.AbstractLayoutVersionManager (AbstractLayoutVersionManager.java:init(79)) - Initializing Layout version manager with metadata layout = SCM_HA (version = 2), software layout = SCM_HA (version = 2)
2021-09-14 06:06:24,480 [om1@group-C5BA1605619E-LeaderElection1] INFO  impl.LeaderElection (LeaderElection.java:askForVotes(306)) - om1@group-C5BA1605619E-LeaderElection1 ELECTION round 0: submit vote requests at term 1 for -1: [om1|rpc:localhost:9872|priority:0], old=null
2021-09-14 06:06:24,481 [om1@group-C5BA1605619E-LeaderElection1] INFO  impl.LeaderElection (LeaderElection.java:askForVotes(308)) - om1@group-C5BA1605619E-LeaderElection1 ELECTION round 0: result PASSED (term=1)
2021-09-14 06:06:24,486 [om1@group-C5BA1605619E-LeaderElection1] INFO  impl.RoleInfo (RoleInfo.java:shutdownLeaderElection(121)) - om1: shutdown om1@group-C5BA1605619E-LeaderElection1
2021-09-14 06:06:24,486 [om1@group-C5BA1605619E-LeaderElection1] INFO  server.RaftServer$Division (RaftServerImpl.java:setRole(285)) - om1@group-C5BA1605619E: changes role from CANDIDATE to LEADER at term 1 for changeToLeader
2021-09-14 06:06:24,487 [om1@group-C5BA1605619E-LeaderElection1] INFO  server.RaftServer$Division (ServerState.java:setLeader(285)) - om1@group-C5BA1605619E: change Leader from null to om1 at term 1 for becomeLeader, leader elected after 1347ms
2021-09-14 06:06:24,492 [om1@group-C5BA1605619E-LeaderElection1] INFO  server.RaftServerConfigKeys (ConfUtils.java:logGet(44)) - raft.server.staging.catchup.gap = 1000 (default)
2021-09-14 06:06:24,509 [om1@group-C5BA1605619E-LeaderElection1] INFO  server.RaftServerConfigKeys (ConfUtils.java:logGet(44)) - raft.server.write.element-limit = 4096 (default)
2021-09-14 06:06:24,514 [om1@group-C5BA1605619E-LeaderElection1] INFO  server.RaftServerConfigKeys (ConfUtils.java:logGet(44)) - raft.server.write.byte-limit = 64MB (=67108864) (default)
2021-09-14 06:06:24,697 [om1@group-C5BA1605619E-LeaderElection1] INFO  server.RaftServerConfigKeys (ConfUtils.java:logGet(44)) - raft.server.watch.timeout = 10s (default)
2021-09-14 06:06:24,697 [om1@group-C5BA1605619E-LeaderElection1] INFO  server.RaftServerConfigKeys (ConfUtils.java:logGet(44)) - raft.server.watch.timeout.denomination = 1s (default)
2021-09-14 06:06:24,698 [om1@group-C5BA1605619E-LeaderElection1] INFO  server.RaftServerConfigKeys (ConfUtils.java:logGet(44)) - raft.server.watch.element-limit = 65536 (default)
2021-09-14 06:06:24,715 [om1@group-C5BA1605619E-LeaderElection1] INFO  impl.RoleInfo (RoleInfo.java:updateAndGet(130)) - om1: start om1@group-C5BA1605619E-LeaderStateImpl
2021-09-14 06:06:24,728 [Listener at 127.0.0.1/34925] INFO  reflections.Reflections (Reflections.java:scan(232)) - Reflections took 257 ms to scan 7 urls, producing 119 keys and 275 values 
2021-09-14 06:06:24,731 [Listener at 127.0.0.1/34925] INFO  volume.HddsVolume (HddsVolume.java:<init>(120)) - Creating HddsVolume: /home/runner/work/ozone/ozone/hadoop-ozone/integration-test/target/test-dir/MiniOzoneClusterImpl-90c4e534-bc13-49cf-ad4e-23f32b71864f/datanode-2/data-0/containers/hdds of storage type : DISK capacity : 9223372036854775807
2021-09-14 06:06:24,732 [Listener at 127.0.0.1/34925] INFO  volume.MutableVolumeSet (MutableVolumeSet.java:initializeVolumeSet(168)) - Added Volume : /home/runner/work/ozone/ozone/hadoop-ozone/integration-test/target/test-dir/MiniOzoneClusterImpl-90c4e534-bc13-49cf-ad4e-23f32b71864f/datanode-2/data-0/containers/hdds to VolumeSet
2021-09-14 06:06:24,732 [Listener at 127.0.0.1/34925] INFO  volume.ThrottledAsyncChecker (ThrottledAsyncChecker.java:schedule(141)) - Scheduling a check for /home/runner/work/ozone/ozone/hadoop-ozone/integration-test/target/test-dir/MiniOzoneClusterImpl-90c4e534-bc13-49cf-ad4e-23f32b71864f/datanode-2/data-0/containers/hdds
2021-09-14 06:06:24,745 [Listener at 127.0.0.1/34925] INFO  volume.StorageVolumeChecker (StorageVolumeChecker.java:checkAllVolumes(202)) - Scheduled health check for volume /home/runner/work/ozone/ozone/hadoop-ozone/integration-test/target/test-dir/MiniOzoneClusterImpl-90c4e534-bc13-49cf-ad4e-23f32b71864f/datanode-2/data-0/containers/hdds
2021-09-14 06:06:24,772 [Listener at 127.0.0.1/34925] INFO  volume.MutableVolumeSet (MutableVolumeSet.java:initializeVolumeSet(168)) - Added Volume : /home/runner/work/ozone/ozone/hadoop-ozone/integration-test/target/test-dir/MiniOzoneClusterImpl-90c4e534-bc13-49cf-ad4e-23f32b71864f/datanode-2/data/ratis to VolumeSet
2021-09-14 06:06:24,767 [om1@group-C5BA1605619E-LeaderElection1] INFO  segmented.SegmentedRaftLogWorker (SegmentedRaftLogWorker.java:startLogSegment(394)) - om1@group-C5BA1605619E-SegmentedRaftLogWorker: Starting segment from index:0
2021-09-14 06:06:24,776 [Listener at 127.0.0.1/34925] INFO  volume.ThrottledAsyncChecker (ThrottledAsyncChecker.java:schedule(141)) - Scheduling a check for /home/runner/work/ozone/ozone/hadoop-ozone/integration-test/target/test-dir/MiniOzoneClusterImpl-90c4e534-bc13-49cf-ad4e-23f32b71864f/datanode-2/data/ratis
2021-09-14 06:06:24,792 [Listener at 127.0.0.1/34925] INFO  volume.StorageVolumeChecker (StorageVolumeChecker.java:checkAllVolumes(202)) - Scheduled health check for volume /home/runner/work/ozone/ozone/hadoop-ozone/integration-test/target/test-dir/MiniOzoneClusterImpl-90c4e534-bc13-49cf-ad4e-23f32b71864f/datanode-2/data/ratis
2021-09-14 06:06:24,809 [om1@group-C5BA1605619E-LeaderElection1] INFO  server.RaftServer$Division (ServerState.java:setRaftConf(387)) - om1@group-C5BA1605619E: set configuration 0: [om1|rpc:localhost:9872|admin:|client:|dataStream:|priority:0], old=null
2021-09-14 06:06:24,831 [Thread-154] INFO  ozoneimpl.ContainerReader (ContainerReader.java:readVolume(172)) - Finish verifying containers on volume /home/runner/work/ozone/ozone/hadoop-ozone/integration-test/target/test-dir/MiniOzoneClusterImpl-90c4e534-bc13-49cf-ad4e-23f32b71864f/datanode-2/data-0/containers/hdds
2021-09-14 06:06:24,833 [Listener at 127.0.0.1/34925] INFO  ozoneimpl.OzoneContainer (OzoneContainer.java:buildContainerSet(236)) - Build ContainerSet costs 0s
2021-09-14 06:06:24,844 [Listener at 127.0.0.1/34925] INFO  server.RaftServer (ConfUtils.java:logGet(44)) - raft.rpc.type = GRPC (default)
2021-09-14 06:06:24,847 [Listener at 127.0.0.1/34925] INFO  grpc.GrpcFactory (GrpcFactory.java:checkPooledByteBufAllocatorUseCacheForAllThreads(48)) - PERFORMANCE WARNING: useCacheForAllThreads is true that may cause Netty to create a lot garbage objects and, as a result, trigger GC.
	It is recommended to disable useCacheForAllThreads by setting -Dorg.apache.ratis.thirdparty.io.netty.allocator.useCacheForAllThreads=false in command line.
2021-09-14 06:06:24,848 [Listener at 127.0.0.1/34925] INFO  grpc.GrpcConfigKeys (ConfUtils.java:logGet(44)) - raft.grpc.admin.port = 0 (custom)
2021-09-14 06:06:24,848 [Listener at 127.0.0.1/34925] INFO  grpc.GrpcConfigKeys (ConfUtils.java:logGet(44)) - raft.grpc.client.port = 0 (custom)
2021-09-14 06:06:24,848 [Listener at 127.0.0.1/34925] INFO  grpc.GrpcConfigKeys (ConfUtils.java:logGet(44)) - raft.grpc.server.port = 0 (default)
2021-09-14 06:06:24,848 [Listener at 127.0.0.1/34925] INFO  server.GrpcService (ConfUtils.java:logGet(44)) - raft.grpc.message.size.max = 32MB (=33554432) (custom)
2021-09-14 06:06:24,848 [Listener at 127.0.0.1/34925] INFO  server.RaftServerConfigKeys (ConfUtils.java:logGet(44)) - raft.server.log.appender.buffer.byte-limit = 33554432 (custom)
2021-09-14 06:06:24,848 [Listener at 127.0.0.1/34925] INFO  server.GrpcService (ConfUtils.java:logGet(44)) - raft.grpc.flow.control.window = 5MB (=5242880) (custom)
2021-09-14 06:06:24,849 [Listener at 127.0.0.1/34925] INFO  server.RaftServerConfigKeys (ConfUtils.java:logGet(44)) - raft.server.rpc.request.timeout = 60s (custom)
2021-09-14 06:06:24,850 [Listener at 127.0.0.1/34925] INFO  impl.DataStreamServerImpl (ConfUtils.java:logGet(44)) - raft.datastream.type = DISABLED (default)
2021-09-14 06:06:24,850 [Listener at 127.0.0.1/34925] INFO  server.RaftServerConfigKeys (ConfUtils.java:logGet(44)) - raft.server.rpc.slowness.timeout = 300s (custom)
2021-09-14 06:06:24,850 [Listener at 127.0.0.1/34925] INFO  server.RaftServerConfigKeys (ConfUtils.java:logGet(44)) - raft.server.leaderelection.leader.step-down.wait-time = 10s (default)
2021-09-14 06:06:24,851 [Listener at 127.0.0.1/34925] INFO  server.RaftServerConfigKeys (ConfUtils.java:logGet(44)) - raft.server.storage.dir = [/home/runner/work/ozone/ozone/hadoop-ozone/integration-test/target/test-dir/MiniOzoneClusterImpl-90c4e534-bc13-49cf-ad4e-23f32b71864f/datanode-2/data/ratis] (custom)
2021-09-14 06:06:24,865 [Listener at 127.0.0.1/34925] INFO  http.BaseHttpServer (BaseHttpServer.java:newHttpServer2BuilderForOzone(209)) - Starting Web-server for hddsDatanode at: http://0.0.0.0:0
2021-09-14 06:06:24,865 [Listener at 127.0.0.1/34925] INFO  http.BaseHttpServer (BaseHttpServer.java:<init>(107)) - Hadoop Security Enabled: false Ozone Security Enabled: false Ozone HTTP Security Enabled: false 
2021-09-14 06:06:24,866 [Listener at 127.0.0.1/34925] INFO  server.AuthenticationFilter (AuthenticationFilter.java:constructSecretProvider(240)) - Unable to initialize FileSignerSecretProvider, falling back to use random secrets.
2021-09-14 06:06:24,876 [Listener at 127.0.0.1/34925] WARN  http.HttpRequestLog (HttpRequestLog.java:getRequestLog(103)) - Jetty request log can only be enabled using Log4j
2021-09-14 06:06:24,877 [Listener at 127.0.0.1/34925] INFO  http.HttpServer2 (HttpServer2.java:addGlobalFilter(1030)) - Added global filter 'safety' (class=org.apache.hadoop.hdds.server.http.HttpServer2$QuotingInputFilter)
2021-09-14 06:06:24,878 [Listener at 127.0.0.1/34925] INFO  http.HttpServer2 (HttpServer2.java:addFilter(1006)) - Added filter static_user_filter (class=org.apache.hadoop.http.lib.StaticUserWebFilter$StaticUserFilter) to context hddsDatanode
2021-09-14 06:06:24,878 [Listener at 127.0.0.1/34925] INFO  http.HttpServer2 (HttpServer2.java:addFilter(1014)) - Added filter static_user_filter (class=org.apache.hadoop.http.lib.StaticUserWebFilter$StaticUserFilter) to context logs
2021-09-14 06:06:24,878 [Listener at 127.0.0.1/34925] INFO  http.HttpServer2 (HttpServer2.java:addFilter(1014)) - Added filter static_user_filter (class=org.apache.hadoop.http.lib.StaticUserWebFilter$StaticUserFilter) to context static
2021-09-14 06:06:24,878 [Listener at 127.0.0.1/34925] INFO  http.HttpServer2 (HttpServer2.java:bindListener(1249)) - Jetty bound to port 33021
2021-09-14 06:06:24,878 [Listener at 127.0.0.1/34925] INFO  server.Server (Server.java:doStart(375)) - jetty-9.4.43.v20210629; built: 2021-06-30T11:07:22.254Z; git: 526006ecfa3af7f1a27ef3a288e2bef7ea9dd7e8; jvm 1.8.0_292-b10
2021-09-14 06:06:24,893 [Listener at 127.0.0.1/34925] INFO  server.session (DefaultSessionIdManager.java:doStart(334)) - DefaultSessionIdManager workerName=node0
2021-09-14 06:06:24,893 [Listener at 127.0.0.1/34925] INFO  server.session (DefaultSessionIdManager.java:doStart(339)) - No SessionScavenger set, using defaults
2021-09-14 06:06:24,893 [Listener at 127.0.0.1/34925] INFO  server.session (HouseKeeper.java:startScavenging(132)) - node0 Scavenging every 600000ms
2021-09-14 06:06:24,895 [Listener at 127.0.0.1/34925] INFO  handler.ContextHandler (ContextHandler.java:doStart(915)) - Started o.e.j.s.ServletContextHandler@5d5189c0{logs,/logs,file:///home/runner/work/ozone/ozone/hadoop-ozone/integration-test/target/log,AVAILABLE}
2021-09-14 06:06:24,895 [Listener at 127.0.0.1/34925] INFO  handler.ContextHandler (ContextHandler.java:doStart(915)) - Started o.e.j.s.ServletContextHandler@4ec5870f{static,/static,jar:file:/home/runner/.m2/repository/org/apache/ozone/hdds-container-service/1.2.0-SNAPSHOT/hdds-container-service-1.2.0-SNAPSHOT.jar!/webapps/static,AVAILABLE}
2021-09-14 06:06:24,910 [om1@group-C5BA1605619E-SegmentedRaftLogWorker] INFO  segmented.SegmentedRaftLogWorker (SegmentedRaftLogWorker.java:execute(601)) - om1@group-C5BA1605619E-SegmentedRaftLogWorker: created new log segment /home/runner/work/ozone/ozone/hadoop-ozone/integration-test/target/test-dir/MiniOzoneClusterImpl-90c4e534-bc13-49cf-ad4e-23f32b71864f/ozone-meta/ratis/bf265839-605b-3f16-9796-c5ba1605619e/current/log_inprogress_0
2021-09-14 06:06:24,978 [Listener at 127.0.0.1/34925] INFO  handler.ContextHandler (ContextHandler.java:doStart(915)) - Started o.e.j.w.WebAppContext@2634ff0a{hddsDatanode,/,file:///tmp/jetty-0_0_0_0-33021-hdds-container-service-1_2_0-SNAPSHOT_jar-_-any-3319176590505532838/webapp/,AVAILABLE}{jar:file:/home/runner/.m2/repository/org/apache/ozone/hdds-container-service/1.2.0-SNAPSHOT/hdds-container-service-1.2.0-SNAPSHOT.jar!/webapps/hddsDatanode}
2021-09-14 06:06:24,984 [Listener at 127.0.0.1/34925] INFO  server.AbstractConnector (AbstractConnector.java:doStart(331)) - Started ServerConnector@4ba7db24{HTTP/1.1, (http/1.1)}{0.0.0.0:33021}
2021-09-14 06:06:24,985 [Listener at 127.0.0.1/34925] INFO  server.Server (Server.java:doStart(415)) - Started @7967ms
2021-09-14 06:06:24,985 [Listener at 127.0.0.1/34925] WARN  impl.MetricsSystemImpl (MetricsSystemImpl.java:register(279)) - Sink prometheus already exists!
2021-09-14 06:06:24,985 [Listener at 127.0.0.1/34925] INFO  http.BaseHttpServer (BaseHttpServer.java:updateConnectorAddress(329)) - HTTP server of hddsDatanode listening at http://0.0.0.0:33021
2021-09-14 06:06:24,987 [Listener at 127.0.0.1/34925] INFO  ozone.MiniOzoneClusterImpl (MiniOzoneClusterImpl.java:lambda$waitForClusterToBeReady$0(235)) - Waiting for nodes to be ready. Got 0 of 3 DN Heartbeats.
2021-09-14 06:06:24,987 [Listener at 127.0.0.1/34925] INFO  ozone.MiniOzoneClusterImpl (MiniOzoneClusterImpl.java:lambda$waitForClusterToBeReady$0(238)) - Waiting for cluster to exit safe mode
2021-09-14 06:06:24,987 [Listener at 127.0.0.1/34925] INFO  ozone.MiniOzoneClusterImpl (MiniOzoneClusterImpl.java:lambda$waitForClusterToBeReady$0(240)) - SCM became leader
2021-09-14 06:06:24,992 [Datanode State Machine Thread - 0] INFO  statemachine.DatanodeStateMachine (DatanodeStateMachine.java:lambda$startDaemon$0(456)) - Ozone container server started.
2021-09-14 06:06:25,023 [org.apache.hadoop.util.JvmPauseMonitor$Monitor@324bd818] INFO  util.JvmPauseMonitor (JvmPauseMonitor.java:run(188)) - Starting JVM pause monitor
2021-09-14 06:06:25,023 [om1@group-C5BA1605619E-StateMachineUpdater] INFO  ratis.OzoneManagerStateMachine (OzoneManagerStateMachine.java:notifyConfigurationChanged(188)) - Received Configuration change notification from Ratis. New Peer list:
[id: "om1"
address: "localhost:9872"
]
2021-09-14 06:06:25,033 [Datanode State Machine Task Thread - 0] INFO  datanode.InitDatanodeState (InitDatanodeState.java:persistContainerDatanodeDetails(145)) - DatanodeDetails is persisted to /home/runner/work/ozone/ozone/hadoop-ozone/integration-test/target/test-dir/MiniOzoneClusterImpl-90c4e534-bc13-49cf-ad4e-23f32b71864f/datanode-2/meta/datanode.id
2021-09-14 06:06:25,988 [Listener at 127.0.0.1/34925] INFO  ozone.MiniOzoneClusterImpl (MiniOzoneClusterImpl.java:lambda$waitForClusterToBeReady$0(235)) - Waiting for nodes to be ready. Got 0 of 3 DN Heartbeats.
2021-09-14 06:06:25,988 [Listener at 127.0.0.1/34925] INFO  ozone.MiniOzoneClusterImpl (MiniOzoneClusterImpl.java:lambda$waitForClusterToBeReady$0(238)) - Waiting for cluster to exit safe mode
2021-09-14 06:06:25,988 [Listener at 127.0.0.1/34925] INFO  ozone.MiniOzoneClusterImpl (MiniOzoneClusterImpl.java:lambda$waitForClusterToBeReady$0(240)) - SCM became leader
2021-09-14 06:06:26,139 [EndpointStateMachine task thread for /0.0.0.0:36183 - 0 ] INFO  ozoneimpl.OzoneContainer (OzoneContainer.java:start(304)) - Attempting to start container services.
2021-09-14 06:06:26,141 [EndpointStateMachine task thread for /0.0.0.0:36183 - 0 ] INFO  ozoneimpl.OzoneContainer (OzoneContainer.java:startContainerScrub(249)) - Background container scanner has been disabled.
2021-09-14 06:06:26,142 [EndpointStateMachine task thread for /0.0.0.0:36183 - 0 ] INFO  replication.ReplicationServer (ReplicationServer.java:start(107)) - ReplicationServer is started using port 37057
2021-09-14 06:06:26,146 [EndpointStateMachine task thread for /0.0.0.0:36183 - 0 ] INFO  ratis.XceiverServerRatis (XceiverServerRatis.java:start(481)) - Starting XceiverServerRatis 587a1050-2cdd-4e2a-affe-051b452a7472
2021-09-14 06:06:26,153 [EndpointStateMachine task thread for /0.0.0.0:36183 - 0 ] INFO  server.RaftServer (RaftServerProxy.java:lambda$start$5(374)) - 587a1050-2cdd-4e2a-affe-051b452a7472: start RPC server
2021-09-14 06:06:26,158 [EndpointStateMachine task thread for /0.0.0.0:36183 - 0 ] INFO  server.GrpcService (GrpcService.java:startImpl(253)) - 587a1050-2cdd-4e2a-affe-051b452a7472: GrpcService started, listening on 42707
2021-09-14 06:06:26,159 [EndpointStateMachine task thread for /0.0.0.0:36183 - 0 ] INFO  ratis.XceiverServerRatis (XceiverServerRatis.java:getRealPort(502)) - XceiverServerRatis 587a1050-2cdd-4e2a-affe-051b452a7472 is started using port 42707 for RATIS
2021-09-14 06:06:26,159 [EndpointStateMachine task thread for /0.0.0.0:36183 - 0 ] INFO  ratis.XceiverServerRatis (XceiverServerRatis.java:getRealPort(502)) - XceiverServerRatis 587a1050-2cdd-4e2a-affe-051b452a7472 is started using port 42707 for RATIS_ADMIN
2021-09-14 06:06:26,159 [EndpointStateMachine task thread for /0.0.0.0:36183 - 0 ] INFO  ratis.XceiverServerRatis (XceiverServerRatis.java:getRealPort(502)) - XceiverServerRatis 587a1050-2cdd-4e2a-affe-051b452a7472 is started using port 42707 for RATIS_SERVER
2021-09-14 06:06:26,160 [org.apache.ratis.util.JvmPauseMonitor$$Lambda$531/194277244@5d191e80] INFO  util.JvmPauseMonitor (JvmPauseMonitor.java:run(103)) - JvmPauseMonitor-587a1050-2cdd-4e2a-affe-051b452a7472: Started
2021-09-14 06:06:26,161 [EndpointStateMachine task thread for /0.0.0.0:36183 - 0 ] INFO  server.XceiverServerGrpc (XceiverServerGrpc.java:start(135)) - XceiverServerGrpc 587a1050-2cdd-4e2a-affe-051b452a7472 is started using port 35453
2021-09-14 06:06:26,458 [EndpointStateMachine task thread for /0.0.0.0:36183 - 0 ] INFO  ozoneimpl.OzoneContainer (OzoneContainer.java:start(304)) - Attempting to start container services.
2021-09-14 06:06:26,459 [EndpointStateMachine task thread for /0.0.0.0:36183 - 0 ] INFO  ozoneimpl.OzoneContainer (OzoneContainer.java:startContainerScrub(249)) - Background container scanner has been disabled.
2021-09-14 06:06:26,460 [EndpointStateMachine task thread for /0.0.0.0:36183 - 0 ] INFO  replication.ReplicationServer (ReplicationServer.java:start(107)) - ReplicationServer is started using port 39621
2021-09-14 06:06:26,461 [EndpointStateMachine task thread for /0.0.0.0:36183 - 0 ] INFO  ratis.XceiverServerRatis (XceiverServerRatis.java:start(481)) - Starting XceiverServerRatis 7af46619-9f10-43e2-abd0-ffbc4fcfe41f
2021-09-14 06:06:26,463 [EndpointStateMachine task thread for /0.0.0.0:36183 - 0 ] INFO  server.RaftServer (RaftServerProxy.java:lambda$start$5(374)) - 7af46619-9f10-43e2-abd0-ffbc4fcfe41f: start RPC server
2021-09-14 06:06:26,464 [EndpointStateMachine task thread for /0.0.0.0:36183 - 0 ] INFO  server.GrpcService (GrpcService.java:startImpl(253)) - 7af46619-9f10-43e2-abd0-ffbc4fcfe41f: GrpcService started, listening on 43809
2021-09-14 06:06:26,465 [EndpointStateMachine task thread for /0.0.0.0:36183 - 0 ] INFO  ratis.XceiverServerRatis (XceiverServerRatis.java:getRealPort(502)) - XceiverServerRatis 7af46619-9f10-43e2-abd0-ffbc4fcfe41f is started using port 43809 for RATIS
2021-09-14 06:06:26,465 [EndpointStateMachine task thread for /0.0.0.0:36183 - 0 ] INFO  ratis.XceiverServerRatis (XceiverServerRatis.java:getRealPort(502)) - XceiverServerRatis 7af46619-9f10-43e2-abd0-ffbc4fcfe41f is started using port 43809 for RATIS_ADMIN
2021-09-14 06:06:26,465 [EndpointStateMachine task thread for /0.0.0.0:36183 - 0 ] INFO  ratis.XceiverServerRatis (XceiverServerRatis.java:getRealPort(502)) - XceiverServerRatis 7af46619-9f10-43e2-abd0-ffbc4fcfe41f is started using port 43809 for RATIS_SERVER
2021-09-14 06:06:26,466 [EndpointStateMachine task thread for /0.0.0.0:36183 - 0 ] INFO  server.XceiverServerGrpc (XceiverServerGrpc.java:start(135)) - XceiverServerGrpc 7af46619-9f10-43e2-abd0-ffbc4fcfe41f is started using port 33541
2021-09-14 06:06:26,475 [org.apache.ratis.util.JvmPauseMonitor$$Lambda$531/194277244@19eb2463] INFO  util.JvmPauseMonitor (JvmPauseMonitor.java:run(103)) - JvmPauseMonitor-7af46619-9f10-43e2-abd0-ffbc4fcfe41f: Started
2021-09-14 06:06:26,988 [Listener at 127.0.0.1/34925] INFO  ozone.MiniOzoneClusterImpl (MiniOzoneClusterImpl.java:lambda$waitForClusterToBeReady$0(235)) - Waiting for nodes to be ready. Got 0 of 3 DN Heartbeats.
2021-09-14 06:06:26,989 [Listener at 127.0.0.1/34925] INFO  ozone.MiniOzoneClusterImpl (MiniOzoneClusterImpl.java:lambda$waitForClusterToBeReady$0(238)) - Waiting for cluster to exit safe mode
2021-09-14 06:06:26,989 [Listener at 127.0.0.1/34925] INFO  ozone.MiniOzoneClusterImpl (MiniOzoneClusterImpl.java:lambda$waitForClusterToBeReady$0(240)) - SCM became leader
2021-09-14 06:06:27,029 [EndpointStateMachine task thread for /0.0.0.0:36183 - 0 ] INFO  ozoneimpl.OzoneContainer (OzoneContainer.java:start(304)) - Attempting to start container services.
2021-09-14 06:06:27,030 [EndpointStateMachine task thread for /0.0.0.0:36183 - 0 ] INFO  ozoneimpl.OzoneContainer (OzoneContainer.java:startContainerScrub(249)) - Background container scanner has been disabled.
2021-09-14 06:06:27,031 [EndpointStateMachine task thread for /0.0.0.0:36183 - 0 ] INFO  replication.ReplicationServer (ReplicationServer.java:start(107)) - ReplicationServer is started using port 43795
2021-09-14 06:06:27,032 [EndpointStateMachine task thread for /0.0.0.0:36183 - 0 ] INFO  ratis.XceiverServerRatis (XceiverServerRatis.java:start(481)) - Starting XceiverServerRatis f5b04939-ef8e-46cc-a15f-0f827e775058
2021-09-14 06:06:27,034 [EndpointStateMachine task thread for /0.0.0.0:36183 - 0 ] INFO  server.RaftServer (RaftServerProxy.java:lambda$start$5(374)) - f5b04939-ef8e-46cc-a15f-0f827e775058: start RPC server
2021-09-14 06:06:27,037 [EndpointStateMachine task thread for /0.0.0.0:36183 - 0 ] INFO  server.GrpcService (GrpcService.java:startImpl(253)) - f5b04939-ef8e-46cc-a15f-0f827e775058: GrpcService started, listening on 38289
2021-09-14 06:06:27,037 [EndpointStateMachine task thread for /0.0.0.0:36183 - 0 ] INFO  ratis.XceiverServerRatis (XceiverServerRatis.java:getRealPort(502)) - XceiverServerRatis f5b04939-ef8e-46cc-a15f-0f827e775058 is started using port 38289 for RATIS
2021-09-14 06:06:27,037 [EndpointStateMachine task thread for /0.0.0.0:36183 - 0 ] INFO  ratis.XceiverServerRatis (XceiverServerRatis.java:getRealPort(502)) - XceiverServerRatis f5b04939-ef8e-46cc-a15f-0f827e775058 is started using port 38289 for RATIS_ADMIN
2021-09-14 06:06:27,037 [org.apache.ratis.util.JvmPauseMonitor$$Lambda$531/194277244@31c15992] INFO  util.JvmPauseMonitor (JvmPauseMonitor.java:run(103)) - JvmPauseMonitor-f5b04939-ef8e-46cc-a15f-0f827e775058: Started
2021-09-14 06:06:27,037 [EndpointStateMachine task thread for /0.0.0.0:36183 - 0 ] INFO  ratis.XceiverServerRatis (XceiverServerRatis.java:getRealPort(502)) - XceiverServerRatis f5b04939-ef8e-46cc-a15f-0f827e775058 is started using port 38289 for RATIS_SERVER
2021-09-14 06:06:27,038 [EndpointStateMachine task thread for /0.0.0.0:36183 - 0 ] INFO  server.XceiverServerGrpc (XceiverServerGrpc.java:start(135)) - XceiverServerGrpc f5b04939-ef8e-46cc-a15f-0f827e775058 is started using port 33041
2021-09-14 06:06:27,989 [Listener at 127.0.0.1/34925] INFO  ozone.MiniOzoneClusterImpl (MiniOzoneClusterImpl.java:lambda$waitForClusterToBeReady$0(235)) - Waiting for nodes to be ready. Got 0 of 3 DN Heartbeats.
2021-09-14 06:06:27,989 [Listener at 127.0.0.1/34925] INFO  ozone.MiniOzoneClusterImpl (MiniOzoneClusterImpl.java:lambda$waitForClusterToBeReady$0(238)) - Waiting for cluster to exit safe mode
2021-09-14 06:06:27,989 [Listener at 127.0.0.1/34925] INFO  ozone.MiniOzoneClusterImpl (MiniOzoneClusterImpl.java:lambda$waitForClusterToBeReady$0(240)) - SCM became leader
2021-09-14 06:06:28,121 [IPC Server handler 15 on default port 36183] INFO  net.NetworkTopologyImpl (NetworkTopologyImpl.java:add(112)) - Added a new node: /default-rack/587a1050-2cdd-4e2a-affe-051b452a7472
2021-09-14 06:06:28,123 [IPC Server handler 15 on default port 36183] INFO  node.SCMNodeManager (SCMNodeManager.java:register(390)) - Registered Data node : 587a1050-2cdd-4e2a-affe-051b452a7472{ip: 10.1.0.22, host: fv-az195-153.u3nnjwd0vyge1bu22idnsdeq2e.cx.internal.cloudapp.net, ports: [REPLICATION=37057, RATIS=42707, RATIS_ADMIN=42707, RATIS_SERVER=42707, STANDALONE=35453], networkLocation: /default-rack, certSerialId: null, persistedOpState: null, persistedOpStateExpiryEpochSec: 0}
2021-09-14 06:06:28,127 [EventQueue-NewNodeForNewNodeHandler] INFO  pipeline.BackgroundPipelineCreator (BackgroundPipelineCreatorV2.java:notifyEventTriggered(285)) - trigger a one-shot run on RatisPipelineUtilsThread.
2021-09-14 06:06:28,138 [RatisPipelineUtilsThread - 0] INFO  pipeline.RatisPipelineProvider (RatisPipelineProvider.java:lambda$create$0(183)) - Sending CreatePipelineCommand for pipeline:PipelineID=bf695640-e7dc-48dc-b86b-f191c23a7a47 to datanode:587a1050-2cdd-4e2a-affe-051b452a7472
2021-09-14 06:06:28,138 [EventQueue-NodeRegistrationContainerReportForContainerSafeModeRule] INFO  safemode.SCMSafeModeManager (SCMSafeModeManager.java:validateSafeModeExitRules(204)) - ContainerSafeModeRule rule is successfully validated
2021-09-14 06:06:28,139 [EventQueue-NodeRegistrationContainerReportForDataNodeSafeModeRule] INFO  safemode.SCMSafeModeManager (DataNodeSafeModeRule.java:process(71)) - SCM in safe mode. 1 DataNodes registered, 3 required.
2021-09-14 06:06:28,139 [EventQueue-PipelineReportForOneReplicaPipelineSafeModeRule] INFO  safemode.SCMSafeModeManager (SCMSafeModeManager.java:validateSafeModeExitRules(204)) - AtleastOneDatanodeReportedRule rule is successfully validated
2021-09-14 06:06:28,150 [RatisPipelineUtilsThread - 0] INFO  pipeline.PipelineStateManager (PipelineStateManagerV2Impl.java:addPipeline(101)) - Created pipeline Pipeline[ Id: bf695640-e7dc-48dc-b86b-f191c23a7a47, Nodes: 587a1050-2cdd-4e2a-affe-051b452a7472{ip: 10.1.0.22, host: fv-az195-153.u3nnjwd0vyge1bu22idnsdeq2e.cx.internal.cloudapp.net, ports: [REPLICATION=37057, RATIS=42707, RATIS_ADMIN=42707, RATIS_SERVER=42707, STANDALONE=35453], networkLocation: /default-rack, certSerialId: null, persistedOpState: IN_SERVICE, persistedOpStateExpiryEpochSec: 0}, ReplicationConfig: RATIS/ONE, State:ALLOCATED, leaderId:, CreationTimestamp2021-09-14T06:06:28.135Z[Etc/UTC]].
2021-09-14 06:06:28,456 [IPC Server handler 19 on default port 36183] INFO  net.NetworkTopologyImpl (NetworkTopologyImpl.java:add(112)) - Added a new node: /default-rack/7af46619-9f10-43e2-abd0-ffbc4fcfe41f
2021-09-14 06:06:28,456 [IPC Server handler 19 on default port 36183] INFO  node.SCMNodeManager (SCMNodeManager.java:register(390)) - Registered Data node : 7af46619-9f10-43e2-abd0-ffbc4fcfe41f{ip: 10.1.0.22, host: fv-az195-153.u3nnjwd0vyge1bu22idnsdeq2e.cx.internal.cloudapp.net, ports: [REPLICATION=39621, RATIS=43809, RATIS_ADMIN=43809, RATIS_SERVER=43809, STANDALONE=33541], networkLocation: /default-rack, certSerialId: null, persistedOpState: null, persistedOpStateExpiryEpochSec: 0}
2021-09-14 06:06:28,457 [EventQueue-NewNodeForNewNodeHandler] INFO  pipeline.BackgroundPipelineCreator (BackgroundPipelineCreatorV2.java:notifyEventTriggered(285)) - trigger a one-shot run on RatisPipelineUtilsThread.
2021-09-14 06:06:28,458 [EventQueue-NodeRegistrationContainerReportForDataNodeSafeModeRule] INFO  safemode.SCMSafeModeManager (DataNodeSafeModeRule.java:process(71)) - SCM in safe mode. 2 DataNodes registered, 3 required.
2021-09-14 06:06:28,460 [RatisPipelineUtilsThread - 0] INFO  pipeline.RatisPipelineProvider (RatisPipelineProvider.java:lambda$create$0(183)) - Sending CreatePipelineCommand for pipeline:PipelineID=919687d4-e39f-48c1-b8d8-2b1b2b6337fd to datanode:7af46619-9f10-43e2-abd0-ffbc4fcfe41f
2021-09-14 06:06:28,460 [RatisPipelineUtilsThread - 0] INFO  pipeline.PipelineStateManager (PipelineStateManagerV2Impl.java:addPipeline(101)) - Created pipeline Pipeline[ Id: 919687d4-e39f-48c1-b8d8-2b1b2b6337fd, Nodes: 7af46619-9f10-43e2-abd0-ffbc4fcfe41f{ip: 10.1.0.22, host: fv-az195-153.u3nnjwd0vyge1bu22idnsdeq2e.cx.internal.cloudapp.net, ports: [REPLICATION=39621, RATIS=43809, RATIS_ADMIN=43809, RATIS_SERVER=43809, STANDALONE=33541], networkLocation: /default-rack, certSerialId: null, persistedOpState: IN_SERVICE, persistedOpStateExpiryEpochSec: 0}, ReplicationConfig: RATIS/ONE, State:ALLOCATED, leaderId:, CreationTimestamp2021-09-14T06:06:28.460Z[Etc/UTC]].
2021-09-14 06:06:28,990 [Listener at 127.0.0.1/34925] INFO  ozone.MiniOzoneClusterImpl (MiniOzoneClusterImpl.java:lambda$waitForClusterToBeReady$0(235)) - Waiting for nodes to be ready. Got 2 of 3 DN Heartbeats.
2021-09-14 06:06:28,990 [Listener at 127.0.0.1/34925] INFO  ozone.MiniOzoneClusterImpl (MiniOzoneClusterImpl.java:lambda$waitForClusterToBeReady$0(238)) - Waiting for cluster to exit safe mode
2021-09-14 06:06:28,990 [Listener at 127.0.0.1/34925] INFO  ozone.MiniOzoneClusterImpl (MiniOzoneClusterImpl.java:lambda$waitForClusterToBeReady$0(240)) - SCM became leader
2021-09-14 06:06:29,027 [IPC Server handler 16 on default port 36183] INFO  net.NetworkTopologyImpl (NetworkTopologyImpl.java:add(112)) - Added a new node: /default-rack/f5b04939-ef8e-46cc-a15f-0f827e775058
2021-09-14 06:06:29,028 [IPC Server handler 16 on default port 36183] INFO  node.SCMNodeManager (SCMNodeManager.java:register(390)) - Registered Data node : f5b04939-ef8e-46cc-a15f-0f827e775058{ip: 10.1.0.22, host: fv-az195-153.u3nnjwd0vyge1bu22idnsdeq2e.cx.internal.cloudapp.net, ports: [REPLICATION=43795, RATIS=38289, RATIS_ADMIN=38289, RATIS_SERVER=38289, STANDALONE=33041], networkLocation: /default-rack, certSerialId: null, persistedOpState: null, persistedOpStateExpiryEpochSec: 0}
2021-09-14 06:06:29,028 [EventQueue-NewNodeForNewNodeHandler] INFO  pipeline.BackgroundPipelineCreator (BackgroundPipelineCreatorV2.java:notifyEventTriggered(285)) - trigger a one-shot run on RatisPipelineUtilsThread.
2021-09-14 06:06:29,029 [RatisPipelineUtilsThread - 0] INFO  pipeline.RatisPipelineProvider (RatisPipelineProvider.java:lambda$create$0(183)) - Sending CreatePipelineCommand for pipeline:PipelineID=2945b166-3300-4e1a-a2f7-ab60fcb67cfa to datanode:f5b04939-ef8e-46cc-a15f-0f827e775058
2021-09-14 06:06:29,029 [EventQueue-NodeRegistrationContainerReportForDataNodeSafeModeRule] INFO  safemode.SCMSafeModeManager (DataNodeSafeModeRule.java:process(71)) - SCM in safe mode. 3 DataNodes registered, 3 required.
2021-09-14 06:06:29,029 [EventQueue-NodeRegistrationContainerReportForDataNodeSafeModeRule] INFO  safemode.SCMSafeModeManager (SCMSafeModeManager.java:validateSafeModeExitRules(204)) - DataNodeSafeModeRule rule is successfully validated
2021-09-14 06:06:29,029 [EventQueue-NodeRegistrationContainerReportForDataNodeSafeModeRule] INFO  safemode.SCMSafeModeManager (SCMSafeModeManager.java:completePreCheck(233)) - All SCM safe mode pre check rules have passed
2021-09-14 06:06:29,029 [EventQueue-NodeRegistrationContainerReportForDataNodeSafeModeRule] WARN  events.EventQueue (EventQueue.java:fireEvent(194)) - No event handler registered for event TypedEvent{payloadType=SafeModeStatus, name='Safe mode status'}
2021-09-14 06:06:29,029 [EventQueue-NodeRegistrationContainerReportForDataNodeSafeModeRule] INFO  ha.SCMContext (SCMContext.java:updateSafeModeStatus(205)) - Update SafeModeStatus from SafeModeStatus{safeModeStatus=true, preCheckPassed=false} to SafeModeStatus{safeModeStatus=true, preCheckPassed=true}.
2021-09-14 06:06:29,029 [EventQueue-NodeRegistrationContainerReportForDataNodeSafeModeRule] INFO  pipeline.BackgroundPipelineCreator (BackgroundPipelineCreatorV2.java:notifyEventTriggered(285)) - trigger a one-shot run on RatisPipelineUtilsThread.
2021-09-14 06:06:29,030 [RatisPipelineUtilsThread - 0] INFO  pipeline.PipelineStateManager (PipelineStateManagerV2Impl.java:addPipeline(101)) - Created pipeline Pipeline[ Id: 2945b166-3300-4e1a-a2f7-ab60fcb67cfa, Nodes: f5b04939-ef8e-46cc-a15f-0f827e775058{ip: 10.1.0.22, host: fv-az195-153.u3nnjwd0vyge1bu22idnsdeq2e.cx.internal.cloudapp.net, ports: [REPLICATION=43795, RATIS=38289, RATIS_ADMIN=38289, RATIS_SERVER=38289, STANDALONE=33041], networkLocation: /default-rack, certSerialId: null, persistedOpState: IN_SERVICE, persistedOpStateExpiryEpochSec: 0}, ReplicationConfig: RATIS/ONE, State:ALLOCATED, leaderId:, CreationTimestamp2021-09-14T06:06:29.029Z[Etc/UTC]].
2021-09-14 06:06:29,034 [RatisPipelineUtilsThread - 0] INFO  pipeline.RatisPipelineProvider (RatisPipelineProvider.java:lambda$create$0(183)) - Sending CreatePipelineCommand for pipeline:PipelineID=2dd6ee76-a3c4-4a2d-b101-56c443ba814e to datanode:f5b04939-ef8e-46cc-a15f-0f827e775058
2021-09-14 06:06:29,035 [RatisPipelineUtilsThread - 0] INFO  pipeline.RatisPipelineProvider (RatisPipelineProvider.java:lambda$create$0(183)) - Sending CreatePipelineCommand for pipeline:PipelineID=2dd6ee76-a3c4-4a2d-b101-56c443ba814e to datanode:587a1050-2cdd-4e2a-affe-051b452a7472
2021-09-14 06:06:29,035 [RatisPipelineUtilsThread - 0] INFO  pipeline.RatisPipelineProvider (RatisPipelineProvider.java:lambda$create$0(183)) - Sending CreatePipelineCommand for pipeline:PipelineID=2dd6ee76-a3c4-4a2d-b101-56c443ba814e to datanode:7af46619-9f10-43e2-abd0-ffbc4fcfe41f
2021-09-14 06:06:29,035 [RatisPipelineUtilsThread - 0] INFO  pipeline.PipelineStateManager (PipelineStateManagerV2Impl.java:addPipeline(101)) - Created pipeline Pipeline[ Id: 2dd6ee76-a3c4-4a2d-b101-56c443ba814e, Nodes: f5b04939-ef8e-46cc-a15f-0f827e775058{ip: 10.1.0.22, host: fv-az195-153.u3nnjwd0vyge1bu22idnsdeq2e.cx.internal.cloudapp.net, ports: [REPLICATION=43795, RATIS=38289, RATIS_ADMIN=38289, RATIS_SERVER=38289, STANDALONE=33041], networkLocation: /default-rack, certSerialId: null, persistedOpState: IN_SERVICE, persistedOpStateExpiryEpochSec: 0}587a1050-2cdd-4e2a-affe-051b452a7472{ip: 10.1.0.22, host: fv-az195-153.u3nnjwd0vyge1bu22idnsdeq2e.cx.internal.cloudapp.net, ports: [REPLICATION=37057, RATIS=42707, RATIS_ADMIN=42707, RATIS_SERVER=42707, STANDALONE=35453], networkLocation: /default-rack, certSerialId: null, persistedOpState: IN_SERVICE, persistedOpStateExpiryEpochSec: 0}7af46619-9f10-43e2-abd0-ffbc4fcfe41f{ip: 10.1.0.22, host: fv-az195-153.u3nnjwd0vyge1bu22idnsdeq2e.cx.internal.cloudapp.net, ports: [REPLICATION=39621, RATIS=43809, RATIS_ADMIN=43809, RATIS_SERVER=43809, STANDALONE=33541], networkLocation: /default-rack, certSerialId: null, persistedOpState: IN_SERVICE, persistedOpStateExpiryEpochSec: 0}, ReplicationConfig: RATIS/THREE, State:ALLOCATED, leaderId:, CreationTimestamp2021-09-14T06:06:29.034Z[Etc/UTC]].
2021-09-14 06:06:29,040 [RatisPipelineUtilsThread - 0] INFO  pipeline.RatisPipelineProvider (RatisPipelineProvider.java:lambda$create$0(183)) - Sending CreatePipelineCommand for pipeline:PipelineID=8958e09b-f6c4-4e9a-a0bb-2f2e3a92aed0 to datanode:587a1050-2cdd-4e2a-affe-051b452a7472
2021-09-14 06:06:29,040 [RatisPipelineUtilsThread - 0] INFO  pipeline.RatisPipelineProvider (RatisPipelineProvider.java:lambda$create$0(183)) - Sending CreatePipelineCommand for pipeline:PipelineID=8958e09b-f6c4-4e9a-a0bb-2f2e3a92aed0 to datanode:7af46619-9f10-43e2-abd0-ffbc4fcfe41f
2021-09-14 06:06:29,040 [RatisPipelineUtilsThread - 0] INFO  pipeline.RatisPipelineProvider (RatisPipelineProvider.java:lambda$create$0(183)) - Sending CreatePipelineCommand for pipeline:PipelineID=8958e09b-f6c4-4e9a-a0bb-2f2e3a92aed0 to datanode:f5b04939-ef8e-46cc-a15f-0f827e775058
2021-09-14 06:06:29,043 [RatisPipelineUtilsThread - 0] INFO  pipeline.PipelineStateManager (PipelineStateManagerV2Impl.java:addPipeline(101)) - Created pipeline Pipeline[ Id: 8958e09b-f6c4-4e9a-a0bb-2f2e3a92aed0, Nodes: 587a1050-2cdd-4e2a-affe-051b452a7472{ip: 10.1.0.22, host: fv-az195-153.u3nnjwd0vyge1bu22idnsdeq2e.cx.internal.cloudapp.net, ports: [REPLICATION=37057, RATIS=42707, RATIS_ADMIN=42707, RATIS_SERVER=42707, STANDALONE=35453], networkLocation: /default-rack, certSerialId: null, persistedOpState: IN_SERVICE, persistedOpStateExpiryEpochSec: 0}7af46619-9f10-43e2-abd0-ffbc4fcfe41f{ip: 10.1.0.22, host: fv-az195-153.u3nnjwd0vyge1bu22idnsdeq2e.cx.internal.cloudapp.net, ports: [REPLICATION=39621, RATIS=43809, RATIS_ADMIN=43809, RATIS_SERVER=43809, STANDALONE=33541], networkLocation: /default-rack, certSerialId: null, persistedOpState: IN_SERVICE, persistedOpStateExpiryEpochSec: 0}f5b04939-ef8e-46cc-a15f-0f827e775058{ip: 10.1.0.22, host: fv-az195-153.u3nnjwd0vyge1bu22idnsdeq2e.cx.internal.cloudapp.net, ports: [REPLICATION=43795, RATIS=38289, RATIS_ADMIN=38289, RATIS_SERVER=38289, STANDALONE=33041], networkLocation: /default-rack, certSerialId: null, persistedOpState: IN_SERVICE, persistedOpStateExpiryEpochSec: 0}, ReplicationConfig: RATIS/THREE, State:ALLOCATED, leaderId:, CreationTimestamp2021-09-14T06:06:29.040Z[Etc/UTC]].
2021-09-14 06:06:29,043 [RatisPipelineUtilsThread - 0] INFO  pipeline.PipelineManagerImpl (PipelineManagerImpl.java:recordMetricsForPipeline(613)) - Pipeline: PipelineID=8958e09b-f6c4-4e9a-a0bb-2f2e3a92aed0 contains same datanodes as previous pipelines: PipelineID=2dd6ee76-a3c4-4a2d-b101-56c443ba814e nodeIds: 587a1050-2cdd-4e2a-affe-051b452a7472, 7af46619-9f10-43e2-abd0-ffbc4fcfe41f, f5b04939-ef8e-46cc-a15f-0f827e775058
2021-09-14 06:06:29,991 [Listener at 127.0.0.1/34925] INFO  ozone.MiniOzoneClusterImpl (MiniOzoneClusterImpl.java:lambda$waitForClusterToBeReady$0(235)) - Nodes are ready. Got 3 of 3 DN Heartbeats.
2021-09-14 06:06:29,992 [Listener at 127.0.0.1/34925] INFO  ozone.MiniOzoneClusterImpl (MiniOzoneClusterImpl.java:lambda$waitForClusterToBeReady$0(238)) - Waiting for cluster to exit safe mode
2021-09-14 06:06:29,992 [Listener at 127.0.0.1/34925] INFO  ozone.MiniOzoneClusterImpl (MiniOzoneClusterImpl.java:lambda$waitForClusterToBeReady$0(240)) - SCM became leader
2021-09-14 06:06:30,992 [Listener at 127.0.0.1/34925] INFO  ozone.MiniOzoneClusterImpl (MiniOzoneClusterImpl.java:lambda$waitForClusterToBeReady$0(235)) - Nodes are ready. Got 3 of 3 DN Heartbeats.
2021-09-14 06:06:30,992 [Listener at 127.0.0.1/34925] INFO  ozone.MiniOzoneClusterImpl (MiniOzoneClusterImpl.java:lambda$waitForClusterToBeReady$0(238)) - Waiting for cluster to exit safe mode
2021-09-14 06:06:30,992 [Listener at 127.0.0.1/34925] INFO  ozone.MiniOzoneClusterImpl (MiniOzoneClusterImpl.java:lambda$waitForClusterToBeReady$0(240)) - SCM became leader
2021-09-14 06:06:31,102 [Command processor thread] INFO  server.RaftServer (RaftServerProxy.java:addNew(95)) - 587a1050-2cdd-4e2a-affe-051b452a7472: addNew group-F191C23A7A47:[587a1050-2cdd-4e2a-affe-051b452a7472|rpc:10.1.0.22:42707|priority:1] returns group-F191C23A7A47:java.util.concurrent.CompletableFuture@2cb6a3f3[Not completed]
2021-09-14 06:06:31,112 [pool-55-thread-1] INFO  server.RaftServer$Division (RaftServerImpl.java:<init>(181)) - 587a1050-2cdd-4e2a-affe-051b452a7472: new RaftServerImpl for group-F191C23A7A47:[587a1050-2cdd-4e2a-affe-051b452a7472|rpc:10.1.0.22:42707|priority:1] with ContainerStateMachine:uninitialized
2021-09-14 06:06:31,113 [pool-55-thread-1] INFO  server.RaftServerConfigKeys (ConfUtils.java:logGet(44)) - raft.server.rpc.timeout.min = 5s (custom)
2021-09-14 06:06:31,113 [pool-55-thread-1] INFO  server.RaftServerConfigKeys (ConfUtils.java:logGet(44)) - raft.server.rpc.timeout.max = 5200ms (custom)
2021-09-14 06:06:31,113 [pool-55-thread-1] INFO  server.RaftServerConfigKeys (ConfUtils.java:logGet(44)) - raft.server.rpc.sleep.time = 25ms (default)
2021-09-14 06:06:31,113 [pool-55-thread-1] INFO  server.RaftServerConfigKeys (ConfUtils.java:logGet(44)) - raft.server.rpc.slowness.timeout = 300s (custom)
2021-09-14 06:06:31,113 [pool-55-thread-1] INFO  server.RaftServerConfigKeys (ConfUtils.java:logGet(44)) - raft.server.leaderelection.leader.step-down.wait-time = 10s (default)
2021-09-14 06:06:31,113 [pool-55-thread-1] INFO  server.RaftServerConfigKeys (ConfUtils.java:logGet(44)) - raft.server.sleep.deviation.threshold = 300ms (default)
2021-09-14 06:06:31,113 [pool-55-thread-1] INFO  server.RaftServerConfigKeys (ConfUtils.java:logGet(44)) - raft.server.log.appender.install.snapshot.enabled = false (custom)
2021-09-14 06:06:31,113 [pool-55-thread-1] INFO  server.RaftServer$Division (ServerState.java:<init>(105)) - 587a1050-2cdd-4e2a-affe-051b452a7472@group-F191C23A7A47: ConfigurationManager, init=-1: [587a1050-2cdd-4e2a-affe-051b452a7472|rpc:10.1.0.22:42707|priority:1], old=null, confs=<EMPTY_MAP>
2021-09-14 06:06:31,113 [pool-55-thread-1] INFO  server.RaftServerConfigKeys (ConfUtils.java:logGet(44)) - raft.server.storage.dir = [/home/runner/work/ozone/ozone/hadoop-ozone/integration-test/target/test-dir/MiniOzoneClusterImpl-90c4e534-bc13-49cf-ad4e-23f32b71864f/datanode-0/data/ratis] (custom)
2021-09-14 06:06:31,113 [pool-55-thread-1] INFO  server.RaftServerConfigKeys (ConfUtils.java:logGet(44)) - raft.server.log.corruption.policy = EXCEPTION (default)
2021-09-14 06:06:31,114 [pool-55-thread-1] INFO  server.RaftServerConfigKeys (ConfUtils.java:logGet(44)) - raft.server.storage.free-space.min = 0MB (=0) (default)
2021-09-14 06:06:31,114 [pool-55-thread-1] INFO  storage.RaftStorageDirectory (RaftStorageDirectoryImpl.java:analyzeStorage(135)) - The storage directory /home/runner/work/ozone/ozone/hadoop-ozone/integration-test/target/test-dir/MiniOzoneClusterImpl-90c4e534-bc13-49cf-ad4e-23f32b71864f/datanode-0/data/ratis/bf695640-e7dc-48dc-b86b-f191c23a7a47 does not exist. Creating ...
2021-09-14 06:06:31,115 [pool-55-thread-1] INFO  storage.RaftStorageDirectory (RaftStorageDirectoryImpl.java:tryLock(230)) - Lock on /home/runner/work/ozone/ozone/hadoop-ozone/integration-test/target/test-dir/MiniOzoneClusterImpl-90c4e534-bc13-49cf-ad4e-23f32b71864f/datanode-0/data/ratis/bf695640-e7dc-48dc-b86b-f191c23a7a47/in_use.lock acquired by nodename 18765@fv-az195-153
2021-09-14 06:06:31,116 [pool-55-thread-1] INFO  storage.RaftStorage (RaftStorageImpl.java:format(89)) - Storage directory /home/runner/work/ozone/ozone/hadoop-ozone/integration-test/target/test-dir/MiniOzoneClusterImpl-90c4e534-bc13-49cf-ad4e-23f32b71864f/datanode-0/data/ratis/bf695640-e7dc-48dc-b86b-f191c23a7a47 has been successfully formatted.
2021-09-14 06:06:31,120 [pool-55-thread-1] INFO  ratis.ContainerStateMachine (ContainerStateMachine.java:loadSnapshot(224)) - group-F191C23A7A47: The snapshot info is null. Setting the last applied indexto:(t:0, i:~)
2021-09-14 06:06:31,120 [pool-55-thread-1] INFO  server.RaftServerConfigKeys (ConfUtils.java:logGet(44)) - raft.server.notification.no-leader.timeout = 300s (custom)
2021-09-14 06:06:31,120 [Datanode State Machine Thread - 0] WARN  statemachine.StateContext (StateContext.java:execute(621)) - No available thread in pool for past 1 seconds.
2021-09-14 06:06:31,120 [pool-55-thread-1] INFO  server.RaftServerConfigKeys (ConfUtils.java:logGet(44)) - raft.server.log.use.memory = false (default)
2021-09-14 06:06:31,121 [pool-55-thread-1] INFO  server.RaftServerConfigKeys (ConfUtils.java:logGet(44)) - raft.server.log.purge.gap = 1000000 (custom)
2021-09-14 06:06:31,121 [pool-55-thread-1] INFO  server.RaftServerConfigKeys (ConfUtils.java:logGet(44)) - raft.server.log.appender.buffer.byte-limit = 33554432 (custom)
2021-09-14 06:06:31,121 [pool-55-thread-1] INFO  server.RaftServerConfigKeys (ConfUtils.java:logGet(44)) - raft.server.log.segment.size.max = 1048576 (custom)
2021-09-14 06:06:31,122 [pool-55-thread-1] INFO  server.RaftServerConfigKeys (ConfUtils.java:logGet(44)) - raft.server.log.segment.cache.num.max = 2 (custom)
2021-09-14 06:06:31,122 [pool-55-thread-1] INFO  server.RaftServerConfigKeys (ConfUtils.java:logGet(44)) - raft.server.log.segment.cache.size.max = 200MB (=209715200) (default)
2021-09-14 06:06:31,122 [pool-55-thread-1] INFO  segmented.SegmentedRaftLogWorker (SegmentedRaftLogWorker.java:<init>(182)) - new 587a1050-2cdd-4e2a-affe-051b452a7472@group-F191C23A7A47-SegmentedRaftLogWorker for RaftStorageImpl:Storage Directory /home/runner/work/ozone/ozone/hadoop-ozone/integration-test/target/test-dir/MiniOzoneClusterImpl-90c4e534-bc13-49cf-ad4e-23f32b71864f/datanode-0/data/ratis/bf695640-e7dc-48dc-b86b-f191c23a7a47
2021-09-14 06:06:31,122 [pool-55-thread-1] INFO  server.RaftServerConfigKeys (ConfUtils.java:logGet(44)) - raft.server.log.queue.byte-limit = 2147483647 (custom)
2021-09-14 06:06:31,122 [pool-55-thread-1] INFO  server.RaftServerConfigKeys (ConfUtils.java:logGet(44)) - raft.server.log.queue.element-limit = 1024 (custom)
2021-09-14 06:06:31,122 [pool-55-thread-1] INFO  server.RaftServerConfigKeys (ConfUtils.java:logGet(44)) - raft.server.log.segment.size.max = 1048576 (custom)
2021-09-14 06:06:31,122 [pool-55-thread-1] INFO  server.RaftServerConfigKeys (ConfUtils.java:logGet(44)) - raft.server.log.preallocated.size = 16384 (custom)
2021-09-14 06:06:31,122 [pool-55-thread-1] INFO  server.RaftServerConfigKeys (ConfUtils.java:logGet(44)) - raft.server.log.force.sync.num = 128 (default)
2021-09-14 06:06:31,122 [pool-55-thread-1] INFO  server.RaftServerConfigKeys (ConfUtils.java:logGet(44)) - raft.server.log.statemachine.data.sync = true (default)
2021-09-14 06:06:31,122 [pool-55-thread-1] INFO  server.RaftServerConfigKeys (ConfUtils.java:logGet(44)) - raft.server.log.statemachine.data.sync.timeout = 10s (default)
2021-09-14 06:06:31,122 [pool-55-thread-1] INFO  server.RaftServerConfigKeys (ConfUtils.java:logGet(44)) - raft.server.log.statemachine.data.sync.timeout.retry = -1 (default)
2021-09-14 06:06:31,124 [pool-55-thread-1] INFO  server.RaftServerConfigKeys (ConfUtils.java:logGet(44)) - raft.server.log.write.buffer.size = 1048576 (custom)
2021-09-14 06:06:31,125 [pool-55-thread-1] INFO  server.RaftServerConfigKeys (ConfUtils.java:logGet(44)) - raft.server.log.statemachine.data.caching.enabled = true (custom)
2021-09-14 06:06:31,125 [pool-55-thread-1] INFO  segmented.SegmentedRaftLogWorker (SegmentedRaftLogWorker.java:lambda$new$0(133)) - 587a1050-2cdd-4e2a-affe-051b452a7472@group-F191C23A7A47-SegmentedRaftLogWorker: flushIndex: setUnconditionally 0 -> -1
2021-09-14 06:06:31,125 [pool-55-thread-1] INFO  segmented.SegmentedRaftLogWorker (SegmentedRaftLogWorker.java:lambda$new$0(133)) - 587a1050-2cdd-4e2a-affe-051b452a7472@group-F191C23A7A47-SegmentedRaftLogWorker: safeCacheEvictIndex: setUnconditionally 0 -> -1
2021-09-14 06:06:31,125 [pool-55-thread-1] INFO  server.RaftServerConfigKeys (ConfUtils.java:logGet(44)) - raft.server.snapshot.auto.trigger.enabled = true (custom)
2021-09-14 06:06:31,125 [pool-55-thread-1] INFO  server.RaftServerConfigKeys (ConfUtils.java:logGet(44)) - raft.server.snapshot.auto.trigger.threshold = 10000 (custom)
2021-09-14 06:06:31,125 [pool-55-thread-1] INFO  server.RaftServerConfigKeys (ConfUtils.java:logGet(44)) - raft.server.snapshot.retention.file.num = 5 (custom)
2021-09-14 06:06:31,125 [pool-55-thread-1] INFO  server.RaftServerConfigKeys (ConfUtils.java:logGet(44)) - raft.server.log.purge.upto.snapshot.index = false (default)
2021-09-14 06:06:31,125 [pool-55-thread-1] INFO  server.RaftServerConfigKeys (ConfUtils.java:logGet(44)) - raft.server.retrycache.expirytime = 600000ms (custom)
2021-09-14 06:06:31,126 [pool-55-thread-1] INFO  server.RaftServerConfigKeys (ConfUtils.java:logGet(44)) - raft.server.retrycache.statistics.expirytime = 100μs (default)
2021-09-14 06:06:31,127 [pool-55-thread-1] INFO  server.RaftServer$Division (RaftServerImpl.java:start(296)) - 587a1050-2cdd-4e2a-affe-051b452a7472@group-F191C23A7A47: start as a follower, conf=-1: [587a1050-2cdd-4e2a-affe-051b452a7472|rpc:10.1.0.22:42707|priority:1], old=null
2021-09-14 06:06:31,128 [pool-55-thread-1] INFO  server.RaftServer$Division (RaftServerImpl.java:setRole(285)) - 587a1050-2cdd-4e2a-affe-051b452a7472@group-F191C23A7A47: changes role from      null to FOLLOWER at term 0 for startAsFollower
2021-09-14 06:06:31,128 [pool-55-thread-1] INFO  impl.RoleInfo (RoleInfo.java:updateAndGet(130)) - 587a1050-2cdd-4e2a-affe-051b452a7472: start 587a1050-2cdd-4e2a-affe-051b452a7472@group-F191C23A7A47-FollowerState
2021-09-14 06:06:31,132 [pool-55-thread-1] INFO  util.JmxRegister (JmxRegister.java:tryRegister(44)) - Successfully registered JMX Bean with object name Ratis:service=RaftServer,group=group-F191C23A7A47,id=587a1050-2cdd-4e2a-affe-051b452a7472
2021-09-14 06:06:31,145 [Command processor thread] INFO  ratis.XceiverServerRatis (XceiverServerRatis.java:addGroup(762)) - Created group PipelineID=bf695640-e7dc-48dc-b86b-f191c23a7a47
2021-09-14 06:06:31,145 [Command processor thread] INFO  commandhandler.CreatePipelineCommandHandler (CreatePipelineCommandHandler.java:handle(106)) - Created Pipeline RATIS ONE PipelineID=bf695640-e7dc-48dc-b86b-f191c23a7a47.
2021-09-14 06:06:31,146 [Command processor thread] INFO  server.RaftServer (RaftServerProxy.java:addNew(95)) - 587a1050-2cdd-4e2a-affe-051b452a7472: addNew group-56C443BA814E:[587a1050-2cdd-4e2a-affe-051b452a7472|rpc:10.1.0.22:42707|priority:1, 7af46619-9f10-43e2-abd0-ffbc4fcfe41f|rpc:10.1.0.22:43809|priority:0, f5b04939-ef8e-46cc-a15f-0f827e775058|rpc:10.1.0.22:38289|priority:0] returns group-56C443BA814E:java.util.concurrent.CompletableFuture@7a330ed4[Not completed]
2021-09-14 06:06:31,147 [pool-55-thread-1] INFO  server.RaftServer$Division (RaftServerImpl.java:<init>(181)) - 587a1050-2cdd-4e2a-affe-051b452a7472: new RaftServerImpl for group-56C443BA814E:[587a1050-2cdd-4e2a-affe-051b452a7472|rpc:10.1.0.22:42707|priority:1, 7af46619-9f10-43e2-abd0-ffbc4fcfe41f|rpc:10.1.0.22:43809|priority:0, f5b04939-ef8e-46cc-a15f-0f827e775058|rpc:10.1.0.22:38289|priority:0] with ContainerStateMachine:uninitialized
2021-09-14 06:06:31,147 [pool-55-thread-1] INFO  server.RaftServerConfigKeys (ConfUtils.java:logGet(44)) - raft.server.rpc.timeout.min = 5s (custom)
2021-09-14 06:06:31,147 [pool-55-thread-1] INFO  server.RaftServerConfigKeys (ConfUtils.java:logGet(44)) - raft.server.rpc.timeout.max = 5200ms (custom)
2021-09-14 06:06:31,147 [pool-55-thread-1] INFO  server.RaftServerConfigKeys (ConfUtils.java:logGet(44)) - raft.server.rpc.sleep.time = 25ms (default)
2021-09-14 06:06:31,148 [pool-55-thread-1] INFO  server.RaftServerConfigKeys (ConfUtils.java:logGet(44)) - raft.server.rpc.slowness.timeout = 300s (custom)
2021-09-14 06:06:31,148 [pool-55-thread-1] INFO  server.RaftServerConfigKeys (ConfUtils.java:logGet(44)) - raft.server.leaderelection.leader.step-down.wait-time = 10s (default)
2021-09-14 06:06:31,148 [pool-55-thread-1] INFO  server.RaftServerConfigKeys (ConfUtils.java:logGet(44)) - raft.server.sleep.deviation.threshold = 300ms (default)
2021-09-14 06:06:31,148 [pool-55-thread-1] INFO  server.RaftServerConfigKeys (ConfUtils.java:logGet(44)) - raft.server.log.appender.install.snapshot.enabled = false (custom)
2021-09-14 06:06:31,148 [pool-55-thread-1] INFO  server.RaftServer$Division (ServerState.java:<init>(105)) - 587a1050-2cdd-4e2a-affe-051b452a7472@group-56C443BA814E: ConfigurationManager, init=-1: [587a1050-2cdd-4e2a-affe-051b452a7472|rpc:10.1.0.22:42707|priority:1, 7af46619-9f10-43e2-abd0-ffbc4fcfe41f|rpc:10.1.0.22:43809|priority:0, f5b04939-ef8e-46cc-a15f-0f827e775058|rpc:10.1.0.22:38289|priority:0], old=null, confs=<EMPTY_MAP>
2021-09-14 06:06:31,148 [pool-55-thread-1] INFO  server.RaftServerConfigKeys (ConfUtils.java:logGet(44)) - raft.server.storage.dir = [/home/runner/work/ozone/ozone/hadoop-ozone/integration-test/target/test-dir/MiniOzoneClusterImpl-90c4e534-bc13-49cf-ad4e-23f32b71864f/datanode-0/data/ratis] (custom)
2021-09-14 06:06:31,148 [EventQueue-PipelineReportForPipelineReportHandler] INFO  pipeline.PipelineManagerImpl (PipelineManagerImpl.java:openPipeline(282)) - Pipeline Pipeline[ Id: bf695640-e7dc-48dc-b86b-f191c23a7a47, Nodes: 587a1050-2cdd-4e2a-affe-051b452a7472{ip: 10.1.0.22, host: fv-az195-153.u3nnjwd0vyge1bu22idnsdeq2e.cx.internal.cloudapp.net, ports: [REPLICATION=37057, RATIS=42707, RATIS_ADMIN=42707, RATIS_SERVER=42707, STANDALONE=35453], networkLocation: /default-rack, certSerialId: null, persistedOpState: IN_SERVICE, persistedOpStateExpiryEpochSec: 0}, ReplicationConfig: RATIS/ONE, State:ALLOCATED, leaderId:587a1050-2cdd-4e2a-affe-051b452a7472, CreationTimestamp2021-09-14T06:06:28.135Z[Etc/UTC]] moved to OPEN state
2021-09-14 06:06:31,148 [pool-55-thread-1] INFO  server.RaftServerConfigKeys (ConfUtils.java:logGet(44)) - raft.server.log.corruption.policy = EXCEPTION (default)
2021-09-14 06:06:31,148 [pool-55-thread-1] INFO  server.RaftServerConfigKeys (ConfUtils.java:logGet(44)) - raft.server.storage.free-space.min = 0MB (=0) (default)
2021-09-14 06:06:31,149 [pool-55-thread-1] INFO  storage.RaftStorageDirectory (RaftStorageDirectoryImpl.java:analyzeStorage(135)) - The storage directory /home/runner/work/ozone/ozone/hadoop-ozone/integration-test/target/test-dir/MiniOzoneClusterImpl-90c4e534-bc13-49cf-ad4e-23f32b71864f/datanode-0/data/ratis/2dd6ee76-a3c4-4a2d-b101-56c443ba814e does not exist. Creating ...
2021-09-14 06:06:31,150 [EventQueue-OpenPipelineForHealthyPipelineSafeModeRule] INFO  safemode.SCMSafeModeManager (HealthyPipelineSafeModeRule.java:process(124)) - SCM in safe mode. Healthy pipelines reported count is 0, required healthy pipeline reported count is 1
2021-09-14 06:06:31,151 [pool-55-thread-1] INFO  storage.RaftStorageDirectory (RaftStorageDirectoryImpl.java:tryLock(230)) - Lock on /home/runner/work/ozone/ozone/hadoop-ozone/integration-test/target/test-dir/MiniOzoneClusterImpl-90c4e534-bc13-49cf-ad4e-23f32b71864f/datanode-0/data/ratis/2dd6ee76-a3c4-4a2d-b101-56c443ba814e/in_use.lock acquired by nodename 18765@fv-az195-153
2021-09-14 06:06:31,156 [pool-55-thread-1] INFO  storage.RaftStorage (RaftStorageImpl.java:format(89)) - Storage directory /home/runner/work/ozone/ozone/hadoop-ozone/integration-test/target/test-dir/MiniOzoneClusterImpl-90c4e534-bc13-49cf-ad4e-23f32b71864f/datanode-0/data/ratis/2dd6ee76-a3c4-4a2d-b101-56c443ba814e has been successfully formatted.
2021-09-14 06:06:31,157 [pool-55-thread-1] INFO  ratis.ContainerStateMachine (ContainerStateMachine.java:loadSnapshot(224)) - group-56C443BA814E: The snapshot info is null. Setting the last applied indexto:(t:0, i:~)
2021-09-14 06:06:31,157 [pool-55-thread-1] INFO  server.RaftServerConfigKeys (ConfUtils.java:logGet(44)) - raft.server.notification.no-leader.timeout = 300s (custom)
2021-09-14 06:06:31,157 [Datanode State Machine Thread - 0] WARN  statemachine.StateContext (StateContext.java:execute(621)) - No available thread in pool for past 1 seconds.
2021-09-14 06:06:31,157 [pool-55-thread-1] INFO  server.RaftServerConfigKeys (ConfUtils.java:logGet(44)) - raft.server.log.use.memory = false (default)
2021-09-14 06:06:31,157 [pool-55-thread-1] INFO  server.RaftServerConfigKeys (ConfUtils.java:logGet(44)) - raft.server.log.purge.gap = 1000000 (custom)
2021-09-14 06:06:31,157 [pool-55-thread-1] INFO  server.RaftServerConfigKeys (ConfUtils.java:logGet(44)) - raft.server.log.appender.buffer.byte-limit = 33554432 (custom)
2021-09-14 06:06:31,158 [pool-55-thread-1] INFO  server.RaftServerConfigKeys (ConfUtils.java:logGet(44)) - raft.server.log.segment.size.max = 1048576 (custom)
2021-09-14 06:06:31,159 [EventQueue-OpenPipelineForHealthyPipelineSafeModeRule] INFO  safemode.SCMSafeModeManager (HealthyPipelineSafeModeRule.java:process(124)) - SCM in safe mode. Healthy pipelines reported count is 0, required healthy pipeline reported count is 1
2021-09-14 06:06:31,160 [pool-55-thread-1] INFO  server.RaftServerConfigKeys (ConfUtils.java:logGet(44)) - raft.server.log.segment.cache.num.max = 2 (custom)
2021-09-14 06:06:31,160 [pool-55-thread-1] INFO  server.RaftServerConfigKeys (ConfUtils.java:logGet(44)) - raft.server.log.segment.cache.size.max = 200MB (=209715200) (default)
2021-09-14 06:06:31,160 [pool-55-thread-1] INFO  segmented.SegmentedRaftLogWorker (SegmentedRaftLogWorker.java:<init>(182)) - new 587a1050-2cdd-4e2a-affe-051b452a7472@group-56C443BA814E-SegmentedRaftLogWorker for RaftStorageImpl:Storage Directory /home/runner/work/ozone/ozone/hadoop-ozone/integration-test/target/test-dir/MiniOzoneClusterImpl-90c4e534-bc13-49cf-ad4e-23f32b71864f/datanode-0/data/ratis/2dd6ee76-a3c4-4a2d-b101-56c443ba814e
2021-09-14 06:06:31,160 [pool-55-thread-1] INFO  server.RaftServerConfigKeys (ConfUtils.java:logGet(44)) - raft.server.log.queue.byte-limit = 2147483647 (custom)
2021-09-14 06:06:31,160 [pool-55-thread-1] INFO  server.RaftServerConfigKeys (ConfUtils.java:logGet(44)) - raft.server.log.queue.element-limit = 1024 (custom)
2021-09-14 06:06:31,160 [pool-55-thread-1] INFO  server.RaftServerConfigKeys (ConfUtils.java:logGet(44)) - raft.server.log.segment.size.max = 1048576 (custom)
2021-09-14 06:06:31,160 [pool-55-thread-1] INFO  server.RaftServerConfigKeys (ConfUtils.java:logGet(44)) - raft.server.log.preallocated.size = 16384 (custom)
2021-09-14 06:06:31,160 [pool-55-thread-1] INFO  server.RaftServerConfigKeys (ConfUtils.java:logGet(44)) - raft.server.log.force.sync.num = 128 (default)
2021-09-14 06:06:31,160 [pool-55-thread-1] INFO  server.RaftServerConfigKeys (ConfUtils.java:logGet(44)) - raft.server.log.statemachine.data.sync = true (default)
2021-09-14 06:06:31,160 [pool-55-thread-1] INFO  server.RaftServerConfigKeys (ConfUtils.java:logGet(44)) - raft.server.log.statemachine.data.sync.timeout = 10s (default)
2021-09-14 06:06:31,161 [pool-55-thread-1] INFO  server.RaftServerConfigKeys (ConfUtils.java:logGet(44)) - raft.server.log.statemachine.data.sync.timeout.retry = -1 (default)
2021-09-14 06:06:31,163 [pool-55-thread-1] INFO  server.RaftServerConfigKeys (ConfUtils.java:logGet(44)) - raft.server.log.write.buffer.size = 1048576 (custom)
2021-09-14 06:06:31,164 [pool-55-thread-1] INFO  server.RaftServerConfigKeys (ConfUtils.java:logGet(44)) - raft.server.log.statemachine.data.caching.enabled = true (custom)
2021-09-14 06:06:31,165 [pool-55-thread-1] INFO  segmented.SegmentedRaftLogWorker (SegmentedRaftLogWorker.java:lambda$new$0(133)) - 587a1050-2cdd-4e2a-affe-051b452a7472@group-56C443BA814E-SegmentedRaftLogWorker: flushIndex: setUnconditionally 0 -> -1
2021-09-14 06:06:31,165 [pool-55-thread-1] INFO  segmented.SegmentedRaftLogWorker (SegmentedRaftLogWorker.java:lambda$new$0(133)) - 587a1050-2cdd-4e2a-affe-051b452a7472@group-56C443BA814E-SegmentedRaftLogWorker: safeCacheEvictIndex: setUnconditionally 0 -> -1
2021-09-14 06:06:31,166 [pool-55-thread-1] INFO  server.RaftServerConfigKeys (ConfUtils.java:logGet(44)) - raft.server.snapshot.auto.trigger.enabled = true (custom)
2021-09-14 06:06:31,167 [pool-55-thread-1] INFO  server.RaftServerConfigKeys (ConfUtils.java:logGet(44)) - raft.server.snapshot.auto.trigger.threshold = 10000 (custom)
2021-09-14 06:06:31,167 [pool-55-thread-1] INFO  server.RaftServerConfigKeys (ConfUtils.java:logGet(44)) - raft.server.snapshot.retention.file.num = 5 (custom)
2021-09-14 06:06:31,167 [pool-55-thread-1] INFO  server.RaftServerConfigKeys (ConfUtils.java:logGet(44)) - raft.server.log.purge.upto.snapshot.index = false (default)
2021-09-14 06:06:31,167 [pool-55-thread-1] INFO  server.RaftServerConfigKeys (ConfUtils.java:logGet(44)) - raft.server.retrycache.expirytime = 600000ms (custom)
2021-09-14 06:06:31,167 [pool-55-thread-1] INFO  server.RaftServerConfigKeys (ConfUtils.java:logGet(44)) - raft.server.retrycache.statistics.expirytime = 100μs (default)
2021-09-14 06:06:31,169 [pool-55-thread-1] INFO  server.RaftServer$Division (RaftServerImpl.java:start(296)) - 587a1050-2cdd-4e2a-affe-051b452a7472@group-56C443BA814E: start as a follower, conf=-1: [587a1050-2cdd-4e2a-affe-051b452a7472|rpc:10.1.0.22:42707|priority:1, 7af46619-9f10-43e2-abd0-ffbc4fcfe41f|rpc:10.1.0.22:43809|priority:0, f5b04939-ef8e-46cc-a15f-0f827e775058|rpc:10.1.0.22:38289|priority:0], old=null
2021-09-14 06:06:31,169 [pool-55-thread-1] INFO  server.RaftServer$Division (RaftServerImpl.java:setRole(285)) - 587a1050-2cdd-4e2a-affe-051b452a7472@group-56C443BA814E: changes role from      null to FOLLOWER at term 0 for startAsFollower
2021-09-14 06:06:31,169 [pool-55-thread-1] INFO  impl.RoleInfo (RoleInfo.java:updateAndGet(130)) - 587a1050-2cdd-4e2a-affe-051b452a7472: start 587a1050-2cdd-4e2a-affe-051b452a7472@group-56C443BA814E-FollowerState
2021-09-14 06:06:31,173 [pool-55-thread-1] INFO  util.JmxRegister (JmxRegister.java:tryRegister(44)) - Successfully registered JMX Bean with object name Ratis:service=RaftServer,group=group-56C443BA814E,id=587a1050-2cdd-4e2a-affe-051b452a7472
2021-09-14 06:06:31,176 [Command processor thread] INFO  ratis.XceiverServerRatis (XceiverServerRatis.java:addGroup(762)) - Created group PipelineID=2dd6ee76-a3c4-4a2d-b101-56c443ba814e
2021-09-14 06:06:31,456 [Command processor thread] INFO  server.RaftServer (RaftServerProxy.java:addNew(95)) - 7af46619-9f10-43e2-abd0-ffbc4fcfe41f: addNew group-2B1B2B6337FD:[7af46619-9f10-43e2-abd0-ffbc4fcfe41f|rpc:10.1.0.22:43809|priority:1] returns group-2B1B2B6337FD:java.util.concurrent.CompletableFuture@328d7d6f[Not completed]
2021-09-14 06:06:31,469 [pool-74-thread-1] INFO  server.RaftServer$Division (RaftServerImpl.java:<init>(181)) - 7af46619-9f10-43e2-abd0-ffbc4fcfe41f: new RaftServerImpl for group-2B1B2B6337FD:[7af46619-9f10-43e2-abd0-ffbc4fcfe41f|rpc:10.1.0.22:43809|priority:1] with ContainerStateMachine:uninitialized
2021-09-14 06:06:31,470 [pool-74-thread-1] INFO  server.RaftServerConfigKeys (ConfUtils.java:logGet(44)) - raft.server.rpc.timeout.min = 5s (custom)
2021-09-14 06:06:31,471 [pool-74-thread-1] INFO  server.RaftServerConfigKeys (ConfUtils.java:logGet(44)) - raft.server.rpc.timeout.max = 5200ms (custom)
2021-09-14 06:06:31,471 [pool-74-thread-1] INFO  server.RaftServerConfigKeys (ConfUtils.java:logGet(44)) - raft.server.rpc.sleep.time = 25ms (default)
2021-09-14 06:06:31,471 [pool-74-thread-1] INFO  server.RaftServerConfigKeys (ConfUtils.java:logGet(44)) - raft.server.rpc.slowness.timeout = 300s (custom)
2021-09-14 06:06:31,471 [pool-74-thread-1] INFO  server.RaftServerConfigKeys (ConfUtils.java:logGet(44)) - raft.server.leaderelection.leader.step-down.wait-time = 10s (default)
2021-09-14 06:06:31,471 [pool-74-thread-1] INFO  server.RaftServerConfigKeys (ConfUtils.java:logGet(44)) - raft.server.sleep.deviation.threshold = 300ms (default)
2021-09-14 06:06:31,471 [pool-74-thread-1] INFO  server.RaftServerConfigKeys (ConfUtils.java:logGet(44)) - raft.server.log.appender.install.snapshot.enabled = false (custom)
2021-09-14 06:06:31,471 [pool-74-thread-1] INFO  server.RaftServer$Division (ServerState.java:<init>(105)) - 7af46619-9f10-43e2-abd0-ffbc4fcfe41f@group-2B1B2B6337FD: ConfigurationManager, init=-1: [7af46619-9f10-43e2-abd0-ffbc4fcfe41f|rpc:10.1.0.22:43809|priority:1], old=null, confs=<EMPTY_MAP>
2021-09-14 06:06:31,471 [pool-74-thread-1] INFO  server.RaftServerConfigKeys (ConfUtils.java:logGet(44)) - raft.server.storage.dir = [/home/runner/work/ozone/ozone/hadoop-ozone/integration-test/target/test-dir/MiniOzoneClusterImpl-90c4e534-bc13-49cf-ad4e-23f32b71864f/datanode-1/data/ratis] (custom)
2021-09-14 06:06:31,471 [pool-74-thread-1] INFO  server.RaftServerConfigKeys (ConfUtils.java:logGet(44)) - raft.server.log.corruption.policy = EXCEPTION (default)
2021-09-14 06:06:31,480 [pool-74-thread-1] INFO  server.RaftServerConfigKeys (ConfUtils.java:logGet(44)) - raft.server.storage.free-space.min = 0MB (=0) (default)
2021-09-14 06:06:31,480 [pool-74-thread-1] INFO  storage.RaftStorageDirectory (RaftStorageDirectoryImpl.java:analyzeStorage(135)) - The storage directory /home/runner/work/ozone/ozone/hadoop-ozone/integration-test/target/test-dir/MiniOzoneClusterImpl-90c4e534-bc13-49cf-ad4e-23f32b71864f/datanode-1/data/ratis/919687d4-e39f-48c1-b8d8-2b1b2b6337fd does not exist. Creating ...
2021-09-14 06:06:31,481 [pool-74-thread-1] INFO  storage.RaftStorageDirectory (RaftStorageDirectoryImpl.java:tryLock(230)) - Lock on /home/runner/work/ozone/ozone/hadoop-ozone/integration-test/target/test-dir/MiniOzoneClusterImpl-90c4e534-bc13-49cf-ad4e-23f32b71864f/datanode-1/data/ratis/919687d4-e39f-48c1-b8d8-2b1b2b6337fd/in_use.lock acquired by nodename 18765@fv-az195-153
2021-09-14 06:06:31,482 [pool-74-thread-1] INFO  storage.RaftStorage (RaftStorageImpl.java:format(89)) - Storage directory /home/runner/work/ozone/ozone/hadoop-ozone/integration-test/target/test-dir/MiniOzoneClusterImpl-90c4e534-bc13-49cf-ad4e-23f32b71864f/datanode-1/data/ratis/919687d4-e39f-48c1-b8d8-2b1b2b6337fd has been successfully formatted.
2021-09-14 06:06:31,483 [pool-74-thread-1] INFO  ratis.ContainerStateMachine (ContainerStateMachine.java:loadSnapshot(224)) - group-2B1B2B6337FD: The snapshot info is null. Setting the last applied indexto:(t:0, i:~)
2021-09-14 06:06:31,483 [pool-74-thread-1] INFO  server.RaftServerConfigKeys (ConfUtils.java:logGet(44)) - raft.server.notification.no-leader.timeout = 300s (custom)
2021-09-14 06:06:31,483 [pool-74-thread-1] INFO  server.RaftServerConfigKeys (ConfUtils.java:logGet(44)) - raft.server.log.use.memory = false (default)
2021-09-14 06:06:31,483 [pool-74-thread-1] INFO  server.RaftServerConfigKeys (ConfUtils.java:logGet(44)) - raft.server.log.purge.gap = 1000000 (custom)
2021-09-14 06:06:31,483 [pool-74-thread-1] INFO  server.RaftServerConfigKeys (ConfUtils.java:logGet(44)) - raft.server.log.appender.buffer.byte-limit = 33554432 (custom)
2021-09-14 06:06:31,484 [pool-74-thread-1] INFO  server.RaftServerConfigKeys (ConfUtils.java:logGet(44)) - raft.server.log.segment.size.max = 1048576 (custom)
2021-09-14 06:06:31,484 [pool-74-thread-1] INFO  server.RaftServerConfigKeys (ConfUtils.java:logGet(44)) - raft.server.log.segment.cache.num.max = 2 (custom)
2021-09-14 06:06:31,484 [pool-74-thread-1] INFO  server.RaftServerConfigKeys (ConfUtils.java:logGet(44)) - raft.server.log.segment.cache.size.max = 200MB (=209715200) (default)
2021-09-14 06:06:31,484 [pool-74-thread-1] INFO  segmented.SegmentedRaftLogWorker (SegmentedRaftLogWorker.java:<init>(182)) - new 7af46619-9f10-43e2-abd0-ffbc4fcfe41f@group-2B1B2B6337FD-SegmentedRaftLogWorker for RaftStorageImpl:Storage Directory /home/runner/work/ozone/ozone/hadoop-ozone/integration-test/target/test-dir/MiniOzoneClusterImpl-90c4e534-bc13-49cf-ad4e-23f32b71864f/datanode-1/data/ratis/919687d4-e39f-48c1-b8d8-2b1b2b6337fd
2021-09-14 06:06:31,484 [pool-74-thread-1] INFO  server.RaftServerConfigKeys (ConfUtils.java:logGet(44)) - raft.server.log.queue.byte-limit = 2147483647 (custom)
2021-09-14 06:06:31,484 [pool-74-thread-1] INFO  server.RaftServerConfigKeys (ConfUtils.java:logGet(44)) - raft.server.log.queue.element-limit = 1024 (custom)
2021-09-14 06:06:31,484 [pool-74-thread-1] INFO  server.RaftServerConfigKeys (ConfUtils.java:logGet(44)) - raft.server.log.segment.size.max = 1048576 (custom)
2021-09-14 06:06:31,484 [pool-74-thread-1] INFO  server.RaftServerConfigKeys (ConfUtils.java:logGet(44)) - raft.server.log.preallocated.size = 16384 (custom)
2021-09-14 06:06:31,484 [pool-74-thread-1] INFO  server.RaftServerConfigKeys (ConfUtils.java:logGet(44)) - raft.server.log.force.sync.num = 128 (default)
2021-09-14 06:06:31,484 [pool-74-thread-1] INFO  server.RaftServerConfigKeys (ConfUtils.java:logGet(44)) - raft.server.log.statemachine.data.sync = true (default)
2021-09-14 06:06:31,485 [pool-74-thread-1] INFO  server.RaftServerConfigKeys (ConfUtils.java:logGet(44)) - raft.server.log.statemachine.data.sync.timeout = 10s (default)
2021-09-14 06:06:31,485 [pool-74-thread-1] INFO  server.RaftServerConfigKeys (ConfUtils.java:logGet(44)) - raft.server.log.statemachine.data.sync.timeout.retry = -1 (default)
2021-09-14 06:06:31,486 [pool-74-thread-1] INFO  server.RaftServerConfigKeys (ConfUtils.java:logGet(44)) - raft.server.log.write.buffer.size = 1048576 (custom)
2021-09-14 06:06:31,486 [pool-74-thread-1] INFO  server.RaftServerConfigKeys (ConfUtils.java:logGet(44)) - raft.server.log.statemachine.data.caching.enabled = true (custom)
2021-09-14 06:06:31,486 [pool-74-thread-1] INFO  segmented.SegmentedRaftLogWorker (SegmentedRaftLogWorker.java:lambda$new$0(133)) - 7af46619-9f10-43e2-abd0-ffbc4fcfe41f@group-2B1B2B6337FD-SegmentedRaftLogWorker: flushIndex: setUnconditionally 0 -> -1
2021-09-14 06:06:31,487 [pool-74-thread-1] INFO  segmented.SegmentedRaftLogWorker (SegmentedRaftLogWorker.java:lambda$new$0(133)) - 7af46619-9f10-43e2-abd0-ffbc4fcfe41f@group-2B1B2B6337FD-SegmentedRaftLogWorker: safeCacheEvictIndex: setUnconditionally 0 -> -1
2021-09-14 06:06:31,488 [pool-74-thread-1] INFO  server.RaftServerConfigKeys (ConfUtils.java:logGet(44)) - raft.server.snapshot.auto.trigger.enabled = true (custom)
2021-09-14 06:06:31,488 [pool-74-thread-1] INFO  server.RaftServerConfigKeys (ConfUtils.java:logGet(44)) - raft.server.snapshot.auto.trigger.threshold = 10000 (custom)
2021-09-14 06:06:31,488 [pool-74-thread-1] INFO  server.RaftServerConfigKeys (ConfUtils.java:logGet(44)) - raft.server.snapshot.retention.file.num = 5 (custom)
2021-09-14 06:06:31,488 [pool-74-thread-1] INFO  server.RaftServerConfigKeys (ConfUtils.java:logGet(44)) - raft.server.log.purge.upto.snapshot.index = false (default)
2021-09-14 06:06:31,488 [pool-74-thread-1] INFO  server.RaftServerConfigKeys (ConfUtils.java:logGet(44)) - raft.server.retrycache.expirytime = 600000ms (custom)
2021-09-14 06:06:31,488 [pool-74-thread-1] INFO  server.RaftServerConfigKeys (ConfUtils.java:logGet(44)) - raft.server.retrycache.statistics.expirytime = 100μs (default)
2021-09-14 06:06:31,491 [pool-74-thread-1] INFO  server.RaftServer$Division (RaftServerImpl.java:start(296)) - 7af46619-9f10-43e2-abd0-ffbc4fcfe41f@group-2B1B2B6337FD: start as a follower, conf=-1: [7af46619-9f10-43e2-abd0-ffbc4fcfe41f|rpc:10.1.0.22:43809|priority:1], old=null
2021-09-14 06:06:31,491 [pool-74-thread-1] INFO  server.RaftServer$Division (RaftServerImpl.java:setRole(285)) - 7af46619-9f10-43e2-abd0-ffbc4fcfe41f@group-2B1B2B6337FD: changes role from      null to FOLLOWER at term 0 for startAsFollower
2021-09-14 06:06:31,491 [pool-74-thread-1] INFO  impl.RoleInfo (RoleInfo.java:updateAndGet(130)) - 7af46619-9f10-43e2-abd0-ffbc4fcfe41f: start 7af46619-9f10-43e2-abd0-ffbc4fcfe41f@group-2B1B2B6337FD-FollowerState
2021-09-14 06:06:31,496 [pool-74-thread-1] INFO  util.JmxRegister (JmxRegister.java:tryRegister(44)) - Successfully registered JMX Bean with object name Ratis:service=RaftServer,group=group-2B1B2B6337FD,id=7af46619-9f10-43e2-abd0-ffbc4fcfe41f
2021-09-14 06:06:31,516 [Command processor thread] INFO  ratis.XceiverServerRatis (XceiverServerRatis.java:addGroup(762)) - Created group PipelineID=919687d4-e39f-48c1-b8d8-2b1b2b6337fd
2021-09-14 06:06:31,516 [Command processor thread] INFO  commandhandler.CreatePipelineCommandHandler (CreatePipelineCommandHandler.java:handle(106)) - Created Pipeline RATIS ONE PipelineID=919687d4-e39f-48c1-b8d8-2b1b2b6337fd.
2021-09-14 06:06:31,483 [Datanode State Machine Thread - 0] WARN  statemachine.StateContext (StateContext.java:execute(621)) - No available thread in pool for past 1 seconds.
2021-09-14 06:06:31,516 [Command processor thread] INFO  server.RaftServer (RaftServerProxy.java:addNew(95)) - 7af46619-9f10-43e2-abd0-ffbc4fcfe41f: addNew group-56C443BA814E:[587a1050-2cdd-4e2a-affe-051b452a7472|rpc:10.1.0.22:42707|priority:1, 7af46619-9f10-43e2-abd0-ffbc4fcfe41f|rpc:10.1.0.22:43809|priority:0, f5b04939-ef8e-46cc-a15f-0f827e775058|rpc:10.1.0.22:38289|priority:0] returns group-56C443BA814E:java.util.concurrent.CompletableFuture@36b2ffe6[Not completed]
2021-09-14 06:06:31,517 [EventQueue-PipelineReportForPipelineReportHandler] INFO  pipeline.PipelineManagerImpl (PipelineManagerImpl.java:openPipeline(282)) - Pipeline Pipeline[ Id: 919687d4-e39f-48c1-b8d8-2b1b2b6337fd, Nodes: 7af46619-9f10-43e2-abd0-ffbc4fcfe41f{ip: 10.1.0.22, host: fv-az195-153.u3nnjwd0vyge1bu22idnsdeq2e.cx.internal.cloudapp.net, ports: [REPLICATION=39621, RATIS=43809, RATIS_ADMIN=43809, RATIS_SERVER=43809, STANDALONE=33541], networkLocation: /default-rack, certSerialId: null, persistedOpState: IN_SERVICE, persistedOpStateExpiryEpochSec: 0}, ReplicationConfig: RATIS/ONE, State:ALLOCATED, leaderId:7af46619-9f10-43e2-abd0-ffbc4fcfe41f, CreationTimestamp2021-09-14T06:06:28.460Z[Etc/UTC]] moved to OPEN state
2021-09-14 06:06:31,517 [pool-74-thread-1] INFO  server.RaftServer$Division (RaftServerImpl.java:<init>(181)) - 7af46619-9f10-43e2-abd0-ffbc4fcfe41f: new RaftServerImpl for group-56C443BA814E:[587a1050-2cdd-4e2a-affe-051b452a7472|rpc:10.1.0.22:42707|priority:1, 7af46619-9f10-43e2-abd0-ffbc4fcfe41f|rpc:10.1.0.22:43809|priority:0, f5b04939-ef8e-46cc-a15f-0f827e775058|rpc:10.1.0.22:38289|priority:0] with ContainerStateMachine:uninitialized
2021-09-14 06:06:31,518 [pool-74-thread-1] INFO  server.RaftServerConfigKeys (ConfUtils.java:logGet(44)) - raft.server.rpc.timeout.min = 5s (custom)
2021-09-14 06:06:31,518 [pool-74-thread-1] INFO  server.RaftServerConfigKeys (ConfUtils.java:logGet(44)) - raft.server.rpc.timeout.max = 5200ms (custom)
2021-09-14 06:06:31,518 [pool-74-thread-1] INFO  server.RaftServerConfigKeys (ConfUtils.java:logGet(44)) - raft.server.rpc.sleep.time = 25ms (default)
2021-09-14 06:06:31,518 [EventQueue-OpenPipelineForHealthyPipelineSafeModeRule] INFO  safemode.SCMSafeModeManager (HealthyPipelineSafeModeRule.java:process(124)) - SCM in safe mode. Healthy pipelines reported count is 0, required healthy pipeline reported count is 1
2021-09-14 06:06:31,518 [pool-74-thread-1] INFO  server.RaftServerConfigKeys (ConfUtils.java:logGet(44)) - raft.server.rpc.slowness.timeout = 300s (custom)
2021-09-14 06:06:31,522 [pool-74-thread-1] INFO  server.RaftServerConfigKeys (ConfUtils.java:logGet(44)) - raft.server.leaderelection.leader.step-down.wait-time = 10s (default)
2021-09-14 06:06:31,523 [pool-74-thread-1] INFO  server.RaftServerConfigKeys (ConfUtils.java:logGet(44)) - raft.server.sleep.deviation.threshold = 300ms (default)
2021-09-14 06:06:31,523 [pool-74-thread-1] INFO  server.RaftServerConfigKeys (ConfUtils.java:logGet(44)) - raft.server.log.appender.install.snapshot.enabled = false (custom)
2021-09-14 06:06:31,523 [pool-74-thread-1] INFO  server.RaftServer$Division (ServerState.java:<init>(105)) - 7af46619-9f10-43e2-abd0-ffbc4fcfe41f@group-56C443BA814E: ConfigurationManager, init=-1: [587a1050-2cdd-4e2a-affe-051b452a7472|rpc:10.1.0.22:42707|priority:1, 7af46619-9f10-43e2-abd0-ffbc4fcfe41f|rpc:10.1.0.22:43809|priority:0, f5b04939-ef8e-46cc-a15f-0f827e775058|rpc:10.1.0.22:38289|priority:0], old=null, confs=<EMPTY_MAP>
2021-09-14 06:06:31,523 [pool-74-thread-1] INFO  server.RaftServerConfigKeys (ConfUtils.java:logGet(44)) - raft.server.storage.dir = [/home/runner/work/ozone/ozone/hadoop-ozone/integration-test/target/test-dir/MiniOzoneClusterImpl-90c4e534-bc13-49cf-ad4e-23f32b71864f/datanode-1/data/ratis] (custom)
2021-09-14 06:06:31,523 [pool-74-thread-1] INFO  server.RaftServerConfigKeys (ConfUtils.java:logGet(44)) - raft.server.log.corruption.policy = EXCEPTION (default)
2021-09-14 06:06:31,524 [pool-74-thread-1] INFO  server.RaftServerConfigKeys (ConfUtils.java:logGet(44)) - raft.server.storage.free-space.min = 0MB (=0) (default)
2021-09-14 06:06:31,524 [pool-74-thread-1] INFO  storage.RaftStorageDirectory (RaftStorageDirectoryImpl.java:analyzeStorage(135)) - The storage directory /home/runner/work/ozone/ozone/hadoop-ozone/integration-test/target/test-dir/MiniOzoneClusterImpl-90c4e534-bc13-49cf-ad4e-23f32b71864f/datanode-1/data/ratis/2dd6ee76-a3c4-4a2d-b101-56c443ba814e does not exist. Creating ...
2021-09-14 06:06:31,532 [pool-74-thread-1] INFO  storage.RaftStorageDirectory (RaftStorageDirectoryImpl.java:tryLock(230)) - Lock on /home/runner/work/ozone/ozone/hadoop-ozone/integration-test/target/test-dir/MiniOzoneClusterImpl-90c4e534-bc13-49cf-ad4e-23f32b71864f/datanode-1/data/ratis/2dd6ee76-a3c4-4a2d-b101-56c443ba814e/in_use.lock acquired by nodename 18765@fv-az195-153
2021-09-14 06:06:31,533 [pool-74-thread-1] INFO  storage.RaftStorage (RaftStorageImpl.java:format(89)) - Storage directory /home/runner/work/ozone/ozone/hadoop-ozone/integration-test/target/test-dir/MiniOzoneClusterImpl-90c4e534-bc13-49cf-ad4e-23f32b71864f/datanode-1/data/ratis/2dd6ee76-a3c4-4a2d-b101-56c443ba814e has been successfully formatted.
2021-09-14 06:06:31,534 [pool-74-thread-1] INFO  ratis.ContainerStateMachine (ContainerStateMachine.java:loadSnapshot(224)) - group-56C443BA814E: The snapshot info is null. Setting the last applied indexto:(t:0, i:~)
2021-09-14 06:06:31,534 [pool-74-thread-1] INFO  server.RaftServerConfigKeys (ConfUtils.java:logGet(44)) - raft.server.notification.no-leader.timeout = 300s (custom)
2021-09-14 06:06:31,534 [pool-74-thread-1] INFO  server.RaftServerConfigKeys (ConfUtils.java:logGet(44)) - raft.server.log.use.memory = false (default)
2021-09-14 06:06:31,534 [pool-74-thread-1] INFO  server.RaftServerConfigKeys (ConfUtils.java:logGet(44)) - raft.server.log.purge.gap = 1000000 (custom)
2021-09-14 06:06:31,534 [pool-74-thread-1] INFO  server.RaftServerConfigKeys (ConfUtils.java:logGet(44)) - raft.server.log.appender.buffer.byte-limit = 33554432 (custom)
2021-09-14 06:06:31,534 [pool-74-thread-1] INFO  server.RaftServerConfigKeys (ConfUtils.java:logGet(44)) - raft.server.log.segment.size.max = 1048576 (custom)
2021-09-14 06:06:31,535 [pool-74-thread-1] INFO  server.RaftServerConfigKeys (ConfUtils.java:logGet(44)) - raft.server.log.segment.cache.num.max = 2 (custom)
2021-09-14 06:06:31,535 [pool-74-thread-1] INFO  server.RaftServerConfigKeys (ConfUtils.java:logGet(44)) - raft.server.log.segment.cache.size.max = 200MB (=209715200) (default)
2021-09-14 06:06:31,535 [pool-74-thread-1] INFO  segmented.SegmentedRaftLogWorker (SegmentedRaftLogWorker.java:<init>(182)) - new 7af46619-9f10-43e2-abd0-ffbc4fcfe41f@group-56C443BA814E-SegmentedRaftLogWorker for RaftStorageImpl:Storage Directory /home/runner/work/ozone/ozone/hadoop-ozone/integration-test/target/test-dir/MiniOzoneClusterImpl-90c4e534-bc13-49cf-ad4e-23f32b71864f/datanode-1/data/ratis/2dd6ee76-a3c4-4a2d-b101-56c443ba814e
2021-09-14 06:06:31,535 [pool-74-thread-1] INFO  server.RaftServerConfigKeys (ConfUtils.java:logGet(44)) - raft.server.log.queue.byte-limit = 2147483647 (custom)
2021-09-14 06:06:31,535 [pool-74-thread-1] INFO  server.RaftServerConfigKeys (ConfUtils.java:logGet(44)) - raft.server.log.queue.element-limit = 1024 (custom)
2021-09-14 06:06:31,535 [pool-74-thread-1] INFO  server.RaftServerConfigKeys (ConfUtils.java:logGet(44)) - raft.server.log.segment.size.max = 1048576 (custom)
2021-09-14 06:06:31,535 [pool-74-thread-1] INFO  server.RaftServerConfigKeys (ConfUtils.java:logGet(44)) - raft.server.log.preallocated.size = 16384 (custom)
2021-09-14 06:06:31,535 [pool-74-thread-1] INFO  server.RaftServerConfigKeys (ConfUtils.java:logGet(44)) - raft.server.log.force.sync.num = 128 (default)
2021-09-14 06:06:31,535 [pool-74-thread-1] INFO  server.RaftServerConfigKeys (ConfUtils.java:logGet(44)) - raft.server.log.statemachine.data.sync = true (default)
2021-09-14 06:06:31,535 [pool-74-thread-1] INFO  server.RaftServerConfigKeys (ConfUtils.java:logGet(44)) - raft.server.log.statemachine.data.sync.timeout = 10s (default)
2021-09-14 06:06:31,535 [pool-74-thread-1] INFO  server.RaftServerConfigKeys (ConfUtils.java:logGet(44)) - raft.server.log.statemachine.data.sync.timeout.retry = -1 (default)
2021-09-14 06:06:31,536 [pool-74-thread-1] INFO  server.RaftServerConfigKeys (ConfUtils.java:logGet(44)) - raft.server.log.write.buffer.size = 1048576 (custom)
2021-09-14 06:06:31,537 [pool-74-thread-1] INFO  server.RaftServerConfigKeys (ConfUtils.java:logGet(44)) - raft.server.log.statemachine.data.caching.enabled = true (custom)
2021-09-14 06:06:31,537 [pool-74-thread-1] INFO  segmented.SegmentedRaftLogWorker (SegmentedRaftLogWorker.java:lambda$new$0(133)) - 7af46619-9f10-43e2-abd0-ffbc4fcfe41f@group-56C443BA814E-SegmentedRaftLogWorker: flushIndex: setUnconditionally 0 -> -1
2021-09-14 06:06:31,537 [pool-74-thread-1] INFO  segmented.SegmentedRaftLogWorker (SegmentedRaftLogWorker.java:lambda$new$0(133)) - 7af46619-9f10-43e2-abd0-ffbc4fcfe41f@group-56C443BA814E-SegmentedRaftLogWorker: safeCacheEvictIndex: setUnconditionally 0 -> -1
2021-09-14 06:06:31,540 [pool-74-thread-1] INFO  server.RaftServerConfigKeys (ConfUtils.java:logGet(44)) - raft.server.snapshot.auto.trigger.enabled = true (custom)
2021-09-14 06:06:31,540 [pool-74-thread-1] INFO  server.RaftServerConfigKeys (ConfUtils.java:logGet(44)) - raft.server.snapshot.auto.trigger.threshold = 10000 (custom)
2021-09-14 06:06:31,540 [pool-74-thread-1] INFO  server.RaftServerConfigKeys (ConfUtils.java:logGet(44)) - raft.server.snapshot.retention.file.num = 5 (custom)
2021-09-14 06:06:31,540 [pool-74-thread-1] INFO  server.RaftServerConfigKeys (ConfUtils.java:logGet(44)) - raft.server.log.purge.upto.snapshot.index = false (default)
2021-09-14 06:06:31,541 [pool-74-thread-1] INFO  server.RaftServerConfigKeys (ConfUtils.java:logGet(44)) - raft.server.retrycache.expirytime = 600000ms (custom)
2021-09-14 06:06:31,541 [pool-74-thread-1] INFO  server.RaftServerConfigKeys (ConfUtils.java:logGet(44)) - raft.server.retrycache.statistics.expirytime = 100μs (default)
2021-09-14 06:06:31,541 [EventQueue-OpenPipelineForHealthyPipelineSafeModeRule] INFO  safemode.SCMSafeModeManager (HealthyPipelineSafeModeRule.java:process(124)) - SCM in safe mode. Healthy pipelines reported count is 0, required healthy pipeline reported count is 1
2021-09-14 06:06:31,544 [pool-74-thread-1] INFO  server.RaftServer$Division (RaftServerImpl.java:start(296)) - 7af46619-9f10-43e2-abd0-ffbc4fcfe41f@group-56C443BA814E: start as a follower, conf=-1: [587a1050-2cdd-4e2a-affe-051b452a7472|rpc:10.1.0.22:42707|priority:1, 7af46619-9f10-43e2-abd0-ffbc4fcfe41f|rpc:10.1.0.22:43809|priority:0, f5b04939-ef8e-46cc-a15f-0f827e775058|rpc:10.1.0.22:38289|priority:0], old=null
2021-09-14 06:06:31,544 [pool-74-thread-1] INFO  server.RaftServer$Division (RaftServerImpl.java:setRole(285)) - 7af46619-9f10-43e2-abd0-ffbc4fcfe41f@group-56C443BA814E: changes role from      null to FOLLOWER at term 0 for startAsFollower
2021-09-14 06:06:31,544 [pool-74-thread-1] INFO  impl.RoleInfo (RoleInfo.java:updateAndGet(130)) - 7af46619-9f10-43e2-abd0-ffbc4fcfe41f: start 7af46619-9f10-43e2-abd0-ffbc4fcfe41f@group-56C443BA814E-FollowerState
2021-09-14 06:06:31,564 [pool-74-thread-1] INFO  util.JmxRegister (JmxRegister.java:tryRegister(44)) - Successfully registered JMX Bean with object name Ratis:service=RaftServer,group=group-56C443BA814E,id=7af46619-9f10-43e2-abd0-ffbc4fcfe41f
2021-09-14 06:06:31,577 [Command processor thread] INFO  ratis.XceiverServerRatis (XceiverServerRatis.java:addGroup(762)) - Created group PipelineID=2dd6ee76-a3c4-4a2d-b101-56c443ba814e
2021-09-14 06:06:31,788 [grpc-default-executor-0] INFO  server.RaftServer (RaftServerProxy.java:addNew(95)) - f5b04939-ef8e-46cc-a15f-0f827e775058: addNew group-56C443BA814E:[587a1050-2cdd-4e2a-affe-051b452a7472|rpc:10.1.0.22:42707|dataStream:|priority:1, 7af46619-9f10-43e2-abd0-ffbc4fcfe41f|rpc:10.1.0.22:43809|dataStream:|priority:0, f5b04939-ef8e-46cc-a15f-0f827e775058|rpc:10.1.0.22:38289|dataStream:|priority:0] returns group-56C443BA814E:java.util.concurrent.CompletableFuture@6000a509[Not completed]
2021-09-14 06:06:31,789 [pool-93-thread-1] INFO  server.RaftServer$Division (RaftServerImpl.java:<init>(181)) - f5b04939-ef8e-46cc-a15f-0f827e775058: new RaftServerImpl for group-56C443BA814E:[587a1050-2cdd-4e2a-affe-051b452a7472|rpc:10.1.0.22:42707|dataStream:|priority:1, 7af46619-9f10-43e2-abd0-ffbc4fcfe41f|rpc:10.1.0.22:43809|dataStream:|priority:0, f5b04939-ef8e-46cc-a15f-0f827e775058|rpc:10.1.0.22:38289|dataStream:|priority:0] with ContainerStateMachine:uninitialized
2021-09-14 06:06:31,791 [pool-93-thread-1] INFO  server.RaftServerConfigKeys (ConfUtils.java:logGet(44)) - raft.server.rpc.timeout.min = 5s (custom)
2021-09-14 06:06:31,791 [pool-93-thread-1] INFO  server.RaftServerConfigKeys (ConfUtils.java:logGet(44)) - raft.server.rpc.timeout.max = 5200ms (custom)
2021-09-14 06:06:31,791 [pool-93-thread-1] INFO  server.RaftServerConfigKeys (ConfUtils.java:logGet(44)) - raft.server.rpc.sleep.time = 25ms (default)
2021-09-14 06:06:31,792 [pool-93-thread-1] INFO  server.RaftServerConfigKeys (ConfUtils.java:logGet(44)) - raft.server.rpc.slowness.timeout = 300s (custom)
2021-09-14 06:06:31,792 [pool-93-thread-1] INFO  server.RaftServerConfigKeys (ConfUtils.java:logGet(44)) - raft.server.leaderelection.leader.step-down.wait-time = 10s (default)
2021-09-14 06:06:31,792 [pool-93-thread-1] INFO  server.RaftServerConfigKeys (ConfUtils.java:logGet(44)) - raft.server.sleep.deviation.threshold = 300ms (default)
2021-09-14 06:06:31,792 [pool-93-thread-1] INFO  server.RaftServerConfigKeys (ConfUtils.java:logGet(44)) - raft.server.log.appender.install.snapshot.enabled = false (custom)
2021-09-14 06:06:31,792 [pool-93-thread-1] INFO  server.RaftServer$Division (ServerState.java:<init>(105)) - f5b04939-ef8e-46cc-a15f-0f827e775058@group-56C443BA814E: ConfigurationManager, init=-1: [587a1050-2cdd-4e2a-affe-051b452a7472|rpc:10.1.0.22:42707|dataStream:|priority:1, 7af46619-9f10-43e2-abd0-ffbc4fcfe41f|rpc:10.1.0.22:43809|dataStream:|priority:0, f5b04939-ef8e-46cc-a15f-0f827e775058|rpc:10.1.0.22:38289|dataStream:|priority:0], old=null, confs=<EMPTY_MAP>
2021-09-14 06:06:31,792 [pool-93-thread-1] INFO  server.RaftServerConfigKeys (ConfUtils.java:logGet(44)) - raft.server.storage.dir = [/home/runner/work/ozone/ozone/hadoop-ozone/integration-test/target/test-dir/MiniOzoneClusterImpl-90c4e534-bc13-49cf-ad4e-23f32b71864f/datanode-2/data/ratis] (custom)
2021-09-14 06:06:31,792 [pool-93-thread-1] INFO  server.RaftServerConfigKeys (ConfUtils.java:logGet(44)) - raft.server.log.corruption.policy = EXCEPTION (default)
2021-09-14 06:06:31,792 [pool-93-thread-1] INFO  server.RaftServerConfigKeys (ConfUtils.java:logGet(44)) - raft.server.storage.free-space.min = 0MB (=0) (default)
2021-09-14 06:06:31,792 [pool-93-thread-1] INFO  storage.RaftStorageDirectory (RaftStorageDirectoryImpl.java:analyzeStorage(135)) - The storage directory /home/runner/work/ozone/ozone/hadoop-ozone/integration-test/target/test-dir/MiniOzoneClusterImpl-90c4e534-bc13-49cf-ad4e-23f32b71864f/datanode-2/data/ratis/2dd6ee76-a3c4-4a2d-b101-56c443ba814e does not exist. Creating ...
2021-09-14 06:06:31,794 [pool-93-thread-1] INFO  storage.RaftStorageDirectory (RaftStorageDirectoryImpl.java:tryLock(230)) - Lock on /home/runner/work/ozone/ozone/hadoop-ozone/integration-test/target/test-dir/MiniOzoneClusterImpl-90c4e534-bc13-49cf-ad4e-23f32b71864f/datanode-2/data/ratis/2dd6ee76-a3c4-4a2d-b101-56c443ba814e/in_use.lock acquired by nodename 18765@fv-az195-153
2021-09-14 06:06:31,795 [pool-93-thread-1] INFO  storage.RaftStorage (RaftStorageImpl.java:format(89)) - Storage directory /home/runner/work/ozone/ozone/hadoop-ozone/integration-test/target/test-dir/MiniOzoneClusterImpl-90c4e534-bc13-49cf-ad4e-23f32b71864f/datanode-2/data/ratis/2dd6ee76-a3c4-4a2d-b101-56c443ba814e has been successfully formatted.
2021-09-14 06:06:31,796 [pool-93-thread-1] INFO  ratis.ContainerStateMachine (ContainerStateMachine.java:loadSnapshot(224)) - group-56C443BA814E: The snapshot info is null. Setting the last applied indexto:(t:0, i:~)
2021-09-14 06:06:31,797 [pool-93-thread-1] INFO  server.RaftServerConfigKeys (ConfUtils.java:logGet(44)) - raft.server.notification.no-leader.timeout = 300s (custom)
2021-09-14 06:06:31,797 [pool-93-thread-1] INFO  server.RaftServerConfigKeys (ConfUtils.java:logGet(44)) - raft.server.log.use.memory = false (default)
2021-09-14 06:06:31,797 [pool-93-thread-1] INFO  server.RaftServerConfigKeys (ConfUtils.java:logGet(44)) - raft.server.log.purge.gap = 1000000 (custom)
2021-09-14 06:06:31,797 [pool-93-thread-1] INFO  server.RaftServerConfigKeys (ConfUtils.java:logGet(44)) - raft.server.log.appender.buffer.byte-limit = 33554432 (custom)
2021-09-14 06:06:31,799 [pool-93-thread-1] INFO  server.RaftServerConfigKeys (ConfUtils.java:logGet(44)) - raft.server.log.segment.size.max = 1048576 (custom)
2021-09-14 06:06:31,799 [pool-93-thread-1] INFO  server.RaftServerConfigKeys (ConfUtils.java:logGet(44)) - raft.server.log.segment.cache.num.max = 2 (custom)
2021-09-14 06:06:31,799 [pool-93-thread-1] INFO  server.RaftServerConfigKeys (ConfUtils.java:logGet(44)) - raft.server.log.segment.cache.size.max = 200MB (=209715200) (default)
2021-09-14 06:06:31,799 [pool-93-thread-1] INFO  segmented.SegmentedRaftLogWorker (SegmentedRaftLogWorker.java:<init>(182)) - new f5b04939-ef8e-46cc-a15f-0f827e775058@group-56C443BA814E-SegmentedRaftLogWorker for RaftStorageImpl:Storage Directory /home/runner/work/ozone/ozone/hadoop-ozone/integration-test/target/test-dir/MiniOzoneClusterImpl-90c4e534-bc13-49cf-ad4e-23f32b71864f/datanode-2/data/ratis/2dd6ee76-a3c4-4a2d-b101-56c443ba814e
2021-09-14 06:06:31,800 [pool-93-thread-1] INFO  server.RaftServerConfigKeys (ConfUtils.java:logGet(44)) - raft.server.log.queue.byte-limit = 2147483647 (custom)
2021-09-14 06:06:31,804 [pool-93-thread-1] INFO  server.RaftServerConfigKeys (ConfUtils.java:logGet(44)) - raft.server.log.queue.element-limit = 1024 (custom)
2021-09-14 06:06:31,804 [pool-93-thread-1] INFO  server.RaftServerConfigKeys (ConfUtils.java:logGet(44)) - raft.server.log.segment.size.max = 1048576 (custom)
2021-09-14 06:06:31,804 [pool-93-thread-1] INFO  server.RaftServerConfigKeys (ConfUtils.java:logGet(44)) - raft.server.log.preallocated.size = 16384 (custom)
2021-09-14 06:06:31,804 [pool-93-thread-1] INFO  server.RaftServerConfigKeys (ConfUtils.java:logGet(44)) - raft.server.log.force.sync.num = 128 (default)
2021-09-14 06:06:31,804 [pool-93-thread-1] INFO  server.RaftServerConfigKeys (ConfUtils.java:logGet(44)) - raft.server.log.statemachine.data.sync = true (default)
2021-09-14 06:06:31,804 [pool-93-thread-1] INFO  server.RaftServerConfigKeys (ConfUtils.java:logGet(44)) - raft.server.log.statemachine.data.sync.timeout = 10s (default)
2021-09-14 06:06:31,805 [pool-93-thread-1] INFO  server.RaftServerConfigKeys (ConfUtils.java:logGet(44)) - raft.server.log.statemachine.data.sync.timeout.retry = -1 (default)
2021-09-14 06:06:31,806 [pool-93-thread-1] INFO  server.RaftServerConfigKeys (ConfUtils.java:logGet(44)) - raft.server.log.write.buffer.size = 1048576 (custom)
2021-09-14 06:06:31,812 [pool-93-thread-1] INFO  server.RaftServerConfigKeys (ConfUtils.java:logGet(44)) - raft.server.log.statemachine.data.caching.enabled = true (custom)
2021-09-14 06:06:31,813 [pool-93-thread-1] INFO  segmented.SegmentedRaftLogWorker (SegmentedRaftLogWorker.java:lambda$new$0(133)) - f5b04939-ef8e-46cc-a15f-0f827e775058@group-56C443BA814E-SegmentedRaftLogWorker: flushIndex: setUnconditionally 0 -> -1
2021-09-14 06:06:31,813 [pool-93-thread-1] INFO  segmented.SegmentedRaftLogWorker (SegmentedRaftLogWorker.java:lambda$new$0(133)) - f5b04939-ef8e-46cc-a15f-0f827e775058@group-56C443BA814E-SegmentedRaftLogWorker: safeCacheEvictIndex: setUnconditionally 0 -> -1
2021-09-14 06:06:31,820 [pool-93-thread-1] INFO  server.RaftServerConfigKeys (ConfUtils.java:logGet(44)) - raft.server.snapshot.auto.trigger.enabled = true (custom)
2021-09-14 06:06:31,820 [pool-93-thread-1] INFO  server.RaftServerConfigKeys (ConfUtils.java:logGet(44)) - raft.server.snapshot.auto.trigger.threshold = 10000 (custom)
2021-09-14 06:06:31,820 [pool-93-thread-1] INFO  server.RaftServerConfigKeys (ConfUtils.java:logGet(44)) - raft.server.snapshot.retention.file.num = 5 (custom)
2021-09-14 06:06:31,820 [pool-93-thread-1] INFO  server.RaftServerConfigKeys (ConfUtils.java:logGet(44)) - raft.server.log.purge.upto.snapshot.index = false (default)
2021-09-14 06:06:31,820 [pool-93-thread-1] INFO  server.RaftServerConfigKeys (ConfUtils.java:logGet(44)) - raft.server.retrycache.expirytime = 600000ms (custom)
2021-09-14 06:06:31,820 [pool-93-thread-1] INFO  server.RaftServerConfigKeys (ConfUtils.java:logGet(44)) - raft.server.retrycache.statistics.expirytime = 100μs (default)
2021-09-14 06:06:31,821 [pool-93-thread-1] INFO  server.RaftServer$Division (RaftServerImpl.java:start(296)) - f5b04939-ef8e-46cc-a15f-0f827e775058@group-56C443BA814E: start as a follower, conf=-1: [587a1050-2cdd-4e2a-affe-051b452a7472|rpc:10.1.0.22:42707|dataStream:|priority:1, 7af46619-9f10-43e2-abd0-ffbc4fcfe41f|rpc:10.1.0.22:43809|dataStream:|priority:0, f5b04939-ef8e-46cc-a15f-0f827e775058|rpc:10.1.0.22:38289|dataStream:|priority:0], old=null
2021-09-14 06:06:31,821 [pool-93-thread-1] INFO  server.RaftServer$Division (RaftServerImpl.java:setRole(285)) - f5b04939-ef8e-46cc-a15f-0f827e775058@group-56C443BA814E: changes role from      null to FOLLOWER at term 0 for startAsFollower
2021-09-14 06:06:31,821 [pool-93-thread-1] INFO  impl.RoleInfo (RoleInfo.java:updateAndGet(130)) - f5b04939-ef8e-46cc-a15f-0f827e775058: start f5b04939-ef8e-46cc-a15f-0f827e775058@group-56C443BA814E-FollowerState
2021-09-14 06:06:31,826 [pool-93-thread-1] INFO  util.JmxRegister (JmxRegister.java:tryRegister(44)) - Successfully registered JMX Bean with object name Ratis:service=RaftServer,group=group-56C443BA814E,id=f5b04939-ef8e-46cc-a15f-0f827e775058
2021-09-14 06:06:31,927 [Command processor thread] INFO  commandhandler.CreatePipelineCommandHandler (CreatePipelineCommandHandler.java:handle(106)) - Created Pipeline RATIS THREE PipelineID=2dd6ee76-a3c4-4a2d-b101-56c443ba814e.
2021-09-14 06:06:31,927 [Command processor thread] INFO  server.RaftServer (RaftServerProxy.java:addNew(95)) - 7af46619-9f10-43e2-abd0-ffbc4fcfe41f: addNew group-2F2E3A92AED0:[587a1050-2cdd-4e2a-affe-051b452a7472|rpc:10.1.0.22:42707|priority:0, 7af46619-9f10-43e2-abd0-ffbc4fcfe41f|rpc:10.1.0.22:43809|priority:1, f5b04939-ef8e-46cc-a15f-0f827e775058|rpc:10.1.0.22:38289|priority:0] returns group-2F2E3A92AED0:java.util.concurrent.CompletableFuture@88cfde6[Not completed]
2021-09-14 06:06:31,929 [pool-74-thread-1] INFO  server.RaftServer$Division (RaftServerImpl.java:<init>(181)) - 7af46619-9f10-43e2-abd0-ffbc4fcfe41f: new RaftServerImpl for group-2F2E3A92AED0:[587a1050-2cdd-4e2a-affe-051b452a7472|rpc:10.1.0.22:42707|priority:0, 7af46619-9f10-43e2-abd0-ffbc4fcfe41f|rpc:10.1.0.22:43809|priority:1, f5b04939-ef8e-46cc-a15f-0f827e775058|rpc:10.1.0.22:38289|priority:0] with ContainerStateMachine:uninitialized
2021-09-14 06:06:31,929 [pool-74-thread-1] INFO  server.RaftServerConfigKeys (ConfUtils.java:logGet(44)) - raft.server.rpc.timeout.min = 5s (custom)
2021-09-14 06:06:31,929 [pool-74-thread-1] INFO  server.RaftServerConfigKeys (ConfUtils.java:logGet(44)) - raft.server.rpc.timeout.max = 5200ms (custom)
2021-09-14 06:06:31,929 [pool-74-thread-1] INFO  server.RaftServerConfigKeys (ConfUtils.java:logGet(44)) - raft.server.rpc.sleep.time = 25ms (default)
2021-09-14 06:06:31,929 [pool-74-thread-1] INFO  server.RaftServerConfigKeys (ConfUtils.java:logGet(44)) - raft.server.rpc.slowness.timeout = 300s (custom)
2021-09-14 06:06:31,929 [pool-74-thread-1] INFO  server.RaftServerConfigKeys (ConfUtils.java:logGet(44)) - raft.server.leaderelection.leader.step-down.wait-time = 10s (default)
2021-09-14 06:06:31,929 [pool-74-thread-1] INFO  server.RaftServerConfigKeys (ConfUtils.java:logGet(44)) - raft.server.sleep.deviation.threshold = 300ms (default)
2021-09-14 06:06:31,929 [pool-74-thread-1] INFO  server.RaftServerConfigKeys (ConfUtils.java:logGet(44)) - raft.server.log.appender.install.snapshot.enabled = false (custom)
2021-09-14 06:06:31,929 [pool-74-thread-1] INFO  server.RaftServer$Division (ServerState.java:<init>(105)) - 7af46619-9f10-43e2-abd0-ffbc4fcfe41f@group-2F2E3A92AED0: ConfigurationManager, init=-1: [587a1050-2cdd-4e2a-affe-051b452a7472|rpc:10.1.0.22:42707|priority:0, 7af46619-9f10-43e2-abd0-ffbc4fcfe41f|rpc:10.1.0.22:43809|priority:1, f5b04939-ef8e-46cc-a15f-0f827e775058|rpc:10.1.0.22:38289|priority:0], old=null, confs=<EMPTY_MAP>
2021-09-14 06:06:31,930 [pool-74-thread-1] INFO  server.RaftServerConfigKeys (ConfUtils.java:logGet(44)) - raft.server.storage.dir = [/home/runner/work/ozone/ozone/hadoop-ozone/integration-test/target/test-dir/MiniOzoneClusterImpl-90c4e534-bc13-49cf-ad4e-23f32b71864f/datanode-1/data/ratis] (custom)
2021-09-14 06:06:31,930 [pool-74-thread-1] INFO  server.RaftServerConfigKeys (ConfUtils.java:logGet(44)) - raft.server.log.corruption.policy = EXCEPTION (default)
2021-09-14 06:06:31,930 [pool-74-thread-1] INFO  server.RaftServerConfigKeys (ConfUtils.java:logGet(44)) - raft.server.storage.free-space.min = 0MB (=0) (default)
2021-09-14 06:06:31,930 [pool-74-thread-1] INFO  storage.RaftStorageDirectory (RaftStorageDirectoryImpl.java:analyzeStorage(135)) - The storage directory /home/runner/work/ozone/ozone/hadoop-ozone/integration-test/target/test-dir/MiniOzoneClusterImpl-90c4e534-bc13-49cf-ad4e-23f32b71864f/datanode-1/data/ratis/8958e09b-f6c4-4e9a-a0bb-2f2e3a92aed0 does not exist. Creating ...
2021-09-14 06:06:31,936 [pool-74-thread-1] INFO  storage.RaftStorageDirectory (RaftStorageDirectoryImpl.java:tryLock(230)) - Lock on /home/runner/work/ozone/ozone/hadoop-ozone/integration-test/target/test-dir/MiniOzoneClusterImpl-90c4e534-bc13-49cf-ad4e-23f32b71864f/datanode-1/data/ratis/8958e09b-f6c4-4e9a-a0bb-2f2e3a92aed0/in_use.lock acquired by nodename 18765@fv-az195-153
2021-09-14 06:06:31,938 [pool-74-thread-1] INFO  storage.RaftStorage (RaftStorageImpl.java:format(89)) - Storage directory /home/runner/work/ozone/ozone/hadoop-ozone/integration-test/target/test-dir/MiniOzoneClusterImpl-90c4e534-bc13-49cf-ad4e-23f32b71864f/datanode-1/data/ratis/8958e09b-f6c4-4e9a-a0bb-2f2e3a92aed0 has been successfully formatted.
2021-09-14 06:06:31,938 [pool-74-thread-1] INFO  ratis.ContainerStateMachine (ContainerStateMachine.java:loadSnapshot(224)) - group-2F2E3A92AED0: The snapshot info is null. Setting the last applied indexto:(t:0, i:~)
2021-09-14 06:06:31,939 [pool-74-thread-1] INFO  server.RaftServerConfigKeys (ConfUtils.java:logGet(44)) - raft.server.notification.no-leader.timeout = 300s (custom)
2021-09-14 06:06:31,939 [pool-74-thread-1] INFO  server.RaftServerConfigKeys (ConfUtils.java:logGet(44)) - raft.server.log.use.memory = false (default)
2021-09-14 06:06:31,939 [pool-74-thread-1] INFO  server.RaftServerConfigKeys (ConfUtils.java:logGet(44)) - raft.server.log.purge.gap = 1000000 (custom)
2021-09-14 06:06:31,939 [pool-74-thread-1] INFO  server.RaftServerConfigKeys (ConfUtils.java:logGet(44)) - raft.server.log.appender.buffer.byte-limit = 33554432 (custom)
2021-09-14 06:06:31,939 [pool-74-thread-1] INFO  server.RaftServerConfigKeys (ConfUtils.java:logGet(44)) - raft.server.log.segment.size.max = 1048576 (custom)
2021-09-14 06:06:31,939 [pool-74-thread-1] INFO  server.RaftServerConfigKeys (ConfUtils.java:logGet(44)) - raft.server.log.segment.cache.num.max = 2 (custom)
2021-09-14 06:06:31,939 [pool-74-thread-1] INFO  server.RaftServerConfigKeys (ConfUtils.java:logGet(44)) - raft.server.log.segment.cache.size.max = 200MB (=209715200) (default)
2021-09-14 06:06:31,939 [pool-74-thread-1] INFO  segmented.SegmentedRaftLogWorker (SegmentedRaftLogWorker.java:<init>(182)) - new 7af46619-9f10-43e2-abd0-ffbc4fcfe41f@group-2F2E3A92AED0-SegmentedRaftLogWorker for RaftStorageImpl:Storage Directory /home/runner/work/ozone/ozone/hadoop-ozone/integration-test/target/test-dir/MiniOzoneClusterImpl-90c4e534-bc13-49cf-ad4e-23f32b71864f/datanode-1/data/ratis/8958e09b-f6c4-4e9a-a0bb-2f2e3a92aed0
2021-09-14 06:06:31,939 [pool-74-thread-1] INFO  server.RaftServerConfigKeys (ConfUtils.java:logGet(44)) - raft.server.log.queue.byte-limit = 2147483647 (custom)
2021-09-14 06:06:31,940 [pool-74-thread-1] INFO  server.RaftServerConfigKeys (ConfUtils.java:logGet(44)) - raft.server.log.queue.element-limit = 1024 (custom)
2021-09-14 06:06:31,940 [pool-74-thread-1] INFO  server.RaftServerConfigKeys (ConfUtils.java:logGet(44)) - raft.server.log.segment.size.max = 1048576 (custom)
2021-09-14 06:06:31,940 [pool-74-thread-1] INFO  server.RaftServerConfigKeys (ConfUtils.java:logGet(44)) - raft.server.log.preallocated.size = 16384 (custom)
2021-09-14 06:06:31,940 [pool-74-thread-1] INFO  server.RaftServerConfigKeys (ConfUtils.java:logGet(44)) - raft.server.log.force.sync.num = 128 (default)
2021-09-14 06:06:31,941 [pool-74-thread-1] INFO  server.RaftServerConfigKeys (ConfUtils.java:logGet(44)) - raft.server.log.statemachine.data.sync = true (default)
2021-09-14 06:06:31,941 [pool-74-thread-1] INFO  server.RaftServerConfigKeys (ConfUtils.java:logGet(44)) - raft.server.log.statemachine.data.sync.timeout = 10s (default)
2021-09-14 06:06:31,941 [pool-74-thread-1] INFO  server.RaftServerConfigKeys (ConfUtils.java:logGet(44)) - raft.server.log.statemachine.data.sync.timeout.retry = -1 (default)
2021-09-14 06:06:31,944 [pool-74-thread-1] INFO  server.RaftServerConfigKeys (ConfUtils.java:logGet(44)) - raft.server.log.write.buffer.size = 1048576 (custom)
2021-09-14 06:06:31,945 [pool-74-thread-1] INFO  server.RaftServerConfigKeys (ConfUtils.java:logGet(44)) - raft.server.log.statemachine.data.caching.enabled = true (custom)
2021-09-14 06:06:31,945 [pool-74-thread-1] INFO  segmented.SegmentedRaftLogWorker (SegmentedRaftLogWorker.java:lambda$new$0(133)) - 7af46619-9f10-43e2-abd0-ffbc4fcfe41f@group-2F2E3A92AED0-SegmentedRaftLogWorker: flushIndex: setUnconditionally 0 -> -1
2021-09-14 06:06:31,945 [pool-74-thread-1] INFO  segmented.SegmentedRaftLogWorker (SegmentedRaftLogWorker.java:lambda$new$0(133)) - 7af46619-9f10-43e2-abd0-ffbc4fcfe41f@group-2F2E3A92AED0-SegmentedRaftLogWorker: safeCacheEvictIndex: setUnconditionally 0 -> -1
2021-09-14 06:06:31,945 [pool-74-thread-1] INFO  server.RaftServerConfigKeys (ConfUtils.java:logGet(44)) - raft.server.snapshot.auto.trigger.enabled = true (custom)
2021-09-14 06:06:31,945 [pool-74-thread-1] INFO  server.RaftServerConfigKeys (ConfUtils.java:logGet(44)) - raft.server.snapshot.auto.trigger.threshold = 10000 (custom)
2021-09-14 06:06:31,945 [pool-74-thread-1] INFO  server.RaftServerConfigKeys (ConfUtils.java:logGet(44)) - raft.server.snapshot.retention.file.num = 5 (custom)
2021-09-14 06:06:31,945 [pool-74-thread-1] INFO  server.RaftServerConfigKeys (ConfUtils.java:logGet(44)) - raft.server.log.purge.upto.snapshot.index = false (default)
2021-09-14 06:06:31,945 [pool-74-thread-1] INFO  server.RaftServerConfigKeys (ConfUtils.java:logGet(44)) - raft.server.retrycache.expirytime = 600000ms (custom)
2021-09-14 06:06:31,945 [pool-74-thread-1] INFO  server.RaftServerConfigKeys (ConfUtils.java:logGet(44)) - raft.server.retrycache.statistics.expirytime = 100μs (default)
2021-09-14 06:06:31,946 [pool-74-thread-1] INFO  server.RaftServer$Division (RaftServerImpl.java:start(296)) - 7af46619-9f10-43e2-abd0-ffbc4fcfe41f@group-2F2E3A92AED0: start as a follower, conf=-1: [587a1050-2cdd-4e2a-affe-051b452a7472|rpc:10.1.0.22:42707|priority:0, 7af46619-9f10-43e2-abd0-ffbc4fcfe41f|rpc:10.1.0.22:43809|priority:1, f5b04939-ef8e-46cc-a15f-0f827e775058|rpc:10.1.0.22:38289|priority:0], old=null
2021-09-14 06:06:31,946 [pool-74-thread-1] INFO  server.RaftServer$Division (RaftServerImpl.java:setRole(285)) - 7af46619-9f10-43e2-abd0-ffbc4fcfe41f@group-2F2E3A92AED0: changes role from      null to FOLLOWER at term 0 for startAsFollower
2021-09-14 06:06:31,946 [pool-74-thread-1] INFO  impl.RoleInfo (RoleInfo.java:updateAndGet(130)) - 7af46619-9f10-43e2-abd0-ffbc4fcfe41f: start 7af46619-9f10-43e2-abd0-ffbc4fcfe41f@group-2F2E3A92AED0-FollowerState
2021-09-14 06:06:31,947 [pool-74-thread-1] INFO  util.JmxRegister (JmxRegister.java:tryRegister(44)) - Successfully registered JMX Bean with object name Ratis:service=RaftServer,group=group-2F2E3A92AED0,id=7af46619-9f10-43e2-abd0-ffbc4fcfe41f
2021-09-14 06:06:31,948 [Command processor thread] INFO  ratis.XceiverServerRatis (XceiverServerRatis.java:addGroup(762)) - Created group PipelineID=8958e09b-f6c4-4e9a-a0bb-2f2e3a92aed0
2021-09-14 06:06:31,955 [EventQueue-OpenPipelineForHealthyPipelineSafeModeRule] INFO  safemode.SCMSafeModeManager (HealthyPipelineSafeModeRule.java:process(124)) - SCM in safe mode. Healthy pipelines reported count is 0, required healthy pipeline reported count is 1
2021-09-14 06:06:31,971 [Command processor thread] INFO  commandhandler.CreatePipelineCommandHandler (CreatePipelineCommandHandler.java:handle(106)) - Created Pipeline RATIS THREE PipelineID=2dd6ee76-a3c4-4a2d-b101-56c443ba814e.
2021-09-14 06:06:31,971 [Command processor thread] INFO  server.RaftServer (RaftServerProxy.java:addNew(95)) - 587a1050-2cdd-4e2a-affe-051b452a7472: addNew group-2F2E3A92AED0:[587a1050-2cdd-4e2a-affe-051b452a7472|rpc:10.1.0.22:42707|priority:0, 7af46619-9f10-43e2-abd0-ffbc4fcfe41f|rpc:10.1.0.22:43809|priority:1, f5b04939-ef8e-46cc-a15f-0f827e775058|rpc:10.1.0.22:38289|priority:0] returns group-2F2E3A92AED0:java.util.concurrent.CompletableFuture@4808f24c[Not completed]
2021-09-14 06:06:31,972 [pool-55-thread-1] INFO  server.RaftServer$Division (RaftServerImpl.java:<init>(181)) - 587a1050-2cdd-4e2a-affe-051b452a7472: new RaftServerImpl for group-2F2E3A92AED0:[587a1050-2cdd-4e2a-affe-051b452a7472|rpc:10.1.0.22:42707|priority:0, 7af46619-9f10-43e2-abd0-ffbc4fcfe41f|rpc:10.1.0.22:43809|priority:1, f5b04939-ef8e-46cc-a15f-0f827e775058|rpc:10.1.0.22:38289|priority:0] with ContainerStateMachine:uninitialized
2021-09-14 06:06:31,973 [pool-55-thread-1] INFO  server.RaftServerConfigKeys (ConfUtils.java:logGet(44)) - raft.server.rpc.timeout.min = 5s (custom)
2021-09-14 06:06:31,973 [pool-55-thread-1] INFO  server.RaftServerConfigKeys (ConfUtils.java:logGet(44)) - raft.server.rpc.timeout.max = 5200ms (custom)
2021-09-14 06:06:31,973 [pool-55-thread-1] INFO  server.RaftServerConfigKeys (ConfUtils.java:logGet(44)) - raft.server.rpc.sleep.time = 25ms (default)
2021-09-14 06:06:31,973 [pool-55-thread-1] INFO  server.RaftServerConfigKeys (ConfUtils.java:logGet(44)) - raft.server.rpc.slowness.timeout = 300s (custom)
2021-09-14 06:06:31,973 [pool-55-thread-1] INFO  server.RaftServerConfigKeys (ConfUtils.java:logGet(44)) - raft.server.leaderelection.leader.step-down.wait-time = 10s (default)
2021-09-14 06:06:31,973 [pool-55-thread-1] INFO  server.RaftServerConfigKeys (ConfUtils.java:logGet(44)) - raft.server.sleep.deviation.threshold = 300ms (default)
2021-09-14 06:06:31,973 [pool-55-thread-1] INFO  server.RaftServerConfigKeys (ConfUtils.java:logGet(44)) - raft.server.log.appender.install.snapshot.enabled = false (custom)
2021-09-14 06:06:31,973 [pool-55-thread-1] INFO  server.RaftServer$Division (ServerState.java:<init>(105)) - 587a1050-2cdd-4e2a-affe-051b452a7472@group-2F2E3A92AED0: ConfigurationManager, init=-1: [587a1050-2cdd-4e2a-affe-051b452a7472|rpc:10.1.0.22:42707|priority:0, 7af46619-9f10-43e2-abd0-ffbc4fcfe41f|rpc:10.1.0.22:43809|priority:1, f5b04939-ef8e-46cc-a15f-0f827e775058|rpc:10.1.0.22:38289|priority:0], old=null, confs=<EMPTY_MAP>
2021-09-14 06:06:31,973 [pool-55-thread-1] INFO  server.RaftServerConfigKeys (ConfUtils.java:logGet(44)) - raft.server.storage.dir = [/home/runner/work/ozone/ozone/hadoop-ozone/integration-test/target/test-dir/MiniOzoneClusterImpl-90c4e534-bc13-49cf-ad4e-23f32b71864f/datanode-0/data/ratis] (custom)
2021-09-14 06:06:31,973 [pool-55-thread-1] INFO  server.RaftServerConfigKeys (ConfUtils.java:logGet(44)) - raft.server.log.corruption.policy = EXCEPTION (default)
2021-09-14 06:06:31,973 [pool-55-thread-1] INFO  server.RaftServerConfigKeys (ConfUtils.java:logGet(44)) - raft.server.storage.free-space.min = 0MB (=0) (default)
2021-09-14 06:06:31,973 [pool-55-thread-1] INFO  storage.RaftStorageDirectory (RaftStorageDirectoryImpl.java:analyzeStorage(135)) - The storage directory /home/runner/work/ozone/ozone/hadoop-ozone/integration-test/target/test-dir/MiniOzoneClusterImpl-90c4e534-bc13-49cf-ad4e-23f32b71864f/datanode-0/data/ratis/8958e09b-f6c4-4e9a-a0bb-2f2e3a92aed0 does not exist. Creating ...
2021-09-14 06:06:31,975 [pool-55-thread-1] INFO  storage.RaftStorageDirectory (RaftStorageDirectoryImpl.java:tryLock(230)) - Lock on /home/runner/work/ozone/ozone/hadoop-ozone/integration-test/target/test-dir/MiniOzoneClusterImpl-90c4e534-bc13-49cf-ad4e-23f32b71864f/datanode-0/data/ratis/8958e09b-f6c4-4e9a-a0bb-2f2e3a92aed0/in_use.lock acquired by nodename 18765@fv-az195-153
2021-09-14 06:06:31,977 [pool-55-thread-1] INFO  storage.RaftStorage (RaftStorageImpl.java:format(89)) - Storage directory /home/runner/work/ozone/ozone/hadoop-ozone/integration-test/target/test-dir/MiniOzoneClusterImpl-90c4e534-bc13-49cf-ad4e-23f32b71864f/datanode-0/data/ratis/8958e09b-f6c4-4e9a-a0bb-2f2e3a92aed0 has been successfully formatted.
2021-09-14 06:06:31,981 [pool-55-thread-1] INFO  ratis.ContainerStateMachine (ContainerStateMachine.java:loadSnapshot(224)) - group-2F2E3A92AED0: The snapshot info is null. Setting the last applied indexto:(t:0, i:~)
2021-09-14 06:06:31,981 [pool-55-thread-1] INFO  server.RaftServerConfigKeys (ConfUtils.java:logGet(44)) - raft.server.notification.no-leader.timeout = 300s (custom)
2021-09-14 06:06:31,981 [pool-55-thread-1] INFO  server.RaftServerConfigKeys (ConfUtils.java:logGet(44)) - raft.server.log.use.memory = false (default)
2021-09-14 06:06:31,981 [pool-55-thread-1] INFO  server.RaftServerConfigKeys (ConfUtils.java:logGet(44)) - raft.server.log.purge.gap = 1000000 (custom)
2021-09-14 06:06:31,981 [pool-55-thread-1] INFO  server.RaftServerConfigKeys (ConfUtils.java:logGet(44)) - raft.server.log.appender.buffer.byte-limit = 33554432 (custom)
2021-09-14 06:06:31,981 [pool-55-thread-1] INFO  server.RaftServerConfigKeys (ConfUtils.java:logGet(44)) - raft.server.log.segment.size.max = 1048576 (custom)
2021-09-14 06:06:31,982 [pool-55-thread-1] INFO  server.RaftServerConfigKeys (ConfUtils.java:logGet(44)) - raft.server.log.segment.cache.num.max = 2 (custom)
2021-09-14 06:06:31,982 [pool-55-thread-1] INFO  server.RaftServerConfigKeys (ConfUtils.java:logGet(44)) - raft.server.log.segment.cache.size.max = 200MB (=209715200) (default)
2021-09-14 06:06:31,982 [pool-55-thread-1] INFO  segmented.SegmentedRaftLogWorker (SegmentedRaftLogWorker.java:<init>(182)) - new 587a1050-2cdd-4e2a-affe-051b452a7472@group-2F2E3A92AED0-SegmentedRaftLogWorker for RaftStorageImpl:Storage Directory /home/runner/work/ozone/ozone/hadoop-ozone/integration-test/target/test-dir/MiniOzoneClusterImpl-90c4e534-bc13-49cf-ad4e-23f32b71864f/datanode-0/data/ratis/8958e09b-f6c4-4e9a-a0bb-2f2e3a92aed0
2021-09-14 06:06:31,982 [pool-55-thread-1] INFO  server.RaftServerConfigKeys (ConfUtils.java:logGet(44)) - raft.server.log.queue.byte-limit = 2147483647 (custom)
2021-09-14 06:06:31,982 [pool-55-thread-1] INFO  server.RaftServerConfigKeys (ConfUtils.java:logGet(44)) - raft.server.log.queue.element-limit = 1024 (custom)
2021-09-14 06:06:31,982 [pool-55-thread-1] INFO  server.RaftServerConfigKeys (ConfUtils.java:logGet(44)) - raft.server.log.segment.size.max = 1048576 (custom)
2021-09-14 06:06:31,982 [pool-55-thread-1] INFO  server.RaftServerConfigKeys (ConfUtils.java:logGet(44)) - raft.server.log.preallocated.size = 16384 (custom)
2021-09-14 06:06:31,982 [pool-55-thread-1] INFO  server.RaftServerConfigKeys (ConfUtils.java:logGet(44)) - raft.server.log.force.sync.num = 128 (default)
2021-09-14 06:06:31,982 [pool-55-thread-1] INFO  server.RaftServerConfigKeys (ConfUtils.java:logGet(44)) - raft.server.log.statemachine.data.sync = true (default)
2021-09-14 06:06:31,982 [pool-55-thread-1] INFO  server.RaftServerConfigKeys (ConfUtils.java:logGet(44)) - raft.server.log.statemachine.data.sync.timeout = 10s (default)
2021-09-14 06:06:31,982 [pool-55-thread-1] INFO  server.RaftServerConfigKeys (ConfUtils.java:logGet(44)) - raft.server.log.statemachine.data.sync.timeout.retry = -1 (default)
2021-09-14 06:06:31,983 [pool-55-thread-1] INFO  server.RaftServerConfigKeys (ConfUtils.java:logGet(44)) - raft.server.log.write.buffer.size = 1048576 (custom)
2021-09-14 06:06:31,984 [pool-55-thread-1] INFO  server.RaftServerConfigKeys (ConfUtils.java:logGet(44)) - raft.server.log.statemachine.data.caching.enabled = true (custom)
2021-09-14 06:06:31,988 [pool-55-thread-1] INFO  segmented.SegmentedRaftLogWorker (SegmentedRaftLogWorker.java:lambda$new$0(133)) - 587a1050-2cdd-4e2a-affe-051b452a7472@group-2F2E3A92AED0-SegmentedRaftLogWorker: flushIndex: setUnconditionally 0 -> -1
2021-09-14 06:06:31,989 [pool-55-thread-1] INFO  segmented.SegmentedRaftLogWorker (SegmentedRaftLogWorker.java:lambda$new$0(133)) - 587a1050-2cdd-4e2a-affe-051b452a7472@group-2F2E3A92AED0-SegmentedRaftLogWorker: safeCacheEvictIndex: setUnconditionally 0 -> -1
2021-09-14 06:06:31,989 [pool-55-thread-1] INFO  server.RaftServerConfigKeys (ConfUtils.java:logGet(44)) - raft.server.snapshot.auto.trigger.enabled = true (custom)
2021-09-14 06:06:31,989 [pool-55-thread-1] INFO  server.RaftServerConfigKeys (ConfUtils.java:logGet(44)) - raft.server.snapshot.auto.trigger.threshold = 10000 (custom)
2021-09-14 06:06:31,989 [pool-55-thread-1] INFO  server.RaftServerConfigKeys (ConfUtils.java:logGet(44)) - raft.server.snapshot.retention.file.num = 5 (custom)
2021-09-14 06:06:31,989 [pool-55-thread-1] INFO  server.RaftServerConfigKeys (ConfUtils.java:logGet(44)) - raft.server.log.purge.upto.snapshot.index = false (default)
2021-09-14 06:06:31,989 [pool-55-thread-1] INFO  server.RaftServerConfigKeys (ConfUtils.java:logGet(44)) - raft.server.retrycache.expirytime = 600000ms (custom)
2021-09-14 06:06:31,989 [pool-55-thread-1] INFO  server.RaftServerConfigKeys (ConfUtils.java:logGet(44)) - raft.server.retrycache.statistics.expirytime = 100μs (default)
2021-09-14 06:06:31,990 [EventQueue-OpenPipelineForHealthyPipelineSafeModeRule] INFO  safemode.SCMSafeModeManager (HealthyPipelineSafeModeRule.java:process(124)) - SCM in safe mode. Healthy pipelines reported count is 0, required healthy pipeline reported count is 1
2021-09-14 06:06:31,996 [Listener at 127.0.0.1/34925] INFO  ozone.MiniOzoneClusterImpl (MiniOzoneClusterImpl.java:lambda$waitForClusterToBeReady$0(235)) - Nodes are ready. Got 3 of 3 DN Heartbeats.
2021-09-14 06:06:31,996 [Listener at 127.0.0.1/34925] INFO  ozone.MiniOzoneClusterImpl (MiniOzoneClusterImpl.java:lambda$waitForClusterToBeReady$0(238)) - Waiting for cluster to exit safe mode
2021-09-14 06:06:31,996 [Listener at 127.0.0.1/34925] INFO  ozone.MiniOzoneClusterImpl (MiniOzoneClusterImpl.java:lambda$waitForClusterToBeReady$0(240)) - SCM became leader
2021-09-14 06:06:32,002 [pool-55-thread-1] INFO  server.RaftServer$Division (RaftServerImpl.java:start(296)) - 587a1050-2cdd-4e2a-affe-051b452a7472@group-2F2E3A92AED0: start as a follower, conf=-1: [587a1050-2cdd-4e2a-affe-051b452a7472|rpc:10.1.0.22:42707|priority:0, 7af46619-9f10-43e2-abd0-ffbc4fcfe41f|rpc:10.1.0.22:43809|priority:1, f5b04939-ef8e-46cc-a15f-0f827e775058|rpc:10.1.0.22:38289|priority:0], old=null
2021-09-14 06:06:32,002 [pool-55-thread-1] INFO  server.RaftServer$Division (RaftServerImpl.java:setRole(285)) - 587a1050-2cdd-4e2a-affe-051b452a7472@group-2F2E3A92AED0: changes role from      null to FOLLOWER at term 0 for startAsFollower
2021-09-14 06:06:32,002 [pool-55-thread-1] INFO  impl.RoleInfo (RoleInfo.java:updateAndGet(130)) - 587a1050-2cdd-4e2a-affe-051b452a7472: start 587a1050-2cdd-4e2a-affe-051b452a7472@group-2F2E3A92AED0-FollowerState
2021-09-14 06:06:32,013 [pool-55-thread-1] INFO  util.JmxRegister (JmxRegister.java:tryRegister(44)) - Successfully registered JMX Bean with object name Ratis:service=RaftServer,group=group-2F2E3A92AED0,id=587a1050-2cdd-4e2a-affe-051b452a7472
2021-09-14 06:06:32,020 [Command processor thread] INFO  ratis.XceiverServerRatis (XceiverServerRatis.java:addGroup(762)) - Created group PipelineID=8958e09b-f6c4-4e9a-a0bb-2f2e3a92aed0
2021-09-14 06:06:32,023 [Command processor thread] INFO  server.RaftServer (RaftServerProxy.java:addNew(95)) - f5b04939-ef8e-46cc-a15f-0f827e775058: addNew group-AB60FCB67CFA:[f5b04939-ef8e-46cc-a15f-0f827e775058|rpc:10.1.0.22:38289|priority:1] returns group-AB60FCB67CFA:java.util.concurrent.CompletableFuture@45fb437f[Not completed]
2021-09-14 06:06:32,024 [pool-93-thread-1] INFO  server.RaftServer$Division (RaftServerImpl.java:<init>(181)) - f5b04939-ef8e-46cc-a15f-0f827e775058: new RaftServerImpl for group-AB60FCB67CFA:[f5b04939-ef8e-46cc-a15f-0f827e775058|rpc:10.1.0.22:38289|priority:1] with ContainerStateMachine:uninitialized
2021-09-14 06:06:32,024 [pool-93-thread-1] INFO  server.RaftServerConfigKeys (ConfUtils.java:logGet(44)) - raft.server.rpc.timeout.min = 5s (custom)
2021-09-14 06:06:32,024 [pool-93-thread-1] INFO  server.RaftServerConfigKeys (ConfUtils.java:logGet(44)) - raft.server.rpc.timeout.max = 5200ms (custom)
2021-09-14 06:06:32,024 [pool-93-thread-1] INFO  server.RaftServerConfigKeys (ConfUtils.java:logGet(44)) - raft.server.rpc.sleep.time = 25ms (default)
2021-09-14 06:06:32,024 [pool-93-thread-1] INFO  server.RaftServerConfigKeys (ConfUtils.java:logGet(44)) - raft.server.rpc.slowness.timeout = 300s (custom)
2021-09-14 06:06:32,024 [pool-93-thread-1] INFO  server.RaftServerConfigKeys (ConfUtils.java:logGet(44)) - raft.server.leaderelection.leader.step-down.wait-time = 10s (default)
2021-09-14 06:06:32,024 [pool-93-thread-1] INFO  server.RaftServerConfigKeys (ConfUtils.java:logGet(44)) - raft.server.sleep.deviation.threshold = 300ms (default)
2021-09-14 06:06:32,024 [pool-93-thread-1] INFO  server.RaftServerConfigKeys (ConfUtils.java:logGet(44)) - raft.server.log.appender.install.snapshot.enabled = false (custom)
2021-09-14 06:06:32,025 [pool-93-thread-1] INFO  server.RaftServer$Division (ServerState.java:<init>(105)) - f5b04939-ef8e-46cc-a15f-0f827e775058@group-AB60FCB67CFA: ConfigurationManager, init=-1: [f5b04939-ef8e-46cc-a15f-0f827e775058|rpc:10.1.0.22:38289|priority:1], old=null, confs=<EMPTY_MAP>
2021-09-14 06:06:32,025 [pool-93-thread-1] INFO  server.RaftServerConfigKeys (ConfUtils.java:logGet(44)) - raft.server.storage.dir = [/home/runner/work/ozone/ozone/hadoop-ozone/integration-test/target/test-dir/MiniOzoneClusterImpl-90c4e534-bc13-49cf-ad4e-23f32b71864f/datanode-2/data/ratis] (custom)
2021-09-14 06:06:32,025 [pool-93-thread-1] INFO  server.RaftServerConfigKeys (ConfUtils.java:logGet(44)) - raft.server.log.corruption.policy = EXCEPTION (default)
2021-09-14 06:06:32,025 [pool-93-thread-1] INFO  server.RaftServerConfigKeys (ConfUtils.java:logGet(44)) - raft.server.storage.free-space.min = 0MB (=0) (default)
2021-09-14 06:06:32,025 [pool-93-thread-1] INFO  storage.RaftStorageDirectory (RaftStorageDirectoryImpl.java:analyzeStorage(135)) - The storage directory /home/runner/work/ozone/ozone/hadoop-ozone/integration-test/target/test-dir/MiniOzoneClusterImpl-90c4e534-bc13-49cf-ad4e-23f32b71864f/datanode-2/data/ratis/2945b166-3300-4e1a-a2f7-ab60fcb67cfa does not exist. Creating ...
2021-09-14 06:06:32,026 [pool-93-thread-1] INFO  storage.RaftStorageDirectory (RaftStorageDirectoryImpl.java:tryLock(230)) - Lock on /home/runner/work/ozone/ozone/hadoop-ozone/integration-test/target/test-dir/MiniOzoneClusterImpl-90c4e534-bc13-49cf-ad4e-23f32b71864f/datanode-2/data/ratis/2945b166-3300-4e1a-a2f7-ab60fcb67cfa/in_use.lock acquired by nodename 18765@fv-az195-153
2021-09-14 06:06:32,034 [pool-93-thread-1] INFO  storage.RaftStorage (RaftStorageImpl.java:format(89)) - Storage directory /home/runner/work/ozone/ozone/hadoop-ozone/integration-test/target/test-dir/MiniOzoneClusterImpl-90c4e534-bc13-49cf-ad4e-23f32b71864f/datanode-2/data/ratis/2945b166-3300-4e1a-a2f7-ab60fcb67cfa has been successfully formatted.
2021-09-14 06:06:32,036 [pool-93-thread-1] INFO  ratis.ContainerStateMachine (ContainerStateMachine.java:loadSnapshot(224)) - group-AB60FCB67CFA: The snapshot info is null. Setting the last applied indexto:(t:0, i:~)
2021-09-14 06:06:32,036 [pool-93-thread-1] INFO  server.RaftServerConfigKeys (ConfUtils.java:logGet(44)) - raft.server.notification.no-leader.timeout = 300s (custom)
2021-09-14 06:06:32,036 [pool-93-thread-1] INFO  server.RaftServerConfigKeys (ConfUtils.java:logGet(44)) - raft.server.log.use.memory = false (default)
2021-09-14 06:06:32,036 [pool-93-thread-1] INFO  server.RaftServerConfigKeys (ConfUtils.java:logGet(44)) - raft.server.log.purge.gap = 1000000 (custom)
2021-09-14 06:06:32,036 [pool-93-thread-1] INFO  server.RaftServerConfigKeys (ConfUtils.java:logGet(44)) - raft.server.log.appender.buffer.byte-limit = 33554432 (custom)
2021-09-14 06:06:32,036 [pool-93-thread-1] INFO  server.RaftServerConfigKeys (ConfUtils.java:logGet(44)) - raft.server.log.segment.size.max = 1048576 (custom)
2021-09-14 06:06:32,037 [pool-93-thread-1] INFO  server.RaftServerConfigKeys (ConfUtils.java:logGet(44)) - raft.server.log.segment.cache.num.max = 2 (custom)
2021-09-14 06:06:32,037 [pool-93-thread-1] INFO  server.RaftServerConfigKeys (ConfUtils.java:logGet(44)) - raft.server.log.segment.cache.size.max = 200MB (=209715200) (default)
2021-09-14 06:06:32,037 [pool-93-thread-1] INFO  segmented.SegmentedRaftLogWorker (SegmentedRaftLogWorker.java:<init>(182)) - new f5b04939-ef8e-46cc-a15f-0f827e775058@group-AB60FCB67CFA-SegmentedRaftLogWorker for RaftStorageImpl:Storage Directory /home/runner/work/ozone/ozone/hadoop-ozone/integration-test/target/test-dir/MiniOzoneClusterImpl-90c4e534-bc13-49cf-ad4e-23f32b71864f/datanode-2/data/ratis/2945b166-3300-4e1a-a2f7-ab60fcb67cfa
2021-09-14 06:06:32,037 [pool-93-thread-1] INFO  server.RaftServerConfigKeys (ConfUtils.java:logGet(44)) - raft.server.log.queue.byte-limit = 2147483647 (custom)
2021-09-14 06:06:32,037 [pool-93-thread-1] INFO  server.RaftServerConfigKeys (ConfUtils.java:logGet(44)) - raft.server.log.queue.element-limit = 1024 (custom)
2021-09-14 06:06:32,037 [pool-93-thread-1] INFO  server.RaftServerConfigKeys (ConfUtils.java:logGet(44)) - raft.server.log.segment.size.max = 1048576 (custom)
2021-09-14 06:06:32,037 [pool-93-thread-1] INFO  server.RaftServerConfigKeys (ConfUtils.java:logGet(44)) - raft.server.log.preallocated.size = 16384 (custom)
2021-09-14 06:06:32,037 [pool-93-thread-1] INFO  server.RaftServerConfigKeys (ConfUtils.java:logGet(44)) - raft.server.log.force.sync.num = 128 (default)
2021-09-14 06:06:32,037 [pool-93-thread-1] INFO  server.RaftServerConfigKeys (ConfUtils.java:logGet(44)) - raft.server.log.statemachine.data.sync = true (default)
2021-09-14 06:06:32,037 [pool-93-thread-1] INFO  server.RaftServerConfigKeys (ConfUtils.java:logGet(44)) - raft.server.log.statemachine.data.sync.timeout = 10s (default)
2021-09-14 06:06:32,037 [pool-93-thread-1] INFO  server.RaftServerConfigKeys (ConfUtils.java:logGet(44)) - raft.server.log.statemachine.data.sync.timeout.retry = -1 (default)
2021-09-14 06:06:32,038 [pool-93-thread-1] INFO  server.RaftServerConfigKeys (ConfUtils.java:logGet(44)) - raft.server.log.write.buffer.size = 1048576 (custom)
2021-09-14 06:06:32,039 [pool-93-thread-1] INFO  server.RaftServerConfigKeys (ConfUtils.java:logGet(44)) - raft.server.log.statemachine.data.caching.enabled = true (custom)
2021-09-14 06:06:32,039 [pool-93-thread-1] INFO  segmented.SegmentedRaftLogWorker (SegmentedRaftLogWorker.java:lambda$new$0(133)) - f5b04939-ef8e-46cc-a15f-0f827e775058@group-AB60FCB67CFA-SegmentedRaftLogWorker: flushIndex: setUnconditionally 0 -> -1
2021-09-14 06:06:32,039 [pool-93-thread-1] INFO  segmented.SegmentedRaftLogWorker (SegmentedRaftLogWorker.java:lambda$new$0(133)) - f5b04939-ef8e-46cc-a15f-0f827e775058@group-AB60FCB67CFA-SegmentedRaftLogWorker: safeCacheEvictIndex: setUnconditionally 0 -> -1
2021-09-14 06:06:32,039 [pool-93-thread-1] INFO  server.RaftServerConfigKeys (ConfUtils.java:logGet(44)) - raft.server.snapshot.auto.trigger.enabled = true (custom)
2021-09-14 06:06:32,047 [pool-93-thread-1] INFO  server.RaftServerConfigKeys (ConfUtils.java:logGet(44)) - raft.server.snapshot.auto.trigger.threshold = 10000 (custom)
2021-09-14 06:06:32,047 [pool-93-thread-1] INFO  server.RaftServerConfigKeys (ConfUtils.java:logGet(44)) - raft.server.snapshot.retention.file.num = 5 (custom)
2021-09-14 06:06:32,047 [pool-93-thread-1] INFO  server.RaftServerConfigKeys (ConfUtils.java:logGet(44)) - raft.server.log.purge.upto.snapshot.index = false (default)
2021-09-14 06:06:32,047 [pool-93-thread-1] INFO  server.RaftServerConfigKeys (ConfUtils.java:logGet(44)) - raft.server.retrycache.expirytime = 600000ms (custom)
2021-09-14 06:06:32,047 [pool-93-thread-1] INFO  server.RaftServerConfigKeys (ConfUtils.java:logGet(44)) - raft.server.retrycache.statistics.expirytime = 100μs (default)
2021-09-14 06:06:32,056 [pool-93-thread-1] INFO  server.RaftServer$Division (RaftServerImpl.java:start(296)) - f5b04939-ef8e-46cc-a15f-0f827e775058@group-AB60FCB67CFA: start as a follower, conf=-1: [f5b04939-ef8e-46cc-a15f-0f827e775058|rpc:10.1.0.22:38289|priority:1], old=null
2021-09-14 06:06:32,056 [pool-93-thread-1] INFO  server.RaftServer$Division (RaftServerImpl.java:setRole(285)) - f5b04939-ef8e-46cc-a15f-0f827e775058@group-AB60FCB67CFA: changes role from      null to FOLLOWER at term 0 for startAsFollower
2021-09-14 06:06:32,056 [pool-93-thread-1] INFO  impl.RoleInfo (RoleInfo.java:updateAndGet(130)) - f5b04939-ef8e-46cc-a15f-0f827e775058: start f5b04939-ef8e-46cc-a15f-0f827e775058@group-AB60FCB67CFA-FollowerState
2021-09-14 06:06:32,056 [EventQueue-PipelineReportForPipelineReportHandler] INFO  pipeline.PipelineManagerImpl (PipelineManagerImpl.java:openPipeline(282)) - Pipeline Pipeline[ Id: 2945b166-3300-4e1a-a2f7-ab60fcb67cfa, Nodes: f5b04939-ef8e-46cc-a15f-0f827e775058{ip: 10.1.0.22, host: fv-az195-153.u3nnjwd0vyge1bu22idnsdeq2e.cx.internal.cloudapp.net, ports: [REPLICATION=43795, RATIS=38289, RATIS_ADMIN=38289, RATIS_SERVER=38289, STANDALONE=33041], networkLocation: /default-rack, certSerialId: null, persistedOpState: IN_SERVICE, persistedOpStateExpiryEpochSec: 0}, ReplicationConfig: RATIS/ONE, State:ALLOCATED, leaderId:f5b04939-ef8e-46cc-a15f-0f827e775058, CreationTimestamp2021-09-14T06:06:29.029Z[Etc/UTC]] moved to OPEN state
2021-09-14 06:06:32,056 [pool-93-thread-1] INFO  util.JmxRegister (JmxRegister.java:tryRegister(44)) - Successfully registered JMX Bean with object name Ratis:service=RaftServer,group=group-AB60FCB67CFA,id=f5b04939-ef8e-46cc-a15f-0f827e775058
2021-09-14 06:06:32,057 [Command processor thread] INFO  ratis.XceiverServerRatis (XceiverServerRatis.java:addGroup(762)) - Created group PipelineID=2945b166-3300-4e1a-a2f7-ab60fcb67cfa
2021-09-14 06:06:32,060 [Command processor thread] INFO  commandhandler.CreatePipelineCommandHandler (CreatePipelineCommandHandler.java:handle(106)) - Created Pipeline RATIS ONE PipelineID=2945b166-3300-4e1a-a2f7-ab60fcb67cfa.
2021-09-14 06:06:32,057 [EventQueue-OpenPipelineForHealthyPipelineSafeModeRule] INFO  safemode.SCMSafeModeManager (HealthyPipelineSafeModeRule.java:process(124)) - SCM in safe mode. Healthy pipelines reported count is 0, required healthy pipeline reported count is 1
2021-09-14 06:06:32,060 [Command processor thread] INFO  server.RaftServer (RaftServerProxy.java:addNew(95)) - f5b04939-ef8e-46cc-a15f-0f827e775058: addNew group-2F2E3A92AED0:[587a1050-2cdd-4e2a-affe-051b452a7472|rpc:10.1.0.22:42707|priority:0, 7af46619-9f10-43e2-abd0-ffbc4fcfe41f|rpc:10.1.0.22:43809|priority:1, f5b04939-ef8e-46cc-a15f-0f827e775058|rpc:10.1.0.22:38289|priority:0] returns group-2F2E3A92AED0:java.util.concurrent.CompletableFuture@4b3cb5b0[Not completed]
2021-09-14 06:06:32,061 [pool-93-thread-1] INFO  server.RaftServer$Division (RaftServerImpl.java:<init>(181)) - f5b04939-ef8e-46cc-a15f-0f827e775058: new RaftServerImpl for group-2F2E3A92AED0:[587a1050-2cdd-4e2a-affe-051b452a7472|rpc:10.1.0.22:42707|priority:0, 7af46619-9f10-43e2-abd0-ffbc4fcfe41f|rpc:10.1.0.22:43809|priority:1, f5b04939-ef8e-46cc-a15f-0f827e775058|rpc:10.1.0.22:38289|priority:0] with ContainerStateMachine:uninitialized
2021-09-14 06:06:32,061 [pool-93-thread-1] INFO  server.RaftServerConfigKeys (ConfUtils.java:logGet(44)) - raft.server.rpc.timeout.min = 5s (custom)
2021-09-14 06:06:32,061 [pool-93-thread-1] INFO  server.RaftServerConfigKeys (ConfUtils.java:logGet(44)) - raft.server.rpc.timeout.max = 5200ms (custom)
2021-09-14 06:06:32,061 [pool-93-thread-1] INFO  server.RaftServerConfigKeys (ConfUtils.java:logGet(44)) - raft.server.rpc.sleep.time = 25ms (default)
2021-09-14 06:06:32,061 [pool-93-thread-1] INFO  server.RaftServerConfigKeys (ConfUtils.java:logGet(44)) - raft.server.rpc.slowness.timeout = 300s (custom)
2021-09-14 06:06:32,062 [pool-93-thread-1] INFO  server.RaftServerConfigKeys (ConfUtils.java:logGet(44)) - raft.server.leaderelection.leader.step-down.wait-time = 10s (default)
2021-09-14 06:06:32,062 [pool-93-thread-1] INFO  server.RaftServerConfigKeys (ConfUtils.java:logGet(44)) - raft.server.sleep.deviation.threshold = 300ms (default)
2021-09-14 06:06:32,062 [pool-93-thread-1] INFO  server.RaftServerConfigKeys (ConfUtils.java:logGet(44)) - raft.server.log.appender.install.snapshot.enabled = false (custom)
2021-09-14 06:06:32,062 [pool-93-thread-1] INFO  server.RaftServer$Division (ServerState.java:<init>(105)) - f5b04939-ef8e-46cc-a15f-0f827e775058@group-2F2E3A92AED0: ConfigurationManager, init=-1: [587a1050-2cdd-4e2a-affe-051b452a7472|rpc:10.1.0.22:42707|priority:0, 7af46619-9f10-43e2-abd0-ffbc4fcfe41f|rpc:10.1.0.22:43809|priority:1, f5b04939-ef8e-46cc-a15f-0f827e775058|rpc:10.1.0.22:38289|priority:0], old=null, confs=<EMPTY_MAP>
2021-09-14 06:06:32,062 [pool-93-thread-1] INFO  server.RaftServerConfigKeys (ConfUtils.java:logGet(44)) - raft.server.storage.dir = [/home/runner/work/ozone/ozone/hadoop-ozone/integration-test/target/test-dir/MiniOzoneClusterImpl-90c4e534-bc13-49cf-ad4e-23f32b71864f/datanode-2/data/ratis] (custom)
2021-09-14 06:06:32,062 [pool-93-thread-1] INFO  server.RaftServerConfigKeys (ConfUtils.java:logGet(44)) - raft.server.log.corruption.policy = EXCEPTION (default)
2021-09-14 06:06:32,062 [pool-93-thread-1] INFO  server.RaftServerConfigKeys (ConfUtils.java:logGet(44)) - raft.server.storage.free-space.min = 0MB (=0) (default)
2021-09-14 06:06:32,062 [pool-93-thread-1] INFO  storage.RaftStorageDirectory (RaftStorageDirectoryImpl.java:analyzeStorage(135)) - The storage directory /home/runner/work/ozone/ozone/hadoop-ozone/integration-test/target/test-dir/MiniOzoneClusterImpl-90c4e534-bc13-49cf-ad4e-23f32b71864f/datanode-2/data/ratis/8958e09b-f6c4-4e9a-a0bb-2f2e3a92aed0 does not exist. Creating ...
2021-09-14 06:06:32,068 [pool-93-thread-1] INFO  storage.RaftStorageDirectory (RaftStorageDirectoryImpl.java:tryLock(230)) - Lock on /home/runner/work/ozone/ozone/hadoop-ozone/integration-test/target/test-dir/MiniOzoneClusterImpl-90c4e534-bc13-49cf-ad4e-23f32b71864f/datanode-2/data/ratis/8958e09b-f6c4-4e9a-a0bb-2f2e3a92aed0/in_use.lock acquired by nodename 18765@fv-az195-153
2021-09-14 06:06:32,069 [pool-93-thread-1] INFO  storage.RaftStorage (RaftStorageImpl.java:format(89)) - Storage directory /home/runner/work/ozone/ozone/hadoop-ozone/integration-test/target/test-dir/MiniOzoneClusterImpl-90c4e534-bc13-49cf-ad4e-23f32b71864f/datanode-2/data/ratis/8958e09b-f6c4-4e9a-a0bb-2f2e3a92aed0 has been successfully formatted.
2021-09-14 06:06:32,070 [pool-93-thread-1] INFO  ratis.ContainerStateMachine (ContainerStateMachine.java:loadSnapshot(224)) - group-2F2E3A92AED0: The snapshot info is null. Setting the last applied indexto:(t:0, i:~)
2021-09-14 06:06:32,070 [pool-93-thread-1] INFO  server.RaftServerConfigKeys (ConfUtils.java:logGet(44)) - raft.server.notification.no-leader.timeout = 300s (custom)
2021-09-14 06:06:32,070 [pool-93-thread-1] INFO  server.RaftServerConfigKeys (ConfUtils.java:logGet(44)) - raft.server.log.use.memory = false (default)
2021-09-14 06:06:32,070 [pool-93-thread-1] INFO  server.RaftServerConfigKeys (ConfUtils.java:logGet(44)) - raft.server.log.purge.gap = 1000000 (custom)
2021-09-14 06:06:32,070 [pool-93-thread-1] INFO  server.RaftServerConfigKeys (ConfUtils.java:logGet(44)) - raft.server.log.appender.buffer.byte-limit = 33554432 (custom)
2021-09-14 06:06:32,070 [pool-93-thread-1] INFO  server.RaftServerConfigKeys (ConfUtils.java:logGet(44)) - raft.server.log.segment.size.max = 1048576 (custom)
2021-09-14 06:06:32,071 [pool-93-thread-1] INFO  server.RaftServerConfigKeys (ConfUtils.java:logGet(44)) - raft.server.log.segment.cache.num.max = 2 (custom)
2021-09-14 06:06:32,071 [pool-93-thread-1] INFO  server.RaftServerConfigKeys (ConfUtils.java:logGet(44)) - raft.server.log.segment.cache.size.max = 200MB (=209715200) (default)
2021-09-14 06:06:32,071 [pool-93-thread-1] INFO  segmented.SegmentedRaftLogWorker (SegmentedRaftLogWorker.java:<init>(182)) - new f5b04939-ef8e-46cc-a15f-0f827e775058@group-2F2E3A92AED0-SegmentedRaftLogWorker for RaftStorageImpl:Storage Directory /home/runner/work/ozone/ozone/hadoop-ozone/integration-test/target/test-dir/MiniOzoneClusterImpl-90c4e534-bc13-49cf-ad4e-23f32b71864f/datanode-2/data/ratis/8958e09b-f6c4-4e9a-a0bb-2f2e3a92aed0
2021-09-14 06:06:32,071 [pool-93-thread-1] INFO  server.RaftServerConfigKeys (ConfUtils.java:logGet(44)) - raft.server.log.queue.byte-limit = 2147483647 (custom)
2021-09-14 06:06:32,071 [pool-93-thread-1] INFO  server.RaftServerConfigKeys (ConfUtils.java:logGet(44)) - raft.server.log.queue.element-limit = 1024 (custom)
2021-09-14 06:06:32,071 [pool-93-thread-1] INFO  server.RaftServerConfigKeys (ConfUtils.java:logGet(44)) - raft.server.log.segment.size.max = 1048576 (custom)
2021-09-14 06:06:32,071 [pool-93-thread-1] INFO  server.RaftServerConfigKeys (ConfUtils.java:logGet(44)) - raft.server.log.preallocated.size = 16384 (custom)
2021-09-14 06:06:32,071 [pool-93-thread-1] INFO  server.RaftServerConfigKeys (ConfUtils.java:logGet(44)) - raft.server.log.force.sync.num = 128 (default)
2021-09-14 06:06:32,071 [pool-93-thread-1] INFO  server.RaftServerConfigKeys (ConfUtils.java:logGet(44)) - raft.server.log.statemachine.data.sync = true (default)
2021-09-14 06:06:32,071 [pool-93-thread-1] INFO  server.RaftServerConfigKeys (ConfUtils.java:logGet(44)) - raft.server.log.statemachine.data.sync.timeout = 10s (default)
2021-09-14 06:06:32,072 [pool-93-thread-1] INFO  server.RaftServerConfigKeys (ConfUtils.java:logGet(44)) - raft.server.log.statemachine.data.sync.timeout.retry = -1 (default)
2021-09-14 06:06:32,073 [pool-93-thread-1] INFO  server.RaftServerConfigKeys (ConfUtils.java:logGet(44)) - raft.server.log.write.buffer.size = 1048576 (custom)
2021-09-14 06:06:32,073 [EventQueue-OpenPipelineForHealthyPipelineSafeModeRule] INFO  safemode.SCMSafeModeManager (HealthyPipelineSafeModeRule.java:process(124)) - SCM in safe mode. Healthy pipelines reported count is 0, required healthy pipeline reported count is 1
2021-09-14 06:06:32,080 [pool-93-thread-1] INFO  server.RaftServerConfigKeys (ConfUtils.java:logGet(44)) - raft.server.log.statemachine.data.caching.enabled = true (custom)
2021-09-14 06:06:32,080 [pool-93-thread-1] INFO  segmented.SegmentedRaftLogWorker (SegmentedRaftLogWorker.java:lambda$new$0(133)) - f5b04939-ef8e-46cc-a15f-0f827e775058@group-2F2E3A92AED0-SegmentedRaftLogWorker: flushIndex: setUnconditionally 0 -> -1
2021-09-14 06:06:32,080 [pool-93-thread-1] INFO  segmented.SegmentedRaftLogWorker (SegmentedRaftLogWorker.java:lambda$new$0(133)) - f5b04939-ef8e-46cc-a15f-0f827e775058@group-2F2E3A92AED0-SegmentedRaftLogWorker: safeCacheEvictIndex: setUnconditionally 0 -> -1
2021-09-14 06:06:32,084 [pool-93-thread-1] INFO  server.RaftServerConfigKeys (ConfUtils.java:logGet(44)) - raft.server.snapshot.auto.trigger.enabled = true (custom)
2021-09-14 06:06:32,084 [pool-93-thread-1] INFO  server.RaftServerConfigKeys (ConfUtils.java:logGet(44)) - raft.server.snapshot.auto.trigger.threshold = 10000 (custom)
2021-09-14 06:06:32,085 [pool-93-thread-1] INFO  server.RaftServerConfigKeys (ConfUtils.java:logGet(44)) - raft.server.snapshot.retention.file.num = 5 (custom)
2021-09-14 06:06:32,085 [pool-93-thread-1] INFO  server.RaftServerConfigKeys (ConfUtils.java:logGet(44)) - raft.server.log.purge.upto.snapshot.index = false (default)
2021-09-14 06:06:32,085 [pool-93-thread-1] INFO  server.RaftServerConfigKeys (ConfUtils.java:logGet(44)) - raft.server.retrycache.expirytime = 600000ms (custom)
2021-09-14 06:06:32,085 [pool-93-thread-1] INFO  server.RaftServerConfigKeys (ConfUtils.java:logGet(44)) - raft.server.retrycache.statistics.expirytime = 100μs (default)
2021-09-14 06:06:32,092 [pool-93-thread-1] INFO  server.RaftServer$Division (RaftServerImpl.java:start(296)) - f5b04939-ef8e-46cc-a15f-0f827e775058@group-2F2E3A92AED0: start as a follower, conf=-1: [587a1050-2cdd-4e2a-affe-051b452a7472|rpc:10.1.0.22:42707|priority:0, 7af46619-9f10-43e2-abd0-ffbc4fcfe41f|rpc:10.1.0.22:43809|priority:1, f5b04939-ef8e-46cc-a15f-0f827e775058|rpc:10.1.0.22:38289|priority:0], old=null
2021-09-14 06:06:32,092 [pool-93-thread-1] INFO  server.RaftServer$Division (RaftServerImpl.java:setRole(285)) - f5b04939-ef8e-46cc-a15f-0f827e775058@group-2F2E3A92AED0: changes role from      null to FOLLOWER at term 0 for startAsFollower
2021-09-14 06:06:32,092 [pool-93-thread-1] INFO  impl.RoleInfo (RoleInfo.java:updateAndGet(130)) - f5b04939-ef8e-46cc-a15f-0f827e775058: start f5b04939-ef8e-46cc-a15f-0f827e775058@group-2F2E3A92AED0-FollowerState
2021-09-14 06:06:32,092 [pool-93-thread-1] INFO  util.JmxRegister (JmxRegister.java:tryRegister(44)) - Successfully registered JMX Bean with object name Ratis:service=RaftServer,group=group-2F2E3A92AED0,id=f5b04939-ef8e-46cc-a15f-0f827e775058
2021-09-14 06:06:32,093 [Command processor thread] INFO  ratis.XceiverServerRatis (XceiverServerRatis.java:addGroup(762)) - Created group PipelineID=8958e09b-f6c4-4e9a-a0bb-2f2e3a92aed0
2021-09-14 06:06:32,101 [Command processor thread] INFO  commandhandler.CreatePipelineCommandHandler (CreatePipelineCommandHandler.java:handle(106)) - Created Pipeline RATIS THREE PipelineID=8958e09b-f6c4-4e9a-a0bb-2f2e3a92aed0.
2021-09-14 06:06:32,120 [Command processor thread] INFO  commandhandler.CreatePipelineCommandHandler (CreatePipelineCommandHandler.java:handle(106)) - Created Pipeline RATIS THREE PipelineID=8958e09b-f6c4-4e9a-a0bb-2f2e3a92aed0.
2021-09-14 06:06:32,146 [Command processor thread] INFO  commandhandler.CreatePipelineCommandHandler (CreatePipelineCommandHandler.java:handle(106)) - Created Pipeline RATIS THREE PipelineID=8958e09b-f6c4-4e9a-a0bb-2f2e3a92aed0.
2021-09-14 06:06:32,996 [Listener at 127.0.0.1/34925] INFO  ozone.MiniOzoneClusterImpl (MiniOzoneClusterImpl.java:lambda$waitForClusterToBeReady$0(235)) - Nodes are ready. Got 3 of 3 DN Heartbeats.
2021-09-14 06:06:32,996 [Listener at 127.0.0.1/34925] INFO  ozone.MiniOzoneClusterImpl (MiniOzoneClusterImpl.java:lambda$waitForClusterToBeReady$0(238)) - Waiting for cluster to exit safe mode
2021-09-14 06:06:32,996 [Listener at 127.0.0.1/34925] INFO  ozone.MiniOzoneClusterImpl (MiniOzoneClusterImpl.java:lambda$waitForClusterToBeReady$0(240)) - SCM became leader
2021-09-14 06:06:33,997 [Listener at 127.0.0.1/34925] INFO  ozone.MiniOzoneClusterImpl (MiniOzoneClusterImpl.java:lambda$waitForClusterToBeReady$0(235)) - Nodes are ready. Got 3 of 3 DN Heartbeats.
2021-09-14 06:06:33,997 [Listener at 127.0.0.1/34925] INFO  ozone.MiniOzoneClusterImpl (MiniOzoneClusterImpl.java:lambda$waitForClusterToBeReady$0(238)) - Waiting for cluster to exit safe mode
2021-09-14 06:06:33,997 [Listener at 127.0.0.1/34925] INFO  ozone.MiniOzoneClusterImpl (MiniOzoneClusterImpl.java:lambda$waitForClusterToBeReady$0(240)) - SCM became leader
2021-09-14 06:06:34,997 [Listener at 127.0.0.1/34925] INFO  ozone.MiniOzoneClusterImpl (MiniOzoneClusterImpl.java:lambda$waitForClusterToBeReady$0(235)) - Nodes are ready. Got 3 of 3 DN Heartbeats.
2021-09-14 06:06:34,997 [Listener at 127.0.0.1/34925] INFO  ozone.MiniOzoneClusterImpl (MiniOzoneClusterImpl.java:lambda$waitForClusterToBeReady$0(238)) - Waiting for cluster to exit safe mode
2021-09-14 06:06:34,997 [Listener at 127.0.0.1/34925] INFO  ozone.MiniOzoneClusterImpl (MiniOzoneClusterImpl.java:lambda$waitForClusterToBeReady$0(240)) - SCM became leader
2021-09-14 06:06:35,998 [Listener at 127.0.0.1/34925] INFO  ozone.MiniOzoneClusterImpl (MiniOzoneClusterImpl.java:lambda$waitForClusterToBeReady$0(235)) - Nodes are ready. Got 3 of 3 DN Heartbeats.
2021-09-14 06:06:35,998 [Listener at 127.0.0.1/34925] INFO  ozone.MiniOzoneClusterImpl (MiniOzoneClusterImpl.java:lambda$waitForClusterToBeReady$0(238)) - Waiting for cluster to exit safe mode
2021-09-14 06:06:35,998 [Listener at 127.0.0.1/34925] INFO  ozone.MiniOzoneClusterImpl (MiniOzoneClusterImpl.java:lambda$waitForClusterToBeReady$0(240)) - SCM became leader
2021-09-14 06:06:36,197 [587a1050-2cdd-4e2a-affe-051b452a7472@group-F191C23A7A47-FollowerState] INFO  impl.FollowerState (FollowerState.java:run(134)) - 587a1050-2cdd-4e2a-affe-051b452a7472@group-F191C23A7A47-FollowerState: change to CANDIDATE, lastRpcElapsedTime:5069261734ns, electionTimeout:5057ms
2021-09-14 06:06:36,197 [587a1050-2cdd-4e2a-affe-051b452a7472@group-F191C23A7A47-FollowerState] INFO  impl.RoleInfo (RoleInfo.java:shutdownFollowerState(108)) - 587a1050-2cdd-4e2a-affe-051b452a7472: shutdown 587a1050-2cdd-4e2a-affe-051b452a7472@group-F191C23A7A47-FollowerState
2021-09-14 06:06:36,197 [587a1050-2cdd-4e2a-affe-051b452a7472@group-F191C23A7A47-FollowerState] INFO  server.RaftServer$Division (RaftServerImpl.java:setRole(285)) - 587a1050-2cdd-4e2a-affe-051b452a7472@group-F191C23A7A47: changes role from  FOLLOWER to CANDIDATE at term 0 for changeToCandidate
2021-09-14 06:06:36,197 [587a1050-2cdd-4e2a-affe-051b452a7472@group-F191C23A7A47-FollowerState] INFO  server.RaftServerConfigKeys (ConfUtils.java:logGet(44)) - raft.server.leaderelection.pre-vote = false (custom)
2021-09-14 06:06:36,198 [587a1050-2cdd-4e2a-affe-051b452a7472@group-F191C23A7A47-FollowerState] INFO  impl.RoleInfo (RoleInfo.java:updateAndGet(130)) - 587a1050-2cdd-4e2a-affe-051b452a7472: start 587a1050-2cdd-4e2a-affe-051b452a7472@group-F191C23A7A47-LeaderElection2
2021-09-14 06:06:36,205 [587a1050-2cdd-4e2a-affe-051b452a7472@group-F191C23A7A47-LeaderElection2] INFO  impl.LeaderElection (LeaderElection.java:askForVotes(306)) - 587a1050-2cdd-4e2a-affe-051b452a7472@group-F191C23A7A47-LeaderElection2 ELECTION round 0: submit vote requests at term 1 for -1: [587a1050-2cdd-4e2a-affe-051b452a7472|rpc:10.1.0.22:42707|priority:1], old=null
2021-09-14 06:06:36,205 [587a1050-2cdd-4e2a-affe-051b452a7472@group-F191C23A7A47-LeaderElection2] INFO  impl.LeaderElection (LeaderElection.java:askForVotes(308)) - 587a1050-2cdd-4e2a-affe-051b452a7472@group-F191C23A7A47-LeaderElection2 ELECTION round 0: result PASSED (term=1)
2021-09-14 06:06:36,205 [587a1050-2cdd-4e2a-affe-051b452a7472@group-F191C23A7A47-LeaderElection2] INFO  impl.RoleInfo (RoleInfo.java:shutdownLeaderElection(121)) - 587a1050-2cdd-4e2a-affe-051b452a7472: shutdown 587a1050-2cdd-4e2a-affe-051b452a7472@group-F191C23A7A47-LeaderElection2
2021-09-14 06:06:36,205 [587a1050-2cdd-4e2a-affe-051b452a7472@group-F191C23A7A47-LeaderElection2] INFO  server.RaftServer$Division (RaftServerImpl.java:setRole(285)) - 587a1050-2cdd-4e2a-affe-051b452a7472@group-F191C23A7A47: changes role from CANDIDATE to LEADER at term 1 for changeToLeader
2021-09-14 06:06:36,205 [587a1050-2cdd-4e2a-affe-051b452a7472@group-F191C23A7A47-LeaderElection2] INFO  ratis.XceiverServerRatis (XceiverServerRatis.java:handleLeaderChangedNotification(860)) - Leader change notification received for group: group-F191C23A7A47 with new leaderId: 587a1050-2cdd-4e2a-affe-051b452a7472
2021-09-14 06:06:36,205 [587a1050-2cdd-4e2a-affe-051b452a7472@group-F191C23A7A47-LeaderElection2] INFO  server.RaftServer$Division (ServerState.java:setLeader(285)) - 587a1050-2cdd-4e2a-affe-051b452a7472@group-F191C23A7A47: change Leader from null to 587a1050-2cdd-4e2a-affe-051b452a7472 at term 1 for becomeLeader, leader elected after 5084ms
2021-09-14 06:06:36,206 [587a1050-2cdd-4e2a-affe-051b452a7472@group-F191C23A7A47-LeaderElection2] INFO  server.RaftServerConfigKeys (ConfUtils.java:logGet(44)) - raft.server.staging.catchup.gap = 1000 (default)
2021-09-14 06:06:36,206 [587a1050-2cdd-4e2a-affe-051b452a7472@group-F191C23A7A47-LeaderElection2] INFO  server.RaftServerConfigKeys (ConfUtils.java:logGet(44)) - raft.server.write.element-limit = 1024 (custom)
2021-09-14 06:06:36,206 [Datanode State Machine Thread - 0] WARN  statemachine.StateContext (StateContext.java:execute(621)) - No available thread in pool for past 1 seconds.
2021-09-14 06:06:36,208 [587a1050-2cdd-4e2a-affe-051b452a7472@group-F191C23A7A47-LeaderElection2] INFO  server.RaftServerConfigKeys (ConfUtils.java:logGet(44)) - raft.server.write.byte-limit = 1024 M (=1073741824) (custom)
2021-09-14 06:06:36,209 [EventQueue-OpenPipelineForHealthyPipelineSafeModeRule] INFO  safemode.SCMSafeModeManager (HealthyPipelineSafeModeRule.java:process(124)) - SCM in safe mode. Healthy pipelines reported count is 0, required healthy pipeline reported count is 1
2021-09-14 06:06:36,209 [587a1050-2cdd-4e2a-affe-051b452a7472@group-F191C23A7A47-LeaderElection2] INFO  server.RaftServerConfigKeys (ConfUtils.java:logGet(44)) - raft.server.watch.timeout = 180s (custom)
2021-09-14 06:06:36,209 [587a1050-2cdd-4e2a-affe-051b452a7472@group-F191C23A7A47-LeaderElection2] INFO  server.RaftServerConfigKeys (ConfUtils.java:logGet(44)) - raft.server.watch.timeout.denomination = 1s (default)
2021-09-14 06:06:36,209 [587a1050-2cdd-4e2a-affe-051b452a7472@group-F191C23A7A47-LeaderElection2] INFO  server.RaftServerConfigKeys (ConfUtils.java:logGet(44)) - raft.server.watch.element-limit = 65536 (default)
2021-09-14 06:06:36,209 [587a1050-2cdd-4e2a-affe-051b452a7472@group-F191C23A7A47-LeaderElection2] INFO  impl.RoleInfo (RoleInfo.java:updateAndGet(130)) - 587a1050-2cdd-4e2a-affe-051b452a7472: start 587a1050-2cdd-4e2a-affe-051b452a7472@group-F191C23A7A47-LeaderStateImpl
2021-09-14 06:06:36,209 [587a1050-2cdd-4e2a-affe-051b452a7472@group-F191C23A7A47-LeaderElection2] INFO  segmented.SegmentedRaftLogWorker (SegmentedRaftLogWorker.java:startLogSegment(394)) - 587a1050-2cdd-4e2a-affe-051b452a7472@group-F191C23A7A47-SegmentedRaftLogWorker: Starting segment from index:0
2021-09-14 06:06:36,210 [587a1050-2cdd-4e2a-affe-051b452a7472@group-F191C23A7A47-SegmentedRaftLogWorker] INFO  segmented.SegmentedRaftLogWorker (SegmentedRaftLogWorker.java:execute(601)) - 587a1050-2cdd-4e2a-affe-051b452a7472@group-F191C23A7A47-SegmentedRaftLogWorker: created new log segment /home/runner/work/ozone/ozone/hadoop-ozone/integration-test/target/test-dir/MiniOzoneClusterImpl-90c4e534-bc13-49cf-ad4e-23f32b71864f/datanode-0/data/ratis/bf695640-e7dc-48dc-b86b-f191c23a7a47/current/log_inprogress_0
2021-09-14 06:06:36,216 [587a1050-2cdd-4e2a-affe-051b452a7472@group-F191C23A7A47-LeaderElection2] INFO  server.RaftServer$Division (ServerState.java:setRaftConf(387)) - 587a1050-2cdd-4e2a-affe-051b452a7472@group-F191C23A7A47: set configuration 0: [587a1050-2cdd-4e2a-affe-051b452a7472|rpc:10.1.0.22:42707|dataStream:|priority:1], old=null
2021-09-14 06:06:36,356 [587a1050-2cdd-4e2a-affe-051b452a7472@group-56C443BA814E-FollowerState] INFO  impl.FollowerState (FollowerState.java:run(134)) - 587a1050-2cdd-4e2a-affe-051b452a7472@group-56C443BA814E-FollowerState: change to CANDIDATE, lastRpcElapsedTime:5187343582ns, electionTimeout:5180ms
2021-09-14 06:06:36,357 [587a1050-2cdd-4e2a-affe-051b452a7472@group-56C443BA814E-FollowerState] INFO  impl.RoleInfo (RoleInfo.java:shutdownFollowerState(108)) - 587a1050-2cdd-4e2a-affe-051b452a7472: shutdown 587a1050-2cdd-4e2a-affe-051b452a7472@group-56C443BA814E-FollowerState
2021-09-14 06:06:36,357 [587a1050-2cdd-4e2a-affe-051b452a7472@group-56C443BA814E-FollowerState] INFO  server.RaftServer$Division (RaftServerImpl.java:setRole(285)) - 587a1050-2cdd-4e2a-affe-051b452a7472@group-56C443BA814E: changes role from  FOLLOWER to CANDIDATE at term 0 for changeToCandidate
2021-09-14 06:06:36,358 [587a1050-2cdd-4e2a-affe-051b452a7472@group-56C443BA814E-FollowerState] INFO  server.RaftServerConfigKeys (ConfUtils.java:logGet(44)) - raft.server.leaderelection.pre-vote = false (custom)
2021-09-14 06:06:36,358 [587a1050-2cdd-4e2a-affe-051b452a7472@group-56C443BA814E-FollowerState] INFO  impl.RoleInfo (RoleInfo.java:updateAndGet(130)) - 587a1050-2cdd-4e2a-affe-051b452a7472: start 587a1050-2cdd-4e2a-affe-051b452a7472@group-56C443BA814E-LeaderElection3
2021-09-14 06:06:36,361 [587a1050-2cdd-4e2a-affe-051b452a7472@group-56C443BA814E-LeaderElection3] INFO  impl.LeaderElection (LeaderElection.java:askForVotes(306)) - 587a1050-2cdd-4e2a-affe-051b452a7472@group-56C443BA814E-LeaderElection3 ELECTION round 0: submit vote requests at term 1 for -1: [587a1050-2cdd-4e2a-affe-051b452a7472|rpc:10.1.0.22:42707|priority:1, 7af46619-9f10-43e2-abd0-ffbc4fcfe41f|rpc:10.1.0.22:43809|priority:0, f5b04939-ef8e-46cc-a15f-0f827e775058|rpc:10.1.0.22:38289|priority:0], old=null
2021-09-14 06:06:36,389 [grpc-default-executor-0] INFO  server.RaftServer$Division (RaftServerImpl.java:requestVote(1043)) - f5b04939-ef8e-46cc-a15f-0f827e775058@group-56C443BA814E: receive requestVote(ELECTION, 587a1050-2cdd-4e2a-affe-051b452a7472, group-56C443BA814E, 1, (t:0, i:0))
2021-09-14 06:06:36,391 [grpc-default-executor-0] INFO  impl.VoteContext (VoteContext.java:log(48)) - f5b04939-ef8e-46cc-a15f-0f827e775058@group-56C443BA814E-FOLLOWER: accept ELECTION from 587a1050-2cdd-4e2a-affe-051b452a7472: our priority 0 <= candidate's priority 1
2021-09-14 06:06:36,391 [grpc-default-executor-0] INFO  server.RaftServer$Division (RaftServerImpl.java:setRole(285)) - f5b04939-ef8e-46cc-a15f-0f827e775058@group-56C443BA814E: changes role from  FOLLOWER to FOLLOWER at term 1 for candidate:587a1050-2cdd-4e2a-affe-051b452a7472
2021-09-14 06:06:36,391 [grpc-default-executor-0] INFO  impl.RoleInfo (RoleInfo.java:shutdownFollowerState(108)) - f5b04939-ef8e-46cc-a15f-0f827e775058: shutdown f5b04939-ef8e-46cc-a15f-0f827e775058@group-56C443BA814E-FollowerState
2021-09-14 06:06:36,392 [f5b04939-ef8e-46cc-a15f-0f827e775058@group-56C443BA814E-FollowerState] INFO  impl.FollowerState (FollowerState.java:run(143)) - f5b04939-ef8e-46cc-a15f-0f827e775058@group-56C443BA814E-FollowerState was interrupted: {}
java.lang.InterruptedException: sleep interrupted
	at java.lang.Thread.sleep(Native Method)
	at java.lang.Thread.sleep(Thread.java:340)
	at java.util.concurrent.TimeUnit.sleep(TimeUnit.java:386)
	at org.apache.ratis.util.TimeDuration.sleep(TimeDuration.java:324)
	at org.apache.ratis.util.TimeDuration.sleep(TimeDuration.java:309)
	at org.apache.ratis.server.impl.FollowerState.run(FollowerState.java:118)
2021-09-14 06:06:36,393 [grpc-default-executor-0] INFO  impl.RoleInfo (RoleInfo.java:updateAndGet(130)) - f5b04939-ef8e-46cc-a15f-0f827e775058: start f5b04939-ef8e-46cc-a15f-0f827e775058@group-56C443BA814E-FollowerState
2021-09-14 06:06:36,402 [grpc-default-executor-1] INFO  server.RaftServer$Division (RaftServerImpl.java:requestVote(1043)) - 7af46619-9f10-43e2-abd0-ffbc4fcfe41f@group-56C443BA814E: receive requestVote(ELECTION, 587a1050-2cdd-4e2a-affe-051b452a7472, group-56C443BA814E, 1, (t:0, i:0))
2021-09-14 06:06:36,402 [grpc-default-executor-1] INFO  impl.VoteContext (VoteContext.java:log(48)) - 7af46619-9f10-43e2-abd0-ffbc4fcfe41f@group-56C443BA814E-FOLLOWER: accept ELECTION from 587a1050-2cdd-4e2a-affe-051b452a7472: our priority 0 <= candidate's priority 1
2021-09-14 06:06:36,402 [grpc-default-executor-1] INFO  server.RaftServer$Division (RaftServerImpl.java:setRole(285)) - 7af46619-9f10-43e2-abd0-ffbc4fcfe41f@group-56C443BA814E: changes role from  FOLLOWER to FOLLOWER at term 1 for candidate:587a1050-2cdd-4e2a-affe-051b452a7472
2021-09-14 06:06:36,402 [grpc-default-executor-1] INFO  impl.RoleInfo (RoleInfo.java:shutdownFollowerState(108)) - 7af46619-9f10-43e2-abd0-ffbc4fcfe41f: shutdown 7af46619-9f10-43e2-abd0-ffbc4fcfe41f@group-56C443BA814E-FollowerState
2021-09-14 06:06:36,402 [grpc-default-executor-1] INFO  impl.RoleInfo (RoleInfo.java:updateAndGet(130)) - 7af46619-9f10-43e2-abd0-ffbc4fcfe41f: start 7af46619-9f10-43e2-abd0-ffbc4fcfe41f@group-56C443BA814E-FollowerState
2021-09-14 06:06:36,402 [7af46619-9f10-43e2-abd0-ffbc4fcfe41f@group-56C443BA814E-FollowerState] INFO  impl.FollowerState (FollowerState.java:run(143)) - 7af46619-9f10-43e2-abd0-ffbc4fcfe41f@group-56C443BA814E-FollowerState was interrupted: {}
java.lang.InterruptedException: sleep interrupted
	at java.lang.Thread.sleep(Native Method)
	at java.lang.Thread.sleep(Thread.java:340)
	at java.util.concurrent.TimeUnit.sleep(TimeUnit.java:386)
	at org.apache.ratis.util.TimeDuration.sleep(TimeDuration.java:324)
	at org.apache.ratis.util.TimeDuration.sleep(TimeDuration.java:309)
	at org.apache.ratis.server.impl.FollowerState.run(FollowerState.java:118)
2021-09-14 06:06:36,406 [grpc-default-executor-0] INFO  server.RaftServer$Division (RaftServerImpl.java:requestVote(1075)) - f5b04939-ef8e-46cc-a15f-0f827e775058@group-56C443BA814E replies to ELECTION vote request: 587a1050-2cdd-4e2a-affe-051b452a7472<-f5b04939-ef8e-46cc-a15f-0f827e775058#0:OK-t1. Peer's state: f5b04939-ef8e-46cc-a15f-0f827e775058@group-56C443BA814E:t1, leader=null, voted=587a1050-2cdd-4e2a-affe-051b452a7472, raftlog=f5b04939-ef8e-46cc-a15f-0f827e775058@group-56C443BA814E-SegmentedRaftLog:OPENED:c-1,f-1,i0, conf=-1: [587a1050-2cdd-4e2a-affe-051b452a7472|rpc:10.1.0.22:42707|dataStream:|priority:1, 7af46619-9f10-43e2-abd0-ffbc4fcfe41f|rpc:10.1.0.22:43809|dataStream:|priority:0, f5b04939-ef8e-46cc-a15f-0f827e775058|rpc:10.1.0.22:38289|dataStream:|priority:0], old=null
2021-09-14 06:06:36,407 [grpc-default-executor-1] INFO  server.RaftServer$Division (RaftServerImpl.java:requestVote(1075)) - 7af46619-9f10-43e2-abd0-ffbc4fcfe41f@group-56C443BA814E replies to ELECTION vote request: 587a1050-2cdd-4e2a-affe-051b452a7472<-7af46619-9f10-43e2-abd0-ffbc4fcfe41f#0:OK-t1. Peer's state: 7af46619-9f10-43e2-abd0-ffbc4fcfe41f@group-56C443BA814E:t1, leader=null, voted=587a1050-2cdd-4e2a-affe-051b452a7472, raftlog=7af46619-9f10-43e2-abd0-ffbc4fcfe41f@group-56C443BA814E-SegmentedRaftLog:OPENED:c-1,f-1,i0, conf=-1: [587a1050-2cdd-4e2a-affe-051b452a7472|rpc:10.1.0.22:42707|priority:1, 7af46619-9f10-43e2-abd0-ffbc4fcfe41f|rpc:10.1.0.22:43809|priority:0, f5b04939-ef8e-46cc-a15f-0f827e775058|rpc:10.1.0.22:38289|priority:0], old=null
2021-09-14 06:06:36,412 [587a1050-2cdd-4e2a-affe-051b452a7472@group-56C443BA814E-LeaderElection3] INFO  impl.LeaderElection (LeaderElection.java:logAndReturn(89)) - 587a1050-2cdd-4e2a-affe-051b452a7472@group-56C443BA814E-LeaderElection3: ELECTION PASSED received 1 response(s) and 0 exception(s):
2021-09-14 06:06:36,412 [587a1050-2cdd-4e2a-affe-051b452a7472@group-56C443BA814E-LeaderElection3] INFO  impl.LeaderElection (LeaderElection.java:logAndReturn(93)) -   Response 0: 587a1050-2cdd-4e2a-affe-051b452a7472<-f5b04939-ef8e-46cc-a15f-0f827e775058#0:OK-t1
2021-09-14 06:06:36,413 [587a1050-2cdd-4e2a-affe-051b452a7472@group-56C443BA814E-LeaderElection3] INFO  impl.LeaderElection (LeaderElection.java:askForVotes(308)) - 587a1050-2cdd-4e2a-affe-051b452a7472@group-56C443BA814E-LeaderElection3 ELECTION round 0: result PASSED
2021-09-14 06:06:36,413 [587a1050-2cdd-4e2a-affe-051b452a7472@group-56C443BA814E-LeaderElection3] INFO  impl.RoleInfo (RoleInfo.java:shutdownLeaderElection(121)) - 587a1050-2cdd-4e2a-affe-051b452a7472: shutdown 587a1050-2cdd-4e2a-affe-051b452a7472@group-56C443BA814E-LeaderElection3
2021-09-14 06:06:36,413 [587a1050-2cdd-4e2a-affe-051b452a7472@group-56C443BA814E-LeaderElection3] INFO  server.RaftServer$Division (RaftServerImpl.java:setRole(285)) - 587a1050-2cdd-4e2a-affe-051b452a7472@group-56C443BA814E: changes role from CANDIDATE to LEADER at term 1 for changeToLeader
2021-09-14 06:06:36,413 [587a1050-2cdd-4e2a-affe-051b452a7472@group-56C443BA814E-LeaderElection3] INFO  ratis.XceiverServerRatis (XceiverServerRatis.java:handleLeaderChangedNotification(860)) - Leader change notification received for group: group-56C443BA814E with new leaderId: 587a1050-2cdd-4e2a-affe-051b452a7472
2021-09-14 06:06:36,413 [587a1050-2cdd-4e2a-affe-051b452a7472@group-56C443BA814E-LeaderElection3] INFO  server.RaftServer$Division (ServerState.java:setLeader(285)) - 587a1050-2cdd-4e2a-affe-051b452a7472@group-56C443BA814E: change Leader from null to 587a1050-2cdd-4e2a-affe-051b452a7472 at term 1 for becomeLeader, leader elected after 5255ms
2021-09-14 06:06:36,413 [587a1050-2cdd-4e2a-affe-051b452a7472@group-56C443BA814E-LeaderElection3] INFO  server.RaftServerConfigKeys (ConfUtils.java:logGet(44)) - raft.server.staging.catchup.gap = 1000 (default)
2021-09-14 06:06:36,413 [587a1050-2cdd-4e2a-affe-051b452a7472@group-56C443BA814E-LeaderElection3] INFO  server.RaftServerConfigKeys (ConfUtils.java:logGet(44)) - raft.server.write.element-limit = 1024 (custom)
2021-09-14 06:06:36,413 [587a1050-2cdd-4e2a-affe-051b452a7472@group-56C443BA814E-LeaderElection3] INFO  server.RaftServerConfigKeys (ConfUtils.java:logGet(44)) - raft.server.write.byte-limit = 1024 M (=1073741824) (custom)
2021-09-14 06:06:36,413 [587a1050-2cdd-4e2a-affe-051b452a7472@group-56C443BA814E-LeaderElection3] INFO  server.RaftServerConfigKeys (ConfUtils.java:logGet(44)) - raft.server.watch.timeout = 180s (custom)
2021-09-14 06:06:36,413 [587a1050-2cdd-4e2a-affe-051b452a7472@group-56C443BA814E-LeaderElection3] INFO  server.RaftServerConfigKeys (ConfUtils.java:logGet(44)) - raft.server.watch.timeout.denomination = 1s (default)
2021-09-14 06:06:36,414 [587a1050-2cdd-4e2a-affe-051b452a7472@group-56C443BA814E-LeaderElection3] INFO  server.RaftServerConfigKeys (ConfUtils.java:logGet(44)) - raft.server.watch.element-limit = 65536 (default)
2021-09-14 06:06:36,416 [Datanode State Machine Thread - 0] WARN  statemachine.StateContext (StateContext.java:execute(621)) - No available thread in pool for past 1 seconds.
2021-09-14 06:06:36,417 [EventQueue-PipelineReportForPipelineReportHandler] INFO  pipeline.PipelineManagerImpl (PipelineManagerImpl.java:openPipeline(282)) - Pipeline Pipeline[ Id: 2dd6ee76-a3c4-4a2d-b101-56c443ba814e, Nodes: f5b04939-ef8e-46cc-a15f-0f827e775058{ip: 10.1.0.22, host: fv-az195-153.u3nnjwd0vyge1bu22idnsdeq2e.cx.internal.cloudapp.net, ports: [REPLICATION=43795, RATIS=38289, RATIS_ADMIN=38289, RATIS_SERVER=38289, STANDALONE=33041], networkLocation: /default-rack, certSerialId: null, persistedOpState: IN_SERVICE, persistedOpStateExpiryEpochSec: 0}587a1050-2cdd-4e2a-affe-051b452a7472{ip: 10.1.0.22, host: fv-az195-153.u3nnjwd0vyge1bu22idnsdeq2e.cx.internal.cloudapp.net, ports: [REPLICATION=37057, RATIS=42707, RATIS_ADMIN=42707, RATIS_SERVER=42707, STANDALONE=35453], networkLocation: /default-rack, certSerialId: null, persistedOpState: IN_SERVICE, persistedOpStateExpiryEpochSec: 0}7af46619-9f10-43e2-abd0-ffbc4fcfe41f{ip: 10.1.0.22, host: fv-az195-153.u3nnjwd0vyge1bu22idnsdeq2e.cx.internal.cloudapp.net, ports: [REPLICATION=39621, RATIS=43809, RATIS_ADMIN=43809, RATIS_SERVER=43809, STANDALONE=33541], networkLocation: /default-rack, certSerialId: null, persistedOpState: IN_SERVICE, persistedOpStateExpiryEpochSec: 0}, ReplicationConfig: RATIS/THREE, State:ALLOCATED, leaderId:587a1050-2cdd-4e2a-affe-051b452a7472, CreationTimestamp2021-09-14T06:06:29.034Z[Etc/UTC]] moved to OPEN state
2021-09-14 06:06:36,421 [EventQueue-OpenPipelineForHealthyPipelineSafeModeRule] INFO  safemode.SCMSafeModeManager (HealthyPipelineSafeModeRule.java:process(124)) - SCM in safe mode. Healthy pipelines reported count is 1, required healthy pipeline reported count is 1
2021-09-14 06:06:36,421 [EventQueue-OpenPipelineForHealthyPipelineSafeModeRule] INFO  safemode.SCMSafeModeManager (SCMSafeModeManager.java:validateSafeModeExitRules(204)) - HealthyPipelineSafeModeRule rule is successfully validated
2021-09-14 06:06:36,421 [EventQueue-OpenPipelineForHealthyPipelineSafeModeRule] INFO  safemode.SCMSafeModeManager (SCMSafeModeManager.java:validateSafeModeExitRules(219)) - ScmSafeModeManager, all rules are successfully validated
2021-09-14 06:06:36,421 [EventQueue-OpenPipelineForHealthyPipelineSafeModeRule] INFO  safemode.SCMSafeModeManager (SCMSafeModeManager.java:exitSafeMode(248)) - SCM exiting safe mode.
2021-09-14 06:06:36,421 [EventQueue-OpenPipelineForHealthyPipelineSafeModeRule] WARN  events.EventQueue (EventQueue.java:fireEvent(194)) - No event handler registered for event TypedEvent{payloadType=SafeModeStatus, name='Safe mode status'}
2021-09-14 06:06:36,421 [EventQueue-OpenPipelineForHealthyPipelineSafeModeRule] INFO  ha.SCMContext (SCMContext.java:updateSafeModeStatus(205)) - Update SafeModeStatus from SafeModeStatus{safeModeStatus=true, preCheckPassed=true} to SafeModeStatus{safeModeStatus=false, preCheckPassed=true}.
2021-09-14 06:06:36,421 [EventQueue-OpenPipelineForHealthyPipelineSafeModeRule] INFO  pipeline.BackgroundPipelineCreator (BackgroundPipelineCreatorV2.java:notifyStatusChanged(264)) - Service BackgroundPipelineCreator transitions to RUNNING.
2021-09-14 06:06:36,421 [EventQueue-OpenPipelineForHealthyPipelineSafeModeRule] INFO  container.ReplicationManager (ReplicationManager.java:notifyStatusChanged(1739)) - Service ReplicationManager transitions to RUNNING.
2021-09-14 06:06:36,428 [587a1050-2cdd-4e2a-affe-051b452a7472@group-56C443BA814E-LeaderElection3] INFO  server.RaftServerConfigKeys (ConfUtils.java:logGet(44)) - raft.server.log.appender.snapshot.chunk.size.max = 16MB (=16777216) (default)
2021-09-14 06:06:36,428 [587a1050-2cdd-4e2a-affe-051b452a7472@group-56C443BA814E-LeaderElection3] INFO  server.RaftServerConfigKeys (ConfUtils.java:logGet(44)) - raft.server.log.appender.buffer.byte-limit = 33554432 (custom)
2021-09-14 06:06:36,429 [587a1050-2cdd-4e2a-affe-051b452a7472@group-56C443BA814E-LeaderElection3] INFO  server.RaftServerConfigKeys (ConfUtils.java:logGet(44)) - raft.server.log.appender.buffer.element-limit = 1 (custom)
2021-09-14 06:06:36,431 [587a1050-2cdd-4e2a-affe-051b452a7472@group-56C443BA814E-LeaderElection3] INFO  grpc.GrpcConfigKeys (ConfUtils.java:logGet(44)) - raft.grpc.server.leader.outstanding.appends.max = 128 (default)
2021-09-14 06:06:36,431 [587a1050-2cdd-4e2a-affe-051b452a7472@group-56C443BA814E-LeaderElection3] INFO  server.RaftServerConfigKeys (ConfUtils.java:logGet(44)) - raft.server.rpc.request.timeout = 60s (custom)
2021-09-14 06:06:36,431 [587a1050-2cdd-4e2a-affe-051b452a7472@group-56C443BA814E-LeaderElection3] INFO  server.RaftServerConfigKeys (ConfUtils.java:logGet(44)) - raft.server.log.appender.install.snapshot.enabled = false (custom)
2021-09-14 06:06:36,435 [587a1050-2cdd-4e2a-affe-051b452a7472@group-56C443BA814E-LeaderElection3] INFO  server.RaftServerConfigKeys (ConfUtils.java:logGet(44)) - raft.server.log.appender.snapshot.chunk.size.max = 16MB (=16777216) (default)
2021-09-14 06:06:36,435 [587a1050-2cdd-4e2a-affe-051b452a7472@group-56C443BA814E-LeaderElection3] INFO  server.RaftServerConfigKeys (ConfUtils.java:logGet(44)) - raft.server.log.appender.buffer.byte-limit = 33554432 (custom)
2021-09-14 06:06:36,435 [587a1050-2cdd-4e2a-affe-051b452a7472@group-56C443BA814E-LeaderElection3] INFO  server.RaftServerConfigKeys (ConfUtils.java:logGet(44)) - raft.server.log.appender.buffer.element-limit = 1 (custom)
2021-09-14 06:06:36,436 [587a1050-2cdd-4e2a-affe-051b452a7472@group-56C443BA814E-LeaderElection3] INFO  grpc.GrpcConfigKeys (ConfUtils.java:logGet(44)) - raft.grpc.server.leader.outstanding.appends.max = 128 (default)
2021-09-14 06:06:36,436 [587a1050-2cdd-4e2a-affe-051b452a7472@group-56C443BA814E-LeaderElection3] INFO  server.RaftServerConfigKeys (ConfUtils.java:logGet(44)) - raft.server.rpc.request.timeout = 60s (custom)
2021-09-14 06:06:36,436 [587a1050-2cdd-4e2a-affe-051b452a7472@group-56C443BA814E-LeaderElection3] INFO  server.RaftServerConfigKeys (ConfUtils.java:logGet(44)) - raft.server.log.appender.install.snapshot.enabled = false (custom)
2021-09-14 06:06:36,437 [587a1050-2cdd-4e2a-affe-051b452a7472@group-56C443BA814E-LeaderElection3] INFO  impl.RoleInfo (RoleInfo.java:updateAndGet(130)) - 587a1050-2cdd-4e2a-affe-051b452a7472: start 587a1050-2cdd-4e2a-affe-051b452a7472@group-56C443BA814E-LeaderStateImpl
2021-09-14 06:06:36,437 [587a1050-2cdd-4e2a-affe-051b452a7472@group-56C443BA814E-LeaderElection3] INFO  segmented.SegmentedRaftLogWorker (SegmentedRaftLogWorker.java:startLogSegment(394)) - 587a1050-2cdd-4e2a-affe-051b452a7472@group-56C443BA814E-SegmentedRaftLogWorker: Starting segment from index:0
2021-09-14 06:06:36,439 [587a1050-2cdd-4e2a-affe-051b452a7472@group-56C443BA814E-SegmentedRaftLogWorker] INFO  segmented.SegmentedRaftLogWorker (SegmentedRaftLogWorker.java:execute(601)) - 587a1050-2cdd-4e2a-affe-051b452a7472@group-56C443BA814E-SegmentedRaftLogWorker: created new log segment /home/runner/work/ozone/ozone/hadoop-ozone/integration-test/target/test-dir/MiniOzoneClusterImpl-90c4e534-bc13-49cf-ad4e-23f32b71864f/datanode-0/data/ratis/2dd6ee76-a3c4-4a2d-b101-56c443ba814e/current/log_inprogress_0
2021-09-14 06:06:36,444 [587a1050-2cdd-4e2a-affe-051b452a7472@group-56C443BA814E-LeaderElection3] INFO  server.RaftServer$Division (ServerState.java:setRaftConf(387)) - 587a1050-2cdd-4e2a-affe-051b452a7472@group-56C443BA814E: set configuration 0: [587a1050-2cdd-4e2a-affe-051b452a7472|rpc:10.1.0.22:42707|dataStream:|priority:1, 7af46619-9f10-43e2-abd0-ffbc4fcfe41f|rpc:10.1.0.22:43809|dataStream:|priority:0, f5b04939-ef8e-46cc-a15f-0f827e775058|rpc:10.1.0.22:38289|dataStream:|priority:0], old=null
2021-09-14 06:06:36,471 [grpc-default-executor-0] INFO  ratis.XceiverServerRatis (XceiverServerRatis.java:handleLeaderChangedNotification(860)) - Leader change notification received for group: group-56C443BA814E with new leaderId: 587a1050-2cdd-4e2a-affe-051b452a7472
2021-09-14 06:06:36,471 [grpc-default-executor-0] INFO  server.RaftServer$Division (ServerState.java:setLeader(285)) - f5b04939-ef8e-46cc-a15f-0f827e775058@group-56C443BA814E: change Leader from null to 587a1050-2cdd-4e2a-affe-051b452a7472 at term 1 for appendEntries, leader elected after 4674ms
2021-09-14 06:06:36,489 [grpc-default-executor-0] INFO  server.RaftServer$Division (ServerState.java:setRaftConf(387)) - f5b04939-ef8e-46cc-a15f-0f827e775058@group-56C443BA814E: set configuration 0: [587a1050-2cdd-4e2a-affe-051b452a7472|rpc:10.1.0.22:42707|dataStream:|priority:1, 7af46619-9f10-43e2-abd0-ffbc4fcfe41f|rpc:10.1.0.22:43809|dataStream:|priority:0, f5b04939-ef8e-46cc-a15f-0f827e775058|rpc:10.1.0.22:38289|dataStream:|priority:0], old=null
2021-09-14 06:06:36,490 [grpc-default-executor-0] INFO  segmented.SegmentedRaftLogWorker (SegmentedRaftLogWorker.java:startLogSegment(394)) - f5b04939-ef8e-46cc-a15f-0f827e775058@group-56C443BA814E-SegmentedRaftLogWorker: Starting segment from index:0
2021-09-14 06:06:36,492 [f5b04939-ef8e-46cc-a15f-0f827e775058@group-56C443BA814E-SegmentedRaftLogWorker] INFO  segmented.SegmentedRaftLogWorker (SegmentedRaftLogWorker.java:execute(601)) - f5b04939-ef8e-46cc-a15f-0f827e775058@group-56C443BA814E-SegmentedRaftLogWorker: created new log segment /home/runner/work/ozone/ozone/hadoop-ozone/integration-test/target/test-dir/MiniOzoneClusterImpl-90c4e534-bc13-49cf-ad4e-23f32b71864f/datanode-2/data/ratis/2dd6ee76-a3c4-4a2d-b101-56c443ba814e/current/log_inprogress_0
2021-09-14 06:06:36,508 [grpc-default-executor-2] INFO  ratis.XceiverServerRatis (XceiverServerRatis.java:handleLeaderChangedNotification(860)) - Leader change notification received for group: group-56C443BA814E with new leaderId: 587a1050-2cdd-4e2a-affe-051b452a7472
2021-09-14 06:06:36,508 [grpc-default-executor-2] INFO  server.RaftServer$Division (ServerState.java:setLeader(285)) - 7af46619-9f10-43e2-abd0-ffbc4fcfe41f@group-56C443BA814E: change Leader from null to 587a1050-2cdd-4e2a-affe-051b452a7472 at term 1 for appendEntries, leader elected after 4974ms
2021-09-14 06:06:36,512 [grpc-default-executor-2] INFO  server.RaftServer$Division (ServerState.java:setRaftConf(387)) - 7af46619-9f10-43e2-abd0-ffbc4fcfe41f@group-56C443BA814E: set configuration 0: [587a1050-2cdd-4e2a-affe-051b452a7472|rpc:10.1.0.22:42707|dataStream:|priority:1, 7af46619-9f10-43e2-abd0-ffbc4fcfe41f|rpc:10.1.0.22:43809|dataStream:|priority:0, f5b04939-ef8e-46cc-a15f-0f827e775058|rpc:10.1.0.22:38289|dataStream:|priority:0], old=null
2021-09-14 06:06:36,512 [grpc-default-executor-2] INFO  segmented.SegmentedRaftLogWorker (SegmentedRaftLogWorker.java:startLogSegment(394)) - 7af46619-9f10-43e2-abd0-ffbc4fcfe41f@group-56C443BA814E-SegmentedRaftLogWorker: Starting segment from index:0
2021-09-14 06:06:36,517 [7af46619-9f10-43e2-abd0-ffbc4fcfe41f@group-56C443BA814E-SegmentedRaftLogWorker] INFO  segmented.SegmentedRaftLogWorker (SegmentedRaftLogWorker.java:execute(601)) - 7af46619-9f10-43e2-abd0-ffbc4fcfe41f@group-56C443BA814E-SegmentedRaftLogWorker: created new log segment /home/runner/work/ozone/ozone/hadoop-ozone/integration-test/target/test-dir/MiniOzoneClusterImpl-90c4e534-bc13-49cf-ad4e-23f32b71864f/datanode-1/data/ratis/2dd6ee76-a3c4-4a2d-b101-56c443ba814e/current/log_inprogress_0
2021-09-14 06:06:36,615 [7af46619-9f10-43e2-abd0-ffbc4fcfe41f@group-2B1B2B6337FD-FollowerState] INFO  impl.FollowerState (FollowerState.java:run(134)) - 7af46619-9f10-43e2-abd0-ffbc4fcfe41f@group-2B1B2B6337FD-FollowerState: change to CANDIDATE, lastRpcElapsedTime:5123754250ns, electionTimeout:5118ms
2021-09-14 06:06:36,615 [7af46619-9f10-43e2-abd0-ffbc4fcfe41f@group-2B1B2B6337FD-FollowerState] INFO  impl.RoleInfo (RoleInfo.java:shutdownFollowerState(108)) - 7af46619-9f10-43e2-abd0-ffbc4fcfe41f: shutdown 7af46619-9f10-43e2-abd0-ffbc4fcfe41f@group-2B1B2B6337FD-FollowerState
2021-09-14 06:06:36,615 [7af46619-9f10-43e2-abd0-ffbc4fcfe41f@group-2B1B2B6337FD-FollowerState] INFO  server.RaftServer$Division (RaftServerImpl.java:setRole(285)) - 7af46619-9f10-43e2-abd0-ffbc4fcfe41f@group-2B1B2B6337FD: changes role from  FOLLOWER to CANDIDATE at term 0 for changeToCandidate
2021-09-14 06:06:36,615 [7af46619-9f10-43e2-abd0-ffbc4fcfe41f@group-2B1B2B6337FD-FollowerState] INFO  server.RaftServerConfigKeys (ConfUtils.java:logGet(44)) - raft.server.leaderelection.pre-vote = false (custom)
2021-09-14 06:06:36,616 [7af46619-9f10-43e2-abd0-ffbc4fcfe41f@group-2B1B2B6337FD-FollowerState] INFO  impl.RoleInfo (RoleInfo.java:updateAndGet(130)) - 7af46619-9f10-43e2-abd0-ffbc4fcfe41f: start 7af46619-9f10-43e2-abd0-ffbc4fcfe41f@group-2B1B2B6337FD-LeaderElection4
2021-09-14 06:06:36,620 [7af46619-9f10-43e2-abd0-ffbc4fcfe41f@group-2B1B2B6337FD-LeaderElection4] INFO  impl.LeaderElection (LeaderElection.java:askForVotes(306)) - 7af46619-9f10-43e2-abd0-ffbc4fcfe41f@group-2B1B2B6337FD-LeaderElection4 ELECTION round 0: submit vote requests at term 1 for -1: [7af46619-9f10-43e2-abd0-ffbc4fcfe41f|rpc:10.1.0.22:43809|priority:1], old=null
2021-09-14 06:06:36,620 [7af46619-9f10-43e2-abd0-ffbc4fcfe41f@group-2B1B2B6337FD-LeaderElection4] INFO  impl.LeaderElection (LeaderElection.java:askForVotes(308)) - 7af46619-9f10-43e2-abd0-ffbc4fcfe41f@group-2B1B2B6337FD-LeaderElection4 ELECTION round 0: result PASSED (term=1)
2021-09-14 06:06:36,620 [7af46619-9f10-43e2-abd0-ffbc4fcfe41f@group-2B1B2B6337FD-LeaderElection4] INFO  impl.RoleInfo (RoleInfo.java:shutdownLeaderElection(121)) - 7af46619-9f10-43e2-abd0-ffbc4fcfe41f: shutdown 7af46619-9f10-43e2-abd0-ffbc4fcfe41f@group-2B1B2B6337FD-LeaderElection4
2021-09-14 06:06:36,621 [7af46619-9f10-43e2-abd0-ffbc4fcfe41f@group-2B1B2B6337FD-LeaderElection4] INFO  server.RaftServer$Division (RaftServerImpl.java:setRole(285)) - 7af46619-9f10-43e2-abd0-ffbc4fcfe41f@group-2B1B2B6337FD: changes role from CANDIDATE to LEADER at term 1 for changeToLeader
2021-09-14 06:06:36,621 [7af46619-9f10-43e2-abd0-ffbc4fcfe41f@group-2B1B2B6337FD-LeaderElection4] INFO  ratis.XceiverServerRatis (XceiverServerRatis.java:handleLeaderChangedNotification(860)) - Leader change notification received for group: group-2B1B2B6337FD with new leaderId: 7af46619-9f10-43e2-abd0-ffbc4fcfe41f
2021-09-14 06:06:36,621 [Datanode State Machine Thread - 0] WARN  statemachine.StateContext (StateContext.java:execute(621)) - No available thread in pool for past 1 seconds.
2021-09-14 06:06:36,622 [7af46619-9f10-43e2-abd0-ffbc4fcfe41f@group-2B1B2B6337FD-LeaderElection4] INFO  server.RaftServer$Division (ServerState.java:setLeader(285)) - 7af46619-9f10-43e2-abd0-ffbc4fcfe41f@group-2B1B2B6337FD: change Leader from null to 7af46619-9f10-43e2-abd0-ffbc4fcfe41f at term 1 for becomeLeader, leader elected after 5137ms
2021-09-14 06:06:36,623 [7af46619-9f10-43e2-abd0-ffbc4fcfe41f@group-2B1B2B6337FD-LeaderElection4] INFO  server.RaftServerConfigKeys (ConfUtils.java:logGet(44)) - raft.server.staging.catchup.gap = 1000 (default)
2021-09-14 06:06:36,623 [7af46619-9f10-43e2-abd0-ffbc4fcfe41f@group-2B1B2B6337FD-LeaderElection4] INFO  server.RaftServerConfigKeys (ConfUtils.java:logGet(44)) - raft.server.write.element-limit = 1024 (custom)
2021-09-14 06:06:36,623 [7af46619-9f10-43e2-abd0-ffbc4fcfe41f@group-2B1B2B6337FD-LeaderElection4] INFO  server.RaftServerConfigKeys (ConfUtils.java:logGet(44)) - raft.server.write.byte-limit = 1024 M (=1073741824) (custom)
2021-09-14 06:06:36,624 [7af46619-9f10-43e2-abd0-ffbc4fcfe41f@group-2B1B2B6337FD-LeaderElection4] INFO  server.RaftServerConfigKeys (ConfUtils.java:logGet(44)) - raft.server.watch.timeout = 180s (custom)
2021-09-14 06:06:36,624 [7af46619-9f10-43e2-abd0-ffbc4fcfe41f@group-2B1B2B6337FD-LeaderElection4] INFO  server.RaftServerConfigKeys (ConfUtils.java:logGet(44)) - raft.server.watch.timeout.denomination = 1s (default)
2021-09-14 06:06:36,624 [7af46619-9f10-43e2-abd0-ffbc4fcfe41f@group-2B1B2B6337FD-LeaderElection4] INFO  server.RaftServerConfigKeys (ConfUtils.java:logGet(44)) - raft.server.watch.element-limit = 65536 (default)
2021-09-14 06:06:36,624 [7af46619-9f10-43e2-abd0-ffbc4fcfe41f@group-2B1B2B6337FD-LeaderElection4] INFO  impl.RoleInfo (RoleInfo.java:updateAndGet(130)) - 7af46619-9f10-43e2-abd0-ffbc4fcfe41f: start 7af46619-9f10-43e2-abd0-ffbc4fcfe41f@group-2B1B2B6337FD-LeaderStateImpl
2021-09-14 06:06:36,624 [7af46619-9f10-43e2-abd0-ffbc4fcfe41f@group-2B1B2B6337FD-LeaderElection4] INFO  segmented.SegmentedRaftLogWorker (SegmentedRaftLogWorker.java:startLogSegment(394)) - 7af46619-9f10-43e2-abd0-ffbc4fcfe41f@group-2B1B2B6337FD-SegmentedRaftLogWorker: Starting segment from index:0
2021-09-14 06:06:36,625 [7af46619-9f10-43e2-abd0-ffbc4fcfe41f@group-2B1B2B6337FD-SegmentedRaftLogWorker] INFO  segmented.SegmentedRaftLogWorker (SegmentedRaftLogWorker.java:execute(601)) - 7af46619-9f10-43e2-abd0-ffbc4fcfe41f@group-2B1B2B6337FD-SegmentedRaftLogWorker: created new log segment /home/runner/work/ozone/ozone/hadoop-ozone/integration-test/target/test-dir/MiniOzoneClusterImpl-90c4e534-bc13-49cf-ad4e-23f32b71864f/datanode-1/data/ratis/919687d4-e39f-48c1-b8d8-2b1b2b6337fd/current/log_inprogress_0
2021-09-14 06:06:36,630 [7af46619-9f10-43e2-abd0-ffbc4fcfe41f@group-2B1B2B6337FD-LeaderElection4] INFO  server.RaftServer$Division (ServerState.java:setRaftConf(387)) - 7af46619-9f10-43e2-abd0-ffbc4fcfe41f@group-2B1B2B6337FD: set configuration 0: [7af46619-9f10-43e2-abd0-ffbc4fcfe41f|rpc:10.1.0.22:43809|dataStream:|priority:1], old=null
2021-09-14 06:06:36,974 [7af46619-9f10-43e2-abd0-ffbc4fcfe41f@group-2F2E3A92AED0-FollowerState] INFO  impl.FollowerState (FollowerState.java:run(134)) - 7af46619-9f10-43e2-abd0-ffbc4fcfe41f@group-2F2E3A92AED0-FollowerState: change to CANDIDATE, lastRpcElapsedTime:5027747605ns, electionTimeout:5026ms
2021-09-14 06:06:36,974 [7af46619-9f10-43e2-abd0-ffbc4fcfe41f@group-2F2E3A92AED0-FollowerState] INFO  impl.RoleInfo (RoleInfo.java:shutdownFollowerState(108)) - 7af46619-9f10-43e2-abd0-ffbc4fcfe41f: shutdown 7af46619-9f10-43e2-abd0-ffbc4fcfe41f@group-2F2E3A92AED0-FollowerState
2021-09-14 06:06:36,975 [7af46619-9f10-43e2-abd0-ffbc4fcfe41f@group-2F2E3A92AED0-FollowerState] INFO  server.RaftServer$Division (RaftServerImpl.java:setRole(285)) - 7af46619-9f10-43e2-abd0-ffbc4fcfe41f@group-2F2E3A92AED0: changes role from  FOLLOWER to CANDIDATE at term 0 for changeToCandidate
2021-09-14 06:06:36,975 [7af46619-9f10-43e2-abd0-ffbc4fcfe41f@group-2F2E3A92AED0-FollowerState] INFO  server.RaftServerConfigKeys (ConfUtils.java:logGet(44)) - raft.server.leaderelection.pre-vote = false (custom)
2021-09-14 06:06:36,975 [7af46619-9f10-43e2-abd0-ffbc4fcfe41f@group-2F2E3A92AED0-FollowerState] INFO  impl.RoleInfo (RoleInfo.java:updateAndGet(130)) - 7af46619-9f10-43e2-abd0-ffbc4fcfe41f: start 7af46619-9f10-43e2-abd0-ffbc4fcfe41f@group-2F2E3A92AED0-LeaderElection5
2021-09-14 06:06:36,987 [7af46619-9f10-43e2-abd0-ffbc4fcfe41f@group-2F2E3A92AED0-LeaderElection5] INFO  impl.LeaderElection (LeaderElection.java:askForVotes(306)) - 7af46619-9f10-43e2-abd0-ffbc4fcfe41f@group-2F2E3A92AED0-LeaderElection5 ELECTION round 0: submit vote requests at term 1 for -1: [587a1050-2cdd-4e2a-affe-051b452a7472|rpc:10.1.0.22:42707|priority:0, 7af46619-9f10-43e2-abd0-ffbc4fcfe41f|rpc:10.1.0.22:43809|priority:1, f5b04939-ef8e-46cc-a15f-0f827e775058|rpc:10.1.0.22:38289|priority:0], old=null
2021-09-14 06:06:36,995 [grpc-default-executor-2] INFO  server.RaftServer$Division (RaftServerImpl.java:requestVote(1043)) - 587a1050-2cdd-4e2a-affe-051b452a7472@group-2F2E3A92AED0: receive requestVote(ELECTION, 7af46619-9f10-43e2-abd0-ffbc4fcfe41f, group-2F2E3A92AED0, 1, (t:0, i:0))
2021-09-14 06:06:36,996 [grpc-default-executor-2] INFO  impl.VoteContext (VoteContext.java:log(48)) - 587a1050-2cdd-4e2a-affe-051b452a7472@group-2F2E3A92AED0-FOLLOWER: accept ELECTION from 7af46619-9f10-43e2-abd0-ffbc4fcfe41f: our priority 0 <= candidate's priority 1
2021-09-14 06:06:36,996 [grpc-default-executor-2] INFO  server.RaftServer$Division (RaftServerImpl.java:setRole(285)) - 587a1050-2cdd-4e2a-affe-051b452a7472@group-2F2E3A92AED0: changes role from  FOLLOWER to FOLLOWER at term 1 for candidate:7af46619-9f10-43e2-abd0-ffbc4fcfe41f
2021-09-14 06:06:36,996 [grpc-default-executor-2] INFO  impl.RoleInfo (RoleInfo.java:shutdownFollowerState(108)) - 587a1050-2cdd-4e2a-affe-051b452a7472: shutdown 587a1050-2cdd-4e2a-affe-051b452a7472@group-2F2E3A92AED0-FollowerState
2021-09-14 06:06:36,996 [grpc-default-executor-2] INFO  impl.RoleInfo (RoleInfo.java:updateAndGet(130)) - 587a1050-2cdd-4e2a-affe-051b452a7472: start 587a1050-2cdd-4e2a-affe-051b452a7472@group-2F2E3A92AED0-FollowerState
2021-09-14 06:06:36,996 [587a1050-2cdd-4e2a-affe-051b452a7472@group-2F2E3A92AED0-FollowerState] INFO  impl.FollowerState (FollowerState.java:run(143)) - 587a1050-2cdd-4e2a-affe-051b452a7472@group-2F2E3A92AED0-FollowerState was interrupted: {}
java.lang.InterruptedException: sleep interrupted
	at java.lang.Thread.sleep(Native Method)
	at java.lang.Thread.sleep(Thread.java:340)
	at java.util.concurrent.TimeUnit.sleep(TimeUnit.java:386)
	at org.apache.ratis.util.TimeDuration.sleep(TimeDuration.java:324)
	at org.apache.ratis.util.TimeDuration.sleep(TimeDuration.java:309)
	at org.apache.ratis.server.impl.FollowerState.run(FollowerState.java:118)
2021-09-14 06:06:36,997 [grpc-default-executor-2] INFO  server.RaftServer$Division (RaftServerImpl.java:requestVote(1075)) - 587a1050-2cdd-4e2a-affe-051b452a7472@group-2F2E3A92AED0 replies to ELECTION vote request: 7af46619-9f10-43e2-abd0-ffbc4fcfe41f<-587a1050-2cdd-4e2a-affe-051b452a7472#0:OK-t1. Peer's state: 587a1050-2cdd-4e2a-affe-051b452a7472@group-2F2E3A92AED0:t1, leader=null, voted=7af46619-9f10-43e2-abd0-ffbc4fcfe41f, raftlog=587a1050-2cdd-4e2a-affe-051b452a7472@group-2F2E3A92AED0-SegmentedRaftLog:OPENED:c-1,f-1,i0, conf=-1: [587a1050-2cdd-4e2a-affe-051b452a7472|rpc:10.1.0.22:42707|priority:0, 7af46619-9f10-43e2-abd0-ffbc4fcfe41f|rpc:10.1.0.22:43809|priority:1, f5b04939-ef8e-46cc-a15f-0f827e775058|rpc:10.1.0.22:38289|priority:0], old=null
2021-09-14 06:06:36,999 [Listener at 127.0.0.1/34925] INFO  ozone.MiniOzoneClusterImpl (MiniOzoneClusterImpl.java:lambda$waitForClusterToBeReady$0(235)) - Nodes are ready. Got 3 of 3 DN Heartbeats.
2021-09-14 06:06:36,999 [Listener at 127.0.0.1/34925] INFO  ozone.MiniOzoneClusterImpl (MiniOzoneClusterImpl.java:lambda$waitForClusterToBeReady$0(238)) - Cluster exits safe mode
2021-09-14 06:06:36,999 [Listener at 127.0.0.1/34925] INFO  ozone.MiniOzoneClusterImpl (MiniOzoneClusterImpl.java:lambda$waitForClusterToBeReady$0(240)) - SCM became leader
2021-09-14 06:06:37,008 [7af46619-9f10-43e2-abd0-ffbc4fcfe41f@group-2F2E3A92AED0-LeaderElection5] INFO  impl.LeaderElection (LeaderElection.java:logAndReturn(89)) - 7af46619-9f10-43e2-abd0-ffbc4fcfe41f@group-2F2E3A92AED0-LeaderElection5: ELECTION PASSED received 1 response(s) and 0 exception(s):
2021-09-14 06:06:37,011 [7af46619-9f10-43e2-abd0-ffbc4fcfe41f@group-2F2E3A92AED0-LeaderElection5] INFO  impl.LeaderElection (LeaderElection.java:logAndReturn(93)) -   Response 0: 7af46619-9f10-43e2-abd0-ffbc4fcfe41f<-587a1050-2cdd-4e2a-affe-051b452a7472#0:OK-t1
2021-09-14 06:06:37,011 [7af46619-9f10-43e2-abd0-ffbc4fcfe41f@group-2F2E3A92AED0-LeaderElection5] INFO  impl.LeaderElection (LeaderElection.java:askForVotes(308)) - 7af46619-9f10-43e2-abd0-ffbc4fcfe41f@group-2F2E3A92AED0-LeaderElection5 ELECTION round 0: result PASSED
2021-09-14 06:06:37,011 [7af46619-9f10-43e2-abd0-ffbc4fcfe41f@group-2F2E3A92AED0-LeaderElection5] INFO  impl.RoleInfo (RoleInfo.java:shutdownLeaderElection(121)) - 7af46619-9f10-43e2-abd0-ffbc4fcfe41f: shutdown 7af46619-9f10-43e2-abd0-ffbc4fcfe41f@group-2F2E3A92AED0-LeaderElection5
2021-09-14 06:06:37,011 [7af46619-9f10-43e2-abd0-ffbc4fcfe41f@group-2F2E3A92AED0-LeaderElection5] INFO  server.RaftServer$Division (RaftServerImpl.java:setRole(285)) - 7af46619-9f10-43e2-abd0-ffbc4fcfe41f@group-2F2E3A92AED0: changes role from CANDIDATE to LEADER at term 1 for changeToLeader
2021-09-14 06:06:37,011 [7af46619-9f10-43e2-abd0-ffbc4fcfe41f@group-2F2E3A92AED0-LeaderElection5] INFO  ratis.XceiverServerRatis (XceiverServerRatis.java:handleLeaderChangedNotification(860)) - Leader change notification received for group: group-2F2E3A92AED0 with new leaderId: 7af46619-9f10-43e2-abd0-ffbc4fcfe41f
2021-09-14 06:06:37,011 [7af46619-9f10-43e2-abd0-ffbc4fcfe41f@group-2F2E3A92AED0-LeaderElection5] INFO  server.RaftServer$Division (ServerState.java:setLeader(285)) - 7af46619-9f10-43e2-abd0-ffbc4fcfe41f@group-2F2E3A92AED0: change Leader from null to 7af46619-9f10-43e2-abd0-ffbc4fcfe41f at term 1 for becomeLeader, leader elected after 5072ms
2021-09-14 06:06:37,011 [7af46619-9f10-43e2-abd0-ffbc4fcfe41f@group-2F2E3A92AED0-LeaderElection5] INFO  server.RaftServerConfigKeys (ConfUtils.java:logGet(44)) - raft.server.staging.catchup.gap = 1000 (default)
2021-09-14 06:06:37,012 [7af46619-9f10-43e2-abd0-ffbc4fcfe41f@group-2F2E3A92AED0-LeaderElection5] INFO  server.RaftServerConfigKeys (ConfUtils.java:logGet(44)) - raft.server.write.element-limit = 1024 (custom)
2021-09-14 06:06:37,012 [7af46619-9f10-43e2-abd0-ffbc4fcfe41f@group-2F2E3A92AED0-LeaderElection5] INFO  server.RaftServerConfigKeys (ConfUtils.java:logGet(44)) - raft.server.write.byte-limit = 1024 M (=1073741824) (custom)
2021-09-14 06:06:37,012 [7af46619-9f10-43e2-abd0-ffbc4fcfe41f@group-2F2E3A92AED0-LeaderElection5] INFO  server.RaftServerConfigKeys (ConfUtils.java:logGet(44)) - raft.server.watch.timeout = 180s (custom)
2021-09-14 06:06:37,012 [7af46619-9f10-43e2-abd0-ffbc4fcfe41f@group-2F2E3A92AED0-LeaderElection5] INFO  server.RaftServerConfigKeys (ConfUtils.java:logGet(44)) - raft.server.watch.timeout.denomination = 1s (default)
2021-09-14 06:06:37,012 [7af46619-9f10-43e2-abd0-ffbc4fcfe41f@group-2F2E3A92AED0-LeaderElection5] INFO  server.RaftServerConfigKeys (ConfUtils.java:logGet(44)) - raft.server.watch.element-limit = 65536 (default)
2021-09-14 06:06:37,013 [7af46619-9f10-43e2-abd0-ffbc4fcfe41f@group-2F2E3A92AED0-LeaderElection5] INFO  server.RaftServerConfigKeys (ConfUtils.java:logGet(44)) - raft.server.log.appender.snapshot.chunk.size.max = 16MB (=16777216) (default)
2021-09-14 06:06:37,013 [7af46619-9f10-43e2-abd0-ffbc4fcfe41f@group-2F2E3A92AED0-LeaderElection5] INFO  server.RaftServerConfigKeys (ConfUtils.java:logGet(44)) - raft.server.log.appender.buffer.byte-limit = 33554432 (custom)
2021-09-14 06:06:37,013 [7af46619-9f10-43e2-abd0-ffbc4fcfe41f@group-2F2E3A92AED0-LeaderElection5] INFO  server.RaftServerConfigKeys (ConfUtils.java:logGet(44)) - raft.server.log.appender.buffer.element-limit = 1 (custom)
2021-09-14 06:06:37,014 [EventQueue-PipelineReportForPipelineReportHandler] INFO  pipeline.PipelineManagerImpl (PipelineManagerImpl.java:openPipeline(282)) - Pipeline Pipeline[ Id: 8958e09b-f6c4-4e9a-a0bb-2f2e3a92aed0, Nodes: 587a1050-2cdd-4e2a-affe-051b452a7472{ip: 10.1.0.22, host: fv-az195-153.u3nnjwd0vyge1bu22idnsdeq2e.cx.internal.cloudapp.net, ports: [REPLICATION=37057, RATIS=42707, RATIS_ADMIN=42707, RATIS_SERVER=42707, STANDALONE=35453], networkLocation: /default-rack, certSerialId: null, persistedOpState: IN_SERVICE, persistedOpStateExpiryEpochSec: 0}7af46619-9f10-43e2-abd0-ffbc4fcfe41f{ip: 10.1.0.22, host: fv-az195-153.u3nnjwd0vyge1bu22idnsdeq2e.cx.internal.cloudapp.net, ports: [REPLICATION=39621, RATIS=43809, RATIS_ADMIN=43809, RATIS_SERVER=43809, STANDALONE=33541], networkLocation: /default-rack, certSerialId: null, persistedOpState: IN_SERVICE, persistedOpStateExpiryEpochSec: 0}f5b04939-ef8e-46cc-a15f-0f827e775058{ip: 10.1.0.22, host: fv-az195-153.u3nnjwd0vyge1bu22idnsdeq2e.cx.internal.cloudapp.net, ports: [REPLICATION=43795, RATIS=38289, RATIS_ADMIN=38289, RATIS_SERVER=38289, STANDALONE=33041], networkLocation: /default-rack, certSerialId: null, persistedOpState: IN_SERVICE, persistedOpStateExpiryEpochSec: 0}, ReplicationConfig: RATIS/THREE, State:ALLOCATED, leaderId:7af46619-9f10-43e2-abd0-ffbc4fcfe41f, CreationTimestamp2021-09-14T06:06:29.040Z[Etc/UTC]] moved to OPEN state
2021-09-14 06:06:37,016 [Listener at 127.0.0.1/34925] INFO  ozone.MiniOzoneClusterImpl (MiniOzoneClusterImpl.java:shutdown(453)) - Shutting down the Mini Ozone Cluster
2021-09-14 06:06:37,016 [Listener at 127.0.0.1/34925] INFO  ozone.MiniOzoneClusterImpl (MiniOzoneClusterImpl.java:stop(468)) - Stopping the Mini Ozone Cluster
2021-09-14 06:06:37,016 [Listener at 127.0.0.1/34925] INFO  ozone.MiniOzoneClusterImpl (MiniOzoneClusterImpl.java:stopOM(550)) - Stopping the OzoneManager
2021-09-14 06:06:37,016 [Listener at 127.0.0.1/34925] INFO  om.OzoneManager (OzoneManager.java:stop(1632)) - Stopping Ozone Manager
2021-09-14 06:06:37,016 [Listener at 127.0.0.1/34925] INFO  ipc.Server (Server.java:stop(3414)) - Stopping server on 34925
2021-09-14 06:06:37,013 [7af46619-9f10-43e2-abd0-ffbc4fcfe41f@group-2F2E3A92AED0-LeaderElection5] INFO  grpc.GrpcConfigKeys (ConfUtils.java:logGet(44)) - raft.grpc.server.leader.outstanding.appends.max = 128 (default)
2021-09-14 06:06:37,019 [7af46619-9f10-43e2-abd0-ffbc4fcfe41f@group-2F2E3A92AED0-LeaderElection5] INFO  server.RaftServerConfigKeys (ConfUtils.java:logGet(44)) - raft.server.rpc.request.timeout = 60s (custom)
2021-09-14 06:06:37,019 [7af46619-9f10-43e2-abd0-ffbc4fcfe41f@group-2F2E3A92AED0-LeaderElection5] INFO  server.RaftServerConfigKeys (ConfUtils.java:logGet(44)) - raft.server.log.appender.install.snapshot.enabled = false (custom)
2021-09-14 06:06:37,018 [grpc-default-executor-2] INFO  server.RaftServer$Division (RaftServerImpl.java:requestVote(1043)) - f5b04939-ef8e-46cc-a15f-0f827e775058@group-2F2E3A92AED0: receive requestVote(ELECTION, 7af46619-9f10-43e2-abd0-ffbc4fcfe41f, group-2F2E3A92AED0, 1, (t:0, i:0))
2021-09-14 06:06:37,020 [grpc-default-executor-2] INFO  impl.VoteContext (VoteContext.java:log(48)) - f5b04939-ef8e-46cc-a15f-0f827e775058@group-2F2E3A92AED0-FOLLOWER: accept ELECTION from 7af46619-9f10-43e2-abd0-ffbc4fcfe41f: our priority 0 <= candidate's priority 1
2021-09-14 06:06:37,020 [grpc-default-executor-2] INFO  server.RaftServer$Division (RaftServerImpl.java:setRole(285)) - f5b04939-ef8e-46cc-a15f-0f827e775058@group-2F2E3A92AED0: changes role from  FOLLOWER to FOLLOWER at term 1 for candidate:7af46619-9f10-43e2-abd0-ffbc4fcfe41f
2021-09-14 06:06:37,020 [grpc-default-executor-2] INFO  impl.RoleInfo (RoleInfo.java:shutdownFollowerState(108)) - f5b04939-ef8e-46cc-a15f-0f827e775058: shutdown f5b04939-ef8e-46cc-a15f-0f827e775058@group-2F2E3A92AED0-FollowerState
2021-09-14 06:06:37,020 [grpc-default-executor-2] INFO  impl.RoleInfo (RoleInfo.java:updateAndGet(130)) - f5b04939-ef8e-46cc-a15f-0f827e775058: start f5b04939-ef8e-46cc-a15f-0f827e775058@group-2F2E3A92AED0-FollowerState
2021-09-14 06:06:37,020 [f5b04939-ef8e-46cc-a15f-0f827e775058@group-2F2E3A92AED0-FollowerState] INFO  impl.FollowerState (FollowerState.java:run(143)) - f5b04939-ef8e-46cc-a15f-0f827e775058@group-2F2E3A92AED0-FollowerState was interrupted: {}
java.lang.InterruptedException: sleep interrupted
	at java.lang.Thread.sleep(Native Method)
	at java.lang.Thread.sleep(Thread.java:340)
	at java.util.concurrent.TimeUnit.sleep(TimeUnit.java:386)
	at org.apache.ratis.util.TimeDuration.sleep(TimeDuration.java:324)
	at org.apache.ratis.util.TimeDuration.sleep(TimeDuration.java:309)
	at org.apache.ratis.server.impl.FollowerState.run(FollowerState.java:118)
2021-09-14 06:06:37,021 [7af46619-9f10-43e2-abd0-ffbc4fcfe41f@group-2F2E3A92AED0-LeaderElection5] INFO  server.RaftServerConfigKeys (ConfUtils.java:logGet(44)) - raft.server.log.appender.snapshot.chunk.size.max = 16MB (=16777216) (default)
2021-09-14 06:06:37,021 [7af46619-9f10-43e2-abd0-ffbc4fcfe41f@group-2F2E3A92AED0-LeaderElection5] INFO  server.RaftServerConfigKeys (ConfUtils.java:logGet(44)) - raft.server.log.appender.buffer.byte-limit = 33554432 (custom)
2021-09-14 06:06:37,021 [7af46619-9f10-43e2-abd0-ffbc4fcfe41f@group-2F2E3A92AED0-LeaderElection5] INFO  server.RaftServerConfigKeys (ConfUtils.java:logGet(44)) - raft.server.log.appender.buffer.element-limit = 1 (custom)
2021-09-14 06:06:37,021 [7af46619-9f10-43e2-abd0-ffbc4fcfe41f@group-2F2E3A92AED0-LeaderElection5] INFO  grpc.GrpcConfigKeys (ConfUtils.java:logGet(44)) - raft.grpc.server.leader.outstanding.appends.max = 128 (default)
2021-09-14 06:06:37,021 [7af46619-9f10-43e2-abd0-ffbc4fcfe41f@group-2F2E3A92AED0-LeaderElection5] INFO  server.RaftServerConfigKeys (ConfUtils.java:logGet(44)) - raft.server.rpc.request.timeout = 60s (custom)
2021-09-14 06:06:37,021 [7af46619-9f10-43e2-abd0-ffbc4fcfe41f@group-2F2E3A92AED0-LeaderElection5] INFO  server.RaftServerConfigKeys (ConfUtils.java:logGet(44)) - raft.server.log.appender.install.snapshot.enabled = false (custom)
2021-09-14 06:06:37,041 [7af46619-9f10-43e2-abd0-ffbc4fcfe41f@group-2F2E3A92AED0-LeaderElection5] INFO  impl.RoleInfo (RoleInfo.java:updateAndGet(130)) - 7af46619-9f10-43e2-abd0-ffbc4fcfe41f: start 7af46619-9f10-43e2-abd0-ffbc4fcfe41f@group-2F2E3A92AED0-LeaderStateImpl
2021-09-14 06:06:37,041 [7af46619-9f10-43e2-abd0-ffbc4fcfe41f@group-2F2E3A92AED0-LeaderElection5] INFO  segmented.SegmentedRaftLogWorker (SegmentedRaftLogWorker.java:startLogSegment(394)) - 7af46619-9f10-43e2-abd0-ffbc4fcfe41f@group-2F2E3A92AED0-SegmentedRaftLogWorker: Starting segment from index:0
2021-09-14 06:06:37,041 [grpc-default-executor-2] INFO  server.RaftServer$Division (RaftServerImpl.java:requestVote(1075)) - f5b04939-ef8e-46cc-a15f-0f827e775058@group-2F2E3A92AED0 replies to ELECTION vote request: 7af46619-9f10-43e2-abd0-ffbc4fcfe41f<-f5b04939-ef8e-46cc-a15f-0f827e775058#0:OK-t1. Peer's state: f5b04939-ef8e-46cc-a15f-0f827e775058@group-2F2E3A92AED0:t1, leader=null, voted=7af46619-9f10-43e2-abd0-ffbc4fcfe41f, raftlog=f5b04939-ef8e-46cc-a15f-0f827e775058@group-2F2E3A92AED0-SegmentedRaftLog:OPENED:c-1,f-1,i0, conf=-1: [587a1050-2cdd-4e2a-affe-051b452a7472|rpc:10.1.0.22:42707|priority:0, 7af46619-9f10-43e2-abd0-ffbc4fcfe41f|rpc:10.1.0.22:43809|priority:1, f5b04939-ef8e-46cc-a15f-0f827e775058|rpc:10.1.0.22:38289|priority:0], old=null
2021-09-14 06:06:37,043 [IPC Server listener on 0] INFO  ipc.Server (Server.java:run(1376)) - Stopping IPC Server listener on 0
2021-09-14 06:06:37,046 [7af46619-9f10-43e2-abd0-ffbc4fcfe41f@group-2F2E3A92AED0-SegmentedRaftLogWorker] INFO  segmented.SegmentedRaftLogWorker (SegmentedRaftLogWorker.java:execute(601)) - 7af46619-9f10-43e2-abd0-ffbc4fcfe41f@group-2F2E3A92AED0-SegmentedRaftLogWorker: created new log segment /home/runner/work/ozone/ozone/hadoop-ozone/integration-test/target/test-dir/MiniOzoneClusterImpl-90c4e534-bc13-49cf-ad4e-23f32b71864f/datanode-1/data/ratis/8958e09b-f6c4-4e9a-a0bb-2f2e3a92aed0/current/log_inprogress_0
2021-09-14 06:06:37,047 [Listener at 127.0.0.1/34925] INFO  server.RaftServer (RaftServerProxy.java:lambda$close$6(391)) - om1: close
2021-09-14 06:06:37,048 [Listener at 127.0.0.1/34925] INFO  server.RaftServer$Division (RaftServerImpl.java:lambda$close$4(407)) - om1@group-C5BA1605619E: shutdown
2021-09-14 06:06:37,048 [Listener at 127.0.0.1/34925] INFO  util.JmxRegister (JmxRegister.java:unregister(73)) - Successfully un-registered JMX Bean with object name Ratis:service=RaftServer,group=group-C5BA1605619E,id=om1
2021-09-14 06:06:37,048 [Listener at 127.0.0.1/34925] INFO  impl.RoleInfo (RoleInfo.java:shutdownLeaderState(91)) - om1: shutdown om1@group-C5BA1605619E-LeaderStateImpl
2021-09-14 06:06:37,049 [Listener at 127.0.0.1/34925] INFO  impl.PendingRequests (PendingRequests.java:sendNotLeaderResponses(282)) - om1@group-C5BA1605619E-PendingRequests: sendNotLeaderResponses
2021-09-14 06:06:37,050 [Listener at 127.0.0.1/34925] INFO  impl.StateMachineUpdater (StateMachineUpdater.java:stopAndJoin(149)) - om1@group-C5BA1605619E-StateMachineUpdater: set stopIndex = 0
2021-09-14 06:06:37,050 [om1@group-C5BA1605619E-StateMachineUpdater] INFO  ratis.OzoneManagerStateMachine (OzoneManagerStateMachine.java:takeSnapshot(417)) - Current Snapshot Index (t:1, i:0)
2021-09-14 06:06:37,047 [7af46619-9f10-43e2-abd0-ffbc4fcfe41f@group-2F2E3A92AED0-LeaderElection5] INFO  server.RaftServer$Division (ServerState.java:setRaftConf(387)) - 7af46619-9f10-43e2-abd0-ffbc4fcfe41f@group-2F2E3A92AED0: set configuration 0: [587a1050-2cdd-4e2a-affe-051b452a7472|rpc:10.1.0.22:42707|dataStream:|priority:0, 7af46619-9f10-43e2-abd0-ffbc4fcfe41f|rpc:10.1.0.22:43809|dataStream:|priority:1, f5b04939-ef8e-46cc-a15f-0f827e775058|rpc:10.1.0.22:38289|dataStream:|priority:0], old=null
2021-09-14 06:06:37,046 [IPC Server Responder] INFO  ipc.Server (Server.java:run(1512)) - Stopping IPC Server Responder
2021-09-14 06:06:37,051 [om1@group-C5BA1605619E-StateMachineUpdater] INFO  impl.StateMachineUpdater (StateMachineUpdater.java:takeSnapshot(281)) - om1@group-C5BA1605619E-StateMachineUpdater: Took a snapshot at index 0
2021-09-14 06:06:37,060 [om1@group-C5BA1605619E-StateMachineUpdater] INFO  impl.StateMachineUpdater (StateMachineUpdater.java:lambda$new$0(89)) - om1@group-C5BA1605619E-StateMachineUpdater: snapshotIndex: updateIncreasingly -1 -> 0
2021-09-14 06:06:37,060 [om1@group-C5BA1605619E-StateMachineUpdater] INFO  ratis.OzoneManagerStateMachine (OzoneManagerStateMachine.java:close(471)) - StateMachine has shutdown. Shutdown OzoneManager if not already shutdown.
2021-09-14 06:06:37,061 [Listener at 127.0.0.1/34925] INFO  server.RaftServer$Division (ServerState.java:close(419)) - om1@group-C5BA1605619E: closes. applyIndex: 0
2021-09-14 06:06:37,068 [om1@group-C5BA1605619E-SegmentedRaftLogWorker] INFO  segmented.SegmentedRaftLogWorker (SegmentedRaftLogWorker.java:run(327)) - om1@group-C5BA1605619E-SegmentedRaftLogWorker was interrupted, exiting. There are 0 tasks remaining in the queue.
2021-09-14 06:06:37,072 [grpc-default-executor-2] INFO  ratis.XceiverServerRatis (XceiverServerRatis.java:handleLeaderChangedNotification(860)) - Leader change notification received for group: group-2F2E3A92AED0 with new leaderId: 7af46619-9f10-43e2-abd0-ffbc4fcfe41f
2021-09-14 06:06:37,072 [grpc-default-executor-2] INFO  server.RaftServer$Division (ServerState.java:setLeader(285)) - 587a1050-2cdd-4e2a-affe-051b452a7472@group-2F2E3A92AED0: change Leader from null to 7af46619-9f10-43e2-abd0-ffbc4fcfe41f at term 1 for appendEntries, leader elected after 5091ms
2021-09-14 06:06:37,073 [Listener at 127.0.0.1/34925] INFO  segmented.SegmentedRaftLogWorker (SegmentedRaftLogWorker.java:close(237)) - om1@group-C5BA1605619E-SegmentedRaftLogWorker close()
2021-09-14 06:06:37,076 [grpc-default-executor-0] INFO  ratis.XceiverServerRatis (XceiverServerRatis.java:handleLeaderChangedNotification(860)) - Leader change notification received for group: group-2F2E3A92AED0 with new leaderId: 7af46619-9f10-43e2-abd0-ffbc4fcfe41f
2021-09-14 06:06:37,076 [grpc-default-executor-0] INFO  server.RaftServer$Division (ServerState.java:setLeader(285)) - f5b04939-ef8e-46cc-a15f-0f827e775058@group-2F2E3A92AED0: change Leader from null to 7af46619-9f10-43e2-abd0-ffbc4fcfe41f at term 1 for appendEntries, leader elected after 5006ms
2021-09-14 06:06:37,076 [grpc-default-executor-2] INFO  server.RaftServer$Division (ServerState.java:setRaftConf(387)) - 587a1050-2cdd-4e2a-affe-051b452a7472@group-2F2E3A92AED0: set configuration 0: [587a1050-2cdd-4e2a-affe-051b452a7472|rpc:10.1.0.22:42707|dataStream:|priority:0, 7af46619-9f10-43e2-abd0-ffbc4fcfe41f|rpc:10.1.0.22:43809|dataStream:|priority:1, f5b04939-ef8e-46cc-a15f-0f827e775058|rpc:10.1.0.22:38289|dataStream:|priority:0], old=null
2021-09-14 06:06:37,076 [grpc-default-executor-2] INFO  segmented.SegmentedRaftLogWorker (SegmentedRaftLogWorker.java:startLogSegment(394)) - 587a1050-2cdd-4e2a-affe-051b452a7472@group-2F2E3A92AED0-SegmentedRaftLogWorker: Starting segment from index:0
2021-09-14 06:06:37,081 [Listener at 127.0.0.1/34925] INFO  server.GrpcService (GrpcService.java:closeImpl(262)) - om1: shutdown server with port 9872 now
2021-09-14 06:06:37,082 [grpc-default-executor-0] INFO  server.RaftServer$Division (ServerState.java:setRaftConf(387)) - f5b04939-ef8e-46cc-a15f-0f827e775058@group-2F2E3A92AED0: set configuration 0: [587a1050-2cdd-4e2a-affe-051b452a7472|rpc:10.1.0.22:42707|dataStream:|priority:0, 7af46619-9f10-43e2-abd0-ffbc4fcfe41f|rpc:10.1.0.22:43809|dataStream:|priority:1, f5b04939-ef8e-46cc-a15f-0f827e775058|rpc:10.1.0.22:38289|dataStream:|priority:0], old=null
2021-09-14 06:06:37,082 [587a1050-2cdd-4e2a-affe-051b452a7472@group-2F2E3A92AED0-SegmentedRaftLogWorker] INFO  segmented.SegmentedRaftLogWorker (SegmentedRaftLogWorker.java:execute(601)) - 587a1050-2cdd-4e2a-affe-051b452a7472@group-2F2E3A92AED0-SegmentedRaftLogWorker: created new log segment /home/runner/work/ozone/ozone/hadoop-ozone/integration-test/target/test-dir/MiniOzoneClusterImpl-90c4e534-bc13-49cf-ad4e-23f32b71864f/datanode-0/data/ratis/8958e09b-f6c4-4e9a-a0bb-2f2e3a92aed0/current/log_inprogress_0
2021-09-14 06:06:37,083 [grpc-default-executor-0] INFO  segmented.SegmentedRaftLogWorker (SegmentedRaftLogWorker.java:startLogSegment(394)) - f5b04939-ef8e-46cc-a15f-0f827e775058@group-2F2E3A92AED0-SegmentedRaftLogWorker: Starting segment from index:0
2021-09-14 06:06:37,084 [Listener at 127.0.0.1/34925] INFO  server.GrpcService (GrpcService.java:closeImpl(271)) - om1: shutdown server with port 9872 successfully
2021-09-14 06:06:37,087 [org.apache.ratis.util.JvmPauseMonitor$$Lambda$531/194277244@30323182] INFO  util.JvmPauseMonitor (JvmPauseMonitor.java:run(109)) - JvmPauseMonitor-om1: Stopped
2021-09-14 06:06:37,090 [f5b04939-ef8e-46cc-a15f-0f827e775058@group-2F2E3A92AED0-SegmentedRaftLogWorker] INFO  segmented.SegmentedRaftLogWorker (SegmentedRaftLogWorker.java:execute(601)) - f5b04939-ef8e-46cc-a15f-0f827e775058@group-2F2E3A92AED0-SegmentedRaftLogWorker: created new log segment /home/runner/work/ozone/ozone/hadoop-ozone/integration-test/target/test-dir/MiniOzoneClusterImpl-90c4e534-bc13-49cf-ad4e-23f32b71864f/datanode-2/data/ratis/8958e09b-f6c4-4e9a-a0bb-2f2e3a92aed0/current/log_inprogress_0
2021-09-14 06:06:37,091 [Listener at 127.0.0.1/34925] INFO  ratis.OzoneManagerDoubleBuffer (OzoneManagerDoubleBuffer.java:stop(437)) - Stopping OMDoubleBuffer flush thread
2021-09-14 06:06:37,091 [OMDoubleBufferFlushThread] INFO  ratis.OzoneManagerDoubleBuffer (OzoneManagerDoubleBuffer.java:flushTransactions(356)) - OMDoubleBuffer flush thread OMDoubleBufferFlushThread is interrupted and will exit. OMDoubleBufferFlushThread
2021-09-14 06:06:37,100 [Listener at 127.0.0.1/34925] INFO  utils.BackgroundService (BackgroundService.java:shutdown(132)) - Shutting down service KeyDeletingService
2021-09-14 06:06:37,102 [Listener at 127.0.0.1/34925] INFO  handler.ContextHandler (ContextHandler.java:doStop(1153)) - Stopped o.e.j.w.WebAppContext@a09072e{ozoneManager,/,null,STOPPED}{file:/home/runner/work/ozone/ozone/hadoop-ozone/integration-test/target/test-classes/webapps/ozoneManager}
2021-09-14 06:06:37,107 [Listener at 127.0.0.1/34925] INFO  server.AbstractConnector (AbstractConnector.java:doStop(381)) - Stopped ServerConnector@e2ea048{HTTP/1.1, (http/1.1)}{0.0.0.0:0}
2021-09-14 06:06:37,107 [Listener at 127.0.0.1/34925] INFO  server.session (HouseKeeper.java:stopScavenging(149)) - node0 Stopped scavenging
2021-09-14 06:06:37,108 [Listener at 127.0.0.1/34925] INFO  handler.ContextHandler (ContextHandler.java:doStop(1153)) - Stopped o.e.j.s.ServletContextHandler@2e632324{static,/static,file:///home/runner/work/ozone/ozone/hadoop-ozone/integration-test/target/test-classes/webapps/static,STOPPED}
2021-09-14 06:06:37,108 [Listener at 127.0.0.1/34925] INFO  handler.ContextHandler (ContextHandler.java:doStop(1153)) - Stopped o.e.j.s.ServletContextHandler@61e94952{logs,/logs,file:///home/runner/work/ozone/ozone/hadoop-ozone/integration-test/target/log,STOPPED}
2021-09-14 06:06:37,110 [Listener at 127.0.0.1/34925] INFO  ozone.MiniOzoneClusterImpl (MiniOzoneClusterImpl.java:stopDatanodes(527)) - Stopping the HddsDatanodes
2021-09-14 06:06:37,122 [f5b04939-ef8e-46cc-a15f-0f827e775058@group-AB60FCB67CFA-FollowerState] INFO  impl.FollowerState (FollowerState.java:run(134)) - f5b04939-ef8e-46cc-a15f-0f827e775058@group-AB60FCB67CFA-FollowerState: change to CANDIDATE, lastRpcElapsedTime:5066038755ns, electionTimeout:5062ms
2021-09-14 06:06:37,122 [f5b04939-ef8e-46cc-a15f-0f827e775058@group-AB60FCB67CFA-FollowerState] INFO  impl.RoleInfo (RoleInfo.java:shutdownFollowerState(108)) - f5b04939-ef8e-46cc-a15f-0f827e775058: shutdown f5b04939-ef8e-46cc-a15f-0f827e775058@group-AB60FCB67CFA-FollowerState
2021-09-14 06:06:37,122 [f5b04939-ef8e-46cc-a15f-0f827e775058@group-AB60FCB67CFA-FollowerState] INFO  server.RaftServer$Division (RaftServerImpl.java:setRole(285)) - f5b04939-ef8e-46cc-a15f-0f827e775058@group-AB60FCB67CFA: changes role from  FOLLOWER to CANDIDATE at term 0 for changeToCandidate
2021-09-14 06:06:37,122 [f5b04939-ef8e-46cc-a15f-0f827e775058@group-AB60FCB67CFA-FollowerState] INFO  server.RaftServerConfigKeys (ConfUtils.java:logGet(44)) - raft.server.leaderelection.pre-vote = false (custom)
2021-09-14 06:06:37,122 [f5b04939-ef8e-46cc-a15f-0f827e775058@group-AB60FCB67CFA-FollowerState] INFO  impl.RoleInfo (RoleInfo.java:updateAndGet(130)) - f5b04939-ef8e-46cc-a15f-0f827e775058: start f5b04939-ef8e-46cc-a15f-0f827e775058@group-AB60FCB67CFA-LeaderElection6
2021-09-14 06:06:37,124 [f5b04939-ef8e-46cc-a15f-0f827e775058@group-AB60FCB67CFA-LeaderElection6] INFO  impl.LeaderElection (LeaderElection.java:askForVotes(306)) - f5b04939-ef8e-46cc-a15f-0f827e775058@group-AB60FCB67CFA-LeaderElection6 ELECTION round 0: submit vote requests at term 1 for -1: [f5b04939-ef8e-46cc-a15f-0f827e775058|rpc:10.1.0.22:38289|priority:1], old=null
2021-09-14 06:06:37,124 [f5b04939-ef8e-46cc-a15f-0f827e775058@group-AB60FCB67CFA-LeaderElection6] INFO  impl.LeaderElection (LeaderElection.java:askForVotes(308)) - f5b04939-ef8e-46cc-a15f-0f827e775058@group-AB60FCB67CFA-LeaderElection6 ELECTION round 0: result PASSED (term=1)
2021-09-14 06:06:37,124 [f5b04939-ef8e-46cc-a15f-0f827e775058@group-AB60FCB67CFA-LeaderElection6] INFO  impl.RoleInfo (RoleInfo.java:shutdownLeaderElection(121)) - f5b04939-ef8e-46cc-a15f-0f827e775058: shutdown f5b04939-ef8e-46cc-a15f-0f827e775058@group-AB60FCB67CFA-LeaderElection6
2021-09-14 06:06:37,125 [f5b04939-ef8e-46cc-a15f-0f827e775058@group-AB60FCB67CFA-LeaderElection6] INFO  server.RaftServer$Division (RaftServerImpl.java:setRole(285)) - f5b04939-ef8e-46cc-a15f-0f827e775058@group-AB60FCB67CFA: changes role from CANDIDATE to LEADER at term 1 for changeToLeader
2021-09-14 06:06:37,125 [f5b04939-ef8e-46cc-a15f-0f827e775058@group-AB60FCB67CFA-LeaderElection6] INFO  ratis.XceiverServerRatis (XceiverServerRatis.java:handleLeaderChangedNotification(860)) - Leader change notification received for group: group-AB60FCB67CFA with new leaderId: f5b04939-ef8e-46cc-a15f-0f827e775058
2021-09-14 06:06:37,125 [f5b04939-ef8e-46cc-a15f-0f827e775058@group-AB60FCB67CFA-LeaderElection6] INFO  server.RaftServer$Division (ServerState.java:setLeader(285)) - f5b04939-ef8e-46cc-a15f-0f827e775058@group-AB60FCB67CFA: change Leader from null to f5b04939-ef8e-46cc-a15f-0f827e775058 at term 1 for becomeLeader, leader elected after 5088ms
2021-09-14 06:06:37,126 [f5b04939-ef8e-46cc-a15f-0f827e775058@group-AB60FCB67CFA-LeaderElection6] INFO  server.RaftServerConfigKeys (ConfUtils.java:logGet(44)) - raft.server.staging.catchup.gap = 1000 (default)
2021-09-14 06:06:37,126 [f5b04939-ef8e-46cc-a15f-0f827e775058@group-AB60FCB67CFA-LeaderElection6] INFO  server.RaftServerConfigKeys (ConfUtils.java:logGet(44)) - raft.server.write.element-limit = 1024 (custom)
2021-09-14 06:06:37,126 [f5b04939-ef8e-46cc-a15f-0f827e775058@group-AB60FCB67CFA-LeaderElection6] INFO  server.RaftServerConfigKeys (ConfUtils.java:logGet(44)) - raft.server.write.byte-limit = 1024 M (=1073741824) (custom)
2021-09-14 06:06:37,127 [f5b04939-ef8e-46cc-a15f-0f827e775058@group-AB60FCB67CFA-LeaderElection6] INFO  server.RaftServerConfigKeys (ConfUtils.java:logGet(44)) - raft.server.watch.timeout = 180s (custom)
2021-09-14 06:06:37,127 [f5b04939-ef8e-46cc-a15f-0f827e775058@group-AB60FCB67CFA-LeaderElection6] INFO  server.RaftServerConfigKeys (ConfUtils.java:logGet(44)) - raft.server.watch.timeout.denomination = 1s (default)
2021-09-14 06:06:37,127 [f5b04939-ef8e-46cc-a15f-0f827e775058@group-AB60FCB67CFA-LeaderElection6] INFO  server.RaftServerConfigKeys (ConfUtils.java:logGet(44)) - raft.server.watch.element-limit = 65536 (default)
2021-09-14 06:06:37,127 [f5b04939-ef8e-46cc-a15f-0f827e775058@group-AB60FCB67CFA-LeaderElection6] INFO  impl.RoleInfo (RoleInfo.java:updateAndGet(130)) - f5b04939-ef8e-46cc-a15f-0f827e775058: start f5b04939-ef8e-46cc-a15f-0f827e775058@group-AB60FCB67CFA-LeaderStateImpl
2021-09-14 06:06:37,127 [f5b04939-ef8e-46cc-a15f-0f827e775058@group-AB60FCB67CFA-LeaderElection6] INFO  segmented.SegmentedRaftLogWorker (SegmentedRaftLogWorker.java:startLogSegment(394)) - f5b04939-ef8e-46cc-a15f-0f827e775058@group-AB60FCB67CFA-SegmentedRaftLogWorker: Starting segment from index:0
2021-09-14 06:06:37,130 [f5b04939-ef8e-46cc-a15f-0f827e775058@group-AB60FCB67CFA-SegmentedRaftLogWorker] INFO  segmented.SegmentedRaftLogWorker (SegmentedRaftLogWorker.java:execute(601)) - f5b04939-ef8e-46cc-a15f-0f827e775058@group-AB60FCB67CFA-SegmentedRaftLogWorker: created new log segment /home/runner/work/ozone/ozone/hadoop-ozone/integration-test/target/test-dir/MiniOzoneClusterImpl-90c4e534-bc13-49cf-ad4e-23f32b71864f/datanode-2/data/ratis/2945b166-3300-4e1a-a2f7-ab60fcb67cfa/current/log_inprogress_0
2021-09-14 06:06:37,130 [f5b04939-ef8e-46cc-a15f-0f827e775058@group-AB60FCB67CFA-LeaderElection6] INFO  server.RaftServer$Division (ServerState.java:setRaftConf(387)) - f5b04939-ef8e-46cc-a15f-0f827e775058@group-AB60FCB67CFA: set configuration 0: [f5b04939-ef8e-46cc-a15f-0f827e775058|rpc:10.1.0.22:38289|dataStream:|priority:1], old=null
2021-09-14 06:06:42,114 [Listener at 127.0.0.1/34925] INFO  ozoneimpl.OzoneContainer (OzoneContainer.java:stop(325)) - Attempting to stop container services.
2021-09-14 06:06:42,114 [ForkJoinPool.commonPool-worker-1] INFO  ozoneimpl.OzoneContainer (OzoneContainer.java:stop(325)) - Attempting to stop container services.
2021-09-14 06:06:42,115 [Listener at 127.0.0.1/34925] INFO  server.RaftServer (RaftServerProxy.java:lambda$close$6(391)) - 7af46619-9f10-43e2-abd0-ffbc4fcfe41f: close
2021-09-14 06:06:42,116 [ForkJoinPool.commonPool-worker-1] INFO  server.RaftServer (RaftServerProxy.java:lambda$close$6(391)) - 587a1050-2cdd-4e2a-affe-051b452a7472: close
2021-09-14 06:06:42,116 [ForkJoinPool.commonPool-worker-1] INFO  server.RaftServer$Division (RaftServerImpl.java:lambda$close$4(407)) - 587a1050-2cdd-4e2a-affe-051b452a7472@group-56C443BA814E: shutdown
2021-09-14 06:06:42,116 [ForkJoinPool.commonPool-worker-1] INFO  util.JmxRegister (JmxRegister.java:unregister(73)) - Successfully un-registered JMX Bean with object name Ratis:service=RaftServer,group=group-56C443BA814E,id=587a1050-2cdd-4e2a-affe-051b452a7472
2021-09-14 06:06:42,117 [ForkJoinPool.commonPool-worker-1] INFO  impl.RoleInfo (RoleInfo.java:shutdownLeaderState(91)) - 587a1050-2cdd-4e2a-affe-051b452a7472: shutdown 587a1050-2cdd-4e2a-affe-051b452a7472@group-56C443BA814E-LeaderStateImpl
2021-09-14 06:06:42,117 [587a1050-2cdd-4e2a-affe-051b452a7472@group-56C443BA814E->7af46619-9f10-43e2-abd0-ffbc4fcfe41f-GrpcLogAppender-LogAppenderDaemon] WARN  server.GrpcLogAppender (GrpcLogAppender.java:mayWait(175)) - 587a1050-2cdd-4e2a-affe-051b452a7472@group-56C443BA814E->7af46619-9f10-43e2-abd0-ffbc4fcfe41f-GrpcLogAppender: Wait interrupted by java.lang.InterruptedException
2021-09-14 06:06:42,117 [Listener at 127.0.0.1/34925] INFO  server.RaftServer$Division (RaftServerImpl.java:lambda$close$4(407)) - 7af46619-9f10-43e2-abd0-ffbc4fcfe41f@group-2B1B2B6337FD: shutdown
2021-09-14 06:06:42,117 [ForkJoinPool.commonPool-worker-1] INFO  impl.PendingRequests (PendingRequests.java:sendNotLeaderResponses(282)) - 587a1050-2cdd-4e2a-affe-051b452a7472@group-56C443BA814E-PendingRequests: sendNotLeaderResponses
2021-09-14 06:06:42,119 [ForkJoinPool.commonPool-worker-1] INFO  impl.StateMachineUpdater (StateMachineUpdater.java:stopAndJoin(149)) - 587a1050-2cdd-4e2a-affe-051b452a7472@group-56C443BA814E-StateMachineUpdater: set stopIndex = 0
2021-09-14 06:06:42,118 [Listener at 127.0.0.1/34925] INFO  util.JmxRegister (JmxRegister.java:unregister(73)) - Successfully un-registered JMX Bean with object name Ratis:service=RaftServer,group=group-2B1B2B6337FD,id=7af46619-9f10-43e2-abd0-ffbc4fcfe41f
2021-09-14 06:06:42,119 [Listener at 127.0.0.1/34925] INFO  impl.RoleInfo (RoleInfo.java:shutdownLeaderState(91)) - 7af46619-9f10-43e2-abd0-ffbc4fcfe41f: shutdown 7af46619-9f10-43e2-abd0-ffbc4fcfe41f@group-2B1B2B6337FD-LeaderStateImpl
2021-09-14 06:06:42,119 [587a1050-2cdd-4e2a-affe-051b452a7472@group-56C443BA814E-StateMachineUpdater] INFO  ratis.ContainerStateMachine (ContainerStateMachine.java:takeSnapshot(292)) - group-56C443BA814E: Taking a snapshot at:(t:1, i:0) file /home/runner/work/ozone/ozone/hadoop-ozone/integration-test/target/test-dir/MiniOzoneClusterImpl-90c4e534-bc13-49cf-ad4e-23f32b71864f/datanode-0/data/ratis/2dd6ee76-a3c4-4a2d-b101-56c443ba814e/sm/snapshot.1_0
2021-09-14 06:06:42,119 [Listener at 127.0.0.1/34925] INFO  impl.PendingRequests (PendingRequests.java:sendNotLeaderResponses(282)) - 7af46619-9f10-43e2-abd0-ffbc4fcfe41f@group-2B1B2B6337FD-PendingRequests: sendNotLeaderResponses
2021-09-14 06:06:42,120 [7af46619-9f10-43e2-abd0-ffbc4fcfe41f@group-2B1B2B6337FD-StateMachineUpdater] INFO  ratis.ContainerStateMachine (ContainerStateMachine.java:takeSnapshot(292)) - group-2B1B2B6337FD: Taking a snapshot at:(t:1, i:0) file /home/runner/work/ozone/ozone/hadoop-ozone/integration-test/target/test-dir/MiniOzoneClusterImpl-90c4e534-bc13-49cf-ad4e-23f32b71864f/datanode-1/data/ratis/919687d4-e39f-48c1-b8d8-2b1b2b6337fd/sm/snapshot.1_0
2021-09-14 06:06:42,120 [Listener at 127.0.0.1/34925] INFO  impl.StateMachineUpdater (StateMachineUpdater.java:stopAndJoin(149)) - 7af46619-9f10-43e2-abd0-ffbc4fcfe41f@group-2B1B2B6337FD-StateMachineUpdater: set stopIndex = 0
2021-09-14 06:06:42,118 [587a1050-2cdd-4e2a-affe-051b452a7472@group-56C443BA814E->f5b04939-ef8e-46cc-a15f-0f827e775058-GrpcLogAppender-LogAppenderDaemon] WARN  server.GrpcLogAppender (GrpcLogAppender.java:mayWait(175)) - 587a1050-2cdd-4e2a-affe-051b452a7472@group-56C443BA814E->f5b04939-ef8e-46cc-a15f-0f827e775058-GrpcLogAppender: Wait interrupted by java.lang.InterruptedException
2021-09-14 06:06:42,125 [grpc-default-executor-2] INFO  server.GrpcServerProtocolService (GrpcServerProtocolService.java:onCompleted(140)) - f5b04939-ef8e-46cc-a15f-0f827e775058: Completed APPEND_ENTRIES, lastRequest: 587a1050-2cdd-4e2a-affe-051b452a7472->f5b04939-ef8e-46cc-a15f-0f827e775058#1-t1,previous=(t:0, i:0),leaderCommit=0,initializing? true,entries: size=1, first=(t:1, i:0), CONFIGURATIONENTRY
2021-09-14 06:06:42,127 [grpc-default-executor-1] INFO  server.GrpcLogAppender (GrpcLogAppender.java:onCompleted(344)) - 587a1050-2cdd-4e2a-affe-051b452a7472@group-56C443BA814E->f5b04939-ef8e-46cc-a15f-0f827e775058-AppendLogResponseHandler: follower responses appendEntries COMPLETED
2021-09-14 06:06:42,126 [grpc-default-executor-0] INFO  server.GrpcServerProtocolService (GrpcServerProtocolService.java:onCompleted(140)) - 7af46619-9f10-43e2-abd0-ffbc4fcfe41f: Completed APPEND_ENTRIES, lastRequest: 587a1050-2cdd-4e2a-affe-051b452a7472->7af46619-9f10-43e2-abd0-ffbc4fcfe41f#1-t1,previous=(t:0, i:0),leaderCommit=0,initializing? true,entries: size=1, first=(t:1, i:0), CONFIGURATIONENTRY
2021-09-14 06:06:42,131 [grpc-default-executor-2] INFO  server.GrpcLogAppender (GrpcLogAppender.java:onCompleted(344)) - 587a1050-2cdd-4e2a-affe-051b452a7472@group-56C443BA814E->7af46619-9f10-43e2-abd0-ffbc4fcfe41f-AppendLogResponseHandler: follower responses appendEntries COMPLETED
2021-09-14 06:06:42,131 [grpc-default-executor-2] INFO  leader.FollowerInfo (FollowerInfoImpl.java:lambda$new$0(46)) - 587a1050-2cdd-4e2a-affe-051b452a7472@group-56C443BA814E->7af46619-9f10-43e2-abd0-ffbc4fcfe41f: nextIndex: updateUnconditionally 1 -> 0
2021-09-14 06:06:42,131 [grpc-default-executor-1] INFO  leader.FollowerInfo (FollowerInfoImpl.java:lambda$new$0(46)) - 587a1050-2cdd-4e2a-affe-051b452a7472@group-56C443BA814E->f5b04939-ef8e-46cc-a15f-0f827e775058: nextIndex: updateUnconditionally 1 -> 0
2021-09-14 06:06:42,157 [7af46619-9f10-43e2-abd0-ffbc4fcfe41f@group-2B1B2B6337FD-StateMachineUpdater] INFO  ratis.ContainerStateMachine (ContainerStateMachine.java:takeSnapshot(303)) - group-2B1B2B6337FD: Finished taking a snapshot at:(t:1, i:0) file:/home/runner/work/ozone/ozone/hadoop-ozone/integration-test/target/test-dir/MiniOzoneClusterImpl-90c4e534-bc13-49cf-ad4e-23f32b71864f/datanode-1/data/ratis/919687d4-e39f-48c1-b8d8-2b1b2b6337fd/sm/snapshot.1_0 took: 38 ms
2021-09-14 06:06:42,157 [587a1050-2cdd-4e2a-affe-051b452a7472@group-56C443BA814E-StateMachineUpdater] INFO  ratis.ContainerStateMachine (ContainerStateMachine.java:takeSnapshot(303)) - group-56C443BA814E: Finished taking a snapshot at:(t:1, i:0) file:/home/runner/work/ozone/ozone/hadoop-ozone/integration-test/target/test-dir/MiniOzoneClusterImpl-90c4e534-bc13-49cf-ad4e-23f32b71864f/datanode-0/data/ratis/2dd6ee76-a3c4-4a2d-b101-56c443ba814e/sm/snapshot.1_0 took: 38 ms
2021-09-14 06:06:42,158 [587a1050-2cdd-4e2a-affe-051b452a7472@group-56C443BA814E-StateMachineUpdater] INFO  impl.StateMachineUpdater (StateMachineUpdater.java:takeSnapshot(281)) - 587a1050-2cdd-4e2a-affe-051b452a7472@group-56C443BA814E-StateMachineUpdater: Took a snapshot at index 0
2021-09-14 06:06:42,158 [587a1050-2cdd-4e2a-affe-051b452a7472@group-56C443BA814E-StateMachineUpdater] INFO  impl.StateMachineUpdater (StateMachineUpdater.java:lambda$new$0(89)) - 587a1050-2cdd-4e2a-affe-051b452a7472@group-56C443BA814E-StateMachineUpdater: snapshotIndex: updateIncreasingly -1 -> 0
2021-09-14 06:06:42,160 [7af46619-9f10-43e2-abd0-ffbc4fcfe41f@group-2B1B2B6337FD-StateMachineUpdater] INFO  impl.StateMachineUpdater (StateMachineUpdater.java:takeSnapshot(281)) - 7af46619-9f10-43e2-abd0-ffbc4fcfe41f@group-2B1B2B6337FD-StateMachineUpdater: Took a snapshot at index 0
2021-09-14 06:06:42,162 [ForkJoinPool.commonPool-worker-1] INFO  server.RaftServer$Division (ServerState.java:close(419)) - 587a1050-2cdd-4e2a-affe-051b452a7472@group-56C443BA814E: closes. applyIndex: 0
2021-09-14 06:06:42,164 [587a1050-2cdd-4e2a-affe-051b452a7472@group-56C443BA814E-SegmentedRaftLogWorker] INFO  segmented.SegmentedRaftLogWorker (SegmentedRaftLogWorker.java:run(327)) - 587a1050-2cdd-4e2a-affe-051b452a7472@group-56C443BA814E-SegmentedRaftLogWorker was interrupted, exiting. There are 0 tasks remaining in the queue.
2021-09-14 06:06:42,169 [ForkJoinPool.commonPool-worker-1] INFO  segmented.SegmentedRaftLogWorker (SegmentedRaftLogWorker.java:close(237)) - 587a1050-2cdd-4e2a-affe-051b452a7472@group-56C443BA814E-SegmentedRaftLogWorker close()
2021-09-14 06:06:42,170 [ForkJoinPool.commonPool-worker-1] INFO  server.RaftServer$Division (RaftServerImpl.java:lambda$close$4(407)) - 587a1050-2cdd-4e2a-affe-051b452a7472@group-2F2E3A92AED0: shutdown
2021-09-14 06:06:42,170 [ForkJoinPool.commonPool-worker-1] INFO  util.JmxRegister (JmxRegister.java:unregister(73)) - Successfully un-registered JMX Bean with object name Ratis:service=RaftServer,group=group-2F2E3A92AED0,id=587a1050-2cdd-4e2a-affe-051b452a7472
2021-09-14 06:06:42,170 [ForkJoinPool.commonPool-worker-1] INFO  impl.RoleInfo (RoleInfo.java:shutdownFollowerState(108)) - 587a1050-2cdd-4e2a-affe-051b452a7472: shutdown 587a1050-2cdd-4e2a-affe-051b452a7472@group-2F2E3A92AED0-FollowerState
2021-09-14 06:06:42,170 [ForkJoinPool.commonPool-worker-1] INFO  impl.StateMachineUpdater (StateMachineUpdater.java:stopAndJoin(149)) - 587a1050-2cdd-4e2a-affe-051b452a7472@group-2F2E3A92AED0-StateMachineUpdater: set stopIndex = 0
2021-09-14 06:06:42,170 [587a1050-2cdd-4e2a-affe-051b452a7472@group-2F2E3A92AED0-FollowerState] INFO  impl.FollowerState (FollowerState.java:run(143)) - 587a1050-2cdd-4e2a-affe-051b452a7472@group-2F2E3A92AED0-FollowerState was interrupted: {}
java.lang.InterruptedException: sleep interrupted
	at java.lang.Thread.sleep(Native Method)
	at java.lang.Thread.sleep(Thread.java:340)
	at java.util.concurrent.TimeUnit.sleep(TimeUnit.java:386)
	at org.apache.ratis.util.TimeDuration.sleep(TimeDuration.java:324)
	at org.apache.ratis.util.TimeDuration.sleep(TimeDuration.java:309)
	at org.apache.ratis.server.impl.FollowerState.run(FollowerState.java:118)
2021-09-14 06:06:42,170 [587a1050-2cdd-4e2a-affe-051b452a7472@group-2F2E3A92AED0-StateMachineUpdater] INFO  ratis.ContainerStateMachine (ContainerStateMachine.java:takeSnapshot(292)) - group-2F2E3A92AED0: Taking a snapshot at:(t:1, i:0) file /home/runner/work/ozone/ozone/hadoop-ozone/integration-test/target/test-dir/MiniOzoneClusterImpl-90c4e534-bc13-49cf-ad4e-23f32b71864f/datanode-0/data/ratis/8958e09b-f6c4-4e9a-a0bb-2f2e3a92aed0/sm/snapshot.1_0
2021-09-14 06:06:42,171 [587a1050-2cdd-4e2a-affe-051b452a7472@group-2F2E3A92AED0-StateMachineUpdater] INFO  ratis.ContainerStateMachine (ContainerStateMachine.java:takeSnapshot(303)) - group-2F2E3A92AED0: Finished taking a snapshot at:(t:1, i:0) file:/home/runner/work/ozone/ozone/hadoop-ozone/integration-test/target/test-dir/MiniOzoneClusterImpl-90c4e534-bc13-49cf-ad4e-23f32b71864f/datanode-0/data/ratis/8958e09b-f6c4-4e9a-a0bb-2f2e3a92aed0/sm/snapshot.1_0 took: 1 ms
2021-09-14 06:06:42,171 [587a1050-2cdd-4e2a-affe-051b452a7472@group-2F2E3A92AED0-StateMachineUpdater] INFO  impl.StateMachineUpdater (StateMachineUpdater.java:takeSnapshot(281)) - 587a1050-2cdd-4e2a-affe-051b452a7472@group-2F2E3A92AED0-StateMachineUpdater: Took a snapshot at index 0
2021-09-14 06:06:42,172 [587a1050-2cdd-4e2a-affe-051b452a7472@group-2F2E3A92AED0-StateMachineUpdater] INFO  impl.StateMachineUpdater (StateMachineUpdater.java:lambda$new$0(89)) - 587a1050-2cdd-4e2a-affe-051b452a7472@group-2F2E3A92AED0-StateMachineUpdater: snapshotIndex: updateIncreasingly -1 -> 0
2021-09-14 06:06:42,172 [ForkJoinPool.commonPool-worker-1] INFO  server.RaftServer$Division (ServerState.java:close(419)) - 587a1050-2cdd-4e2a-affe-051b452a7472@group-2F2E3A92AED0: closes. applyIndex: 0
2021-09-14 06:06:42,172 [587a1050-2cdd-4e2a-affe-051b452a7472@group-2F2E3A92AED0-SegmentedRaftLogWorker] INFO  segmented.SegmentedRaftLogWorker (SegmentedRaftLogWorker.java:run(327)) - 587a1050-2cdd-4e2a-affe-051b452a7472@group-2F2E3A92AED0-SegmentedRaftLogWorker was interrupted, exiting. There are 0 tasks remaining in the queue.
2021-09-14 06:06:42,169 [7af46619-9f10-43e2-abd0-ffbc4fcfe41f@group-2B1B2B6337FD-StateMachineUpdater] INFO  impl.StateMachineUpdater (StateMachineUpdater.java:lambda$new$0(89)) - 7af46619-9f10-43e2-abd0-ffbc4fcfe41f@group-2B1B2B6337FD-StateMachineUpdater: snapshotIndex: updateIncreasingly -1 -> 0
2021-09-14 06:06:42,173 [ForkJoinPool.commonPool-worker-1] INFO  segmented.SegmentedRaftLogWorker (SegmentedRaftLogWorker.java:close(237)) - 587a1050-2cdd-4e2a-affe-051b452a7472@group-2F2E3A92AED0-SegmentedRaftLogWorker close()
2021-09-14 06:06:42,174 [Listener at 127.0.0.1/34925] INFO  server.RaftServer$Division (ServerState.java:close(419)) - 7af46619-9f10-43e2-abd0-ffbc4fcfe41f@group-2B1B2B6337FD: closes. applyIndex: 0
2021-09-14 06:06:42,174 [7af46619-9f10-43e2-abd0-ffbc4fcfe41f@group-2B1B2B6337FD-SegmentedRaftLogWorker] INFO  segmented.SegmentedRaftLogWorker (SegmentedRaftLogWorker.java:run(327)) - 7af46619-9f10-43e2-abd0-ffbc4fcfe41f@group-2B1B2B6337FD-SegmentedRaftLogWorker was interrupted, exiting. There are 0 tasks remaining in the queue.
2021-09-14 06:06:42,175 [Listener at 127.0.0.1/34925] INFO  segmented.SegmentedRaftLogWorker (SegmentedRaftLogWorker.java:close(237)) - 7af46619-9f10-43e2-abd0-ffbc4fcfe41f@group-2B1B2B6337FD-SegmentedRaftLogWorker close()
2021-09-14 06:06:42,175 [ForkJoinPool.commonPool-worker-1] INFO  server.RaftServer$Division (RaftServerImpl.java:lambda$close$4(407)) - 587a1050-2cdd-4e2a-affe-051b452a7472@group-F191C23A7A47: shutdown
2021-09-14 06:06:42,175 [ForkJoinPool.commonPool-worker-1] INFO  util.JmxRegister (JmxRegister.java:unregister(73)) - Successfully un-registered JMX Bean with object name Ratis:service=RaftServer,group=group-F191C23A7A47,id=587a1050-2cdd-4e2a-affe-051b452a7472
2021-09-14 06:06:42,175 [ForkJoinPool.commonPool-worker-1] INFO  impl.RoleInfo (RoleInfo.java:shutdownLeaderState(91)) - 587a1050-2cdd-4e2a-affe-051b452a7472: shutdown 587a1050-2cdd-4e2a-affe-051b452a7472@group-F191C23A7A47-LeaderStateImpl
2021-09-14 06:06:42,175 [ForkJoinPool.commonPool-worker-1] INFO  impl.PendingRequests (PendingRequests.java:sendNotLeaderResponses(282)) - 587a1050-2cdd-4e2a-affe-051b452a7472@group-F191C23A7A47-PendingRequests: sendNotLeaderResponses
2021-09-14 06:06:42,176 [ForkJoinPool.commonPool-worker-1] INFO  impl.StateMachineUpdater (StateMachineUpdater.java:stopAndJoin(149)) - 587a1050-2cdd-4e2a-affe-051b452a7472@group-F191C23A7A47-StateMachineUpdater: set stopIndex = 0
2021-09-14 06:06:42,176 [587a1050-2cdd-4e2a-affe-051b452a7472@group-F191C23A7A47-StateMachineUpdater] INFO  ratis.ContainerStateMachine (ContainerStateMachine.java:takeSnapshot(292)) - group-F191C23A7A47: Taking a snapshot at:(t:1, i:0) file /home/runner/work/ozone/ozone/hadoop-ozone/integration-test/target/test-dir/MiniOzoneClusterImpl-90c4e534-bc13-49cf-ad4e-23f32b71864f/datanode-0/data/ratis/bf695640-e7dc-48dc-b86b-f191c23a7a47/sm/snapshot.1_0
2021-09-14 06:06:42,177 [587a1050-2cdd-4e2a-affe-051b452a7472@group-F191C23A7A47-StateMachineUpdater] INFO  ratis.ContainerStateMachine (ContainerStateMachine.java:takeSnapshot(303)) - group-F191C23A7A47: Finished taking a snapshot at:(t:1, i:0) file:/home/runner/work/ozone/ozone/hadoop-ozone/integration-test/target/test-dir/MiniOzoneClusterImpl-90c4e534-bc13-49cf-ad4e-23f32b71864f/datanode-0/data/ratis/bf695640-e7dc-48dc-b86b-f191c23a7a47/sm/snapshot.1_0 took: 1 ms
2021-09-14 06:06:42,177 [587a1050-2cdd-4e2a-affe-051b452a7472@group-F191C23A7A47-StateMachineUpdater] INFO  impl.StateMachineUpdater (StateMachineUpdater.java:takeSnapshot(281)) - 587a1050-2cdd-4e2a-affe-051b452a7472@group-F191C23A7A47-StateMachineUpdater: Took a snapshot at index 0
2021-09-14 06:06:42,177 [587a1050-2cdd-4e2a-affe-051b452a7472@group-F191C23A7A47-StateMachineUpdater] INFO  impl.StateMachineUpdater (StateMachineUpdater.java:lambda$new$0(89)) - 587a1050-2cdd-4e2a-affe-051b452a7472@group-F191C23A7A47-StateMachineUpdater: snapshotIndex: updateIncreasingly -1 -> 0
2021-09-14 06:06:42,179 [Listener at 127.0.0.1/34925] INFO  server.RaftServer$Division (RaftServerImpl.java:lambda$close$4(407)) - 7af46619-9f10-43e2-abd0-ffbc4fcfe41f@group-56C443BA814E: shutdown
2021-09-14 06:06:42,179 [Listener at 127.0.0.1/34925] INFO  util.JmxRegister (JmxRegister.java:unregister(73)) - Successfully un-registered JMX Bean with object name Ratis:service=RaftServer,group=group-56C443BA814E,id=7af46619-9f10-43e2-abd0-ffbc4fcfe41f
2021-09-14 06:06:42,179 [Listener at 127.0.0.1/34925] INFO  impl.RoleInfo (RoleInfo.java:shutdownFollowerState(108)) - 7af46619-9f10-43e2-abd0-ffbc4fcfe41f: shutdown 7af46619-9f10-43e2-abd0-ffbc4fcfe41f@group-56C443BA814E-FollowerState
2021-09-14 06:06:42,179 [Listener at 127.0.0.1/34925] INFO  impl.StateMachineUpdater (StateMachineUpdater.java:stopAndJoin(149)) - 7af46619-9f10-43e2-abd0-ffbc4fcfe41f@group-56C443BA814E-StateMachineUpdater: set stopIndex = 0
2021-09-14 06:06:42,179 [7af46619-9f10-43e2-abd0-ffbc4fcfe41f@group-56C443BA814E-FollowerState] INFO  impl.FollowerState (FollowerState.java:run(143)) - 7af46619-9f10-43e2-abd0-ffbc4fcfe41f@group-56C443BA814E-FollowerState was interrupted: {}
java.lang.InterruptedException: sleep interrupted
	at java.lang.Thread.sleep(Native Method)
	at java.lang.Thread.sleep(Thread.java:340)
	at java.util.concurrent.TimeUnit.sleep(TimeUnit.java:386)
	at org.apache.ratis.util.TimeDuration.sleep(TimeDuration.java:324)
	at org.apache.ratis.util.TimeDuration.sleep(TimeDuration.java:309)
	at org.apache.ratis.server.impl.FollowerState.run(FollowerState.java:118)
2021-09-14 06:06:42,180 [7af46619-9f10-43e2-abd0-ffbc4fcfe41f@group-56C443BA814E-StateMachineUpdater] INFO  ratis.ContainerStateMachine (ContainerStateMachine.java:takeSnapshot(292)) - group-56C443BA814E: Taking a snapshot at:(t:1, i:0) file /home/runner/work/ozone/ozone/hadoop-ozone/integration-test/target/test-dir/MiniOzoneClusterImpl-90c4e534-bc13-49cf-ad4e-23f32b71864f/datanode-1/data/ratis/2dd6ee76-a3c4-4a2d-b101-56c443ba814e/sm/snapshot.1_0
2021-09-14 06:06:42,180 [ForkJoinPool.commonPool-worker-1] INFO  server.RaftServer$Division (ServerState.java:close(419)) - 587a1050-2cdd-4e2a-affe-051b452a7472@group-F191C23A7A47: closes. applyIndex: 0
2021-09-14 06:06:42,180 [587a1050-2cdd-4e2a-affe-051b452a7472@group-F191C23A7A47-SegmentedRaftLogWorker] INFO  segmented.SegmentedRaftLogWorker (SegmentedRaftLogWorker.java:run(327)) - 587a1050-2cdd-4e2a-affe-051b452a7472@group-F191C23A7A47-SegmentedRaftLogWorker was interrupted, exiting. There are 0 tasks remaining in the queue.
2021-09-14 06:06:42,181 [7af46619-9f10-43e2-abd0-ffbc4fcfe41f@group-56C443BA814E-StateMachineUpdater] INFO  ratis.ContainerStateMachine (ContainerStateMachine.java:takeSnapshot(303)) - group-56C443BA814E: Finished taking a snapshot at:(t:1, i:0) file:/home/runner/work/ozone/ozone/hadoop-ozone/integration-test/target/test-dir/MiniOzoneClusterImpl-90c4e534-bc13-49cf-ad4e-23f32b71864f/datanode-1/data/ratis/2dd6ee76-a3c4-4a2d-b101-56c443ba814e/sm/snapshot.1_0 took: 1 ms
2021-09-14 06:06:42,181 [7af46619-9f10-43e2-abd0-ffbc4fcfe41f@group-56C443BA814E-StateMachineUpdater] INFO  impl.StateMachineUpdater (StateMachineUpdater.java:takeSnapshot(281)) - 7af46619-9f10-43e2-abd0-ffbc4fcfe41f@group-56C443BA814E-StateMachineUpdater: Took a snapshot at index 0
2021-09-14 06:06:42,181 [7af46619-9f10-43e2-abd0-ffbc4fcfe41f@group-56C443BA814E-StateMachineUpdater] INFO  impl.StateMachineUpdater (StateMachineUpdater.java:lambda$new$0(89)) - 7af46619-9f10-43e2-abd0-ffbc4fcfe41f@group-56C443BA814E-StateMachineUpdater: snapshotIndex: updateIncreasingly -1 -> 0
2021-09-14 06:06:42,181 [Listener at 127.0.0.1/34925] INFO  server.RaftServer$Division (ServerState.java:close(419)) - 7af46619-9f10-43e2-abd0-ffbc4fcfe41f@group-56C443BA814E: closes. applyIndex: 0
2021-09-14 06:06:42,181 [7af46619-9f10-43e2-abd0-ffbc4fcfe41f@group-56C443BA814E-SegmentedRaftLogWorker] INFO  segmented.SegmentedRaftLogWorker (SegmentedRaftLogWorker.java:run(327)) - 7af46619-9f10-43e2-abd0-ffbc4fcfe41f@group-56C443BA814E-SegmentedRaftLogWorker was interrupted, exiting. There are 0 tasks remaining in the queue.
2021-09-14 06:06:42,182 [ForkJoinPool.commonPool-worker-1] INFO  segmented.SegmentedRaftLogWorker (SegmentedRaftLogWorker.java:close(237)) - 587a1050-2cdd-4e2a-affe-051b452a7472@group-F191C23A7A47-SegmentedRaftLogWorker close()
2021-09-14 06:06:42,183 [Listener at 127.0.0.1/34925] INFO  segmented.SegmentedRaftLogWorker (SegmentedRaftLogWorker.java:close(237)) - 7af46619-9f10-43e2-abd0-ffbc4fcfe41f@group-56C443BA814E-SegmentedRaftLogWorker close()
2021-09-14 06:06:42,183 [ForkJoinPool.commonPool-worker-1] INFO  server.GrpcService (GrpcService.java:closeImpl(262)) - 587a1050-2cdd-4e2a-affe-051b452a7472: shutdown server with port 42707 now
2021-09-14 06:06:42,187 [grpc-default-executor-0] WARN  server.GrpcServerProtocolService (LogUtils.java:warn(122)) - 587a1050-2cdd-4e2a-affe-051b452a7472: installSnapshot onError, lastRequest: 7af46619-9f10-43e2-abd0-ffbc4fcfe41f->587a1050-2cdd-4e2a-affe-051b452a7472#1-t1,previous=(t:0, i:0),leaderCommit=-1,initializing? true,entries: size=1, first=(t:1, i:0), CONFIGURATIONENTRY: org.apache.ratis.thirdparty.io.grpc.StatusRuntimeException: CANCELLED: client cancelled
2021-09-14 06:06:42,190 [Listener at 127.0.0.1/34925] INFO  server.RaftServer$Division (RaftServerImpl.java:lambda$close$4(407)) - 7af46619-9f10-43e2-abd0-ffbc4fcfe41f@group-2F2E3A92AED0: shutdown
2021-09-14 06:06:42,191 [Listener at 127.0.0.1/34925] INFO  util.JmxRegister (JmxRegister.java:unregister(73)) - Successfully un-registered JMX Bean with object name Ratis:service=RaftServer,group=group-2F2E3A92AED0,id=7af46619-9f10-43e2-abd0-ffbc4fcfe41f
2021-09-14 06:06:42,191 [Listener at 127.0.0.1/34925] INFO  impl.RoleInfo (RoleInfo.java:shutdownLeaderState(91)) - 7af46619-9f10-43e2-abd0-ffbc4fcfe41f: shutdown 7af46619-9f10-43e2-abd0-ffbc4fcfe41f@group-2F2E3A92AED0-LeaderStateImpl
2021-09-14 06:06:42,191 [7af46619-9f10-43e2-abd0-ffbc4fcfe41f@group-2F2E3A92AED0->587a1050-2cdd-4e2a-affe-051b452a7472-GrpcLogAppender-LogAppenderDaemon] WARN  server.GrpcLogAppender (GrpcLogAppender.java:mayWait(175)) - 7af46619-9f10-43e2-abd0-ffbc4fcfe41f@group-2F2E3A92AED0->587a1050-2cdd-4e2a-affe-051b452a7472-GrpcLogAppender: Wait interrupted by java.lang.InterruptedException
2021-09-14 06:06:42,191 [Listener at 127.0.0.1/34925] INFO  impl.PendingRequests (PendingRequests.java:sendNotLeaderResponses(282)) - 7af46619-9f10-43e2-abd0-ffbc4fcfe41f@group-2F2E3A92AED0-PendingRequests: sendNotLeaderResponses
2021-09-14 06:06:42,191 [7af46619-9f10-43e2-abd0-ffbc4fcfe41f@group-2F2E3A92AED0->f5b04939-ef8e-46cc-a15f-0f827e775058-GrpcLogAppender-LogAppenderDaemon] WARN  server.GrpcLogAppender (GrpcLogAppender.java:mayWait(175)) - 7af46619-9f10-43e2-abd0-ffbc4fcfe41f@group-2F2E3A92AED0->f5b04939-ef8e-46cc-a15f-0f827e775058-GrpcLogAppender: Wait interrupted by java.lang.InterruptedException
2021-09-14 06:06:42,191 [Listener at 127.0.0.1/34925] INFO  impl.StateMachineUpdater (StateMachineUpdater.java:stopAndJoin(149)) - 7af46619-9f10-43e2-abd0-ffbc4fcfe41f@group-2F2E3A92AED0-StateMachineUpdater: set stopIndex = 0
2021-09-14 06:06:42,192 [7af46619-9f10-43e2-abd0-ffbc4fcfe41f@group-2F2E3A92AED0-StateMachineUpdater] INFO  ratis.ContainerStateMachine (ContainerStateMachine.java:takeSnapshot(292)) - group-2F2E3A92AED0: Taking a snapshot at:(t:1, i:0) file /home/runner/work/ozone/ozone/hadoop-ozone/integration-test/target/test-dir/MiniOzoneClusterImpl-90c4e534-bc13-49cf-ad4e-23f32b71864f/datanode-1/data/ratis/8958e09b-f6c4-4e9a-a0bb-2f2e3a92aed0/sm/snapshot.1_0
2021-09-14 06:06:42,193 [7af46619-9f10-43e2-abd0-ffbc4fcfe41f@group-2F2E3A92AED0-StateMachineUpdater] INFO  ratis.ContainerStateMachine (ContainerStateMachine.java:takeSnapshot(303)) - group-2F2E3A92AED0: Finished taking a snapshot at:(t:1, i:0) file:/home/runner/work/ozone/ozone/hadoop-ozone/integration-test/target/test-dir/MiniOzoneClusterImpl-90c4e534-bc13-49cf-ad4e-23f32b71864f/datanode-1/data/ratis/8958e09b-f6c4-4e9a-a0bb-2f2e3a92aed0/sm/snapshot.1_0 took: 1 ms
2021-09-14 06:06:42,193 [7af46619-9f10-43e2-abd0-ffbc4fcfe41f@group-2F2E3A92AED0-StateMachineUpdater] INFO  impl.StateMachineUpdater (StateMachineUpdater.java:takeSnapshot(281)) - 7af46619-9f10-43e2-abd0-ffbc4fcfe41f@group-2F2E3A92AED0-StateMachineUpdater: Took a snapshot at index 0
2021-09-14 06:06:42,193 [7af46619-9f10-43e2-abd0-ffbc4fcfe41f@group-2F2E3A92AED0-StateMachineUpdater] INFO  impl.StateMachineUpdater (StateMachineUpdater.java:lambda$new$0(89)) - 7af46619-9f10-43e2-abd0-ffbc4fcfe41f@group-2F2E3A92AED0-StateMachineUpdater: snapshotIndex: updateIncreasingly -1 -> 0
2021-09-14 06:06:42,193 [Listener at 127.0.0.1/34925] INFO  server.RaftServer$Division (ServerState.java:close(419)) - 7af46619-9f10-43e2-abd0-ffbc4fcfe41f@group-2F2E3A92AED0: closes. applyIndex: 0
2021-09-14 06:06:42,193 [7af46619-9f10-43e2-abd0-ffbc4fcfe41f@group-2F2E3A92AED0-SegmentedRaftLogWorker] INFO  segmented.SegmentedRaftLogWorker (SegmentedRaftLogWorker.java:run(327)) - 7af46619-9f10-43e2-abd0-ffbc4fcfe41f@group-2F2E3A92AED0-SegmentedRaftLogWorker was interrupted, exiting. There are 0 tasks remaining in the queue.
2021-09-14 06:06:42,194 [Listener at 127.0.0.1/34925] INFO  segmented.SegmentedRaftLogWorker (SegmentedRaftLogWorker.java:close(237)) - 7af46619-9f10-43e2-abd0-ffbc4fcfe41f@group-2F2E3A92AED0-SegmentedRaftLogWorker close()
2021-09-14 06:06:42,195 [grpc-default-executor-2] INFO  server.GrpcLogAppender (GrpcLogAppender.java:onError(333)) - 7af46619-9f10-43e2-abd0-ffbc4fcfe41f@group-2F2E3A92AED0->587a1050-2cdd-4e2a-affe-051b452a7472-GrpcLogAppender is stopped
2021-09-14 06:06:42,196 [Listener at 127.0.0.1/34925] INFO  server.GrpcService (GrpcService.java:closeImpl(262)) - 7af46619-9f10-43e2-abd0-ffbc4fcfe41f: shutdown server with port 43809 now
2021-09-14 06:06:42,198 [ForkJoinPool.commonPool-worker-1] INFO  server.GrpcService (GrpcService.java:closeImpl(271)) - 587a1050-2cdd-4e2a-affe-051b452a7472: shutdown server with port 42707 successfully
2021-09-14 06:06:42,198 [org.apache.ratis.util.JvmPauseMonitor$$Lambda$531/194277244@5d191e80] INFO  util.JvmPauseMonitor (JvmPauseMonitor.java:run(109)) - JvmPauseMonitor-587a1050-2cdd-4e2a-affe-051b452a7472: Stopped
2021-09-14 06:06:42,200 [grpc-default-executor-2] INFO  server.GrpcServerProtocolService (GrpcServerProtocolService.java:onCompleted(140)) - f5b04939-ef8e-46cc-a15f-0f827e775058: Completed APPEND_ENTRIES, lastRequest: 7af46619-9f10-43e2-abd0-ffbc4fcfe41f->f5b04939-ef8e-46cc-a15f-0f827e775058#1-t1,previous=(t:0, i:0),leaderCommit=0,initializing? true,entries: size=1, first=(t:1, i:0), CONFIGURATIONENTRY
2021-09-14 06:06:42,201 [ForkJoinPool.commonPool-worker-1] INFO  utils.BackgroundService (BackgroundService.java:shutdown(132)) - Shutting down service BlockDeletingService
2021-09-14 06:06:42,202 [grpc-default-executor-2] INFO  server.GrpcLogAppender (GrpcLogAppender.java:onCompleted(344)) - 7af46619-9f10-43e2-abd0-ffbc4fcfe41f@group-2F2E3A92AED0->f5b04939-ef8e-46cc-a15f-0f827e775058-AppendLogResponseHandler: follower responses appendEntries COMPLETED
2021-09-14 06:06:42,202 [grpc-default-executor-2] WARN  server.GrpcLogAppender (GrpcLogAppender.java:resetClient(96)) - 7af46619-9f10-43e2-abd0-ffbc4fcfe41f@group-2F2E3A92AED0->f5b04939-ef8e-46cc-a15f-0f827e775058-GrpcLogAppender: Failed to getClient for f5b04939-ef8e-46cc-a15f-0f827e775058
org.apache.ratis.protocol.exceptions.AlreadyClosedException: 7af46619-9f10-43e2-abd0-ffbc4fcfe41f is already CLOSED
	at org.apache.ratis.util.PeerProxyMap$PeerAndProxy.getProxy(PeerProxyMap.java:60)
	at org.apache.ratis.util.PeerProxyMap.getProxy(PeerProxyMap.java:114)
	at org.apache.ratis.grpc.server.GrpcLogAppender.getClient(GrpcLogAppender.java:89)
	at org.apache.ratis.grpc.server.GrpcLogAppender.resetClient(GrpcLogAppender.java:94)
	at org.apache.ratis.grpc.server.GrpcLogAppender.access$500(GrpcLogAppender.java:53)
	at org.apache.ratis.grpc.server.GrpcLogAppender$AppendLogResponseHandler.onCompleted(GrpcLogAppender.java:345)
	at org.apache.ratis.thirdparty.io.grpc.stub.ClientCalls$StreamObserverToCallListenerAdapter.onClose(ClientCalls.java:476)
	at org.apache.ratis.thirdparty.io.grpc.internal.ClientCallImpl.closeObserver(ClientCallImpl.java:616)
	at org.apache.ratis.thirdparty.io.grpc.internal.ClientCallImpl.access$300(ClientCallImpl.java:69)
	at org.apache.ratis.thirdparty.io.grpc.internal.ClientCallImpl$ClientStreamListenerImpl$1StreamClosed.runInternal(ClientCallImpl.java:802)
	at org.apache.ratis.thirdparty.io.grpc.internal.ClientCallImpl$ClientStreamListenerImpl$1StreamClosed.runInContext(ClientCallImpl.java:781)
	at org.apache.ratis.thirdparty.io.grpc.internal.ContextRunnable.run(ContextRunnable.java:37)
	at org.apache.ratis.thirdparty.io.grpc.internal.SerializingExecutor.run(SerializingExecutor.java:123)
	at java.util.concurrent.ThreadPoolExecutor.runWorker(ThreadPoolExecutor.java:1149)
	at java.util.concurrent.ThreadPoolExecutor$Worker.run(ThreadPoolExecutor.java:624)
	at java.lang.Thread.run(Thread.java:748)
2021-09-14 06:06:42,202 [grpc-default-executor-2] INFO  leader.FollowerInfo (FollowerInfoImpl.java:lambda$new$0(46)) - 7af46619-9f10-43e2-abd0-ffbc4fcfe41f@group-2F2E3A92AED0->f5b04939-ef8e-46cc-a15f-0f827e775058: nextIndex: updateUnconditionally 1 -> 0
2021-09-14 06:06:42,203 [Listener at 127.0.0.1/34925] INFO  server.GrpcService (GrpcService.java:closeImpl(271)) - 7af46619-9f10-43e2-abd0-ffbc4fcfe41f: shutdown server with port 43809 successfully
2021-09-14 06:06:42,203 [org.apache.ratis.util.JvmPauseMonitor$$Lambda$531/194277244@19eb2463] INFO  util.JvmPauseMonitor (JvmPauseMonitor.java:run(109)) - JvmPauseMonitor-7af46619-9f10-43e2-abd0-ffbc4fcfe41f: Stopped
2021-09-14 06:06:42,215 [Listener at 127.0.0.1/34925] INFO  utils.BackgroundService (BackgroundService.java:shutdown(132)) - Shutting down service BlockDeletingService
2021-09-14 06:06:45,204 [ForkJoinPool.commonPool-worker-1] INFO  statemachine.DatanodeStateMachine (DatanodeStateMachine.java:stopDaemon(515)) - Ozone container server stopped.
2021-09-14 06:06:45,206 [ForkJoinPool.commonPool-worker-1] INFO  handler.ContextHandler (ContextHandler.java:doStop(1153)) - Stopped o.e.j.w.WebAppContext@4ed70d36{hddsDatanode,/,null,STOPPED}{jar:file:/home/runner/.m2/repository/org/apache/ozone/hdds-container-service/1.2.0-SNAPSHOT/hdds-container-service-1.2.0-SNAPSHOT.jar!/webapps/hddsDatanode}
2021-09-14 06:06:45,207 [ForkJoinPool.commonPool-worker-1] INFO  server.AbstractConnector (AbstractConnector.java:doStop(381)) - Stopped ServerConnector@7ddb6570{HTTP/1.1, (http/1.1)}{0.0.0.0:0}
2021-09-14 06:06:45,207 [ForkJoinPool.commonPool-worker-1] INFO  server.session (HouseKeeper.java:stopScavenging(149)) - node0 Stopped scavenging
2021-09-14 06:06:45,208 [ForkJoinPool.commonPool-worker-1] INFO  handler.ContextHandler (ContextHandler.java:doStop(1153)) - Stopped o.e.j.s.ServletContextHandler@5ed82f77{static,/static,jar:file:/home/runner/.m2/repository/org/apache/ozone/hdds-container-service/1.2.0-SNAPSHOT/hdds-container-service-1.2.0-SNAPSHOT.jar!/webapps/static,STOPPED}
2021-09-14 06:06:45,208 [ForkJoinPool.commonPool-worker-1] INFO  handler.ContextHandler (ContextHandler.java:doStop(1153)) - Stopped o.e.j.s.ServletContextHandler@51f5ec42{logs,/logs,file:///home/runner/work/ozone/ozone/hadoop-ozone/integration-test/target/log,STOPPED}
2021-09-14 06:06:45,221 [Listener at 127.0.0.1/34925] INFO  statemachine.DatanodeStateMachine (DatanodeStateMachine.java:stopDaemon(515)) - Ozone container server stopped.
2021-09-14 06:06:45,221 [Listener at 127.0.0.1/34925] INFO  handler.ContextHandler (ContextHandler.java:doStop(1153)) - Stopped o.e.j.w.WebAppContext@37edb745{hddsDatanode,/,null,STOPPED}{jar:file:/home/runner/.m2/repository/org/apache/ozone/hdds-container-service/1.2.0-SNAPSHOT/hdds-container-service-1.2.0-SNAPSHOT.jar!/webapps/hddsDatanode}
2021-09-14 06:06:45,223 [Listener at 127.0.0.1/34925] INFO  server.AbstractConnector (AbstractConnector.java:doStop(381)) - Stopped ServerConnector@3f6a2cee{HTTP/1.1, (http/1.1)}{0.0.0.0:0}
2021-09-14 06:06:45,223 [Listener at 127.0.0.1/34925] INFO  server.session (HouseKeeper.java:stopScavenging(149)) - node0 Stopped scavenging
2021-09-14 06:06:45,223 [Listener at 127.0.0.1/34925] INFO  handler.ContextHandler (ContextHandler.java:doStop(1153)) - Stopped o.e.j.s.ServletContextHandler@7046033c{static,/static,jar:file:/home/runner/.m2/repository/org/apache/ozone/hdds-container-service/1.2.0-SNAPSHOT/hdds-container-service-1.2.0-SNAPSHOT.jar!/webapps/static,STOPPED}
2021-09-14 06:06:45,223 [Listener at 127.0.0.1/34925] INFO  handler.ContextHandler (ContextHandler.java:doStop(1153)) - Stopped o.e.j.s.ServletContextHandler@6a0ac9a8{logs,/logs,file:///home/runner/work/ozone/ozone/hadoop-ozone/integration-test/target/log,STOPPED}
2021-09-14 06:06:50,211 [ForkJoinPool.commonPool-worker-1] INFO  ozoneimpl.OzoneContainer (OzoneContainer.java:stop(325)) - Attempting to stop container services.
2021-09-14 06:06:50,213 [ForkJoinPool.commonPool-worker-1] INFO  server.RaftServer (RaftServerProxy.java:lambda$close$6(391)) - f5b04939-ef8e-46cc-a15f-0f827e775058: close
2021-09-14 06:06:50,213 [ForkJoinPool.commonPool-worker-1] INFO  server.RaftServer$Division (RaftServerImpl.java:lambda$close$4(407)) - f5b04939-ef8e-46cc-a15f-0f827e775058@group-AB60FCB67CFA: shutdown
2021-09-14 06:06:50,213 [ForkJoinPool.commonPool-worker-1] INFO  util.JmxRegister (JmxRegister.java:unregister(73)) - Successfully un-registered JMX Bean with object name Ratis:service=RaftServer,group=group-AB60FCB67CFA,id=f5b04939-ef8e-46cc-a15f-0f827e775058
2021-09-14 06:06:50,213 [ForkJoinPool.commonPool-worker-1] INFO  impl.RoleInfo (RoleInfo.java:shutdownLeaderState(91)) - f5b04939-ef8e-46cc-a15f-0f827e775058: shutdown f5b04939-ef8e-46cc-a15f-0f827e775058@group-AB60FCB67CFA-LeaderStateImpl
2021-09-14 06:06:50,213 [ForkJoinPool.commonPool-worker-1] INFO  impl.PendingRequests (PendingRequests.java:sendNotLeaderResponses(282)) - f5b04939-ef8e-46cc-a15f-0f827e775058@group-AB60FCB67CFA-PendingRequests: sendNotLeaderResponses
2021-09-14 06:06:50,213 [ForkJoinPool.commonPool-worker-1] INFO  impl.StateMachineUpdater (StateMachineUpdater.java:stopAndJoin(149)) - f5b04939-ef8e-46cc-a15f-0f827e775058@group-AB60FCB67CFA-StateMachineUpdater: set stopIndex = 0
2021-09-14 06:06:50,214 [f5b04939-ef8e-46cc-a15f-0f827e775058@group-AB60FCB67CFA-StateMachineUpdater] INFO  ratis.ContainerStateMachine (ContainerStateMachine.java:takeSnapshot(292)) - group-AB60FCB67CFA: Taking a snapshot at:(t:1, i:0) file /home/runner/work/ozone/ozone/hadoop-ozone/integration-test/target/test-dir/MiniOzoneClusterImpl-90c4e534-bc13-49cf-ad4e-23f32b71864f/datanode-2/data/ratis/2945b166-3300-4e1a-a2f7-ab60fcb67cfa/sm/snapshot.1_0
2021-09-14 06:06:50,215 [f5b04939-ef8e-46cc-a15f-0f827e775058@group-AB60FCB67CFA-StateMachineUpdater] INFO  ratis.ContainerStateMachine (ContainerStateMachine.java:takeSnapshot(303)) - group-AB60FCB67CFA: Finished taking a snapshot at:(t:1, i:0) file:/home/runner/work/ozone/ozone/hadoop-ozone/integration-test/target/test-dir/MiniOzoneClusterImpl-90c4e534-bc13-49cf-ad4e-23f32b71864f/datanode-2/data/ratis/2945b166-3300-4e1a-a2f7-ab60fcb67cfa/sm/snapshot.1_0 took: 1 ms
2021-09-14 06:06:50,215 [f5b04939-ef8e-46cc-a15f-0f827e775058@group-AB60FCB67CFA-StateMachineUpdater] INFO  impl.StateMachineUpdater (StateMachineUpdater.java:takeSnapshot(281)) - f5b04939-ef8e-46cc-a15f-0f827e775058@group-AB60FCB67CFA-StateMachineUpdater: Took a snapshot at index 0
2021-09-14 06:06:50,215 [f5b04939-ef8e-46cc-a15f-0f827e775058@group-AB60FCB67CFA-StateMachineUpdater] INFO  impl.StateMachineUpdater (StateMachineUpdater.java:lambda$new$0(89)) - f5b04939-ef8e-46cc-a15f-0f827e775058@group-AB60FCB67CFA-StateMachineUpdater: snapshotIndex: updateIncreasingly -1 -> 0
2021-09-14 06:06:50,215 [ForkJoinPool.commonPool-worker-1] INFO  server.RaftServer$Division (ServerState.java:close(419)) - f5b04939-ef8e-46cc-a15f-0f827e775058@group-AB60FCB67CFA: closes. applyIndex: 0
2021-09-14 06:06:50,216 [f5b04939-ef8e-46cc-a15f-0f827e775058@group-AB60FCB67CFA-SegmentedRaftLogWorker] INFO  segmented.SegmentedRaftLogWorker (SegmentedRaftLogWorker.java:run(327)) - f5b04939-ef8e-46cc-a15f-0f827e775058@group-AB60FCB67CFA-SegmentedRaftLogWorker was interrupted, exiting. There are 0 tasks remaining in the queue.
2021-09-14 06:06:50,216 [ForkJoinPool.commonPool-worker-1] INFO  segmented.SegmentedRaftLogWorker (SegmentedRaftLogWorker.java:close(237)) - f5b04939-ef8e-46cc-a15f-0f827e775058@group-AB60FCB67CFA-SegmentedRaftLogWorker close()
2021-09-14 06:06:50,217 [ForkJoinPool.commonPool-worker-1] INFO  server.RaftServer$Division (RaftServerImpl.java:lambda$close$4(407)) - f5b04939-ef8e-46cc-a15f-0f827e775058@group-56C443BA814E: shutdown
2021-09-14 06:06:50,217 [ForkJoinPool.commonPool-worker-1] INFO  util.JmxRegister (JmxRegister.java:unregister(73)) - Successfully un-registered JMX Bean with object name Ratis:service=RaftServer,group=group-56C443BA814E,id=f5b04939-ef8e-46cc-a15f-0f827e775058
2021-09-14 06:06:50,217 [ForkJoinPool.commonPool-worker-1] INFO  impl.RoleInfo (RoleInfo.java:shutdownFollowerState(108)) - f5b04939-ef8e-46cc-a15f-0f827e775058: shutdown f5b04939-ef8e-46cc-a15f-0f827e775058@group-56C443BA814E-FollowerState
2021-09-14 06:06:50,217 [ForkJoinPool.commonPool-worker-1] INFO  impl.StateMachineUpdater (StateMachineUpdater.java:stopAndJoin(149)) - f5b04939-ef8e-46cc-a15f-0f827e775058@group-56C443BA814E-StateMachineUpdater: set stopIndex = 0
2021-09-14 06:06:50,217 [f5b04939-ef8e-46cc-a15f-0f827e775058@group-56C443BA814E-FollowerState] INFO  impl.FollowerState (FollowerState.java:run(143)) - f5b04939-ef8e-46cc-a15f-0f827e775058@group-56C443BA814E-FollowerState was interrupted: {}
java.lang.InterruptedException: sleep interrupted
	at java.lang.Thread.sleep(Native Method)
	at java.lang.Thread.sleep(Thread.java:340)
	at java.util.concurrent.TimeUnit.sleep(TimeUnit.java:386)
	at org.apache.ratis.util.TimeDuration.sleep(TimeDuration.java:324)
	at org.apache.ratis.util.TimeDuration.sleep(TimeDuration.java:309)
	at org.apache.ratis.server.impl.FollowerState.run(FollowerState.java:118)
2021-09-14 06:06:50,218 [f5b04939-ef8e-46cc-a15f-0f827e775058@group-56C443BA814E-StateMachineUpdater] INFO  ratis.ContainerStateMachine (ContainerStateMachine.java:takeSnapshot(292)) - group-56C443BA814E: Taking a snapshot at:(t:1, i:0) file /home/runner/work/ozone/ozone/hadoop-ozone/integration-test/target/test-dir/MiniOzoneClusterImpl-90c4e534-bc13-49cf-ad4e-23f32b71864f/datanode-2/data/ratis/2dd6ee76-a3c4-4a2d-b101-56c443ba814e/sm/snapshot.1_0
2021-09-14 06:06:50,219 [f5b04939-ef8e-46cc-a15f-0f827e775058@group-56C443BA814E-StateMachineUpdater] INFO  ratis.ContainerStateMachine (ContainerStateMachine.java:takeSnapshot(303)) - group-56C443BA814E: Finished taking a snapshot at:(t:1, i:0) file:/home/runner/work/ozone/ozone/hadoop-ozone/integration-test/target/test-dir/MiniOzoneClusterImpl-90c4e534-bc13-49cf-ad4e-23f32b71864f/datanode-2/data/ratis/2dd6ee76-a3c4-4a2d-b101-56c443ba814e/sm/snapshot.1_0 took: 0 ms
2021-09-14 06:06:50,219 [f5b04939-ef8e-46cc-a15f-0f827e775058@group-56C443BA814E-StateMachineUpdater] INFO  impl.StateMachineUpdater (StateMachineUpdater.java:takeSnapshot(281)) - f5b04939-ef8e-46cc-a15f-0f827e775058@group-56C443BA814E-StateMachineUpdater: Took a snapshot at index 0
2021-09-14 06:06:50,219 [f5b04939-ef8e-46cc-a15f-0f827e775058@group-56C443BA814E-StateMachineUpdater] INFO  impl.StateMachineUpdater (StateMachineUpdater.java:lambda$new$0(89)) - f5b04939-ef8e-46cc-a15f-0f827e775058@group-56C443BA814E-StateMachineUpdater: snapshotIndex: updateIncreasingly -1 -> 0
2021-09-14 06:06:50,220 [ForkJoinPool.commonPool-worker-1] INFO  server.RaftServer$Division (ServerState.java:close(419)) - f5b04939-ef8e-46cc-a15f-0f827e775058@group-56C443BA814E: closes. applyIndex: 0
2021-09-14 06:06:50,221 [f5b04939-ef8e-46cc-a15f-0f827e775058@group-56C443BA814E-SegmentedRaftLogWorker] INFO  segmented.SegmentedRaftLogWorker (SegmentedRaftLogWorker.java:run(327)) - f5b04939-ef8e-46cc-a15f-0f827e775058@group-56C443BA814E-SegmentedRaftLogWorker was interrupted, exiting. There are 0 tasks remaining in the queue.
2021-09-14 06:06:50,221 [ForkJoinPool.commonPool-worker-1] INFO  segmented.SegmentedRaftLogWorker (SegmentedRaftLogWorker.java:close(237)) - f5b04939-ef8e-46cc-a15f-0f827e775058@group-56C443BA814E-SegmentedRaftLogWorker close()
2021-09-14 06:06:50,222 [ForkJoinPool.commonPool-worker-1] INFO  server.RaftServer$Division (RaftServerImpl.java:lambda$close$4(407)) - f5b04939-ef8e-46cc-a15f-0f827e775058@group-2F2E3A92AED0: shutdown
2021-09-14 06:06:50,222 [ForkJoinPool.commonPool-worker-1] INFO  util.JmxRegister (JmxRegister.java:unregister(73)) - Successfully un-registered JMX Bean with object name Ratis:service=RaftServer,group=group-2F2E3A92AED0,id=f5b04939-ef8e-46cc-a15f-0f827e775058
2021-09-14 06:06:50,222 [ForkJoinPool.commonPool-worker-1] INFO  impl.RoleInfo (RoleInfo.java:shutdownFollowerState(108)) - f5b04939-ef8e-46cc-a15f-0f827e775058: shutdown f5b04939-ef8e-46cc-a15f-0f827e775058@group-2F2E3A92AED0-FollowerState
2021-09-14 06:06:50,222 [f5b04939-ef8e-46cc-a15f-0f827e775058@group-2F2E3A92AED0-FollowerState] INFO  impl.FollowerState (FollowerState.java:run(143)) - f5b04939-ef8e-46cc-a15f-0f827e775058@group-2F2E3A92AED0-FollowerState was interrupted: {}
java.lang.InterruptedException: sleep interrupted
	at java.lang.Thread.sleep(Native Method)
	at java.lang.Thread.sleep(Thread.java:340)
	at java.util.concurrent.TimeUnit.sleep(TimeUnit.java:386)
	at org.apache.ratis.util.TimeDuration.sleep(TimeDuration.java:324)
	at org.apache.ratis.util.TimeDuration.sleep(TimeDuration.java:309)
	at org.apache.ratis.server.impl.FollowerState.run(FollowerState.java:118)
2021-09-14 06:06:50,223 [f5b04939-ef8e-46cc-a15f-0f827e775058@group-2F2E3A92AED0-StateMachineUpdater] INFO  ratis.ContainerStateMachine (ContainerStateMachine.java:takeSnapshot(292)) - group-2F2E3A92AED0: Taking a snapshot at:(t:1, i:0) file /home/runner/work/ozone/ozone/hadoop-ozone/integration-test/target/test-dir/MiniOzoneClusterImpl-90c4e534-bc13-49cf-ad4e-23f32b71864f/datanode-2/data/ratis/8958e09b-f6c4-4e9a-a0bb-2f2e3a92aed0/sm/snapshot.1_0
2021-09-14 06:06:50,223 [f5b04939-ef8e-46cc-a15f-0f827e775058@group-2F2E3A92AED0-StateMachineUpdater] INFO  ratis.ContainerStateMachine (ContainerStateMachine.java:takeSnapshot(303)) - group-2F2E3A92AED0: Finished taking a snapshot at:(t:1, i:0) file:/home/runner/work/ozone/ozone/hadoop-ozone/integration-test/target/test-dir/MiniOzoneClusterImpl-90c4e534-bc13-49cf-ad4e-23f32b71864f/datanode-2/data/ratis/8958e09b-f6c4-4e9a-a0bb-2f2e3a92aed0/sm/snapshot.1_0 took: 0 ms
2021-09-14 06:06:50,224 [f5b04939-ef8e-46cc-a15f-0f827e775058@group-2F2E3A92AED0-StateMachineUpdater] INFO  impl.StateMachineUpdater (StateMachineUpdater.java:takeSnapshot(281)) - f5b04939-ef8e-46cc-a15f-0f827e775058@group-2F2E3A92AED0-StateMachineUpdater: Took a snapshot at index 0
2021-09-14 06:06:50,224 [f5b04939-ef8e-46cc-a15f-0f827e775058@group-2F2E3A92AED0-StateMachineUpdater] INFO  impl.StateMachineUpdater (StateMachineUpdater.java:lambda$new$0(89)) - f5b04939-ef8e-46cc-a15f-0f827e775058@group-2F2E3A92AED0-StateMachineUpdater: snapshotIndex: updateIncreasingly -1 -> 0
2021-09-14 06:06:50,224 [ForkJoinPool.commonPool-worker-1] INFO  impl.StateMachineUpdater (StateMachineUpdater.java:stopAndJoin(149)) - f5b04939-ef8e-46cc-a15f-0f827e775058@group-2F2E3A92AED0-StateMachineUpdater: set stopIndex = 0
2021-09-14 06:06:50,225 [ForkJoinPool.commonPool-worker-1] INFO  server.RaftServer$Division (ServerState.java:close(419)) - f5b04939-ef8e-46cc-a15f-0f827e775058@group-2F2E3A92AED0: closes. applyIndex: 0
2021-09-14 06:06:50,225 [f5b04939-ef8e-46cc-a15f-0f827e775058@group-2F2E3A92AED0-SegmentedRaftLogWorker] INFO  segmented.SegmentedRaftLogWorker (SegmentedRaftLogWorker.java:run(327)) - f5b04939-ef8e-46cc-a15f-0f827e775058@group-2F2E3A92AED0-SegmentedRaftLogWorker was interrupted, exiting. There are 0 tasks remaining in the queue.
2021-09-14 06:06:50,225 [ForkJoinPool.commonPool-worker-1] INFO  segmented.SegmentedRaftLogWorker (SegmentedRaftLogWorker.java:close(237)) - f5b04939-ef8e-46cc-a15f-0f827e775058@group-2F2E3A92AED0-SegmentedRaftLogWorker close()
2021-09-14 06:06:50,226 [ForkJoinPool.commonPool-worker-1] INFO  server.GrpcService (GrpcService.java:closeImpl(262)) - f5b04939-ef8e-46cc-a15f-0f827e775058: shutdown server with port 38289 now
2021-09-14 06:06:50,227 [ForkJoinPool.commonPool-worker-1] INFO  server.GrpcService (GrpcService.java:closeImpl(271)) - f5b04939-ef8e-46cc-a15f-0f827e775058: shutdown server with port 38289 successfully
2021-09-14 06:06:50,227 [org.apache.ratis.util.JvmPauseMonitor$$Lambda$531/194277244@31c15992] INFO  util.JvmPauseMonitor (JvmPauseMonitor.java:run(109)) - JvmPauseMonitor-f5b04939-ef8e-46cc-a15f-0f827e775058: Stopped
2021-09-14 06:06:50,236 [ForkJoinPool.commonPool-worker-1] INFO  utils.BackgroundService (BackgroundService.java:shutdown(132)) - Shutting down service BlockDeletingService
2021-09-14 06:06:53,244 [ForkJoinPool.commonPool-worker-1] INFO  statemachine.DatanodeStateMachine (DatanodeStateMachine.java:stopDaemon(515)) - Ozone container server stopped.
2021-09-14 06:06:53,246 [ForkJoinPool.commonPool-worker-1] INFO  handler.ContextHandler (ContextHandler.java:doStop(1153)) - Stopped o.e.j.w.WebAppContext@2634ff0a{hddsDatanode,/,null,STOPPED}{jar:file:/home/runner/.m2/repository/org/apache/ozone/hdds-container-service/1.2.0-SNAPSHOT/hdds-container-service-1.2.0-SNAPSHOT.jar!/webapps/hddsDatanode}
2021-09-14 06:06:53,247 [ForkJoinPool.commonPool-worker-1] INFO  server.AbstractConnector (AbstractConnector.java:doStop(381)) - Stopped ServerConnector@4ba7db24{HTTP/1.1, (http/1.1)}{0.0.0.0:0}
2021-09-14 06:06:53,247 [ForkJoinPool.commonPool-worker-1] INFO  server.session (HouseKeeper.java:stopScavenging(149)) - node0 Stopped scavenging
2021-09-14 06:06:53,248 [ForkJoinPool.commonPool-worker-1] INFO  handler.ContextHandler (ContextHandler.java:doStop(1153)) - Stopped o.e.j.s.ServletContextHandler@4ec5870f{static,/static,jar:file:/home/runner/.m2/repository/org/apache/ozone/hdds-container-service/1.2.0-SNAPSHOT/hdds-container-service-1.2.0-SNAPSHOT.jar!/webapps/static,STOPPED}
2021-09-14 06:06:53,248 [ForkJoinPool.commonPool-worker-1] INFO  handler.ContextHandler (ContextHandler.java:doStop(1153)) - Stopped o.e.j.s.ServletContextHandler@5d5189c0{logs,/logs,file:///home/runner/work/ozone/ozone/hadoop-ozone/integration-test/target/log,STOPPED}
2021-09-14 06:06:53,250 [Listener at 127.0.0.1/34925] INFO  ozone.MiniOzoneClusterImpl (MiniOzoneClusterImpl.java:stopSCM(542)) - Stopping the StorageContainerManager
2021-09-14 06:06:53,250 [Listener at 127.0.0.1/34925] INFO  server.StorageContainerManager (StorageContainerManager.java:stop(1371)) - Stopping Container Balancer service.
2021-09-14 06:06:53,250 [Listener at 127.0.0.1/34925] INFO  balancer.ContainerBalancer (ContainerBalancer.java:stop(725)) - Container Balancer is not running.
2021-09-14 06:06:53,250 [Listener at 127.0.0.1/34925] INFO  server.StorageContainerManager (StorageContainerManager.java:stop(1378)) - Stopping Replication Manager Service.
2021-09-14 06:06:53,250 [Listener at 127.0.0.1/34925] INFO  container.ReplicationManager (ReplicationManager.java:stop(350)) - Stopping Replication Monitor Thread.
2021-09-14 06:06:53,250 [Listener at 127.0.0.1/34925] INFO  server.StorageContainerManager (StorageContainerManager.java:stop(1385)) - Stopping the Datanode Admin Monitor.
2021-09-14 06:06:53,250 [Listener at 127.0.0.1/34925] INFO  server.StorageContainerManager (StorageContainerManager.java:stop(1392)) - Stopping Lease Manager of the command watchers
2021-09-14 06:06:53,250 [Listener at 127.0.0.1/34925] INFO  server.StorageContainerManager (StorageContainerManager.java:stop(1399)) - Stopping datanode service RPC server
2021-09-14 06:06:53,250 [Listener at 127.0.0.1/34925] INFO  server.SCMDatanodeProtocolServer (SCMDatanodeProtocolServer.java:stop(389)) - Stopping the RPC server for DataNodes
2021-09-14 06:06:53,250 [Listener at 127.0.0.1/34925] INFO  ipc.Server (Server.java:stop(3414)) - Stopping server on 36183
2021-09-14 06:06:53,252 [IPC Server Responder] INFO  ipc.Server (Server.java:run(1512)) - Stopping IPC Server Responder
2021-09-14 06:06:53,252 [IPC Server listener on 0] INFO  ipc.Server (Server.java:run(1376)) - Stopping IPC Server listener on 0
2021-09-14 06:06:53,273 [SCM Heartbeat Processing Thread - 0] WARN  node.NodeStateManager (NodeStateManager.java:scheduleNextHealthCheck(799)) - Current Thread is interrupted, shutting down HB processing thread for Node Manager.
2021-09-14 06:06:53,274 [Listener at 127.0.0.1/34925] INFO  server.StorageContainerManager (StorageContainerManager.java:stop(1407)) - Stopping block service RPC server
2021-09-14 06:06:53,274 [Listener at 127.0.0.1/34925] INFO  server.SCMBlockProtocolServer (SCMBlockProtocolServer.java:stop(160)) - Stopping the RPC server for Block Protocol
2021-09-14 06:06:53,274 [Listener at 127.0.0.1/34925] INFO  ipc.Server (Server.java:stop(3414)) - Stopping server on 40871
2021-09-14 06:06:53,277 [IPC Server listener on 0] INFO  ipc.Server (Server.java:run(1376)) - Stopping IPC Server listener on 0
2021-09-14 06:06:53,277 [Listener at 127.0.0.1/34925] INFO  server.StorageContainerManager (StorageContainerManager.java:stop(1414)) - Stopping the StorageContainerLocationProtocol RPC server
2021-09-14 06:06:53,277 [Listener at 127.0.0.1/34925] INFO  server.SCMClientProtocolServer (SCMClientProtocolServer.java:stop(173)) - Stopping the RPC server for Client Protocol
2021-09-14 06:06:53,277 [IPC Server Responder] INFO  ipc.Server (Server.java:run(1512)) - Stopping IPC Server Responder
2021-09-14 06:06:53,277 [Listener at 127.0.0.1/34925] INFO  ipc.Server (Server.java:stop(3414)) - Stopping server on 43261
2021-09-14 06:06:53,278 [IPC Server Responder] INFO  ipc.Server (Server.java:run(1512)) - Stopping IPC Server Responder
2021-09-14 06:06:53,279 [IPC Server listener on 0] INFO  ipc.Server (Server.java:run(1376)) - Stopping IPC Server listener on 0
2021-09-14 06:06:53,278 [Listener at 127.0.0.1/34925] INFO  server.StorageContainerManager (StorageContainerManager.java:stop(1421)) - Stopping Storage Container Manager HTTP server.
2021-09-14 06:06:53,281 [Listener at 127.0.0.1/34925] INFO  handler.ContextHandler (ContextHandler.java:doStop(1153)) - Stopped o.e.j.w.WebAppContext@372a5c94{scm,/,null,STOPPED}{file:/home/runner/work/ozone/ozone/hadoop-ozone/integration-test/target/test-classes/webapps/scm}
2021-09-14 06:06:53,281 [Listener at 127.0.0.1/34925] INFO  server.AbstractConnector (AbstractConnector.java:doStop(381)) - Stopped ServerConnector@44c2d045{HTTP/1.1, (http/1.1)}{0.0.0.0:0}
2021-09-14 06:06:53,282 [Listener at 127.0.0.1/34925] INFO  server.session (HouseKeeper.java:stopScavenging(149)) - node0 Stopped scavenging
2021-09-14 06:06:53,283 [Listener at 127.0.0.1/34925] INFO  handler.ContextHandler (ContextHandler.java:doStop(1153)) - Stopped o.e.j.s.ServletContextHandler@66cb8de2{static,/static,file:///home/runner/work/ozone/ozone/hadoop-ozone/integration-test/target/test-classes/webapps/static,STOPPED}
2021-09-14 06:06:53,283 [Listener at 127.0.0.1/34925] INFO  handler.ContextHandler (ContextHandler.java:doStop(1153)) - Stopped o.e.j.s.ServletContextHandler@418ebe61{logs,/logs,file:///home/runner/work/ozone/ozone/hadoop-ozone/integration-test/target/log,STOPPED}
2021-09-14 06:06:53,284 [Listener at 127.0.0.1/34925] INFO  server.StorageContainerManager (StorageContainerManager.java:stop(1432)) - Stopping Block Manager Service.
2021-09-14 06:06:53,285 [Listener at 127.0.0.1/34925] INFO  utils.BackgroundService (BackgroundService.java:shutdown(132)) - Shutting down service SCMBlockDeletingService
2021-09-14 06:06:53,285 [Listener at 127.0.0.1/34925] INFO  utils.BackgroundService (BackgroundService.java:shutdown(132)) - Shutting down service SCMBlockDeletingService
2021-09-14 06:06:53,285 [Listener at 127.0.0.1/34925] INFO  server.StorageContainerManager (StorageContainerManager.java:stop(1459)) - Stopping SCM Event Queue.
2021-09-14 06:06:53,288 [Listener at 127.0.0.1/34925] INFO  server.StorageContainerManager (StorageContainerManager.java:stop(1470)) - Stopping SCM HA services.
2021-09-14 06:06:53,288 [Listener at 127.0.0.1/34925] INFO  pipeline.BackgroundPipelineCreator (BackgroundPipelineCreatorV2.java:stop(158)) - Stopping RatisPipelineUtilsThread.
2021-09-14 06:06:53,293 [Listener at 127.0.0.1/34925] INFO  server.StorageContainerManager (StorageContainerManager.java:stop(1480)) - Stopping SCM MetadataStore.
2021-09-14 06:06:53,299 [Listener at 127.0.0.1/34925] INFO  impl.MetricsSystemImpl (MetricsSystemImpl.java:stop(210)) - Stopping HddsDatanode metrics system...
2021-09-14 06:06:53,309 [prometheus] INFO  impl.MetricsSinkAdapter (MetricsSinkAdapter.java:publishMetricsFromQueue(141)) - prometheus thread interrupted.
2021-09-14 06:06:53,309 [Listener at 127.0.0.1/34925] INFO  impl.MetricsSystemImpl (MetricsSystemImpl.java:stop(216)) - HddsDatanode metrics system stopped.
]]></system-out>
  </testcase>
</testsuite>