<?xml version="1.0" encoding="UTF-8"?>
<testsuite xmlns:xsi="http://www.w3.org/2001/XMLSchema-instance" xsi:noNamespaceSchemaLocation="https://maven.apache.org/surefire/maven-surefire-plugin/xsd/surefire-test-report.xsd" name="org.apache.hadoop.ozone.client.rpc.TestBlockOutputStreamWithFailures" time="368.869" tests="8" errors="0" skipped="0" failures="1">
  <properties>
    <property name="awt.toolkit" value="sun.awt.X11.XToolkit"/>
    <property name="file.encoding.pkg" value="sun.io"/>
    <property name="java.specification.version" value="1.8"/>
    <property name="sun.cpu.isalist" value=""/>
    <property name="sun.jnu.encoding" value="ANSI_X3.4-1968"/>
    <property name="java.class.path" value="/github/workspace/mnt/ozone/hadoop-ozone/integration-test/target/test-classes:/github/workspace/mnt/ozone/hadoop-ozone/integration-test/target/classes:/home/user/.m2/repository/org/apache/hadoop/hadoop-ozone-common/0.6.0-SNAPSHOT/hadoop-ozone-common-0.6.0-SNAPSHOT.jar:/home/user/.m2/repository/org/apache/commons/commons-compress/1.4.1/commons-compress-1.4.1.jar:/home/user/.m2/repository/org/tukaani/xz/1.0/xz-1.0.jar:/home/user/.m2/repository/org/apache/hadoop/hadoop-hdds-common/0.6.0-SNAPSHOT/hadoop-hdds-common-0.6.0-SNAPSHOT.jar:/home/user/.m2/repository/info/picocli/picocli/3.9.6/picocli-3.9.6.jar:/home/user/.m2/repository/com/fasterxml/jackson/core/jackson-annotations/2.10.3/jackson-annotations-2.10.3.jar:/home/user/.m2/repository/javax/annotation/javax.annotation-api/1.2/javax.annotation-api-1.2.jar:/home/user/.m2/repository/org/apache/ratis/ratis-server/0.6.0-490b689-SNAPSHOT/ratis-server-0.6.0-490b689-SNAPSHOT.jar:/home/user/.m2/repository/org/apache/ratis/ratis-thirdparty-misc/0.3.0/ratis-thirdparty-misc-0.3.0.jar:/home/user/.m2/repository/org/apache/ratis/ratis-client/0.6.0-490b689-SNAPSHOT/ratis-client-0.6.0-490b689-SNAPSHOT.jar:/home/user/.m2/repository/org/apache/ratis/ratis-metrics/0.6.0-490b689-SNAPSHOT/ratis-metrics-0.6.0-490b689-SNAPSHOT.jar:/home/user/.m2/repository/org/apache/ratis/ratis-netty/0.6.0-490b689-SNAPSHOT/ratis-netty-0.6.0-490b689-SNAPSHOT.jar:/home/user/.m2/repository/org/apache/ratis/ratis-grpc/0.6.0-490b689-SNAPSHOT/ratis-grpc-0.6.0-490b689-SNAPSHOT.jar:/home/user/.m2/repository/org/apache/logging/log4j/log4j-api/2.11.0/log4j-api-2.11.0.jar:/home/user/.m2/repository/org/apache/logging/log4j/log4j-core/2.11.0/log4j-core-2.11.0.jar:/home/user/.m2/repository/com/lmax/disruptor/3.4.2/disruptor-3.4.2.jar:/home/user/.m2/repository/org/apache/commons/commons-pool2/2.6.0/commons-pool2-2.6.0.jar:/home/user/.m2/repository/org/bouncycastle/bcpkix-jdk15on/1.60/bcpkix-jdk15on-1.60.jar:/home/user/.m2/repository/commons-validator/commons-validator/1.6/commons-validator-1.6.jar:/home/user/.m2/repository/commons-digester/commons-digester/1.8.1/commons-digester-1.8.1.jar:/home/user/.m2/repository/io/jaegertracing/jaeger-client/1.2.0/jaeger-client-1.2.0.jar:/home/user/.m2/repository/io/jaegertracing/jaeger-thrift/1.2.0/jaeger-thrift-1.2.0.jar:/home/user/.m2/repository/org/apache/thrift/libthrift/0.13.0/libthrift-0.13.0.jar:/home/user/.m2/repository/com/squareup/okhttp3/okhttp/4.2.2/okhttp-4.2.2.jar:/home/user/.m2/repository/com/squareup/okio/okio/2.2.2/okio-2.2.2.jar:/home/user/.m2/repository/org/jetbrains/kotlin/kotlin-stdlib/1.3.50/kotlin-stdlib-1.3.50.jar:/home/user/.m2/repository/org/jetbrains/kotlin/kotlin-stdlib-common/1.3.50/kotlin-stdlib-common-1.3.50.jar:/home/user/.m2/repository/org/jetbrains/annotations/13.0/annotations-13.0.jar:/home/user/.m2/repository/io/jaegertracing/jaeger-core/1.2.0/jaeger-core-1.2.0.jar:/home/user/.m2/repository/io/jaegertracing/jaeger-tracerresolver/1.2.0/jaeger-tracerresolver-1.2.0.jar:/home/user/.m2/repository/io/opentracing/contrib/opentracing-tracerresolver/0.1.8/opentracing-tracerresolver-0.1.8.jar:/home/user/.m2/repository/io/opentracing/opentracing-util/0.33.0/opentracing-util-0.33.0.jar:/home/user/.m2/repository/io/opentracing/opentracing-api/0.33.0/opentracing-api-0.33.0.jar:/home/user/.m2/repository/io/opentracing/opentracing-noop/0.33.0/opentracing-noop-0.33.0.jar:/home/user/.m2/repository/org/apache/hadoop/hadoop-hdds-client/0.6.0-SNAPSHOT/hadoop-hdds-client-0.6.0-SNAPSHOT.jar:/home/user/.m2/repository/org/apache/hadoop/hadoop-hdds-test-utils/0.6.0-SNAPSHOT/hadoop-hdds-test-utils-0.6.0-SNAPSHOT.jar:/home/user/.m2/repository/com/google/guava/guava/28.2-jre/guava-28.2-jre.jar:/home/user/.m2/repository/com/google/guava/failureaccess/1.0.1/failureaccess-1.0.1.jar:/home/user/.m2/repository/com/google/guava/listenablefuture/9999.0-empty-to-avoid-conflict-with-guava/listenablefuture-9999.0-empty-to-avoid-conflict-with-guava.jar:/home/user/.m2/repository/com/google/code/findbugs/jsr305/3.0.0/jsr305-3.0.0.jar:/home/user/.m2/repository/org/checkerframework/checker-qual/2.10.0/checker-qual-2.10.0.jar:/home/user/.m2/repository/com/google/errorprone/error_prone_annotations/2.3.4/error_prone_annotations-2.3.4.jar:/home/user/.m2/repository/com/google/j2objc/j2objc-annotations/1.3/j2objc-annotations-1.3.jar:/home/user/.m2/repository/commons-io/commons-io/2.5/commons-io-2.5.jar:/home/user/.m2/repository/commons-logging/commons-logging/1.1.3/commons-logging-1.1.3.jar:/home/user/.m2/repository/log4j/log4j/1.2.17/log4j-1.2.17.jar:/home/user/.m2/repository/org/apache/commons/commons-lang3/3.7/commons-lang3-3.7.jar:/home/user/.m2/repository/org/slf4j/slf4j-api/1.7.25/slf4j-api-1.7.25.jar:/home/user/.m2/repository/org/apache/hadoop/hadoop-hdds-server-scm/0.6.0-SNAPSHOT/hadoop-hdds-server-scm-0.6.0-SNAPSHOT.jar:/home/user/.m2/repository/org/apache/hadoop/hadoop-hdds-container-service/0.6.0-SNAPSHOT/hadoop-hdds-container-service-0.6.0-SNAPSHOT.jar:/home/user/.m2/repository/org/apache/hadoop/hadoop-hdds-hadoop-dependency-server/0.6.0-SNAPSHOT/hadoop-hdds-hadoop-dependency-server-0.6.0-SNAPSHOT.jar:/home/user/.m2/repository/org/apache/hadoop/hadoop-hdds-server-framework/0.6.0-SNAPSHOT/hadoop-hdds-server-framework-0.6.0-SNAPSHOT.jar:/home/user/.m2/repository/org/rocksdb/rocksdbjni/6.6.4/rocksdbjni-6.6.4.jar:/home/user/.m2/repository/io/prometheus/simpleclient_dropwizard/0.7.0/simpleclient_dropwizard-0.7.0.jar:/home/user/.m2/repository/io/prometheus/simpleclient/0.7.0/simpleclient-0.7.0.jar:/home/user/.m2/repository/io/prometheus/simpleclient_common/0.7.0/simpleclient_common-0.7.0.jar:/home/user/.m2/repository/com/fasterxml/jackson/datatype/jackson-datatype-jsr310/2.10.3/jackson-datatype-jsr310-2.10.3.jar:/home/user/.m2/repository/org/apache/hadoop/hadoop-hdds-docs/0.6.0-SNAPSHOT/hadoop-hdds-docs-0.6.0-SNAPSHOT.jar:/home/user/.m2/repository/io/dropwizard/metrics/metrics-core/3.2.4/metrics-core-3.2.4.jar:/home/user/.m2/repository/org/apache/hadoop/hadoop-hdfs-client/3.2.0/hadoop-hdfs-client-3.2.0.jar:/home/user/.m2/repository/org/bouncycastle/bcprov-jdk15on/1.60/bcprov-jdk15on-1.60.jar:/home/user/.m2/repository/org/apache/hadoop/hadoop-ozone-ozone-manager/0.6.0-SNAPSHOT/hadoop-ozone-ozone-manager-0.6.0-SNAPSHOT.jar:/home/user/.m2/repository/org/apache/hadoop/hadoop-minikdc/3.2.0/hadoop-minikdc-3.2.0.jar:/home/user/.m2/repository/org/apache/kerby/kerb-simplekdc/1.0.1/kerb-simplekdc-1.0.1.jar:/home/user/.m2/repository/org/apache/kerby/kerb-client/1.0.1/kerb-client-1.0.1.jar:/home/user/.m2/repository/org/apache/kerby/kerby-config/1.0.1/kerby-config-1.0.1.jar:/home/user/.m2/repository/org/apache/kerby/kerb-core/1.0.1/kerb-core-1.0.1.jar:/home/user/.m2/repository/org/apache/kerby/kerby-pkix/1.0.1/kerby-pkix-1.0.1.jar:/home/user/.m2/repository/org/apache/kerby/kerby-asn1/1.0.1/kerby-asn1-1.0.1.jar:/home/user/.m2/repository/org/apache/kerby/kerby-util/1.0.1/kerby-util-1.0.1.jar:/home/user/.m2/repository/org/apache/kerby/kerb-common/1.0.1/kerb-common-1.0.1.jar:/home/user/.m2/repository/org/apache/kerby/kerb-crypto/1.0.1/kerb-crypto-1.0.1.jar:/home/user/.m2/repository/org/apache/kerby/kerb-util/1.0.1/kerb-util-1.0.1.jar:/home/user/.m2/repository/org/apache/kerby/token-provider/1.0.1/token-provider-1.0.1.jar:/home/user/.m2/repository/org/apache/kerby/kerb-admin/1.0.1/kerb-admin-1.0.1.jar:/home/user/.m2/repository/org/apache/kerby/kerb-server/1.0.1/kerb-server-1.0.1.jar:/home/user/.m2/repository/org/apache/kerby/kerb-identity/1.0.1/kerb-identity-1.0.1.jar:/home/user/.m2/repository/org/apache/kerby/kerby-xdr/1.0.1/kerby-xdr-1.0.1.jar:/home/user/.m2/repository/org/slf4j/slf4j-log4j12/1.7.25/slf4j-log4j12-1.7.25.jar:/home/user/.m2/repository/org/apache/hadoop/hadoop-ozone-s3gateway/0.6.0-SNAPSHOT/hadoop-ozone-s3gateway-0.6.0-SNAPSHOT.jar:/home/user/.m2/repository/org/jboss/weld/servlet/weld-servlet/2.4.7.Final/weld-servlet-2.4.7.Final.jar:/home/user/.m2/repository/org/glassfish/jersey/containers/jersey-container-servlet-core/2.27/jersey-container-servlet-core-2.27.jar:/home/user/.m2/repository/org/glassfish/hk2/external/javax.inject/2.5.0-b42/javax.inject-2.5.0-b42.jar:/home/user/.m2/repository/org/glassfish/jersey/core/jersey-common/2.27/jersey-common-2.27.jar:/home/user/.m2/repository/org/glassfish/hk2/osgi-resource-locator/1.0.1/osgi-resource-locator-1.0.1.jar:/home/user/.m2/repository/javax/ws/rs/javax.ws.rs-api/2.1/javax.ws.rs-api-2.1.jar:/home/user/.m2/repository/org/glassfish/jersey/ext/cdi/jersey-cdi1x/2.27/jersey-cdi1x-2.27.jar:/home/user/.m2/repository/org/glassfish/jersey/inject/jersey-hk2/2.27/jersey-hk2-2.27.jar:/home/user/.m2/repository/org/glassfish/hk2/hk2-locator/2.5.0-b42/hk2-locator-2.5.0-b42.jar:/home/user/.m2/repository/org/javassist/javassist/3.22.0-CR2/javassist-3.22.0-CR2.jar:/home/user/.m2/repository/org/glassfish/hk2/hk2-api/2.5.0/hk2-api-2.5.0.jar:/home/user/.m2/repository/org/glassfish/hk2/external/jakarta.inject/2.5.0/jakarta.inject-2.5.0.jar:/home/user/.m2/repository/org/glassfish/hk2/hk2-utils/2.5.0/hk2-utils-2.5.0.jar:/home/user/.m2/repository/jakarta/annotation/jakarta.annotation-api/1.3.4/jakarta.annotation-api-1.3.4.jar:/home/user/.m2/repository/org/glassfish/hk2/external/aopalliance-repackaged/2.5.0/aopalliance-repackaged-2.5.0.jar:/home/user/.m2/repository/com/fasterxml/jackson/dataformat/jackson-dataformat-xml/2.9.0/jackson-dataformat-xml-2.9.0.jar:/home/user/.m2/repository/com/fasterxml/jackson/core/jackson-core/2.10.3/jackson-core-2.10.3.jar:/home/user/.m2/repository/com/fasterxml/jackson/module/jackson-module-jaxb-annotations/2.10.3/jackson-module-jaxb-annotations-2.10.3.jar:/home/user/.m2/repository/jakarta/xml/bind/jakarta.xml.bind-api/2.3.2/jakarta.xml.bind-api-2.3.2.jar:/home/user/.m2/repository/jakarta/activation/jakarta.activation-api/1.2.1/jakarta.activation-api-1.2.1.jar:/home/user/.m2/repository/org/codehaus/woodstox/stax2-api/3.1.4/stax2-api-3.1.4.jar:/home/user/.m2/repository/com/fasterxml/woodstox/woodstox-core/5.0.3/woodstox-core-5.0.3.jar:/home/user/.m2/repository/javax/enterprise/cdi-api/1.2/cdi-api-1.2.jar:/home/user/.m2/repository/javax/el/javax.el-api/3.0.0/javax.el-api-3.0.0.jar:/home/user/.m2/repository/javax/interceptor/javax.interceptor-api/1.2/javax.interceptor-api-1.2.jar:/home/user/.m2/repository/javax/inject/javax.inject/1/javax.inject-1.jar:/home/user/.m2/repository/com/sun/xml/bind/jaxb-impl/2.3.0.1/jaxb-impl-2.3.0.1.jar:/home/user/.m2/repository/com/sun/xml/bind/jaxb-core/2.3.0.1/jaxb-core-2.3.0.1.jar:/home/user/.m2/repository/javax/xml/bind/jaxb-api/2.3.0/jaxb-api-2.3.0.jar:/home/user/.m2/repository/javax/activation/activation/1.1.1/activation-1.1.1.jar:/home/user/.m2/repository/org/apache/hadoop/hadoop-ozone-csi/0.6.0-SNAPSHOT/hadoop-ozone-csi-0.6.0-SNAPSHOT.jar:/home/user/.m2/repository/com/google/protobuf/protobuf-java-util/3.5.1/protobuf-java-util-3.5.1.jar:/home/user/.m2/repository/com/google/code/gson/gson/2.2.4/gson-2.2.4.jar:/home/user/.m2/repository/org/apache/hadoop/hadoop-hdds-config/0.6.0-SNAPSHOT/hadoop-hdds-config-0.6.0-SNAPSHOT.jar:/home/user/.m2/repository/com/google/protobuf/protobuf-java/2.5.0/protobuf-java-2.5.0.jar:/home/user/.m2/repository/io/grpc/grpc-netty/1.17.1/grpc-netty-1.17.1.jar:/home/user/.m2/repository/io/grpc/grpc-core/1.17.1/grpc-core-1.17.1.jar:/home/user/.m2/repository/io/grpc/grpc-context/1.17.1/grpc-context-1.17.1.jar:/home/user/.m2/repository/org/codehaus/mojo/animal-sniffer-annotations/1.17/animal-sniffer-annotations-1.17.jar:/home/user/.m2/repository/io/opencensus/opencensus-api/0.17.0/opencensus-api-0.17.0.jar:/home/user/.m2/repository/io/opencensus/opencensus-contrib-grpc-metrics/0.17.0/opencensus-contrib-grpc-metrics-0.17.0.jar:/home/user/.m2/repository/io/netty/netty-codec-http2/4.1.30.Final/netty-codec-http2-4.1.30.Final.jar:/home/user/.m2/repository/io/netty/netty-codec-http/4.1.30.Final/netty-codec-http-4.1.30.Final.jar:/home/user/.m2/repository/io/netty/netty-codec/4.1.30.Final/netty-codec-4.1.30.Final.jar:/home/user/.m2/repository/io/netty/netty-handler/4.1.30.Final/netty-handler-4.1.30.Final.jar:/home/user/.m2/repository/io/netty/netty-handler-proxy/4.1.30.Final/netty-handler-proxy-4.1.30.Final.jar:/home/user/.m2/repository/io/netty/netty-codec-socks/4.1.30.Final/netty-codec-socks-4.1.30.Final.jar:/home/user/.m2/repository/io/netty/netty-transport-native-epoll/4.1.30.Final/netty-transport-native-epoll-4.1.30.Final.jar:/home/user/.m2/repository/io/netty/netty-common/4.1.30.Final/netty-common-4.1.30.Final.jar:/home/user/.m2/repository/io/netty/netty-buffer/4.1.30.Final/netty-buffer-4.1.30.Final.jar:/home/user/.m2/repository/io/netty/netty-transport/4.1.30.Final/netty-transport-4.1.30.Final.jar:/home/user/.m2/repository/io/netty/netty-resolver/4.1.30.Final/netty-resolver-4.1.30.Final.jar:/home/user/.m2/repository/io/netty/netty-transport-native-unix-common/4.1.30.Final/netty-transport-native-unix-common-4.1.30.Final.jar:/home/user/.m2/repository/io/grpc/grpc-protobuf/1.17.1/grpc-protobuf-1.17.1.jar:/home/user/.m2/repository/com/google/api/grpc/proto-google-common-protos/1.0.0/proto-google-common-protos-1.0.0.jar:/home/user/.m2/repository/io/grpc/grpc-protobuf-lite/1.17.1/grpc-protobuf-lite-1.17.1.jar:/home/user/.m2/repository/io/grpc/grpc-stub/1.17.1/grpc-stub-1.17.1.jar:/home/user/.m2/repository/org/apache/hadoop/hadoop-ozone-recon/0.6.0-SNAPSHOT/hadoop-ozone-recon-0.6.0-SNAPSHOT.jar:/home/user/.m2/repository/org/apache/hadoop/hadoop-ozone-reconcodegen/0.6.0-SNAPSHOT/hadoop-ozone-reconcodegen-0.6.0-SNAPSHOT.jar:/home/user/.m2/repository/com/google/inject/extensions/guice-multibindings/4.0/guice-multibindings-4.0.jar:/home/user/.m2/repository/com/google/inject/guice/4.0/guice-4.0.jar:/home/user/.m2/repository/aopalliance/aopalliance/1.0/aopalliance-1.0.jar:/home/user/.m2/repository/com/google/inject/extensions/guice-servlet/4.0/guice-servlet-4.0.jar:/home/user/.m2/repository/org/glassfish/jersey/containers/jersey-container-servlet/2.27/jersey-container-servlet-2.27.jar:/home/user/.m2/repository/org/glassfish/hk2/guice-bridge/2.5.0/guice-bridge-2.5.0.jar:/home/user/.m2/repository/org/glassfish/jersey/core/jersey-server/2.27/jersey-server-2.27.jar:/home/user/.m2/repository/org/glassfish/jersey/core/jersey-client/2.27/jersey-client-2.27.jar:/home/user/.m2/repository/org/glassfish/jersey/media/jersey-media-jaxb/2.27/jersey-media-jaxb-2.27.jar:/home/user/.m2/repository/javax/validation/validation-api/1.1.0.Final/validation-api-1.1.0.Final.jar:/home/user/.m2/repository/org/glassfish/jersey/media/jersey-media-json-jackson/2.27/jersey-media-json-jackson-2.27.jar:/home/user/.m2/repository/org/glassfish/jersey/ext/jersey-entity-filtering/2.27/jersey-entity-filtering-2.27.jar:/home/user/.m2/repository/com/google/inject/extensions/guice-assistedinject/4.0/guice-assistedinject-4.0.jar:/home/user/.m2/repository/org/jooq/jooq/3.11.10/jooq-3.11.10.jar:/home/user/.m2/repository/org/jooq/jooq-meta/3.11.10/jooq-meta-3.11.10.jar:/home/user/.m2/repository/org/jooq/jooq-codegen/3.11.10/jooq-codegen-3.11.10.jar:/home/user/.m2/repository/com/jolbox/bonecp/0.8.0.RELEASE/bonecp-0.8.0.RELEASE.jar:/home/user/.m2/repository/org/xerial/sqlite-jdbc/3.25.2/sqlite-jdbc-3.25.2.jar:/home/user/.m2/repository/org/springframework/spring-jdbc/5.2.5.RELEASE/spring-jdbc-5.2.5.RELEASE.jar:/home/user/.m2/repository/org/springframework/spring-beans/5.2.5.RELEASE/spring-beans-5.2.5.RELEASE.jar:/home/user/.m2/repository/org/springframework/spring-core/5.2.5.RELEASE/spring-core-5.2.5.RELEASE.jar:/home/user/.m2/repository/org/springframework/spring-jcl/5.2.5.RELEASE/spring-jcl-5.2.5.RELEASE.jar:/home/user/.m2/repository/org/springframework/spring-tx/5.2.5.RELEASE/spring-tx-5.2.5.RELEASE.jar:/home/user/.m2/repository/org/apache/hadoop/hadoop-ozone-client/0.6.0-SNAPSHOT/hadoop-ozone-client-0.6.0-SNAPSHOT.jar:/home/user/.m2/repository/org/apache/hadoop/hadoop-ozone-filesystem/0.6.0-SNAPSHOT/hadoop-ozone-filesystem-0.6.0-SNAPSHOT.jar:/home/user/.m2/repository/org/apache/hadoop/hadoop-hdds-hadoop-dependency-client/0.6.0-SNAPSHOT/hadoop-hdds-hadoop-dependency-client-0.6.0-SNAPSHOT.jar:/home/user/.m2/repository/org/apache/hadoop/hadoop-ozone-tools/0.6.0-SNAPSHOT/hadoop-ozone-tools-0.6.0-SNAPSHOT.jar:/home/user/.m2/repository/org/apache/hadoop/hadoop-hdfs/3.2.0/hadoop-hdfs-3.2.0.jar:/home/user/.m2/repository/org/apache/ratis/ratis-tools/0.6.0-490b689-SNAPSHOT/ratis-tools-0.6.0-490b689-SNAPSHOT.jar:/home/user/.m2/repository/org/apache/ratis/ratis-proto/0.6.0-490b689-SNAPSHOT/ratis-proto-0.6.0-490b689-SNAPSHOT.jar:/home/user/.m2/repository/org/apache/ratis/ratis-common/0.6.0-490b689-SNAPSHOT/ratis-common-0.6.0-490b689-SNAPSHOT.jar:/home/user/.m2/repository/com/amazonaws/aws-java-sdk-core/1.11.615/aws-java-sdk-core-1.11.615.jar:/home/user/.m2/repository/org/apache/httpcomponents/httpclient/4.5.2/httpclient-4.5.2.jar:/home/user/.m2/repository/org/apache/httpcomponents/httpcore/4.4.4/httpcore-4.4.4.jar:/home/user/.m2/repository/software/amazon/ion/ion-java/1.0.2/ion-java-1.0.2.jar:/home/user/.m2/repository/com/fasterxml/jackson/dataformat/jackson-dataformat-cbor/2.10.3/jackson-dataformat-cbor-2.10.3.jar:/home/user/.m2/repository/joda-time/joda-time/2.9.9/joda-time-2.9.9.jar:/home/user/.m2/repository/com/amazonaws/aws-java-sdk-s3/1.11.615/aws-java-sdk-s3-1.11.615.jar:/home/user/.m2/repository/com/amazonaws/aws-java-sdk-kms/1.11.615/aws-java-sdk-kms-1.11.615.jar:/home/user/.m2/repository/com/amazonaws/jmespath-java/1.11.615/jmespath-java-1.11.615.jar:/home/user/.m2/repository/org/apache/hadoop/hadoop-hdds-tools/0.6.0-SNAPSHOT/hadoop-hdds-tools-0.6.0-SNAPSHOT.jar:/home/user/.m2/repository/commons-cli/commons-cli/1.2/commons-cli-1.2.jar:/home/user/.m2/repository/commons-lang/commons-lang/2.6/commons-lang-2.6.jar:/home/user/.m2/repository/org/apache/hadoop/hadoop-ozone-ozone-manager/0.6.0-SNAPSHOT/hadoop-ozone-ozone-manager-0.6.0-SNAPSHOT-tests.jar:/home/user/.m2/repository/junit/junit/4.11/junit-4.11.jar:/home/user/.m2/repository/org/hamcrest/hamcrest-core/1.3/hamcrest-core-1.3.jar:/home/user/.m2/repository/org/openjdk/jmh/jmh-core/1.19/jmh-core-1.19.jar:/home/user/.m2/repository/net/sf/jopt-simple/jopt-simple/4.6/jopt-simple-4.6.jar:/home/user/.m2/repository/org/apache/commons/commons-math3/3.1.1/commons-math3-3.1.1.jar:/home/user/.m2/repository/org/openjdk/jmh/jmh-generator-annprocess/1.19/jmh-generator-annprocess-1.19.jar:/home/user/.m2/repository/org/mockito/mockito-all/1.8.5/mockito-all-1.8.5.jar:/home/user/.m2/repository/org/apache/hadoop/hadoop-kms/3.2.0/hadoop-kms-3.2.0.jar:/home/user/.m2/repository/org/apache/hadoop/hadoop-auth/3.2.0/hadoop-auth-3.2.0.jar:/home/user/.m2/repository/com/nimbusds/nimbus-jose-jwt/7.9/nimbus-jose-jwt-7.9.jar:/home/user/.m2/repository/com/github/stephenc/jcip/jcip-annotations/1.0-1/jcip-annotations-1.0-1.jar:/home/user/.m2/repository/net/minidev/json-smart/2.3/json-smart-2.3.jar:/home/user/.m2/repository/net/minidev/accessors-smart/1.2/accessors-smart-1.2.jar:/home/user/.m2/repository/org/ow2/asm/asm/5.0.4/asm-5.0.4.jar:/home/user/.m2/repository/org/apache/zookeeper/zookeeper/3.4.13/zookeeper-3.4.13.jar:/home/user/.m2/repository/org/apache/yetus/audience-annotations/0.5.0/audience-annotations-0.5.0.jar:/home/user/.m2/repository/org/apache/curator/curator-framework/2.12.0/curator-framework-2.12.0.jar:/home/user/.m2/repository/com/sun/jersey/jersey-core/1.19/jersey-core-1.19.jar:/home/user/.m2/repository/javax/ws/rs/jsr311-api/1.1.1/jsr311-api-1.1.1.jar:/home/user/.m2/repository/com/sun/jersey/jersey-server/1.19/jersey-server-1.19.jar:/home/user/.m2/repository/javax/servlet/javax.servlet-api/3.1.0/javax.servlet-api-3.1.0.jar:/home/user/.m2/repository/org/eclipse/jetty/jetty-server/9.4.26.v20200117/jetty-server-9.4.26.v20200117.jar:/home/user/.m2/repository/org/eclipse/jetty/jetty-http/9.4.26.v20200117/jetty-http-9.4.26.v20200117.jar:/home/user/.m2/repository/org/eclipse/jetty/jetty-io/9.4.26.v20200117/jetty-io-9.4.26.v20200117.jar:/home/user/.m2/repository/org/eclipse/jetty/jetty-webapp/9.4.26.v20200117/jetty-webapp-9.4.26.v20200117.jar:/home/user/.m2/repository/org/eclipse/jetty/jetty-xml/9.4.26.v20200117/jetty-xml-9.4.26.v20200117.jar:/home/user/.m2/repository/org/eclipse/jetty/jetty-servlet/9.4.26.v20200117/jetty-servlet-9.4.26.v20200117.jar:/home/user/.m2/repository/org/eclipse/jetty/jetty-security/9.4.26.v20200117/jetty-security-9.4.26.v20200117.jar:/home/user/.m2/repository/org/apache/hadoop/hadoop-common/3.2.0/hadoop-common-3.2.0.jar:/home/user/.m2/repository/commons-net/commons-net/3.6/commons-net-3.6.jar:/home/user/.m2/repository/commons-collections/commons-collections/3.2.2/commons-collections-3.2.2.jar:/home/user/.m2/repository/com/sun/jersey/jersey-servlet/1.19/jersey-servlet-1.19.jar:/home/user/.m2/repository/com/sun/jersey/jersey-json/1.19/jersey-json-1.19.jar:/home/user/.m2/repository/org/codehaus/jettison/jettison/1.1/jettison-1.1.jar:/home/user/.m2/repository/org/codehaus/jackson/jackson-jaxrs/1.9.13/jackson-jaxrs-1.9.13.jar:/home/user/.m2/repository/org/codehaus/jackson/jackson-xc/1.9.13/jackson-xc-1.9.13.jar:/home/user/.m2/repository/commons-beanutils/commons-beanutils/1.9.4/commons-beanutils-1.9.4.jar:/home/user/.m2/repository/org/apache/commons/commons-configuration2/2.1.1/commons-configuration2-2.1.1.jar:/home/user/.m2/repository/org/apache/commons/commons-text/1.4/commons-text-1.4.jar:/home/user/.m2/repository/com/google/re2j/re2j/1.1/re2j-1.1.jar:/home/user/.m2/repository/com/jcraft/jsch/0.1.54/jsch-0.1.54.jar:/home/user/.m2/repository/org/apache/curator/curator-client/2.12.0/curator-client-2.12.0.jar:/home/user/.m2/repository/org/apache/curator/curator-recipes/2.12.0/curator-recipes-2.12.0.jar:/home/user/.m2/repository/dnsjava/dnsjava/2.1.7/dnsjava-2.1.7.jar:/home/user/.m2/repository/org/slf4j/jul-to-slf4j/1.7.25/jul-to-slf4j-1.7.25.jar:/home/user/.m2/repository/org/eclipse/jetty/jetty-util/9.4.26.v20200117/jetty-util-9.4.26.v20200117.jar:/home/user/.m2/repository/com/fasterxml/jackson/core/jackson-databind/2.10.3/jackson-databind-2.10.3.jar:/home/user/.m2/repository/org/apache/hadoop/hadoop-kms/3.2.0/hadoop-kms-3.2.0-tests.jar:/home/user/.m2/repository/org/apache/hadoop/hadoop-hdds-server-scm/0.6.0-SNAPSHOT/hadoop-hdds-server-scm-0.6.0-SNAPSHOT-tests.jar:/home/user/.m2/repository/org/apache/hadoop/hadoop-hdds-container-service/0.6.0-SNAPSHOT/hadoop-hdds-container-service-0.6.0-SNAPSHOT-tests.jar:/home/user/.m2/repository/org/apache/hadoop/hadoop-hdds-common/0.6.0-SNAPSHOT/hadoop-hdds-common-0.6.0-SNAPSHOT-tests.jar:/home/user/.m2/repository/org/yaml/snakeyaml/1.16/snakeyaml-1.16.jar:/home/user/.m2/repository/org/apache/hadoop/hadoop-hdds-hadoop-dependency-test/0.6.0-SNAPSHOT/hadoop-hdds-hadoop-dependency-test-0.6.0-SNAPSHOT.jar:/home/user/.m2/repository/org/apache/hadoop/hadoop-common/3.2.0/hadoop-common-3.2.0-tests.jar:/home/user/.m2/repository/javax/servlet/jsp/jsp-api/2.1/jsp-api-2.1.jar:/home/user/.m2/repository/org/apache/hadoop/hadoop-hdfs/3.2.0/hadoop-hdfs-3.2.0-tests.jar:/home/user/.m2/repository/org/eclipse/jetty/jetty-util-ajax/9.4.26.v20200117/jetty-util-ajax-9.4.26.v20200117.jar:/home/user/.m2/repository/commons-codec/commons-codec/1.11/commons-codec-1.11.jar:/home/user/.m2/repository/commons-daemon/commons-daemon/1.0.13/commons-daemon-1.0.13.jar:/home/user/.m2/repository/io/netty/netty/3.10.5.Final/netty-3.10.5.Final.jar:/home/user/.m2/repository/io/netty/netty-all/4.1.47.Final/netty-all-4.1.47.Final.jar:/home/user/.m2/repository/org/apache/htrace/htrace-core4/4.1.0-incubating/htrace-core4-4.1.0-incubating.jar:/home/user/.m2/repository/org/fusesource/leveldbjni/leveldbjni-all/1.8/leveldbjni-all-1.8.jar:/home/user/.m2/repository/org/apache/hadoop/hadoop-distcp/3.2.0/hadoop-distcp-3.2.0.jar:/home/user/.m2/repository/org/apache/hadoop/hadoop-mapreduce-client-jobclient/3.2.0/hadoop-mapreduce-client-jobclient-3.2.0.jar:/home/user/.m2/repository/org/apache/hadoop/hadoop-mapreduce-client-common/3.2.0/hadoop-mapreduce-client-common-3.2.0.jar:/home/user/.m2/repository/org/apache/hadoop/hadoop-yarn-common/3.2.0/hadoop-yarn-common-3.2.0.jar:/home/user/.m2/repository/org/apache/hadoop/hadoop-yarn-api/3.2.0/hadoop-yarn-api-3.2.0.jar:/home/user/.m2/repository/com/sun/jersey/jersey-client/1.19/jersey-client-1.19.jar:/home/user/.m2/repository/com/sun/jersey/contribs/jersey-guice/1.19/jersey-guice-1.19.jar:/home/user/.m2/repository/com/fasterxml/jackson/jaxrs/jackson-jaxrs-json-provider/2.10.3/jackson-jaxrs-json-provider-2.10.3.jar:/home/user/.m2/repository/com/fasterxml/jackson/jaxrs/jackson-jaxrs-base/2.10.3/jackson-jaxrs-base-2.10.3.jar:/home/user/.m2/repository/org/apache/hadoop/hadoop-yarn-client/3.2.0/hadoop-yarn-client-3.2.0.jar:/home/user/.m2/repository/org/apache/hadoop/hadoop-mapreduce-client-core/3.2.0/hadoop-mapreduce-client-core-3.2.0.jar:/home/user/.m2/repository/org/apache/avro/avro/1.7.7/avro-1.7.7.jar:/home/user/.m2/repository/org/codehaus/jackson/jackson-core-asl/1.9.13/jackson-core-asl-1.9.13.jar:/home/user/.m2/repository/org/codehaus/jackson/jackson-mapper-asl/1.9.13/jackson-mapper-asl-1.9.13.jar:/home/user/.m2/repository/com/thoughtworks/paranamer/paranamer/2.3/paranamer-2.3.jar:/home/user/.m2/repository/org/xerial/snappy/snappy-java/1.0.5/snappy-java-1.0.5.jar:/home/user/.m2/repository/org/apache/hadoop/hadoop-annotations/3.2.0/hadoop-annotations-3.2.0.jar:/usr/lib/jvm/java-1.8.0-openjdk-1.8.0.232.b09-0.el7_7.x86_64/jre/../lib/tools.jar:/home/user/.m2/repository/org/apache/hadoop/hadoop-distcp/3.2.0/hadoop-distcp-3.2.0-tests.jar:"/>
    <property name="java.vm.vendor" value="Oracle Corporation"/>
    <property name="sun.arch.data.model" value="64"/>
    <property name="test.build.dir" value="/github/workspace/mnt/ozone/hadoop-ozone/integration-test/target/test-dir"/>
    <property name="test.cache.data" value=""/>
    <property name="java.vendor.url" value="http://java.oracle.com/"/>
    <property name="user.timezone" value=""/>
    <property name="java.vm.specification.version" value="1.8"/>
    <property name="os.name" value="Linux"/>
    <property name="test.build.data" value="/github/workspace/mnt/ozone/hadoop-ozone/integration-test/target/test-dir"/>
    <property name="user.country" value="US"/>
    <property name="sun.java.launcher" value="SUN_STANDARD"/>
    <property name="sun.boot.library.path" value="/usr/lib/jvm/java-1.8.0-openjdk-1.8.0.232.b09-0.el7_7.x86_64/jre/lib/amd64"/>
    <property name="sun.java.command" value="/github/workspace/mnt/ozone/hadoop-ozone/integration-test/target/surefire/surefirebooter1194919839019137155.jar /github/workspace/mnt/ozone/hadoop-ozone/integration-test/target/surefire 2020-04-23T23-47-54_550-jvmRun1 surefire2590575010000424424tmp surefire_105155626737185012596tmp"/>
    <property name="surefire.test.class.path" value="/github/workspace/mnt/ozone/hadoop-ozone/integration-test/target/test-classes:/github/workspace/mnt/ozone/hadoop-ozone/integration-test/target/classes:/home/user/.m2/repository/org/apache/hadoop/hadoop-ozone-common/0.6.0-SNAPSHOT/hadoop-ozone-common-0.6.0-SNAPSHOT.jar:/home/user/.m2/repository/org/apache/commons/commons-compress/1.4.1/commons-compress-1.4.1.jar:/home/user/.m2/repository/org/tukaani/xz/1.0/xz-1.0.jar:/home/user/.m2/repository/org/apache/hadoop/hadoop-hdds-common/0.6.0-SNAPSHOT/hadoop-hdds-common-0.6.0-SNAPSHOT.jar:/home/user/.m2/repository/info/picocli/picocli/3.9.6/picocli-3.9.6.jar:/home/user/.m2/repository/com/fasterxml/jackson/core/jackson-annotations/2.10.3/jackson-annotations-2.10.3.jar:/home/user/.m2/repository/javax/annotation/javax.annotation-api/1.2/javax.annotation-api-1.2.jar:/home/user/.m2/repository/org/apache/ratis/ratis-server/0.6.0-490b689-SNAPSHOT/ratis-server-0.6.0-490b689-SNAPSHOT.jar:/home/user/.m2/repository/org/apache/ratis/ratis-thirdparty-misc/0.3.0/ratis-thirdparty-misc-0.3.0.jar:/home/user/.m2/repository/org/apache/ratis/ratis-client/0.6.0-490b689-SNAPSHOT/ratis-client-0.6.0-490b689-SNAPSHOT.jar:/home/user/.m2/repository/org/apache/ratis/ratis-metrics/0.6.0-490b689-SNAPSHOT/ratis-metrics-0.6.0-490b689-SNAPSHOT.jar:/home/user/.m2/repository/org/apache/ratis/ratis-netty/0.6.0-490b689-SNAPSHOT/ratis-netty-0.6.0-490b689-SNAPSHOT.jar:/home/user/.m2/repository/org/apache/ratis/ratis-grpc/0.6.0-490b689-SNAPSHOT/ratis-grpc-0.6.0-490b689-SNAPSHOT.jar:/home/user/.m2/repository/org/apache/logging/log4j/log4j-api/2.11.0/log4j-api-2.11.0.jar:/home/user/.m2/repository/org/apache/logging/log4j/log4j-core/2.11.0/log4j-core-2.11.0.jar:/home/user/.m2/repository/com/lmax/disruptor/3.4.2/disruptor-3.4.2.jar:/home/user/.m2/repository/org/apache/commons/commons-pool2/2.6.0/commons-pool2-2.6.0.jar:/home/user/.m2/repository/org/bouncycastle/bcpkix-jdk15on/1.60/bcpkix-jdk15on-1.60.jar:/home/user/.m2/repository/commons-validator/commons-validator/1.6/commons-validator-1.6.jar:/home/user/.m2/repository/commons-digester/commons-digester/1.8.1/commons-digester-1.8.1.jar:/home/user/.m2/repository/io/jaegertracing/jaeger-client/1.2.0/jaeger-client-1.2.0.jar:/home/user/.m2/repository/io/jaegertracing/jaeger-thrift/1.2.0/jaeger-thrift-1.2.0.jar:/home/user/.m2/repository/org/apache/thrift/libthrift/0.13.0/libthrift-0.13.0.jar:/home/user/.m2/repository/com/squareup/okhttp3/okhttp/4.2.2/okhttp-4.2.2.jar:/home/user/.m2/repository/com/squareup/okio/okio/2.2.2/okio-2.2.2.jar:/home/user/.m2/repository/org/jetbrains/kotlin/kotlin-stdlib/1.3.50/kotlin-stdlib-1.3.50.jar:/home/user/.m2/repository/org/jetbrains/kotlin/kotlin-stdlib-common/1.3.50/kotlin-stdlib-common-1.3.50.jar:/home/user/.m2/repository/org/jetbrains/annotations/13.0/annotations-13.0.jar:/home/user/.m2/repository/io/jaegertracing/jaeger-core/1.2.0/jaeger-core-1.2.0.jar:/home/user/.m2/repository/io/jaegertracing/jaeger-tracerresolver/1.2.0/jaeger-tracerresolver-1.2.0.jar:/home/user/.m2/repository/io/opentracing/contrib/opentracing-tracerresolver/0.1.8/opentracing-tracerresolver-0.1.8.jar:/home/user/.m2/repository/io/opentracing/opentracing-util/0.33.0/opentracing-util-0.33.0.jar:/home/user/.m2/repository/io/opentracing/opentracing-api/0.33.0/opentracing-api-0.33.0.jar:/home/user/.m2/repository/io/opentracing/opentracing-noop/0.33.0/opentracing-noop-0.33.0.jar:/home/user/.m2/repository/org/apache/hadoop/hadoop-hdds-client/0.6.0-SNAPSHOT/hadoop-hdds-client-0.6.0-SNAPSHOT.jar:/home/user/.m2/repository/org/apache/hadoop/hadoop-hdds-test-utils/0.6.0-SNAPSHOT/hadoop-hdds-test-utils-0.6.0-SNAPSHOT.jar:/home/user/.m2/repository/com/google/guava/guava/28.2-jre/guava-28.2-jre.jar:/home/user/.m2/repository/com/google/guava/failureaccess/1.0.1/failureaccess-1.0.1.jar:/home/user/.m2/repository/com/google/guava/listenablefuture/9999.0-empty-to-avoid-conflict-with-guava/listenablefuture-9999.0-empty-to-avoid-conflict-with-guava.jar:/home/user/.m2/repository/com/google/code/findbugs/jsr305/3.0.0/jsr305-3.0.0.jar:/home/user/.m2/repository/org/checkerframework/checker-qual/2.10.0/checker-qual-2.10.0.jar:/home/user/.m2/repository/com/google/errorprone/error_prone_annotations/2.3.4/error_prone_annotations-2.3.4.jar:/home/user/.m2/repository/com/google/j2objc/j2objc-annotations/1.3/j2objc-annotations-1.3.jar:/home/user/.m2/repository/commons-io/commons-io/2.5/commons-io-2.5.jar:/home/user/.m2/repository/commons-logging/commons-logging/1.1.3/commons-logging-1.1.3.jar:/home/user/.m2/repository/log4j/log4j/1.2.17/log4j-1.2.17.jar:/home/user/.m2/repository/org/apache/commons/commons-lang3/3.7/commons-lang3-3.7.jar:/home/user/.m2/repository/org/slf4j/slf4j-api/1.7.25/slf4j-api-1.7.25.jar:/home/user/.m2/repository/org/apache/hadoop/hadoop-hdds-server-scm/0.6.0-SNAPSHOT/hadoop-hdds-server-scm-0.6.0-SNAPSHOT.jar:/home/user/.m2/repository/org/apache/hadoop/hadoop-hdds-container-service/0.6.0-SNAPSHOT/hadoop-hdds-container-service-0.6.0-SNAPSHOT.jar:/home/user/.m2/repository/org/apache/hadoop/hadoop-hdds-hadoop-dependency-server/0.6.0-SNAPSHOT/hadoop-hdds-hadoop-dependency-server-0.6.0-SNAPSHOT.jar:/home/user/.m2/repository/org/apache/hadoop/hadoop-hdds-server-framework/0.6.0-SNAPSHOT/hadoop-hdds-server-framework-0.6.0-SNAPSHOT.jar:/home/user/.m2/repository/org/rocksdb/rocksdbjni/6.6.4/rocksdbjni-6.6.4.jar:/home/user/.m2/repository/io/prometheus/simpleclient_dropwizard/0.7.0/simpleclient_dropwizard-0.7.0.jar:/home/user/.m2/repository/io/prometheus/simpleclient/0.7.0/simpleclient-0.7.0.jar:/home/user/.m2/repository/io/prometheus/simpleclient_common/0.7.0/simpleclient_common-0.7.0.jar:/home/user/.m2/repository/com/fasterxml/jackson/datatype/jackson-datatype-jsr310/2.10.3/jackson-datatype-jsr310-2.10.3.jar:/home/user/.m2/repository/org/apache/hadoop/hadoop-hdds-docs/0.6.0-SNAPSHOT/hadoop-hdds-docs-0.6.0-SNAPSHOT.jar:/home/user/.m2/repository/io/dropwizard/metrics/metrics-core/3.2.4/metrics-core-3.2.4.jar:/home/user/.m2/repository/org/apache/hadoop/hadoop-hdfs-client/3.2.0/hadoop-hdfs-client-3.2.0.jar:/home/user/.m2/repository/org/bouncycastle/bcprov-jdk15on/1.60/bcprov-jdk15on-1.60.jar:/home/user/.m2/repository/org/apache/hadoop/hadoop-ozone-ozone-manager/0.6.0-SNAPSHOT/hadoop-ozone-ozone-manager-0.6.0-SNAPSHOT.jar:/home/user/.m2/repository/org/apache/hadoop/hadoop-minikdc/3.2.0/hadoop-minikdc-3.2.0.jar:/home/user/.m2/repository/org/apache/kerby/kerb-simplekdc/1.0.1/kerb-simplekdc-1.0.1.jar:/home/user/.m2/repository/org/apache/kerby/kerb-client/1.0.1/kerb-client-1.0.1.jar:/home/user/.m2/repository/org/apache/kerby/kerby-config/1.0.1/kerby-config-1.0.1.jar:/home/user/.m2/repository/org/apache/kerby/kerb-core/1.0.1/kerb-core-1.0.1.jar:/home/user/.m2/repository/org/apache/kerby/kerby-pkix/1.0.1/kerby-pkix-1.0.1.jar:/home/user/.m2/repository/org/apache/kerby/kerby-asn1/1.0.1/kerby-asn1-1.0.1.jar:/home/user/.m2/repository/org/apache/kerby/kerby-util/1.0.1/kerby-util-1.0.1.jar:/home/user/.m2/repository/org/apache/kerby/kerb-common/1.0.1/kerb-common-1.0.1.jar:/home/user/.m2/repository/org/apache/kerby/kerb-crypto/1.0.1/kerb-crypto-1.0.1.jar:/home/user/.m2/repository/org/apache/kerby/kerb-util/1.0.1/kerb-util-1.0.1.jar:/home/user/.m2/repository/org/apache/kerby/token-provider/1.0.1/token-provider-1.0.1.jar:/home/user/.m2/repository/org/apache/kerby/kerb-admin/1.0.1/kerb-admin-1.0.1.jar:/home/user/.m2/repository/org/apache/kerby/kerb-server/1.0.1/kerb-server-1.0.1.jar:/home/user/.m2/repository/org/apache/kerby/kerb-identity/1.0.1/kerb-identity-1.0.1.jar:/home/user/.m2/repository/org/apache/kerby/kerby-xdr/1.0.1/kerby-xdr-1.0.1.jar:/home/user/.m2/repository/org/slf4j/slf4j-log4j12/1.7.25/slf4j-log4j12-1.7.25.jar:/home/user/.m2/repository/org/apache/hadoop/hadoop-ozone-s3gateway/0.6.0-SNAPSHOT/hadoop-ozone-s3gateway-0.6.0-SNAPSHOT.jar:/home/user/.m2/repository/org/jboss/weld/servlet/weld-servlet/2.4.7.Final/weld-servlet-2.4.7.Final.jar:/home/user/.m2/repository/org/glassfish/jersey/containers/jersey-container-servlet-core/2.27/jersey-container-servlet-core-2.27.jar:/home/user/.m2/repository/org/glassfish/hk2/external/javax.inject/2.5.0-b42/javax.inject-2.5.0-b42.jar:/home/user/.m2/repository/org/glassfish/jersey/core/jersey-common/2.27/jersey-common-2.27.jar:/home/user/.m2/repository/org/glassfish/hk2/osgi-resource-locator/1.0.1/osgi-resource-locator-1.0.1.jar:/home/user/.m2/repository/javax/ws/rs/javax.ws.rs-api/2.1/javax.ws.rs-api-2.1.jar:/home/user/.m2/repository/org/glassfish/jersey/ext/cdi/jersey-cdi1x/2.27/jersey-cdi1x-2.27.jar:/home/user/.m2/repository/org/glassfish/jersey/inject/jersey-hk2/2.27/jersey-hk2-2.27.jar:/home/user/.m2/repository/org/glassfish/hk2/hk2-locator/2.5.0-b42/hk2-locator-2.5.0-b42.jar:/home/user/.m2/repository/org/javassist/javassist/3.22.0-CR2/javassist-3.22.0-CR2.jar:/home/user/.m2/repository/org/glassfish/hk2/hk2-api/2.5.0/hk2-api-2.5.0.jar:/home/user/.m2/repository/org/glassfish/hk2/external/jakarta.inject/2.5.0/jakarta.inject-2.5.0.jar:/home/user/.m2/repository/org/glassfish/hk2/hk2-utils/2.5.0/hk2-utils-2.5.0.jar:/home/user/.m2/repository/jakarta/annotation/jakarta.annotation-api/1.3.4/jakarta.annotation-api-1.3.4.jar:/home/user/.m2/repository/org/glassfish/hk2/external/aopalliance-repackaged/2.5.0/aopalliance-repackaged-2.5.0.jar:/home/user/.m2/repository/com/fasterxml/jackson/dataformat/jackson-dataformat-xml/2.9.0/jackson-dataformat-xml-2.9.0.jar:/home/user/.m2/repository/com/fasterxml/jackson/core/jackson-core/2.10.3/jackson-core-2.10.3.jar:/home/user/.m2/repository/com/fasterxml/jackson/module/jackson-module-jaxb-annotations/2.10.3/jackson-module-jaxb-annotations-2.10.3.jar:/home/user/.m2/repository/jakarta/xml/bind/jakarta.xml.bind-api/2.3.2/jakarta.xml.bind-api-2.3.2.jar:/home/user/.m2/repository/jakarta/activation/jakarta.activation-api/1.2.1/jakarta.activation-api-1.2.1.jar:/home/user/.m2/repository/org/codehaus/woodstox/stax2-api/3.1.4/stax2-api-3.1.4.jar:/home/user/.m2/repository/com/fasterxml/woodstox/woodstox-core/5.0.3/woodstox-core-5.0.3.jar:/home/user/.m2/repository/javax/enterprise/cdi-api/1.2/cdi-api-1.2.jar:/home/user/.m2/repository/javax/el/javax.el-api/3.0.0/javax.el-api-3.0.0.jar:/home/user/.m2/repository/javax/interceptor/javax.interceptor-api/1.2/javax.interceptor-api-1.2.jar:/home/user/.m2/repository/javax/inject/javax.inject/1/javax.inject-1.jar:/home/user/.m2/repository/com/sun/xml/bind/jaxb-impl/2.3.0.1/jaxb-impl-2.3.0.1.jar:/home/user/.m2/repository/com/sun/xml/bind/jaxb-core/2.3.0.1/jaxb-core-2.3.0.1.jar:/home/user/.m2/repository/javax/xml/bind/jaxb-api/2.3.0/jaxb-api-2.3.0.jar:/home/user/.m2/repository/javax/activation/activation/1.1.1/activation-1.1.1.jar:/home/user/.m2/repository/org/apache/hadoop/hadoop-ozone-csi/0.6.0-SNAPSHOT/hadoop-ozone-csi-0.6.0-SNAPSHOT.jar:/home/user/.m2/repository/com/google/protobuf/protobuf-java-util/3.5.1/protobuf-java-util-3.5.1.jar:/home/user/.m2/repository/com/google/code/gson/gson/2.2.4/gson-2.2.4.jar:/home/user/.m2/repository/org/apache/hadoop/hadoop-hdds-config/0.6.0-SNAPSHOT/hadoop-hdds-config-0.6.0-SNAPSHOT.jar:/home/user/.m2/repository/com/google/protobuf/protobuf-java/2.5.0/protobuf-java-2.5.0.jar:/home/user/.m2/repository/io/grpc/grpc-netty/1.17.1/grpc-netty-1.17.1.jar:/home/user/.m2/repository/io/grpc/grpc-core/1.17.1/grpc-core-1.17.1.jar:/home/user/.m2/repository/io/grpc/grpc-context/1.17.1/grpc-context-1.17.1.jar:/home/user/.m2/repository/org/codehaus/mojo/animal-sniffer-annotations/1.17/animal-sniffer-annotations-1.17.jar:/home/user/.m2/repository/io/opencensus/opencensus-api/0.17.0/opencensus-api-0.17.0.jar:/home/user/.m2/repository/io/opencensus/opencensus-contrib-grpc-metrics/0.17.0/opencensus-contrib-grpc-metrics-0.17.0.jar:/home/user/.m2/repository/io/netty/netty-codec-http2/4.1.30.Final/netty-codec-http2-4.1.30.Final.jar:/home/user/.m2/repository/io/netty/netty-codec-http/4.1.30.Final/netty-codec-http-4.1.30.Final.jar:/home/user/.m2/repository/io/netty/netty-codec/4.1.30.Final/netty-codec-4.1.30.Final.jar:/home/user/.m2/repository/io/netty/netty-handler/4.1.30.Final/netty-handler-4.1.30.Final.jar:/home/user/.m2/repository/io/netty/netty-handler-proxy/4.1.30.Final/netty-handler-proxy-4.1.30.Final.jar:/home/user/.m2/repository/io/netty/netty-codec-socks/4.1.30.Final/netty-codec-socks-4.1.30.Final.jar:/home/user/.m2/repository/io/netty/netty-transport-native-epoll/4.1.30.Final/netty-transport-native-epoll-4.1.30.Final.jar:/home/user/.m2/repository/io/netty/netty-common/4.1.30.Final/netty-common-4.1.30.Final.jar:/home/user/.m2/repository/io/netty/netty-buffer/4.1.30.Final/netty-buffer-4.1.30.Final.jar:/home/user/.m2/repository/io/netty/netty-transport/4.1.30.Final/netty-transport-4.1.30.Final.jar:/home/user/.m2/repository/io/netty/netty-resolver/4.1.30.Final/netty-resolver-4.1.30.Final.jar:/home/user/.m2/repository/io/netty/netty-transport-native-unix-common/4.1.30.Final/netty-transport-native-unix-common-4.1.30.Final.jar:/home/user/.m2/repository/io/grpc/grpc-protobuf/1.17.1/grpc-protobuf-1.17.1.jar:/home/user/.m2/repository/com/google/api/grpc/proto-google-common-protos/1.0.0/proto-google-common-protos-1.0.0.jar:/home/user/.m2/repository/io/grpc/grpc-protobuf-lite/1.17.1/grpc-protobuf-lite-1.17.1.jar:/home/user/.m2/repository/io/grpc/grpc-stub/1.17.1/grpc-stub-1.17.1.jar:/home/user/.m2/repository/org/apache/hadoop/hadoop-ozone-recon/0.6.0-SNAPSHOT/hadoop-ozone-recon-0.6.0-SNAPSHOT.jar:/home/user/.m2/repository/org/apache/hadoop/hadoop-ozone-reconcodegen/0.6.0-SNAPSHOT/hadoop-ozone-reconcodegen-0.6.0-SNAPSHOT.jar:/home/user/.m2/repository/com/google/inject/extensions/guice-multibindings/4.0/guice-multibindings-4.0.jar:/home/user/.m2/repository/com/google/inject/guice/4.0/guice-4.0.jar:/home/user/.m2/repository/aopalliance/aopalliance/1.0/aopalliance-1.0.jar:/home/user/.m2/repository/com/google/inject/extensions/guice-servlet/4.0/guice-servlet-4.0.jar:/home/user/.m2/repository/org/glassfish/jersey/containers/jersey-container-servlet/2.27/jersey-container-servlet-2.27.jar:/home/user/.m2/repository/org/glassfish/hk2/guice-bridge/2.5.0/guice-bridge-2.5.0.jar:/home/user/.m2/repository/org/glassfish/jersey/core/jersey-server/2.27/jersey-server-2.27.jar:/home/user/.m2/repository/org/glassfish/jersey/core/jersey-client/2.27/jersey-client-2.27.jar:/home/user/.m2/repository/org/glassfish/jersey/media/jersey-media-jaxb/2.27/jersey-media-jaxb-2.27.jar:/home/user/.m2/repository/javax/validation/validation-api/1.1.0.Final/validation-api-1.1.0.Final.jar:/home/user/.m2/repository/org/glassfish/jersey/media/jersey-media-json-jackson/2.27/jersey-media-json-jackson-2.27.jar:/home/user/.m2/repository/org/glassfish/jersey/ext/jersey-entity-filtering/2.27/jersey-entity-filtering-2.27.jar:/home/user/.m2/repository/com/google/inject/extensions/guice-assistedinject/4.0/guice-assistedinject-4.0.jar:/home/user/.m2/repository/org/jooq/jooq/3.11.10/jooq-3.11.10.jar:/home/user/.m2/repository/org/jooq/jooq-meta/3.11.10/jooq-meta-3.11.10.jar:/home/user/.m2/repository/org/jooq/jooq-codegen/3.11.10/jooq-codegen-3.11.10.jar:/home/user/.m2/repository/com/jolbox/bonecp/0.8.0.RELEASE/bonecp-0.8.0.RELEASE.jar:/home/user/.m2/repository/org/xerial/sqlite-jdbc/3.25.2/sqlite-jdbc-3.25.2.jar:/home/user/.m2/repository/org/springframework/spring-jdbc/5.2.5.RELEASE/spring-jdbc-5.2.5.RELEASE.jar:/home/user/.m2/repository/org/springframework/spring-beans/5.2.5.RELEASE/spring-beans-5.2.5.RELEASE.jar:/home/user/.m2/repository/org/springframework/spring-core/5.2.5.RELEASE/spring-core-5.2.5.RELEASE.jar:/home/user/.m2/repository/org/springframework/spring-jcl/5.2.5.RELEASE/spring-jcl-5.2.5.RELEASE.jar:/home/user/.m2/repository/org/springframework/spring-tx/5.2.5.RELEASE/spring-tx-5.2.5.RELEASE.jar:/home/user/.m2/repository/org/apache/hadoop/hadoop-ozone-client/0.6.0-SNAPSHOT/hadoop-ozone-client-0.6.0-SNAPSHOT.jar:/home/user/.m2/repository/org/apache/hadoop/hadoop-ozone-filesystem/0.6.0-SNAPSHOT/hadoop-ozone-filesystem-0.6.0-SNAPSHOT.jar:/home/user/.m2/repository/org/apache/hadoop/hadoop-hdds-hadoop-dependency-client/0.6.0-SNAPSHOT/hadoop-hdds-hadoop-dependency-client-0.6.0-SNAPSHOT.jar:/home/user/.m2/repository/org/apache/hadoop/hadoop-ozone-tools/0.6.0-SNAPSHOT/hadoop-ozone-tools-0.6.0-SNAPSHOT.jar:/home/user/.m2/repository/org/apache/hadoop/hadoop-hdfs/3.2.0/hadoop-hdfs-3.2.0.jar:/home/user/.m2/repository/org/apache/ratis/ratis-tools/0.6.0-490b689-SNAPSHOT/ratis-tools-0.6.0-490b689-SNAPSHOT.jar:/home/user/.m2/repository/org/apache/ratis/ratis-proto/0.6.0-490b689-SNAPSHOT/ratis-proto-0.6.0-490b689-SNAPSHOT.jar:/home/user/.m2/repository/org/apache/ratis/ratis-common/0.6.0-490b689-SNAPSHOT/ratis-common-0.6.0-490b689-SNAPSHOT.jar:/home/user/.m2/repository/com/amazonaws/aws-java-sdk-core/1.11.615/aws-java-sdk-core-1.11.615.jar:/home/user/.m2/repository/org/apache/httpcomponents/httpclient/4.5.2/httpclient-4.5.2.jar:/home/user/.m2/repository/org/apache/httpcomponents/httpcore/4.4.4/httpcore-4.4.4.jar:/home/user/.m2/repository/software/amazon/ion/ion-java/1.0.2/ion-java-1.0.2.jar:/home/user/.m2/repository/com/fasterxml/jackson/dataformat/jackson-dataformat-cbor/2.10.3/jackson-dataformat-cbor-2.10.3.jar:/home/user/.m2/repository/joda-time/joda-time/2.9.9/joda-time-2.9.9.jar:/home/user/.m2/repository/com/amazonaws/aws-java-sdk-s3/1.11.615/aws-java-sdk-s3-1.11.615.jar:/home/user/.m2/repository/com/amazonaws/aws-java-sdk-kms/1.11.615/aws-java-sdk-kms-1.11.615.jar:/home/user/.m2/repository/com/amazonaws/jmespath-java/1.11.615/jmespath-java-1.11.615.jar:/home/user/.m2/repository/org/apache/hadoop/hadoop-hdds-tools/0.6.0-SNAPSHOT/hadoop-hdds-tools-0.6.0-SNAPSHOT.jar:/home/user/.m2/repository/commons-cli/commons-cli/1.2/commons-cli-1.2.jar:/home/user/.m2/repository/commons-lang/commons-lang/2.6/commons-lang-2.6.jar:/home/user/.m2/repository/org/apache/hadoop/hadoop-ozone-ozone-manager/0.6.0-SNAPSHOT/hadoop-ozone-ozone-manager-0.6.0-SNAPSHOT-tests.jar:/home/user/.m2/repository/junit/junit/4.11/junit-4.11.jar:/home/user/.m2/repository/org/hamcrest/hamcrest-core/1.3/hamcrest-core-1.3.jar:/home/user/.m2/repository/org/openjdk/jmh/jmh-core/1.19/jmh-core-1.19.jar:/home/user/.m2/repository/net/sf/jopt-simple/jopt-simple/4.6/jopt-simple-4.6.jar:/home/user/.m2/repository/org/apache/commons/commons-math3/3.1.1/commons-math3-3.1.1.jar:/home/user/.m2/repository/org/openjdk/jmh/jmh-generator-annprocess/1.19/jmh-generator-annprocess-1.19.jar:/home/user/.m2/repository/org/mockito/mockito-all/1.8.5/mockito-all-1.8.5.jar:/home/user/.m2/repository/org/apache/hadoop/hadoop-kms/3.2.0/hadoop-kms-3.2.0.jar:/home/user/.m2/repository/org/apache/hadoop/hadoop-auth/3.2.0/hadoop-auth-3.2.0.jar:/home/user/.m2/repository/com/nimbusds/nimbus-jose-jwt/7.9/nimbus-jose-jwt-7.9.jar:/home/user/.m2/repository/com/github/stephenc/jcip/jcip-annotations/1.0-1/jcip-annotations-1.0-1.jar:/home/user/.m2/repository/net/minidev/json-smart/2.3/json-smart-2.3.jar:/home/user/.m2/repository/net/minidev/accessors-smart/1.2/accessors-smart-1.2.jar:/home/user/.m2/repository/org/ow2/asm/asm/5.0.4/asm-5.0.4.jar:/home/user/.m2/repository/org/apache/zookeeper/zookeeper/3.4.13/zookeeper-3.4.13.jar:/home/user/.m2/repository/org/apache/yetus/audience-annotations/0.5.0/audience-annotations-0.5.0.jar:/home/user/.m2/repository/org/apache/curator/curator-framework/2.12.0/curator-framework-2.12.0.jar:/home/user/.m2/repository/com/sun/jersey/jersey-core/1.19/jersey-core-1.19.jar:/home/user/.m2/repository/javax/ws/rs/jsr311-api/1.1.1/jsr311-api-1.1.1.jar:/home/user/.m2/repository/com/sun/jersey/jersey-server/1.19/jersey-server-1.19.jar:/home/user/.m2/repository/javax/servlet/javax.servlet-api/3.1.0/javax.servlet-api-3.1.0.jar:/home/user/.m2/repository/org/eclipse/jetty/jetty-server/9.4.26.v20200117/jetty-server-9.4.26.v20200117.jar:/home/user/.m2/repository/org/eclipse/jetty/jetty-http/9.4.26.v20200117/jetty-http-9.4.26.v20200117.jar:/home/user/.m2/repository/org/eclipse/jetty/jetty-io/9.4.26.v20200117/jetty-io-9.4.26.v20200117.jar:/home/user/.m2/repository/org/eclipse/jetty/jetty-webapp/9.4.26.v20200117/jetty-webapp-9.4.26.v20200117.jar:/home/user/.m2/repository/org/eclipse/jetty/jetty-xml/9.4.26.v20200117/jetty-xml-9.4.26.v20200117.jar:/home/user/.m2/repository/org/eclipse/jetty/jetty-servlet/9.4.26.v20200117/jetty-servlet-9.4.26.v20200117.jar:/home/user/.m2/repository/org/eclipse/jetty/jetty-security/9.4.26.v20200117/jetty-security-9.4.26.v20200117.jar:/home/user/.m2/repository/org/apache/hadoop/hadoop-common/3.2.0/hadoop-common-3.2.0.jar:/home/user/.m2/repository/commons-net/commons-net/3.6/commons-net-3.6.jar:/home/user/.m2/repository/commons-collections/commons-collections/3.2.2/commons-collections-3.2.2.jar:/home/user/.m2/repository/com/sun/jersey/jersey-servlet/1.19/jersey-servlet-1.19.jar:/home/user/.m2/repository/com/sun/jersey/jersey-json/1.19/jersey-json-1.19.jar:/home/user/.m2/repository/org/codehaus/jettison/jettison/1.1/jettison-1.1.jar:/home/user/.m2/repository/org/codehaus/jackson/jackson-jaxrs/1.9.13/jackson-jaxrs-1.9.13.jar:/home/user/.m2/repository/org/codehaus/jackson/jackson-xc/1.9.13/jackson-xc-1.9.13.jar:/home/user/.m2/repository/commons-beanutils/commons-beanutils/1.9.4/commons-beanutils-1.9.4.jar:/home/user/.m2/repository/org/apache/commons/commons-configuration2/2.1.1/commons-configuration2-2.1.1.jar:/home/user/.m2/repository/org/apache/commons/commons-text/1.4/commons-text-1.4.jar:/home/user/.m2/repository/com/google/re2j/re2j/1.1/re2j-1.1.jar:/home/user/.m2/repository/com/jcraft/jsch/0.1.54/jsch-0.1.54.jar:/home/user/.m2/repository/org/apache/curator/curator-client/2.12.0/curator-client-2.12.0.jar:/home/user/.m2/repository/org/apache/curator/curator-recipes/2.12.0/curator-recipes-2.12.0.jar:/home/user/.m2/repository/dnsjava/dnsjava/2.1.7/dnsjava-2.1.7.jar:/home/user/.m2/repository/org/slf4j/jul-to-slf4j/1.7.25/jul-to-slf4j-1.7.25.jar:/home/user/.m2/repository/org/eclipse/jetty/jetty-util/9.4.26.v20200117/jetty-util-9.4.26.v20200117.jar:/home/user/.m2/repository/com/fasterxml/jackson/core/jackson-databind/2.10.3/jackson-databind-2.10.3.jar:/home/user/.m2/repository/org/apache/hadoop/hadoop-kms/3.2.0/hadoop-kms-3.2.0-tests.jar:/home/user/.m2/repository/org/apache/hadoop/hadoop-hdds-server-scm/0.6.0-SNAPSHOT/hadoop-hdds-server-scm-0.6.0-SNAPSHOT-tests.jar:/home/user/.m2/repository/org/apache/hadoop/hadoop-hdds-container-service/0.6.0-SNAPSHOT/hadoop-hdds-container-service-0.6.0-SNAPSHOT-tests.jar:/home/user/.m2/repository/org/apache/hadoop/hadoop-hdds-common/0.6.0-SNAPSHOT/hadoop-hdds-common-0.6.0-SNAPSHOT-tests.jar:/home/user/.m2/repository/org/yaml/snakeyaml/1.16/snakeyaml-1.16.jar:/home/user/.m2/repository/org/apache/hadoop/hadoop-hdds-hadoop-dependency-test/0.6.0-SNAPSHOT/hadoop-hdds-hadoop-dependency-test-0.6.0-SNAPSHOT.jar:/home/user/.m2/repository/org/apache/hadoop/hadoop-common/3.2.0/hadoop-common-3.2.0-tests.jar:/home/user/.m2/repository/javax/servlet/jsp/jsp-api/2.1/jsp-api-2.1.jar:/home/user/.m2/repository/org/apache/hadoop/hadoop-hdfs/3.2.0/hadoop-hdfs-3.2.0-tests.jar:/home/user/.m2/repository/org/eclipse/jetty/jetty-util-ajax/9.4.26.v20200117/jetty-util-ajax-9.4.26.v20200117.jar:/home/user/.m2/repository/commons-codec/commons-codec/1.11/commons-codec-1.11.jar:/home/user/.m2/repository/commons-daemon/commons-daemon/1.0.13/commons-daemon-1.0.13.jar:/home/user/.m2/repository/io/netty/netty/3.10.5.Final/netty-3.10.5.Final.jar:/home/user/.m2/repository/io/netty/netty-all/4.1.47.Final/netty-all-4.1.47.Final.jar:/home/user/.m2/repository/org/apache/htrace/htrace-core4/4.1.0-incubating/htrace-core4-4.1.0-incubating.jar:/home/user/.m2/repository/org/fusesource/leveldbjni/leveldbjni-all/1.8/leveldbjni-all-1.8.jar:/home/user/.m2/repository/org/apache/hadoop/hadoop-distcp/3.2.0/hadoop-distcp-3.2.0.jar:/home/user/.m2/repository/org/apache/hadoop/hadoop-mapreduce-client-jobclient/3.2.0/hadoop-mapreduce-client-jobclient-3.2.0.jar:/home/user/.m2/repository/org/apache/hadoop/hadoop-mapreduce-client-common/3.2.0/hadoop-mapreduce-client-common-3.2.0.jar:/home/user/.m2/repository/org/apache/hadoop/hadoop-yarn-common/3.2.0/hadoop-yarn-common-3.2.0.jar:/home/user/.m2/repository/org/apache/hadoop/hadoop-yarn-api/3.2.0/hadoop-yarn-api-3.2.0.jar:/home/user/.m2/repository/com/sun/jersey/jersey-client/1.19/jersey-client-1.19.jar:/home/user/.m2/repository/com/sun/jersey/contribs/jersey-guice/1.19/jersey-guice-1.19.jar:/home/user/.m2/repository/com/fasterxml/jackson/jaxrs/jackson-jaxrs-json-provider/2.10.3/jackson-jaxrs-json-provider-2.10.3.jar:/home/user/.m2/repository/com/fasterxml/jackson/jaxrs/jackson-jaxrs-base/2.10.3/jackson-jaxrs-base-2.10.3.jar:/home/user/.m2/repository/org/apache/hadoop/hadoop-yarn-client/3.2.0/hadoop-yarn-client-3.2.0.jar:/home/user/.m2/repository/org/apache/hadoop/hadoop-mapreduce-client-core/3.2.0/hadoop-mapreduce-client-core-3.2.0.jar:/home/user/.m2/repository/org/apache/avro/avro/1.7.7/avro-1.7.7.jar:/home/user/.m2/repository/org/codehaus/jackson/jackson-core-asl/1.9.13/jackson-core-asl-1.9.13.jar:/home/user/.m2/repository/org/codehaus/jackson/jackson-mapper-asl/1.9.13/jackson-mapper-asl-1.9.13.jar:/home/user/.m2/repository/com/thoughtworks/paranamer/paranamer/2.3/paranamer-2.3.jar:/home/user/.m2/repository/org/xerial/snappy/snappy-java/1.0.5/snappy-java-1.0.5.jar:/home/user/.m2/repository/org/apache/hadoop/hadoop-annotations/3.2.0/hadoop-annotations-3.2.0.jar:/usr/lib/jvm/java-1.8.0-openjdk-1.8.0.232.b09-0.el7_7.x86_64/jre/../lib/tools.jar:/home/user/.m2/repository/org/apache/hadoop/hadoop-distcp/3.2.0/hadoop-distcp-3.2.0-tests.jar:"/>
    <property name="sun.cpu.endian" value="little"/>
    <property name="user.home" value="/home/user"/>
    <property name="user.language" value="en"/>
    <property name="java.specification.vendor" value="Oracle Corporation"/>
    <property name="java.home" value="/usr/lib/jvm/java-1.8.0-openjdk-1.8.0.232.b09-0.el7_7.x86_64/jre"/>
    <property name="java.security.krb5.conf" value="/github/workspace/mnt/ozone/hadoop-ozone/integration-test/target/test-classes/krb5.conf"/>
    <property name="basedir" value="/github/workspace/mnt/ozone/hadoop-ozone/integration-test"/>
    <property name="file.separator" value="/"/>
    <property name="line.separator" value="&#10;"/>
    <property name="java.vm.specification.vendor" value="Oracle Corporation"/>
    <property name="java.specification.name" value="Java Platform API Specification"/>
    <property name="java.awt.graphicsenv" value="sun.awt.X11GraphicsEnvironment"/>
    <property name="surefire.real.class.path" value="/github/workspace/mnt/ozone/hadoop-ozone/integration-test/target/surefire/surefirebooter1194919839019137155.jar:/home/user/.m2/repository/org/jacoco/org.jacoco.agent/0.8.3/org.jacoco.agent-0.8.3-runtime.jar"/>
    <property name="hadoop.log.dir" value="/github/workspace/mnt/ozone/hadoop-ozone/integration-test/target/log"/>
    <property name="sun.boot.class.path" value="/usr/lib/jvm/java-1.8.0-openjdk-1.8.0.232.b09-0.el7_7.x86_64/jre/lib/resources.jar:/usr/lib/jvm/java-1.8.0-openjdk-1.8.0.232.b09-0.el7_7.x86_64/jre/lib/rt.jar:/usr/lib/jvm/java-1.8.0-openjdk-1.8.0.232.b09-0.el7_7.x86_64/jre/lib/sunrsasign.jar:/usr/lib/jvm/java-1.8.0-openjdk-1.8.0.232.b09-0.el7_7.x86_64/jre/lib/jsse.jar:/usr/lib/jvm/java-1.8.0-openjdk-1.8.0.232.b09-0.el7_7.x86_64/jre/lib/jce.jar:/usr/lib/jvm/java-1.8.0-openjdk-1.8.0.232.b09-0.el7_7.x86_64/jre/lib/charsets.jar:/usr/lib/jvm/java-1.8.0-openjdk-1.8.0.232.b09-0.el7_7.x86_64/jre/lib/jfr.jar:/usr/lib/jvm/java-1.8.0-openjdk-1.8.0.232.b09-0.el7_7.x86_64/jre/classes"/>
    <property name="sun.management.compiler" value="HotSpot 64-Bit Tiered Compilers"/>
    <property name="java.runtime.version" value="1.8.0_232-b09"/>
    <property name="java.net.preferIPv4Stack" value="true"/>
    <property name="user.name" value="jenkins1001"/>
    <property name="path.separator" value=":"/>
    <property name="java.security.egd" value="file:///dev/urandom"/>
    <property name="os.version" value="5.0.0-1035-azure"/>
    <property name="java.endorsed.dirs" value="/usr/lib/jvm/java-1.8.0-openjdk-1.8.0.232.b09-0.el7_7.x86_64/jre/lib/endorsed"/>
    <property name="java.runtime.name" value="OpenJDK Runtime Environment"/>
    <property name="file.encoding" value="ANSI_X3.4-1968"/>
    <property name="java.vm.name" value="OpenJDK 64-Bit Server VM"/>
    <property name="test.build.webapps" value=""/>
    <property name="localRepository" value="/home/user/.m2/repository"/>
    <property name="java.vendor.url.bug" value="http://bugreport.sun.com/bugreport/"/>
    <property name="java.io.tmpdir" value="/tmp"/>
    <property name="require.test.libhadoop" value=""/>
    <property name="java.version" value="1.8.0_232"/>
    <property name="user.dir" value="/github/workspace/mnt/ozone/hadoop-ozone/integration-test"/>
    <property name="os.arch" value="amd64"/>
    <property name="java.vm.specification.name" value="Java Virtual Machine Specification"/>
    <property name="test.build.classes" value="/github/workspace/mnt/ozone/hadoop-ozone/integration-test/target/test-classes"/>
    <property name="java.awt.printerjob" value="sun.print.PSPrinterJob"/>
    <property name="sun.os.patch.level" value="unknown"/>
    <property name="hadoop.tmp.dir" value="/github/workspace/mnt/ozone/hadoop-ozone/integration-test/target/tmp"/>
    <property name="java.library.path" value="/usr/lib:/usr/java/packages/lib/amd64:/usr/lib64:/lib64:/lib:/usr/lib"/>
    <property name="java.vm.info" value="mixed mode"/>
    <property name="java.vendor" value="Oracle Corporation"/>
    <property name="java.vm.version" value="25.232-b09"/>
    <property name="java.ext.dirs" value="/usr/lib/jvm/java-1.8.0-openjdk-1.8.0.232.b09-0.el7_7.x86_64/jre/lib/ext:/usr/java/packages/lib/ext"/>
    <property name="sun.io.unicode.encoding" value="UnicodeLittle"/>
    <property name="java.class.version" value="52.0"/>
  </properties>
  <testcase name="test2DatanodesFailure" classname="org.apache.hadoop.ozone.client.rpc.TestBlockOutputStreamWithFailures" time="59.213"/>
  <testcase name="testDatanodeFailureWithPreAllocation" classname="org.apache.hadoop.ozone.client.rpc.TestBlockOutputStreamWithFailures" time="60.13"/>
  <testcase name="testDatanodeFailureWithSingleNodeRatis" classname="org.apache.hadoop.ozone.client.rpc.TestBlockOutputStreamWithFailures" time="60.051"/>
  <testcase name="testWatchForCommitWithSingleNodeRatis" classname="org.apache.hadoop.ozone.client.rpc.TestBlockOutputStreamWithFailures" time="35.833"/>
  <testcase name="testWatchForCommitDatanodeFailure" classname="org.apache.hadoop.ozone.client.rpc.TestBlockOutputStreamWithFailures" time="40.775"/>
  <testcase name="testFailureWithPrimeSizedData" classname="org.apache.hadoop.ozone.client.rpc.TestBlockOutputStreamWithFailures" time="38.286"/>
  <testcase name="testWatchForCommitWithCloseContainerException" classname="org.apache.hadoop.ozone.client.rpc.TestBlockOutputStreamWithFailures" time="35.311"/>
  <testcase name="testExceptionDuringClose" classname="org.apache.hadoop.ozone.client.rpc.TestBlockOutputStreamWithFailures" time="38.888">
    <failure type="java.lang.AssertionError">java.lang.AssertionError
	at org.junit.Assert.fail(Assert.java:86)
	at org.junit.Assert.assertTrue(Assert.java:41)
	at org.junit.Assert.assertFalse(Assert.java:64)
	at org.junit.Assert.assertFalse(Assert.java:74)
	at org.apache.hadoop.ozone.container.TestHelper.waitForContainerClose(TestHelper.java:256)
	at org.apache.hadoop.ozone.container.TestHelper.waitForContainerClose(TestHelper.java:151)
	at org.apache.hadoop.ozone.client.rpc.TestBlockOutputStreamWithFailures.testExceptionDuringClose(TestBlockOutputStreamWithFailures.java:538)
	at sun.reflect.NativeMethodAccessorImpl.invoke0(Native Method)
	at sun.reflect.NativeMethodAccessorImpl.invoke(NativeMethodAccessorImpl.java:62)
	at sun.reflect.DelegatingMethodAccessorImpl.invoke(DelegatingMethodAccessorImpl.java:43)
	at java.lang.reflect.Method.invoke(Method.java:498)
	at org.junit.runners.model.FrameworkMethod$1.runReflectiveCall(FrameworkMethod.java:47)
	at org.junit.internal.runners.model.ReflectiveCallable.run(ReflectiveCallable.java:12)
	at org.junit.runners.model.FrameworkMethod.invokeExplosively(FrameworkMethod.java:44)
	at org.junit.internal.runners.statements.InvokeMethod.evaluate(InvokeMethod.java:17)
	at org.junit.internal.runners.statements.RunBefores.evaluate(RunBefores.java:26)
	at org.junit.internal.runners.statements.RunAfters.evaluate(RunAfters.java:27)
	at org.junit.runners.ParentRunner.runLeaf(ParentRunner.java:271)
	at org.junit.runners.BlockJUnit4ClassRunner.runChild(BlockJUnit4ClassRunner.java:70)
	at org.junit.runners.BlockJUnit4ClassRunner.runChild(BlockJUnit4ClassRunner.java:50)
	at org.junit.runners.ParentRunner$3.run(ParentRunner.java:238)
	at org.junit.runners.ParentRunner$1.schedule(ParentRunner.java:63)
	at org.junit.runners.ParentRunner.runChildren(ParentRunner.java:236)
	at org.junit.runners.ParentRunner.access$000(ParentRunner.java:53)
	at org.junit.runners.ParentRunner$2.evaluate(ParentRunner.java:229)
	at org.junit.runners.ParentRunner.run(ParentRunner.java:309)
	at org.apache.maven.surefire.junit4.JUnit4Provider.execute(JUnit4Provider.java:365)
	at org.apache.maven.surefire.junit4.JUnit4Provider.executeWithRerun(JUnit4Provider.java:273)
	at org.apache.maven.surefire.junit4.JUnit4Provider.executeTestSet(JUnit4Provider.java:238)
	at org.apache.maven.surefire.junit4.JUnit4Provider.invoke(JUnit4Provider.java:159)
	at org.apache.maven.surefire.booter.ForkedBooter.invokeProviderInSameClassLoader(ForkedBooter.java:384)
	at org.apache.maven.surefire.booter.ForkedBooter.runSuitesInProcess(ForkedBooter.java:345)
	at org.apache.maven.surefire.booter.ForkedBooter.execute(ForkedBooter.java:126)
	at org.apache.maven.surefire.booter.ForkedBooter.main(ForkedBooter.java:418)
</failure>
    <system-out><![CDATA[2020-04-23 23:59:20,399 [main] WARN  server.ServerUtils (ServerUtils.java:getScmDbDir(148)) - ozone.scm.db.dirs is not configured. We recommend adding this setting. Falling back to ozone.metadata.dirs instead.
2020-04-23 23:59:20,401 [main] WARN  server.ServerUtils (ServerUtils.java:getScmDbDir(148)) - ozone.scm.db.dirs is not configured. We recommend adding this setting. Falling back to ozone.metadata.dirs instead.
2020-04-23 23:59:20,401 [main] WARN  db.DBStoreBuilder (DBStoreBuilder.java:createDBStoreBuilder(277)) - ozone.scm.db.dirs is not configured. We recommend adding this setting. Falling back to ozone.metadata.dirs instead.
2020-04-23 23:59:20,430 [main] INFO  net.NodeSchemaLoader (NodeSchemaLoader.java:loadSchemaFromFile(126)) - Loading file from sun.misc.CompoundEnumeration@15007a46
2020-04-23 23:59:20,430 [main] INFO  net.NodeSchemaLoader (NodeSchemaLoader.java:loadSchema(172)) - Loading network topology layer schema file
2020-04-23 23:59:20,432 [main] WARN  server.ServerUtils (ServerUtils.java:sanitizeUserArgs(67)) - ozone.scm.dead.node.interval value = 10000 is smaller than min = 20000 based on the key value of ozone.scm.stale.node.interval, reset to the min value 20000.
2020-04-23 23:59:20,434 [main] INFO  node.SCMNodeManager (SCMNodeManager.java:<init>(116)) - Entering startup safe mode.
2020-04-23 23:59:20,435 [main] INFO  algorithms.ContainerPlacementPolicyFactory (ContainerPlacementPolicyFactory.java:getPolicy(60)) - Create container placement policy of type org.apache.hadoop.hdds.scm.container.placement.algorithms.SCMContainerPlacementRandom
2020-04-23 23:59:20,435 [main] INFO  pipeline.SCMPipelineManager (SCMPipelineManager.java:initializePipelineState(158)) - No pipeline exists in current db
2020-04-23 23:59:20,436 [main] INFO  safemode.HealthyPipelineSafeModeRule (HealthyPipelineSafeModeRule.java:<init>(89)) - Total pipeline count is 0, healthy pipeline threshold count is 0
2020-04-23 23:59:20,437 [main] INFO  safemode.OneReplicaPipelineSafeModeRule (OneReplicaPipelineSafeModeRule.java:<init>(79)) - Total pipeline count is 0, pipeline's with at least one datanode reported threshold count is 0
2020-04-23 23:59:20,437 [main] INFO  ipc.CallQueueManager (CallQueueManager.java:<init>(84)) - Using callQueue: class java.util.concurrent.LinkedBlockingQueue, queueCapacity: 2000, scheduler: class org.apache.hadoop.ipc.DefaultRpcScheduler, ipcBackoff: false.
2020-04-23 23:59:20,440 [Socket Reader #1 for port 34557] INFO  ipc.Server (Server.java:run(1074)) - Starting Socket Reader #1 for port 34557
2020-04-23 23:59:20,440 [main] INFO  ipc.CallQueueManager (CallQueueManager.java:<init>(84)) - Using callQueue: class java.util.concurrent.LinkedBlockingQueue, queueCapacity: 2000, scheduler: class org.apache.hadoop.ipc.DefaultRpcScheduler, ipcBackoff: false.
2020-04-23 23:59:20,441 [Socket Reader #1 for port 42829] INFO  ipc.Server (Server.java:run(1074)) - Starting Socket Reader #1 for port 42829
2020-04-23 23:59:20,441 [main] INFO  ipc.CallQueueManager (CallQueueManager.java:<init>(84)) - Using callQueue: class java.util.concurrent.LinkedBlockingQueue, queueCapacity: 2000, scheduler: class org.apache.hadoop.ipc.DefaultRpcScheduler, ipcBackoff: false.
2020-04-23 23:59:20,442 [Socket Reader #1 for port 45475] INFO  ipc.Server (Server.java:run(1074)) - Starting Socket Reader #1 for port 45475
2020-04-23 23:59:20,445 [RatisPipelineUtilsThread] ERROR pipeline.SCMPipelineManager (SCMPipelineManager.java:createPipeline(222)) - Failed to create pipeline of type RATIS and factor ONE. Exception: Cannot create pipeline of factor 1 using 0 nodes. Used 0 nodes. Healthy nodes 0
2020-04-23 23:59:20,449 [main] INFO  http.BaseHttpServer (BaseHttpServer.java:newHttpServer2BuilderForOzone(174)) - Starting Web-server for scm at: http://0.0.0.0:0
2020-04-23 23:59:20,450 [main] INFO  server.AuthenticationFilter (AuthenticationFilter.java:constructSecretProvider(240)) - Unable to initialize FileSignerSecretProvider, falling back to use random secrets.
2020-04-23 23:59:20,451 [main] WARN  http.HttpRequestLog (HttpRequestLog.java:getRequestLog(103)) - Jetty request log can only be enabled using Log4j
2020-04-23 23:59:20,451 [main] INFO  http.HttpServer2 (HttpServer2.java:addGlobalFilter(979)) - Added global filter 'safety' (class=org.apache.hadoop.hdds.server.http.HttpServer2$QuotingInputFilter)
2020-04-23 23:59:20,451 [main] INFO  http.HttpServer2 (HttpServer2.java:addFilter(955)) - Added filter static_user_filter (class=org.apache.hadoop.hdds.server.http.StaticUserWebFilter$StaticUserFilter) to context scm
2020-04-23 23:59:20,451 [main] INFO  http.HttpServer2 (HttpServer2.java:addFilter(963)) - Added filter static_user_filter (class=org.apache.hadoop.hdds.server.http.StaticUserWebFilter$StaticUserFilter) to context logs
2020-04-23 23:59:20,452 [main] INFO  http.HttpServer2 (HttpServer2.java:addFilter(963)) - Added filter static_user_filter (class=org.apache.hadoop.hdds.server.http.StaticUserWebFilter$StaticUserFilter) to context static
2020-04-23 23:59:20,452 [main] INFO  server.StorageContainerManager (StorageContainerManager.java:start(781)) - StorageContainerLocationProtocol RPC server is listening at /0.0.0.0:45475
2020-04-23 23:59:20,454 [main] WARN  impl.MetricsConfig (MetricsConfig.java:loadFirst(134)) - Cannot locate configuration: tried hadoop-metrics2-storagecontainermanager.properties,hadoop-metrics2.properties
2020-04-23 23:59:20,454 [main] INFO  impl.MetricsSystemImpl (MetricsSystemImpl.java:startTimer(374)) - Scheduled Metric snapshot period at 10 second(s).
2020-04-23 23:59:20,454 [main] INFO  impl.MetricsSystemImpl (MetricsSystemImpl.java:start(191)) - StorageContainerManager metrics system started
2020-04-23 23:59:20,496 [main] WARN  impl.MetricsSystemImpl (MetricsSystemImpl.java:register(276)) - Sink prometheus already exists!
2020-04-23 23:59:20,513 [main] INFO  server.SCMClientProtocolServer (SCMClientProtocolServer.java:start(155)) - RPC server for Client  is listening at /0.0.0.0:45475
2020-04-23 23:59:20,514 [IPC Server Responder] INFO  ipc.Server (Server.java:run(1314)) - IPC Server Responder: starting
2020-04-23 23:59:20,516 [IPC Server listener on 45475] INFO  ipc.Server (Server.java:run(1153)) - IPC Server listener on 45475: starting
2020-04-23 23:59:20,532 [main] INFO  server.StorageContainerManager (StorageContainerManager.java:start(793)) - ScmBlockLocationProtocol RPC server is listening at /0.0.0.0:42829
2020-04-23 23:59:20,532 [main] INFO  server.SCMBlockProtocolServer (SCMBlockProtocolServer.java:start(149)) - RPC server for Block Protocol is listening at /0.0.0.0:42829
2020-04-23 23:59:20,532 [IPC Server Responder] INFO  ipc.Server (Server.java:run(1314)) - IPC Server Responder: starting
2020-04-23 23:59:20,532 [IPC Server listener on 42829] INFO  ipc.Server (Server.java:run(1153)) - IPC Server listener on 42829: starting
2020-04-23 23:59:20,536 [main] INFO  server.StorageContainerManager (StorageContainerManager.java:start(799)) - ScmDatanodeProtocl RPC server is listening at /0.0.0.0:34557
2020-04-23 23:59:20,536 [main] INFO  server.SCMDatanodeProtocolServer (SCMDatanodeProtocolServer.java:start(172)) - RPC server for DataNodes is listening at /0.0.0.0:34557
2020-04-23 23:59:20,536 [IPC Server Responder] INFO  ipc.Server (Server.java:run(1314)) - IPC Server Responder: starting
2020-04-23 23:59:20,537 [IPC Server listener on 34557] INFO  ipc.Server (Server.java:run(1153)) - IPC Server listener on 34557: starting
2020-04-23 23:59:20,540 [main] INFO  http.HttpServer2 (HttpServer2.java:bindListener(1197)) - Jetty bound to port 36161
2020-04-23 23:59:20,540 [main] INFO  server.Server (Server.java:doStart(359)) - jetty-9.4.26.v20200117; built: 2020-01-17T12:35:33.676Z; git: 7b38981d25d14afb4a12ff1f2596756144edf695; jvm 1.8.0_232-b09
2020-04-23 23:59:20,541 [main] INFO  server.session (DefaultSessionIdManager.java:doStart(333)) - DefaultSessionIdManager workerName=node0
2020-04-23 23:59:20,541 [main] INFO  server.session (DefaultSessionIdManager.java:doStart(338)) - No SessionScavenger set, using defaults
2020-04-23 23:59:20,541 [main] INFO  server.session (HouseKeeper.java:startScavenging(140)) - node0 Scavenging every 600000ms
2020-04-23 23:59:20,542 [main] INFO  handler.ContextHandler (ContextHandler.java:doStart(825)) - Started o.e.j.s.ServletContextHandler@6d3095f1{logs,/logs,file:///github/workspace/mnt/ozone/hadoop-ozone/integration-test/target/log,AVAILABLE}
2020-04-23 23:59:20,542 [main] INFO  handler.ContextHandler (ContextHandler.java:doStart(825)) - Started o.e.j.s.ServletContextHandler@93f8716{static,/static,file:///github/workspace/mnt/ozone/hadoop-ozone/integration-test/target/test-classes/webapps/static,AVAILABLE}
2020-04-23 23:59:20,550 [main] INFO  handler.ContextHandler (ContextHandler.java:doStart(825)) - Started o.e.j.w.WebAppContext@64a3e87b{scm,/,file:///github/workspace/mnt/ozone/hadoop-ozone/integration-test/target/test-classes/webapps/scm/,AVAILABLE}{file:/github/workspace/mnt/ozone/hadoop-ozone/integration-test/target/test-classes/webapps/scm}
2020-04-23 23:59:20,551 [main] INFO  server.AbstractConnector (AbstractConnector.java:doStart(330)) - Started ServerConnector@566e5c99{HTTP/1.1,[http/1.1]}{0.0.0.0:36161}
2020-04-23 23:59:20,552 [main] INFO  server.Server (Server.java:doStart(399)) - Started @331044ms
2020-04-23 23:59:20,552 [main] WARN  impl.MetricsSystemImpl (MetricsSystemImpl.java:register(276)) - Sink prometheus already exists!
2020-04-23 23:59:20,555 [main] INFO  http.BaseHttpServer (BaseHttpServer.java:updateConnectorAddress(288)) - HTTP server of scm listening at http://0.0.0.0:36161
2020-04-23 23:59:20,555 [main] WARN  server.ServerUtils (ServerUtils.java:getDBPath(225)) - ozone.om.db.dirs is not configured. We recommend adding this setting. Falling back to ozone.metadata.dirs instead.
2020-04-23 23:59:20,562 [main] INFO  ha.OMHANodeDetails (OMHANodeDetails.java:loadOMHAConfig(104)) - ozone.om.internal.service.id is not defined, falling back to ozone.om.service.ids to find serviceID for OzoneManager if it is HA enabled cluster
2020-04-23 23:59:20,562 [main] INFO  ha.OMHANodeDetails (OMHANodeDetails.java:loadOMHAConfig(207)) - Configuration either no ozone.om.address set. Falling back to the default OM address /127.0.0.1:0
2020-04-23 23:59:20,562 [main] INFO  ha.OMHANodeDetails (OMHANodeDetails.java:getOMNodeDetails(237)) - OM Service ID is not set. Setting it to the default ID: omServiceIdDefault
2020-04-23 23:59:20,562 [main] WARN  server.ServerUtils (ServerUtils.java:getDBPath(225)) - ozone.om.db.dirs is not configured. We recommend adding this setting. Falling back to ozone.metadata.dirs instead.
2020-04-23 23:59:20,563 [main] WARN  server.ServerUtils (ServerUtils.java:getDBPath(225)) - ozone.om.db.dirs is not configured. We recommend adding this setting. Falling back to ozone.metadata.dirs instead.
2020-04-23 23:59:20,567 [org.apache.hadoop.util.JvmPauseMonitor$Monitor@2deae5fe] INFO  util.JvmPauseMonitor (JvmPauseMonitor.java:run(188)) - Starting JVM pause monitor
2020-04-23 23:59:20,576 [main] WARN  server.ServerUtils (ServerUtils.java:getDBPath(225)) - ozone.om.db.dirs is not configured. We recommend adding this setting. Falling back to ozone.metadata.dirs instead.
2020-04-23 23:59:20,632 [main] INFO  ipc.CallQueueManager (CallQueueManager.java:<init>(84)) - Using callQueue: class java.util.concurrent.LinkedBlockingQueue, queueCapacity: 2000, scheduler: class org.apache.hadoop.ipc.DefaultRpcScheduler, ipcBackoff: false.
2020-04-23 23:59:20,632 [Socket Reader #1 for port 38061] INFO  ipc.Server (Server.java:run(1074)) - Starting Socket Reader #1 for port 38061
2020-04-23 23:59:20,649 [main] INFO  impl.MetricsSystemImpl (MetricsSystemImpl.java:init(158)) - OzoneManager metrics system started (again)
2020-04-23 23:59:20,650 [main] INFO  om.OzoneManager (OzoneManager.java:start(1113)) - OzoneManager RPC server is listening at localhost/127.0.0.1:38061
2020-04-23 23:59:20,651 [IPC Server Responder] INFO  ipc.Server (Server.java:run(1314)) - IPC Server Responder: starting
2020-04-23 23:59:20,652 [IPC Server listener on 38061] INFO  ipc.Server (Server.java:run(1153)) - IPC Server listener on 38061: starting
2020-04-23 23:59:20,667 [main] INFO  http.BaseHttpServer (BaseHttpServer.java:newHttpServer2BuilderForOzone(174)) - Starting Web-server for ozoneManager at: http://0.0.0.0:0
2020-04-23 23:59:20,668 [main] INFO  server.AuthenticationFilter (AuthenticationFilter.java:constructSecretProvider(240)) - Unable to initialize FileSignerSecretProvider, falling back to use random secrets.
2020-04-23 23:59:20,668 [main] WARN  http.HttpRequestLog (HttpRequestLog.java:getRequestLog(103)) - Jetty request log can only be enabled using Log4j
2020-04-23 23:59:20,669 [main] INFO  http.HttpServer2 (HttpServer2.java:addGlobalFilter(979)) - Added global filter 'safety' (class=org.apache.hadoop.hdds.server.http.HttpServer2$QuotingInputFilter)
2020-04-23 23:59:20,669 [main] INFO  http.HttpServer2 (HttpServer2.java:addFilter(955)) - Added filter static_user_filter (class=org.apache.hadoop.hdds.server.http.StaticUserWebFilter$StaticUserFilter) to context ozoneManager
2020-04-23 23:59:20,669 [main] INFO  http.HttpServer2 (HttpServer2.java:addFilter(963)) - Added filter static_user_filter (class=org.apache.hadoop.hdds.server.http.StaticUserWebFilter$StaticUserFilter) to context static
2020-04-23 23:59:20,669 [main] INFO  http.HttpServer2 (HttpServer2.java:addFilter(963)) - Added filter static_user_filter (class=org.apache.hadoop.hdds.server.http.StaticUserWebFilter$StaticUserFilter) to context logs
2020-04-23 23:59:20,669 [main] INFO  http.HttpServer2 (HttpServer2.java:bindListener(1197)) - Jetty bound to port 34743
2020-04-23 23:59:20,670 [main] INFO  server.Server (Server.java:doStart(359)) - jetty-9.4.26.v20200117; built: 2020-01-17T12:35:33.676Z; git: 7b38981d25d14afb4a12ff1f2596756144edf695; jvm 1.8.0_232-b09
2020-04-23 23:59:20,671 [main] INFO  server.session (DefaultSessionIdManager.java:doStart(333)) - DefaultSessionIdManager workerName=node0
2020-04-23 23:59:20,671 [main] INFO  server.session (DefaultSessionIdManager.java:doStart(338)) - No SessionScavenger set, using defaults
2020-04-23 23:59:20,671 [main] INFO  server.session (HouseKeeper.java:startScavenging(140)) - node0 Scavenging every 600000ms
2020-04-23 23:59:20,672 [main] INFO  handler.ContextHandler (ContextHandler.java:doStart(825)) - Started o.e.j.s.ServletContextHandler@48ac2530{logs,/logs,file:///github/workspace/mnt/ozone/hadoop-ozone/integration-test/target/log,AVAILABLE}
2020-04-23 23:59:20,672 [main] INFO  handler.ContextHandler (ContextHandler.java:doStart(825)) - Started o.e.j.s.ServletContextHandler@3b3ecbca{static,/static,file:///github/workspace/mnt/ozone/hadoop-ozone/integration-test/target/test-classes/webapps/static,AVAILABLE}
2020-04-23 23:59:20,675 [main] INFO  handler.ContextHandler (ContextHandler.java:doStart(825)) - Started o.e.j.w.WebAppContext@5e53daf6{ozoneManager,/,file:///github/workspace/mnt/ozone/hadoop-ozone/integration-test/target/test-classes/webapps/ozoneManager/,AVAILABLE}{file:/github/workspace/mnt/ozone/hadoop-ozone/integration-test/target/test-classes/webapps/ozoneManager}
2020-04-23 23:59:20,675 [main] INFO  server.AbstractConnector (AbstractConnector.java:doStart(330)) - Started ServerConnector@29b8462b{HTTP/1.1,[http/1.1]}{0.0.0.0:34743}
2020-04-23 23:59:20,676 [main] INFO  server.Server (Server.java:doStart(399)) - Started @331168ms
2020-04-23 23:59:20,676 [main] WARN  impl.MetricsSystemImpl (MetricsSystemImpl.java:register(276)) - Sink prometheus already exists!
2020-04-23 23:59:20,682 [main] INFO  http.BaseHttpServer (BaseHttpServer.java:updateConnectorAddress(288)) - HTTP server of ozoneManager listening at http://0.0.0.0:34743
2020-04-23 23:59:20,692 [main] INFO  impl.MetricsSystemImpl (MetricsSystemImpl.java:init(158)) - HddsDatanode metrics system started (again)
2020-04-23 23:59:20,693 [main] INFO  ozone.HddsDatanodeService (HddsDatanodeService.java:start(204)) - HddsDatanodeService host:9acf12ef3076 ip:172.17.0.2
2020-04-23 23:59:20,694 [main] INFO  volume.HddsVolume (HddsVolume.java:<init>(176)) - Creating Volume: /github/workspace/mnt/ozone/hadoop-ozone/integration-test/target/test-dir/MiniOzoneClusterImpl-5529f01a-5ac3-4bff-808e-3a81da285252/datanode-0/data-0/containers/hdds of storage type : DISK and capacity : 9223372036854775807
2020-04-23 23:59:20,694 [main] INFO  volume.MutableVolumeSet (MutableVolumeSet.java:initializeVolumeSet(189)) - Added Volume : /github/workspace/mnt/ozone/hadoop-ozone/integration-test/target/test-dir/MiniOzoneClusterImpl-5529f01a-5ac3-4bff-808e-3a81da285252/datanode-0/data-0/containers/hdds to VolumeSet
2020-04-23 23:59:20,694 [main] INFO  volume.ThrottledAsyncChecker (ThrottledAsyncChecker.java:schedule(141)) - Scheduling a check for /github/workspace/mnt/ozone/hadoop-ozone/integration-test/target/test-dir/MiniOzoneClusterImpl-5529f01a-5ac3-4bff-808e-3a81da285252/datanode-0/data-0/containers/hdds
2020-04-23 23:59:20,695 [main] INFO  volume.HddsVolumeChecker (HddsVolumeChecker.java:checkAllVolumes(200)) - Scheduled health check for volume /github/workspace/mnt/ozone/hadoop-ozone/integration-test/target/test-dir/MiniOzoneClusterImpl-5529f01a-5ac3-4bff-808e-3a81da285252/datanode-0/data-0/containers/hdds
2020-04-23 23:59:20,712 [main] INFO  impl.RaftServerProxy (ConfUtils.java:logGet(44)) - raft.rpc.type = GRPC (default)
2020-04-23 23:59:20,713 [main] INFO  grpc.GrpcFactory (GrpcFactory.java:checkPooledByteBufAllocatorUseCacheForAllThreads(45)) - PERFORMANCE WARNING: useCacheForAllThreads is true that may cause Netty to create a lot garbage objects and, as a result, trigger GC.
	It is recommended to disable useCacheForAllThreads by setting -Dorg.apache.ratis.thirdparty.io.netty.allocator.useCacheForAllThreads=false in command line.
2020-04-23 23:59:20,713 [main] INFO  grpc.GrpcConfigKeys (ConfUtils.java:logGet(44)) - raft.grpc.server.port = 0 (default)
2020-04-23 23:59:20,713 [main] INFO  server.GrpcService (ConfUtils.java:logGet(44)) - raft.grpc.message.size.max = 32MB (=33554432) (custom)
2020-04-23 23:59:20,713 [main] INFO  server.RaftServerConfigKeys (ConfUtils.java:logGet(44)) - raft.server.log.appender.buffer.byte-limit = 33554432 (custom)
2020-04-23 23:59:20,713 [main] INFO  server.GrpcService (ConfUtils.java:logGet(44)) - raft.grpc.flow.control.window = 5MB (=5242880) (custom)
2020-04-23 23:59:20,713 [main] INFO  server.RaftServerConfigKeys (ConfUtils.java:logGet(44)) - raft.server.rpc.request.timeout = 3s (default)
2020-04-23 23:59:20,713 [main] INFO  server.RaftServerConfigKeys (ConfUtils.java:logGet(44)) - raft.server.storage.dir = [/github/workspace/mnt/ozone/hadoop-ozone/integration-test/target/test-dir/MiniOzoneClusterImpl-5529f01a-5ac3-4bff-808e-3a81da285252/datanode-0/data/ratis] (custom)
2020-04-23 23:59:20,716 [main] INFO  http.BaseHttpServer (BaseHttpServer.java:newHttpServer2BuilderForOzone(174)) - Starting Web-server for hddsDatanode at: http://0.0.0.0:0
2020-04-23 23:59:20,717 [main] INFO  server.AuthenticationFilter (AuthenticationFilter.java:constructSecretProvider(240)) - Unable to initialize FileSignerSecretProvider, falling back to use random secrets.
2020-04-23 23:59:20,718 [main] WARN  http.HttpRequestLog (HttpRequestLog.java:getRequestLog(103)) - Jetty request log can only be enabled using Log4j
2020-04-23 23:59:20,718 [main] INFO  http.HttpServer2 (HttpServer2.java:addGlobalFilter(979)) - Added global filter 'safety' (class=org.apache.hadoop.hdds.server.http.HttpServer2$QuotingInputFilter)
2020-04-23 23:59:20,718 [main] INFO  http.HttpServer2 (HttpServer2.java:addFilter(955)) - Added filter static_user_filter (class=org.apache.hadoop.hdds.server.http.StaticUserWebFilter$StaticUserFilter) to context hddsDatanode
2020-04-23 23:59:20,718 [main] INFO  http.HttpServer2 (HttpServer2.java:addFilter(963)) - Added filter static_user_filter (class=org.apache.hadoop.hdds.server.http.StaticUserWebFilter$StaticUserFilter) to context logs
2020-04-23 23:59:20,719 [main] INFO  http.HttpServer2 (HttpServer2.java:addFilter(963)) - Added filter static_user_filter (class=org.apache.hadoop.hdds.server.http.StaticUserWebFilter$StaticUserFilter) to context static
2020-04-23 23:59:20,719 [main] INFO  http.HttpServer2 (HttpServer2.java:bindListener(1197)) - Jetty bound to port 36139
2020-04-23 23:59:20,719 [main] INFO  server.Server (Server.java:doStart(359)) - jetty-9.4.26.v20200117; built: 2020-01-17T12:35:33.676Z; git: 7b38981d25d14afb4a12ff1f2596756144edf695; jvm 1.8.0_232-b09
2020-04-23 23:59:20,720 [main] INFO  server.session (DefaultSessionIdManager.java:doStart(333)) - DefaultSessionIdManager workerName=node0
2020-04-23 23:59:20,720 [main] INFO  server.session (DefaultSessionIdManager.java:doStart(338)) - No SessionScavenger set, using defaults
2020-04-23 23:59:20,721 [main] INFO  server.session (HouseKeeper.java:startScavenging(140)) - node0 Scavenging every 600000ms
2020-04-23 23:59:20,721 [main] INFO  handler.ContextHandler (ContextHandler.java:doStart(825)) - Started o.e.j.s.ServletContextHandler@32672cd6{logs,/logs,file:///github/workspace/mnt/ozone/hadoop-ozone/integration-test/target/log,AVAILABLE}
2020-04-23 23:59:20,721 [main] INFO  handler.ContextHandler (ContextHandler.java:doStart(825)) - Started o.e.j.s.ServletContextHandler@6fc6c401{static,/static,jar:file:/home/user/.m2/repository/org/apache/hadoop/hadoop-hdds-container-service/0.6.0-SNAPSHOT/hadoop-hdds-container-service-0.6.0-SNAPSHOT.jar!/webapps/static,AVAILABLE}
2020-04-23 23:59:20,749 [main] INFO  handler.ContextHandler (ContextHandler.java:doStart(825)) - Started o.e.j.w.WebAppContext@1e21d4b7{hddsDatanode,/,file:///tmp/jetty-0_0_0_0-36139-hadoop-hdds-container-service-0_6_0-SNAPSHOT_jar-_-any-6446279170388896498.dir/webapp/,AVAILABLE}{jar:file:/home/user/.m2/repository/org/apache/hadoop/hadoop-hdds-container-service/0.6.0-SNAPSHOT/hadoop-hdds-container-service-0.6.0-SNAPSHOT.jar!/webapps/hddsDatanode}
2020-04-23 23:59:20,750 [main] INFO  server.AbstractConnector (AbstractConnector.java:doStart(330)) - Started ServerConnector@3a18f427{HTTP/1.1,[http/1.1]}{0.0.0.0:36139}
2020-04-23 23:59:20,750 [main] INFO  server.Server (Server.java:doStart(399)) - Started @331243ms
2020-04-23 23:59:20,750 [main] WARN  impl.MetricsSystemImpl (MetricsSystemImpl.java:register(276)) - Sink prometheus already exists!
2020-04-23 23:59:20,753 [main] INFO  http.BaseHttpServer (BaseHttpServer.java:updateConnectorAddress(288)) - HTTP server of hddsDatanode listening at http://0.0.0.0:36139
2020-04-23 23:59:20,754 [main] INFO  impl.MetricsSystemImpl (MetricsSystemImpl.java:init(158)) - HddsDatanode metrics system started (again)
2020-04-23 23:59:20,756 [main] INFO  ozone.HddsDatanodeService (HddsDatanodeService.java:start(204)) - HddsDatanodeService host:9acf12ef3076 ip:172.17.0.2
2020-04-23 23:59:20,757 [main] INFO  volume.HddsVolume (HddsVolume.java:<init>(176)) - Creating Volume: /github/workspace/mnt/ozone/hadoop-ozone/integration-test/target/test-dir/MiniOzoneClusterImpl-5529f01a-5ac3-4bff-808e-3a81da285252/datanode-1/data-0/containers/hdds of storage type : DISK and capacity : 9223372036854775807
2020-04-23 23:59:20,757 [main] INFO  volume.MutableVolumeSet (MutableVolumeSet.java:initializeVolumeSet(189)) - Added Volume : /github/workspace/mnt/ozone/hadoop-ozone/integration-test/target/test-dir/MiniOzoneClusterImpl-5529f01a-5ac3-4bff-808e-3a81da285252/datanode-1/data-0/containers/hdds to VolumeSet
2020-04-23 23:59:20,757 [main] INFO  volume.ThrottledAsyncChecker (ThrottledAsyncChecker.java:schedule(141)) - Scheduling a check for /github/workspace/mnt/ozone/hadoop-ozone/integration-test/target/test-dir/MiniOzoneClusterImpl-5529f01a-5ac3-4bff-808e-3a81da285252/datanode-1/data-0/containers/hdds
2020-04-23 23:59:20,764 [org.apache.hadoop.util.JvmPauseMonitor$Monitor@1a352897] INFO  util.JvmPauseMonitor (JvmPauseMonitor.java:run(188)) - Starting JVM pause monitor
2020-04-23 23:59:20,764 [Datanode State Machine Thread - 0] INFO  datanode.InitDatanodeState (InitDatanodeState.java:persistContainerDatanodeDetails(145)) - DatanodeDetails is persisted to /github/workspace/mnt/ozone/hadoop-ozone/integration-test/target/test-dir/MiniOzoneClusterImpl-5529f01a-5ac3-4bff-808e-3a81da285252/datanode-0/meta/datanode.id
2020-04-23 23:59:20,770 [main] INFO  volume.HddsVolumeChecker (HddsVolumeChecker.java:checkAllVolumes(200)) - Scheduled health check for volume /github/workspace/mnt/ozone/hadoop-ozone/integration-test/target/test-dir/MiniOzoneClusterImpl-5529f01a-5ac3-4bff-808e-3a81da285252/datanode-1/data-0/containers/hdds
2020-04-23 23:59:20,787 [main] INFO  impl.RaftServerProxy (ConfUtils.java:logGet(44)) - raft.rpc.type = GRPC (default)
2020-04-23 23:59:20,787 [main] INFO  grpc.GrpcFactory (GrpcFactory.java:checkPooledByteBufAllocatorUseCacheForAllThreads(45)) - PERFORMANCE WARNING: useCacheForAllThreads is true that may cause Netty to create a lot garbage objects and, as a result, trigger GC.
	It is recommended to disable useCacheForAllThreads by setting -Dorg.apache.ratis.thirdparty.io.netty.allocator.useCacheForAllThreads=false in command line.
2020-04-23 23:59:20,787 [main] INFO  grpc.GrpcConfigKeys (ConfUtils.java:logGet(44)) - raft.grpc.server.port = 0 (default)
2020-04-23 23:59:20,787 [main] INFO  server.GrpcService (ConfUtils.java:logGet(44)) - raft.grpc.message.size.max = 32MB (=33554432) (custom)
2020-04-23 23:59:20,787 [main] INFO  server.RaftServerConfigKeys (ConfUtils.java:logGet(44)) - raft.server.log.appender.buffer.byte-limit = 33554432 (custom)
2020-04-23 23:59:20,788 [main] INFO  server.GrpcService (ConfUtils.java:logGet(44)) - raft.grpc.flow.control.window = 5MB (=5242880) (custom)
2020-04-23 23:59:20,788 [main] INFO  server.RaftServerConfigKeys (ConfUtils.java:logGet(44)) - raft.server.rpc.request.timeout = 3s (default)
2020-04-23 23:59:20,788 [main] INFO  server.RaftServerConfigKeys (ConfUtils.java:logGet(44)) - raft.server.storage.dir = [/github/workspace/mnt/ozone/hadoop-ozone/integration-test/target/test-dir/MiniOzoneClusterImpl-5529f01a-5ac3-4bff-808e-3a81da285252/datanode-1/data/ratis] (custom)
2020-04-23 23:59:20,791 [main] INFO  http.BaseHttpServer (BaseHttpServer.java:newHttpServer2BuilderForOzone(174)) - Starting Web-server for hddsDatanode at: http://0.0.0.0:0
2020-04-23 23:59:20,792 [main] INFO  server.AuthenticationFilter (AuthenticationFilter.java:constructSecretProvider(240)) - Unable to initialize FileSignerSecretProvider, falling back to use random secrets.
2020-04-23 23:59:20,792 [main] WARN  http.HttpRequestLog (HttpRequestLog.java:getRequestLog(103)) - Jetty request log can only be enabled using Log4j
2020-04-23 23:59:20,793 [main] INFO  http.HttpServer2 (HttpServer2.java:addGlobalFilter(979)) - Added global filter 'safety' (class=org.apache.hadoop.hdds.server.http.HttpServer2$QuotingInputFilter)
2020-04-23 23:59:20,793 [main] INFO  http.HttpServer2 (HttpServer2.java:addFilter(955)) - Added filter static_user_filter (class=org.apache.hadoop.hdds.server.http.StaticUserWebFilter$StaticUserFilter) to context hddsDatanode
2020-04-23 23:59:20,793 [main] INFO  http.HttpServer2 (HttpServer2.java:addFilter(963)) - Added filter static_user_filter (class=org.apache.hadoop.hdds.server.http.StaticUserWebFilter$StaticUserFilter) to context logs
2020-04-23 23:59:20,793 [main] INFO  http.HttpServer2 (HttpServer2.java:addFilter(963)) - Added filter static_user_filter (class=org.apache.hadoop.hdds.server.http.StaticUserWebFilter$StaticUserFilter) to context static
2020-04-23 23:59:20,794 [main] INFO  http.HttpServer2 (HttpServer2.java:bindListener(1197)) - Jetty bound to port 44349
2020-04-23 23:59:20,794 [main] INFO  server.Server (Server.java:doStart(359)) - jetty-9.4.26.v20200117; built: 2020-01-17T12:35:33.676Z; git: 7b38981d25d14afb4a12ff1f2596756144edf695; jvm 1.8.0_232-b09
2020-04-23 23:59:20,796 [main] INFO  server.session (DefaultSessionIdManager.java:doStart(333)) - DefaultSessionIdManager workerName=node0
2020-04-23 23:59:20,796 [main] INFO  server.session (DefaultSessionIdManager.java:doStart(338)) - No SessionScavenger set, using defaults
2020-04-23 23:59:20,796 [main] INFO  server.session (HouseKeeper.java:startScavenging(140)) - node0 Scavenging every 660000ms
2020-04-23 23:59:20,796 [main] INFO  handler.ContextHandler (ContextHandler.java:doStart(825)) - Started o.e.j.s.ServletContextHandler@41078c16{logs,/logs,file:///github/workspace/mnt/ozone/hadoop-ozone/integration-test/target/log,AVAILABLE}
2020-04-23 23:59:20,797 [main] INFO  handler.ContextHandler (ContextHandler.java:doStart(825)) - Started o.e.j.s.ServletContextHandler@77ce0010{static,/static,jar:file:/home/user/.m2/repository/org/apache/hadoop/hadoop-hdds-container-service/0.6.0-SNAPSHOT/hadoop-hdds-container-service-0.6.0-SNAPSHOT.jar!/webapps/static,AVAILABLE}
2020-04-23 23:59:20,823 [main] INFO  handler.ContextHandler (ContextHandler.java:doStart(825)) - Started o.e.j.w.WebAppContext@344431b2{hddsDatanode,/,file:///tmp/jetty-0_0_0_0-44349-hadoop-hdds-container-service-0_6_0-SNAPSHOT_jar-_-any-8471895919410077646.dir/webapp/,AVAILABLE}{jar:file:/home/user/.m2/repository/org/apache/hadoop/hadoop-hdds-container-service/0.6.0-SNAPSHOT/hadoop-hdds-container-service-0.6.0-SNAPSHOT.jar!/webapps/hddsDatanode}
2020-04-23 23:59:20,825 [main] INFO  server.AbstractConnector (AbstractConnector.java:doStart(330)) - Started ServerConnector@57625fe5{HTTP/1.1,[http/1.1]}{0.0.0.0:44349}
2020-04-23 23:59:20,825 [main] INFO  server.Server (Server.java:doStart(399)) - Started @331317ms
2020-04-23 23:59:20,825 [main] WARN  impl.MetricsSystemImpl (MetricsSystemImpl.java:register(276)) - Sink prometheus already exists!
2020-04-23 23:59:20,828 [main] INFO  http.BaseHttpServer (BaseHttpServer.java:updateConnectorAddress(288)) - HTTP server of hddsDatanode listening at http://0.0.0.0:44349
2020-04-23 23:59:20,828 [main] INFO  impl.MetricsSystemImpl (MetricsSystemImpl.java:init(158)) - HddsDatanode metrics system started (again)
2020-04-23 23:59:20,831 [main] INFO  ozone.HddsDatanodeService (HddsDatanodeService.java:start(204)) - HddsDatanodeService host:9acf12ef3076 ip:172.17.0.2
2020-04-23 23:59:20,836 [org.apache.hadoop.util.JvmPauseMonitor$Monitor@75964e40] INFO  util.JvmPauseMonitor (JvmPauseMonitor.java:run(188)) - Starting JVM pause monitor
2020-04-23 23:59:20,836 [main] INFO  volume.HddsVolume (HddsVolume.java:<init>(176)) - Creating Volume: /github/workspace/mnt/ozone/hadoop-ozone/integration-test/target/test-dir/MiniOzoneClusterImpl-5529f01a-5ac3-4bff-808e-3a81da285252/datanode-2/data-0/containers/hdds of storage type : DISK and capacity : 9223372036854775807
2020-04-23 23:59:20,836 [main] INFO  volume.MutableVolumeSet (MutableVolumeSet.java:initializeVolumeSet(189)) - Added Volume : /github/workspace/mnt/ozone/hadoop-ozone/integration-test/target/test-dir/MiniOzoneClusterImpl-5529f01a-5ac3-4bff-808e-3a81da285252/datanode-2/data-0/containers/hdds to VolumeSet
2020-04-23 23:59:20,836 [main] INFO  volume.ThrottledAsyncChecker (ThrottledAsyncChecker.java:schedule(141)) - Scheduling a check for /github/workspace/mnt/ozone/hadoop-ozone/integration-test/target/test-dir/MiniOzoneClusterImpl-5529f01a-5ac3-4bff-808e-3a81da285252/datanode-2/data-0/containers/hdds
2020-04-23 23:59:20,837 [Datanode State Machine Thread - 0] INFO  datanode.InitDatanodeState (InitDatanodeState.java:persistContainerDatanodeDetails(145)) - DatanodeDetails is persisted to /github/workspace/mnt/ozone/hadoop-ozone/integration-test/target/test-dir/MiniOzoneClusterImpl-5529f01a-5ac3-4bff-808e-3a81da285252/datanode-1/meta/datanode.id
2020-04-23 23:59:20,837 [main] INFO  volume.HddsVolumeChecker (HddsVolumeChecker.java:checkAllVolumes(200)) - Scheduled health check for volume /github/workspace/mnt/ozone/hadoop-ozone/integration-test/target/test-dir/MiniOzoneClusterImpl-5529f01a-5ac3-4bff-808e-3a81da285252/datanode-2/data-0/containers/hdds
2020-04-23 23:59:20,853 [main] INFO  impl.RaftServerProxy (ConfUtils.java:logGet(44)) - raft.rpc.type = GRPC (default)
2020-04-23 23:59:20,853 [main] INFO  grpc.GrpcFactory (GrpcFactory.java:checkPooledByteBufAllocatorUseCacheForAllThreads(45)) - PERFORMANCE WARNING: useCacheForAllThreads is true that may cause Netty to create a lot garbage objects and, as a result, trigger GC.
	It is recommended to disable useCacheForAllThreads by setting -Dorg.apache.ratis.thirdparty.io.netty.allocator.useCacheForAllThreads=false in command line.
2020-04-23 23:59:20,854 [main] INFO  grpc.GrpcConfigKeys (ConfUtils.java:logGet(44)) - raft.grpc.server.port = 0 (default)
2020-04-23 23:59:20,854 [main] INFO  server.GrpcService (ConfUtils.java:logGet(44)) - raft.grpc.message.size.max = 32MB (=33554432) (custom)
2020-04-23 23:59:20,854 [main] INFO  server.RaftServerConfigKeys (ConfUtils.java:logGet(44)) - raft.server.log.appender.buffer.byte-limit = 33554432 (custom)
2020-04-23 23:59:20,854 [main] INFO  server.GrpcService (ConfUtils.java:logGet(44)) - raft.grpc.flow.control.window = 5MB (=5242880) (custom)
2020-04-23 23:59:20,854 [main] INFO  server.RaftServerConfigKeys (ConfUtils.java:logGet(44)) - raft.server.rpc.request.timeout = 3s (default)
2020-04-23 23:59:20,854 [main] INFO  server.RaftServerConfigKeys (ConfUtils.java:logGet(44)) - raft.server.storage.dir = [/github/workspace/mnt/ozone/hadoop-ozone/integration-test/target/test-dir/MiniOzoneClusterImpl-5529f01a-5ac3-4bff-808e-3a81da285252/datanode-2/data/ratis] (custom)
2020-04-23 23:59:20,857 [main] INFO  http.BaseHttpServer (BaseHttpServer.java:newHttpServer2BuilderForOzone(174)) - Starting Web-server for hddsDatanode at: http://0.0.0.0:0
2020-04-23 23:59:20,858 [main] INFO  server.AuthenticationFilter (AuthenticationFilter.java:constructSecretProvider(240)) - Unable to initialize FileSignerSecretProvider, falling back to use random secrets.
2020-04-23 23:59:20,858 [main] WARN  http.HttpRequestLog (HttpRequestLog.java:getRequestLog(103)) - Jetty request log can only be enabled using Log4j
2020-04-23 23:59:20,859 [main] INFO  http.HttpServer2 (HttpServer2.java:addGlobalFilter(979)) - Added global filter 'safety' (class=org.apache.hadoop.hdds.server.http.HttpServer2$QuotingInputFilter)
2020-04-23 23:59:20,859 [main] INFO  http.HttpServer2 (HttpServer2.java:addFilter(955)) - Added filter static_user_filter (class=org.apache.hadoop.hdds.server.http.StaticUserWebFilter$StaticUserFilter) to context hddsDatanode
2020-04-23 23:59:20,859 [main] INFO  http.HttpServer2 (HttpServer2.java:addFilter(963)) - Added filter static_user_filter (class=org.apache.hadoop.hdds.server.http.StaticUserWebFilter$StaticUserFilter) to context logs
2020-04-23 23:59:20,859 [main] INFO  http.HttpServer2 (HttpServer2.java:addFilter(963)) - Added filter static_user_filter (class=org.apache.hadoop.hdds.server.http.StaticUserWebFilter$StaticUserFilter) to context static
2020-04-23 23:59:20,860 [main] INFO  http.HttpServer2 (HttpServer2.java:bindListener(1197)) - Jetty bound to port 35759
2020-04-23 23:59:20,860 [main] INFO  server.Server (Server.java:doStart(359)) - jetty-9.4.26.v20200117; built: 2020-01-17T12:35:33.676Z; git: 7b38981d25d14afb4a12ff1f2596756144edf695; jvm 1.8.0_232-b09
2020-04-23 23:59:20,861 [main] INFO  server.session (DefaultSessionIdManager.java:doStart(333)) - DefaultSessionIdManager workerName=node0
2020-04-23 23:59:20,861 [main] INFO  server.session (DefaultSessionIdManager.java:doStart(338)) - No SessionScavenger set, using defaults
2020-04-23 23:59:20,861 [main] INFO  server.session (HouseKeeper.java:startScavenging(140)) - node0 Scavenging every 600000ms
2020-04-23 23:59:20,862 [main] INFO  handler.ContextHandler (ContextHandler.java:doStart(825)) - Started o.e.j.s.ServletContextHandler@23ebb603{logs,/logs,file:///github/workspace/mnt/ozone/hadoop-ozone/integration-test/target/log,AVAILABLE}
2020-04-23 23:59:20,862 [main] INFO  handler.ContextHandler (ContextHandler.java:doStart(825)) - Started o.e.j.s.ServletContextHandler@6aff8833{static,/static,jar:file:/home/user/.m2/repository/org/apache/hadoop/hadoop-hdds-container-service/0.6.0-SNAPSHOT/hadoop-hdds-container-service-0.6.0-SNAPSHOT.jar!/webapps/static,AVAILABLE}
2020-04-23 23:59:20,893 [main] INFO  handler.ContextHandler (ContextHandler.java:doStart(825)) - Started o.e.j.w.WebAppContext@18c06d70{hddsDatanode,/,file:///tmp/jetty-0_0_0_0-35759-hadoop-hdds-container-service-0_6_0-SNAPSHOT_jar-_-any-1422749238097691943.dir/webapp/,AVAILABLE}{jar:file:/home/user/.m2/repository/org/apache/hadoop/hadoop-hdds-container-service/0.6.0-SNAPSHOT/hadoop-hdds-container-service-0.6.0-SNAPSHOT.jar!/webapps/hddsDatanode}
2020-04-23 23:59:20,894 [main] INFO  server.AbstractConnector (AbstractConnector.java:doStart(330)) - Started ServerConnector@30efd5ec{HTTP/1.1,[http/1.1]}{0.0.0.0:35759}
2020-04-23 23:59:20,895 [main] INFO  server.Server (Server.java:doStart(399)) - Started @331387ms
2020-04-23 23:59:20,895 [main] WARN  impl.MetricsSystemImpl (MetricsSystemImpl.java:register(276)) - Sink prometheus already exists!
2020-04-23 23:59:20,897 [main] INFO  http.BaseHttpServer (BaseHttpServer.java:updateConnectorAddress(288)) - HTTP server of hddsDatanode listening at http://0.0.0.0:35759
2020-04-23 23:59:20,898 [main] INFO  impl.MetricsSystemImpl (MetricsSystemImpl.java:init(158)) - HddsDatanode metrics system started (again)
2020-04-23 23:59:20,901 [main] INFO  ozone.HddsDatanodeService (HddsDatanodeService.java:start(204)) - HddsDatanodeService host:9acf12ef3076 ip:172.17.0.2
2020-04-23 23:59:20,904 [org.apache.hadoop.util.JvmPauseMonitor$Monitor@2778c509] INFO  util.JvmPauseMonitor (JvmPauseMonitor.java:run(188)) - Starting JVM pause monitor
2020-04-23 23:59:20,904 [Datanode State Machine Thread - 0] INFO  datanode.InitDatanodeState (InitDatanodeState.java:persistContainerDatanodeDetails(145)) - DatanodeDetails is persisted to /github/workspace/mnt/ozone/hadoop-ozone/integration-test/target/test-dir/MiniOzoneClusterImpl-5529f01a-5ac3-4bff-808e-3a81da285252/datanode-2/meta/datanode.id
2020-04-23 23:59:20,905 [main] INFO  volume.HddsVolume (HddsVolume.java:<init>(176)) - Creating Volume: /github/workspace/mnt/ozone/hadoop-ozone/integration-test/target/test-dir/MiniOzoneClusterImpl-5529f01a-5ac3-4bff-808e-3a81da285252/datanode-3/data-0/containers/hdds of storage type : DISK and capacity : 9223372036854775807
2020-04-23 23:59:20,905 [main] INFO  volume.MutableVolumeSet (MutableVolumeSet.java:initializeVolumeSet(189)) - Added Volume : /github/workspace/mnt/ozone/hadoop-ozone/integration-test/target/test-dir/MiniOzoneClusterImpl-5529f01a-5ac3-4bff-808e-3a81da285252/datanode-3/data-0/containers/hdds to VolumeSet
2020-04-23 23:59:20,905 [main] INFO  volume.ThrottledAsyncChecker (ThrottledAsyncChecker.java:schedule(141)) - Scheduling a check for /github/workspace/mnt/ozone/hadoop-ozone/integration-test/target/test-dir/MiniOzoneClusterImpl-5529f01a-5ac3-4bff-808e-3a81da285252/datanode-3/data-0/containers/hdds
2020-04-23 23:59:20,908 [main] INFO  volume.HddsVolumeChecker (HddsVolumeChecker.java:checkAllVolumes(200)) - Scheduled health check for volume /github/workspace/mnt/ozone/hadoop-ozone/integration-test/target/test-dir/MiniOzoneClusterImpl-5529f01a-5ac3-4bff-808e-3a81da285252/datanode-3/data-0/containers/hdds
2020-04-23 23:59:20,924 [main] INFO  impl.RaftServerProxy (ConfUtils.java:logGet(44)) - raft.rpc.type = GRPC (default)
2020-04-23 23:59:20,924 [main] INFO  grpc.GrpcFactory (GrpcFactory.java:checkPooledByteBufAllocatorUseCacheForAllThreads(45)) - PERFORMANCE WARNING: useCacheForAllThreads is true that may cause Netty to create a lot garbage objects and, as a result, trigger GC.
	It is recommended to disable useCacheForAllThreads by setting -Dorg.apache.ratis.thirdparty.io.netty.allocator.useCacheForAllThreads=false in command line.
2020-04-23 23:59:20,924 [main] INFO  grpc.GrpcConfigKeys (ConfUtils.java:logGet(44)) - raft.grpc.server.port = 0 (default)
2020-04-23 23:59:20,924 [main] INFO  server.GrpcService (ConfUtils.java:logGet(44)) - raft.grpc.message.size.max = 32MB (=33554432) (custom)
2020-04-23 23:59:20,924 [main] INFO  server.RaftServerConfigKeys (ConfUtils.java:logGet(44)) - raft.server.log.appender.buffer.byte-limit = 33554432 (custom)
2020-04-23 23:59:20,925 [main] INFO  server.GrpcService (ConfUtils.java:logGet(44)) - raft.grpc.flow.control.window = 5MB (=5242880) (custom)
2020-04-23 23:59:20,925 [main] INFO  server.RaftServerConfigKeys (ConfUtils.java:logGet(44)) - raft.server.rpc.request.timeout = 3s (default)
2020-04-23 23:59:20,925 [main] INFO  server.RaftServerConfigKeys (ConfUtils.java:logGet(44)) - raft.server.storage.dir = [/github/workspace/mnt/ozone/hadoop-ozone/integration-test/target/test-dir/MiniOzoneClusterImpl-5529f01a-5ac3-4bff-808e-3a81da285252/datanode-3/data/ratis] (custom)
2020-04-23 23:59:20,928 [main] INFO  http.BaseHttpServer (BaseHttpServer.java:newHttpServer2BuilderForOzone(174)) - Starting Web-server for hddsDatanode at: http://0.0.0.0:0
2020-04-23 23:59:20,929 [main] INFO  server.AuthenticationFilter (AuthenticationFilter.java:constructSecretProvider(240)) - Unable to initialize FileSignerSecretProvider, falling back to use random secrets.
2020-04-23 23:59:20,929 [main] WARN  http.HttpRequestLog (HttpRequestLog.java:getRequestLog(103)) - Jetty request log can only be enabled using Log4j
2020-04-23 23:59:20,930 [main] INFO  http.HttpServer2 (HttpServer2.java:addGlobalFilter(979)) - Added global filter 'safety' (class=org.apache.hadoop.hdds.server.http.HttpServer2$QuotingInputFilter)
2020-04-23 23:59:20,930 [main] INFO  http.HttpServer2 (HttpServer2.java:addFilter(955)) - Added filter static_user_filter (class=org.apache.hadoop.hdds.server.http.StaticUserWebFilter$StaticUserFilter) to context hddsDatanode
2020-04-23 23:59:20,930 [main] INFO  http.HttpServer2 (HttpServer2.java:addFilter(963)) - Added filter static_user_filter (class=org.apache.hadoop.hdds.server.http.StaticUserWebFilter$StaticUserFilter) to context static
2020-04-23 23:59:20,930 [main] INFO  http.HttpServer2 (HttpServer2.java:addFilter(963)) - Added filter static_user_filter (class=org.apache.hadoop.hdds.server.http.StaticUserWebFilter$StaticUserFilter) to context logs
2020-04-23 23:59:20,930 [main] INFO  http.HttpServer2 (HttpServer2.java:bindListener(1197)) - Jetty bound to port 35751
2020-04-23 23:59:20,931 [main] INFO  server.Server (Server.java:doStart(359)) - jetty-9.4.26.v20200117; built: 2020-01-17T12:35:33.676Z; git: 7b38981d25d14afb4a12ff1f2596756144edf695; jvm 1.8.0_232-b09
2020-04-23 23:59:20,932 [main] INFO  server.session (DefaultSessionIdManager.java:doStart(333)) - DefaultSessionIdManager workerName=node0
2020-04-23 23:59:20,932 [main] INFO  server.session (DefaultSessionIdManager.java:doStart(338)) - No SessionScavenger set, using defaults
2020-04-23 23:59:20,932 [main] INFO  server.session (HouseKeeper.java:startScavenging(140)) - node0 Scavenging every 660000ms
2020-04-23 23:59:20,932 [main] INFO  handler.ContextHandler (ContextHandler.java:doStart(825)) - Started o.e.j.s.ServletContextHandler@7d2fff85{logs,/logs,file:///github/workspace/mnt/ozone/hadoop-ozone/integration-test/target/log,AVAILABLE}
2020-04-23 23:59:20,933 [main] INFO  handler.ContextHandler (ContextHandler.java:doStart(825)) - Started o.e.j.s.ServletContextHandler@7d8638d4{static,/static,jar:file:/home/user/.m2/repository/org/apache/hadoop/hadoop-hdds-container-service/0.6.0-SNAPSHOT/hadoop-hdds-container-service-0.6.0-SNAPSHOT.jar!/webapps/static,AVAILABLE}
2020-04-23 23:59:20,960 [main] INFO  handler.ContextHandler (ContextHandler.java:doStart(825)) - Started o.e.j.w.WebAppContext@4c27d014{hddsDatanode,/,file:///tmp/jetty-0_0_0_0-35751-hadoop-hdds-container-service-0_6_0-SNAPSHOT_jar-_-any-5770956302486907592.dir/webapp/,AVAILABLE}{jar:file:/home/user/.m2/repository/org/apache/hadoop/hadoop-hdds-container-service/0.6.0-SNAPSHOT/hadoop-hdds-container-service-0.6.0-SNAPSHOT.jar!/webapps/hddsDatanode}
2020-04-23 23:59:20,961 [main] INFO  server.AbstractConnector (AbstractConnector.java:doStart(330)) - Started ServerConnector@c225792{HTTP/1.1,[http/1.1]}{0.0.0.0:35751}
2020-04-23 23:59:20,961 [main] INFO  server.Server (Server.java:doStart(399)) - Started @331454ms
2020-04-23 23:59:20,961 [main] WARN  impl.MetricsSystemImpl (MetricsSystemImpl.java:register(276)) - Sink prometheus already exists!
2020-04-23 23:59:20,964 [main] INFO  http.BaseHttpServer (BaseHttpServer.java:updateConnectorAddress(288)) - HTTP server of hddsDatanode listening at http://0.0.0.0:35751
2020-04-23 23:59:20,964 [main] INFO  impl.MetricsSystemImpl (MetricsSystemImpl.java:init(158)) - HddsDatanode metrics system started (again)
2020-04-23 23:59:20,970 [main] INFO  ozone.HddsDatanodeService (HddsDatanodeService.java:start(204)) - HddsDatanodeService host:9acf12ef3076 ip:172.17.0.2
2020-04-23 23:59:20,971 [org.apache.hadoop.util.JvmPauseMonitor$Monitor@1cc7ca03] INFO  util.JvmPauseMonitor (JvmPauseMonitor.java:run(188)) - Starting JVM pause monitor
2020-04-23 23:59:20,971 [Datanode State Machine Thread - 0] INFO  datanode.InitDatanodeState (InitDatanodeState.java:persistContainerDatanodeDetails(145)) - DatanodeDetails is persisted to /github/workspace/mnt/ozone/hadoop-ozone/integration-test/target/test-dir/MiniOzoneClusterImpl-5529f01a-5ac3-4bff-808e-3a81da285252/datanode-3/meta/datanode.id
2020-04-23 23:59:20,972 [main] INFO  volume.HddsVolume (HddsVolume.java:<init>(176)) - Creating Volume: /github/workspace/mnt/ozone/hadoop-ozone/integration-test/target/test-dir/MiniOzoneClusterImpl-5529f01a-5ac3-4bff-808e-3a81da285252/datanode-4/data-0/containers/hdds of storage type : DISK and capacity : 9223372036854775807
2020-04-23 23:59:20,972 [main] INFO  volume.MutableVolumeSet (MutableVolumeSet.java:initializeVolumeSet(189)) - Added Volume : /github/workspace/mnt/ozone/hadoop-ozone/integration-test/target/test-dir/MiniOzoneClusterImpl-5529f01a-5ac3-4bff-808e-3a81da285252/datanode-4/data-0/containers/hdds to VolumeSet
2020-04-23 23:59:20,972 [main] INFO  volume.ThrottledAsyncChecker (ThrottledAsyncChecker.java:schedule(141)) - Scheduling a check for /github/workspace/mnt/ozone/hadoop-ozone/integration-test/target/test-dir/MiniOzoneClusterImpl-5529f01a-5ac3-4bff-808e-3a81da285252/datanode-4/data-0/containers/hdds
2020-04-23 23:59:20,973 [main] INFO  volume.HddsVolumeChecker (HddsVolumeChecker.java:checkAllVolumes(200)) - Scheduled health check for volume /github/workspace/mnt/ozone/hadoop-ozone/integration-test/target/test-dir/MiniOzoneClusterImpl-5529f01a-5ac3-4bff-808e-3a81da285252/datanode-4/data-0/containers/hdds
2020-04-23 23:59:20,989 [main] INFO  impl.RaftServerProxy (ConfUtils.java:logGet(44)) - raft.rpc.type = GRPC (default)
2020-04-23 23:59:20,989 [main] INFO  grpc.GrpcFactory (GrpcFactory.java:checkPooledByteBufAllocatorUseCacheForAllThreads(45)) - PERFORMANCE WARNING: useCacheForAllThreads is true that may cause Netty to create a lot garbage objects and, as a result, trigger GC.
	It is recommended to disable useCacheForAllThreads by setting -Dorg.apache.ratis.thirdparty.io.netty.allocator.useCacheForAllThreads=false in command line.
2020-04-23 23:59:20,989 [main] INFO  grpc.GrpcConfigKeys (ConfUtils.java:logGet(44)) - raft.grpc.server.port = 0 (default)
2020-04-23 23:59:20,989 [main] INFO  server.GrpcService (ConfUtils.java:logGet(44)) - raft.grpc.message.size.max = 32MB (=33554432) (custom)
2020-04-23 23:59:20,989 [main] INFO  server.RaftServerConfigKeys (ConfUtils.java:logGet(44)) - raft.server.log.appender.buffer.byte-limit = 33554432 (custom)
2020-04-23 23:59:20,989 [main] INFO  server.GrpcService (ConfUtils.java:logGet(44)) - raft.grpc.flow.control.window = 5MB (=5242880) (custom)
2020-04-23 23:59:20,989 [main] INFO  server.RaftServerConfigKeys (ConfUtils.java:logGet(44)) - raft.server.rpc.request.timeout = 3s (default)
2020-04-23 23:59:20,990 [main] INFO  server.RaftServerConfigKeys (ConfUtils.java:logGet(44)) - raft.server.storage.dir = [/github/workspace/mnt/ozone/hadoop-ozone/integration-test/target/test-dir/MiniOzoneClusterImpl-5529f01a-5ac3-4bff-808e-3a81da285252/datanode-4/data/ratis] (custom)
2020-04-23 23:59:20,993 [main] INFO  http.BaseHttpServer (BaseHttpServer.java:newHttpServer2BuilderForOzone(174)) - Starting Web-server for hddsDatanode at: http://0.0.0.0:0
2020-04-23 23:59:20,993 [main] INFO  server.AuthenticationFilter (AuthenticationFilter.java:constructSecretProvider(240)) - Unable to initialize FileSignerSecretProvider, falling back to use random secrets.
2020-04-23 23:59:20,996 [main] WARN  http.HttpRequestLog (HttpRequestLog.java:getRequestLog(103)) - Jetty request log can only be enabled using Log4j
2020-04-23 23:59:20,996 [main] INFO  http.HttpServer2 (HttpServer2.java:addGlobalFilter(979)) - Added global filter 'safety' (class=org.apache.hadoop.hdds.server.http.HttpServer2$QuotingInputFilter)
2020-04-23 23:59:20,997 [main] INFO  http.HttpServer2 (HttpServer2.java:addFilter(955)) - Added filter static_user_filter (class=org.apache.hadoop.hdds.server.http.StaticUserWebFilter$StaticUserFilter) to context hddsDatanode
2020-04-23 23:59:20,997 [main] INFO  http.HttpServer2 (HttpServer2.java:addFilter(963)) - Added filter static_user_filter (class=org.apache.hadoop.hdds.server.http.StaticUserWebFilter$StaticUserFilter) to context logs
2020-04-23 23:59:20,997 [main] INFO  http.HttpServer2 (HttpServer2.java:addFilter(963)) - Added filter static_user_filter (class=org.apache.hadoop.hdds.server.http.StaticUserWebFilter$StaticUserFilter) to context static
2020-04-23 23:59:20,997 [main] INFO  http.HttpServer2 (HttpServer2.java:bindListener(1197)) - Jetty bound to port 41423
2020-04-23 23:59:20,997 [main] INFO  server.Server (Server.java:doStart(359)) - jetty-9.4.26.v20200117; built: 2020-01-17T12:35:33.676Z; git: 7b38981d25d14afb4a12ff1f2596756144edf695; jvm 1.8.0_232-b09
2020-04-23 23:59:21,000 [main] INFO  server.session (DefaultSessionIdManager.java:doStart(333)) - DefaultSessionIdManager workerName=node0
2020-04-23 23:59:21,000 [main] INFO  server.session (DefaultSessionIdManager.java:doStart(338)) - No SessionScavenger set, using defaults
2020-04-23 23:59:21,000 [main] INFO  server.session (HouseKeeper.java:startScavenging(140)) - node0 Scavenging every 660000ms
2020-04-23 23:59:21,001 [main] INFO  handler.ContextHandler (ContextHandler.java:doStart(825)) - Started o.e.j.s.ServletContextHandler@128f4d9d{logs,/logs,file:///github/workspace/mnt/ozone/hadoop-ozone/integration-test/target/log,AVAILABLE}
2020-04-23 23:59:21,001 [main] INFO  handler.ContextHandler (ContextHandler.java:doStart(825)) - Started o.e.j.s.ServletContextHandler@1fd8cba4{static,/static,jar:file:/home/user/.m2/repository/org/apache/hadoop/hadoop-hdds-container-service/0.6.0-SNAPSHOT/hadoop-hdds-container-service-0.6.0-SNAPSHOT.jar!/webapps/static,AVAILABLE}
2020-04-23 23:59:21,027 [main] INFO  handler.ContextHandler (ContextHandler.java:doStart(825)) - Started o.e.j.w.WebAppContext@322f95f2{hddsDatanode,/,file:///tmp/jetty-0_0_0_0-41423-hadoop-hdds-container-service-0_6_0-SNAPSHOT_jar-_-any-841567706292550742.dir/webapp/,AVAILABLE}{jar:file:/home/user/.m2/repository/org/apache/hadoop/hadoop-hdds-container-service/0.6.0-SNAPSHOT/hadoop-hdds-container-service-0.6.0-SNAPSHOT.jar!/webapps/hddsDatanode}
2020-04-23 23:59:21,029 [main] INFO  server.AbstractConnector (AbstractConnector.java:doStart(330)) - Started ServerConnector@547c07f4{HTTP/1.1,[http/1.1]}{0.0.0.0:41423}
2020-04-23 23:59:21,029 [main] INFO  server.Server (Server.java:doStart(399)) - Started @331521ms
2020-04-23 23:59:21,029 [main] WARN  impl.MetricsSystemImpl (MetricsSystemImpl.java:register(276)) - Sink prometheus already exists!
2020-04-23 23:59:21,032 [main] INFO  http.BaseHttpServer (BaseHttpServer.java:updateConnectorAddress(288)) - HTTP server of hddsDatanode listening at http://0.0.0.0:41423
2020-04-23 23:59:21,032 [main] INFO  impl.MetricsSystemImpl (MetricsSystemImpl.java:init(158)) - HddsDatanode metrics system started (again)
2020-04-23 23:59:21,035 [main] INFO  ozone.HddsDatanodeService (HddsDatanodeService.java:start(204)) - HddsDatanodeService host:9acf12ef3076 ip:172.17.0.2
2020-04-23 23:59:21,036 [main] INFO  volume.HddsVolume (HddsVolume.java:<init>(176)) - Creating Volume: /github/workspace/mnt/ozone/hadoop-ozone/integration-test/target/test-dir/MiniOzoneClusterImpl-5529f01a-5ac3-4bff-808e-3a81da285252/datanode-5/data-0/containers/hdds of storage type : DISK and capacity : 9223372036854775807
2020-04-23 23:59:21,036 [main] INFO  volume.MutableVolumeSet (MutableVolumeSet.java:initializeVolumeSet(189)) - Added Volume : /github/workspace/mnt/ozone/hadoop-ozone/integration-test/target/test-dir/MiniOzoneClusterImpl-5529f01a-5ac3-4bff-808e-3a81da285252/datanode-5/data-0/containers/hdds to VolumeSet
2020-04-23 23:59:21,037 [main] INFO  volume.ThrottledAsyncChecker (ThrottledAsyncChecker.java:schedule(141)) - Scheduling a check for /github/workspace/mnt/ozone/hadoop-ozone/integration-test/target/test-dir/MiniOzoneClusterImpl-5529f01a-5ac3-4bff-808e-3a81da285252/datanode-5/data-0/containers/hdds
2020-04-23 23:59:21,044 [org.apache.hadoop.util.JvmPauseMonitor$Monitor@747a7ab2] INFO  util.JvmPauseMonitor (JvmPauseMonitor.java:run(188)) - Starting JVM pause monitor
2020-04-23 23:59:21,044 [main] INFO  volume.HddsVolumeChecker (HddsVolumeChecker.java:checkAllVolumes(200)) - Scheduled health check for volume /github/workspace/mnt/ozone/hadoop-ozone/integration-test/target/test-dir/MiniOzoneClusterImpl-5529f01a-5ac3-4bff-808e-3a81da285252/datanode-5/data-0/containers/hdds
2020-04-23 23:59:21,044 [Datanode State Machine Thread - 0] INFO  datanode.InitDatanodeState (InitDatanodeState.java:persistContainerDatanodeDetails(145)) - DatanodeDetails is persisted to /github/workspace/mnt/ozone/hadoop-ozone/integration-test/target/test-dir/MiniOzoneClusterImpl-5529f01a-5ac3-4bff-808e-3a81da285252/datanode-4/meta/datanode.id
2020-04-23 23:59:21,059 [main] INFO  impl.RaftServerProxy (ConfUtils.java:logGet(44)) - raft.rpc.type = GRPC (default)
2020-04-23 23:59:21,059 [main] INFO  grpc.GrpcFactory (GrpcFactory.java:checkPooledByteBufAllocatorUseCacheForAllThreads(45)) - PERFORMANCE WARNING: useCacheForAllThreads is true that may cause Netty to create a lot garbage objects and, as a result, trigger GC.
	It is recommended to disable useCacheForAllThreads by setting -Dorg.apache.ratis.thirdparty.io.netty.allocator.useCacheForAllThreads=false in command line.
2020-04-23 23:59:21,059 [main] INFO  grpc.GrpcConfigKeys (ConfUtils.java:logGet(44)) - raft.grpc.server.port = 0 (default)
2020-04-23 23:59:21,060 [main] INFO  server.GrpcService (ConfUtils.java:logGet(44)) - raft.grpc.message.size.max = 32MB (=33554432) (custom)
2020-04-23 23:59:21,060 [main] INFO  server.RaftServerConfigKeys (ConfUtils.java:logGet(44)) - raft.server.log.appender.buffer.byte-limit = 33554432 (custom)
2020-04-23 23:59:21,060 [main] INFO  server.GrpcService (ConfUtils.java:logGet(44)) - raft.grpc.flow.control.window = 5MB (=5242880) (custom)
2020-04-23 23:59:21,060 [main] INFO  server.RaftServerConfigKeys (ConfUtils.java:logGet(44)) - raft.server.rpc.request.timeout = 3s (default)
2020-04-23 23:59:21,061 [main] INFO  server.RaftServerConfigKeys (ConfUtils.java:logGet(44)) - raft.server.storage.dir = [/github/workspace/mnt/ozone/hadoop-ozone/integration-test/target/test-dir/MiniOzoneClusterImpl-5529f01a-5ac3-4bff-808e-3a81da285252/datanode-5/data/ratis] (custom)
2020-04-23 23:59:21,066 [main] INFO  http.BaseHttpServer (BaseHttpServer.java:newHttpServer2BuilderForOzone(174)) - Starting Web-server for hddsDatanode at: http://0.0.0.0:0
2020-04-23 23:59:21,067 [main] INFO  server.AuthenticationFilter (AuthenticationFilter.java:constructSecretProvider(240)) - Unable to initialize FileSignerSecretProvider, falling back to use random secrets.
2020-04-23 23:59:21,067 [main] WARN  http.HttpRequestLog (HttpRequestLog.java:getRequestLog(103)) - Jetty request log can only be enabled using Log4j
2020-04-23 23:59:21,068 [main] INFO  http.HttpServer2 (HttpServer2.java:addGlobalFilter(979)) - Added global filter 'safety' (class=org.apache.hadoop.hdds.server.http.HttpServer2$QuotingInputFilter)
2020-04-23 23:59:21,068 [main] INFO  http.HttpServer2 (HttpServer2.java:addFilter(955)) - Added filter static_user_filter (class=org.apache.hadoop.hdds.server.http.StaticUserWebFilter$StaticUserFilter) to context hddsDatanode
2020-04-23 23:59:21,068 [main] INFO  http.HttpServer2 (HttpServer2.java:addFilter(963)) - Added filter static_user_filter (class=org.apache.hadoop.hdds.server.http.StaticUserWebFilter$StaticUserFilter) to context static
2020-04-23 23:59:21,068 [main] INFO  http.HttpServer2 (HttpServer2.java:addFilter(963)) - Added filter static_user_filter (class=org.apache.hadoop.hdds.server.http.StaticUserWebFilter$StaticUserFilter) to context logs
2020-04-23 23:59:21,068 [main] INFO  http.HttpServer2 (HttpServer2.java:bindListener(1197)) - Jetty bound to port 34131
2020-04-23 23:59:21,068 [main] INFO  server.Server (Server.java:doStart(359)) - jetty-9.4.26.v20200117; built: 2020-01-17T12:35:33.676Z; git: 7b38981d25d14afb4a12ff1f2596756144edf695; jvm 1.8.0_232-b09
2020-04-23 23:59:21,069 [main] INFO  server.session (DefaultSessionIdManager.java:doStart(333)) - DefaultSessionIdManager workerName=node0
2020-04-23 23:59:21,070 [main] INFO  server.session (DefaultSessionIdManager.java:doStart(338)) - No SessionScavenger set, using defaults
2020-04-23 23:59:21,070 [main] INFO  server.session (HouseKeeper.java:startScavenging(140)) - node0 Scavenging every 660000ms
2020-04-23 23:59:21,070 [main] INFO  handler.ContextHandler (ContextHandler.java:doStart(825)) - Started o.e.j.s.ServletContextHandler@2edea30d{logs,/logs,file:///github/workspace/mnt/ozone/hadoop-ozone/integration-test/target/log,AVAILABLE}
2020-04-23 23:59:21,071 [main] INFO  handler.ContextHandler (ContextHandler.java:doStart(825)) - Started o.e.j.s.ServletContextHandler@4442195{static,/static,jar:file:/home/user/.m2/repository/org/apache/hadoop/hadoop-hdds-container-service/0.6.0-SNAPSHOT/hadoop-hdds-container-service-0.6.0-SNAPSHOT.jar!/webapps/static,AVAILABLE}
2020-04-23 23:59:21,098 [main] INFO  handler.ContextHandler (ContextHandler.java:doStart(825)) - Started o.e.j.w.WebAppContext@7b81b487{hddsDatanode,/,file:///tmp/jetty-0_0_0_0-34131-hadoop-hdds-container-service-0_6_0-SNAPSHOT_jar-_-any-4020148555666429134.dir/webapp/,AVAILABLE}{jar:file:/home/user/.m2/repository/org/apache/hadoop/hadoop-hdds-container-service/0.6.0-SNAPSHOT/hadoop-hdds-container-service-0.6.0-SNAPSHOT.jar!/webapps/hddsDatanode}
2020-04-23 23:59:21,103 [main] INFO  server.AbstractConnector (AbstractConnector.java:doStart(330)) - Started ServerConnector@1fca503{HTTP/1.1,[http/1.1]}{0.0.0.0:34131}
2020-04-23 23:59:21,103 [main] INFO  server.Server (Server.java:doStart(399)) - Started @331596ms
2020-04-23 23:59:21,104 [main] WARN  impl.MetricsSystemImpl (MetricsSystemImpl.java:register(276)) - Sink prometheus already exists!
2020-04-23 23:59:21,106 [main] INFO  http.BaseHttpServer (BaseHttpServer.java:updateConnectorAddress(288)) - HTTP server of hddsDatanode listening at http://0.0.0.0:34131
2020-04-23 23:59:21,106 [main] INFO  impl.MetricsSystemImpl (MetricsSystemImpl.java:init(158)) - HddsDatanode metrics system started (again)
2020-04-23 23:59:21,109 [main] INFO  ozone.HddsDatanodeService (HddsDatanodeService.java:start(204)) - HddsDatanodeService host:9acf12ef3076 ip:172.17.0.2
2020-04-23 23:59:21,110 [main] INFO  volume.HddsVolume (HddsVolume.java:<init>(176)) - Creating Volume: /github/workspace/mnt/ozone/hadoop-ozone/integration-test/target/test-dir/MiniOzoneClusterImpl-5529f01a-5ac3-4bff-808e-3a81da285252/datanode-6/data-0/containers/hdds of storage type : DISK and capacity : 9223372036854775807
2020-04-23 23:59:21,110 [main] INFO  volume.MutableVolumeSet (MutableVolumeSet.java:initializeVolumeSet(189)) - Added Volume : /github/workspace/mnt/ozone/hadoop-ozone/integration-test/target/test-dir/MiniOzoneClusterImpl-5529f01a-5ac3-4bff-808e-3a81da285252/datanode-6/data-0/containers/hdds to VolumeSet
2020-04-23 23:59:21,110 [main] INFO  volume.ThrottledAsyncChecker (ThrottledAsyncChecker.java:schedule(141)) - Scheduling a check for /github/workspace/mnt/ozone/hadoop-ozone/integration-test/target/test-dir/MiniOzoneClusterImpl-5529f01a-5ac3-4bff-808e-3a81da285252/datanode-6/data-0/containers/hdds
2020-04-23 23:59:21,112 [org.apache.hadoop.util.JvmPauseMonitor$Monitor@32e1aee5] INFO  util.JvmPauseMonitor (JvmPauseMonitor.java:run(188)) - Starting JVM pause monitor
2020-04-23 23:59:21,113 [Datanode State Machine Thread - 0] INFO  datanode.InitDatanodeState (InitDatanodeState.java:persistContainerDatanodeDetails(145)) - DatanodeDetails is persisted to /github/workspace/mnt/ozone/hadoop-ozone/integration-test/target/test-dir/MiniOzoneClusterImpl-5529f01a-5ac3-4bff-808e-3a81da285252/datanode-5/meta/datanode.id
2020-04-23 23:59:21,113 [main] INFO  volume.HddsVolumeChecker (HddsVolumeChecker.java:checkAllVolumes(200)) - Scheduled health check for volume /github/workspace/mnt/ozone/hadoop-ozone/integration-test/target/test-dir/MiniOzoneClusterImpl-5529f01a-5ac3-4bff-808e-3a81da285252/datanode-6/data-0/containers/hdds
2020-04-23 23:59:21,128 [main] INFO  impl.RaftServerProxy (ConfUtils.java:logGet(44)) - raft.rpc.type = GRPC (default)
2020-04-23 23:59:21,128 [main] INFO  grpc.GrpcFactory (GrpcFactory.java:checkPooledByteBufAllocatorUseCacheForAllThreads(45)) - PERFORMANCE WARNING: useCacheForAllThreads is true that may cause Netty to create a lot garbage objects and, as a result, trigger GC.
	It is recommended to disable useCacheForAllThreads by setting -Dorg.apache.ratis.thirdparty.io.netty.allocator.useCacheForAllThreads=false in command line.
2020-04-23 23:59:21,128 [main] INFO  grpc.GrpcConfigKeys (ConfUtils.java:logGet(44)) - raft.grpc.server.port = 0 (default)
2020-04-23 23:59:21,128 [main] INFO  server.GrpcService (ConfUtils.java:logGet(44)) - raft.grpc.message.size.max = 32MB (=33554432) (custom)
2020-04-23 23:59:21,129 [main] INFO  server.RaftServerConfigKeys (ConfUtils.java:logGet(44)) - raft.server.log.appender.buffer.byte-limit = 33554432 (custom)
2020-04-23 23:59:21,129 [main] INFO  server.GrpcService (ConfUtils.java:logGet(44)) - raft.grpc.flow.control.window = 5MB (=5242880) (custom)
2020-04-23 23:59:21,129 [main] INFO  server.RaftServerConfigKeys (ConfUtils.java:logGet(44)) - raft.server.rpc.request.timeout = 3s (default)
2020-04-23 23:59:21,129 [main] INFO  server.RaftServerConfigKeys (ConfUtils.java:logGet(44)) - raft.server.storage.dir = [/github/workspace/mnt/ozone/hadoop-ozone/integration-test/target/test-dir/MiniOzoneClusterImpl-5529f01a-5ac3-4bff-808e-3a81da285252/datanode-6/data/ratis] (custom)
2020-04-23 23:59:21,132 [main] INFO  http.BaseHttpServer (BaseHttpServer.java:newHttpServer2BuilderForOzone(174)) - Starting Web-server for hddsDatanode at: http://0.0.0.0:0
2020-04-23 23:59:21,133 [main] INFO  server.AuthenticationFilter (AuthenticationFilter.java:constructSecretProvider(240)) - Unable to initialize FileSignerSecretProvider, falling back to use random secrets.
2020-04-23 23:59:21,133 [main] WARN  http.HttpRequestLog (HttpRequestLog.java:getRequestLog(103)) - Jetty request log can only be enabled using Log4j
2020-04-23 23:59:21,134 [main] INFO  http.HttpServer2 (HttpServer2.java:addGlobalFilter(979)) - Added global filter 'safety' (class=org.apache.hadoop.hdds.server.http.HttpServer2$QuotingInputFilter)
2020-04-23 23:59:21,135 [main] INFO  http.HttpServer2 (HttpServer2.java:addFilter(955)) - Added filter static_user_filter (class=org.apache.hadoop.hdds.server.http.StaticUserWebFilter$StaticUserFilter) to context hddsDatanode
2020-04-23 23:59:21,135 [main] INFO  http.HttpServer2 (HttpServer2.java:addFilter(963)) - Added filter static_user_filter (class=org.apache.hadoop.hdds.server.http.StaticUserWebFilter$StaticUserFilter) to context static
2020-04-23 23:59:21,135 [main] INFO  http.HttpServer2 (HttpServer2.java:addFilter(963)) - Added filter static_user_filter (class=org.apache.hadoop.hdds.server.http.StaticUserWebFilter$StaticUserFilter) to context logs
2020-04-23 23:59:21,135 [main] INFO  http.HttpServer2 (HttpServer2.java:bindListener(1197)) - Jetty bound to port 33261
2020-04-23 23:59:21,135 [main] INFO  server.Server (Server.java:doStart(359)) - jetty-9.4.26.v20200117; built: 2020-01-17T12:35:33.676Z; git: 7b38981d25d14afb4a12ff1f2596756144edf695; jvm 1.8.0_232-b09
2020-04-23 23:59:21,137 [main] INFO  server.session (DefaultSessionIdManager.java:doStart(333)) - DefaultSessionIdManager workerName=node0
2020-04-23 23:59:21,137 [main] INFO  server.session (DefaultSessionIdManager.java:doStart(338)) - No SessionScavenger set, using defaults
2020-04-23 23:59:21,137 [main] INFO  server.session (HouseKeeper.java:startScavenging(140)) - node0 Scavenging every 600000ms
2020-04-23 23:59:21,138 [main] INFO  handler.ContextHandler (ContextHandler.java:doStart(825)) - Started o.e.j.s.ServletContextHandler@bd9c170{logs,/logs,file:///github/workspace/mnt/ozone/hadoop-ozone/integration-test/target/log,AVAILABLE}
2020-04-23 23:59:21,138 [main] INFO  handler.ContextHandler (ContextHandler.java:doStart(825)) - Started o.e.j.s.ServletContextHandler@c69a2ef{static,/static,jar:file:/home/user/.m2/repository/org/apache/hadoop/hadoop-hdds-container-service/0.6.0-SNAPSHOT/hadoop-hdds-container-service-0.6.0-SNAPSHOT.jar!/webapps/static,AVAILABLE}
2020-04-23 23:59:21,164 [main] INFO  handler.ContextHandler (ContextHandler.java:doStart(825)) - Started o.e.j.w.WebAppContext@5d219063{hddsDatanode,/,file:///tmp/jetty-0_0_0_0-33261-hadoop-hdds-container-service-0_6_0-SNAPSHOT_jar-_-any-7581707626223035983.dir/webapp/,AVAILABLE}{jar:file:/home/user/.m2/repository/org/apache/hadoop/hadoop-hdds-container-service/0.6.0-SNAPSHOT/hadoop-hdds-container-service-0.6.0-SNAPSHOT.jar!/webapps/hddsDatanode}
2020-04-23 23:59:21,165 [main] INFO  server.AbstractConnector (AbstractConnector.java:doStart(330)) - Started ServerConnector@37165116{HTTP/1.1,[http/1.1]}{0.0.0.0:33261}
2020-04-23 23:59:21,165 [main] INFO  server.Server (Server.java:doStart(399)) - Started @331657ms
2020-04-23 23:59:21,165 [main] WARN  impl.MetricsSystemImpl (MetricsSystemImpl.java:register(276)) - Sink prometheus already exists!
2020-04-23 23:59:21,168 [main] INFO  http.BaseHttpServer (BaseHttpServer.java:updateConnectorAddress(288)) - HTTP server of hddsDatanode listening at http://0.0.0.0:33261
2020-04-23 23:59:21,168 [main] INFO  ozone.MiniOzoneClusterImpl (MiniOzoneClusterImpl.java:lambda$waitForClusterToBeReady$0(177)) - Waiting for nodes to be ready. Got 0 of 7 DN Heartbeats.
2020-04-23 23:59:21,168 [main] INFO  ozone.MiniOzoneClusterImpl (MiniOzoneClusterImpl.java:lambda$waitForClusterToBeReady$0(180)) - Waiting for cluster to exit safe mode
2020-04-23 23:59:21,172 [org.apache.hadoop.util.JvmPauseMonitor$Monitor@25e2f465] INFO  util.JvmPauseMonitor (JvmPauseMonitor.java:run(188)) - Starting JVM pause monitor
2020-04-23 23:59:21,172 [Datanode State Machine Thread - 0] INFO  datanode.InitDatanodeState (InitDatanodeState.java:persistContainerDatanodeDetails(145)) - DatanodeDetails is persisted to /github/workspace/mnt/ozone/hadoop-ozone/integration-test/target/test-dir/MiniOzoneClusterImpl-5529f01a-5ac3-4bff-808e-3a81da285252/datanode-6/meta/datanode.id
2020-04-23 23:59:22,168 [main] INFO  ozone.MiniOzoneClusterImpl (MiniOzoneClusterImpl.java:lambda$waitForClusterToBeReady$0(177)) - Waiting for nodes to be ready. Got 0 of 7 DN Heartbeats.
2020-04-23 23:59:22,168 [main] INFO  ozone.MiniOzoneClusterImpl (MiniOzoneClusterImpl.java:lambda$waitForClusterToBeReady$0(180)) - Waiting for cluster to exit safe mode
2020-04-23 23:59:22,768 [Datanode State Machine Thread - 0] INFO  ozoneimpl.OzoneContainer (OzoneContainer.java:start(232)) - Attempting to start container services.
2020-04-23 23:59:22,768 [Datanode State Machine Thread - 0] INFO  ozoneimpl.OzoneContainer (OzoneContainer.java:startContainerScrub(196)) - Background container scanner has been disabled.
2020-04-23 23:59:22,769 [Datanode State Machine Thread - 0] INFO  ratis.XceiverServerRatis (XceiverServerRatis.java:start(424)) - Starting XceiverServerRatis 0dc7066e-405b-4780-99cf-1352f26c2a84 at port 0
2020-04-23 23:59:22,769 [Datanode State Machine Thread - 0] INFO  impl.RaftServerProxy (RaftServerProxy.java:lambda$start$3(299)) - 0dc7066e-405b-4780-99cf-1352f26c2a84: start RPC server
2020-04-23 23:59:22,770 [Datanode State Machine Thread - 0] INFO  server.GrpcService (GrpcService.java:startImpl(159)) - 0dc7066e-405b-4780-99cf-1352f26c2a84: GrpcService started, listening on 0.0.0.0/0.0.0.0:37081
2020-04-23 23:59:22,770 [Datanode State Machine Thread - 0] INFO  ratis.XceiverServerRatis (XceiverServerRatis.java:start(436)) - XceiverServerRatis 0dc7066e-405b-4780-99cf-1352f26c2a84 is started using port 37081
2020-04-23 23:59:22,771 [Datanode State Machine Thread - 0] INFO  server.XceiverServerGrpc (XceiverServerGrpc.java:start(145)) - XceiverServerGrpc 0dc7066e-405b-4780-99cf-1352f26c2a84 is started using port 34611
2020-04-23 23:59:22,839 [Datanode State Machine Thread - 0] INFO  ozoneimpl.OzoneContainer (OzoneContainer.java:start(232)) - Attempting to start container services.
2020-04-23 23:59:22,839 [Datanode State Machine Thread - 0] INFO  ozoneimpl.OzoneContainer (OzoneContainer.java:startContainerScrub(196)) - Background container scanner has been disabled.
2020-04-23 23:59:22,839 [Datanode State Machine Thread - 0] INFO  ratis.XceiverServerRatis (XceiverServerRatis.java:start(424)) - Starting XceiverServerRatis 6a71ef53-ab22-4528-adad-9f6a8b03666b at port 0
2020-04-23 23:59:22,840 [Datanode State Machine Thread - 0] INFO  impl.RaftServerProxy (RaftServerProxy.java:lambda$start$3(299)) - 6a71ef53-ab22-4528-adad-9f6a8b03666b: start RPC server
2020-04-23 23:59:22,841 [Datanode State Machine Thread - 0] INFO  server.GrpcService (GrpcService.java:startImpl(159)) - 6a71ef53-ab22-4528-adad-9f6a8b03666b: GrpcService started, listening on 0.0.0.0/0.0.0.0:35203
2020-04-23 23:59:22,841 [Datanode State Machine Thread - 0] INFO  ratis.XceiverServerRatis (XceiverServerRatis.java:start(436)) - XceiverServerRatis 6a71ef53-ab22-4528-adad-9f6a8b03666b is started using port 35203
2020-04-23 23:59:22,841 [Datanode State Machine Thread - 0] INFO  server.XceiverServerGrpc (XceiverServerGrpc.java:start(145)) - XceiverServerGrpc 6a71ef53-ab22-4528-adad-9f6a8b03666b is started using port 33091
2020-04-23 23:59:22,906 [Datanode State Machine Thread - 0] INFO  ozoneimpl.OzoneContainer (OzoneContainer.java:start(232)) - Attempting to start container services.
2020-04-23 23:59:22,907 [Datanode State Machine Thread - 0] INFO  ozoneimpl.OzoneContainer (OzoneContainer.java:startContainerScrub(196)) - Background container scanner has been disabled.
2020-04-23 23:59:22,907 [Datanode State Machine Thread - 0] INFO  ratis.XceiverServerRatis (XceiverServerRatis.java:start(424)) - Starting XceiverServerRatis e5f9a532-26d6-4fde-b118-89afbb9e15e9 at port 0
2020-04-23 23:59:22,907 [Datanode State Machine Thread - 0] INFO  impl.RaftServerProxy (RaftServerProxy.java:lambda$start$3(299)) - e5f9a532-26d6-4fde-b118-89afbb9e15e9: start RPC server
2020-04-23 23:59:22,908 [Datanode State Machine Thread - 0] INFO  server.GrpcService (GrpcService.java:startImpl(159)) - e5f9a532-26d6-4fde-b118-89afbb9e15e9: GrpcService started, listening on 0.0.0.0/0.0.0.0:38999
2020-04-23 23:59:22,908 [Datanode State Machine Thread - 0] INFO  ratis.XceiverServerRatis (XceiverServerRatis.java:start(436)) - XceiverServerRatis e5f9a532-26d6-4fde-b118-89afbb9e15e9 is started using port 38999
2020-04-23 23:59:22,911 [Datanode State Machine Thread - 0] INFO  server.XceiverServerGrpc (XceiverServerGrpc.java:start(145)) - XceiverServerGrpc e5f9a532-26d6-4fde-b118-89afbb9e15e9 is started using port 34713
2020-04-23 23:59:22,973 [Datanode State Machine Thread - 0] INFO  ozoneimpl.OzoneContainer (OzoneContainer.java:start(232)) - Attempting to start container services.
2020-04-23 23:59:22,974 [Datanode State Machine Thread - 0] INFO  ozoneimpl.OzoneContainer (OzoneContainer.java:startContainerScrub(196)) - Background container scanner has been disabled.
2020-04-23 23:59:22,974 [Datanode State Machine Thread - 0] INFO  ratis.XceiverServerRatis (XceiverServerRatis.java:start(424)) - Starting XceiverServerRatis 016df35f-8c5c-427d-a7e6-984ca7ba6483 at port 0
2020-04-23 23:59:22,974 [Datanode State Machine Thread - 0] INFO  impl.RaftServerProxy (RaftServerProxy.java:lambda$start$3(299)) - 016df35f-8c5c-427d-a7e6-984ca7ba6483: start RPC server
2020-04-23 23:59:22,975 [Datanode State Machine Thread - 0] INFO  server.GrpcService (GrpcService.java:startImpl(159)) - 016df35f-8c5c-427d-a7e6-984ca7ba6483: GrpcService started, listening on 0.0.0.0/0.0.0.0:42761
2020-04-23 23:59:22,975 [Datanode State Machine Thread - 0] INFO  ratis.XceiverServerRatis (XceiverServerRatis.java:start(436)) - XceiverServerRatis 016df35f-8c5c-427d-a7e6-984ca7ba6483 is started using port 42761
2020-04-23 23:59:22,976 [Datanode State Machine Thread - 0] INFO  server.XceiverServerGrpc (XceiverServerGrpc.java:start(145)) - XceiverServerGrpc 016df35f-8c5c-427d-a7e6-984ca7ba6483 is started using port 37385
2020-04-23 23:59:23,046 [Datanode State Machine Thread - 0] INFO  ozoneimpl.OzoneContainer (OzoneContainer.java:start(232)) - Attempting to start container services.
2020-04-23 23:59:23,046 [Datanode State Machine Thread - 0] INFO  ozoneimpl.OzoneContainer (OzoneContainer.java:startContainerScrub(196)) - Background container scanner has been disabled.
2020-04-23 23:59:23,046 [Datanode State Machine Thread - 0] INFO  ratis.XceiverServerRatis (XceiverServerRatis.java:start(424)) - Starting XceiverServerRatis 876d9ba1-69a9-4755-8e81-598d06cf1648 at port 0
2020-04-23 23:59:23,047 [Datanode State Machine Thread - 0] INFO  impl.RaftServerProxy (RaftServerProxy.java:lambda$start$3(299)) - 876d9ba1-69a9-4755-8e81-598d06cf1648: start RPC server
2020-04-23 23:59:23,048 [Datanode State Machine Thread - 0] INFO  server.GrpcService (GrpcService.java:startImpl(159)) - 876d9ba1-69a9-4755-8e81-598d06cf1648: GrpcService started, listening on 0.0.0.0/0.0.0.0:45017
2020-04-23 23:59:23,048 [Datanode State Machine Thread - 0] INFO  ratis.XceiverServerRatis (XceiverServerRatis.java:start(436)) - XceiverServerRatis 876d9ba1-69a9-4755-8e81-598d06cf1648 is started using port 45017
2020-04-23 23:59:23,048 [Datanode State Machine Thread - 0] INFO  server.XceiverServerGrpc (XceiverServerGrpc.java:start(145)) - XceiverServerGrpc 876d9ba1-69a9-4755-8e81-598d06cf1648 is started using port 44789
2020-04-23 23:59:23,113 [Datanode State Machine Thread - 0] INFO  ozoneimpl.OzoneContainer (OzoneContainer.java:start(232)) - Attempting to start container services.
2020-04-23 23:59:23,113 [Datanode State Machine Thread - 0] INFO  ozoneimpl.OzoneContainer (OzoneContainer.java:startContainerScrub(196)) - Background container scanner has been disabled.
2020-04-23 23:59:23,113 [Datanode State Machine Thread - 0] INFO  ratis.XceiverServerRatis (XceiverServerRatis.java:start(424)) - Starting XceiverServerRatis 1acfe952-6c35-481d-9534-c97fd0c89230 at port 0
2020-04-23 23:59:23,114 [Datanode State Machine Thread - 0] INFO  impl.RaftServerProxy (RaftServerProxy.java:lambda$start$3(299)) - 1acfe952-6c35-481d-9534-c97fd0c89230: start RPC server
2020-04-23 23:59:23,115 [Datanode State Machine Thread - 0] INFO  server.GrpcService (GrpcService.java:startImpl(159)) - 1acfe952-6c35-481d-9534-c97fd0c89230: GrpcService started, listening on 0.0.0.0/0.0.0.0:46429
2020-04-23 23:59:23,115 [Datanode State Machine Thread - 0] INFO  ratis.XceiverServerRatis (XceiverServerRatis.java:start(436)) - XceiverServerRatis 1acfe952-6c35-481d-9534-c97fd0c89230 is started using port 46429
2020-04-23 23:59:23,116 [Datanode State Machine Thread - 0] INFO  server.XceiverServerGrpc (XceiverServerGrpc.java:start(145)) - XceiverServerGrpc 1acfe952-6c35-481d-9534-c97fd0c89230 is started using port 44891
2020-04-23 23:59:23,169 [main] INFO  ozone.MiniOzoneClusterImpl (MiniOzoneClusterImpl.java:lambda$waitForClusterToBeReady$0(177)) - Waiting for nodes to be ready. Got 0 of 7 DN Heartbeats.
2020-04-23 23:59:23,169 [main] INFO  ozone.MiniOzoneClusterImpl (MiniOzoneClusterImpl.java:lambda$waitForClusterToBeReady$0(180)) - Waiting for cluster to exit safe mode
2020-04-23 23:59:23,174 [Datanode State Machine Thread - 0] INFO  ozoneimpl.OzoneContainer (OzoneContainer.java:start(232)) - Attempting to start container services.
2020-04-23 23:59:23,174 [Datanode State Machine Thread - 0] INFO  ozoneimpl.OzoneContainer (OzoneContainer.java:startContainerScrub(196)) - Background container scanner has been disabled.
2020-04-23 23:59:23,174 [Datanode State Machine Thread - 0] INFO  ratis.XceiverServerRatis (XceiverServerRatis.java:start(424)) - Starting XceiverServerRatis 545022e8-5328-4925-abb3-0aab3242966c at port 0
2020-04-23 23:59:23,175 [Datanode State Machine Thread - 0] INFO  impl.RaftServerProxy (RaftServerProxy.java:lambda$start$3(299)) - 545022e8-5328-4925-abb3-0aab3242966c: start RPC server
2020-04-23 23:59:23,176 [Datanode State Machine Thread - 0] INFO  server.GrpcService (GrpcService.java:startImpl(159)) - 545022e8-5328-4925-abb3-0aab3242966c: GrpcService started, listening on 0.0.0.0/0.0.0.0:39841
2020-04-23 23:59:23,176 [Datanode State Machine Thread - 0] INFO  ratis.XceiverServerRatis (XceiverServerRatis.java:start(436)) - XceiverServerRatis 545022e8-5328-4925-abb3-0aab3242966c is started using port 39841
2020-04-23 23:59:23,176 [Datanode State Machine Thread - 0] INFO  server.XceiverServerGrpc (XceiverServerGrpc.java:start(145)) - XceiverServerGrpc 545022e8-5328-4925-abb3-0aab3242966c is started using port 41835
2020-04-23 23:59:24,169 [main] INFO  ozone.MiniOzoneClusterImpl (MiniOzoneClusterImpl.java:lambda$waitForClusterToBeReady$0(177)) - Waiting for nodes to be ready. Got 0 of 7 DN Heartbeats.
2020-04-23 23:59:24,169 [main] INFO  ozone.MiniOzoneClusterImpl (MiniOzoneClusterImpl.java:lambda$waitForClusterToBeReady$0(180)) - Waiting for cluster to exit safe mode
2020-04-23 23:59:24,769 [IPC Server handler 0 on 34557] INFO  net.NetworkTopology (NetworkTopologyImpl.java:add(111)) - Added a new node: /default-rack/0dc7066e-405b-4780-99cf-1352f26c2a84
2020-04-23 23:59:24,769 [IPC Server handler 0 on 34557] INFO  node.SCMNodeManager (SCMNodeManager.java:register(268)) - Registered Data node : 0dc7066e-405b-4780-99cf-1352f26c2a84{ip: 172.17.0.2, host: 9acf12ef3076, networkLocation: /default-rack, certSerialId: null}
2020-04-23 23:59:24,769 [RatisPipelineUtilsThread] INFO  pipeline.RatisPipelineProvider (RatisPipelineProvider.java:lambda$create$0(138)) - Sending CreatePipelineCommand for pipeline:PipelineID=d2a5d606-b435-4697-b97c-50d3f3f7cbd5 to datanode:0dc7066e-405b-4780-99cf-1352f26c2a84
2020-04-23 23:59:24,771 [RatisPipelineUtilsThread] INFO  pipeline.PipelineStateManager (PipelineStateManager.java:addPipeline(54)) - Created pipeline Pipeline[ Id: d2a5d606-b435-4697-b97c-50d3f3f7cbd5, Nodes: 0dc7066e-405b-4780-99cf-1352f26c2a84{ip: 172.17.0.2, host: 9acf12ef3076, networkLocation: /default-rack, certSerialId: null}, Type:RATIS, Factor:ONE, State:ALLOCATED, leaderId:null, CreationTimestamp2020-04-23T23:59:24.769Z]
2020-04-23 23:59:24,771 [EventQueue-NodeRegistrationContainerReportForContainerSafeModeRule] INFO  safemode.SCMSafeModeManager (SCMSafeModeManager.java:validateSafeModeExitRules(183)) - ContainerSafeModeRule rule is successfully validated
2020-04-23 23:59:24,772 [RatisPipelineUtilsThread] ERROR pipeline.SCMPipelineManager (SCMPipelineManager.java:createPipeline(222)) - Failed to create pipeline of type RATIS and factor ONE. Exception: Cannot create pipeline of factor 1 using 0 nodes. Used 1 nodes. Healthy nodes 1
2020-04-23 23:59:24,772 [EventQueue-NodeRegistrationContainerReportForDataNodeSafeModeRule] INFO  safemode.SCMSafeModeManager (DataNodeSafeModeRule.java:process(71)) - SCM in safe mode. 1 DataNodes registered, 1 required.
2020-04-23 23:59:24,776 [EventQueue-NodeRegistrationContainerReportForDataNodeSafeModeRule] INFO  safemode.SCMSafeModeManager (SCMSafeModeManager.java:validateSafeModeExitRules(183)) - DataNodeSafeModeRule rule is successfully validated
2020-04-23 23:59:24,776 [EventQueue-NodeRegistrationContainerReportForDataNodeSafeModeRule] INFO  safemode.SCMSafeModeManager (SCMSafeModeManager.java:completePreCheck(211)) - All SCM safe mode pre check rules have passed
2020-04-23 23:59:24,777 [RatisPipelineUtilsThread] ERROR pipeline.SCMPipelineManager (SCMPipelineManager.java:createPipeline(222)) - Failed to create pipeline of type RATIS and factor ONE. Exception: Cannot create pipeline of factor 1 using 0 nodes. Used 1 nodes. Healthy nodes 1
2020-04-23 23:59:24,777 [RatisPipelineUtilsThread] WARN  pipeline.PipelinePlacementPolicy (PipelinePlacementPolicy.java:filterViableNodes(132)) - Pipeline creation failed due to no sufficient healthy datanodes. Required 3. Found 1.
2020-04-23 23:59:24,777 [RatisPipelineUtilsThread] ERROR pipeline.SCMPipelineManager (SCMPipelineManager.java:createPipeline(222)) - Failed to create pipeline of type RATIS and factor THREE. Exception: Pipeline creation failed due to no sufficient healthy datanodes. Required 3. Found 1.
2020-04-23 23:59:24,836 [IPC Server handler 1 on 34557] INFO  net.NetworkTopology (NetworkTopologyImpl.java:add(111)) - Added a new node: /default-rack/6a71ef53-ab22-4528-adad-9f6a8b03666b
2020-04-23 23:59:24,836 [IPC Server handler 1 on 34557] INFO  node.SCMNodeManager (SCMNodeManager.java:register(268)) - Registered Data node : 6a71ef53-ab22-4528-adad-9f6a8b03666b{ip: 172.17.0.2, host: 9acf12ef3076, networkLocation: /default-rack, certSerialId: null}
2020-04-23 23:59:24,836 [RatisPipelineUtilsThread] INFO  pipeline.RatisPipelineProvider (RatisPipelineProvider.java:lambda$create$0(138)) - Sending CreatePipelineCommand for pipeline:PipelineID=582368cc-245a-4fee-847c-286a3327c581 to datanode:6a71ef53-ab22-4528-adad-9f6a8b03666b
2020-04-23 23:59:24,837 [EventQueue-NodeRegistrationContainerReportForContainerSafeModeRule] INFO  safemode.SCMSafeModeManager (SCMSafeModeManager.java:validateSafeModeExitRules(183)) - ContainerSafeModeRule rule is successfully validated
2020-04-23 23:59:24,837 [EventQueue-NodeRegistrationContainerReportForDataNodeSafeModeRule] INFO  safemode.SCMSafeModeManager (SCMSafeModeManager.java:validateSafeModeExitRules(183)) - DataNodeSafeModeRule rule is successfully validated
2020-04-23 23:59:24,837 [RatisPipelineUtilsThread] INFO  pipeline.PipelineStateManager (PipelineStateManager.java:addPipeline(54)) - Created pipeline Pipeline[ Id: 582368cc-245a-4fee-847c-286a3327c581, Nodes: 6a71ef53-ab22-4528-adad-9f6a8b03666b{ip: 172.17.0.2, host: 9acf12ef3076, networkLocation: /default-rack, certSerialId: null}, Type:RATIS, Factor:ONE, State:ALLOCATED, leaderId:null, CreationTimestamp2020-04-23T23:59:24.836Z]
2020-04-23 23:59:24,837 [RatisPipelineUtilsThread] ERROR pipeline.SCMPipelineManager (SCMPipelineManager.java:createPipeline(222)) - Failed to create pipeline of type RATIS and factor ONE. Exception: Cannot create pipeline of factor 1 using 0 nodes. Used 2 nodes. Healthy nodes 2
2020-04-23 23:59:24,837 [RatisPipelineUtilsThread] WARN  pipeline.PipelinePlacementPolicy (PipelinePlacementPolicy.java:filterViableNodes(132)) - Pipeline creation failed due to no sufficient healthy datanodes. Required 3. Found 2.
2020-04-23 23:59:24,837 [RatisPipelineUtilsThread] ERROR pipeline.SCMPipelineManager (SCMPipelineManager.java:createPipeline(222)) - Failed to create pipeline of type RATIS and factor THREE. Exception: Pipeline creation failed due to no sufficient healthy datanodes. Required 3. Found 2.
2020-04-23 23:59:24,904 [IPC Server handler 2 on 34557] INFO  net.NetworkTopology (NetworkTopologyImpl.java:add(111)) - Added a new node: /default-rack/e5f9a532-26d6-4fde-b118-89afbb9e15e9
2020-04-23 23:59:24,904 [IPC Server handler 2 on 34557] INFO  node.SCMNodeManager (SCMNodeManager.java:register(268)) - Registered Data node : e5f9a532-26d6-4fde-b118-89afbb9e15e9{ip: 172.17.0.2, host: 9acf12ef3076, networkLocation: /default-rack, certSerialId: null}
2020-04-23 23:59:24,905 [RatisPipelineUtilsThread] INFO  pipeline.RatisPipelineProvider (RatisPipelineProvider.java:lambda$create$0(138)) - Sending CreatePipelineCommand for pipeline:PipelineID=bf335a2f-6ed9-456e-8a24-ed3246ca88c1 to datanode:e5f9a532-26d6-4fde-b118-89afbb9e15e9
2020-04-23 23:59:24,905 [EventQueue-NodeRegistrationContainerReportForContainerSafeModeRule] INFO  safemode.SCMSafeModeManager (SCMSafeModeManager.java:validateSafeModeExitRules(183)) - ContainerSafeModeRule rule is successfully validated
2020-04-23 23:59:24,905 [EventQueue-NodeRegistrationContainerReportForDataNodeSafeModeRule] INFO  safemode.SCMSafeModeManager (SCMSafeModeManager.java:validateSafeModeExitRules(183)) - DataNodeSafeModeRule rule is successfully validated
2020-04-23 23:59:24,905 [RatisPipelineUtilsThread] INFO  pipeline.PipelineStateManager (PipelineStateManager.java:addPipeline(54)) - Created pipeline Pipeline[ Id: bf335a2f-6ed9-456e-8a24-ed3246ca88c1, Nodes: e5f9a532-26d6-4fde-b118-89afbb9e15e9{ip: 172.17.0.2, host: 9acf12ef3076, networkLocation: /default-rack, certSerialId: null}, Type:RATIS, Factor:ONE, State:ALLOCATED, leaderId:null, CreationTimestamp2020-04-23T23:59:24.905Z]
2020-04-23 23:59:24,905 [RatisPipelineUtilsThread] ERROR pipeline.SCMPipelineManager (SCMPipelineManager.java:createPipeline(222)) - Failed to create pipeline of type RATIS and factor ONE. Exception: Cannot create pipeline of factor 1 using 0 nodes. Used 3 nodes. Healthy nodes 3
2020-04-23 23:59:24,905 [RatisPipelineUtilsThread] INFO  pipeline.RatisPipelineProvider (RatisPipelineProvider.java:lambda$create$0(138)) - Sending CreatePipelineCommand for pipeline:PipelineID=e2143834-5a02-4cab-ae28-a2c853f9d6f0 to datanode:e5f9a532-26d6-4fde-b118-89afbb9e15e9
2020-04-23 23:59:24,905 [RatisPipelineUtilsThread] INFO  pipeline.RatisPipelineProvider (RatisPipelineProvider.java:lambda$create$0(138)) - Sending CreatePipelineCommand for pipeline:PipelineID=e2143834-5a02-4cab-ae28-a2c853f9d6f0 to datanode:0dc7066e-405b-4780-99cf-1352f26c2a84
2020-04-23 23:59:24,905 [RatisPipelineUtilsThread] INFO  pipeline.RatisPipelineProvider (RatisPipelineProvider.java:lambda$create$0(138)) - Sending CreatePipelineCommand for pipeline:PipelineID=e2143834-5a02-4cab-ae28-a2c853f9d6f0 to datanode:6a71ef53-ab22-4528-adad-9f6a8b03666b
2020-04-23 23:59:24,906 [RatisPipelineUtilsThread] INFO  pipeline.PipelineStateManager (PipelineStateManager.java:addPipeline(54)) - Created pipeline Pipeline[ Id: e2143834-5a02-4cab-ae28-a2c853f9d6f0, Nodes: e5f9a532-26d6-4fde-b118-89afbb9e15e9{ip: 172.17.0.2, host: 9acf12ef3076, networkLocation: /default-rack, certSerialId: null}0dc7066e-405b-4780-99cf-1352f26c2a84{ip: 172.17.0.2, host: 9acf12ef3076, networkLocation: /default-rack, certSerialId: null}6a71ef53-ab22-4528-adad-9f6a8b03666b{ip: 172.17.0.2, host: 9acf12ef3076, networkLocation: /default-rack, certSerialId: null}, Type:RATIS, Factor:THREE, State:ALLOCATED, leaderId:null, CreationTimestamp2020-04-23T23:59:24.905Z]
2020-04-23 23:59:24,906 [RatisPipelineUtilsThread] INFO  pipeline.RatisPipelineProvider (RatisPipelineProvider.java:lambda$create$0(138)) - Sending CreatePipelineCommand for pipeline:PipelineID=178afc60-d102-43ae-8369-75a9193c1aaf to datanode:e5f9a532-26d6-4fde-b118-89afbb9e15e9
2020-04-23 23:59:24,906 [RatisPipelineUtilsThread] INFO  pipeline.RatisPipelineProvider (RatisPipelineProvider.java:lambda$create$0(138)) - Sending CreatePipelineCommand for pipeline:PipelineID=178afc60-d102-43ae-8369-75a9193c1aaf to datanode:0dc7066e-405b-4780-99cf-1352f26c2a84
2020-04-23 23:59:24,906 [RatisPipelineUtilsThread] INFO  pipeline.RatisPipelineProvider (RatisPipelineProvider.java:lambda$create$0(138)) - Sending CreatePipelineCommand for pipeline:PipelineID=178afc60-d102-43ae-8369-75a9193c1aaf to datanode:6a71ef53-ab22-4528-adad-9f6a8b03666b
2020-04-23 23:59:24,906 [RatisPipelineUtilsThread] INFO  pipeline.PipelineStateManager (PipelineStateManager.java:addPipeline(54)) - Created pipeline Pipeline[ Id: 178afc60-d102-43ae-8369-75a9193c1aaf, Nodes: e5f9a532-26d6-4fde-b118-89afbb9e15e9{ip: 172.17.0.2, host: 9acf12ef3076, networkLocation: /default-rack, certSerialId: null}0dc7066e-405b-4780-99cf-1352f26c2a84{ip: 172.17.0.2, host: 9acf12ef3076, networkLocation: /default-rack, certSerialId: null}6a71ef53-ab22-4528-adad-9f6a8b03666b{ip: 172.17.0.2, host: 9acf12ef3076, networkLocation: /default-rack, certSerialId: null}, Type:RATIS, Factor:THREE, State:ALLOCATED, leaderId:null, CreationTimestamp2020-04-23T23:59:24.906Z]
2020-04-23 23:59:24,906 [RatisPipelineUtilsThread] INFO  pipeline.SCMPipelineManager (SCMPipelineManager.java:recordMetricsForPipeline(187)) - Pipeline: PipelineID=178afc60-d102-43ae-8369-75a9193c1aaf contains same datanodes as previous pipelines: PipelineID=e2143834-5a02-4cab-ae28-a2c853f9d6f0 nodeIds: e5f9a532-26d6-4fde-b118-89afbb9e15e9, 0dc7066e-405b-4780-99cf-1352f26c2a84, 6a71ef53-ab22-4528-adad-9f6a8b03666b
2020-04-23 23:59:24,906 [RatisPipelineUtilsThread] ERROR pipeline.SCMPipelineManager (SCMPipelineManager.java:createPipeline(222)) - Failed to create pipeline of type RATIS and factor THREE. Exception: Pipeline creation failed because nodes are engaged in other pipelines and every node can only be engaged in max 3 pipelines. Required 3. Found 0
2020-04-23 23:59:24,972 [IPC Server handler 3 on 34557] INFO  net.NetworkTopology (NetworkTopologyImpl.java:add(111)) - Added a new node: /default-rack/016df35f-8c5c-427d-a7e6-984ca7ba6483
2020-04-23 23:59:24,972 [IPC Server handler 3 on 34557] INFO  node.SCMNodeManager (SCMNodeManager.java:register(268)) - Registered Data node : 016df35f-8c5c-427d-a7e6-984ca7ba6483{ip: 172.17.0.2, host: 9acf12ef3076, networkLocation: /default-rack, certSerialId: null}
2020-04-23 23:59:24,972 [EventQueue-NodeRegistrationContainerReportForDataNodeSafeModeRule] INFO  safemode.SCMSafeModeManager (SCMSafeModeManager.java:validateSafeModeExitRules(183)) - DataNodeSafeModeRule rule is successfully validated
2020-04-23 23:59:24,972 [EventQueue-NodeRegistrationContainerReportForContainerSafeModeRule] INFO  safemode.SCMSafeModeManager (SCMSafeModeManager.java:validateSafeModeExitRules(183)) - ContainerSafeModeRule rule is successfully validated
2020-04-23 23:59:24,973 [RatisPipelineUtilsThread] INFO  pipeline.RatisPipelineProvider (RatisPipelineProvider.java:lambda$create$0(138)) - Sending CreatePipelineCommand for pipeline:PipelineID=118a0461-47df-47fe-955a-66104ec5064e to datanode:016df35f-8c5c-427d-a7e6-984ca7ba6483
2020-04-23 23:59:24,973 [RatisPipelineUtilsThread] INFO  pipeline.PipelineStateManager (PipelineStateManager.java:addPipeline(54)) - Created pipeline Pipeline[ Id: 118a0461-47df-47fe-955a-66104ec5064e, Nodes: 016df35f-8c5c-427d-a7e6-984ca7ba6483{ip: 172.17.0.2, host: 9acf12ef3076, networkLocation: /default-rack, certSerialId: null}, Type:RATIS, Factor:ONE, State:ALLOCATED, leaderId:null, CreationTimestamp2020-04-23T23:59:24.973Z]
2020-04-23 23:59:24,973 [RatisPipelineUtilsThread] ERROR pipeline.SCMPipelineManager (SCMPipelineManager.java:createPipeline(222)) - Failed to create pipeline of type RATIS and factor ONE. Exception: Cannot create pipeline of factor 1 using 0 nodes. Used 4 nodes. Healthy nodes 4
2020-04-23 23:59:24,974 [RatisPipelineUtilsThread] ERROR pipeline.SCMPipelineManager (SCMPipelineManager.java:createPipeline(222)) - Failed to create pipeline of type RATIS and factor THREE. Exception: Pipeline creation failed because nodes are engaged in other pipelines and every node can only be engaged in max 3 pipelines. Required 3. Found 1
2020-04-23 23:59:25,044 [IPC Server handler 4 on 34557] INFO  net.NetworkTopology (NetworkTopologyImpl.java:add(111)) - Added a new node: /default-rack/876d9ba1-69a9-4755-8e81-598d06cf1648
2020-04-23 23:59:25,044 [IPC Server handler 4 on 34557] INFO  node.SCMNodeManager (SCMNodeManager.java:register(268)) - Registered Data node : 876d9ba1-69a9-4755-8e81-598d06cf1648{ip: 172.17.0.2, host: 9acf12ef3076, networkLocation: /default-rack, certSerialId: null}
2020-04-23 23:59:25,044 [EventQueue-NodeRegistrationContainerReportForContainerSafeModeRule] INFO  safemode.SCMSafeModeManager (SCMSafeModeManager.java:validateSafeModeExitRules(183)) - ContainerSafeModeRule rule is successfully validated
2020-04-23 23:59:25,045 [EventQueue-NodeRegistrationContainerReportForDataNodeSafeModeRule] INFO  safemode.SCMSafeModeManager (SCMSafeModeManager.java:validateSafeModeExitRules(183)) - DataNodeSafeModeRule rule is successfully validated
2020-04-23 23:59:25,046 [RatisPipelineUtilsThread] INFO  pipeline.RatisPipelineProvider (RatisPipelineProvider.java:lambda$create$0(138)) - Sending CreatePipelineCommand for pipeline:PipelineID=038b0e63-cded-40b6-a417-491188fbc516 to datanode:876d9ba1-69a9-4755-8e81-598d06cf1648
2020-04-23 23:59:25,046 [RatisPipelineUtilsThread] INFO  pipeline.PipelineStateManager (PipelineStateManager.java:addPipeline(54)) - Created pipeline Pipeline[ Id: 038b0e63-cded-40b6-a417-491188fbc516, Nodes: 876d9ba1-69a9-4755-8e81-598d06cf1648{ip: 172.17.0.2, host: 9acf12ef3076, networkLocation: /default-rack, certSerialId: null}, Type:RATIS, Factor:ONE, State:ALLOCATED, leaderId:null, CreationTimestamp2020-04-23T23:59:25.046Z]
2020-04-23 23:59:25,047 [RatisPipelineUtilsThread] ERROR pipeline.SCMPipelineManager (SCMPipelineManager.java:createPipeline(222)) - Failed to create pipeline of type RATIS and factor ONE. Exception: Cannot create pipeline of factor 1 using 0 nodes. Used 5 nodes. Healthy nodes 5
2020-04-23 23:59:25,048 [RatisPipelineUtilsThread] ERROR pipeline.SCMPipelineManager (SCMPipelineManager.java:createPipeline(222)) - Failed to create pipeline of type RATIS and factor THREE. Exception: Pipeline creation failed because nodes are engaged in other pipelines and every node can only be engaged in max 3 pipelines. Required 3. Found 2
2020-04-23 23:59:25,113 [IPC Server handler 6 on 34557] INFO  net.NetworkTopology (NetworkTopologyImpl.java:add(111)) - Added a new node: /default-rack/1acfe952-6c35-481d-9534-c97fd0c89230
2020-04-23 23:59:25,113 [IPC Server handler 6 on 34557] INFO  node.SCMNodeManager (SCMNodeManager.java:register(268)) - Registered Data node : 1acfe952-6c35-481d-9534-c97fd0c89230{ip: 172.17.0.2, host: 9acf12ef3076, networkLocation: /default-rack, certSerialId: null}
2020-04-23 23:59:25,113 [RatisPipelineUtilsThread] INFO  pipeline.RatisPipelineProvider (RatisPipelineProvider.java:lambda$create$0(138)) - Sending CreatePipelineCommand for pipeline:PipelineID=afd0209b-0753-49b2-8d62-edef3c729547 to datanode:1acfe952-6c35-481d-9534-c97fd0c89230
2020-04-23 23:59:25,113 [EventQueue-NodeRegistrationContainerReportForDataNodeSafeModeRule] INFO  safemode.SCMSafeModeManager (SCMSafeModeManager.java:validateSafeModeExitRules(183)) - DataNodeSafeModeRule rule is successfully validated
2020-04-23 23:59:25,113 [EventQueue-NodeRegistrationContainerReportForContainerSafeModeRule] INFO  safemode.SCMSafeModeManager (SCMSafeModeManager.java:validateSafeModeExitRules(183)) - ContainerSafeModeRule rule is successfully validated
2020-04-23 23:59:25,113 [RatisPipelineUtilsThread] INFO  pipeline.PipelineStateManager (PipelineStateManager.java:addPipeline(54)) - Created pipeline Pipeline[ Id: afd0209b-0753-49b2-8d62-edef3c729547, Nodes: 1acfe952-6c35-481d-9534-c97fd0c89230{ip: 172.17.0.2, host: 9acf12ef3076, networkLocation: /default-rack, certSerialId: null}, Type:RATIS, Factor:ONE, State:ALLOCATED, leaderId:null, CreationTimestamp2020-04-23T23:59:25.113Z]
2020-04-23 23:59:25,115 [RatisPipelineUtilsThread] ERROR pipeline.SCMPipelineManager (SCMPipelineManager.java:createPipeline(222)) - Failed to create pipeline of type RATIS and factor ONE. Exception: Cannot create pipeline of factor 1 using 0 nodes. Used 6 nodes. Healthy nodes 6
2020-04-23 23:59:25,115 [RatisPipelineUtilsThread] INFO  pipeline.RatisPipelineProvider (RatisPipelineProvider.java:lambda$create$0(138)) - Sending CreatePipelineCommand for pipeline:PipelineID=7e2d3a45-9ccc-4dac-a2c2-44a286af20f8 to datanode:016df35f-8c5c-427d-a7e6-984ca7ba6483
2020-04-23 23:59:25,116 [RatisPipelineUtilsThread] INFO  pipeline.RatisPipelineProvider (RatisPipelineProvider.java:lambda$create$0(138)) - Sending CreatePipelineCommand for pipeline:PipelineID=7e2d3a45-9ccc-4dac-a2c2-44a286af20f8 to datanode:1acfe952-6c35-481d-9534-c97fd0c89230
2020-04-23 23:59:25,116 [RatisPipelineUtilsThread] INFO  pipeline.RatisPipelineProvider (RatisPipelineProvider.java:lambda$create$0(138)) - Sending CreatePipelineCommand for pipeline:PipelineID=7e2d3a45-9ccc-4dac-a2c2-44a286af20f8 to datanode:876d9ba1-69a9-4755-8e81-598d06cf1648
2020-04-23 23:59:25,116 [RatisPipelineUtilsThread] INFO  pipeline.PipelineStateManager (PipelineStateManager.java:addPipeline(54)) - Created pipeline Pipeline[ Id: 7e2d3a45-9ccc-4dac-a2c2-44a286af20f8, Nodes: 016df35f-8c5c-427d-a7e6-984ca7ba6483{ip: 172.17.0.2, host: 9acf12ef3076, networkLocation: /default-rack, certSerialId: null}1acfe952-6c35-481d-9534-c97fd0c89230{ip: 172.17.0.2, host: 9acf12ef3076, networkLocation: /default-rack, certSerialId: null}876d9ba1-69a9-4755-8e81-598d06cf1648{ip: 172.17.0.2, host: 9acf12ef3076, networkLocation: /default-rack, certSerialId: null}, Type:RATIS, Factor:THREE, State:ALLOCATED, leaderId:null, CreationTimestamp2020-04-23T23:59:25.115Z]
2020-04-23 23:59:25,116 [RatisPipelineUtilsThread] INFO  pipeline.RatisPipelineProvider (RatisPipelineProvider.java:lambda$create$0(138)) - Sending CreatePipelineCommand for pipeline:PipelineID=cfe6af89-0a96-46bb-a044-06d9085f128c to datanode:016df35f-8c5c-427d-a7e6-984ca7ba6483
2020-04-23 23:59:25,116 [RatisPipelineUtilsThread] INFO  pipeline.RatisPipelineProvider (RatisPipelineProvider.java:lambda$create$0(138)) - Sending CreatePipelineCommand for pipeline:PipelineID=cfe6af89-0a96-46bb-a044-06d9085f128c to datanode:1acfe952-6c35-481d-9534-c97fd0c89230
2020-04-23 23:59:25,116 [RatisPipelineUtilsThread] INFO  pipeline.RatisPipelineProvider (RatisPipelineProvider.java:lambda$create$0(138)) - Sending CreatePipelineCommand for pipeline:PipelineID=cfe6af89-0a96-46bb-a044-06d9085f128c to datanode:876d9ba1-69a9-4755-8e81-598d06cf1648
2020-04-23 23:59:25,117 [RatisPipelineUtilsThread] INFO  pipeline.PipelineStateManager (PipelineStateManager.java:addPipeline(54)) - Created pipeline Pipeline[ Id: cfe6af89-0a96-46bb-a044-06d9085f128c, Nodes: 016df35f-8c5c-427d-a7e6-984ca7ba6483{ip: 172.17.0.2, host: 9acf12ef3076, networkLocation: /default-rack, certSerialId: null}1acfe952-6c35-481d-9534-c97fd0c89230{ip: 172.17.0.2, host: 9acf12ef3076, networkLocation: /default-rack, certSerialId: null}876d9ba1-69a9-4755-8e81-598d06cf1648{ip: 172.17.0.2, host: 9acf12ef3076, networkLocation: /default-rack, certSerialId: null}, Type:RATIS, Factor:THREE, State:ALLOCATED, leaderId:null, CreationTimestamp2020-04-23T23:59:25.116Z]
2020-04-23 23:59:25,117 [RatisPipelineUtilsThread] INFO  pipeline.SCMPipelineManager (SCMPipelineManager.java:recordMetricsForPipeline(187)) - Pipeline: PipelineID=cfe6af89-0a96-46bb-a044-06d9085f128c contains same datanodes as previous pipelines: PipelineID=7e2d3a45-9ccc-4dac-a2c2-44a286af20f8 nodeIds: 016df35f-8c5c-427d-a7e6-984ca7ba6483, 1acfe952-6c35-481d-9534-c97fd0c89230, 876d9ba1-69a9-4755-8e81-598d06cf1648
2020-04-23 23:59:25,117 [RatisPipelineUtilsThread] ERROR pipeline.SCMPipelineManager (SCMPipelineManager.java:createPipeline(222)) - Failed to create pipeline of type RATIS and factor THREE. Exception: Pipeline creation failed because nodes are engaged in other pipelines and every node can only be engaged in max 3 pipelines. Required 3. Found 0
2020-04-23 23:59:25,170 [main] INFO  ozone.MiniOzoneClusterImpl (MiniOzoneClusterImpl.java:lambda$waitForClusterToBeReady$0(177)) - Waiting for nodes to be ready. Got 6 of 7 DN Heartbeats.
2020-04-23 23:59:25,170 [main] INFO  ozone.MiniOzoneClusterImpl (MiniOzoneClusterImpl.java:lambda$waitForClusterToBeReady$0(180)) - Waiting for cluster to exit safe mode
2020-04-23 23:59:25,172 [IPC Server handler 7 on 34557] INFO  net.NetworkTopology (NetworkTopologyImpl.java:add(111)) - Added a new node: /default-rack/545022e8-5328-4925-abb3-0aab3242966c
2020-04-23 23:59:25,172 [IPC Server handler 7 on 34557] INFO  node.SCMNodeManager (SCMNodeManager.java:register(268)) - Registered Data node : 545022e8-5328-4925-abb3-0aab3242966c{ip: 172.17.0.2, host: 9acf12ef3076, networkLocation: /default-rack, certSerialId: null}
2020-04-23 23:59:25,172 [EventQueue-NodeRegistrationContainerReportForContainerSafeModeRule] INFO  safemode.SCMSafeModeManager (SCMSafeModeManager.java:validateSafeModeExitRules(183)) - ContainerSafeModeRule rule is successfully validated
2020-04-23 23:59:25,172 [EventQueue-NodeRegistrationContainerReportForDataNodeSafeModeRule] INFO  safemode.SCMSafeModeManager (SCMSafeModeManager.java:validateSafeModeExitRules(183)) - DataNodeSafeModeRule rule is successfully validated
2020-04-23 23:59:25,173 [RatisPipelineUtilsThread] INFO  pipeline.RatisPipelineProvider (RatisPipelineProvider.java:lambda$create$0(138)) - Sending CreatePipelineCommand for pipeline:PipelineID=51cffb4c-ed56-471d-93b7-6aa2a86a4bbc to datanode:545022e8-5328-4925-abb3-0aab3242966c
2020-04-23 23:59:25,173 [RatisPipelineUtilsThread] INFO  pipeline.PipelineStateManager (PipelineStateManager.java:addPipeline(54)) - Created pipeline Pipeline[ Id: 51cffb4c-ed56-471d-93b7-6aa2a86a4bbc, Nodes: 545022e8-5328-4925-abb3-0aab3242966c{ip: 172.17.0.2, host: 9acf12ef3076, networkLocation: /default-rack, certSerialId: null}, Type:RATIS, Factor:ONE, State:ALLOCATED, leaderId:null, CreationTimestamp2020-04-23T23:59:25.173Z]
2020-04-23 23:59:25,173 [RatisPipelineUtilsThread] ERROR pipeline.SCMPipelineManager (SCMPipelineManager.java:createPipeline(222)) - Failed to create pipeline of type RATIS and factor ONE. Exception: Cannot create pipeline of factor 1 using 0 nodes. Used 7 nodes. Healthy nodes 7
2020-04-23 23:59:25,173 [RatisPipelineUtilsThread] ERROR pipeline.SCMPipelineManager (SCMPipelineManager.java:createPipeline(222)) - Failed to create pipeline of type RATIS and factor THREE. Exception: Pipeline creation failed because nodes are engaged in other pipelines and every node can only be engaged in max 3 pipelines. Required 3. Found 1
2020-04-23 23:59:26,170 [main] INFO  ozone.MiniOzoneClusterImpl (MiniOzoneClusterImpl.java:lambda$waitForClusterToBeReady$0(177)) - Nodes are ready. Got 7 of 7 DN Heartbeats.
2020-04-23 23:59:26,170 [main] INFO  ozone.MiniOzoneClusterImpl (MiniOzoneClusterImpl.java:lambda$waitForClusterToBeReady$0(180)) - Waiting for cluster to exit safe mode
2020-04-23 23:59:27,171 [main] INFO  ozone.MiniOzoneClusterImpl (MiniOzoneClusterImpl.java:lambda$waitForClusterToBeReady$0(177)) - Nodes are ready. Got 7 of 7 DN Heartbeats.
2020-04-23 23:59:27,171 [main] INFO  ozone.MiniOzoneClusterImpl (MiniOzoneClusterImpl.java:lambda$waitForClusterToBeReady$0(180)) - Waiting for cluster to exit safe mode
2020-04-23 23:59:27,766 [Command processor thread] INFO  impl.RaftServerProxy (RaftServerProxy.java:addNew(89)) - 0dc7066e-405b-4780-99cf-1352f26c2a84: addNew group-50D3F3F7CBD5:[0dc7066e-405b-4780-99cf-1352f26c2a84:172.17.0.2:37081] returns group-50D3F3F7CBD5:java.util.concurrent.CompletableFuture@48dfb87[Not completed]
2020-04-23 23:59:27,767 [pool-954-thread-1] INFO  impl.RaftServerImpl (RaftServerImpl.java:<init>(97)) - 0dc7066e-405b-4780-99cf-1352f26c2a84: new RaftServerImpl for group-50D3F3F7CBD5:[0dc7066e-405b-4780-99cf-1352f26c2a84:172.17.0.2:37081] with ContainerStateMachine:uninitialized
2020-04-23 23:59:27,768 [pool-954-thread-1] INFO  server.RaftServerConfigKeys (ConfUtils.java:logGet(44)) - raft.server.rpc.timeout.min = 5s (custom)
2020-04-23 23:59:27,768 [pool-954-thread-1] INFO  server.RaftServerConfigKeys (ConfUtils.java:logGet(44)) - raft.server.rpc.timeout.max = 5200ms (custom)
2020-04-23 23:59:27,768 [pool-954-thread-1] INFO  server.RaftServerConfigKeys (ConfUtils.java:logGet(44)) - raft.server.rpcslowness.timeout = 300s (custom)
2020-04-23 23:59:27,768 [pool-954-thread-1] INFO  server.RaftServerConfigKeys (ConfUtils.java:logGet(44)) - raft.server.sleep.deviation.threshold = 300 (default)
2020-04-23 23:59:27,768 [pool-954-thread-1] INFO  server.RaftServerConfigKeys (ConfUtils.java:logGet(44)) - raft.server.log.appender.install.snapshot.enabled = false (custom)
2020-04-23 23:59:27,768 [pool-954-thread-1] INFO  impl.RaftServerImpl (ServerState.java:<init>(103)) - 0dc7066e-405b-4780-99cf-1352f26c2a84@group-50D3F3F7CBD5: ConfigurationManager, init=-1: [0dc7066e-405b-4780-99cf-1352f26c2a84:172.17.0.2:37081], old=null, confs=<EMPTY_MAP>
2020-04-23 23:59:27,768 [pool-954-thread-1] INFO  server.RaftServerConfigKeys (ConfUtils.java:logGet(44)) - raft.server.storage.dir = [/github/workspace/mnt/ozone/hadoop-ozone/integration-test/target/test-dir/MiniOzoneClusterImpl-5529f01a-5ac3-4bff-808e-3a81da285252/datanode-0/data/ratis] (custom)
2020-04-23 23:59:27,768 [pool-954-thread-1] INFO  server.RaftServerConfigKeys (ConfUtils.java:logGet(44)) - raft.server.log.corruption.policy = EXCEPTION (default)
2020-04-23 23:59:27,769 [pool-954-thread-1] INFO  storage.RaftStorageDirectory (RaftStorageDirectory.java:analyzeStorage(253)) - The storage directory /github/workspace/mnt/ozone/hadoop-ozone/integration-test/target/test-dir/MiniOzoneClusterImpl-5529f01a-5ac3-4bff-808e-3a81da285252/datanode-0/data/ratis/d2a5d606-b435-4697-b97c-50d3f3f7cbd5 does not exist. Creating ...
2020-04-23 23:59:27,770 [pool-954-thread-1] INFO  storage.RaftStorageDirectory (RaftStorageDirectory.java:tryLock(335)) - Lock on /github/workspace/mnt/ozone/hadoop-ozone/integration-test/target/test-dir/MiniOzoneClusterImpl-5529f01a-5ac3-4bff-808e-3a81da285252/datanode-0/data/ratis/d2a5d606-b435-4697-b97c-50d3f3f7cbd5/in_use.lock acquired by nodename 7490@9acf12ef3076
2020-04-23 23:59:27,771 [pool-954-thread-1] INFO  storage.RaftStorage (RaftStorage.java:format(84)) - Storage directory /github/workspace/mnt/ozone/hadoop-ozone/integration-test/target/test-dir/MiniOzoneClusterImpl-5529f01a-5ac3-4bff-808e-3a81da285252/datanode-0/data/ratis/d2a5d606-b435-4697-b97c-50d3f3f7cbd5 has been successfully formatted.
2020-04-23 23:59:27,772 [pool-954-thread-1] INFO  ratis.ContainerStateMachine (ContainerStateMachine.java:loadSnapshot(226)) - group-50D3F3F7CBD5: The snapshot info is null. Setting the last applied indexto:(t:0, i:~)
2020-04-23 23:59:27,772 [pool-954-thread-1] INFO  server.RaftServerConfigKeys (ConfUtils.java:logGet(44)) - raft.server.notification.no-leader.timeout = 60s (default)
2020-04-23 23:59:27,772 [pool-954-thread-1] INFO  server.RaftServerConfigKeys (ConfUtils.java:logGet(44)) - raft.server.log.use.memory = false (default)
2020-04-23 23:59:27,772 [pool-954-thread-1] INFO  server.RaftServerConfigKeys (ConfUtils.java:logGet(44)) - raft.server.log.purge.gap = 1000000 (custom)
2020-04-23 23:59:27,772 [pool-954-thread-1] INFO  server.RaftServerConfigKeys (ConfUtils.java:logGet(44)) - raft.server.log.appender.buffer.byte-limit = 33554432 (custom)
2020-04-23 23:59:27,772 [pool-954-thread-1] INFO  server.RaftServerConfigKeys (ConfUtils.java:logGet(44)) - raft.server.log.segment.size.max = 1048576 (custom)
2020-04-23 23:59:27,773 [pool-954-thread-1] INFO  metrics.RatisMetrics (RatisMetrics.java:lambda$create$0(39)) - Creating Metrics Registry : ratis.log_worker.0dc7066e-405b-4780-99cf-1352f26c2a84
2020-04-23 23:59:27,773 [EventQueue-PipelineReportForPipelineReportHandler] INFO  pipeline.PipelineStateManager (PipelineStateManager.java:openPipeline(131)) - Pipeline Pipeline[ Id: d2a5d606-b435-4697-b97c-50d3f3f7cbd5, Nodes: 0dc7066e-405b-4780-99cf-1352f26c2a84{ip: 172.17.0.2, host: 9acf12ef3076, networkLocation: /default-rack, certSerialId: null}, Type:RATIS, Factor:ONE, State:ALLOCATED, leaderId:0dc7066e-405b-4780-99cf-1352f26c2a84, CreationTimestamp2020-04-23T23:59:24.769Z] moved to OPEN state
2020-04-23 23:59:27,773 [pool-954-thread-1] INFO  server.RaftServerConfigKeys (ConfUtils.java:logGet(44)) - raft.server.log.segment.cache.num.max = 2 (custom)
2020-04-23 23:59:27,773 [pool-954-thread-1] INFO  segmented.SegmentedRaftLogWorker (SegmentedRaftLogWorker.java:<init>(176)) - new 0dc7066e-405b-4780-99cf-1352f26c2a84@group-50D3F3F7CBD5-SegmentedRaftLogWorker for RaftStorage:Storage Directory /github/workspace/mnt/ozone/hadoop-ozone/integration-test/target/test-dir/MiniOzoneClusterImpl-5529f01a-5ac3-4bff-808e-3a81da285252/datanode-0/data/ratis/d2a5d606-b435-4697-b97c-50d3f3f7cbd5
2020-04-23 23:59:27,774 [pool-954-thread-1] INFO  server.RaftServerConfigKeys (ConfUtils.java:logGet(44)) - raft.server.log.queue.byte-limit = 2147483647 (custom)
2020-04-23 23:59:27,774 [pool-954-thread-1] INFO  server.RaftServerConfigKeys (ConfUtils.java:logGet(44)) - raft.server.log.queue.element-limit = 1024 (custom)
2020-04-23 23:59:27,774 [pool-954-thread-1] INFO  server.RaftServerConfigKeys (ConfUtils.java:logGet(44)) - raft.server.log.segment.size.max = 1048576 (custom)
2020-04-23 23:59:27,774 [pool-954-thread-1] INFO  server.RaftServerConfigKeys (ConfUtils.java:logGet(44)) - raft.server.log.preallocated.size = 16384 (custom)
2020-04-23 23:59:27,775 [pool-954-thread-1] INFO  server.RaftServerConfigKeys (ConfUtils.java:logGet(44)) - raft.server.log.write.buffer.size = 1048576 (custom)
2020-04-23 23:59:27,775 [pool-954-thread-1] INFO  server.RaftServerConfigKeys (ConfUtils.java:logGet(44)) - raft.server.log.force.sync.num = 128 (default)
2020-04-23 23:59:27,775 [pool-954-thread-1] INFO  server.RaftServerConfigKeys (ConfUtils.java:logGet(44)) - raft.server.log.statemachine.data.sync = true (default)
2020-04-23 23:59:27,775 [pool-954-thread-1] INFO  server.RaftServerConfigKeys (ConfUtils.java:logGet(44)) - raft.server.log.statemachine.data.sync.timeout = 10s (default)
2020-04-23 23:59:27,775 [pool-954-thread-1] INFO  server.RaftServerConfigKeys (ConfUtils.java:logGet(44)) - raft.server.log.statemachine.data.sync.timeout.retry = -1 (default)
2020-04-23 23:59:27,775 [EventQueue-OpenPipelineForHealthyPipelineSafeModeRule] INFO  safemode.SCMSafeModeManager (HealthyPipelineSafeModeRule.java:process(132)) - SCM in safe mode. Healthy pipelines reported count is 0, required healthy pipeline reported count is 1
2020-04-23 23:59:27,778 [pool-954-thread-1] INFO  server.RaftServerConfigKeys (ConfUtils.java:logGet(44)) - raft.server.log.statemachine.data.caching.enabled = true (custom)
2020-04-23 23:59:27,779 [pool-954-thread-1] INFO  segmented.SegmentedRaftLogWorker (SegmentedRaftLogWorker.java:lambda$new$0(129)) - 0dc7066e-405b-4780-99cf-1352f26c2a84@group-50D3F3F7CBD5-SegmentedRaftLogWorker: flushIndex: setUnconditionally 0 -> -1
2020-04-23 23:59:27,780 [EventQueue-OpenPipelineForOneReplicaPipelineSafeModeRule] INFO  safemode.SCMSafeModeManager (SCMSafeModeManager.java:validateSafeModeExitRules(183)) - AtleastOneDatanodeReportedRule rule is successfully validated
2020-04-23 23:59:27,781 [pool-954-thread-1] INFO  server.RaftServerConfigKeys (ConfUtils.java:logGet(44)) - raft.server.snapshot.auto.trigger.enabled = true (custom)
2020-04-23 23:59:27,781 [pool-954-thread-1] INFO  server.RaftServerConfigKeys (ConfUtils.java:logGet(44)) - raft.server.snapshot.auto.trigger.threshold = 10000 (custom)
2020-04-23 23:59:27,781 [pool-954-thread-1] INFO  server.RaftServerConfigKeys (ConfUtils.java:logGet(44)) - raft.server.snapshot.retention.file.num = 5 (custom)
2020-04-23 23:59:27,781 [pool-954-thread-1] INFO  server.RaftServerConfigKeys (ConfUtils.java:logGet(44)) - raft.server.retrycache.expirytime = 600000ms (custom)
2020-04-23 23:59:27,781 [pool-954-thread-1] INFO  metrics.RatisMetrics (RatisMetrics.java:lambda$create$0(39)) - Creating Metrics Registry : ratis.leader_election.0dc7066e-405b-4780-99cf-1352f26c2a84@group-50D3F3F7CBD5
2020-04-23 23:59:27,782 [pool-954-thread-1] INFO  metrics.RatisMetrics (RatisMetrics.java:lambda$create$0(39)) - Creating Metrics Registry : ratis.server.0dc7066e-405b-4780-99cf-1352f26c2a84@group-50D3F3F7CBD5
2020-04-23 23:59:27,784 [pool-954-thread-1] INFO  impl.RaftServerImpl (RaftServerImpl.java:start(183)) - 0dc7066e-405b-4780-99cf-1352f26c2a84@group-50D3F3F7CBD5: start as a follower, conf=-1: [0dc7066e-405b-4780-99cf-1352f26c2a84:172.17.0.2:37081], old=null
2020-04-23 23:59:27,784 [pool-954-thread-1] INFO  impl.RaftServerImpl (RaftServerImpl.java:setRole(172)) - 0dc7066e-405b-4780-99cf-1352f26c2a84@group-50D3F3F7CBD5: changes role from      null to FOLLOWER at term 0 for startAsFollower
2020-04-23 23:59:27,784 [pool-954-thread-1] INFO  impl.RoleInfo (RoleInfo.java:updateAndGet(143)) - 0dc7066e-405b-4780-99cf-1352f26c2a84: start FollowerState
2020-04-23 23:59:27,785 [pool-954-thread-1] INFO  util.JmxRegister (JmxRegister.java:tryRegister(44)) - Successfully registered JMX Bean with object name Ratis:service=RaftServer,group=group-50D3F3F7CBD5,id=0dc7066e-405b-4780-99cf-1352f26c2a84
2020-04-23 23:59:27,785 [pool-954-thread-1] INFO  metrics.RatisMetrics (RatisMetrics.java:lambda$create$0(39)) - Creating Metrics Registry : ratis.state_machine.0dc7066e-405b-4780-99cf-1352f26c2a84@group-50D3F3F7CBD5
2020-04-23 23:59:27,786 [Command processor thread] INFO  commandhandler.CreatePipelineCommandHandler (CreatePipelineCommandHandler.java:handle(109)) - Created Pipeline RATIS ONE #id: "d2a5d606-b435-4697-b97c-50d3f3f7cbd5"
.
2020-04-23 23:59:27,786 [Command processor thread] INFO  impl.RaftServerProxy (RaftServerProxy.java:addNew(89)) - 0dc7066e-405b-4780-99cf-1352f26c2a84: addNew group-A2C853F9D6F0:[e5f9a532-26d6-4fde-b118-89afbb9e15e9:172.17.0.2:38999, 0dc7066e-405b-4780-99cf-1352f26c2a84:172.17.0.2:37081, 6a71ef53-ab22-4528-adad-9f6a8b03666b:172.17.0.2:35203] returns group-A2C853F9D6F0:java.util.concurrent.CompletableFuture@b27fce[Not completed]
2020-04-23 23:59:27,787 [pool-954-thread-1] INFO  impl.RaftServerImpl (RaftServerImpl.java:<init>(97)) - 0dc7066e-405b-4780-99cf-1352f26c2a84: new RaftServerImpl for group-A2C853F9D6F0:[e5f9a532-26d6-4fde-b118-89afbb9e15e9:172.17.0.2:38999, 0dc7066e-405b-4780-99cf-1352f26c2a84:172.17.0.2:37081, 6a71ef53-ab22-4528-adad-9f6a8b03666b:172.17.0.2:35203] with ContainerStateMachine:uninitialized
2020-04-23 23:59:27,787 [pool-954-thread-1] INFO  server.RaftServerConfigKeys (ConfUtils.java:logGet(44)) - raft.server.rpc.timeout.min = 5s (custom)
2020-04-23 23:59:27,787 [pool-954-thread-1] INFO  server.RaftServerConfigKeys (ConfUtils.java:logGet(44)) - raft.server.rpc.timeout.max = 5200ms (custom)
2020-04-23 23:59:27,787 [pool-954-thread-1] INFO  server.RaftServerConfigKeys (ConfUtils.java:logGet(44)) - raft.server.rpcslowness.timeout = 300s (custom)
2020-04-23 23:59:27,787 [pool-954-thread-1] INFO  server.RaftServerConfigKeys (ConfUtils.java:logGet(44)) - raft.server.sleep.deviation.threshold = 300 (default)
2020-04-23 23:59:27,787 [pool-954-thread-1] INFO  server.RaftServerConfigKeys (ConfUtils.java:logGet(44)) - raft.server.log.appender.install.snapshot.enabled = false (custom)
2020-04-23 23:59:27,787 [pool-954-thread-1] INFO  impl.RaftServerImpl (ServerState.java:<init>(103)) - 0dc7066e-405b-4780-99cf-1352f26c2a84@group-A2C853F9D6F0: ConfigurationManager, init=-1: [e5f9a532-26d6-4fde-b118-89afbb9e15e9:172.17.0.2:38999, 0dc7066e-405b-4780-99cf-1352f26c2a84:172.17.0.2:37081, 6a71ef53-ab22-4528-adad-9f6a8b03666b:172.17.0.2:35203], old=null, confs=<EMPTY_MAP>
2020-04-23 23:59:27,787 [pool-954-thread-1] INFO  server.RaftServerConfigKeys (ConfUtils.java:logGet(44)) - raft.server.storage.dir = [/github/workspace/mnt/ozone/hadoop-ozone/integration-test/target/test-dir/MiniOzoneClusterImpl-5529f01a-5ac3-4bff-808e-3a81da285252/datanode-0/data/ratis] (custom)
2020-04-23 23:59:27,787 [pool-954-thread-1] INFO  server.RaftServerConfigKeys (ConfUtils.java:logGet(44)) - raft.server.log.corruption.policy = EXCEPTION (default)
2020-04-23 23:59:27,787 [pool-954-thread-1] INFO  storage.RaftStorageDirectory (RaftStorageDirectory.java:analyzeStorage(253)) - The storage directory /github/workspace/mnt/ozone/hadoop-ozone/integration-test/target/test-dir/MiniOzoneClusterImpl-5529f01a-5ac3-4bff-808e-3a81da285252/datanode-0/data/ratis/e2143834-5a02-4cab-ae28-a2c853f9d6f0 does not exist. Creating ...
2020-04-23 23:59:27,788 [pool-954-thread-1] INFO  storage.RaftStorageDirectory (RaftStorageDirectory.java:tryLock(335)) - Lock on /github/workspace/mnt/ozone/hadoop-ozone/integration-test/target/test-dir/MiniOzoneClusterImpl-5529f01a-5ac3-4bff-808e-3a81da285252/datanode-0/data/ratis/e2143834-5a02-4cab-ae28-a2c853f9d6f0/in_use.lock acquired by nodename 7490@9acf12ef3076
2020-04-23 23:59:27,789 [pool-954-thread-1] INFO  storage.RaftStorage (RaftStorage.java:format(84)) - Storage directory /github/workspace/mnt/ozone/hadoop-ozone/integration-test/target/test-dir/MiniOzoneClusterImpl-5529f01a-5ac3-4bff-808e-3a81da285252/datanode-0/data/ratis/e2143834-5a02-4cab-ae28-a2c853f9d6f0 has been successfully formatted.
2020-04-23 23:59:27,789 [pool-954-thread-1] INFO  ratis.ContainerStateMachine (ContainerStateMachine.java:loadSnapshot(226)) - group-A2C853F9D6F0: The snapshot info is null. Setting the last applied indexto:(t:0, i:~)
2020-04-23 23:59:27,789 [pool-954-thread-1] INFO  server.RaftServerConfigKeys (ConfUtils.java:logGet(44)) - raft.server.notification.no-leader.timeout = 60s (default)
2020-04-23 23:59:27,790 [pool-954-thread-1] INFO  server.RaftServerConfigKeys (ConfUtils.java:logGet(44)) - raft.server.log.use.memory = false (default)
2020-04-23 23:59:27,790 [pool-954-thread-1] INFO  server.RaftServerConfigKeys (ConfUtils.java:logGet(44)) - raft.server.log.purge.gap = 1000000 (custom)
2020-04-23 23:59:27,790 [pool-954-thread-1] INFO  server.RaftServerConfigKeys (ConfUtils.java:logGet(44)) - raft.server.log.appender.buffer.byte-limit = 33554432 (custom)
2020-04-23 23:59:27,790 [pool-954-thread-1] INFO  server.RaftServerConfigKeys (ConfUtils.java:logGet(44)) - raft.server.log.segment.size.max = 1048576 (custom)
2020-04-23 23:59:27,790 [pool-954-thread-1] INFO  server.RaftServerConfigKeys (ConfUtils.java:logGet(44)) - raft.server.log.segment.cache.num.max = 2 (custom)
2020-04-23 23:59:27,790 [pool-954-thread-1] INFO  segmented.SegmentedRaftLogWorker (SegmentedRaftLogWorker.java:<init>(176)) - new 0dc7066e-405b-4780-99cf-1352f26c2a84@group-A2C853F9D6F0-SegmentedRaftLogWorker for RaftStorage:Storage Directory /github/workspace/mnt/ozone/hadoop-ozone/integration-test/target/test-dir/MiniOzoneClusterImpl-5529f01a-5ac3-4bff-808e-3a81da285252/datanode-0/data/ratis/e2143834-5a02-4cab-ae28-a2c853f9d6f0
2020-04-23 23:59:27,790 [pool-954-thread-1] INFO  server.RaftServerConfigKeys (ConfUtils.java:logGet(44)) - raft.server.log.queue.byte-limit = 2147483647 (custom)
2020-04-23 23:59:27,790 [pool-954-thread-1] INFO  server.RaftServerConfigKeys (ConfUtils.java:logGet(44)) - raft.server.log.queue.element-limit = 1024 (custom)
2020-04-23 23:59:27,790 [pool-954-thread-1] INFO  server.RaftServerConfigKeys (ConfUtils.java:logGet(44)) - raft.server.log.segment.size.max = 1048576 (custom)
2020-04-23 23:59:27,790 [pool-954-thread-1] INFO  server.RaftServerConfigKeys (ConfUtils.java:logGet(44)) - raft.server.log.preallocated.size = 16384 (custom)
2020-04-23 23:59:27,790 [pool-954-thread-1] INFO  server.RaftServerConfigKeys (ConfUtils.java:logGet(44)) - raft.server.log.write.buffer.size = 1048576 (custom)
2020-04-23 23:59:27,790 [pool-954-thread-1] INFO  server.RaftServerConfigKeys (ConfUtils.java:logGet(44)) - raft.server.log.force.sync.num = 128 (default)
2020-04-23 23:59:27,791 [pool-954-thread-1] INFO  server.RaftServerConfigKeys (ConfUtils.java:logGet(44)) - raft.server.log.statemachine.data.sync = true (default)
2020-04-23 23:59:27,791 [pool-954-thread-1] INFO  server.RaftServerConfigKeys (ConfUtils.java:logGet(44)) - raft.server.log.statemachine.data.sync.timeout = 10s (default)
2020-04-23 23:59:27,791 [pool-954-thread-1] INFO  server.RaftServerConfigKeys (ConfUtils.java:logGet(44)) - raft.server.log.statemachine.data.sync.timeout.retry = -1 (default)
2020-04-23 23:59:27,791 [pool-954-thread-1] INFO  server.RaftServerConfigKeys (ConfUtils.java:logGet(44)) - raft.server.log.statemachine.data.caching.enabled = true (custom)
2020-04-23 23:59:27,791 [pool-954-thread-1] INFO  segmented.SegmentedRaftLogWorker (SegmentedRaftLogWorker.java:lambda$new$0(129)) - 0dc7066e-405b-4780-99cf-1352f26c2a84@group-A2C853F9D6F0-SegmentedRaftLogWorker: flushIndex: setUnconditionally 0 -> -1
2020-04-23 23:59:27,791 [pool-954-thread-1] INFO  server.RaftServerConfigKeys (ConfUtils.java:logGet(44)) - raft.server.snapshot.auto.trigger.enabled = true (custom)
2020-04-23 23:59:27,791 [pool-954-thread-1] INFO  server.RaftServerConfigKeys (ConfUtils.java:logGet(44)) - raft.server.snapshot.auto.trigger.threshold = 10000 (custom)
2020-04-23 23:59:27,791 [pool-954-thread-1] INFO  server.RaftServerConfigKeys (ConfUtils.java:logGet(44)) - raft.server.snapshot.retention.file.num = 5 (custom)
2020-04-23 23:59:27,791 [pool-954-thread-1] INFO  server.RaftServerConfigKeys (ConfUtils.java:logGet(44)) - raft.server.retrycache.expirytime = 600000ms (custom)
2020-04-23 23:59:27,791 [pool-954-thread-1] INFO  metrics.RatisMetrics (RatisMetrics.java:lambda$create$0(39)) - Creating Metrics Registry : ratis.leader_election.0dc7066e-405b-4780-99cf-1352f26c2a84@group-A2C853F9D6F0
2020-04-23 23:59:27,792 [pool-954-thread-1] INFO  metrics.RatisMetrics (RatisMetrics.java:lambda$create$0(39)) - Creating Metrics Registry : ratis.server.0dc7066e-405b-4780-99cf-1352f26c2a84@group-A2C853F9D6F0
2020-04-23 23:59:27,795 [pool-954-thread-1] INFO  impl.RaftServerImpl (RaftServerImpl.java:start(183)) - 0dc7066e-405b-4780-99cf-1352f26c2a84@group-A2C853F9D6F0: start as a follower, conf=-1: [e5f9a532-26d6-4fde-b118-89afbb9e15e9:172.17.0.2:38999, 0dc7066e-405b-4780-99cf-1352f26c2a84:172.17.0.2:37081, 6a71ef53-ab22-4528-adad-9f6a8b03666b:172.17.0.2:35203], old=null
2020-04-23 23:59:27,795 [pool-954-thread-1] INFO  impl.RaftServerImpl (RaftServerImpl.java:setRole(172)) - 0dc7066e-405b-4780-99cf-1352f26c2a84@group-A2C853F9D6F0: changes role from      null to FOLLOWER at term 0 for startAsFollower
2020-04-23 23:59:27,795 [pool-954-thread-1] INFO  impl.RoleInfo (RoleInfo.java:updateAndGet(143)) - 0dc7066e-405b-4780-99cf-1352f26c2a84: start FollowerState
2020-04-23 23:59:27,795 [pool-954-thread-1] INFO  util.JmxRegister (JmxRegister.java:tryRegister(44)) - Successfully registered JMX Bean with object name Ratis:service=RaftServer,group=group-A2C853F9D6F0,id=0dc7066e-405b-4780-99cf-1352f26c2a84
2020-04-23 23:59:27,795 [pool-954-thread-1] INFO  metrics.RatisMetrics (RatisMetrics.java:lambda$create$0(39)) - Creating Metrics Registry : ratis.state_machine.0dc7066e-405b-4780-99cf-1352f26c2a84@group-A2C853F9D6F0
2020-04-23 23:59:27,807 [grpc-default-executor-2] INFO  impl.RaftServerProxy (RaftServerProxy.java:addNew(89)) - e5f9a532-26d6-4fde-b118-89afbb9e15e9: addNew group-A2C853F9D6F0:[e5f9a532-26d6-4fde-b118-89afbb9e15e9:172.17.0.2:38999, 0dc7066e-405b-4780-99cf-1352f26c2a84:172.17.0.2:37081, 6a71ef53-ab22-4528-adad-9f6a8b03666b:172.17.0.2:35203] returns group-A2C853F9D6F0:java.util.concurrent.CompletableFuture@11439398[Not completed]
2020-04-23 23:59:27,808 [pool-984-thread-1] INFO  impl.RaftServerImpl (RaftServerImpl.java:<init>(97)) - e5f9a532-26d6-4fde-b118-89afbb9e15e9: new RaftServerImpl for group-A2C853F9D6F0:[e5f9a532-26d6-4fde-b118-89afbb9e15e9:172.17.0.2:38999, 0dc7066e-405b-4780-99cf-1352f26c2a84:172.17.0.2:37081, 6a71ef53-ab22-4528-adad-9f6a8b03666b:172.17.0.2:35203] with ContainerStateMachine:uninitialized
2020-04-23 23:59:27,809 [pool-984-thread-1] INFO  server.RaftServerConfigKeys (ConfUtils.java:logGet(44)) - raft.server.rpc.timeout.min = 5s (custom)
2020-04-23 23:59:27,809 [pool-984-thread-1] INFO  server.RaftServerConfigKeys (ConfUtils.java:logGet(44)) - raft.server.rpc.timeout.max = 5200ms (custom)
2020-04-23 23:59:27,809 [pool-984-thread-1] INFO  server.RaftServerConfigKeys (ConfUtils.java:logGet(44)) - raft.server.rpcslowness.timeout = 300s (custom)
2020-04-23 23:59:27,809 [pool-984-thread-1] INFO  server.RaftServerConfigKeys (ConfUtils.java:logGet(44)) - raft.server.sleep.deviation.threshold = 300 (default)
2020-04-23 23:59:27,809 [pool-984-thread-1] INFO  server.RaftServerConfigKeys (ConfUtils.java:logGet(44)) - raft.server.log.appender.install.snapshot.enabled = false (custom)
2020-04-23 23:59:27,809 [pool-984-thread-1] INFO  impl.RaftServerImpl (ServerState.java:<init>(103)) - e5f9a532-26d6-4fde-b118-89afbb9e15e9@group-A2C853F9D6F0: ConfigurationManager, init=-1: [e5f9a532-26d6-4fde-b118-89afbb9e15e9:172.17.0.2:38999, 0dc7066e-405b-4780-99cf-1352f26c2a84:172.17.0.2:37081, 6a71ef53-ab22-4528-adad-9f6a8b03666b:172.17.0.2:35203], old=null, confs=<EMPTY_MAP>
2020-04-23 23:59:27,809 [pool-984-thread-1] INFO  server.RaftServerConfigKeys (ConfUtils.java:logGet(44)) - raft.server.storage.dir = [/github/workspace/mnt/ozone/hadoop-ozone/integration-test/target/test-dir/MiniOzoneClusterImpl-5529f01a-5ac3-4bff-808e-3a81da285252/datanode-2/data/ratis] (custom)
2020-04-23 23:59:27,810 [pool-984-thread-1] INFO  server.RaftServerConfigKeys (ConfUtils.java:logGet(44)) - raft.server.log.corruption.policy = EXCEPTION (default)
2020-04-23 23:59:27,810 [pool-984-thread-1] INFO  storage.RaftStorageDirectory (RaftStorageDirectory.java:analyzeStorage(253)) - The storage directory /github/workspace/mnt/ozone/hadoop-ozone/integration-test/target/test-dir/MiniOzoneClusterImpl-5529f01a-5ac3-4bff-808e-3a81da285252/datanode-2/data/ratis/e2143834-5a02-4cab-ae28-a2c853f9d6f0 does not exist. Creating ...
2020-04-23 23:59:27,810 [pool-984-thread-1] INFO  storage.RaftStorageDirectory (RaftStorageDirectory.java:tryLock(335)) - Lock on /github/workspace/mnt/ozone/hadoop-ozone/integration-test/target/test-dir/MiniOzoneClusterImpl-5529f01a-5ac3-4bff-808e-3a81da285252/datanode-2/data/ratis/e2143834-5a02-4cab-ae28-a2c853f9d6f0/in_use.lock acquired by nodename 7490@9acf12ef3076
2020-04-23 23:59:27,814 [pool-984-thread-1] INFO  storage.RaftStorage (RaftStorage.java:format(84)) - Storage directory /github/workspace/mnt/ozone/hadoop-ozone/integration-test/target/test-dir/MiniOzoneClusterImpl-5529f01a-5ac3-4bff-808e-3a81da285252/datanode-2/data/ratis/e2143834-5a02-4cab-ae28-a2c853f9d6f0 has been successfully formatted.
2020-04-23 23:59:27,815 [pool-984-thread-1] INFO  ratis.ContainerStateMachine (ContainerStateMachine.java:loadSnapshot(226)) - group-A2C853F9D6F0: The snapshot info is null. Setting the last applied indexto:(t:0, i:~)
2020-04-23 23:59:27,815 [pool-984-thread-1] INFO  server.RaftServerConfigKeys (ConfUtils.java:logGet(44)) - raft.server.notification.no-leader.timeout = 60s (default)
2020-04-23 23:59:27,815 [pool-984-thread-1] INFO  server.RaftServerConfigKeys (ConfUtils.java:logGet(44)) - raft.server.log.use.memory = false (default)
2020-04-23 23:59:27,815 [pool-984-thread-1] INFO  server.RaftServerConfigKeys (ConfUtils.java:logGet(44)) - raft.server.log.purge.gap = 1000000 (custom)
2020-04-23 23:59:27,815 [pool-984-thread-1] INFO  server.RaftServerConfigKeys (ConfUtils.java:logGet(44)) - raft.server.log.appender.buffer.byte-limit = 33554432 (custom)
2020-04-23 23:59:27,815 [pool-984-thread-1] INFO  server.RaftServerConfigKeys (ConfUtils.java:logGet(44)) - raft.server.log.segment.size.max = 1048576 (custom)
2020-04-23 23:59:27,815 [pool-984-thread-1] INFO  metrics.RatisMetrics (RatisMetrics.java:lambda$create$0(39)) - Creating Metrics Registry : ratis.log_worker.e5f9a532-26d6-4fde-b118-89afbb9e15e9
2020-04-23 23:59:27,816 [pool-984-thread-1] INFO  server.RaftServerConfigKeys (ConfUtils.java:logGet(44)) - raft.server.log.segment.cache.num.max = 2 (custom)
2020-04-23 23:59:27,816 [pool-984-thread-1] INFO  segmented.SegmentedRaftLogWorker (SegmentedRaftLogWorker.java:<init>(176)) - new e5f9a532-26d6-4fde-b118-89afbb9e15e9@group-A2C853F9D6F0-SegmentedRaftLogWorker for RaftStorage:Storage Directory /github/workspace/mnt/ozone/hadoop-ozone/integration-test/target/test-dir/MiniOzoneClusterImpl-5529f01a-5ac3-4bff-808e-3a81da285252/datanode-2/data/ratis/e2143834-5a02-4cab-ae28-a2c853f9d6f0
2020-04-23 23:59:27,816 [pool-984-thread-1] INFO  server.RaftServerConfigKeys (ConfUtils.java:logGet(44)) - raft.server.log.queue.byte-limit = 2147483647 (custom)
2020-04-23 23:59:27,816 [pool-984-thread-1] INFO  server.RaftServerConfigKeys (ConfUtils.java:logGet(44)) - raft.server.log.queue.element-limit = 1024 (custom)
2020-04-23 23:59:27,816 [pool-984-thread-1] INFO  server.RaftServerConfigKeys (ConfUtils.java:logGet(44)) - raft.server.log.segment.size.max = 1048576 (custom)
2020-04-23 23:59:27,816 [pool-984-thread-1] INFO  server.RaftServerConfigKeys (ConfUtils.java:logGet(44)) - raft.server.log.preallocated.size = 16384 (custom)
2020-04-23 23:59:27,816 [pool-984-thread-1] INFO  server.RaftServerConfigKeys (ConfUtils.java:logGet(44)) - raft.server.log.write.buffer.size = 1048576 (custom)
2020-04-23 23:59:27,816 [pool-984-thread-1] INFO  server.RaftServerConfigKeys (ConfUtils.java:logGet(44)) - raft.server.log.force.sync.num = 128 (default)
2020-04-23 23:59:27,816 [pool-984-thread-1] INFO  server.RaftServerConfigKeys (ConfUtils.java:logGet(44)) - raft.server.log.statemachine.data.sync = true (default)
2020-04-23 23:59:27,816 [pool-984-thread-1] INFO  server.RaftServerConfigKeys (ConfUtils.java:logGet(44)) - raft.server.log.statemachine.data.sync.timeout = 10s (default)
2020-04-23 23:59:27,816 [pool-984-thread-1] INFO  server.RaftServerConfigKeys (ConfUtils.java:logGet(44)) - raft.server.log.statemachine.data.sync.timeout.retry = -1 (default)
2020-04-23 23:59:27,819 [pool-984-thread-1] INFO  server.RaftServerConfigKeys (ConfUtils.java:logGet(44)) - raft.server.log.statemachine.data.caching.enabled = true (custom)
2020-04-23 23:59:27,819 [pool-984-thread-1] INFO  segmented.SegmentedRaftLogWorker (SegmentedRaftLogWorker.java:lambda$new$0(129)) - e5f9a532-26d6-4fde-b118-89afbb9e15e9@group-A2C853F9D6F0-SegmentedRaftLogWorker: flushIndex: setUnconditionally 0 -> -1
2020-04-23 23:59:27,819 [pool-984-thread-1] INFO  server.RaftServerConfigKeys (ConfUtils.java:logGet(44)) - raft.server.snapshot.auto.trigger.enabled = true (custom)
2020-04-23 23:59:27,820 [pool-984-thread-1] INFO  server.RaftServerConfigKeys (ConfUtils.java:logGet(44)) - raft.server.snapshot.auto.trigger.threshold = 10000 (custom)
2020-04-23 23:59:27,820 [pool-984-thread-1] INFO  server.RaftServerConfigKeys (ConfUtils.java:logGet(44)) - raft.server.snapshot.retention.file.num = 5 (custom)
2020-04-23 23:59:27,820 [pool-984-thread-1] INFO  server.RaftServerConfigKeys (ConfUtils.java:logGet(44)) - raft.server.retrycache.expirytime = 600000ms (custom)
2020-04-23 23:59:27,820 [pool-984-thread-1] INFO  metrics.RatisMetrics (RatisMetrics.java:lambda$create$0(39)) - Creating Metrics Registry : ratis.leader_election.e5f9a532-26d6-4fde-b118-89afbb9e15e9@group-A2C853F9D6F0
2020-04-23 23:59:27,821 [pool-984-thread-1] INFO  metrics.RatisMetrics (RatisMetrics.java:lambda$create$0(39)) - Creating Metrics Registry : ratis.server.e5f9a532-26d6-4fde-b118-89afbb9e15e9@group-A2C853F9D6F0
2020-04-23 23:59:27,823 [pool-984-thread-1] INFO  impl.RaftServerImpl (RaftServerImpl.java:start(183)) - e5f9a532-26d6-4fde-b118-89afbb9e15e9@group-A2C853F9D6F0: start as a follower, conf=-1: [e5f9a532-26d6-4fde-b118-89afbb9e15e9:172.17.0.2:38999, 0dc7066e-405b-4780-99cf-1352f26c2a84:172.17.0.2:37081, 6a71ef53-ab22-4528-adad-9f6a8b03666b:172.17.0.2:35203], old=null
2020-04-23 23:59:27,823 [pool-984-thread-1] INFO  impl.RaftServerImpl (RaftServerImpl.java:setRole(172)) - e5f9a532-26d6-4fde-b118-89afbb9e15e9@group-A2C853F9D6F0: changes role from      null to FOLLOWER at term 0 for startAsFollower
2020-04-23 23:59:27,823 [pool-984-thread-1] INFO  impl.RoleInfo (RoleInfo.java:updateAndGet(143)) - e5f9a532-26d6-4fde-b118-89afbb9e15e9: start FollowerState
2020-04-23 23:59:27,824 [pool-984-thread-1] INFO  util.JmxRegister (JmxRegister.java:tryRegister(44)) - Successfully registered JMX Bean with object name Ratis:service=RaftServer,group=group-A2C853F9D6F0,id=e5f9a532-26d6-4fde-b118-89afbb9e15e9
2020-04-23 23:59:27,824 [pool-984-thread-1] INFO  metrics.RatisMetrics (RatisMetrics.java:lambda$create$0(39)) - Creating Metrics Registry : ratis.state_machine.e5f9a532-26d6-4fde-b118-89afbb9e15e9@group-A2C853F9D6F0
2020-04-23 23:59:27,833 [grpc-default-executor-2] INFO  impl.RaftServerProxy (RaftServerProxy.java:addNew(89)) - 6a71ef53-ab22-4528-adad-9f6a8b03666b: addNew group-A2C853F9D6F0:[e5f9a532-26d6-4fde-b118-89afbb9e15e9:172.17.0.2:38999, 0dc7066e-405b-4780-99cf-1352f26c2a84:172.17.0.2:37081, 6a71ef53-ab22-4528-adad-9f6a8b03666b:172.17.0.2:35203] returns group-A2C853F9D6F0:java.util.concurrent.CompletableFuture@274e3942[Not completed]
2020-04-23 23:59:27,834 [pool-969-thread-1] INFO  impl.RaftServerImpl (RaftServerImpl.java:<init>(97)) - 6a71ef53-ab22-4528-adad-9f6a8b03666b: new RaftServerImpl for group-A2C853F9D6F0:[e5f9a532-26d6-4fde-b118-89afbb9e15e9:172.17.0.2:38999, 0dc7066e-405b-4780-99cf-1352f26c2a84:172.17.0.2:37081, 6a71ef53-ab22-4528-adad-9f6a8b03666b:172.17.0.2:35203] with ContainerStateMachine:uninitialized
2020-04-23 23:59:27,836 [pool-969-thread-1] INFO  server.RaftServerConfigKeys (ConfUtils.java:logGet(44)) - raft.server.rpc.timeout.min = 5s (custom)
2020-04-23 23:59:27,836 [Command processor thread] INFO  impl.RaftServerProxy (RaftServerProxy.java:addNew(89)) - 6a71ef53-ab22-4528-adad-9f6a8b03666b: addNew group-286A3327C581:[6a71ef53-ab22-4528-adad-9f6a8b03666b:172.17.0.2:35203] returns group-286A3327C581:java.util.concurrent.CompletableFuture@3b737ddc[Not completed]
2020-04-23 23:59:27,836 [pool-969-thread-1] INFO  server.RaftServerConfigKeys (ConfUtils.java:logGet(44)) - raft.server.rpc.timeout.max = 5200ms (custom)
2020-04-23 23:59:27,837 [pool-969-thread-1] INFO  server.RaftServerConfigKeys (ConfUtils.java:logGet(44)) - raft.server.rpcslowness.timeout = 300s (custom)
2020-04-23 23:59:27,837 [pool-969-thread-1] INFO  server.RaftServerConfigKeys (ConfUtils.java:logGet(44)) - raft.server.sleep.deviation.threshold = 300 (default)
2020-04-23 23:59:27,837 [pool-969-thread-1] INFO  server.RaftServerConfigKeys (ConfUtils.java:logGet(44)) - raft.server.log.appender.install.snapshot.enabled = false (custom)
2020-04-23 23:59:27,837 [pool-969-thread-1] INFO  impl.RaftServerImpl (ServerState.java:<init>(103)) - 6a71ef53-ab22-4528-adad-9f6a8b03666b@group-A2C853F9D6F0: ConfigurationManager, init=-1: [e5f9a532-26d6-4fde-b118-89afbb9e15e9:172.17.0.2:38999, 0dc7066e-405b-4780-99cf-1352f26c2a84:172.17.0.2:37081, 6a71ef53-ab22-4528-adad-9f6a8b03666b:172.17.0.2:35203], old=null, confs=<EMPTY_MAP>
2020-04-23 23:59:27,837 [pool-969-thread-1] INFO  server.RaftServerConfigKeys (ConfUtils.java:logGet(44)) - raft.server.storage.dir = [/github/workspace/mnt/ozone/hadoop-ozone/integration-test/target/test-dir/MiniOzoneClusterImpl-5529f01a-5ac3-4bff-808e-3a81da285252/datanode-1/data/ratis] (custom)
2020-04-23 23:59:27,837 [pool-969-thread-1] INFO  server.RaftServerConfigKeys (ConfUtils.java:logGet(44)) - raft.server.log.corruption.policy = EXCEPTION (default)
2020-04-23 23:59:27,837 [pool-969-thread-1] INFO  storage.RaftStorageDirectory (RaftStorageDirectory.java:analyzeStorage(253)) - The storage directory /github/workspace/mnt/ozone/hadoop-ozone/integration-test/target/test-dir/MiniOzoneClusterImpl-5529f01a-5ac3-4bff-808e-3a81da285252/datanode-1/data/ratis/e2143834-5a02-4cab-ae28-a2c853f9d6f0 does not exist. Creating ...
2020-04-23 23:59:27,839 [pool-969-thread-1] INFO  storage.RaftStorageDirectory (RaftStorageDirectory.java:tryLock(335)) - Lock on /github/workspace/mnt/ozone/hadoop-ozone/integration-test/target/test-dir/MiniOzoneClusterImpl-5529f01a-5ac3-4bff-808e-3a81da285252/datanode-1/data/ratis/e2143834-5a02-4cab-ae28-a2c853f9d6f0/in_use.lock acquired by nodename 7490@9acf12ef3076
2020-04-23 23:59:27,840 [pool-969-thread-1] INFO  storage.RaftStorage (RaftStorage.java:format(84)) - Storage directory /github/workspace/mnt/ozone/hadoop-ozone/integration-test/target/test-dir/MiniOzoneClusterImpl-5529f01a-5ac3-4bff-808e-3a81da285252/datanode-1/data/ratis/e2143834-5a02-4cab-ae28-a2c853f9d6f0 has been successfully formatted.
2020-04-23 23:59:27,840 [pool-969-thread-1] INFO  ratis.ContainerStateMachine (ContainerStateMachine.java:loadSnapshot(226)) - group-A2C853F9D6F0: The snapshot info is null. Setting the last applied indexto:(t:0, i:~)
2020-04-23 23:59:27,841 [pool-969-thread-1] INFO  server.RaftServerConfigKeys (ConfUtils.java:logGet(44)) - raft.server.notification.no-leader.timeout = 60s (default)
2020-04-23 23:59:27,841 [pool-969-thread-1] INFO  server.RaftServerConfigKeys (ConfUtils.java:logGet(44)) - raft.server.log.use.memory = false (default)
2020-04-23 23:59:27,841 [pool-969-thread-1] INFO  server.RaftServerConfigKeys (ConfUtils.java:logGet(44)) - raft.server.log.purge.gap = 1000000 (custom)
2020-04-23 23:59:27,841 [pool-969-thread-1] INFO  server.RaftServerConfigKeys (ConfUtils.java:logGet(44)) - raft.server.log.appender.buffer.byte-limit = 33554432 (custom)
2020-04-23 23:59:27,841 [pool-969-thread-1] INFO  server.RaftServerConfigKeys (ConfUtils.java:logGet(44)) - raft.server.log.segment.size.max = 1048576 (custom)
2020-04-23 23:59:27,841 [EventQueue-PipelineReportForPipelineReportHandler] INFO  pipeline.PipelineStateManager (PipelineStateManager.java:openPipeline(131)) - Pipeline Pipeline[ Id: 582368cc-245a-4fee-847c-286a3327c581, Nodes: 6a71ef53-ab22-4528-adad-9f6a8b03666b{ip: 172.17.0.2, host: 9acf12ef3076, networkLocation: /default-rack, certSerialId: null}, Type:RATIS, Factor:ONE, State:ALLOCATED, leaderId:6a71ef53-ab22-4528-adad-9f6a8b03666b, CreationTimestamp2020-04-23T23:59:24.836Z] moved to OPEN state
2020-04-23 23:59:27,841 [pool-969-thread-1] INFO  metrics.RatisMetrics (RatisMetrics.java:lambda$create$0(39)) - Creating Metrics Registry : ratis.log_worker.6a71ef53-ab22-4528-adad-9f6a8b03666b
2020-04-23 23:59:27,841 [EventQueue-OpenPipelineForOneReplicaPipelineSafeModeRule] INFO  safemode.SCMSafeModeManager (SCMSafeModeManager.java:validateSafeModeExitRules(183)) - AtleastOneDatanodeReportedRule rule is successfully validated
2020-04-23 23:59:27,841 [EventQueue-OpenPipelineForHealthyPipelineSafeModeRule] INFO  safemode.SCMSafeModeManager (HealthyPipelineSafeModeRule.java:process(132)) - SCM in safe mode. Healthy pipelines reported count is 0, required healthy pipeline reported count is 1
2020-04-23 23:59:27,841 [pool-969-thread-1] INFO  server.RaftServerConfigKeys (ConfUtils.java:logGet(44)) - raft.server.log.segment.cache.num.max = 2 (custom)
2020-04-23 23:59:27,842 [pool-969-thread-1] INFO  segmented.SegmentedRaftLogWorker (SegmentedRaftLogWorker.java:<init>(176)) - new 6a71ef53-ab22-4528-adad-9f6a8b03666b@group-A2C853F9D6F0-SegmentedRaftLogWorker for RaftStorage:Storage Directory /github/workspace/mnt/ozone/hadoop-ozone/integration-test/target/test-dir/MiniOzoneClusterImpl-5529f01a-5ac3-4bff-808e-3a81da285252/datanode-1/data/ratis/e2143834-5a02-4cab-ae28-a2c853f9d6f0
2020-04-23 23:59:27,842 [pool-969-thread-1] INFO  server.RaftServerConfigKeys (ConfUtils.java:logGet(44)) - raft.server.log.queue.byte-limit = 2147483647 (custom)
2020-04-23 23:59:27,842 [pool-969-thread-1] INFO  server.RaftServerConfigKeys (ConfUtils.java:logGet(44)) - raft.server.log.queue.element-limit = 1024 (custom)
2020-04-23 23:59:27,842 [pool-969-thread-1] INFO  server.RaftServerConfigKeys (ConfUtils.java:logGet(44)) - raft.server.log.segment.size.max = 1048576 (custom)
2020-04-23 23:59:27,842 [pool-969-thread-1] INFO  server.RaftServerConfigKeys (ConfUtils.java:logGet(44)) - raft.server.log.preallocated.size = 16384 (custom)
2020-04-23 23:59:27,842 [pool-969-thread-1] INFO  server.RaftServerConfigKeys (ConfUtils.java:logGet(44)) - raft.server.log.write.buffer.size = 1048576 (custom)
2020-04-23 23:59:27,842 [pool-969-thread-1] INFO  server.RaftServerConfigKeys (ConfUtils.java:logGet(44)) - raft.server.log.force.sync.num = 128 (default)
2020-04-23 23:59:27,842 [pool-969-thread-1] INFO  server.RaftServerConfigKeys (ConfUtils.java:logGet(44)) - raft.server.log.statemachine.data.sync = true (default)
2020-04-23 23:59:27,842 [pool-969-thread-1] INFO  server.RaftServerConfigKeys (ConfUtils.java:logGet(44)) - raft.server.log.statemachine.data.sync.timeout = 10s (default)
2020-04-23 23:59:27,842 [pool-969-thread-1] INFO  server.RaftServerConfigKeys (ConfUtils.java:logGet(44)) - raft.server.log.statemachine.data.sync.timeout.retry = -1 (default)
2020-04-23 23:59:27,845 [pool-969-thread-1] INFO  server.RaftServerConfigKeys (ConfUtils.java:logGet(44)) - raft.server.log.statemachine.data.caching.enabled = true (custom)
2020-04-23 23:59:27,845 [pool-969-thread-1] INFO  segmented.SegmentedRaftLogWorker (SegmentedRaftLogWorker.java:lambda$new$0(129)) - 6a71ef53-ab22-4528-adad-9f6a8b03666b@group-A2C853F9D6F0-SegmentedRaftLogWorker: flushIndex: setUnconditionally 0 -> -1
2020-04-23 23:59:27,845 [pool-969-thread-1] INFO  server.RaftServerConfigKeys (ConfUtils.java:logGet(44)) - raft.server.snapshot.auto.trigger.enabled = true (custom)
2020-04-23 23:59:27,845 [pool-969-thread-1] INFO  server.RaftServerConfigKeys (ConfUtils.java:logGet(44)) - raft.server.snapshot.auto.trigger.threshold = 10000 (custom)
2020-04-23 23:59:27,845 [pool-969-thread-1] INFO  server.RaftServerConfigKeys (ConfUtils.java:logGet(44)) - raft.server.snapshot.retention.file.num = 5 (custom)
2020-04-23 23:59:27,845 [pool-969-thread-1] INFO  server.RaftServerConfigKeys (ConfUtils.java:logGet(44)) - raft.server.retrycache.expirytime = 600000ms (custom)
2020-04-23 23:59:27,845 [pool-969-thread-1] INFO  metrics.RatisMetrics (RatisMetrics.java:lambda$create$0(39)) - Creating Metrics Registry : ratis.leader_election.6a71ef53-ab22-4528-adad-9f6a8b03666b@group-A2C853F9D6F0
2020-04-23 23:59:27,846 [pool-969-thread-1] INFO  metrics.RatisMetrics (RatisMetrics.java:lambda$create$0(39)) - Creating Metrics Registry : ratis.server.6a71ef53-ab22-4528-adad-9f6a8b03666b@group-A2C853F9D6F0
2020-04-23 23:59:27,849 [pool-969-thread-1] INFO  impl.RaftServerImpl (RaftServerImpl.java:<init>(97)) - 6a71ef53-ab22-4528-adad-9f6a8b03666b: new RaftServerImpl for group-286A3327C581:[6a71ef53-ab22-4528-adad-9f6a8b03666b:172.17.0.2:35203] with ContainerStateMachine:uninitialized
2020-04-23 23:59:27,849 [pool-969-thread-1] INFO  server.RaftServerConfigKeys (ConfUtils.java:logGet(44)) - raft.server.rpc.timeout.min = 5s (custom)
2020-04-23 23:59:27,849 [pool-969-thread-1] INFO  server.RaftServerConfigKeys (ConfUtils.java:logGet(44)) - raft.server.rpc.timeout.max = 5200ms (custom)
2020-04-23 23:59:27,849 [pool-969-thread-1] INFO  server.RaftServerConfigKeys (ConfUtils.java:logGet(44)) - raft.server.rpcslowness.timeout = 300s (custom)
2020-04-23 23:59:27,849 [pool-969-thread-1] INFO  server.RaftServerConfigKeys (ConfUtils.java:logGet(44)) - raft.server.sleep.deviation.threshold = 300 (default)
2020-04-23 23:59:27,849 [pool-969-thread-1] INFO  server.RaftServerConfigKeys (ConfUtils.java:logGet(44)) - raft.server.log.appender.install.snapshot.enabled = false (custom)
2020-04-23 23:59:27,849 [pool-969-thread-1] INFO  impl.RaftServerImpl (ServerState.java:<init>(103)) - 6a71ef53-ab22-4528-adad-9f6a8b03666b@group-286A3327C581: ConfigurationManager, init=-1: [6a71ef53-ab22-4528-adad-9f6a8b03666b:172.17.0.2:35203], old=null, confs=<EMPTY_MAP>
2020-04-23 23:59:27,849 [pool-969-thread-1] INFO  server.RaftServerConfigKeys (ConfUtils.java:logGet(44)) - raft.server.storage.dir = [/github/workspace/mnt/ozone/hadoop-ozone/integration-test/target/test-dir/MiniOzoneClusterImpl-5529f01a-5ac3-4bff-808e-3a81da285252/datanode-1/data/ratis] (custom)
2020-04-23 23:59:27,849 [pool-969-thread-1] INFO  server.RaftServerConfigKeys (ConfUtils.java:logGet(44)) - raft.server.log.corruption.policy = EXCEPTION (default)
2020-04-23 23:59:27,849 [pool-969-thread-1] INFO  storage.RaftStorageDirectory (RaftStorageDirectory.java:analyzeStorage(253)) - The storage directory /github/workspace/mnt/ozone/hadoop-ozone/integration-test/target/test-dir/MiniOzoneClusterImpl-5529f01a-5ac3-4bff-808e-3a81da285252/datanode-1/data/ratis/582368cc-245a-4fee-847c-286a3327c581 does not exist. Creating ...
2020-04-23 23:59:27,850 [pool-969-thread-1] INFO  storage.RaftStorageDirectory (RaftStorageDirectory.java:tryLock(335)) - Lock on /github/workspace/mnt/ozone/hadoop-ozone/integration-test/target/test-dir/MiniOzoneClusterImpl-5529f01a-5ac3-4bff-808e-3a81da285252/datanode-1/data/ratis/582368cc-245a-4fee-847c-286a3327c581/in_use.lock acquired by nodename 7490@9acf12ef3076
2020-04-23 23:59:27,851 [pool-969-thread-1] INFO  storage.RaftStorage (RaftStorage.java:format(84)) - Storage directory /github/workspace/mnt/ozone/hadoop-ozone/integration-test/target/test-dir/MiniOzoneClusterImpl-5529f01a-5ac3-4bff-808e-3a81da285252/datanode-1/data/ratis/582368cc-245a-4fee-847c-286a3327c581 has been successfully formatted.
2020-04-23 23:59:27,852 [pool-969-thread-1] INFO  ratis.ContainerStateMachine (ContainerStateMachine.java:loadSnapshot(226)) - group-286A3327C581: The snapshot info is null. Setting the last applied indexto:(t:0, i:~)
2020-04-23 23:59:27,852 [pool-969-thread-1] INFO  server.RaftServerConfigKeys (ConfUtils.java:logGet(44)) - raft.server.notification.no-leader.timeout = 60s (default)
2020-04-23 23:59:27,852 [pool-969-thread-1] INFO  server.RaftServerConfigKeys (ConfUtils.java:logGet(44)) - raft.server.log.use.memory = false (default)
2020-04-23 23:59:27,852 [pool-969-thread-1] INFO  server.RaftServerConfigKeys (ConfUtils.java:logGet(44)) - raft.server.log.purge.gap = 1000000 (custom)
2020-04-23 23:59:27,852 [pool-969-thread-1] INFO  server.RaftServerConfigKeys (ConfUtils.java:logGet(44)) - raft.server.log.appender.buffer.byte-limit = 33554432 (custom)
2020-04-23 23:59:27,852 [pool-969-thread-1] INFO  server.RaftServerConfigKeys (ConfUtils.java:logGet(44)) - raft.server.log.segment.size.max = 1048576 (custom)
2020-04-23 23:59:27,852 [pool-969-thread-1] INFO  server.RaftServerConfigKeys (ConfUtils.java:logGet(44)) - raft.server.log.segment.cache.num.max = 2 (custom)
2020-04-23 23:59:27,852 [pool-969-thread-1] INFO  segmented.SegmentedRaftLogWorker (SegmentedRaftLogWorker.java:<init>(176)) - new 6a71ef53-ab22-4528-adad-9f6a8b03666b@group-286A3327C581-SegmentedRaftLogWorker for RaftStorage:Storage Directory /github/workspace/mnt/ozone/hadoop-ozone/integration-test/target/test-dir/MiniOzoneClusterImpl-5529f01a-5ac3-4bff-808e-3a81da285252/datanode-1/data/ratis/582368cc-245a-4fee-847c-286a3327c581
2020-04-23 23:59:27,852 [pool-969-thread-1] INFO  server.RaftServerConfigKeys (ConfUtils.java:logGet(44)) - raft.server.log.queue.byte-limit = 2147483647 (custom)
2020-04-23 23:59:27,852 [pool-969-thread-1] INFO  server.RaftServerConfigKeys (ConfUtils.java:logGet(44)) - raft.server.log.queue.element-limit = 1024 (custom)
2020-04-23 23:59:27,852 [pool-969-thread-1] INFO  server.RaftServerConfigKeys (ConfUtils.java:logGet(44)) - raft.server.log.segment.size.max = 1048576 (custom)
2020-04-23 23:59:27,852 [pool-969-thread-1] INFO  server.RaftServerConfigKeys (ConfUtils.java:logGet(44)) - raft.server.log.preallocated.size = 16384 (custom)
2020-04-23 23:59:27,853 [pool-969-thread-1] INFO  server.RaftServerConfigKeys (ConfUtils.java:logGet(44)) - raft.server.log.write.buffer.size = 1048576 (custom)
2020-04-23 23:59:27,853 [pool-969-thread-1] INFO  server.RaftServerConfigKeys (ConfUtils.java:logGet(44)) - raft.server.log.force.sync.num = 128 (default)
2020-04-23 23:59:27,853 [pool-969-thread-1] INFO  server.RaftServerConfigKeys (ConfUtils.java:logGet(44)) - raft.server.log.statemachine.data.sync = true (default)
2020-04-23 23:59:27,853 [pool-969-thread-1] INFO  server.RaftServerConfigKeys (ConfUtils.java:logGet(44)) - raft.server.log.statemachine.data.sync.timeout = 10s (default)
2020-04-23 23:59:27,853 [pool-969-thread-1] INFO  server.RaftServerConfigKeys (ConfUtils.java:logGet(44)) - raft.server.log.statemachine.data.sync.timeout.retry = -1 (default)
2020-04-23 23:59:27,853 [pool-969-thread-1] INFO  server.RaftServerConfigKeys (ConfUtils.java:logGet(44)) - raft.server.log.statemachine.data.caching.enabled = true (custom)
2020-04-23 23:59:27,853 [pool-969-thread-1] INFO  segmented.SegmentedRaftLogWorker (SegmentedRaftLogWorker.java:lambda$new$0(129)) - 6a71ef53-ab22-4528-adad-9f6a8b03666b@group-286A3327C581-SegmentedRaftLogWorker: flushIndex: setUnconditionally 0 -> -1
2020-04-23 23:59:27,854 [pool-969-thread-1] INFO  server.RaftServerConfigKeys (ConfUtils.java:logGet(44)) - raft.server.snapshot.auto.trigger.enabled = true (custom)
2020-04-23 23:59:27,854 [pool-969-thread-1] INFO  server.RaftServerConfigKeys (ConfUtils.java:logGet(44)) - raft.server.snapshot.auto.trigger.threshold = 10000 (custom)
2020-04-23 23:59:27,854 [pool-969-thread-1] INFO  server.RaftServerConfigKeys (ConfUtils.java:logGet(44)) - raft.server.snapshot.retention.file.num = 5 (custom)
2020-04-23 23:59:27,854 [pool-969-thread-1] INFO  server.RaftServerConfigKeys (ConfUtils.java:logGet(44)) - raft.server.retrycache.expirytime = 600000ms (custom)
2020-04-23 23:59:27,854 [pool-969-thread-1] INFO  metrics.RatisMetrics (RatisMetrics.java:lambda$create$0(39)) - Creating Metrics Registry : ratis.leader_election.6a71ef53-ab22-4528-adad-9f6a8b03666b@group-286A3327C581
2020-04-23 23:59:27,855 [pool-969-thread-1] INFO  metrics.RatisMetrics (RatisMetrics.java:lambda$create$0(39)) - Creating Metrics Registry : ratis.server.6a71ef53-ab22-4528-adad-9f6a8b03666b@group-286A3327C581
2020-04-23 23:59:27,857 [pool-969-thread-1] INFO  impl.RaftServerImpl (RaftServerImpl.java:start(183)) - 6a71ef53-ab22-4528-adad-9f6a8b03666b@group-A2C853F9D6F0: start as a follower, conf=-1: [e5f9a532-26d6-4fde-b118-89afbb9e15e9:172.17.0.2:38999, 0dc7066e-405b-4780-99cf-1352f26c2a84:172.17.0.2:37081, 6a71ef53-ab22-4528-adad-9f6a8b03666b:172.17.0.2:35203], old=null
2020-04-23 23:59:27,857 [pool-969-thread-1] INFO  impl.RaftServerImpl (RaftServerImpl.java:setRole(172)) - 6a71ef53-ab22-4528-adad-9f6a8b03666b@group-A2C853F9D6F0: changes role from      null to FOLLOWER at term 0 for startAsFollower
2020-04-23 23:59:27,857 [pool-969-thread-1] INFO  impl.RoleInfo (RoleInfo.java:updateAndGet(143)) - 6a71ef53-ab22-4528-adad-9f6a8b03666b: start FollowerState
2020-04-23 23:59:27,858 [pool-969-thread-1] INFO  util.JmxRegister (JmxRegister.java:tryRegister(44)) - Successfully registered JMX Bean with object name Ratis:service=RaftServer,group=group-A2C853F9D6F0,id=6a71ef53-ab22-4528-adad-9f6a8b03666b
2020-04-23 23:59:27,858 [pool-969-thread-1] INFO  metrics.RatisMetrics (RatisMetrics.java:lambda$create$0(39)) - Creating Metrics Registry : ratis.state_machine.6a71ef53-ab22-4528-adad-9f6a8b03666b@group-A2C853F9D6F0
2020-04-23 23:59:27,859 [pool-969-thread-1] INFO  impl.RaftServerImpl (RaftServerImpl.java:start(183)) - 6a71ef53-ab22-4528-adad-9f6a8b03666b@group-286A3327C581: start as a follower, conf=-1: [6a71ef53-ab22-4528-adad-9f6a8b03666b:172.17.0.2:35203], old=null
2020-04-23 23:59:27,859 [pool-969-thread-1] INFO  impl.RaftServerImpl (RaftServerImpl.java:setRole(172)) - 6a71ef53-ab22-4528-adad-9f6a8b03666b@group-286A3327C581: changes role from      null to FOLLOWER at term 0 for startAsFollower
2020-04-23 23:59:27,859 [pool-969-thread-1] INFO  impl.RoleInfo (RoleInfo.java:updateAndGet(143)) - 6a71ef53-ab22-4528-adad-9f6a8b03666b: start FollowerState
2020-04-23 23:59:27,860 [pool-969-thread-1] INFO  util.JmxRegister (JmxRegister.java:tryRegister(44)) - Successfully registered JMX Bean with object name Ratis:service=RaftServer,group=group-286A3327C581,id=6a71ef53-ab22-4528-adad-9f6a8b03666b
2020-04-23 23:59:27,860 [pool-969-thread-1] INFO  metrics.RatisMetrics (RatisMetrics.java:lambda$create$0(39)) - Creating Metrics Registry : ratis.state_machine.6a71ef53-ab22-4528-adad-9f6a8b03666b@group-286A3327C581
2020-04-23 23:59:27,861 [Command processor thread] INFO  commandhandler.CreatePipelineCommandHandler (CreatePipelineCommandHandler.java:handle(109)) - Created Pipeline RATIS ONE #id: "582368cc-245a-4fee-847c-286a3327c581"
.
2020-04-23 23:59:27,861 [Command processor thread] INFO  impl.RaftServerProxy (RaftServerProxy.java:addNew(89)) - 6a71ef53-ab22-4528-adad-9f6a8b03666b: addNew group-75A9193C1AAF:[e5f9a532-26d6-4fde-b118-89afbb9e15e9:172.17.0.2:38999, 0dc7066e-405b-4780-99cf-1352f26c2a84:172.17.0.2:37081, 6a71ef53-ab22-4528-adad-9f6a8b03666b:172.17.0.2:35203] returns group-75A9193C1AAF:java.util.concurrent.CompletableFuture@35b494c2[Not completed]
2020-04-23 23:59:27,862 [Command processor thread] INFO  commandhandler.CreatePipelineCommandHandler (CreatePipelineCommandHandler.java:handle(109)) - Created Pipeline RATIS THREE #id: "e2143834-5a02-4cab-ae28-a2c853f9d6f0"
.
2020-04-23 23:59:27,862 [Command processor thread] INFO  impl.RaftServerProxy (RaftServerProxy.java:addNew(89)) - 0dc7066e-405b-4780-99cf-1352f26c2a84: addNew group-75A9193C1AAF:[e5f9a532-26d6-4fde-b118-89afbb9e15e9:172.17.0.2:38999, 0dc7066e-405b-4780-99cf-1352f26c2a84:172.17.0.2:37081, 6a71ef53-ab22-4528-adad-9f6a8b03666b:172.17.0.2:35203] returns group-75A9193C1AAF:java.util.concurrent.CompletableFuture@55029bf6[Not completed]
2020-04-23 23:59:27,862 [pool-969-thread-1] INFO  impl.RaftServerImpl (RaftServerImpl.java:<init>(97)) - 6a71ef53-ab22-4528-adad-9f6a8b03666b: new RaftServerImpl for group-75A9193C1AAF:[e5f9a532-26d6-4fde-b118-89afbb9e15e9:172.17.0.2:38999, 0dc7066e-405b-4780-99cf-1352f26c2a84:172.17.0.2:37081, 6a71ef53-ab22-4528-adad-9f6a8b03666b:172.17.0.2:35203] with ContainerStateMachine:uninitialized
2020-04-23 23:59:27,862 [pool-969-thread-1] INFO  server.RaftServerConfigKeys (ConfUtils.java:logGet(44)) - raft.server.rpc.timeout.min = 5s (custom)
2020-04-23 23:59:27,862 [pool-969-thread-1] INFO  server.RaftServerConfigKeys (ConfUtils.java:logGet(44)) - raft.server.rpc.timeout.max = 5200ms (custom)
2020-04-23 23:59:27,862 [pool-969-thread-1] INFO  server.RaftServerConfigKeys (ConfUtils.java:logGet(44)) - raft.server.rpcslowness.timeout = 300s (custom)
2020-04-23 23:59:27,862 [pool-969-thread-1] INFO  server.RaftServerConfigKeys (ConfUtils.java:logGet(44)) - raft.server.sleep.deviation.threshold = 300 (default)
2020-04-23 23:59:27,862 [pool-969-thread-1] INFO  server.RaftServerConfigKeys (ConfUtils.java:logGet(44)) - raft.server.log.appender.install.snapshot.enabled = false (custom)
2020-04-23 23:59:27,862 [pool-969-thread-1] INFO  impl.RaftServerImpl (ServerState.java:<init>(103)) - 6a71ef53-ab22-4528-adad-9f6a8b03666b@group-75A9193C1AAF: ConfigurationManager, init=-1: [e5f9a532-26d6-4fde-b118-89afbb9e15e9:172.17.0.2:38999, 0dc7066e-405b-4780-99cf-1352f26c2a84:172.17.0.2:37081, 6a71ef53-ab22-4528-adad-9f6a8b03666b:172.17.0.2:35203], old=null, confs=<EMPTY_MAP>
2020-04-23 23:59:27,862 [pool-969-thread-1] INFO  server.RaftServerConfigKeys (ConfUtils.java:logGet(44)) - raft.server.storage.dir = [/github/workspace/mnt/ozone/hadoop-ozone/integration-test/target/test-dir/MiniOzoneClusterImpl-5529f01a-5ac3-4bff-808e-3a81da285252/datanode-1/data/ratis] (custom)
2020-04-23 23:59:27,863 [pool-969-thread-1] INFO  server.RaftServerConfigKeys (ConfUtils.java:logGet(44)) - raft.server.log.corruption.policy = EXCEPTION (default)
2020-04-23 23:59:27,863 [pool-969-thread-1] INFO  storage.RaftStorageDirectory (RaftStorageDirectory.java:analyzeStorage(253)) - The storage directory /github/workspace/mnt/ozone/hadoop-ozone/integration-test/target/test-dir/MiniOzoneClusterImpl-5529f01a-5ac3-4bff-808e-3a81da285252/datanode-1/data/ratis/178afc60-d102-43ae-8369-75a9193c1aaf does not exist. Creating ...
2020-04-23 23:59:27,863 [pool-954-thread-1] INFO  impl.RaftServerImpl (RaftServerImpl.java:<init>(97)) - 0dc7066e-405b-4780-99cf-1352f26c2a84: new RaftServerImpl for group-75A9193C1AAF:[e5f9a532-26d6-4fde-b118-89afbb9e15e9:172.17.0.2:38999, 0dc7066e-405b-4780-99cf-1352f26c2a84:172.17.0.2:37081, 6a71ef53-ab22-4528-adad-9f6a8b03666b:172.17.0.2:35203] with ContainerStateMachine:uninitialized
2020-04-23 23:59:27,863 [pool-954-thread-1] INFO  server.RaftServerConfigKeys (ConfUtils.java:logGet(44)) - raft.server.rpc.timeout.min = 5s (custom)
2020-04-23 23:59:27,864 [pool-954-thread-1] INFO  server.RaftServerConfigKeys (ConfUtils.java:logGet(44)) - raft.server.rpc.timeout.max = 5200ms (custom)
2020-04-23 23:59:27,864 [pool-954-thread-1] INFO  server.RaftServerConfigKeys (ConfUtils.java:logGet(44)) - raft.server.rpcslowness.timeout = 300s (custom)
2020-04-23 23:59:27,864 [pool-954-thread-1] INFO  server.RaftServerConfigKeys (ConfUtils.java:logGet(44)) - raft.server.sleep.deviation.threshold = 300 (default)
2020-04-23 23:59:27,864 [pool-954-thread-1] INFO  server.RaftServerConfigKeys (ConfUtils.java:logGet(44)) - raft.server.log.appender.install.snapshot.enabled = false (custom)
2020-04-23 23:59:27,864 [pool-969-thread-1] INFO  storage.RaftStorageDirectory (RaftStorageDirectory.java:tryLock(335)) - Lock on /github/workspace/mnt/ozone/hadoop-ozone/integration-test/target/test-dir/MiniOzoneClusterImpl-5529f01a-5ac3-4bff-808e-3a81da285252/datanode-1/data/ratis/178afc60-d102-43ae-8369-75a9193c1aaf/in_use.lock acquired by nodename 7490@9acf12ef3076
2020-04-23 23:59:27,864 [pool-954-thread-1] INFO  impl.RaftServerImpl (ServerState.java:<init>(103)) - 0dc7066e-405b-4780-99cf-1352f26c2a84@group-75A9193C1AAF: ConfigurationManager, init=-1: [e5f9a532-26d6-4fde-b118-89afbb9e15e9:172.17.0.2:38999, 0dc7066e-405b-4780-99cf-1352f26c2a84:172.17.0.2:37081, 6a71ef53-ab22-4528-adad-9f6a8b03666b:172.17.0.2:35203], old=null, confs=<EMPTY_MAP>
2020-04-23 23:59:27,864 [pool-954-thread-1] INFO  server.RaftServerConfigKeys (ConfUtils.java:logGet(44)) - raft.server.storage.dir = [/github/workspace/mnt/ozone/hadoop-ozone/integration-test/target/test-dir/MiniOzoneClusterImpl-5529f01a-5ac3-4bff-808e-3a81da285252/datanode-0/data/ratis] (custom)
2020-04-23 23:59:27,864 [pool-954-thread-1] INFO  server.RaftServerConfigKeys (ConfUtils.java:logGet(44)) - raft.server.log.corruption.policy = EXCEPTION (default)
2020-04-23 23:59:27,864 [pool-954-thread-1] INFO  storage.RaftStorageDirectory (RaftStorageDirectory.java:analyzeStorage(253)) - The storage directory /github/workspace/mnt/ozone/hadoop-ozone/integration-test/target/test-dir/MiniOzoneClusterImpl-5529f01a-5ac3-4bff-808e-3a81da285252/datanode-0/data/ratis/178afc60-d102-43ae-8369-75a9193c1aaf does not exist. Creating ...
2020-04-23 23:59:27,865 [pool-969-thread-1] INFO  storage.RaftStorage (RaftStorage.java:format(84)) - Storage directory /github/workspace/mnt/ozone/hadoop-ozone/integration-test/target/test-dir/MiniOzoneClusterImpl-5529f01a-5ac3-4bff-808e-3a81da285252/datanode-1/data/ratis/178afc60-d102-43ae-8369-75a9193c1aaf has been successfully formatted.
2020-04-23 23:59:27,865 [pool-954-thread-1] INFO  storage.RaftStorageDirectory (RaftStorageDirectory.java:tryLock(335)) - Lock on /github/workspace/mnt/ozone/hadoop-ozone/integration-test/target/test-dir/MiniOzoneClusterImpl-5529f01a-5ac3-4bff-808e-3a81da285252/datanode-0/data/ratis/178afc60-d102-43ae-8369-75a9193c1aaf/in_use.lock acquired by nodename 7490@9acf12ef3076
2020-04-23 23:59:27,866 [pool-954-thread-1] INFO  storage.RaftStorage (RaftStorage.java:format(84)) - Storage directory /github/workspace/mnt/ozone/hadoop-ozone/integration-test/target/test-dir/MiniOzoneClusterImpl-5529f01a-5ac3-4bff-808e-3a81da285252/datanode-0/data/ratis/178afc60-d102-43ae-8369-75a9193c1aaf has been successfully formatted.
2020-04-23 23:59:27,867 [pool-969-thread-1] INFO  ratis.ContainerStateMachine (ContainerStateMachine.java:loadSnapshot(226)) - group-75A9193C1AAF: The snapshot info is null. Setting the last applied indexto:(t:0, i:~)
2020-04-23 23:59:27,869 [pool-969-thread-1] INFO  server.RaftServerConfigKeys (ConfUtils.java:logGet(44)) - raft.server.notification.no-leader.timeout = 60s (default)
2020-04-23 23:59:27,869 [pool-969-thread-1] INFO  server.RaftServerConfigKeys (ConfUtils.java:logGet(44)) - raft.server.log.use.memory = false (default)
2020-04-23 23:59:27,869 [pool-969-thread-1] INFO  server.RaftServerConfigKeys (ConfUtils.java:logGet(44)) - raft.server.log.purge.gap = 1000000 (custom)
2020-04-23 23:59:27,869 [pool-969-thread-1] INFO  server.RaftServerConfigKeys (ConfUtils.java:logGet(44)) - raft.server.log.appender.buffer.byte-limit = 33554432 (custom)
2020-04-23 23:59:27,869 [pool-969-thread-1] INFO  server.RaftServerConfigKeys (ConfUtils.java:logGet(44)) - raft.server.log.segment.size.max = 1048576 (custom)
2020-04-23 23:59:27,869 [pool-969-thread-1] INFO  server.RaftServerConfigKeys (ConfUtils.java:logGet(44)) - raft.server.log.segment.cache.num.max = 2 (custom)
2020-04-23 23:59:27,869 [pool-969-thread-1] INFO  segmented.SegmentedRaftLogWorker (SegmentedRaftLogWorker.java:<init>(176)) - new 6a71ef53-ab22-4528-adad-9f6a8b03666b@group-75A9193C1AAF-SegmentedRaftLogWorker for RaftStorage:Storage Directory /github/workspace/mnt/ozone/hadoop-ozone/integration-test/target/test-dir/MiniOzoneClusterImpl-5529f01a-5ac3-4bff-808e-3a81da285252/datanode-1/data/ratis/178afc60-d102-43ae-8369-75a9193c1aaf
2020-04-23 23:59:27,869 [pool-969-thread-1] INFO  server.RaftServerConfigKeys (ConfUtils.java:logGet(44)) - raft.server.log.queue.byte-limit = 2147483647 (custom)
2020-04-23 23:59:27,869 [pool-969-thread-1] INFO  server.RaftServerConfigKeys (ConfUtils.java:logGet(44)) - raft.server.log.queue.element-limit = 1024 (custom)
2020-04-23 23:59:27,869 [pool-969-thread-1] INFO  server.RaftServerConfigKeys (ConfUtils.java:logGet(44)) - raft.server.log.segment.size.max = 1048576 (custom)
2020-04-23 23:59:27,870 [pool-969-thread-1] INFO  server.RaftServerConfigKeys (ConfUtils.java:logGet(44)) - raft.server.log.preallocated.size = 16384 (custom)
2020-04-23 23:59:27,870 [pool-969-thread-1] INFO  server.RaftServerConfigKeys (ConfUtils.java:logGet(44)) - raft.server.log.write.buffer.size = 1048576 (custom)
2020-04-23 23:59:27,870 [pool-969-thread-1] INFO  server.RaftServerConfigKeys (ConfUtils.java:logGet(44)) - raft.server.log.force.sync.num = 128 (default)
2020-04-23 23:59:27,870 [pool-969-thread-1] INFO  server.RaftServerConfigKeys (ConfUtils.java:logGet(44)) - raft.server.log.statemachine.data.sync = true (default)
2020-04-23 23:59:27,870 [pool-969-thread-1] INFO  server.RaftServerConfigKeys (ConfUtils.java:logGet(44)) - raft.server.log.statemachine.data.sync.timeout = 10s (default)
2020-04-23 23:59:27,870 [pool-969-thread-1] INFO  server.RaftServerConfigKeys (ConfUtils.java:logGet(44)) - raft.server.log.statemachine.data.sync.timeout.retry = -1 (default)
2020-04-23 23:59:27,870 [pool-969-thread-1] INFO  server.RaftServerConfigKeys (ConfUtils.java:logGet(44)) - raft.server.log.statemachine.data.caching.enabled = true (custom)
2020-04-23 23:59:27,868 [pool-954-thread-1] INFO  ratis.ContainerStateMachine (ContainerStateMachine.java:loadSnapshot(226)) - group-75A9193C1AAF: The snapshot info is null. Setting the last applied indexto:(t:0, i:~)
2020-04-23 23:59:27,870 [pool-954-thread-1] INFO  server.RaftServerConfigKeys (ConfUtils.java:logGet(44)) - raft.server.notification.no-leader.timeout = 60s (default)
2020-04-23 23:59:27,870 [pool-954-thread-1] INFO  server.RaftServerConfigKeys (ConfUtils.java:logGet(44)) - raft.server.log.use.memory = false (default)
2020-04-23 23:59:27,870 [pool-954-thread-1] INFO  server.RaftServerConfigKeys (ConfUtils.java:logGet(44)) - raft.server.log.purge.gap = 1000000 (custom)
2020-04-23 23:59:27,870 [pool-954-thread-1] INFO  server.RaftServerConfigKeys (ConfUtils.java:logGet(44)) - raft.server.log.appender.buffer.byte-limit = 33554432 (custom)
2020-04-23 23:59:27,870 [pool-954-thread-1] INFO  server.RaftServerConfigKeys (ConfUtils.java:logGet(44)) - raft.server.log.segment.size.max = 1048576 (custom)
2020-04-23 23:59:27,870 [pool-954-thread-1] INFO  server.RaftServerConfigKeys (ConfUtils.java:logGet(44)) - raft.server.log.segment.cache.num.max = 2 (custom)
2020-04-23 23:59:27,871 [pool-954-thread-1] INFO  segmented.SegmentedRaftLogWorker (SegmentedRaftLogWorker.java:<init>(176)) - new 0dc7066e-405b-4780-99cf-1352f26c2a84@group-75A9193C1AAF-SegmentedRaftLogWorker for RaftStorage:Storage Directory /github/workspace/mnt/ozone/hadoop-ozone/integration-test/target/test-dir/MiniOzoneClusterImpl-5529f01a-5ac3-4bff-808e-3a81da285252/datanode-0/data/ratis/178afc60-d102-43ae-8369-75a9193c1aaf
2020-04-23 23:59:27,871 [pool-954-thread-1] INFO  server.RaftServerConfigKeys (ConfUtils.java:logGet(44)) - raft.server.log.queue.byte-limit = 2147483647 (custom)
2020-04-23 23:59:27,871 [pool-954-thread-1] INFO  server.RaftServerConfigKeys (ConfUtils.java:logGet(44)) - raft.server.log.queue.element-limit = 1024 (custom)
2020-04-23 23:59:27,871 [pool-954-thread-1] INFO  server.RaftServerConfigKeys (ConfUtils.java:logGet(44)) - raft.server.log.segment.size.max = 1048576 (custom)
2020-04-23 23:59:27,871 [pool-954-thread-1] INFO  server.RaftServerConfigKeys (ConfUtils.java:logGet(44)) - raft.server.log.preallocated.size = 16384 (custom)
2020-04-23 23:59:27,871 [pool-954-thread-1] INFO  server.RaftServerConfigKeys (ConfUtils.java:logGet(44)) - raft.server.log.write.buffer.size = 1048576 (custom)
2020-04-23 23:59:27,871 [pool-954-thread-1] INFO  server.RaftServerConfigKeys (ConfUtils.java:logGet(44)) - raft.server.log.force.sync.num = 128 (default)
2020-04-23 23:59:27,871 [pool-954-thread-1] INFO  server.RaftServerConfigKeys (ConfUtils.java:logGet(44)) - raft.server.log.statemachine.data.sync = true (default)
2020-04-23 23:59:27,871 [pool-954-thread-1] INFO  server.RaftServerConfigKeys (ConfUtils.java:logGet(44)) - raft.server.log.statemachine.data.sync.timeout = 10s (default)
2020-04-23 23:59:27,871 [pool-954-thread-1] INFO  server.RaftServerConfigKeys (ConfUtils.java:logGet(44)) - raft.server.log.statemachine.data.sync.timeout.retry = -1 (default)
2020-04-23 23:59:27,871 [pool-954-thread-1] INFO  server.RaftServerConfigKeys (ConfUtils.java:logGet(44)) - raft.server.log.statemachine.data.caching.enabled = true (custom)
2020-04-23 23:59:27,872 [pool-954-thread-1] INFO  segmented.SegmentedRaftLogWorker (SegmentedRaftLogWorker.java:lambda$new$0(129)) - 0dc7066e-405b-4780-99cf-1352f26c2a84@group-75A9193C1AAF-SegmentedRaftLogWorker: flushIndex: setUnconditionally 0 -> -1
2020-04-23 23:59:27,872 [pool-969-thread-1] INFO  segmented.SegmentedRaftLogWorker (SegmentedRaftLogWorker.java:lambda$new$0(129)) - 6a71ef53-ab22-4528-adad-9f6a8b03666b@group-75A9193C1AAF-SegmentedRaftLogWorker: flushIndex: setUnconditionally 0 -> -1
2020-04-23 23:59:27,872 [pool-954-thread-1] INFO  server.RaftServerConfigKeys (ConfUtils.java:logGet(44)) - raft.server.snapshot.auto.trigger.enabled = true (custom)
2020-04-23 23:59:27,872 [pool-954-thread-1] INFO  server.RaftServerConfigKeys (ConfUtils.java:logGet(44)) - raft.server.snapshot.auto.trigger.threshold = 10000 (custom)
2020-04-23 23:59:27,872 [pool-954-thread-1] INFO  server.RaftServerConfigKeys (ConfUtils.java:logGet(44)) - raft.server.snapshot.retention.file.num = 5 (custom)
2020-04-23 23:59:27,872 [pool-954-thread-1] INFO  server.RaftServerConfigKeys (ConfUtils.java:logGet(44)) - raft.server.retrycache.expirytime = 600000ms (custom)
2020-04-23 23:59:27,872 [pool-969-thread-1] INFO  server.RaftServerConfigKeys (ConfUtils.java:logGet(44)) - raft.server.snapshot.auto.trigger.enabled = true (custom)
2020-04-23 23:59:27,873 [pool-954-thread-1] INFO  metrics.RatisMetrics (RatisMetrics.java:lambda$create$0(39)) - Creating Metrics Registry : ratis.leader_election.0dc7066e-405b-4780-99cf-1352f26c2a84@group-75A9193C1AAF
2020-04-23 23:59:27,873 [pool-969-thread-1] INFO  server.RaftServerConfigKeys (ConfUtils.java:logGet(44)) - raft.server.snapshot.auto.trigger.threshold = 10000 (custom)
2020-04-23 23:59:27,873 [pool-969-thread-1] INFO  server.RaftServerConfigKeys (ConfUtils.java:logGet(44)) - raft.server.snapshot.retention.file.num = 5 (custom)
2020-04-23 23:59:27,873 [pool-969-thread-1] INFO  server.RaftServerConfigKeys (ConfUtils.java:logGet(44)) - raft.server.retrycache.expirytime = 600000ms (custom)
2020-04-23 23:59:27,873 [pool-969-thread-1] INFO  metrics.RatisMetrics (RatisMetrics.java:lambda$create$0(39)) - Creating Metrics Registry : ratis.leader_election.6a71ef53-ab22-4528-adad-9f6a8b03666b@group-75A9193C1AAF
2020-04-23 23:59:27,876 [pool-954-thread-1] INFO  metrics.RatisMetrics (RatisMetrics.java:lambda$create$0(39)) - Creating Metrics Registry : ratis.server.0dc7066e-405b-4780-99cf-1352f26c2a84@group-75A9193C1AAF
2020-04-23 23:59:27,876 [pool-969-thread-1] INFO  metrics.RatisMetrics (RatisMetrics.java:lambda$create$0(39)) - Creating Metrics Registry : ratis.server.6a71ef53-ab22-4528-adad-9f6a8b03666b@group-75A9193C1AAF
2020-04-23 23:59:27,891 [pool-969-thread-1] INFO  impl.RaftServerImpl (RaftServerImpl.java:start(183)) - 6a71ef53-ab22-4528-adad-9f6a8b03666b@group-75A9193C1AAF: start as a follower, conf=-1: [e5f9a532-26d6-4fde-b118-89afbb9e15e9:172.17.0.2:38999, 0dc7066e-405b-4780-99cf-1352f26c2a84:172.17.0.2:37081, 6a71ef53-ab22-4528-adad-9f6a8b03666b:172.17.0.2:35203], old=null
2020-04-23 23:59:27,891 [pool-969-thread-1] INFO  impl.RaftServerImpl (RaftServerImpl.java:setRole(172)) - 6a71ef53-ab22-4528-adad-9f6a8b03666b@group-75A9193C1AAF: changes role from      null to FOLLOWER at term 0 for startAsFollower
2020-04-23 23:59:27,891 [pool-969-thread-1] INFO  impl.RoleInfo (RoleInfo.java:updateAndGet(143)) - 6a71ef53-ab22-4528-adad-9f6a8b03666b: start FollowerState
2020-04-23 23:59:27,892 [pool-969-thread-1] INFO  util.JmxRegister (JmxRegister.java:tryRegister(44)) - Successfully registered JMX Bean with object name Ratis:service=RaftServer,group=group-75A9193C1AAF,id=6a71ef53-ab22-4528-adad-9f6a8b03666b
2020-04-23 23:59:27,892 [pool-969-thread-1] INFO  metrics.RatisMetrics (RatisMetrics.java:lambda$create$0(39)) - Creating Metrics Registry : ratis.state_machine.6a71ef53-ab22-4528-adad-9f6a8b03666b@group-75A9193C1AAF
2020-04-23 23:59:27,892 [pool-954-thread-1] INFO  impl.RaftServerImpl (RaftServerImpl.java:start(183)) - 0dc7066e-405b-4780-99cf-1352f26c2a84@group-75A9193C1AAF: start as a follower, conf=-1: [e5f9a532-26d6-4fde-b118-89afbb9e15e9:172.17.0.2:38999, 0dc7066e-405b-4780-99cf-1352f26c2a84:172.17.0.2:37081, 6a71ef53-ab22-4528-adad-9f6a8b03666b:172.17.0.2:35203], old=null
2020-04-23 23:59:27,892 [pool-954-thread-1] INFO  impl.RaftServerImpl (RaftServerImpl.java:setRole(172)) - 0dc7066e-405b-4780-99cf-1352f26c2a84@group-75A9193C1AAF: changes role from      null to FOLLOWER at term 0 for startAsFollower
2020-04-23 23:59:27,892 [pool-954-thread-1] INFO  impl.RoleInfo (RoleInfo.java:updateAndGet(143)) - 0dc7066e-405b-4780-99cf-1352f26c2a84: start FollowerState
2020-04-23 23:59:27,892 [pool-954-thread-1] INFO  util.JmxRegister (JmxRegister.java:tryRegister(44)) - Successfully registered JMX Bean with object name Ratis:service=RaftServer,group=group-75A9193C1AAF,id=0dc7066e-405b-4780-99cf-1352f26c2a84
2020-04-23 23:59:27,892 [pool-954-thread-1] INFO  metrics.RatisMetrics (RatisMetrics.java:lambda$create$0(39)) - Creating Metrics Registry : ratis.state_machine.0dc7066e-405b-4780-99cf-1352f26c2a84@group-75A9193C1AAF
2020-04-23 23:59:27,903 [Command processor thread] INFO  impl.RaftServerProxy (RaftServerProxy.java:addNew(89)) - e5f9a532-26d6-4fde-b118-89afbb9e15e9: addNew group-ED3246CA88C1:[e5f9a532-26d6-4fde-b118-89afbb9e15e9:172.17.0.2:38999] returns group-ED3246CA88C1:java.util.concurrent.CompletableFuture@64a5c020[Not completed]
2020-04-23 23:59:27,904 [pool-984-thread-1] INFO  impl.RaftServerImpl (RaftServerImpl.java:<init>(97)) - e5f9a532-26d6-4fde-b118-89afbb9e15e9: new RaftServerImpl for group-ED3246CA88C1:[e5f9a532-26d6-4fde-b118-89afbb9e15e9:172.17.0.2:38999] with ContainerStateMachine:uninitialized
2020-04-23 23:59:27,904 [pool-984-thread-1] INFO  server.RaftServerConfigKeys (ConfUtils.java:logGet(44)) - raft.server.rpc.timeout.min = 5s (custom)
2020-04-23 23:59:27,904 [pool-984-thread-1] INFO  server.RaftServerConfigKeys (ConfUtils.java:logGet(44)) - raft.server.rpc.timeout.max = 5200ms (custom)
2020-04-23 23:59:27,904 [pool-984-thread-1] INFO  server.RaftServerConfigKeys (ConfUtils.java:logGet(44)) - raft.server.rpcslowness.timeout = 300s (custom)
2020-04-23 23:59:27,904 [pool-984-thread-1] INFO  server.RaftServerConfigKeys (ConfUtils.java:logGet(44)) - raft.server.sleep.deviation.threshold = 300 (default)
2020-04-23 23:59:27,904 [pool-984-thread-1] INFO  server.RaftServerConfigKeys (ConfUtils.java:logGet(44)) - raft.server.log.appender.install.snapshot.enabled = false (custom)
2020-04-23 23:59:27,904 [pool-984-thread-1] INFO  impl.RaftServerImpl (ServerState.java:<init>(103)) - e5f9a532-26d6-4fde-b118-89afbb9e15e9@group-ED3246CA88C1: ConfigurationManager, init=-1: [e5f9a532-26d6-4fde-b118-89afbb9e15e9:172.17.0.2:38999], old=null, confs=<EMPTY_MAP>
2020-04-23 23:59:27,904 [pool-984-thread-1] INFO  server.RaftServerConfigKeys (ConfUtils.java:logGet(44)) - raft.server.storage.dir = [/github/workspace/mnt/ozone/hadoop-ozone/integration-test/target/test-dir/MiniOzoneClusterImpl-5529f01a-5ac3-4bff-808e-3a81da285252/datanode-2/data/ratis] (custom)
2020-04-23 23:59:27,904 [pool-984-thread-1] INFO  server.RaftServerConfigKeys (ConfUtils.java:logGet(44)) - raft.server.log.corruption.policy = EXCEPTION (default)
2020-04-23 23:59:27,905 [pool-984-thread-1] INFO  storage.RaftStorageDirectory (RaftStorageDirectory.java:analyzeStorage(253)) - The storage directory /github/workspace/mnt/ozone/hadoop-ozone/integration-test/target/test-dir/MiniOzoneClusterImpl-5529f01a-5ac3-4bff-808e-3a81da285252/datanode-2/data/ratis/bf335a2f-6ed9-456e-8a24-ed3246ca88c1 does not exist. Creating ...
2020-04-23 23:59:27,905 [grpc-default-executor-7] INFO  impl.RaftServerProxy (RaftServerProxy.java:addNew(89)) - e5f9a532-26d6-4fde-b118-89afbb9e15e9: addNew group-75A9193C1AAF:[e5f9a532-26d6-4fde-b118-89afbb9e15e9:172.17.0.2:38999, 0dc7066e-405b-4780-99cf-1352f26c2a84:172.17.0.2:37081, 6a71ef53-ab22-4528-adad-9f6a8b03666b:172.17.0.2:35203] returns group-75A9193C1AAF:java.util.concurrent.CompletableFuture@6f4184f8[Not completed]
2020-04-23 23:59:27,911 [pool-984-thread-1] INFO  storage.RaftStorageDirectory (RaftStorageDirectory.java:tryLock(335)) - Lock on /github/workspace/mnt/ozone/hadoop-ozone/integration-test/target/test-dir/MiniOzoneClusterImpl-5529f01a-5ac3-4bff-808e-3a81da285252/datanode-2/data/ratis/bf335a2f-6ed9-456e-8a24-ed3246ca88c1/in_use.lock acquired by nodename 7490@9acf12ef3076
2020-04-23 23:59:27,913 [pool-984-thread-1] INFO  storage.RaftStorage (RaftStorage.java:format(84)) - Storage directory /github/workspace/mnt/ozone/hadoop-ozone/integration-test/target/test-dir/MiniOzoneClusterImpl-5529f01a-5ac3-4bff-808e-3a81da285252/datanode-2/data/ratis/bf335a2f-6ed9-456e-8a24-ed3246ca88c1 has been successfully formatted.
2020-04-23 23:59:27,914 [pool-984-thread-1] INFO  ratis.ContainerStateMachine (ContainerStateMachine.java:loadSnapshot(226)) - group-ED3246CA88C1: The snapshot info is null. Setting the last applied indexto:(t:0, i:~)
2020-04-23 23:59:27,914 [pool-984-thread-1] INFO  server.RaftServerConfigKeys (ConfUtils.java:logGet(44)) - raft.server.notification.no-leader.timeout = 60s (default)
2020-04-23 23:59:27,914 [pool-984-thread-1] INFO  server.RaftServerConfigKeys (ConfUtils.java:logGet(44)) - raft.server.log.use.memory = false (default)
2020-04-23 23:59:27,914 [EventQueue-PipelineReportForPipelineReportHandler] INFO  pipeline.PipelineStateManager (PipelineStateManager.java:openPipeline(131)) - Pipeline Pipeline[ Id: bf335a2f-6ed9-456e-8a24-ed3246ca88c1, Nodes: e5f9a532-26d6-4fde-b118-89afbb9e15e9{ip: 172.17.0.2, host: 9acf12ef3076, networkLocation: /default-rack, certSerialId: null}, Type:RATIS, Factor:ONE, State:ALLOCATED, leaderId:e5f9a532-26d6-4fde-b118-89afbb9e15e9, CreationTimestamp2020-04-23T23:59:24.905Z] moved to OPEN state
2020-04-23 23:59:27,914 [EventQueue-OpenPipelineForOneReplicaPipelineSafeModeRule] INFO  safemode.SCMSafeModeManager (SCMSafeModeManager.java:validateSafeModeExitRules(183)) - AtleastOneDatanodeReportedRule rule is successfully validated
2020-04-23 23:59:27,914 [EventQueue-OpenPipelineForHealthyPipelineSafeModeRule] INFO  safemode.SCMSafeModeManager (HealthyPipelineSafeModeRule.java:process(132)) - SCM in safe mode. Healthy pipelines reported count is 0, required healthy pipeline reported count is 1
2020-04-23 23:59:27,914 [pool-984-thread-1] INFO  server.RaftServerConfigKeys (ConfUtils.java:logGet(44)) - raft.server.log.purge.gap = 1000000 (custom)
2020-04-23 23:59:27,914 [pool-984-thread-1] INFO  server.RaftServerConfigKeys (ConfUtils.java:logGet(44)) - raft.server.log.appender.buffer.byte-limit = 33554432 (custom)
2020-04-23 23:59:27,914 [pool-984-thread-1] INFO  server.RaftServerConfigKeys (ConfUtils.java:logGet(44)) - raft.server.log.segment.size.max = 1048576 (custom)
2020-04-23 23:59:27,915 [pool-984-thread-1] INFO  server.RaftServerConfigKeys (ConfUtils.java:logGet(44)) - raft.server.log.segment.cache.num.max = 2 (custom)
2020-04-23 23:59:27,915 [pool-984-thread-1] INFO  segmented.SegmentedRaftLogWorker (SegmentedRaftLogWorker.java:<init>(176)) - new e5f9a532-26d6-4fde-b118-89afbb9e15e9@group-ED3246CA88C1-SegmentedRaftLogWorker for RaftStorage:Storage Directory /github/workspace/mnt/ozone/hadoop-ozone/integration-test/target/test-dir/MiniOzoneClusterImpl-5529f01a-5ac3-4bff-808e-3a81da285252/datanode-2/data/ratis/bf335a2f-6ed9-456e-8a24-ed3246ca88c1
2020-04-23 23:59:27,915 [pool-984-thread-1] INFO  server.RaftServerConfigKeys (ConfUtils.java:logGet(44)) - raft.server.log.queue.byte-limit = 2147483647 (custom)
2020-04-23 23:59:27,915 [pool-984-thread-1] INFO  server.RaftServerConfigKeys (ConfUtils.java:logGet(44)) - raft.server.log.queue.element-limit = 1024 (custom)
2020-04-23 23:59:27,915 [pool-984-thread-1] INFO  server.RaftServerConfigKeys (ConfUtils.java:logGet(44)) - raft.server.log.segment.size.max = 1048576 (custom)
2020-04-23 23:59:27,915 [pool-984-thread-1] INFO  server.RaftServerConfigKeys (ConfUtils.java:logGet(44)) - raft.server.log.preallocated.size = 16384 (custom)
2020-04-23 23:59:27,915 [pool-984-thread-1] INFO  server.RaftServerConfigKeys (ConfUtils.java:logGet(44)) - raft.server.log.write.buffer.size = 1048576 (custom)
2020-04-23 23:59:27,915 [pool-984-thread-1] INFO  server.RaftServerConfigKeys (ConfUtils.java:logGet(44)) - raft.server.log.force.sync.num = 128 (default)
2020-04-23 23:59:27,915 [pool-984-thread-1] INFO  server.RaftServerConfigKeys (ConfUtils.java:logGet(44)) - raft.server.log.statemachine.data.sync = true (default)
2020-04-23 23:59:27,915 [pool-984-thread-1] INFO  server.RaftServerConfigKeys (ConfUtils.java:logGet(44)) - raft.server.log.statemachine.data.sync.timeout = 10s (default)
2020-04-23 23:59:27,915 [pool-984-thread-1] INFO  server.RaftServerConfigKeys (ConfUtils.java:logGet(44)) - raft.server.log.statemachine.data.sync.timeout.retry = -1 (default)
2020-04-23 23:59:27,916 [pool-984-thread-1] INFO  server.RaftServerConfigKeys (ConfUtils.java:logGet(44)) - raft.server.log.statemachine.data.caching.enabled = true (custom)
2020-04-23 23:59:27,916 [pool-984-thread-1] INFO  segmented.SegmentedRaftLogWorker (SegmentedRaftLogWorker.java:lambda$new$0(129)) - e5f9a532-26d6-4fde-b118-89afbb9e15e9@group-ED3246CA88C1-SegmentedRaftLogWorker: flushIndex: setUnconditionally 0 -> -1
2020-04-23 23:59:27,916 [pool-984-thread-1] INFO  server.RaftServerConfigKeys (ConfUtils.java:logGet(44)) - raft.server.snapshot.auto.trigger.enabled = true (custom)
2020-04-23 23:59:27,916 [pool-984-thread-1] INFO  server.RaftServerConfigKeys (ConfUtils.java:logGet(44)) - raft.server.snapshot.auto.trigger.threshold = 10000 (custom)
2020-04-23 23:59:27,917 [pool-984-thread-1] INFO  server.RaftServerConfigKeys (ConfUtils.java:logGet(44)) - raft.server.snapshot.retention.file.num = 5 (custom)
2020-04-23 23:59:27,917 [pool-984-thread-1] INFO  server.RaftServerConfigKeys (ConfUtils.java:logGet(44)) - raft.server.retrycache.expirytime = 600000ms (custom)
2020-04-23 23:59:27,917 [pool-984-thread-1] INFO  metrics.RatisMetrics (RatisMetrics.java:lambda$create$0(39)) - Creating Metrics Registry : ratis.leader_election.e5f9a532-26d6-4fde-b118-89afbb9e15e9@group-ED3246CA88C1
2020-04-23 23:59:27,918 [pool-984-thread-1] INFO  metrics.RatisMetrics (RatisMetrics.java:lambda$create$0(39)) - Creating Metrics Registry : ratis.server.e5f9a532-26d6-4fde-b118-89afbb9e15e9@group-ED3246CA88C1
2020-04-23 23:59:27,924 [pool-984-thread-1] INFO  impl.RaftServerImpl (RaftServerImpl.java:<init>(97)) - e5f9a532-26d6-4fde-b118-89afbb9e15e9: new RaftServerImpl for group-75A9193C1AAF:[e5f9a532-26d6-4fde-b118-89afbb9e15e9:172.17.0.2:38999, 0dc7066e-405b-4780-99cf-1352f26c2a84:172.17.0.2:37081, 6a71ef53-ab22-4528-adad-9f6a8b03666b:172.17.0.2:35203] with ContainerStateMachine:uninitialized
2020-04-23 23:59:27,925 [pool-984-thread-1] INFO  server.RaftServerConfigKeys (ConfUtils.java:logGet(44)) - raft.server.rpc.timeout.min = 5s (custom)
2020-04-23 23:59:27,925 [pool-984-thread-1] INFO  server.RaftServerConfigKeys (ConfUtils.java:logGet(44)) - raft.server.rpc.timeout.max = 5200ms (custom)
2020-04-23 23:59:27,925 [pool-984-thread-1] INFO  server.RaftServerConfigKeys (ConfUtils.java:logGet(44)) - raft.server.rpcslowness.timeout = 300s (custom)
2020-04-23 23:59:27,925 [pool-984-thread-1] INFO  server.RaftServerConfigKeys (ConfUtils.java:logGet(44)) - raft.server.sleep.deviation.threshold = 300 (default)
2020-04-23 23:59:27,925 [pool-984-thread-1] INFO  server.RaftServerConfigKeys (ConfUtils.java:logGet(44)) - raft.server.log.appender.install.snapshot.enabled = false (custom)
2020-04-23 23:59:27,925 [pool-984-thread-1] INFO  impl.RaftServerImpl (ServerState.java:<init>(103)) - e5f9a532-26d6-4fde-b118-89afbb9e15e9@group-75A9193C1AAF: ConfigurationManager, init=-1: [e5f9a532-26d6-4fde-b118-89afbb9e15e9:172.17.0.2:38999, 0dc7066e-405b-4780-99cf-1352f26c2a84:172.17.0.2:37081, 6a71ef53-ab22-4528-adad-9f6a8b03666b:172.17.0.2:35203], old=null, confs=<EMPTY_MAP>
2020-04-23 23:59:27,925 [pool-984-thread-1] INFO  server.RaftServerConfigKeys (ConfUtils.java:logGet(44)) - raft.server.storage.dir = [/github/workspace/mnt/ozone/hadoop-ozone/integration-test/target/test-dir/MiniOzoneClusterImpl-5529f01a-5ac3-4bff-808e-3a81da285252/datanode-2/data/ratis] (custom)
2020-04-23 23:59:27,926 [pool-984-thread-1] INFO  server.RaftServerConfigKeys (ConfUtils.java:logGet(44)) - raft.server.log.corruption.policy = EXCEPTION (default)
2020-04-23 23:59:27,926 [pool-984-thread-1] INFO  storage.RaftStorageDirectory (RaftStorageDirectory.java:analyzeStorage(253)) - The storage directory /github/workspace/mnt/ozone/hadoop-ozone/integration-test/target/test-dir/MiniOzoneClusterImpl-5529f01a-5ac3-4bff-808e-3a81da285252/datanode-2/data/ratis/178afc60-d102-43ae-8369-75a9193c1aaf does not exist. Creating ...
2020-04-23 23:59:27,927 [pool-984-thread-1] INFO  storage.RaftStorageDirectory (RaftStorageDirectory.java:tryLock(335)) - Lock on /github/workspace/mnt/ozone/hadoop-ozone/integration-test/target/test-dir/MiniOzoneClusterImpl-5529f01a-5ac3-4bff-808e-3a81da285252/datanode-2/data/ratis/178afc60-d102-43ae-8369-75a9193c1aaf/in_use.lock acquired by nodename 7490@9acf12ef3076
2020-04-23 23:59:27,929 [pool-984-thread-1] INFO  storage.RaftStorage (RaftStorage.java:format(84)) - Storage directory /github/workspace/mnt/ozone/hadoop-ozone/integration-test/target/test-dir/MiniOzoneClusterImpl-5529f01a-5ac3-4bff-808e-3a81da285252/datanode-2/data/ratis/178afc60-d102-43ae-8369-75a9193c1aaf has been successfully formatted.
2020-04-23 23:59:27,929 [pool-984-thread-1] INFO  ratis.ContainerStateMachine (ContainerStateMachine.java:loadSnapshot(226)) - group-75A9193C1AAF: The snapshot info is null. Setting the last applied indexto:(t:0, i:~)
2020-04-23 23:59:27,929 [pool-984-thread-1] INFO  server.RaftServerConfigKeys (ConfUtils.java:logGet(44)) - raft.server.notification.no-leader.timeout = 60s (default)
2020-04-23 23:59:27,929 [pool-984-thread-1] INFO  server.RaftServerConfigKeys (ConfUtils.java:logGet(44)) - raft.server.log.use.memory = false (default)
2020-04-23 23:59:27,929 [pool-984-thread-1] INFO  server.RaftServerConfigKeys (ConfUtils.java:logGet(44)) - raft.server.log.purge.gap = 1000000 (custom)
2020-04-23 23:59:27,929 [pool-984-thread-1] INFO  server.RaftServerConfigKeys (ConfUtils.java:logGet(44)) - raft.server.log.appender.buffer.byte-limit = 33554432 (custom)
2020-04-23 23:59:27,929 [pool-984-thread-1] INFO  server.RaftServerConfigKeys (ConfUtils.java:logGet(44)) - raft.server.log.segment.size.max = 1048576 (custom)
2020-04-23 23:59:27,929 [pool-984-thread-1] INFO  server.RaftServerConfigKeys (ConfUtils.java:logGet(44)) - raft.server.log.segment.cache.num.max = 2 (custom)
2020-04-23 23:59:27,929 [pool-984-thread-1] INFO  segmented.SegmentedRaftLogWorker (SegmentedRaftLogWorker.java:<init>(176)) - new e5f9a532-26d6-4fde-b118-89afbb9e15e9@group-75A9193C1AAF-SegmentedRaftLogWorker for RaftStorage:Storage Directory /github/workspace/mnt/ozone/hadoop-ozone/integration-test/target/test-dir/MiniOzoneClusterImpl-5529f01a-5ac3-4bff-808e-3a81da285252/datanode-2/data/ratis/178afc60-d102-43ae-8369-75a9193c1aaf
2020-04-23 23:59:27,929 [pool-984-thread-1] INFO  server.RaftServerConfigKeys (ConfUtils.java:logGet(44)) - raft.server.log.queue.byte-limit = 2147483647 (custom)
2020-04-23 23:59:27,929 [pool-984-thread-1] INFO  server.RaftServerConfigKeys (ConfUtils.java:logGet(44)) - raft.server.log.queue.element-limit = 1024 (custom)
2020-04-23 23:59:27,929 [pool-984-thread-1] INFO  server.RaftServerConfigKeys (ConfUtils.java:logGet(44)) - raft.server.log.segment.size.max = 1048576 (custom)
2020-04-23 23:59:27,929 [pool-984-thread-1] INFO  server.RaftServerConfigKeys (ConfUtils.java:logGet(44)) - raft.server.log.preallocated.size = 16384 (custom)
2020-04-23 23:59:27,929 [pool-984-thread-1] INFO  server.RaftServerConfigKeys (ConfUtils.java:logGet(44)) - raft.server.log.write.buffer.size = 1048576 (custom)
2020-04-23 23:59:27,929 [pool-984-thread-1] INFO  server.RaftServerConfigKeys (ConfUtils.java:logGet(44)) - raft.server.log.force.sync.num = 128 (default)
2020-04-23 23:59:27,929 [pool-984-thread-1] INFO  server.RaftServerConfigKeys (ConfUtils.java:logGet(44)) - raft.server.log.statemachine.data.sync = true (default)
2020-04-23 23:59:27,929 [pool-984-thread-1] INFO  server.RaftServerConfigKeys (ConfUtils.java:logGet(44)) - raft.server.log.statemachine.data.sync.timeout = 10s (default)
2020-04-23 23:59:27,929 [pool-984-thread-1] INFO  server.RaftServerConfigKeys (ConfUtils.java:logGet(44)) - raft.server.log.statemachine.data.sync.timeout.retry = -1 (default)
2020-04-23 23:59:27,930 [pool-984-thread-1] INFO  server.RaftServerConfigKeys (ConfUtils.java:logGet(44)) - raft.server.log.statemachine.data.caching.enabled = true (custom)
2020-04-23 23:59:27,930 [pool-984-thread-1] INFO  segmented.SegmentedRaftLogWorker (SegmentedRaftLogWorker.java:lambda$new$0(129)) - e5f9a532-26d6-4fde-b118-89afbb9e15e9@group-75A9193C1AAF-SegmentedRaftLogWorker: flushIndex: setUnconditionally 0 -> -1
2020-04-23 23:59:27,930 [pool-984-thread-1] INFO  server.RaftServerConfigKeys (ConfUtils.java:logGet(44)) - raft.server.snapshot.auto.trigger.enabled = true (custom)
2020-04-23 23:59:27,931 [pool-984-thread-1] INFO  server.RaftServerConfigKeys (ConfUtils.java:logGet(44)) - raft.server.snapshot.auto.trigger.threshold = 10000 (custom)
2020-04-23 23:59:27,931 [pool-984-thread-1] INFO  server.RaftServerConfigKeys (ConfUtils.java:logGet(44)) - raft.server.snapshot.retention.file.num = 5 (custom)
2020-04-23 23:59:27,933 [pool-984-thread-1] INFO  server.RaftServerConfigKeys (ConfUtils.java:logGet(44)) - raft.server.retrycache.expirytime = 600000ms (custom)
2020-04-23 23:59:27,933 [pool-984-thread-1] INFO  metrics.RatisMetrics (RatisMetrics.java:lambda$create$0(39)) - Creating Metrics Registry : ratis.leader_election.e5f9a532-26d6-4fde-b118-89afbb9e15e9@group-75A9193C1AAF
2020-04-23 23:59:27,934 [pool-984-thread-1] INFO  metrics.RatisMetrics (RatisMetrics.java:lambda$create$0(39)) - Creating Metrics Registry : ratis.server.e5f9a532-26d6-4fde-b118-89afbb9e15e9@group-75A9193C1AAF
2020-04-23 23:59:27,934 [Command processor thread] INFO  commandhandler.CreatePipelineCommandHandler (CreatePipelineCommandHandler.java:handle(109)) - Created Pipeline RATIS THREE #id: "178afc60-d102-43ae-8369-75a9193c1aaf"
.
2020-04-23 23:59:27,937 [pool-984-thread-1] INFO  impl.RaftServerImpl (RaftServerImpl.java:start(183)) - e5f9a532-26d6-4fde-b118-89afbb9e15e9@group-ED3246CA88C1: start as a follower, conf=-1: [e5f9a532-26d6-4fde-b118-89afbb9e15e9:172.17.0.2:38999], old=null
2020-04-23 23:59:27,937 [pool-984-thread-1] INFO  impl.RaftServerImpl (RaftServerImpl.java:setRole(172)) - e5f9a532-26d6-4fde-b118-89afbb9e15e9@group-ED3246CA88C1: changes role from      null to FOLLOWER at term 0 for startAsFollower
2020-04-23 23:59:27,937 [pool-984-thread-1] INFO  impl.RoleInfo (RoleInfo.java:updateAndGet(143)) - e5f9a532-26d6-4fde-b118-89afbb9e15e9: start FollowerState
2020-04-23 23:59:27,938 [pool-984-thread-1] INFO  util.JmxRegister (JmxRegister.java:tryRegister(44)) - Successfully registered JMX Bean with object name Ratis:service=RaftServer,group=group-ED3246CA88C1,id=e5f9a532-26d6-4fde-b118-89afbb9e15e9
2020-04-23 23:59:27,938 [pool-984-thread-1] INFO  metrics.RatisMetrics (RatisMetrics.java:lambda$create$0(39)) - Creating Metrics Registry : ratis.state_machine.e5f9a532-26d6-4fde-b118-89afbb9e15e9@group-ED3246CA88C1
2020-04-23 23:59:27,939 [pool-984-thread-1] INFO  impl.RaftServerImpl (RaftServerImpl.java:start(183)) - e5f9a532-26d6-4fde-b118-89afbb9e15e9@group-75A9193C1AAF: start as a follower, conf=-1: [e5f9a532-26d6-4fde-b118-89afbb9e15e9:172.17.0.2:38999, 0dc7066e-405b-4780-99cf-1352f26c2a84:172.17.0.2:37081, 6a71ef53-ab22-4528-adad-9f6a8b03666b:172.17.0.2:35203], old=null
2020-04-23 23:59:27,939 [pool-984-thread-1] INFO  impl.RaftServerImpl (RaftServerImpl.java:setRole(172)) - e5f9a532-26d6-4fde-b118-89afbb9e15e9@group-75A9193C1AAF: changes role from      null to FOLLOWER at term 0 for startAsFollower
2020-04-23 23:59:27,939 [pool-984-thread-1] INFO  impl.RoleInfo (RoleInfo.java:updateAndGet(143)) - e5f9a532-26d6-4fde-b118-89afbb9e15e9: start FollowerState
2020-04-23 23:59:27,939 [Command processor thread] INFO  commandhandler.CreatePipelineCommandHandler (CreatePipelineCommandHandler.java:handle(109)) - Created Pipeline RATIS ONE #id: "bf335a2f-6ed9-456e-8a24-ed3246ca88c1"
.
2020-04-23 23:59:27,939 [pool-984-thread-1] INFO  util.JmxRegister (JmxRegister.java:tryRegister(44)) - Successfully registered JMX Bean with object name Ratis:service=RaftServer,group=group-75A9193C1AAF,id=e5f9a532-26d6-4fde-b118-89afbb9e15e9
2020-04-23 23:59:27,939 [pool-984-thread-1] INFO  metrics.RatisMetrics (RatisMetrics.java:lambda$create$0(39)) - Creating Metrics Registry : ratis.state_machine.e5f9a532-26d6-4fde-b118-89afbb9e15e9@group-75A9193C1AAF
2020-04-23 23:59:27,954 [Command processor thread] INFO  commandhandler.CreatePipelineCommandHandler (CreatePipelineCommandHandler.java:handle(109)) - Created Pipeline RATIS THREE #id: "178afc60-d102-43ae-8369-75a9193c1aaf"
.
2020-04-23 23:59:27,972 [Command processor thread] INFO  impl.RaftServerProxy (RaftServerProxy.java:addNew(89)) - 016df35f-8c5c-427d-a7e6-984ca7ba6483: addNew group-66104EC5064E:[016df35f-8c5c-427d-a7e6-984ca7ba6483:172.17.0.2:42761] returns group-66104EC5064E:java.util.concurrent.CompletableFuture@5135ba79[Not completed]
2020-04-23 23:59:27,973 [pool-999-thread-1] INFO  impl.RaftServerImpl (RaftServerImpl.java:<init>(97)) - 016df35f-8c5c-427d-a7e6-984ca7ba6483: new RaftServerImpl for group-66104EC5064E:[016df35f-8c5c-427d-a7e6-984ca7ba6483:172.17.0.2:42761] with ContainerStateMachine:uninitialized
2020-04-23 23:59:27,974 [pool-999-thread-1] INFO  server.RaftServerConfigKeys (ConfUtils.java:logGet(44)) - raft.server.rpc.timeout.min = 5s (custom)
2020-04-23 23:59:27,974 [pool-999-thread-1] INFO  server.RaftServerConfigKeys (ConfUtils.java:logGet(44)) - raft.server.rpc.timeout.max = 5200ms (custom)
2020-04-23 23:59:27,974 [pool-999-thread-1] INFO  server.RaftServerConfigKeys (ConfUtils.java:logGet(44)) - raft.server.rpcslowness.timeout = 300s (custom)
2020-04-23 23:59:27,974 [pool-999-thread-1] INFO  server.RaftServerConfigKeys (ConfUtils.java:logGet(44)) - raft.server.sleep.deviation.threshold = 300 (default)
2020-04-23 23:59:27,974 [pool-999-thread-1] INFO  server.RaftServerConfigKeys (ConfUtils.java:logGet(44)) - raft.server.log.appender.install.snapshot.enabled = false (custom)
2020-04-23 23:59:27,974 [pool-999-thread-1] INFO  impl.RaftServerImpl (ServerState.java:<init>(103)) - 016df35f-8c5c-427d-a7e6-984ca7ba6483@group-66104EC5064E: ConfigurationManager, init=-1: [016df35f-8c5c-427d-a7e6-984ca7ba6483:172.17.0.2:42761], old=null, confs=<EMPTY_MAP>
2020-04-23 23:59:27,974 [pool-999-thread-1] INFO  server.RaftServerConfigKeys (ConfUtils.java:logGet(44)) - raft.server.storage.dir = [/github/workspace/mnt/ozone/hadoop-ozone/integration-test/target/test-dir/MiniOzoneClusterImpl-5529f01a-5ac3-4bff-808e-3a81da285252/datanode-3/data/ratis] (custom)
2020-04-23 23:59:27,974 [pool-999-thread-1] INFO  server.RaftServerConfigKeys (ConfUtils.java:logGet(44)) - raft.server.log.corruption.policy = EXCEPTION (default)
2020-04-23 23:59:27,974 [pool-999-thread-1] INFO  storage.RaftStorageDirectory (RaftStorageDirectory.java:analyzeStorage(253)) - The storage directory /github/workspace/mnt/ozone/hadoop-ozone/integration-test/target/test-dir/MiniOzoneClusterImpl-5529f01a-5ac3-4bff-808e-3a81da285252/datanode-3/data/ratis/118a0461-47df-47fe-955a-66104ec5064e does not exist. Creating ...
2020-04-23 23:59:27,975 [pool-999-thread-1] INFO  storage.RaftStorageDirectory (RaftStorageDirectory.java:tryLock(335)) - Lock on /github/workspace/mnt/ozone/hadoop-ozone/integration-test/target/test-dir/MiniOzoneClusterImpl-5529f01a-5ac3-4bff-808e-3a81da285252/datanode-3/data/ratis/118a0461-47df-47fe-955a-66104ec5064e/in_use.lock acquired by nodename 7490@9acf12ef3076
2020-04-23 23:59:27,977 [pool-999-thread-1] INFO  storage.RaftStorage (RaftStorage.java:format(84)) - Storage directory /github/workspace/mnt/ozone/hadoop-ozone/integration-test/target/test-dir/MiniOzoneClusterImpl-5529f01a-5ac3-4bff-808e-3a81da285252/datanode-3/data/ratis/118a0461-47df-47fe-955a-66104ec5064e has been successfully formatted.
2020-04-23 23:59:27,978 [pool-999-thread-1] INFO  ratis.ContainerStateMachine (ContainerStateMachine.java:loadSnapshot(226)) - group-66104EC5064E: The snapshot info is null. Setting the last applied indexto:(t:0, i:~)
2020-04-23 23:59:27,978 [pool-999-thread-1] INFO  server.RaftServerConfigKeys (ConfUtils.java:logGet(44)) - raft.server.notification.no-leader.timeout = 60s (default)
2020-04-23 23:59:27,978 [pool-999-thread-1] INFO  server.RaftServerConfigKeys (ConfUtils.java:logGet(44)) - raft.server.log.use.memory = false (default)
2020-04-23 23:59:27,978 [pool-999-thread-1] INFO  server.RaftServerConfigKeys (ConfUtils.java:logGet(44)) - raft.server.log.purge.gap = 1000000 (custom)
2020-04-23 23:59:27,978 [pool-999-thread-1] INFO  server.RaftServerConfigKeys (ConfUtils.java:logGet(44)) - raft.server.log.appender.buffer.byte-limit = 33554432 (custom)
2020-04-23 23:59:27,978 [pool-999-thread-1] INFO  server.RaftServerConfigKeys (ConfUtils.java:logGet(44)) - raft.server.log.segment.size.max = 1048576 (custom)
2020-04-23 23:59:27,978 [pool-999-thread-1] INFO  metrics.RatisMetrics (RatisMetrics.java:lambda$create$0(39)) - Creating Metrics Registry : ratis.log_worker.016df35f-8c5c-427d-a7e6-984ca7ba6483
2020-04-23 23:59:27,978 [pool-999-thread-1] INFO  server.RaftServerConfigKeys (ConfUtils.java:logGet(44)) - raft.server.log.segment.cache.num.max = 2 (custom)
2020-04-23 23:59:27,978 [EventQueue-PipelineReportForPipelineReportHandler] INFO  pipeline.PipelineStateManager (PipelineStateManager.java:openPipeline(131)) - Pipeline Pipeline[ Id: 118a0461-47df-47fe-955a-66104ec5064e, Nodes: 016df35f-8c5c-427d-a7e6-984ca7ba6483{ip: 172.17.0.2, host: 9acf12ef3076, networkLocation: /default-rack, certSerialId: null}, Type:RATIS, Factor:ONE, State:ALLOCATED, leaderId:016df35f-8c5c-427d-a7e6-984ca7ba6483, CreationTimestamp2020-04-23T23:59:24.973Z] moved to OPEN state
2020-04-23 23:59:27,979 [EventQueue-OpenPipelineForOneReplicaPipelineSafeModeRule] INFO  safemode.SCMSafeModeManager (SCMSafeModeManager.java:validateSafeModeExitRules(183)) - AtleastOneDatanodeReportedRule rule is successfully validated
2020-04-23 23:59:27,979 [EventQueue-OpenPipelineForHealthyPipelineSafeModeRule] INFO  safemode.SCMSafeModeManager (HealthyPipelineSafeModeRule.java:process(132)) - SCM in safe mode. Healthy pipelines reported count is 0, required healthy pipeline reported count is 1
2020-04-23 23:59:27,979 [pool-999-thread-1] INFO  segmented.SegmentedRaftLogWorker (SegmentedRaftLogWorker.java:<init>(176)) - new 016df35f-8c5c-427d-a7e6-984ca7ba6483@group-66104EC5064E-SegmentedRaftLogWorker for RaftStorage:Storage Directory /github/workspace/mnt/ozone/hadoop-ozone/integration-test/target/test-dir/MiniOzoneClusterImpl-5529f01a-5ac3-4bff-808e-3a81da285252/datanode-3/data/ratis/118a0461-47df-47fe-955a-66104ec5064e
2020-04-23 23:59:27,979 [pool-999-thread-1] INFO  server.RaftServerConfigKeys (ConfUtils.java:logGet(44)) - raft.server.log.queue.byte-limit = 2147483647 (custom)
2020-04-23 23:59:27,979 [pool-999-thread-1] INFO  server.RaftServerConfigKeys (ConfUtils.java:logGet(44)) - raft.server.log.queue.element-limit = 1024 (custom)
2020-04-23 23:59:27,979 [pool-999-thread-1] INFO  server.RaftServerConfigKeys (ConfUtils.java:logGet(44)) - raft.server.log.segment.size.max = 1048576 (custom)
2020-04-23 23:59:27,979 [pool-999-thread-1] INFO  server.RaftServerConfigKeys (ConfUtils.java:logGet(44)) - raft.server.log.preallocated.size = 16384 (custom)
2020-04-23 23:59:27,979 [pool-999-thread-1] INFO  server.RaftServerConfigKeys (ConfUtils.java:logGet(44)) - raft.server.log.write.buffer.size = 1048576 (custom)
2020-04-23 23:59:27,979 [pool-999-thread-1] INFO  server.RaftServerConfigKeys (ConfUtils.java:logGet(44)) - raft.server.log.force.sync.num = 128 (default)
2020-04-23 23:59:27,979 [pool-999-thread-1] INFO  server.RaftServerConfigKeys (ConfUtils.java:logGet(44)) - raft.server.log.statemachine.data.sync = true (default)
2020-04-23 23:59:27,979 [pool-999-thread-1] INFO  server.RaftServerConfigKeys (ConfUtils.java:logGet(44)) - raft.server.log.statemachine.data.sync.timeout = 10s (default)
2020-04-23 23:59:27,979 [pool-999-thread-1] INFO  server.RaftServerConfigKeys (ConfUtils.java:logGet(44)) - raft.server.log.statemachine.data.sync.timeout.retry = -1 (default)
2020-04-23 23:59:27,982 [pool-999-thread-1] INFO  server.RaftServerConfigKeys (ConfUtils.java:logGet(44)) - raft.server.log.statemachine.data.caching.enabled = true (custom)
2020-04-23 23:59:27,982 [pool-999-thread-1] INFO  segmented.SegmentedRaftLogWorker (SegmentedRaftLogWorker.java:lambda$new$0(129)) - 016df35f-8c5c-427d-a7e6-984ca7ba6483@group-66104EC5064E-SegmentedRaftLogWorker: flushIndex: setUnconditionally 0 -> -1
2020-04-23 23:59:27,982 [pool-999-thread-1] INFO  server.RaftServerConfigKeys (ConfUtils.java:logGet(44)) - raft.server.snapshot.auto.trigger.enabled = true (custom)
2020-04-23 23:59:27,982 [pool-999-thread-1] INFO  server.RaftServerConfigKeys (ConfUtils.java:logGet(44)) - raft.server.snapshot.auto.trigger.threshold = 10000 (custom)
2020-04-23 23:59:27,982 [pool-999-thread-1] INFO  server.RaftServerConfigKeys (ConfUtils.java:logGet(44)) - raft.server.snapshot.retention.file.num = 5 (custom)
2020-04-23 23:59:27,982 [pool-999-thread-1] INFO  server.RaftServerConfigKeys (ConfUtils.java:logGet(44)) - raft.server.retrycache.expirytime = 600000ms (custom)
2020-04-23 23:59:27,982 [pool-999-thread-1] INFO  metrics.RatisMetrics (RatisMetrics.java:lambda$create$0(39)) - Creating Metrics Registry : ratis.leader_election.016df35f-8c5c-427d-a7e6-984ca7ba6483@group-66104EC5064E
2020-04-23 23:59:27,983 [pool-999-thread-1] INFO  metrics.RatisMetrics (RatisMetrics.java:lambda$create$0(39)) - Creating Metrics Registry : ratis.server.016df35f-8c5c-427d-a7e6-984ca7ba6483@group-66104EC5064E
2020-04-23 23:59:27,986 [pool-999-thread-1] INFO  impl.RaftServerImpl (RaftServerImpl.java:start(183)) - 016df35f-8c5c-427d-a7e6-984ca7ba6483@group-66104EC5064E: start as a follower, conf=-1: [016df35f-8c5c-427d-a7e6-984ca7ba6483:172.17.0.2:42761], old=null
2020-04-23 23:59:27,986 [pool-999-thread-1] INFO  impl.RaftServerImpl (RaftServerImpl.java:setRole(172)) - 016df35f-8c5c-427d-a7e6-984ca7ba6483@group-66104EC5064E: changes role from      null to FOLLOWER at term 0 for startAsFollower
2020-04-23 23:59:27,986 [pool-999-thread-1] INFO  impl.RoleInfo (RoleInfo.java:updateAndGet(143)) - 016df35f-8c5c-427d-a7e6-984ca7ba6483: start FollowerState
2020-04-23 23:59:27,986 [pool-999-thread-1] INFO  util.JmxRegister (JmxRegister.java:tryRegister(44)) - Successfully registered JMX Bean with object name Ratis:service=RaftServer,group=group-66104EC5064E,id=016df35f-8c5c-427d-a7e6-984ca7ba6483
2020-04-23 23:59:27,986 [pool-999-thread-1] INFO  metrics.RatisMetrics (RatisMetrics.java:lambda$create$0(39)) - Creating Metrics Registry : ratis.state_machine.016df35f-8c5c-427d-a7e6-984ca7ba6483@group-66104EC5064E
2020-04-23 23:59:27,987 [Command processor thread] INFO  commandhandler.CreatePipelineCommandHandler (CreatePipelineCommandHandler.java:handle(109)) - Created Pipeline RATIS ONE #id: "118a0461-47df-47fe-955a-66104ec5064e"
.
2020-04-23 23:59:27,987 [Command processor thread] INFO  impl.RaftServerProxy (RaftServerProxy.java:addNew(89)) - 016df35f-8c5c-427d-a7e6-984ca7ba6483: addNew group-44A286AF20F8:[016df35f-8c5c-427d-a7e6-984ca7ba6483:172.17.0.2:42761, 876d9ba1-69a9-4755-8e81-598d06cf1648:172.17.0.2:45017, 1acfe952-6c35-481d-9534-c97fd0c89230:172.17.0.2:46429] returns group-44A286AF20F8:java.util.concurrent.CompletableFuture@550a2487[Not completed]
2020-04-23 23:59:27,988 [pool-999-thread-1] INFO  impl.RaftServerImpl (RaftServerImpl.java:<init>(97)) - 016df35f-8c5c-427d-a7e6-984ca7ba6483: new RaftServerImpl for group-44A286AF20F8:[016df35f-8c5c-427d-a7e6-984ca7ba6483:172.17.0.2:42761, 876d9ba1-69a9-4755-8e81-598d06cf1648:172.17.0.2:45017, 1acfe952-6c35-481d-9534-c97fd0c89230:172.17.0.2:46429] with ContainerStateMachine:uninitialized
2020-04-23 23:59:27,988 [pool-999-thread-1] INFO  server.RaftServerConfigKeys (ConfUtils.java:logGet(44)) - raft.server.rpc.timeout.min = 5s (custom)
2020-04-23 23:59:27,988 [pool-999-thread-1] INFO  server.RaftServerConfigKeys (ConfUtils.java:logGet(44)) - raft.server.rpc.timeout.max = 5200ms (custom)
2020-04-23 23:59:27,988 [pool-999-thread-1] INFO  server.RaftServerConfigKeys (ConfUtils.java:logGet(44)) - raft.server.rpcslowness.timeout = 300s (custom)
2020-04-23 23:59:27,988 [pool-999-thread-1] INFO  server.RaftServerConfigKeys (ConfUtils.java:logGet(44)) - raft.server.sleep.deviation.threshold = 300 (default)
2020-04-23 23:59:27,988 [pool-999-thread-1] INFO  server.RaftServerConfigKeys (ConfUtils.java:logGet(44)) - raft.server.log.appender.install.snapshot.enabled = false (custom)
2020-04-23 23:59:27,988 [pool-999-thread-1] INFO  impl.RaftServerImpl (ServerState.java:<init>(103)) - 016df35f-8c5c-427d-a7e6-984ca7ba6483@group-44A286AF20F8: ConfigurationManager, init=-1: [016df35f-8c5c-427d-a7e6-984ca7ba6483:172.17.0.2:42761, 876d9ba1-69a9-4755-8e81-598d06cf1648:172.17.0.2:45017, 1acfe952-6c35-481d-9534-c97fd0c89230:172.17.0.2:46429], old=null, confs=<EMPTY_MAP>
2020-04-23 23:59:27,988 [pool-999-thread-1] INFO  server.RaftServerConfigKeys (ConfUtils.java:logGet(44)) - raft.server.storage.dir = [/github/workspace/mnt/ozone/hadoop-ozone/integration-test/target/test-dir/MiniOzoneClusterImpl-5529f01a-5ac3-4bff-808e-3a81da285252/datanode-3/data/ratis] (custom)
2020-04-23 23:59:27,988 [pool-999-thread-1] INFO  server.RaftServerConfigKeys (ConfUtils.java:logGet(44)) - raft.server.log.corruption.policy = EXCEPTION (default)
2020-04-23 23:59:27,989 [pool-999-thread-1] INFO  storage.RaftStorageDirectory (RaftStorageDirectory.java:analyzeStorage(253)) - The storage directory /github/workspace/mnt/ozone/hadoop-ozone/integration-test/target/test-dir/MiniOzoneClusterImpl-5529f01a-5ac3-4bff-808e-3a81da285252/datanode-3/data/ratis/7e2d3a45-9ccc-4dac-a2c2-44a286af20f8 does not exist. Creating ...
2020-04-23 23:59:27,990 [pool-999-thread-1] INFO  storage.RaftStorageDirectory (RaftStorageDirectory.java:tryLock(335)) - Lock on /github/workspace/mnt/ozone/hadoop-ozone/integration-test/target/test-dir/MiniOzoneClusterImpl-5529f01a-5ac3-4bff-808e-3a81da285252/datanode-3/data/ratis/7e2d3a45-9ccc-4dac-a2c2-44a286af20f8/in_use.lock acquired by nodename 7490@9acf12ef3076
2020-04-23 23:59:27,991 [pool-999-thread-1] INFO  storage.RaftStorage (RaftStorage.java:format(84)) - Storage directory /github/workspace/mnt/ozone/hadoop-ozone/integration-test/target/test-dir/MiniOzoneClusterImpl-5529f01a-5ac3-4bff-808e-3a81da285252/datanode-3/data/ratis/7e2d3a45-9ccc-4dac-a2c2-44a286af20f8 has been successfully formatted.
2020-04-23 23:59:27,991 [pool-999-thread-1] INFO  ratis.ContainerStateMachine (ContainerStateMachine.java:loadSnapshot(226)) - group-44A286AF20F8: The snapshot info is null. Setting the last applied indexto:(t:0, i:~)
2020-04-23 23:59:27,991 [pool-999-thread-1] INFO  server.RaftServerConfigKeys (ConfUtils.java:logGet(44)) - raft.server.notification.no-leader.timeout = 60s (default)
2020-04-23 23:59:27,991 [pool-999-thread-1] INFO  server.RaftServerConfigKeys (ConfUtils.java:logGet(44)) - raft.server.log.use.memory = false (default)
2020-04-23 23:59:27,991 [pool-999-thread-1] INFO  server.RaftServerConfigKeys (ConfUtils.java:logGet(44)) - raft.server.log.purge.gap = 1000000 (custom)
2020-04-23 23:59:27,991 [pool-999-thread-1] INFO  server.RaftServerConfigKeys (ConfUtils.java:logGet(44)) - raft.server.log.appender.buffer.byte-limit = 33554432 (custom)
2020-04-23 23:59:27,991 [pool-999-thread-1] INFO  server.RaftServerConfigKeys (ConfUtils.java:logGet(44)) - raft.server.log.segment.size.max = 1048576 (custom)
2020-04-23 23:59:27,991 [pool-999-thread-1] INFO  server.RaftServerConfigKeys (ConfUtils.java:logGet(44)) - raft.server.log.segment.cache.num.max = 2 (custom)
2020-04-23 23:59:27,991 [pool-999-thread-1] INFO  segmented.SegmentedRaftLogWorker (SegmentedRaftLogWorker.java:<init>(176)) - new 016df35f-8c5c-427d-a7e6-984ca7ba6483@group-44A286AF20F8-SegmentedRaftLogWorker for RaftStorage:Storage Directory /github/workspace/mnt/ozone/hadoop-ozone/integration-test/target/test-dir/MiniOzoneClusterImpl-5529f01a-5ac3-4bff-808e-3a81da285252/datanode-3/data/ratis/7e2d3a45-9ccc-4dac-a2c2-44a286af20f8
2020-04-23 23:59:27,991 [pool-999-thread-1] INFO  server.RaftServerConfigKeys (ConfUtils.java:logGet(44)) - raft.server.log.queue.byte-limit = 2147483647 (custom)
2020-04-23 23:59:27,991 [pool-999-thread-1] INFO  server.RaftServerConfigKeys (ConfUtils.java:logGet(44)) - raft.server.log.queue.element-limit = 1024 (custom)
2020-04-23 23:59:27,992 [pool-999-thread-1] INFO  server.RaftServerConfigKeys (ConfUtils.java:logGet(44)) - raft.server.log.segment.size.max = 1048576 (custom)
2020-04-23 23:59:27,992 [pool-999-thread-1] INFO  server.RaftServerConfigKeys (ConfUtils.java:logGet(44)) - raft.server.log.preallocated.size = 16384 (custom)
2020-04-23 23:59:27,992 [pool-999-thread-1] INFO  server.RaftServerConfigKeys (ConfUtils.java:logGet(44)) - raft.server.log.write.buffer.size = 1048576 (custom)
2020-04-23 23:59:27,992 [pool-999-thread-1] INFO  server.RaftServerConfigKeys (ConfUtils.java:logGet(44)) - raft.server.log.force.sync.num = 128 (default)
2020-04-23 23:59:27,992 [pool-999-thread-1] INFO  server.RaftServerConfigKeys (ConfUtils.java:logGet(44)) - raft.server.log.statemachine.data.sync = true (default)
2020-04-23 23:59:27,992 [pool-999-thread-1] INFO  server.RaftServerConfigKeys (ConfUtils.java:logGet(44)) - raft.server.log.statemachine.data.sync.timeout = 10s (default)
2020-04-23 23:59:27,992 [pool-999-thread-1] INFO  server.RaftServerConfigKeys (ConfUtils.java:logGet(44)) - raft.server.log.statemachine.data.sync.timeout.retry = -1 (default)
2020-04-23 23:59:27,992 [pool-999-thread-1] INFO  server.RaftServerConfigKeys (ConfUtils.java:logGet(44)) - raft.server.log.statemachine.data.caching.enabled = true (custom)
2020-04-23 23:59:27,992 [pool-999-thread-1] INFO  segmented.SegmentedRaftLogWorker (SegmentedRaftLogWorker.java:lambda$new$0(129)) - 016df35f-8c5c-427d-a7e6-984ca7ba6483@group-44A286AF20F8-SegmentedRaftLogWorker: flushIndex: setUnconditionally 0 -> -1
2020-04-23 23:59:27,992 [pool-999-thread-1] INFO  server.RaftServerConfigKeys (ConfUtils.java:logGet(44)) - raft.server.snapshot.auto.trigger.enabled = true (custom)
2020-04-23 23:59:27,993 [pool-999-thread-1] INFO  server.RaftServerConfigKeys (ConfUtils.java:logGet(44)) - raft.server.snapshot.auto.trigger.threshold = 10000 (custom)
2020-04-23 23:59:27,993 [pool-999-thread-1] INFO  server.RaftServerConfigKeys (ConfUtils.java:logGet(44)) - raft.server.snapshot.retention.file.num = 5 (custom)
2020-04-23 23:59:27,993 [pool-999-thread-1] INFO  server.RaftServerConfigKeys (ConfUtils.java:logGet(44)) - raft.server.retrycache.expirytime = 600000ms (custom)
2020-04-23 23:59:27,993 [pool-999-thread-1] INFO  metrics.RatisMetrics (RatisMetrics.java:lambda$create$0(39)) - Creating Metrics Registry : ratis.leader_election.016df35f-8c5c-427d-a7e6-984ca7ba6483@group-44A286AF20F8
2020-04-23 23:59:27,995 [pool-999-thread-1] INFO  metrics.RatisMetrics (RatisMetrics.java:lambda$create$0(39)) - Creating Metrics Registry : ratis.server.016df35f-8c5c-427d-a7e6-984ca7ba6483@group-44A286AF20F8
2020-04-23 23:59:27,997 [pool-999-thread-1] INFO  impl.RaftServerImpl (RaftServerImpl.java:start(183)) - 016df35f-8c5c-427d-a7e6-984ca7ba6483@group-44A286AF20F8: start as a follower, conf=-1: [016df35f-8c5c-427d-a7e6-984ca7ba6483:172.17.0.2:42761, 876d9ba1-69a9-4755-8e81-598d06cf1648:172.17.0.2:45017, 1acfe952-6c35-481d-9534-c97fd0c89230:172.17.0.2:46429], old=null
2020-04-23 23:59:27,997 [pool-999-thread-1] INFO  impl.RaftServerImpl (RaftServerImpl.java:setRole(172)) - 016df35f-8c5c-427d-a7e6-984ca7ba6483@group-44A286AF20F8: changes role from      null to FOLLOWER at term 0 for startAsFollower
2020-04-23 23:59:27,997 [pool-999-thread-1] INFO  impl.RoleInfo (RoleInfo.java:updateAndGet(143)) - 016df35f-8c5c-427d-a7e6-984ca7ba6483: start FollowerState
2020-04-23 23:59:27,998 [pool-999-thread-1] INFO  util.JmxRegister (JmxRegister.java:tryRegister(44)) - Successfully registered JMX Bean with object name Ratis:service=RaftServer,group=group-44A286AF20F8,id=016df35f-8c5c-427d-a7e6-984ca7ba6483
2020-04-23 23:59:27,998 [pool-999-thread-1] INFO  metrics.RatisMetrics (RatisMetrics.java:lambda$create$0(39)) - Creating Metrics Registry : ratis.state_machine.016df35f-8c5c-427d-a7e6-984ca7ba6483@group-44A286AF20F8
2020-04-23 23:59:28,007 [grpc-default-executor-2] INFO  impl.RaftServerProxy (RaftServerProxy.java:addNew(89)) - 1acfe952-6c35-481d-9534-c97fd0c89230: addNew group-44A286AF20F8:[016df35f-8c5c-427d-a7e6-984ca7ba6483:172.17.0.2:42761, 876d9ba1-69a9-4755-8e81-598d06cf1648:172.17.0.2:45017, 1acfe952-6c35-481d-9534-c97fd0c89230:172.17.0.2:46429] returns group-44A286AF20F8:java.util.concurrent.CompletableFuture@e55e883[Not completed]
2020-04-23 23:59:28,008 [pool-1029-thread-1] INFO  impl.RaftServerImpl (RaftServerImpl.java:<init>(97)) - 1acfe952-6c35-481d-9534-c97fd0c89230: new RaftServerImpl for group-44A286AF20F8:[016df35f-8c5c-427d-a7e6-984ca7ba6483:172.17.0.2:42761, 876d9ba1-69a9-4755-8e81-598d06cf1648:172.17.0.2:45017, 1acfe952-6c35-481d-9534-c97fd0c89230:172.17.0.2:46429] with ContainerStateMachine:uninitialized
2020-04-23 23:59:28,008 [pool-1029-thread-1] INFO  server.RaftServerConfigKeys (ConfUtils.java:logGet(44)) - raft.server.rpc.timeout.min = 5s (custom)
2020-04-23 23:59:28,008 [pool-1029-thread-1] INFO  server.RaftServerConfigKeys (ConfUtils.java:logGet(44)) - raft.server.rpc.timeout.max = 5200ms (custom)
2020-04-23 23:59:28,008 [pool-1029-thread-1] INFO  server.RaftServerConfigKeys (ConfUtils.java:logGet(44)) - raft.server.rpcslowness.timeout = 300s (custom)
2020-04-23 23:59:28,008 [pool-1029-thread-1] INFO  server.RaftServerConfigKeys (ConfUtils.java:logGet(44)) - raft.server.sleep.deviation.threshold = 300 (default)
2020-04-23 23:59:28,008 [pool-1029-thread-1] INFO  server.RaftServerConfigKeys (ConfUtils.java:logGet(44)) - raft.server.log.appender.install.snapshot.enabled = false (custom)
2020-04-23 23:59:28,008 [pool-1029-thread-1] INFO  impl.RaftServerImpl (ServerState.java:<init>(103)) - 1acfe952-6c35-481d-9534-c97fd0c89230@group-44A286AF20F8: ConfigurationManager, init=-1: [016df35f-8c5c-427d-a7e6-984ca7ba6483:172.17.0.2:42761, 876d9ba1-69a9-4755-8e81-598d06cf1648:172.17.0.2:45017, 1acfe952-6c35-481d-9534-c97fd0c89230:172.17.0.2:46429], old=null, confs=<EMPTY_MAP>
2020-04-23 23:59:28,011 [pool-1029-thread-1] INFO  server.RaftServerConfigKeys (ConfUtils.java:logGet(44)) - raft.server.storage.dir = [/github/workspace/mnt/ozone/hadoop-ozone/integration-test/target/test-dir/MiniOzoneClusterImpl-5529f01a-5ac3-4bff-808e-3a81da285252/datanode-5/data/ratis] (custom)
2020-04-23 23:59:28,011 [pool-1029-thread-1] INFO  server.RaftServerConfigKeys (ConfUtils.java:logGet(44)) - raft.server.log.corruption.policy = EXCEPTION (default)
2020-04-23 23:59:28,011 [pool-1029-thread-1] INFO  storage.RaftStorageDirectory (RaftStorageDirectory.java:analyzeStorage(253)) - The storage directory /github/workspace/mnt/ozone/hadoop-ozone/integration-test/target/test-dir/MiniOzoneClusterImpl-5529f01a-5ac3-4bff-808e-3a81da285252/datanode-5/data/ratis/7e2d3a45-9ccc-4dac-a2c2-44a286af20f8 does not exist. Creating ...
2020-04-23 23:59:28,012 [pool-1029-thread-1] INFO  storage.RaftStorageDirectory (RaftStorageDirectory.java:tryLock(335)) - Lock on /github/workspace/mnt/ozone/hadoop-ozone/integration-test/target/test-dir/MiniOzoneClusterImpl-5529f01a-5ac3-4bff-808e-3a81da285252/datanode-5/data/ratis/7e2d3a45-9ccc-4dac-a2c2-44a286af20f8/in_use.lock acquired by nodename 7490@9acf12ef3076
2020-04-23 23:59:28,014 [pool-1029-thread-1] INFO  storage.RaftStorage (RaftStorage.java:format(84)) - Storage directory /github/workspace/mnt/ozone/hadoop-ozone/integration-test/target/test-dir/MiniOzoneClusterImpl-5529f01a-5ac3-4bff-808e-3a81da285252/datanode-5/data/ratis/7e2d3a45-9ccc-4dac-a2c2-44a286af20f8 has been successfully formatted.
2020-04-23 23:59:28,015 [pool-1029-thread-1] INFO  ratis.ContainerStateMachine (ContainerStateMachine.java:loadSnapshot(226)) - group-44A286AF20F8: The snapshot info is null. Setting the last applied indexto:(t:0, i:~)
2020-04-23 23:59:28,015 [pool-1029-thread-1] INFO  server.RaftServerConfigKeys (ConfUtils.java:logGet(44)) - raft.server.notification.no-leader.timeout = 60s (default)
2020-04-23 23:59:28,015 [pool-1029-thread-1] INFO  server.RaftServerConfigKeys (ConfUtils.java:logGet(44)) - raft.server.log.use.memory = false (default)
2020-04-23 23:59:28,015 [pool-1029-thread-1] INFO  server.RaftServerConfigKeys (ConfUtils.java:logGet(44)) - raft.server.log.purge.gap = 1000000 (custom)
2020-04-23 23:59:28,015 [pool-1029-thread-1] INFO  server.RaftServerConfigKeys (ConfUtils.java:logGet(44)) - raft.server.log.appender.buffer.byte-limit = 33554432 (custom)
2020-04-23 23:59:28,015 [pool-1029-thread-1] INFO  server.RaftServerConfigKeys (ConfUtils.java:logGet(44)) - raft.server.log.segment.size.max = 1048576 (custom)
2020-04-23 23:59:28,015 [pool-1029-thread-1] INFO  metrics.RatisMetrics (RatisMetrics.java:lambda$create$0(39)) - Creating Metrics Registry : ratis.log_worker.1acfe952-6c35-481d-9534-c97fd0c89230
2020-04-23 23:59:28,015 [pool-1029-thread-1] INFO  server.RaftServerConfigKeys (ConfUtils.java:logGet(44)) - raft.server.log.segment.cache.num.max = 2 (custom)
2020-04-23 23:59:28,016 [pool-1029-thread-1] INFO  segmented.SegmentedRaftLogWorker (SegmentedRaftLogWorker.java:<init>(176)) - new 1acfe952-6c35-481d-9534-c97fd0c89230@group-44A286AF20F8-SegmentedRaftLogWorker for RaftStorage:Storage Directory /github/workspace/mnt/ozone/hadoop-ozone/integration-test/target/test-dir/MiniOzoneClusterImpl-5529f01a-5ac3-4bff-808e-3a81da285252/datanode-5/data/ratis/7e2d3a45-9ccc-4dac-a2c2-44a286af20f8
2020-04-23 23:59:28,016 [pool-1029-thread-1] INFO  server.RaftServerConfigKeys (ConfUtils.java:logGet(44)) - raft.server.log.queue.byte-limit = 2147483647 (custom)
2020-04-23 23:59:28,016 [pool-1029-thread-1] INFO  server.RaftServerConfigKeys (ConfUtils.java:logGet(44)) - raft.server.log.queue.element-limit = 1024 (custom)
2020-04-23 23:59:28,016 [pool-1029-thread-1] INFO  server.RaftServerConfigKeys (ConfUtils.java:logGet(44)) - raft.server.log.segment.size.max = 1048576 (custom)
2020-04-23 23:59:28,016 [pool-1029-thread-1] INFO  server.RaftServerConfigKeys (ConfUtils.java:logGet(44)) - raft.server.log.preallocated.size = 16384 (custom)
2020-04-23 23:59:28,016 [pool-1029-thread-1] INFO  server.RaftServerConfigKeys (ConfUtils.java:logGet(44)) - raft.server.log.write.buffer.size = 1048576 (custom)
2020-04-23 23:59:28,016 [pool-1029-thread-1] INFO  server.RaftServerConfigKeys (ConfUtils.java:logGet(44)) - raft.server.log.force.sync.num = 128 (default)
2020-04-23 23:59:28,016 [pool-1029-thread-1] INFO  server.RaftServerConfigKeys (ConfUtils.java:logGet(44)) - raft.server.log.statemachine.data.sync = true (default)
2020-04-23 23:59:28,016 [pool-1029-thread-1] INFO  server.RaftServerConfigKeys (ConfUtils.java:logGet(44)) - raft.server.log.statemachine.data.sync.timeout = 10s (default)
2020-04-23 23:59:28,016 [pool-1029-thread-1] INFO  server.RaftServerConfigKeys (ConfUtils.java:logGet(44)) - raft.server.log.statemachine.data.sync.timeout.retry = -1 (default)
2020-04-23 23:59:28,019 [pool-1029-thread-1] INFO  server.RaftServerConfigKeys (ConfUtils.java:logGet(44)) - raft.server.log.statemachine.data.caching.enabled = true (custom)
2020-04-23 23:59:28,019 [pool-1029-thread-1] INFO  segmented.SegmentedRaftLogWorker (SegmentedRaftLogWorker.java:lambda$new$0(129)) - 1acfe952-6c35-481d-9534-c97fd0c89230@group-44A286AF20F8-SegmentedRaftLogWorker: flushIndex: setUnconditionally 0 -> -1
2020-04-23 23:59:28,019 [pool-1029-thread-1] INFO  server.RaftServerConfigKeys (ConfUtils.java:logGet(44)) - raft.server.snapshot.auto.trigger.enabled = true (custom)
2020-04-23 23:59:28,019 [pool-1029-thread-1] INFO  server.RaftServerConfigKeys (ConfUtils.java:logGet(44)) - raft.server.snapshot.auto.trigger.threshold = 10000 (custom)
2020-04-23 23:59:28,019 [pool-1029-thread-1] INFO  server.RaftServerConfigKeys (ConfUtils.java:logGet(44)) - raft.server.snapshot.retention.file.num = 5 (custom)
2020-04-23 23:59:28,019 [pool-1029-thread-1] INFO  server.RaftServerConfigKeys (ConfUtils.java:logGet(44)) - raft.server.retrycache.expirytime = 600000ms (custom)
2020-04-23 23:59:28,020 [pool-1029-thread-1] INFO  metrics.RatisMetrics (RatisMetrics.java:lambda$create$0(39)) - Creating Metrics Registry : ratis.leader_election.1acfe952-6c35-481d-9534-c97fd0c89230@group-44A286AF20F8
2020-04-23 23:59:28,020 [pool-1029-thread-1] INFO  metrics.RatisMetrics (RatisMetrics.java:lambda$create$0(39)) - Creating Metrics Registry : ratis.server.1acfe952-6c35-481d-9534-c97fd0c89230@group-44A286AF20F8
2020-04-23 23:59:28,022 [pool-1029-thread-1] INFO  impl.RaftServerImpl (RaftServerImpl.java:start(183)) - 1acfe952-6c35-481d-9534-c97fd0c89230@group-44A286AF20F8: start as a follower, conf=-1: [016df35f-8c5c-427d-a7e6-984ca7ba6483:172.17.0.2:42761, 876d9ba1-69a9-4755-8e81-598d06cf1648:172.17.0.2:45017, 1acfe952-6c35-481d-9534-c97fd0c89230:172.17.0.2:46429], old=null
2020-04-23 23:59:28,023 [pool-1029-thread-1] INFO  impl.RaftServerImpl (RaftServerImpl.java:setRole(172)) - 1acfe952-6c35-481d-9534-c97fd0c89230@group-44A286AF20F8: changes role from      null to FOLLOWER at term 0 for startAsFollower
2020-04-23 23:59:28,023 [pool-1029-thread-1] INFO  impl.RoleInfo (RoleInfo.java:updateAndGet(143)) - 1acfe952-6c35-481d-9534-c97fd0c89230: start FollowerState
2020-04-23 23:59:28,023 [pool-1029-thread-1] INFO  util.JmxRegister (JmxRegister.java:tryRegister(44)) - Successfully registered JMX Bean with object name Ratis:service=RaftServer,group=group-44A286AF20F8,id=1acfe952-6c35-481d-9534-c97fd0c89230
2020-04-23 23:59:28,023 [pool-1029-thread-1] INFO  metrics.RatisMetrics (RatisMetrics.java:lambda$create$0(39)) - Creating Metrics Registry : ratis.state_machine.1acfe952-6c35-481d-9534-c97fd0c89230@group-44A286AF20F8
2020-04-23 23:59:28,030 [grpc-default-executor-2] INFO  impl.RaftServerProxy (RaftServerProxy.java:addNew(89)) - 876d9ba1-69a9-4755-8e81-598d06cf1648: addNew group-44A286AF20F8:[016df35f-8c5c-427d-a7e6-984ca7ba6483:172.17.0.2:42761, 876d9ba1-69a9-4755-8e81-598d06cf1648:172.17.0.2:45017, 1acfe952-6c35-481d-9534-c97fd0c89230:172.17.0.2:46429] returns group-44A286AF20F8:java.util.concurrent.CompletableFuture@6d472918[Not completed]
2020-04-23 23:59:28,031 [pool-1014-thread-1] INFO  impl.RaftServerImpl (RaftServerImpl.java:<init>(97)) - 876d9ba1-69a9-4755-8e81-598d06cf1648: new RaftServerImpl for group-44A286AF20F8:[016df35f-8c5c-427d-a7e6-984ca7ba6483:172.17.0.2:42761, 876d9ba1-69a9-4755-8e81-598d06cf1648:172.17.0.2:45017, 1acfe952-6c35-481d-9534-c97fd0c89230:172.17.0.2:46429] with ContainerStateMachine:uninitialized
2020-04-23 23:59:28,031 [pool-1014-thread-1] INFO  server.RaftServerConfigKeys (ConfUtils.java:logGet(44)) - raft.server.rpc.timeout.min = 5s (custom)
2020-04-23 23:59:28,031 [pool-1014-thread-1] INFO  server.RaftServerConfigKeys (ConfUtils.java:logGet(44)) - raft.server.rpc.timeout.max = 5200ms (custom)
2020-04-23 23:59:28,031 [pool-1014-thread-1] INFO  server.RaftServerConfigKeys (ConfUtils.java:logGet(44)) - raft.server.rpcslowness.timeout = 300s (custom)
2020-04-23 23:59:28,031 [pool-1014-thread-1] INFO  server.RaftServerConfigKeys (ConfUtils.java:logGet(44)) - raft.server.sleep.deviation.threshold = 300 (default)
2020-04-23 23:59:28,031 [pool-1014-thread-1] INFO  server.RaftServerConfigKeys (ConfUtils.java:logGet(44)) - raft.server.log.appender.install.snapshot.enabled = false (custom)
2020-04-23 23:59:28,031 [pool-1014-thread-1] INFO  impl.RaftServerImpl (ServerState.java:<init>(103)) - 876d9ba1-69a9-4755-8e81-598d06cf1648@group-44A286AF20F8: ConfigurationManager, init=-1: [016df35f-8c5c-427d-a7e6-984ca7ba6483:172.17.0.2:42761, 876d9ba1-69a9-4755-8e81-598d06cf1648:172.17.0.2:45017, 1acfe952-6c35-481d-9534-c97fd0c89230:172.17.0.2:46429], old=null, confs=<EMPTY_MAP>
2020-04-23 23:59:28,031 [pool-1014-thread-1] INFO  server.RaftServerConfigKeys (ConfUtils.java:logGet(44)) - raft.server.storage.dir = [/github/workspace/mnt/ozone/hadoop-ozone/integration-test/target/test-dir/MiniOzoneClusterImpl-5529f01a-5ac3-4bff-808e-3a81da285252/datanode-4/data/ratis] (custom)
2020-04-23 23:59:28,031 [pool-1014-thread-1] INFO  server.RaftServerConfigKeys (ConfUtils.java:logGet(44)) - raft.server.log.corruption.policy = EXCEPTION (default)
2020-04-23 23:59:28,032 [pool-1014-thread-1] INFO  storage.RaftStorageDirectory (RaftStorageDirectory.java:analyzeStorage(253)) - The storage directory /github/workspace/mnt/ozone/hadoop-ozone/integration-test/target/test-dir/MiniOzoneClusterImpl-5529f01a-5ac3-4bff-808e-3a81da285252/datanode-4/data/ratis/7e2d3a45-9ccc-4dac-a2c2-44a286af20f8 does not exist. Creating ...
2020-04-23 23:59:28,032 [pool-1014-thread-1] INFO  storage.RaftStorageDirectory (RaftStorageDirectory.java:tryLock(335)) - Lock on /github/workspace/mnt/ozone/hadoop-ozone/integration-test/target/test-dir/MiniOzoneClusterImpl-5529f01a-5ac3-4bff-808e-3a81da285252/datanode-4/data/ratis/7e2d3a45-9ccc-4dac-a2c2-44a286af20f8/in_use.lock acquired by nodename 7490@9acf12ef3076
2020-04-23 23:59:28,033 [pool-1014-thread-1] INFO  storage.RaftStorage (RaftStorage.java:format(84)) - Storage directory /github/workspace/mnt/ozone/hadoop-ozone/integration-test/target/test-dir/MiniOzoneClusterImpl-5529f01a-5ac3-4bff-808e-3a81da285252/datanode-4/data/ratis/7e2d3a45-9ccc-4dac-a2c2-44a286af20f8 has been successfully formatted.
2020-04-23 23:59:28,034 [pool-1014-thread-1] INFO  ratis.ContainerStateMachine (ContainerStateMachine.java:loadSnapshot(226)) - group-44A286AF20F8: The snapshot info is null. Setting the last applied indexto:(t:0, i:~)
2020-04-23 23:59:28,034 [pool-1014-thread-1] INFO  server.RaftServerConfigKeys (ConfUtils.java:logGet(44)) - raft.server.notification.no-leader.timeout = 60s (default)
2020-04-23 23:59:28,034 [pool-1014-thread-1] INFO  server.RaftServerConfigKeys (ConfUtils.java:logGet(44)) - raft.server.log.use.memory = false (default)
2020-04-23 23:59:28,034 [pool-1014-thread-1] INFO  server.RaftServerConfigKeys (ConfUtils.java:logGet(44)) - raft.server.log.purge.gap = 1000000 (custom)
2020-04-23 23:59:28,034 [pool-1014-thread-1] INFO  server.RaftServerConfigKeys (ConfUtils.java:logGet(44)) - raft.server.log.appender.buffer.byte-limit = 33554432 (custom)
2020-04-23 23:59:28,035 [pool-1014-thread-1] INFO  server.RaftServerConfigKeys (ConfUtils.java:logGet(44)) - raft.server.log.segment.size.max = 1048576 (custom)
2020-04-23 23:59:28,035 [pool-1014-thread-1] INFO  metrics.RatisMetrics (RatisMetrics.java:lambda$create$0(39)) - Creating Metrics Registry : ratis.log_worker.876d9ba1-69a9-4755-8e81-598d06cf1648
2020-04-23 23:59:28,035 [pool-1014-thread-1] INFO  server.RaftServerConfigKeys (ConfUtils.java:logGet(44)) - raft.server.log.segment.cache.num.max = 2 (custom)
2020-04-23 23:59:28,035 [pool-1014-thread-1] INFO  segmented.SegmentedRaftLogWorker (SegmentedRaftLogWorker.java:<init>(176)) - new 876d9ba1-69a9-4755-8e81-598d06cf1648@group-44A286AF20F8-SegmentedRaftLogWorker for RaftStorage:Storage Directory /github/workspace/mnt/ozone/hadoop-ozone/integration-test/target/test-dir/MiniOzoneClusterImpl-5529f01a-5ac3-4bff-808e-3a81da285252/datanode-4/data/ratis/7e2d3a45-9ccc-4dac-a2c2-44a286af20f8
2020-04-23 23:59:28,035 [pool-1014-thread-1] INFO  server.RaftServerConfigKeys (ConfUtils.java:logGet(44)) - raft.server.log.queue.byte-limit = 2147483647 (custom)
2020-04-23 23:59:28,035 [pool-1014-thread-1] INFO  server.RaftServerConfigKeys (ConfUtils.java:logGet(44)) - raft.server.log.queue.element-limit = 1024 (custom)
2020-04-23 23:59:28,035 [pool-1014-thread-1] INFO  server.RaftServerConfigKeys (ConfUtils.java:logGet(44)) - raft.server.log.segment.size.max = 1048576 (custom)
2020-04-23 23:59:28,035 [pool-1014-thread-1] INFO  server.RaftServerConfigKeys (ConfUtils.java:logGet(44)) - raft.server.log.preallocated.size = 16384 (custom)
2020-04-23 23:59:28,035 [pool-1014-thread-1] INFO  server.RaftServerConfigKeys (ConfUtils.java:logGet(44)) - raft.server.log.write.buffer.size = 1048576 (custom)
2020-04-23 23:59:28,035 [pool-1014-thread-1] INFO  server.RaftServerConfigKeys (ConfUtils.java:logGet(44)) - raft.server.log.force.sync.num = 128 (default)
2020-04-23 23:59:28,035 [pool-1014-thread-1] INFO  server.RaftServerConfigKeys (ConfUtils.java:logGet(44)) - raft.server.log.statemachine.data.sync = true (default)
2020-04-23 23:59:28,035 [pool-1014-thread-1] INFO  server.RaftServerConfigKeys (ConfUtils.java:logGet(44)) - raft.server.log.statemachine.data.sync.timeout = 10s (default)
2020-04-23 23:59:28,035 [pool-1014-thread-1] INFO  server.RaftServerConfigKeys (ConfUtils.java:logGet(44)) - raft.server.log.statemachine.data.sync.timeout.retry = -1 (default)
2020-04-23 23:59:28,038 [pool-1014-thread-1] INFO  server.RaftServerConfigKeys (ConfUtils.java:logGet(44)) - raft.server.log.statemachine.data.caching.enabled = true (custom)
2020-04-23 23:59:28,038 [pool-1014-thread-1] INFO  segmented.SegmentedRaftLogWorker (SegmentedRaftLogWorker.java:lambda$new$0(129)) - 876d9ba1-69a9-4755-8e81-598d06cf1648@group-44A286AF20F8-SegmentedRaftLogWorker: flushIndex: setUnconditionally 0 -> -1
2020-04-23 23:59:28,038 [pool-1014-thread-1] INFO  server.RaftServerConfigKeys (ConfUtils.java:logGet(44)) - raft.server.snapshot.auto.trigger.enabled = true (custom)
2020-04-23 23:59:28,038 [pool-1014-thread-1] INFO  server.RaftServerConfigKeys (ConfUtils.java:logGet(44)) - raft.server.snapshot.auto.trigger.threshold = 10000 (custom)
2020-04-23 23:59:28,038 [pool-1014-thread-1] INFO  server.RaftServerConfigKeys (ConfUtils.java:logGet(44)) - raft.server.snapshot.retention.file.num = 5 (custom)
2020-04-23 23:59:28,038 [pool-1014-thread-1] INFO  server.RaftServerConfigKeys (ConfUtils.java:logGet(44)) - raft.server.retrycache.expirytime = 600000ms (custom)
2020-04-23 23:59:28,038 [pool-1014-thread-1] INFO  metrics.RatisMetrics (RatisMetrics.java:lambda$create$0(39)) - Creating Metrics Registry : ratis.leader_election.876d9ba1-69a9-4755-8e81-598d06cf1648@group-44A286AF20F8
2020-04-23 23:59:28,039 [pool-1014-thread-1] INFO  metrics.RatisMetrics (RatisMetrics.java:lambda$create$0(39)) - Creating Metrics Registry : ratis.server.876d9ba1-69a9-4755-8e81-598d06cf1648@group-44A286AF20F8
2020-04-23 23:59:28,042 [pool-1014-thread-1] INFO  impl.RaftServerImpl (RaftServerImpl.java:start(183)) - 876d9ba1-69a9-4755-8e81-598d06cf1648@group-44A286AF20F8: start as a follower, conf=-1: [016df35f-8c5c-427d-a7e6-984ca7ba6483:172.17.0.2:42761, 876d9ba1-69a9-4755-8e81-598d06cf1648:172.17.0.2:45017, 1acfe952-6c35-481d-9534-c97fd0c89230:172.17.0.2:46429], old=null
2020-04-23 23:59:28,042 [pool-1014-thread-1] INFO  impl.RaftServerImpl (RaftServerImpl.java:setRole(172)) - 876d9ba1-69a9-4755-8e81-598d06cf1648@group-44A286AF20F8: changes role from      null to FOLLOWER at term 0 for startAsFollower
2020-04-23 23:59:28,042 [pool-1014-thread-1] INFO  impl.RoleInfo (RoleInfo.java:updateAndGet(143)) - 876d9ba1-69a9-4755-8e81-598d06cf1648: start FollowerState
2020-04-23 23:59:28,042 [pool-1014-thread-1] INFO  util.JmxRegister (JmxRegister.java:tryRegister(44)) - Successfully registered JMX Bean with object name Ratis:service=RaftServer,group=group-44A286AF20F8,id=876d9ba1-69a9-4755-8e81-598d06cf1648
2020-04-23 23:59:28,042 [pool-1014-thread-1] INFO  metrics.RatisMetrics (RatisMetrics.java:lambda$create$0(39)) - Creating Metrics Registry : ratis.state_machine.876d9ba1-69a9-4755-8e81-598d06cf1648@group-44A286AF20F8
2020-04-23 23:59:28,043 [Command processor thread] INFO  impl.RaftServerProxy (RaftServerProxy.java:addNew(89)) - 876d9ba1-69a9-4755-8e81-598d06cf1648: addNew group-491188FBC516:[876d9ba1-69a9-4755-8e81-598d06cf1648:172.17.0.2:45017] returns group-491188FBC516:java.util.concurrent.CompletableFuture@50d24138[Not completed]
2020-04-23 23:59:28,044 [pool-1014-thread-1] INFO  impl.RaftServerImpl (RaftServerImpl.java:<init>(97)) - 876d9ba1-69a9-4755-8e81-598d06cf1648: new RaftServerImpl for group-491188FBC516:[876d9ba1-69a9-4755-8e81-598d06cf1648:172.17.0.2:45017] with ContainerStateMachine:uninitialized
2020-04-23 23:59:28,044 [pool-1014-thread-1] INFO  server.RaftServerConfigKeys (ConfUtils.java:logGet(44)) - raft.server.rpc.timeout.min = 5s (custom)
2020-04-23 23:59:28,045 [pool-1014-thread-1] INFO  server.RaftServerConfigKeys (ConfUtils.java:logGet(44)) - raft.server.rpc.timeout.max = 5200ms (custom)
2020-04-23 23:59:28,045 [pool-1014-thread-1] INFO  server.RaftServerConfigKeys (ConfUtils.java:logGet(44)) - raft.server.rpcslowness.timeout = 300s (custom)
2020-04-23 23:59:28,045 [pool-1014-thread-1] INFO  server.RaftServerConfigKeys (ConfUtils.java:logGet(44)) - raft.server.sleep.deviation.threshold = 300 (default)
2020-04-23 23:59:28,045 [pool-1014-thread-1] INFO  server.RaftServerConfigKeys (ConfUtils.java:logGet(44)) - raft.server.log.appender.install.snapshot.enabled = false (custom)
2020-04-23 23:59:28,045 [pool-1014-thread-1] INFO  impl.RaftServerImpl (ServerState.java:<init>(103)) - 876d9ba1-69a9-4755-8e81-598d06cf1648@group-491188FBC516: ConfigurationManager, init=-1: [876d9ba1-69a9-4755-8e81-598d06cf1648:172.17.0.2:45017], old=null, confs=<EMPTY_MAP>
2020-04-23 23:59:28,045 [pool-1014-thread-1] INFO  server.RaftServerConfigKeys (ConfUtils.java:logGet(44)) - raft.server.storage.dir = [/github/workspace/mnt/ozone/hadoop-ozone/integration-test/target/test-dir/MiniOzoneClusterImpl-5529f01a-5ac3-4bff-808e-3a81da285252/datanode-4/data/ratis] (custom)
2020-04-23 23:59:28,045 [pool-1014-thread-1] INFO  server.RaftServerConfigKeys (ConfUtils.java:logGet(44)) - raft.server.log.corruption.policy = EXCEPTION (default)
2020-04-23 23:59:28,045 [pool-1014-thread-1] INFO  storage.RaftStorageDirectory (RaftStorageDirectory.java:analyzeStorage(253)) - The storage directory /github/workspace/mnt/ozone/hadoop-ozone/integration-test/target/test-dir/MiniOzoneClusterImpl-5529f01a-5ac3-4bff-808e-3a81da285252/datanode-4/data/ratis/038b0e63-cded-40b6-a417-491188fbc516 does not exist. Creating ...
2020-04-23 23:59:28,047 [pool-1014-thread-1] INFO  storage.RaftStorageDirectory (RaftStorageDirectory.java:tryLock(335)) - Lock on /github/workspace/mnt/ozone/hadoop-ozone/integration-test/target/test-dir/MiniOzoneClusterImpl-5529f01a-5ac3-4bff-808e-3a81da285252/datanode-4/data/ratis/038b0e63-cded-40b6-a417-491188fbc516/in_use.lock acquired by nodename 7490@9acf12ef3076
2020-04-23 23:59:28,049 [pool-1014-thread-1] INFO  storage.RaftStorage (RaftStorage.java:format(84)) - Storage directory /github/workspace/mnt/ozone/hadoop-ozone/integration-test/target/test-dir/MiniOzoneClusterImpl-5529f01a-5ac3-4bff-808e-3a81da285252/datanode-4/data/ratis/038b0e63-cded-40b6-a417-491188fbc516 has been successfully formatted.
2020-04-23 23:59:28,049 [pool-1014-thread-1] INFO  ratis.ContainerStateMachine (ContainerStateMachine.java:loadSnapshot(226)) - group-491188FBC516: The snapshot info is null. Setting the last applied indexto:(t:0, i:~)
2020-04-23 23:59:28,049 [pool-1014-thread-1] INFO  server.RaftServerConfigKeys (ConfUtils.java:logGet(44)) - raft.server.notification.no-leader.timeout = 60s (default)
2020-04-23 23:59:28,049 [pool-1014-thread-1] INFO  server.RaftServerConfigKeys (ConfUtils.java:logGet(44)) - raft.server.log.use.memory = false (default)
2020-04-23 23:59:28,051 [EventQueue-PipelineReportForPipelineReportHandler] INFO  pipeline.PipelineStateManager (PipelineStateManager.java:openPipeline(131)) - Pipeline Pipeline[ Id: 038b0e63-cded-40b6-a417-491188fbc516, Nodes: 876d9ba1-69a9-4755-8e81-598d06cf1648{ip: 172.17.0.2, host: 9acf12ef3076, networkLocation: /default-rack, certSerialId: null}, Type:RATIS, Factor:ONE, State:ALLOCATED, leaderId:876d9ba1-69a9-4755-8e81-598d06cf1648, CreationTimestamp2020-04-23T23:59:25.046Z] moved to OPEN state
2020-04-23 23:59:28,051 [EventQueue-OpenPipelineForOneReplicaPipelineSafeModeRule] INFO  safemode.SCMSafeModeManager (SCMSafeModeManager.java:validateSafeModeExitRules(183)) - AtleastOneDatanodeReportedRule rule is successfully validated
2020-04-23 23:59:28,051 [EventQueue-OpenPipelineForHealthyPipelineSafeModeRule] INFO  safemode.SCMSafeModeManager (HealthyPipelineSafeModeRule.java:process(132)) - SCM in safe mode. Healthy pipelines reported count is 0, required healthy pipeline reported count is 1
2020-04-23 23:59:28,051 [pool-1014-thread-1] INFO  server.RaftServerConfigKeys (ConfUtils.java:logGet(44)) - raft.server.log.purge.gap = 1000000 (custom)
2020-04-23 23:59:28,051 [pool-1014-thread-1] INFO  server.RaftServerConfigKeys (ConfUtils.java:logGet(44)) - raft.server.log.appender.buffer.byte-limit = 33554432 (custom)
2020-04-23 23:59:28,051 [pool-1014-thread-1] INFO  server.RaftServerConfigKeys (ConfUtils.java:logGet(44)) - raft.server.log.segment.size.max = 1048576 (custom)
2020-04-23 23:59:28,051 [pool-1014-thread-1] INFO  server.RaftServerConfigKeys (ConfUtils.java:logGet(44)) - raft.server.log.segment.cache.num.max = 2 (custom)
2020-04-23 23:59:28,052 [pool-1014-thread-1] INFO  segmented.SegmentedRaftLogWorker (SegmentedRaftLogWorker.java:<init>(176)) - new 876d9ba1-69a9-4755-8e81-598d06cf1648@group-491188FBC516-SegmentedRaftLogWorker for RaftStorage:Storage Directory /github/workspace/mnt/ozone/hadoop-ozone/integration-test/target/test-dir/MiniOzoneClusterImpl-5529f01a-5ac3-4bff-808e-3a81da285252/datanode-4/data/ratis/038b0e63-cded-40b6-a417-491188fbc516
2020-04-23 23:59:28,052 [pool-1014-thread-1] INFO  server.RaftServerConfigKeys (ConfUtils.java:logGet(44)) - raft.server.log.queue.byte-limit = 2147483647 (custom)
2020-04-23 23:59:28,052 [pool-1014-thread-1] INFO  server.RaftServerConfigKeys (ConfUtils.java:logGet(44)) - raft.server.log.queue.element-limit = 1024 (custom)
2020-04-23 23:59:28,052 [pool-1014-thread-1] INFO  server.RaftServerConfigKeys (ConfUtils.java:logGet(44)) - raft.server.log.segment.size.max = 1048576 (custom)
2020-04-23 23:59:28,052 [pool-1014-thread-1] INFO  server.RaftServerConfigKeys (ConfUtils.java:logGet(44)) - raft.server.log.preallocated.size = 16384 (custom)
2020-04-23 23:59:28,052 [pool-1014-thread-1] INFO  server.RaftServerConfigKeys (ConfUtils.java:logGet(44)) - raft.server.log.write.buffer.size = 1048576 (custom)
2020-04-23 23:59:28,052 [pool-1014-thread-1] INFO  server.RaftServerConfigKeys (ConfUtils.java:logGet(44)) - raft.server.log.force.sync.num = 128 (default)
2020-04-23 23:59:28,052 [pool-1014-thread-1] INFO  server.RaftServerConfigKeys (ConfUtils.java:logGet(44)) - raft.server.log.statemachine.data.sync = true (default)
2020-04-23 23:59:28,052 [pool-1014-thread-1] INFO  server.RaftServerConfigKeys (ConfUtils.java:logGet(44)) - raft.server.log.statemachine.data.sync.timeout = 10s (default)
2020-04-23 23:59:28,052 [pool-1014-thread-1] INFO  server.RaftServerConfigKeys (ConfUtils.java:logGet(44)) - raft.server.log.statemachine.data.sync.timeout.retry = -1 (default)
2020-04-23 23:59:28,052 [pool-1014-thread-1] INFO  server.RaftServerConfigKeys (ConfUtils.java:logGet(44)) - raft.server.log.statemachine.data.caching.enabled = true (custom)
2020-04-23 23:59:28,052 [pool-1014-thread-1] INFO  segmented.SegmentedRaftLogWorker (SegmentedRaftLogWorker.java:lambda$new$0(129)) - 876d9ba1-69a9-4755-8e81-598d06cf1648@group-491188FBC516-SegmentedRaftLogWorker: flushIndex: setUnconditionally 0 -> -1
2020-04-23 23:59:28,052 [Command processor thread] INFO  commandhandler.CreatePipelineCommandHandler (CreatePipelineCommandHandler.java:handle(109)) - Created Pipeline RATIS THREE #id: "7e2d3a45-9ccc-4dac-a2c2-44a286af20f8"
.
2020-04-23 23:59:28,053 [Command processor thread] INFO  impl.RaftServerProxy (RaftServerProxy.java:addNew(89)) - 016df35f-8c5c-427d-a7e6-984ca7ba6483: addNew group-06D9085F128C:[016df35f-8c5c-427d-a7e6-984ca7ba6483:172.17.0.2:42761, 876d9ba1-69a9-4755-8e81-598d06cf1648:172.17.0.2:45017, 1acfe952-6c35-481d-9534-c97fd0c89230:172.17.0.2:46429] returns group-06D9085F128C:java.util.concurrent.CompletableFuture@320f074a[Not completed]
2020-04-23 23:59:28,053 [pool-1014-thread-1] INFO  server.RaftServerConfigKeys (ConfUtils.java:logGet(44)) - raft.server.snapshot.auto.trigger.enabled = true (custom)
2020-04-23 23:59:28,053 [pool-1014-thread-1] INFO  server.RaftServerConfigKeys (ConfUtils.java:logGet(44)) - raft.server.snapshot.auto.trigger.threshold = 10000 (custom)
2020-04-23 23:59:28,053 [pool-1014-thread-1] INFO  server.RaftServerConfigKeys (ConfUtils.java:logGet(44)) - raft.server.snapshot.retention.file.num = 5 (custom)
2020-04-23 23:59:28,053 [pool-1014-thread-1] INFO  server.RaftServerConfigKeys (ConfUtils.java:logGet(44)) - raft.server.retrycache.expirytime = 600000ms (custom)
2020-04-23 23:59:28,053 [pool-1014-thread-1] INFO  metrics.RatisMetrics (RatisMetrics.java:lambda$create$0(39)) - Creating Metrics Registry : ratis.leader_election.876d9ba1-69a9-4755-8e81-598d06cf1648@group-491188FBC516
2020-04-23 23:59:28,053 [pool-999-thread-1] INFO  impl.RaftServerImpl (RaftServerImpl.java:<init>(97)) - 016df35f-8c5c-427d-a7e6-984ca7ba6483: new RaftServerImpl for group-06D9085F128C:[016df35f-8c5c-427d-a7e6-984ca7ba6483:172.17.0.2:42761, 876d9ba1-69a9-4755-8e81-598d06cf1648:172.17.0.2:45017, 1acfe952-6c35-481d-9534-c97fd0c89230:172.17.0.2:46429] with ContainerStateMachine:uninitialized
2020-04-23 23:59:28,053 [pool-999-thread-1] INFO  server.RaftServerConfigKeys (ConfUtils.java:logGet(44)) - raft.server.rpc.timeout.min = 5s (custom)
2020-04-23 23:59:28,053 [pool-999-thread-1] INFO  server.RaftServerConfigKeys (ConfUtils.java:logGet(44)) - raft.server.rpc.timeout.max = 5200ms (custom)
2020-04-23 23:59:28,053 [pool-999-thread-1] INFO  server.RaftServerConfigKeys (ConfUtils.java:logGet(44)) - raft.server.rpcslowness.timeout = 300s (custom)
2020-04-23 23:59:28,053 [pool-999-thread-1] INFO  server.RaftServerConfigKeys (ConfUtils.java:logGet(44)) - raft.server.sleep.deviation.threshold = 300 (default)
2020-04-23 23:59:28,053 [pool-999-thread-1] INFO  server.RaftServerConfigKeys (ConfUtils.java:logGet(44)) - raft.server.log.appender.install.snapshot.enabled = false (custom)
2020-04-23 23:59:28,053 [pool-999-thread-1] INFO  impl.RaftServerImpl (ServerState.java:<init>(103)) - 016df35f-8c5c-427d-a7e6-984ca7ba6483@group-06D9085F128C: ConfigurationManager, init=-1: [016df35f-8c5c-427d-a7e6-984ca7ba6483:172.17.0.2:42761, 876d9ba1-69a9-4755-8e81-598d06cf1648:172.17.0.2:45017, 1acfe952-6c35-481d-9534-c97fd0c89230:172.17.0.2:46429], old=null, confs=<EMPTY_MAP>
2020-04-23 23:59:28,053 [pool-999-thread-1] INFO  server.RaftServerConfigKeys (ConfUtils.java:logGet(44)) - raft.server.storage.dir = [/github/workspace/mnt/ozone/hadoop-ozone/integration-test/target/test-dir/MiniOzoneClusterImpl-5529f01a-5ac3-4bff-808e-3a81da285252/datanode-3/data/ratis] (custom)
2020-04-23 23:59:28,054 [pool-999-thread-1] INFO  server.RaftServerConfigKeys (ConfUtils.java:logGet(44)) - raft.server.log.corruption.policy = EXCEPTION (default)
2020-04-23 23:59:28,054 [pool-999-thread-1] INFO  storage.RaftStorageDirectory (RaftStorageDirectory.java:analyzeStorage(253)) - The storage directory /github/workspace/mnt/ozone/hadoop-ozone/integration-test/target/test-dir/MiniOzoneClusterImpl-5529f01a-5ac3-4bff-808e-3a81da285252/datanode-3/data/ratis/cfe6af89-0a96-46bb-a044-06d9085f128c does not exist. Creating ...
2020-04-23 23:59:28,054 [pool-1014-thread-1] INFO  metrics.RatisMetrics (RatisMetrics.java:lambda$create$0(39)) - Creating Metrics Registry : ratis.server.876d9ba1-69a9-4755-8e81-598d06cf1648@group-491188FBC516
2020-04-23 23:59:28,054 [pool-999-thread-1] INFO  storage.RaftStorageDirectory (RaftStorageDirectory.java:tryLock(335)) - Lock on /github/workspace/mnt/ozone/hadoop-ozone/integration-test/target/test-dir/MiniOzoneClusterImpl-5529f01a-5ac3-4bff-808e-3a81da285252/datanode-3/data/ratis/cfe6af89-0a96-46bb-a044-06d9085f128c/in_use.lock acquired by nodename 7490@9acf12ef3076
2020-04-23 23:59:28,055 [pool-999-thread-1] INFO  storage.RaftStorage (RaftStorage.java:format(84)) - Storage directory /github/workspace/mnt/ozone/hadoop-ozone/integration-test/target/test-dir/MiniOzoneClusterImpl-5529f01a-5ac3-4bff-808e-3a81da285252/datanode-3/data/ratis/cfe6af89-0a96-46bb-a044-06d9085f128c has been successfully formatted.
2020-04-23 23:59:28,055 [pool-999-thread-1] INFO  ratis.ContainerStateMachine (ContainerStateMachine.java:loadSnapshot(226)) - group-06D9085F128C: The snapshot info is null. Setting the last applied indexto:(t:0, i:~)
2020-04-23 23:59:28,056 [pool-999-thread-1] INFO  server.RaftServerConfigKeys (ConfUtils.java:logGet(44)) - raft.server.notification.no-leader.timeout = 60s (default)
2020-04-23 23:59:28,056 [pool-999-thread-1] INFO  server.RaftServerConfigKeys (ConfUtils.java:logGet(44)) - raft.server.log.use.memory = false (default)
2020-04-23 23:59:28,056 [pool-999-thread-1] INFO  server.RaftServerConfigKeys (ConfUtils.java:logGet(44)) - raft.server.log.purge.gap = 1000000 (custom)
2020-04-23 23:59:28,056 [pool-999-thread-1] INFO  server.RaftServerConfigKeys (ConfUtils.java:logGet(44)) - raft.server.log.appender.buffer.byte-limit = 33554432 (custom)
2020-04-23 23:59:28,056 [pool-999-thread-1] INFO  server.RaftServerConfigKeys (ConfUtils.java:logGet(44)) - raft.server.log.segment.size.max = 1048576 (custom)
2020-04-23 23:59:28,056 [pool-999-thread-1] INFO  server.RaftServerConfigKeys (ConfUtils.java:logGet(44)) - raft.server.log.segment.cache.num.max = 2 (custom)
2020-04-23 23:59:28,056 [pool-999-thread-1] INFO  segmented.SegmentedRaftLogWorker (SegmentedRaftLogWorker.java:<init>(176)) - new 016df35f-8c5c-427d-a7e6-984ca7ba6483@group-06D9085F128C-SegmentedRaftLogWorker for RaftStorage:Storage Directory /github/workspace/mnt/ozone/hadoop-ozone/integration-test/target/test-dir/MiniOzoneClusterImpl-5529f01a-5ac3-4bff-808e-3a81da285252/datanode-3/data/ratis/cfe6af89-0a96-46bb-a044-06d9085f128c
2020-04-23 23:59:28,056 [pool-999-thread-1] INFO  server.RaftServerConfigKeys (ConfUtils.java:logGet(44)) - raft.server.log.queue.byte-limit = 2147483647 (custom)
2020-04-23 23:59:28,056 [pool-999-thread-1] INFO  server.RaftServerConfigKeys (ConfUtils.java:logGet(44)) - raft.server.log.queue.element-limit = 1024 (custom)
2020-04-23 23:59:28,056 [pool-999-thread-1] INFO  server.RaftServerConfigKeys (ConfUtils.java:logGet(44)) - raft.server.log.segment.size.max = 1048576 (custom)
2020-04-23 23:59:28,056 [pool-999-thread-1] INFO  server.RaftServerConfigKeys (ConfUtils.java:logGet(44)) - raft.server.log.preallocated.size = 16384 (custom)
2020-04-23 23:59:28,056 [pool-999-thread-1] INFO  server.RaftServerConfigKeys (ConfUtils.java:logGet(44)) - raft.server.log.write.buffer.size = 1048576 (custom)
2020-04-23 23:59:28,056 [pool-999-thread-1] INFO  server.RaftServerConfigKeys (ConfUtils.java:logGet(44)) - raft.server.log.force.sync.num = 128 (default)
2020-04-23 23:59:28,056 [pool-1014-thread-1] INFO  impl.RaftServerImpl (RaftServerImpl.java:start(183)) - 876d9ba1-69a9-4755-8e81-598d06cf1648@group-491188FBC516: start as a follower, conf=-1: [876d9ba1-69a9-4755-8e81-598d06cf1648:172.17.0.2:45017], old=null
2020-04-23 23:59:28,056 [pool-1014-thread-1] INFO  impl.RaftServerImpl (RaftServerImpl.java:setRole(172)) - 876d9ba1-69a9-4755-8e81-598d06cf1648@group-491188FBC516: changes role from      null to FOLLOWER at term 0 for startAsFollower
2020-04-23 23:59:28,056 [pool-1014-thread-1] INFO  impl.RoleInfo (RoleInfo.java:updateAndGet(143)) - 876d9ba1-69a9-4755-8e81-598d06cf1648: start FollowerState
2020-04-23 23:59:28,057 [pool-1014-thread-1] INFO  util.JmxRegister (JmxRegister.java:tryRegister(44)) - Successfully registered JMX Bean with object name Ratis:service=RaftServer,group=group-491188FBC516,id=876d9ba1-69a9-4755-8e81-598d06cf1648
2020-04-23 23:59:28,057 [pool-1014-thread-1] INFO  metrics.RatisMetrics (RatisMetrics.java:lambda$create$0(39)) - Creating Metrics Registry : ratis.state_machine.876d9ba1-69a9-4755-8e81-598d06cf1648@group-491188FBC516
2020-04-23 23:59:28,056 [pool-999-thread-1] INFO  server.RaftServerConfigKeys (ConfUtils.java:logGet(44)) - raft.server.log.statemachine.data.sync = true (default)
2020-04-23 23:59:28,057 [pool-999-thread-1] INFO  server.RaftServerConfigKeys (ConfUtils.java:logGet(44)) - raft.server.log.statemachine.data.sync.timeout = 10s (default)
2020-04-23 23:59:28,057 [pool-999-thread-1] INFO  server.RaftServerConfigKeys (ConfUtils.java:logGet(44)) - raft.server.log.statemachine.data.sync.timeout.retry = -1 (default)
2020-04-23 23:59:28,058 [pool-999-thread-1] INFO  server.RaftServerConfigKeys (ConfUtils.java:logGet(44)) - raft.server.log.statemachine.data.caching.enabled = true (custom)
2020-04-23 23:59:28,058 [pool-999-thread-1] INFO  segmented.SegmentedRaftLogWorker (SegmentedRaftLogWorker.java:lambda$new$0(129)) - 016df35f-8c5c-427d-a7e6-984ca7ba6483@group-06D9085F128C-SegmentedRaftLogWorker: flushIndex: setUnconditionally 0 -> -1
2020-04-23 23:59:28,059 [Command processor thread] INFO  commandhandler.CreatePipelineCommandHandler (CreatePipelineCommandHandler.java:handle(109)) - Created Pipeline RATIS ONE #id: "038b0e63-cded-40b6-a417-491188fbc516"
.
2020-04-23 23:59:28,059 [Command processor thread] INFO  impl.RaftServerProxy (RaftServerProxy.java:addNew(89)) - 876d9ba1-69a9-4755-8e81-598d06cf1648: addNew group-06D9085F128C:[016df35f-8c5c-427d-a7e6-984ca7ba6483:172.17.0.2:42761, 876d9ba1-69a9-4755-8e81-598d06cf1648:172.17.0.2:45017, 1acfe952-6c35-481d-9534-c97fd0c89230:172.17.0.2:46429] returns group-06D9085F128C:java.util.concurrent.CompletableFuture@5e15b552[Not completed]
2020-04-23 23:59:28,059 [pool-999-thread-1] INFO  server.RaftServerConfigKeys (ConfUtils.java:logGet(44)) - raft.server.snapshot.auto.trigger.enabled = true (custom)
2020-04-23 23:59:28,059 [pool-999-thread-1] INFO  server.RaftServerConfigKeys (ConfUtils.java:logGet(44)) - raft.server.snapshot.auto.trigger.threshold = 10000 (custom)
2020-04-23 23:59:28,059 [pool-999-thread-1] INFO  server.RaftServerConfigKeys (ConfUtils.java:logGet(44)) - raft.server.snapshot.retention.file.num = 5 (custom)
2020-04-23 23:59:28,059 [pool-999-thread-1] INFO  server.RaftServerConfigKeys (ConfUtils.java:logGet(44)) - raft.server.retrycache.expirytime = 600000ms (custom)
2020-04-23 23:59:28,059 [pool-999-thread-1] INFO  metrics.RatisMetrics (RatisMetrics.java:lambda$create$0(39)) - Creating Metrics Registry : ratis.leader_election.016df35f-8c5c-427d-a7e6-984ca7ba6483@group-06D9085F128C
2020-04-23 23:59:28,060 [pool-1014-thread-1] INFO  impl.RaftServerImpl (RaftServerImpl.java:<init>(97)) - 876d9ba1-69a9-4755-8e81-598d06cf1648: new RaftServerImpl for group-06D9085F128C:[016df35f-8c5c-427d-a7e6-984ca7ba6483:172.17.0.2:42761, 876d9ba1-69a9-4755-8e81-598d06cf1648:172.17.0.2:45017, 1acfe952-6c35-481d-9534-c97fd0c89230:172.17.0.2:46429] with ContainerStateMachine:uninitialized
2020-04-23 23:59:28,060 [pool-1014-thread-1] INFO  server.RaftServerConfigKeys (ConfUtils.java:logGet(44)) - raft.server.rpc.timeout.min = 5s (custom)
2020-04-23 23:59:28,060 [pool-1014-thread-1] INFO  server.RaftServerConfigKeys (ConfUtils.java:logGet(44)) - raft.server.rpc.timeout.max = 5200ms (custom)
2020-04-23 23:59:28,060 [pool-1014-thread-1] INFO  server.RaftServerConfigKeys (ConfUtils.java:logGet(44)) - raft.server.rpcslowness.timeout = 300s (custom)
2020-04-23 23:59:28,060 [pool-1014-thread-1] INFO  server.RaftServerConfigKeys (ConfUtils.java:logGet(44)) - raft.server.sleep.deviation.threshold = 300 (default)
2020-04-23 23:59:28,060 [pool-1014-thread-1] INFO  server.RaftServerConfigKeys (ConfUtils.java:logGet(44)) - raft.server.log.appender.install.snapshot.enabled = false (custom)
2020-04-23 23:59:28,060 [pool-1014-thread-1] INFO  impl.RaftServerImpl (ServerState.java:<init>(103)) - 876d9ba1-69a9-4755-8e81-598d06cf1648@group-06D9085F128C: ConfigurationManager, init=-1: [016df35f-8c5c-427d-a7e6-984ca7ba6483:172.17.0.2:42761, 876d9ba1-69a9-4755-8e81-598d06cf1648:172.17.0.2:45017, 1acfe952-6c35-481d-9534-c97fd0c89230:172.17.0.2:46429], old=null, confs=<EMPTY_MAP>
2020-04-23 23:59:28,060 [pool-1014-thread-1] INFO  server.RaftServerConfigKeys (ConfUtils.java:logGet(44)) - raft.server.storage.dir = [/github/workspace/mnt/ozone/hadoop-ozone/integration-test/target/test-dir/MiniOzoneClusterImpl-5529f01a-5ac3-4bff-808e-3a81da285252/datanode-4/data/ratis] (custom)
2020-04-23 23:59:28,060 [pool-1014-thread-1] INFO  server.RaftServerConfigKeys (ConfUtils.java:logGet(44)) - raft.server.log.corruption.policy = EXCEPTION (default)
2020-04-23 23:59:28,060 [pool-1014-thread-1] INFO  storage.RaftStorageDirectory (RaftStorageDirectory.java:analyzeStorage(253)) - The storage directory /github/workspace/mnt/ozone/hadoop-ozone/integration-test/target/test-dir/MiniOzoneClusterImpl-5529f01a-5ac3-4bff-808e-3a81da285252/datanode-4/data/ratis/cfe6af89-0a96-46bb-a044-06d9085f128c does not exist. Creating ...
2020-04-23 23:59:28,060 [pool-999-thread-1] INFO  metrics.RatisMetrics (RatisMetrics.java:lambda$create$0(39)) - Creating Metrics Registry : ratis.server.016df35f-8c5c-427d-a7e6-984ca7ba6483@group-06D9085F128C
2020-04-23 23:59:28,061 [pool-1014-thread-1] INFO  storage.RaftStorageDirectory (RaftStorageDirectory.java:tryLock(335)) - Lock on /github/workspace/mnt/ozone/hadoop-ozone/integration-test/target/test-dir/MiniOzoneClusterImpl-5529f01a-5ac3-4bff-808e-3a81da285252/datanode-4/data/ratis/cfe6af89-0a96-46bb-a044-06d9085f128c/in_use.lock acquired by nodename 7490@9acf12ef3076
2020-04-23 23:59:28,062 [pool-1014-thread-1] INFO  storage.RaftStorage (RaftStorage.java:format(84)) - Storage directory /github/workspace/mnt/ozone/hadoop-ozone/integration-test/target/test-dir/MiniOzoneClusterImpl-5529f01a-5ac3-4bff-808e-3a81da285252/datanode-4/data/ratis/cfe6af89-0a96-46bb-a044-06d9085f128c has been successfully formatted.
2020-04-23 23:59:28,063 [pool-999-thread-1] INFO  impl.RaftServerImpl (RaftServerImpl.java:start(183)) - 016df35f-8c5c-427d-a7e6-984ca7ba6483@group-06D9085F128C: start as a follower, conf=-1: [016df35f-8c5c-427d-a7e6-984ca7ba6483:172.17.0.2:42761, 876d9ba1-69a9-4755-8e81-598d06cf1648:172.17.0.2:45017, 1acfe952-6c35-481d-9534-c97fd0c89230:172.17.0.2:46429], old=null
2020-04-23 23:59:28,063 [pool-999-thread-1] INFO  impl.RaftServerImpl (RaftServerImpl.java:setRole(172)) - 016df35f-8c5c-427d-a7e6-984ca7ba6483@group-06D9085F128C: changes role from      null to FOLLOWER at term 0 for startAsFollower
2020-04-23 23:59:28,063 [pool-999-thread-1] INFO  impl.RoleInfo (RoleInfo.java:updateAndGet(143)) - 016df35f-8c5c-427d-a7e6-984ca7ba6483: start FollowerState
2020-04-23 23:59:28,063 [pool-999-thread-1] INFO  util.JmxRegister (JmxRegister.java:tryRegister(44)) - Successfully registered JMX Bean with object name Ratis:service=RaftServer,group=group-06D9085F128C,id=016df35f-8c5c-427d-a7e6-984ca7ba6483
2020-04-23 23:59:28,063 [pool-999-thread-1] INFO  metrics.RatisMetrics (RatisMetrics.java:lambda$create$0(39)) - Creating Metrics Registry : ratis.state_machine.016df35f-8c5c-427d-a7e6-984ca7ba6483@group-06D9085F128C
2020-04-23 23:59:28,063 [pool-1014-thread-1] INFO  ratis.ContainerStateMachine (ContainerStateMachine.java:loadSnapshot(226)) - group-06D9085F128C: The snapshot info is null. Setting the last applied indexto:(t:0, i:~)
2020-04-23 23:59:28,063 [pool-1014-thread-1] INFO  server.RaftServerConfigKeys (ConfUtils.java:logGet(44)) - raft.server.notification.no-leader.timeout = 60s (default)
2020-04-23 23:59:28,063 [pool-1014-thread-1] INFO  server.RaftServerConfigKeys (ConfUtils.java:logGet(44)) - raft.server.log.use.memory = false (default)
2020-04-23 23:59:28,063 [pool-1014-thread-1] INFO  server.RaftServerConfigKeys (ConfUtils.java:logGet(44)) - raft.server.log.purge.gap = 1000000 (custom)
2020-04-23 23:59:28,063 [pool-1014-thread-1] INFO  server.RaftServerConfigKeys (ConfUtils.java:logGet(44)) - raft.server.log.appender.buffer.byte-limit = 33554432 (custom)
2020-04-23 23:59:28,063 [pool-1014-thread-1] INFO  server.RaftServerConfigKeys (ConfUtils.java:logGet(44)) - raft.server.log.segment.size.max = 1048576 (custom)
2020-04-23 23:59:28,063 [pool-1014-thread-1] INFO  server.RaftServerConfigKeys (ConfUtils.java:logGet(44)) - raft.server.log.segment.cache.num.max = 2 (custom)
2020-04-23 23:59:28,063 [pool-1014-thread-1] INFO  segmented.SegmentedRaftLogWorker (SegmentedRaftLogWorker.java:<init>(176)) - new 876d9ba1-69a9-4755-8e81-598d06cf1648@group-06D9085F128C-SegmentedRaftLogWorker for RaftStorage:Storage Directory /github/workspace/mnt/ozone/hadoop-ozone/integration-test/target/test-dir/MiniOzoneClusterImpl-5529f01a-5ac3-4bff-808e-3a81da285252/datanode-4/data/ratis/cfe6af89-0a96-46bb-a044-06d9085f128c
2020-04-23 23:59:28,064 [pool-1014-thread-1] INFO  server.RaftServerConfigKeys (ConfUtils.java:logGet(44)) - raft.server.log.queue.byte-limit = 2147483647 (custom)
2020-04-23 23:59:28,064 [pool-1014-thread-1] INFO  server.RaftServerConfigKeys (ConfUtils.java:logGet(44)) - raft.server.log.queue.element-limit = 1024 (custom)
2020-04-23 23:59:28,064 [pool-1014-thread-1] INFO  server.RaftServerConfigKeys (ConfUtils.java:logGet(44)) - raft.server.log.segment.size.max = 1048576 (custom)
2020-04-23 23:59:28,064 [pool-1014-thread-1] INFO  server.RaftServerConfigKeys (ConfUtils.java:logGet(44)) - raft.server.log.preallocated.size = 16384 (custom)
2020-04-23 23:59:28,064 [pool-1014-thread-1] INFO  server.RaftServerConfigKeys (ConfUtils.java:logGet(44)) - raft.server.log.write.buffer.size = 1048576 (custom)
2020-04-23 23:59:28,064 [pool-1014-thread-1] INFO  server.RaftServerConfigKeys (ConfUtils.java:logGet(44)) - raft.server.log.force.sync.num = 128 (default)
2020-04-23 23:59:28,064 [pool-1014-thread-1] INFO  server.RaftServerConfigKeys (ConfUtils.java:logGet(44)) - raft.server.log.statemachine.data.sync = true (default)
2020-04-23 23:59:28,064 [pool-1014-thread-1] INFO  server.RaftServerConfigKeys (ConfUtils.java:logGet(44)) - raft.server.log.statemachine.data.sync.timeout = 10s (default)
2020-04-23 23:59:28,064 [pool-1014-thread-1] INFO  server.RaftServerConfigKeys (ConfUtils.java:logGet(44)) - raft.server.log.statemachine.data.sync.timeout.retry = -1 (default)
2020-04-23 23:59:28,064 [pool-1014-thread-1] INFO  server.RaftServerConfigKeys (ConfUtils.java:logGet(44)) - raft.server.log.statemachine.data.caching.enabled = true (custom)
2020-04-23 23:59:28,064 [pool-1014-thread-1] INFO  segmented.SegmentedRaftLogWorker (SegmentedRaftLogWorker.java:lambda$new$0(129)) - 876d9ba1-69a9-4755-8e81-598d06cf1648@group-06D9085F128C-SegmentedRaftLogWorker: flushIndex: setUnconditionally 0 -> -1
2020-04-23 23:59:28,067 [pool-1014-thread-1] INFO  server.RaftServerConfigKeys (ConfUtils.java:logGet(44)) - raft.server.snapshot.auto.trigger.enabled = true (custom)
2020-04-23 23:59:28,067 [pool-1014-thread-1] INFO  server.RaftServerConfigKeys (ConfUtils.java:logGet(44)) - raft.server.snapshot.auto.trigger.threshold = 10000 (custom)
2020-04-23 23:59:28,067 [pool-1014-thread-1] INFO  server.RaftServerConfigKeys (ConfUtils.java:logGet(44)) - raft.server.snapshot.retention.file.num = 5 (custom)
2020-04-23 23:59:28,067 [pool-1014-thread-1] INFO  server.RaftServerConfigKeys (ConfUtils.java:logGet(44)) - raft.server.retrycache.expirytime = 600000ms (custom)
2020-04-23 23:59:28,067 [pool-1014-thread-1] INFO  metrics.RatisMetrics (RatisMetrics.java:lambda$create$0(39)) - Creating Metrics Registry : ratis.leader_election.876d9ba1-69a9-4755-8e81-598d06cf1648@group-06D9085F128C
2020-04-23 23:59:28,068 [grpc-default-executor-2] INFO  impl.RaftServerProxy (RaftServerProxy.java:addNew(89)) - 1acfe952-6c35-481d-9534-c97fd0c89230: addNew group-06D9085F128C:[016df35f-8c5c-427d-a7e6-984ca7ba6483:172.17.0.2:42761, 876d9ba1-69a9-4755-8e81-598d06cf1648:172.17.0.2:45017, 1acfe952-6c35-481d-9534-c97fd0c89230:172.17.0.2:46429] returns group-06D9085F128C:java.util.concurrent.CompletableFuture@2565355d[Not completed]
2020-04-23 23:59:28,068 [pool-1029-thread-1] INFO  impl.RaftServerImpl (RaftServerImpl.java:<init>(97)) - 1acfe952-6c35-481d-9534-c97fd0c89230: new RaftServerImpl for group-06D9085F128C:[016df35f-8c5c-427d-a7e6-984ca7ba6483:172.17.0.2:42761, 876d9ba1-69a9-4755-8e81-598d06cf1648:172.17.0.2:45017, 1acfe952-6c35-481d-9534-c97fd0c89230:172.17.0.2:46429] with ContainerStateMachine:uninitialized
2020-04-23 23:59:28,068 [pool-1029-thread-1] INFO  server.RaftServerConfigKeys (ConfUtils.java:logGet(44)) - raft.server.rpc.timeout.min = 5s (custom)
2020-04-23 23:59:28,068 [pool-1029-thread-1] INFO  server.RaftServerConfigKeys (ConfUtils.java:logGet(44)) - raft.server.rpc.timeout.max = 5200ms (custom)
2020-04-23 23:59:28,069 [pool-1029-thread-1] INFO  server.RaftServerConfigKeys (ConfUtils.java:logGet(44)) - raft.server.rpcslowness.timeout = 300s (custom)
2020-04-23 23:59:28,069 [pool-1029-thread-1] INFO  server.RaftServerConfigKeys (ConfUtils.java:logGet(44)) - raft.server.sleep.deviation.threshold = 300 (default)
2020-04-23 23:59:28,069 [pool-1029-thread-1] INFO  server.RaftServerConfigKeys (ConfUtils.java:logGet(44)) - raft.server.log.appender.install.snapshot.enabled = false (custom)
2020-04-23 23:59:28,069 [pool-1029-thread-1] INFO  impl.RaftServerImpl (ServerState.java:<init>(103)) - 1acfe952-6c35-481d-9534-c97fd0c89230@group-06D9085F128C: ConfigurationManager, init=-1: [016df35f-8c5c-427d-a7e6-984ca7ba6483:172.17.0.2:42761, 876d9ba1-69a9-4755-8e81-598d06cf1648:172.17.0.2:45017, 1acfe952-6c35-481d-9534-c97fd0c89230:172.17.0.2:46429], old=null, confs=<EMPTY_MAP>
2020-04-23 23:59:28,069 [pool-1029-thread-1] INFO  server.RaftServerConfigKeys (ConfUtils.java:logGet(44)) - raft.server.storage.dir = [/github/workspace/mnt/ozone/hadoop-ozone/integration-test/target/test-dir/MiniOzoneClusterImpl-5529f01a-5ac3-4bff-808e-3a81da285252/datanode-5/data/ratis] (custom)
2020-04-23 23:59:28,069 [pool-1029-thread-1] INFO  server.RaftServerConfigKeys (ConfUtils.java:logGet(44)) - raft.server.log.corruption.policy = EXCEPTION (default)
2020-04-23 23:59:28,069 [pool-1029-thread-1] INFO  storage.RaftStorageDirectory (RaftStorageDirectory.java:analyzeStorage(253)) - The storage directory /github/workspace/mnt/ozone/hadoop-ozone/integration-test/target/test-dir/MiniOzoneClusterImpl-5529f01a-5ac3-4bff-808e-3a81da285252/datanode-5/data/ratis/cfe6af89-0a96-46bb-a044-06d9085f128c does not exist. Creating ...
2020-04-23 23:59:28,070 [pool-1014-thread-1] INFO  metrics.RatisMetrics (RatisMetrics.java:lambda$create$0(39)) - Creating Metrics Registry : ratis.server.876d9ba1-69a9-4755-8e81-598d06cf1648@group-06D9085F128C
2020-04-23 23:59:28,070 [pool-1029-thread-1] INFO  storage.RaftStorageDirectory (RaftStorageDirectory.java:tryLock(335)) - Lock on /github/workspace/mnt/ozone/hadoop-ozone/integration-test/target/test-dir/MiniOzoneClusterImpl-5529f01a-5ac3-4bff-808e-3a81da285252/datanode-5/data/ratis/cfe6af89-0a96-46bb-a044-06d9085f128c/in_use.lock acquired by nodename 7490@9acf12ef3076
2020-04-23 23:59:28,071 [pool-1029-thread-1] INFO  storage.RaftStorage (RaftStorage.java:format(84)) - Storage directory /github/workspace/mnt/ozone/hadoop-ozone/integration-test/target/test-dir/MiniOzoneClusterImpl-5529f01a-5ac3-4bff-808e-3a81da285252/datanode-5/data/ratis/cfe6af89-0a96-46bb-a044-06d9085f128c has been successfully formatted.
2020-04-23 23:59:28,071 [pool-1029-thread-1] INFO  ratis.ContainerStateMachine (ContainerStateMachine.java:loadSnapshot(226)) - group-06D9085F128C: The snapshot info is null. Setting the last applied indexto:(t:0, i:~)
2020-04-23 23:59:28,071 [pool-1029-thread-1] INFO  server.RaftServerConfigKeys (ConfUtils.java:logGet(44)) - raft.server.notification.no-leader.timeout = 60s (default)
2020-04-23 23:59:28,071 [pool-1029-thread-1] INFO  server.RaftServerConfigKeys (ConfUtils.java:logGet(44)) - raft.server.log.use.memory = false (default)
2020-04-23 23:59:28,071 [pool-1029-thread-1] INFO  server.RaftServerConfigKeys (ConfUtils.java:logGet(44)) - raft.server.log.purge.gap = 1000000 (custom)
2020-04-23 23:59:28,071 [pool-1029-thread-1] INFO  server.RaftServerConfigKeys (ConfUtils.java:logGet(44)) - raft.server.log.appender.buffer.byte-limit = 33554432 (custom)
2020-04-23 23:59:28,071 [pool-1029-thread-1] INFO  server.RaftServerConfigKeys (ConfUtils.java:logGet(44)) - raft.server.log.segment.size.max = 1048576 (custom)
2020-04-23 23:59:28,071 [pool-1029-thread-1] INFO  server.RaftServerConfigKeys (ConfUtils.java:logGet(44)) - raft.server.log.segment.cache.num.max = 2 (custom)
2020-04-23 23:59:28,071 [pool-1029-thread-1] INFO  segmented.SegmentedRaftLogWorker (SegmentedRaftLogWorker.java:<init>(176)) - new 1acfe952-6c35-481d-9534-c97fd0c89230@group-06D9085F128C-SegmentedRaftLogWorker for RaftStorage:Storage Directory /github/workspace/mnt/ozone/hadoop-ozone/integration-test/target/test-dir/MiniOzoneClusterImpl-5529f01a-5ac3-4bff-808e-3a81da285252/datanode-5/data/ratis/cfe6af89-0a96-46bb-a044-06d9085f128c
2020-04-23 23:59:28,071 [pool-1029-thread-1] INFO  server.RaftServerConfigKeys (ConfUtils.java:logGet(44)) - raft.server.log.queue.byte-limit = 2147483647 (custom)
2020-04-23 23:59:28,071 [pool-1029-thread-1] INFO  server.RaftServerConfigKeys (ConfUtils.java:logGet(44)) - raft.server.log.queue.element-limit = 1024 (custom)
2020-04-23 23:59:28,071 [pool-1029-thread-1] INFO  server.RaftServerConfigKeys (ConfUtils.java:logGet(44)) - raft.server.log.segment.size.max = 1048576 (custom)
2020-04-23 23:59:28,072 [pool-1029-thread-1] INFO  server.RaftServerConfigKeys (ConfUtils.java:logGet(44)) - raft.server.log.preallocated.size = 16384 (custom)
2020-04-23 23:59:28,072 [pool-1029-thread-1] INFO  server.RaftServerConfigKeys (ConfUtils.java:logGet(44)) - raft.server.log.write.buffer.size = 1048576 (custom)
2020-04-23 23:59:28,072 [pool-1029-thread-1] INFO  server.RaftServerConfigKeys (ConfUtils.java:logGet(44)) - raft.server.log.force.sync.num = 128 (default)
2020-04-23 23:59:28,072 [pool-1029-thread-1] INFO  server.RaftServerConfigKeys (ConfUtils.java:logGet(44)) - raft.server.log.statemachine.data.sync = true (default)
2020-04-23 23:59:28,072 [pool-1029-thread-1] INFO  server.RaftServerConfigKeys (ConfUtils.java:logGet(44)) - raft.server.log.statemachine.data.sync.timeout = 10s (default)
2020-04-23 23:59:28,072 [pool-1029-thread-1] INFO  server.RaftServerConfigKeys (ConfUtils.java:logGet(44)) - raft.server.log.statemachine.data.sync.timeout.retry = -1 (default)
2020-04-23 23:59:28,073 [pool-1029-thread-1] INFO  server.RaftServerConfigKeys (ConfUtils.java:logGet(44)) - raft.server.log.statemachine.data.caching.enabled = true (custom)
2020-04-23 23:59:28,073 [pool-1029-thread-1] INFO  segmented.SegmentedRaftLogWorker (SegmentedRaftLogWorker.java:lambda$new$0(129)) - 1acfe952-6c35-481d-9534-c97fd0c89230@group-06D9085F128C-SegmentedRaftLogWorker: flushIndex: setUnconditionally 0 -> -1
2020-04-23 23:59:28,073 [pool-1029-thread-1] INFO  server.RaftServerConfigKeys (ConfUtils.java:logGet(44)) - raft.server.snapshot.auto.trigger.enabled = true (custom)
2020-04-23 23:59:28,073 [pool-1029-thread-1] INFO  server.RaftServerConfigKeys (ConfUtils.java:logGet(44)) - raft.server.snapshot.auto.trigger.threshold = 10000 (custom)
2020-04-23 23:59:28,073 [pool-1029-thread-1] INFO  server.RaftServerConfigKeys (ConfUtils.java:logGet(44)) - raft.server.snapshot.retention.file.num = 5 (custom)
2020-04-23 23:59:28,073 [pool-1029-thread-1] INFO  server.RaftServerConfigKeys (ConfUtils.java:logGet(44)) - raft.server.retrycache.expirytime = 600000ms (custom)
2020-04-23 23:59:28,074 [pool-1029-thread-1] INFO  metrics.RatisMetrics (RatisMetrics.java:lambda$create$0(39)) - Creating Metrics Registry : ratis.leader_election.1acfe952-6c35-481d-9534-c97fd0c89230@group-06D9085F128C
2020-04-23 23:59:28,074 [pool-1014-thread-1] INFO  impl.RaftServerImpl (RaftServerImpl.java:start(183)) - 876d9ba1-69a9-4755-8e81-598d06cf1648@group-06D9085F128C: start as a follower, conf=-1: [016df35f-8c5c-427d-a7e6-984ca7ba6483:172.17.0.2:42761, 876d9ba1-69a9-4755-8e81-598d06cf1648:172.17.0.2:45017, 1acfe952-6c35-481d-9534-c97fd0c89230:172.17.0.2:46429], old=null
2020-04-23 23:59:28,074 [pool-1014-thread-1] INFO  impl.RaftServerImpl (RaftServerImpl.java:setRole(172)) - 876d9ba1-69a9-4755-8e81-598d06cf1648@group-06D9085F128C: changes role from      null to FOLLOWER at term 0 for startAsFollower
2020-04-23 23:59:28,074 [pool-1014-thread-1] INFO  impl.RoleInfo (RoleInfo.java:updateAndGet(143)) - 876d9ba1-69a9-4755-8e81-598d06cf1648: start FollowerState
2020-04-23 23:59:28,074 [pool-1029-thread-1] INFO  metrics.RatisMetrics (RatisMetrics.java:lambda$create$0(39)) - Creating Metrics Registry : ratis.server.1acfe952-6c35-481d-9534-c97fd0c89230@group-06D9085F128C
2020-04-23 23:59:28,076 [pool-1014-thread-1] INFO  util.JmxRegister (JmxRegister.java:tryRegister(44)) - Successfully registered JMX Bean with object name Ratis:service=RaftServer,group=group-06D9085F128C,id=876d9ba1-69a9-4755-8e81-598d06cf1648
2020-04-23 23:59:28,076 [pool-1014-thread-1] INFO  metrics.RatisMetrics (RatisMetrics.java:lambda$create$0(39)) - Creating Metrics Registry : ratis.state_machine.876d9ba1-69a9-4755-8e81-598d06cf1648@group-06D9085F128C
2020-04-23 23:59:28,080 [pool-1029-thread-1] INFO  impl.RaftServerImpl (RaftServerImpl.java:start(183)) - 1acfe952-6c35-481d-9534-c97fd0c89230@group-06D9085F128C: start as a follower, conf=-1: [016df35f-8c5c-427d-a7e6-984ca7ba6483:172.17.0.2:42761, 876d9ba1-69a9-4755-8e81-598d06cf1648:172.17.0.2:45017, 1acfe952-6c35-481d-9534-c97fd0c89230:172.17.0.2:46429], old=null
2020-04-23 23:59:28,080 [pool-1029-thread-1] INFO  impl.RaftServerImpl (RaftServerImpl.java:setRole(172)) - 1acfe952-6c35-481d-9534-c97fd0c89230@group-06D9085F128C: changes role from      null to FOLLOWER at term 0 for startAsFollower
2020-04-23 23:59:28,080 [pool-1029-thread-1] INFO  impl.RoleInfo (RoleInfo.java:updateAndGet(143)) - 1acfe952-6c35-481d-9534-c97fd0c89230: start FollowerState
2020-04-23 23:59:28,080 [pool-1029-thread-1] INFO  util.JmxRegister (JmxRegister.java:tryRegister(44)) - Successfully registered JMX Bean with object name Ratis:service=RaftServer,group=group-06D9085F128C,id=1acfe952-6c35-481d-9534-c97fd0c89230
2020-04-23 23:59:28,080 [pool-1029-thread-1] INFO  metrics.RatisMetrics (RatisMetrics.java:lambda$create$0(39)) - Creating Metrics Registry : ratis.state_machine.1acfe952-6c35-481d-9534-c97fd0c89230@group-06D9085F128C
2020-04-23 23:59:28,111 [Command processor thread] INFO  impl.RaftServerProxy (RaftServerProxy.java:addNew(89)) - 1acfe952-6c35-481d-9534-c97fd0c89230: addNew group-EDEF3C729547:[1acfe952-6c35-481d-9534-c97fd0c89230:172.17.0.2:46429] returns group-EDEF3C729547:java.util.concurrent.CompletableFuture@2c302c0[Not completed]
2020-04-23 23:59:28,112 [pool-1029-thread-1] INFO  impl.RaftServerImpl (RaftServerImpl.java:<init>(97)) - 1acfe952-6c35-481d-9534-c97fd0c89230: new RaftServerImpl for group-EDEF3C729547:[1acfe952-6c35-481d-9534-c97fd0c89230:172.17.0.2:46429] with ContainerStateMachine:uninitialized
2020-04-23 23:59:28,112 [pool-1029-thread-1] INFO  server.RaftServerConfigKeys (ConfUtils.java:logGet(44)) - raft.server.rpc.timeout.min = 5s (custom)
2020-04-23 23:59:28,112 [pool-1029-thread-1] INFO  server.RaftServerConfigKeys (ConfUtils.java:logGet(44)) - raft.server.rpc.timeout.max = 5200ms (custom)
2020-04-23 23:59:28,112 [pool-1029-thread-1] INFO  server.RaftServerConfigKeys (ConfUtils.java:logGet(44)) - raft.server.rpcslowness.timeout = 300s (custom)
2020-04-23 23:59:28,112 [pool-1029-thread-1] INFO  server.RaftServerConfigKeys (ConfUtils.java:logGet(44)) - raft.server.sleep.deviation.threshold = 300 (default)
2020-04-23 23:59:28,112 [pool-1029-thread-1] INFO  server.RaftServerConfigKeys (ConfUtils.java:logGet(44)) - raft.server.log.appender.install.snapshot.enabled = false (custom)
2020-04-23 23:59:28,112 [pool-1029-thread-1] INFO  impl.RaftServerImpl (ServerState.java:<init>(103)) - 1acfe952-6c35-481d-9534-c97fd0c89230@group-EDEF3C729547: ConfigurationManager, init=-1: [1acfe952-6c35-481d-9534-c97fd0c89230:172.17.0.2:46429], old=null, confs=<EMPTY_MAP>
2020-04-23 23:59:28,112 [pool-1029-thread-1] INFO  server.RaftServerConfigKeys (ConfUtils.java:logGet(44)) - raft.server.storage.dir = [/github/workspace/mnt/ozone/hadoop-ozone/integration-test/target/test-dir/MiniOzoneClusterImpl-5529f01a-5ac3-4bff-808e-3a81da285252/datanode-5/data/ratis] (custom)
2020-04-23 23:59:28,112 [pool-1029-thread-1] INFO  server.RaftServerConfigKeys (ConfUtils.java:logGet(44)) - raft.server.log.corruption.policy = EXCEPTION (default)
2020-04-23 23:59:28,112 [pool-1029-thread-1] INFO  storage.RaftStorageDirectory (RaftStorageDirectory.java:analyzeStorage(253)) - The storage directory /github/workspace/mnt/ozone/hadoop-ozone/integration-test/target/test-dir/MiniOzoneClusterImpl-5529f01a-5ac3-4bff-808e-3a81da285252/datanode-5/data/ratis/afd0209b-0753-49b2-8d62-edef3c729547 does not exist. Creating ...
2020-04-23 23:59:28,113 [Command processor thread] INFO  commandhandler.CreatePipelineCommandHandler (CreatePipelineCommandHandler.java:handle(109)) - Created Pipeline RATIS THREE #id: "cfe6af89-0a96-46bb-a044-06d9085f128c"
.
2020-04-23 23:59:28,114 [pool-1029-thread-1] INFO  storage.RaftStorageDirectory (RaftStorageDirectory.java:tryLock(335)) - Lock on /github/workspace/mnt/ozone/hadoop-ozone/integration-test/target/test-dir/MiniOzoneClusterImpl-5529f01a-5ac3-4bff-808e-3a81da285252/datanode-5/data/ratis/afd0209b-0753-49b2-8d62-edef3c729547/in_use.lock acquired by nodename 7490@9acf12ef3076
2020-04-23 23:59:28,115 [pool-1029-thread-1] INFO  storage.RaftStorage (RaftStorage.java:format(84)) - Storage directory /github/workspace/mnt/ozone/hadoop-ozone/integration-test/target/test-dir/MiniOzoneClusterImpl-5529f01a-5ac3-4bff-808e-3a81da285252/datanode-5/data/ratis/afd0209b-0753-49b2-8d62-edef3c729547 has been successfully formatted.
2020-04-23 23:59:28,115 [pool-1029-thread-1] INFO  ratis.ContainerStateMachine (ContainerStateMachine.java:loadSnapshot(226)) - group-EDEF3C729547: The snapshot info is null. Setting the last applied indexto:(t:0, i:~)
2020-04-23 23:59:28,115 [pool-1029-thread-1] INFO  server.RaftServerConfigKeys (ConfUtils.java:logGet(44)) - raft.server.notification.no-leader.timeout = 60s (default)
2020-04-23 23:59:28,115 [pool-1029-thread-1] INFO  server.RaftServerConfigKeys (ConfUtils.java:logGet(44)) - raft.server.log.use.memory = false (default)
2020-04-23 23:59:28,116 [pool-1029-thread-1] INFO  server.RaftServerConfigKeys (ConfUtils.java:logGet(44)) - raft.server.log.purge.gap = 1000000 (custom)
2020-04-23 23:59:28,116 [pool-1029-thread-1] INFO  server.RaftServerConfigKeys (ConfUtils.java:logGet(44)) - raft.server.log.appender.buffer.byte-limit = 33554432 (custom)
2020-04-23 23:59:28,116 [pool-1029-thread-1] INFO  server.RaftServerConfigKeys (ConfUtils.java:logGet(44)) - raft.server.log.segment.size.max = 1048576 (custom)
2020-04-23 23:59:28,116 [pool-1029-thread-1] INFO  server.RaftServerConfigKeys (ConfUtils.java:logGet(44)) - raft.server.log.segment.cache.num.max = 2 (custom)
2020-04-23 23:59:28,116 [pool-1029-thread-1] INFO  segmented.SegmentedRaftLogWorker (SegmentedRaftLogWorker.java:<init>(176)) - new 1acfe952-6c35-481d-9534-c97fd0c89230@group-EDEF3C729547-SegmentedRaftLogWorker for RaftStorage:Storage Directory /github/workspace/mnt/ozone/hadoop-ozone/integration-test/target/test-dir/MiniOzoneClusterImpl-5529f01a-5ac3-4bff-808e-3a81da285252/datanode-5/data/ratis/afd0209b-0753-49b2-8d62-edef3c729547
2020-04-23 23:59:28,116 [pool-1029-thread-1] INFO  server.RaftServerConfigKeys (ConfUtils.java:logGet(44)) - raft.server.log.queue.byte-limit = 2147483647 (custom)
2020-04-23 23:59:28,116 [pool-1029-thread-1] INFO  server.RaftServerConfigKeys (ConfUtils.java:logGet(44)) - raft.server.log.queue.element-limit = 1024 (custom)
2020-04-23 23:59:28,116 [pool-1029-thread-1] INFO  server.RaftServerConfigKeys (ConfUtils.java:logGet(44)) - raft.server.log.segment.size.max = 1048576 (custom)
2020-04-23 23:59:28,116 [pool-1029-thread-1] INFO  server.RaftServerConfigKeys (ConfUtils.java:logGet(44)) - raft.server.log.preallocated.size = 16384 (custom)
2020-04-23 23:59:28,116 [pool-1029-thread-1] INFO  server.RaftServerConfigKeys (ConfUtils.java:logGet(44)) - raft.server.log.write.buffer.size = 1048576 (custom)
2020-04-23 23:59:28,116 [pool-1029-thread-1] INFO  server.RaftServerConfigKeys (ConfUtils.java:logGet(44)) - raft.server.log.force.sync.num = 128 (default)
2020-04-23 23:59:28,116 [pool-1029-thread-1] INFO  server.RaftServerConfigKeys (ConfUtils.java:logGet(44)) - raft.server.log.statemachine.data.sync = true (default)
2020-04-23 23:59:28,116 [pool-1029-thread-1] INFO  server.RaftServerConfigKeys (ConfUtils.java:logGet(44)) - raft.server.log.statemachine.data.sync.timeout = 10s (default)
2020-04-23 23:59:28,116 [pool-1029-thread-1] INFO  server.RaftServerConfigKeys (ConfUtils.java:logGet(44)) - raft.server.log.statemachine.data.sync.timeout.retry = -1 (default)
2020-04-23 23:59:28,116 [pool-1029-thread-1] INFO  server.RaftServerConfigKeys (ConfUtils.java:logGet(44)) - raft.server.log.statemachine.data.caching.enabled = true (custom)
2020-04-23 23:59:28,116 [pool-1029-thread-1] INFO  segmented.SegmentedRaftLogWorker (SegmentedRaftLogWorker.java:lambda$new$0(129)) - 1acfe952-6c35-481d-9534-c97fd0c89230@group-EDEF3C729547-SegmentedRaftLogWorker: flushIndex: setUnconditionally 0 -> -1
2020-04-23 23:59:28,117 [pool-1029-thread-1] INFO  server.RaftServerConfigKeys (ConfUtils.java:logGet(44)) - raft.server.snapshot.auto.trigger.enabled = true (custom)
2020-04-23 23:59:28,117 [pool-1029-thread-1] INFO  server.RaftServerConfigKeys (ConfUtils.java:logGet(44)) - raft.server.snapshot.auto.trigger.threshold = 10000 (custom)
2020-04-23 23:59:28,117 [pool-1029-thread-1] INFO  server.RaftServerConfigKeys (ConfUtils.java:logGet(44)) - raft.server.snapshot.retention.file.num = 5 (custom)
2020-04-23 23:59:28,117 [pool-1029-thread-1] INFO  server.RaftServerConfigKeys (ConfUtils.java:logGet(44)) - raft.server.retrycache.expirytime = 600000ms (custom)
2020-04-23 23:59:28,117 [pool-1029-thread-1] INFO  metrics.RatisMetrics (RatisMetrics.java:lambda$create$0(39)) - Creating Metrics Registry : ratis.leader_election.1acfe952-6c35-481d-9534-c97fd0c89230@group-EDEF3C729547
2020-04-23 23:59:28,117 [EventQueue-PipelineReportForPipelineReportHandler] INFO  pipeline.PipelineStateManager (PipelineStateManager.java:openPipeline(131)) - Pipeline Pipeline[ Id: afd0209b-0753-49b2-8d62-edef3c729547, Nodes: 1acfe952-6c35-481d-9534-c97fd0c89230{ip: 172.17.0.2, host: 9acf12ef3076, networkLocation: /default-rack, certSerialId: null}, Type:RATIS, Factor:ONE, State:ALLOCATED, leaderId:1acfe952-6c35-481d-9534-c97fd0c89230, CreationTimestamp2020-04-23T23:59:25.113Z] moved to OPEN state
2020-04-23 23:59:28,117 [EventQueue-OpenPipelineForHealthyPipelineSafeModeRule] INFO  safemode.SCMSafeModeManager (HealthyPipelineSafeModeRule.java:process(132)) - SCM in safe mode. Healthy pipelines reported count is 0, required healthy pipeline reported count is 1
2020-04-23 23:59:28,117 [EventQueue-OpenPipelineForOneReplicaPipelineSafeModeRule] INFO  safemode.SCMSafeModeManager (SCMSafeModeManager.java:validateSafeModeExitRules(183)) - AtleastOneDatanodeReportedRule rule is successfully validated
2020-04-23 23:59:28,118 [Command processor thread] INFO  commandhandler.CreatePipelineCommandHandler (CreatePipelineCommandHandler.java:handle(109)) - Created Pipeline RATIS THREE #id: "cfe6af89-0a96-46bb-a044-06d9085f128c"
.
2020-04-23 23:59:28,119 [pool-1029-thread-1] INFO  metrics.RatisMetrics (RatisMetrics.java:lambda$create$0(39)) - Creating Metrics Registry : ratis.server.1acfe952-6c35-481d-9534-c97fd0c89230@group-EDEF3C729547
2020-04-23 23:59:28,121 [pool-1029-thread-1] INFO  impl.RaftServerImpl (RaftServerImpl.java:start(183)) - 1acfe952-6c35-481d-9534-c97fd0c89230@group-EDEF3C729547: start as a follower, conf=-1: [1acfe952-6c35-481d-9534-c97fd0c89230:172.17.0.2:46429], old=null
2020-04-23 23:59:28,121 [pool-1029-thread-1] INFO  impl.RaftServerImpl (RaftServerImpl.java:setRole(172)) - 1acfe952-6c35-481d-9534-c97fd0c89230@group-EDEF3C729547: changes role from      null to FOLLOWER at term 0 for startAsFollower
2020-04-23 23:59:28,121 [pool-1029-thread-1] INFO  impl.RoleInfo (RoleInfo.java:updateAndGet(143)) - 1acfe952-6c35-481d-9534-c97fd0c89230: start FollowerState
2020-04-23 23:59:28,125 [pool-1029-thread-1] INFO  util.JmxRegister (JmxRegister.java:tryRegister(44)) - Successfully registered JMX Bean with object name Ratis:service=RaftServer,group=group-EDEF3C729547,id=1acfe952-6c35-481d-9534-c97fd0c89230
2020-04-23 23:59:28,125 [pool-1029-thread-1] INFO  metrics.RatisMetrics (RatisMetrics.java:lambda$create$0(39)) - Creating Metrics Registry : ratis.state_machine.1acfe952-6c35-481d-9534-c97fd0c89230@group-EDEF3C729547
2020-04-23 23:59:28,126 [Command processor thread] INFO  commandhandler.CreatePipelineCommandHandler (CreatePipelineCommandHandler.java:handle(109)) - Created Pipeline RATIS ONE #id: "afd0209b-0753-49b2-8d62-edef3c729547"
.
2020-04-23 23:59:28,171 [main] INFO  ozone.MiniOzoneClusterImpl (MiniOzoneClusterImpl.java:lambda$waitForClusterToBeReady$0(177)) - Nodes are ready. Got 7 of 7 DN Heartbeats.
2020-04-23 23:59:28,171 [main] INFO  ozone.MiniOzoneClusterImpl (MiniOzoneClusterImpl.java:lambda$waitForClusterToBeReady$0(180)) - Waiting for cluster to exit safe mode
2020-04-23 23:59:28,173 [Command processor thread] INFO  impl.RaftServerProxy (RaftServerProxy.java:addNew(89)) - 545022e8-5328-4925-abb3-0aab3242966c: addNew group-6AA2A86A4BBC:[545022e8-5328-4925-abb3-0aab3242966c:172.17.0.2:39841] returns group-6AA2A86A4BBC:java.util.concurrent.CompletableFuture@44b475de[Not completed]
2020-04-23 23:59:28,173 [pool-1044-thread-1] INFO  impl.RaftServerImpl (RaftServerImpl.java:<init>(97)) - 545022e8-5328-4925-abb3-0aab3242966c: new RaftServerImpl for group-6AA2A86A4BBC:[545022e8-5328-4925-abb3-0aab3242966c:172.17.0.2:39841] with ContainerStateMachine:uninitialized
2020-04-23 23:59:28,174 [pool-1044-thread-1] INFO  server.RaftServerConfigKeys (ConfUtils.java:logGet(44)) - raft.server.rpc.timeout.min = 5s (custom)
2020-04-23 23:59:28,174 [pool-1044-thread-1] INFO  server.RaftServerConfigKeys (ConfUtils.java:logGet(44)) - raft.server.rpc.timeout.max = 5200ms (custom)
2020-04-23 23:59:28,174 [pool-1044-thread-1] INFO  server.RaftServerConfigKeys (ConfUtils.java:logGet(44)) - raft.server.rpcslowness.timeout = 300s (custom)
2020-04-23 23:59:28,174 [pool-1044-thread-1] INFO  server.RaftServerConfigKeys (ConfUtils.java:logGet(44)) - raft.server.sleep.deviation.threshold = 300 (default)
2020-04-23 23:59:28,174 [pool-1044-thread-1] INFO  server.RaftServerConfigKeys (ConfUtils.java:logGet(44)) - raft.server.log.appender.install.snapshot.enabled = false (custom)
2020-04-23 23:59:28,174 [pool-1044-thread-1] INFO  impl.RaftServerImpl (ServerState.java:<init>(103)) - 545022e8-5328-4925-abb3-0aab3242966c@group-6AA2A86A4BBC: ConfigurationManager, init=-1: [545022e8-5328-4925-abb3-0aab3242966c:172.17.0.2:39841], old=null, confs=<EMPTY_MAP>
2020-04-23 23:59:28,174 [pool-1044-thread-1] INFO  server.RaftServerConfigKeys (ConfUtils.java:logGet(44)) - raft.server.storage.dir = [/github/workspace/mnt/ozone/hadoop-ozone/integration-test/target/test-dir/MiniOzoneClusterImpl-5529f01a-5ac3-4bff-808e-3a81da285252/datanode-6/data/ratis] (custom)
2020-04-23 23:59:28,174 [pool-1044-thread-1] INFO  server.RaftServerConfigKeys (ConfUtils.java:logGet(44)) - raft.server.log.corruption.policy = EXCEPTION (default)
2020-04-23 23:59:28,174 [pool-1044-thread-1] INFO  storage.RaftStorageDirectory (RaftStorageDirectory.java:analyzeStorage(253)) - The storage directory /github/workspace/mnt/ozone/hadoop-ozone/integration-test/target/test-dir/MiniOzoneClusterImpl-5529f01a-5ac3-4bff-808e-3a81da285252/datanode-6/data/ratis/51cffb4c-ed56-471d-93b7-6aa2a86a4bbc does not exist. Creating ...
2020-04-23 23:59:28,175 [pool-1044-thread-1] INFO  storage.RaftStorageDirectory (RaftStorageDirectory.java:tryLock(335)) - Lock on /github/workspace/mnt/ozone/hadoop-ozone/integration-test/target/test-dir/MiniOzoneClusterImpl-5529f01a-5ac3-4bff-808e-3a81da285252/datanode-6/data/ratis/51cffb4c-ed56-471d-93b7-6aa2a86a4bbc/in_use.lock acquired by nodename 7490@9acf12ef3076
2020-04-23 23:59:28,176 [pool-1044-thread-1] INFO  storage.RaftStorage (RaftStorage.java:format(84)) - Storage directory /github/workspace/mnt/ozone/hadoop-ozone/integration-test/target/test-dir/MiniOzoneClusterImpl-5529f01a-5ac3-4bff-808e-3a81da285252/datanode-6/data/ratis/51cffb4c-ed56-471d-93b7-6aa2a86a4bbc has been successfully formatted.
2020-04-23 23:59:28,178 [pool-1044-thread-1] INFO  ratis.ContainerStateMachine (ContainerStateMachine.java:loadSnapshot(226)) - group-6AA2A86A4BBC: The snapshot info is null. Setting the last applied indexto:(t:0, i:~)
2020-04-23 23:59:28,178 [pool-1044-thread-1] INFO  server.RaftServerConfigKeys (ConfUtils.java:logGet(44)) - raft.server.notification.no-leader.timeout = 60s (default)
2020-04-23 23:59:28,178 [pool-1044-thread-1] INFO  server.RaftServerConfigKeys (ConfUtils.java:logGet(44)) - raft.server.log.use.memory = false (default)
2020-04-23 23:59:28,178 [pool-1044-thread-1] INFO  server.RaftServerConfigKeys (ConfUtils.java:logGet(44)) - raft.server.log.purge.gap = 1000000 (custom)
2020-04-23 23:59:28,178 [pool-1044-thread-1] INFO  server.RaftServerConfigKeys (ConfUtils.java:logGet(44)) - raft.server.log.appender.buffer.byte-limit = 33554432 (custom)
2020-04-23 23:59:28,178 [EventQueue-PipelineReportForPipelineReportHandler] INFO  pipeline.PipelineStateManager (PipelineStateManager.java:openPipeline(131)) - Pipeline Pipeline[ Id: 51cffb4c-ed56-471d-93b7-6aa2a86a4bbc, Nodes: 545022e8-5328-4925-abb3-0aab3242966c{ip: 172.17.0.2, host: 9acf12ef3076, networkLocation: /default-rack, certSerialId: null}, Type:RATIS, Factor:ONE, State:ALLOCATED, leaderId:545022e8-5328-4925-abb3-0aab3242966c, CreationTimestamp2020-04-23T23:59:25.173Z] moved to OPEN state
2020-04-23 23:59:28,179 [EventQueue-OpenPipelineForHealthyPipelineSafeModeRule] INFO  safemode.SCMSafeModeManager (HealthyPipelineSafeModeRule.java:process(132)) - SCM in safe mode. Healthy pipelines reported count is 0, required healthy pipeline reported count is 1
2020-04-23 23:59:28,179 [EventQueue-OpenPipelineForOneReplicaPipelineSafeModeRule] INFO  safemode.SCMSafeModeManager (SCMSafeModeManager.java:validateSafeModeExitRules(183)) - AtleastOneDatanodeReportedRule rule is successfully validated
2020-04-23 23:59:28,179 [pool-1044-thread-1] INFO  server.RaftServerConfigKeys (ConfUtils.java:logGet(44)) - raft.server.log.segment.size.max = 1048576 (custom)
2020-04-23 23:59:28,179 [pool-1044-thread-1] INFO  metrics.RatisMetrics (RatisMetrics.java:lambda$create$0(39)) - Creating Metrics Registry : ratis.log_worker.545022e8-5328-4925-abb3-0aab3242966c
2020-04-23 23:59:28,179 [pool-1044-thread-1] INFO  server.RaftServerConfigKeys (ConfUtils.java:logGet(44)) - raft.server.log.segment.cache.num.max = 2 (custom)
2020-04-23 23:59:28,179 [pool-1044-thread-1] INFO  segmented.SegmentedRaftLogWorker (SegmentedRaftLogWorker.java:<init>(176)) - new 545022e8-5328-4925-abb3-0aab3242966c@group-6AA2A86A4BBC-SegmentedRaftLogWorker for RaftStorage:Storage Directory /github/workspace/mnt/ozone/hadoop-ozone/integration-test/target/test-dir/MiniOzoneClusterImpl-5529f01a-5ac3-4bff-808e-3a81da285252/datanode-6/data/ratis/51cffb4c-ed56-471d-93b7-6aa2a86a4bbc
2020-04-23 23:59:28,179 [pool-1044-thread-1] INFO  server.RaftServerConfigKeys (ConfUtils.java:logGet(44)) - raft.server.log.queue.byte-limit = 2147483647 (custom)
2020-04-23 23:59:28,180 [pool-1044-thread-1] INFO  server.RaftServerConfigKeys (ConfUtils.java:logGet(44)) - raft.server.log.queue.element-limit = 1024 (custom)
2020-04-23 23:59:28,180 [pool-1044-thread-1] INFO  server.RaftServerConfigKeys (ConfUtils.java:logGet(44)) - raft.server.log.segment.size.max = 1048576 (custom)
2020-04-23 23:59:28,180 [pool-1044-thread-1] INFO  server.RaftServerConfigKeys (ConfUtils.java:logGet(44)) - raft.server.log.preallocated.size = 16384 (custom)
2020-04-23 23:59:28,180 [pool-1044-thread-1] INFO  server.RaftServerConfigKeys (ConfUtils.java:logGet(44)) - raft.server.log.write.buffer.size = 1048576 (custom)
2020-04-23 23:59:28,180 [pool-1044-thread-1] INFO  server.RaftServerConfigKeys (ConfUtils.java:logGet(44)) - raft.server.log.force.sync.num = 128 (default)
2020-04-23 23:59:28,180 [pool-1044-thread-1] INFO  server.RaftServerConfigKeys (ConfUtils.java:logGet(44)) - raft.server.log.statemachine.data.sync = true (default)
2020-04-23 23:59:28,180 [pool-1044-thread-1] INFO  server.RaftServerConfigKeys (ConfUtils.java:logGet(44)) - raft.server.log.statemachine.data.sync.timeout = 10s (default)
2020-04-23 23:59:28,180 [pool-1044-thread-1] INFO  server.RaftServerConfigKeys (ConfUtils.java:logGet(44)) - raft.server.log.statemachine.data.sync.timeout.retry = -1 (default)
2020-04-23 23:59:28,183 [pool-1044-thread-1] INFO  server.RaftServerConfigKeys (ConfUtils.java:logGet(44)) - raft.server.log.statemachine.data.caching.enabled = true (custom)
2020-04-23 23:59:28,183 [pool-1044-thread-1] INFO  segmented.SegmentedRaftLogWorker (SegmentedRaftLogWorker.java:lambda$new$0(129)) - 545022e8-5328-4925-abb3-0aab3242966c@group-6AA2A86A4BBC-SegmentedRaftLogWorker: flushIndex: setUnconditionally 0 -> -1
2020-04-23 23:59:28,184 [pool-1044-thread-1] INFO  server.RaftServerConfigKeys (ConfUtils.java:logGet(44)) - raft.server.snapshot.auto.trigger.enabled = true (custom)
2020-04-23 23:59:28,185 [pool-1044-thread-1] INFO  server.RaftServerConfigKeys (ConfUtils.java:logGet(44)) - raft.server.snapshot.auto.trigger.threshold = 10000 (custom)
2020-04-23 23:59:28,185 [pool-1044-thread-1] INFO  server.RaftServerConfigKeys (ConfUtils.java:logGet(44)) - raft.server.snapshot.retention.file.num = 5 (custom)
2020-04-23 23:59:28,185 [pool-1044-thread-1] INFO  server.RaftServerConfigKeys (ConfUtils.java:logGet(44)) - raft.server.retrycache.expirytime = 600000ms (custom)
2020-04-23 23:59:28,185 [pool-1044-thread-1] INFO  metrics.RatisMetrics (RatisMetrics.java:lambda$create$0(39)) - Creating Metrics Registry : ratis.leader_election.545022e8-5328-4925-abb3-0aab3242966c@group-6AA2A86A4BBC
2020-04-23 23:59:28,186 [pool-1044-thread-1] INFO  metrics.RatisMetrics (RatisMetrics.java:lambda$create$0(39)) - Creating Metrics Registry : ratis.server.545022e8-5328-4925-abb3-0aab3242966c@group-6AA2A86A4BBC
2020-04-23 23:59:28,188 [pool-1044-thread-1] INFO  impl.RaftServerImpl (RaftServerImpl.java:start(183)) - 545022e8-5328-4925-abb3-0aab3242966c@group-6AA2A86A4BBC: start as a follower, conf=-1: [545022e8-5328-4925-abb3-0aab3242966c:172.17.0.2:39841], old=null
2020-04-23 23:59:28,188 [pool-1044-thread-1] INFO  impl.RaftServerImpl (RaftServerImpl.java:setRole(172)) - 545022e8-5328-4925-abb3-0aab3242966c@group-6AA2A86A4BBC: changes role from      null to FOLLOWER at term 0 for startAsFollower
2020-04-23 23:59:28,188 [pool-1044-thread-1] INFO  impl.RoleInfo (RoleInfo.java:updateAndGet(143)) - 545022e8-5328-4925-abb3-0aab3242966c: start FollowerState
2020-04-23 23:59:28,189 [pool-1044-thread-1] INFO  util.JmxRegister (JmxRegister.java:tryRegister(44)) - Successfully registered JMX Bean with object name Ratis:service=RaftServer,group=group-6AA2A86A4BBC,id=545022e8-5328-4925-abb3-0aab3242966c
2020-04-23 23:59:28,189 [pool-1044-thread-1] INFO  metrics.RatisMetrics (RatisMetrics.java:lambda$create$0(39)) - Creating Metrics Registry : ratis.state_machine.545022e8-5328-4925-abb3-0aab3242966c@group-6AA2A86A4BBC
2020-04-23 23:59:28,190 [Command processor thread] INFO  commandhandler.CreatePipelineCommandHandler (CreatePipelineCommandHandler.java:handle(109)) - Created Pipeline RATIS ONE #id: "51cffb4c-ed56-471d-93b7-6aa2a86a4bbc"
.
2020-04-23 23:59:29,172 [main] INFO  ozone.MiniOzoneClusterImpl (MiniOzoneClusterImpl.java:lambda$waitForClusterToBeReady$0(177)) - Nodes are ready. Got 7 of 7 DN Heartbeats.
2020-04-23 23:59:29,172 [main] INFO  ozone.MiniOzoneClusterImpl (MiniOzoneClusterImpl.java:lambda$waitForClusterToBeReady$0(180)) - Waiting for cluster to exit safe mode
2020-04-23 23:59:30,172 [main] INFO  ozone.MiniOzoneClusterImpl (MiniOzoneClusterImpl.java:lambda$waitForClusterToBeReady$0(177)) - Nodes are ready. Got 7 of 7 DN Heartbeats.
2020-04-23 23:59:30,172 [main] INFO  ozone.MiniOzoneClusterImpl (MiniOzoneClusterImpl.java:lambda$waitForClusterToBeReady$0(180)) - Waiting for cluster to exit safe mode
2020-04-23 23:59:31,173 [main] INFO  ozone.MiniOzoneClusterImpl (MiniOzoneClusterImpl.java:lambda$waitForClusterToBeReady$0(177)) - Nodes are ready. Got 7 of 7 DN Heartbeats.
2020-04-23 23:59:31,173 [main] INFO  ozone.MiniOzoneClusterImpl (MiniOzoneClusterImpl.java:lambda$waitForClusterToBeReady$0(180)) - Waiting for cluster to exit safe mode
2020-04-23 23:59:32,173 [main] INFO  ozone.MiniOzoneClusterImpl (MiniOzoneClusterImpl.java:lambda$waitForClusterToBeReady$0(177)) - Nodes are ready. Got 7 of 7 DN Heartbeats.
2020-04-23 23:59:32,174 [main] INFO  ozone.MiniOzoneClusterImpl (MiniOzoneClusterImpl.java:lambda$waitForClusterToBeReady$0(180)) - Waiting for cluster to exit safe mode
2020-04-23 23:59:32,879 [Thread-3821] INFO  impl.FollowerState (FollowerState.java:run(108)) - 6a71ef53-ab22-4528-adad-9f6a8b03666b@group-286A3327C581-FollowerState: change to CANDIDATE, lastRpcTime:5019ms, electionTimeout:5018ms
2020-04-23 23:59:32,880 [Thread-3821] INFO  impl.RoleInfo (RoleInfo.java:shutdownFollowerState(121)) - 6a71ef53-ab22-4528-adad-9f6a8b03666b: shutdown FollowerState
2020-04-23 23:59:32,880 [Thread-3821] INFO  impl.RaftServerImpl (RaftServerImpl.java:setRole(172)) - 6a71ef53-ab22-4528-adad-9f6a8b03666b@group-286A3327C581: changes role from  FOLLOWER to CANDIDATE at term 0 for changeToCandidate
2020-04-23 23:59:32,880 [Thread-3821] INFO  impl.RoleInfo (RoleInfo.java:updateAndGet(143)) - 6a71ef53-ab22-4528-adad-9f6a8b03666b: start LeaderElection
2020-04-23 23:59:32,885 [6a71ef53-ab22-4528-adad-9f6a8b03666b@group-286A3327C581-LeaderElection124] INFO  impl.LeaderElection (LeaderElection.java:askForVotes(206)) - 6a71ef53-ab22-4528-adad-9f6a8b03666b@group-286A3327C581-LeaderElection124: begin an election at term 1 for -1: [6a71ef53-ab22-4528-adad-9f6a8b03666b:172.17.0.2:35203], old=null
2020-04-23 23:59:32,885 [6a71ef53-ab22-4528-adad-9f6a8b03666b@group-286A3327C581-LeaderElection124] INFO  impl.RoleInfo (RoleInfo.java:shutdownLeaderElection(134)) - 6a71ef53-ab22-4528-adad-9f6a8b03666b: shutdown LeaderElection
2020-04-23 23:59:32,885 [6a71ef53-ab22-4528-adad-9f6a8b03666b@group-286A3327C581-LeaderElection124] INFO  impl.RaftServerImpl (RaftServerImpl.java:setRole(172)) - 6a71ef53-ab22-4528-adad-9f6a8b03666b@group-286A3327C581: changes role from CANDIDATE to LEADER at term 1 for changeToLeader
2020-04-23 23:59:32,885 [6a71ef53-ab22-4528-adad-9f6a8b03666b@group-286A3327C581-LeaderElection124] INFO  ratis.XceiverServerRatis (XceiverServerRatis.java:handleLeaderChangedNotification(761)) - Leader change notification received for group: group-286A3327C581 with new leaderId: 6a71ef53-ab22-4528-adad-9f6a8b03666b
2020-04-23 23:59:32,885 [6a71ef53-ab22-4528-adad-9f6a8b03666b@group-286A3327C581-LeaderElection124] INFO  impl.RaftServerImpl (ServerState.java:setLeader(255)) - 6a71ef53-ab22-4528-adad-9f6a8b03666b@group-286A3327C581: change Leader from null to 6a71ef53-ab22-4528-adad-9f6a8b03666b at term 1 for becomeLeader, leader elected after 5033ms
2020-04-23 23:59:32,886 [6a71ef53-ab22-4528-adad-9f6a8b03666b@group-286A3327C581-LeaderElection124] INFO  server.RaftServerConfigKeys (ConfUtils.java:logGet(44)) - raft.server.staging.catchup.gap = 1000 (default)
2020-04-23 23:59:32,886 [6a71ef53-ab22-4528-adad-9f6a8b03666b@group-286A3327C581-LeaderElection124] INFO  server.RaftServerConfigKeys (ConfUtils.java:logGet(44)) - raft.server.rpc.sleep.time = 25ms (default)
2020-04-23 23:59:32,886 [6a71ef53-ab22-4528-adad-9f6a8b03666b@group-286A3327C581-LeaderElection124] INFO  metrics.RatisMetrics (RatisMetrics.java:lambda$create$0(39)) - Creating Metrics Registry : ratis.log_appender.6a71ef53-ab22-4528-adad-9f6a8b03666b@group-286A3327C581
2020-04-23 23:59:32,887 [6a71ef53-ab22-4528-adad-9f6a8b03666b@group-286A3327C581-LeaderElection124] INFO  server.RaftServerConfigKeys (ConfUtils.java:logGet(44)) - raft.server.write.element-limit = 1024 (custom)
2020-04-23 23:59:32,887 [6a71ef53-ab22-4528-adad-9f6a8b03666b@group-286A3327C581-LeaderElection124] INFO  server.RaftServerConfigKeys (ConfUtils.java:logGet(44)) - raft.server.write.byte-limit = 1073741824 (custom)
2020-04-23 23:59:32,888 [6a71ef53-ab22-4528-adad-9f6a8b03666b@group-286A3327C581-LeaderElection124] INFO  server.RaftServerConfigKeys (ConfUtils.java:logGet(44)) - raft.server.watch.timeout = 3s (custom)
2020-04-23 23:59:32,888 [6a71ef53-ab22-4528-adad-9f6a8b03666b@group-286A3327C581-LeaderElection124] INFO  server.RaftServerConfigKeys (ConfUtils.java:logGet(44)) - raft.server.watch.timeout.denomination = 1s (default)
2020-04-23 23:59:32,888 [6a71ef53-ab22-4528-adad-9f6a8b03666b@group-286A3327C581-LeaderElection124] INFO  server.RaftServerConfigKeys (ConfUtils.java:logGet(44)) - raft.server.watch.element-limit = 65536 (default)
2020-04-23 23:59:32,888 [6a71ef53-ab22-4528-adad-9f6a8b03666b@group-286A3327C581-LeaderElection124] INFO  impl.RoleInfo (RoleInfo.java:updateAndGet(143)) - 6a71ef53-ab22-4528-adad-9f6a8b03666b: start LeaderState
2020-04-23 23:59:32,889 [6a71ef53-ab22-4528-adad-9f6a8b03666b@group-286A3327C581-LeaderElection124] INFO  segmented.SegmentedRaftLogWorker (SegmentedRaftLogWorker.java:startLogSegment(391)) - 6a71ef53-ab22-4528-adad-9f6a8b03666b@group-286A3327C581-SegmentedRaftLogWorker: Starting segment from index:0
2020-04-23 23:59:32,889 [6a71ef53-ab22-4528-adad-9f6a8b03666b@group-286A3327C581-LeaderElection124] INFO  impl.RaftServerImpl (ServerState.java:setRaftConf(356)) - 6a71ef53-ab22-4528-adad-9f6a8b03666b@group-286A3327C581: set configuration 0: [6a71ef53-ab22-4528-adad-9f6a8b03666b:172.17.0.2:35203], old=null at 0
2020-04-23 23:59:32,890 [6a71ef53-ab22-4528-adad-9f6a8b03666b@group-286A3327C581-SegmentedRaftLogWorker] INFO  segmented.SegmentedRaftLogWorker (SegmentedRaftLogWorker.java:execute(583)) - 6a71ef53-ab22-4528-adad-9f6a8b03666b@group-286A3327C581-SegmentedRaftLogWorker: created new log segment /github/workspace/mnt/ozone/hadoop-ozone/integration-test/target/test-dir/MiniOzoneClusterImpl-5529f01a-5ac3-4bff-808e-3a81da285252/datanode-1/data/ratis/582368cc-245a-4fee-847c-286a3327c581/current/log_inprogress_0
2020-04-23 23:59:32,932 [Thread-3813] INFO  impl.FollowerState (FollowerState.java:run(108)) - 0dc7066e-405b-4780-99cf-1352f26c2a84@group-A2C853F9D6F0-FollowerState: change to CANDIDATE, lastRpcTime:5137ms, electionTimeout:5136ms
2020-04-23 23:59:32,932 [Thread-3813] INFO  impl.RoleInfo (RoleInfo.java:shutdownFollowerState(121)) - 0dc7066e-405b-4780-99cf-1352f26c2a84: shutdown FollowerState
2020-04-23 23:59:32,932 [Thread-3813] INFO  impl.RaftServerImpl (RaftServerImpl.java:setRole(172)) - 0dc7066e-405b-4780-99cf-1352f26c2a84@group-A2C853F9D6F0: changes role from  FOLLOWER to CANDIDATE at term 0 for changeToCandidate
2020-04-23 23:59:32,932 [Thread-3813] INFO  impl.RoleInfo (RoleInfo.java:updateAndGet(143)) - 0dc7066e-405b-4780-99cf-1352f26c2a84: start LeaderElection
2020-04-23 23:59:32,935 [0dc7066e-405b-4780-99cf-1352f26c2a84@group-A2C853F9D6F0-LeaderElection125] INFO  impl.LeaderElection (LeaderElection.java:askForVotes(206)) - 0dc7066e-405b-4780-99cf-1352f26c2a84@group-A2C853F9D6F0-LeaderElection125: begin an election at term 1 for -1: [e5f9a532-26d6-4fde-b118-89afbb9e15e9:172.17.0.2:38999, 0dc7066e-405b-4780-99cf-1352f26c2a84:172.17.0.2:37081, 6a71ef53-ab22-4528-adad-9f6a8b03666b:172.17.0.2:35203], old=null
2020-04-23 23:59:32,942 [grpc-default-executor-2] INFO  impl.RaftServerImpl (RaftServerImpl.java:setRole(172)) - e5f9a532-26d6-4fde-b118-89afbb9e15e9@group-A2C853F9D6F0: changes role from  FOLLOWER to FOLLOWER at term 1 for recognizeCandidate:0dc7066e-405b-4780-99cf-1352f26c2a84
2020-04-23 23:59:32,942 [grpc-default-executor-2] INFO  impl.RoleInfo (RoleInfo.java:shutdownFollowerState(121)) - e5f9a532-26d6-4fde-b118-89afbb9e15e9: shutdown FollowerState
2020-04-23 23:59:32,942 [grpc-default-executor-2] INFO  impl.RoleInfo (RoleInfo.java:updateAndGet(143)) - e5f9a532-26d6-4fde-b118-89afbb9e15e9: start FollowerState
2020-04-23 23:59:32,942 [Thread-3815] INFO  impl.FollowerState (FollowerState.java:run(117)) - e5f9a532-26d6-4fde-b118-89afbb9e15e9@group-A2C853F9D6F0-FollowerState was interrupted: java.lang.InterruptedException: sleep interrupted
2020-04-23 23:59:32,944 [grpc-default-executor-7] INFO  impl.RaftServerImpl (RaftServerImpl.java:setRole(172)) - 6a71ef53-ab22-4528-adad-9f6a8b03666b@group-A2C853F9D6F0: changes role from  FOLLOWER to FOLLOWER at term 1 for recognizeCandidate:0dc7066e-405b-4780-99cf-1352f26c2a84
2020-04-23 23:59:32,944 [grpc-default-executor-7] INFO  impl.RoleInfo (RoleInfo.java:shutdownFollowerState(121)) - 6a71ef53-ab22-4528-adad-9f6a8b03666b: shutdown FollowerState
2020-04-23 23:59:32,944 [grpc-default-executor-7] INFO  impl.RoleInfo (RoleInfo.java:updateAndGet(143)) - 6a71ef53-ab22-4528-adad-9f6a8b03666b: start FollowerState
2020-04-23 23:59:32,944 [Thread-3819] INFO  impl.FollowerState (FollowerState.java:run(117)) - 6a71ef53-ab22-4528-adad-9f6a8b03666b@group-A2C853F9D6F0-FollowerState was interrupted: java.lang.InterruptedException: sleep interrupted
2020-04-23 23:59:32,945 [0dc7066e-405b-4780-99cf-1352f26c2a84@group-A2C853F9D6F0-LeaderElection125] INFO  impl.LeaderElection (LeaderElection.java:logAndReturn(61)) - 0dc7066e-405b-4780-99cf-1352f26c2a84@group-A2C853F9D6F0-LeaderElection125: Election PASSED; received 1 response(s) [0dc7066e-405b-4780-99cf-1352f26c2a84<-e5f9a532-26d6-4fde-b118-89afbb9e15e9#0:OK-t1] and 0 exception(s); 0dc7066e-405b-4780-99cf-1352f26c2a84@group-A2C853F9D6F0:t1, leader=null, voted=0dc7066e-405b-4780-99cf-1352f26c2a84, raftlog=0dc7066e-405b-4780-99cf-1352f26c2a84@group-A2C853F9D6F0-SegmentedRaftLog:OPENED:c-1,f-1,i0, conf=-1: [e5f9a532-26d6-4fde-b118-89afbb9e15e9:172.17.0.2:38999, 0dc7066e-405b-4780-99cf-1352f26c2a84:172.17.0.2:37081, 6a71ef53-ab22-4528-adad-9f6a8b03666b:172.17.0.2:35203], old=null
2020-04-23 23:59:32,945 [0dc7066e-405b-4780-99cf-1352f26c2a84@group-A2C853F9D6F0-LeaderElection125] INFO  impl.RoleInfo (RoleInfo.java:shutdownLeaderElection(134)) - 0dc7066e-405b-4780-99cf-1352f26c2a84: shutdown LeaderElection
2020-04-23 23:59:32,945 [0dc7066e-405b-4780-99cf-1352f26c2a84@group-A2C853F9D6F0-LeaderElection125] INFO  impl.RaftServerImpl (RaftServerImpl.java:setRole(172)) - 0dc7066e-405b-4780-99cf-1352f26c2a84@group-A2C853F9D6F0: changes role from CANDIDATE to LEADER at term 1 for changeToLeader
2020-04-23 23:59:32,945 [0dc7066e-405b-4780-99cf-1352f26c2a84@group-A2C853F9D6F0-LeaderElection125] INFO  ratis.XceiverServerRatis (XceiverServerRatis.java:handleLeaderChangedNotification(761)) - Leader change notification received for group: group-A2C853F9D6F0 with new leaderId: 0dc7066e-405b-4780-99cf-1352f26c2a84
2020-04-23 23:59:32,946 [0dc7066e-405b-4780-99cf-1352f26c2a84@group-A2C853F9D6F0-LeaderElection125] INFO  impl.RaftServerImpl (ServerState.java:setLeader(255)) - 0dc7066e-405b-4780-99cf-1352f26c2a84@group-A2C853F9D6F0: change Leader from null to 0dc7066e-405b-4780-99cf-1352f26c2a84 at term 1 for becomeLeader, leader elected after 5155ms
2020-04-23 23:59:32,946 [0dc7066e-405b-4780-99cf-1352f26c2a84@group-A2C853F9D6F0-LeaderElection125] INFO  server.RaftServerConfigKeys (ConfUtils.java:logGet(44)) - raft.server.staging.catchup.gap = 1000 (default)
2020-04-23 23:59:32,946 [0dc7066e-405b-4780-99cf-1352f26c2a84@group-A2C853F9D6F0-LeaderElection125] INFO  server.RaftServerConfigKeys (ConfUtils.java:logGet(44)) - raft.server.rpc.sleep.time = 25ms (default)
2020-04-23 23:59:32,946 [0dc7066e-405b-4780-99cf-1352f26c2a84@group-A2C853F9D6F0-LeaderElection125] INFO  metrics.RatisMetrics (RatisMetrics.java:lambda$create$0(39)) - Creating Metrics Registry : ratis.log_appender.0dc7066e-405b-4780-99cf-1352f26c2a84@group-A2C853F9D6F0
2020-04-23 23:59:32,946 [EventQueue-PipelineReportForPipelineReportHandler] INFO  pipeline.PipelineStateManager (PipelineStateManager.java:openPipeline(131)) - Pipeline Pipeline[ Id: e2143834-5a02-4cab-ae28-a2c853f9d6f0, Nodes: e5f9a532-26d6-4fde-b118-89afbb9e15e9{ip: 172.17.0.2, host: 9acf12ef3076, networkLocation: /default-rack, certSerialId: null}0dc7066e-405b-4780-99cf-1352f26c2a84{ip: 172.17.0.2, host: 9acf12ef3076, networkLocation: /default-rack, certSerialId: null}6a71ef53-ab22-4528-adad-9f6a8b03666b{ip: 172.17.0.2, host: 9acf12ef3076, networkLocation: /default-rack, certSerialId: null}, Type:RATIS, Factor:THREE, State:ALLOCATED, leaderId:0dc7066e-405b-4780-99cf-1352f26c2a84, CreationTimestamp2020-04-23T23:59:24.905Z] moved to OPEN state
2020-04-23 23:59:32,946 [EventQueue-OpenPipelineForHealthyPipelineSafeModeRule] INFO  safemode.SCMSafeModeManager (HealthyPipelineSafeModeRule.java:process(132)) - SCM in safe mode. Healthy pipelines reported count is 1, required healthy pipeline reported count is 1
2020-04-23 23:59:32,946 [EventQueue-OpenPipelineForHealthyPipelineSafeModeRule] INFO  safemode.SCMSafeModeManager (SCMSafeModeManager.java:validateSafeModeExitRules(183)) - HealthyPipelineSafeModeRule rule is successfully validated
2020-04-23 23:59:32,946 [EventQueue-OpenPipelineForHealthyPipelineSafeModeRule] INFO  safemode.SCMSafeModeManager (SCMSafeModeManager.java:validateSafeModeExitRules(197)) - ScmSafeModeManager, all rules are successfully validated
2020-04-23 23:59:32,946 [0dc7066e-405b-4780-99cf-1352f26c2a84@group-A2C853F9D6F0-LeaderElection125] INFO  server.RaftServerConfigKeys (ConfUtils.java:logGet(44)) - raft.server.write.element-limit = 1024 (custom)
2020-04-23 23:59:32,946 [EventQueue-OpenPipelineForHealthyPipelineSafeModeRule] INFO  safemode.SCMSafeModeManager (SCMSafeModeManager.java:exitSafeMode(226)) - SCM exiting safe mode.
2020-04-23 23:59:32,946 [0dc7066e-405b-4780-99cf-1352f26c2a84@group-A2C853F9D6F0-LeaderElection125] INFO  server.RaftServerConfigKeys (ConfUtils.java:logGet(44)) - raft.server.write.byte-limit = 1073741824 (custom)
2020-04-23 23:59:32,948 [0dc7066e-405b-4780-99cf-1352f26c2a84@group-A2C853F9D6F0-LeaderElection125] INFO  server.RaftServerConfigKeys (ConfUtils.java:logGet(44)) - raft.server.watch.timeout = 3s (custom)
2020-04-23 23:59:32,948 [0dc7066e-405b-4780-99cf-1352f26c2a84@group-A2C853F9D6F0-LeaderElection125] INFO  server.RaftServerConfigKeys (ConfUtils.java:logGet(44)) - raft.server.watch.timeout.denomination = 1s (default)
2020-04-23 23:59:32,948 [0dc7066e-405b-4780-99cf-1352f26c2a84@group-A2C853F9D6F0-LeaderElection125] INFO  server.RaftServerConfigKeys (ConfUtils.java:logGet(44)) - raft.server.watch.element-limit = 65536 (default)
2020-04-23 23:59:32,948 [0dc7066e-405b-4780-99cf-1352f26c2a84@group-A2C853F9D6F0-LeaderElection125] INFO  server.RaftServerConfigKeys (ConfUtils.java:logGet(44)) - raft.server.log.appender.snapshot.chunk.size.max = 16MB (=16777216) (default)
2020-04-23 23:59:32,949 [0dc7066e-405b-4780-99cf-1352f26c2a84@group-A2C853F9D6F0-LeaderElection125] INFO  server.RaftServerConfigKeys (ConfUtils.java:logGet(44)) - raft.server.log.appender.buffer.byte-limit = 33554432 (custom)
2020-04-23 23:59:32,949 [0dc7066e-405b-4780-99cf-1352f26c2a84@group-A2C853F9D6F0-LeaderElection125] INFO  server.RaftServerConfigKeys (ConfUtils.java:logGet(44)) - raft.server.log.appender.buffer.element-limit = 1 (custom)
2020-04-23 23:59:32,949 [0dc7066e-405b-4780-99cf-1352f26c2a84@group-A2C853F9D6F0-LeaderElection125] INFO  grpc.GrpcConfigKeys (ConfUtils.java:logGet(44)) - raft.grpc.server.leader.outstanding.appends.max = 128 (default)
2020-04-23 23:59:32,949 [0dc7066e-405b-4780-99cf-1352f26c2a84@group-A2C853F9D6F0-LeaderElection125] INFO  server.RaftServerConfigKeys (ConfUtils.java:logGet(44)) - raft.server.rpc.request.timeout = 3s (default)
2020-04-23 23:59:32,949 [0dc7066e-405b-4780-99cf-1352f26c2a84@group-A2C853F9D6F0-LeaderElection125] INFO  server.RaftServerConfigKeys (ConfUtils.java:logGet(44)) - raft.server.log.appender.install.snapshot.enabled = false (custom)
2020-04-23 23:59:32,952 [0dc7066e-405b-4780-99cf-1352f26c2a84@group-A2C853F9D6F0-LeaderElection125] INFO  server.RaftServerConfigKeys (ConfUtils.java:logGet(44)) - raft.server.log.appender.snapshot.chunk.size.max = 16MB (=16777216) (default)
2020-04-23 23:59:32,952 [0dc7066e-405b-4780-99cf-1352f26c2a84@group-A2C853F9D6F0-LeaderElection125] INFO  server.RaftServerConfigKeys (ConfUtils.java:logGet(44)) - raft.server.log.appender.buffer.byte-limit = 33554432 (custom)
2020-04-23 23:59:32,952 [0dc7066e-405b-4780-99cf-1352f26c2a84@group-A2C853F9D6F0-LeaderElection125] INFO  server.RaftServerConfigKeys (ConfUtils.java:logGet(44)) - raft.server.log.appender.buffer.element-limit = 1 (custom)
2020-04-23 23:59:32,952 [0dc7066e-405b-4780-99cf-1352f26c2a84@group-A2C853F9D6F0-LeaderElection125] INFO  grpc.GrpcConfigKeys (ConfUtils.java:logGet(44)) - raft.grpc.server.leader.outstanding.appends.max = 128 (default)
2020-04-23 23:59:32,952 [0dc7066e-405b-4780-99cf-1352f26c2a84@group-A2C853F9D6F0-LeaderElection125] INFO  server.RaftServerConfigKeys (ConfUtils.java:logGet(44)) - raft.server.rpc.request.timeout = 3s (default)
2020-04-23 23:59:32,952 [0dc7066e-405b-4780-99cf-1352f26c2a84@group-A2C853F9D6F0-LeaderElection125] INFO  server.RaftServerConfigKeys (ConfUtils.java:logGet(44)) - raft.server.log.appender.install.snapshot.enabled = false (custom)
2020-04-23 23:59:32,955 [0dc7066e-405b-4780-99cf-1352f26c2a84@group-A2C853F9D6F0-LeaderElection125] INFO  impl.RoleInfo (RoleInfo.java:updateAndGet(143)) - 0dc7066e-405b-4780-99cf-1352f26c2a84: start LeaderState
2020-04-23 23:59:32,955 [0dc7066e-405b-4780-99cf-1352f26c2a84@group-A2C853F9D6F0-LeaderElection125] INFO  segmented.SegmentedRaftLogWorker (SegmentedRaftLogWorker.java:startLogSegment(391)) - 0dc7066e-405b-4780-99cf-1352f26c2a84@group-A2C853F9D6F0-SegmentedRaftLogWorker: Starting segment from index:0
2020-04-23 23:59:32,956 [0dc7066e-405b-4780-99cf-1352f26c2a84@group-A2C853F9D6F0-LeaderElection125] INFO  impl.RaftServerImpl (ServerState.java:setRaftConf(356)) - 0dc7066e-405b-4780-99cf-1352f26c2a84@group-A2C853F9D6F0: set configuration 0: [e5f9a532-26d6-4fde-b118-89afbb9e15e9:172.17.0.2:38999, 0dc7066e-405b-4780-99cf-1352f26c2a84:172.17.0.2:37081, 6a71ef53-ab22-4528-adad-9f6a8b03666b:172.17.0.2:35203], old=null at 0
2020-04-23 23:59:32,957 [0dc7066e-405b-4780-99cf-1352f26c2a84@group-A2C853F9D6F0-SegmentedRaftLogWorker] INFO  segmented.SegmentedRaftLogWorker (SegmentedRaftLogWorker.java:execute(583)) - 0dc7066e-405b-4780-99cf-1352f26c2a84@group-A2C853F9D6F0-SegmentedRaftLogWorker: created new log segment /github/workspace/mnt/ozone/hadoop-ozone/integration-test/target/test-dir/MiniOzoneClusterImpl-5529f01a-5ac3-4bff-808e-3a81da285252/datanode-0/data/ratis/e2143834-5a02-4cab-ae28-a2c853f9d6f0/current/log_inprogress_0
2020-04-23 23:59:32,968 [grpc-default-executor-2] INFO  ratis.XceiverServerRatis (XceiverServerRatis.java:handleLeaderChangedNotification(761)) - Leader change notification received for group: group-A2C853F9D6F0 with new leaderId: 0dc7066e-405b-4780-99cf-1352f26c2a84
2020-04-23 23:59:32,968 [grpc-default-executor-2] INFO  impl.RaftServerImpl (ServerState.java:setLeader(255)) - 6a71ef53-ab22-4528-adad-9f6a8b03666b@group-A2C853F9D6F0: change Leader from null to 0dc7066e-405b-4780-99cf-1352f26c2a84 at term 1 for appendEntries, leader elected after 5127ms
2020-04-23 23:59:32,970 [Thread-3825] INFO  impl.FollowerState (FollowerState.java:run(108)) - 0dc7066e-405b-4780-99cf-1352f26c2a84@group-75A9193C1AAF-FollowerState: change to CANDIDATE, lastRpcTime:5077ms, electionTimeout:5077ms
2020-04-23 23:59:32,976 [grpc-default-executor-4] INFO  ratis.XceiverServerRatis (XceiverServerRatis.java:handleLeaderChangedNotification(761)) - Leader change notification received for group: group-A2C853F9D6F0 with new leaderId: 0dc7066e-405b-4780-99cf-1352f26c2a84
2020-04-23 23:59:32,976 [grpc-default-executor-4] INFO  impl.RaftServerImpl (ServerState.java:setLeader(255)) - e5f9a532-26d6-4fde-b118-89afbb9e15e9@group-A2C853F9D6F0: change Leader from null to 0dc7066e-405b-4780-99cf-1352f26c2a84 at term 1 for appendEntries, leader elected after 5160ms
2020-04-23 23:59:32,979 [Thread-3825] INFO  impl.RoleInfo (RoleInfo.java:shutdownFollowerState(121)) - 0dc7066e-405b-4780-99cf-1352f26c2a84: shutdown FollowerState
2020-04-23 23:59:32,979 [Thread-3825] INFO  impl.RaftServerImpl (RaftServerImpl.java:setRole(172)) - 0dc7066e-405b-4780-99cf-1352f26c2a84@group-75A9193C1AAF: changes role from  FOLLOWER to CANDIDATE at term 0 for changeToCandidate
2020-04-23 23:59:32,979 [Thread-3825] INFO  impl.RoleInfo (RoleInfo.java:updateAndGet(143)) - 0dc7066e-405b-4780-99cf-1352f26c2a84: start LeaderElection
2020-04-23 23:59:32,981 [Thread-3824] INFO  impl.FollowerState (FollowerState.java:run(108)) - 6a71ef53-ab22-4528-adad-9f6a8b03666b@group-75A9193C1AAF-FollowerState: change to CANDIDATE, lastRpcTime:5089ms, electionTimeout:5088ms
2020-04-23 23:59:32,981 [Thread-3811] INFO  impl.FollowerState (FollowerState.java:run(108)) - 0dc7066e-405b-4780-99cf-1352f26c2a84@group-50D3F3F7CBD5-FollowerState: change to CANDIDATE, lastRpcTime:5196ms, electionTimeout:5196ms
2020-04-23 23:59:32,987 [grpc-default-executor-4] INFO  impl.RaftServerImpl (ServerState.java:setRaftConf(356)) - 6a71ef53-ab22-4528-adad-9f6a8b03666b@group-A2C853F9D6F0: set configuration 0: [e5f9a532-26d6-4fde-b118-89afbb9e15e9:172.17.0.2:38999, 0dc7066e-405b-4780-99cf-1352f26c2a84:172.17.0.2:37081, 6a71ef53-ab22-4528-adad-9f6a8b03666b:172.17.0.2:35203], old=null at 0
2020-04-23 23:59:32,987 [grpc-default-executor-4] INFO  segmented.SegmentedRaftLogWorker (SegmentedRaftLogWorker.java:startLogSegment(391)) - 6a71ef53-ab22-4528-adad-9f6a8b03666b@group-A2C853F9D6F0-SegmentedRaftLogWorker: Starting segment from index:0
2020-04-23 23:59:32,989 [grpc-default-executor-6] INFO  impl.RaftServerImpl (ServerState.java:setRaftConf(356)) - e5f9a532-26d6-4fde-b118-89afbb9e15e9@group-A2C853F9D6F0: set configuration 0: [e5f9a532-26d6-4fde-b118-89afbb9e15e9:172.17.0.2:38999, 0dc7066e-405b-4780-99cf-1352f26c2a84:172.17.0.2:37081, 6a71ef53-ab22-4528-adad-9f6a8b03666b:172.17.0.2:35203], old=null at 0
2020-04-23 23:59:32,989 [6a71ef53-ab22-4528-adad-9f6a8b03666b@group-A2C853F9D6F0-SegmentedRaftLogWorker] INFO  segmented.SegmentedRaftLogWorker (SegmentedRaftLogWorker.java:execute(583)) - 6a71ef53-ab22-4528-adad-9f6a8b03666b@group-A2C853F9D6F0-SegmentedRaftLogWorker: created new log segment /github/workspace/mnt/ozone/hadoop-ozone/integration-test/target/test-dir/MiniOzoneClusterImpl-5529f01a-5ac3-4bff-808e-3a81da285252/datanode-1/data/ratis/e2143834-5a02-4cab-ae28-a2c853f9d6f0/current/log_inprogress_0
2020-04-23 23:59:32,991 [Thread-3824] INFO  impl.RoleInfo (RoleInfo.java:shutdownFollowerState(121)) - 6a71ef53-ab22-4528-adad-9f6a8b03666b: shutdown FollowerState
2020-04-23 23:59:32,991 [Thread-3824] INFO  impl.RaftServerImpl (RaftServerImpl.java:setRole(172)) - 6a71ef53-ab22-4528-adad-9f6a8b03666b@group-75A9193C1AAF: changes role from  FOLLOWER to CANDIDATE at term 0 for changeToCandidate
2020-04-23 23:59:32,991 [Thread-3824] INFO  impl.RoleInfo (RoleInfo.java:updateAndGet(143)) - 6a71ef53-ab22-4528-adad-9f6a8b03666b: start LeaderElection
2020-04-23 23:59:32,991 [Thread-3811] INFO  impl.RoleInfo (RoleInfo.java:shutdownFollowerState(121)) - 0dc7066e-405b-4780-99cf-1352f26c2a84: shutdown FollowerState
2020-04-23 23:59:32,991 [Thread-3811] INFO  impl.RaftServerImpl (RaftServerImpl.java:setRole(172)) - 0dc7066e-405b-4780-99cf-1352f26c2a84@group-50D3F3F7CBD5: changes role from  FOLLOWER to CANDIDATE at term 0 for changeToCandidate
2020-04-23 23:59:32,991 [Thread-3811] INFO  impl.RoleInfo (RoleInfo.java:updateAndGet(143)) - 0dc7066e-405b-4780-99cf-1352f26c2a84: start LeaderElection
2020-04-23 23:59:32,992 [0dc7066e-405b-4780-99cf-1352f26c2a84@group-75A9193C1AAF-LeaderElection126] INFO  impl.LeaderElection (LeaderElection.java:askForVotes(206)) - 0dc7066e-405b-4780-99cf-1352f26c2a84@group-75A9193C1AAF-LeaderElection126: begin an election at term 1 for -1: [e5f9a532-26d6-4fde-b118-89afbb9e15e9:172.17.0.2:38999, 0dc7066e-405b-4780-99cf-1352f26c2a84:172.17.0.2:37081, 6a71ef53-ab22-4528-adad-9f6a8b03666b:172.17.0.2:35203], old=null
2020-04-23 23:59:33,008 [grpc-default-executor-2] INFO  impl.RaftServerImpl (RaftServerImpl.java:setRole(172)) - e5f9a532-26d6-4fde-b118-89afbb9e15e9@group-75A9193C1AAF: changes role from  FOLLOWER to FOLLOWER at term 1 for recognizeCandidate:0dc7066e-405b-4780-99cf-1352f26c2a84
2020-04-23 23:59:33,008 [grpc-default-executor-2] INFO  impl.RoleInfo (RoleInfo.java:shutdownFollowerState(121)) - e5f9a532-26d6-4fde-b118-89afbb9e15e9: shutdown FollowerState
2020-04-23 23:59:33,008 [grpc-default-executor-2] INFO  impl.RoleInfo (RoleInfo.java:updateAndGet(143)) - e5f9a532-26d6-4fde-b118-89afbb9e15e9: start FollowerState
2020-04-23 23:59:33,008 [Thread-3831] INFO  impl.FollowerState (FollowerState.java:run(117)) - e5f9a532-26d6-4fde-b118-89afbb9e15e9@group-75A9193C1AAF-FollowerState was interrupted: java.lang.InterruptedException: sleep interrupted
2020-04-23 23:59:33,010 [0dc7066e-405b-4780-99cf-1352f26c2a84@group-75A9193C1AAF-LeaderElection126] INFO  impl.LeaderElection (LeaderElection.java:logAndReturn(61)) - 0dc7066e-405b-4780-99cf-1352f26c2a84@group-75A9193C1AAF-LeaderElection126: Election PASSED; received 1 response(s) [0dc7066e-405b-4780-99cf-1352f26c2a84<-e5f9a532-26d6-4fde-b118-89afbb9e15e9#0:OK-t1] and 0 exception(s); 0dc7066e-405b-4780-99cf-1352f26c2a84@group-75A9193C1AAF:t1, leader=null, voted=0dc7066e-405b-4780-99cf-1352f26c2a84, raftlog=0dc7066e-405b-4780-99cf-1352f26c2a84@group-75A9193C1AAF-SegmentedRaftLog:OPENED:c-1,f-1,i0, conf=-1: [e5f9a532-26d6-4fde-b118-89afbb9e15e9:172.17.0.2:38999, 0dc7066e-405b-4780-99cf-1352f26c2a84:172.17.0.2:37081, 6a71ef53-ab22-4528-adad-9f6a8b03666b:172.17.0.2:35203], old=null
2020-04-23 23:59:33,010 [0dc7066e-405b-4780-99cf-1352f26c2a84@group-75A9193C1AAF-LeaderElection126] INFO  impl.RoleInfo (RoleInfo.java:shutdownLeaderElection(134)) - 0dc7066e-405b-4780-99cf-1352f26c2a84: shutdown LeaderElection
2020-04-23 23:59:33,010 [0dc7066e-405b-4780-99cf-1352f26c2a84@group-75A9193C1AAF-LeaderElection126] INFO  impl.RaftServerImpl (RaftServerImpl.java:setRole(172)) - 0dc7066e-405b-4780-99cf-1352f26c2a84@group-75A9193C1AAF: changes role from CANDIDATE to LEADER at term 1 for changeToLeader
2020-04-23 23:59:33,010 [0dc7066e-405b-4780-99cf-1352f26c2a84@group-75A9193C1AAF-LeaderElection126] INFO  ratis.XceiverServerRatis (XceiverServerRatis.java:handleLeaderChangedNotification(761)) - Leader change notification received for group: group-75A9193C1AAF with new leaderId: 0dc7066e-405b-4780-99cf-1352f26c2a84
2020-04-23 23:59:33,010 [0dc7066e-405b-4780-99cf-1352f26c2a84@group-75A9193C1AAF-LeaderElection126] INFO  impl.RaftServerImpl (ServerState.java:setLeader(255)) - 0dc7066e-405b-4780-99cf-1352f26c2a84@group-75A9193C1AAF: change Leader from null to 0dc7066e-405b-4780-99cf-1352f26c2a84 at term 1 for becomeLeader, leader elected after 5140ms
2020-04-23 23:59:33,010 [0dc7066e-405b-4780-99cf-1352f26c2a84@group-75A9193C1AAF-LeaderElection126] INFO  server.RaftServerConfigKeys (ConfUtils.java:logGet(44)) - raft.server.staging.catchup.gap = 1000 (default)
2020-04-23 23:59:33,011 [0dc7066e-405b-4780-99cf-1352f26c2a84@group-75A9193C1AAF-LeaderElection126] INFO  server.RaftServerConfigKeys (ConfUtils.java:logGet(44)) - raft.server.rpc.sleep.time = 25ms (default)
2020-04-23 23:59:33,011 [0dc7066e-405b-4780-99cf-1352f26c2a84@group-75A9193C1AAF-LeaderElection126] INFO  metrics.RatisMetrics (RatisMetrics.java:lambda$create$0(39)) - Creating Metrics Registry : ratis.log_appender.0dc7066e-405b-4780-99cf-1352f26c2a84@group-75A9193C1AAF
2020-04-23 23:59:33,011 [0dc7066e-405b-4780-99cf-1352f26c2a84@group-75A9193C1AAF-LeaderElection126] INFO  server.RaftServerConfigKeys (ConfUtils.java:logGet(44)) - raft.server.write.element-limit = 1024 (custom)
2020-04-23 23:59:33,011 [0dc7066e-405b-4780-99cf-1352f26c2a84@group-75A9193C1AAF-LeaderElection126] INFO  server.RaftServerConfigKeys (ConfUtils.java:logGet(44)) - raft.server.write.byte-limit = 1073741824 (custom)
2020-04-23 23:59:33,012 [EventQueue-PipelineReportForPipelineReportHandler] INFO  pipeline.PipelineStateManager (PipelineStateManager.java:openPipeline(131)) - Pipeline Pipeline[ Id: 178afc60-d102-43ae-8369-75a9193c1aaf, Nodes: e5f9a532-26d6-4fde-b118-89afbb9e15e9{ip: 172.17.0.2, host: 9acf12ef3076, networkLocation: /default-rack, certSerialId: null}0dc7066e-405b-4780-99cf-1352f26c2a84{ip: 172.17.0.2, host: 9acf12ef3076, networkLocation: /default-rack, certSerialId: null}6a71ef53-ab22-4528-adad-9f6a8b03666b{ip: 172.17.0.2, host: 9acf12ef3076, networkLocation: /default-rack, certSerialId: null}, Type:RATIS, Factor:THREE, State:ALLOCATED, leaderId:0dc7066e-405b-4780-99cf-1352f26c2a84, CreationTimestamp2020-04-23T23:59:24.906Z] moved to OPEN state
2020-04-23 23:59:33,013 [grpc-default-executor-6] INFO  segmented.SegmentedRaftLogWorker (SegmentedRaftLogWorker.java:startLogSegment(391)) - e5f9a532-26d6-4fde-b118-89afbb9e15e9@group-A2C853F9D6F0-SegmentedRaftLogWorker: Starting segment from index:0
2020-04-23 23:59:33,015 [grpc-default-executor-4] INFO  impl.RaftServerImpl (RaftServerImpl.java:setRole(172)) - 6a71ef53-ab22-4528-adad-9f6a8b03666b@group-75A9193C1AAF: changes role from CANDIDATE to FOLLOWER at term 1 for recognizeCandidate:0dc7066e-405b-4780-99cf-1352f26c2a84
2020-04-23 23:59:33,015 [grpc-default-executor-4] INFO  impl.RoleInfo (RoleInfo.java:shutdownLeaderElection(134)) - 6a71ef53-ab22-4528-adad-9f6a8b03666b: shutdown LeaderElection
2020-04-23 23:59:33,015 [grpc-default-executor-4] INFO  impl.RoleInfo (RoleInfo.java:updateAndGet(143)) - 6a71ef53-ab22-4528-adad-9f6a8b03666b: start FollowerState
2020-04-23 23:59:33,017 [0dc7066e-405b-4780-99cf-1352f26c2a84@group-50D3F3F7CBD5-LeaderElection128] INFO  impl.LeaderElection (LeaderElection.java:askForVotes(206)) - 0dc7066e-405b-4780-99cf-1352f26c2a84@group-50D3F3F7CBD5-LeaderElection128: begin an election at term 1 for -1: [0dc7066e-405b-4780-99cf-1352f26c2a84:172.17.0.2:37081], old=null
2020-04-23 23:59:33,017 [0dc7066e-405b-4780-99cf-1352f26c2a84@group-50D3F3F7CBD5-LeaderElection128] INFO  impl.RoleInfo (RoleInfo.java:shutdownLeaderElection(134)) - 0dc7066e-405b-4780-99cf-1352f26c2a84: shutdown LeaderElection
2020-04-23 23:59:33,017 [0dc7066e-405b-4780-99cf-1352f26c2a84@group-50D3F3F7CBD5-LeaderElection128] INFO  impl.RaftServerImpl (RaftServerImpl.java:setRole(172)) - 0dc7066e-405b-4780-99cf-1352f26c2a84@group-50D3F3F7CBD5: changes role from CANDIDATE to LEADER at term 1 for changeToLeader
2020-04-23 23:59:33,017 [0dc7066e-405b-4780-99cf-1352f26c2a84@group-50D3F3F7CBD5-LeaderElection128] INFO  ratis.XceiverServerRatis (XceiverServerRatis.java:handleLeaderChangedNotification(761)) - Leader change notification received for group: group-50D3F3F7CBD5 with new leaderId: 0dc7066e-405b-4780-99cf-1352f26c2a84
2020-04-23 23:59:33,017 [0dc7066e-405b-4780-99cf-1352f26c2a84@group-50D3F3F7CBD5-LeaderElection128] INFO  impl.RaftServerImpl (ServerState.java:setLeader(255)) - 0dc7066e-405b-4780-99cf-1352f26c2a84@group-50D3F3F7CBD5: change Leader from null to 0dc7066e-405b-4780-99cf-1352f26c2a84 at term 1 for becomeLeader, leader elected after 5244ms
2020-04-23 23:59:33,017 [0dc7066e-405b-4780-99cf-1352f26c2a84@group-50D3F3F7CBD5-LeaderElection128] INFO  server.RaftServerConfigKeys (ConfUtils.java:logGet(44)) - raft.server.staging.catchup.gap = 1000 (default)
2020-04-23 23:59:33,017 [0dc7066e-405b-4780-99cf-1352f26c2a84@group-50D3F3F7CBD5-LeaderElection128] INFO  server.RaftServerConfigKeys (ConfUtils.java:logGet(44)) - raft.server.rpc.sleep.time = 25ms (default)
2020-04-23 23:59:33,017 [0dc7066e-405b-4780-99cf-1352f26c2a84@group-50D3F3F7CBD5-LeaderElection128] INFO  metrics.RatisMetrics (RatisMetrics.java:lambda$create$0(39)) - Creating Metrics Registry : ratis.log_appender.0dc7066e-405b-4780-99cf-1352f26c2a84@group-50D3F3F7CBD5
2020-04-23 23:59:33,017 [0dc7066e-405b-4780-99cf-1352f26c2a84@group-50D3F3F7CBD5-LeaderElection128] INFO  server.RaftServerConfigKeys (ConfUtils.java:logGet(44)) - raft.server.write.element-limit = 1024 (custom)
2020-04-23 23:59:33,018 [0dc7066e-405b-4780-99cf-1352f26c2a84@group-50D3F3F7CBD5-LeaderElection128] INFO  server.RaftServerConfigKeys (ConfUtils.java:logGet(44)) - raft.server.write.byte-limit = 1073741824 (custom)
2020-04-23 23:59:33,019 [6a71ef53-ab22-4528-adad-9f6a8b03666b@group-75A9193C1AAF-LeaderElection127] INFO  impl.LeaderElection (LeaderElection.java:askForVotes(206)) - 6a71ef53-ab22-4528-adad-9f6a8b03666b@group-75A9193C1AAF-LeaderElection127: begin an election at term 2 for -1: [e5f9a532-26d6-4fde-b118-89afbb9e15e9:172.17.0.2:38999, 0dc7066e-405b-4780-99cf-1352f26c2a84:172.17.0.2:37081, 6a71ef53-ab22-4528-adad-9f6a8b03666b:172.17.0.2:35203], old=null
2020-04-23 23:59:33,022 [6a71ef53-ab22-4528-adad-9f6a8b03666b@group-75A9193C1AAF-LeaderElection127] INFO  impl.LeaderElection (LeaderElection.java:logAndReturn(61)) - 6a71ef53-ab22-4528-adad-9f6a8b03666b@group-75A9193C1AAF-LeaderElection127: Election REJECTED; received 0 response(s) [] and 0 exception(s); 6a71ef53-ab22-4528-adad-9f6a8b03666b@group-75A9193C1AAF:t2, leader=null, voted=6a71ef53-ab22-4528-adad-9f6a8b03666b, raftlog=6a71ef53-ab22-4528-adad-9f6a8b03666b@group-75A9193C1AAF-SegmentedRaftLog:OPENED:c-1,f-1,i0, conf=-1: [e5f9a532-26d6-4fde-b118-89afbb9e15e9:172.17.0.2:38999, 0dc7066e-405b-4780-99cf-1352f26c2a84:172.17.0.2:37081, 6a71ef53-ab22-4528-adad-9f6a8b03666b:172.17.0.2:35203], old=null
2020-04-23 23:59:33,028 [grpc-default-executor-4] INFO  impl.RaftServerImpl (RaftServerImpl.java:setRole(172)) - e5f9a532-26d6-4fde-b118-89afbb9e15e9@group-75A9193C1AAF: changes role from  FOLLOWER to FOLLOWER at term 2 for recognizeCandidate:6a71ef53-ab22-4528-adad-9f6a8b03666b
2020-04-23 23:59:33,029 [grpc-default-executor-4] INFO  impl.RoleInfo (RoleInfo.java:shutdownFollowerState(121)) - e5f9a532-26d6-4fde-b118-89afbb9e15e9: shutdown FollowerState
2020-04-23 23:59:33,029 [grpc-default-executor-4] INFO  impl.RoleInfo (RoleInfo.java:updateAndGet(143)) - e5f9a532-26d6-4fde-b118-89afbb9e15e9: start FollowerState
2020-04-23 23:59:33,029 [Thread-3880] INFO  impl.FollowerState (FollowerState.java:run(117)) - e5f9a532-26d6-4fde-b118-89afbb9e15e9@group-75A9193C1AAF-FollowerState was interrupted: java.lang.InterruptedException: sleep interrupted
2020-04-23 23:59:33,033 [Thread-3839] INFO  impl.FollowerState (FollowerState.java:run(108)) - 1acfe952-6c35-481d-9534-c97fd0c89230@group-44A286AF20F8-FollowerState: change to CANDIDATE, lastRpcTime:5009ms, electionTimeout:5009ms
2020-04-23 23:59:33,037 [e5f9a532-26d6-4fde-b118-89afbb9e15e9@group-A2C853F9D6F0-SegmentedRaftLogWorker] INFO  segmented.SegmentedRaftLogWorker (SegmentedRaftLogWorker.java:execute(583)) - e5f9a532-26d6-4fde-b118-89afbb9e15e9@group-A2C853F9D6F0-SegmentedRaftLogWorker: created new log segment /github/workspace/mnt/ozone/hadoop-ozone/integration-test/target/test-dir/MiniOzoneClusterImpl-5529f01a-5ac3-4bff-808e-3a81da285252/datanode-2/data/ratis/e2143834-5a02-4cab-ae28-a2c853f9d6f0/current/log_inprogress_0
2020-04-23 23:59:33,038 [Thread-3839] INFO  impl.RoleInfo (RoleInfo.java:shutdownFollowerState(121)) - 1acfe952-6c35-481d-9534-c97fd0c89230: shutdown FollowerState
2020-04-23 23:59:33,038 [Thread-3839] INFO  impl.RaftServerImpl (RaftServerImpl.java:setRole(172)) - 1acfe952-6c35-481d-9534-c97fd0c89230@group-44A286AF20F8: changes role from  FOLLOWER to CANDIDATE at term 0 for changeToCandidate
2020-04-23 23:59:33,038 [Thread-3839] INFO  impl.RoleInfo (RoleInfo.java:updateAndGet(143)) - 1acfe952-6c35-481d-9534-c97fd0c89230: start LeaderElection
2020-04-23 23:59:33,038 [0dc7066e-405b-4780-99cf-1352f26c2a84@group-75A9193C1AAF-LeaderElection126] INFO  server.RaftServerConfigKeys (ConfUtils.java:logGet(44)) - raft.server.watch.timeout = 3s (custom)
2020-04-23 23:59:33,040 [0dc7066e-405b-4780-99cf-1352f26c2a84@group-75A9193C1AAF-LeaderElection126] INFO  server.RaftServerConfigKeys (ConfUtils.java:logGet(44)) - raft.server.watch.timeout.denomination = 1s (default)
2020-04-23 23:59:33,040 [0dc7066e-405b-4780-99cf-1352f26c2a84@group-75A9193C1AAF-LeaderElection126] INFO  server.RaftServerConfigKeys (ConfUtils.java:logGet(44)) - raft.server.watch.element-limit = 65536 (default)
2020-04-23 23:59:33,040 [0dc7066e-405b-4780-99cf-1352f26c2a84@group-75A9193C1AAF-LeaderElection126] INFO  server.RaftServerConfigKeys (ConfUtils.java:logGet(44)) - raft.server.log.appender.snapshot.chunk.size.max = 16MB (=16777216) (default)
2020-04-23 23:59:33,041 [0dc7066e-405b-4780-99cf-1352f26c2a84@group-75A9193C1AAF-LeaderElection126] INFO  server.RaftServerConfigKeys (ConfUtils.java:logGet(44)) - raft.server.log.appender.buffer.byte-limit = 33554432 (custom)
2020-04-23 23:59:33,041 [0dc7066e-405b-4780-99cf-1352f26c2a84@group-75A9193C1AAF-LeaderElection126] INFO  server.RaftServerConfigKeys (ConfUtils.java:logGet(44)) - raft.server.log.appender.buffer.element-limit = 1 (custom)
2020-04-23 23:59:33,039 [0dc7066e-405b-4780-99cf-1352f26c2a84@group-50D3F3F7CBD5-LeaderElection128] INFO  server.RaftServerConfigKeys (ConfUtils.java:logGet(44)) - raft.server.watch.timeout = 3s (custom)
2020-04-23 23:59:33,041 [0dc7066e-405b-4780-99cf-1352f26c2a84@group-50D3F3F7CBD5-LeaderElection128] INFO  server.RaftServerConfigKeys (ConfUtils.java:logGet(44)) - raft.server.watch.timeout.denomination = 1s (default)
2020-04-23 23:59:33,041 [0dc7066e-405b-4780-99cf-1352f26c2a84@group-50D3F3F7CBD5-LeaderElection128] INFO  server.RaftServerConfigKeys (ConfUtils.java:logGet(44)) - raft.server.watch.element-limit = 65536 (default)
2020-04-23 23:59:33,041 [0dc7066e-405b-4780-99cf-1352f26c2a84@group-50D3F3F7CBD5-LeaderElection128] INFO  impl.RoleInfo (RoleInfo.java:updateAndGet(143)) - 0dc7066e-405b-4780-99cf-1352f26c2a84: start LeaderState
2020-04-23 23:59:33,041 [0dc7066e-405b-4780-99cf-1352f26c2a84@group-50D3F3F7CBD5-LeaderElection128] INFO  segmented.SegmentedRaftLogWorker (SegmentedRaftLogWorker.java:startLogSegment(391)) - 0dc7066e-405b-4780-99cf-1352f26c2a84@group-50D3F3F7CBD5-SegmentedRaftLogWorker: Starting segment from index:0
2020-04-23 23:59:33,041 [0dc7066e-405b-4780-99cf-1352f26c2a84@group-75A9193C1AAF-LeaderElection126] INFO  grpc.GrpcConfigKeys (ConfUtils.java:logGet(44)) - raft.grpc.server.leader.outstanding.appends.max = 128 (default)
2020-04-23 23:59:33,041 [0dc7066e-405b-4780-99cf-1352f26c2a84@group-75A9193C1AAF-LeaderElection126] INFO  server.RaftServerConfigKeys (ConfUtils.java:logGet(44)) - raft.server.rpc.request.timeout = 3s (default)
2020-04-23 23:59:33,041 [0dc7066e-405b-4780-99cf-1352f26c2a84@group-75A9193C1AAF-LeaderElection126] INFO  server.RaftServerConfigKeys (ConfUtils.java:logGet(44)) - raft.server.log.appender.install.snapshot.enabled = false (custom)
2020-04-23 23:59:33,042 [0dc7066e-405b-4780-99cf-1352f26c2a84@group-50D3F3F7CBD5-LeaderElection128] INFO  impl.RaftServerImpl (ServerState.java:setRaftConf(356)) - 0dc7066e-405b-4780-99cf-1352f26c2a84@group-50D3F3F7CBD5: set configuration 0: [0dc7066e-405b-4780-99cf-1352f26c2a84:172.17.0.2:37081], old=null at 0
2020-04-23 23:59:33,045 [0dc7066e-405b-4780-99cf-1352f26c2a84@group-50D3F3F7CBD5-SegmentedRaftLogWorker] INFO  segmented.SegmentedRaftLogWorker (SegmentedRaftLogWorker.java:execute(583)) - 0dc7066e-405b-4780-99cf-1352f26c2a84@group-50D3F3F7CBD5-SegmentedRaftLogWorker: created new log segment /github/workspace/mnt/ozone/hadoop-ozone/integration-test/target/test-dir/MiniOzoneClusterImpl-5529f01a-5ac3-4bff-808e-3a81da285252/datanode-0/data/ratis/d2a5d606-b435-4697-b97c-50d3f3f7cbd5/current/log_inprogress_0
2020-04-23 23:59:33,047 [1acfe952-6c35-481d-9534-c97fd0c89230@group-44A286AF20F8-LeaderElection129] INFO  impl.LeaderElection (LeaderElection.java:askForVotes(206)) - 1acfe952-6c35-481d-9534-c97fd0c89230@group-44A286AF20F8-LeaderElection129: begin an election at term 1 for -1: [016df35f-8c5c-427d-a7e6-984ca7ba6483:172.17.0.2:42761, 876d9ba1-69a9-4755-8e81-598d06cf1648:172.17.0.2:45017, 1acfe952-6c35-481d-9534-c97fd0c89230:172.17.0.2:46429], old=null
2020-04-23 23:59:33,050 [0dc7066e-405b-4780-99cf-1352f26c2a84@group-75A9193C1AAF-LeaderElection126] INFO  server.RaftServerConfigKeys (ConfUtils.java:logGet(44)) - raft.server.log.appender.snapshot.chunk.size.max = 16MB (=16777216) (default)
2020-04-23 23:59:33,050 [0dc7066e-405b-4780-99cf-1352f26c2a84@group-75A9193C1AAF-LeaderElection126] INFO  server.RaftServerConfigKeys (ConfUtils.java:logGet(44)) - raft.server.log.appender.buffer.byte-limit = 33554432 (custom)
2020-04-23 23:59:33,050 [0dc7066e-405b-4780-99cf-1352f26c2a84@group-75A9193C1AAF-LeaderElection126] INFO  server.RaftServerConfigKeys (ConfUtils.java:logGet(44)) - raft.server.log.appender.buffer.element-limit = 1 (custom)
2020-04-23 23:59:33,051 [0dc7066e-405b-4780-99cf-1352f26c2a84@group-75A9193C1AAF-LeaderElection126] INFO  grpc.GrpcConfigKeys (ConfUtils.java:logGet(44)) - raft.grpc.server.leader.outstanding.appends.max = 128 (default)
2020-04-23 23:59:33,061 [0dc7066e-405b-4780-99cf-1352f26c2a84@group-75A9193C1AAF-LeaderElection126] INFO  server.RaftServerConfigKeys (ConfUtils.java:logGet(44)) - raft.server.rpc.request.timeout = 3s (default)
2020-04-23 23:59:33,061 [0dc7066e-405b-4780-99cf-1352f26c2a84@group-75A9193C1AAF-LeaderElection126] INFO  server.RaftServerConfigKeys (ConfUtils.java:logGet(44)) - raft.server.log.appender.install.snapshot.enabled = false (custom)
2020-04-23 23:59:33,063 [0dc7066e-405b-4780-99cf-1352f26c2a84@group-75A9193C1AAF-LeaderElection126] INFO  impl.RoleInfo (RoleInfo.java:updateAndGet(143)) - 0dc7066e-405b-4780-99cf-1352f26c2a84: start LeaderState
2020-04-23 23:59:33,063 [0dc7066e-405b-4780-99cf-1352f26c2a84@group-75A9193C1AAF-LeaderElection126] INFO  segmented.SegmentedRaftLogWorker (SegmentedRaftLogWorker.java:startLogSegment(391)) - 0dc7066e-405b-4780-99cf-1352f26c2a84@group-75A9193C1AAF-SegmentedRaftLogWorker: Starting segment from index:0
2020-04-23 23:59:33,064 [0dc7066e-405b-4780-99cf-1352f26c2a84@group-75A9193C1AAF-SegmentedRaftLogWorker] INFO  segmented.SegmentedRaftLogWorker (SegmentedRaftLogWorker.java:execute(583)) - 0dc7066e-405b-4780-99cf-1352f26c2a84@group-75A9193C1AAF-SegmentedRaftLogWorker: created new log segment /github/workspace/mnt/ozone/hadoop-ozone/integration-test/target/test-dir/MiniOzoneClusterImpl-5529f01a-5ac3-4bff-808e-3a81da285252/datanode-0/data/ratis/178afc60-d102-43ae-8369-75a9193c1aaf/current/log_inprogress_0
2020-04-23 23:59:33,067 [0dc7066e-405b-4780-99cf-1352f26c2a84@group-75A9193C1AAF-LeaderElection126] INFO  impl.RaftServerImpl (ServerState.java:setRaftConf(356)) - 0dc7066e-405b-4780-99cf-1352f26c2a84@group-75A9193C1AAF: set configuration 0: [e5f9a532-26d6-4fde-b118-89afbb9e15e9:172.17.0.2:38999, 0dc7066e-405b-4780-99cf-1352f26c2a84:172.17.0.2:37081, 6a71ef53-ab22-4528-adad-9f6a8b03666b:172.17.0.2:35203], old=null at 0
2020-04-23 23:59:33,068 [grpc-default-executor-7] INFO  impl.RaftServerImpl (ServerState.java:setLeader(255)) - 0dc7066e-405b-4780-99cf-1352f26c2a84@group-75A9193C1AAF: change Leader from 0dc7066e-405b-4780-99cf-1352f26c2a84 to null at term 2 for updateCurrentTerm
2020-04-23 23:59:33,068 [grpc-default-executor-7] INFO  impl.RaftServerImpl (RaftServerImpl.java:setRole(172)) - 0dc7066e-405b-4780-99cf-1352f26c2a84@group-75A9193C1AAF: changes role from    LEADER to FOLLOWER at term 2 for recognizeCandidate:6a71ef53-ab22-4528-adad-9f6a8b03666b
2020-04-23 23:59:33,068 [grpc-default-executor-7] INFO  impl.RoleInfo (RoleInfo.java:shutdownLeaderState(104)) - 0dc7066e-405b-4780-99cf-1352f26c2a84: shutdown LeaderState
2020-04-23 23:59:33,072 [org.apache.ratis.server.impl.LogAppender$AppenderDaemon$$Lambda$477/1194964483@7ea39118] WARN  server.GrpcLogAppender (GrpcLogAppender.java:mayWait(153)) - 0dc7066e-405b-4780-99cf-1352f26c2a84@group-75A9193C1AAF->e5f9a532-26d6-4fde-b118-89afbb9e15e9-GrpcLogAppender: Wait interrupted by java.lang.InterruptedException
2020-04-23 23:59:33,074 [grpc-default-executor-7] INFO  impl.PendingRequests (PendingRequests.java:sendNotLeaderResponses(240)) - 0dc7066e-405b-4780-99cf-1352f26c2a84@group-75A9193C1AAF-PendingRequests: sendNotLeaderResponses
2020-04-23 23:59:33,074 [grpc-default-executor-7] INFO  metrics.RatisMetrics (RatisMetrics.java:unregister(46)) - Unregistering Metrics Registry : ratis.log_appender.0dc7066e-405b-4780-99cf-1352f26c2a84@group-75A9193C1AAF
2020-04-23 23:59:33,074 [org.apache.ratis.server.impl.LogAppender$AppenderDaemon$$Lambda$477/1194964483@48507fa5] WARN  server.GrpcLogAppender (GrpcLogAppender.java:mayWait(153)) - 0dc7066e-405b-4780-99cf-1352f26c2a84@group-75A9193C1AAF->6a71ef53-ab22-4528-adad-9f6a8b03666b-GrpcLogAppender: Wait interrupted by java.lang.InterruptedException
2020-04-23 23:59:33,075 [grpc-default-executor-2] INFO  impl.RaftServerImpl (RaftServerImpl.java:setRole(172)) - 016df35f-8c5c-427d-a7e6-984ca7ba6483@group-44A286AF20F8: changes role from  FOLLOWER to FOLLOWER at term 1 for recognizeCandidate:1acfe952-6c35-481d-9534-c97fd0c89230
2020-04-23 23:59:33,075 [grpc-default-executor-2] INFO  impl.RoleInfo (RoleInfo.java:shutdownFollowerState(121)) - 016df35f-8c5c-427d-a7e6-984ca7ba6483: shutdown FollowerState
2020-04-23 23:59:33,075 [grpc-default-executor-2] INFO  impl.RoleInfo (RoleInfo.java:updateAndGet(143)) - 016df35f-8c5c-427d-a7e6-984ca7ba6483: start FollowerState
2020-04-23 23:59:33,075 [Thread-3837] INFO  impl.FollowerState (FollowerState.java:run(117)) - 016df35f-8c5c-427d-a7e6-984ca7ba6483@group-44A286AF20F8-FollowerState was interrupted: java.lang.InterruptedException: sleep interrupted
2020-04-23 23:59:33,075 [grpc-default-executor-4] INFO  server.GrpcServerProtocolService (GrpcServerProtocolService.java:onCompleted(137)) - e5f9a532-26d6-4fde-b118-89afbb9e15e9: Completed APPEND_ENTRIES, lastRequest: 0dc7066e-405b-4780-99cf-1352f26c2a84->e5f9a532-26d6-4fde-b118-89afbb9e15e9#1-t1, previous=(t:0, i:0), leaderCommit=-1, initializing? false, entries: size=1, first=(t:1, i:0), CONFIGURATIONENTRY
2020-04-23 23:59:33,078 [grpc-default-executor-8] INFO  server.GrpcServerProtocolService (GrpcServerProtocolService.java:onCompleted(137)) - 6a71ef53-ab22-4528-adad-9f6a8b03666b: Completed APPEND_ENTRIES, lastRequest: 0dc7066e-405b-4780-99cf-1352f26c2a84->6a71ef53-ab22-4528-adad-9f6a8b03666b#1-t1, previous=(t:0, i:0), leaderCommit=0, initializing? false, entries: size=1, first=(t:1, i:0), CONFIGURATIONENTRY
2020-04-23 23:59:33,080 [grpc-default-executor-9] INFO  impl.RaftServerImpl (RaftServerImpl.java:setRole(172)) - 876d9ba1-69a9-4755-8e81-598d06cf1648@group-44A286AF20F8: changes role from  FOLLOWER to FOLLOWER at term 1 for recognizeCandidate:1acfe952-6c35-481d-9534-c97fd0c89230
2020-04-23 23:59:33,080 [grpc-default-executor-9] INFO  impl.RoleInfo (RoleInfo.java:shutdownFollowerState(121)) - 876d9ba1-69a9-4755-8e81-598d06cf1648: shutdown FollowerState
2020-04-23 23:59:33,080 [grpc-default-executor-7] INFO  impl.RoleInfo (RoleInfo.java:updateAndGet(143)) - 0dc7066e-405b-4780-99cf-1352f26c2a84: start FollowerState
2020-04-23 23:59:33,080 [grpc-default-executor-9] INFO  impl.RoleInfo (RoleInfo.java:updateAndGet(143)) - 876d9ba1-69a9-4755-8e81-598d06cf1648: start FollowerState
2020-04-23 23:59:33,081 [Thread-3842] INFO  impl.FollowerState (FollowerState.java:run(117)) - 876d9ba1-69a9-4755-8e81-598d06cf1648@group-44A286AF20F8-FollowerState was interrupted: java.lang.InterruptedException: sleep interrupted
2020-04-23 23:59:33,081 [grpc-default-executor-6] INFO  server.GrpcLogAppender (GrpcLogAppender.java:onCompleted(309)) - 0dc7066e-405b-4780-99cf-1352f26c2a84@group-75A9193C1AAF->6a71ef53-ab22-4528-adad-9f6a8b03666b-AppendLogResponseHandler: follower responses appendEntries COMPLETED
2020-04-23 23:59:33,082 [1acfe952-6c35-481d-9534-c97fd0c89230@group-44A286AF20F8-LeaderElection129] INFO  impl.LeaderElection (LeaderElection.java:logAndReturn(61)) - 1acfe952-6c35-481d-9534-c97fd0c89230@group-44A286AF20F8-LeaderElection129: Election PASSED; received 1 response(s) [1acfe952-6c35-481d-9534-c97fd0c89230<-016df35f-8c5c-427d-a7e6-984ca7ba6483#0:OK-t1] and 0 exception(s); 1acfe952-6c35-481d-9534-c97fd0c89230@group-44A286AF20F8:t1, leader=null, voted=1acfe952-6c35-481d-9534-c97fd0c89230, raftlog=1acfe952-6c35-481d-9534-c97fd0c89230@group-44A286AF20F8-SegmentedRaftLog:OPENED:c-1,f-1,i0, conf=-1: [016df35f-8c5c-427d-a7e6-984ca7ba6483:172.17.0.2:42761, 876d9ba1-69a9-4755-8e81-598d06cf1648:172.17.0.2:45017, 1acfe952-6c35-481d-9534-c97fd0c89230:172.17.0.2:46429], old=null
2020-04-23 23:59:33,082 [1acfe952-6c35-481d-9534-c97fd0c89230@group-44A286AF20F8-LeaderElection129] INFO  impl.RoleInfo (RoleInfo.java:shutdownLeaderElection(134)) - 1acfe952-6c35-481d-9534-c97fd0c89230: shutdown LeaderElection
2020-04-23 23:59:33,082 [grpc-default-executor-4] INFO  server.GrpcLogAppender (GrpcLogAppender.java:onCompleted(309)) - 0dc7066e-405b-4780-99cf-1352f26c2a84@group-75A9193C1AAF->e5f9a532-26d6-4fde-b118-89afbb9e15e9-AppendLogResponseHandler: follower responses appendEntries COMPLETED
2020-04-23 23:59:33,082 [1acfe952-6c35-481d-9534-c97fd0c89230@group-44A286AF20F8-LeaderElection129] INFO  impl.RaftServerImpl (RaftServerImpl.java:setRole(172)) - 1acfe952-6c35-481d-9534-c97fd0c89230@group-44A286AF20F8: changes role from CANDIDATE to LEADER at term 1 for changeToLeader
2020-04-23 23:59:33,082 [1acfe952-6c35-481d-9534-c97fd0c89230@group-44A286AF20F8-LeaderElection129] INFO  ratis.XceiverServerRatis (XceiverServerRatis.java:handleLeaderChangedNotification(761)) - Leader change notification received for group: group-44A286AF20F8 with new leaderId: 1acfe952-6c35-481d-9534-c97fd0c89230
2020-04-23 23:59:33,083 [1acfe952-6c35-481d-9534-c97fd0c89230@group-44A286AF20F8-LeaderElection129] INFO  impl.RaftServerImpl (ServerState.java:setLeader(255)) - 1acfe952-6c35-481d-9534-c97fd0c89230@group-44A286AF20F8: change Leader from null to 1acfe952-6c35-481d-9534-c97fd0c89230 at term 1 for becomeLeader, leader elected after 5067ms
2020-04-23 23:59:33,084 [1acfe952-6c35-481d-9534-c97fd0c89230@group-44A286AF20F8-LeaderElection129] INFO  server.RaftServerConfigKeys (ConfUtils.java:logGet(44)) - raft.server.staging.catchup.gap = 1000 (default)
2020-04-23 23:59:33,084 [1acfe952-6c35-481d-9534-c97fd0c89230@group-44A286AF20F8-LeaderElection129] INFO  server.RaftServerConfigKeys (ConfUtils.java:logGet(44)) - raft.server.rpc.sleep.time = 25ms (default)
2020-04-23 23:59:33,084 [1acfe952-6c35-481d-9534-c97fd0c89230@group-44A286AF20F8-LeaderElection129] INFO  metrics.RatisMetrics (RatisMetrics.java:lambda$create$0(39)) - Creating Metrics Registry : ratis.log_appender.1acfe952-6c35-481d-9534-c97fd0c89230@group-44A286AF20F8
2020-04-23 23:59:33,084 [Thread-3847] INFO  impl.FollowerState (FollowerState.java:run(108)) - 016df35f-8c5c-427d-a7e6-984ca7ba6483@group-06D9085F128C-FollowerState: change to CANDIDATE, lastRpcTime:5021ms, electionTimeout:5020ms
2020-04-23 23:59:33,084 [1acfe952-6c35-481d-9534-c97fd0c89230@group-44A286AF20F8-LeaderElection129] INFO  server.RaftServerConfigKeys (ConfUtils.java:logGet(44)) - raft.server.write.element-limit = 1024 (custom)
2020-04-23 23:59:33,085 [1acfe952-6c35-481d-9534-c97fd0c89230@group-44A286AF20F8-LeaderElection129] INFO  server.RaftServerConfigKeys (ConfUtils.java:logGet(44)) - raft.server.write.byte-limit = 1073741824 (custom)
2020-04-23 23:59:33,085 [EventQueue-PipelineReportForPipelineReportHandler] INFO  pipeline.PipelineStateManager (PipelineStateManager.java:openPipeline(131)) - Pipeline Pipeline[ Id: 7e2d3a45-9ccc-4dac-a2c2-44a286af20f8, Nodes: 016df35f-8c5c-427d-a7e6-984ca7ba6483{ip: 172.17.0.2, host: 9acf12ef3076, networkLocation: /default-rack, certSerialId: null}1acfe952-6c35-481d-9534-c97fd0c89230{ip: 172.17.0.2, host: 9acf12ef3076, networkLocation: /default-rack, certSerialId: null}876d9ba1-69a9-4755-8e81-598d06cf1648{ip: 172.17.0.2, host: 9acf12ef3076, networkLocation: /default-rack, certSerialId: null}, Type:RATIS, Factor:THREE, State:ALLOCATED, leaderId:1acfe952-6c35-481d-9534-c97fd0c89230, CreationTimestamp2020-04-23T23:59:25.115Z] moved to OPEN state
2020-04-23 23:59:33,088 [Thread-3847] INFO  impl.RoleInfo (RoleInfo.java:shutdownFollowerState(121)) - 016df35f-8c5c-427d-a7e6-984ca7ba6483: shutdown FollowerState
2020-04-23 23:59:33,088 [Thread-3847] INFO  impl.RaftServerImpl (RaftServerImpl.java:setRole(172)) - 016df35f-8c5c-427d-a7e6-984ca7ba6483@group-06D9085F128C: changes role from  FOLLOWER to CANDIDATE at term 0 for changeToCandidate
2020-04-23 23:59:33,088 [Thread-3847] INFO  impl.RoleInfo (RoleInfo.java:updateAndGet(143)) - 016df35f-8c5c-427d-a7e6-984ca7ba6483: start LeaderElection
2020-04-23 23:59:33,089 [1acfe952-6c35-481d-9534-c97fd0c89230@group-44A286AF20F8-LeaderElection129] INFO  server.RaftServerConfigKeys (ConfUtils.java:logGet(44)) - raft.server.watch.timeout = 3s (custom)
2020-04-23 23:59:33,089 [1acfe952-6c35-481d-9534-c97fd0c89230@group-44A286AF20F8-LeaderElection129] INFO  server.RaftServerConfigKeys (ConfUtils.java:logGet(44)) - raft.server.watch.timeout.denomination = 1s (default)
2020-04-23 23:59:33,090 [1acfe952-6c35-481d-9534-c97fd0c89230@group-44A286AF20F8-LeaderElection129] INFO  server.RaftServerConfigKeys (ConfUtils.java:logGet(44)) - raft.server.watch.element-limit = 65536 (default)
2020-04-23 23:59:33,090 [1acfe952-6c35-481d-9534-c97fd0c89230@group-44A286AF20F8-LeaderElection129] INFO  server.RaftServerConfigKeys (ConfUtils.java:logGet(44)) - raft.server.log.appender.snapshot.chunk.size.max = 16MB (=16777216) (default)
2020-04-23 23:59:33,090 [1acfe952-6c35-481d-9534-c97fd0c89230@group-44A286AF20F8-LeaderElection129] INFO  server.RaftServerConfigKeys (ConfUtils.java:logGet(44)) - raft.server.log.appender.buffer.byte-limit = 33554432 (custom)
2020-04-23 23:59:33,090 [1acfe952-6c35-481d-9534-c97fd0c89230@group-44A286AF20F8-LeaderElection129] INFO  server.RaftServerConfigKeys (ConfUtils.java:logGet(44)) - raft.server.log.appender.buffer.element-limit = 1 (custom)
2020-04-23 23:59:33,090 [1acfe952-6c35-481d-9534-c97fd0c89230@group-44A286AF20F8-LeaderElection129] INFO  grpc.GrpcConfigKeys (ConfUtils.java:logGet(44)) - raft.grpc.server.leader.outstanding.appends.max = 128 (default)
2020-04-23 23:59:33,090 [1acfe952-6c35-481d-9534-c97fd0c89230@group-44A286AF20F8-LeaderElection129] INFO  server.RaftServerConfigKeys (ConfUtils.java:logGet(44)) - raft.server.rpc.request.timeout = 3s (default)
2020-04-23 23:59:33,090 [1acfe952-6c35-481d-9534-c97fd0c89230@group-44A286AF20F8-LeaderElection129] INFO  server.RaftServerConfigKeys (ConfUtils.java:logGet(44)) - raft.server.log.appender.install.snapshot.enabled = false (custom)
2020-04-23 23:59:33,093 [1acfe952-6c35-481d-9534-c97fd0c89230@group-44A286AF20F8-LeaderElection129] INFO  server.RaftServerConfigKeys (ConfUtils.java:logGet(44)) - raft.server.log.appender.snapshot.chunk.size.max = 16MB (=16777216) (default)
2020-04-23 23:59:33,093 [1acfe952-6c35-481d-9534-c97fd0c89230@group-44A286AF20F8-LeaderElection129] INFO  server.RaftServerConfigKeys (ConfUtils.java:logGet(44)) - raft.server.log.appender.buffer.byte-limit = 33554432 (custom)
2020-04-23 23:59:33,093 [1acfe952-6c35-481d-9534-c97fd0c89230@group-44A286AF20F8-LeaderElection129] INFO  server.RaftServerConfigKeys (ConfUtils.java:logGet(44)) - raft.server.log.appender.buffer.element-limit = 1 (custom)
2020-04-23 23:59:33,094 [1acfe952-6c35-481d-9534-c97fd0c89230@group-44A286AF20F8-LeaderElection129] INFO  grpc.GrpcConfigKeys (ConfUtils.java:logGet(44)) - raft.grpc.server.leader.outstanding.appends.max = 128 (default)
2020-04-23 23:59:33,094 [1acfe952-6c35-481d-9534-c97fd0c89230@group-44A286AF20F8-LeaderElection129] INFO  server.RaftServerConfigKeys (ConfUtils.java:logGet(44)) - raft.server.rpc.request.timeout = 3s (default)
2020-04-23 23:59:33,094 [016df35f-8c5c-427d-a7e6-984ca7ba6483@group-06D9085F128C-LeaderElection130] INFO  impl.LeaderElection (LeaderElection.java:askForVotes(206)) - 016df35f-8c5c-427d-a7e6-984ca7ba6483@group-06D9085F128C-LeaderElection130: begin an election at term 1 for -1: [016df35f-8c5c-427d-a7e6-984ca7ba6483:172.17.0.2:42761, 876d9ba1-69a9-4755-8e81-598d06cf1648:172.17.0.2:45017, 1acfe952-6c35-481d-9534-c97fd0c89230:172.17.0.2:46429], old=null
2020-04-23 23:59:33,095 [1acfe952-6c35-481d-9534-c97fd0c89230@group-44A286AF20F8-LeaderElection129] INFO  server.RaftServerConfigKeys (ConfUtils.java:logGet(44)) - raft.server.log.appender.install.snapshot.enabled = false (custom)
2020-04-23 23:59:33,100 [Thread-3830] INFO  impl.FollowerState (FollowerState.java:run(108)) - e5f9a532-26d6-4fde-b118-89afbb9e15e9@group-ED3246CA88C1-FollowerState: change to CANDIDATE, lastRpcTime:5162ms, electionTimeout:5162ms
2020-04-23 23:59:33,100 [1acfe952-6c35-481d-9534-c97fd0c89230@group-44A286AF20F8-LeaderElection129] INFO  impl.RoleInfo (RoleInfo.java:updateAndGet(143)) - 1acfe952-6c35-481d-9534-c97fd0c89230: start LeaderState
2020-04-23 23:59:33,102 [Thread-3830] INFO  impl.RoleInfo (RoleInfo.java:shutdownFollowerState(121)) - e5f9a532-26d6-4fde-b118-89afbb9e15e9: shutdown FollowerState
2020-04-23 23:59:33,102 [Thread-3830] INFO  impl.RaftServerImpl (RaftServerImpl.java:setRole(172)) - e5f9a532-26d6-4fde-b118-89afbb9e15e9@group-ED3246CA88C1: changes role from  FOLLOWER to CANDIDATE at term 0 for changeToCandidate
2020-04-23 23:59:33,102 [Thread-3830] INFO  impl.RoleInfo (RoleInfo.java:updateAndGet(143)) - e5f9a532-26d6-4fde-b118-89afbb9e15e9: start LeaderElection
2020-04-23 23:59:33,103 [1acfe952-6c35-481d-9534-c97fd0c89230@group-44A286AF20F8-LeaderElection129] INFO  segmented.SegmentedRaftLogWorker (SegmentedRaftLogWorker.java:startLogSegment(391)) - 1acfe952-6c35-481d-9534-c97fd0c89230@group-44A286AF20F8-SegmentedRaftLogWorker: Starting segment from index:0
2020-04-23 23:59:33,105 [1acfe952-6c35-481d-9534-c97fd0c89230@group-44A286AF20F8-SegmentedRaftLogWorker] INFO  segmented.SegmentedRaftLogWorker (SegmentedRaftLogWorker.java:execute(583)) - 1acfe952-6c35-481d-9534-c97fd0c89230@group-44A286AF20F8-SegmentedRaftLogWorker: created new log segment /github/workspace/mnt/ozone/hadoop-ozone/integration-test/target/test-dir/MiniOzoneClusterImpl-5529f01a-5ac3-4bff-808e-3a81da285252/datanode-5/data/ratis/7e2d3a45-9ccc-4dac-a2c2-44a286af20f8/current/log_inprogress_0
2020-04-23 23:59:33,108 [1acfe952-6c35-481d-9534-c97fd0c89230@group-44A286AF20F8-LeaderElection129] INFO  impl.RaftServerImpl (ServerState.java:setRaftConf(356)) - 1acfe952-6c35-481d-9534-c97fd0c89230@group-44A286AF20F8: set configuration 0: [016df35f-8c5c-427d-a7e6-984ca7ba6483:172.17.0.2:42761, 876d9ba1-69a9-4755-8e81-598d06cf1648:172.17.0.2:45017, 1acfe952-6c35-481d-9534-c97fd0c89230:172.17.0.2:46429], old=null at 0
2020-04-23 23:59:33,119 [grpc-default-executor-7] INFO  ratis.XceiverServerRatis (XceiverServerRatis.java:handleLeaderChangedNotification(761)) - Leader change notification received for group: group-44A286AF20F8 with new leaderId: 1acfe952-6c35-481d-9534-c97fd0c89230
2020-04-23 23:59:33,121 [grpc-default-executor-7] INFO  impl.RaftServerImpl (ServerState.java:setLeader(255)) - 016df35f-8c5c-427d-a7e6-984ca7ba6483@group-44A286AF20F8: change Leader from null to 1acfe952-6c35-481d-9534-c97fd0c89230 at term 1 for appendEntries, leader elected after 5128ms
2020-04-23 23:59:33,120 [grpc-default-executor-9] INFO  impl.RaftServerImpl (RaftServerImpl.java:setRole(172)) - 876d9ba1-69a9-4755-8e81-598d06cf1648@group-06D9085F128C: changes role from  FOLLOWER to FOLLOWER at term 1 for recognizeCandidate:016df35f-8c5c-427d-a7e6-984ca7ba6483
2020-04-23 23:59:33,121 [grpc-default-executor-9] INFO  impl.RoleInfo (RoleInfo.java:shutdownFollowerState(121)) - 876d9ba1-69a9-4755-8e81-598d06cf1648: shutdown FollowerState
2020-04-23 23:59:33,120 [e5f9a532-26d6-4fde-b118-89afbb9e15e9@group-ED3246CA88C1-LeaderElection131] INFO  impl.LeaderElection (LeaderElection.java:askForVotes(206)) - e5f9a532-26d6-4fde-b118-89afbb9e15e9@group-ED3246CA88C1-LeaderElection131: begin an election at term 1 for -1: [e5f9a532-26d6-4fde-b118-89afbb9e15e9:172.17.0.2:38999], old=null
2020-04-23 23:59:33,121 [e5f9a532-26d6-4fde-b118-89afbb9e15e9@group-ED3246CA88C1-LeaderElection131] INFO  impl.RoleInfo (RoleInfo.java:shutdownLeaderElection(134)) - e5f9a532-26d6-4fde-b118-89afbb9e15e9: shutdown LeaderElection
2020-04-23 23:59:33,121 [e5f9a532-26d6-4fde-b118-89afbb9e15e9@group-ED3246CA88C1-LeaderElection131] INFO  impl.RaftServerImpl (RaftServerImpl.java:setRole(172)) - e5f9a532-26d6-4fde-b118-89afbb9e15e9@group-ED3246CA88C1: changes role from CANDIDATE to LEADER at term 1 for changeToLeader
2020-04-23 23:59:33,121 [e5f9a532-26d6-4fde-b118-89afbb9e15e9@group-ED3246CA88C1-LeaderElection131] INFO  ratis.XceiverServerRatis (XceiverServerRatis.java:handleLeaderChangedNotification(761)) - Leader change notification received for group: group-ED3246CA88C1 with new leaderId: e5f9a532-26d6-4fde-b118-89afbb9e15e9
2020-04-23 23:59:33,121 [grpc-default-executor-2] INFO  impl.RaftServerImpl (RaftServerImpl.java:setRole(172)) - 1acfe952-6c35-481d-9534-c97fd0c89230@group-06D9085F128C: changes role from  FOLLOWER to FOLLOWER at term 1 for recognizeCandidate:016df35f-8c5c-427d-a7e6-984ca7ba6483
2020-04-23 23:59:33,121 [grpc-default-executor-2] INFO  impl.RoleInfo (RoleInfo.java:shutdownFollowerState(121)) - 1acfe952-6c35-481d-9534-c97fd0c89230: shutdown FollowerState
2020-04-23 23:59:33,121 [grpc-default-executor-2] INFO  impl.RoleInfo (RoleInfo.java:updateAndGet(143)) - 1acfe952-6c35-481d-9534-c97fd0c89230: start FollowerState
2020-04-23 23:59:33,121 [Thread-3851] INFO  impl.FollowerState (FollowerState.java:run(117)) - 1acfe952-6c35-481d-9534-c97fd0c89230@group-06D9085F128C-FollowerState was interrupted: java.lang.InterruptedException: sleep interrupted
2020-04-23 23:59:33,122 [grpc-default-executor-7] INFO  impl.RaftServerImpl (ServerState.java:setRaftConf(356)) - 016df35f-8c5c-427d-a7e6-984ca7ba6483@group-44A286AF20F8: set configuration 0: [016df35f-8c5c-427d-a7e6-984ca7ba6483:172.17.0.2:42761, 876d9ba1-69a9-4755-8e81-598d06cf1648:172.17.0.2:45017, 1acfe952-6c35-481d-9534-c97fd0c89230:172.17.0.2:46429], old=null at 0
2020-04-23 23:59:33,123 [e5f9a532-26d6-4fde-b118-89afbb9e15e9@group-ED3246CA88C1-LeaderElection131] INFO  impl.RaftServerImpl (ServerState.java:setLeader(255)) - e5f9a532-26d6-4fde-b118-89afbb9e15e9@group-ED3246CA88C1: change Leader from null to e5f9a532-26d6-4fde-b118-89afbb9e15e9 at term 1 for becomeLeader, leader elected after 5207ms
2020-04-23 23:59:33,123 [e5f9a532-26d6-4fde-b118-89afbb9e15e9@group-ED3246CA88C1-LeaderElection131] INFO  server.RaftServerConfigKeys (ConfUtils.java:logGet(44)) - raft.server.staging.catchup.gap = 1000 (default)
2020-04-23 23:59:33,123 [e5f9a532-26d6-4fde-b118-89afbb9e15e9@group-ED3246CA88C1-LeaderElection131] INFO  server.RaftServerConfigKeys (ConfUtils.java:logGet(44)) - raft.server.rpc.sleep.time = 25ms (default)
2020-04-23 23:59:33,124 [grpc-default-executor-9] INFO  impl.RoleInfo (RoleInfo.java:updateAndGet(143)) - 876d9ba1-69a9-4755-8e81-598d06cf1648: start FollowerState
2020-04-23 23:59:33,124 [Thread-3850] INFO  impl.FollowerState (FollowerState.java:run(117)) - 876d9ba1-69a9-4755-8e81-598d06cf1648@group-06D9085F128C-FollowerState was interrupted: java.lang.InterruptedException: sleep interrupted
2020-04-23 23:59:33,125 [e5f9a532-26d6-4fde-b118-89afbb9e15e9@group-ED3246CA88C1-LeaderElection131] INFO  metrics.RatisMetrics (RatisMetrics.java:lambda$create$0(39)) - Creating Metrics Registry : ratis.log_appender.e5f9a532-26d6-4fde-b118-89afbb9e15e9@group-ED3246CA88C1
2020-04-23 23:59:33,126 [e5f9a532-26d6-4fde-b118-89afbb9e15e9@group-ED3246CA88C1-LeaderElection131] INFO  server.RaftServerConfigKeys (ConfUtils.java:logGet(44)) - raft.server.write.element-limit = 1024 (custom)
2020-04-23 23:59:33,126 [e5f9a532-26d6-4fde-b118-89afbb9e15e9@group-ED3246CA88C1-LeaderElection131] INFO  server.RaftServerConfigKeys (ConfUtils.java:logGet(44)) - raft.server.write.byte-limit = 1073741824 (custom)
2020-04-23 23:59:33,126 [016df35f-8c5c-427d-a7e6-984ca7ba6483@group-06D9085F128C-LeaderElection130] INFO  impl.LeaderElection (LeaderElection.java:logAndReturn(61)) - 016df35f-8c5c-427d-a7e6-984ca7ba6483@group-06D9085F128C-LeaderElection130: Election PASSED; received 1 response(s) [016df35f-8c5c-427d-a7e6-984ca7ba6483<-1acfe952-6c35-481d-9534-c97fd0c89230#0:OK-t1] and 0 exception(s); 016df35f-8c5c-427d-a7e6-984ca7ba6483@group-06D9085F128C:t1, leader=null, voted=016df35f-8c5c-427d-a7e6-984ca7ba6483, raftlog=016df35f-8c5c-427d-a7e6-984ca7ba6483@group-06D9085F128C-SegmentedRaftLog:OPENED:c-1,f-1,i0, conf=-1: [016df35f-8c5c-427d-a7e6-984ca7ba6483:172.17.0.2:42761, 876d9ba1-69a9-4755-8e81-598d06cf1648:172.17.0.2:45017, 1acfe952-6c35-481d-9534-c97fd0c89230:172.17.0.2:46429], old=null
2020-04-23 23:59:33,126 [016df35f-8c5c-427d-a7e6-984ca7ba6483@group-06D9085F128C-LeaderElection130] INFO  impl.RoleInfo (RoleInfo.java:shutdownLeaderElection(134)) - 016df35f-8c5c-427d-a7e6-984ca7ba6483: shutdown LeaderElection
2020-04-23 23:59:33,126 [016df35f-8c5c-427d-a7e6-984ca7ba6483@group-06D9085F128C-LeaderElection130] INFO  impl.RaftServerImpl (RaftServerImpl.java:setRole(172)) - 016df35f-8c5c-427d-a7e6-984ca7ba6483@group-06D9085F128C: changes role from CANDIDATE to LEADER at term 1 for changeToLeader
2020-04-23 23:59:33,126 [016df35f-8c5c-427d-a7e6-984ca7ba6483@group-06D9085F128C-LeaderElection130] INFO  ratis.XceiverServerRatis (XceiverServerRatis.java:handleLeaderChangedNotification(761)) - Leader change notification received for group: group-06D9085F128C with new leaderId: 016df35f-8c5c-427d-a7e6-984ca7ba6483
2020-04-23 23:59:33,126 [016df35f-8c5c-427d-a7e6-984ca7ba6483@group-06D9085F128C-LeaderElection130] INFO  impl.RaftServerImpl (ServerState.java:setLeader(255)) - 016df35f-8c5c-427d-a7e6-984ca7ba6483@group-06D9085F128C: change Leader from null to 016df35f-8c5c-427d-a7e6-984ca7ba6483 at term 1 for becomeLeader, leader elected after 5070ms
2020-04-23 23:59:33,128 [016df35f-8c5c-427d-a7e6-984ca7ba6483@group-06D9085F128C-LeaderElection130] INFO  server.RaftServerConfigKeys (ConfUtils.java:logGet(44)) - raft.server.staging.catchup.gap = 1000 (default)
2020-04-23 23:59:33,128 [016df35f-8c5c-427d-a7e6-984ca7ba6483@group-06D9085F128C-LeaderElection130] INFO  server.RaftServerConfigKeys (ConfUtils.java:logGet(44)) - raft.server.rpc.sleep.time = 25ms (default)
2020-04-23 23:59:33,128 [016df35f-8c5c-427d-a7e6-984ca7ba6483@group-06D9085F128C-LeaderElection130] INFO  metrics.RatisMetrics (RatisMetrics.java:lambda$create$0(39)) - Creating Metrics Registry : ratis.log_appender.016df35f-8c5c-427d-a7e6-984ca7ba6483@group-06D9085F128C
2020-04-23 23:59:33,128 [016df35f-8c5c-427d-a7e6-984ca7ba6483@group-06D9085F128C-LeaderElection130] INFO  server.RaftServerConfigKeys (ConfUtils.java:logGet(44)) - raft.server.write.element-limit = 1024 (custom)
2020-04-23 23:59:33,128 [016df35f-8c5c-427d-a7e6-984ca7ba6483@group-06D9085F128C-LeaderElection130] INFO  server.RaftServerConfigKeys (ConfUtils.java:logGet(44)) - raft.server.write.byte-limit = 1073741824 (custom)
2020-04-23 23:59:33,130 [EventQueue-PipelineReportForPipelineReportHandler] INFO  pipeline.PipelineStateManager (PipelineStateManager.java:openPipeline(131)) - Pipeline Pipeline[ Id: cfe6af89-0a96-46bb-a044-06d9085f128c, Nodes: 016df35f-8c5c-427d-a7e6-984ca7ba6483{ip: 172.17.0.2, host: 9acf12ef3076, networkLocation: /default-rack, certSerialId: null}1acfe952-6c35-481d-9534-c97fd0c89230{ip: 172.17.0.2, host: 9acf12ef3076, networkLocation: /default-rack, certSerialId: null}876d9ba1-69a9-4755-8e81-598d06cf1648{ip: 172.17.0.2, host: 9acf12ef3076, networkLocation: /default-rack, certSerialId: null}, Type:RATIS, Factor:THREE, State:ALLOCATED, leaderId:016df35f-8c5c-427d-a7e6-984ca7ba6483, CreationTimestamp2020-04-23T23:59:25.116Z] moved to OPEN state
2020-04-23 23:59:33,130 [Thread-3857] INFO  impl.FollowerState (FollowerState.java:run(108)) - 1acfe952-6c35-481d-9534-c97fd0c89230@group-EDEF3C729547-FollowerState: change to CANDIDATE, lastRpcTime:5008ms, electionTimeout:5004ms
2020-04-23 23:59:33,131 [grpc-default-executor-7] INFO  segmented.SegmentedRaftLogWorker (SegmentedRaftLogWorker.java:startLogSegment(391)) - 016df35f-8c5c-427d-a7e6-984ca7ba6483@group-44A286AF20F8-SegmentedRaftLogWorker: Starting segment from index:0
2020-04-23 23:59:33,138 [grpc-default-executor-8] INFO  ratis.XceiverServerRatis (XceiverServerRatis.java:handleLeaderChangedNotification(761)) - Leader change notification received for group: group-44A286AF20F8 with new leaderId: 1acfe952-6c35-481d-9534-c97fd0c89230
2020-04-23 23:59:33,138 [grpc-default-executor-8] INFO  impl.RaftServerImpl (ServerState.java:setLeader(255)) - 876d9ba1-69a9-4755-8e81-598d06cf1648@group-44A286AF20F8: change Leader from null to 1acfe952-6c35-481d-9534-c97fd0c89230 at term 1 for appendEntries, leader elected after 5103ms
2020-04-23 23:59:33,139 [Thread-3857] INFO  impl.RoleInfo (RoleInfo.java:shutdownFollowerState(121)) - 1acfe952-6c35-481d-9534-c97fd0c89230: shutdown FollowerState
2020-04-23 23:59:33,139 [Thread-3857] INFO  impl.RaftServerImpl (RaftServerImpl.java:setRole(172)) - 1acfe952-6c35-481d-9534-c97fd0c89230@group-EDEF3C729547: changes role from  FOLLOWER to CANDIDATE at term 0 for changeToCandidate
2020-04-23 23:59:33,141 [016df35f-8c5c-427d-a7e6-984ca7ba6483@group-44A286AF20F8-SegmentedRaftLogWorker] INFO  segmented.SegmentedRaftLogWorker (SegmentedRaftLogWorker.java:execute(583)) - 016df35f-8c5c-427d-a7e6-984ca7ba6483@group-44A286AF20F8-SegmentedRaftLogWorker: created new log segment /github/workspace/mnt/ozone/hadoop-ozone/integration-test/target/test-dir/MiniOzoneClusterImpl-5529f01a-5ac3-4bff-808e-3a81da285252/datanode-3/data/ratis/7e2d3a45-9ccc-4dac-a2c2-44a286af20f8/current/log_inprogress_0
2020-04-23 23:59:33,141 [e5f9a532-26d6-4fde-b118-89afbb9e15e9@group-ED3246CA88C1-LeaderElection131] INFO  server.RaftServerConfigKeys (ConfUtils.java:logGet(44)) - raft.server.watch.timeout = 3s (custom)
2020-04-23 23:59:33,141 [e5f9a532-26d6-4fde-b118-89afbb9e15e9@group-ED3246CA88C1-LeaderElection131] INFO  server.RaftServerConfigKeys (ConfUtils.java:logGet(44)) - raft.server.watch.timeout.denomination = 1s (default)
2020-04-23 23:59:33,141 [e5f9a532-26d6-4fde-b118-89afbb9e15e9@group-ED3246CA88C1-LeaderElection131] INFO  server.RaftServerConfigKeys (ConfUtils.java:logGet(44)) - raft.server.watch.element-limit = 65536 (default)
2020-04-23 23:59:33,141 [e5f9a532-26d6-4fde-b118-89afbb9e15e9@group-ED3246CA88C1-LeaderElection131] INFO  impl.RoleInfo (RoleInfo.java:updateAndGet(143)) - e5f9a532-26d6-4fde-b118-89afbb9e15e9: start LeaderState
2020-04-23 23:59:33,142 [e5f9a532-26d6-4fde-b118-89afbb9e15e9@group-ED3246CA88C1-LeaderElection131] INFO  segmented.SegmentedRaftLogWorker (SegmentedRaftLogWorker.java:startLogSegment(391)) - e5f9a532-26d6-4fde-b118-89afbb9e15e9@group-ED3246CA88C1-SegmentedRaftLogWorker: Starting segment from index:0
2020-04-23 23:59:33,142 [016df35f-8c5c-427d-a7e6-984ca7ba6483@group-06D9085F128C-LeaderElection130] INFO  server.RaftServerConfigKeys (ConfUtils.java:logGet(44)) - raft.server.watch.timeout = 3s (custom)
2020-04-23 23:59:33,142 [016df35f-8c5c-427d-a7e6-984ca7ba6483@group-06D9085F128C-LeaderElection130] INFO  server.RaftServerConfigKeys (ConfUtils.java:logGet(44)) - raft.server.watch.timeout.denomination = 1s (default)
2020-04-23 23:59:33,142 [016df35f-8c5c-427d-a7e6-984ca7ba6483@group-06D9085F128C-LeaderElection130] INFO  server.RaftServerConfigKeys (ConfUtils.java:logGet(44)) - raft.server.watch.element-limit = 65536 (default)
2020-04-23 23:59:33,142 [016df35f-8c5c-427d-a7e6-984ca7ba6483@group-06D9085F128C-LeaderElection130] INFO  server.RaftServerConfigKeys (ConfUtils.java:logGet(44)) - raft.server.log.appender.snapshot.chunk.size.max = 16MB (=16777216) (default)
2020-04-23 23:59:33,142 [016df35f-8c5c-427d-a7e6-984ca7ba6483@group-06D9085F128C-LeaderElection130] INFO  server.RaftServerConfigKeys (ConfUtils.java:logGet(44)) - raft.server.log.appender.buffer.byte-limit = 33554432 (custom)
2020-04-23 23:59:33,142 [016df35f-8c5c-427d-a7e6-984ca7ba6483@group-06D9085F128C-LeaderElection130] INFO  server.RaftServerConfigKeys (ConfUtils.java:logGet(44)) - raft.server.log.appender.buffer.element-limit = 1 (custom)
2020-04-23 23:59:33,144 [grpc-default-executor-8] INFO  impl.RaftServerImpl (ServerState.java:setRaftConf(356)) - 876d9ba1-69a9-4755-8e81-598d06cf1648@group-44A286AF20F8: set configuration 0: [016df35f-8c5c-427d-a7e6-984ca7ba6483:172.17.0.2:42761, 876d9ba1-69a9-4755-8e81-598d06cf1648:172.17.0.2:45017, 1acfe952-6c35-481d-9534-c97fd0c89230:172.17.0.2:46429], old=null at 0
2020-04-23 23:59:33,145 [grpc-default-executor-8] INFO  segmented.SegmentedRaftLogWorker (SegmentedRaftLogWorker.java:startLogSegment(391)) - 876d9ba1-69a9-4755-8e81-598d06cf1648@group-44A286AF20F8-SegmentedRaftLogWorker: Starting segment from index:0
2020-04-23 23:59:33,148 [016df35f-8c5c-427d-a7e6-984ca7ba6483@group-06D9085F128C-LeaderElection130] INFO  grpc.GrpcConfigKeys (ConfUtils.java:logGet(44)) - raft.grpc.server.leader.outstanding.appends.max = 128 (default)
2020-04-23 23:59:33,148 [016df35f-8c5c-427d-a7e6-984ca7ba6483@group-06D9085F128C-LeaderElection130] INFO  server.RaftServerConfigKeys (ConfUtils.java:logGet(44)) - raft.server.rpc.request.timeout = 3s (default)
2020-04-23 23:59:33,148 [016df35f-8c5c-427d-a7e6-984ca7ba6483@group-06D9085F128C-LeaderElection130] INFO  server.RaftServerConfigKeys (ConfUtils.java:logGet(44)) - raft.server.log.appender.install.snapshot.enabled = false (custom)
2020-04-23 23:59:33,151 [016df35f-8c5c-427d-a7e6-984ca7ba6483@group-06D9085F128C-LeaderElection130] INFO  server.RaftServerConfigKeys (ConfUtils.java:logGet(44)) - raft.server.log.appender.snapshot.chunk.size.max = 16MB (=16777216) (default)
2020-04-23 23:59:33,151 [016df35f-8c5c-427d-a7e6-984ca7ba6483@group-06D9085F128C-LeaderElection130] INFO  server.RaftServerConfigKeys (ConfUtils.java:logGet(44)) - raft.server.log.appender.buffer.byte-limit = 33554432 (custom)
2020-04-23 23:59:33,151 [016df35f-8c5c-427d-a7e6-984ca7ba6483@group-06D9085F128C-LeaderElection130] INFO  server.RaftServerConfigKeys (ConfUtils.java:logGet(44)) - raft.server.log.appender.buffer.element-limit = 1 (custom)
2020-04-23 23:59:33,151 [016df35f-8c5c-427d-a7e6-984ca7ba6483@group-06D9085F128C-LeaderElection130] INFO  grpc.GrpcConfigKeys (ConfUtils.java:logGet(44)) - raft.grpc.server.leader.outstanding.appends.max = 128 (default)
2020-04-23 23:59:33,151 [016df35f-8c5c-427d-a7e6-984ca7ba6483@group-06D9085F128C-LeaderElection130] INFO  server.RaftServerConfigKeys (ConfUtils.java:logGet(44)) - raft.server.rpc.request.timeout = 3s (default)
2020-04-23 23:59:33,151 [016df35f-8c5c-427d-a7e6-984ca7ba6483@group-06D9085F128C-LeaderElection130] INFO  server.RaftServerConfigKeys (ConfUtils.java:logGet(44)) - raft.server.log.appender.install.snapshot.enabled = false (custom)
2020-04-23 23:59:33,153 [e5f9a532-26d6-4fde-b118-89afbb9e15e9@group-ED3246CA88C1-SegmentedRaftLogWorker] INFO  segmented.SegmentedRaftLogWorker (SegmentedRaftLogWorker.java:execute(583)) - e5f9a532-26d6-4fde-b118-89afbb9e15e9@group-ED3246CA88C1-SegmentedRaftLogWorker: created new log segment /github/workspace/mnt/ozone/hadoop-ozone/integration-test/target/test-dir/MiniOzoneClusterImpl-5529f01a-5ac3-4bff-808e-3a81da285252/datanode-2/data/ratis/bf335a2f-6ed9-456e-8a24-ed3246ca88c1/current/log_inprogress_0
2020-04-23 23:59:33,155 [016df35f-8c5c-427d-a7e6-984ca7ba6483@group-06D9085F128C-LeaderElection130] INFO  impl.RoleInfo (RoleInfo.java:updateAndGet(143)) - 016df35f-8c5c-427d-a7e6-984ca7ba6483: start LeaderState
2020-04-23 23:59:33,155 [016df35f-8c5c-427d-a7e6-984ca7ba6483@group-06D9085F128C-LeaderElection130] INFO  segmented.SegmentedRaftLogWorker (SegmentedRaftLogWorker.java:startLogSegment(391)) - 016df35f-8c5c-427d-a7e6-984ca7ba6483@group-06D9085F128C-SegmentedRaftLogWorker: Starting segment from index:0
2020-04-23 23:59:33,160 [Thread-3857] INFO  impl.RoleInfo (RoleInfo.java:updateAndGet(143)) - 1acfe952-6c35-481d-9534-c97fd0c89230: start LeaderElection
2020-04-23 23:59:33,160 [e5f9a532-26d6-4fde-b118-89afbb9e15e9@group-ED3246CA88C1-LeaderElection131] INFO  impl.RaftServerImpl (ServerState.java:setRaftConf(356)) - e5f9a532-26d6-4fde-b118-89afbb9e15e9@group-ED3246CA88C1: set configuration 0: [e5f9a532-26d6-4fde-b118-89afbb9e15e9:172.17.0.2:38999], old=null at 0
2020-04-23 23:59:33,162 [016df35f-8c5c-427d-a7e6-984ca7ba6483@group-06D9085F128C-SegmentedRaftLogWorker] INFO  segmented.SegmentedRaftLogWorker (SegmentedRaftLogWorker.java:execute(583)) - 016df35f-8c5c-427d-a7e6-984ca7ba6483@group-06D9085F128C-SegmentedRaftLogWorker: created new log segment /github/workspace/mnt/ozone/hadoop-ozone/integration-test/target/test-dir/MiniOzoneClusterImpl-5529f01a-5ac3-4bff-808e-3a81da285252/datanode-3/data/ratis/cfe6af89-0a96-46bb-a044-06d9085f128c/current/log_inprogress_0
2020-04-23 23:59:33,162 [876d9ba1-69a9-4755-8e81-598d06cf1648@group-44A286AF20F8-SegmentedRaftLogWorker] INFO  segmented.SegmentedRaftLogWorker (SegmentedRaftLogWorker.java:execute(583)) - 876d9ba1-69a9-4755-8e81-598d06cf1648@group-44A286AF20F8-SegmentedRaftLogWorker: created new log segment /github/workspace/mnt/ozone/hadoop-ozone/integration-test/target/test-dir/MiniOzoneClusterImpl-5529f01a-5ac3-4bff-808e-3a81da285252/datanode-4/data/ratis/7e2d3a45-9ccc-4dac-a2c2-44a286af20f8/current/log_inprogress_0
2020-04-23 23:59:33,171 [016df35f-8c5c-427d-a7e6-984ca7ba6483@group-06D9085F128C-LeaderElection130] INFO  impl.RaftServerImpl (ServerState.java:setRaftConf(356)) - 016df35f-8c5c-427d-a7e6-984ca7ba6483@group-06D9085F128C: set configuration 0: [016df35f-8c5c-427d-a7e6-984ca7ba6483:172.17.0.2:42761, 876d9ba1-69a9-4755-8e81-598d06cf1648:172.17.0.2:45017, 1acfe952-6c35-481d-9534-c97fd0c89230:172.17.0.2:46429], old=null at 0
2020-04-23 23:59:33,180 [Thread-3835] INFO  impl.FollowerState (FollowerState.java:run(108)) - 016df35f-8c5c-427d-a7e6-984ca7ba6483@group-66104EC5064E-FollowerState: change to CANDIDATE, lastRpcTime:5194ms, electionTimeout:5190ms
2020-04-23 23:59:33,181 [main] INFO  ozone.MiniOzoneClusterImpl (MiniOzoneClusterImpl.java:lambda$waitForClusterToBeReady$0(177)) - Nodes are ready. Got 7 of 7 DN Heartbeats.
2020-04-23 23:59:33,181 [main] INFO  ozone.MiniOzoneClusterImpl (MiniOzoneClusterImpl.java:lambda$waitForClusterToBeReady$0(180)) - Cluster exits safe mode
2020-04-23 23:59:33,182 [grpc-default-executor-8] INFO  ratis.XceiverServerRatis (XceiverServerRatis.java:handleLeaderChangedNotification(761)) - Leader change notification received for group: group-06D9085F128C with new leaderId: 016df35f-8c5c-427d-a7e6-984ca7ba6483
2020-04-23 23:59:33,182 [grpc-default-executor-8] INFO  impl.RaftServerImpl (ServerState.java:setLeader(255)) - 876d9ba1-69a9-4755-8e81-598d06cf1648@group-06D9085F128C: change Leader from null to 016df35f-8c5c-427d-a7e6-984ca7ba6483 at term 1 for appendEntries, leader elected after 5118ms
2020-04-23 23:59:33,182 [grpc-default-executor-9] INFO  ratis.XceiverServerRatis (XceiverServerRatis.java:handleLeaderChangedNotification(761)) - Leader change notification received for group: group-06D9085F128C with new leaderId: 016df35f-8c5c-427d-a7e6-984ca7ba6483
2020-04-23 23:59:33,182 [grpc-default-executor-9] INFO  impl.RaftServerImpl (ServerState.java:setLeader(255)) - 1acfe952-6c35-481d-9534-c97fd0c89230@group-06D9085F128C: change Leader from null to 016df35f-8c5c-427d-a7e6-984ca7ba6483 at term 1 for appendEntries, leader elected after 5110ms
2020-04-23 23:59:33,184 [Thread-3835] INFO  impl.RoleInfo (RoleInfo.java:shutdownFollowerState(121)) - 016df35f-8c5c-427d-a7e6-984ca7ba6483: shutdown FollowerState
2020-04-23 23:59:33,184 [Thread-3835] INFO  impl.RaftServerImpl (RaftServerImpl.java:setRole(172)) - 016df35f-8c5c-427d-a7e6-984ca7ba6483@group-66104EC5064E: changes role from  FOLLOWER to CANDIDATE at term 0 for changeToCandidate
2020-04-23 23:59:33,185 [grpc-default-executor-8] INFO  impl.RaftServerImpl (ServerState.java:setRaftConf(356)) - 876d9ba1-69a9-4755-8e81-598d06cf1648@group-06D9085F128C: set configuration 0: [016df35f-8c5c-427d-a7e6-984ca7ba6483:172.17.0.2:42761, 876d9ba1-69a9-4755-8e81-598d06cf1648:172.17.0.2:45017, 1acfe952-6c35-481d-9534-c97fd0c89230:172.17.0.2:46429], old=null at 0
2020-04-23 23:59:33,185 [grpc-default-executor-8] INFO  segmented.SegmentedRaftLogWorker (SegmentedRaftLogWorker.java:startLogSegment(391)) - 876d9ba1-69a9-4755-8e81-598d06cf1648@group-06D9085F128C-SegmentedRaftLogWorker: Starting segment from index:0
2020-04-23 23:59:33,185 [1acfe952-6c35-481d-9534-c97fd0c89230@group-EDEF3C729547-LeaderElection132] INFO  impl.LeaderElection (LeaderElection.java:askForVotes(206)) - 1acfe952-6c35-481d-9534-c97fd0c89230@group-EDEF3C729547-LeaderElection132: begin an election at term 1 for -1: [1acfe952-6c35-481d-9534-c97fd0c89230:172.17.0.2:46429], old=null
2020-04-23 23:59:33,185 [1acfe952-6c35-481d-9534-c97fd0c89230@group-EDEF3C729547-LeaderElection132] INFO  impl.RoleInfo (RoleInfo.java:shutdownLeaderElection(134)) - 1acfe952-6c35-481d-9534-c97fd0c89230: shutdown LeaderElection
2020-04-23 23:59:33,185 [1acfe952-6c35-481d-9534-c97fd0c89230@group-EDEF3C729547-LeaderElection132] INFO  impl.RaftServerImpl (RaftServerImpl.java:setRole(172)) - 1acfe952-6c35-481d-9534-c97fd0c89230@group-EDEF3C729547: changes role from CANDIDATE to LEADER at term 1 for changeToLeader
2020-04-23 23:59:33,185 [1acfe952-6c35-481d-9534-c97fd0c89230@group-EDEF3C729547-LeaderElection132] INFO  ratis.XceiverServerRatis (XceiverServerRatis.java:handleLeaderChangedNotification(761)) - Leader change notification received for group: group-EDEF3C729547 with new leaderId: 1acfe952-6c35-481d-9534-c97fd0c89230
2020-04-23 23:59:33,186 [1acfe952-6c35-481d-9534-c97fd0c89230@group-EDEF3C729547-LeaderElection132] INFO  impl.RaftServerImpl (ServerState.java:setLeader(255)) - 1acfe952-6c35-481d-9534-c97fd0c89230@group-EDEF3C729547: change Leader from null to 1acfe952-6c35-481d-9534-c97fd0c89230 at term 1 for becomeLeader, leader elected after 5069ms
2020-04-23 23:59:33,186 [1acfe952-6c35-481d-9534-c97fd0c89230@group-EDEF3C729547-LeaderElection132] INFO  server.RaftServerConfigKeys (ConfUtils.java:logGet(44)) - raft.server.staging.catchup.gap = 1000 (default)
2020-04-23 23:59:33,186 [1acfe952-6c35-481d-9534-c97fd0c89230@group-EDEF3C729547-LeaderElection132] INFO  server.RaftServerConfigKeys (ConfUtils.java:logGet(44)) - raft.server.rpc.sleep.time = 25ms (default)
2020-04-23 23:59:33,186 [1acfe952-6c35-481d-9534-c97fd0c89230@group-EDEF3C729547-LeaderElection132] INFO  metrics.RatisMetrics (RatisMetrics.java:lambda$create$0(39)) - Creating Metrics Registry : ratis.log_appender.1acfe952-6c35-481d-9534-c97fd0c89230@group-EDEF3C729547
2020-04-23 23:59:33,186 [1acfe952-6c35-481d-9534-c97fd0c89230@group-EDEF3C729547-LeaderElection132] INFO  server.RaftServerConfigKeys (ConfUtils.java:logGet(44)) - raft.server.write.element-limit = 1024 (custom)
2020-04-23 23:59:33,186 [1acfe952-6c35-481d-9534-c97fd0c89230@group-EDEF3C729547-LeaderElection132] INFO  server.RaftServerConfigKeys (ConfUtils.java:logGet(44)) - raft.server.write.byte-limit = 1073741824 (custom)
2020-04-23 23:59:33,187 [Thread-3835] INFO  impl.RoleInfo (RoleInfo.java:updateAndGet(143)) - 016df35f-8c5c-427d-a7e6-984ca7ba6483: start LeaderElection
2020-04-23 23:59:33,188 [876d9ba1-69a9-4755-8e81-598d06cf1648@group-06D9085F128C-SegmentedRaftLogWorker] INFO  segmented.SegmentedRaftLogWorker (SegmentedRaftLogWorker.java:execute(583)) - 876d9ba1-69a9-4755-8e81-598d06cf1648@group-06D9085F128C-SegmentedRaftLogWorker: created new log segment /github/workspace/mnt/ozone/hadoop-ozone/integration-test/target/test-dir/MiniOzoneClusterImpl-5529f01a-5ac3-4bff-808e-3a81da285252/datanode-4/data/ratis/cfe6af89-0a96-46bb-a044-06d9085f128c/current/log_inprogress_0
2020-04-23 23:59:33,188 [grpc-default-executor-9] INFO  impl.RaftServerImpl (ServerState.java:setRaftConf(356)) - 1acfe952-6c35-481d-9534-c97fd0c89230@group-06D9085F128C: set configuration 0: [016df35f-8c5c-427d-a7e6-984ca7ba6483:172.17.0.2:42761, 876d9ba1-69a9-4755-8e81-598d06cf1648:172.17.0.2:45017, 1acfe952-6c35-481d-9534-c97fd0c89230:172.17.0.2:46429], old=null at 0
2020-04-23 23:59:33,188 [grpc-default-executor-9] INFO  segmented.SegmentedRaftLogWorker (SegmentedRaftLogWorker.java:startLogSegment(391)) - 1acfe952-6c35-481d-9534-c97fd0c89230@group-06D9085F128C-SegmentedRaftLogWorker: Starting segment from index:0
2020-04-23 23:59:33,188 [1acfe952-6c35-481d-9534-c97fd0c89230@group-EDEF3C729547-LeaderElection132] INFO  server.RaftServerConfigKeys (ConfUtils.java:logGet(44)) - raft.server.watch.timeout = 3s (custom)
2020-04-23 23:59:33,188 [1acfe952-6c35-481d-9534-c97fd0c89230@group-EDEF3C729547-LeaderElection132] INFO  server.RaftServerConfigKeys (ConfUtils.java:logGet(44)) - raft.server.watch.timeout.denomination = 1s (default)
2020-04-23 23:59:33,188 [1acfe952-6c35-481d-9534-c97fd0c89230@group-EDEF3C729547-LeaderElection132] INFO  server.RaftServerConfigKeys (ConfUtils.java:logGet(44)) - raft.server.watch.element-limit = 65536 (default)
2020-04-23 23:59:33,189 [1acfe952-6c35-481d-9534-c97fd0c89230@group-EDEF3C729547-LeaderElection132] INFO  impl.RoleInfo (RoleInfo.java:updateAndGet(143)) - 1acfe952-6c35-481d-9534-c97fd0c89230: start LeaderState
2020-04-23 23:59:33,189 [1acfe952-6c35-481d-9534-c97fd0c89230@group-EDEF3C729547-LeaderElection132] INFO  segmented.SegmentedRaftLogWorker (SegmentedRaftLogWorker.java:startLogSegment(391)) - 1acfe952-6c35-481d-9534-c97fd0c89230@group-EDEF3C729547-SegmentedRaftLogWorker: Starting segment from index:0
2020-04-23 23:59:33,190 [1acfe952-6c35-481d-9534-c97fd0c89230@group-EDEF3C729547-LeaderElection132] INFO  impl.RaftServerImpl (ServerState.java:setRaftConf(356)) - 1acfe952-6c35-481d-9534-c97fd0c89230@group-EDEF3C729547: set configuration 0: [1acfe952-6c35-481d-9534-c97fd0c89230:172.17.0.2:46429], old=null at 0
2020-04-23 23:59:33,203 [1acfe952-6c35-481d-9534-c97fd0c89230@group-EDEF3C729547-SegmentedRaftLogWorker] INFO  segmented.SegmentedRaftLogWorker (SegmentedRaftLogWorker.java:execute(583)) - 1acfe952-6c35-481d-9534-c97fd0c89230@group-EDEF3C729547-SegmentedRaftLogWorker: created new log segment /github/workspace/mnt/ozone/hadoop-ozone/integration-test/target/test-dir/MiniOzoneClusterImpl-5529f01a-5ac3-4bff-808e-3a81da285252/datanode-5/data/ratis/afd0209b-0753-49b2-8d62-edef3c729547/current/log_inprogress_0
2020-04-23 23:59:33,204 [1acfe952-6c35-481d-9534-c97fd0c89230@group-06D9085F128C-SegmentedRaftLogWorker] INFO  segmented.SegmentedRaftLogWorker (SegmentedRaftLogWorker.java:execute(583)) - 1acfe952-6c35-481d-9534-c97fd0c89230@group-06D9085F128C-SegmentedRaftLogWorker: created new log segment /github/workspace/mnt/ozone/hadoop-ozone/integration-test/target/test-dir/MiniOzoneClusterImpl-5529f01a-5ac3-4bff-808e-3a81da285252/datanode-5/data/ratis/cfe6af89-0a96-46bb-a044-06d9085f128c/current/log_inprogress_0
2020-04-23 23:59:33,216 [Thread-3859] INFO  impl.FollowerState (FollowerState.java:run(108)) - 545022e8-5328-4925-abb3-0aab3242966c@group-6AA2A86A4BBC-FollowerState: change to CANDIDATE, lastRpcTime:5027ms, electionTimeout:5026ms
2020-04-23 23:59:33,218 [016df35f-8c5c-427d-a7e6-984ca7ba6483@group-66104EC5064E-LeaderElection133] INFO  impl.LeaderElection (LeaderElection.java:askForVotes(206)) - 016df35f-8c5c-427d-a7e6-984ca7ba6483@group-66104EC5064E-LeaderElection133: begin an election at term 1 for -1: [016df35f-8c5c-427d-a7e6-984ca7ba6483:172.17.0.2:42761], old=null
2020-04-23 23:59:33,218 [016df35f-8c5c-427d-a7e6-984ca7ba6483@group-66104EC5064E-LeaderElection133] INFO  impl.RoleInfo (RoleInfo.java:shutdownLeaderElection(134)) - 016df35f-8c5c-427d-a7e6-984ca7ba6483: shutdown LeaderElection
2020-04-23 23:59:33,218 [016df35f-8c5c-427d-a7e6-984ca7ba6483@group-66104EC5064E-LeaderElection133] INFO  impl.RaftServerImpl (RaftServerImpl.java:setRole(172)) - 016df35f-8c5c-427d-a7e6-984ca7ba6483@group-66104EC5064E: changes role from CANDIDATE to LEADER at term 1 for changeToLeader
2020-04-23 23:59:33,218 [016df35f-8c5c-427d-a7e6-984ca7ba6483@group-66104EC5064E-LeaderElection133] INFO  ratis.XceiverServerRatis (XceiverServerRatis.java:handleLeaderChangedNotification(761)) - Leader change notification received for group: group-66104EC5064E with new leaderId: 016df35f-8c5c-427d-a7e6-984ca7ba6483
2020-04-23 23:59:33,218 [016df35f-8c5c-427d-a7e6-984ca7ba6483@group-66104EC5064E-LeaderElection133] INFO  impl.RaftServerImpl (ServerState.java:setLeader(255)) - 016df35f-8c5c-427d-a7e6-984ca7ba6483@group-66104EC5064E: change Leader from null to 016df35f-8c5c-427d-a7e6-984ca7ba6483 at term 1 for becomeLeader, leader elected after 5240ms
2020-04-23 23:59:33,218 [016df35f-8c5c-427d-a7e6-984ca7ba6483@group-66104EC5064E-LeaderElection133] INFO  server.RaftServerConfigKeys (ConfUtils.java:logGet(44)) - raft.server.staging.catchup.gap = 1000 (default)
2020-04-23 23:59:33,218 [016df35f-8c5c-427d-a7e6-984ca7ba6483@group-66104EC5064E-LeaderElection133] INFO  server.RaftServerConfigKeys (ConfUtils.java:logGet(44)) - raft.server.rpc.sleep.time = 25ms (default)
2020-04-23 23:59:33,218 [016df35f-8c5c-427d-a7e6-984ca7ba6483@group-66104EC5064E-LeaderElection133] INFO  metrics.RatisMetrics (RatisMetrics.java:lambda$create$0(39)) - Creating Metrics Registry : ratis.log_appender.016df35f-8c5c-427d-a7e6-984ca7ba6483@group-66104EC5064E
2020-04-23 23:59:33,218 [016df35f-8c5c-427d-a7e6-984ca7ba6483@group-66104EC5064E-LeaderElection133] INFO  server.RaftServerConfigKeys (ConfUtils.java:logGet(44)) - raft.server.write.element-limit = 1024 (custom)
2020-04-23 23:59:33,218 [016df35f-8c5c-427d-a7e6-984ca7ba6483@group-66104EC5064E-LeaderElection133] INFO  server.RaftServerConfigKeys (ConfUtils.java:logGet(44)) - raft.server.write.byte-limit = 1073741824 (custom)
2020-04-23 23:59:33,221 [Thread-3859] INFO  impl.RoleInfo (RoleInfo.java:shutdownFollowerState(121)) - 545022e8-5328-4925-abb3-0aab3242966c: shutdown FollowerState
2020-04-23 23:59:33,222 [Thread-3859] INFO  impl.RaftServerImpl (RaftServerImpl.java:setRole(172)) - 545022e8-5328-4925-abb3-0aab3242966c@group-6AA2A86A4BBC: changes role from  FOLLOWER to CANDIDATE at term 0 for changeToCandidate
2020-04-23 23:59:33,222 [Thread-3859] INFO  impl.RoleInfo (RoleInfo.java:updateAndGet(143)) - 545022e8-5328-4925-abb3-0aab3242966c: start LeaderElection
2020-04-23 23:59:33,223 [016df35f-8c5c-427d-a7e6-984ca7ba6483@group-66104EC5064E-LeaderElection133] INFO  server.RaftServerConfigKeys (ConfUtils.java:logGet(44)) - raft.server.watch.timeout = 3s (custom)
2020-04-23 23:59:33,223 [016df35f-8c5c-427d-a7e6-984ca7ba6483@group-66104EC5064E-LeaderElection133] INFO  server.RaftServerConfigKeys (ConfUtils.java:logGet(44)) - raft.server.watch.timeout.denomination = 1s (default)
2020-04-23 23:59:33,223 [016df35f-8c5c-427d-a7e6-984ca7ba6483@group-66104EC5064E-LeaderElection133] INFO  server.RaftServerConfigKeys (ConfUtils.java:logGet(44)) - raft.server.watch.element-limit = 65536 (default)
2020-04-23 23:59:33,223 [016df35f-8c5c-427d-a7e6-984ca7ba6483@group-66104EC5064E-LeaderElection133] INFO  impl.RoleInfo (RoleInfo.java:updateAndGet(143)) - 016df35f-8c5c-427d-a7e6-984ca7ba6483: start LeaderState
2020-04-23 23:59:33,223 [016df35f-8c5c-427d-a7e6-984ca7ba6483@group-66104EC5064E-LeaderElection133] INFO  segmented.SegmentedRaftLogWorker (SegmentedRaftLogWorker.java:startLogSegment(391)) - 016df35f-8c5c-427d-a7e6-984ca7ba6483@group-66104EC5064E-SegmentedRaftLogWorker: Starting segment from index:0
2020-04-23 23:59:33,225 [016df35f-8c5c-427d-a7e6-984ca7ba6483@group-66104EC5064E-LeaderElection133] INFO  impl.RaftServerImpl (ServerState.java:setRaftConf(356)) - 016df35f-8c5c-427d-a7e6-984ca7ba6483@group-66104EC5064E: set configuration 0: [016df35f-8c5c-427d-a7e6-984ca7ba6483:172.17.0.2:42761], old=null at 0
2020-04-23 23:59:33,232 [016df35f-8c5c-427d-a7e6-984ca7ba6483@group-66104EC5064E-SegmentedRaftLogWorker] INFO  segmented.SegmentedRaftLogWorker (SegmentedRaftLogWorker.java:execute(583)) - 016df35f-8c5c-427d-a7e6-984ca7ba6483@group-66104EC5064E-SegmentedRaftLogWorker: created new log segment /github/workspace/mnt/ozone/hadoop-ozone/integration-test/target/test-dir/MiniOzoneClusterImpl-5529f01a-5ac3-4bff-808e-3a81da285252/datanode-3/data/ratis/118a0461-47df-47fe-955a-66104ec5064e/current/log_inprogress_0
2020-04-23 23:59:33,235 [545022e8-5328-4925-abb3-0aab3242966c@group-6AA2A86A4BBC-LeaderElection134] INFO  impl.LeaderElection (LeaderElection.java:askForVotes(206)) - 545022e8-5328-4925-abb3-0aab3242966c@group-6AA2A86A4BBC-LeaderElection134: begin an election at term 1 for -1: [545022e8-5328-4925-abb3-0aab3242966c:172.17.0.2:39841], old=null
2020-04-23 23:59:33,235 [545022e8-5328-4925-abb3-0aab3242966c@group-6AA2A86A4BBC-LeaderElection134] INFO  impl.RoleInfo (RoleInfo.java:shutdownLeaderElection(134)) - 545022e8-5328-4925-abb3-0aab3242966c: shutdown LeaderElection
2020-04-23 23:59:33,235 [545022e8-5328-4925-abb3-0aab3242966c@group-6AA2A86A4BBC-LeaderElection134] INFO  impl.RaftServerImpl (RaftServerImpl.java:setRole(172)) - 545022e8-5328-4925-abb3-0aab3242966c@group-6AA2A86A4BBC: changes role from CANDIDATE to LEADER at term 1 for changeToLeader
2020-04-23 23:59:33,235 [545022e8-5328-4925-abb3-0aab3242966c@group-6AA2A86A4BBC-LeaderElection134] INFO  ratis.XceiverServerRatis (XceiverServerRatis.java:handleLeaderChangedNotification(761)) - Leader change notification received for group: group-6AA2A86A4BBC with new leaderId: 545022e8-5328-4925-abb3-0aab3242966c
2020-04-23 23:59:33,235 [545022e8-5328-4925-abb3-0aab3242966c@group-6AA2A86A4BBC-LeaderElection134] INFO  impl.RaftServerImpl (ServerState.java:setLeader(255)) - 545022e8-5328-4925-abb3-0aab3242966c@group-6AA2A86A4BBC: change Leader from null to 545022e8-5328-4925-abb3-0aab3242966c at term 1 for becomeLeader, leader elected after 5057ms
2020-04-23 23:59:33,244 [Thread-3845] INFO  impl.FollowerState (FollowerState.java:run(108)) - 876d9ba1-69a9-4755-8e81-598d06cf1648@group-491188FBC516-FollowerState: change to CANDIDATE, lastRpcTime:5187ms, electionTimeout:5185ms
2020-04-23 23:59:33,245 [Thread-3845] INFO  impl.RoleInfo (RoleInfo.java:shutdownFollowerState(121)) - 876d9ba1-69a9-4755-8e81-598d06cf1648: shutdown FollowerState
2020-04-23 23:59:33,245 [Thread-3845] INFO  impl.RaftServerImpl (RaftServerImpl.java:setRole(172)) - 876d9ba1-69a9-4755-8e81-598d06cf1648@group-491188FBC516: changes role from  FOLLOWER to CANDIDATE at term 0 for changeToCandidate
2020-04-23 23:59:33,245 [545022e8-5328-4925-abb3-0aab3242966c@group-6AA2A86A4BBC-LeaderElection134] INFO  server.RaftServerConfigKeys (ConfUtils.java:logGet(44)) - raft.server.staging.catchup.gap = 1000 (default)
2020-04-23 23:59:33,245 [545022e8-5328-4925-abb3-0aab3242966c@group-6AA2A86A4BBC-LeaderElection134] INFO  server.RaftServerConfigKeys (ConfUtils.java:logGet(44)) - raft.server.rpc.sleep.time = 25ms (default)
2020-04-23 23:59:33,249 [545022e8-5328-4925-abb3-0aab3242966c@group-6AA2A86A4BBC-LeaderElection134] INFO  metrics.RatisMetrics (RatisMetrics.java:lambda$create$0(39)) - Creating Metrics Registry : ratis.log_appender.545022e8-5328-4925-abb3-0aab3242966c@group-6AA2A86A4BBC
2020-04-23 23:59:33,249 [Thread-3845] INFO  impl.RoleInfo (RoleInfo.java:updateAndGet(143)) - 876d9ba1-69a9-4755-8e81-598d06cf1648: start LeaderElection
2020-04-23 23:59:33,249 [545022e8-5328-4925-abb3-0aab3242966c@group-6AA2A86A4BBC-LeaderElection134] INFO  server.RaftServerConfigKeys (ConfUtils.java:logGet(44)) - raft.server.write.element-limit = 1024 (custom)
2020-04-23 23:59:33,249 [545022e8-5328-4925-abb3-0aab3242966c@group-6AA2A86A4BBC-LeaderElection134] INFO  server.RaftServerConfigKeys (ConfUtils.java:logGet(44)) - raft.server.write.byte-limit = 1073741824 (custom)
2020-04-23 23:59:33,250 [545022e8-5328-4925-abb3-0aab3242966c@group-6AA2A86A4BBC-LeaderElection134] INFO  server.RaftServerConfigKeys (ConfUtils.java:logGet(44)) - raft.server.watch.timeout = 3s (custom)
2020-04-23 23:59:33,250 [545022e8-5328-4925-abb3-0aab3242966c@group-6AA2A86A4BBC-LeaderElection134] INFO  server.RaftServerConfigKeys (ConfUtils.java:logGet(44)) - raft.server.watch.timeout.denomination = 1s (default)
2020-04-23 23:59:33,250 [545022e8-5328-4925-abb3-0aab3242966c@group-6AA2A86A4BBC-LeaderElection134] INFO  server.RaftServerConfigKeys (ConfUtils.java:logGet(44)) - raft.server.watch.element-limit = 65536 (default)
2020-04-23 23:59:33,250 [545022e8-5328-4925-abb3-0aab3242966c@group-6AA2A86A4BBC-LeaderElection134] INFO  impl.RoleInfo (RoleInfo.java:updateAndGet(143)) - 545022e8-5328-4925-abb3-0aab3242966c: start LeaderState
2020-04-23 23:59:33,252 [545022e8-5328-4925-abb3-0aab3242966c@group-6AA2A86A4BBC-LeaderElection134] INFO  segmented.SegmentedRaftLogWorker (SegmentedRaftLogWorker.java:startLogSegment(391)) - 545022e8-5328-4925-abb3-0aab3242966c@group-6AA2A86A4BBC-SegmentedRaftLogWorker: Starting segment from index:0
2020-04-23 23:59:33,253 [545022e8-5328-4925-abb3-0aab3242966c@group-6AA2A86A4BBC-LeaderElection134] INFO  impl.RaftServerImpl (ServerState.java:setRaftConf(356)) - 545022e8-5328-4925-abb3-0aab3242966c@group-6AA2A86A4BBC: set configuration 0: [545022e8-5328-4925-abb3-0aab3242966c:172.17.0.2:39841], old=null at 0
2020-04-23 23:59:33,253 [545022e8-5328-4925-abb3-0aab3242966c@group-6AA2A86A4BBC-SegmentedRaftLogWorker] INFO  segmented.SegmentedRaftLogWorker (SegmentedRaftLogWorker.java:execute(583)) - 545022e8-5328-4925-abb3-0aab3242966c@group-6AA2A86A4BBC-SegmentedRaftLogWorker: created new log segment /github/workspace/mnt/ozone/hadoop-ozone/integration-test/target/test-dir/MiniOzoneClusterImpl-5529f01a-5ac3-4bff-808e-3a81da285252/datanode-6/data/ratis/51cffb4c-ed56-471d-93b7-6aa2a86a4bbc/current/log_inprogress_0
2020-04-23 23:59:33,253 [876d9ba1-69a9-4755-8e81-598d06cf1648@group-491188FBC516-LeaderElection135] INFO  impl.LeaderElection (LeaderElection.java:askForVotes(206)) - 876d9ba1-69a9-4755-8e81-598d06cf1648@group-491188FBC516-LeaderElection135: begin an election at term 1 for -1: [876d9ba1-69a9-4755-8e81-598d06cf1648:172.17.0.2:45017], old=null
2020-04-23 23:59:33,253 [876d9ba1-69a9-4755-8e81-598d06cf1648@group-491188FBC516-LeaderElection135] INFO  impl.RoleInfo (RoleInfo.java:shutdownLeaderElection(134)) - 876d9ba1-69a9-4755-8e81-598d06cf1648: shutdown LeaderElection
2020-04-23 23:59:33,254 [876d9ba1-69a9-4755-8e81-598d06cf1648@group-491188FBC516-LeaderElection135] INFO  impl.RaftServerImpl (RaftServerImpl.java:setRole(172)) - 876d9ba1-69a9-4755-8e81-598d06cf1648@group-491188FBC516: changes role from CANDIDATE to LEADER at term 1 for changeToLeader
2020-04-23 23:59:33,254 [876d9ba1-69a9-4755-8e81-598d06cf1648@group-491188FBC516-LeaderElection135] INFO  ratis.XceiverServerRatis (XceiverServerRatis.java:handleLeaderChangedNotification(761)) - Leader change notification received for group: group-491188FBC516 with new leaderId: 876d9ba1-69a9-4755-8e81-598d06cf1648
2020-04-23 23:59:33,254 [876d9ba1-69a9-4755-8e81-598d06cf1648@group-491188FBC516-LeaderElection135] INFO  impl.RaftServerImpl (ServerState.java:setLeader(255)) - 876d9ba1-69a9-4755-8e81-598d06cf1648@group-491188FBC516: change Leader from null to 876d9ba1-69a9-4755-8e81-598d06cf1648 at term 1 for becomeLeader, leader elected after 5204ms
2020-04-23 23:59:33,258 [876d9ba1-69a9-4755-8e81-598d06cf1648@group-491188FBC516-LeaderElection135] INFO  server.RaftServerConfigKeys (ConfUtils.java:logGet(44)) - raft.server.staging.catchup.gap = 1000 (default)
2020-04-23 23:59:33,258 [876d9ba1-69a9-4755-8e81-598d06cf1648@group-491188FBC516-LeaderElection135] INFO  server.RaftServerConfigKeys (ConfUtils.java:logGet(44)) - raft.server.rpc.sleep.time = 25ms (default)
2020-04-23 23:59:33,258 [876d9ba1-69a9-4755-8e81-598d06cf1648@group-491188FBC516-LeaderElection135] INFO  metrics.RatisMetrics (RatisMetrics.java:lambda$create$0(39)) - Creating Metrics Registry : ratis.log_appender.876d9ba1-69a9-4755-8e81-598d06cf1648@group-491188FBC516
2020-04-23 23:59:33,259 [876d9ba1-69a9-4755-8e81-598d06cf1648@group-491188FBC516-LeaderElection135] INFO  server.RaftServerConfigKeys (ConfUtils.java:logGet(44)) - raft.server.write.element-limit = 1024 (custom)
2020-04-23 23:59:33,259 [876d9ba1-69a9-4755-8e81-598d06cf1648@group-491188FBC516-LeaderElection135] INFO  server.RaftServerConfigKeys (ConfUtils.java:logGet(44)) - raft.server.write.byte-limit = 1073741824 (custom)
2020-04-23 23:59:33,260 [876d9ba1-69a9-4755-8e81-598d06cf1648@group-491188FBC516-LeaderElection135] INFO  server.RaftServerConfigKeys (ConfUtils.java:logGet(44)) - raft.server.watch.timeout = 3s (custom)
2020-04-23 23:59:33,260 [876d9ba1-69a9-4755-8e81-598d06cf1648@group-491188FBC516-LeaderElection135] INFO  server.RaftServerConfigKeys (ConfUtils.java:logGet(44)) - raft.server.watch.timeout.denomination = 1s (default)
2020-04-23 23:59:33,260 [876d9ba1-69a9-4755-8e81-598d06cf1648@group-491188FBC516-LeaderElection135] INFO  server.RaftServerConfigKeys (ConfUtils.java:logGet(44)) - raft.server.watch.element-limit = 65536 (default)
2020-04-23 23:59:33,260 [876d9ba1-69a9-4755-8e81-598d06cf1648@group-491188FBC516-LeaderElection135] INFO  impl.RoleInfo (RoleInfo.java:updateAndGet(143)) - 876d9ba1-69a9-4755-8e81-598d06cf1648: start LeaderState
2020-04-23 23:59:33,260 [876d9ba1-69a9-4755-8e81-598d06cf1648@group-491188FBC516-LeaderElection135] INFO  segmented.SegmentedRaftLogWorker (SegmentedRaftLogWorker.java:startLogSegment(391)) - 876d9ba1-69a9-4755-8e81-598d06cf1648@group-491188FBC516-SegmentedRaftLogWorker: Starting segment from index:0
2020-04-23 23:59:33,262 [876d9ba1-69a9-4755-8e81-598d06cf1648@group-491188FBC516-SegmentedRaftLogWorker] INFO  segmented.SegmentedRaftLogWorker (SegmentedRaftLogWorker.java:execute(583)) - 876d9ba1-69a9-4755-8e81-598d06cf1648@group-491188FBC516-SegmentedRaftLogWorker: created new log segment /github/workspace/mnt/ozone/hadoop-ozone/integration-test/target/test-dir/MiniOzoneClusterImpl-5529f01a-5ac3-4bff-808e-3a81da285252/datanode-4/data/ratis/038b0e63-cded-40b6-a417-491188fbc516/current/log_inprogress_0
2020-04-23 23:59:33,264 [876d9ba1-69a9-4755-8e81-598d06cf1648@group-491188FBC516-LeaderElection135] INFO  impl.RaftServerImpl (ServerState.java:setRaftConf(356)) - 876d9ba1-69a9-4755-8e81-598d06cf1648@group-491188FBC516: set configuration 0: [876d9ba1-69a9-4755-8e81-598d06cf1648:172.17.0.2:45017], old=null at 0
2020-04-23 23:59:33,273 [main] INFO  rpc.RpcClient (RpcClient.java:createVolume(308)) - Creating Volume: testblockoutputstream, with jenkins1001 as owner.
2020-04-23 23:59:33,275 [IPC Server handler 3 on 38061] INFO  volume.OMVolumeCreateRequest (OMVolumeCreateRequest.java:validateAndUpdateCache(209)) - created volume:testblockoutputstream for user:jenkins1001
2020-04-23 23:59:33,283 [main] INFO  rpc.RpcClient (RpcClient.java:createBucket(447)) - Creating Bucket: testblockoutputstream/testblockoutputstream, with Versioning false and Storage Type set to DISK and Encryption set to false 
2020-04-23 23:59:35,947 [Thread-3868] INFO  container.ReplicationManager (ReplicationManager.java:start(165)) - Starting Replication Monitor Thread.
2020-04-23 23:59:35,950 [ReplicationMonitor] INFO  container.ReplicationManager (ReplicationManager.java:run(228)) - Replication Monitor Thread took 0 milliseconds for processing 1 containers.
2020-04-23 23:59:35,950 [EventQueue-CloseContainerForCloseContainerEventHandler] INFO  container.CloseContainerEventHandler (CloseContainerEventHandler.java:onMessage(61)) - Close container Event triggered for container : #1
2020-04-23 23:59:37,018 [Command processor thread] ERROR commandhandler.CloseContainerCommandHandler (CloseContainerCommandHandler.java:handle(85)) - Container #1 does not exist in datanode. Container close failed.
2020-04-23 23:59:37,124 [Command processor thread] ERROR commandhandler.CloseContainerCommandHandler (CloseContainerCommandHandler.java:handle(85)) - Container #1 does not exist in datanode. Container close failed.
2020-04-23 23:59:38,065 [Thread-3882] INFO  impl.FollowerState (FollowerState.java:run(108)) - 6a71ef53-ab22-4528-adad-9f6a8b03666b@group-75A9193C1AAF-FollowerState: change to CANDIDATE, lastRpcTime:5049ms, electionTimeout:5049ms
2020-04-23 23:59:38,065 [Thread-3882] INFO  impl.RoleInfo (RoleInfo.java:shutdownFollowerState(121)) - 6a71ef53-ab22-4528-adad-9f6a8b03666b: shutdown FollowerState
2020-04-23 23:59:38,065 [Thread-3882] INFO  impl.RaftServerImpl (RaftServerImpl.java:setRole(172)) - 6a71ef53-ab22-4528-adad-9f6a8b03666b@group-75A9193C1AAF: changes role from  FOLLOWER to CANDIDATE at term 2 for changeToCandidate
2020-04-23 23:59:38,065 [Thread-3882] INFO  impl.RoleInfo (RoleInfo.java:updateAndGet(143)) - 6a71ef53-ab22-4528-adad-9f6a8b03666b: start LeaderElection
2020-04-23 23:59:38,067 [6a71ef53-ab22-4528-adad-9f6a8b03666b@group-75A9193C1AAF-LeaderElection136] INFO  impl.LeaderElection (LeaderElection.java:askForVotes(206)) - 6a71ef53-ab22-4528-adad-9f6a8b03666b@group-75A9193C1AAF-LeaderElection136: begin an election at term 3 for -1: [e5f9a532-26d6-4fde-b118-89afbb9e15e9:172.17.0.2:38999, 0dc7066e-405b-4780-99cf-1352f26c2a84:172.17.0.2:37081, 6a71ef53-ab22-4528-adad-9f6a8b03666b:172.17.0.2:35203], old=null
2020-04-23 23:59:38,069 [grpc-default-executor-8] INFO  impl.RaftServerImpl (RaftServerImpl.java:setRole(172)) - e5f9a532-26d6-4fde-b118-89afbb9e15e9@group-75A9193C1AAF: changes role from  FOLLOWER to FOLLOWER at term 3 for recognizeCandidate:6a71ef53-ab22-4528-adad-9f6a8b03666b
2020-04-23 23:59:38,069 [grpc-default-executor-8] INFO  impl.RoleInfo (RoleInfo.java:shutdownFollowerState(121)) - e5f9a532-26d6-4fde-b118-89afbb9e15e9: shutdown FollowerState
2020-04-23 23:59:38,070 [grpc-default-executor-8] INFO  impl.RoleInfo (RoleInfo.java:updateAndGet(143)) - e5f9a532-26d6-4fde-b118-89afbb9e15e9: start FollowerState
2020-04-23 23:59:38,070 [Thread-3886] INFO  impl.FollowerState (FollowerState.java:run(117)) - e5f9a532-26d6-4fde-b118-89afbb9e15e9@group-75A9193C1AAF-FollowerState was interrupted: java.lang.InterruptedException: sleep interrupted
2020-04-23 23:59:38,070 [grpc-default-executor-9] INFO  impl.RaftServerImpl (RaftServerImpl.java:setRole(172)) - 0dc7066e-405b-4780-99cf-1352f26c2a84@group-75A9193C1AAF: changes role from  FOLLOWER to FOLLOWER at term 3 for recognizeCandidate:6a71ef53-ab22-4528-adad-9f6a8b03666b
2020-04-23 23:59:38,071 [grpc-default-executor-9] INFO  impl.RoleInfo (RoleInfo.java:shutdownFollowerState(121)) - 0dc7066e-405b-4780-99cf-1352f26c2a84: shutdown FollowerState
2020-04-23 23:59:38,071 [grpc-default-executor-9] INFO  impl.RoleInfo (RoleInfo.java:updateAndGet(143)) - 0dc7066e-405b-4780-99cf-1352f26c2a84: start FollowerState
2020-04-23 23:59:38,071 [Thread-3893] INFO  impl.FollowerState (FollowerState.java:run(117)) - 0dc7066e-405b-4780-99cf-1352f26c2a84@group-75A9193C1AAF-FollowerState was interrupted: java.lang.InterruptedException: sleep interrupted
2020-04-23 23:59:38,072 [6a71ef53-ab22-4528-adad-9f6a8b03666b@group-75A9193C1AAF-LeaderElection136] INFO  impl.LeaderElection (LeaderElection.java:logAndReturn(61)) - 6a71ef53-ab22-4528-adad-9f6a8b03666b@group-75A9193C1AAF-LeaderElection136: Election PASSED; received 1 response(s) [6a71ef53-ab22-4528-adad-9f6a8b03666b<-e5f9a532-26d6-4fde-b118-89afbb9e15e9#0:OK-t3] and 0 exception(s); 6a71ef53-ab22-4528-adad-9f6a8b03666b@group-75A9193C1AAF:t3, leader=null, voted=6a71ef53-ab22-4528-adad-9f6a8b03666b, raftlog=6a71ef53-ab22-4528-adad-9f6a8b03666b@group-75A9193C1AAF-SegmentedRaftLog:OPENED:c-1,f-1,i0, conf=-1: [e5f9a532-26d6-4fde-b118-89afbb9e15e9:172.17.0.2:38999, 0dc7066e-405b-4780-99cf-1352f26c2a84:172.17.0.2:37081, 6a71ef53-ab22-4528-adad-9f6a8b03666b:172.17.0.2:35203], old=null
2020-04-23 23:59:38,073 [6a71ef53-ab22-4528-adad-9f6a8b03666b@group-75A9193C1AAF-LeaderElection136] INFO  impl.RoleInfo (RoleInfo.java:shutdownLeaderElection(134)) - 6a71ef53-ab22-4528-adad-9f6a8b03666b: shutdown LeaderElection
2020-04-23 23:59:38,073 [6a71ef53-ab22-4528-adad-9f6a8b03666b@group-75A9193C1AAF-LeaderElection136] INFO  impl.RaftServerImpl (RaftServerImpl.java:setRole(172)) - 6a71ef53-ab22-4528-adad-9f6a8b03666b@group-75A9193C1AAF: changes role from CANDIDATE to LEADER at term 3 for changeToLeader
2020-04-23 23:59:38,073 [6a71ef53-ab22-4528-adad-9f6a8b03666b@group-75A9193C1AAF-LeaderElection136] INFO  ratis.XceiverServerRatis (XceiverServerRatis.java:handleLeaderChangedNotification(761)) - Leader change notification received for group: group-75A9193C1AAF with new leaderId: 6a71ef53-ab22-4528-adad-9f6a8b03666b
2020-04-23 23:59:38,073 [6a71ef53-ab22-4528-adad-9f6a8b03666b@group-75A9193C1AAF-LeaderElection136] INFO  impl.RaftServerImpl (ServerState.java:setLeader(255)) - 6a71ef53-ab22-4528-adad-9f6a8b03666b@group-75A9193C1AAF: change Leader from null to 6a71ef53-ab22-4528-adad-9f6a8b03666b at term 3 for becomeLeader, leader elected after 10203ms
2020-04-23 23:59:38,073 [6a71ef53-ab22-4528-adad-9f6a8b03666b@group-75A9193C1AAF-LeaderElection136] INFO  server.RaftServerConfigKeys (ConfUtils.java:logGet(44)) - raft.server.staging.catchup.gap = 1000 (default)
2020-04-23 23:59:38,073 [6a71ef53-ab22-4528-adad-9f6a8b03666b@group-75A9193C1AAF-LeaderElection136] INFO  server.RaftServerConfigKeys (ConfUtils.java:logGet(44)) - raft.server.rpc.sleep.time = 25ms (default)
2020-04-23 23:59:38,073 [6a71ef53-ab22-4528-adad-9f6a8b03666b@group-75A9193C1AAF-LeaderElection136] INFO  metrics.RatisMetrics (RatisMetrics.java:lambda$create$0(39)) - Creating Metrics Registry : ratis.log_appender.6a71ef53-ab22-4528-adad-9f6a8b03666b@group-75A9193C1AAF
2020-04-23 23:59:38,073 [6a71ef53-ab22-4528-adad-9f6a8b03666b@group-75A9193C1AAF-LeaderElection136] INFO  server.RaftServerConfigKeys (ConfUtils.java:logGet(44)) - raft.server.write.element-limit = 1024 (custom)
2020-04-23 23:59:38,073 [6a71ef53-ab22-4528-adad-9f6a8b03666b@group-75A9193C1AAF-LeaderElection136] INFO  server.RaftServerConfigKeys (ConfUtils.java:logGet(44)) - raft.server.write.byte-limit = 1073741824 (custom)
2020-04-23 23:59:38,074 [6a71ef53-ab22-4528-adad-9f6a8b03666b@group-75A9193C1AAF-LeaderElection136] INFO  server.RaftServerConfigKeys (ConfUtils.java:logGet(44)) - raft.server.watch.timeout = 3s (custom)
2020-04-23 23:59:38,074 [6a71ef53-ab22-4528-adad-9f6a8b03666b@group-75A9193C1AAF-LeaderElection136] INFO  server.RaftServerConfigKeys (ConfUtils.java:logGet(44)) - raft.server.watch.timeout.denomination = 1s (default)
2020-04-23 23:59:38,074 [6a71ef53-ab22-4528-adad-9f6a8b03666b@group-75A9193C1AAF-LeaderElection136] INFO  server.RaftServerConfigKeys (ConfUtils.java:logGet(44)) - raft.server.watch.element-limit = 65536 (default)
2020-04-23 23:59:38,074 [6a71ef53-ab22-4528-adad-9f6a8b03666b@group-75A9193C1AAF-LeaderElection136] INFO  server.RaftServerConfigKeys (ConfUtils.java:logGet(44)) - raft.server.log.appender.snapshot.chunk.size.max = 16MB (=16777216) (default)
2020-04-23 23:59:38,074 [6a71ef53-ab22-4528-adad-9f6a8b03666b@group-75A9193C1AAF-LeaderElection136] INFO  server.RaftServerConfigKeys (ConfUtils.java:logGet(44)) - raft.server.log.appender.buffer.byte-limit = 33554432 (custom)
2020-04-23 23:59:38,075 [6a71ef53-ab22-4528-adad-9f6a8b03666b@group-75A9193C1AAF-LeaderElection136] INFO  server.RaftServerConfigKeys (ConfUtils.java:logGet(44)) - raft.server.log.appender.buffer.element-limit = 1 (custom)
2020-04-23 23:59:38,075 [6a71ef53-ab22-4528-adad-9f6a8b03666b@group-75A9193C1AAF-LeaderElection136] INFO  grpc.GrpcConfigKeys (ConfUtils.java:logGet(44)) - raft.grpc.server.leader.outstanding.appends.max = 128 (default)
2020-04-23 23:59:38,075 [6a71ef53-ab22-4528-adad-9f6a8b03666b@group-75A9193C1AAF-LeaderElection136] INFO  server.RaftServerConfigKeys (ConfUtils.java:logGet(44)) - raft.server.rpc.request.timeout = 3s (default)
2020-04-23 23:59:38,075 [6a71ef53-ab22-4528-adad-9f6a8b03666b@group-75A9193C1AAF-LeaderElection136] INFO  server.RaftServerConfigKeys (ConfUtils.java:logGet(44)) - raft.server.log.appender.install.snapshot.enabled = false (custom)
2020-04-23 23:59:38,077 [6a71ef53-ab22-4528-adad-9f6a8b03666b@group-75A9193C1AAF-LeaderElection136] INFO  server.RaftServerConfigKeys (ConfUtils.java:logGet(44)) - raft.server.log.appender.snapshot.chunk.size.max = 16MB (=16777216) (default)
2020-04-23 23:59:38,077 [6a71ef53-ab22-4528-adad-9f6a8b03666b@group-75A9193C1AAF-LeaderElection136] INFO  server.RaftServerConfigKeys (ConfUtils.java:logGet(44)) - raft.server.log.appender.buffer.byte-limit = 33554432 (custom)
2020-04-23 23:59:38,078 [6a71ef53-ab22-4528-adad-9f6a8b03666b@group-75A9193C1AAF-LeaderElection136] INFO  server.RaftServerConfigKeys (ConfUtils.java:logGet(44)) - raft.server.log.appender.buffer.element-limit = 1 (custom)
2020-04-23 23:59:38,078 [6a71ef53-ab22-4528-adad-9f6a8b03666b@group-75A9193C1AAF-LeaderElection136] INFO  grpc.GrpcConfigKeys (ConfUtils.java:logGet(44)) - raft.grpc.server.leader.outstanding.appends.max = 128 (default)
2020-04-23 23:59:38,078 [6a71ef53-ab22-4528-adad-9f6a8b03666b@group-75A9193C1AAF-LeaderElection136] INFO  server.RaftServerConfigKeys (ConfUtils.java:logGet(44)) - raft.server.rpc.request.timeout = 3s (default)
2020-04-23 23:59:38,078 [6a71ef53-ab22-4528-adad-9f6a8b03666b@group-75A9193C1AAF-LeaderElection136] INFO  server.RaftServerConfigKeys (ConfUtils.java:logGet(44)) - raft.server.log.appender.install.snapshot.enabled = false (custom)
2020-04-23 23:59:38,080 [6a71ef53-ab22-4528-adad-9f6a8b03666b@group-75A9193C1AAF-LeaderElection136] INFO  impl.RoleInfo (RoleInfo.java:updateAndGet(143)) - 6a71ef53-ab22-4528-adad-9f6a8b03666b: start LeaderState
2020-04-23 23:59:38,080 [6a71ef53-ab22-4528-adad-9f6a8b03666b@group-75A9193C1AAF-LeaderElection136] INFO  segmented.SegmentedRaftLogWorker (SegmentedRaftLogWorker.java:startLogSegment(391)) - 6a71ef53-ab22-4528-adad-9f6a8b03666b@group-75A9193C1AAF-SegmentedRaftLogWorker: Starting segment from index:0
2020-04-23 23:59:38,081 [6a71ef53-ab22-4528-adad-9f6a8b03666b@group-75A9193C1AAF-LeaderElection136] INFO  impl.RaftServerImpl (ServerState.java:setRaftConf(356)) - 6a71ef53-ab22-4528-adad-9f6a8b03666b@group-75A9193C1AAF: set configuration 0: [e5f9a532-26d6-4fde-b118-89afbb9e15e9:172.17.0.2:38999, 0dc7066e-405b-4780-99cf-1352f26c2a84:172.17.0.2:37081, 6a71ef53-ab22-4528-adad-9f6a8b03666b:172.17.0.2:35203], old=null at 0
2020-04-23 23:59:38,081 [6a71ef53-ab22-4528-adad-9f6a8b03666b@group-75A9193C1AAF-SegmentedRaftLogWorker] INFO  segmented.SegmentedRaftLogWorker (SegmentedRaftLogWorker.java:execute(583)) - 6a71ef53-ab22-4528-adad-9f6a8b03666b@group-75A9193C1AAF-SegmentedRaftLogWorker: created new log segment /github/workspace/mnt/ozone/hadoop-ozone/integration-test/target/test-dir/MiniOzoneClusterImpl-5529f01a-5ac3-4bff-808e-3a81da285252/datanode-1/data/ratis/178afc60-d102-43ae-8369-75a9193c1aaf/current/log_inprogress_0
2020-04-23 23:59:38,083 [grpc-default-executor-4] INFO  impl.FollowerInfo (FollowerInfo.java:lambda$new$0(50)) - 0dc7066e-405b-4780-99cf-1352f26c2a84@group-75A9193C1AAF->e5f9a532-26d6-4fde-b118-89afbb9e15e9: nextIndex: updateUnconditionally 1 -> 0
2020-04-23 23:59:38,083 [grpc-default-executor-6] INFO  impl.FollowerInfo (FollowerInfo.java:lambda$new$0(50)) - 0dc7066e-405b-4780-99cf-1352f26c2a84@group-75A9193C1AAF->6a71ef53-ab22-4528-adad-9f6a8b03666b: nextIndex: updateUnconditionally 1 -> 0
2020-04-23 23:59:38,093 [grpc-default-executor-6] INFO  ratis.XceiverServerRatis (XceiverServerRatis.java:handleLeaderChangedNotification(761)) - Leader change notification received for group: group-75A9193C1AAF with new leaderId: 6a71ef53-ab22-4528-adad-9f6a8b03666b
2020-04-23 23:59:38,093 [grpc-default-executor-6] INFO  impl.RaftServerImpl (ServerState.java:setLeader(255)) - e5f9a532-26d6-4fde-b118-89afbb9e15e9@group-75A9193C1AAF: change Leader from null to 6a71ef53-ab22-4528-adad-9f6a8b03666b at term 3 for appendEntries, leader elected after 10164ms
2020-04-23 23:59:38,096 [grpc-default-executor-4] INFO  ratis.XceiverServerRatis (XceiverServerRatis.java:handleLeaderChangedNotification(761)) - Leader change notification received for group: group-75A9193C1AAF with new leaderId: 6a71ef53-ab22-4528-adad-9f6a8b03666b
2020-04-23 23:59:38,096 [grpc-default-executor-4] INFO  impl.RaftServerImpl (ServerState.java:setLeader(255)) - 0dc7066e-405b-4780-99cf-1352f26c2a84@group-75A9193C1AAF: change Leader from null to 6a71ef53-ab22-4528-adad-9f6a8b03666b at term 3 for appendEntries, leader elected after 5028ms
2020-04-23 23:59:38,098 [grpc-default-executor-6] INFO  impl.RaftServerImpl (ServerState.java:setRaftConf(356)) - e5f9a532-26d6-4fde-b118-89afbb9e15e9@group-75A9193C1AAF: set configuration 0: [e5f9a532-26d6-4fde-b118-89afbb9e15e9:172.17.0.2:38999, 0dc7066e-405b-4780-99cf-1352f26c2a84:172.17.0.2:37081, 6a71ef53-ab22-4528-adad-9f6a8b03666b:172.17.0.2:35203], old=null at 0
2020-04-23 23:59:38,099 [grpc-default-executor-6] INFO  segmented.SegmentedRaftLogWorker (SegmentedRaftLogWorker.java:startLogSegment(391)) - e5f9a532-26d6-4fde-b118-89afbb9e15e9@group-75A9193C1AAF-SegmentedRaftLogWorker: Starting segment from index:0
2020-04-23 23:59:38,099 [grpc-default-executor-4] INFO  impl.RaftServerImpl (ServerState.java:setRaftConf(356)) - 0dc7066e-405b-4780-99cf-1352f26c2a84@group-75A9193C1AAF: set configuration 0: [e5f9a532-26d6-4fde-b118-89afbb9e15e9:172.17.0.2:38999, 0dc7066e-405b-4780-99cf-1352f26c2a84:172.17.0.2:37081, 6a71ef53-ab22-4528-adad-9f6a8b03666b:172.17.0.2:35203], old=null at 0
2020-04-23 23:59:38,099 [grpc-default-executor-4] INFO  segmented.SegmentedRaftLogWorker (SegmentedRaftLogWorker.java:truncate(407)) - 0dc7066e-405b-4780-99cf-1352f26c2a84@group-75A9193C1AAF-SegmentedRaftLogWorker: Truncating segments toTruncate: null
  toDelete: [(0, 0) isOpen? true, length=0, newEndIndex=-1], start index 0
2020-04-23 23:59:38,099 [grpc-default-executor-4] INFO  segmented.SegmentedRaftLogWorker (SegmentedRaftLogWorker.java:startLogSegment(391)) - 0dc7066e-405b-4780-99cf-1352f26c2a84@group-75A9193C1AAF-SegmentedRaftLogWorker: Starting segment from index:0
2020-04-23 23:59:38,100 [e5f9a532-26d6-4fde-b118-89afbb9e15e9@group-75A9193C1AAF-SegmentedRaftLogWorker] INFO  segmented.SegmentedRaftLogWorker (SegmentedRaftLogWorker.java:execute(583)) - e5f9a532-26d6-4fde-b118-89afbb9e15e9@group-75A9193C1AAF-SegmentedRaftLogWorker: created new log segment /github/workspace/mnt/ozone/hadoop-ozone/integration-test/target/test-dir/MiniOzoneClusterImpl-5529f01a-5ac3-4bff-808e-3a81da285252/datanode-2/data/ratis/178afc60-d102-43ae-8369-75a9193c1aaf/current/log_inprogress_0
2020-04-23 23:59:38,101 [0dc7066e-405b-4780-99cf-1352f26c2a84@group-75A9193C1AAF-SegmentedRaftLogWorker] INFO  segmented.SegmentedRaftLogWorker (SegmentedRaftLogWorker.java:execute(650)) - 0dc7066e-405b-4780-99cf-1352f26c2a84@group-75A9193C1AAF-SegmentedRaftLogWorker: Deleted log file /github/workspace/mnt/ozone/hadoop-ozone/integration-test/target/test-dir/MiniOzoneClusterImpl-5529f01a-5ac3-4bff-808e-3a81da285252/datanode-0/data/ratis/178afc60-d102-43ae-8369-75a9193c1aaf/current/log_inprogress_0
2020-04-23 23:59:38,101 [0dc7066e-405b-4780-99cf-1352f26c2a84@group-75A9193C1AAF-SegmentedRaftLogWorker] INFO  segmented.SegmentedRaftLogWorker (SegmentedRaftLogWorker.java:lambda$new$0(129)) - 0dc7066e-405b-4780-99cf-1352f26c2a84@group-75A9193C1AAF-SegmentedRaftLogWorker: flushIndex: setUnconditionally 0 -> -1
2020-04-23 23:59:38,102 [0dc7066e-405b-4780-99cf-1352f26c2a84@group-75A9193C1AAF-SegmentedRaftLogWorker] INFO  segmented.SegmentedRaftLogWorker (SegmentedRaftLogWorker.java:execute(583)) - 0dc7066e-405b-4780-99cf-1352f26c2a84@group-75A9193C1AAF-SegmentedRaftLogWorker: created new log segment /github/workspace/mnt/ozone/hadoop-ozone/integration-test/target/test-dir/MiniOzoneClusterImpl-5529f01a-5ac3-4bff-808e-3a81da285252/datanode-0/data/ratis/178afc60-d102-43ae-8369-75a9193c1aaf/current/log_inprogress_0
2020-04-23 23:59:38,896 [RatisApplyTransactionExecutor 1] INFO  interfaces.Container (KeyValueContainer.java:flushAndSyncDB(387)) - Container 1 is synced with bcsId 3.
2020-04-23 23:59:38,896 [RatisApplyTransactionExecutor 1] INFO  interfaces.Container (KeyValueContainer.java:flushAndSyncDB(387)) - Container 1 is synced with bcsId 3.
2020-04-23 23:59:38,899 [RatisApplyTransactionExecutor 1] INFO  interfaces.Container (KeyValueContainer.java:close(325)) - Container 1 is closed with bcsId 3.
2020-04-23 23:59:38,905 [RatisApplyTransactionExecutor 1] INFO  interfaces.Container (KeyValueContainer.java:flushAndSyncDB(387)) - Container 1 is synced with bcsId 3.
2020-04-23 23:59:38,905 [RatisApplyTransactionExecutor 1] INFO  interfaces.Container (KeyValueContainer.java:flushAndSyncDB(387)) - Container 1 is synced with bcsId 3.
2020-04-23 23:59:38,906 [EventQueue-IncrementalContainerReportForIncrementalContainerReportHandler] INFO  container.IncrementalContainerReportHandler (AbstractContainerReportHandler.java:updateContainerState(178)) - Moving container #1 to CLOSED state, datanode 6a71ef53-ab22-4528-adad-9f6a8b03666b{ip: 172.17.0.2, host: 9acf12ef3076, networkLocation: /default-rack, certSerialId: null} reported CLOSED replica.
2020-04-23 23:59:38,909 [RatisApplyTransactionExecutor 1] INFO  interfaces.Container (KeyValueContainer.java:close(325)) - Container 1 is closed with bcsId 3.
2020-04-23 23:59:38,911 [RatisApplyTransactionExecutor 1] INFO  interfaces.Container (KeyValueContainer.java:flushAndSyncDB(387)) - Container 1 is synced with bcsId 3.
2020-04-23 23:59:38,911 [RatisApplyTransactionExecutor 1] INFO  interfaces.Container (KeyValueContainer.java:flushAndSyncDB(387)) - Container 1 is synced with bcsId 3.
2020-04-23 23:59:38,912 [main] INFO  ozone.MiniOzoneClusterImpl (MiniOzoneClusterImpl.java:shutdown(387)) - Shutting down the Mini Ozone Cluster
2020-04-23 23:59:38,913 [main] INFO  ozone.MiniOzoneClusterImpl (MiniOzoneClusterImpl.java:stop(402)) - Stopping the Mini Ozone Cluster
2020-04-23 23:59:38,913 [main] INFO  ozone.MiniOzoneClusterImpl (MiniOzoneClusterImpl.java:stopOM(484)) - Stopping the OzoneManager
2020-04-23 23:59:38,913 [main] INFO  ipc.Server (Server.java:stop(3082)) - Stopping server on 38061
2020-04-23 23:59:38,919 [main] INFO  ratis.OzoneManagerDoubleBuffer (OzoneManagerDoubleBuffer.java:stop(272)) - Stopping OMDoubleBuffer flush thread
2020-04-23 23:59:38,919 [IPC Server listener on 38061] INFO  ipc.Server (Server.java:run(1185)) - Stopping IPC Server listener on 38061
2020-04-23 23:59:38,919 [IPC Server Responder] INFO  ipc.Server (Server.java:run(1319)) - Stopping IPC Server Responder
2020-04-23 23:59:38,919 [OMDoubleBufferFlushThread] INFO  ratis.OzoneManagerDoubleBuffer (OzoneManagerDoubleBuffer.java:flushTransactions(206)) - OMDoubleBuffer flush thread OMDoubleBufferFlushThread is interrupted and will exit. OMDoubleBufferFlushThread
2020-04-23 23:59:38,919 [main] INFO  utils.BackgroundService (BackgroundService.java:shutdown(157)) - Shutting down service KeyDeletingService
2020-04-23 23:59:38,922 [RatisApplyTransactionExecutor 1] INFO  interfaces.Container (KeyValueContainer.java:close(325)) - Container 1 is closed with bcsId 3.
2020-04-23 23:59:38,922 [main] INFO  handler.ContextHandler (ContextHandler.java:doStop(1016)) - Stopped o.e.j.w.WebAppContext@5e53daf6{ozoneManager,/,null,UNAVAILABLE}{file:/github/workspace/mnt/ozone/hadoop-ozone/integration-test/target/test-classes/webapps/ozoneManager}
2020-04-23 23:59:38,923 [main] INFO  server.AbstractConnector (AbstractConnector.java:doStop(380)) - Stopped ServerConnector@29b8462b{HTTP/1.1,[http/1.1]}{0.0.0.0:0}
2020-04-23 23:59:38,923 [main] INFO  server.session (HouseKeeper.java:stopScavenging(158)) - node0 Stopped scavenging
2020-04-23 23:59:38,923 [main] INFO  handler.ContextHandler (ContextHandler.java:doStop(1016)) - Stopped o.e.j.s.ServletContextHandler@3b3ecbca{static,/static,file:///github/workspace/mnt/ozone/hadoop-ozone/integration-test/target/test-classes/webapps/static,UNAVAILABLE}
2020-04-23 23:59:38,924 [main] INFO  handler.ContextHandler (ContextHandler.java:doStop(1016)) - Stopped o.e.j.s.ServletContextHandler@48ac2530{logs,/logs,file:///github/workspace/mnt/ozone/hadoop-ozone/integration-test/target/log,UNAVAILABLE}
2020-04-23 23:59:38,925 [main] INFO  ozone.MiniOzoneClusterImpl (MiniOzoneClusterImpl.java:stopDatanodes(461)) - Stopping the HddsDatanodes
2020-04-23 23:59:39,258 [Datanode State Machine Thread - 0] INFO  statemachine.DatanodeStateMachine (DatanodeStateMachine.java:lambda$startDaemon$0(376)) - Ozone container server started.
2020-04-23 23:59:39,904 [Datanode State Machine Thread - 0] INFO  statemachine.DatanodeStateMachine (DatanodeStateMachine.java:lambda$startDaemon$0(376)) - Ozone container server started.
2020-04-23 23:59:43,926 [main] INFO  ozoneimpl.OzoneContainer (OzoneContainer.java:stop(246)) - Attempting to stop container services.
2020-04-23 23:59:43,926 [ForkJoinPool.commonPool-worker-0] INFO  ozoneimpl.OzoneContainer (OzoneContainer.java:stop(246)) - Attempting to stop container services.
2020-04-23 23:59:43,926 [main] INFO  impl.RaftServerProxy (RaftServerProxy.java:lambda$close$4(314)) - 876d9ba1-69a9-4755-8e81-598d06cf1648: close
2020-04-23 23:59:43,926 [ForkJoinPool.commonPool-worker-0] INFO  impl.RaftServerProxy (RaftServerProxy.java:lambda$close$4(314)) - 6a71ef53-ab22-4528-adad-9f6a8b03666b: close
2020-04-23 23:59:43,926 [ForkJoinPool.commonPool-worker-0] INFO  impl.RaftServerImpl (RaftServerImpl.java:lambda$shutdown$3(249)) - 6a71ef53-ab22-4528-adad-9f6a8b03666b@group-A2C853F9D6F0: shutdown
2020-04-23 23:59:43,927 [ForkJoinPool.commonPool-worker-0] INFO  util.JmxRegister (JmxRegister.java:unregister(73)) - Successfully un-registered JMX Bean with object name Ratis:service=RaftServer,group=group-A2C853F9D6F0,id=6a71ef53-ab22-4528-adad-9f6a8b03666b
2020-04-23 23:59:43,927 [ForkJoinPool.commonPool-worker-0] INFO  impl.RoleInfo (RoleInfo.java:shutdownFollowerState(121)) - 6a71ef53-ab22-4528-adad-9f6a8b03666b: shutdown FollowerState
2020-04-23 23:59:43,927 [ForkJoinPool.commonPool-worker-0] INFO  impl.StateMachineUpdater (StateMachineUpdater.java:stopAndJoin(139)) - 6a71ef53-ab22-4528-adad-9f6a8b03666b@group-A2C853F9D6F0-StateMachineUpdater: set stopIndex = 0
2020-04-23 23:59:43,927 [6a71ef53-ab22-4528-adad-9f6a8b03666b@group-A2C853F9D6F0-StateMachineUpdater] INFO  ratis.ContainerStateMachine (ContainerStateMachine.java:takeSnapshot(288)) - group-A2C853F9D6F0: Taking a snapshot at:(t:1, i:0) file /github/workspace/mnt/ozone/hadoop-ozone/integration-test/target/test-dir/MiniOzoneClusterImpl-5529f01a-5ac3-4bff-808e-3a81da285252/datanode-1/data/ratis/e2143834-5a02-4cab-ae28-a2c853f9d6f0/sm/snapshot.1_0
2020-04-23 23:59:43,926 [main] INFO  impl.RaftServerImpl (RaftServerImpl.java:lambda$shutdown$3(249)) - 876d9ba1-69a9-4755-8e81-598d06cf1648@group-491188FBC516: shutdown
2020-04-23 23:59:43,928 [6a71ef53-ab22-4528-adad-9f6a8b03666b@group-A2C853F9D6F0-StateMachineUpdater] INFO  ratis.ContainerStateMachine (ContainerStateMachine.java:takeSnapshot(299)) - group-A2C853F9D6F0: Finished taking a snapshot at:(t:1, i:0) file:/github/workspace/mnt/ozone/hadoop-ozone/integration-test/target/test-dir/MiniOzoneClusterImpl-5529f01a-5ac3-4bff-808e-3a81da285252/datanode-1/data/ratis/e2143834-5a02-4cab-ae28-a2c853f9d6f0/sm/snapshot.1_0 time:1
2020-04-23 23:59:43,927 [Thread-3866] INFO  impl.FollowerState (FollowerState.java:run(117)) - 6a71ef53-ab22-4528-adad-9f6a8b03666b@group-A2C853F9D6F0-FollowerState was interrupted: java.lang.InterruptedException: sleep interrupted
2020-04-23 23:59:43,928 [6a71ef53-ab22-4528-adad-9f6a8b03666b@group-A2C853F9D6F0-StateMachineUpdater] INFO  impl.StateMachineUpdater (StateMachineUpdater.java:takeSnapshot(274)) - 6a71ef53-ab22-4528-adad-9f6a8b03666b@group-A2C853F9D6F0-StateMachineUpdater: Took a snapshot at index 0
2020-04-23 23:59:43,928 [6a71ef53-ab22-4528-adad-9f6a8b03666b@group-A2C853F9D6F0-StateMachineUpdater] INFO  impl.StateMachineUpdater (StateMachineUpdater.java:lambda$new$0(86)) - 6a71ef53-ab22-4528-adad-9f6a8b03666b@group-A2C853F9D6F0-StateMachineUpdater: snapshotIndex: updateIncreasingly -1 -> 0
2020-04-23 23:59:43,928 [main] INFO  util.JmxRegister (JmxRegister.java:unregister(73)) - Successfully un-registered JMX Bean with object name Ratis:service=RaftServer,group=group-491188FBC516,id=876d9ba1-69a9-4755-8e81-598d06cf1648
2020-04-23 23:59:43,928 [main] INFO  impl.RoleInfo (RoleInfo.java:shutdownLeaderState(104)) - 876d9ba1-69a9-4755-8e81-598d06cf1648: shutdown LeaderState
2020-04-23 23:59:43,929 [main] INFO  impl.PendingRequests (PendingRequests.java:sendNotLeaderResponses(240)) - 876d9ba1-69a9-4755-8e81-598d06cf1648@group-491188FBC516-PendingRequests: sendNotLeaderResponses
2020-04-23 23:59:43,929 [main] INFO  metrics.RatisMetrics (RatisMetrics.java:unregister(46)) - Unregistering Metrics Registry : ratis.log_appender.876d9ba1-69a9-4755-8e81-598d06cf1648@group-491188FBC516
2020-04-23 23:59:43,929 [main] INFO  impl.StateMachineUpdater (StateMachineUpdater.java:stopAndJoin(139)) - 876d9ba1-69a9-4755-8e81-598d06cf1648@group-491188FBC516-StateMachineUpdater: set stopIndex = 0
2020-04-23 23:59:43,928 [6a71ef53-ab22-4528-adad-9f6a8b03666b@group-A2C853F9D6F0-StateMachineUpdater] INFO  metrics.RatisMetrics (RatisMetrics.java:unregister(46)) - Unregistering Metrics Registry : ratis.state_machine.6a71ef53-ab22-4528-adad-9f6a8b03666b@group-A2C853F9D6F0
2020-04-23 23:59:43,929 [ForkJoinPool.commonPool-worker-0] INFO  impl.RaftServerImpl (ServerState.java:close(387)) - 6a71ef53-ab22-4528-adad-9f6a8b03666b@group-A2C853F9D6F0: closes. applyIndex: 0
2020-04-23 23:59:43,929 [876d9ba1-69a9-4755-8e81-598d06cf1648@group-491188FBC516-StateMachineUpdater] INFO  ratis.ContainerStateMachine (ContainerStateMachine.java:takeSnapshot(288)) - group-491188FBC516: Taking a snapshot at:(t:1, i:0) file /github/workspace/mnt/ozone/hadoop-ozone/integration-test/target/test-dir/MiniOzoneClusterImpl-5529f01a-5ac3-4bff-808e-3a81da285252/datanode-4/data/ratis/038b0e63-cded-40b6-a417-491188fbc516/sm/snapshot.1_0
2020-04-23 23:59:43,929 [6a71ef53-ab22-4528-adad-9f6a8b03666b@group-A2C853F9D6F0-SegmentedRaftLogWorker] INFO  segmented.SegmentedRaftLogWorker (SegmentedRaftLogWorker.java:run(321)) - 6a71ef53-ab22-4528-adad-9f6a8b03666b@group-A2C853F9D6F0-SegmentedRaftLogWorker was interrupted, exiting. There are 0 tasks remaining in the queue.
2020-04-23 23:59:43,930 [876d9ba1-69a9-4755-8e81-598d06cf1648@group-491188FBC516-StateMachineUpdater] INFO  ratis.ContainerStateMachine (ContainerStateMachine.java:takeSnapshot(299)) - group-491188FBC516: Finished taking a snapshot at:(t:1, i:0) file:/github/workspace/mnt/ozone/hadoop-ozone/integration-test/target/test-dir/MiniOzoneClusterImpl-5529f01a-5ac3-4bff-808e-3a81da285252/datanode-4/data/ratis/038b0e63-cded-40b6-a417-491188fbc516/sm/snapshot.1_0 time:1
2020-04-23 23:59:43,930 [ForkJoinPool.commonPool-worker-0] INFO  segmented.SegmentedRaftLogWorker (SegmentedRaftLogWorker.java:close(229)) - 6a71ef53-ab22-4528-adad-9f6a8b03666b@group-A2C853F9D6F0-SegmentedRaftLogWorker close()
2020-04-23 23:59:43,931 [876d9ba1-69a9-4755-8e81-598d06cf1648@group-491188FBC516-StateMachineUpdater] INFO  impl.StateMachineUpdater (StateMachineUpdater.java:takeSnapshot(274)) - 876d9ba1-69a9-4755-8e81-598d06cf1648@group-491188FBC516-StateMachineUpdater: Took a snapshot at index 0
2020-04-23 23:59:43,932 [ForkJoinPool.commonPool-worker-0] INFO  metrics.RatisMetrics (RatisMetrics.java:unregister(46)) - Unregistering Metrics Registry : ratis.log_worker.6a71ef53-ab22-4528-adad-9f6a8b03666b
2020-04-23 23:59:43,932 [ForkJoinPool.commonPool-worker-0] INFO  metrics.RatisMetrics (RatisMetrics.java:unregister(46)) - Unregistering Metrics Registry : ratis.leader_election.6a71ef53-ab22-4528-adad-9f6a8b03666b@group-A2C853F9D6F0
2020-04-23 23:59:43,932 [ForkJoinPool.commonPool-worker-0] INFO  metrics.RatisMetrics (RatisMetrics.java:unregister(46)) - Unregistering Metrics Registry : ratis.server.6a71ef53-ab22-4528-adad-9f6a8b03666b@group-A2C853F9D6F0
2020-04-23 23:59:43,932 [ForkJoinPool.commonPool-worker-0] INFO  impl.RaftServerImpl (RaftServerImpl.java:lambda$shutdown$3(249)) - 6a71ef53-ab22-4528-adad-9f6a8b03666b@group-75A9193C1AAF: shutdown
2020-04-23 23:59:43,932 [ForkJoinPool.commonPool-worker-0] INFO  util.JmxRegister (JmxRegister.java:unregister(73)) - Successfully un-registered JMX Bean with object name Ratis:service=RaftServer,group=group-75A9193C1AAF,id=6a71ef53-ab22-4528-adad-9f6a8b03666b
2020-04-23 23:59:43,932 [ForkJoinPool.commonPool-worker-0] INFO  impl.RoleInfo (RoleInfo.java:shutdownLeaderState(104)) - 6a71ef53-ab22-4528-adad-9f6a8b03666b: shutdown LeaderState
2020-04-23 23:59:43,932 [876d9ba1-69a9-4755-8e81-598d06cf1648@group-491188FBC516-StateMachineUpdater] INFO  impl.StateMachineUpdater (StateMachineUpdater.java:lambda$new$0(86)) - 876d9ba1-69a9-4755-8e81-598d06cf1648@group-491188FBC516-StateMachineUpdater: snapshotIndex: updateIncreasingly -1 -> 0
2020-04-23 23:59:43,934 [ForkJoinPool.commonPool-worker-0] INFO  impl.PendingRequests (PendingRequests.java:sendNotLeaderResponses(240)) - 6a71ef53-ab22-4528-adad-9f6a8b03666b@group-75A9193C1AAF-PendingRequests: sendNotLeaderResponses
2020-04-23 23:59:43,933 [org.apache.ratis.server.impl.LogAppender$AppenderDaemon$$Lambda$477/1194964483@12cffc] WARN  server.GrpcLogAppender (GrpcLogAppender.java:mayWait(153)) - 6a71ef53-ab22-4528-adad-9f6a8b03666b@group-75A9193C1AAF->e5f9a532-26d6-4fde-b118-89afbb9e15e9-GrpcLogAppender: Wait interrupted by java.lang.InterruptedException
2020-04-23 23:59:43,934 [org.apache.ratis.server.impl.LogAppender$AppenderDaemon$$Lambda$477/1194964483@69058d2] WARN  server.GrpcLogAppender (GrpcLogAppender.java:mayWait(153)) - 6a71ef53-ab22-4528-adad-9f6a8b03666b@group-75A9193C1AAF->0dc7066e-405b-4780-99cf-1352f26c2a84-GrpcLogAppender: Wait interrupted by java.lang.InterruptedException
2020-04-23 23:59:43,934 [876d9ba1-69a9-4755-8e81-598d06cf1648@group-491188FBC516-StateMachineUpdater] INFO  metrics.RatisMetrics (RatisMetrics.java:unregister(46)) - Unregistering Metrics Registry : ratis.state_machine.876d9ba1-69a9-4755-8e81-598d06cf1648@group-491188FBC516
2020-04-23 23:59:43,936 [grpc-default-executor-4] INFO  server.GrpcServerProtocolService (GrpcServerProtocolService.java:onCompleted(137)) - e5f9a532-26d6-4fde-b118-89afbb9e15e9: Completed APPEND_ENTRIES, lastRequest: 6a71ef53-ab22-4528-adad-9f6a8b03666b->e5f9a532-26d6-4fde-b118-89afbb9e15e9#7-t3, previous=(t:3, i:5), leaderCommit=5, initializing? false, entries: size=1, first=(t:3, i:6), METADATAENTRY(c:5)
2020-04-23 23:59:43,936 [grpc-default-executor-8] INFO  server.GrpcServerProtocolService (GrpcServerProtocolService.java:onCompleted(137)) - 0dc7066e-405b-4780-99cf-1352f26c2a84: Completed APPEND_ENTRIES, lastRequest: 6a71ef53-ab22-4528-adad-9f6a8b03666b->0dc7066e-405b-4780-99cf-1352f26c2a84#7-t3, previous=(t:3, i:5), leaderCommit=5, initializing? false, entries: size=1, first=(t:3, i:6), METADATAENTRY(c:5)
2020-04-23 23:59:43,937 [grpc-default-executor-8] INFO  server.GrpcLogAppender (GrpcLogAppender.java:onCompleted(309)) - 6a71ef53-ab22-4528-adad-9f6a8b03666b@group-75A9193C1AAF->e5f9a532-26d6-4fde-b118-89afbb9e15e9-AppendLogResponseHandler: follower responses appendEntries COMPLETED
2020-04-23 23:59:43,936 [ForkJoinPool.commonPool-worker-0] INFO  metrics.RatisMetrics (RatisMetrics.java:unregister(46)) - Unregistering Metrics Registry : ratis.log_appender.6a71ef53-ab22-4528-adad-9f6a8b03666b@group-75A9193C1AAF
2020-04-23 23:59:43,938 [ForkJoinPool.commonPool-worker-0] INFO  impl.StateMachineUpdater (StateMachineUpdater.java:stopAndJoin(139)) - 6a71ef53-ab22-4528-adad-9f6a8b03666b@group-75A9193C1AAF-StateMachineUpdater: set stopIndex = 6
2020-04-23 23:59:43,939 [6a71ef53-ab22-4528-adad-9f6a8b03666b@group-75A9193C1AAF-StateMachineUpdater] INFO  ratis.ContainerStateMachine (ContainerStateMachine.java:takeSnapshot(288)) - group-75A9193C1AAF: Taking a snapshot at:(t:3, i:6) file /github/workspace/mnt/ozone/hadoop-ozone/integration-test/target/test-dir/MiniOzoneClusterImpl-5529f01a-5ac3-4bff-808e-3a81da285252/datanode-1/data/ratis/178afc60-d102-43ae-8369-75a9193c1aaf/sm/snapshot.3_6
2020-04-23 23:59:43,939 [grpc-default-executor-4] INFO  server.GrpcLogAppender (GrpcLogAppender.java:onCompleted(309)) - 6a71ef53-ab22-4528-adad-9f6a8b03666b@group-75A9193C1AAF->0dc7066e-405b-4780-99cf-1352f26c2a84-AppendLogResponseHandler: follower responses appendEntries COMPLETED
2020-04-23 23:59:43,939 [grpc-default-executor-8] INFO  impl.FollowerInfo (FollowerInfo.java:lambda$new$0(50)) - 6a71ef53-ab22-4528-adad-9f6a8b03666b@group-75A9193C1AAF->e5f9a532-26d6-4fde-b118-89afbb9e15e9: nextIndex: updateUnconditionally 7 -> 6
2020-04-23 23:59:43,939 [grpc-default-executor-4] INFO  impl.FollowerInfo (FollowerInfo.java:lambda$new$0(50)) - 6a71ef53-ab22-4528-adad-9f6a8b03666b@group-75A9193C1AAF->0dc7066e-405b-4780-99cf-1352f26c2a84: nextIndex: updateUnconditionally 7 -> 6
2020-04-23 23:59:43,940 [main] INFO  impl.RaftServerImpl (ServerState.java:close(387)) - 876d9ba1-69a9-4755-8e81-598d06cf1648@group-491188FBC516: closes. applyIndex: 0
2020-04-23 23:59:43,940 [876d9ba1-69a9-4755-8e81-598d06cf1648@group-491188FBC516-SegmentedRaftLogWorker] INFO  segmented.SegmentedRaftLogWorker (SegmentedRaftLogWorker.java:run(321)) - 876d9ba1-69a9-4755-8e81-598d06cf1648@group-491188FBC516-SegmentedRaftLogWorker was interrupted, exiting. There are 0 tasks remaining in the queue.
2020-04-23 23:59:43,941 [main] INFO  segmented.SegmentedRaftLogWorker (SegmentedRaftLogWorker.java:close(229)) - 876d9ba1-69a9-4755-8e81-598d06cf1648@group-491188FBC516-SegmentedRaftLogWorker close()
2020-04-23 23:59:43,941 [6a71ef53-ab22-4528-adad-9f6a8b03666b@group-75A9193C1AAF-StateMachineUpdater] INFO  ratis.ContainerStateMachine (ContainerStateMachine.java:takeSnapshot(299)) - group-75A9193C1AAF: Finished taking a snapshot at:(t:3, i:6) file:/github/workspace/mnt/ozone/hadoop-ozone/integration-test/target/test-dir/MiniOzoneClusterImpl-5529f01a-5ac3-4bff-808e-3a81da285252/datanode-1/data/ratis/178afc60-d102-43ae-8369-75a9193c1aaf/sm/snapshot.3_6 time:3
2020-04-23 23:59:43,942 [6a71ef53-ab22-4528-adad-9f6a8b03666b@group-75A9193C1AAF-StateMachineUpdater] INFO  impl.StateMachineUpdater (StateMachineUpdater.java:takeSnapshot(274)) - 6a71ef53-ab22-4528-adad-9f6a8b03666b@group-75A9193C1AAF-StateMachineUpdater: Took a snapshot at index 6
2020-04-23 23:59:43,942 [6a71ef53-ab22-4528-adad-9f6a8b03666b@group-75A9193C1AAF-StateMachineUpdater] INFO  impl.StateMachineUpdater (StateMachineUpdater.java:lambda$new$0(86)) - 6a71ef53-ab22-4528-adad-9f6a8b03666b@group-75A9193C1AAF-StateMachineUpdater: snapshotIndex: updateIncreasingly -1 -> 6
2020-04-23 23:59:43,942 [6a71ef53-ab22-4528-adad-9f6a8b03666b@group-75A9193C1AAF-StateMachineUpdater] INFO  metrics.RatisMetrics (RatisMetrics.java:unregister(46)) - Unregistering Metrics Registry : ratis.state_machine.6a71ef53-ab22-4528-adad-9f6a8b03666b@group-75A9193C1AAF
2020-04-23 23:59:43,942 [ForkJoinPool.commonPool-worker-0] INFO  impl.RaftServerImpl (ServerState.java:close(387)) - 6a71ef53-ab22-4528-adad-9f6a8b03666b@group-75A9193C1AAF: closes. applyIndex: 6
2020-04-23 23:59:43,942 [6a71ef53-ab22-4528-adad-9f6a8b03666b@group-75A9193C1AAF-SegmentedRaftLogWorker] INFO  segmented.SegmentedRaftLogWorker (SegmentedRaftLogWorker.java:run(321)) - 6a71ef53-ab22-4528-adad-9f6a8b03666b@group-75A9193C1AAF-SegmentedRaftLogWorker was interrupted, exiting. There are 0 tasks remaining in the queue.
2020-04-23 23:59:43,943 [main] INFO  metrics.RatisMetrics (RatisMetrics.java:unregister(46)) - Unregistering Metrics Registry : ratis.log_worker.876d9ba1-69a9-4755-8e81-598d06cf1648
2020-04-23 23:59:43,943 [main] INFO  metrics.RatisMetrics (RatisMetrics.java:unregister(46)) - Unregistering Metrics Registry : ratis.leader_election.876d9ba1-69a9-4755-8e81-598d06cf1648@group-491188FBC516
2020-04-23 23:59:43,943 [main] INFO  metrics.RatisMetrics (RatisMetrics.java:unregister(46)) - Unregistering Metrics Registry : ratis.server.876d9ba1-69a9-4755-8e81-598d06cf1648@group-491188FBC516
2020-04-23 23:59:43,944 [main] INFO  impl.RaftServerImpl (RaftServerImpl.java:lambda$shutdown$3(249)) - 876d9ba1-69a9-4755-8e81-598d06cf1648@group-06D9085F128C: shutdown
2020-04-23 23:59:43,944 [main] INFO  util.JmxRegister (JmxRegister.java:unregister(73)) - Successfully un-registered JMX Bean with object name Ratis:service=RaftServer,group=group-06D9085F128C,id=876d9ba1-69a9-4755-8e81-598d06cf1648
2020-04-23 23:59:43,944 [main] INFO  impl.RoleInfo (RoleInfo.java:shutdownFollowerState(121)) - 876d9ba1-69a9-4755-8e81-598d06cf1648: shutdown FollowerState
2020-04-23 23:59:43,943 [ForkJoinPool.commonPool-worker-0] INFO  segmented.SegmentedRaftLogWorker (SegmentedRaftLogWorker.java:close(229)) - 6a71ef53-ab22-4528-adad-9f6a8b03666b@group-75A9193C1AAF-SegmentedRaftLogWorker close()
2020-04-23 23:59:43,944 [main] INFO  impl.StateMachineUpdater (StateMachineUpdater.java:stopAndJoin(139)) - 876d9ba1-69a9-4755-8e81-598d06cf1648@group-06D9085F128C-StateMachineUpdater: set stopIndex = 0
2020-04-23 23:59:43,945 [876d9ba1-69a9-4755-8e81-598d06cf1648@group-06D9085F128C-StateMachineUpdater] INFO  ratis.ContainerStateMachine (ContainerStateMachine.java:takeSnapshot(288)) - group-06D9085F128C: Taking a snapshot at:(t:1, i:0) file /github/workspace/mnt/ozone/hadoop-ozone/integration-test/target/test-dir/MiniOzoneClusterImpl-5529f01a-5ac3-4bff-808e-3a81da285252/datanode-4/data/ratis/cfe6af89-0a96-46bb-a044-06d9085f128c/sm/snapshot.1_0
2020-04-23 23:59:43,944 [Thread-3905] INFO  impl.FollowerState (FollowerState.java:run(117)) - 876d9ba1-69a9-4755-8e81-598d06cf1648@group-06D9085F128C-FollowerState was interrupted: java.lang.InterruptedException: sleep interrupted
2020-04-23 23:59:43,946 [876d9ba1-69a9-4755-8e81-598d06cf1648@group-06D9085F128C-StateMachineUpdater] INFO  ratis.ContainerStateMachine (ContainerStateMachine.java:takeSnapshot(299)) - group-06D9085F128C: Finished taking a snapshot at:(t:1, i:0) file:/github/workspace/mnt/ozone/hadoop-ozone/integration-test/target/test-dir/MiniOzoneClusterImpl-5529f01a-5ac3-4bff-808e-3a81da285252/datanode-4/data/ratis/cfe6af89-0a96-46bb-a044-06d9085f128c/sm/snapshot.1_0 time:1
2020-04-23 23:59:43,946 [ForkJoinPool.commonPool-worker-0] INFO  metrics.RatisMetrics (RatisMetrics.java:unregister(46)) - Unregistering Metrics Registry : ratis.log_worker.6a71ef53-ab22-4528-adad-9f6a8b03666b
2020-04-23 23:59:43,946 [876d9ba1-69a9-4755-8e81-598d06cf1648@group-06D9085F128C-StateMachineUpdater] INFO  impl.StateMachineUpdater (StateMachineUpdater.java:takeSnapshot(274)) - 876d9ba1-69a9-4755-8e81-598d06cf1648@group-06D9085F128C-StateMachineUpdater: Took a snapshot at index 0
2020-04-23 23:59:43,946 [876d9ba1-69a9-4755-8e81-598d06cf1648@group-06D9085F128C-StateMachineUpdater] INFO  impl.StateMachineUpdater (StateMachineUpdater.java:lambda$new$0(86)) - 876d9ba1-69a9-4755-8e81-598d06cf1648@group-06D9085F128C-StateMachineUpdater: snapshotIndex: updateIncreasingly -1 -> 0
2020-04-23 23:59:43,946 [ForkJoinPool.commonPool-worker-0] INFO  metrics.RatisMetrics (RatisMetrics.java:unregister(46)) - Unregistering Metrics Registry : ratis.leader_election.6a71ef53-ab22-4528-adad-9f6a8b03666b@group-75A9193C1AAF
2020-04-23 23:59:43,946 [ForkJoinPool.commonPool-worker-0] INFO  metrics.RatisMetrics (RatisMetrics.java:unregister(46)) - Unregistering Metrics Registry : ratis.server.6a71ef53-ab22-4528-adad-9f6a8b03666b@group-75A9193C1AAF
2020-04-23 23:59:43,946 [ForkJoinPool.commonPool-worker-0] INFO  impl.RaftServerImpl (RaftServerImpl.java:lambda$shutdown$3(249)) - 6a71ef53-ab22-4528-adad-9f6a8b03666b@group-286A3327C581: shutdown
2020-04-23 23:59:43,946 [ForkJoinPool.commonPool-worker-0] INFO  util.JmxRegister (JmxRegister.java:unregister(73)) - Successfully un-registered JMX Bean with object name Ratis:service=RaftServer,group=group-286A3327C581,id=6a71ef53-ab22-4528-adad-9f6a8b03666b
2020-04-23 23:59:43,947 [ForkJoinPool.commonPool-worker-0] INFO  impl.RoleInfo (RoleInfo.java:shutdownLeaderState(104)) - 6a71ef53-ab22-4528-adad-9f6a8b03666b: shutdown LeaderState
2020-04-23 23:59:43,946 [876d9ba1-69a9-4755-8e81-598d06cf1648@group-06D9085F128C-StateMachineUpdater] INFO  metrics.RatisMetrics (RatisMetrics.java:unregister(46)) - Unregistering Metrics Registry : ratis.state_machine.876d9ba1-69a9-4755-8e81-598d06cf1648@group-06D9085F128C
2020-04-23 23:59:43,947 [ForkJoinPool.commonPool-worker-0] INFO  impl.PendingRequests (PendingRequests.java:sendNotLeaderResponses(240)) - 6a71ef53-ab22-4528-adad-9f6a8b03666b@group-286A3327C581-PendingRequests: sendNotLeaderResponses
2020-04-23 23:59:43,948 [ForkJoinPool.commonPool-worker-0] INFO  metrics.RatisMetrics (RatisMetrics.java:unregister(46)) - Unregistering Metrics Registry : ratis.log_appender.6a71ef53-ab22-4528-adad-9f6a8b03666b@group-286A3327C581
2020-04-23 23:59:43,948 [ForkJoinPool.commonPool-worker-0] INFO  impl.StateMachineUpdater (StateMachineUpdater.java:stopAndJoin(139)) - 6a71ef53-ab22-4528-adad-9f6a8b03666b@group-286A3327C581-StateMachineUpdater: set stopIndex = 0
2020-04-23 23:59:43,948 [main] INFO  impl.RaftServerImpl (ServerState.java:close(387)) - 876d9ba1-69a9-4755-8e81-598d06cf1648@group-06D9085F128C: closes. applyIndex: 0
2020-04-23 23:59:43,948 [876d9ba1-69a9-4755-8e81-598d06cf1648@group-06D9085F128C-SegmentedRaftLogWorker] INFO  segmented.SegmentedRaftLogWorker (SegmentedRaftLogWorker.java:run(321)) - 876d9ba1-69a9-4755-8e81-598d06cf1648@group-06D9085F128C-SegmentedRaftLogWorker was interrupted, exiting. There are 0 tasks remaining in the queue.
2020-04-23 23:59:43,948 [6a71ef53-ab22-4528-adad-9f6a8b03666b@group-286A3327C581-StateMachineUpdater] INFO  ratis.ContainerStateMachine (ContainerStateMachine.java:takeSnapshot(288)) - group-286A3327C581: Taking a snapshot at:(t:1, i:0) file /github/workspace/mnt/ozone/hadoop-ozone/integration-test/target/test-dir/MiniOzoneClusterImpl-5529f01a-5ac3-4bff-808e-3a81da285252/datanode-1/data/ratis/582368cc-245a-4fee-847c-286a3327c581/sm/snapshot.1_0
2020-04-23 23:59:43,949 [6a71ef53-ab22-4528-adad-9f6a8b03666b@group-286A3327C581-StateMachineUpdater] INFO  ratis.ContainerStateMachine (ContainerStateMachine.java:takeSnapshot(299)) - group-286A3327C581: Finished taking a snapshot at:(t:1, i:0) file:/github/workspace/mnt/ozone/hadoop-ozone/integration-test/target/test-dir/MiniOzoneClusterImpl-5529f01a-5ac3-4bff-808e-3a81da285252/datanode-1/data/ratis/582368cc-245a-4fee-847c-286a3327c581/sm/snapshot.1_0 time:1
2020-04-23 23:59:43,949 [6a71ef53-ab22-4528-adad-9f6a8b03666b@group-286A3327C581-StateMachineUpdater] INFO  impl.StateMachineUpdater (StateMachineUpdater.java:takeSnapshot(274)) - 6a71ef53-ab22-4528-adad-9f6a8b03666b@group-286A3327C581-StateMachineUpdater: Took a snapshot at index 0
2020-04-23 23:59:43,949 [6a71ef53-ab22-4528-adad-9f6a8b03666b@group-286A3327C581-StateMachineUpdater] INFO  impl.StateMachineUpdater (StateMachineUpdater.java:lambda$new$0(86)) - 6a71ef53-ab22-4528-adad-9f6a8b03666b@group-286A3327C581-StateMachineUpdater: snapshotIndex: updateIncreasingly -1 -> 0
2020-04-23 23:59:43,949 [6a71ef53-ab22-4528-adad-9f6a8b03666b@group-286A3327C581-StateMachineUpdater] INFO  metrics.RatisMetrics (RatisMetrics.java:unregister(46)) - Unregistering Metrics Registry : ratis.state_machine.6a71ef53-ab22-4528-adad-9f6a8b03666b@group-286A3327C581
2020-04-23 23:59:43,950 [ForkJoinPool.commonPool-worker-0] INFO  impl.RaftServerImpl (ServerState.java:close(387)) - 6a71ef53-ab22-4528-adad-9f6a8b03666b@group-286A3327C581: closes. applyIndex: 0
2020-04-23 23:59:43,950 [6a71ef53-ab22-4528-adad-9f6a8b03666b@group-286A3327C581-SegmentedRaftLogWorker] INFO  segmented.SegmentedRaftLogWorker (SegmentedRaftLogWorker.java:run(321)) - 6a71ef53-ab22-4528-adad-9f6a8b03666b@group-286A3327C581-SegmentedRaftLogWorker was interrupted, exiting. There are 0 tasks remaining in the queue.
2020-04-23 23:59:43,950 [ForkJoinPool.commonPool-worker-0] INFO  segmented.SegmentedRaftLogWorker (SegmentedRaftLogWorker.java:close(229)) - 6a71ef53-ab22-4528-adad-9f6a8b03666b@group-286A3327C581-SegmentedRaftLogWorker close()
2020-04-23 23:59:43,951 [main] INFO  segmented.SegmentedRaftLogWorker (SegmentedRaftLogWorker.java:close(229)) - 876d9ba1-69a9-4755-8e81-598d06cf1648@group-06D9085F128C-SegmentedRaftLogWorker close()
2020-04-23 23:59:43,952 [ForkJoinPool.commonPool-worker-0] INFO  metrics.RatisMetrics (RatisMetrics.java:unregister(46)) - Unregistering Metrics Registry : ratis.log_worker.6a71ef53-ab22-4528-adad-9f6a8b03666b
2020-04-23 23:59:43,953 [ForkJoinPool.commonPool-worker-0] INFO  metrics.RatisMetrics (RatisMetrics.java:unregister(46)) - Unregistering Metrics Registry : ratis.leader_election.6a71ef53-ab22-4528-adad-9f6a8b03666b@group-286A3327C581
2020-04-23 23:59:43,953 [ForkJoinPool.commonPool-worker-0] INFO  metrics.RatisMetrics (RatisMetrics.java:unregister(46)) - Unregistering Metrics Registry : ratis.server.6a71ef53-ab22-4528-adad-9f6a8b03666b@group-286A3327C581
2020-04-23 23:59:43,953 [ForkJoinPool.commonPool-worker-0] INFO  server.GrpcService (GrpcService.java:closeImpl(165)) - 6a71ef53-ab22-4528-adad-9f6a8b03666b: shutdown server with port 35203 now
2020-04-23 23:59:43,954 [main] INFO  metrics.RatisMetrics (RatisMetrics.java:unregister(46)) - Unregistering Metrics Registry : ratis.log_worker.876d9ba1-69a9-4755-8e81-598d06cf1648
2020-04-23 23:59:43,954 [main] INFO  metrics.RatisMetrics (RatisMetrics.java:unregister(46)) - Unregistering Metrics Registry : ratis.leader_election.876d9ba1-69a9-4755-8e81-598d06cf1648@group-06D9085F128C
2020-04-23 23:59:43,954 [main] INFO  metrics.RatisMetrics (RatisMetrics.java:unregister(46)) - Unregistering Metrics Registry : ratis.server.876d9ba1-69a9-4755-8e81-598d06cf1648@group-06D9085F128C
2020-04-23 23:59:43,954 [main] INFO  impl.RaftServerImpl (RaftServerImpl.java:lambda$shutdown$3(249)) - 876d9ba1-69a9-4755-8e81-598d06cf1648@group-44A286AF20F8: shutdown
2020-04-23 23:59:43,954 [main] INFO  util.JmxRegister (JmxRegister.java:unregister(73)) - Successfully un-registered JMX Bean with object name Ratis:service=RaftServer,group=group-44A286AF20F8,id=876d9ba1-69a9-4755-8e81-598d06cf1648
2020-04-23 23:59:43,955 [main] INFO  impl.RoleInfo (RoleInfo.java:shutdownFollowerState(121)) - 876d9ba1-69a9-4755-8e81-598d06cf1648: shutdown FollowerState
2020-04-23 23:59:43,955 [Thread-3895] INFO  impl.FollowerState (FollowerState.java:run(117)) - 876d9ba1-69a9-4755-8e81-598d06cf1648@group-44A286AF20F8-FollowerState was interrupted: java.lang.InterruptedException: sleep interrupted
2020-04-23 23:59:43,955 [grpc-default-executor-8] WARN  server.GrpcServerProtocolService (LogUtils.java:warn(122)) - 6a71ef53-ab22-4528-adad-9f6a8b03666b: installSnapshot onError, lastRequest: 0dc7066e-405b-4780-99cf-1352f26c2a84->6a71ef53-ab22-4528-adad-9f6a8b03666b#1-t1, previous=(t:0, i:0), leaderCommit=-1, initializing? false, entries: size=1, first=(t:1, i:0), CONFIGURATIONENTRY: org.apache.ratis.thirdparty.io.grpc.StatusRuntimeException: CANCELLED: cancelled before receiving half close
2020-04-23 23:59:43,955 [876d9ba1-69a9-4755-8e81-598d06cf1648@group-44A286AF20F8-StateMachineUpdater] INFO  ratis.ContainerStateMachine (ContainerStateMachine.java:takeSnapshot(288)) - group-44A286AF20F8: Taking a snapshot at:(t:1, i:0) file /github/workspace/mnt/ozone/hadoop-ozone/integration-test/target/test-dir/MiniOzoneClusterImpl-5529f01a-5ac3-4bff-808e-3a81da285252/datanode-4/data/ratis/7e2d3a45-9ccc-4dac-a2c2-44a286af20f8/sm/snapshot.1_0
2020-04-23 23:59:43,956 [grpc-default-executor-4] WARN  server.GrpcLogAppender (LogUtils.java:warn(122)) - 0dc7066e-405b-4780-99cf-1352f26c2a84@group-A2C853F9D6F0->6a71ef53-ab22-4528-adad-9f6a8b03666b-AppendLogResponseHandler: Failed appendEntries: org.apache.ratis.thirdparty.io.grpc.StatusRuntimeException: CANCELLED: HTTP/2 error code: CANCEL
Received Rst Stream
2020-04-23 23:59:43,957 [grpc-default-executor-4] INFO  impl.FollowerInfo (FollowerInfo.java:lambda$new$0(50)) - 0dc7066e-405b-4780-99cf-1352f26c2a84@group-A2C853F9D6F0->6a71ef53-ab22-4528-adad-9f6a8b03666b: nextIndex: updateUnconditionally 1 -> 0
2020-04-23 23:59:43,959 [grpc-default-executor-4] WARN  client.GrpcClientProtocolService (LogUtils.java:warn(122)) - 2-UnorderedRequestStreamObserver2: onError: org.apache.ratis.thirdparty.io.grpc.StatusRuntimeException: CANCELLED: cancelled before receiving half close
2020-04-23 23:59:43,959 [ForkJoinPool.commonPool-worker-0] INFO  server.GrpcService (GrpcService.java:closeImpl(173)) - 6a71ef53-ab22-4528-adad-9f6a8b03666b: shutdown server with port 35203 successfully
2020-04-23 23:59:43,959 [876d9ba1-69a9-4755-8e81-598d06cf1648@group-44A286AF20F8-StateMachineUpdater] INFO  ratis.ContainerStateMachine (ContainerStateMachine.java:takeSnapshot(299)) - group-44A286AF20F8: Finished taking a snapshot at:(t:1, i:0) file:/github/workspace/mnt/ozone/hadoop-ozone/integration-test/target/test-dir/MiniOzoneClusterImpl-5529f01a-5ac3-4bff-808e-3a81da285252/datanode-4/data/ratis/7e2d3a45-9ccc-4dac-a2c2-44a286af20f8/sm/snapshot.1_0 time:4
2020-04-23 23:59:43,959 [876d9ba1-69a9-4755-8e81-598d06cf1648@group-44A286AF20F8-StateMachineUpdater] INFO  impl.StateMachineUpdater (StateMachineUpdater.java:takeSnapshot(274)) - 876d9ba1-69a9-4755-8e81-598d06cf1648@group-44A286AF20F8-StateMachineUpdater: Took a snapshot at index 0
2020-04-23 23:59:43,959 [876d9ba1-69a9-4755-8e81-598d06cf1648@group-44A286AF20F8-StateMachineUpdater] INFO  impl.StateMachineUpdater (StateMachineUpdater.java:lambda$new$0(86)) - 876d9ba1-69a9-4755-8e81-598d06cf1648@group-44A286AF20F8-StateMachineUpdater: snapshotIndex: updateIncreasingly -1 -> 0
2020-04-23 23:59:43,959 [876d9ba1-69a9-4755-8e81-598d06cf1648@group-44A286AF20F8-StateMachineUpdater] INFO  metrics.RatisMetrics (RatisMetrics.java:unregister(46)) - Unregistering Metrics Registry : ratis.state_machine.876d9ba1-69a9-4755-8e81-598d06cf1648@group-44A286AF20F8
2020-04-23 23:59:43,960 [main] INFO  impl.StateMachineUpdater (StateMachineUpdater.java:stopAndJoin(139)) - 876d9ba1-69a9-4755-8e81-598d06cf1648@group-44A286AF20F8-StateMachineUpdater: set stopIndex = 0
2020-04-23 23:59:43,960 [main] INFO  impl.RaftServerImpl (ServerState.java:close(387)) - 876d9ba1-69a9-4755-8e81-598d06cf1648@group-44A286AF20F8: closes. applyIndex: 0
2020-04-23 23:59:43,961 [876d9ba1-69a9-4755-8e81-598d06cf1648@group-44A286AF20F8-SegmentedRaftLogWorker] INFO  segmented.SegmentedRaftLogWorker (SegmentedRaftLogWorker.java:run(321)) - 876d9ba1-69a9-4755-8e81-598d06cf1648@group-44A286AF20F8-SegmentedRaftLogWorker was interrupted, exiting. There are 0 tasks remaining in the queue.
2020-04-23 23:59:43,961 [main] INFO  segmented.SegmentedRaftLogWorker (SegmentedRaftLogWorker.java:close(229)) - 876d9ba1-69a9-4755-8e81-598d06cf1648@group-44A286AF20F8-SegmentedRaftLogWorker close()
2020-04-23 23:59:43,963 [main] INFO  metrics.RatisMetrics (RatisMetrics.java:unregister(46)) - Unregistering Metrics Registry : ratis.log_worker.876d9ba1-69a9-4755-8e81-598d06cf1648
2020-04-23 23:59:43,963 [main] INFO  metrics.RatisMetrics (RatisMetrics.java:unregister(46)) - Unregistering Metrics Registry : ratis.leader_election.876d9ba1-69a9-4755-8e81-598d06cf1648@group-44A286AF20F8
2020-04-23 23:59:43,963 [main] INFO  metrics.RatisMetrics (RatisMetrics.java:unregister(46)) - Unregistering Metrics Registry : ratis.server.876d9ba1-69a9-4755-8e81-598d06cf1648@group-44A286AF20F8
2020-04-23 23:59:43,963 [main] INFO  server.GrpcService (GrpcService.java:closeImpl(165)) - 876d9ba1-69a9-4755-8e81-598d06cf1648: shutdown server with port 45017 now
2020-04-23 23:59:43,964 [grpc-default-executor-8] WARN  server.GrpcServerProtocolService (LogUtils.java:warn(122)) - 876d9ba1-69a9-4755-8e81-598d06cf1648: installSnapshot onError, lastRequest: 016df35f-8c5c-427d-a7e6-984ca7ba6483->876d9ba1-69a9-4755-8e81-598d06cf1648#1-t1, previous=(t:0, i:0), leaderCommit=-1, initializing? false, entries: size=1, first=(t:1, i:0), CONFIGURATIONENTRY: org.apache.ratis.thirdparty.io.grpc.StatusRuntimeException: CANCELLED: cancelled before receiving half close
2020-04-23 23:59:43,965 [grpc-default-executor-6] WARN  server.GrpcLogAppender (LogUtils.java:warn(122)) - 016df35f-8c5c-427d-a7e6-984ca7ba6483@group-06D9085F128C->876d9ba1-69a9-4755-8e81-598d06cf1648-AppendLogResponseHandler: Failed appendEntries: org.apache.ratis.thirdparty.io.grpc.StatusRuntimeException: CANCELLED: HTTP/2 error code: CANCEL
Received Rst Stream
2020-04-23 23:59:43,965 [main] INFO  server.GrpcService (GrpcService.java:closeImpl(173)) - 876d9ba1-69a9-4755-8e81-598d06cf1648: shutdown server with port 45017 successfully
2020-04-23 23:59:43,965 [grpc-default-executor-6] INFO  impl.FollowerInfo (FollowerInfo.java:lambda$new$0(50)) - 016df35f-8c5c-427d-a7e6-984ca7ba6483@group-06D9085F128C->876d9ba1-69a9-4755-8e81-598d06cf1648: nextIndex: updateUnconditionally 1 -> 0
2020-04-23 23:59:43,966 [grpc-default-executor-7] WARN  server.GrpcServerProtocolService (LogUtils.java:warn(122)) - 876d9ba1-69a9-4755-8e81-598d06cf1648: installSnapshot onError, lastRequest: 1acfe952-6c35-481d-9534-c97fd0c89230->876d9ba1-69a9-4755-8e81-598d06cf1648#1-t1, previous=(t:0, i:0), leaderCommit=0, initializing? false, entries: size=1, first=(t:1, i:0), CONFIGURATIONENTRY: org.apache.ratis.thirdparty.io.grpc.StatusRuntimeException: CANCELLED: cancelled before receiving half close
2020-04-23 23:59:43,966 [grpc-default-executor-4] WARN  server.GrpcLogAppender (LogUtils.java:warn(122)) - 1acfe952-6c35-481d-9534-c97fd0c89230@group-44A286AF20F8->876d9ba1-69a9-4755-8e81-598d06cf1648-AppendLogResponseHandler: Failed appendEntries: org.apache.ratis.thirdparty.io.grpc.StatusRuntimeException: CANCELLED: HTTP/2 error code: CANCEL
Received Rst Stream
2020-04-23 23:59:43,967 [grpc-default-executor-4] INFO  impl.FollowerInfo (FollowerInfo.java:lambda$new$0(50)) - 1acfe952-6c35-481d-9534-c97fd0c89230@group-44A286AF20F8->876d9ba1-69a9-4755-8e81-598d06cf1648: nextIndex: updateUnconditionally 1 -> 0
2020-04-23 23:59:43,987 [main] INFO  utils.BackgroundService (BackgroundService.java:shutdown(157)) - Shutting down service BlockDeletingService
2020-04-23 23:59:43,989 [main] INFO  statemachine.DatanodeStateMachine (DatanodeStateMachine.java:stopDaemon(424)) - Ozone container server stopped.
2020-04-23 23:59:43,990 [main] INFO  handler.ContextHandler (ContextHandler.java:doStop(1016)) - Stopped o.e.j.w.WebAppContext@322f95f2{hddsDatanode,/,null,UNAVAILABLE}{jar:file:/home/user/.m2/repository/org/apache/hadoop/hadoop-hdds-container-service/0.6.0-SNAPSHOT/hadoop-hdds-container-service-0.6.0-SNAPSHOT.jar!/webapps/hddsDatanode}
2020-04-23 23:59:43,990 [main] INFO  server.AbstractConnector (AbstractConnector.java:doStop(380)) - Stopped ServerConnector@547c07f4{HTTP/1.1,[http/1.1]}{0.0.0.0:0}
2020-04-23 23:59:43,990 [main] INFO  server.session (HouseKeeper.java:stopScavenging(158)) - node0 Stopped scavenging
2020-04-23 23:59:43,991 [main] INFO  handler.ContextHandler (ContextHandler.java:doStop(1016)) - Stopped o.e.j.s.ServletContextHandler@1fd8cba4{static,/static,jar:file:/home/user/.m2/repository/org/apache/hadoop/hadoop-hdds-container-service/0.6.0-SNAPSHOT/hadoop-hdds-container-service-0.6.0-SNAPSHOT.jar!/webapps/static,UNAVAILABLE}
2020-04-23 23:59:43,991 [main] INFO  handler.ContextHandler (ContextHandler.java:doStop(1016)) - Stopped o.e.j.s.ServletContextHandler@128f4d9d{logs,/logs,file:///github/workspace/mnt/ozone/hadoop-ozone/integration-test/target/log,UNAVAILABLE}
2020-04-23 23:59:44,001 [ForkJoinPool.commonPool-worker-0] INFO  utils.BackgroundService (BackgroundService.java:shutdown(157)) - Shutting down service BlockDeletingService
2020-04-23 23:59:44,007 [ForkJoinPool.commonPool-worker-0] INFO  statemachine.DatanodeStateMachine (DatanodeStateMachine.java:stopDaemon(424)) - Ozone container server stopped.
2020-04-23 23:59:44,011 [ForkJoinPool.commonPool-worker-0] INFO  handler.ContextHandler (ContextHandler.java:doStop(1016)) - Stopped o.e.j.w.WebAppContext@344431b2{hddsDatanode,/,null,UNAVAILABLE}{jar:file:/home/user/.m2/repository/org/apache/hadoop/hadoop-hdds-container-service/0.6.0-SNAPSHOT/hadoop-hdds-container-service-0.6.0-SNAPSHOT.jar!/webapps/hddsDatanode}
2020-04-23 23:59:44,012 [ForkJoinPool.commonPool-worker-0] INFO  server.AbstractConnector (AbstractConnector.java:doStop(380)) - Stopped ServerConnector@57625fe5{HTTP/1.1,[http/1.1]}{0.0.0.0:0}
2020-04-23 23:59:44,013 [ForkJoinPool.commonPool-worker-0] INFO  server.session (HouseKeeper.java:stopScavenging(158)) - node0 Stopped scavenging
2020-04-23 23:59:44,013 [ForkJoinPool.commonPool-worker-0] INFO  handler.ContextHandler (ContextHandler.java:doStop(1016)) - Stopped o.e.j.s.ServletContextHandler@77ce0010{static,/static,jar:file:/home/user/.m2/repository/org/apache/hadoop/hadoop-hdds-container-service/0.6.0-SNAPSHOT/hadoop-hdds-container-service-0.6.0-SNAPSHOT.jar!/webapps/static,UNAVAILABLE}
2020-04-23 23:59:44,015 [ForkJoinPool.commonPool-worker-0] INFO  handler.ContextHandler (ContextHandler.java:doStop(1016)) - Stopped o.e.j.s.ServletContextHandler@41078c16{logs,/logs,file:///github/workspace/mnt/ozone/hadoop-ozone/integration-test/target/log,UNAVAILABLE}
2020-04-23 23:59:44,221 [Datanode State Machine Thread - 0] INFO  statemachine.DatanodeStateMachine (DatanodeStateMachine.java:lambda$startDaemon$0(376)) - Ozone container server started.
2020-04-23 23:59:44,923 [Datanode State Machine Thread - 0] INFO  statemachine.DatanodeStateMachine (DatanodeStateMachine.java:lambda$startDaemon$0(376)) - Ozone container server started.
2020-04-23 23:59:45,500 [grpc-default-executor-7] WARN  server.GrpcLogAppender (LogUtils.java:warn(122)) - 0dc7066e-405b-4780-99cf-1352f26c2a84@group-A2C853F9D6F0->6a71ef53-ab22-4528-adad-9f6a8b03666b-AppendLogResponseHandler: Failed appendEntries: org.apache.ratis.thirdparty.io.grpc.StatusRuntimeException: UNAVAILABLE: io exception
2020-04-23 23:59:45,501 [grpc-default-executor-7] INFO  impl.FollowerInfo (FollowerInfo.java:lambda$new$0(50)) - 0dc7066e-405b-4780-99cf-1352f26c2a84@group-A2C853F9D6F0->6a71ef53-ab22-4528-adad-9f6a8b03666b: nextIndex: updateUnconditionally 1 -> 0
2020-04-23 23:59:45,810 [grpc-default-executor-4] WARN  server.GrpcLogAppender (LogUtils.java:warn(122)) - 1acfe952-6c35-481d-9534-c97fd0c89230@group-44A286AF20F8->876d9ba1-69a9-4755-8e81-598d06cf1648-AppendLogResponseHandler: Failed appendEntries: org.apache.ratis.thirdparty.io.grpc.StatusRuntimeException: UNAVAILABLE: io exception
2020-04-23 23:59:45,811 [grpc-default-executor-4] INFO  impl.FollowerInfo (FollowerInfo.java:lambda$new$0(50)) - 1acfe952-6c35-481d-9534-c97fd0c89230@group-44A286AF20F8->876d9ba1-69a9-4755-8e81-598d06cf1648: nextIndex: updateUnconditionally 1 -> 0
2020-04-23 23:59:45,815 [grpc-default-executor-4] WARN  server.GrpcLogAppender (LogUtils.java:warn(122)) - 016df35f-8c5c-427d-a7e6-984ca7ba6483@group-06D9085F128C->876d9ba1-69a9-4755-8e81-598d06cf1648-AppendLogResponseHandler: Failed appendEntries: org.apache.ratis.thirdparty.io.grpc.StatusRuntimeException: UNAVAILABLE: io exception
2020-04-23 23:59:45,815 [grpc-default-executor-4] INFO  impl.FollowerInfo (FollowerInfo.java:lambda$new$0(50)) - 016df35f-8c5c-427d-a7e6-984ca7ba6483@group-06D9085F128C->876d9ba1-69a9-4755-8e81-598d06cf1648: nextIndex: updateUnconditionally 1 -> 0
2020-04-23 23:59:48,002 [grpc-default-executor-7] WARN  server.GrpcLogAppender (LogUtils.java:warn(122)) - 0dc7066e-405b-4780-99cf-1352f26c2a84@group-A2C853F9D6F0->6a71ef53-ab22-4528-adad-9f6a8b03666b-AppendLogResponseHandler: Failed appendEntries: org.apache.ratis.thirdparty.io.grpc.StatusRuntimeException: UNAVAILABLE: io exception
2020-04-23 23:59:48,002 [grpc-default-executor-7] INFO  impl.FollowerInfo (FollowerInfo.java:lambda$new$0(50)) - 0dc7066e-405b-4780-99cf-1352f26c2a84@group-A2C853F9D6F0->6a71ef53-ab22-4528-adad-9f6a8b03666b: nextIndex: updateUnconditionally 1 -> 0
2020-04-23 23:59:48,308 [EventQueue-StaleNodeForStaleNodeHandler] INFO  node.StaleNodeHandler (StaleNodeHandler.java:onMessage(58)) - Datanode 876d9ba1-69a9-4755-8e81-598d06cf1648{ip: 172.17.0.2, host: 9acf12ef3076, networkLocation: /default-rack, certSerialId: null} moved to stale state. Finalizing its pipelines [PipelineID=038b0e63-cded-40b6-a417-491188fbc516, PipelineID=cfe6af89-0a96-46bb-a044-06d9085f128c, PipelineID=7e2d3a45-9ccc-4dac-a2c2-44a286af20f8]
2020-04-23 23:59:48,309 [EventQueue-StaleNodeForStaleNodeHandler] INFO  pipeline.SCMPipelineManager (SCMPipelineManager.java:finalizeAndDestroyPipeline(397)) - Destroying pipeline:Pipeline[ Id: 038b0e63-cded-40b6-a417-491188fbc516, Nodes: 876d9ba1-69a9-4755-8e81-598d06cf1648{ip: 172.17.0.2, host: 9acf12ef3076, networkLocation: /default-rack, certSerialId: null}, Type:RATIS, Factor:ONE, State:OPEN, leaderId:876d9ba1-69a9-4755-8e81-598d06cf1648, CreationTimestamp2020-04-23T23:59:25.046Z]
2020-04-23 23:59:48,309 [EventQueue-StaleNodeForStaleNodeHandler] INFO  pipeline.PipelineStateManager (PipelineStateManager.java:finalizePipeline(120)) - Pipeline Pipeline[ Id: 038b0e63-cded-40b6-a417-491188fbc516, Nodes: 876d9ba1-69a9-4755-8e81-598d06cf1648{ip: 172.17.0.2, host: 9acf12ef3076, networkLocation: /default-rack, certSerialId: null}, Type:RATIS, Factor:ONE, State:CLOSED, leaderId:876d9ba1-69a9-4755-8e81-598d06cf1648, CreationTimestamp2020-04-23T23:59:25.046Z] moved to CLOSED state
2020-04-23 23:59:48,309 [EventQueue-StaleNodeForStaleNodeHandler] INFO  pipeline.SCMPipelineManager (SCMPipelineManager.java:finalizeAndDestroyPipeline(397)) - Destroying pipeline:Pipeline[ Id: cfe6af89-0a96-46bb-a044-06d9085f128c, Nodes: 016df35f-8c5c-427d-a7e6-984ca7ba6483{ip: 172.17.0.2, host: 9acf12ef3076, networkLocation: /default-rack, certSerialId: null}1acfe952-6c35-481d-9534-c97fd0c89230{ip: 172.17.0.2, host: 9acf12ef3076, networkLocation: /default-rack, certSerialId: null}876d9ba1-69a9-4755-8e81-598d06cf1648{ip: 172.17.0.2, host: 9acf12ef3076, networkLocation: /default-rack, certSerialId: null}, Type:RATIS, Factor:THREE, State:OPEN, leaderId:016df35f-8c5c-427d-a7e6-984ca7ba6483, CreationTimestamp2020-04-23T23:59:25.116Z]
2020-04-23 23:59:48,309 [EventQueue-StaleNodeForStaleNodeHandler] INFO  pipeline.PipelineStateManager (PipelineStateManager.java:finalizePipeline(120)) - Pipeline Pipeline[ Id: cfe6af89-0a96-46bb-a044-06d9085f128c, Nodes: 016df35f-8c5c-427d-a7e6-984ca7ba6483{ip: 172.17.0.2, host: 9acf12ef3076, networkLocation: /default-rack, certSerialId: null}1acfe952-6c35-481d-9534-c97fd0c89230{ip: 172.17.0.2, host: 9acf12ef3076, networkLocation: /default-rack, certSerialId: null}876d9ba1-69a9-4755-8e81-598d06cf1648{ip: 172.17.0.2, host: 9acf12ef3076, networkLocation: /default-rack, certSerialId: null}, Type:RATIS, Factor:THREE, State:CLOSED, leaderId:016df35f-8c5c-427d-a7e6-984ca7ba6483, CreationTimestamp2020-04-23T23:59:25.116Z] moved to CLOSED state
2020-04-23 23:59:48,309 [EventQueue-StaleNodeForStaleNodeHandler] INFO  pipeline.SCMPipelineManager (SCMPipelineManager.java:finalizeAndDestroyPipeline(397)) - Destroying pipeline:Pipeline[ Id: 7e2d3a45-9ccc-4dac-a2c2-44a286af20f8, Nodes: 016df35f-8c5c-427d-a7e6-984ca7ba6483{ip: 172.17.0.2, host: 9acf12ef3076, networkLocation: /default-rack, certSerialId: null}1acfe952-6c35-481d-9534-c97fd0c89230{ip: 172.17.0.2, host: 9acf12ef3076, networkLocation: /default-rack, certSerialId: null}876d9ba1-69a9-4755-8e81-598d06cf1648{ip: 172.17.0.2, host: 9acf12ef3076, networkLocation: /default-rack, certSerialId: null}, Type:RATIS, Factor:THREE, State:OPEN, leaderId:1acfe952-6c35-481d-9534-c97fd0c89230, CreationTimestamp2020-04-23T23:59:25.115Z]
2020-04-23 23:59:48,310 [EventQueue-StaleNodeForStaleNodeHandler] INFO  pipeline.PipelineStateManager (PipelineStateManager.java:finalizePipeline(120)) - Pipeline Pipeline[ Id: 7e2d3a45-9ccc-4dac-a2c2-44a286af20f8, Nodes: 016df35f-8c5c-427d-a7e6-984ca7ba6483{ip: 172.17.0.2, host: 9acf12ef3076, networkLocation: /default-rack, certSerialId: null}1acfe952-6c35-481d-9534-c97fd0c89230{ip: 172.17.0.2, host: 9acf12ef3076, networkLocation: /default-rack, certSerialId: null}876d9ba1-69a9-4755-8e81-598d06cf1648{ip: 172.17.0.2, host: 9acf12ef3076, networkLocation: /default-rack, certSerialId: null}, Type:RATIS, Factor:THREE, State:CLOSED, leaderId:1acfe952-6c35-481d-9534-c97fd0c89230, CreationTimestamp2020-04-23T23:59:25.115Z] moved to CLOSED state
2020-04-23 23:59:48,312 [grpc-default-executor-4] WARN  server.GrpcLogAppender (LogUtils.java:warn(122)) - 1acfe952-6c35-481d-9534-c97fd0c89230@group-44A286AF20F8->876d9ba1-69a9-4755-8e81-598d06cf1648-AppendLogResponseHandler: Failed appendEntries: org.apache.ratis.thirdparty.io.grpc.StatusRuntimeException: UNAVAILABLE: io exception
2020-04-23 23:59:48,312 [grpc-default-executor-4] INFO  impl.FollowerInfo (FollowerInfo.java:lambda$new$0(50)) - 1acfe952-6c35-481d-9534-c97fd0c89230@group-44A286AF20F8->876d9ba1-69a9-4755-8e81-598d06cf1648: nextIndex: updateUnconditionally 1 -> 0
2020-04-23 23:59:48,320 [grpc-default-executor-4] WARN  server.GrpcLogAppender (LogUtils.java:warn(122)) - 016df35f-8c5c-427d-a7e6-984ca7ba6483@group-06D9085F128C->876d9ba1-69a9-4755-8e81-598d06cf1648-AppendLogResponseHandler: Failed appendEntries: org.apache.ratis.thirdparty.io.grpc.StatusRuntimeException: UNAVAILABLE: io exception
2020-04-23 23:59:48,320 [grpc-default-executor-4] INFO  impl.FollowerInfo (FollowerInfo.java:lambda$new$0(50)) - 016df35f-8c5c-427d-a7e6-984ca7ba6483@group-06D9085F128C->876d9ba1-69a9-4755-8e81-598d06cf1648: nextIndex: updateUnconditionally 1 -> 0
2020-04-23 23:59:48,909 [EventQueue-StaleNodeForStaleNodeHandler] INFO  node.StaleNodeHandler (StaleNodeHandler.java:onMessage(58)) - Datanode 6a71ef53-ab22-4528-adad-9f6a8b03666b{ip: 172.17.0.2, host: 9acf12ef3076, networkLocation: /default-rack, certSerialId: null} moved to stale state. Finalizing its pipelines [PipelineID=e2143834-5a02-4cab-ae28-a2c853f9d6f0, PipelineID=178afc60-d102-43ae-8369-75a9193c1aaf, PipelineID=582368cc-245a-4fee-847c-286a3327c581]
2020-04-23 23:59:48,910 [EventQueue-StaleNodeForStaleNodeHandler] INFO  pipeline.SCMPipelineManager (SCMPipelineManager.java:finalizeAndDestroyPipeline(397)) - Destroying pipeline:Pipeline[ Id: e2143834-5a02-4cab-ae28-a2c853f9d6f0, Nodes: e5f9a532-26d6-4fde-b118-89afbb9e15e9{ip: 172.17.0.2, host: 9acf12ef3076, networkLocation: /default-rack, certSerialId: null}0dc7066e-405b-4780-99cf-1352f26c2a84{ip: 172.17.0.2, host: 9acf12ef3076, networkLocation: /default-rack, certSerialId: null}6a71ef53-ab22-4528-adad-9f6a8b03666b{ip: 172.17.0.2, host: 9acf12ef3076, networkLocation: /default-rack, certSerialId: null}, Type:RATIS, Factor:THREE, State:OPEN, leaderId:0dc7066e-405b-4780-99cf-1352f26c2a84, CreationTimestamp2020-04-23T23:59:24.905Z]
2020-04-23 23:59:48,910 [EventQueue-StaleNodeForStaleNodeHandler] INFO  pipeline.PipelineStateManager (PipelineStateManager.java:finalizePipeline(120)) - Pipeline Pipeline[ Id: e2143834-5a02-4cab-ae28-a2c853f9d6f0, Nodes: e5f9a532-26d6-4fde-b118-89afbb9e15e9{ip: 172.17.0.2, host: 9acf12ef3076, networkLocation: /default-rack, certSerialId: null}0dc7066e-405b-4780-99cf-1352f26c2a84{ip: 172.17.0.2, host: 9acf12ef3076, networkLocation: /default-rack, certSerialId: null}6a71ef53-ab22-4528-adad-9f6a8b03666b{ip: 172.17.0.2, host: 9acf12ef3076, networkLocation: /default-rack, certSerialId: null}, Type:RATIS, Factor:THREE, State:CLOSED, leaderId:0dc7066e-405b-4780-99cf-1352f26c2a84, CreationTimestamp2020-04-23T23:59:24.905Z] moved to CLOSED state
2020-04-23 23:59:48,910 [EventQueue-StaleNodeForStaleNodeHandler] INFO  pipeline.SCMPipelineManager (SCMPipelineManager.java:finalizeAndDestroyPipeline(397)) - Destroying pipeline:Pipeline[ Id: 178afc60-d102-43ae-8369-75a9193c1aaf, Nodes: e5f9a532-26d6-4fde-b118-89afbb9e15e9{ip: 172.17.0.2, host: 9acf12ef3076, networkLocation: /default-rack, certSerialId: null}0dc7066e-405b-4780-99cf-1352f26c2a84{ip: 172.17.0.2, host: 9acf12ef3076, networkLocation: /default-rack, certSerialId: null}6a71ef53-ab22-4528-adad-9f6a8b03666b{ip: 172.17.0.2, host: 9acf12ef3076, networkLocation: /default-rack, certSerialId: null}, Type:RATIS, Factor:THREE, State:OPEN, leaderId:6a71ef53-ab22-4528-adad-9f6a8b03666b, CreationTimestamp2020-04-23T23:59:24.906Z]
2020-04-23 23:59:48,910 [EventQueue-StaleNodeForStaleNodeHandler] INFO  pipeline.PipelineStateManager (PipelineStateManager.java:finalizePipeline(120)) - Pipeline Pipeline[ Id: 178afc60-d102-43ae-8369-75a9193c1aaf, Nodes: e5f9a532-26d6-4fde-b118-89afbb9e15e9{ip: 172.17.0.2, host: 9acf12ef3076, networkLocation: /default-rack, certSerialId: null}0dc7066e-405b-4780-99cf-1352f26c2a84{ip: 172.17.0.2, host: 9acf12ef3076, networkLocation: /default-rack, certSerialId: null}6a71ef53-ab22-4528-adad-9f6a8b03666b{ip: 172.17.0.2, host: 9acf12ef3076, networkLocation: /default-rack, certSerialId: null}, Type:RATIS, Factor:THREE, State:CLOSED, leaderId:6a71ef53-ab22-4528-adad-9f6a8b03666b, CreationTimestamp2020-04-23T23:59:24.906Z] moved to CLOSED state
2020-04-23 23:59:48,910 [EventQueue-StaleNodeForStaleNodeHandler] INFO  pipeline.SCMPipelineManager (SCMPipelineManager.java:finalizeAndDestroyPipeline(397)) - Destroying pipeline:Pipeline[ Id: 582368cc-245a-4fee-847c-286a3327c581, Nodes: 6a71ef53-ab22-4528-adad-9f6a8b03666b{ip: 172.17.0.2, host: 9acf12ef3076, networkLocation: /default-rack, certSerialId: null}, Type:RATIS, Factor:ONE, State:OPEN, leaderId:6a71ef53-ab22-4528-adad-9f6a8b03666b, CreationTimestamp2020-04-23T23:59:24.836Z]
2020-04-23 23:59:48,910 [EventQueue-StaleNodeForStaleNodeHandler] INFO  pipeline.PipelineStateManager (PipelineStateManager.java:finalizePipeline(120)) - Pipeline Pipeline[ Id: 582368cc-245a-4fee-847c-286a3327c581, Nodes: 6a71ef53-ab22-4528-adad-9f6a8b03666b{ip: 172.17.0.2, host: 9acf12ef3076, networkLocation: /default-rack, certSerialId: null}, Type:RATIS, Factor:ONE, State:CLOSED, leaderId:6a71ef53-ab22-4528-adad-9f6a8b03666b, CreationTimestamp2020-04-23T23:59:24.836Z] moved to CLOSED state
2020-04-23 23:59:48,993 [main] INFO  ozoneimpl.OzoneContainer (OzoneContainer.java:stop(246)) - Attempting to stop container services.
2020-04-23 23:59:48,993 [main] INFO  impl.RaftServerProxy (RaftServerProxy.java:lambda$close$4(314)) - 016df35f-8c5c-427d-a7e6-984ca7ba6483: close
2020-04-23 23:59:48,994 [main] INFO  impl.RaftServerImpl (RaftServerImpl.java:lambda$shutdown$3(249)) - 016df35f-8c5c-427d-a7e6-984ca7ba6483@group-66104EC5064E: shutdown
2020-04-23 23:59:48,994 [main] INFO  util.JmxRegister (JmxRegister.java:unregister(73)) - Successfully un-registered JMX Bean with object name Ratis:service=RaftServer,group=group-66104EC5064E,id=016df35f-8c5c-427d-a7e6-984ca7ba6483
2020-04-23 23:59:48,994 [main] INFO  impl.RoleInfo (RoleInfo.java:shutdownLeaderState(104)) - 016df35f-8c5c-427d-a7e6-984ca7ba6483: shutdown LeaderState
2020-04-23 23:59:48,994 [main] INFO  impl.PendingRequests (PendingRequests.java:sendNotLeaderResponses(240)) - 016df35f-8c5c-427d-a7e6-984ca7ba6483@group-66104EC5064E-PendingRequests: sendNotLeaderResponses
2020-04-23 23:59:48,995 [main] INFO  metrics.RatisMetrics (RatisMetrics.java:unregister(46)) - Unregistering Metrics Registry : ratis.log_appender.016df35f-8c5c-427d-a7e6-984ca7ba6483@group-66104EC5064E
2020-04-23 23:59:48,995 [main] INFO  impl.StateMachineUpdater (StateMachineUpdater.java:stopAndJoin(139)) - 016df35f-8c5c-427d-a7e6-984ca7ba6483@group-66104EC5064E-StateMachineUpdater: set stopIndex = 0
2020-04-23 23:59:48,996 [016df35f-8c5c-427d-a7e6-984ca7ba6483@group-66104EC5064E-StateMachineUpdater] INFO  ratis.ContainerStateMachine (ContainerStateMachine.java:takeSnapshot(288)) - group-66104EC5064E: Taking a snapshot at:(t:1, i:0) file /github/workspace/mnt/ozone/hadoop-ozone/integration-test/target/test-dir/MiniOzoneClusterImpl-5529f01a-5ac3-4bff-808e-3a81da285252/datanode-3/data/ratis/118a0461-47df-47fe-955a-66104ec5064e/sm/snapshot.1_0
2020-04-23 23:59:48,997 [016df35f-8c5c-427d-a7e6-984ca7ba6483@group-66104EC5064E-StateMachineUpdater] INFO  ratis.ContainerStateMachine (ContainerStateMachine.java:takeSnapshot(299)) - group-66104EC5064E: Finished taking a snapshot at:(t:1, i:0) file:/github/workspace/mnt/ozone/hadoop-ozone/integration-test/target/test-dir/MiniOzoneClusterImpl-5529f01a-5ac3-4bff-808e-3a81da285252/datanode-3/data/ratis/118a0461-47df-47fe-955a-66104ec5064e/sm/snapshot.1_0 time:0
2020-04-23 23:59:48,997 [016df35f-8c5c-427d-a7e6-984ca7ba6483@group-66104EC5064E-StateMachineUpdater] INFO  impl.StateMachineUpdater (StateMachineUpdater.java:takeSnapshot(274)) - 016df35f-8c5c-427d-a7e6-984ca7ba6483@group-66104EC5064E-StateMachineUpdater: Took a snapshot at index 0
2020-04-23 23:59:48,997 [016df35f-8c5c-427d-a7e6-984ca7ba6483@group-66104EC5064E-StateMachineUpdater] INFO  impl.StateMachineUpdater (StateMachineUpdater.java:lambda$new$0(86)) - 016df35f-8c5c-427d-a7e6-984ca7ba6483@group-66104EC5064E-StateMachineUpdater: snapshotIndex: updateIncreasingly -1 -> 0
2020-04-23 23:59:48,997 [016df35f-8c5c-427d-a7e6-984ca7ba6483@group-66104EC5064E-StateMachineUpdater] INFO  metrics.RatisMetrics (RatisMetrics.java:unregister(46)) - Unregistering Metrics Registry : ratis.state_machine.016df35f-8c5c-427d-a7e6-984ca7ba6483@group-66104EC5064E
2020-04-23 23:59:48,997 [main] INFO  impl.RaftServerImpl (ServerState.java:close(387)) - 016df35f-8c5c-427d-a7e6-984ca7ba6483@group-66104EC5064E: closes. applyIndex: 0
2020-04-23 23:59:48,997 [016df35f-8c5c-427d-a7e6-984ca7ba6483@group-66104EC5064E-SegmentedRaftLogWorker] INFO  segmented.SegmentedRaftLogWorker (SegmentedRaftLogWorker.java:run(321)) - 016df35f-8c5c-427d-a7e6-984ca7ba6483@group-66104EC5064E-SegmentedRaftLogWorker was interrupted, exiting. There are 0 tasks remaining in the queue.
2020-04-23 23:59:48,999 [main] INFO  segmented.SegmentedRaftLogWorker (SegmentedRaftLogWorker.java:close(229)) - 016df35f-8c5c-427d-a7e6-984ca7ba6483@group-66104EC5064E-SegmentedRaftLogWorker close()
2020-04-23 23:59:49,000 [main] INFO  metrics.RatisMetrics (RatisMetrics.java:unregister(46)) - Unregistering Metrics Registry : ratis.log_worker.016df35f-8c5c-427d-a7e6-984ca7ba6483
2020-04-23 23:59:49,000 [main] INFO  metrics.RatisMetrics (RatisMetrics.java:unregister(46)) - Unregistering Metrics Registry : ratis.leader_election.016df35f-8c5c-427d-a7e6-984ca7ba6483@group-66104EC5064E
2020-04-23 23:59:49,000 [main] INFO  metrics.RatisMetrics (RatisMetrics.java:unregister(46)) - Unregistering Metrics Registry : ratis.server.016df35f-8c5c-427d-a7e6-984ca7ba6483@group-66104EC5064E
2020-04-23 23:59:49,001 [main] INFO  impl.RaftServerImpl (RaftServerImpl.java:lambda$shutdown$3(249)) - 016df35f-8c5c-427d-a7e6-984ca7ba6483@group-06D9085F128C: shutdown
2020-04-23 23:59:49,001 [main] INFO  util.JmxRegister (JmxRegister.java:unregister(73)) - Successfully un-registered JMX Bean with object name Ratis:service=RaftServer,group=group-06D9085F128C,id=016df35f-8c5c-427d-a7e6-984ca7ba6483
2020-04-23 23:59:49,001 [main] INFO  impl.RoleInfo (RoleInfo.java:shutdownLeaderState(104)) - 016df35f-8c5c-427d-a7e6-984ca7ba6483: shutdown LeaderState
2020-04-23 23:59:49,002 [org.apache.ratis.server.impl.LogAppender$AppenderDaemon$$Lambda$477/1194964483@62e87e99] WARN  server.GrpcLogAppender (GrpcLogAppender.java:mayWait(153)) - 016df35f-8c5c-427d-a7e6-984ca7ba6483@group-06D9085F128C->876d9ba1-69a9-4755-8e81-598d06cf1648-GrpcLogAppender: Wait interrupted by java.lang.InterruptedException
2020-04-23 23:59:49,002 [main] INFO  impl.PendingRequests (PendingRequests.java:sendNotLeaderResponses(240)) - 016df35f-8c5c-427d-a7e6-984ca7ba6483@group-06D9085F128C-PendingRequests: sendNotLeaderResponses
2020-04-23 23:59:49,002 [org.apache.ratis.server.impl.LogAppender$AppenderDaemon$$Lambda$477/1194964483@6bcf12cd] WARN  server.GrpcLogAppender (GrpcLogAppender.java:mayWait(153)) - 016df35f-8c5c-427d-a7e6-984ca7ba6483@group-06D9085F128C->1acfe952-6c35-481d-9534-c97fd0c89230-GrpcLogAppender: Wait interrupted by java.lang.InterruptedException
2020-04-23 23:59:49,003 [main] INFO  metrics.RatisMetrics (RatisMetrics.java:unregister(46)) - Unregistering Metrics Registry : ratis.log_appender.016df35f-8c5c-427d-a7e6-984ca7ba6483@group-06D9085F128C
2020-04-23 23:59:49,003 [grpc-default-executor-4] INFO  server.GrpcServerProtocolService (GrpcServerProtocolService.java:onCompleted(137)) - 1acfe952-6c35-481d-9534-c97fd0c89230: Completed APPEND_ENTRIES, lastRequest: 016df35f-8c5c-427d-a7e6-984ca7ba6483->1acfe952-6c35-481d-9534-c97fd0c89230#1-t1, previous=(t:0, i:0), leaderCommit=0, initializing? false, entries: size=1, first=(t:1, i:0), CONFIGURATIONENTRY
2020-04-23 23:59:49,003 [016df35f-8c5c-427d-a7e6-984ca7ba6483@group-06D9085F128C-StateMachineUpdater] INFO  ratis.ContainerStateMachine (ContainerStateMachine.java:takeSnapshot(288)) - group-06D9085F128C: Taking a snapshot at:(t:1, i:0) file /github/workspace/mnt/ozone/hadoop-ozone/integration-test/target/test-dir/MiniOzoneClusterImpl-5529f01a-5ac3-4bff-808e-3a81da285252/datanode-3/data/ratis/cfe6af89-0a96-46bb-a044-06d9085f128c/sm/snapshot.1_0
2020-04-23 23:59:49,004 [main] INFO  impl.StateMachineUpdater (StateMachineUpdater.java:stopAndJoin(139)) - 016df35f-8c5c-427d-a7e6-984ca7ba6483@group-06D9085F128C-StateMachineUpdater: set stopIndex = 0
2020-04-23 23:59:49,004 [016df35f-8c5c-427d-a7e6-984ca7ba6483@group-06D9085F128C-StateMachineUpdater] INFO  ratis.ContainerStateMachine (ContainerStateMachine.java:takeSnapshot(299)) - group-06D9085F128C: Finished taking a snapshot at:(t:1, i:0) file:/github/workspace/mnt/ozone/hadoop-ozone/integration-test/target/test-dir/MiniOzoneClusterImpl-5529f01a-5ac3-4bff-808e-3a81da285252/datanode-3/data/ratis/cfe6af89-0a96-46bb-a044-06d9085f128c/sm/snapshot.1_0 time:1
2020-04-23 23:59:49,004 [016df35f-8c5c-427d-a7e6-984ca7ba6483@group-06D9085F128C-StateMachineUpdater] INFO  impl.StateMachineUpdater (StateMachineUpdater.java:takeSnapshot(274)) - 016df35f-8c5c-427d-a7e6-984ca7ba6483@group-06D9085F128C-StateMachineUpdater: Took a snapshot at index 0
2020-04-23 23:59:49,004 [016df35f-8c5c-427d-a7e6-984ca7ba6483@group-06D9085F128C-StateMachineUpdater] INFO  impl.StateMachineUpdater (StateMachineUpdater.java:lambda$new$0(86)) - 016df35f-8c5c-427d-a7e6-984ca7ba6483@group-06D9085F128C-StateMachineUpdater: snapshotIndex: updateIncreasingly -1 -> 0
2020-04-23 23:59:49,004 [016df35f-8c5c-427d-a7e6-984ca7ba6483@group-06D9085F128C-StateMachineUpdater] INFO  metrics.RatisMetrics (RatisMetrics.java:unregister(46)) - Unregistering Metrics Registry : ratis.state_machine.016df35f-8c5c-427d-a7e6-984ca7ba6483@group-06D9085F128C
2020-04-23 23:59:49,005 [main] INFO  impl.RaftServerImpl (ServerState.java:close(387)) - 016df35f-8c5c-427d-a7e6-984ca7ba6483@group-06D9085F128C: closes. applyIndex: 0
2020-04-23 23:59:49,005 [016df35f-8c5c-427d-a7e6-984ca7ba6483@group-06D9085F128C-SegmentedRaftLogWorker] INFO  segmented.SegmentedRaftLogWorker (SegmentedRaftLogWorker.java:run(321)) - 016df35f-8c5c-427d-a7e6-984ca7ba6483@group-06D9085F128C-SegmentedRaftLogWorker was interrupted, exiting. There are 0 tasks remaining in the queue.
2020-04-23 23:59:49,005 [grpc-default-executor-4] INFO  server.GrpcLogAppender (GrpcLogAppender.java:onCompleted(309)) - 016df35f-8c5c-427d-a7e6-984ca7ba6483@group-06D9085F128C->1acfe952-6c35-481d-9534-c97fd0c89230-AppendLogResponseHandler: follower responses appendEntries COMPLETED
2020-04-23 23:59:49,007 [main] INFO  segmented.SegmentedRaftLogWorker (SegmentedRaftLogWorker.java:close(229)) - 016df35f-8c5c-427d-a7e6-984ca7ba6483@group-06D9085F128C-SegmentedRaftLogWorker close()
2020-04-23 23:59:49,007 [grpc-default-executor-4] INFO  impl.FollowerInfo (FollowerInfo.java:lambda$new$0(50)) - 016df35f-8c5c-427d-a7e6-984ca7ba6483@group-06D9085F128C->1acfe952-6c35-481d-9534-c97fd0c89230: nextIndex: updateUnconditionally 1 -> 0
2020-04-23 23:59:49,008 [main] INFO  metrics.RatisMetrics (RatisMetrics.java:unregister(46)) - Unregistering Metrics Registry : ratis.log_worker.016df35f-8c5c-427d-a7e6-984ca7ba6483
2020-04-23 23:59:49,008 [main] INFO  metrics.RatisMetrics (RatisMetrics.java:unregister(46)) - Unregistering Metrics Registry : ratis.leader_election.016df35f-8c5c-427d-a7e6-984ca7ba6483@group-06D9085F128C
2020-04-23 23:59:49,008 [main] INFO  metrics.RatisMetrics (RatisMetrics.java:unregister(46)) - Unregistering Metrics Registry : ratis.server.016df35f-8c5c-427d-a7e6-984ca7ba6483@group-06D9085F128C
2020-04-23 23:59:49,008 [main] INFO  impl.RaftServerImpl (RaftServerImpl.java:lambda$shutdown$3(249)) - 016df35f-8c5c-427d-a7e6-984ca7ba6483@group-44A286AF20F8: shutdown
2020-04-23 23:59:49,009 [main] INFO  util.JmxRegister (JmxRegister.java:unregister(73)) - Successfully un-registered JMX Bean with object name Ratis:service=RaftServer,group=group-44A286AF20F8,id=016df35f-8c5c-427d-a7e6-984ca7ba6483
2020-04-23 23:59:49,009 [main] INFO  impl.RoleInfo (RoleInfo.java:shutdownFollowerState(121)) - 016df35f-8c5c-427d-a7e6-984ca7ba6483: shutdown FollowerState
2020-04-23 23:59:49,009 [Thread-3894] INFO  impl.FollowerState (FollowerState.java:run(117)) - 016df35f-8c5c-427d-a7e6-984ca7ba6483@group-44A286AF20F8-FollowerState was interrupted: java.lang.InterruptedException: sleep interrupted
2020-04-23 23:59:49,010 [016df35f-8c5c-427d-a7e6-984ca7ba6483@group-44A286AF20F8-StateMachineUpdater] INFO  ratis.ContainerStateMachine (ContainerStateMachine.java:takeSnapshot(288)) - group-44A286AF20F8: Taking a snapshot at:(t:1, i:0) file /github/workspace/mnt/ozone/hadoop-ozone/integration-test/target/test-dir/MiniOzoneClusterImpl-5529f01a-5ac3-4bff-808e-3a81da285252/datanode-3/data/ratis/7e2d3a45-9ccc-4dac-a2c2-44a286af20f8/sm/snapshot.1_0
2020-04-23 23:59:49,010 [main] INFO  impl.StateMachineUpdater (StateMachineUpdater.java:stopAndJoin(139)) - 016df35f-8c5c-427d-a7e6-984ca7ba6483@group-44A286AF20F8-StateMachineUpdater: set stopIndex = 0
2020-04-23 23:59:49,011 [016df35f-8c5c-427d-a7e6-984ca7ba6483@group-44A286AF20F8-StateMachineUpdater] INFO  ratis.ContainerStateMachine (ContainerStateMachine.java:takeSnapshot(299)) - group-44A286AF20F8: Finished taking a snapshot at:(t:1, i:0) file:/github/workspace/mnt/ozone/hadoop-ozone/integration-test/target/test-dir/MiniOzoneClusterImpl-5529f01a-5ac3-4bff-808e-3a81da285252/datanode-3/data/ratis/7e2d3a45-9ccc-4dac-a2c2-44a286af20f8/sm/snapshot.1_0 time:0
2020-04-23 23:59:49,011 [016df35f-8c5c-427d-a7e6-984ca7ba6483@group-44A286AF20F8-StateMachineUpdater] INFO  impl.StateMachineUpdater (StateMachineUpdater.java:takeSnapshot(274)) - 016df35f-8c5c-427d-a7e6-984ca7ba6483@group-44A286AF20F8-StateMachineUpdater: Took a snapshot at index 0
2020-04-23 23:59:49,011 [016df35f-8c5c-427d-a7e6-984ca7ba6483@group-44A286AF20F8-StateMachineUpdater] INFO  impl.StateMachineUpdater (StateMachineUpdater.java:lambda$new$0(86)) - 016df35f-8c5c-427d-a7e6-984ca7ba6483@group-44A286AF20F8-StateMachineUpdater: snapshotIndex: updateIncreasingly -1 -> 0
2020-04-23 23:59:49,011 [016df35f-8c5c-427d-a7e6-984ca7ba6483@group-44A286AF20F8-StateMachineUpdater] INFO  metrics.RatisMetrics (RatisMetrics.java:unregister(46)) - Unregistering Metrics Registry : ratis.state_machine.016df35f-8c5c-427d-a7e6-984ca7ba6483@group-44A286AF20F8
2020-04-23 23:59:49,011 [main] INFO  impl.RaftServerImpl (ServerState.java:close(387)) - 016df35f-8c5c-427d-a7e6-984ca7ba6483@group-44A286AF20F8: closes. applyIndex: 0
2020-04-23 23:59:49,011 [016df35f-8c5c-427d-a7e6-984ca7ba6483@group-44A286AF20F8-SegmentedRaftLogWorker] INFO  segmented.SegmentedRaftLogWorker (SegmentedRaftLogWorker.java:run(321)) - 016df35f-8c5c-427d-a7e6-984ca7ba6483@group-44A286AF20F8-SegmentedRaftLogWorker was interrupted, exiting. There are 0 tasks remaining in the queue.
2020-04-23 23:59:49,012 [main] INFO  segmented.SegmentedRaftLogWorker (SegmentedRaftLogWorker.java:close(229)) - 016df35f-8c5c-427d-a7e6-984ca7ba6483@group-44A286AF20F8-SegmentedRaftLogWorker close()
2020-04-23 23:59:49,013 [main] INFO  metrics.RatisMetrics (RatisMetrics.java:unregister(46)) - Unregistering Metrics Registry : ratis.log_worker.016df35f-8c5c-427d-a7e6-984ca7ba6483
2020-04-23 23:59:49,013 [main] INFO  metrics.RatisMetrics (RatisMetrics.java:unregister(46)) - Unregistering Metrics Registry : ratis.leader_election.016df35f-8c5c-427d-a7e6-984ca7ba6483@group-44A286AF20F8
2020-04-23 23:59:49,013 [main] INFO  metrics.RatisMetrics (RatisMetrics.java:unregister(46)) - Unregistering Metrics Registry : ratis.server.016df35f-8c5c-427d-a7e6-984ca7ba6483@group-44A286AF20F8
2020-04-23 23:59:49,013 [main] INFO  server.GrpcService (GrpcService.java:closeImpl(165)) - 016df35f-8c5c-427d-a7e6-984ca7ba6483: shutdown server with port 42761 now
2020-04-23 23:59:49,014 [grpc-default-executor-7] WARN  server.GrpcServerProtocolService (LogUtils.java:warn(122)) - 016df35f-8c5c-427d-a7e6-984ca7ba6483: installSnapshot onError, lastRequest: 1acfe952-6c35-481d-9534-c97fd0c89230->016df35f-8c5c-427d-a7e6-984ca7ba6483#1-t1, previous=(t:0, i:0), leaderCommit=-1, initializing? false, entries: size=1, first=(t:1, i:0), CONFIGURATIONENTRY: org.apache.ratis.thirdparty.io.grpc.StatusRuntimeException: CANCELLED: cancelled before receiving half close
2020-04-23 23:59:49,015 [grpc-default-executor-9] WARN  server.GrpcLogAppender (LogUtils.java:warn(122)) - 1acfe952-6c35-481d-9534-c97fd0c89230@group-44A286AF20F8->016df35f-8c5c-427d-a7e6-984ca7ba6483-AppendLogResponseHandler: Failed appendEntries: org.apache.ratis.thirdparty.io.grpc.StatusRuntimeException: CANCELLED: HTTP/2 error code: CANCEL
Received Rst Stream
2020-04-23 23:59:49,015 [grpc-default-executor-9] INFO  impl.FollowerInfo (FollowerInfo.java:lambda$new$0(50)) - 1acfe952-6c35-481d-9534-c97fd0c89230@group-44A286AF20F8->016df35f-8c5c-427d-a7e6-984ca7ba6483: nextIndex: updateUnconditionally 1 -> 0
2020-04-23 23:59:49,018 [ForkJoinPool.commonPool-worker-0] INFO  ozoneimpl.OzoneContainer (OzoneContainer.java:stop(246)) - Attempting to stop container services.
2020-04-23 23:59:49,018 [ForkJoinPool.commonPool-worker-0] INFO  impl.RaftServerProxy (RaftServerProxy.java:lambda$close$4(314)) - e5f9a532-26d6-4fde-b118-89afbb9e15e9: close
2020-04-23 23:59:49,018 [ForkJoinPool.commonPool-worker-0] INFO  impl.RaftServerImpl (RaftServerImpl.java:lambda$shutdown$3(249)) - e5f9a532-26d6-4fde-b118-89afbb9e15e9@group-A2C853F9D6F0: shutdown
2020-04-23 23:59:49,018 [ForkJoinPool.commonPool-worker-0] INFO  util.JmxRegister (JmxRegister.java:unregister(73)) - Successfully un-registered JMX Bean with object name Ratis:service=RaftServer,group=group-A2C853F9D6F0,id=e5f9a532-26d6-4fde-b118-89afbb9e15e9
2020-04-23 23:59:49,018 [ForkJoinPool.commonPool-worker-0] INFO  impl.RoleInfo (RoleInfo.java:shutdownFollowerState(121)) - e5f9a532-26d6-4fde-b118-89afbb9e15e9: shutdown FollowerState
2020-04-23 23:59:49,018 [ForkJoinPool.commonPool-worker-0] INFO  impl.StateMachineUpdater (StateMachineUpdater.java:stopAndJoin(139)) - e5f9a532-26d6-4fde-b118-89afbb9e15e9@group-A2C853F9D6F0-StateMachineUpdater: set stopIndex = 0
2020-04-23 23:59:49,018 [Thread-3865] INFO  impl.FollowerState (FollowerState.java:run(117)) - e5f9a532-26d6-4fde-b118-89afbb9e15e9@group-A2C853F9D6F0-FollowerState was interrupted: java.lang.InterruptedException: sleep interrupted
2020-04-23 23:59:49,019 [e5f9a532-26d6-4fde-b118-89afbb9e15e9@group-A2C853F9D6F0-StateMachineUpdater] INFO  ratis.ContainerStateMachine (ContainerStateMachine.java:takeSnapshot(288)) - group-A2C853F9D6F0: Taking a snapshot at:(t:1, i:0) file /github/workspace/mnt/ozone/hadoop-ozone/integration-test/target/test-dir/MiniOzoneClusterImpl-5529f01a-5ac3-4bff-808e-3a81da285252/datanode-2/data/ratis/e2143834-5a02-4cab-ae28-a2c853f9d6f0/sm/snapshot.1_0
2020-04-23 23:59:49,020 [e5f9a532-26d6-4fde-b118-89afbb9e15e9@group-A2C853F9D6F0-StateMachineUpdater] INFO  ratis.ContainerStateMachine (ContainerStateMachine.java:takeSnapshot(299)) - group-A2C853F9D6F0: Finished taking a snapshot at:(t:1, i:0) file:/github/workspace/mnt/ozone/hadoop-ozone/integration-test/target/test-dir/MiniOzoneClusterImpl-5529f01a-5ac3-4bff-808e-3a81da285252/datanode-2/data/ratis/e2143834-5a02-4cab-ae28-a2c853f9d6f0/sm/snapshot.1_0 time:1
2020-04-23 23:59:49,020 [e5f9a532-26d6-4fde-b118-89afbb9e15e9@group-A2C853F9D6F0-StateMachineUpdater] INFO  impl.StateMachineUpdater (StateMachineUpdater.java:takeSnapshot(274)) - e5f9a532-26d6-4fde-b118-89afbb9e15e9@group-A2C853F9D6F0-StateMachineUpdater: Took a snapshot at index 0
2020-04-23 23:59:49,020 [e5f9a532-26d6-4fde-b118-89afbb9e15e9@group-A2C853F9D6F0-StateMachineUpdater] INFO  impl.StateMachineUpdater (StateMachineUpdater.java:lambda$new$0(86)) - e5f9a532-26d6-4fde-b118-89afbb9e15e9@group-A2C853F9D6F0-StateMachineUpdater: snapshotIndex: updateIncreasingly -1 -> 0
2020-04-23 23:59:49,020 [e5f9a532-26d6-4fde-b118-89afbb9e15e9@group-A2C853F9D6F0-StateMachineUpdater] INFO  metrics.RatisMetrics (RatisMetrics.java:unregister(46)) - Unregistering Metrics Registry : ratis.state_machine.e5f9a532-26d6-4fde-b118-89afbb9e15e9@group-A2C853F9D6F0
2020-04-23 23:59:49,020 [ForkJoinPool.commonPool-worker-0] INFO  impl.RaftServerImpl (ServerState.java:close(387)) - e5f9a532-26d6-4fde-b118-89afbb9e15e9@group-A2C853F9D6F0: closes. applyIndex: 0
2020-04-23 23:59:49,020 [e5f9a532-26d6-4fde-b118-89afbb9e15e9@group-A2C853F9D6F0-SegmentedRaftLogWorker] INFO  segmented.SegmentedRaftLogWorker (SegmentedRaftLogWorker.java:run(321)) - e5f9a532-26d6-4fde-b118-89afbb9e15e9@group-A2C853F9D6F0-SegmentedRaftLogWorker was interrupted, exiting. There are 0 tasks remaining in the queue.
2020-04-23 23:59:49,021 [ForkJoinPool.commonPool-worker-0] INFO  segmented.SegmentedRaftLogWorker (SegmentedRaftLogWorker.java:close(229)) - e5f9a532-26d6-4fde-b118-89afbb9e15e9@group-A2C853F9D6F0-SegmentedRaftLogWorker close()
2020-04-23 23:59:49,024 [main] INFO  server.GrpcService (GrpcService.java:closeImpl(173)) - 016df35f-8c5c-427d-a7e6-984ca7ba6483: shutdown server with port 42761 successfully
2020-04-23 23:59:49,024 [ForkJoinPool.commonPool-worker-0] INFO  metrics.RatisMetrics (RatisMetrics.java:unregister(46)) - Unregistering Metrics Registry : ratis.log_worker.e5f9a532-26d6-4fde-b118-89afbb9e15e9
2020-04-23 23:59:49,025 [ForkJoinPool.commonPool-worker-0] INFO  metrics.RatisMetrics (RatisMetrics.java:unregister(46)) - Unregistering Metrics Registry : ratis.leader_election.e5f9a532-26d6-4fde-b118-89afbb9e15e9@group-A2C853F9D6F0
2020-04-23 23:59:49,025 [ForkJoinPool.commonPool-worker-0] INFO  metrics.RatisMetrics (RatisMetrics.java:unregister(46)) - Unregistering Metrics Registry : ratis.server.e5f9a532-26d6-4fde-b118-89afbb9e15e9@group-A2C853F9D6F0
2020-04-23 23:59:49,025 [ForkJoinPool.commonPool-worker-0] INFO  impl.RaftServerImpl (RaftServerImpl.java:lambda$shutdown$3(249)) - e5f9a532-26d6-4fde-b118-89afbb9e15e9@group-75A9193C1AAF: shutdown
2020-04-23 23:59:49,025 [ForkJoinPool.commonPool-worker-0] INFO  util.JmxRegister (JmxRegister.java:unregister(73)) - Successfully un-registered JMX Bean with object name Ratis:service=RaftServer,group=group-75A9193C1AAF,id=e5f9a532-26d6-4fde-b118-89afbb9e15e9
2020-04-23 23:59:49,025 [ForkJoinPool.commonPool-worker-0] INFO  impl.RoleInfo (RoleInfo.java:shutdownFollowerState(121)) - e5f9a532-26d6-4fde-b118-89afbb9e15e9: shutdown FollowerState
2020-04-23 23:59:49,026 [ForkJoinPool.commonPool-worker-0] INFO  impl.StateMachineUpdater (StateMachineUpdater.java:stopAndJoin(139)) - e5f9a532-26d6-4fde-b118-89afbb9e15e9@group-75A9193C1AAF-StateMachineUpdater: set stopIndex = 6
2020-04-23 23:59:49,026 [e5f9a532-26d6-4fde-b118-89afbb9e15e9@group-75A9193C1AAF-StateMachineUpdater] INFO  ratis.ContainerStateMachine (ContainerStateMachine.java:takeSnapshot(288)) - group-75A9193C1AAF: Taking a snapshot at:(t:3, i:6) file /github/workspace/mnt/ozone/hadoop-ozone/integration-test/target/test-dir/MiniOzoneClusterImpl-5529f01a-5ac3-4bff-808e-3a81da285252/datanode-2/data/ratis/178afc60-d102-43ae-8369-75a9193c1aaf/sm/snapshot.3_6
2020-04-23 23:59:49,026 [Thread-3952] INFO  impl.FollowerState (FollowerState.java:run(117)) - e5f9a532-26d6-4fde-b118-89afbb9e15e9@group-75A9193C1AAF-FollowerState was interrupted: java.lang.InterruptedException: sleep interrupted
2020-04-23 23:59:49,027 [e5f9a532-26d6-4fde-b118-89afbb9e15e9@group-75A9193C1AAF-StateMachineUpdater] INFO  ratis.ContainerStateMachine (ContainerStateMachine.java:takeSnapshot(299)) - group-75A9193C1AAF: Finished taking a snapshot at:(t:3, i:6) file:/github/workspace/mnt/ozone/hadoop-ozone/integration-test/target/test-dir/MiniOzoneClusterImpl-5529f01a-5ac3-4bff-808e-3a81da285252/datanode-2/data/ratis/178afc60-d102-43ae-8369-75a9193c1aaf/sm/snapshot.3_6 time:1
2020-04-23 23:59:49,027 [e5f9a532-26d6-4fde-b118-89afbb9e15e9@group-75A9193C1AAF-StateMachineUpdater] INFO  impl.StateMachineUpdater (StateMachineUpdater.java:takeSnapshot(274)) - e5f9a532-26d6-4fde-b118-89afbb9e15e9@group-75A9193C1AAF-StateMachineUpdater: Took a snapshot at index 6
2020-04-23 23:59:49,027 [e5f9a532-26d6-4fde-b118-89afbb9e15e9@group-75A9193C1AAF-StateMachineUpdater] INFO  impl.StateMachineUpdater (StateMachineUpdater.java:lambda$new$0(86)) - e5f9a532-26d6-4fde-b118-89afbb9e15e9@group-75A9193C1AAF-StateMachineUpdater: snapshotIndex: updateIncreasingly -1 -> 6
2020-04-23 23:59:49,027 [e5f9a532-26d6-4fde-b118-89afbb9e15e9@group-75A9193C1AAF-StateMachineUpdater] INFO  metrics.RatisMetrics (RatisMetrics.java:unregister(46)) - Unregistering Metrics Registry : ratis.state_machine.e5f9a532-26d6-4fde-b118-89afbb9e15e9@group-75A9193C1AAF
2020-04-23 23:59:49,027 [ForkJoinPool.commonPool-worker-0] INFO  impl.RaftServerImpl (ServerState.java:close(387)) - e5f9a532-26d6-4fde-b118-89afbb9e15e9@group-75A9193C1AAF: closes. applyIndex: 6
2020-04-23 23:59:49,028 [e5f9a532-26d6-4fde-b118-89afbb9e15e9@group-75A9193C1AAF-SegmentedRaftLogWorker] INFO  segmented.SegmentedRaftLogWorker (SegmentedRaftLogWorker.java:run(321)) - e5f9a532-26d6-4fde-b118-89afbb9e15e9@group-75A9193C1AAF-SegmentedRaftLogWorker was interrupted, exiting. There are 0 tasks remaining in the queue.
2020-04-23 23:59:49,028 [ForkJoinPool.commonPool-worker-0] INFO  segmented.SegmentedRaftLogWorker (SegmentedRaftLogWorker.java:close(229)) - e5f9a532-26d6-4fde-b118-89afbb9e15e9@group-75A9193C1AAF-SegmentedRaftLogWorker close()
2020-04-23 23:59:49,028 [ForkJoinPool.commonPool-worker-0] INFO  metrics.RatisMetrics (RatisMetrics.java:unregister(46)) - Unregistering Metrics Registry : ratis.log_worker.e5f9a532-26d6-4fde-b118-89afbb9e15e9
2020-04-23 23:59:49,029 [ForkJoinPool.commonPool-worker-0] INFO  metrics.RatisMetrics (RatisMetrics.java:unregister(46)) - Unregistering Metrics Registry : ratis.leader_election.e5f9a532-26d6-4fde-b118-89afbb9e15e9@group-75A9193C1AAF
2020-04-23 23:59:49,029 [ForkJoinPool.commonPool-worker-0] INFO  metrics.RatisMetrics (RatisMetrics.java:unregister(46)) - Unregistering Metrics Registry : ratis.server.e5f9a532-26d6-4fde-b118-89afbb9e15e9@group-75A9193C1AAF
2020-04-23 23:59:49,029 [ForkJoinPool.commonPool-worker-0] INFO  impl.RaftServerImpl (RaftServerImpl.java:lambda$shutdown$3(249)) - e5f9a532-26d6-4fde-b118-89afbb9e15e9@group-ED3246CA88C1: shutdown
2020-04-23 23:59:49,029 [ForkJoinPool.commonPool-worker-0] INFO  util.JmxRegister (JmxRegister.java:unregister(73)) - Successfully un-registered JMX Bean with object name Ratis:service=RaftServer,group=group-ED3246CA88C1,id=e5f9a532-26d6-4fde-b118-89afbb9e15e9
2020-04-23 23:59:49,029 [ForkJoinPool.commonPool-worker-0] INFO  impl.RoleInfo (RoleInfo.java:shutdownLeaderState(104)) - e5f9a532-26d6-4fde-b118-89afbb9e15e9: shutdown LeaderState
2020-04-23 23:59:49,029 [ForkJoinPool.commonPool-worker-0] INFO  impl.PendingRequests (PendingRequests.java:sendNotLeaderResponses(240)) - e5f9a532-26d6-4fde-b118-89afbb9e15e9@group-ED3246CA88C1-PendingRequests: sendNotLeaderResponses
2020-04-23 23:59:49,029 [ForkJoinPool.commonPool-worker-0] INFO  metrics.RatisMetrics (RatisMetrics.java:unregister(46)) - Unregistering Metrics Registry : ratis.log_appender.e5f9a532-26d6-4fde-b118-89afbb9e15e9@group-ED3246CA88C1
2020-04-23 23:59:49,029 [ForkJoinPool.commonPool-worker-0] INFO  impl.StateMachineUpdater (StateMachineUpdater.java:stopAndJoin(139)) - e5f9a532-26d6-4fde-b118-89afbb9e15e9@group-ED3246CA88C1-StateMachineUpdater: set stopIndex = 0
2020-04-23 23:59:49,030 [e5f9a532-26d6-4fde-b118-89afbb9e15e9@group-ED3246CA88C1-StateMachineUpdater] INFO  ratis.ContainerStateMachine (ContainerStateMachine.java:takeSnapshot(288)) - group-ED3246CA88C1: Taking a snapshot at:(t:1, i:0) file /github/workspace/mnt/ozone/hadoop-ozone/integration-test/target/test-dir/MiniOzoneClusterImpl-5529f01a-5ac3-4bff-808e-3a81da285252/datanode-2/data/ratis/bf335a2f-6ed9-456e-8a24-ed3246ca88c1/sm/snapshot.1_0
2020-04-23 23:59:49,031 [e5f9a532-26d6-4fde-b118-89afbb9e15e9@group-ED3246CA88C1-StateMachineUpdater] INFO  ratis.ContainerStateMachine (ContainerStateMachine.java:takeSnapshot(299)) - group-ED3246CA88C1: Finished taking a snapshot at:(t:1, i:0) file:/github/workspace/mnt/ozone/hadoop-ozone/integration-test/target/test-dir/MiniOzoneClusterImpl-5529f01a-5ac3-4bff-808e-3a81da285252/datanode-2/data/ratis/bf335a2f-6ed9-456e-8a24-ed3246ca88c1/sm/snapshot.1_0 time:0
2020-04-23 23:59:49,031 [e5f9a532-26d6-4fde-b118-89afbb9e15e9@group-ED3246CA88C1-StateMachineUpdater] INFO  impl.StateMachineUpdater (StateMachineUpdater.java:takeSnapshot(274)) - e5f9a532-26d6-4fde-b118-89afbb9e15e9@group-ED3246CA88C1-StateMachineUpdater: Took a snapshot at index 0
2020-04-23 23:59:49,031 [e5f9a532-26d6-4fde-b118-89afbb9e15e9@group-ED3246CA88C1-StateMachineUpdater] INFO  impl.StateMachineUpdater (StateMachineUpdater.java:lambda$new$0(86)) - e5f9a532-26d6-4fde-b118-89afbb9e15e9@group-ED3246CA88C1-StateMachineUpdater: snapshotIndex: updateIncreasingly -1 -> 0
2020-04-23 23:59:49,031 [e5f9a532-26d6-4fde-b118-89afbb9e15e9@group-ED3246CA88C1-StateMachineUpdater] INFO  metrics.RatisMetrics (RatisMetrics.java:unregister(46)) - Unregistering Metrics Registry : ratis.state_machine.e5f9a532-26d6-4fde-b118-89afbb9e15e9@group-ED3246CA88C1
2020-04-23 23:59:49,031 [ForkJoinPool.commonPool-worker-0] INFO  impl.RaftServerImpl (ServerState.java:close(387)) - e5f9a532-26d6-4fde-b118-89afbb9e15e9@group-ED3246CA88C1: closes. applyIndex: 0
2020-04-23 23:59:49,031 [e5f9a532-26d6-4fde-b118-89afbb9e15e9@group-ED3246CA88C1-SegmentedRaftLogWorker] INFO  segmented.SegmentedRaftLogWorker (SegmentedRaftLogWorker.java:run(321)) - e5f9a532-26d6-4fde-b118-89afbb9e15e9@group-ED3246CA88C1-SegmentedRaftLogWorker was interrupted, exiting. There are 0 tasks remaining in the queue.
2020-04-23 23:59:49,031 [ForkJoinPool.commonPool-worker-0] INFO  segmented.SegmentedRaftLogWorker (SegmentedRaftLogWorker.java:close(229)) - e5f9a532-26d6-4fde-b118-89afbb9e15e9@group-ED3246CA88C1-SegmentedRaftLogWorker close()
2020-04-23 23:59:49,035 [ForkJoinPool.commonPool-worker-0] INFO  metrics.RatisMetrics (RatisMetrics.java:unregister(46)) - Unregistering Metrics Registry : ratis.log_worker.e5f9a532-26d6-4fde-b118-89afbb9e15e9
2020-04-23 23:59:49,035 [ForkJoinPool.commonPool-worker-0] INFO  metrics.RatisMetrics (RatisMetrics.java:unregister(46)) - Unregistering Metrics Registry : ratis.leader_election.e5f9a532-26d6-4fde-b118-89afbb9e15e9@group-ED3246CA88C1
2020-04-23 23:59:49,035 [ForkJoinPool.commonPool-worker-0] INFO  metrics.RatisMetrics (RatisMetrics.java:unregister(46)) - Unregistering Metrics Registry : ratis.server.e5f9a532-26d6-4fde-b118-89afbb9e15e9@group-ED3246CA88C1
2020-04-23 23:59:49,035 [ForkJoinPool.commonPool-worker-0] INFO  server.GrpcService (GrpcService.java:closeImpl(165)) - e5f9a532-26d6-4fde-b118-89afbb9e15e9: shutdown server with port 38999 now
2020-04-23 23:59:49,036 [grpc-default-executor-7] WARN  server.GrpcServerProtocolService (LogUtils.java:warn(122)) - e5f9a532-26d6-4fde-b118-89afbb9e15e9: installSnapshot onError, lastRequest: 0dc7066e-405b-4780-99cf-1352f26c2a84->e5f9a532-26d6-4fde-b118-89afbb9e15e9#1-t1, previous=(t:0, i:0), leaderCommit=-1, initializing? false, entries: size=1, first=(t:1, i:0), CONFIGURATIONENTRY: org.apache.ratis.thirdparty.io.grpc.StatusRuntimeException: CANCELLED: cancelled before receiving half close
2020-04-23 23:59:49,036 [grpc-default-executor-9] WARN  server.GrpcLogAppender (LogUtils.java:warn(122)) - 0dc7066e-405b-4780-99cf-1352f26c2a84@group-A2C853F9D6F0->e5f9a532-26d6-4fde-b118-89afbb9e15e9-AppendLogResponseHandler: Failed appendEntries: org.apache.ratis.thirdparty.io.grpc.StatusRuntimeException: CANCELLED: HTTP/2 error code: CANCEL
Received Rst Stream
2020-04-23 23:59:49,036 [grpc-default-executor-9] INFO  impl.FollowerInfo (FollowerInfo.java:lambda$new$0(50)) - 0dc7066e-405b-4780-99cf-1352f26c2a84@group-A2C853F9D6F0->e5f9a532-26d6-4fde-b118-89afbb9e15e9: nextIndex: updateUnconditionally 1 -> 0
2020-04-23 23:59:49,037 [ForkJoinPool.commonPool-worker-0] INFO  server.GrpcService (GrpcService.java:closeImpl(173)) - e5f9a532-26d6-4fde-b118-89afbb9e15e9: shutdown server with port 38999 successfully
2020-04-23 23:59:49,051 [main] INFO  utils.BackgroundService (BackgroundService.java:shutdown(157)) - Shutting down service BlockDeletingService
2020-04-23 23:59:49,063 [main] INFO  statemachine.DatanodeStateMachine (DatanodeStateMachine.java:stopDaemon(424)) - Ozone container server stopped.
2020-04-23 23:59:49,064 [main] INFO  handler.ContextHandler (ContextHandler.java:doStop(1016)) - Stopped o.e.j.w.WebAppContext@4c27d014{hddsDatanode,/,null,UNAVAILABLE}{jar:file:/home/user/.m2/repository/org/apache/hadoop/hadoop-hdds-container-service/0.6.0-SNAPSHOT/hadoop-hdds-container-service-0.6.0-SNAPSHOT.jar!/webapps/hddsDatanode}
2020-04-23 23:59:49,068 [ForkJoinPool.commonPool-worker-0] INFO  utils.BackgroundService (BackgroundService.java:shutdown(157)) - Shutting down service BlockDeletingService
2020-04-23 23:59:49,068 [main] INFO  server.AbstractConnector (AbstractConnector.java:doStop(380)) - Stopped ServerConnector@c225792{HTTP/1.1,[http/1.1]}{0.0.0.0:0}
2020-04-23 23:59:49,068 [main] INFO  server.session (HouseKeeper.java:stopScavenging(158)) - node0 Stopped scavenging
2020-04-23 23:59:49,069 [main] INFO  handler.ContextHandler (ContextHandler.java:doStop(1016)) - Stopped o.e.j.s.ServletContextHandler@7d8638d4{static,/static,jar:file:/home/user/.m2/repository/org/apache/hadoop/hadoop-hdds-container-service/0.6.0-SNAPSHOT/hadoop-hdds-container-service-0.6.0-SNAPSHOT.jar!/webapps/static,UNAVAILABLE}
2020-04-23 23:59:49,069 [main] INFO  handler.ContextHandler (ContextHandler.java:doStop(1016)) - Stopped o.e.j.s.ServletContextHandler@7d2fff85{logs,/logs,file:///github/workspace/mnt/ozone/hadoop-ozone/integration-test/target/log,UNAVAILABLE}
2020-04-23 23:59:49,072 [ForkJoinPool.commonPool-worker-0] INFO  statemachine.DatanodeStateMachine (DatanodeStateMachine.java:stopDaemon(424)) - Ozone container server stopped.
2020-04-23 23:59:49,074 [ForkJoinPool.commonPool-worker-0] INFO  handler.ContextHandler (ContextHandler.java:doStop(1016)) - Stopped o.e.j.w.WebAppContext@18c06d70{hddsDatanode,/,null,UNAVAILABLE}{jar:file:/home/user/.m2/repository/org/apache/hadoop/hadoop-hdds-container-service/0.6.0-SNAPSHOT/hadoop-hdds-container-service-0.6.0-SNAPSHOT.jar!/webapps/hddsDatanode}
2020-04-23 23:59:49,075 [ForkJoinPool.commonPool-worker-0] INFO  server.AbstractConnector (AbstractConnector.java:doStop(380)) - Stopped ServerConnector@30efd5ec{HTTP/1.1,[http/1.1]}{0.0.0.0:0}
2020-04-23 23:59:49,075 [ForkJoinPool.commonPool-worker-0] INFO  server.session (HouseKeeper.java:stopScavenging(158)) - node0 Stopped scavenging
2020-04-23 23:59:49,076 [ForkJoinPool.commonPool-worker-0] INFO  handler.ContextHandler (ContextHandler.java:doStop(1016)) - Stopped o.e.j.s.ServletContextHandler@6aff8833{static,/static,jar:file:/home/user/.m2/repository/org/apache/hadoop/hadoop-hdds-container-service/0.6.0-SNAPSHOT/hadoop-hdds-container-service-0.6.0-SNAPSHOT.jar!/webapps/static,UNAVAILABLE}
2020-04-23 23:59:49,076 [ForkJoinPool.commonPool-worker-0] INFO  handler.ContextHandler (ContextHandler.java:doStop(1016)) - Stopped o.e.j.s.ServletContextHandler@23ebb603{logs,/logs,file:///github/workspace/mnt/ozone/hadoop-ozone/integration-test/target/log,UNAVAILABLE}
2020-04-23 23:59:49,236 [Datanode State Machine Thread - 0] INFO  statemachine.DatanodeStateMachine (DatanodeStateMachine.java:lambda$startDaemon$0(376)) - Ozone container server started.
2020-04-23 23:59:49,911 [Datanode State Machine Thread - 0] INFO  statemachine.DatanodeStateMachine (DatanodeStateMachine.java:lambda$startDaemon$0(376)) - Ozone container server started.
2020-04-23 23:59:50,503 [grpc-default-executor-9] WARN  server.GrpcLogAppender (LogUtils.java:warn(122)) - 0dc7066e-405b-4780-99cf-1352f26c2a84@group-A2C853F9D6F0->6a71ef53-ab22-4528-adad-9f6a8b03666b-AppendLogResponseHandler: Failed appendEntries: org.apache.ratis.thirdparty.io.grpc.StatusRuntimeException: UNAVAILABLE: io exception
2020-04-23 23:59:50,504 [grpc-default-executor-9] INFO  impl.FollowerInfo (FollowerInfo.java:lambda$new$0(50)) - 0dc7066e-405b-4780-99cf-1352f26c2a84@group-A2C853F9D6F0->6a71ef53-ab22-4528-adad-9f6a8b03666b: nextIndex: updateUnconditionally 1 -> 0
2020-04-23 23:59:50,562 [grpc-default-executor-7] WARN  server.GrpcLogAppender (LogUtils.java:warn(122)) - 0dc7066e-405b-4780-99cf-1352f26c2a84@group-A2C853F9D6F0->e5f9a532-26d6-4fde-b118-89afbb9e15e9-AppendLogResponseHandler: Failed appendEntries: org.apache.ratis.thirdparty.io.grpc.StatusRuntimeException: UNAVAILABLE: io exception
2020-04-23 23:59:50,562 [grpc-default-executor-7] INFO  impl.FollowerInfo (FollowerInfo.java:lambda$new$0(50)) - 0dc7066e-405b-4780-99cf-1352f26c2a84@group-A2C853F9D6F0->e5f9a532-26d6-4fde-b118-89afbb9e15e9: nextIndex: updateUnconditionally 1 -> 0
2020-04-23 23:59:50,667 [grpc-default-executor-9] WARN  server.GrpcLogAppender (LogUtils.java:warn(122)) - 1acfe952-6c35-481d-9534-c97fd0c89230@group-44A286AF20F8->016df35f-8c5c-427d-a7e6-984ca7ba6483-AppendLogResponseHandler: Failed appendEntries: org.apache.ratis.thirdparty.io.grpc.StatusRuntimeException: UNAVAILABLE: io exception
2020-04-23 23:59:50,667 [grpc-default-executor-9] INFO  impl.FollowerInfo (FollowerInfo.java:lambda$new$0(50)) - 1acfe952-6c35-481d-9534-c97fd0c89230@group-44A286AF20F8->016df35f-8c5c-427d-a7e6-984ca7ba6483: nextIndex: updateUnconditionally 1 -> 0
2020-04-23 23:59:50,813 [grpc-default-executor-7] WARN  server.GrpcLogAppender (LogUtils.java:warn(122)) - 1acfe952-6c35-481d-9534-c97fd0c89230@group-44A286AF20F8->876d9ba1-69a9-4755-8e81-598d06cf1648-AppendLogResponseHandler: Failed appendEntries: org.apache.ratis.thirdparty.io.grpc.StatusRuntimeException: UNAVAILABLE: io exception
2020-04-23 23:59:50,814 [grpc-default-executor-7] INFO  impl.FollowerInfo (FollowerInfo.java:lambda$new$0(50)) - 1acfe952-6c35-481d-9534-c97fd0c89230@group-44A286AF20F8->876d9ba1-69a9-4755-8e81-598d06cf1648: nextIndex: updateUnconditionally 1 -> 0
2020-04-23 23:59:53,004 [grpc-default-executor-9] WARN  server.GrpcLogAppender (LogUtils.java:warn(122)) - 0dc7066e-405b-4780-99cf-1352f26c2a84@group-A2C853F9D6F0->6a71ef53-ab22-4528-adad-9f6a8b03666b-AppendLogResponseHandler: Failed appendEntries: org.apache.ratis.thirdparty.io.grpc.StatusRuntimeException: UNAVAILABLE: io exception
2020-04-23 23:59:53,005 [grpc-default-executor-9] INFO  impl.FollowerInfo (FollowerInfo.java:lambda$new$0(50)) - 0dc7066e-405b-4780-99cf-1352f26c2a84@group-A2C853F9D6F0->6a71ef53-ab22-4528-adad-9f6a8b03666b: nextIndex: updateUnconditionally 1 -> 0
2020-04-23 23:59:53,063 [grpc-default-executor-7] WARN  server.GrpcLogAppender (LogUtils.java:warn(122)) - 0dc7066e-405b-4780-99cf-1352f26c2a84@group-A2C853F9D6F0->e5f9a532-26d6-4fde-b118-89afbb9e15e9-AppendLogResponseHandler: Failed appendEntries: org.apache.ratis.thirdparty.io.grpc.StatusRuntimeException: UNAVAILABLE: io exception
2020-04-23 23:59:53,064 [grpc-default-executor-7] INFO  impl.FollowerInfo (FollowerInfo.java:lambda$new$0(50)) - 0dc7066e-405b-4780-99cf-1352f26c2a84@group-A2C853F9D6F0->e5f9a532-26d6-4fde-b118-89afbb9e15e9: nextIndex: updateUnconditionally 1 -> 0
2020-04-23 23:59:53,168 [grpc-default-executor-9] WARN  server.GrpcLogAppender (LogUtils.java:warn(122)) - 1acfe952-6c35-481d-9534-c97fd0c89230@group-44A286AF20F8->016df35f-8c5c-427d-a7e6-984ca7ba6483-AppendLogResponseHandler: Failed appendEntries: org.apache.ratis.thirdparty.io.grpc.StatusRuntimeException: UNAVAILABLE: io exception
2020-04-23 23:59:53,168 [grpc-default-executor-9] INFO  impl.FollowerInfo (FollowerInfo.java:lambda$new$0(50)) - 1acfe952-6c35-481d-9534-c97fd0c89230@group-44A286AF20F8->016df35f-8c5c-427d-a7e6-984ca7ba6483: nextIndex: updateUnconditionally 1 -> 0
2020-04-23 23:59:53,238 [Thread-3953] INFO  impl.FollowerState (FollowerState.java:run(108)) - 0dc7066e-405b-4780-99cf-1352f26c2a84@group-75A9193C1AAF-FollowerState: change to CANDIDATE, lastRpcTime:9328ms, electionTimeout:5023ms
2020-04-23 23:59:53,238 [Thread-3953] INFO  impl.RoleInfo (RoleInfo.java:shutdownFollowerState(121)) - 0dc7066e-405b-4780-99cf-1352f26c2a84: shutdown FollowerState
2020-04-23 23:59:53,239 [Thread-3953] INFO  impl.RaftServerImpl (RaftServerImpl.java:setRole(172)) - 0dc7066e-405b-4780-99cf-1352f26c2a84@group-75A9193C1AAF: changes role from  FOLLOWER to CANDIDATE at term 3 for changeToCandidate
2020-04-23 23:59:53,239 [Thread-3953] INFO  impl.RoleInfo (RoleInfo.java:updateAndGet(143)) - 0dc7066e-405b-4780-99cf-1352f26c2a84: start LeaderElection
2020-04-23 23:59:53,239 [0dc7066e-405b-4780-99cf-1352f26c2a84@group-75A9193C1AAF-LeaderElection137] INFO  impl.RaftServerImpl (ServerState.java:setLeader(255)) - 0dc7066e-405b-4780-99cf-1352f26c2a84@group-75A9193C1AAF: change Leader from 6a71ef53-ab22-4528-adad-9f6a8b03666b to null at term 3 for initElection
2020-04-23 23:59:53,240 [0dc7066e-405b-4780-99cf-1352f26c2a84@group-75A9193C1AAF-LeaderElection137] INFO  impl.LeaderElection (LeaderElection.java:askForVotes(206)) - 0dc7066e-405b-4780-99cf-1352f26c2a84@group-75A9193C1AAF-LeaderElection137: begin an election at term 4 for 0: [e5f9a532-26d6-4fde-b118-89afbb9e15e9:172.17.0.2:38999, 0dc7066e-405b-4780-99cf-1352f26c2a84:172.17.0.2:37081, 6a71ef53-ab22-4528-adad-9f6a8b03666b:172.17.0.2:35203], old=null
2020-04-23 23:59:53,243 [0dc7066e-405b-4780-99cf-1352f26c2a84@group-75A9193C1AAF-LeaderElection137] INFO  impl.LeaderElection (LogUtils.java:infoOrTrace(137)) - 0dc7066e-405b-4780-99cf-1352f26c2a84@group-75A9193C1AAF-LeaderElection137 got exception when requesting votes: java.util.concurrent.ExecutionException: org.apache.ratis.thirdparty.io.grpc.StatusRuntimeException: UNAVAILABLE: io exception
2020-04-23 23:59:53,246 [0dc7066e-405b-4780-99cf-1352f26c2a84@group-75A9193C1AAF-LeaderElection137] INFO  impl.LeaderElection (LogUtils.java:infoOrTrace(137)) - 0dc7066e-405b-4780-99cf-1352f26c2a84@group-75A9193C1AAF-LeaderElection137 got exception when requesting votes: java.util.concurrent.ExecutionException: org.apache.ratis.thirdparty.io.grpc.StatusRuntimeException: UNAVAILABLE: io exception
2020-04-23 23:59:53,246 [0dc7066e-405b-4780-99cf-1352f26c2a84@group-75A9193C1AAF-LeaderElection137] INFO  impl.LeaderElection (LeaderElection.java:logAndReturn(61)) - 0dc7066e-405b-4780-99cf-1352f26c2a84@group-75A9193C1AAF-LeaderElection137: Election REJECTED; received 0 response(s) [] and 2 exception(s); 0dc7066e-405b-4780-99cf-1352f26c2a84@group-75A9193C1AAF:t4, leader=null, voted=0dc7066e-405b-4780-99cf-1352f26c2a84, raftlog=0dc7066e-405b-4780-99cf-1352f26c2a84@group-75A9193C1AAF-SegmentedRaftLog:OPENED:c6,f6,i6, conf=0: [e5f9a532-26d6-4fde-b118-89afbb9e15e9:172.17.0.2:38999, 0dc7066e-405b-4780-99cf-1352f26c2a84:172.17.0.2:37081, 6a71ef53-ab22-4528-adad-9f6a8b03666b:172.17.0.2:35203], old=null
2020-04-23 23:59:53,246 [0dc7066e-405b-4780-99cf-1352f26c2a84@group-75A9193C1AAF-LeaderElection137] INFO  impl.LeaderElection (LogUtils.java:infoOrTrace(137)) -   Exception 0: java.util.concurrent.ExecutionException: org.apache.ratis.thirdparty.io.grpc.StatusRuntimeException: UNAVAILABLE: io exception
2020-04-23 23:59:53,246 [0dc7066e-405b-4780-99cf-1352f26c2a84@group-75A9193C1AAF-LeaderElection137] INFO  impl.LeaderElection (LogUtils.java:infoOrTrace(137)) -   Exception 1: java.util.concurrent.ExecutionException: org.apache.ratis.thirdparty.io.grpc.StatusRuntimeException: UNAVAILABLE: io exception
2020-04-23 23:59:53,246 [0dc7066e-405b-4780-99cf-1352f26c2a84@group-75A9193C1AAF-LeaderElection137] INFO  impl.RaftServerImpl (RaftServerImpl.java:setRole(172)) - 0dc7066e-405b-4780-99cf-1352f26c2a84@group-75A9193C1AAF: changes role from CANDIDATE to FOLLOWER at term 4 for DISCOVERED_A_NEW_TERM
2020-04-23 23:59:53,247 [0dc7066e-405b-4780-99cf-1352f26c2a84@group-75A9193C1AAF-LeaderElection137] INFO  impl.RoleInfo (RoleInfo.java:shutdownLeaderElection(134)) - 0dc7066e-405b-4780-99cf-1352f26c2a84: shutdown LeaderElection
2020-04-23 23:59:53,247 [0dc7066e-405b-4780-99cf-1352f26c2a84@group-75A9193C1AAF-LeaderElection137] INFO  impl.RoleInfo (RoleInfo.java:updateAndGet(143)) - 0dc7066e-405b-4780-99cf-1352f26c2a84: start FollowerState
2020-04-23 23:59:53,314 [grpc-default-executor-7] WARN  server.GrpcLogAppender (LogUtils.java:warn(122)) - 1acfe952-6c35-481d-9534-c97fd0c89230@group-44A286AF20F8->876d9ba1-69a9-4755-8e81-598d06cf1648-AppendLogResponseHandler: Failed appendEntries: org.apache.ratis.thirdparty.io.grpc.StatusRuntimeException: UNAVAILABLE: io exception
2020-04-23 23:59:53,314 [grpc-default-executor-7] INFO  impl.FollowerInfo (FollowerInfo.java:lambda$new$0(50)) - 1acfe952-6c35-481d-9534-c97fd0c89230@group-44A286AF20F8->876d9ba1-69a9-4755-8e81-598d06cf1648: nextIndex: updateUnconditionally 1 -> 0
2020-04-23 23:59:53,319 [EventQueue-StaleNodeForStaleNodeHandler] INFO  node.StaleNodeHandler (StaleNodeHandler.java:onMessage(58)) - Datanode 016df35f-8c5c-427d-a7e6-984ca7ba6483{ip: 172.17.0.2, host: 9acf12ef3076, networkLocation: /default-rack, certSerialId: null} moved to stale state. Finalizing its pipelines [PipelineID=118a0461-47df-47fe-955a-66104ec5064e, PipelineID=cfe6af89-0a96-46bb-a044-06d9085f128c, PipelineID=7e2d3a45-9ccc-4dac-a2c2-44a286af20f8]
2020-04-23 23:59:53,319 [EventQueue-StaleNodeForStaleNodeHandler] INFO  pipeline.SCMPipelineManager (SCMPipelineManager.java:finalizeAndDestroyPipeline(397)) - Destroying pipeline:Pipeline[ Id: 118a0461-47df-47fe-955a-66104ec5064e, Nodes: 016df35f-8c5c-427d-a7e6-984ca7ba6483{ip: 172.17.0.2, host: 9acf12ef3076, networkLocation: /default-rack, certSerialId: null}, Type:RATIS, Factor:ONE, State:OPEN, leaderId:016df35f-8c5c-427d-a7e6-984ca7ba6483, CreationTimestamp2020-04-23T23:59:24.973Z]
2020-04-23 23:59:53,319 [EventQueue-StaleNodeForStaleNodeHandler] INFO  pipeline.PipelineStateManager (PipelineStateManager.java:finalizePipeline(120)) - Pipeline Pipeline[ Id: 118a0461-47df-47fe-955a-66104ec5064e, Nodes: 016df35f-8c5c-427d-a7e6-984ca7ba6483{ip: 172.17.0.2, host: 9acf12ef3076, networkLocation: /default-rack, certSerialId: null}, Type:RATIS, Factor:ONE, State:CLOSED, leaderId:016df35f-8c5c-427d-a7e6-984ca7ba6483, CreationTimestamp2020-04-23T23:59:24.973Z] moved to CLOSED state
2020-04-23 23:59:53,319 [EventQueue-StaleNodeForStaleNodeHandler] INFO  pipeline.SCMPipelineManager (SCMPipelineManager.java:finalizeAndDestroyPipeline(397)) - Destroying pipeline:Pipeline[ Id: cfe6af89-0a96-46bb-a044-06d9085f128c, Nodes: 016df35f-8c5c-427d-a7e6-984ca7ba6483{ip: 172.17.0.2, host: 9acf12ef3076, networkLocation: /default-rack, certSerialId: null}1acfe952-6c35-481d-9534-c97fd0c89230{ip: 172.17.0.2, host: 9acf12ef3076, networkLocation: /default-rack, certSerialId: null}876d9ba1-69a9-4755-8e81-598d06cf1648{ip: 172.17.0.2, host: 9acf12ef3076, networkLocation: /default-rack, certSerialId: null}, Type:RATIS, Factor:THREE, State:CLOSED, leaderId:016df35f-8c5c-427d-a7e6-984ca7ba6483, CreationTimestamp2020-04-23T23:59:25.116Z]
2020-04-23 23:59:53,319 [EventQueue-StaleNodeForStaleNodeHandler] INFO  pipeline.SCMPipelineManager (SCMPipelineManager.java:finalizeAndDestroyPipeline(397)) - Destroying pipeline:Pipeline[ Id: 7e2d3a45-9ccc-4dac-a2c2-44a286af20f8, Nodes: 016df35f-8c5c-427d-a7e6-984ca7ba6483{ip: 172.17.0.2, host: 9acf12ef3076, networkLocation: /default-rack, certSerialId: null}1acfe952-6c35-481d-9534-c97fd0c89230{ip: 172.17.0.2, host: 9acf12ef3076, networkLocation: /default-rack, certSerialId: null}876d9ba1-69a9-4755-8e81-598d06cf1648{ip: 172.17.0.2, host: 9acf12ef3076, networkLocation: /default-rack, certSerialId: null}, Type:RATIS, Factor:THREE, State:CLOSED, leaderId:1acfe952-6c35-481d-9534-c97fd0c89230, CreationTimestamp2020-04-23T23:59:25.115Z]
2020-04-23 23:59:53,579 [Thread-3904] INFO  impl.FollowerState (FollowerState.java:run(108)) - 1acfe952-6c35-481d-9534-c97fd0c89230@group-06D9085F128C-FollowerState: change to CANDIDATE, lastRpcTime:5266ms, electionTimeout:5024ms
2020-04-23 23:59:53,580 [Thread-3904] INFO  impl.RoleInfo (RoleInfo.java:shutdownFollowerState(121)) - 1acfe952-6c35-481d-9534-c97fd0c89230: shutdown FollowerState
2020-04-23 23:59:53,580 [Thread-3904] INFO  impl.RaftServerImpl (RaftServerImpl.java:setRole(172)) - 1acfe952-6c35-481d-9534-c97fd0c89230@group-06D9085F128C: changes role from  FOLLOWER to CANDIDATE at term 1 for changeToCandidate
2020-04-23 23:59:53,580 [Thread-3904] INFO  impl.RoleInfo (RoleInfo.java:updateAndGet(143)) - 1acfe952-6c35-481d-9534-c97fd0c89230: start LeaderElection
2020-04-23 23:59:53,581 [1acfe952-6c35-481d-9534-c97fd0c89230@group-06D9085F128C-LeaderElection138] INFO  impl.RaftServerImpl (ServerState.java:setLeader(255)) - 1acfe952-6c35-481d-9534-c97fd0c89230@group-06D9085F128C: change Leader from 016df35f-8c5c-427d-a7e6-984ca7ba6483 to null at term 1 for initElection
2020-04-23 23:59:53,583 [1acfe952-6c35-481d-9534-c97fd0c89230@group-06D9085F128C-LeaderElection138] INFO  impl.LeaderElection (LeaderElection.java:askForVotes(206)) - 1acfe952-6c35-481d-9534-c97fd0c89230@group-06D9085F128C-LeaderElection138: begin an election at term 2 for 0: [016df35f-8c5c-427d-a7e6-984ca7ba6483:172.17.0.2:42761, 876d9ba1-69a9-4755-8e81-598d06cf1648:172.17.0.2:45017, 1acfe952-6c35-481d-9534-c97fd0c89230:172.17.0.2:46429], old=null
2020-04-23 23:59:53,587 [1acfe952-6c35-481d-9534-c97fd0c89230@group-06D9085F128C-LeaderElection138] INFO  impl.LeaderElection (LogUtils.java:infoOrTrace(137)) - 1acfe952-6c35-481d-9534-c97fd0c89230@group-06D9085F128C-LeaderElection138 got exception when requesting votes: java.util.concurrent.ExecutionException: org.apache.ratis.thirdparty.io.grpc.StatusRuntimeException: UNAVAILABLE: io exception
2020-04-23 23:59:53,590 [1acfe952-6c35-481d-9534-c97fd0c89230@group-06D9085F128C-LeaderElection138] INFO  impl.LeaderElection (LogUtils.java:infoOrTrace(137)) - 1acfe952-6c35-481d-9534-c97fd0c89230@group-06D9085F128C-LeaderElection138 got exception when requesting votes: java.util.concurrent.ExecutionException: org.apache.ratis.thirdparty.io.grpc.StatusRuntimeException: UNAVAILABLE: io exception
2020-04-23 23:59:53,590 [1acfe952-6c35-481d-9534-c97fd0c89230@group-06D9085F128C-LeaderElection138] INFO  impl.LeaderElection (LeaderElection.java:logAndReturn(61)) - 1acfe952-6c35-481d-9534-c97fd0c89230@group-06D9085F128C-LeaderElection138: Election REJECTED; received 0 response(s) [] and 2 exception(s); 1acfe952-6c35-481d-9534-c97fd0c89230@group-06D9085F128C:t2, leader=null, voted=1acfe952-6c35-481d-9534-c97fd0c89230, raftlog=1acfe952-6c35-481d-9534-c97fd0c89230@group-06D9085F128C-SegmentedRaftLog:OPENED:c0,f0,i0, conf=0: [016df35f-8c5c-427d-a7e6-984ca7ba6483:172.17.0.2:42761, 876d9ba1-69a9-4755-8e81-598d06cf1648:172.17.0.2:45017, 1acfe952-6c35-481d-9534-c97fd0c89230:172.17.0.2:46429], old=null
2020-04-23 23:59:53,590 [1acfe952-6c35-481d-9534-c97fd0c89230@group-06D9085F128C-LeaderElection138] INFO  impl.LeaderElection (LogUtils.java:infoOrTrace(137)) -   Exception 0: java.util.concurrent.ExecutionException: org.apache.ratis.thirdparty.io.grpc.StatusRuntimeException: UNAVAILABLE: io exception
2020-04-23 23:59:53,590 [1acfe952-6c35-481d-9534-c97fd0c89230@group-06D9085F128C-LeaderElection138] INFO  impl.LeaderElection (LogUtils.java:infoOrTrace(137)) -   Exception 1: java.util.concurrent.ExecutionException: org.apache.ratis.thirdparty.io.grpc.StatusRuntimeException: UNAVAILABLE: io exception
2020-04-23 23:59:53,590 [1acfe952-6c35-481d-9534-c97fd0c89230@group-06D9085F128C-LeaderElection138] INFO  impl.RaftServerImpl (RaftServerImpl.java:setRole(172)) - 1acfe952-6c35-481d-9534-c97fd0c89230@group-06D9085F128C: changes role from CANDIDATE to FOLLOWER at term 2 for DISCOVERED_A_NEW_TERM
2020-04-23 23:59:53,590 [1acfe952-6c35-481d-9534-c97fd0c89230@group-06D9085F128C-LeaderElection138] INFO  impl.RoleInfo (RoleInfo.java:shutdownLeaderElection(134)) - 1acfe952-6c35-481d-9534-c97fd0c89230: shutdown LeaderElection
2020-04-23 23:59:53,590 [1acfe952-6c35-481d-9534-c97fd0c89230@group-06D9085F128C-LeaderElection138] INFO  impl.RoleInfo (RoleInfo.java:updateAndGet(143)) - 1acfe952-6c35-481d-9534-c97fd0c89230: start FollowerState
2020-04-23 23:59:54,020 [EventQueue-StaleNodeForStaleNodeHandler] INFO  node.StaleNodeHandler (StaleNodeHandler.java:onMessage(58)) - Datanode e5f9a532-26d6-4fde-b118-89afbb9e15e9{ip: 172.17.0.2, host: 9acf12ef3076, networkLocation: /default-rack, certSerialId: null} moved to stale state. Finalizing its pipelines [PipelineID=e2143834-5a02-4cab-ae28-a2c853f9d6f0, PipelineID=178afc60-d102-43ae-8369-75a9193c1aaf, PipelineID=bf335a2f-6ed9-456e-8a24-ed3246ca88c1]
2020-04-23 23:59:54,020 [EventQueue-StaleNodeForStaleNodeHandler] INFO  pipeline.SCMPipelineManager (SCMPipelineManager.java:finalizeAndDestroyPipeline(397)) - Destroying pipeline:Pipeline[ Id: e2143834-5a02-4cab-ae28-a2c853f9d6f0, Nodes: e5f9a532-26d6-4fde-b118-89afbb9e15e9{ip: 172.17.0.2, host: 9acf12ef3076, networkLocation: /default-rack, certSerialId: null}0dc7066e-405b-4780-99cf-1352f26c2a84{ip: 172.17.0.2, host: 9acf12ef3076, networkLocation: /default-rack, certSerialId: null}6a71ef53-ab22-4528-adad-9f6a8b03666b{ip: 172.17.0.2, host: 9acf12ef3076, networkLocation: /default-rack, certSerialId: null}, Type:RATIS, Factor:THREE, State:CLOSED, leaderId:0dc7066e-405b-4780-99cf-1352f26c2a84, CreationTimestamp2020-04-23T23:59:24.905Z]
2020-04-23 23:59:54,020 [EventQueue-StaleNodeForStaleNodeHandler] INFO  pipeline.SCMPipelineManager (SCMPipelineManager.java:finalizeAndDestroyPipeline(397)) - Destroying pipeline:Pipeline[ Id: 178afc60-d102-43ae-8369-75a9193c1aaf, Nodes: e5f9a532-26d6-4fde-b118-89afbb9e15e9{ip: 172.17.0.2, host: 9acf12ef3076, networkLocation: /default-rack, certSerialId: null}0dc7066e-405b-4780-99cf-1352f26c2a84{ip: 172.17.0.2, host: 9acf12ef3076, networkLocation: /default-rack, certSerialId: null}6a71ef53-ab22-4528-adad-9f6a8b03666b{ip: 172.17.0.2, host: 9acf12ef3076, networkLocation: /default-rack, certSerialId: null}, Type:RATIS, Factor:THREE, State:CLOSED, leaderId:6a71ef53-ab22-4528-adad-9f6a8b03666b, CreationTimestamp2020-04-23T23:59:24.906Z]
2020-04-23 23:59:54,020 [EventQueue-StaleNodeForStaleNodeHandler] INFO  pipeline.SCMPipelineManager (SCMPipelineManager.java:finalizeAndDestroyPipeline(397)) - Destroying pipeline:Pipeline[ Id: bf335a2f-6ed9-456e-8a24-ed3246ca88c1, Nodes: e5f9a532-26d6-4fde-b118-89afbb9e15e9{ip: 172.17.0.2, host: 9acf12ef3076, networkLocation: /default-rack, certSerialId: null}, Type:RATIS, Factor:ONE, State:OPEN, leaderId:e5f9a532-26d6-4fde-b118-89afbb9e15e9, CreationTimestamp2020-04-23T23:59:24.905Z]
2020-04-23 23:59:54,020 [EventQueue-StaleNodeForStaleNodeHandler] INFO  pipeline.PipelineStateManager (PipelineStateManager.java:finalizePipeline(120)) - Pipeline Pipeline[ Id: bf335a2f-6ed9-456e-8a24-ed3246ca88c1, Nodes: e5f9a532-26d6-4fde-b118-89afbb9e15e9{ip: 172.17.0.2, host: 9acf12ef3076, networkLocation: /default-rack, certSerialId: null}, Type:RATIS, Factor:ONE, State:CLOSED, leaderId:e5f9a532-26d6-4fde-b118-89afbb9e15e9, CreationTimestamp2020-04-23T23:59:24.905Z] moved to CLOSED state
2020-04-23 23:59:54,071 [main] INFO  ozoneimpl.OzoneContainer (OzoneContainer.java:stop(246)) - Attempting to stop container services.
2020-04-23 23:59:54,072 [main] INFO  impl.RaftServerProxy (RaftServerProxy.java:lambda$close$4(314)) - 545022e8-5328-4925-abb3-0aab3242966c: close
2020-04-23 23:59:54,072 [main] INFO  impl.RaftServerImpl (RaftServerImpl.java:lambda$shutdown$3(249)) - 545022e8-5328-4925-abb3-0aab3242966c@group-6AA2A86A4BBC: shutdown
2020-04-23 23:59:54,073 [main] INFO  util.JmxRegister (JmxRegister.java:unregister(73)) - Successfully un-registered JMX Bean with object name Ratis:service=RaftServer,group=group-6AA2A86A4BBC,id=545022e8-5328-4925-abb3-0aab3242966c
2020-04-23 23:59:54,073 [main] INFO  impl.RoleInfo (RoleInfo.java:shutdownLeaderState(104)) - 545022e8-5328-4925-abb3-0aab3242966c: shutdown LeaderState
2020-04-23 23:59:54,073 [main] INFO  impl.PendingRequests (PendingRequests.java:sendNotLeaderResponses(240)) - 545022e8-5328-4925-abb3-0aab3242966c@group-6AA2A86A4BBC-PendingRequests: sendNotLeaderResponses
2020-04-23 23:59:54,073 [main] INFO  metrics.RatisMetrics (RatisMetrics.java:unregister(46)) - Unregistering Metrics Registry : ratis.log_appender.545022e8-5328-4925-abb3-0aab3242966c@group-6AA2A86A4BBC
2020-04-23 23:59:54,074 [main] INFO  impl.StateMachineUpdater (StateMachineUpdater.java:stopAndJoin(139)) - 545022e8-5328-4925-abb3-0aab3242966c@group-6AA2A86A4BBC-StateMachineUpdater: set stopIndex = 0
2020-04-23 23:59:54,074 [545022e8-5328-4925-abb3-0aab3242966c@group-6AA2A86A4BBC-StateMachineUpdater] INFO  ratis.ContainerStateMachine (ContainerStateMachine.java:takeSnapshot(288)) - group-6AA2A86A4BBC: Taking a snapshot at:(t:1, i:0) file /github/workspace/mnt/ozone/hadoop-ozone/integration-test/target/test-dir/MiniOzoneClusterImpl-5529f01a-5ac3-4bff-808e-3a81da285252/datanode-6/data/ratis/51cffb4c-ed56-471d-93b7-6aa2a86a4bbc/sm/snapshot.1_0
2020-04-23 23:59:54,075 [545022e8-5328-4925-abb3-0aab3242966c@group-6AA2A86A4BBC-StateMachineUpdater] INFO  ratis.ContainerStateMachine (ContainerStateMachine.java:takeSnapshot(299)) - group-6AA2A86A4BBC: Finished taking a snapshot at:(t:1, i:0) file:/github/workspace/mnt/ozone/hadoop-ozone/integration-test/target/test-dir/MiniOzoneClusterImpl-5529f01a-5ac3-4bff-808e-3a81da285252/datanode-6/data/ratis/51cffb4c-ed56-471d-93b7-6aa2a86a4bbc/sm/snapshot.1_0 time:1
2020-04-23 23:59:54,075 [545022e8-5328-4925-abb3-0aab3242966c@group-6AA2A86A4BBC-StateMachineUpdater] INFO  impl.StateMachineUpdater (StateMachineUpdater.java:takeSnapshot(274)) - 545022e8-5328-4925-abb3-0aab3242966c@group-6AA2A86A4BBC-StateMachineUpdater: Took a snapshot at index 0
2020-04-23 23:59:54,075 [545022e8-5328-4925-abb3-0aab3242966c@group-6AA2A86A4BBC-StateMachineUpdater] INFO  impl.StateMachineUpdater (StateMachineUpdater.java:lambda$new$0(86)) - 545022e8-5328-4925-abb3-0aab3242966c@group-6AA2A86A4BBC-StateMachineUpdater: snapshotIndex: updateIncreasingly -1 -> 0
2020-04-23 23:59:54,075 [545022e8-5328-4925-abb3-0aab3242966c@group-6AA2A86A4BBC-StateMachineUpdater] INFO  metrics.RatisMetrics (RatisMetrics.java:unregister(46)) - Unregistering Metrics Registry : ratis.state_machine.545022e8-5328-4925-abb3-0aab3242966c@group-6AA2A86A4BBC
2020-04-23 23:59:54,076 [main] INFO  impl.RaftServerImpl (ServerState.java:close(387)) - 545022e8-5328-4925-abb3-0aab3242966c@group-6AA2A86A4BBC: closes. applyIndex: 0
2020-04-23 23:59:54,076 [545022e8-5328-4925-abb3-0aab3242966c@group-6AA2A86A4BBC-SegmentedRaftLogWorker] INFO  segmented.SegmentedRaftLogWorker (SegmentedRaftLogWorker.java:run(321)) - 545022e8-5328-4925-abb3-0aab3242966c@group-6AA2A86A4BBC-SegmentedRaftLogWorker was interrupted, exiting. There are 0 tasks remaining in the queue.
2020-04-23 23:59:54,076 [main] INFO  segmented.SegmentedRaftLogWorker (SegmentedRaftLogWorker.java:close(229)) - 545022e8-5328-4925-abb3-0aab3242966c@group-6AA2A86A4BBC-SegmentedRaftLogWorker close()
2020-04-23 23:59:54,077 [ForkJoinPool.commonPool-worker-0] INFO  ozoneimpl.OzoneContainer (OzoneContainer.java:stop(246)) - Attempting to stop container services.
2020-04-23 23:59:54,077 [ForkJoinPool.commonPool-worker-0] INFO  impl.RaftServerProxy (RaftServerProxy.java:lambda$close$4(314)) - 0dc7066e-405b-4780-99cf-1352f26c2a84: close
2020-04-23 23:59:54,078 [ForkJoinPool.commonPool-worker-0] INFO  impl.RaftServerImpl (RaftServerImpl.java:lambda$shutdown$3(249)) - 0dc7066e-405b-4780-99cf-1352f26c2a84@group-A2C853F9D6F0: shutdown
2020-04-23 23:59:54,078 [ForkJoinPool.commonPool-worker-0] INFO  util.JmxRegister (JmxRegister.java:unregister(73)) - Successfully un-registered JMX Bean with object name Ratis:service=RaftServer,group=group-A2C853F9D6F0,id=0dc7066e-405b-4780-99cf-1352f26c2a84
2020-04-23 23:59:54,078 [ForkJoinPool.commonPool-worker-0] INFO  impl.RoleInfo (RoleInfo.java:shutdownLeaderState(104)) - 0dc7066e-405b-4780-99cf-1352f26c2a84: shutdown LeaderState
2020-04-23 23:59:54,078 [main] INFO  metrics.RatisMetrics (RatisMetrics.java:unregister(46)) - Unregistering Metrics Registry : ratis.log_worker.545022e8-5328-4925-abb3-0aab3242966c
2020-04-23 23:59:54,079 [org.apache.ratis.server.impl.LogAppender$AppenderDaemon$$Lambda$477/1194964483@4f85d238] WARN  server.GrpcLogAppender (GrpcLogAppender.java:mayWait(153)) - 0dc7066e-405b-4780-99cf-1352f26c2a84@group-A2C853F9D6F0->6a71ef53-ab22-4528-adad-9f6a8b03666b-GrpcLogAppender: Wait interrupted by java.lang.InterruptedException
2020-04-23 23:59:54,079 [ForkJoinPool.commonPool-worker-0] INFO  impl.PendingRequests (PendingRequests.java:sendNotLeaderResponses(240)) - 0dc7066e-405b-4780-99cf-1352f26c2a84@group-A2C853F9D6F0-PendingRequests: sendNotLeaderResponses
2020-04-23 23:59:54,079 [org.apache.ratis.server.impl.LogAppender$AppenderDaemon$$Lambda$477/1194964483@403b183c] WARN  server.GrpcLogAppender (GrpcLogAppender.java:mayWait(153)) - 0dc7066e-405b-4780-99cf-1352f26c2a84@group-A2C853F9D6F0->e5f9a532-26d6-4fde-b118-89afbb9e15e9-GrpcLogAppender: Wait interrupted by java.lang.InterruptedException
2020-04-23 23:59:54,080 [ForkJoinPool.commonPool-worker-0] INFO  metrics.RatisMetrics (RatisMetrics.java:unregister(46)) - Unregistering Metrics Registry : ratis.log_appender.0dc7066e-405b-4780-99cf-1352f26c2a84@group-A2C853F9D6F0
2020-04-23 23:59:54,080 [ForkJoinPool.commonPool-worker-0] INFO  impl.StateMachineUpdater (StateMachineUpdater.java:stopAndJoin(139)) - 0dc7066e-405b-4780-99cf-1352f26c2a84@group-A2C853F9D6F0-StateMachineUpdater: set stopIndex = 0
2020-04-23 23:59:54,080 [0dc7066e-405b-4780-99cf-1352f26c2a84@group-A2C853F9D6F0-StateMachineUpdater] INFO  ratis.ContainerStateMachine (ContainerStateMachine.java:takeSnapshot(288)) - group-A2C853F9D6F0: Taking a snapshot at:(t:1, i:0) file /github/workspace/mnt/ozone/hadoop-ozone/integration-test/target/test-dir/MiniOzoneClusterImpl-5529f01a-5ac3-4bff-808e-3a81da285252/datanode-0/data/ratis/e2143834-5a02-4cab-ae28-a2c853f9d6f0/sm/snapshot.1_0
2020-04-23 23:59:54,080 [main] INFO  metrics.RatisMetrics (RatisMetrics.java:unregister(46)) - Unregistering Metrics Registry : ratis.leader_election.545022e8-5328-4925-abb3-0aab3242966c@group-6AA2A86A4BBC
2020-04-23 23:59:54,081 [main] INFO  metrics.RatisMetrics (RatisMetrics.java:unregister(46)) - Unregistering Metrics Registry : ratis.server.545022e8-5328-4925-abb3-0aab3242966c@group-6AA2A86A4BBC
2020-04-23 23:59:54,081 [main] INFO  server.GrpcService (GrpcService.java:closeImpl(165)) - 545022e8-5328-4925-abb3-0aab3242966c: shutdown server with port 39841 now
2020-04-23 23:59:54,081 [0dc7066e-405b-4780-99cf-1352f26c2a84@group-A2C853F9D6F0-StateMachineUpdater] INFO  ratis.ContainerStateMachine (ContainerStateMachine.java:takeSnapshot(299)) - group-A2C853F9D6F0: Finished taking a snapshot at:(t:1, i:0) file:/github/workspace/mnt/ozone/hadoop-ozone/integration-test/target/test-dir/MiniOzoneClusterImpl-5529f01a-5ac3-4bff-808e-3a81da285252/datanode-0/data/ratis/e2143834-5a02-4cab-ae28-a2c853f9d6f0/sm/snapshot.1_0 time:1
2020-04-23 23:59:54,081 [0dc7066e-405b-4780-99cf-1352f26c2a84@group-A2C853F9D6F0-StateMachineUpdater] INFO  impl.StateMachineUpdater (StateMachineUpdater.java:takeSnapshot(274)) - 0dc7066e-405b-4780-99cf-1352f26c2a84@group-A2C853F9D6F0-StateMachineUpdater: Took a snapshot at index 0
2020-04-23 23:59:54,081 [0dc7066e-405b-4780-99cf-1352f26c2a84@group-A2C853F9D6F0-StateMachineUpdater] INFO  impl.StateMachineUpdater (StateMachineUpdater.java:lambda$new$0(86)) - 0dc7066e-405b-4780-99cf-1352f26c2a84@group-A2C853F9D6F0-StateMachineUpdater: snapshotIndex: updateIncreasingly -1 -> 0
2020-04-23 23:59:54,082 [0dc7066e-405b-4780-99cf-1352f26c2a84@group-A2C853F9D6F0-StateMachineUpdater] INFO  metrics.RatisMetrics (RatisMetrics.java:unregister(46)) - Unregistering Metrics Registry : ratis.state_machine.0dc7066e-405b-4780-99cf-1352f26c2a84@group-A2C853F9D6F0
2020-04-23 23:59:54,082 [ForkJoinPool.commonPool-worker-0] INFO  impl.RaftServerImpl (ServerState.java:close(387)) - 0dc7066e-405b-4780-99cf-1352f26c2a84@group-A2C853F9D6F0: closes. applyIndex: 0
2020-04-23 23:59:54,082 [main] INFO  server.GrpcService (GrpcService.java:closeImpl(173)) - 545022e8-5328-4925-abb3-0aab3242966c: shutdown server with port 39841 successfully
2020-04-23 23:59:54,082 [0dc7066e-405b-4780-99cf-1352f26c2a84@group-A2C853F9D6F0-SegmentedRaftLogWorker] INFO  segmented.SegmentedRaftLogWorker (SegmentedRaftLogWorker.java:run(321)) - 0dc7066e-405b-4780-99cf-1352f26c2a84@group-A2C853F9D6F0-SegmentedRaftLogWorker was interrupted, exiting. There are 0 tasks remaining in the queue.
2020-04-23 23:59:54,082 [ForkJoinPool.commonPool-worker-0] INFO  segmented.SegmentedRaftLogWorker (SegmentedRaftLogWorker.java:close(229)) - 0dc7066e-405b-4780-99cf-1352f26c2a84@group-A2C853F9D6F0-SegmentedRaftLogWorker close()
2020-04-23 23:59:54,083 [ForkJoinPool.commonPool-worker-0] INFO  metrics.RatisMetrics (RatisMetrics.java:unregister(46)) - Unregistering Metrics Registry : ratis.log_worker.0dc7066e-405b-4780-99cf-1352f26c2a84
2020-04-23 23:59:54,083 [ForkJoinPool.commonPool-worker-0] INFO  metrics.RatisMetrics (RatisMetrics.java:unregister(46)) - Unregistering Metrics Registry : ratis.leader_election.0dc7066e-405b-4780-99cf-1352f26c2a84@group-A2C853F9D6F0
2020-04-23 23:59:54,083 [ForkJoinPool.commonPool-worker-0] INFO  metrics.RatisMetrics (RatisMetrics.java:unregister(46)) - Unregistering Metrics Registry : ratis.server.0dc7066e-405b-4780-99cf-1352f26c2a84@group-A2C853F9D6F0
2020-04-23 23:59:54,083 [ForkJoinPool.commonPool-worker-0] INFO  impl.RaftServerImpl (RaftServerImpl.java:lambda$shutdown$3(249)) - 0dc7066e-405b-4780-99cf-1352f26c2a84@group-75A9193C1AAF: shutdown
2020-04-23 23:59:54,083 [ForkJoinPool.commonPool-worker-0] INFO  util.JmxRegister (JmxRegister.java:unregister(73)) - Successfully un-registered JMX Bean with object name Ratis:service=RaftServer,group=group-75A9193C1AAF,id=0dc7066e-405b-4780-99cf-1352f26c2a84
2020-04-23 23:59:54,084 [ForkJoinPool.commonPool-worker-0] INFO  impl.RoleInfo (RoleInfo.java:shutdownFollowerState(121)) - 0dc7066e-405b-4780-99cf-1352f26c2a84: shutdown FollowerState
2020-04-23 23:59:54,084 [Thread-4013] INFO  impl.FollowerState (FollowerState.java:run(117)) - 0dc7066e-405b-4780-99cf-1352f26c2a84@group-75A9193C1AAF-FollowerState was interrupted: java.lang.InterruptedException: sleep interrupted
2020-04-23 23:59:54,084 [0dc7066e-405b-4780-99cf-1352f26c2a84@group-75A9193C1AAF-StateMachineUpdater] INFO  ratis.ContainerStateMachine (ContainerStateMachine.java:takeSnapshot(288)) - group-75A9193C1AAF: Taking a snapshot at:(t:3, i:6) file /github/workspace/mnt/ozone/hadoop-ozone/integration-test/target/test-dir/MiniOzoneClusterImpl-5529f01a-5ac3-4bff-808e-3a81da285252/datanode-0/data/ratis/178afc60-d102-43ae-8369-75a9193c1aaf/sm/snapshot.3_6
2020-04-23 23:59:54,085 [ForkJoinPool.commonPool-worker-0] INFO  impl.StateMachineUpdater (StateMachineUpdater.java:stopAndJoin(139)) - 0dc7066e-405b-4780-99cf-1352f26c2a84@group-75A9193C1AAF-StateMachineUpdater: set stopIndex = 6
2020-04-23 23:59:54,085 [0dc7066e-405b-4780-99cf-1352f26c2a84@group-75A9193C1AAF-StateMachineUpdater] INFO  ratis.ContainerStateMachine (ContainerStateMachine.java:takeSnapshot(299)) - group-75A9193C1AAF: Finished taking a snapshot at:(t:3, i:6) file:/github/workspace/mnt/ozone/hadoop-ozone/integration-test/target/test-dir/MiniOzoneClusterImpl-5529f01a-5ac3-4bff-808e-3a81da285252/datanode-0/data/ratis/178afc60-d102-43ae-8369-75a9193c1aaf/sm/snapshot.3_6 time:1
2020-04-23 23:59:54,085 [0dc7066e-405b-4780-99cf-1352f26c2a84@group-75A9193C1AAF-StateMachineUpdater] INFO  impl.StateMachineUpdater (StateMachineUpdater.java:takeSnapshot(274)) - 0dc7066e-405b-4780-99cf-1352f26c2a84@group-75A9193C1AAF-StateMachineUpdater: Took a snapshot at index 6
2020-04-23 23:59:54,085 [0dc7066e-405b-4780-99cf-1352f26c2a84@group-75A9193C1AAF-StateMachineUpdater] INFO  impl.StateMachineUpdater (StateMachineUpdater.java:lambda$new$0(86)) - 0dc7066e-405b-4780-99cf-1352f26c2a84@group-75A9193C1AAF-StateMachineUpdater: snapshotIndex: updateIncreasingly -1 -> 6
2020-04-23 23:59:54,086 [0dc7066e-405b-4780-99cf-1352f26c2a84@group-75A9193C1AAF-StateMachineUpdater] INFO  metrics.RatisMetrics (RatisMetrics.java:unregister(46)) - Unregistering Metrics Registry : ratis.state_machine.0dc7066e-405b-4780-99cf-1352f26c2a84@group-75A9193C1AAF
2020-04-23 23:59:54,086 [ForkJoinPool.commonPool-worker-0] INFO  impl.RaftServerImpl (ServerState.java:close(387)) - 0dc7066e-405b-4780-99cf-1352f26c2a84@group-75A9193C1AAF: closes. applyIndex: 6
2020-04-23 23:59:54,086 [0dc7066e-405b-4780-99cf-1352f26c2a84@group-75A9193C1AAF-SegmentedRaftLogWorker] INFO  segmented.SegmentedRaftLogWorker (SegmentedRaftLogWorker.java:run(321)) - 0dc7066e-405b-4780-99cf-1352f26c2a84@group-75A9193C1AAF-SegmentedRaftLogWorker was interrupted, exiting. There are 0 tasks remaining in the queue.
2020-04-23 23:59:54,086 [ForkJoinPool.commonPool-worker-0] INFO  segmented.SegmentedRaftLogWorker (SegmentedRaftLogWorker.java:close(229)) - 0dc7066e-405b-4780-99cf-1352f26c2a84@group-75A9193C1AAF-SegmentedRaftLogWorker close()
2020-04-23 23:59:54,087 [ForkJoinPool.commonPool-worker-0] INFO  metrics.RatisMetrics (RatisMetrics.java:unregister(46)) - Unregistering Metrics Registry : ratis.log_worker.0dc7066e-405b-4780-99cf-1352f26c2a84
2020-04-23 23:59:54,087 [ForkJoinPool.commonPool-worker-0] INFO  metrics.RatisMetrics (RatisMetrics.java:unregister(46)) - Unregistering Metrics Registry : ratis.leader_election.0dc7066e-405b-4780-99cf-1352f26c2a84@group-75A9193C1AAF
2020-04-23 23:59:54,087 [ForkJoinPool.commonPool-worker-0] INFO  metrics.RatisMetrics (RatisMetrics.java:unregister(46)) - Unregistering Metrics Registry : ratis.server.0dc7066e-405b-4780-99cf-1352f26c2a84@group-75A9193C1AAF
2020-04-23 23:59:54,087 [ForkJoinPool.commonPool-worker-0] INFO  impl.RaftServerImpl (RaftServerImpl.java:lambda$shutdown$3(249)) - 0dc7066e-405b-4780-99cf-1352f26c2a84@group-50D3F3F7CBD5: shutdown
2020-04-23 23:59:54,087 [ForkJoinPool.commonPool-worker-0] INFO  util.JmxRegister (JmxRegister.java:unregister(73)) - Successfully un-registered JMX Bean with object name Ratis:service=RaftServer,group=group-50D3F3F7CBD5,id=0dc7066e-405b-4780-99cf-1352f26c2a84
2020-04-23 23:59:54,087 [ForkJoinPool.commonPool-worker-0] INFO  impl.RoleInfo (RoleInfo.java:shutdownLeaderState(104)) - 0dc7066e-405b-4780-99cf-1352f26c2a84: shutdown LeaderState
2020-04-23 23:59:54,088 [ForkJoinPool.commonPool-worker-0] INFO  impl.PendingRequests (PendingRequests.java:sendNotLeaderResponses(240)) - 0dc7066e-405b-4780-99cf-1352f26c2a84@group-50D3F3F7CBD5-PendingRequests: sendNotLeaderResponses
2020-04-23 23:59:54,088 [ForkJoinPool.commonPool-worker-0] INFO  metrics.RatisMetrics (RatisMetrics.java:unregister(46)) - Unregistering Metrics Registry : ratis.log_appender.0dc7066e-405b-4780-99cf-1352f26c2a84@group-50D3F3F7CBD5
2020-04-23 23:59:54,088 [0dc7066e-405b-4780-99cf-1352f26c2a84@group-50D3F3F7CBD5-StateMachineUpdater] INFO  ratis.ContainerStateMachine (ContainerStateMachine.java:takeSnapshot(288)) - group-50D3F3F7CBD5: Taking a snapshot at:(t:1, i:0) file /github/workspace/mnt/ozone/hadoop-ozone/integration-test/target/test-dir/MiniOzoneClusterImpl-5529f01a-5ac3-4bff-808e-3a81da285252/datanode-0/data/ratis/d2a5d606-b435-4697-b97c-50d3f3f7cbd5/sm/snapshot.1_0
2020-04-23 23:59:54,088 [ForkJoinPool.commonPool-worker-0] INFO  impl.StateMachineUpdater (StateMachineUpdater.java:stopAndJoin(139)) - 0dc7066e-405b-4780-99cf-1352f26c2a84@group-50D3F3F7CBD5-StateMachineUpdater: set stopIndex = 0
2020-04-23 23:59:54,089 [0dc7066e-405b-4780-99cf-1352f26c2a84@group-50D3F3F7CBD5-StateMachineUpdater] INFO  ratis.ContainerStateMachine (ContainerStateMachine.java:takeSnapshot(299)) - group-50D3F3F7CBD5: Finished taking a snapshot at:(t:1, i:0) file:/github/workspace/mnt/ozone/hadoop-ozone/integration-test/target/test-dir/MiniOzoneClusterImpl-5529f01a-5ac3-4bff-808e-3a81da285252/datanode-0/data/ratis/d2a5d606-b435-4697-b97c-50d3f3f7cbd5/sm/snapshot.1_0 time:1
2020-04-23 23:59:54,089 [0dc7066e-405b-4780-99cf-1352f26c2a84@group-50D3F3F7CBD5-StateMachineUpdater] INFO  impl.StateMachineUpdater (StateMachineUpdater.java:takeSnapshot(274)) - 0dc7066e-405b-4780-99cf-1352f26c2a84@group-50D3F3F7CBD5-StateMachineUpdater: Took a snapshot at index 0
2020-04-23 23:59:54,089 [0dc7066e-405b-4780-99cf-1352f26c2a84@group-50D3F3F7CBD5-StateMachineUpdater] INFO  impl.StateMachineUpdater (StateMachineUpdater.java:lambda$new$0(86)) - 0dc7066e-405b-4780-99cf-1352f26c2a84@group-50D3F3F7CBD5-StateMachineUpdater: snapshotIndex: updateIncreasingly -1 -> 0
2020-04-23 23:59:54,089 [0dc7066e-405b-4780-99cf-1352f26c2a84@group-50D3F3F7CBD5-StateMachineUpdater] INFO  metrics.RatisMetrics (RatisMetrics.java:unregister(46)) - Unregistering Metrics Registry : ratis.state_machine.0dc7066e-405b-4780-99cf-1352f26c2a84@group-50D3F3F7CBD5
2020-04-23 23:59:54,089 [ForkJoinPool.commonPool-worker-0] INFO  impl.RaftServerImpl (ServerState.java:close(387)) - 0dc7066e-405b-4780-99cf-1352f26c2a84@group-50D3F3F7CBD5: closes. applyIndex: 0
2020-04-23 23:59:54,089 [0dc7066e-405b-4780-99cf-1352f26c2a84@group-50D3F3F7CBD5-SegmentedRaftLogWorker] INFO  segmented.SegmentedRaftLogWorker (SegmentedRaftLogWorker.java:run(321)) - 0dc7066e-405b-4780-99cf-1352f26c2a84@group-50D3F3F7CBD5-SegmentedRaftLogWorker was interrupted, exiting. There are 0 tasks remaining in the queue.
2020-04-23 23:59:54,090 [ForkJoinPool.commonPool-worker-0] INFO  segmented.SegmentedRaftLogWorker (SegmentedRaftLogWorker.java:close(229)) - 0dc7066e-405b-4780-99cf-1352f26c2a84@group-50D3F3F7CBD5-SegmentedRaftLogWorker close()
2020-04-23 23:59:54,090 [ForkJoinPool.commonPool-worker-0] INFO  metrics.RatisMetrics (RatisMetrics.java:unregister(46)) - Unregistering Metrics Registry : ratis.log_worker.0dc7066e-405b-4780-99cf-1352f26c2a84
2020-04-23 23:59:54,090 [ForkJoinPool.commonPool-worker-0] INFO  metrics.RatisMetrics (RatisMetrics.java:unregister(46)) - Unregistering Metrics Registry : ratis.leader_election.0dc7066e-405b-4780-99cf-1352f26c2a84@group-50D3F3F7CBD5
2020-04-23 23:59:54,090 [ForkJoinPool.commonPool-worker-0] INFO  metrics.RatisMetrics (RatisMetrics.java:unregister(46)) - Unregistering Metrics Registry : ratis.server.0dc7066e-405b-4780-99cf-1352f26c2a84@group-50D3F3F7CBD5
2020-04-23 23:59:54,091 [ForkJoinPool.commonPool-worker-0] INFO  server.GrpcService (GrpcService.java:closeImpl(165)) - 0dc7066e-405b-4780-99cf-1352f26c2a84: shutdown server with port 37081 now
2020-04-23 23:59:54,091 [ForkJoinPool.commonPool-worker-0] INFO  server.GrpcService (GrpcService.java:closeImpl(173)) - 0dc7066e-405b-4780-99cf-1352f26c2a84: shutdown server with port 37081 successfully
2020-04-23 23:59:54,110 [main] INFO  utils.BackgroundService (BackgroundService.java:shutdown(157)) - Shutting down service BlockDeletingService
2020-04-23 23:59:54,111 [main] INFO  statemachine.DatanodeStateMachine (DatanodeStateMachine.java:stopDaemon(424)) - Ozone container server stopped.
2020-04-23 23:59:54,113 [main] INFO  handler.ContextHandler (ContextHandler.java:doStop(1016)) - Stopped o.e.j.w.WebAppContext@5d219063{hddsDatanode,/,null,UNAVAILABLE}{jar:file:/home/user/.m2/repository/org/apache/hadoop/hadoop-hdds-container-service/0.6.0-SNAPSHOT/hadoop-hdds-container-service-0.6.0-SNAPSHOT.jar!/webapps/hddsDatanode}
2020-04-23 23:59:54,113 [main] INFO  server.AbstractConnector (AbstractConnector.java:doStop(380)) - Stopped ServerConnector@37165116{HTTP/1.1,[http/1.1]}{0.0.0.0:0}
2020-04-23 23:59:54,113 [main] INFO  server.session (HouseKeeper.java:stopScavenging(158)) - node0 Stopped scavenging
2020-04-23 23:59:54,114 [main] INFO  handler.ContextHandler (ContextHandler.java:doStop(1016)) - Stopped o.e.j.s.ServletContextHandler@c69a2ef{static,/static,jar:file:/home/user/.m2/repository/org/apache/hadoop/hadoop-hdds-container-service/0.6.0-SNAPSHOT/hadoop-hdds-container-service-0.6.0-SNAPSHOT.jar!/webapps/static,UNAVAILABLE}
2020-04-23 23:59:54,114 [main] INFO  handler.ContextHandler (ContextHandler.java:doStop(1016)) - Stopped o.e.j.s.ServletContextHandler@bd9c170{logs,/logs,file:///github/workspace/mnt/ozone/hadoop-ozone/integration-test/target/log,UNAVAILABLE}
2020-04-23 23:59:54,115 [ForkJoinPool.commonPool-worker-0] INFO  utils.BackgroundService (BackgroundService.java:shutdown(157)) - Shutting down service BlockDeletingService
2020-04-23 23:59:54,117 [ForkJoinPool.commonPool-worker-0] INFO  statemachine.DatanodeStateMachine (DatanodeStateMachine.java:stopDaemon(424)) - Ozone container server stopped.
2020-04-23 23:59:54,119 [ForkJoinPool.commonPool-worker-0] INFO  handler.ContextHandler (ContextHandler.java:doStop(1016)) - Stopped o.e.j.w.WebAppContext@1e21d4b7{hddsDatanode,/,null,UNAVAILABLE}{jar:file:/home/user/.m2/repository/org/apache/hadoop/hadoop-hdds-container-service/0.6.0-SNAPSHOT/hadoop-hdds-container-service-0.6.0-SNAPSHOT.jar!/webapps/hddsDatanode}
2020-04-23 23:59:54,120 [ForkJoinPool.commonPool-worker-0] INFO  server.AbstractConnector (AbstractConnector.java:doStop(380)) - Stopped ServerConnector@3a18f427{HTTP/1.1,[http/1.1]}{0.0.0.0:0}
2020-04-23 23:59:54,120 [ForkJoinPool.commonPool-worker-0] INFO  server.session (HouseKeeper.java:stopScavenging(158)) - node0 Stopped scavenging
2020-04-23 23:59:54,120 [ForkJoinPool.commonPool-worker-0] INFO  handler.ContextHandler (ContextHandler.java:doStop(1016)) - Stopped o.e.j.s.ServletContextHandler@6fc6c401{static,/static,jar:file:/home/user/.m2/repository/org/apache/hadoop/hadoop-hdds-container-service/0.6.0-SNAPSHOT/hadoop-hdds-container-service-0.6.0-SNAPSHOT.jar!/webapps/static,UNAVAILABLE}
2020-04-23 23:59:54,121 [ForkJoinPool.commonPool-worker-0] INFO  handler.ContextHandler (ContextHandler.java:doStop(1016)) - Stopped o.e.j.s.ServletContextHandler@32672cd6{logs,/logs,file:///github/workspace/mnt/ozone/hadoop-ozone/integration-test/target/log,UNAVAILABLE}
2020-04-23 23:59:54,189 [Datanode State Machine Thread - 0] INFO  statemachine.DatanodeStateMachine (DatanodeStateMachine.java:lambda$startDaemon$0(376)) - Ozone container server started.
2020-04-23 23:59:55,667 [grpc-default-executor-7] WARN  server.GrpcLogAppender (LogUtils.java:warn(122)) - 1acfe952-6c35-481d-9534-c97fd0c89230@group-44A286AF20F8->016df35f-8c5c-427d-a7e6-984ca7ba6483-AppendLogResponseHandler: Failed appendEntries: org.apache.ratis.thirdparty.io.grpc.StatusRuntimeException: UNAVAILABLE: io exception
2020-04-23 23:59:55,668 [grpc-default-executor-7] INFO  impl.FollowerInfo (FollowerInfo.java:lambda$new$0(50)) - 1acfe952-6c35-481d-9534-c97fd0c89230@group-44A286AF20F8->016df35f-8c5c-427d-a7e6-984ca7ba6483: nextIndex: updateUnconditionally 1 -> 0
2020-04-23 23:59:55,814 [grpc-default-executor-7] WARN  server.GrpcLogAppender (LogUtils.java:warn(122)) - 1acfe952-6c35-481d-9534-c97fd0c89230@group-44A286AF20F8->876d9ba1-69a9-4755-8e81-598d06cf1648-AppendLogResponseHandler: Failed appendEntries: org.apache.ratis.thirdparty.io.grpc.StatusRuntimeException: UNAVAILABLE: io exception
2020-04-23 23:59:55,814 [grpc-default-executor-7] INFO  impl.FollowerInfo (FollowerInfo.java:lambda$new$0(50)) - 1acfe952-6c35-481d-9534-c97fd0c89230@group-44A286AF20F8->876d9ba1-69a9-4755-8e81-598d06cf1648: nextIndex: updateUnconditionally 1 -> 0
2020-04-23 23:59:58,170 [grpc-default-executor-9] WARN  server.GrpcLogAppender (LogUtils.java:warn(122)) - 1acfe952-6c35-481d-9534-c97fd0c89230@group-44A286AF20F8->016df35f-8c5c-427d-a7e6-984ca7ba6483-AppendLogResponseHandler: Failed appendEntries: org.apache.ratis.thirdparty.io.grpc.StatusRuntimeException: UNAVAILABLE: io exception
2020-04-23 23:59:58,171 [grpc-default-executor-9] INFO  impl.FollowerInfo (FollowerInfo.java:lambda$new$0(50)) - 1acfe952-6c35-481d-9534-c97fd0c89230@group-44A286AF20F8->016df35f-8c5c-427d-a7e6-984ca7ba6483: nextIndex: updateUnconditionally 1 -> 0
2020-04-23 23:59:58,316 [grpc-default-executor-7] WARN  server.GrpcLogAppender (LogUtils.java:warn(122)) - 1acfe952-6c35-481d-9534-c97fd0c89230@group-44A286AF20F8->876d9ba1-69a9-4755-8e81-598d06cf1648-AppendLogResponseHandler: Failed appendEntries: org.apache.ratis.thirdparty.io.grpc.StatusRuntimeException: UNAVAILABLE: io exception
2020-04-23 23:59:58,317 [grpc-default-executor-7] INFO  impl.FollowerInfo (FollowerInfo.java:lambda$new$0(50)) - 1acfe952-6c35-481d-9534-c97fd0c89230@group-44A286AF20F8->876d9ba1-69a9-4755-8e81-598d06cf1648: nextIndex: updateUnconditionally 1 -> 0
2020-04-23 23:59:58,326 [EventQueue-StaleNodeForStaleNodeHandler] INFO  node.StaleNodeHandler (StaleNodeHandler.java:onMessage(58)) - Datanode 545022e8-5328-4925-abb3-0aab3242966c{ip: 172.17.0.2, host: 9acf12ef3076, networkLocation: /default-rack, certSerialId: null} moved to stale state. Finalizing its pipelines [PipelineID=51cffb4c-ed56-471d-93b7-6aa2a86a4bbc]
2020-04-23 23:59:58,327 [EventQueue-StaleNodeForStaleNodeHandler] INFO  pipeline.SCMPipelineManager (SCMPipelineManager.java:finalizeAndDestroyPipeline(397)) - Destroying pipeline:Pipeline[ Id: 51cffb4c-ed56-471d-93b7-6aa2a86a4bbc, Nodes: 545022e8-5328-4925-abb3-0aab3242966c{ip: 172.17.0.2, host: 9acf12ef3076, networkLocation: /default-rack, certSerialId: null}, Type:RATIS, Factor:ONE, State:OPEN, leaderId:545022e8-5328-4925-abb3-0aab3242966c, CreationTimestamp2020-04-23T23:59:25.173Z]
2020-04-23 23:59:58,327 [EventQueue-DeadNodeForDeadNodeHandler] INFO  pipeline.SCMPipelineManager (SCMPipelineManager.java:finalizeAndDestroyPipeline(397)) - Destroying pipeline:Pipeline[ Id: 038b0e63-cded-40b6-a417-491188fbc516, Nodes: 876d9ba1-69a9-4755-8e81-598d06cf1648{ip: 172.17.0.2, host: 9acf12ef3076, networkLocation: /default-rack, certSerialId: null}, Type:RATIS, Factor:ONE, State:CLOSED, leaderId:876d9ba1-69a9-4755-8e81-598d06cf1648, CreationTimestamp2020-04-23T23:59:25.046Z]
2020-04-23 23:59:58,327 [EventQueue-StaleNodeForStaleNodeHandler] INFO  pipeline.PipelineStateManager (PipelineStateManager.java:finalizePipeline(120)) - Pipeline Pipeline[ Id: 51cffb4c-ed56-471d-93b7-6aa2a86a4bbc, Nodes: 545022e8-5328-4925-abb3-0aab3242966c{ip: 172.17.0.2, host: 9acf12ef3076, networkLocation: /default-rack, certSerialId: null}, Type:RATIS, Factor:ONE, State:CLOSED, leaderId:545022e8-5328-4925-abb3-0aab3242966c, CreationTimestamp2020-04-23T23:59:25.173Z] moved to CLOSED state
2020-04-23 23:59:58,327 [EventQueue-DeadNodeForDeadNodeHandler] INFO  pipeline.RatisPipelineProvider (RatisPipelineProvider.java:lambda$close$1(176)) - Send pipeline:PipelineID=038b0e63-cded-40b6-a417-491188fbc516 close command to datanode 876d9ba1-69a9-4755-8e81-598d06cf1648
2020-04-23 23:59:58,327 [EventQueue-DeadNodeForDeadNodeHandler] INFO  pipeline.PipelineStateManager (PipelineStateManager.java:removePipeline(105)) - Pipeline Pipeline[ Id: 038b0e63-cded-40b6-a417-491188fbc516, Nodes: 876d9ba1-69a9-4755-8e81-598d06cf1648{ip: 172.17.0.2, host: 9acf12ef3076, networkLocation: /default-rack, certSerialId: null}, Type:RATIS, Factor:ONE, State:CLOSED, leaderId:876d9ba1-69a9-4755-8e81-598d06cf1648, CreationTimestamp2020-04-23T23:59:25.046Z] removed from db
2020-04-23 23:59:58,328 [EventQueue-DeadNodeForDeadNodeHandler] INFO  pipeline.SCMPipelineManager (SCMPipelineManager.java:finalizeAndDestroyPipeline(397)) - Destroying pipeline:Pipeline[ Id: cfe6af89-0a96-46bb-a044-06d9085f128c, Nodes: 016df35f-8c5c-427d-a7e6-984ca7ba6483{ip: 172.17.0.2, host: 9acf12ef3076, networkLocation: /default-rack, certSerialId: null}1acfe952-6c35-481d-9534-c97fd0c89230{ip: 172.17.0.2, host: 9acf12ef3076, networkLocation: /default-rack, certSerialId: null}876d9ba1-69a9-4755-8e81-598d06cf1648{ip: 172.17.0.2, host: 9acf12ef3076, networkLocation: /default-rack, certSerialId: null}, Type:RATIS, Factor:THREE, State:CLOSED, leaderId:016df35f-8c5c-427d-a7e6-984ca7ba6483, CreationTimestamp2020-04-23T23:59:25.116Z]
2020-04-23 23:59:58,328 [RatisPipelineUtilsThread] ERROR pipeline.SCMPipelineManager (SCMPipelineManager.java:createPipeline(222)) - Failed to create pipeline of type RATIS and factor ONE. Exception: Cannot create pipeline of factor 1 using 0 nodes. Used 2 nodes. Healthy nodes 2
2020-04-23 23:59:58,328 [EventQueue-DeadNodeForDeadNodeHandler] INFO  pipeline.RatisPipelineProvider (RatisPipelineProvider.java:lambda$close$1(176)) - Send pipeline:PipelineID=cfe6af89-0a96-46bb-a044-06d9085f128c close command to datanode 016df35f-8c5c-427d-a7e6-984ca7ba6483
2020-04-23 23:59:58,328 [RatisPipelineUtilsThread] WARN  pipeline.PipelinePlacementPolicy (PipelinePlacementPolicy.java:filterViableNodes(132)) - Pipeline creation failed due to no sufficient healthy datanodes. Required 3. Found 2.
2020-04-23 23:59:58,329 [RatisPipelineUtilsThread] ERROR pipeline.SCMPipelineManager (SCMPipelineManager.java:createPipeline(222)) - Failed to create pipeline of type RATIS and factor THREE. Exception: Pipeline creation failed due to no sufficient healthy datanodes. Required 3. Found 2.
2020-04-23 23:59:58,328 [EventQueue-DeadNodeForDeadNodeHandler] INFO  pipeline.RatisPipelineProvider (RatisPipelineProvider.java:lambda$close$1(176)) - Send pipeline:PipelineID=cfe6af89-0a96-46bb-a044-06d9085f128c close command to datanode 1acfe952-6c35-481d-9534-c97fd0c89230
2020-04-23 23:59:58,329 [EventQueue-DeadNodeForDeadNodeHandler] INFO  pipeline.RatisPipelineProvider (RatisPipelineProvider.java:lambda$close$1(176)) - Send pipeline:PipelineID=cfe6af89-0a96-46bb-a044-06d9085f128c close command to datanode 876d9ba1-69a9-4755-8e81-598d06cf1648
2020-04-23 23:59:58,329 [EventQueue-DeadNodeForDeadNodeHandler] INFO  pipeline.PipelineStateManager (PipelineStateManager.java:removePipeline(105)) - Pipeline Pipeline[ Id: cfe6af89-0a96-46bb-a044-06d9085f128c, Nodes: 016df35f-8c5c-427d-a7e6-984ca7ba6483{ip: 172.17.0.2, host: 9acf12ef3076, networkLocation: /default-rack, certSerialId: null}1acfe952-6c35-481d-9534-c97fd0c89230{ip: 172.17.0.2, host: 9acf12ef3076, networkLocation: /default-rack, certSerialId: null}876d9ba1-69a9-4755-8e81-598d06cf1648{ip: 172.17.0.2, host: 9acf12ef3076, networkLocation: /default-rack, certSerialId: null}, Type:RATIS, Factor:THREE, State:CLOSED, leaderId:016df35f-8c5c-427d-a7e6-984ca7ba6483, CreationTimestamp2020-04-23T23:59:25.116Z] removed from db
2020-04-23 23:59:58,329 [EventQueue-DeadNodeForDeadNodeHandler] INFO  pipeline.SCMPipelineManager (SCMPipelineManager.java:finalizeAndDestroyPipeline(397)) - Destroying pipeline:Pipeline[ Id: 7e2d3a45-9ccc-4dac-a2c2-44a286af20f8, Nodes: 016df35f-8c5c-427d-a7e6-984ca7ba6483{ip: 172.17.0.2, host: 9acf12ef3076, networkLocation: /default-rack, certSerialId: null}1acfe952-6c35-481d-9534-c97fd0c89230{ip: 172.17.0.2, host: 9acf12ef3076, networkLocation: /default-rack, certSerialId: null}876d9ba1-69a9-4755-8e81-598d06cf1648{ip: 172.17.0.2, host: 9acf12ef3076, networkLocation: /default-rack, certSerialId: null}, Type:RATIS, Factor:THREE, State:CLOSED, leaderId:1acfe952-6c35-481d-9534-c97fd0c89230, CreationTimestamp2020-04-23T23:59:25.115Z]
2020-04-23 23:59:58,329 [RatisPipelineUtilsThread] ERROR pipeline.SCMPipelineManager (SCMPipelineManager.java:createPipeline(222)) - Failed to create pipeline of type RATIS and factor ONE. Exception: Cannot create pipeline of factor 1 using 0 nodes. Used 2 nodes. Healthy nodes 2
2020-04-23 23:59:58,329 [EventQueue-DeadNodeForDeadNodeHandler] INFO  pipeline.RatisPipelineProvider (RatisPipelineProvider.java:lambda$close$1(176)) - Send pipeline:PipelineID=7e2d3a45-9ccc-4dac-a2c2-44a286af20f8 close command to datanode 016df35f-8c5c-427d-a7e6-984ca7ba6483
2020-04-23 23:59:58,329 [RatisPipelineUtilsThread] WARN  pipeline.PipelinePlacementPolicy (PipelinePlacementPolicy.java:filterViableNodes(132)) - Pipeline creation failed due to no sufficient healthy datanodes. Required 3. Found 2.
2020-04-23 23:59:58,329 [RatisPipelineUtilsThread] ERROR pipeline.SCMPipelineManager (SCMPipelineManager.java:createPipeline(222)) - Failed to create pipeline of type RATIS and factor THREE. Exception: Pipeline creation failed due to no sufficient healthy datanodes. Required 3. Found 2.
2020-04-23 23:59:58,329 [EventQueue-DeadNodeForDeadNodeHandler] INFO  pipeline.RatisPipelineProvider (RatisPipelineProvider.java:lambda$close$1(176)) - Send pipeline:PipelineID=7e2d3a45-9ccc-4dac-a2c2-44a286af20f8 close command to datanode 1acfe952-6c35-481d-9534-c97fd0c89230
2020-04-23 23:59:58,329 [EventQueue-DeadNodeForDeadNodeHandler] INFO  pipeline.RatisPipelineProvider (RatisPipelineProvider.java:lambda$close$1(176)) - Send pipeline:PipelineID=7e2d3a45-9ccc-4dac-a2c2-44a286af20f8 close command to datanode 876d9ba1-69a9-4755-8e81-598d06cf1648
2020-04-23 23:59:58,330 [EventQueue-DeadNodeForDeadNodeHandler] INFO  pipeline.PipelineStateManager (PipelineStateManager.java:removePipeline(105)) - Pipeline Pipeline[ Id: 7e2d3a45-9ccc-4dac-a2c2-44a286af20f8, Nodes: 016df35f-8c5c-427d-a7e6-984ca7ba6483{ip: 172.17.0.2, host: 9acf12ef3076, networkLocation: /default-rack, certSerialId: null}1acfe952-6c35-481d-9534-c97fd0c89230{ip: 172.17.0.2, host: 9acf12ef3076, networkLocation: /default-rack, certSerialId: null}876d9ba1-69a9-4755-8e81-598d06cf1648{ip: 172.17.0.2, host: 9acf12ef3076, networkLocation: /default-rack, certSerialId: null}, Type:RATIS, Factor:THREE, State:CLOSED, leaderId:1acfe952-6c35-481d-9534-c97fd0c89230, CreationTimestamp2020-04-23T23:59:25.115Z] removed from db
2020-04-23 23:59:58,330 [RatisPipelineUtilsThread] ERROR pipeline.SCMPipelineManager (SCMPipelineManager.java:createPipeline(222)) - Failed to create pipeline of type RATIS and factor ONE. Exception: Cannot create pipeline of factor 1 using 0 nodes. Used 2 nodes. Healthy nodes 2
2020-04-23 23:59:58,330 [RatisPipelineUtilsThread] WARN  pipeline.PipelinePlacementPolicy (PipelinePlacementPolicy.java:filterViableNodes(132)) - Pipeline creation failed due to no sufficient healthy datanodes. Required 3. Found 2.
2020-04-23 23:59:58,330 [RatisPipelineUtilsThread] ERROR pipeline.SCMPipelineManager (SCMPipelineManager.java:createPipeline(222)) - Failed to create pipeline of type RATIS and factor THREE. Exception: Pipeline creation failed due to no sufficient healthy datanodes. Required 3. Found 2.
2020-04-23 23:59:58,730 [Thread-4017] INFO  impl.FollowerState (FollowerState.java:run(108)) - 1acfe952-6c35-481d-9534-c97fd0c89230@group-06D9085F128C-FollowerState: change to CANDIDATE, lastRpcTime:5139ms, electionTimeout:5139ms
2020-04-23 23:59:58,730 [Thread-4017] INFO  impl.RoleInfo (RoleInfo.java:shutdownFollowerState(121)) - 1acfe952-6c35-481d-9534-c97fd0c89230: shutdown FollowerState
2020-04-23 23:59:58,730 [Thread-4017] INFO  impl.RaftServerImpl (RaftServerImpl.java:setRole(172)) - 1acfe952-6c35-481d-9534-c97fd0c89230@group-06D9085F128C: changes role from  FOLLOWER to CANDIDATE at term 2 for changeToCandidate
2020-04-23 23:59:58,730 [Thread-4017] INFO  impl.RoleInfo (RoleInfo.java:updateAndGet(143)) - 1acfe952-6c35-481d-9534-c97fd0c89230: start LeaderElection
2020-04-23 23:59:58,732 [1acfe952-6c35-481d-9534-c97fd0c89230@group-06D9085F128C-LeaderElection139] INFO  impl.LeaderElection (LeaderElection.java:askForVotes(206)) - 1acfe952-6c35-481d-9534-c97fd0c89230@group-06D9085F128C-LeaderElection139: begin an election at term 3 for 0: [016df35f-8c5c-427d-a7e6-984ca7ba6483:172.17.0.2:42761, 876d9ba1-69a9-4755-8e81-598d06cf1648:172.17.0.2:45017, 1acfe952-6c35-481d-9534-c97fd0c89230:172.17.0.2:46429], old=null
2020-04-23 23:59:58,736 [1acfe952-6c35-481d-9534-c97fd0c89230@group-06D9085F128C-LeaderElection139] INFO  impl.LeaderElection (LogUtils.java:infoOrTrace(137)) - 1acfe952-6c35-481d-9534-c97fd0c89230@group-06D9085F128C-LeaderElection139 got exception when requesting votes: java.util.concurrent.ExecutionException: org.apache.ratis.thirdparty.io.grpc.StatusRuntimeException: UNAVAILABLE: io exception
2020-04-23 23:59:58,737 [1acfe952-6c35-481d-9534-c97fd0c89230@group-06D9085F128C-LeaderElection139] INFO  impl.LeaderElection (LogUtils.java:infoOrTrace(137)) - 1acfe952-6c35-481d-9534-c97fd0c89230@group-06D9085F128C-LeaderElection139 got exception when requesting votes: java.util.concurrent.ExecutionException: org.apache.ratis.thirdparty.io.grpc.StatusRuntimeException: UNAVAILABLE: io exception
2020-04-23 23:59:58,737 [1acfe952-6c35-481d-9534-c97fd0c89230@group-06D9085F128C-LeaderElection139] INFO  impl.LeaderElection (LeaderElection.java:logAndReturn(61)) - 1acfe952-6c35-481d-9534-c97fd0c89230@group-06D9085F128C-LeaderElection139: Election REJECTED; received 0 response(s) [] and 2 exception(s); 1acfe952-6c35-481d-9534-c97fd0c89230@group-06D9085F128C:t3, leader=null, voted=1acfe952-6c35-481d-9534-c97fd0c89230, raftlog=1acfe952-6c35-481d-9534-c97fd0c89230@group-06D9085F128C-SegmentedRaftLog:OPENED:c0,f0,i0, conf=0: [016df35f-8c5c-427d-a7e6-984ca7ba6483:172.17.0.2:42761, 876d9ba1-69a9-4755-8e81-598d06cf1648:172.17.0.2:45017, 1acfe952-6c35-481d-9534-c97fd0c89230:172.17.0.2:46429], old=null
2020-04-23 23:59:58,738 [1acfe952-6c35-481d-9534-c97fd0c89230@group-06D9085F128C-LeaderElection139] INFO  impl.LeaderElection (LogUtils.java:infoOrTrace(137)) -   Exception 0: java.util.concurrent.ExecutionException: org.apache.ratis.thirdparty.io.grpc.StatusRuntimeException: UNAVAILABLE: io exception
2020-04-23 23:59:58,738 [1acfe952-6c35-481d-9534-c97fd0c89230@group-06D9085F128C-LeaderElection139] INFO  impl.LeaderElection (LogUtils.java:infoOrTrace(137)) -   Exception 1: java.util.concurrent.ExecutionException: org.apache.ratis.thirdparty.io.grpc.StatusRuntimeException: UNAVAILABLE: io exception
2020-04-23 23:59:58,738 [1acfe952-6c35-481d-9534-c97fd0c89230@group-06D9085F128C-LeaderElection139] INFO  impl.RaftServerImpl (RaftServerImpl.java:setRole(172)) - 1acfe952-6c35-481d-9534-c97fd0c89230@group-06D9085F128C: changes role from CANDIDATE to FOLLOWER at term 3 for DISCOVERED_A_NEW_TERM
2020-04-23 23:59:58,738 [1acfe952-6c35-481d-9534-c97fd0c89230@group-06D9085F128C-LeaderElection139] INFO  impl.RoleInfo (RoleInfo.java:shutdownLeaderElection(134)) - 1acfe952-6c35-481d-9534-c97fd0c89230: shutdown LeaderElection
2020-04-23 23:59:58,738 [1acfe952-6c35-481d-9534-c97fd0c89230@group-06D9085F128C-LeaderElection139] INFO  impl.RoleInfo (RoleInfo.java:updateAndGet(143)) - 1acfe952-6c35-481d-9534-c97fd0c89230: start FollowerState
2020-04-23 23:59:58,928 [EventQueue-StaleNodeForStaleNodeHandler] INFO  node.StaleNodeHandler (StaleNodeHandler.java:onMessage(58)) - Datanode 0dc7066e-405b-4780-99cf-1352f26c2a84{ip: 172.17.0.2, host: 9acf12ef3076, networkLocation: /default-rack, certSerialId: null} moved to stale state. Finalizing its pipelines [PipelineID=e2143834-5a02-4cab-ae28-a2c853f9d6f0, PipelineID=178afc60-d102-43ae-8369-75a9193c1aaf, PipelineID=d2a5d606-b435-4697-b97c-50d3f3f7cbd5]
2020-04-23 23:59:58,928 [EventQueue-DeadNodeForDeadNodeHandler] INFO  pipeline.SCMPipelineManager (SCMPipelineManager.java:finalizeAndDestroyPipeline(397)) - Destroying pipeline:Pipeline[ Id: e2143834-5a02-4cab-ae28-a2c853f9d6f0, Nodes: e5f9a532-26d6-4fde-b118-89afbb9e15e9{ip: 172.17.0.2, host: 9acf12ef3076, networkLocation: /default-rack, certSerialId: null}0dc7066e-405b-4780-99cf-1352f26c2a84{ip: 172.17.0.2, host: 9acf12ef3076, networkLocation: /default-rack, certSerialId: null}6a71ef53-ab22-4528-adad-9f6a8b03666b{ip: 172.17.0.2, host: 9acf12ef3076, networkLocation: /default-rack, certSerialId: null}, Type:RATIS, Factor:THREE, State:CLOSED, leaderId:0dc7066e-405b-4780-99cf-1352f26c2a84, CreationTimestamp2020-04-23T23:59:24.905Z]
2020-04-23 23:59:58,928 [EventQueue-StaleNodeForStaleNodeHandler] INFO  pipeline.SCMPipelineManager (SCMPipelineManager.java:finalizeAndDestroyPipeline(397)) - Destroying pipeline:Pipeline[ Id: e2143834-5a02-4cab-ae28-a2c853f9d6f0, Nodes: e5f9a532-26d6-4fde-b118-89afbb9e15e9{ip: 172.17.0.2, host: 9acf12ef3076, networkLocation: /default-rack, certSerialId: null}0dc7066e-405b-4780-99cf-1352f26c2a84{ip: 172.17.0.2, host: 9acf12ef3076, networkLocation: /default-rack, certSerialId: null}6a71ef53-ab22-4528-adad-9f6a8b03666b{ip: 172.17.0.2, host: 9acf12ef3076, networkLocation: /default-rack, certSerialId: null}, Type:RATIS, Factor:THREE, State:CLOSED, leaderId:0dc7066e-405b-4780-99cf-1352f26c2a84, CreationTimestamp2020-04-23T23:59:24.905Z]
2020-04-23 23:59:58,928 [EventQueue-DeadNodeForDeadNodeHandler] INFO  pipeline.RatisPipelineProvider (RatisPipelineProvider.java:lambda$close$1(176)) - Send pipeline:PipelineID=e2143834-5a02-4cab-ae28-a2c853f9d6f0 close command to datanode e5f9a532-26d6-4fde-b118-89afbb9e15e9
2020-04-23 23:59:58,928 [EventQueue-StaleNodeForStaleNodeHandler] INFO  pipeline.SCMPipelineManager (SCMPipelineManager.java:finalizeAndDestroyPipeline(397)) - Destroying pipeline:Pipeline[ Id: 178afc60-d102-43ae-8369-75a9193c1aaf, Nodes: e5f9a532-26d6-4fde-b118-89afbb9e15e9{ip: 172.17.0.2, host: 9acf12ef3076, networkLocation: /default-rack, certSerialId: null}0dc7066e-405b-4780-99cf-1352f26c2a84{ip: 172.17.0.2, host: 9acf12ef3076, networkLocation: /default-rack, certSerialId: null}6a71ef53-ab22-4528-adad-9f6a8b03666b{ip: 172.17.0.2, host: 9acf12ef3076, networkLocation: /default-rack, certSerialId: null}, Type:RATIS, Factor:THREE, State:CLOSED, leaderId:6a71ef53-ab22-4528-adad-9f6a8b03666b, CreationTimestamp2020-04-23T23:59:24.906Z]
2020-04-23 23:59:58,928 [EventQueue-DeadNodeForDeadNodeHandler] INFO  pipeline.RatisPipelineProvider (RatisPipelineProvider.java:lambda$close$1(176)) - Send pipeline:PipelineID=e2143834-5a02-4cab-ae28-a2c853f9d6f0 close command to datanode 0dc7066e-405b-4780-99cf-1352f26c2a84
2020-04-23 23:59:58,928 [EventQueue-StaleNodeForStaleNodeHandler] INFO  pipeline.SCMPipelineManager (SCMPipelineManager.java:finalizeAndDestroyPipeline(397)) - Destroying pipeline:Pipeline[ Id: d2a5d606-b435-4697-b97c-50d3f3f7cbd5, Nodes: 0dc7066e-405b-4780-99cf-1352f26c2a84{ip: 172.17.0.2, host: 9acf12ef3076, networkLocation: /default-rack, certSerialId: null}, Type:RATIS, Factor:ONE, State:OPEN, leaderId:0dc7066e-405b-4780-99cf-1352f26c2a84, CreationTimestamp2020-04-23T23:59:24.769Z]
2020-04-23 23:59:58,928 [EventQueue-DeadNodeForDeadNodeHandler] INFO  pipeline.RatisPipelineProvider (RatisPipelineProvider.java:lambda$close$1(176)) - Send pipeline:PipelineID=e2143834-5a02-4cab-ae28-a2c853f9d6f0 close command to datanode 6a71ef53-ab22-4528-adad-9f6a8b03666b
2020-04-23 23:59:58,928 [EventQueue-StaleNodeForStaleNodeHandler] INFO  pipeline.PipelineStateManager (PipelineStateManager.java:finalizePipeline(120)) - Pipeline Pipeline[ Id: d2a5d606-b435-4697-b97c-50d3f3f7cbd5, Nodes: 0dc7066e-405b-4780-99cf-1352f26c2a84{ip: 172.17.0.2, host: 9acf12ef3076, networkLocation: /default-rack, certSerialId: null}, Type:RATIS, Factor:ONE, State:CLOSED, leaderId:0dc7066e-405b-4780-99cf-1352f26c2a84, CreationTimestamp2020-04-23T23:59:24.769Z] moved to CLOSED state
2020-04-23 23:59:58,931 [EventQueue-DeadNodeForDeadNodeHandler] INFO  pipeline.PipelineStateManager (PipelineStateManager.java:removePipeline(105)) - Pipeline Pipeline[ Id: e2143834-5a02-4cab-ae28-a2c853f9d6f0, Nodes: e5f9a532-26d6-4fde-b118-89afbb9e15e9{ip: 172.17.0.2, host: 9acf12ef3076, networkLocation: /default-rack, certSerialId: null}0dc7066e-405b-4780-99cf-1352f26c2a84{ip: 172.17.0.2, host: 9acf12ef3076, networkLocation: /default-rack, certSerialId: null}6a71ef53-ab22-4528-adad-9f6a8b03666b{ip: 172.17.0.2, host: 9acf12ef3076, networkLocation: /default-rack, certSerialId: null}, Type:RATIS, Factor:THREE, State:CLOSED, leaderId:0dc7066e-405b-4780-99cf-1352f26c2a84, CreationTimestamp2020-04-23T23:59:24.905Z] removed from db
2020-04-23 23:59:58,931 [EventQueue-DeadNodeForDeadNodeHandler] INFO  pipeline.SCMPipelineManager (SCMPipelineManager.java:finalizeAndDestroyPipeline(397)) - Destroying pipeline:Pipeline[ Id: 178afc60-d102-43ae-8369-75a9193c1aaf, Nodes: e5f9a532-26d6-4fde-b118-89afbb9e15e9{ip: 172.17.0.2, host: 9acf12ef3076, networkLocation: /default-rack, certSerialId: null}0dc7066e-405b-4780-99cf-1352f26c2a84{ip: 172.17.0.2, host: 9acf12ef3076, networkLocation: /default-rack, certSerialId: null}6a71ef53-ab22-4528-adad-9f6a8b03666b{ip: 172.17.0.2, host: 9acf12ef3076, networkLocation: /default-rack, certSerialId: null}, Type:RATIS, Factor:THREE, State:CLOSED, leaderId:6a71ef53-ab22-4528-adad-9f6a8b03666b, CreationTimestamp2020-04-23T23:59:24.906Z]
2020-04-23 23:59:58,931 [EventQueue-DeadNodeForDeadNodeHandler] INFO  pipeline.RatisPipelineProvider (RatisPipelineProvider.java:lambda$close$1(176)) - Send pipeline:PipelineID=178afc60-d102-43ae-8369-75a9193c1aaf close command to datanode e5f9a532-26d6-4fde-b118-89afbb9e15e9
2020-04-23 23:59:58,931 [EventQueue-DeadNodeForDeadNodeHandler] INFO  pipeline.RatisPipelineProvider (RatisPipelineProvider.java:lambda$close$1(176)) - Send pipeline:PipelineID=178afc60-d102-43ae-8369-75a9193c1aaf close command to datanode 0dc7066e-405b-4780-99cf-1352f26c2a84
2020-04-23 23:59:58,931 [RatisPipelineUtilsThread] ERROR pipeline.SCMPipelineManager (SCMPipelineManager.java:createPipeline(222)) - Failed to create pipeline of type RATIS and factor ONE. Exception: Cannot create pipeline of factor 1 using 0 nodes. Used 1 nodes. Healthy nodes 1
2020-04-23 23:59:58,931 [EventQueue-DeadNodeForDeadNodeHandler] INFO  pipeline.RatisPipelineProvider (RatisPipelineProvider.java:lambda$close$1(176)) - Send pipeline:PipelineID=178afc60-d102-43ae-8369-75a9193c1aaf close command to datanode 6a71ef53-ab22-4528-adad-9f6a8b03666b
2020-04-23 23:59:58,931 [RatisPipelineUtilsThread] WARN  pipeline.PipelinePlacementPolicy (PipelinePlacementPolicy.java:filterViableNodes(132)) - Pipeline creation failed due to no sufficient healthy datanodes. Required 3. Found 1.
2020-04-23 23:59:58,931 [RatisPipelineUtilsThread] ERROR pipeline.SCMPipelineManager (SCMPipelineManager.java:createPipeline(222)) - Failed to create pipeline of type RATIS and factor THREE. Exception: Pipeline creation failed due to no sufficient healthy datanodes. Required 3. Found 1.
2020-04-23 23:59:58,933 [EventQueue-DeadNodeForDeadNodeHandler] INFO  pipeline.PipelineStateManager (PipelineStateManager.java:removePipeline(105)) - Pipeline Pipeline[ Id: 178afc60-d102-43ae-8369-75a9193c1aaf, Nodes: e5f9a532-26d6-4fde-b118-89afbb9e15e9{ip: 172.17.0.2, host: 9acf12ef3076, networkLocation: /default-rack, certSerialId: null}0dc7066e-405b-4780-99cf-1352f26c2a84{ip: 172.17.0.2, host: 9acf12ef3076, networkLocation: /default-rack, certSerialId: null}6a71ef53-ab22-4528-adad-9f6a8b03666b{ip: 172.17.0.2, host: 9acf12ef3076, networkLocation: /default-rack, certSerialId: null}, Type:RATIS, Factor:THREE, State:CLOSED, leaderId:6a71ef53-ab22-4528-adad-9f6a8b03666b, CreationTimestamp2020-04-23T23:59:24.906Z] removed from db
2020-04-23 23:59:58,934 [EventQueue-DeadNodeForDeadNodeHandler] INFO  pipeline.SCMPipelineManager (SCMPipelineManager.java:finalizeAndDestroyPipeline(397)) - Destroying pipeline:Pipeline[ Id: 582368cc-245a-4fee-847c-286a3327c581, Nodes: 6a71ef53-ab22-4528-adad-9f6a8b03666b{ip: 172.17.0.2, host: 9acf12ef3076, networkLocation: /default-rack, certSerialId: null}, Type:RATIS, Factor:ONE, State:CLOSED, leaderId:6a71ef53-ab22-4528-adad-9f6a8b03666b, CreationTimestamp2020-04-23T23:59:24.836Z]
2020-04-23 23:59:58,934 [RatisPipelineUtilsThread] ERROR pipeline.SCMPipelineManager (SCMPipelineManager.java:createPipeline(222)) - Failed to create pipeline of type RATIS and factor ONE. Exception: Cannot create pipeline of factor 1 using 0 nodes. Used 1 nodes. Healthy nodes 1
2020-04-23 23:59:58,934 [RatisPipelineUtilsThread] WARN  pipeline.PipelinePlacementPolicy (PipelinePlacementPolicy.java:filterViableNodes(132)) - Pipeline creation failed due to no sufficient healthy datanodes. Required 3. Found 1.
2020-04-23 23:59:58,934 [RatisPipelineUtilsThread] ERROR pipeline.SCMPipelineManager (SCMPipelineManager.java:createPipeline(222)) - Failed to create pipeline of type RATIS and factor THREE. Exception: Pipeline creation failed due to no sufficient healthy datanodes. Required 3. Found 1.
2020-04-23 23:59:58,934 [EventQueue-DeadNodeForDeadNodeHandler] INFO  pipeline.RatisPipelineProvider (RatisPipelineProvider.java:lambda$close$1(176)) - Send pipeline:PipelineID=582368cc-245a-4fee-847c-286a3327c581 close command to datanode 6a71ef53-ab22-4528-adad-9f6a8b03666b
2020-04-23 23:59:58,934 [EventQueue-DeadNodeForDeadNodeHandler] INFO  pipeline.PipelineStateManager (PipelineStateManager.java:removePipeline(105)) - Pipeline Pipeline[ Id: 582368cc-245a-4fee-847c-286a3327c581, Nodes: 6a71ef53-ab22-4528-adad-9f6a8b03666b{ip: 172.17.0.2, host: 9acf12ef3076, networkLocation: /default-rack, certSerialId: null}, Type:RATIS, Factor:ONE, State:CLOSED, leaderId:6a71ef53-ab22-4528-adad-9f6a8b03666b, CreationTimestamp2020-04-23T23:59:24.836Z] removed from db
2020-04-23 23:59:58,934 [RatisPipelineUtilsThread] ERROR pipeline.SCMPipelineManager (SCMPipelineManager.java:createPipeline(222)) - Failed to create pipeline of type RATIS and factor ONE. Exception: Cannot create pipeline of factor 1 using 0 nodes. Used 1 nodes. Healthy nodes 1
2020-04-23 23:59:58,935 [RatisPipelineUtilsThread] WARN  pipeline.PipelinePlacementPolicy (PipelinePlacementPolicy.java:filterViableNodes(132)) - Pipeline creation failed due to no sufficient healthy datanodes. Required 3. Found 1.
2020-04-23 23:59:58,937 [RatisPipelineUtilsThread] ERROR pipeline.SCMPipelineManager (SCMPipelineManager.java:createPipeline(222)) - Failed to create pipeline of type RATIS and factor THREE. Exception: Pipeline creation failed due to no sufficient healthy datanodes. Required 3. Found 1.
2020-04-23 23:59:59,115 [main] INFO  ozoneimpl.OzoneContainer (OzoneContainer.java:stop(246)) - Attempting to stop container services.
2020-04-23 23:59:59,115 [main] INFO  impl.RaftServerProxy (RaftServerProxy.java:lambda$close$4(314)) - 1acfe952-6c35-481d-9534-c97fd0c89230: close
2020-04-23 23:59:59,116 [main] INFO  impl.RaftServerImpl (RaftServerImpl.java:lambda$shutdown$3(249)) - 1acfe952-6c35-481d-9534-c97fd0c89230@group-EDEF3C729547: shutdown
2020-04-23 23:59:59,116 [ForkJoinPool.commonPool-worker-1] INFO  impl.RaftServerImpl (RaftServerImpl.java:lambda$shutdown$3(249)) - 1acfe952-6c35-481d-9534-c97fd0c89230@group-06D9085F128C: shutdown
2020-04-23 23:59:59,116 [main] INFO  util.JmxRegister (JmxRegister.java:unregister(73)) - Successfully un-registered JMX Bean with object name Ratis:service=RaftServer,group=group-EDEF3C729547,id=1acfe952-6c35-481d-9534-c97fd0c89230
2020-04-23 23:59:59,116 [main] INFO  impl.RoleInfo (RoleInfo.java:shutdownLeaderState(104)) - 1acfe952-6c35-481d-9534-c97fd0c89230: shutdown LeaderState
2020-04-23 23:59:59,116 [ForkJoinPool.commonPool-worker-1] INFO  util.JmxRegister (JmxRegister.java:unregister(73)) - Successfully un-registered JMX Bean with object name Ratis:service=RaftServer,group=group-06D9085F128C,id=1acfe952-6c35-481d-9534-c97fd0c89230
2020-04-23 23:59:59,117 [ForkJoinPool.commonPool-worker-1] INFO  impl.RoleInfo (RoleInfo.java:shutdownFollowerState(121)) - 1acfe952-6c35-481d-9534-c97fd0c89230: shutdown FollowerState
2020-04-23 23:59:59,116 [main] INFO  impl.PendingRequests (PendingRequests.java:sendNotLeaderResponses(240)) - 1acfe952-6c35-481d-9534-c97fd0c89230@group-EDEF3C729547-PendingRequests: sendNotLeaderResponses
2020-04-23 23:59:59,117 [main] INFO  metrics.RatisMetrics (RatisMetrics.java:unregister(46)) - Unregistering Metrics Registry : ratis.log_appender.1acfe952-6c35-481d-9534-c97fd0c89230@group-EDEF3C729547
2020-04-23 23:59:59,117 [main] INFO  impl.StateMachineUpdater (StateMachineUpdater.java:stopAndJoin(139)) - 1acfe952-6c35-481d-9534-c97fd0c89230@group-EDEF3C729547-StateMachineUpdater: set stopIndex = 0
2020-04-23 23:59:59,117 [ForkJoinPool.commonPool-worker-1] INFO  impl.StateMachineUpdater (StateMachineUpdater.java:stopAndJoin(139)) - 1acfe952-6c35-481d-9534-c97fd0c89230@group-06D9085F128C-StateMachineUpdater: set stopIndex = 0
2020-04-23 23:59:59,117 [Thread-4022] INFO  impl.FollowerState (FollowerState.java:run(117)) - 1acfe952-6c35-481d-9534-c97fd0c89230@group-06D9085F128C-FollowerState was interrupted: java.lang.InterruptedException: sleep interrupted
2020-04-23 23:59:59,118 [1acfe952-6c35-481d-9534-c97fd0c89230@group-06D9085F128C-StateMachineUpdater] INFO  ratis.ContainerStateMachine (ContainerStateMachine.java:takeSnapshot(288)) - group-06D9085F128C: Taking a snapshot at:(t:1, i:0) file /github/workspace/mnt/ozone/hadoop-ozone/integration-test/target/test-dir/MiniOzoneClusterImpl-5529f01a-5ac3-4bff-808e-3a81da285252/datanode-5/data/ratis/cfe6af89-0a96-46bb-a044-06d9085f128c/sm/snapshot.1_0
2020-04-23 23:59:59,119 [1acfe952-6c35-481d-9534-c97fd0c89230@group-EDEF3C729547-StateMachineUpdater] INFO  ratis.ContainerStateMachine (ContainerStateMachine.java:takeSnapshot(288)) - group-EDEF3C729547: Taking a snapshot at:(t:1, i:0) file /github/workspace/mnt/ozone/hadoop-ozone/integration-test/target/test-dir/MiniOzoneClusterImpl-5529f01a-5ac3-4bff-808e-3a81da285252/datanode-5/data/ratis/afd0209b-0753-49b2-8d62-edef3c729547/sm/snapshot.1_0
2020-04-23 23:59:59,119 [1acfe952-6c35-481d-9534-c97fd0c89230@group-06D9085F128C-StateMachineUpdater] INFO  ratis.ContainerStateMachine (ContainerStateMachine.java:takeSnapshot(299)) - group-06D9085F128C: Finished taking a snapshot at:(t:1, i:0) file:/github/workspace/mnt/ozone/hadoop-ozone/integration-test/target/test-dir/MiniOzoneClusterImpl-5529f01a-5ac3-4bff-808e-3a81da285252/datanode-5/data/ratis/cfe6af89-0a96-46bb-a044-06d9085f128c/sm/snapshot.1_0 time:1
2020-04-23 23:59:59,120 [1acfe952-6c35-481d-9534-c97fd0c89230@group-06D9085F128C-StateMachineUpdater] INFO  impl.StateMachineUpdater (StateMachineUpdater.java:takeSnapshot(274)) - 1acfe952-6c35-481d-9534-c97fd0c89230@group-06D9085F128C-StateMachineUpdater: Took a snapshot at index 0
2020-04-23 23:59:59,120 [1acfe952-6c35-481d-9534-c97fd0c89230@group-06D9085F128C-StateMachineUpdater] INFO  impl.StateMachineUpdater (StateMachineUpdater.java:lambda$new$0(86)) - 1acfe952-6c35-481d-9534-c97fd0c89230@group-06D9085F128C-StateMachineUpdater: snapshotIndex: updateIncreasingly -1 -> 0
2020-04-23 23:59:59,120 [1acfe952-6c35-481d-9534-c97fd0c89230@group-06D9085F128C-StateMachineUpdater] INFO  metrics.RatisMetrics (RatisMetrics.java:unregister(46)) - Unregistering Metrics Registry : ratis.state_machine.1acfe952-6c35-481d-9534-c97fd0c89230@group-06D9085F128C
2020-04-23 23:59:59,120 [ForkJoinPool.commonPool-worker-1] INFO  impl.RaftServerImpl (ServerState.java:close(387)) - 1acfe952-6c35-481d-9534-c97fd0c89230@group-06D9085F128C: closes. applyIndex: 0
2020-04-23 23:59:59,120 [1acfe952-6c35-481d-9534-c97fd0c89230@group-06D9085F128C-SegmentedRaftLogWorker] INFO  segmented.SegmentedRaftLogWorker (SegmentedRaftLogWorker.java:run(321)) - 1acfe952-6c35-481d-9534-c97fd0c89230@group-06D9085F128C-SegmentedRaftLogWorker was interrupted, exiting. There are 0 tasks remaining in the queue.
2020-04-23 23:59:59,120 [1acfe952-6c35-481d-9534-c97fd0c89230@group-EDEF3C729547-StateMachineUpdater] INFO  ratis.ContainerStateMachine (ContainerStateMachine.java:takeSnapshot(299)) - group-EDEF3C729547: Finished taking a snapshot at:(t:1, i:0) file:/github/workspace/mnt/ozone/hadoop-ozone/integration-test/target/test-dir/MiniOzoneClusterImpl-5529f01a-5ac3-4bff-808e-3a81da285252/datanode-5/data/ratis/afd0209b-0753-49b2-8d62-edef3c729547/sm/snapshot.1_0 time:1
2020-04-23 23:59:59,121 [1acfe952-6c35-481d-9534-c97fd0c89230@group-EDEF3C729547-StateMachineUpdater] INFO  impl.StateMachineUpdater (StateMachineUpdater.java:takeSnapshot(274)) - 1acfe952-6c35-481d-9534-c97fd0c89230@group-EDEF3C729547-StateMachineUpdater: Took a snapshot at index 0
2020-04-23 23:59:59,121 [1acfe952-6c35-481d-9534-c97fd0c89230@group-EDEF3C729547-StateMachineUpdater] INFO  impl.StateMachineUpdater (StateMachineUpdater.java:lambda$new$0(86)) - 1acfe952-6c35-481d-9534-c97fd0c89230@group-EDEF3C729547-StateMachineUpdater: snapshotIndex: updateIncreasingly -1 -> 0
2020-04-23 23:59:59,121 [1acfe952-6c35-481d-9534-c97fd0c89230@group-EDEF3C729547-StateMachineUpdater] INFO  metrics.RatisMetrics (RatisMetrics.java:unregister(46)) - Unregistering Metrics Registry : ratis.state_machine.1acfe952-6c35-481d-9534-c97fd0c89230@group-EDEF3C729547
2020-04-23 23:59:59,121 [main] INFO  impl.RaftServerImpl (ServerState.java:close(387)) - 1acfe952-6c35-481d-9534-c97fd0c89230@group-EDEF3C729547: closes. applyIndex: 0
2020-04-23 23:59:59,121 [ForkJoinPool.commonPool-worker-1] INFO  segmented.SegmentedRaftLogWorker (SegmentedRaftLogWorker.java:close(229)) - 1acfe952-6c35-481d-9534-c97fd0c89230@group-06D9085F128C-SegmentedRaftLogWorker close()
2020-04-23 23:59:59,121 [1acfe952-6c35-481d-9534-c97fd0c89230@group-EDEF3C729547-SegmentedRaftLogWorker] INFO  segmented.SegmentedRaftLogWorker (SegmentedRaftLogWorker.java:run(321)) - 1acfe952-6c35-481d-9534-c97fd0c89230@group-EDEF3C729547-SegmentedRaftLogWorker was interrupted, exiting. There are 0 tasks remaining in the queue.
2020-04-23 23:59:59,122 [main] INFO  segmented.SegmentedRaftLogWorker (SegmentedRaftLogWorker.java:close(229)) - 1acfe952-6c35-481d-9534-c97fd0c89230@group-EDEF3C729547-SegmentedRaftLogWorker close()
2020-04-23 23:59:59,123 [ForkJoinPool.commonPool-worker-1] INFO  metrics.RatisMetrics (RatisMetrics.java:unregister(46)) - Unregistering Metrics Registry : ratis.log_worker.1acfe952-6c35-481d-9534-c97fd0c89230
2020-04-23 23:59:59,123 [ForkJoinPool.commonPool-worker-1] INFO  metrics.RatisMetrics (RatisMetrics.java:unregister(46)) - Unregistering Metrics Registry : ratis.leader_election.1acfe952-6c35-481d-9534-c97fd0c89230@group-06D9085F128C
2020-04-23 23:59:59,123 [ForkJoinPool.commonPool-worker-1] INFO  metrics.RatisMetrics (RatisMetrics.java:unregister(46)) - Unregistering Metrics Registry : ratis.server.1acfe952-6c35-481d-9534-c97fd0c89230@group-06D9085F128C
2020-04-23 23:59:59,123 [ForkJoinPool.commonPool-worker-1] INFO  impl.RaftServerImpl (RaftServerImpl.java:lambda$shutdown$3(249)) - 1acfe952-6c35-481d-9534-c97fd0c89230@group-44A286AF20F8: shutdown
2020-04-23 23:59:59,123 [ForkJoinPool.commonPool-worker-1] INFO  util.JmxRegister (JmxRegister.java:unregister(73)) - Successfully un-registered JMX Bean with object name Ratis:service=RaftServer,group=group-44A286AF20F8,id=1acfe952-6c35-481d-9534-c97fd0c89230
2020-04-23 23:59:59,123 [ForkJoinPool.commonPool-worker-1] INFO  impl.RoleInfo (RoleInfo.java:shutdownLeaderState(104)) - 1acfe952-6c35-481d-9534-c97fd0c89230: shutdown LeaderState
2020-04-23 23:59:59,123 [main] INFO  metrics.RatisMetrics (RatisMetrics.java:unregister(46)) - Unregistering Metrics Registry : ratis.log_worker.1acfe952-6c35-481d-9534-c97fd0c89230
2020-04-23 23:59:59,126 [main] INFO  metrics.RatisMetrics (RatisMetrics.java:unregister(46)) - Unregistering Metrics Registry : ratis.leader_election.1acfe952-6c35-481d-9534-c97fd0c89230@group-EDEF3C729547
2020-04-23 23:59:59,126 [main] INFO  metrics.RatisMetrics (RatisMetrics.java:unregister(46)) - Unregistering Metrics Registry : ratis.server.1acfe952-6c35-481d-9534-c97fd0c89230@group-EDEF3C729547
2020-04-23 23:59:59,127 [org.apache.ratis.server.impl.LogAppender$AppenderDaemon$$Lambda$477/1194964483@16d31c01] WARN  server.GrpcLogAppender (GrpcLogAppender.java:mayWait(153)) - 1acfe952-6c35-481d-9534-c97fd0c89230@group-44A286AF20F8->016df35f-8c5c-427d-a7e6-984ca7ba6483-GrpcLogAppender: Wait interrupted by java.lang.InterruptedException
2020-04-23 23:59:59,128 [ForkJoinPool.commonPool-worker-1] INFO  impl.PendingRequests (PendingRequests.java:sendNotLeaderResponses(240)) - 1acfe952-6c35-481d-9534-c97fd0c89230@group-44A286AF20F8-PendingRequests: sendNotLeaderResponses
2020-04-23 23:59:59,128 [org.apache.ratis.server.impl.LogAppender$AppenderDaemon$$Lambda$477/1194964483@34706028] WARN  server.GrpcLogAppender (GrpcLogAppender.java:mayWait(153)) - 1acfe952-6c35-481d-9534-c97fd0c89230@group-44A286AF20F8->876d9ba1-69a9-4755-8e81-598d06cf1648-GrpcLogAppender: Wait interrupted by java.lang.InterruptedException
2020-04-23 23:59:59,128 [ForkJoinPool.commonPool-worker-1] INFO  metrics.RatisMetrics (RatisMetrics.java:unregister(46)) - Unregistering Metrics Registry : ratis.log_appender.1acfe952-6c35-481d-9534-c97fd0c89230@group-44A286AF20F8
2020-04-23 23:59:59,128 [ForkJoinPool.commonPool-worker-1] INFO  impl.StateMachineUpdater (StateMachineUpdater.java:stopAndJoin(139)) - 1acfe952-6c35-481d-9534-c97fd0c89230@group-44A286AF20F8-StateMachineUpdater: set stopIndex = 0
2020-04-23 23:59:59,128 [1acfe952-6c35-481d-9534-c97fd0c89230@group-44A286AF20F8-StateMachineUpdater] INFO  ratis.ContainerStateMachine (ContainerStateMachine.java:takeSnapshot(288)) - group-44A286AF20F8: Taking a snapshot at:(t:1, i:0) file /github/workspace/mnt/ozone/hadoop-ozone/integration-test/target/test-dir/MiniOzoneClusterImpl-5529f01a-5ac3-4bff-808e-3a81da285252/datanode-5/data/ratis/7e2d3a45-9ccc-4dac-a2c2-44a286af20f8/sm/snapshot.1_0
2020-04-23 23:59:59,129 [1acfe952-6c35-481d-9534-c97fd0c89230@group-44A286AF20F8-StateMachineUpdater] INFO  ratis.ContainerStateMachine (ContainerStateMachine.java:takeSnapshot(299)) - group-44A286AF20F8: Finished taking a snapshot at:(t:1, i:0) file:/github/workspace/mnt/ozone/hadoop-ozone/integration-test/target/test-dir/MiniOzoneClusterImpl-5529f01a-5ac3-4bff-808e-3a81da285252/datanode-5/data/ratis/7e2d3a45-9ccc-4dac-a2c2-44a286af20f8/sm/snapshot.1_0 time:1
2020-04-23 23:59:59,129 [1acfe952-6c35-481d-9534-c97fd0c89230@group-44A286AF20F8-StateMachineUpdater] INFO  impl.StateMachineUpdater (StateMachineUpdater.java:takeSnapshot(274)) - 1acfe952-6c35-481d-9534-c97fd0c89230@group-44A286AF20F8-StateMachineUpdater: Took a snapshot at index 0
2020-04-23 23:59:59,129 [1acfe952-6c35-481d-9534-c97fd0c89230@group-44A286AF20F8-StateMachineUpdater] INFO  impl.StateMachineUpdater (StateMachineUpdater.java:lambda$new$0(86)) - 1acfe952-6c35-481d-9534-c97fd0c89230@group-44A286AF20F8-StateMachineUpdater: snapshotIndex: updateIncreasingly -1 -> 0
2020-04-23 23:59:59,129 [1acfe952-6c35-481d-9534-c97fd0c89230@group-44A286AF20F8-StateMachineUpdater] INFO  metrics.RatisMetrics (RatisMetrics.java:unregister(46)) - Unregistering Metrics Registry : ratis.state_machine.1acfe952-6c35-481d-9534-c97fd0c89230@group-44A286AF20F8
2020-04-23 23:59:59,129 [ForkJoinPool.commonPool-worker-1] INFO  impl.RaftServerImpl (ServerState.java:close(387)) - 1acfe952-6c35-481d-9534-c97fd0c89230@group-44A286AF20F8: closes. applyIndex: 0
2020-04-23 23:59:59,130 [1acfe952-6c35-481d-9534-c97fd0c89230@group-44A286AF20F8-SegmentedRaftLogWorker] INFO  segmented.SegmentedRaftLogWorker (SegmentedRaftLogWorker.java:run(321)) - 1acfe952-6c35-481d-9534-c97fd0c89230@group-44A286AF20F8-SegmentedRaftLogWorker was interrupted, exiting. There are 0 tasks remaining in the queue.
2020-04-23 23:59:59,130 [ForkJoinPool.commonPool-worker-1] INFO  segmented.SegmentedRaftLogWorker (SegmentedRaftLogWorker.java:close(229)) - 1acfe952-6c35-481d-9534-c97fd0c89230@group-44A286AF20F8-SegmentedRaftLogWorker close()
2020-04-23 23:59:59,131 [ForkJoinPool.commonPool-worker-1] INFO  metrics.RatisMetrics (RatisMetrics.java:unregister(46)) - Unregistering Metrics Registry : ratis.log_worker.1acfe952-6c35-481d-9534-c97fd0c89230
2020-04-23 23:59:59,131 [ForkJoinPool.commonPool-worker-1] INFO  metrics.RatisMetrics (RatisMetrics.java:unregister(46)) - Unregistering Metrics Registry : ratis.leader_election.1acfe952-6c35-481d-9534-c97fd0c89230@group-44A286AF20F8
2020-04-23 23:59:59,131 [ForkJoinPool.commonPool-worker-1] INFO  metrics.RatisMetrics (RatisMetrics.java:unregister(46)) - Unregistering Metrics Registry : ratis.server.1acfe952-6c35-481d-9534-c97fd0c89230@group-44A286AF20F8
2020-04-23 23:59:59,132 [main] INFO  server.GrpcService (GrpcService.java:closeImpl(165)) - 1acfe952-6c35-481d-9534-c97fd0c89230: shutdown server with port 46429 now
2020-04-23 23:59:59,132 [main] INFO  server.GrpcService (GrpcService.java:closeImpl(173)) - 1acfe952-6c35-481d-9534-c97fd0c89230: shutdown server with port 46429 successfully
2020-04-23 23:59:59,147 [main] INFO  utils.BackgroundService (BackgroundService.java:shutdown(157)) - Shutting down service BlockDeletingService
2020-04-23 23:59:59,149 [main] INFO  statemachine.DatanodeStateMachine (DatanodeStateMachine.java:stopDaemon(424)) - Ozone container server stopped.
2020-04-23 23:59:59,149 [main] INFO  handler.ContextHandler (ContextHandler.java:doStop(1016)) - Stopped o.e.j.w.WebAppContext@7b81b487{hddsDatanode,/,null,UNAVAILABLE}{jar:file:/home/user/.m2/repository/org/apache/hadoop/hadoop-hdds-container-service/0.6.0-SNAPSHOT/hadoop-hdds-container-service-0.6.0-SNAPSHOT.jar!/webapps/hddsDatanode}
2020-04-23 23:59:59,150 [main] INFO  server.AbstractConnector (AbstractConnector.java:doStop(380)) - Stopped ServerConnector@1fca503{HTTP/1.1,[http/1.1]}{0.0.0.0:0}
2020-04-23 23:59:59,150 [main] INFO  server.session (HouseKeeper.java:stopScavenging(158)) - node0 Stopped scavenging
2020-04-23 23:59:59,150 [main] INFO  handler.ContextHandler (ContextHandler.java:doStop(1016)) - Stopped o.e.j.s.ServletContextHandler@4442195{static,/static,jar:file:/home/user/.m2/repository/org/apache/hadoop/hadoop-hdds-container-service/0.6.0-SNAPSHOT/hadoop-hdds-container-service-0.6.0-SNAPSHOT.jar!/webapps/static,UNAVAILABLE}
2020-04-23 23:59:59,150 [main] INFO  handler.ContextHandler (ContextHandler.java:doStop(1016)) - Stopped o.e.j.s.ServletContextHandler@2edea30d{logs,/logs,file:///github/workspace/mnt/ozone/hadoop-ozone/integration-test/target/log,UNAVAILABLE}
2020-04-23 23:59:59,151 [main] INFO  ozone.MiniOzoneClusterImpl (MiniOzoneClusterImpl.java:stopSCM(476)) - Stopping the StorageContainerManager
2020-04-23 23:59:59,151 [main] INFO  server.StorageContainerManager (StorageContainerManager.java:stop(824)) - Stopping Replication Manager Service.
2020-04-23 23:59:59,151 [main] INFO  container.ReplicationManager (ReplicationManager.java:stop(206)) - Stopping Replication Monitor Thread.
2020-04-23 23:59:59,151 [main] INFO  server.StorageContainerManager (StorageContainerManager.java:stop(831)) - Stopping Lease Manager of the command watchers
2020-04-23 23:59:59,151 [CommandWatcher-LeaseManager#LeaseMonitor] ERROR lease.LeaseManager (LeaseManager.java:run(238)) - Execution was interrupted 
java.lang.InterruptedException: sleep interrupted
	at java.lang.Thread.sleep(Native Method)
	at org.apache.hadoop.ozone.lease.LeaseManager$LeaseMonitor.run(LeaseManager.java:234)
	at java.lang.Thread.run(Thread.java:748)
2020-04-23 23:59:59,151 [main] INFO  server.StorageContainerManager (StorageContainerManager.java:stop(838)) - Stopping datanode service RPC server
2020-04-23 23:59:59,151 [main] INFO  server.SCMDatanodeProtocolServer (SCMDatanodeProtocolServer.java:stop(361)) - Stopping the RPC server for DataNodes
2020-04-23 23:59:59,151 [main] INFO  ipc.Server (Server.java:stop(3082)) - Stopping server on 34557
2020-04-23 23:59:59,152 [IPC Server listener on 34557] INFO  ipc.Server (Server.java:run(1185)) - Stopping IPC Server listener on 34557
2020-04-23 23:59:59,154 [IPC Server Responder] INFO  ipc.Server (Server.java:run(1319)) - Stopping IPC Server Responder
2020-04-23 23:59:59,228 [SCM Heartbeat Processing Thread - 0] WARN  node.NodeStateManager (NodeStateManager.java:scheduleNextHealthCheck(661)) - Current Thread is interrupted, shutting down HB processing thread for Node Manager.
2020-04-23 23:59:59,228 [main] INFO  server.StorageContainerManager (StorageContainerManager.java:stop(846)) - Stopping block service RPC server
2020-04-23 23:59:59,229 [main] INFO  server.SCMBlockProtocolServer (SCMBlockProtocolServer.java:stop(158)) - Stopping the RPC server for Block Protocol
2020-04-23 23:59:59,229 [main] INFO  ipc.Server (Server.java:stop(3082)) - Stopping server on 42829
2020-04-23 23:59:59,229 [IPC Server listener on 42829] INFO  ipc.Server (Server.java:run(1185)) - Stopping IPC Server listener on 42829
2020-04-23 23:59:59,230 [main] INFO  server.StorageContainerManager (StorageContainerManager.java:stop(853)) - Stopping the StorageContainerLocationProtocol RPC server
2020-04-23 23:59:59,230 [main] INFO  server.SCMClientProtocolServer (SCMClientProtocolServer.java:stop(164)) - Stopping the RPC server for Client Protocol
2020-04-23 23:59:59,230 [main] INFO  ipc.Server (Server.java:stop(3082)) - Stopping server on 45475
2020-04-23 23:59:59,230 [IPC Server Responder] INFO  ipc.Server (Server.java:run(1319)) - Stopping IPC Server Responder
2020-04-23 23:59:59,232 [main] INFO  server.StorageContainerManager (StorageContainerManager.java:stop(860)) - Stopping Storage Container Manager HTTP server.
2020-04-23 23:59:59,232 [IPC Server Responder] INFO  ipc.Server (Server.java:run(1319)) - Stopping IPC Server Responder
2020-04-23 23:59:59,232 [IPC Server listener on 45475] INFO  ipc.Server (Server.java:run(1185)) - Stopping IPC Server listener on 45475
2020-04-23 23:59:59,232 [main] INFO  handler.ContextHandler (ContextHandler.java:doStop(1016)) - Stopped o.e.j.w.WebAppContext@64a3e87b{scm,/,null,UNAVAILABLE}{file:/github/workspace/mnt/ozone/hadoop-ozone/integration-test/target/test-classes/webapps/scm}
2020-04-23 23:59:59,236 [main] INFO  server.AbstractConnector (AbstractConnector.java:doStop(380)) - Stopped ServerConnector@566e5c99{HTTP/1.1,[http/1.1]}{0.0.0.0:0}
2020-04-23 23:59:59,236 [main] INFO  server.session (HouseKeeper.java:stopScavenging(158)) - node0 Stopped scavenging
2020-04-23 23:59:59,237 [main] INFO  handler.ContextHandler (ContextHandler.java:doStop(1016)) - Stopped o.e.j.s.ServletContextHandler@93f8716{static,/static,file:///github/workspace/mnt/ozone/hadoop-ozone/integration-test/target/test-classes/webapps/static,UNAVAILABLE}
2020-04-23 23:59:59,237 [main] INFO  handler.ContextHandler (ContextHandler.java:doStop(1016)) - Stopped o.e.j.s.ServletContextHandler@6d3095f1{logs,/logs,file:///github/workspace/mnt/ozone/hadoop-ozone/integration-test/target/log,UNAVAILABLE}
2020-04-23 23:59:59,238 [main] INFO  server.StorageContainerManager (StorageContainerManager.java:stop(871)) - Stopping Block Manager Service.
2020-04-23 23:59:59,238 [main] INFO  utils.BackgroundService (BackgroundService.java:shutdown(157)) - Shutting down service SCMBlockDeletingService
2020-04-23 23:59:59,238 [main] INFO  utils.BackgroundService (BackgroundService.java:shutdown(157)) - Shutting down service SCMBlockDeletingService
2020-04-23 23:59:59,238 [main] INFO  server.StorageContainerManager (StorageContainerManager.java:stop(896)) - Stopping SCM Event Queue.
2020-04-23 23:59:59,241 [main] INFO  impl.MetricsSystemImpl (MetricsSystemImpl.java:stop(210)) - Stopping HddsDatanode metrics system...
2020-04-23 23:59:59,249 [main] INFO  impl.MetricsSystemImpl (MetricsSystemImpl.java:stop(216)) - HddsDatanode metrics system stopped.
]]></system-out>
    <system-err><![CDATA[Apr 23, 2020 11:59:43 PM org.apache.ratis.thirdparty.io.grpc.internal.SerializingExecutor run
SEVERE: Exception while executing runnable org.apache.ratis.thirdparty.io.grpc.internal.ServerImpl$JumpToApplicationThreadServerStreamListener$1Closed@13cd6142
org.apache.ratis.thirdparty.io.grpc.StatusRuntimeException: CANCELLED: call already cancelled
	at org.apache.ratis.thirdparty.io.grpc.Status.asRuntimeException(Status.java:524)
	at org.apache.ratis.thirdparty.io.grpc.stub.ServerCalls$ServerCallStreamObserverImpl.onCompleted(ServerCalls.java:368)
	at org.apache.ratis.grpc.server.GrpcServerProtocolService$ServerRequestStreamObserver.onError(GrpcServerProtocolService.java:145)
	at org.apache.ratis.thirdparty.io.grpc.stub.ServerCalls$StreamingServerCallHandler$StreamingServerCallListener.onCancel(ServerCalls.java:272)
	at org.apache.ratis.thirdparty.io.grpc.internal.ServerCallImpl$ServerStreamListenerImpl.closedInternal(ServerCallImpl.java:353)
	at org.apache.ratis.thirdparty.io.grpc.internal.ServerCallImpl$ServerStreamListenerImpl.closed(ServerCallImpl.java:341)
	at org.apache.ratis.thirdparty.io.grpc.internal.ServerImpl$JumpToApplicationThreadServerStreamListener$1Closed.runInContext(ServerImpl.java:864)
	at org.apache.ratis.thirdparty.io.grpc.internal.ContextRunnable.run(ContextRunnable.java:37)
	at org.apache.ratis.thirdparty.io.grpc.internal.SerializingExecutor.run(SerializingExecutor.java:123)
	at java.util.concurrent.ThreadPoolExecutor.runWorker(ThreadPoolExecutor.java:1149)
	at java.util.concurrent.ThreadPoolExecutor$Worker.run(ThreadPoolExecutor.java:624)
	at java.lang.Thread.run(Thread.java:748)

Apr 23, 2020 11:59:43 PM org.apache.ratis.thirdparty.io.grpc.internal.SerializingExecutor run
SEVERE: Exception while executing runnable org.apache.ratis.thirdparty.io.grpc.internal.ServerImpl$JumpToApplicationThreadServerStreamListener$1Closed@5feda4ca
org.apache.ratis.thirdparty.io.grpc.StatusRuntimeException: CANCELLED: call already cancelled
	at org.apache.ratis.thirdparty.io.grpc.Status.asRuntimeException(Status.java:524)
	at org.apache.ratis.thirdparty.io.grpc.stub.ServerCalls$ServerCallStreamObserverImpl.onCompleted(ServerCalls.java:368)
	at org.apache.ratis.grpc.server.GrpcServerProtocolService$ServerRequestStreamObserver.onError(GrpcServerProtocolService.java:145)
	at org.apache.ratis.thirdparty.io.grpc.stub.ServerCalls$StreamingServerCallHandler$StreamingServerCallListener.onCancel(ServerCalls.java:272)
	at org.apache.ratis.thirdparty.io.grpc.internal.ServerCallImpl$ServerStreamListenerImpl.closedInternal(ServerCallImpl.java:353)
	at org.apache.ratis.thirdparty.io.grpc.internal.ServerCallImpl$ServerStreamListenerImpl.closed(ServerCallImpl.java:341)
	at org.apache.ratis.thirdparty.io.grpc.internal.ServerImpl$JumpToApplicationThreadServerStreamListener$1Closed.runInContext(ServerImpl.java:864)
	at org.apache.ratis.thirdparty.io.grpc.internal.ContextRunnable.run(ContextRunnable.java:37)
	at org.apache.ratis.thirdparty.io.grpc.internal.SerializingExecutor.run(SerializingExecutor.java:123)
	at java.util.concurrent.ThreadPoolExecutor.runWorker(ThreadPoolExecutor.java:1149)
	at java.util.concurrent.ThreadPoolExecutor$Worker.run(ThreadPoolExecutor.java:624)
	at java.lang.Thread.run(Thread.java:748)

Apr 23, 2020 11:59:43 PM org.apache.ratis.thirdparty.io.grpc.internal.SerializingExecutor run
SEVERE: Exception while executing runnable org.apache.ratis.thirdparty.io.grpc.internal.ServerImpl$JumpToApplicationThreadServerStreamListener$1Closed@219efd3d
org.apache.ratis.thirdparty.io.grpc.StatusRuntimeException: CANCELLED: call already cancelled
	at org.apache.ratis.thirdparty.io.grpc.Status.asRuntimeException(Status.java:524)
	at org.apache.ratis.thirdparty.io.grpc.stub.ServerCalls$ServerCallStreamObserverImpl.onCompleted(ServerCalls.java:368)
	at org.apache.ratis.grpc.server.GrpcServerProtocolService$ServerRequestStreamObserver.onError(GrpcServerProtocolService.java:145)
	at org.apache.ratis.thirdparty.io.grpc.stub.ServerCalls$StreamingServerCallHandler$StreamingServerCallListener.onCancel(ServerCalls.java:272)
	at org.apache.ratis.thirdparty.io.grpc.internal.ServerCallImpl$ServerStreamListenerImpl.closedInternal(ServerCallImpl.java:353)
	at org.apache.ratis.thirdparty.io.grpc.internal.ServerCallImpl$ServerStreamListenerImpl.closed(ServerCallImpl.java:341)
	at org.apache.ratis.thirdparty.io.grpc.internal.ServerImpl$JumpToApplicationThreadServerStreamListener$1Closed.runInContext(ServerImpl.java:864)
	at org.apache.ratis.thirdparty.io.grpc.internal.ContextRunnable.run(ContextRunnable.java:37)
	at org.apache.ratis.thirdparty.io.grpc.internal.SerializingExecutor.run(SerializingExecutor.java:123)
	at java.util.concurrent.ThreadPoolExecutor.runWorker(ThreadPoolExecutor.java:1149)
	at java.util.concurrent.ThreadPoolExecutor$Worker.run(ThreadPoolExecutor.java:624)
	at java.lang.Thread.run(Thread.java:748)

Apr 23, 2020 11:59:45 PM org.apache.ratis.thirdparty.io.grpc.internal.ManagedChannelOrphanWrapper$ManagedChannelReference cleanQueue
SEVERE: *~*~*~ Channel ManagedChannelImpl{logId=2210, target=172.17.0.2:32967} was not shutdown properly!!! ~*~*~*
    Make sure to call shutdown()/shutdownNow() and wait until awaitTermination() returns true.
java.lang.RuntimeException: ManagedChannel allocation site
	at org.apache.ratis.thirdparty.io.grpc.internal.ManagedChannelOrphanWrapper$ManagedChannelReference.<init>(ManagedChannelOrphanWrapper.java:94)
	at org.apache.ratis.thirdparty.io.grpc.internal.ManagedChannelOrphanWrapper.<init>(ManagedChannelOrphanWrapper.java:52)
	at org.apache.ratis.thirdparty.io.grpc.internal.ManagedChannelOrphanWrapper.<init>(ManagedChannelOrphanWrapper.java:43)
	at org.apache.ratis.thirdparty.io.grpc.internal.AbstractManagedChannelImplBuilder.build(AbstractManagedChannelImplBuilder.java:512)
	at org.apache.hadoop.hdds.scm.XceiverClientGrpc.connectToDatanode(XceiverClientGrpc.java:191)
	at org.apache.hadoop.hdds.scm.XceiverClientGrpc.connect(XceiverClientGrpc.java:140)
	at org.apache.hadoop.hdds.scm.XceiverClientManager$2.call(XceiverClientManager.java:244)
	at org.apache.hadoop.hdds.scm.XceiverClientManager$2.call(XceiverClientManager.java:228)
	at com.google.common.cache.LocalCache$LocalManualCache$1.load(LocalCache.java:4876)
	at com.google.common.cache.LocalCache$LoadingValueReference.loadFuture(LocalCache.java:3529)
	at com.google.common.cache.LocalCache$Segment.loadSync(LocalCache.java:2278)
	at com.google.common.cache.LocalCache$Segment.lockedGetOrLoad(LocalCache.java:2155)
	at com.google.common.cache.LocalCache$Segment.get(LocalCache.java:2045)
	at com.google.common.cache.LocalCache.get(LocalCache.java:3951)
	at com.google.common.cache.LocalCache$LocalManualCache.get(LocalCache.java:4871)
	at org.apache.hadoop.hdds.scm.XceiverClientManager.getClient(XceiverClientManager.java:228)
	at org.apache.hadoop.hdds.scm.XceiverClientManager.acquireClient(XceiverClientManager.java:174)
	at org.apache.hadoop.hdds.scm.XceiverClientManager.acquireClientForReadData(XceiverClientManager.java:164)
	at org.apache.hadoop.hdds.scm.storage.BlockInputStream.getChunkInfos(BlockInputStream.java:184)
	at org.apache.hadoop.hdds.scm.storage.BlockInputStream.initialize(BlockInputStream.java:133)
	at org.apache.hadoop.hdds.scm.storage.BlockInputStream.read(BlockInputStream.java:254)
	at org.apache.hadoop.ozone.client.io.KeyInputStream.read(KeyInputStream.java:197)
	at org.apache.hadoop.ozone.client.io.OzoneInputStream.read(OzoneInputStream.java:47)
	at java.io.InputStream.read(InputStream.java:101)
	at org.apache.hadoop.ozone.container.TestHelper.validateData(TestHelper.java:128)
	at org.apache.hadoop.ozone.client.rpc.TestBlockOutputStreamWithFailures.validateData(TestBlockOutputStreamWithFailures.java:852)
	at org.apache.hadoop.ozone.client.rpc.TestBlockOutputStreamWithFailures.testWatchForCommitWithCloseContainerException(TestBlockOutputStreamWithFailures.java:230)
	at sun.reflect.NativeMethodAccessorImpl.invoke0(Native Method)
	at sun.reflect.NativeMethodAccessorImpl.invoke(NativeMethodAccessorImpl.java:62)
	at sun.reflect.DelegatingMethodAccessorImpl.invoke(DelegatingMethodAccessorImpl.java:43)
	at java.lang.reflect.Method.invoke(Method.java:498)
	at org.junit.runners.model.FrameworkMethod$1.runReflectiveCall(FrameworkMethod.java:47)
	at org.junit.internal.runners.model.ReflectiveCallable.run(ReflectiveCallable.java:12)
	at org.junit.runners.model.FrameworkMethod.invokeExplosively(FrameworkMethod.java:44)
	at org.junit.internal.runners.statements.InvokeMethod.evaluate(InvokeMethod.java:17)
	at org.junit.internal.runners.statements.RunBefores.evaluate(RunBefores.java:26)
	at org.junit.internal.runners.statements.RunAfters.evaluate(RunAfters.java:27)
	at org.junit.runners.ParentRunner.runLeaf(ParentRunner.java:271)
	at org.junit.runners.BlockJUnit4ClassRunner.runChild(BlockJUnit4ClassRunner.java:70)
	at org.junit.runners.BlockJUnit4ClassRunner.runChild(BlockJUnit4ClassRunner.java:50)
	at org.junit.runners.ParentRunner$3.run(ParentRunner.java:238)
	at org.junit.runners.ParentRunner$1.schedule(ParentRunner.java:63)
	at org.junit.runners.ParentRunner.runChildren(ParentRunner.java:236)
	at org.junit.runners.ParentRunner.access$000(ParentRunner.java:53)
	at org.junit.runners.ParentRunner$2.evaluate(ParentRunner.java:229)
	at org.junit.runners.ParentRunner.run(ParentRunner.java:309)
	at org.apache.maven.surefire.junit4.JUnit4Provider.execute(JUnit4Provider.java:365)
	at org.apache.maven.surefire.junit4.JUnit4Provider.executeWithRerun(JUnit4Provider.java:273)
	at org.apache.maven.surefire.junit4.JUnit4Provider.executeTestSet(JUnit4Provider.java:238)
	at org.apache.maven.surefire.junit4.JUnit4Provider.invoke(JUnit4Provider.java:159)
	at org.apache.maven.surefire.booter.ForkedBooter.invokeProviderInSameClassLoader(ForkedBooter.java:384)
	at org.apache.maven.surefire.booter.ForkedBooter.runSuitesInProcess(ForkedBooter.java:345)
	at org.apache.maven.surefire.booter.ForkedBooter.execute(ForkedBooter.java:126)
	at org.apache.maven.surefire.booter.ForkedBooter.main(ForkedBooter.java:418)

Apr 23, 2020 11:59:45 PM org.apache.ratis.thirdparty.io.grpc.internal.ManagedChannelOrphanWrapper$ManagedChannelReference cleanQueue
SEVERE: *~*~*~ Channel ManagedChannelImpl{logId=2215, target=172.17.0.2:36531} was not shutdown properly!!! ~*~*~*
    Make sure to call shutdown()/shutdownNow() and wait until awaitTermination() returns true.
java.lang.RuntimeException: ManagedChannel allocation site
	at org.apache.ratis.thirdparty.io.grpc.internal.ManagedChannelOrphanWrapper$ManagedChannelReference.<init>(ManagedChannelOrphanWrapper.java:94)
	at org.apache.ratis.thirdparty.io.grpc.internal.ManagedChannelOrphanWrapper.<init>(ManagedChannelOrphanWrapper.java:52)
	at org.apache.ratis.thirdparty.io.grpc.internal.ManagedChannelOrphanWrapper.<init>(ManagedChannelOrphanWrapper.java:43)
	at org.apache.ratis.thirdparty.io.grpc.internal.AbstractManagedChannelImplBuilder.build(AbstractManagedChannelImplBuilder.java:512)
	at org.apache.hadoop.hdds.scm.XceiverClientGrpc.connectToDatanode(XceiverClientGrpc.java:191)
	at org.apache.hadoop.hdds.scm.XceiverClientGrpc.connect(XceiverClientGrpc.java:140)
	at org.apache.hadoop.hdds.scm.XceiverClientManager$2.call(XceiverClientManager.java:244)
	at org.apache.hadoop.hdds.scm.XceiverClientManager$2.call(XceiverClientManager.java:228)
	at com.google.common.cache.LocalCache$LocalManualCache$1.load(LocalCache.java:4876)
	at com.google.common.cache.LocalCache$LoadingValueReference.loadFuture(LocalCache.java:3529)
	at com.google.common.cache.LocalCache$Segment.loadSync(LocalCache.java:2278)
	at com.google.common.cache.LocalCache$Segment.lockedGetOrLoad(LocalCache.java:2155)
	at com.google.common.cache.LocalCache$Segment.get(LocalCache.java:2045)
	at com.google.common.cache.LocalCache.get(LocalCache.java:3951)
	at com.google.common.cache.LocalCache$LocalManualCache.get(LocalCache.java:4871)
	at org.apache.hadoop.hdds.scm.XceiverClientManager.getClient(XceiverClientManager.java:228)
	at org.apache.hadoop.hdds.scm.XceiverClientManager.acquireClient(XceiverClientManager.java:174)
	at org.apache.hadoop.hdds.scm.XceiverClientManager.acquireClientForReadData(XceiverClientManager.java:164)
	at org.apache.hadoop.hdds.scm.storage.BlockInputStream.getChunkInfos(BlockInputStream.java:184)
	at org.apache.hadoop.hdds.scm.storage.BlockInputStream.initialize(BlockInputStream.java:133)
	at org.apache.hadoop.hdds.scm.storage.BlockInputStream.read(BlockInputStream.java:254)
	at org.apache.hadoop.ozone.client.io.KeyInputStream.read(KeyInputStream.java:197)
	at org.apache.hadoop.ozone.client.io.OzoneInputStream.read(OzoneInputStream.java:47)
	at java.io.InputStream.read(InputStream.java:101)
	at org.apache.hadoop.ozone.container.TestHelper.validateData(TestHelper.java:128)
	at org.apache.hadoop.ozone.client.rpc.TestBlockOutputStreamWithFailures.validateData(TestBlockOutputStreamWithFailures.java:852)
	at org.apache.hadoop.ozone.client.rpc.TestBlockOutputStreamWithFailures.testWatchForCommitWithCloseContainerException(TestBlockOutputStreamWithFailures.java:230)
	at sun.reflect.NativeMethodAccessorImpl.invoke0(Native Method)
	at sun.reflect.NativeMethodAccessorImpl.invoke(NativeMethodAccessorImpl.java:62)
	at sun.reflect.DelegatingMethodAccessorImpl.invoke(DelegatingMethodAccessorImpl.java:43)
	at java.lang.reflect.Method.invoke(Method.java:498)
	at org.junit.runners.model.FrameworkMethod$1.runReflectiveCall(FrameworkMethod.java:47)
	at org.junit.internal.runners.model.ReflectiveCallable.run(ReflectiveCallable.java:12)
	at org.junit.runners.model.FrameworkMethod.invokeExplosively(FrameworkMethod.java:44)
	at org.junit.internal.runners.statements.InvokeMethod.evaluate(InvokeMethod.java:17)
	at org.junit.internal.runners.statements.RunBefores.evaluate(RunBefores.java:26)
	at org.junit.internal.runners.statements.RunAfters.evaluate(RunAfters.java:27)
	at org.junit.runners.ParentRunner.runLeaf(ParentRunner.java:271)
	at org.junit.runners.BlockJUnit4ClassRunner.runChild(BlockJUnit4ClassRunner.java:70)
	at org.junit.runners.BlockJUnit4ClassRunner.runChild(BlockJUnit4ClassRunner.java:50)
	at org.junit.runners.ParentRunner$3.run(ParentRunner.java:238)
	at org.junit.runners.ParentRunner$1.schedule(ParentRunner.java:63)
	at org.junit.runners.ParentRunner.runChildren(ParentRunner.java:236)
	at org.junit.runners.ParentRunner.access$000(ParentRunner.java:53)
	at org.junit.runners.ParentRunner$2.evaluate(ParentRunner.java:229)
	at org.junit.runners.ParentRunner.run(ParentRunner.java:309)
	at org.apache.maven.surefire.junit4.JUnit4Provider.execute(JUnit4Provider.java:365)
	at org.apache.maven.surefire.junit4.JUnit4Provider.executeWithRerun(JUnit4Provider.java:273)
	at org.apache.maven.surefire.junit4.JUnit4Provider.executeTestSet(JUnit4Provider.java:238)
	at org.apache.maven.surefire.junit4.JUnit4Provider.invoke(JUnit4Provider.java:159)
	at org.apache.maven.surefire.booter.ForkedBooter.invokeProviderInSameClassLoader(ForkedBooter.java:384)
	at org.apache.maven.surefire.booter.ForkedBooter.runSuitesInProcess(ForkedBooter.java:345)
	at org.apache.maven.surefire.booter.ForkedBooter.execute(ForkedBooter.java:126)
	at org.apache.maven.surefire.booter.ForkedBooter.main(ForkedBooter.java:418)

Apr 23, 2020 11:59:49 PM org.apache.ratis.thirdparty.io.grpc.internal.SerializingExecutor run
SEVERE: Exception while executing runnable org.apache.ratis.thirdparty.io.grpc.internal.ServerImpl$JumpToApplicationThreadServerStreamListener$1Closed@145f2586
org.apache.ratis.thirdparty.io.grpc.StatusRuntimeException: CANCELLED: call already cancelled
	at org.apache.ratis.thirdparty.io.grpc.Status.asRuntimeException(Status.java:524)
	at org.apache.ratis.thirdparty.io.grpc.stub.ServerCalls$ServerCallStreamObserverImpl.onCompleted(ServerCalls.java:368)
	at org.apache.ratis.grpc.server.GrpcServerProtocolService$ServerRequestStreamObserver.onError(GrpcServerProtocolService.java:145)
	at org.apache.ratis.thirdparty.io.grpc.stub.ServerCalls$StreamingServerCallHandler$StreamingServerCallListener.onCancel(ServerCalls.java:272)
	at org.apache.ratis.thirdparty.io.grpc.internal.ServerCallImpl$ServerStreamListenerImpl.closedInternal(ServerCallImpl.java:353)
	at org.apache.ratis.thirdparty.io.grpc.internal.ServerCallImpl$ServerStreamListenerImpl.closed(ServerCallImpl.java:341)
	at org.apache.ratis.thirdparty.io.grpc.internal.ServerImpl$JumpToApplicationThreadServerStreamListener$1Closed.runInContext(ServerImpl.java:864)
	at org.apache.ratis.thirdparty.io.grpc.internal.ContextRunnable.run(ContextRunnable.java:37)
	at org.apache.ratis.thirdparty.io.grpc.internal.SerializingExecutor.run(SerializingExecutor.java:123)
	at java.util.concurrent.ThreadPoolExecutor.runWorker(ThreadPoolExecutor.java:1149)
	at java.util.concurrent.ThreadPoolExecutor$Worker.run(ThreadPoolExecutor.java:624)
	at java.lang.Thread.run(Thread.java:748)

Apr 23, 2020 11:59:49 PM org.apache.ratis.thirdparty.io.grpc.internal.SerializingExecutor run
SEVERE: Exception while executing runnable org.apache.ratis.thirdparty.io.grpc.internal.ServerImpl$JumpToApplicationThreadServerStreamListener$1Closed@49307146
org.apache.ratis.thirdparty.io.grpc.StatusRuntimeException: CANCELLED: call already cancelled
	at org.apache.ratis.thirdparty.io.grpc.Status.asRuntimeException(Status.java:524)
	at org.apache.ratis.thirdparty.io.grpc.stub.ServerCalls$ServerCallStreamObserverImpl.onCompleted(ServerCalls.java:368)
	at org.apache.ratis.grpc.server.GrpcServerProtocolService$ServerRequestStreamObserver.onError(GrpcServerProtocolService.java:145)
	at org.apache.ratis.thirdparty.io.grpc.stub.ServerCalls$StreamingServerCallHandler$StreamingServerCallListener.onCancel(ServerCalls.java:272)
	at org.apache.ratis.thirdparty.io.grpc.internal.ServerCallImpl$ServerStreamListenerImpl.closedInternal(ServerCallImpl.java:353)
	at org.apache.ratis.thirdparty.io.grpc.internal.ServerCallImpl$ServerStreamListenerImpl.closed(ServerCallImpl.java:341)
	at org.apache.ratis.thirdparty.io.grpc.internal.ServerImpl$JumpToApplicationThreadServerStreamListener$1Closed.runInContext(ServerImpl.java:864)
	at org.apache.ratis.thirdparty.io.grpc.internal.ContextRunnable.run(ContextRunnable.java:37)
	at org.apache.ratis.thirdparty.io.grpc.internal.SerializingExecutor.run(SerializingExecutor.java:123)
	at java.util.concurrent.ThreadPoolExecutor.runWorker(ThreadPoolExecutor.java:1149)
	at java.util.concurrent.ThreadPoolExecutor$Worker.run(ThreadPoolExecutor.java:624)
	at java.lang.Thread.run(Thread.java:748)

]]></system-err>
  </testcase>
</testsuite>