<?xml version="1.0" encoding="UTF-8"?>
<testsuite xmlns:xsi="http://www.w3.org/2001/XMLSchema-instance" xsi:noNamespaceSchemaLocation="https://maven.apache.org/surefire/maven-surefire-plugin/xsd/surefire-test-report.xsd" name="org.apache.hadoop.ozone.client.rpc.TestWatchForCommit" time="293.924" tests="4" errors="1" skipped="0" failures="0">
  <properties>
    <property name="awt.toolkit" value="sun.awt.X11.XToolkit"/>
    <property name="file.encoding.pkg" value="sun.io"/>
    <property name="java.specification.version" value="1.8"/>
    <property name="sun.cpu.isalist" value=""/>
    <property name="sun.jnu.encoding" value="UTF-8"/>
    <property name="java.class.path" value="/home/runner/work/ozone/ozone/hadoop-ozone/integration-test/target/test-classes:/home/runner/work/ozone/ozone/hadoop-ozone/integration-test/target/classes:/home/runner/.m2/repository/org/apache/ozone/ozone-common/1.2.0-SNAPSHOT/ozone-common-1.2.0-SNAPSHOT.jar:/home/runner/.m2/repository/org/apache/commons/commons-compress/1.20/commons-compress-1.20.jar:/home/runner/.m2/repository/org/apache/ozone/hdds-common/1.2.0-SNAPSHOT/hdds-common-1.2.0-SNAPSHOT.jar:/home/runner/.m2/repository/org/apache/ozone/hdds-client/1.2.0-SNAPSHOT/hdds-client-1.2.0-SNAPSHOT.jar:/home/runner/.m2/repository/org/apache/ozone/ozone-interface-client/1.2.0-SNAPSHOT/ozone-interface-client-1.2.0-SNAPSHOT.jar:/home/runner/.m2/repository/org/apache/ozone/hdds-server-framework/1.2.0-SNAPSHOT/hdds-server-framework-1.2.0-SNAPSHOT.jar:/home/runner/.m2/repository/org/apache/ozone/hdds-interface-server/1.2.0-SNAPSHOT/hdds-interface-server-1.2.0-SNAPSHOT.jar:/home/runner/.m2/repository/org/eclipse/jetty/jetty-servlet/9.4.43.v20210629/jetty-servlet-9.4.43.v20210629.jar:/home/runner/.m2/repository/org/eclipse/jetty/jetty-security/9.4.43.v20210629/jetty-security-9.4.43.v20210629.jar:/home/runner/.m2/repository/org/rocksdb/rocksdbjni/6.20.3/rocksdbjni-6.20.3.jar:/home/runner/.m2/repository/io/prometheus/simpleclient_dropwizard/0.7.0/simpleclient_dropwizard-0.7.0.jar:/home/runner/.m2/repository/io/prometheus/simpleclient/0.7.0/simpleclient-0.7.0.jar:/home/runner/.m2/repository/io/prometheus/simpleclient_common/0.7.0/simpleclient_common-0.7.0.jar:/home/runner/.m2/repository/com/fasterxml/jackson/datatype/jackson-datatype-jsr310/2.12.1/jackson-datatype-jsr310-2.12.1.jar:/home/runner/.m2/repository/org/apache/ozone/hdds-test-utils/1.2.0-SNAPSHOT/hdds-test-utils-1.2.0-SNAPSHOT.jar:/home/runner/.m2/repository/com/google/guava/guava/30.1.1-jre/guava-30.1.1-jre.jar:/home/runner/.m2/repository/com/google/guava/failureaccess/1.0.1/failureaccess-1.0.1.jar:/home/runner/.m2/repository/com/google/guava/listenablefuture/9999.0-empty-to-avoid-conflict-with-guava/listenablefuture-9999.0-empty-to-avoid-conflict-with-guava.jar:/home/runner/.m2/repository/com/google/code/findbugs/jsr305/3.0.0/jsr305-3.0.0.jar:/home/runner/.m2/repository/org/checkerframework/checker-qual/3.8.0/checker-qual-3.8.0.jar:/home/runner/.m2/repository/com/google/errorprone/error_prone_annotations/2.2.0/error_prone_annotations-2.2.0.jar:/home/runner/.m2/repository/com/google/j2objc/j2objc-annotations/1.3/j2objc-annotations-1.3.jar:/home/runner/.m2/repository/commons-io/commons-io/2.8.0/commons-io-2.8.0.jar:/home/runner/.m2/repository/commons-logging/commons-logging/1.2/commons-logging-1.2.jar:/home/runner/.m2/repository/log4j/log4j/1.2.17/log4j-1.2.17.jar:/home/runner/.m2/repository/org/slf4j/slf4j-api/1.7.30/slf4j-api-1.7.30.jar:/home/runner/.m2/repository/org/apache/ozone/hdds-server-scm/1.2.0-SNAPSHOT/hdds-server-scm-1.2.0-SNAPSHOT.jar:/home/runner/.m2/repository/org/apache/ozone/hdds-container-service/1.2.0-SNAPSHOT/hdds-container-service-1.2.0-SNAPSHOT.jar:/home/runner/.m2/repository/org/apache/ozone/hdds-hadoop-dependency-server/1.2.0-SNAPSHOT/hdds-hadoop-dependency-server-1.2.0-SNAPSHOT.jar:/home/runner/.m2/repository/org/apache/hadoop/hadoop-hdfs/3.3.1/hadoop-hdfs-3.3.1.jar:/home/runner/.m2/repository/io/dropwizard/metrics/metrics-core/3.2.4/metrics-core-3.2.4.jar:/home/runner/.m2/repository/org/apache/hadoop/hadoop-hdfs-client/3.3.1/hadoop-hdfs-client-3.3.1.jar:/home/runner/.m2/repository/org/bouncycastle/bcprov-jdk15on/1.67/bcprov-jdk15on-1.67.jar:/home/runner/.m2/repository/com/google/protobuf/protobuf-java/2.5.0/protobuf-java-2.5.0.jar:/home/runner/.m2/repository/org/apache/ozone/ozone-manager/1.2.0-SNAPSHOT/ozone-manager-1.2.0-SNAPSHOT.jar:/home/runner/.m2/repository/org/aspectj/aspectjrt/1.8.9/aspectjrt-1.8.9.jar:/home/runner/.m2/repository/org/aspectj/aspectjweaver/1.8.9/aspectjweaver-1.8.9.jar:/home/runner/.m2/repository/org/apache/ozone/hdds-interface-client/1.2.0-SNAPSHOT/hdds-interface-client-1.2.0-SNAPSHOT.jar:/home/runner/.m2/repository/org/apache/hadoop/thirdparty/hadoop-shaded-protobuf_3_7/1.1.1/hadoop-shaded-protobuf_3_7-1.1.1.jar:/home/runner/.m2/repository/org/apache/ozone/ozone-interface-storage/1.2.0-SNAPSHOT/ozone-interface-storage-1.2.0-SNAPSHOT.jar:/home/runner/.m2/repository/org/reflections/reflections/0.9.11/reflections-0.9.11.jar:/home/runner/.m2/repository/org/apache/hadoop/hadoop-minikdc/3.3.1/hadoop-minikdc-3.3.1.jar:/home/runner/.m2/repository/org/apache/kerby/kerb-simplekdc/1.0.1/kerb-simplekdc-1.0.1.jar:/home/runner/.m2/repository/org/apache/kerby/kerb-client/1.0.1/kerb-client-1.0.1.jar:/home/runner/.m2/repository/org/apache/kerby/kerby-config/1.0.1/kerby-config-1.0.1.jar:/home/runner/.m2/repository/org/apache/kerby/kerb-common/1.0.1/kerb-common-1.0.1.jar:/home/runner/.m2/repository/org/apache/kerby/kerb-crypto/1.0.1/kerb-crypto-1.0.1.jar:/home/runner/.m2/repository/org/apache/kerby/kerb-util/1.0.1/kerb-util-1.0.1.jar:/home/runner/.m2/repository/org/apache/kerby/token-provider/1.0.1/token-provider-1.0.1.jar:/home/runner/.m2/repository/org/apache/kerby/kerb-admin/1.0.1/kerb-admin-1.0.1.jar:/home/runner/.m2/repository/org/apache/kerby/kerb-server/1.0.1/kerb-server-1.0.1.jar:/home/runner/.m2/repository/org/apache/kerby/kerb-identity/1.0.1/kerb-identity-1.0.1.jar:/home/runner/.m2/repository/org/apache/kerby/kerby-xdr/1.0.1/kerby-xdr-1.0.1.jar:/home/runner/.m2/repository/org/slf4j/slf4j-log4j12/1.7.30/slf4j-log4j12-1.7.30.jar:/home/runner/.m2/repository/org/apache/ozone/ozone-s3gateway/1.2.0-SNAPSHOT/ozone-s3gateway-1.2.0-SNAPSHOT.jar:/home/runner/.m2/repository/org/javassist/javassist/3.21.0-GA/javassist-3.21.0-GA.jar:/home/runner/.m2/repository/org/jboss/weld/servlet/weld-servlet/2.4.7.Final/weld-servlet-2.4.7.Final.jar:/home/runner/.m2/repository/org/glassfish/jersey/containers/jersey-container-servlet-core/2.33/jersey-container-servlet-core-2.33.jar:/home/runner/.m2/repository/org/glassfish/hk2/external/jakarta.inject/2.6.1/jakarta.inject-2.6.1.jar:/home/runner/.m2/repository/org/glassfish/jersey/core/jersey-common/2.33/jersey-common-2.33.jar:/home/runner/.m2/repository/jakarta/ws/rs/jakarta.ws.rs-api/2.1.6/jakarta.ws.rs-api-2.1.6.jar:/home/runner/.m2/repository/org/glassfish/jersey/ext/cdi/jersey-cdi1x/2.33/jersey-cdi1x-2.33.jar:/home/runner/.m2/repository/org/glassfish/jersey/inject/jersey-hk2/2.33/jersey-hk2-2.33.jar:/home/runner/.m2/repository/org/glassfish/hk2/hk2-locator/2.6.1/hk2-locator-2.6.1.jar:/home/runner/.m2/repository/org/glassfish/jersey/media/jersey-media-jaxb/2.33/jersey-media-jaxb-2.33.jar:/home/runner/.m2/repository/org/glassfish/hk2/osgi-resource-locator/1.0.3/osgi-resource-locator-1.0.3.jar:/home/runner/.m2/repository/org/glassfish/hk2/hk2-api/2.5.0/hk2-api-2.5.0.jar:/home/runner/.m2/repository/org/glassfish/hk2/hk2-utils/2.5.0/hk2-utils-2.5.0.jar:/home/runner/.m2/repository/org/glassfish/hk2/external/aopalliance-repackaged/2.5.0/aopalliance-repackaged-2.5.0.jar:/home/runner/.m2/repository/com/fasterxml/jackson/dataformat/jackson-dataformat-xml/2.12.1/jackson-dataformat-xml-2.12.1.jar:/home/runner/.m2/repository/com/fasterxml/jackson/core/jackson-core/2.12.1/jackson-core-2.12.1.jar:/home/runner/.m2/repository/com/fasterxml/jackson/module/jackson-module-jaxb-annotations/2.12.1/jackson-module-jaxb-annotations-2.12.1.jar:/home/runner/.m2/repository/jakarta/xml/bind/jakarta.xml.bind-api/2.3.2/jakarta.xml.bind-api-2.3.2.jar:/home/runner/.m2/repository/org/codehaus/woodstox/stax2-api/3.1.4/stax2-api-3.1.4.jar:/home/runner/.m2/repository/com/fasterxml/woodstox/woodstox-core/5.0.3/woodstox-core-5.0.3.jar:/home/runner/.m2/repository/javax/enterprise/cdi-api/1.2/cdi-api-1.2.jar:/home/runner/.m2/repository/javax/el/javax.el-api/3.0.0/javax.el-api-3.0.0.jar:/home/runner/.m2/repository/javax/interceptor/javax.interceptor-api/1.2/javax.interceptor-api-1.2.jar:/home/runner/.m2/repository/javax/inject/javax.inject/1/javax.inject-1.jar:/home/runner/.m2/repository/javax/xml/bind/jaxb-api/2.3.0/jaxb-api-2.3.0.jar:/home/runner/.m2/repository/org/glassfish/jaxb/jaxb-runtime/2.3.0.1/jaxb-runtime-2.3.0.1.jar:/home/runner/.m2/repository/org/glassfish/jaxb/jaxb-core/2.3.0.1/jaxb-core-2.3.0.1.jar:/home/runner/.m2/repository/org/glassfish/jaxb/txw2/2.3.0.1/txw2-2.3.0.1.jar:/home/runner/.m2/repository/com/sun/istack/istack-commons-runtime/3.0.5/istack-commons-runtime-3.0.5.jar:/home/runner/.m2/repository/org/jvnet/staxex/stax-ex/1.7.8/stax-ex-1.7.8.jar:/home/runner/.m2/repository/com/sun/xml/fastinfoset/FastInfoset/1.2.13/FastInfoset-1.2.13.jar:/home/runner/.m2/repository/javax/activation/activation/1.1.1/activation-1.1.1.jar:/home/runner/.m2/repository/org/apache/ozone/ozone-csi/1.2.0-SNAPSHOT/ozone-csi-1.2.0-SNAPSHOT.jar:/home/runner/.m2/repository/com/google/protobuf/protobuf-java-util/3.12.0/protobuf-java-util-3.12.0.jar:/home/runner/.m2/repository/com/google/code/gson/gson/2.2.4/gson-2.2.4.jar:/home/runner/.m2/repository/org/apache/ozone/hdds-config/1.2.0-SNAPSHOT/hdds-config-1.2.0-SNAPSHOT.jar:/home/runner/.m2/repository/io/grpc/grpc-netty/1.33.0/grpc-netty-1.33.0.jar:/home/runner/.m2/repository/io/grpc/grpc-core/1.33.0/grpc-core-1.33.0.jar:/home/runner/.m2/repository/com/google/android/annotations/4.1.1.4/annotations-4.1.1.4.jar:/home/runner/.m2/repository/io/netty/netty-codec-http2/4.1.63.Final/netty-codec-http2-4.1.63.Final.jar:/home/runner/.m2/repository/io/netty/netty-codec-http/4.1.63.Final/netty-codec-http-4.1.63.Final.jar:/home/runner/.m2/repository/io/netty/netty-handler-proxy/4.1.63.Final/netty-handler-proxy-4.1.63.Final.jar:/home/runner/.m2/repository/io/netty/netty-codec-socks/4.1.63.Final/netty-codec-socks-4.1.63.Final.jar:/home/runner/.m2/repository/io/perfmark/perfmark-api/0.19.0/perfmark-api-0.19.0.jar:/home/runner/.m2/repository/org/codehaus/mojo/animal-sniffer-annotations/1.18/animal-sniffer-annotations-1.18.jar:/home/runner/.m2/repository/io/netty/netty-transport-native-epoll/4.1.63.Final/netty-transport-native-epoll-4.1.63.Final.jar:/home/runner/.m2/repository/io/netty/netty-common/4.1.63.Final/netty-common-4.1.63.Final.jar:/home/runner/.m2/repository/io/netty/netty-buffer/4.1.63.Final/netty-buffer-4.1.63.Final.jar:/home/runner/.m2/repository/io/netty/netty-transport-native-unix-common/4.1.63.Final/netty-transport-native-unix-common-4.1.63.Final.jar:/home/runner/.m2/repository/io/grpc/grpc-protobuf/1.33.0/grpc-protobuf-1.33.0.jar:/home/runner/.m2/repository/io/grpc/grpc-api/1.33.0/grpc-api-1.33.0.jar:/home/runner/.m2/repository/io/grpc/grpc-context/1.33.0/grpc-context-1.33.0.jar:/home/runner/.m2/repository/com/google/api/grpc/proto-google-common-protos/1.17.0/proto-google-common-protos-1.17.0.jar:/home/runner/.m2/repository/io/grpc/grpc-protobuf-lite/1.33.0/grpc-protobuf-lite-1.33.0.jar:/home/runner/.m2/repository/io/grpc/grpc-stub/1.33.0/grpc-stub-1.33.0.jar:/home/runner/.m2/repository/org/apache/ozone/ozone-recon/1.2.0-SNAPSHOT/ozone-recon-1.2.0-SNAPSHOT.jar:/home/runner/.m2/repository/org/apache/ozone/ozone-reconcodegen/1.2.0-SNAPSHOT/ozone-reconcodegen-1.2.0-SNAPSHOT.jar:/home/runner/.m2/repository/com/google/inject/extensions/guice-multibindings/4.0/guice-multibindings-4.0.jar:/home/runner/.m2/repository/com/google/inject/guice/4.0/guice-4.0.jar:/home/runner/.m2/repository/aopalliance/aopalliance/1.0/aopalliance-1.0.jar:/home/runner/.m2/repository/com/google/inject/extensions/guice-assistedinject/4.0/guice-assistedinject-4.0.jar:/home/runner/.m2/repository/com/google/inject/extensions/guice-servlet/4.0/guice-servlet-4.0.jar:/home/runner/.m2/repository/org/glassfish/jersey/containers/jersey-container-servlet/2.33/jersey-container-servlet-2.33.jar:/home/runner/.m2/repository/org/glassfish/hk2/guice-bridge/2.5.0/guice-bridge-2.5.0.jar:/home/runner/.m2/repository/org/glassfish/jersey/core/jersey-server/2.33/jersey-server-2.33.jar:/home/runner/.m2/repository/org/glassfish/jersey/core/jersey-client/2.33/jersey-client-2.33.jar:/home/runner/.m2/repository/jakarta/annotation/jakarta.annotation-api/1.3.5/jakarta.annotation-api-1.3.5.jar:/home/runner/.m2/repository/jakarta/validation/jakarta.validation-api/2.0.2/jakarta.validation-api-2.0.2.jar:/home/runner/.m2/repository/org/glassfish/jersey/media/jersey-media-json-jackson/2.33/jersey-media-json-jackson-2.33.jar:/home/runner/.m2/repository/org/glassfish/jersey/ext/jersey-entity-filtering/2.33/jersey-entity-filtering-2.33.jar:/home/runner/.m2/repository/org/jooq/jooq/3.11.10/jooq-3.11.10.jar:/home/runner/.m2/repository/org/jooq/jooq-meta/3.11.10/jooq-meta-3.11.10.jar:/home/runner/.m2/repository/org/jooq/jooq-codegen/3.11.10/jooq-codegen-3.11.10.jar:/home/runner/.m2/repository/com/jolbox/bonecp/0.8.0.RELEASE/bonecp-0.8.0.RELEASE.jar:/home/runner/.m2/repository/org/apache/derby/derby/10.14.2.0/derby-10.14.2.0.jar:/home/runner/.m2/repository/org/xerial/sqlite-jdbc/3.25.2/sqlite-jdbc-3.25.2.jar:/home/runner/.m2/repository/org/springframework/spring-jdbc/5.2.11.RELEASE/spring-jdbc-5.2.11.RELEASE.jar:/home/runner/.m2/repository/org/springframework/spring-beans/5.2.11.RELEASE/spring-beans-5.2.11.RELEASE.jar:/home/runner/.m2/repository/org/springframework/spring-core/5.2.11.RELEASE/spring-core-5.2.11.RELEASE.jar:/home/runner/.m2/repository/org/springframework/spring-jcl/5.2.11.RELEASE/spring-jcl-5.2.11.RELEASE.jar:/home/runner/.m2/repository/org/springframework/spring-tx/5.2.11.RELEASE/spring-tx-5.2.11.RELEASE.jar:/home/runner/.m2/repository/org/apache/ozone/ozone-client/1.2.0-SNAPSHOT/ozone-client-1.2.0-SNAPSHOT.jar:/home/runner/.m2/repository/org/apache/ozone/ozone-filesystem/1.2.0-SNAPSHOT/ozone-filesystem-1.2.0-SNAPSHOT.jar:/home/runner/.m2/repository/org/apache/ozone/ozone-filesystem-common/1.2.0-SNAPSHOT/ozone-filesystem-common-1.2.0-SNAPSHOT.jar:/home/runner/.m2/repository/org/apache/ozone/ozone-tools/1.2.0-SNAPSHOT/ozone-tools-1.2.0-SNAPSHOT.jar:/home/runner/.m2/repository/org/apache/ratis/ratis-tools/2.1.0-03f3b68-SNAPSHOT/ratis-tools-2.1.0-03f3b68-SNAPSHOT.jar:/home/runner/.m2/repository/com/amazonaws/aws-java-sdk-core/1.11.901/aws-java-sdk-core-1.11.901.jar:/home/runner/.m2/repository/org/apache/httpcomponents/httpclient/4.5.13/httpclient-4.5.13.jar:/home/runner/.m2/repository/org/apache/httpcomponents/httpcore/4.4.13/httpcore-4.4.13.jar:/home/runner/.m2/repository/software/amazon/ion/ion-java/1.0.2/ion-java-1.0.2.jar:/home/runner/.m2/repository/com/fasterxml/jackson/dataformat/jackson-dataformat-cbor/2.12.1/jackson-dataformat-cbor-2.12.1.jar:/home/runner/.m2/repository/joda-time/joda-time/2.8.1/joda-time-2.8.1.jar:/home/runner/.m2/repository/com/amazonaws/aws-java-sdk-s3/1.11.901/aws-java-sdk-s3-1.11.901.jar:/home/runner/.m2/repository/com/amazonaws/aws-java-sdk-kms/1.11.901/aws-java-sdk-kms-1.11.901.jar:/home/runner/.m2/repository/com/amazonaws/jmespath-java/1.11.901/jmespath-java-1.11.901.jar:/home/runner/.m2/repository/org/kohsuke/metainf-services/metainf-services/1.8/metainf-services-1.8.jar:/home/runner/.m2/repository/org/apache/ozone/hdds-tools/1.2.0-SNAPSHOT/hdds-tools-1.2.0-SNAPSHOT.jar:/home/runner/.m2/repository/commons-cli/commons-cli/1.2/commons-cli-1.2.jar:/home/runner/.m2/repository/org/apache/commons/commons-lang3/3.7/commons-lang3-3.7.jar:/home/runner/.m2/repository/org/apache/ozone/ozone-manager/1.2.0-SNAPSHOT/ozone-manager-1.2.0-SNAPSHOT-tests.jar:/home/runner/.m2/repository/org/apache/ozone/hdds-common/1.2.0-SNAPSHOT/hdds-common-1.2.0-SNAPSHOT-tests.jar:/home/runner/.m2/repository/org/apache/ozone/hdds-hadoop-dependency-client/1.2.0-SNAPSHOT/hdds-hadoop-dependency-client-1.2.0-SNAPSHOT.jar:/home/runner/.m2/repository/info/picocli/picocli/4.6.1/picocli-4.6.1.jar:/home/runner/.m2/repository/com/fasterxml/jackson/core/jackson-annotations/2.12.1/jackson-annotations-2.12.1.jar:/home/runner/.m2/repository/javax/annotation/javax.annotation-api/1.2/javax.annotation-api-1.2.jar:/home/runner/.m2/repository/org/apache/ratis/ratis-server/2.1.0-03f3b68-SNAPSHOT/ratis-server-2.1.0-03f3b68-SNAPSHOT.jar:/home/runner/.m2/repository/org/apache/ratis/ratis-client/2.1.0-03f3b68-SNAPSHOT/ratis-client-2.1.0-03f3b68-SNAPSHOT.jar:/home/runner/.m2/repository/org/apache/ratis/ratis-server-api/2.1.0-03f3b68-SNAPSHOT/ratis-server-api-2.1.0-03f3b68-SNAPSHOT.jar:/home/runner/.m2/repository/org/apache/ratis/ratis-metrics/2.1.0-03f3b68-SNAPSHOT/ratis-metrics-2.1.0-03f3b68-SNAPSHOT.jar:/home/runner/.m2/repository/org/apache/ratis/ratis-netty/2.1.0-03f3b68-SNAPSHOT/ratis-netty-2.1.0-03f3b68-SNAPSHOT.jar:/home/runner/.m2/repository/org/apache/ratis/ratis-grpc/2.1.0-03f3b68-SNAPSHOT/ratis-grpc-2.1.0-03f3b68-SNAPSHOT.jar:/home/runner/.m2/repository/org/apache/logging/log4j/log4j-api/2.13.3/log4j-api-2.13.3.jar:/home/runner/.m2/repository/org/apache/logging/log4j/log4j-core/2.13.3/log4j-core-2.13.3.jar:/home/runner/.m2/repository/com/lmax/disruptor/3.4.2/disruptor-3.4.2.jar:/home/runner/.m2/repository/org/apache/commons/commons-pool2/2.6.0/commons-pool2-2.6.0.jar:/home/runner/.m2/repository/org/bouncycastle/bcpkix-jdk15on/1.67/bcpkix-jdk15on-1.67.jar:/home/runner/.m2/repository/commons-validator/commons-validator/1.6/commons-validator-1.6.jar:/home/runner/.m2/repository/commons-beanutils/commons-beanutils/1.9.4/commons-beanutils-1.9.4.jar:/home/runner/.m2/repository/commons-digester/commons-digester/1.8.1/commons-digester-1.8.1.jar:/home/runner/.m2/repository/commons-collections/commons-collections/3.2.2/commons-collections-3.2.2.jar:/home/runner/.m2/repository/io/jaegertracing/jaeger-client/1.6.0/jaeger-client-1.6.0.jar:/home/runner/.m2/repository/io/jaegertracing/jaeger-thrift/1.6.0/jaeger-thrift-1.6.0.jar:/home/runner/.m2/repository/org/apache/thrift/libthrift/0.14.1/libthrift-0.14.1.jar:/home/runner/.m2/repository/com/squareup/okhttp3/okhttp/4.9.0/okhttp-4.9.0.jar:/home/runner/.m2/repository/com/squareup/okio/okio/2.8.0/okio-2.8.0.jar:/home/runner/.m2/repository/io/jaegertracing/jaeger-core/1.6.0/jaeger-core-1.6.0.jar:/home/runner/.m2/repository/io/jaegertracing/jaeger-tracerresolver/1.6.0/jaeger-tracerresolver-1.6.0.jar:/home/runner/.m2/repository/io/opentracing/contrib/opentracing-tracerresolver/0.1.8/opentracing-tracerresolver-0.1.8.jar:/home/runner/.m2/repository/org/jetbrains/kotlin/kotlin-stdlib/1.4.31/kotlin-stdlib-1.4.31.jar:/home/runner/.m2/repository/org/jetbrains/kotlin/kotlin-stdlib-common/1.4.31/kotlin-stdlib-common-1.4.31.jar:/home/runner/.m2/repository/org/jetbrains/annotations/13.0/annotations-13.0.jar:/home/runner/.m2/repository/io/opentracing/opentracing-util/0.33.0/opentracing-util-0.33.0.jar:/home/runner/.m2/repository/io/opentracing/opentracing-api/0.33.0/opentracing-api-0.33.0.jar:/home/runner/.m2/repository/io/opentracing/opentracing-noop/0.33.0/opentracing-noop-0.33.0.jar:/home/runner/.m2/repository/org/yaml/snakeyaml/1.26/snakeyaml-1.26.jar:/home/runner/.m2/repository/org/apache/ozone/hdds-interface-admin/1.2.0-SNAPSHOT/hdds-interface-admin-1.2.0-SNAPSHOT.jar:/home/runner/.m2/repository/junit/junit/4.13.1/junit-4.13.1.jar:/home/runner/.m2/repository/org/hamcrest/hamcrest-core/1.3/hamcrest-core-1.3.jar:/home/runner/.m2/repository/org/junit/jupiter/junit-jupiter-api/5.7.0/junit-jupiter-api-5.7.0.jar:/home/runner/.m2/repository/org/apiguardian/apiguardian-api/1.1.0/apiguardian-api-1.1.0.jar:/home/runner/.m2/repository/org/opentest4j/opentest4j/1.2.0/opentest4j-1.2.0.jar:/home/runner/.m2/repository/org/junit/platform/junit-platform-commons/1.7.0/junit-platform-commons-1.7.0.jar:/home/runner/.m2/repository/org/junit/jupiter/junit-jupiter-engine/5.7.0/junit-jupiter-engine-5.7.0.jar:/home/runner/.m2/repository/org/junit/platform/junit-platform-engine/1.7.0/junit-platform-engine-1.7.0.jar:/home/runner/.m2/repository/org/junit/vintage/junit-vintage-engine/5.7.0/junit-vintage-engine-5.7.0.jar:/home/runner/.m2/repository/org/junit/platform/junit-platform-launcher/1.7.0/junit-platform-launcher-1.7.0.jar:/home/runner/.m2/repository/org/openjdk/jmh/jmh-core/1.19/jmh-core-1.19.jar:/home/runner/.m2/repository/net/sf/jopt-simple/jopt-simple/4.6/jopt-simple-4.6.jar:/home/runner/.m2/repository/org/apache/commons/commons-math3/3.1.1/commons-math3-3.1.1.jar:/home/runner/.m2/repository/org/openjdk/jmh/jmh-generator-annprocess/1.19/jmh-generator-annprocess-1.19.jar:/home/runner/.m2/repository/org/mockito/mockito-core/2.28.2/mockito-core-2.28.2.jar:/home/runner/.m2/repository/net/bytebuddy/byte-buddy/1.9.10/byte-buddy-1.9.10.jar:/home/runner/.m2/repository/net/bytebuddy/byte-buddy-agent/1.9.10/byte-buddy-agent-1.9.10.jar:/home/runner/.m2/repository/org/objenesis/objenesis/1.0/objenesis-1.0.jar:/home/runner/.m2/repository/org/apache/hadoop/hadoop-kms/3.3.1/hadoop-kms-3.3.1.jar:/home/runner/.m2/repository/org/apache/hadoop/hadoop-auth/3.3.1/hadoop-auth-3.3.1.jar:/home/runner/.m2/repository/com/nimbusds/nimbus-jose-jwt/7.9/nimbus-jose-jwt-7.9.jar:/home/runner/.m2/repository/com/github/stephenc/jcip/jcip-annotations/1.0-1/jcip-annotations-1.0-1.jar:/home/runner/.m2/repository/net/minidev/json-smart/2.3/json-smart-2.3.jar:/home/runner/.m2/repository/net/minidev/accessors-smart/1.2/accessors-smart-1.2.jar:/home/runner/.m2/repository/org/ow2/asm/asm/5.0.4/asm-5.0.4.jar:/home/runner/.m2/repository/org/apache/zookeeper/zookeeper/3.5.6/zookeeper-3.5.6.jar:/home/runner/.m2/repository/org/apache/zookeeper/zookeeper-jute/3.5.6/zookeeper-jute-3.5.6.jar:/home/runner/.m2/repository/org/apache/yetus/audience-annotations/0.5.0/audience-annotations-0.5.0.jar:/home/runner/.m2/repository/org/apache/curator/curator-framework/4.2.0/curator-framework-4.2.0.jar:/home/runner/.m2/repository/org/apache/hadoop/thirdparty/hadoop-shaded-guava/1.1.1/hadoop-shaded-guava-1.1.1.jar:/home/runner/.m2/repository/com/sun/jersey/jersey-core/1.19/jersey-core-1.19.jar:/home/runner/.m2/repository/javax/ws/rs/jsr311-api/1.1.1/jsr311-api-1.1.1.jar:/home/runner/.m2/repository/com/sun/jersey/jersey-server/1.19/jersey-server-1.19.jar:/home/runner/.m2/repository/javax/servlet/javax.servlet-api/3.1.0/javax.servlet-api-3.1.0.jar:/home/runner/.m2/repository/org/eclipse/jetty/jetty-server/9.4.43.v20210629/jetty-server-9.4.43.v20210629.jar:/home/runner/.m2/repository/org/eclipse/jetty/jetty-http/9.4.43.v20210629/jetty-http-9.4.43.v20210629.jar:/home/runner/.m2/repository/org/eclipse/jetty/jetty-io/9.4.43.v20210629/jetty-io-9.4.43.v20210629.jar:/home/runner/.m2/repository/org/eclipse/jetty/jetty-webapp/9.4.43.v20210629/jetty-webapp-9.4.43.v20210629.jar:/home/runner/.m2/repository/org/eclipse/jetty/jetty-xml/9.4.43.v20210629/jetty-xml-9.4.43.v20210629.jar:/home/runner/.m2/repository/org/apache/hadoop/hadoop-common/3.3.1/hadoop-common-3.3.1.jar:/home/runner/.m2/repository/commons-net/commons-net/3.6/commons-net-3.6.jar:/home/runner/.m2/repository/jakarta/activation/jakarta.activation-api/1.2.1/jakarta.activation-api-1.2.1.jar:/home/runner/.m2/repository/com/sun/jersey/jersey-servlet/1.19/jersey-servlet-1.19.jar:/home/runner/.m2/repository/com/sun/jersey/jersey-json/1.19/jersey-json-1.19.jar:/home/runner/.m2/repository/org/codehaus/jettison/jettison/1.1/jettison-1.1.jar:/home/runner/.m2/repository/com/sun/xml/bind/jaxb-impl/2.2.3-1/jaxb-impl-2.2.3-1.jar:/home/runner/.m2/repository/org/codehaus/jackson/jackson-jaxrs/1.9.2/jackson-jaxrs-1.9.2.jar:/home/runner/.m2/repository/org/codehaus/jackson/jackson-xc/1.9.2/jackson-xc-1.9.2.jar:/home/runner/.m2/repository/org/apache/commons/commons-configuration2/2.1.1/commons-configuration2-2.1.1.jar:/home/runner/.m2/repository/org/apache/commons/commons-text/1.4/commons-text-1.4.jar:/home/runner/.m2/repository/com/google/re2j/re2j/1.1/re2j-1.1.jar:/home/runner/.m2/repository/com/jcraft/jsch/0.1.54/jsch-0.1.54.jar:/home/runner/.m2/repository/org/apache/curator/curator-client/4.2.0/curator-client-4.2.0.jar:/home/runner/.m2/repository/org/apache/curator/curator-recipes/4.2.0/curator-recipes-4.2.0.jar:/home/runner/.m2/repository/org/apache/kerby/kerb-core/1.0.1/kerb-core-1.0.1.jar:/home/runner/.m2/repository/org/apache/kerby/kerby-pkix/1.0.1/kerby-pkix-1.0.1.jar:/home/runner/.m2/repository/org/apache/kerby/kerby-asn1/1.0.1/kerby-asn1-1.0.1.jar:/home/runner/.m2/repository/org/apache/kerby/kerby-util/1.0.1/kerby-util-1.0.1.jar:/home/runner/.m2/repository/dnsjava/dnsjava/2.1.7/dnsjava-2.1.7.jar:/home/runner/.m2/repository/org/xerial/snappy/snappy-java/1.1.8.2/snappy-java-1.1.8.2.jar:/home/runner/.m2/repository/org/slf4j/jul-to-slf4j/1.7.30/jul-to-slf4j-1.7.30.jar:/home/runner/.m2/repository/org/eclipse/jetty/jetty-util/9.4.43.v20210629/jetty-util-9.4.43.v20210629.jar:/home/runner/.m2/repository/com/fasterxml/jackson/core/jackson-databind/2.12.1/jackson-databind-2.12.1.jar:/home/runner/.m2/repository/org/apache/hadoop/hadoop-kms/3.3.1/hadoop-kms-3.3.1-tests.jar:/home/runner/.m2/repository/org/apache/ozone/hdds-server-scm/1.2.0-SNAPSHOT/hdds-server-scm-1.2.0-SNAPSHOT-tests.jar:/home/runner/.m2/repository/org/apache/ozone/hdds-container-service/1.2.0-SNAPSHOT/hdds-container-service-1.2.0-SNAPSHOT-tests.jar:/home/runner/.m2/repository/commons-codec/commons-codec/1.11/commons-codec-1.11.jar:/home/runner/.m2/repository/io/netty/netty-transport/4.1.63.Final/netty-transport-4.1.63.Final.jar:/home/runner/.m2/repository/io/netty/netty-resolver/4.1.63.Final/netty-resolver-4.1.63.Final.jar:/home/runner/.m2/repository/io/netty/netty-codec/4.1.63.Final/netty-codec-4.1.63.Final.jar:/home/runner/.m2/repository/io/netty/netty-handler/4.1.63.Final/netty-handler-4.1.63.Final.jar:/home/runner/.m2/repository/org/apache/ozone/hdds-hadoop-dependency-test/1.2.0-SNAPSHOT/hdds-hadoop-dependency-test-1.2.0-SNAPSHOT.jar:/home/runner/.m2/repository/org/apache/hadoop/hadoop-common/3.3.1/hadoop-common-3.3.1-tests.jar:/home/runner/.m2/repository/org/assertj/assertj-core/3.12.2/assertj-core-3.12.2.jar:/home/runner/.m2/repository/org/apache/hadoop/hadoop-hdfs/3.3.1/hadoop-hdfs-3.3.1-tests.jar:/home/runner/.m2/repository/org/eclipse/jetty/jetty-util-ajax/9.4.43.v20210629/jetty-util-ajax-9.4.43.v20210629.jar:/home/runner/.m2/repository/commons-daemon/commons-daemon/1.0.13/commons-daemon-1.0.13.jar:/home/runner/.m2/repository/io/netty/netty/3.10.6.Final/netty-3.10.6.Final.jar:/home/runner/.m2/repository/io/netty/netty-all/4.1.63.Final/netty-all-4.1.63.Final.jar:/home/runner/.m2/repository/org/apache/htrace/htrace-core4/4.1.0-incubating/htrace-core4-4.1.0-incubating.jar:/home/runner/.m2/repository/org/fusesource/leveldbjni/leveldbjni-all/1.8/leveldbjni-all-1.8.jar:/home/runner/.m2/repository/org/apache/hadoop/hadoop-distcp/3.3.1/hadoop-distcp-3.3.1.jar:/home/runner/.m2/repository/org/apache/hadoop/hadoop-mapreduce-client-jobclient/3.3.1/hadoop-mapreduce-client-jobclient-3.3.1.jar:/home/runner/.m2/repository/org/apache/hadoop/hadoop-mapreduce-client-common/3.3.1/hadoop-mapreduce-client-common-3.3.1.jar:/home/runner/.m2/repository/org/apache/hadoop/hadoop-yarn-common/3.3.1/hadoop-yarn-common-3.3.1.jar:/home/runner/.m2/repository/org/apache/hadoop/hadoop-yarn-api/3.3.1/hadoop-yarn-api-3.3.1.jar:/home/runner/.m2/repository/com/sun/jersey/jersey-client/1.19/jersey-client-1.19.jar:/home/runner/.m2/repository/com/sun/jersey/contribs/jersey-guice/1.19/jersey-guice-1.19.jar:/home/runner/.m2/repository/com/fasterxml/jackson/jaxrs/jackson-jaxrs-json-provider/2.12.1/jackson-jaxrs-json-provider-2.12.1.jar:/home/runner/.m2/repository/com/fasterxml/jackson/jaxrs/jackson-jaxrs-base/2.12.1/jackson-jaxrs-base-2.12.1.jar:/home/runner/.m2/repository/org/apache/hadoop/hadoop-yarn-client/3.3.1/hadoop-yarn-client-3.3.1.jar:/home/runner/.m2/repository/org/eclipse/jetty/websocket/websocket-client/9.4.40.v20210413/websocket-client-9.4.40.v20210413.jar:/home/runner/.m2/repository/org/eclipse/jetty/jetty-client/9.4.40.v20210413/jetty-client-9.4.40.v20210413.jar:/home/runner/.m2/repository/org/eclipse/jetty/websocket/websocket-common/9.4.40.v20210413/websocket-common-9.4.40.v20210413.jar:/home/runner/.m2/repository/org/eclipse/jetty/websocket/websocket-api/9.4.40.v20210413/websocket-api-9.4.40.v20210413.jar:/home/runner/.m2/repository/org/jline/jline/3.9.0/jline-3.9.0.jar:/home/runner/.m2/repository/org/apache/hadoop/hadoop-mapreduce-client-core/3.3.1/hadoop-mapreduce-client-core-3.3.1.jar:/home/runner/.m2/repository/org/apache/avro/avro/1.7.7/avro-1.7.7.jar:/home/runner/.m2/repository/org/codehaus/jackson/jackson-core-asl/1.9.13/jackson-core-asl-1.9.13.jar:/home/runner/.m2/repository/org/codehaus/jackson/jackson-mapper-asl/1.9.13/jackson-mapper-asl-1.9.13.jar:/home/runner/.m2/repository/com/thoughtworks/paranamer/paranamer/2.3/paranamer-2.3.jar:/home/runner/.m2/repository/org/apache/hadoop/hadoop-annotations/3.3.1/hadoop-annotations-3.3.1.jar:/usr/lib/jvm/adoptopenjdk-8-hotspot-amd64/jre/../lib/tools.jar:/home/runner/.m2/repository/org/apache/hadoop/hadoop-distcp/3.3.1/hadoop-distcp-3.3.1-tests.jar:/home/runner/.m2/repository/org/apache/ratis/ratis-common/2.1.0-03f3b68-SNAPSHOT/ratis-common-2.1.0-03f3b68-SNAPSHOT.jar:/home/runner/.m2/repository/org/apache/ratis/ratis-thirdparty-misc/0.7.0/ratis-thirdparty-misc-0.7.0.jar:/home/runner/.m2/repository/org/apache/ratis/ratis-proto/2.1.0-03f3b68-SNAPSHOT/ratis-proto-2.1.0-03f3b68-SNAPSHOT.jar:"/>
    <property name="java.vm.vendor" value="AdoptOpenJDK"/>
    <property name="sun.arch.data.model" value="64"/>
    <property name="test.build.dir" value="/home/runner/work/ozone/ozone/hadoop-ozone/integration-test/target/test-dir"/>
    <property name="test.cache.data" value=""/>
    <property name="java.vendor.url" value="https://adoptopenjdk.net/"/>
    <property name="user.timezone" value=""/>
    <property name="java.vm.specification.version" value="1.8"/>
    <property name="os.name" value="Linux"/>
    <property name="test.build.data" value="/home/runner/work/ozone/ozone/hadoop-ozone/integration-test/target/test-dir"/>
    <property name="sun.java.launcher" value="SUN_STANDARD"/>
    <property name="sun.boot.library.path" value="/usr/lib/jvm/adoptopenjdk-8-hotspot-amd64/jre/lib/amd64"/>
    <property name="sun.java.command" value="/home/runner/work/ozone/ozone/hadoop-ozone/integration-test/target/surefire/surefirebooter734966686093787781.jar /home/runner/work/ozone/ozone/hadoop-ozone/integration-test/target/surefire 2021-09-21T00-55-15_592-jvmRun1 surefire8997694068674716063tmp surefire_81082461043012123105tmp"/>
    <property name="surefire.test.class.path" value="/home/runner/work/ozone/ozone/hadoop-ozone/integration-test/target/test-classes:/home/runner/work/ozone/ozone/hadoop-ozone/integration-test/target/classes:/home/runner/.m2/repository/org/apache/ozone/ozone-common/1.2.0-SNAPSHOT/ozone-common-1.2.0-SNAPSHOT.jar:/home/runner/.m2/repository/org/apache/commons/commons-compress/1.20/commons-compress-1.20.jar:/home/runner/.m2/repository/org/apache/ozone/hdds-common/1.2.0-SNAPSHOT/hdds-common-1.2.0-SNAPSHOT.jar:/home/runner/.m2/repository/org/apache/ozone/hdds-client/1.2.0-SNAPSHOT/hdds-client-1.2.0-SNAPSHOT.jar:/home/runner/.m2/repository/org/apache/ozone/ozone-interface-client/1.2.0-SNAPSHOT/ozone-interface-client-1.2.0-SNAPSHOT.jar:/home/runner/.m2/repository/org/apache/ozone/hdds-server-framework/1.2.0-SNAPSHOT/hdds-server-framework-1.2.0-SNAPSHOT.jar:/home/runner/.m2/repository/org/apache/ozone/hdds-interface-server/1.2.0-SNAPSHOT/hdds-interface-server-1.2.0-SNAPSHOT.jar:/home/runner/.m2/repository/org/eclipse/jetty/jetty-servlet/9.4.43.v20210629/jetty-servlet-9.4.43.v20210629.jar:/home/runner/.m2/repository/org/eclipse/jetty/jetty-security/9.4.43.v20210629/jetty-security-9.4.43.v20210629.jar:/home/runner/.m2/repository/org/rocksdb/rocksdbjni/6.20.3/rocksdbjni-6.20.3.jar:/home/runner/.m2/repository/io/prometheus/simpleclient_dropwizard/0.7.0/simpleclient_dropwizard-0.7.0.jar:/home/runner/.m2/repository/io/prometheus/simpleclient/0.7.0/simpleclient-0.7.0.jar:/home/runner/.m2/repository/io/prometheus/simpleclient_common/0.7.0/simpleclient_common-0.7.0.jar:/home/runner/.m2/repository/com/fasterxml/jackson/datatype/jackson-datatype-jsr310/2.12.1/jackson-datatype-jsr310-2.12.1.jar:/home/runner/.m2/repository/org/apache/ozone/hdds-test-utils/1.2.0-SNAPSHOT/hdds-test-utils-1.2.0-SNAPSHOT.jar:/home/runner/.m2/repository/com/google/guava/guava/30.1.1-jre/guava-30.1.1-jre.jar:/home/runner/.m2/repository/com/google/guava/failureaccess/1.0.1/failureaccess-1.0.1.jar:/home/runner/.m2/repository/com/google/guava/listenablefuture/9999.0-empty-to-avoid-conflict-with-guava/listenablefuture-9999.0-empty-to-avoid-conflict-with-guava.jar:/home/runner/.m2/repository/com/google/code/findbugs/jsr305/3.0.0/jsr305-3.0.0.jar:/home/runner/.m2/repository/org/checkerframework/checker-qual/3.8.0/checker-qual-3.8.0.jar:/home/runner/.m2/repository/com/google/errorprone/error_prone_annotations/2.2.0/error_prone_annotations-2.2.0.jar:/home/runner/.m2/repository/com/google/j2objc/j2objc-annotations/1.3/j2objc-annotations-1.3.jar:/home/runner/.m2/repository/commons-io/commons-io/2.8.0/commons-io-2.8.0.jar:/home/runner/.m2/repository/commons-logging/commons-logging/1.2/commons-logging-1.2.jar:/home/runner/.m2/repository/log4j/log4j/1.2.17/log4j-1.2.17.jar:/home/runner/.m2/repository/org/slf4j/slf4j-api/1.7.30/slf4j-api-1.7.30.jar:/home/runner/.m2/repository/org/apache/ozone/hdds-server-scm/1.2.0-SNAPSHOT/hdds-server-scm-1.2.0-SNAPSHOT.jar:/home/runner/.m2/repository/org/apache/ozone/hdds-container-service/1.2.0-SNAPSHOT/hdds-container-service-1.2.0-SNAPSHOT.jar:/home/runner/.m2/repository/org/apache/ozone/hdds-hadoop-dependency-server/1.2.0-SNAPSHOT/hdds-hadoop-dependency-server-1.2.0-SNAPSHOT.jar:/home/runner/.m2/repository/org/apache/hadoop/hadoop-hdfs/3.3.1/hadoop-hdfs-3.3.1.jar:/home/runner/.m2/repository/io/dropwizard/metrics/metrics-core/3.2.4/metrics-core-3.2.4.jar:/home/runner/.m2/repository/org/apache/hadoop/hadoop-hdfs-client/3.3.1/hadoop-hdfs-client-3.3.1.jar:/home/runner/.m2/repository/org/bouncycastle/bcprov-jdk15on/1.67/bcprov-jdk15on-1.67.jar:/home/runner/.m2/repository/com/google/protobuf/protobuf-java/2.5.0/protobuf-java-2.5.0.jar:/home/runner/.m2/repository/org/apache/ozone/ozone-manager/1.2.0-SNAPSHOT/ozone-manager-1.2.0-SNAPSHOT.jar:/home/runner/.m2/repository/org/aspectj/aspectjrt/1.8.9/aspectjrt-1.8.9.jar:/home/runner/.m2/repository/org/aspectj/aspectjweaver/1.8.9/aspectjweaver-1.8.9.jar:/home/runner/.m2/repository/org/apache/ozone/hdds-interface-client/1.2.0-SNAPSHOT/hdds-interface-client-1.2.0-SNAPSHOT.jar:/home/runner/.m2/repository/org/apache/hadoop/thirdparty/hadoop-shaded-protobuf_3_7/1.1.1/hadoop-shaded-protobuf_3_7-1.1.1.jar:/home/runner/.m2/repository/org/apache/ozone/ozone-interface-storage/1.2.0-SNAPSHOT/ozone-interface-storage-1.2.0-SNAPSHOT.jar:/home/runner/.m2/repository/org/reflections/reflections/0.9.11/reflections-0.9.11.jar:/home/runner/.m2/repository/org/apache/hadoop/hadoop-minikdc/3.3.1/hadoop-minikdc-3.3.1.jar:/home/runner/.m2/repository/org/apache/kerby/kerb-simplekdc/1.0.1/kerb-simplekdc-1.0.1.jar:/home/runner/.m2/repository/org/apache/kerby/kerb-client/1.0.1/kerb-client-1.0.1.jar:/home/runner/.m2/repository/org/apache/kerby/kerby-config/1.0.1/kerby-config-1.0.1.jar:/home/runner/.m2/repository/org/apache/kerby/kerb-common/1.0.1/kerb-common-1.0.1.jar:/home/runner/.m2/repository/org/apache/kerby/kerb-crypto/1.0.1/kerb-crypto-1.0.1.jar:/home/runner/.m2/repository/org/apache/kerby/kerb-util/1.0.1/kerb-util-1.0.1.jar:/home/runner/.m2/repository/org/apache/kerby/token-provider/1.0.1/token-provider-1.0.1.jar:/home/runner/.m2/repository/org/apache/kerby/kerb-admin/1.0.1/kerb-admin-1.0.1.jar:/home/runner/.m2/repository/org/apache/kerby/kerb-server/1.0.1/kerb-server-1.0.1.jar:/home/runner/.m2/repository/org/apache/kerby/kerb-identity/1.0.1/kerb-identity-1.0.1.jar:/home/runner/.m2/repository/org/apache/kerby/kerby-xdr/1.0.1/kerby-xdr-1.0.1.jar:/home/runner/.m2/repository/org/slf4j/slf4j-log4j12/1.7.30/slf4j-log4j12-1.7.30.jar:/home/runner/.m2/repository/org/apache/ozone/ozone-s3gateway/1.2.0-SNAPSHOT/ozone-s3gateway-1.2.0-SNAPSHOT.jar:/home/runner/.m2/repository/org/javassist/javassist/3.21.0-GA/javassist-3.21.0-GA.jar:/home/runner/.m2/repository/org/jboss/weld/servlet/weld-servlet/2.4.7.Final/weld-servlet-2.4.7.Final.jar:/home/runner/.m2/repository/org/glassfish/jersey/containers/jersey-container-servlet-core/2.33/jersey-container-servlet-core-2.33.jar:/home/runner/.m2/repository/org/glassfish/hk2/external/jakarta.inject/2.6.1/jakarta.inject-2.6.1.jar:/home/runner/.m2/repository/org/glassfish/jersey/core/jersey-common/2.33/jersey-common-2.33.jar:/home/runner/.m2/repository/jakarta/ws/rs/jakarta.ws.rs-api/2.1.6/jakarta.ws.rs-api-2.1.6.jar:/home/runner/.m2/repository/org/glassfish/jersey/ext/cdi/jersey-cdi1x/2.33/jersey-cdi1x-2.33.jar:/home/runner/.m2/repository/org/glassfish/jersey/inject/jersey-hk2/2.33/jersey-hk2-2.33.jar:/home/runner/.m2/repository/org/glassfish/hk2/hk2-locator/2.6.1/hk2-locator-2.6.1.jar:/home/runner/.m2/repository/org/glassfish/jersey/media/jersey-media-jaxb/2.33/jersey-media-jaxb-2.33.jar:/home/runner/.m2/repository/org/glassfish/hk2/osgi-resource-locator/1.0.3/osgi-resource-locator-1.0.3.jar:/home/runner/.m2/repository/org/glassfish/hk2/hk2-api/2.5.0/hk2-api-2.5.0.jar:/home/runner/.m2/repository/org/glassfish/hk2/hk2-utils/2.5.0/hk2-utils-2.5.0.jar:/home/runner/.m2/repository/org/glassfish/hk2/external/aopalliance-repackaged/2.5.0/aopalliance-repackaged-2.5.0.jar:/home/runner/.m2/repository/com/fasterxml/jackson/dataformat/jackson-dataformat-xml/2.12.1/jackson-dataformat-xml-2.12.1.jar:/home/runner/.m2/repository/com/fasterxml/jackson/core/jackson-core/2.12.1/jackson-core-2.12.1.jar:/home/runner/.m2/repository/com/fasterxml/jackson/module/jackson-module-jaxb-annotations/2.12.1/jackson-module-jaxb-annotations-2.12.1.jar:/home/runner/.m2/repository/jakarta/xml/bind/jakarta.xml.bind-api/2.3.2/jakarta.xml.bind-api-2.3.2.jar:/home/runner/.m2/repository/org/codehaus/woodstox/stax2-api/3.1.4/stax2-api-3.1.4.jar:/home/runner/.m2/repository/com/fasterxml/woodstox/woodstox-core/5.0.3/woodstox-core-5.0.3.jar:/home/runner/.m2/repository/javax/enterprise/cdi-api/1.2/cdi-api-1.2.jar:/home/runner/.m2/repository/javax/el/javax.el-api/3.0.0/javax.el-api-3.0.0.jar:/home/runner/.m2/repository/javax/interceptor/javax.interceptor-api/1.2/javax.interceptor-api-1.2.jar:/home/runner/.m2/repository/javax/inject/javax.inject/1/javax.inject-1.jar:/home/runner/.m2/repository/javax/xml/bind/jaxb-api/2.3.0/jaxb-api-2.3.0.jar:/home/runner/.m2/repository/org/glassfish/jaxb/jaxb-runtime/2.3.0.1/jaxb-runtime-2.3.0.1.jar:/home/runner/.m2/repository/org/glassfish/jaxb/jaxb-core/2.3.0.1/jaxb-core-2.3.0.1.jar:/home/runner/.m2/repository/org/glassfish/jaxb/txw2/2.3.0.1/txw2-2.3.0.1.jar:/home/runner/.m2/repository/com/sun/istack/istack-commons-runtime/3.0.5/istack-commons-runtime-3.0.5.jar:/home/runner/.m2/repository/org/jvnet/staxex/stax-ex/1.7.8/stax-ex-1.7.8.jar:/home/runner/.m2/repository/com/sun/xml/fastinfoset/FastInfoset/1.2.13/FastInfoset-1.2.13.jar:/home/runner/.m2/repository/javax/activation/activation/1.1.1/activation-1.1.1.jar:/home/runner/.m2/repository/org/apache/ozone/ozone-csi/1.2.0-SNAPSHOT/ozone-csi-1.2.0-SNAPSHOT.jar:/home/runner/.m2/repository/com/google/protobuf/protobuf-java-util/3.12.0/protobuf-java-util-3.12.0.jar:/home/runner/.m2/repository/com/google/code/gson/gson/2.2.4/gson-2.2.4.jar:/home/runner/.m2/repository/org/apache/ozone/hdds-config/1.2.0-SNAPSHOT/hdds-config-1.2.0-SNAPSHOT.jar:/home/runner/.m2/repository/io/grpc/grpc-netty/1.33.0/grpc-netty-1.33.0.jar:/home/runner/.m2/repository/io/grpc/grpc-core/1.33.0/grpc-core-1.33.0.jar:/home/runner/.m2/repository/com/google/android/annotations/4.1.1.4/annotations-4.1.1.4.jar:/home/runner/.m2/repository/io/netty/netty-codec-http2/4.1.63.Final/netty-codec-http2-4.1.63.Final.jar:/home/runner/.m2/repository/io/netty/netty-codec-http/4.1.63.Final/netty-codec-http-4.1.63.Final.jar:/home/runner/.m2/repository/io/netty/netty-handler-proxy/4.1.63.Final/netty-handler-proxy-4.1.63.Final.jar:/home/runner/.m2/repository/io/netty/netty-codec-socks/4.1.63.Final/netty-codec-socks-4.1.63.Final.jar:/home/runner/.m2/repository/io/perfmark/perfmark-api/0.19.0/perfmark-api-0.19.0.jar:/home/runner/.m2/repository/org/codehaus/mojo/animal-sniffer-annotations/1.18/animal-sniffer-annotations-1.18.jar:/home/runner/.m2/repository/io/netty/netty-transport-native-epoll/4.1.63.Final/netty-transport-native-epoll-4.1.63.Final.jar:/home/runner/.m2/repository/io/netty/netty-common/4.1.63.Final/netty-common-4.1.63.Final.jar:/home/runner/.m2/repository/io/netty/netty-buffer/4.1.63.Final/netty-buffer-4.1.63.Final.jar:/home/runner/.m2/repository/io/netty/netty-transport-native-unix-common/4.1.63.Final/netty-transport-native-unix-common-4.1.63.Final.jar:/home/runner/.m2/repository/io/grpc/grpc-protobuf/1.33.0/grpc-protobuf-1.33.0.jar:/home/runner/.m2/repository/io/grpc/grpc-api/1.33.0/grpc-api-1.33.0.jar:/home/runner/.m2/repository/io/grpc/grpc-context/1.33.0/grpc-context-1.33.0.jar:/home/runner/.m2/repository/com/google/api/grpc/proto-google-common-protos/1.17.0/proto-google-common-protos-1.17.0.jar:/home/runner/.m2/repository/io/grpc/grpc-protobuf-lite/1.33.0/grpc-protobuf-lite-1.33.0.jar:/home/runner/.m2/repository/io/grpc/grpc-stub/1.33.0/grpc-stub-1.33.0.jar:/home/runner/.m2/repository/org/apache/ozone/ozone-recon/1.2.0-SNAPSHOT/ozone-recon-1.2.0-SNAPSHOT.jar:/home/runner/.m2/repository/org/apache/ozone/ozone-reconcodegen/1.2.0-SNAPSHOT/ozone-reconcodegen-1.2.0-SNAPSHOT.jar:/home/runner/.m2/repository/com/google/inject/extensions/guice-multibindings/4.0/guice-multibindings-4.0.jar:/home/runner/.m2/repository/com/google/inject/guice/4.0/guice-4.0.jar:/home/runner/.m2/repository/aopalliance/aopalliance/1.0/aopalliance-1.0.jar:/home/runner/.m2/repository/com/google/inject/extensions/guice-assistedinject/4.0/guice-assistedinject-4.0.jar:/home/runner/.m2/repository/com/google/inject/extensions/guice-servlet/4.0/guice-servlet-4.0.jar:/home/runner/.m2/repository/org/glassfish/jersey/containers/jersey-container-servlet/2.33/jersey-container-servlet-2.33.jar:/home/runner/.m2/repository/org/glassfish/hk2/guice-bridge/2.5.0/guice-bridge-2.5.0.jar:/home/runner/.m2/repository/org/glassfish/jersey/core/jersey-server/2.33/jersey-server-2.33.jar:/home/runner/.m2/repository/org/glassfish/jersey/core/jersey-client/2.33/jersey-client-2.33.jar:/home/runner/.m2/repository/jakarta/annotation/jakarta.annotation-api/1.3.5/jakarta.annotation-api-1.3.5.jar:/home/runner/.m2/repository/jakarta/validation/jakarta.validation-api/2.0.2/jakarta.validation-api-2.0.2.jar:/home/runner/.m2/repository/org/glassfish/jersey/media/jersey-media-json-jackson/2.33/jersey-media-json-jackson-2.33.jar:/home/runner/.m2/repository/org/glassfish/jersey/ext/jersey-entity-filtering/2.33/jersey-entity-filtering-2.33.jar:/home/runner/.m2/repository/org/jooq/jooq/3.11.10/jooq-3.11.10.jar:/home/runner/.m2/repository/org/jooq/jooq-meta/3.11.10/jooq-meta-3.11.10.jar:/home/runner/.m2/repository/org/jooq/jooq-codegen/3.11.10/jooq-codegen-3.11.10.jar:/home/runner/.m2/repository/com/jolbox/bonecp/0.8.0.RELEASE/bonecp-0.8.0.RELEASE.jar:/home/runner/.m2/repository/org/apache/derby/derby/10.14.2.0/derby-10.14.2.0.jar:/home/runner/.m2/repository/org/xerial/sqlite-jdbc/3.25.2/sqlite-jdbc-3.25.2.jar:/home/runner/.m2/repository/org/springframework/spring-jdbc/5.2.11.RELEASE/spring-jdbc-5.2.11.RELEASE.jar:/home/runner/.m2/repository/org/springframework/spring-beans/5.2.11.RELEASE/spring-beans-5.2.11.RELEASE.jar:/home/runner/.m2/repository/org/springframework/spring-core/5.2.11.RELEASE/spring-core-5.2.11.RELEASE.jar:/home/runner/.m2/repository/org/springframework/spring-jcl/5.2.11.RELEASE/spring-jcl-5.2.11.RELEASE.jar:/home/runner/.m2/repository/org/springframework/spring-tx/5.2.11.RELEASE/spring-tx-5.2.11.RELEASE.jar:/home/runner/.m2/repository/org/apache/ozone/ozone-client/1.2.0-SNAPSHOT/ozone-client-1.2.0-SNAPSHOT.jar:/home/runner/.m2/repository/org/apache/ozone/ozone-filesystem/1.2.0-SNAPSHOT/ozone-filesystem-1.2.0-SNAPSHOT.jar:/home/runner/.m2/repository/org/apache/ozone/ozone-filesystem-common/1.2.0-SNAPSHOT/ozone-filesystem-common-1.2.0-SNAPSHOT.jar:/home/runner/.m2/repository/org/apache/ozone/ozone-tools/1.2.0-SNAPSHOT/ozone-tools-1.2.0-SNAPSHOT.jar:/home/runner/.m2/repository/org/apache/ratis/ratis-tools/2.1.0-03f3b68-SNAPSHOT/ratis-tools-2.1.0-03f3b68-SNAPSHOT.jar:/home/runner/.m2/repository/com/amazonaws/aws-java-sdk-core/1.11.901/aws-java-sdk-core-1.11.901.jar:/home/runner/.m2/repository/org/apache/httpcomponents/httpclient/4.5.13/httpclient-4.5.13.jar:/home/runner/.m2/repository/org/apache/httpcomponents/httpcore/4.4.13/httpcore-4.4.13.jar:/home/runner/.m2/repository/software/amazon/ion/ion-java/1.0.2/ion-java-1.0.2.jar:/home/runner/.m2/repository/com/fasterxml/jackson/dataformat/jackson-dataformat-cbor/2.12.1/jackson-dataformat-cbor-2.12.1.jar:/home/runner/.m2/repository/joda-time/joda-time/2.8.1/joda-time-2.8.1.jar:/home/runner/.m2/repository/com/amazonaws/aws-java-sdk-s3/1.11.901/aws-java-sdk-s3-1.11.901.jar:/home/runner/.m2/repository/com/amazonaws/aws-java-sdk-kms/1.11.901/aws-java-sdk-kms-1.11.901.jar:/home/runner/.m2/repository/com/amazonaws/jmespath-java/1.11.901/jmespath-java-1.11.901.jar:/home/runner/.m2/repository/org/kohsuke/metainf-services/metainf-services/1.8/metainf-services-1.8.jar:/home/runner/.m2/repository/org/apache/ozone/hdds-tools/1.2.0-SNAPSHOT/hdds-tools-1.2.0-SNAPSHOT.jar:/home/runner/.m2/repository/commons-cli/commons-cli/1.2/commons-cli-1.2.jar:/home/runner/.m2/repository/org/apache/commons/commons-lang3/3.7/commons-lang3-3.7.jar:/home/runner/.m2/repository/org/apache/ozone/ozone-manager/1.2.0-SNAPSHOT/ozone-manager-1.2.0-SNAPSHOT-tests.jar:/home/runner/.m2/repository/org/apache/ozone/hdds-common/1.2.0-SNAPSHOT/hdds-common-1.2.0-SNAPSHOT-tests.jar:/home/runner/.m2/repository/org/apache/ozone/hdds-hadoop-dependency-client/1.2.0-SNAPSHOT/hdds-hadoop-dependency-client-1.2.0-SNAPSHOT.jar:/home/runner/.m2/repository/info/picocli/picocli/4.6.1/picocli-4.6.1.jar:/home/runner/.m2/repository/com/fasterxml/jackson/core/jackson-annotations/2.12.1/jackson-annotations-2.12.1.jar:/home/runner/.m2/repository/javax/annotation/javax.annotation-api/1.2/javax.annotation-api-1.2.jar:/home/runner/.m2/repository/org/apache/ratis/ratis-server/2.1.0-03f3b68-SNAPSHOT/ratis-server-2.1.0-03f3b68-SNAPSHOT.jar:/home/runner/.m2/repository/org/apache/ratis/ratis-client/2.1.0-03f3b68-SNAPSHOT/ratis-client-2.1.0-03f3b68-SNAPSHOT.jar:/home/runner/.m2/repository/org/apache/ratis/ratis-server-api/2.1.0-03f3b68-SNAPSHOT/ratis-server-api-2.1.0-03f3b68-SNAPSHOT.jar:/home/runner/.m2/repository/org/apache/ratis/ratis-metrics/2.1.0-03f3b68-SNAPSHOT/ratis-metrics-2.1.0-03f3b68-SNAPSHOT.jar:/home/runner/.m2/repository/org/apache/ratis/ratis-netty/2.1.0-03f3b68-SNAPSHOT/ratis-netty-2.1.0-03f3b68-SNAPSHOT.jar:/home/runner/.m2/repository/org/apache/ratis/ratis-grpc/2.1.0-03f3b68-SNAPSHOT/ratis-grpc-2.1.0-03f3b68-SNAPSHOT.jar:/home/runner/.m2/repository/org/apache/logging/log4j/log4j-api/2.13.3/log4j-api-2.13.3.jar:/home/runner/.m2/repository/org/apache/logging/log4j/log4j-core/2.13.3/log4j-core-2.13.3.jar:/home/runner/.m2/repository/com/lmax/disruptor/3.4.2/disruptor-3.4.2.jar:/home/runner/.m2/repository/org/apache/commons/commons-pool2/2.6.0/commons-pool2-2.6.0.jar:/home/runner/.m2/repository/org/bouncycastle/bcpkix-jdk15on/1.67/bcpkix-jdk15on-1.67.jar:/home/runner/.m2/repository/commons-validator/commons-validator/1.6/commons-validator-1.6.jar:/home/runner/.m2/repository/commons-beanutils/commons-beanutils/1.9.4/commons-beanutils-1.9.4.jar:/home/runner/.m2/repository/commons-digester/commons-digester/1.8.1/commons-digester-1.8.1.jar:/home/runner/.m2/repository/commons-collections/commons-collections/3.2.2/commons-collections-3.2.2.jar:/home/runner/.m2/repository/io/jaegertracing/jaeger-client/1.6.0/jaeger-client-1.6.0.jar:/home/runner/.m2/repository/io/jaegertracing/jaeger-thrift/1.6.0/jaeger-thrift-1.6.0.jar:/home/runner/.m2/repository/org/apache/thrift/libthrift/0.14.1/libthrift-0.14.1.jar:/home/runner/.m2/repository/com/squareup/okhttp3/okhttp/4.9.0/okhttp-4.9.0.jar:/home/runner/.m2/repository/com/squareup/okio/okio/2.8.0/okio-2.8.0.jar:/home/runner/.m2/repository/io/jaegertracing/jaeger-core/1.6.0/jaeger-core-1.6.0.jar:/home/runner/.m2/repository/io/jaegertracing/jaeger-tracerresolver/1.6.0/jaeger-tracerresolver-1.6.0.jar:/home/runner/.m2/repository/io/opentracing/contrib/opentracing-tracerresolver/0.1.8/opentracing-tracerresolver-0.1.8.jar:/home/runner/.m2/repository/org/jetbrains/kotlin/kotlin-stdlib/1.4.31/kotlin-stdlib-1.4.31.jar:/home/runner/.m2/repository/org/jetbrains/kotlin/kotlin-stdlib-common/1.4.31/kotlin-stdlib-common-1.4.31.jar:/home/runner/.m2/repository/org/jetbrains/annotations/13.0/annotations-13.0.jar:/home/runner/.m2/repository/io/opentracing/opentracing-util/0.33.0/opentracing-util-0.33.0.jar:/home/runner/.m2/repository/io/opentracing/opentracing-api/0.33.0/opentracing-api-0.33.0.jar:/home/runner/.m2/repository/io/opentracing/opentracing-noop/0.33.0/opentracing-noop-0.33.0.jar:/home/runner/.m2/repository/org/yaml/snakeyaml/1.26/snakeyaml-1.26.jar:/home/runner/.m2/repository/org/apache/ozone/hdds-interface-admin/1.2.0-SNAPSHOT/hdds-interface-admin-1.2.0-SNAPSHOT.jar:/home/runner/.m2/repository/junit/junit/4.13.1/junit-4.13.1.jar:/home/runner/.m2/repository/org/hamcrest/hamcrest-core/1.3/hamcrest-core-1.3.jar:/home/runner/.m2/repository/org/junit/jupiter/junit-jupiter-api/5.7.0/junit-jupiter-api-5.7.0.jar:/home/runner/.m2/repository/org/apiguardian/apiguardian-api/1.1.0/apiguardian-api-1.1.0.jar:/home/runner/.m2/repository/org/opentest4j/opentest4j/1.2.0/opentest4j-1.2.0.jar:/home/runner/.m2/repository/org/junit/platform/junit-platform-commons/1.7.0/junit-platform-commons-1.7.0.jar:/home/runner/.m2/repository/org/junit/jupiter/junit-jupiter-engine/5.7.0/junit-jupiter-engine-5.7.0.jar:/home/runner/.m2/repository/org/junit/platform/junit-platform-engine/1.7.0/junit-platform-engine-1.7.0.jar:/home/runner/.m2/repository/org/junit/vintage/junit-vintage-engine/5.7.0/junit-vintage-engine-5.7.0.jar:/home/runner/.m2/repository/org/junit/platform/junit-platform-launcher/1.7.0/junit-platform-launcher-1.7.0.jar:/home/runner/.m2/repository/org/openjdk/jmh/jmh-core/1.19/jmh-core-1.19.jar:/home/runner/.m2/repository/net/sf/jopt-simple/jopt-simple/4.6/jopt-simple-4.6.jar:/home/runner/.m2/repository/org/apache/commons/commons-math3/3.1.1/commons-math3-3.1.1.jar:/home/runner/.m2/repository/org/openjdk/jmh/jmh-generator-annprocess/1.19/jmh-generator-annprocess-1.19.jar:/home/runner/.m2/repository/org/mockito/mockito-core/2.28.2/mockito-core-2.28.2.jar:/home/runner/.m2/repository/net/bytebuddy/byte-buddy/1.9.10/byte-buddy-1.9.10.jar:/home/runner/.m2/repository/net/bytebuddy/byte-buddy-agent/1.9.10/byte-buddy-agent-1.9.10.jar:/home/runner/.m2/repository/org/objenesis/objenesis/1.0/objenesis-1.0.jar:/home/runner/.m2/repository/org/apache/hadoop/hadoop-kms/3.3.1/hadoop-kms-3.3.1.jar:/home/runner/.m2/repository/org/apache/hadoop/hadoop-auth/3.3.1/hadoop-auth-3.3.1.jar:/home/runner/.m2/repository/com/nimbusds/nimbus-jose-jwt/7.9/nimbus-jose-jwt-7.9.jar:/home/runner/.m2/repository/com/github/stephenc/jcip/jcip-annotations/1.0-1/jcip-annotations-1.0-1.jar:/home/runner/.m2/repository/net/minidev/json-smart/2.3/json-smart-2.3.jar:/home/runner/.m2/repository/net/minidev/accessors-smart/1.2/accessors-smart-1.2.jar:/home/runner/.m2/repository/org/ow2/asm/asm/5.0.4/asm-5.0.4.jar:/home/runner/.m2/repository/org/apache/zookeeper/zookeeper/3.5.6/zookeeper-3.5.6.jar:/home/runner/.m2/repository/org/apache/zookeeper/zookeeper-jute/3.5.6/zookeeper-jute-3.5.6.jar:/home/runner/.m2/repository/org/apache/yetus/audience-annotations/0.5.0/audience-annotations-0.5.0.jar:/home/runner/.m2/repository/org/apache/curator/curator-framework/4.2.0/curator-framework-4.2.0.jar:/home/runner/.m2/repository/org/apache/hadoop/thirdparty/hadoop-shaded-guava/1.1.1/hadoop-shaded-guava-1.1.1.jar:/home/runner/.m2/repository/com/sun/jersey/jersey-core/1.19/jersey-core-1.19.jar:/home/runner/.m2/repository/javax/ws/rs/jsr311-api/1.1.1/jsr311-api-1.1.1.jar:/home/runner/.m2/repository/com/sun/jersey/jersey-server/1.19/jersey-server-1.19.jar:/home/runner/.m2/repository/javax/servlet/javax.servlet-api/3.1.0/javax.servlet-api-3.1.0.jar:/home/runner/.m2/repository/org/eclipse/jetty/jetty-server/9.4.43.v20210629/jetty-server-9.4.43.v20210629.jar:/home/runner/.m2/repository/org/eclipse/jetty/jetty-http/9.4.43.v20210629/jetty-http-9.4.43.v20210629.jar:/home/runner/.m2/repository/org/eclipse/jetty/jetty-io/9.4.43.v20210629/jetty-io-9.4.43.v20210629.jar:/home/runner/.m2/repository/org/eclipse/jetty/jetty-webapp/9.4.43.v20210629/jetty-webapp-9.4.43.v20210629.jar:/home/runner/.m2/repository/org/eclipse/jetty/jetty-xml/9.4.43.v20210629/jetty-xml-9.4.43.v20210629.jar:/home/runner/.m2/repository/org/apache/hadoop/hadoop-common/3.3.1/hadoop-common-3.3.1.jar:/home/runner/.m2/repository/commons-net/commons-net/3.6/commons-net-3.6.jar:/home/runner/.m2/repository/jakarta/activation/jakarta.activation-api/1.2.1/jakarta.activation-api-1.2.1.jar:/home/runner/.m2/repository/com/sun/jersey/jersey-servlet/1.19/jersey-servlet-1.19.jar:/home/runner/.m2/repository/com/sun/jersey/jersey-json/1.19/jersey-json-1.19.jar:/home/runner/.m2/repository/org/codehaus/jettison/jettison/1.1/jettison-1.1.jar:/home/runner/.m2/repository/com/sun/xml/bind/jaxb-impl/2.2.3-1/jaxb-impl-2.2.3-1.jar:/home/runner/.m2/repository/org/codehaus/jackson/jackson-jaxrs/1.9.2/jackson-jaxrs-1.9.2.jar:/home/runner/.m2/repository/org/codehaus/jackson/jackson-xc/1.9.2/jackson-xc-1.9.2.jar:/home/runner/.m2/repository/org/apache/commons/commons-configuration2/2.1.1/commons-configuration2-2.1.1.jar:/home/runner/.m2/repository/org/apache/commons/commons-text/1.4/commons-text-1.4.jar:/home/runner/.m2/repository/com/google/re2j/re2j/1.1/re2j-1.1.jar:/home/runner/.m2/repository/com/jcraft/jsch/0.1.54/jsch-0.1.54.jar:/home/runner/.m2/repository/org/apache/curator/curator-client/4.2.0/curator-client-4.2.0.jar:/home/runner/.m2/repository/org/apache/curator/curator-recipes/4.2.0/curator-recipes-4.2.0.jar:/home/runner/.m2/repository/org/apache/kerby/kerb-core/1.0.1/kerb-core-1.0.1.jar:/home/runner/.m2/repository/org/apache/kerby/kerby-pkix/1.0.1/kerby-pkix-1.0.1.jar:/home/runner/.m2/repository/org/apache/kerby/kerby-asn1/1.0.1/kerby-asn1-1.0.1.jar:/home/runner/.m2/repository/org/apache/kerby/kerby-util/1.0.1/kerby-util-1.0.1.jar:/home/runner/.m2/repository/dnsjava/dnsjava/2.1.7/dnsjava-2.1.7.jar:/home/runner/.m2/repository/org/xerial/snappy/snappy-java/1.1.8.2/snappy-java-1.1.8.2.jar:/home/runner/.m2/repository/org/slf4j/jul-to-slf4j/1.7.30/jul-to-slf4j-1.7.30.jar:/home/runner/.m2/repository/org/eclipse/jetty/jetty-util/9.4.43.v20210629/jetty-util-9.4.43.v20210629.jar:/home/runner/.m2/repository/com/fasterxml/jackson/core/jackson-databind/2.12.1/jackson-databind-2.12.1.jar:/home/runner/.m2/repository/org/apache/hadoop/hadoop-kms/3.3.1/hadoop-kms-3.3.1-tests.jar:/home/runner/.m2/repository/org/apache/ozone/hdds-server-scm/1.2.0-SNAPSHOT/hdds-server-scm-1.2.0-SNAPSHOT-tests.jar:/home/runner/.m2/repository/org/apache/ozone/hdds-container-service/1.2.0-SNAPSHOT/hdds-container-service-1.2.0-SNAPSHOT-tests.jar:/home/runner/.m2/repository/commons-codec/commons-codec/1.11/commons-codec-1.11.jar:/home/runner/.m2/repository/io/netty/netty-transport/4.1.63.Final/netty-transport-4.1.63.Final.jar:/home/runner/.m2/repository/io/netty/netty-resolver/4.1.63.Final/netty-resolver-4.1.63.Final.jar:/home/runner/.m2/repository/io/netty/netty-codec/4.1.63.Final/netty-codec-4.1.63.Final.jar:/home/runner/.m2/repository/io/netty/netty-handler/4.1.63.Final/netty-handler-4.1.63.Final.jar:/home/runner/.m2/repository/org/apache/ozone/hdds-hadoop-dependency-test/1.2.0-SNAPSHOT/hdds-hadoop-dependency-test-1.2.0-SNAPSHOT.jar:/home/runner/.m2/repository/org/apache/hadoop/hadoop-common/3.3.1/hadoop-common-3.3.1-tests.jar:/home/runner/.m2/repository/org/assertj/assertj-core/3.12.2/assertj-core-3.12.2.jar:/home/runner/.m2/repository/org/apache/hadoop/hadoop-hdfs/3.3.1/hadoop-hdfs-3.3.1-tests.jar:/home/runner/.m2/repository/org/eclipse/jetty/jetty-util-ajax/9.4.43.v20210629/jetty-util-ajax-9.4.43.v20210629.jar:/home/runner/.m2/repository/commons-daemon/commons-daemon/1.0.13/commons-daemon-1.0.13.jar:/home/runner/.m2/repository/io/netty/netty/3.10.6.Final/netty-3.10.6.Final.jar:/home/runner/.m2/repository/io/netty/netty-all/4.1.63.Final/netty-all-4.1.63.Final.jar:/home/runner/.m2/repository/org/apache/htrace/htrace-core4/4.1.0-incubating/htrace-core4-4.1.0-incubating.jar:/home/runner/.m2/repository/org/fusesource/leveldbjni/leveldbjni-all/1.8/leveldbjni-all-1.8.jar:/home/runner/.m2/repository/org/apache/hadoop/hadoop-distcp/3.3.1/hadoop-distcp-3.3.1.jar:/home/runner/.m2/repository/org/apache/hadoop/hadoop-mapreduce-client-jobclient/3.3.1/hadoop-mapreduce-client-jobclient-3.3.1.jar:/home/runner/.m2/repository/org/apache/hadoop/hadoop-mapreduce-client-common/3.3.1/hadoop-mapreduce-client-common-3.3.1.jar:/home/runner/.m2/repository/org/apache/hadoop/hadoop-yarn-common/3.3.1/hadoop-yarn-common-3.3.1.jar:/home/runner/.m2/repository/org/apache/hadoop/hadoop-yarn-api/3.3.1/hadoop-yarn-api-3.3.1.jar:/home/runner/.m2/repository/com/sun/jersey/jersey-client/1.19/jersey-client-1.19.jar:/home/runner/.m2/repository/com/sun/jersey/contribs/jersey-guice/1.19/jersey-guice-1.19.jar:/home/runner/.m2/repository/com/fasterxml/jackson/jaxrs/jackson-jaxrs-json-provider/2.12.1/jackson-jaxrs-json-provider-2.12.1.jar:/home/runner/.m2/repository/com/fasterxml/jackson/jaxrs/jackson-jaxrs-base/2.12.1/jackson-jaxrs-base-2.12.1.jar:/home/runner/.m2/repository/org/apache/hadoop/hadoop-yarn-client/3.3.1/hadoop-yarn-client-3.3.1.jar:/home/runner/.m2/repository/org/eclipse/jetty/websocket/websocket-client/9.4.40.v20210413/websocket-client-9.4.40.v20210413.jar:/home/runner/.m2/repository/org/eclipse/jetty/jetty-client/9.4.40.v20210413/jetty-client-9.4.40.v20210413.jar:/home/runner/.m2/repository/org/eclipse/jetty/websocket/websocket-common/9.4.40.v20210413/websocket-common-9.4.40.v20210413.jar:/home/runner/.m2/repository/org/eclipse/jetty/websocket/websocket-api/9.4.40.v20210413/websocket-api-9.4.40.v20210413.jar:/home/runner/.m2/repository/org/jline/jline/3.9.0/jline-3.9.0.jar:/home/runner/.m2/repository/org/apache/hadoop/hadoop-mapreduce-client-core/3.3.1/hadoop-mapreduce-client-core-3.3.1.jar:/home/runner/.m2/repository/org/apache/avro/avro/1.7.7/avro-1.7.7.jar:/home/runner/.m2/repository/org/codehaus/jackson/jackson-core-asl/1.9.13/jackson-core-asl-1.9.13.jar:/home/runner/.m2/repository/org/codehaus/jackson/jackson-mapper-asl/1.9.13/jackson-mapper-asl-1.9.13.jar:/home/runner/.m2/repository/com/thoughtworks/paranamer/paranamer/2.3/paranamer-2.3.jar:/home/runner/.m2/repository/org/apache/hadoop/hadoop-annotations/3.3.1/hadoop-annotations-3.3.1.jar:/usr/lib/jvm/adoptopenjdk-8-hotspot-amd64/jre/../lib/tools.jar:/home/runner/.m2/repository/org/apache/hadoop/hadoop-distcp/3.3.1/hadoop-distcp-3.3.1-tests.jar:/home/runner/.m2/repository/org/apache/ratis/ratis-common/2.1.0-03f3b68-SNAPSHOT/ratis-common-2.1.0-03f3b68-SNAPSHOT.jar:/home/runner/.m2/repository/org/apache/ratis/ratis-thirdparty-misc/0.7.0/ratis-thirdparty-misc-0.7.0.jar:/home/runner/.m2/repository/org/apache/ratis/ratis-proto/2.1.0-03f3b68-SNAPSHOT/ratis-proto-2.1.0-03f3b68-SNAPSHOT.jar:"/>
    <property name="sun.cpu.endian" value="little"/>
    <property name="user.home" value="/home/runner"/>
    <property name="user.language" value="en"/>
    <property name="java.specification.vendor" value="Oracle Corporation"/>
    <property name="java.home" value="/usr/lib/jvm/adoptopenjdk-8-hotspot-amd64/jre"/>
    <property name="java.security.krb5.conf" value="/home/runner/work/ozone/ozone/hadoop-ozone/integration-test/target/test-classes/krb5.conf"/>
    <property name="basedir" value="/home/runner/work/ozone/ozone/hadoop-ozone/integration-test"/>
    <property name="file.separator" value="/"/>
    <property name="line.separator" value="&#10;"/>
    <property name="java.vm.specification.vendor" value="Oracle Corporation"/>
    <property name="java.specification.name" value="Java Platform API Specification"/>
    <property name="java.awt.graphicsenv" value="sun.awt.X11GraphicsEnvironment"/>
    <property name="skip.installnpx" value="true"/>
    <property name="surefire.real.class.path" value="/home/runner/work/ozone/ozone/hadoop-ozone/integration-test/target/surefire/surefirebooter734966686093787781.jar:/home/runner/.m2/repository/org/jacoco/org.jacoco.agent/0.8.5/org.jacoco.agent-0.8.5-runtime.jar"/>
    <property name="hadoop.log.dir" value="/home/runner/work/ozone/ozone/hadoop-ozone/integration-test/target/log"/>
    <property name="sun.boot.class.path" value="/usr/lib/jvm/adoptopenjdk-8-hotspot-amd64/jre/lib/resources.jar:/usr/lib/jvm/adoptopenjdk-8-hotspot-amd64/jre/lib/rt.jar:/usr/lib/jvm/adoptopenjdk-8-hotspot-amd64/jre/lib/sunrsasign.jar:/usr/lib/jvm/adoptopenjdk-8-hotspot-amd64/jre/lib/jsse.jar:/usr/lib/jvm/adoptopenjdk-8-hotspot-amd64/jre/lib/jce.jar:/usr/lib/jvm/adoptopenjdk-8-hotspot-amd64/jre/lib/charsets.jar:/usr/lib/jvm/adoptopenjdk-8-hotspot-amd64/jre/lib/jfr.jar:/usr/lib/jvm/adoptopenjdk-8-hotspot-amd64/jre/classes"/>
    <property name="sun.management.compiler" value="HotSpot 64-Bit Tiered Compilers"/>
    <property name="skip.npx" value="true"/>
    <property name="java.runtime.version" value="1.8.0_292-b10"/>
    <property name="java.net.preferIPv4Stack" value="true"/>
    <property name="user.name" value="runner"/>
    <property name="path.separator" value=":"/>
    <property name="java.security.egd" value="file:///dev/urandom"/>
    <property name="os.version" value="5.4.0-1058-azure"/>
    <property name="java.endorsed.dirs" value="/usr/lib/jvm/adoptopenjdk-8-hotspot-amd64/jre/lib/endorsed"/>
    <property name="java.runtime.name" value="OpenJDK Runtime Environment"/>
    <property name="file.encoding" value="UTF-8"/>
    <property name="java.vm.name" value="OpenJDK 64-Bit Server VM"/>
    <property name="test.build.webapps" value=""/>
    <property name="localRepository" value="/home/runner/.m2/repository"/>
    <property name="java.vendor.url.bug" value="https://github.com/AdoptOpenJDK/openjdk-support/issues"/>
    <property name="java.io.tmpdir" value="/tmp"/>
    <property name="require.test.libhadoop" value=""/>
    <property name="java.version" value="1.8.0_292"/>
    <property name="user.dir" value="/home/runner/work/ozone/ozone/hadoop-ozone/integration-test"/>
    <property name="os.arch" value="amd64"/>
    <property name="java.vm.specification.name" value="Java Virtual Machine Specification"/>
    <property name="test.build.classes" value="/home/runner/work/ozone/ozone/hadoop-ozone/integration-test/target/test-classes"/>
    <property name="java.awt.printerjob" value="sun.print.PSPrinterJob"/>
    <property name="sun.os.patch.level" value="unknown"/>
    <property name="hadoop.tmp.dir" value="/home/runner/work/ozone/ozone/hadoop-ozone/integration-test/target/tmp"/>
    <property name="java.library.path" value="/usr/java/packages/lib/amd64:/usr/lib64:/lib64:/lib:/usr/lib"/>
    <property name="java.vm.info" value="mixed mode"/>
    <property name="java.vendor" value="AdoptOpenJDK"/>
    <property name="java.vm.version" value="25.292-b10"/>
    <property name="java.ext.dirs" value="/usr/lib/jvm/adoptopenjdk-8-hotspot-amd64/jre/lib/ext:/usr/java/packages/lib/ext"/>
    <property name="sun.io.unicode.encoding" value="UnicodeLittle"/>
    <property name="java.class.version" value="52.0"/>
  </properties>
  <testcase name="testWatchForCommitWithKeyWrite" classname="org.apache.hadoop.ozone.client.rpc.TestWatchForCommit" time="91.55"/>
  <testcase name="testWatchForCommitForRetryfailure" classname="org.apache.hadoop.ozone.client.rpc.TestWatchForCommit" time="76.997">
    <error message="org.apache.ratis.protocol.exceptions.AlreadyClosedException: SlidingWindow$Client:client-B8A1BA47DEDE-&gt;RAFT is closed." type="java.util.concurrent.ExecutionException">java.util.concurrent.ExecutionException: org.apache.ratis.protocol.exceptions.AlreadyClosedException: SlidingWindow$Client:client-B8A1BA47DEDE->RAFT is closed.
	at java.util.concurrent.CompletableFuture.reportGet(CompletableFuture.java:357)
	at java.util.concurrent.CompletableFuture.get(CompletableFuture.java:1908)
	at org.apache.hadoop.ozone.client.rpc.TestWatchForCommit.testWatchForCommitForRetryfailure(TestWatchForCommit.java:266)
	at sun.reflect.NativeMethodAccessorImpl.invoke0(Native Method)
	at sun.reflect.NativeMethodAccessorImpl.invoke(NativeMethodAccessorImpl.java:62)
	at sun.reflect.DelegatingMethodAccessorImpl.invoke(DelegatingMethodAccessorImpl.java:43)
	at java.lang.reflect.Method.invoke(Method.java:498)
	at org.junit.runners.model.FrameworkMethod$1.runReflectiveCall(FrameworkMethod.java:59)
	at org.junit.internal.runners.model.ReflectiveCallable.run(ReflectiveCallable.java:12)
	at org.junit.runners.model.FrameworkMethod.invokeExplosively(FrameworkMethod.java:56)
	at org.junit.internal.runners.statements.InvokeMethod.evaluate(InvokeMethod.java:17)
	at org.junit.internal.runners.statements.RunBefores.evaluate(RunBefores.java:26)
	at org.junit.internal.runners.statements.RunAfters.evaluate(RunAfters.java:27)
	at org.junit.runners.ParentRunner$3.evaluate(ParentRunner.java:306)
	at org.junit.runners.BlockJUnit4ClassRunner$1.evaluate(BlockJUnit4ClassRunner.java:100)
	at org.junit.runners.ParentRunner.runLeaf(ParentRunner.java:366)
	at org.junit.runners.BlockJUnit4ClassRunner.runChild(BlockJUnit4ClassRunner.java:103)
	at org.junit.runners.BlockJUnit4ClassRunner.runChild(BlockJUnit4ClassRunner.java:63)
	at org.junit.runners.ParentRunner$4.run(ParentRunner.java:331)
	at org.junit.runners.ParentRunner$1.schedule(ParentRunner.java:79)
	at org.junit.runners.ParentRunner.runChildren(ParentRunner.java:329)
	at org.junit.runners.ParentRunner.access$100(ParentRunner.java:66)
	at org.junit.runners.ParentRunner$2.evaluate(ParentRunner.java:293)
	at org.junit.runners.ParentRunner$3.evaluate(ParentRunner.java:306)
	at org.junit.runners.ParentRunner.run(ParentRunner.java:413)
	at org.junit.runner.JUnitCore.run(JUnitCore.java:137)
	at org.junit.runner.JUnitCore.run(JUnitCore.java:115)
	at org.junit.vintage.engine.execution.RunnerExecutor.execute(RunnerExecutor.java:43)
	at java.util.stream.ForEachOps$ForEachOp$OfRef.accept(ForEachOps.java:183)
	at java.util.stream.ReferencePipeline$3$1.accept(ReferencePipeline.java:193)
	at java.util.Iterator.forEachRemaining(Iterator.java:116)
	at java.util.Spliterators$IteratorSpliterator.forEachRemaining(Spliterators.java:1801)
	at java.util.stream.AbstractPipeline.copyInto(AbstractPipeline.java:482)
	at java.util.stream.AbstractPipeline.wrapAndCopyInto(AbstractPipeline.java:472)
	at java.util.stream.ForEachOps$ForEachOp.evaluateSequential(ForEachOps.java:150)
	at java.util.stream.ForEachOps$ForEachOp$OfRef.evaluateSequential(ForEachOps.java:173)
	at java.util.stream.AbstractPipeline.evaluate(AbstractPipeline.java:234)
	at java.util.stream.ReferencePipeline.forEach(ReferencePipeline.java:485)
	at org.junit.vintage.engine.VintageTestEngine.executeAllChildren(VintageTestEngine.java:82)
	at org.junit.vintage.engine.VintageTestEngine.execute(VintageTestEngine.java:73)
	at org.junit.platform.launcher.core.EngineExecutionOrchestrator.execute(EngineExecutionOrchestrator.java:108)
	at org.junit.platform.launcher.core.EngineExecutionOrchestrator.execute(EngineExecutionOrchestrator.java:88)
	at org.junit.platform.launcher.core.EngineExecutionOrchestrator.lambda$execute$0(EngineExecutionOrchestrator.java:54)
	at org.junit.platform.launcher.core.EngineExecutionOrchestrator.withInterceptedStreams(EngineExecutionOrchestrator.java:67)
	at org.junit.platform.launcher.core.EngineExecutionOrchestrator.execute(EngineExecutionOrchestrator.java:52)
	at org.junit.platform.launcher.core.DefaultLauncher.execute(DefaultLauncher.java:96)
	at org.junit.platform.launcher.core.DefaultLauncher.execute(DefaultLauncher.java:75)
	at org.apache.maven.surefire.junitplatform.JUnitPlatformProvider.invokeAllTests(JUnitPlatformProvider.java:142)
	at org.apache.maven.surefire.junitplatform.JUnitPlatformProvider.invoke(JUnitPlatformProvider.java:113)
	at org.apache.maven.surefire.booter.ForkedBooter.invokeProviderInSameClassLoader(ForkedBooter.java:384)
	at org.apache.maven.surefire.booter.ForkedBooter.runSuitesInProcess(ForkedBooter.java:345)
	at org.apache.maven.surefire.booter.ForkedBooter.execute(ForkedBooter.java:126)
	at org.apache.maven.surefire.booter.ForkedBooter.main(ForkedBooter.java:418)
Caused by: org.apache.ratis.protocol.exceptions.AlreadyClosedException: SlidingWindow$Client:client-B8A1BA47DEDE->RAFT is closed.
	at org.apache.ratis.util.SlidingWindow$Client.alreadyClosed(SlidingWindow.java:378)
	at org.apache.ratis.util.SlidingWindow$Client.fail(SlidingWindow.java:366)
	at org.apache.ratis.client.impl.OrderedAsync.failAllAsyncRequests(OrderedAsync.java:148)
	at org.apache.ratis.client.impl.OrderedAsync.handleAsyncRetryFailure(OrderedAsync.java:152)
	at org.apache.ratis.client.impl.OrderedAsync.lambda$sendRequest$10(OrderedAsync.java:252)
	at java.util.concurrent.CompletableFuture.uniExceptionally(CompletableFuture.java:884)
	at java.util.concurrent.CompletableFuture$UniExceptionally.tryFire(CompletableFuture.java:866)
	at java.util.concurrent.CompletableFuture.postComplete(CompletableFuture.java:488)
	at java.util.concurrent.CompletableFuture.completeExceptionally(CompletableFuture.java:1990)
	at org.apache.ratis.grpc.client.GrpcClientProtocolClient$AsyncStreamObservers.completeReplyExceptionally(GrpcClientProtocolClient.java:389)
	at org.apache.ratis.grpc.client.GrpcClientProtocolClient$AsyncStreamObservers.access$000(GrpcClientProtocolClient.java:295)
	at org.apache.ratis.grpc.client.GrpcClientProtocolClient$AsyncStreamObservers$1.onNext(GrpcClientProtocolClient.java:309)
	at org.apache.ratis.grpc.client.GrpcClientProtocolClient$AsyncStreamObservers$1.onNext(GrpcClientProtocolClient.java:300)
	at org.apache.ratis.thirdparty.io.grpc.stub.ClientCalls$StreamObserverToCallListenerAdapter.onMessage(ClientCalls.java:465)
	at org.apache.ratis.thirdparty.io.grpc.ForwardingClientCallListener.onMessage(ForwardingClientCallListener.java:33)
	at org.apache.ratis.thirdparty.io.grpc.internal.DelayedClientCall$DelayedListener.onMessage(DelayedClientCall.java:447)
	at org.apache.ratis.thirdparty.io.grpc.internal.ClientCallImpl$ClientStreamListenerImpl$1MessagesAvailable.runInternal(ClientCallImpl.java:715)
	at org.apache.ratis.thirdparty.io.grpc.internal.ClientCallImpl$ClientStreamListenerImpl$1MessagesAvailable.runInContext(ClientCallImpl.java:700)
	at org.apache.ratis.thirdparty.io.grpc.internal.ContextRunnable.run(ContextRunnable.java:37)
	at org.apache.ratis.thirdparty.io.grpc.internal.SerializingExecutor.run(SerializingExecutor.java:123)
	at java.util.concurrent.ThreadPoolExecutor.runWorker(ThreadPoolExecutor.java:1149)
	at java.util.concurrent.ThreadPoolExecutor$Worker.run(ThreadPoolExecutor.java:624)
	at java.lang.Thread.run(Thread.java:748)
Caused by: org.apache.ratis.protocol.exceptions.RaftRetryFailureException: Failed RaftClientRequest:client-B8A1BA47DEDE->7102e10f-7baf-40d1-a733-c49484cac6b4@group-C274E472E363, cid=41, seq=1*, Watch(0), null for 3 attempts with RequestTypeDependentRetryPolicy{WRITE->org.apache.ratis.retry.ExceptionDependentRetry@64de037c, WATCH->org.apache.ratis.retry.ExceptionDependentRetry@5b113257}
	at org.apache.ratis.client.impl.RaftClientImpl.noMoreRetries(RaftClientImpl.java:254)
	... 20 more
Caused by: org.apache.ratis.protocol.exceptions.NotLeaderException: Server 7102e10f-7baf-40d1-a733-c49484cac6b4@group-C274E472E363 is not the leader
	at org.apache.ratis.client.impl.ClientProtoUtils.toRaftClientReply(ClientProtoUtils.java:368)
	at org.apache.ratis.grpc.client.GrpcClientProtocolClient$AsyncStreamObservers$1.onNext(GrpcClientProtocolClient.java:305)
	... 11 more
</error>
    <system-out><![CDATA[2021-09-21 01:22:21,172 [Listener at 127.0.0.1/43073] WARN  server.ServerUtils (ServerUtils.java:getScmDbDir(148)) - ozone.scm.db.dirs is not configured. We recommend adding this setting. Falling back to ozone.metadata.dirs instead.
2021-09-21 01:22:21,187 [Listener at 127.0.0.1/43073] INFO  ha.SCMHANodeDetails (SCMHANodeDetails.java:loadSCMHAConfig(157)) - ServiceID for StorageContainerManager is null
2021-09-21 01:22:21,188 [Listener at 127.0.0.1/43073] INFO  ha.SCMHANodeDetails (SCMHANodeDetails.java:loadSCMHAConfig(162)) - ozone.scm.default.service.id is not defined, falling back to ozone.scm.service.ids to find serviceID for StorageContainerManager if it is HA enabled cluster
2021-09-21 01:22:21,188 [Listener at 127.0.0.1/43073] WARN  server.ServerUtils (ServerUtils.java:getScmDbDir(148)) - ozone.scm.db.dirs is not configured. We recommend adding this setting. Falling back to ozone.metadata.dirs instead.
2021-09-21 01:22:21,189 [Listener at 127.0.0.1/43073] INFO  upgrade.AbstractLayoutVersionManager (AbstractLayoutVersionManager.java:init(79)) - Initializing Layout version manager with metadata layout = SCM_HA (version = 2), software layout = SCM_HA (version = 2)
2021-09-21 01:22:21,354 [Listener at 127.0.0.1/43073] INFO  reflections.Reflections (Reflections.java:scan(232)) - Reflections took 164 ms to scan 7 urls, producing 119 keys and 275 values 
2021-09-21 01:22:21,363 [Listener at 127.0.0.1/43073] WARN  utils.HAUtils (HAUtils.java:getMetaDir(342)) - ozone.scm.db.dirs is not configured. We recommend adding this setting. Falling back to ozone.metadata.dirs instead.
2021-09-21 01:22:21,380 [Listener at 127.0.0.1/43073] WARN  db.DBStoreBuilder (DBStoreBuilder.java:applyDBDefinition(145)) - ozone.scm.db.dirs is not configured. We recommend adding this setting. Falling back to ozone.metadata.dirs instead.
2021-09-21 01:22:21,565 [Listener at 127.0.0.1/43073] INFO  net.NodeSchemaLoader (NodeSchemaLoader.java:loadSchemaFromFile(129)) - Loading schema from [jar:file:/home/runner/.m2/repository/org/apache/ozone/hdds-common/1.2.0-SNAPSHOT/hdds-common-1.2.0-SNAPSHOT.jar!/network-topology-default.xml]
2021-09-21 01:22:21,565 [Listener at 127.0.0.1/43073] INFO  net.NodeSchemaLoader (NodeSchemaLoader.java:loadSchema(176)) - Loading network topology layer schema file
2021-09-21 01:22:21,582 [Listener at 127.0.0.1/43073] WARN  impl.MetricRegistriesImpl (MetricRegistriesImpl.java:addReporterRegistration(111)) - New reporters are added after registries were created. Some metrics will be missing from the reporter. Please add reporter before adding any new registry.
2021-09-21 01:22:21,583 [Listener at 127.0.0.1/43073] WARN  impl.MetricRegistriesImpl (MetricRegistriesImpl.java:addReporterRegistration(111)) - New reporters are added after registries were created. Some metrics will be missing from the reporter. Please add reporter before adding any new registry.
2021-09-21 01:22:21,583 [Listener at 127.0.0.1/43073] INFO  ha.SequenceIdGenerator (SequenceIdGenerator.java:upgradeToSequenceId(327)) - upgrade localId to 107544261427200000
2021-09-21 01:22:21,584 [Listener at 127.0.0.1/43073] INFO  ha.SequenceIdGenerator (SequenceIdGenerator.java:upgradeToSequenceId(337)) - upgrade delTxnId to 0
2021-09-21 01:22:21,584 [Listener at 127.0.0.1/43073] INFO  ha.SequenceIdGenerator (SequenceIdGenerator.java:upgradeToSequenceId(351)) - upgrade containerId to 0
2021-09-21 01:22:21,585 [Listener at 127.0.0.1/43073] INFO  ha.SequenceIdGenerator (SequenceIdGenerator.java:<init>(217)) - Init the HA SequenceIdGenerator.
2021-09-21 01:22:21,601 [Listener at 127.0.0.1/43073] INFO  node.SCMNodeManager (SCMNodeManager.java:<init>(144)) - Entering startup safe mode.
2021-09-21 01:22:21,601 [Listener at 127.0.0.1/43073] INFO  algorithms.ContainerPlacementPolicyFactory (ContainerPlacementPolicyFactory.java:getPolicy(60)) - Create container placement policy of type org.apache.hadoop.hdds.scm.container.placement.algorithms.SCMContainerPlacementRandom
2021-09-21 01:22:21,602 [Listener at 127.0.0.1/43073] INFO  pipeline.PipelineStateManager (PipelineStateManagerV2Impl.java:initialize(78)) - No pipeline exists in current db
2021-09-21 01:22:21,602 [Listener at 127.0.0.1/43073] INFO  algorithms.LeaderChoosePolicyFactory (LeaderChoosePolicyFactory.java:getPolicy(57)) - Create leader choose policy of type org.apache.hadoop.hdds.scm.pipeline.leader.choose.algorithms.MinLeaderCountChoosePolicy
2021-09-21 01:22:21,602 [Listener at 127.0.0.1/43073] INFO  ha.SCMServiceManager (SCMServiceManager.java:register(43)) - Registering service BackgroundPipelineCreator.
2021-09-21 01:22:21,602 [Listener at 127.0.0.1/43073] INFO  pipeline.BackgroundPipelineCreator (BackgroundPipelineCreatorV2.java:start(130)) - Starting RatisPipelineUtilsThread.
2021-09-21 01:22:21,608 [Listener at 127.0.0.1/43073] INFO  algorithms.PipelineChoosePolicyFactory (PipelineChoosePolicyFactory.java:createPipelineChoosePolicyFromClass(73)) - Create pipeline choose policy of type org.apache.hadoop.hdds.scm.pipeline.choose.algorithms.RandomPipelineChoosePolicy
2021-09-21 01:22:21,609 [Listener at 127.0.0.1/43073] INFO  ha.SCMServiceManager (SCMServiceManager.java:register(43)) - Registering service SCMBlockDeletingService.
2021-09-21 01:22:21,609 [Listener at 127.0.0.1/43073] INFO  ha.SCMServiceManager (SCMServiceManager.java:register(43)) - Registering service ReplicationManager.
2021-09-21 01:22:21,609 [Listener at 127.0.0.1/43073] INFO  container.ReplicationManager (ReplicationManager.java:start(319)) - Starting Replication Monitor Thread.
2021-09-21 01:22:21,610 [Listener at 127.0.0.1/43073] INFO  safemode.ContainerSafeModeRule (ContainerSafeModeRule.java:<init>(89)) - containers with one replica threshold count 0
2021-09-21 01:22:21,610 [Listener at 127.0.0.1/43073] INFO  safemode.HealthyPipelineSafeModeRule (HealthyPipelineSafeModeRule.java:initializeRule(156)) - Total pipeline count is 0, healthy pipeline threshold count is 1
2021-09-21 01:22:21,611 [Listener at 127.0.0.1/43073] INFO  safemode.OneReplicaPipelineSafeModeRule (OneReplicaPipelineSafeModeRule.java:initializeRule(180)) - Total pipeline count is 0, pipeline's with at least one datanode reported threshold count is 0
2021-09-21 01:22:21,618 [Listener at 127.0.0.1/43073] INFO  ipc.CallQueueManager (CallQueueManager.java:<init>(90)) - Using callQueue: class java.util.concurrent.LinkedBlockingQueue, queueCapacity: 2000, scheduler: class org.apache.hadoop.ipc.DefaultRpcScheduler, ipcBackoff: false.
2021-09-21 01:22:21,628 [Socket Reader #1 for port 0] INFO  ipc.Server (Server.java:run(1265)) - Starting Socket Reader #1 for port 0
2021-09-21 01:22:21,639 [Listener at 0.0.0.0/45895] INFO  ipc.CallQueueManager (CallQueueManager.java:<init>(90)) - Using callQueue: class java.util.concurrent.LinkedBlockingQueue, queueCapacity: 2000, scheduler: class org.apache.hadoop.ipc.DefaultRpcScheduler, ipcBackoff: false.
2021-09-21 01:22:21,656 [ReplicationMonitor] INFO  container.ReplicationManager (ReplicationManager.java:processAll(371)) - Replication Monitor Thread took 0 milliseconds for processing 0 containers.
2021-09-21 01:22:21,668 [Socket Reader #1 for port 0] INFO  ipc.Server (Server.java:run(1265)) - Starting Socket Reader #1 for port 0
2021-09-21 01:22:21,683 [Listener at 0.0.0.0/39475] INFO  ipc.CallQueueManager (CallQueueManager.java:<init>(90)) - Using callQueue: class java.util.concurrent.LinkedBlockingQueue, queueCapacity: 2000, scheduler: class org.apache.hadoop.ipc.DefaultRpcScheduler, ipcBackoff: false.
2021-09-21 01:22:21,683 [Socket Reader #1 for port 0] INFO  ipc.Server (Server.java:run(1265)) - Starting Socket Reader #1 for port 0
2021-09-21 01:22:21,740 [Listener at 0.0.0.0/33571] INFO  algorithms.ContainerPlacementPolicyFactory (ContainerPlacementPolicyFactory.java:getPolicy(60)) - Create container placement policy of type org.apache.hadoop.hdds.scm.container.placement.algorithms.SCMContainerPlacementRandom
2021-09-21 01:22:21,741 [Listener at 0.0.0.0/33571] INFO  server.StorageContainerManager (StorageContainerManager.java:<init>(387)) - 
Container Balancer status:
Key                            Value
Running                        false
Container Balancer Configuration values:
Key                                                Value
Threshold                                          0.1
Max Datanodes to Involve per Iteration(ratio)      0.5
Max Size to Move per Iteration                     10737418240B

2021-09-21 01:22:21,741 [Listener at 0.0.0.0/33571] WARN  events.EventQueue (EventQueue.java:fireEvent(194)) - No event handler registered for event TypedEvent{payloadType=SafeModeStatus, name='Safe mode status'}
2021-09-21 01:22:21,741 [Listener at 0.0.0.0/33571] INFO  ha.SCMContext (SCMContext.java:updateSafeModeStatus(205)) - Update SafeModeStatus from SafeModeStatus{safeModeStatus=true, preCheckPassed=false} to SafeModeStatus{safeModeStatus=true, preCheckPassed=false}.
2021-09-21 01:22:21,742 [Listener at 0.0.0.0/33571] INFO  server.StorageContainerManager (StorageContainerManager.java:start(1279)) - StorageContainerLocationProtocol RPC server is listening at /0.0.0.0:33571
2021-09-21 01:22:21,756 [Listener at 0.0.0.0/33571] WARN  impl.MetricsConfig (MetricsConfig.java:loadFirst(136)) - Cannot locate configuration: tried hadoop-metrics2-storagecontainermanager.properties,hadoop-metrics2.properties
2021-09-21 01:22:21,774 [Listener at 0.0.0.0/33571] INFO  impl.MetricsSystemImpl (MetricsSystemImpl.java:startTimer(378)) - Scheduled Metric snapshot period at 10 second(s).
2021-09-21 01:22:21,775 [Listener at 0.0.0.0/33571] INFO  impl.MetricsSystemImpl (MetricsSystemImpl.java:start(191)) - StorageContainerManager metrics system started
2021-09-21 01:22:21,790 [Listener at 0.0.0.0/33571] INFO  impl.MetricsSinkAdapter (MetricsSinkAdapter.java:start(204)) - Sink prometheus started
2021-09-21 01:22:21,792 [Listener at 0.0.0.0/33571] INFO  impl.MetricsSystemImpl (MetricsSystemImpl.java:registerSink(305)) - Registered sink prometheus
2021-09-21 01:22:21,817 [Listener at 0.0.0.0/33571] INFO  server.SCMClientProtocolServer (SCMClientProtocolServer.java:start(164)) - RPC server for Client  is listening at /0.0.0.0:33571
2021-09-21 01:22:21,817 [IPC Server Responder] INFO  ipc.Server (Server.java:run(1507)) - IPC Server Responder: starting
2021-09-21 01:22:21,817 [IPC Server listener on 0] INFO  ipc.Server (Server.java:run(1344)) - IPC Server listener on 0: starting
2021-09-21 01:22:21,858 [Listener at 0.0.0.0/33571] INFO  server.StorageContainerManager (StorageContainerManager.java:start(1294)) - ScmBlockLocationProtocol RPC server is listening at /0.0.0.0:39475
2021-09-21 01:22:21,859 [Listener at 0.0.0.0/33571] INFO  server.SCMBlockProtocolServer (SCMBlockProtocolServer.java:start(151)) - RPC server for Block Protocol is listening at /0.0.0.0:39475
2021-09-21 01:22:21,861 [IPC Server Responder] INFO  ipc.Server (Server.java:run(1507)) - IPC Server Responder: starting
2021-09-21 01:22:21,861 [IPC Server listener on 0] INFO  ipc.Server (Server.java:run(1344)) - IPC Server listener on 0: starting
2021-09-21 01:22:21,866 [Listener at 0.0.0.0/33571] INFO  server.StorageContainerManager (StorageContainerManager.java:start(1300)) - ScmDatanodeProtocl RPC server is listening at /0.0.0.0:45895
2021-09-21 01:22:21,867 [Listener at 0.0.0.0/33571] INFO  server.SCMDatanodeProtocolServer (SCMDatanodeProtocolServer.java:start(181)) - RPC server for DataNodes is listening at /0.0.0.0:45895
2021-09-21 01:22:21,889 [IPC Server Responder] INFO  ipc.Server (Server.java:run(1507)) - IPC Server Responder: starting
2021-09-21 01:22:21,891 [IPC Server listener on 0] INFO  ipc.Server (Server.java:run(1344)) - IPC Server listener on 0: starting
2021-09-21 01:22:21,933 [org.apache.hadoop.util.JvmPauseMonitor$Monitor@673dbe6a] INFO  util.JvmPauseMonitor (JvmPauseMonitor.java:run(188)) - Starting JVM pause monitor
2021-09-21 01:22:21,935 [Listener at 0.0.0.0/33571] INFO  http.BaseHttpServer (BaseHttpServer.java:newHttpServer2BuilderForOzone(209)) - Starting Web-server for scm at: http://0.0.0.0:0
2021-09-21 01:22:21,936 [Listener at 0.0.0.0/33571] INFO  http.BaseHttpServer (BaseHttpServer.java:<init>(107)) - Hadoop Security Enabled: false Ozone Security Enabled: false Ozone HTTP Security Enabled: false 
2021-09-21 01:22:21,937 [Listener at 0.0.0.0/33571] INFO  server.AuthenticationFilter (AuthenticationFilter.java:constructSecretProvider(240)) - Unable to initialize FileSignerSecretProvider, falling back to use random secrets.
2021-09-21 01:22:21,952 [Listener at 0.0.0.0/33571] WARN  http.HttpRequestLog (HttpRequestLog.java:getRequestLog(103)) - Jetty request log can only be enabled using Log4j
2021-09-21 01:22:21,957 [Listener at 0.0.0.0/33571] INFO  http.HttpServer2 (HttpServer2.java:addGlobalFilter(1030)) - Added global filter 'safety' (class=org.apache.hadoop.hdds.server.http.HttpServer2$QuotingInputFilter)
2021-09-21 01:22:21,961 [Listener at 0.0.0.0/33571] INFO  http.HttpServer2 (HttpServer2.java:addFilter(1006)) - Added filter static_user_filter (class=org.apache.hadoop.http.lib.StaticUserWebFilter$StaticUserFilter) to context scm
2021-09-21 01:22:21,962 [Listener at 0.0.0.0/33571] INFO  http.HttpServer2 (HttpServer2.java:addFilter(1014)) - Added filter static_user_filter (class=org.apache.hadoop.http.lib.StaticUserWebFilter$StaticUserFilter) to context static
2021-09-21 01:22:21,962 [Listener at 0.0.0.0/33571] INFO  http.HttpServer2 (HttpServer2.java:addFilter(1014)) - Added filter static_user_filter (class=org.apache.hadoop.http.lib.StaticUserWebFilter$StaticUserFilter) to context logs
2021-09-21 01:22:21,962 [Listener at 0.0.0.0/33571] INFO  http.HttpServer2 (HttpServer2.java:bindListener(1249)) - Jetty bound to port 38697
2021-09-21 01:22:21,963 [Listener at 0.0.0.0/33571] INFO  server.Server (Server.java:doStart(375)) - jetty-9.4.43.v20210629; built: 2021-06-30T11:07:22.254Z; git: 526006ecfa3af7f1a27ef3a288e2bef7ea9dd7e8; jvm 1.8.0_292-b10
2021-09-21 01:22:21,979 [Listener at 0.0.0.0/33571] INFO  server.session (DefaultSessionIdManager.java:doStart(334)) - DefaultSessionIdManager workerName=node0
2021-09-21 01:22:21,979 [Listener at 0.0.0.0/33571] INFO  server.session (DefaultSessionIdManager.java:doStart(339)) - No SessionScavenger set, using defaults
2021-09-21 01:22:21,980 [Listener at 0.0.0.0/33571] INFO  server.session (HouseKeeper.java:startScavenging(132)) - node0 Scavenging every 600000ms
2021-09-21 01:22:21,989 [Listener at 0.0.0.0/33571] INFO  handler.ContextHandler (ContextHandler.java:doStart(915)) - Started o.e.j.s.ServletContextHandler@1d4d81f1{logs,/logs,file:///home/runner/work/ozone/ozone/hadoop-ozone/integration-test/target/log,AVAILABLE}
2021-09-21 01:22:21,989 [Listener at 0.0.0.0/33571] INFO  handler.ContextHandler (ContextHandler.java:doStart(915)) - Started o.e.j.s.ServletContextHandler@7f390098{static,/static,file:///home/runner/work/ozone/ozone/hadoop-ozone/integration-test/target/test-classes/webapps/static,AVAILABLE}
2021-09-21 01:22:21,993 [Listener at 0.0.0.0/33571] INFO  handler.ContextHandler (ContextHandler.java:doStart(915)) - Started o.e.j.w.WebAppContext@60eeb140{scm,/,file:///home/runner/work/ozone/ozone/hadoop-ozone/integration-test/target/test-classes/webapps/scm/,AVAILABLE}{file:/home/runner/work/ozone/ozone/hadoop-ozone/integration-test/target/test-classes/webapps/scm}
2021-09-21 01:22:22,006 [Listener at 0.0.0.0/33571] INFO  server.AbstractConnector (AbstractConnector.java:doStart(331)) - Started ServerConnector@43925564{HTTP/1.1, (http/1.1)}{0.0.0.0:38697}
2021-09-21 01:22:22,006 [Listener at 0.0.0.0/33571] INFO  server.Server (Server.java:doStart(415)) - Started @93589ms
2021-09-21 01:22:22,006 [Listener at 0.0.0.0/33571] WARN  impl.MetricsSystemImpl (MetricsSystemImpl.java:register(279)) - Sink prometheus already exists!
2021-09-21 01:22:22,007 [Listener at 0.0.0.0/33571] INFO  http.BaseHttpServer (BaseHttpServer.java:updateConnectorAddress(329)) - HTTP server of scm listening at http://0.0.0.0:38697
2021-09-21 01:22:22,007 [Listener at 0.0.0.0/33571] WARN  server.ServerUtils (ServerUtils.java:getDBPath(225)) - ozone.om.db.dirs is not configured. We recommend adding this setting. Falling back to ozone.metadata.dirs instead.
2021-09-21 01:22:22,024 [Listener at 0.0.0.0/33571] INFO  ha.OMHANodeDetails (OMHANodeDetails.java:loadOMHAConfig(112)) - ozone.om.internal.service.id is not defined, falling back to ozone.om.service.ids to find serviceID for OzoneManager if it is HA enabled cluster
2021-09-21 01:22:22,024 [Listener at 0.0.0.0/33571] INFO  ha.OMHANodeDetails (OMHANodeDetails.java:loadOMHAConfig(219)) - Configuration does not have ozone.om.address set. Falling back to the default OM address /127.0.0.1:0
2021-09-21 01:22:22,024 [Listener at 0.0.0.0/33571] INFO  ha.OMHANodeDetails (OMHANodeDetails.java:getOMNodeDetails(247)) - OM Service ID is not set. Setting it to the default ID: omServiceIdDefault
2021-09-21 01:22:22,024 [Listener at 0.0.0.0/33571] INFO  ha.OMHANodeDetails (OMHANodeDetails.java:getOMNodeDetails(254)) - OM Node ID is not set. Setting it to the default ID: om1
2021-09-21 01:22:22,025 [Listener at 0.0.0.0/33571] WARN  server.ServerUtils (ServerUtils.java:getDBPath(225)) - ozone.om.db.dirs is not configured. We recommend adding this setting. Falling back to ozone.metadata.dirs instead.
2021-09-21 01:22:22,025 [Listener at 0.0.0.0/33571] INFO  upgrade.AbstractLayoutVersionManager (AbstractLayoutVersionManager.java:init(79)) - Initializing Layout version manager with metadata layout = INITIAL_VERSION (version = 0), software layout = INITIAL_VERSION (version = 0)
2021-09-21 01:22:22,180 [Listener at 0.0.0.0/33571] INFO  reflections.Reflections (Reflections.java:scan(232)) - Reflections took 154 ms to scan 2 urls, producing 131 keys and 342 values [using 2 cores]
2021-09-21 01:22:22,180 [Listener at 0.0.0.0/33571] INFO  upgrade.OMLayoutVersionManager (OMLayoutVersionManager.java:lambda$0(115)) - Skipping Upgrade Action MockOmUpgradeAction since it has been finalized.
2021-09-21 01:22:22,180 [Listener at 0.0.0.0/33571] WARN  server.ServerUtils (ServerUtils.java:getDBPath(225)) - ozone.om.db.dirs is not configured. We recommend adding this setting. Falling back to ozone.metadata.dirs instead.
2021-09-21 01:22:22,312 [Listener at 0.0.0.0/33571] WARN  server.ServerUtils (ServerUtils.java:getDBPath(225)) - ozone.om.db.dirs is not configured. We recommend adding this setting. Falling back to ozone.metadata.dirs instead.
2021-09-21 01:22:22,313 [Listener at 0.0.0.0/33571] INFO  codec.OmKeyInfoCodec (OmKeyInfoCodec.java:<init>(51)) - OmKeyInfoCodec ignorePipeline = true
2021-09-21 01:22:22,313 [Listener at 0.0.0.0/33571] INFO  codec.RepeatedOmKeyInfoCodec (RepeatedOmKeyInfoCodec.java:<init>(42)) - RepeatedOmKeyInfoCodec ignorePipeline = true
2021-09-21 01:22:22,547 [Listener at 0.0.0.0/33571] INFO  om.OzoneManager (OzoneManager.java:addS3GVolumeToDB(4127)) - Created Volume s3v With Owner runner required for S3Gateway operations.
2021-09-21 01:22:22,548 [Listener at 0.0.0.0/33571] WARN  server.ServerUtils (ServerUtils.java:getDefaultRatisDirectory(237)) - Storage directory for Ratis is not configured. It is a good idea to map this to an SSD disk. Falling back to ozone.metadata.dirs
2021-09-21 01:22:22,548 [Listener at 0.0.0.0/33571] WARN  utils.OzoneManagerRatisUtils (OzoneManagerRatisUtils.java:getOMRatisSnapshotDirectory(391)) - ozone.om.ratis.snapshot.dir is not configured. Falling back to ozone.metadata.dirs config
2021-09-21 01:22:22,548 [Listener at 0.0.0.0/33571] WARN  impl.MetricRegistriesImpl (MetricRegistriesImpl.java:addReporterRegistration(111)) - New reporters are added after registries were created. Some metrics will be missing from the reporter. Please add reporter before adding any new registry.
2021-09-21 01:22:22,548 [Listener at 0.0.0.0/33571] WARN  impl.MetricRegistriesImpl (MetricRegistriesImpl.java:addReporterRegistration(111)) - New reporters are added after registries were created. Some metrics will be missing from the reporter. Please add reporter before adding any new registry.
2021-09-21 01:22:22,549 [Listener at 0.0.0.0/33571] WARN  server.ServerUtils (ServerUtils.java:getDefaultRatisDirectory(237)) - Storage directory for Ratis is not configured. It is a good idea to map this to an SSD disk. Falling back to ozone.metadata.dirs
2021-09-21 01:22:22,550 [Listener at 0.0.0.0/33571] INFO  ratis.OzoneManagerRatisServer (OzoneManagerRatisServer.java:<init>(158)) - Instantiating OM Ratis server with groupID: omServiceIdDefault and peers: localhost:9872
2021-09-21 01:22:22,550 [Listener at 0.0.0.0/33571] INFO  ratis.OzoneManagerStateMachine (OzoneManagerStateMachine.java:loadSnapshotInfoFromDB(605)) - LastAppliedIndex is set from TransactionInfo from OM DB as (t:0, i:~)
2021-09-21 01:22:22,554 [Listener at 0.0.0.0/33571] INFO  server.RaftServer (ConfUtils.java:logGet(44)) - raft.rpc.type = GRPC (default)
2021-09-21 01:22:22,555 [Listener at 0.0.0.0/33571] INFO  grpc.GrpcFactory (GrpcFactory.java:checkPooledByteBufAllocatorUseCacheForAllThreads(48)) - PERFORMANCE WARNING: useCacheForAllThreads is true that may cause Netty to create a lot garbage objects and, as a result, trigger GC.
	It is recommended to disable useCacheForAllThreads by setting -Dorg.apache.ratis.thirdparty.io.netty.allocator.useCacheForAllThreads=false in command line.
2021-09-21 01:22:22,555 [Listener at 0.0.0.0/33571] INFO  grpc.GrpcConfigKeys (ConfUtils.java:logGet(44)) - raft.grpc.admin.port = -1 (default)
2021-09-21 01:22:22,555 [Listener at 0.0.0.0/33571] INFO  grpc.GrpcConfigKeys (ConfUtils.java:logGet(44)) - raft.grpc.server.port = 9872 (custom)
2021-09-21 01:22:22,555 [Listener at 0.0.0.0/33571] INFO  grpc.GrpcConfigKeys (ConfUtils.java:logGet(44)) - raft.grpc.client.port = -1 (default)
2021-09-21 01:22:22,555 [Listener at 0.0.0.0/33571] INFO  grpc.GrpcConfigKeys (ConfUtils.java:logGet(44)) - raft.grpc.server.port = 9872 (custom)
2021-09-21 01:22:22,555 [Listener at 0.0.0.0/33571] INFO  grpc.GrpcConfigKeys (ConfUtils.java:logGet(44)) - raft.grpc.server.port = 9872 (custom)
2021-09-21 01:22:22,556 [Listener at 0.0.0.0/33571] INFO  server.GrpcService (ConfUtils.java:logGet(44)) - raft.grpc.message.size.max = 33554432 (custom)
2021-09-21 01:22:22,556 [Listener at 0.0.0.0/33571] INFO  server.RaftServerConfigKeys (ConfUtils.java:logGet(44)) - raft.server.log.appender.buffer.byte-limit = 33554432 (custom)
2021-09-21 01:22:22,556 [Listener at 0.0.0.0/33571] INFO  server.GrpcService (ConfUtils.java:logGet(44)) - raft.grpc.flow.control.window = 1MB (=1048576) (default)
2021-09-21 01:22:22,556 [Listener at 0.0.0.0/33571] INFO  server.RaftServerConfigKeys (ConfUtils.java:logGet(44)) - raft.server.rpc.request.timeout = 3000ms (default)
2021-09-21 01:22:22,557 [Listener at 0.0.0.0/33571] INFO  impl.DataStreamServerImpl (ConfUtils.java:logGet(44)) - raft.datastream.type = DISABLED (default)
2021-09-21 01:22:22,558 [Listener at 0.0.0.0/33571] INFO  server.RaftServerConfigKeys (ConfUtils.java:logGet(44)) - raft.server.rpc.slowness.timeout = 120s (custom)
2021-09-21 01:22:22,558 [Listener at 0.0.0.0/33571] INFO  server.RaftServerConfigKeys (ConfUtils.java:logGet(44)) - raft.server.leaderelection.leader.step-down.wait-time = 10s (default)
2021-09-21 01:22:22,558 [Listener at 0.0.0.0/33571] INFO  server.RaftServerConfigKeys (ConfUtils.java:logGet(44)) - raft.server.storage.dir = [/home/runner/work/ozone/ozone/hadoop-ozone/integration-test/target/test-dir/MiniOzoneClusterImpl-7349e056-7b32-48d8-92e4-5182ee86217f/ozone-meta/ratis] (custom)
2021-09-21 01:22:22,559 [Listener at 0.0.0.0/33571] INFO  server.RaftServer (RaftServerProxy.java:addNew(95)) - om1: addNew group-C5BA1605619E:[om1|rpc:localhost:9872|priority:0] returns group-C5BA1605619E:java.util.concurrent.CompletableFuture@5d87951[Not completed]
2021-09-21 01:22:22,559 [Listener at 0.0.0.0/33571] INFO  om.OzoneManager (OzoneManager.java:initializeRatisServer(1585)) - OzoneManager Ratis server initialized at port 9872
2021-09-21 01:22:22,561 [Listener at 0.0.0.0/33571] INFO  ipc.CallQueueManager (CallQueueManager.java:<init>(90)) - Using callQueue: class java.util.concurrent.LinkedBlockingQueue, queueCapacity: 2000, scheduler: class org.apache.hadoop.ipc.DefaultRpcScheduler, ipcBackoff: false.
2021-09-21 01:22:22,561 [pool-296-thread-1] INFO  server.RaftServer$Division (RaftServerImpl.java:<init>(181)) - om1: new RaftServerImpl for group-C5BA1605619E:[om1|rpc:localhost:9872|priority:0] with OzoneManagerStateMachine:uninitialized
2021-09-21 01:22:22,562 [Socket Reader #1 for port 0] INFO  ipc.Server (Server.java:run(1265)) - Starting Socket Reader #1 for port 0
2021-09-21 01:22:22,568 [pool-296-thread-1] INFO  server.RaftServerConfigKeys (ConfUtils.java:logGet(44)) - raft.server.rpc.timeout.min = 1s (custom)
2021-09-21 01:22:22,568 [pool-296-thread-1] INFO  server.RaftServerConfigKeys (ConfUtils.java:logGet(44)) - raft.server.rpc.timeout.max = 1200ms (custom)
2021-09-21 01:22:22,568 [pool-296-thread-1] INFO  server.RaftServerConfigKeys (ConfUtils.java:logGet(44)) - raft.server.rpc.sleep.time = 25ms (default)
2021-09-21 01:22:22,568 [pool-296-thread-1] INFO  server.RaftServerConfigKeys (ConfUtils.java:logGet(44)) - raft.server.rpc.slowness.timeout = 120s (custom)
2021-09-21 01:22:22,568 [pool-296-thread-1] INFO  server.RaftServerConfigKeys (ConfUtils.java:logGet(44)) - raft.server.leaderelection.leader.step-down.wait-time = 10s (default)
2021-09-21 01:22:22,568 [pool-296-thread-1] INFO  server.RaftServerConfigKeys (ConfUtils.java:logGet(44)) - raft.server.sleep.deviation.threshold = 300ms (default)
2021-09-21 01:22:22,568 [pool-296-thread-1] INFO  server.RaftServerConfigKeys (ConfUtils.java:logGet(44)) - raft.server.log.appender.install.snapshot.enabled = false (custom)
2021-09-21 01:22:22,568 [pool-296-thread-1] INFO  server.RaftServer$Division (ServerState.java:<init>(105)) - om1@group-C5BA1605619E: ConfigurationManager, init=-1: [om1|rpc:localhost:9872|priority:0], old=null, confs=<EMPTY_MAP>
2021-09-21 01:22:22,568 [pool-296-thread-1] INFO  server.RaftServerConfigKeys (ConfUtils.java:logGet(44)) - raft.server.storage.dir = [/home/runner/work/ozone/ozone/hadoop-ozone/integration-test/target/test-dir/MiniOzoneClusterImpl-7349e056-7b32-48d8-92e4-5182ee86217f/ozone-meta/ratis] (custom)
2021-09-21 01:22:22,569 [pool-296-thread-1] INFO  server.RaftServerConfigKeys (ConfUtils.java:logGet(44)) - raft.server.log.corruption.policy = EXCEPTION (default)
2021-09-21 01:22:22,569 [pool-296-thread-1] INFO  server.RaftServerConfigKeys (ConfUtils.java:logGet(44)) - raft.server.storage.free-space.min = 0MB (=0) (default)
2021-09-21 01:22:22,569 [pool-296-thread-1] INFO  storage.RaftStorageDirectory (RaftStorageDirectoryImpl.java:analyzeStorage(135)) - The storage directory /home/runner/work/ozone/ozone/hadoop-ozone/integration-test/target/test-dir/MiniOzoneClusterImpl-7349e056-7b32-48d8-92e4-5182ee86217f/ozone-meta/ratis/bf265839-605b-3f16-9796-c5ba1605619e does not exist. Creating ...
2021-09-21 01:22:22,571 [pool-296-thread-1] INFO  storage.RaftStorageDirectory (RaftStorageDirectoryImpl.java:tryLock(230)) - Lock on /home/runner/work/ozone/ozone/hadoop-ozone/integration-test/target/test-dir/MiniOzoneClusterImpl-7349e056-7b32-48d8-92e4-5182ee86217f/ozone-meta/ratis/bf265839-605b-3f16-9796-c5ba1605619e/in_use.lock acquired by nodename 2684@fv-az122-453
2021-09-21 01:22:22,575 [pool-296-thread-1] INFO  storage.RaftStorage (RaftStorageImpl.java:format(89)) - Storage directory /home/runner/work/ozone/ozone/hadoop-ozone/integration-test/target/test-dir/MiniOzoneClusterImpl-7349e056-7b32-48d8-92e4-5182ee86217f/ozone-meta/ratis/bf265839-605b-3f16-9796-c5ba1605619e has been successfully formatted.
2021-09-21 01:22:22,575 [pool-296-thread-1] INFO  server.RaftServerConfigKeys (ConfUtils.java:logGet(44)) - raft.server.notification.no-leader.timeout = 120s (custom)
2021-09-21 01:22:22,575 [pool-296-thread-1] INFO  server.RaftServerConfigKeys (ConfUtils.java:logGet(44)) - raft.server.log.use.memory = false (default)
2021-09-21 01:22:22,575 [pool-296-thread-1] INFO  server.RaftServerConfigKeys (ConfUtils.java:logGet(44)) - raft.server.log.purge.gap = 1000000 (custom)
2021-09-21 01:22:22,575 [pool-296-thread-1] INFO  server.RaftServerConfigKeys (ConfUtils.java:logGet(44)) - raft.server.log.appender.buffer.byte-limit = 33554432 (custom)
2021-09-21 01:22:22,584 [pool-296-thread-1] INFO  server.RaftServerConfigKeys (ConfUtils.java:logGet(44)) - raft.server.log.segment.size.max = 4194304 (custom)
2021-09-21 01:22:22,585 [pool-296-thread-1] INFO  server.RaftServerConfigKeys (ConfUtils.java:logGet(44)) - raft.server.log.segment.cache.num.max = 2 (custom)
2021-09-21 01:22:22,585 [pool-296-thread-1] INFO  server.RaftServerConfigKeys (ConfUtils.java:logGet(44)) - raft.server.log.segment.cache.size.max = 200MB (=209715200) (default)
2021-09-21 01:22:22,585 [pool-296-thread-1] INFO  segmented.SegmentedRaftLogWorker (SegmentedRaftLogWorker.java:<init>(182)) - new om1@group-C5BA1605619E-SegmentedRaftLogWorker for RaftStorageImpl:Storage Directory /home/runner/work/ozone/ozone/hadoop-ozone/integration-test/target/test-dir/MiniOzoneClusterImpl-7349e056-7b32-48d8-92e4-5182ee86217f/ozone-meta/ratis/bf265839-605b-3f16-9796-c5ba1605619e
2021-09-21 01:22:22,585 [pool-296-thread-1] INFO  server.RaftServerConfigKeys (ConfUtils.java:logGet(44)) - raft.server.log.queue.byte-limit = 64MB (=67108864) (default)
2021-09-21 01:22:22,585 [pool-296-thread-1] INFO  server.RaftServerConfigKeys (ConfUtils.java:logGet(44)) - raft.server.log.queue.element-limit = 4096 (default)
2021-09-21 01:22:22,585 [pool-296-thread-1] INFO  server.RaftServerConfigKeys (ConfUtils.java:logGet(44)) - raft.server.log.segment.size.max = 4194304 (custom)
2021-09-21 01:22:22,585 [pool-296-thread-1] INFO  server.RaftServerConfigKeys (ConfUtils.java:logGet(44)) - raft.server.log.preallocated.size = 4194304 (custom)
2021-09-21 01:22:22,585 [pool-296-thread-1] INFO  server.RaftServerConfigKeys (ConfUtils.java:logGet(44)) - raft.server.log.force.sync.num = 128 (default)
2021-09-21 01:22:22,585 [pool-296-thread-1] INFO  server.RaftServerConfigKeys (ConfUtils.java:logGet(44)) - raft.server.log.statemachine.data.sync = true (default)
2021-09-21 01:22:22,586 [pool-296-thread-1] INFO  server.RaftServerConfigKeys (ConfUtils.java:logGet(44)) - raft.server.log.statemachine.data.sync.timeout = 10s (default)
2021-09-21 01:22:22,586 [pool-296-thread-1] INFO  server.RaftServerConfigKeys (ConfUtils.java:logGet(44)) - raft.server.log.statemachine.data.sync.timeout.retry = -1 (default)
2021-09-21 01:22:22,586 [pool-296-thread-1] INFO  server.RaftServerConfigKeys (ConfUtils.java:logGet(44)) - raft.server.log.write.buffer.size = 64KB (=65536) (default)
2021-09-21 01:22:22,587 [pool-296-thread-1] INFO  server.RaftServerConfigKeys (ConfUtils.java:logGet(44)) - raft.server.log.statemachine.data.caching.enabled = false (default)
2021-09-21 01:22:22,593 [pool-296-thread-1] INFO  segmented.SegmentedRaftLogWorker (SegmentedRaftLogWorker.java:lambda$new$0(133)) - om1@group-C5BA1605619E-SegmentedRaftLogWorker: flushIndex: setUnconditionally 0 -> -1
2021-09-21 01:22:22,593 [pool-296-thread-1] INFO  segmented.SegmentedRaftLogWorker (SegmentedRaftLogWorker.java:lambda$new$0(133)) - om1@group-C5BA1605619E-SegmentedRaftLogWorker: safeCacheEvictIndex: setUnconditionally 0 -> -1
2021-09-21 01:22:22,610 [pool-296-thread-1] INFO  server.RaftServerConfigKeys (ConfUtils.java:logGet(44)) - raft.server.snapshot.auto.trigger.enabled = true (custom)
2021-09-21 01:22:22,610 [pool-296-thread-1] INFO  server.RaftServerConfigKeys (ConfUtils.java:logGet(44)) - raft.server.snapshot.auto.trigger.threshold = 400000 (default)
2021-09-21 01:22:22,610 [pool-296-thread-1] INFO  server.RaftServerConfigKeys (ConfUtils.java:logGet(44)) - raft.server.snapshot.retention.file.num = -1 (default)
2021-09-21 01:22:22,610 [pool-296-thread-1] INFO  server.RaftServerConfigKeys (ConfUtils.java:logGet(44)) - raft.server.log.purge.upto.snapshot.index = true (custom)
2021-09-21 01:22:22,610 [pool-296-thread-1] INFO  server.RaftServerConfigKeys (ConfUtils.java:logGet(44)) - raft.server.retrycache.expirytime = 300s (custom)
2021-09-21 01:22:22,611 [pool-296-thread-1] INFO  server.RaftServerConfigKeys (ConfUtils.java:logGet(44)) - raft.server.retrycache.statistics.expirytime = 100μs (default)
2021-09-21 01:22:22,640 [Listener at 127.0.0.1/33583] INFO  om.OzoneManager (OzoneManager.java:initFSOLayout(4333)) - Configured ozone.om.metadata.layout=SIMPLE and disabled optimized OM FS operations
2021-09-21 01:22:22,640 [Listener at 127.0.0.1/33583] INFO  impl.MetricsSystemImpl (MetricsSystemImpl.java:init(158)) - OzoneManager metrics system started (again)
2021-09-21 01:22:22,689 [Listener at 127.0.0.1/33583] INFO  om.OzoneManager (OzoneManager.java:start(1281)) - OzoneManager RPC server is listening at localhost/127.0.0.1:33583
2021-09-21 01:22:22,695 [Listener at 127.0.0.1/33583] INFO  ratis.OzoneManagerRatisServer (OzoneManagerRatisServer.java:start(516)) - Starting OzoneManagerRatisServer om1 at port 9872
2021-09-21 01:22:22,696 [Listener at 127.0.0.1/33583] INFO  server.RaftServer$Division (RaftServerImpl.java:start(296)) - om1@group-C5BA1605619E: start as a follower, conf=-1: [om1|rpc:localhost:9872|priority:0], old=null
2021-09-21 01:22:22,696 [Listener at 127.0.0.1/33583] INFO  server.RaftServer$Division (RaftServerImpl.java:setRole(285)) - om1@group-C5BA1605619E: changes role from      null to FOLLOWER at term 0 for startAsFollower
2021-09-21 01:22:22,696 [Listener at 127.0.0.1/33583] INFO  impl.RoleInfo (RoleInfo.java:updateAndGet(130)) - om1: start om1@group-C5BA1605619E-FollowerState
2021-09-21 01:22:22,721 [Listener at 127.0.0.1/33583] INFO  util.JmxRegister (JmxRegister.java:tryRegister(44)) - Successfully registered JMX Bean with object name Ratis:service=RaftServer,group=group-C5BA1605619E,id=om1
2021-09-21 01:22:22,724 [Listener at 127.0.0.1/33583] INFO  server.RaftServer (RaftServerProxy.java:lambda$start$5(374)) - om1: start RPC server
2021-09-21 01:22:22,745 [Listener at 127.0.0.1/33583] INFO  server.GrpcService (GrpcService.java:startImpl(253)) - om1: GrpcService started, listening on 9872
2021-09-21 01:22:22,756 [Listener at 127.0.0.1/33583] INFO  om.OzoneManager (OzoneManager.java:start(1299)) - Version File has different layout version (0) than OM DB (null). That is expected if this OM has never been finalized to a newer layout version.
2021-09-21 01:22:22,757 [org.apache.ratis.util.JvmPauseMonitor$$Lambda$531/116790936@51dfa3c5] INFO  util.JvmPauseMonitor (JvmPauseMonitor.java:run(103)) - JvmPauseMonitor-om1: Started
2021-09-21 01:22:22,780 [Listener at 127.0.0.1/33583] INFO  http.BaseHttpServer (BaseHttpServer.java:newHttpServer2BuilderForOzone(209)) - Starting Web-server for ozoneManager at: http://0.0.0.0:0
2021-09-21 01:22:22,780 [Listener at 127.0.0.1/33583] INFO  http.BaseHttpServer (BaseHttpServer.java:<init>(107)) - Hadoop Security Enabled: false Ozone Security Enabled: false Ozone HTTP Security Enabled: false 
2021-09-21 01:22:22,781 [Listener at 127.0.0.1/33583] INFO  server.AuthenticationFilter (AuthenticationFilter.java:constructSecretProvider(240)) - Unable to initialize FileSignerSecretProvider, falling back to use random secrets.
2021-09-21 01:22:22,782 [Listener at 127.0.0.1/33583] WARN  http.HttpRequestLog (HttpRequestLog.java:getRequestLog(103)) - Jetty request log can only be enabled using Log4j
2021-09-21 01:22:22,783 [Listener at 127.0.0.1/33583] INFO  http.HttpServer2 (HttpServer2.java:addGlobalFilter(1030)) - Added global filter 'safety' (class=org.apache.hadoop.hdds.server.http.HttpServer2$QuotingInputFilter)
2021-09-21 01:22:22,784 [Listener at 127.0.0.1/33583] INFO  http.HttpServer2 (HttpServer2.java:addFilter(1006)) - Added filter static_user_filter (class=org.apache.hadoop.http.lib.StaticUserWebFilter$StaticUserFilter) to context ozoneManager
2021-09-21 01:22:22,784 [Listener at 127.0.0.1/33583] INFO  http.HttpServer2 (HttpServer2.java:addFilter(1014)) - Added filter static_user_filter (class=org.apache.hadoop.http.lib.StaticUserWebFilter$StaticUserFilter) to context logs
2021-09-21 01:22:22,784 [Listener at 127.0.0.1/33583] INFO  http.HttpServer2 (HttpServer2.java:addFilter(1014)) - Added filter static_user_filter (class=org.apache.hadoop.http.lib.StaticUserWebFilter$StaticUserFilter) to context static
2021-09-21 01:22:22,785 [Listener at 127.0.0.1/33583] INFO  http.HttpServer2 (HttpServer2.java:bindListener(1249)) - Jetty bound to port 37235
2021-09-21 01:22:22,785 [Listener at 127.0.0.1/33583] INFO  server.Server (Server.java:doStart(375)) - jetty-9.4.43.v20210629; built: 2021-06-30T11:07:22.254Z; git: 526006ecfa3af7f1a27ef3a288e2bef7ea9dd7e8; jvm 1.8.0_292-b10
2021-09-21 01:22:22,787 [Listener at 127.0.0.1/33583] INFO  server.session (DefaultSessionIdManager.java:doStart(334)) - DefaultSessionIdManager workerName=node0
2021-09-21 01:22:22,787 [Listener at 127.0.0.1/33583] INFO  server.session (DefaultSessionIdManager.java:doStart(339)) - No SessionScavenger set, using defaults
2021-09-21 01:22:22,787 [Listener at 127.0.0.1/33583] INFO  server.session (HouseKeeper.java:startScavenging(132)) - node0 Scavenging every 600000ms
2021-09-21 01:22:22,788 [Listener at 127.0.0.1/33583] INFO  handler.ContextHandler (ContextHandler.java:doStart(915)) - Started o.e.j.s.ServletContextHandler@40d983b2{logs,/logs,file:///home/runner/work/ozone/ozone/hadoop-ozone/integration-test/target/log,AVAILABLE}
2021-09-21 01:22:22,788 [Listener at 127.0.0.1/33583] INFO  handler.ContextHandler (ContextHandler.java:doStart(915)) - Started o.e.j.s.ServletContextHandler@6d91855{static,/static,file:///home/runner/work/ozone/ozone/hadoop-ozone/integration-test/target/test-classes/webapps/static,AVAILABLE}
2021-09-21 01:22:22,806 [Listener at 127.0.0.1/33583] INFO  handler.ContextHandler (ContextHandler.java:doStart(915)) - Started o.e.j.w.WebAppContext@5b45f44{ozoneManager,/,file:///home/runner/work/ozone/ozone/hadoop-ozone/integration-test/target/test-classes/webapps/ozoneManager/,AVAILABLE}{file:/home/runner/work/ozone/ozone/hadoop-ozone/integration-test/target/test-classes/webapps/ozoneManager}
2021-09-21 01:22:22,851 [Listener at 127.0.0.1/33583] INFO  server.AbstractConnector (AbstractConnector.java:doStart(331)) - Started ServerConnector@40d678d9{HTTP/1.1, (http/1.1)}{0.0.0.0:37235}
2021-09-21 01:22:22,852 [Listener at 127.0.0.1/33583] INFO  server.Server (Server.java:doStart(415)) - Started @94434ms
2021-09-21 01:22:22,852 [Listener at 127.0.0.1/33583] WARN  impl.MetricsSystemImpl (MetricsSystemImpl.java:register(279)) - Sink prometheus already exists!
2021-09-21 01:22:22,852 [Listener at 127.0.0.1/33583] INFO  http.BaseHttpServer (BaseHttpServer.java:updateConnectorAddress(329)) - HTTP server of ozoneManager listening at http://0.0.0.0:37235
2021-09-21 01:22:22,874 [IPC Server Responder] INFO  ipc.Server (Server.java:run(1507)) - IPC Server Responder: starting
2021-09-21 01:22:22,933 [Listener at 127.0.0.1/33583] INFO  om.OzoneManager (OzoneManager.java:startTrashEmptier(1543)) - Trash Interval set to 0. Files deleted will not move to trash
2021-09-21 01:22:22,939 [IPC Server listener on 0] INFO  ipc.Server (Server.java:run(1344)) - IPC Server listener on 0: starting
2021-09-21 01:22:22,960 [org.apache.hadoop.util.JvmPauseMonitor$Monitor@59ba2555] INFO  util.JvmPauseMonitor (JvmPauseMonitor.java:run(188)) - Starting JVM pause monitor
2021-09-21 01:22:23,042 [Listener at 127.0.0.1/33583] WARN  impl.MetricRegistriesImpl (MetricRegistriesImpl.java:addReporterRegistration(111)) - New reporters are added after registries were created. Some metrics will be missing from the reporter. Please add reporter before adding any new registry.
2021-09-21 01:22:23,042 [Listener at 127.0.0.1/33583] WARN  impl.MetricRegistriesImpl (MetricRegistriesImpl.java:addReporterRegistration(111)) - New reporters are added after registries were created. Some metrics will be missing from the reporter. Please add reporter before adding any new registry.
2021-09-21 01:22:23,042 [Listener at 127.0.0.1/33583] INFO  impl.MetricsSystemImpl (MetricsSystemImpl.java:init(158)) - HddsDatanode metrics system started (again)
2021-09-21 01:22:23,096 [Listener at 127.0.0.1/33583] INFO  ozone.HddsDatanodeService (HddsDatanodeService.java:start(234)) - HddsDatanodeService host:fv-az122-453.zf1tlrj3kn4expqppa1j4mpycf.xx.internal.cloudapp.net ip:10.1.0.51
2021-09-21 01:22:23,140 [Listener at 127.0.0.1/33583] INFO  upgrade.AbstractLayoutVersionManager (AbstractLayoutVersionManager.java:init(79)) - Initializing Layout version manager with metadata layout = SCM_HA (version = 2), software layout = SCM_HA (version = 2)
2021-09-21 01:22:23,237 [Listener at 127.0.0.1/33583] INFO  reflections.Reflections (Reflections.java:scan(232)) - Reflections took 95 ms to scan 7 urls, producing 119 keys and 275 values 
2021-09-21 01:22:23,240 [Listener at 127.0.0.1/33583] INFO  volume.HddsVolume (HddsVolume.java:<init>(120)) - Creating HddsVolume: /home/runner/work/ozone/ozone/hadoop-ozone/integration-test/target/test-dir/MiniOzoneClusterImpl-7349e056-7b32-48d8-92e4-5182ee86217f/datanode-0/data-0/containers/hdds of storage type : DISK capacity : 9223372036854775807
2021-09-21 01:22:23,240 [Listener at 127.0.0.1/33583] INFO  volume.MutableVolumeSet (MutableVolumeSet.java:initializeVolumeSet(168)) - Added Volume : /home/runner/work/ozone/ozone/hadoop-ozone/integration-test/target/test-dir/MiniOzoneClusterImpl-7349e056-7b32-48d8-92e4-5182ee86217f/datanode-0/data-0/containers/hdds to VolumeSet
2021-09-21 01:22:23,240 [Listener at 127.0.0.1/33583] INFO  volume.ThrottledAsyncChecker (ThrottledAsyncChecker.java:schedule(141)) - Scheduling a check for /home/runner/work/ozone/ozone/hadoop-ozone/integration-test/target/test-dir/MiniOzoneClusterImpl-7349e056-7b32-48d8-92e4-5182ee86217f/datanode-0/data-0/containers/hdds
2021-09-21 01:22:23,241 [Listener at 127.0.0.1/33583] INFO  volume.StorageVolumeChecker (StorageVolumeChecker.java:checkAllVolumes(202)) - Scheduled health check for volume /home/runner/work/ozone/ozone/hadoop-ozone/integration-test/target/test-dir/MiniOzoneClusterImpl-7349e056-7b32-48d8-92e4-5182ee86217f/datanode-0/data-0/containers/hdds
2021-09-21 01:22:23,258 [Listener at 127.0.0.1/33583] INFO  volume.MutableVolumeSet (MutableVolumeSet.java:initializeVolumeSet(168)) - Added Volume : /home/runner/work/ozone/ozone/hadoop-ozone/integration-test/target/test-dir/MiniOzoneClusterImpl-7349e056-7b32-48d8-92e4-5182ee86217f/datanode-0/data/ratis to VolumeSet
2021-09-21 01:22:23,258 [Listener at 127.0.0.1/33583] INFO  volume.ThrottledAsyncChecker (ThrottledAsyncChecker.java:schedule(141)) - Scheduling a check for /home/runner/work/ozone/ozone/hadoop-ozone/integration-test/target/test-dir/MiniOzoneClusterImpl-7349e056-7b32-48d8-92e4-5182ee86217f/datanode-0/data/ratis
2021-09-21 01:22:23,258 [Listener at 127.0.0.1/33583] INFO  volume.StorageVolumeChecker (StorageVolumeChecker.java:checkAllVolumes(202)) - Scheduled health check for volume /home/runner/work/ozone/ozone/hadoop-ozone/integration-test/target/test-dir/MiniOzoneClusterImpl-7349e056-7b32-48d8-92e4-5182ee86217f/datanode-0/data/ratis
2021-09-21 01:22:23,281 [Thread-747] INFO  ozoneimpl.ContainerReader (ContainerReader.java:readVolume(172)) - Finish verifying containers on volume /home/runner/work/ozone/ozone/hadoop-ozone/integration-test/target/test-dir/MiniOzoneClusterImpl-7349e056-7b32-48d8-92e4-5182ee86217f/datanode-0/data-0/containers/hdds
2021-09-21 01:22:23,281 [Listener at 127.0.0.1/33583] INFO  ozoneimpl.OzoneContainer (OzoneContainer.java:buildContainerSet(236)) - Build ContainerSet costs 0s
2021-09-21 01:22:23,283 [Listener at 127.0.0.1/33583] INFO  server.RaftServer (ConfUtils.java:logGet(44)) - raft.rpc.type = GRPC (default)
2021-09-21 01:22:23,284 [Listener at 127.0.0.1/33583] INFO  grpc.GrpcFactory (GrpcFactory.java:checkPooledByteBufAllocatorUseCacheForAllThreads(48)) - PERFORMANCE WARNING: useCacheForAllThreads is true that may cause Netty to create a lot garbage objects and, as a result, trigger GC.
	It is recommended to disable useCacheForAllThreads by setting -Dorg.apache.ratis.thirdparty.io.netty.allocator.useCacheForAllThreads=false in command line.
2021-09-21 01:22:23,284 [Listener at 127.0.0.1/33583] INFO  grpc.GrpcConfigKeys (ConfUtils.java:logGet(44)) - raft.grpc.admin.port = 0 (custom)
2021-09-21 01:22:23,284 [Listener at 127.0.0.1/33583] INFO  grpc.GrpcConfigKeys (ConfUtils.java:logGet(44)) - raft.grpc.client.port = 0 (custom)
2021-09-21 01:22:23,284 [Listener at 127.0.0.1/33583] INFO  grpc.GrpcConfigKeys (ConfUtils.java:logGet(44)) - raft.grpc.server.port = 0 (default)
2021-09-21 01:22:23,284 [Listener at 127.0.0.1/33583] INFO  server.GrpcService (ConfUtils.java:logGet(44)) - raft.grpc.message.size.max = 32MB (=33554432) (custom)
2021-09-21 01:22:23,284 [Listener at 127.0.0.1/33583] INFO  server.RaftServerConfigKeys (ConfUtils.java:logGet(44)) - raft.server.log.appender.buffer.byte-limit = 33554432 (custom)
2021-09-21 01:22:23,284 [Listener at 127.0.0.1/33583] INFO  server.GrpcService (ConfUtils.java:logGet(44)) - raft.grpc.flow.control.window = 5MB (=5242880) (custom)
2021-09-21 01:22:23,285 [Listener at 127.0.0.1/33583] INFO  server.RaftServerConfigKeys (ConfUtils.java:logGet(44)) - raft.server.rpc.request.timeout = 3000ms (default)
2021-09-21 01:22:23,286 [Listener at 127.0.0.1/33583] INFO  impl.DataStreamServerImpl (ConfUtils.java:logGet(44)) - raft.datastream.type = DISABLED (default)
2021-09-21 01:22:23,286 [Listener at 127.0.0.1/33583] INFO  server.RaftServerConfigKeys (ConfUtils.java:logGet(44)) - raft.server.rpc.slowness.timeout = 300000ms (custom)
2021-09-21 01:22:23,286 [Listener at 127.0.0.1/33583] INFO  server.RaftServerConfigKeys (ConfUtils.java:logGet(44)) - raft.server.leaderelection.leader.step-down.wait-time = 10s (default)
2021-09-21 01:22:23,286 [Listener at 127.0.0.1/33583] INFO  server.RaftServerConfigKeys (ConfUtils.java:logGet(44)) - raft.server.storage.dir = [/home/runner/work/ozone/ozone/hadoop-ozone/integration-test/target/test-dir/MiniOzoneClusterImpl-7349e056-7b32-48d8-92e4-5182ee86217f/datanode-0/data/ratis] (custom)
2021-09-21 01:22:23,290 [Listener at 127.0.0.1/33583] INFO  http.BaseHttpServer (BaseHttpServer.java:newHttpServer2BuilderForOzone(209)) - Starting Web-server for hddsDatanode at: http://0.0.0.0:0
2021-09-21 01:22:23,290 [Listener at 127.0.0.1/33583] INFO  http.BaseHttpServer (BaseHttpServer.java:<init>(107)) - Hadoop Security Enabled: false Ozone Security Enabled: false Ozone HTTP Security Enabled: false 
2021-09-21 01:22:23,297 [Listener at 127.0.0.1/33583] INFO  server.AuthenticationFilter (AuthenticationFilter.java:constructSecretProvider(240)) - Unable to initialize FileSignerSecretProvider, falling back to use random secrets.
2021-09-21 01:22:23,307 [Listener at 127.0.0.1/33583] WARN  http.HttpRequestLog (HttpRequestLog.java:getRequestLog(103)) - Jetty request log can only be enabled using Log4j
2021-09-21 01:22:23,309 [Listener at 127.0.0.1/33583] INFO  http.HttpServer2 (HttpServer2.java:addGlobalFilter(1030)) - Added global filter 'safety' (class=org.apache.hadoop.hdds.server.http.HttpServer2$QuotingInputFilter)
2021-09-21 01:22:23,310 [Listener at 127.0.0.1/33583] INFO  http.HttpServer2 (HttpServer2.java:addFilter(1006)) - Added filter static_user_filter (class=org.apache.hadoop.http.lib.StaticUserWebFilter$StaticUserFilter) to context hddsDatanode
2021-09-21 01:22:23,310 [Listener at 127.0.0.1/33583] INFO  http.HttpServer2 (HttpServer2.java:addFilter(1014)) - Added filter static_user_filter (class=org.apache.hadoop.http.lib.StaticUserWebFilter$StaticUserFilter) to context static
2021-09-21 01:22:23,310 [Listener at 127.0.0.1/33583] INFO  http.HttpServer2 (HttpServer2.java:addFilter(1014)) - Added filter static_user_filter (class=org.apache.hadoop.http.lib.StaticUserWebFilter$StaticUserFilter) to context logs
2021-09-21 01:22:23,311 [Listener at 127.0.0.1/33583] INFO  http.HttpServer2 (HttpServer2.java:bindListener(1249)) - Jetty bound to port 37487
2021-09-21 01:22:23,311 [Listener at 127.0.0.1/33583] INFO  server.Server (Server.java:doStart(375)) - jetty-9.4.43.v20210629; built: 2021-06-30T11:07:22.254Z; git: 526006ecfa3af7f1a27ef3a288e2bef7ea9dd7e8; jvm 1.8.0_292-b10
2021-09-21 01:22:23,316 [Listener at 127.0.0.1/33583] INFO  server.session (DefaultSessionIdManager.java:doStart(334)) - DefaultSessionIdManager workerName=node0
2021-09-21 01:22:23,317 [Listener at 127.0.0.1/33583] INFO  server.session (DefaultSessionIdManager.java:doStart(339)) - No SessionScavenger set, using defaults
2021-09-21 01:22:23,317 [Listener at 127.0.0.1/33583] INFO  server.session (HouseKeeper.java:startScavenging(132)) - node0 Scavenging every 600000ms
2021-09-21 01:22:23,322 [Listener at 127.0.0.1/33583] INFO  handler.ContextHandler (ContextHandler.java:doStart(915)) - Started o.e.j.s.ServletContextHandler@73da1f76{logs,/logs,file:///home/runner/work/ozone/ozone/hadoop-ozone/integration-test/target/log,AVAILABLE}
2021-09-21 01:22:23,322 [Listener at 127.0.0.1/33583] INFO  handler.ContextHandler (ContextHandler.java:doStart(915)) - Started o.e.j.s.ServletContextHandler@cd7c71d{static,/static,jar:file:/home/runner/.m2/repository/org/apache/ozone/hdds-container-service/1.2.0-SNAPSHOT/hdds-container-service-1.2.0-SNAPSHOT.jar!/webapps/static,AVAILABLE}
2021-09-21 01:22:23,406 [Listener at 127.0.0.1/33583] INFO  handler.ContextHandler (ContextHandler.java:doStart(915)) - Started o.e.j.w.WebAppContext@3ef443f1{hddsDatanode,/,file:///tmp/jetty-0_0_0_0-37487-hdds-container-service-1_2_0-SNAPSHOT_jar-_-any-6023162463978649496/webapp/,AVAILABLE}{jar:file:/home/runner/.m2/repository/org/apache/ozone/hdds-container-service/1.2.0-SNAPSHOT/hdds-container-service-1.2.0-SNAPSHOT.jar!/webapps/hddsDatanode}
2021-09-21 01:22:23,410 [Listener at 127.0.0.1/33583] INFO  server.AbstractConnector (AbstractConnector.java:doStart(331)) - Started ServerConnector@195e4c8e{HTTP/1.1, (http/1.1)}{0.0.0.0:37487}
2021-09-21 01:22:23,410 [Listener at 127.0.0.1/33583] INFO  server.Server (Server.java:doStart(415)) - Started @94993ms
2021-09-21 01:22:23,412 [Listener at 127.0.0.1/33583] WARN  impl.MetricsSystemImpl (MetricsSystemImpl.java:register(279)) - Sink prometheus already exists!
2021-09-21 01:22:23,414 [Listener at 127.0.0.1/33583] INFO  http.BaseHttpServer (BaseHttpServer.java:updateConnectorAddress(329)) - HTTP server of hddsDatanode listening at http://0.0.0.0:37487
2021-09-21 01:22:23,415 [Listener at 127.0.0.1/33583] WARN  impl.MetricRegistriesImpl (MetricRegistriesImpl.java:addReporterRegistration(111)) - New reporters are added after registries were created. Some metrics will be missing from the reporter. Please add reporter before adding any new registry.
2021-09-21 01:22:23,415 [Listener at 127.0.0.1/33583] WARN  impl.MetricRegistriesImpl (MetricRegistriesImpl.java:addReporterRegistration(111)) - New reporters are added after registries were created. Some metrics will be missing from the reporter. Please add reporter before adding any new registry.
2021-09-21 01:22:23,416 [Listener at 127.0.0.1/33583] INFO  impl.MetricsSystemImpl (MetricsSystemImpl.java:init(158)) - HddsDatanode metrics system started (again)
2021-09-21 01:22:23,436 [Datanode State Machine Thread - 0] INFO  statemachine.DatanodeStateMachine (DatanodeStateMachine.java:lambda$startDaemon$0(456)) - Ozone container server started.
2021-09-21 01:22:23,455 [org.apache.hadoop.util.JvmPauseMonitor$Monitor@265eddae] INFO  util.JvmPauseMonitor (JvmPauseMonitor.java:run(188)) - Starting JVM pause monitor
2021-09-21 01:22:23,461 [Datanode State Machine Task Thread - 0] INFO  datanode.InitDatanodeState (InitDatanodeState.java:persistContainerDatanodeDetails(145)) - DatanodeDetails is persisted to /home/runner/work/ozone/ozone/hadoop-ozone/integration-test/target/test-dir/MiniOzoneClusterImpl-7349e056-7b32-48d8-92e4-5182ee86217f/datanode-0/meta/datanode.id
2021-09-21 01:22:23,486 [Listener at 127.0.0.1/33583] INFO  ozone.HddsDatanodeService (HddsDatanodeService.java:start(234)) - HddsDatanodeService host:fv-az122-453.zf1tlrj3kn4expqppa1j4mpycf.xx.internal.cloudapp.net ip:10.1.0.51
2021-09-21 01:22:23,524 [Listener at 127.0.0.1/33583] INFO  upgrade.AbstractLayoutVersionManager (AbstractLayoutVersionManager.java:init(79)) - Initializing Layout version manager with metadata layout = SCM_HA (version = 2), software layout = SCM_HA (version = 2)
2021-09-21 01:22:23,610 [Listener at 127.0.0.1/33583] INFO  reflections.Reflections (Reflections.java:scan(232)) - Reflections took 80 ms to scan 7 urls, producing 119 keys and 275 values 
2021-09-21 01:22:23,628 [Listener at 127.0.0.1/33583] INFO  volume.HddsVolume (HddsVolume.java:<init>(120)) - Creating HddsVolume: /home/runner/work/ozone/ozone/hadoop-ozone/integration-test/target/test-dir/MiniOzoneClusterImpl-7349e056-7b32-48d8-92e4-5182ee86217f/datanode-1/data-0/containers/hdds of storage type : DISK capacity : 9223372036854775807
2021-09-21 01:22:23,629 [Listener at 127.0.0.1/33583] INFO  volume.MutableVolumeSet (MutableVolumeSet.java:initializeVolumeSet(168)) - Added Volume : /home/runner/work/ozone/ozone/hadoop-ozone/integration-test/target/test-dir/MiniOzoneClusterImpl-7349e056-7b32-48d8-92e4-5182ee86217f/datanode-1/data-0/containers/hdds to VolumeSet
2021-09-21 01:22:23,629 [Listener at 127.0.0.1/33583] INFO  volume.ThrottledAsyncChecker (ThrottledAsyncChecker.java:schedule(141)) - Scheduling a check for /home/runner/work/ozone/ozone/hadoop-ozone/integration-test/target/test-dir/MiniOzoneClusterImpl-7349e056-7b32-48d8-92e4-5182ee86217f/datanode-1/data-0/containers/hdds
2021-09-21 01:22:23,643 [Listener at 127.0.0.1/33583] INFO  volume.StorageVolumeChecker (StorageVolumeChecker.java:checkAllVolumes(202)) - Scheduled health check for volume /home/runner/work/ozone/ozone/hadoop-ozone/integration-test/target/test-dir/MiniOzoneClusterImpl-7349e056-7b32-48d8-92e4-5182ee86217f/datanode-1/data-0/containers/hdds
2021-09-21 01:22:23,687 [Listener at 127.0.0.1/33583] INFO  volume.MutableVolumeSet (MutableVolumeSet.java:initializeVolumeSet(168)) - Added Volume : /home/runner/work/ozone/ozone/hadoop-ozone/integration-test/target/test-dir/MiniOzoneClusterImpl-7349e056-7b32-48d8-92e4-5182ee86217f/datanode-1/data/ratis to VolumeSet
2021-09-21 01:22:23,687 [Listener at 127.0.0.1/33583] INFO  volume.ThrottledAsyncChecker (ThrottledAsyncChecker.java:schedule(141)) - Scheduling a check for /home/runner/work/ozone/ozone/hadoop-ozone/integration-test/target/test-dir/MiniOzoneClusterImpl-7349e056-7b32-48d8-92e4-5182ee86217f/datanode-1/data/ratis
2021-09-21 01:22:23,715 [Listener at 127.0.0.1/33583] INFO  volume.StorageVolumeChecker (StorageVolumeChecker.java:checkAllVolumes(202)) - Scheduled health check for volume /home/runner/work/ozone/ozone/hadoop-ozone/integration-test/target/test-dir/MiniOzoneClusterImpl-7349e056-7b32-48d8-92e4-5182ee86217f/datanode-1/data/ratis
2021-09-21 01:22:23,792 [Thread-759] INFO  ozoneimpl.ContainerReader (ContainerReader.java:readVolume(172)) - Finish verifying containers on volume /home/runner/work/ozone/ozone/hadoop-ozone/integration-test/target/test-dir/MiniOzoneClusterImpl-7349e056-7b32-48d8-92e4-5182ee86217f/datanode-1/data-0/containers/hdds
2021-09-21 01:22:23,792 [Listener at 127.0.0.1/33583] INFO  ozoneimpl.OzoneContainer (OzoneContainer.java:buildContainerSet(236)) - Build ContainerSet costs 0s
2021-09-21 01:22:23,795 [Listener at 127.0.0.1/33583] INFO  server.RaftServer (ConfUtils.java:logGet(44)) - raft.rpc.type = GRPC (default)
2021-09-21 01:22:23,795 [Listener at 127.0.0.1/33583] INFO  grpc.GrpcFactory (GrpcFactory.java:checkPooledByteBufAllocatorUseCacheForAllThreads(48)) - PERFORMANCE WARNING: useCacheForAllThreads is true that may cause Netty to create a lot garbage objects and, as a result, trigger GC.
	It is recommended to disable useCacheForAllThreads by setting -Dorg.apache.ratis.thirdparty.io.netty.allocator.useCacheForAllThreads=false in command line.
2021-09-21 01:22:23,797 [Listener at 127.0.0.1/33583] INFO  grpc.GrpcConfigKeys (ConfUtils.java:logGet(44)) - raft.grpc.admin.port = 0 (custom)
2021-09-21 01:22:23,797 [Listener at 127.0.0.1/33583] INFO  grpc.GrpcConfigKeys (ConfUtils.java:logGet(44)) - raft.grpc.client.port = 0 (custom)
2021-09-21 01:22:23,797 [Listener at 127.0.0.1/33583] INFO  grpc.GrpcConfigKeys (ConfUtils.java:logGet(44)) - raft.grpc.server.port = 0 (default)
2021-09-21 01:22:23,797 [Listener at 127.0.0.1/33583] INFO  server.GrpcService (ConfUtils.java:logGet(44)) - raft.grpc.message.size.max = 32MB (=33554432) (custom)
2021-09-21 01:22:23,797 [Listener at 127.0.0.1/33583] INFO  server.RaftServerConfigKeys (ConfUtils.java:logGet(44)) - raft.server.log.appender.buffer.byte-limit = 33554432 (custom)
2021-09-21 01:22:23,798 [Listener at 127.0.0.1/33583] INFO  server.GrpcService (ConfUtils.java:logGet(44)) - raft.grpc.flow.control.window = 5MB (=5242880) (custom)
2021-09-21 01:22:23,798 [Listener at 127.0.0.1/33583] INFO  server.RaftServerConfigKeys (ConfUtils.java:logGet(44)) - raft.server.rpc.request.timeout = 3000ms (default)
2021-09-21 01:22:23,799 [Listener at 127.0.0.1/33583] INFO  impl.DataStreamServerImpl (ConfUtils.java:logGet(44)) - raft.datastream.type = DISABLED (default)
2021-09-21 01:22:23,799 [Listener at 127.0.0.1/33583] INFO  server.RaftServerConfigKeys (ConfUtils.java:logGet(44)) - raft.server.rpc.slowness.timeout = 300000ms (custom)
2021-09-21 01:22:23,800 [Listener at 127.0.0.1/33583] INFO  server.RaftServerConfigKeys (ConfUtils.java:logGet(44)) - raft.server.leaderelection.leader.step-down.wait-time = 10s (default)
2021-09-21 01:22:23,800 [Listener at 127.0.0.1/33583] INFO  server.RaftServerConfigKeys (ConfUtils.java:logGet(44)) - raft.server.storage.dir = [/home/runner/work/ozone/ozone/hadoop-ozone/integration-test/target/test-dir/MiniOzoneClusterImpl-7349e056-7b32-48d8-92e4-5182ee86217f/datanode-1/data/ratis] (custom)
2021-09-21 01:22:23,805 [om1@group-C5BA1605619E-FollowerState] INFO  impl.FollowerState (FollowerState.java:run(134)) - om1@group-C5BA1605619E-FollowerState: change to CANDIDATE, lastRpcElapsedTime:1109298922ns, electionTimeout:1084ms
2021-09-21 01:22:23,805 [om1@group-C5BA1605619E-FollowerState] INFO  impl.RoleInfo (RoleInfo.java:shutdownFollowerState(108)) - om1: shutdown om1@group-C5BA1605619E-FollowerState
2021-09-21 01:22:23,805 [om1@group-C5BA1605619E-FollowerState] INFO  server.RaftServer$Division (RaftServerImpl.java:setRole(285)) - om1@group-C5BA1605619E: changes role from  FOLLOWER to CANDIDATE at term 0 for changeToCandidate
2021-09-21 01:22:23,818 [om1@group-C5BA1605619E-FollowerState] INFO  server.RaftServerConfigKeys (ConfUtils.java:logGet(44)) - raft.server.leaderelection.pre-vote = false (custom)
2021-09-21 01:22:23,818 [om1@group-C5BA1605619E-FollowerState] INFO  impl.RoleInfo (RoleInfo.java:updateAndGet(130)) - om1: start om1@group-C5BA1605619E-LeaderElection27
2021-09-21 01:22:23,819 [Listener at 127.0.0.1/33583] INFO  http.BaseHttpServer (BaseHttpServer.java:newHttpServer2BuilderForOzone(209)) - Starting Web-server for hddsDatanode at: http://0.0.0.0:0
2021-09-21 01:22:23,820 [Listener at 127.0.0.1/33583] INFO  http.BaseHttpServer (BaseHttpServer.java:<init>(107)) - Hadoop Security Enabled: false Ozone Security Enabled: false Ozone HTTP Security Enabled: false 
2021-09-21 01:22:23,821 [Listener at 127.0.0.1/33583] INFO  server.AuthenticationFilter (AuthenticationFilter.java:constructSecretProvider(240)) - Unable to initialize FileSignerSecretProvider, falling back to use random secrets.
2021-09-21 01:22:23,836 [Listener at 127.0.0.1/33583] WARN  http.HttpRequestLog (HttpRequestLog.java:getRequestLog(103)) - Jetty request log can only be enabled using Log4j
2021-09-21 01:22:23,838 [Listener at 127.0.0.1/33583] INFO  http.HttpServer2 (HttpServer2.java:addGlobalFilter(1030)) - Added global filter 'safety' (class=org.apache.hadoop.hdds.server.http.HttpServer2$QuotingInputFilter)
2021-09-21 01:22:23,838 [Listener at 127.0.0.1/33583] INFO  http.HttpServer2 (HttpServer2.java:addFilter(1006)) - Added filter static_user_filter (class=org.apache.hadoop.http.lib.StaticUserWebFilter$StaticUserFilter) to context hddsDatanode
2021-09-21 01:22:23,838 [Listener at 127.0.0.1/33583] INFO  http.HttpServer2 (HttpServer2.java:addFilter(1014)) - Added filter static_user_filter (class=org.apache.hadoop.http.lib.StaticUserWebFilter$StaticUserFilter) to context logs
2021-09-21 01:22:23,839 [Listener at 127.0.0.1/33583] INFO  http.HttpServer2 (HttpServer2.java:addFilter(1014)) - Added filter static_user_filter (class=org.apache.hadoop.http.lib.StaticUserWebFilter$StaticUserFilter) to context static
2021-09-21 01:22:23,839 [Listener at 127.0.0.1/33583] INFO  http.HttpServer2 (HttpServer2.java:bindListener(1249)) - Jetty bound to port 34193
2021-09-21 01:22:23,863 [om1@group-C5BA1605619E-LeaderElection27] INFO  impl.LeaderElection (LeaderElection.java:askForVotes(306)) - om1@group-C5BA1605619E-LeaderElection27 ELECTION round 0: submit vote requests at term 1 for -1: [om1|rpc:localhost:9872|priority:0], old=null
2021-09-21 01:22:23,864 [om1@group-C5BA1605619E-LeaderElection27] INFO  impl.LeaderElection (LeaderElection.java:askForVotes(308)) - om1@group-C5BA1605619E-LeaderElection27 ELECTION round 0: result PASSED (term=1)
2021-09-21 01:22:23,864 [om1@group-C5BA1605619E-LeaderElection27] INFO  impl.RoleInfo (RoleInfo.java:shutdownLeaderElection(121)) - om1: shutdown om1@group-C5BA1605619E-LeaderElection27
2021-09-21 01:22:23,864 [om1@group-C5BA1605619E-LeaderElection27] INFO  server.RaftServer$Division (RaftServerImpl.java:setRole(285)) - om1@group-C5BA1605619E: changes role from CANDIDATE to LEADER at term 1 for changeToLeader
2021-09-21 01:22:23,864 [om1@group-C5BA1605619E-LeaderElection27] INFO  server.RaftServer$Division (ServerState.java:setLeader(285)) - om1@group-C5BA1605619E: change Leader from null to om1 at term 1 for becomeLeader, leader elected after 1289ms
2021-09-21 01:22:23,865 [om1@group-C5BA1605619E-LeaderElection27] INFO  server.RaftServerConfigKeys (ConfUtils.java:logGet(44)) - raft.server.staging.catchup.gap = 1000 (default)
2021-09-21 01:22:23,865 [om1@group-C5BA1605619E-LeaderElection27] INFO  server.RaftServerConfigKeys (ConfUtils.java:logGet(44)) - raft.server.write.element-limit = 4096 (default)
2021-09-21 01:22:23,865 [om1@group-C5BA1605619E-LeaderElection27] INFO  server.RaftServerConfigKeys (ConfUtils.java:logGet(44)) - raft.server.write.byte-limit = 64MB (=67108864) (default)
2021-09-21 01:22:23,865 [om1@group-C5BA1605619E-LeaderElection27] INFO  server.RaftServerConfigKeys (ConfUtils.java:logGet(44)) - raft.server.watch.timeout = 10s (default)
2021-09-21 01:22:23,865 [om1@group-C5BA1605619E-LeaderElection27] INFO  server.RaftServerConfigKeys (ConfUtils.java:logGet(44)) - raft.server.watch.timeout.denomination = 1s (default)
2021-09-21 01:22:23,865 [om1@group-C5BA1605619E-LeaderElection27] INFO  server.RaftServerConfigKeys (ConfUtils.java:logGet(44)) - raft.server.watch.element-limit = 65536 (default)
2021-09-21 01:22:23,865 [om1@group-C5BA1605619E-LeaderElection27] INFO  impl.RoleInfo (RoleInfo.java:updateAndGet(130)) - om1: start om1@group-C5BA1605619E-LeaderStateImpl
2021-09-21 01:22:23,867 [om1@group-C5BA1605619E-LeaderElection27] INFO  segmented.SegmentedRaftLogWorker (SegmentedRaftLogWorker.java:startLogSegment(394)) - om1@group-C5BA1605619E-SegmentedRaftLogWorker: Starting segment from index:0
2021-09-21 01:22:23,864 [Listener at 127.0.0.1/33583] INFO  server.Server (Server.java:doStart(375)) - jetty-9.4.43.v20210629; built: 2021-06-30T11:07:22.254Z; git: 526006ecfa3af7f1a27ef3a288e2bef7ea9dd7e8; jvm 1.8.0_292-b10
2021-09-21 01:22:23,880 [om1@group-C5BA1605619E-SegmentedRaftLogWorker] INFO  segmented.SegmentedRaftLogWorker (SegmentedRaftLogWorker.java:execute(601)) - om1@group-C5BA1605619E-SegmentedRaftLogWorker: created new log segment /home/runner/work/ozone/ozone/hadoop-ozone/integration-test/target/test-dir/MiniOzoneClusterImpl-7349e056-7b32-48d8-92e4-5182ee86217f/ozone-meta/ratis/bf265839-605b-3f16-9796-c5ba1605619e/current/log_inprogress_0
2021-09-21 01:22:23,931 [Listener at 127.0.0.1/33583] INFO  server.session (DefaultSessionIdManager.java:doStart(334)) - DefaultSessionIdManager workerName=node0
2021-09-21 01:22:23,932 [Listener at 127.0.0.1/33583] INFO  server.session (DefaultSessionIdManager.java:doStart(339)) - No SessionScavenger set, using defaults
2021-09-21 01:22:23,932 [Listener at 127.0.0.1/33583] INFO  server.session (HouseKeeper.java:startScavenging(132)) - node0 Scavenging every 660000ms
2021-09-21 01:22:23,944 [Listener at 127.0.0.1/33583] INFO  handler.ContextHandler (ContextHandler.java:doStart(915)) - Started o.e.j.s.ServletContextHandler@716516ce{logs,/logs,file:///home/runner/work/ozone/ozone/hadoop-ozone/integration-test/target/log,AVAILABLE}
2021-09-21 01:22:23,944 [Listener at 127.0.0.1/33583] INFO  handler.ContextHandler (ContextHandler.java:doStart(915)) - Started o.e.j.s.ServletContextHandler@154e31a5{static,/static,jar:file:/home/runner/.m2/repository/org/apache/ozone/hdds-container-service/1.2.0-SNAPSHOT/hdds-container-service-1.2.0-SNAPSHOT.jar!/webapps/static,AVAILABLE}
2021-09-21 01:22:23,971 [om1@group-C5BA1605619E-LeaderElection27] INFO  server.RaftServer$Division (ServerState.java:setRaftConf(387)) - om1@group-C5BA1605619E: set configuration 0: [om1|rpc:localhost:9872|admin:|client:|dataStream:|priority:0], old=null
2021-09-21 01:22:24,000 [om1@group-C5BA1605619E-StateMachineUpdater] INFO  ratis.OzoneManagerStateMachine (OzoneManagerStateMachine.java:notifyConfigurationChanged(188)) - Received Configuration change notification from Ratis. New Peer list:
[id: "om1"
address: "localhost:9872"
]
2021-09-21 01:22:24,077 [Listener at 127.0.0.1/33583] INFO  handler.ContextHandler (ContextHandler.java:doStart(915)) - Started o.e.j.w.WebAppContext@46241f9{hddsDatanode,/,file:///tmp/jetty-0_0_0_0-34193-hdds-container-service-1_2_0-SNAPSHOT_jar-_-any-4277450352272594842/webapp/,AVAILABLE}{jar:file:/home/runner/.m2/repository/org/apache/ozone/hdds-container-service/1.2.0-SNAPSHOT/hdds-container-service-1.2.0-SNAPSHOT.jar!/webapps/hddsDatanode}
2021-09-21 01:22:24,080 [Listener at 127.0.0.1/33583] INFO  server.AbstractConnector (AbstractConnector.java:doStart(331)) - Started ServerConnector@8196ff1{HTTP/1.1, (http/1.1)}{0.0.0.0:34193}
2021-09-21 01:22:24,081 [Listener at 127.0.0.1/33583] INFO  server.Server (Server.java:doStart(415)) - Started @95663ms
2021-09-21 01:22:24,107 [Listener at 127.0.0.1/33583] WARN  impl.MetricsSystemImpl (MetricsSystemImpl.java:register(279)) - Sink prometheus already exists!
2021-09-21 01:22:24,109 [Listener at 127.0.0.1/33583] INFO  http.BaseHttpServer (BaseHttpServer.java:updateConnectorAddress(329)) - HTTP server of hddsDatanode listening at http://0.0.0.0:34193
2021-09-21 01:22:24,135 [Listener at 127.0.0.1/33583] WARN  impl.MetricRegistriesImpl (MetricRegistriesImpl.java:addReporterRegistration(111)) - New reporters are added after registries were created. Some metrics will be missing from the reporter. Please add reporter before adding any new registry.
2021-09-21 01:22:24,135 [Listener at 127.0.0.1/33583] WARN  impl.MetricRegistriesImpl (MetricRegistriesImpl.java:addReporterRegistration(111)) - New reporters are added after registries were created. Some metrics will be missing from the reporter. Please add reporter before adding any new registry.
2021-09-21 01:22:24,135 [Listener at 127.0.0.1/33583] INFO  impl.MetricsSystemImpl (MetricsSystemImpl.java:init(158)) - HddsDatanode metrics system started (again)
2021-09-21 01:22:24,139 [Datanode State Machine Thread - 0] INFO  statemachine.DatanodeStateMachine (DatanodeStateMachine.java:lambda$startDaemon$0(456)) - Ozone container server started.
2021-09-21 01:22:24,211 [Listener at 127.0.0.1/33583] INFO  ozone.HddsDatanodeService (HddsDatanodeService.java:start(234)) - HddsDatanodeService host:fv-az122-453.zf1tlrj3kn4expqppa1j4mpycf.xx.internal.cloudapp.net ip:10.1.0.51
2021-09-21 01:22:24,248 [org.apache.hadoop.util.JvmPauseMonitor$Monitor@678357f7] INFO  util.JvmPauseMonitor (JvmPauseMonitor.java:run(188)) - Starting JVM pause monitor
2021-09-21 01:22:24,255 [Datanode State Machine Task Thread - 0] INFO  datanode.InitDatanodeState (InitDatanodeState.java:persistContainerDatanodeDetails(145)) - DatanodeDetails is persisted to /home/runner/work/ozone/ozone/hadoop-ozone/integration-test/target/test-dir/MiniOzoneClusterImpl-7349e056-7b32-48d8-92e4-5182ee86217f/datanode-1/meta/datanode.id
2021-09-21 01:22:24,263 [Listener at 127.0.0.1/33583] INFO  upgrade.AbstractLayoutVersionManager (AbstractLayoutVersionManager.java:init(79)) - Initializing Layout version manager with metadata layout = SCM_HA (version = 2), software layout = SCM_HA (version = 2)
2021-09-21 01:22:24,411 [Listener at 127.0.0.1/33583] INFO  reflections.Reflections (Reflections.java:scan(232)) - Reflections took 147 ms to scan 7 urls, producing 119 keys and 275 values 
2021-09-21 01:22:24,433 [Listener at 127.0.0.1/33583] INFO  volume.HddsVolume (HddsVolume.java:<init>(120)) - Creating HddsVolume: /home/runner/work/ozone/ozone/hadoop-ozone/integration-test/target/test-dir/MiniOzoneClusterImpl-7349e056-7b32-48d8-92e4-5182ee86217f/datanode-2/data-0/containers/hdds of storage type : DISK capacity : 9223372036854775807
2021-09-21 01:22:24,434 [Listener at 127.0.0.1/33583] INFO  volume.MutableVolumeSet (MutableVolumeSet.java:initializeVolumeSet(168)) - Added Volume : /home/runner/work/ozone/ozone/hadoop-ozone/integration-test/target/test-dir/MiniOzoneClusterImpl-7349e056-7b32-48d8-92e4-5182ee86217f/datanode-2/data-0/containers/hdds to VolumeSet
2021-09-21 01:22:24,434 [Listener at 127.0.0.1/33583] INFO  volume.ThrottledAsyncChecker (ThrottledAsyncChecker.java:schedule(141)) - Scheduling a check for /home/runner/work/ozone/ozone/hadoop-ozone/integration-test/target/test-dir/MiniOzoneClusterImpl-7349e056-7b32-48d8-92e4-5182ee86217f/datanode-2/data-0/containers/hdds
2021-09-21 01:22:24,440 [Listener at 127.0.0.1/33583] INFO  volume.StorageVolumeChecker (StorageVolumeChecker.java:checkAllVolumes(202)) - Scheduled health check for volume /home/runner/work/ozone/ozone/hadoop-ozone/integration-test/target/test-dir/MiniOzoneClusterImpl-7349e056-7b32-48d8-92e4-5182ee86217f/datanode-2/data-0/containers/hdds
2021-09-21 01:22:24,485 [Listener at 127.0.0.1/33583] INFO  volume.MutableVolumeSet (MutableVolumeSet.java:initializeVolumeSet(168)) - Added Volume : /home/runner/work/ozone/ozone/hadoop-ozone/integration-test/target/test-dir/MiniOzoneClusterImpl-7349e056-7b32-48d8-92e4-5182ee86217f/datanode-2/data/ratis to VolumeSet
2021-09-21 01:22:24,485 [Listener at 127.0.0.1/33583] INFO  volume.ThrottledAsyncChecker (ThrottledAsyncChecker.java:schedule(141)) - Scheduling a check for /home/runner/work/ozone/ozone/hadoop-ozone/integration-test/target/test-dir/MiniOzoneClusterImpl-7349e056-7b32-48d8-92e4-5182ee86217f/datanode-2/data/ratis
2021-09-21 01:22:24,486 [Listener at 127.0.0.1/33583] INFO  volume.StorageVolumeChecker (StorageVolumeChecker.java:checkAllVolumes(202)) - Scheduled health check for volume /home/runner/work/ozone/ozone/hadoop-ozone/integration-test/target/test-dir/MiniOzoneClusterImpl-7349e056-7b32-48d8-92e4-5182ee86217f/datanode-2/data/ratis
2021-09-21 01:22:24,561 [Thread-773] INFO  ozoneimpl.ContainerReader (ContainerReader.java:readVolume(172)) - Finish verifying containers on volume /home/runner/work/ozone/ozone/hadoop-ozone/integration-test/target/test-dir/MiniOzoneClusterImpl-7349e056-7b32-48d8-92e4-5182ee86217f/datanode-2/data-0/containers/hdds
2021-09-21 01:22:24,562 [Listener at 127.0.0.1/33583] INFO  ozoneimpl.OzoneContainer (OzoneContainer.java:buildContainerSet(236)) - Build ContainerSet costs 0s
2021-09-21 01:22:24,565 [Listener at 127.0.0.1/33583] INFO  server.RaftServer (ConfUtils.java:logGet(44)) - raft.rpc.type = GRPC (default)
2021-09-21 01:22:24,571 [Listener at 127.0.0.1/33583] INFO  grpc.GrpcFactory (GrpcFactory.java:checkPooledByteBufAllocatorUseCacheForAllThreads(48)) - PERFORMANCE WARNING: useCacheForAllThreads is true that may cause Netty to create a lot garbage objects and, as a result, trigger GC.
	It is recommended to disable useCacheForAllThreads by setting -Dorg.apache.ratis.thirdparty.io.netty.allocator.useCacheForAllThreads=false in command line.
2021-09-21 01:22:24,571 [Listener at 127.0.0.1/33583] INFO  grpc.GrpcConfigKeys (ConfUtils.java:logGet(44)) - raft.grpc.admin.port = 0 (custom)
2021-09-21 01:22:24,572 [Listener at 127.0.0.1/33583] INFO  grpc.GrpcConfigKeys (ConfUtils.java:logGet(44)) - raft.grpc.client.port = 0 (custom)
2021-09-21 01:22:24,572 [Listener at 127.0.0.1/33583] INFO  grpc.GrpcConfigKeys (ConfUtils.java:logGet(44)) - raft.grpc.server.port = 0 (default)
2021-09-21 01:22:24,572 [Listener at 127.0.0.1/33583] INFO  server.GrpcService (ConfUtils.java:logGet(44)) - raft.grpc.message.size.max = 32MB (=33554432) (custom)
2021-09-21 01:22:24,573 [Listener at 127.0.0.1/33583] INFO  server.RaftServerConfigKeys (ConfUtils.java:logGet(44)) - raft.server.log.appender.buffer.byte-limit = 33554432 (custom)
2021-09-21 01:22:24,574 [Listener at 127.0.0.1/33583] INFO  server.GrpcService (ConfUtils.java:logGet(44)) - raft.grpc.flow.control.window = 5MB (=5242880) (custom)
2021-09-21 01:22:24,574 [Listener at 127.0.0.1/33583] INFO  server.RaftServerConfigKeys (ConfUtils.java:logGet(44)) - raft.server.rpc.request.timeout = 3000ms (default)
2021-09-21 01:22:24,575 [Listener at 127.0.0.1/33583] INFO  impl.DataStreamServerImpl (ConfUtils.java:logGet(44)) - raft.datastream.type = DISABLED (default)
2021-09-21 01:22:24,576 [Listener at 127.0.0.1/33583] INFO  server.RaftServerConfigKeys (ConfUtils.java:logGet(44)) - raft.server.rpc.slowness.timeout = 300000ms (custom)
2021-09-21 01:22:24,576 [Listener at 127.0.0.1/33583] INFO  server.RaftServerConfigKeys (ConfUtils.java:logGet(44)) - raft.server.leaderelection.leader.step-down.wait-time = 10s (default)
2021-09-21 01:22:24,576 [Listener at 127.0.0.1/33583] INFO  server.RaftServerConfigKeys (ConfUtils.java:logGet(44)) - raft.server.storage.dir = [/home/runner/work/ozone/ozone/hadoop-ozone/integration-test/target/test-dir/MiniOzoneClusterImpl-7349e056-7b32-48d8-92e4-5182ee86217f/datanode-2/data/ratis] (custom)
2021-09-21 01:22:24,597 [Listener at 127.0.0.1/33583] INFO  http.BaseHttpServer (BaseHttpServer.java:newHttpServer2BuilderForOzone(209)) - Starting Web-server for hddsDatanode at: http://0.0.0.0:0
2021-09-21 01:22:24,597 [Listener at 127.0.0.1/33583] INFO  http.BaseHttpServer (BaseHttpServer.java:<init>(107)) - Hadoop Security Enabled: false Ozone Security Enabled: false Ozone HTTP Security Enabled: false 
2021-09-21 01:22:24,598 [Listener at 127.0.0.1/33583] INFO  server.AuthenticationFilter (AuthenticationFilter.java:constructSecretProvider(240)) - Unable to initialize FileSignerSecretProvider, falling back to use random secrets.
2021-09-21 01:22:24,599 [Listener at 127.0.0.1/33583] WARN  http.HttpRequestLog (HttpRequestLog.java:getRequestLog(103)) - Jetty request log can only be enabled using Log4j
2021-09-21 01:22:24,604 [Listener at 127.0.0.1/33583] INFO  http.HttpServer2 (HttpServer2.java:addGlobalFilter(1030)) - Added global filter 'safety' (class=org.apache.hadoop.hdds.server.http.HttpServer2$QuotingInputFilter)
2021-09-21 01:22:24,604 [Listener at 127.0.0.1/33583] INFO  http.HttpServer2 (HttpServer2.java:addFilter(1006)) - Added filter static_user_filter (class=org.apache.hadoop.http.lib.StaticUserWebFilter$StaticUserFilter) to context hddsDatanode
2021-09-21 01:22:24,607 [Listener at 127.0.0.1/33583] INFO  http.HttpServer2 (HttpServer2.java:addFilter(1014)) - Added filter static_user_filter (class=org.apache.hadoop.http.lib.StaticUserWebFilter$StaticUserFilter) to context logs
2021-09-21 01:22:24,608 [Listener at 127.0.0.1/33583] INFO  http.HttpServer2 (HttpServer2.java:addFilter(1014)) - Added filter static_user_filter (class=org.apache.hadoop.http.lib.StaticUserWebFilter$StaticUserFilter) to context static
2021-09-21 01:22:24,610 [Listener at 127.0.0.1/33583] INFO  http.HttpServer2 (HttpServer2.java:bindListener(1249)) - Jetty bound to port 43323
2021-09-21 01:22:24,612 [Listener at 127.0.0.1/33583] INFO  server.Server (Server.java:doStart(375)) - jetty-9.4.43.v20210629; built: 2021-06-30T11:07:22.254Z; git: 526006ecfa3af7f1a27ef3a288e2bef7ea9dd7e8; jvm 1.8.0_292-b10
2021-09-21 01:22:24,634 [Listener at 127.0.0.1/33583] INFO  server.session (DefaultSessionIdManager.java:doStart(334)) - DefaultSessionIdManager workerName=node0
2021-09-21 01:22:24,634 [Listener at 127.0.0.1/33583] INFO  server.session (DefaultSessionIdManager.java:doStart(339)) - No SessionScavenger set, using defaults
2021-09-21 01:22:24,634 [Listener at 127.0.0.1/33583] INFO  server.session (HouseKeeper.java:startScavenging(132)) - node0 Scavenging every 660000ms
2021-09-21 01:22:24,648 [Listener at 127.0.0.1/33583] INFO  handler.ContextHandler (ContextHandler.java:doStart(915)) - Started o.e.j.s.ServletContextHandler@1dbe76aa{logs,/logs,file:///home/runner/work/ozone/ozone/hadoop-ozone/integration-test/target/log,AVAILABLE}
2021-09-21 01:22:24,649 [Listener at 127.0.0.1/33583] INFO  handler.ContextHandler (ContextHandler.java:doStart(915)) - Started o.e.j.s.ServletContextHandler@c564e31{static,/static,jar:file:/home/runner/.m2/repository/org/apache/ozone/hdds-container-service/1.2.0-SNAPSHOT/hdds-container-service-1.2.0-SNAPSHOT.jar!/webapps/static,AVAILABLE}
2021-09-21 01:22:24,776 [Listener at 127.0.0.1/33583] INFO  handler.ContextHandler (ContextHandler.java:doStart(915)) - Started o.e.j.w.WebAppContext@567015ad{hddsDatanode,/,file:///tmp/jetty-0_0_0_0-43323-hdds-container-service-1_2_0-SNAPSHOT_jar-_-any-6481369137982758508/webapp/,AVAILABLE}{jar:file:/home/runner/.m2/repository/org/apache/ozone/hdds-container-service/1.2.0-SNAPSHOT/hdds-container-service-1.2.0-SNAPSHOT.jar!/webapps/hddsDatanode}
2021-09-21 01:22:24,792 [Listener at 127.0.0.1/33583] INFO  server.AbstractConnector (AbstractConnector.java:doStart(331)) - Started ServerConnector@74d7c00a{HTTP/1.1, (http/1.1)}{0.0.0.0:43323}
2021-09-21 01:22:24,792 [Listener at 127.0.0.1/33583] INFO  server.Server (Server.java:doStart(415)) - Started @96375ms
2021-09-21 01:22:24,792 [Listener at 127.0.0.1/33583] WARN  impl.MetricsSystemImpl (MetricsSystemImpl.java:register(279)) - Sink prometheus already exists!
2021-09-21 01:22:24,793 [Listener at 127.0.0.1/33583] INFO  http.BaseHttpServer (BaseHttpServer.java:updateConnectorAddress(329)) - HTTP server of hddsDatanode listening at http://0.0.0.0:43323
2021-09-21 01:22:24,808 [Listener at 127.0.0.1/33583] WARN  impl.MetricRegistriesImpl (MetricRegistriesImpl.java:addReporterRegistration(111)) - New reporters are added after registries were created. Some metrics will be missing from the reporter. Please add reporter before adding any new registry.
2021-09-21 01:22:24,808 [Listener at 127.0.0.1/33583] WARN  impl.MetricRegistriesImpl (MetricRegistriesImpl.java:addReporterRegistration(111)) - New reporters are added after registries were created. Some metrics will be missing from the reporter. Please add reporter before adding any new registry.
2021-09-21 01:22:24,809 [Listener at 127.0.0.1/33583] INFO  impl.MetricsSystemImpl (MetricsSystemImpl.java:init(158)) - HddsDatanode metrics system started (again)
2021-09-21 01:22:24,818 [Datanode State Machine Thread - 0] INFO  statemachine.DatanodeStateMachine (DatanodeStateMachine.java:lambda$startDaemon$0(456)) - Ozone container server started.
2021-09-21 01:22:24,843 [org.apache.hadoop.util.JvmPauseMonitor$Monitor@689a3562] INFO  util.JvmPauseMonitor (JvmPauseMonitor.java:run(188)) - Starting JVM pause monitor
2021-09-21 01:22:24,849 [Datanode State Machine Task Thread - 0] INFO  datanode.InitDatanodeState (InitDatanodeState.java:persistContainerDatanodeDetails(145)) - DatanodeDetails is persisted to /home/runner/work/ozone/ozone/hadoop-ozone/integration-test/target/test-dir/MiniOzoneClusterImpl-7349e056-7b32-48d8-92e4-5182ee86217f/datanode-2/meta/datanode.id
2021-09-21 01:22:24,854 [Listener at 127.0.0.1/33583] INFO  ozone.HddsDatanodeService (HddsDatanodeService.java:start(234)) - HddsDatanodeService host:fv-az122-453.zf1tlrj3kn4expqppa1j4mpycf.xx.internal.cloudapp.net ip:10.1.0.51
2021-09-21 01:22:24,916 [Listener at 127.0.0.1/33583] INFO  upgrade.AbstractLayoutVersionManager (AbstractLayoutVersionManager.java:init(79)) - Initializing Layout version manager with metadata layout = SCM_HA (version = 2), software layout = SCM_HA (version = 2)
2021-09-21 01:22:25,015 [Listener at 127.0.0.1/33583] INFO  reflections.Reflections (Reflections.java:scan(232)) - Reflections took 97 ms to scan 7 urls, producing 119 keys and 275 values 
2021-09-21 01:22:25,054 [Listener at 127.0.0.1/33583] INFO  volume.HddsVolume (HddsVolume.java:<init>(120)) - Creating HddsVolume: /home/runner/work/ozone/ozone/hadoop-ozone/integration-test/target/test-dir/MiniOzoneClusterImpl-7349e056-7b32-48d8-92e4-5182ee86217f/datanode-3/data-0/containers/hdds of storage type : DISK capacity : 9223372036854775807
2021-09-21 01:22:25,054 [Listener at 127.0.0.1/33583] INFO  volume.MutableVolumeSet (MutableVolumeSet.java:initializeVolumeSet(168)) - Added Volume : /home/runner/work/ozone/ozone/hadoop-ozone/integration-test/target/test-dir/MiniOzoneClusterImpl-7349e056-7b32-48d8-92e4-5182ee86217f/datanode-3/data-0/containers/hdds to VolumeSet
2021-09-21 01:22:25,055 [Listener at 127.0.0.1/33583] INFO  volume.ThrottledAsyncChecker (ThrottledAsyncChecker.java:schedule(141)) - Scheduling a check for /home/runner/work/ozone/ozone/hadoop-ozone/integration-test/target/test-dir/MiniOzoneClusterImpl-7349e056-7b32-48d8-92e4-5182ee86217f/datanode-3/data-0/containers/hdds
2021-09-21 01:22:25,065 [Listener at 127.0.0.1/33583] INFO  volume.StorageVolumeChecker (StorageVolumeChecker.java:checkAllVolumes(202)) - Scheduled health check for volume /home/runner/work/ozone/ozone/hadoop-ozone/integration-test/target/test-dir/MiniOzoneClusterImpl-7349e056-7b32-48d8-92e4-5182ee86217f/datanode-3/data-0/containers/hdds
2021-09-21 01:22:25,101 [Listener at 127.0.0.1/33583] INFO  volume.MutableVolumeSet (MutableVolumeSet.java:initializeVolumeSet(168)) - Added Volume : /home/runner/work/ozone/ozone/hadoop-ozone/integration-test/target/test-dir/MiniOzoneClusterImpl-7349e056-7b32-48d8-92e4-5182ee86217f/datanode-3/data/ratis to VolumeSet
2021-09-21 01:22:25,102 [Listener at 127.0.0.1/33583] INFO  volume.ThrottledAsyncChecker (ThrottledAsyncChecker.java:schedule(141)) - Scheduling a check for /home/runner/work/ozone/ozone/hadoop-ozone/integration-test/target/test-dir/MiniOzoneClusterImpl-7349e056-7b32-48d8-92e4-5182ee86217f/datanode-3/data/ratis
2021-09-21 01:22:25,105 [Listener at 127.0.0.1/33583] INFO  volume.StorageVolumeChecker (StorageVolumeChecker.java:checkAllVolumes(202)) - Scheduled health check for volume /home/runner/work/ozone/ozone/hadoop-ozone/integration-test/target/test-dir/MiniOzoneClusterImpl-7349e056-7b32-48d8-92e4-5182ee86217f/datanode-3/data/ratis
2021-09-21 01:22:25,175 [Thread-785] INFO  ozoneimpl.ContainerReader (ContainerReader.java:readVolume(172)) - Finish verifying containers on volume /home/runner/work/ozone/ozone/hadoop-ozone/integration-test/target/test-dir/MiniOzoneClusterImpl-7349e056-7b32-48d8-92e4-5182ee86217f/datanode-3/data-0/containers/hdds
2021-09-21 01:22:25,176 [Listener at 127.0.0.1/33583] INFO  ozoneimpl.OzoneContainer (OzoneContainer.java:buildContainerSet(236)) - Build ContainerSet costs 0s
2021-09-21 01:22:25,178 [Listener at 127.0.0.1/33583] INFO  server.RaftServer (ConfUtils.java:logGet(44)) - raft.rpc.type = GRPC (default)
2021-09-21 01:22:25,178 [Listener at 127.0.0.1/33583] INFO  grpc.GrpcFactory (GrpcFactory.java:checkPooledByteBufAllocatorUseCacheForAllThreads(48)) - PERFORMANCE WARNING: useCacheForAllThreads is true that may cause Netty to create a lot garbage objects and, as a result, trigger GC.
	It is recommended to disable useCacheForAllThreads by setting -Dorg.apache.ratis.thirdparty.io.netty.allocator.useCacheForAllThreads=false in command line.
2021-09-21 01:22:25,178 [Listener at 127.0.0.1/33583] INFO  grpc.GrpcConfigKeys (ConfUtils.java:logGet(44)) - raft.grpc.admin.port = 0 (custom)
2021-09-21 01:22:25,178 [Listener at 127.0.0.1/33583] INFO  grpc.GrpcConfigKeys (ConfUtils.java:logGet(44)) - raft.grpc.client.port = 0 (custom)
2021-09-21 01:22:25,178 [Listener at 127.0.0.1/33583] INFO  grpc.GrpcConfigKeys (ConfUtils.java:logGet(44)) - raft.grpc.server.port = 0 (default)
2021-09-21 01:22:25,179 [Listener at 127.0.0.1/33583] INFO  server.GrpcService (ConfUtils.java:logGet(44)) - raft.grpc.message.size.max = 32MB (=33554432) (custom)
2021-09-21 01:22:25,179 [Listener at 127.0.0.1/33583] INFO  server.RaftServerConfigKeys (ConfUtils.java:logGet(44)) - raft.server.log.appender.buffer.byte-limit = 33554432 (custom)
2021-09-21 01:22:25,179 [Listener at 127.0.0.1/33583] INFO  server.GrpcService (ConfUtils.java:logGet(44)) - raft.grpc.flow.control.window = 5MB (=5242880) (custom)
2021-09-21 01:22:25,179 [Listener at 127.0.0.1/33583] INFO  server.RaftServerConfigKeys (ConfUtils.java:logGet(44)) - raft.server.rpc.request.timeout = 3000ms (default)
2021-09-21 01:22:25,180 [Listener at 127.0.0.1/33583] INFO  impl.DataStreamServerImpl (ConfUtils.java:logGet(44)) - raft.datastream.type = DISABLED (default)
2021-09-21 01:22:25,180 [Listener at 127.0.0.1/33583] INFO  server.RaftServerConfigKeys (ConfUtils.java:logGet(44)) - raft.server.rpc.slowness.timeout = 300000ms (custom)
2021-09-21 01:22:25,181 [Listener at 127.0.0.1/33583] INFO  server.RaftServerConfigKeys (ConfUtils.java:logGet(44)) - raft.server.leaderelection.leader.step-down.wait-time = 10s (default)
2021-09-21 01:22:25,181 [Listener at 127.0.0.1/33583] INFO  server.RaftServerConfigKeys (ConfUtils.java:logGet(44)) - raft.server.storage.dir = [/home/runner/work/ozone/ozone/hadoop-ozone/integration-test/target/test-dir/MiniOzoneClusterImpl-7349e056-7b32-48d8-92e4-5182ee86217f/datanode-3/data/ratis] (custom)
2021-09-21 01:22:25,195 [Listener at 127.0.0.1/33583] INFO  http.BaseHttpServer (BaseHttpServer.java:newHttpServer2BuilderForOzone(209)) - Starting Web-server for hddsDatanode at: http://0.0.0.0:0
2021-09-21 01:22:25,195 [Listener at 127.0.0.1/33583] INFO  http.BaseHttpServer (BaseHttpServer.java:<init>(107)) - Hadoop Security Enabled: false Ozone Security Enabled: false Ozone HTTP Security Enabled: false 
2021-09-21 01:22:25,196 [Listener at 127.0.0.1/33583] INFO  server.AuthenticationFilter (AuthenticationFilter.java:constructSecretProvider(240)) - Unable to initialize FileSignerSecretProvider, falling back to use random secrets.
2021-09-21 01:22:25,200 [Listener at 127.0.0.1/33583] WARN  http.HttpRequestLog (HttpRequestLog.java:getRequestLog(103)) - Jetty request log can only be enabled using Log4j
2021-09-21 01:22:25,200 [Listener at 127.0.0.1/33583] INFO  http.HttpServer2 (HttpServer2.java:addGlobalFilter(1030)) - Added global filter 'safety' (class=org.apache.hadoop.hdds.server.http.HttpServer2$QuotingInputFilter)
2021-09-21 01:22:25,201 [Listener at 127.0.0.1/33583] INFO  http.HttpServer2 (HttpServer2.java:addFilter(1006)) - Added filter static_user_filter (class=org.apache.hadoop.http.lib.StaticUserWebFilter$StaticUserFilter) to context hddsDatanode
2021-09-21 01:22:25,201 [Listener at 127.0.0.1/33583] INFO  http.HttpServer2 (HttpServer2.java:addFilter(1014)) - Added filter static_user_filter (class=org.apache.hadoop.http.lib.StaticUserWebFilter$StaticUserFilter) to context static
2021-09-21 01:22:25,201 [Listener at 127.0.0.1/33583] INFO  http.HttpServer2 (HttpServer2.java:addFilter(1014)) - Added filter static_user_filter (class=org.apache.hadoop.http.lib.StaticUserWebFilter$StaticUserFilter) to context logs
2021-09-21 01:22:25,202 [Listener at 127.0.0.1/33583] INFO  http.HttpServer2 (HttpServer2.java:bindListener(1249)) - Jetty bound to port 33781
2021-09-21 01:22:25,202 [Listener at 127.0.0.1/33583] INFO  server.Server (Server.java:doStart(375)) - jetty-9.4.43.v20210629; built: 2021-06-30T11:07:22.254Z; git: 526006ecfa3af7f1a27ef3a288e2bef7ea9dd7e8; jvm 1.8.0_292-b10
2021-09-21 01:22:25,272 [Listener at 127.0.0.1/33583] INFO  server.session (DefaultSessionIdManager.java:doStart(334)) - DefaultSessionIdManager workerName=node0
2021-09-21 01:22:25,272 [Listener at 127.0.0.1/33583] INFO  server.session (DefaultSessionIdManager.java:doStart(339)) - No SessionScavenger set, using defaults
2021-09-21 01:22:25,272 [Listener at 127.0.0.1/33583] INFO  server.session (HouseKeeper.java:startScavenging(132)) - node0 Scavenging every 660000ms
2021-09-21 01:22:25,274 [Listener at 127.0.0.1/33583] INFO  handler.ContextHandler (ContextHandler.java:doStart(915)) - Started o.e.j.s.ServletContextHandler@57397a1c{logs,/logs,file:///home/runner/work/ozone/ozone/hadoop-ozone/integration-test/target/log,AVAILABLE}
2021-09-21 01:22:25,274 [Listener at 127.0.0.1/33583] INFO  handler.ContextHandler (ContextHandler.java:doStart(915)) - Started o.e.j.s.ServletContextHandler@58c74364{static,/static,jar:file:/home/runner/.m2/repository/org/apache/ozone/hdds-container-service/1.2.0-SNAPSHOT/hdds-container-service-1.2.0-SNAPSHOT.jar!/webapps/static,AVAILABLE}
2021-09-21 01:22:25,395 [Listener at 127.0.0.1/33583] INFO  handler.ContextHandler (ContextHandler.java:doStart(915)) - Started o.e.j.w.WebAppContext@6d6d3814{hddsDatanode,/,file:///tmp/jetty-0_0_0_0-33781-hdds-container-service-1_2_0-SNAPSHOT_jar-_-any-609204646471773724/webapp/,AVAILABLE}{jar:file:/home/runner/.m2/repository/org/apache/ozone/hdds-container-service/1.2.0-SNAPSHOT/hdds-container-service-1.2.0-SNAPSHOT.jar!/webapps/hddsDatanode}
2021-09-21 01:22:25,397 [Listener at 127.0.0.1/33583] INFO  server.AbstractConnector (AbstractConnector.java:doStart(331)) - Started ServerConnector@1ba6d195{HTTP/1.1, (http/1.1)}{0.0.0.0:33781}
2021-09-21 01:22:25,397 [Listener at 127.0.0.1/33583] INFO  server.Server (Server.java:doStart(415)) - Started @96980ms
2021-09-21 01:22:25,397 [Listener at 127.0.0.1/33583] WARN  impl.MetricsSystemImpl (MetricsSystemImpl.java:register(279)) - Sink prometheus already exists!
2021-09-21 01:22:25,404 [Listener at 127.0.0.1/33583] INFO  http.BaseHttpServer (BaseHttpServer.java:updateConnectorAddress(329)) - HTTP server of hddsDatanode listening at http://0.0.0.0:33781
2021-09-21 01:22:25,412 [Listener at 127.0.0.1/33583] WARN  impl.MetricRegistriesImpl (MetricRegistriesImpl.java:addReporterRegistration(111)) - New reporters are added after registries were created. Some metrics will be missing from the reporter. Please add reporter before adding any new registry.
2021-09-21 01:22:25,412 [Listener at 127.0.0.1/33583] WARN  impl.MetricRegistriesImpl (MetricRegistriesImpl.java:addReporterRegistration(111)) - New reporters are added after registries were created. Some metrics will be missing from the reporter. Please add reporter before adding any new registry.
2021-09-21 01:22:25,412 [Listener at 127.0.0.1/33583] INFO  impl.MetricsSystemImpl (MetricsSystemImpl.java:init(158)) - HddsDatanode metrics system started (again)
2021-09-21 01:22:25,415 [Datanode State Machine Thread - 0] INFO  statemachine.DatanodeStateMachine (DatanodeStateMachine.java:lambda$startDaemon$0(456)) - Ozone container server started.
2021-09-21 01:22:25,455 [Datanode State Machine Task Thread - 0] INFO  datanode.InitDatanodeState (InitDatanodeState.java:persistContainerDatanodeDetails(145)) - DatanodeDetails is persisted to /home/runner/work/ozone/ozone/hadoop-ozone/integration-test/target/test-dir/MiniOzoneClusterImpl-7349e056-7b32-48d8-92e4-5182ee86217f/datanode-3/meta/datanode.id
2021-09-21 01:22:25,461 [org.apache.hadoop.util.JvmPauseMonitor$Monitor@2df2c374] INFO  util.JvmPauseMonitor (JvmPauseMonitor.java:run(188)) - Starting JVM pause monitor
2021-09-21 01:22:25,462 [Listener at 127.0.0.1/33583] INFO  ozone.HddsDatanodeService (HddsDatanodeService.java:start(234)) - HddsDatanodeService host:fv-az122-453.zf1tlrj3kn4expqppa1j4mpycf.xx.internal.cloudapp.net ip:10.1.0.51
2021-09-21 01:22:25,554 [Listener at 127.0.0.1/33583] INFO  upgrade.AbstractLayoutVersionManager (AbstractLayoutVersionManager.java:init(79)) - Initializing Layout version manager with metadata layout = SCM_HA (version = 2), software layout = SCM_HA (version = 2)
2021-09-21 01:22:25,578 [EndpointStateMachine task thread for /0.0.0.0:45895 - 0 ] INFO  ozoneimpl.OzoneContainer (OzoneContainer.java:start(304)) - Attempting to start container services.
2021-09-21 01:22:25,578 [EndpointStateMachine task thread for /0.0.0.0:45895 - 0 ] INFO  ozoneimpl.OzoneContainer (OzoneContainer.java:startContainerScrub(249)) - Background container scanner has been disabled.
2021-09-21 01:22:25,578 [EndpointStateMachine task thread for /0.0.0.0:45895 - 0 ] INFO  replication.ReplicationServer (ReplicationServer.java:start(107)) - ReplicationServer is started using port 46007
2021-09-21 01:22:25,596 [EndpointStateMachine task thread for /0.0.0.0:45895 - 0 ] INFO  ratis.XceiverServerRatis (XceiverServerRatis.java:start(481)) - Starting XceiverServerRatis c67ce9c0-0a3a-4be5-b90f-8c76fbba61ed
2021-09-21 01:22:25,604 [EndpointStateMachine task thread for /0.0.0.0:45895 - 0 ] INFO  server.RaftServer (RaftServerProxy.java:lambda$start$5(374)) - c67ce9c0-0a3a-4be5-b90f-8c76fbba61ed: start RPC server
2021-09-21 01:22:25,610 [EndpointStateMachine task thread for /0.0.0.0:45895 - 0 ] INFO  server.GrpcService (GrpcService.java:startImpl(253)) - c67ce9c0-0a3a-4be5-b90f-8c76fbba61ed: GrpcService started, listening on 43243
2021-09-21 01:22:25,625 [EndpointStateMachine task thread for /0.0.0.0:45895 - 0 ] INFO  ratis.XceiverServerRatis (XceiverServerRatis.java:getRealPort(502)) - XceiverServerRatis c67ce9c0-0a3a-4be5-b90f-8c76fbba61ed is started using port 43243 for RATIS
2021-09-21 01:22:25,626 [EndpointStateMachine task thread for /0.0.0.0:45895 - 0 ] INFO  ratis.XceiverServerRatis (XceiverServerRatis.java:getRealPort(502)) - XceiverServerRatis c67ce9c0-0a3a-4be5-b90f-8c76fbba61ed is started using port 43243 for RATIS_ADMIN
2021-09-21 01:22:25,626 [EndpointStateMachine task thread for /0.0.0.0:45895 - 0 ] INFO  ratis.XceiverServerRatis (XceiverServerRatis.java:getRealPort(502)) - XceiverServerRatis c67ce9c0-0a3a-4be5-b90f-8c76fbba61ed is started using port 43243 for RATIS_SERVER
2021-09-21 01:22:25,627 [EndpointStateMachine task thread for /0.0.0.0:45895 - 0 ] INFO  server.XceiverServerGrpc (XceiverServerGrpc.java:start(135)) - XceiverServerGrpc c67ce9c0-0a3a-4be5-b90f-8c76fbba61ed is started using port 45299
2021-09-21 01:22:25,655 [org.apache.ratis.util.JvmPauseMonitor$$Lambda$531/116790936@661a5594] INFO  util.JvmPauseMonitor (JvmPauseMonitor.java:run(103)) - JvmPauseMonitor-c67ce9c0-0a3a-4be5-b90f-8c76fbba61ed: Started
2021-09-21 01:22:25,733 [Listener at 127.0.0.1/33583] INFO  reflections.Reflections (Reflections.java:scan(232)) - Reflections took 177 ms to scan 7 urls, producing 119 keys and 275 values 
2021-09-21 01:22:25,790 [Listener at 127.0.0.1/33583] INFO  volume.HddsVolume (HddsVolume.java:<init>(120)) - Creating HddsVolume: /home/runner/work/ozone/ozone/hadoop-ozone/integration-test/target/test-dir/MiniOzoneClusterImpl-7349e056-7b32-48d8-92e4-5182ee86217f/datanode-4/data-0/containers/hdds of storage type : DISK capacity : 9223372036854775807
2021-09-21 01:22:25,801 [Listener at 127.0.0.1/33583] INFO  volume.MutableVolumeSet (MutableVolumeSet.java:initializeVolumeSet(168)) - Added Volume : /home/runner/work/ozone/ozone/hadoop-ozone/integration-test/target/test-dir/MiniOzoneClusterImpl-7349e056-7b32-48d8-92e4-5182ee86217f/datanode-4/data-0/containers/hdds to VolumeSet
2021-09-21 01:22:25,802 [Listener at 127.0.0.1/33583] INFO  volume.ThrottledAsyncChecker (ThrottledAsyncChecker.java:schedule(141)) - Scheduling a check for /home/runner/work/ozone/ozone/hadoop-ozone/integration-test/target/test-dir/MiniOzoneClusterImpl-7349e056-7b32-48d8-92e4-5182ee86217f/datanode-4/data-0/containers/hdds
2021-09-21 01:22:25,831 [Listener at 127.0.0.1/33583] INFO  volume.StorageVolumeChecker (StorageVolumeChecker.java:checkAllVolumes(202)) - Scheduled health check for volume /home/runner/work/ozone/ozone/hadoop-ozone/integration-test/target/test-dir/MiniOzoneClusterImpl-7349e056-7b32-48d8-92e4-5182ee86217f/datanode-4/data-0/containers/hdds
2021-09-21 01:22:25,852 [Listener at 127.0.0.1/33583] INFO  volume.MutableVolumeSet (MutableVolumeSet.java:initializeVolumeSet(168)) - Added Volume : /home/runner/work/ozone/ozone/hadoop-ozone/integration-test/target/test-dir/MiniOzoneClusterImpl-7349e056-7b32-48d8-92e4-5182ee86217f/datanode-4/data/ratis to VolumeSet
2021-09-21 01:22:25,853 [Listener at 127.0.0.1/33583] INFO  volume.ThrottledAsyncChecker (ThrottledAsyncChecker.java:schedule(141)) - Scheduling a check for /home/runner/work/ozone/ozone/hadoop-ozone/integration-test/target/test-dir/MiniOzoneClusterImpl-7349e056-7b32-48d8-92e4-5182ee86217f/datanode-4/data/ratis
2021-09-21 01:22:25,853 [Listener at 127.0.0.1/33583] INFO  volume.StorageVolumeChecker (StorageVolumeChecker.java:checkAllVolumes(202)) - Scheduled health check for volume /home/runner/work/ozone/ozone/hadoop-ozone/integration-test/target/test-dir/MiniOzoneClusterImpl-7349e056-7b32-48d8-92e4-5182ee86217f/datanode-4/data/ratis
2021-09-21 01:22:25,905 [Thread-801] INFO  ozoneimpl.ContainerReader (ContainerReader.java:readVolume(172)) - Finish verifying containers on volume /home/runner/work/ozone/ozone/hadoop-ozone/integration-test/target/test-dir/MiniOzoneClusterImpl-7349e056-7b32-48d8-92e4-5182ee86217f/datanode-4/data-0/containers/hdds
2021-09-21 01:22:25,905 [Listener at 127.0.0.1/33583] INFO  ozoneimpl.OzoneContainer (OzoneContainer.java:buildContainerSet(236)) - Build ContainerSet costs 0s
2021-09-21 01:22:25,910 [Listener at 127.0.0.1/33583] INFO  server.RaftServer (ConfUtils.java:logGet(44)) - raft.rpc.type = GRPC (default)
2021-09-21 01:22:25,911 [Listener at 127.0.0.1/33583] INFO  grpc.GrpcFactory (GrpcFactory.java:checkPooledByteBufAllocatorUseCacheForAllThreads(48)) - PERFORMANCE WARNING: useCacheForAllThreads is true that may cause Netty to create a lot garbage objects and, as a result, trigger GC.
	It is recommended to disable useCacheForAllThreads by setting -Dorg.apache.ratis.thirdparty.io.netty.allocator.useCacheForAllThreads=false in command line.
2021-09-21 01:22:25,912 [Listener at 127.0.0.1/33583] INFO  grpc.GrpcConfigKeys (ConfUtils.java:logGet(44)) - raft.grpc.admin.port = 0 (custom)
2021-09-21 01:22:25,912 [Listener at 127.0.0.1/33583] INFO  grpc.GrpcConfigKeys (ConfUtils.java:logGet(44)) - raft.grpc.client.port = 0 (custom)
2021-09-21 01:22:25,913 [Listener at 127.0.0.1/33583] INFO  grpc.GrpcConfigKeys (ConfUtils.java:logGet(44)) - raft.grpc.server.port = 0 (default)
2021-09-21 01:22:25,914 [Listener at 127.0.0.1/33583] INFO  server.GrpcService (ConfUtils.java:logGet(44)) - raft.grpc.message.size.max = 32MB (=33554432) (custom)
2021-09-21 01:22:25,914 [Listener at 127.0.0.1/33583] INFO  server.RaftServerConfigKeys (ConfUtils.java:logGet(44)) - raft.server.log.appender.buffer.byte-limit = 33554432 (custom)
2021-09-21 01:22:25,914 [Listener at 127.0.0.1/33583] INFO  server.GrpcService (ConfUtils.java:logGet(44)) - raft.grpc.flow.control.window = 5MB (=5242880) (custom)
2021-09-21 01:22:25,914 [Listener at 127.0.0.1/33583] INFO  server.RaftServerConfigKeys (ConfUtils.java:logGet(44)) - raft.server.rpc.request.timeout = 3000ms (default)
2021-09-21 01:22:25,916 [Listener at 127.0.0.1/33583] INFO  impl.DataStreamServerImpl (ConfUtils.java:logGet(44)) - raft.datastream.type = DISABLED (default)
2021-09-21 01:22:25,917 [Listener at 127.0.0.1/33583] INFO  server.RaftServerConfigKeys (ConfUtils.java:logGet(44)) - raft.server.rpc.slowness.timeout = 300000ms (custom)
2021-09-21 01:22:25,917 [Listener at 127.0.0.1/33583] INFO  server.RaftServerConfigKeys (ConfUtils.java:logGet(44)) - raft.server.leaderelection.leader.step-down.wait-time = 10s (default)
2021-09-21 01:22:25,917 [Listener at 127.0.0.1/33583] INFO  server.RaftServerConfigKeys (ConfUtils.java:logGet(44)) - raft.server.storage.dir = [/home/runner/work/ozone/ozone/hadoop-ozone/integration-test/target/test-dir/MiniOzoneClusterImpl-7349e056-7b32-48d8-92e4-5182ee86217f/datanode-4/data/ratis] (custom)
2021-09-21 01:22:25,931 [Listener at 127.0.0.1/33583] INFO  http.BaseHttpServer (BaseHttpServer.java:newHttpServer2BuilderForOzone(209)) - Starting Web-server for hddsDatanode at: http://0.0.0.0:0
2021-09-21 01:22:25,931 [Listener at 127.0.0.1/33583] INFO  http.BaseHttpServer (BaseHttpServer.java:<init>(107)) - Hadoop Security Enabled: false Ozone Security Enabled: false Ozone HTTP Security Enabled: false 
2021-09-21 01:22:25,934 [Listener at 127.0.0.1/33583] INFO  server.AuthenticationFilter (AuthenticationFilter.java:constructSecretProvider(240)) - Unable to initialize FileSignerSecretProvider, falling back to use random secrets.
2021-09-21 01:22:25,936 [Listener at 127.0.0.1/33583] WARN  http.HttpRequestLog (HttpRequestLog.java:getRequestLog(103)) - Jetty request log can only be enabled using Log4j
2021-09-21 01:22:25,937 [Listener at 127.0.0.1/33583] INFO  http.HttpServer2 (HttpServer2.java:addGlobalFilter(1030)) - Added global filter 'safety' (class=org.apache.hadoop.hdds.server.http.HttpServer2$QuotingInputFilter)
2021-09-21 01:22:25,938 [Listener at 127.0.0.1/33583] INFO  http.HttpServer2 (HttpServer2.java:addFilter(1006)) - Added filter static_user_filter (class=org.apache.hadoop.http.lib.StaticUserWebFilter$StaticUserFilter) to context hddsDatanode
2021-09-21 01:22:25,938 [Listener at 127.0.0.1/33583] INFO  http.HttpServer2 (HttpServer2.java:addFilter(1014)) - Added filter static_user_filter (class=org.apache.hadoop.http.lib.StaticUserWebFilter$StaticUserFilter) to context static
2021-09-21 01:22:25,938 [Listener at 127.0.0.1/33583] INFO  http.HttpServer2 (HttpServer2.java:addFilter(1014)) - Added filter static_user_filter (class=org.apache.hadoop.http.lib.StaticUserWebFilter$StaticUserFilter) to context logs
2021-09-21 01:22:25,938 [Listener at 127.0.0.1/33583] INFO  http.HttpServer2 (HttpServer2.java:bindListener(1249)) - Jetty bound to port 42933
2021-09-21 01:22:25,939 [Listener at 127.0.0.1/33583] INFO  server.Server (Server.java:doStart(375)) - jetty-9.4.43.v20210629; built: 2021-06-30T11:07:22.254Z; git: 526006ecfa3af7f1a27ef3a288e2bef7ea9dd7e8; jvm 1.8.0_292-b10
2021-09-21 01:22:25,954 [Listener at 127.0.0.1/33583] INFO  server.session (DefaultSessionIdManager.java:doStart(334)) - DefaultSessionIdManager workerName=node0
2021-09-21 01:22:25,955 [Listener at 127.0.0.1/33583] INFO  server.session (DefaultSessionIdManager.java:doStart(339)) - No SessionScavenger set, using defaults
2021-09-21 01:22:25,955 [Listener at 127.0.0.1/33583] INFO  server.session (HouseKeeper.java:startScavenging(132)) - node0 Scavenging every 600000ms
2021-09-21 01:22:25,956 [Listener at 127.0.0.1/33583] INFO  handler.ContextHandler (ContextHandler.java:doStart(915)) - Started o.e.j.s.ServletContextHandler@74dc7276{logs,/logs,file:///home/runner/work/ozone/ozone/hadoop-ozone/integration-test/target/log,AVAILABLE}
2021-09-21 01:22:25,956 [Listener at 127.0.0.1/33583] INFO  handler.ContextHandler (ContextHandler.java:doStart(915)) - Started o.e.j.s.ServletContextHandler@5d2bd45a{static,/static,jar:file:/home/runner/.m2/repository/org/apache/ozone/hdds-container-service/1.2.0-SNAPSHOT/hdds-container-service-1.2.0-SNAPSHOT.jar!/webapps/static,AVAILABLE}
2021-09-21 01:22:26,062 [Listener at 127.0.0.1/33583] INFO  handler.ContextHandler (ContextHandler.java:doStart(915)) - Started o.e.j.w.WebAppContext@6b666548{hddsDatanode,/,file:///tmp/jetty-0_0_0_0-42933-hdds-container-service-1_2_0-SNAPSHOT_jar-_-any-2175876409226874701/webapp/,AVAILABLE}{jar:file:/home/runner/.m2/repository/org/apache/ozone/hdds-container-service/1.2.0-SNAPSHOT/hdds-container-service-1.2.0-SNAPSHOT.jar!/webapps/hddsDatanode}
2021-09-21 01:22:26,067 [Listener at 127.0.0.1/33583] INFO  server.AbstractConnector (AbstractConnector.java:doStart(331)) - Started ServerConnector@30ba6068{HTTP/1.1, (http/1.1)}{0.0.0.0:42933}
2021-09-21 01:22:26,068 [Listener at 127.0.0.1/33583] INFO  server.Server (Server.java:doStart(415)) - Started @97650ms
2021-09-21 01:22:26,068 [Listener at 127.0.0.1/33583] WARN  impl.MetricsSystemImpl (MetricsSystemImpl.java:register(279)) - Sink prometheus already exists!
2021-09-21 01:22:26,069 [Listener at 127.0.0.1/33583] INFO  http.BaseHttpServer (BaseHttpServer.java:updateConnectorAddress(329)) - HTTP server of hddsDatanode listening at http://0.0.0.0:42933
2021-09-21 01:22:26,071 [Listener at 127.0.0.1/33583] WARN  impl.MetricRegistriesImpl (MetricRegistriesImpl.java:addReporterRegistration(111)) - New reporters are added after registries were created. Some metrics will be missing from the reporter. Please add reporter before adding any new registry.
2021-09-21 01:22:26,072 [Listener at 127.0.0.1/33583] WARN  impl.MetricRegistriesImpl (MetricRegistriesImpl.java:addReporterRegistration(111)) - New reporters are added after registries were created. Some metrics will be missing from the reporter. Please add reporter before adding any new registry.
2021-09-21 01:22:26,072 [Listener at 127.0.0.1/33583] INFO  impl.MetricsSystemImpl (MetricsSystemImpl.java:init(158)) - HddsDatanode metrics system started (again)
2021-09-21 01:22:26,079 [Datanode State Machine Thread - 0] INFO  statemachine.DatanodeStateMachine (DatanodeStateMachine.java:lambda$startDaemon$0(456)) - Ozone container server started.
2021-09-21 01:22:26,095 [org.apache.hadoop.util.JvmPauseMonitor$Monitor@21d44574] INFO  util.JvmPauseMonitor (JvmPauseMonitor.java:run(188)) - Starting JVM pause monitor
2021-09-21 01:22:26,099 [Datanode State Machine Task Thread - 0] INFO  datanode.InitDatanodeState (InitDatanodeState.java:persistContainerDatanodeDetails(145)) - DatanodeDetails is persisted to /home/runner/work/ozone/ozone/hadoop-ozone/integration-test/target/test-dir/MiniOzoneClusterImpl-7349e056-7b32-48d8-92e4-5182ee86217f/datanode-4/meta/datanode.id
2021-09-21 01:22:26,119 [Listener at 127.0.0.1/33583] INFO  ozone.HddsDatanodeService (HddsDatanodeService.java:start(234)) - HddsDatanodeService host:fv-az122-453.zf1tlrj3kn4expqppa1j4mpycf.xx.internal.cloudapp.net ip:10.1.0.51
2021-09-21 01:22:26,182 [Listener at 127.0.0.1/33583] INFO  upgrade.AbstractLayoutVersionManager (AbstractLayoutVersionManager.java:init(79)) - Initializing Layout version manager with metadata layout = SCM_HA (version = 2), software layout = SCM_HA (version = 2)
2021-09-21 01:22:26,248 [Listener at 127.0.0.1/33583] INFO  reflections.Reflections (Reflections.java:scan(232)) - Reflections took 59 ms to scan 7 urls, producing 119 keys and 275 values 
2021-09-21 01:22:26,256 [Listener at 127.0.0.1/33583] INFO  volume.HddsVolume (HddsVolume.java:<init>(120)) - Creating HddsVolume: /home/runner/work/ozone/ozone/hadoop-ozone/integration-test/target/test-dir/MiniOzoneClusterImpl-7349e056-7b32-48d8-92e4-5182ee86217f/datanode-5/data-0/containers/hdds of storage type : DISK capacity : 9223372036854775807
2021-09-21 01:22:26,256 [Listener at 127.0.0.1/33583] INFO  volume.MutableVolumeSet (MutableVolumeSet.java:initializeVolumeSet(168)) - Added Volume : /home/runner/work/ozone/ozone/hadoop-ozone/integration-test/target/test-dir/MiniOzoneClusterImpl-7349e056-7b32-48d8-92e4-5182ee86217f/datanode-5/data-0/containers/hdds to VolumeSet
2021-09-21 01:22:26,256 [Listener at 127.0.0.1/33583] INFO  volume.ThrottledAsyncChecker (ThrottledAsyncChecker.java:schedule(141)) - Scheduling a check for /home/runner/work/ozone/ozone/hadoop-ozone/integration-test/target/test-dir/MiniOzoneClusterImpl-7349e056-7b32-48d8-92e4-5182ee86217f/datanode-5/data-0/containers/hdds
2021-09-21 01:22:26,263 [Listener at 127.0.0.1/33583] INFO  volume.StorageVolumeChecker (StorageVolumeChecker.java:checkAllVolumes(202)) - Scheduled health check for volume /home/runner/work/ozone/ozone/hadoop-ozone/integration-test/target/test-dir/MiniOzoneClusterImpl-7349e056-7b32-48d8-92e4-5182ee86217f/datanode-5/data-0/containers/hdds
2021-09-21 01:22:26,288 [EndpointStateMachine task thread for /0.0.0.0:45895 - 0 ] INFO  ozoneimpl.OzoneContainer (OzoneContainer.java:start(304)) - Attempting to start container services.
2021-09-21 01:22:26,299 [Listener at 127.0.0.1/33583] INFO  volume.MutableVolumeSet (MutableVolumeSet.java:initializeVolumeSet(168)) - Added Volume : /home/runner/work/ozone/ozone/hadoop-ozone/integration-test/target/test-dir/MiniOzoneClusterImpl-7349e056-7b32-48d8-92e4-5182ee86217f/datanode-5/data/ratis to VolumeSet
2021-09-21 01:22:26,300 [Listener at 127.0.0.1/33583] INFO  volume.ThrottledAsyncChecker (ThrottledAsyncChecker.java:schedule(141)) - Scheduling a check for /home/runner/work/ozone/ozone/hadoop-ozone/integration-test/target/test-dir/MiniOzoneClusterImpl-7349e056-7b32-48d8-92e4-5182ee86217f/datanode-5/data/ratis
2021-09-21 01:22:26,300 [Listener at 127.0.0.1/33583] INFO  volume.StorageVolumeChecker (StorageVolumeChecker.java:checkAllVolumes(202)) - Scheduled health check for volume /home/runner/work/ozone/ozone/hadoop-ozone/integration-test/target/test-dir/MiniOzoneClusterImpl-7349e056-7b32-48d8-92e4-5182ee86217f/datanode-5/data/ratis
2021-09-21 01:22:26,299 [EndpointStateMachine task thread for /0.0.0.0:45895 - 0 ] INFO  ozoneimpl.OzoneContainer (OzoneContainer.java:startContainerScrub(249)) - Background container scanner has been disabled.
2021-09-21 01:22:26,311 [EndpointStateMachine task thread for /0.0.0.0:45895 - 0 ] INFO  replication.ReplicationServer (ReplicationServer.java:start(107)) - ReplicationServer is started using port 33119
2021-09-21 01:22:26,335 [EndpointStateMachine task thread for /0.0.0.0:45895 - 0 ] INFO  ratis.XceiverServerRatis (XceiverServerRatis.java:start(481)) - Starting XceiverServerRatis c886e095-44b5-4a75-a59b-9e8bd319d099
2021-09-21 01:22:26,362 [EndpointStateMachine task thread for /0.0.0.0:45895 - 0 ] INFO  server.RaftServer (RaftServerProxy.java:lambda$start$5(374)) - c886e095-44b5-4a75-a59b-9e8bd319d099: start RPC server
2021-09-21 01:22:26,364 [EndpointStateMachine task thread for /0.0.0.0:45895 - 0 ] INFO  server.GrpcService (GrpcService.java:startImpl(253)) - c886e095-44b5-4a75-a59b-9e8bd319d099: GrpcService started, listening on 43537
2021-09-21 01:22:26,364 [EndpointStateMachine task thread for /0.0.0.0:45895 - 0 ] INFO  ratis.XceiverServerRatis (XceiverServerRatis.java:getRealPort(502)) - XceiverServerRatis c886e095-44b5-4a75-a59b-9e8bd319d099 is started using port 43537 for RATIS
2021-09-21 01:22:26,365 [EndpointStateMachine task thread for /0.0.0.0:45895 - 0 ] INFO  ratis.XceiverServerRatis (XceiverServerRatis.java:getRealPort(502)) - XceiverServerRatis c886e095-44b5-4a75-a59b-9e8bd319d099 is started using port 43537 for RATIS_ADMIN
2021-09-21 01:22:26,365 [EndpointStateMachine task thread for /0.0.0.0:45895 - 0 ] INFO  ratis.XceiverServerRatis (XceiverServerRatis.java:getRealPort(502)) - XceiverServerRatis c886e095-44b5-4a75-a59b-9e8bd319d099 is started using port 43537 for RATIS_SERVER
2021-09-21 01:22:26,365 [EndpointStateMachine task thread for /0.0.0.0:45895 - 0 ] INFO  server.XceiverServerGrpc (XceiverServerGrpc.java:start(135)) - XceiverServerGrpc c886e095-44b5-4a75-a59b-9e8bd319d099 is started using port 41033
2021-09-21 01:22:26,386 [org.apache.ratis.util.JvmPauseMonitor$$Lambda$531/116790936@695affa7] INFO  util.JvmPauseMonitor (JvmPauseMonitor.java:run(103)) - JvmPauseMonitor-c886e095-44b5-4a75-a59b-9e8bd319d099: Started
2021-09-21 01:22:26,403 [Thread-816] INFO  ozoneimpl.ContainerReader (ContainerReader.java:readVolume(172)) - Finish verifying containers on volume /home/runner/work/ozone/ozone/hadoop-ozone/integration-test/target/test-dir/MiniOzoneClusterImpl-7349e056-7b32-48d8-92e4-5182ee86217f/datanode-5/data-0/containers/hdds
2021-09-21 01:22:26,404 [Listener at 127.0.0.1/33583] INFO  ozoneimpl.OzoneContainer (OzoneContainer.java:buildContainerSet(236)) - Build ContainerSet costs 0s
2021-09-21 01:22:26,414 [Listener at 127.0.0.1/33583] INFO  server.RaftServer (ConfUtils.java:logGet(44)) - raft.rpc.type = GRPC (default)
2021-09-21 01:22:26,416 [Listener at 127.0.0.1/33583] INFO  grpc.GrpcFactory (GrpcFactory.java:checkPooledByteBufAllocatorUseCacheForAllThreads(48)) - PERFORMANCE WARNING: useCacheForAllThreads is true that may cause Netty to create a lot garbage objects and, as a result, trigger GC.
	It is recommended to disable useCacheForAllThreads by setting -Dorg.apache.ratis.thirdparty.io.netty.allocator.useCacheForAllThreads=false in command line.
2021-09-21 01:22:26,416 [Listener at 127.0.0.1/33583] INFO  grpc.GrpcConfigKeys (ConfUtils.java:logGet(44)) - raft.grpc.admin.port = 0 (custom)
2021-09-21 01:22:26,416 [Listener at 127.0.0.1/33583] INFO  grpc.GrpcConfigKeys (ConfUtils.java:logGet(44)) - raft.grpc.client.port = 0 (custom)
2021-09-21 01:22:26,417 [Listener at 127.0.0.1/33583] INFO  grpc.GrpcConfigKeys (ConfUtils.java:logGet(44)) - raft.grpc.server.port = 0 (default)
2021-09-21 01:22:26,417 [Listener at 127.0.0.1/33583] INFO  server.GrpcService (ConfUtils.java:logGet(44)) - raft.grpc.message.size.max = 32MB (=33554432) (custom)
2021-09-21 01:22:26,418 [Listener at 127.0.0.1/33583] INFO  server.RaftServerConfigKeys (ConfUtils.java:logGet(44)) - raft.server.log.appender.buffer.byte-limit = 33554432 (custom)
2021-09-21 01:22:26,418 [Listener at 127.0.0.1/33583] INFO  server.GrpcService (ConfUtils.java:logGet(44)) - raft.grpc.flow.control.window = 5MB (=5242880) (custom)
2021-09-21 01:22:26,418 [Listener at 127.0.0.1/33583] INFO  server.RaftServerConfigKeys (ConfUtils.java:logGet(44)) - raft.server.rpc.request.timeout = 3000ms (default)
2021-09-21 01:22:26,422 [Listener at 127.0.0.1/33583] INFO  impl.DataStreamServerImpl (ConfUtils.java:logGet(44)) - raft.datastream.type = DISABLED (default)
2021-09-21 01:22:26,422 [Listener at 127.0.0.1/33583] INFO  server.RaftServerConfigKeys (ConfUtils.java:logGet(44)) - raft.server.rpc.slowness.timeout = 300000ms (custom)
2021-09-21 01:22:26,423 [Listener at 127.0.0.1/33583] INFO  server.RaftServerConfigKeys (ConfUtils.java:logGet(44)) - raft.server.leaderelection.leader.step-down.wait-time = 10s (default)
2021-09-21 01:22:26,423 [Listener at 127.0.0.1/33583] INFO  server.RaftServerConfigKeys (ConfUtils.java:logGet(44)) - raft.server.storage.dir = [/home/runner/work/ozone/ozone/hadoop-ozone/integration-test/target/test-dir/MiniOzoneClusterImpl-7349e056-7b32-48d8-92e4-5182ee86217f/datanode-5/data/ratis] (custom)
2021-09-21 01:22:26,431 [Listener at 127.0.0.1/33583] INFO  http.BaseHttpServer (BaseHttpServer.java:newHttpServer2BuilderForOzone(209)) - Starting Web-server for hddsDatanode at: http://0.0.0.0:0
2021-09-21 01:22:26,431 [Listener at 127.0.0.1/33583] INFO  http.BaseHttpServer (BaseHttpServer.java:<init>(107)) - Hadoop Security Enabled: false Ozone Security Enabled: false Ozone HTTP Security Enabled: false 
2021-09-21 01:22:26,440 [Listener at 127.0.0.1/33583] INFO  server.AuthenticationFilter (AuthenticationFilter.java:constructSecretProvider(240)) - Unable to initialize FileSignerSecretProvider, falling back to use random secrets.
2021-09-21 01:22:26,471 [Listener at 127.0.0.1/33583] WARN  http.HttpRequestLog (HttpRequestLog.java:getRequestLog(103)) - Jetty request log can only be enabled using Log4j
2021-09-21 01:22:26,472 [Listener at 127.0.0.1/33583] INFO  http.HttpServer2 (HttpServer2.java:addGlobalFilter(1030)) - Added global filter 'safety' (class=org.apache.hadoop.hdds.server.http.HttpServer2$QuotingInputFilter)
2021-09-21 01:22:26,473 [Listener at 127.0.0.1/33583] INFO  http.HttpServer2 (HttpServer2.java:addFilter(1006)) - Added filter static_user_filter (class=org.apache.hadoop.http.lib.StaticUserWebFilter$StaticUserFilter) to context hddsDatanode
2021-09-21 01:22:26,473 [Listener at 127.0.0.1/33583] INFO  http.HttpServer2 (HttpServer2.java:addFilter(1014)) - Added filter static_user_filter (class=org.apache.hadoop.http.lib.StaticUserWebFilter$StaticUserFilter) to context static
2021-09-21 01:22:26,473 [Listener at 127.0.0.1/33583] INFO  http.HttpServer2 (HttpServer2.java:addFilter(1014)) - Added filter static_user_filter (class=org.apache.hadoop.http.lib.StaticUserWebFilter$StaticUserFilter) to context logs
2021-09-21 01:22:26,474 [Listener at 127.0.0.1/33583] INFO  http.HttpServer2 (HttpServer2.java:bindListener(1249)) - Jetty bound to port 41091
2021-09-21 01:22:26,474 [Listener at 127.0.0.1/33583] INFO  server.Server (Server.java:doStart(375)) - jetty-9.4.43.v20210629; built: 2021-06-30T11:07:22.254Z; git: 526006ecfa3af7f1a27ef3a288e2bef7ea9dd7e8; jvm 1.8.0_292-b10
2021-09-21 01:22:26,508 [Listener at 127.0.0.1/33583] INFO  server.session (DefaultSessionIdManager.java:doStart(334)) - DefaultSessionIdManager workerName=node0
2021-09-21 01:22:26,508 [Listener at 127.0.0.1/33583] INFO  server.session (DefaultSessionIdManager.java:doStart(339)) - No SessionScavenger set, using defaults
2021-09-21 01:22:26,509 [Listener at 127.0.0.1/33583] INFO  server.session (HouseKeeper.java:startScavenging(132)) - node0 Scavenging every 600000ms
2021-09-21 01:22:26,510 [Listener at 127.0.0.1/33583] INFO  handler.ContextHandler (ContextHandler.java:doStart(915)) - Started o.e.j.s.ServletContextHandler@64a65c71{logs,/logs,file:///home/runner/work/ozone/ozone/hadoop-ozone/integration-test/target/log,AVAILABLE}
2021-09-21 01:22:26,510 [Listener at 127.0.0.1/33583] INFO  handler.ContextHandler (ContextHandler.java:doStart(915)) - Started o.e.j.s.ServletContextHandler@c022524{static,/static,jar:file:/home/runner/.m2/repository/org/apache/ozone/hdds-container-service/1.2.0-SNAPSHOT/hdds-container-service-1.2.0-SNAPSHOT.jar!/webapps/static,AVAILABLE}
2021-09-21 01:22:26,654 [Listener at 127.0.0.1/33583] INFO  handler.ContextHandler (ContextHandler.java:doStart(915)) - Started o.e.j.w.WebAppContext@7c550d44{hddsDatanode,/,file:///tmp/jetty-0_0_0_0-41091-hdds-container-service-1_2_0-SNAPSHOT_jar-_-any-4990428826084106648/webapp/,AVAILABLE}{jar:file:/home/runner/.m2/repository/org/apache/ozone/hdds-container-service/1.2.0-SNAPSHOT/hdds-container-service-1.2.0-SNAPSHOT.jar!/webapps/hddsDatanode}
2021-09-21 01:22:26,671 [Listener at 127.0.0.1/33583] INFO  server.AbstractConnector (AbstractConnector.java:doStart(331)) - Started ServerConnector@72ed757b{HTTP/1.1, (http/1.1)}{0.0.0.0:41091}
2021-09-21 01:22:26,671 [Listener at 127.0.0.1/33583] INFO  server.Server (Server.java:doStart(415)) - Started @98254ms
2021-09-21 01:22:26,671 [Listener at 127.0.0.1/33583] WARN  impl.MetricsSystemImpl (MetricsSystemImpl.java:register(279)) - Sink prometheus already exists!
2021-09-21 01:22:26,672 [Listener at 127.0.0.1/33583] INFO  http.BaseHttpServer (BaseHttpServer.java:updateConnectorAddress(329)) - HTTP server of hddsDatanode listening at http://0.0.0.0:41091
2021-09-21 01:22:26,672 [Listener at 127.0.0.1/33583] WARN  impl.MetricRegistriesImpl (MetricRegistriesImpl.java:addReporterRegistration(111)) - New reporters are added after registries were created. Some metrics will be missing from the reporter. Please add reporter before adding any new registry.
2021-09-21 01:22:26,673 [Listener at 127.0.0.1/33583] WARN  impl.MetricRegistriesImpl (MetricRegistriesImpl.java:addReporterRegistration(111)) - New reporters are added after registries were created. Some metrics will be missing from the reporter. Please add reporter before adding any new registry.
2021-09-21 01:22:26,673 [Listener at 127.0.0.1/33583] INFO  impl.MetricsSystemImpl (MetricsSystemImpl.java:init(158)) - HddsDatanode metrics system started (again)
2021-09-21 01:22:26,697 [Datanode State Machine Thread - 0] INFO  statemachine.DatanodeStateMachine (DatanodeStateMachine.java:lambda$startDaemon$0(456)) - Ozone container server started.
2021-09-21 01:22:26,783 [org.apache.hadoop.util.JvmPauseMonitor$Monitor@5e44cf05] INFO  util.JvmPauseMonitor (JvmPauseMonitor.java:run(188)) - Starting JVM pause monitor
2021-09-21 01:22:26,796 [Datanode State Machine Task Thread - 0] INFO  datanode.InitDatanodeState (InitDatanodeState.java:persistContainerDatanodeDetails(145)) - DatanodeDetails is persisted to /home/runner/work/ozone/ozone/hadoop-ozone/integration-test/target/test-dir/MiniOzoneClusterImpl-7349e056-7b32-48d8-92e4-5182ee86217f/datanode-5/meta/datanode.id
2021-09-21 01:22:26,809 [Listener at 127.0.0.1/33583] INFO  ozone.HddsDatanodeService (HddsDatanodeService.java:start(234)) - HddsDatanodeService host:fv-az122-453.zf1tlrj3kn4expqppa1j4mpycf.xx.internal.cloudapp.net ip:10.1.0.51
2021-09-21 01:22:26,851 [Listener at 127.0.0.1/33583] INFO  upgrade.AbstractLayoutVersionManager (AbstractLayoutVersionManager.java:init(79)) - Initializing Layout version manager with metadata layout = SCM_HA (version = 2), software layout = SCM_HA (version = 2)
2021-09-21 01:22:26,862 [EndpointStateMachine task thread for /0.0.0.0:45895 - 0 ] INFO  ozoneimpl.OzoneContainer (OzoneContainer.java:start(304)) - Attempting to start container services.
2021-09-21 01:22:26,862 [EndpointStateMachine task thread for /0.0.0.0:45895 - 0 ] INFO  ozoneimpl.OzoneContainer (OzoneContainer.java:startContainerScrub(249)) - Background container scanner has been disabled.
2021-09-21 01:22:26,863 [EndpointStateMachine task thread for /0.0.0.0:45895 - 0 ] INFO  replication.ReplicationServer (ReplicationServer.java:start(107)) - ReplicationServer is started using port 38081
2021-09-21 01:22:26,892 [EndpointStateMachine task thread for /0.0.0.0:45895 - 0 ] INFO  ratis.XceiverServerRatis (XceiverServerRatis.java:start(481)) - Starting XceiverServerRatis be30f2b5-d5fc-49a0-9235-d4dd7ecd33b9
2021-09-21 01:22:26,921 [EndpointStateMachine task thread for /0.0.0.0:45895 - 0 ] INFO  server.RaftServer (RaftServerProxy.java:lambda$start$5(374)) - be30f2b5-d5fc-49a0-9235-d4dd7ecd33b9: start RPC server
2021-09-21 01:22:26,922 [EndpointStateMachine task thread for /0.0.0.0:45895 - 0 ] INFO  server.GrpcService (GrpcService.java:startImpl(253)) - be30f2b5-d5fc-49a0-9235-d4dd7ecd33b9: GrpcService started, listening on 40839
2021-09-21 01:22:26,947 [EndpointStateMachine task thread for /0.0.0.0:45895 - 0 ] INFO  ratis.XceiverServerRatis (XceiverServerRatis.java:getRealPort(502)) - XceiverServerRatis be30f2b5-d5fc-49a0-9235-d4dd7ecd33b9 is started using port 40839 for RATIS
2021-09-21 01:22:26,947 [EndpointStateMachine task thread for /0.0.0.0:45895 - 0 ] INFO  ratis.XceiverServerRatis (XceiverServerRatis.java:getRealPort(502)) - XceiverServerRatis be30f2b5-d5fc-49a0-9235-d4dd7ecd33b9 is started using port 40839 for RATIS_ADMIN
2021-09-21 01:22:26,947 [EndpointStateMachine task thread for /0.0.0.0:45895 - 0 ] INFO  ratis.XceiverServerRatis (XceiverServerRatis.java:getRealPort(502)) - XceiverServerRatis be30f2b5-d5fc-49a0-9235-d4dd7ecd33b9 is started using port 40839 for RATIS_SERVER
2021-09-21 01:22:26,948 [EndpointStateMachine task thread for /0.0.0.0:45895 - 0 ] INFO  server.XceiverServerGrpc (XceiverServerGrpc.java:start(135)) - XceiverServerGrpc be30f2b5-d5fc-49a0-9235-d4dd7ecd33b9 is started using port 45589
2021-09-21 01:22:26,950 [org.apache.ratis.util.JvmPauseMonitor$$Lambda$531/116790936@449a2bdc] INFO  util.JvmPauseMonitor (JvmPauseMonitor.java:run(103)) - JvmPauseMonitor-be30f2b5-d5fc-49a0-9235-d4dd7ecd33b9: Started
2021-09-21 01:22:26,968 [Listener at 127.0.0.1/33583] INFO  reflections.Reflections (Reflections.java:scan(232)) - Reflections took 115 ms to scan 7 urls, producing 119 keys and 275 values 
2021-09-21 01:22:26,970 [Listener at 127.0.0.1/33583] INFO  volume.HddsVolume (HddsVolume.java:<init>(120)) - Creating HddsVolume: /home/runner/work/ozone/ozone/hadoop-ozone/integration-test/target/test-dir/MiniOzoneClusterImpl-7349e056-7b32-48d8-92e4-5182ee86217f/datanode-6/data-0/containers/hdds of storage type : DISK capacity : 9223372036854775807
2021-09-21 01:22:26,971 [Listener at 127.0.0.1/33583] INFO  volume.MutableVolumeSet (MutableVolumeSet.java:initializeVolumeSet(168)) - Added Volume : /home/runner/work/ozone/ozone/hadoop-ozone/integration-test/target/test-dir/MiniOzoneClusterImpl-7349e056-7b32-48d8-92e4-5182ee86217f/datanode-6/data-0/containers/hdds to VolumeSet
2021-09-21 01:22:26,971 [Listener at 127.0.0.1/33583] INFO  volume.ThrottledAsyncChecker (ThrottledAsyncChecker.java:schedule(141)) - Scheduling a check for /home/runner/work/ozone/ozone/hadoop-ozone/integration-test/target/test-dir/MiniOzoneClusterImpl-7349e056-7b32-48d8-92e4-5182ee86217f/datanode-6/data-0/containers/hdds
2021-09-21 01:22:26,972 [Listener at 127.0.0.1/33583] INFO  volume.StorageVolumeChecker (StorageVolumeChecker.java:checkAllVolumes(202)) - Scheduled health check for volume /home/runner/work/ozone/ozone/hadoop-ozone/integration-test/target/test-dir/MiniOzoneClusterImpl-7349e056-7b32-48d8-92e4-5182ee86217f/datanode-6/data-0/containers/hdds
2021-09-21 01:22:26,988 [Listener at 127.0.0.1/33583] INFO  volume.MutableVolumeSet (MutableVolumeSet.java:initializeVolumeSet(168)) - Added Volume : /home/runner/work/ozone/ozone/hadoop-ozone/integration-test/target/test-dir/MiniOzoneClusterImpl-7349e056-7b32-48d8-92e4-5182ee86217f/datanode-6/data/ratis to VolumeSet
2021-09-21 01:22:26,988 [Listener at 127.0.0.1/33583] INFO  volume.ThrottledAsyncChecker (ThrottledAsyncChecker.java:schedule(141)) - Scheduling a check for /home/runner/work/ozone/ozone/hadoop-ozone/integration-test/target/test-dir/MiniOzoneClusterImpl-7349e056-7b32-48d8-92e4-5182ee86217f/datanode-6/data/ratis
2021-09-21 01:22:26,995 [Listener at 127.0.0.1/33583] INFO  volume.StorageVolumeChecker (StorageVolumeChecker.java:checkAllVolumes(202)) - Scheduled health check for volume /home/runner/work/ozone/ozone/hadoop-ozone/integration-test/target/test-dir/MiniOzoneClusterImpl-7349e056-7b32-48d8-92e4-5182ee86217f/datanode-6/data/ratis
2021-09-21 01:22:27,021 [Thread-831] INFO  ozoneimpl.ContainerReader (ContainerReader.java:readVolume(172)) - Finish verifying containers on volume /home/runner/work/ozone/ozone/hadoop-ozone/integration-test/target/test-dir/MiniOzoneClusterImpl-7349e056-7b32-48d8-92e4-5182ee86217f/datanode-6/data-0/containers/hdds
2021-09-21 01:22:27,022 [Listener at 127.0.0.1/33583] INFO  ozoneimpl.OzoneContainer (OzoneContainer.java:buildContainerSet(236)) - Build ContainerSet costs 0s
2021-09-21 01:22:27,024 [Listener at 127.0.0.1/33583] INFO  server.RaftServer (ConfUtils.java:logGet(44)) - raft.rpc.type = GRPC (default)
2021-09-21 01:22:27,024 [Listener at 127.0.0.1/33583] INFO  grpc.GrpcFactory (GrpcFactory.java:checkPooledByteBufAllocatorUseCacheForAllThreads(48)) - PERFORMANCE WARNING: useCacheForAllThreads is true that may cause Netty to create a lot garbage objects and, as a result, trigger GC.
	It is recommended to disable useCacheForAllThreads by setting -Dorg.apache.ratis.thirdparty.io.netty.allocator.useCacheForAllThreads=false in command line.
2021-09-21 01:22:27,025 [Listener at 127.0.0.1/33583] INFO  grpc.GrpcConfigKeys (ConfUtils.java:logGet(44)) - raft.grpc.admin.port = 0 (custom)
2021-09-21 01:22:27,025 [Listener at 127.0.0.1/33583] INFO  grpc.GrpcConfigKeys (ConfUtils.java:logGet(44)) - raft.grpc.client.port = 0 (custom)
2021-09-21 01:22:27,025 [Listener at 127.0.0.1/33583] INFO  grpc.GrpcConfigKeys (ConfUtils.java:logGet(44)) - raft.grpc.server.port = 0 (default)
2021-09-21 01:22:27,025 [Listener at 127.0.0.1/33583] INFO  server.GrpcService (ConfUtils.java:logGet(44)) - raft.grpc.message.size.max = 32MB (=33554432) (custom)
2021-09-21 01:22:27,025 [Listener at 127.0.0.1/33583] INFO  server.RaftServerConfigKeys (ConfUtils.java:logGet(44)) - raft.server.log.appender.buffer.byte-limit = 33554432 (custom)
2021-09-21 01:22:27,025 [Listener at 127.0.0.1/33583] INFO  server.GrpcService (ConfUtils.java:logGet(44)) - raft.grpc.flow.control.window = 5MB (=5242880) (custom)
2021-09-21 01:22:27,026 [Listener at 127.0.0.1/33583] INFO  server.RaftServerConfigKeys (ConfUtils.java:logGet(44)) - raft.server.rpc.request.timeout = 3000ms (default)
2021-09-21 01:22:27,027 [Listener at 127.0.0.1/33583] INFO  impl.DataStreamServerImpl (ConfUtils.java:logGet(44)) - raft.datastream.type = DISABLED (default)
2021-09-21 01:22:27,027 [Listener at 127.0.0.1/33583] INFO  server.RaftServerConfigKeys (ConfUtils.java:logGet(44)) - raft.server.rpc.slowness.timeout = 300000ms (custom)
2021-09-21 01:22:27,027 [Listener at 127.0.0.1/33583] INFO  server.RaftServerConfigKeys (ConfUtils.java:logGet(44)) - raft.server.leaderelection.leader.step-down.wait-time = 10s (default)
2021-09-21 01:22:27,027 [Listener at 127.0.0.1/33583] INFO  server.RaftServerConfigKeys (ConfUtils.java:logGet(44)) - raft.server.storage.dir = [/home/runner/work/ozone/ozone/hadoop-ozone/integration-test/target/test-dir/MiniOzoneClusterImpl-7349e056-7b32-48d8-92e4-5182ee86217f/datanode-6/data/ratis] (custom)
2021-09-21 01:22:27,080 [Listener at 127.0.0.1/33583] INFO  http.BaseHttpServer (BaseHttpServer.java:newHttpServer2BuilderForOzone(209)) - Starting Web-server for hddsDatanode at: http://0.0.0.0:0
2021-09-21 01:22:27,080 [Listener at 127.0.0.1/33583] INFO  http.BaseHttpServer (BaseHttpServer.java:<init>(107)) - Hadoop Security Enabled: false Ozone Security Enabled: false Ozone HTTP Security Enabled: false 
2021-09-21 01:22:27,082 [Listener at 127.0.0.1/33583] INFO  server.AuthenticationFilter (AuthenticationFilter.java:constructSecretProvider(240)) - Unable to initialize FileSignerSecretProvider, falling back to use random secrets.
2021-09-21 01:22:27,083 [Listener at 127.0.0.1/33583] WARN  http.HttpRequestLog (HttpRequestLog.java:getRequestLog(103)) - Jetty request log can only be enabled using Log4j
2021-09-21 01:22:27,084 [Listener at 127.0.0.1/33583] INFO  http.HttpServer2 (HttpServer2.java:addGlobalFilter(1030)) - Added global filter 'safety' (class=org.apache.hadoop.hdds.server.http.HttpServer2$QuotingInputFilter)
2021-09-21 01:22:27,084 [Listener at 127.0.0.1/33583] INFO  http.HttpServer2 (HttpServer2.java:addFilter(1006)) - Added filter static_user_filter (class=org.apache.hadoop.http.lib.StaticUserWebFilter$StaticUserFilter) to context hddsDatanode
2021-09-21 01:22:27,084 [Listener at 127.0.0.1/33583] INFO  http.HttpServer2 (HttpServer2.java:addFilter(1014)) - Added filter static_user_filter (class=org.apache.hadoop.http.lib.StaticUserWebFilter$StaticUserFilter) to context static
2021-09-21 01:22:27,085 [Listener at 127.0.0.1/33583] INFO  http.HttpServer2 (HttpServer2.java:addFilter(1014)) - Added filter static_user_filter (class=org.apache.hadoop.http.lib.StaticUserWebFilter$StaticUserFilter) to context logs
2021-09-21 01:22:27,091 [Listener at 127.0.0.1/33583] INFO  http.HttpServer2 (HttpServer2.java:bindListener(1249)) - Jetty bound to port 39347
2021-09-21 01:22:27,092 [Listener at 127.0.0.1/33583] INFO  server.Server (Server.java:doStart(375)) - jetty-9.4.43.v20210629; built: 2021-06-30T11:07:22.254Z; git: 526006ecfa3af7f1a27ef3a288e2bef7ea9dd7e8; jvm 1.8.0_292-b10
2021-09-21 01:22:27,152 [Listener at 127.0.0.1/33583] INFO  server.session (DefaultSessionIdManager.java:doStart(334)) - DefaultSessionIdManager workerName=node0
2021-09-21 01:22:27,152 [Listener at 127.0.0.1/33583] INFO  server.session (DefaultSessionIdManager.java:doStart(339)) - No SessionScavenger set, using defaults
2021-09-21 01:22:27,162 [Listener at 127.0.0.1/33583] INFO  server.session (HouseKeeper.java:startScavenging(132)) - node0 Scavenging every 660000ms
2021-09-21 01:22:27,172 [Listener at 127.0.0.1/33583] INFO  handler.ContextHandler (ContextHandler.java:doStart(915)) - Started o.e.j.s.ServletContextHandler@3a1f99c2{logs,/logs,file:///home/runner/work/ozone/ozone/hadoop-ozone/integration-test/target/log,AVAILABLE}
2021-09-21 01:22:27,172 [Listener at 127.0.0.1/33583] INFO  handler.ContextHandler (ContextHandler.java:doStart(915)) - Started o.e.j.s.ServletContextHandler@129908da{static,/static,jar:file:/home/runner/.m2/repository/org/apache/ozone/hdds-container-service/1.2.0-SNAPSHOT/hdds-container-service-1.2.0-SNAPSHOT.jar!/webapps/static,AVAILABLE}
2021-09-21 01:22:27,296 [Listener at 127.0.0.1/33583] INFO  handler.ContextHandler (ContextHandler.java:doStart(915)) - Started o.e.j.w.WebAppContext@7a09f358{hddsDatanode,/,file:///tmp/jetty-0_0_0_0-39347-hdds-container-service-1_2_0-SNAPSHOT_jar-_-any-7097941739914031143/webapp/,AVAILABLE}{jar:file:/home/runner/.m2/repository/org/apache/ozone/hdds-container-service/1.2.0-SNAPSHOT/hdds-container-service-1.2.0-SNAPSHOT.jar!/webapps/hddsDatanode}
2021-09-21 01:22:27,322 [Listener at 127.0.0.1/33583] INFO  server.AbstractConnector (AbstractConnector.java:doStart(331)) - Started ServerConnector@62c462e{HTTP/1.1, (http/1.1)}{0.0.0.0:39347}
2021-09-21 01:22:27,323 [Listener at 127.0.0.1/33583] INFO  server.Server (Server.java:doStart(415)) - Started @98905ms
2021-09-21 01:22:27,323 [Listener at 127.0.0.1/33583] WARN  impl.MetricsSystemImpl (MetricsSystemImpl.java:register(279)) - Sink prometheus already exists!
2021-09-21 01:22:27,324 [Listener at 127.0.0.1/33583] INFO  http.BaseHttpServer (BaseHttpServer.java:updateConnectorAddress(329)) - HTTP server of hddsDatanode listening at http://0.0.0.0:39347
2021-09-21 01:22:27,335 [Listener at 127.0.0.1/33583] WARN  impl.MetricRegistriesImpl (MetricRegistriesImpl.java:addReporterRegistration(111)) - New reporters are added after registries were created. Some metrics will be missing from the reporter. Please add reporter before adding any new registry.
2021-09-21 01:22:27,336 [Listener at 127.0.0.1/33583] WARN  impl.MetricRegistriesImpl (MetricRegistriesImpl.java:addReporterRegistration(111)) - New reporters are added after registries were created. Some metrics will be missing from the reporter. Please add reporter before adding any new registry.
2021-09-21 01:22:27,336 [Listener at 127.0.0.1/33583] INFO  impl.MetricsSystemImpl (MetricsSystemImpl.java:init(158)) - HddsDatanode metrics system started (again)
2021-09-21 01:22:27,355 [Datanode State Machine Thread - 0] INFO  statemachine.DatanodeStateMachine (DatanodeStateMachine.java:lambda$startDaemon$0(456)) - Ozone container server started.
2021-09-21 01:22:27,392 [Listener at 127.0.0.1/33583] INFO  ozone.HddsDatanodeService (HddsDatanodeService.java:start(234)) - HddsDatanodeService host:fv-az122-453.zf1tlrj3kn4expqppa1j4mpycf.xx.internal.cloudapp.net ip:10.1.0.51
2021-09-21 01:22:27,427 [org.apache.hadoop.util.JvmPauseMonitor$Monitor@222327aa] INFO  util.JvmPauseMonitor (JvmPauseMonitor.java:run(188)) - Starting JVM pause monitor
2021-09-21 01:22:27,452 [Datanode State Machine Task Thread - 0] INFO  datanode.InitDatanodeState (InitDatanodeState.java:persistContainerDatanodeDetails(145)) - DatanodeDetails is persisted to /home/runner/work/ozone/ozone/hadoop-ozone/integration-test/target/test-dir/MiniOzoneClusterImpl-7349e056-7b32-48d8-92e4-5182ee86217f/datanode-6/meta/datanode.id
2021-09-21 01:22:27,452 [Listener at 127.0.0.1/33583] INFO  upgrade.AbstractLayoutVersionManager (AbstractLayoutVersionManager.java:init(79)) - Initializing Layout version manager with metadata layout = SCM_HA (version = 2), software layout = SCM_HA (version = 2)
2021-09-21 01:22:27,462 [IPC Server handler 2 on default port 45895] INFO  net.NetworkTopologyImpl (NetworkTopologyImpl.java:add(112)) - Added a new node: /default-rack/c67ce9c0-0a3a-4be5-b90f-8c76fbba61ed
2021-09-21 01:22:27,462 [IPC Server handler 2 on default port 45895] INFO  node.SCMNodeManager (SCMNodeManager.java:register(389)) - Registered Data node : c67ce9c0-0a3a-4be5-b90f-8c76fbba61ed{ip: 10.1.0.51, host: fv-az122-453.zf1tlrj3kn4expqppa1j4mpycf.xx.internal.cloudapp.net, ports: [REPLICATION=46007, RATIS=43243, RATIS_ADMIN=43243, RATIS_SERVER=43243, STANDALONE=45299], networkLocation: /default-rack, certSerialId: null, persistedOpState: null, persistedOpStateExpiryEpochSec: 0}
2021-09-21 01:22:27,523 [EventQueue-NodeRegistrationContainerReportForDataNodeSafeModeRule] INFO  safemode.SCMSafeModeManager (DataNodeSafeModeRule.java:process(71)) - SCM in safe mode. 1 DataNodes registered, 3 required.
2021-09-21 01:22:27,531 [EventQueue-NodeRegistrationContainerReportForContainerSafeModeRule] INFO  safemode.SCMSafeModeManager (SCMSafeModeManager.java:validateSafeModeExitRules(204)) - ContainerSafeModeRule rule is successfully validated
2021-09-21 01:22:27,550 [Listener at 127.0.0.1/33583] INFO  reflections.Reflections (Reflections.java:scan(232)) - Reflections took 97 ms to scan 7 urls, producing 119 keys and 275 values 
2021-09-21 01:22:27,567 [Listener at 127.0.0.1/33583] INFO  volume.HddsVolume (HddsVolume.java:<init>(120)) - Creating HddsVolume: /home/runner/work/ozone/ozone/hadoop-ozone/integration-test/target/test-dir/MiniOzoneClusterImpl-7349e056-7b32-48d8-92e4-5182ee86217f/datanode-7/data-0/containers/hdds of storage type : DISK capacity : 9223372036854775807
2021-09-21 01:22:27,568 [Listener at 127.0.0.1/33583] INFO  volume.MutableVolumeSet (MutableVolumeSet.java:initializeVolumeSet(168)) - Added Volume : /home/runner/work/ozone/ozone/hadoop-ozone/integration-test/target/test-dir/MiniOzoneClusterImpl-7349e056-7b32-48d8-92e4-5182ee86217f/datanode-7/data-0/containers/hdds to VolumeSet
2021-09-21 01:22:27,568 [Listener at 127.0.0.1/33583] INFO  volume.ThrottledAsyncChecker (ThrottledAsyncChecker.java:schedule(141)) - Scheduling a check for /home/runner/work/ozone/ozone/hadoop-ozone/integration-test/target/test-dir/MiniOzoneClusterImpl-7349e056-7b32-48d8-92e4-5182ee86217f/datanode-7/data-0/containers/hdds
2021-09-21 01:22:27,590 [Listener at 127.0.0.1/33583] INFO  volume.StorageVolumeChecker (StorageVolumeChecker.java:checkAllVolumes(202)) - Scheduled health check for volume /home/runner/work/ozone/ozone/hadoop-ozone/integration-test/target/test-dir/MiniOzoneClusterImpl-7349e056-7b32-48d8-92e4-5182ee86217f/datanode-7/data-0/containers/hdds
2021-09-21 01:22:27,600 [EventQueue-NewNodeForNewNodeHandler] INFO  pipeline.BackgroundPipelineCreator (BackgroundPipelineCreatorV2.java:notifyEventTriggered(285)) - trigger a one-shot run on RatisPipelineUtilsThread.
2021-09-21 01:22:27,601 [EventQueue-PipelineReportForOneReplicaPipelineSafeModeRule] INFO  safemode.SCMSafeModeManager (SCMSafeModeManager.java:validateSafeModeExitRules(204)) - AtleastOneDatanodeReportedRule rule is successfully validated
2021-09-21 01:22:27,603 [RatisPipelineUtilsThread - 0] INFO  pipeline.RatisPipelineProvider (RatisPipelineProvider.java:lambda$create$0(183)) - Sending CreatePipelineCommand for pipeline:PipelineID=b816773b-c24f-473f-a074-4c2b2e51fdd8 to datanode:c67ce9c0-0a3a-4be5-b90f-8c76fbba61ed
2021-09-21 01:22:27,604 [RatisPipelineUtilsThread - 0] INFO  pipeline.PipelineStateManager (PipelineStateManagerV2Impl.java:addPipeline(101)) - Created pipeline Pipeline[ Id: b816773b-c24f-473f-a074-4c2b2e51fdd8, Nodes: c67ce9c0-0a3a-4be5-b90f-8c76fbba61ed{ip: 10.1.0.51, host: fv-az122-453.zf1tlrj3kn4expqppa1j4mpycf.xx.internal.cloudapp.net, ports: [REPLICATION=46007, RATIS=43243, RATIS_ADMIN=43243, RATIS_SERVER=43243, STANDALONE=45299], networkLocation: /default-rack, certSerialId: null, persistedOpState: IN_SERVICE, persistedOpStateExpiryEpochSec: 0}, ReplicationConfig: RATIS/ONE, State:ALLOCATED, leaderId:, CreationTimestamp2021-09-21T01:22:27.603Z[Etc/UTC]].
2021-09-21 01:22:27,613 [EndpointStateMachine task thread for /0.0.0.0:45895 - 0 ] INFO  ozoneimpl.OzoneContainer (OzoneContainer.java:start(304)) - Attempting to start container services.
2021-09-21 01:22:27,614 [EndpointStateMachine task thread for /0.0.0.0:45895 - 0 ] INFO  ozoneimpl.OzoneContainer (OzoneContainer.java:startContainerScrub(249)) - Background container scanner has been disabled.
2021-09-21 01:22:27,614 [EndpointStateMachine task thread for /0.0.0.0:45895 - 0 ] INFO  replication.ReplicationServer (ReplicationServer.java:start(107)) - ReplicationServer is started using port 42687
2021-09-21 01:22:27,620 [EndpointStateMachine task thread for /0.0.0.0:45895 - 0 ] INFO  ratis.XceiverServerRatis (XceiverServerRatis.java:start(481)) - Starting XceiverServerRatis aa364905-4a8e-4b76-ab26-d74d60c32cfc
2021-09-21 01:22:27,621 [EndpointStateMachine task thread for /0.0.0.0:45895 - 0 ] INFO  server.RaftServer (RaftServerProxy.java:lambda$start$5(374)) - aa364905-4a8e-4b76-ab26-d74d60c32cfc: start RPC server
2021-09-21 01:22:27,631 [EndpointStateMachine task thread for /0.0.0.0:45895 - 0 ] INFO  server.GrpcService (GrpcService.java:startImpl(253)) - aa364905-4a8e-4b76-ab26-d74d60c32cfc: GrpcService started, listening on 39239
2021-09-21 01:22:27,635 [Listener at 127.0.0.1/33583] INFO  volume.MutableVolumeSet (MutableVolumeSet.java:initializeVolumeSet(168)) - Added Volume : /home/runner/work/ozone/ozone/hadoop-ozone/integration-test/target/test-dir/MiniOzoneClusterImpl-7349e056-7b32-48d8-92e4-5182ee86217f/datanode-7/data/ratis to VolumeSet
2021-09-21 01:22:27,635 [Listener at 127.0.0.1/33583] INFO  volume.ThrottledAsyncChecker (ThrottledAsyncChecker.java:schedule(141)) - Scheduling a check for /home/runner/work/ozone/ozone/hadoop-ozone/integration-test/target/test-dir/MiniOzoneClusterImpl-7349e056-7b32-48d8-92e4-5182ee86217f/datanode-7/data/ratis
2021-09-21 01:22:27,641 [EndpointStateMachine task thread for /0.0.0.0:45895 - 0 ] INFO  ratis.XceiverServerRatis (XceiverServerRatis.java:getRealPort(502)) - XceiverServerRatis aa364905-4a8e-4b76-ab26-d74d60c32cfc is started using port 39239 for RATIS
2021-09-21 01:22:27,641 [EndpointStateMachine task thread for /0.0.0.0:45895 - 0 ] INFO  ratis.XceiverServerRatis (XceiverServerRatis.java:getRealPort(502)) - XceiverServerRatis aa364905-4a8e-4b76-ab26-d74d60c32cfc is started using port 39239 for RATIS_ADMIN
2021-09-21 01:22:27,641 [EndpointStateMachine task thread for /0.0.0.0:45895 - 0 ] INFO  ratis.XceiverServerRatis (XceiverServerRatis.java:getRealPort(502)) - XceiverServerRatis aa364905-4a8e-4b76-ab26-d74d60c32cfc is started using port 39239 for RATIS_SERVER
2021-09-21 01:22:27,642 [EndpointStateMachine task thread for /0.0.0.0:45895 - 0 ] INFO  server.XceiverServerGrpc (XceiverServerGrpc.java:start(135)) - XceiverServerGrpc aa364905-4a8e-4b76-ab26-d74d60c32cfc is started using port 34147
2021-09-21 01:22:27,657 [Listener at 127.0.0.1/33583] INFO  volume.StorageVolumeChecker (StorageVolumeChecker.java:checkAllVolumes(202)) - Scheduled health check for volume /home/runner/work/ozone/ozone/hadoop-ozone/integration-test/target/test-dir/MiniOzoneClusterImpl-7349e056-7b32-48d8-92e4-5182ee86217f/datanode-7/data/ratis
2021-09-21 01:22:27,664 [org.apache.ratis.util.JvmPauseMonitor$$Lambda$531/116790936@e4f7ce7] INFO  util.JvmPauseMonitor (JvmPauseMonitor.java:run(103)) - JvmPauseMonitor-aa364905-4a8e-4b76-ab26-d74d60c32cfc: Started
2021-09-21 01:22:27,676 [Thread-853] INFO  ozoneimpl.ContainerReader (ContainerReader.java:readVolume(172)) - Finish verifying containers on volume /home/runner/work/ozone/ozone/hadoop-ozone/integration-test/target/test-dir/MiniOzoneClusterImpl-7349e056-7b32-48d8-92e4-5182ee86217f/datanode-7/data-0/containers/hdds
2021-09-21 01:22:27,676 [Listener at 127.0.0.1/33583] INFO  ozoneimpl.OzoneContainer (OzoneContainer.java:buildContainerSet(236)) - Build ContainerSet costs 0s
2021-09-21 01:22:27,685 [Listener at 127.0.0.1/33583] INFO  server.RaftServer (ConfUtils.java:logGet(44)) - raft.rpc.type = GRPC (default)
2021-09-21 01:22:27,685 [Listener at 127.0.0.1/33583] INFO  grpc.GrpcFactory (GrpcFactory.java:checkPooledByteBufAllocatorUseCacheForAllThreads(48)) - PERFORMANCE WARNING: useCacheForAllThreads is true that may cause Netty to create a lot garbage objects and, as a result, trigger GC.
	It is recommended to disable useCacheForAllThreads by setting -Dorg.apache.ratis.thirdparty.io.netty.allocator.useCacheForAllThreads=false in command line.
2021-09-21 01:22:27,685 [Listener at 127.0.0.1/33583] INFO  grpc.GrpcConfigKeys (ConfUtils.java:logGet(44)) - raft.grpc.admin.port = 0 (custom)
2021-09-21 01:22:27,685 [Listener at 127.0.0.1/33583] INFO  grpc.GrpcConfigKeys (ConfUtils.java:logGet(44)) - raft.grpc.client.port = 0 (custom)
2021-09-21 01:22:27,686 [Listener at 127.0.0.1/33583] INFO  grpc.GrpcConfigKeys (ConfUtils.java:logGet(44)) - raft.grpc.server.port = 0 (default)
2021-09-21 01:22:27,686 [Listener at 127.0.0.1/33583] INFO  server.GrpcService (ConfUtils.java:logGet(44)) - raft.grpc.message.size.max = 32MB (=33554432) (custom)
2021-09-21 01:22:27,686 [Listener at 127.0.0.1/33583] INFO  server.RaftServerConfigKeys (ConfUtils.java:logGet(44)) - raft.server.log.appender.buffer.byte-limit = 33554432 (custom)
2021-09-21 01:22:27,686 [Listener at 127.0.0.1/33583] INFO  server.GrpcService (ConfUtils.java:logGet(44)) - raft.grpc.flow.control.window = 5MB (=5242880) (custom)
2021-09-21 01:22:27,686 [Listener at 127.0.0.1/33583] INFO  server.RaftServerConfigKeys (ConfUtils.java:logGet(44)) - raft.server.rpc.request.timeout = 3000ms (default)
2021-09-21 01:22:27,688 [Listener at 127.0.0.1/33583] INFO  impl.DataStreamServerImpl (ConfUtils.java:logGet(44)) - raft.datastream.type = DISABLED (default)
2021-09-21 01:22:27,688 [Listener at 127.0.0.1/33583] INFO  server.RaftServerConfigKeys (ConfUtils.java:logGet(44)) - raft.server.rpc.slowness.timeout = 300000ms (custom)
2021-09-21 01:22:27,688 [Listener at 127.0.0.1/33583] INFO  server.RaftServerConfigKeys (ConfUtils.java:logGet(44)) - raft.server.leaderelection.leader.step-down.wait-time = 10s (default)
2021-09-21 01:22:27,688 [Listener at 127.0.0.1/33583] INFO  server.RaftServerConfigKeys (ConfUtils.java:logGet(44)) - raft.server.storage.dir = [/home/runner/work/ozone/ozone/hadoop-ozone/integration-test/target/test-dir/MiniOzoneClusterImpl-7349e056-7b32-48d8-92e4-5182ee86217f/datanode-7/data/ratis] (custom)
2021-09-21 01:22:27,692 [Listener at 127.0.0.1/33583] INFO  http.BaseHttpServer (BaseHttpServer.java:newHttpServer2BuilderForOzone(209)) - Starting Web-server for hddsDatanode at: http://0.0.0.0:0
2021-09-21 01:22:27,692 [Listener at 127.0.0.1/33583] INFO  http.BaseHttpServer (BaseHttpServer.java:<init>(107)) - Hadoop Security Enabled: false Ozone Security Enabled: false Ozone HTTP Security Enabled: false 
2021-09-21 01:22:27,744 [Listener at 127.0.0.1/33583] INFO  server.AuthenticationFilter (AuthenticationFilter.java:constructSecretProvider(240)) - Unable to initialize FileSignerSecretProvider, falling back to use random secrets.
2021-09-21 01:22:27,748 [Listener at 127.0.0.1/33583] WARN  http.HttpRequestLog (HttpRequestLog.java:getRequestLog(103)) - Jetty request log can only be enabled using Log4j
2021-09-21 01:22:27,755 [Listener at 127.0.0.1/33583] INFO  http.HttpServer2 (HttpServer2.java:addGlobalFilter(1030)) - Added global filter 'safety' (class=org.apache.hadoop.hdds.server.http.HttpServer2$QuotingInputFilter)
2021-09-21 01:22:27,756 [Listener at 127.0.0.1/33583] INFO  http.HttpServer2 (HttpServer2.java:addFilter(1006)) - Added filter static_user_filter (class=org.apache.hadoop.http.lib.StaticUserWebFilter$StaticUserFilter) to context hddsDatanode
2021-09-21 01:22:27,756 [Listener at 127.0.0.1/33583] INFO  http.HttpServer2 (HttpServer2.java:addFilter(1014)) - Added filter static_user_filter (class=org.apache.hadoop.http.lib.StaticUserWebFilter$StaticUserFilter) to context logs
2021-09-21 01:22:27,756 [Listener at 127.0.0.1/33583] INFO  http.HttpServer2 (HttpServer2.java:addFilter(1014)) - Added filter static_user_filter (class=org.apache.hadoop.http.lib.StaticUserWebFilter$StaticUserFilter) to context static
2021-09-21 01:22:27,760 [Listener at 127.0.0.1/33583] INFO  http.HttpServer2 (HttpServer2.java:bindListener(1249)) - Jetty bound to port 37029
2021-09-21 01:22:27,760 [Listener at 127.0.0.1/33583] INFO  server.Server (Server.java:doStart(375)) - jetty-9.4.43.v20210629; built: 2021-06-30T11:07:22.254Z; git: 526006ecfa3af7f1a27ef3a288e2bef7ea9dd7e8; jvm 1.8.0_292-b10
2021-09-21 01:22:27,771 [Listener at 127.0.0.1/33583] INFO  server.session (DefaultSessionIdManager.java:doStart(334)) - DefaultSessionIdManager workerName=node0
2021-09-21 01:22:27,771 [Listener at 127.0.0.1/33583] INFO  server.session (DefaultSessionIdManager.java:doStart(339)) - No SessionScavenger set, using defaults
2021-09-21 01:22:27,771 [Listener at 127.0.0.1/33583] INFO  server.session (HouseKeeper.java:startScavenging(132)) - node0 Scavenging every 600000ms
2021-09-21 01:22:27,779 [Listener at 127.0.0.1/33583] INFO  handler.ContextHandler (ContextHandler.java:doStart(915)) - Started o.e.j.s.ServletContextHandler@4aa0ee7c{logs,/logs,file:///home/runner/work/ozone/ozone/hadoop-ozone/integration-test/target/log,AVAILABLE}
2021-09-21 01:22:27,780 [Listener at 127.0.0.1/33583] INFO  handler.ContextHandler (ContextHandler.java:doStart(915)) - Started o.e.j.s.ServletContextHandler@422c8d72{static,/static,jar:file:/home/runner/.m2/repository/org/apache/ozone/hdds-container-service/1.2.0-SNAPSHOT/hdds-container-service-1.2.0-SNAPSHOT.jar!/webapps/static,AVAILABLE}
2021-09-21 01:22:27,855 [Listener at 127.0.0.1/33583] INFO  handler.ContextHandler (ContextHandler.java:doStart(915)) - Started o.e.j.w.WebAppContext@7f3defe2{hddsDatanode,/,file:///tmp/jetty-0_0_0_0-37029-hdds-container-service-1_2_0-SNAPSHOT_jar-_-any-1619521915918843737/webapp/,AVAILABLE}{jar:file:/home/runner/.m2/repository/org/apache/ozone/hdds-container-service/1.2.0-SNAPSHOT/hdds-container-service-1.2.0-SNAPSHOT.jar!/webapps/hddsDatanode}
2021-09-21 01:22:27,856 [Listener at 127.0.0.1/33583] INFO  server.AbstractConnector (AbstractConnector.java:doStart(331)) - Started ServerConnector@6a9afc7f{HTTP/1.1, (http/1.1)}{0.0.0.0:37029}
2021-09-21 01:22:27,857 [Listener at 127.0.0.1/33583] INFO  server.Server (Server.java:doStart(415)) - Started @99439ms
2021-09-21 01:22:27,857 [Listener at 127.0.0.1/33583] WARN  impl.MetricsSystemImpl (MetricsSystemImpl.java:register(279)) - Sink prometheus already exists!
2021-09-21 01:22:27,859 [Listener at 127.0.0.1/33583] INFO  http.BaseHttpServer (BaseHttpServer.java:updateConnectorAddress(329)) - HTTP server of hddsDatanode listening at http://0.0.0.0:37029
2021-09-21 01:22:27,859 [Listener at 127.0.0.1/33583] WARN  impl.MetricRegistriesImpl (MetricRegistriesImpl.java:addReporterRegistration(111)) - New reporters are added after registries were created. Some metrics will be missing from the reporter. Please add reporter before adding any new registry.
2021-09-21 01:22:27,860 [Listener at 127.0.0.1/33583] WARN  impl.MetricRegistriesImpl (MetricRegistriesImpl.java:addReporterRegistration(111)) - New reporters are added after registries were created. Some metrics will be missing from the reporter. Please add reporter before adding any new registry.
2021-09-21 01:22:27,860 [Listener at 127.0.0.1/33583] INFO  impl.MetricsSystemImpl (MetricsSystemImpl.java:init(158)) - HddsDatanode metrics system started (again)
2021-09-21 01:22:27,871 [Datanode State Machine Thread - 0] INFO  statemachine.DatanodeStateMachine (DatanodeStateMachine.java:lambda$startDaemon$0(456)) - Ozone container server started.
2021-09-21 01:22:27,910 [org.apache.hadoop.util.JvmPauseMonitor$Monitor@6589ea86] INFO  util.JvmPauseMonitor (JvmPauseMonitor.java:run(188)) - Starting JVM pause monitor
2021-09-21 01:22:27,913 [Datanode State Machine Task Thread - 0] INFO  datanode.InitDatanodeState (InitDatanodeState.java:persistContainerDatanodeDetails(145)) - DatanodeDetails is persisted to /home/runner/work/ozone/ozone/hadoop-ozone/integration-test/target/test-dir/MiniOzoneClusterImpl-7349e056-7b32-48d8-92e4-5182ee86217f/datanode-7/meta/datanode.id
2021-09-21 01:22:27,925 [Listener at 127.0.0.1/33583] INFO  ozone.HddsDatanodeService (HddsDatanodeService.java:start(234)) - HddsDatanodeService host:fv-az122-453.zf1tlrj3kn4expqppa1j4mpycf.xx.internal.cloudapp.net ip:10.1.0.51
2021-09-21 01:22:27,964 [Listener at 127.0.0.1/33583] INFO  upgrade.AbstractLayoutVersionManager (AbstractLayoutVersionManager.java:init(79)) - Initializing Layout version manager with metadata layout = SCM_HA (version = 2), software layout = SCM_HA (version = 2)
2021-09-21 01:22:28,024 [Listener at 127.0.0.1/33583] INFO  reflections.Reflections (Reflections.java:scan(232)) - Reflections took 58 ms to scan 7 urls, producing 119 keys and 275 values 
2021-09-21 01:22:28,026 [Listener at 127.0.0.1/33583] INFO  volume.HddsVolume (HddsVolume.java:<init>(120)) - Creating HddsVolume: /home/runner/work/ozone/ozone/hadoop-ozone/integration-test/target/test-dir/MiniOzoneClusterImpl-7349e056-7b32-48d8-92e4-5182ee86217f/datanode-8/data-0/containers/hdds of storage type : DISK capacity : 9223372036854775807
2021-09-21 01:22:28,027 [Listener at 127.0.0.1/33583] INFO  volume.MutableVolumeSet (MutableVolumeSet.java:initializeVolumeSet(168)) - Added Volume : /home/runner/work/ozone/ozone/hadoop-ozone/integration-test/target/test-dir/MiniOzoneClusterImpl-7349e056-7b32-48d8-92e4-5182ee86217f/datanode-8/data-0/containers/hdds to VolumeSet
2021-09-21 01:22:28,027 [Listener at 127.0.0.1/33583] INFO  volume.ThrottledAsyncChecker (ThrottledAsyncChecker.java:schedule(141)) - Scheduling a check for /home/runner/work/ozone/ozone/hadoop-ozone/integration-test/target/test-dir/MiniOzoneClusterImpl-7349e056-7b32-48d8-92e4-5182ee86217f/datanode-8/data-0/containers/hdds
2021-09-21 01:22:28,046 [Listener at 127.0.0.1/33583] INFO  volume.StorageVolumeChecker (StorageVolumeChecker.java:checkAllVolumes(202)) - Scheduled health check for volume /home/runner/work/ozone/ozone/hadoop-ozone/integration-test/target/test-dir/MiniOzoneClusterImpl-7349e056-7b32-48d8-92e4-5182ee86217f/datanode-8/data-0/containers/hdds
2021-09-21 01:22:28,065 [Listener at 127.0.0.1/33583] INFO  volume.MutableVolumeSet (MutableVolumeSet.java:initializeVolumeSet(168)) - Added Volume : /home/runner/work/ozone/ozone/hadoop-ozone/integration-test/target/test-dir/MiniOzoneClusterImpl-7349e056-7b32-48d8-92e4-5182ee86217f/datanode-8/data/ratis to VolumeSet
2021-09-21 01:22:28,065 [Listener at 127.0.0.1/33583] INFO  volume.ThrottledAsyncChecker (ThrottledAsyncChecker.java:schedule(141)) - Scheduling a check for /home/runner/work/ozone/ozone/hadoop-ozone/integration-test/target/test-dir/MiniOzoneClusterImpl-7349e056-7b32-48d8-92e4-5182ee86217f/datanode-8/data/ratis
2021-09-21 01:22:28,065 [Listener at 127.0.0.1/33583] INFO  volume.StorageVolumeChecker (StorageVolumeChecker.java:checkAllVolumes(202)) - Scheduled health check for volume /home/runner/work/ozone/ozone/hadoop-ozone/integration-test/target/test-dir/MiniOzoneClusterImpl-7349e056-7b32-48d8-92e4-5182ee86217f/datanode-8/data/ratis
2021-09-21 01:22:28,098 [Thread-865] INFO  ozoneimpl.ContainerReader (ContainerReader.java:readVolume(172)) - Finish verifying containers on volume /home/runner/work/ozone/ozone/hadoop-ozone/integration-test/target/test-dir/MiniOzoneClusterImpl-7349e056-7b32-48d8-92e4-5182ee86217f/datanode-8/data-0/containers/hdds
2021-09-21 01:22:28,098 [Listener at 127.0.0.1/33583] INFO  ozoneimpl.OzoneContainer (OzoneContainer.java:buildContainerSet(236)) - Build ContainerSet costs 0s
2021-09-21 01:22:28,100 [Listener at 127.0.0.1/33583] INFO  server.RaftServer (ConfUtils.java:logGet(44)) - raft.rpc.type = GRPC (default)
2021-09-21 01:22:28,101 [Listener at 127.0.0.1/33583] INFO  grpc.GrpcFactory (GrpcFactory.java:checkPooledByteBufAllocatorUseCacheForAllThreads(48)) - PERFORMANCE WARNING: useCacheForAllThreads is true that may cause Netty to create a lot garbage objects and, as a result, trigger GC.
	It is recommended to disable useCacheForAllThreads by setting -Dorg.apache.ratis.thirdparty.io.netty.allocator.useCacheForAllThreads=false in command line.
2021-09-21 01:22:28,101 [Listener at 127.0.0.1/33583] INFO  grpc.GrpcConfigKeys (ConfUtils.java:logGet(44)) - raft.grpc.admin.port = 0 (custom)
2021-09-21 01:22:28,101 [Listener at 127.0.0.1/33583] INFO  grpc.GrpcConfigKeys (ConfUtils.java:logGet(44)) - raft.grpc.client.port = 0 (custom)
2021-09-21 01:22:28,101 [Listener at 127.0.0.1/33583] INFO  grpc.GrpcConfigKeys (ConfUtils.java:logGet(44)) - raft.grpc.server.port = 0 (default)
2021-09-21 01:22:28,101 [Listener at 127.0.0.1/33583] INFO  server.GrpcService (ConfUtils.java:logGet(44)) - raft.grpc.message.size.max = 32MB (=33554432) (custom)
2021-09-21 01:22:28,101 [Listener at 127.0.0.1/33583] INFO  server.RaftServerConfigKeys (ConfUtils.java:logGet(44)) - raft.server.log.appender.buffer.byte-limit = 33554432 (custom)
2021-09-21 01:22:28,101 [Listener at 127.0.0.1/33583] INFO  server.GrpcService (ConfUtils.java:logGet(44)) - raft.grpc.flow.control.window = 5MB (=5242880) (custom)
2021-09-21 01:22:28,102 [Listener at 127.0.0.1/33583] INFO  server.RaftServerConfigKeys (ConfUtils.java:logGet(44)) - raft.server.rpc.request.timeout = 3000ms (default)
2021-09-21 01:22:28,103 [Listener at 127.0.0.1/33583] INFO  impl.DataStreamServerImpl (ConfUtils.java:logGet(44)) - raft.datastream.type = DISABLED (default)
2021-09-21 01:22:28,103 [Listener at 127.0.0.1/33583] INFO  server.RaftServerConfigKeys (ConfUtils.java:logGet(44)) - raft.server.rpc.slowness.timeout = 300000ms (custom)
2021-09-21 01:22:28,103 [Listener at 127.0.0.1/33583] INFO  server.RaftServerConfigKeys (ConfUtils.java:logGet(44)) - raft.server.leaderelection.leader.step-down.wait-time = 10s (default)
2021-09-21 01:22:28,103 [Listener at 127.0.0.1/33583] INFO  server.RaftServerConfigKeys (ConfUtils.java:logGet(44)) - raft.server.storage.dir = [/home/runner/work/ozone/ozone/hadoop-ozone/integration-test/target/test-dir/MiniOzoneClusterImpl-7349e056-7b32-48d8-92e4-5182ee86217f/datanode-8/data/ratis] (custom)
2021-09-21 01:22:28,163 [EndpointStateMachine task thread for /0.0.0.0:45895 - 0 ] INFO  ozoneimpl.OzoneContainer (OzoneContainer.java:start(304)) - Attempting to start container services.
2021-09-21 01:22:28,163 [EndpointStateMachine task thread for /0.0.0.0:45895 - 0 ] INFO  ozoneimpl.OzoneContainer (OzoneContainer.java:startContainerScrub(249)) - Background container scanner has been disabled.
2021-09-21 01:22:28,164 [EndpointStateMachine task thread for /0.0.0.0:45895 - 0 ] INFO  replication.ReplicationServer (ReplicationServer.java:start(107)) - ReplicationServer is started using port 39567
2021-09-21 01:22:28,180 [EndpointStateMachine task thread for /0.0.0.0:45895 - 0 ] INFO  ratis.XceiverServerRatis (XceiverServerRatis.java:start(481)) - Starting XceiverServerRatis 57923224-7b87-4e71-9981-19f5694b9dee
2021-09-21 01:22:28,188 [EndpointStateMachine task thread for /0.0.0.0:45895 - 0 ] INFO  server.RaftServer (RaftServerProxy.java:lambda$start$5(374)) - 57923224-7b87-4e71-9981-19f5694b9dee: start RPC server
2021-09-21 01:22:28,203 [EndpointStateMachine task thread for /0.0.0.0:45895 - 0 ] INFO  server.GrpcService (GrpcService.java:startImpl(253)) - 57923224-7b87-4e71-9981-19f5694b9dee: GrpcService started, listening on 39003
2021-09-21 01:22:28,204 [EndpointStateMachine task thread for /0.0.0.0:45895 - 0 ] INFO  ratis.XceiverServerRatis (XceiverServerRatis.java:getRealPort(502)) - XceiverServerRatis 57923224-7b87-4e71-9981-19f5694b9dee is started using port 39003 for RATIS
2021-09-21 01:22:28,204 [EndpointStateMachine task thread for /0.0.0.0:45895 - 0 ] INFO  ratis.XceiverServerRatis (XceiverServerRatis.java:getRealPort(502)) - XceiverServerRatis 57923224-7b87-4e71-9981-19f5694b9dee is started using port 39003 for RATIS_ADMIN
2021-09-21 01:22:28,204 [EndpointStateMachine task thread for /0.0.0.0:45895 - 0 ] INFO  ratis.XceiverServerRatis (XceiverServerRatis.java:getRealPort(502)) - XceiverServerRatis 57923224-7b87-4e71-9981-19f5694b9dee is started using port 39003 for RATIS_SERVER
2021-09-21 01:22:28,204 [Listener at 127.0.0.1/33583] INFO  http.BaseHttpServer (BaseHttpServer.java:newHttpServer2BuilderForOzone(209)) - Starting Web-server for hddsDatanode at: http://0.0.0.0:0
2021-09-21 01:22:28,204 [Listener at 127.0.0.1/33583] INFO  http.BaseHttpServer (BaseHttpServer.java:<init>(107)) - Hadoop Security Enabled: false Ozone Security Enabled: false Ozone HTTP Security Enabled: false 
2021-09-21 01:22:28,205 [Listener at 127.0.0.1/33583] INFO  server.AuthenticationFilter (AuthenticationFilter.java:constructSecretProvider(240)) - Unable to initialize FileSignerSecretProvider, falling back to use random secrets.
2021-09-21 01:22:28,206 [EndpointStateMachine task thread for /0.0.0.0:45895 - 0 ] INFO  server.XceiverServerGrpc (XceiverServerGrpc.java:start(135)) - XceiverServerGrpc 57923224-7b87-4e71-9981-19f5694b9dee is started using port 38953
2021-09-21 01:22:28,207 [Listener at 127.0.0.1/33583] WARN  http.HttpRequestLog (HttpRequestLog.java:getRequestLog(103)) - Jetty request log can only be enabled using Log4j
2021-09-21 01:22:28,231 [Listener at 127.0.0.1/33583] INFO  http.HttpServer2 (HttpServer2.java:addGlobalFilter(1030)) - Added global filter 'safety' (class=org.apache.hadoop.hdds.server.http.HttpServer2$QuotingInputFilter)
2021-09-21 01:22:28,232 [Listener at 127.0.0.1/33583] INFO  http.HttpServer2 (HttpServer2.java:addFilter(1006)) - Added filter static_user_filter (class=org.apache.hadoop.http.lib.StaticUserWebFilter$StaticUserFilter) to context hddsDatanode
2021-09-21 01:22:28,232 [Listener at 127.0.0.1/33583] INFO  http.HttpServer2 (HttpServer2.java:addFilter(1014)) - Added filter static_user_filter (class=org.apache.hadoop.http.lib.StaticUserWebFilter$StaticUserFilter) to context static
2021-09-21 01:22:28,232 [Listener at 127.0.0.1/33583] INFO  http.HttpServer2 (HttpServer2.java:addFilter(1014)) - Added filter static_user_filter (class=org.apache.hadoop.http.lib.StaticUserWebFilter$StaticUserFilter) to context logs
2021-09-21 01:22:28,233 [Listener at 127.0.0.1/33583] INFO  http.HttpServer2 (HttpServer2.java:bindListener(1249)) - Jetty bound to port 45035
2021-09-21 01:22:28,233 [Listener at 127.0.0.1/33583] INFO  server.Server (Server.java:doStart(375)) - jetty-9.4.43.v20210629; built: 2021-06-30T11:07:22.254Z; git: 526006ecfa3af7f1a27ef3a288e2bef7ea9dd7e8; jvm 1.8.0_292-b10
2021-09-21 01:22:28,240 [Listener at 127.0.0.1/33583] INFO  server.session (DefaultSessionIdManager.java:doStart(334)) - DefaultSessionIdManager workerName=node0
2021-09-21 01:22:28,241 [Listener at 127.0.0.1/33583] INFO  server.session (DefaultSessionIdManager.java:doStart(339)) - No SessionScavenger set, using defaults
2021-09-21 01:22:28,241 [Listener at 127.0.0.1/33583] INFO  server.session (HouseKeeper.java:startScavenging(132)) - node0 Scavenging every 600000ms
2021-09-21 01:22:28,242 [Listener at 127.0.0.1/33583] INFO  handler.ContextHandler (ContextHandler.java:doStart(915)) - Started o.e.j.s.ServletContextHandler@406c0ae9{logs,/logs,file:///home/runner/work/ozone/ozone/hadoop-ozone/integration-test/target/log,AVAILABLE}
2021-09-21 01:22:28,242 [Listener at 127.0.0.1/33583] INFO  handler.ContextHandler (ContextHandler.java:doStart(915)) - Started o.e.j.s.ServletContextHandler@267e52da{static,/static,jar:file:/home/runner/.m2/repository/org/apache/ozone/hdds-container-service/1.2.0-SNAPSHOT/hdds-container-service-1.2.0-SNAPSHOT.jar!/webapps/static,AVAILABLE}
2021-09-21 01:22:28,247 [org.apache.ratis.util.JvmPauseMonitor$$Lambda$531/116790936@110d3513] INFO  util.JvmPauseMonitor (JvmPauseMonitor.java:run(103)) - JvmPauseMonitor-57923224-7b87-4e71-9981-19f5694b9dee: Started
2021-09-21 01:22:28,250 [IPC Server handler 2 on default port 45895] INFO  net.NetworkTopologyImpl (NetworkTopologyImpl.java:add(112)) - Added a new node: /default-rack/c886e095-44b5-4a75-a59b-9e8bd319d099
2021-09-21 01:22:28,250 [IPC Server handler 2 on default port 45895] INFO  node.SCMNodeManager (SCMNodeManager.java:register(389)) - Registered Data node : c886e095-44b5-4a75-a59b-9e8bd319d099{ip: 10.1.0.51, host: fv-az122-453.zf1tlrj3kn4expqppa1j4mpycf.xx.internal.cloudapp.net, ports: [REPLICATION=33119, RATIS=43537, RATIS_ADMIN=43537, RATIS_SERVER=43537, STANDALONE=41033], networkLocation: /default-rack, certSerialId: null, persistedOpState: null, persistedOpStateExpiryEpochSec: 0}
2021-09-21 01:22:28,250 [EventQueue-NewNodeForNewNodeHandler] INFO  pipeline.BackgroundPipelineCreator (BackgroundPipelineCreatorV2.java:notifyEventTriggered(285)) - trigger a one-shot run on RatisPipelineUtilsThread.
2021-09-21 01:22:28,287 [RatisPipelineUtilsThread - 0] INFO  pipeline.RatisPipelineProvider (RatisPipelineProvider.java:lambda$create$0(183)) - Sending CreatePipelineCommand for pipeline:PipelineID=5e45ed9a-a3fd-4d3e-84ce-e85cc8cf5841 to datanode:c886e095-44b5-4a75-a59b-9e8bd319d099
2021-09-21 01:22:28,288 [RatisPipelineUtilsThread - 0] INFO  pipeline.PipelineStateManager (PipelineStateManagerV2Impl.java:addPipeline(101)) - Created pipeline Pipeline[ Id: 5e45ed9a-a3fd-4d3e-84ce-e85cc8cf5841, Nodes: c886e095-44b5-4a75-a59b-9e8bd319d099{ip: 10.1.0.51, host: fv-az122-453.zf1tlrj3kn4expqppa1j4mpycf.xx.internal.cloudapp.net, ports: [REPLICATION=33119, RATIS=43537, RATIS_ADMIN=43537, RATIS_SERVER=43537, STANDALONE=41033], networkLocation: /default-rack, certSerialId: null, persistedOpState: IN_SERVICE, persistedOpStateExpiryEpochSec: 0}, ReplicationConfig: RATIS/ONE, State:ALLOCATED, leaderId:, CreationTimestamp2021-09-21T01:22:28.287Z[Etc/UTC]].
2021-09-21 01:22:28,291 [EventQueue-NodeRegistrationContainerReportForDataNodeSafeModeRule] INFO  safemode.SCMSafeModeManager (DataNodeSafeModeRule.java:process(71)) - SCM in safe mode. 2 DataNodes registered, 3 required.
2021-09-21 01:22:28,326 [Listener at 127.0.0.1/33583] INFO  handler.ContextHandler (ContextHandler.java:doStart(915)) - Started o.e.j.w.WebAppContext@43cc56e9{hddsDatanode,/,file:///tmp/jetty-0_0_0_0-45035-hdds-container-service-1_2_0-SNAPSHOT_jar-_-any-7039011005114682870/webapp/,AVAILABLE}{jar:file:/home/runner/.m2/repository/org/apache/ozone/hdds-container-service/1.2.0-SNAPSHOT/hdds-container-service-1.2.0-SNAPSHOT.jar!/webapps/hddsDatanode}
2021-09-21 01:22:28,328 [Listener at 127.0.0.1/33583] INFO  server.AbstractConnector (AbstractConnector.java:doStart(331)) - Started ServerConnector@6522cb71{HTTP/1.1, (http/1.1)}{0.0.0.0:45035}
2021-09-21 01:22:28,328 [Listener at 127.0.0.1/33583] INFO  server.Server (Server.java:doStart(415)) - Started @99911ms
2021-09-21 01:22:28,328 [Listener at 127.0.0.1/33583] WARN  impl.MetricsSystemImpl (MetricsSystemImpl.java:register(279)) - Sink prometheus already exists!
2021-09-21 01:22:28,332 [Listener at 127.0.0.1/33583] INFO  http.BaseHttpServer (BaseHttpServer.java:updateConnectorAddress(329)) - HTTP server of hddsDatanode listening at http://0.0.0.0:45035
2021-09-21 01:22:28,333 [Listener at 127.0.0.1/33583] INFO  ozone.MiniOzoneClusterImpl (MiniOzoneClusterImpl.java:lambda$waitForClusterToBeReady$0(235)) - Waiting for nodes to be ready. Got 2 of 9 DN Heartbeats.
2021-09-21 01:22:28,333 [Listener at 127.0.0.1/33583] INFO  ozone.MiniOzoneClusterImpl (MiniOzoneClusterImpl.java:lambda$waitForClusterToBeReady$0(238)) - Waiting for cluster to exit safe mode
2021-09-21 01:22:28,333 [Listener at 127.0.0.1/33583] INFO  ozone.MiniOzoneClusterImpl (MiniOzoneClusterImpl.java:lambda$waitForClusterToBeReady$0(240)) - SCM became leader
2021-09-21 01:22:28,333 [Datanode State Machine Thread - 0] INFO  statemachine.DatanodeStateMachine (DatanodeStateMachine.java:lambda$startDaemon$0(456)) - Ozone container server started.
2021-09-21 01:22:28,366 [org.apache.hadoop.util.JvmPauseMonitor$Monitor@30328811] INFO  util.JvmPauseMonitor (JvmPauseMonitor.java:run(188)) - Starting JVM pause monitor
2021-09-21 01:22:28,372 [Datanode State Machine Task Thread - 0] INFO  datanode.InitDatanodeState (InitDatanodeState.java:persistContainerDatanodeDetails(145)) - DatanodeDetails is persisted to /home/runner/work/ozone/ozone/hadoop-ozone/integration-test/target/test-dir/MiniOzoneClusterImpl-7349e056-7b32-48d8-92e4-5182ee86217f/datanode-8/meta/datanode.id
2021-09-21 01:22:28,796 [EndpointStateMachine task thread for /0.0.0.0:45895 - 0 ] INFO  ozoneimpl.OzoneContainer (OzoneContainer.java:start(304)) - Attempting to start container services.
2021-09-21 01:22:28,796 [EndpointStateMachine task thread for /0.0.0.0:45895 - 0 ] INFO  ozoneimpl.OzoneContainer (OzoneContainer.java:startContainerScrub(249)) - Background container scanner has been disabled.
2021-09-21 01:22:28,801 [EndpointStateMachine task thread for /0.0.0.0:45895 - 0 ] INFO  replication.ReplicationServer (ReplicationServer.java:start(107)) - ReplicationServer is started using port 38911
2021-09-21 01:22:28,810 [EndpointStateMachine task thread for /0.0.0.0:45895 - 0 ] INFO  ratis.XceiverServerRatis (XceiverServerRatis.java:start(481)) - Starting XceiverServerRatis 9e8c78a1-f01d-42ca-a684-b6f934dd8d4f
2021-09-21 01:22:28,811 [EndpointStateMachine task thread for /0.0.0.0:45895 - 0 ] INFO  server.RaftServer (RaftServerProxy.java:lambda$start$5(374)) - 9e8c78a1-f01d-42ca-a684-b6f934dd8d4f: start RPC server
2021-09-21 01:22:28,812 [EndpointStateMachine task thread for /0.0.0.0:45895 - 0 ] INFO  server.GrpcService (GrpcService.java:startImpl(253)) - 9e8c78a1-f01d-42ca-a684-b6f934dd8d4f: GrpcService started, listening on 39721
2021-09-21 01:22:28,823 [EndpointStateMachine task thread for /0.0.0.0:45895 - 0 ] INFO  ratis.XceiverServerRatis (XceiverServerRatis.java:getRealPort(502)) - XceiverServerRatis 9e8c78a1-f01d-42ca-a684-b6f934dd8d4f is started using port 39721 for RATIS
2021-09-21 01:22:28,823 [EndpointStateMachine task thread for /0.0.0.0:45895 - 0 ] INFO  ratis.XceiverServerRatis (XceiverServerRatis.java:getRealPort(502)) - XceiverServerRatis 9e8c78a1-f01d-42ca-a684-b6f934dd8d4f is started using port 39721 for RATIS_ADMIN
2021-09-21 01:22:28,823 [EndpointStateMachine task thread for /0.0.0.0:45895 - 0 ] INFO  ratis.XceiverServerRatis (XceiverServerRatis.java:getRealPort(502)) - XceiverServerRatis 9e8c78a1-f01d-42ca-a684-b6f934dd8d4f is started using port 39721 for RATIS_SERVER
2021-09-21 01:22:28,825 [EndpointStateMachine task thread for /0.0.0.0:45895 - 0 ] INFO  server.XceiverServerGrpc (XceiverServerGrpc.java:start(135)) - XceiverServerGrpc 9e8c78a1-f01d-42ca-a684-b6f934dd8d4f is started using port 36341
2021-09-21 01:22:28,836 [org.apache.ratis.util.JvmPauseMonitor$$Lambda$531/116790936@3fa0f6f9] INFO  util.JvmPauseMonitor (JvmPauseMonitor.java:run(103)) - JvmPauseMonitor-9e8c78a1-f01d-42ca-a684-b6f934dd8d4f: Started
2021-09-21 01:22:28,846 [IPC Server handler 4 on default port 45895] INFO  net.NetworkTopologyImpl (NetworkTopologyImpl.java:add(112)) - Added a new node: /default-rack/be30f2b5-d5fc-49a0-9235-d4dd7ecd33b9
2021-09-21 01:22:28,846 [IPC Server handler 4 on default port 45895] INFO  node.SCMNodeManager (SCMNodeManager.java:register(389)) - Registered Data node : be30f2b5-d5fc-49a0-9235-d4dd7ecd33b9{ip: 10.1.0.51, host: fv-az122-453.zf1tlrj3kn4expqppa1j4mpycf.xx.internal.cloudapp.net, ports: [REPLICATION=38081, RATIS=40839, RATIS_ADMIN=40839, RATIS_SERVER=40839, STANDALONE=45589], networkLocation: /default-rack, certSerialId: null, persistedOpState: null, persistedOpStateExpiryEpochSec: 0}
2021-09-21 01:22:28,846 [EventQueue-NewNodeForNewNodeHandler] INFO  pipeline.BackgroundPipelineCreator (BackgroundPipelineCreatorV2.java:notifyEventTriggered(285)) - trigger a one-shot run on RatisPipelineUtilsThread.
2021-09-21 01:22:28,860 [EventQueue-NodeRegistrationContainerReportForDataNodeSafeModeRule] INFO  safemode.SCMSafeModeManager (DataNodeSafeModeRule.java:process(71)) - SCM in safe mode. 3 DataNodes registered, 3 required.
2021-09-21 01:22:28,860 [EventQueue-NodeRegistrationContainerReportForDataNodeSafeModeRule] INFO  safemode.SCMSafeModeManager (SCMSafeModeManager.java:validateSafeModeExitRules(204)) - DataNodeSafeModeRule rule is successfully validated
2021-09-21 01:22:28,860 [EventQueue-NodeRegistrationContainerReportForDataNodeSafeModeRule] INFO  safemode.SCMSafeModeManager (SCMSafeModeManager.java:completePreCheck(233)) - All SCM safe mode pre check rules have passed
2021-09-21 01:22:28,860 [EventQueue-NodeRegistrationContainerReportForDataNodeSafeModeRule] WARN  events.EventQueue (EventQueue.java:fireEvent(194)) - No event handler registered for event TypedEvent{payloadType=SafeModeStatus, name='Safe mode status'}
2021-09-21 01:22:28,860 [EventQueue-NodeRegistrationContainerReportForDataNodeSafeModeRule] INFO  ha.SCMContext (SCMContext.java:updateSafeModeStatus(205)) - Update SafeModeStatus from SafeModeStatus{safeModeStatus=true, preCheckPassed=false} to SafeModeStatus{safeModeStatus=true, preCheckPassed=true}.
2021-09-21 01:22:28,860 [EventQueue-NodeRegistrationContainerReportForDataNodeSafeModeRule] INFO  pipeline.BackgroundPipelineCreator (BackgroundPipelineCreatorV2.java:notifyEventTriggered(285)) - trigger a one-shot run on RatisPipelineUtilsThread.
2021-09-21 01:22:28,860 [RatisPipelineUtilsThread - 0] INFO  pipeline.RatisPipelineProvider (RatisPipelineProvider.java:lambda$create$0(183)) - Sending CreatePipelineCommand for pipeline:PipelineID=b173bcbf-5b5e-4b4e-a8b3-9144baf8d3cc to datanode:be30f2b5-d5fc-49a0-9235-d4dd7ecd33b9
2021-09-21 01:22:28,866 [RatisPipelineUtilsThread - 0] INFO  pipeline.PipelineStateManager (PipelineStateManagerV2Impl.java:addPipeline(101)) - Created pipeline Pipeline[ Id: b173bcbf-5b5e-4b4e-a8b3-9144baf8d3cc, Nodes: be30f2b5-d5fc-49a0-9235-d4dd7ecd33b9{ip: 10.1.0.51, host: fv-az122-453.zf1tlrj3kn4expqppa1j4mpycf.xx.internal.cloudapp.net, ports: [REPLICATION=38081, RATIS=40839, RATIS_ADMIN=40839, RATIS_SERVER=40839, STANDALONE=45589], networkLocation: /default-rack, certSerialId: null, persistedOpState: IN_SERVICE, persistedOpStateExpiryEpochSec: 0}, ReplicationConfig: RATIS/ONE, State:ALLOCATED, leaderId:, CreationTimestamp2021-09-21T01:22:28.860Z[Etc/UTC]].
2021-09-21 01:22:28,866 [RatisPipelineUtilsThread - 0] INFO  pipeline.RatisPipelineProvider (RatisPipelineProvider.java:lambda$create$0(183)) - Sending CreatePipelineCommand for pipeline:PipelineID=7c372caa-62a0-4f84-8eb6-7739a0da65bb to datanode:c886e095-44b5-4a75-a59b-9e8bd319d099
2021-09-21 01:22:28,866 [RatisPipelineUtilsThread - 0] INFO  pipeline.RatisPipelineProvider (RatisPipelineProvider.java:lambda$create$0(183)) - Sending CreatePipelineCommand for pipeline:PipelineID=7c372caa-62a0-4f84-8eb6-7739a0da65bb to datanode:c67ce9c0-0a3a-4be5-b90f-8c76fbba61ed
2021-09-21 01:22:28,866 [RatisPipelineUtilsThread - 0] INFO  pipeline.RatisPipelineProvider (RatisPipelineProvider.java:lambda$create$0(183)) - Sending CreatePipelineCommand for pipeline:PipelineID=7c372caa-62a0-4f84-8eb6-7739a0da65bb to datanode:be30f2b5-d5fc-49a0-9235-d4dd7ecd33b9
2021-09-21 01:22:28,867 [RatisPipelineUtilsThread - 0] INFO  pipeline.PipelineStateManager (PipelineStateManagerV2Impl.java:addPipeline(101)) - Created pipeline Pipeline[ Id: 7c372caa-62a0-4f84-8eb6-7739a0da65bb, Nodes: c886e095-44b5-4a75-a59b-9e8bd319d099{ip: 10.1.0.51, host: fv-az122-453.zf1tlrj3kn4expqppa1j4mpycf.xx.internal.cloudapp.net, ports: [REPLICATION=33119, RATIS=43537, RATIS_ADMIN=43537, RATIS_SERVER=43537, STANDALONE=41033], networkLocation: /default-rack, certSerialId: null, persistedOpState: IN_SERVICE, persistedOpStateExpiryEpochSec: 0}c67ce9c0-0a3a-4be5-b90f-8c76fbba61ed{ip: 10.1.0.51, host: fv-az122-453.zf1tlrj3kn4expqppa1j4mpycf.xx.internal.cloudapp.net, ports: [REPLICATION=46007, RATIS=43243, RATIS_ADMIN=43243, RATIS_SERVER=43243, STANDALONE=45299], networkLocation: /default-rack, certSerialId: null, persistedOpState: IN_SERVICE, persistedOpStateExpiryEpochSec: 0}be30f2b5-d5fc-49a0-9235-d4dd7ecd33b9{ip: 10.1.0.51, host: fv-az122-453.zf1tlrj3kn4expqppa1j4mpycf.xx.internal.cloudapp.net, ports: [REPLICATION=38081, RATIS=40839, RATIS_ADMIN=40839, RATIS_SERVER=40839, STANDALONE=45589], networkLocation: /default-rack, certSerialId: null, persistedOpState: IN_SERVICE, persistedOpStateExpiryEpochSec: 0}, ReplicationConfig: RATIS/THREE, State:ALLOCATED, leaderId:, CreationTimestamp2021-09-21T01:22:28.866Z[Etc/UTC]].
2021-09-21 01:22:29,333 [Listener at 127.0.0.1/33583] INFO  ozone.MiniOzoneClusterImpl (MiniOzoneClusterImpl.java:lambda$waitForClusterToBeReady$0(235)) - Waiting for nodes to be ready. Got 3 of 9 DN Heartbeats.
2021-09-21 01:22:29,334 [Listener at 127.0.0.1/33583] INFO  ozone.MiniOzoneClusterImpl (MiniOzoneClusterImpl.java:lambda$waitForClusterToBeReady$0(238)) - Waiting for cluster to exit safe mode
2021-09-21 01:22:29,334 [Listener at 127.0.0.1/33583] INFO  ozone.MiniOzoneClusterImpl (MiniOzoneClusterImpl.java:lambda$waitForClusterToBeReady$0(240)) - SCM became leader
2021-09-21 01:22:29,438 [EndpointStateMachine task thread for /0.0.0.0:45895 - 0 ] INFO  ozoneimpl.OzoneContainer (OzoneContainer.java:start(304)) - Attempting to start container services.
2021-09-21 01:22:29,439 [EndpointStateMachine task thread for /0.0.0.0:45895 - 0 ] INFO  ozoneimpl.OzoneContainer (OzoneContainer.java:startContainerScrub(249)) - Background container scanner has been disabled.
2021-09-21 01:22:29,440 [EndpointStateMachine task thread for /0.0.0.0:45895 - 0 ] INFO  replication.ReplicationServer (ReplicationServer.java:start(107)) - ReplicationServer is started using port 44151
2021-09-21 01:22:29,444 [IPC Server handler 7 on default port 45895] INFO  net.NetworkTopologyImpl (NetworkTopologyImpl.java:add(112)) - Added a new node: /default-rack/aa364905-4a8e-4b76-ab26-d74d60c32cfc
2021-09-21 01:22:29,444 [IPC Server handler 7 on default port 45895] INFO  node.SCMNodeManager (SCMNodeManager.java:register(389)) - Registered Data node : aa364905-4a8e-4b76-ab26-d74d60c32cfc{ip: 10.1.0.51, host: fv-az122-453.zf1tlrj3kn4expqppa1j4mpycf.xx.internal.cloudapp.net, ports: [REPLICATION=42687, RATIS=39239, RATIS_ADMIN=39239, RATIS_SERVER=39239, STANDALONE=34147], networkLocation: /default-rack, certSerialId: null, persistedOpState: null, persistedOpStateExpiryEpochSec: 0}
2021-09-21 01:22:29,444 [EventQueue-NewNodeForNewNodeHandler] INFO  pipeline.BackgroundPipelineCreator (BackgroundPipelineCreatorV2.java:notifyEventTriggered(285)) - trigger a one-shot run on RatisPipelineUtilsThread.
2021-09-21 01:22:29,445 [RatisPipelineUtilsThread - 0] INFO  pipeline.RatisPipelineProvider (RatisPipelineProvider.java:lambda$create$0(183)) - Sending CreatePipelineCommand for pipeline:PipelineID=9e5407be-9e32-4655-863f-8d21b40e27d6 to datanode:aa364905-4a8e-4b76-ab26-d74d60c32cfc
2021-09-21 01:22:29,446 [RatisPipelineUtilsThread - 0] INFO  pipeline.PipelineStateManager (PipelineStateManagerV2Impl.java:addPipeline(101)) - Created pipeline Pipeline[ Id: 9e5407be-9e32-4655-863f-8d21b40e27d6, Nodes: aa364905-4a8e-4b76-ab26-d74d60c32cfc{ip: 10.1.0.51, host: fv-az122-453.zf1tlrj3kn4expqppa1j4mpycf.xx.internal.cloudapp.net, ports: [REPLICATION=42687, RATIS=39239, RATIS_ADMIN=39239, RATIS_SERVER=39239, STANDALONE=34147], networkLocation: /default-rack, certSerialId: null, persistedOpState: IN_SERVICE, persistedOpStateExpiryEpochSec: 0}, ReplicationConfig: RATIS/ONE, State:ALLOCATED, leaderId:, CreationTimestamp2021-09-21T01:22:29.445Z[Etc/UTC]].
2021-09-21 01:22:29,452 [EndpointStateMachine task thread for /0.0.0.0:45895 - 0 ] INFO  ratis.XceiverServerRatis (XceiverServerRatis.java:start(481)) - Starting XceiverServerRatis 7102e10f-7baf-40d1-a733-c49484cac6b4
2021-09-21 01:22:29,476 [EndpointStateMachine task thread for /0.0.0.0:45895 - 0 ] INFO  server.RaftServer (RaftServerProxy.java:lambda$start$5(374)) - 7102e10f-7baf-40d1-a733-c49484cac6b4: start RPC server
2021-09-21 01:22:29,477 [EndpointStateMachine task thread for /0.0.0.0:45895 - 0 ] INFO  server.GrpcService (GrpcService.java:startImpl(253)) - 7102e10f-7baf-40d1-a733-c49484cac6b4: GrpcService started, listening on 44475
2021-09-21 01:22:29,477 [EndpointStateMachine task thread for /0.0.0.0:45895 - 0 ] INFO  ratis.XceiverServerRatis (XceiverServerRatis.java:getRealPort(502)) - XceiverServerRatis 7102e10f-7baf-40d1-a733-c49484cac6b4 is started using port 44475 for RATIS
2021-09-21 01:22:29,477 [EndpointStateMachine task thread for /0.0.0.0:45895 - 0 ] INFO  ratis.XceiverServerRatis (XceiverServerRatis.java:getRealPort(502)) - XceiverServerRatis 7102e10f-7baf-40d1-a733-c49484cac6b4 is started using port 44475 for RATIS_ADMIN
2021-09-21 01:22:29,477 [EndpointStateMachine task thread for /0.0.0.0:45895 - 0 ] INFO  ratis.XceiverServerRatis (XceiverServerRatis.java:getRealPort(502)) - XceiverServerRatis 7102e10f-7baf-40d1-a733-c49484cac6b4 is started using port 44475 for RATIS_SERVER
2021-09-21 01:22:29,477 [org.apache.ratis.util.JvmPauseMonitor$$Lambda$531/116790936@166cb089] INFO  util.JvmPauseMonitor (JvmPauseMonitor.java:run(103)) - JvmPauseMonitor-7102e10f-7baf-40d1-a733-c49484cac6b4: Started
2021-09-21 01:22:29,490 [EndpointStateMachine task thread for /0.0.0.0:45895 - 0 ] INFO  server.XceiverServerGrpc (XceiverServerGrpc.java:start(135)) - XceiverServerGrpc 7102e10f-7baf-40d1-a733-c49484cac6b4 is started using port 44221
2021-09-21 01:22:29,934 [EndpointStateMachine task thread for /0.0.0.0:45895 - 0 ] INFO  ozoneimpl.OzoneContainer (OzoneContainer.java:start(304)) - Attempting to start container services.
2021-09-21 01:22:29,936 [EndpointStateMachine task thread for /0.0.0.0:45895 - 0 ] INFO  ozoneimpl.OzoneContainer (OzoneContainer.java:startContainerScrub(249)) - Background container scanner has been disabled.
2021-09-21 01:22:29,937 [EndpointStateMachine task thread for /0.0.0.0:45895 - 0 ] INFO  replication.ReplicationServer (ReplicationServer.java:start(107)) - ReplicationServer is started using port 37249
2021-09-21 01:22:29,938 [EndpointStateMachine task thread for /0.0.0.0:45895 - 0 ] INFO  ratis.XceiverServerRatis (XceiverServerRatis.java:start(481)) - Starting XceiverServerRatis 77eebb93-8ed1-4443-8476-48726f7e27c1
2021-09-21 01:22:29,944 [EndpointStateMachine task thread for /0.0.0.0:45895 - 0 ] INFO  server.RaftServer (RaftServerProxy.java:lambda$start$5(374)) - 77eebb93-8ed1-4443-8476-48726f7e27c1: start RPC server
2021-09-21 01:22:29,945 [EndpointStateMachine task thread for /0.0.0.0:45895 - 0 ] INFO  server.GrpcService (GrpcService.java:startImpl(253)) - 77eebb93-8ed1-4443-8476-48726f7e27c1: GrpcService started, listening on 40681
2021-09-21 01:22:29,952 [EndpointStateMachine task thread for /0.0.0.0:45895 - 0 ] INFO  ratis.XceiverServerRatis (XceiverServerRatis.java:getRealPort(502)) - XceiverServerRatis 77eebb93-8ed1-4443-8476-48726f7e27c1 is started using port 40681 for RATIS
2021-09-21 01:22:29,952 [EndpointStateMachine task thread for /0.0.0.0:45895 - 0 ] INFO  ratis.XceiverServerRatis (XceiverServerRatis.java:getRealPort(502)) - XceiverServerRatis 77eebb93-8ed1-4443-8476-48726f7e27c1 is started using port 40681 for RATIS_ADMIN
2021-09-21 01:22:29,952 [EndpointStateMachine task thread for /0.0.0.0:45895 - 0 ] INFO  ratis.XceiverServerRatis (XceiverServerRatis.java:getRealPort(502)) - XceiverServerRatis 77eebb93-8ed1-4443-8476-48726f7e27c1 is started using port 40681 for RATIS_SERVER
2021-09-21 01:22:29,959 [EndpointStateMachine task thread for /0.0.0.0:45895 - 0 ] INFO  server.XceiverServerGrpc (XceiverServerGrpc.java:start(135)) - XceiverServerGrpc 77eebb93-8ed1-4443-8476-48726f7e27c1 is started using port 33209
2021-09-21 01:22:29,975 [org.apache.ratis.util.JvmPauseMonitor$$Lambda$531/116790936@1f32cf5b] INFO  util.JvmPauseMonitor (JvmPauseMonitor.java:run(103)) - JvmPauseMonitor-77eebb93-8ed1-4443-8476-48726f7e27c1: Started
2021-09-21 01:22:30,096 [IPC Server handler 1 on default port 45895] INFO  net.NetworkTopologyImpl (NetworkTopologyImpl.java:add(112)) - Added a new node: /default-rack/57923224-7b87-4e71-9981-19f5694b9dee
2021-09-21 01:22:30,096 [IPC Server handler 1 on default port 45895] INFO  node.SCMNodeManager (SCMNodeManager.java:register(389)) - Registered Data node : 57923224-7b87-4e71-9981-19f5694b9dee{ip: 10.1.0.51, host: fv-az122-453.zf1tlrj3kn4expqppa1j4mpycf.xx.internal.cloudapp.net, ports: [REPLICATION=39567, RATIS=39003, RATIS_ADMIN=39003, RATIS_SERVER=39003, STANDALONE=38953], networkLocation: /default-rack, certSerialId: null, persistedOpState: null, persistedOpStateExpiryEpochSec: 0}
2021-09-21 01:22:30,097 [EventQueue-NewNodeForNewNodeHandler] INFO  pipeline.BackgroundPipelineCreator (BackgroundPipelineCreatorV2.java:notifyEventTriggered(285)) - trigger a one-shot run on RatisPipelineUtilsThread.
2021-09-21 01:22:30,097 [RatisPipelineUtilsThread - 0] INFO  pipeline.RatisPipelineProvider (RatisPipelineProvider.java:lambda$create$0(183)) - Sending CreatePipelineCommand for pipeline:PipelineID=324dc8db-b8de-4dc6-be0a-58f84cc3f313 to datanode:57923224-7b87-4e71-9981-19f5694b9dee
2021-09-21 01:22:30,098 [RatisPipelineUtilsThread - 0] INFO  pipeline.PipelineStateManager (PipelineStateManagerV2Impl.java:addPipeline(101)) - Created pipeline Pipeline[ Id: 324dc8db-b8de-4dc6-be0a-58f84cc3f313, Nodes: 57923224-7b87-4e71-9981-19f5694b9dee{ip: 10.1.0.51, host: fv-az122-453.zf1tlrj3kn4expqppa1j4mpycf.xx.internal.cloudapp.net, ports: [REPLICATION=39567, RATIS=39003, RATIS_ADMIN=39003, RATIS_SERVER=39003, STANDALONE=38953], networkLocation: /default-rack, certSerialId: null, persistedOpState: IN_SERVICE, persistedOpStateExpiryEpochSec: 0}, ReplicationConfig: RATIS/ONE, State:ALLOCATED, leaderId:, CreationTimestamp2021-09-21T01:22:30.097Z[Etc/UTC]].
2021-09-21 01:22:30,334 [Listener at 127.0.0.1/33583] INFO  ozone.MiniOzoneClusterImpl (MiniOzoneClusterImpl.java:lambda$waitForClusterToBeReady$0(235)) - Waiting for nodes to be ready. Got 5 of 9 DN Heartbeats.
2021-09-21 01:22:30,334 [Listener at 127.0.0.1/33583] INFO  ozone.MiniOzoneClusterImpl (MiniOzoneClusterImpl.java:lambda$waitForClusterToBeReady$0(238)) - Waiting for cluster to exit safe mode
2021-09-21 01:22:30,334 [Listener at 127.0.0.1/33583] INFO  ozone.MiniOzoneClusterImpl (MiniOzoneClusterImpl.java:lambda$waitForClusterToBeReady$0(240)) - SCM became leader
2021-09-21 01:22:30,388 [EndpointStateMachine task thread for /0.0.0.0:45895 - 0 ] INFO  ozoneimpl.OzoneContainer (OzoneContainer.java:start(304)) - Attempting to start container services.
2021-09-21 01:22:30,388 [EndpointStateMachine task thread for /0.0.0.0:45895 - 0 ] INFO  ozoneimpl.OzoneContainer (OzoneContainer.java:startContainerScrub(249)) - Background container scanner has been disabled.
2021-09-21 01:22:30,395 [EndpointStateMachine task thread for /0.0.0.0:45895 - 0 ] INFO  replication.ReplicationServer (ReplicationServer.java:start(107)) - ReplicationServer is started using port 38253
2021-09-21 01:22:30,410 [EndpointStateMachine task thread for /0.0.0.0:45895 - 0 ] INFO  ratis.XceiverServerRatis (XceiverServerRatis.java:start(481)) - Starting XceiverServerRatis ad039a86-d7f3-42ea-bec3-b4149bcaa887
2021-09-21 01:22:30,411 [EndpointStateMachine task thread for /0.0.0.0:45895 - 0 ] INFO  server.RaftServer (RaftServerProxy.java:lambda$start$5(374)) - ad039a86-d7f3-42ea-bec3-b4149bcaa887: start RPC server
2021-09-21 01:22:30,411 [EndpointStateMachine task thread for /0.0.0.0:45895 - 0 ] INFO  server.GrpcService (GrpcService.java:startImpl(253)) - ad039a86-d7f3-42ea-bec3-b4149bcaa887: GrpcService started, listening on 35567
2021-09-21 01:22:30,423 [EndpointStateMachine task thread for /0.0.0.0:45895 - 0 ] INFO  ratis.XceiverServerRatis (XceiverServerRatis.java:getRealPort(502)) - XceiverServerRatis ad039a86-d7f3-42ea-bec3-b4149bcaa887 is started using port 35567 for RATIS
2021-09-21 01:22:30,423 [EndpointStateMachine task thread for /0.0.0.0:45895 - 0 ] INFO  ratis.XceiverServerRatis (XceiverServerRatis.java:getRealPort(502)) - XceiverServerRatis ad039a86-d7f3-42ea-bec3-b4149bcaa887 is started using port 35567 for RATIS_ADMIN
2021-09-21 01:22:30,423 [EndpointStateMachine task thread for /0.0.0.0:45895 - 0 ] INFO  ratis.XceiverServerRatis (XceiverServerRatis.java:getRealPort(502)) - XceiverServerRatis ad039a86-d7f3-42ea-bec3-b4149bcaa887 is started using port 35567 for RATIS_SERVER
2021-09-21 01:22:30,424 [org.apache.ratis.util.JvmPauseMonitor$$Lambda$531/116790936@37b85031] INFO  util.JvmPauseMonitor (JvmPauseMonitor.java:run(103)) - JvmPauseMonitor-ad039a86-d7f3-42ea-bec3-b4149bcaa887: Started
2021-09-21 01:22:30,426 [EndpointStateMachine task thread for /0.0.0.0:45895 - 0 ] INFO  server.XceiverServerGrpc (XceiverServerGrpc.java:start(135)) - XceiverServerGrpc ad039a86-d7f3-42ea-bec3-b4149bcaa887 is started using port 39945
2021-09-21 01:22:30,478 [Command processor thread] INFO  server.RaftServer (RaftServerProxy.java:addNew(95)) - c67ce9c0-0a3a-4be5-b90f-8c76fbba61ed: addNew group-4C2B2E51FDD8:[c67ce9c0-0a3a-4be5-b90f-8c76fbba61ed|rpc:10.1.0.51:43243|priority:1] returns group-4C2B2E51FDD8:java.util.concurrent.CompletableFuture@2e6373d[Not completed]
2021-09-21 01:22:30,479 [pool-309-thread-1] INFO  server.RaftServer$Division (RaftServerImpl.java:<init>(181)) - c67ce9c0-0a3a-4be5-b90f-8c76fbba61ed: new RaftServerImpl for group-4C2B2E51FDD8:[c67ce9c0-0a3a-4be5-b90f-8c76fbba61ed|rpc:10.1.0.51:43243|priority:1] with ContainerStateMachine:uninitialized
2021-09-21 01:22:30,479 [pool-309-thread-1] INFO  server.RaftServerConfigKeys (ConfUtils.java:logGet(44)) - raft.server.rpc.timeout.min = 5s (custom)
2021-09-21 01:22:30,479 [pool-309-thread-1] INFO  server.RaftServerConfigKeys (ConfUtils.java:logGet(44)) - raft.server.rpc.timeout.max = 5200ms (custom)
2021-09-21 01:22:30,480 [pool-309-thread-1] INFO  server.RaftServerConfigKeys (ConfUtils.java:logGet(44)) - raft.server.rpc.sleep.time = 25ms (default)
2021-09-21 01:22:30,480 [pool-309-thread-1] INFO  server.RaftServerConfigKeys (ConfUtils.java:logGet(44)) - raft.server.rpc.slowness.timeout = 300000ms (custom)
2021-09-21 01:22:30,480 [pool-309-thread-1] INFO  server.RaftServerConfigKeys (ConfUtils.java:logGet(44)) - raft.server.leaderelection.leader.step-down.wait-time = 10s (default)
2021-09-21 01:22:30,480 [pool-309-thread-1] INFO  server.RaftServerConfigKeys (ConfUtils.java:logGet(44)) - raft.server.sleep.deviation.threshold = 300ms (default)
2021-09-21 01:22:30,480 [pool-309-thread-1] INFO  server.RaftServerConfigKeys (ConfUtils.java:logGet(44)) - raft.server.log.appender.install.snapshot.enabled = false (custom)
2021-09-21 01:22:30,480 [pool-309-thread-1] INFO  server.RaftServer$Division (ServerState.java:<init>(105)) - c67ce9c0-0a3a-4be5-b90f-8c76fbba61ed@group-4C2B2E51FDD8: ConfigurationManager, init=-1: [c67ce9c0-0a3a-4be5-b90f-8c76fbba61ed|rpc:10.1.0.51:43243|priority:1], old=null, confs=<EMPTY_MAP>
2021-09-21 01:22:30,480 [pool-309-thread-1] INFO  server.RaftServerConfigKeys (ConfUtils.java:logGet(44)) - raft.server.storage.dir = [/home/runner/work/ozone/ozone/hadoop-ozone/integration-test/target/test-dir/MiniOzoneClusterImpl-7349e056-7b32-48d8-92e4-5182ee86217f/datanode-0/data/ratis] (custom)
2021-09-21 01:22:30,480 [pool-309-thread-1] INFO  server.RaftServerConfigKeys (ConfUtils.java:logGet(44)) - raft.server.log.corruption.policy = EXCEPTION (default)
2021-09-21 01:22:30,480 [pool-309-thread-1] INFO  server.RaftServerConfigKeys (ConfUtils.java:logGet(44)) - raft.server.storage.free-space.min = 0MB (=0) (default)
2021-09-21 01:22:30,481 [pool-309-thread-1] INFO  storage.RaftStorageDirectory (RaftStorageDirectoryImpl.java:analyzeStorage(135)) - The storage directory /home/runner/work/ozone/ozone/hadoop-ozone/integration-test/target/test-dir/MiniOzoneClusterImpl-7349e056-7b32-48d8-92e4-5182ee86217f/datanode-0/data/ratis/b816773b-c24f-473f-a074-4c2b2e51fdd8 does not exist. Creating ...
2021-09-21 01:22:30,483 [pool-309-thread-1] INFO  storage.RaftStorageDirectory (RaftStorageDirectoryImpl.java:tryLock(230)) - Lock on /home/runner/work/ozone/ozone/hadoop-ozone/integration-test/target/test-dir/MiniOzoneClusterImpl-7349e056-7b32-48d8-92e4-5182ee86217f/datanode-0/data/ratis/b816773b-c24f-473f-a074-4c2b2e51fdd8/in_use.lock acquired by nodename 2684@fv-az122-453
2021-09-21 01:22:30,485 [pool-309-thread-1] INFO  storage.RaftStorage (RaftStorageImpl.java:format(89)) - Storage directory /home/runner/work/ozone/ozone/hadoop-ozone/integration-test/target/test-dir/MiniOzoneClusterImpl-7349e056-7b32-48d8-92e4-5182ee86217f/datanode-0/data/ratis/b816773b-c24f-473f-a074-4c2b2e51fdd8 has been successfully formatted.
2021-09-21 01:22:30,497 [pool-309-thread-1] INFO  ratis.ContainerStateMachine (ContainerStateMachine.java:loadSnapshot(224)) - group-4C2B2E51FDD8: The snapshot info is null. Setting the last applied indexto:(t:0, i:~)
2021-09-21 01:22:30,498 [pool-309-thread-1] INFO  server.RaftServerConfigKeys (ConfUtils.java:logGet(44)) - raft.server.notification.no-leader.timeout = 300000ms (custom)
2021-09-21 01:22:30,501 [EventQueue-PipelineReportForPipelineReportHandler] INFO  pipeline.PipelineManagerImpl (PipelineManagerImpl.java:openPipeline(282)) - Pipeline Pipeline[ Id: b816773b-c24f-473f-a074-4c2b2e51fdd8, Nodes: c67ce9c0-0a3a-4be5-b90f-8c76fbba61ed{ip: 10.1.0.51, host: fv-az122-453.zf1tlrj3kn4expqppa1j4mpycf.xx.internal.cloudapp.net, ports: [REPLICATION=46007, RATIS=43243, RATIS_ADMIN=43243, RATIS_SERVER=43243, STANDALONE=45299], networkLocation: /default-rack, certSerialId: null, persistedOpState: IN_SERVICE, persistedOpStateExpiryEpochSec: 0}, ReplicationConfig: RATIS/ONE, State:ALLOCATED, leaderId:c67ce9c0-0a3a-4be5-b90f-8c76fbba61ed, CreationTimestamp2021-09-21T01:22:27.603Z[Etc/UTC]] moved to OPEN state
2021-09-21 01:22:30,499 [Datanode State Machine Thread - 0] WARN  statemachine.StateContext (StateContext.java:execute(621)) - No available thread in pool for past 1 seconds.
2021-09-21 01:22:30,503 [pool-309-thread-1] INFO  server.RaftServerConfigKeys (ConfUtils.java:logGet(44)) - raft.server.log.use.memory = false (default)
2021-09-21 01:22:30,503 [pool-309-thread-1] INFO  server.RaftServerConfigKeys (ConfUtils.java:logGet(44)) - raft.server.log.purge.gap = 1000000 (custom)
2021-09-21 01:22:30,503 [pool-309-thread-1] INFO  server.RaftServerConfigKeys (ConfUtils.java:logGet(44)) - raft.server.log.appender.buffer.byte-limit = 33554432 (custom)
2021-09-21 01:22:30,503 [pool-309-thread-1] INFO  server.RaftServerConfigKeys (ConfUtils.java:logGet(44)) - raft.server.log.segment.size.max = 1048576 (custom)
2021-09-21 01:22:30,504 [pool-309-thread-1] INFO  server.RaftServerConfigKeys (ConfUtils.java:logGet(44)) - raft.server.log.segment.cache.num.max = 2 (custom)
2021-09-21 01:22:30,506 [pool-309-thread-1] INFO  server.RaftServerConfigKeys (ConfUtils.java:logGet(44)) - raft.server.log.segment.cache.size.max = 200MB (=209715200) (default)
2021-09-21 01:22:30,506 [pool-309-thread-1] INFO  segmented.SegmentedRaftLogWorker (SegmentedRaftLogWorker.java:<init>(182)) - new c67ce9c0-0a3a-4be5-b90f-8c76fbba61ed@group-4C2B2E51FDD8-SegmentedRaftLogWorker for RaftStorageImpl:Storage Directory /home/runner/work/ozone/ozone/hadoop-ozone/integration-test/target/test-dir/MiniOzoneClusterImpl-7349e056-7b32-48d8-92e4-5182ee86217f/datanode-0/data/ratis/b816773b-c24f-473f-a074-4c2b2e51fdd8
2021-09-21 01:22:30,506 [pool-309-thread-1] INFO  server.RaftServerConfigKeys (ConfUtils.java:logGet(44)) - raft.server.log.queue.byte-limit = 2147483647 (custom)
2021-09-21 01:22:30,507 [pool-309-thread-1] INFO  server.RaftServerConfigKeys (ConfUtils.java:logGet(44)) - raft.server.log.queue.element-limit = 1024 (custom)
2021-09-21 01:22:30,507 [pool-309-thread-1] INFO  server.RaftServerConfigKeys (ConfUtils.java:logGet(44)) - raft.server.log.segment.size.max = 1048576 (custom)
2021-09-21 01:22:30,507 [pool-309-thread-1] INFO  server.RaftServerConfigKeys (ConfUtils.java:logGet(44)) - raft.server.log.preallocated.size = 16384 (custom)
2021-09-21 01:22:30,507 [pool-309-thread-1] INFO  server.RaftServerConfigKeys (ConfUtils.java:logGet(44)) - raft.server.log.force.sync.num = 128 (default)
2021-09-21 01:22:30,507 [pool-309-thread-1] INFO  server.RaftServerConfigKeys (ConfUtils.java:logGet(44)) - raft.server.log.statemachine.data.sync = true (default)
2021-09-21 01:22:30,507 [pool-309-thread-1] INFO  server.RaftServerConfigKeys (ConfUtils.java:logGet(44)) - raft.server.log.statemachine.data.sync.timeout = 10s (default)
2021-09-21 01:22:30,507 [pool-309-thread-1] INFO  server.RaftServerConfigKeys (ConfUtils.java:logGet(44)) - raft.server.log.statemachine.data.sync.timeout.retry = -1 (default)
2021-09-21 01:22:30,523 [EventQueue-OpenPipelineForHealthyPipelineSafeModeRule] INFO  safemode.SCMSafeModeManager (HealthyPipelineSafeModeRule.java:process(124)) - SCM in safe mode. Healthy pipelines reported count is 0, required healthy pipeline reported count is 1
2021-09-21 01:22:30,524 [pool-309-thread-1] INFO  server.RaftServerConfigKeys (ConfUtils.java:logGet(44)) - raft.server.log.write.buffer.size = 1048576 (custom)
2021-09-21 01:22:30,524 [pool-309-thread-1] INFO  server.RaftServerConfigKeys (ConfUtils.java:logGet(44)) - raft.server.log.statemachine.data.caching.enabled = true (custom)
2021-09-21 01:22:30,524 [pool-309-thread-1] INFO  segmented.SegmentedRaftLogWorker (SegmentedRaftLogWorker.java:lambda$new$0(133)) - c67ce9c0-0a3a-4be5-b90f-8c76fbba61ed@group-4C2B2E51FDD8-SegmentedRaftLogWorker: flushIndex: setUnconditionally 0 -> -1
2021-09-21 01:22:30,524 [pool-309-thread-1] INFO  segmented.SegmentedRaftLogWorker (SegmentedRaftLogWorker.java:lambda$new$0(133)) - c67ce9c0-0a3a-4be5-b90f-8c76fbba61ed@group-4C2B2E51FDD8-SegmentedRaftLogWorker: safeCacheEvictIndex: setUnconditionally 0 -> -1
2021-09-21 01:22:30,525 [pool-309-thread-1] INFO  server.RaftServerConfigKeys (ConfUtils.java:logGet(44)) - raft.server.snapshot.auto.trigger.enabled = true (custom)
2021-09-21 01:22:30,525 [pool-309-thread-1] INFO  server.RaftServerConfigKeys (ConfUtils.java:logGet(44)) - raft.server.snapshot.auto.trigger.threshold = 10000 (custom)
2021-09-21 01:22:30,525 [pool-309-thread-1] INFO  server.RaftServerConfigKeys (ConfUtils.java:logGet(44)) - raft.server.snapshot.retention.file.num = 5 (custom)
2021-09-21 01:22:30,525 [pool-309-thread-1] INFO  server.RaftServerConfigKeys (ConfUtils.java:logGet(44)) - raft.server.log.purge.upto.snapshot.index = false (default)
2021-09-21 01:22:30,525 [pool-309-thread-1] INFO  server.RaftServerConfigKeys (ConfUtils.java:logGet(44)) - raft.server.retrycache.expirytime = 600000ms (custom)
2021-09-21 01:22:30,525 [pool-309-thread-1] INFO  server.RaftServerConfigKeys (ConfUtils.java:logGet(44)) - raft.server.retrycache.statistics.expirytime = 100μs (default)
2021-09-21 01:22:30,531 [pool-309-thread-1] INFO  server.RaftServer$Division (RaftServerImpl.java:start(296)) - c67ce9c0-0a3a-4be5-b90f-8c76fbba61ed@group-4C2B2E51FDD8: start as a follower, conf=-1: [c67ce9c0-0a3a-4be5-b90f-8c76fbba61ed|rpc:10.1.0.51:43243|priority:1], old=null
2021-09-21 01:22:30,535 [pool-309-thread-1] INFO  server.RaftServer$Division (RaftServerImpl.java:setRole(285)) - c67ce9c0-0a3a-4be5-b90f-8c76fbba61ed@group-4C2B2E51FDD8: changes role from      null to FOLLOWER at term 0 for startAsFollower
2021-09-21 01:22:30,535 [pool-309-thread-1] INFO  impl.RoleInfo (RoleInfo.java:updateAndGet(130)) - c67ce9c0-0a3a-4be5-b90f-8c76fbba61ed: start c67ce9c0-0a3a-4be5-b90f-8c76fbba61ed@group-4C2B2E51FDD8-FollowerState
2021-09-21 01:22:30,551 [pool-309-thread-1] INFO  util.JmxRegister (JmxRegister.java:tryRegister(44)) - Successfully registered JMX Bean with object name Ratis:service=RaftServer,group=group-4C2B2E51FDD8,id=c67ce9c0-0a3a-4be5-b90f-8c76fbba61ed
2021-09-21 01:22:30,561 [Command processor thread] INFO  ratis.XceiverServerRatis (XceiverServerRatis.java:addGroup(762)) - Created group PipelineID=b816773b-c24f-473f-a074-4c2b2e51fdd8
2021-09-21 01:22:30,561 [Command processor thread] INFO  commandhandler.CreatePipelineCommandHandler (CreatePipelineCommandHandler.java:handle(106)) - Created Pipeline RATIS ONE PipelineID=b816773b-c24f-473f-a074-4c2b2e51fdd8.
2021-09-21 01:22:30,561 [Command processor thread] INFO  server.RaftServer (RaftServerProxy.java:addNew(95)) - c67ce9c0-0a3a-4be5-b90f-8c76fbba61ed: addNew group-7739A0DA65BB:[c67ce9c0-0a3a-4be5-b90f-8c76fbba61ed|rpc:10.1.0.51:43243|priority:0, be30f2b5-d5fc-49a0-9235-d4dd7ecd33b9|rpc:10.1.0.51:40839|priority:0, c886e095-44b5-4a75-a59b-9e8bd319d099|rpc:10.1.0.51:43537|priority:1] returns group-7739A0DA65BB:java.util.concurrent.CompletableFuture@6d9b3b9[Not completed]
2021-09-21 01:22:30,562 [pool-309-thread-1] INFO  server.RaftServer$Division (RaftServerImpl.java:<init>(181)) - c67ce9c0-0a3a-4be5-b90f-8c76fbba61ed: new RaftServerImpl for group-7739A0DA65BB:[c67ce9c0-0a3a-4be5-b90f-8c76fbba61ed|rpc:10.1.0.51:43243|priority:0, be30f2b5-d5fc-49a0-9235-d4dd7ecd33b9|rpc:10.1.0.51:40839|priority:0, c886e095-44b5-4a75-a59b-9e8bd319d099|rpc:10.1.0.51:43537|priority:1] with ContainerStateMachine:uninitialized
2021-09-21 01:22:30,563 [pool-309-thread-1] INFO  server.RaftServerConfigKeys (ConfUtils.java:logGet(44)) - raft.server.rpc.timeout.min = 5s (custom)
2021-09-21 01:22:30,563 [pool-309-thread-1] INFO  server.RaftServerConfigKeys (ConfUtils.java:logGet(44)) - raft.server.rpc.timeout.max = 5200ms (custom)
2021-09-21 01:22:30,563 [pool-309-thread-1] INFO  server.RaftServerConfigKeys (ConfUtils.java:logGet(44)) - raft.server.rpc.sleep.time = 25ms (default)
2021-09-21 01:22:30,563 [pool-309-thread-1] INFO  server.RaftServerConfigKeys (ConfUtils.java:logGet(44)) - raft.server.rpc.slowness.timeout = 300000ms (custom)
2021-09-21 01:22:30,563 [pool-309-thread-1] INFO  server.RaftServerConfigKeys (ConfUtils.java:logGet(44)) - raft.server.leaderelection.leader.step-down.wait-time = 10s (default)
2021-09-21 01:22:30,563 [pool-309-thread-1] INFO  server.RaftServerConfigKeys (ConfUtils.java:logGet(44)) - raft.server.sleep.deviation.threshold = 300ms (default)
2021-09-21 01:22:30,563 [pool-309-thread-1] INFO  server.RaftServerConfigKeys (ConfUtils.java:logGet(44)) - raft.server.log.appender.install.snapshot.enabled = false (custom)
2021-09-21 01:22:30,564 [pool-309-thread-1] INFO  server.RaftServer$Division (ServerState.java:<init>(105)) - c67ce9c0-0a3a-4be5-b90f-8c76fbba61ed@group-7739A0DA65BB: ConfigurationManager, init=-1: [c67ce9c0-0a3a-4be5-b90f-8c76fbba61ed|rpc:10.1.0.51:43243|priority:0, be30f2b5-d5fc-49a0-9235-d4dd7ecd33b9|rpc:10.1.0.51:40839|priority:0, c886e095-44b5-4a75-a59b-9e8bd319d099|rpc:10.1.0.51:43537|priority:1], old=null, confs=<EMPTY_MAP>
2021-09-21 01:22:30,564 [pool-309-thread-1] INFO  server.RaftServerConfigKeys (ConfUtils.java:logGet(44)) - raft.server.storage.dir = [/home/runner/work/ozone/ozone/hadoop-ozone/integration-test/target/test-dir/MiniOzoneClusterImpl-7349e056-7b32-48d8-92e4-5182ee86217f/datanode-0/data/ratis] (custom)
2021-09-21 01:22:30,564 [pool-309-thread-1] INFO  server.RaftServerConfigKeys (ConfUtils.java:logGet(44)) - raft.server.log.corruption.policy = EXCEPTION (default)
2021-09-21 01:22:30,564 [pool-309-thread-1] INFO  server.RaftServerConfigKeys (ConfUtils.java:logGet(44)) - raft.server.storage.free-space.min = 0MB (=0) (default)
2021-09-21 01:22:30,567 [pool-309-thread-1] INFO  storage.RaftStorageDirectory (RaftStorageDirectoryImpl.java:analyzeStorage(135)) - The storage directory /home/runner/work/ozone/ozone/hadoop-ozone/integration-test/target/test-dir/MiniOzoneClusterImpl-7349e056-7b32-48d8-92e4-5182ee86217f/datanode-0/data/ratis/7c372caa-62a0-4f84-8eb6-7739a0da65bb does not exist. Creating ...
2021-09-21 01:22:30,569 [pool-309-thread-1] INFO  storage.RaftStorageDirectory (RaftStorageDirectoryImpl.java:tryLock(230)) - Lock on /home/runner/work/ozone/ozone/hadoop-ozone/integration-test/target/test-dir/MiniOzoneClusterImpl-7349e056-7b32-48d8-92e4-5182ee86217f/datanode-0/data/ratis/7c372caa-62a0-4f84-8eb6-7739a0da65bb/in_use.lock acquired by nodename 2684@fv-az122-453
2021-09-21 01:22:30,570 [pool-309-thread-1] INFO  storage.RaftStorage (RaftStorageImpl.java:format(89)) - Storage directory /home/runner/work/ozone/ozone/hadoop-ozone/integration-test/target/test-dir/MiniOzoneClusterImpl-7349e056-7b32-48d8-92e4-5182ee86217f/datanode-0/data/ratis/7c372caa-62a0-4f84-8eb6-7739a0da65bb has been successfully formatted.
2021-09-21 01:22:30,571 [pool-309-thread-1] INFO  ratis.ContainerStateMachine (ContainerStateMachine.java:loadSnapshot(224)) - group-7739A0DA65BB: The snapshot info is null. Setting the last applied indexto:(t:0, i:~)
2021-09-21 01:22:30,571 [Datanode State Machine Thread - 0] WARN  statemachine.StateContext (StateContext.java:execute(621)) - No available thread in pool for past 1 seconds.
2021-09-21 01:22:30,571 [pool-309-thread-1] INFO  server.RaftServerConfigKeys (ConfUtils.java:logGet(44)) - raft.server.notification.no-leader.timeout = 300000ms (custom)
2021-09-21 01:22:30,571 [pool-309-thread-1] INFO  server.RaftServerConfigKeys (ConfUtils.java:logGet(44)) - raft.server.log.use.memory = false (default)
2021-09-21 01:22:30,571 [pool-309-thread-1] INFO  server.RaftServerConfigKeys (ConfUtils.java:logGet(44)) - raft.server.log.purge.gap = 1000000 (custom)
2021-09-21 01:22:30,571 [pool-309-thread-1] INFO  server.RaftServerConfigKeys (ConfUtils.java:logGet(44)) - raft.server.log.appender.buffer.byte-limit = 33554432 (custom)
2021-09-21 01:22:30,571 [pool-309-thread-1] INFO  server.RaftServerConfigKeys (ConfUtils.java:logGet(44)) - raft.server.log.segment.size.max = 1048576 (custom)
2021-09-21 01:22:30,572 [pool-309-thread-1] INFO  server.RaftServerConfigKeys (ConfUtils.java:logGet(44)) - raft.server.log.segment.cache.num.max = 2 (custom)
2021-09-21 01:22:30,572 [pool-309-thread-1] INFO  server.RaftServerConfigKeys (ConfUtils.java:logGet(44)) - raft.server.log.segment.cache.size.max = 200MB (=209715200) (default)
2021-09-21 01:22:30,572 [pool-309-thread-1] INFO  segmented.SegmentedRaftLogWorker (SegmentedRaftLogWorker.java:<init>(182)) - new c67ce9c0-0a3a-4be5-b90f-8c76fbba61ed@group-7739A0DA65BB-SegmentedRaftLogWorker for RaftStorageImpl:Storage Directory /home/runner/work/ozone/ozone/hadoop-ozone/integration-test/target/test-dir/MiniOzoneClusterImpl-7349e056-7b32-48d8-92e4-5182ee86217f/datanode-0/data/ratis/7c372caa-62a0-4f84-8eb6-7739a0da65bb
2021-09-21 01:22:30,572 [EventQueue-OpenPipelineForHealthyPipelineSafeModeRule] INFO  safemode.SCMSafeModeManager (HealthyPipelineSafeModeRule.java:process(124)) - SCM in safe mode. Healthy pipelines reported count is 0, required healthy pipeline reported count is 1
2021-09-21 01:22:30,573 [pool-309-thread-1] INFO  server.RaftServerConfigKeys (ConfUtils.java:logGet(44)) - raft.server.log.queue.byte-limit = 2147483647 (custom)
2021-09-21 01:22:30,573 [pool-309-thread-1] INFO  server.RaftServerConfigKeys (ConfUtils.java:logGet(44)) - raft.server.log.queue.element-limit = 1024 (custom)
2021-09-21 01:22:30,573 [pool-309-thread-1] INFO  server.RaftServerConfigKeys (ConfUtils.java:logGet(44)) - raft.server.log.segment.size.max = 1048576 (custom)
2021-09-21 01:22:30,574 [pool-309-thread-1] INFO  server.RaftServerConfigKeys (ConfUtils.java:logGet(44)) - raft.server.log.preallocated.size = 16384 (custom)
2021-09-21 01:22:30,574 [pool-309-thread-1] INFO  server.RaftServerConfigKeys (ConfUtils.java:logGet(44)) - raft.server.log.force.sync.num = 128 (default)
2021-09-21 01:22:30,574 [pool-309-thread-1] INFO  server.RaftServerConfigKeys (ConfUtils.java:logGet(44)) - raft.server.log.statemachine.data.sync = true (default)
2021-09-21 01:22:30,574 [pool-309-thread-1] INFO  server.RaftServerConfigKeys (ConfUtils.java:logGet(44)) - raft.server.log.statemachine.data.sync.timeout = 10s (default)
2021-09-21 01:22:30,574 [pool-309-thread-1] INFO  server.RaftServerConfigKeys (ConfUtils.java:logGet(44)) - raft.server.log.statemachine.data.sync.timeout.retry = -1 (default)
2021-09-21 01:22:30,575 [pool-309-thread-1] INFO  server.RaftServerConfigKeys (ConfUtils.java:logGet(44)) - raft.server.log.write.buffer.size = 1048576 (custom)
2021-09-21 01:22:30,576 [pool-309-thread-1] INFO  server.RaftServerConfigKeys (ConfUtils.java:logGet(44)) - raft.server.log.statemachine.data.caching.enabled = true (custom)
2021-09-21 01:22:30,576 [pool-309-thread-1] INFO  segmented.SegmentedRaftLogWorker (SegmentedRaftLogWorker.java:lambda$new$0(133)) - c67ce9c0-0a3a-4be5-b90f-8c76fbba61ed@group-7739A0DA65BB-SegmentedRaftLogWorker: flushIndex: setUnconditionally 0 -> -1
2021-09-21 01:22:30,576 [pool-309-thread-1] INFO  segmented.SegmentedRaftLogWorker (SegmentedRaftLogWorker.java:lambda$new$0(133)) - c67ce9c0-0a3a-4be5-b90f-8c76fbba61ed@group-7739A0DA65BB-SegmentedRaftLogWorker: safeCacheEvictIndex: setUnconditionally 0 -> -1
2021-09-21 01:22:30,587 [pool-309-thread-1] INFO  server.RaftServerConfigKeys (ConfUtils.java:logGet(44)) - raft.server.snapshot.auto.trigger.enabled = true (custom)
2021-09-21 01:22:30,587 [pool-309-thread-1] INFO  server.RaftServerConfigKeys (ConfUtils.java:logGet(44)) - raft.server.snapshot.auto.trigger.threshold = 10000 (custom)
2021-09-21 01:22:30,587 [pool-309-thread-1] INFO  server.RaftServerConfigKeys (ConfUtils.java:logGet(44)) - raft.server.snapshot.retention.file.num = 5 (custom)
2021-09-21 01:22:30,588 [pool-309-thread-1] INFO  server.RaftServerConfigKeys (ConfUtils.java:logGet(44)) - raft.server.log.purge.upto.snapshot.index = false (default)
2021-09-21 01:22:30,588 [pool-309-thread-1] INFO  server.RaftServerConfigKeys (ConfUtils.java:logGet(44)) - raft.server.retrycache.expirytime = 600000ms (custom)
2021-09-21 01:22:30,588 [pool-309-thread-1] INFO  server.RaftServerConfigKeys (ConfUtils.java:logGet(44)) - raft.server.retrycache.statistics.expirytime = 100μs (default)
2021-09-21 01:22:30,590 [pool-309-thread-1] INFO  server.RaftServer$Division (RaftServerImpl.java:start(296)) - c67ce9c0-0a3a-4be5-b90f-8c76fbba61ed@group-7739A0DA65BB: start as a follower, conf=-1: [c67ce9c0-0a3a-4be5-b90f-8c76fbba61ed|rpc:10.1.0.51:43243|priority:0, be30f2b5-d5fc-49a0-9235-d4dd7ecd33b9|rpc:10.1.0.51:40839|priority:0, c886e095-44b5-4a75-a59b-9e8bd319d099|rpc:10.1.0.51:43537|priority:1], old=null
2021-09-21 01:22:30,590 [pool-309-thread-1] INFO  server.RaftServer$Division (RaftServerImpl.java:setRole(285)) - c67ce9c0-0a3a-4be5-b90f-8c76fbba61ed@group-7739A0DA65BB: changes role from      null to FOLLOWER at term 0 for startAsFollower
2021-09-21 01:22:30,590 [pool-309-thread-1] INFO  impl.RoleInfo (RoleInfo.java:updateAndGet(130)) - c67ce9c0-0a3a-4be5-b90f-8c76fbba61ed: start c67ce9c0-0a3a-4be5-b90f-8c76fbba61ed@group-7739A0DA65BB-FollowerState
2021-09-21 01:22:30,597 [pool-309-thread-1] INFO  util.JmxRegister (JmxRegister.java:tryRegister(44)) - Successfully registered JMX Bean with object name Ratis:service=RaftServer,group=group-7739A0DA65BB,id=c67ce9c0-0a3a-4be5-b90f-8c76fbba61ed
2021-09-21 01:22:30,606 [Command processor thread] INFO  ratis.XceiverServerRatis (XceiverServerRatis.java:addGroup(762)) - Created group PipelineID=7c372caa-62a0-4f84-8eb6-7739a0da65bb
2021-09-21 01:22:30,648 [grpc-default-executor-3] INFO  server.RaftServer (RaftServerProxy.java:addNew(95)) - c886e095-44b5-4a75-a59b-9e8bd319d099: addNew group-7739A0DA65BB:[c67ce9c0-0a3a-4be5-b90f-8c76fbba61ed|rpc:10.1.0.51:43243|dataStream:|priority:0, be30f2b5-d5fc-49a0-9235-d4dd7ecd33b9|rpc:10.1.0.51:40839|dataStream:|priority:0, c886e095-44b5-4a75-a59b-9e8bd319d099|rpc:10.1.0.51:43537|dataStream:|priority:1] returns group-7739A0DA65BB:java.util.concurrent.CompletableFuture@9dfcede[Not completed]
2021-09-21 01:22:30,666 [pool-328-thread-1] INFO  server.RaftServer$Division (RaftServerImpl.java:<init>(181)) - c886e095-44b5-4a75-a59b-9e8bd319d099: new RaftServerImpl for group-7739A0DA65BB:[c67ce9c0-0a3a-4be5-b90f-8c76fbba61ed|rpc:10.1.0.51:43243|dataStream:|priority:0, be30f2b5-d5fc-49a0-9235-d4dd7ecd33b9|rpc:10.1.0.51:40839|dataStream:|priority:0, c886e095-44b5-4a75-a59b-9e8bd319d099|rpc:10.1.0.51:43537|dataStream:|priority:1] with ContainerStateMachine:uninitialized
2021-09-21 01:22:30,675 [pool-328-thread-1] INFO  server.RaftServerConfigKeys (ConfUtils.java:logGet(44)) - raft.server.rpc.timeout.min = 5s (custom)
2021-09-21 01:22:30,676 [pool-328-thread-1] INFO  server.RaftServerConfigKeys (ConfUtils.java:logGet(44)) - raft.server.rpc.timeout.max = 5200ms (custom)
2021-09-21 01:22:30,676 [pool-328-thread-1] INFO  server.RaftServerConfigKeys (ConfUtils.java:logGet(44)) - raft.server.rpc.sleep.time = 25ms (default)
2021-09-21 01:22:30,676 [pool-328-thread-1] INFO  server.RaftServerConfigKeys (ConfUtils.java:logGet(44)) - raft.server.rpc.slowness.timeout = 300000ms (custom)
2021-09-21 01:22:30,676 [pool-328-thread-1] INFO  server.RaftServerConfigKeys (ConfUtils.java:logGet(44)) - raft.server.leaderelection.leader.step-down.wait-time = 10s (default)
2021-09-21 01:22:30,676 [pool-328-thread-1] INFO  server.RaftServerConfigKeys (ConfUtils.java:logGet(44)) - raft.server.sleep.deviation.threshold = 300ms (default)
2021-09-21 01:22:30,676 [pool-328-thread-1] INFO  server.RaftServerConfigKeys (ConfUtils.java:logGet(44)) - raft.server.log.appender.install.snapshot.enabled = false (custom)
2021-09-21 01:22:30,676 [pool-328-thread-1] INFO  server.RaftServer$Division (ServerState.java:<init>(105)) - c886e095-44b5-4a75-a59b-9e8bd319d099@group-7739A0DA65BB: ConfigurationManager, init=-1: [c67ce9c0-0a3a-4be5-b90f-8c76fbba61ed|rpc:10.1.0.51:43243|dataStream:|priority:0, be30f2b5-d5fc-49a0-9235-d4dd7ecd33b9|rpc:10.1.0.51:40839|dataStream:|priority:0, c886e095-44b5-4a75-a59b-9e8bd319d099|rpc:10.1.0.51:43537|dataStream:|priority:1], old=null, confs=<EMPTY_MAP>
2021-09-21 01:22:30,676 [pool-328-thread-1] INFO  server.RaftServerConfigKeys (ConfUtils.java:logGet(44)) - raft.server.storage.dir = [/home/runner/work/ozone/ozone/hadoop-ozone/integration-test/target/test-dir/MiniOzoneClusterImpl-7349e056-7b32-48d8-92e4-5182ee86217f/datanode-1/data/ratis] (custom)
2021-09-21 01:22:30,676 [pool-328-thread-1] INFO  server.RaftServerConfigKeys (ConfUtils.java:logGet(44)) - raft.server.log.corruption.policy = EXCEPTION (default)
2021-09-21 01:22:30,677 [pool-328-thread-1] INFO  server.RaftServerConfigKeys (ConfUtils.java:logGet(44)) - raft.server.storage.free-space.min = 0MB (=0) (default)
2021-09-21 01:22:30,677 [pool-328-thread-1] INFO  storage.RaftStorageDirectory (RaftStorageDirectoryImpl.java:analyzeStorage(135)) - The storage directory /home/runner/work/ozone/ozone/hadoop-ozone/integration-test/target/test-dir/MiniOzoneClusterImpl-7349e056-7b32-48d8-92e4-5182ee86217f/datanode-1/data/ratis/7c372caa-62a0-4f84-8eb6-7739a0da65bb does not exist. Creating ...
2021-09-21 01:22:30,678 [pool-328-thread-1] INFO  storage.RaftStorageDirectory (RaftStorageDirectoryImpl.java:tryLock(230)) - Lock on /home/runner/work/ozone/ozone/hadoop-ozone/integration-test/target/test-dir/MiniOzoneClusterImpl-7349e056-7b32-48d8-92e4-5182ee86217f/datanode-1/data/ratis/7c372caa-62a0-4f84-8eb6-7739a0da65bb/in_use.lock acquired by nodename 2684@fv-az122-453
2021-09-21 01:22:30,680 [pool-328-thread-1] INFO  storage.RaftStorage (RaftStorageImpl.java:format(89)) - Storage directory /home/runner/work/ozone/ozone/hadoop-ozone/integration-test/target/test-dir/MiniOzoneClusterImpl-7349e056-7b32-48d8-92e4-5182ee86217f/datanode-1/data/ratis/7c372caa-62a0-4f84-8eb6-7739a0da65bb has been successfully formatted.
2021-09-21 01:22:30,687 [pool-328-thread-1] INFO  ratis.ContainerStateMachine (ContainerStateMachine.java:loadSnapshot(224)) - group-7739A0DA65BB: The snapshot info is null. Setting the last applied indexto:(t:0, i:~)
2021-09-21 01:22:30,694 [pool-328-thread-1] INFO  server.RaftServerConfigKeys (ConfUtils.java:logGet(44)) - raft.server.notification.no-leader.timeout = 300000ms (custom)
2021-09-21 01:22:30,694 [pool-328-thread-1] INFO  server.RaftServerConfigKeys (ConfUtils.java:logGet(44)) - raft.server.log.use.memory = false (default)
2021-09-21 01:22:30,694 [pool-328-thread-1] INFO  server.RaftServerConfigKeys (ConfUtils.java:logGet(44)) - raft.server.log.purge.gap = 1000000 (custom)
2021-09-21 01:22:30,694 [pool-328-thread-1] INFO  server.RaftServerConfigKeys (ConfUtils.java:logGet(44)) - raft.server.log.appender.buffer.byte-limit = 33554432 (custom)
2021-09-21 01:22:30,694 [pool-328-thread-1] INFO  server.RaftServerConfigKeys (ConfUtils.java:logGet(44)) - raft.server.log.segment.size.max = 1048576 (custom)
2021-09-21 01:22:30,695 [pool-328-thread-1] INFO  server.RaftServerConfigKeys (ConfUtils.java:logGet(44)) - raft.server.log.segment.cache.num.max = 2 (custom)
2021-09-21 01:22:30,700 [pool-328-thread-1] INFO  server.RaftServerConfigKeys (ConfUtils.java:logGet(44)) - raft.server.log.segment.cache.size.max = 200MB (=209715200) (default)
2021-09-21 01:22:30,700 [pool-328-thread-1] INFO  segmented.SegmentedRaftLogWorker (SegmentedRaftLogWorker.java:<init>(182)) - new c886e095-44b5-4a75-a59b-9e8bd319d099@group-7739A0DA65BB-SegmentedRaftLogWorker for RaftStorageImpl:Storage Directory /home/runner/work/ozone/ozone/hadoop-ozone/integration-test/target/test-dir/MiniOzoneClusterImpl-7349e056-7b32-48d8-92e4-5182ee86217f/datanode-1/data/ratis/7c372caa-62a0-4f84-8eb6-7739a0da65bb
2021-09-21 01:22:30,700 [pool-328-thread-1] INFO  server.RaftServerConfigKeys (ConfUtils.java:logGet(44)) - raft.server.log.queue.byte-limit = 2147483647 (custom)
2021-09-21 01:22:30,703 [pool-328-thread-1] INFO  server.RaftServerConfigKeys (ConfUtils.java:logGet(44)) - raft.server.log.queue.element-limit = 1024 (custom)
2021-09-21 01:22:30,704 [pool-328-thread-1] INFO  server.RaftServerConfigKeys (ConfUtils.java:logGet(44)) - raft.server.log.segment.size.max = 1048576 (custom)
2021-09-21 01:22:30,704 [pool-328-thread-1] INFO  server.RaftServerConfigKeys (ConfUtils.java:logGet(44)) - raft.server.log.preallocated.size = 16384 (custom)
2021-09-21 01:22:30,704 [pool-328-thread-1] INFO  server.RaftServerConfigKeys (ConfUtils.java:logGet(44)) - raft.server.log.force.sync.num = 128 (default)
2021-09-21 01:22:30,707 [pool-328-thread-1] INFO  server.RaftServerConfigKeys (ConfUtils.java:logGet(44)) - raft.server.log.statemachine.data.sync = true (default)
2021-09-21 01:22:30,716 [pool-328-thread-1] INFO  server.RaftServerConfigKeys (ConfUtils.java:logGet(44)) - raft.server.log.statemachine.data.sync.timeout = 10s (default)
2021-09-21 01:22:30,716 [pool-328-thread-1] INFO  server.RaftServerConfigKeys (ConfUtils.java:logGet(44)) - raft.server.log.statemachine.data.sync.timeout.retry = -1 (default)
2021-09-21 01:22:30,718 [pool-328-thread-1] INFO  server.RaftServerConfigKeys (ConfUtils.java:logGet(44)) - raft.server.log.write.buffer.size = 1048576 (custom)
2021-09-21 01:22:30,718 [pool-328-thread-1] INFO  server.RaftServerConfigKeys (ConfUtils.java:logGet(44)) - raft.server.log.statemachine.data.caching.enabled = true (custom)
2021-09-21 01:22:30,719 [pool-328-thread-1] INFO  segmented.SegmentedRaftLogWorker (SegmentedRaftLogWorker.java:lambda$new$0(133)) - c886e095-44b5-4a75-a59b-9e8bd319d099@group-7739A0DA65BB-SegmentedRaftLogWorker: flushIndex: setUnconditionally 0 -> -1
2021-09-21 01:22:30,719 [pool-328-thread-1] INFO  segmented.SegmentedRaftLogWorker (SegmentedRaftLogWorker.java:lambda$new$0(133)) - c886e095-44b5-4a75-a59b-9e8bd319d099@group-7739A0DA65BB-SegmentedRaftLogWorker: safeCacheEvictIndex: setUnconditionally 0 -> -1
2021-09-21 01:22:30,727 [pool-328-thread-1] INFO  server.RaftServerConfigKeys (ConfUtils.java:logGet(44)) - raft.server.snapshot.auto.trigger.enabled = true (custom)
2021-09-21 01:22:30,728 [pool-328-thread-1] INFO  server.RaftServerConfigKeys (ConfUtils.java:logGet(44)) - raft.server.snapshot.auto.trigger.threshold = 10000 (custom)
2021-09-21 01:22:30,728 [pool-328-thread-1] INFO  server.RaftServerConfigKeys (ConfUtils.java:logGet(44)) - raft.server.snapshot.retention.file.num = 5 (custom)
2021-09-21 01:22:30,728 [pool-328-thread-1] INFO  server.RaftServerConfigKeys (ConfUtils.java:logGet(44)) - raft.server.log.purge.upto.snapshot.index = false (default)
2021-09-21 01:22:30,728 [pool-328-thread-1] INFO  server.RaftServerConfigKeys (ConfUtils.java:logGet(44)) - raft.server.retrycache.expirytime = 600000ms (custom)
2021-09-21 01:22:30,728 [pool-328-thread-1] INFO  server.RaftServerConfigKeys (ConfUtils.java:logGet(44)) - raft.server.retrycache.statistics.expirytime = 100μs (default)
2021-09-21 01:22:30,730 [pool-328-thread-1] INFO  server.RaftServer$Division (RaftServerImpl.java:start(296)) - c886e095-44b5-4a75-a59b-9e8bd319d099@group-7739A0DA65BB: start as a follower, conf=-1: [c67ce9c0-0a3a-4be5-b90f-8c76fbba61ed|rpc:10.1.0.51:43243|dataStream:|priority:0, be30f2b5-d5fc-49a0-9235-d4dd7ecd33b9|rpc:10.1.0.51:40839|dataStream:|priority:0, c886e095-44b5-4a75-a59b-9e8bd319d099|rpc:10.1.0.51:43537|dataStream:|priority:1], old=null
2021-09-21 01:22:30,730 [pool-328-thread-1] INFO  server.RaftServer$Division (RaftServerImpl.java:setRole(285)) - c886e095-44b5-4a75-a59b-9e8bd319d099@group-7739A0DA65BB: changes role from      null to FOLLOWER at term 0 for startAsFollower
2021-09-21 01:22:30,730 [pool-328-thread-1] INFO  impl.RoleInfo (RoleInfo.java:updateAndGet(130)) - c886e095-44b5-4a75-a59b-9e8bd319d099: start c886e095-44b5-4a75-a59b-9e8bd319d099@group-7739A0DA65BB-FollowerState
2021-09-21 01:22:30,741 [pool-328-thread-1] INFO  util.JmxRegister (JmxRegister.java:tryRegister(44)) - Successfully registered JMX Bean with object name Ratis:service=RaftServer,group=group-7739A0DA65BB,id=c886e095-44b5-4a75-a59b-9e8bd319d099
2021-09-21 01:22:30,786 [IPC Server handler 11 on default port 45895] INFO  net.NetworkTopologyImpl (NetworkTopologyImpl.java:add(112)) - Added a new node: /default-rack/9e8c78a1-f01d-42ca-a684-b6f934dd8d4f
2021-09-21 01:22:30,786 [IPC Server handler 11 on default port 45895] INFO  node.SCMNodeManager (SCMNodeManager.java:register(389)) - Registered Data node : 9e8c78a1-f01d-42ca-a684-b6f934dd8d4f{ip: 10.1.0.51, host: fv-az122-453.zf1tlrj3kn4expqppa1j4mpycf.xx.internal.cloudapp.net, ports: [REPLICATION=38911, RATIS=39721, RATIS_ADMIN=39721, RATIS_SERVER=39721, STANDALONE=36341], networkLocation: /default-rack, certSerialId: null, persistedOpState: null, persistedOpStateExpiryEpochSec: 0}
2021-09-21 01:22:30,786 [EventQueue-NewNodeForNewNodeHandler] INFO  pipeline.BackgroundPipelineCreator (BackgroundPipelineCreatorV2.java:notifyEventTriggered(285)) - trigger a one-shot run on RatisPipelineUtilsThread.
2021-09-21 01:22:30,787 [RatisPipelineUtilsThread - 0] INFO  pipeline.RatisPipelineProvider (RatisPipelineProvider.java:lambda$create$0(183)) - Sending CreatePipelineCommand for pipeline:PipelineID=0d95875b-ec35-45bf-b7a0-32826c81fe16 to datanode:9e8c78a1-f01d-42ca-a684-b6f934dd8d4f
2021-09-21 01:22:30,787 [RatisPipelineUtilsThread - 0] INFO  pipeline.PipelineStateManager (PipelineStateManagerV2Impl.java:addPipeline(101)) - Created pipeline Pipeline[ Id: 0d95875b-ec35-45bf-b7a0-32826c81fe16, Nodes: 9e8c78a1-f01d-42ca-a684-b6f934dd8d4f{ip: 10.1.0.51, host: fv-az122-453.zf1tlrj3kn4expqppa1j4mpycf.xx.internal.cloudapp.net, ports: [REPLICATION=38911, RATIS=39721, RATIS_ADMIN=39721, RATIS_SERVER=39721, STANDALONE=36341], networkLocation: /default-rack, certSerialId: null, persistedOpState: IN_SERVICE, persistedOpStateExpiryEpochSec: 0}, ReplicationConfig: RATIS/ONE, State:ALLOCATED, leaderId:, CreationTimestamp2021-09-21T01:22:30.787Z[Etc/UTC]].
2021-09-21 01:22:30,788 [RatisPipelineUtilsThread - 0] INFO  pipeline.RatisPipelineProvider (RatisPipelineProvider.java:lambda$create$0(183)) - Sending CreatePipelineCommand for pipeline:PipelineID=af064ed5-d2ee-4a20-89df-d13672d1e602 to datanode:aa364905-4a8e-4b76-ab26-d74d60c32cfc
2021-09-21 01:22:30,788 [RatisPipelineUtilsThread - 0] INFO  pipeline.RatisPipelineProvider (RatisPipelineProvider.java:lambda$create$0(183)) - Sending CreatePipelineCommand for pipeline:PipelineID=af064ed5-d2ee-4a20-89df-d13672d1e602 to datanode:9e8c78a1-f01d-42ca-a684-b6f934dd8d4f
2021-09-21 01:22:30,788 [RatisPipelineUtilsThread - 0] INFO  pipeline.RatisPipelineProvider (RatisPipelineProvider.java:lambda$create$0(183)) - Sending CreatePipelineCommand for pipeline:PipelineID=af064ed5-d2ee-4a20-89df-d13672d1e602 to datanode:57923224-7b87-4e71-9981-19f5694b9dee
2021-09-21 01:22:30,788 [RatisPipelineUtilsThread - 0] INFO  pipeline.PipelineStateManager (PipelineStateManagerV2Impl.java:addPipeline(101)) - Created pipeline Pipeline[ Id: af064ed5-d2ee-4a20-89df-d13672d1e602, Nodes: aa364905-4a8e-4b76-ab26-d74d60c32cfc{ip: 10.1.0.51, host: fv-az122-453.zf1tlrj3kn4expqppa1j4mpycf.xx.internal.cloudapp.net, ports: [REPLICATION=42687, RATIS=39239, RATIS_ADMIN=39239, RATIS_SERVER=39239, STANDALONE=34147], networkLocation: /default-rack, certSerialId: null, persistedOpState: IN_SERVICE, persistedOpStateExpiryEpochSec: 0}9e8c78a1-f01d-42ca-a684-b6f934dd8d4f{ip: 10.1.0.51, host: fv-az122-453.zf1tlrj3kn4expqppa1j4mpycf.xx.internal.cloudapp.net, ports: [REPLICATION=38911, RATIS=39721, RATIS_ADMIN=39721, RATIS_SERVER=39721, STANDALONE=36341], networkLocation: /default-rack, certSerialId: null, persistedOpState: IN_SERVICE, persistedOpStateExpiryEpochSec: 0}57923224-7b87-4e71-9981-19f5694b9dee{ip: 10.1.0.51, host: fv-az122-453.zf1tlrj3kn4expqppa1j4mpycf.xx.internal.cloudapp.net, ports: [REPLICATION=39567, RATIS=39003, RATIS_ADMIN=39003, RATIS_SERVER=39003, STANDALONE=38953], networkLocation: /default-rack, certSerialId: null, persistedOpState: IN_SERVICE, persistedOpStateExpiryEpochSec: 0}, ReplicationConfig: RATIS/THREE, State:ALLOCATED, leaderId:, CreationTimestamp2021-09-21T01:22:30.788Z[Etc/UTC]].
2021-09-21 01:22:30,865 [grpc-default-executor-3] INFO  server.RaftServer (RaftServerProxy.java:addNew(95)) - be30f2b5-d5fc-49a0-9235-d4dd7ecd33b9: addNew group-7739A0DA65BB:[c67ce9c0-0a3a-4be5-b90f-8c76fbba61ed|rpc:10.1.0.51:43243|dataStream:|priority:0, be30f2b5-d5fc-49a0-9235-d4dd7ecd33b9|rpc:10.1.0.51:40839|dataStream:|priority:0, c886e095-44b5-4a75-a59b-9e8bd319d099|rpc:10.1.0.51:43537|dataStream:|priority:1] returns group-7739A0DA65BB:java.util.concurrent.CompletableFuture@67dfaba3[Not completed]
2021-09-21 01:22:30,868 [pool-347-thread-1] INFO  server.RaftServer$Division (RaftServerImpl.java:<init>(181)) - be30f2b5-d5fc-49a0-9235-d4dd7ecd33b9: new RaftServerImpl for group-7739A0DA65BB:[c67ce9c0-0a3a-4be5-b90f-8c76fbba61ed|rpc:10.1.0.51:43243|dataStream:|priority:0, be30f2b5-d5fc-49a0-9235-d4dd7ecd33b9|rpc:10.1.0.51:40839|dataStream:|priority:0, c886e095-44b5-4a75-a59b-9e8bd319d099|rpc:10.1.0.51:43537|dataStream:|priority:1] with ContainerStateMachine:uninitialized
2021-09-21 01:22:30,870 [pool-347-thread-1] INFO  server.RaftServerConfigKeys (ConfUtils.java:logGet(44)) - raft.server.rpc.timeout.min = 5s (custom)
2021-09-21 01:22:30,870 [pool-347-thread-1] INFO  server.RaftServerConfigKeys (ConfUtils.java:logGet(44)) - raft.server.rpc.timeout.max = 5200ms (custom)
2021-09-21 01:22:30,870 [pool-347-thread-1] INFO  server.RaftServerConfigKeys (ConfUtils.java:logGet(44)) - raft.server.rpc.sleep.time = 25ms (default)
2021-09-21 01:22:30,870 [pool-347-thread-1] INFO  server.RaftServerConfigKeys (ConfUtils.java:logGet(44)) - raft.server.rpc.slowness.timeout = 300000ms (custom)
2021-09-21 01:22:30,870 [pool-347-thread-1] INFO  server.RaftServerConfigKeys (ConfUtils.java:logGet(44)) - raft.server.leaderelection.leader.step-down.wait-time = 10s (default)
2021-09-21 01:22:30,871 [pool-347-thread-1] INFO  server.RaftServerConfigKeys (ConfUtils.java:logGet(44)) - raft.server.sleep.deviation.threshold = 300ms (default)
2021-09-21 01:22:30,871 [pool-347-thread-1] INFO  server.RaftServerConfigKeys (ConfUtils.java:logGet(44)) - raft.server.log.appender.install.snapshot.enabled = false (custom)
2021-09-21 01:22:30,871 [pool-347-thread-1] INFO  server.RaftServer$Division (ServerState.java:<init>(105)) - be30f2b5-d5fc-49a0-9235-d4dd7ecd33b9@group-7739A0DA65BB: ConfigurationManager, init=-1: [c67ce9c0-0a3a-4be5-b90f-8c76fbba61ed|rpc:10.1.0.51:43243|dataStream:|priority:0, be30f2b5-d5fc-49a0-9235-d4dd7ecd33b9|rpc:10.1.0.51:40839|dataStream:|priority:0, c886e095-44b5-4a75-a59b-9e8bd319d099|rpc:10.1.0.51:43537|dataStream:|priority:1], old=null, confs=<EMPTY_MAP>
2021-09-21 01:22:30,875 [pool-347-thread-1] INFO  server.RaftServerConfigKeys (ConfUtils.java:logGet(44)) - raft.server.storage.dir = [/home/runner/work/ozone/ozone/hadoop-ozone/integration-test/target/test-dir/MiniOzoneClusterImpl-7349e056-7b32-48d8-92e4-5182ee86217f/datanode-2/data/ratis] (custom)
2021-09-21 01:22:30,875 [pool-347-thread-1] INFO  server.RaftServerConfigKeys (ConfUtils.java:logGet(44)) - raft.server.log.corruption.policy = EXCEPTION (default)
2021-09-21 01:22:30,879 [pool-347-thread-1] INFO  server.RaftServerConfigKeys (ConfUtils.java:logGet(44)) - raft.server.storage.free-space.min = 0MB (=0) (default)
2021-09-21 01:22:30,879 [pool-347-thread-1] INFO  storage.RaftStorageDirectory (RaftStorageDirectoryImpl.java:analyzeStorage(135)) - The storage directory /home/runner/work/ozone/ozone/hadoop-ozone/integration-test/target/test-dir/MiniOzoneClusterImpl-7349e056-7b32-48d8-92e4-5182ee86217f/datanode-2/data/ratis/7c372caa-62a0-4f84-8eb6-7739a0da65bb does not exist. Creating ...
2021-09-21 01:22:30,880 [pool-347-thread-1] INFO  storage.RaftStorageDirectory (RaftStorageDirectoryImpl.java:tryLock(230)) - Lock on /home/runner/work/ozone/ozone/hadoop-ozone/integration-test/target/test-dir/MiniOzoneClusterImpl-7349e056-7b32-48d8-92e4-5182ee86217f/datanode-2/data/ratis/7c372caa-62a0-4f84-8eb6-7739a0da65bb/in_use.lock acquired by nodename 2684@fv-az122-453
2021-09-21 01:22:30,884 [pool-347-thread-1] INFO  storage.RaftStorage (RaftStorageImpl.java:format(89)) - Storage directory /home/runner/work/ozone/ozone/hadoop-ozone/integration-test/target/test-dir/MiniOzoneClusterImpl-7349e056-7b32-48d8-92e4-5182ee86217f/datanode-2/data/ratis/7c372caa-62a0-4f84-8eb6-7739a0da65bb has been successfully formatted.
2021-09-21 01:22:30,920 [pool-347-thread-1] INFO  ratis.ContainerStateMachine (ContainerStateMachine.java:loadSnapshot(224)) - group-7739A0DA65BB: The snapshot info is null. Setting the last applied indexto:(t:0, i:~)
2021-09-21 01:22:30,920 [pool-347-thread-1] INFO  server.RaftServerConfigKeys (ConfUtils.java:logGet(44)) - raft.server.notification.no-leader.timeout = 300000ms (custom)
2021-09-21 01:22:30,920 [pool-347-thread-1] INFO  server.RaftServerConfigKeys (ConfUtils.java:logGet(44)) - raft.server.log.use.memory = false (default)
2021-09-21 01:22:30,921 [pool-347-thread-1] INFO  server.RaftServerConfigKeys (ConfUtils.java:logGet(44)) - raft.server.log.purge.gap = 1000000 (custom)
2021-09-21 01:22:30,921 [pool-347-thread-1] INFO  server.RaftServerConfigKeys (ConfUtils.java:logGet(44)) - raft.server.log.appender.buffer.byte-limit = 33554432 (custom)
2021-09-21 01:22:30,921 [pool-347-thread-1] INFO  server.RaftServerConfigKeys (ConfUtils.java:logGet(44)) - raft.server.log.segment.size.max = 1048576 (custom)
2021-09-21 01:22:30,921 [pool-347-thread-1] INFO  server.RaftServerConfigKeys (ConfUtils.java:logGet(44)) - raft.server.log.segment.cache.num.max = 2 (custom)
2021-09-21 01:22:30,921 [pool-347-thread-1] INFO  server.RaftServerConfigKeys (ConfUtils.java:logGet(44)) - raft.server.log.segment.cache.size.max = 200MB (=209715200) (default)
2021-09-21 01:22:30,921 [pool-347-thread-1] INFO  segmented.SegmentedRaftLogWorker (SegmentedRaftLogWorker.java:<init>(182)) - new be30f2b5-d5fc-49a0-9235-d4dd7ecd33b9@group-7739A0DA65BB-SegmentedRaftLogWorker for RaftStorageImpl:Storage Directory /home/runner/work/ozone/ozone/hadoop-ozone/integration-test/target/test-dir/MiniOzoneClusterImpl-7349e056-7b32-48d8-92e4-5182ee86217f/datanode-2/data/ratis/7c372caa-62a0-4f84-8eb6-7739a0da65bb
2021-09-21 01:22:30,921 [pool-347-thread-1] INFO  server.RaftServerConfigKeys (ConfUtils.java:logGet(44)) - raft.server.log.queue.byte-limit = 2147483647 (custom)
2021-09-21 01:22:30,922 [pool-347-thread-1] INFO  server.RaftServerConfigKeys (ConfUtils.java:logGet(44)) - raft.server.log.queue.element-limit = 1024 (custom)
2021-09-21 01:22:30,922 [pool-347-thread-1] INFO  server.RaftServerConfigKeys (ConfUtils.java:logGet(44)) - raft.server.log.segment.size.max = 1048576 (custom)
2021-09-21 01:22:30,922 [pool-347-thread-1] INFO  server.RaftServerConfigKeys (ConfUtils.java:logGet(44)) - raft.server.log.preallocated.size = 16384 (custom)
2021-09-21 01:22:30,922 [pool-347-thread-1] INFO  server.RaftServerConfigKeys (ConfUtils.java:logGet(44)) - raft.server.log.force.sync.num = 128 (default)
2021-09-21 01:22:30,922 [pool-347-thread-1] INFO  server.RaftServerConfigKeys (ConfUtils.java:logGet(44)) - raft.server.log.statemachine.data.sync = true (default)
2021-09-21 01:22:30,922 [pool-347-thread-1] INFO  server.RaftServerConfigKeys (ConfUtils.java:logGet(44)) - raft.server.log.statemachine.data.sync.timeout = 10s (default)
2021-09-21 01:22:30,922 [pool-347-thread-1] INFO  server.RaftServerConfigKeys (ConfUtils.java:logGet(44)) - raft.server.log.statemachine.data.sync.timeout.retry = -1 (default)
2021-09-21 01:22:30,923 [pool-347-thread-1] INFO  server.RaftServerConfigKeys (ConfUtils.java:logGet(44)) - raft.server.log.write.buffer.size = 1048576 (custom)
2021-09-21 01:22:30,923 [Datanode State Machine Thread - 0] WARN  statemachine.StateContext (StateContext.java:execute(621)) - No available thread in pool for past 1 seconds.
2021-09-21 01:22:30,929 [pool-347-thread-1] INFO  server.RaftServerConfigKeys (ConfUtils.java:logGet(44)) - raft.server.log.statemachine.data.caching.enabled = true (custom)
2021-09-21 01:22:30,929 [pool-347-thread-1] INFO  segmented.SegmentedRaftLogWorker (SegmentedRaftLogWorker.java:lambda$new$0(133)) - be30f2b5-d5fc-49a0-9235-d4dd7ecd33b9@group-7739A0DA65BB-SegmentedRaftLogWorker: flushIndex: setUnconditionally 0 -> -1
2021-09-21 01:22:30,929 [pool-347-thread-1] INFO  segmented.SegmentedRaftLogWorker (SegmentedRaftLogWorker.java:lambda$new$0(133)) - be30f2b5-d5fc-49a0-9235-d4dd7ecd33b9@group-7739A0DA65BB-SegmentedRaftLogWorker: safeCacheEvictIndex: setUnconditionally 0 -> -1
2021-09-21 01:22:30,935 [pool-347-thread-1] INFO  server.RaftServerConfigKeys (ConfUtils.java:logGet(44)) - raft.server.snapshot.auto.trigger.enabled = true (custom)
2021-09-21 01:22:30,935 [pool-347-thread-1] INFO  server.RaftServerConfigKeys (ConfUtils.java:logGet(44)) - raft.server.snapshot.auto.trigger.threshold = 10000 (custom)
2021-09-21 01:22:30,936 [pool-347-thread-1] INFO  server.RaftServerConfigKeys (ConfUtils.java:logGet(44)) - raft.server.snapshot.retention.file.num = 5 (custom)
2021-09-21 01:22:30,936 [pool-347-thread-1] INFO  server.RaftServerConfigKeys (ConfUtils.java:logGet(44)) - raft.server.log.purge.upto.snapshot.index = false (default)
2021-09-21 01:22:30,936 [pool-347-thread-1] INFO  server.RaftServerConfigKeys (ConfUtils.java:logGet(44)) - raft.server.retrycache.expirytime = 600000ms (custom)
2021-09-21 01:22:30,936 [pool-347-thread-1] INFO  server.RaftServerConfigKeys (ConfUtils.java:logGet(44)) - raft.server.retrycache.statistics.expirytime = 100μs (default)
2021-09-21 01:22:30,937 [pool-347-thread-1] INFO  server.RaftServer$Division (RaftServerImpl.java:start(296)) - be30f2b5-d5fc-49a0-9235-d4dd7ecd33b9@group-7739A0DA65BB: start as a follower, conf=-1: [c67ce9c0-0a3a-4be5-b90f-8c76fbba61ed|rpc:10.1.0.51:43243|dataStream:|priority:0, be30f2b5-d5fc-49a0-9235-d4dd7ecd33b9|rpc:10.1.0.51:40839|dataStream:|priority:0, c886e095-44b5-4a75-a59b-9e8bd319d099|rpc:10.1.0.51:43537|dataStream:|priority:1], old=null
2021-09-21 01:22:30,937 [pool-347-thread-1] INFO  server.RaftServer$Division (RaftServerImpl.java:setRole(285)) - be30f2b5-d5fc-49a0-9235-d4dd7ecd33b9@group-7739A0DA65BB: changes role from      null to FOLLOWER at term 0 for startAsFollower
2021-09-21 01:22:30,937 [pool-347-thread-1] INFO  impl.RoleInfo (RoleInfo.java:updateAndGet(130)) - be30f2b5-d5fc-49a0-9235-d4dd7ecd33b9: start be30f2b5-d5fc-49a0-9235-d4dd7ecd33b9@group-7739A0DA65BB-FollowerState
2021-09-21 01:22:30,940 [pool-347-thread-1] INFO  util.JmxRegister (JmxRegister.java:tryRegister(44)) - Successfully registered JMX Bean with object name Ratis:service=RaftServer,group=group-7739A0DA65BB,id=be30f2b5-d5fc-49a0-9235-d4dd7ecd33b9
2021-09-21 01:22:30,999 [Command processor thread] INFO  commandhandler.CreatePipelineCommandHandler (CreatePipelineCommandHandler.java:handle(106)) - Created Pipeline RATIS THREE PipelineID=7c372caa-62a0-4f84-8eb6-7739a0da65bb.
2021-09-21 01:22:31,250 [Command processor thread] INFO  server.RaftServer (RaftServerProxy.java:addNew(95)) - c886e095-44b5-4a75-a59b-9e8bd319d099: addNew group-E85CC8CF5841:[c886e095-44b5-4a75-a59b-9e8bd319d099|rpc:10.1.0.51:43537|priority:1] returns group-E85CC8CF5841:java.util.concurrent.CompletableFuture@66c7eedc[Not completed]
2021-09-21 01:22:31,251 [pool-328-thread-1] INFO  server.RaftServer$Division (RaftServerImpl.java:<init>(181)) - c886e095-44b5-4a75-a59b-9e8bd319d099: new RaftServerImpl for group-E85CC8CF5841:[c886e095-44b5-4a75-a59b-9e8bd319d099|rpc:10.1.0.51:43537|priority:1] with ContainerStateMachine:uninitialized
2021-09-21 01:22:31,252 [pool-328-thread-1] INFO  server.RaftServerConfigKeys (ConfUtils.java:logGet(44)) - raft.server.rpc.timeout.min = 5s (custom)
2021-09-21 01:22:31,252 [pool-328-thread-1] INFO  server.RaftServerConfigKeys (ConfUtils.java:logGet(44)) - raft.server.rpc.timeout.max = 5200ms (custom)
2021-09-21 01:22:31,252 [pool-328-thread-1] INFO  server.RaftServerConfigKeys (ConfUtils.java:logGet(44)) - raft.server.rpc.sleep.time = 25ms (default)
2021-09-21 01:22:31,252 [pool-328-thread-1] INFO  server.RaftServerConfigKeys (ConfUtils.java:logGet(44)) - raft.server.rpc.slowness.timeout = 300000ms (custom)
2021-09-21 01:22:31,252 [pool-328-thread-1] INFO  server.RaftServerConfigKeys (ConfUtils.java:logGet(44)) - raft.server.leaderelection.leader.step-down.wait-time = 10s (default)
2021-09-21 01:22:31,252 [pool-328-thread-1] INFO  server.RaftServerConfigKeys (ConfUtils.java:logGet(44)) - raft.server.sleep.deviation.threshold = 300ms (default)
2021-09-21 01:22:31,252 [pool-328-thread-1] INFO  server.RaftServerConfigKeys (ConfUtils.java:logGet(44)) - raft.server.log.appender.install.snapshot.enabled = false (custom)
2021-09-21 01:22:31,252 [pool-328-thread-1] INFO  server.RaftServer$Division (ServerState.java:<init>(105)) - c886e095-44b5-4a75-a59b-9e8bd319d099@group-E85CC8CF5841: ConfigurationManager, init=-1: [c886e095-44b5-4a75-a59b-9e8bd319d099|rpc:10.1.0.51:43537|priority:1], old=null, confs=<EMPTY_MAP>
2021-09-21 01:22:31,252 [pool-328-thread-1] INFO  server.RaftServerConfigKeys (ConfUtils.java:logGet(44)) - raft.server.storage.dir = [/home/runner/work/ozone/ozone/hadoop-ozone/integration-test/target/test-dir/MiniOzoneClusterImpl-7349e056-7b32-48d8-92e4-5182ee86217f/datanode-1/data/ratis] (custom)
2021-09-21 01:22:31,252 [pool-328-thread-1] INFO  server.RaftServerConfigKeys (ConfUtils.java:logGet(44)) - raft.server.log.corruption.policy = EXCEPTION (default)
2021-09-21 01:22:31,252 [pool-328-thread-1] INFO  server.RaftServerConfigKeys (ConfUtils.java:logGet(44)) - raft.server.storage.free-space.min = 0MB (=0) (default)
2021-09-21 01:22:31,252 [pool-328-thread-1] INFO  storage.RaftStorageDirectory (RaftStorageDirectoryImpl.java:analyzeStorage(135)) - The storage directory /home/runner/work/ozone/ozone/hadoop-ozone/integration-test/target/test-dir/MiniOzoneClusterImpl-7349e056-7b32-48d8-92e4-5182ee86217f/datanode-1/data/ratis/5e45ed9a-a3fd-4d3e-84ce-e85cc8cf5841 does not exist. Creating ...
2021-09-21 01:22:31,256 [pool-328-thread-1] INFO  storage.RaftStorageDirectory (RaftStorageDirectoryImpl.java:tryLock(230)) - Lock on /home/runner/work/ozone/ozone/hadoop-ozone/integration-test/target/test-dir/MiniOzoneClusterImpl-7349e056-7b32-48d8-92e4-5182ee86217f/datanode-1/data/ratis/5e45ed9a-a3fd-4d3e-84ce-e85cc8cf5841/in_use.lock acquired by nodename 2684@fv-az122-453
2021-09-21 01:22:31,258 [pool-328-thread-1] INFO  storage.RaftStorage (RaftStorageImpl.java:format(89)) - Storage directory /home/runner/work/ozone/ozone/hadoop-ozone/integration-test/target/test-dir/MiniOzoneClusterImpl-7349e056-7b32-48d8-92e4-5182ee86217f/datanode-1/data/ratis/5e45ed9a-a3fd-4d3e-84ce-e85cc8cf5841 has been successfully formatted.
2021-09-21 01:22:31,258 [pool-328-thread-1] INFO  ratis.ContainerStateMachine (ContainerStateMachine.java:loadSnapshot(224)) - group-E85CC8CF5841: The snapshot info is null. Setting the last applied indexto:(t:0, i:~)
2021-09-21 01:22:31,258 [pool-328-thread-1] INFO  server.RaftServerConfigKeys (ConfUtils.java:logGet(44)) - raft.server.notification.no-leader.timeout = 300000ms (custom)
2021-09-21 01:22:31,258 [pool-328-thread-1] INFO  server.RaftServerConfigKeys (ConfUtils.java:logGet(44)) - raft.server.log.use.memory = false (default)
2021-09-21 01:22:31,258 [pool-328-thread-1] INFO  server.RaftServerConfigKeys (ConfUtils.java:logGet(44)) - raft.server.log.purge.gap = 1000000 (custom)
2021-09-21 01:22:31,259 [EventQueue-PipelineReportForPipelineReportHandler] INFO  pipeline.PipelineManagerImpl (PipelineManagerImpl.java:openPipeline(282)) - Pipeline Pipeline[ Id: 5e45ed9a-a3fd-4d3e-84ce-e85cc8cf5841, Nodes: c886e095-44b5-4a75-a59b-9e8bd319d099{ip: 10.1.0.51, host: fv-az122-453.zf1tlrj3kn4expqppa1j4mpycf.xx.internal.cloudapp.net, ports: [REPLICATION=33119, RATIS=43537, RATIS_ADMIN=43537, RATIS_SERVER=43537, STANDALONE=41033], networkLocation: /default-rack, certSerialId: null, persistedOpState: IN_SERVICE, persistedOpStateExpiryEpochSec: 0}, ReplicationConfig: RATIS/ONE, State:ALLOCATED, leaderId:c886e095-44b5-4a75-a59b-9e8bd319d099, CreationTimestamp2021-09-21T01:22:28.287Z[Etc/UTC]] moved to OPEN state
2021-09-21 01:22:31,260 [EventQueue-OpenPipelineForHealthyPipelineSafeModeRule] INFO  safemode.SCMSafeModeManager (HealthyPipelineSafeModeRule.java:process(124)) - SCM in safe mode. Healthy pipelines reported count is 0, required healthy pipeline reported count is 1
2021-09-21 01:22:31,261 [pool-328-thread-1] INFO  server.RaftServerConfigKeys (ConfUtils.java:logGet(44)) - raft.server.log.appender.buffer.byte-limit = 33554432 (custom)
2021-09-21 01:22:31,261 [pool-328-thread-1] INFO  server.RaftServerConfigKeys (ConfUtils.java:logGet(44)) - raft.server.log.segment.size.max = 1048576 (custom)
2021-09-21 01:22:31,262 [pool-328-thread-1] INFO  server.RaftServerConfigKeys (ConfUtils.java:logGet(44)) - raft.server.log.segment.cache.num.max = 2 (custom)
2021-09-21 01:22:31,262 [pool-328-thread-1] INFO  server.RaftServerConfigKeys (ConfUtils.java:logGet(44)) - raft.server.log.segment.cache.size.max = 200MB (=209715200) (default)
2021-09-21 01:22:31,262 [pool-328-thread-1] INFO  segmented.SegmentedRaftLogWorker (SegmentedRaftLogWorker.java:<init>(182)) - new c886e095-44b5-4a75-a59b-9e8bd319d099@group-E85CC8CF5841-SegmentedRaftLogWorker for RaftStorageImpl:Storage Directory /home/runner/work/ozone/ozone/hadoop-ozone/integration-test/target/test-dir/MiniOzoneClusterImpl-7349e056-7b32-48d8-92e4-5182ee86217f/datanode-1/data/ratis/5e45ed9a-a3fd-4d3e-84ce-e85cc8cf5841
2021-09-21 01:22:31,262 [pool-328-thread-1] INFO  server.RaftServerConfigKeys (ConfUtils.java:logGet(44)) - raft.server.log.queue.byte-limit = 2147483647 (custom)
2021-09-21 01:22:31,262 [pool-328-thread-1] INFO  server.RaftServerConfigKeys (ConfUtils.java:logGet(44)) - raft.server.log.queue.element-limit = 1024 (custom)
2021-09-21 01:22:31,262 [pool-328-thread-1] INFO  server.RaftServerConfigKeys (ConfUtils.java:logGet(44)) - raft.server.log.segment.size.max = 1048576 (custom)
2021-09-21 01:22:31,262 [pool-328-thread-1] INFO  server.RaftServerConfigKeys (ConfUtils.java:logGet(44)) - raft.server.log.preallocated.size = 16384 (custom)
2021-09-21 01:22:31,262 [pool-328-thread-1] INFO  server.RaftServerConfigKeys (ConfUtils.java:logGet(44)) - raft.server.log.force.sync.num = 128 (default)
2021-09-21 01:22:31,263 [pool-328-thread-1] INFO  server.RaftServerConfigKeys (ConfUtils.java:logGet(44)) - raft.server.log.statemachine.data.sync = true (default)
2021-09-21 01:22:31,263 [pool-328-thread-1] INFO  server.RaftServerConfigKeys (ConfUtils.java:logGet(44)) - raft.server.log.statemachine.data.sync.timeout = 10s (default)
2021-09-21 01:22:31,263 [pool-328-thread-1] INFO  server.RaftServerConfigKeys (ConfUtils.java:logGet(44)) - raft.server.log.statemachine.data.sync.timeout.retry = -1 (default)
2021-09-21 01:22:31,264 [pool-328-thread-1] INFO  server.RaftServerConfigKeys (ConfUtils.java:logGet(44)) - raft.server.log.write.buffer.size = 1048576 (custom)
2021-09-21 01:22:31,264 [pool-328-thread-1] INFO  server.RaftServerConfigKeys (ConfUtils.java:logGet(44)) - raft.server.log.statemachine.data.caching.enabled = true (custom)
2021-09-21 01:22:31,268 [pool-328-thread-1] INFO  segmented.SegmentedRaftLogWorker (SegmentedRaftLogWorker.java:lambda$new$0(133)) - c886e095-44b5-4a75-a59b-9e8bd319d099@group-E85CC8CF5841-SegmentedRaftLogWorker: flushIndex: setUnconditionally 0 -> -1
2021-09-21 01:22:31,268 [pool-328-thread-1] INFO  segmented.SegmentedRaftLogWorker (SegmentedRaftLogWorker.java:lambda$new$0(133)) - c886e095-44b5-4a75-a59b-9e8bd319d099@group-E85CC8CF5841-SegmentedRaftLogWorker: safeCacheEvictIndex: setUnconditionally 0 -> -1
2021-09-21 01:22:31,270 [pool-328-thread-1] INFO  server.RaftServerConfigKeys (ConfUtils.java:logGet(44)) - raft.server.snapshot.auto.trigger.enabled = true (custom)
2021-09-21 01:22:31,270 [pool-328-thread-1] INFO  server.RaftServerConfigKeys (ConfUtils.java:logGet(44)) - raft.server.snapshot.auto.trigger.threshold = 10000 (custom)
2021-09-21 01:22:31,270 [pool-328-thread-1] INFO  server.RaftServerConfigKeys (ConfUtils.java:logGet(44)) - raft.server.snapshot.retention.file.num = 5 (custom)
2021-09-21 01:22:31,270 [pool-328-thread-1] INFO  server.RaftServerConfigKeys (ConfUtils.java:logGet(44)) - raft.server.log.purge.upto.snapshot.index = false (default)
2021-09-21 01:22:31,270 [pool-328-thread-1] INFO  server.RaftServerConfigKeys (ConfUtils.java:logGet(44)) - raft.server.retrycache.expirytime = 600000ms (custom)
2021-09-21 01:22:31,270 [pool-328-thread-1] INFO  server.RaftServerConfigKeys (ConfUtils.java:logGet(44)) - raft.server.retrycache.statistics.expirytime = 100μs (default)
2021-09-21 01:22:31,275 [pool-328-thread-1] INFO  server.RaftServer$Division (RaftServerImpl.java:start(296)) - c886e095-44b5-4a75-a59b-9e8bd319d099@group-E85CC8CF5841: start as a follower, conf=-1: [c886e095-44b5-4a75-a59b-9e8bd319d099|rpc:10.1.0.51:43537|priority:1], old=null
2021-09-21 01:22:31,276 [pool-328-thread-1] INFO  server.RaftServer$Division (RaftServerImpl.java:setRole(285)) - c886e095-44b5-4a75-a59b-9e8bd319d099@group-E85CC8CF5841: changes role from      null to FOLLOWER at term 0 for startAsFollower
2021-09-21 01:22:31,276 [pool-328-thread-1] INFO  impl.RoleInfo (RoleInfo.java:updateAndGet(130)) - c886e095-44b5-4a75-a59b-9e8bd319d099: start c886e095-44b5-4a75-a59b-9e8bd319d099@group-E85CC8CF5841-FollowerState
2021-09-21 01:22:31,284 [pool-328-thread-1] INFO  util.JmxRegister (JmxRegister.java:tryRegister(44)) - Successfully registered JMX Bean with object name Ratis:service=RaftServer,group=group-E85CC8CF5841,id=c886e095-44b5-4a75-a59b-9e8bd319d099
2021-09-21 01:22:31,286 [Command processor thread] INFO  ratis.XceiverServerRatis (XceiverServerRatis.java:addGroup(762)) - Created group PipelineID=5e45ed9a-a3fd-4d3e-84ce-e85cc8cf5841
2021-09-21 01:22:31,286 [Command processor thread] INFO  commandhandler.CreatePipelineCommandHandler (CreatePipelineCommandHandler.java:handle(106)) - Created Pipeline RATIS ONE PipelineID=5e45ed9a-a3fd-4d3e-84ce-e85cc8cf5841.
2021-09-21 01:22:31,334 [Listener at 127.0.0.1/33583] INFO  ozone.MiniOzoneClusterImpl (MiniOzoneClusterImpl.java:lambda$waitForClusterToBeReady$0(235)) - Waiting for nodes to be ready. Got 6 of 9 DN Heartbeats.
2021-09-21 01:22:31,335 [Listener at 127.0.0.1/33583] INFO  ozone.MiniOzoneClusterImpl (MiniOzoneClusterImpl.java:lambda$waitForClusterToBeReady$0(238)) - Waiting for cluster to exit safe mode
2021-09-21 01:22:31,335 [Listener at 127.0.0.1/33583] INFO  ozone.MiniOzoneClusterImpl (MiniOzoneClusterImpl.java:lambda$waitForClusterToBeReady$0(240)) - SCM became leader
2021-09-21 01:22:31,429 [IPC Server handler 4 on default port 45895] INFO  net.NetworkTopologyImpl (NetworkTopologyImpl.java:add(112)) - Added a new node: /default-rack/7102e10f-7baf-40d1-a733-c49484cac6b4
2021-09-21 01:22:31,429 [IPC Server handler 4 on default port 45895] INFO  node.SCMNodeManager (SCMNodeManager.java:register(389)) - Registered Data node : 7102e10f-7baf-40d1-a733-c49484cac6b4{ip: 10.1.0.51, host: fv-az122-453.zf1tlrj3kn4expqppa1j4mpycf.xx.internal.cloudapp.net, ports: [REPLICATION=44151, RATIS=44475, RATIS_ADMIN=44475, RATIS_SERVER=44475, STANDALONE=44221], networkLocation: /default-rack, certSerialId: null, persistedOpState: null, persistedOpStateExpiryEpochSec: 0}
2021-09-21 01:22:31,429 [EventQueue-NewNodeForNewNodeHandler] INFO  pipeline.BackgroundPipelineCreator (BackgroundPipelineCreatorV2.java:notifyEventTriggered(285)) - trigger a one-shot run on RatisPipelineUtilsThread.
2021-09-21 01:22:31,430 [RatisPipelineUtilsThread - 0] INFO  pipeline.RatisPipelineProvider (RatisPipelineProvider.java:lambda$create$0(183)) - Sending CreatePipelineCommand for pipeline:PipelineID=d7cbee73-e4a9-452b-9ecd-e9bd032bb9dd to datanode:7102e10f-7baf-40d1-a733-c49484cac6b4
2021-09-21 01:22:31,430 [RatisPipelineUtilsThread - 0] INFO  pipeline.PipelineStateManager (PipelineStateManagerV2Impl.java:addPipeline(101)) - Created pipeline Pipeline[ Id: d7cbee73-e4a9-452b-9ecd-e9bd032bb9dd, Nodes: 7102e10f-7baf-40d1-a733-c49484cac6b4{ip: 10.1.0.51, host: fv-az122-453.zf1tlrj3kn4expqppa1j4mpycf.xx.internal.cloudapp.net, ports: [REPLICATION=44151, RATIS=44475, RATIS_ADMIN=44475, RATIS_SERVER=44475, STANDALONE=44221], networkLocation: /default-rack, certSerialId: null, persistedOpState: IN_SERVICE, persistedOpStateExpiryEpochSec: 0}, ReplicationConfig: RATIS/ONE, State:ALLOCATED, leaderId:, CreationTimestamp2021-09-21T01:22:31.430Z[Etc/UTC]].
2021-09-21 01:22:31,844 [Command processor thread] INFO  server.RaftServer (RaftServerProxy.java:addNew(95)) - be30f2b5-d5fc-49a0-9235-d4dd7ecd33b9: addNew group-9144BAF8D3CC:[be30f2b5-d5fc-49a0-9235-d4dd7ecd33b9|rpc:10.1.0.51:40839|priority:1] returns group-9144BAF8D3CC:java.util.concurrent.CompletableFuture@69cb472d[Not completed]
2021-09-21 01:22:31,880 [pool-347-thread-1] INFO  server.RaftServer$Division (RaftServerImpl.java:<init>(181)) - be30f2b5-d5fc-49a0-9235-d4dd7ecd33b9: new RaftServerImpl for group-9144BAF8D3CC:[be30f2b5-d5fc-49a0-9235-d4dd7ecd33b9|rpc:10.1.0.51:40839|priority:1] with ContainerStateMachine:uninitialized
2021-09-21 01:22:31,880 [pool-347-thread-1] INFO  server.RaftServerConfigKeys (ConfUtils.java:logGet(44)) - raft.server.rpc.timeout.min = 5s (custom)
2021-09-21 01:22:31,880 [pool-347-thread-1] INFO  server.RaftServerConfigKeys (ConfUtils.java:logGet(44)) - raft.server.rpc.timeout.max = 5200ms (custom)
2021-09-21 01:22:31,880 [pool-347-thread-1] INFO  server.RaftServerConfigKeys (ConfUtils.java:logGet(44)) - raft.server.rpc.sleep.time = 25ms (default)
2021-09-21 01:22:31,880 [pool-347-thread-1] INFO  server.RaftServerConfigKeys (ConfUtils.java:logGet(44)) - raft.server.rpc.slowness.timeout = 300000ms (custom)
2021-09-21 01:22:31,880 [pool-347-thread-1] INFO  server.RaftServerConfigKeys (ConfUtils.java:logGet(44)) - raft.server.leaderelection.leader.step-down.wait-time = 10s (default)
2021-09-21 01:22:31,880 [pool-347-thread-1] INFO  server.RaftServerConfigKeys (ConfUtils.java:logGet(44)) - raft.server.sleep.deviation.threshold = 300ms (default)
2021-09-21 01:22:31,880 [pool-347-thread-1] INFO  server.RaftServerConfigKeys (ConfUtils.java:logGet(44)) - raft.server.log.appender.install.snapshot.enabled = false (custom)
2021-09-21 01:22:31,880 [pool-347-thread-1] INFO  server.RaftServer$Division (ServerState.java:<init>(105)) - be30f2b5-d5fc-49a0-9235-d4dd7ecd33b9@group-9144BAF8D3CC: ConfigurationManager, init=-1: [be30f2b5-d5fc-49a0-9235-d4dd7ecd33b9|rpc:10.1.0.51:40839|priority:1], old=null, confs=<EMPTY_MAP>
2021-09-21 01:22:31,881 [pool-347-thread-1] INFO  server.RaftServerConfigKeys (ConfUtils.java:logGet(44)) - raft.server.storage.dir = [/home/runner/work/ozone/ozone/hadoop-ozone/integration-test/target/test-dir/MiniOzoneClusterImpl-7349e056-7b32-48d8-92e4-5182ee86217f/datanode-2/data/ratis] (custom)
2021-09-21 01:22:31,881 [pool-347-thread-1] INFO  server.RaftServerConfigKeys (ConfUtils.java:logGet(44)) - raft.server.log.corruption.policy = EXCEPTION (default)
2021-09-21 01:22:31,881 [pool-347-thread-1] INFO  server.RaftServerConfigKeys (ConfUtils.java:logGet(44)) - raft.server.storage.free-space.min = 0MB (=0) (default)
2021-09-21 01:22:31,881 [pool-347-thread-1] INFO  storage.RaftStorageDirectory (RaftStorageDirectoryImpl.java:analyzeStorage(135)) - The storage directory /home/runner/work/ozone/ozone/hadoop-ozone/integration-test/target/test-dir/MiniOzoneClusterImpl-7349e056-7b32-48d8-92e4-5182ee86217f/datanode-2/data/ratis/b173bcbf-5b5e-4b4e-a8b3-9144baf8d3cc does not exist. Creating ...
2021-09-21 01:22:31,900 [pool-347-thread-1] INFO  storage.RaftStorageDirectory (RaftStorageDirectoryImpl.java:tryLock(230)) - Lock on /home/runner/work/ozone/ozone/hadoop-ozone/integration-test/target/test-dir/MiniOzoneClusterImpl-7349e056-7b32-48d8-92e4-5182ee86217f/datanode-2/data/ratis/b173bcbf-5b5e-4b4e-a8b3-9144baf8d3cc/in_use.lock acquired by nodename 2684@fv-az122-453
2021-09-21 01:22:31,912 [IPC Server handler 16 on default port 45895] INFO  net.NetworkTopologyImpl (NetworkTopologyImpl.java:add(112)) - Added a new node: /default-rack/77eebb93-8ed1-4443-8476-48726f7e27c1
2021-09-21 01:22:31,912 [IPC Server handler 16 on default port 45895] INFO  node.SCMNodeManager (SCMNodeManager.java:register(389)) - Registered Data node : 77eebb93-8ed1-4443-8476-48726f7e27c1{ip: 10.1.0.51, host: fv-az122-453.zf1tlrj3kn4expqppa1j4mpycf.xx.internal.cloudapp.net, ports: [REPLICATION=37249, RATIS=40681, RATIS_ADMIN=40681, RATIS_SERVER=40681, STANDALONE=33209], networkLocation: /default-rack, certSerialId: null, persistedOpState: null, persistedOpStateExpiryEpochSec: 0}
2021-09-21 01:22:31,912 [EventQueue-NewNodeForNewNodeHandler] INFO  pipeline.BackgroundPipelineCreator (BackgroundPipelineCreatorV2.java:notifyEventTriggered(285)) - trigger a one-shot run on RatisPipelineUtilsThread.
2021-09-21 01:22:31,913 [RatisPipelineUtilsThread - 0] INFO  pipeline.RatisPipelineProvider (RatisPipelineProvider.java:lambda$create$0(183)) - Sending CreatePipelineCommand for pipeline:PipelineID=1002f7cb-4a07-4e60-8e7f-c51b0fad2543 to datanode:77eebb93-8ed1-4443-8476-48726f7e27c1
2021-09-21 01:22:31,913 [RatisPipelineUtilsThread - 0] INFO  pipeline.PipelineStateManager (PipelineStateManagerV2Impl.java:addPipeline(101)) - Created pipeline Pipeline[ Id: 1002f7cb-4a07-4e60-8e7f-c51b0fad2543, Nodes: 77eebb93-8ed1-4443-8476-48726f7e27c1{ip: 10.1.0.51, host: fv-az122-453.zf1tlrj3kn4expqppa1j4mpycf.xx.internal.cloudapp.net, ports: [REPLICATION=37249, RATIS=40681, RATIS_ADMIN=40681, RATIS_SERVER=40681, STANDALONE=33209], networkLocation: /default-rack, certSerialId: null, persistedOpState: IN_SERVICE, persistedOpStateExpiryEpochSec: 0}, ReplicationConfig: RATIS/ONE, State:ALLOCATED, leaderId:, CreationTimestamp2021-09-21T01:22:31.913Z[Etc/UTC]].
2021-09-21 01:22:31,938 [pool-347-thread-1] INFO  storage.RaftStorage (RaftStorageImpl.java:format(89)) - Storage directory /home/runner/work/ozone/ozone/hadoop-ozone/integration-test/target/test-dir/MiniOzoneClusterImpl-7349e056-7b32-48d8-92e4-5182ee86217f/datanode-2/data/ratis/b173bcbf-5b5e-4b4e-a8b3-9144baf8d3cc has been successfully formatted.
2021-09-21 01:22:31,939 [pool-347-thread-1] INFO  ratis.ContainerStateMachine (ContainerStateMachine.java:loadSnapshot(224)) - group-9144BAF8D3CC: The snapshot info is null. Setting the last applied indexto:(t:0, i:~)
2021-09-21 01:22:31,939 [Datanode State Machine Thread - 0] WARN  statemachine.StateContext (StateContext.java:execute(621)) - No available thread in pool for past 1 seconds.
2021-09-21 01:22:31,939 [pool-347-thread-1] INFO  server.RaftServerConfigKeys (ConfUtils.java:logGet(44)) - raft.server.notification.no-leader.timeout = 300000ms (custom)
2021-09-21 01:22:31,939 [pool-347-thread-1] INFO  server.RaftServerConfigKeys (ConfUtils.java:logGet(44)) - raft.server.log.use.memory = false (default)
2021-09-21 01:22:31,939 [pool-347-thread-1] INFO  server.RaftServerConfigKeys (ConfUtils.java:logGet(44)) - raft.server.log.purge.gap = 1000000 (custom)
2021-09-21 01:22:31,939 [pool-347-thread-1] INFO  server.RaftServerConfigKeys (ConfUtils.java:logGet(44)) - raft.server.log.appender.buffer.byte-limit = 33554432 (custom)
2021-09-21 01:22:31,939 [pool-347-thread-1] INFO  server.RaftServerConfigKeys (ConfUtils.java:logGet(44)) - raft.server.log.segment.size.max = 1048576 (custom)
2021-09-21 01:22:31,940 [pool-347-thread-1] INFO  server.RaftServerConfigKeys (ConfUtils.java:logGet(44)) - raft.server.log.segment.cache.num.max = 2 (custom)
2021-09-21 01:22:31,940 [pool-347-thread-1] INFO  server.RaftServerConfigKeys (ConfUtils.java:logGet(44)) - raft.server.log.segment.cache.size.max = 200MB (=209715200) (default)
2021-09-21 01:22:31,940 [pool-347-thread-1] INFO  segmented.SegmentedRaftLogWorker (SegmentedRaftLogWorker.java:<init>(182)) - new be30f2b5-d5fc-49a0-9235-d4dd7ecd33b9@group-9144BAF8D3CC-SegmentedRaftLogWorker for RaftStorageImpl:Storage Directory /home/runner/work/ozone/ozone/hadoop-ozone/integration-test/target/test-dir/MiniOzoneClusterImpl-7349e056-7b32-48d8-92e4-5182ee86217f/datanode-2/data/ratis/b173bcbf-5b5e-4b4e-a8b3-9144baf8d3cc
2021-09-21 01:22:31,940 [pool-347-thread-1] INFO  server.RaftServerConfigKeys (ConfUtils.java:logGet(44)) - raft.server.log.queue.byte-limit = 2147483647 (custom)
2021-09-21 01:22:31,940 [EventQueue-PipelineReportForPipelineReportHandler] INFO  pipeline.PipelineManagerImpl (PipelineManagerImpl.java:openPipeline(282)) - Pipeline Pipeline[ Id: b173bcbf-5b5e-4b4e-a8b3-9144baf8d3cc, Nodes: be30f2b5-d5fc-49a0-9235-d4dd7ecd33b9{ip: 10.1.0.51, host: fv-az122-453.zf1tlrj3kn4expqppa1j4mpycf.xx.internal.cloudapp.net, ports: [REPLICATION=38081, RATIS=40839, RATIS_ADMIN=40839, RATIS_SERVER=40839, STANDALONE=45589], networkLocation: /default-rack, certSerialId: null, persistedOpState: IN_SERVICE, persistedOpStateExpiryEpochSec: 0}, ReplicationConfig: RATIS/ONE, State:ALLOCATED, leaderId:be30f2b5-d5fc-49a0-9235-d4dd7ecd33b9, CreationTimestamp2021-09-21T01:22:28.860Z[Etc/UTC]] moved to OPEN state
2021-09-21 01:22:31,943 [EventQueue-OpenPipelineForHealthyPipelineSafeModeRule] INFO  safemode.SCMSafeModeManager (HealthyPipelineSafeModeRule.java:process(124)) - SCM in safe mode. Healthy pipelines reported count is 0, required healthy pipeline reported count is 1
2021-09-21 01:22:31,940 [pool-347-thread-1] INFO  server.RaftServerConfigKeys (ConfUtils.java:logGet(44)) - raft.server.log.queue.element-limit = 1024 (custom)
2021-09-21 01:22:31,943 [pool-347-thread-1] INFO  server.RaftServerConfigKeys (ConfUtils.java:logGet(44)) - raft.server.log.segment.size.max = 1048576 (custom)
2021-09-21 01:22:31,944 [pool-347-thread-1] INFO  server.RaftServerConfigKeys (ConfUtils.java:logGet(44)) - raft.server.log.preallocated.size = 16384 (custom)
2021-09-21 01:22:31,944 [pool-347-thread-1] INFO  server.RaftServerConfigKeys (ConfUtils.java:logGet(44)) - raft.server.log.force.sync.num = 128 (default)
2021-09-21 01:22:31,944 [pool-347-thread-1] INFO  server.RaftServerConfigKeys (ConfUtils.java:logGet(44)) - raft.server.log.statemachine.data.sync = true (default)
2021-09-21 01:22:31,944 [pool-347-thread-1] INFO  server.RaftServerConfigKeys (ConfUtils.java:logGet(44)) - raft.server.log.statemachine.data.sync.timeout = 10s (default)
2021-09-21 01:22:31,944 [pool-347-thread-1] INFO  server.RaftServerConfigKeys (ConfUtils.java:logGet(44)) - raft.server.log.statemachine.data.sync.timeout.retry = -1 (default)
2021-09-21 01:22:31,945 [pool-347-thread-1] INFO  server.RaftServerConfigKeys (ConfUtils.java:logGet(44)) - raft.server.log.write.buffer.size = 1048576 (custom)
2021-09-21 01:22:31,950 [pool-347-thread-1] INFO  server.RaftServerConfigKeys (ConfUtils.java:logGet(44)) - raft.server.log.statemachine.data.caching.enabled = true (custom)
2021-09-21 01:22:31,950 [pool-347-thread-1] INFO  segmented.SegmentedRaftLogWorker (SegmentedRaftLogWorker.java:lambda$new$0(133)) - be30f2b5-d5fc-49a0-9235-d4dd7ecd33b9@group-9144BAF8D3CC-SegmentedRaftLogWorker: flushIndex: setUnconditionally 0 -> -1
2021-09-21 01:22:31,950 [pool-347-thread-1] INFO  segmented.SegmentedRaftLogWorker (SegmentedRaftLogWorker.java:lambda$new$0(133)) - be30f2b5-d5fc-49a0-9235-d4dd7ecd33b9@group-9144BAF8D3CC-SegmentedRaftLogWorker: safeCacheEvictIndex: setUnconditionally 0 -> -1
2021-09-21 01:22:31,952 [pool-347-thread-1] INFO  server.RaftServerConfigKeys (ConfUtils.java:logGet(44)) - raft.server.snapshot.auto.trigger.enabled = true (custom)
2021-09-21 01:22:31,952 [pool-347-thread-1] INFO  server.RaftServerConfigKeys (ConfUtils.java:logGet(44)) - raft.server.snapshot.auto.trigger.threshold = 10000 (custom)
2021-09-21 01:22:31,952 [pool-347-thread-1] INFO  server.RaftServerConfigKeys (ConfUtils.java:logGet(44)) - raft.server.snapshot.retention.file.num = 5 (custom)
2021-09-21 01:22:31,953 [pool-347-thread-1] INFO  server.RaftServerConfigKeys (ConfUtils.java:logGet(44)) - raft.server.log.purge.upto.snapshot.index = false (default)
2021-09-21 01:22:31,953 [pool-347-thread-1] INFO  server.RaftServerConfigKeys (ConfUtils.java:logGet(44)) - raft.server.retrycache.expirytime = 600000ms (custom)
2021-09-21 01:22:31,953 [pool-347-thread-1] INFO  server.RaftServerConfigKeys (ConfUtils.java:logGet(44)) - raft.server.retrycache.statistics.expirytime = 100μs (default)
2021-09-21 01:22:31,954 [pool-347-thread-1] INFO  server.RaftServer$Division (RaftServerImpl.java:start(296)) - be30f2b5-d5fc-49a0-9235-d4dd7ecd33b9@group-9144BAF8D3CC: start as a follower, conf=-1: [be30f2b5-d5fc-49a0-9235-d4dd7ecd33b9|rpc:10.1.0.51:40839|priority:1], old=null
2021-09-21 01:22:31,954 [pool-347-thread-1] INFO  server.RaftServer$Division (RaftServerImpl.java:setRole(285)) - be30f2b5-d5fc-49a0-9235-d4dd7ecd33b9@group-9144BAF8D3CC: changes role from      null to FOLLOWER at term 0 for startAsFollower
2021-09-21 01:22:31,954 [pool-347-thread-1] INFO  impl.RoleInfo (RoleInfo.java:updateAndGet(130)) - be30f2b5-d5fc-49a0-9235-d4dd7ecd33b9: start be30f2b5-d5fc-49a0-9235-d4dd7ecd33b9@group-9144BAF8D3CC-FollowerState
2021-09-21 01:22:31,959 [pool-347-thread-1] INFO  util.JmxRegister (JmxRegister.java:tryRegister(44)) - Successfully registered JMX Bean with object name Ratis:service=RaftServer,group=group-9144BAF8D3CC,id=be30f2b5-d5fc-49a0-9235-d4dd7ecd33b9
2021-09-21 01:22:31,961 [Command processor thread] INFO  ratis.XceiverServerRatis (XceiverServerRatis.java:addGroup(762)) - Created group PipelineID=b173bcbf-5b5e-4b4e-a8b3-9144baf8d3cc
2021-09-21 01:22:31,961 [Command processor thread] INFO  commandhandler.CreatePipelineCommandHandler (CreatePipelineCommandHandler.java:handle(106)) - Created Pipeline RATIS ONE PipelineID=b173bcbf-5b5e-4b4e-a8b3-9144baf8d3cc.
2021-09-21 01:22:32,335 [Listener at 127.0.0.1/33583] INFO  ozone.MiniOzoneClusterImpl (MiniOzoneClusterImpl.java:lambda$waitForClusterToBeReady$0(235)) - Waiting for nodes to be ready. Got 8 of 9 DN Heartbeats.
2021-09-21 01:22:32,335 [Listener at 127.0.0.1/33583] INFO  ozone.MiniOzoneClusterImpl (MiniOzoneClusterImpl.java:lambda$waitForClusterToBeReady$0(238)) - Waiting for cluster to exit safe mode
2021-09-21 01:22:32,335 [Listener at 127.0.0.1/33583] INFO  ozone.MiniOzoneClusterImpl (MiniOzoneClusterImpl.java:lambda$waitForClusterToBeReady$0(240)) - SCM became leader
2021-09-21 01:22:32,369 [IPC Server handler 4 on default port 45895] INFO  net.NetworkTopologyImpl (NetworkTopologyImpl.java:add(112)) - Added a new node: /default-rack/ad039a86-d7f3-42ea-bec3-b4149bcaa887
2021-09-21 01:22:32,369 [IPC Server handler 4 on default port 45895] INFO  node.SCMNodeManager (SCMNodeManager.java:register(389)) - Registered Data node : ad039a86-d7f3-42ea-bec3-b4149bcaa887{ip: 10.1.0.51, host: fv-az122-453.zf1tlrj3kn4expqppa1j4mpycf.xx.internal.cloudapp.net, ports: [REPLICATION=38253, RATIS=35567, RATIS_ADMIN=35567, RATIS_SERVER=35567, STANDALONE=39945], networkLocation: /default-rack, certSerialId: null, persistedOpState: null, persistedOpStateExpiryEpochSec: 0}
2021-09-21 01:22:32,370 [EventQueue-NewNodeForNewNodeHandler] INFO  pipeline.BackgroundPipelineCreator (BackgroundPipelineCreatorV2.java:notifyEventTriggered(285)) - trigger a one-shot run on RatisPipelineUtilsThread.
2021-09-21 01:22:32,370 [RatisPipelineUtilsThread - 0] INFO  pipeline.RatisPipelineProvider (RatisPipelineProvider.java:lambda$create$0(183)) - Sending CreatePipelineCommand for pipeline:PipelineID=b5a081e7-2626-4002-956a-79f07020d29c to datanode:ad039a86-d7f3-42ea-bec3-b4149bcaa887
2021-09-21 01:22:32,371 [RatisPipelineUtilsThread - 0] INFO  pipeline.PipelineStateManager (PipelineStateManagerV2Impl.java:addPipeline(101)) - Created pipeline Pipeline[ Id: b5a081e7-2626-4002-956a-79f07020d29c, Nodes: ad039a86-d7f3-42ea-bec3-b4149bcaa887{ip: 10.1.0.51, host: fv-az122-453.zf1tlrj3kn4expqppa1j4mpycf.xx.internal.cloudapp.net, ports: [REPLICATION=38253, RATIS=35567, RATIS_ADMIN=35567, RATIS_SERVER=35567, STANDALONE=39945], networkLocation: /default-rack, certSerialId: null, persistedOpState: IN_SERVICE, persistedOpStateExpiryEpochSec: 0}, ReplicationConfig: RATIS/ONE, State:ALLOCATED, leaderId:, CreationTimestamp2021-09-21T01:22:32.370Z[Etc/UTC]].
2021-09-21 01:22:32,371 [RatisPipelineUtilsThread - 0] INFO  pipeline.RatisPipelineProvider (RatisPipelineProvider.java:lambda$create$0(183)) - Sending CreatePipelineCommand for pipeline:PipelineID=8b3e04da-d438-42db-a76b-c274e472e363 to datanode:77eebb93-8ed1-4443-8476-48726f7e27c1
2021-09-21 01:22:32,371 [RatisPipelineUtilsThread - 0] INFO  pipeline.RatisPipelineProvider (RatisPipelineProvider.java:lambda$create$0(183)) - Sending CreatePipelineCommand for pipeline:PipelineID=8b3e04da-d438-42db-a76b-c274e472e363 to datanode:7102e10f-7baf-40d1-a733-c49484cac6b4
2021-09-21 01:22:32,371 [RatisPipelineUtilsThread - 0] INFO  pipeline.RatisPipelineProvider (RatisPipelineProvider.java:lambda$create$0(183)) - Sending CreatePipelineCommand for pipeline:PipelineID=8b3e04da-d438-42db-a76b-c274e472e363 to datanode:ad039a86-d7f3-42ea-bec3-b4149bcaa887
2021-09-21 01:22:32,371 [RatisPipelineUtilsThread - 0] INFO  pipeline.PipelineStateManager (PipelineStateManagerV2Impl.java:addPipeline(101)) - Created pipeline Pipeline[ Id: 8b3e04da-d438-42db-a76b-c274e472e363, Nodes: 77eebb93-8ed1-4443-8476-48726f7e27c1{ip: 10.1.0.51, host: fv-az122-453.zf1tlrj3kn4expqppa1j4mpycf.xx.internal.cloudapp.net, ports: [REPLICATION=37249, RATIS=40681, RATIS_ADMIN=40681, RATIS_SERVER=40681, STANDALONE=33209], networkLocation: /default-rack, certSerialId: null, persistedOpState: IN_SERVICE, persistedOpStateExpiryEpochSec: 0}7102e10f-7baf-40d1-a733-c49484cac6b4{ip: 10.1.0.51, host: fv-az122-453.zf1tlrj3kn4expqppa1j4mpycf.xx.internal.cloudapp.net, ports: [REPLICATION=44151, RATIS=44475, RATIS_ADMIN=44475, RATIS_SERVER=44475, STANDALONE=44221], networkLocation: /default-rack, certSerialId: null, persistedOpState: IN_SERVICE, persistedOpStateExpiryEpochSec: 0}ad039a86-d7f3-42ea-bec3-b4149bcaa887{ip: 10.1.0.51, host: fv-az122-453.zf1tlrj3kn4expqppa1j4mpycf.xx.internal.cloudapp.net, ports: [REPLICATION=38253, RATIS=35567, RATIS_ADMIN=35567, RATIS_SERVER=35567, STANDALONE=39945], networkLocation: /default-rack, certSerialId: null, persistedOpState: IN_SERVICE, persistedOpStateExpiryEpochSec: 0}, ReplicationConfig: RATIS/THREE, State:ALLOCATED, leaderId:, CreationTimestamp2021-09-21T01:22:32.371Z[Etc/UTC]].
2021-09-21 01:22:32,444 [Command processor thread] INFO  server.RaftServer (RaftServerProxy.java:addNew(95)) - aa364905-4a8e-4b76-ab26-d74d60c32cfc: addNew group-8D21B40E27D6:[aa364905-4a8e-4b76-ab26-d74d60c32cfc|rpc:10.1.0.51:39239|priority:1] returns group-8D21B40E27D6:java.util.concurrent.CompletableFuture@5798eef1[Not completed]
2021-09-21 01:22:32,445 [pool-366-thread-1] INFO  server.RaftServer$Division (RaftServerImpl.java:<init>(181)) - aa364905-4a8e-4b76-ab26-d74d60c32cfc: new RaftServerImpl for group-8D21B40E27D6:[aa364905-4a8e-4b76-ab26-d74d60c32cfc|rpc:10.1.0.51:39239|priority:1] with ContainerStateMachine:uninitialized
2021-09-21 01:22:32,445 [pool-366-thread-1] INFO  server.RaftServerConfigKeys (ConfUtils.java:logGet(44)) - raft.server.rpc.timeout.min = 5s (custom)
2021-09-21 01:22:32,445 [pool-366-thread-1] INFO  server.RaftServerConfigKeys (ConfUtils.java:logGet(44)) - raft.server.rpc.timeout.max = 5200ms (custom)
2021-09-21 01:22:32,445 [pool-366-thread-1] INFO  server.RaftServerConfigKeys (ConfUtils.java:logGet(44)) - raft.server.rpc.sleep.time = 25ms (default)
2021-09-21 01:22:32,445 [pool-366-thread-1] INFO  server.RaftServerConfigKeys (ConfUtils.java:logGet(44)) - raft.server.rpc.slowness.timeout = 300000ms (custom)
2021-09-21 01:22:32,445 [pool-366-thread-1] INFO  server.RaftServerConfigKeys (ConfUtils.java:logGet(44)) - raft.server.leaderelection.leader.step-down.wait-time = 10s (default)
2021-09-21 01:22:32,446 [pool-366-thread-1] INFO  server.RaftServerConfigKeys (ConfUtils.java:logGet(44)) - raft.server.sleep.deviation.threshold = 300ms (default)
2021-09-21 01:22:32,446 [pool-366-thread-1] INFO  server.RaftServerConfigKeys (ConfUtils.java:logGet(44)) - raft.server.log.appender.install.snapshot.enabled = false (custom)
2021-09-21 01:22:32,446 [pool-366-thread-1] INFO  server.RaftServer$Division (ServerState.java:<init>(105)) - aa364905-4a8e-4b76-ab26-d74d60c32cfc@group-8D21B40E27D6: ConfigurationManager, init=-1: [aa364905-4a8e-4b76-ab26-d74d60c32cfc|rpc:10.1.0.51:39239|priority:1], old=null, confs=<EMPTY_MAP>
2021-09-21 01:22:32,446 [pool-366-thread-1] INFO  server.RaftServerConfigKeys (ConfUtils.java:logGet(44)) - raft.server.storage.dir = [/home/runner/work/ozone/ozone/hadoop-ozone/integration-test/target/test-dir/MiniOzoneClusterImpl-7349e056-7b32-48d8-92e4-5182ee86217f/datanode-3/data/ratis] (custom)
2021-09-21 01:22:32,446 [pool-366-thread-1] INFO  server.RaftServerConfigKeys (ConfUtils.java:logGet(44)) - raft.server.log.corruption.policy = EXCEPTION (default)
2021-09-21 01:22:32,446 [pool-366-thread-1] INFO  server.RaftServerConfigKeys (ConfUtils.java:logGet(44)) - raft.server.storage.free-space.min = 0MB (=0) (default)
2021-09-21 01:22:32,447 [pool-366-thread-1] INFO  storage.RaftStorageDirectory (RaftStorageDirectoryImpl.java:analyzeStorage(135)) - The storage directory /home/runner/work/ozone/ozone/hadoop-ozone/integration-test/target/test-dir/MiniOzoneClusterImpl-7349e056-7b32-48d8-92e4-5182ee86217f/datanode-3/data/ratis/9e5407be-9e32-4655-863f-8d21b40e27d6 does not exist. Creating ...
2021-09-21 01:22:32,447 [pool-366-thread-1] INFO  storage.RaftStorageDirectory (RaftStorageDirectoryImpl.java:tryLock(230)) - Lock on /home/runner/work/ozone/ozone/hadoop-ozone/integration-test/target/test-dir/MiniOzoneClusterImpl-7349e056-7b32-48d8-92e4-5182ee86217f/datanode-3/data/ratis/9e5407be-9e32-4655-863f-8d21b40e27d6/in_use.lock acquired by nodename 2684@fv-az122-453
2021-09-21 01:22:32,452 [pool-366-thread-1] INFO  storage.RaftStorage (RaftStorageImpl.java:format(89)) - Storage directory /home/runner/work/ozone/ozone/hadoop-ozone/integration-test/target/test-dir/MiniOzoneClusterImpl-7349e056-7b32-48d8-92e4-5182ee86217f/datanode-3/data/ratis/9e5407be-9e32-4655-863f-8d21b40e27d6 has been successfully formatted.
2021-09-21 01:22:32,461 [pool-366-thread-1] INFO  ratis.ContainerStateMachine (ContainerStateMachine.java:loadSnapshot(224)) - group-8D21B40E27D6: The snapshot info is null. Setting the last applied indexto:(t:0, i:~)
2021-09-21 01:22:32,461 [pool-366-thread-1] INFO  server.RaftServerConfigKeys (ConfUtils.java:logGet(44)) - raft.server.notification.no-leader.timeout = 300000ms (custom)
2021-09-21 01:22:32,461 [pool-366-thread-1] INFO  server.RaftServerConfigKeys (ConfUtils.java:logGet(44)) - raft.server.log.use.memory = false (default)
2021-09-21 01:22:32,461 [pool-366-thread-1] INFO  server.RaftServerConfigKeys (ConfUtils.java:logGet(44)) - raft.server.log.purge.gap = 1000000 (custom)
2021-09-21 01:22:32,461 [pool-366-thread-1] INFO  server.RaftServerConfigKeys (ConfUtils.java:logGet(44)) - raft.server.log.appender.buffer.byte-limit = 33554432 (custom)
2021-09-21 01:22:32,462 [pool-366-thread-1] INFO  server.RaftServerConfigKeys (ConfUtils.java:logGet(44)) - raft.server.log.segment.size.max = 1048576 (custom)
2021-09-21 01:22:32,462 [pool-366-thread-1] INFO  server.RaftServerConfigKeys (ConfUtils.java:logGet(44)) - raft.server.log.segment.cache.num.max = 2 (custom)
2021-09-21 01:22:32,462 [pool-366-thread-1] INFO  server.RaftServerConfigKeys (ConfUtils.java:logGet(44)) - raft.server.log.segment.cache.size.max = 200MB (=209715200) (default)
2021-09-21 01:22:32,462 [pool-366-thread-1] INFO  segmented.SegmentedRaftLogWorker (SegmentedRaftLogWorker.java:<init>(182)) - new aa364905-4a8e-4b76-ab26-d74d60c32cfc@group-8D21B40E27D6-SegmentedRaftLogWorker for RaftStorageImpl:Storage Directory /home/runner/work/ozone/ozone/hadoop-ozone/integration-test/target/test-dir/MiniOzoneClusterImpl-7349e056-7b32-48d8-92e4-5182ee86217f/datanode-3/data/ratis/9e5407be-9e32-4655-863f-8d21b40e27d6
2021-09-21 01:22:32,462 [pool-366-thread-1] INFO  server.RaftServerConfigKeys (ConfUtils.java:logGet(44)) - raft.server.log.queue.byte-limit = 2147483647 (custom)
2021-09-21 01:22:32,463 [pool-366-thread-1] INFO  server.RaftServerConfigKeys (ConfUtils.java:logGet(44)) - raft.server.log.queue.element-limit = 1024 (custom)
2021-09-21 01:22:32,463 [pool-366-thread-1] INFO  server.RaftServerConfigKeys (ConfUtils.java:logGet(44)) - raft.server.log.segment.size.max = 1048576 (custom)
2021-09-21 01:22:32,463 [pool-366-thread-1] INFO  server.RaftServerConfigKeys (ConfUtils.java:logGet(44)) - raft.server.log.preallocated.size = 16384 (custom)
2021-09-21 01:22:32,463 [pool-366-thread-1] INFO  server.RaftServerConfigKeys (ConfUtils.java:logGet(44)) - raft.server.log.force.sync.num = 128 (default)
2021-09-21 01:22:32,463 [pool-366-thread-1] INFO  server.RaftServerConfigKeys (ConfUtils.java:logGet(44)) - raft.server.log.statemachine.data.sync = true (default)
2021-09-21 01:22:32,464 [pool-366-thread-1] INFO  server.RaftServerConfigKeys (ConfUtils.java:logGet(44)) - raft.server.log.statemachine.data.sync.timeout = 10s (default)
2021-09-21 01:22:32,464 [pool-366-thread-1] INFO  server.RaftServerConfigKeys (ConfUtils.java:logGet(44)) - raft.server.log.statemachine.data.sync.timeout.retry = -1 (default)
2021-09-21 01:22:32,466 [EventQueue-PipelineReportForPipelineReportHandler] INFO  pipeline.PipelineManagerImpl (PipelineManagerImpl.java:openPipeline(282)) - Pipeline Pipeline[ Id: 9e5407be-9e32-4655-863f-8d21b40e27d6, Nodes: aa364905-4a8e-4b76-ab26-d74d60c32cfc{ip: 10.1.0.51, host: fv-az122-453.zf1tlrj3kn4expqppa1j4mpycf.xx.internal.cloudapp.net, ports: [REPLICATION=42687, RATIS=39239, RATIS_ADMIN=39239, RATIS_SERVER=39239, STANDALONE=34147], networkLocation: /default-rack, certSerialId: null, persistedOpState: IN_SERVICE, persistedOpStateExpiryEpochSec: 0}, ReplicationConfig: RATIS/ONE, State:ALLOCATED, leaderId:aa364905-4a8e-4b76-ab26-d74d60c32cfc, CreationTimestamp2021-09-21T01:22:29.445Z[Etc/UTC]] moved to OPEN state
2021-09-21 01:22:32,469 [EventQueue-OpenPipelineForHealthyPipelineSafeModeRule] INFO  safemode.SCMSafeModeManager (HealthyPipelineSafeModeRule.java:process(124)) - SCM in safe mode. Healthy pipelines reported count is 0, required healthy pipeline reported count is 1
2021-09-21 01:22:32,470 [pool-366-thread-1] INFO  server.RaftServerConfigKeys (ConfUtils.java:logGet(44)) - raft.server.log.write.buffer.size = 1048576 (custom)
2021-09-21 01:22:32,471 [pool-366-thread-1] INFO  server.RaftServerConfigKeys (ConfUtils.java:logGet(44)) - raft.server.log.statemachine.data.caching.enabled = true (custom)
2021-09-21 01:22:32,477 [pool-366-thread-1] INFO  segmented.SegmentedRaftLogWorker (SegmentedRaftLogWorker.java:lambda$new$0(133)) - aa364905-4a8e-4b76-ab26-d74d60c32cfc@group-8D21B40E27D6-SegmentedRaftLogWorker: flushIndex: setUnconditionally 0 -> -1
2021-09-21 01:22:32,477 [pool-366-thread-1] INFO  segmented.SegmentedRaftLogWorker (SegmentedRaftLogWorker.java:lambda$new$0(133)) - aa364905-4a8e-4b76-ab26-d74d60c32cfc@group-8D21B40E27D6-SegmentedRaftLogWorker: safeCacheEvictIndex: setUnconditionally 0 -> -1
2021-09-21 01:22:32,477 [pool-366-thread-1] INFO  server.RaftServerConfigKeys (ConfUtils.java:logGet(44)) - raft.server.snapshot.auto.trigger.enabled = true (custom)
2021-09-21 01:22:32,478 [pool-366-thread-1] INFO  server.RaftServerConfigKeys (ConfUtils.java:logGet(44)) - raft.server.snapshot.auto.trigger.threshold = 10000 (custom)
2021-09-21 01:22:32,478 [pool-366-thread-1] INFO  server.RaftServerConfigKeys (ConfUtils.java:logGet(44)) - raft.server.snapshot.retention.file.num = 5 (custom)
2021-09-21 01:22:32,478 [pool-366-thread-1] INFO  server.RaftServerConfigKeys (ConfUtils.java:logGet(44)) - raft.server.log.purge.upto.snapshot.index = false (default)
2021-09-21 01:22:32,478 [pool-366-thread-1] INFO  server.RaftServerConfigKeys (ConfUtils.java:logGet(44)) - raft.server.retrycache.expirytime = 600000ms (custom)
2021-09-21 01:22:32,478 [pool-366-thread-1] INFO  server.RaftServerConfigKeys (ConfUtils.java:logGet(44)) - raft.server.retrycache.statistics.expirytime = 100μs (default)
2021-09-21 01:22:32,481 [pool-366-thread-1] INFO  server.RaftServer$Division (RaftServerImpl.java:start(296)) - aa364905-4a8e-4b76-ab26-d74d60c32cfc@group-8D21B40E27D6: start as a follower, conf=-1: [aa364905-4a8e-4b76-ab26-d74d60c32cfc|rpc:10.1.0.51:39239|priority:1], old=null
2021-09-21 01:22:32,481 [pool-366-thread-1] INFO  server.RaftServer$Division (RaftServerImpl.java:setRole(285)) - aa364905-4a8e-4b76-ab26-d74d60c32cfc@group-8D21B40E27D6: changes role from      null to FOLLOWER at term 0 for startAsFollower
2021-09-21 01:22:32,481 [pool-366-thread-1] INFO  impl.RoleInfo (RoleInfo.java:updateAndGet(130)) - aa364905-4a8e-4b76-ab26-d74d60c32cfc: start aa364905-4a8e-4b76-ab26-d74d60c32cfc@group-8D21B40E27D6-FollowerState
2021-09-21 01:22:32,499 [pool-366-thread-1] INFO  util.JmxRegister (JmxRegister.java:tryRegister(44)) - Successfully registered JMX Bean with object name Ratis:service=RaftServer,group=group-8D21B40E27D6,id=aa364905-4a8e-4b76-ab26-d74d60c32cfc
2021-09-21 01:22:32,509 [Command processor thread] INFO  ratis.XceiverServerRatis (XceiverServerRatis.java:addGroup(762)) - Created group PipelineID=9e5407be-9e32-4655-863f-8d21b40e27d6
2021-09-21 01:22:32,510 [Command processor thread] INFO  commandhandler.CreatePipelineCommandHandler (CreatePipelineCommandHandler.java:handle(106)) - Created Pipeline RATIS ONE PipelineID=9e5407be-9e32-4655-863f-8d21b40e27d6.
2021-09-21 01:22:32,510 [Command processor thread] INFO  server.RaftServer (RaftServerProxy.java:addNew(95)) - aa364905-4a8e-4b76-ab26-d74d60c32cfc: addNew group-D13672D1E602:[9e8c78a1-f01d-42ca-a684-b6f934dd8d4f|rpc:10.1.0.51:39721|priority:0, aa364905-4a8e-4b76-ab26-d74d60c32cfc|rpc:10.1.0.51:39239|priority:0, 57923224-7b87-4e71-9981-19f5694b9dee|rpc:10.1.0.51:39003|priority:1] returns group-D13672D1E602:java.util.concurrent.CompletableFuture@53a760da[Not completed]
2021-09-21 01:22:32,510 [pool-366-thread-1] INFO  server.RaftServer$Division (RaftServerImpl.java:<init>(181)) - aa364905-4a8e-4b76-ab26-d74d60c32cfc: new RaftServerImpl for group-D13672D1E602:[9e8c78a1-f01d-42ca-a684-b6f934dd8d4f|rpc:10.1.0.51:39721|priority:0, aa364905-4a8e-4b76-ab26-d74d60c32cfc|rpc:10.1.0.51:39239|priority:0, 57923224-7b87-4e71-9981-19f5694b9dee|rpc:10.1.0.51:39003|priority:1] with ContainerStateMachine:uninitialized
2021-09-21 01:22:32,511 [pool-366-thread-1] INFO  server.RaftServerConfigKeys (ConfUtils.java:logGet(44)) - raft.server.rpc.timeout.min = 5s (custom)
2021-09-21 01:22:32,511 [pool-366-thread-1] INFO  server.RaftServerConfigKeys (ConfUtils.java:logGet(44)) - raft.server.rpc.timeout.max = 5200ms (custom)
2021-09-21 01:22:32,511 [pool-366-thread-1] INFO  server.RaftServerConfigKeys (ConfUtils.java:logGet(44)) - raft.server.rpc.sleep.time = 25ms (default)
2021-09-21 01:22:32,511 [pool-366-thread-1] INFO  server.RaftServerConfigKeys (ConfUtils.java:logGet(44)) - raft.server.rpc.slowness.timeout = 300000ms (custom)
2021-09-21 01:22:32,511 [pool-366-thread-1] INFO  server.RaftServerConfigKeys (ConfUtils.java:logGet(44)) - raft.server.leaderelection.leader.step-down.wait-time = 10s (default)
2021-09-21 01:22:32,511 [pool-366-thread-1] INFO  server.RaftServerConfigKeys (ConfUtils.java:logGet(44)) - raft.server.sleep.deviation.threshold = 300ms (default)
2021-09-21 01:22:32,511 [pool-366-thread-1] INFO  server.RaftServerConfigKeys (ConfUtils.java:logGet(44)) - raft.server.log.appender.install.snapshot.enabled = false (custom)
2021-09-21 01:22:32,511 [pool-366-thread-1] INFO  server.RaftServer$Division (ServerState.java:<init>(105)) - aa364905-4a8e-4b76-ab26-d74d60c32cfc@group-D13672D1E602: ConfigurationManager, init=-1: [9e8c78a1-f01d-42ca-a684-b6f934dd8d4f|rpc:10.1.0.51:39721|priority:0, aa364905-4a8e-4b76-ab26-d74d60c32cfc|rpc:10.1.0.51:39239|priority:0, 57923224-7b87-4e71-9981-19f5694b9dee|rpc:10.1.0.51:39003|priority:1], old=null, confs=<EMPTY_MAP>
2021-09-21 01:22:32,511 [pool-366-thread-1] INFO  server.RaftServerConfigKeys (ConfUtils.java:logGet(44)) - raft.server.storage.dir = [/home/runner/work/ozone/ozone/hadoop-ozone/integration-test/target/test-dir/MiniOzoneClusterImpl-7349e056-7b32-48d8-92e4-5182ee86217f/datanode-3/data/ratis] (custom)
2021-09-21 01:22:32,511 [pool-366-thread-1] INFO  server.RaftServerConfigKeys (ConfUtils.java:logGet(44)) - raft.server.log.corruption.policy = EXCEPTION (default)
2021-09-21 01:22:32,511 [pool-366-thread-1] INFO  server.RaftServerConfigKeys (ConfUtils.java:logGet(44)) - raft.server.storage.free-space.min = 0MB (=0) (default)
2021-09-21 01:22:32,511 [pool-366-thread-1] INFO  storage.RaftStorageDirectory (RaftStorageDirectoryImpl.java:analyzeStorage(135)) - The storage directory /home/runner/work/ozone/ozone/hadoop-ozone/integration-test/target/test-dir/MiniOzoneClusterImpl-7349e056-7b32-48d8-92e4-5182ee86217f/datanode-3/data/ratis/af064ed5-d2ee-4a20-89df-d13672d1e602 does not exist. Creating ...
2021-09-21 01:22:32,513 [pool-366-thread-1] INFO  storage.RaftStorageDirectory (RaftStorageDirectoryImpl.java:tryLock(230)) - Lock on /home/runner/work/ozone/ozone/hadoop-ozone/integration-test/target/test-dir/MiniOzoneClusterImpl-7349e056-7b32-48d8-92e4-5182ee86217f/datanode-3/data/ratis/af064ed5-d2ee-4a20-89df-d13672d1e602/in_use.lock acquired by nodename 2684@fv-az122-453
2021-09-21 01:22:32,515 [pool-366-thread-1] INFO  storage.RaftStorage (RaftStorageImpl.java:format(89)) - Storage directory /home/runner/work/ozone/ozone/hadoop-ozone/integration-test/target/test-dir/MiniOzoneClusterImpl-7349e056-7b32-48d8-92e4-5182ee86217f/datanode-3/data/ratis/af064ed5-d2ee-4a20-89df-d13672d1e602 has been successfully formatted.
2021-09-21 01:22:32,515 [pool-366-thread-1] INFO  ratis.ContainerStateMachine (ContainerStateMachine.java:loadSnapshot(224)) - group-D13672D1E602: The snapshot info is null. Setting the last applied indexto:(t:0, i:~)
2021-09-21 01:22:32,517 [EventQueue-OpenPipelineForHealthyPipelineSafeModeRule] INFO  safemode.SCMSafeModeManager (HealthyPipelineSafeModeRule.java:process(124)) - SCM in safe mode. Healthy pipelines reported count is 0, required healthy pipeline reported count is 1
2021-09-21 01:22:32,527 [pool-366-thread-1] INFO  server.RaftServerConfigKeys (ConfUtils.java:logGet(44)) - raft.server.notification.no-leader.timeout = 300000ms (custom)
2021-09-21 01:22:32,527 [pool-366-thread-1] INFO  server.RaftServerConfigKeys (ConfUtils.java:logGet(44)) - raft.server.log.use.memory = false (default)
2021-09-21 01:22:32,527 [pool-366-thread-1] INFO  server.RaftServerConfigKeys (ConfUtils.java:logGet(44)) - raft.server.log.purge.gap = 1000000 (custom)
2021-09-21 01:22:32,527 [pool-366-thread-1] INFO  server.RaftServerConfigKeys (ConfUtils.java:logGet(44)) - raft.server.log.appender.buffer.byte-limit = 33554432 (custom)
2021-09-21 01:22:32,527 [pool-366-thread-1] INFO  server.RaftServerConfigKeys (ConfUtils.java:logGet(44)) - raft.server.log.segment.size.max = 1048576 (custom)
2021-09-21 01:22:32,528 [pool-366-thread-1] INFO  server.RaftServerConfigKeys (ConfUtils.java:logGet(44)) - raft.server.log.segment.cache.num.max = 2 (custom)
2021-09-21 01:22:32,528 [pool-366-thread-1] INFO  server.RaftServerConfigKeys (ConfUtils.java:logGet(44)) - raft.server.log.segment.cache.size.max = 200MB (=209715200) (default)
2021-09-21 01:22:32,528 [pool-366-thread-1] INFO  segmented.SegmentedRaftLogWorker (SegmentedRaftLogWorker.java:<init>(182)) - new aa364905-4a8e-4b76-ab26-d74d60c32cfc@group-D13672D1E602-SegmentedRaftLogWorker for RaftStorageImpl:Storage Directory /home/runner/work/ozone/ozone/hadoop-ozone/integration-test/target/test-dir/MiniOzoneClusterImpl-7349e056-7b32-48d8-92e4-5182ee86217f/datanode-3/data/ratis/af064ed5-d2ee-4a20-89df-d13672d1e602
2021-09-21 01:22:32,528 [pool-366-thread-1] INFO  server.RaftServerConfigKeys (ConfUtils.java:logGet(44)) - raft.server.log.queue.byte-limit = 2147483647 (custom)
2021-09-21 01:22:32,528 [pool-366-thread-1] INFO  server.RaftServerConfigKeys (ConfUtils.java:logGet(44)) - raft.server.log.queue.element-limit = 1024 (custom)
2021-09-21 01:22:32,528 [pool-366-thread-1] INFO  server.RaftServerConfigKeys (ConfUtils.java:logGet(44)) - raft.server.log.segment.size.max = 1048576 (custom)
2021-09-21 01:22:32,528 [pool-366-thread-1] INFO  server.RaftServerConfigKeys (ConfUtils.java:logGet(44)) - raft.server.log.preallocated.size = 16384 (custom)
2021-09-21 01:22:32,528 [pool-366-thread-1] INFO  server.RaftServerConfigKeys (ConfUtils.java:logGet(44)) - raft.server.log.force.sync.num = 128 (default)
2021-09-21 01:22:32,528 [pool-366-thread-1] INFO  server.RaftServerConfigKeys (ConfUtils.java:logGet(44)) - raft.server.log.statemachine.data.sync = true (default)
2021-09-21 01:22:32,528 [pool-366-thread-1] INFO  server.RaftServerConfigKeys (ConfUtils.java:logGet(44)) - raft.server.log.statemachine.data.sync.timeout = 10s (default)
2021-09-21 01:22:32,529 [pool-366-thread-1] INFO  server.RaftServerConfigKeys (ConfUtils.java:logGet(44)) - raft.server.log.statemachine.data.sync.timeout.retry = -1 (default)
2021-09-21 01:22:32,529 [pool-366-thread-1] INFO  server.RaftServerConfigKeys (ConfUtils.java:logGet(44)) - raft.server.log.write.buffer.size = 1048576 (custom)
2021-09-21 01:22:32,530 [pool-366-thread-1] INFO  server.RaftServerConfigKeys (ConfUtils.java:logGet(44)) - raft.server.log.statemachine.data.caching.enabled = true (custom)
2021-09-21 01:22:32,533 [pool-366-thread-1] INFO  segmented.SegmentedRaftLogWorker (SegmentedRaftLogWorker.java:lambda$new$0(133)) - aa364905-4a8e-4b76-ab26-d74d60c32cfc@group-D13672D1E602-SegmentedRaftLogWorker: flushIndex: setUnconditionally 0 -> -1
2021-09-21 01:22:32,533 [pool-366-thread-1] INFO  segmented.SegmentedRaftLogWorker (SegmentedRaftLogWorker.java:lambda$new$0(133)) - aa364905-4a8e-4b76-ab26-d74d60c32cfc@group-D13672D1E602-SegmentedRaftLogWorker: safeCacheEvictIndex: setUnconditionally 0 -> -1
2021-09-21 01:22:32,539 [pool-366-thread-1] INFO  server.RaftServerConfigKeys (ConfUtils.java:logGet(44)) - raft.server.snapshot.auto.trigger.enabled = true (custom)
2021-09-21 01:22:32,539 [pool-366-thread-1] INFO  server.RaftServerConfigKeys (ConfUtils.java:logGet(44)) - raft.server.snapshot.auto.trigger.threshold = 10000 (custom)
2021-09-21 01:22:32,539 [pool-366-thread-1] INFO  server.RaftServerConfigKeys (ConfUtils.java:logGet(44)) - raft.server.snapshot.retention.file.num = 5 (custom)
2021-09-21 01:22:32,540 [pool-366-thread-1] INFO  server.RaftServerConfigKeys (ConfUtils.java:logGet(44)) - raft.server.log.purge.upto.snapshot.index = false (default)
2021-09-21 01:22:32,540 [pool-366-thread-1] INFO  server.RaftServerConfigKeys (ConfUtils.java:logGet(44)) - raft.server.retrycache.expirytime = 600000ms (custom)
2021-09-21 01:22:32,540 [pool-366-thread-1] INFO  server.RaftServerConfigKeys (ConfUtils.java:logGet(44)) - raft.server.retrycache.statistics.expirytime = 100μs (default)
2021-09-21 01:22:32,541 [pool-366-thread-1] INFO  server.RaftServer$Division (RaftServerImpl.java:start(296)) - aa364905-4a8e-4b76-ab26-d74d60c32cfc@group-D13672D1E602: start as a follower, conf=-1: [9e8c78a1-f01d-42ca-a684-b6f934dd8d4f|rpc:10.1.0.51:39721|priority:0, aa364905-4a8e-4b76-ab26-d74d60c32cfc|rpc:10.1.0.51:39239|priority:0, 57923224-7b87-4e71-9981-19f5694b9dee|rpc:10.1.0.51:39003|priority:1], old=null
2021-09-21 01:22:32,541 [pool-366-thread-1] INFO  server.RaftServer$Division (RaftServerImpl.java:setRole(285)) - aa364905-4a8e-4b76-ab26-d74d60c32cfc@group-D13672D1E602: changes role from      null to FOLLOWER at term 0 for startAsFollower
2021-09-21 01:22:32,541 [pool-366-thread-1] INFO  impl.RoleInfo (RoleInfo.java:updateAndGet(130)) - aa364905-4a8e-4b76-ab26-d74d60c32cfc: start aa364905-4a8e-4b76-ab26-d74d60c32cfc@group-D13672D1E602-FollowerState
2021-09-21 01:22:32,547 [pool-366-thread-1] INFO  util.JmxRegister (JmxRegister.java:tryRegister(44)) - Successfully registered JMX Bean with object name Ratis:service=RaftServer,group=group-D13672D1E602,id=aa364905-4a8e-4b76-ab26-d74d60c32cfc
2021-09-21 01:22:32,549 [Command processor thread] INFO  ratis.XceiverServerRatis (XceiverServerRatis.java:addGroup(762)) - Created group PipelineID=af064ed5-d2ee-4a20-89df-d13672d1e602
2021-09-21 01:22:32,600 [grpc-default-executor-3] INFO  server.RaftServer (RaftServerProxy.java:addNew(95)) - 9e8c78a1-f01d-42ca-a684-b6f934dd8d4f: addNew group-D13672D1E602:[9e8c78a1-f01d-42ca-a684-b6f934dd8d4f|rpc:10.1.0.51:39721|dataStream:|priority:0, aa364905-4a8e-4b76-ab26-d74d60c32cfc|rpc:10.1.0.51:39239|dataStream:|priority:0, 57923224-7b87-4e71-9981-19f5694b9dee|rpc:10.1.0.51:39003|dataStream:|priority:1] returns group-D13672D1E602:java.util.concurrent.CompletableFuture@2b314c5[Not completed]
2021-09-21 01:22:32,631 [pool-404-thread-1] INFO  server.RaftServer$Division (RaftServerImpl.java:<init>(181)) - 9e8c78a1-f01d-42ca-a684-b6f934dd8d4f: new RaftServerImpl for group-D13672D1E602:[9e8c78a1-f01d-42ca-a684-b6f934dd8d4f|rpc:10.1.0.51:39721|dataStream:|priority:0, aa364905-4a8e-4b76-ab26-d74d60c32cfc|rpc:10.1.0.51:39239|dataStream:|priority:0, 57923224-7b87-4e71-9981-19f5694b9dee|rpc:10.1.0.51:39003|dataStream:|priority:1] with ContainerStateMachine:uninitialized
2021-09-21 01:22:32,631 [pool-404-thread-1] INFO  server.RaftServerConfigKeys (ConfUtils.java:logGet(44)) - raft.server.rpc.timeout.min = 5s (custom)
2021-09-21 01:22:32,632 [pool-404-thread-1] INFO  server.RaftServerConfigKeys (ConfUtils.java:logGet(44)) - raft.server.rpc.timeout.max = 5200ms (custom)
2021-09-21 01:22:32,632 [pool-404-thread-1] INFO  server.RaftServerConfigKeys (ConfUtils.java:logGet(44)) - raft.server.rpc.sleep.time = 25ms (default)
2021-09-21 01:22:32,632 [pool-404-thread-1] INFO  server.RaftServerConfigKeys (ConfUtils.java:logGet(44)) - raft.server.rpc.slowness.timeout = 300000ms (custom)
2021-09-21 01:22:32,632 [pool-404-thread-1] INFO  server.RaftServerConfigKeys (ConfUtils.java:logGet(44)) - raft.server.leaderelection.leader.step-down.wait-time = 10s (default)
2021-09-21 01:22:32,632 [pool-404-thread-1] INFO  server.RaftServerConfigKeys (ConfUtils.java:logGet(44)) - raft.server.sleep.deviation.threshold = 300ms (default)
2021-09-21 01:22:32,632 [pool-404-thread-1] INFO  server.RaftServerConfigKeys (ConfUtils.java:logGet(44)) - raft.server.log.appender.install.snapshot.enabled = false (custom)
2021-09-21 01:22:32,632 [pool-404-thread-1] INFO  server.RaftServer$Division (ServerState.java:<init>(105)) - 9e8c78a1-f01d-42ca-a684-b6f934dd8d4f@group-D13672D1E602: ConfigurationManager, init=-1: [9e8c78a1-f01d-42ca-a684-b6f934dd8d4f|rpc:10.1.0.51:39721|dataStream:|priority:0, aa364905-4a8e-4b76-ab26-d74d60c32cfc|rpc:10.1.0.51:39239|dataStream:|priority:0, 57923224-7b87-4e71-9981-19f5694b9dee|rpc:10.1.0.51:39003|dataStream:|priority:1], old=null, confs=<EMPTY_MAP>
2021-09-21 01:22:32,632 [pool-404-thread-1] INFO  server.RaftServerConfigKeys (ConfUtils.java:logGet(44)) - raft.server.storage.dir = [/home/runner/work/ozone/ozone/hadoop-ozone/integration-test/target/test-dir/MiniOzoneClusterImpl-7349e056-7b32-48d8-92e4-5182ee86217f/datanode-5/data/ratis] (custom)
2021-09-21 01:22:32,633 [pool-404-thread-1] INFO  server.RaftServerConfigKeys (ConfUtils.java:logGet(44)) - raft.server.log.corruption.policy = EXCEPTION (default)
2021-09-21 01:22:32,633 [pool-404-thread-1] INFO  server.RaftServerConfigKeys (ConfUtils.java:logGet(44)) - raft.server.storage.free-space.min = 0MB (=0) (default)
2021-09-21 01:22:32,633 [pool-404-thread-1] INFO  storage.RaftStorageDirectory (RaftStorageDirectoryImpl.java:analyzeStorage(135)) - The storage directory /home/runner/work/ozone/ozone/hadoop-ozone/integration-test/target/test-dir/MiniOzoneClusterImpl-7349e056-7b32-48d8-92e4-5182ee86217f/datanode-5/data/ratis/af064ed5-d2ee-4a20-89df-d13672d1e602 does not exist. Creating ...
2021-09-21 01:22:32,634 [pool-404-thread-1] INFO  storage.RaftStorageDirectory (RaftStorageDirectoryImpl.java:tryLock(230)) - Lock on /home/runner/work/ozone/ozone/hadoop-ozone/integration-test/target/test-dir/MiniOzoneClusterImpl-7349e056-7b32-48d8-92e4-5182ee86217f/datanode-5/data/ratis/af064ed5-d2ee-4a20-89df-d13672d1e602/in_use.lock acquired by nodename 2684@fv-az122-453
2021-09-21 01:22:32,641 [pool-404-thread-1] INFO  storage.RaftStorage (RaftStorageImpl.java:format(89)) - Storage directory /home/runner/work/ozone/ozone/hadoop-ozone/integration-test/target/test-dir/MiniOzoneClusterImpl-7349e056-7b32-48d8-92e4-5182ee86217f/datanode-5/data/ratis/af064ed5-d2ee-4a20-89df-d13672d1e602 has been successfully formatted.
2021-09-21 01:22:32,641 [pool-404-thread-1] INFO  ratis.ContainerStateMachine (ContainerStateMachine.java:loadSnapshot(224)) - group-D13672D1E602: The snapshot info is null. Setting the last applied indexto:(t:0, i:~)
2021-09-21 01:22:32,641 [pool-404-thread-1] INFO  server.RaftServerConfigKeys (ConfUtils.java:logGet(44)) - raft.server.notification.no-leader.timeout = 300000ms (custom)
2021-09-21 01:22:32,641 [pool-404-thread-1] INFO  server.RaftServerConfigKeys (ConfUtils.java:logGet(44)) - raft.server.log.use.memory = false (default)
2021-09-21 01:22:32,641 [pool-404-thread-1] INFO  server.RaftServerConfigKeys (ConfUtils.java:logGet(44)) - raft.server.log.purge.gap = 1000000 (custom)
2021-09-21 01:22:32,641 [pool-404-thread-1] INFO  server.RaftServerConfigKeys (ConfUtils.java:logGet(44)) - raft.server.log.appender.buffer.byte-limit = 33554432 (custom)
2021-09-21 01:22:32,641 [pool-404-thread-1] INFO  server.RaftServerConfigKeys (ConfUtils.java:logGet(44)) - raft.server.log.segment.size.max = 1048576 (custom)
2021-09-21 01:22:32,642 [pool-404-thread-1] INFO  server.RaftServerConfigKeys (ConfUtils.java:logGet(44)) - raft.server.log.segment.cache.num.max = 2 (custom)
2021-09-21 01:22:32,642 [pool-404-thread-1] INFO  server.RaftServerConfigKeys (ConfUtils.java:logGet(44)) - raft.server.log.segment.cache.size.max = 200MB (=209715200) (default)
2021-09-21 01:22:32,642 [pool-404-thread-1] INFO  segmented.SegmentedRaftLogWorker (SegmentedRaftLogWorker.java:<init>(182)) - new 9e8c78a1-f01d-42ca-a684-b6f934dd8d4f@group-D13672D1E602-SegmentedRaftLogWorker for RaftStorageImpl:Storage Directory /home/runner/work/ozone/ozone/hadoop-ozone/integration-test/target/test-dir/MiniOzoneClusterImpl-7349e056-7b32-48d8-92e4-5182ee86217f/datanode-5/data/ratis/af064ed5-d2ee-4a20-89df-d13672d1e602
2021-09-21 01:22:32,642 [pool-404-thread-1] INFO  server.RaftServerConfigKeys (ConfUtils.java:logGet(44)) - raft.server.log.queue.byte-limit = 2147483647 (custom)
2021-09-21 01:22:32,642 [pool-404-thread-1] INFO  server.RaftServerConfigKeys (ConfUtils.java:logGet(44)) - raft.server.log.queue.element-limit = 1024 (custom)
2021-09-21 01:22:32,642 [pool-404-thread-1] INFO  server.RaftServerConfigKeys (ConfUtils.java:logGet(44)) - raft.server.log.segment.size.max = 1048576 (custom)
2021-09-21 01:22:32,642 [pool-404-thread-1] INFO  server.RaftServerConfigKeys (ConfUtils.java:logGet(44)) - raft.server.log.preallocated.size = 16384 (custom)
2021-09-21 01:22:32,642 [pool-404-thread-1] INFO  server.RaftServerConfigKeys (ConfUtils.java:logGet(44)) - raft.server.log.force.sync.num = 128 (default)
2021-09-21 01:22:32,642 [pool-404-thread-1] INFO  server.RaftServerConfigKeys (ConfUtils.java:logGet(44)) - raft.server.log.statemachine.data.sync = true (default)
2021-09-21 01:22:32,642 [pool-404-thread-1] INFO  server.RaftServerConfigKeys (ConfUtils.java:logGet(44)) - raft.server.log.statemachine.data.sync.timeout = 10s (default)
2021-09-21 01:22:32,642 [pool-404-thread-1] INFO  server.RaftServerConfigKeys (ConfUtils.java:logGet(44)) - raft.server.log.statemachine.data.sync.timeout.retry = -1 (default)
2021-09-21 01:22:32,654 [pool-404-thread-1] INFO  server.RaftServerConfigKeys (ConfUtils.java:logGet(44)) - raft.server.log.write.buffer.size = 1048576 (custom)
2021-09-21 01:22:32,654 [pool-404-thread-1] INFO  server.RaftServerConfigKeys (ConfUtils.java:logGet(44)) - raft.server.log.statemachine.data.caching.enabled = true (custom)
2021-09-21 01:22:32,655 [pool-404-thread-1] INFO  segmented.SegmentedRaftLogWorker (SegmentedRaftLogWorker.java:lambda$new$0(133)) - 9e8c78a1-f01d-42ca-a684-b6f934dd8d4f@group-D13672D1E602-SegmentedRaftLogWorker: flushIndex: setUnconditionally 0 -> -1
2021-09-21 01:22:32,655 [pool-404-thread-1] INFO  segmented.SegmentedRaftLogWorker (SegmentedRaftLogWorker.java:lambda$new$0(133)) - 9e8c78a1-f01d-42ca-a684-b6f934dd8d4f@group-D13672D1E602-SegmentedRaftLogWorker: safeCacheEvictIndex: setUnconditionally 0 -> -1
2021-09-21 01:22:32,662 [pool-404-thread-1] INFO  server.RaftServerConfigKeys (ConfUtils.java:logGet(44)) - raft.server.snapshot.auto.trigger.enabled = true (custom)
2021-09-21 01:22:32,662 [pool-404-thread-1] INFO  server.RaftServerConfigKeys (ConfUtils.java:logGet(44)) - raft.server.snapshot.auto.trigger.threshold = 10000 (custom)
2021-09-21 01:22:32,662 [pool-404-thread-1] INFO  server.RaftServerConfigKeys (ConfUtils.java:logGet(44)) - raft.server.snapshot.retention.file.num = 5 (custom)
2021-09-21 01:22:32,662 [pool-404-thread-1] INFO  server.RaftServerConfigKeys (ConfUtils.java:logGet(44)) - raft.server.log.purge.upto.snapshot.index = false (default)
2021-09-21 01:22:32,662 [pool-404-thread-1] INFO  server.RaftServerConfigKeys (ConfUtils.java:logGet(44)) - raft.server.retrycache.expirytime = 600000ms (custom)
2021-09-21 01:22:32,662 [pool-404-thread-1] INFO  server.RaftServerConfigKeys (ConfUtils.java:logGet(44)) - raft.server.retrycache.statistics.expirytime = 100μs (default)
2021-09-21 01:22:32,664 [pool-404-thread-1] INFO  server.RaftServer$Division (RaftServerImpl.java:start(296)) - 9e8c78a1-f01d-42ca-a684-b6f934dd8d4f@group-D13672D1E602: start as a follower, conf=-1: [9e8c78a1-f01d-42ca-a684-b6f934dd8d4f|rpc:10.1.0.51:39721|dataStream:|priority:0, aa364905-4a8e-4b76-ab26-d74d60c32cfc|rpc:10.1.0.51:39239|dataStream:|priority:0, 57923224-7b87-4e71-9981-19f5694b9dee|rpc:10.1.0.51:39003|dataStream:|priority:1], old=null
2021-09-21 01:22:32,664 [pool-404-thread-1] INFO  server.RaftServer$Division (RaftServerImpl.java:setRole(285)) - 9e8c78a1-f01d-42ca-a684-b6f934dd8d4f@group-D13672D1E602: changes role from      null to FOLLOWER at term 0 for startAsFollower
2021-09-21 01:22:32,664 [pool-404-thread-1] INFO  impl.RoleInfo (RoleInfo.java:updateAndGet(130)) - 9e8c78a1-f01d-42ca-a684-b6f934dd8d4f: start 9e8c78a1-f01d-42ca-a684-b6f934dd8d4f@group-D13672D1E602-FollowerState
2021-09-21 01:22:32,679 [pool-404-thread-1] INFO  util.JmxRegister (JmxRegister.java:tryRegister(44)) - Successfully registered JMX Bean with object name Ratis:service=RaftServer,group=group-D13672D1E602,id=9e8c78a1-f01d-42ca-a684-b6f934dd8d4f
2021-09-21 01:22:32,743 [grpc-default-executor-3] INFO  server.RaftServer (RaftServerProxy.java:addNew(95)) - 57923224-7b87-4e71-9981-19f5694b9dee: addNew group-D13672D1E602:[9e8c78a1-f01d-42ca-a684-b6f934dd8d4f|rpc:10.1.0.51:39721|dataStream:|priority:0, aa364905-4a8e-4b76-ab26-d74d60c32cfc|rpc:10.1.0.51:39239|dataStream:|priority:0, 57923224-7b87-4e71-9981-19f5694b9dee|rpc:10.1.0.51:39003|dataStream:|priority:1] returns group-D13672D1E602:java.util.concurrent.CompletableFuture@4876cc38[Not completed]
2021-09-21 01:22:32,762 [pool-385-thread-1] INFO  server.RaftServer$Division (RaftServerImpl.java:<init>(181)) - 57923224-7b87-4e71-9981-19f5694b9dee: new RaftServerImpl for group-D13672D1E602:[9e8c78a1-f01d-42ca-a684-b6f934dd8d4f|rpc:10.1.0.51:39721|dataStream:|priority:0, aa364905-4a8e-4b76-ab26-d74d60c32cfc|rpc:10.1.0.51:39239|dataStream:|priority:0, 57923224-7b87-4e71-9981-19f5694b9dee|rpc:10.1.0.51:39003|dataStream:|priority:1] with ContainerStateMachine:uninitialized
2021-09-21 01:22:32,762 [pool-385-thread-1] INFO  server.RaftServerConfigKeys (ConfUtils.java:logGet(44)) - raft.server.rpc.timeout.min = 5s (custom)
2021-09-21 01:22:32,762 [pool-385-thread-1] INFO  server.RaftServerConfigKeys (ConfUtils.java:logGet(44)) - raft.server.rpc.timeout.max = 5200ms (custom)
2021-09-21 01:22:32,762 [pool-385-thread-1] INFO  server.RaftServerConfigKeys (ConfUtils.java:logGet(44)) - raft.server.rpc.sleep.time = 25ms (default)
2021-09-21 01:22:32,771 [pool-385-thread-1] INFO  server.RaftServerConfigKeys (ConfUtils.java:logGet(44)) - raft.server.rpc.slowness.timeout = 300000ms (custom)
2021-09-21 01:22:32,772 [pool-385-thread-1] INFO  server.RaftServerConfigKeys (ConfUtils.java:logGet(44)) - raft.server.leaderelection.leader.step-down.wait-time = 10s (default)
2021-09-21 01:22:32,772 [pool-385-thread-1] INFO  server.RaftServerConfigKeys (ConfUtils.java:logGet(44)) - raft.server.sleep.deviation.threshold = 300ms (default)
2021-09-21 01:22:32,772 [pool-385-thread-1] INFO  server.RaftServerConfigKeys (ConfUtils.java:logGet(44)) - raft.server.log.appender.install.snapshot.enabled = false (custom)
2021-09-21 01:22:32,772 [pool-385-thread-1] INFO  server.RaftServer$Division (ServerState.java:<init>(105)) - 57923224-7b87-4e71-9981-19f5694b9dee@group-D13672D1E602: ConfigurationManager, init=-1: [9e8c78a1-f01d-42ca-a684-b6f934dd8d4f|rpc:10.1.0.51:39721|dataStream:|priority:0, aa364905-4a8e-4b76-ab26-d74d60c32cfc|rpc:10.1.0.51:39239|dataStream:|priority:0, 57923224-7b87-4e71-9981-19f5694b9dee|rpc:10.1.0.51:39003|dataStream:|priority:1], old=null, confs=<EMPTY_MAP>
2021-09-21 01:22:32,772 [pool-385-thread-1] INFO  server.RaftServerConfigKeys (ConfUtils.java:logGet(44)) - raft.server.storage.dir = [/home/runner/work/ozone/ozone/hadoop-ozone/integration-test/target/test-dir/MiniOzoneClusterImpl-7349e056-7b32-48d8-92e4-5182ee86217f/datanode-4/data/ratis] (custom)
2021-09-21 01:22:32,772 [pool-385-thread-1] INFO  server.RaftServerConfigKeys (ConfUtils.java:logGet(44)) - raft.server.log.corruption.policy = EXCEPTION (default)
2021-09-21 01:22:32,772 [pool-385-thread-1] INFO  server.RaftServerConfigKeys (ConfUtils.java:logGet(44)) - raft.server.storage.free-space.min = 0MB (=0) (default)
2021-09-21 01:22:32,772 [pool-385-thread-1] INFO  storage.RaftStorageDirectory (RaftStorageDirectoryImpl.java:analyzeStorage(135)) - The storage directory /home/runner/work/ozone/ozone/hadoop-ozone/integration-test/target/test-dir/MiniOzoneClusterImpl-7349e056-7b32-48d8-92e4-5182ee86217f/datanode-4/data/ratis/af064ed5-d2ee-4a20-89df-d13672d1e602 does not exist. Creating ...
2021-09-21 01:22:32,774 [pool-385-thread-1] INFO  storage.RaftStorageDirectory (RaftStorageDirectoryImpl.java:tryLock(230)) - Lock on /home/runner/work/ozone/ozone/hadoop-ozone/integration-test/target/test-dir/MiniOzoneClusterImpl-7349e056-7b32-48d8-92e4-5182ee86217f/datanode-4/data/ratis/af064ed5-d2ee-4a20-89df-d13672d1e602/in_use.lock acquired by nodename 2684@fv-az122-453
2021-09-21 01:22:32,778 [pool-385-thread-1] INFO  storage.RaftStorage (RaftStorageImpl.java:format(89)) - Storage directory /home/runner/work/ozone/ozone/hadoop-ozone/integration-test/target/test-dir/MiniOzoneClusterImpl-7349e056-7b32-48d8-92e4-5182ee86217f/datanode-4/data/ratis/af064ed5-d2ee-4a20-89df-d13672d1e602 has been successfully formatted.
2021-09-21 01:22:32,781 [Datanode State Machine Thread - 0] WARN  statemachine.StateContext (StateContext.java:execute(621)) - No available thread in pool for past 1 seconds.
2021-09-21 01:22:32,781 [pool-385-thread-1] INFO  ratis.ContainerStateMachine (ContainerStateMachine.java:loadSnapshot(224)) - group-D13672D1E602: The snapshot info is null. Setting the last applied indexto:(t:0, i:~)
2021-09-21 01:22:32,781 [pool-385-thread-1] INFO  server.RaftServerConfigKeys (ConfUtils.java:logGet(44)) - raft.server.notification.no-leader.timeout = 300000ms (custom)
2021-09-21 01:22:32,781 [pool-385-thread-1] INFO  server.RaftServerConfigKeys (ConfUtils.java:logGet(44)) - raft.server.log.use.memory = false (default)
2021-09-21 01:22:32,781 [pool-385-thread-1] INFO  server.RaftServerConfigKeys (ConfUtils.java:logGet(44)) - raft.server.log.purge.gap = 1000000 (custom)
2021-09-21 01:22:32,781 [pool-385-thread-1] INFO  server.RaftServerConfigKeys (ConfUtils.java:logGet(44)) - raft.server.log.appender.buffer.byte-limit = 33554432 (custom)
2021-09-21 01:22:32,782 [pool-385-thread-1] INFO  server.RaftServerConfigKeys (ConfUtils.java:logGet(44)) - raft.server.log.segment.size.max = 1048576 (custom)
2021-09-21 01:22:32,782 [pool-385-thread-1] INFO  server.RaftServerConfigKeys (ConfUtils.java:logGet(44)) - raft.server.log.segment.cache.num.max = 2 (custom)
2021-09-21 01:22:32,782 [pool-385-thread-1] INFO  server.RaftServerConfigKeys (ConfUtils.java:logGet(44)) - raft.server.log.segment.cache.size.max = 200MB (=209715200) (default)
2021-09-21 01:22:32,782 [pool-385-thread-1] INFO  segmented.SegmentedRaftLogWorker (SegmentedRaftLogWorker.java:<init>(182)) - new 57923224-7b87-4e71-9981-19f5694b9dee@group-D13672D1E602-SegmentedRaftLogWorker for RaftStorageImpl:Storage Directory /home/runner/work/ozone/ozone/hadoop-ozone/integration-test/target/test-dir/MiniOzoneClusterImpl-7349e056-7b32-48d8-92e4-5182ee86217f/datanode-4/data/ratis/af064ed5-d2ee-4a20-89df-d13672d1e602
2021-09-21 01:22:32,782 [pool-385-thread-1] INFO  server.RaftServerConfigKeys (ConfUtils.java:logGet(44)) - raft.server.log.queue.byte-limit = 2147483647 (custom)
2021-09-21 01:22:32,783 [pool-385-thread-1] INFO  server.RaftServerConfigKeys (ConfUtils.java:logGet(44)) - raft.server.log.queue.element-limit = 1024 (custom)
2021-09-21 01:22:32,783 [pool-385-thread-1] INFO  server.RaftServerConfigKeys (ConfUtils.java:logGet(44)) - raft.server.log.segment.size.max = 1048576 (custom)
2021-09-21 01:22:32,783 [pool-385-thread-1] INFO  server.RaftServerConfigKeys (ConfUtils.java:logGet(44)) - raft.server.log.preallocated.size = 16384 (custom)
2021-09-21 01:22:32,783 [pool-385-thread-1] INFO  server.RaftServerConfigKeys (ConfUtils.java:logGet(44)) - raft.server.log.force.sync.num = 128 (default)
2021-09-21 01:22:32,783 [pool-385-thread-1] INFO  server.RaftServerConfigKeys (ConfUtils.java:logGet(44)) - raft.server.log.statemachine.data.sync = true (default)
2021-09-21 01:22:32,783 [pool-385-thread-1] INFO  server.RaftServerConfigKeys (ConfUtils.java:logGet(44)) - raft.server.log.statemachine.data.sync.timeout = 10s (default)
2021-09-21 01:22:32,783 [pool-385-thread-1] INFO  server.RaftServerConfigKeys (ConfUtils.java:logGet(44)) - raft.server.log.statemachine.data.sync.timeout.retry = -1 (default)
2021-09-21 01:22:32,786 [pool-385-thread-1] INFO  server.RaftServerConfigKeys (ConfUtils.java:logGet(44)) - raft.server.log.write.buffer.size = 1048576 (custom)
2021-09-21 01:22:32,787 [pool-385-thread-1] INFO  server.RaftServerConfigKeys (ConfUtils.java:logGet(44)) - raft.server.log.statemachine.data.caching.enabled = true (custom)
2021-09-21 01:22:32,787 [pool-385-thread-1] INFO  segmented.SegmentedRaftLogWorker (SegmentedRaftLogWorker.java:lambda$new$0(133)) - 57923224-7b87-4e71-9981-19f5694b9dee@group-D13672D1E602-SegmentedRaftLogWorker: flushIndex: setUnconditionally 0 -> -1
2021-09-21 01:22:32,787 [pool-385-thread-1] INFO  segmented.SegmentedRaftLogWorker (SegmentedRaftLogWorker.java:lambda$new$0(133)) - 57923224-7b87-4e71-9981-19f5694b9dee@group-D13672D1E602-SegmentedRaftLogWorker: safeCacheEvictIndex: setUnconditionally 0 -> -1
2021-09-21 01:22:32,787 [pool-385-thread-1] INFO  server.RaftServerConfigKeys (ConfUtils.java:logGet(44)) - raft.server.snapshot.auto.trigger.enabled = true (custom)
2021-09-21 01:22:32,788 [pool-385-thread-1] INFO  server.RaftServerConfigKeys (ConfUtils.java:logGet(44)) - raft.server.snapshot.auto.trigger.threshold = 10000 (custom)
2021-09-21 01:22:32,788 [pool-385-thread-1] INFO  server.RaftServerConfigKeys (ConfUtils.java:logGet(44)) - raft.server.snapshot.retention.file.num = 5 (custom)
2021-09-21 01:22:32,788 [pool-385-thread-1] INFO  server.RaftServerConfigKeys (ConfUtils.java:logGet(44)) - raft.server.log.purge.upto.snapshot.index = false (default)
2021-09-21 01:22:32,788 [pool-385-thread-1] INFO  server.RaftServerConfigKeys (ConfUtils.java:logGet(44)) - raft.server.retrycache.expirytime = 600000ms (custom)
2021-09-21 01:22:32,788 [pool-385-thread-1] INFO  server.RaftServerConfigKeys (ConfUtils.java:logGet(44)) - raft.server.retrycache.statistics.expirytime = 100μs (default)
2021-09-21 01:22:32,789 [pool-385-thread-1] INFO  server.RaftServer$Division (RaftServerImpl.java:start(296)) - 57923224-7b87-4e71-9981-19f5694b9dee@group-D13672D1E602: start as a follower, conf=-1: [9e8c78a1-f01d-42ca-a684-b6f934dd8d4f|rpc:10.1.0.51:39721|dataStream:|priority:0, aa364905-4a8e-4b76-ab26-d74d60c32cfc|rpc:10.1.0.51:39239|dataStream:|priority:0, 57923224-7b87-4e71-9981-19f5694b9dee|rpc:10.1.0.51:39003|dataStream:|priority:1], old=null
2021-09-21 01:22:32,789 [pool-385-thread-1] INFO  server.RaftServer$Division (RaftServerImpl.java:setRole(285)) - 57923224-7b87-4e71-9981-19f5694b9dee@group-D13672D1E602: changes role from      null to FOLLOWER at term 0 for startAsFollower
2021-09-21 01:22:32,789 [pool-385-thread-1] INFO  impl.RoleInfo (RoleInfo.java:updateAndGet(130)) - 57923224-7b87-4e71-9981-19f5694b9dee: start 57923224-7b87-4e71-9981-19f5694b9dee@group-D13672D1E602-FollowerState
2021-09-21 01:22:32,790 [pool-385-thread-1] INFO  util.JmxRegister (JmxRegister.java:tryRegister(44)) - Successfully registered JMX Bean with object name Ratis:service=RaftServer,group=group-D13672D1E602,id=57923224-7b87-4e71-9981-19f5694b9dee
2021-09-21 01:22:32,805 [Command processor thread] INFO  commandhandler.CreatePipelineCommandHandler (CreatePipelineCommandHandler.java:handle(106)) - Created Pipeline RATIS THREE PipelineID=af064ed5-d2ee-4a20-89df-d13672d1e602.
2021-09-21 01:22:33,095 [Command processor thread] INFO  server.RaftServer (RaftServerProxy.java:addNew(95)) - 57923224-7b87-4e71-9981-19f5694b9dee: addNew group-58F84CC3F313:[57923224-7b87-4e71-9981-19f5694b9dee|rpc:10.1.0.51:39003|priority:1] returns group-58F84CC3F313:java.util.concurrent.CompletableFuture@208e4f19[Not completed]
2021-09-21 01:22:33,096 [pool-385-thread-1] INFO  server.RaftServer$Division (RaftServerImpl.java:<init>(181)) - 57923224-7b87-4e71-9981-19f5694b9dee: new RaftServerImpl for group-58F84CC3F313:[57923224-7b87-4e71-9981-19f5694b9dee|rpc:10.1.0.51:39003|priority:1] with ContainerStateMachine:uninitialized
2021-09-21 01:22:33,096 [pool-385-thread-1] INFO  server.RaftServerConfigKeys (ConfUtils.java:logGet(44)) - raft.server.rpc.timeout.min = 5s (custom)
2021-09-21 01:22:33,096 [pool-385-thread-1] INFO  server.RaftServerConfigKeys (ConfUtils.java:logGet(44)) - raft.server.rpc.timeout.max = 5200ms (custom)
2021-09-21 01:22:33,096 [pool-385-thread-1] INFO  server.RaftServerConfigKeys (ConfUtils.java:logGet(44)) - raft.server.rpc.sleep.time = 25ms (default)
2021-09-21 01:22:33,096 [pool-385-thread-1] INFO  server.RaftServerConfigKeys (ConfUtils.java:logGet(44)) - raft.server.rpc.slowness.timeout = 300000ms (custom)
2021-09-21 01:22:33,096 [pool-385-thread-1] INFO  server.RaftServerConfigKeys (ConfUtils.java:logGet(44)) - raft.server.leaderelection.leader.step-down.wait-time = 10s (default)
2021-09-21 01:22:33,096 [pool-385-thread-1] INFO  server.RaftServerConfigKeys (ConfUtils.java:logGet(44)) - raft.server.sleep.deviation.threshold = 300ms (default)
2021-09-21 01:22:33,096 [pool-385-thread-1] INFO  server.RaftServerConfigKeys (ConfUtils.java:logGet(44)) - raft.server.log.appender.install.snapshot.enabled = false (custom)
2021-09-21 01:22:33,096 [pool-385-thread-1] INFO  server.RaftServer$Division (ServerState.java:<init>(105)) - 57923224-7b87-4e71-9981-19f5694b9dee@group-58F84CC3F313: ConfigurationManager, init=-1: [57923224-7b87-4e71-9981-19f5694b9dee|rpc:10.1.0.51:39003|priority:1], old=null, confs=<EMPTY_MAP>
2021-09-21 01:22:33,096 [pool-385-thread-1] INFO  server.RaftServerConfigKeys (ConfUtils.java:logGet(44)) - raft.server.storage.dir = [/home/runner/work/ozone/ozone/hadoop-ozone/integration-test/target/test-dir/MiniOzoneClusterImpl-7349e056-7b32-48d8-92e4-5182ee86217f/datanode-4/data/ratis] (custom)
2021-09-21 01:22:33,096 [pool-385-thread-1] INFO  server.RaftServerConfigKeys (ConfUtils.java:logGet(44)) - raft.server.log.corruption.policy = EXCEPTION (default)
2021-09-21 01:22:33,097 [pool-385-thread-1] INFO  server.RaftServerConfigKeys (ConfUtils.java:logGet(44)) - raft.server.storage.free-space.min = 0MB (=0) (default)
2021-09-21 01:22:33,097 [pool-385-thread-1] INFO  storage.RaftStorageDirectory (RaftStorageDirectoryImpl.java:analyzeStorage(135)) - The storage directory /home/runner/work/ozone/ozone/hadoop-ozone/integration-test/target/test-dir/MiniOzoneClusterImpl-7349e056-7b32-48d8-92e4-5182ee86217f/datanode-4/data/ratis/324dc8db-b8de-4dc6-be0a-58f84cc3f313 does not exist. Creating ...
2021-09-21 01:22:33,103 [pool-385-thread-1] INFO  storage.RaftStorageDirectory (RaftStorageDirectoryImpl.java:tryLock(230)) - Lock on /home/runner/work/ozone/ozone/hadoop-ozone/integration-test/target/test-dir/MiniOzoneClusterImpl-7349e056-7b32-48d8-92e4-5182ee86217f/datanode-4/data/ratis/324dc8db-b8de-4dc6-be0a-58f84cc3f313/in_use.lock acquired by nodename 2684@fv-az122-453
2021-09-21 01:22:33,104 [pool-385-thread-1] INFO  storage.RaftStorage (RaftStorageImpl.java:format(89)) - Storage directory /home/runner/work/ozone/ozone/hadoop-ozone/integration-test/target/test-dir/MiniOzoneClusterImpl-7349e056-7b32-48d8-92e4-5182ee86217f/datanode-4/data/ratis/324dc8db-b8de-4dc6-be0a-58f84cc3f313 has been successfully formatted.
2021-09-21 01:22:33,105 [pool-385-thread-1] INFO  ratis.ContainerStateMachine (ContainerStateMachine.java:loadSnapshot(224)) - group-58F84CC3F313: The snapshot info is null. Setting the last applied indexto:(t:0, i:~)
2021-09-21 01:22:33,105 [pool-385-thread-1] INFO  server.RaftServerConfigKeys (ConfUtils.java:logGet(44)) - raft.server.notification.no-leader.timeout = 300000ms (custom)
2021-09-21 01:22:33,105 [pool-385-thread-1] INFO  server.RaftServerConfigKeys (ConfUtils.java:logGet(44)) - raft.server.log.use.memory = false (default)
2021-09-21 01:22:33,105 [pool-385-thread-1] INFO  server.RaftServerConfigKeys (ConfUtils.java:logGet(44)) - raft.server.log.purge.gap = 1000000 (custom)
2021-09-21 01:22:33,105 [pool-385-thread-1] INFO  server.RaftServerConfigKeys (ConfUtils.java:logGet(44)) - raft.server.log.appender.buffer.byte-limit = 33554432 (custom)
2021-09-21 01:22:33,105 [pool-385-thread-1] INFO  server.RaftServerConfigKeys (ConfUtils.java:logGet(44)) - raft.server.log.segment.size.max = 1048576 (custom)
2021-09-21 01:22:33,106 [EventQueue-PipelineReportForPipelineReportHandler] INFO  pipeline.PipelineManagerImpl (PipelineManagerImpl.java:openPipeline(282)) - Pipeline Pipeline[ Id: 324dc8db-b8de-4dc6-be0a-58f84cc3f313, Nodes: 57923224-7b87-4e71-9981-19f5694b9dee{ip: 10.1.0.51, host: fv-az122-453.zf1tlrj3kn4expqppa1j4mpycf.xx.internal.cloudapp.net, ports: [REPLICATION=39567, RATIS=39003, RATIS_ADMIN=39003, RATIS_SERVER=39003, STANDALONE=38953], networkLocation: /default-rack, certSerialId: null, persistedOpState: IN_SERVICE, persistedOpStateExpiryEpochSec: 0}, ReplicationConfig: RATIS/ONE, State:ALLOCATED, leaderId:57923224-7b87-4e71-9981-19f5694b9dee, CreationTimestamp2021-09-21T01:22:30.097Z[Etc/UTC]] moved to OPEN state
2021-09-21 01:22:33,106 [pool-385-thread-1] INFO  server.RaftServerConfigKeys (ConfUtils.java:logGet(44)) - raft.server.log.segment.cache.num.max = 2 (custom)
2021-09-21 01:22:33,106 [pool-385-thread-1] INFO  server.RaftServerConfigKeys (ConfUtils.java:logGet(44)) - raft.server.log.segment.cache.size.max = 200MB (=209715200) (default)
2021-09-21 01:22:33,106 [pool-385-thread-1] INFO  segmented.SegmentedRaftLogWorker (SegmentedRaftLogWorker.java:<init>(182)) - new 57923224-7b87-4e71-9981-19f5694b9dee@group-58F84CC3F313-SegmentedRaftLogWorker for RaftStorageImpl:Storage Directory /home/runner/work/ozone/ozone/hadoop-ozone/integration-test/target/test-dir/MiniOzoneClusterImpl-7349e056-7b32-48d8-92e4-5182ee86217f/datanode-4/data/ratis/324dc8db-b8de-4dc6-be0a-58f84cc3f313
2021-09-21 01:22:33,106 [pool-385-thread-1] INFO  server.RaftServerConfigKeys (ConfUtils.java:logGet(44)) - raft.server.log.queue.byte-limit = 2147483647 (custom)
2021-09-21 01:22:33,106 [EventQueue-OpenPipelineForHealthyPipelineSafeModeRule] INFO  safemode.SCMSafeModeManager (HealthyPipelineSafeModeRule.java:process(124)) - SCM in safe mode. Healthy pipelines reported count is 0, required healthy pipeline reported count is 1
2021-09-21 01:22:33,106 [pool-385-thread-1] INFO  server.RaftServerConfigKeys (ConfUtils.java:logGet(44)) - raft.server.log.queue.element-limit = 1024 (custom)
2021-09-21 01:22:33,106 [pool-385-thread-1] INFO  server.RaftServerConfigKeys (ConfUtils.java:logGet(44)) - raft.server.log.segment.size.max = 1048576 (custom)
2021-09-21 01:22:33,106 [pool-385-thread-1] INFO  server.RaftServerConfigKeys (ConfUtils.java:logGet(44)) - raft.server.log.preallocated.size = 16384 (custom)
2021-09-21 01:22:33,107 [pool-385-thread-1] INFO  server.RaftServerConfigKeys (ConfUtils.java:logGet(44)) - raft.server.log.force.sync.num = 128 (default)
2021-09-21 01:22:33,107 [pool-385-thread-1] INFO  server.RaftServerConfigKeys (ConfUtils.java:logGet(44)) - raft.server.log.statemachine.data.sync = true (default)
2021-09-21 01:22:33,107 [pool-385-thread-1] INFO  server.RaftServerConfigKeys (ConfUtils.java:logGet(44)) - raft.server.log.statemachine.data.sync.timeout = 10s (default)
2021-09-21 01:22:33,107 [pool-385-thread-1] INFO  server.RaftServerConfigKeys (ConfUtils.java:logGet(44)) - raft.server.log.statemachine.data.sync.timeout.retry = -1 (default)
2021-09-21 01:22:33,108 [pool-385-thread-1] INFO  server.RaftServerConfigKeys (ConfUtils.java:logGet(44)) - raft.server.log.write.buffer.size = 1048576 (custom)
2021-09-21 01:22:33,108 [pool-385-thread-1] INFO  server.RaftServerConfigKeys (ConfUtils.java:logGet(44)) - raft.server.log.statemachine.data.caching.enabled = true (custom)
2021-09-21 01:22:33,109 [pool-385-thread-1] INFO  segmented.SegmentedRaftLogWorker (SegmentedRaftLogWorker.java:lambda$new$0(133)) - 57923224-7b87-4e71-9981-19f5694b9dee@group-58F84CC3F313-SegmentedRaftLogWorker: flushIndex: setUnconditionally 0 -> -1
2021-09-21 01:22:33,109 [pool-385-thread-1] INFO  segmented.SegmentedRaftLogWorker (SegmentedRaftLogWorker.java:lambda$new$0(133)) - 57923224-7b87-4e71-9981-19f5694b9dee@group-58F84CC3F313-SegmentedRaftLogWorker: safeCacheEvictIndex: setUnconditionally 0 -> -1
2021-09-21 01:22:33,118 [pool-385-thread-1] INFO  server.RaftServerConfigKeys (ConfUtils.java:logGet(44)) - raft.server.snapshot.auto.trigger.enabled = true (custom)
2021-09-21 01:22:33,118 [pool-385-thread-1] INFO  server.RaftServerConfigKeys (ConfUtils.java:logGet(44)) - raft.server.snapshot.auto.trigger.threshold = 10000 (custom)
2021-09-21 01:22:33,118 [pool-385-thread-1] INFO  server.RaftServerConfigKeys (ConfUtils.java:logGet(44)) - raft.server.snapshot.retention.file.num = 5 (custom)
2021-09-21 01:22:33,118 [pool-385-thread-1] INFO  server.RaftServerConfigKeys (ConfUtils.java:logGet(44)) - raft.server.log.purge.upto.snapshot.index = false (default)
2021-09-21 01:22:33,118 [pool-385-thread-1] INFO  server.RaftServerConfigKeys (ConfUtils.java:logGet(44)) - raft.server.retrycache.expirytime = 600000ms (custom)
2021-09-21 01:22:33,118 [pool-385-thread-1] INFO  server.RaftServerConfigKeys (ConfUtils.java:logGet(44)) - raft.server.retrycache.statistics.expirytime = 100μs (default)
2021-09-21 01:22:33,120 [pool-385-thread-1] INFO  server.RaftServer$Division (RaftServerImpl.java:start(296)) - 57923224-7b87-4e71-9981-19f5694b9dee@group-58F84CC3F313: start as a follower, conf=-1: [57923224-7b87-4e71-9981-19f5694b9dee|rpc:10.1.0.51:39003|priority:1], old=null
2021-09-21 01:22:33,120 [pool-385-thread-1] INFO  server.RaftServer$Division (RaftServerImpl.java:setRole(285)) - 57923224-7b87-4e71-9981-19f5694b9dee@group-58F84CC3F313: changes role from      null to FOLLOWER at term 0 for startAsFollower
2021-09-21 01:22:33,120 [pool-385-thread-1] INFO  impl.RoleInfo (RoleInfo.java:updateAndGet(130)) - 57923224-7b87-4e71-9981-19f5694b9dee: start 57923224-7b87-4e71-9981-19f5694b9dee@group-58F84CC3F313-FollowerState
2021-09-21 01:22:33,124 [pool-385-thread-1] INFO  util.JmxRegister (JmxRegister.java:tryRegister(44)) - Successfully registered JMX Bean with object name Ratis:service=RaftServer,group=group-58F84CC3F313,id=57923224-7b87-4e71-9981-19f5694b9dee
2021-09-21 01:22:33,125 [Command processor thread] INFO  ratis.XceiverServerRatis (XceiverServerRatis.java:addGroup(762)) - Created group PipelineID=324dc8db-b8de-4dc6-be0a-58f84cc3f313
2021-09-21 01:22:33,125 [Command processor thread] INFO  commandhandler.CreatePipelineCommandHandler (CreatePipelineCommandHandler.java:handle(106)) - Created Pipeline RATIS ONE PipelineID=324dc8db-b8de-4dc6-be0a-58f84cc3f313.
2021-09-21 01:22:33,336 [Listener at 127.0.0.1/33583] INFO  ozone.MiniOzoneClusterImpl (MiniOzoneClusterImpl.java:lambda$waitForClusterToBeReady$0(235)) - Nodes are ready. Got 9 of 9 DN Heartbeats.
2021-09-21 01:22:33,336 [Listener at 127.0.0.1/33583] INFO  ozone.MiniOzoneClusterImpl (MiniOzoneClusterImpl.java:lambda$waitForClusterToBeReady$0(238)) - Waiting for cluster to exit safe mode
2021-09-21 01:22:33,336 [Listener at 127.0.0.1/33583] INFO  ozone.MiniOzoneClusterImpl (MiniOzoneClusterImpl.java:lambda$waitForClusterToBeReady$0(240)) - SCM became leader
2021-09-21 01:22:33,783 [Command processor thread] INFO  server.RaftServer (RaftServerProxy.java:addNew(95)) - 9e8c78a1-f01d-42ca-a684-b6f934dd8d4f: addNew group-32826C81FE16:[9e8c78a1-f01d-42ca-a684-b6f934dd8d4f|rpc:10.1.0.51:39721|priority:1] returns group-32826C81FE16:java.util.concurrent.CompletableFuture@2d2542dc[Not completed]
2021-09-21 01:22:33,784 [pool-404-thread-1] INFO  server.RaftServer$Division (RaftServerImpl.java:<init>(181)) - 9e8c78a1-f01d-42ca-a684-b6f934dd8d4f: new RaftServerImpl for group-32826C81FE16:[9e8c78a1-f01d-42ca-a684-b6f934dd8d4f|rpc:10.1.0.51:39721|priority:1] with ContainerStateMachine:uninitialized
2021-09-21 01:22:33,785 [pool-404-thread-1] INFO  server.RaftServerConfigKeys (ConfUtils.java:logGet(44)) - raft.server.rpc.timeout.min = 5s (custom)
2021-09-21 01:22:33,785 [pool-404-thread-1] INFO  server.RaftServerConfigKeys (ConfUtils.java:logGet(44)) - raft.server.rpc.timeout.max = 5200ms (custom)
2021-09-21 01:22:33,785 [pool-404-thread-1] INFO  server.RaftServerConfigKeys (ConfUtils.java:logGet(44)) - raft.server.rpc.sleep.time = 25ms (default)
2021-09-21 01:22:33,785 [pool-404-thread-1] INFO  server.RaftServerConfigKeys (ConfUtils.java:logGet(44)) - raft.server.rpc.slowness.timeout = 300000ms (custom)
2021-09-21 01:22:33,785 [pool-404-thread-1] INFO  server.RaftServerConfigKeys (ConfUtils.java:logGet(44)) - raft.server.leaderelection.leader.step-down.wait-time = 10s (default)
2021-09-21 01:22:33,785 [pool-404-thread-1] INFO  server.RaftServerConfigKeys (ConfUtils.java:logGet(44)) - raft.server.sleep.deviation.threshold = 300ms (default)
2021-09-21 01:22:33,785 [pool-404-thread-1] INFO  server.RaftServerConfigKeys (ConfUtils.java:logGet(44)) - raft.server.log.appender.install.snapshot.enabled = false (custom)
2021-09-21 01:22:33,785 [pool-404-thread-1] INFO  server.RaftServer$Division (ServerState.java:<init>(105)) - 9e8c78a1-f01d-42ca-a684-b6f934dd8d4f@group-32826C81FE16: ConfigurationManager, init=-1: [9e8c78a1-f01d-42ca-a684-b6f934dd8d4f|rpc:10.1.0.51:39721|priority:1], old=null, confs=<EMPTY_MAP>
2021-09-21 01:22:33,785 [pool-404-thread-1] INFO  server.RaftServerConfigKeys (ConfUtils.java:logGet(44)) - raft.server.storage.dir = [/home/runner/work/ozone/ozone/hadoop-ozone/integration-test/target/test-dir/MiniOzoneClusterImpl-7349e056-7b32-48d8-92e4-5182ee86217f/datanode-5/data/ratis] (custom)
2021-09-21 01:22:33,785 [pool-404-thread-1] INFO  server.RaftServerConfigKeys (ConfUtils.java:logGet(44)) - raft.server.log.corruption.policy = EXCEPTION (default)
2021-09-21 01:22:33,785 [pool-404-thread-1] INFO  server.RaftServerConfigKeys (ConfUtils.java:logGet(44)) - raft.server.storage.free-space.min = 0MB (=0) (default)
2021-09-21 01:22:33,785 [pool-404-thread-1] INFO  storage.RaftStorageDirectory (RaftStorageDirectoryImpl.java:analyzeStorage(135)) - The storage directory /home/runner/work/ozone/ozone/hadoop-ozone/integration-test/target/test-dir/MiniOzoneClusterImpl-7349e056-7b32-48d8-92e4-5182ee86217f/datanode-5/data/ratis/0d95875b-ec35-45bf-b7a0-32826c81fe16 does not exist. Creating ...
2021-09-21 01:22:33,795 [pool-404-thread-1] INFO  storage.RaftStorageDirectory (RaftStorageDirectoryImpl.java:tryLock(230)) - Lock on /home/runner/work/ozone/ozone/hadoop-ozone/integration-test/target/test-dir/MiniOzoneClusterImpl-7349e056-7b32-48d8-92e4-5182ee86217f/datanode-5/data/ratis/0d95875b-ec35-45bf-b7a0-32826c81fe16/in_use.lock acquired by nodename 2684@fv-az122-453
2021-09-21 01:22:33,797 [pool-404-thread-1] INFO  storage.RaftStorage (RaftStorageImpl.java:format(89)) - Storage directory /home/runner/work/ozone/ozone/hadoop-ozone/integration-test/target/test-dir/MiniOzoneClusterImpl-7349e056-7b32-48d8-92e4-5182ee86217f/datanode-5/data/ratis/0d95875b-ec35-45bf-b7a0-32826c81fe16 has been successfully formatted.
2021-09-21 01:22:33,798 [Datanode State Machine Thread - 0] WARN  statemachine.StateContext (StateContext.java:execute(621)) - No available thread in pool for past 1 seconds.
2021-09-21 01:22:33,799 [EventQueue-PipelineReportForPipelineReportHandler] INFO  pipeline.PipelineManagerImpl (PipelineManagerImpl.java:openPipeline(282)) - Pipeline Pipeline[ Id: 0d95875b-ec35-45bf-b7a0-32826c81fe16, Nodes: 9e8c78a1-f01d-42ca-a684-b6f934dd8d4f{ip: 10.1.0.51, host: fv-az122-453.zf1tlrj3kn4expqppa1j4mpycf.xx.internal.cloudapp.net, ports: [REPLICATION=38911, RATIS=39721, RATIS_ADMIN=39721, RATIS_SERVER=39721, STANDALONE=36341], networkLocation: /default-rack, certSerialId: null, persistedOpState: IN_SERVICE, persistedOpStateExpiryEpochSec: 0}, ReplicationConfig: RATIS/ONE, State:ALLOCATED, leaderId:9e8c78a1-f01d-42ca-a684-b6f934dd8d4f, CreationTimestamp2021-09-21T01:22:30.787Z[Etc/UTC]] moved to OPEN state
2021-09-21 01:22:33,799 [EventQueue-OpenPipelineForHealthyPipelineSafeModeRule] INFO  safemode.SCMSafeModeManager (HealthyPipelineSafeModeRule.java:process(124)) - SCM in safe mode. Healthy pipelines reported count is 0, required healthy pipeline reported count is 1
2021-09-21 01:22:33,799 [pool-404-thread-1] INFO  ratis.ContainerStateMachine (ContainerStateMachine.java:loadSnapshot(224)) - group-32826C81FE16: The snapshot info is null. Setting the last applied indexto:(t:0, i:~)
2021-09-21 01:22:33,800 [pool-404-thread-1] INFO  server.RaftServerConfigKeys (ConfUtils.java:logGet(44)) - raft.server.notification.no-leader.timeout = 300000ms (custom)
2021-09-21 01:22:33,800 [pool-404-thread-1] INFO  server.RaftServerConfigKeys (ConfUtils.java:logGet(44)) - raft.server.log.use.memory = false (default)
2021-09-21 01:22:33,800 [pool-404-thread-1] INFO  server.RaftServerConfigKeys (ConfUtils.java:logGet(44)) - raft.server.log.purge.gap = 1000000 (custom)
2021-09-21 01:22:33,800 [pool-404-thread-1] INFO  server.RaftServerConfigKeys (ConfUtils.java:logGet(44)) - raft.server.log.appender.buffer.byte-limit = 33554432 (custom)
2021-09-21 01:22:33,800 [pool-404-thread-1] INFO  server.RaftServerConfigKeys (ConfUtils.java:logGet(44)) - raft.server.log.segment.size.max = 1048576 (custom)
2021-09-21 01:22:33,801 [pool-404-thread-1] INFO  server.RaftServerConfigKeys (ConfUtils.java:logGet(44)) - raft.server.log.segment.cache.num.max = 2 (custom)
2021-09-21 01:22:33,801 [pool-404-thread-1] INFO  server.RaftServerConfigKeys (ConfUtils.java:logGet(44)) - raft.server.log.segment.cache.size.max = 200MB (=209715200) (default)
2021-09-21 01:22:33,801 [pool-404-thread-1] INFO  segmented.SegmentedRaftLogWorker (SegmentedRaftLogWorker.java:<init>(182)) - new 9e8c78a1-f01d-42ca-a684-b6f934dd8d4f@group-32826C81FE16-SegmentedRaftLogWorker for RaftStorageImpl:Storage Directory /home/runner/work/ozone/ozone/hadoop-ozone/integration-test/target/test-dir/MiniOzoneClusterImpl-7349e056-7b32-48d8-92e4-5182ee86217f/datanode-5/data/ratis/0d95875b-ec35-45bf-b7a0-32826c81fe16
2021-09-21 01:22:33,801 [pool-404-thread-1] INFO  server.RaftServerConfigKeys (ConfUtils.java:logGet(44)) - raft.server.log.queue.byte-limit = 2147483647 (custom)
2021-09-21 01:22:33,801 [pool-404-thread-1] INFO  server.RaftServerConfigKeys (ConfUtils.java:logGet(44)) - raft.server.log.queue.element-limit = 1024 (custom)
2021-09-21 01:22:33,801 [pool-404-thread-1] INFO  server.RaftServerConfigKeys (ConfUtils.java:logGet(44)) - raft.server.log.segment.size.max = 1048576 (custom)
2021-09-21 01:22:33,801 [pool-404-thread-1] INFO  server.RaftServerConfigKeys (ConfUtils.java:logGet(44)) - raft.server.log.preallocated.size = 16384 (custom)
2021-09-21 01:22:33,801 [pool-404-thread-1] INFO  server.RaftServerConfigKeys (ConfUtils.java:logGet(44)) - raft.server.log.force.sync.num = 128 (default)
2021-09-21 01:22:33,801 [pool-404-thread-1] INFO  server.RaftServerConfigKeys (ConfUtils.java:logGet(44)) - raft.server.log.statemachine.data.sync = true (default)
2021-09-21 01:22:33,801 [pool-404-thread-1] INFO  server.RaftServerConfigKeys (ConfUtils.java:logGet(44)) - raft.server.log.statemachine.data.sync.timeout = 10s (default)
2021-09-21 01:22:33,801 [pool-404-thread-1] INFO  server.RaftServerConfigKeys (ConfUtils.java:logGet(44)) - raft.server.log.statemachine.data.sync.timeout.retry = -1 (default)
2021-09-21 01:22:33,804 [pool-404-thread-1] INFO  server.RaftServerConfigKeys (ConfUtils.java:logGet(44)) - raft.server.log.write.buffer.size = 1048576 (custom)
2021-09-21 01:22:33,804 [pool-404-thread-1] INFO  server.RaftServerConfigKeys (ConfUtils.java:logGet(44)) - raft.server.log.statemachine.data.caching.enabled = true (custom)
2021-09-21 01:22:33,807 [pool-404-thread-1] INFO  segmented.SegmentedRaftLogWorker (SegmentedRaftLogWorker.java:lambda$new$0(133)) - 9e8c78a1-f01d-42ca-a684-b6f934dd8d4f@group-32826C81FE16-SegmentedRaftLogWorker: flushIndex: setUnconditionally 0 -> -1
2021-09-21 01:22:33,807 [pool-404-thread-1] INFO  segmented.SegmentedRaftLogWorker (SegmentedRaftLogWorker.java:lambda$new$0(133)) - 9e8c78a1-f01d-42ca-a684-b6f934dd8d4f@group-32826C81FE16-SegmentedRaftLogWorker: safeCacheEvictIndex: setUnconditionally 0 -> -1
2021-09-21 01:22:33,807 [pool-404-thread-1] INFO  server.RaftServerConfigKeys (ConfUtils.java:logGet(44)) - raft.server.snapshot.auto.trigger.enabled = true (custom)
2021-09-21 01:22:33,807 [pool-404-thread-1] INFO  server.RaftServerConfigKeys (ConfUtils.java:logGet(44)) - raft.server.snapshot.auto.trigger.threshold = 10000 (custom)
2021-09-21 01:22:33,807 [pool-404-thread-1] INFO  server.RaftServerConfigKeys (ConfUtils.java:logGet(44)) - raft.server.snapshot.retention.file.num = 5 (custom)
2021-09-21 01:22:33,807 [pool-404-thread-1] INFO  server.RaftServerConfigKeys (ConfUtils.java:logGet(44)) - raft.server.log.purge.upto.snapshot.index = false (default)
2021-09-21 01:22:33,812 [pool-404-thread-1] INFO  server.RaftServerConfigKeys (ConfUtils.java:logGet(44)) - raft.server.retrycache.expirytime = 600000ms (custom)
2021-09-21 01:22:33,812 [pool-404-thread-1] INFO  server.RaftServerConfigKeys (ConfUtils.java:logGet(44)) - raft.server.retrycache.statistics.expirytime = 100μs (default)
2021-09-21 01:22:33,813 [pool-404-thread-1] INFO  server.RaftServer$Division (RaftServerImpl.java:start(296)) - 9e8c78a1-f01d-42ca-a684-b6f934dd8d4f@group-32826C81FE16: start as a follower, conf=-1: [9e8c78a1-f01d-42ca-a684-b6f934dd8d4f|rpc:10.1.0.51:39721|priority:1], old=null
2021-09-21 01:22:33,813 [pool-404-thread-1] INFO  server.RaftServer$Division (RaftServerImpl.java:setRole(285)) - 9e8c78a1-f01d-42ca-a684-b6f934dd8d4f@group-32826C81FE16: changes role from      null to FOLLOWER at term 0 for startAsFollower
2021-09-21 01:22:33,813 [pool-404-thread-1] INFO  impl.RoleInfo (RoleInfo.java:updateAndGet(130)) - 9e8c78a1-f01d-42ca-a684-b6f934dd8d4f: start 9e8c78a1-f01d-42ca-a684-b6f934dd8d4f@group-32826C81FE16-FollowerState
2021-09-21 01:22:33,822 [pool-404-thread-1] INFO  util.JmxRegister (JmxRegister.java:tryRegister(44)) - Successfully registered JMX Bean with object name Ratis:service=RaftServer,group=group-32826C81FE16,id=9e8c78a1-f01d-42ca-a684-b6f934dd8d4f
2021-09-21 01:22:33,825 [Command processor thread] INFO  ratis.XceiverServerRatis (XceiverServerRatis.java:addGroup(762)) - Created group PipelineID=0d95875b-ec35-45bf-b7a0-32826c81fe16
2021-09-21 01:22:33,826 [Command processor thread] INFO  commandhandler.CreatePipelineCommandHandler (CreatePipelineCommandHandler.java:handle(106)) - Created Pipeline RATIS ONE PipelineID=0d95875b-ec35-45bf-b7a0-32826c81fe16.
2021-09-21 01:22:34,336 [Listener at 127.0.0.1/33583] INFO  ozone.MiniOzoneClusterImpl (MiniOzoneClusterImpl.java:lambda$waitForClusterToBeReady$0(235)) - Nodes are ready. Got 9 of 9 DN Heartbeats.
2021-09-21 01:22:34,337 [Listener at 127.0.0.1/33583] INFO  ozone.MiniOzoneClusterImpl (MiniOzoneClusterImpl.java:lambda$waitForClusterToBeReady$0(238)) - Waiting for cluster to exit safe mode
2021-09-21 01:22:34,337 [Listener at 127.0.0.1/33583] INFO  ozone.MiniOzoneClusterImpl (MiniOzoneClusterImpl.java:lambda$waitForClusterToBeReady$0(240)) - SCM became leader
2021-09-21 01:22:34,430 [Command processor thread] INFO  server.RaftServer (RaftServerProxy.java:addNew(95)) - 7102e10f-7baf-40d1-a733-c49484cac6b4: addNew group-E9BD032BB9DD:[7102e10f-7baf-40d1-a733-c49484cac6b4|rpc:10.1.0.51:44475|priority:1] returns group-E9BD032BB9DD:java.util.concurrent.CompletableFuture@2ff96253[Not completed]
2021-09-21 01:22:34,445 [pool-423-thread-1] INFO  server.RaftServer$Division (RaftServerImpl.java:<init>(181)) - 7102e10f-7baf-40d1-a733-c49484cac6b4: new RaftServerImpl for group-E9BD032BB9DD:[7102e10f-7baf-40d1-a733-c49484cac6b4|rpc:10.1.0.51:44475|priority:1] with ContainerStateMachine:uninitialized
2021-09-21 01:22:34,446 [pool-423-thread-1] INFO  server.RaftServerConfigKeys (ConfUtils.java:logGet(44)) - raft.server.rpc.timeout.min = 5s (custom)
2021-09-21 01:22:34,446 [pool-423-thread-1] INFO  server.RaftServerConfigKeys (ConfUtils.java:logGet(44)) - raft.server.rpc.timeout.max = 5200ms (custom)
2021-09-21 01:22:34,446 [pool-423-thread-1] INFO  server.RaftServerConfigKeys (ConfUtils.java:logGet(44)) - raft.server.rpc.sleep.time = 25ms (default)
2021-09-21 01:22:34,451 [pool-423-thread-1] INFO  server.RaftServerConfigKeys (ConfUtils.java:logGet(44)) - raft.server.rpc.slowness.timeout = 300000ms (custom)
2021-09-21 01:22:34,451 [pool-423-thread-1] INFO  server.RaftServerConfigKeys (ConfUtils.java:logGet(44)) - raft.server.leaderelection.leader.step-down.wait-time = 10s (default)
2021-09-21 01:22:34,451 [pool-423-thread-1] INFO  server.RaftServerConfigKeys (ConfUtils.java:logGet(44)) - raft.server.sleep.deviation.threshold = 300ms (default)
2021-09-21 01:22:34,451 [pool-423-thread-1] INFO  server.RaftServerConfigKeys (ConfUtils.java:logGet(44)) - raft.server.log.appender.install.snapshot.enabled = false (custom)
2021-09-21 01:22:34,451 [pool-423-thread-1] INFO  server.RaftServer$Division (ServerState.java:<init>(105)) - 7102e10f-7baf-40d1-a733-c49484cac6b4@group-E9BD032BB9DD: ConfigurationManager, init=-1: [7102e10f-7baf-40d1-a733-c49484cac6b4|rpc:10.1.0.51:44475|priority:1], old=null, confs=<EMPTY_MAP>
2021-09-21 01:22:34,452 [pool-423-thread-1] INFO  server.RaftServerConfigKeys (ConfUtils.java:logGet(44)) - raft.server.storage.dir = [/home/runner/work/ozone/ozone/hadoop-ozone/integration-test/target/test-dir/MiniOzoneClusterImpl-7349e056-7b32-48d8-92e4-5182ee86217f/datanode-6/data/ratis] (custom)
2021-09-21 01:22:34,452 [pool-423-thread-1] INFO  server.RaftServerConfigKeys (ConfUtils.java:logGet(44)) - raft.server.log.corruption.policy = EXCEPTION (default)
2021-09-21 01:22:34,452 [pool-423-thread-1] INFO  server.RaftServerConfigKeys (ConfUtils.java:logGet(44)) - raft.server.storage.free-space.min = 0MB (=0) (default)
2021-09-21 01:22:34,452 [pool-423-thread-1] INFO  storage.RaftStorageDirectory (RaftStorageDirectoryImpl.java:analyzeStorage(135)) - The storage directory /home/runner/work/ozone/ozone/hadoop-ozone/integration-test/target/test-dir/MiniOzoneClusterImpl-7349e056-7b32-48d8-92e4-5182ee86217f/datanode-6/data/ratis/d7cbee73-e4a9-452b-9ecd-e9bd032bb9dd does not exist. Creating ...
2021-09-21 01:22:34,453 [pool-423-thread-1] INFO  storage.RaftStorageDirectory (RaftStorageDirectoryImpl.java:tryLock(230)) - Lock on /home/runner/work/ozone/ozone/hadoop-ozone/integration-test/target/test-dir/MiniOzoneClusterImpl-7349e056-7b32-48d8-92e4-5182ee86217f/datanode-6/data/ratis/d7cbee73-e4a9-452b-9ecd-e9bd032bb9dd/in_use.lock acquired by nodename 2684@fv-az122-453
2021-09-21 01:22:34,457 [pool-423-thread-1] INFO  storage.RaftStorage (RaftStorageImpl.java:format(89)) - Storage directory /home/runner/work/ozone/ozone/hadoop-ozone/integration-test/target/test-dir/MiniOzoneClusterImpl-7349e056-7b32-48d8-92e4-5182ee86217f/datanode-6/data/ratis/d7cbee73-e4a9-452b-9ecd-e9bd032bb9dd has been successfully formatted.
2021-09-21 01:22:34,487 [pool-423-thread-1] INFO  ratis.ContainerStateMachine (ContainerStateMachine.java:loadSnapshot(224)) - group-E9BD032BB9DD: The snapshot info is null. Setting the last applied indexto:(t:0, i:~)
2021-09-21 01:22:34,487 [Datanode State Machine Thread - 0] WARN  statemachine.StateContext (StateContext.java:execute(621)) - No available thread in pool for past 1 seconds.
2021-09-21 01:22:34,487 [pool-423-thread-1] INFO  server.RaftServerConfigKeys (ConfUtils.java:logGet(44)) - raft.server.notification.no-leader.timeout = 300000ms (custom)
2021-09-21 01:22:34,487 [pool-423-thread-1] INFO  server.RaftServerConfigKeys (ConfUtils.java:logGet(44)) - raft.server.log.use.memory = false (default)
2021-09-21 01:22:34,488 [pool-423-thread-1] INFO  server.RaftServerConfigKeys (ConfUtils.java:logGet(44)) - raft.server.log.purge.gap = 1000000 (custom)
2021-09-21 01:22:34,488 [pool-423-thread-1] INFO  server.RaftServerConfigKeys (ConfUtils.java:logGet(44)) - raft.server.log.appender.buffer.byte-limit = 33554432 (custom)
2021-09-21 01:22:34,488 [pool-423-thread-1] INFO  server.RaftServerConfigKeys (ConfUtils.java:logGet(44)) - raft.server.log.segment.size.max = 1048576 (custom)
2021-09-21 01:22:34,488 [pool-423-thread-1] INFO  server.RaftServerConfigKeys (ConfUtils.java:logGet(44)) - raft.server.log.segment.cache.num.max = 2 (custom)
2021-09-21 01:22:34,488 [pool-423-thread-1] INFO  server.RaftServerConfigKeys (ConfUtils.java:logGet(44)) - raft.server.log.segment.cache.size.max = 200MB (=209715200) (default)
2021-09-21 01:22:34,488 [pool-423-thread-1] INFO  segmented.SegmentedRaftLogWorker (SegmentedRaftLogWorker.java:<init>(182)) - new 7102e10f-7baf-40d1-a733-c49484cac6b4@group-E9BD032BB9DD-SegmentedRaftLogWorker for RaftStorageImpl:Storage Directory /home/runner/work/ozone/ozone/hadoop-ozone/integration-test/target/test-dir/MiniOzoneClusterImpl-7349e056-7b32-48d8-92e4-5182ee86217f/datanode-6/data/ratis/d7cbee73-e4a9-452b-9ecd-e9bd032bb9dd
2021-09-21 01:22:34,488 [pool-423-thread-1] INFO  server.RaftServerConfigKeys (ConfUtils.java:logGet(44)) - raft.server.log.queue.byte-limit = 2147483647 (custom)
2021-09-21 01:22:34,488 [pool-423-thread-1] INFO  server.RaftServerConfigKeys (ConfUtils.java:logGet(44)) - raft.server.log.queue.element-limit = 1024 (custom)
2021-09-21 01:22:34,489 [pool-423-thread-1] INFO  server.RaftServerConfigKeys (ConfUtils.java:logGet(44)) - raft.server.log.segment.size.max = 1048576 (custom)
2021-09-21 01:22:34,489 [pool-423-thread-1] INFO  server.RaftServerConfigKeys (ConfUtils.java:logGet(44)) - raft.server.log.preallocated.size = 16384 (custom)
2021-09-21 01:22:34,489 [pool-423-thread-1] INFO  server.RaftServerConfigKeys (ConfUtils.java:logGet(44)) - raft.server.log.force.sync.num = 128 (default)
2021-09-21 01:22:34,489 [pool-423-thread-1] INFO  server.RaftServerConfigKeys (ConfUtils.java:logGet(44)) - raft.server.log.statemachine.data.sync = true (default)
2021-09-21 01:22:34,489 [pool-423-thread-1] INFO  server.RaftServerConfigKeys (ConfUtils.java:logGet(44)) - raft.server.log.statemachine.data.sync.timeout = 10s (default)
2021-09-21 01:22:34,489 [pool-423-thread-1] INFO  server.RaftServerConfigKeys (ConfUtils.java:logGet(44)) - raft.server.log.statemachine.data.sync.timeout.retry = -1 (default)
2021-09-21 01:22:34,490 [pool-423-thread-1] INFO  server.RaftServerConfigKeys (ConfUtils.java:logGet(44)) - raft.server.log.write.buffer.size = 1048576 (custom)
2021-09-21 01:22:34,490 [pool-423-thread-1] INFO  server.RaftServerConfigKeys (ConfUtils.java:logGet(44)) - raft.server.log.statemachine.data.caching.enabled = true (custom)
2021-09-21 01:22:34,491 [pool-423-thread-1] INFO  segmented.SegmentedRaftLogWorker (SegmentedRaftLogWorker.java:lambda$new$0(133)) - 7102e10f-7baf-40d1-a733-c49484cac6b4@group-E9BD032BB9DD-SegmentedRaftLogWorker: flushIndex: setUnconditionally 0 -> -1
2021-09-21 01:22:34,491 [pool-423-thread-1] INFO  segmented.SegmentedRaftLogWorker (SegmentedRaftLogWorker.java:lambda$new$0(133)) - 7102e10f-7baf-40d1-a733-c49484cac6b4@group-E9BD032BB9DD-SegmentedRaftLogWorker: safeCacheEvictIndex: setUnconditionally 0 -> -1
2021-09-21 01:22:34,492 [EventQueue-PipelineReportForPipelineReportHandler] INFO  pipeline.PipelineManagerImpl (PipelineManagerImpl.java:openPipeline(282)) - Pipeline Pipeline[ Id: d7cbee73-e4a9-452b-9ecd-e9bd032bb9dd, Nodes: 7102e10f-7baf-40d1-a733-c49484cac6b4{ip: 10.1.0.51, host: fv-az122-453.zf1tlrj3kn4expqppa1j4mpycf.xx.internal.cloudapp.net, ports: [REPLICATION=44151, RATIS=44475, RATIS_ADMIN=44475, RATIS_SERVER=44475, STANDALONE=44221], networkLocation: /default-rack, certSerialId: null, persistedOpState: IN_SERVICE, persistedOpStateExpiryEpochSec: 0}, ReplicationConfig: RATIS/ONE, State:ALLOCATED, leaderId:7102e10f-7baf-40d1-a733-c49484cac6b4, CreationTimestamp2021-09-21T01:22:31.430Z[Etc/UTC]] moved to OPEN state
2021-09-21 01:22:34,492 [EventQueue-OpenPipelineForHealthyPipelineSafeModeRule] INFO  safemode.SCMSafeModeManager (HealthyPipelineSafeModeRule.java:process(124)) - SCM in safe mode. Healthy pipelines reported count is 0, required healthy pipeline reported count is 1
2021-09-21 01:22:34,493 [pool-423-thread-1] INFO  server.RaftServerConfigKeys (ConfUtils.java:logGet(44)) - raft.server.snapshot.auto.trigger.enabled = true (custom)
2021-09-21 01:22:34,493 [pool-423-thread-1] INFO  server.RaftServerConfigKeys (ConfUtils.java:logGet(44)) - raft.server.snapshot.auto.trigger.threshold = 10000 (custom)
2021-09-21 01:22:34,493 [pool-423-thread-1] INFO  server.RaftServerConfigKeys (ConfUtils.java:logGet(44)) - raft.server.snapshot.retention.file.num = 5 (custom)
2021-09-21 01:22:34,493 [pool-423-thread-1] INFO  server.RaftServerConfigKeys (ConfUtils.java:logGet(44)) - raft.server.log.purge.upto.snapshot.index = false (default)
2021-09-21 01:22:34,493 [pool-423-thread-1] INFO  server.RaftServerConfigKeys (ConfUtils.java:logGet(44)) - raft.server.retrycache.expirytime = 600000ms (custom)
2021-09-21 01:22:34,493 [pool-423-thread-1] INFO  server.RaftServerConfigKeys (ConfUtils.java:logGet(44)) - raft.server.retrycache.statistics.expirytime = 100μs (default)
2021-09-21 01:22:34,494 [pool-423-thread-1] INFO  server.RaftServer$Division (RaftServerImpl.java:start(296)) - 7102e10f-7baf-40d1-a733-c49484cac6b4@group-E9BD032BB9DD: start as a follower, conf=-1: [7102e10f-7baf-40d1-a733-c49484cac6b4|rpc:10.1.0.51:44475|priority:1], old=null
2021-09-21 01:22:34,494 [pool-423-thread-1] INFO  server.RaftServer$Division (RaftServerImpl.java:setRole(285)) - 7102e10f-7baf-40d1-a733-c49484cac6b4@group-E9BD032BB9DD: changes role from      null to FOLLOWER at term 0 for startAsFollower
2021-09-21 01:22:34,494 [pool-423-thread-1] INFO  impl.RoleInfo (RoleInfo.java:updateAndGet(130)) - 7102e10f-7baf-40d1-a733-c49484cac6b4: start 7102e10f-7baf-40d1-a733-c49484cac6b4@group-E9BD032BB9DD-FollowerState
2021-09-21 01:22:34,511 [pool-423-thread-1] INFO  util.JmxRegister (JmxRegister.java:tryRegister(44)) - Successfully registered JMX Bean with object name Ratis:service=RaftServer,group=group-E9BD032BB9DD,id=7102e10f-7baf-40d1-a733-c49484cac6b4
2021-09-21 01:22:34,513 [Command processor thread] INFO  ratis.XceiverServerRatis (XceiverServerRatis.java:addGroup(762)) - Created group PipelineID=d7cbee73-e4a9-452b-9ecd-e9bd032bb9dd
2021-09-21 01:22:34,513 [Command processor thread] INFO  commandhandler.CreatePipelineCommandHandler (CreatePipelineCommandHandler.java:handle(106)) - Created Pipeline RATIS ONE PipelineID=d7cbee73-e4a9-452b-9ecd-e9bd032bb9dd.
2021-09-21 01:22:34,514 [Command processor thread] INFO  server.RaftServer (RaftServerProxy.java:addNew(95)) - 7102e10f-7baf-40d1-a733-c49484cac6b4: addNew group-C274E472E363:[77eebb93-8ed1-4443-8476-48726f7e27c1|rpc:10.1.0.51:40681|priority:1, 7102e10f-7baf-40d1-a733-c49484cac6b4|rpc:10.1.0.51:44475|priority:0, ad039a86-d7f3-42ea-bec3-b4149bcaa887|rpc:10.1.0.51:35567|priority:0] returns group-C274E472E363:java.util.concurrent.CompletableFuture@2bc6e374[Not completed]
2021-09-21 01:22:34,519 [pool-423-thread-1] INFO  server.RaftServer$Division (RaftServerImpl.java:<init>(181)) - 7102e10f-7baf-40d1-a733-c49484cac6b4: new RaftServerImpl for group-C274E472E363:[77eebb93-8ed1-4443-8476-48726f7e27c1|rpc:10.1.0.51:40681|priority:1, 7102e10f-7baf-40d1-a733-c49484cac6b4|rpc:10.1.0.51:44475|priority:0, ad039a86-d7f3-42ea-bec3-b4149bcaa887|rpc:10.1.0.51:35567|priority:0] with ContainerStateMachine:uninitialized
2021-09-21 01:22:34,519 [pool-423-thread-1] INFO  server.RaftServerConfigKeys (ConfUtils.java:logGet(44)) - raft.server.rpc.timeout.min = 5s (custom)
2021-09-21 01:22:34,519 [pool-423-thread-1] INFO  server.RaftServerConfigKeys (ConfUtils.java:logGet(44)) - raft.server.rpc.timeout.max = 5200ms (custom)
2021-09-21 01:22:34,520 [pool-423-thread-1] INFO  server.RaftServerConfigKeys (ConfUtils.java:logGet(44)) - raft.server.rpc.sleep.time = 25ms (default)
2021-09-21 01:22:34,520 [pool-423-thread-1] INFO  server.RaftServerConfigKeys (ConfUtils.java:logGet(44)) - raft.server.rpc.slowness.timeout = 300000ms (custom)
2021-09-21 01:22:34,520 [pool-423-thread-1] INFO  server.RaftServerConfigKeys (ConfUtils.java:logGet(44)) - raft.server.leaderelection.leader.step-down.wait-time = 10s (default)
2021-09-21 01:22:34,520 [pool-423-thread-1] INFO  server.RaftServerConfigKeys (ConfUtils.java:logGet(44)) - raft.server.sleep.deviation.threshold = 300ms (default)
2021-09-21 01:22:34,520 [pool-423-thread-1] INFO  server.RaftServerConfigKeys (ConfUtils.java:logGet(44)) - raft.server.log.appender.install.snapshot.enabled = false (custom)
2021-09-21 01:22:34,525 [pool-423-thread-1] INFO  server.RaftServer$Division (ServerState.java:<init>(105)) - 7102e10f-7baf-40d1-a733-c49484cac6b4@group-C274E472E363: ConfigurationManager, init=-1: [77eebb93-8ed1-4443-8476-48726f7e27c1|rpc:10.1.0.51:40681|priority:1, 7102e10f-7baf-40d1-a733-c49484cac6b4|rpc:10.1.0.51:44475|priority:0, ad039a86-d7f3-42ea-bec3-b4149bcaa887|rpc:10.1.0.51:35567|priority:0], old=null, confs=<EMPTY_MAP>
2021-09-21 01:22:34,525 [pool-423-thread-1] INFO  server.RaftServerConfigKeys (ConfUtils.java:logGet(44)) - raft.server.storage.dir = [/home/runner/work/ozone/ozone/hadoop-ozone/integration-test/target/test-dir/MiniOzoneClusterImpl-7349e056-7b32-48d8-92e4-5182ee86217f/datanode-6/data/ratis] (custom)
2021-09-21 01:22:34,525 [pool-423-thread-1] INFO  server.RaftServerConfigKeys (ConfUtils.java:logGet(44)) - raft.server.log.corruption.policy = EXCEPTION (default)
2021-09-21 01:22:34,525 [pool-423-thread-1] INFO  server.RaftServerConfigKeys (ConfUtils.java:logGet(44)) - raft.server.storage.free-space.min = 0MB (=0) (default)
2021-09-21 01:22:34,525 [pool-423-thread-1] INFO  storage.RaftStorageDirectory (RaftStorageDirectoryImpl.java:analyzeStorage(135)) - The storage directory /home/runner/work/ozone/ozone/hadoop-ozone/integration-test/target/test-dir/MiniOzoneClusterImpl-7349e056-7b32-48d8-92e4-5182ee86217f/datanode-6/data/ratis/8b3e04da-d438-42db-a76b-c274e472e363 does not exist. Creating ...
2021-09-21 01:22:34,534 [pool-423-thread-1] INFO  storage.RaftStorageDirectory (RaftStorageDirectoryImpl.java:tryLock(230)) - Lock on /home/runner/work/ozone/ozone/hadoop-ozone/integration-test/target/test-dir/MiniOzoneClusterImpl-7349e056-7b32-48d8-92e4-5182ee86217f/datanode-6/data/ratis/8b3e04da-d438-42db-a76b-c274e472e363/in_use.lock acquired by nodename 2684@fv-az122-453
2021-09-21 01:22:34,538 [pool-423-thread-1] INFO  storage.RaftStorage (RaftStorageImpl.java:format(89)) - Storage directory /home/runner/work/ozone/ozone/hadoop-ozone/integration-test/target/test-dir/MiniOzoneClusterImpl-7349e056-7b32-48d8-92e4-5182ee86217f/datanode-6/data/ratis/8b3e04da-d438-42db-a76b-c274e472e363 has been successfully formatted.
2021-09-21 01:22:34,538 [pool-423-thread-1] INFO  ratis.ContainerStateMachine (ContainerStateMachine.java:loadSnapshot(224)) - group-C274E472E363: The snapshot info is null. Setting the last applied indexto:(t:0, i:~)
2021-09-21 01:22:34,538 [pool-423-thread-1] INFO  server.RaftServerConfigKeys (ConfUtils.java:logGet(44)) - raft.server.notification.no-leader.timeout = 300000ms (custom)
2021-09-21 01:22:34,538 [pool-423-thread-1] INFO  server.RaftServerConfigKeys (ConfUtils.java:logGet(44)) - raft.server.log.use.memory = false (default)
2021-09-21 01:22:34,538 [pool-423-thread-1] INFO  server.RaftServerConfigKeys (ConfUtils.java:logGet(44)) - raft.server.log.purge.gap = 1000000 (custom)
2021-09-21 01:22:34,538 [pool-423-thread-1] INFO  server.RaftServerConfigKeys (ConfUtils.java:logGet(44)) - raft.server.log.appender.buffer.byte-limit = 33554432 (custom)
2021-09-21 01:22:34,538 [pool-423-thread-1] INFO  server.RaftServerConfigKeys (ConfUtils.java:logGet(44)) - raft.server.log.segment.size.max = 1048576 (custom)
2021-09-21 01:22:34,539 [Datanode State Machine Thread - 0] WARN  statemachine.StateContext (StateContext.java:execute(621)) - No available thread in pool for past 1 seconds.
2021-09-21 01:22:34,539 [pool-423-thread-1] INFO  server.RaftServerConfigKeys (ConfUtils.java:logGet(44)) - raft.server.log.segment.cache.num.max = 2 (custom)
2021-09-21 01:22:34,539 [pool-423-thread-1] INFO  server.RaftServerConfigKeys (ConfUtils.java:logGet(44)) - raft.server.log.segment.cache.size.max = 200MB (=209715200) (default)
2021-09-21 01:22:34,539 [pool-423-thread-1] INFO  segmented.SegmentedRaftLogWorker (SegmentedRaftLogWorker.java:<init>(182)) - new 7102e10f-7baf-40d1-a733-c49484cac6b4@group-C274E472E363-SegmentedRaftLogWorker for RaftStorageImpl:Storage Directory /home/runner/work/ozone/ozone/hadoop-ozone/integration-test/target/test-dir/MiniOzoneClusterImpl-7349e056-7b32-48d8-92e4-5182ee86217f/datanode-6/data/ratis/8b3e04da-d438-42db-a76b-c274e472e363
2021-09-21 01:22:34,539 [pool-423-thread-1] INFO  server.RaftServerConfigKeys (ConfUtils.java:logGet(44)) - raft.server.log.queue.byte-limit = 2147483647 (custom)
2021-09-21 01:22:34,540 [pool-423-thread-1] INFO  server.RaftServerConfigKeys (ConfUtils.java:logGet(44)) - raft.server.log.queue.element-limit = 1024 (custom)
2021-09-21 01:22:34,540 [pool-423-thread-1] INFO  server.RaftServerConfigKeys (ConfUtils.java:logGet(44)) - raft.server.log.segment.size.max = 1048576 (custom)
2021-09-21 01:22:34,540 [pool-423-thread-1] INFO  server.RaftServerConfigKeys (ConfUtils.java:logGet(44)) - raft.server.log.preallocated.size = 16384 (custom)
2021-09-21 01:22:34,540 [pool-423-thread-1] INFO  server.RaftServerConfigKeys (ConfUtils.java:logGet(44)) - raft.server.log.force.sync.num = 128 (default)
2021-09-21 01:22:34,540 [pool-423-thread-1] INFO  server.RaftServerConfigKeys (ConfUtils.java:logGet(44)) - raft.server.log.statemachine.data.sync = true (default)
2021-09-21 01:22:34,540 [pool-423-thread-1] INFO  server.RaftServerConfigKeys (ConfUtils.java:logGet(44)) - raft.server.log.statemachine.data.sync.timeout = 10s (default)
2021-09-21 01:22:34,540 [pool-423-thread-1] INFO  server.RaftServerConfigKeys (ConfUtils.java:logGet(44)) - raft.server.log.statemachine.data.sync.timeout.retry = -1 (default)
2021-09-21 01:22:34,541 [EventQueue-OpenPipelineForHealthyPipelineSafeModeRule] INFO  safemode.SCMSafeModeManager (HealthyPipelineSafeModeRule.java:process(124)) - SCM in safe mode. Healthy pipelines reported count is 0, required healthy pipeline reported count is 1
2021-09-21 01:22:34,541 [pool-423-thread-1] INFO  server.RaftServerConfigKeys (ConfUtils.java:logGet(44)) - raft.server.log.write.buffer.size = 1048576 (custom)
2021-09-21 01:22:34,542 [pool-423-thread-1] INFO  server.RaftServerConfigKeys (ConfUtils.java:logGet(44)) - raft.server.log.statemachine.data.caching.enabled = true (custom)
2021-09-21 01:22:34,542 [pool-423-thread-1] INFO  segmented.SegmentedRaftLogWorker (SegmentedRaftLogWorker.java:lambda$new$0(133)) - 7102e10f-7baf-40d1-a733-c49484cac6b4@group-C274E472E363-SegmentedRaftLogWorker: flushIndex: setUnconditionally 0 -> -1
2021-09-21 01:22:34,542 [pool-423-thread-1] INFO  segmented.SegmentedRaftLogWorker (SegmentedRaftLogWorker.java:lambda$new$0(133)) - 7102e10f-7baf-40d1-a733-c49484cac6b4@group-C274E472E363-SegmentedRaftLogWorker: safeCacheEvictIndex: setUnconditionally 0 -> -1
2021-09-21 01:22:34,547 [pool-423-thread-1] INFO  server.RaftServerConfigKeys (ConfUtils.java:logGet(44)) - raft.server.snapshot.auto.trigger.enabled = true (custom)
2021-09-21 01:22:34,547 [pool-423-thread-1] INFO  server.RaftServerConfigKeys (ConfUtils.java:logGet(44)) - raft.server.snapshot.auto.trigger.threshold = 10000 (custom)
2021-09-21 01:22:34,547 [pool-423-thread-1] INFO  server.RaftServerConfigKeys (ConfUtils.java:logGet(44)) - raft.server.snapshot.retention.file.num = 5 (custom)
2021-09-21 01:22:34,547 [pool-423-thread-1] INFO  server.RaftServerConfigKeys (ConfUtils.java:logGet(44)) - raft.server.log.purge.upto.snapshot.index = false (default)
2021-09-21 01:22:34,547 [pool-423-thread-1] INFO  server.RaftServerConfigKeys (ConfUtils.java:logGet(44)) - raft.server.retrycache.expirytime = 600000ms (custom)
2021-09-21 01:22:34,547 [pool-423-thread-1] INFO  server.RaftServerConfigKeys (ConfUtils.java:logGet(44)) - raft.server.retrycache.statistics.expirytime = 100μs (default)
2021-09-21 01:22:34,548 [pool-423-thread-1] INFO  server.RaftServer$Division (RaftServerImpl.java:start(296)) - 7102e10f-7baf-40d1-a733-c49484cac6b4@group-C274E472E363: start as a follower, conf=-1: [77eebb93-8ed1-4443-8476-48726f7e27c1|rpc:10.1.0.51:40681|priority:1, 7102e10f-7baf-40d1-a733-c49484cac6b4|rpc:10.1.0.51:44475|priority:0, ad039a86-d7f3-42ea-bec3-b4149bcaa887|rpc:10.1.0.51:35567|priority:0], old=null
2021-09-21 01:22:34,548 [pool-423-thread-1] INFO  server.RaftServer$Division (RaftServerImpl.java:setRole(285)) - 7102e10f-7baf-40d1-a733-c49484cac6b4@group-C274E472E363: changes role from      null to FOLLOWER at term 0 for startAsFollower
2021-09-21 01:22:34,548 [pool-423-thread-1] INFO  impl.RoleInfo (RoleInfo.java:updateAndGet(130)) - 7102e10f-7baf-40d1-a733-c49484cac6b4: start 7102e10f-7baf-40d1-a733-c49484cac6b4@group-C274E472E363-FollowerState
2021-09-21 01:22:34,561 [pool-423-thread-1] INFO  util.JmxRegister (JmxRegister.java:tryRegister(44)) - Successfully registered JMX Bean with object name Ratis:service=RaftServer,group=group-C274E472E363,id=7102e10f-7baf-40d1-a733-c49484cac6b4
2021-09-21 01:22:34,563 [Command processor thread] INFO  ratis.XceiverServerRatis (XceiverServerRatis.java:addGroup(762)) - Created group PipelineID=8b3e04da-d438-42db-a76b-c274e472e363
2021-09-21 01:22:34,605 [grpc-default-executor-3] INFO  server.RaftServer (RaftServerProxy.java:addNew(95)) - 77eebb93-8ed1-4443-8476-48726f7e27c1: addNew group-C274E472E363:[77eebb93-8ed1-4443-8476-48726f7e27c1|rpc:10.1.0.51:40681|dataStream:|priority:1, 7102e10f-7baf-40d1-a733-c49484cac6b4|rpc:10.1.0.51:44475|dataStream:|priority:0, ad039a86-d7f3-42ea-bec3-b4149bcaa887|rpc:10.1.0.51:35567|dataStream:|priority:0] returns group-C274E472E363:java.util.concurrent.CompletableFuture@3f812faf[Not completed]
2021-09-21 01:22:34,609 [pool-442-thread-1] INFO  server.RaftServer$Division (RaftServerImpl.java:<init>(181)) - 77eebb93-8ed1-4443-8476-48726f7e27c1: new RaftServerImpl for group-C274E472E363:[77eebb93-8ed1-4443-8476-48726f7e27c1|rpc:10.1.0.51:40681|dataStream:|priority:1, 7102e10f-7baf-40d1-a733-c49484cac6b4|rpc:10.1.0.51:44475|dataStream:|priority:0, ad039a86-d7f3-42ea-bec3-b4149bcaa887|rpc:10.1.0.51:35567|dataStream:|priority:0] with ContainerStateMachine:uninitialized
2021-09-21 01:22:34,609 [pool-442-thread-1] INFO  server.RaftServerConfigKeys (ConfUtils.java:logGet(44)) - raft.server.rpc.timeout.min = 5s (custom)
2021-09-21 01:22:34,609 [pool-442-thread-1] INFO  server.RaftServerConfigKeys (ConfUtils.java:logGet(44)) - raft.server.rpc.timeout.max = 5200ms (custom)
2021-09-21 01:22:34,609 [pool-442-thread-1] INFO  server.RaftServerConfigKeys (ConfUtils.java:logGet(44)) - raft.server.rpc.sleep.time = 25ms (default)
2021-09-21 01:22:34,610 [pool-442-thread-1] INFO  server.RaftServerConfigKeys (ConfUtils.java:logGet(44)) - raft.server.rpc.slowness.timeout = 300000ms (custom)
2021-09-21 01:22:34,610 [pool-442-thread-1] INFO  server.RaftServerConfigKeys (ConfUtils.java:logGet(44)) - raft.server.leaderelection.leader.step-down.wait-time = 10s (default)
2021-09-21 01:22:34,610 [pool-442-thread-1] INFO  server.RaftServerConfigKeys (ConfUtils.java:logGet(44)) - raft.server.sleep.deviation.threshold = 300ms (default)
2021-09-21 01:22:34,610 [pool-442-thread-1] INFO  server.RaftServerConfigKeys (ConfUtils.java:logGet(44)) - raft.server.log.appender.install.snapshot.enabled = false (custom)
2021-09-21 01:22:34,610 [pool-442-thread-1] INFO  server.RaftServer$Division (ServerState.java:<init>(105)) - 77eebb93-8ed1-4443-8476-48726f7e27c1@group-C274E472E363: ConfigurationManager, init=-1: [77eebb93-8ed1-4443-8476-48726f7e27c1|rpc:10.1.0.51:40681|dataStream:|priority:1, 7102e10f-7baf-40d1-a733-c49484cac6b4|rpc:10.1.0.51:44475|dataStream:|priority:0, ad039a86-d7f3-42ea-bec3-b4149bcaa887|rpc:10.1.0.51:35567|dataStream:|priority:0], old=null, confs=<EMPTY_MAP>
2021-09-21 01:22:34,610 [pool-442-thread-1] INFO  server.RaftServerConfigKeys (ConfUtils.java:logGet(44)) - raft.server.storage.dir = [/home/runner/work/ozone/ozone/hadoop-ozone/integration-test/target/test-dir/MiniOzoneClusterImpl-7349e056-7b32-48d8-92e4-5182ee86217f/datanode-7/data/ratis] (custom)
2021-09-21 01:22:34,610 [pool-442-thread-1] INFO  server.RaftServerConfigKeys (ConfUtils.java:logGet(44)) - raft.server.log.corruption.policy = EXCEPTION (default)
2021-09-21 01:22:34,610 [pool-442-thread-1] INFO  server.RaftServerConfigKeys (ConfUtils.java:logGet(44)) - raft.server.storage.free-space.min = 0MB (=0) (default)
2021-09-21 01:22:34,610 [pool-442-thread-1] INFO  storage.RaftStorageDirectory (RaftStorageDirectoryImpl.java:analyzeStorage(135)) - The storage directory /home/runner/work/ozone/ozone/hadoop-ozone/integration-test/target/test-dir/MiniOzoneClusterImpl-7349e056-7b32-48d8-92e4-5182ee86217f/datanode-7/data/ratis/8b3e04da-d438-42db-a76b-c274e472e363 does not exist. Creating ...
2021-09-21 01:22:34,619 [pool-442-thread-1] INFO  storage.RaftStorageDirectory (RaftStorageDirectoryImpl.java:tryLock(230)) - Lock on /home/runner/work/ozone/ozone/hadoop-ozone/integration-test/target/test-dir/MiniOzoneClusterImpl-7349e056-7b32-48d8-92e4-5182ee86217f/datanode-7/data/ratis/8b3e04da-d438-42db-a76b-c274e472e363/in_use.lock acquired by nodename 2684@fv-az122-453
2021-09-21 01:22:34,631 [pool-442-thread-1] INFO  storage.RaftStorage (RaftStorageImpl.java:format(89)) - Storage directory /home/runner/work/ozone/ozone/hadoop-ozone/integration-test/target/test-dir/MiniOzoneClusterImpl-7349e056-7b32-48d8-92e4-5182ee86217f/datanode-7/data/ratis/8b3e04da-d438-42db-a76b-c274e472e363 has been successfully formatted.
2021-09-21 01:22:34,633 [pool-442-thread-1] INFO  ratis.ContainerStateMachine (ContainerStateMachine.java:loadSnapshot(224)) - group-C274E472E363: The snapshot info is null. Setting the last applied indexto:(t:0, i:~)
2021-09-21 01:22:34,633 [pool-442-thread-1] INFO  server.RaftServerConfigKeys (ConfUtils.java:logGet(44)) - raft.server.notification.no-leader.timeout = 300000ms (custom)
2021-09-21 01:22:34,633 [pool-442-thread-1] INFO  server.RaftServerConfigKeys (ConfUtils.java:logGet(44)) - raft.server.log.use.memory = false (default)
2021-09-21 01:22:34,633 [pool-442-thread-1] INFO  server.RaftServerConfigKeys (ConfUtils.java:logGet(44)) - raft.server.log.purge.gap = 1000000 (custom)
2021-09-21 01:22:34,633 [pool-442-thread-1] INFO  server.RaftServerConfigKeys (ConfUtils.java:logGet(44)) - raft.server.log.appender.buffer.byte-limit = 33554432 (custom)
2021-09-21 01:22:34,634 [pool-442-thread-1] INFO  server.RaftServerConfigKeys (ConfUtils.java:logGet(44)) - raft.server.log.segment.size.max = 1048576 (custom)
2021-09-21 01:22:34,634 [pool-442-thread-1] INFO  server.RaftServerConfigKeys (ConfUtils.java:logGet(44)) - raft.server.log.segment.cache.num.max = 2 (custom)
2021-09-21 01:22:34,635 [pool-442-thread-1] INFO  server.RaftServerConfigKeys (ConfUtils.java:logGet(44)) - raft.server.log.segment.cache.size.max = 200MB (=209715200) (default)
2021-09-21 01:22:34,636 [pool-442-thread-1] INFO  segmented.SegmentedRaftLogWorker (SegmentedRaftLogWorker.java:<init>(182)) - new 77eebb93-8ed1-4443-8476-48726f7e27c1@group-C274E472E363-SegmentedRaftLogWorker for RaftStorageImpl:Storage Directory /home/runner/work/ozone/ozone/hadoop-ozone/integration-test/target/test-dir/MiniOzoneClusterImpl-7349e056-7b32-48d8-92e4-5182ee86217f/datanode-7/data/ratis/8b3e04da-d438-42db-a76b-c274e472e363
2021-09-21 01:22:34,636 [pool-442-thread-1] INFO  server.RaftServerConfigKeys (ConfUtils.java:logGet(44)) - raft.server.log.queue.byte-limit = 2147483647 (custom)
2021-09-21 01:22:34,636 [pool-442-thread-1] INFO  server.RaftServerConfigKeys (ConfUtils.java:logGet(44)) - raft.server.log.queue.element-limit = 1024 (custom)
2021-09-21 01:22:34,636 [pool-442-thread-1] INFO  server.RaftServerConfigKeys (ConfUtils.java:logGet(44)) - raft.server.log.segment.size.max = 1048576 (custom)
2021-09-21 01:22:34,638 [pool-442-thread-1] INFO  server.RaftServerConfigKeys (ConfUtils.java:logGet(44)) - raft.server.log.preallocated.size = 16384 (custom)
2021-09-21 01:22:34,638 [pool-442-thread-1] INFO  server.RaftServerConfigKeys (ConfUtils.java:logGet(44)) - raft.server.log.force.sync.num = 128 (default)
2021-09-21 01:22:34,638 [pool-442-thread-1] INFO  server.RaftServerConfigKeys (ConfUtils.java:logGet(44)) - raft.server.log.statemachine.data.sync = true (default)
2021-09-21 01:22:34,638 [pool-442-thread-1] INFO  server.RaftServerConfigKeys (ConfUtils.java:logGet(44)) - raft.server.log.statemachine.data.sync.timeout = 10s (default)
2021-09-21 01:22:34,638 [pool-442-thread-1] INFO  server.RaftServerConfigKeys (ConfUtils.java:logGet(44)) - raft.server.log.statemachine.data.sync.timeout.retry = -1 (default)
2021-09-21 01:22:34,639 [pool-442-thread-1] INFO  server.RaftServerConfigKeys (ConfUtils.java:logGet(44)) - raft.server.log.write.buffer.size = 1048576 (custom)
2021-09-21 01:22:34,640 [pool-442-thread-1] INFO  server.RaftServerConfigKeys (ConfUtils.java:logGet(44)) - raft.server.log.statemachine.data.caching.enabled = true (custom)
2021-09-21 01:22:34,640 [pool-442-thread-1] INFO  segmented.SegmentedRaftLogWorker (SegmentedRaftLogWorker.java:lambda$new$0(133)) - 77eebb93-8ed1-4443-8476-48726f7e27c1@group-C274E472E363-SegmentedRaftLogWorker: flushIndex: setUnconditionally 0 -> -1
2021-09-21 01:22:34,640 [pool-442-thread-1] INFO  segmented.SegmentedRaftLogWorker (SegmentedRaftLogWorker.java:lambda$new$0(133)) - 77eebb93-8ed1-4443-8476-48726f7e27c1@group-C274E472E363-SegmentedRaftLogWorker: safeCacheEvictIndex: setUnconditionally 0 -> -1
2021-09-21 01:22:34,640 [pool-442-thread-1] INFO  server.RaftServerConfigKeys (ConfUtils.java:logGet(44)) - raft.server.snapshot.auto.trigger.enabled = true (custom)
2021-09-21 01:22:34,640 [pool-442-thread-1] INFO  server.RaftServerConfigKeys (ConfUtils.java:logGet(44)) - raft.server.snapshot.auto.trigger.threshold = 10000 (custom)
2021-09-21 01:22:34,641 [pool-442-thread-1] INFO  server.RaftServerConfigKeys (ConfUtils.java:logGet(44)) - raft.server.snapshot.retention.file.num = 5 (custom)
2021-09-21 01:22:34,641 [pool-442-thread-1] INFO  server.RaftServerConfigKeys (ConfUtils.java:logGet(44)) - raft.server.log.purge.upto.snapshot.index = false (default)
2021-09-21 01:22:34,641 [pool-442-thread-1] INFO  server.RaftServerConfigKeys (ConfUtils.java:logGet(44)) - raft.server.retrycache.expirytime = 600000ms (custom)
2021-09-21 01:22:34,641 [pool-442-thread-1] INFO  server.RaftServerConfigKeys (ConfUtils.java:logGet(44)) - raft.server.retrycache.statistics.expirytime = 100μs (default)
2021-09-21 01:22:34,642 [pool-442-thread-1] INFO  server.RaftServer$Division (RaftServerImpl.java:start(296)) - 77eebb93-8ed1-4443-8476-48726f7e27c1@group-C274E472E363: start as a follower, conf=-1: [77eebb93-8ed1-4443-8476-48726f7e27c1|rpc:10.1.0.51:40681|dataStream:|priority:1, 7102e10f-7baf-40d1-a733-c49484cac6b4|rpc:10.1.0.51:44475|dataStream:|priority:0, ad039a86-d7f3-42ea-bec3-b4149bcaa887|rpc:10.1.0.51:35567|dataStream:|priority:0], old=null
2021-09-21 01:22:34,642 [pool-442-thread-1] INFO  server.RaftServer$Division (RaftServerImpl.java:setRole(285)) - 77eebb93-8ed1-4443-8476-48726f7e27c1@group-C274E472E363: changes role from      null to FOLLOWER at term 0 for startAsFollower
2021-09-21 01:22:34,642 [pool-442-thread-1] INFO  impl.RoleInfo (RoleInfo.java:updateAndGet(130)) - 77eebb93-8ed1-4443-8476-48726f7e27c1: start 77eebb93-8ed1-4443-8476-48726f7e27c1@group-C274E472E363-FollowerState
2021-09-21 01:22:34,651 [pool-442-thread-1] INFO  util.JmxRegister (JmxRegister.java:tryRegister(44)) - Successfully registered JMX Bean with object name Ratis:service=RaftServer,group=group-C274E472E363,id=77eebb93-8ed1-4443-8476-48726f7e27c1
2021-09-21 01:22:34,783 [grpc-default-executor-3] INFO  server.RaftServer (RaftServerProxy.java:addNew(95)) - ad039a86-d7f3-42ea-bec3-b4149bcaa887: addNew group-C274E472E363:[77eebb93-8ed1-4443-8476-48726f7e27c1|rpc:10.1.0.51:40681|dataStream:|priority:1, 7102e10f-7baf-40d1-a733-c49484cac6b4|rpc:10.1.0.51:44475|dataStream:|priority:0, ad039a86-d7f3-42ea-bec3-b4149bcaa887|rpc:10.1.0.51:35567|dataStream:|priority:0] returns group-C274E472E363:java.util.concurrent.CompletableFuture@253ad25e[Not completed]
2021-09-21 01:22:34,788 [pool-461-thread-1] INFO  server.RaftServer$Division (RaftServerImpl.java:<init>(181)) - ad039a86-d7f3-42ea-bec3-b4149bcaa887: new RaftServerImpl for group-C274E472E363:[77eebb93-8ed1-4443-8476-48726f7e27c1|rpc:10.1.0.51:40681|dataStream:|priority:1, 7102e10f-7baf-40d1-a733-c49484cac6b4|rpc:10.1.0.51:44475|dataStream:|priority:0, ad039a86-d7f3-42ea-bec3-b4149bcaa887|rpc:10.1.0.51:35567|dataStream:|priority:0] with ContainerStateMachine:uninitialized
2021-09-21 01:22:34,819 [pool-461-thread-1] INFO  server.RaftServerConfigKeys (ConfUtils.java:logGet(44)) - raft.server.rpc.timeout.min = 5s (custom)
2021-09-21 01:22:34,819 [pool-461-thread-1] INFO  server.RaftServerConfigKeys (ConfUtils.java:logGet(44)) - raft.server.rpc.timeout.max = 5200ms (custom)
2021-09-21 01:22:34,820 [pool-461-thread-1] INFO  server.RaftServerConfigKeys (ConfUtils.java:logGet(44)) - raft.server.rpc.sleep.time = 25ms (default)
2021-09-21 01:22:34,820 [pool-461-thread-1] INFO  server.RaftServerConfigKeys (ConfUtils.java:logGet(44)) - raft.server.rpc.slowness.timeout = 300000ms (custom)
2021-09-21 01:22:34,820 [pool-461-thread-1] INFO  server.RaftServerConfigKeys (ConfUtils.java:logGet(44)) - raft.server.leaderelection.leader.step-down.wait-time = 10s (default)
2021-09-21 01:22:34,820 [pool-461-thread-1] INFO  server.RaftServerConfigKeys (ConfUtils.java:logGet(44)) - raft.server.sleep.deviation.threshold = 300ms (default)
2021-09-21 01:22:34,820 [pool-461-thread-1] INFO  server.RaftServerConfigKeys (ConfUtils.java:logGet(44)) - raft.server.log.appender.install.snapshot.enabled = false (custom)
2021-09-21 01:22:34,820 [pool-461-thread-1] INFO  server.RaftServer$Division (ServerState.java:<init>(105)) - ad039a86-d7f3-42ea-bec3-b4149bcaa887@group-C274E472E363: ConfigurationManager, init=-1: [77eebb93-8ed1-4443-8476-48726f7e27c1|rpc:10.1.0.51:40681|dataStream:|priority:1, 7102e10f-7baf-40d1-a733-c49484cac6b4|rpc:10.1.0.51:44475|dataStream:|priority:0, ad039a86-d7f3-42ea-bec3-b4149bcaa887|rpc:10.1.0.51:35567|dataStream:|priority:0], old=null, confs=<EMPTY_MAP>
2021-09-21 01:22:34,820 [pool-461-thread-1] INFO  server.RaftServerConfigKeys (ConfUtils.java:logGet(44)) - raft.server.storage.dir = [/home/runner/work/ozone/ozone/hadoop-ozone/integration-test/target/test-dir/MiniOzoneClusterImpl-7349e056-7b32-48d8-92e4-5182ee86217f/datanode-8/data/ratis] (custom)
2021-09-21 01:22:34,820 [pool-461-thread-1] INFO  server.RaftServerConfigKeys (ConfUtils.java:logGet(44)) - raft.server.log.corruption.policy = EXCEPTION (default)
2021-09-21 01:22:34,820 [pool-461-thread-1] INFO  server.RaftServerConfigKeys (ConfUtils.java:logGet(44)) - raft.server.storage.free-space.min = 0MB (=0) (default)
2021-09-21 01:22:34,820 [pool-461-thread-1] INFO  storage.RaftStorageDirectory (RaftStorageDirectoryImpl.java:analyzeStorage(135)) - The storage directory /home/runner/work/ozone/ozone/hadoop-ozone/integration-test/target/test-dir/MiniOzoneClusterImpl-7349e056-7b32-48d8-92e4-5182ee86217f/datanode-8/data/ratis/8b3e04da-d438-42db-a76b-c274e472e363 does not exist. Creating ...
2021-09-21 01:22:34,831 [pool-461-thread-1] INFO  storage.RaftStorageDirectory (RaftStorageDirectoryImpl.java:tryLock(230)) - Lock on /home/runner/work/ozone/ozone/hadoop-ozone/integration-test/target/test-dir/MiniOzoneClusterImpl-7349e056-7b32-48d8-92e4-5182ee86217f/datanode-8/data/ratis/8b3e04da-d438-42db-a76b-c274e472e363/in_use.lock acquired by nodename 2684@fv-az122-453
2021-09-21 01:22:34,833 [pool-461-thread-1] INFO  storage.RaftStorage (RaftStorageImpl.java:format(89)) - Storage directory /home/runner/work/ozone/ozone/hadoop-ozone/integration-test/target/test-dir/MiniOzoneClusterImpl-7349e056-7b32-48d8-92e4-5182ee86217f/datanode-8/data/ratis/8b3e04da-d438-42db-a76b-c274e472e363 has been successfully formatted.
2021-09-21 01:22:34,842 [Datanode State Machine Thread - 0] WARN  statemachine.StateContext (StateContext.java:execute(621)) - No available thread in pool for past 1 seconds.
2021-09-21 01:22:34,842 [pool-461-thread-1] INFO  ratis.ContainerStateMachine (ContainerStateMachine.java:loadSnapshot(224)) - group-C274E472E363: The snapshot info is null. Setting the last applied indexto:(t:0, i:~)
2021-09-21 01:22:34,843 [pool-461-thread-1] INFO  server.RaftServerConfigKeys (ConfUtils.java:logGet(44)) - raft.server.notification.no-leader.timeout = 300000ms (custom)
2021-09-21 01:22:34,843 [pool-461-thread-1] INFO  server.RaftServerConfigKeys (ConfUtils.java:logGet(44)) - raft.server.log.use.memory = false (default)
2021-09-21 01:22:34,843 [pool-461-thread-1] INFO  server.RaftServerConfigKeys (ConfUtils.java:logGet(44)) - raft.server.log.purge.gap = 1000000 (custom)
2021-09-21 01:22:34,843 [pool-461-thread-1] INFO  server.RaftServerConfigKeys (ConfUtils.java:logGet(44)) - raft.server.log.appender.buffer.byte-limit = 33554432 (custom)
2021-09-21 01:22:34,843 [pool-461-thread-1] INFO  server.RaftServerConfigKeys (ConfUtils.java:logGet(44)) - raft.server.log.segment.size.max = 1048576 (custom)
2021-09-21 01:22:34,844 [pool-461-thread-1] INFO  server.RaftServerConfigKeys (ConfUtils.java:logGet(44)) - raft.server.log.segment.cache.num.max = 2 (custom)
2021-09-21 01:22:34,847 [pool-461-thread-1] INFO  server.RaftServerConfigKeys (ConfUtils.java:logGet(44)) - raft.server.log.segment.cache.size.max = 200MB (=209715200) (default)
2021-09-21 01:22:34,847 [pool-461-thread-1] INFO  segmented.SegmentedRaftLogWorker (SegmentedRaftLogWorker.java:<init>(182)) - new ad039a86-d7f3-42ea-bec3-b4149bcaa887@group-C274E472E363-SegmentedRaftLogWorker for RaftStorageImpl:Storage Directory /home/runner/work/ozone/ozone/hadoop-ozone/integration-test/target/test-dir/MiniOzoneClusterImpl-7349e056-7b32-48d8-92e4-5182ee86217f/datanode-8/data/ratis/8b3e04da-d438-42db-a76b-c274e472e363
2021-09-21 01:22:34,847 [pool-461-thread-1] INFO  server.RaftServerConfigKeys (ConfUtils.java:logGet(44)) - raft.server.log.queue.byte-limit = 2147483647 (custom)
2021-09-21 01:22:34,847 [pool-461-thread-1] INFO  server.RaftServerConfigKeys (ConfUtils.java:logGet(44)) - raft.server.log.queue.element-limit = 1024 (custom)
2021-09-21 01:22:34,848 [pool-461-thread-1] INFO  server.RaftServerConfigKeys (ConfUtils.java:logGet(44)) - raft.server.log.segment.size.max = 1048576 (custom)
2021-09-21 01:22:34,848 [pool-461-thread-1] INFO  server.RaftServerConfigKeys (ConfUtils.java:logGet(44)) - raft.server.log.preallocated.size = 16384 (custom)
2021-09-21 01:22:34,848 [pool-461-thread-1] INFO  server.RaftServerConfigKeys (ConfUtils.java:logGet(44)) - raft.server.log.force.sync.num = 128 (default)
2021-09-21 01:22:34,848 [pool-461-thread-1] INFO  server.RaftServerConfigKeys (ConfUtils.java:logGet(44)) - raft.server.log.statemachine.data.sync = true (default)
2021-09-21 01:22:34,848 [pool-461-thread-1] INFO  server.RaftServerConfigKeys (ConfUtils.java:logGet(44)) - raft.server.log.statemachine.data.sync.timeout = 10s (default)
2021-09-21 01:22:34,848 [pool-461-thread-1] INFO  server.RaftServerConfigKeys (ConfUtils.java:logGet(44)) - raft.server.log.statemachine.data.sync.timeout.retry = -1 (default)
2021-09-21 01:22:34,849 [pool-461-thread-1] INFO  server.RaftServerConfigKeys (ConfUtils.java:logGet(44)) - raft.server.log.write.buffer.size = 1048576 (custom)
2021-09-21 01:22:34,856 [pool-461-thread-1] INFO  server.RaftServerConfigKeys (ConfUtils.java:logGet(44)) - raft.server.log.statemachine.data.caching.enabled = true (custom)
2021-09-21 01:22:34,856 [pool-461-thread-1] INFO  segmented.SegmentedRaftLogWorker (SegmentedRaftLogWorker.java:lambda$new$0(133)) - ad039a86-d7f3-42ea-bec3-b4149bcaa887@group-C274E472E363-SegmentedRaftLogWorker: flushIndex: setUnconditionally 0 -> -1
2021-09-21 01:22:34,856 [pool-461-thread-1] INFO  segmented.SegmentedRaftLogWorker (SegmentedRaftLogWorker.java:lambda$new$0(133)) - ad039a86-d7f3-42ea-bec3-b4149bcaa887@group-C274E472E363-SegmentedRaftLogWorker: safeCacheEvictIndex: setUnconditionally 0 -> -1
2021-09-21 01:22:34,864 [pool-461-thread-1] INFO  server.RaftServerConfigKeys (ConfUtils.java:logGet(44)) - raft.server.snapshot.auto.trigger.enabled = true (custom)
2021-09-21 01:22:34,864 [pool-461-thread-1] INFO  server.RaftServerConfigKeys (ConfUtils.java:logGet(44)) - raft.server.snapshot.auto.trigger.threshold = 10000 (custom)
2021-09-21 01:22:34,864 [pool-461-thread-1] INFO  server.RaftServerConfigKeys (ConfUtils.java:logGet(44)) - raft.server.snapshot.retention.file.num = 5 (custom)
2021-09-21 01:22:34,864 [pool-461-thread-1] INFO  server.RaftServerConfigKeys (ConfUtils.java:logGet(44)) - raft.server.log.purge.upto.snapshot.index = false (default)
2021-09-21 01:22:34,865 [pool-461-thread-1] INFO  server.RaftServerConfigKeys (ConfUtils.java:logGet(44)) - raft.server.retrycache.expirytime = 600000ms (custom)
2021-09-21 01:22:34,865 [pool-461-thread-1] INFO  server.RaftServerConfigKeys (ConfUtils.java:logGet(44)) - raft.server.retrycache.statistics.expirytime = 100μs (default)
2021-09-21 01:22:34,866 [pool-461-thread-1] INFO  server.RaftServer$Division (RaftServerImpl.java:start(296)) - ad039a86-d7f3-42ea-bec3-b4149bcaa887@group-C274E472E363: start as a follower, conf=-1: [77eebb93-8ed1-4443-8476-48726f7e27c1|rpc:10.1.0.51:40681|dataStream:|priority:1, 7102e10f-7baf-40d1-a733-c49484cac6b4|rpc:10.1.0.51:44475|dataStream:|priority:0, ad039a86-d7f3-42ea-bec3-b4149bcaa887|rpc:10.1.0.51:35567|dataStream:|priority:0], old=null
2021-09-21 01:22:34,866 [pool-461-thread-1] INFO  server.RaftServer$Division (RaftServerImpl.java:setRole(285)) - ad039a86-d7f3-42ea-bec3-b4149bcaa887@group-C274E472E363: changes role from      null to FOLLOWER at term 0 for startAsFollower
2021-09-21 01:22:34,866 [pool-461-thread-1] INFO  impl.RoleInfo (RoleInfo.java:updateAndGet(130)) - ad039a86-d7f3-42ea-bec3-b4149bcaa887: start ad039a86-d7f3-42ea-bec3-b4149bcaa887@group-C274E472E363-FollowerState
2021-09-21 01:22:34,867 [pool-461-thread-1] INFO  util.JmxRegister (JmxRegister.java:tryRegister(44)) - Successfully registered JMX Bean with object name Ratis:service=RaftServer,group=group-C274E472E363,id=ad039a86-d7f3-42ea-bec3-b4149bcaa887
2021-09-21 01:22:34,883 [Command processor thread] INFO  commandhandler.CreatePipelineCommandHandler (CreatePipelineCommandHandler.java:handle(106)) - Created Pipeline RATIS THREE PipelineID=8b3e04da-d438-42db-a76b-c274e472e363.
2021-09-21 01:22:34,907 [Command processor thread] INFO  server.RaftServer (RaftServerProxy.java:addNew(95)) - 77eebb93-8ed1-4443-8476-48726f7e27c1: addNew group-C51B0FAD2543:[77eebb93-8ed1-4443-8476-48726f7e27c1|rpc:10.1.0.51:40681|priority:1] returns group-C51B0FAD2543:java.util.concurrent.CompletableFuture@4a9deb1b[Not completed]
2021-09-21 01:22:34,908 [pool-442-thread-1] INFO  server.RaftServer$Division (RaftServerImpl.java:<init>(181)) - 77eebb93-8ed1-4443-8476-48726f7e27c1: new RaftServerImpl for group-C51B0FAD2543:[77eebb93-8ed1-4443-8476-48726f7e27c1|rpc:10.1.0.51:40681|priority:1] with ContainerStateMachine:uninitialized
2021-09-21 01:22:34,908 [pool-442-thread-1] INFO  server.RaftServerConfigKeys (ConfUtils.java:logGet(44)) - raft.server.rpc.timeout.min = 5s (custom)
2021-09-21 01:22:34,908 [pool-442-thread-1] INFO  server.RaftServerConfigKeys (ConfUtils.java:logGet(44)) - raft.server.rpc.timeout.max = 5200ms (custom)
2021-09-21 01:22:34,909 [pool-442-thread-1] INFO  server.RaftServerConfigKeys (ConfUtils.java:logGet(44)) - raft.server.rpc.sleep.time = 25ms (default)
2021-09-21 01:22:34,909 [pool-442-thread-1] INFO  server.RaftServerConfigKeys (ConfUtils.java:logGet(44)) - raft.server.rpc.slowness.timeout = 300000ms (custom)
2021-09-21 01:22:34,909 [pool-442-thread-1] INFO  server.RaftServerConfigKeys (ConfUtils.java:logGet(44)) - raft.server.leaderelection.leader.step-down.wait-time = 10s (default)
2021-09-21 01:22:34,909 [pool-442-thread-1] INFO  server.RaftServerConfigKeys (ConfUtils.java:logGet(44)) - raft.server.sleep.deviation.threshold = 300ms (default)
2021-09-21 01:22:34,909 [pool-442-thread-1] INFO  server.RaftServerConfigKeys (ConfUtils.java:logGet(44)) - raft.server.log.appender.install.snapshot.enabled = false (custom)
2021-09-21 01:22:34,909 [pool-442-thread-1] INFO  server.RaftServer$Division (ServerState.java:<init>(105)) - 77eebb93-8ed1-4443-8476-48726f7e27c1@group-C51B0FAD2543: ConfigurationManager, init=-1: [77eebb93-8ed1-4443-8476-48726f7e27c1|rpc:10.1.0.51:40681|priority:1], old=null, confs=<EMPTY_MAP>
2021-09-21 01:22:34,909 [pool-442-thread-1] INFO  server.RaftServerConfigKeys (ConfUtils.java:logGet(44)) - raft.server.storage.dir = [/home/runner/work/ozone/ozone/hadoop-ozone/integration-test/target/test-dir/MiniOzoneClusterImpl-7349e056-7b32-48d8-92e4-5182ee86217f/datanode-7/data/ratis] (custom)
2021-09-21 01:22:34,909 [pool-442-thread-1] INFO  server.RaftServerConfigKeys (ConfUtils.java:logGet(44)) - raft.server.log.corruption.policy = EXCEPTION (default)
2021-09-21 01:22:34,909 [pool-442-thread-1] INFO  server.RaftServerConfigKeys (ConfUtils.java:logGet(44)) - raft.server.storage.free-space.min = 0MB (=0) (default)
2021-09-21 01:22:34,909 [pool-442-thread-1] INFO  storage.RaftStorageDirectory (RaftStorageDirectoryImpl.java:analyzeStorage(135)) - The storage directory /home/runner/work/ozone/ozone/hadoop-ozone/integration-test/target/test-dir/MiniOzoneClusterImpl-7349e056-7b32-48d8-92e4-5182ee86217f/datanode-7/data/ratis/1002f7cb-4a07-4e60-8e7f-c51b0fad2543 does not exist. Creating ...
2021-09-21 01:22:34,911 [pool-442-thread-1] INFO  storage.RaftStorageDirectory (RaftStorageDirectoryImpl.java:tryLock(230)) - Lock on /home/runner/work/ozone/ozone/hadoop-ozone/integration-test/target/test-dir/MiniOzoneClusterImpl-7349e056-7b32-48d8-92e4-5182ee86217f/datanode-7/data/ratis/1002f7cb-4a07-4e60-8e7f-c51b0fad2543/in_use.lock acquired by nodename 2684@fv-az122-453
2021-09-21 01:22:34,912 [pool-442-thread-1] INFO  storage.RaftStorage (RaftStorageImpl.java:format(89)) - Storage directory /home/runner/work/ozone/ozone/hadoop-ozone/integration-test/target/test-dir/MiniOzoneClusterImpl-7349e056-7b32-48d8-92e4-5182ee86217f/datanode-7/data/ratis/1002f7cb-4a07-4e60-8e7f-c51b0fad2543 has been successfully formatted.
2021-09-21 01:22:34,912 [pool-442-thread-1] INFO  ratis.ContainerStateMachine (ContainerStateMachine.java:loadSnapshot(224)) - group-C51B0FAD2543: The snapshot info is null. Setting the last applied indexto:(t:0, i:~)
2021-09-21 01:22:34,912 [Datanode State Machine Thread - 0] WARN  statemachine.StateContext (StateContext.java:execute(621)) - No available thread in pool for past 1 seconds.
2021-09-21 01:22:34,912 [pool-442-thread-1] INFO  server.RaftServerConfigKeys (ConfUtils.java:logGet(44)) - raft.server.notification.no-leader.timeout = 300000ms (custom)
2021-09-21 01:22:34,912 [pool-442-thread-1] INFO  server.RaftServerConfigKeys (ConfUtils.java:logGet(44)) - raft.server.log.use.memory = false (default)
2021-09-21 01:22:34,913 [pool-442-thread-1] INFO  server.RaftServerConfigKeys (ConfUtils.java:logGet(44)) - raft.server.log.purge.gap = 1000000 (custom)
2021-09-21 01:22:34,913 [pool-442-thread-1] INFO  server.RaftServerConfigKeys (ConfUtils.java:logGet(44)) - raft.server.log.appender.buffer.byte-limit = 33554432 (custom)
2021-09-21 01:22:34,913 [pool-442-thread-1] INFO  server.RaftServerConfigKeys (ConfUtils.java:logGet(44)) - raft.server.log.segment.size.max = 1048576 (custom)
2021-09-21 01:22:34,913 [pool-442-thread-1] INFO  server.RaftServerConfigKeys (ConfUtils.java:logGet(44)) - raft.server.log.segment.cache.num.max = 2 (custom)
2021-09-21 01:22:34,913 [pool-442-thread-1] INFO  server.RaftServerConfigKeys (ConfUtils.java:logGet(44)) - raft.server.log.segment.cache.size.max = 200MB (=209715200) (default)
2021-09-21 01:22:34,914 [pool-442-thread-1] INFO  segmented.SegmentedRaftLogWorker (SegmentedRaftLogWorker.java:<init>(182)) - new 77eebb93-8ed1-4443-8476-48726f7e27c1@group-C51B0FAD2543-SegmentedRaftLogWorker for RaftStorageImpl:Storage Directory /home/runner/work/ozone/ozone/hadoop-ozone/integration-test/target/test-dir/MiniOzoneClusterImpl-7349e056-7b32-48d8-92e4-5182ee86217f/datanode-7/data/ratis/1002f7cb-4a07-4e60-8e7f-c51b0fad2543
2021-09-21 01:22:34,914 [pool-442-thread-1] INFO  server.RaftServerConfigKeys (ConfUtils.java:logGet(44)) - raft.server.log.queue.byte-limit = 2147483647 (custom)
2021-09-21 01:22:34,914 [pool-442-thread-1] INFO  server.RaftServerConfigKeys (ConfUtils.java:logGet(44)) - raft.server.log.queue.element-limit = 1024 (custom)
2021-09-21 01:22:34,914 [pool-442-thread-1] INFO  server.RaftServerConfigKeys (ConfUtils.java:logGet(44)) - raft.server.log.segment.size.max = 1048576 (custom)
2021-09-21 01:22:34,914 [pool-442-thread-1] INFO  server.RaftServerConfigKeys (ConfUtils.java:logGet(44)) - raft.server.log.preallocated.size = 16384 (custom)
2021-09-21 01:22:34,914 [pool-442-thread-1] INFO  server.RaftServerConfigKeys (ConfUtils.java:logGet(44)) - raft.server.log.force.sync.num = 128 (default)
2021-09-21 01:22:34,914 [pool-442-thread-1] INFO  server.RaftServerConfigKeys (ConfUtils.java:logGet(44)) - raft.server.log.statemachine.data.sync = true (default)
2021-09-21 01:22:34,914 [pool-442-thread-1] INFO  server.RaftServerConfigKeys (ConfUtils.java:logGet(44)) - raft.server.log.statemachine.data.sync.timeout = 10s (default)
2021-09-21 01:22:34,914 [pool-442-thread-1] INFO  server.RaftServerConfigKeys (ConfUtils.java:logGet(44)) - raft.server.log.statemachine.data.sync.timeout.retry = -1 (default)
2021-09-21 01:22:34,915 [pool-442-thread-1] INFO  server.RaftServerConfigKeys (ConfUtils.java:logGet(44)) - raft.server.log.write.buffer.size = 1048576 (custom)
2021-09-21 01:22:34,916 [EventQueue-PipelineReportForPipelineReportHandler] INFO  pipeline.PipelineManagerImpl (PipelineManagerImpl.java:openPipeline(282)) - Pipeline Pipeline[ Id: 1002f7cb-4a07-4e60-8e7f-c51b0fad2543, Nodes: 77eebb93-8ed1-4443-8476-48726f7e27c1{ip: 10.1.0.51, host: fv-az122-453.zf1tlrj3kn4expqppa1j4mpycf.xx.internal.cloudapp.net, ports: [REPLICATION=37249, RATIS=40681, RATIS_ADMIN=40681, RATIS_SERVER=40681, STANDALONE=33209], networkLocation: /default-rack, certSerialId: null, persistedOpState: IN_SERVICE, persistedOpStateExpiryEpochSec: 0}, ReplicationConfig: RATIS/ONE, State:ALLOCATED, leaderId:77eebb93-8ed1-4443-8476-48726f7e27c1, CreationTimestamp2021-09-21T01:22:31.913Z[Etc/UTC]] moved to OPEN state
2021-09-21 01:22:34,916 [pool-442-thread-1] INFO  server.RaftServerConfigKeys (ConfUtils.java:logGet(44)) - raft.server.log.statemachine.data.caching.enabled = true (custom)
2021-09-21 01:22:34,916 [pool-442-thread-1] INFO  segmented.SegmentedRaftLogWorker (SegmentedRaftLogWorker.java:lambda$new$0(133)) - 77eebb93-8ed1-4443-8476-48726f7e27c1@group-C51B0FAD2543-SegmentedRaftLogWorker: flushIndex: setUnconditionally 0 -> -1
2021-09-21 01:22:34,916 [pool-442-thread-1] INFO  segmented.SegmentedRaftLogWorker (SegmentedRaftLogWorker.java:lambda$new$0(133)) - 77eebb93-8ed1-4443-8476-48726f7e27c1@group-C51B0FAD2543-SegmentedRaftLogWorker: safeCacheEvictIndex: setUnconditionally 0 -> -1
2021-09-21 01:22:34,916 [EventQueue-OpenPipelineForHealthyPipelineSafeModeRule] INFO  safemode.SCMSafeModeManager (HealthyPipelineSafeModeRule.java:process(124)) - SCM in safe mode. Healthy pipelines reported count is 0, required healthy pipeline reported count is 1
2021-09-21 01:22:34,918 [pool-442-thread-1] INFO  server.RaftServerConfigKeys (ConfUtils.java:logGet(44)) - raft.server.snapshot.auto.trigger.enabled = true (custom)
2021-09-21 01:22:34,918 [pool-442-thread-1] INFO  server.RaftServerConfigKeys (ConfUtils.java:logGet(44)) - raft.server.snapshot.auto.trigger.threshold = 10000 (custom)
2021-09-21 01:22:34,918 [pool-442-thread-1] INFO  server.RaftServerConfigKeys (ConfUtils.java:logGet(44)) - raft.server.snapshot.retention.file.num = 5 (custom)
2021-09-21 01:22:34,918 [pool-442-thread-1] INFO  server.RaftServerConfigKeys (ConfUtils.java:logGet(44)) - raft.server.log.purge.upto.snapshot.index = false (default)
2021-09-21 01:22:34,918 [pool-442-thread-1] INFO  server.RaftServerConfigKeys (ConfUtils.java:logGet(44)) - raft.server.retrycache.expirytime = 600000ms (custom)
2021-09-21 01:22:34,918 [pool-442-thread-1] INFO  server.RaftServerConfigKeys (ConfUtils.java:logGet(44)) - raft.server.retrycache.statistics.expirytime = 100μs (default)
2021-09-21 01:22:34,921 [pool-442-thread-1] INFO  server.RaftServer$Division (RaftServerImpl.java:start(296)) - 77eebb93-8ed1-4443-8476-48726f7e27c1@group-C51B0FAD2543: start as a follower, conf=-1: [77eebb93-8ed1-4443-8476-48726f7e27c1|rpc:10.1.0.51:40681|priority:1], old=null
2021-09-21 01:22:34,921 [pool-442-thread-1] INFO  server.RaftServer$Division (RaftServerImpl.java:setRole(285)) - 77eebb93-8ed1-4443-8476-48726f7e27c1@group-C51B0FAD2543: changes role from      null to FOLLOWER at term 0 for startAsFollower
2021-09-21 01:22:34,921 [pool-442-thread-1] INFO  impl.RoleInfo (RoleInfo.java:updateAndGet(130)) - 77eebb93-8ed1-4443-8476-48726f7e27c1: start 77eebb93-8ed1-4443-8476-48726f7e27c1@group-C51B0FAD2543-FollowerState
2021-09-21 01:22:34,934 [pool-442-thread-1] INFO  util.JmxRegister (JmxRegister.java:tryRegister(44)) - Successfully registered JMX Bean with object name Ratis:service=RaftServer,group=group-C51B0FAD2543,id=77eebb93-8ed1-4443-8476-48726f7e27c1
2021-09-21 01:22:34,939 [Command processor thread] INFO  ratis.XceiverServerRatis (XceiverServerRatis.java:addGroup(762)) - Created group PipelineID=1002f7cb-4a07-4e60-8e7f-c51b0fad2543
2021-09-21 01:22:34,939 [Command processor thread] INFO  commandhandler.CreatePipelineCommandHandler (CreatePipelineCommandHandler.java:handle(106)) - Created Pipeline RATIS ONE PipelineID=1002f7cb-4a07-4e60-8e7f-c51b0fad2543.
2021-09-21 01:22:35,337 [Listener at 127.0.0.1/33583] INFO  ozone.MiniOzoneClusterImpl (MiniOzoneClusterImpl.java:lambda$waitForClusterToBeReady$0(235)) - Nodes are ready. Got 9 of 9 DN Heartbeats.
2021-09-21 01:22:35,337 [Listener at 127.0.0.1/33583] INFO  ozone.MiniOzoneClusterImpl (MiniOzoneClusterImpl.java:lambda$waitForClusterToBeReady$0(238)) - Waiting for cluster to exit safe mode
2021-09-21 01:22:35,337 [Listener at 127.0.0.1/33583] INFO  ozone.MiniOzoneClusterImpl (MiniOzoneClusterImpl.java:lambda$waitForClusterToBeReady$0(240)) - SCM became leader
2021-09-21 01:22:35,369 [Command processor thread] INFO  server.RaftServer (RaftServerProxy.java:addNew(95)) - ad039a86-d7f3-42ea-bec3-b4149bcaa887: addNew group-79F07020D29C:[ad039a86-d7f3-42ea-bec3-b4149bcaa887|rpc:10.1.0.51:35567|priority:1] returns group-79F07020D29C:java.util.concurrent.CompletableFuture@333955fd[Not completed]
2021-09-21 01:22:35,369 [pool-461-thread-1] INFO  server.RaftServer$Division (RaftServerImpl.java:<init>(181)) - ad039a86-d7f3-42ea-bec3-b4149bcaa887: new RaftServerImpl for group-79F07020D29C:[ad039a86-d7f3-42ea-bec3-b4149bcaa887|rpc:10.1.0.51:35567|priority:1] with ContainerStateMachine:uninitialized
2021-09-21 01:22:35,370 [pool-461-thread-1] INFO  server.RaftServerConfigKeys (ConfUtils.java:logGet(44)) - raft.server.rpc.timeout.min = 5s (custom)
2021-09-21 01:22:35,370 [pool-461-thread-1] INFO  server.RaftServerConfigKeys (ConfUtils.java:logGet(44)) - raft.server.rpc.timeout.max = 5200ms (custom)
2021-09-21 01:22:35,370 [pool-461-thread-1] INFO  server.RaftServerConfigKeys (ConfUtils.java:logGet(44)) - raft.server.rpc.sleep.time = 25ms (default)
2021-09-21 01:22:35,370 [pool-461-thread-1] INFO  server.RaftServerConfigKeys (ConfUtils.java:logGet(44)) - raft.server.rpc.slowness.timeout = 300000ms (custom)
2021-09-21 01:22:35,370 [pool-461-thread-1] INFO  server.RaftServerConfigKeys (ConfUtils.java:logGet(44)) - raft.server.leaderelection.leader.step-down.wait-time = 10s (default)
2021-09-21 01:22:35,370 [pool-461-thread-1] INFO  server.RaftServerConfigKeys (ConfUtils.java:logGet(44)) - raft.server.sleep.deviation.threshold = 300ms (default)
2021-09-21 01:22:35,370 [pool-461-thread-1] INFO  server.RaftServerConfigKeys (ConfUtils.java:logGet(44)) - raft.server.log.appender.install.snapshot.enabled = false (custom)
2021-09-21 01:22:35,370 [pool-461-thread-1] INFO  server.RaftServer$Division (ServerState.java:<init>(105)) - ad039a86-d7f3-42ea-bec3-b4149bcaa887@group-79F07020D29C: ConfigurationManager, init=-1: [ad039a86-d7f3-42ea-bec3-b4149bcaa887|rpc:10.1.0.51:35567|priority:1], old=null, confs=<EMPTY_MAP>
2021-09-21 01:22:35,370 [pool-461-thread-1] INFO  server.RaftServerConfigKeys (ConfUtils.java:logGet(44)) - raft.server.storage.dir = [/home/runner/work/ozone/ozone/hadoop-ozone/integration-test/target/test-dir/MiniOzoneClusterImpl-7349e056-7b32-48d8-92e4-5182ee86217f/datanode-8/data/ratis] (custom)
2021-09-21 01:22:35,370 [pool-461-thread-1] INFO  server.RaftServerConfigKeys (ConfUtils.java:logGet(44)) - raft.server.log.corruption.policy = EXCEPTION (default)
2021-09-21 01:22:35,370 [pool-461-thread-1] INFO  server.RaftServerConfigKeys (ConfUtils.java:logGet(44)) - raft.server.storage.free-space.min = 0MB (=0) (default)
2021-09-21 01:22:35,371 [pool-461-thread-1] INFO  storage.RaftStorageDirectory (RaftStorageDirectoryImpl.java:analyzeStorage(135)) - The storage directory /home/runner/work/ozone/ozone/hadoop-ozone/integration-test/target/test-dir/MiniOzoneClusterImpl-7349e056-7b32-48d8-92e4-5182ee86217f/datanode-8/data/ratis/b5a081e7-2626-4002-956a-79f07020d29c does not exist. Creating ...
2021-09-21 01:22:35,374 [pool-461-thread-1] INFO  storage.RaftStorageDirectory (RaftStorageDirectoryImpl.java:tryLock(230)) - Lock on /home/runner/work/ozone/ozone/hadoop-ozone/integration-test/target/test-dir/MiniOzoneClusterImpl-7349e056-7b32-48d8-92e4-5182ee86217f/datanode-8/data/ratis/b5a081e7-2626-4002-956a-79f07020d29c/in_use.lock acquired by nodename 2684@fv-az122-453
2021-09-21 01:22:35,376 [pool-461-thread-1] INFO  storage.RaftStorage (RaftStorageImpl.java:format(89)) - Storage directory /home/runner/work/ozone/ozone/hadoop-ozone/integration-test/target/test-dir/MiniOzoneClusterImpl-7349e056-7b32-48d8-92e4-5182ee86217f/datanode-8/data/ratis/b5a081e7-2626-4002-956a-79f07020d29c has been successfully formatted.
2021-09-21 01:22:35,376 [pool-461-thread-1] INFO  ratis.ContainerStateMachine (ContainerStateMachine.java:loadSnapshot(224)) - group-79F07020D29C: The snapshot info is null. Setting the last applied indexto:(t:0, i:~)
2021-09-21 01:22:35,376 [Datanode State Machine Thread - 0] WARN  statemachine.StateContext (StateContext.java:execute(621)) - No available thread in pool for past 1 seconds.
2021-09-21 01:22:35,376 [pool-461-thread-1] INFO  server.RaftServerConfigKeys (ConfUtils.java:logGet(44)) - raft.server.notification.no-leader.timeout = 300000ms (custom)
2021-09-21 01:22:35,376 [pool-461-thread-1] INFO  server.RaftServerConfigKeys (ConfUtils.java:logGet(44)) - raft.server.log.use.memory = false (default)
2021-09-21 01:22:35,376 [pool-461-thread-1] INFO  server.RaftServerConfigKeys (ConfUtils.java:logGet(44)) - raft.server.log.purge.gap = 1000000 (custom)
2021-09-21 01:22:35,376 [pool-461-thread-1] INFO  server.RaftServerConfigKeys (ConfUtils.java:logGet(44)) - raft.server.log.appender.buffer.byte-limit = 33554432 (custom)
2021-09-21 01:22:35,377 [EventQueue-PipelineReportForPipelineReportHandler] INFO  pipeline.PipelineManagerImpl (PipelineManagerImpl.java:openPipeline(282)) - Pipeline Pipeline[ Id: b5a081e7-2626-4002-956a-79f07020d29c, Nodes: ad039a86-d7f3-42ea-bec3-b4149bcaa887{ip: 10.1.0.51, host: fv-az122-453.zf1tlrj3kn4expqppa1j4mpycf.xx.internal.cloudapp.net, ports: [REPLICATION=38253, RATIS=35567, RATIS_ADMIN=35567, RATIS_SERVER=35567, STANDALONE=39945], networkLocation: /default-rack, certSerialId: null, persistedOpState: IN_SERVICE, persistedOpStateExpiryEpochSec: 0}, ReplicationConfig: RATIS/ONE, State:ALLOCATED, leaderId:ad039a86-d7f3-42ea-bec3-b4149bcaa887, CreationTimestamp2021-09-21T01:22:32.370Z[Etc/UTC]] moved to OPEN state
2021-09-21 01:22:35,378 [EventQueue-OpenPipelineForHealthyPipelineSafeModeRule] INFO  safemode.SCMSafeModeManager (HealthyPipelineSafeModeRule.java:process(124)) - SCM in safe mode. Healthy pipelines reported count is 0, required healthy pipeline reported count is 1
2021-09-21 01:22:35,378 [pool-461-thread-1] INFO  server.RaftServerConfigKeys (ConfUtils.java:logGet(44)) - raft.server.log.segment.size.max = 1048576 (custom)
2021-09-21 01:22:35,378 [pool-461-thread-1] INFO  server.RaftServerConfigKeys (ConfUtils.java:logGet(44)) - raft.server.log.segment.cache.num.max = 2 (custom)
2021-09-21 01:22:35,378 [pool-461-thread-1] INFO  server.RaftServerConfigKeys (ConfUtils.java:logGet(44)) - raft.server.log.segment.cache.size.max = 200MB (=209715200) (default)
2021-09-21 01:22:35,378 [pool-461-thread-1] INFO  segmented.SegmentedRaftLogWorker (SegmentedRaftLogWorker.java:<init>(182)) - new ad039a86-d7f3-42ea-bec3-b4149bcaa887@group-79F07020D29C-SegmentedRaftLogWorker for RaftStorageImpl:Storage Directory /home/runner/work/ozone/ozone/hadoop-ozone/integration-test/target/test-dir/MiniOzoneClusterImpl-7349e056-7b32-48d8-92e4-5182ee86217f/datanode-8/data/ratis/b5a081e7-2626-4002-956a-79f07020d29c
2021-09-21 01:22:35,379 [pool-461-thread-1] INFO  server.RaftServerConfigKeys (ConfUtils.java:logGet(44)) - raft.server.log.queue.byte-limit = 2147483647 (custom)
2021-09-21 01:22:35,379 [pool-461-thread-1] INFO  server.RaftServerConfigKeys (ConfUtils.java:logGet(44)) - raft.server.log.queue.element-limit = 1024 (custom)
2021-09-21 01:22:35,379 [pool-461-thread-1] INFO  server.RaftServerConfigKeys (ConfUtils.java:logGet(44)) - raft.server.log.segment.size.max = 1048576 (custom)
2021-09-21 01:22:35,379 [pool-461-thread-1] INFO  server.RaftServerConfigKeys (ConfUtils.java:logGet(44)) - raft.server.log.preallocated.size = 16384 (custom)
2021-09-21 01:22:35,379 [pool-461-thread-1] INFO  server.RaftServerConfigKeys (ConfUtils.java:logGet(44)) - raft.server.log.force.sync.num = 128 (default)
2021-09-21 01:22:35,379 [pool-461-thread-1] INFO  server.RaftServerConfigKeys (ConfUtils.java:logGet(44)) - raft.server.log.statemachine.data.sync = true (default)
2021-09-21 01:22:35,379 [pool-461-thread-1] INFO  server.RaftServerConfigKeys (ConfUtils.java:logGet(44)) - raft.server.log.statemachine.data.sync.timeout = 10s (default)
2021-09-21 01:22:35,380 [pool-461-thread-1] INFO  server.RaftServerConfigKeys (ConfUtils.java:logGet(44)) - raft.server.log.statemachine.data.sync.timeout.retry = -1 (default)
2021-09-21 01:22:35,381 [pool-461-thread-1] INFO  server.RaftServerConfigKeys (ConfUtils.java:logGet(44)) - raft.server.log.write.buffer.size = 1048576 (custom)
2021-09-21 01:22:35,382 [pool-461-thread-1] INFO  server.RaftServerConfigKeys (ConfUtils.java:logGet(44)) - raft.server.log.statemachine.data.caching.enabled = true (custom)
2021-09-21 01:22:35,382 [pool-461-thread-1] INFO  segmented.SegmentedRaftLogWorker (SegmentedRaftLogWorker.java:lambda$new$0(133)) - ad039a86-d7f3-42ea-bec3-b4149bcaa887@group-79F07020D29C-SegmentedRaftLogWorker: flushIndex: setUnconditionally 0 -> -1
2021-09-21 01:22:35,383 [pool-461-thread-1] INFO  segmented.SegmentedRaftLogWorker (SegmentedRaftLogWorker.java:lambda$new$0(133)) - ad039a86-d7f3-42ea-bec3-b4149bcaa887@group-79F07020D29C-SegmentedRaftLogWorker: safeCacheEvictIndex: setUnconditionally 0 -> -1
2021-09-21 01:22:35,383 [pool-461-thread-1] INFO  server.RaftServerConfigKeys (ConfUtils.java:logGet(44)) - raft.server.snapshot.auto.trigger.enabled = true (custom)
2021-09-21 01:22:35,383 [pool-461-thread-1] INFO  server.RaftServerConfigKeys (ConfUtils.java:logGet(44)) - raft.server.snapshot.auto.trigger.threshold = 10000 (custom)
2021-09-21 01:22:35,383 [pool-461-thread-1] INFO  server.RaftServerConfigKeys (ConfUtils.java:logGet(44)) - raft.server.snapshot.retention.file.num = 5 (custom)
2021-09-21 01:22:35,383 [pool-461-thread-1] INFO  server.RaftServerConfigKeys (ConfUtils.java:logGet(44)) - raft.server.log.purge.upto.snapshot.index = false (default)
2021-09-21 01:22:35,383 [pool-461-thread-1] INFO  server.RaftServerConfigKeys (ConfUtils.java:logGet(44)) - raft.server.retrycache.expirytime = 600000ms (custom)
2021-09-21 01:22:35,383 [pool-461-thread-1] INFO  server.RaftServerConfigKeys (ConfUtils.java:logGet(44)) - raft.server.retrycache.statistics.expirytime = 100μs (default)
2021-09-21 01:22:35,384 [pool-461-thread-1] INFO  server.RaftServer$Division (RaftServerImpl.java:start(296)) - ad039a86-d7f3-42ea-bec3-b4149bcaa887@group-79F07020D29C: start as a follower, conf=-1: [ad039a86-d7f3-42ea-bec3-b4149bcaa887|rpc:10.1.0.51:35567|priority:1], old=null
2021-09-21 01:22:35,384 [pool-461-thread-1] INFO  server.RaftServer$Division (RaftServerImpl.java:setRole(285)) - ad039a86-d7f3-42ea-bec3-b4149bcaa887@group-79F07020D29C: changes role from      null to FOLLOWER at term 0 for startAsFollower
2021-09-21 01:22:35,385 [pool-461-thread-1] INFO  impl.RoleInfo (RoleInfo.java:updateAndGet(130)) - ad039a86-d7f3-42ea-bec3-b4149bcaa887: start ad039a86-d7f3-42ea-bec3-b4149bcaa887@group-79F07020D29C-FollowerState
2021-09-21 01:22:35,390 [pool-461-thread-1] INFO  util.JmxRegister (JmxRegister.java:tryRegister(44)) - Successfully registered JMX Bean with object name Ratis:service=RaftServer,group=group-79F07020D29C,id=ad039a86-d7f3-42ea-bec3-b4149bcaa887
2021-09-21 01:22:35,391 [Command processor thread] INFO  ratis.XceiverServerRatis (XceiverServerRatis.java:addGroup(762)) - Created group PipelineID=b5a081e7-2626-4002-956a-79f07020d29c
2021-09-21 01:22:35,391 [Command processor thread] INFO  commandhandler.CreatePipelineCommandHandler (CreatePipelineCommandHandler.java:handle(106)) - Created Pipeline RATIS ONE PipelineID=b5a081e7-2626-4002-956a-79f07020d29c.
2021-09-21 01:22:35,659 [c67ce9c0-0a3a-4be5-b90f-8c76fbba61ed@group-7739A0DA65BB-FollowerState] INFO  impl.FollowerState (FollowerState.java:run(134)) - c67ce9c0-0a3a-4be5-b90f-8c76fbba61ed@group-7739A0DA65BB-FollowerState: change to CANDIDATE, lastRpcElapsedTime:5068457437ns, electionTimeout:5061ms
2021-09-21 01:22:35,659 [c67ce9c0-0a3a-4be5-b90f-8c76fbba61ed@group-7739A0DA65BB-FollowerState] INFO  impl.RoleInfo (RoleInfo.java:shutdownFollowerState(108)) - c67ce9c0-0a3a-4be5-b90f-8c76fbba61ed: shutdown c67ce9c0-0a3a-4be5-b90f-8c76fbba61ed@group-7739A0DA65BB-FollowerState
2021-09-21 01:22:35,659 [c67ce9c0-0a3a-4be5-b90f-8c76fbba61ed@group-7739A0DA65BB-FollowerState] INFO  server.RaftServer$Division (RaftServerImpl.java:setRole(285)) - c67ce9c0-0a3a-4be5-b90f-8c76fbba61ed@group-7739A0DA65BB: changes role from  FOLLOWER to CANDIDATE at term 0 for changeToCandidate
2021-09-21 01:22:35,661 [c67ce9c0-0a3a-4be5-b90f-8c76fbba61ed@group-7739A0DA65BB-FollowerState] INFO  server.RaftServerConfigKeys (ConfUtils.java:logGet(44)) - raft.server.leaderelection.pre-vote = false (custom)
2021-09-21 01:22:35,661 [c67ce9c0-0a3a-4be5-b90f-8c76fbba61ed@group-7739A0DA65BB-FollowerState] INFO  impl.RoleInfo (RoleInfo.java:updateAndGet(130)) - c67ce9c0-0a3a-4be5-b90f-8c76fbba61ed: start c67ce9c0-0a3a-4be5-b90f-8c76fbba61ed@group-7739A0DA65BB-LeaderElection28
2021-09-21 01:22:35,680 [c67ce9c0-0a3a-4be5-b90f-8c76fbba61ed@group-7739A0DA65BB-LeaderElection28] INFO  impl.LeaderElection (LeaderElection.java:askForVotes(306)) - c67ce9c0-0a3a-4be5-b90f-8c76fbba61ed@group-7739A0DA65BB-LeaderElection28 ELECTION round 0: submit vote requests at term 1 for -1: [c67ce9c0-0a3a-4be5-b90f-8c76fbba61ed|rpc:10.1.0.51:43243|priority:0, be30f2b5-d5fc-49a0-9235-d4dd7ecd33b9|rpc:10.1.0.51:40839|priority:0, c886e095-44b5-4a75-a59b-9e8bd319d099|rpc:10.1.0.51:43537|priority:1], old=null
2021-09-21 01:22:35,709 [grpc-default-executor-3] INFO  server.RaftServer$Division (RaftServerImpl.java:requestVote(1043)) - be30f2b5-d5fc-49a0-9235-d4dd7ecd33b9@group-7739A0DA65BB: receive requestVote(ELECTION, c67ce9c0-0a3a-4be5-b90f-8c76fbba61ed, group-7739A0DA65BB, 1, (t:0, i:0))
2021-09-21 01:22:35,710 [grpc-default-executor-3] INFO  impl.VoteContext (VoteContext.java:log(48)) - be30f2b5-d5fc-49a0-9235-d4dd7ecd33b9@group-7739A0DA65BB-FOLLOWER: accept ELECTION from c67ce9c0-0a3a-4be5-b90f-8c76fbba61ed: our priority 0 <= candidate's priority 0
2021-09-21 01:22:35,710 [grpc-default-executor-3] INFO  server.RaftServer$Division (RaftServerImpl.java:setRole(285)) - be30f2b5-d5fc-49a0-9235-d4dd7ecd33b9@group-7739A0DA65BB: changes role from  FOLLOWER to FOLLOWER at term 1 for candidate:c67ce9c0-0a3a-4be5-b90f-8c76fbba61ed
2021-09-21 01:22:35,710 [grpc-default-executor-3] INFO  impl.RoleInfo (RoleInfo.java:shutdownFollowerState(108)) - be30f2b5-d5fc-49a0-9235-d4dd7ecd33b9: shutdown be30f2b5-d5fc-49a0-9235-d4dd7ecd33b9@group-7739A0DA65BB-FollowerState
2021-09-21 01:22:35,710 [grpc-default-executor-3] INFO  impl.RoleInfo (RoleInfo.java:updateAndGet(130)) - be30f2b5-d5fc-49a0-9235-d4dd7ecd33b9: start be30f2b5-d5fc-49a0-9235-d4dd7ecd33b9@group-7739A0DA65BB-FollowerState
2021-09-21 01:22:35,710 [be30f2b5-d5fc-49a0-9235-d4dd7ecd33b9@group-7739A0DA65BB-FollowerState] INFO  impl.FollowerState (FollowerState.java:run(143)) - be30f2b5-d5fc-49a0-9235-d4dd7ecd33b9@group-7739A0DA65BB-FollowerState was interrupted: {}
java.lang.InterruptedException: sleep interrupted
	at java.lang.Thread.sleep(Native Method)
	at java.lang.Thread.sleep(Thread.java:340)
	at java.util.concurrent.TimeUnit.sleep(TimeUnit.java:386)
	at org.apache.ratis.util.TimeDuration.sleep(TimeDuration.java:324)
	at org.apache.ratis.util.TimeDuration.sleep(TimeDuration.java:309)
	at org.apache.ratis.server.impl.FollowerState.run(FollowerState.java:118)
2021-09-21 01:22:35,730 [grpc-default-executor-0] INFO  server.RaftServer$Division (RaftServerImpl.java:requestVote(1043)) - c886e095-44b5-4a75-a59b-9e8bd319d099@group-7739A0DA65BB: receive requestVote(ELECTION, c67ce9c0-0a3a-4be5-b90f-8c76fbba61ed, group-7739A0DA65BB, 1, (t:0, i:0))
2021-09-21 01:22:35,730 [grpc-default-executor-0] INFO  impl.VoteContext (VoteContext.java:log(48)) - c886e095-44b5-4a75-a59b-9e8bd319d099@group-7739A0DA65BB-FOLLOWER: reject ELECTION from c67ce9c0-0a3a-4be5-b90f-8c76fbba61ed: our priority 1 > candidate's priority 0
2021-09-21 01:22:35,730 [grpc-default-executor-0] INFO  server.RaftServer$Division (RaftServerImpl.java:setRole(285)) - c886e095-44b5-4a75-a59b-9e8bd319d099@group-7739A0DA65BB: changes role from  FOLLOWER to FOLLOWER at term 1 for candidate:c67ce9c0-0a3a-4be5-b90f-8c76fbba61ed
2021-09-21 01:22:35,730 [grpc-default-executor-0] INFO  impl.RoleInfo (RoleInfo.java:shutdownFollowerState(108)) - c886e095-44b5-4a75-a59b-9e8bd319d099: shutdown c886e095-44b5-4a75-a59b-9e8bd319d099@group-7739A0DA65BB-FollowerState
2021-09-21 01:22:35,730 [grpc-default-executor-0] INFO  impl.RoleInfo (RoleInfo.java:updateAndGet(130)) - c886e095-44b5-4a75-a59b-9e8bd319d099: start c886e095-44b5-4a75-a59b-9e8bd319d099@group-7739A0DA65BB-FollowerState
2021-09-21 01:22:35,731 [c886e095-44b5-4a75-a59b-9e8bd319d099@group-7739A0DA65BB-FollowerState] INFO  impl.FollowerState (FollowerState.java:run(143)) - c886e095-44b5-4a75-a59b-9e8bd319d099@group-7739A0DA65BB-FollowerState was interrupted: {}
java.lang.InterruptedException: sleep interrupted
	at java.lang.Thread.sleep(Native Method)
	at java.lang.Thread.sleep(Thread.java:340)
	at java.util.concurrent.TimeUnit.sleep(TimeUnit.java:386)
	at org.apache.ratis.util.TimeDuration.sleep(TimeDuration.java:324)
	at org.apache.ratis.util.TimeDuration.sleep(TimeDuration.java:309)
	at org.apache.ratis.server.impl.FollowerState.run(FollowerState.java:118)
2021-09-21 01:22:35,738 [c67ce9c0-0a3a-4be5-b90f-8c76fbba61ed@group-4C2B2E51FDD8-FollowerState] INFO  impl.FollowerState (FollowerState.java:run(134)) - c67ce9c0-0a3a-4be5-b90f-8c76fbba61ed@group-4C2B2E51FDD8-FollowerState: change to CANDIDATE, lastRpcElapsedTime:5202846182ns, electionTimeout:5186ms
2021-09-21 01:22:35,738 [c67ce9c0-0a3a-4be5-b90f-8c76fbba61ed@group-4C2B2E51FDD8-FollowerState] INFO  impl.RoleInfo (RoleInfo.java:shutdownFollowerState(108)) - c67ce9c0-0a3a-4be5-b90f-8c76fbba61ed: shutdown c67ce9c0-0a3a-4be5-b90f-8c76fbba61ed@group-4C2B2E51FDD8-FollowerState
2021-09-21 01:22:35,738 [c67ce9c0-0a3a-4be5-b90f-8c76fbba61ed@group-4C2B2E51FDD8-FollowerState] INFO  server.RaftServer$Division (RaftServerImpl.java:setRole(285)) - c67ce9c0-0a3a-4be5-b90f-8c76fbba61ed@group-4C2B2E51FDD8: changes role from  FOLLOWER to CANDIDATE at term 0 for changeToCandidate
2021-09-21 01:22:35,739 [c67ce9c0-0a3a-4be5-b90f-8c76fbba61ed@group-4C2B2E51FDD8-FollowerState] INFO  server.RaftServerConfigKeys (ConfUtils.java:logGet(44)) - raft.server.leaderelection.pre-vote = false (custom)
2021-09-21 01:22:35,739 [c67ce9c0-0a3a-4be5-b90f-8c76fbba61ed@group-4C2B2E51FDD8-FollowerState] INFO  impl.RoleInfo (RoleInfo.java:updateAndGet(130)) - c67ce9c0-0a3a-4be5-b90f-8c76fbba61ed: start c67ce9c0-0a3a-4be5-b90f-8c76fbba61ed@group-4C2B2E51FDD8-LeaderElection29
2021-09-21 01:22:35,739 [grpc-default-executor-0] INFO  server.RaftServer$Division (RaftServerImpl.java:requestVote(1075)) - c886e095-44b5-4a75-a59b-9e8bd319d099@group-7739A0DA65BB replies to ELECTION vote request: c67ce9c0-0a3a-4be5-b90f-8c76fbba61ed<-c886e095-44b5-4a75-a59b-9e8bd319d099#0:FAIL-t1. Peer's state: c886e095-44b5-4a75-a59b-9e8bd319d099@group-7739A0DA65BB:t1, leader=null, voted=null, raftlog=c886e095-44b5-4a75-a59b-9e8bd319d099@group-7739A0DA65BB-SegmentedRaftLog:OPENED:c-1,f-1,i0, conf=-1: [c67ce9c0-0a3a-4be5-b90f-8c76fbba61ed|rpc:10.1.0.51:43243|dataStream:|priority:0, be30f2b5-d5fc-49a0-9235-d4dd7ecd33b9|rpc:10.1.0.51:40839|dataStream:|priority:0, c886e095-44b5-4a75-a59b-9e8bd319d099|rpc:10.1.0.51:43537|dataStream:|priority:1], old=null
2021-09-21 01:22:35,751 [grpc-default-executor-3] INFO  server.RaftServer$Division (RaftServerImpl.java:requestVote(1075)) - be30f2b5-d5fc-49a0-9235-d4dd7ecd33b9@group-7739A0DA65BB replies to ELECTION vote request: c67ce9c0-0a3a-4be5-b90f-8c76fbba61ed<-be30f2b5-d5fc-49a0-9235-d4dd7ecd33b9#0:OK-t1. Peer's state: be30f2b5-d5fc-49a0-9235-d4dd7ecd33b9@group-7739A0DA65BB:t1, leader=null, voted=c67ce9c0-0a3a-4be5-b90f-8c76fbba61ed, raftlog=be30f2b5-d5fc-49a0-9235-d4dd7ecd33b9@group-7739A0DA65BB-SegmentedRaftLog:OPENED:c-1,f-1,i0, conf=-1: [c67ce9c0-0a3a-4be5-b90f-8c76fbba61ed|rpc:10.1.0.51:43243|dataStream:|priority:0, be30f2b5-d5fc-49a0-9235-d4dd7ecd33b9|rpc:10.1.0.51:40839|dataStream:|priority:0, c886e095-44b5-4a75-a59b-9e8bd319d099|rpc:10.1.0.51:43537|dataStream:|priority:1], old=null
2021-09-21 01:22:35,754 [c67ce9c0-0a3a-4be5-b90f-8c76fbba61ed@group-7739A0DA65BB-LeaderElection28] INFO  impl.LeaderElection (LeaderElection.java:logAndReturn(89)) - c67ce9c0-0a3a-4be5-b90f-8c76fbba61ed@group-7739A0DA65BB-LeaderElection28: ELECTION REJECTED received 1 response(s) and 0 exception(s):
2021-09-21 01:22:35,754 [c67ce9c0-0a3a-4be5-b90f-8c76fbba61ed@group-7739A0DA65BB-LeaderElection28] INFO  impl.LeaderElection (LeaderElection.java:logAndReturn(93)) -   Response 0: c67ce9c0-0a3a-4be5-b90f-8c76fbba61ed<-c886e095-44b5-4a75-a59b-9e8bd319d099#0:FAIL-t1
2021-09-21 01:22:35,754 [c67ce9c0-0a3a-4be5-b90f-8c76fbba61ed@group-7739A0DA65BB-LeaderElection28] INFO  impl.LeaderElection (LeaderElection.java:askForVotes(308)) - c67ce9c0-0a3a-4be5-b90f-8c76fbba61ed@group-7739A0DA65BB-LeaderElection28 ELECTION round 0: result REJECTED
2021-09-21 01:22:35,754 [c67ce9c0-0a3a-4be5-b90f-8c76fbba61ed@group-7739A0DA65BB-LeaderElection28] INFO  server.RaftServer$Division (RaftServerImpl.java:setRole(285)) - c67ce9c0-0a3a-4be5-b90f-8c76fbba61ed@group-7739A0DA65BB: changes role from CANDIDATE to FOLLOWER at term 1 for REJECTED
2021-09-21 01:22:35,754 [c67ce9c0-0a3a-4be5-b90f-8c76fbba61ed@group-7739A0DA65BB-LeaderElection28] INFO  impl.RoleInfo (RoleInfo.java:shutdownLeaderElection(121)) - c67ce9c0-0a3a-4be5-b90f-8c76fbba61ed: shutdown c67ce9c0-0a3a-4be5-b90f-8c76fbba61ed@group-7739A0DA65BB-LeaderElection28
2021-09-21 01:22:35,754 [c67ce9c0-0a3a-4be5-b90f-8c76fbba61ed@group-7739A0DA65BB-LeaderElection28] INFO  impl.RoleInfo (RoleInfo.java:updateAndGet(130)) - c67ce9c0-0a3a-4be5-b90f-8c76fbba61ed: start c67ce9c0-0a3a-4be5-b90f-8c76fbba61ed@group-7739A0DA65BB-FollowerState
2021-09-21 01:22:35,771 [c67ce9c0-0a3a-4be5-b90f-8c76fbba61ed@group-4C2B2E51FDD8-LeaderElection29] INFO  impl.LeaderElection (LeaderElection.java:askForVotes(306)) - c67ce9c0-0a3a-4be5-b90f-8c76fbba61ed@group-4C2B2E51FDD8-LeaderElection29 ELECTION round 0: submit vote requests at term 1 for -1: [c67ce9c0-0a3a-4be5-b90f-8c76fbba61ed|rpc:10.1.0.51:43243|priority:1], old=null
2021-09-21 01:22:35,771 [c67ce9c0-0a3a-4be5-b90f-8c76fbba61ed@group-4C2B2E51FDD8-LeaderElection29] INFO  impl.LeaderElection (LeaderElection.java:askForVotes(308)) - c67ce9c0-0a3a-4be5-b90f-8c76fbba61ed@group-4C2B2E51FDD8-LeaderElection29 ELECTION round 0: result PASSED (term=1)
2021-09-21 01:22:35,771 [c67ce9c0-0a3a-4be5-b90f-8c76fbba61ed@group-4C2B2E51FDD8-LeaderElection29] INFO  impl.RoleInfo (RoleInfo.java:shutdownLeaderElection(121)) - c67ce9c0-0a3a-4be5-b90f-8c76fbba61ed: shutdown c67ce9c0-0a3a-4be5-b90f-8c76fbba61ed@group-4C2B2E51FDD8-LeaderElection29
2021-09-21 01:22:35,771 [c67ce9c0-0a3a-4be5-b90f-8c76fbba61ed@group-4C2B2E51FDD8-LeaderElection29] INFO  server.RaftServer$Division (RaftServerImpl.java:setRole(285)) - c67ce9c0-0a3a-4be5-b90f-8c76fbba61ed@group-4C2B2E51FDD8: changes role from CANDIDATE to LEADER at term 1 for changeToLeader
2021-09-21 01:22:35,771 [c67ce9c0-0a3a-4be5-b90f-8c76fbba61ed@group-4C2B2E51FDD8-LeaderElection29] INFO  ratis.XceiverServerRatis (XceiverServerRatis.java:handleLeaderChangedNotification(860)) - Leader change notification received for group: group-4C2B2E51FDD8 with new leaderId: c67ce9c0-0a3a-4be5-b90f-8c76fbba61ed
2021-09-21 01:22:35,772 [c67ce9c0-0a3a-4be5-b90f-8c76fbba61ed@group-4C2B2E51FDD8-LeaderElection29] INFO  server.RaftServer$Division (ServerState.java:setLeader(285)) - c67ce9c0-0a3a-4be5-b90f-8c76fbba61ed@group-4C2B2E51FDD8: change Leader from null to c67ce9c0-0a3a-4be5-b90f-8c76fbba61ed at term 1 for becomeLeader, leader elected after 5273ms
2021-09-21 01:22:35,772 [c67ce9c0-0a3a-4be5-b90f-8c76fbba61ed@group-4C2B2E51FDD8-LeaderElection29] INFO  server.RaftServerConfigKeys (ConfUtils.java:logGet(44)) - raft.server.staging.catchup.gap = 1000 (default)
2021-09-21 01:22:35,772 [c67ce9c0-0a3a-4be5-b90f-8c76fbba61ed@group-4C2B2E51FDD8-LeaderElection29] INFO  server.RaftServerConfigKeys (ConfUtils.java:logGet(44)) - raft.server.write.element-limit = 1024 (custom)
2021-09-21 01:22:35,772 [c67ce9c0-0a3a-4be5-b90f-8c76fbba61ed@group-4C2B2E51FDD8-LeaderElection29] INFO  server.RaftServerConfigKeys (ConfUtils.java:logGet(44)) - raft.server.write.byte-limit = 1024 M (=1073741824) (custom)
2021-09-21 01:22:35,772 [c67ce9c0-0a3a-4be5-b90f-8c76fbba61ed@group-4C2B2E51FDD8-LeaderElection29] INFO  server.RaftServerConfigKeys (ConfUtils.java:logGet(44)) - raft.server.watch.timeout = 3000ms (custom)
2021-09-21 01:22:35,773 [c67ce9c0-0a3a-4be5-b90f-8c76fbba61ed@group-4C2B2E51FDD8-LeaderElection29] INFO  server.RaftServerConfigKeys (ConfUtils.java:logGet(44)) - raft.server.watch.timeout.denomination = 1s (default)
2021-09-21 01:22:35,773 [c67ce9c0-0a3a-4be5-b90f-8c76fbba61ed@group-4C2B2E51FDD8-LeaderElection29] INFO  server.RaftServerConfigKeys (ConfUtils.java:logGet(44)) - raft.server.watch.element-limit = 65536 (default)
2021-09-21 01:22:35,773 [c67ce9c0-0a3a-4be5-b90f-8c76fbba61ed@group-4C2B2E51FDD8-LeaderElection29] INFO  impl.RoleInfo (RoleInfo.java:updateAndGet(130)) - c67ce9c0-0a3a-4be5-b90f-8c76fbba61ed: start c67ce9c0-0a3a-4be5-b90f-8c76fbba61ed@group-4C2B2E51FDD8-LeaderStateImpl
2021-09-21 01:22:35,773 [c67ce9c0-0a3a-4be5-b90f-8c76fbba61ed@group-4C2B2E51FDD8-LeaderElection29] INFO  segmented.SegmentedRaftLogWorker (SegmentedRaftLogWorker.java:startLogSegment(394)) - c67ce9c0-0a3a-4be5-b90f-8c76fbba61ed@group-4C2B2E51FDD8-SegmentedRaftLogWorker: Starting segment from index:0
2021-09-21 01:22:35,781 [c67ce9c0-0a3a-4be5-b90f-8c76fbba61ed@group-4C2B2E51FDD8-LeaderElection29] INFO  server.RaftServer$Division (ServerState.java:setRaftConf(387)) - c67ce9c0-0a3a-4be5-b90f-8c76fbba61ed@group-4C2B2E51FDD8: set configuration 0: [c67ce9c0-0a3a-4be5-b90f-8c76fbba61ed|rpc:10.1.0.51:43243|dataStream:|priority:1], old=null
2021-09-21 01:22:35,790 [c67ce9c0-0a3a-4be5-b90f-8c76fbba61ed@group-4C2B2E51FDD8-SegmentedRaftLogWorker] INFO  segmented.SegmentedRaftLogWorker (SegmentedRaftLogWorker.java:execute(601)) - c67ce9c0-0a3a-4be5-b90f-8c76fbba61ed@group-4C2B2E51FDD8-SegmentedRaftLogWorker: created new log segment /home/runner/work/ozone/ozone/hadoop-ozone/integration-test/target/test-dir/MiniOzoneClusterImpl-7349e056-7b32-48d8-92e4-5182ee86217f/datanode-0/data/ratis/b816773b-c24f-473f-a074-4c2b2e51fdd8/current/log_inprogress_0
2021-09-21 01:22:35,791 [Datanode State Machine Thread - 0] WARN  statemachine.StateContext (StateContext.java:execute(621)) - No available thread in pool for past 1 seconds.
2021-09-21 01:22:35,797 [EventQueue-OpenPipelineForHealthyPipelineSafeModeRule] INFO  safemode.SCMSafeModeManager (HealthyPipelineSafeModeRule.java:process(124)) - SCM in safe mode. Healthy pipelines reported count is 0, required healthy pipeline reported count is 1
2021-09-21 01:22:36,338 [Listener at 127.0.0.1/33583] INFO  ozone.MiniOzoneClusterImpl (MiniOzoneClusterImpl.java:lambda$waitForClusterToBeReady$0(235)) - Nodes are ready. Got 9 of 9 DN Heartbeats.
2021-09-21 01:22:36,338 [Listener at 127.0.0.1/33583] INFO  ozone.MiniOzoneClusterImpl (MiniOzoneClusterImpl.java:lambda$waitForClusterToBeReady$0(238)) - Waiting for cluster to exit safe mode
2021-09-21 01:22:36,338 [Listener at 127.0.0.1/33583] INFO  ozone.MiniOzoneClusterImpl (MiniOzoneClusterImpl.java:lambda$waitForClusterToBeReady$0(240)) - SCM became leader
2021-09-21 01:22:36,361 [c886e095-44b5-4a75-a59b-9e8bd319d099@group-E85CC8CF5841-FollowerState] INFO  impl.FollowerState (FollowerState.java:run(134)) - c886e095-44b5-4a75-a59b-9e8bd319d099@group-E85CC8CF5841-FollowerState: change to CANDIDATE, lastRpcElapsedTime:5085678869ns, electionTimeout:5076ms
2021-09-21 01:22:36,362 [c886e095-44b5-4a75-a59b-9e8bd319d099@group-E85CC8CF5841-FollowerState] INFO  impl.RoleInfo (RoleInfo.java:shutdownFollowerState(108)) - c886e095-44b5-4a75-a59b-9e8bd319d099: shutdown c886e095-44b5-4a75-a59b-9e8bd319d099@group-E85CC8CF5841-FollowerState
2021-09-21 01:22:36,362 [c886e095-44b5-4a75-a59b-9e8bd319d099@group-E85CC8CF5841-FollowerState] INFO  server.RaftServer$Division (RaftServerImpl.java:setRole(285)) - c886e095-44b5-4a75-a59b-9e8bd319d099@group-E85CC8CF5841: changes role from  FOLLOWER to CANDIDATE at term 0 for changeToCandidate
2021-09-21 01:22:36,363 [c886e095-44b5-4a75-a59b-9e8bd319d099@group-E85CC8CF5841-FollowerState] INFO  server.RaftServerConfigKeys (ConfUtils.java:logGet(44)) - raft.server.leaderelection.pre-vote = false (custom)
2021-09-21 01:22:36,363 [c886e095-44b5-4a75-a59b-9e8bd319d099@group-E85CC8CF5841-FollowerState] INFO  impl.RoleInfo (RoleInfo.java:updateAndGet(130)) - c886e095-44b5-4a75-a59b-9e8bd319d099: start c886e095-44b5-4a75-a59b-9e8bd319d099@group-E85CC8CF5841-LeaderElection30
2021-09-21 01:22:36,383 [c886e095-44b5-4a75-a59b-9e8bd319d099@group-E85CC8CF5841-LeaderElection30] INFO  impl.LeaderElection (LeaderElection.java:askForVotes(306)) - c886e095-44b5-4a75-a59b-9e8bd319d099@group-E85CC8CF5841-LeaderElection30 ELECTION round 0: submit vote requests at term 1 for -1: [c886e095-44b5-4a75-a59b-9e8bd319d099|rpc:10.1.0.51:43537|priority:1], old=null
2021-09-21 01:22:36,384 [c886e095-44b5-4a75-a59b-9e8bd319d099@group-E85CC8CF5841-LeaderElection30] INFO  impl.LeaderElection (LeaderElection.java:askForVotes(308)) - c886e095-44b5-4a75-a59b-9e8bd319d099@group-E85CC8CF5841-LeaderElection30 ELECTION round 0: result PASSED (term=1)
2021-09-21 01:22:36,384 [c886e095-44b5-4a75-a59b-9e8bd319d099@group-E85CC8CF5841-LeaderElection30] INFO  impl.RoleInfo (RoleInfo.java:shutdownLeaderElection(121)) - c886e095-44b5-4a75-a59b-9e8bd319d099: shutdown c886e095-44b5-4a75-a59b-9e8bd319d099@group-E85CC8CF5841-LeaderElection30
2021-09-21 01:22:36,384 [c886e095-44b5-4a75-a59b-9e8bd319d099@group-E85CC8CF5841-LeaderElection30] INFO  server.RaftServer$Division (RaftServerImpl.java:setRole(285)) - c886e095-44b5-4a75-a59b-9e8bd319d099@group-E85CC8CF5841: changes role from CANDIDATE to LEADER at term 1 for changeToLeader
2021-09-21 01:22:36,384 [c886e095-44b5-4a75-a59b-9e8bd319d099@group-E85CC8CF5841-LeaderElection30] INFO  ratis.XceiverServerRatis (XceiverServerRatis.java:handleLeaderChangedNotification(860)) - Leader change notification received for group: group-E85CC8CF5841 with new leaderId: c886e095-44b5-4a75-a59b-9e8bd319d099
2021-09-21 01:22:36,384 [Datanode State Machine Thread - 0] WARN  statemachine.StateContext (StateContext.java:execute(621)) - No available thread in pool for past 1 seconds.
2021-09-21 01:22:36,385 [c886e095-44b5-4a75-a59b-9e8bd319d099@group-E85CC8CF5841-LeaderElection30] INFO  server.RaftServer$Division (ServerState.java:setLeader(285)) - c886e095-44b5-4a75-a59b-9e8bd319d099@group-E85CC8CF5841: change Leader from null to c886e095-44b5-4a75-a59b-9e8bd319d099 at term 1 for becomeLeader, leader elected after 5125ms
2021-09-21 01:22:36,385 [c886e095-44b5-4a75-a59b-9e8bd319d099@group-E85CC8CF5841-LeaderElection30] INFO  server.RaftServerConfigKeys (ConfUtils.java:logGet(44)) - raft.server.staging.catchup.gap = 1000 (default)
2021-09-21 01:22:36,385 [EventQueue-OpenPipelineForHealthyPipelineSafeModeRule] INFO  safemode.SCMSafeModeManager (HealthyPipelineSafeModeRule.java:process(124)) - SCM in safe mode. Healthy pipelines reported count is 0, required healthy pipeline reported count is 1
2021-09-21 01:22:36,390 [c886e095-44b5-4a75-a59b-9e8bd319d099@group-E85CC8CF5841-LeaderElection30] INFO  server.RaftServerConfigKeys (ConfUtils.java:logGet(44)) - raft.server.write.element-limit = 1024 (custom)
2021-09-21 01:22:36,390 [c886e095-44b5-4a75-a59b-9e8bd319d099@group-E85CC8CF5841-LeaderElection30] INFO  server.RaftServerConfigKeys (ConfUtils.java:logGet(44)) - raft.server.write.byte-limit = 1024 M (=1073741824) (custom)
2021-09-21 01:22:36,391 [c886e095-44b5-4a75-a59b-9e8bd319d099@group-E85CC8CF5841-LeaderElection30] INFO  server.RaftServerConfigKeys (ConfUtils.java:logGet(44)) - raft.server.watch.timeout = 3000ms (custom)
2021-09-21 01:22:36,391 [c886e095-44b5-4a75-a59b-9e8bd319d099@group-E85CC8CF5841-LeaderElection30] INFO  server.RaftServerConfigKeys (ConfUtils.java:logGet(44)) - raft.server.watch.timeout.denomination = 1s (default)
2021-09-21 01:22:36,391 [c886e095-44b5-4a75-a59b-9e8bd319d099@group-E85CC8CF5841-LeaderElection30] INFO  server.RaftServerConfigKeys (ConfUtils.java:logGet(44)) - raft.server.watch.element-limit = 65536 (default)
2021-09-21 01:22:36,391 [c886e095-44b5-4a75-a59b-9e8bd319d099@group-E85CC8CF5841-LeaderElection30] INFO  impl.RoleInfo (RoleInfo.java:updateAndGet(130)) - c886e095-44b5-4a75-a59b-9e8bd319d099: start c886e095-44b5-4a75-a59b-9e8bd319d099@group-E85CC8CF5841-LeaderStateImpl
2021-09-21 01:22:36,391 [c886e095-44b5-4a75-a59b-9e8bd319d099@group-E85CC8CF5841-LeaderElection30] INFO  segmented.SegmentedRaftLogWorker (SegmentedRaftLogWorker.java:startLogSegment(394)) - c886e095-44b5-4a75-a59b-9e8bd319d099@group-E85CC8CF5841-SegmentedRaftLogWorker: Starting segment from index:0
2021-09-21 01:22:36,393 [c886e095-44b5-4a75-a59b-9e8bd319d099@group-E85CC8CF5841-SegmentedRaftLogWorker] INFO  segmented.SegmentedRaftLogWorker (SegmentedRaftLogWorker.java:execute(601)) - c886e095-44b5-4a75-a59b-9e8bd319d099@group-E85CC8CF5841-SegmentedRaftLogWorker: created new log segment /home/runner/work/ozone/ozone/hadoop-ozone/integration-test/target/test-dir/MiniOzoneClusterImpl-7349e056-7b32-48d8-92e4-5182ee86217f/datanode-1/data/ratis/5e45ed9a-a3fd-4d3e-84ce-e85cc8cf5841/current/log_inprogress_0
2021-09-21 01:22:36,411 [c886e095-44b5-4a75-a59b-9e8bd319d099@group-E85CC8CF5841-LeaderElection30] INFO  server.RaftServer$Division (ServerState.java:setRaftConf(387)) - c886e095-44b5-4a75-a59b-9e8bd319d099@group-E85CC8CF5841: set configuration 0: [c886e095-44b5-4a75-a59b-9e8bd319d099|rpc:10.1.0.51:43537|dataStream:|priority:1], old=null
2021-09-21 01:22:37,159 [be30f2b5-d5fc-49a0-9235-d4dd7ecd33b9@group-9144BAF8D3CC-FollowerState] INFO  impl.FollowerState (FollowerState.java:run(134)) - be30f2b5-d5fc-49a0-9235-d4dd7ecd33b9@group-9144BAF8D3CC-FollowerState: change to CANDIDATE, lastRpcElapsedTime:5204746086ns, electionTimeout:5199ms
2021-09-21 01:22:37,159 [be30f2b5-d5fc-49a0-9235-d4dd7ecd33b9@group-9144BAF8D3CC-FollowerState] INFO  impl.RoleInfo (RoleInfo.java:shutdownFollowerState(108)) - be30f2b5-d5fc-49a0-9235-d4dd7ecd33b9: shutdown be30f2b5-d5fc-49a0-9235-d4dd7ecd33b9@group-9144BAF8D3CC-FollowerState
2021-09-21 01:22:37,160 [be30f2b5-d5fc-49a0-9235-d4dd7ecd33b9@group-9144BAF8D3CC-FollowerState] INFO  server.RaftServer$Division (RaftServerImpl.java:setRole(285)) - be30f2b5-d5fc-49a0-9235-d4dd7ecd33b9@group-9144BAF8D3CC: changes role from  FOLLOWER to CANDIDATE at term 0 for changeToCandidate
2021-09-21 01:22:37,166 [be30f2b5-d5fc-49a0-9235-d4dd7ecd33b9@group-9144BAF8D3CC-FollowerState] INFO  server.RaftServerConfigKeys (ConfUtils.java:logGet(44)) - raft.server.leaderelection.pre-vote = false (custom)
2021-09-21 01:22:37,166 [be30f2b5-d5fc-49a0-9235-d4dd7ecd33b9@group-9144BAF8D3CC-FollowerState] INFO  impl.RoleInfo (RoleInfo.java:updateAndGet(130)) - be30f2b5-d5fc-49a0-9235-d4dd7ecd33b9: start be30f2b5-d5fc-49a0-9235-d4dd7ecd33b9@group-9144BAF8D3CC-LeaderElection31
2021-09-21 01:22:37,200 [be30f2b5-d5fc-49a0-9235-d4dd7ecd33b9@group-9144BAF8D3CC-LeaderElection31] INFO  impl.LeaderElection (LeaderElection.java:askForVotes(306)) - be30f2b5-d5fc-49a0-9235-d4dd7ecd33b9@group-9144BAF8D3CC-LeaderElection31 ELECTION round 0: submit vote requests at term 1 for -1: [be30f2b5-d5fc-49a0-9235-d4dd7ecd33b9|rpc:10.1.0.51:40839|priority:1], old=null
2021-09-21 01:22:37,200 [be30f2b5-d5fc-49a0-9235-d4dd7ecd33b9@group-9144BAF8D3CC-LeaderElection31] INFO  impl.LeaderElection (LeaderElection.java:askForVotes(308)) - be30f2b5-d5fc-49a0-9235-d4dd7ecd33b9@group-9144BAF8D3CC-LeaderElection31 ELECTION round 0: result PASSED (term=1)
2021-09-21 01:22:37,200 [be30f2b5-d5fc-49a0-9235-d4dd7ecd33b9@group-9144BAF8D3CC-LeaderElection31] INFO  impl.RoleInfo (RoleInfo.java:shutdownLeaderElection(121)) - be30f2b5-d5fc-49a0-9235-d4dd7ecd33b9: shutdown be30f2b5-d5fc-49a0-9235-d4dd7ecd33b9@group-9144BAF8D3CC-LeaderElection31
2021-09-21 01:22:37,201 [be30f2b5-d5fc-49a0-9235-d4dd7ecd33b9@group-9144BAF8D3CC-LeaderElection31] INFO  server.RaftServer$Division (RaftServerImpl.java:setRole(285)) - be30f2b5-d5fc-49a0-9235-d4dd7ecd33b9@group-9144BAF8D3CC: changes role from CANDIDATE to LEADER at term 1 for changeToLeader
2021-09-21 01:22:37,201 [be30f2b5-d5fc-49a0-9235-d4dd7ecd33b9@group-9144BAF8D3CC-LeaderElection31] INFO  ratis.XceiverServerRatis (XceiverServerRatis.java:handleLeaderChangedNotification(860)) - Leader change notification received for group: group-9144BAF8D3CC with new leaderId: be30f2b5-d5fc-49a0-9235-d4dd7ecd33b9
2021-09-21 01:22:37,201 [be30f2b5-d5fc-49a0-9235-d4dd7ecd33b9@group-9144BAF8D3CC-LeaderElection31] INFO  server.RaftServer$Division (ServerState.java:setLeader(285)) - be30f2b5-d5fc-49a0-9235-d4dd7ecd33b9@group-9144BAF8D3CC: change Leader from null to be30f2b5-d5fc-49a0-9235-d4dd7ecd33b9 at term 1 for becomeLeader, leader elected after 5261ms
2021-09-21 01:22:37,205 [be30f2b5-d5fc-49a0-9235-d4dd7ecd33b9@group-9144BAF8D3CC-LeaderElection31] INFO  server.RaftServerConfigKeys (ConfUtils.java:logGet(44)) - raft.server.staging.catchup.gap = 1000 (default)
2021-09-21 01:22:37,206 [be30f2b5-d5fc-49a0-9235-d4dd7ecd33b9@group-9144BAF8D3CC-LeaderElection31] INFO  server.RaftServerConfigKeys (ConfUtils.java:logGet(44)) - raft.server.write.element-limit = 1024 (custom)
2021-09-21 01:22:37,206 [be30f2b5-d5fc-49a0-9235-d4dd7ecd33b9@group-9144BAF8D3CC-LeaderElection31] INFO  server.RaftServerConfigKeys (ConfUtils.java:logGet(44)) - raft.server.write.byte-limit = 1024 M (=1073741824) (custom)
2021-09-21 01:22:37,206 [be30f2b5-d5fc-49a0-9235-d4dd7ecd33b9@group-9144BAF8D3CC-LeaderElection31] INFO  server.RaftServerConfigKeys (ConfUtils.java:logGet(44)) - raft.server.watch.timeout = 3000ms (custom)
2021-09-21 01:22:37,206 [be30f2b5-d5fc-49a0-9235-d4dd7ecd33b9@group-9144BAF8D3CC-LeaderElection31] INFO  server.RaftServerConfigKeys (ConfUtils.java:logGet(44)) - raft.server.watch.timeout.denomination = 1s (default)
2021-09-21 01:22:37,206 [be30f2b5-d5fc-49a0-9235-d4dd7ecd33b9@group-9144BAF8D3CC-LeaderElection31] INFO  server.RaftServerConfigKeys (ConfUtils.java:logGet(44)) - raft.server.watch.element-limit = 65536 (default)
2021-09-21 01:22:37,206 [be30f2b5-d5fc-49a0-9235-d4dd7ecd33b9@group-9144BAF8D3CC-LeaderElection31] INFO  impl.RoleInfo (RoleInfo.java:updateAndGet(130)) - be30f2b5-d5fc-49a0-9235-d4dd7ecd33b9: start be30f2b5-d5fc-49a0-9235-d4dd7ecd33b9@group-9144BAF8D3CC-LeaderStateImpl
2021-09-21 01:22:37,207 [be30f2b5-d5fc-49a0-9235-d4dd7ecd33b9@group-9144BAF8D3CC-LeaderElection31] INFO  segmented.SegmentedRaftLogWorker (SegmentedRaftLogWorker.java:startLogSegment(394)) - be30f2b5-d5fc-49a0-9235-d4dd7ecd33b9@group-9144BAF8D3CC-SegmentedRaftLogWorker: Starting segment from index:0
2021-09-21 01:22:37,208 [Datanode State Machine Thread - 0] WARN  statemachine.StateContext (StateContext.java:execute(621)) - No available thread in pool for past 1 seconds.
2021-09-21 01:22:37,208 [be30f2b5-d5fc-49a0-9235-d4dd7ecd33b9@group-9144BAF8D3CC-SegmentedRaftLogWorker] INFO  segmented.SegmentedRaftLogWorker (SegmentedRaftLogWorker.java:execute(601)) - be30f2b5-d5fc-49a0-9235-d4dd7ecd33b9@group-9144BAF8D3CC-SegmentedRaftLogWorker: created new log segment /home/runner/work/ozone/ozone/hadoop-ozone/integration-test/target/test-dir/MiniOzoneClusterImpl-7349e056-7b32-48d8-92e4-5182ee86217f/datanode-2/data/ratis/b173bcbf-5b5e-4b4e-a8b3-9144baf8d3cc/current/log_inprogress_0
2021-09-21 01:22:37,224 [be30f2b5-d5fc-49a0-9235-d4dd7ecd33b9@group-9144BAF8D3CC-LeaderElection31] INFO  server.RaftServer$Division (ServerState.java:setRaftConf(387)) - be30f2b5-d5fc-49a0-9235-d4dd7ecd33b9@group-9144BAF8D3CC: set configuration 0: [be30f2b5-d5fc-49a0-9235-d4dd7ecd33b9|rpc:10.1.0.51:40839|dataStream:|priority:1], old=null
2021-09-21 01:22:37,233 [EventQueue-OpenPipelineForHealthyPipelineSafeModeRule] INFO  safemode.SCMSafeModeManager (HealthyPipelineSafeModeRule.java:process(124)) - SCM in safe mode. Healthy pipelines reported count is 0, required healthy pipeline reported count is 1
2021-09-21 01:22:37,338 [Listener at 127.0.0.1/33583] INFO  ozone.MiniOzoneClusterImpl (MiniOzoneClusterImpl.java:lambda$waitForClusterToBeReady$0(235)) - Nodes are ready. Got 9 of 9 DN Heartbeats.
2021-09-21 01:22:37,338 [Listener at 127.0.0.1/33583] INFO  ozone.MiniOzoneClusterImpl (MiniOzoneClusterImpl.java:lambda$waitForClusterToBeReady$0(238)) - Waiting for cluster to exit safe mode
2021-09-21 01:22:37,338 [Listener at 127.0.0.1/33583] INFO  ozone.MiniOzoneClusterImpl (MiniOzoneClusterImpl.java:lambda$waitForClusterToBeReady$0(240)) - SCM became leader
2021-09-21 01:22:37,631 [aa364905-4a8e-4b76-ab26-d74d60c32cfc@group-D13672D1E602-FollowerState] INFO  impl.FollowerState (FollowerState.java:run(134)) - aa364905-4a8e-4b76-ab26-d74d60c32cfc@group-D13672D1E602-FollowerState: change to CANDIDATE, lastRpcElapsedTime:5090063377ns, electionTimeout:5083ms
2021-09-21 01:22:37,632 [aa364905-4a8e-4b76-ab26-d74d60c32cfc@group-D13672D1E602-FollowerState] INFO  impl.RoleInfo (RoleInfo.java:shutdownFollowerState(108)) - aa364905-4a8e-4b76-ab26-d74d60c32cfc: shutdown aa364905-4a8e-4b76-ab26-d74d60c32cfc@group-D13672D1E602-FollowerState
2021-09-21 01:22:37,632 [aa364905-4a8e-4b76-ab26-d74d60c32cfc@group-D13672D1E602-FollowerState] INFO  server.RaftServer$Division (RaftServerImpl.java:setRole(285)) - aa364905-4a8e-4b76-ab26-d74d60c32cfc@group-D13672D1E602: changes role from  FOLLOWER to CANDIDATE at term 0 for changeToCandidate
2021-09-21 01:22:37,633 [aa364905-4a8e-4b76-ab26-d74d60c32cfc@group-D13672D1E602-FollowerState] INFO  server.RaftServerConfigKeys (ConfUtils.java:logGet(44)) - raft.server.leaderelection.pre-vote = false (custom)
2021-09-21 01:22:37,633 [aa364905-4a8e-4b76-ab26-d74d60c32cfc@group-D13672D1E602-FollowerState] INFO  impl.RoleInfo (RoleInfo.java:updateAndGet(130)) - aa364905-4a8e-4b76-ab26-d74d60c32cfc: start aa364905-4a8e-4b76-ab26-d74d60c32cfc@group-D13672D1E602-LeaderElection32
2021-09-21 01:22:37,654 [aa364905-4a8e-4b76-ab26-d74d60c32cfc@group-8D21B40E27D6-FollowerState] INFO  impl.FollowerState (FollowerState.java:run(134)) - aa364905-4a8e-4b76-ab26-d74d60c32cfc@group-8D21B40E27D6-FollowerState: change to CANDIDATE, lastRpcElapsedTime:5172639528ns, electionTimeout:5154ms
2021-09-21 01:22:37,654 [aa364905-4a8e-4b76-ab26-d74d60c32cfc@group-8D21B40E27D6-FollowerState] INFO  impl.RoleInfo (RoleInfo.java:shutdownFollowerState(108)) - aa364905-4a8e-4b76-ab26-d74d60c32cfc: shutdown aa364905-4a8e-4b76-ab26-d74d60c32cfc@group-8D21B40E27D6-FollowerState
2021-09-21 01:22:37,654 [aa364905-4a8e-4b76-ab26-d74d60c32cfc@group-8D21B40E27D6-FollowerState] INFO  server.RaftServer$Division (RaftServerImpl.java:setRole(285)) - aa364905-4a8e-4b76-ab26-d74d60c32cfc@group-8D21B40E27D6: changes role from  FOLLOWER to CANDIDATE at term 0 for changeToCandidate
2021-09-21 01:22:37,654 [aa364905-4a8e-4b76-ab26-d74d60c32cfc@group-8D21B40E27D6-FollowerState] INFO  server.RaftServerConfigKeys (ConfUtils.java:logGet(44)) - raft.server.leaderelection.pre-vote = false (custom)
2021-09-21 01:22:37,655 [aa364905-4a8e-4b76-ab26-d74d60c32cfc@group-8D21B40E27D6-FollowerState] INFO  impl.RoleInfo (RoleInfo.java:updateAndGet(130)) - aa364905-4a8e-4b76-ab26-d74d60c32cfc: start aa364905-4a8e-4b76-ab26-d74d60c32cfc@group-8D21B40E27D6-LeaderElection33
2021-09-21 01:22:37,657 [aa364905-4a8e-4b76-ab26-d74d60c32cfc@group-D13672D1E602-LeaderElection32] INFO  impl.LeaderElection (LeaderElection.java:askForVotes(306)) - aa364905-4a8e-4b76-ab26-d74d60c32cfc@group-D13672D1E602-LeaderElection32 ELECTION round 0: submit vote requests at term 1 for -1: [9e8c78a1-f01d-42ca-a684-b6f934dd8d4f|rpc:10.1.0.51:39721|priority:0, aa364905-4a8e-4b76-ab26-d74d60c32cfc|rpc:10.1.0.51:39239|priority:0, 57923224-7b87-4e71-9981-19f5694b9dee|rpc:10.1.0.51:39003|priority:1], old=null
2021-09-21 01:22:37,682 [aa364905-4a8e-4b76-ab26-d74d60c32cfc@group-8D21B40E27D6-LeaderElection33] INFO  impl.LeaderElection (LeaderElection.java:askForVotes(306)) - aa364905-4a8e-4b76-ab26-d74d60c32cfc@group-8D21B40E27D6-LeaderElection33 ELECTION round 0: submit vote requests at term 1 for -1: [aa364905-4a8e-4b76-ab26-d74d60c32cfc|rpc:10.1.0.51:39239|priority:1], old=null
2021-09-21 01:22:37,682 [aa364905-4a8e-4b76-ab26-d74d60c32cfc@group-8D21B40E27D6-LeaderElection33] INFO  impl.LeaderElection (LeaderElection.java:askForVotes(308)) - aa364905-4a8e-4b76-ab26-d74d60c32cfc@group-8D21B40E27D6-LeaderElection33 ELECTION round 0: result PASSED (term=1)
2021-09-21 01:22:37,682 [aa364905-4a8e-4b76-ab26-d74d60c32cfc@group-8D21B40E27D6-LeaderElection33] INFO  impl.RoleInfo (RoleInfo.java:shutdownLeaderElection(121)) - aa364905-4a8e-4b76-ab26-d74d60c32cfc: shutdown aa364905-4a8e-4b76-ab26-d74d60c32cfc@group-8D21B40E27D6-LeaderElection33
2021-09-21 01:22:37,682 [aa364905-4a8e-4b76-ab26-d74d60c32cfc@group-8D21B40E27D6-LeaderElection33] INFO  server.RaftServer$Division (RaftServerImpl.java:setRole(285)) - aa364905-4a8e-4b76-ab26-d74d60c32cfc@group-8D21B40E27D6: changes role from CANDIDATE to LEADER at term 1 for changeToLeader
2021-09-21 01:22:37,682 [aa364905-4a8e-4b76-ab26-d74d60c32cfc@group-8D21B40E27D6-LeaderElection33] INFO  ratis.XceiverServerRatis (XceiverServerRatis.java:handleLeaderChangedNotification(860)) - Leader change notification received for group: group-8D21B40E27D6 with new leaderId: aa364905-4a8e-4b76-ab26-d74d60c32cfc
2021-09-21 01:22:37,682 [aa364905-4a8e-4b76-ab26-d74d60c32cfc@group-8D21B40E27D6-LeaderElection33] INFO  server.RaftServer$Division (ServerState.java:setLeader(285)) - aa364905-4a8e-4b76-ab26-d74d60c32cfc@group-8D21B40E27D6: change Leader from null to aa364905-4a8e-4b76-ab26-d74d60c32cfc at term 1 for becomeLeader, leader elected after 5220ms
2021-09-21 01:22:37,682 [aa364905-4a8e-4b76-ab26-d74d60c32cfc@group-8D21B40E27D6-LeaderElection33] INFO  server.RaftServerConfigKeys (ConfUtils.java:logGet(44)) - raft.server.staging.catchup.gap = 1000 (default)
2021-09-21 01:22:37,682 [aa364905-4a8e-4b76-ab26-d74d60c32cfc@group-8D21B40E27D6-LeaderElection33] INFO  server.RaftServerConfigKeys (ConfUtils.java:logGet(44)) - raft.server.write.element-limit = 1024 (custom)
2021-09-21 01:22:37,682 [aa364905-4a8e-4b76-ab26-d74d60c32cfc@group-8D21B40E27D6-LeaderElection33] INFO  server.RaftServerConfigKeys (ConfUtils.java:logGet(44)) - raft.server.write.byte-limit = 1024 M (=1073741824) (custom)
2021-09-21 01:22:37,683 [aa364905-4a8e-4b76-ab26-d74d60c32cfc@group-8D21B40E27D6-LeaderElection33] INFO  server.RaftServerConfigKeys (ConfUtils.java:logGet(44)) - raft.server.watch.timeout = 3000ms (custom)
2021-09-21 01:22:37,683 [aa364905-4a8e-4b76-ab26-d74d60c32cfc@group-8D21B40E27D6-LeaderElection33] INFO  server.RaftServerConfigKeys (ConfUtils.java:logGet(44)) - raft.server.watch.timeout.denomination = 1s (default)
2021-09-21 01:22:37,683 [aa364905-4a8e-4b76-ab26-d74d60c32cfc@group-8D21B40E27D6-LeaderElection33] INFO  server.RaftServerConfigKeys (ConfUtils.java:logGet(44)) - raft.server.watch.element-limit = 65536 (default)
2021-09-21 01:22:37,683 [aa364905-4a8e-4b76-ab26-d74d60c32cfc@group-8D21B40E27D6-LeaderElection33] INFO  impl.RoleInfo (RoleInfo.java:updateAndGet(130)) - aa364905-4a8e-4b76-ab26-d74d60c32cfc: start aa364905-4a8e-4b76-ab26-d74d60c32cfc@group-8D21B40E27D6-LeaderStateImpl
2021-09-21 01:22:37,683 [Datanode State Machine Thread - 0] WARN  statemachine.StateContext (StateContext.java:execute(621)) - No available thread in pool for past 1 seconds.
2021-09-21 01:22:37,683 [aa364905-4a8e-4b76-ab26-d74d60c32cfc@group-8D21B40E27D6-LeaderElection33] INFO  segmented.SegmentedRaftLogWorker (SegmentedRaftLogWorker.java:startLogSegment(394)) - aa364905-4a8e-4b76-ab26-d74d60c32cfc@group-8D21B40E27D6-SegmentedRaftLogWorker: Starting segment from index:0
2021-09-21 01:22:37,685 [aa364905-4a8e-4b76-ab26-d74d60c32cfc@group-8D21B40E27D6-SegmentedRaftLogWorker] INFO  segmented.SegmentedRaftLogWorker (SegmentedRaftLogWorker.java:execute(601)) - aa364905-4a8e-4b76-ab26-d74d60c32cfc@group-8D21B40E27D6-SegmentedRaftLogWorker: created new log segment /home/runner/work/ozone/ozone/hadoop-ozone/integration-test/target/test-dir/MiniOzoneClusterImpl-7349e056-7b32-48d8-92e4-5182ee86217f/datanode-3/data/ratis/9e5407be-9e32-4655-863f-8d21b40e27d6/current/log_inprogress_0
2021-09-21 01:22:37,686 [EventQueue-OpenPipelineForHealthyPipelineSafeModeRule] INFO  safemode.SCMSafeModeManager (HealthyPipelineSafeModeRule.java:process(124)) - SCM in safe mode. Healthy pipelines reported count is 0, required healthy pipeline reported count is 1
2021-09-21 01:22:37,699 [grpc-default-executor-3] INFO  server.RaftServer$Division (RaftServerImpl.java:requestVote(1043)) - 9e8c78a1-f01d-42ca-a684-b6f934dd8d4f@group-D13672D1E602: receive requestVote(ELECTION, aa364905-4a8e-4b76-ab26-d74d60c32cfc, group-D13672D1E602, 1, (t:0, i:0))
2021-09-21 01:22:37,699 [grpc-default-executor-3] INFO  impl.VoteContext (VoteContext.java:log(48)) - 9e8c78a1-f01d-42ca-a684-b6f934dd8d4f@group-D13672D1E602-FOLLOWER: accept ELECTION from aa364905-4a8e-4b76-ab26-d74d60c32cfc: our priority 0 <= candidate's priority 0
2021-09-21 01:22:37,699 [grpc-default-executor-3] INFO  server.RaftServer$Division (RaftServerImpl.java:setRole(285)) - 9e8c78a1-f01d-42ca-a684-b6f934dd8d4f@group-D13672D1E602: changes role from  FOLLOWER to FOLLOWER at term 1 for candidate:aa364905-4a8e-4b76-ab26-d74d60c32cfc
2021-09-21 01:22:37,699 [grpc-default-executor-3] INFO  impl.RoleInfo (RoleInfo.java:shutdownFollowerState(108)) - 9e8c78a1-f01d-42ca-a684-b6f934dd8d4f: shutdown 9e8c78a1-f01d-42ca-a684-b6f934dd8d4f@group-D13672D1E602-FollowerState
2021-09-21 01:22:37,699 [grpc-default-executor-3] INFO  impl.RoleInfo (RoleInfo.java:updateAndGet(130)) - 9e8c78a1-f01d-42ca-a684-b6f934dd8d4f: start 9e8c78a1-f01d-42ca-a684-b6f934dd8d4f@group-D13672D1E602-FollowerState
2021-09-21 01:22:37,699 [aa364905-4a8e-4b76-ab26-d74d60c32cfc@group-8D21B40E27D6-LeaderElection33] INFO  server.RaftServer$Division (ServerState.java:setRaftConf(387)) - aa364905-4a8e-4b76-ab26-d74d60c32cfc@group-8D21B40E27D6: set configuration 0: [aa364905-4a8e-4b76-ab26-d74d60c32cfc|rpc:10.1.0.51:39239|dataStream:|priority:1], old=null
2021-09-21 01:22:37,701 [9e8c78a1-f01d-42ca-a684-b6f934dd8d4f@group-D13672D1E602-FollowerState] INFO  impl.FollowerState (FollowerState.java:run(143)) - 9e8c78a1-f01d-42ca-a684-b6f934dd8d4f@group-D13672D1E602-FollowerState was interrupted: {}
java.lang.InterruptedException: sleep interrupted
	at java.lang.Thread.sleep(Native Method)
	at java.lang.Thread.sleep(Thread.java:340)
	at java.util.concurrent.TimeUnit.sleep(TimeUnit.java:386)
	at org.apache.ratis.util.TimeDuration.sleep(TimeDuration.java:324)
	at org.apache.ratis.util.TimeDuration.sleep(TimeDuration.java:309)
	at org.apache.ratis.server.impl.FollowerState.run(FollowerState.java:118)
2021-09-21 01:22:37,708 [grpc-default-executor-3] INFO  server.RaftServer$Division (RaftServerImpl.java:requestVote(1075)) - 9e8c78a1-f01d-42ca-a684-b6f934dd8d4f@group-D13672D1E602 replies to ELECTION vote request: aa364905-4a8e-4b76-ab26-d74d60c32cfc<-9e8c78a1-f01d-42ca-a684-b6f934dd8d4f#0:OK-t1. Peer's state: 9e8c78a1-f01d-42ca-a684-b6f934dd8d4f@group-D13672D1E602:t1, leader=null, voted=aa364905-4a8e-4b76-ab26-d74d60c32cfc, raftlog=9e8c78a1-f01d-42ca-a684-b6f934dd8d4f@group-D13672D1E602-SegmentedRaftLog:OPENED:c-1,f-1,i0, conf=-1: [9e8c78a1-f01d-42ca-a684-b6f934dd8d4f|rpc:10.1.0.51:39721|dataStream:|priority:0, aa364905-4a8e-4b76-ab26-d74d60c32cfc|rpc:10.1.0.51:39239|dataStream:|priority:0, 57923224-7b87-4e71-9981-19f5694b9dee|rpc:10.1.0.51:39003|dataStream:|priority:1], old=null
2021-09-21 01:22:37,755 [grpc-default-executor-3] INFO  server.RaftServer$Division (RaftServerImpl.java:requestVote(1043)) - 57923224-7b87-4e71-9981-19f5694b9dee@group-D13672D1E602: receive requestVote(ELECTION, aa364905-4a8e-4b76-ab26-d74d60c32cfc, group-D13672D1E602, 1, (t:0, i:0))
2021-09-21 01:22:37,756 [grpc-default-executor-3] INFO  impl.VoteContext (VoteContext.java:log(48)) - 57923224-7b87-4e71-9981-19f5694b9dee@group-D13672D1E602-FOLLOWER: reject ELECTION from aa364905-4a8e-4b76-ab26-d74d60c32cfc: our priority 1 > candidate's priority 0
2021-09-21 01:22:37,756 [grpc-default-executor-3] INFO  server.RaftServer$Division (RaftServerImpl.java:setRole(285)) - 57923224-7b87-4e71-9981-19f5694b9dee@group-D13672D1E602: changes role from  FOLLOWER to FOLLOWER at term 1 for candidate:aa364905-4a8e-4b76-ab26-d74d60c32cfc
2021-09-21 01:22:37,756 [grpc-default-executor-3] INFO  impl.RoleInfo (RoleInfo.java:shutdownFollowerState(108)) - 57923224-7b87-4e71-9981-19f5694b9dee: shutdown 57923224-7b87-4e71-9981-19f5694b9dee@group-D13672D1E602-FollowerState
2021-09-21 01:22:37,756 [grpc-default-executor-3] INFO  impl.RoleInfo (RoleInfo.java:updateAndGet(130)) - 57923224-7b87-4e71-9981-19f5694b9dee: start 57923224-7b87-4e71-9981-19f5694b9dee@group-D13672D1E602-FollowerState
2021-09-21 01:22:37,756 [57923224-7b87-4e71-9981-19f5694b9dee@group-D13672D1E602-FollowerState] INFO  impl.FollowerState (FollowerState.java:run(143)) - 57923224-7b87-4e71-9981-19f5694b9dee@group-D13672D1E602-FollowerState was interrupted: {}
java.lang.InterruptedException: sleep interrupted
	at java.lang.Thread.sleep(Native Method)
	at java.lang.Thread.sleep(Thread.java:340)
	at java.util.concurrent.TimeUnit.sleep(TimeUnit.java:386)
	at org.apache.ratis.util.TimeDuration.sleep(TimeDuration.java:324)
	at org.apache.ratis.util.TimeDuration.sleep(TimeDuration.java:309)
	at org.apache.ratis.server.impl.FollowerState.run(FollowerState.java:118)
2021-09-21 01:22:37,763 [grpc-default-executor-3] INFO  server.RaftServer$Division (RaftServerImpl.java:requestVote(1075)) - 57923224-7b87-4e71-9981-19f5694b9dee@group-D13672D1E602 replies to ELECTION vote request: aa364905-4a8e-4b76-ab26-d74d60c32cfc<-57923224-7b87-4e71-9981-19f5694b9dee#0:FAIL-t1. Peer's state: 57923224-7b87-4e71-9981-19f5694b9dee@group-D13672D1E602:t1, leader=null, voted=null, raftlog=57923224-7b87-4e71-9981-19f5694b9dee@group-D13672D1E602-SegmentedRaftLog:OPENED:c-1,f-1,i0, conf=-1: [9e8c78a1-f01d-42ca-a684-b6f934dd8d4f|rpc:10.1.0.51:39721|dataStream:|priority:0, aa364905-4a8e-4b76-ab26-d74d60c32cfc|rpc:10.1.0.51:39239|dataStream:|priority:0, 57923224-7b87-4e71-9981-19f5694b9dee|rpc:10.1.0.51:39003|dataStream:|priority:1], old=null
2021-09-21 01:22:37,765 [aa364905-4a8e-4b76-ab26-d74d60c32cfc@group-D13672D1E602-LeaderElection32] INFO  impl.LeaderElection (LeaderElection.java:logAndReturn(89)) - aa364905-4a8e-4b76-ab26-d74d60c32cfc@group-D13672D1E602-LeaderElection32: ELECTION REJECTED received 2 response(s) and 0 exception(s):
2021-09-21 01:22:37,765 [aa364905-4a8e-4b76-ab26-d74d60c32cfc@group-D13672D1E602-LeaderElection32] INFO  impl.LeaderElection (LeaderElection.java:logAndReturn(93)) -   Response 0: aa364905-4a8e-4b76-ab26-d74d60c32cfc<-9e8c78a1-f01d-42ca-a684-b6f934dd8d4f#0:OK-t1
2021-09-21 01:22:37,765 [aa364905-4a8e-4b76-ab26-d74d60c32cfc@group-D13672D1E602-LeaderElection32] INFO  impl.LeaderElection (LeaderElection.java:logAndReturn(93)) -   Response 1: aa364905-4a8e-4b76-ab26-d74d60c32cfc<-57923224-7b87-4e71-9981-19f5694b9dee#0:FAIL-t1
2021-09-21 01:22:37,765 [aa364905-4a8e-4b76-ab26-d74d60c32cfc@group-D13672D1E602-LeaderElection32] INFO  impl.LeaderElection (LeaderElection.java:askForVotes(308)) - aa364905-4a8e-4b76-ab26-d74d60c32cfc@group-D13672D1E602-LeaderElection32 ELECTION round 0: result REJECTED
2021-09-21 01:22:37,765 [aa364905-4a8e-4b76-ab26-d74d60c32cfc@group-D13672D1E602-LeaderElection32] INFO  server.RaftServer$Division (RaftServerImpl.java:setRole(285)) - aa364905-4a8e-4b76-ab26-d74d60c32cfc@group-D13672D1E602: changes role from CANDIDATE to FOLLOWER at term 1 for REJECTED
2021-09-21 01:22:37,766 [aa364905-4a8e-4b76-ab26-d74d60c32cfc@group-D13672D1E602-LeaderElection32] INFO  impl.RoleInfo (RoleInfo.java:shutdownLeaderElection(121)) - aa364905-4a8e-4b76-ab26-d74d60c32cfc: shutdown aa364905-4a8e-4b76-ab26-d74d60c32cfc@group-D13672D1E602-LeaderElection32
2021-09-21 01:22:37,766 [aa364905-4a8e-4b76-ab26-d74d60c32cfc@group-D13672D1E602-LeaderElection32] INFO  impl.RoleInfo (RoleInfo.java:updateAndGet(130)) - aa364905-4a8e-4b76-ab26-d74d60c32cfc: start aa364905-4a8e-4b76-ab26-d74d60c32cfc@group-D13672D1E602-FollowerState
2021-09-21 01:22:38,160 [57923224-7b87-4e71-9981-19f5694b9dee@group-58F84CC3F313-FollowerState] INFO  impl.FollowerState (FollowerState.java:run(134)) - 57923224-7b87-4e71-9981-19f5694b9dee@group-58F84CC3F313-FollowerState: change to CANDIDATE, lastRpcElapsedTime:5039679785ns, electionTimeout:5017ms
2021-09-21 01:22:38,160 [57923224-7b87-4e71-9981-19f5694b9dee@group-58F84CC3F313-FollowerState] INFO  impl.RoleInfo (RoleInfo.java:shutdownFollowerState(108)) - 57923224-7b87-4e71-9981-19f5694b9dee: shutdown 57923224-7b87-4e71-9981-19f5694b9dee@group-58F84CC3F313-FollowerState
2021-09-21 01:22:38,160 [57923224-7b87-4e71-9981-19f5694b9dee@group-58F84CC3F313-FollowerState] INFO  server.RaftServer$Division (RaftServerImpl.java:setRole(285)) - 57923224-7b87-4e71-9981-19f5694b9dee@group-58F84CC3F313: changes role from  FOLLOWER to CANDIDATE at term 0 for changeToCandidate
2021-09-21 01:22:38,179 [57923224-7b87-4e71-9981-19f5694b9dee@group-58F84CC3F313-FollowerState] INFO  server.RaftServerConfigKeys (ConfUtils.java:logGet(44)) - raft.server.leaderelection.pre-vote = false (custom)
2021-09-21 01:22:38,179 [57923224-7b87-4e71-9981-19f5694b9dee@group-58F84CC3F313-FollowerState] INFO  impl.RoleInfo (RoleInfo.java:updateAndGet(130)) - 57923224-7b87-4e71-9981-19f5694b9dee: start 57923224-7b87-4e71-9981-19f5694b9dee@group-58F84CC3F313-LeaderElection34
2021-09-21 01:22:38,207 [57923224-7b87-4e71-9981-19f5694b9dee@group-58F84CC3F313-LeaderElection34] INFO  impl.LeaderElection (LeaderElection.java:askForVotes(306)) - 57923224-7b87-4e71-9981-19f5694b9dee@group-58F84CC3F313-LeaderElection34 ELECTION round 0: submit vote requests at term 1 for -1: [57923224-7b87-4e71-9981-19f5694b9dee|rpc:10.1.0.51:39003|priority:1], old=null
2021-09-21 01:22:38,207 [57923224-7b87-4e71-9981-19f5694b9dee@group-58F84CC3F313-LeaderElection34] INFO  impl.LeaderElection (LeaderElection.java:askForVotes(308)) - 57923224-7b87-4e71-9981-19f5694b9dee@group-58F84CC3F313-LeaderElection34 ELECTION round 0: result PASSED (term=1)
2021-09-21 01:22:38,207 [57923224-7b87-4e71-9981-19f5694b9dee@group-58F84CC3F313-LeaderElection34] INFO  impl.RoleInfo (RoleInfo.java:shutdownLeaderElection(121)) - 57923224-7b87-4e71-9981-19f5694b9dee: shutdown 57923224-7b87-4e71-9981-19f5694b9dee@group-58F84CC3F313-LeaderElection34
2021-09-21 01:22:38,207 [57923224-7b87-4e71-9981-19f5694b9dee@group-58F84CC3F313-LeaderElection34] INFO  server.RaftServer$Division (RaftServerImpl.java:setRole(285)) - 57923224-7b87-4e71-9981-19f5694b9dee@group-58F84CC3F313: changes role from CANDIDATE to LEADER at term 1 for changeToLeader
2021-09-21 01:22:38,208 [57923224-7b87-4e71-9981-19f5694b9dee@group-58F84CC3F313-LeaderElection34] INFO  ratis.XceiverServerRatis (XceiverServerRatis.java:handleLeaderChangedNotification(860)) - Leader change notification received for group: group-58F84CC3F313 with new leaderId: 57923224-7b87-4e71-9981-19f5694b9dee
2021-09-21 01:22:38,208 [Datanode State Machine Thread - 0] WARN  statemachine.StateContext (StateContext.java:execute(621)) - No available thread in pool for past 1 seconds.
2021-09-21 01:22:38,208 [57923224-7b87-4e71-9981-19f5694b9dee@group-58F84CC3F313-LeaderElection34] INFO  server.RaftServer$Division (ServerState.java:setLeader(285)) - 57923224-7b87-4e71-9981-19f5694b9dee@group-58F84CC3F313: change Leader from null to 57923224-7b87-4e71-9981-19f5694b9dee at term 1 for becomeLeader, leader elected after 5102ms
2021-09-21 01:22:38,209 [57923224-7b87-4e71-9981-19f5694b9dee@group-58F84CC3F313-LeaderElection34] INFO  server.RaftServerConfigKeys (ConfUtils.java:logGet(44)) - raft.server.staging.catchup.gap = 1000 (default)
2021-09-21 01:22:38,209 [57923224-7b87-4e71-9981-19f5694b9dee@group-58F84CC3F313-LeaderElection34] INFO  server.RaftServerConfigKeys (ConfUtils.java:logGet(44)) - raft.server.write.element-limit = 1024 (custom)
2021-09-21 01:22:38,209 [57923224-7b87-4e71-9981-19f5694b9dee@group-58F84CC3F313-LeaderElection34] INFO  server.RaftServerConfigKeys (ConfUtils.java:logGet(44)) - raft.server.write.byte-limit = 1024 M (=1073741824) (custom)
2021-09-21 01:22:38,209 [EventQueue-OpenPipelineForHealthyPipelineSafeModeRule] INFO  safemode.SCMSafeModeManager (HealthyPipelineSafeModeRule.java:process(124)) - SCM in safe mode. Healthy pipelines reported count is 0, required healthy pipeline reported count is 1
2021-09-21 01:22:38,210 [57923224-7b87-4e71-9981-19f5694b9dee@group-58F84CC3F313-LeaderElection34] INFO  server.RaftServerConfigKeys (ConfUtils.java:logGet(44)) - raft.server.watch.timeout = 3000ms (custom)
2021-09-21 01:22:38,210 [57923224-7b87-4e71-9981-19f5694b9dee@group-58F84CC3F313-LeaderElection34] INFO  server.RaftServerConfigKeys (ConfUtils.java:logGet(44)) - raft.server.watch.timeout.denomination = 1s (default)
2021-09-21 01:22:38,210 [57923224-7b87-4e71-9981-19f5694b9dee@group-58F84CC3F313-LeaderElection34] INFO  server.RaftServerConfigKeys (ConfUtils.java:logGet(44)) - raft.server.watch.element-limit = 65536 (default)
2021-09-21 01:22:38,211 [57923224-7b87-4e71-9981-19f5694b9dee@group-58F84CC3F313-LeaderElection34] INFO  impl.RoleInfo (RoleInfo.java:updateAndGet(130)) - 57923224-7b87-4e71-9981-19f5694b9dee: start 57923224-7b87-4e71-9981-19f5694b9dee@group-58F84CC3F313-LeaderStateImpl
2021-09-21 01:22:38,214 [57923224-7b87-4e71-9981-19f5694b9dee@group-58F84CC3F313-LeaderElection34] INFO  segmented.SegmentedRaftLogWorker (SegmentedRaftLogWorker.java:startLogSegment(394)) - 57923224-7b87-4e71-9981-19f5694b9dee@group-58F84CC3F313-SegmentedRaftLogWorker: Starting segment from index:0
2021-09-21 01:22:38,215 [57923224-7b87-4e71-9981-19f5694b9dee@group-58F84CC3F313-SegmentedRaftLogWorker] INFO  segmented.SegmentedRaftLogWorker (SegmentedRaftLogWorker.java:execute(601)) - 57923224-7b87-4e71-9981-19f5694b9dee@group-58F84CC3F313-SegmentedRaftLogWorker: created new log segment /home/runner/work/ozone/ozone/hadoop-ozone/integration-test/target/test-dir/MiniOzoneClusterImpl-7349e056-7b32-48d8-92e4-5182ee86217f/datanode-4/data/ratis/324dc8db-b8de-4dc6-be0a-58f84cc3f313/current/log_inprogress_0
2021-09-21 01:22:38,229 [57923224-7b87-4e71-9981-19f5694b9dee@group-58F84CC3F313-LeaderElection34] INFO  server.RaftServer$Division (ServerState.java:setRaftConf(387)) - 57923224-7b87-4e71-9981-19f5694b9dee@group-58F84CC3F313: set configuration 0: [57923224-7b87-4e71-9981-19f5694b9dee|rpc:10.1.0.51:39003|dataStream:|priority:1], old=null
2021-09-21 01:22:38,339 [Listener at 127.0.0.1/33583] INFO  ozone.MiniOzoneClusterImpl (MiniOzoneClusterImpl.java:lambda$waitForClusterToBeReady$0(235)) - Nodes are ready. Got 9 of 9 DN Heartbeats.
2021-09-21 01:22:38,339 [Listener at 127.0.0.1/33583] INFO  ozone.MiniOzoneClusterImpl (MiniOzoneClusterImpl.java:lambda$waitForClusterToBeReady$0(238)) - Waiting for cluster to exit safe mode
2021-09-21 01:22:38,339 [Listener at 127.0.0.1/33583] INFO  ozone.MiniOzoneClusterImpl (MiniOzoneClusterImpl.java:lambda$waitForClusterToBeReady$0(240)) - SCM became leader
2021-09-21 01:22:38,888 [9e8c78a1-f01d-42ca-a684-b6f934dd8d4f@group-32826C81FE16-FollowerState] INFO  impl.FollowerState (FollowerState.java:run(134)) - 9e8c78a1-f01d-42ca-a684-b6f934dd8d4f@group-32826C81FE16-FollowerState: change to CANDIDATE, lastRpcElapsedTime:5075053550ns, electionTimeout:5063ms
2021-09-21 01:22:38,889 [9e8c78a1-f01d-42ca-a684-b6f934dd8d4f@group-32826C81FE16-FollowerState] INFO  impl.RoleInfo (RoleInfo.java:shutdownFollowerState(108)) - 9e8c78a1-f01d-42ca-a684-b6f934dd8d4f: shutdown 9e8c78a1-f01d-42ca-a684-b6f934dd8d4f@group-32826C81FE16-FollowerState
2021-09-21 01:22:38,889 [9e8c78a1-f01d-42ca-a684-b6f934dd8d4f@group-32826C81FE16-FollowerState] INFO  server.RaftServer$Division (RaftServerImpl.java:setRole(285)) - 9e8c78a1-f01d-42ca-a684-b6f934dd8d4f@group-32826C81FE16: changes role from  FOLLOWER to CANDIDATE at term 0 for changeToCandidate
2021-09-21 01:22:38,890 [9e8c78a1-f01d-42ca-a684-b6f934dd8d4f@group-32826C81FE16-FollowerState] INFO  server.RaftServerConfigKeys (ConfUtils.java:logGet(44)) - raft.server.leaderelection.pre-vote = false (custom)
2021-09-21 01:22:38,890 [9e8c78a1-f01d-42ca-a684-b6f934dd8d4f@group-32826C81FE16-FollowerState] INFO  impl.RoleInfo (RoleInfo.java:updateAndGet(130)) - 9e8c78a1-f01d-42ca-a684-b6f934dd8d4f: start 9e8c78a1-f01d-42ca-a684-b6f934dd8d4f@group-32826C81FE16-LeaderElection35
2021-09-21 01:22:38,909 [9e8c78a1-f01d-42ca-a684-b6f934dd8d4f@group-32826C81FE16-LeaderElection35] INFO  impl.LeaderElection (LeaderElection.java:askForVotes(306)) - 9e8c78a1-f01d-42ca-a684-b6f934dd8d4f@group-32826C81FE16-LeaderElection35 ELECTION round 0: submit vote requests at term 1 for -1: [9e8c78a1-f01d-42ca-a684-b6f934dd8d4f|rpc:10.1.0.51:39721|priority:1], old=null
2021-09-21 01:22:38,909 [9e8c78a1-f01d-42ca-a684-b6f934dd8d4f@group-32826C81FE16-LeaderElection35] INFO  impl.LeaderElection (LeaderElection.java:askForVotes(308)) - 9e8c78a1-f01d-42ca-a684-b6f934dd8d4f@group-32826C81FE16-LeaderElection35 ELECTION round 0: result PASSED (term=1)
2021-09-21 01:22:38,909 [9e8c78a1-f01d-42ca-a684-b6f934dd8d4f@group-32826C81FE16-LeaderElection35] INFO  impl.RoleInfo (RoleInfo.java:shutdownLeaderElection(121)) - 9e8c78a1-f01d-42ca-a684-b6f934dd8d4f: shutdown 9e8c78a1-f01d-42ca-a684-b6f934dd8d4f@group-32826C81FE16-LeaderElection35
2021-09-21 01:22:38,909 [9e8c78a1-f01d-42ca-a684-b6f934dd8d4f@group-32826C81FE16-LeaderElection35] INFO  server.RaftServer$Division (RaftServerImpl.java:setRole(285)) - 9e8c78a1-f01d-42ca-a684-b6f934dd8d4f@group-32826C81FE16: changes role from CANDIDATE to LEADER at term 1 for changeToLeader
2021-09-21 01:22:38,910 [9e8c78a1-f01d-42ca-a684-b6f934dd8d4f@group-32826C81FE16-LeaderElection35] INFO  ratis.XceiverServerRatis (XceiverServerRatis.java:handleLeaderChangedNotification(860)) - Leader change notification received for group: group-32826C81FE16 with new leaderId: 9e8c78a1-f01d-42ca-a684-b6f934dd8d4f
2021-09-21 01:22:38,910 [Datanode State Machine Thread - 0] WARN  statemachine.StateContext (StateContext.java:execute(621)) - No available thread in pool for past 1 seconds.
2021-09-21 01:22:38,910 [9e8c78a1-f01d-42ca-a684-b6f934dd8d4f@group-32826C81FE16-LeaderElection35] INFO  server.RaftServer$Division (ServerState.java:setLeader(285)) - 9e8c78a1-f01d-42ca-a684-b6f934dd8d4f@group-32826C81FE16: change Leader from null to 9e8c78a1-f01d-42ca-a684-b6f934dd8d4f at term 1 for becomeLeader, leader elected after 5109ms
2021-09-21 01:22:38,910 [9e8c78a1-f01d-42ca-a684-b6f934dd8d4f@group-32826C81FE16-LeaderElection35] INFO  server.RaftServerConfigKeys (ConfUtils.java:logGet(44)) - raft.server.staging.catchup.gap = 1000 (default)
2021-09-21 01:22:38,910 [9e8c78a1-f01d-42ca-a684-b6f934dd8d4f@group-32826C81FE16-LeaderElection35] INFO  server.RaftServerConfigKeys (ConfUtils.java:logGet(44)) - raft.server.write.element-limit = 1024 (custom)
2021-09-21 01:22:38,910 [9e8c78a1-f01d-42ca-a684-b6f934dd8d4f@group-32826C81FE16-LeaderElection35] INFO  server.RaftServerConfigKeys (ConfUtils.java:logGet(44)) - raft.server.write.byte-limit = 1024 M (=1073741824) (custom)
2021-09-21 01:22:38,911 [9e8c78a1-f01d-42ca-a684-b6f934dd8d4f@group-32826C81FE16-LeaderElection35] INFO  server.RaftServerConfigKeys (ConfUtils.java:logGet(44)) - raft.server.watch.timeout = 3000ms (custom)
2021-09-21 01:22:38,911 [9e8c78a1-f01d-42ca-a684-b6f934dd8d4f@group-32826C81FE16-LeaderElection35] INFO  server.RaftServerConfigKeys (ConfUtils.java:logGet(44)) - raft.server.watch.timeout.denomination = 1s (default)
2021-09-21 01:22:38,911 [9e8c78a1-f01d-42ca-a684-b6f934dd8d4f@group-32826C81FE16-LeaderElection35] INFO  server.RaftServerConfigKeys (ConfUtils.java:logGet(44)) - raft.server.watch.element-limit = 65536 (default)
2021-09-21 01:22:38,911 [9e8c78a1-f01d-42ca-a684-b6f934dd8d4f@group-32826C81FE16-LeaderElection35] INFO  impl.RoleInfo (RoleInfo.java:updateAndGet(130)) - 9e8c78a1-f01d-42ca-a684-b6f934dd8d4f: start 9e8c78a1-f01d-42ca-a684-b6f934dd8d4f@group-32826C81FE16-LeaderStateImpl
2021-09-21 01:22:38,912 [9e8c78a1-f01d-42ca-a684-b6f934dd8d4f@group-32826C81FE16-LeaderElection35] INFO  segmented.SegmentedRaftLogWorker (SegmentedRaftLogWorker.java:startLogSegment(394)) - 9e8c78a1-f01d-42ca-a684-b6f934dd8d4f@group-32826C81FE16-SegmentedRaftLogWorker: Starting segment from index:0
2021-09-21 01:22:38,920 [9e8c78a1-f01d-42ca-a684-b6f934dd8d4f@group-32826C81FE16-LeaderElection35] INFO  server.RaftServer$Division (ServerState.java:setRaftConf(387)) - 9e8c78a1-f01d-42ca-a684-b6f934dd8d4f@group-32826C81FE16: set configuration 0: [9e8c78a1-f01d-42ca-a684-b6f934dd8d4f|rpc:10.1.0.51:39721|dataStream:|priority:1], old=null
2021-09-21 01:22:38,921 [EventQueue-OpenPipelineForHealthyPipelineSafeModeRule] INFO  safemode.SCMSafeModeManager (HealthyPipelineSafeModeRule.java:process(124)) - SCM in safe mode. Healthy pipelines reported count is 0, required healthy pipeline reported count is 1
2021-09-21 01:22:38,936 [9e8c78a1-f01d-42ca-a684-b6f934dd8d4f@group-32826C81FE16-SegmentedRaftLogWorker] INFO  segmented.SegmentedRaftLogWorker (SegmentedRaftLogWorker.java:execute(601)) - 9e8c78a1-f01d-42ca-a684-b6f934dd8d4f@group-32826C81FE16-SegmentedRaftLogWorker: created new log segment /home/runner/work/ozone/ozone/hadoop-ozone/integration-test/target/test-dir/MiniOzoneClusterImpl-7349e056-7b32-48d8-92e4-5182ee86217f/datanode-5/data/ratis/0d95875b-ec35-45bf-b7a0-32826c81fe16/current/log_inprogress_0
2021-09-21 01:22:39,339 [Listener at 127.0.0.1/33583] INFO  ozone.MiniOzoneClusterImpl (MiniOzoneClusterImpl.java:lambda$waitForClusterToBeReady$0(235)) - Nodes are ready. Got 9 of 9 DN Heartbeats.
2021-09-21 01:22:39,340 [Listener at 127.0.0.1/33583] INFO  ozone.MiniOzoneClusterImpl (MiniOzoneClusterImpl.java:lambda$waitForClusterToBeReady$0(238)) - Waiting for cluster to exit safe mode
2021-09-21 01:22:39,340 [Listener at 127.0.0.1/33583] INFO  ozone.MiniOzoneClusterImpl (MiniOzoneClusterImpl.java:lambda$waitForClusterToBeReady$0(240)) - SCM became leader
2021-09-21 01:22:39,642 [7102e10f-7baf-40d1-a733-c49484cac6b4@group-E9BD032BB9DD-FollowerState] INFO  impl.FollowerState (FollowerState.java:run(134)) - 7102e10f-7baf-40d1-a733-c49484cac6b4@group-E9BD032BB9DD-FollowerState: change to CANDIDATE, lastRpcElapsedTime:5147618483ns, electionTimeout:5130ms
2021-09-21 01:22:39,642 [7102e10f-7baf-40d1-a733-c49484cac6b4@group-E9BD032BB9DD-FollowerState] INFO  impl.RoleInfo (RoleInfo.java:shutdownFollowerState(108)) - 7102e10f-7baf-40d1-a733-c49484cac6b4: shutdown 7102e10f-7baf-40d1-a733-c49484cac6b4@group-E9BD032BB9DD-FollowerState
2021-09-21 01:22:39,643 [7102e10f-7baf-40d1-a733-c49484cac6b4@group-E9BD032BB9DD-FollowerState] INFO  server.RaftServer$Division (RaftServerImpl.java:setRole(285)) - 7102e10f-7baf-40d1-a733-c49484cac6b4@group-E9BD032BB9DD: changes role from  FOLLOWER to CANDIDATE at term 0 for changeToCandidate
2021-09-21 01:22:39,644 [7102e10f-7baf-40d1-a733-c49484cac6b4@group-E9BD032BB9DD-FollowerState] INFO  server.RaftServerConfigKeys (ConfUtils.java:logGet(44)) - raft.server.leaderelection.pre-vote = false (custom)
2021-09-21 01:22:39,644 [7102e10f-7baf-40d1-a733-c49484cac6b4@group-E9BD032BB9DD-FollowerState] INFO  impl.RoleInfo (RoleInfo.java:updateAndGet(130)) - 7102e10f-7baf-40d1-a733-c49484cac6b4: start 7102e10f-7baf-40d1-a733-c49484cac6b4@group-E9BD032BB9DD-LeaderElection36
2021-09-21 01:22:39,666 [7102e10f-7baf-40d1-a733-c49484cac6b4@group-E9BD032BB9DD-LeaderElection36] INFO  impl.LeaderElection (LeaderElection.java:askForVotes(306)) - 7102e10f-7baf-40d1-a733-c49484cac6b4@group-E9BD032BB9DD-LeaderElection36 ELECTION round 0: submit vote requests at term 1 for -1: [7102e10f-7baf-40d1-a733-c49484cac6b4|rpc:10.1.0.51:44475|priority:1], old=null
2021-09-21 01:22:39,666 [7102e10f-7baf-40d1-a733-c49484cac6b4@group-E9BD032BB9DD-LeaderElection36] INFO  impl.LeaderElection (LeaderElection.java:askForVotes(308)) - 7102e10f-7baf-40d1-a733-c49484cac6b4@group-E9BD032BB9DD-LeaderElection36 ELECTION round 0: result PASSED (term=1)
2021-09-21 01:22:39,666 [7102e10f-7baf-40d1-a733-c49484cac6b4@group-E9BD032BB9DD-LeaderElection36] INFO  impl.RoleInfo (RoleInfo.java:shutdownLeaderElection(121)) - 7102e10f-7baf-40d1-a733-c49484cac6b4: shutdown 7102e10f-7baf-40d1-a733-c49484cac6b4@group-E9BD032BB9DD-LeaderElection36
2021-09-21 01:22:39,666 [7102e10f-7baf-40d1-a733-c49484cac6b4@group-E9BD032BB9DD-LeaderElection36] INFO  server.RaftServer$Division (RaftServerImpl.java:setRole(285)) - 7102e10f-7baf-40d1-a733-c49484cac6b4@group-E9BD032BB9DD: changes role from CANDIDATE to LEADER at term 1 for changeToLeader
2021-09-21 01:22:39,666 [7102e10f-7baf-40d1-a733-c49484cac6b4@group-E9BD032BB9DD-LeaderElection36] INFO  ratis.XceiverServerRatis (XceiverServerRatis.java:handleLeaderChangedNotification(860)) - Leader change notification received for group: group-E9BD032BB9DD with new leaderId: 7102e10f-7baf-40d1-a733-c49484cac6b4
2021-09-21 01:22:39,666 [Datanode State Machine Thread - 0] WARN  statemachine.StateContext (StateContext.java:execute(621)) - No available thread in pool for past 1 seconds.
2021-09-21 01:22:39,666 [7102e10f-7baf-40d1-a733-c49484cac6b4@group-E9BD032BB9DD-LeaderElection36] INFO  server.RaftServer$Division (ServerState.java:setLeader(285)) - 7102e10f-7baf-40d1-a733-c49484cac6b4@group-E9BD032BB9DD: change Leader from null to 7102e10f-7baf-40d1-a733-c49484cac6b4 at term 1 for becomeLeader, leader elected after 5178ms
2021-09-21 01:22:39,667 [7102e10f-7baf-40d1-a733-c49484cac6b4@group-E9BD032BB9DD-LeaderElection36] INFO  server.RaftServerConfigKeys (ConfUtils.java:logGet(44)) - raft.server.staging.catchup.gap = 1000 (default)
2021-09-21 01:22:39,667 [7102e10f-7baf-40d1-a733-c49484cac6b4@group-E9BD032BB9DD-LeaderElection36] INFO  server.RaftServerConfigKeys (ConfUtils.java:logGet(44)) - raft.server.write.element-limit = 1024 (custom)
2021-09-21 01:22:39,667 [7102e10f-7baf-40d1-a733-c49484cac6b4@group-E9BD032BB9DD-LeaderElection36] INFO  server.RaftServerConfigKeys (ConfUtils.java:logGet(44)) - raft.server.write.byte-limit = 1024 M (=1073741824) (custom)
2021-09-21 01:22:39,667 [7102e10f-7baf-40d1-a733-c49484cac6b4@group-E9BD032BB9DD-LeaderElection36] INFO  server.RaftServerConfigKeys (ConfUtils.java:logGet(44)) - raft.server.watch.timeout = 3000ms (custom)
2021-09-21 01:22:39,667 [7102e10f-7baf-40d1-a733-c49484cac6b4@group-E9BD032BB9DD-LeaderElection36] INFO  server.RaftServerConfigKeys (ConfUtils.java:logGet(44)) - raft.server.watch.timeout.denomination = 1s (default)
2021-09-21 01:22:39,667 [7102e10f-7baf-40d1-a733-c49484cac6b4@group-E9BD032BB9DD-LeaderElection36] INFO  server.RaftServerConfigKeys (ConfUtils.java:logGet(44)) - raft.server.watch.element-limit = 65536 (default)
2021-09-21 01:22:39,668 [7102e10f-7baf-40d1-a733-c49484cac6b4@group-E9BD032BB9DD-LeaderElection36] INFO  impl.RoleInfo (RoleInfo.java:updateAndGet(130)) - 7102e10f-7baf-40d1-a733-c49484cac6b4: start 7102e10f-7baf-40d1-a733-c49484cac6b4@group-E9BD032BB9DD-LeaderStateImpl
2021-09-21 01:22:39,668 [7102e10f-7baf-40d1-a733-c49484cac6b4@group-E9BD032BB9DD-LeaderElection36] INFO  segmented.SegmentedRaftLogWorker (SegmentedRaftLogWorker.java:startLogSegment(394)) - 7102e10f-7baf-40d1-a733-c49484cac6b4@group-E9BD032BB9DD-SegmentedRaftLogWorker: Starting segment from index:0
2021-09-21 01:22:39,671 [EventQueue-OpenPipelineForHealthyPipelineSafeModeRule] INFO  safemode.SCMSafeModeManager (HealthyPipelineSafeModeRule.java:process(124)) - SCM in safe mode. Healthy pipelines reported count is 0, required healthy pipeline reported count is 1
2021-09-21 01:22:39,675 [7102e10f-7baf-40d1-a733-c49484cac6b4@group-E9BD032BB9DD-SegmentedRaftLogWorker] INFO  segmented.SegmentedRaftLogWorker (SegmentedRaftLogWorker.java:execute(601)) - 7102e10f-7baf-40d1-a733-c49484cac6b4@group-E9BD032BB9DD-SegmentedRaftLogWorker: created new log segment /home/runner/work/ozone/ozone/hadoop-ozone/integration-test/target/test-dir/MiniOzoneClusterImpl-7349e056-7b32-48d8-92e4-5182ee86217f/datanode-6/data/ratis/d7cbee73-e4a9-452b-9ecd-e9bd032bb9dd/current/log_inprogress_0
2021-09-21 01:22:39,691 [7102e10f-7baf-40d1-a733-c49484cac6b4@group-E9BD032BB9DD-LeaderElection36] INFO  server.RaftServer$Division (ServerState.java:setRaftConf(387)) - 7102e10f-7baf-40d1-a733-c49484cac6b4@group-E9BD032BB9DD: set configuration 0: [7102e10f-7baf-40d1-a733-c49484cac6b4|rpc:10.1.0.51:44475|dataStream:|priority:1], old=null
2021-09-21 01:22:39,694 [7102e10f-7baf-40d1-a733-c49484cac6b4@group-C274E472E363-FollowerState] INFO  impl.FollowerState (FollowerState.java:run(134)) - 7102e10f-7baf-40d1-a733-c49484cac6b4@group-C274E472E363-FollowerState: change to CANDIDATE, lastRpcElapsedTime:5145193477ns, electionTimeout:5131ms
2021-09-21 01:22:39,694 [7102e10f-7baf-40d1-a733-c49484cac6b4@group-C274E472E363-FollowerState] INFO  impl.RoleInfo (RoleInfo.java:shutdownFollowerState(108)) - 7102e10f-7baf-40d1-a733-c49484cac6b4: shutdown 7102e10f-7baf-40d1-a733-c49484cac6b4@group-C274E472E363-FollowerState
2021-09-21 01:22:39,694 [7102e10f-7baf-40d1-a733-c49484cac6b4@group-C274E472E363-FollowerState] INFO  server.RaftServer$Division (RaftServerImpl.java:setRole(285)) - 7102e10f-7baf-40d1-a733-c49484cac6b4@group-C274E472E363: changes role from  FOLLOWER to CANDIDATE at term 0 for changeToCandidate
2021-09-21 01:22:39,694 [7102e10f-7baf-40d1-a733-c49484cac6b4@group-C274E472E363-FollowerState] INFO  server.RaftServerConfigKeys (ConfUtils.java:logGet(44)) - raft.server.leaderelection.pre-vote = false (custom)
2021-09-21 01:22:39,694 [7102e10f-7baf-40d1-a733-c49484cac6b4@group-C274E472E363-FollowerState] INFO  impl.RoleInfo (RoleInfo.java:updateAndGet(130)) - 7102e10f-7baf-40d1-a733-c49484cac6b4: start 7102e10f-7baf-40d1-a733-c49484cac6b4@group-C274E472E363-LeaderElection37
2021-09-21 01:22:39,729 [7102e10f-7baf-40d1-a733-c49484cac6b4@group-C274E472E363-LeaderElection37] INFO  impl.LeaderElection (LeaderElection.java:askForVotes(306)) - 7102e10f-7baf-40d1-a733-c49484cac6b4@group-C274E472E363-LeaderElection37 ELECTION round 0: submit vote requests at term 1 for -1: [77eebb93-8ed1-4443-8476-48726f7e27c1|rpc:10.1.0.51:40681|priority:1, 7102e10f-7baf-40d1-a733-c49484cac6b4|rpc:10.1.0.51:44475|priority:0, ad039a86-d7f3-42ea-bec3-b4149bcaa887|rpc:10.1.0.51:35567|priority:0], old=null
2021-09-21 01:22:39,747 [77eebb93-8ed1-4443-8476-48726f7e27c1@group-C274E472E363-FollowerState] INFO  impl.FollowerState (FollowerState.java:run(134)) - 77eebb93-8ed1-4443-8476-48726f7e27c1@group-C274E472E363-FollowerState: change to CANDIDATE, lastRpcElapsedTime:5104934904ns, electionTimeout:5085ms
2021-09-21 01:22:39,747 [77eebb93-8ed1-4443-8476-48726f7e27c1@group-C274E472E363-FollowerState] INFO  impl.RoleInfo (RoleInfo.java:shutdownFollowerState(108)) - 77eebb93-8ed1-4443-8476-48726f7e27c1: shutdown 77eebb93-8ed1-4443-8476-48726f7e27c1@group-C274E472E363-FollowerState
2021-09-21 01:22:39,747 [77eebb93-8ed1-4443-8476-48726f7e27c1@group-C274E472E363-FollowerState] INFO  server.RaftServer$Division (RaftServerImpl.java:setRole(285)) - 77eebb93-8ed1-4443-8476-48726f7e27c1@group-C274E472E363: changes role from  FOLLOWER to CANDIDATE at term 0 for changeToCandidate
2021-09-21 01:22:39,748 [77eebb93-8ed1-4443-8476-48726f7e27c1@group-C274E472E363-FollowerState] INFO  server.RaftServerConfigKeys (ConfUtils.java:logGet(44)) - raft.server.leaderelection.pre-vote = false (custom)
2021-09-21 01:22:39,748 [77eebb93-8ed1-4443-8476-48726f7e27c1@group-C274E472E363-FollowerState] INFO  impl.RoleInfo (RoleInfo.java:updateAndGet(130)) - 77eebb93-8ed1-4443-8476-48726f7e27c1: start 77eebb93-8ed1-4443-8476-48726f7e27c1@group-C274E472E363-LeaderElection38
2021-09-21 01:22:39,755 [grpc-default-executor-3] INFO  server.RaftServer$Division (RaftServerImpl.java:requestVote(1043)) - 77eebb93-8ed1-4443-8476-48726f7e27c1@group-C274E472E363: receive requestVote(ELECTION, 7102e10f-7baf-40d1-a733-c49484cac6b4, group-C274E472E363, 1, (t:0, i:0))
2021-09-21 01:22:39,755 [grpc-default-executor-3] INFO  impl.VoteContext (VoteContext.java:log(48)) - 77eebb93-8ed1-4443-8476-48726f7e27c1@group-C274E472E363-CANDIDATE: reject ELECTION from 7102e10f-7baf-40d1-a733-c49484cac6b4: our priority 1 > candidate's priority 0
2021-09-21 01:22:39,756 [grpc-default-executor-3] INFO  server.RaftServer$Division (RaftServerImpl.java:setRole(285)) - 77eebb93-8ed1-4443-8476-48726f7e27c1@group-C274E472E363: changes role from CANDIDATE to FOLLOWER at term 1 for candidate:7102e10f-7baf-40d1-a733-c49484cac6b4
2021-09-21 01:22:39,756 [grpc-default-executor-3] INFO  impl.RoleInfo (RoleInfo.java:shutdownLeaderElection(121)) - 77eebb93-8ed1-4443-8476-48726f7e27c1: shutdown 77eebb93-8ed1-4443-8476-48726f7e27c1@group-C274E472E363-LeaderElection38
2021-09-21 01:22:39,756 [grpc-default-executor-3] INFO  impl.RoleInfo (RoleInfo.java:updateAndGet(130)) - 77eebb93-8ed1-4443-8476-48726f7e27c1: start 77eebb93-8ed1-4443-8476-48726f7e27c1@group-C274E472E363-FollowerState
2021-09-21 01:22:39,761 [grpc-default-executor-3] INFO  server.RaftServer$Division (RaftServerImpl.java:requestVote(1075)) - 77eebb93-8ed1-4443-8476-48726f7e27c1@group-C274E472E363 replies to ELECTION vote request: 7102e10f-7baf-40d1-a733-c49484cac6b4<-77eebb93-8ed1-4443-8476-48726f7e27c1#0:FAIL-t1. Peer's state: 77eebb93-8ed1-4443-8476-48726f7e27c1@group-C274E472E363:t1, leader=null, voted=null, raftlog=77eebb93-8ed1-4443-8476-48726f7e27c1@group-C274E472E363-SegmentedRaftLog:OPENED:c-1,f-1,i0, conf=-1: [77eebb93-8ed1-4443-8476-48726f7e27c1|rpc:10.1.0.51:40681|dataStream:|priority:1, 7102e10f-7baf-40d1-a733-c49484cac6b4|rpc:10.1.0.51:44475|dataStream:|priority:0, ad039a86-d7f3-42ea-bec3-b4149bcaa887|rpc:10.1.0.51:35567|dataStream:|priority:0], old=null
2021-09-21 01:22:39,787 [grpc-default-executor-3] INFO  server.RaftServer$Division (RaftServerImpl.java:requestVote(1043)) - ad039a86-d7f3-42ea-bec3-b4149bcaa887@group-C274E472E363: receive requestVote(ELECTION, 7102e10f-7baf-40d1-a733-c49484cac6b4, group-C274E472E363, 1, (t:0, i:0))
2021-09-21 01:22:39,787 [grpc-default-executor-3] INFO  impl.VoteContext (VoteContext.java:log(48)) - ad039a86-d7f3-42ea-bec3-b4149bcaa887@group-C274E472E363-FOLLOWER: accept ELECTION from 7102e10f-7baf-40d1-a733-c49484cac6b4: our priority 0 <= candidate's priority 0
2021-09-21 01:22:39,787 [grpc-default-executor-3] INFO  server.RaftServer$Division (RaftServerImpl.java:setRole(285)) - ad039a86-d7f3-42ea-bec3-b4149bcaa887@group-C274E472E363: changes role from  FOLLOWER to FOLLOWER at term 1 for candidate:7102e10f-7baf-40d1-a733-c49484cac6b4
2021-09-21 01:22:39,787 [grpc-default-executor-3] INFO  impl.RoleInfo (RoleInfo.java:shutdownFollowerState(108)) - ad039a86-d7f3-42ea-bec3-b4149bcaa887: shutdown ad039a86-d7f3-42ea-bec3-b4149bcaa887@group-C274E472E363-FollowerState
2021-09-21 01:22:39,787 [grpc-default-executor-3] INFO  impl.RoleInfo (RoleInfo.java:updateAndGet(130)) - ad039a86-d7f3-42ea-bec3-b4149bcaa887: start ad039a86-d7f3-42ea-bec3-b4149bcaa887@group-C274E472E363-FollowerState
2021-09-21 01:22:39,787 [ad039a86-d7f3-42ea-bec3-b4149bcaa887@group-C274E472E363-FollowerState] INFO  impl.FollowerState (FollowerState.java:run(143)) - ad039a86-d7f3-42ea-bec3-b4149bcaa887@group-C274E472E363-FollowerState was interrupted: {}
java.lang.InterruptedException: sleep interrupted
	at java.lang.Thread.sleep(Native Method)
	at java.lang.Thread.sleep(Thread.java:340)
	at java.util.concurrent.TimeUnit.sleep(TimeUnit.java:386)
	at org.apache.ratis.util.TimeDuration.sleep(TimeDuration.java:324)
	at org.apache.ratis.util.TimeDuration.sleep(TimeDuration.java:309)
	at org.apache.ratis.server.impl.FollowerState.run(FollowerState.java:118)
2021-09-21 01:22:39,808 [7102e10f-7baf-40d1-a733-c49484cac6b4@group-C274E472E363-LeaderElection37] INFO  impl.LeaderElection (LeaderElection.java:logAndReturn(89)) - 7102e10f-7baf-40d1-a733-c49484cac6b4@group-C274E472E363-LeaderElection37: ELECTION REJECTED received 1 response(s) and 0 exception(s):
2021-09-21 01:22:39,808 [7102e10f-7baf-40d1-a733-c49484cac6b4@group-C274E472E363-LeaderElection37] INFO  impl.LeaderElection (LeaderElection.java:logAndReturn(93)) -   Response 0: 7102e10f-7baf-40d1-a733-c49484cac6b4<-77eebb93-8ed1-4443-8476-48726f7e27c1#0:FAIL-t1
2021-09-21 01:22:39,808 [7102e10f-7baf-40d1-a733-c49484cac6b4@group-C274E472E363-LeaderElection37] INFO  impl.LeaderElection (LeaderElection.java:askForVotes(308)) - 7102e10f-7baf-40d1-a733-c49484cac6b4@group-C274E472E363-LeaderElection37 ELECTION round 0: result REJECTED
2021-09-21 01:22:39,808 [7102e10f-7baf-40d1-a733-c49484cac6b4@group-C274E472E363-LeaderElection37] INFO  server.RaftServer$Division (RaftServerImpl.java:setRole(285)) - 7102e10f-7baf-40d1-a733-c49484cac6b4@group-C274E472E363: changes role from CANDIDATE to FOLLOWER at term 1 for REJECTED
2021-09-21 01:22:39,808 [7102e10f-7baf-40d1-a733-c49484cac6b4@group-C274E472E363-LeaderElection37] INFO  impl.RoleInfo (RoleInfo.java:shutdownLeaderElection(121)) - 7102e10f-7baf-40d1-a733-c49484cac6b4: shutdown 7102e10f-7baf-40d1-a733-c49484cac6b4@group-C274E472E363-LeaderElection37
2021-09-21 01:22:39,809 [7102e10f-7baf-40d1-a733-c49484cac6b4@group-C274E472E363-LeaderElection37] INFO  impl.RoleInfo (RoleInfo.java:updateAndGet(130)) - 7102e10f-7baf-40d1-a733-c49484cac6b4: start 7102e10f-7baf-40d1-a733-c49484cac6b4@group-C274E472E363-FollowerState
2021-09-21 01:22:39,809 [grpc-default-executor-3] INFO  server.RaftServer$Division (RaftServerImpl.java:requestVote(1075)) - ad039a86-d7f3-42ea-bec3-b4149bcaa887@group-C274E472E363 replies to ELECTION vote request: 7102e10f-7baf-40d1-a733-c49484cac6b4<-ad039a86-d7f3-42ea-bec3-b4149bcaa887#0:OK-t1. Peer's state: ad039a86-d7f3-42ea-bec3-b4149bcaa887@group-C274E472E363:t1, leader=null, voted=7102e10f-7baf-40d1-a733-c49484cac6b4, raftlog=ad039a86-d7f3-42ea-bec3-b4149bcaa887@group-C274E472E363-SegmentedRaftLog:OPENED:c-1,f-1,i0, conf=-1: [77eebb93-8ed1-4443-8476-48726f7e27c1|rpc:10.1.0.51:40681|dataStream:|priority:1, 7102e10f-7baf-40d1-a733-c49484cac6b4|rpc:10.1.0.51:44475|dataStream:|priority:0, ad039a86-d7f3-42ea-bec3-b4149bcaa887|rpc:10.1.0.51:35567|dataStream:|priority:0], old=null
2021-09-21 01:22:40,135 [77eebb93-8ed1-4443-8476-48726f7e27c1@group-C51B0FAD2543-FollowerState] INFO  impl.FollowerState (FollowerState.java:run(134)) - 77eebb93-8ed1-4443-8476-48726f7e27c1@group-C51B0FAD2543-FollowerState: change to CANDIDATE, lastRpcElapsedTime:5214316804ns, electionTimeout:5199ms
2021-09-21 01:22:40,136 [77eebb93-8ed1-4443-8476-48726f7e27c1@group-C51B0FAD2543-FollowerState] INFO  impl.RoleInfo (RoleInfo.java:shutdownFollowerState(108)) - 77eebb93-8ed1-4443-8476-48726f7e27c1: shutdown 77eebb93-8ed1-4443-8476-48726f7e27c1@group-C51B0FAD2543-FollowerState
2021-09-21 01:22:40,136 [77eebb93-8ed1-4443-8476-48726f7e27c1@group-C51B0FAD2543-FollowerState] INFO  server.RaftServer$Division (RaftServerImpl.java:setRole(285)) - 77eebb93-8ed1-4443-8476-48726f7e27c1@group-C51B0FAD2543: changes role from  FOLLOWER to CANDIDATE at term 0 for changeToCandidate
2021-09-21 01:22:40,136 [77eebb93-8ed1-4443-8476-48726f7e27c1@group-C51B0FAD2543-FollowerState] INFO  server.RaftServerConfigKeys (ConfUtils.java:logGet(44)) - raft.server.leaderelection.pre-vote = false (custom)
2021-09-21 01:22:40,136 [77eebb93-8ed1-4443-8476-48726f7e27c1@group-C51B0FAD2543-FollowerState] INFO  impl.RoleInfo (RoleInfo.java:updateAndGet(130)) - 77eebb93-8ed1-4443-8476-48726f7e27c1: start 77eebb93-8ed1-4443-8476-48726f7e27c1@group-C51B0FAD2543-LeaderElection39
2021-09-21 01:22:40,146 [77eebb93-8ed1-4443-8476-48726f7e27c1@group-C51B0FAD2543-LeaderElection39] INFO  impl.LeaderElection (LeaderElection.java:askForVotes(306)) - 77eebb93-8ed1-4443-8476-48726f7e27c1@group-C51B0FAD2543-LeaderElection39 ELECTION round 0: submit vote requests at term 1 for -1: [77eebb93-8ed1-4443-8476-48726f7e27c1|rpc:10.1.0.51:40681|priority:1], old=null
2021-09-21 01:22:40,146 [77eebb93-8ed1-4443-8476-48726f7e27c1@group-C51B0FAD2543-LeaderElection39] INFO  impl.LeaderElection (LeaderElection.java:askForVotes(308)) - 77eebb93-8ed1-4443-8476-48726f7e27c1@group-C51B0FAD2543-LeaderElection39 ELECTION round 0: result PASSED (term=1)
2021-09-21 01:22:40,146 [77eebb93-8ed1-4443-8476-48726f7e27c1@group-C51B0FAD2543-LeaderElection39] INFO  impl.RoleInfo (RoleInfo.java:shutdownLeaderElection(121)) - 77eebb93-8ed1-4443-8476-48726f7e27c1: shutdown 77eebb93-8ed1-4443-8476-48726f7e27c1@group-C51B0FAD2543-LeaderElection39
2021-09-21 01:22:40,146 [77eebb93-8ed1-4443-8476-48726f7e27c1@group-C51B0FAD2543-LeaderElection39] INFO  server.RaftServer$Division (RaftServerImpl.java:setRole(285)) - 77eebb93-8ed1-4443-8476-48726f7e27c1@group-C51B0FAD2543: changes role from CANDIDATE to LEADER at term 1 for changeToLeader
2021-09-21 01:22:40,146 [77eebb93-8ed1-4443-8476-48726f7e27c1@group-C51B0FAD2543-LeaderElection39] INFO  ratis.XceiverServerRatis (XceiverServerRatis.java:handleLeaderChangedNotification(860)) - Leader change notification received for group: group-C51B0FAD2543 with new leaderId: 77eebb93-8ed1-4443-8476-48726f7e27c1
2021-09-21 01:22:40,147 [Datanode State Machine Thread - 0] WARN  statemachine.StateContext (StateContext.java:execute(621)) - No available thread in pool for past 1 seconds.
2021-09-21 01:22:40,148 [77eebb93-8ed1-4443-8476-48726f7e27c1@group-C51B0FAD2543-LeaderElection39] INFO  server.RaftServer$Division (ServerState.java:setLeader(285)) - 77eebb93-8ed1-4443-8476-48726f7e27c1@group-C51B0FAD2543: change Leader from null to 77eebb93-8ed1-4443-8476-48726f7e27c1 at term 1 for becomeLeader, leader elected after 5233ms
2021-09-21 01:22:40,148 [77eebb93-8ed1-4443-8476-48726f7e27c1@group-C51B0FAD2543-LeaderElection39] INFO  server.RaftServerConfigKeys (ConfUtils.java:logGet(44)) - raft.server.staging.catchup.gap = 1000 (default)
2021-09-21 01:22:40,148 [77eebb93-8ed1-4443-8476-48726f7e27c1@group-C51B0FAD2543-LeaderElection39] INFO  server.RaftServerConfigKeys (ConfUtils.java:logGet(44)) - raft.server.write.element-limit = 1024 (custom)
2021-09-21 01:22:40,148 [77eebb93-8ed1-4443-8476-48726f7e27c1@group-C51B0FAD2543-LeaderElection39] INFO  server.RaftServerConfigKeys (ConfUtils.java:logGet(44)) - raft.server.write.byte-limit = 1024 M (=1073741824) (custom)
2021-09-21 01:22:40,149 [77eebb93-8ed1-4443-8476-48726f7e27c1@group-C51B0FAD2543-LeaderElection39] INFO  server.RaftServerConfigKeys (ConfUtils.java:logGet(44)) - raft.server.watch.timeout = 3000ms (custom)
2021-09-21 01:22:40,149 [77eebb93-8ed1-4443-8476-48726f7e27c1@group-C51B0FAD2543-LeaderElection39] INFO  server.RaftServerConfigKeys (ConfUtils.java:logGet(44)) - raft.server.watch.timeout.denomination = 1s (default)
2021-09-21 01:22:40,149 [77eebb93-8ed1-4443-8476-48726f7e27c1@group-C51B0FAD2543-LeaderElection39] INFO  server.RaftServerConfigKeys (ConfUtils.java:logGet(44)) - raft.server.watch.element-limit = 65536 (default)
2021-09-21 01:22:40,149 [77eebb93-8ed1-4443-8476-48726f7e27c1@group-C51B0FAD2543-LeaderElection39] INFO  impl.RoleInfo (RoleInfo.java:updateAndGet(130)) - 77eebb93-8ed1-4443-8476-48726f7e27c1: start 77eebb93-8ed1-4443-8476-48726f7e27c1@group-C51B0FAD2543-LeaderStateImpl
2021-09-21 01:22:40,149 [77eebb93-8ed1-4443-8476-48726f7e27c1@group-C51B0FAD2543-LeaderElection39] INFO  segmented.SegmentedRaftLogWorker (SegmentedRaftLogWorker.java:startLogSegment(394)) - 77eebb93-8ed1-4443-8476-48726f7e27c1@group-C51B0FAD2543-SegmentedRaftLogWorker: Starting segment from index:0
2021-09-21 01:22:40,150 [EventQueue-OpenPipelineForHealthyPipelineSafeModeRule] INFO  safemode.SCMSafeModeManager (HealthyPipelineSafeModeRule.java:process(124)) - SCM in safe mode. Healthy pipelines reported count is 0, required healthy pipeline reported count is 1
2021-09-21 01:22:40,153 [77eebb93-8ed1-4443-8476-48726f7e27c1@group-C51B0FAD2543-SegmentedRaftLogWorker] INFO  segmented.SegmentedRaftLogWorker (SegmentedRaftLogWorker.java:execute(601)) - 77eebb93-8ed1-4443-8476-48726f7e27c1@group-C51B0FAD2543-SegmentedRaftLogWorker: created new log segment /home/runner/work/ozone/ozone/hadoop-ozone/integration-test/target/test-dir/MiniOzoneClusterImpl-7349e056-7b32-48d8-92e4-5182ee86217f/datanode-7/data/ratis/1002f7cb-4a07-4e60-8e7f-c51b0fad2543/current/log_inprogress_0
2021-09-21 01:22:40,184 [77eebb93-8ed1-4443-8476-48726f7e27c1@group-C51B0FAD2543-LeaderElection39] INFO  server.RaftServer$Division (ServerState.java:setRaftConf(387)) - 77eebb93-8ed1-4443-8476-48726f7e27c1@group-C51B0FAD2543: set configuration 0: [77eebb93-8ed1-4443-8476-48726f7e27c1|rpc:10.1.0.51:40681|dataStream:|priority:1], old=null
2021-09-21 01:22:40,340 [Listener at 127.0.0.1/33583] INFO  ozone.MiniOzoneClusterImpl (MiniOzoneClusterImpl.java:lambda$waitForClusterToBeReady$0(235)) - Nodes are ready. Got 9 of 9 DN Heartbeats.
2021-09-21 01:22:40,340 [Listener at 127.0.0.1/33583] INFO  ozone.MiniOzoneClusterImpl (MiniOzoneClusterImpl.java:lambda$waitForClusterToBeReady$0(238)) - Waiting for cluster to exit safe mode
2021-09-21 01:22:40,340 [Listener at 127.0.0.1/33583] INFO  ozone.MiniOzoneClusterImpl (MiniOzoneClusterImpl.java:lambda$waitForClusterToBeReady$0(240)) - SCM became leader
2021-09-21 01:22:40,455 [ad039a86-d7f3-42ea-bec3-b4149bcaa887@group-79F07020D29C-FollowerState] INFO  impl.FollowerState (FollowerState.java:run(134)) - ad039a86-d7f3-42ea-bec3-b4149bcaa887@group-79F07020D29C-FollowerState: change to CANDIDATE, lastRpcElapsedTime:5070276841ns, electionTimeout:5064ms
2021-09-21 01:22:40,455 [ad039a86-d7f3-42ea-bec3-b4149bcaa887@group-79F07020D29C-FollowerState] INFO  impl.RoleInfo (RoleInfo.java:shutdownFollowerState(108)) - ad039a86-d7f3-42ea-bec3-b4149bcaa887: shutdown ad039a86-d7f3-42ea-bec3-b4149bcaa887@group-79F07020D29C-FollowerState
2021-09-21 01:22:40,455 [ad039a86-d7f3-42ea-bec3-b4149bcaa887@group-79F07020D29C-FollowerState] INFO  server.RaftServer$Division (RaftServerImpl.java:setRole(285)) - ad039a86-d7f3-42ea-bec3-b4149bcaa887@group-79F07020D29C: changes role from  FOLLOWER to CANDIDATE at term 0 for changeToCandidate
2021-09-21 01:22:40,455 [ad039a86-d7f3-42ea-bec3-b4149bcaa887@group-79F07020D29C-FollowerState] INFO  server.RaftServerConfigKeys (ConfUtils.java:logGet(44)) - raft.server.leaderelection.pre-vote = false (custom)
2021-09-21 01:22:40,455 [ad039a86-d7f3-42ea-bec3-b4149bcaa887@group-79F07020D29C-FollowerState] INFO  impl.RoleInfo (RoleInfo.java:updateAndGet(130)) - ad039a86-d7f3-42ea-bec3-b4149bcaa887: start ad039a86-d7f3-42ea-bec3-b4149bcaa887@group-79F07020D29C-LeaderElection40
2021-09-21 01:22:40,467 [ad039a86-d7f3-42ea-bec3-b4149bcaa887@group-79F07020D29C-LeaderElection40] INFO  impl.LeaderElection (LeaderElection.java:askForVotes(306)) - ad039a86-d7f3-42ea-bec3-b4149bcaa887@group-79F07020D29C-LeaderElection40 ELECTION round 0: submit vote requests at term 1 for -1: [ad039a86-d7f3-42ea-bec3-b4149bcaa887|rpc:10.1.0.51:35567|priority:1], old=null
2021-09-21 01:22:40,467 [ad039a86-d7f3-42ea-bec3-b4149bcaa887@group-79F07020D29C-LeaderElection40] INFO  impl.LeaderElection (LeaderElection.java:askForVotes(308)) - ad039a86-d7f3-42ea-bec3-b4149bcaa887@group-79F07020D29C-LeaderElection40 ELECTION round 0: result PASSED (term=1)
2021-09-21 01:22:40,467 [ad039a86-d7f3-42ea-bec3-b4149bcaa887@group-79F07020D29C-LeaderElection40] INFO  impl.RoleInfo (RoleInfo.java:shutdownLeaderElection(121)) - ad039a86-d7f3-42ea-bec3-b4149bcaa887: shutdown ad039a86-d7f3-42ea-bec3-b4149bcaa887@group-79F07020D29C-LeaderElection40
2021-09-21 01:22:40,467 [ad039a86-d7f3-42ea-bec3-b4149bcaa887@group-79F07020D29C-LeaderElection40] INFO  server.RaftServer$Division (RaftServerImpl.java:setRole(285)) - ad039a86-d7f3-42ea-bec3-b4149bcaa887@group-79F07020D29C: changes role from CANDIDATE to LEADER at term 1 for changeToLeader
2021-09-21 01:22:40,467 [ad039a86-d7f3-42ea-bec3-b4149bcaa887@group-79F07020D29C-LeaderElection40] INFO  ratis.XceiverServerRatis (XceiverServerRatis.java:handleLeaderChangedNotification(860)) - Leader change notification received for group: group-79F07020D29C with new leaderId: ad039a86-d7f3-42ea-bec3-b4149bcaa887
2021-09-21 01:22:40,467 [ad039a86-d7f3-42ea-bec3-b4149bcaa887@group-79F07020D29C-LeaderElection40] INFO  server.RaftServer$Division (ServerState.java:setLeader(285)) - ad039a86-d7f3-42ea-bec3-b4149bcaa887@group-79F07020D29C: change Leader from null to ad039a86-d7f3-42ea-bec3-b4149bcaa887 at term 1 for becomeLeader, leader elected after 5091ms
2021-09-21 01:22:40,468 [ad039a86-d7f3-42ea-bec3-b4149bcaa887@group-79F07020D29C-LeaderElection40] INFO  server.RaftServerConfigKeys (ConfUtils.java:logGet(44)) - raft.server.staging.catchup.gap = 1000 (default)
2021-09-21 01:22:40,468 [ad039a86-d7f3-42ea-bec3-b4149bcaa887@group-79F07020D29C-LeaderElection40] INFO  server.RaftServerConfigKeys (ConfUtils.java:logGet(44)) - raft.server.write.element-limit = 1024 (custom)
2021-09-21 01:22:40,468 [ad039a86-d7f3-42ea-bec3-b4149bcaa887@group-79F07020D29C-LeaderElection40] INFO  server.RaftServerConfigKeys (ConfUtils.java:logGet(44)) - raft.server.write.byte-limit = 1024 M (=1073741824) (custom)
2021-09-21 01:22:40,468 [ad039a86-d7f3-42ea-bec3-b4149bcaa887@group-79F07020D29C-LeaderElection40] INFO  server.RaftServerConfigKeys (ConfUtils.java:logGet(44)) - raft.server.watch.timeout = 3000ms (custom)
2021-09-21 01:22:40,468 [ad039a86-d7f3-42ea-bec3-b4149bcaa887@group-79F07020D29C-LeaderElection40] INFO  server.RaftServerConfigKeys (ConfUtils.java:logGet(44)) - raft.server.watch.timeout.denomination = 1s (default)
2021-09-21 01:22:40,469 [ad039a86-d7f3-42ea-bec3-b4149bcaa887@group-79F07020D29C-LeaderElection40] INFO  server.RaftServerConfigKeys (ConfUtils.java:logGet(44)) - raft.server.watch.element-limit = 65536 (default)
2021-09-21 01:22:40,469 [ad039a86-d7f3-42ea-bec3-b4149bcaa887@group-79F07020D29C-LeaderElection40] INFO  impl.RoleInfo (RoleInfo.java:updateAndGet(130)) - ad039a86-d7f3-42ea-bec3-b4149bcaa887: start ad039a86-d7f3-42ea-bec3-b4149bcaa887@group-79F07020D29C-LeaderStateImpl
2021-09-21 01:22:40,469 [ad039a86-d7f3-42ea-bec3-b4149bcaa887@group-79F07020D29C-LeaderElection40] INFO  segmented.SegmentedRaftLogWorker (SegmentedRaftLogWorker.java:startLogSegment(394)) - ad039a86-d7f3-42ea-bec3-b4149bcaa887@group-79F07020D29C-SegmentedRaftLogWorker: Starting segment from index:0
2021-09-21 01:22:40,474 [ad039a86-d7f3-42ea-bec3-b4149bcaa887@group-79F07020D29C-LeaderElection40] INFO  server.RaftServer$Division (ServerState.java:setRaftConf(387)) - ad039a86-d7f3-42ea-bec3-b4149bcaa887@group-79F07020D29C: set configuration 0: [ad039a86-d7f3-42ea-bec3-b4149bcaa887|rpc:10.1.0.51:35567|dataStream:|priority:1], old=null
2021-09-21 01:22:40,485 [ad039a86-d7f3-42ea-bec3-b4149bcaa887@group-79F07020D29C-SegmentedRaftLogWorker] INFO  segmented.SegmentedRaftLogWorker (SegmentedRaftLogWorker.java:execute(601)) - ad039a86-d7f3-42ea-bec3-b4149bcaa887@group-79F07020D29C-SegmentedRaftLogWorker: created new log segment /home/runner/work/ozone/ozone/hadoop-ozone/integration-test/target/test-dir/MiniOzoneClusterImpl-7349e056-7b32-48d8-92e4-5182ee86217f/datanode-8/data/ratis/b5a081e7-2626-4002-956a-79f07020d29c/current/log_inprogress_0
2021-09-21 01:22:40,487 [Datanode State Machine Thread - 0] WARN  statemachine.StateContext (StateContext.java:execute(621)) - No available thread in pool for past 1 seconds.
2021-09-21 01:22:40,491 [EventQueue-OpenPipelineForHealthyPipelineSafeModeRule] INFO  safemode.SCMSafeModeManager (HealthyPipelineSafeModeRule.java:process(124)) - SCM in safe mode. Healthy pipelines reported count is 0, required healthy pipeline reported count is 1
2021-09-21 01:22:40,785 [c67ce9c0-0a3a-4be5-b90f-8c76fbba61ed@group-7739A0DA65BB-FollowerState] INFO  impl.FollowerState (FollowerState.java:run(134)) - c67ce9c0-0a3a-4be5-b90f-8c76fbba61ed@group-7739A0DA65BB-FollowerState: change to CANDIDATE, lastRpcElapsedTime:5030946770ns, electionTimeout:5016ms
2021-09-21 01:22:40,785 [c67ce9c0-0a3a-4be5-b90f-8c76fbba61ed@group-7739A0DA65BB-FollowerState] INFO  impl.RoleInfo (RoleInfo.java:shutdownFollowerState(108)) - c67ce9c0-0a3a-4be5-b90f-8c76fbba61ed: shutdown c67ce9c0-0a3a-4be5-b90f-8c76fbba61ed@group-7739A0DA65BB-FollowerState
2021-09-21 01:22:40,785 [c67ce9c0-0a3a-4be5-b90f-8c76fbba61ed@group-7739A0DA65BB-FollowerState] INFO  server.RaftServer$Division (RaftServerImpl.java:setRole(285)) - c67ce9c0-0a3a-4be5-b90f-8c76fbba61ed@group-7739A0DA65BB: changes role from  FOLLOWER to CANDIDATE at term 1 for changeToCandidate
2021-09-21 01:22:40,785 [c67ce9c0-0a3a-4be5-b90f-8c76fbba61ed@group-7739A0DA65BB-FollowerState] INFO  server.RaftServerConfigKeys (ConfUtils.java:logGet(44)) - raft.server.leaderelection.pre-vote = false (custom)
2021-09-21 01:22:40,785 [c67ce9c0-0a3a-4be5-b90f-8c76fbba61ed@group-7739A0DA65BB-FollowerState] INFO  impl.RoleInfo (RoleInfo.java:updateAndGet(130)) - c67ce9c0-0a3a-4be5-b90f-8c76fbba61ed: start c67ce9c0-0a3a-4be5-b90f-8c76fbba61ed@group-7739A0DA65BB-LeaderElection41
2021-09-21 01:22:40,791 [c67ce9c0-0a3a-4be5-b90f-8c76fbba61ed@group-7739A0DA65BB-LeaderElection41] INFO  impl.LeaderElection (LeaderElection.java:askForVotes(306)) - c67ce9c0-0a3a-4be5-b90f-8c76fbba61ed@group-7739A0DA65BB-LeaderElection41 ELECTION round 0: submit vote requests at term 2 for -1: [c67ce9c0-0a3a-4be5-b90f-8c76fbba61ed|rpc:10.1.0.51:43243|priority:0, be30f2b5-d5fc-49a0-9235-d4dd7ecd33b9|rpc:10.1.0.51:40839|priority:0, c886e095-44b5-4a75-a59b-9e8bd319d099|rpc:10.1.0.51:43537|priority:1], old=null
2021-09-21 01:22:40,822 [grpc-default-executor-3] INFO  server.RaftServer$Division (RaftServerImpl.java:requestVote(1043)) - c886e095-44b5-4a75-a59b-9e8bd319d099@group-7739A0DA65BB: receive requestVote(ELECTION, c67ce9c0-0a3a-4be5-b90f-8c76fbba61ed, group-7739A0DA65BB, 2, (t:0, i:0))
2021-09-21 01:22:40,828 [grpc-default-executor-3] INFO  impl.VoteContext (VoteContext.java:log(48)) - c886e095-44b5-4a75-a59b-9e8bd319d099@group-7739A0DA65BB-FOLLOWER: reject ELECTION from c67ce9c0-0a3a-4be5-b90f-8c76fbba61ed: our priority 1 > candidate's priority 0
2021-09-21 01:22:40,828 [grpc-default-executor-3] INFO  server.RaftServer$Division (RaftServerImpl.java:setRole(285)) - c886e095-44b5-4a75-a59b-9e8bd319d099@group-7739A0DA65BB: changes role from  FOLLOWER to FOLLOWER at term 2 for candidate:c67ce9c0-0a3a-4be5-b90f-8c76fbba61ed
2021-09-21 01:22:40,828 [grpc-default-executor-3] INFO  impl.RoleInfo (RoleInfo.java:shutdownFollowerState(108)) - c886e095-44b5-4a75-a59b-9e8bd319d099: shutdown c886e095-44b5-4a75-a59b-9e8bd319d099@group-7739A0DA65BB-FollowerState
2021-09-21 01:22:40,829 [c886e095-44b5-4a75-a59b-9e8bd319d099@group-7739A0DA65BB-FollowerState] INFO  impl.FollowerState (FollowerState.java:run(143)) - c886e095-44b5-4a75-a59b-9e8bd319d099@group-7739A0DA65BB-FollowerState was interrupted: {}
java.lang.InterruptedException: sleep interrupted
	at java.lang.Thread.sleep(Native Method)
	at java.lang.Thread.sleep(Thread.java:340)
	at java.util.concurrent.TimeUnit.sleep(TimeUnit.java:386)
	at org.apache.ratis.util.TimeDuration.sleep(TimeDuration.java:324)
	at org.apache.ratis.util.TimeDuration.sleep(TimeDuration.java:309)
	at org.apache.ratis.server.impl.FollowerState.run(FollowerState.java:118)
2021-09-21 01:22:40,829 [grpc-default-executor-3] INFO  impl.RoleInfo (RoleInfo.java:updateAndGet(130)) - c886e095-44b5-4a75-a59b-9e8bd319d099: start c886e095-44b5-4a75-a59b-9e8bd319d099@group-7739A0DA65BB-FollowerState
2021-09-21 01:22:40,835 [grpc-default-executor-3] INFO  server.RaftServer$Division (RaftServerImpl.java:requestVote(1075)) - c886e095-44b5-4a75-a59b-9e8bd319d099@group-7739A0DA65BB replies to ELECTION vote request: c67ce9c0-0a3a-4be5-b90f-8c76fbba61ed<-c886e095-44b5-4a75-a59b-9e8bd319d099#0:FAIL-t2. Peer's state: c886e095-44b5-4a75-a59b-9e8bd319d099@group-7739A0DA65BB:t2, leader=null, voted=null, raftlog=c886e095-44b5-4a75-a59b-9e8bd319d099@group-7739A0DA65BB-SegmentedRaftLog:OPENED:c-1,f-1,i0, conf=-1: [c67ce9c0-0a3a-4be5-b90f-8c76fbba61ed|rpc:10.1.0.51:43243|dataStream:|priority:0, be30f2b5-d5fc-49a0-9235-d4dd7ecd33b9|rpc:10.1.0.51:40839|dataStream:|priority:0, c886e095-44b5-4a75-a59b-9e8bd319d099|rpc:10.1.0.51:43537|dataStream:|priority:1], old=null
2021-09-21 01:22:40,836 [c67ce9c0-0a3a-4be5-b90f-8c76fbba61ed@group-7739A0DA65BB-LeaderElection41] INFO  impl.LeaderElection (LeaderElection.java:logAndReturn(89)) - c67ce9c0-0a3a-4be5-b90f-8c76fbba61ed@group-7739A0DA65BB-LeaderElection41: ELECTION REJECTED received 1 response(s) and 0 exception(s):
2021-09-21 01:22:40,836 [c67ce9c0-0a3a-4be5-b90f-8c76fbba61ed@group-7739A0DA65BB-LeaderElection41] INFO  impl.LeaderElection (LeaderElection.java:logAndReturn(93)) -   Response 0: c67ce9c0-0a3a-4be5-b90f-8c76fbba61ed<-c886e095-44b5-4a75-a59b-9e8bd319d099#0:FAIL-t2
2021-09-21 01:22:40,836 [c67ce9c0-0a3a-4be5-b90f-8c76fbba61ed@group-7739A0DA65BB-LeaderElection41] INFO  impl.LeaderElection (LeaderElection.java:askForVotes(308)) - c67ce9c0-0a3a-4be5-b90f-8c76fbba61ed@group-7739A0DA65BB-LeaderElection41 ELECTION round 0: result REJECTED
2021-09-21 01:22:40,836 [c67ce9c0-0a3a-4be5-b90f-8c76fbba61ed@group-7739A0DA65BB-LeaderElection41] INFO  server.RaftServer$Division (RaftServerImpl.java:setRole(285)) - c67ce9c0-0a3a-4be5-b90f-8c76fbba61ed@group-7739A0DA65BB: changes role from CANDIDATE to FOLLOWER at term 2 for REJECTED
2021-09-21 01:22:40,836 [c67ce9c0-0a3a-4be5-b90f-8c76fbba61ed@group-7739A0DA65BB-LeaderElection41] INFO  impl.RoleInfo (RoleInfo.java:shutdownLeaderElection(121)) - c67ce9c0-0a3a-4be5-b90f-8c76fbba61ed: shutdown c67ce9c0-0a3a-4be5-b90f-8c76fbba61ed@group-7739A0DA65BB-LeaderElection41
2021-09-21 01:22:40,836 [c67ce9c0-0a3a-4be5-b90f-8c76fbba61ed@group-7739A0DA65BB-LeaderElection41] INFO  impl.RoleInfo (RoleInfo.java:updateAndGet(130)) - c67ce9c0-0a3a-4be5-b90f-8c76fbba61ed: start c67ce9c0-0a3a-4be5-b90f-8c76fbba61ed@group-7739A0DA65BB-FollowerState
2021-09-21 01:22:40,845 [grpc-default-executor-0] INFO  server.RaftServer$Division (RaftServerImpl.java:requestVote(1043)) - be30f2b5-d5fc-49a0-9235-d4dd7ecd33b9@group-7739A0DA65BB: receive requestVote(ELECTION, c67ce9c0-0a3a-4be5-b90f-8c76fbba61ed, group-7739A0DA65BB, 2, (t:0, i:0))
2021-09-21 01:22:40,856 [grpc-default-executor-0] INFO  impl.VoteContext (VoteContext.java:log(48)) - be30f2b5-d5fc-49a0-9235-d4dd7ecd33b9@group-7739A0DA65BB-FOLLOWER: accept ELECTION from c67ce9c0-0a3a-4be5-b90f-8c76fbba61ed: our priority 0 <= candidate's priority 0
2021-09-21 01:22:40,856 [grpc-default-executor-0] INFO  server.RaftServer$Division (RaftServerImpl.java:setRole(285)) - be30f2b5-d5fc-49a0-9235-d4dd7ecd33b9@group-7739A0DA65BB: changes role from  FOLLOWER to FOLLOWER at term 2 for candidate:c67ce9c0-0a3a-4be5-b90f-8c76fbba61ed
2021-09-21 01:22:40,856 [grpc-default-executor-0] INFO  impl.RoleInfo (RoleInfo.java:shutdownFollowerState(108)) - be30f2b5-d5fc-49a0-9235-d4dd7ecd33b9: shutdown be30f2b5-d5fc-49a0-9235-d4dd7ecd33b9@group-7739A0DA65BB-FollowerState
2021-09-21 01:22:40,856 [grpc-default-executor-0] INFO  impl.RoleInfo (RoleInfo.java:updateAndGet(130)) - be30f2b5-d5fc-49a0-9235-d4dd7ecd33b9: start be30f2b5-d5fc-49a0-9235-d4dd7ecd33b9@group-7739A0DA65BB-FollowerState
2021-09-21 01:22:40,856 [be30f2b5-d5fc-49a0-9235-d4dd7ecd33b9@group-7739A0DA65BB-FollowerState] INFO  impl.FollowerState (FollowerState.java:run(143)) - be30f2b5-d5fc-49a0-9235-d4dd7ecd33b9@group-7739A0DA65BB-FollowerState was interrupted: {}
java.lang.InterruptedException: sleep interrupted
	at java.lang.Thread.sleep(Native Method)
	at java.lang.Thread.sleep(Thread.java:340)
	at java.util.concurrent.TimeUnit.sleep(TimeUnit.java:386)
	at org.apache.ratis.util.TimeDuration.sleep(TimeDuration.java:324)
	at org.apache.ratis.util.TimeDuration.sleep(TimeDuration.java:309)
	at org.apache.ratis.server.impl.FollowerState.run(FollowerState.java:118)
2021-09-21 01:22:40,864 [grpc-default-executor-0] INFO  server.RaftServer$Division (RaftServerImpl.java:requestVote(1075)) - be30f2b5-d5fc-49a0-9235-d4dd7ecd33b9@group-7739A0DA65BB replies to ELECTION vote request: c67ce9c0-0a3a-4be5-b90f-8c76fbba61ed<-be30f2b5-d5fc-49a0-9235-d4dd7ecd33b9#0:OK-t2. Peer's state: be30f2b5-d5fc-49a0-9235-d4dd7ecd33b9@group-7739A0DA65BB:t2, leader=null, voted=c67ce9c0-0a3a-4be5-b90f-8c76fbba61ed, raftlog=be30f2b5-d5fc-49a0-9235-d4dd7ecd33b9@group-7739A0DA65BB-SegmentedRaftLog:OPENED:c-1,f-1,i0, conf=-1: [c67ce9c0-0a3a-4be5-b90f-8c76fbba61ed|rpc:10.1.0.51:43243|dataStream:|priority:0, be30f2b5-d5fc-49a0-9235-d4dd7ecd33b9|rpc:10.1.0.51:40839|dataStream:|priority:0, c886e095-44b5-4a75-a59b-9e8bd319d099|rpc:10.1.0.51:43537|dataStream:|priority:1], old=null
2021-09-21 01:22:41,340 [Listener at 127.0.0.1/33583] INFO  ozone.MiniOzoneClusterImpl (MiniOzoneClusterImpl.java:lambda$waitForClusterToBeReady$0(235)) - Nodes are ready. Got 9 of 9 DN Heartbeats.
2021-09-21 01:22:41,341 [Listener at 127.0.0.1/33583] INFO  ozone.MiniOzoneClusterImpl (MiniOzoneClusterImpl.java:lambda$waitForClusterToBeReady$0(238)) - Waiting for cluster to exit safe mode
2021-09-21 01:22:41,341 [Listener at 127.0.0.1/33583] INFO  ozone.MiniOzoneClusterImpl (MiniOzoneClusterImpl.java:lambda$waitForClusterToBeReady$0(240)) - SCM became leader
2021-09-21 01:22:42,343 [Listener at 127.0.0.1/33583] INFO  ozone.MiniOzoneClusterImpl (MiniOzoneClusterImpl.java:lambda$waitForClusterToBeReady$0(235)) - Nodes are ready. Got 9 of 9 DN Heartbeats.
2021-09-21 01:22:42,344 [Listener at 127.0.0.1/33583] INFO  ozone.MiniOzoneClusterImpl (MiniOzoneClusterImpl.java:lambda$waitForClusterToBeReady$0(238)) - Waiting for cluster to exit safe mode
2021-09-21 01:22:42,344 [Listener at 127.0.0.1/33583] INFO  ozone.MiniOzoneClusterImpl (MiniOzoneClusterImpl.java:lambda$waitForClusterToBeReady$0(240)) - SCM became leader
2021-09-21 01:22:42,847 [aa364905-4a8e-4b76-ab26-d74d60c32cfc@group-D13672D1E602-FollowerState] INFO  impl.FollowerState (FollowerState.java:run(134)) - aa364905-4a8e-4b76-ab26-d74d60c32cfc@group-D13672D1E602-FollowerState: change to CANDIDATE, lastRpcElapsedTime:5081838963ns, electionTimeout:5068ms
2021-09-21 01:22:42,848 [aa364905-4a8e-4b76-ab26-d74d60c32cfc@group-D13672D1E602-FollowerState] INFO  impl.RoleInfo (RoleInfo.java:shutdownFollowerState(108)) - aa364905-4a8e-4b76-ab26-d74d60c32cfc: shutdown aa364905-4a8e-4b76-ab26-d74d60c32cfc@group-D13672D1E602-FollowerState
2021-09-21 01:22:42,848 [aa364905-4a8e-4b76-ab26-d74d60c32cfc@group-D13672D1E602-FollowerState] INFO  server.RaftServer$Division (RaftServerImpl.java:setRole(285)) - aa364905-4a8e-4b76-ab26-d74d60c32cfc@group-D13672D1E602: changes role from  FOLLOWER to CANDIDATE at term 1 for changeToCandidate
2021-09-21 01:22:42,848 [aa364905-4a8e-4b76-ab26-d74d60c32cfc@group-D13672D1E602-FollowerState] INFO  server.RaftServerConfigKeys (ConfUtils.java:logGet(44)) - raft.server.leaderelection.pre-vote = false (custom)
2021-09-21 01:22:42,848 [aa364905-4a8e-4b76-ab26-d74d60c32cfc@group-D13672D1E602-FollowerState] INFO  impl.RoleInfo (RoleInfo.java:updateAndGet(130)) - aa364905-4a8e-4b76-ab26-d74d60c32cfc: start aa364905-4a8e-4b76-ab26-d74d60c32cfc@group-D13672D1E602-LeaderElection42
2021-09-21 01:22:42,861 [57923224-7b87-4e71-9981-19f5694b9dee@group-D13672D1E602-FollowerState] INFO  impl.FollowerState (FollowerState.java:run(134)) - 57923224-7b87-4e71-9981-19f5694b9dee@group-D13672D1E602-FollowerState: change to CANDIDATE, lastRpcElapsedTime:5105253205ns, electionTimeout:5094ms
2021-09-21 01:22:42,862 [57923224-7b87-4e71-9981-19f5694b9dee@group-D13672D1E602-FollowerState] INFO  impl.RoleInfo (RoleInfo.java:shutdownFollowerState(108)) - 57923224-7b87-4e71-9981-19f5694b9dee: shutdown 57923224-7b87-4e71-9981-19f5694b9dee@group-D13672D1E602-FollowerState
2021-09-21 01:22:42,862 [57923224-7b87-4e71-9981-19f5694b9dee@group-D13672D1E602-FollowerState] INFO  server.RaftServer$Division (RaftServerImpl.java:setRole(285)) - 57923224-7b87-4e71-9981-19f5694b9dee@group-D13672D1E602: changes role from  FOLLOWER to CANDIDATE at term 1 for changeToCandidate
2021-09-21 01:22:42,862 [57923224-7b87-4e71-9981-19f5694b9dee@group-D13672D1E602-FollowerState] INFO  server.RaftServerConfigKeys (ConfUtils.java:logGet(44)) - raft.server.leaderelection.pre-vote = false (custom)
2021-09-21 01:22:42,862 [57923224-7b87-4e71-9981-19f5694b9dee@group-D13672D1E602-FollowerState] INFO  impl.RoleInfo (RoleInfo.java:updateAndGet(130)) - 57923224-7b87-4e71-9981-19f5694b9dee: start 57923224-7b87-4e71-9981-19f5694b9dee@group-D13672D1E602-LeaderElection43
2021-09-21 01:22:42,880 [aa364905-4a8e-4b76-ab26-d74d60c32cfc@group-D13672D1E602-LeaderElection42] INFO  impl.LeaderElection (LeaderElection.java:askForVotes(306)) - aa364905-4a8e-4b76-ab26-d74d60c32cfc@group-D13672D1E602-LeaderElection42 ELECTION round 0: submit vote requests at term 2 for -1: [9e8c78a1-f01d-42ca-a684-b6f934dd8d4f|rpc:10.1.0.51:39721|priority:0, aa364905-4a8e-4b76-ab26-d74d60c32cfc|rpc:10.1.0.51:39239|priority:0, 57923224-7b87-4e71-9981-19f5694b9dee|rpc:10.1.0.51:39003|priority:1], old=null
2021-09-21 01:22:42,899 [57923224-7b87-4e71-9981-19f5694b9dee@group-D13672D1E602-LeaderElection43] INFO  impl.LeaderElection (LeaderElection.java:askForVotes(306)) - 57923224-7b87-4e71-9981-19f5694b9dee@group-D13672D1E602-LeaderElection43 ELECTION round 0: submit vote requests at term 2 for -1: [9e8c78a1-f01d-42ca-a684-b6f934dd8d4f|rpc:10.1.0.51:39721|dataStream:|priority:0, aa364905-4a8e-4b76-ab26-d74d60c32cfc|rpc:10.1.0.51:39239|dataStream:|priority:0, 57923224-7b87-4e71-9981-19f5694b9dee|rpc:10.1.0.51:39003|dataStream:|priority:1], old=null
2021-09-21 01:22:42,935 [grpc-default-executor-0] INFO  server.RaftServer$Division (RaftServerImpl.java:requestVote(1043)) - 9e8c78a1-f01d-42ca-a684-b6f934dd8d4f@group-D13672D1E602: receive requestVote(ELECTION, aa364905-4a8e-4b76-ab26-d74d60c32cfc, group-D13672D1E602, 2, (t:0, i:0))
2021-09-21 01:22:42,935 [grpc-default-executor-0] INFO  impl.VoteContext (VoteContext.java:log(48)) - 9e8c78a1-f01d-42ca-a684-b6f934dd8d4f@group-D13672D1E602-FOLLOWER: accept ELECTION from aa364905-4a8e-4b76-ab26-d74d60c32cfc: our priority 0 <= candidate's priority 0
2021-09-21 01:22:42,935 [grpc-default-executor-0] INFO  server.RaftServer$Division (RaftServerImpl.java:setRole(285)) - 9e8c78a1-f01d-42ca-a684-b6f934dd8d4f@group-D13672D1E602: changes role from  FOLLOWER to FOLLOWER at term 2 for candidate:aa364905-4a8e-4b76-ab26-d74d60c32cfc
2021-09-21 01:22:42,935 [grpc-default-executor-0] INFO  impl.RoleInfo (RoleInfo.java:shutdownFollowerState(108)) - 9e8c78a1-f01d-42ca-a684-b6f934dd8d4f: shutdown 9e8c78a1-f01d-42ca-a684-b6f934dd8d4f@group-D13672D1E602-FollowerState
2021-09-21 01:22:42,935 [grpc-default-executor-0] INFO  impl.RoleInfo (RoleInfo.java:updateAndGet(130)) - 9e8c78a1-f01d-42ca-a684-b6f934dd8d4f: start 9e8c78a1-f01d-42ca-a684-b6f934dd8d4f@group-D13672D1E602-FollowerState
2021-09-21 01:22:42,935 [grpc-default-executor-3] INFO  server.RaftServer$Division (RaftServerImpl.java:requestVote(1043)) - 57923224-7b87-4e71-9981-19f5694b9dee@group-D13672D1E602: receive requestVote(ELECTION, aa364905-4a8e-4b76-ab26-d74d60c32cfc, group-D13672D1E602, 2, (t:0, i:0))
2021-09-21 01:22:42,935 [grpc-default-executor-3] INFO  impl.VoteContext (VoteContext.java:log(48)) - 57923224-7b87-4e71-9981-19f5694b9dee@group-D13672D1E602-CANDIDATE: reject ELECTION from aa364905-4a8e-4b76-ab26-d74d60c32cfc: already has voted for 57923224-7b87-4e71-9981-19f5694b9dee at current term 2
2021-09-21 01:22:42,935 [grpc-default-executor-3] INFO  server.RaftServer$Division (RaftServerImpl.java:requestVote(1075)) - 57923224-7b87-4e71-9981-19f5694b9dee@group-D13672D1E602 replies to ELECTION vote request: aa364905-4a8e-4b76-ab26-d74d60c32cfc<-57923224-7b87-4e71-9981-19f5694b9dee#0:FAIL-t2. Peer's state: 57923224-7b87-4e71-9981-19f5694b9dee@group-D13672D1E602:t2, leader=null, voted=57923224-7b87-4e71-9981-19f5694b9dee, raftlog=57923224-7b87-4e71-9981-19f5694b9dee@group-D13672D1E602-SegmentedRaftLog:OPENED:c-1,f-1,i0, conf=-1: [9e8c78a1-f01d-42ca-a684-b6f934dd8d4f|rpc:10.1.0.51:39721|dataStream:|priority:0, aa364905-4a8e-4b76-ab26-d74d60c32cfc|rpc:10.1.0.51:39239|dataStream:|priority:0, 57923224-7b87-4e71-9981-19f5694b9dee|rpc:10.1.0.51:39003|dataStream:|priority:1], old=null
2021-09-21 01:22:42,936 [9e8c78a1-f01d-42ca-a684-b6f934dd8d4f@group-D13672D1E602-FollowerState] INFO  impl.FollowerState (FollowerState.java:run(143)) - 9e8c78a1-f01d-42ca-a684-b6f934dd8d4f@group-D13672D1E602-FollowerState was interrupted: {}
java.lang.InterruptedException: sleep interrupted
	at java.lang.Thread.sleep(Native Method)
	at java.lang.Thread.sleep(Thread.java:340)
	at java.util.concurrent.TimeUnit.sleep(TimeUnit.java:386)
	at org.apache.ratis.util.TimeDuration.sleep(TimeDuration.java:324)
	at org.apache.ratis.util.TimeDuration.sleep(TimeDuration.java:309)
	at org.apache.ratis.server.impl.FollowerState.run(FollowerState.java:118)
2021-09-21 01:22:42,936 [grpc-default-executor-1] INFO  server.RaftServer$Division (RaftServerImpl.java:requestVote(1043)) - 9e8c78a1-f01d-42ca-a684-b6f934dd8d4f@group-D13672D1E602: receive requestVote(ELECTION, 57923224-7b87-4e71-9981-19f5694b9dee, group-D13672D1E602, 2, (t:0, i:0))
2021-09-21 01:22:42,958 [aa364905-4a8e-4b76-ab26-d74d60c32cfc@group-D13672D1E602-LeaderElection42] INFO  impl.LeaderElection (LeaderElection.java:logAndReturn(89)) - aa364905-4a8e-4b76-ab26-d74d60c32cfc@group-D13672D1E602-LeaderElection42: ELECTION REJECTED received 1 response(s) and 0 exception(s):
2021-09-21 01:22:42,958 [aa364905-4a8e-4b76-ab26-d74d60c32cfc@group-D13672D1E602-LeaderElection42] INFO  impl.LeaderElection (LeaderElection.java:logAndReturn(93)) -   Response 0: aa364905-4a8e-4b76-ab26-d74d60c32cfc<-57923224-7b87-4e71-9981-19f5694b9dee#0:FAIL-t2
2021-09-21 01:22:42,958 [aa364905-4a8e-4b76-ab26-d74d60c32cfc@group-D13672D1E602-LeaderElection42] INFO  impl.LeaderElection (LeaderElection.java:askForVotes(308)) - aa364905-4a8e-4b76-ab26-d74d60c32cfc@group-D13672D1E602-LeaderElection42 ELECTION round 0: result REJECTED
2021-09-21 01:22:42,958 [aa364905-4a8e-4b76-ab26-d74d60c32cfc@group-D13672D1E602-LeaderElection42] INFO  server.RaftServer$Division (RaftServerImpl.java:setRole(285)) - aa364905-4a8e-4b76-ab26-d74d60c32cfc@group-D13672D1E602: changes role from CANDIDATE to FOLLOWER at term 2 for REJECTED
2021-09-21 01:22:42,958 [aa364905-4a8e-4b76-ab26-d74d60c32cfc@group-D13672D1E602-LeaderElection42] INFO  impl.RoleInfo (RoleInfo.java:shutdownLeaderElection(121)) - aa364905-4a8e-4b76-ab26-d74d60c32cfc: shutdown aa364905-4a8e-4b76-ab26-d74d60c32cfc@group-D13672D1E602-LeaderElection42
2021-09-21 01:22:42,959 [aa364905-4a8e-4b76-ab26-d74d60c32cfc@group-D13672D1E602-LeaderElection42] INFO  impl.RoleInfo (RoleInfo.java:updateAndGet(130)) - aa364905-4a8e-4b76-ab26-d74d60c32cfc: start aa364905-4a8e-4b76-ab26-d74d60c32cfc@group-D13672D1E602-FollowerState
2021-09-21 01:22:42,960 [grpc-default-executor-0] INFO  server.RaftServer$Division (RaftServerImpl.java:requestVote(1075)) - 9e8c78a1-f01d-42ca-a684-b6f934dd8d4f@group-D13672D1E602 replies to ELECTION vote request: aa364905-4a8e-4b76-ab26-d74d60c32cfc<-9e8c78a1-f01d-42ca-a684-b6f934dd8d4f#0:OK-t2. Peer's state: 9e8c78a1-f01d-42ca-a684-b6f934dd8d4f@group-D13672D1E602:t2, leader=null, voted=aa364905-4a8e-4b76-ab26-d74d60c32cfc, raftlog=9e8c78a1-f01d-42ca-a684-b6f934dd8d4f@group-D13672D1E602-SegmentedRaftLog:OPENED:c-1,f-1,i0, conf=-1: [9e8c78a1-f01d-42ca-a684-b6f934dd8d4f|rpc:10.1.0.51:39721|dataStream:|priority:0, aa364905-4a8e-4b76-ab26-d74d60c32cfc|rpc:10.1.0.51:39239|dataStream:|priority:0, 57923224-7b87-4e71-9981-19f5694b9dee|rpc:10.1.0.51:39003|dataStream:|priority:1], old=null
2021-09-21 01:22:42,961 [grpc-default-executor-1] INFO  impl.VoteContext (VoteContext.java:log(48)) - 9e8c78a1-f01d-42ca-a684-b6f934dd8d4f@group-D13672D1E602-FOLLOWER: reject ELECTION from 57923224-7b87-4e71-9981-19f5694b9dee: already has voted for aa364905-4a8e-4b76-ab26-d74d60c32cfc at current term 2
2021-09-21 01:22:42,961 [grpc-default-executor-1] INFO  server.RaftServer$Division (RaftServerImpl.java:requestVote(1075)) - 9e8c78a1-f01d-42ca-a684-b6f934dd8d4f@group-D13672D1E602 replies to ELECTION vote request: 57923224-7b87-4e71-9981-19f5694b9dee<-9e8c78a1-f01d-42ca-a684-b6f934dd8d4f#0:FAIL-t2. Peer's state: 9e8c78a1-f01d-42ca-a684-b6f934dd8d4f@group-D13672D1E602:t2, leader=null, voted=aa364905-4a8e-4b76-ab26-d74d60c32cfc, raftlog=9e8c78a1-f01d-42ca-a684-b6f934dd8d4f@group-D13672D1E602-SegmentedRaftLog:OPENED:c-1,f-1,i0, conf=-1: [9e8c78a1-f01d-42ca-a684-b6f934dd8d4f|rpc:10.1.0.51:39721|dataStream:|priority:0, aa364905-4a8e-4b76-ab26-d74d60c32cfc|rpc:10.1.0.51:39239|dataStream:|priority:0, 57923224-7b87-4e71-9981-19f5694b9dee|rpc:10.1.0.51:39003|dataStream:|priority:1], old=null
2021-09-21 01:22:42,989 [grpc-default-executor-3] INFO  server.RaftServer$Division (RaftServerImpl.java:requestVote(1043)) - aa364905-4a8e-4b76-ab26-d74d60c32cfc@group-D13672D1E602: receive requestVote(ELECTION, 57923224-7b87-4e71-9981-19f5694b9dee, group-D13672D1E602, 2, (t:0, i:0))
2021-09-21 01:22:42,989 [grpc-default-executor-3] INFO  impl.VoteContext (VoteContext.java:log(48)) - aa364905-4a8e-4b76-ab26-d74d60c32cfc@group-D13672D1E602-FOLLOWER: reject ELECTION from 57923224-7b87-4e71-9981-19f5694b9dee: already has voted for aa364905-4a8e-4b76-ab26-d74d60c32cfc at current term 2
2021-09-21 01:22:42,989 [grpc-default-executor-3] INFO  server.RaftServer$Division (RaftServerImpl.java:requestVote(1075)) - aa364905-4a8e-4b76-ab26-d74d60c32cfc@group-D13672D1E602 replies to ELECTION vote request: 57923224-7b87-4e71-9981-19f5694b9dee<-aa364905-4a8e-4b76-ab26-d74d60c32cfc#0:FAIL-t2. Peer's state: aa364905-4a8e-4b76-ab26-d74d60c32cfc@group-D13672D1E602:t2, leader=null, voted=aa364905-4a8e-4b76-ab26-d74d60c32cfc, raftlog=aa364905-4a8e-4b76-ab26-d74d60c32cfc@group-D13672D1E602-SegmentedRaftLog:OPENED:c-1,f-1,i0, conf=-1: [9e8c78a1-f01d-42ca-a684-b6f934dd8d4f|rpc:10.1.0.51:39721|priority:0, aa364905-4a8e-4b76-ab26-d74d60c32cfc|rpc:10.1.0.51:39239|priority:0, 57923224-7b87-4e71-9981-19f5694b9dee|rpc:10.1.0.51:39003|priority:1], old=null
2021-09-21 01:22:42,998 [57923224-7b87-4e71-9981-19f5694b9dee@group-D13672D1E602-LeaderElection43] INFO  impl.LeaderElection (LeaderElection.java:logAndReturn(89)) - 57923224-7b87-4e71-9981-19f5694b9dee@group-D13672D1E602-LeaderElection43: ELECTION REJECTED received 2 response(s) and 0 exception(s):
2021-09-21 01:22:42,998 [57923224-7b87-4e71-9981-19f5694b9dee@group-D13672D1E602-LeaderElection43] INFO  impl.LeaderElection (LeaderElection.java:logAndReturn(93)) -   Response 0: 57923224-7b87-4e71-9981-19f5694b9dee<-9e8c78a1-f01d-42ca-a684-b6f934dd8d4f#0:FAIL-t2
2021-09-21 01:22:42,998 [57923224-7b87-4e71-9981-19f5694b9dee@group-D13672D1E602-LeaderElection43] INFO  impl.LeaderElection (LeaderElection.java:logAndReturn(93)) -   Response 1: 57923224-7b87-4e71-9981-19f5694b9dee<-aa364905-4a8e-4b76-ab26-d74d60c32cfc#0:FAIL-t2
2021-09-21 01:22:42,998 [57923224-7b87-4e71-9981-19f5694b9dee@group-D13672D1E602-LeaderElection43] INFO  impl.LeaderElection (LeaderElection.java:askForVotes(308)) - 57923224-7b87-4e71-9981-19f5694b9dee@group-D13672D1E602-LeaderElection43 ELECTION round 0: result REJECTED
2021-09-21 01:22:42,999 [57923224-7b87-4e71-9981-19f5694b9dee@group-D13672D1E602-LeaderElection43] INFO  server.RaftServer$Division (RaftServerImpl.java:setRole(285)) - 57923224-7b87-4e71-9981-19f5694b9dee@group-D13672D1E602: changes role from CANDIDATE to FOLLOWER at term 2 for REJECTED
2021-09-21 01:22:42,999 [57923224-7b87-4e71-9981-19f5694b9dee@group-D13672D1E602-LeaderElection43] INFO  impl.RoleInfo (RoleInfo.java:shutdownLeaderElection(121)) - 57923224-7b87-4e71-9981-19f5694b9dee: shutdown 57923224-7b87-4e71-9981-19f5694b9dee@group-D13672D1E602-LeaderElection43
2021-09-21 01:22:42,999 [57923224-7b87-4e71-9981-19f5694b9dee@group-D13672D1E602-LeaderElection43] INFO  impl.RoleInfo (RoleInfo.java:updateAndGet(130)) - 57923224-7b87-4e71-9981-19f5694b9dee: start 57923224-7b87-4e71-9981-19f5694b9dee@group-D13672D1E602-FollowerState
2021-09-21 01:22:43,344 [Listener at 127.0.0.1/33583] INFO  ozone.MiniOzoneClusterImpl (MiniOzoneClusterImpl.java:lambda$waitForClusterToBeReady$0(235)) - Nodes are ready. Got 9 of 9 DN Heartbeats.
2021-09-21 01:22:43,344 [Listener at 127.0.0.1/33583] INFO  ozone.MiniOzoneClusterImpl (MiniOzoneClusterImpl.java:lambda$waitForClusterToBeReady$0(238)) - Waiting for cluster to exit safe mode
2021-09-21 01:22:43,344 [Listener at 127.0.0.1/33583] INFO  ozone.MiniOzoneClusterImpl (MiniOzoneClusterImpl.java:lambda$waitForClusterToBeReady$0(240)) - SCM became leader
2021-09-21 01:22:44,344 [Listener at 127.0.0.1/33583] INFO  ozone.MiniOzoneClusterImpl (MiniOzoneClusterImpl.java:lambda$waitForClusterToBeReady$0(235)) - Nodes are ready. Got 9 of 9 DN Heartbeats.
2021-09-21 01:22:44,345 [Listener at 127.0.0.1/33583] INFO  ozone.MiniOzoneClusterImpl (MiniOzoneClusterImpl.java:lambda$waitForClusterToBeReady$0(238)) - Waiting for cluster to exit safe mode
2021-09-21 01:22:44,345 [Listener at 127.0.0.1/33583] INFO  ozone.MiniOzoneClusterImpl (MiniOzoneClusterImpl.java:lambda$waitForClusterToBeReady$0(240)) - SCM became leader
2021-09-21 01:22:44,794 [77eebb93-8ed1-4443-8476-48726f7e27c1@group-C274E472E363-FollowerState] INFO  impl.FollowerState (FollowerState.java:run(134)) - 77eebb93-8ed1-4443-8476-48726f7e27c1@group-C274E472E363-FollowerState: change to CANDIDATE, lastRpcElapsedTime:5038401383ns, electionTimeout:5023ms
2021-09-21 01:22:44,794 [77eebb93-8ed1-4443-8476-48726f7e27c1@group-C274E472E363-FollowerState] INFO  impl.RoleInfo (RoleInfo.java:shutdownFollowerState(108)) - 77eebb93-8ed1-4443-8476-48726f7e27c1: shutdown 77eebb93-8ed1-4443-8476-48726f7e27c1@group-C274E472E363-FollowerState
2021-09-21 01:22:44,794 [77eebb93-8ed1-4443-8476-48726f7e27c1@group-C274E472E363-FollowerState] INFO  server.RaftServer$Division (RaftServerImpl.java:setRole(285)) - 77eebb93-8ed1-4443-8476-48726f7e27c1@group-C274E472E363: changes role from  FOLLOWER to CANDIDATE at term 1 for changeToCandidate
2021-09-21 01:22:44,794 [77eebb93-8ed1-4443-8476-48726f7e27c1@group-C274E472E363-FollowerState] INFO  server.RaftServerConfigKeys (ConfUtils.java:logGet(44)) - raft.server.leaderelection.pre-vote = false (custom)
2021-09-21 01:22:44,794 [77eebb93-8ed1-4443-8476-48726f7e27c1@group-C274E472E363-FollowerState] INFO  impl.RoleInfo (RoleInfo.java:updateAndGet(130)) - 77eebb93-8ed1-4443-8476-48726f7e27c1: start 77eebb93-8ed1-4443-8476-48726f7e27c1@group-C274E472E363-LeaderElection44
2021-09-21 01:22:44,815 [77eebb93-8ed1-4443-8476-48726f7e27c1@group-C274E472E363-LeaderElection44] INFO  impl.LeaderElection (LeaderElection.java:askForVotes(306)) - 77eebb93-8ed1-4443-8476-48726f7e27c1@group-C274E472E363-LeaderElection44 ELECTION round 0: submit vote requests at term 2 for -1: [77eebb93-8ed1-4443-8476-48726f7e27c1|rpc:10.1.0.51:40681|dataStream:|priority:1, 7102e10f-7baf-40d1-a733-c49484cac6b4|rpc:10.1.0.51:44475|dataStream:|priority:0, ad039a86-d7f3-42ea-bec3-b4149bcaa887|rpc:10.1.0.51:35567|dataStream:|priority:0], old=null
2021-09-21 01:22:44,845 [grpc-default-executor-3] INFO  server.RaftServer$Division (RaftServerImpl.java:requestVote(1043)) - 7102e10f-7baf-40d1-a733-c49484cac6b4@group-C274E472E363: receive requestVote(ELECTION, 77eebb93-8ed1-4443-8476-48726f7e27c1, group-C274E472E363, 2, (t:0, i:0))
2021-09-21 01:22:44,845 [grpc-default-executor-3] INFO  impl.VoteContext (VoteContext.java:log(48)) - 7102e10f-7baf-40d1-a733-c49484cac6b4@group-C274E472E363-FOLLOWER: accept ELECTION from 77eebb93-8ed1-4443-8476-48726f7e27c1: our priority 0 <= candidate's priority 1
2021-09-21 01:22:44,845 [grpc-default-executor-3] INFO  server.RaftServer$Division (RaftServerImpl.java:setRole(285)) - 7102e10f-7baf-40d1-a733-c49484cac6b4@group-C274E472E363: changes role from  FOLLOWER to FOLLOWER at term 2 for candidate:77eebb93-8ed1-4443-8476-48726f7e27c1
2021-09-21 01:22:44,845 [grpc-default-executor-3] INFO  impl.RoleInfo (RoleInfo.java:shutdownFollowerState(108)) - 7102e10f-7baf-40d1-a733-c49484cac6b4: shutdown 7102e10f-7baf-40d1-a733-c49484cac6b4@group-C274E472E363-FollowerState
2021-09-21 01:22:44,846 [grpc-default-executor-3] INFO  impl.RoleInfo (RoleInfo.java:updateAndGet(130)) - 7102e10f-7baf-40d1-a733-c49484cac6b4: start 7102e10f-7baf-40d1-a733-c49484cac6b4@group-C274E472E363-FollowerState
2021-09-21 01:22:44,846 [7102e10f-7baf-40d1-a733-c49484cac6b4@group-C274E472E363-FollowerState] INFO  impl.FollowerState (FollowerState.java:run(143)) - 7102e10f-7baf-40d1-a733-c49484cac6b4@group-C274E472E363-FollowerState was interrupted: {}
java.lang.InterruptedException: sleep interrupted
	at java.lang.Thread.sleep(Native Method)
	at java.lang.Thread.sleep(Thread.java:340)
	at java.util.concurrent.TimeUnit.sleep(TimeUnit.java:386)
	at org.apache.ratis.util.TimeDuration.sleep(TimeDuration.java:324)
	at org.apache.ratis.util.TimeDuration.sleep(TimeDuration.java:309)
	at org.apache.ratis.server.impl.FollowerState.run(FollowerState.java:118)
2021-09-21 01:22:44,869 [grpc-default-executor-3] INFO  server.RaftServer$Division (RaftServerImpl.java:requestVote(1075)) - 7102e10f-7baf-40d1-a733-c49484cac6b4@group-C274E472E363 replies to ELECTION vote request: 77eebb93-8ed1-4443-8476-48726f7e27c1<-7102e10f-7baf-40d1-a733-c49484cac6b4#0:OK-t2. Peer's state: 7102e10f-7baf-40d1-a733-c49484cac6b4@group-C274E472E363:t2, leader=null, voted=77eebb93-8ed1-4443-8476-48726f7e27c1, raftlog=7102e10f-7baf-40d1-a733-c49484cac6b4@group-C274E472E363-SegmentedRaftLog:OPENED:c-1,f-1,i0, conf=-1: [77eebb93-8ed1-4443-8476-48726f7e27c1|rpc:10.1.0.51:40681|priority:1, 7102e10f-7baf-40d1-a733-c49484cac6b4|rpc:10.1.0.51:44475|priority:0, ad039a86-d7f3-42ea-bec3-b4149bcaa887|rpc:10.1.0.51:35567|priority:0], old=null
2021-09-21 01:22:44,872 [grpc-default-executor-1] INFO  server.RaftServer$Division (RaftServerImpl.java:requestVote(1043)) - ad039a86-d7f3-42ea-bec3-b4149bcaa887@group-C274E472E363: receive requestVote(ELECTION, 77eebb93-8ed1-4443-8476-48726f7e27c1, group-C274E472E363, 2, (t:0, i:0))
2021-09-21 01:22:44,872 [grpc-default-executor-1] INFO  impl.VoteContext (VoteContext.java:log(48)) - ad039a86-d7f3-42ea-bec3-b4149bcaa887@group-C274E472E363-FOLLOWER: accept ELECTION from 77eebb93-8ed1-4443-8476-48726f7e27c1: our priority 0 <= candidate's priority 1
2021-09-21 01:22:44,872 [grpc-default-executor-1] INFO  server.RaftServer$Division (RaftServerImpl.java:setRole(285)) - ad039a86-d7f3-42ea-bec3-b4149bcaa887@group-C274E472E363: changes role from  FOLLOWER to FOLLOWER at term 2 for candidate:77eebb93-8ed1-4443-8476-48726f7e27c1
2021-09-21 01:22:44,872 [grpc-default-executor-1] INFO  impl.RoleInfo (RoleInfo.java:shutdownFollowerState(108)) - ad039a86-d7f3-42ea-bec3-b4149bcaa887: shutdown ad039a86-d7f3-42ea-bec3-b4149bcaa887@group-C274E472E363-FollowerState
2021-09-21 01:22:44,872 [grpc-default-executor-1] INFO  impl.RoleInfo (RoleInfo.java:updateAndGet(130)) - ad039a86-d7f3-42ea-bec3-b4149bcaa887: start ad039a86-d7f3-42ea-bec3-b4149bcaa887@group-C274E472E363-FollowerState
2021-09-21 01:22:44,877 [grpc-default-executor-1] INFO  server.RaftServer$Division (RaftServerImpl.java:requestVote(1075)) - ad039a86-d7f3-42ea-bec3-b4149bcaa887@group-C274E472E363 replies to ELECTION vote request: 77eebb93-8ed1-4443-8476-48726f7e27c1<-ad039a86-d7f3-42ea-bec3-b4149bcaa887#0:OK-t2. Peer's state: ad039a86-d7f3-42ea-bec3-b4149bcaa887@group-C274E472E363:t2, leader=null, voted=77eebb93-8ed1-4443-8476-48726f7e27c1, raftlog=ad039a86-d7f3-42ea-bec3-b4149bcaa887@group-C274E472E363-SegmentedRaftLog:OPENED:c-1,f-1,i0, conf=-1: [77eebb93-8ed1-4443-8476-48726f7e27c1|rpc:10.1.0.51:40681|dataStream:|priority:1, 7102e10f-7baf-40d1-a733-c49484cac6b4|rpc:10.1.0.51:44475|dataStream:|priority:0, ad039a86-d7f3-42ea-bec3-b4149bcaa887|rpc:10.1.0.51:35567|dataStream:|priority:0], old=null
2021-09-21 01:22:44,878 [ad039a86-d7f3-42ea-bec3-b4149bcaa887@group-C274E472E363-FollowerState] INFO  impl.FollowerState (FollowerState.java:run(134)) - ad039a86-d7f3-42ea-bec3-b4149bcaa887@group-C274E472E363-FollowerState: change to CANDIDATE, lastRpcElapsedTime:5069168339ns, electionTimeout:5061ms
2021-09-21 01:22:44,878 [ad039a86-d7f3-42ea-bec3-b4149bcaa887@group-C274E472E363-FollowerState] INFO  impl.RoleInfo (RoleInfo.java:shutdownFollowerState(108)) - ad039a86-d7f3-42ea-bec3-b4149bcaa887: shutdown ad039a86-d7f3-42ea-bec3-b4149bcaa887@group-C274E472E363-FollowerState
2021-09-21 01:22:44,878 [ad039a86-d7f3-42ea-bec3-b4149bcaa887@group-C274E472E363-FollowerState] INFO  server.RaftServer$Division (RaftServerImpl.java:setRole(285)) - ad039a86-d7f3-42ea-bec3-b4149bcaa887@group-C274E472E363: changes role from  FOLLOWER to CANDIDATE at term 2 for changeToCandidate
2021-09-21 01:22:44,879 [ad039a86-d7f3-42ea-bec3-b4149bcaa887@group-C274E472E363-FollowerState] INFO  server.RaftServerConfigKeys (ConfUtils.java:logGet(44)) - raft.server.leaderelection.pre-vote = false (custom)
2021-09-21 01:22:44,879 [ad039a86-d7f3-42ea-bec3-b4149bcaa887@group-C274E472E363-FollowerState] INFO  impl.RoleInfo (RoleInfo.java:updateAndGet(130)) - ad039a86-d7f3-42ea-bec3-b4149bcaa887: start ad039a86-d7f3-42ea-bec3-b4149bcaa887@group-C274E472E363-LeaderElection45
2021-09-21 01:22:44,879 [ad039a86-d7f3-42ea-bec3-b4149bcaa887@group-C274E472E363-FollowerState] INFO  impl.FollowerState (FollowerState.java:run(143)) - ad039a86-d7f3-42ea-bec3-b4149bcaa887@group-C274E472E363-FollowerState was interrupted: {}
java.lang.InterruptedException: sleep interrupted
	at java.lang.Thread.sleep(Native Method)
	at java.lang.Thread.sleep(Thread.java:340)
	at java.util.concurrent.TimeUnit.sleep(TimeUnit.java:386)
	at org.apache.ratis.util.TimeDuration.sleep(TimeDuration.java:324)
	at org.apache.ratis.util.TimeDuration.sleep(TimeDuration.java:309)
	at org.apache.ratis.server.impl.FollowerState.run(FollowerState.java:118)
2021-09-21 01:22:44,882 [ad039a86-d7f3-42ea-bec3-b4149bcaa887@group-C274E472E363-LeaderElection45] INFO  impl.LeaderElection (LeaderElection.java:askForVotes(306)) - ad039a86-d7f3-42ea-bec3-b4149bcaa887@group-C274E472E363-LeaderElection45 ELECTION round 0: submit vote requests at term 3 for -1: [77eebb93-8ed1-4443-8476-48726f7e27c1|rpc:10.1.0.51:40681|dataStream:|priority:1, 7102e10f-7baf-40d1-a733-c49484cac6b4|rpc:10.1.0.51:44475|dataStream:|priority:0, ad039a86-d7f3-42ea-bec3-b4149bcaa887|rpc:10.1.0.51:35567|dataStream:|priority:0], old=null
2021-09-21 01:22:44,909 [77eebb93-8ed1-4443-8476-48726f7e27c1@group-C274E472E363-LeaderElection44] INFO  impl.LeaderElection (LeaderElection.java:logAndReturn(89)) - 77eebb93-8ed1-4443-8476-48726f7e27c1@group-C274E472E363-LeaderElection44: ELECTION PASSED received 1 response(s) and 0 exception(s):
2021-09-21 01:22:44,909 [77eebb93-8ed1-4443-8476-48726f7e27c1@group-C274E472E363-LeaderElection44] INFO  impl.LeaderElection (LeaderElection.java:logAndReturn(93)) -   Response 0: 77eebb93-8ed1-4443-8476-48726f7e27c1<-ad039a86-d7f3-42ea-bec3-b4149bcaa887#0:OK-t2
2021-09-21 01:22:44,910 [77eebb93-8ed1-4443-8476-48726f7e27c1@group-C274E472E363-LeaderElection44] INFO  impl.LeaderElection (LeaderElection.java:askForVotes(308)) - 77eebb93-8ed1-4443-8476-48726f7e27c1@group-C274E472E363-LeaderElection44 ELECTION round 0: result PASSED
2021-09-21 01:22:44,910 [77eebb93-8ed1-4443-8476-48726f7e27c1@group-C274E472E363-LeaderElection44] INFO  impl.RoleInfo (RoleInfo.java:shutdownLeaderElection(121)) - 77eebb93-8ed1-4443-8476-48726f7e27c1: shutdown 77eebb93-8ed1-4443-8476-48726f7e27c1@group-C274E472E363-LeaderElection44
2021-09-21 01:22:44,910 [77eebb93-8ed1-4443-8476-48726f7e27c1@group-C274E472E363-LeaderElection44] INFO  server.RaftServer$Division (RaftServerImpl.java:setRole(285)) - 77eebb93-8ed1-4443-8476-48726f7e27c1@group-C274E472E363: changes role from CANDIDATE to LEADER at term 2 for changeToLeader
2021-09-21 01:22:44,910 [77eebb93-8ed1-4443-8476-48726f7e27c1@group-C274E472E363-LeaderElection44] INFO  ratis.XceiverServerRatis (XceiverServerRatis.java:handleLeaderChangedNotification(860)) - Leader change notification received for group: group-C274E472E363 with new leaderId: 77eebb93-8ed1-4443-8476-48726f7e27c1
2021-09-21 01:22:44,910 [77eebb93-8ed1-4443-8476-48726f7e27c1@group-C274E472E363-LeaderElection44] INFO  server.RaftServer$Division (ServerState.java:setLeader(285)) - 77eebb93-8ed1-4443-8476-48726f7e27c1@group-C274E472E363: change Leader from null to 77eebb93-8ed1-4443-8476-48726f7e27c1 at term 2 for becomeLeader, leader elected after 10276ms
2021-09-21 01:22:44,910 [77eebb93-8ed1-4443-8476-48726f7e27c1@group-C274E472E363-LeaderElection44] INFO  server.RaftServerConfigKeys (ConfUtils.java:logGet(44)) - raft.server.staging.catchup.gap = 1000 (default)
2021-09-21 01:22:44,910 [77eebb93-8ed1-4443-8476-48726f7e27c1@group-C274E472E363-LeaderElection44] INFO  server.RaftServerConfigKeys (ConfUtils.java:logGet(44)) - raft.server.write.element-limit = 1024 (custom)
2021-09-21 01:22:44,910 [77eebb93-8ed1-4443-8476-48726f7e27c1@group-C274E472E363-LeaderElection44] INFO  server.RaftServerConfigKeys (ConfUtils.java:logGet(44)) - raft.server.write.byte-limit = 1024 M (=1073741824) (custom)
2021-09-21 01:22:44,911 [77eebb93-8ed1-4443-8476-48726f7e27c1@group-C274E472E363-LeaderElection44] INFO  server.RaftServerConfigKeys (ConfUtils.java:logGet(44)) - raft.server.watch.timeout = 3000ms (custom)
2021-09-21 01:22:44,911 [77eebb93-8ed1-4443-8476-48726f7e27c1@group-C274E472E363-LeaderElection44] INFO  server.RaftServerConfigKeys (ConfUtils.java:logGet(44)) - raft.server.watch.timeout.denomination = 1s (default)
2021-09-21 01:22:44,911 [77eebb93-8ed1-4443-8476-48726f7e27c1@group-C274E472E363-LeaderElection44] INFO  server.RaftServerConfigKeys (ConfUtils.java:logGet(44)) - raft.server.watch.element-limit = 65536 (default)
2021-09-21 01:22:44,911 [77eebb93-8ed1-4443-8476-48726f7e27c1@group-C274E472E363-LeaderElection44] INFO  server.RaftServerConfigKeys (ConfUtils.java:logGet(44)) - raft.server.log.appender.snapshot.chunk.size.max = 16MB (=16777216) (default)
2021-09-21 01:22:44,911 [77eebb93-8ed1-4443-8476-48726f7e27c1@group-C274E472E363-LeaderElection44] INFO  server.RaftServerConfigKeys (ConfUtils.java:logGet(44)) - raft.server.log.appender.buffer.byte-limit = 33554432 (custom)
2021-09-21 01:22:44,911 [77eebb93-8ed1-4443-8476-48726f7e27c1@group-C274E472E363-LeaderElection44] INFO  server.RaftServerConfigKeys (ConfUtils.java:logGet(44)) - raft.server.log.appender.buffer.element-limit = 1 (custom)
2021-09-21 01:22:44,911 [77eebb93-8ed1-4443-8476-48726f7e27c1@group-C274E472E363-LeaderElection44] INFO  grpc.GrpcConfigKeys (ConfUtils.java:logGet(44)) - raft.grpc.server.leader.outstanding.appends.max = 128 (default)
2021-09-21 01:22:44,911 [77eebb93-8ed1-4443-8476-48726f7e27c1@group-C274E472E363-LeaderElection44] INFO  server.RaftServerConfigKeys (ConfUtils.java:logGet(44)) - raft.server.rpc.request.timeout = 3000ms (default)
2021-09-21 01:22:44,911 [Datanode State Machine Thread - 0] WARN  statemachine.StateContext (StateContext.java:execute(621)) - No available thread in pool for past 1 seconds.
2021-09-21 01:22:44,915 [EventQueue-PipelineReportForPipelineReportHandler] INFO  pipeline.PipelineManagerImpl (PipelineManagerImpl.java:openPipeline(282)) - Pipeline Pipeline[ Id: 8b3e04da-d438-42db-a76b-c274e472e363, Nodes: 77eebb93-8ed1-4443-8476-48726f7e27c1{ip: 10.1.0.51, host: fv-az122-453.zf1tlrj3kn4expqppa1j4mpycf.xx.internal.cloudapp.net, ports: [REPLICATION=37249, RATIS=40681, RATIS_ADMIN=40681, RATIS_SERVER=40681, STANDALONE=33209], networkLocation: /default-rack, certSerialId: null, persistedOpState: IN_SERVICE, persistedOpStateExpiryEpochSec: 0}7102e10f-7baf-40d1-a733-c49484cac6b4{ip: 10.1.0.51, host: fv-az122-453.zf1tlrj3kn4expqppa1j4mpycf.xx.internal.cloudapp.net, ports: [REPLICATION=44151, RATIS=44475, RATIS_ADMIN=44475, RATIS_SERVER=44475, STANDALONE=44221], networkLocation: /default-rack, certSerialId: null, persistedOpState: IN_SERVICE, persistedOpStateExpiryEpochSec: 0}ad039a86-d7f3-42ea-bec3-b4149bcaa887{ip: 10.1.0.51, host: fv-az122-453.zf1tlrj3kn4expqppa1j4mpycf.xx.internal.cloudapp.net, ports: [REPLICATION=38253, RATIS=35567, RATIS_ADMIN=35567, RATIS_SERVER=35567, STANDALONE=39945], networkLocation: /default-rack, certSerialId: null, persistedOpState: IN_SERVICE, persistedOpStateExpiryEpochSec: 0}, ReplicationConfig: RATIS/THREE, State:ALLOCATED, leaderId:77eebb93-8ed1-4443-8476-48726f7e27c1, CreationTimestamp2021-09-21T01:22:32.371Z[Etc/UTC]] moved to OPEN state
2021-09-21 01:22:44,916 [EventQueue-OpenPipelineForHealthyPipelineSafeModeRule] INFO  safemode.SCMSafeModeManager (HealthyPipelineSafeModeRule.java:process(124)) - SCM in safe mode. Healthy pipelines reported count is 0, required healthy pipeline reported count is 1
2021-09-21 01:22:44,916 [EventQueue-OpenPipelineForHealthyPipelineSafeModeRule] INFO  safemode.SCMSafeModeManager (HealthyPipelineSafeModeRule.java:process(124)) - SCM in safe mode. Healthy pipelines reported count is 1, required healthy pipeline reported count is 1
2021-09-21 01:22:44,916 [EventQueue-OpenPipelineForHealthyPipelineSafeModeRule] INFO  safemode.SCMSafeModeManager (SCMSafeModeManager.java:validateSafeModeExitRules(204)) - HealthyPipelineSafeModeRule rule is successfully validated
2021-09-21 01:22:44,916 [EventQueue-OpenPipelineForHealthyPipelineSafeModeRule] INFO  safemode.SCMSafeModeManager (SCMSafeModeManager.java:validateSafeModeExitRules(219)) - ScmSafeModeManager, all rules are successfully validated
2021-09-21 01:22:44,916 [EventQueue-OpenPipelineForHealthyPipelineSafeModeRule] INFO  safemode.SCMSafeModeManager (SCMSafeModeManager.java:exitSafeMode(248)) - SCM exiting safe mode.
2021-09-21 01:22:44,916 [EventQueue-OpenPipelineForHealthyPipelineSafeModeRule] WARN  events.EventQueue (EventQueue.java:fireEvent(194)) - No event handler registered for event TypedEvent{payloadType=SafeModeStatus, name='Safe mode status'}
2021-09-21 01:22:44,916 [EventQueue-OpenPipelineForHealthyPipelineSafeModeRule] INFO  ha.SCMContext (SCMContext.java:updateSafeModeStatus(205)) - Update SafeModeStatus from SafeModeStatus{safeModeStatus=true, preCheckPassed=true} to SafeModeStatus{safeModeStatus=false, preCheckPassed=true}.
2021-09-21 01:22:44,916 [EventQueue-OpenPipelineForHealthyPipelineSafeModeRule] INFO  pipeline.BackgroundPipelineCreator (BackgroundPipelineCreatorV2.java:notifyStatusChanged(264)) - Service BackgroundPipelineCreator transitions to RUNNING.
2021-09-21 01:22:44,916 [EventQueue-OpenPipelineForHealthyPipelineSafeModeRule] INFO  container.ReplicationManager (ReplicationManager.java:notifyStatusChanged(1743)) - Service ReplicationManager transitions to RUNNING.
2021-09-21 01:22:44,911 [77eebb93-8ed1-4443-8476-48726f7e27c1@group-C274E472E363-LeaderElection44] INFO  server.RaftServerConfigKeys (ConfUtils.java:logGet(44)) - raft.server.log.appender.install.snapshot.enabled = false (custom)
2021-09-21 01:22:44,918 [77eebb93-8ed1-4443-8476-48726f7e27c1@group-C274E472E363-LeaderElection44] INFO  server.RaftServerConfigKeys (ConfUtils.java:logGet(44)) - raft.server.log.appender.snapshot.chunk.size.max = 16MB (=16777216) (default)
2021-09-21 01:22:44,918 [77eebb93-8ed1-4443-8476-48726f7e27c1@group-C274E472E363-LeaderElection44] INFO  server.RaftServerConfigKeys (ConfUtils.java:logGet(44)) - raft.server.log.appender.buffer.byte-limit = 33554432 (custom)
2021-09-21 01:22:44,918 [77eebb93-8ed1-4443-8476-48726f7e27c1@group-C274E472E363-LeaderElection44] INFO  server.RaftServerConfigKeys (ConfUtils.java:logGet(44)) - raft.server.log.appender.buffer.element-limit = 1 (custom)
2021-09-21 01:22:44,918 [77eebb93-8ed1-4443-8476-48726f7e27c1@group-C274E472E363-LeaderElection44] INFO  grpc.GrpcConfigKeys (ConfUtils.java:logGet(44)) - raft.grpc.server.leader.outstanding.appends.max = 128 (default)
2021-09-21 01:22:44,918 [77eebb93-8ed1-4443-8476-48726f7e27c1@group-C274E472E363-LeaderElection44] INFO  server.RaftServerConfigKeys (ConfUtils.java:logGet(44)) - raft.server.rpc.request.timeout = 3000ms (default)
2021-09-21 01:22:44,918 [77eebb93-8ed1-4443-8476-48726f7e27c1@group-C274E472E363-LeaderElection44] INFO  server.RaftServerConfigKeys (ConfUtils.java:logGet(44)) - raft.server.log.appender.install.snapshot.enabled = false (custom)
2021-09-21 01:22:44,919 [77eebb93-8ed1-4443-8476-48726f7e27c1@group-C274E472E363-LeaderElection44] INFO  impl.RoleInfo (RoleInfo.java:updateAndGet(130)) - 77eebb93-8ed1-4443-8476-48726f7e27c1: start 77eebb93-8ed1-4443-8476-48726f7e27c1@group-C274E472E363-LeaderStateImpl
2021-09-21 01:22:44,920 [77eebb93-8ed1-4443-8476-48726f7e27c1@group-C274E472E363-LeaderElection44] INFO  segmented.SegmentedRaftLogWorker (SegmentedRaftLogWorker.java:startLogSegment(394)) - 77eebb93-8ed1-4443-8476-48726f7e27c1@group-C274E472E363-SegmentedRaftLogWorker: Starting segment from index:0
2021-09-21 01:22:44,922 [77eebb93-8ed1-4443-8476-48726f7e27c1@group-C274E472E363-SegmentedRaftLogWorker] INFO  segmented.SegmentedRaftLogWorker (SegmentedRaftLogWorker.java:execute(601)) - 77eebb93-8ed1-4443-8476-48726f7e27c1@group-C274E472E363-SegmentedRaftLogWorker: created new log segment /home/runner/work/ozone/ozone/hadoop-ozone/integration-test/target/test-dir/MiniOzoneClusterImpl-7349e056-7b32-48d8-92e4-5182ee86217f/datanode-7/data/ratis/8b3e04da-d438-42db-a76b-c274e472e363/current/log_inprogress_0
2021-09-21 01:22:44,929 [grpc-default-executor-3] INFO  ratis.XceiverServerRatis (XceiverServerRatis.java:handleLeaderChangedNotification(860)) - Leader change notification received for group: group-C274E472E363 with new leaderId: 77eebb93-8ed1-4443-8476-48726f7e27c1
2021-09-21 01:22:44,930 [grpc-default-executor-3] INFO  server.RaftServer$Division (ServerState.java:setLeader(285)) - 7102e10f-7baf-40d1-a733-c49484cac6b4@group-C274E472E363: change Leader from null to 77eebb93-8ed1-4443-8476-48726f7e27c1 at term 2 for appendEntries, leader elected after 10391ms
2021-09-21 01:22:44,936 [77eebb93-8ed1-4443-8476-48726f7e27c1@group-C274E472E363-LeaderElection44] INFO  server.RaftServer$Division (ServerState.java:setRaftConf(387)) - 77eebb93-8ed1-4443-8476-48726f7e27c1@group-C274E472E363: set configuration 0: [77eebb93-8ed1-4443-8476-48726f7e27c1|rpc:10.1.0.51:40681|dataStream:|priority:1, 7102e10f-7baf-40d1-a733-c49484cac6b4|rpc:10.1.0.51:44475|dataStream:|priority:0, ad039a86-d7f3-42ea-bec3-b4149bcaa887|rpc:10.1.0.51:35567|dataStream:|priority:0], old=null
2021-09-21 01:22:44,952 [grpc-default-executor-1] INFO  server.RaftServer$Division (RaftServerImpl.java:requestVote(1043)) - 77eebb93-8ed1-4443-8476-48726f7e27c1@group-C274E472E363: receive requestVote(ELECTION, ad039a86-d7f3-42ea-bec3-b4149bcaa887, group-C274E472E363, 3, (t:0, i:0))
2021-09-21 01:22:44,952 [grpc-default-executor-0] INFO  server.RaftServer$Division (RaftServerImpl.java:requestVote(1043)) - 7102e10f-7baf-40d1-a733-c49484cac6b4@group-C274E472E363: receive requestVote(ELECTION, ad039a86-d7f3-42ea-bec3-b4149bcaa887, group-C274E472E363, 3, (t:0, i:0))
2021-09-21 01:22:44,953 [grpc-default-executor-0] INFO  impl.VoteContext (VoteContext.java:log(48)) - 7102e10f-7baf-40d1-a733-c49484cac6b4@group-C274E472E363-FOLLOWER: accept ELECTION from ad039a86-d7f3-42ea-bec3-b4149bcaa887: our priority 0 <= candidate's priority 0
2021-09-21 01:22:44,953 [grpc-default-executor-0] INFO  server.RaftServer$Division (ServerState.java:setLeader(285)) - 7102e10f-7baf-40d1-a733-c49484cac6b4@group-C274E472E363: change Leader from 77eebb93-8ed1-4443-8476-48726f7e27c1 to null at term 3 for updateCurrentTerm
2021-09-21 01:22:44,953 [grpc-default-executor-0] INFO  server.RaftServer$Division (RaftServerImpl.java:setRole(285)) - 7102e10f-7baf-40d1-a733-c49484cac6b4@group-C274E472E363: changes role from  FOLLOWER to FOLLOWER at term 3 for candidate:ad039a86-d7f3-42ea-bec3-b4149bcaa887
2021-09-21 01:22:44,953 [grpc-default-executor-0] INFO  impl.RoleInfo (RoleInfo.java:shutdownFollowerState(108)) - 7102e10f-7baf-40d1-a733-c49484cac6b4: shutdown 7102e10f-7baf-40d1-a733-c49484cac6b4@group-C274E472E363-FollowerState
2021-09-21 01:22:44,953 [grpc-default-executor-0] INFO  impl.RoleInfo (RoleInfo.java:updateAndGet(130)) - 7102e10f-7baf-40d1-a733-c49484cac6b4: start 7102e10f-7baf-40d1-a733-c49484cac6b4@group-C274E472E363-FollowerState
2021-09-21 01:22:44,953 [7102e10f-7baf-40d1-a733-c49484cac6b4@group-C274E472E363-FollowerState] INFO  impl.FollowerState (FollowerState.java:run(143)) - 7102e10f-7baf-40d1-a733-c49484cac6b4@group-C274E472E363-FollowerState was interrupted: {}
java.lang.InterruptedException: sleep interrupted
	at java.lang.Thread.sleep(Native Method)
	at java.lang.Thread.sleep(Thread.java:340)
	at java.util.concurrent.TimeUnit.sleep(TimeUnit.java:386)
	at org.apache.ratis.util.TimeDuration.sleep(TimeDuration.java:324)
	at org.apache.ratis.util.TimeDuration.sleep(TimeDuration.java:309)
	at org.apache.ratis.server.impl.FollowerState.run(FollowerState.java:118)
2021-09-21 01:22:44,953 [grpc-default-executor-1] INFO  impl.VoteContext (VoteContext.java:log(48)) - 77eebb93-8ed1-4443-8476-48726f7e27c1@group-C274E472E363-LEADER: reject ELECTION from ad039a86-d7f3-42ea-bec3-b4149bcaa887: our last entry (t:2, i:0) > candidate's last entry (t:0, i:0)
2021-09-21 01:22:44,953 [grpc-default-executor-1] INFO  server.RaftServer$Division (ServerState.java:setLeader(285)) - 77eebb93-8ed1-4443-8476-48726f7e27c1@group-C274E472E363: change Leader from 77eebb93-8ed1-4443-8476-48726f7e27c1 to null at term 3 for updateCurrentTerm
2021-09-21 01:22:44,953 [grpc-default-executor-1] INFO  server.RaftServer$Division (RaftServerImpl.java:setRole(285)) - 77eebb93-8ed1-4443-8476-48726f7e27c1@group-C274E472E363: changes role from    LEADER to FOLLOWER at term 3 for candidate:ad039a86-d7f3-42ea-bec3-b4149bcaa887
2021-09-21 01:22:44,954 [grpc-default-executor-1] INFO  impl.RoleInfo (RoleInfo.java:shutdownLeaderState(91)) - 77eebb93-8ed1-4443-8476-48726f7e27c1: shutdown 77eebb93-8ed1-4443-8476-48726f7e27c1@group-C274E472E363-LeaderStateImpl
2021-09-21 01:22:44,957 [grpc-default-executor-0] INFO  server.RaftServer$Division (RaftServerImpl.java:requestVote(1075)) - 7102e10f-7baf-40d1-a733-c49484cac6b4@group-C274E472E363 replies to ELECTION vote request: ad039a86-d7f3-42ea-bec3-b4149bcaa887<-7102e10f-7baf-40d1-a733-c49484cac6b4#0:OK-t3. Peer's state: 7102e10f-7baf-40d1-a733-c49484cac6b4@group-C274E472E363:t3, leader=null, voted=ad039a86-d7f3-42ea-bec3-b4149bcaa887, raftlog=7102e10f-7baf-40d1-a733-c49484cac6b4@group-C274E472E363-SegmentedRaftLog:OPENED:c-1,f-1,i0, conf=-1: [77eebb93-8ed1-4443-8476-48726f7e27c1|rpc:10.1.0.51:40681|priority:1, 7102e10f-7baf-40d1-a733-c49484cac6b4|rpc:10.1.0.51:44475|priority:0, ad039a86-d7f3-42ea-bec3-b4149bcaa887|rpc:10.1.0.51:35567|priority:0], old=null
2021-09-21 01:22:44,972 [grpc-default-executor-1] INFO  impl.PendingRequests (PendingRequests.java:sendNotLeaderResponses(282)) - 77eebb93-8ed1-4443-8476-48726f7e27c1@group-C274E472E363-PendingRequests: sendNotLeaderResponses
2021-09-21 01:22:44,973 [grpc-default-executor-1] INFO  impl.RoleInfo (RoleInfo.java:updateAndGet(130)) - 77eebb93-8ed1-4443-8476-48726f7e27c1: start 77eebb93-8ed1-4443-8476-48726f7e27c1@group-C274E472E363-FollowerState
2021-09-21 01:22:44,973 [77eebb93-8ed1-4443-8476-48726f7e27c1@group-C274E472E363->ad039a86-d7f3-42ea-bec3-b4149bcaa887-GrpcLogAppender-LogAppenderDaemon] WARN  server.GrpcLogAppender (GrpcLogAppender.java:mayWait(175)) - 77eebb93-8ed1-4443-8476-48726f7e27c1@group-C274E472E363->ad039a86-d7f3-42ea-bec3-b4149bcaa887-GrpcLogAppender: Wait interrupted by java.lang.InterruptedException
2021-09-21 01:22:44,985 [grpc-default-executor-3] INFO  server.GrpcServerProtocolService (GrpcServerProtocolService.java:onCompleted(140)) - 7102e10f-7baf-40d1-a733-c49484cac6b4: Completed APPEND_ENTRIES, lastRequest: null
2021-09-21 01:22:44,985 [grpc-default-executor-1] INFO  server.RaftServer$Division (RaftServerImpl.java:requestVote(1075)) - 77eebb93-8ed1-4443-8476-48726f7e27c1@group-C274E472E363 replies to ELECTION vote request: ad039a86-d7f3-42ea-bec3-b4149bcaa887<-77eebb93-8ed1-4443-8476-48726f7e27c1#0:FAIL-t3. Peer's state: 77eebb93-8ed1-4443-8476-48726f7e27c1@group-C274E472E363:t3, leader=null, voted=null, raftlog=77eebb93-8ed1-4443-8476-48726f7e27c1@group-C274E472E363-SegmentedRaftLog:OPENED:c0,f0,i0, conf=0: [77eebb93-8ed1-4443-8476-48726f7e27c1|rpc:10.1.0.51:40681|dataStream:|priority:1, 7102e10f-7baf-40d1-a733-c49484cac6b4|rpc:10.1.0.51:44475|dataStream:|priority:0, ad039a86-d7f3-42ea-bec3-b4149bcaa887|rpc:10.1.0.51:35567|dataStream:|priority:0], old=null
2021-09-21 01:22:44,986 [grpc-default-executor-3] INFO  server.GrpcLogAppender (GrpcLogAppender.java:onCompleted(344)) - 77eebb93-8ed1-4443-8476-48726f7e27c1@group-C274E472E363->7102e10f-7baf-40d1-a733-c49484cac6b4-AppendLogResponseHandler: follower responses appendEntries COMPLETED
2021-09-21 01:22:44,986 [grpc-default-executor-3] INFO  leader.FollowerInfo (FollowerInfoImpl.java:lambda$new$0(46)) - 77eebb93-8ed1-4443-8476-48726f7e27c1@group-C274E472E363->7102e10f-7baf-40d1-a733-c49484cac6b4: nextIndex: updateUnconditionally 0 -> 0
2021-09-21 01:22:44,989 [ad039a86-d7f3-42ea-bec3-b4149bcaa887@group-C274E472E363-LeaderElection45] INFO  impl.LeaderElection (LeaderElection.java:logAndReturn(89)) - ad039a86-d7f3-42ea-bec3-b4149bcaa887@group-C274E472E363-LeaderElection45: ELECTION REJECTED received 2 response(s) and 0 exception(s):
2021-09-21 01:22:44,989 [ad039a86-d7f3-42ea-bec3-b4149bcaa887@group-C274E472E363-LeaderElection45] INFO  impl.LeaderElection (LeaderElection.java:logAndReturn(93)) -   Response 0: ad039a86-d7f3-42ea-bec3-b4149bcaa887<-77eebb93-8ed1-4443-8476-48726f7e27c1#0:FAIL-t3
2021-09-21 01:22:44,989 [ad039a86-d7f3-42ea-bec3-b4149bcaa887@group-C274E472E363-LeaderElection45] INFO  impl.LeaderElection (LeaderElection.java:logAndReturn(93)) -   Response 1: ad039a86-d7f3-42ea-bec3-b4149bcaa887<-7102e10f-7baf-40d1-a733-c49484cac6b4#0:OK-t3
2021-09-21 01:22:44,989 [ad039a86-d7f3-42ea-bec3-b4149bcaa887@group-C274E472E363-LeaderElection45] INFO  impl.LeaderElection (LeaderElection.java:askForVotes(308)) - ad039a86-d7f3-42ea-bec3-b4149bcaa887@group-C274E472E363-LeaderElection45 ELECTION round 0: result REJECTED
2021-09-21 01:22:44,989 [ad039a86-d7f3-42ea-bec3-b4149bcaa887@group-C274E472E363-LeaderElection45] INFO  server.RaftServer$Division (RaftServerImpl.java:setRole(285)) - ad039a86-d7f3-42ea-bec3-b4149bcaa887@group-C274E472E363: changes role from CANDIDATE to FOLLOWER at term 3 for REJECTED
2021-09-21 01:22:44,989 [ad039a86-d7f3-42ea-bec3-b4149bcaa887@group-C274E472E363-LeaderElection45] INFO  impl.RoleInfo (RoleInfo.java:shutdownLeaderElection(121)) - ad039a86-d7f3-42ea-bec3-b4149bcaa887: shutdown ad039a86-d7f3-42ea-bec3-b4149bcaa887@group-C274E472E363-LeaderElection45
2021-09-21 01:22:44,989 [ad039a86-d7f3-42ea-bec3-b4149bcaa887@group-C274E472E363-LeaderElection45] INFO  impl.RoleInfo (RoleInfo.java:updateAndGet(130)) - ad039a86-d7f3-42ea-bec3-b4149bcaa887: start ad039a86-d7f3-42ea-bec3-b4149bcaa887@group-C274E472E363-FollowerState
2021-09-21 01:22:44,992 [grpc-default-executor-4] INFO  server.GrpcServerProtocolService (GrpcServerProtocolService.java:onCompleted(140)) - ad039a86-d7f3-42ea-bec3-b4149bcaa887: Completed APPEND_ENTRIES, lastRequest: 77eebb93-8ed1-4443-8476-48726f7e27c1->ad039a86-d7f3-42ea-bec3-b4149bcaa887#1-t2,previous=(t:0, i:0),leaderCommit=0,initializing? true,entries: size=1, first=(t:2, i:0), CONFIGURATIONENTRY
2021-09-21 01:22:44,993 [grpc-default-executor-1] INFO  server.GrpcLogAppender (GrpcLogAppender.java:onCompleted(344)) - 77eebb93-8ed1-4443-8476-48726f7e27c1@group-C274E472E363->ad039a86-d7f3-42ea-bec3-b4149bcaa887-AppendLogResponseHandler: follower responses appendEntries COMPLETED
2021-09-21 01:22:44,993 [grpc-default-executor-1] INFO  leader.FollowerInfo (FollowerInfoImpl.java:lambda$new$0(46)) - 77eebb93-8ed1-4443-8476-48726f7e27c1@group-C274E472E363->ad039a86-d7f3-42ea-bec3-b4149bcaa887: nextIndex: updateUnconditionally 1 -> 0
2021-09-21 01:22:45,345 [Listener at 127.0.0.1/33583] INFO  ozone.MiniOzoneClusterImpl (MiniOzoneClusterImpl.java:lambda$waitForClusterToBeReady$0(235)) - Nodes are ready. Got 9 of 9 DN Heartbeats.
2021-09-21 01:22:45,345 [Listener at 127.0.0.1/33583] INFO  ozone.MiniOzoneClusterImpl (MiniOzoneClusterImpl.java:lambda$waitForClusterToBeReady$0(238)) - Cluster exits safe mode
2021-09-21 01:22:45,346 [Listener at 127.0.0.1/33583] INFO  ozone.MiniOzoneClusterImpl (MiniOzoneClusterImpl.java:lambda$waitForClusterToBeReady$0(240)) - SCM became leader
2021-09-21 01:22:45,381 [Listener at 127.0.0.1/33583] INFO  rpc.RpcClient (RpcClient.java:createVolume(342)) - Creating Volume: watchforcommithandlingtest, with runner as owner and space quota set to -1 bytes, counts quota set to -1
2021-09-21 01:22:45,395 [OM StateMachine ApplyTransaction Thread - 0] INFO  volume.OMVolumeCreateRequest (OMVolumeCreateRequest.java:validateAndUpdateCache(195)) - created volume:watchforcommithandlingtest for user:runner
2021-09-21 01:22:45,415 [Listener at 127.0.0.1/33583] INFO  rpc.RpcClient (RpcClient.java:createBucket(502)) - Creating Bucket: watchforcommithandlingtest/watchforcommithandlingtest, with Versioning false and Storage Type set to DISK and Encryption set to false 
2021-09-21 01:22:45,433 [Listener at 127.0.0.1/33583] INFO  ozone.MiniOzoneClusterImpl (MiniOzoneClusterImpl.java:getStorageContainerLocationClient(346)) - Creating StorageContainerLocationProtocol RPC client with address /0.0.0.0:33571
2021-09-21 01:22:45,459 [IPC Server handler 0 on default port 33571] INFO  ha.SequenceIdGenerator (SequenceIdGenerator.java:getNextId(127)) - Allocate a batch for containerId, change lastId from 0 to 1000.
2021-09-21 01:22:45,908 [c886e095-44b5-4a75-a59b-9e8bd319d099@group-7739A0DA65BB-FollowerState] INFO  impl.FollowerState (FollowerState.java:run(134)) - c886e095-44b5-4a75-a59b-9e8bd319d099@group-7739A0DA65BB-FollowerState: change to CANDIDATE, lastRpcElapsedTime:5079011757ns, electionTimeout:5052ms
2021-09-21 01:22:45,908 [c886e095-44b5-4a75-a59b-9e8bd319d099@group-7739A0DA65BB-FollowerState] INFO  impl.RoleInfo (RoleInfo.java:shutdownFollowerState(108)) - c886e095-44b5-4a75-a59b-9e8bd319d099: shutdown c886e095-44b5-4a75-a59b-9e8bd319d099@group-7739A0DA65BB-FollowerState
2021-09-21 01:22:45,908 [c886e095-44b5-4a75-a59b-9e8bd319d099@group-7739A0DA65BB-FollowerState] INFO  server.RaftServer$Division (RaftServerImpl.java:setRole(285)) - c886e095-44b5-4a75-a59b-9e8bd319d099@group-7739A0DA65BB: changes role from  FOLLOWER to CANDIDATE at term 2 for changeToCandidate
2021-09-21 01:22:45,908 [c886e095-44b5-4a75-a59b-9e8bd319d099@group-7739A0DA65BB-FollowerState] INFO  server.RaftServerConfigKeys (ConfUtils.java:logGet(44)) - raft.server.leaderelection.pre-vote = false (custom)
2021-09-21 01:22:45,908 [c886e095-44b5-4a75-a59b-9e8bd319d099@group-7739A0DA65BB-FollowerState] INFO  impl.RoleInfo (RoleInfo.java:updateAndGet(130)) - c886e095-44b5-4a75-a59b-9e8bd319d099: start c886e095-44b5-4a75-a59b-9e8bd319d099@group-7739A0DA65BB-LeaderElection46
2021-09-21 01:22:45,925 [c886e095-44b5-4a75-a59b-9e8bd319d099@group-7739A0DA65BB-LeaderElection46] INFO  impl.LeaderElection (LeaderElection.java:askForVotes(306)) - c886e095-44b5-4a75-a59b-9e8bd319d099@group-7739A0DA65BB-LeaderElection46 ELECTION round 0: submit vote requests at term 3 for -1: [c67ce9c0-0a3a-4be5-b90f-8c76fbba61ed|rpc:10.1.0.51:43243|dataStream:|priority:0, be30f2b5-d5fc-49a0-9235-d4dd7ecd33b9|rpc:10.1.0.51:40839|dataStream:|priority:0, c886e095-44b5-4a75-a59b-9e8bd319d099|rpc:10.1.0.51:43537|dataStream:|priority:1], old=null
2021-09-21 01:22:45,942 [grpc-default-executor-4] INFO  server.RaftServer$Division (RaftServerImpl.java:requestVote(1043)) - c67ce9c0-0a3a-4be5-b90f-8c76fbba61ed@group-7739A0DA65BB: receive requestVote(ELECTION, c886e095-44b5-4a75-a59b-9e8bd319d099, group-7739A0DA65BB, 3, (t:0, i:0))
2021-09-21 01:22:45,942 [grpc-default-executor-4] INFO  impl.VoteContext (VoteContext.java:log(48)) - c67ce9c0-0a3a-4be5-b90f-8c76fbba61ed@group-7739A0DA65BB-FOLLOWER: accept ELECTION from c886e095-44b5-4a75-a59b-9e8bd319d099: our priority 0 <= candidate's priority 1
2021-09-21 01:22:45,942 [grpc-default-executor-4] INFO  server.RaftServer$Division (RaftServerImpl.java:setRole(285)) - c67ce9c0-0a3a-4be5-b90f-8c76fbba61ed@group-7739A0DA65BB: changes role from  FOLLOWER to FOLLOWER at term 3 for candidate:c886e095-44b5-4a75-a59b-9e8bd319d099
2021-09-21 01:22:45,942 [grpc-default-executor-4] INFO  impl.RoleInfo (RoleInfo.java:shutdownFollowerState(108)) - c67ce9c0-0a3a-4be5-b90f-8c76fbba61ed: shutdown c67ce9c0-0a3a-4be5-b90f-8c76fbba61ed@group-7739A0DA65BB-FollowerState
2021-09-21 01:22:45,942 [c67ce9c0-0a3a-4be5-b90f-8c76fbba61ed@group-7739A0DA65BB-FollowerState] INFO  impl.FollowerState (FollowerState.java:run(143)) - c67ce9c0-0a3a-4be5-b90f-8c76fbba61ed@group-7739A0DA65BB-FollowerState was interrupted: {}
java.lang.InterruptedException: sleep interrupted
	at java.lang.Thread.sleep(Native Method)
	at java.lang.Thread.sleep(Thread.java:340)
	at java.util.concurrent.TimeUnit.sleep(TimeUnit.java:386)
	at org.apache.ratis.util.TimeDuration.sleep(TimeDuration.java:324)
	at org.apache.ratis.util.TimeDuration.sleep(TimeDuration.java:309)
	at org.apache.ratis.server.impl.FollowerState.run(FollowerState.java:118)
2021-09-21 01:22:45,942 [grpc-default-executor-4] INFO  impl.RoleInfo (RoleInfo.java:updateAndGet(130)) - c67ce9c0-0a3a-4be5-b90f-8c76fbba61ed: start c67ce9c0-0a3a-4be5-b90f-8c76fbba61ed@group-7739A0DA65BB-FollowerState
2021-09-21 01:22:45,955 [grpc-default-executor-4] INFO  server.RaftServer$Division (RaftServerImpl.java:requestVote(1075)) - c67ce9c0-0a3a-4be5-b90f-8c76fbba61ed@group-7739A0DA65BB replies to ELECTION vote request: c886e095-44b5-4a75-a59b-9e8bd319d099<-c67ce9c0-0a3a-4be5-b90f-8c76fbba61ed#0:OK-t3. Peer's state: c67ce9c0-0a3a-4be5-b90f-8c76fbba61ed@group-7739A0DA65BB:t3, leader=null, voted=c886e095-44b5-4a75-a59b-9e8bd319d099, raftlog=c67ce9c0-0a3a-4be5-b90f-8c76fbba61ed@group-7739A0DA65BB-SegmentedRaftLog:OPENED:c-1,f-1,i0, conf=-1: [c67ce9c0-0a3a-4be5-b90f-8c76fbba61ed|rpc:10.1.0.51:43243|priority:0, be30f2b5-d5fc-49a0-9235-d4dd7ecd33b9|rpc:10.1.0.51:40839|priority:0, c886e095-44b5-4a75-a59b-9e8bd319d099|rpc:10.1.0.51:43537|priority:1], old=null
2021-09-21 01:22:45,956 [c886e095-44b5-4a75-a59b-9e8bd319d099@group-7739A0DA65BB-LeaderElection46] INFO  impl.LeaderElection (LeaderElection.java:logAndReturn(89)) - c886e095-44b5-4a75-a59b-9e8bd319d099@group-7739A0DA65BB-LeaderElection46: ELECTION PASSED received 1 response(s) and 0 exception(s):
2021-09-21 01:22:45,956 [c886e095-44b5-4a75-a59b-9e8bd319d099@group-7739A0DA65BB-LeaderElection46] INFO  impl.LeaderElection (LeaderElection.java:logAndReturn(93)) -   Response 0: c886e095-44b5-4a75-a59b-9e8bd319d099<-c67ce9c0-0a3a-4be5-b90f-8c76fbba61ed#0:OK-t3
2021-09-21 01:22:45,956 [c886e095-44b5-4a75-a59b-9e8bd319d099@group-7739A0DA65BB-LeaderElection46] INFO  impl.LeaderElection (LeaderElection.java:askForVotes(308)) - c886e095-44b5-4a75-a59b-9e8bd319d099@group-7739A0DA65BB-LeaderElection46 ELECTION round 0: result PASSED
2021-09-21 01:22:45,956 [c886e095-44b5-4a75-a59b-9e8bd319d099@group-7739A0DA65BB-LeaderElection46] INFO  impl.RoleInfo (RoleInfo.java:shutdownLeaderElection(121)) - c886e095-44b5-4a75-a59b-9e8bd319d099: shutdown c886e095-44b5-4a75-a59b-9e8bd319d099@group-7739A0DA65BB-LeaderElection46
2021-09-21 01:22:45,956 [c886e095-44b5-4a75-a59b-9e8bd319d099@group-7739A0DA65BB-LeaderElection46] INFO  server.RaftServer$Division (RaftServerImpl.java:setRole(285)) - c886e095-44b5-4a75-a59b-9e8bd319d099@group-7739A0DA65BB: changes role from CANDIDATE to LEADER at term 3 for changeToLeader
2021-09-21 01:22:45,957 [c886e095-44b5-4a75-a59b-9e8bd319d099@group-7739A0DA65BB-LeaderElection46] INFO  ratis.XceiverServerRatis (XceiverServerRatis.java:handleLeaderChangedNotification(860)) - Leader change notification received for group: group-7739A0DA65BB with new leaderId: c886e095-44b5-4a75-a59b-9e8bd319d099
2021-09-21 01:22:45,957 [c886e095-44b5-4a75-a59b-9e8bd319d099@group-7739A0DA65BB-LeaderElection46] INFO  server.RaftServer$Division (ServerState.java:setLeader(285)) - c886e095-44b5-4a75-a59b-9e8bd319d099@group-7739A0DA65BB: change Leader from null to c886e095-44b5-4a75-a59b-9e8bd319d099 at term 3 for becomeLeader, leader elected after 15262ms
2021-09-21 01:22:45,957 [c886e095-44b5-4a75-a59b-9e8bd319d099@group-7739A0DA65BB-LeaderElection46] INFO  server.RaftServerConfigKeys (ConfUtils.java:logGet(44)) - raft.server.staging.catchup.gap = 1000 (default)
2021-09-21 01:22:45,957 [Datanode State Machine Thread - 0] WARN  statemachine.StateContext (StateContext.java:execute(621)) - No available thread in pool for past 1 seconds.
2021-09-21 01:22:45,957 [c886e095-44b5-4a75-a59b-9e8bd319d099@group-7739A0DA65BB-LeaderElection46] INFO  server.RaftServerConfigKeys (ConfUtils.java:logGet(44)) - raft.server.write.element-limit = 1024 (custom)
2021-09-21 01:22:45,957 [c886e095-44b5-4a75-a59b-9e8bd319d099@group-7739A0DA65BB-LeaderElection46] INFO  server.RaftServerConfigKeys (ConfUtils.java:logGet(44)) - raft.server.write.byte-limit = 1024 M (=1073741824) (custom)
2021-09-21 01:22:45,957 [c886e095-44b5-4a75-a59b-9e8bd319d099@group-7739A0DA65BB-LeaderElection46] INFO  server.RaftServerConfigKeys (ConfUtils.java:logGet(44)) - raft.server.watch.timeout = 3000ms (custom)
2021-09-21 01:22:45,957 [c886e095-44b5-4a75-a59b-9e8bd319d099@group-7739A0DA65BB-LeaderElection46] INFO  server.RaftServerConfigKeys (ConfUtils.java:logGet(44)) - raft.server.watch.timeout.denomination = 1s (default)
2021-09-21 01:22:45,957 [c886e095-44b5-4a75-a59b-9e8bd319d099@group-7739A0DA65BB-LeaderElection46] INFO  server.RaftServerConfigKeys (ConfUtils.java:logGet(44)) - raft.server.watch.element-limit = 65536 (default)
2021-09-21 01:22:45,958 [c886e095-44b5-4a75-a59b-9e8bd319d099@group-7739A0DA65BB-LeaderElection46] INFO  server.RaftServerConfigKeys (ConfUtils.java:logGet(44)) - raft.server.log.appender.snapshot.chunk.size.max = 16MB (=16777216) (default)
2021-09-21 01:22:45,958 [c886e095-44b5-4a75-a59b-9e8bd319d099@group-7739A0DA65BB-LeaderElection46] INFO  server.RaftServerConfigKeys (ConfUtils.java:logGet(44)) - raft.server.log.appender.buffer.byte-limit = 33554432 (custom)
2021-09-21 01:22:45,958 [c886e095-44b5-4a75-a59b-9e8bd319d099@group-7739A0DA65BB-LeaderElection46] INFO  server.RaftServerConfigKeys (ConfUtils.java:logGet(44)) - raft.server.log.appender.buffer.element-limit = 1 (custom)
2021-09-21 01:22:45,958 [c886e095-44b5-4a75-a59b-9e8bd319d099@group-7739A0DA65BB-LeaderElection46] INFO  grpc.GrpcConfigKeys (ConfUtils.java:logGet(44)) - raft.grpc.server.leader.outstanding.appends.max = 128 (default)
2021-09-21 01:22:45,958 [c886e095-44b5-4a75-a59b-9e8bd319d099@group-7739A0DA65BB-LeaderElection46] INFO  server.RaftServerConfigKeys (ConfUtils.java:logGet(44)) - raft.server.rpc.request.timeout = 3000ms (default)
2021-09-21 01:22:45,958 [c886e095-44b5-4a75-a59b-9e8bd319d099@group-7739A0DA65BB-LeaderElection46] INFO  server.RaftServerConfigKeys (ConfUtils.java:logGet(44)) - raft.server.log.appender.install.snapshot.enabled = false (custom)
2021-09-21 01:22:45,959 [EventQueue-PipelineReportForPipelineReportHandler] INFO  pipeline.PipelineManagerImpl (PipelineManagerImpl.java:openPipeline(282)) - Pipeline Pipeline[ Id: 7c372caa-62a0-4f84-8eb6-7739a0da65bb, Nodes: c886e095-44b5-4a75-a59b-9e8bd319d099{ip: 10.1.0.51, host: fv-az122-453.zf1tlrj3kn4expqppa1j4mpycf.xx.internal.cloudapp.net, ports: [REPLICATION=33119, RATIS=43537, RATIS_ADMIN=43537, RATIS_SERVER=43537, STANDALONE=41033], networkLocation: /default-rack, certSerialId: null, persistedOpState: IN_SERVICE, persistedOpStateExpiryEpochSec: 0}c67ce9c0-0a3a-4be5-b90f-8c76fbba61ed{ip: 10.1.0.51, host: fv-az122-453.zf1tlrj3kn4expqppa1j4mpycf.xx.internal.cloudapp.net, ports: [REPLICATION=46007, RATIS=43243, RATIS_ADMIN=43243, RATIS_SERVER=43243, STANDALONE=45299], networkLocation: /default-rack, certSerialId: null, persistedOpState: IN_SERVICE, persistedOpStateExpiryEpochSec: 0}be30f2b5-d5fc-49a0-9235-d4dd7ecd33b9{ip: 10.1.0.51, host: fv-az122-453.zf1tlrj3kn4expqppa1j4mpycf.xx.internal.cloudapp.net, ports: [REPLICATION=38081, RATIS=40839, RATIS_ADMIN=40839, RATIS_SERVER=40839, STANDALONE=45589], networkLocation: /default-rack, certSerialId: null, persistedOpState: IN_SERVICE, persistedOpStateExpiryEpochSec: 0}, ReplicationConfig: RATIS/THREE, State:ALLOCATED, leaderId:c886e095-44b5-4a75-a59b-9e8bd319d099, CreationTimestamp2021-09-21T01:22:28.866Z[Etc/UTC]] moved to OPEN state
2021-09-21 01:22:45,960 [c886e095-44b5-4a75-a59b-9e8bd319d099@group-7739A0DA65BB-LeaderElection46] INFO  server.RaftServerConfigKeys (ConfUtils.java:logGet(44)) - raft.server.log.appender.snapshot.chunk.size.max = 16MB (=16777216) (default)
2021-09-21 01:22:45,960 [c886e095-44b5-4a75-a59b-9e8bd319d099@group-7739A0DA65BB-LeaderElection46] INFO  server.RaftServerConfigKeys (ConfUtils.java:logGet(44)) - raft.server.log.appender.buffer.byte-limit = 33554432 (custom)
2021-09-21 01:22:45,961 [c886e095-44b5-4a75-a59b-9e8bd319d099@group-7739A0DA65BB-LeaderElection46] INFO  server.RaftServerConfigKeys (ConfUtils.java:logGet(44)) - raft.server.log.appender.buffer.element-limit = 1 (custom)
2021-09-21 01:22:45,961 [c886e095-44b5-4a75-a59b-9e8bd319d099@group-7739A0DA65BB-LeaderElection46] INFO  grpc.GrpcConfigKeys (ConfUtils.java:logGet(44)) - raft.grpc.server.leader.outstanding.appends.max = 128 (default)
2021-09-21 01:22:45,961 [c886e095-44b5-4a75-a59b-9e8bd319d099@group-7739A0DA65BB-LeaderElection46] INFO  server.RaftServerConfigKeys (ConfUtils.java:logGet(44)) - raft.server.rpc.request.timeout = 3000ms (default)
2021-09-21 01:22:45,961 [c886e095-44b5-4a75-a59b-9e8bd319d099@group-7739A0DA65BB-LeaderElection46] INFO  server.RaftServerConfigKeys (ConfUtils.java:logGet(44)) - raft.server.log.appender.install.snapshot.enabled = false (custom)
2021-09-21 01:22:45,962 [c886e095-44b5-4a75-a59b-9e8bd319d099@group-7739A0DA65BB-LeaderElection46] INFO  impl.RoleInfo (RoleInfo.java:updateAndGet(130)) - c886e095-44b5-4a75-a59b-9e8bd319d099: start c886e095-44b5-4a75-a59b-9e8bd319d099@group-7739A0DA65BB-LeaderStateImpl
2021-09-21 01:22:45,963 [c886e095-44b5-4a75-a59b-9e8bd319d099@group-7739A0DA65BB-LeaderElection46] INFO  segmented.SegmentedRaftLogWorker (SegmentedRaftLogWorker.java:startLogSegment(394)) - c886e095-44b5-4a75-a59b-9e8bd319d099@group-7739A0DA65BB-SegmentedRaftLogWorker: Starting segment from index:0
2021-09-21 01:22:45,965 [c886e095-44b5-4a75-a59b-9e8bd319d099@group-7739A0DA65BB-SegmentedRaftLogWorker] INFO  segmented.SegmentedRaftLogWorker (SegmentedRaftLogWorker.java:execute(601)) - c886e095-44b5-4a75-a59b-9e8bd319d099@group-7739A0DA65BB-SegmentedRaftLogWorker: created new log segment /home/runner/work/ozone/ozone/hadoop-ozone/integration-test/target/test-dir/MiniOzoneClusterImpl-7349e056-7b32-48d8-92e4-5182ee86217f/datanode-1/data/ratis/7c372caa-62a0-4f84-8eb6-7739a0da65bb/current/log_inprogress_0
2021-09-21 01:22:45,973 [c886e095-44b5-4a75-a59b-9e8bd319d099@group-7739A0DA65BB-LeaderElection46] INFO  server.RaftServer$Division (ServerState.java:setRaftConf(387)) - c886e095-44b5-4a75-a59b-9e8bd319d099@group-7739A0DA65BB: set configuration 0: [c67ce9c0-0a3a-4be5-b90f-8c76fbba61ed|rpc:10.1.0.51:43243|dataStream:|priority:0, be30f2b5-d5fc-49a0-9235-d4dd7ecd33b9|rpc:10.1.0.51:40839|dataStream:|priority:0, c886e095-44b5-4a75-a59b-9e8bd319d099|rpc:10.1.0.51:43537|dataStream:|priority:1], old=null
2021-09-21 01:22:45,974 [grpc-default-executor-4] INFO  ratis.XceiverServerRatis (XceiverServerRatis.java:handleLeaderChangedNotification(860)) - Leader change notification received for group: group-7739A0DA65BB with new leaderId: c886e095-44b5-4a75-a59b-9e8bd319d099
2021-09-21 01:22:45,974 [grpc-default-executor-4] INFO  server.RaftServer$Division (ServerState.java:setLeader(285)) - c67ce9c0-0a3a-4be5-b90f-8c76fbba61ed@group-7739A0DA65BB: change Leader from null to c886e095-44b5-4a75-a59b-9e8bd319d099 at term 3 for appendEntries, leader elected after 15403ms
2021-09-21 01:22:45,993 [grpc-default-executor-1] INFO  server.RaftServer$Division (RaftServerImpl.java:requestVote(1043)) - be30f2b5-d5fc-49a0-9235-d4dd7ecd33b9@group-7739A0DA65BB: receive requestVote(ELECTION, c886e095-44b5-4a75-a59b-9e8bd319d099, group-7739A0DA65BB, 3, (t:0, i:0))
2021-09-21 01:22:45,993 [grpc-default-executor-1] INFO  impl.VoteContext (VoteContext.java:log(48)) - be30f2b5-d5fc-49a0-9235-d4dd7ecd33b9@group-7739A0DA65BB-FOLLOWER: accept ELECTION from c886e095-44b5-4a75-a59b-9e8bd319d099: our priority 0 <= candidate's priority 1
2021-09-21 01:22:45,993 [grpc-default-executor-1] INFO  server.RaftServer$Division (RaftServerImpl.java:setRole(285)) - be30f2b5-d5fc-49a0-9235-d4dd7ecd33b9@group-7739A0DA65BB: changes role from  FOLLOWER to FOLLOWER at term 3 for candidate:c886e095-44b5-4a75-a59b-9e8bd319d099
2021-09-21 01:22:45,993 [grpc-default-executor-1] INFO  impl.RoleInfo (RoleInfo.java:shutdownFollowerState(108)) - be30f2b5-d5fc-49a0-9235-d4dd7ecd33b9: shutdown be30f2b5-d5fc-49a0-9235-d4dd7ecd33b9@group-7739A0DA65BB-FollowerState
2021-09-21 01:22:45,993 [grpc-default-executor-1] INFO  impl.RoleInfo (RoleInfo.java:updateAndGet(130)) - be30f2b5-d5fc-49a0-9235-d4dd7ecd33b9: start be30f2b5-d5fc-49a0-9235-d4dd7ecd33b9@group-7739A0DA65BB-FollowerState
2021-09-21 01:22:45,993 [be30f2b5-d5fc-49a0-9235-d4dd7ecd33b9@group-7739A0DA65BB-FollowerState] INFO  impl.FollowerState (FollowerState.java:run(143)) - be30f2b5-d5fc-49a0-9235-d4dd7ecd33b9@group-7739A0DA65BB-FollowerState was interrupted: {}
java.lang.InterruptedException: sleep interrupted
	at java.lang.Thread.sleep(Native Method)
	at java.lang.Thread.sleep(Thread.java:340)
	at java.util.concurrent.TimeUnit.sleep(TimeUnit.java:386)
	at org.apache.ratis.util.TimeDuration.sleep(TimeDuration.java:324)
	at org.apache.ratis.util.TimeDuration.sleep(TimeDuration.java:309)
	at org.apache.ratis.server.impl.FollowerState.run(FollowerState.java:118)
2021-09-21 01:22:45,994 [grpc-default-executor-3] INFO  server.RaftServer$Division (ServerState.java:setRaftConf(387)) - c67ce9c0-0a3a-4be5-b90f-8c76fbba61ed@group-7739A0DA65BB: set configuration 0: [c67ce9c0-0a3a-4be5-b90f-8c76fbba61ed|rpc:10.1.0.51:43243|dataStream:|priority:0, be30f2b5-d5fc-49a0-9235-d4dd7ecd33b9|rpc:10.1.0.51:40839|dataStream:|priority:0, c886e095-44b5-4a75-a59b-9e8bd319d099|rpc:10.1.0.51:43537|dataStream:|priority:1], old=null
2021-09-21 01:22:45,994 [grpc-default-executor-3] INFO  segmented.SegmentedRaftLogWorker (SegmentedRaftLogWorker.java:startLogSegment(394)) - c67ce9c0-0a3a-4be5-b90f-8c76fbba61ed@group-7739A0DA65BB-SegmentedRaftLogWorker: Starting segment from index:0
2021-09-21 01:22:45,996 [grpc-default-executor-1] INFO  server.RaftServer$Division (RaftServerImpl.java:requestVote(1075)) - be30f2b5-d5fc-49a0-9235-d4dd7ecd33b9@group-7739A0DA65BB replies to ELECTION vote request: c886e095-44b5-4a75-a59b-9e8bd319d099<-be30f2b5-d5fc-49a0-9235-d4dd7ecd33b9#0:OK-t3. Peer's state: be30f2b5-d5fc-49a0-9235-d4dd7ecd33b9@group-7739A0DA65BB:t3, leader=null, voted=c886e095-44b5-4a75-a59b-9e8bd319d099, raftlog=be30f2b5-d5fc-49a0-9235-d4dd7ecd33b9@group-7739A0DA65BB-SegmentedRaftLog:OPENED:c-1,f-1,i0, conf=-1: [c67ce9c0-0a3a-4be5-b90f-8c76fbba61ed|rpc:10.1.0.51:43243|dataStream:|priority:0, be30f2b5-d5fc-49a0-9235-d4dd7ecd33b9|rpc:10.1.0.51:40839|dataStream:|priority:0, c886e095-44b5-4a75-a59b-9e8bd319d099|rpc:10.1.0.51:43537|dataStream:|priority:1], old=null
2021-09-21 01:22:46,006 [grpc-default-executor-1] INFO  ratis.XceiverServerRatis (XceiverServerRatis.java:handleLeaderChangedNotification(860)) - Leader change notification received for group: group-7739A0DA65BB with new leaderId: c886e095-44b5-4a75-a59b-9e8bd319d099
2021-09-21 01:22:46,006 [grpc-default-executor-1] INFO  server.RaftServer$Division (ServerState.java:setLeader(285)) - be30f2b5-d5fc-49a0-9235-d4dd7ecd33b9@group-7739A0DA65BB: change Leader from null to c886e095-44b5-4a75-a59b-9e8bd319d099 at term 3 for appendEntries, leader elected after 15085ms
2021-09-21 01:22:46,015 [c67ce9c0-0a3a-4be5-b90f-8c76fbba61ed@group-7739A0DA65BB-SegmentedRaftLogWorker] INFO  segmented.SegmentedRaftLogWorker (SegmentedRaftLogWorker.java:execute(601)) - c67ce9c0-0a3a-4be5-b90f-8c76fbba61ed@group-7739A0DA65BB-SegmentedRaftLogWorker: created new log segment /home/runner/work/ozone/ozone/hadoop-ozone/integration-test/target/test-dir/MiniOzoneClusterImpl-7349e056-7b32-48d8-92e4-5182ee86217f/datanode-0/data/ratis/7c372caa-62a0-4f84-8eb6-7739a0da65bb/current/log_inprogress_0
2021-09-21 01:22:46,021 [grpc-default-executor-1] INFO  server.RaftServer$Division (ServerState.java:setRaftConf(387)) - be30f2b5-d5fc-49a0-9235-d4dd7ecd33b9@group-7739A0DA65BB: set configuration 0: [c67ce9c0-0a3a-4be5-b90f-8c76fbba61ed|rpc:10.1.0.51:43243|dataStream:|priority:0, be30f2b5-d5fc-49a0-9235-d4dd7ecd33b9|rpc:10.1.0.51:40839|dataStream:|priority:0, c886e095-44b5-4a75-a59b-9e8bd319d099|rpc:10.1.0.51:43537|dataStream:|priority:1], old=null
2021-09-21 01:22:46,036 [grpc-default-executor-1] INFO  segmented.SegmentedRaftLogWorker (SegmentedRaftLogWorker.java:startLogSegment(394)) - be30f2b5-d5fc-49a0-9235-d4dd7ecd33b9@group-7739A0DA65BB-SegmentedRaftLogWorker: Starting segment from index:0
2021-09-21 01:22:46,037 [be30f2b5-d5fc-49a0-9235-d4dd7ecd33b9@group-7739A0DA65BB-SegmentedRaftLogWorker] INFO  segmented.SegmentedRaftLogWorker (SegmentedRaftLogWorker.java:execute(601)) - be30f2b5-d5fc-49a0-9235-d4dd7ecd33b9@group-7739A0DA65BB-SegmentedRaftLogWorker: created new log segment /home/runner/work/ozone/ozone/hadoop-ozone/integration-test/target/test-dir/MiniOzoneClusterImpl-7349e056-7b32-48d8-92e4-5182ee86217f/datanode-2/data/ratis/7c372caa-62a0-4f84-8eb6-7739a0da65bb/current/log_inprogress_0
2021-09-21 01:22:48,047 [aa364905-4a8e-4b76-ab26-d74d60c32cfc@group-D13672D1E602-FollowerState] INFO  impl.FollowerState (FollowerState.java:run(134)) - aa364905-4a8e-4b76-ab26-d74d60c32cfc@group-D13672D1E602-FollowerState: change to CANDIDATE, lastRpcElapsedTime:5088173674ns, electionTimeout:5074ms
2021-09-21 01:22:48,047 [aa364905-4a8e-4b76-ab26-d74d60c32cfc@group-D13672D1E602-FollowerState] INFO  impl.RoleInfo (RoleInfo.java:shutdownFollowerState(108)) - aa364905-4a8e-4b76-ab26-d74d60c32cfc: shutdown aa364905-4a8e-4b76-ab26-d74d60c32cfc@group-D13672D1E602-FollowerState
2021-09-21 01:22:48,047 [aa364905-4a8e-4b76-ab26-d74d60c32cfc@group-D13672D1E602-FollowerState] INFO  server.RaftServer$Division (RaftServerImpl.java:setRole(285)) - aa364905-4a8e-4b76-ab26-d74d60c32cfc@group-D13672D1E602: changes role from  FOLLOWER to CANDIDATE at term 2 for changeToCandidate
2021-09-21 01:22:48,047 [aa364905-4a8e-4b76-ab26-d74d60c32cfc@group-D13672D1E602-FollowerState] INFO  server.RaftServerConfigKeys (ConfUtils.java:logGet(44)) - raft.server.leaderelection.pre-vote = false (custom)
2021-09-21 01:22:48,047 [aa364905-4a8e-4b76-ab26-d74d60c32cfc@group-D13672D1E602-FollowerState] INFO  impl.RoleInfo (RoleInfo.java:updateAndGet(130)) - aa364905-4a8e-4b76-ab26-d74d60c32cfc: start aa364905-4a8e-4b76-ab26-d74d60c32cfc@group-D13672D1E602-LeaderElection47
2021-09-21 01:22:48,067 [57923224-7b87-4e71-9981-19f5694b9dee@group-D13672D1E602-FollowerState] INFO  impl.FollowerState (FollowerState.java:run(134)) - 57923224-7b87-4e71-9981-19f5694b9dee@group-D13672D1E602-FollowerState: change to CANDIDATE, lastRpcElapsedTime:5068689238ns, electionTimeout:5050ms
2021-09-21 01:22:48,067 [57923224-7b87-4e71-9981-19f5694b9dee@group-D13672D1E602-FollowerState] INFO  impl.RoleInfo (RoleInfo.java:shutdownFollowerState(108)) - 57923224-7b87-4e71-9981-19f5694b9dee: shutdown 57923224-7b87-4e71-9981-19f5694b9dee@group-D13672D1E602-FollowerState
2021-09-21 01:22:48,068 [57923224-7b87-4e71-9981-19f5694b9dee@group-D13672D1E602-FollowerState] INFO  server.RaftServer$Division (RaftServerImpl.java:setRole(285)) - 57923224-7b87-4e71-9981-19f5694b9dee@group-D13672D1E602: changes role from  FOLLOWER to CANDIDATE at term 2 for changeToCandidate
2021-09-21 01:22:48,068 [57923224-7b87-4e71-9981-19f5694b9dee@group-D13672D1E602-FollowerState] INFO  server.RaftServerConfigKeys (ConfUtils.java:logGet(44)) - raft.server.leaderelection.pre-vote = false (custom)
2021-09-21 01:22:48,068 [57923224-7b87-4e71-9981-19f5694b9dee@group-D13672D1E602-FollowerState] INFO  impl.RoleInfo (RoleInfo.java:updateAndGet(130)) - 57923224-7b87-4e71-9981-19f5694b9dee: start 57923224-7b87-4e71-9981-19f5694b9dee@group-D13672D1E602-LeaderElection48
2021-09-21 01:22:48,070 [57923224-7b87-4e71-9981-19f5694b9dee@group-D13672D1E602-LeaderElection48] INFO  impl.LeaderElection (LeaderElection.java:askForVotes(306)) - 57923224-7b87-4e71-9981-19f5694b9dee@group-D13672D1E602-LeaderElection48 ELECTION round 0: submit vote requests at term 3 for -1: [9e8c78a1-f01d-42ca-a684-b6f934dd8d4f|rpc:10.1.0.51:39721|dataStream:|priority:0, aa364905-4a8e-4b76-ab26-d74d60c32cfc|rpc:10.1.0.51:39239|dataStream:|priority:0, 57923224-7b87-4e71-9981-19f5694b9dee|rpc:10.1.0.51:39003|dataStream:|priority:1], old=null
2021-09-21 01:22:48,081 [grpc-default-executor-1] INFO  server.RaftServer$Division (RaftServerImpl.java:requestVote(1043)) - 9e8c78a1-f01d-42ca-a684-b6f934dd8d4f@group-D13672D1E602: receive requestVote(ELECTION, 57923224-7b87-4e71-9981-19f5694b9dee, group-D13672D1E602, 3, (t:0, i:0))
2021-09-21 01:22:48,081 [grpc-default-executor-1] INFO  impl.VoteContext (VoteContext.java:log(48)) - 9e8c78a1-f01d-42ca-a684-b6f934dd8d4f@group-D13672D1E602-FOLLOWER: accept ELECTION from 57923224-7b87-4e71-9981-19f5694b9dee: our priority 0 <= candidate's priority 1
2021-09-21 01:22:48,081 [grpc-default-executor-1] INFO  server.RaftServer$Division (RaftServerImpl.java:setRole(285)) - 9e8c78a1-f01d-42ca-a684-b6f934dd8d4f@group-D13672D1E602: changes role from  FOLLOWER to FOLLOWER at term 3 for candidate:57923224-7b87-4e71-9981-19f5694b9dee
2021-09-21 01:22:48,081 [grpc-default-executor-1] INFO  impl.RoleInfo (RoleInfo.java:shutdownFollowerState(108)) - 9e8c78a1-f01d-42ca-a684-b6f934dd8d4f: shutdown 9e8c78a1-f01d-42ca-a684-b6f934dd8d4f@group-D13672D1E602-FollowerState
2021-09-21 01:22:48,081 [grpc-default-executor-1] INFO  impl.RoleInfo (RoleInfo.java:updateAndGet(130)) - 9e8c78a1-f01d-42ca-a684-b6f934dd8d4f: start 9e8c78a1-f01d-42ca-a684-b6f934dd8d4f@group-D13672D1E602-FollowerState
2021-09-21 01:22:48,081 [9e8c78a1-f01d-42ca-a684-b6f934dd8d4f@group-D13672D1E602-FollowerState] INFO  impl.FollowerState (FollowerState.java:run(143)) - 9e8c78a1-f01d-42ca-a684-b6f934dd8d4f@group-D13672D1E602-FollowerState was interrupted: {}
java.lang.InterruptedException: sleep interrupted
	at java.lang.Thread.sleep(Native Method)
	at java.lang.Thread.sleep(Thread.java:340)
	at java.util.concurrent.TimeUnit.sleep(TimeUnit.java:386)
	at org.apache.ratis.util.TimeDuration.sleep(TimeDuration.java:324)
	at org.apache.ratis.util.TimeDuration.sleep(TimeDuration.java:309)
	at org.apache.ratis.server.impl.FollowerState.run(FollowerState.java:118)
2021-09-21 01:22:48,094 [grpc-default-executor-1] INFO  server.RaftServer$Division (RaftServerImpl.java:requestVote(1075)) - 9e8c78a1-f01d-42ca-a684-b6f934dd8d4f@group-D13672D1E602 replies to ELECTION vote request: 57923224-7b87-4e71-9981-19f5694b9dee<-9e8c78a1-f01d-42ca-a684-b6f934dd8d4f#0:OK-t3. Peer's state: 9e8c78a1-f01d-42ca-a684-b6f934dd8d4f@group-D13672D1E602:t3, leader=null, voted=57923224-7b87-4e71-9981-19f5694b9dee, raftlog=9e8c78a1-f01d-42ca-a684-b6f934dd8d4f@group-D13672D1E602-SegmentedRaftLog:OPENED:c-1,f-1,i0, conf=-1: [9e8c78a1-f01d-42ca-a684-b6f934dd8d4f|rpc:10.1.0.51:39721|dataStream:|priority:0, aa364905-4a8e-4b76-ab26-d74d60c32cfc|rpc:10.1.0.51:39239|dataStream:|priority:0, 57923224-7b87-4e71-9981-19f5694b9dee|rpc:10.1.0.51:39003|dataStream:|priority:1], old=null
2021-09-21 01:22:48,103 [57923224-7b87-4e71-9981-19f5694b9dee@group-D13672D1E602-LeaderElection48] INFO  impl.LeaderElection (LeaderElection.java:logAndReturn(89)) - 57923224-7b87-4e71-9981-19f5694b9dee@group-D13672D1E602-LeaderElection48: ELECTION PASSED received 1 response(s) and 0 exception(s):
2021-09-21 01:22:48,103 [57923224-7b87-4e71-9981-19f5694b9dee@group-D13672D1E602-LeaderElection48] INFO  impl.LeaderElection (LeaderElection.java:logAndReturn(93)) -   Response 0: 57923224-7b87-4e71-9981-19f5694b9dee<-9e8c78a1-f01d-42ca-a684-b6f934dd8d4f#0:OK-t3
2021-09-21 01:22:48,104 [57923224-7b87-4e71-9981-19f5694b9dee@group-D13672D1E602-LeaderElection48] INFO  impl.LeaderElection (LeaderElection.java:askForVotes(308)) - 57923224-7b87-4e71-9981-19f5694b9dee@group-D13672D1E602-LeaderElection48 ELECTION round 0: result PASSED
2021-09-21 01:22:48,104 [57923224-7b87-4e71-9981-19f5694b9dee@group-D13672D1E602-LeaderElection48] INFO  impl.RoleInfo (RoleInfo.java:shutdownLeaderElection(121)) - 57923224-7b87-4e71-9981-19f5694b9dee: shutdown 57923224-7b87-4e71-9981-19f5694b9dee@group-D13672D1E602-LeaderElection48
2021-09-21 01:22:48,104 [57923224-7b87-4e71-9981-19f5694b9dee@group-D13672D1E602-LeaderElection48] INFO  server.RaftServer$Division (RaftServerImpl.java:setRole(285)) - 57923224-7b87-4e71-9981-19f5694b9dee@group-D13672D1E602: changes role from CANDIDATE to LEADER at term 3 for changeToLeader
2021-09-21 01:22:48,104 [57923224-7b87-4e71-9981-19f5694b9dee@group-D13672D1E602-LeaderElection48] INFO  ratis.XceiverServerRatis (XceiverServerRatis.java:handleLeaderChangedNotification(860)) - Leader change notification received for group: group-D13672D1E602 with new leaderId: 57923224-7b87-4e71-9981-19f5694b9dee
2021-09-21 01:22:48,104 [57923224-7b87-4e71-9981-19f5694b9dee@group-D13672D1E602-LeaderElection48] INFO  server.RaftServer$Division (ServerState.java:setLeader(285)) - 57923224-7b87-4e71-9981-19f5694b9dee@group-D13672D1E602: change Leader from null to 57923224-7b87-4e71-9981-19f5694b9dee at term 3 for becomeLeader, leader elected after 15322ms
2021-09-21 01:22:48,104 [57923224-7b87-4e71-9981-19f5694b9dee@group-D13672D1E602-LeaderElection48] INFO  server.RaftServerConfigKeys (ConfUtils.java:logGet(44)) - raft.server.staging.catchup.gap = 1000 (default)
2021-09-21 01:22:48,104 [57923224-7b87-4e71-9981-19f5694b9dee@group-D13672D1E602-LeaderElection48] INFO  server.RaftServerConfigKeys (ConfUtils.java:logGet(44)) - raft.server.write.element-limit = 1024 (custom)
2021-09-21 01:22:48,104 [57923224-7b87-4e71-9981-19f5694b9dee@group-D13672D1E602-LeaderElection48] INFO  server.RaftServerConfigKeys (ConfUtils.java:logGet(44)) - raft.server.write.byte-limit = 1024 M (=1073741824) (custom)
2021-09-21 01:22:48,105 [57923224-7b87-4e71-9981-19f5694b9dee@group-D13672D1E602-LeaderElection48] INFO  server.RaftServerConfigKeys (ConfUtils.java:logGet(44)) - raft.server.watch.timeout = 3000ms (custom)
2021-09-21 01:22:48,105 [57923224-7b87-4e71-9981-19f5694b9dee@group-D13672D1E602-LeaderElection48] INFO  server.RaftServerConfigKeys (ConfUtils.java:logGet(44)) - raft.server.watch.timeout.denomination = 1s (default)
2021-09-21 01:22:48,105 [57923224-7b87-4e71-9981-19f5694b9dee@group-D13672D1E602-LeaderElection48] INFO  server.RaftServerConfigKeys (ConfUtils.java:logGet(44)) - raft.server.watch.element-limit = 65536 (default)
2021-09-21 01:22:48,105 [57923224-7b87-4e71-9981-19f5694b9dee@group-D13672D1E602-LeaderElection48] INFO  server.RaftServerConfigKeys (ConfUtils.java:logGet(44)) - raft.server.log.appender.snapshot.chunk.size.max = 16MB (=16777216) (default)
2021-09-21 01:22:48,105 [57923224-7b87-4e71-9981-19f5694b9dee@group-D13672D1E602-LeaderElection48] INFO  server.RaftServerConfigKeys (ConfUtils.java:logGet(44)) - raft.server.log.appender.buffer.byte-limit = 33554432 (custom)
2021-09-21 01:22:48,105 [57923224-7b87-4e71-9981-19f5694b9dee@group-D13672D1E602-LeaderElection48] INFO  server.RaftServerConfigKeys (ConfUtils.java:logGet(44)) - raft.server.log.appender.buffer.element-limit = 1 (custom)
2021-09-21 01:22:48,105 [57923224-7b87-4e71-9981-19f5694b9dee@group-D13672D1E602-LeaderElection48] INFO  grpc.GrpcConfigKeys (ConfUtils.java:logGet(44)) - raft.grpc.server.leader.outstanding.appends.max = 128 (default)
2021-09-21 01:22:48,105 [57923224-7b87-4e71-9981-19f5694b9dee@group-D13672D1E602-LeaderElection48] INFO  server.RaftServerConfigKeys (ConfUtils.java:logGet(44)) - raft.server.rpc.request.timeout = 3000ms (default)
2021-09-21 01:22:48,105 [57923224-7b87-4e71-9981-19f5694b9dee@group-D13672D1E602-LeaderElection48] INFO  server.RaftServerConfigKeys (ConfUtils.java:logGet(44)) - raft.server.log.appender.install.snapshot.enabled = false (custom)
2021-09-21 01:22:48,106 [57923224-7b87-4e71-9981-19f5694b9dee@group-D13672D1E602-LeaderElection48] INFO  server.RaftServerConfigKeys (ConfUtils.java:logGet(44)) - raft.server.log.appender.snapshot.chunk.size.max = 16MB (=16777216) (default)
2021-09-21 01:22:48,112 [EventQueue-PipelineReportForPipelineReportHandler] INFO  pipeline.PipelineManagerImpl (PipelineManagerImpl.java:openPipeline(282)) - Pipeline Pipeline[ Id: af064ed5-d2ee-4a20-89df-d13672d1e602, Nodes: aa364905-4a8e-4b76-ab26-d74d60c32cfc{ip: 10.1.0.51, host: fv-az122-453.zf1tlrj3kn4expqppa1j4mpycf.xx.internal.cloudapp.net, ports: [REPLICATION=42687, RATIS=39239, RATIS_ADMIN=39239, RATIS_SERVER=39239, STANDALONE=34147], networkLocation: /default-rack, certSerialId: null, persistedOpState: IN_SERVICE, persistedOpStateExpiryEpochSec: 0}9e8c78a1-f01d-42ca-a684-b6f934dd8d4f{ip: 10.1.0.51, host: fv-az122-453.zf1tlrj3kn4expqppa1j4mpycf.xx.internal.cloudapp.net, ports: [REPLICATION=38911, RATIS=39721, RATIS_ADMIN=39721, RATIS_SERVER=39721, STANDALONE=36341], networkLocation: /default-rack, certSerialId: null, persistedOpState: IN_SERVICE, persistedOpStateExpiryEpochSec: 0}57923224-7b87-4e71-9981-19f5694b9dee{ip: 10.1.0.51, host: fv-az122-453.zf1tlrj3kn4expqppa1j4mpycf.xx.internal.cloudapp.net, ports: [REPLICATION=39567, RATIS=39003, RATIS_ADMIN=39003, RATIS_SERVER=39003, STANDALONE=38953], networkLocation: /default-rack, certSerialId: null, persistedOpState: IN_SERVICE, persistedOpStateExpiryEpochSec: 0}, ReplicationConfig: RATIS/THREE, State:ALLOCATED, leaderId:57923224-7b87-4e71-9981-19f5694b9dee, CreationTimestamp2021-09-21T01:22:30.788Z[Etc/UTC]] moved to OPEN state
2021-09-21 01:22:48,107 [Datanode State Machine Thread - 0] WARN  statemachine.StateContext (StateContext.java:execute(621)) - No available thread in pool for past 1 seconds.
2021-09-21 01:22:48,115 [57923224-7b87-4e71-9981-19f5694b9dee@group-D13672D1E602-LeaderElection48] INFO  server.RaftServerConfigKeys (ConfUtils.java:logGet(44)) - raft.server.log.appender.buffer.byte-limit = 33554432 (custom)
2021-09-21 01:22:48,115 [57923224-7b87-4e71-9981-19f5694b9dee@group-D13672D1E602-LeaderElection48] INFO  server.RaftServerConfigKeys (ConfUtils.java:logGet(44)) - raft.server.log.appender.buffer.element-limit = 1 (custom)
2021-09-21 01:22:48,115 [57923224-7b87-4e71-9981-19f5694b9dee@group-D13672D1E602-LeaderElection48] INFO  grpc.GrpcConfigKeys (ConfUtils.java:logGet(44)) - raft.grpc.server.leader.outstanding.appends.max = 128 (default)
2021-09-21 01:22:48,116 [57923224-7b87-4e71-9981-19f5694b9dee@group-D13672D1E602-LeaderElection48] INFO  server.RaftServerConfigKeys (ConfUtils.java:logGet(44)) - raft.server.rpc.request.timeout = 3000ms (default)
2021-09-21 01:22:48,116 [57923224-7b87-4e71-9981-19f5694b9dee@group-D13672D1E602-LeaderElection48] INFO  server.RaftServerConfigKeys (ConfUtils.java:logGet(44)) - raft.server.log.appender.install.snapshot.enabled = false (custom)
2021-09-21 01:22:48,116 [aa364905-4a8e-4b76-ab26-d74d60c32cfc@group-D13672D1E602-LeaderElection47] INFO  impl.LeaderElection (LeaderElection.java:askForVotes(306)) - aa364905-4a8e-4b76-ab26-d74d60c32cfc@group-D13672D1E602-LeaderElection47 ELECTION round 0: submit vote requests at term 3 for -1: [9e8c78a1-f01d-42ca-a684-b6f934dd8d4f|rpc:10.1.0.51:39721|priority:0, aa364905-4a8e-4b76-ab26-d74d60c32cfc|rpc:10.1.0.51:39239|priority:0, 57923224-7b87-4e71-9981-19f5694b9dee|rpc:10.1.0.51:39003|priority:1], old=null
2021-09-21 01:22:48,120 [57923224-7b87-4e71-9981-19f5694b9dee@group-D13672D1E602-LeaderElection48] INFO  impl.RoleInfo (RoleInfo.java:updateAndGet(130)) - 57923224-7b87-4e71-9981-19f5694b9dee: start 57923224-7b87-4e71-9981-19f5694b9dee@group-D13672D1E602-LeaderStateImpl
2021-09-21 01:22:48,120 [57923224-7b87-4e71-9981-19f5694b9dee@group-D13672D1E602-LeaderElection48] INFO  segmented.SegmentedRaftLogWorker (SegmentedRaftLogWorker.java:startLogSegment(394)) - 57923224-7b87-4e71-9981-19f5694b9dee@group-D13672D1E602-SegmentedRaftLogWorker: Starting segment from index:0
2021-09-21 01:22:48,146 [grpc-default-executor-1] INFO  server.RaftServer$Division (RaftServerImpl.java:requestVote(1043)) - 9e8c78a1-f01d-42ca-a684-b6f934dd8d4f@group-D13672D1E602: receive requestVote(ELECTION, aa364905-4a8e-4b76-ab26-d74d60c32cfc, group-D13672D1E602, 3, (t:0, i:0))
2021-09-21 01:22:48,147 [grpc-default-executor-1] INFO  impl.VoteContext (VoteContext.java:log(48)) - 9e8c78a1-f01d-42ca-a684-b6f934dd8d4f@group-D13672D1E602-FOLLOWER: reject ELECTION from aa364905-4a8e-4b76-ab26-d74d60c32cfc: already has voted for 57923224-7b87-4e71-9981-19f5694b9dee at current term 3
2021-09-21 01:22:48,147 [grpc-default-executor-1] INFO  server.RaftServer$Division (RaftServerImpl.java:requestVote(1075)) - 9e8c78a1-f01d-42ca-a684-b6f934dd8d4f@group-D13672D1E602 replies to ELECTION vote request: aa364905-4a8e-4b76-ab26-d74d60c32cfc<-9e8c78a1-f01d-42ca-a684-b6f934dd8d4f#0:FAIL-t3. Peer's state: 9e8c78a1-f01d-42ca-a684-b6f934dd8d4f@group-D13672D1E602:t3, leader=null, voted=57923224-7b87-4e71-9981-19f5694b9dee, raftlog=9e8c78a1-f01d-42ca-a684-b6f934dd8d4f@group-D13672D1E602-SegmentedRaftLog:OPENED:c-1,f-1,i0, conf=-1: [9e8c78a1-f01d-42ca-a684-b6f934dd8d4f|rpc:10.1.0.51:39721|dataStream:|priority:0, aa364905-4a8e-4b76-ab26-d74d60c32cfc|rpc:10.1.0.51:39239|dataStream:|priority:0, 57923224-7b87-4e71-9981-19f5694b9dee|rpc:10.1.0.51:39003|dataStream:|priority:1], old=null
2021-09-21 01:22:48,148 [57923224-7b87-4e71-9981-19f5694b9dee@group-D13672D1E602-SegmentedRaftLogWorker] INFO  segmented.SegmentedRaftLogWorker (SegmentedRaftLogWorker.java:execute(601)) - 57923224-7b87-4e71-9981-19f5694b9dee@group-D13672D1E602-SegmentedRaftLogWorker: created new log segment /home/runner/work/ozone/ozone/hadoop-ozone/integration-test/target/test-dir/MiniOzoneClusterImpl-7349e056-7b32-48d8-92e4-5182ee86217f/datanode-4/data/ratis/af064ed5-d2ee-4a20-89df-d13672d1e602/current/log_inprogress_0
2021-09-21 01:22:48,152 [57923224-7b87-4e71-9981-19f5694b9dee@group-D13672D1E602-LeaderElection48] INFO  server.RaftServer$Division (ServerState.java:setRaftConf(387)) - 57923224-7b87-4e71-9981-19f5694b9dee@group-D13672D1E602: set configuration 0: [9e8c78a1-f01d-42ca-a684-b6f934dd8d4f|rpc:10.1.0.51:39721|dataStream:|priority:0, aa364905-4a8e-4b76-ab26-d74d60c32cfc|rpc:10.1.0.51:39239|dataStream:|priority:0, 57923224-7b87-4e71-9981-19f5694b9dee|rpc:10.1.0.51:39003|dataStream:|priority:1], old=null
2021-09-21 01:22:48,166 [grpc-default-executor-1] INFO  server.RaftServer$Division (RaftServerImpl.java:requestVote(1043)) - aa364905-4a8e-4b76-ab26-d74d60c32cfc@group-D13672D1E602: receive requestVote(ELECTION, 57923224-7b87-4e71-9981-19f5694b9dee, group-D13672D1E602, 3, (t:0, i:0))
2021-09-21 01:22:48,166 [grpc-default-executor-1] INFO  impl.VoteContext (VoteContext.java:log(48)) - aa364905-4a8e-4b76-ab26-d74d60c32cfc@group-D13672D1E602-CANDIDATE: reject ELECTION from 57923224-7b87-4e71-9981-19f5694b9dee: already has voted for aa364905-4a8e-4b76-ab26-d74d60c32cfc at current term 3
2021-09-21 01:22:48,166 [grpc-default-executor-1] INFO  server.RaftServer$Division (RaftServerImpl.java:requestVote(1075)) - aa364905-4a8e-4b76-ab26-d74d60c32cfc@group-D13672D1E602 replies to ELECTION vote request: 57923224-7b87-4e71-9981-19f5694b9dee<-aa364905-4a8e-4b76-ab26-d74d60c32cfc#0:FAIL-t3. Peer's state: aa364905-4a8e-4b76-ab26-d74d60c32cfc@group-D13672D1E602:t3, leader=null, voted=aa364905-4a8e-4b76-ab26-d74d60c32cfc, raftlog=aa364905-4a8e-4b76-ab26-d74d60c32cfc@group-D13672D1E602-SegmentedRaftLog:OPENED:c-1,f-1,i0, conf=-1: [9e8c78a1-f01d-42ca-a684-b6f934dd8d4f|rpc:10.1.0.51:39721|priority:0, aa364905-4a8e-4b76-ab26-d74d60c32cfc|rpc:10.1.0.51:39239|priority:0, 57923224-7b87-4e71-9981-19f5694b9dee|rpc:10.1.0.51:39003|priority:1], old=null
2021-09-21 01:22:48,167 [grpc-default-executor-3] INFO  ratis.XceiverServerRatis (XceiverServerRatis.java:handleLeaderChangedNotification(860)) - Leader change notification received for group: group-D13672D1E602 with new leaderId: 57923224-7b87-4e71-9981-19f5694b9dee
2021-09-21 01:22:48,167 [grpc-default-executor-3] INFO  server.RaftServer$Division (ServerState.java:setLeader(285)) - 9e8c78a1-f01d-42ca-a684-b6f934dd8d4f@group-D13672D1E602: change Leader from null to 57923224-7b87-4e71-9981-19f5694b9dee at term 3 for appendEntries, leader elected after 15525ms
2021-09-21 01:22:48,166 [grpc-default-executor-4] INFO  server.RaftServer$Division (RaftServerImpl.java:requestVote(1043)) - 57923224-7b87-4e71-9981-19f5694b9dee@group-D13672D1E602: receive requestVote(ELECTION, aa364905-4a8e-4b76-ab26-d74d60c32cfc, group-D13672D1E602, 3, (t:0, i:0))
2021-09-21 01:22:48,167 [grpc-default-executor-4] INFO  impl.VoteContext (VoteContext.java:log(48)) - 57923224-7b87-4e71-9981-19f5694b9dee@group-D13672D1E602-LEADER: reject ELECTION from aa364905-4a8e-4b76-ab26-d74d60c32cfc: already has voted for 57923224-7b87-4e71-9981-19f5694b9dee at current term 3
2021-09-21 01:22:48,167 [grpc-default-executor-4] INFO  server.RaftServer$Division (RaftServerImpl.java:requestVote(1075)) - 57923224-7b87-4e71-9981-19f5694b9dee@group-D13672D1E602 replies to ELECTION vote request: aa364905-4a8e-4b76-ab26-d74d60c32cfc<-57923224-7b87-4e71-9981-19f5694b9dee#0:FAIL-t3. Peer's state: 57923224-7b87-4e71-9981-19f5694b9dee@group-D13672D1E602:t3, leader=57923224-7b87-4e71-9981-19f5694b9dee, voted=57923224-7b87-4e71-9981-19f5694b9dee, raftlog=57923224-7b87-4e71-9981-19f5694b9dee@group-D13672D1E602-SegmentedRaftLog:OPENED:c0,f0,i0, conf=0: [9e8c78a1-f01d-42ca-a684-b6f934dd8d4f|rpc:10.1.0.51:39721|dataStream:|priority:0, aa364905-4a8e-4b76-ab26-d74d60c32cfc|rpc:10.1.0.51:39239|dataStream:|priority:0, 57923224-7b87-4e71-9981-19f5694b9dee|rpc:10.1.0.51:39003|dataStream:|priority:1], old=null
2021-09-21 01:22:48,178 [aa364905-4a8e-4b76-ab26-d74d60c32cfc@group-D13672D1E602-LeaderElection47] INFO  impl.LeaderElection (LeaderElection.java:logAndReturn(89)) - aa364905-4a8e-4b76-ab26-d74d60c32cfc@group-D13672D1E602-LeaderElection47: ELECTION REJECTED received 2 response(s) and 0 exception(s):
2021-09-21 01:22:48,178 [aa364905-4a8e-4b76-ab26-d74d60c32cfc@group-D13672D1E602-LeaderElection47] INFO  impl.LeaderElection (LeaderElection.java:logAndReturn(93)) -   Response 0: aa364905-4a8e-4b76-ab26-d74d60c32cfc<-9e8c78a1-f01d-42ca-a684-b6f934dd8d4f#0:FAIL-t3
2021-09-21 01:22:48,178 [aa364905-4a8e-4b76-ab26-d74d60c32cfc@group-D13672D1E602-LeaderElection47] INFO  impl.LeaderElection (LeaderElection.java:logAndReturn(93)) -   Response 1: aa364905-4a8e-4b76-ab26-d74d60c32cfc<-57923224-7b87-4e71-9981-19f5694b9dee#0:FAIL-t3
2021-09-21 01:22:48,178 [aa364905-4a8e-4b76-ab26-d74d60c32cfc@group-D13672D1E602-LeaderElection47] INFO  impl.LeaderElection (LeaderElection.java:askForVotes(308)) - aa364905-4a8e-4b76-ab26-d74d60c32cfc@group-D13672D1E602-LeaderElection47 ELECTION round 0: result REJECTED
2021-09-21 01:22:48,179 [aa364905-4a8e-4b76-ab26-d74d60c32cfc@group-D13672D1E602-LeaderElection47] INFO  server.RaftServer$Division (RaftServerImpl.java:setRole(285)) - aa364905-4a8e-4b76-ab26-d74d60c32cfc@group-D13672D1E602: changes role from CANDIDATE to FOLLOWER at term 3 for REJECTED
2021-09-21 01:22:48,179 [aa364905-4a8e-4b76-ab26-d74d60c32cfc@group-D13672D1E602-LeaderElection47] INFO  impl.RoleInfo (RoleInfo.java:shutdownLeaderElection(121)) - aa364905-4a8e-4b76-ab26-d74d60c32cfc: shutdown aa364905-4a8e-4b76-ab26-d74d60c32cfc@group-D13672D1E602-LeaderElection47
2021-09-21 01:22:48,179 [aa364905-4a8e-4b76-ab26-d74d60c32cfc@group-D13672D1E602-LeaderElection47] INFO  impl.RoleInfo (RoleInfo.java:updateAndGet(130)) - aa364905-4a8e-4b76-ab26-d74d60c32cfc: start aa364905-4a8e-4b76-ab26-d74d60c32cfc@group-D13672D1E602-FollowerState
2021-09-21 01:22:48,189 [grpc-default-executor-3] INFO  server.RaftServer$Division (ServerState.java:setRaftConf(387)) - 9e8c78a1-f01d-42ca-a684-b6f934dd8d4f@group-D13672D1E602: set configuration 0: [9e8c78a1-f01d-42ca-a684-b6f934dd8d4f|rpc:10.1.0.51:39721|dataStream:|priority:0, aa364905-4a8e-4b76-ab26-d74d60c32cfc|rpc:10.1.0.51:39239|dataStream:|priority:0, 57923224-7b87-4e71-9981-19f5694b9dee|rpc:10.1.0.51:39003|dataStream:|priority:1], old=null
2021-09-21 01:22:48,189 [grpc-default-executor-3] INFO  segmented.SegmentedRaftLogWorker (SegmentedRaftLogWorker.java:startLogSegment(394)) - 9e8c78a1-f01d-42ca-a684-b6f934dd8d4f@group-D13672D1E602-SegmentedRaftLogWorker: Starting segment from index:0
2021-09-21 01:22:48,191 [9e8c78a1-f01d-42ca-a684-b6f934dd8d4f@group-D13672D1E602-SegmentedRaftLogWorker] INFO  segmented.SegmentedRaftLogWorker (SegmentedRaftLogWorker.java:execute(601)) - 9e8c78a1-f01d-42ca-a684-b6f934dd8d4f@group-D13672D1E602-SegmentedRaftLogWorker: created new log segment /home/runner/work/ozone/ozone/hadoop-ozone/integration-test/target/test-dir/MiniOzoneClusterImpl-7349e056-7b32-48d8-92e4-5182ee86217f/datanode-5/data/ratis/af064ed5-d2ee-4a20-89df-d13672d1e602/current/log_inprogress_0
2021-09-21 01:22:48,209 [grpc-default-executor-3] INFO  ratis.XceiverServerRatis (XceiverServerRatis.java:handleLeaderChangedNotification(860)) - Leader change notification received for group: group-D13672D1E602 with new leaderId: 57923224-7b87-4e71-9981-19f5694b9dee
2021-09-21 01:22:48,209 [grpc-default-executor-3] INFO  server.RaftServer$Division (ServerState.java:setLeader(285)) - aa364905-4a8e-4b76-ab26-d74d60c32cfc@group-D13672D1E602: change Leader from null to 57923224-7b87-4e71-9981-19f5694b9dee at term 3 for appendEntries, leader elected after 15682ms
2021-09-21 01:22:48,275 [grpc-default-executor-3] INFO  server.RaftServer$Division (ServerState.java:setRaftConf(387)) - aa364905-4a8e-4b76-ab26-d74d60c32cfc@group-D13672D1E602: set configuration 0: [9e8c78a1-f01d-42ca-a684-b6f934dd8d4f|rpc:10.1.0.51:39721|dataStream:|priority:0, aa364905-4a8e-4b76-ab26-d74d60c32cfc|rpc:10.1.0.51:39239|dataStream:|priority:0, 57923224-7b87-4e71-9981-19f5694b9dee|rpc:10.1.0.51:39003|dataStream:|priority:1], old=null
2021-09-21 01:22:48,276 [grpc-default-executor-3] INFO  segmented.SegmentedRaftLogWorker (SegmentedRaftLogWorker.java:startLogSegment(394)) - aa364905-4a8e-4b76-ab26-d74d60c32cfc@group-D13672D1E602-SegmentedRaftLogWorker: Starting segment from index:0
2021-09-21 01:22:48,279 [aa364905-4a8e-4b76-ab26-d74d60c32cfc@group-D13672D1E602-SegmentedRaftLogWorker] INFO  segmented.SegmentedRaftLogWorker (SegmentedRaftLogWorker.java:execute(601)) - aa364905-4a8e-4b76-ab26-d74d60c32cfc@group-D13672D1E602-SegmentedRaftLogWorker: created new log segment /home/runner/work/ozone/ozone/hadoop-ozone/integration-test/target/test-dir/MiniOzoneClusterImpl-7349e056-7b32-48d8-92e4-5182ee86217f/datanode-3/data/ratis/af064ed5-d2ee-4a20-89df-d13672d1e602/current/log_inprogress_0
2021-09-21 01:22:49,987 [7102e10f-7baf-40d1-a733-c49484cac6b4@group-C274E472E363-FollowerState] INFO  impl.FollowerState (FollowerState.java:run(134)) - 7102e10f-7baf-40d1-a733-c49484cac6b4@group-C274E472E363-FollowerState: change to CANDIDATE, lastRpcElapsedTime:5030378668ns, electionTimeout:5026ms
2021-09-21 01:22:49,987 [7102e10f-7baf-40d1-a733-c49484cac6b4@group-C274E472E363-FollowerState] INFO  impl.RoleInfo (RoleInfo.java:shutdownFollowerState(108)) - 7102e10f-7baf-40d1-a733-c49484cac6b4: shutdown 7102e10f-7baf-40d1-a733-c49484cac6b4@group-C274E472E363-FollowerState
2021-09-21 01:22:49,987 [7102e10f-7baf-40d1-a733-c49484cac6b4@group-C274E472E363-FollowerState] INFO  server.RaftServer$Division (RaftServerImpl.java:setRole(285)) - 7102e10f-7baf-40d1-a733-c49484cac6b4@group-C274E472E363: changes role from  FOLLOWER to CANDIDATE at term 3 for changeToCandidate
2021-09-21 01:22:49,987 [7102e10f-7baf-40d1-a733-c49484cac6b4@group-C274E472E363-FollowerState] INFO  server.RaftServerConfigKeys (ConfUtils.java:logGet(44)) - raft.server.leaderelection.pre-vote = false (custom)
2021-09-21 01:22:49,988 [7102e10f-7baf-40d1-a733-c49484cac6b4@group-C274E472E363-FollowerState] INFO  impl.RoleInfo (RoleInfo.java:updateAndGet(130)) - 7102e10f-7baf-40d1-a733-c49484cac6b4: start 7102e10f-7baf-40d1-a733-c49484cac6b4@group-C274E472E363-LeaderElection49
2021-09-21 01:22:50,012 [7102e10f-7baf-40d1-a733-c49484cac6b4@group-C274E472E363-LeaderElection49] INFO  impl.LeaderElection (LeaderElection.java:askForVotes(306)) - 7102e10f-7baf-40d1-a733-c49484cac6b4@group-C274E472E363-LeaderElection49 ELECTION round 0: submit vote requests at term 4 for -1: [77eebb93-8ed1-4443-8476-48726f7e27c1|rpc:10.1.0.51:40681|priority:1, 7102e10f-7baf-40d1-a733-c49484cac6b4|rpc:10.1.0.51:44475|priority:0, ad039a86-d7f3-42ea-bec3-b4149bcaa887|rpc:10.1.0.51:35567|priority:0], old=null
2021-09-21 01:22:50,017 [grpc-default-executor-3] INFO  server.RaftServer$Division (RaftServerImpl.java:requestVote(1043)) - 77eebb93-8ed1-4443-8476-48726f7e27c1@group-C274E472E363: receive requestVote(ELECTION, 7102e10f-7baf-40d1-a733-c49484cac6b4, group-C274E472E363, 4, (t:0, i:0))
2021-09-21 01:22:50,018 [grpc-default-executor-3] INFO  impl.VoteContext (VoteContext.java:log(48)) - 77eebb93-8ed1-4443-8476-48726f7e27c1@group-C274E472E363-FOLLOWER: reject ELECTION from 7102e10f-7baf-40d1-a733-c49484cac6b4: our last entry (t:2, i:0) > candidate's last entry (t:0, i:0)
2021-09-21 01:22:50,018 [grpc-default-executor-3] INFO  server.RaftServer$Division (RaftServerImpl.java:setRole(285)) - 77eebb93-8ed1-4443-8476-48726f7e27c1@group-C274E472E363: changes role from  FOLLOWER to FOLLOWER at term 4 for candidate:7102e10f-7baf-40d1-a733-c49484cac6b4
2021-09-21 01:22:50,018 [grpc-default-executor-3] INFO  impl.RoleInfo (RoleInfo.java:shutdownFollowerState(108)) - 77eebb93-8ed1-4443-8476-48726f7e27c1: shutdown 77eebb93-8ed1-4443-8476-48726f7e27c1@group-C274E472E363-FollowerState
2021-09-21 01:22:50,027 [ad039a86-d7f3-42ea-bec3-b4149bcaa887@group-C274E472E363-FollowerState] INFO  impl.FollowerState (FollowerState.java:run(134)) - ad039a86-d7f3-42ea-bec3-b4149bcaa887@group-C274E472E363-FollowerState: change to CANDIDATE, lastRpcElapsedTime:5037812282ns, electionTimeout:5034ms
2021-09-21 01:22:50,027 [ad039a86-d7f3-42ea-bec3-b4149bcaa887@group-C274E472E363-FollowerState] INFO  impl.RoleInfo (RoleInfo.java:shutdownFollowerState(108)) - ad039a86-d7f3-42ea-bec3-b4149bcaa887: shutdown ad039a86-d7f3-42ea-bec3-b4149bcaa887@group-C274E472E363-FollowerState
2021-09-21 01:22:50,027 [ad039a86-d7f3-42ea-bec3-b4149bcaa887@group-C274E472E363-FollowerState] INFO  server.RaftServer$Division (RaftServerImpl.java:setRole(285)) - ad039a86-d7f3-42ea-bec3-b4149bcaa887@group-C274E472E363: changes role from  FOLLOWER to CANDIDATE at term 3 for changeToCandidate
2021-09-21 01:22:50,035 [ad039a86-d7f3-42ea-bec3-b4149bcaa887@group-C274E472E363-FollowerState] INFO  server.RaftServerConfigKeys (ConfUtils.java:logGet(44)) - raft.server.leaderelection.pre-vote = false (custom)
2021-09-21 01:22:50,035 [77eebb93-8ed1-4443-8476-48726f7e27c1@group-C274E472E363-FollowerState] INFO  impl.FollowerState (FollowerState.java:run(143)) - 77eebb93-8ed1-4443-8476-48726f7e27c1@group-C274E472E363-FollowerState was interrupted: {}
java.lang.InterruptedException: sleep interrupted
	at java.lang.Thread.sleep(Native Method)
	at java.lang.Thread.sleep(Thread.java:340)
	at java.util.concurrent.TimeUnit.sleep(TimeUnit.java:386)
	at org.apache.ratis.util.TimeDuration.sleep(TimeDuration.java:324)
	at org.apache.ratis.util.TimeDuration.sleep(TimeDuration.java:309)
	at org.apache.ratis.server.impl.FollowerState.run(FollowerState.java:118)
2021-09-21 01:22:50,035 [grpc-default-executor-3] INFO  impl.RoleInfo (RoleInfo.java:updateAndGet(130)) - 77eebb93-8ed1-4443-8476-48726f7e27c1: start 77eebb93-8ed1-4443-8476-48726f7e27c1@group-C274E472E363-FollowerState
2021-09-21 01:22:50,035 [ad039a86-d7f3-42ea-bec3-b4149bcaa887@group-C274E472E363-FollowerState] INFO  impl.RoleInfo (RoleInfo.java:updateAndGet(130)) - ad039a86-d7f3-42ea-bec3-b4149bcaa887: start ad039a86-d7f3-42ea-bec3-b4149bcaa887@group-C274E472E363-LeaderElection50
2021-09-21 01:22:50,077 [grpc-default-executor-4] INFO  server.RaftServer$Division (RaftServerImpl.java:requestVote(1043)) - ad039a86-d7f3-42ea-bec3-b4149bcaa887@group-C274E472E363: receive requestVote(ELECTION, 7102e10f-7baf-40d1-a733-c49484cac6b4, group-C274E472E363, 4, (t:0, i:0))
2021-09-21 01:22:50,081 [grpc-default-executor-4] INFO  impl.VoteContext (VoteContext.java:log(48)) - ad039a86-d7f3-42ea-bec3-b4149bcaa887@group-C274E472E363-CANDIDATE: accept ELECTION from 7102e10f-7baf-40d1-a733-c49484cac6b4: our priority 0 <= candidate's priority 0
2021-09-21 01:22:50,090 [grpc-default-executor-4] INFO  server.RaftServer$Division (RaftServerImpl.java:setRole(285)) - ad039a86-d7f3-42ea-bec3-b4149bcaa887@group-C274E472E363: changes role from CANDIDATE to FOLLOWER at term 4 for candidate:7102e10f-7baf-40d1-a733-c49484cac6b4
2021-09-21 01:22:50,090 [grpc-default-executor-4] INFO  impl.RoleInfo (RoleInfo.java:shutdownLeaderElection(121)) - ad039a86-d7f3-42ea-bec3-b4149bcaa887: shutdown ad039a86-d7f3-42ea-bec3-b4149bcaa887@group-C274E472E363-LeaderElection50
2021-09-21 01:22:50,090 [grpc-default-executor-4] INFO  impl.RoleInfo (RoleInfo.java:updateAndGet(130)) - ad039a86-d7f3-42ea-bec3-b4149bcaa887: start ad039a86-d7f3-42ea-bec3-b4149bcaa887@group-C274E472E363-FollowerState
2021-09-21 01:22:50,094 [grpc-default-executor-4] INFO  server.RaftServer$Division (RaftServerImpl.java:requestVote(1075)) - ad039a86-d7f3-42ea-bec3-b4149bcaa887@group-C274E472E363 replies to ELECTION vote request: 7102e10f-7baf-40d1-a733-c49484cac6b4<-ad039a86-d7f3-42ea-bec3-b4149bcaa887#0:OK-t4. Peer's state: ad039a86-d7f3-42ea-bec3-b4149bcaa887@group-C274E472E363:t4, leader=null, voted=7102e10f-7baf-40d1-a733-c49484cac6b4, raftlog=ad039a86-d7f3-42ea-bec3-b4149bcaa887@group-C274E472E363-SegmentedRaftLog:OPENED:c-1,f-1,i0, conf=-1: [77eebb93-8ed1-4443-8476-48726f7e27c1|rpc:10.1.0.51:40681|dataStream:|priority:1, 7102e10f-7baf-40d1-a733-c49484cac6b4|rpc:10.1.0.51:44475|dataStream:|priority:0, ad039a86-d7f3-42ea-bec3-b4149bcaa887|rpc:10.1.0.51:35567|dataStream:|priority:0], old=null
2021-09-21 01:22:50,103 [ad039a86-d7f3-42ea-bec3-b4149bcaa887@group-C274E472E363-LeaderElection50] INFO  impl.LeaderElection (LeaderElection.java:run(230)) - ad039a86-d7f3-42ea-bec3-b4149bcaa887@group-C274E472E363-LeaderElection50: skip running since this is already CLOSING
2021-09-21 01:22:50,103 [grpc-default-executor-3] INFO  server.RaftServer$Division (RaftServerImpl.java:requestVote(1075)) - 77eebb93-8ed1-4443-8476-48726f7e27c1@group-C274E472E363 replies to ELECTION vote request: 7102e10f-7baf-40d1-a733-c49484cac6b4<-77eebb93-8ed1-4443-8476-48726f7e27c1#0:FAIL-t4. Peer's state: 77eebb93-8ed1-4443-8476-48726f7e27c1@group-C274E472E363:t4, leader=null, voted=null, raftlog=77eebb93-8ed1-4443-8476-48726f7e27c1@group-C274E472E363-SegmentedRaftLog:OPENED:c0,f0,i0, conf=0: [77eebb93-8ed1-4443-8476-48726f7e27c1|rpc:10.1.0.51:40681|dataStream:|priority:1, 7102e10f-7baf-40d1-a733-c49484cac6b4|rpc:10.1.0.51:44475|dataStream:|priority:0, ad039a86-d7f3-42ea-bec3-b4149bcaa887|rpc:10.1.0.51:35567|dataStream:|priority:0], old=null
2021-09-21 01:22:50,105 [7102e10f-7baf-40d1-a733-c49484cac6b4@group-C274E472E363-LeaderElection49] INFO  impl.LeaderElection (LeaderElection.java:logAndReturn(89)) - 7102e10f-7baf-40d1-a733-c49484cac6b4@group-C274E472E363-LeaderElection49: ELECTION REJECTED received 2 response(s) and 0 exception(s):
2021-09-21 01:22:50,105 [7102e10f-7baf-40d1-a733-c49484cac6b4@group-C274E472E363-LeaderElection49] INFO  impl.LeaderElection (LeaderElection.java:logAndReturn(93)) -   Response 0: 7102e10f-7baf-40d1-a733-c49484cac6b4<-77eebb93-8ed1-4443-8476-48726f7e27c1#0:FAIL-t4
2021-09-21 01:22:50,105 [7102e10f-7baf-40d1-a733-c49484cac6b4@group-C274E472E363-LeaderElection49] INFO  impl.LeaderElection (LeaderElection.java:logAndReturn(93)) -   Response 1: 7102e10f-7baf-40d1-a733-c49484cac6b4<-ad039a86-d7f3-42ea-bec3-b4149bcaa887#0:OK-t4
2021-09-21 01:22:50,105 [7102e10f-7baf-40d1-a733-c49484cac6b4@group-C274E472E363-LeaderElection49] INFO  impl.LeaderElection (LeaderElection.java:askForVotes(308)) - 7102e10f-7baf-40d1-a733-c49484cac6b4@group-C274E472E363-LeaderElection49 ELECTION round 0: result REJECTED
2021-09-21 01:22:50,105 [7102e10f-7baf-40d1-a733-c49484cac6b4@group-C274E472E363-LeaderElection49] INFO  server.RaftServer$Division (RaftServerImpl.java:setRole(285)) - 7102e10f-7baf-40d1-a733-c49484cac6b4@group-C274E472E363: changes role from CANDIDATE to FOLLOWER at term 4 for REJECTED
2021-09-21 01:22:50,105 [7102e10f-7baf-40d1-a733-c49484cac6b4@group-C274E472E363-LeaderElection49] INFO  impl.RoleInfo (RoleInfo.java:shutdownLeaderElection(121)) - 7102e10f-7baf-40d1-a733-c49484cac6b4: shutdown 7102e10f-7baf-40d1-a733-c49484cac6b4@group-C274E472E363-LeaderElection49
2021-09-21 01:22:50,105 [7102e10f-7baf-40d1-a733-c49484cac6b4@group-C274E472E363-LeaderElection49] INFO  impl.RoleInfo (RoleInfo.java:updateAndGet(130)) - 7102e10f-7baf-40d1-a733-c49484cac6b4: start 7102e10f-7baf-40d1-a733-c49484cac6b4@group-C274E472E363-FollowerState
2021-09-21 01:22:55,134 [7102e10f-7baf-40d1-a733-c49484cac6b4@group-C274E472E363-FollowerState] INFO  impl.FollowerState (FollowerState.java:run(134)) - 7102e10f-7baf-40d1-a733-c49484cac6b4@group-C274E472E363-FollowerState: change to CANDIDATE, lastRpcElapsedTime:5029080766ns, electionTimeout:5020ms
2021-09-21 01:22:55,134 [7102e10f-7baf-40d1-a733-c49484cac6b4@group-C274E472E363-FollowerState] INFO  impl.RoleInfo (RoleInfo.java:shutdownFollowerState(108)) - 7102e10f-7baf-40d1-a733-c49484cac6b4: shutdown 7102e10f-7baf-40d1-a733-c49484cac6b4@group-C274E472E363-FollowerState
2021-09-21 01:22:55,134 [7102e10f-7baf-40d1-a733-c49484cac6b4@group-C274E472E363-FollowerState] INFO  server.RaftServer$Division (RaftServerImpl.java:setRole(285)) - 7102e10f-7baf-40d1-a733-c49484cac6b4@group-C274E472E363: changes role from  FOLLOWER to CANDIDATE at term 4 for changeToCandidate
2021-09-21 01:22:55,135 [7102e10f-7baf-40d1-a733-c49484cac6b4@group-C274E472E363-FollowerState] INFO  server.RaftServerConfigKeys (ConfUtils.java:logGet(44)) - raft.server.leaderelection.pre-vote = false (custom)
2021-09-21 01:22:55,135 [7102e10f-7baf-40d1-a733-c49484cac6b4@group-C274E472E363-FollowerState] INFO  impl.RoleInfo (RoleInfo.java:updateAndGet(130)) - 7102e10f-7baf-40d1-a733-c49484cac6b4: start 7102e10f-7baf-40d1-a733-c49484cac6b4@group-C274E472E363-LeaderElection51
2021-09-21 01:22:55,144 [7102e10f-7baf-40d1-a733-c49484cac6b4@group-C274E472E363-LeaderElection51] INFO  impl.LeaderElection (LeaderElection.java:askForVotes(306)) - 7102e10f-7baf-40d1-a733-c49484cac6b4@group-C274E472E363-LeaderElection51 ELECTION round 0: submit vote requests at term 5 for -1: [77eebb93-8ed1-4443-8476-48726f7e27c1|rpc:10.1.0.51:40681|priority:1, 7102e10f-7baf-40d1-a733-c49484cac6b4|rpc:10.1.0.51:44475|priority:0, ad039a86-d7f3-42ea-bec3-b4149bcaa887|rpc:10.1.0.51:35567|priority:0], old=null
2021-09-21 01:22:55,150 [grpc-default-executor-3] INFO  server.RaftServer$Division (RaftServerImpl.java:requestVote(1043)) - 77eebb93-8ed1-4443-8476-48726f7e27c1@group-C274E472E363: receive requestVote(ELECTION, 7102e10f-7baf-40d1-a733-c49484cac6b4, group-C274E472E363, 5, (t:0, i:0))
2021-09-21 01:22:55,150 [grpc-default-executor-3] INFO  impl.VoteContext (VoteContext.java:log(48)) - 77eebb93-8ed1-4443-8476-48726f7e27c1@group-C274E472E363-FOLLOWER: reject ELECTION from 7102e10f-7baf-40d1-a733-c49484cac6b4: our last entry (t:2, i:0) > candidate's last entry (t:0, i:0)
2021-09-21 01:22:55,150 [grpc-default-executor-3] INFO  server.RaftServer$Division (RaftServerImpl.java:setRole(285)) - 77eebb93-8ed1-4443-8476-48726f7e27c1@group-C274E472E363: changes role from  FOLLOWER to FOLLOWER at term 5 for candidate:7102e10f-7baf-40d1-a733-c49484cac6b4
2021-09-21 01:22:55,150 [grpc-default-executor-3] INFO  impl.RoleInfo (RoleInfo.java:shutdownFollowerState(108)) - 77eebb93-8ed1-4443-8476-48726f7e27c1: shutdown 77eebb93-8ed1-4443-8476-48726f7e27c1@group-C274E472E363-FollowerState
2021-09-21 01:22:55,150 [grpc-default-executor-3] INFO  impl.RoleInfo (RoleInfo.java:updateAndGet(130)) - 77eebb93-8ed1-4443-8476-48726f7e27c1: start 77eebb93-8ed1-4443-8476-48726f7e27c1@group-C274E472E363-FollowerState
2021-09-21 01:22:55,150 [77eebb93-8ed1-4443-8476-48726f7e27c1@group-C274E472E363-FollowerState] INFO  impl.FollowerState (FollowerState.java:run(143)) - 77eebb93-8ed1-4443-8476-48726f7e27c1@group-C274E472E363-FollowerState was interrupted: {}
java.lang.InterruptedException: sleep interrupted
	at java.lang.Thread.sleep(Native Method)
	at java.lang.Thread.sleep(Thread.java:340)
	at java.util.concurrent.TimeUnit.sleep(TimeUnit.java:386)
	at org.apache.ratis.util.TimeDuration.sleep(TimeDuration.java:324)
	at org.apache.ratis.util.TimeDuration.sleep(TimeDuration.java:309)
	at org.apache.ratis.server.impl.FollowerState.run(FollowerState.java:118)
2021-09-21 01:22:55,154 [grpc-default-executor-3] INFO  server.RaftServer$Division (RaftServerImpl.java:requestVote(1075)) - 77eebb93-8ed1-4443-8476-48726f7e27c1@group-C274E472E363 replies to ELECTION vote request: 7102e10f-7baf-40d1-a733-c49484cac6b4<-77eebb93-8ed1-4443-8476-48726f7e27c1#0:FAIL-t5. Peer's state: 77eebb93-8ed1-4443-8476-48726f7e27c1@group-C274E472E363:t5, leader=null, voted=null, raftlog=77eebb93-8ed1-4443-8476-48726f7e27c1@group-C274E472E363-SegmentedRaftLog:OPENED:c0,f0,i0, conf=0: [77eebb93-8ed1-4443-8476-48726f7e27c1|rpc:10.1.0.51:40681|dataStream:|priority:1, 7102e10f-7baf-40d1-a733-c49484cac6b4|rpc:10.1.0.51:44475|dataStream:|priority:0, ad039a86-d7f3-42ea-bec3-b4149bcaa887|rpc:10.1.0.51:35567|dataStream:|priority:0], old=null
2021-09-21 01:22:55,159 [7102e10f-7baf-40d1-a733-c49484cac6b4@group-C274E472E363-LeaderElection51] INFO  impl.LeaderElection (LeaderElection.java:logAndReturn(89)) - 7102e10f-7baf-40d1-a733-c49484cac6b4@group-C274E472E363-LeaderElection51: ELECTION REJECTED received 1 response(s) and 0 exception(s):
2021-09-21 01:22:55,159 [7102e10f-7baf-40d1-a733-c49484cac6b4@group-C274E472E363-LeaderElection51] INFO  impl.LeaderElection (LeaderElection.java:logAndReturn(93)) -   Response 0: 7102e10f-7baf-40d1-a733-c49484cac6b4<-77eebb93-8ed1-4443-8476-48726f7e27c1#0:FAIL-t5
2021-09-21 01:22:55,159 [7102e10f-7baf-40d1-a733-c49484cac6b4@group-C274E472E363-LeaderElection51] INFO  impl.LeaderElection (LeaderElection.java:askForVotes(308)) - 7102e10f-7baf-40d1-a733-c49484cac6b4@group-C274E472E363-LeaderElection51 ELECTION round 0: result REJECTED
2021-09-21 01:22:55,159 [7102e10f-7baf-40d1-a733-c49484cac6b4@group-C274E472E363-LeaderElection51] INFO  server.RaftServer$Division (RaftServerImpl.java:setRole(285)) - 7102e10f-7baf-40d1-a733-c49484cac6b4@group-C274E472E363: changes role from CANDIDATE to FOLLOWER at term 5 for REJECTED
2021-09-21 01:22:55,159 [7102e10f-7baf-40d1-a733-c49484cac6b4@group-C274E472E363-LeaderElection51] INFO  impl.RoleInfo (RoleInfo.java:shutdownLeaderElection(121)) - 7102e10f-7baf-40d1-a733-c49484cac6b4: shutdown 7102e10f-7baf-40d1-a733-c49484cac6b4@group-C274E472E363-LeaderElection51
2021-09-21 01:22:55,159 [7102e10f-7baf-40d1-a733-c49484cac6b4@group-C274E472E363-LeaderElection51] INFO  impl.RoleInfo (RoleInfo.java:updateAndGet(130)) - 7102e10f-7baf-40d1-a733-c49484cac6b4: start 7102e10f-7baf-40d1-a733-c49484cac6b4@group-C274E472E363-FollowerState
2021-09-21 01:22:55,161 [grpc-default-executor-4] INFO  server.RaftServer$Division (RaftServerImpl.java:requestVote(1043)) - ad039a86-d7f3-42ea-bec3-b4149bcaa887@group-C274E472E363: receive requestVote(ELECTION, 7102e10f-7baf-40d1-a733-c49484cac6b4, group-C274E472E363, 5, (t:0, i:0))
2021-09-21 01:22:55,161 [grpc-default-executor-4] INFO  impl.VoteContext (VoteContext.java:log(48)) - ad039a86-d7f3-42ea-bec3-b4149bcaa887@group-C274E472E363-FOLLOWER: accept ELECTION from 7102e10f-7baf-40d1-a733-c49484cac6b4: our priority 0 <= candidate's priority 0
2021-09-21 01:22:55,161 [grpc-default-executor-4] INFO  server.RaftServer$Division (RaftServerImpl.java:setRole(285)) - ad039a86-d7f3-42ea-bec3-b4149bcaa887@group-C274E472E363: changes role from  FOLLOWER to FOLLOWER at term 5 for candidate:7102e10f-7baf-40d1-a733-c49484cac6b4
2021-09-21 01:22:55,162 [grpc-default-executor-4] INFO  impl.RoleInfo (RoleInfo.java:shutdownFollowerState(108)) - ad039a86-d7f3-42ea-bec3-b4149bcaa887: shutdown ad039a86-d7f3-42ea-bec3-b4149bcaa887@group-C274E472E363-FollowerState
2021-09-21 01:22:55,162 [grpc-default-executor-4] INFO  impl.RoleInfo (RoleInfo.java:updateAndGet(130)) - ad039a86-d7f3-42ea-bec3-b4149bcaa887: start ad039a86-d7f3-42ea-bec3-b4149bcaa887@group-C274E472E363-FollowerState
2021-09-21 01:22:55,162 [ad039a86-d7f3-42ea-bec3-b4149bcaa887@group-C274E472E363-FollowerState] INFO  impl.FollowerState (FollowerState.java:run(143)) - ad039a86-d7f3-42ea-bec3-b4149bcaa887@group-C274E472E363-FollowerState was interrupted: {}
java.lang.InterruptedException: sleep interrupted
	at java.lang.Thread.sleep(Native Method)
	at java.lang.Thread.sleep(Thread.java:340)
	at java.util.concurrent.TimeUnit.sleep(TimeUnit.java:386)
	at org.apache.ratis.util.TimeDuration.sleep(TimeDuration.java:324)
	at org.apache.ratis.util.TimeDuration.sleep(TimeDuration.java:309)
	at org.apache.ratis.server.impl.FollowerState.run(FollowerState.java:118)
2021-09-21 01:22:55,189 [grpc-default-executor-4] INFO  server.RaftServer$Division (RaftServerImpl.java:requestVote(1075)) - ad039a86-d7f3-42ea-bec3-b4149bcaa887@group-C274E472E363 replies to ELECTION vote request: 7102e10f-7baf-40d1-a733-c49484cac6b4<-ad039a86-d7f3-42ea-bec3-b4149bcaa887#0:OK-t5. Peer's state: ad039a86-d7f3-42ea-bec3-b4149bcaa887@group-C274E472E363:t5, leader=null, voted=7102e10f-7baf-40d1-a733-c49484cac6b4, raftlog=ad039a86-d7f3-42ea-bec3-b4149bcaa887@group-C274E472E363-SegmentedRaftLog:OPENED:c-1,f-1,i0, conf=-1: [77eebb93-8ed1-4443-8476-48726f7e27c1|rpc:10.1.0.51:40681|dataStream:|priority:1, 7102e10f-7baf-40d1-a733-c49484cac6b4|rpc:10.1.0.51:44475|dataStream:|priority:0, ad039a86-d7f3-42ea-bec3-b4149bcaa887|rpc:10.1.0.51:35567|dataStream:|priority:0], old=null
2021-09-21 01:22:56,965 [Listener at 127.0.0.1/33583] INFO  ozone.MiniOzoneClusterImpl (MiniOzoneClusterImpl.java:shutdown(453)) - Shutting down the Mini Ozone Cluster
2021-09-21 01:22:56,965 [Listener at 127.0.0.1/33583] INFO  ozone.MiniOzoneClusterImpl (MiniOzoneClusterImpl.java:stop(468)) - Stopping the Mini Ozone Cluster
2021-09-21 01:22:56,966 [Listener at 127.0.0.1/33583] INFO  ozone.MiniOzoneClusterImpl (MiniOzoneClusterImpl.java:stopOM(550)) - Stopping the OzoneManager
2021-09-21 01:22:56,966 [Listener at 127.0.0.1/33583] INFO  om.OzoneManager (OzoneManager.java:stop(1644)) - Stopping Ozone Manager
2021-09-21 01:22:56,966 [Listener at 127.0.0.1/33583] INFO  ipc.Server (Server.java:stop(3414)) - Stopping server on 33583
2021-09-21 01:22:56,976 [IPC Server Responder] INFO  ipc.Server (Server.java:run(1512)) - Stopping IPC Server Responder
2021-09-21 01:22:56,976 [IPC Server listener on 0] INFO  ipc.Server (Server.java:run(1376)) - Stopping IPC Server listener on 0
2021-09-21 01:22:56,977 [Listener at 127.0.0.1/33583] INFO  server.RaftServer (RaftServerProxy.java:lambda$close$6(391)) - om1: close
2021-09-21 01:22:56,977 [Listener at 127.0.0.1/33583] INFO  server.RaftServer$Division (RaftServerImpl.java:lambda$close$4(407)) - om1@group-C5BA1605619E: shutdown
2021-09-21 01:22:56,977 [Listener at 127.0.0.1/33583] INFO  util.JmxRegister (JmxRegister.java:unregister(73)) - Successfully un-registered JMX Bean with object name Ratis:service=RaftServer,group=group-C5BA1605619E,id=om1
2021-09-21 01:22:56,977 [Listener at 127.0.0.1/33583] INFO  impl.RoleInfo (RoleInfo.java:shutdownLeaderState(91)) - om1: shutdown om1@group-C5BA1605619E-LeaderStateImpl
2021-09-21 01:22:56,978 [Listener at 127.0.0.1/33583] INFO  impl.PendingRequests (PendingRequests.java:sendNotLeaderResponses(282)) - om1@group-C5BA1605619E-PendingRequests: sendNotLeaderResponses
2021-09-21 01:22:56,989 [Listener at 127.0.0.1/33583] INFO  impl.StateMachineUpdater (StateMachineUpdater.java:stopAndJoin(149)) - om1@group-C5BA1605619E-StateMachineUpdater: set stopIndex = 4
2021-09-21 01:22:56,989 [om1@group-C5BA1605619E-StateMachineUpdater] INFO  ratis.OzoneManagerStateMachine (OzoneManagerStateMachine.java:takeSnapshot(417)) - Current Snapshot Index (t:1, i:4)
2021-09-21 01:22:56,989 [om1@group-C5BA1605619E-StateMachineUpdater] INFO  impl.StateMachineUpdater (StateMachineUpdater.java:takeSnapshot(281)) - om1@group-C5BA1605619E-StateMachineUpdater: Took a snapshot at index 4
2021-09-21 01:22:56,989 [om1@group-C5BA1605619E-StateMachineUpdater] INFO  impl.StateMachineUpdater (StateMachineUpdater.java:lambda$new$0(89)) - om1@group-C5BA1605619E-StateMachineUpdater: snapshotIndex: updateIncreasingly -1 -> 4
2021-09-21 01:22:56,989 [om1@group-C5BA1605619E-StateMachineUpdater] INFO  ratis.OzoneManagerStateMachine (OzoneManagerStateMachine.java:close(471)) - StateMachine has shutdown. Shutdown OzoneManager if not already shutdown.
2021-09-21 01:22:56,990 [Listener at 127.0.0.1/33583] INFO  server.RaftServer$Division (ServerState.java:close(419)) - om1@group-C5BA1605619E: closes. applyIndex: 4
2021-09-21 01:22:56,990 [om1@group-C5BA1605619E-SegmentedRaftLogWorker] INFO  segmented.SegmentedRaftLogWorker (SegmentedRaftLogWorker.java:run(327)) - om1@group-C5BA1605619E-SegmentedRaftLogWorker was interrupted, exiting. There are 0 tasks remaining in the queue.
2021-09-21 01:22:56,995 [Listener at 127.0.0.1/33583] INFO  segmented.SegmentedRaftLogWorker (SegmentedRaftLogWorker.java:close(237)) - om1@group-C5BA1605619E-SegmentedRaftLogWorker close()
2021-09-21 01:22:57,011 [Listener at 127.0.0.1/33583] INFO  server.GrpcService (GrpcService.java:closeImpl(262)) - om1: shutdown server with port 9872 now
2021-09-21 01:22:57,012 [Listener at 127.0.0.1/33583] INFO  server.GrpcService (GrpcService.java:closeImpl(271)) - om1: shutdown server with port 9872 successfully
2021-09-21 01:22:57,012 [org.apache.ratis.util.JvmPauseMonitor$$Lambda$531/116790936@51dfa3c5] INFO  util.JvmPauseMonitor (JvmPauseMonitor.java:run(109)) - JvmPauseMonitor-om1: Stopped
2021-09-21 01:22:57,012 [Listener at 127.0.0.1/33583] INFO  ratis.OzoneManagerDoubleBuffer (OzoneManagerDoubleBuffer.java:stop(437)) - Stopping OMDoubleBuffer flush thread
2021-09-21 01:22:57,012 [OMDoubleBufferFlushThread] INFO  ratis.OzoneManagerDoubleBuffer (OzoneManagerDoubleBuffer.java:flushTransactions(356)) - OMDoubleBuffer flush thread OMDoubleBufferFlushThread is interrupted and will exit. OMDoubleBufferFlushThread
2021-09-21 01:22:57,012 [Listener at 127.0.0.1/33583] INFO  utils.BackgroundService (BackgroundService.java:shutdown(132)) - Shutting down service KeyDeletingService
2021-09-21 01:22:57,018 [Listener at 127.0.0.1/33583] INFO  handler.ContextHandler (ContextHandler.java:doStop(1153)) - Stopped o.e.j.w.WebAppContext@5b45f44{ozoneManager,/,null,STOPPED}{file:/home/runner/work/ozone/ozone/hadoop-ozone/integration-test/target/test-classes/webapps/ozoneManager}
2021-09-21 01:22:57,023 [Listener at 127.0.0.1/33583] INFO  server.AbstractConnector (AbstractConnector.java:doStop(381)) - Stopped ServerConnector@40d678d9{HTTP/1.1, (http/1.1)}{0.0.0.0:0}
2021-09-21 01:22:57,024 [Listener at 127.0.0.1/33583] INFO  server.session (HouseKeeper.java:stopScavenging(149)) - node0 Stopped scavenging
2021-09-21 01:22:57,024 [Listener at 127.0.0.1/33583] INFO  handler.ContextHandler (ContextHandler.java:doStop(1153)) - Stopped o.e.j.s.ServletContextHandler@6d91855{static,/static,file:///home/runner/work/ozone/ozone/hadoop-ozone/integration-test/target/test-classes/webapps/static,STOPPED}
2021-09-21 01:22:57,024 [Listener at 127.0.0.1/33583] INFO  handler.ContextHandler (ContextHandler.java:doStop(1153)) - Stopped o.e.j.s.ServletContextHandler@40d983b2{logs,/logs,file:///home/runner/work/ozone/ozone/hadoop-ozone/integration-test/target/log,STOPPED}
2021-09-21 01:22:57,032 [Listener at 127.0.0.1/33583] INFO  ozone.MiniOzoneClusterImpl (MiniOzoneClusterImpl.java:stopDatanodes(527)) - Stopping the HddsDatanodes
2021-09-21 01:23:00,229 [7102e10f-7baf-40d1-a733-c49484cac6b4@group-C274E472E363-FollowerState] INFO  impl.FollowerState (FollowerState.java:run(134)) - 7102e10f-7baf-40d1-a733-c49484cac6b4@group-C274E472E363-FollowerState: change to CANDIDATE, lastRpcElapsedTime:5069636240ns, electionTimeout:5067ms
2021-09-21 01:23:00,229 [7102e10f-7baf-40d1-a733-c49484cac6b4@group-C274E472E363-FollowerState] INFO  impl.RoleInfo (RoleInfo.java:shutdownFollowerState(108)) - 7102e10f-7baf-40d1-a733-c49484cac6b4: shutdown 7102e10f-7baf-40d1-a733-c49484cac6b4@group-C274E472E363-FollowerState
2021-09-21 01:23:00,229 [7102e10f-7baf-40d1-a733-c49484cac6b4@group-C274E472E363-FollowerState] INFO  server.RaftServer$Division (RaftServerImpl.java:setRole(285)) - 7102e10f-7baf-40d1-a733-c49484cac6b4@group-C274E472E363: changes role from  FOLLOWER to CANDIDATE at term 5 for changeToCandidate
2021-09-21 01:23:00,229 [7102e10f-7baf-40d1-a733-c49484cac6b4@group-C274E472E363-FollowerState] INFO  server.RaftServerConfigKeys (ConfUtils.java:logGet(44)) - raft.server.leaderelection.pre-vote = false (custom)
2021-09-21 01:23:00,229 [7102e10f-7baf-40d1-a733-c49484cac6b4@group-C274E472E363-FollowerState] INFO  impl.RoleInfo (RoleInfo.java:updateAndGet(130)) - 7102e10f-7baf-40d1-a733-c49484cac6b4: start 7102e10f-7baf-40d1-a733-c49484cac6b4@group-C274E472E363-LeaderElection52
2021-09-21 01:23:00,244 [7102e10f-7baf-40d1-a733-c49484cac6b4@group-C274E472E363-LeaderElection52] INFO  impl.LeaderElection (LeaderElection.java:askForVotes(306)) - 7102e10f-7baf-40d1-a733-c49484cac6b4@group-C274E472E363-LeaderElection52 ELECTION round 0: submit vote requests at term 6 for -1: [77eebb93-8ed1-4443-8476-48726f7e27c1|rpc:10.1.0.51:40681|priority:1, 7102e10f-7baf-40d1-a733-c49484cac6b4|rpc:10.1.0.51:44475|priority:0, ad039a86-d7f3-42ea-bec3-b4149bcaa887|rpc:10.1.0.51:35567|priority:0], old=null
2021-09-21 01:23:00,246 [grpc-default-executor-4] INFO  server.RaftServer$Division (RaftServerImpl.java:requestVote(1043)) - 77eebb93-8ed1-4443-8476-48726f7e27c1@group-C274E472E363: receive requestVote(ELECTION, 7102e10f-7baf-40d1-a733-c49484cac6b4, group-C274E472E363, 6, (t:0, i:0))
2021-09-21 01:23:00,246 [grpc-default-executor-4] INFO  impl.VoteContext (VoteContext.java:log(48)) - 77eebb93-8ed1-4443-8476-48726f7e27c1@group-C274E472E363-FOLLOWER: reject ELECTION from 7102e10f-7baf-40d1-a733-c49484cac6b4: our last entry (t:2, i:0) > candidate's last entry (t:0, i:0)
2021-09-21 01:23:00,246 [grpc-default-executor-4] INFO  server.RaftServer$Division (RaftServerImpl.java:setRole(285)) - 77eebb93-8ed1-4443-8476-48726f7e27c1@group-C274E472E363: changes role from  FOLLOWER to FOLLOWER at term 6 for candidate:7102e10f-7baf-40d1-a733-c49484cac6b4
2021-09-21 01:23:00,247 [grpc-default-executor-4] INFO  impl.RoleInfo (RoleInfo.java:shutdownFollowerState(108)) - 77eebb93-8ed1-4443-8476-48726f7e27c1: shutdown 77eebb93-8ed1-4443-8476-48726f7e27c1@group-C274E472E363-FollowerState
2021-09-21 01:23:00,247 [grpc-default-executor-4] INFO  impl.RoleInfo (RoleInfo.java:updateAndGet(130)) - 77eebb93-8ed1-4443-8476-48726f7e27c1: start 77eebb93-8ed1-4443-8476-48726f7e27c1@group-C274E472E363-FollowerState
2021-09-21 01:23:00,247 [grpc-default-executor-1] INFO  server.RaftServer$Division (RaftServerImpl.java:requestVote(1043)) - ad039a86-d7f3-42ea-bec3-b4149bcaa887@group-C274E472E363: receive requestVote(ELECTION, 7102e10f-7baf-40d1-a733-c49484cac6b4, group-C274E472E363, 6, (t:0, i:0))
2021-09-21 01:23:00,247 [grpc-default-executor-1] INFO  impl.VoteContext (VoteContext.java:log(48)) - ad039a86-d7f3-42ea-bec3-b4149bcaa887@group-C274E472E363-FOLLOWER: accept ELECTION from 7102e10f-7baf-40d1-a733-c49484cac6b4: our priority 0 <= candidate's priority 0
2021-09-21 01:23:00,247 [grpc-default-executor-1] INFO  server.RaftServer$Division (RaftServerImpl.java:setRole(285)) - ad039a86-d7f3-42ea-bec3-b4149bcaa887@group-C274E472E363: changes role from  FOLLOWER to FOLLOWER at term 6 for candidate:7102e10f-7baf-40d1-a733-c49484cac6b4
2021-09-21 01:23:00,247 [grpc-default-executor-1] INFO  impl.RoleInfo (RoleInfo.java:shutdownFollowerState(108)) - ad039a86-d7f3-42ea-bec3-b4149bcaa887: shutdown ad039a86-d7f3-42ea-bec3-b4149bcaa887@group-C274E472E363-FollowerState
2021-09-21 01:23:00,256 [grpc-default-executor-1] INFO  impl.RoleInfo (RoleInfo.java:updateAndGet(130)) - ad039a86-d7f3-42ea-bec3-b4149bcaa887: start ad039a86-d7f3-42ea-bec3-b4149bcaa887@group-C274E472E363-FollowerState
2021-09-21 01:23:00,256 [ad039a86-d7f3-42ea-bec3-b4149bcaa887@group-C274E472E363-FollowerState] INFO  impl.FollowerState (FollowerState.java:run(143)) - ad039a86-d7f3-42ea-bec3-b4149bcaa887@group-C274E472E363-FollowerState was interrupted: {}
java.lang.InterruptedException: sleep interrupted
	at java.lang.Thread.sleep(Native Method)
	at java.lang.Thread.sleep(Thread.java:340)
	at java.util.concurrent.TimeUnit.sleep(TimeUnit.java:386)
	at org.apache.ratis.util.TimeDuration.sleep(TimeDuration.java:324)
	at org.apache.ratis.util.TimeDuration.sleep(TimeDuration.java:309)
	at org.apache.ratis.server.impl.FollowerState.run(FollowerState.java:118)
2021-09-21 01:23:00,257 [77eebb93-8ed1-4443-8476-48726f7e27c1@group-C274E472E363-FollowerState] INFO  impl.FollowerState (FollowerState.java:run(143)) - 77eebb93-8ed1-4443-8476-48726f7e27c1@group-C274E472E363-FollowerState was interrupted: {}
java.lang.InterruptedException: sleep interrupted
	at java.lang.Thread.sleep(Native Method)
	at java.lang.Thread.sleep(Thread.java:340)
	at java.util.concurrent.TimeUnit.sleep(TimeUnit.java:386)
	at org.apache.ratis.util.TimeDuration.sleep(TimeDuration.java:324)
	at org.apache.ratis.util.TimeDuration.sleep(TimeDuration.java:309)
	at org.apache.ratis.server.impl.FollowerState.run(FollowerState.java:118)
2021-09-21 01:23:00,257 [grpc-default-executor-4] INFO  server.RaftServer$Division (RaftServerImpl.java:requestVote(1075)) - 77eebb93-8ed1-4443-8476-48726f7e27c1@group-C274E472E363 replies to ELECTION vote request: 7102e10f-7baf-40d1-a733-c49484cac6b4<-77eebb93-8ed1-4443-8476-48726f7e27c1#0:FAIL-t6. Peer's state: 77eebb93-8ed1-4443-8476-48726f7e27c1@group-C274E472E363:t6, leader=null, voted=null, raftlog=77eebb93-8ed1-4443-8476-48726f7e27c1@group-C274E472E363-SegmentedRaftLog:OPENED:c0,f0,i0, conf=0: [77eebb93-8ed1-4443-8476-48726f7e27c1|rpc:10.1.0.51:40681|dataStream:|priority:1, 7102e10f-7baf-40d1-a733-c49484cac6b4|rpc:10.1.0.51:44475|dataStream:|priority:0, ad039a86-d7f3-42ea-bec3-b4149bcaa887|rpc:10.1.0.51:35567|dataStream:|priority:0], old=null
2021-09-21 01:23:00,259 [grpc-default-executor-1] INFO  server.RaftServer$Division (RaftServerImpl.java:requestVote(1075)) - ad039a86-d7f3-42ea-bec3-b4149bcaa887@group-C274E472E363 replies to ELECTION vote request: 7102e10f-7baf-40d1-a733-c49484cac6b4<-ad039a86-d7f3-42ea-bec3-b4149bcaa887#0:OK-t6. Peer's state: ad039a86-d7f3-42ea-bec3-b4149bcaa887@group-C274E472E363:t6, leader=null, voted=7102e10f-7baf-40d1-a733-c49484cac6b4, raftlog=ad039a86-d7f3-42ea-bec3-b4149bcaa887@group-C274E472E363-SegmentedRaftLog:OPENED:c-1,f-1,i0, conf=-1: [77eebb93-8ed1-4443-8476-48726f7e27c1|rpc:10.1.0.51:40681|dataStream:|priority:1, 7102e10f-7baf-40d1-a733-c49484cac6b4|rpc:10.1.0.51:44475|dataStream:|priority:0, ad039a86-d7f3-42ea-bec3-b4149bcaa887|rpc:10.1.0.51:35567|dataStream:|priority:0], old=null
2021-09-21 01:23:00,260 [7102e10f-7baf-40d1-a733-c49484cac6b4@group-C274E472E363-LeaderElection52] INFO  impl.LeaderElection (LeaderElection.java:logAndReturn(89)) - 7102e10f-7baf-40d1-a733-c49484cac6b4@group-C274E472E363-LeaderElection52: ELECTION REJECTED received 1 response(s) and 0 exception(s):
2021-09-21 01:23:00,260 [7102e10f-7baf-40d1-a733-c49484cac6b4@group-C274E472E363-LeaderElection52] INFO  impl.LeaderElection (LeaderElection.java:logAndReturn(93)) -   Response 0: 7102e10f-7baf-40d1-a733-c49484cac6b4<-77eebb93-8ed1-4443-8476-48726f7e27c1#0:FAIL-t6
2021-09-21 01:23:00,260 [7102e10f-7baf-40d1-a733-c49484cac6b4@group-C274E472E363-LeaderElection52] INFO  impl.LeaderElection (LeaderElection.java:askForVotes(308)) - 7102e10f-7baf-40d1-a733-c49484cac6b4@group-C274E472E363-LeaderElection52 ELECTION round 0: result REJECTED
2021-09-21 01:23:00,260 [7102e10f-7baf-40d1-a733-c49484cac6b4@group-C274E472E363-LeaderElection52] INFO  server.RaftServer$Division (RaftServerImpl.java:setRole(285)) - 7102e10f-7baf-40d1-a733-c49484cac6b4@group-C274E472E363: changes role from CANDIDATE to FOLLOWER at term 6 for REJECTED
2021-09-21 01:23:00,260 [7102e10f-7baf-40d1-a733-c49484cac6b4@group-C274E472E363-LeaderElection52] INFO  impl.RoleInfo (RoleInfo.java:shutdownLeaderElection(121)) - 7102e10f-7baf-40d1-a733-c49484cac6b4: shutdown 7102e10f-7baf-40d1-a733-c49484cac6b4@group-C274E472E363-LeaderElection52
2021-09-21 01:23:00,261 [7102e10f-7baf-40d1-a733-c49484cac6b4@group-C274E472E363-LeaderElection52] INFO  impl.RoleInfo (RoleInfo.java:updateAndGet(130)) - 7102e10f-7baf-40d1-a733-c49484cac6b4: start 7102e10f-7baf-40d1-a733-c49484cac6b4@group-C274E472E363-FollowerState
2021-09-21 01:23:02,039 [Listener at 127.0.0.1/33583] INFO  ozoneimpl.OzoneContainer (OzoneContainer.java:stop(325)) - Attempting to stop container services.
2021-09-21 01:23:02,041 [Listener at 127.0.0.1/33583] INFO  server.RaftServer (RaftServerProxy.java:lambda$close$6(391)) - 57923224-7b87-4e71-9981-19f5694b9dee: close
2021-09-21 01:23:02,041 [Listener at 127.0.0.1/33583] INFO  server.RaftServer$Division (RaftServerImpl.java:lambda$close$4(407)) - 57923224-7b87-4e71-9981-19f5694b9dee@group-D13672D1E602: shutdown
2021-09-21 01:23:02,041 [Listener at 127.0.0.1/33583] INFO  util.JmxRegister (JmxRegister.java:unregister(73)) - Successfully un-registered JMX Bean with object name Ratis:service=RaftServer,group=group-D13672D1E602,id=57923224-7b87-4e71-9981-19f5694b9dee
2021-09-21 01:23:02,042 [Listener at 127.0.0.1/33583] INFO  impl.RoleInfo (RoleInfo.java:shutdownLeaderState(91)) - 57923224-7b87-4e71-9981-19f5694b9dee: shutdown 57923224-7b87-4e71-9981-19f5694b9dee@group-D13672D1E602-LeaderStateImpl
2021-09-21 01:23:02,042 [Listener at 127.0.0.1/33583] INFO  impl.PendingRequests (PendingRequests.java:sendNotLeaderResponses(282)) - 57923224-7b87-4e71-9981-19f5694b9dee@group-D13672D1E602-PendingRequests: sendNotLeaderResponses
2021-09-21 01:23:02,043 [Listener at 127.0.0.1/33583] INFO  impl.StateMachineUpdater (StateMachineUpdater.java:stopAndJoin(149)) - 57923224-7b87-4e71-9981-19f5694b9dee@group-D13672D1E602-StateMachineUpdater: set stopIndex = 0
2021-09-21 01:23:02,043 [57923224-7b87-4e71-9981-19f5694b9dee@group-D13672D1E602->aa364905-4a8e-4b76-ab26-d74d60c32cfc-GrpcLogAppender-LogAppenderDaemon] WARN  server.GrpcLogAppender (GrpcLogAppender.java:mayWait(175)) - 57923224-7b87-4e71-9981-19f5694b9dee@group-D13672D1E602->aa364905-4a8e-4b76-ab26-d74d60c32cfc-GrpcLogAppender: Wait interrupted by java.lang.InterruptedException
2021-09-21 01:23:02,043 [57923224-7b87-4e71-9981-19f5694b9dee@group-D13672D1E602-StateMachineUpdater] INFO  ratis.ContainerStateMachine (ContainerStateMachine.java:takeSnapshot(292)) - group-D13672D1E602: Taking a snapshot at:(t:3, i:0) file /home/runner/work/ozone/ozone/hadoop-ozone/integration-test/target/test-dir/MiniOzoneClusterImpl-7349e056-7b32-48d8-92e4-5182ee86217f/datanode-4/data/ratis/af064ed5-d2ee-4a20-89df-d13672d1e602/sm/snapshot.3_0
2021-09-21 01:23:02,043 [57923224-7b87-4e71-9981-19f5694b9dee@group-D13672D1E602->9e8c78a1-f01d-42ca-a684-b6f934dd8d4f-GrpcLogAppender-LogAppenderDaemon] WARN  server.GrpcLogAppender (GrpcLogAppender.java:mayWait(175)) - 57923224-7b87-4e71-9981-19f5694b9dee@group-D13672D1E602->9e8c78a1-f01d-42ca-a684-b6f934dd8d4f-GrpcLogAppender: Wait interrupted by java.lang.InterruptedException
2021-09-21 01:23:02,044 [grpc-default-executor-1] INFO  server.GrpcServerProtocolService (GrpcServerProtocolService.java:onCompleted(140)) - aa364905-4a8e-4b76-ab26-d74d60c32cfc: Completed APPEND_ENTRIES, lastRequest: 57923224-7b87-4e71-9981-19f5694b9dee->aa364905-4a8e-4b76-ab26-d74d60c32cfc#1-t3,previous=(t:0, i:0),leaderCommit=0,initializing? true,entries: size=1, first=(t:3, i:0), CONFIGURATIONENTRY
2021-09-21 01:23:02,045 [grpc-default-executor-4] INFO  server.GrpcLogAppender (GrpcLogAppender.java:onCompleted(344)) - 57923224-7b87-4e71-9981-19f5694b9dee@group-D13672D1E602->aa364905-4a8e-4b76-ab26-d74d60c32cfc-AppendLogResponseHandler: follower responses appendEntries COMPLETED
2021-09-21 01:23:02,045 [grpc-default-executor-4] INFO  leader.FollowerInfo (FollowerInfoImpl.java:lambda$new$0(46)) - 57923224-7b87-4e71-9981-19f5694b9dee@group-D13672D1E602->aa364905-4a8e-4b76-ab26-d74d60c32cfc: nextIndex: updateUnconditionally 1 -> 0
2021-09-21 01:23:02,045 [grpc-default-executor-1] INFO  server.GrpcServerProtocolService (GrpcServerProtocolService.java:onCompleted(140)) - 9e8c78a1-f01d-42ca-a684-b6f934dd8d4f: Completed APPEND_ENTRIES, lastRequest: 57923224-7b87-4e71-9981-19f5694b9dee->9e8c78a1-f01d-42ca-a684-b6f934dd8d4f#1-t3,previous=(t:0, i:0),leaderCommit=-1,initializing? true,entries: size=1, first=(t:3, i:0), CONFIGURATIONENTRY
2021-09-21 01:23:02,045 [57923224-7b87-4e71-9981-19f5694b9dee@group-D13672D1E602-StateMachineUpdater] INFO  ratis.ContainerStateMachine (ContainerStateMachine.java:takeSnapshot(303)) - group-D13672D1E602: Finished taking a snapshot at:(t:3, i:0) file:/home/runner/work/ozone/ozone/hadoop-ozone/integration-test/target/test-dir/MiniOzoneClusterImpl-7349e056-7b32-48d8-92e4-5182ee86217f/datanode-4/data/ratis/af064ed5-d2ee-4a20-89df-d13672d1e602/sm/snapshot.3_0 took: 3 ms
2021-09-21 01:23:02,046 [57923224-7b87-4e71-9981-19f5694b9dee@group-D13672D1E602-StateMachineUpdater] INFO  impl.StateMachineUpdater (StateMachineUpdater.java:takeSnapshot(281)) - 57923224-7b87-4e71-9981-19f5694b9dee@group-D13672D1E602-StateMachineUpdater: Took a snapshot at index 0
2021-09-21 01:23:02,046 [57923224-7b87-4e71-9981-19f5694b9dee@group-D13672D1E602-StateMachineUpdater] INFO  impl.StateMachineUpdater (StateMachineUpdater.java:lambda$new$0(89)) - 57923224-7b87-4e71-9981-19f5694b9dee@group-D13672D1E602-StateMachineUpdater: snapshotIndex: updateIncreasingly -1 -> 0
2021-09-21 01:23:02,046 [grpc-default-executor-4] INFO  server.GrpcLogAppender (GrpcLogAppender.java:onCompleted(344)) - 57923224-7b87-4e71-9981-19f5694b9dee@group-D13672D1E602->9e8c78a1-f01d-42ca-a684-b6f934dd8d4f-AppendLogResponseHandler: follower responses appendEntries COMPLETED
2021-09-21 01:23:02,046 [grpc-default-executor-4] INFO  leader.FollowerInfo (FollowerInfoImpl.java:lambda$new$0(46)) - 57923224-7b87-4e71-9981-19f5694b9dee@group-D13672D1E602->9e8c78a1-f01d-42ca-a684-b6f934dd8d4f: nextIndex: updateUnconditionally 1 -> 0
2021-09-21 01:23:02,047 [Listener at 127.0.0.1/33583] INFO  server.RaftServer$Division (ServerState.java:close(419)) - 57923224-7b87-4e71-9981-19f5694b9dee@group-D13672D1E602: closes. applyIndex: 0
2021-09-21 01:23:02,047 [57923224-7b87-4e71-9981-19f5694b9dee@group-D13672D1E602-SegmentedRaftLogWorker] INFO  segmented.SegmentedRaftLogWorker (SegmentedRaftLogWorker.java:run(327)) - 57923224-7b87-4e71-9981-19f5694b9dee@group-D13672D1E602-SegmentedRaftLogWorker was interrupted, exiting. There are 0 tasks remaining in the queue.
2021-09-21 01:23:02,058 [ForkJoinPool.commonPool-worker-0] INFO  ozoneimpl.OzoneContainer (OzoneContainer.java:stop(325)) - Attempting to stop container services.
2021-09-21 01:23:02,059 [ForkJoinPool.commonPool-worker-0] INFO  server.RaftServer (RaftServerProxy.java:lambda$close$6(391)) - be30f2b5-d5fc-49a0-9235-d4dd7ecd33b9: close
2021-09-21 01:23:02,059 [ForkJoinPool.commonPool-worker-0] INFO  server.RaftServer$Division (RaftServerImpl.java:lambda$close$4(407)) - be30f2b5-d5fc-49a0-9235-d4dd7ecd33b9@group-7739A0DA65BB: shutdown
2021-09-21 01:23:02,059 [ForkJoinPool.commonPool-worker-0] INFO  util.JmxRegister (JmxRegister.java:unregister(73)) - Successfully un-registered JMX Bean with object name Ratis:service=RaftServer,group=group-7739A0DA65BB,id=be30f2b5-d5fc-49a0-9235-d4dd7ecd33b9
2021-09-21 01:23:02,059 [ForkJoinPool.commonPool-worker-0] INFO  impl.RoleInfo (RoleInfo.java:shutdownFollowerState(108)) - be30f2b5-d5fc-49a0-9235-d4dd7ecd33b9: shutdown be30f2b5-d5fc-49a0-9235-d4dd7ecd33b9@group-7739A0DA65BB-FollowerState
2021-09-21 01:23:02,059 [ForkJoinPool.commonPool-worker-0] INFO  impl.StateMachineUpdater (StateMachineUpdater.java:stopAndJoin(149)) - be30f2b5-d5fc-49a0-9235-d4dd7ecd33b9@group-7739A0DA65BB-StateMachineUpdater: set stopIndex = 0
2021-09-21 01:23:02,059 [Listener at 127.0.0.1/33583] INFO  segmented.SegmentedRaftLogWorker (SegmentedRaftLogWorker.java:close(237)) - 57923224-7b87-4e71-9981-19f5694b9dee@group-D13672D1E602-SegmentedRaftLogWorker close()
2021-09-21 01:23:02,059 [be30f2b5-d5fc-49a0-9235-d4dd7ecd33b9@group-7739A0DA65BB-FollowerState] INFO  impl.FollowerState (FollowerState.java:run(143)) - be30f2b5-d5fc-49a0-9235-d4dd7ecd33b9@group-7739A0DA65BB-FollowerState was interrupted: {}
java.lang.InterruptedException: sleep interrupted
	at java.lang.Thread.sleep(Native Method)
	at java.lang.Thread.sleep(Thread.java:340)
	at java.util.concurrent.TimeUnit.sleep(TimeUnit.java:386)
	at org.apache.ratis.util.TimeDuration.sleep(TimeDuration.java:324)
	at org.apache.ratis.util.TimeDuration.sleep(TimeDuration.java:309)
	at org.apache.ratis.server.impl.FollowerState.run(FollowerState.java:118)
2021-09-21 01:23:02,062 [be30f2b5-d5fc-49a0-9235-d4dd7ecd33b9@group-7739A0DA65BB-StateMachineUpdater] INFO  ratis.ContainerStateMachine (ContainerStateMachine.java:takeSnapshot(292)) - group-7739A0DA65BB: Taking a snapshot at:(t:3, i:0) file /home/runner/work/ozone/ozone/hadoop-ozone/integration-test/target/test-dir/MiniOzoneClusterImpl-7349e056-7b32-48d8-92e4-5182ee86217f/datanode-2/data/ratis/7c372caa-62a0-4f84-8eb6-7739a0da65bb/sm/snapshot.3_0
2021-09-21 01:23:02,062 [Listener at 127.0.0.1/33583] INFO  server.RaftServer$Division (RaftServerImpl.java:lambda$close$4(407)) - 57923224-7b87-4e71-9981-19f5694b9dee@group-58F84CC3F313: shutdown
2021-09-21 01:23:02,068 [Listener at 127.0.0.1/33583] INFO  util.JmxRegister (JmxRegister.java:unregister(73)) - Successfully un-registered JMX Bean with object name Ratis:service=RaftServer,group=group-58F84CC3F313,id=57923224-7b87-4e71-9981-19f5694b9dee
2021-09-21 01:23:02,068 [Listener at 127.0.0.1/33583] INFO  impl.RoleInfo (RoleInfo.java:shutdownLeaderState(91)) - 57923224-7b87-4e71-9981-19f5694b9dee: shutdown 57923224-7b87-4e71-9981-19f5694b9dee@group-58F84CC3F313-LeaderStateImpl
2021-09-21 01:23:02,069 [Listener at 127.0.0.1/33583] INFO  impl.PendingRequests (PendingRequests.java:sendNotLeaderResponses(282)) - 57923224-7b87-4e71-9981-19f5694b9dee@group-58F84CC3F313-PendingRequests: sendNotLeaderResponses
2021-09-21 01:23:02,069 [be30f2b5-d5fc-49a0-9235-d4dd7ecd33b9@group-7739A0DA65BB-StateMachineUpdater] INFO  ratis.ContainerStateMachine (ContainerStateMachine.java:takeSnapshot(303)) - group-7739A0DA65BB: Finished taking a snapshot at:(t:3, i:0) file:/home/runner/work/ozone/ozone/hadoop-ozone/integration-test/target/test-dir/MiniOzoneClusterImpl-7349e056-7b32-48d8-92e4-5182ee86217f/datanode-2/data/ratis/7c372caa-62a0-4f84-8eb6-7739a0da65bb/sm/snapshot.3_0 took: 6 ms
2021-09-21 01:23:02,069 [be30f2b5-d5fc-49a0-9235-d4dd7ecd33b9@group-7739A0DA65BB-StateMachineUpdater] INFO  impl.StateMachineUpdater (StateMachineUpdater.java:takeSnapshot(281)) - be30f2b5-d5fc-49a0-9235-d4dd7ecd33b9@group-7739A0DA65BB-StateMachineUpdater: Took a snapshot at index 0
2021-09-21 01:23:02,069 [be30f2b5-d5fc-49a0-9235-d4dd7ecd33b9@group-7739A0DA65BB-StateMachineUpdater] INFO  impl.StateMachineUpdater (StateMachineUpdater.java:lambda$new$0(89)) - be30f2b5-d5fc-49a0-9235-d4dd7ecd33b9@group-7739A0DA65BB-StateMachineUpdater: snapshotIndex: updateIncreasingly -1 -> 0
2021-09-21 01:23:02,069 [ForkJoinPool.commonPool-worker-0] INFO  server.RaftServer$Division (ServerState.java:close(419)) - be30f2b5-d5fc-49a0-9235-d4dd7ecd33b9@group-7739A0DA65BB: closes. applyIndex: 0
2021-09-21 01:23:02,069 [be30f2b5-d5fc-49a0-9235-d4dd7ecd33b9@group-7739A0DA65BB-SegmentedRaftLogWorker] INFO  segmented.SegmentedRaftLogWorker (SegmentedRaftLogWorker.java:run(327)) - be30f2b5-d5fc-49a0-9235-d4dd7ecd33b9@group-7739A0DA65BB-SegmentedRaftLogWorker was interrupted, exiting. There are 0 tasks remaining in the queue.
2021-09-21 01:23:02,070 [ForkJoinPool.commonPool-worker-0] INFO  segmented.SegmentedRaftLogWorker (SegmentedRaftLogWorker.java:close(237)) - be30f2b5-d5fc-49a0-9235-d4dd7ecd33b9@group-7739A0DA65BB-SegmentedRaftLogWorker close()
2021-09-21 01:23:02,071 [ForkJoinPool.commonPool-worker-0] INFO  server.RaftServer$Division (RaftServerImpl.java:lambda$close$4(407)) - be30f2b5-d5fc-49a0-9235-d4dd7ecd33b9@group-9144BAF8D3CC: shutdown
2021-09-21 01:23:02,071 [ForkJoinPool.commonPool-worker-0] INFO  util.JmxRegister (JmxRegister.java:unregister(73)) - Successfully un-registered JMX Bean with object name Ratis:service=RaftServer,group=group-9144BAF8D3CC,id=be30f2b5-d5fc-49a0-9235-d4dd7ecd33b9
2021-09-21 01:23:02,071 [ForkJoinPool.commonPool-worker-0] INFO  impl.RoleInfo (RoleInfo.java:shutdownLeaderState(91)) - be30f2b5-d5fc-49a0-9235-d4dd7ecd33b9: shutdown be30f2b5-d5fc-49a0-9235-d4dd7ecd33b9@group-9144BAF8D3CC-LeaderStateImpl
2021-09-21 01:23:02,071 [ForkJoinPool.commonPool-worker-0] INFO  impl.PendingRequests (PendingRequests.java:sendNotLeaderResponses(282)) - be30f2b5-d5fc-49a0-9235-d4dd7ecd33b9@group-9144BAF8D3CC-PendingRequests: sendNotLeaderResponses
2021-09-21 01:23:02,072 [ForkJoinPool.commonPool-worker-0] INFO  impl.StateMachineUpdater (StateMachineUpdater.java:stopAndJoin(149)) - be30f2b5-d5fc-49a0-9235-d4dd7ecd33b9@group-9144BAF8D3CC-StateMachineUpdater: set stopIndex = 0
2021-09-21 01:23:02,072 [be30f2b5-d5fc-49a0-9235-d4dd7ecd33b9@group-9144BAF8D3CC-StateMachineUpdater] INFO  ratis.ContainerStateMachine (ContainerStateMachine.java:takeSnapshot(292)) - group-9144BAF8D3CC: Taking a snapshot at:(t:1, i:0) file /home/runner/work/ozone/ozone/hadoop-ozone/integration-test/target/test-dir/MiniOzoneClusterImpl-7349e056-7b32-48d8-92e4-5182ee86217f/datanode-2/data/ratis/b173bcbf-5b5e-4b4e-a8b3-9144baf8d3cc/sm/snapshot.1_0
2021-09-21 01:23:02,073 [be30f2b5-d5fc-49a0-9235-d4dd7ecd33b9@group-9144BAF8D3CC-StateMachineUpdater] INFO  ratis.ContainerStateMachine (ContainerStateMachine.java:takeSnapshot(303)) - group-9144BAF8D3CC: Finished taking a snapshot at:(t:1, i:0) file:/home/runner/work/ozone/ozone/hadoop-ozone/integration-test/target/test-dir/MiniOzoneClusterImpl-7349e056-7b32-48d8-92e4-5182ee86217f/datanode-2/data/ratis/b173bcbf-5b5e-4b4e-a8b3-9144baf8d3cc/sm/snapshot.1_0 took: 2 ms
2021-09-21 01:23:02,073 [be30f2b5-d5fc-49a0-9235-d4dd7ecd33b9@group-9144BAF8D3CC-StateMachineUpdater] INFO  impl.StateMachineUpdater (StateMachineUpdater.java:takeSnapshot(281)) - be30f2b5-d5fc-49a0-9235-d4dd7ecd33b9@group-9144BAF8D3CC-StateMachineUpdater: Took a snapshot at index 0
2021-09-21 01:23:02,074 [be30f2b5-d5fc-49a0-9235-d4dd7ecd33b9@group-9144BAF8D3CC-StateMachineUpdater] INFO  impl.StateMachineUpdater (StateMachineUpdater.java:lambda$new$0(89)) - be30f2b5-d5fc-49a0-9235-d4dd7ecd33b9@group-9144BAF8D3CC-StateMachineUpdater: snapshotIndex: updateIncreasingly -1 -> 0
2021-09-21 01:23:02,074 [ForkJoinPool.commonPool-worker-0] INFO  server.RaftServer$Division (ServerState.java:close(419)) - be30f2b5-d5fc-49a0-9235-d4dd7ecd33b9@group-9144BAF8D3CC: closes. applyIndex: 0
2021-09-21 01:23:02,074 [be30f2b5-d5fc-49a0-9235-d4dd7ecd33b9@group-9144BAF8D3CC-SegmentedRaftLogWorker] INFO  segmented.SegmentedRaftLogWorker (SegmentedRaftLogWorker.java:run(327)) - be30f2b5-d5fc-49a0-9235-d4dd7ecd33b9@group-9144BAF8D3CC-SegmentedRaftLogWorker was interrupted, exiting. There are 0 tasks remaining in the queue.
2021-09-21 01:23:02,076 [ForkJoinPool.commonPool-worker-0] INFO  segmented.SegmentedRaftLogWorker (SegmentedRaftLogWorker.java:close(237)) - be30f2b5-d5fc-49a0-9235-d4dd7ecd33b9@group-9144BAF8D3CC-SegmentedRaftLogWorker close()
2021-09-21 01:23:02,076 [ForkJoinPool.commonPool-worker-0] INFO  server.GrpcService (GrpcService.java:closeImpl(262)) - be30f2b5-d5fc-49a0-9235-d4dd7ecd33b9: shutdown server with port 40839 now
2021-09-21 01:23:02,078 [grpc-default-executor-4] WARN  server.GrpcServerProtocolService (LogUtils.java:warn(122)) - be30f2b5-d5fc-49a0-9235-d4dd7ecd33b9: installSnapshot onError, lastRequest: c886e095-44b5-4a75-a59b-9e8bd319d099->be30f2b5-d5fc-49a0-9235-d4dd7ecd33b9#1-t3,previous=(t:0, i:0),leaderCommit=0,initializing? true,entries: size=1, first=(t:3, i:0), CONFIGURATIONENTRY: org.apache.ratis.thirdparty.io.grpc.StatusRuntimeException: CANCELLED: client cancelled
2021-09-21 01:23:02,079 [ForkJoinPool.commonPool-worker-0] INFO  server.GrpcService (GrpcService.java:closeImpl(271)) - be30f2b5-d5fc-49a0-9235-d4dd7ecd33b9: shutdown server with port 40839 successfully
2021-09-21 01:23:02,079 [org.apache.ratis.util.JvmPauseMonitor$$Lambda$531/116790936@449a2bdc] INFO  util.JvmPauseMonitor (JvmPauseMonitor.java:run(109)) - JvmPauseMonitor-be30f2b5-d5fc-49a0-9235-d4dd7ecd33b9: Stopped
2021-09-21 01:23:02,080 [grpc-default-executor-4] WARN  server.GrpcLogAppender (LogUtils.java:warn(122)) - c886e095-44b5-4a75-a59b-9e8bd319d099@group-7739A0DA65BB->be30f2b5-d5fc-49a0-9235-d4dd7ecd33b9-AppendLogResponseHandler: Failed appendEntries: org.apache.ratis.thirdparty.io.grpc.StatusRuntimeException: CANCELLED: HTTP/2 error code: CANCEL
Received Rst Stream
2021-09-21 01:23:02,080 [grpc-default-executor-4] WARN  server.GrpcLogAppender (GrpcLogAppender.java:resetClient(111)) - c886e095-44b5-4a75-a59b-9e8bd319d099@group-7739A0DA65BB->be30f2b5-d5fc-49a0-9235-d4dd7ecd33b9-GrpcLogAppender: Leader has not got in touch with Follower c886e095-44b5-4a75-a59b-9e8bd319d099@group-7739A0DA65BB->be30f2b5-d5fc-49a0-9235-d4dd7ecd33b9(c0,m0,n1, attendVote=true, lastRpcSendTime=979, lastRpcResponseTime=959) yet, just keep nextIndex unchanged and retry.
2021-09-21 01:23:02,083 [ForkJoinPool.commonPool-worker-0] INFO  utils.BackgroundService (BackgroundService.java:shutdown(132)) - Shutting down service BlockDeletingService
2021-09-21 01:23:02,095 [Listener at 127.0.0.1/33583] INFO  impl.StateMachineUpdater (StateMachineUpdater.java:stopAndJoin(149)) - 57923224-7b87-4e71-9981-19f5694b9dee@group-58F84CC3F313-StateMachineUpdater: set stopIndex = 0
2021-09-21 01:23:02,114 [57923224-7b87-4e71-9981-19f5694b9dee@group-58F84CC3F313-StateMachineUpdater] INFO  ratis.ContainerStateMachine (ContainerStateMachine.java:takeSnapshot(292)) - group-58F84CC3F313: Taking a snapshot at:(t:1, i:0) file /home/runner/work/ozone/ozone/hadoop-ozone/integration-test/target/test-dir/MiniOzoneClusterImpl-7349e056-7b32-48d8-92e4-5182ee86217f/datanode-4/data/ratis/324dc8db-b8de-4dc6-be0a-58f84cc3f313/sm/snapshot.1_0
2021-09-21 01:23:02,114 [57923224-7b87-4e71-9981-19f5694b9dee@group-58F84CC3F313-StateMachineUpdater] INFO  ratis.ContainerStateMachine (ContainerStateMachine.java:takeSnapshot(303)) - group-58F84CC3F313: Finished taking a snapshot at:(t:1, i:0) file:/home/runner/work/ozone/ozone/hadoop-ozone/integration-test/target/test-dir/MiniOzoneClusterImpl-7349e056-7b32-48d8-92e4-5182ee86217f/datanode-4/data/ratis/324dc8db-b8de-4dc6-be0a-58f84cc3f313/sm/snapshot.1_0 took: 1 ms
2021-09-21 01:23:02,115 [57923224-7b87-4e71-9981-19f5694b9dee@group-58F84CC3F313-StateMachineUpdater] INFO  impl.StateMachineUpdater (StateMachineUpdater.java:takeSnapshot(281)) - 57923224-7b87-4e71-9981-19f5694b9dee@group-58F84CC3F313-StateMachineUpdater: Took a snapshot at index 0
2021-09-21 01:23:02,115 [57923224-7b87-4e71-9981-19f5694b9dee@group-58F84CC3F313-StateMachineUpdater] INFO  impl.StateMachineUpdater (StateMachineUpdater.java:lambda$new$0(89)) - 57923224-7b87-4e71-9981-19f5694b9dee@group-58F84CC3F313-StateMachineUpdater: snapshotIndex: updateIncreasingly -1 -> 0
2021-09-21 01:23:02,115 [Listener at 127.0.0.1/33583] INFO  server.RaftServer$Division (ServerState.java:close(419)) - 57923224-7b87-4e71-9981-19f5694b9dee@group-58F84CC3F313: closes. applyIndex: 0
2021-09-21 01:23:02,115 [57923224-7b87-4e71-9981-19f5694b9dee@group-58F84CC3F313-SegmentedRaftLogWorker] INFO  segmented.SegmentedRaftLogWorker (SegmentedRaftLogWorker.java:run(327)) - 57923224-7b87-4e71-9981-19f5694b9dee@group-58F84CC3F313-SegmentedRaftLogWorker was interrupted, exiting. There are 0 tasks remaining in the queue.
2021-09-21 01:23:02,132 [Listener at 127.0.0.1/33583] INFO  segmented.SegmentedRaftLogWorker (SegmentedRaftLogWorker.java:close(237)) - 57923224-7b87-4e71-9981-19f5694b9dee@group-58F84CC3F313-SegmentedRaftLogWorker close()
2021-09-21 01:23:02,142 [Listener at 127.0.0.1/33583] INFO  server.GrpcService (GrpcService.java:closeImpl(262)) - 57923224-7b87-4e71-9981-19f5694b9dee: shutdown server with port 39003 now
2021-09-21 01:23:02,174 [Listener at 127.0.0.1/33583] INFO  server.GrpcService (GrpcService.java:closeImpl(271)) - 57923224-7b87-4e71-9981-19f5694b9dee: shutdown server with port 39003 successfully
2021-09-21 01:23:02,174 [org.apache.ratis.util.JvmPauseMonitor$$Lambda$531/116790936@110d3513] INFO  util.JvmPauseMonitor (JvmPauseMonitor.java:run(109)) - JvmPauseMonitor-57923224-7b87-4e71-9981-19f5694b9dee: Stopped
2021-09-21 01:23:02,175 [Listener at 127.0.0.1/33583] INFO  utils.BackgroundService (BackgroundService.java:shutdown(132)) - Shutting down service BlockDeletingService
2021-09-21 01:23:03,622 [grpc-default-executor-1] WARN  server.GrpcLogAppender (LogUtils.java:warn(122)) - c886e095-44b5-4a75-a59b-9e8bd319d099@group-7739A0DA65BB->be30f2b5-d5fc-49a0-9235-d4dd7ecd33b9-AppendLogResponseHandler: Failed appendEntries: org.apache.ratis.thirdparty.io.grpc.StatusRuntimeException: UNAVAILABLE: io exception
2021-09-21 01:23:03,622 [grpc-default-executor-1] WARN  server.GrpcLogAppender (GrpcLogAppender.java:resetClient(111)) - c886e095-44b5-4a75-a59b-9e8bd319d099@group-7739A0DA65BB->be30f2b5-d5fc-49a0-9235-d4dd7ecd33b9-GrpcLogAppender: Leader has not got in touch with Follower c886e095-44b5-4a75-a59b-9e8bd319d099@group-7739A0DA65BB->be30f2b5-d5fc-49a0-9235-d4dd7ecd33b9(c0,m0,n1, attendVote=true, lastRpcSendTime=1, lastRpcResponseTime=2501) yet, just keep nextIndex unchanged and retry.
2021-09-21 01:23:05,106 [ForkJoinPool.commonPool-worker-0] INFO  statemachine.DatanodeStateMachine (DatanodeStateMachine.java:stopDaemon(515)) - Ozone container server stopped.
2021-09-21 01:23:05,129 [ForkJoinPool.commonPool-worker-0] INFO  handler.ContextHandler (ContextHandler.java:doStop(1153)) - Stopped o.e.j.w.WebAppContext@567015ad{hddsDatanode,/,null,STOPPED}{jar:file:/home/runner/.m2/repository/org/apache/ozone/hdds-container-service/1.2.0-SNAPSHOT/hdds-container-service-1.2.0-SNAPSHOT.jar!/webapps/hddsDatanode}
2021-09-21 01:23:05,130 [ForkJoinPool.commonPool-worker-0] INFO  server.AbstractConnector (AbstractConnector.java:doStop(381)) - Stopped ServerConnector@74d7c00a{HTTP/1.1, (http/1.1)}{0.0.0.0:0}
2021-09-21 01:23:05,130 [ForkJoinPool.commonPool-worker-0] INFO  server.session (HouseKeeper.java:stopScavenging(149)) - node0 Stopped scavenging
2021-09-21 01:23:05,133 [ForkJoinPool.commonPool-worker-0] INFO  handler.ContextHandler (ContextHandler.java:doStop(1153)) - Stopped o.e.j.s.ServletContextHandler@c564e31{static,/static,jar:file:/home/runner/.m2/repository/org/apache/ozone/hdds-container-service/1.2.0-SNAPSHOT/hdds-container-service-1.2.0-SNAPSHOT.jar!/webapps/static,STOPPED}
2021-09-21 01:23:05,136 [ForkJoinPool.commonPool-worker-0] INFO  handler.ContextHandler (ContextHandler.java:doStop(1153)) - Stopped o.e.j.s.ServletContextHandler@1dbe76aa{logs,/logs,file:///home/runner/work/ozone/ozone/hadoop-ozone/integration-test/target/log,STOPPED}
2021-09-21 01:23:05,184 [Listener at 127.0.0.1/33583] INFO  statemachine.DatanodeStateMachine (DatanodeStateMachine.java:stopDaemon(515)) - Ozone container server stopped.
2021-09-21 01:23:05,185 [Listener at 127.0.0.1/33583] INFO  handler.ContextHandler (ContextHandler.java:doStop(1153)) - Stopped o.e.j.w.WebAppContext@6b666548{hddsDatanode,/,null,STOPPED}{jar:file:/home/runner/.m2/repository/org/apache/ozone/hdds-container-service/1.2.0-SNAPSHOT/hdds-container-service-1.2.0-SNAPSHOT.jar!/webapps/hddsDatanode}
2021-09-21 01:23:05,186 [Listener at 127.0.0.1/33583] INFO  server.AbstractConnector (AbstractConnector.java:doStop(381)) - Stopped ServerConnector@30ba6068{HTTP/1.1, (http/1.1)}{0.0.0.0:0}
2021-09-21 01:23:05,186 [Listener at 127.0.0.1/33583] INFO  server.session (HouseKeeper.java:stopScavenging(149)) - node0 Stopped scavenging
2021-09-21 01:23:05,186 [Listener at 127.0.0.1/33583] INFO  handler.ContextHandler (ContextHandler.java:doStop(1153)) - Stopped o.e.j.s.ServletContextHandler@5d2bd45a{static,/static,jar:file:/home/runner/.m2/repository/org/apache/ozone/hdds-container-service/1.2.0-SNAPSHOT/hdds-container-service-1.2.0-SNAPSHOT.jar!/webapps/static,STOPPED}
2021-09-21 01:23:05,187 [Listener at 127.0.0.1/33583] INFO  handler.ContextHandler (ContextHandler.java:doStop(1153)) - Stopped o.e.j.s.ServletContextHandler@74dc7276{logs,/logs,file:///home/runner/work/ozone/ozone/hadoop-ozone/integration-test/target/log,STOPPED}
2021-09-21 01:23:05,267 [ad039a86-d7f3-42ea-bec3-b4149bcaa887@group-C274E472E363-FollowerState] INFO  impl.FollowerState (FollowerState.java:run(134)) - ad039a86-d7f3-42ea-bec3-b4149bcaa887@group-C274E472E363-FollowerState: change to CANDIDATE, lastRpcElapsedTime:5008336528ns, electionTimeout:5006ms
2021-09-21 01:23:05,268 [ad039a86-d7f3-42ea-bec3-b4149bcaa887@group-C274E472E363-FollowerState] INFO  impl.RoleInfo (RoleInfo.java:shutdownFollowerState(108)) - ad039a86-d7f3-42ea-bec3-b4149bcaa887: shutdown ad039a86-d7f3-42ea-bec3-b4149bcaa887@group-C274E472E363-FollowerState
2021-09-21 01:23:05,268 [ad039a86-d7f3-42ea-bec3-b4149bcaa887@group-C274E472E363-FollowerState] INFO  server.RaftServer$Division (RaftServerImpl.java:setRole(285)) - ad039a86-d7f3-42ea-bec3-b4149bcaa887@group-C274E472E363: changes role from  FOLLOWER to CANDIDATE at term 6 for changeToCandidate
2021-09-21 01:23:05,268 [ad039a86-d7f3-42ea-bec3-b4149bcaa887@group-C274E472E363-FollowerState] INFO  server.RaftServerConfigKeys (ConfUtils.java:logGet(44)) - raft.server.leaderelection.pre-vote = false (custom)
2021-09-21 01:23:05,268 [ad039a86-d7f3-42ea-bec3-b4149bcaa887@group-C274E472E363-FollowerState] INFO  impl.RoleInfo (RoleInfo.java:updateAndGet(130)) - ad039a86-d7f3-42ea-bec3-b4149bcaa887: start ad039a86-d7f3-42ea-bec3-b4149bcaa887@group-C274E472E363-LeaderElection53
2021-09-21 01:23:05,271 [ad039a86-d7f3-42ea-bec3-b4149bcaa887@group-C274E472E363-LeaderElection53] INFO  impl.LeaderElection (LeaderElection.java:askForVotes(306)) - ad039a86-d7f3-42ea-bec3-b4149bcaa887@group-C274E472E363-LeaderElection53 ELECTION round 0: submit vote requests at term 7 for -1: [77eebb93-8ed1-4443-8476-48726f7e27c1|rpc:10.1.0.51:40681|dataStream:|priority:1, 7102e10f-7baf-40d1-a733-c49484cac6b4|rpc:10.1.0.51:44475|dataStream:|priority:0, ad039a86-d7f3-42ea-bec3-b4149bcaa887|rpc:10.1.0.51:35567|dataStream:|priority:0], old=null
2021-09-21 01:23:05,298 [grpc-default-executor-1] INFO  server.RaftServer$Division (RaftServerImpl.java:requestVote(1043)) - 77eebb93-8ed1-4443-8476-48726f7e27c1@group-C274E472E363: receive requestVote(ELECTION, ad039a86-d7f3-42ea-bec3-b4149bcaa887, group-C274E472E363, 7, (t:0, i:0))
2021-09-21 01:23:05,298 [grpc-default-executor-1] INFO  impl.VoteContext (VoteContext.java:log(48)) - 77eebb93-8ed1-4443-8476-48726f7e27c1@group-C274E472E363-FOLLOWER: reject ELECTION from ad039a86-d7f3-42ea-bec3-b4149bcaa887: our last entry (t:2, i:0) > candidate's last entry (t:0, i:0)
2021-09-21 01:23:05,298 [grpc-default-executor-1] INFO  server.RaftServer$Division (RaftServerImpl.java:setRole(285)) - 77eebb93-8ed1-4443-8476-48726f7e27c1@group-C274E472E363: changes role from  FOLLOWER to FOLLOWER at term 7 for candidate:ad039a86-d7f3-42ea-bec3-b4149bcaa887
2021-09-21 01:23:05,298 [grpc-default-executor-1] INFO  impl.RoleInfo (RoleInfo.java:shutdownFollowerState(108)) - 77eebb93-8ed1-4443-8476-48726f7e27c1: shutdown 77eebb93-8ed1-4443-8476-48726f7e27c1@group-C274E472E363-FollowerState
2021-09-21 01:23:05,298 [grpc-default-executor-1] INFO  impl.RoleInfo (RoleInfo.java:updateAndGet(130)) - 77eebb93-8ed1-4443-8476-48726f7e27c1: start 77eebb93-8ed1-4443-8476-48726f7e27c1@group-C274E472E363-FollowerState
2021-09-21 01:23:05,298 [77eebb93-8ed1-4443-8476-48726f7e27c1@group-C274E472E363-FollowerState] INFO  impl.FollowerState (FollowerState.java:run(143)) - 77eebb93-8ed1-4443-8476-48726f7e27c1@group-C274E472E363-FollowerState was interrupted: {}
java.lang.InterruptedException: sleep interrupted
	at java.lang.Thread.sleep(Native Method)
	at java.lang.Thread.sleep(Thread.java:340)
	at java.util.concurrent.TimeUnit.sleep(TimeUnit.java:386)
	at org.apache.ratis.util.TimeDuration.sleep(TimeDuration.java:324)
	at org.apache.ratis.util.TimeDuration.sleep(TimeDuration.java:309)
	at org.apache.ratis.server.impl.FollowerState.run(FollowerState.java:118)
2021-09-21 01:23:05,299 [grpc-default-executor-4] INFO  server.RaftServer$Division (RaftServerImpl.java:requestVote(1043)) - 7102e10f-7baf-40d1-a733-c49484cac6b4@group-C274E472E363: receive requestVote(ELECTION, ad039a86-d7f3-42ea-bec3-b4149bcaa887, group-C274E472E363, 7, (t:0, i:0))
2021-09-21 01:23:05,300 [grpc-default-executor-4] INFO  impl.VoteContext (VoteContext.java:log(48)) - 7102e10f-7baf-40d1-a733-c49484cac6b4@group-C274E472E363-FOLLOWER: accept ELECTION from ad039a86-d7f3-42ea-bec3-b4149bcaa887: our priority 0 <= candidate's priority 0
2021-09-21 01:23:05,300 [grpc-default-executor-4] INFO  server.RaftServer$Division (RaftServerImpl.java:setRole(285)) - 7102e10f-7baf-40d1-a733-c49484cac6b4@group-C274E472E363: changes role from  FOLLOWER to FOLLOWER at term 7 for candidate:ad039a86-d7f3-42ea-bec3-b4149bcaa887
2021-09-21 01:23:05,300 [grpc-default-executor-4] INFO  impl.RoleInfo (RoleInfo.java:shutdownFollowerState(108)) - 7102e10f-7baf-40d1-a733-c49484cac6b4: shutdown 7102e10f-7baf-40d1-a733-c49484cac6b4@group-C274E472E363-FollowerState
2021-09-21 01:23:05,307 [7102e10f-7baf-40d1-a733-c49484cac6b4@group-C274E472E363-FollowerState] INFO  impl.FollowerState (FollowerState.java:run(127)) - 7102e10f-7baf-40d1-a733-c49484cac6b4@group-C274E472E363-FollowerState: Stopping now (isRunning? false, isFollower? true)
2021-09-21 01:23:05,309 [grpc-default-executor-1] INFO  server.RaftServer$Division (RaftServerImpl.java:requestVote(1075)) - 77eebb93-8ed1-4443-8476-48726f7e27c1@group-C274E472E363 replies to ELECTION vote request: ad039a86-d7f3-42ea-bec3-b4149bcaa887<-77eebb93-8ed1-4443-8476-48726f7e27c1#0:FAIL-t7. Peer's state: 77eebb93-8ed1-4443-8476-48726f7e27c1@group-C274E472E363:t7, leader=null, voted=null, raftlog=77eebb93-8ed1-4443-8476-48726f7e27c1@group-C274E472E363-SegmentedRaftLog:OPENED:c0,f0,i0, conf=0: [77eebb93-8ed1-4443-8476-48726f7e27c1|rpc:10.1.0.51:40681|dataStream:|priority:1, 7102e10f-7baf-40d1-a733-c49484cac6b4|rpc:10.1.0.51:44475|dataStream:|priority:0, ad039a86-d7f3-42ea-bec3-b4149bcaa887|rpc:10.1.0.51:35567|dataStream:|priority:0], old=null
2021-09-21 01:23:05,309 [ad039a86-d7f3-42ea-bec3-b4149bcaa887@group-C274E472E363-LeaderElection53] INFO  impl.LeaderElection (LeaderElection.java:logAndReturn(89)) - ad039a86-d7f3-42ea-bec3-b4149bcaa887@group-C274E472E363-LeaderElection53: ELECTION REJECTED received 1 response(s) and 0 exception(s):
2021-09-21 01:23:05,310 [ad039a86-d7f3-42ea-bec3-b4149bcaa887@group-C274E472E363-LeaderElection53] INFO  impl.LeaderElection (LeaderElection.java:logAndReturn(93)) -   Response 0: ad039a86-d7f3-42ea-bec3-b4149bcaa887<-77eebb93-8ed1-4443-8476-48726f7e27c1#0:FAIL-t7
2021-09-21 01:23:05,310 [ad039a86-d7f3-42ea-bec3-b4149bcaa887@group-C274E472E363-LeaderElection53] INFO  impl.LeaderElection (LeaderElection.java:askForVotes(308)) - ad039a86-d7f3-42ea-bec3-b4149bcaa887@group-C274E472E363-LeaderElection53 ELECTION round 0: result REJECTED
2021-09-21 01:23:05,310 [ad039a86-d7f3-42ea-bec3-b4149bcaa887@group-C274E472E363-LeaderElection53] INFO  server.RaftServer$Division (RaftServerImpl.java:setRole(285)) - ad039a86-d7f3-42ea-bec3-b4149bcaa887@group-C274E472E363: changes role from CANDIDATE to FOLLOWER at term 7 for REJECTED
2021-09-21 01:23:05,310 [ad039a86-d7f3-42ea-bec3-b4149bcaa887@group-C274E472E363-LeaderElection53] INFO  impl.RoleInfo (RoleInfo.java:shutdownLeaderElection(121)) - ad039a86-d7f3-42ea-bec3-b4149bcaa887: shutdown ad039a86-d7f3-42ea-bec3-b4149bcaa887@group-C274E472E363-LeaderElection53
2021-09-21 01:23:05,310 [ad039a86-d7f3-42ea-bec3-b4149bcaa887@group-C274E472E363-LeaderElection53] INFO  impl.RoleInfo (RoleInfo.java:updateAndGet(130)) - ad039a86-d7f3-42ea-bec3-b4149bcaa887: start ad039a86-d7f3-42ea-bec3-b4149bcaa887@group-C274E472E363-FollowerState
2021-09-21 01:23:05,335 [grpc-default-executor-4] INFO  impl.RoleInfo (RoleInfo.java:updateAndGet(130)) - 7102e10f-7baf-40d1-a733-c49484cac6b4: start 7102e10f-7baf-40d1-a733-c49484cac6b4@group-C274E472E363-FollowerState
2021-09-21 01:23:05,338 [grpc-default-executor-4] INFO  server.RaftServer$Division (RaftServerImpl.java:requestVote(1075)) - 7102e10f-7baf-40d1-a733-c49484cac6b4@group-C274E472E363 replies to ELECTION vote request: ad039a86-d7f3-42ea-bec3-b4149bcaa887<-7102e10f-7baf-40d1-a733-c49484cac6b4#0:OK-t7. Peer's state: 7102e10f-7baf-40d1-a733-c49484cac6b4@group-C274E472E363:t7, leader=null, voted=ad039a86-d7f3-42ea-bec3-b4149bcaa887, raftlog=7102e10f-7baf-40d1-a733-c49484cac6b4@group-C274E472E363-SegmentedRaftLog:OPENED:c-1,f-1,i0, conf=-1: [77eebb93-8ed1-4443-8476-48726f7e27c1|rpc:10.1.0.51:40681|priority:1, 7102e10f-7baf-40d1-a733-c49484cac6b4|rpc:10.1.0.51:44475|priority:0, ad039a86-d7f3-42ea-bec3-b4149bcaa887|rpc:10.1.0.51:35567|priority:0], old=null
2021-09-21 01:23:06,123 [grpc-default-executor-1] WARN  server.GrpcLogAppender (LogUtils.java:warn(122)) - c886e095-44b5-4a75-a59b-9e8bd319d099@group-7739A0DA65BB->be30f2b5-d5fc-49a0-9235-d4dd7ecd33b9-AppendLogResponseHandler: Failed appendEntries: org.apache.ratis.thirdparty.io.grpc.StatusRuntimeException: UNAVAILABLE: io exception
2021-09-21 01:23:06,124 [grpc-default-executor-1] WARN  server.GrpcLogAppender (GrpcLogAppender.java:resetClient(111)) - c886e095-44b5-4a75-a59b-9e8bd319d099@group-7739A0DA65BB->be30f2b5-d5fc-49a0-9235-d4dd7ecd33b9-GrpcLogAppender: Leader has not got in touch with Follower c886e095-44b5-4a75-a59b-9e8bd319d099@group-7739A0DA65BB->be30f2b5-d5fc-49a0-9235-d4dd7ecd33b9(c0,m0,n1, attendVote=true, lastRpcSendTime=2503, lastRpcResponseTime=5003) yet, just keep nextIndex unchanged and retry.
2021-09-21 01:23:08,366 [9e8c78a1-f01d-42ca-a684-b6f934dd8d4f@group-D13672D1E602-FollowerState] INFO  impl.FollowerState (FollowerState.java:run(134)) - 9e8c78a1-f01d-42ca-a684-b6f934dd8d4f@group-D13672D1E602-FollowerState: change to CANDIDATE, lastRpcElapsedTime:7503735276ns, electionTimeout:5065ms
2021-09-21 01:23:08,367 [9e8c78a1-f01d-42ca-a684-b6f934dd8d4f@group-D13672D1E602-FollowerState] INFO  impl.RoleInfo (RoleInfo.java:shutdownFollowerState(108)) - 9e8c78a1-f01d-42ca-a684-b6f934dd8d4f: shutdown 9e8c78a1-f01d-42ca-a684-b6f934dd8d4f@group-D13672D1E602-FollowerState
2021-09-21 01:23:08,367 [9e8c78a1-f01d-42ca-a684-b6f934dd8d4f@group-D13672D1E602-FollowerState] INFO  server.RaftServer$Division (RaftServerImpl.java:setRole(285)) - 9e8c78a1-f01d-42ca-a684-b6f934dd8d4f@group-D13672D1E602: changes role from  FOLLOWER to CANDIDATE at term 3 for changeToCandidate
2021-09-21 01:23:08,367 [9e8c78a1-f01d-42ca-a684-b6f934dd8d4f@group-D13672D1E602-FollowerState] INFO  server.RaftServerConfigKeys (ConfUtils.java:logGet(44)) - raft.server.leaderelection.pre-vote = false (custom)
2021-09-21 01:23:08,367 [9e8c78a1-f01d-42ca-a684-b6f934dd8d4f@group-D13672D1E602-FollowerState] INFO  impl.RoleInfo (RoleInfo.java:updateAndGet(130)) - 9e8c78a1-f01d-42ca-a684-b6f934dd8d4f: start 9e8c78a1-f01d-42ca-a684-b6f934dd8d4f@group-D13672D1E602-LeaderElection54
2021-09-21 01:23:08,394 [9e8c78a1-f01d-42ca-a684-b6f934dd8d4f@group-D13672D1E602-LeaderElection54] INFO  server.RaftServer$Division (ServerState.java:setLeader(285)) - 9e8c78a1-f01d-42ca-a684-b6f934dd8d4f@group-D13672D1E602: change Leader from 57923224-7b87-4e71-9981-19f5694b9dee to null at term 3 for ELECTION
2021-09-21 01:23:08,412 [9e8c78a1-f01d-42ca-a684-b6f934dd8d4f@group-D13672D1E602-LeaderElection54] INFO  impl.LeaderElection (LeaderElection.java:askForVotes(306)) - 9e8c78a1-f01d-42ca-a684-b6f934dd8d4f@group-D13672D1E602-LeaderElection54 ELECTION round 0: submit vote requests at term 4 for 0: [9e8c78a1-f01d-42ca-a684-b6f934dd8d4f|rpc:10.1.0.51:39721|dataStream:|priority:0, aa364905-4a8e-4b76-ab26-d74d60c32cfc|rpc:10.1.0.51:39239|dataStream:|priority:0, 57923224-7b87-4e71-9981-19f5694b9dee|rpc:10.1.0.51:39003|dataStream:|priority:1], old=null
2021-09-21 01:23:08,498 [grpc-default-executor-4] INFO  server.RaftServer$Division (RaftServerImpl.java:requestVote(1043)) - aa364905-4a8e-4b76-ab26-d74d60c32cfc@group-D13672D1E602: receive requestVote(ELECTION, 9e8c78a1-f01d-42ca-a684-b6f934dd8d4f, group-D13672D1E602, 4, (t:3, i:0))
2021-09-21 01:23:08,498 [grpc-default-executor-4] INFO  impl.VoteContext (VoteContext.java:log(48)) - aa364905-4a8e-4b76-ab26-d74d60c32cfc@group-D13672D1E602-FOLLOWER: accept ELECTION from 9e8c78a1-f01d-42ca-a684-b6f934dd8d4f: our priority 0 <= candidate's priority 0
2021-09-21 01:23:08,498 [grpc-default-executor-4] INFO  server.RaftServer$Division (ServerState.java:setLeader(285)) - aa364905-4a8e-4b76-ab26-d74d60c32cfc@group-D13672D1E602: change Leader from 57923224-7b87-4e71-9981-19f5694b9dee to null at term 4 for updateCurrentTerm
2021-09-21 01:23:08,498 [grpc-default-executor-4] INFO  server.RaftServer$Division (RaftServerImpl.java:setRole(285)) - aa364905-4a8e-4b76-ab26-d74d60c32cfc@group-D13672D1E602: changes role from  FOLLOWER to FOLLOWER at term 4 for candidate:9e8c78a1-f01d-42ca-a684-b6f934dd8d4f
2021-09-21 01:23:08,498 [grpc-default-executor-4] INFO  impl.RoleInfo (RoleInfo.java:shutdownFollowerState(108)) - aa364905-4a8e-4b76-ab26-d74d60c32cfc: shutdown aa364905-4a8e-4b76-ab26-d74d60c32cfc@group-D13672D1E602-FollowerState
2021-09-21 01:23:08,498 [grpc-default-executor-4] INFO  impl.RoleInfo (RoleInfo.java:updateAndGet(130)) - aa364905-4a8e-4b76-ab26-d74d60c32cfc: start aa364905-4a8e-4b76-ab26-d74d60c32cfc@group-D13672D1E602-FollowerState
2021-09-21 01:23:08,498 [aa364905-4a8e-4b76-ab26-d74d60c32cfc@group-D13672D1E602-FollowerState] INFO  impl.FollowerState (FollowerState.java:run(143)) - aa364905-4a8e-4b76-ab26-d74d60c32cfc@group-D13672D1E602-FollowerState was interrupted: {}
java.lang.InterruptedException: sleep interrupted
	at java.lang.Thread.sleep(Native Method)
	at java.lang.Thread.sleep(Thread.java:340)
	at java.util.concurrent.TimeUnit.sleep(TimeUnit.java:386)
	at org.apache.ratis.util.TimeDuration.sleep(TimeDuration.java:324)
	at org.apache.ratis.util.TimeDuration.sleep(TimeDuration.java:309)
	at org.apache.ratis.server.impl.FollowerState.run(FollowerState.java:118)
2021-09-21 01:23:08,517 [9e8c78a1-f01d-42ca-a684-b6f934dd8d4f@group-D13672D1E602-LeaderElection54] INFO  impl.LeaderElection (LogUtils.java:infoOrTrace(137)) - 9e8c78a1-f01d-42ca-a684-b6f934dd8d4f@group-D13672D1E602-LeaderElection54 got exception when requesting votes: java.util.concurrent.ExecutionException: org.apache.ratis.thirdparty.io.grpc.StatusRuntimeException: UNAVAILABLE: io exception
2021-09-21 01:23:08,518 [grpc-default-executor-4] INFO  server.RaftServer$Division (RaftServerImpl.java:requestVote(1075)) - aa364905-4a8e-4b76-ab26-d74d60c32cfc@group-D13672D1E602 replies to ELECTION vote request: 9e8c78a1-f01d-42ca-a684-b6f934dd8d4f<-aa364905-4a8e-4b76-ab26-d74d60c32cfc#0:OK-t4. Peer's state: aa364905-4a8e-4b76-ab26-d74d60c32cfc@group-D13672D1E602:t4, leader=null, voted=9e8c78a1-f01d-42ca-a684-b6f934dd8d4f, raftlog=aa364905-4a8e-4b76-ab26-d74d60c32cfc@group-D13672D1E602-SegmentedRaftLog:OPENED:c0,f0,i0, conf=0: [9e8c78a1-f01d-42ca-a684-b6f934dd8d4f|rpc:10.1.0.51:39721|dataStream:|priority:0, aa364905-4a8e-4b76-ab26-d74d60c32cfc|rpc:10.1.0.51:39239|dataStream:|priority:0, 57923224-7b87-4e71-9981-19f5694b9dee|rpc:10.1.0.51:39003|dataStream:|priority:1], old=null
2021-09-21 01:23:08,524 [9e8c78a1-f01d-42ca-a684-b6f934dd8d4f@group-D13672D1E602-LeaderElection54] INFO  impl.LeaderElection (LeaderElection.java:logAndReturn(89)) - 9e8c78a1-f01d-42ca-a684-b6f934dd8d4f@group-D13672D1E602-LeaderElection54: ELECTION PASSED received 1 response(s) and 1 exception(s):
2021-09-21 01:23:08,524 [9e8c78a1-f01d-42ca-a684-b6f934dd8d4f@group-D13672D1E602-LeaderElection54] INFO  impl.LeaderElection (LeaderElection.java:logAndReturn(93)) -   Response 0: 9e8c78a1-f01d-42ca-a684-b6f934dd8d4f<-aa364905-4a8e-4b76-ab26-d74d60c32cfc#0:OK-t4
2021-09-21 01:23:08,524 [9e8c78a1-f01d-42ca-a684-b6f934dd8d4f@group-D13672D1E602-LeaderElection54] INFO  impl.LeaderElection (LogUtils.java:infoOrTrace(137)) -   Exception 1: java.util.concurrent.ExecutionException: org.apache.ratis.thirdparty.io.grpc.StatusRuntimeException: UNAVAILABLE: io exception
2021-09-21 01:23:08,524 [9e8c78a1-f01d-42ca-a684-b6f934dd8d4f@group-D13672D1E602-LeaderElection54] INFO  impl.LeaderElection (LeaderElection.java:askForVotes(308)) - 9e8c78a1-f01d-42ca-a684-b6f934dd8d4f@group-D13672D1E602-LeaderElection54 ELECTION round 0: result PASSED
2021-09-21 01:23:08,524 [9e8c78a1-f01d-42ca-a684-b6f934dd8d4f@group-D13672D1E602-LeaderElection54] INFO  impl.RoleInfo (RoleInfo.java:shutdownLeaderElection(121)) - 9e8c78a1-f01d-42ca-a684-b6f934dd8d4f: shutdown 9e8c78a1-f01d-42ca-a684-b6f934dd8d4f@group-D13672D1E602-LeaderElection54
2021-09-21 01:23:08,524 [9e8c78a1-f01d-42ca-a684-b6f934dd8d4f@group-D13672D1E602-LeaderElection54] INFO  server.RaftServer$Division (RaftServerImpl.java:setRole(285)) - 9e8c78a1-f01d-42ca-a684-b6f934dd8d4f@group-D13672D1E602: changes role from CANDIDATE to LEADER at term 4 for changeToLeader
2021-09-21 01:23:08,524 [9e8c78a1-f01d-42ca-a684-b6f934dd8d4f@group-D13672D1E602-LeaderElection54] INFO  ratis.XceiverServerRatis (XceiverServerRatis.java:handleLeaderChangedNotification(860)) - Leader change notification received for group: group-D13672D1E602 with new leaderId: 9e8c78a1-f01d-42ca-a684-b6f934dd8d4f
2021-09-21 01:23:08,524 [9e8c78a1-f01d-42ca-a684-b6f934dd8d4f@group-D13672D1E602-LeaderElection54] INFO  server.RaftServer$Division (ServerState.java:setLeader(285)) - 9e8c78a1-f01d-42ca-a684-b6f934dd8d4f@group-D13672D1E602: change Leader from null to 9e8c78a1-f01d-42ca-a684-b6f934dd8d4f at term 4 for becomeLeader, leader elected after 129ms
2021-09-21 01:23:08,524 [9e8c78a1-f01d-42ca-a684-b6f934dd8d4f@group-D13672D1E602-LeaderElection54] INFO  server.RaftServerConfigKeys (ConfUtils.java:logGet(44)) - raft.server.staging.catchup.gap = 1000 (default)
2021-09-21 01:23:08,525 [9e8c78a1-f01d-42ca-a684-b6f934dd8d4f@group-D13672D1E602-LeaderElection54] INFO  server.RaftServerConfigKeys (ConfUtils.java:logGet(44)) - raft.server.write.element-limit = 1024 (custom)
2021-09-21 01:23:08,525 [9e8c78a1-f01d-42ca-a684-b6f934dd8d4f@group-D13672D1E602-LeaderElection54] INFO  server.RaftServerConfigKeys (ConfUtils.java:logGet(44)) - raft.server.write.byte-limit = 1024 M (=1073741824) (custom)
2021-09-21 01:23:08,525 [9e8c78a1-f01d-42ca-a684-b6f934dd8d4f@group-D13672D1E602-LeaderElection54] INFO  server.RaftServerConfigKeys (ConfUtils.java:logGet(44)) - raft.server.watch.timeout = 3000ms (custom)
2021-09-21 01:23:08,527 [9e8c78a1-f01d-42ca-a684-b6f934dd8d4f@group-D13672D1E602-LeaderElection54] INFO  server.RaftServerConfigKeys (ConfUtils.java:logGet(44)) - raft.server.watch.timeout.denomination = 1s (default)
2021-09-21 01:23:08,527 [9e8c78a1-f01d-42ca-a684-b6f934dd8d4f@group-D13672D1E602-LeaderElection54] INFO  server.RaftServerConfigKeys (ConfUtils.java:logGet(44)) - raft.server.watch.element-limit = 65536 (default)
2021-09-21 01:23:08,527 [9e8c78a1-f01d-42ca-a684-b6f934dd8d4f@group-D13672D1E602-LeaderElection54] INFO  server.RaftServerConfigKeys (ConfUtils.java:logGet(44)) - raft.server.log.appender.snapshot.chunk.size.max = 16MB (=16777216) (default)
2021-09-21 01:23:08,527 [9e8c78a1-f01d-42ca-a684-b6f934dd8d4f@group-D13672D1E602-LeaderElection54] INFO  server.RaftServerConfigKeys (ConfUtils.java:logGet(44)) - raft.server.log.appender.buffer.byte-limit = 33554432 (custom)
2021-09-21 01:23:08,528 [9e8c78a1-f01d-42ca-a684-b6f934dd8d4f@group-D13672D1E602-LeaderElection54] INFO  server.RaftServerConfigKeys (ConfUtils.java:logGet(44)) - raft.server.log.appender.buffer.element-limit = 1 (custom)
2021-09-21 01:23:08,528 [9e8c78a1-f01d-42ca-a684-b6f934dd8d4f@group-D13672D1E602-LeaderElection54] INFO  grpc.GrpcConfigKeys (ConfUtils.java:logGet(44)) - raft.grpc.server.leader.outstanding.appends.max = 128 (default)
2021-09-21 01:23:08,528 [9e8c78a1-f01d-42ca-a684-b6f934dd8d4f@group-D13672D1E602-LeaderElection54] INFO  server.RaftServerConfigKeys (ConfUtils.java:logGet(44)) - raft.server.rpc.request.timeout = 3000ms (default)
2021-09-21 01:23:08,528 [9e8c78a1-f01d-42ca-a684-b6f934dd8d4f@group-D13672D1E602-LeaderElection54] INFO  server.RaftServerConfigKeys (ConfUtils.java:logGet(44)) - raft.server.log.appender.install.snapshot.enabled = false (custom)
2021-09-21 01:23:08,529 [9e8c78a1-f01d-42ca-a684-b6f934dd8d4f@group-D13672D1E602-LeaderElection54] INFO  server.RaftServerConfigKeys (ConfUtils.java:logGet(44)) - raft.server.log.appender.snapshot.chunk.size.max = 16MB (=16777216) (default)
2021-09-21 01:23:08,529 [9e8c78a1-f01d-42ca-a684-b6f934dd8d4f@group-D13672D1E602-LeaderElection54] INFO  server.RaftServerConfigKeys (ConfUtils.java:logGet(44)) - raft.server.log.appender.buffer.byte-limit = 33554432 (custom)
2021-09-21 01:23:08,529 [9e8c78a1-f01d-42ca-a684-b6f934dd8d4f@group-D13672D1E602-LeaderElection54] INFO  server.RaftServerConfigKeys (ConfUtils.java:logGet(44)) - raft.server.log.appender.buffer.element-limit = 1 (custom)
2021-09-21 01:23:08,529 [9e8c78a1-f01d-42ca-a684-b6f934dd8d4f@group-D13672D1E602-LeaderElection54] INFO  grpc.GrpcConfigKeys (ConfUtils.java:logGet(44)) - raft.grpc.server.leader.outstanding.appends.max = 128 (default)
2021-09-21 01:23:08,529 [9e8c78a1-f01d-42ca-a684-b6f934dd8d4f@group-D13672D1E602-LeaderElection54] INFO  server.RaftServerConfigKeys (ConfUtils.java:logGet(44)) - raft.server.rpc.request.timeout = 3000ms (default)
2021-09-21 01:23:08,529 [9e8c78a1-f01d-42ca-a684-b6f934dd8d4f@group-D13672D1E602-LeaderElection54] INFO  server.RaftServerConfigKeys (ConfUtils.java:logGet(44)) - raft.server.log.appender.install.snapshot.enabled = false (custom)
2021-09-21 01:23:08,530 [9e8c78a1-f01d-42ca-a684-b6f934dd8d4f@group-D13672D1E602-LeaderElection54] INFO  impl.RoleInfo (RoleInfo.java:updateAndGet(130)) - 9e8c78a1-f01d-42ca-a684-b6f934dd8d4f: start 9e8c78a1-f01d-42ca-a684-b6f934dd8d4f@group-D13672D1E602-LeaderStateImpl
2021-09-21 01:23:08,530 [9e8c78a1-f01d-42ca-a684-b6f934dd8d4f@group-D13672D1E602-LeaderElection54] INFO  segmented.SegmentedRaftLogWorker (SegmentedRaftLogWorker.java:rollLogSegment(399)) - 9e8c78a1-f01d-42ca-a684-b6f934dd8d4f@group-D13672D1E602-SegmentedRaftLogWorker: Rolling segment log-0_0 to index:0
2021-09-21 01:23:08,532 [9e8c78a1-f01d-42ca-a684-b6f934dd8d4f@group-D13672D1E602-SegmentedRaftLogWorker] INFO  segmented.SegmentedRaftLogWorker (SegmentedRaftLogWorker.java:execute(558)) - 9e8c78a1-f01d-42ca-a684-b6f934dd8d4f@group-D13672D1E602-SegmentedRaftLogWorker: Rolled log segment from /home/runner/work/ozone/ozone/hadoop-ozone/integration-test/target/test-dir/MiniOzoneClusterImpl-7349e056-7b32-48d8-92e4-5182ee86217f/datanode-5/data/ratis/af064ed5-d2ee-4a20-89df-d13672d1e602/current/log_inprogress_0 to /home/runner/work/ozone/ozone/hadoop-ozone/integration-test/target/test-dir/MiniOzoneClusterImpl-7349e056-7b32-48d8-92e4-5182ee86217f/datanode-5/data/ratis/af064ed5-d2ee-4a20-89df-d13672d1e602/current/log_0-0
2021-09-21 01:23:08,534 [9e8c78a1-f01d-42ca-a684-b6f934dd8d4f@group-D13672D1E602-SegmentedRaftLogWorker] INFO  segmented.SegmentedRaftLogWorker (SegmentedRaftLogWorker.java:execute(601)) - 9e8c78a1-f01d-42ca-a684-b6f934dd8d4f@group-D13672D1E602-SegmentedRaftLogWorker: created new log segment /home/runner/work/ozone/ozone/hadoop-ozone/integration-test/target/test-dir/MiniOzoneClusterImpl-7349e056-7b32-48d8-92e4-5182ee86217f/datanode-5/data/ratis/af064ed5-d2ee-4a20-89df-d13672d1e602/current/log_inprogress_1
2021-09-21 01:23:08,560 [grpc-default-executor-3] INFO  ratis.XceiverServerRatis (XceiverServerRatis.java:handleLeaderChangedNotification(860)) - Leader change notification received for group: group-D13672D1E602 with new leaderId: 9e8c78a1-f01d-42ca-a684-b6f934dd8d4f
2021-09-21 01:23:08,561 [grpc-default-executor-3] INFO  server.RaftServer$Division (ServerState.java:setLeader(285)) - aa364905-4a8e-4b76-ab26-d74d60c32cfc@group-D13672D1E602: change Leader from null to 9e8c78a1-f01d-42ca-a684-b6f934dd8d4f at term 4 for appendEntries, leader elected after 62ms
2021-09-21 01:23:08,575 [9e8c78a1-f01d-42ca-a684-b6f934dd8d4f@group-D13672D1E602-LeaderElection54] INFO  server.RaftServer$Division (ServerState.java:setRaftConf(387)) - 9e8c78a1-f01d-42ca-a684-b6f934dd8d4f@group-D13672D1E602: set configuration 1: [9e8c78a1-f01d-42ca-a684-b6f934dd8d4f|rpc:10.1.0.51:39721|dataStream:|priority:0, aa364905-4a8e-4b76-ab26-d74d60c32cfc|rpc:10.1.0.51:39239|dataStream:|priority:0, 57923224-7b87-4e71-9981-19f5694b9dee|rpc:10.1.0.51:39003|dataStream:|priority:1], old=null
2021-09-21 01:23:08,579 [grpc-default-executor-1] WARN  server.GrpcLogAppender (LogUtils.java:warn(122)) - 9e8c78a1-f01d-42ca-a684-b6f934dd8d4f@group-D13672D1E602->57923224-7b87-4e71-9981-19f5694b9dee-AppendLogResponseHandler: Failed appendEntries: org.apache.ratis.thirdparty.io.grpc.StatusRuntimeException: UNAVAILABLE: io exception
2021-09-21 01:23:08,580 [grpc-default-executor-1] WARN  server.GrpcLogAppender (GrpcLogAppender.java:resetClient(111)) - 9e8c78a1-f01d-42ca-a684-b6f934dd8d4f@group-D13672D1E602->57923224-7b87-4e71-9981-19f5694b9dee-GrpcLogAppender: Leader has not got in touch with Follower 9e8c78a1-f01d-42ca-a684-b6f934dd8d4f@group-D13672D1E602->57923224-7b87-4e71-9981-19f5694b9dee(c-1,m0,n2, attendVote=true, lastRpcSendTime=3, lastRpcResponseTime=5252) yet, just keep nextIndex unchanged and retry.
2021-09-21 01:23:08,608 [grpc-default-executor-3] INFO  server.RaftServer$Division (ServerState.java:setRaftConf(387)) - aa364905-4a8e-4b76-ab26-d74d60c32cfc@group-D13672D1E602: set configuration 1: [9e8c78a1-f01d-42ca-a684-b6f934dd8d4f|rpc:10.1.0.51:39721|dataStream:|priority:0, aa364905-4a8e-4b76-ab26-d74d60c32cfc|rpc:10.1.0.51:39239|dataStream:|priority:0, 57923224-7b87-4e71-9981-19f5694b9dee|rpc:10.1.0.51:39003|dataStream:|priority:1], old=null
2021-09-21 01:23:08,608 [grpc-default-executor-3] INFO  segmented.SegmentedRaftLogWorker (SegmentedRaftLogWorker.java:rollLogSegment(399)) - aa364905-4a8e-4b76-ab26-d74d60c32cfc@group-D13672D1E602-SegmentedRaftLogWorker: Rolling segment log-0_0 to index:0
2021-09-21 01:23:08,609 [aa364905-4a8e-4b76-ab26-d74d60c32cfc@group-D13672D1E602-SegmentedRaftLogWorker] INFO  segmented.SegmentedRaftLogWorker (SegmentedRaftLogWorker.java:execute(558)) - aa364905-4a8e-4b76-ab26-d74d60c32cfc@group-D13672D1E602-SegmentedRaftLogWorker: Rolled log segment from /home/runner/work/ozone/ozone/hadoop-ozone/integration-test/target/test-dir/MiniOzoneClusterImpl-7349e056-7b32-48d8-92e4-5182ee86217f/datanode-3/data/ratis/af064ed5-d2ee-4a20-89df-d13672d1e602/current/log_inprogress_0 to /home/runner/work/ozone/ozone/hadoop-ozone/integration-test/target/test-dir/MiniOzoneClusterImpl-7349e056-7b32-48d8-92e4-5182ee86217f/datanode-3/data/ratis/af064ed5-d2ee-4a20-89df-d13672d1e602/current/log_0-0
2021-09-21 01:23:08,610 [aa364905-4a8e-4b76-ab26-d74d60c32cfc@group-D13672D1E602-SegmentedRaftLogWorker] INFO  segmented.SegmentedRaftLogWorker (SegmentedRaftLogWorker.java:execute(601)) - aa364905-4a8e-4b76-ab26-d74d60c32cfc@group-D13672D1E602-SegmentedRaftLogWorker: created new log segment /home/runner/work/ozone/ozone/hadoop-ozone/integration-test/target/test-dir/MiniOzoneClusterImpl-7349e056-7b32-48d8-92e4-5182ee86217f/datanode-3/data/ratis/af064ed5-d2ee-4a20-89df-d13672d1e602/current/log_inprogress_1
2021-09-21 01:23:08,645 [grpc-default-executor-3] WARN  server.GrpcLogAppender (LogUtils.java:warn(122)) - c886e095-44b5-4a75-a59b-9e8bd319d099@group-7739A0DA65BB->be30f2b5-d5fc-49a0-9235-d4dd7ecd33b9-AppendLogResponseHandler: Failed appendEntries: org.apache.ratis.thirdparty.io.grpc.StatusRuntimeException: UNAVAILABLE: io exception
2021-09-21 01:23:08,645 [grpc-default-executor-3] WARN  server.GrpcLogAppender (GrpcLogAppender.java:resetClient(111)) - c886e095-44b5-4a75-a59b-9e8bd319d099@group-7739A0DA65BB->be30f2b5-d5fc-49a0-9235-d4dd7ecd33b9-GrpcLogAppender: Leader has not got in touch with Follower c886e095-44b5-4a75-a59b-9e8bd319d099@group-7739A0DA65BB->be30f2b5-d5fc-49a0-9235-d4dd7ecd33b9(c0,m0,n1, attendVote=true, lastRpcSendTime=0, lastRpcResponseTime=7525) yet, just keep nextIndex unchanged and retry.
2021-09-21 01:23:08,722 [grpc-default-executor-3] WARN  server.GrpcLogAppender (LogUtils.java:warn(122)) - 9e8c78a1-f01d-42ca-a684-b6f934dd8d4f@group-D13672D1E602->57923224-7b87-4e71-9981-19f5694b9dee-AppendLogResponseHandler: Failed appendEntries: org.apache.ratis.thirdparty.io.grpc.StatusRuntimeException: UNAVAILABLE: io exception
2021-09-21 01:23:08,723 [grpc-default-executor-3] WARN  server.GrpcLogAppender (GrpcLogAppender.java:resetClient(111)) - 9e8c78a1-f01d-42ca-a684-b6f934dd8d4f@group-D13672D1E602->57923224-7b87-4e71-9981-19f5694b9dee-GrpcLogAppender: Leader has not got in touch with Follower 9e8c78a1-f01d-42ca-a684-b6f934dd8d4f@group-D13672D1E602->57923224-7b87-4e71-9981-19f5694b9dee(c-1,m0,n3, attendVote=true, lastRpcSendTime=146, lastRpcResponseTime=5395) yet, just keep nextIndex unchanged and retry.
2021-09-21 01:23:10,138 [ForkJoinPool.commonPool-worker-0] INFO  ozoneimpl.OzoneContainer (OzoneContainer.java:stop(325)) - Attempting to stop container services.
2021-09-21 01:23:10,138 [ForkJoinPool.commonPool-worker-0] INFO  server.RaftServer (RaftServerProxy.java:lambda$close$6(391)) - aa364905-4a8e-4b76-ab26-d74d60c32cfc: close
2021-09-21 01:23:10,138 [ForkJoinPool.commonPool-worker-0] INFO  server.RaftServer$Division (RaftServerImpl.java:lambda$close$4(407)) - aa364905-4a8e-4b76-ab26-d74d60c32cfc@group-D13672D1E602: shutdown
2021-09-21 01:23:10,138 [ForkJoinPool.commonPool-worker-0] INFO  util.JmxRegister (JmxRegister.java:unregister(73)) - Successfully un-registered JMX Bean with object name Ratis:service=RaftServer,group=group-D13672D1E602,id=aa364905-4a8e-4b76-ab26-d74d60c32cfc
2021-09-21 01:23:10,138 [ForkJoinPool.commonPool-worker-0] INFO  impl.RoleInfo (RoleInfo.java:shutdownFollowerState(108)) - aa364905-4a8e-4b76-ab26-d74d60c32cfc: shutdown aa364905-4a8e-4b76-ab26-d74d60c32cfc@group-D13672D1E602-FollowerState
2021-09-21 01:23:10,139 [ForkJoinPool.commonPool-worker-0] INFO  impl.StateMachineUpdater (StateMachineUpdater.java:stopAndJoin(149)) - aa364905-4a8e-4b76-ab26-d74d60c32cfc@group-D13672D1E602-StateMachineUpdater: set stopIndex = 1
2021-09-21 01:23:10,139 [aa364905-4a8e-4b76-ab26-d74d60c32cfc@group-D13672D1E602-StateMachineUpdater] INFO  ratis.ContainerStateMachine (ContainerStateMachine.java:takeSnapshot(292)) - group-D13672D1E602: Taking a snapshot at:(t:4, i:1) file /home/runner/work/ozone/ozone/hadoop-ozone/integration-test/target/test-dir/MiniOzoneClusterImpl-7349e056-7b32-48d8-92e4-5182ee86217f/datanode-3/data/ratis/af064ed5-d2ee-4a20-89df-d13672d1e602/sm/snapshot.4_1
2021-09-21 01:23:10,139 [aa364905-4a8e-4b76-ab26-d74d60c32cfc@group-D13672D1E602-FollowerState] INFO  impl.FollowerState (FollowerState.java:run(143)) - aa364905-4a8e-4b76-ab26-d74d60c32cfc@group-D13672D1E602-FollowerState was interrupted: {}
java.lang.InterruptedException: sleep interrupted
	at java.lang.Thread.sleep(Native Method)
	at java.lang.Thread.sleep(Thread.java:340)
	at java.util.concurrent.TimeUnit.sleep(TimeUnit.java:386)
	at org.apache.ratis.util.TimeDuration.sleep(TimeDuration.java:324)
	at org.apache.ratis.util.TimeDuration.sleep(TimeDuration.java:309)
	at org.apache.ratis.server.impl.FollowerState.run(FollowerState.java:118)
2021-09-21 01:23:10,140 [aa364905-4a8e-4b76-ab26-d74d60c32cfc@group-D13672D1E602-StateMachineUpdater] INFO  ratis.ContainerStateMachine (ContainerStateMachine.java:takeSnapshot(303)) - group-D13672D1E602: Finished taking a snapshot at:(t:4, i:1) file:/home/runner/work/ozone/ozone/hadoop-ozone/integration-test/target/test-dir/MiniOzoneClusterImpl-7349e056-7b32-48d8-92e4-5182ee86217f/datanode-3/data/ratis/af064ed5-d2ee-4a20-89df-d13672d1e602/sm/snapshot.4_1 took: 2 ms
2021-09-21 01:23:10,141 [aa364905-4a8e-4b76-ab26-d74d60c32cfc@group-D13672D1E602-StateMachineUpdater] INFO  impl.StateMachineUpdater (StateMachineUpdater.java:takeSnapshot(281)) - aa364905-4a8e-4b76-ab26-d74d60c32cfc@group-D13672D1E602-StateMachineUpdater: Took a snapshot at index 1
2021-09-21 01:23:10,141 [aa364905-4a8e-4b76-ab26-d74d60c32cfc@group-D13672D1E602-StateMachineUpdater] INFO  impl.StateMachineUpdater (StateMachineUpdater.java:lambda$new$0(89)) - aa364905-4a8e-4b76-ab26-d74d60c32cfc@group-D13672D1E602-StateMachineUpdater: snapshotIndex: updateIncreasingly -1 -> 1
2021-09-21 01:23:10,141 [ForkJoinPool.commonPool-worker-0] INFO  server.RaftServer$Division (ServerState.java:close(419)) - aa364905-4a8e-4b76-ab26-d74d60c32cfc@group-D13672D1E602: closes. applyIndex: 1
2021-09-21 01:23:10,141 [aa364905-4a8e-4b76-ab26-d74d60c32cfc@group-D13672D1E602-SegmentedRaftLogWorker] INFO  segmented.SegmentedRaftLogWorker (SegmentedRaftLogWorker.java:run(327)) - aa364905-4a8e-4b76-ab26-d74d60c32cfc@group-D13672D1E602-SegmentedRaftLogWorker was interrupted, exiting. There are 0 tasks remaining in the queue.
2021-09-21 01:23:10,151 [ForkJoinPool.commonPool-worker-0] INFO  segmented.SegmentedRaftLogWorker (SegmentedRaftLogWorker.java:close(237)) - aa364905-4a8e-4b76-ab26-d74d60c32cfc@group-D13672D1E602-SegmentedRaftLogWorker close()
2021-09-21 01:23:10,152 [ForkJoinPool.commonPool-worker-0] INFO  server.RaftServer$Division (RaftServerImpl.java:lambda$close$4(407)) - aa364905-4a8e-4b76-ab26-d74d60c32cfc@group-8D21B40E27D6: shutdown
2021-09-21 01:23:10,152 [ForkJoinPool.commonPool-worker-0] INFO  util.JmxRegister (JmxRegister.java:unregister(73)) - Successfully un-registered JMX Bean with object name Ratis:service=RaftServer,group=group-8D21B40E27D6,id=aa364905-4a8e-4b76-ab26-d74d60c32cfc
2021-09-21 01:23:10,153 [ForkJoinPool.commonPool-worker-0] INFO  impl.RoleInfo (RoleInfo.java:shutdownLeaderState(91)) - aa364905-4a8e-4b76-ab26-d74d60c32cfc: shutdown aa364905-4a8e-4b76-ab26-d74d60c32cfc@group-8D21B40E27D6-LeaderStateImpl
2021-09-21 01:23:10,153 [ForkJoinPool.commonPool-worker-0] INFO  impl.PendingRequests (PendingRequests.java:sendNotLeaderResponses(282)) - aa364905-4a8e-4b76-ab26-d74d60c32cfc@group-8D21B40E27D6-PendingRequests: sendNotLeaderResponses
2021-09-21 01:23:10,153 [ForkJoinPool.commonPool-worker-0] INFO  impl.StateMachineUpdater (StateMachineUpdater.java:stopAndJoin(149)) - aa364905-4a8e-4b76-ab26-d74d60c32cfc@group-8D21B40E27D6-StateMachineUpdater: set stopIndex = 0
2021-09-21 01:23:10,153 [aa364905-4a8e-4b76-ab26-d74d60c32cfc@group-8D21B40E27D6-StateMachineUpdater] INFO  ratis.ContainerStateMachine (ContainerStateMachine.java:takeSnapshot(292)) - group-8D21B40E27D6: Taking a snapshot at:(t:1, i:0) file /home/runner/work/ozone/ozone/hadoop-ozone/integration-test/target/test-dir/MiniOzoneClusterImpl-7349e056-7b32-48d8-92e4-5182ee86217f/datanode-3/data/ratis/9e5407be-9e32-4655-863f-8d21b40e27d6/sm/snapshot.1_0
2021-09-21 01:23:10,155 [aa364905-4a8e-4b76-ab26-d74d60c32cfc@group-8D21B40E27D6-StateMachineUpdater] INFO  ratis.ContainerStateMachine (ContainerStateMachine.java:takeSnapshot(303)) - group-8D21B40E27D6: Finished taking a snapshot at:(t:1, i:0) file:/home/runner/work/ozone/ozone/hadoop-ozone/integration-test/target/test-dir/MiniOzoneClusterImpl-7349e056-7b32-48d8-92e4-5182ee86217f/datanode-3/data/ratis/9e5407be-9e32-4655-863f-8d21b40e27d6/sm/snapshot.1_0 took: 1 ms
2021-09-21 01:23:10,155 [aa364905-4a8e-4b76-ab26-d74d60c32cfc@group-8D21B40E27D6-StateMachineUpdater] INFO  impl.StateMachineUpdater (StateMachineUpdater.java:takeSnapshot(281)) - aa364905-4a8e-4b76-ab26-d74d60c32cfc@group-8D21B40E27D6-StateMachineUpdater: Took a snapshot at index 0
2021-09-21 01:23:10,155 [aa364905-4a8e-4b76-ab26-d74d60c32cfc@group-8D21B40E27D6-StateMachineUpdater] INFO  impl.StateMachineUpdater (StateMachineUpdater.java:lambda$new$0(89)) - aa364905-4a8e-4b76-ab26-d74d60c32cfc@group-8D21B40E27D6-StateMachineUpdater: snapshotIndex: updateIncreasingly -1 -> 0
2021-09-21 01:23:10,158 [ForkJoinPool.commonPool-worker-0] INFO  server.RaftServer$Division (ServerState.java:close(419)) - aa364905-4a8e-4b76-ab26-d74d60c32cfc@group-8D21B40E27D6: closes. applyIndex: 0
2021-09-21 01:23:10,167 [aa364905-4a8e-4b76-ab26-d74d60c32cfc@group-8D21B40E27D6-SegmentedRaftLogWorker] INFO  segmented.SegmentedRaftLogWorker (SegmentedRaftLogWorker.java:run(327)) - aa364905-4a8e-4b76-ab26-d74d60c32cfc@group-8D21B40E27D6-SegmentedRaftLogWorker was interrupted, exiting. There are 0 tasks remaining in the queue.
2021-09-21 01:23:10,184 [ForkJoinPool.commonPool-worker-0] INFO  segmented.SegmentedRaftLogWorker (SegmentedRaftLogWorker.java:close(237)) - aa364905-4a8e-4b76-ab26-d74d60c32cfc@group-8D21B40E27D6-SegmentedRaftLogWorker close()
2021-09-21 01:23:10,185 [ForkJoinPool.commonPool-worker-0] INFO  server.GrpcService (GrpcService.java:closeImpl(262)) - aa364905-4a8e-4b76-ab26-d74d60c32cfc: shutdown server with port 39239 now
2021-09-21 01:23:10,194 [Listener at 127.0.0.1/33583] INFO  ozoneimpl.OzoneContainer (OzoneContainer.java:stop(325)) - Attempting to stop container services.
2021-09-21 01:23:10,195 [Listener at 127.0.0.1/33583] INFO  server.RaftServer (RaftServerProxy.java:lambda$close$6(391)) - 9e8c78a1-f01d-42ca-a684-b6f934dd8d4f: close
2021-09-21 01:23:10,195 [Listener at 127.0.0.1/33583] INFO  server.RaftServer$Division (RaftServerImpl.java:lambda$close$4(407)) - 9e8c78a1-f01d-42ca-a684-b6f934dd8d4f@group-32826C81FE16: shutdown
2021-09-21 01:23:10,195 [Listener at 127.0.0.1/33583] INFO  util.JmxRegister (JmxRegister.java:unregister(73)) - Successfully un-registered JMX Bean with object name Ratis:service=RaftServer,group=group-32826C81FE16,id=9e8c78a1-f01d-42ca-a684-b6f934dd8d4f
2021-09-21 01:23:10,195 [Listener at 127.0.0.1/33583] INFO  impl.RoleInfo (RoleInfo.java:shutdownLeaderState(91)) - 9e8c78a1-f01d-42ca-a684-b6f934dd8d4f: shutdown 9e8c78a1-f01d-42ca-a684-b6f934dd8d4f@group-32826C81FE16-LeaderStateImpl
2021-09-21 01:23:10,195 [Listener at 127.0.0.1/33583] INFO  impl.PendingRequests (PendingRequests.java:sendNotLeaderResponses(282)) - 9e8c78a1-f01d-42ca-a684-b6f934dd8d4f@group-32826C81FE16-PendingRequests: sendNotLeaderResponses
2021-09-21 01:23:10,197 [grpc-default-executor-4] WARN  server.GrpcServerProtocolService (LogUtils.java:warn(122)) - aa364905-4a8e-4b76-ab26-d74d60c32cfc: installSnapshot onError, lastRequest: 9e8c78a1-f01d-42ca-a684-b6f934dd8d4f->aa364905-4a8e-4b76-ab26-d74d60c32cfc#2-t4,previous=(t:4, i:1),leaderCommit=1,initializing? true,entries: size=1, first=(t:4, i:2), METADATAENTRY(c:1): org.apache.ratis.thirdparty.io.grpc.StatusRuntimeException: CANCELLED: client cancelled
2021-09-21 01:23:10,197 [grpc-default-executor-1] WARN  server.GrpcLogAppender (LogUtils.java:warn(122)) - 9e8c78a1-f01d-42ca-a684-b6f934dd8d4f@group-D13672D1E602->aa364905-4a8e-4b76-ab26-d74d60c32cfc-AppendLogResponseHandler: Failed appendEntries: org.apache.ratis.thirdparty.io.grpc.StatusRuntimeException: CANCELLED: HTTP/2 error code: CANCEL
Received Rst Stream
2021-09-21 01:23:10,197 [grpc-default-executor-1] INFO  leader.FollowerInfo (FollowerInfoImpl.java:lambda$new$0(46)) - 9e8c78a1-f01d-42ca-a684-b6f934dd8d4f@group-D13672D1E602->aa364905-4a8e-4b76-ab26-d74d60c32cfc: nextIndex: updateUnconditionally 3 -> 2
2021-09-21 01:23:10,200 [grpc-default-executor-4] WARN  server.GrpcLogAppender (LogUtils.java:warn(122)) - 9e8c78a1-f01d-42ca-a684-b6f934dd8d4f@group-D13672D1E602->aa364905-4a8e-4b76-ab26-d74d60c32cfc-AppendLogResponseHandler: Failed appendEntries: org.apache.ratis.thirdparty.io.grpc.StatusRuntimeException: UNAVAILABLE: io exception
2021-09-21 01:23:10,200 [grpc-default-executor-4] INFO  leader.FollowerInfo (FollowerInfoImpl.java:lambda$new$0(46)) - 9e8c78a1-f01d-42ca-a684-b6f934dd8d4f@group-D13672D1E602->aa364905-4a8e-4b76-ab26-d74d60c32cfc: nextIndex: updateUnconditionally 3 -> 2
2021-09-21 01:23:10,204 [9e8c78a1-f01d-42ca-a684-b6f934dd8d4f@group-32826C81FE16-StateMachineUpdater] INFO  ratis.ContainerStateMachine (ContainerStateMachine.java:takeSnapshot(292)) - group-32826C81FE16: Taking a snapshot at:(t:1, i:0) file /home/runner/work/ozone/ozone/hadoop-ozone/integration-test/target/test-dir/MiniOzoneClusterImpl-7349e056-7b32-48d8-92e4-5182ee86217f/datanode-5/data/ratis/0d95875b-ec35-45bf-b7a0-32826c81fe16/sm/snapshot.1_0
2021-09-21 01:23:10,205 [Listener at 127.0.0.1/33583] INFO  impl.StateMachineUpdater (StateMachineUpdater.java:stopAndJoin(149)) - 9e8c78a1-f01d-42ca-a684-b6f934dd8d4f@group-32826C81FE16-StateMachineUpdater: set stopIndex = 0
2021-09-21 01:23:10,206 [9e8c78a1-f01d-42ca-a684-b6f934dd8d4f@group-32826C81FE16-StateMachineUpdater] INFO  ratis.ContainerStateMachine (ContainerStateMachine.java:takeSnapshot(303)) - group-32826C81FE16: Finished taking a snapshot at:(t:1, i:0) file:/home/runner/work/ozone/ozone/hadoop-ozone/integration-test/target/test-dir/MiniOzoneClusterImpl-7349e056-7b32-48d8-92e4-5182ee86217f/datanode-5/data/ratis/0d95875b-ec35-45bf-b7a0-32826c81fe16/sm/snapshot.1_0 took: 1 ms
2021-09-21 01:23:10,206 [9e8c78a1-f01d-42ca-a684-b6f934dd8d4f@group-32826C81FE16-StateMachineUpdater] INFO  impl.StateMachineUpdater (StateMachineUpdater.java:takeSnapshot(281)) - 9e8c78a1-f01d-42ca-a684-b6f934dd8d4f@group-32826C81FE16-StateMachineUpdater: Took a snapshot at index 0
2021-09-21 01:23:10,206 [9e8c78a1-f01d-42ca-a684-b6f934dd8d4f@group-32826C81FE16-StateMachineUpdater] INFO  impl.StateMachineUpdater (StateMachineUpdater.java:lambda$new$0(89)) - 9e8c78a1-f01d-42ca-a684-b6f934dd8d4f@group-32826C81FE16-StateMachineUpdater: snapshotIndex: updateIncreasingly -1 -> 0
2021-09-21 01:23:10,210 [Listener at 127.0.0.1/33583] INFO  server.RaftServer$Division (ServerState.java:close(419)) - 9e8c78a1-f01d-42ca-a684-b6f934dd8d4f@group-32826C81FE16: closes. applyIndex: 0
2021-09-21 01:23:10,211 [9e8c78a1-f01d-42ca-a684-b6f934dd8d4f@group-32826C81FE16-SegmentedRaftLogWorker] INFO  segmented.SegmentedRaftLogWorker (SegmentedRaftLogWorker.java:run(327)) - 9e8c78a1-f01d-42ca-a684-b6f934dd8d4f@group-32826C81FE16-SegmentedRaftLogWorker was interrupted, exiting. There are 0 tasks remaining in the queue.
2021-09-21 01:23:10,225 [Listener at 127.0.0.1/33583] INFO  segmented.SegmentedRaftLogWorker (SegmentedRaftLogWorker.java:close(237)) - 9e8c78a1-f01d-42ca-a684-b6f934dd8d4f@group-32826C81FE16-SegmentedRaftLogWorker close()
2021-09-21 01:23:10,227 [Listener at 127.0.0.1/33583] INFO  server.RaftServer$Division (RaftServerImpl.java:lambda$close$4(407)) - 9e8c78a1-f01d-42ca-a684-b6f934dd8d4f@group-D13672D1E602: shutdown
2021-09-21 01:23:10,227 [Listener at 127.0.0.1/33583] INFO  util.JmxRegister (JmxRegister.java:unregister(73)) - Successfully un-registered JMX Bean with object name Ratis:service=RaftServer,group=group-D13672D1E602,id=9e8c78a1-f01d-42ca-a684-b6f934dd8d4f
2021-09-21 01:23:10,227 [Listener at 127.0.0.1/33583] INFO  impl.RoleInfo (RoleInfo.java:shutdownLeaderState(91)) - 9e8c78a1-f01d-42ca-a684-b6f934dd8d4f: shutdown 9e8c78a1-f01d-42ca-a684-b6f934dd8d4f@group-D13672D1E602-LeaderStateImpl
2021-09-21 01:23:10,227 [9e8c78a1-f01d-42ca-a684-b6f934dd8d4f@group-D13672D1E602->aa364905-4a8e-4b76-ab26-d74d60c32cfc-GrpcLogAppender-LogAppenderDaemon] WARN  server.GrpcLogAppender (GrpcLogAppender.java:mayWait(175)) - 9e8c78a1-f01d-42ca-a684-b6f934dd8d4f@group-D13672D1E602->aa364905-4a8e-4b76-ab26-d74d60c32cfc-GrpcLogAppender: Wait interrupted by java.lang.InterruptedException
2021-09-21 01:23:10,227 [ForkJoinPool.commonPool-worker-0] INFO  server.GrpcService (GrpcService.java:closeImpl(271)) - aa364905-4a8e-4b76-ab26-d74d60c32cfc: shutdown server with port 39239 successfully
2021-09-21 01:23:10,227 [org.apache.ratis.util.JvmPauseMonitor$$Lambda$531/116790936@e4f7ce7] INFO  util.JvmPauseMonitor (JvmPauseMonitor.java:run(109)) - JvmPauseMonitor-aa364905-4a8e-4b76-ab26-d74d60c32cfc: Stopped
2021-09-21 01:23:10,227 [Listener at 127.0.0.1/33583] INFO  impl.PendingRequests (PendingRequests.java:sendNotLeaderResponses(282)) - 9e8c78a1-f01d-42ca-a684-b6f934dd8d4f@group-D13672D1E602-PendingRequests: sendNotLeaderResponses
2021-09-21 01:23:10,247 [Listener at 127.0.0.1/33583] INFO  impl.StateMachineUpdater (StateMachineUpdater.java:stopAndJoin(149)) - 9e8c78a1-f01d-42ca-a684-b6f934dd8d4f@group-D13672D1E602-StateMachineUpdater: set stopIndex = 2
2021-09-21 01:23:10,248 [9e8c78a1-f01d-42ca-a684-b6f934dd8d4f@group-D13672D1E602-StateMachineUpdater] INFO  ratis.ContainerStateMachine (ContainerStateMachine.java:takeSnapshot(292)) - group-D13672D1E602: Taking a snapshot at:(t:4, i:2) file /home/runner/work/ozone/ozone/hadoop-ozone/integration-test/target/test-dir/MiniOzoneClusterImpl-7349e056-7b32-48d8-92e4-5182ee86217f/datanode-5/data/ratis/af064ed5-d2ee-4a20-89df-d13672d1e602/sm/snapshot.4_2
2021-09-21 01:23:10,249 [9e8c78a1-f01d-42ca-a684-b6f934dd8d4f@group-D13672D1E602-StateMachineUpdater] INFO  ratis.ContainerStateMachine (ContainerStateMachine.java:takeSnapshot(303)) - group-D13672D1E602: Finished taking a snapshot at:(t:4, i:2) file:/home/runner/work/ozone/ozone/hadoop-ozone/integration-test/target/test-dir/MiniOzoneClusterImpl-7349e056-7b32-48d8-92e4-5182ee86217f/datanode-5/data/ratis/af064ed5-d2ee-4a20-89df-d13672d1e602/sm/snapshot.4_2 took: 1 ms
2021-09-21 01:23:10,249 [9e8c78a1-f01d-42ca-a684-b6f934dd8d4f@group-D13672D1E602-StateMachineUpdater] INFO  impl.StateMachineUpdater (StateMachineUpdater.java:takeSnapshot(281)) - 9e8c78a1-f01d-42ca-a684-b6f934dd8d4f@group-D13672D1E602-StateMachineUpdater: Took a snapshot at index 2
2021-09-21 01:23:10,249 [9e8c78a1-f01d-42ca-a684-b6f934dd8d4f@group-D13672D1E602-StateMachineUpdater] INFO  impl.StateMachineUpdater (StateMachineUpdater.java:lambda$new$0(89)) - 9e8c78a1-f01d-42ca-a684-b6f934dd8d4f@group-D13672D1E602-StateMachineUpdater: snapshotIndex: updateIncreasingly -1 -> 2
2021-09-21 01:23:10,249 [Listener at 127.0.0.1/33583] INFO  server.RaftServer$Division (ServerState.java:close(419)) - 9e8c78a1-f01d-42ca-a684-b6f934dd8d4f@group-D13672D1E602: closes. applyIndex: 2
2021-09-21 01:23:10,250 [9e8c78a1-f01d-42ca-a684-b6f934dd8d4f@group-D13672D1E602-SegmentedRaftLogWorker] INFO  segmented.SegmentedRaftLogWorker (SegmentedRaftLogWorker.java:run(327)) - 9e8c78a1-f01d-42ca-a684-b6f934dd8d4f@group-D13672D1E602-SegmentedRaftLogWorker was interrupted, exiting. There are 0 tasks remaining in the queue.
2021-09-21 01:23:10,250 [Listener at 127.0.0.1/33583] INFO  segmented.SegmentedRaftLogWorker (SegmentedRaftLogWorker.java:close(237)) - 9e8c78a1-f01d-42ca-a684-b6f934dd8d4f@group-D13672D1E602-SegmentedRaftLogWorker close()
2021-09-21 01:23:10,255 [Listener at 127.0.0.1/33583] INFO  server.GrpcService (GrpcService.java:closeImpl(262)) - 9e8c78a1-f01d-42ca-a684-b6f934dd8d4f: shutdown server with port 39721 now
2021-09-21 01:23:10,298 [ForkJoinPool.commonPool-worker-0] INFO  utils.BackgroundService (BackgroundService.java:shutdown(132)) - Shutting down service BlockDeletingService
2021-09-21 01:23:10,299 [Listener at 127.0.0.1/33583] INFO  server.GrpcService (GrpcService.java:closeImpl(271)) - 9e8c78a1-f01d-42ca-a684-b6f934dd8d4f: shutdown server with port 39721 successfully
2021-09-21 01:23:10,308 [org.apache.ratis.util.JvmPauseMonitor$$Lambda$531/116790936@3fa0f6f9] INFO  util.JvmPauseMonitor (JvmPauseMonitor.java:run(109)) - JvmPauseMonitor-9e8c78a1-f01d-42ca-a684-b6f934dd8d4f: Stopped
2021-09-21 01:23:10,309 [Listener at 127.0.0.1/33583] INFO  utils.BackgroundService (BackgroundService.java:shutdown(132)) - Shutting down service BlockDeletingService
2021-09-21 01:23:10,459 [ad039a86-d7f3-42ea-bec3-b4149bcaa887@group-C274E472E363-FollowerState] INFO  impl.FollowerState (FollowerState.java:run(134)) - ad039a86-d7f3-42ea-bec3-b4149bcaa887@group-C274E472E363-FollowerState: change to CANDIDATE, lastRpcElapsedTime:5149376485ns, electionTimeout:5124ms
2021-09-21 01:23:10,459 [ad039a86-d7f3-42ea-bec3-b4149bcaa887@group-C274E472E363-FollowerState] INFO  impl.RoleInfo (RoleInfo.java:shutdownFollowerState(108)) - ad039a86-d7f3-42ea-bec3-b4149bcaa887: shutdown ad039a86-d7f3-42ea-bec3-b4149bcaa887@group-C274E472E363-FollowerState
2021-09-21 01:23:10,459 [ad039a86-d7f3-42ea-bec3-b4149bcaa887@group-C274E472E363-FollowerState] INFO  server.RaftServer$Division (RaftServerImpl.java:setRole(285)) - ad039a86-d7f3-42ea-bec3-b4149bcaa887@group-C274E472E363: changes role from  FOLLOWER to CANDIDATE at term 7 for changeToCandidate
2021-09-21 01:23:10,459 [ad039a86-d7f3-42ea-bec3-b4149bcaa887@group-C274E472E363-FollowerState] INFO  server.RaftServerConfigKeys (ConfUtils.java:logGet(44)) - raft.server.leaderelection.pre-vote = false (custom)
2021-09-21 01:23:10,459 [ad039a86-d7f3-42ea-bec3-b4149bcaa887@group-C274E472E363-FollowerState] INFO  impl.RoleInfo (RoleInfo.java:updateAndGet(130)) - ad039a86-d7f3-42ea-bec3-b4149bcaa887: start ad039a86-d7f3-42ea-bec3-b4149bcaa887@group-C274E472E363-LeaderElection55
2021-09-21 01:23:10,488 [77eebb93-8ed1-4443-8476-48726f7e27c1@group-C274E472E363-FollowerState] INFO  impl.FollowerState (FollowerState.java:run(134)) - 77eebb93-8ed1-4443-8476-48726f7e27c1@group-C274E472E363-FollowerState: change to CANDIDATE, lastRpcElapsedTime:5190108460ns, electionTimeout:5180ms
2021-09-21 01:23:10,488 [77eebb93-8ed1-4443-8476-48726f7e27c1@group-C274E472E363-FollowerState] INFO  impl.RoleInfo (RoleInfo.java:shutdownFollowerState(108)) - 77eebb93-8ed1-4443-8476-48726f7e27c1: shutdown 77eebb93-8ed1-4443-8476-48726f7e27c1@group-C274E472E363-FollowerState
2021-09-21 01:23:10,488 [77eebb93-8ed1-4443-8476-48726f7e27c1@group-C274E472E363-FollowerState] INFO  server.RaftServer$Division (RaftServerImpl.java:setRole(285)) - 77eebb93-8ed1-4443-8476-48726f7e27c1@group-C274E472E363: changes role from  FOLLOWER to CANDIDATE at term 7 for changeToCandidate
2021-09-21 01:23:10,489 [77eebb93-8ed1-4443-8476-48726f7e27c1@group-C274E472E363-FollowerState] INFO  server.RaftServerConfigKeys (ConfUtils.java:logGet(44)) - raft.server.leaderelection.pre-vote = false (custom)
2021-09-21 01:23:10,489 [77eebb93-8ed1-4443-8476-48726f7e27c1@group-C274E472E363-FollowerState] INFO  impl.RoleInfo (RoleInfo.java:updateAndGet(130)) - 77eebb93-8ed1-4443-8476-48726f7e27c1: start 77eebb93-8ed1-4443-8476-48726f7e27c1@group-C274E472E363-LeaderElection56
2021-09-21 01:23:10,494 [ad039a86-d7f3-42ea-bec3-b4149bcaa887@group-C274E472E363-LeaderElection55] INFO  impl.LeaderElection (LeaderElection.java:askForVotes(306)) - ad039a86-d7f3-42ea-bec3-b4149bcaa887@group-C274E472E363-LeaderElection55 ELECTION round 0: submit vote requests at term 8 for -1: [77eebb93-8ed1-4443-8476-48726f7e27c1|rpc:10.1.0.51:40681|dataStream:|priority:1, 7102e10f-7baf-40d1-a733-c49484cac6b4|rpc:10.1.0.51:44475|dataStream:|priority:0, ad039a86-d7f3-42ea-bec3-b4149bcaa887|rpc:10.1.0.51:35567|dataStream:|priority:0], old=null
2021-09-21 01:23:10,495 [77eebb93-8ed1-4443-8476-48726f7e27c1@group-C274E472E363-LeaderElection56] INFO  impl.LeaderElection (LeaderElection.java:askForVotes(306)) - 77eebb93-8ed1-4443-8476-48726f7e27c1@group-C274E472E363-LeaderElection56 ELECTION round 0: submit vote requests at term 8 for 0: [77eebb93-8ed1-4443-8476-48726f7e27c1|rpc:10.1.0.51:40681|dataStream:|priority:1, 7102e10f-7baf-40d1-a733-c49484cac6b4|rpc:10.1.0.51:44475|dataStream:|priority:0, ad039a86-d7f3-42ea-bec3-b4149bcaa887|rpc:10.1.0.51:35567|dataStream:|priority:0], old=null
2021-09-21 01:23:10,515 [grpc-default-executor-4] INFO  server.RaftServer$Division (RaftServerImpl.java:requestVote(1043)) - 77eebb93-8ed1-4443-8476-48726f7e27c1@group-C274E472E363: receive requestVote(ELECTION, ad039a86-d7f3-42ea-bec3-b4149bcaa887, group-C274E472E363, 8, (t:0, i:0))
2021-09-21 01:23:10,515 [grpc-default-executor-4] INFO  impl.VoteContext (VoteContext.java:log(48)) - 77eebb93-8ed1-4443-8476-48726f7e27c1@group-C274E472E363-CANDIDATE: reject ELECTION from ad039a86-d7f3-42ea-bec3-b4149bcaa887: already has voted for 77eebb93-8ed1-4443-8476-48726f7e27c1 at current term 8
2021-09-21 01:23:10,515 [grpc-default-executor-4] INFO  server.RaftServer$Division (RaftServerImpl.java:requestVote(1075)) - 77eebb93-8ed1-4443-8476-48726f7e27c1@group-C274E472E363 replies to ELECTION vote request: ad039a86-d7f3-42ea-bec3-b4149bcaa887<-77eebb93-8ed1-4443-8476-48726f7e27c1#0:FAIL-t8. Peer's state: 77eebb93-8ed1-4443-8476-48726f7e27c1@group-C274E472E363:t8, leader=null, voted=77eebb93-8ed1-4443-8476-48726f7e27c1, raftlog=77eebb93-8ed1-4443-8476-48726f7e27c1@group-C274E472E363-SegmentedRaftLog:OPENED:c0,f0,i0, conf=0: [77eebb93-8ed1-4443-8476-48726f7e27c1|rpc:10.1.0.51:40681|dataStream:|priority:1, 7102e10f-7baf-40d1-a733-c49484cac6b4|rpc:10.1.0.51:44475|dataStream:|priority:0, ad039a86-d7f3-42ea-bec3-b4149bcaa887|rpc:10.1.0.51:35567|dataStream:|priority:0], old=null
2021-09-21 01:23:10,516 [ad039a86-d7f3-42ea-bec3-b4149bcaa887@group-C274E472E363-LeaderElection55] INFO  impl.LeaderElection (LeaderElection.java:logAndReturn(89)) - ad039a86-d7f3-42ea-bec3-b4149bcaa887@group-C274E472E363-LeaderElection55: ELECTION REJECTED received 1 response(s) and 0 exception(s):
2021-09-21 01:23:10,516 [ad039a86-d7f3-42ea-bec3-b4149bcaa887@group-C274E472E363-LeaderElection55] INFO  impl.LeaderElection (LeaderElection.java:logAndReturn(93)) -   Response 0: ad039a86-d7f3-42ea-bec3-b4149bcaa887<-77eebb93-8ed1-4443-8476-48726f7e27c1#0:FAIL-t8
2021-09-21 01:23:10,516 [ad039a86-d7f3-42ea-bec3-b4149bcaa887@group-C274E472E363-LeaderElection55] INFO  impl.LeaderElection (LeaderElection.java:askForVotes(308)) - ad039a86-d7f3-42ea-bec3-b4149bcaa887@group-C274E472E363-LeaderElection55 ELECTION round 0: result REJECTED
2021-09-21 01:23:10,517 [ad039a86-d7f3-42ea-bec3-b4149bcaa887@group-C274E472E363-LeaderElection55] INFO  server.RaftServer$Division (RaftServerImpl.java:setRole(285)) - ad039a86-d7f3-42ea-bec3-b4149bcaa887@group-C274E472E363: changes role from CANDIDATE to FOLLOWER at term 8 for REJECTED
2021-09-21 01:23:10,517 [ad039a86-d7f3-42ea-bec3-b4149bcaa887@group-C274E472E363-LeaderElection55] INFO  impl.RoleInfo (RoleInfo.java:shutdownLeaderElection(121)) - ad039a86-d7f3-42ea-bec3-b4149bcaa887: shutdown ad039a86-d7f3-42ea-bec3-b4149bcaa887@group-C274E472E363-LeaderElection55
2021-09-21 01:23:10,534 [7102e10f-7baf-40d1-a733-c49484cac6b4@group-C274E472E363-FollowerState] INFO  impl.FollowerState (FollowerState.java:run(134)) - 7102e10f-7baf-40d1-a733-c49484cac6b4@group-C274E472E363-FollowerState: change to CANDIDATE, lastRpcElapsedTime:5196720272ns, electionTimeout:5188ms
2021-09-21 01:23:10,535 [7102e10f-7baf-40d1-a733-c49484cac6b4@group-C274E472E363-FollowerState] INFO  impl.RoleInfo (RoleInfo.java:shutdownFollowerState(108)) - 7102e10f-7baf-40d1-a733-c49484cac6b4: shutdown 7102e10f-7baf-40d1-a733-c49484cac6b4@group-C274E472E363-FollowerState
2021-09-21 01:23:10,535 [7102e10f-7baf-40d1-a733-c49484cac6b4@group-C274E472E363-FollowerState] INFO  server.RaftServer$Division (RaftServerImpl.java:setRole(285)) - 7102e10f-7baf-40d1-a733-c49484cac6b4@group-C274E472E363: changes role from  FOLLOWER to CANDIDATE at term 7 for changeToCandidate
2021-09-21 01:23:10,546 [grpc-default-executor-4] INFO  server.RaftServer$Division (RaftServerImpl.java:requestVote(1043)) - 7102e10f-7baf-40d1-a733-c49484cac6b4@group-C274E472E363: receive requestVote(ELECTION, 77eebb93-8ed1-4443-8476-48726f7e27c1, group-C274E472E363, 8, (t:2, i:0))
2021-09-21 01:23:10,547 [grpc-default-executor-1] INFO  server.RaftServer$Division (RaftServerImpl.java:requestVote(1043)) - 7102e10f-7baf-40d1-a733-c49484cac6b4@group-C274E472E363: receive requestVote(ELECTION, ad039a86-d7f3-42ea-bec3-b4149bcaa887, group-C274E472E363, 8, (t:0, i:0))
2021-09-21 01:23:10,568 [ad039a86-d7f3-42ea-bec3-b4149bcaa887@group-C274E472E363-LeaderElection55] INFO  impl.RoleInfo (RoleInfo.java:updateAndGet(130)) - ad039a86-d7f3-42ea-bec3-b4149bcaa887: start ad039a86-d7f3-42ea-bec3-b4149bcaa887@group-C274E472E363-FollowerState
2021-09-21 01:23:10,569 [grpc-default-executor-3] INFO  server.RaftServer$Division (RaftServerImpl.java:requestVote(1043)) - ad039a86-d7f3-42ea-bec3-b4149bcaa887@group-C274E472E363: receive requestVote(ELECTION, 77eebb93-8ed1-4443-8476-48726f7e27c1, group-C274E472E363, 8, (t:2, i:0))
2021-09-21 01:23:10,570 [grpc-default-executor-3] INFO  impl.VoteContext (VoteContext.java:log(48)) - ad039a86-d7f3-42ea-bec3-b4149bcaa887@group-C274E472E363-FOLLOWER: reject ELECTION from 77eebb93-8ed1-4443-8476-48726f7e27c1: already has voted for ad039a86-d7f3-42ea-bec3-b4149bcaa887 at current term 8
2021-09-21 01:23:10,570 [grpc-default-executor-3] INFO  server.RaftServer$Division (RaftServerImpl.java:requestVote(1075)) - ad039a86-d7f3-42ea-bec3-b4149bcaa887@group-C274E472E363 replies to ELECTION vote request: 77eebb93-8ed1-4443-8476-48726f7e27c1<-ad039a86-d7f3-42ea-bec3-b4149bcaa887#0:FAIL-t8. Peer's state: ad039a86-d7f3-42ea-bec3-b4149bcaa887@group-C274E472E363:t8, leader=null, voted=ad039a86-d7f3-42ea-bec3-b4149bcaa887, raftlog=ad039a86-d7f3-42ea-bec3-b4149bcaa887@group-C274E472E363-SegmentedRaftLog:OPENED:c-1,f-1,i0, conf=-1: [77eebb93-8ed1-4443-8476-48726f7e27c1|rpc:10.1.0.51:40681|dataStream:|priority:1, 7102e10f-7baf-40d1-a733-c49484cac6b4|rpc:10.1.0.51:44475|dataStream:|priority:0, ad039a86-d7f3-42ea-bec3-b4149bcaa887|rpc:10.1.0.51:35567|dataStream:|priority:0], old=null
2021-09-21 01:23:10,570 [7102e10f-7baf-40d1-a733-c49484cac6b4@group-C274E472E363-FollowerState] INFO  server.RaftServerConfigKeys (ConfUtils.java:logGet(44)) - raft.server.leaderelection.pre-vote = false (custom)
2021-09-21 01:23:10,570 [7102e10f-7baf-40d1-a733-c49484cac6b4@group-C274E472E363-FollowerState] INFO  impl.RoleInfo (RoleInfo.java:updateAndGet(130)) - 7102e10f-7baf-40d1-a733-c49484cac6b4: start 7102e10f-7baf-40d1-a733-c49484cac6b4@group-C274E472E363-LeaderElection57
2021-09-21 01:23:10,573 [grpc-default-executor-1] INFO  impl.VoteContext (VoteContext.java:log(48)) - 7102e10f-7baf-40d1-a733-c49484cac6b4@group-C274E472E363-CANDIDATE: accept ELECTION from ad039a86-d7f3-42ea-bec3-b4149bcaa887: our priority 0 <= candidate's priority 0
2021-09-21 01:23:10,573 [grpc-default-executor-1] INFO  server.RaftServer$Division (RaftServerImpl.java:setRole(285)) - 7102e10f-7baf-40d1-a733-c49484cac6b4@group-C274E472E363: changes role from CANDIDATE to FOLLOWER at term 8 for candidate:ad039a86-d7f3-42ea-bec3-b4149bcaa887
2021-09-21 01:23:10,573 [grpc-default-executor-1] INFO  impl.RoleInfo (RoleInfo.java:shutdownLeaderElection(121)) - 7102e10f-7baf-40d1-a733-c49484cac6b4: shutdown 7102e10f-7baf-40d1-a733-c49484cac6b4@group-C274E472E363-LeaderElection57
2021-09-21 01:23:10,573 [grpc-default-executor-1] INFO  impl.RoleInfo (RoleInfo.java:updateAndGet(130)) - 7102e10f-7baf-40d1-a733-c49484cac6b4: start 7102e10f-7baf-40d1-a733-c49484cac6b4@group-C274E472E363-FollowerState
2021-09-21 01:23:10,573 [7102e10f-7baf-40d1-a733-c49484cac6b4@group-C274E472E363-LeaderElection57] INFO  impl.LeaderElection (LeaderElection.java:run(230)) - 7102e10f-7baf-40d1-a733-c49484cac6b4@group-C274E472E363-LeaderElection57: skip running since this is already CLOSING
2021-09-21 01:23:10,581 [grpc-default-executor-1] INFO  server.RaftServer$Division (RaftServerImpl.java:requestVote(1075)) - 7102e10f-7baf-40d1-a733-c49484cac6b4@group-C274E472E363 replies to ELECTION vote request: ad039a86-d7f3-42ea-bec3-b4149bcaa887<-7102e10f-7baf-40d1-a733-c49484cac6b4#0:OK-t8. Peer's state: 7102e10f-7baf-40d1-a733-c49484cac6b4@group-C274E472E363:t8, leader=null, voted=ad039a86-d7f3-42ea-bec3-b4149bcaa887, raftlog=7102e10f-7baf-40d1-a733-c49484cac6b4@group-C274E472E363-SegmentedRaftLog:OPENED:c-1,f-1,i0, conf=-1: [77eebb93-8ed1-4443-8476-48726f7e27c1|rpc:10.1.0.51:40681|priority:1, 7102e10f-7baf-40d1-a733-c49484cac6b4|rpc:10.1.0.51:44475|priority:0, ad039a86-d7f3-42ea-bec3-b4149bcaa887|rpc:10.1.0.51:35567|priority:0], old=null
2021-09-21 01:23:10,581 [grpc-default-executor-4] INFO  impl.VoteContext (VoteContext.java:log(48)) - 7102e10f-7baf-40d1-a733-c49484cac6b4@group-C274E472E363-FOLLOWER: reject ELECTION from 77eebb93-8ed1-4443-8476-48726f7e27c1: already has voted for ad039a86-d7f3-42ea-bec3-b4149bcaa887 at current term 8
2021-09-21 01:23:10,581 [grpc-default-executor-4] INFO  server.RaftServer$Division (RaftServerImpl.java:requestVote(1075)) - 7102e10f-7baf-40d1-a733-c49484cac6b4@group-C274E472E363 replies to ELECTION vote request: 77eebb93-8ed1-4443-8476-48726f7e27c1<-7102e10f-7baf-40d1-a733-c49484cac6b4#0:FAIL-t8. Peer's state: 7102e10f-7baf-40d1-a733-c49484cac6b4@group-C274E472E363:t8, leader=null, voted=ad039a86-d7f3-42ea-bec3-b4149bcaa887, raftlog=7102e10f-7baf-40d1-a733-c49484cac6b4@group-C274E472E363-SegmentedRaftLog:OPENED:c-1,f-1,i0, conf=-1: [77eebb93-8ed1-4443-8476-48726f7e27c1|rpc:10.1.0.51:40681|priority:1, 7102e10f-7baf-40d1-a733-c49484cac6b4|rpc:10.1.0.51:44475|priority:0, ad039a86-d7f3-42ea-bec3-b4149bcaa887|rpc:10.1.0.51:35567|priority:0], old=null
2021-09-21 01:23:10,582 [77eebb93-8ed1-4443-8476-48726f7e27c1@group-C274E472E363-LeaderElection56] INFO  impl.LeaderElection (LeaderElection.java:logAndReturn(89)) - 77eebb93-8ed1-4443-8476-48726f7e27c1@group-C274E472E363-LeaderElection56: ELECTION REJECTED received 2 response(s) and 0 exception(s):
2021-09-21 01:23:10,582 [77eebb93-8ed1-4443-8476-48726f7e27c1@group-C274E472E363-LeaderElection56] INFO  impl.LeaderElection (LeaderElection.java:logAndReturn(93)) -   Response 0: 77eebb93-8ed1-4443-8476-48726f7e27c1<-ad039a86-d7f3-42ea-bec3-b4149bcaa887#0:FAIL-t8
2021-09-21 01:23:10,582 [77eebb93-8ed1-4443-8476-48726f7e27c1@group-C274E472E363-LeaderElection56] INFO  impl.LeaderElection (LeaderElection.java:logAndReturn(93)) -   Response 1: 77eebb93-8ed1-4443-8476-48726f7e27c1<-7102e10f-7baf-40d1-a733-c49484cac6b4#0:FAIL-t8
2021-09-21 01:23:10,582 [77eebb93-8ed1-4443-8476-48726f7e27c1@group-C274E472E363-LeaderElection56] INFO  impl.LeaderElection (LeaderElection.java:askForVotes(308)) - 77eebb93-8ed1-4443-8476-48726f7e27c1@group-C274E472E363-LeaderElection56 ELECTION round 0: result REJECTED
2021-09-21 01:23:10,582 [77eebb93-8ed1-4443-8476-48726f7e27c1@group-C274E472E363-LeaderElection56] INFO  server.RaftServer$Division (RaftServerImpl.java:setRole(285)) - 77eebb93-8ed1-4443-8476-48726f7e27c1@group-C274E472E363: changes role from CANDIDATE to FOLLOWER at term 8 for REJECTED
2021-09-21 01:23:10,582 [77eebb93-8ed1-4443-8476-48726f7e27c1@group-C274E472E363-LeaderElection56] INFO  impl.RoleInfo (RoleInfo.java:shutdownLeaderElection(121)) - 77eebb93-8ed1-4443-8476-48726f7e27c1: shutdown 77eebb93-8ed1-4443-8476-48726f7e27c1@group-C274E472E363-LeaderElection56
2021-09-21 01:23:10,582 [77eebb93-8ed1-4443-8476-48726f7e27c1@group-C274E472E363-LeaderElection56] INFO  impl.RoleInfo (RoleInfo.java:updateAndGet(130)) - 77eebb93-8ed1-4443-8476-48726f7e27c1: start 77eebb93-8ed1-4443-8476-48726f7e27c1@group-C274E472E363-FollowerState
2021-09-21 01:23:11,150 [grpc-default-executor-1] WARN  server.GrpcLogAppender (LogUtils.java:warn(122)) - c886e095-44b5-4a75-a59b-9e8bd319d099@group-7739A0DA65BB->be30f2b5-d5fc-49a0-9235-d4dd7ecd33b9-AppendLogResponseHandler: Failed appendEntries: org.apache.ratis.thirdparty.io.grpc.StatusRuntimeException: UNAVAILABLE: io exception
2021-09-21 01:23:11,151 [grpc-default-executor-1] WARN  server.GrpcLogAppender (GrpcLogAppender.java:resetClient(111)) - c886e095-44b5-4a75-a59b-9e8bd319d099@group-7739A0DA65BB->be30f2b5-d5fc-49a0-9235-d4dd7ecd33b9-GrpcLogAppender: Leader has not got in touch with Follower c886e095-44b5-4a75-a59b-9e8bd319d099@group-7739A0DA65BB->be30f2b5-d5fc-49a0-9235-d4dd7ecd33b9(c0,m0,n1, attendVote=true, lastRpcSendTime=2506, lastRpcResponseTime=10030) yet, just keep nextIndex unchanged and retry.
2021-09-21 01:23:13,349 [ForkJoinPool.commonPool-worker-0] INFO  statemachine.DatanodeStateMachine (DatanodeStateMachine.java:stopDaemon(515)) - Ozone container server stopped.
2021-09-21 01:23:13,352 [ForkJoinPool.commonPool-worker-0] INFO  handler.ContextHandler (ContextHandler.java:doStop(1153)) - Stopped o.e.j.w.WebAppContext@6d6d3814{hddsDatanode,/,null,STOPPED}{jar:file:/home/runner/.m2/repository/org/apache/ozone/hdds-container-service/1.2.0-SNAPSHOT/hdds-container-service-1.2.0-SNAPSHOT.jar!/webapps/hddsDatanode}
2021-09-21 01:23:13,355 [ForkJoinPool.commonPool-worker-0] INFO  server.AbstractConnector (AbstractConnector.java:doStop(381)) - Stopped ServerConnector@1ba6d195{HTTP/1.1, (http/1.1)}{0.0.0.0:0}
2021-09-21 01:23:13,356 [ForkJoinPool.commonPool-worker-0] INFO  server.session (HouseKeeper.java:stopScavenging(149)) - node0 Stopped scavenging
2021-09-21 01:23:13,357 [ForkJoinPool.commonPool-worker-0] INFO  handler.ContextHandler (ContextHandler.java:doStop(1153)) - Stopped o.e.j.s.ServletContextHandler@58c74364{static,/static,jar:file:/home/runner/.m2/repository/org/apache/ozone/hdds-container-service/1.2.0-SNAPSHOT/hdds-container-service-1.2.0-SNAPSHOT.jar!/webapps/static,STOPPED}
2021-09-21 01:23:13,357 [ForkJoinPool.commonPool-worker-0] INFO  handler.ContextHandler (ContextHandler.java:doStop(1153)) - Stopped o.e.j.s.ServletContextHandler@57397a1c{logs,/logs,file:///home/runner/work/ozone/ozone/hadoop-ozone/integration-test/target/log,STOPPED}
2021-09-21 01:23:13,365 [Listener at 127.0.0.1/33583] INFO  statemachine.DatanodeStateMachine (DatanodeStateMachine.java:stopDaemon(515)) - Ozone container server stopped.
2021-09-21 01:23:13,365 [Listener at 127.0.0.1/33583] INFO  handler.ContextHandler (ContextHandler.java:doStop(1153)) - Stopped o.e.j.w.WebAppContext@7c550d44{hddsDatanode,/,null,STOPPED}{jar:file:/home/runner/.m2/repository/org/apache/ozone/hdds-container-service/1.2.0-SNAPSHOT/hdds-container-service-1.2.0-SNAPSHOT.jar!/webapps/hddsDatanode}
2021-09-21 01:23:13,372 [Listener at 127.0.0.1/33583] INFO  server.AbstractConnector (AbstractConnector.java:doStop(381)) - Stopped ServerConnector@72ed757b{HTTP/1.1, (http/1.1)}{0.0.0.0:0}
2021-09-21 01:23:13,372 [Listener at 127.0.0.1/33583] INFO  server.session (HouseKeeper.java:stopScavenging(149)) - node0 Stopped scavenging
2021-09-21 01:23:13,408 [Listener at 127.0.0.1/33583] INFO  handler.ContextHandler (ContextHandler.java:doStop(1153)) - Stopped o.e.j.s.ServletContextHandler@c022524{static,/static,jar:file:/home/runner/.m2/repository/org/apache/ozone/hdds-container-service/1.2.0-SNAPSHOT/hdds-container-service-1.2.0-SNAPSHOT.jar!/webapps/static,STOPPED}
2021-09-21 01:23:13,408 [Listener at 127.0.0.1/33583] INFO  handler.ContextHandler (ContextHandler.java:doStop(1153)) - Stopped o.e.j.s.ServletContextHandler@64a65c71{logs,/logs,file:///home/runner/work/ozone/ozone/hadoop-ozone/integration-test/target/log,STOPPED}
2021-09-21 01:23:13,654 [grpc-default-executor-1] WARN  server.GrpcLogAppender (LogUtils.java:warn(122)) - c886e095-44b5-4a75-a59b-9e8bd319d099@group-7739A0DA65BB->be30f2b5-d5fc-49a0-9235-d4dd7ecd33b9-AppendLogResponseHandler: Failed appendEntries: org.apache.ratis.thirdparty.io.grpc.StatusRuntimeException: UNAVAILABLE: io exception
2021-09-21 01:23:13,655 [grpc-default-executor-1] WARN  server.GrpcLogAppender (GrpcLogAppender.java:resetClient(111)) - c886e095-44b5-4a75-a59b-9e8bd319d099@group-7739A0DA65BB->be30f2b5-d5fc-49a0-9235-d4dd7ecd33b9-GrpcLogAppender: Leader has not got in touch with Follower c886e095-44b5-4a75-a59b-9e8bd319d099@group-7739A0DA65BB->be30f2b5-d5fc-49a0-9235-d4dd7ecd33b9(c0,m0,n1, attendVote=true, lastRpcSendTime=2501, lastRpcResponseTime=12534) yet, just keep nextIndex unchanged and retry.
2021-09-21 01:23:15,594 [ad039a86-d7f3-42ea-bec3-b4149bcaa887@group-C274E472E363-FollowerState] INFO  impl.FollowerState (FollowerState.java:run(134)) - ad039a86-d7f3-42ea-bec3-b4149bcaa887@group-C274E472E363-FollowerState: change to CANDIDATE, lastRpcElapsedTime:5025565860ns, electionTimeout:5021ms
2021-09-21 01:23:15,594 [ad039a86-d7f3-42ea-bec3-b4149bcaa887@group-C274E472E363-FollowerState] INFO  impl.RoleInfo (RoleInfo.java:shutdownFollowerState(108)) - ad039a86-d7f3-42ea-bec3-b4149bcaa887: shutdown ad039a86-d7f3-42ea-bec3-b4149bcaa887@group-C274E472E363-FollowerState
2021-09-21 01:23:15,594 [ad039a86-d7f3-42ea-bec3-b4149bcaa887@group-C274E472E363-FollowerState] INFO  server.RaftServer$Division (RaftServerImpl.java:setRole(285)) - ad039a86-d7f3-42ea-bec3-b4149bcaa887@group-C274E472E363: changes role from  FOLLOWER to CANDIDATE at term 8 for changeToCandidate
2021-09-21 01:23:15,594 [ad039a86-d7f3-42ea-bec3-b4149bcaa887@group-C274E472E363-FollowerState] INFO  server.RaftServerConfigKeys (ConfUtils.java:logGet(44)) - raft.server.leaderelection.pre-vote = false (custom)
2021-09-21 01:23:15,594 [ad039a86-d7f3-42ea-bec3-b4149bcaa887@group-C274E472E363-FollowerState] INFO  impl.RoleInfo (RoleInfo.java:updateAndGet(130)) - ad039a86-d7f3-42ea-bec3-b4149bcaa887: start ad039a86-d7f3-42ea-bec3-b4149bcaa887@group-C274E472E363-LeaderElection58
2021-09-21 01:23:15,612 [ad039a86-d7f3-42ea-bec3-b4149bcaa887@group-C274E472E363-LeaderElection58] INFO  impl.LeaderElection (LeaderElection.java:askForVotes(306)) - ad039a86-d7f3-42ea-bec3-b4149bcaa887@group-C274E472E363-LeaderElection58 ELECTION round 0: submit vote requests at term 9 for -1: [77eebb93-8ed1-4443-8476-48726f7e27c1|rpc:10.1.0.51:40681|dataStream:|priority:1, 7102e10f-7baf-40d1-a733-c49484cac6b4|rpc:10.1.0.51:44475|dataStream:|priority:0, ad039a86-d7f3-42ea-bec3-b4149bcaa887|rpc:10.1.0.51:35567|dataStream:|priority:0], old=null
2021-09-21 01:23:15,642 [grpc-default-executor-1] INFO  server.RaftServer$Division (RaftServerImpl.java:requestVote(1043)) - 77eebb93-8ed1-4443-8476-48726f7e27c1@group-C274E472E363: receive requestVote(ELECTION, ad039a86-d7f3-42ea-bec3-b4149bcaa887, group-C274E472E363, 9, (t:0, i:0))
2021-09-21 01:23:15,642 [grpc-default-executor-1] INFO  impl.VoteContext (VoteContext.java:log(48)) - 77eebb93-8ed1-4443-8476-48726f7e27c1@group-C274E472E363-FOLLOWER: reject ELECTION from ad039a86-d7f3-42ea-bec3-b4149bcaa887: our last entry (t:2, i:0) > candidate's last entry (t:0, i:0)
2021-09-21 01:23:15,642 [grpc-default-executor-1] INFO  server.RaftServer$Division (RaftServerImpl.java:setRole(285)) - 77eebb93-8ed1-4443-8476-48726f7e27c1@group-C274E472E363: changes role from  FOLLOWER to FOLLOWER at term 9 for candidate:ad039a86-d7f3-42ea-bec3-b4149bcaa887
2021-09-21 01:23:15,642 [grpc-default-executor-1] INFO  impl.RoleInfo (RoleInfo.java:shutdownFollowerState(108)) - 77eebb93-8ed1-4443-8476-48726f7e27c1: shutdown 77eebb93-8ed1-4443-8476-48726f7e27c1@group-C274E472E363-FollowerState
2021-09-21 01:23:15,642 [grpc-default-executor-1] INFO  impl.RoleInfo (RoleInfo.java:updateAndGet(130)) - 77eebb93-8ed1-4443-8476-48726f7e27c1: start 77eebb93-8ed1-4443-8476-48726f7e27c1@group-C274E472E363-FollowerState
2021-09-21 01:23:15,643 [grpc-default-executor-4] INFO  server.RaftServer$Division (RaftServerImpl.java:requestVote(1043)) - 7102e10f-7baf-40d1-a733-c49484cac6b4@group-C274E472E363: receive requestVote(ELECTION, ad039a86-d7f3-42ea-bec3-b4149bcaa887, group-C274E472E363, 9, (t:0, i:0))
2021-09-21 01:23:15,643 [grpc-default-executor-4] INFO  impl.VoteContext (VoteContext.java:log(48)) - 7102e10f-7baf-40d1-a733-c49484cac6b4@group-C274E472E363-FOLLOWER: accept ELECTION from ad039a86-d7f3-42ea-bec3-b4149bcaa887: our priority 0 <= candidate's priority 0
2021-09-21 01:23:15,643 [grpc-default-executor-4] INFO  server.RaftServer$Division (RaftServerImpl.java:setRole(285)) - 7102e10f-7baf-40d1-a733-c49484cac6b4@group-C274E472E363: changes role from  FOLLOWER to FOLLOWER at term 9 for candidate:ad039a86-d7f3-42ea-bec3-b4149bcaa887
2021-09-21 01:23:15,643 [grpc-default-executor-4] INFO  impl.RoleInfo (RoleInfo.java:shutdownFollowerState(108)) - 7102e10f-7baf-40d1-a733-c49484cac6b4: shutdown 7102e10f-7baf-40d1-a733-c49484cac6b4@group-C274E472E363-FollowerState
2021-09-21 01:23:15,644 [grpc-default-executor-4] INFO  impl.RoleInfo (RoleInfo.java:updateAndGet(130)) - 7102e10f-7baf-40d1-a733-c49484cac6b4: start 7102e10f-7baf-40d1-a733-c49484cac6b4@group-C274E472E363-FollowerState
2021-09-21 01:23:15,644 [7102e10f-7baf-40d1-a733-c49484cac6b4@group-C274E472E363-FollowerState] INFO  impl.FollowerState (FollowerState.java:run(143)) - 7102e10f-7baf-40d1-a733-c49484cac6b4@group-C274E472E363-FollowerState was interrupted: {}
java.lang.InterruptedException: sleep interrupted
	at java.lang.Thread.sleep(Native Method)
	at java.lang.Thread.sleep(Thread.java:340)
	at java.util.concurrent.TimeUnit.sleep(TimeUnit.java:386)
	at org.apache.ratis.util.TimeDuration.sleep(TimeDuration.java:324)
	at org.apache.ratis.util.TimeDuration.sleep(TimeDuration.java:309)
	at org.apache.ratis.server.impl.FollowerState.run(FollowerState.java:118)
2021-09-21 01:23:15,645 [grpc-default-executor-1] INFO  server.RaftServer$Division (RaftServerImpl.java:requestVote(1075)) - 77eebb93-8ed1-4443-8476-48726f7e27c1@group-C274E472E363 replies to ELECTION vote request: ad039a86-d7f3-42ea-bec3-b4149bcaa887<-77eebb93-8ed1-4443-8476-48726f7e27c1#0:FAIL-t9. Peer's state: 77eebb93-8ed1-4443-8476-48726f7e27c1@group-C274E472E363:t9, leader=null, voted=null, raftlog=77eebb93-8ed1-4443-8476-48726f7e27c1@group-C274E472E363-SegmentedRaftLog:OPENED:c0,f0,i0, conf=0: [77eebb93-8ed1-4443-8476-48726f7e27c1|rpc:10.1.0.51:40681|dataStream:|priority:1, 7102e10f-7baf-40d1-a733-c49484cac6b4|rpc:10.1.0.51:44475|dataStream:|priority:0, ad039a86-d7f3-42ea-bec3-b4149bcaa887|rpc:10.1.0.51:35567|dataStream:|priority:0], old=null
2021-09-21 01:23:15,653 [ad039a86-d7f3-42ea-bec3-b4149bcaa887@group-C274E472E363-LeaderElection58] INFO  impl.LeaderElection (LeaderElection.java:logAndReturn(89)) - ad039a86-d7f3-42ea-bec3-b4149bcaa887@group-C274E472E363-LeaderElection58: ELECTION REJECTED received 1 response(s) and 0 exception(s):
2021-09-21 01:23:15,653 [ad039a86-d7f3-42ea-bec3-b4149bcaa887@group-C274E472E363-LeaderElection58] INFO  impl.LeaderElection (LeaderElection.java:logAndReturn(93)) -   Response 0: ad039a86-d7f3-42ea-bec3-b4149bcaa887<-77eebb93-8ed1-4443-8476-48726f7e27c1#0:FAIL-t9
2021-09-21 01:23:15,653 [ad039a86-d7f3-42ea-bec3-b4149bcaa887@group-C274E472E363-LeaderElection58] INFO  impl.LeaderElection (LeaderElection.java:askForVotes(308)) - ad039a86-d7f3-42ea-bec3-b4149bcaa887@group-C274E472E363-LeaderElection58 ELECTION round 0: result REJECTED
2021-09-21 01:23:15,653 [ad039a86-d7f3-42ea-bec3-b4149bcaa887@group-C274E472E363-LeaderElection58] INFO  server.RaftServer$Division (RaftServerImpl.java:setRole(285)) - ad039a86-d7f3-42ea-bec3-b4149bcaa887@group-C274E472E363: changes role from CANDIDATE to FOLLOWER at term 9 for REJECTED
2021-09-21 01:23:15,653 [ad039a86-d7f3-42ea-bec3-b4149bcaa887@group-C274E472E363-LeaderElection58] INFO  impl.RoleInfo (RoleInfo.java:shutdownLeaderElection(121)) - ad039a86-d7f3-42ea-bec3-b4149bcaa887: shutdown ad039a86-d7f3-42ea-bec3-b4149bcaa887@group-C274E472E363-LeaderElection58
2021-09-21 01:23:15,653 [ad039a86-d7f3-42ea-bec3-b4149bcaa887@group-C274E472E363-LeaderElection58] INFO  impl.RoleInfo (RoleInfo.java:updateAndGet(130)) - ad039a86-d7f3-42ea-bec3-b4149bcaa887: start ad039a86-d7f3-42ea-bec3-b4149bcaa887@group-C274E472E363-FollowerState
2021-09-21 01:23:15,661 [grpc-default-executor-4] INFO  server.RaftServer$Division (RaftServerImpl.java:requestVote(1075)) - 7102e10f-7baf-40d1-a733-c49484cac6b4@group-C274E472E363 replies to ELECTION vote request: ad039a86-d7f3-42ea-bec3-b4149bcaa887<-7102e10f-7baf-40d1-a733-c49484cac6b4#0:OK-t9. Peer's state: 7102e10f-7baf-40d1-a733-c49484cac6b4@group-C274E472E363:t9, leader=null, voted=ad039a86-d7f3-42ea-bec3-b4149bcaa887, raftlog=7102e10f-7baf-40d1-a733-c49484cac6b4@group-C274E472E363-SegmentedRaftLog:OPENED:c-1,f-1,i0, conf=-1: [77eebb93-8ed1-4443-8476-48726f7e27c1|rpc:10.1.0.51:40681|priority:1, 7102e10f-7baf-40d1-a733-c49484cac6b4|rpc:10.1.0.51:44475|priority:0, ad039a86-d7f3-42ea-bec3-b4149bcaa887|rpc:10.1.0.51:35567|priority:0], old=null
2021-09-21 01:23:15,662 [77eebb93-8ed1-4443-8476-48726f7e27c1@group-C274E472E363-FollowerState] INFO  impl.FollowerState (FollowerState.java:run(143)) - 77eebb93-8ed1-4443-8476-48726f7e27c1@group-C274E472E363-FollowerState was interrupted: {}
java.lang.InterruptedException: sleep interrupted
	at java.lang.Thread.sleep(Native Method)
	at java.lang.Thread.sleep(Thread.java:340)
	at java.util.concurrent.TimeUnit.sleep(TimeUnit.java:386)
	at org.apache.ratis.util.TimeDuration.sleep(TimeDuration.java:324)
	at org.apache.ratis.util.TimeDuration.sleep(TimeDuration.java:309)
	at org.apache.ratis.server.impl.FollowerState.run(FollowerState.java:118)
2021-09-21 01:23:16,158 [grpc-default-executor-4] WARN  server.GrpcLogAppender (LogUtils.java:warn(122)) - c886e095-44b5-4a75-a59b-9e8bd319d099@group-7739A0DA65BB->be30f2b5-d5fc-49a0-9235-d4dd7ecd33b9-AppendLogResponseHandler: Failed appendEntries: org.apache.ratis.thirdparty.io.grpc.StatusRuntimeException: UNAVAILABLE: io exception
2021-09-21 01:23:16,158 [grpc-default-executor-4] WARN  server.GrpcLogAppender (GrpcLogAppender.java:resetClient(111)) - c886e095-44b5-4a75-a59b-9e8bd319d099@group-7739A0DA65BB->be30f2b5-d5fc-49a0-9235-d4dd7ecd33b9-GrpcLogAppender: Leader has not got in touch with Follower c886e095-44b5-4a75-a59b-9e8bd319d099@group-7739A0DA65BB->be30f2b5-d5fc-49a0-9235-d4dd7ecd33b9(c0,m0,n1, attendVote=true, lastRpcSendTime=0, lastRpcResponseTime=15038) yet, just keep nextIndex unchanged and retry.
2021-09-21 01:23:18,373 [ForkJoinPool.commonPool-worker-0] INFO  ozoneimpl.OzoneContainer (OzoneContainer.java:stop(325)) - Attempting to stop container services.
2021-09-21 01:23:18,377 [ForkJoinPool.commonPool-worker-0] INFO  server.RaftServer (RaftServerProxy.java:lambda$close$6(391)) - c67ce9c0-0a3a-4be5-b90f-8c76fbba61ed: close
2021-09-21 01:23:18,377 [ForkJoinPool.commonPool-worker-0] INFO  server.RaftServer$Division (RaftServerImpl.java:lambda$close$4(407)) - c67ce9c0-0a3a-4be5-b90f-8c76fbba61ed@group-7739A0DA65BB: shutdown
2021-09-21 01:23:18,378 [ForkJoinPool.commonPool-worker-0] INFO  util.JmxRegister (JmxRegister.java:unregister(73)) - Successfully un-registered JMX Bean with object name Ratis:service=RaftServer,group=group-7739A0DA65BB,id=c67ce9c0-0a3a-4be5-b90f-8c76fbba61ed
2021-09-21 01:23:18,378 [ForkJoinPool.commonPool-worker-0] INFO  impl.RoleInfo (RoleInfo.java:shutdownFollowerState(108)) - c67ce9c0-0a3a-4be5-b90f-8c76fbba61ed: shutdown c67ce9c0-0a3a-4be5-b90f-8c76fbba61ed@group-7739A0DA65BB-FollowerState
2021-09-21 01:23:18,378 [ForkJoinPool.commonPool-worker-0] INFO  impl.StateMachineUpdater (StateMachineUpdater.java:stopAndJoin(149)) - c67ce9c0-0a3a-4be5-b90f-8c76fbba61ed@group-7739A0DA65BB-StateMachineUpdater: set stopIndex = 0
2021-09-21 01:23:18,378 [c67ce9c0-0a3a-4be5-b90f-8c76fbba61ed@group-7739A0DA65BB-FollowerState] INFO  impl.FollowerState (FollowerState.java:run(143)) - c67ce9c0-0a3a-4be5-b90f-8c76fbba61ed@group-7739A0DA65BB-FollowerState was interrupted: {}
java.lang.InterruptedException: sleep interrupted
	at java.lang.Thread.sleep(Native Method)
	at java.lang.Thread.sleep(Thread.java:340)
	at java.util.concurrent.TimeUnit.sleep(TimeUnit.java:386)
	at org.apache.ratis.util.TimeDuration.sleep(TimeDuration.java:324)
	at org.apache.ratis.util.TimeDuration.sleep(TimeDuration.java:309)
	at org.apache.ratis.server.impl.FollowerState.run(FollowerState.java:118)
2021-09-21 01:23:18,378 [c67ce9c0-0a3a-4be5-b90f-8c76fbba61ed@group-7739A0DA65BB-StateMachineUpdater] INFO  ratis.ContainerStateMachine (ContainerStateMachine.java:takeSnapshot(292)) - group-7739A0DA65BB: Taking a snapshot at:(t:3, i:0) file /home/runner/work/ozone/ozone/hadoop-ozone/integration-test/target/test-dir/MiniOzoneClusterImpl-7349e056-7b32-48d8-92e4-5182ee86217f/datanode-0/data/ratis/7c372caa-62a0-4f84-8eb6-7739a0da65bb/sm/snapshot.3_0
2021-09-21 01:23:18,379 [c67ce9c0-0a3a-4be5-b90f-8c76fbba61ed@group-7739A0DA65BB-StateMachineUpdater] INFO  ratis.ContainerStateMachine (ContainerStateMachine.java:takeSnapshot(303)) - group-7739A0DA65BB: Finished taking a snapshot at:(t:3, i:0) file:/home/runner/work/ozone/ozone/hadoop-ozone/integration-test/target/test-dir/MiniOzoneClusterImpl-7349e056-7b32-48d8-92e4-5182ee86217f/datanode-0/data/ratis/7c372caa-62a0-4f84-8eb6-7739a0da65bb/sm/snapshot.3_0 took: 2 ms
2021-09-21 01:23:18,380 [c67ce9c0-0a3a-4be5-b90f-8c76fbba61ed@group-7739A0DA65BB-StateMachineUpdater] INFO  impl.StateMachineUpdater (StateMachineUpdater.java:takeSnapshot(281)) - c67ce9c0-0a3a-4be5-b90f-8c76fbba61ed@group-7739A0DA65BB-StateMachineUpdater: Took a snapshot at index 0
2021-09-21 01:23:18,380 [c67ce9c0-0a3a-4be5-b90f-8c76fbba61ed@group-7739A0DA65BB-StateMachineUpdater] INFO  impl.StateMachineUpdater (StateMachineUpdater.java:lambda$new$0(89)) - c67ce9c0-0a3a-4be5-b90f-8c76fbba61ed@group-7739A0DA65BB-StateMachineUpdater: snapshotIndex: updateIncreasingly -1 -> 0
2021-09-21 01:23:18,380 [ForkJoinPool.commonPool-worker-0] INFO  server.RaftServer$Division (ServerState.java:close(419)) - c67ce9c0-0a3a-4be5-b90f-8c76fbba61ed@group-7739A0DA65BB: closes. applyIndex: 0
2021-09-21 01:23:18,380 [c67ce9c0-0a3a-4be5-b90f-8c76fbba61ed@group-7739A0DA65BB-SegmentedRaftLogWorker] INFO  segmented.SegmentedRaftLogWorker (SegmentedRaftLogWorker.java:run(327)) - c67ce9c0-0a3a-4be5-b90f-8c76fbba61ed@group-7739A0DA65BB-SegmentedRaftLogWorker was interrupted, exiting. There are 0 tasks remaining in the queue.
2021-09-21 01:23:18,382 [ForkJoinPool.commonPool-worker-0] INFO  segmented.SegmentedRaftLogWorker (SegmentedRaftLogWorker.java:close(237)) - c67ce9c0-0a3a-4be5-b90f-8c76fbba61ed@group-7739A0DA65BB-SegmentedRaftLogWorker close()
2021-09-21 01:23:18,384 [ForkJoinPool.commonPool-worker-0] INFO  server.RaftServer$Division (RaftServerImpl.java:lambda$close$4(407)) - c67ce9c0-0a3a-4be5-b90f-8c76fbba61ed@group-4C2B2E51FDD8: shutdown
2021-09-21 01:23:18,384 [ForkJoinPool.commonPool-worker-0] INFO  util.JmxRegister (JmxRegister.java:unregister(73)) - Successfully un-registered JMX Bean with object name Ratis:service=RaftServer,group=group-4C2B2E51FDD8,id=c67ce9c0-0a3a-4be5-b90f-8c76fbba61ed
2021-09-21 01:23:18,384 [ForkJoinPool.commonPool-worker-0] INFO  impl.RoleInfo (RoleInfo.java:shutdownLeaderState(91)) - c67ce9c0-0a3a-4be5-b90f-8c76fbba61ed: shutdown c67ce9c0-0a3a-4be5-b90f-8c76fbba61ed@group-4C2B2E51FDD8-LeaderStateImpl
2021-09-21 01:23:18,384 [ForkJoinPool.commonPool-worker-0] INFO  impl.PendingRequests (PendingRequests.java:sendNotLeaderResponses(282)) - c67ce9c0-0a3a-4be5-b90f-8c76fbba61ed@group-4C2B2E51FDD8-PendingRequests: sendNotLeaderResponses
2021-09-21 01:23:18,385 [ForkJoinPool.commonPool-worker-0] INFO  impl.StateMachineUpdater (StateMachineUpdater.java:stopAndJoin(149)) - c67ce9c0-0a3a-4be5-b90f-8c76fbba61ed@group-4C2B2E51FDD8-StateMachineUpdater: set stopIndex = 0
2021-09-21 01:23:18,385 [c67ce9c0-0a3a-4be5-b90f-8c76fbba61ed@group-4C2B2E51FDD8-StateMachineUpdater] INFO  ratis.ContainerStateMachine (ContainerStateMachine.java:takeSnapshot(292)) - group-4C2B2E51FDD8: Taking a snapshot at:(t:1, i:0) file /home/runner/work/ozone/ozone/hadoop-ozone/integration-test/target/test-dir/MiniOzoneClusterImpl-7349e056-7b32-48d8-92e4-5182ee86217f/datanode-0/data/ratis/b816773b-c24f-473f-a074-4c2b2e51fdd8/sm/snapshot.1_0
2021-09-21 01:23:18,386 [c67ce9c0-0a3a-4be5-b90f-8c76fbba61ed@group-4C2B2E51FDD8-StateMachineUpdater] INFO  ratis.ContainerStateMachine (ContainerStateMachine.java:takeSnapshot(303)) - group-4C2B2E51FDD8: Finished taking a snapshot at:(t:1, i:0) file:/home/runner/work/ozone/ozone/hadoop-ozone/integration-test/target/test-dir/MiniOzoneClusterImpl-7349e056-7b32-48d8-92e4-5182ee86217f/datanode-0/data/ratis/b816773b-c24f-473f-a074-4c2b2e51fdd8/sm/snapshot.1_0 took: 2 ms
2021-09-21 01:23:18,387 [c67ce9c0-0a3a-4be5-b90f-8c76fbba61ed@group-4C2B2E51FDD8-StateMachineUpdater] INFO  impl.StateMachineUpdater (StateMachineUpdater.java:takeSnapshot(281)) - c67ce9c0-0a3a-4be5-b90f-8c76fbba61ed@group-4C2B2E51FDD8-StateMachineUpdater: Took a snapshot at index 0
2021-09-21 01:23:18,387 [c67ce9c0-0a3a-4be5-b90f-8c76fbba61ed@group-4C2B2E51FDD8-StateMachineUpdater] INFO  impl.StateMachineUpdater (StateMachineUpdater.java:lambda$new$0(89)) - c67ce9c0-0a3a-4be5-b90f-8c76fbba61ed@group-4C2B2E51FDD8-StateMachineUpdater: snapshotIndex: updateIncreasingly -1 -> 0
2021-09-21 01:23:18,401 [ForkJoinPool.commonPool-worker-0] INFO  server.RaftServer$Division (ServerState.java:close(419)) - c67ce9c0-0a3a-4be5-b90f-8c76fbba61ed@group-4C2B2E51FDD8: closes. applyIndex: 0
2021-09-21 01:23:18,401 [c67ce9c0-0a3a-4be5-b90f-8c76fbba61ed@group-4C2B2E51FDD8-SegmentedRaftLogWorker] INFO  segmented.SegmentedRaftLogWorker (SegmentedRaftLogWorker.java:run(327)) - c67ce9c0-0a3a-4be5-b90f-8c76fbba61ed@group-4C2B2E51FDD8-SegmentedRaftLogWorker was interrupted, exiting. There are 0 tasks remaining in the queue.
2021-09-21 01:23:18,401 [ForkJoinPool.commonPool-worker-0] INFO  segmented.SegmentedRaftLogWorker (SegmentedRaftLogWorker.java:close(237)) - c67ce9c0-0a3a-4be5-b90f-8c76fbba61ed@group-4C2B2E51FDD8-SegmentedRaftLogWorker close()
2021-09-21 01:23:18,401 [ForkJoinPool.commonPool-worker-0] INFO  server.GrpcService (GrpcService.java:closeImpl(262)) - c67ce9c0-0a3a-4be5-b90f-8c76fbba61ed: shutdown server with port 43243 now
2021-09-21 01:23:18,412 [grpc-default-executor-1] WARN  server.GrpcServerProtocolService (LogUtils.java:warn(122)) - c67ce9c0-0a3a-4be5-b90f-8c76fbba61ed: installSnapshot onError, lastRequest: c886e095-44b5-4a75-a59b-9e8bd319d099->c67ce9c0-0a3a-4be5-b90f-8c76fbba61ed#1-t3,previous=(t:0, i:0),leaderCommit=0,initializing? true,entries: size=1, first=(t:3, i:0), CONFIGURATIONENTRY: org.apache.ratis.thirdparty.io.grpc.StatusRuntimeException: CANCELLED: client cancelled
2021-09-21 01:23:18,420 [grpc-default-executor-1] WARN  server.GrpcLogAppender (LogUtils.java:warn(122)) - c886e095-44b5-4a75-a59b-9e8bd319d099@group-7739A0DA65BB->c67ce9c0-0a3a-4be5-b90f-8c76fbba61ed-AppendLogResponseHandler: Failed appendEntries: org.apache.ratis.thirdparty.io.grpc.StatusRuntimeException: CANCELLED: HTTP/2 error code: CANCEL
Received Rst Stream
2021-09-21 01:23:18,421 [grpc-default-executor-1] WARN  server.GrpcLogAppender (GrpcLogAppender.java:resetClient(111)) - c886e095-44b5-4a75-a59b-9e8bd319d099@group-7739A0DA65BB->c67ce9c0-0a3a-4be5-b90f-8c76fbba61ed-GrpcLogAppender: Leader has not got in touch with Follower c886e095-44b5-4a75-a59b-9e8bd319d099@group-7739A0DA65BB->c67ce9c0-0a3a-4be5-b90f-8c76fbba61ed(c0,m0,n1, attendVote=true, lastRpcSendTime=2210, lastRpcResponseTime=2209) yet, just keep nextIndex unchanged and retry.
2021-09-21 01:23:18,467 [Listener at 127.0.0.1/33583] INFO  ozoneimpl.OzoneContainer (OzoneContainer.java:stop(325)) - Attempting to stop container services.
2021-09-21 01:23:18,467 [ForkJoinPool.commonPool-worker-0] INFO  server.GrpcService (GrpcService.java:closeImpl(271)) - c67ce9c0-0a3a-4be5-b90f-8c76fbba61ed: shutdown server with port 43243 successfully
2021-09-21 01:23:18,476 [org.apache.ratis.util.JvmPauseMonitor$$Lambda$531/116790936@661a5594] INFO  util.JvmPauseMonitor (JvmPauseMonitor.java:run(109)) - JvmPauseMonitor-c67ce9c0-0a3a-4be5-b90f-8c76fbba61ed: Stopped
2021-09-21 01:23:18,476 [Listener at 127.0.0.1/33583] INFO  server.RaftServer (RaftServerProxy.java:lambda$close$6(391)) - 77eebb93-8ed1-4443-8476-48726f7e27c1: close
2021-09-21 01:23:18,476 [Listener at 127.0.0.1/33583] INFO  server.RaftServer$Division (RaftServerImpl.java:lambda$close$4(407)) - 77eebb93-8ed1-4443-8476-48726f7e27c1@group-C51B0FAD2543: shutdown
2021-09-21 01:23:18,476 [Listener at 127.0.0.1/33583] INFO  util.JmxRegister (JmxRegister.java:unregister(73)) - Successfully un-registered JMX Bean with object name Ratis:service=RaftServer,group=group-C51B0FAD2543,id=77eebb93-8ed1-4443-8476-48726f7e27c1
2021-09-21 01:23:18,476 [Listener at 127.0.0.1/33583] INFO  impl.RoleInfo (RoleInfo.java:shutdownLeaderState(91)) - 77eebb93-8ed1-4443-8476-48726f7e27c1: shutdown 77eebb93-8ed1-4443-8476-48726f7e27c1@group-C51B0FAD2543-LeaderStateImpl
2021-09-21 01:23:18,476 [Listener at 127.0.0.1/33583] INFO  impl.PendingRequests (PendingRequests.java:sendNotLeaderResponses(282)) - 77eebb93-8ed1-4443-8476-48726f7e27c1@group-C51B0FAD2543-PendingRequests: sendNotLeaderResponses
2021-09-21 01:23:18,478 [77eebb93-8ed1-4443-8476-48726f7e27c1@group-C51B0FAD2543-StateMachineUpdater] INFO  ratis.ContainerStateMachine (ContainerStateMachine.java:takeSnapshot(292)) - group-C51B0FAD2543: Taking a snapshot at:(t:1, i:0) file /home/runner/work/ozone/ozone/hadoop-ozone/integration-test/target/test-dir/MiniOzoneClusterImpl-7349e056-7b32-48d8-92e4-5182ee86217f/datanode-7/data/ratis/1002f7cb-4a07-4e60-8e7f-c51b0fad2543/sm/snapshot.1_0
2021-09-21 01:23:18,478 [Listener at 127.0.0.1/33583] INFO  impl.StateMachineUpdater (StateMachineUpdater.java:stopAndJoin(149)) - 77eebb93-8ed1-4443-8476-48726f7e27c1@group-C51B0FAD2543-StateMachineUpdater: set stopIndex = 0
2021-09-21 01:23:18,479 [77eebb93-8ed1-4443-8476-48726f7e27c1@group-C51B0FAD2543-StateMachineUpdater] INFO  ratis.ContainerStateMachine (ContainerStateMachine.java:takeSnapshot(303)) - group-C51B0FAD2543: Finished taking a snapshot at:(t:1, i:0) file:/home/runner/work/ozone/ozone/hadoop-ozone/integration-test/target/test-dir/MiniOzoneClusterImpl-7349e056-7b32-48d8-92e4-5182ee86217f/datanode-7/data/ratis/1002f7cb-4a07-4e60-8e7f-c51b0fad2543/sm/snapshot.1_0 took: 1 ms
2021-09-21 01:23:18,479 [77eebb93-8ed1-4443-8476-48726f7e27c1@group-C51B0FAD2543-StateMachineUpdater] INFO  impl.StateMachineUpdater (StateMachineUpdater.java:takeSnapshot(281)) - 77eebb93-8ed1-4443-8476-48726f7e27c1@group-C51B0FAD2543-StateMachineUpdater: Took a snapshot at index 0
2021-09-21 01:23:18,479 [77eebb93-8ed1-4443-8476-48726f7e27c1@group-C51B0FAD2543-StateMachineUpdater] INFO  impl.StateMachineUpdater (StateMachineUpdater.java:lambda$new$0(89)) - 77eebb93-8ed1-4443-8476-48726f7e27c1@group-C51B0FAD2543-StateMachineUpdater: snapshotIndex: updateIncreasingly -1 -> 0
2021-09-21 01:23:18,480 [Listener at 127.0.0.1/33583] INFO  server.RaftServer$Division (ServerState.java:close(419)) - 77eebb93-8ed1-4443-8476-48726f7e27c1@group-C51B0FAD2543: closes. applyIndex: 0
2021-09-21 01:23:18,480 [77eebb93-8ed1-4443-8476-48726f7e27c1@group-C51B0FAD2543-SegmentedRaftLogWorker] INFO  segmented.SegmentedRaftLogWorker (SegmentedRaftLogWorker.java:run(327)) - 77eebb93-8ed1-4443-8476-48726f7e27c1@group-C51B0FAD2543-SegmentedRaftLogWorker was interrupted, exiting. There are 0 tasks remaining in the queue.
2021-09-21 01:23:18,481 [Listener at 127.0.0.1/33583] INFO  segmented.SegmentedRaftLogWorker (SegmentedRaftLogWorker.java:close(237)) - 77eebb93-8ed1-4443-8476-48726f7e27c1@group-C51B0FAD2543-SegmentedRaftLogWorker close()
2021-09-21 01:23:18,481 [Listener at 127.0.0.1/33583] INFO  server.RaftServer$Division (RaftServerImpl.java:lambda$close$4(407)) - 77eebb93-8ed1-4443-8476-48726f7e27c1@group-C274E472E363: shutdown
2021-09-21 01:23:18,481 [Listener at 127.0.0.1/33583] INFO  util.JmxRegister (JmxRegister.java:unregister(73)) - Successfully un-registered JMX Bean with object name Ratis:service=RaftServer,group=group-C274E472E363,id=77eebb93-8ed1-4443-8476-48726f7e27c1
2021-09-21 01:23:18,481 [Listener at 127.0.0.1/33583] INFO  impl.RoleInfo (RoleInfo.java:shutdownFollowerState(108)) - 77eebb93-8ed1-4443-8476-48726f7e27c1: shutdown 77eebb93-8ed1-4443-8476-48726f7e27c1@group-C274E472E363-FollowerState
2021-09-21 01:23:18,482 [77eebb93-8ed1-4443-8476-48726f7e27c1@group-C274E472E363-FollowerState] INFO  impl.FollowerState (FollowerState.java:run(143)) - 77eebb93-8ed1-4443-8476-48726f7e27c1@group-C274E472E363-FollowerState was interrupted: {}
java.lang.InterruptedException: sleep interrupted
	at java.lang.Thread.sleep(Native Method)
	at java.lang.Thread.sleep(Thread.java:340)
	at java.util.concurrent.TimeUnit.sleep(TimeUnit.java:386)
	at org.apache.ratis.util.TimeDuration.sleep(TimeDuration.java:324)
	at org.apache.ratis.util.TimeDuration.sleep(TimeDuration.java:309)
	at org.apache.ratis.server.impl.FollowerState.run(FollowerState.java:118)
2021-09-21 01:23:18,482 [77eebb93-8ed1-4443-8476-48726f7e27c1@group-C274E472E363-StateMachineUpdater] INFO  ratis.ContainerStateMachine (ContainerStateMachine.java:takeSnapshot(292)) - group-C274E472E363: Taking a snapshot at:(t:2, i:0) file /home/runner/work/ozone/ozone/hadoop-ozone/integration-test/target/test-dir/MiniOzoneClusterImpl-7349e056-7b32-48d8-92e4-5182ee86217f/datanode-7/data/ratis/8b3e04da-d438-42db-a76b-c274e472e363/sm/snapshot.2_0
2021-09-21 01:23:18,482 [Listener at 127.0.0.1/33583] INFO  impl.StateMachineUpdater (StateMachineUpdater.java:stopAndJoin(149)) - 77eebb93-8ed1-4443-8476-48726f7e27c1@group-C274E472E363-StateMachineUpdater: set stopIndex = 0
2021-09-21 01:23:18,483 [77eebb93-8ed1-4443-8476-48726f7e27c1@group-C274E472E363-StateMachineUpdater] INFO  ratis.ContainerStateMachine (ContainerStateMachine.java:takeSnapshot(303)) - group-C274E472E363: Finished taking a snapshot at:(t:2, i:0) file:/home/runner/work/ozone/ozone/hadoop-ozone/integration-test/target/test-dir/MiniOzoneClusterImpl-7349e056-7b32-48d8-92e4-5182ee86217f/datanode-7/data/ratis/8b3e04da-d438-42db-a76b-c274e472e363/sm/snapshot.2_0 took: 1 ms
2021-09-21 01:23:18,483 [77eebb93-8ed1-4443-8476-48726f7e27c1@group-C274E472E363-StateMachineUpdater] INFO  impl.StateMachineUpdater (StateMachineUpdater.java:takeSnapshot(281)) - 77eebb93-8ed1-4443-8476-48726f7e27c1@group-C274E472E363-StateMachineUpdater: Took a snapshot at index 0
2021-09-21 01:23:18,483 [77eebb93-8ed1-4443-8476-48726f7e27c1@group-C274E472E363-StateMachineUpdater] INFO  impl.StateMachineUpdater (StateMachineUpdater.java:lambda$new$0(89)) - 77eebb93-8ed1-4443-8476-48726f7e27c1@group-C274E472E363-StateMachineUpdater: snapshotIndex: updateIncreasingly -1 -> 0
2021-09-21 01:23:18,483 [Listener at 127.0.0.1/33583] INFO  server.RaftServer$Division (ServerState.java:close(419)) - 77eebb93-8ed1-4443-8476-48726f7e27c1@group-C274E472E363: closes. applyIndex: 0
2021-09-21 01:23:18,485 [77eebb93-8ed1-4443-8476-48726f7e27c1@group-C274E472E363-SegmentedRaftLogWorker] INFO  segmented.SegmentedRaftLogWorker (SegmentedRaftLogWorker.java:run(327)) - 77eebb93-8ed1-4443-8476-48726f7e27c1@group-C274E472E363-SegmentedRaftLogWorker was interrupted, exiting. There are 0 tasks remaining in the queue.
2021-09-21 01:23:18,486 [Listener at 127.0.0.1/33583] INFO  segmented.SegmentedRaftLogWorker (SegmentedRaftLogWorker.java:close(237)) - 77eebb93-8ed1-4443-8476-48726f7e27c1@group-C274E472E363-SegmentedRaftLogWorker close()
2021-09-21 01:23:18,488 [Listener at 127.0.0.1/33583] INFO  server.GrpcService (GrpcService.java:closeImpl(262)) - 77eebb93-8ed1-4443-8476-48726f7e27c1: shutdown server with port 40681 now
2021-09-21 01:23:18,536 [Listener at 127.0.0.1/33583] INFO  server.GrpcService (GrpcService.java:closeImpl(271)) - 77eebb93-8ed1-4443-8476-48726f7e27c1: shutdown server with port 40681 successfully
2021-09-21 01:23:18,536 [org.apache.ratis.util.JvmPauseMonitor$$Lambda$531/116790936@1f32cf5b] INFO  util.JvmPauseMonitor (JvmPauseMonitor.java:run(109)) - JvmPauseMonitor-77eebb93-8ed1-4443-8476-48726f7e27c1: Stopped
2021-09-21 01:23:18,537 [Listener at 127.0.0.1/33583] INFO  utils.BackgroundService (BackgroundService.java:shutdown(132)) - Shutting down service BlockDeletingService
2021-09-21 01:23:18,552 [ForkJoinPool.commonPool-worker-0] INFO  utils.BackgroundService (BackgroundService.java:shutdown(132)) - Shutting down service BlockDeletingService
2021-09-21 01:23:18,672 [grpc-default-executor-1] WARN  server.GrpcLogAppender (LogUtils.java:warn(122)) - c886e095-44b5-4a75-a59b-9e8bd319d099@group-7739A0DA65BB->be30f2b5-d5fc-49a0-9235-d4dd7ecd33b9-AppendLogResponseHandler: Failed appendEntries: org.apache.ratis.thirdparty.io.grpc.StatusRuntimeException: UNAVAILABLE: io exception
2021-09-21 01:23:18,673 [grpc-default-executor-1] WARN  server.GrpcLogAppender (GrpcLogAppender.java:resetClient(111)) - c886e095-44b5-4a75-a59b-9e8bd319d099@group-7739A0DA65BB->be30f2b5-d5fc-49a0-9235-d4dd7ecd33b9-GrpcLogAppender: Leader has not got in touch with Follower c886e095-44b5-4a75-a59b-9e8bd319d099@group-7739A0DA65BB->be30f2b5-d5fc-49a0-9235-d4dd7ecd33b9(c0,m0,n1, attendVote=true, lastRpcSendTime=2515, lastRpcResponseTime=17553) yet, just keep nextIndex unchanged and retry.
2021-09-21 01:23:18,743 [grpc-default-executor-1] WARN  server.GrpcLogAppender (LogUtils.java:warn(122)) - c886e095-44b5-4a75-a59b-9e8bd319d099@group-7739A0DA65BB->c67ce9c0-0a3a-4be5-b90f-8c76fbba61ed-AppendLogResponseHandler: Failed appendEntries: org.apache.ratis.thirdparty.io.grpc.StatusRuntimeException: UNAVAILABLE: io exception
2021-09-21 01:23:18,744 [grpc-default-executor-1] WARN  server.GrpcLogAppender (GrpcLogAppender.java:resetClient(111)) - c886e095-44b5-4a75-a59b-9e8bd319d099@group-7739A0DA65BB->c67ce9c0-0a3a-4be5-b90f-8c76fbba61ed-GrpcLogAppender: Leader has not got in touch with Follower c886e095-44b5-4a75-a59b-9e8bd319d099@group-7739A0DA65BB->c67ce9c0-0a3a-4be5-b90f-8c76fbba61ed(c0,m0,n1, attendVote=true, lastRpcSendTime=3, lastRpcResponseTime=2533) yet, just keep nextIndex unchanged and retry.
2021-09-21 01:23:20,854 [ad039a86-d7f3-42ea-bec3-b4149bcaa887@group-C274E472E363-FollowerState] INFO  impl.FollowerState (FollowerState.java:run(134)) - ad039a86-d7f3-42ea-bec3-b4149bcaa887@group-C274E472E363-FollowerState: change to CANDIDATE, lastRpcElapsedTime:5201447581ns, electionTimeout:5145ms
2021-09-21 01:23:20,854 [ad039a86-d7f3-42ea-bec3-b4149bcaa887@group-C274E472E363-FollowerState] INFO  impl.RoleInfo (RoleInfo.java:shutdownFollowerState(108)) - ad039a86-d7f3-42ea-bec3-b4149bcaa887: shutdown ad039a86-d7f3-42ea-bec3-b4149bcaa887@group-C274E472E363-FollowerState
2021-09-21 01:23:20,855 [ad039a86-d7f3-42ea-bec3-b4149bcaa887@group-C274E472E363-FollowerState] INFO  server.RaftServer$Division (RaftServerImpl.java:setRole(285)) - ad039a86-d7f3-42ea-bec3-b4149bcaa887@group-C274E472E363: changes role from  FOLLOWER to CANDIDATE at term 9 for changeToCandidate
2021-09-21 01:23:20,855 [ad039a86-d7f3-42ea-bec3-b4149bcaa887@group-C274E472E363-FollowerState] INFO  server.RaftServerConfigKeys (ConfUtils.java:logGet(44)) - raft.server.leaderelection.pre-vote = false (custom)
2021-09-21 01:23:20,855 [ad039a86-d7f3-42ea-bec3-b4149bcaa887@group-C274E472E363-FollowerState] INFO  impl.RoleInfo (RoleInfo.java:updateAndGet(130)) - ad039a86-d7f3-42ea-bec3-b4149bcaa887: start ad039a86-d7f3-42ea-bec3-b4149bcaa887@group-C274E472E363-LeaderElection59
2021-09-21 01:23:20,865 [ad039a86-d7f3-42ea-bec3-b4149bcaa887@group-C274E472E363-LeaderElection59] INFO  impl.LeaderElection (LeaderElection.java:askForVotes(306)) - ad039a86-d7f3-42ea-bec3-b4149bcaa887@group-C274E472E363-LeaderElection59 ELECTION round 0: submit vote requests at term 10 for -1: [77eebb93-8ed1-4443-8476-48726f7e27c1|rpc:10.1.0.51:40681|dataStream:|priority:1, 7102e10f-7baf-40d1-a733-c49484cac6b4|rpc:10.1.0.51:44475|dataStream:|priority:0, ad039a86-d7f3-42ea-bec3-b4149bcaa887|rpc:10.1.0.51:35567|dataStream:|priority:0], old=null
2021-09-21 01:23:20,919 [grpc-default-executor-1] INFO  server.RaftServer$Division (RaftServerImpl.java:requestVote(1043)) - 7102e10f-7baf-40d1-a733-c49484cac6b4@group-C274E472E363: receive requestVote(ELECTION, ad039a86-d7f3-42ea-bec3-b4149bcaa887, group-C274E472E363, 10, (t:0, i:0))
2021-09-21 01:23:20,919 [grpc-default-executor-1] INFO  impl.VoteContext (VoteContext.java:log(48)) - 7102e10f-7baf-40d1-a733-c49484cac6b4@group-C274E472E363-FOLLOWER: accept ELECTION from ad039a86-d7f3-42ea-bec3-b4149bcaa887: our priority 0 <= candidate's priority 0
2021-09-21 01:23:20,919 [grpc-default-executor-1] INFO  server.RaftServer$Division (RaftServerImpl.java:setRole(285)) - 7102e10f-7baf-40d1-a733-c49484cac6b4@group-C274E472E363: changes role from  FOLLOWER to FOLLOWER at term 10 for candidate:ad039a86-d7f3-42ea-bec3-b4149bcaa887
2021-09-21 01:23:20,919 [grpc-default-executor-1] INFO  impl.RoleInfo (RoleInfo.java:shutdownFollowerState(108)) - 7102e10f-7baf-40d1-a733-c49484cac6b4: shutdown 7102e10f-7baf-40d1-a733-c49484cac6b4@group-C274E472E363-FollowerState
2021-09-21 01:23:20,919 [grpc-default-executor-1] INFO  impl.RoleInfo (RoleInfo.java:updateAndGet(130)) - 7102e10f-7baf-40d1-a733-c49484cac6b4: start 7102e10f-7baf-40d1-a733-c49484cac6b4@group-C274E472E363-FollowerState
2021-09-21 01:23:20,919 [7102e10f-7baf-40d1-a733-c49484cac6b4@group-C274E472E363-FollowerState] INFO  impl.FollowerState (FollowerState.java:run(143)) - 7102e10f-7baf-40d1-a733-c49484cac6b4@group-C274E472E363-FollowerState was interrupted: {}
java.lang.InterruptedException: sleep interrupted
	at java.lang.Thread.sleep(Native Method)
	at java.lang.Thread.sleep(Thread.java:340)
	at java.util.concurrent.TimeUnit.sleep(TimeUnit.java:386)
	at org.apache.ratis.util.TimeDuration.sleep(TimeDuration.java:324)
	at org.apache.ratis.util.TimeDuration.sleep(TimeDuration.java:309)
	at org.apache.ratis.server.impl.FollowerState.run(FollowerState.java:118)
2021-09-21 01:23:20,933 [grpc-default-executor-1] INFO  server.RaftServer$Division (RaftServerImpl.java:requestVote(1075)) - 7102e10f-7baf-40d1-a733-c49484cac6b4@group-C274E472E363 replies to ELECTION vote request: ad039a86-d7f3-42ea-bec3-b4149bcaa887<-7102e10f-7baf-40d1-a733-c49484cac6b4#0:OK-t10. Peer's state: 7102e10f-7baf-40d1-a733-c49484cac6b4@group-C274E472E363:t10, leader=null, voted=ad039a86-d7f3-42ea-bec3-b4149bcaa887, raftlog=7102e10f-7baf-40d1-a733-c49484cac6b4@group-C274E472E363-SegmentedRaftLog:OPENED:c-1,f-1,i0, conf=-1: [77eebb93-8ed1-4443-8476-48726f7e27c1|rpc:10.1.0.51:40681|priority:1, 7102e10f-7baf-40d1-a733-c49484cac6b4|rpc:10.1.0.51:44475|priority:0, ad039a86-d7f3-42ea-bec3-b4149bcaa887|rpc:10.1.0.51:35567|priority:0], old=null
2021-09-21 01:23:20,939 [ad039a86-d7f3-42ea-bec3-b4149bcaa887@group-C274E472E363-LeaderElection59] INFO  impl.LeaderElection (LogUtils.java:infoOrTrace(137)) - ad039a86-d7f3-42ea-bec3-b4149bcaa887@group-C274E472E363-LeaderElection59 got exception when requesting votes: java.util.concurrent.ExecutionException: org.apache.ratis.thirdparty.io.grpc.StatusRuntimeException: UNAVAILABLE: io exception
2021-09-21 01:23:20,939 [ad039a86-d7f3-42ea-bec3-b4149bcaa887@group-C274E472E363-LeaderElection59] INFO  impl.LeaderElection (LeaderElection.java:logAndReturn(89)) - ad039a86-d7f3-42ea-bec3-b4149bcaa887@group-C274E472E363-LeaderElection59: ELECTION PASSED received 1 response(s) and 1 exception(s):
2021-09-21 01:23:20,939 [ad039a86-d7f3-42ea-bec3-b4149bcaa887@group-C274E472E363-LeaderElection59] INFO  impl.LeaderElection (LeaderElection.java:logAndReturn(93)) -   Response 0: ad039a86-d7f3-42ea-bec3-b4149bcaa887<-7102e10f-7baf-40d1-a733-c49484cac6b4#0:OK-t10
2021-09-21 01:23:20,939 [ad039a86-d7f3-42ea-bec3-b4149bcaa887@group-C274E472E363-LeaderElection59] INFO  impl.LeaderElection (LogUtils.java:infoOrTrace(137)) -   Exception 1: java.util.concurrent.ExecutionException: org.apache.ratis.thirdparty.io.grpc.StatusRuntimeException: UNAVAILABLE: io exception
2021-09-21 01:23:20,939 [ad039a86-d7f3-42ea-bec3-b4149bcaa887@group-C274E472E363-LeaderElection59] INFO  impl.LeaderElection (LeaderElection.java:askForVotes(308)) - ad039a86-d7f3-42ea-bec3-b4149bcaa887@group-C274E472E363-LeaderElection59 ELECTION round 0: result PASSED
2021-09-21 01:23:20,939 [ad039a86-d7f3-42ea-bec3-b4149bcaa887@group-C274E472E363-LeaderElection59] INFO  impl.RoleInfo (RoleInfo.java:shutdownLeaderElection(121)) - ad039a86-d7f3-42ea-bec3-b4149bcaa887: shutdown ad039a86-d7f3-42ea-bec3-b4149bcaa887@group-C274E472E363-LeaderElection59
2021-09-21 01:23:20,939 [ad039a86-d7f3-42ea-bec3-b4149bcaa887@group-C274E472E363-LeaderElection59] INFO  server.RaftServer$Division (RaftServerImpl.java:setRole(285)) - ad039a86-d7f3-42ea-bec3-b4149bcaa887@group-C274E472E363: changes role from CANDIDATE to LEADER at term 10 for changeToLeader
2021-09-21 01:23:20,939 [ad039a86-d7f3-42ea-bec3-b4149bcaa887@group-C274E472E363-LeaderElection59] INFO  ratis.XceiverServerRatis (XceiverServerRatis.java:handleLeaderChangedNotification(860)) - Leader change notification received for group: group-C274E472E363 with new leaderId: ad039a86-d7f3-42ea-bec3-b4149bcaa887
2021-09-21 01:23:20,940 [ad039a86-d7f3-42ea-bec3-b4149bcaa887@group-C274E472E363-LeaderElection59] INFO  server.RaftServer$Division (ServerState.java:setLeader(285)) - ad039a86-d7f3-42ea-bec3-b4149bcaa887@group-C274E472E363: change Leader from null to ad039a86-d7f3-42ea-bec3-b4149bcaa887 at term 10 for becomeLeader, leader elected after 46096ms
2021-09-21 01:23:20,940 [ad039a86-d7f3-42ea-bec3-b4149bcaa887@group-C274E472E363-LeaderElection59] INFO  server.RaftServerConfigKeys (ConfUtils.java:logGet(44)) - raft.server.staging.catchup.gap = 1000 (default)
2021-09-21 01:23:20,940 [ad039a86-d7f3-42ea-bec3-b4149bcaa887@group-C274E472E363-LeaderElection59] INFO  server.RaftServerConfigKeys (ConfUtils.java:logGet(44)) - raft.server.write.element-limit = 1024 (custom)
2021-09-21 01:23:20,940 [ad039a86-d7f3-42ea-bec3-b4149bcaa887@group-C274E472E363-LeaderElection59] INFO  server.RaftServerConfigKeys (ConfUtils.java:logGet(44)) - raft.server.write.byte-limit = 1024 M (=1073741824) (custom)
2021-09-21 01:23:20,940 [ad039a86-d7f3-42ea-bec3-b4149bcaa887@group-C274E472E363-LeaderElection59] INFO  server.RaftServerConfigKeys (ConfUtils.java:logGet(44)) - raft.server.watch.timeout = 3000ms (custom)
2021-09-21 01:23:20,940 [ad039a86-d7f3-42ea-bec3-b4149bcaa887@group-C274E472E363-LeaderElection59] INFO  server.RaftServerConfigKeys (ConfUtils.java:logGet(44)) - raft.server.watch.timeout.denomination = 1s (default)
2021-09-21 01:23:20,940 [ad039a86-d7f3-42ea-bec3-b4149bcaa887@group-C274E472E363-LeaderElection59] INFO  server.RaftServerConfigKeys (ConfUtils.java:logGet(44)) - raft.server.watch.element-limit = 65536 (default)
2021-09-21 01:23:20,941 [ad039a86-d7f3-42ea-bec3-b4149bcaa887@group-C274E472E363-LeaderElection59] INFO  server.RaftServerConfigKeys (ConfUtils.java:logGet(44)) - raft.server.log.appender.snapshot.chunk.size.max = 16MB (=16777216) (default)
2021-09-21 01:23:20,941 [ad039a86-d7f3-42ea-bec3-b4149bcaa887@group-C274E472E363-LeaderElection59] INFO  server.RaftServerConfigKeys (ConfUtils.java:logGet(44)) - raft.server.log.appender.buffer.byte-limit = 33554432 (custom)
2021-09-21 01:23:20,941 [ad039a86-d7f3-42ea-bec3-b4149bcaa887@group-C274E472E363-LeaderElection59] INFO  server.RaftServerConfigKeys (ConfUtils.java:logGet(44)) - raft.server.log.appender.buffer.element-limit = 1 (custom)
2021-09-21 01:23:20,941 [ad039a86-d7f3-42ea-bec3-b4149bcaa887@group-C274E472E363-LeaderElection59] INFO  grpc.GrpcConfigKeys (ConfUtils.java:logGet(44)) - raft.grpc.server.leader.outstanding.appends.max = 128 (default)
2021-09-21 01:23:20,941 [ad039a86-d7f3-42ea-bec3-b4149bcaa887@group-C274E472E363-LeaderElection59] INFO  server.RaftServerConfigKeys (ConfUtils.java:logGet(44)) - raft.server.rpc.request.timeout = 3000ms (default)
2021-09-21 01:23:20,941 [ad039a86-d7f3-42ea-bec3-b4149bcaa887@group-C274E472E363-LeaderElection59] INFO  server.RaftServerConfigKeys (ConfUtils.java:logGet(44)) - raft.server.log.appender.install.snapshot.enabled = false (custom)
2021-09-21 01:23:20,942 [ad039a86-d7f3-42ea-bec3-b4149bcaa887@group-C274E472E363-LeaderElection59] INFO  server.RaftServerConfigKeys (ConfUtils.java:logGet(44)) - raft.server.log.appender.snapshot.chunk.size.max = 16MB (=16777216) (default)
2021-09-21 01:23:20,942 [ad039a86-d7f3-42ea-bec3-b4149bcaa887@group-C274E472E363-LeaderElection59] INFO  server.RaftServerConfigKeys (ConfUtils.java:logGet(44)) - raft.server.log.appender.buffer.byte-limit = 33554432 (custom)
2021-09-21 01:23:20,942 [ad039a86-d7f3-42ea-bec3-b4149bcaa887@group-C274E472E363-LeaderElection59] INFO  server.RaftServerConfigKeys (ConfUtils.java:logGet(44)) - raft.server.log.appender.buffer.element-limit = 1 (custom)
2021-09-21 01:23:20,942 [ad039a86-d7f3-42ea-bec3-b4149bcaa887@group-C274E472E363-LeaderElection59] INFO  grpc.GrpcConfigKeys (ConfUtils.java:logGet(44)) - raft.grpc.server.leader.outstanding.appends.max = 128 (default)
2021-09-21 01:23:20,942 [ad039a86-d7f3-42ea-bec3-b4149bcaa887@group-C274E472E363-LeaderElection59] INFO  server.RaftServerConfigKeys (ConfUtils.java:logGet(44)) - raft.server.rpc.request.timeout = 3000ms (default)
2021-09-21 01:23:20,942 [ad039a86-d7f3-42ea-bec3-b4149bcaa887@group-C274E472E363-LeaderElection59] INFO  server.RaftServerConfigKeys (ConfUtils.java:logGet(44)) - raft.server.log.appender.install.snapshot.enabled = false (custom)
2021-09-21 01:23:20,943 [ad039a86-d7f3-42ea-bec3-b4149bcaa887@group-C274E472E363-LeaderElection59] INFO  impl.RoleInfo (RoleInfo.java:updateAndGet(130)) - ad039a86-d7f3-42ea-bec3-b4149bcaa887: start ad039a86-d7f3-42ea-bec3-b4149bcaa887@group-C274E472E363-LeaderStateImpl
2021-09-21 01:23:20,943 [Datanode State Machine Thread - 0] WARN  statemachine.StateContext (StateContext.java:execute(621)) - No available thread in pool for past 1 seconds.
2021-09-21 01:23:20,954 [ad039a86-d7f3-42ea-bec3-b4149bcaa887@group-C274E472E363-LeaderElection59] INFO  segmented.SegmentedRaftLogWorker (SegmentedRaftLogWorker.java:startLogSegment(394)) - ad039a86-d7f3-42ea-bec3-b4149bcaa887@group-C274E472E363-SegmentedRaftLogWorker: Starting segment from index:0
2021-09-21 01:23:20,956 [ad039a86-d7f3-42ea-bec3-b4149bcaa887@group-C274E472E363-SegmentedRaftLogWorker] INFO  segmented.SegmentedRaftLogWorker (SegmentedRaftLogWorker.java:execute(601)) - ad039a86-d7f3-42ea-bec3-b4149bcaa887@group-C274E472E363-SegmentedRaftLogWorker: created new log segment /home/runner/work/ozone/ozone/hadoop-ozone/integration-test/target/test-dir/MiniOzoneClusterImpl-7349e056-7b32-48d8-92e4-5182ee86217f/datanode-8/data/ratis/8b3e04da-d438-42db-a76b-c274e472e363/current/log_inprogress_0
2021-09-21 01:23:20,970 [grpc-default-executor-1] WARN  server.GrpcLogAppender (LogUtils.java:warn(122)) - ad039a86-d7f3-42ea-bec3-b4149bcaa887@group-C274E472E363->77eebb93-8ed1-4443-8476-48726f7e27c1-AppendLogResponseHandler: Failed appendEntries: org.apache.ratis.thirdparty.io.grpc.StatusRuntimeException: UNAVAILABLE: io exception
2021-09-21 01:23:20,992 [grpc-default-executor-1] WARN  server.GrpcLogAppender (GrpcLogAppender.java:resetClient(111)) - ad039a86-d7f3-42ea-bec3-b4149bcaa887@group-C274E472E363->77eebb93-8ed1-4443-8476-48726f7e27c1-GrpcLogAppender: Leader has not got in touch with Follower ad039a86-d7f3-42ea-bec3-b4149bcaa887@group-C274E472E363->77eebb93-8ed1-4443-8476-48726f7e27c1(c-1,m0,n1, attendVote=true, lastRpcSendTime=19, lastRpcResponseTime=5251) yet, just keep nextIndex unchanged and retry.
2021-09-21 01:23:20,993 [ad039a86-d7f3-42ea-bec3-b4149bcaa887@group-C274E472E363-LeaderElection59] INFO  server.RaftServer$Division (ServerState.java:setRaftConf(387)) - ad039a86-d7f3-42ea-bec3-b4149bcaa887@group-C274E472E363: set configuration 0: [77eebb93-8ed1-4443-8476-48726f7e27c1|rpc:10.1.0.51:40681|dataStream:|priority:1, 7102e10f-7baf-40d1-a733-c49484cac6b4|rpc:10.1.0.51:44475|dataStream:|priority:0, ad039a86-d7f3-42ea-bec3-b4149bcaa887|rpc:10.1.0.51:35567|dataStream:|priority:0], old=null
2021-09-21 01:23:21,029 [grpc-default-executor-4] INFO  ratis.XceiverServerRatis (XceiverServerRatis.java:handleLeaderChangedNotification(860)) - Leader change notification received for group: group-C274E472E363 with new leaderId: ad039a86-d7f3-42ea-bec3-b4149bcaa887
2021-09-21 01:23:21,029 [grpc-default-executor-4] INFO  server.RaftServer$Division (ServerState.java:setLeader(285)) - 7102e10f-7baf-40d1-a733-c49484cac6b4@group-C274E472E363: change Leader from null to ad039a86-d7f3-42ea-bec3-b4149bcaa887 at term 10 for appendEntries, leader elected after 36075ms
2021-09-21 01:23:21,089 [grpc-default-executor-4] INFO  server.RaftServer$Division (ServerState.java:setRaftConf(387)) - 7102e10f-7baf-40d1-a733-c49484cac6b4@group-C274E472E363: set configuration 0: [77eebb93-8ed1-4443-8476-48726f7e27c1|rpc:10.1.0.51:40681|dataStream:|priority:1, 7102e10f-7baf-40d1-a733-c49484cac6b4|rpc:10.1.0.51:44475|dataStream:|priority:0, ad039a86-d7f3-42ea-bec3-b4149bcaa887|rpc:10.1.0.51:35567|dataStream:|priority:0], old=null
2021-09-21 01:23:21,090 [grpc-default-executor-4] INFO  segmented.SegmentedRaftLogWorker (SegmentedRaftLogWorker.java:startLogSegment(394)) - 7102e10f-7baf-40d1-a733-c49484cac6b4@group-C274E472E363-SegmentedRaftLogWorker: Starting segment from index:0
2021-09-21 01:23:21,093 [7102e10f-7baf-40d1-a733-c49484cac6b4@group-C274E472E363-SegmentedRaftLogWorker] INFO  segmented.SegmentedRaftLogWorker (SegmentedRaftLogWorker.java:execute(601)) - 7102e10f-7baf-40d1-a733-c49484cac6b4@group-C274E472E363-SegmentedRaftLogWorker: created new log segment /home/runner/work/ozone/ozone/hadoop-ozone/integration-test/target/test-dir/MiniOzoneClusterImpl-7349e056-7b32-48d8-92e4-5182ee86217f/datanode-6/data/ratis/8b3e04da-d438-42db-a76b-c274e472e363/current/log_inprogress_0
2021-09-21 01:23:21,176 [grpc-default-executor-4] WARN  server.GrpcLogAppender (LogUtils.java:warn(122)) - c886e095-44b5-4a75-a59b-9e8bd319d099@group-7739A0DA65BB->be30f2b5-d5fc-49a0-9235-d4dd7ecd33b9-AppendLogResponseHandler: Failed appendEntries: org.apache.ratis.thirdparty.io.grpc.StatusRuntimeException: UNAVAILABLE: io exception
2021-09-21 01:23:21,176 [grpc-default-executor-4] WARN  server.GrpcLogAppender (GrpcLogAppender.java:resetClient(111)) - c886e095-44b5-4a75-a59b-9e8bd319d099@group-7739A0DA65BB->be30f2b5-d5fc-49a0-9235-d4dd7ecd33b9-GrpcLogAppender: Leader has not got in touch with Follower c886e095-44b5-4a75-a59b-9e8bd319d099@group-7739A0DA65BB->be30f2b5-d5fc-49a0-9235-d4dd7ecd33b9(c0,m0,n1, attendVote=true, lastRpcSendTime=2502, lastRpcResponseTime=20056) yet, just keep nextIndex unchanged and retry.
2021-09-21 01:23:21,250 [grpc-default-executor-4] WARN  server.GrpcLogAppender (LogUtils.java:warn(122)) - c886e095-44b5-4a75-a59b-9e8bd319d099@group-7739A0DA65BB->c67ce9c0-0a3a-4be5-b90f-8c76fbba61ed-AppendLogResponseHandler: Failed appendEntries: org.apache.ratis.thirdparty.io.grpc.StatusRuntimeException: UNAVAILABLE: io exception
2021-09-21 01:23:21,251 [grpc-default-executor-4] WARN  server.GrpcLogAppender (GrpcLogAppender.java:resetClient(111)) - c886e095-44b5-4a75-a59b-9e8bd319d099@group-7739A0DA65BB->c67ce9c0-0a3a-4be5-b90f-8c76fbba61ed-GrpcLogAppender: Leader has not got in touch with Follower c886e095-44b5-4a75-a59b-9e8bd319d099@group-7739A0DA65BB->c67ce9c0-0a3a-4be5-b90f-8c76fbba61ed(c0,m0,n1, attendVote=true, lastRpcSendTime=2510, lastRpcResponseTime=5040) yet, just keep nextIndex unchanged and retry.
2021-09-21 01:23:21,595 [Listener at 127.0.0.1/33583] INFO  statemachine.DatanodeStateMachine (DatanodeStateMachine.java:stopDaemon(515)) - Ozone container server stopped.
2021-09-21 01:23:21,596 [Listener at 127.0.0.1/33583] INFO  handler.ContextHandler (ContextHandler.java:doStop(1153)) - Stopped o.e.j.w.WebAppContext@7f3defe2{hddsDatanode,/,null,STOPPED}{jar:file:/home/runner/.m2/repository/org/apache/ozone/hdds-container-service/1.2.0-SNAPSHOT/hdds-container-service-1.2.0-SNAPSHOT.jar!/webapps/hddsDatanode}
2021-09-21 01:23:21,601 [Listener at 127.0.0.1/33583] INFO  server.AbstractConnector (AbstractConnector.java:doStop(381)) - Stopped ServerConnector@6a9afc7f{HTTP/1.1, (http/1.1)}{0.0.0.0:0}
2021-09-21 01:23:21,601 [Listener at 127.0.0.1/33583] INFO  server.session (HouseKeeper.java:stopScavenging(149)) - node0 Stopped scavenging
2021-09-21 01:23:21,601 [Listener at 127.0.0.1/33583] INFO  handler.ContextHandler (ContextHandler.java:doStop(1153)) - Stopped o.e.j.s.ServletContextHandler@422c8d72{static,/static,jar:file:/home/runner/.m2/repository/org/apache/ozone/hdds-container-service/1.2.0-SNAPSHOT/hdds-container-service-1.2.0-SNAPSHOT.jar!/webapps/static,STOPPED}
2021-09-21 01:23:21,601 [Listener at 127.0.0.1/33583] INFO  handler.ContextHandler (ContextHandler.java:doStop(1153)) - Stopped o.e.j.s.ServletContextHandler@4aa0ee7c{logs,/logs,file:///home/runner/work/ozone/ozone/hadoop-ozone/integration-test/target/log,STOPPED}
2021-09-21 01:23:21,635 [ForkJoinPool.commonPool-worker-0] INFO  statemachine.DatanodeStateMachine (DatanodeStateMachine.java:stopDaemon(515)) - Ozone container server stopped.
2021-09-21 01:23:21,645 [ForkJoinPool.commonPool-worker-0] INFO  handler.ContextHandler (ContextHandler.java:doStop(1153)) - Stopped o.e.j.w.WebAppContext@3ef443f1{hddsDatanode,/,null,STOPPED}{jar:file:/home/runner/.m2/repository/org/apache/ozone/hdds-container-service/1.2.0-SNAPSHOT/hdds-container-service-1.2.0-SNAPSHOT.jar!/webapps/hddsDatanode}
2021-09-21 01:23:21,667 [ForkJoinPool.commonPool-worker-0] INFO  server.AbstractConnector (AbstractConnector.java:doStop(381)) - Stopped ServerConnector@195e4c8e{HTTP/1.1, (http/1.1)}{0.0.0.0:0}
2021-09-21 01:23:21,668 [ForkJoinPool.commonPool-worker-0] INFO  server.session (HouseKeeper.java:stopScavenging(149)) - node0 Stopped scavenging
2021-09-21 01:23:21,672 [ForkJoinPool.commonPool-worker-0] INFO  handler.ContextHandler (ContextHandler.java:doStop(1153)) - Stopped o.e.j.s.ServletContextHandler@cd7c71d{static,/static,jar:file:/home/runner/.m2/repository/org/apache/ozone/hdds-container-service/1.2.0-SNAPSHOT/hdds-container-service-1.2.0-SNAPSHOT.jar!/webapps/static,STOPPED}
2021-09-21 01:23:21,675 [ForkJoinPool.commonPool-worker-0] INFO  handler.ContextHandler (ContextHandler.java:doStop(1153)) - Stopped o.e.j.s.ServletContextHandler@73da1f76{logs,/logs,file:///home/runner/work/ozone/ozone/hadoop-ozone/integration-test/target/log,STOPPED}
2021-09-21 01:23:22,427 [c886e095-44b5-4a75-a59b-9e8bd319d099@group-7739A0DA65BB-LeaderStateImpl] WARN  server.RaftServer$Division (LeaderStateImpl.java:checkLeadership(944)) - c886e095-44b5-4a75-a59b-9e8bd319d099@group-7739A0DA65BB-LeaderStateImpl: Lost leadership on term: 3. Election timeout: 5200ms. In charge for: 36470ms. Conf: 0: [c67ce9c0-0a3a-4be5-b90f-8c76fbba61ed|rpc:10.1.0.51:43243|dataStream:|priority:0, be30f2b5-d5fc-49a0-9235-d4dd7ecd33b9|rpc:10.1.0.51:40839|dataStream:|priority:0, c886e095-44b5-4a75-a59b-9e8bd319d099|rpc:10.1.0.51:43537|dataStream:|priority:1], old=null
2021-09-21 01:23:22,427 [c886e095-44b5-4a75-a59b-9e8bd319d099@group-7739A0DA65BB-LeaderStateImpl] WARN  server.RaftServer$Division (LeaderStateImpl.java:lambda$checkLeadership$15(948)) - Follower c886e095-44b5-4a75-a59b-9e8bd319d099@group-7739A0DA65BB->c67ce9c0-0a3a-4be5-b90f-8c76fbba61ed(c0,m0,n1, attendVote=true, lastRpcSendTime=1174, lastRpcResponseTime=6216)
2021-09-21 01:23:22,428 [c886e095-44b5-4a75-a59b-9e8bd319d099@group-7739A0DA65BB-LeaderStateImpl] WARN  server.RaftServer$Division (LeaderStateImpl.java:lambda$checkLeadership$15(948)) - Follower c886e095-44b5-4a75-a59b-9e8bd319d099@group-7739A0DA65BB->be30f2b5-d5fc-49a0-9235-d4dd7ecd33b9(c0,m0,n1, attendVote=true, lastRpcSendTime=1250, lastRpcResponseTime=21307)
2021-09-21 01:23:22,428 [c886e095-44b5-4a75-a59b-9e8bd319d099@group-7739A0DA65BB-LeaderStateImpl] INFO  server.RaftServer$Division (RaftServerImpl.java:setRole(285)) - c886e095-44b5-4a75-a59b-9e8bd319d099@group-7739A0DA65BB: changes role from    LEADER to FOLLOWER at term 3 for StepDownReason:LOST_MAJORITY_HEARTBEATS
2021-09-21 01:23:22,428 [c886e095-44b5-4a75-a59b-9e8bd319d099@group-7739A0DA65BB-LeaderStateImpl] INFO  impl.RoleInfo (RoleInfo.java:shutdownLeaderState(91)) - c886e095-44b5-4a75-a59b-9e8bd319d099: shutdown c886e095-44b5-4a75-a59b-9e8bd319d099@group-7739A0DA65BB-LeaderStateImpl
2021-09-21 01:23:22,428 [c886e095-44b5-4a75-a59b-9e8bd319d099@group-7739A0DA65BB-LeaderStateImpl] INFO  impl.PendingRequests (PendingRequests.java:sendNotLeaderResponses(282)) - c886e095-44b5-4a75-a59b-9e8bd319d099@group-7739A0DA65BB-PendingRequests: sendNotLeaderResponses
2021-09-21 01:23:22,428 [c886e095-44b5-4a75-a59b-9e8bd319d099@group-7739A0DA65BB-LeaderStateImpl] INFO  impl.RoleInfo (RoleInfo.java:updateAndGet(130)) - c886e095-44b5-4a75-a59b-9e8bd319d099: start c886e095-44b5-4a75-a59b-9e8bd319d099@group-7739A0DA65BB-FollowerState
2021-09-21 01:23:23,475 [grpc-default-executor-4] WARN  server.GrpcLogAppender (LogUtils.java:warn(122)) - ad039a86-d7f3-42ea-bec3-b4149bcaa887@group-C274E472E363->77eebb93-8ed1-4443-8476-48726f7e27c1-AppendLogResponseHandler: Failed appendEntries: org.apache.ratis.thirdparty.io.grpc.StatusRuntimeException: UNAVAILABLE: io exception
2021-09-21 01:23:23,476 [grpc-default-executor-4] WARN  server.GrpcLogAppender (GrpcLogAppender.java:resetClient(111)) - ad039a86-d7f3-42ea-bec3-b4149bcaa887@group-C274E472E363->77eebb93-8ed1-4443-8476-48726f7e27c1-GrpcLogAppender: Leader has not got in touch with Follower ad039a86-d7f3-42ea-bec3-b4149bcaa887@group-C274E472E363->77eebb93-8ed1-4443-8476-48726f7e27c1(c-1,m0,n1, attendVote=true, lastRpcSendTime=2502, lastRpcResponseTime=7735) yet, just keep nextIndex unchanged and retry.
2021-09-21 01:23:25,977 [grpc-default-executor-4] WARN  server.GrpcLogAppender (LogUtils.java:warn(122)) - ad039a86-d7f3-42ea-bec3-b4149bcaa887@group-C274E472E363->77eebb93-8ed1-4443-8476-48726f7e27c1-AppendLogResponseHandler: Failed appendEntries: org.apache.ratis.thirdparty.io.grpc.StatusRuntimeException: UNAVAILABLE: io exception
2021-09-21 01:23:25,978 [grpc-default-executor-4] WARN  server.GrpcLogAppender (GrpcLogAppender.java:resetClient(111)) - ad039a86-d7f3-42ea-bec3-b4149bcaa887@group-C274E472E363->77eebb93-8ed1-4443-8476-48726f7e27c1-GrpcLogAppender: Leader has not got in touch with Follower ad039a86-d7f3-42ea-bec3-b4149bcaa887@group-C274E472E363->77eebb93-8ed1-4443-8476-48726f7e27c1(c-1,m0,n1, attendVote=true, lastRpcSendTime=0, lastRpcResponseTime=10237) yet, just keep nextIndex unchanged and retry.
2021-09-21 01:23:26,194 [ad039a86-d7f3-42ea-bec3-b4149bcaa887@group-C274E472E363-LeaderStateImpl] INFO  server.RaftServer$Division (LeaderStateImpl.java:yieldLeaderToHigherPriorityPeer(900)) - ad039a86-d7f3-42ea-bec3-b4149bcaa887@group-C274E472E363-LeaderStateImpl send StartLeaderElectionRequest to follower:77eebb93-8ed1-4443-8476-48726f7e27c1 on term:10 because follower's priority:1 is higher than leader's:0 and follower's lastEntry index:0 catch up with leader's:0
2021-09-21 01:23:26,211 [EventQueue-StaleNodeForStaleNodeHandler] INFO  node.StaleNodeHandler (StaleNodeHandler.java:onMessage(58)) - Datanode 57923224-7b87-4e71-9981-19f5694b9dee{ip: 10.1.0.51, host: fv-az122-453.zf1tlrj3kn4expqppa1j4mpycf.xx.internal.cloudapp.net, ports: [REPLICATION=39567, RATIS=39003, RATIS_ADMIN=39003, RATIS_SERVER=39003, STANDALONE=38953], networkLocation: /default-rack, certSerialId: null, persistedOpState: IN_SERVICE, persistedOpStateExpiryEpochSec: 0} moved to stale state. Finalizing its pipelines [PipelineID=af064ed5-d2ee-4a20-89df-d13672d1e602, PipelineID=324dc8db-b8de-4dc6-be0a-58f84cc3f313]
2021-09-21 01:23:26,213 [EventQueue-StaleNodeForStaleNodeHandler] INFO  pipeline.PipelineManagerImpl (PipelineManagerImpl.java:closePipeline(342)) - Pipeline Pipeline[ Id: af064ed5-d2ee-4a20-89df-d13672d1e602, Nodes: aa364905-4a8e-4b76-ab26-d74d60c32cfc{ip: 10.1.0.51, host: fv-az122-453.zf1tlrj3kn4expqppa1j4mpycf.xx.internal.cloudapp.net, ports: [REPLICATION=42687, RATIS=39239, RATIS_ADMIN=39239, RATIS_SERVER=39239, STANDALONE=34147], networkLocation: /default-rack, certSerialId: null, persistedOpState: IN_SERVICE, persistedOpStateExpiryEpochSec: 0}9e8c78a1-f01d-42ca-a684-b6f934dd8d4f{ip: 10.1.0.51, host: fv-az122-453.zf1tlrj3kn4expqppa1j4mpycf.xx.internal.cloudapp.net, ports: [REPLICATION=38911, RATIS=39721, RATIS_ADMIN=39721, RATIS_SERVER=39721, STANDALONE=36341], networkLocation: /default-rack, certSerialId: null, persistedOpState: IN_SERVICE, persistedOpStateExpiryEpochSec: 0}57923224-7b87-4e71-9981-19f5694b9dee{ip: 10.1.0.51, host: fv-az122-453.zf1tlrj3kn4expqppa1j4mpycf.xx.internal.cloudapp.net, ports: [REPLICATION=39567, RATIS=39003, RATIS_ADMIN=39003, RATIS_SERVER=39003, STANDALONE=38953], networkLocation: /default-rack, certSerialId: null, persistedOpState: IN_SERVICE, persistedOpStateExpiryEpochSec: 0}, ReplicationConfig: RATIS/THREE, State:OPEN, leaderId:57923224-7b87-4e71-9981-19f5694b9dee, CreationTimestamp2021-09-21T01:22:30.788Z[Etc/UTC]] moved to CLOSED state
2021-09-21 01:23:26,213 [EventQueue-StaleNodeForStaleNodeHandler] INFO  pipeline.PipelineManagerImpl (PipelineManagerImpl.java:closePipeline(342)) - Pipeline Pipeline[ Id: 324dc8db-b8de-4dc6-be0a-58f84cc3f313, Nodes: 57923224-7b87-4e71-9981-19f5694b9dee{ip: 10.1.0.51, host: fv-az122-453.zf1tlrj3kn4expqppa1j4mpycf.xx.internal.cloudapp.net, ports: [REPLICATION=39567, RATIS=39003, RATIS_ADMIN=39003, RATIS_SERVER=39003, STANDALONE=38953], networkLocation: /default-rack, certSerialId: null, persistedOpState: IN_SERVICE, persistedOpStateExpiryEpochSec: 0}, ReplicationConfig: RATIS/ONE, State:OPEN, leaderId:57923224-7b87-4e71-9981-19f5694b9dee, CreationTimestamp2021-09-21T01:22:30.097Z[Etc/UTC]] moved to CLOSED state
2021-09-21 01:23:26,314 [EventQueue-StaleNodeForStaleNodeHandler] INFO  node.StaleNodeHandler (StaleNodeHandler.java:onMessage(58)) - Datanode be30f2b5-d5fc-49a0-9235-d4dd7ecd33b9{ip: 10.1.0.51, host: fv-az122-453.zf1tlrj3kn4expqppa1j4mpycf.xx.internal.cloudapp.net, ports: [REPLICATION=38081, RATIS=40839, RATIS_ADMIN=40839, RATIS_SERVER=40839, STANDALONE=45589], networkLocation: /default-rack, certSerialId: null, persistedOpState: IN_SERVICE, persistedOpStateExpiryEpochSec: 0} moved to stale state. Finalizing its pipelines [PipelineID=7c372caa-62a0-4f84-8eb6-7739a0da65bb, PipelineID=b173bcbf-5b5e-4b4e-a8b3-9144baf8d3cc]
2021-09-21 01:23:26,315 [EventQueue-StaleNodeForStaleNodeHandler] INFO  pipeline.PipelineManagerImpl (PipelineManagerImpl.java:closePipeline(342)) - Pipeline Pipeline[ Id: 7c372caa-62a0-4f84-8eb6-7739a0da65bb, Nodes: c886e095-44b5-4a75-a59b-9e8bd319d099{ip: 10.1.0.51, host: fv-az122-453.zf1tlrj3kn4expqppa1j4mpycf.xx.internal.cloudapp.net, ports: [REPLICATION=33119, RATIS=43537, RATIS_ADMIN=43537, RATIS_SERVER=43537, STANDALONE=41033], networkLocation: /default-rack, certSerialId: null, persistedOpState: IN_SERVICE, persistedOpStateExpiryEpochSec: 0}c67ce9c0-0a3a-4be5-b90f-8c76fbba61ed{ip: 10.1.0.51, host: fv-az122-453.zf1tlrj3kn4expqppa1j4mpycf.xx.internal.cloudapp.net, ports: [REPLICATION=46007, RATIS=43243, RATIS_ADMIN=43243, RATIS_SERVER=43243, STANDALONE=45299], networkLocation: /default-rack, certSerialId: null, persistedOpState: IN_SERVICE, persistedOpStateExpiryEpochSec: 0}be30f2b5-d5fc-49a0-9235-d4dd7ecd33b9{ip: 10.1.0.51, host: fv-az122-453.zf1tlrj3kn4expqppa1j4mpycf.xx.internal.cloudapp.net, ports: [REPLICATION=38081, RATIS=40839, RATIS_ADMIN=40839, RATIS_SERVER=40839, STANDALONE=45589], networkLocation: /default-rack, certSerialId: null, persistedOpState: IN_SERVICE, persistedOpStateExpiryEpochSec: 0}, ReplicationConfig: RATIS/THREE, State:OPEN, leaderId:c886e095-44b5-4a75-a59b-9e8bd319d099, CreationTimestamp2021-09-21T01:22:28.866Z[Etc/UTC]] moved to CLOSED state
2021-09-21 01:23:26,315 [EventQueue-StaleNodeForStaleNodeHandler] INFO  pipeline.PipelineManagerImpl (PipelineManagerImpl.java:closePipeline(342)) - Pipeline Pipeline[ Id: b173bcbf-5b5e-4b4e-a8b3-9144baf8d3cc, Nodes: be30f2b5-d5fc-49a0-9235-d4dd7ecd33b9{ip: 10.1.0.51, host: fv-az122-453.zf1tlrj3kn4expqppa1j4mpycf.xx.internal.cloudapp.net, ports: [REPLICATION=38081, RATIS=40839, RATIS_ADMIN=40839, RATIS_SERVER=40839, STANDALONE=45589], networkLocation: /default-rack, certSerialId: null, persistedOpState: IN_SERVICE, persistedOpStateExpiryEpochSec: 0}, ReplicationConfig: RATIS/ONE, State:OPEN, leaderId:be30f2b5-d5fc-49a0-9235-d4dd7ecd33b9, CreationTimestamp2021-09-21T01:22:28.860Z[Etc/UTC]] moved to CLOSED state
2021-09-21 01:23:26,603 [Listener at 127.0.0.1/33583] INFO  ozoneimpl.OzoneContainer (OzoneContainer.java:stop(325)) - Attempting to stop container services.
2021-09-21 01:23:26,606 [Listener at 127.0.0.1/33583] INFO  server.RaftServer (RaftServerProxy.java:lambda$close$6(391)) - ad039a86-d7f3-42ea-bec3-b4149bcaa887: close
2021-09-21 01:23:26,606 [Listener at 127.0.0.1/33583] INFO  server.RaftServer$Division (RaftServerImpl.java:lambda$close$4(407)) - ad039a86-d7f3-42ea-bec3-b4149bcaa887@group-79F07020D29C: shutdown
2021-09-21 01:23:26,606 [Listener at 127.0.0.1/33583] INFO  util.JmxRegister (JmxRegister.java:unregister(73)) - Successfully un-registered JMX Bean with object name Ratis:service=RaftServer,group=group-79F07020D29C,id=ad039a86-d7f3-42ea-bec3-b4149bcaa887
2021-09-21 01:23:26,606 [Listener at 127.0.0.1/33583] INFO  impl.RoleInfo (RoleInfo.java:shutdownLeaderState(91)) - ad039a86-d7f3-42ea-bec3-b4149bcaa887: shutdown ad039a86-d7f3-42ea-bec3-b4149bcaa887@group-79F07020D29C-LeaderStateImpl
2021-09-21 01:23:26,606 [Listener at 127.0.0.1/33583] INFO  impl.PendingRequests (PendingRequests.java:sendNotLeaderResponses(282)) - ad039a86-d7f3-42ea-bec3-b4149bcaa887@group-79F07020D29C-PendingRequests: sendNotLeaderResponses
2021-09-21 01:23:26,611 [Listener at 127.0.0.1/33583] INFO  impl.StateMachineUpdater (StateMachineUpdater.java:stopAndJoin(149)) - ad039a86-d7f3-42ea-bec3-b4149bcaa887@group-79F07020D29C-StateMachineUpdater: set stopIndex = 0
2021-09-21 01:23:26,611 [ad039a86-d7f3-42ea-bec3-b4149bcaa887@group-79F07020D29C-StateMachineUpdater] INFO  ratis.ContainerStateMachine (ContainerStateMachine.java:takeSnapshot(292)) - group-79F07020D29C: Taking a snapshot at:(t:1, i:0) file /home/runner/work/ozone/ozone/hadoop-ozone/integration-test/target/test-dir/MiniOzoneClusterImpl-7349e056-7b32-48d8-92e4-5182ee86217f/datanode-8/data/ratis/b5a081e7-2626-4002-956a-79f07020d29c/sm/snapshot.1_0
2021-09-21 01:23:26,612 [ad039a86-d7f3-42ea-bec3-b4149bcaa887@group-79F07020D29C-StateMachineUpdater] INFO  ratis.ContainerStateMachine (ContainerStateMachine.java:takeSnapshot(303)) - group-79F07020D29C: Finished taking a snapshot at:(t:1, i:0) file:/home/runner/work/ozone/ozone/hadoop-ozone/integration-test/target/test-dir/MiniOzoneClusterImpl-7349e056-7b32-48d8-92e4-5182ee86217f/datanode-8/data/ratis/b5a081e7-2626-4002-956a-79f07020d29c/sm/snapshot.1_0 took: 2 ms
2021-09-21 01:23:26,613 [ad039a86-d7f3-42ea-bec3-b4149bcaa887@group-79F07020D29C-StateMachineUpdater] INFO  impl.StateMachineUpdater (StateMachineUpdater.java:takeSnapshot(281)) - ad039a86-d7f3-42ea-bec3-b4149bcaa887@group-79F07020D29C-StateMachineUpdater: Took a snapshot at index 0
2021-09-21 01:23:26,613 [ad039a86-d7f3-42ea-bec3-b4149bcaa887@group-79F07020D29C-StateMachineUpdater] INFO  impl.StateMachineUpdater (StateMachineUpdater.java:lambda$new$0(89)) - ad039a86-d7f3-42ea-bec3-b4149bcaa887@group-79F07020D29C-StateMachineUpdater: snapshotIndex: updateIncreasingly -1 -> 0
2021-09-21 01:23:26,613 [Listener at 127.0.0.1/33583] INFO  server.RaftServer$Division (ServerState.java:close(419)) - ad039a86-d7f3-42ea-bec3-b4149bcaa887@group-79F07020D29C: closes. applyIndex: 0
2021-09-21 01:23:26,614 [ad039a86-d7f3-42ea-bec3-b4149bcaa887@group-79F07020D29C-SegmentedRaftLogWorker] INFO  segmented.SegmentedRaftLogWorker (SegmentedRaftLogWorker.java:run(327)) - ad039a86-d7f3-42ea-bec3-b4149bcaa887@group-79F07020D29C-SegmentedRaftLogWorker was interrupted, exiting. There are 0 tasks remaining in the queue.
2021-09-21 01:23:26,615 [Listener at 127.0.0.1/33583] INFO  segmented.SegmentedRaftLogWorker (SegmentedRaftLogWorker.java:close(237)) - ad039a86-d7f3-42ea-bec3-b4149bcaa887@group-79F07020D29C-SegmentedRaftLogWorker close()
2021-09-21 01:23:26,615 [Listener at 127.0.0.1/33583] INFO  server.RaftServer$Division (RaftServerImpl.java:lambda$close$4(407)) - ad039a86-d7f3-42ea-bec3-b4149bcaa887@group-C274E472E363: shutdown
2021-09-21 01:23:26,615 [Listener at 127.0.0.1/33583] INFO  util.JmxRegister (JmxRegister.java:unregister(73)) - Successfully un-registered JMX Bean with object name Ratis:service=RaftServer,group=group-C274E472E363,id=ad039a86-d7f3-42ea-bec3-b4149bcaa887
2021-09-21 01:23:26,616 [Listener at 127.0.0.1/33583] INFO  impl.RoleInfo (RoleInfo.java:shutdownLeaderState(91)) - ad039a86-d7f3-42ea-bec3-b4149bcaa887: shutdown ad039a86-d7f3-42ea-bec3-b4149bcaa887@group-C274E472E363-LeaderStateImpl
2021-09-21 01:23:26,617 [ad039a86-d7f3-42ea-bec3-b4149bcaa887@group-C274E472E363->7102e10f-7baf-40d1-a733-c49484cac6b4-GrpcLogAppender-LogAppenderDaemon] WARN  server.GrpcLogAppender (GrpcLogAppender.java:mayWait(175)) - ad039a86-d7f3-42ea-bec3-b4149bcaa887@group-C274E472E363->7102e10f-7baf-40d1-a733-c49484cac6b4-GrpcLogAppender: Wait interrupted by java.lang.InterruptedException
2021-09-21 01:23:26,617 [Listener at 127.0.0.1/33583] INFO  impl.PendingRequests (PendingRequests.java:sendNotLeaderResponses(282)) - ad039a86-d7f3-42ea-bec3-b4149bcaa887@group-C274E472E363-PendingRequests: sendNotLeaderResponses
2021-09-21 01:23:26,617 [grpc-default-executor-4] INFO  server.GrpcServerProtocolService (GrpcServerProtocolService.java:onCompleted(140)) - 7102e10f-7baf-40d1-a733-c49484cac6b4: Completed APPEND_ENTRIES, lastRequest: ad039a86-d7f3-42ea-bec3-b4149bcaa887->7102e10f-7baf-40d1-a733-c49484cac6b4#1-t10,previous=(t:0, i:0),leaderCommit=0,initializing? true,entries: size=1, first=(t:10, i:0), CONFIGURATIONENTRY
2021-09-21 01:23:26,618 [grpc-default-executor-4] INFO  server.GrpcLogAppender (GrpcLogAppender.java:onCompleted(344)) - ad039a86-d7f3-42ea-bec3-b4149bcaa887@group-C274E472E363->7102e10f-7baf-40d1-a733-c49484cac6b4-AppendLogResponseHandler: follower responses appendEntries COMPLETED
2021-09-21 01:23:26,618 [grpc-default-executor-4] INFO  leader.FollowerInfo (FollowerInfoImpl.java:lambda$new$0(46)) - ad039a86-d7f3-42ea-bec3-b4149bcaa887@group-C274E472E363->7102e10f-7baf-40d1-a733-c49484cac6b4: nextIndex: updateUnconditionally 1 -> 0
2021-09-21 01:23:26,620 [ad039a86-d7f3-42ea-bec3-b4149bcaa887@group-C274E472E363-StateMachineUpdater] INFO  ratis.ContainerStateMachine (ContainerStateMachine.java:takeSnapshot(292)) - group-C274E472E363: Taking a snapshot at:(t:10, i:0) file /home/runner/work/ozone/ozone/hadoop-ozone/integration-test/target/test-dir/MiniOzoneClusterImpl-7349e056-7b32-48d8-92e4-5182ee86217f/datanode-8/data/ratis/8b3e04da-d438-42db-a76b-c274e472e363/sm/snapshot.10_0
2021-09-21 01:23:26,621 [ad039a86-d7f3-42ea-bec3-b4149bcaa887@group-C274E472E363-StateMachineUpdater] INFO  ratis.ContainerStateMachine (ContainerStateMachine.java:takeSnapshot(303)) - group-C274E472E363: Finished taking a snapshot at:(t:10, i:0) file:/home/runner/work/ozone/ozone/hadoop-ozone/integration-test/target/test-dir/MiniOzoneClusterImpl-7349e056-7b32-48d8-92e4-5182ee86217f/datanode-8/data/ratis/8b3e04da-d438-42db-a76b-c274e472e363/sm/snapshot.10_0 took: 1 ms
2021-09-21 01:23:26,621 [ad039a86-d7f3-42ea-bec3-b4149bcaa887@group-C274E472E363-StateMachineUpdater] INFO  impl.StateMachineUpdater (StateMachineUpdater.java:takeSnapshot(281)) - ad039a86-d7f3-42ea-bec3-b4149bcaa887@group-C274E472E363-StateMachineUpdater: Took a snapshot at index 0
2021-09-21 01:23:26,621 [ad039a86-d7f3-42ea-bec3-b4149bcaa887@group-C274E472E363-StateMachineUpdater] INFO  impl.StateMachineUpdater (StateMachineUpdater.java:lambda$new$0(89)) - ad039a86-d7f3-42ea-bec3-b4149bcaa887@group-C274E472E363-StateMachineUpdater: snapshotIndex: updateIncreasingly -1 -> 0
2021-09-21 01:23:26,621 [Listener at 127.0.0.1/33583] INFO  impl.StateMachineUpdater (StateMachineUpdater.java:stopAndJoin(149)) - ad039a86-d7f3-42ea-bec3-b4149bcaa887@group-C274E472E363-StateMachineUpdater: set stopIndex = 0
2021-09-21 01:23:26,622 [Listener at 127.0.0.1/33583] INFO  server.RaftServer$Division (ServerState.java:close(419)) - ad039a86-d7f3-42ea-bec3-b4149bcaa887@group-C274E472E363: closes. applyIndex: 0
2021-09-21 01:23:26,622 [ad039a86-d7f3-42ea-bec3-b4149bcaa887@group-C274E472E363-SegmentedRaftLogWorker] INFO  segmented.SegmentedRaftLogWorker (SegmentedRaftLogWorker.java:run(327)) - ad039a86-d7f3-42ea-bec3-b4149bcaa887@group-C274E472E363-SegmentedRaftLogWorker was interrupted, exiting. There are 0 tasks remaining in the queue.
2021-09-21 01:23:26,623 [Listener at 127.0.0.1/33583] INFO  segmented.SegmentedRaftLogWorker (SegmentedRaftLogWorker.java:close(237)) - ad039a86-d7f3-42ea-bec3-b4149bcaa887@group-C274E472E363-SegmentedRaftLogWorker close()
2021-09-21 01:23:26,623 [Listener at 127.0.0.1/33583] INFO  server.GrpcService (GrpcService.java:closeImpl(262)) - ad039a86-d7f3-42ea-bec3-b4149bcaa887: shutdown server with port 35567 now
2021-09-21 01:23:26,656 [Listener at 127.0.0.1/33583] INFO  server.GrpcService (GrpcService.java:closeImpl(271)) - ad039a86-d7f3-42ea-bec3-b4149bcaa887: shutdown server with port 35567 successfully
2021-09-21 01:23:26,667 [org.apache.ratis.util.JvmPauseMonitor$$Lambda$531/116790936@37b85031] INFO  util.JvmPauseMonitor (JvmPauseMonitor.java:run(109)) - JvmPauseMonitor-ad039a86-d7f3-42ea-bec3-b4149bcaa887: Stopped
2021-09-21 01:23:26,668 [Listener at 127.0.0.1/33583] INFO  utils.BackgroundService (BackgroundService.java:shutdown(132)) - Shutting down service BlockDeletingService
2021-09-21 01:23:26,689 [ForkJoinPool.commonPool-worker-0] INFO  ozoneimpl.OzoneContainer (OzoneContainer.java:stop(325)) - Attempting to stop container services.
2021-09-21 01:23:26,691 [ForkJoinPool.commonPool-worker-0] INFO  server.RaftServer (RaftServerProxy.java:lambda$close$6(391)) - c886e095-44b5-4a75-a59b-9e8bd319d099: close
2021-09-21 01:23:26,691 [ForkJoinPool.commonPool-worker-0] INFO  server.RaftServer$Division (RaftServerImpl.java:lambda$close$4(407)) - c886e095-44b5-4a75-a59b-9e8bd319d099@group-E85CC8CF5841: shutdown
2021-09-21 01:23:26,691 [ForkJoinPool.commonPool-worker-0] INFO  util.JmxRegister (JmxRegister.java:unregister(73)) - Successfully un-registered JMX Bean with object name Ratis:service=RaftServer,group=group-E85CC8CF5841,id=c886e095-44b5-4a75-a59b-9e8bd319d099
2021-09-21 01:23:26,692 [ForkJoinPool.commonPool-worker-0] INFO  impl.RoleInfo (RoleInfo.java:shutdownLeaderState(91)) - c886e095-44b5-4a75-a59b-9e8bd319d099: shutdown c886e095-44b5-4a75-a59b-9e8bd319d099@group-E85CC8CF5841-LeaderStateImpl
2021-09-21 01:23:26,692 [ForkJoinPool.commonPool-worker-0] INFO  impl.PendingRequests (PendingRequests.java:sendNotLeaderResponses(282)) - c886e095-44b5-4a75-a59b-9e8bd319d099@group-E85CC8CF5841-PendingRequests: sendNotLeaderResponses
2021-09-21 01:23:26,692 [ForkJoinPool.commonPool-worker-0] INFO  impl.StateMachineUpdater (StateMachineUpdater.java:stopAndJoin(149)) - c886e095-44b5-4a75-a59b-9e8bd319d099@group-E85CC8CF5841-StateMachineUpdater: set stopIndex = 0
2021-09-21 01:23:26,693 [c886e095-44b5-4a75-a59b-9e8bd319d099@group-E85CC8CF5841-StateMachineUpdater] INFO  ratis.ContainerStateMachine (ContainerStateMachine.java:takeSnapshot(292)) - group-E85CC8CF5841: Taking a snapshot at:(t:1, i:0) file /home/runner/work/ozone/ozone/hadoop-ozone/integration-test/target/test-dir/MiniOzoneClusterImpl-7349e056-7b32-48d8-92e4-5182ee86217f/datanode-1/data/ratis/5e45ed9a-a3fd-4d3e-84ce-e85cc8cf5841/sm/snapshot.1_0
2021-09-21 01:23:26,693 [c886e095-44b5-4a75-a59b-9e8bd319d099@group-E85CC8CF5841-StateMachineUpdater] INFO  ratis.ContainerStateMachine (ContainerStateMachine.java:takeSnapshot(303)) - group-E85CC8CF5841: Finished taking a snapshot at:(t:1, i:0) file:/home/runner/work/ozone/ozone/hadoop-ozone/integration-test/target/test-dir/MiniOzoneClusterImpl-7349e056-7b32-48d8-92e4-5182ee86217f/datanode-1/data/ratis/5e45ed9a-a3fd-4d3e-84ce-e85cc8cf5841/sm/snapshot.1_0 took: 1 ms
2021-09-21 01:23:26,694 [c886e095-44b5-4a75-a59b-9e8bd319d099@group-E85CC8CF5841-StateMachineUpdater] INFO  impl.StateMachineUpdater (StateMachineUpdater.java:takeSnapshot(281)) - c886e095-44b5-4a75-a59b-9e8bd319d099@group-E85CC8CF5841-StateMachineUpdater: Took a snapshot at index 0
2021-09-21 01:23:26,694 [c886e095-44b5-4a75-a59b-9e8bd319d099@group-E85CC8CF5841-StateMachineUpdater] INFO  impl.StateMachineUpdater (StateMachineUpdater.java:lambda$new$0(89)) - c886e095-44b5-4a75-a59b-9e8bd319d099@group-E85CC8CF5841-StateMachineUpdater: snapshotIndex: updateIncreasingly -1 -> 0
2021-09-21 01:23:26,694 [ForkJoinPool.commonPool-worker-0] INFO  server.RaftServer$Division (ServerState.java:close(419)) - c886e095-44b5-4a75-a59b-9e8bd319d099@group-E85CC8CF5841: closes. applyIndex: 0
2021-09-21 01:23:26,694 [c886e095-44b5-4a75-a59b-9e8bd319d099@group-E85CC8CF5841-SegmentedRaftLogWorker] INFO  segmented.SegmentedRaftLogWorker (SegmentedRaftLogWorker.java:run(327)) - c886e095-44b5-4a75-a59b-9e8bd319d099@group-E85CC8CF5841-SegmentedRaftLogWorker was interrupted, exiting. There are 0 tasks remaining in the queue.
2021-09-21 01:23:26,694 [ForkJoinPool.commonPool-worker-0] INFO  segmented.SegmentedRaftLogWorker (SegmentedRaftLogWorker.java:close(237)) - c886e095-44b5-4a75-a59b-9e8bd319d099@group-E85CC8CF5841-SegmentedRaftLogWorker close()
2021-09-21 01:23:26,694 [ForkJoinPool.commonPool-worker-0] INFO  server.RaftServer$Division (RaftServerImpl.java:lambda$close$4(407)) - c886e095-44b5-4a75-a59b-9e8bd319d099@group-7739A0DA65BB: shutdown
2021-09-21 01:23:26,695 [ForkJoinPool.commonPool-worker-0] INFO  util.JmxRegister (JmxRegister.java:unregister(73)) - Successfully un-registered JMX Bean with object name Ratis:service=RaftServer,group=group-7739A0DA65BB,id=c886e095-44b5-4a75-a59b-9e8bd319d099
2021-09-21 01:23:26,695 [ForkJoinPool.commonPool-worker-0] INFO  impl.RoleInfo (RoleInfo.java:shutdownFollowerState(108)) - c886e095-44b5-4a75-a59b-9e8bd319d099: shutdown c886e095-44b5-4a75-a59b-9e8bd319d099@group-7739A0DA65BB-FollowerState
2021-09-21 01:23:26,695 [ForkJoinPool.commonPool-worker-0] INFO  impl.StateMachineUpdater (StateMachineUpdater.java:stopAndJoin(149)) - c886e095-44b5-4a75-a59b-9e8bd319d099@group-7739A0DA65BB-StateMachineUpdater: set stopIndex = 0
2021-09-21 01:23:26,695 [c886e095-44b5-4a75-a59b-9e8bd319d099@group-7739A0DA65BB-FollowerState] INFO  impl.FollowerState (FollowerState.java:run(143)) - c886e095-44b5-4a75-a59b-9e8bd319d099@group-7739A0DA65BB-FollowerState was interrupted: {}
java.lang.InterruptedException: sleep interrupted
	at java.lang.Thread.sleep(Native Method)
	at java.lang.Thread.sleep(Thread.java:340)
	at java.util.concurrent.TimeUnit.sleep(TimeUnit.java:386)
	at org.apache.ratis.util.TimeDuration.sleep(TimeDuration.java:324)
	at org.apache.ratis.util.TimeDuration.sleep(TimeDuration.java:309)
	at org.apache.ratis.server.impl.FollowerState.run(FollowerState.java:118)
2021-09-21 01:23:26,695 [c886e095-44b5-4a75-a59b-9e8bd319d099@group-7739A0DA65BB-StateMachineUpdater] INFO  ratis.ContainerStateMachine (ContainerStateMachine.java:takeSnapshot(292)) - group-7739A0DA65BB: Taking a snapshot at:(t:3, i:0) file /home/runner/work/ozone/ozone/hadoop-ozone/integration-test/target/test-dir/MiniOzoneClusterImpl-7349e056-7b32-48d8-92e4-5182ee86217f/datanode-1/data/ratis/7c372caa-62a0-4f84-8eb6-7739a0da65bb/sm/snapshot.3_0
2021-09-21 01:23:26,696 [c886e095-44b5-4a75-a59b-9e8bd319d099@group-7739A0DA65BB-StateMachineUpdater] INFO  ratis.ContainerStateMachine (ContainerStateMachine.java:takeSnapshot(303)) - group-7739A0DA65BB: Finished taking a snapshot at:(t:3, i:0) file:/home/runner/work/ozone/ozone/hadoop-ozone/integration-test/target/test-dir/MiniOzoneClusterImpl-7349e056-7b32-48d8-92e4-5182ee86217f/datanode-1/data/ratis/7c372caa-62a0-4f84-8eb6-7739a0da65bb/sm/snapshot.3_0 took: 0 ms
2021-09-21 01:23:26,696 [c886e095-44b5-4a75-a59b-9e8bd319d099@group-7739A0DA65BB-StateMachineUpdater] INFO  impl.StateMachineUpdater (StateMachineUpdater.java:takeSnapshot(281)) - c886e095-44b5-4a75-a59b-9e8bd319d099@group-7739A0DA65BB-StateMachineUpdater: Took a snapshot at index 0
2021-09-21 01:23:26,696 [c886e095-44b5-4a75-a59b-9e8bd319d099@group-7739A0DA65BB-StateMachineUpdater] INFO  impl.StateMachineUpdater (StateMachineUpdater.java:lambda$new$0(89)) - c886e095-44b5-4a75-a59b-9e8bd319d099@group-7739A0DA65BB-StateMachineUpdater: snapshotIndex: updateIncreasingly -1 -> 0
2021-09-21 01:23:26,696 [ForkJoinPool.commonPool-worker-0] INFO  server.RaftServer$Division (ServerState.java:close(419)) - c886e095-44b5-4a75-a59b-9e8bd319d099@group-7739A0DA65BB: closes. applyIndex: 0
2021-09-21 01:23:26,697 [c886e095-44b5-4a75-a59b-9e8bd319d099@group-7739A0DA65BB-SegmentedRaftLogWorker] INFO  segmented.SegmentedRaftLogWorker (SegmentedRaftLogWorker.java:run(327)) - c886e095-44b5-4a75-a59b-9e8bd319d099@group-7739A0DA65BB-SegmentedRaftLogWorker was interrupted, exiting. There are 0 tasks remaining in the queue.
2021-09-21 01:23:26,697 [ForkJoinPool.commonPool-worker-0] INFO  segmented.SegmentedRaftLogWorker (SegmentedRaftLogWorker.java:close(237)) - c886e095-44b5-4a75-a59b-9e8bd319d099@group-7739A0DA65BB-SegmentedRaftLogWorker close()
2021-09-21 01:23:26,697 [ForkJoinPool.commonPool-worker-0] INFO  server.GrpcService (GrpcService.java:closeImpl(262)) - c886e095-44b5-4a75-a59b-9e8bd319d099: shutdown server with port 43537 now
2021-09-21 01:23:26,698 [ForkJoinPool.commonPool-worker-0] INFO  server.GrpcService (GrpcService.java:closeImpl(271)) - c886e095-44b5-4a75-a59b-9e8bd319d099: shutdown server with port 43537 successfully
2021-09-21 01:23:26,698 [org.apache.ratis.util.JvmPauseMonitor$$Lambda$531/116790936@695affa7] INFO  util.JvmPauseMonitor (JvmPauseMonitor.java:run(109)) - JvmPauseMonitor-c886e095-44b5-4a75-a59b-9e8bd319d099: Stopped
2021-09-21 01:23:26,705 [ForkJoinPool.commonPool-worker-0] INFO  utils.BackgroundService (BackgroundService.java:shutdown(132)) - Shutting down service BlockDeletingService
2021-09-21 01:23:29,685 [Listener at 127.0.0.1/33583] INFO  statemachine.DatanodeStateMachine (DatanodeStateMachine.java:stopDaemon(515)) - Ozone container server stopped.
2021-09-21 01:23:29,686 [Listener at 127.0.0.1/33583] INFO  handler.ContextHandler (ContextHandler.java:doStop(1153)) - Stopped o.e.j.w.WebAppContext@43cc56e9{hddsDatanode,/,null,STOPPED}{jar:file:/home/runner/.m2/repository/org/apache/ozone/hdds-container-service/1.2.0-SNAPSHOT/hdds-container-service-1.2.0-SNAPSHOT.jar!/webapps/hddsDatanode}
2021-09-21 01:23:29,687 [Listener at 127.0.0.1/33583] INFO  server.AbstractConnector (AbstractConnector.java:doStop(381)) - Stopped ServerConnector@6522cb71{HTTP/1.1, (http/1.1)}{0.0.0.0:0}
2021-09-21 01:23:29,687 [Listener at 127.0.0.1/33583] INFO  server.session (HouseKeeper.java:stopScavenging(149)) - node0 Stopped scavenging
2021-09-21 01:23:29,688 [Listener at 127.0.0.1/33583] INFO  handler.ContextHandler (ContextHandler.java:doStop(1153)) - Stopped o.e.j.s.ServletContextHandler@267e52da{static,/static,jar:file:/home/runner/.m2/repository/org/apache/ozone/hdds-container-service/1.2.0-SNAPSHOT/hdds-container-service-1.2.0-SNAPSHOT.jar!/webapps/static,STOPPED}
2021-09-21 01:23:29,688 [Listener at 127.0.0.1/33583] INFO  handler.ContextHandler (ContextHandler.java:doStop(1153)) - Stopped o.e.j.s.ServletContextHandler@406c0ae9{logs,/logs,file:///home/runner/work/ozone/ozone/hadoop-ozone/integration-test/target/log,STOPPED}
2021-09-21 01:23:29,744 [ForkJoinPool.commonPool-worker-0] INFO  statemachine.DatanodeStateMachine (DatanodeStateMachine.java:stopDaemon(515)) - Ozone container server stopped.
2021-09-21 01:23:29,750 [ForkJoinPool.commonPool-worker-0] INFO  handler.ContextHandler (ContextHandler.java:doStop(1153)) - Stopped o.e.j.w.WebAppContext@46241f9{hddsDatanode,/,null,STOPPED}{jar:file:/home/runner/.m2/repository/org/apache/ozone/hdds-container-service/1.2.0-SNAPSHOT/hdds-container-service-1.2.0-SNAPSHOT.jar!/webapps/hddsDatanode}
2021-09-21 01:23:29,751 [ForkJoinPool.commonPool-worker-0] INFO  server.AbstractConnector (AbstractConnector.java:doStop(381)) - Stopped ServerConnector@8196ff1{HTTP/1.1, (http/1.1)}{0.0.0.0:0}
2021-09-21 01:23:29,752 [ForkJoinPool.commonPool-worker-0] INFO  server.session (HouseKeeper.java:stopScavenging(149)) - node0 Stopped scavenging
2021-09-21 01:23:29,753 [ForkJoinPool.commonPool-worker-0] INFO  handler.ContextHandler (ContextHandler.java:doStop(1153)) - Stopped o.e.j.s.ServletContextHandler@154e31a5{static,/static,jar:file:/home/runner/.m2/repository/org/apache/ozone/hdds-container-service/1.2.0-SNAPSHOT/hdds-container-service-1.2.0-SNAPSHOT.jar!/webapps/static,STOPPED}
2021-09-21 01:23:29,754 [ForkJoinPool.commonPool-worker-0] INFO  handler.ContextHandler (ContextHandler.java:doStop(1153)) - Stopped o.e.j.s.ServletContextHandler@716516ce{logs,/logs,file:///home/runner/work/ozone/ozone/hadoop-ozone/integration-test/target/log,STOPPED}
2021-09-21 01:23:34,691 [Listener at 127.0.0.1/33583] INFO  ozoneimpl.OzoneContainer (OzoneContainer.java:stop(325)) - Attempting to stop container services.
2021-09-21 01:23:34,695 [Listener at 127.0.0.1/33583] INFO  server.RaftServer (RaftServerProxy.java:lambda$close$6(391)) - 7102e10f-7baf-40d1-a733-c49484cac6b4: close
2021-09-21 01:23:34,698 [Listener at 127.0.0.1/33583] INFO  server.RaftServer$Division (RaftServerImpl.java:lambda$close$4(407)) - 7102e10f-7baf-40d1-a733-c49484cac6b4@group-C274E472E363: shutdown
2021-09-21 01:23:34,698 [Listener at 127.0.0.1/33583] INFO  util.JmxRegister (JmxRegister.java:unregister(73)) - Successfully un-registered JMX Bean with object name Ratis:service=RaftServer,group=group-C274E472E363,id=7102e10f-7baf-40d1-a733-c49484cac6b4
2021-09-21 01:23:34,698 [Listener at 127.0.0.1/33583] INFO  impl.RoleInfo (RoleInfo.java:shutdownFollowerState(108)) - 7102e10f-7baf-40d1-a733-c49484cac6b4: shutdown 7102e10f-7baf-40d1-a733-c49484cac6b4@group-C274E472E363-FollowerState
2021-09-21 01:23:34,699 [Listener at 127.0.0.1/33583] INFO  impl.StateMachineUpdater (StateMachineUpdater.java:stopAndJoin(149)) - 7102e10f-7baf-40d1-a733-c49484cac6b4@group-C274E472E363-StateMachineUpdater: set stopIndex = 0
2021-09-21 01:23:34,699 [7102e10f-7baf-40d1-a733-c49484cac6b4@group-C274E472E363-StateMachineUpdater] INFO  ratis.ContainerStateMachine (ContainerStateMachine.java:takeSnapshot(292)) - group-C274E472E363: Taking a snapshot at:(t:10, i:0) file /home/runner/work/ozone/ozone/hadoop-ozone/integration-test/target/test-dir/MiniOzoneClusterImpl-7349e056-7b32-48d8-92e4-5182ee86217f/datanode-6/data/ratis/8b3e04da-d438-42db-a76b-c274e472e363/sm/snapshot.10_0
2021-09-21 01:23:34,701 [7102e10f-7baf-40d1-a733-c49484cac6b4@group-C274E472E363-StateMachineUpdater] INFO  ratis.ContainerStateMachine (ContainerStateMachine.java:takeSnapshot(303)) - group-C274E472E363: Finished taking a snapshot at:(t:10, i:0) file:/home/runner/work/ozone/ozone/hadoop-ozone/integration-test/target/test-dir/MiniOzoneClusterImpl-7349e056-7b32-48d8-92e4-5182ee86217f/datanode-6/data/ratis/8b3e04da-d438-42db-a76b-c274e472e363/sm/snapshot.10_0 took: 2 ms
2021-09-21 01:23:34,701 [7102e10f-7baf-40d1-a733-c49484cac6b4@group-C274E472E363-StateMachineUpdater] INFO  impl.StateMachineUpdater (StateMachineUpdater.java:takeSnapshot(281)) - 7102e10f-7baf-40d1-a733-c49484cac6b4@group-C274E472E363-StateMachineUpdater: Took a snapshot at index 0
2021-09-21 01:23:34,701 [7102e10f-7baf-40d1-a733-c49484cac6b4@group-C274E472E363-StateMachineUpdater] INFO  impl.StateMachineUpdater (StateMachineUpdater.java:lambda$new$0(89)) - 7102e10f-7baf-40d1-a733-c49484cac6b4@group-C274E472E363-StateMachineUpdater: snapshotIndex: updateIncreasingly -1 -> 0
2021-09-21 01:23:34,701 [Listener at 127.0.0.1/33583] INFO  server.RaftServer$Division (ServerState.java:close(419)) - 7102e10f-7baf-40d1-a733-c49484cac6b4@group-C274E472E363: closes. applyIndex: 0
2021-09-21 01:23:34,701 [7102e10f-7baf-40d1-a733-c49484cac6b4@group-C274E472E363-SegmentedRaftLogWorker] INFO  segmented.SegmentedRaftLogWorker (SegmentedRaftLogWorker.java:run(327)) - 7102e10f-7baf-40d1-a733-c49484cac6b4@group-C274E472E363-SegmentedRaftLogWorker was interrupted, exiting. There are 0 tasks remaining in the queue.
2021-09-21 01:23:34,703 [Listener at 127.0.0.1/33583] INFO  segmented.SegmentedRaftLogWorker (SegmentedRaftLogWorker.java:close(237)) - 7102e10f-7baf-40d1-a733-c49484cac6b4@group-C274E472E363-SegmentedRaftLogWorker close()
2021-09-21 01:23:34,704 [Listener at 127.0.0.1/33583] INFO  server.RaftServer$Division (RaftServerImpl.java:lambda$close$4(407)) - 7102e10f-7baf-40d1-a733-c49484cac6b4@group-E9BD032BB9DD: shutdown
2021-09-21 01:23:34,704 [Listener at 127.0.0.1/33583] INFO  util.JmxRegister (JmxRegister.java:unregister(73)) - Successfully un-registered JMX Bean with object name Ratis:service=RaftServer,group=group-E9BD032BB9DD,id=7102e10f-7baf-40d1-a733-c49484cac6b4
2021-09-21 01:23:34,704 [Listener at 127.0.0.1/33583] INFO  impl.RoleInfo (RoleInfo.java:shutdownLeaderState(91)) - 7102e10f-7baf-40d1-a733-c49484cac6b4: shutdown 7102e10f-7baf-40d1-a733-c49484cac6b4@group-E9BD032BB9DD-LeaderStateImpl
2021-09-21 01:23:34,704 [Listener at 127.0.0.1/33583] INFO  impl.PendingRequests (PendingRequests.java:sendNotLeaderResponses(282)) - 7102e10f-7baf-40d1-a733-c49484cac6b4@group-E9BD032BB9DD-PendingRequests: sendNotLeaderResponses
2021-09-21 01:23:34,705 [7102e10f-7baf-40d1-a733-c49484cac6b4@group-E9BD032BB9DD-StateMachineUpdater] INFO  ratis.ContainerStateMachine (ContainerStateMachine.java:takeSnapshot(292)) - group-E9BD032BB9DD: Taking a snapshot at:(t:1, i:0) file /home/runner/work/ozone/ozone/hadoop-ozone/integration-test/target/test-dir/MiniOzoneClusterImpl-7349e056-7b32-48d8-92e4-5182ee86217f/datanode-6/data/ratis/d7cbee73-e4a9-452b-9ecd-e9bd032bb9dd/sm/snapshot.1_0
2021-09-21 01:23:34,706 [Listener at 127.0.0.1/33583] INFO  impl.StateMachineUpdater (StateMachineUpdater.java:stopAndJoin(149)) - 7102e10f-7baf-40d1-a733-c49484cac6b4@group-E9BD032BB9DD-StateMachineUpdater: set stopIndex = 0
2021-09-21 01:23:34,707 [7102e10f-7baf-40d1-a733-c49484cac6b4@group-E9BD032BB9DD-StateMachineUpdater] INFO  ratis.ContainerStateMachine (ContainerStateMachine.java:takeSnapshot(303)) - group-E9BD032BB9DD: Finished taking a snapshot at:(t:1, i:0) file:/home/runner/work/ozone/ozone/hadoop-ozone/integration-test/target/test-dir/MiniOzoneClusterImpl-7349e056-7b32-48d8-92e4-5182ee86217f/datanode-6/data/ratis/d7cbee73-e4a9-452b-9ecd-e9bd032bb9dd/sm/snapshot.1_0 took: 1 ms
2021-09-21 01:23:34,707 [7102e10f-7baf-40d1-a733-c49484cac6b4@group-E9BD032BB9DD-StateMachineUpdater] INFO  impl.StateMachineUpdater (StateMachineUpdater.java:takeSnapshot(281)) - 7102e10f-7baf-40d1-a733-c49484cac6b4@group-E9BD032BB9DD-StateMachineUpdater: Took a snapshot at index 0
2021-09-21 01:23:34,707 [7102e10f-7baf-40d1-a733-c49484cac6b4@group-E9BD032BB9DD-StateMachineUpdater] INFO  impl.StateMachineUpdater (StateMachineUpdater.java:lambda$new$0(89)) - 7102e10f-7baf-40d1-a733-c49484cac6b4@group-E9BD032BB9DD-StateMachineUpdater: snapshotIndex: updateIncreasingly -1 -> 0
2021-09-21 01:23:34,709 [Listener at 127.0.0.1/33583] INFO  server.RaftServer$Division (ServerState.java:close(419)) - 7102e10f-7baf-40d1-a733-c49484cac6b4@group-E9BD032BB9DD: closes. applyIndex: 0
2021-09-21 01:23:34,709 [7102e10f-7baf-40d1-a733-c49484cac6b4@group-E9BD032BB9DD-SegmentedRaftLogWorker] INFO  segmented.SegmentedRaftLogWorker (SegmentedRaftLogWorker.java:run(327)) - 7102e10f-7baf-40d1-a733-c49484cac6b4@group-E9BD032BB9DD-SegmentedRaftLogWorker was interrupted, exiting. There are 0 tasks remaining in the queue.
2021-09-21 01:23:34,709 [Listener at 127.0.0.1/33583] INFO  segmented.SegmentedRaftLogWorker (SegmentedRaftLogWorker.java:close(237)) - 7102e10f-7baf-40d1-a733-c49484cac6b4@group-E9BD032BB9DD-SegmentedRaftLogWorker close()
2021-09-21 01:23:34,710 [Listener at 127.0.0.1/33583] INFO  server.GrpcService (GrpcService.java:closeImpl(262)) - 7102e10f-7baf-40d1-a733-c49484cac6b4: shutdown server with port 44475 now
2021-09-21 01:23:34,711 [grpc-default-executor-1] WARN  client.GrpcClientProtocolService (LogUtils.java:warn(122)) - 0-OrderedRequestStreamObserver0: onError: org.apache.ratis.thirdparty.io.grpc.StatusRuntimeException: CANCELLED: client cancelled
2021-09-21 01:23:34,713 [7102e10f-7baf-40d1-a733-c49484cac6b4@group-C274E472E363-FollowerState] INFO  impl.FollowerState (FollowerState.java:run(143)) - 7102e10f-7baf-40d1-a733-c49484cac6b4@group-C274E472E363-FollowerState was interrupted: {}
java.lang.InterruptedException: sleep interrupted
	at java.lang.Thread.sleep(Native Method)
	at java.lang.Thread.sleep(Thread.java:340)
	at java.util.concurrent.TimeUnit.sleep(TimeUnit.java:386)
	at org.apache.ratis.util.TimeDuration.sleep(TimeDuration.java:324)
	at org.apache.ratis.util.TimeDuration.sleep(TimeDuration.java:309)
	at org.apache.ratis.server.impl.FollowerState.run(FollowerState.java:118)
2021-09-21 01:23:34,735 [EventQueue-StaleNodeForStaleNodeHandler] INFO  node.StaleNodeHandler (StaleNodeHandler.java:onMessage(58)) - Datanode aa364905-4a8e-4b76-ab26-d74d60c32cfc{ip: 10.1.0.51, host: fv-az122-453.zf1tlrj3kn4expqppa1j4mpycf.xx.internal.cloudapp.net, ports: [REPLICATION=42687, RATIS=39239, RATIS_ADMIN=39239, RATIS_SERVER=39239, STANDALONE=34147], networkLocation: /default-rack, certSerialId: null, persistedOpState: IN_SERVICE, persistedOpStateExpiryEpochSec: 0} moved to stale state. Finalizing its pipelines [PipelineID=af064ed5-d2ee-4a20-89df-d13672d1e602, PipelineID=9e5407be-9e32-4655-863f-8d21b40e27d6]
2021-09-21 01:23:34,736 [EventQueue-StaleNodeForStaleNodeHandler] INFO  pipeline.PipelineManagerImpl (PipelineManagerImpl.java:closePipeline(342)) - Pipeline Pipeline[ Id: 9e5407be-9e32-4655-863f-8d21b40e27d6, Nodes: aa364905-4a8e-4b76-ab26-d74d60c32cfc{ip: 10.1.0.51, host: fv-az122-453.zf1tlrj3kn4expqppa1j4mpycf.xx.internal.cloudapp.net, ports: [REPLICATION=42687, RATIS=39239, RATIS_ADMIN=39239, RATIS_SERVER=39239, STANDALONE=34147], networkLocation: /default-rack, certSerialId: null, persistedOpState: IN_SERVICE, persistedOpStateExpiryEpochSec: 0}, ReplicationConfig: RATIS/ONE, State:OPEN, leaderId:aa364905-4a8e-4b76-ab26-d74d60c32cfc, CreationTimestamp2021-09-21T01:22:29.445Z[Etc/UTC]] moved to CLOSED state
2021-09-21 01:23:34,737 [Listener at 127.0.0.1/33583] INFO  server.GrpcService (GrpcService.java:closeImpl(271)) - 7102e10f-7baf-40d1-a733-c49484cac6b4: shutdown server with port 44475 successfully
2021-09-21 01:23:34,738 [org.apache.ratis.util.JvmPauseMonitor$$Lambda$531/116790936@166cb089] INFO  util.JvmPauseMonitor (JvmPauseMonitor.java:run(109)) - JvmPauseMonitor-7102e10f-7baf-40d1-a733-c49484cac6b4: Stopped
2021-09-21 01:23:34,740 [Listener at 127.0.0.1/33583] INFO  utils.BackgroundService (BackgroundService.java:shutdown(132)) - Shutting down service BlockDeletingService
2021-09-21 01:23:34,936 [EventQueue-StaleNodeForStaleNodeHandler] INFO  node.StaleNodeHandler (StaleNodeHandler.java:onMessage(58)) - Datanode 9e8c78a1-f01d-42ca-a684-b6f934dd8d4f{ip: 10.1.0.51, host: fv-az122-453.zf1tlrj3kn4expqppa1j4mpycf.xx.internal.cloudapp.net, ports: [REPLICATION=38911, RATIS=39721, RATIS_ADMIN=39721, RATIS_SERVER=39721, STANDALONE=36341], networkLocation: /default-rack, certSerialId: null, persistedOpState: IN_SERVICE, persistedOpStateExpiryEpochSec: 0} moved to stale state. Finalizing its pipelines [PipelineID=0d95875b-ec35-45bf-b7a0-32826c81fe16, PipelineID=af064ed5-d2ee-4a20-89df-d13672d1e602]
2021-09-21 01:23:34,936 [EventQueue-StaleNodeForStaleNodeHandler] INFO  pipeline.PipelineManagerImpl (PipelineManagerImpl.java:closePipeline(342)) - Pipeline Pipeline[ Id: 0d95875b-ec35-45bf-b7a0-32826c81fe16, Nodes: 9e8c78a1-f01d-42ca-a684-b6f934dd8d4f{ip: 10.1.0.51, host: fv-az122-453.zf1tlrj3kn4expqppa1j4mpycf.xx.internal.cloudapp.net, ports: [REPLICATION=38911, RATIS=39721, RATIS_ADMIN=39721, RATIS_SERVER=39721, STANDALONE=36341], networkLocation: /default-rack, certSerialId: null, persistedOpState: IN_SERVICE, persistedOpStateExpiryEpochSec: 0}, ReplicationConfig: RATIS/ONE, State:OPEN, leaderId:9e8c78a1-f01d-42ca-a684-b6f934dd8d4f, CreationTimestamp2021-09-21T01:22:30.787Z[Etc/UTC]] moved to CLOSED state
2021-09-21 01:23:37,774 [Listener at 127.0.0.1/33583] INFO  statemachine.DatanodeStateMachine (DatanodeStateMachine.java:stopDaemon(515)) - Ozone container server stopped.
2021-09-21 01:23:37,775 [Listener at 127.0.0.1/33583] INFO  handler.ContextHandler (ContextHandler.java:doStop(1153)) - Stopped o.e.j.w.WebAppContext@7a09f358{hddsDatanode,/,null,STOPPED}{jar:file:/home/runner/.m2/repository/org/apache/ozone/hdds-container-service/1.2.0-SNAPSHOT/hdds-container-service-1.2.0-SNAPSHOT.jar!/webapps/hddsDatanode}
2021-09-21 01:23:37,776 [Listener at 127.0.0.1/33583] INFO  server.AbstractConnector (AbstractConnector.java:doStop(381)) - Stopped ServerConnector@62c462e{HTTP/1.1, (http/1.1)}{0.0.0.0:0}
2021-09-21 01:23:37,776 [Listener at 127.0.0.1/33583] INFO  server.session (HouseKeeper.java:stopScavenging(149)) - node0 Stopped scavenging
2021-09-21 01:23:37,776 [Listener at 127.0.0.1/33583] INFO  handler.ContextHandler (ContextHandler.java:doStop(1153)) - Stopped o.e.j.s.ServletContextHandler@129908da{static,/static,jar:file:/home/runner/.m2/repository/org/apache/ozone/hdds-container-service/1.2.0-SNAPSHOT/hdds-container-service-1.2.0-SNAPSHOT.jar!/webapps/static,STOPPED}
2021-09-21 01:23:37,778 [Listener at 127.0.0.1/33583] INFO  handler.ContextHandler (ContextHandler.java:doStop(1153)) - Stopped o.e.j.s.ServletContextHandler@3a1f99c2{logs,/logs,file:///home/runner/work/ozone/ozone/hadoop-ozone/integration-test/target/log,STOPPED}
2021-09-21 01:23:37,780 [Listener at 127.0.0.1/33583] INFO  ozone.MiniOzoneClusterImpl (MiniOzoneClusterImpl.java:stopSCM(542)) - Stopping the StorageContainerManager
2021-09-21 01:23:37,780 [Listener at 127.0.0.1/33583] INFO  server.StorageContainerManager (StorageContainerManager.java:stop(1371)) - Stopping Container Balancer service.
2021-09-21 01:23:37,780 [Listener at 127.0.0.1/33583] INFO  balancer.ContainerBalancer (ContainerBalancer.java:stop(717)) - Container Balancer is not running.
2021-09-21 01:23:37,780 [Listener at 127.0.0.1/33583] INFO  server.StorageContainerManager (StorageContainerManager.java:stop(1378)) - Stopping Replication Manager Service.
2021-09-21 01:23:37,780 [Listener at 127.0.0.1/33583] INFO  container.ReplicationManager (ReplicationManager.java:stop(350)) - Stopping Replication Monitor Thread.
2021-09-21 01:23:37,780 [Listener at 127.0.0.1/33583] INFO  server.StorageContainerManager (StorageContainerManager.java:stop(1385)) - Stopping the Datanode Admin Monitor.
2021-09-21 01:23:37,781 [Listener at 127.0.0.1/33583] INFO  server.StorageContainerManager (StorageContainerManager.java:stop(1392)) - Stopping Lease Manager of the command watchers
2021-09-21 01:23:37,781 [Listener at 127.0.0.1/33583] INFO  server.StorageContainerManager (StorageContainerManager.java:stop(1399)) - Stopping datanode service RPC server
2021-09-21 01:23:37,781 [Listener at 127.0.0.1/33583] INFO  server.SCMDatanodeProtocolServer (SCMDatanodeProtocolServer.java:stop(389)) - Stopping the RPC server for DataNodes
2021-09-21 01:23:37,782 [Listener at 127.0.0.1/33583] INFO  ipc.Server (Server.java:stop(3414)) - Stopping server on 45895
2021-09-21 01:23:37,784 [IPC Server listener on 0] INFO  ipc.Server (Server.java:run(1376)) - Stopping IPC Server listener on 0
2021-09-21 01:23:37,814 [IPC Server Responder] INFO  ipc.Server (Server.java:run(1512)) - Stopping IPC Server Responder
2021-09-21 01:23:37,847 [SCM Heartbeat Processing Thread - 0] WARN  node.NodeStateManager (NodeStateManager.java:scheduleNextHealthCheck(799)) - Current Thread is interrupted, shutting down HB processing thread for Node Manager.
2021-09-21 01:23:37,847 [Listener at 127.0.0.1/33583] INFO  server.StorageContainerManager (StorageContainerManager.java:stop(1407)) - Stopping block service RPC server
2021-09-21 01:23:37,848 [Listener at 127.0.0.1/33583] INFO  server.SCMBlockProtocolServer (SCMBlockProtocolServer.java:stop(160)) - Stopping the RPC server for Block Protocol
2021-09-21 01:23:37,848 [Listener at 127.0.0.1/33583] INFO  ipc.Server (Server.java:stop(3414)) - Stopping server on 39475
2021-09-21 01:23:37,856 [IPC Server Responder] INFO  ipc.Server (Server.java:run(1512)) - Stopping IPC Server Responder
2021-09-21 01:23:37,856 [Listener at 127.0.0.1/33583] INFO  server.StorageContainerManager (StorageContainerManager.java:stop(1414)) - Stopping the StorageContainerLocationProtocol RPC server
2021-09-21 01:23:37,856 [Listener at 127.0.0.1/33583] INFO  server.SCMClientProtocolServer (SCMClientProtocolServer.java:stop(173)) - Stopping the RPC server for Client Protocol
2021-09-21 01:23:37,856 [Listener at 127.0.0.1/33583] INFO  ipc.Server (Server.java:stop(3414)) - Stopping server on 33571
2021-09-21 01:23:37,858 [IPC Server listener on 0] INFO  ipc.Server (Server.java:run(1376)) - Stopping IPC Server listener on 0
2021-09-21 01:23:37,880 [Listener at 127.0.0.1/33583] INFO  server.StorageContainerManager (StorageContainerManager.java:stop(1421)) - Stopping Storage Container Manager HTTP server.
2021-09-21 01:23:37,881 [Listener at 127.0.0.1/33583] INFO  handler.ContextHandler (ContextHandler.java:doStop(1153)) - Stopped o.e.j.w.WebAppContext@60eeb140{scm,/,null,STOPPED}{file:/home/runner/work/ozone/ozone/hadoop-ozone/integration-test/target/test-classes/webapps/scm}
2021-09-21 01:23:37,881 [IPC Server listener on 0] INFO  ipc.Server (Server.java:run(1376)) - Stopping IPC Server listener on 0
2021-09-21 01:23:37,883 [IPC Server Responder] INFO  ipc.Server (Server.java:run(1512)) - Stopping IPC Server Responder
2021-09-21 01:23:37,907 [Listener at 127.0.0.1/33583] INFO  server.AbstractConnector (AbstractConnector.java:doStop(381)) - Stopped ServerConnector@43925564{HTTP/1.1, (http/1.1)}{0.0.0.0:0}
2021-09-21 01:23:37,908 [Listener at 127.0.0.1/33583] INFO  server.session (HouseKeeper.java:stopScavenging(149)) - node0 Stopped scavenging
2021-09-21 01:23:37,908 [Listener at 127.0.0.1/33583] INFO  handler.ContextHandler (ContextHandler.java:doStop(1153)) - Stopped o.e.j.s.ServletContextHandler@7f390098{static,/static,file:///home/runner/work/ozone/ozone/hadoop-ozone/integration-test/target/test-classes/webapps/static,STOPPED}
2021-09-21 01:23:37,908 [Listener at 127.0.0.1/33583] INFO  handler.ContextHandler (ContextHandler.java:doStop(1153)) - Stopped o.e.j.s.ServletContextHandler@1d4d81f1{logs,/logs,file:///home/runner/work/ozone/ozone/hadoop-ozone/integration-test/target/log,STOPPED}
2021-09-21 01:23:37,910 [Listener at 127.0.0.1/33583] INFO  server.StorageContainerManager (StorageContainerManager.java:stop(1432)) - Stopping Block Manager Service.
2021-09-21 01:23:37,910 [Listener at 127.0.0.1/33583] INFO  utils.BackgroundService (BackgroundService.java:shutdown(132)) - Shutting down service SCMBlockDeletingService
2021-09-21 01:23:37,919 [Listener at 127.0.0.1/33583] INFO  utils.BackgroundService (BackgroundService.java:shutdown(132)) - Shutting down service SCMBlockDeletingService
2021-09-21 01:23:37,920 [Listener at 127.0.0.1/33583] INFO  server.StorageContainerManager (StorageContainerManager.java:stop(1459)) - Stopping SCM Event Queue.
2021-09-21 01:23:37,922 [Listener at 127.0.0.1/33583] INFO  server.StorageContainerManager (StorageContainerManager.java:stop(1470)) - Stopping SCM HA services.
2021-09-21 01:23:37,922 [Listener at 127.0.0.1/33583] INFO  pipeline.BackgroundPipelineCreator (BackgroundPipelineCreatorV2.java:stop(158)) - Stopping RatisPipelineUtilsThread.
2021-09-21 01:23:37,923 [Listener at 127.0.0.1/33583] INFO  server.StorageContainerManager (StorageContainerManager.java:stop(1480)) - Stopping SCM MetadataStore.
2021-09-21 01:23:37,927 [Listener at 127.0.0.1/33583] INFO  impl.MetricsSystemImpl (MetricsSystemImpl.java:stop(210)) - Stopping HddsDatanode metrics system...
2021-09-21 01:23:38,011 [prometheus] INFO  impl.MetricsSinkAdapter (MetricsSinkAdapter.java:publishMetricsFromQueue(141)) - prometheus thread interrupted.
2021-09-21 01:23:38,013 [Listener at 127.0.0.1/33583] INFO  impl.MetricsSystemImpl (MetricsSystemImpl.java:stop(216)) - HddsDatanode metrics system stopped.
]]></system-out>
  </testcase>
  <testcase name="testWatchForCommitForGroupMismatchException" classname="org.apache.hadoop.ozone.client.rpc.TestWatchForCommit" time="58.376"/>
  <testcase name="test2WayCommitForTimeoutException" classname="org.apache.hadoop.ozone.client.rpc.TestWatchForCommit" time="66.99"/>
</testsuite>