<?xml version="1.0" encoding="UTF-8"?>
<testsuite xmlns:xsi="http://www.w3.org/2001/XMLSchema-instance" xsi:noNamespaceSchemaLocation="https://maven.apache.org/surefire/maven-surefire-plugin/xsd/surefire-test-report.xsd" version="3.0.2" name="org.apache.hadoop.ozone.om.service.TestKeyDeletingService$Normal" time="25.749" tests="6" errors="0" skipped="0" failures="1">
  <properties>
    <property name="java.specification.version" value="21"/>
    <property name="sun.jnu.encoding" value="UTF-8"/>
    <property name="java.class.path" value="/home/runner/work/ozone/ozone/hadoop-ozone/ozone-manager/target/test-classes:/home/runner/work/ozone/ozone/hadoop-ozone/ozone-manager/target/classes:/home/runner/.m2/repository/com/fasterxml/jackson/core/jackson-annotations/2.16.2/jackson-annotations-2.16.2.jar:/home/runner/.m2/repository/com/fasterxml/jackson/core/jackson-databind/2.16.2/jackson-databind-2.16.2.jar:/home/runner/.m2/repository/com/fasterxml/jackson/core/jackson-core/2.16.2/jackson-core-2.16.2.jar:/home/runner/.m2/repository/com/google/guava/guava/32.1.3-jre/guava-32.1.3-jre.jar:/home/runner/.m2/repository/com/google/guava/failureaccess/1.0.1/failureaccess-1.0.1.jar:/home/runner/.m2/repository/com/google/guava/listenablefuture/9999.0-empty-to-avoid-conflict-with-guava/listenablefuture-9999.0-empty-to-avoid-conflict-with-guava.jar:/home/runner/.m2/repository/org/checkerframework/checker-qual/3.37.0/checker-qual-3.37.0.jar:/home/runner/.m2/repository/com/google/errorprone/error_prone_annotations/2.29.2/error_prone_annotations-2.29.2.jar:/home/runner/.m2/repository/com/google/j2objc/j2objc-annotations/2.8/j2objc-annotations-2.8.jar:/home/runner/.m2/repository/com/google/protobuf/protobuf-java/2.5.0/protobuf-java-2.5.0.jar:/home/runner/.m2/repository/com/sun/jersey/jersey-client/1.19.4/jersey-client-1.19.4.jar:/home/runner/.m2/repository/com/sun/jersey/jersey-core/1.19.4/jersey-core-1.19.4.jar:/home/runner/.m2/repository/javax/ws/rs/jsr311-api/1.1.1/jsr311-api-1.1.1.jar:/home/runner/.m2/repository/commons-codec/commons-codec/1.17.1/commons-codec-1.17.1.jar:/home/runner/.m2/repository/commons-io/commons-io/2.18.0/commons-io-2.18.0.jar:/home/runner/.m2/repository/info/picocli/picocli/4.7.7/picocli-4.7.7.jar:/home/runner/.m2/repository/io/grpc/grpc-api/1.58.0/grpc-api-1.58.0.jar:/home/runner/.m2/repository/io/grpc/grpc-netty/1.58.0/grpc-netty-1.58.0.jar:/home/runner/.m2/repository/io/grpc/grpc-core/1.58.0/grpc-core-1.58.0.jar:/home/runner/.m2/repository/com/google/android/annotations/4.1.1.4/annotations-4.1.1.4.jar:/home/runner/.m2/repository/org/codehaus/mojo/animal-sniffer-annotations/1.23/animal-sniffer-annotations-1.23.jar:/home/runner/.m2/repository/io/grpc/grpc-context/1.58.0/grpc-context-1.58.0.jar:/home/runner/.m2/repository/io/grpc/grpc-util/1.58.0/grpc-util-1.58.0.jar:/home/runner/.m2/repository/io/netty/netty-codec-http2/4.1.109.Final/netty-codec-http2-4.1.109.Final.jar:/home/runner/.m2/repository/io/netty/netty-codec-http/4.1.109.Final/netty-codec-http-4.1.109.Final.jar:/home/runner/.m2/repository/io/netty/netty-handler-proxy/4.1.109.Final/netty-handler-proxy-4.1.109.Final.jar:/home/runner/.m2/repository/io/netty/netty-codec-socks/4.1.109.Final/netty-codec-socks-4.1.109.Final.jar:/home/runner/.m2/repository/io/perfmark/perfmark-api/0.26.0/perfmark-api-0.26.0.jar:/home/runner/.m2/repository/io/netty/netty-transport-native-unix-common/4.1.109.Final/netty-transport-native-unix-common-4.1.109.Final.jar:/home/runner/.m2/repository/io/grpc/grpc-stub/1.58.0/grpc-stub-1.58.0.jar:/home/runner/.m2/repository/io/netty/netty-common/4.1.109.Final/netty-common-4.1.109.Final.jar:/home/runner/.m2/repository/io/netty/netty-handler/4.1.109.Final/netty-handler-4.1.109.Final.jar:/home/runner/.m2/repository/io/netty/netty-resolver/4.1.109.Final/netty-resolver-4.1.109.Final.jar:/home/runner/.m2/repository/io/netty/netty-buffer/4.1.109.Final/netty-buffer-4.1.109.Final.jar:/home/runner/.m2/repository/io/netty/netty-codec/4.1.109.Final/netty-codec-4.1.109.Final.jar:/home/runner/.m2/repository/io/netty/netty-transport/4.1.109.Final/netty-transport-4.1.109.Final.jar:/home/runner/.m2/repository/jakarta/annotation/jakarta.annotation-api/2.1.1/jakarta.annotation-api-2.1.1.jar:/home/runner/.m2/repository/jakarta/xml/bind/jakarta.xml.bind-api/2.3.3/jakarta.xml.bind-api-2.3.3.jar:/home/runner/.m2/repository/jakarta/activation/jakarta.activation-api/1.2.2/jakarta.activation-api-1.2.2.jar:/home/runner/.m2/repository/javax/servlet/javax.servlet-api/3.1.0/javax.servlet-api-3.1.0.jar:/home/runner/.m2/repository/org/apache/commons/commons-compress/1.27.1/commons-compress-1.27.1.jar:/home/runner/.m2/repository/org/apache/commons/commons-lang3/3.17.0/commons-lang3-3.17.0.jar:/home/runner/.m2/repository/org/apache/hadoop/hadoop-auth/3.4.1/hadoop-auth-3.4.1.jar:/home/runner/.m2/repository/org/apache/httpcomponents/httpclient/4.5.14/httpclient-4.5.14.jar:/home/runner/.m2/repository/com/nimbusds/nimbus-jose-jwt/9.40/nimbus-jose-jwt-9.40.jar:/home/runner/.m2/repository/io/dropwizard/metrics/metrics-core/3.2.6/metrics-core-3.2.6.jar:/home/runner/.m2/repository/org/apache/kerby/kerb-core/1.0.1/kerb-core-1.0.1.jar:/home/runner/.m2/repository/org/apache/kerby/kerby-pkix/1.0.1/kerby-pkix-1.0.1.jar:/home/runner/.m2/repository/org/apache/kerby/kerby-asn1/1.0.1/kerby-asn1-1.0.1.jar:/home/runner/.m2/repository/org/apache/kerby/kerb-util/1.0.1/kerb-util-1.0.1.jar:/home/runner/.m2/repository/org/apache/kerby/kerby-config/1.0.1/kerby-config-1.0.1.jar:/home/runner/.m2/repository/org/apache/kerby/kerb-crypto/1.0.1/kerb-crypto-1.0.1.jar:/home/runner/.m2/repository/org/apache/hadoop/thirdparty/hadoop-shaded-guava/1.3.0/hadoop-shaded-guava-1.3.0.jar:/home/runner/.m2/repository/org/apache/hadoop/hadoop-common/3.4.1/hadoop-common-3.4.1.jar:/home/runner/.m2/repository/org/apache/hadoop/thirdparty/hadoop-shaded-protobuf_3_25/1.4.0/hadoop-shaded-protobuf_3_25-1.4.0.jar:/home/runner/.m2/repository/org/apache/hadoop/hadoop-annotations/3.4.1/hadoop-annotations-3.4.1.jar:/home/runner/.m2/repository/commons-cli/commons-cli/1.8.0/commons-cli-1.8.0.jar:/home/runner/.m2/repository/commons-net/commons-net/3.11.1/commons-net-3.11.1.jar:/home/runner/.m2/repository/commons-collections/commons-collections/3.2.2/commons-collections-3.2.2.jar:/home/runner/.m2/repository/org/eclipse/jetty/jetty-server/9.4.57.v20241219/jetty-server-9.4.57.v20241219.jar:/home/runner/.m2/repository/org/eclipse/jetty/jetty-servlet/9.4.57.v20241219/jetty-servlet-9.4.57.v20241219.jar:/home/runner/.m2/repository/org/eclipse/jetty/jetty-security/9.4.57.v20241219/jetty-security-9.4.57.v20241219.jar:/home/runner/.m2/repository/org/eclipse/jetty/jetty-util-ajax/9.4.57.v20241219/jetty-util-ajax-9.4.57.v20241219.jar:/home/runner/.m2/repository/javax/servlet/jsp/jsp-api/2.1/jsp-api-2.1.jar:/home/runner/.m2/repository/org/codehaus/jettison/jettison/1.5.4/jettison-1.5.4.jar:/home/runner/.m2/repository/commons-beanutils/commons-beanutils/1.9.4/commons-beanutils-1.9.4.jar:/home/runner/.m2/repository/org/apache/commons/commons-configuration2/2.11.0/commons-configuration2-2.11.0.jar:/home/runner/.m2/repository/org/apache/commons/commons-text/1.12.0/commons-text-1.12.0.jar:/home/runner/.m2/repository/com/google/re2j/re2j/1.7/re2j-1.7.jar:/home/runner/.m2/repository/com/google/code/gson/gson/2.10.1/gson-2.10.1.jar:/home/runner/.m2/repository/com/jcraft/jsch/0.1.55/jsch-0.1.55.jar:/home/runner/.m2/repository/io/netty/netty-transport-native-epoll/4.1.109.Final/netty-transport-native-epoll-4.1.109.Final.jar:/home/runner/.m2/repository/io/netty/netty-transport-classes-epoll/4.1.109.Final/netty-transport-classes-epoll-4.1.109.Final.jar:/home/runner/.m2/repository/org/codehaus/woodstox/stax2-api/4.2.1/stax2-api-4.2.1.jar:/home/runner/.m2/repository/com/fasterxml/woodstox/woodstox-core/5.4.0/woodstox-core-5.4.0.jar:/home/runner/.m2/repository/dnsjava/dnsjava/3.6.1/dnsjava-3.6.1.jar:/home/runner/.m2/repository/org/apache/hadoop/hadoop-hdfs-client/3.4.1/hadoop-hdfs-client-3.4.1.jar:/home/runner/.m2/repository/org/apache/httpcomponents/httpcore/4.4.16/httpcore-4.4.16.jar:/home/runner/.m2/repository/org/apache/kerby/kerby-util/1.0.1/kerby-util-1.0.1.jar:/home/runner/.m2/repository/org/apache/logging/log4j/log4j-api/2.24.2/log4j-api-2.24.2.jar:/home/runner/work/ozone/ozone/hadoop-hdds/client/target/hdds-client-2.1.0-SNAPSHOT.jar:/home/runner/.m2/repository/io/opentracing/opentracing-api/0.33.0/opentracing-api-0.33.0.jar:/home/runner/.m2/repository/io/opentracing/opentracing-util/0.33.0/opentracing-util-0.33.0.jar:/home/runner/.m2/repository/io/opentracing/opentracing-noop/0.33.0/opentracing-noop-0.33.0.jar:/home/runner/work/ozone/ozone/hadoop-hdds/erasurecode/target/hdds-erasurecode-2.1.0-SNAPSHOT.jar:/home/runner/.m2/repository/org/apache/ratis/ratis-client/3.1.2/ratis-client-3.1.2.jar:/home/runner/work/ozone/ozone/hadoop-hdds/common/target/hdds-common-2.1.0-SNAPSHOT.jar:/home/runner/.m2/repository/com/fasterxml/jackson/datatype/jackson-datatype-jsr310/2.16.2/jackson-datatype-jsr310-2.16.2.jar:/home/runner/.m2/repository/com/github/stephenc/jcip/jcip-annotations/1.0-1/jcip-annotations-1.0-1.jar:/home/runner/.m2/repository/commons-validator/commons-validator/1.6/commons-validator-1.6.jar:/home/runner/.m2/repository/commons-digester/commons-digester/1.8.1/commons-digester-1.8.1.jar:/home/runner/.m2/repository/io/jaegertracing/jaeger-client/1.8.1/jaeger-client-1.8.1.jar:/home/runner/.m2/repository/io/jaegertracing/jaeger-thrift/1.8.1/jaeger-thrift-1.8.1.jar:/home/runner/.m2/repository/org/apache/thrift/libthrift/0.15.0/libthrift-0.15.0.jar:/home/runner/.m2/repository/com/squareup/okhttp3/okhttp/4.12.0/okhttp-4.12.0.jar:/home/runner/.m2/repository/com/squareup/okio/okio/3.6.0/okio-3.6.0.jar:/home/runner/.m2/repository/com/squareup/okio/okio-jvm/3.6.0/okio-jvm-3.6.0.jar:/home/runner/.m2/repository/org/jetbrains/kotlin/kotlin-stdlib-common/1.9.25/kotlin-stdlib-common-1.9.25.jar:/home/runner/.m2/repository/org/jetbrains/kotlin/kotlin-stdlib-jdk8/1.9.25/kotlin-stdlib-jdk8-1.9.25.jar:/home/runner/.m2/repository/org/jetbrains/kotlin/kotlin-stdlib-jdk7/1.9.25/kotlin-stdlib-jdk7-1.9.25.jar:/home/runner/.m2/repository/io/jaegertracing/jaeger-tracerresolver/1.8.1/jaeger-tracerresolver-1.8.1.jar:/home/runner/.m2/repository/io/opentracing/contrib/opentracing-tracerresolver/0.1.8/opentracing-tracerresolver-0.1.8.jar:/home/runner/.m2/repository/io/jaegertracing/jaeger-core/1.8.1/jaeger-core-1.8.1.jar:/home/runner/.m2/repository/javax/annotation/javax.annotation-api/1.3.2/javax.annotation-api-1.3.2.jar:/home/runner/work/ozone/ozone/hadoop-hdds/interface-admin/target/hdds-interface-admin-2.1.0-SNAPSHOT.jar:/home/runner/.m2/repository/org/apache/ratis/ratis-metrics-dropwizard3/3.1.2/ratis-metrics-dropwizard3-3.1.2.jar:/home/runner/.m2/repository/org/bouncycastle/bcpkix-jdk18on/1.80/bcpkix-jdk18on-1.80.jar:/home/runner/.m2/repository/org/bouncycastle/bcutil-jdk18on/1.80/bcutil-jdk18on-1.80.jar:/home/runner/.m2/repository/org/jetbrains/kotlin/kotlin-stdlib/1.9.25/kotlin-stdlib-1.9.25.jar:/home/runner/.m2/repository/org/jetbrains/annotations/13.0/annotations-13.0.jar:/home/runner/.m2/repository/org/slf4j/jcl-over-slf4j/2.0.17/jcl-over-slf4j-2.0.17.jar:/home/runner/.m2/repository/org/yaml/snakeyaml/2.0/snakeyaml-2.0.jar:/home/runner/.m2/repository/org/slf4j/slf4j-reload4j/2.0.17/slf4j-reload4j-2.0.17.jar:/home/runner/work/ozone/ozone/hadoop-hdds/config/target/hdds-config-2.1.0-SNAPSHOT.jar:/home/runner/work/ozone/ozone/hadoop-hdds/interface-client/target/hdds-interface-client-2.1.0-SNAPSHOT.jar:/home/runner/work/ozone/ozone/hadoop-hdds/interface-server/target/hdds-interface-server-2.1.0-SNAPSHOT.jar:/home/runner/work/ozone/ozone/hadoop-hdds/managed-rocksdb/target/hdds-managed-rocksdb-2.1.0-SNAPSHOT.jar:/home/runner/work/ozone/ozone/hadoop-hdds/rocks-native/target/hdds-rocks-native-2.1.0-SNAPSHOT.jar:/home/runner/.m2/repository/org/eclipse/jetty/jetty-io/9.4.57.v20241219/jetty-io-9.4.57.v20241219.jar:/home/runner/work/ozone/ozone/hadoop-hdds/framework/target/hdds-server-framework-2.1.0-SNAPSHOT.jar:/home/runner/.m2/repository/ch/qos/reload4j/reload4j/1.2.26/reload4j-1.2.26.jar:/home/runner/.m2/repository/com/github/jnr/jnr-constants/0.10.4/jnr-constants-0.10.4.jar:/home/runner/.m2/repository/com/github/jnr/jnr-posix/3.1.20/jnr-posix-3.1.20.jar:/home/runner/.m2/repository/com/github/jnr/jnr-ffi/2.2.17/jnr-ffi-2.2.17.jar:/home/runner/.m2/repository/com/github/jnr/jffi/1.3.13/jffi-1.3.13.jar:/home/runner/.m2/repository/com/github/jnr/jffi/1.3.13/jffi-1.3.13-native.jar:/home/runner/.m2/repository/org/ow2/asm/asm-commons/9.7.1/asm-commons-9.7.1.jar:/home/runner/.m2/repository/org/ow2/asm/asm-analysis/9.7.1/asm-analysis-9.7.1.jar:/home/runner/.m2/repository/org/ow2/asm/asm-tree/9.7.1/asm-tree-9.7.1.jar:/home/runner/.m2/repository/org/ow2/asm/asm-util/9.7.1/asm-util-9.7.1.jar:/home/runner/.m2/repository/com/github/jnr/jnr-a64asm/1.0.0/jnr-a64asm-1.0.0.jar:/home/runner/.m2/repository/com/github/jnr/jnr-x86asm/1.0.2/jnr-x86asm-1.0.2.jar:/home/runner/.m2/repository/commons-fileupload/commons-fileupload/1.5/commons-fileupload-1.5.jar:/home/runner/.m2/repository/io/prometheus/simpleclient/0.16.0/simpleclient-0.16.0.jar:/home/runner/.m2/repository/io/prometheus/simpleclient_common/0.16.0/simpleclient_common-0.16.0.jar:/home/runner/.m2/repository/io/prometheus/simpleclient_dropwizard/0.16.0/simpleclient_dropwizard-0.16.0.jar:/home/runner/.m2/repository/jakarta/ws/rs/jakarta.ws.rs-api/2.1.6/jakarta.ws.rs-api-2.1.6.jar:/home/runner/.m2/repository/org/apache/logging/log4j/log4j-core/2.24.2/log4j-core-2.24.2.jar:/home/runner/.m2/repository/org/apache/ratis/ratis-metrics-api/3.1.2/ratis-metrics-api-3.1.2.jar:/home/runner/.m2/repository/org/eclipse/jetty/jetty-http/9.4.57.v20241219/jetty-http-9.4.57.v20241219.jar:/home/runner/.m2/repository/org/glassfish/jersey/containers/jersey-container-servlet-core/2.46/jersey-container-servlet-core-2.46.jar:/home/runner/.m2/repository/org/glassfish/hk2/external/jakarta.inject/2.6.1/jakarta.inject-2.6.1.jar:/home/runner/.m2/repository/org/glassfish/jersey/core/jersey-common/2.46/jersey-common-2.46.jar:/home/runner/.m2/repository/org/glassfish/hk2/osgi-resource-locator/1.0.3/osgi-resource-locator-1.0.3.jar:/home/runner/.m2/repository/org/glassfish/jersey/core/jersey-server/2.46/jersey-server-2.46.jar:/home/runner/.m2/repository/org/glassfish/jersey/core/jersey-client/2.46/jersey-client-2.46.jar:/home/runner/.m2/repository/jakarta/validation/jakarta.validation-api/2.0.2/jakarta.validation-api-2.0.2.jar:/home/runner/.m2/repository/com/lmax/disruptor/3.4.4/disruptor-3.4.4.jar:/home/runner/.m2/repository/log4j/apache-log4j-extras/1.2.17/apache-log4j-extras-1.2.17.jar:/home/runner/.m2/repository/org/xerial/snappy/snappy-java/1.1.10.7/snappy-java-1.1.10.7.jar:/home/runner/work/ozone/ozone/hadoop-ozone/client/target/ozone-client-2.1.0-SNAPSHOT.jar:/home/runner/work/ozone/ozone/hadoop-ozone/common/target/ozone-common-2.1.0-SNAPSHOT.jar:/home/runner/work/ozone/ozone/hadoop-ozone/interface-client/target/ozone-interface-client-2.1.0-SNAPSHOT.jar:/home/runner/.m2/repository/io/grpc/grpc-protobuf/1.58.0/grpc-protobuf-1.58.0.jar:/home/runner/.m2/repository/com/google/api/grpc/proto-google-common-protos/2.22.0/proto-google-common-protos-2.22.0.jar:/home/runner/.m2/repository/io/grpc/grpc-protobuf-lite/1.58.0/grpc-protobuf-lite-1.58.0.jar:/home/runner/work/ozone/ozone/hadoop-ozone/interface-storage/target/ozone-interface-storage-2.1.0-SNAPSHOT.jar:/home/runner/work/ozone/ozone/hadoop-hdds/rocksdb-checkpoint-differ/target/rocksdb-checkpoint-differ-2.1.0-SNAPSHOT.jar:/home/runner/.m2/repository/com/github/vlsi/mxgraph/jgraphx/3.9.12/jgraphx-3.9.12.jar:/home/runner/.m2/repository/org/jgrapht/jgrapht-core/1.4.0/jgrapht-core-1.4.0.jar:/home/runner/.m2/repository/org/jheaps/jheaps/0.11/jheaps-0.11.jar:/home/runner/.m2/repository/org/jgrapht/jgrapht-ext/1.4.0/jgrapht-ext-1.4.0.jar:/home/runner/.m2/repository/org/apache/ranger/ranger-intg/2.6.0/ranger-intg-2.6.0.jar:/home/runner/.m2/repository/org/apache/ranger/ranger-plugins-common/2.6.0/ranger-plugins-common-2.6.0.jar:/home/runner/.m2/repository/com/fasterxml/jackson/jaxrs/jackson-jaxrs-base/2.16.2/jackson-jaxrs-base-2.16.2.jar:/home/runner/.m2/repository/com/fasterxml/jackson/jaxrs/jackson-jaxrs-json-provider/2.16.2/jackson-jaxrs-json-provider-2.16.2.jar:/home/runner/.m2/repository/com/fasterxml/jackson/module/jackson-module-jaxb-annotations/2.16.2/jackson-module-jaxb-annotations-2.16.2.jar:/home/runner/.m2/repository/com/kstruct/gethostname4j/1.0.0/gethostname4j-1.0.0.jar:/home/runner/.m2/repository/commons-lang/commons-lang/2.6/commons-lang-2.6.jar:/home/runner/.m2/repository/net/java/dev/jna/jna/5.2.0/jna-5.2.0.jar:/home/runner/.m2/repository/net/java/dev/jna/jna-platform/5.2.0/jna-platform-5.2.0.jar:/home/runner/.m2/repository/org/apache/ranger/ranger-plugin-classloader/2.6.0/ranger-plugin-classloader-2.6.0.jar:/home/runner/.m2/repository/org/apache/ranger/ranger-plugins-audit/2.6.0/ranger-plugins-audit-2.6.0.jar:/home/runner/.m2/repository/com/amazonaws/aws-java-sdk-logs/1.12.765/aws-java-sdk-logs-1.12.765.jar:/home/runner/.m2/repository/com/amazonaws/aws-java-sdk-core/1.12.661/aws-java-sdk-core-1.12.661.jar:/home/runner/.m2/repository/com/fasterxml/jackson/dataformat/jackson-dataformat-cbor/2.16.2/jackson-dataformat-cbor-2.16.2.jar:/home/runner/.m2/repository/com/amazonaws/jmespath-java/1.12.765/jmespath-java-1.12.765.jar:/home/runner/.m2/repository/com/carrotsearch/hppc/0.8.0/hppc-0.8.0.jar:/home/runner/.m2/repository/io/airlift/aircompressor/0.27/aircompressor-0.27.jar:/home/runner/.m2/repository/joda-time/joda-time/2.12.7/joda-time-2.12.7.jar:/home/runner/.m2/repository/org/apache/httpcomponents/httpasyncclient/4.1.4/httpasyncclient-4.1.4.jar:/home/runner/.m2/repository/org/apache/httpcomponents/httpcore-nio/4.4.16/httpcore-nio-4.4.16.jar:/home/runner/.m2/repository/org/apache/httpcomponents/httpmime/4.5.13/httpmime-4.5.13.jar:/home/runner/.m2/repository/org/apache/orc/orc-core/1.5.8/orc-core-1.5.8.jar:/home/runner/.m2/repository/org/apache/orc/orc-shims/1.5.8/orc-shims-1.5.8.jar:/home/runner/.m2/repository/org/eclipse/jetty/jetty-client/9.4.57.v20241219/jetty-client-9.4.57.v20241219.jar:/home/runner/.m2/repository/org/apache/ranger/ranger-plugins-cred/2.6.0/ranger-plugins-cred-2.6.0.jar:/home/runner/.m2/repository/org/apache/ratis/ratis-common/3.1.2/ratis-common-3.1.2.jar:/home/runner/.m2/repository/org/apache/ratis/ratis-grpc/3.1.2/ratis-grpc-3.1.2.jar:/home/runner/.m2/repository/org/apache/ratis/ratis-netty/3.1.2/ratis-netty-3.1.2.jar:/home/runner/.m2/repository/org/apache/ratis/ratis-proto/3.1.2/ratis-proto-3.1.2.jar:/home/runner/.m2/repository/org/apache/ratis/ratis-server/3.1.2/ratis-server-3.1.2.jar:/home/runner/.m2/repository/org/apache/ratis/ratis-server-api/3.1.2/ratis-server-api-3.1.2.jar:/home/runner/.m2/repository/org/apache/ratis/ratis-thirdparty-misc/1.0.6/ratis-thirdparty-misc-1.0.6.jar:/home/runner/.m2/repository/org/aspectj/aspectjrt/1.9.7/aspectjrt-1.9.7.jar:/home/runner/.m2/repository/org/aspectj/aspectjweaver/1.9.7/aspectjweaver-1.9.7.jar:/home/runner/.m2/repository/org/bouncycastle/bcprov-jdk18on/1.80/bcprov-jdk18on-1.80.jar:/home/runner/.m2/repository/org/eclipse/jetty/jetty-util/9.4.57.v20241219/jetty-util-9.4.57.v20241219.jar:/home/runner/.m2/repository/org/eclipse/jetty/jetty-webapp/9.4.57.v20241219/jetty-webapp-9.4.57.v20241219.jar:/home/runner/.m2/repository/org/eclipse/jetty/jetty-xml/9.4.57.v20241219/jetty-xml-9.4.57.v20241219.jar:/home/runner/.m2/repository/org/reflections/reflections/0.10.2/reflections-0.10.2.jar:/home/runner/.m2/repository/org/javassist/javassist/3.30.2-GA/javassist-3.30.2-GA.jar:/home/runner/.m2/repository/org/rocksdb/rocksdbjni/7.7.3/rocksdbjni-7.7.3.jar:/home/runner/.m2/repository/org/slf4j/slf4j-api/2.0.17/slf4j-api-2.0.17.jar:/home/runner/work/ozone/ozone/hadoop-hdds/docs/target/hdds-docs-2.1.0-SNAPSHOT.jar:/home/runner/.m2/repository/io/netty/netty-tcnative-boringssl-static/2.0.65.Final/netty-tcnative-boringssl-static-2.0.65.Final.jar:/home/runner/.m2/repository/io/netty/netty-tcnative-classes/2.0.65.Final/netty-tcnative-classes-2.0.65.Final.jar:/home/runner/.m2/repository/io/netty/netty-tcnative-boringssl-static/2.0.65.Final/netty-tcnative-boringssl-static-2.0.65.Final-linux-x86_64.jar:/home/runner/.m2/repository/io/netty/netty-tcnative-boringssl-static/2.0.65.Final/netty-tcnative-boringssl-static-2.0.65.Final-linux-aarch_64.jar:/home/runner/.m2/repository/io/netty/netty-tcnative-boringssl-static/2.0.65.Final/netty-tcnative-boringssl-static-2.0.65.Final-osx-x86_64.jar:/home/runner/.m2/repository/io/netty/netty-tcnative-boringssl-static/2.0.65.Final/netty-tcnative-boringssl-static-2.0.65.Final-osx-aarch_64.jar:/home/runner/.m2/repository/io/netty/netty-tcnative-boringssl-static/2.0.65.Final/netty-tcnative-boringssl-static-2.0.65.Final-windows-x86_64.jar:/home/runner/.m2/repository/com/google/testing/compile/compile-testing/0.21.0/compile-testing-0.21.0.jar:/home/runner/.m2/repository/junit/junit/4.13.2/junit-4.13.2.jar:/home/runner/.m2/repository/org/hamcrest/hamcrest-core/1.3/hamcrest-core-1.3.jar:/home/runner/.m2/repository/com/google/truth/truth/1.1.3/truth-1.1.3.jar:/home/runner/.m2/repository/com/google/auto/value/auto-value-annotations/1.8.1/auto-value-annotations-1.8.1.jar:/home/runner/.m2/repository/org/ow2/asm/asm/9.1/asm-9.1.jar:/home/runner/.m2/repository/com/google/auto/value/auto-value/1.10/auto-value-1.10.jar:/home/runner/.m2/repository/com/google/auto/auto-common/1.2.1/auto-common-1.2.1.jar:/home/runner/.m2/repository/org/apache/hadoop/hadoop-common/3.4.1/hadoop-common-3.4.1-tests.jar:/home/runner/.m2/repository/org/apache/commons/commons-math3/3.6.1/commons-math3-3.6.1.jar:/home/runner/.m2/repository/com/sun/jersey/jersey-servlet/1.19.4/jersey-servlet-1.19.4.jar:/home/runner/.m2/repository/com/github/pjfanning/jersey-json/1.22.0/jersey-json-1.22.0.jar:/home/runner/.m2/repository/com/sun/xml/bind/jaxb-impl/2.2.3-1/jaxb-impl-2.2.3-1.jar:/home/runner/.m2/repository/javax/xml/bind/jaxb-api/2.2.2/jaxb-api-2.2.2.jar:/home/runner/.m2/repository/javax/xml/stream/stax-api/1.0-2/stax-api-1.0-2.jar:/home/runner/.m2/repository/javax/activation/activation/1.1/activation-1.1.jar:/home/runner/.m2/repository/com/sun/jersey/jersey-server/1.19.4/jersey-server-1.19.4.jar:/home/runner/.m2/repository/org/apache/avro/avro/1.9.2/avro-1.9.2.jar:/home/runner/.m2/repository/org/apache/curator/curator-client/4.2.0/curator-client-4.2.0.jar:/home/runner/.m2/repository/org/apache/curator/curator-recipes/5.2.0/curator-recipes-5.2.0.jar:/home/runner/.m2/repository/org/apache/curator/curator-framework/4.2.0/curator-framework-4.2.0.jar:/home/runner/.m2/repository/com/google/code/findbugs/jsr305/3.0.2/jsr305-3.0.2.jar:/home/runner/.m2/repository/org/apache/zookeeper/zookeeper/3.8.4/zookeeper-3.8.4.jar:/home/runner/.m2/repository/org/apache/zookeeper/zookeeper-jute/3.8.4/zookeeper-jute-3.8.4.jar:/home/runner/.m2/repository/org/apache/yetus/audience-annotations/0.12.0/audience-annotations-0.12.0.jar:/home/runner/work/ozone/ozone/hadoop-hdds/annotations/target/hdds-annotation-processing-2.1.0-SNAPSHOT.jar:/home/runner/work/ozone/ozone/hadoop-hdds/common/target/hdds-common-2.1.0-SNAPSHOT-tests.jar:/home/runner/work/ozone/ozone/hadoop-hdds/framework/target/hdds-server-framework-2.1.0-SNAPSHOT-tests.jar:/home/runner/work/ozone/ozone/hadoop-hdds/server-scm/target/hdds-server-scm-2.1.0-SNAPSHOT-tests.jar:/home/runner/work/ozone/ozone/hadoop-hdds/container-service/target/hdds-container-service-2.1.0-SNAPSHOT.jar:/home/runner/.m2/repository/com/github/luben/zstd-jni/1.5.7-3/zstd-jni-1.5.7-3.jar:/home/runner/.m2/repository/org/apache/hadoop/hadoop-hdfs/3.4.1/hadoop-hdfs-3.4.1.jar:/home/runner/.m2/repository/commons-daemon/commons-daemon/1.4.0/commons-daemon-1.4.0.jar:/home/runner/.m2/repository/org/glassfish/jaxb/jaxb-runtime/2.3.9/jaxb-runtime-2.3.9.jar:/home/runner/.m2/repository/org/glassfish/jaxb/txw2/2.3.9/txw2-2.3.9.jar:/home/runner/.m2/repository/com/sun/istack/istack-commons-runtime/3.0.12/istack-commons-runtime-3.0.12.jar:/home/runner/.m2/repository/com/sun/activation/jakarta.activation/1.2.2/jakarta.activation-1.2.2.jar:/home/runner/work/ozone/ozone/hadoop-hdds/test-utils/target/hdds-test-utils-2.1.0-SNAPSHOT-tests.jar:/home/runner/.m2/repository/org/assertj/assertj-core/3.27.3/assertj-core-3.27.3.jar:/home/runner/.m2/repository/net/bytebuddy/byte-buddy/1.15.11/byte-buddy-1.15.11.jar:/home/runner/.m2/repository/org/junit/jupiter/junit-jupiter-api/5.12.2/junit-jupiter-api-5.12.2.jar:/home/runner/.m2/repository/org/opentest4j/opentest4j/1.3.0/opentest4j-1.3.0.jar:/home/runner/.m2/repository/org/junit/platform/junit-platform-commons/1.12.2/junit-platform-commons-1.12.2.jar:/home/runner/.m2/repository/org/apiguardian/apiguardian-api/1.1.2/apiguardian-api-1.1.2.jar:/home/runner/.m2/repository/org/junit/jupiter/junit-jupiter-params/5.12.2/junit-jupiter-params-5.12.2.jar:/home/runner/.m2/repository/org/mockito/mockito-core/4.11.0/mockito-core-4.11.0.jar:/home/runner/.m2/repository/net/bytebuddy/byte-buddy-agent/1.12.19/byte-buddy-agent-1.12.19.jar:/home/runner/.m2/repository/org/objenesis/objenesis/3.3/objenesis-3.3.jar:/home/runner/.m2/repository/org/mockito/mockito-inline/4.11.0/mockito-inline-4.11.0.jar:/home/runner/.m2/repository/org/mockito/mockito-junit-jupiter/4.11.0/mockito-junit-jupiter-4.11.0.jar:/home/runner/work/ozone/ozone/hadoop-ozone/ozone-manager/target/gradle-enterprise/test-listeners.jar:"/>
    <property name="java.vm.vendor" value="Eclipse Adoptium"/>
    <property name="sun.arch.data.model" value="64"/>
    <property name="test.build.dir" value="/home/runner/work/ozone/ozone/hadoop-ozone/ozone-manager/target/test-dir"/>
    <property name="test.cache.data" value=""/>
    <property name="java.vendor.url" value="https://adoptium.net/"/>
    <property name="user.timezone" value="Etc/UTC"/>
    <property name="maven-surefire-plugin.argLineAccessArgs" value=" --add-opens java.management/com.sun.jmx.mbeanserver=ALL-UNNAMED --add-exports java.management/com.sun.jmx.mbeanserver=ALL-UNNAMED --add-opens java.base/java.nio=ALL-UNNAMED --add-opens java.base/java.lang=ALL-UNNAMED --add-opens java.base/java.lang.reflect=ALL-UNNAMED"/>
    <property name="java.vm.specification.version" value="21"/>
    <property name="os.name" value="Linux"/>
    <property name="test.build.data" value="/home/runner/work/ozone/ozone/hadoop-ozone/ozone-manager/target/test-dir"/>
    <property name="sun.java.launcher" value="SUN_STANDARD"/>
    <property name="sun.boot.library.path" value="/usr/lib/jvm/temurin-21-jdk-amd64/lib"/>
    <property name="sun.java.command" value="/home/runner/work/ozone/ozone/hadoop-ozone/ozone-manager/target/surefire/surefirebooter-20250514085712958_1478.jar /home/runner/work/ozone/ozone/hadoop-ozone/ozone-manager/target/surefire 2025-05-14T08-53-37_273-jvmRun1 surefire-20250514085712958_1476tmp surefire_126-20250514085712958_1477tmp"/>
    <property name="jdk.debug" value="release"/>
    <property name="native.lib.tmp.dir" value="/tmp"/>
    <property name="surefire.test.class.path" value="/home/runner/work/ozone/ozone/hadoop-ozone/ozone-manager/target/test-classes:/home/runner/work/ozone/ozone/hadoop-ozone/ozone-manager/target/classes:/home/runner/.m2/repository/com/fasterxml/jackson/core/jackson-annotations/2.16.2/jackson-annotations-2.16.2.jar:/home/runner/.m2/repository/com/fasterxml/jackson/core/jackson-databind/2.16.2/jackson-databind-2.16.2.jar:/home/runner/.m2/repository/com/fasterxml/jackson/core/jackson-core/2.16.2/jackson-core-2.16.2.jar:/home/runner/.m2/repository/com/google/guava/guava/32.1.3-jre/guava-32.1.3-jre.jar:/home/runner/.m2/repository/com/google/guava/failureaccess/1.0.1/failureaccess-1.0.1.jar:/home/runner/.m2/repository/com/google/guava/listenablefuture/9999.0-empty-to-avoid-conflict-with-guava/listenablefuture-9999.0-empty-to-avoid-conflict-with-guava.jar:/home/runner/.m2/repository/org/checkerframework/checker-qual/3.37.0/checker-qual-3.37.0.jar:/home/runner/.m2/repository/com/google/errorprone/error_prone_annotations/2.29.2/error_prone_annotations-2.29.2.jar:/home/runner/.m2/repository/com/google/j2objc/j2objc-annotations/2.8/j2objc-annotations-2.8.jar:/home/runner/.m2/repository/com/google/protobuf/protobuf-java/2.5.0/protobuf-java-2.5.0.jar:/home/runner/.m2/repository/com/sun/jersey/jersey-client/1.19.4/jersey-client-1.19.4.jar:/home/runner/.m2/repository/com/sun/jersey/jersey-core/1.19.4/jersey-core-1.19.4.jar:/home/runner/.m2/repository/javax/ws/rs/jsr311-api/1.1.1/jsr311-api-1.1.1.jar:/home/runner/.m2/repository/commons-codec/commons-codec/1.17.1/commons-codec-1.17.1.jar:/home/runner/.m2/repository/commons-io/commons-io/2.18.0/commons-io-2.18.0.jar:/home/runner/.m2/repository/info/picocli/picocli/4.7.7/picocli-4.7.7.jar:/home/runner/.m2/repository/io/grpc/grpc-api/1.58.0/grpc-api-1.58.0.jar:/home/runner/.m2/repository/io/grpc/grpc-netty/1.58.0/grpc-netty-1.58.0.jar:/home/runner/.m2/repository/io/grpc/grpc-core/1.58.0/grpc-core-1.58.0.jar:/home/runner/.m2/repository/com/google/android/annotations/4.1.1.4/annotations-4.1.1.4.jar:/home/runner/.m2/repository/org/codehaus/mojo/animal-sniffer-annotations/1.23/animal-sniffer-annotations-1.23.jar:/home/runner/.m2/repository/io/grpc/grpc-context/1.58.0/grpc-context-1.58.0.jar:/home/runner/.m2/repository/io/grpc/grpc-util/1.58.0/grpc-util-1.58.0.jar:/home/runner/.m2/repository/io/netty/netty-codec-http2/4.1.109.Final/netty-codec-http2-4.1.109.Final.jar:/home/runner/.m2/repository/io/netty/netty-codec-http/4.1.109.Final/netty-codec-http-4.1.109.Final.jar:/home/runner/.m2/repository/io/netty/netty-handler-proxy/4.1.109.Final/netty-handler-proxy-4.1.109.Final.jar:/home/runner/.m2/repository/io/netty/netty-codec-socks/4.1.109.Final/netty-codec-socks-4.1.109.Final.jar:/home/runner/.m2/repository/io/perfmark/perfmark-api/0.26.0/perfmark-api-0.26.0.jar:/home/runner/.m2/repository/io/netty/netty-transport-native-unix-common/4.1.109.Final/netty-transport-native-unix-common-4.1.109.Final.jar:/home/runner/.m2/repository/io/grpc/grpc-stub/1.58.0/grpc-stub-1.58.0.jar:/home/runner/.m2/repository/io/netty/netty-common/4.1.109.Final/netty-common-4.1.109.Final.jar:/home/runner/.m2/repository/io/netty/netty-handler/4.1.109.Final/netty-handler-4.1.109.Final.jar:/home/runner/.m2/repository/io/netty/netty-resolver/4.1.109.Final/netty-resolver-4.1.109.Final.jar:/home/runner/.m2/repository/io/netty/netty-buffer/4.1.109.Final/netty-buffer-4.1.109.Final.jar:/home/runner/.m2/repository/io/netty/netty-codec/4.1.109.Final/netty-codec-4.1.109.Final.jar:/home/runner/.m2/repository/io/netty/netty-transport/4.1.109.Final/netty-transport-4.1.109.Final.jar:/home/runner/.m2/repository/jakarta/annotation/jakarta.annotation-api/2.1.1/jakarta.annotation-api-2.1.1.jar:/home/runner/.m2/repository/jakarta/xml/bind/jakarta.xml.bind-api/2.3.3/jakarta.xml.bind-api-2.3.3.jar:/home/runner/.m2/repository/jakarta/activation/jakarta.activation-api/1.2.2/jakarta.activation-api-1.2.2.jar:/home/runner/.m2/repository/javax/servlet/javax.servlet-api/3.1.0/javax.servlet-api-3.1.0.jar:/home/runner/.m2/repository/org/apache/commons/commons-compress/1.27.1/commons-compress-1.27.1.jar:/home/runner/.m2/repository/org/apache/commons/commons-lang3/3.17.0/commons-lang3-3.17.0.jar:/home/runner/.m2/repository/org/apache/hadoop/hadoop-auth/3.4.1/hadoop-auth-3.4.1.jar:/home/runner/.m2/repository/org/apache/httpcomponents/httpclient/4.5.14/httpclient-4.5.14.jar:/home/runner/.m2/repository/com/nimbusds/nimbus-jose-jwt/9.40/nimbus-jose-jwt-9.40.jar:/home/runner/.m2/repository/io/dropwizard/metrics/metrics-core/3.2.6/metrics-core-3.2.6.jar:/home/runner/.m2/repository/org/apache/kerby/kerb-core/1.0.1/kerb-core-1.0.1.jar:/home/runner/.m2/repository/org/apache/kerby/kerby-pkix/1.0.1/kerby-pkix-1.0.1.jar:/home/runner/.m2/repository/org/apache/kerby/kerby-asn1/1.0.1/kerby-asn1-1.0.1.jar:/home/runner/.m2/repository/org/apache/kerby/kerb-util/1.0.1/kerb-util-1.0.1.jar:/home/runner/.m2/repository/org/apache/kerby/kerby-config/1.0.1/kerby-config-1.0.1.jar:/home/runner/.m2/repository/org/apache/kerby/kerb-crypto/1.0.1/kerb-crypto-1.0.1.jar:/home/runner/.m2/repository/org/apache/hadoop/thirdparty/hadoop-shaded-guava/1.3.0/hadoop-shaded-guava-1.3.0.jar:/home/runner/.m2/repository/org/apache/hadoop/hadoop-common/3.4.1/hadoop-common-3.4.1.jar:/home/runner/.m2/repository/org/apache/hadoop/thirdparty/hadoop-shaded-protobuf_3_25/1.4.0/hadoop-shaded-protobuf_3_25-1.4.0.jar:/home/runner/.m2/repository/org/apache/hadoop/hadoop-annotations/3.4.1/hadoop-annotations-3.4.1.jar:/home/runner/.m2/repository/commons-cli/commons-cli/1.8.0/commons-cli-1.8.0.jar:/home/runner/.m2/repository/commons-net/commons-net/3.11.1/commons-net-3.11.1.jar:/home/runner/.m2/repository/commons-collections/commons-collections/3.2.2/commons-collections-3.2.2.jar:/home/runner/.m2/repository/org/eclipse/jetty/jetty-server/9.4.57.v20241219/jetty-server-9.4.57.v20241219.jar:/home/runner/.m2/repository/org/eclipse/jetty/jetty-servlet/9.4.57.v20241219/jetty-servlet-9.4.57.v20241219.jar:/home/runner/.m2/repository/org/eclipse/jetty/jetty-security/9.4.57.v20241219/jetty-security-9.4.57.v20241219.jar:/home/runner/.m2/repository/org/eclipse/jetty/jetty-util-ajax/9.4.57.v20241219/jetty-util-ajax-9.4.57.v20241219.jar:/home/runner/.m2/repository/javax/servlet/jsp/jsp-api/2.1/jsp-api-2.1.jar:/home/runner/.m2/repository/org/codehaus/jettison/jettison/1.5.4/jettison-1.5.4.jar:/home/runner/.m2/repository/commons-beanutils/commons-beanutils/1.9.4/commons-beanutils-1.9.4.jar:/home/runner/.m2/repository/org/apache/commons/commons-configuration2/2.11.0/commons-configuration2-2.11.0.jar:/home/runner/.m2/repository/org/apache/commons/commons-text/1.12.0/commons-text-1.12.0.jar:/home/runner/.m2/repository/com/google/re2j/re2j/1.7/re2j-1.7.jar:/home/runner/.m2/repository/com/google/code/gson/gson/2.10.1/gson-2.10.1.jar:/home/runner/.m2/repository/com/jcraft/jsch/0.1.55/jsch-0.1.55.jar:/home/runner/.m2/repository/io/netty/netty-transport-native-epoll/4.1.109.Final/netty-transport-native-epoll-4.1.109.Final.jar:/home/runner/.m2/repository/io/netty/netty-transport-classes-epoll/4.1.109.Final/netty-transport-classes-epoll-4.1.109.Final.jar:/home/runner/.m2/repository/org/codehaus/woodstox/stax2-api/4.2.1/stax2-api-4.2.1.jar:/home/runner/.m2/repository/com/fasterxml/woodstox/woodstox-core/5.4.0/woodstox-core-5.4.0.jar:/home/runner/.m2/repository/dnsjava/dnsjava/3.6.1/dnsjava-3.6.1.jar:/home/runner/.m2/repository/org/apache/hadoop/hadoop-hdfs-client/3.4.1/hadoop-hdfs-client-3.4.1.jar:/home/runner/.m2/repository/org/apache/httpcomponents/httpcore/4.4.16/httpcore-4.4.16.jar:/home/runner/.m2/repository/org/apache/kerby/kerby-util/1.0.1/kerby-util-1.0.1.jar:/home/runner/.m2/repository/org/apache/logging/log4j/log4j-api/2.24.2/log4j-api-2.24.2.jar:/home/runner/work/ozone/ozone/hadoop-hdds/client/target/hdds-client-2.1.0-SNAPSHOT.jar:/home/runner/.m2/repository/io/opentracing/opentracing-api/0.33.0/opentracing-api-0.33.0.jar:/home/runner/.m2/repository/io/opentracing/opentracing-util/0.33.0/opentracing-util-0.33.0.jar:/home/runner/.m2/repository/io/opentracing/opentracing-noop/0.33.0/opentracing-noop-0.33.0.jar:/home/runner/work/ozone/ozone/hadoop-hdds/erasurecode/target/hdds-erasurecode-2.1.0-SNAPSHOT.jar:/home/runner/.m2/repository/org/apache/ratis/ratis-client/3.1.2/ratis-client-3.1.2.jar:/home/runner/work/ozone/ozone/hadoop-hdds/common/target/hdds-common-2.1.0-SNAPSHOT.jar:/home/runner/.m2/repository/com/fasterxml/jackson/datatype/jackson-datatype-jsr310/2.16.2/jackson-datatype-jsr310-2.16.2.jar:/home/runner/.m2/repository/com/github/stephenc/jcip/jcip-annotations/1.0-1/jcip-annotations-1.0-1.jar:/home/runner/.m2/repository/commons-validator/commons-validator/1.6/commons-validator-1.6.jar:/home/runner/.m2/repository/commons-digester/commons-digester/1.8.1/commons-digester-1.8.1.jar:/home/runner/.m2/repository/io/jaegertracing/jaeger-client/1.8.1/jaeger-client-1.8.1.jar:/home/runner/.m2/repository/io/jaegertracing/jaeger-thrift/1.8.1/jaeger-thrift-1.8.1.jar:/home/runner/.m2/repository/org/apache/thrift/libthrift/0.15.0/libthrift-0.15.0.jar:/home/runner/.m2/repository/com/squareup/okhttp3/okhttp/4.12.0/okhttp-4.12.0.jar:/home/runner/.m2/repository/com/squareup/okio/okio/3.6.0/okio-3.6.0.jar:/home/runner/.m2/repository/com/squareup/okio/okio-jvm/3.6.0/okio-jvm-3.6.0.jar:/home/runner/.m2/repository/org/jetbrains/kotlin/kotlin-stdlib-common/1.9.25/kotlin-stdlib-common-1.9.25.jar:/home/runner/.m2/repository/org/jetbrains/kotlin/kotlin-stdlib-jdk8/1.9.25/kotlin-stdlib-jdk8-1.9.25.jar:/home/runner/.m2/repository/org/jetbrains/kotlin/kotlin-stdlib-jdk7/1.9.25/kotlin-stdlib-jdk7-1.9.25.jar:/home/runner/.m2/repository/io/jaegertracing/jaeger-tracerresolver/1.8.1/jaeger-tracerresolver-1.8.1.jar:/home/runner/.m2/repository/io/opentracing/contrib/opentracing-tracerresolver/0.1.8/opentracing-tracerresolver-0.1.8.jar:/home/runner/.m2/repository/io/jaegertracing/jaeger-core/1.8.1/jaeger-core-1.8.1.jar:/home/runner/.m2/repository/javax/annotation/javax.annotation-api/1.3.2/javax.annotation-api-1.3.2.jar:/home/runner/work/ozone/ozone/hadoop-hdds/interface-admin/target/hdds-interface-admin-2.1.0-SNAPSHOT.jar:/home/runner/.m2/repository/org/apache/ratis/ratis-metrics-dropwizard3/3.1.2/ratis-metrics-dropwizard3-3.1.2.jar:/home/runner/.m2/repository/org/bouncycastle/bcpkix-jdk18on/1.80/bcpkix-jdk18on-1.80.jar:/home/runner/.m2/repository/org/bouncycastle/bcutil-jdk18on/1.80/bcutil-jdk18on-1.80.jar:/home/runner/.m2/repository/org/jetbrains/kotlin/kotlin-stdlib/1.9.25/kotlin-stdlib-1.9.25.jar:/home/runner/.m2/repository/org/jetbrains/annotations/13.0/annotations-13.0.jar:/home/runner/.m2/repository/org/slf4j/jcl-over-slf4j/2.0.17/jcl-over-slf4j-2.0.17.jar:/home/runner/.m2/repository/org/yaml/snakeyaml/2.0/snakeyaml-2.0.jar:/home/runner/.m2/repository/org/slf4j/slf4j-reload4j/2.0.17/slf4j-reload4j-2.0.17.jar:/home/runner/work/ozone/ozone/hadoop-hdds/config/target/hdds-config-2.1.0-SNAPSHOT.jar:/home/runner/work/ozone/ozone/hadoop-hdds/interface-client/target/hdds-interface-client-2.1.0-SNAPSHOT.jar:/home/runner/work/ozone/ozone/hadoop-hdds/interface-server/target/hdds-interface-server-2.1.0-SNAPSHOT.jar:/home/runner/work/ozone/ozone/hadoop-hdds/managed-rocksdb/target/hdds-managed-rocksdb-2.1.0-SNAPSHOT.jar:/home/runner/work/ozone/ozone/hadoop-hdds/rocks-native/target/hdds-rocks-native-2.1.0-SNAPSHOT.jar:/home/runner/.m2/repository/org/eclipse/jetty/jetty-io/9.4.57.v20241219/jetty-io-9.4.57.v20241219.jar:/home/runner/work/ozone/ozone/hadoop-hdds/framework/target/hdds-server-framework-2.1.0-SNAPSHOT.jar:/home/runner/.m2/repository/ch/qos/reload4j/reload4j/1.2.26/reload4j-1.2.26.jar:/home/runner/.m2/repository/com/github/jnr/jnr-constants/0.10.4/jnr-constants-0.10.4.jar:/home/runner/.m2/repository/com/github/jnr/jnr-posix/3.1.20/jnr-posix-3.1.20.jar:/home/runner/.m2/repository/com/github/jnr/jnr-ffi/2.2.17/jnr-ffi-2.2.17.jar:/home/runner/.m2/repository/com/github/jnr/jffi/1.3.13/jffi-1.3.13.jar:/home/runner/.m2/repository/com/github/jnr/jffi/1.3.13/jffi-1.3.13-native.jar:/home/runner/.m2/repository/org/ow2/asm/asm-commons/9.7.1/asm-commons-9.7.1.jar:/home/runner/.m2/repository/org/ow2/asm/asm-analysis/9.7.1/asm-analysis-9.7.1.jar:/home/runner/.m2/repository/org/ow2/asm/asm-tree/9.7.1/asm-tree-9.7.1.jar:/home/runner/.m2/repository/org/ow2/asm/asm-util/9.7.1/asm-util-9.7.1.jar:/home/runner/.m2/repository/com/github/jnr/jnr-a64asm/1.0.0/jnr-a64asm-1.0.0.jar:/home/runner/.m2/repository/com/github/jnr/jnr-x86asm/1.0.2/jnr-x86asm-1.0.2.jar:/home/runner/.m2/repository/commons-fileupload/commons-fileupload/1.5/commons-fileupload-1.5.jar:/home/runner/.m2/repository/io/prometheus/simpleclient/0.16.0/simpleclient-0.16.0.jar:/home/runner/.m2/repository/io/prometheus/simpleclient_common/0.16.0/simpleclient_common-0.16.0.jar:/home/runner/.m2/repository/io/prometheus/simpleclient_dropwizard/0.16.0/simpleclient_dropwizard-0.16.0.jar:/home/runner/.m2/repository/jakarta/ws/rs/jakarta.ws.rs-api/2.1.6/jakarta.ws.rs-api-2.1.6.jar:/home/runner/.m2/repository/org/apache/logging/log4j/log4j-core/2.24.2/log4j-core-2.24.2.jar:/home/runner/.m2/repository/org/apache/ratis/ratis-metrics-api/3.1.2/ratis-metrics-api-3.1.2.jar:/home/runner/.m2/repository/org/eclipse/jetty/jetty-http/9.4.57.v20241219/jetty-http-9.4.57.v20241219.jar:/home/runner/.m2/repository/org/glassfish/jersey/containers/jersey-container-servlet-core/2.46/jersey-container-servlet-core-2.46.jar:/home/runner/.m2/repository/org/glassfish/hk2/external/jakarta.inject/2.6.1/jakarta.inject-2.6.1.jar:/home/runner/.m2/repository/org/glassfish/jersey/core/jersey-common/2.46/jersey-common-2.46.jar:/home/runner/.m2/repository/org/glassfish/hk2/osgi-resource-locator/1.0.3/osgi-resource-locator-1.0.3.jar:/home/runner/.m2/repository/org/glassfish/jersey/core/jersey-server/2.46/jersey-server-2.46.jar:/home/runner/.m2/repository/org/glassfish/jersey/core/jersey-client/2.46/jersey-client-2.46.jar:/home/runner/.m2/repository/jakarta/validation/jakarta.validation-api/2.0.2/jakarta.validation-api-2.0.2.jar:/home/runner/.m2/repository/com/lmax/disruptor/3.4.4/disruptor-3.4.4.jar:/home/runner/.m2/repository/log4j/apache-log4j-extras/1.2.17/apache-log4j-extras-1.2.17.jar:/home/runner/.m2/repository/org/xerial/snappy/snappy-java/1.1.10.7/snappy-java-1.1.10.7.jar:/home/runner/work/ozone/ozone/hadoop-ozone/client/target/ozone-client-2.1.0-SNAPSHOT.jar:/home/runner/work/ozone/ozone/hadoop-ozone/common/target/ozone-common-2.1.0-SNAPSHOT.jar:/home/runner/work/ozone/ozone/hadoop-ozone/interface-client/target/ozone-interface-client-2.1.0-SNAPSHOT.jar:/home/runner/.m2/repository/io/grpc/grpc-protobuf/1.58.0/grpc-protobuf-1.58.0.jar:/home/runner/.m2/repository/com/google/api/grpc/proto-google-common-protos/2.22.0/proto-google-common-protos-2.22.0.jar:/home/runner/.m2/repository/io/grpc/grpc-protobuf-lite/1.58.0/grpc-protobuf-lite-1.58.0.jar:/home/runner/work/ozone/ozone/hadoop-ozone/interface-storage/target/ozone-interface-storage-2.1.0-SNAPSHOT.jar:/home/runner/work/ozone/ozone/hadoop-hdds/rocksdb-checkpoint-differ/target/rocksdb-checkpoint-differ-2.1.0-SNAPSHOT.jar:/home/runner/.m2/repository/com/github/vlsi/mxgraph/jgraphx/3.9.12/jgraphx-3.9.12.jar:/home/runner/.m2/repository/org/jgrapht/jgrapht-core/1.4.0/jgrapht-core-1.4.0.jar:/home/runner/.m2/repository/org/jheaps/jheaps/0.11/jheaps-0.11.jar:/home/runner/.m2/repository/org/jgrapht/jgrapht-ext/1.4.0/jgrapht-ext-1.4.0.jar:/home/runner/.m2/repository/org/apache/ranger/ranger-intg/2.6.0/ranger-intg-2.6.0.jar:/home/runner/.m2/repository/org/apache/ranger/ranger-plugins-common/2.6.0/ranger-plugins-common-2.6.0.jar:/home/runner/.m2/repository/com/fasterxml/jackson/jaxrs/jackson-jaxrs-base/2.16.2/jackson-jaxrs-base-2.16.2.jar:/home/runner/.m2/repository/com/fasterxml/jackson/jaxrs/jackson-jaxrs-json-provider/2.16.2/jackson-jaxrs-json-provider-2.16.2.jar:/home/runner/.m2/repository/com/fasterxml/jackson/module/jackson-module-jaxb-annotations/2.16.2/jackson-module-jaxb-annotations-2.16.2.jar:/home/runner/.m2/repository/com/kstruct/gethostname4j/1.0.0/gethostname4j-1.0.0.jar:/home/runner/.m2/repository/commons-lang/commons-lang/2.6/commons-lang-2.6.jar:/home/runner/.m2/repository/net/java/dev/jna/jna/5.2.0/jna-5.2.0.jar:/home/runner/.m2/repository/net/java/dev/jna/jna-platform/5.2.0/jna-platform-5.2.0.jar:/home/runner/.m2/repository/org/apache/ranger/ranger-plugin-classloader/2.6.0/ranger-plugin-classloader-2.6.0.jar:/home/runner/.m2/repository/org/apache/ranger/ranger-plugins-audit/2.6.0/ranger-plugins-audit-2.6.0.jar:/home/runner/.m2/repository/com/amazonaws/aws-java-sdk-logs/1.12.765/aws-java-sdk-logs-1.12.765.jar:/home/runner/.m2/repository/com/amazonaws/aws-java-sdk-core/1.12.661/aws-java-sdk-core-1.12.661.jar:/home/runner/.m2/repository/com/fasterxml/jackson/dataformat/jackson-dataformat-cbor/2.16.2/jackson-dataformat-cbor-2.16.2.jar:/home/runner/.m2/repository/com/amazonaws/jmespath-java/1.12.765/jmespath-java-1.12.765.jar:/home/runner/.m2/repository/com/carrotsearch/hppc/0.8.0/hppc-0.8.0.jar:/home/runner/.m2/repository/io/airlift/aircompressor/0.27/aircompressor-0.27.jar:/home/runner/.m2/repository/joda-time/joda-time/2.12.7/joda-time-2.12.7.jar:/home/runner/.m2/repository/org/apache/httpcomponents/httpasyncclient/4.1.4/httpasyncclient-4.1.4.jar:/home/runner/.m2/repository/org/apache/httpcomponents/httpcore-nio/4.4.16/httpcore-nio-4.4.16.jar:/home/runner/.m2/repository/org/apache/httpcomponents/httpmime/4.5.13/httpmime-4.5.13.jar:/home/runner/.m2/repository/org/apache/orc/orc-core/1.5.8/orc-core-1.5.8.jar:/home/runner/.m2/repository/org/apache/orc/orc-shims/1.5.8/orc-shims-1.5.8.jar:/home/runner/.m2/repository/org/eclipse/jetty/jetty-client/9.4.57.v20241219/jetty-client-9.4.57.v20241219.jar:/home/runner/.m2/repository/org/apache/ranger/ranger-plugins-cred/2.6.0/ranger-plugins-cred-2.6.0.jar:/home/runner/.m2/repository/org/apache/ratis/ratis-common/3.1.2/ratis-common-3.1.2.jar:/home/runner/.m2/repository/org/apache/ratis/ratis-grpc/3.1.2/ratis-grpc-3.1.2.jar:/home/runner/.m2/repository/org/apache/ratis/ratis-netty/3.1.2/ratis-netty-3.1.2.jar:/home/runner/.m2/repository/org/apache/ratis/ratis-proto/3.1.2/ratis-proto-3.1.2.jar:/home/runner/.m2/repository/org/apache/ratis/ratis-server/3.1.2/ratis-server-3.1.2.jar:/home/runner/.m2/repository/org/apache/ratis/ratis-server-api/3.1.2/ratis-server-api-3.1.2.jar:/home/runner/.m2/repository/org/apache/ratis/ratis-thirdparty-misc/1.0.6/ratis-thirdparty-misc-1.0.6.jar:/home/runner/.m2/repository/org/aspectj/aspectjrt/1.9.7/aspectjrt-1.9.7.jar:/home/runner/.m2/repository/org/aspectj/aspectjweaver/1.9.7/aspectjweaver-1.9.7.jar:/home/runner/.m2/repository/org/bouncycastle/bcprov-jdk18on/1.80/bcprov-jdk18on-1.80.jar:/home/runner/.m2/repository/org/eclipse/jetty/jetty-util/9.4.57.v20241219/jetty-util-9.4.57.v20241219.jar:/home/runner/.m2/repository/org/eclipse/jetty/jetty-webapp/9.4.57.v20241219/jetty-webapp-9.4.57.v20241219.jar:/home/runner/.m2/repository/org/eclipse/jetty/jetty-xml/9.4.57.v20241219/jetty-xml-9.4.57.v20241219.jar:/home/runner/.m2/repository/org/reflections/reflections/0.10.2/reflections-0.10.2.jar:/home/runner/.m2/repository/org/javassist/javassist/3.30.2-GA/javassist-3.30.2-GA.jar:/home/runner/.m2/repository/org/rocksdb/rocksdbjni/7.7.3/rocksdbjni-7.7.3.jar:/home/runner/.m2/repository/org/slf4j/slf4j-api/2.0.17/slf4j-api-2.0.17.jar:/home/runner/work/ozone/ozone/hadoop-hdds/docs/target/hdds-docs-2.1.0-SNAPSHOT.jar:/home/runner/.m2/repository/io/netty/netty-tcnative-boringssl-static/2.0.65.Final/netty-tcnative-boringssl-static-2.0.65.Final.jar:/home/runner/.m2/repository/io/netty/netty-tcnative-classes/2.0.65.Final/netty-tcnative-classes-2.0.65.Final.jar:/home/runner/.m2/repository/io/netty/netty-tcnative-boringssl-static/2.0.65.Final/netty-tcnative-boringssl-static-2.0.65.Final-linux-x86_64.jar:/home/runner/.m2/repository/io/netty/netty-tcnative-boringssl-static/2.0.65.Final/netty-tcnative-boringssl-static-2.0.65.Final-linux-aarch_64.jar:/home/runner/.m2/repository/io/netty/netty-tcnative-boringssl-static/2.0.65.Final/netty-tcnative-boringssl-static-2.0.65.Final-osx-x86_64.jar:/home/runner/.m2/repository/io/netty/netty-tcnative-boringssl-static/2.0.65.Final/netty-tcnative-boringssl-static-2.0.65.Final-osx-aarch_64.jar:/home/runner/.m2/repository/io/netty/netty-tcnative-boringssl-static/2.0.65.Final/netty-tcnative-boringssl-static-2.0.65.Final-windows-x86_64.jar:/home/runner/.m2/repository/com/google/testing/compile/compile-testing/0.21.0/compile-testing-0.21.0.jar:/home/runner/.m2/repository/junit/junit/4.13.2/junit-4.13.2.jar:/home/runner/.m2/repository/org/hamcrest/hamcrest-core/1.3/hamcrest-core-1.3.jar:/home/runner/.m2/repository/com/google/truth/truth/1.1.3/truth-1.1.3.jar:/home/runner/.m2/repository/com/google/auto/value/auto-value-annotations/1.8.1/auto-value-annotations-1.8.1.jar:/home/runner/.m2/repository/org/ow2/asm/asm/9.1/asm-9.1.jar:/home/runner/.m2/repository/com/google/auto/value/auto-value/1.10/auto-value-1.10.jar:/home/runner/.m2/repository/com/google/auto/auto-common/1.2.1/auto-common-1.2.1.jar:/home/runner/.m2/repository/org/apache/hadoop/hadoop-common/3.4.1/hadoop-common-3.4.1-tests.jar:/home/runner/.m2/repository/org/apache/commons/commons-math3/3.6.1/commons-math3-3.6.1.jar:/home/runner/.m2/repository/com/sun/jersey/jersey-servlet/1.19.4/jersey-servlet-1.19.4.jar:/home/runner/.m2/repository/com/github/pjfanning/jersey-json/1.22.0/jersey-json-1.22.0.jar:/home/runner/.m2/repository/com/sun/xml/bind/jaxb-impl/2.2.3-1/jaxb-impl-2.2.3-1.jar:/home/runner/.m2/repository/javax/xml/bind/jaxb-api/2.2.2/jaxb-api-2.2.2.jar:/home/runner/.m2/repository/javax/xml/stream/stax-api/1.0-2/stax-api-1.0-2.jar:/home/runner/.m2/repository/javax/activation/activation/1.1/activation-1.1.jar:/home/runner/.m2/repository/com/sun/jersey/jersey-server/1.19.4/jersey-server-1.19.4.jar:/home/runner/.m2/repository/org/apache/avro/avro/1.9.2/avro-1.9.2.jar:/home/runner/.m2/repository/org/apache/curator/curator-client/4.2.0/curator-client-4.2.0.jar:/home/runner/.m2/repository/org/apache/curator/curator-recipes/5.2.0/curator-recipes-5.2.0.jar:/home/runner/.m2/repository/org/apache/curator/curator-framework/4.2.0/curator-framework-4.2.0.jar:/home/runner/.m2/repository/com/google/code/findbugs/jsr305/3.0.2/jsr305-3.0.2.jar:/home/runner/.m2/repository/org/apache/zookeeper/zookeeper/3.8.4/zookeeper-3.8.4.jar:/home/runner/.m2/repository/org/apache/zookeeper/zookeeper-jute/3.8.4/zookeeper-jute-3.8.4.jar:/home/runner/.m2/repository/org/apache/yetus/audience-annotations/0.12.0/audience-annotations-0.12.0.jar:/home/runner/work/ozone/ozone/hadoop-hdds/annotations/target/hdds-annotation-processing-2.1.0-SNAPSHOT.jar:/home/runner/work/ozone/ozone/hadoop-hdds/common/target/hdds-common-2.1.0-SNAPSHOT-tests.jar:/home/runner/work/ozone/ozone/hadoop-hdds/framework/target/hdds-server-framework-2.1.0-SNAPSHOT-tests.jar:/home/runner/work/ozone/ozone/hadoop-hdds/server-scm/target/hdds-server-scm-2.1.0-SNAPSHOT-tests.jar:/home/runner/work/ozone/ozone/hadoop-hdds/container-service/target/hdds-container-service-2.1.0-SNAPSHOT.jar:/home/runner/.m2/repository/com/github/luben/zstd-jni/1.5.7-3/zstd-jni-1.5.7-3.jar:/home/runner/.m2/repository/org/apache/hadoop/hadoop-hdfs/3.4.1/hadoop-hdfs-3.4.1.jar:/home/runner/.m2/repository/commons-daemon/commons-daemon/1.4.0/commons-daemon-1.4.0.jar:/home/runner/.m2/repository/org/glassfish/jaxb/jaxb-runtime/2.3.9/jaxb-runtime-2.3.9.jar:/home/runner/.m2/repository/org/glassfish/jaxb/txw2/2.3.9/txw2-2.3.9.jar:/home/runner/.m2/repository/com/sun/istack/istack-commons-runtime/3.0.12/istack-commons-runtime-3.0.12.jar:/home/runner/.m2/repository/com/sun/activation/jakarta.activation/1.2.2/jakarta.activation-1.2.2.jar:/home/runner/work/ozone/ozone/hadoop-hdds/test-utils/target/hdds-test-utils-2.1.0-SNAPSHOT-tests.jar:/home/runner/.m2/repository/org/assertj/assertj-core/3.27.3/assertj-core-3.27.3.jar:/home/runner/.m2/repository/net/bytebuddy/byte-buddy/1.15.11/byte-buddy-1.15.11.jar:/home/runner/.m2/repository/org/junit/jupiter/junit-jupiter-api/5.12.2/junit-jupiter-api-5.12.2.jar:/home/runner/.m2/repository/org/opentest4j/opentest4j/1.3.0/opentest4j-1.3.0.jar:/home/runner/.m2/repository/org/junit/platform/junit-platform-commons/1.12.2/junit-platform-commons-1.12.2.jar:/home/runner/.m2/repository/org/apiguardian/apiguardian-api/1.1.2/apiguardian-api-1.1.2.jar:/home/runner/.m2/repository/org/junit/jupiter/junit-jupiter-params/5.12.2/junit-jupiter-params-5.12.2.jar:/home/runner/.m2/repository/org/mockito/mockito-core/4.11.0/mockito-core-4.11.0.jar:/home/runner/.m2/repository/net/bytebuddy/byte-buddy-agent/1.12.19/byte-buddy-agent-1.12.19.jar:/home/runner/.m2/repository/org/objenesis/objenesis/3.3/objenesis-3.3.jar:/home/runner/.m2/repository/org/mockito/mockito-inline/4.11.0/mockito-inline-4.11.0.jar:/home/runner/.m2/repository/org/mockito/mockito-junit-jupiter/4.11.0/mockito-junit-jupiter-4.11.0.jar:/home/runner/work/ozone/ozone/hadoop-ozone/ozone-manager/target/gradle-enterprise/test-listeners.jar:"/>
    <property name="sun.cpu.endian" value="little"/>
    <property name="user.home" value="/home/runner"/>
    <property name="user.language" value="en"/>
    <property name="java.specification.vendor" value="Oracle Corporation"/>
    <property name="skipRecon" value="true"/>
    <property name="java.version.date" value="2025-04-15"/>
    <property name="java.home" value="/usr/lib/jvm/temurin-21-jdk-amd64"/>
    <property name="java.security.krb5.conf" value="/home/runner/work/ozone/ozone/hadoop-ozone/ozone-manager/target/test-classes/krb5.conf"/>
    <property name="file.separator" value="/"/>
    <property name="basedir" value="/home/runner/work/ozone/ozone/hadoop-ozone/ozone-manager"/>
    <property name="java.vm.compressedOopsMode" value="Zero based"/>
    <property name="line.separator" value="&#10;"/>
    <property name="java.vm.specification.vendor" value="Oracle Corporation"/>
    <property name="java.specification.name" value="Java Platform API Specification"/>
    <property name="surefire.real.class.path" value="/home/runner/work/ozone/ozone/hadoop-ozone/ozone-manager/target/surefire/surefirebooter-20250514085712958_1478.jar"/>
    <property name="hadoop.log.dir" value="/home/runner/work/ozone/ozone/hadoop-ozone/ozone-manager/target/log"/>
    <property name="sun.management.compiler" value="HotSpot 64-Bit Tiered Compilers"/>
    <property name="skipShade" value="true"/>
    <property name="java.runtime.version" value="21.0.7+6-LTS"/>
    <property name="user.name" value="runner"/>
    <property name="java.net.preferIPv4Stack" value="true"/>
    <property name="stdout.encoding" value="UTF-8"/>
    <property name="path.separator" value=":"/>
    <property name="java.security.egd" value="file:///dev/urandom"/>
    <property name="os.version" value="6.11.0-1013-azure"/>
    <property name="java.runtime.name" value="OpenJDK Runtime Environment"/>
    <property name="com.gradle.maven.scan.extension.test.listener.junitplatform.NestedExecutionSafeDelegatingTestExecutionListener" value="178213b"/>
    <property name="file.encoding" value="UTF-8"/>
    <property name="OZONE_CONF_DIR" value="/"/>
    <property name="java.vm.name" value="OpenJDK 64-Bit Server VM"/>
    <property name="rocks_tools_native" value="true"/>
    <property name="java.vendor.version" value="Temurin-21.0.7+6"/>
    <property name="test.build.webapps" value=""/>
    <property name="develocity.listener.surefire.forkId" value="1"/>
    <property name="localRepository" value="/home/runner/.m2/repository"/>
    <property name="java.vendor.url.bug" value="https://github.com/adoptium/adoptium-support/issues"/>
    <property name="jetty.git.hash" value="df524e6b29271c2e09ba9aea83c18dc9db464a31"/>
    <property name="java.io.tmpdir" value="/tmp"/>
    <property name="require.test.libhadoop" value=""/>
    <property name="java.version" value="21.0.7"/>
    <property name="user.dir" value="/home/runner/work/ozone/ozone/hadoop-ozone/ozone-manager"/>
    <property name="os.arch" value="amd64"/>
    <property name="java.vm.specification.name" value="Java Virtual Machine Specification"/>
    <property name="test.build.classes" value="/home/runner/work/ozone/ozone/hadoop-ozone/ozone-manager/target/test-classes"/>
    <property name="org.apache.ratis.thirdparty.io.netty.allocator.useCacheForAllThreads" value="false"/>
    <property name="native.encoding" value="UTF-8"/>
    <property name="hadoop.tmp.dir" value="/home/runner/work/ozone/ozone/hadoop-ozone/ozone-manager/target/tmp"/>
    <property name="java.library.path" value="/usr/java/packages/lib:/usr/lib64:/lib64:/lib:/usr/lib"/>
    <property name="java.vm.info" value="mixed mode, sharing"/>
    <property name="stderr.encoding" value="UTF-8"/>
    <property name="java.vendor" value="Eclipse Adoptium"/>
    <property name="java.vm.version" value="21.0.7+6-LTS"/>
    <property name="sun.io.unicode.encoding" value="UnicodeLittle"/>
    <property name="develocity.listener.port" value="44287"/>
    <property name="java.class.version" value="65.0"/>
  </properties>
  <testcase name="checkDeletionForKeysWithMultipleVersions" classname="org.apache.hadoop.ozone.om.service.TestKeyDeletingService$Normal" time="1.067">
    <system-out><![CDATA[2025-05-14 09:10:38,530 [main] WARN  server.ServerUtils (ServerUtils.java:getDBPath(292)) - ozone.om.db.dirs is not configured. We recommend adding this setting. Falling back to ozone.metadata.dirs instead.
2025-05-14 09:10:38,534 [main] INFO  ha.OMHANodeDetails (OMHANodeDetails.java:loadOMHAConfig(113)) - ozone.om.internal.service.id is not defined, falling back to ozone.om.service.ids to find serviceID for OzoneManager if it is HA enabled cluster
2025-05-14 09:10:38,534 [main] INFO  ha.OMHANodeDetails (OMHANodeDetails.java:loadOMHAConfig(224)) - Configuration does not have ozone.om.address set. Falling back to the default OM address /0.0.0.0:9862
2025-05-14 09:10:38,535 [main] INFO  ha.OMHANodeDetails (OMHANodeDetails.java:getOMNodeDetailsForNonHA(252)) - OM Service ID is not set. Setting it to the default ID: omServiceIdDefault
2025-05-14 09:10:38,535 [main] INFO  ha.OMHANodeDetails (OMHANodeDetails.java:getOMNodeDetailsForNonHA(259)) - OM Node ID is not set. Setting it to the default ID: om1
2025-05-14 09:10:38,536 [main] WARN  server.ServerUtils (ServerUtils.java:getDBPath(292)) - ozone.om.db.dirs is not configured. We recommend adding this setting. Falling back to ozone.metadata.dirs instead.
2025-05-14 09:10:38,538 [main] INFO  upgrade.AbstractLayoutVersionManager (AbstractLayoutVersionManager.java:init(80)) - Initializing Layout version manager with metadata layout = DELEGATION_TOKEN_SYMMETRIC_SIGN (version = 8), software layout = DELEGATION_TOKEN_SYMMETRIC_SIGN (version = 8)
2025-05-14 09:10:38,694 [main] INFO  reflections.Reflections (Reflections.java:scan(219)) - Reflections took 155 ms to scan 2 urls, producing 207 keys and 618 values
2025-05-14 09:10:38,695 [main] INFO  upgrade.OMLayoutVersionManager (OMLayoutVersionManager.java:lambda$0(110)) - Skipping Upgrade Action QuotaRepairUpgradeAction since it has been finalized.
2025-05-14 09:10:38,695 [main] INFO  upgrade.OMLayoutVersionManager (OMLayoutVersionManager.java:lambda$0(110)) - Skipping Upgrade Action MockOmUpgradeAction since it has been finalized.
2025-05-14 09:10:38,695 [main] WARN  server.ServerUtils (ServerUtils.java:getDBPath(292)) - ozone.om.db.dirs is not configured. We recommend adding this setting. Falling back to ozone.metadata.dirs instead.
2025-05-14 09:10:38,695 [main] INFO  om.OzoneManager (OzoneManager.java:setReplicationFromConfig(4596)) - Set default replication in OM: RATIS/3 -> RATIS/THREE
2025-05-14 09:10:38,697 [main] INFO  proxy.SCMContainerLocationFailoverProxyProvider (SCMFailoverProxyProviderBase.java:<init>(120)) - Created fail-over proxy for protocol StorageContainerLocationProtocolPB with 1 nodes: [nodeId=scmNodeId,nodeAddress=/127.0.0.1:0]
2025-05-14 09:10:38,697 [main] INFO  proxy.SCMBlockLocationFailoverProxyProvider (SCMFailoverProxyProviderBase.java:<init>(120)) - Created fail-over proxy for protocol ScmBlockLocationProtocolPB with 1 nodes: [nodeId=scmNodeId,nodeAddress=/127.0.0.1:9863]
2025-05-14 09:10:38,710 [main] INFO  om.OzoneManager (OzoneManager.java:<init>(670)) - OM start with adminUsers: [runner]
2025-05-14 09:10:38,712 [main] WARN  server.ServerUtils (ServerUtils.java:getDBPath(292)) - ozone.om.db.dirs is not configured. We recommend adding this setting. Falling back to ozone.metadata.dirs instead.
2025-05-14 09:10:38,858 [main] INFO  om.OzoneManager (OzoneManager.java:instantiateServices(914)) - S3 Multi-Tenancy is disabled
2025-05-14 09:10:38,859 [main] INFO  security.OzoneSecretStore (OzoneSecretStore.java:loadState(70)) - Loaded 0 tokens
2025-05-14 09:10:38,859 [main] INFO  security.OzoneDelegationTokenSecretManager (OzoneDelegationTokenSecretManager.java:loadTokenSecretState(513)) - Loading token state into token manager.
2025-05-14 09:10:38,860 [main] INFO  om.OmSnapshotManager (OmSnapshotManager.java:<init>(187)) - Ozone filesystem snapshot feature is enabled.
2025-05-14 09:10:38,860 [main] WARN  server.ServerUtils (ServerUtils.java:getDBPath(292)) - ozone.om.snapshot.diff.db.dir is not configured. We recommend adding this setting. Falling back to ozone.metadata.dirs instead.
2025-05-14 09:10:38,882 [main] INFO  om.OzoneManager (OzoneManager.java:addS3GVolumeToDB(4654)) - Created Volume s3v With Owner runner required for S3Gateway operations.
2025-05-14 09:10:38,883 [main] WARN  server.ServerUtils (ServerUtils.java:getDefaultRatisDirectory(304)) - Storage directory for Ratis is not configured. It is a good idea to map this to an SSD disk. Falling back to ozone.metadata.dirs
2025-05-14 09:10:38,883 [main] WARN  utils.OzoneManagerRatisUtils (OzoneManagerRatisUtils.java:getOMRatisSnapshotDirectory(488)) - ozone.om.ratis.snapshot.dir is not configured. Falling back to ozone.metadata.dirs config
2025-05-14 09:10:38,884 [main] WARN  server.ServerUtils (ServerUtils.java:getDefaultRatisDirectory(304)) - Storage directory for Ratis is not configured. It is a good idea to map this to an SSD disk. Falling back to ozone.metadata.dirs
2025-05-14 09:10:38,884 [main] INFO  server.RaftServerConfigKeys (ConfUtils.java:logGet(46)) - raft.server.log.appender.buffer.byte-limit = 33554432 (custom)
2025-05-14 09:10:38,885 [main] INFO  ratis.OzoneManagerRatisServer (OzoneManagerRatisServer.java:<init>(167)) - Instantiating OM Ratis server with groupID: omServiceIdDefault and peers: 0.0.0.0:9872
2025-05-14 09:10:38,886 [main] INFO  ratis.OzoneManagerStateMachine (OzoneManagerStateMachine.java:loadSnapshotInfoFromDB(618)) - TransactionInfo not found in OM DB.
2025-05-14 09:10:38,886 [main] INFO  server.RaftServer (ConfUtils.java:logGet(46)) - raft.rpc.type = GRPC (default)
2025-05-14 09:10:38,887 [main] INFO  grpc.GrpcConfigKeys (ConfUtils.java:logFallback(53)) - raft.grpc.admin.host = null (fallback to raft.grpc.server.host)
2025-05-14 09:10:38,887 [main] INFO  grpc.GrpcConfigKeys (ConfUtils.java:logFallback(53)) - raft.grpc.admin.port = 9872 (fallback to raft.grpc.server.port)
2025-05-14 09:10:38,887 [main] INFO  grpc.GrpcConfigKeys (ConfUtils.java:logFallback(53)) - raft.grpc.client.host = null (fallback to raft.grpc.server.host)
2025-05-14 09:10:38,887 [main] INFO  grpc.GrpcConfigKeys (ConfUtils.java:logFallback(53)) - raft.grpc.client.port = 9872 (fallback to raft.grpc.server.port)
2025-05-14 09:10:38,887 [main] INFO  grpc.GrpcConfigKeys (ConfUtils.java:logGet(46)) - raft.grpc.server.host = null (default)
2025-05-14 09:10:38,887 [main] INFO  grpc.GrpcConfigKeys (ConfUtils.java:logGet(46)) - raft.grpc.server.port = 9872 (custom)
2025-05-14 09:10:38,887 [main] INFO  server.GrpcService (ConfUtils.java:logGet(46)) - raft.grpc.message.size.max = 34603008 (custom)
2025-05-14 09:10:38,888 [main] INFO  server.GrpcService (ConfUtils.java:logGet(46)) - raft.grpc.flow.control.window = 1MB (=1048576) (default)
2025-05-14 09:10:38,888 [main] INFO  server.RaftServerConfigKeys (ConfUtils.java:logGet(46)) - raft.server.rpc.request.timeout = 3000ms (default)
2025-05-14 09:10:38,888 [main] INFO  grpc.GrpcConfigKeys (ConfUtils.java:logGet(46)) - raft.grpc.server.heartbeat.channel = true (default)
2025-05-14 09:10:38,888 [main] INFO  server.RaftServerConfigKeys (ConfUtils.java:logGet(46)) - raft.server.log.appender.buffer.byte-limit = 33554432 (custom)
2025-05-14 09:10:38,888 [main] INFO  grpc.GrpcConfigKeys (ConfUtils.java:logGet(46)) - raft.grpc.server.async.request.thread.pool.cached = true (default)
2025-05-14 09:10:38,888 [main] INFO  grpc.GrpcConfigKeys (ConfUtils.java:logGet(46)) - raft.grpc.server.async.request.thread.pool.size = 32 (default)
2025-05-14 09:10:38,890 [main] INFO  impl.DataStreamServerImpl (ConfUtils.java:logGet(46)) - raft.datastream.type = DISABLED (default)
2025-05-14 09:10:38,890 [main] INFO  server.RaftServerConfigKeys (ConfUtils.java:logGet(46)) - raft.server.sleep.deviation.threshold = 300ms (default)
2025-05-14 09:10:38,890 [main] INFO  server.RaftServerConfigKeys (ConfUtils.java:logGet(46)) - raft.server.close.threshold = 60s (default)
2025-05-14 09:10:38,890 [main] INFO  server.RaftServerConfigKeys (ConfUtils.java:logGet(46)) - raft.server.leaderelection.leader.step-down.wait-time = 10s (default)
2025-05-14 09:10:38,890 [main] INFO  server.RaftServerConfigKeys (ConfUtils.java:logGet(46)) - raft.server.storage.dir = [/tmp/junit-15133004818853595098/ratis] (custom)
2025-05-14 09:10:38,890 [main] INFO  server.RaftServerConfigKeys (ConfUtils.java:logGet(46)) - raft.server.threadpool.proxy.cached = true (default)
2025-05-14 09:10:38,891 [main] INFO  server.RaftServerConfigKeys (ConfUtils.java:logGet(46)) - raft.server.threadpool.proxy.size = 0 (default)
2025-05-14 09:10:38,891 [main] INFO  server.RaftServer (RaftServerProxy.java:addNew(100)) - om1: addNew group-C5BA1605619E:[om1|0.0.0.0:9872] returns group-C5BA1605619E:java.util.concurrent.CompletableFuture@64117499[Not completed]
2025-05-14 09:10:38,892 [main] INFO  om.OzoneManager (OzoneManager.java:initializeRatisServer(2284)) - OzoneManager Ratis server initialized at port 9872
2025-05-14 09:10:38,892 [om1-groupManagement] INFO  server.RaftServer$Division (RaftServerImpl.java:<init>(255)) - om1: new RaftServerImpl for group-C5BA1605619E:[om1|0.0.0.0:9872] with OzoneManagerStateMachine:uninitialized
2025-05-14 09:10:38,892 [om1-groupManagement] INFO  server.RaftServerConfigKeys (ConfUtils.java:logGet(46)) - raft.server.rpc.timeout.min = 5s (custom)
2025-05-14 09:10:38,892 [om1-groupManagement] INFO  server.RaftServerConfigKeys (ConfUtils.java:logGet(46)) - raft.server.rpc.timeout.max = 5200ms (custom)
2025-05-14 09:10:38,893 [om1-groupManagement] INFO  server.RaftServerConfigKeys (ConfUtils.java:logGet(46)) - raft.server.rpc.sleep.time = 25ms (default)
2025-05-14 09:10:38,893 [om1-groupManagement] INFO  server.RaftServerConfigKeys (ConfUtils.java:logGet(46)) - raft.server.rpc.slowness.timeout = 120s (custom)
2025-05-14 09:10:38,893 [om1-groupManagement] INFO  server.RaftServerConfigKeys (ConfUtils.java:logGet(46)) - raft.server.leaderelection.leader.step-down.wait-time = 10s (default)
2025-05-14 09:10:38,893 [om1-groupManagement] INFO  server.RaftServerConfigKeys (ConfUtils.java:logGet(46)) - raft.server.leaderelection.member.majority-add = false (default)
2025-05-14 09:10:38,893 [om1-groupManagement] INFO  server.RaftServerConfigKeys (ConfUtils.java:logGet(46)) - raft.server.sleep.deviation.threshold = 300ms (default)
2025-05-14 09:10:38,893 [om1-groupManagement] INFO  server.RaftServer$Division (ServerState.java:<init>(114)) - om1@group-C5BA1605619E: ConfigurationManager, init=conf: {index: -1, cur=peers:[om1|0.0.0.0:9872]|listeners:[], old=null}, confs=<EMPTY_MAP>
2025-05-14 09:10:38,893 [om1-groupManagement] INFO  server.RaftServerConfigKeys (ConfUtils.java:logGet(46)) - raft.server.notification.no-leader.timeout = 120s (custom)
2025-05-14 09:10:38,893 [om1-groupManagement] INFO  server.RaftServerConfigKeys (ConfUtils.java:logGet(46)) - raft.server.read.timeout = 10s (default)
2025-05-14 09:10:38,893 [om1-groupManagement] INFO  server.RaftServerConfigKeys (ConfUtils.java:logGet(46)) - raft.server.retrycache.expirytime = 300s (custom)
2025-05-14 09:10:38,893 [om1-groupManagement] INFO  server.RaftServerConfigKeys (ConfUtils.java:logGet(46)) - raft.server.retrycache.statistics.expirytime = 100ms (default)
2025-05-14 09:10:38,893 [om1-groupManagement] INFO  server.RaftServerConfigKeys (ConfUtils.java:logGet(46)) - raft.server.read.option = DEFAULT (default)
2025-05-14 09:10:38,894 [om1-groupManagement] INFO  server.RaftServerConfigKeys (ConfUtils.java:logGet(46)) - raft.server.read.read-after-write-consistent.write-index-cache.expiry-time = 60s (default)
2025-05-14 09:10:38,892 [main] INFO  om.OzoneManager (OzoneManager.java:getRpcServer(1340)) - Creating RPC Server
2025-05-14 09:10:38,897 [om1-groupManagement] INFO  server.RaftServerConfigKeys (ConfUtils.java:logGet(46)) - raft.server.rpc.request.timeout = 3000ms (default)
2025-05-14 09:10:38,897 [om1-groupManagement] INFO  server.RaftServerConfigKeys (ConfUtils.java:logGet(46)) - raft.server.log.appender.install.snapshot.enabled = false (custom)
2025-05-14 09:10:38,898 [om1-groupManagement] INFO  server.RaftServerConfigKeys (ConfUtils.java:logGet(46)) - raft.server.threadpool.server.cached = true (default)
2025-05-14 09:10:38,898 [om1-groupManagement] INFO  server.RaftServerConfigKeys (ConfUtils.java:logGet(46)) - raft.server.threadpool.server.size = 0 (default)
2025-05-14 09:10:38,899 [om1-groupManagement] INFO  server.RaftServerConfigKeys (ConfUtils.java:logGet(46)) - raft.server.threadpool.client.cached = true (default)
2025-05-14 09:10:38,903 [om1-groupManagement] INFO  server.RaftServerConfigKeys (ConfUtils.java:logGet(46)) - raft.server.threadpool.client.size = 0 (default)
2025-05-14 09:10:39,406 [main] INFO  reflections.Reflections (Reflections.java:scan(219)) - Reflections took 511 ms to scan 13 urls, producing 40 keys and 4353 values
2025-05-14 09:10:39,413 [main] INFO  ipc.CallQueueManager (CallQueueManager.java:<init>(93)) - Using callQueue: class java.util.concurrent.LinkedBlockingQueue, queueCapacity: 10000, scheduler: class org.apache.hadoop.ipc.DefaultRpcScheduler, ipcBackoff: false, ipcFailOver: false.
2025-05-14 09:10:39,414 [main] INFO  ipc.Server (Server.java:<init>(1438)) - Listener at 0.0.0.0:9862
2025-05-14 09:10:39,415 [Socket Reader #1 for port 9862] INFO  ipc.Server (Server.java:run(1474)) - Starting Socket Reader #1 for port 9862
2025-05-14 09:10:39,416 [Socket Reader #2 for port 9862] INFO  ipc.Server (Server.java:run(1474)) - Starting Socket Reader #2 for port 9862
2025-05-14 09:10:39,416 [Socket Reader #3 for port 9862] INFO  ipc.Server (Server.java:run(1474)) - Starting Socket Reader #3 for port 9862
2025-05-14 09:10:39,417 [Socket Reader #4 for port 9862] INFO  ipc.Server (Server.java:run(1474)) - Starting Socket Reader #4 for port 9862
2025-05-14 09:10:39,418 [Socket Reader #5 for port 9862] INFO  ipc.Server (Server.java:run(1474)) - Starting Socket Reader #5 for port 9862
2025-05-14 09:10:39,418 [Socket Reader #6 for port 9862] INFO  ipc.Server (Server.java:run(1474)) - Starting Socket Reader #6 for port 9862
2025-05-14 09:10:39,419 [Socket Reader #7 for port 9862] INFO  ipc.Server (Server.java:run(1474)) - Starting Socket Reader #7 for port 9862
2025-05-14 09:10:39,419 [Socket Reader #8 for port 9862] INFO  ipc.Server (Server.java:run(1474)) - Starting Socket Reader #8 for port 9862
2025-05-14 09:10:39,419 [Socket Reader #9 for port 9862] INFO  ipc.Server (Server.java:run(1474)) - Starting Socket Reader #9 for port 9862
2025-05-14 09:10:39,420 [Socket Reader #10 for port 9862] INFO  ipc.Server (Server.java:run(1474)) - Starting Socket Reader #10 for port 9862
2025-05-14 09:10:39,448 [main] INFO  impl.MetricsSystemImpl (MetricsSystemImpl.java:init(158)) - OzoneManager metrics system started (again)
2025-05-14 09:10:39,456 [main] INFO  om.OzoneManager (OzoneManager.java:start(1768)) - OzoneManager RPC server is listening at /0.0.0.0:9862
2025-05-14 09:10:39,457 [main] INFO  ratis.OzoneManagerRatisServer (OzoneManagerRatisServer.java:start(628)) - Starting OzoneManagerRatisServer om1 at port 9872
2025-05-14 09:10:39,457 [om1-impl-thread1] INFO  server.RaftServerConfigKeys (ConfUtils.java:logGet(46)) - raft.server.storage.free-space.min = 0MB (=0) (default)
2025-05-14 09:10:39,458 [om1-impl-thread1] INFO  server.RaftServerConfigKeys (ConfUtils.java:logGet(46)) - raft.server.log.corruption.policy = EXCEPTION (default)
2025-05-14 09:10:39,458 [om1-impl-thread1] INFO  server.RaftServerConfigKeys (ConfUtils.java:logGet(46)) - raft.server.storage.dir = [/tmp/junit-15133004818853595098/ratis] (custom)
2025-05-14 09:10:39,459 [om1-impl-thread1] INFO  storage.RaftStorageDirectory (RaftStorageDirectoryImpl.java:analyzeStorage(138)) - The storage directory /tmp/junit-15133004818853595098/ratis/bf265839-605b-3f16-9796-c5ba1605619e does not exist. Creating ...
2025-05-14 09:10:39,460 [om1-impl-thread1] INFO  storage.RaftStorageDirectory (RaftStorageDirectoryImpl.java:tryLock(229)) - Lock on /tmp/junit-15133004818853595098/ratis/bf265839-605b-3f16-9796-c5ba1605619e/in_use.lock acquired by nodename 41450@localhost
2025-05-14 09:10:39,462 [om1-impl-thread1] INFO  storage.RaftStorage (RaftStorageImpl.java:format(98)) - Storage directory /tmp/junit-15133004818853595098/ratis/bf265839-605b-3f16-9796-c5ba1605619e has been successfully formatted.
2025-05-14 09:10:39,463 [om1-impl-thread1] INFO  ratis.OzoneManagerStateMachine (OzoneManagerStateMachine.java:lambda$0(138)) - om1: initialize group-C5BA1605619E with (t:0, i:~)
2025-05-14 09:10:39,463 [om1-impl-thread1] INFO  server.RaftServerConfigKeys (ConfUtils.java:logGet(46)) - raft.server.log.use.memory = false (default)
2025-05-14 09:10:39,463 [om1-impl-thread1] INFO  server.RaftServerConfigKeys (ConfUtils.java:logGet(46)) - raft.server.log.purge.gap = 1000000 (custom)
2025-05-14 09:10:39,463 [om1-impl-thread1] INFO  server.RaftServerConfigKeys (ConfUtils.java:logGet(46)) - raft.server.log.appender.buffer.byte-limit = 33554432 (custom)
2025-05-14 09:10:39,463 [om1-impl-thread1] INFO  server.RaftServerConfigKeys (ConfUtils.java:logGet(46)) - raft.server.log.statemachine.data.read.timeout = 1000ms (default)
2025-05-14 09:10:39,463 [om1-impl-thread1] INFO  server.RaftServerConfigKeys (ConfUtils.java:logGet(46)) - raft.server.log.purge.preservation.log.num = 0 (default)
2025-05-14 09:10:39,465 [om1-impl-thread1] INFO  server.RaftServerConfigKeys (ConfUtils.java:logGet(46)) - raft.server.log.segment.size.max = 4194304 (custom)
2025-05-14 09:10:39,465 [om1-impl-thread1] INFO  server.RaftServerConfigKeys (ConfUtils.java:logGet(46)) - raft.server.log.segment.cache.num.max = 2 (custom)
2025-05-14 09:10:39,465 [om1-impl-thread1] INFO  server.RaftServerConfigKeys (ConfUtils.java:logGet(46)) - raft.server.log.segment.cache.size.max = 200MB (=209715200) (default)
2025-05-14 09:10:39,465 [om1-impl-thread1] INFO  server.RaftServerConfigKeys (ConfUtils.java:logGet(46)) - raft.server.log.appender.buffer.byte-limit = 33554432 (custom)
2025-05-14 09:10:39,466 [om1-impl-thread1] INFO  util.AwaitToRun (AwaitToRun.java:start(81)) - Thread[#370,om1@group-C5BA1605619E-cacheEviction-AwaitToRun,5,main] started
2025-05-14 09:10:39,466 [om1-impl-thread1] INFO  segmented.SegmentedRaftLogWorker (SegmentedRaftLogWorker.java:<init>(188)) - new om1@group-C5BA1605619E-SegmentedRaftLogWorker for RaftStorageImpl:Storage Directory /tmp/junit-15133004818853595098/ratis/bf265839-605b-3f16-9796-c5ba1605619e
2025-05-14 09:10:39,467 [om1-impl-thread1] INFO  server.RaftServerConfigKeys (ConfUtils.java:logGet(46)) - raft.server.log.queue.byte-limit = 64MB (=67108864) (default)
2025-05-14 09:10:39,467 [om1-impl-thread1] INFO  server.RaftServerConfigKeys (ConfUtils.java:logGet(46)) - raft.server.log.queue.element-limit = 4096 (default)
2025-05-14 09:10:39,467 [om1-impl-thread1] INFO  server.RaftServerConfigKeys (ConfUtils.java:logGet(46)) - raft.server.log.segment.size.max = 4194304 (custom)
2025-05-14 09:10:39,467 [om1-impl-thread1] INFO  server.RaftServerConfigKeys (ConfUtils.java:logGet(46)) - raft.server.log.preallocated.size = 4194304 (custom)
2025-05-14 09:10:39,467 [om1-impl-thread1] INFO  server.RaftServerConfigKeys (ConfUtils.java:logGet(46)) - raft.server.log.force.sync.num = 128 (default)
2025-05-14 09:10:39,467 [om1-impl-thread1] INFO  server.RaftServerConfigKeys (ConfUtils.java:logGet(46)) - raft.server.log.statemachine.data.sync = true (default)
2025-05-14 09:10:39,467 [om1-impl-thread1] INFO  server.RaftServerConfigKeys (ConfUtils.java:logGet(46)) - raft.server.log.statemachine.data.sync.timeout = 10s (default)
2025-05-14 09:10:39,467 [om1-impl-thread1] INFO  server.RaftServerConfigKeys (ConfUtils.java:logGet(46)) - raft.server.log.statemachine.data.sync.timeout.retry = -1 (default)
2025-05-14 09:10:39,467 [om1-impl-thread1] INFO  server.RaftServerConfigKeys (ConfUtils.java:logGet(46)) - raft.server.log.write.buffer.size = 33554440 (custom)
2025-05-14 09:10:39,473 [om1-impl-thread1] INFO  server.RaftServerConfigKeys (ConfUtils.java:logGet(46)) - raft.server.log.appender.buffer.byte-limit = 33554432 (custom)
2025-05-14 09:10:39,473 [om1-impl-thread1] INFO  server.RaftServerConfigKeys (ConfUtils.java:logGet(46)) - raft.server.log.unsafe-flush.enabled = false (default)
2025-05-14 09:10:39,473 [om1-impl-thread1] INFO  server.RaftServerConfigKeys (ConfUtils.java:logGet(46)) - raft.server.log.async-flush.enabled = false (default)
2025-05-14 09:10:39,473 [om1-impl-thread1] INFO  server.RaftServerConfigKeys (ConfUtils.java:logGet(46)) - raft.server.log.statemachine.data.caching.enabled = false (default)
2025-05-14 09:10:39,473 [om1-impl-thread1] INFO  segmented.SegmentedRaftLogWorker (SegmentedRaftLogWorker.java:lambda$new$0(139)) - om1@group-C5BA1605619E-SegmentedRaftLogWorker: flushIndex: setUnconditionally 0 -> -1
2025-05-14 09:10:39,473 [om1-impl-thread1] INFO  segmented.SegmentedRaftLogWorker (SegmentedRaftLogWorker.java:lambda$new$0(139)) - om1@group-C5BA1605619E-SegmentedRaftLogWorker: safeCacheEvictIndex: setUnconditionally 0 -> -1
2025-05-14 09:10:39,474 [om1-impl-thread1] INFO  server.RaftServer$Division (RaftServerImpl.java:start(391)) - om1@group-C5BA1605619E: start as a follower, conf=conf: {index: -1, cur=peers:[om1|0.0.0.0:9872]|listeners:[], old=null}
2025-05-14 09:10:39,474 [om1-impl-thread1] INFO  server.RaftServer$Division (RaftServerImpl.java:setRole(378)) - om1@group-C5BA1605619E: changes role from      null to FOLLOWER at term 0 for startAsFollower
2025-05-14 09:10:39,474 [om1-impl-thread1] INFO  impl.RoleInfo (RoleInfo.java:updateAndGet(148)) - om1: start om1@group-C5BA1605619E-FollowerState
2025-05-14 09:10:39,474 [om1@group-C5BA1605619E-FollowerState] INFO  server.RaftServerConfigKeys (ConfUtils.java:logFallback(53)) - raft.server.rpc.first-election.timeout.min = 5s (fallback to raft.server.rpc.timeout.min)
2025-05-14 09:10:39,475 [om1@group-C5BA1605619E-FollowerState] INFO  server.RaftServerConfigKeys (ConfUtils.java:logFallback(53)) - raft.server.rpc.first-election.timeout.max = 5200ms (fallback to raft.server.rpc.timeout.max)
2025-05-14 09:10:39,475 [om1-impl-thread1] INFO  util.JmxRegister (JmxRegister.java:tryRegister(44)) - Successfully registered JMX Bean with object name Ratis:service=RaftServer,group=group-C5BA1605619E,id=om1
2025-05-14 09:10:39,476 [om1-impl-thread1] INFO  util.JmxRegister (JmxRegister.java:register(58)) - register mxBean class org.apache.ratis.server.impl.RaftServerJmxAdapter as Ratis:service=RaftServer,group=group-C5BA1605619E,id=om1
2025-05-14 09:10:39,476 [om1-impl-thread1] INFO  server.RaftServerConfigKeys (ConfUtils.java:logGet(46)) - raft.server.snapshot.trigger-when-stop.enabled = true (default)
2025-05-14 09:10:39,476 [om1-impl-thread1] INFO  server.RaftServerConfigKeys (ConfUtils.java:logGet(46)) - raft.server.snapshot.trigger-when-remove.enabled = true (default)
2025-05-14 09:10:39,476 [om1-impl-thread1] INFO  server.RaftServerConfigKeys (ConfUtils.java:logGet(46)) - raft.server.snapshot.auto.trigger.enabled = true (custom)
2025-05-14 09:10:39,476 [om1-impl-thread1] INFO  server.RaftServerConfigKeys (ConfUtils.java:logGet(46)) - raft.server.snapshot.auto.trigger.threshold = 400000 (default)
2025-05-14 09:10:39,476 [om1-impl-thread1] INFO  server.RaftServerConfigKeys (ConfUtils.java:logGet(46)) - raft.server.snapshot.retention.file.num = -1 (default)
2025-05-14 09:10:39,476 [om1-impl-thread1] INFO  server.RaftServerConfigKeys (ConfUtils.java:logGet(46)) - raft.server.log.purge.upto.snapshot.index = true (custom)
2025-05-14 09:10:39,476 [om1-impl-thread1] INFO  server.RaftServer$Division (RaftServerImpl.java:start(405)) - om1@group-C5BA1605619E: Successfully started.
2025-05-14 09:10:39,477 [main] INFO  server.RaftServer (RaftServerProxy.java:startImpl(407)) - om1: start RPC server
2025-05-14 09:10:39,478 [main] INFO  server.GrpcService (GrpcService.java:startImpl(334)) - om1: GrpcService started, listening on 9872
2025-05-14 09:10:39,479 [main] INFO  om.OzoneManager (OzoneManager.java:start(1783)) - Version File has different layout version (8) than OM DB (null). That is expected if this OM has never been finalized to a newer layout version.
2025-05-14 09:10:39,479 [JvmPauseMonitor1] INFO  util.JvmPauseMonitor (JvmPauseMonitor.java:run(146)) - JvmPauseMonitor-om1: Started
2025-05-14 09:10:39,479 [main] INFO  client.ScmTopologyClient (ScmTopologyClient.java:start(70)) - Initial network topology fetched from SCM: /.
2025-05-14 09:10:39,481 [main] INFO  net.NodeSchemaLoader (NodeSchemaLoader.java:loadSchemaFromFile(128)) - Loading schema from [jar:file:/home/runner/work/ozone/ozone/hadoop-hdds/common/target/hdds-common-2.1.0-SNAPSHOT.jar!/network-topology-default.xml]
2025-05-14 09:10:39,481 [main] INFO  net.NodeSchemaLoader (NodeSchemaLoader.java:loadSchema(175)) - Loading network topology layer schema file
2025-05-14 09:10:39,488 [main] INFO  http.BaseHttpServer (BaseHttpServer.java:newHttpServer2BuilderForOzone(229)) - Starting Web-server for ozoneManager at: http://0.0.0.0:9874
2025-05-14 09:10:39,488 [main] INFO  http.BaseHttpServer (BaseHttpServer.java:<init>(107)) - Hadoop Security Enabled: false Ozone Security Enabled: false Ozone HTTP Security Enabled: false 
2025-05-14 09:10:39,489 [main] WARN  server.AuthenticationFilter (AuthenticationFilter.java:constructSecretProvider(240)) - Unable to initialize FileSignerSecretProvider, falling back to use random secrets. Reason: Could not read signature secret file: /home/runner/hadoop-http-auth-signature-secret
2025-05-14 09:10:39,492 [main] INFO  http.HttpServer2 (HttpServer2.java:addGlobalFilter(1042)) - Added global filter 'safety' (class=org.apache.hadoop.hdds.server.http.HttpServer2$QuotingInputFilter)
2025-05-14 09:10:39,493 [main] INFO  http.HttpServer2 (HttpServer2.java:addFilter(1018)) - Added filter static_user_filter (class=org.apache.hadoop.http.lib.StaticUserWebFilter$StaticUserFilter) to context ozoneManager
2025-05-14 09:10:39,493 [main] INFO  http.HttpServer2 (HttpServer2.java:addFilter(1026)) - Added filter static_user_filter (class=org.apache.hadoop.http.lib.StaticUserWebFilter$StaticUserFilter) to context logs
2025-05-14 09:10:39,494 [main] INFO  http.HttpServer2 (HttpServer2.java:addFilter(1026)) - Added filter static_user_filter (class=org.apache.hadoop.http.lib.StaticUserWebFilter$StaticUserFilter) to context static
2025-05-14 09:10:39,495 [main] INFO  http.BaseHttpServer (BaseHttpServer.java:<init>(195)) - HTTP server of ozoneManager uses base directory /tmp/junit-15133004818853595098/webserver
2025-05-14 09:10:39,495 [main] INFO  http.HttpServer2 (HttpServer2.java:bindListener(1242)) - Jetty bound to port 9874
2025-05-14 09:10:39,495 [main] INFO  server.Server (Server.java:doStart(375)) - jetty-9.4.57.v20241219; built: 2025-01-08T21:24:30.412Z; git: df524e6b29271c2e09ba9aea83c18dc9db464a31; jvm 21.0.7+6-LTS
2025-05-14 09:10:39,497 [main] INFO  server.session (DefaultSessionIdManager.java:doStart(334)) - DefaultSessionIdManager workerName=node0
2025-05-14 09:10:39,497 [main] INFO  server.session (DefaultSessionIdManager.java:doStart(339)) - No SessionScavenger set, using defaults
2025-05-14 09:10:39,497 [main] INFO  server.session (HouseKeeper.java:startScavenging(132)) - node0 Scavenging every 600000ms
2025-05-14 09:10:39,498 [main] INFO  handler.ContextHandler (ContextHandler.java:doStart(921)) - Started o.e.j.s.ServletContextHandler@512b5339{logs,/logs,file:///home/runner/work/ozone/ozone/hadoop-ozone/ozone-manager/target/log,AVAILABLE}
2025-05-14 09:10:39,499 [main] INFO  handler.ContextHandler (ContextHandler.java:doStart(921)) - Started o.e.j.s.ServletContextHandler@2caae5b5{static,/static,file:///home/runner/work/ozone/ozone/hadoop-ozone/ozone-manager/target/classes/webapps/static,AVAILABLE}
2025-05-14 09:10:39,506 [main] INFO  handler.ContextHandler (ContextHandler.java:doStart(921)) - Started o.e.j.w.WebAppContext@34b28d08{ozoneManager,/,file:///home/runner/work/ozone/ozone/hadoop-ozone/ozone-manager/target/classes/webapps/ozoneManager/,AVAILABLE}{file:/home/runner/work/ozone/ozone/hadoop-ozone/ozone-manager/target/classes/webapps/ozoneManager}
2025-05-14 09:10:39,507 [main] INFO  server.AbstractConnector (AbstractConnector.java:doStart(333)) - Started ServerConnector@402e4e9b{HTTP/1.1, (http/1.1)}{0.0.0.0:9874}
2025-05-14 09:10:39,507 [main] INFO  server.Server (Server.java:doStart(415)) - Started @20277ms
2025-05-14 09:10:39,507 [main] WARN  impl.MetricsSystemImpl (MetricsSystemImpl.java:register(279)) - Sink prometheus already exists!
2025-05-14 09:10:39,508 [main] INFO  http.BaseHttpServer (BaseHttpServer.java:updateConnectorAddress(359)) - HTTP server of ozoneManager listening at http://0.0.0.0:9874
2025-05-14 09:10:39,508 [IPC Server Responder] INFO  ipc.Server (Server.java:run(1713)) - IPC Server Responder: starting
2025-05-14 09:10:39,508 [IPC Server listener on 9862] INFO  ipc.Server (Server.java:run(1553)) - IPC Server listener on 9862: starting
2025-05-14 09:10:39,524 [main] INFO  om.OzoneManager (OzoneManager.java:startTrashEmptier(2238)) - Trash Interval set to 0. Files deleted won't move to trash
2025-05-14 09:10:39,525 [main] INFO  om.GrpcOzoneManagerServer (GrpcOzoneManagerServer.java:start(178)) - GrpcOzoneManagerServer is started using port 8981
2025-05-14 09:10:44,506 [om1@group-C5BA1605619E-FollowerState] INFO  impl.FollowerState (FollowerState.java:runImpl(161)) - om1@group-C5BA1605619E-FollowerState: change to CANDIDATE, lastRpcElapsedTime:5031741702ns, electionTimeout:5031ms
2025-05-14 09:10:44,506 [om1@group-C5BA1605619E-FollowerState] INFO  impl.RoleInfo (RoleInfo.java:shutdownFollowerState(121)) - om1: shutdown om1@group-C5BA1605619E-FollowerState
2025-05-14 09:10:44,506 [om1@group-C5BA1605619E-FollowerState] INFO  server.RaftServer$Division (RaftServerImpl.java:setRole(378)) - om1@group-C5BA1605619E: changes role from  FOLLOWER to CANDIDATE at term 0 for changeToCandidate
2025-05-14 09:10:44,506 [om1@group-C5BA1605619E-FollowerState] INFO  server.RaftServerConfigKeys (ConfUtils.java:logGet(46)) - raft.server.leaderelection.pre-vote = true (default)
2025-05-14 09:10:44,506 [om1@group-C5BA1605619E-FollowerState] INFO  impl.RoleInfo (RoleInfo.java:updateAndGet(148)) - om1: start om1@group-C5BA1605619E-LeaderElection2
2025-05-14 09:10:44,507 [om1@group-C5BA1605619E-LeaderElection2] INFO  impl.LeaderElection (LeaderElection.java:askForVotes(332)) - om1@group-C5BA1605619E-LeaderElection2 PRE_VOTE round 0: submit vote requests at term 0 for conf: {index: -1, cur=peers:[om1|0.0.0.0:9872]|listeners:[], old=null}
2025-05-14 09:10:44,507 [om1@group-C5BA1605619E-LeaderElection2] INFO  impl.LeaderElection (LeaderElection.java:askForVotes(334)) - om1@group-C5BA1605619E-LeaderElection2 PRE_VOTE round 0: result PASSED (term=0)
2025-05-14 09:10:44,508 [om1@group-C5BA1605619E-LeaderElection2] INFO  impl.LeaderElection (LeaderElection.java:askForVotes(332)) - om1@group-C5BA1605619E-LeaderElection2 ELECTION round 0: submit vote requests at term 1 for conf: {index: -1, cur=peers:[om1|0.0.0.0:9872]|listeners:[], old=null}
2025-05-14 09:10:44,508 [om1@group-C5BA1605619E-LeaderElection2] INFO  impl.LeaderElection (LeaderElection.java:askForVotes(334)) - om1@group-C5BA1605619E-LeaderElection2 ELECTION round 0: result PASSED (term=1)
2025-05-14 09:10:44,508 [om1@group-C5BA1605619E-LeaderElection2] INFO  impl.RoleInfo (RoleInfo.java:shutdownLeaderElection(141)) - om1: shutdown om1@group-C5BA1605619E-LeaderElection2
2025-05-14 09:10:44,508 [om1@group-C5BA1605619E-LeaderElection2] INFO  server.RaftServer$Division (RaftServerImpl.java:setRole(378)) - om1@group-C5BA1605619E: changes role from CANDIDATE to LEADER at term 1 for changeToLeader
2025-05-14 09:10:44,508 [om1@group-C5BA1605619E-LeaderElection2] INFO  server.RaftServerConfigKeys (ConfUtils.java:logGet(46)) - raft.server.staging.catchup.gap = 1000 (default)
2025-05-14 09:10:44,509 [om1@group-C5BA1605619E-LeaderElection2] INFO  server.RaftServerConfigKeys (ConfUtils.java:logGet(46)) - raft.server.write.element-limit = 4096 (default)
2025-05-14 09:10:44,509 [om1@group-C5BA1605619E-LeaderElection2] INFO  server.RaftServerConfigKeys (ConfUtils.java:logGet(46)) - raft.server.write.byte-limit = 64MB (=67108864) (default)
2025-05-14 09:10:44,509 [om1@group-C5BA1605619E-LeaderElection2] INFO  server.RaftServerConfigKeys (ConfUtils.java:logGet(46)) - raft.server.watch.timeout = 10s (default)
2025-05-14 09:10:44,509 [om1@group-C5BA1605619E-LeaderElection2] INFO  server.RaftServerConfigKeys (ConfUtils.java:logGet(46)) - raft.server.watch.timeout.denomination = 1s (default)
2025-05-14 09:10:44,509 [om1@group-C5BA1605619E-LeaderElection2] INFO  server.RaftServerConfigKeys (ConfUtils.java:logGet(46)) - raft.server.watch.element-limit = 65536 (default)
2025-05-14 09:10:44,510 [om1@group-C5BA1605619E-LeaderElection2] INFO  server.RaftServerConfigKeys (ConfUtils.java:logGet(46)) - raft.server.read.leader.lease.enabled = false (default)
2025-05-14 09:10:44,510 [om1@group-C5BA1605619E-LeaderElection2] INFO  server.RaftServerConfigKeys (ConfUtils.java:logGet(46)) - raft.server.read.leader.lease.timeout.ratio = 0.9 (default)
2025-05-14 09:10:44,510 [om1@group-C5BA1605619E-LeaderElection2] INFO  server.RaftServerConfigKeys (ConfUtils.java:logGet(46)) - raft.server.rpc.timeout.min = 5s (custom)
2025-05-14 09:10:44,510 [om1@group-C5BA1605619E-LeaderElection2] INFO  server.RaftServerConfigKeys (ConfUtils.java:logGet(46)) - raft.server.log.log-metadata.enabled = true (default)
2025-05-14 09:10:44,510 [om1@group-C5BA1605619E-LeaderElection2] INFO  server.RaftServerConfigKeys (ConfUtils.java:logGet(46)) - raft.server.write.element-limit = 4096 (default)
2025-05-14 09:10:44,510 [om1@group-C5BA1605619E-LeaderElection2] INFO  server.RaftServerConfigKeys (ConfUtils.java:logGet(46)) - raft.server.write.follower.gap.ratio.max = -1.0 (default)
2025-05-14 09:10:44,510 [om1@group-C5BA1605619E-LeaderElection2] INFO  impl.RoleInfo (RoleInfo.java:updateAndGet(148)) - om1: start om1@group-C5BA1605619E-LeaderStateImpl
2025-05-14 09:10:44,510 [om1@group-C5BA1605619E-LeaderElection2] INFO  server.RaftServer$Division (RaftServerImpl.java:setFirstElection(562)) - om1@group-C5BA1605619E: set firstElectionSinceStartup to false for becomeLeader
2025-05-14 09:10:44,511 [om1@group-C5BA1605619E-LeaderElection2] INFO  ratis.OzoneManagerStateMachine (OzoneManagerStateMachine.java:notifyLeaderChanged(174)) - om1@group-C5BA1605619E: leader changed to om1
2025-05-14 09:10:44,511 [om1@group-C5BA1605619E-LeaderElection2] INFO  server.RaftServer$Division (ServerState.java:setLeader(272)) - om1@group-C5BA1605619E: change Leader from null to om1 at term 1 for becomeLeader, leader elected after 5617ms
2025-05-14 09:10:44,511 [om1@group-C5BA1605619E-LeaderElection2] INFO  segmented.SegmentedRaftLogWorker (SegmentedRaftLogWorker.java:startLogSegment(438)) - om1@group-C5BA1605619E-SegmentedRaftLogWorker: Starting segment from index:0
2025-05-14 09:10:44,511 [om1@group-C5BA1605619E-SegmentedRaftLogWorker] INFO  segmented.BufferedWriteChannel (BufferedWriteChannel.java:open(61)) - open log_inprogress_0 at position 0
2025-05-14 09:10:44,512 [om1@group-C5BA1605619E-LeaderElection2] INFO  server.RaftServer$Division (ServerState.java:setRaftConf(386)) - om1@group-C5BA1605619E: set configuration conf: {index: 0, cur=peers:[om1|0.0.0.0:9872]|listeners:[], old=null}
2025-05-14 09:10:44,520 [om1@group-C5BA1605619E-SegmentedRaftLogWorker] INFO  segmented.SegmentedRaftLogWorker (SegmentedRaftLogWorker.java:execute(644)) - om1@group-C5BA1605619E-SegmentedRaftLogWorker: created new log segment /tmp/junit-15133004818853595098/ratis/bf265839-605b-3f16-9796-c5ba1605619e/current/log_inprogress_0
2025-05-14 09:10:44,522 [om1@group-C5BA1605619E-StateMachineUpdater] INFO  ratis.OzoneManagerStateMachine (OzoneManagerStateMachine.java:notifyConfigurationChanged(236)) - notifyConfigurationChanged from Ratis: term=1, index=0, New Peer list: om1(0.0.0.0:9872)
2025-05-14 09:10:44,522 [om1@group-C5BA1605619E-StateMachineUpdater] INFO  server.RaftServer$Division (LeaderStateImpl.java:checkStartIndex(313)) - Leader om1@group-C5BA1605619E-LeaderStateImpl is ready since appliedIndex == startIndex == 0
2025-05-14 09:10:44,592 [om1-KeyDeletingService#0] INFO  utils.BackgroundService (AbstractKeyDeletingService.java:processKeyDeletes(119)) - Send 2 key(s) to SCM, first 2 keys: [BlockGroup[groupID='/checkDeletionForKeysWithMultipleVersions/bucket402/key403/-9223372036854775552', blockIDs=[conID: 1182128 locID: 1182128 bcsId: 0 replicaIndex: null]], BlockGroup[groupID='/checkDeletionForKeysWithMultipleVersions/bucket402/key403/-9223372036854775552', blockIDs=[conID: 1182137 locID: 1182137 bcsId: 0 replicaIndex: null, conID: 1182140 locID: 1182140 bcsId: 0 replicaIndex: null]]]
2025-05-14 09:10:44,592 [om1-KeyDeletingService#0] INFO  utils.BackgroundService (AbstractKeyDeletingService.java:processKeyDeletes(124)) - 2 BlockGroup deletion are acked by SCM in 0 ms
2025-05-14 09:10:44,596 [om1-KeyDeletingService#0] INFO  utils.BackgroundService (AbstractKeyDeletingService.java:processKeyDeletes(132)) - Blocks for 2 (out of 2) keys are deleted from DB in 4 ms. Limit per task is 20000.
]]></system-out>
  </testcase>
  <testcase name="checkDeletedTableCleanUpForSnapshot" classname="org.apache.hadoop.ozone.om.service.TestKeyDeletingService$Normal" time="1.07">
    <system-out><![CDATA[2025-05-14 09:10:45,655 [om1-OMStateMachineApplyTransactionThread - 0] WARN  snapshot.OMSnapshotCreateRequest (OMSnapshotCreateRequest.java:estimateBucketDataSize(347)) - DefaultReplicationConfig is not correctly set in OmBucketInfo for volume 'checkDeletedTableCleanUpForSnapshot' bucket 'bucket404'. Falling back to config default 'RATIS/THREE'
2025-05-14 09:10:45,659 [om1-OMStateMachineApplyTransactionThread - 0] INFO  snapshot.OMSnapshotCreateRequest (OMSnapshotCreateRequest.java:validateAndUpdateCache(225)) - Created snapshot: 'snap407' with snapshotId: '90597237-ff9f-4b6a-bfb1-a2a41c5c6a48' under path 'checkDeletedTableCleanUpForSnapshot/bucket404'
2025-05-14 09:10:45,686 [om1-OMDoubleBufferFlushThread] INFO  db.RDBCheckpointManager (RDBCheckpointManager.java:createCheckpoint(87)) - Created checkpoint in rocksDB at /tmp/junit-15133004818853595098/db.snapshots/checkpointState/om.db-90597237-ff9f-4b6a-bfb1-a2a41c5c6a48 in 23 milliseconds
2025-05-14 09:10:45,689 [om1-OMDoubleBufferFlushThread] INFO  om.OmSnapshotManager (OmSnapshotManager.java:createOmSnapshotCheckpoint(497)) - Created checkpoint : /tmp/junit-15133004818853595098/db.snapshots/checkpointState/om.db-90597237-ff9f-4b6a-bfb1-a2a41c5c6a48 for snapshot snap407
2025-05-14 09:10:45,692 [om1-KeyDeletingService#0] INFO  snapshot.SnapshotCache (SnapshotCache.java:lambda$2(155)) - Loading SnapshotId: '90597237-ff9f-4b6a-bfb1-a2a41c5c6a48'
2025-05-14 09:10:45,695 [om1-KeyDeletingService#0] WARN  server.ServerUtils (ServerUtils.java:getDBPath(292)) - ozone.om.db.dirs is not configured. We recommend adding this setting. Falling back to ozone.metadata.dirs instead.
2025-05-14 09:10:45,743 [om1-KeyDeletingService#0] INFO  audit.AuditLogger (AuditLogger.java:refreshDebugCmdSet(133)) - Refresh DebugCmdSet for OMAudit to [].
2025-05-14 09:10:45,746 [om1-KeyDeletingService#0] INFO  utils.BackgroundService (AbstractKeyDeletingService.java:processKeyDeletes(119)) - Send 1 key(s) to SCM, first 1 keys: [BlockGroup[groupID='/checkDeletedTableCleanUpForSnapshot/bucket405/key406/-9223372036854769920', blockIDs=[conID: 1183209 locID: 1183209 bcsId: 0 replicaIndex: null, conID: 1183213 locID: 1183213 bcsId: 0 replicaIndex: null, conID: 1183215 locID: 1183215 bcsId: 0 replicaIndex: null]]]
2025-05-14 09:10:45,746 [om1-KeyDeletingService#0] INFO  utils.BackgroundService (AbstractKeyDeletingService.java:processKeyDeletes(124)) - 1 BlockGroup deletion are acked by SCM in 1 ms
2025-05-14 09:10:45,748 [om1-KeyDeletingService#0] INFO  utils.BackgroundService (AbstractKeyDeletingService.java:processKeyDeletes(132)) - Blocks for 1 (out of 1) keys are deleted from DB in 1 ms. Limit per task is 20000.
2025-05-14 09:10:45,755 [om1-OMStateMachineApplyTransactionThread - 0] INFO  snapshot.OMSnapshotSetPropertyRequest (OMSnapshotSetPropertyRequest.java:validateAndUpdateCache(104)) - Successfully executed snapshotSetPropertyRequest: {snapshotKey: "/checkDeletedTableCleanUpForSnapshot/bucket404/snap407"
deepCleanedDeletedKey: true
}.
2025-05-14 09:10:46,487 [om1-SstFilteringService#0] WARN  server.ServerUtils (ServerUtils.java:getDBPath(292)) - ozone.om.db.dirs is not configured. We recommend adding this setting. Falling back to ozone.metadata.dirs instead.
2025-05-14 09:10:46,488 [om1-SstFilteringService#0] WARN  server.ServerUtils (ServerUtils.java:getDBPath(292)) - ozone.om.db.dirs is not configured. We recommend adding this setting. Falling back to ozone.metadata.dirs instead.
]]></system-out>
  </testcase>
  <testcase name="testSnapshotExclusiveSize" classname="org.apache.hadoop.ozone.om.service.TestKeyDeletingService$Normal" time="2.794">
    <system-out><![CDATA[2025-05-14 09:10:46,724 [main] INFO  service.TestKeyDeletingService (TestKeyDeletingService.java:lambda$assertTableRowCount$1(751)) - keyTable actual row count=3, expectedCount=3
2025-05-14 09:10:46,736 [om1-OMStateMachineApplyTransactionThread - 0] WARN  snapshot.OMSnapshotCreateRequest (OMSnapshotCreateRequest.java:estimateBucketDataSize(347)) - DefaultReplicationConfig is not correctly set in OmBucketInfo for volume 'testSnapshotExclusiveSize' bucket 'bucket408'. Falling back to config default 'RATIS/THREE'
2025-05-14 09:10:46,736 [om1-OMStateMachineApplyTransactionThread - 0] INFO  snapshot.OMSnapshotCreateRequest (OMSnapshotCreateRequest.java:validateAndUpdateCache(225)) - Created snapshot: 'snap410' with snapshotId: '18ea1867-a3ac-4278-8e0f-296d5f579aa4' under path 'testSnapshotExclusiveSize/bucket408'
2025-05-14 09:10:46,737 [main] INFO  service.TestKeyDeletingService (TestKeyDeletingService.java:lambda$assertTableRowCount$1(751)) - snapshotInfoTable actual row count=1, expectedCount=2
2025-05-14 09:10:46,766 [om1-OMDoubleBufferFlushThread] INFO  db.RDBCheckpointManager (RDBCheckpointManager.java:createCheckpoint(87)) - Created checkpoint in rocksDB at /tmp/junit-15133004818853595098/db.snapshots/checkpointState/om.db-18ea1867-a3ac-4278-8e0f-296d5f579aa4 in 27 milliseconds
2025-05-14 09:10:46,767 [om1-OMDoubleBufferFlushThread] INFO  om.OmSnapshotManager (OmSnapshotManager.java:createOmSnapshotCheckpoint(497)) - Created checkpoint : /tmp/junit-15133004818853595098/db.snapshots/checkpointState/om.db-18ea1867-a3ac-4278-8e0f-296d5f579aa4 for snapshot snap410
2025-05-14 09:10:47,487 [om1-SstFilteringService#0] WARN  server.ServerUtils (ServerUtils.java:getDBPath(292)) - ozone.om.db.dirs is not configured. We recommend adding this setting. Falling back to ozone.metadata.dirs instead.
2025-05-14 09:10:47,487 [om1-SstFilteringService#0] WARN  server.ServerUtils (ServerUtils.java:getDBPath(292)) - ozone.om.db.dirs is not configured. We recommend adding this setting. Falling back to ozone.metadata.dirs instead.
2025-05-14 09:10:47,488 [om1-SstFilteringService#0] INFO  snapshot.SnapshotCache (SnapshotCache.java:lambda$2(155)) - Loading SnapshotId: '18ea1867-a3ac-4278-8e0f-296d5f579aa4'
2025-05-14 09:10:47,488 [om1-SstFilteringService#0] WARN  server.ServerUtils (ServerUtils.java:getDBPath(292)) - ozone.om.db.dirs is not configured. We recommend adding this setting. Falling back to ozone.metadata.dirs instead.
2025-05-14 09:10:47,515 [om1-SstFilteringService#0] WARN  server.ServerUtils (ServerUtils.java:getDBPath(292)) - ozone.om.db.dirs is not configured. We recommend adding this setting. Falling back to ozone.metadata.dirs instead.
2025-05-14 09:10:47,737 [main] INFO  service.TestKeyDeletingService (TestKeyDeletingService.java:lambda$assertTableRowCount$1(751)) - snapshotInfoTable actual row count=2, expectedCount=2
2025-05-14 09:10:47,738 [main] INFO  service.TestKeyDeletingService (TestKeyDeletingService.java:lambda$assertTableRowCount$1(751)) - deletedTable actual row count=1, expectedCount=1
2025-05-14 09:10:47,770 [main] INFO  service.TestKeyDeletingService (TestKeyDeletingService.java:lambda$assertTableRowCount$1(751)) - deletedTable actual row count=2, expectedCount=2
2025-05-14 09:10:47,771 [main] INFO  service.TestKeyDeletingService (TestKeyDeletingService.java:lambda$assertTableRowCount$1(751)) - snapshotRenamedTable actual row count=2, expectedCount=2
2025-05-14 09:10:47,783 [om1-OMStateMachineApplyTransactionThread - 0] WARN  snapshot.OMSnapshotCreateRequest (OMSnapshotCreateRequest.java:estimateBucketDataSize(347)) - DefaultReplicationConfig is not correctly set in OmBucketInfo for volume 'testSnapshotExclusiveSize' bucket 'bucket408'. Falling back to config default 'RATIS/THREE'
2025-05-14 09:10:47,783 [om1-OMStateMachineApplyTransactionThread - 0] INFO  snapshot.OMSnapshotCreateRequest (OMSnapshotCreateRequest.java:validateAndUpdateCache(225)) - Created snapshot: 'snap411' with snapshotId: '89085308-5a38-4bf7-b3d6-b1d09811fa62' under path 'testSnapshotExclusiveSize/bucket408'
2025-05-14 09:10:47,784 [main] INFO  service.TestKeyDeletingService (TestKeyDeletingService.java:lambda$assertTableRowCount$1(751)) - snapshotInfoTable actual row count=2, expectedCount=3
2025-05-14 09:10:47,810 [om1-OMDoubleBufferFlushThread] INFO  db.RDBCheckpointManager (RDBCheckpointManager.java:createCheckpoint(87)) - Created checkpoint in rocksDB at /tmp/junit-15133004818853595098/db.snapshots/checkpointState/om.db-89085308-5a38-4bf7-b3d6-b1d09811fa62 in 25 milliseconds
2025-05-14 09:10:47,811 [om1-OMDoubleBufferFlushThread] WARN  om.OmSnapshotManager (OmSnapshotManager.java:performOperationOnKeys(563)) - Took 648095 ns to find endKey. Caller is deleteKeysFromDelKeyTableInSnapshotScope
2025-05-14 09:10:47,811 [om1-OMDoubleBufferFlushThread] INFO  om.OmSnapshotManager (OmSnapshotManager.java:createOmSnapshotCheckpoint(497)) - Created checkpoint : /tmp/junit-15133004818853595098/db.snapshots/checkpointState/om.db-89085308-5a38-4bf7-b3d6-b1d09811fa62 for snapshot snap411
2025-05-14 09:10:48,487 [om1-SstFilteringService#0] WARN  server.ServerUtils (ServerUtils.java:getDBPath(292)) - ozone.om.db.dirs is not configured. We recommend adding this setting. Falling back to ozone.metadata.dirs instead.
2025-05-14 09:10:48,487 [om1-SstFilteringService#0] WARN  server.ServerUtils (ServerUtils.java:getDBPath(292)) - ozone.om.db.dirs is not configured. We recommend adding this setting. Falling back to ozone.metadata.dirs instead.
2025-05-14 09:10:48,487 [om1-SstFilteringService#0] WARN  server.ServerUtils (ServerUtils.java:getDBPath(292)) - ozone.om.db.dirs is not configured. We recommend adding this setting. Falling back to ozone.metadata.dirs instead.
2025-05-14 09:10:48,488 [om1-SstFilteringService#0] INFO  snapshot.SnapshotCache (SnapshotCache.java:lambda$2(155)) - Loading SnapshotId: '89085308-5a38-4bf7-b3d6-b1d09811fa62'
2025-05-14 09:10:48,488 [om1-SstFilteringService#0] WARN  server.ServerUtils (ServerUtils.java:getDBPath(292)) - ozone.om.db.dirs is not configured. We recommend adding this setting. Falling back to ozone.metadata.dirs instead.
2025-05-14 09:10:48,524 [om1-SstFilteringService#0] WARN  server.ServerUtils (ServerUtils.java:getDBPath(292)) - ozone.om.db.dirs is not configured. We recommend adding this setting. Falling back to ozone.metadata.dirs instead.
2025-05-14 09:10:48,785 [main] INFO  service.TestKeyDeletingService (TestKeyDeletingService.java:lambda$assertTableRowCount$1(751)) - snapshotInfoTable actual row count=3, expectedCount=3
2025-05-14 09:10:48,785 [main] INFO  service.TestKeyDeletingService (TestKeyDeletingService.java:lambda$assertTableRowCount$1(751)) - deletedTable actual row count=1, expectedCount=1
2025-05-14 09:10:48,809 [main] INFO  service.TestKeyDeletingService (TestKeyDeletingService.java:lambda$assertTableRowCount$1(751)) - deletedTable actual row count=3, expectedCount=3
2025-05-14 09:10:48,809 [main] INFO  service.TestKeyDeletingService (TestKeyDeletingService.java:lambda$assertTableRowCount$1(751)) - snapshotRenamedTable actual row count=1, expectedCount=1
2025-05-14 09:10:48,825 [om1-OMStateMachineApplyTransactionThread - 0] WARN  snapshot.OMSnapshotCreateRequest (OMSnapshotCreateRequest.java:estimateBucketDataSize(347)) - DefaultReplicationConfig is not correctly set in OmBucketInfo for volume 'testSnapshotExclusiveSize' bucket 'bucket408'. Falling back to config default 'RATIS/THREE'
2025-05-14 09:10:48,826 [om1-OMStateMachineApplyTransactionThread - 0] INFO  snapshot.OMSnapshotCreateRequest (OMSnapshotCreateRequest.java:validateAndUpdateCache(225)) - Created snapshot: 'snap412' with snapshotId: 'c140cd49-7c13-47f6-9411-596dafc3d01c' under path 'testSnapshotExclusiveSize/bucket408'
2025-05-14 09:10:48,849 [om1-OMStateMachineApplyTransactionThread - 0] WARN  snapshot.OMSnapshotCreateRequest (OMSnapshotCreateRequest.java:estimateBucketDataSize(347)) - DefaultReplicationConfig is not correctly set in OmBucketInfo for volume 'testSnapshotExclusiveSize' bucket 'bucket408'. Falling back to config default 'RATIS/THREE'
2025-05-14 09:10:48,849 [om1-OMStateMachineApplyTransactionThread - 0] INFO  snapshot.OMSnapshotCreateRequest (OMSnapshotCreateRequest.java:validateAndUpdateCache(225)) - Created snapshot: 'snap413' with snapshotId: '2a0f0e02-f587-4277-a71b-ee34dd47b013' under path 'testSnapshotExclusiveSize/bucket408'
2025-05-14 09:10:48,852 [om1-OMDoubleBufferFlushThread] INFO  db.RDBCheckpointManager (RDBCheckpointManager.java:createCheckpoint(87)) - Created checkpoint in rocksDB at /tmp/junit-15133004818853595098/db.snapshots/checkpointState/om.db-c140cd49-7c13-47f6-9411-596dafc3d01c in 24 milliseconds
2025-05-14 09:10:48,853 [om1-OMDoubleBufferFlushThread] WARN  om.OmSnapshotManager (OmSnapshotManager.java:performOperationOnKeys(563)) - Took 250226 ns to find endKey. Caller is deleteKeysFromDelKeyTableInSnapshotScope
2025-05-14 09:10:48,853 [om1-OMDoubleBufferFlushThread] INFO  om.OmSnapshotManager (OmSnapshotManager.java:createOmSnapshotCheckpoint(497)) - Created checkpoint : /tmp/junit-15133004818853595098/db.snapshots/checkpointState/om.db-c140cd49-7c13-47f6-9411-596dafc3d01c for snapshot snap412
{snap410=1000, snap411=1000, snap412=2000, snap413=0}
2025-05-14 09:10:48,889 [om1-OMDoubleBufferFlushThread] INFO  db.RDBCheckpointManager (RDBCheckpointManager.java:createCheckpoint(87)) - Created checkpoint in rocksDB at /tmp/junit-15133004818853595098/db.snapshots/checkpointState/om.db-2a0f0e02-f587-4277-a71b-ee34dd47b013 in 30 milliseconds
2025-05-14 09:10:48,889 [om1-OMDoubleBufferFlushThread] WARN  om.OmSnapshotManager (OmSnapshotManager.java:performOperationOnKeys(563)) - Took 334623 ns to find endKey. Caller is deleteKeysFromDelKeyTableInSnapshotScope
2025-05-14 09:10:48,890 [om1-OMDoubleBufferFlushThread] INFO  om.OmSnapshotManager (OmSnapshotManager.java:createOmSnapshotCheckpoint(497)) - Created checkpoint : /tmp/junit-15133004818853595098/db.snapshots/checkpointState/om.db-2a0f0e02-f587-4277-a71b-ee34dd47b013 for snapshot snap413
2025-05-14 09:10:48,897 [om1-KeyDeletingService#0] INFO  snapshot.SnapshotCache (SnapshotCache.java:lambda$2(155)) - Loading SnapshotId: 'c140cd49-7c13-47f6-9411-596dafc3d01c'
2025-05-14 09:10:48,897 [om1-KeyDeletingService#0] WARN  server.ServerUtils (ServerUtils.java:getDBPath(292)) - ozone.om.db.dirs is not configured. We recommend adding this setting. Falling back to ozone.metadata.dirs instead.
2025-05-14 09:10:48,919 [om1-KeyDeletingService#0] INFO  snapshot.SnapshotCache (SnapshotCache.java:lambda$2(155)) - Loading SnapshotId: '2a0f0e02-f587-4277-a71b-ee34dd47b013'
2025-05-14 09:10:48,919 [om1-KeyDeletingService#0] WARN  server.ServerUtils (ServerUtils.java:getDBPath(292)) - ozone.om.db.dirs is not configured. We recommend adding this setting. Falling back to ozone.metadata.dirs instead.
2025-05-14 09:10:48,952 [om1-OMStateMachineApplyTransactionThread - 0] INFO  snapshot.OMSnapshotSetPropertyRequest (OMSnapshotSetPropertyRequest.java:validateAndUpdateCache(104)) - Successfully executed snapshotSetPropertyRequest: {snapshotKey: "/testSnapshotExclusiveSize/bucket408/snap410"
deepCleanedDeletedKey: true
}.
2025-05-14 09:10:48,953 [om1-OMStateMachineApplyTransactionThread - 0] INFO  snapshot.OMSnapshotSetPropertyRequest (OMSnapshotSetPropertyRequest.java:validateAndUpdateCache(104)) - Successfully executed snapshotSetPropertyRequest: {snapshotKey: "/testSnapshotExclusiveSize/bucket408/snap411"
deepCleanedDeletedKey: true
}.
2025-05-14 09:10:48,955 [om1-OMStateMachineApplyTransactionThread - 0] INFO  snapshot.OMSnapshotSetPropertyRequest (OMSnapshotSetPropertyRequest.java:validateAndUpdateCache(104)) - Successfully executed snapshotSetPropertyRequest: {snapshotKey: "/testSnapshotExclusiveSize/bucket408/snap412"
deepCleanedDeletedKey: true
}.
2025-05-14 09:10:48,956 [om1-OMStateMachineApplyTransactionThread - 0] INFO  snapshot.OMSnapshotSetPropertyRequest (OMSnapshotSetPropertyRequest.java:validateAndUpdateCache(104)) - Successfully executed snapshotSetPropertyRequest: {snapshotKey: "/testSnapshotExclusiveSize/bucket408/snap413"
deepCleanedDeletedKey: true
}.
2025-05-14 09:10:48,958 [om1-OMStateMachineApplyTransactionThread - 0] INFO  snapshot.OMSnapshotSetPropertyRequest (OMSnapshotSetPropertyRequest.java:validateAndUpdateCache(104)) - Successfully executed snapshotSetPropertyRequest: {snapshotKey: "/testSnapshotExclusiveSize/bucket408/snap410"
snapshotSize {
  exclusiveSize: 1000
  exclusiveReplicatedSize: 3000
}
}.
2025-05-14 09:10:48,960 [om1-OMStateMachineApplyTransactionThread - 0] INFO  snapshot.OMSnapshotSetPropertyRequest (OMSnapshotSetPropertyRequest.java:validateAndUpdateCache(104)) - Successfully executed snapshotSetPropertyRequest: {snapshotKey: "/testSnapshotExclusiveSize/bucket408/snap412"
snapshotSize {
  exclusiveSize: 2000
  exclusiveReplicatedSize: 6000
}
}.
2025-05-14 09:10:48,961 [om1-OMStateMachineApplyTransactionThread - 0] INFO  snapshot.OMSnapshotSetPropertyRequest (OMSnapshotSetPropertyRequest.java:validateAndUpdateCache(104)) - Successfully executed snapshotSetPropertyRequest: {snapshotKey: "/testSnapshotExclusiveSize/bucket408/snap411"
snapshotSize {
  exclusiveSize: 1000
  exclusiveReplicatedSize: 3000
}
}.
snap407
snap410
snap411
snap412
snap413
]]></system-out>
  </testcase>
  <testcase name="testSnapshotDeepClean" classname="org.apache.hadoop.ozone.om.service.TestKeyDeletingService$Normal" time="5.244">
    <system-out><![CDATA[2025-05-14 09:10:49,486 [om1-OMStateMachineApplyTransactionThread - 0] WARN  snapshot.OMSnapshotCreateRequest (OMSnapshotCreateRequest.java:estimateBucketDataSize(347)) - DefaultReplicationConfig is not correctly set in OmBucketInfo for volume 'testSnapshotDeepClean' bucket 'bucket415'. Falling back to config default 'RATIS/THREE'
2025-05-14 09:10:49,486 [om1-OMStateMachineApplyTransactionThread - 0] INFO  snapshot.OMSnapshotCreateRequest (OMSnapshotCreateRequest.java:validateAndUpdateCache(225)) - Created snapshot: 'snap416' with snapshotId: 'd8f59f17-f915-4ad6-942f-39a3784c5dcd' under path 'testSnapshotDeepClean/bucket415'
2025-05-14 09:10:49,487 [om1-SstFilteringService#0] WARN  server.ServerUtils (ServerUtils.java:getDBPath(292)) - ozone.om.db.dirs is not configured. We recommend adding this setting. Falling back to ozone.metadata.dirs instead.
2025-05-14 09:10:49,487 [om1-SstFilteringService#0] WARN  server.ServerUtils (ServerUtils.java:getDBPath(292)) - ozone.om.db.dirs is not configured. We recommend adding this setting. Falling back to ozone.metadata.dirs instead.
2025-05-14 09:10:49,487 [om1-SstFilteringService#0] WARN  server.ServerUtils (ServerUtils.java:getDBPath(292)) - ozone.om.db.dirs is not configured. We recommend adding this setting. Falling back to ozone.metadata.dirs instead.
2025-05-14 09:10:49,487 [main] INFO  service.TestKeyDeletingService (TestKeyDeletingService.java:lambda$assertTableRowCount$1(751)) - snapshotInfoTable actual row count=5, expectedCount=6
2025-05-14 09:10:49,487 [om1-SstFilteringService#0] WARN  server.ServerUtils (ServerUtils.java:getDBPath(292)) - ozone.om.db.dirs is not configured. We recommend adding this setting. Falling back to ozone.metadata.dirs instead.
2025-05-14 09:10:49,490 [om1-SstFilteringService#0] WARN  server.ServerUtils (ServerUtils.java:getDBPath(292)) - ozone.om.db.dirs is not configured. We recommend adding this setting. Falling back to ozone.metadata.dirs instead.
2025-05-14 09:10:49,491 [om1-SstFilteringService#0] WARN  server.ServerUtils (ServerUtils.java:getDBPath(292)) - ozone.om.db.dirs is not configured. We recommend adding this setting. Falling back to ozone.metadata.dirs instead.
2025-05-14 09:10:49,497 [om1-SstFilteringService#0] WARN  server.ServerUtils (ServerUtils.java:getDBPath(292)) - ozone.om.db.dirs is not configured. We recommend adding this setting. Falling back to ozone.metadata.dirs instead.
2025-05-14 09:10:49,508 [om1-OMDoubleBufferFlushThread] INFO  db.RDBCheckpointManager (RDBCheckpointManager.java:createCheckpoint(87)) - Created checkpoint in rocksDB at /tmp/junit-15133004818853595098/db.snapshots/checkpointState/om.db-d8f59f17-f915-4ad6-942f-39a3784c5dcd in 20 milliseconds
2025-05-14 09:10:49,508 [om1-OMDoubleBufferFlushThread] INFO  om.OmSnapshotManager (OmSnapshotManager.java:createOmSnapshotCheckpoint(497)) - Created checkpoint : /tmp/junit-15133004818853595098/db.snapshots/checkpointState/om.db-d8f59f17-f915-4ad6-942f-39a3784c5dcd for snapshot snap416
2025-05-14 09:10:50,487 [om1-SstFilteringService#0] WARN  server.ServerUtils (ServerUtils.java:getDBPath(292)) - ozone.om.db.dirs is not configured. We recommend adding this setting. Falling back to ozone.metadata.dirs instead.
2025-05-14 09:10:50,487 [om1-SstFilteringService#0] WARN  server.ServerUtils (ServerUtils.java:getDBPath(292)) - ozone.om.db.dirs is not configured. We recommend adding this setting. Falling back to ozone.metadata.dirs instead.
2025-05-14 09:10:50,488 [om1-SstFilteringService#0] INFO  snapshot.SnapshotCache (SnapshotCache.java:lambda$2(155)) - Loading SnapshotId: 'd8f59f17-f915-4ad6-942f-39a3784c5dcd'
2025-05-14 09:10:50,488 [om1-SstFilteringService#0] WARN  server.ServerUtils (ServerUtils.java:getDBPath(292)) - ozone.om.db.dirs is not configured. We recommend adding this setting. Falling back to ozone.metadata.dirs instead.
2025-05-14 09:10:50,488 [main] INFO  service.TestKeyDeletingService (TestKeyDeletingService.java:lambda$assertTableRowCount$1(751)) - snapshotInfoTable actual row count=6, expectedCount=6
2025-05-14 09:10:50,517 [LeakDetector-OzoneClientObject1] WARN  client.OzoneClientFactory (HddsUtils.java:reportLeak(873)) - OzoneClient is not closed properly
2025-05-14 09:10:50,531 [om1-SstFilteringService#0] INFO  db.RocksDatabase (RocksDatabase.java:deleteFilesNotMatchingPrefix(870)) - Deleting sst file: /000085.sst with start key: /testSnapshotExclusiveSize/bucket408/key4095 and end key: /testSnapshotExclusiveSize/bucket408/renamedKey22 corresponding to column family keyTable from db: /tmp/junit-15133004818853595098/db.snapshots/checkpointState/om.db-d8f59f17-f915-4ad6-942f-39a3784c5dcd. Prefix for the column family: /testSnapshotDeepClean/bucket415/.
2025-05-14 09:10:50,532 [om1-SstFilteringService#0] WARN  server.ServerUtils (ServerUtils.java:getDBPath(292)) - ozone.om.db.dirs is not configured. We recommend adding this setting. Falling back to ozone.metadata.dirs instead.
2025-05-14 09:10:50,533 [om1-SstFilteringService#0] WARN  server.ServerUtils (ServerUtils.java:getDBPath(292)) - ozone.om.db.dirs is not configured. We recommend adding this setting. Falling back to ozone.metadata.dirs instead.
2025-05-14 09:10:50,533 [om1-SstFilteringService#0] WARN  server.ServerUtils (ServerUtils.java:getDBPath(292)) - ozone.om.db.dirs is not configured. We recommend adding this setting. Falling back to ozone.metadata.dirs instead.
2025-05-14 09:10:50,534 [om1-SstFilteringService#0] WARN  server.ServerUtils (ServerUtils.java:getDBPath(292)) - ozone.om.db.dirs is not configured. We recommend adding this setting. Falling back to ozone.metadata.dirs instead.
2025-05-14 09:10:50,534 [om1-SstFilteringService#0] WARN  server.ServerUtils (ServerUtils.java:getDBPath(292)) - ozone.om.db.dirs is not configured. We recommend adding this setting. Falling back to ozone.metadata.dirs instead.
2025-05-14 09:10:50,606 [main] INFO  service.TestKeyDeletingService (TestKeyDeletingService.java:lambda$assertTableRowCount$1(751)) - keyTable actual row count=11, expectedCount=11
2025-05-14 09:10:50,622 [om1-OMStateMachineApplyTransactionThread - 0] WARN  snapshot.OMSnapshotCreateRequest (OMSnapshotCreateRequest.java:estimateBucketDataSize(347)) - DefaultReplicationConfig is not correctly set in OmBucketInfo for volume 'testSnapshotDeepClean' bucket 'bucket415'. Falling back to config default 'RATIS/THREE'
2025-05-14 09:10:50,622 [om1-OMStateMachineApplyTransactionThread - 0] INFO  snapshot.OMSnapshotCreateRequest (OMSnapshotCreateRequest.java:validateAndUpdateCache(225)) - Created snapshot: 'snap427' with snapshotId: '01a067d9-f44c-4df4-89ca-8a8b2362f1e3' under path 'testSnapshotDeepClean/bucket415'
2025-05-14 09:10:50,624 [main] INFO  service.TestKeyDeletingService (TestKeyDeletingService.java:lambda$assertTableRowCount$1(751)) - snapshotInfoTable actual row count=6, expectedCount=7
2025-05-14 09:10:50,641 [om1-OMDoubleBufferFlushThread] INFO  db.RDBCheckpointManager (RDBCheckpointManager.java:createCheckpoint(87)) - Created checkpoint in rocksDB at /tmp/junit-15133004818853595098/db.snapshots/checkpointState/om.db-01a067d9-f44c-4df4-89ca-8a8b2362f1e3 in 18 milliseconds
2025-05-14 09:10:50,642 [om1-OMDoubleBufferFlushThread] INFO  om.OmSnapshotManager (OmSnapshotManager.java:createOmSnapshotCheckpoint(497)) - Created checkpoint : /tmp/junit-15133004818853595098/db.snapshots/checkpointState/om.db-01a067d9-f44c-4df4-89ca-8a8b2362f1e3 for snapshot snap427
2025-05-14 09:10:51,487 [om1-SstFilteringService#0] WARN  server.ServerUtils (ServerUtils.java:getDBPath(292)) - ozone.om.db.dirs is not configured. We recommend adding this setting. Falling back to ozone.metadata.dirs instead.
2025-05-14 09:10:51,488 [om1-SstFilteringService#0] WARN  server.ServerUtils (ServerUtils.java:getDBPath(292)) - ozone.om.db.dirs is not configured. We recommend adding this setting. Falling back to ozone.metadata.dirs instead.
2025-05-14 09:10:51,488 [om1-SstFilteringService#0] WARN  server.ServerUtils (ServerUtils.java:getDBPath(292)) - ozone.om.db.dirs is not configured. We recommend adding this setting. Falling back to ozone.metadata.dirs instead.
2025-05-14 09:10:51,488 [om1-SstFilteringService#0] INFO  snapshot.SnapshotCache (SnapshotCache.java:lambda$2(155)) - Loading SnapshotId: '01a067d9-f44c-4df4-89ca-8a8b2362f1e3'
2025-05-14 09:10:51,488 [om1-SstFilteringService#0] WARN  server.ServerUtils (ServerUtils.java:getDBPath(292)) - ozone.om.db.dirs is not configured. We recommend adding this setting. Falling back to ozone.metadata.dirs instead.
2025-05-14 09:10:51,511 [om1-SstFilteringService#0] INFO  db.RocksDatabase (RocksDatabase.java:deleteFilesNotMatchingPrefix(870)) - Deleting sst file: /000085.sst with start key: /testSnapshotExclusiveSize/bucket408/key4095 and end key: /testSnapshotExclusiveSize/bucket408/renamedKey22 corresponding to column family keyTable from db: /tmp/junit-15133004818853595098/db.snapshots/checkpointState/om.db-01a067d9-f44c-4df4-89ca-8a8b2362f1e3. Prefix for the column family: /testSnapshotDeepClean/bucket415/.
2025-05-14 09:10:51,512 [om1-SstFilteringService#0] WARN  server.ServerUtils (ServerUtils.java:getDBPath(292)) - ozone.om.db.dirs is not configured. We recommend adding this setting. Falling back to ozone.metadata.dirs instead.
2025-05-14 09:10:51,512 [om1-SstFilteringService#0] WARN  server.ServerUtils (ServerUtils.java:getDBPath(292)) - ozone.om.db.dirs is not configured. We recommend adding this setting. Falling back to ozone.metadata.dirs instead.
2025-05-14 09:10:51,512 [om1-SstFilteringService#0] WARN  server.ServerUtils (ServerUtils.java:getDBPath(292)) - ozone.om.db.dirs is not configured. We recommend adding this setting. Falling back to ozone.metadata.dirs instead.
2025-05-14 09:10:51,512 [om1-SstFilteringService#0] WARN  server.ServerUtils (ServerUtils.java:getDBPath(292)) - ozone.om.db.dirs is not configured. We recommend adding this setting. Falling back to ozone.metadata.dirs instead.
2025-05-14 09:10:51,512 [om1-SstFilteringService#0] WARN  server.ServerUtils (ServerUtils.java:getDBPath(292)) - ozone.om.db.dirs is not configured. We recommend adding this setting. Falling back to ozone.metadata.dirs instead.
2025-05-14 09:10:51,625 [main] INFO  service.TestKeyDeletingService (TestKeyDeletingService.java:lambda$assertTableRowCount$1(751)) - snapshotInfoTable actual row count=7, expectedCount=7
2025-05-14 09:10:51,692 [main] INFO  service.TestKeyDeletingService (TestKeyDeletingService.java:lambda$assertTableRowCount$1(751)) - deletedTable actual row count=16, expectedCount=16
2025-05-14 09:10:51,704 [om1-OMStateMachineApplyTransactionThread - 0] WARN  snapshot.OMSnapshotCreateRequest (OMSnapshotCreateRequest.java:estimateBucketDataSize(347)) - DefaultReplicationConfig is not correctly set in OmBucketInfo for volume 'testSnapshotDeepClean' bucket 'bucket415'. Falling back to config default 'RATIS/THREE'
2025-05-14 09:10:51,705 [om1-OMStateMachineApplyTransactionThread - 0] INFO  snapshot.OMSnapshotCreateRequest (OMSnapshotCreateRequest.java:validateAndUpdateCache(225)) - Created snapshot: 'snap433' with snapshotId: 'b76b6d18-2e30-4d06-a7b2-cb819f12a7f7' under path 'testSnapshotDeepClean/bucket415'
2025-05-14 09:10:51,706 [main] INFO  service.TestKeyDeletingService (TestKeyDeletingService.java:lambda$assertTableRowCount$1(751)) - snapshotInfoTable actual row count=7, expectedCount=8
2025-05-14 09:10:51,729 [om1-OMDoubleBufferFlushThread] INFO  db.RDBCheckpointManager (RDBCheckpointManager.java:createCheckpoint(87)) - Created checkpoint in rocksDB at /tmp/junit-15133004818853595098/db.snapshots/checkpointState/om.db-b76b6d18-2e30-4d06-a7b2-cb819f12a7f7 in 22 milliseconds
2025-05-14 09:10:51,730 [om1-OMDoubleBufferFlushThread] WARN  om.OmSnapshotManager (OmSnapshotManager.java:performOperationOnKeys(563)) - Took 683090 ns to find endKey. Caller is deleteKeysFromDelKeyTableInSnapshotScope
2025-05-14 09:10:51,730 [om1-OMDoubleBufferFlushThread] INFO  om.OmSnapshotManager (OmSnapshotManager.java:createOmSnapshotCheckpoint(497)) - Created checkpoint : /tmp/junit-15133004818853595098/db.snapshots/checkpointState/om.db-b76b6d18-2e30-4d06-a7b2-cb819f12a7f7 for snapshot snap433
2025-05-14 09:10:52,487 [om1-SstFilteringService#0] WARN  server.ServerUtils (ServerUtils.java:getDBPath(292)) - ozone.om.db.dirs is not configured. We recommend adding this setting. Falling back to ozone.metadata.dirs instead.
2025-05-14 09:10:52,488 [om1-SstFilteringService#0] WARN  server.ServerUtils (ServerUtils.java:getDBPath(292)) - ozone.om.db.dirs is not configured. We recommend adding this setting. Falling back to ozone.metadata.dirs instead.
2025-05-14 09:10:52,488 [om1-SstFilteringService#0] WARN  server.ServerUtils (ServerUtils.java:getDBPath(292)) - ozone.om.db.dirs is not configured. We recommend adding this setting. Falling back to ozone.metadata.dirs instead.
2025-05-14 09:10:52,488 [om1-SstFilteringService#0] WARN  server.ServerUtils (ServerUtils.java:getDBPath(292)) - ozone.om.db.dirs is not configured. We recommend adding this setting. Falling back to ozone.metadata.dirs instead.
2025-05-14 09:10:52,488 [om1-SstFilteringService#0] INFO  snapshot.SnapshotCache (SnapshotCache.java:lambda$2(155)) - Loading SnapshotId: 'b76b6d18-2e30-4d06-a7b2-cb819f12a7f7'
2025-05-14 09:10:52,488 [om1-SstFilteringService#0] WARN  server.ServerUtils (ServerUtils.java:getDBPath(292)) - ozone.om.db.dirs is not configured. We recommend adding this setting. Falling back to ozone.metadata.dirs instead.
2025-05-14 09:10:52,510 [om1-SstFilteringService#0] INFO  db.RocksDatabase (RocksDatabase.java:deleteFilesNotMatchingPrefix(870)) - Deleting sst file: /000085.sst with start key: /testSnapshotExclusiveSize/bucket408/key4095 and end key: /testSnapshotExclusiveSize/bucket408/renamedKey22 corresponding to column family keyTable from db: /tmp/junit-15133004818853595098/db.snapshots/checkpointState/om.db-b76b6d18-2e30-4d06-a7b2-cb819f12a7f7. Prefix for the column family: /testSnapshotDeepClean/bucket415/.
2025-05-14 09:10:52,511 [om1-SstFilteringService#0] WARN  server.ServerUtils (ServerUtils.java:getDBPath(292)) - ozone.om.db.dirs is not configured. We recommend adding this setting. Falling back to ozone.metadata.dirs instead.
2025-05-14 09:10:52,511 [om1-SstFilteringService#0] WARN  server.ServerUtils (ServerUtils.java:getDBPath(292)) - ozone.om.db.dirs is not configured. We recommend adding this setting. Falling back to ozone.metadata.dirs instead.
2025-05-14 09:10:52,511 [om1-SstFilteringService#0] WARN  server.ServerUtils (ServerUtils.java:getDBPath(292)) - ozone.om.db.dirs is not configured. We recommend adding this setting. Falling back to ozone.metadata.dirs instead.
2025-05-14 09:10:52,512 [om1-SstFilteringService#0] WARN  server.ServerUtils (ServerUtils.java:getDBPath(292)) - ozone.om.db.dirs is not configured. We recommend adding this setting. Falling back to ozone.metadata.dirs instead.
2025-05-14 09:10:52,512 [om1-SstFilteringService#0] WARN  server.ServerUtils (ServerUtils.java:getDBPath(292)) - ozone.om.db.dirs is not configured. We recommend adding this setting. Falling back to ozone.metadata.dirs instead.
2025-05-14 09:10:52,706 [main] INFO  service.TestKeyDeletingService (TestKeyDeletingService.java:lambda$assertTableRowCount$1(751)) - snapshotInfoTable actual row count=8, expectedCount=8
2025-05-14 09:10:52,707 [main] INFO  service.TestKeyDeletingService (TestKeyDeletingService.java:lambda$assertTableRowCount$1(751)) - deletedTable actual row count=16, expectedCount=11
2025-05-14 09:10:52,803 [om1-KeyDeletingService#0] INFO  utils.BackgroundService (AbstractKeyDeletingService.java:processKeyDeletes(119)) - Send 5 key(s) to SCM, first 5 keys: [BlockGroup[groupID='/testSnapshotDeepClean/bucket415/key428/-9223372036854716672', blockIDs=[conID: 1189214 locID: 1189214 bcsId: 0 replicaIndex: null, conID: 1189217 locID: 1189217 bcsId: 0 replicaIndex: null, conID: 1189219 locID: 1189219 bcsId: 0 replicaIndex: null]], BlockGroup[groupID='/testSnapshotDeepClean/bucket415/key429/-9223372036854714624', blockIDs=[conID: 1189223 locID: 1189223 bcsId: 0 replicaIndex: null, conID: 1189226 locID: 1189226 bcsId: 0 replicaIndex: null, conID: 1189228 locID: 1189228 bcsId: 0 replicaIndex: null]], BlockGroup[groupID='/testSnapshotDeepClean/bucket415/key430/-9223372036854712576', blockIDs=[conID: 1189232 locID: 1189232 bcsId: 0 replicaIndex: null, conID: 1189234 locID: 1189234 bcsId: 0 replicaIndex: null, conID: 1189236 locID: 1189236 bcsId: 0 replicaIndex: null]], BlockGroup[groupID='/testSnapshotDeepClean/bucket415/key431/-9223372036854710528', blockIDs=[conID: 1189240 locID: 1189240 bcsId: 0 replicaIndex: null, conID: 1189242 locID: 1189242 bcsId: 0 replicaIndex: null, conID: 1189244 locID: 1189244 bcsId: 0 replicaIndex: null]], BlockGroup[groupID='/testSnapshotDeepClean/bucket415/key432/-9223372036854708480', blockIDs=[conID: 1189248 locID: 1189248 bcsId: 0 replicaIndex: null, conID: 1189250 locID: 1189250 bcsId: 0 replicaIndex: null, conID: 1189252 locID: 1189252 bcsId: 0 replicaIndex: null]]]
2025-05-14 09:10:52,803 [om1-KeyDeletingService#0] INFO  utils.BackgroundService (AbstractKeyDeletingService.java:processKeyDeletes(124)) - 5 BlockGroup deletion are acked by SCM in 0 ms
2025-05-14 09:10:52,805 [om1-KeyDeletingService#0] INFO  utils.BackgroundService (AbstractKeyDeletingService.java:processKeyDeletes(132)) - Blocks for 5 (out of 5) keys are deleted from DB in 2 ms. Limit per task is 20000.
2025-05-14 09:10:52,806 [om1-OMStateMachineApplyTransactionThread - 0] INFO  snapshot.OMSnapshotSetPropertyRequest (OMSnapshotSetPropertyRequest.java:validateAndUpdateCache(104)) - Successfully executed snapshotSetPropertyRequest: {snapshotKey: "/testSnapshotDeepClean/bucket415/snap416"
deepCleanedDeletedKey: true
}.
2025-05-14 09:10:52,807 [om1-OMStateMachineApplyTransactionThread - 0] INFO  snapshot.OMSnapshotSetPropertyRequest (OMSnapshotSetPropertyRequest.java:validateAndUpdateCache(104)) - Successfully executed snapshotSetPropertyRequest: {snapshotKey: "/testSnapshotDeepClean/bucket415/snap427"
deepCleanedDeletedKey: true
}.
2025-05-14 09:10:52,808 [om1-OMStateMachineApplyTransactionThread - 0] INFO  snapshot.OMSnapshotSetPropertyRequest (OMSnapshotSetPropertyRequest.java:validateAndUpdateCache(104)) - Successfully executed snapshotSetPropertyRequest: {snapshotKey: "/testSnapshotDeepClean/bucket415/snap433"
deepCleanedDeletedKey: true
}.
2025-05-14 09:10:52,809 [om1-OMStateMachineApplyTransactionThread - 0] INFO  snapshot.OMSnapshotSetPropertyRequest (OMSnapshotSetPropertyRequest.java:validateAndUpdateCache(104)) - Successfully executed snapshotSetPropertyRequest: {snapshotKey: "/testSnapshotDeepClean/bucket415/snap427"
snapshotSize {
  exclusiveSize: 15000
  exclusiveReplicatedSize: 45000
}
}.
2025-05-14 09:10:53,487 [om1-SstFilteringService#0] WARN  server.ServerUtils (ServerUtils.java:getDBPath(292)) - ozone.om.db.dirs is not configured. We recommend adding this setting. Falling back to ozone.metadata.dirs instead.
2025-05-14 09:10:53,488 [om1-SstFilteringService#0] WARN  server.ServerUtils (ServerUtils.java:getDBPath(292)) - ozone.om.db.dirs is not configured. We recommend adding this setting. Falling back to ozone.metadata.dirs instead.
2025-05-14 09:10:53,488 [om1-SstFilteringService#0] WARN  server.ServerUtils (ServerUtils.java:getDBPath(292)) - ozone.om.db.dirs is not configured. We recommend adding this setting. Falling back to ozone.metadata.dirs instead.
2025-05-14 09:10:53,488 [om1-SstFilteringService#0] WARN  server.ServerUtils (ServerUtils.java:getDBPath(292)) - ozone.om.db.dirs is not configured. We recommend adding this setting. Falling back to ozone.metadata.dirs instead.
2025-05-14 09:10:53,488 [om1-SstFilteringService#0] WARN  server.ServerUtils (ServerUtils.java:getDBPath(292)) - ozone.om.db.dirs is not configured. We recommend adding this setting. Falling back to ozone.metadata.dirs instead.
2025-05-14 09:10:53,488 [om1-SstFilteringService#0] WARN  server.ServerUtils (ServerUtils.java:getDBPath(292)) - ozone.om.db.dirs is not configured. We recommend adding this setting. Falling back to ozone.metadata.dirs instead.
2025-05-14 09:10:53,488 [om1-SstFilteringService#0] WARN  server.ServerUtils (ServerUtils.java:getDBPath(292)) - ozone.om.db.dirs is not configured. We recommend adding this setting. Falling back to ozone.metadata.dirs instead.
2025-05-14 09:10:53,489 [om1-SstFilteringService#0] WARN  server.ServerUtils (ServerUtils.java:getDBPath(292)) - ozone.om.db.dirs is not configured. We recommend adding this setting. Falling back to ozone.metadata.dirs instead.
2025-05-14 09:10:53,707 [main] INFO  service.TestKeyDeletingService (TestKeyDeletingService.java:lambda$assertTableRowCount$1(751)) - deletedTable actual row count=11, expectedCount=11
2025-05-14 09:10:53,713 [om1-OMStateMachineApplyTransactionThread - 0] INFO  snapshot.OMSnapshotDeleteRequest (OMSnapshotDeleteRequest.java:validateAndUpdateCache(229)) - Deleted snapshot 'snap427' under path 'testSnapshotDeepClean/bucket415'
2025-05-14 09:10:53,714 [main] INFO  service.TestKeyDeletingService (TestKeyDeletingService.java:lambda$assertTableRowCount$1(751)) - snapshotInfoTable actual row count=8, expectedCount=7
2025-05-14 09:10:53,800 [om1-SnapshotDeletingService#0] INFO  service.SnapshotDeletingService (SnapshotDeletingService.java:call(169)) - Started Snapshot Deletion Processing for snapshot : /testSnapshotDeepClean/bucket415/snap427
2025-05-14 09:10:53,801 [om1-SnapshotDeletingService#0] INFO  service.SnapshotDeletingService (SnapshotDeletingService.java:call(186)) - Snapshot: /testSnapshotDeepClean/bucket415/snap427 entries will be moved to next active snapshot: /testSnapshotDeepClean/bucket415/snap433
2025-05-14 09:10:53,806 [om1-OMStateMachineApplyTransactionThread - 0] INFO  snapshot.OMSnapshotPurgeRequest (OMSnapshotPurgeRequest.java:validateAndUpdateCache(124)) - Successfully executed snapshotPurgeRequest: {snapshotDBKeys: "/testSnapshotDeepClean/bucket415/snap427"
} along with updating snapshots:{/testSnapshotDeepClean/bucket415/snap433=SnapshotInfo{snapshotId: 'b76b6d18-2e30-4d06-a7b2-cb819f12a7f7', name: 'snap433', volumeName: 'testSnapshotDeepClean', bucketName: 'bucket415', snapshotStatus: 'SNAPSHOT_ACTIVE', creationTime: '1747213851693', deletionTime: '-1', pathPreviousSnapshotId: 'd8f59f17-f915-4ad6-942f-39a3784c5dcd', globalPreviousSnapshotId: 'd8f59f17-f915-4ad6-942f-39a3784c5dcd', snapshotPath: 'testSnapshotDeepClean/bucket415', checkpointDir: '-b76b6d18-2e30-4d06-a7b2-cb819f12a7f7', dbTxSequenceNumber: '420', deepClean: 'false', sstFiltered: 'false', referencedSize: '-12079580520', referencedReplicatedSize: '-36238741560', exclusiveSize: '0', exclusiveReplicatedSize: '0', deepCleanedDeletedDir: 'false', lastTransactionInfo: '<ByteString@2a901105 size=5>'}}.
2025-05-14 09:10:53,902 [om1-KeyDeletingService#0] INFO  utils.BackgroundService (AbstractKeyDeletingService.java:processKeyDeletes(119)) - Send 10 key(s) to SCM, first 10 keys: [BlockGroup[groupID='/testSnapshotDeepClean/bucket415/key417/-9223372036854737664', blockIDs=[conID: 1188078 locID: 1188078 bcsId: 0 replicaIndex: null, conID: 1188081 locID: 1188081 bcsId: 0 replicaIndex: null, conID: 1188084 locID: 1188084 bcsId: 0 replicaIndex: null]], BlockGroup[groupID='/testSnapshotDeepClean/bucket415/key418/-9223372036854735616', blockIDs=[conID: 1188090 locID: 1188090 bcsId: 0 replicaIndex: null, conID: 1188092 locID: 1188092 bcsId: 0 replicaIndex: null, conID: 1188109 locID: 1188109 bcsId: 0 replicaIndex: null]], BlockGroup[groupID='/testSnapshotDeepClean/bucket415/key419/-9223372036854733568', blockIDs=[conID: 1188114 locID: 1188114 bcsId: 0 replicaIndex: null, conID: 1188117 locID: 1188117 bcsId: 0 replicaIndex: null, conID: 1188119 locID: 1188119 bcsId: 0 replicaIndex: null]], BlockGroup[groupID='/testSnapshotDeepClean/bucket415/key420/-9223372036854731520', blockIDs=[conID: 1188125 locID: 1188125 bcsId: 0 replicaIndex: null, conID: 1188128 locID: 1188128 bcsId: 0 replicaIndex: null, conID: 1188130 locID: 1188130 bcsId: 0 replicaIndex: null]], BlockGroup[groupID='/testSnapshotDeepClean/bucket415/key421/-9223372036854729472', blockIDs=[conID: 1188134 locID: 1188134 bcsId: 0 replicaIndex: null, conID: 1188137 locID: 1188137 bcsId: 0 replicaIndex: null, conID: 1188139 locID: 1188139 bcsId: 0 replicaIndex: null]], BlockGroup[groupID='/testSnapshotDeepClean/bucket415/key422/-9223372036854727424', blockIDs=[conID: 1188144 locID: 1188144 bcsId: 0 replicaIndex: null, conID: 1188146 locID: 1188146 bcsId: 0 replicaIndex: null, conID: 1188148 locID: 1188148 bcsId: 0 replicaIndex: null]], BlockGroup[groupID='/testSnapshotDeepClean/bucket415/key423/-9223372036854725376', blockIDs=[conID: 1188152 locID: 1188152 bcsId: 0 replicaIndex: null, conID: 1188154 locID: 1188154 bcsId: 0 replicaIndex: null, conID: 1188157 locID: 1188157 bcsId: 0 replicaIndex: null]], BlockGroup[groupID='/testSnapshotDeepClean/bucket415/key424/-9223372036854723328', blockIDs=[conID: 1188162 locID: 1188162 bcsId: 0 replicaIndex: null, conID: 1188165 locID: 1188165 bcsId: 0 replicaIndex: null, conID: 1188168 locID: 1188168 bcsId: 0 replicaIndex: null]], BlockGroup[groupID='/testSnapshotDeepClean/bucket415/key425/-9223372036854721280', blockIDs=[conID: 1188173 locID: 1188173 bcsId: 0 replicaIndex: null, conID: 1188176 locID: 1188176 bcsId: 0 replicaIndex: null, conID: 1188179 locID: 1188179 bcsId: 0 replicaIndex: null]], BlockGroup[groupID='/testSnapshotDeepClean/bucket415/key426/-9223372036854719232', blockIDs=[conID: 1188184 locID: 1188184 bcsId: 0 replicaIndex: null, conID: 1188187 locID: 1188187 bcsId: 0 replicaIndex: null, conID: 1188189 locID: 1188189 bcsId: 0 replicaIndex: null]]]
2025-05-14 09:10:53,902 [om1-KeyDeletingService#0] INFO  utils.BackgroundService (AbstractKeyDeletingService.java:processKeyDeletes(124)) - 10 BlockGroup deletion are acked by SCM in 1 ms
2025-05-14 09:10:53,903 [om1-KeyDeletingService#0] INFO  utils.BackgroundService (AbstractKeyDeletingService.java:processKeyDeletes(132)) - Blocks for 10 (out of 10) keys are deleted from DB in 1 ms. Limit per task is 20000.
2025-05-14 09:10:53,904 [om1-OMStateMachineApplyTransactionThread - 0] INFO  snapshot.OMSnapshotSetPropertyRequest (OMSnapshotSetPropertyRequest.java:validateAndUpdateCache(104)) - Successfully executed snapshotSetPropertyRequest: {snapshotKey: "/testSnapshotDeepClean/bucket415/snap433"
deepCleanedDeletedKey: true
}.
2025-05-14 09:10:53,905 [om1-OMStateMachineApplyTransactionThread - 0] INFO  snapshot.OMSnapshotSetPropertyRequest (OMSnapshotSetPropertyRequest.java:validateAndUpdateCache(104)) - Successfully executed snapshotSetPropertyRequest: {snapshotKey: "/testSnapshotDeepClean/bucket415/snap416"
snapshotSize {
  exclusiveSize: 10000
  exclusiveReplicatedSize: 30000
}
}.
2025-05-14 09:10:54,487 [om1-SstFilteringService#0] WARN  server.ServerUtils (ServerUtils.java:getDBPath(292)) - ozone.om.db.dirs is not configured. We recommend adding this setting. Falling back to ozone.metadata.dirs instead.
2025-05-14 09:10:54,488 [om1-SstFilteringService#0] WARN  server.ServerUtils (ServerUtils.java:getDBPath(292)) - ozone.om.db.dirs is not configured. We recommend adding this setting. Falling back to ozone.metadata.dirs instead.
2025-05-14 09:10:54,488 [om1-SstFilteringService#0] WARN  server.ServerUtils (ServerUtils.java:getDBPath(292)) - ozone.om.db.dirs is not configured. We recommend adding this setting. Falling back to ozone.metadata.dirs instead.
2025-05-14 09:10:54,488 [om1-SstFilteringService#0] WARN  server.ServerUtils (ServerUtils.java:getDBPath(292)) - ozone.om.db.dirs is not configured. We recommend adding this setting. Falling back to ozone.metadata.dirs instead.
2025-05-14 09:10:54,488 [om1-SstFilteringService#0] WARN  server.ServerUtils (ServerUtils.java:getDBPath(292)) - ozone.om.db.dirs is not configured. We recommend adding this setting. Falling back to ozone.metadata.dirs instead.
2025-05-14 09:10:54,488 [om1-SstFilteringService#0] WARN  server.ServerUtils (ServerUtils.java:getDBPath(292)) - ozone.om.db.dirs is not configured. We recommend adding this setting. Falling back to ozone.metadata.dirs instead.
2025-05-14 09:10:54,488 [om1-SstFilteringService#0] WARN  server.ServerUtils (ServerUtils.java:getDBPath(292)) - ozone.om.db.dirs is not configured. We recommend adding this setting. Falling back to ozone.metadata.dirs instead.
2025-05-14 09:10:54,714 [main] INFO  service.TestKeyDeletingService (TestKeyDeletingService.java:lambda$assertTableRowCount$1(751)) - snapshotInfoTable actual row count=7, expectedCount=7
2025-05-14 09:10:54,715 [main] INFO  service.TestKeyDeletingService (TestKeyDeletingService.java:lambda$assertTableRowCount$1(751)) - deletedTable actual row count=1, expectedCount=1
2025-05-14 09:10:54,715 [main] INFO  service.TestKeyDeletingService (TestKeyDeletingService.java:lambda$assertTableRowCount$1(751)) - deletedTable actual row count=1, expectedCount=1
]]></system-out>
  </testcase>
  <testcase name="checkIfDeleteServiceIsDeletingKeys" classname="org.apache.hadoop.ozone.om.service.TestKeyDeletingService$Normal" time="0.731">
    <failure message="&#10;Expecting empty but was: [BlockGroup[groupID=&apos;/checkIfDeleteServiceIsDeletingKeys/bucket626/key627/-9223372036854543104&apos;, blockIDs=[conID: 1192887 locID: 1192887 bcsId: 0 replicaIndex: null]],&#10;    BlockGroup[groupID=&apos;/checkIfDeleteServiceIsDeletingKeys/bucket628/key629/-9223372036854541056&apos;, blockIDs=[conID: 1192895 locID: 1192895 bcsId: 0 replicaIndex: null]],&#10;    BlockGroup[groupID=&apos;/checkIfDeleteServiceIsDeletingKeys/bucket630/key631/-9223372036854539520&apos;, blockIDs=[conID: 1192902 locID: 1192902 bcsId: 0 replicaIndex: null]],&#10;    BlockGroup[groupID=&apos;/checkIfDeleteServiceIsDeletingKeys/bucket632/key633/-9223372036854537984&apos;, blockIDs=[conID: 1192907 locID: 1192907 bcsId: 0 replicaIndex: null]]]" type="java.lang.AssertionError"><![CDATA[java.lang.AssertionError: 

Expecting empty but was: [BlockGroup[groupID='/checkIfDeleteServiceIsDeletingKeys/bucket626/key627/-9223372036854543104', blockIDs=[conID: 1192887 locID: 1192887 bcsId: 0 replicaIndex: null]],
    BlockGroup[groupID='/checkIfDeleteServiceIsDeletingKeys/bucket628/key629/-9223372036854541056', blockIDs=[conID: 1192895 locID: 1192895 bcsId: 0 replicaIndex: null]],
    BlockGroup[groupID='/checkIfDeleteServiceIsDeletingKeys/bucket630/key631/-9223372036854539520', blockIDs=[conID: 1192902 locID: 1192902 bcsId: 0 replicaIndex: null]],
    BlockGroup[groupID='/checkIfDeleteServiceIsDeletingKeys/bucket632/key633/-9223372036854537984', blockIDs=[conID: 1192907 locID: 1192907 bcsId: 0 replicaIndex: null]]]
	at org.apache.hadoop.ozone.om.service.TestKeyDeletingService$Normal.checkIfDeleteServiceIsDeletingKeys(TestKeyDeletingService.java:200)
	at java.base/java.lang.reflect.Method.invoke(Method.java:580)
	at java.base/java.util.ArrayList.forEach(ArrayList.java:1596)
	at java.base/java.util.ArrayList.forEach(ArrayList.java:1596)
	at java.base/java.util.ArrayList.forEach(ArrayList.java:1596)
]]></failure>
    <system-out><![CDATA[2025-05-14 09:10:54,802 [om1-KeyDeletingService#0] INFO  utils.BackgroundService (AbstractKeyDeletingService.java:processKeyDeletes(119)) - Send 13 key(s) to SCM, first 10 keys: [BlockGroup[groupID='/checkIfDeleteServiceIsDeletingKeys/bucket434/key435/-9223372036854693120', blockIDs=[conID: 1192307 locID: 1192307 bcsId: 0 replicaIndex: null]], BlockGroup[groupID='/checkIfDeleteServiceIsDeletingKeys/bucket436/key437/-9223372036854691584', blockIDs=[conID: 1192314 locID: 1192314 bcsId: 0 replicaIndex: null]], BlockGroup[groupID='/checkIfDeleteServiceIsDeletingKeys/bucket438/key439/-9223372036854690048', blockIDs=[conID: 1192320 locID: 1192320 bcsId: 0 replicaIndex: null]], BlockGroup[groupID='/checkIfDeleteServiceIsDeletingKeys/bucket440/key441/-9223372036854688512', blockIDs=[conID: 1192325 locID: 1192325 bcsId: 0 replicaIndex: null]], BlockGroup[groupID='/checkIfDeleteServiceIsDeletingKeys/bucket442/key443/-9223372036854686976', blockIDs=[conID: 1192331 locID: 1192331 bcsId: 0 replicaIndex: null]], BlockGroup[groupID='/checkIfDeleteServiceIsDeletingKeys/bucket444/key445/-9223372036854685440', blockIDs=[conID: 1192337 locID: 1192337 bcsId: 0 replicaIndex: null]], BlockGroup[groupID='/checkIfDeleteServiceIsDeletingKeys/bucket446/key447/-9223372036854683904', blockIDs=[conID: 1192344 locID: 1192344 bcsId: 0 replicaIndex: null]], BlockGroup[groupID='/checkIfDeleteServiceIsDeletingKeys/bucket448/key449/-9223372036854682368', blockIDs=[conID: 1192352 locID: 1192352 bcsId: 0 replicaIndex: null]], BlockGroup[groupID='/checkIfDeleteServiceIsDeletingKeys/bucket450/key451/-9223372036854680832', blockIDs=[conID: 1192359 locID: 1192359 bcsId: 0 replicaIndex: null]], BlockGroup[groupID='/checkIfDeleteServiceIsDeletingKeys/bucket452/key453/-9223372036854679296', blockIDs=[conID: 1192365 locID: 1192365 bcsId: 0 replicaIndex: null]]]
2025-05-14 09:10:54,802 [om1-KeyDeletingService#0] INFO  utils.BackgroundService (AbstractKeyDeletingService.java:processKeyDeletes(124)) - 13 BlockGroup deletion are acked by SCM in 0 ms
2025-05-14 09:10:54,804 [om1-KeyDeletingService#0] INFO  utils.BackgroundService (AbstractKeyDeletingService.java:processKeyDeletes(132)) - Blocks for 13 (out of 13) keys are deleted from DB in 2 ms. Limit per task is 20000.
2025-05-14 09:10:54,902 [om1-KeyDeletingService#0] INFO  utils.BackgroundService (AbstractKeyDeletingService.java:processKeyDeletes(119)) - Send 16 key(s) to SCM, first 10 keys: [BlockGroup[groupID='/checkIfDeleteServiceIsDeletingKeys/bucket460/key461/-9223372036854673152', blockIDs=[conID: 1192390 locID: 1192390 bcsId: 0 replicaIndex: null]], BlockGroup[groupID='/checkIfDeleteServiceIsDeletingKeys/bucket462/key463/-9223372036854671104', blockIDs=[conID: 1192396 locID: 1192396 bcsId: 0 replicaIndex: null]], BlockGroup[groupID='/checkIfDeleteServiceIsDeletingKeys/bucket464/key465/-9223372036854669568', blockIDs=[conID: 1192403 locID: 1192403 bcsId: 0 replicaIndex: null]], BlockGroup[groupID='/checkIfDeleteServiceIsDeletingKeys/bucket466/key467/-9223372036854668032', blockIDs=[conID: 1192409 locID: 1192409 bcsId: 0 replicaIndex: null]], BlockGroup[groupID='/checkIfDeleteServiceIsDeletingKeys/bucket468/key469/-9223372036854666496', blockIDs=[conID: 1192415 locID: 1192415 bcsId: 0 replicaIndex: null]], BlockGroup[groupID='/checkIfDeleteServiceIsDeletingKeys/bucket470/key471/-9223372036854664960', blockIDs=[conID: 1192421 locID: 1192421 bcsId: 0 replicaIndex: null]], BlockGroup[groupID='/checkIfDeleteServiceIsDeletingKeys/bucket472/key473/-9223372036854663424', blockIDs=[conID: 1192426 locID: 1192426 bcsId: 0 replicaIndex: null]], BlockGroup[groupID='/checkIfDeleteServiceIsDeletingKeys/bucket474/key475/-9223372036854661888', blockIDs=[conID: 1192432 locID: 1192432 bcsId: 0 replicaIndex: null]], BlockGroup[groupID='/checkIfDeleteServiceIsDeletingKeys/bucket476/key477/-9223372036854660352', blockIDs=[conID: 1192437 locID: 1192437 bcsId: 0 replicaIndex: null]], BlockGroup[groupID='/checkIfDeleteServiceIsDeletingKeys/bucket478/key479/-9223372036854658816', blockIDs=[conID: 1192443 locID: 1192443 bcsId: 0 replicaIndex: null]]]
2025-05-14 09:10:54,902 [om1-KeyDeletingService#0] INFO  utils.BackgroundService (AbstractKeyDeletingService.java:processKeyDeletes(124)) - 16 BlockGroup deletion are acked by SCM in 0 ms
2025-05-14 09:10:54,904 [om1-KeyDeletingService#0] INFO  utils.BackgroundService (AbstractKeyDeletingService.java:processKeyDeletes(132)) - Blocks for 16 (out of 16) keys are deleted from DB in 2 ms. Limit per task is 20000.
2025-05-14 09:10:55,002 [om1-KeyDeletingService#0] INFO  utils.BackgroundService (AbstractKeyDeletingService.java:processKeyDeletes(119)) - Send 17 key(s) to SCM, first 10 keys: [BlockGroup[groupID='/checkIfDeleteServiceIsDeletingKeys/bucket492/key493/-9223372036854648064', blockIDs=[conID: 1192489 locID: 1192489 bcsId: 0 replicaIndex: null]], BlockGroup[groupID='/checkIfDeleteServiceIsDeletingKeys/bucket494/key495/-9223372036854646016', blockIDs=[conID: 1192497 locID: 1192497 bcsId: 0 replicaIndex: null]], BlockGroup[groupID='/checkIfDeleteServiceIsDeletingKeys/bucket496/key497/-9223372036854644480', blockIDs=[conID: 1192503 locID: 1192503 bcsId: 0 replicaIndex: null]], BlockGroup[groupID='/checkIfDeleteServiceIsDeletingKeys/bucket498/key499/-9223372036854642944', blockIDs=[conID: 1192508 locID: 1192508 bcsId: 0 replicaIndex: null]], BlockGroup[groupID='/checkIfDeleteServiceIsDeletingKeys/bucket500/key501/-9223372036854641408', blockIDs=[conID: 1192514 locID: 1192514 bcsId: 0 replicaIndex: null]], BlockGroup[groupID='/checkIfDeleteServiceIsDeletingKeys/bucket502/key503/-9223372036854639872', blockIDs=[conID: 1192519 locID: 1192519 bcsId: 0 replicaIndex: null]], BlockGroup[groupID='/checkIfDeleteServiceIsDeletingKeys/bucket504/key505/-9223372036854638336', blockIDs=[conID: 1192525 locID: 1192525 bcsId: 0 replicaIndex: null]], BlockGroup[groupID='/checkIfDeleteServiceIsDeletingKeys/bucket506/key507/-9223372036854636800', blockIDs=[conID: 1192532 locID: 1192532 bcsId: 0 replicaIndex: null]], BlockGroup[groupID='/checkIfDeleteServiceIsDeletingKeys/bucket508/key509/-9223372036854635264', blockIDs=[conID: 1192538 locID: 1192538 bcsId: 0 replicaIndex: null]], BlockGroup[groupID='/checkIfDeleteServiceIsDeletingKeys/bucket510/key511/-9223372036854633728', blockIDs=[conID: 1192543 locID: 1192543 bcsId: 0 replicaIndex: null]]]
2025-05-14 09:10:55,003 [om1-KeyDeletingService#0] INFO  utils.BackgroundService (AbstractKeyDeletingService.java:processKeyDeletes(124)) - 17 BlockGroup deletion are acked by SCM in 0 ms
2025-05-14 09:10:55,005 [om1-KeyDeletingService#0] INFO  utils.BackgroundService (AbstractKeyDeletingService.java:processKeyDeletes(132)) - Blocks for 17 (out of 17) keys are deleted from DB in 2 ms. Limit per task is 20000.
2025-05-14 09:10:55,103 [om1-KeyDeletingService#0] INFO  utils.BackgroundService (AbstractKeyDeletingService.java:processKeyDeletes(119)) - Send 16 key(s) to SCM, first 10 keys: [BlockGroup[groupID='/checkIfDeleteServiceIsDeletingKeys/bucket526/key527/-9223372036854621440', blockIDs=[conID: 1192586 locID: 1192586 bcsId: 0 replicaIndex: null]], BlockGroup[groupID='/checkIfDeleteServiceIsDeletingKeys/bucket528/key529/-9223372036854619392', blockIDs=[conID: 1192594 locID: 1192594 bcsId: 0 replicaIndex: null]], BlockGroup[groupID='/checkIfDeleteServiceIsDeletingKeys/bucket530/key531/-9223372036854617856', blockIDs=[conID: 1192601 locID: 1192601 bcsId: 0 replicaIndex: null]], BlockGroup[groupID='/checkIfDeleteServiceIsDeletingKeys/bucket532/key533/-9223372036854616320', blockIDs=[conID: 1192607 locID: 1192607 bcsId: 0 replicaIndex: null]], BlockGroup[groupID='/checkIfDeleteServiceIsDeletingKeys/bucket534/key535/-9223372036854614784', blockIDs=[conID: 1192614 locID: 1192614 bcsId: 0 replicaIndex: null]], BlockGroup[groupID='/checkIfDeleteServiceIsDeletingKeys/bucket536/key537/-9223372036854613248', blockIDs=[conID: 1192621 locID: 1192621 bcsId: 0 replicaIndex: null]], BlockGroup[groupID='/checkIfDeleteServiceIsDeletingKeys/bucket538/key539/-9223372036854611712', blockIDs=[conID: 1192626 locID: 1192626 bcsId: 0 replicaIndex: null]], BlockGroup[groupID='/checkIfDeleteServiceIsDeletingKeys/bucket540/key541/-9223372036854610176', blockIDs=[conID: 1192632 locID: 1192632 bcsId: 0 replicaIndex: null]], BlockGroup[groupID='/checkIfDeleteServiceIsDeletingKeys/bucket542/key543/-9223372036854608640', blockIDs=[conID: 1192638 locID: 1192638 bcsId: 0 replicaIndex: null]], BlockGroup[groupID='/checkIfDeleteServiceIsDeletingKeys/bucket544/key545/-9223372036854607104', blockIDs=[conID: 1192644 locID: 1192644 bcsId: 0 replicaIndex: null]]]
2025-05-14 09:10:55,103 [om1-KeyDeletingService#0] INFO  utils.BackgroundService (AbstractKeyDeletingService.java:processKeyDeletes(124)) - 16 BlockGroup deletion are acked by SCM in 0 ms
2025-05-14 09:10:55,105 [om1-KeyDeletingService#0] INFO  utils.BackgroundService (AbstractKeyDeletingService.java:processKeyDeletes(132)) - Blocks for 16 (out of 16) keys are deleted from DB in 2 ms. Limit per task is 20000.
2025-05-14 09:10:55,203 [om1-KeyDeletingService#0] INFO  utils.BackgroundService (AbstractKeyDeletingService.java:processKeyDeletes(119)) - Send 16 key(s) to SCM, first 10 keys: [BlockGroup[groupID='/checkIfDeleteServiceIsDeletingKeys/bucket558/key559/-9223372036854596352', blockIDs=[conID: 1192689 locID: 1192689 bcsId: 0 replicaIndex: null]], BlockGroup[groupID='/checkIfDeleteServiceIsDeletingKeys/bucket560/key561/-9223372036854594304', blockIDs=[conID: 1192696 locID: 1192696 bcsId: 0 replicaIndex: null]], BlockGroup[groupID='/checkIfDeleteServiceIsDeletingKeys/bucket562/key563/-9223372036854592768', blockIDs=[conID: 1192703 locID: 1192703 bcsId: 0 replicaIndex: null]], BlockGroup[groupID='/checkIfDeleteServiceIsDeletingKeys/bucket564/key565/-9223372036854591232', blockIDs=[conID: 1192710 locID: 1192710 bcsId: 0 replicaIndex: null]], BlockGroup[groupID='/checkIfDeleteServiceIsDeletingKeys/bucket566/key567/-9223372036854589696', blockIDs=[conID: 1192716 locID: 1192716 bcsId: 0 replicaIndex: null]], BlockGroup[groupID='/checkIfDeleteServiceIsDeletingKeys/bucket568/key569/-9223372036854588160', blockIDs=[conID: 1192721 locID: 1192721 bcsId: 0 replicaIndex: null]], BlockGroup[groupID='/checkIfDeleteServiceIsDeletingKeys/bucket570/key571/-9223372036854586624', blockIDs=[conID: 1192727 locID: 1192727 bcsId: 0 replicaIndex: null]], BlockGroup[groupID='/checkIfDeleteServiceIsDeletingKeys/bucket572/key573/-9223372036854585088', blockIDs=[conID: 1192732 locID: 1192732 bcsId: 0 replicaIndex: null]], BlockGroup[groupID='/checkIfDeleteServiceIsDeletingKeys/bucket574/key575/-9223372036854583552', blockIDs=[conID: 1192737 locID: 1192737 bcsId: 0 replicaIndex: null]], BlockGroup[groupID='/checkIfDeleteServiceIsDeletingKeys/bucket576/key577/-9223372036854582016', blockIDs=[conID: 1192744 locID: 1192744 bcsId: 0 replicaIndex: null]]]
2025-05-14 09:10:55,203 [om1-KeyDeletingService#0] INFO  utils.BackgroundService (AbstractKeyDeletingService.java:processKeyDeletes(124)) - 16 BlockGroup deletion are acked by SCM in 1 ms
2025-05-14 09:10:55,205 [om1-KeyDeletingService#0] INFO  utils.BackgroundService (AbstractKeyDeletingService.java:processKeyDeletes(132)) - Blocks for 16 (out of 16) keys are deleted from DB in 2 ms. Limit per task is 20000.
2025-05-14 09:10:55,303 [om1-KeyDeletingService#0] INFO  utils.BackgroundService (AbstractKeyDeletingService.java:processKeyDeletes(119)) - Send 18 key(s) to SCM, first 10 keys: [BlockGroup[groupID='/checkIfDeleteServiceIsDeletingKeys/bucket590/key591/-9223372036854571264', blockIDs=[conID: 1192785 locID: 1192785 bcsId: 0 replicaIndex: null]], BlockGroup[groupID='/checkIfDeleteServiceIsDeletingKeys/bucket592/key593/-9223372036854569216', blockIDs=[conID: 1192792 locID: 1192792 bcsId: 0 replicaIndex: null]], BlockGroup[groupID='/checkIfDeleteServiceIsDeletingKeys/bucket594/key595/-9223372036854567680', blockIDs=[conID: 1192799 locID: 1192799 bcsId: 0 replicaIndex: null]], BlockGroup[groupID='/checkIfDeleteServiceIsDeletingKeys/bucket596/key597/-9223372036854566144', blockIDs=[conID: 1192804 locID: 1192804 bcsId: 0 replicaIndex: null]], BlockGroup[groupID='/checkIfDeleteServiceIsDeletingKeys/bucket598/key599/-9223372036854564608', blockIDs=[conID: 1192809 locID: 1192809 bcsId: 0 replicaIndex: null]], BlockGroup[groupID='/checkIfDeleteServiceIsDeletingKeys/bucket600/key601/-9223372036854563072', blockIDs=[conID: 1192815 locID: 1192815 bcsId: 0 replicaIndex: null]], BlockGroup[groupID='/checkIfDeleteServiceIsDeletingKeys/bucket602/key603/-9223372036854561536', blockIDs=[conID: 1192820 locID: 1192820 bcsId: 0 replicaIndex: null]], BlockGroup[groupID='/checkIfDeleteServiceIsDeletingKeys/bucket604/key605/-9223372036854560000', blockIDs=[conID: 1192825 locID: 1192825 bcsId: 0 replicaIndex: null]], BlockGroup[groupID='/checkIfDeleteServiceIsDeletingKeys/bucket606/key607/-9223372036854558464', blockIDs=[conID: 1192830 locID: 1192830 bcsId: 0 replicaIndex: null]], BlockGroup[groupID='/checkIfDeleteServiceIsDeletingKeys/bucket608/key609/-9223372036854556928', blockIDs=[conID: 1192836 locID: 1192836 bcsId: 0 replicaIndex: null]]]
2025-05-14 09:10:55,303 [om1-KeyDeletingService#0] INFO  utils.BackgroundService (AbstractKeyDeletingService.java:processKeyDeletes(124)) - 18 BlockGroup deletion are acked by SCM in 1 ms
2025-05-14 09:10:55,305 [om1-KeyDeletingService#0] INFO  utils.BackgroundService (AbstractKeyDeletingService.java:processKeyDeletes(132)) - Blocks for 18 (out of 18) keys are deleted from DB in 2 ms. Limit per task is 20000.
2025-05-14 09:10:55,411 [om1-KeyDeletingService#0] INFO  utils.BackgroundService (AbstractKeyDeletingService.java:processKeyDeletes(119)) - Send 4 key(s) to SCM, first 4 keys: [BlockGroup[groupID='/checkIfDeleteServiceIsDeletingKeys/bucket626/key627/-9223372036854543104', blockIDs=[conID: 1192887 locID: 1192887 bcsId: 0 replicaIndex: null]], BlockGroup[groupID='/checkIfDeleteServiceIsDeletingKeys/bucket628/key629/-9223372036854541056', blockIDs=[conID: 1192895 locID: 1192895 bcsId: 0 replicaIndex: null]], BlockGroup[groupID='/checkIfDeleteServiceIsDeletingKeys/bucket630/key631/-9223372036854539520', blockIDs=[conID: 1192902 locID: 1192902 bcsId: 0 replicaIndex: null]], BlockGroup[groupID='/checkIfDeleteServiceIsDeletingKeys/bucket632/key633/-9223372036854537984', blockIDs=[conID: 1192907 locID: 1192907 bcsId: 0 replicaIndex: null]]]
2025-05-14 09:10:55,411 [om1-KeyDeletingService#0] INFO  utils.BackgroundService (AbstractKeyDeletingService.java:processKeyDeletes(124)) - 4 BlockGroup deletion are acked by SCM in 1 ms
2025-05-14 09:10:55,425 [om1-KeyDeletingService#0] INFO  utils.BackgroundService (AbstractKeyDeletingService.java:processKeyDeletes(132)) - Blocks for 4 (out of 4) keys are deleted from DB in 13 ms. Limit per task is 20000.
]]></system-out>
  </testcase>
  <testcase name="testAOSKeyDeletingWithSnapshotCreateParallelExecution" classname="org.apache.hadoop.ozone.om.service.TestKeyDeletingService$Normal" time="3.753">
    <system-out><![CDATA[2025-05-14 09:10:55,489 [om1-SstFilteringService#0] WARN  server.ServerUtils (ServerUtils.java:getDBPath(292)) - ozone.om.db.dirs is not configured. We recommend adding this setting. Falling back to ozone.metadata.dirs instead.
2025-05-14 09:10:55,504 [om1-SstFilteringService#0] WARN  server.ServerUtils (ServerUtils.java:getDBPath(292)) - ozone.om.db.dirs is not configured. We recommend adding this setting. Falling back to ozone.metadata.dirs instead.
2025-05-14 09:10:55,505 [om1-SstFilteringService#0] WARN  server.ServerUtils (ServerUtils.java:getDBPath(292)) - ozone.om.db.dirs is not configured. We recommend adding this setting. Falling back to ozone.metadata.dirs instead.
2025-05-14 09:10:55,507 [om1-SstFilteringService#0] WARN  server.ServerUtils (ServerUtils.java:getDBPath(292)) - ozone.om.db.dirs is not configured. We recommend adding this setting. Falling back to ozone.metadata.dirs instead.
2025-05-14 09:10:55,507 [om1-SstFilteringService#0] WARN  server.ServerUtils (ServerUtils.java:getDBPath(292)) - ozone.om.db.dirs is not configured. We recommend adding this setting. Falling back to ozone.metadata.dirs instead.
2025-05-14 09:10:55,507 [om1-SstFilteringService#0] WARN  server.ServerUtils (ServerUtils.java:getDBPath(292)) - ozone.om.db.dirs is not configured. We recommend adding this setting. Falling back to ozone.metadata.dirs instead.
2025-05-14 09:10:55,507 [om1-SstFilteringService#0] WARN  server.ServerUtils (ServerUtils.java:getDBPath(292)) - ozone.om.db.dirs is not configured. We recommend adding this setting. Falling back to ozone.metadata.dirs instead.
2025-05-14 09:10:56,110 [main] INFO  utils.BackgroundService (BackgroundService.java:shutdown(160)) - Shutting down service KeyDeletingService
2025-05-14 09:10:56,145 [om1-OMStateMachineApplyTransactionThread - 0] WARN  snapshot.OMSnapshotCreateRequest (OMSnapshotCreateRequest.java:estimateBucketDataSize(347)) - DefaultReplicationConfig is not correctly set in OmBucketInfo for volume 'testAOSKeyDeletingWithSnapshotCreateParallelExecution' bucket 'bucket634'. Falling back to config default 'RATIS/THREE'
2025-05-14 09:10:56,145 [om1-OMStateMachineApplyTransactionThread - 0] INFO  snapshot.OMSnapshotCreateRequest (OMSnapshotCreateRequest.java:validateAndUpdateCache(225)) - Created snapshot: 'snap635' with snapshotId: 'a420a065-c993-4dbe-bbd2-ebc0f5b81f39' under path 'testAOSKeyDeletingWithSnapshotCreateParallelExecution/bucket634'
2025-05-14 09:10:56,162 [main] INFO  service.TestKeyDeletingService (TestKeyDeletingService.java:lambda$assertTableRowCount$1(751)) - deletedTable actual row count=1, expectedCount=2
2025-05-14 09:10:56,173 [om1-OMDoubleBufferFlushThread] INFO  db.RDBCheckpointManager (RDBCheckpointManager.java:createCheckpoint(87)) - Created checkpoint in rocksDB at /tmp/junit-15133004818853595098/db.snapshots/checkpointState/om.db-a420a065-c993-4dbe-bbd2-ebc0f5b81f39 in 26 milliseconds
2025-05-14 09:10:56,174 [om1-OMDoubleBufferFlushThread] INFO  om.OmSnapshotManager (OmSnapshotManager.java:createOmSnapshotCheckpoint(497)) - Created checkpoint : /tmp/junit-15133004818853595098/db.snapshots/checkpointState/om.db-a420a065-c993-4dbe-bbd2-ebc0f5b81f39 for snapshot snap635
2025-05-14 09:10:56,489 [om1-SstFilteringService#0] WARN  server.ServerUtils (ServerUtils.java:getDBPath(292)) - ozone.om.db.dirs is not configured. We recommend adding this setting. Falling back to ozone.metadata.dirs instead.
2025-05-14 09:10:56,489 [om1-SstFilteringService#0] WARN  server.ServerUtils (ServerUtils.java:getDBPath(292)) - ozone.om.db.dirs is not configured. We recommend adding this setting. Falling back to ozone.metadata.dirs instead.
2025-05-14 09:10:56,490 [om1-SstFilteringService#0] INFO  snapshot.SnapshotCache (SnapshotCache.java:lambda$2(155)) - Loading SnapshotId: 'a420a065-c993-4dbe-bbd2-ebc0f5b81f39'
2025-05-14 09:10:56,490 [om1-SstFilteringService#0] WARN  server.ServerUtils (ServerUtils.java:getDBPath(292)) - ozone.om.db.dirs is not configured. We recommend adding this setting. Falling back to ozone.metadata.dirs instead.
2025-05-14 09:10:56,518 [om1-SstFilteringService#0] INFO  db.RocksDatabase (RocksDatabase.java:deleteFilesNotMatchingPrefix(870)) - Deleting sst file: /000085.sst with start key: /testSnapshotExclusiveSize/bucket408/key4095 and end key: /testSnapshotExclusiveSize/bucket408/renamedKey22 corresponding to column family keyTable from db: /tmp/junit-15133004818853595098/db.snapshots/checkpointState/om.db-a420a065-c993-4dbe-bbd2-ebc0f5b81f39. Prefix for the column family: /testAOSKeyDeletingWithSnapshotCreateParallelExecution/bucket634/.
2025-05-14 09:10:56,519 [om1-SstFilteringService#0] WARN  server.ServerUtils (ServerUtils.java:getDBPath(292)) - ozone.om.db.dirs is not configured. We recommend adding this setting. Falling back to ozone.metadata.dirs instead.
2025-05-14 09:10:56,520 [om1-SstFilteringService#0] WARN  server.ServerUtils (ServerUtils.java:getDBPath(292)) - ozone.om.db.dirs is not configured. We recommend adding this setting. Falling back to ozone.metadata.dirs instead.
2025-05-14 09:10:56,520 [om1-SstFilteringService#0] WARN  server.ServerUtils (ServerUtils.java:getDBPath(292)) - ozone.om.db.dirs is not configured. We recommend adding this setting. Falling back to ozone.metadata.dirs instead.
2025-05-14 09:10:56,520 [om1-SstFilteringService#0] WARN  server.ServerUtils (ServerUtils.java:getDBPath(292)) - ozone.om.db.dirs is not configured. We recommend adding this setting. Falling back to ozone.metadata.dirs instead.
2025-05-14 09:10:56,520 [om1-SstFilteringService#0] WARN  server.ServerUtils (ServerUtils.java:getDBPath(292)) - ozone.om.db.dirs is not configured. We recommend adding this setting. Falling back to ozone.metadata.dirs instead.
2025-05-14 09:10:56,520 [om1-SstFilteringService#0] WARN  server.ServerUtils (ServerUtils.java:getDBPath(292)) - ozone.om.db.dirs is not configured. We recommend adding this setting. Falling back to ozone.metadata.dirs instead.
2025-05-14 09:10:56,520 [om1-SstFilteringService#0] WARN  server.ServerUtils (ServerUtils.java:getDBPath(292)) - ozone.om.db.dirs is not configured. We recommend adding this setting. Falling back to ozone.metadata.dirs instead.
2025-05-14 09:10:57,162 [main] INFO  service.TestKeyDeletingService (TestKeyDeletingService.java:lambda$assertTableRowCount$1(751)) - deletedTable actual row count=2, expectedCount=2
2025-05-14 09:10:57,163 [main] INFO  service.TestKeyDeletingService (TestKeyDeletingService.java:lambda$assertTableRowCount$1(751)) - snapshotRenamedTable actual row count=1, expectedCount=1
2025-05-14 09:10:57,166 [main] INFO  service.TestKeyDeletingService (TestKeyDeletingService.java:lambda$assertTableRowCount$1(751)) - snapshotInfoTable actual row count=8, expectedCount=8
2025-05-14 09:10:57,184 [om1-OMStateMachineApplyTransactionThread - 0] WARN  snapshot.OMSnapshotCreateRequest (OMSnapshotCreateRequest.java:estimateBucketDataSize(347)) - DefaultReplicationConfig is not correctly set in OmBucketInfo for volume 'testAOSKeyDeletingWithSnapshotCreateParallelExecution' bucket 'bucket634'. Falling back to config default 'RATIS/THREE'
2025-05-14 09:10:57,184 [om1-OMStateMachineApplyTransactionThread - 0] INFO  snapshot.OMSnapshotCreateRequest (OMSnapshotCreateRequest.java:validateAndUpdateCache(225)) - Created snapshot: 'snap636' with snapshotId: '87a3d686-5612-498f-ab34-a4bb5e8dbcca' under path 'testAOSKeyDeletingWithSnapshotCreateParallelExecution/bucket634'
2025-05-14 09:10:57,209 [om1-OMDoubleBufferFlushThread] INFO  db.RDBCheckpointManager (RDBCheckpointManager.java:createCheckpoint(87)) - Created checkpoint in rocksDB at /tmp/junit-15133004818853595098/db.snapshots/checkpointState/om.db-87a3d686-5612-498f-ab34-a4bb5e8dbcca in 23 milliseconds
2025-05-14 09:10:57,210 [om1-OMDoubleBufferFlushThread] WARN  om.OmSnapshotManager (OmSnapshotManager.java:performOperationOnKeys(563)) - Took 203669 ns to find endKey. Caller is deleteKeysFromDelKeyTableInSnapshotScope
2025-05-14 09:10:57,210 [om1-OMDoubleBufferFlushThread] INFO  om.OmSnapshotManager (OmSnapshotManager.java:createOmSnapshotCheckpoint(497)) - Created checkpoint : /tmp/junit-15133004818853595098/db.snapshots/checkpointState/om.db-87a3d686-5612-498f-ab34-a4bb5e8dbcca for snapshot snap636
2025-05-14 09:10:57,489 [om1-SstFilteringService#0] WARN  server.ServerUtils (ServerUtils.java:getDBPath(292)) - ozone.om.db.dirs is not configured. We recommend adding this setting. Falling back to ozone.metadata.dirs instead.
2025-05-14 09:10:57,489 [om1-SstFilteringService#0] WARN  server.ServerUtils (ServerUtils.java:getDBPath(292)) - ozone.om.db.dirs is not configured. We recommend adding this setting. Falling back to ozone.metadata.dirs instead.
2025-05-14 09:10:57,490 [om1-SstFilteringService#0] WARN  server.ServerUtils (ServerUtils.java:getDBPath(292)) - ozone.om.db.dirs is not configured. We recommend adding this setting. Falling back to ozone.metadata.dirs instead.
2025-05-14 09:10:57,490 [om1-SstFilteringService#0] INFO  snapshot.SnapshotCache (SnapshotCache.java:lambda$2(155)) - Loading SnapshotId: '87a3d686-5612-498f-ab34-a4bb5e8dbcca'
2025-05-14 09:10:57,490 [om1-SstFilteringService#0] WARN  server.ServerUtils (ServerUtils.java:getDBPath(292)) - ozone.om.db.dirs is not configured. We recommend adding this setting. Falling back to ozone.metadata.dirs instead.
2025-05-14 09:10:57,517 [om1-SstFilteringService#0] INFO  db.RocksDatabase (RocksDatabase.java:deleteFilesNotMatchingPrefix(870)) - Deleting sst file: /000085.sst with start key: /testSnapshotExclusiveSize/bucket408/key4095 and end key: /testSnapshotExclusiveSize/bucket408/renamedKey22 corresponding to column family keyTable from db: /tmp/junit-15133004818853595098/db.snapshots/checkpointState/om.db-87a3d686-5612-498f-ab34-a4bb5e8dbcca. Prefix for the column family: /testAOSKeyDeletingWithSnapshotCreateParallelExecution/bucket634/.
2025-05-14 09:10:57,519 [om1-SstFilteringService#0] WARN  server.ServerUtils (ServerUtils.java:getDBPath(292)) - ozone.om.db.dirs is not configured. We recommend adding this setting. Falling back to ozone.metadata.dirs instead.
2025-05-14 09:10:57,519 [om1-SstFilteringService#0] WARN  server.ServerUtils (ServerUtils.java:getDBPath(292)) - ozone.om.db.dirs is not configured. We recommend adding this setting. Falling back to ozone.metadata.dirs instead.
2025-05-14 09:10:57,519 [om1-SstFilteringService#0] WARN  server.ServerUtils (ServerUtils.java:getDBPath(292)) - ozone.om.db.dirs is not configured. We recommend adding this setting. Falling back to ozone.metadata.dirs instead.
2025-05-14 09:10:57,519 [om1-SstFilteringService#0] WARN  server.ServerUtils (ServerUtils.java:getDBPath(292)) - ozone.om.db.dirs is not configured. We recommend adding this setting. Falling back to ozone.metadata.dirs instead.
2025-05-14 09:10:57,520 [om1-SstFilteringService#0] WARN  server.ServerUtils (ServerUtils.java:getDBPath(292)) - ozone.om.db.dirs is not configured. We recommend adding this setting. Falling back to ozone.metadata.dirs instead.
2025-05-14 09:10:57,520 [om1-SstFilteringService#0] WARN  server.ServerUtils (ServerUtils.java:getDBPath(292)) - ozone.om.db.dirs is not configured. We recommend adding this setting. Falling back to ozone.metadata.dirs instead.
2025-05-14 09:10:57,520 [om1-SstFilteringService#0] WARN  server.ServerUtils (ServerUtils.java:getDBPath(292)) - ozone.om.db.dirs is not configured. We recommend adding this setting. Falling back to ozone.metadata.dirs instead.
2025-05-14 09:10:58,193 [main] INFO  service.TestKeyDeletingService (TestKeyDeletingService.java:lambda$assertTableRowCount$1(751)) - snapshotInfoTable actual row count=9, expectedCount=9
2025-05-14 09:10:58,210 [om1-OMStateMachineApplyTransactionThread - 0] INFO  snapshot.OMSnapshotDeleteRequest (OMSnapshotDeleteRequest.java:validateAndUpdateCache(229)) - Deleted snapshot 'snap636' under path 'testAOSKeyDeletingWithSnapshotCreateParallelExecution/bucket634'
2025-05-14 09:10:58,213 [om1-OMStateMachineApplyTransactionThread - 0] INFO  snapshot.OMSnapshotDeleteRequest (OMSnapshotDeleteRequest.java:validateAndUpdateCache(229)) - Deleted snapshot 'snap635' under path 'testAOSKeyDeletingWithSnapshotCreateParallelExecution/bucket634'
2025-05-14 09:10:58,214 [main] INFO  service.TestKeyDeletingService (TestKeyDeletingService.java:lambda$assertTableRowCount$1(751)) - snapshotInfoTable actual row count=9, expectedCount=7
2025-05-14 09:10:58,312 [om1-SnapshotDeletingService#0] INFO  service.SnapshotDeletingService (SnapshotDeletingService.java:call(169)) - Started Snapshot Deletion Processing for snapshot : /testAOSKeyDeletingWithSnapshotCreateParallelExecution/bucket634/snap636
2025-05-14 09:10:58,312 [om1-SnapshotDeletingService#0] INFO  service.SnapshotDeletingService (SnapshotDeletingService.java:call(182)) - Snapshot: /testAOSKeyDeletingWithSnapshotCreateParallelExecution/bucket634/snap636 entries will be moved to AOS.
2025-05-14 09:10:58,321 [om1-OMStateMachineApplyTransactionThread - 0] INFO  upgrade.AbstractLayoutVersionManager (AbstractLayoutVersionManager.java:init(80)) - Initializing Layout version manager with metadata layout = DELEGATION_TOKEN_SYMMETRIC_SIGN (version = 8), software layout = DELEGATION_TOKEN_SYMMETRIC_SIGN (version = 8)
2025-05-14 09:10:58,322 [om1-SnapshotDeletingService#0] INFO  service.SnapshotDeletingService (SnapshotDeletingService.java:call(169)) - Started Snapshot Deletion Processing for snapshot : /testAOSKeyDeletingWithSnapshotCreateParallelExecution/bucket634/snap635
2025-05-14 09:10:58,322 [om1-SnapshotDeletingService#0] INFO  service.SnapshotDeletingService (SnapshotDeletingService.java:call(175)) - Skipping Snapshot Deletion processing for : /testAOSKeyDeletingWithSnapshotCreateParallelExecution/bucket634/snap635 because the next snapshot is DELETED.
2025-05-14 09:10:58,412 [om1-SnapshotDeletingService#0] INFO  service.SnapshotDeletingService (SnapshotDeletingService.java:call(169)) - Started Snapshot Deletion Processing for snapshot : /testAOSKeyDeletingWithSnapshotCreateParallelExecution/bucket634/snap636
2025-05-14 09:10:58,412 [om1-SnapshotDeletingService#0] INFO  service.SnapshotDeletingService (SnapshotDeletingService.java:call(182)) - Snapshot: /testAOSKeyDeletingWithSnapshotCreateParallelExecution/bucket634/snap636 entries will be moved to AOS.
2025-05-14 09:10:58,413 [om1-SnapshotDeletingService#0] INFO  service.SnapshotDeletingService (SnapshotDeletingService.java:call(169)) - Started Snapshot Deletion Processing for snapshot : /testAOSKeyDeletingWithSnapshotCreateParallelExecution/bucket634/snap635
2025-05-14 09:10:58,413 [om1-SnapshotDeletingService#0] INFO  service.SnapshotDeletingService (SnapshotDeletingService.java:call(175)) - Skipping Snapshot Deletion processing for : /testAOSKeyDeletingWithSnapshotCreateParallelExecution/bucket634/snap635 because the next snapshot is DELETED.
2025-05-14 09:10:58,414 [om1-OMStateMachineApplyTransactionThread - 0] INFO  snapshot.OMSnapshotPurgeRequest (OMSnapshotPurgeRequest.java:validateAndUpdateCache(124)) - Successfully executed snapshotPurgeRequest: {snapshotDBKeys: "/testAOSKeyDeletingWithSnapshotCreateParallelExecution/bucket634/snap636"
} along with updating snapshots:{}.
2025-05-14 09:10:58,489 [om1-SstFilteringService#0] WARN  server.ServerUtils (ServerUtils.java:getDBPath(292)) - ozone.om.db.dirs is not configured. We recommend adding this setting. Falling back to ozone.metadata.dirs instead.
2025-05-14 09:10:58,490 [om1-SstFilteringService#0] WARN  server.ServerUtils (ServerUtils.java:getDBPath(292)) - ozone.om.db.dirs is not configured. We recommend adding this setting. Falling back to ozone.metadata.dirs instead.
2025-05-14 09:10:58,490 [om1-SstFilteringService#0] WARN  server.ServerUtils (ServerUtils.java:getDBPath(292)) - ozone.om.db.dirs is not configured. We recommend adding this setting. Falling back to ozone.metadata.dirs instead.
2025-05-14 09:10:58,490 [om1-SstFilteringService#0] WARN  server.ServerUtils (ServerUtils.java:getDBPath(292)) - ozone.om.db.dirs is not configured. We recommend adding this setting. Falling back to ozone.metadata.dirs instead.
2025-05-14 09:10:58,490 [om1-SstFilteringService#0] WARN  server.ServerUtils (ServerUtils.java:getDBPath(292)) - ozone.om.db.dirs is not configured. We recommend adding this setting. Falling back to ozone.metadata.dirs instead.
2025-05-14 09:10:58,490 [om1-SstFilteringService#0] WARN  server.ServerUtils (ServerUtils.java:getDBPath(292)) - ozone.om.db.dirs is not configured. We recommend adding this setting. Falling back to ozone.metadata.dirs instead.
2025-05-14 09:10:58,491 [om1-SstFilteringService#0] WARN  server.ServerUtils (ServerUtils.java:getDBPath(292)) - ozone.om.db.dirs is not configured. We recommend adding this setting. Falling back to ozone.metadata.dirs instead.
2025-05-14 09:10:58,491 [om1-SstFilteringService#0] WARN  server.ServerUtils (ServerUtils.java:getDBPath(292)) - ozone.om.db.dirs is not configured. We recommend adding this setting. Falling back to ozone.metadata.dirs instead.
2025-05-14 09:10:58,512 [om1-SnapshotDeletingService#0] INFO  service.SnapshotDeletingService (SnapshotDeletingService.java:call(169)) - Started Snapshot Deletion Processing for snapshot : /testAOSKeyDeletingWithSnapshotCreateParallelExecution/bucket634/snap635
2025-05-14 09:10:58,512 [om1-SnapshotDeletingService#0] INFO  service.SnapshotDeletingService (SnapshotDeletingService.java:call(182)) - Snapshot: /testAOSKeyDeletingWithSnapshotCreateParallelExecution/bucket634/snap635 entries will be moved to AOS.
2025-05-14 09:10:58,514 [om1-OMStateMachineApplyTransactionThread - 0] INFO  snapshot.OMSnapshotPurgeRequest (OMSnapshotPurgeRequest.java:validateAndUpdateCache(124)) - Successfully executed snapshotPurgeRequest: {snapshotDBKeys: "/testAOSKeyDeletingWithSnapshotCreateParallelExecution/bucket634/snap635"
} along with updating snapshots:{}.
2025-05-14 09:10:59,214 [main] INFO  service.TestKeyDeletingService (TestKeyDeletingService.java:lambda$assertTableRowCount$1(751)) - snapshotInfoTable actual row count=7, expectedCount=7
]]></system-out>
  </testcase>
</testsuite>